{"target": 0.9109253951947017, "params": {"C": 1253.3656892786303, "epsilon": 0.11115340220045741, "gamma": 0.0909269090734656, "lamda": 0.10833125638802743}, "datetime": {"datetime": "2021-09-23 12:12:12", "elapsed": 608.863801, "delta": 4.685004}}
