{"target": 0.9121576229889964, "params": {"C": 598.7179058916205, "epsilon": 0.1743298156652331, "gamma": 0.08963844417031708, "lamda": 0.07220678429964145}, "datetime": {"datetime": "2021-09-23 11:03:42", "elapsed": 7.8668, "delta": 0.403984}}
{"target": 0.9176110416086538, "params": {"C": 685.9234690312675, "epsilon": 0.33117153867645127, "gamma": 0.0734130000738092, "lamda": 0.0649700073480548}, "datetime": {"datetime": "2021-09-23 11:03:43", "elapsed": 8.297058, "delta": 0.430258}}
{"target": 0.9088066963172214, "params": {"C": 699.2420273312907, "epsilon": 0.12313207879934004, "gamma": 0.08833315399998504, "lamda": 0.06979351086953342}, "datetime": {"datetime": "2021-09-23 11:03:43", "elapsed": 8.790164, "delta": 0.493106}}
{"target": 0.9134388428435831, "params": {"C": 651.764190815836, "epsilon": 0.1605410418047008, "gamma": 0.08990432771489375, "lamda": 0.10097741177539914}, "datetime": {"datetime": "2021-09-23 11:03:44", "elapsed": 9.27212, "delta": 0.481956}}
{"target": 0.9180529141983481, "params": {"C": 604.4912407457714, "epsilon": 0.14080197229474042, "gamma": 0.061908508632606045, "lamda": 0.11837894511534532}, "datetime": {"datetime": "2021-09-23 11:03:44", "elapsed": 9.651696, "delta": 0.379576}}
{"target": 0.913164891747103, "params": {"C": 728.6233809902084, "epsilon": 0.3248703327077297, "gamma": 0.0869367170985006, "lamda": 0.1387099692976851}, "datetime": {"datetime": "2021-09-23 11:03:44", "elapsed": 10.063946, "delta": 0.41225}}
{"target": 0.9163566283235814, "params": {"C": 737.5879745105992, "epsilon": 0.1262052596488611, "gamma": 0.07920007555538568, "lamda": 0.12670691109632298}, "datetime": {"datetime": "2021-09-23 11:03:45", "elapsed": 10.450554, "delta": 0.386608}}
{"target": 0.9148085017760083, "params": {"C": 712.2984799644621, "epsilon": 0.28010620400404795, "gamma": 0.08510282191076121, "lamda": 0.12435437807682329}, "datetime": {"datetime": "2021-09-23 11:03:45", "elapsed": 10.870261, "delta": 0.419707}}
{"target": 0.9157359065611921, "params": {"C": 646.5445086805094, "epsilon": 0.19851718827693485, "gamma": 0.06017803929212564, "lamda": 0.046538762928972854}, "datetime": {"datetime": "2021-09-23 11:03:46", "elapsed": 11.318261, "delta": 0.448}}
{"target": 0.916478838190468, "params": {"C": 596.2112598246686, "epsilon": 0.23722828060189832, "gamma": 0.06017733187225794, "lamda": 0.11756176703188465}, "datetime": {"datetime": "2021-09-23 11:03:46", "elapsed": 11.71426, "delta": 0.395999}}
{"target": 0.9126946275373118, "params": {"C": 619.8850457318299, "epsilon": 0.13195482431420077, "gamma": 0.07038623831425898, "lamda": 0.04748041294240071}, "datetime": {"datetime": "2021-09-23 11:03:47", "elapsed": 12.227202, "delta": 0.512942}}
{"target": 0.9155282695048215, "params": {"C": 730.7936187270171, "epsilon": 0.24583322871243735, "gamma": 0.08433539468445844, "lamda": 0.07669899292906028}, "datetime": {"datetime": "2021-09-23 11:03:47", "elapsed": 12.637402, "delta": 0.4102}}
{"target": 0.9132855481209879, "params": {"C": 669.0489028673571, "epsilon": 0.29638091012374496, "gamma": 0.06979009425189489, "lamda": 0.16551941378248106}, "datetime": {"datetime": "2021-09-23 11:03:48", "elapsed": 13.2404, "delta": 0.602998}}
{"target": 0.9146313775731445, "params": {"C": 589.1843394191252, "epsilon": 0.2508750536771499, "gamma": 0.06910285059663737, "lamda": 0.16596373137851556}, "datetime": {"datetime": "2021-09-23 11:03:48", "elapsed": 13.6764, "delta": 0.436}}
{"target": 0.915011574974061, "params": {"C": 692.1989299643049, "epsilon": 0.19057140703091116, "gamma": 0.08024849286978139, "lamda": 0.06903192729417976}, "datetime": {"datetime": "2021-09-23 11:03:49", "elapsed": 14.299375, "delta": 0.622975}}
{"target": 0.9166141361768145, "params": {"C": 585.6709358053578, "epsilon": 0.20623615172102547, "gamma": 0.0783082328843436, "lamda": 0.07589672068343677}, "datetime": {"datetime": "2021-09-23 11:03:49", "elapsed": 14.789253, "delta": 0.489878}}
{"target": 0.9142763733217284, "params": {"C": 722.7538000014719, "epsilon": 0.0879159968961073, "gamma": 0.08440897034762286, "lamda": 0.1572787345416714}, "datetime": {"datetime": "2021-09-23 11:03:50", "elapsed": 15.307301, "delta": 0.518048}}
{"target": 0.9162291415337631, "params": {"C": 627.5272528156239, "epsilon": 0.31409436517635064, "gamma": 0.08034623866945201, "lamda": 0.056895672695092325}, "datetime": {"datetime": "2021-09-23 11:03:50", "elapsed": 15.75029, "delta": 0.442989}}
{"target": 0.9148937093132423, "params": {"C": 618.0413108669549, "epsilon": 0.28416029909668233, "gamma": 0.08779248533311666, "lamda": 0.0740055087122167}, "datetime": {"datetime": "2021-09-23 11:03:51", "elapsed": 16.239604, "delta": 0.489314}}
{"target": 0.9146742047441911, "params": {"C": 681.2099026613878, "epsilon": 0.1539820953975074, "gamma": 0.07924202232496654, "lamda": 0.07276337501405983}, "datetime": {"datetime": "2021-09-23 11:03:51", "elapsed": 16.726971, "delta": 0.487367}}
{"target": 0.910866222415596, "params": {"C": 699.2282155458172, "epsilon": 0.0905666254751626, "gamma": 0.08171436579058233, "lamda": 0.08815192594542853}, "datetime": {"datetime": "2021-09-23 11:03:52", "elapsed": 17.288738, "delta": 0.561767}}
{"target": 0.9171782673864225, "params": {"C": 738.9424090805577, "epsilon": 0.0953253930301008, "gamma": 0.06061841623231446, "lamda": 0.10817647378493479}, "datetime": {"datetime": "2021-09-23 11:03:52", "elapsed": 18.004741, "delta": 0.716003}}
{"target": 0.9161602225041074, "params": {"C": 766.6045453187427, "epsilon": 0.2630094302576159, "gamma": 0.08279721268066649, "lamda": 0.08054459962861632}, "datetime": {"datetime": "2021-09-23 11:03:53", "elapsed": 18.543402, "delta": 0.538661}}
{"target": 0.9170102076788341, "params": {"C": 692.132621967867, "epsilon": 0.1647591486718996, "gamma": 0.0666534808976819, "lamda": 0.16996445987957592}, "datetime": {"datetime": "2021-09-23 11:03:54", "elapsed": 19.253404, "delta": 0.710002}}
{"target": 0.9159563015874084, "params": {"C": 719.8825736474987, "epsilon": 0.2913084705765956, "gamma": 0.07895196533552834, "lamda": 0.11065763308089699}, "datetime": {"datetime": "2021-09-23 11:03:54", "elapsed": 19.88237, "delta": 0.628966}}
{"target": 0.9178770034171289, "params": {"C": 738.88785789953, "epsilon": 0.214019347989544, "gamma": 0.0687508240663304, "lamda": 0.10822105922308543}, "datetime": {"datetime": "2021-09-23 11:03:55", "elapsed": 20.441459, "delta": 0.559089}}
{"target": 0.9165745511743894, "params": {"C": 738.8593334331623, "epsilon": 0.1805690522447086, "gamma": 0.07369934383724662, "lamda": 0.1682850790075182}, "datetime": {"datetime": "2021-09-23 11:03:55", "elapsed": 20.941795, "delta": 0.500336}}
{"target": 0.9123554608008502, "params": {"C": 604.5672889544179, "epsilon": 0.10903145533526047, "gamma": 0.0861272997272437, "lamda": 0.09727790690193956}, "datetime": {"datetime": "2021-09-23 11:03:56", "elapsed": 21.522797, "delta": 0.581002}}
{"target": 0.9176358633643159, "params": {"C": 604.4333521119098, "epsilon": 0.16500164137348317, "gamma": 0.06, "lamda": 0.13444023359639246}, "datetime": {"datetime": "2021-09-23 11:03:56", "elapsed": 22.026831, "delta": 0.504034}}
{"target": 0.9169193656898619, "params": {"C": 692.0969123455931, "epsilon": 0.08355895152625731, "gamma": 0.06359510531944956, "lamda": 0.12087596635553008}, "datetime": {"datetime": "2021-09-23 11:03:57", "elapsed": 22.553069, "delta": 0.526238}}
{"target": 0.914126937463601, "params": {"C": 738.9112618529282, "epsilon": 0.15574428211187497, "gamma": 0.06790023647083747, "lamda": 0.04748240406433074}, "datetime": {"datetime": "2021-09-23 11:03:57", "elapsed": 23.111283, "delta": 0.558214}}
{"target": 0.9138135520560918, "params": {"C": 604.4471651782585, "epsilon": 0.1057202038444017, "gamma": 0.07804711286266455, "lamda": 0.08645951675904236}, "datetime": {"datetime": "2021-09-23 11:03:58", "elapsed": 23.697249, "delta": 0.585966}}
{"target": 0.9175847590981453, "params": {"C": 738.9374952608949, "epsilon": 0.17771877531620928, "gamma": 0.07353076547444419, "lamda": 0.13082688007720097}, "datetime": {"datetime": "2021-09-23 11:03:59", "elapsed": 24.267864, "delta": 0.570615}}
{"target": 0.9178520777264568, "params": {"C": 604.4854937089162, "epsilon": 0.2338901181658743, "gamma": 0.06627721244182903, "lamda": 0.09987458608492464}, "datetime": {"datetime": "2021-09-23 11:03:59", "elapsed": 24.991663, "delta": 0.723799}}
{"target": 0.9168995899309501, "params": {"C": 604.4981275546511, "epsilon": 0.20492393891333616, "gamma": 0.07359247114386754, "lamda": 0.14025298218461596}, "datetime": {"datetime": "2021-09-23 11:04:00", "elapsed": 25.772664, "delta": 0.781001}}
{"target": 0.9147072140270736, "params": {"C": 692.2430552400499, "epsilon": 0.12142009261668743, "gamma": 0.08747122885774443, "lamda": 0.15144383583307283}, "datetime": {"datetime": "2021-09-23 11:04:01", "elapsed": 26.346439, "delta": 0.573775}}
{"target": 0.915470245720223, "params": {"C": 645.0185623106519, "epsilon": 0.22753247711321248, "gamma": 0.07590592349202495, "lamda": 0.1605161362605062}, "datetime": {"datetime": "2021-09-23 11:04:01", "elapsed": 26.884405, "delta": 0.537966}}
{"target": 0.9156470148406953, "params": {"C": 635.0775500120359, "epsilon": 0.2675969008003216, "gamma": 0.06528825120075198, "lamda": 0.1306520368754834}, "datetime": {"datetime": "2021-09-23 11:04:02", "elapsed": 27.425977, "delta": 0.541572}}
{"target": 0.9180463864359323, "params": {"C": 729.0362786558952, "epsilon": 0.13508273083043854, "gamma": 0.06904233044666586, "lamda": 0.16006655802270087}, "datetime": {"datetime": "2021-09-23 11:04:02", "elapsed": 28.052028, "delta": 0.626051}}
{"target": 0.916291742602795, "params": {"C": 729.0344455940523, "epsilon": 0.1132834631866387, "gamma": 0.06827329159564555, "lamda": 0.08499591583114097}, "datetime": {"datetime": "2021-09-23 11:04:03", "elapsed": 28.665638, "delta": 0.61361}}
{"target": 0.9177429701898778, "params": {"C": 604.4627761614668, "epsilon": 0.18804869274459243, "gamma": 0.06201729949797165, "lamda": 0.07693818111560317}, "datetime": {"datetime": "2021-09-23 11:04:04", "elapsed": 29.204628, "delta": 0.53899}}
{"target": 0.9182527349360871, "params": {"C": 750.3809770825651, "epsilon": 0.12070329480931329, "gamma": 0.06872311700834842, "lamda": 0.13418519351447114}, "datetime": {"datetime": "2021-09-23 11:04:04", "elapsed": 29.79063, "delta": 0.586002}}
{"target": 0.9137645351055743, "params": {"C": 749.1691949922277, "epsilon": 0.17745007071717678, "gamma": 0.08432620916099101, "lamda": 0.07400786352430087}, "datetime": {"datetime": "2021-09-23 11:04:05", "elapsed": 30.403455, "delta": 0.612825}}
{"target": 0.9149294054880799, "params": {"C": 766.8639005290761, "epsilon": 0.13290108838787026, "gamma": 0.08779593889042805, "lamda": 0.15781402271794887}, "datetime": {"datetime": "2021-09-23 11:04:05", "elapsed": 31.037456, "delta": 0.634001}}
{"target": 0.9170792226526111, "params": {"C": 750.3401912629963, "epsilon": 0.10653746716168579, "gamma": 0.06188051578208497, "lamda": 0.094765137546097}, "datetime": {"datetime": "2021-09-23 11:04:06", "elapsed": 31.807458, "delta": 0.770002}}
{"target": 0.9152932542324694, "params": {"C": 675.6395335920043, "epsilon": 0.2758630205964383, "gamma": 0.08522532889049711, "lamda": 0.11192612353366724}, "datetime": {"datetime": "2021-09-23 11:04:07", "elapsed": 32.389639, "delta": 0.582181}}
{"target": 0.915864069463846, "params": {"C": 750.4509295640062, "epsilon": 0.1085447692650551, "gamma": 0.07820461181526078, "lamda": 0.12537275267676828}, "datetime": {"datetime": "2021-09-23 11:04:07", "elapsed": 33.143149, "delta": 0.75351}}
{"target": 0.9181810743981385, "params": {"C": 747.3236387345269, "epsilon": 0.17735496530414271, "gamma": 0.06903127265421408, "lamda": 0.09371370147055742}, "datetime": {"datetime": "2021-09-23 11:04:08", "elapsed": 33.903139, "delta": 0.75999}}
{"target": 0.9171040057385479, "params": {"C": 747.282897618245, "epsilon": 0.1846899301025021, "gamma": 0.06849286888796599, "lamda": 0.15137501845302337}, "datetime": {"datetime": "2021-09-23 11:04:09", "elapsed": 34.670307, "delta": 0.767168}}
{"target": 0.9171658567761394, "params": {"C": 728.9764222346444, "epsilon": 0.07188744708908587, "gamma": 0.06694511974354722, "lamda": 0.14756754954676357}, "datetime": {"datetime": "2021-09-23 11:04:10", "elapsed": 35.348439, "delta": 0.678132}}
{"target": 0.9176375769036825, "params": {"C": 750.3484057130836, "epsilon": 0.1912536254923967, "gamma": 0.0694707896612379, "lamda": 0.1302421320227085}, "datetime": {"datetime": "2021-09-23 11:04:10", "elapsed": 36.000447, "delta": 0.652008}}
{"target": 0.9160172755780599, "params": {"C": 669.2693640388459, "epsilon": 0.07223077078267191, "gamma": 0.061361957038487826, "lamda": 0.12219428076686431}, "datetime": {"datetime": "2021-09-23 11:04:11", "elapsed": 36.542548, "delta": 0.542101}}
{"target": 0.9176972631140969, "params": {"C": 644.9137091766361, "epsilon": 0.18998602707137174, "gamma": 0.07413438088883645, "lamda": 0.10740156439255395}, "datetime": {"datetime": "2021-09-23 11:04:11", "elapsed": 37.156721, "delta": 0.614173}}
{"target": 0.9139532933422981, "params": {"C": 663.2121449875572, "epsilon": 0.2631499957800745, "gamma": 0.0632739326777727, "lamda": 0.1595317492224805}, "datetime": {"datetime": "2021-09-23 11:04:12", "elapsed": 37.74313, "delta": 0.586409}}
{"target": 0.9073671632031656, "params": {"C": 747.2757308251365, "epsilon": 0.10781852655499272, "gamma": 0.08832244666851918, "lamda": 0.07246983307921659}, "datetime": {"datetime": "2021-09-23 11:04:13", "elapsed": 38.399142, "delta": 0.656012}}
{"target": 0.9153722287808597, "params": {"C": 738.9220013578635, "epsilon": 0.09796186431333051, "gamma": 0.08256385126063101, "lamda": 0.15751688478775205}, "datetime": {"datetime": "2021-09-23 11:04:13", "elapsed": 39.154019, "delta": 0.754877}}
{"target": 0.9181666054245224, "params": {"C": 784.300334823331, "epsilon": 0.32709610114745363, "gamma": 0.06259416419511515, "lamda": 0.0576875359841552}, "datetime": {"datetime": "2021-09-23 11:04:14", "elapsed": 39.749021, "delta": 0.595002}}
{"target": 0.9175659637380646, "params": {"C": 677.7266046479282, "epsilon": 0.18592823924716378, "gamma": 0.06938780365113173, "lamda": 0.1366785406267596}, "datetime": {"datetime": "2021-09-23 11:04:15", "elapsed": 40.419445, "delta": 0.670424}}
{"target": 0.9179245240920607, "params": {"C": 591.6944985851027, "epsilon": 0.2267624296126786, "gamma": 0.06268288853923613, "lamda": 0.07200991334554593}, "datetime": {"datetime": "2021-09-23 11:04:15", "elapsed": 41.028279, "delta": 0.608834}}
{"target": 0.9182555276519994, "params": {"C": 747.3536602473342, "epsilon": 0.1449382913805385, "gamma": 0.06206084565395409, "lamda": 0.13554897959847323}, "datetime": {"datetime": "2021-09-23 11:04:16", "elapsed": 41.80026, "delta": 0.771981}}
{"target": 0.9168763243505844, "params": {"C": 644.9599993914624, "epsilon": 0.15972633217012405, "gamma": 0.06, "lamda": 0.07075706233527135}, "datetime": {"datetime": "2021-09-23 11:04:17", "elapsed": 42.486772, "delta": 0.686512}}
{"target": 0.9154172908868626, "params": {"C": 729.0111617947301, "epsilon": 0.1801691262019402, "gamma": 0.08558918261561717, "lamda": 0.15698554741932227}, "datetime": {"datetime": "2021-09-23 11:04:18", "elapsed": 43.235938, "delta": 0.749166}}
{"target": 0.9147916607535227, "params": {"C": 641.7342947135494, "epsilon": 0.26714362548987086, "gamma": 0.0736359987299476, "lamda": 0.15533153730099253}, "datetime": {"datetime": "2021-09-23 11:04:18", "elapsed": 43.827939, "delta": 0.592001}}
{"target": 0.9179599168159855, "params": {"C": 692.1445208408588, "epsilon": 0.1274357205069031, "gamma": 0.06, "lamda": 0.10564465057639395}, "datetime": {"datetime": "2021-09-23 11:04:19", "elapsed": 44.64953, "delta": 0.821591}}
{"target": 0.9159475144537695, "params": {"C": 749.3212432749194, "epsilon": 0.18964548818869004, "gamma": 0.0815578752047179, "lamda": 0.0897832679587394}, "datetime": {"datetime": "2021-09-23 11:04:20", "elapsed": 45.475445, "delta": 0.825915}}
{"target": 0.9163401060510513, "params": {"C": 750.3178553848203, "epsilon": 0.1482992866945511, "gamma": 0.08172517747999289, "lamda": 0.13191112412059738}, "datetime": {"datetime": "2021-09-23 11:04:21", "elapsed": 46.346154, "delta": 0.870709}}
{"target": 0.9168922111540861, "params": {"C": 604.4331655885939, "epsilon": 0.2144139798035492, "gamma": 0.0786193156287471, "lamda": 0.11424925755735264}, "datetime": {"datetime": "2021-09-23 11:04:21", "elapsed": 46.926531, "delta": 0.580377}}
{"target": 0.9183081114952534, "params": {"C": 749.3078265090771, "epsilon": 0.1319305457652293, "gamma": 0.06503507451532833, "lamda": 0.10332889525325621}, "datetime": {"datetime": "2021-09-23 11:04:22", "elapsed": 47.634317, "delta": 0.707786}}
{"target": 0.9094098114693364, "params": {"C": 749.345391869395, "epsilon": 0.10960391301988437, "gamma": 0.08834127421181207, "lamda": 0.08807989765241206}, "datetime": {"datetime": "2021-09-23 11:04:23", "elapsed": 48.405189, "delta": 0.770872}}
{"target": 0.9178620564723822, "params": {"C": 749.3031944268347, "epsilon": 0.15775217024460408, "gamma": 0.0653663303398504, "lamda": 0.14768366144776846}, "datetime": {"datetime": "2021-09-23 11:04:23", "elapsed": 49.04118, "delta": 0.635991}}
{"target": 0.9174348563153714, "params": {"C": 747.3347737353226, "epsilon": 0.1741133988523772, "gamma": 0.07049166652888311, "lamda": 0.1496970275785694}, "datetime": {"datetime": "2021-09-23 11:04:24", "elapsed": 49.698186, "delta": 0.657006}}
{"target": 0.9183969861785621, "params": {"C": 748.1335032802092, "epsilon": 0.20747401783612418, "gamma": 0.06504618017993473, "lamda": 0.08664892935813681}, "datetime": {"datetime": "2021-09-23 11:04:25", "elapsed": 50.337122, "delta": 0.638936}}
{"target": 0.916711345809153, "params": {"C": 748.1073175302555, "epsilon": 0.200400734322962, "gamma": 0.060800262748581115, "lamda": 0.1350524971636628}, "datetime": {"datetime": "2021-09-23 11:04:25", "elapsed": 51.060277, "delta": 0.723155}}
{"target": 0.9148815813027661, "params": {"C": 729.0261638887835, "epsilon": 0.0922602614936843, "gamma": 0.08457669573840548, "lamda": 0.16941187812402353}, "datetime": {"datetime": "2021-09-23 11:04:26", "elapsed": 51.840278, "delta": 0.780001}}
{"target": 0.9157587783189134, "params": {"C": 692.1770471921803, "epsilon": 0.08180462794992369, "gamma": 0.06387228801483866, "lamda": 0.10286161612662872}, "datetime": {"datetime": "2021-09-23 11:04:27", "elapsed": 52.554388, "delta": 0.71411}}
{"target": 0.9146842561377238, "params": {"C": 771.7106796373223, "epsilon": 0.283196792816512, "gamma": 0.08524787369481272, "lamda": 0.12568849313060254}, "datetime": {"datetime": "2021-09-23 11:04:27", "elapsed": 53.129549, "delta": 0.575161}}
{"target": 0.9156726862972699, "params": {"C": 692.1414115107157, "epsilon": 0.08970030997003028, "gamma": 0.0811874508948715, "lamda": 0.16970261487872446}, "datetime": {"datetime": "2021-09-23 11:04:28", "elapsed": 53.870548, "delta": 0.740999}}
{"target": 0.9179686348869897, "params": {"C": 749.2849992863497, "epsilon": 0.19010337713457426, "gamma": 0.06807897901231619, "lamda": 0.11892265215263513}, "datetime": {"datetime": "2021-09-23 11:04:29", "elapsed": 54.688055, "delta": 0.817507}}
{"target": 0.9158356803256943, "params": {"C": 749.2755730704079, "epsilon": 0.15784284598491347, "gamma": 0.08315153931727642, "lamda": 0.11710377010652923}, "datetime": {"datetime": "2021-09-23 11:04:30", "elapsed": 55.41354, "delta": 0.725485}}
{"target": 0.9143950433490005, "params": {"C": 601.1957892555661, "epsilon": 0.2123168139041356, "gamma": 0.0872937647470458, "lamda": 0.0800012694152168}, "datetime": {"datetime": "2021-09-23 11:04:30", "elapsed": 56.023514, "delta": 0.609974}}
{"target": 0.9173869334895349, "params": {"C": 748.148962657584, "epsilon": 0.1697309651911153, "gamma": 0.06074643101006966, "lamda": 0.06480515622799907}, "datetime": {"datetime": "2021-09-23 11:04:31", "elapsed": 56.768357, "delta": 0.744843}}
{"target": 0.9178454876370377, "params": {"C": 692.1530468511617, "epsilon": 0.1559015384332567, "gamma": 0.07307533433211007, "lamda": 0.1249647461234905}, "datetime": {"datetime": "2021-09-23 11:04:32", "elapsed": 57.486479, "delta": 0.718122}}
{"target": 0.9172597815800582, "params": {"C": 605.41141178535, "epsilon": 0.2330673643688511, "gamma": 0.06946461645216212, "lamda": 0.11712963336696958}, "datetime": {"datetime": "2021-09-23 11:04:32", "elapsed": 58.15044, "delta": 0.663961}}
{"target": 0.9173951425494289, "params": {"C": 750.3846202335659, "epsilon": 0.16184740224480576, "gamma": 0.06121279919927116, "lamda": 0.14843080396867384}, "datetime": {"datetime": "2021-09-23 11:04:33", "elapsed": 58.809128, "delta": 0.658688}}
{"target": 0.9171709801860695, "params": {"C": 604.4804828575695, "epsilon": 0.15488107711135862, "gamma": 0.060061891966405836, "lamda": 0.15714921916278607}, "datetime": {"datetime": "2021-09-23 11:04:34", "elapsed": 59.515122, "delta": 0.705994}}
{"target": 0.9096020549582282, "params": {"C": 750.3757742913142, "epsilon": 0.14202948258034825, "gamma": 0.08917545333105062, "lamda": 0.07196402923171842}, "datetime": {"datetime": "2021-09-23 11:04:35", "elapsed": 60.187734, "delta": 0.672612}}
{"target": 0.915121169672007, "params": {"C": 784.2903151170224, "epsilon": 0.33182929863484956, "gamma": 0.06429334018897925, "lamda": 0.11247426449562191}, "datetime": {"datetime": "2021-09-23 11:04:35", "elapsed": 60.922757, "delta": 0.735023}}
{"target": 0.911486077324843, "params": {"C": 635.109951313533, "epsilon": 0.1918368526281718, "gamma": 0.08901429863919046, "lamda": 0.0597327421308379}, "datetime": {"datetime": "2021-09-23 11:04:36", "elapsed": 61.61776, "delta": 0.695003}}
{"target": 0.9177978836320945, "params": {"C": 644.9243973290911, "epsilon": 0.1630432723295817, "gamma": 0.06473215508992931, "lamda": 0.14455174182940855}, "datetime": {"datetime": "2021-09-23 11:04:37", "elapsed": 62.386566, "delta": 0.768806}}
