{"target": 0.9123992193391149, "params": {"C": 1575.1488534322239, "epsilon": 0.6073747166836607, "gamma": 0.05086945098826015, "lamda": 0.15065843218991296}, "datetime": {"datetime": "2021-09-24 08:30:01", "elapsed": 597.977286, "delta": 1.818385}}
{"target": 0.9183854433267818, "params": {"C": 1429.785936675784, "epsilon": 0.2356795046712035, "gamma": 0.04880396475141729, "lamda": 0.21176946326117455}, "datetime": {"datetime": "2021-09-24 08:30:04", "elapsed": 600.195119, "delta": 2.217833}}
{"target": 0.9304229609138284, "params": {"C": 1440.422448457335, "epsilon": 0.18547280400277338, "gamma": 0.03287354621570304, "lamda": 0.042613698204143624}, "datetime": {"datetime": "2021-09-24 08:30:06", "elapsed": 602.682148, "delta": 2.487029}}
{"target": 0.8945654062194155, "params": {"C": 1583.7217238276287, "epsilon": 0.7625464369206273, "gamma": 0.0509488469855701, "lamda": 0.34302283005940093}, "datetime": {"datetime": "2021-09-24 08:30:08", "elapsed": 604.800092, "delta": 2.117944}}
{"target": 0.9179333306596842, "params": {"C": 1355.1607653889807, "epsilon": 0.0933037511626517, "gamma": 0.05909421212673848, "lamda": 0.3655517941965795}, "datetime": {"datetime": "2021-09-24 08:30:11", "elapsed": 607.039177, "delta": 2.239085}}
{"target": 0.9206061356580569, "params": {"C": 1340.4865471196565, "epsilon": 0.3105738005787584, "gamma": 0.06249675949913264, "lamda": 0.03897689941531229}, "datetime": {"datetime": "2021-09-24 08:30:15", "elapsed": 611.499157, "delta": 4.45998}}
{"target": 0.9078867964046942, "params": {"C": 1340.5216011316538, "epsilon": 0.2244561281932482, "gamma": 0.013682582236332595, "lamda": 0.0468752572239913}, "datetime": {"datetime": "2021-09-24 08:30:18", "elapsed": 614.762343, "delta": 3.263186}}
{"target": 0.8846528980143238, "params": {"C": 1450.0774983270112, "epsilon": 0.9644575409170655, "gamma": 0.06411579715767467, "lamda": 0.3585044260933558}, "datetime": {"datetime": "2021-09-24 08:30:20", "elapsed": 616.838233, "delta": 2.07589}}
{"target": 0.9254689753830587, "params": {"C": 1407.4314183374497, "epsilon": 0.0734524091146469, "gamma": 0.02797433938244636, "lamda": 0.1697079765790409}, "datetime": {"datetime": "2021-09-24 08:30:23", "elapsed": 619.029833, "delta": 2.1916}}
{"target": 0.9180885585578905, "params": {"C": 1396.9796139626199, "epsilon": 0.11582288690444273, "gamma": 0.06203040793346872, "lamda": 0.06330040971721161}, "datetime": {"datetime": "2021-09-24 08:30:26", "elapsed": 622.86479, "delta": 3.834957}}
{"target": 0.915930143712593, "params": {"C": 1369.064796092387, "epsilon": 0.052655453672110324, "gamma": 0.030387483453436802, "lamda": 0.005625015942172776}, "datetime": {"datetime": "2021-09-24 08:30:31", "elapsed": 627.208309, "delta": 4.343519}}
{"target": 0.9255384441200643, "params": {"C": 1367.699212301657, "epsilon": 0.34370528454664095, "gamma": 0.050014153277027885, "lamda": 0.02139042659419615}, "datetime": {"datetime": "2021-09-24 08:30:34", "elapsed": 630.178418, "delta": 2.970109}}
{"target": 0.8884781667211614, "params": {"C": 1568.6847936545619, "epsilon": 0.4209701057373354, "gamma": 0.01817534689809938, "lamda": 0.2934711926578111}, "datetime": {"datetime": "2021-09-24 08:30:36", "elapsed": 632.567912, "delta": 2.389494}}
{"target": 0.9173498228371759, "params": {"C": 1434.19704681686, "epsilon": 0.2691927531282823, "gamma": 0.0647221011810329, "lamda": 0.13018385874937466}, "datetime": {"datetime": "2021-09-24 08:30:39", "elapsed": 635.664392, "delta": 3.09648}}
{"target": 0.9239538542278322, "params": {"C": 1378.028284561372, "epsilon": 0.2589188678170241, "gamma": 0.03170738383905766, "lamda": 0.07802651433134082}, "datetime": {"datetime": "2021-09-24 08:30:42", "elapsed": 638.148817, "delta": 2.484425}}
{"target": 0.9156498884373963, "params": {"C": 1306.1413272500868, "epsilon": 0.12607003934949038, "gamma": 0.07, "lamda": 0.22475604208482874}, "datetime": {"datetime": "2021-09-24 08:30:45", "elapsed": 641.893076, "delta": 3.744259}}
{"target": 0.9076626958986291, "params": {"C": 1408.3261750449115, "epsilon": 0.1317701354554155, "gamma": 0.022001674469693838, "lamda": 0.3563799668784012}, "datetime": {"datetime": "2021-09-24 08:30:48", "elapsed": 644.962289, "delta": 3.069213}}
{"target": 0.9281929155811534, "params": {"C": 1440.4026781731852, "epsilon": 0.24158291381877894, "gamma": 0.02787198592339977, "lamda": 0.013823807025572926}, "datetime": {"datetime": "2021-09-24 08:30:52", "elapsed": 648.441914, "delta": 3.479625}}
{"target": 0.9256605809887952, "params": {"C": 1425.8764666801137, "epsilon": 0.0976602646264208, "gamma": 0.05199784237164949, "lamda": 0.11682949773793883}, "datetime": {"datetime": "2021-09-24 08:30:56", "elapsed": 652.219462, "delta": 3.777548}}
{"target": 0.9096530792441379, "params": {"C": 1544.2781717971588, "epsilon": 0.7405837294882137, "gamma": 0.04489020386542871, "lamda": 0.15575402100550093}, "datetime": {"datetime": "2021-09-24 08:30:58", "elapsed": 654.525198, "delta": 2.305736}}
{"target": 0.913253932141533, "params": {"C": 1470.213483821358, "epsilon": 0.4936029532388031, "gamma": 0.031205781421421427, "lamda": 0.12440107137737934}, "datetime": {"datetime": "2021-09-24 08:31:00", "elapsed": 656.980275, "delta": 2.455077}}
{"target": 0.9069925410560746, "params": {"C": 1580.8074971912151, "epsilon": 0.303491098424829, "gamma": 0.03037152079194417, "lamda": 0.319142755469297}, "datetime": {"datetime": "2021-09-24 08:31:03", "elapsed": 659.131879, "delta": 2.151604}}
{"target": 0.9021740322510019, "params": {"C": 1348.7735012098403, "epsilon": 0.42947172116375987, "gamma": 0.012633764348356011, "lamda": 0.04208227128205162}, "datetime": {"datetime": "2021-09-24 08:31:07", "elapsed": 663.003511, "delta": 3.871632}}
{"target": 0.8902327992360825, "params": {"C": 1323.6815143659321, "epsilon": 0.7873551488239556, "gamma": 0.04777576584613812, "lamda": 0.3920564747660409}, "datetime": {"datetime": "2021-09-24 08:31:09", "elapsed": 665.185119, "delta": 2.181608}}
{"target": 0.9234995697422688, "params": {"C": 1425.8049320921104, "epsilon": 0.17799793927397292, "gamma": 0.054157922261762845, "lamda": 0.042973287086140906}, "datetime": {"datetime": "2021-09-24 08:31:12", "elapsed": 668.063203, "delta": 2.878084}}
{"target": 0.8939189707117114, "params": {"C": 1367.6755964177448, "epsilon": 0.3552895362335141, "gamma": 0.011582352447051629, "lamda": 0.08410686952444278}, "datetime": {"datetime": "2021-09-24 08:31:16", "elapsed": 672.098873, "delta": 4.03567}}
{"target": 0.9160300779279219, "params": {"C": 1589.5810602231272, "epsilon": 0.9792573499552895, "gamma": 0.01705412492997458, "lamda": 0.009406631541909297}, "datetime": {"datetime": "2021-09-24 08:31:18", "elapsed": 674.271166, "delta": 2.172293}}
{"target": 0.9021402178025519, "params": {"C": 1531.4056547467248, "epsilon": 0.1129731905486244, "gamma": 0.016299913198949825, "lamda": 0.31668890311307263}, "datetime": {"datetime": "2021-09-24 08:31:21", "elapsed": 677.66457, "delta": 3.393404}}
{"target": 0.9104916766236233, "params": {"C": 1425.7763412972713, "epsilon": 0.1411018670167462, "gamma": 0.014581204062492007, "lamda": 0.06771135306454015}, "datetime": {"datetime": "2021-09-24 08:31:25", "elapsed": 681.123643, "delta": 3.459073}}
{"target": 0.9105670840789212, "params": {"C": 1301.3637162492194, "epsilon": 0.809668006954886, "gamma": 0.055445552175549355, "lamda": 0.12581194133727966}, "datetime": {"datetime": "2021-09-24 08:31:27", "elapsed": 683.187562, "delta": 2.063919}}
{"target": 0.8945355688578673, "params": {"C": 1499.7550968057735, "epsilon": 0.8677606771254649, "gamma": 0.044305261247922535, "lamda": 0.3025380816352963}, "datetime": {"datetime": "2021-09-24 08:31:29", "elapsed": 685.421291, "delta": 2.233729}}
{"target": 0.9072238103407272, "params": {"C": 1491.8862424522868, "epsilon": 0.6286623417377912, "gamma": 0.045407250872507104, "lamda": 0.21723534167301062}, "datetime": {"datetime": "2021-09-24 08:31:31", "elapsed": 687.710779, "delta": 2.289488}}
{"target": 0.8760649592304729, "params": {"C": 1327.504242258328, "epsilon": 0.9446458193200601, "gamma": 0.017871619369956283, "lamda": 0.24807740988990634}, "datetime": {"datetime": "2021-09-24 08:31:34", "elapsed": 690.170474, "delta": 2.459695}}
{"target": 0.9126757743342844, "params": {"C": 1503.4404308610017, "epsilon": 0.6571880286823567, "gamma": 0.03238888610934057, "lamda": 0.1046075872411881}, "datetime": {"datetime": "2021-09-24 08:31:36", "elapsed": 692.481815, "delta": 2.311341}}
{"target": 0.901160616152155, "params": {"C": 1505.613451050515, "epsilon": 0.461121353594804, "gamma": 0.055700576982317895, "lamda": 0.3949900835058084}, "datetime": {"datetime": "2021-09-24 08:31:38", "elapsed": 694.810858, "delta": 2.329043}}
{"target": 0.9191671825845446, "params": {"C": 1317.7776125720459, "epsilon": 0.036540115818147326, "gamma": 0.046113307350641744, "lamda": 0.06561574011886925}, "datetime": {"datetime": "2021-09-24 08:31:41", "elapsed": 697.154514, "delta": 2.343656}}
{"target": 0.9265462804719551, "params": {"C": 1348.6842763644654, "epsilon": 0.10192244097322714, "gamma": 0.047980208556379154, "lamda": 0.06701418957633667}, "datetime": {"datetime": "2021-09-24 08:31:43", "elapsed": 699.661238, "delta": 2.506724}}
{"target": 0.872699345862356, "params": {"C": 1558.8795521132408, "epsilon": 0.7935996606927134, "gamma": 0.01666281480034839, "lamda": 0.3024728215641701}, "datetime": {"datetime": "2021-09-24 08:31:46", "elapsed": 702.014581, "delta": 2.353343}}
{"target": 0.8932428833815732, "params": {"C": 1569.311234019535, "epsilon": 0.1674346162127828, "gamma": 0.01558223186774257, "lamda": 0.37083213878932997}, "datetime": {"datetime": "2021-09-24 08:31:48", "elapsed": 704.496989, "delta": 2.482408}}
{"target": 0.9205424948596771, "params": {"C": 1396.787335879817, "epsilon": 0.09551399088226792, "gamma": 0.06008362602165669, "lamda": 0.08738839230950261}, "datetime": {"datetime": "2021-09-24 08:31:53", "elapsed": 709.081186, "delta": 4.584197}}
{"target": 0.9193249395941809, "params": {"C": 1315.6582449756677, "epsilon": 0.3581520616872852, "gamma": 0.06327660748953705, "lamda": 0.0720324858377758}, "datetime": {"datetime": "2021-09-24 08:31:55", "elapsed": 711.51014, "delta": 2.428954}}
{"target": 0.9213467524042717, "params": {"C": 1330.9558600146897, "epsilon": 0.03654147832800956, "gamma": 0.047920933191031835, "lamda": 0.09628579772954655}, "datetime": {"datetime": "2021-09-24 08:31:59", "elapsed": 715.025323, "delta": 3.515183}}
{"target": 0.9152870384982775, "params": {"C": 1382.9563136840002, "epsilon": 0.8209044554446718, "gamma": 0.05252017422388496, "lamda": 0.08252825044312632}, "datetime": {"datetime": "2021-09-24 08:32:02", "elapsed": 718.642852, "delta": 3.617529}}
{"target": 0.9242043745222558, "params": {"C": 1492.6757817426728, "epsilon": 0.047629998708495866, "gamma": 0.047250518143086166, "lamda": 0.09840980456934112}, "datetime": {"datetime": "2021-09-24 08:32:04", "elapsed": 720.926283, "delta": 2.283431}}
{"target": 0.9014705328506646, "params": {"C": 1484.4417792976988, "epsilon": 0.6588622428724319, "gamma": 0.026845905880950982, "lamda": 0.17974358465181034}, "datetime": {"datetime": "2021-09-24 08:32:07", "elapsed": 723.317575, "delta": 2.391292}}
{"target": 0.8942166030814345, "params": {"C": 1382.9057071374457, "epsilon": 0.7451239592073331, "gamma": 0.028759445218644528, "lamda": 0.2637989615806301}, "datetime": {"datetime": "2021-09-24 08:32:09", "elapsed": 725.796402, "delta": 2.478827}}
{"target": 0.9220109067294161, "params": {"C": 1378.0165192706054, "epsilon": 0.18372863436603884, "gamma": 0.06003192049672053, "lamda": 0.06822304241527881}, "datetime": {"datetime": "2021-09-24 08:32:12", "elapsed": 728.926069, "delta": 3.129667}}
{"target": 0.9259640031995043, "params": {"C": 1428.8203892945915, "epsilon": 0.062488303635243776, "gamma": 0.028975818808076828, "lamda": 0.19690389533119113}, "datetime": {"datetime": "2021-09-24 08:32:15", "elapsed": 731.72937, "delta": 2.803301}}
{"target": 0.8970759762513107, "params": {"C": 1507.0934646147648, "epsilon": 0.1157855860820079, "gamma": 0.01378344319059161, "lamda": 0.30209828150791534}, "datetime": {"datetime": "2021-09-24 08:32:18", "elapsed": 734.386245, "delta": 2.656875}}
{"target": 0.8824432698658721, "params": {"C": 1440.4351925403319, "epsilon": 0.10840729220005975, "gamma": 0.06913162976955405, "lamda": 0.018709255283137424}, "datetime": {"datetime": "2021-09-24 08:32:22", "elapsed": 738.805949, "delta": 4.419704}}
{"target": 0.9212982643506566, "params": {"C": 1530.6520010606278, "epsilon": 0.12234512061877283, "gamma": 0.033188304605596644, "lamda": 0.22699821346862825}, "datetime": {"datetime": "2021-09-24 08:32:25", "elapsed": 741.585833, "delta": 2.779884}}
{"target": 0.9084392470519206, "params": {"C": 1419.9702713275228, "epsilon": 0.8606366171145389, "gamma": 0.03199760667053937, "lamda": 0.10938757450719948}, "datetime": {"datetime": "2021-09-24 08:32:28", "elapsed": 744.186714, "delta": 2.600881}}
{"target": 0.9235783082038252, "params": {"C": 1460.0930977523724, "epsilon": 0.2615533032202012, "gamma": 0.05577025507922758, "lamda": 0.06478943313252469}, "datetime": {"datetime": "2021-09-24 08:32:30", "elapsed": 746.637068, "delta": 2.450354}}
{"target": 0.9193768983056982, "params": {"C": 1537.4718382323895, "epsilon": 0.09608883794612322, "gamma": 0.06411128295010039, "lamda": 0.10890718159129135}, "datetime": {"datetime": "2021-09-24 08:32:33", "elapsed": 749.12338, "delta": 2.486312}}
{"target": 0.9262958034629841, "params": {"C": 1434.2583820951327, "epsilon": 0.1951952088208592, "gamma": 0.03142236213467997, "lamda": 0.07540990168415711}, "datetime": {"datetime": "2021-09-24 08:32:36", "elapsed": 752.571817, "delta": 3.448437}}
{"target": 0.921452906093511, "params": {"C": 1586.8369080696882, "epsilon": 0.45911800944903236, "gamma": 0.060827986253878814, "lamda": 0.03552589640914555}, "datetime": {"datetime": "2021-09-24 08:32:39", "elapsed": 755.006373, "delta": 2.434556}}
{"target": 0.906894550975275, "params": {"C": 1329.1961406534635, "epsilon": 0.9699703846417923, "gamma": 0.06088060444614128, "lamda": 0.12932098390609498}, "datetime": {"datetime": "2021-09-24 08:32:41", "elapsed": 757.505194, "delta": 2.498821}}
{"target": 0.8897475765926268, "params": {"C": 1440.8876068834852, "epsilon": 0.8569194013172342, "gamma": 0.03476742952868786, "lamda": 0.33279214649126493}, "datetime": {"datetime": "2021-09-24 08:32:43", "elapsed": 759.811227, "delta": 2.306033}}
{"target": 0.9144310199671851, "params": {"C": 1468.7188687697026, "epsilon": 0.19560378803467024, "gamma": 0.032647761498657515, "lamda": 0.3001751693746094}, "datetime": {"datetime": "2021-09-24 08:32:46", "elapsed": 762.388118, "delta": 2.576891}}
{"target": 0.9183646550487923, "params": {"C": 1396.8498704409508, "epsilon": 0.11986913828148993, "gamma": 0.06319972586309722, "lamda": 0.22550236692960826}, "datetime": {"datetime": "2021-09-24 08:32:49", "elapsed": 765.279933, "delta": 2.891815}}
{"target": 0.9104051357363898, "params": {"C": 1490.5077696478336, "epsilon": 0.8506995751052617, "gamma": 0.03917601461255663, "lamda": 0.11988809885253744}, "datetime": {"datetime": "2021-09-24 08:32:51", "elapsed": 767.699699, "delta": 2.419766}}
{"target": 0.9235624322654302, "params": {"C": 1459.3214937646508, "epsilon": 0.09385758758778277, "gamma": 0.05599109725527298, "lamda": 0.10358977401593458}, "datetime": {"datetime": "2021-09-24 08:32:55", "elapsed": 771.486705, "delta": 3.787006}}
{"target": 0.9239393499124274, "params": {"C": 1434.3535224444695, "epsilon": 0.404885357531251, "gamma": 0.04384201947018327, "lamda": 0.06324488197939564}, "datetime": {"datetime": "2021-09-24 08:33:00", "elapsed": 776.343883, "delta": 4.857178}}
{"target": 0.919525429770098, "params": {"C": 1348.6536964655313, "epsilon": 0.05654765703183747, "gamma": 0.06305948292254879, "lamda": 0.17246251558692452}, "datetime": {"datetime": "2021-09-24 08:33:05", "elapsed": 781.113701, "delta": 4.769818}}
{"target": 0.8997396795347412, "params": {"C": 1328.549261844603, "epsilon": 0.47048699393754045, "gamma": 0.06675773236789372, "lamda": 0.3625052786903887}, "datetime": {"datetime": "2021-09-24 08:33:07", "elapsed": 783.666035, "delta": 2.552334}}
{"target": 0.9208231372401533, "params": {"C": 1306.0871996932522, "epsilon": 0.07300642557934722, "gamma": 0.061503233640303356, "lamda": 0.14736104130664845}, "datetime": {"datetime": "2021-09-24 08:33:12", "elapsed": 788.5203, "delta": 4.854265}}
{"target": 0.9189818058911097, "params": {"C": 1396.9494305139638, "epsilon": 0.07537418177315794, "gamma": 0.02892203065412574, "lamda": 0.009542201079462496}, "datetime": {"datetime": "2021-09-24 08:33:16", "elapsed": 792.911718, "delta": 4.391418}}
{"target": 0.9133496803642365, "params": {"C": 1501.6258522360888, "epsilon": 0.1977706541159066, "gamma": 0.05667885164642898, "lamda": 0.3569026124554637}, "datetime": {"datetime": "2021-09-24 08:33:19", "elapsed": 795.580233, "delta": 2.668515}}
{"target": 0.9168166192383103, "params": {"C": 1548.488667781805, "epsilon": 0.1492067987032285, "gamma": 0.036526803655391585, "lamda": 0.3584064672437641}, "datetime": {"datetime": "2021-09-24 08:33:22", "elapsed": 798.072721, "delta": 2.492488}}
{"target": 0.8882226346867059, "params": {"C": 1493.616815300407, "epsilon": 0.3523486441743092, "gamma": 0.01696168795572843, "lamda": 0.30590524080959847}, "datetime": {"datetime": "2021-09-24 08:33:24", "elapsed": 800.671517, "delta": 2.598796}}
{"target": 0.9248855839150621, "params": {"C": 1519.7691221220334, "epsilon": 0.9920213810858296, "gamma": 0.044281761418545666, "lamda": 0.0203778069503623}, "datetime": {"datetime": "2021-09-24 08:33:27", "elapsed": 803.124997, "delta": 2.45348}}
{"target": 0.9177673838202763, "params": {"C": 1526.377102267313, "epsilon": 0.5631827285891081, "gamma": 0.04924469076336146, "lamda": 0.09671364283886538}, "datetime": {"datetime": "2021-09-24 08:33:29", "elapsed": 805.864181, "delta": 2.739184}}
{"target": 0.9045392604551962, "params": {"C": 1541.0811499221636, "epsilon": 0.4113750786131546, "gamma": 0.06638601842489804, "lamda": 0.30678725221408476}, "datetime": {"datetime": "2021-09-24 08:33:32", "elapsed": 808.557011, "delta": 2.69283}}
{"target": 0.9167876077491378, "params": {"C": 1369.2204009397126, "epsilon": 0.2241638325593159, "gamma": 0.0666688440796442, "lamda": 0.14991378154231585}, "datetime": {"datetime": "2021-09-24 08:33:37", "elapsed": 813.100635, "delta": 4.543624}}
{"target": 0.9180754433398873, "params": {"C": 1500.4366276883757, "epsilon": 0.20704992416328347, "gamma": 0.0675032782590932, "lamda": 0.10532129474807893}, "datetime": {"datetime": "2021-09-24 08:33:39", "elapsed": 815.836095, "delta": 2.73546}}
{"target": 0.898803031297727, "params": {"C": 1440.0126263166308, "epsilon": 0.5879825087183271, "gamma": 0.05887408108290103, "lamda": 0.3450430895882376}, "datetime": {"datetime": "2021-09-24 08:33:42", "elapsed": 818.65272, "delta": 2.816625}}
{"target": 0.9133829307470483, "params": {"C": 1546.8731204632377, "epsilon": 0.4613969789939957, "gamma": 0.06208653291472197, "lamda": 0.1453834328539021}, "datetime": {"datetime": "2021-09-24 08:33:45", "elapsed": 821.345129, "delta": 2.692409}}
{"target": 0.9036445500876176, "params": {"C": 1530.4828500423448, "epsilon": 0.7884600319173051, "gamma": 0.055963825702950235, "lamda": 0.20886066316783466}, "datetime": {"datetime": "2021-09-24 08:33:48", "elapsed": 824.022936, "delta": 2.677807}}
{"target": 0.892333670660934, "params": {"C": 1572.5565794964805, "epsilon": 0.5894125724785576, "gamma": 0.01627517357657593, "lamda": 0.13488874169321968}, "datetime": {"datetime": "2021-09-24 08:33:50", "elapsed": 826.714219, "delta": 2.691283}}
{"target": 0.9254077387428714, "params": {"C": 1434.2582299587864, "epsilon": 0.2860325826267651, "gamma": 0.048860335202625386, "lamda": 0.02237901935736663}, "datetime": {"datetime": "2021-09-24 08:33:54", "elapsed": 830.597728, "delta": 3.883509}}
{"target": 0.9215952186169314, "params": {"C": 1402.7540175674997, "epsilon": 0.14116350758816582, "gamma": 0.028845391477605363, "lamda": 0.15338367086867397}, "datetime": {"datetime": "2021-09-24 08:33:57", "elapsed": 833.385482, "delta": 2.787754}}
{"target": 0.9112903878701787, "params": {"C": 1440.4833187663648, "epsilon": 0.21573572169594038, "gamma": 0.017151253977435096, "lamda": 0.08148883869325743}, "datetime": {"datetime": "2021-09-24 08:34:01", "elapsed": 837.194427, "delta": 3.808945}}
{"target": 0.9063362224776894, "params": {"C": 1523.4912417841504, "epsilon": 0.3059107014825222, "gamma": 0.03489422628942402, "lamda": 0.39186309858435037}, "datetime": {"datetime": "2021-09-24 08:34:03", "elapsed": 839.902317, "delta": 2.70789}}
{"target": 0.9016365272066534, "params": {"C": 1348.5862986725692, "epsilon": 0.19976794235742454, "gamma": 0.012646425424409156, "lamda": 0.09428557806359032}, "datetime": {"datetime": "2021-09-24 08:34:08", "elapsed": 844.298111, "delta": 4.395794}}
{"target": 0.9160305240600994, "params": {"C": 1330.9620667901372, "epsilon": 0.11348474292236288, "gamma": 0.07, "lamda": 0.09472283712521742}, "datetime": {"datetime": "2021-09-24 08:34:12", "elapsed": 848.041636, "delta": 3.743525}}
{"target": 0.9149161476366403, "params": {"C": 1348.4855825721172, "epsilon": 0.053755356381175845, "gamma": 0.06537536128667996, "lamda": 0.12397217103683268}, "datetime": {"datetime": "2021-09-24 08:34:14", "elapsed": 850.626, "delta": 2.584364}}
{"target": 0.9083060670615296, "params": {"C": 1494.537993994369, "epsilon": 0.9978601281398866, "gamma": 0.06659982490395011, "lamda": 0.09844571587132123}, "datetime": {"datetime": "2021-09-24 08:34:17", "elapsed": 853.208069, "delta": 2.582069}}
{"target": 0.8848556365685518, "params": {"C": 1317.5213216040474, "epsilon": 0.8756261502040515, "gamma": 0.028170572992870506, "lamda": 0.331646235516188}, "datetime": {"datetime": "2021-09-24 08:34:20", "elapsed": 856.033085, "delta": 2.825016}}
