{"target": -3.8987724661838823, "params": {"C": 77.36074368340785, "epsilon": 0.021731197410042098, "gamma": 0.6340145866913491, "lamda": 0.7490550786560732}, "datetime": {"datetime": "2021-09-23 12:24:43", "elapsed": 0.0, "delta": 0.0}}
{"target": -3.4155528013946284, "params": {"C": 23.773230462646076, "epsilon": 0.19086524025711354, "gamma": 0.46942020032297854, "lamda": 0.13354818640329982}, "datetime": {"datetime": "2021-09-23 12:24:43", "elapsed": 0.387999, "delta": 0.387999}}
{"target": -3.6495623164858384, "params": {"C": 22.47465922650719, "epsilon": 0.3672791213876565, "gamma": 0.5197757746757538, "lamda": 0.1712212762129125}, "datetime": {"datetime": "2021-09-23 12:24:44", "elapsed": 0.878005, "delta": 0.490006}}
{"target": -2.41790714201044, "params": {"C": 24.126692766427443, "epsilon": 0.13753956962229136, "gamma": 0.1385627723261278, "lamda": 0.5164001434290849}, "datetime": {"datetime": "2021-09-23 12:24:44", "elapsed": 1.348719, "delta": 0.470714}}
{"target": -2.5488421220872697, "params": {"C": 24.047001731908793, "epsilon": 0.05038772415078165, "gamma": 0.19525060425668272, "lamda": 0.4351857317666696}, "datetime": {"datetime": "2021-09-23 12:24:45", "elapsed": 1.963712, "delta": 0.614993}}
{"target": -3.689024573120453, "params": {"C": 24.792264993117854, "epsilon": 0.001, "gamma": 0.001, "lamda": 0.5955727945586361}, "datetime": {"datetime": "2021-09-23 12:24:46", "elapsed": 3.129614, "delta": 1.165902}}
{"target": -2.9576231085013265, "params": {"C": 23.87670830651929, "epsilon": 0.3323219258018455, "gamma": 0.2074413987169284, "lamda": 0.8778167166927086}, "datetime": {"datetime": "2021-09-23 12:24:47", "elapsed": 3.661231, "delta": 0.531617}}
{"target": -2.638178740940996, "params": {"C": 24.21029351840269, "epsilon": 0.5032882659572544, "gamma": 0.16132621892586488, "lamda": 0.43397381967627263}, "datetime": {"datetime": "2021-09-23 12:24:47", "elapsed": 4.322233, "delta": 0.661002}}
{"target": -4.30259999210992, "params": {"C": 24.42085241102978, "epsilon": 0.4269590298111476, "gamma": 0.7317992201630757, "lamda": 0.5841252624528821}, "datetime": {"datetime": "2021-09-23 12:24:48", "elapsed": 4.755805, "delta": 0.433572}}
{"target": -2.519558695705634, "params": {"C": 23.9006556122719, "epsilon": 0.671833028024044, "gamma": 0.12043017958198718, "lamda": 0.37254665602715314}, "datetime": {"datetime": "2021-09-23 12:24:48", "elapsed": 5.253033, "delta": 0.497228}}
{"target": -2.9693590288788165, "params": {"C": 24.053221718444448, "epsilon": 0.5120595949808342, "gamma": 0.25985446515470045, "lamda": 0.41497430937832047}, "datetime": {"datetime": "2021-09-23 12:24:49", "elapsed": 5.798033, "delta": 0.545}}
{"target": -2.413125558145154, "params": {"C": 71.87202771845062, "epsilon": 0.26836721165401656, "gamma": 0.09150565209140592, "lamda": 0.7007642576443648}, "datetime": {"datetime": "2021-09-23 12:24:50", "elapsed": 6.969989, "delta": 1.171956}}
{"target": -3.787753233352589, "params": {"C": 24.22521118183818, "epsilon": 0.13116976825260407, "gamma": 0.5446862117482617, "lamda": 0.8299345155347824}, "datetime": {"datetime": "2021-09-23 12:24:50", "elapsed": 7.445237, "delta": 0.475248}}
{"target": -3.806756863266945, "params": {"C": 41.08746313712636, "epsilon": 0.0449463867332195, "gamma": 0.5908454709337866, "lamda": 0.7210470093871038}, "datetime": {"datetime": "2021-09-23 12:24:51", "elapsed": 7.960238, "delta": 0.515001}}
{"target": -2.9155082437265323, "params": {"C": 72.42573451543338, "epsilon": 0.3329417027986919, "gamma": 0.2170406002914002, "lamda": 0.6548714303962807}, "datetime": {"datetime": "2021-09-23 12:24:51", "elapsed": 8.420239, "delta": 0.460001}}
{"target": -2.6634703980632777, "params": {"C": 28.619300084088433, "epsilon": 0.4675696406013723, "gamma": 0.14592782250947822, "lamda": 0.5876215860049085}, "datetime": {"datetime": "2021-09-23 12:24:52", "elapsed": 8.926029, "delta": 0.50579}}
{"target": -4.015615465498992, "params": {"C": 63.10762195033278, "epsilon": 0.8356986482318105, "gamma": 0.5006787255100846, "lamda": 0.600632155711022}, "datetime": {"datetime": "2021-09-23 12:24:52", "elapsed": 9.480197, "delta": 0.554168}}
{"target": -2.4224805300889574, "params": {"C": 64.36492750847484, "epsilon": 0.2646383744476102, "gamma": 0.15681821697197668, "lamda": 0.16088084303177969}, "datetime": {"datetime": "2021-09-23 12:24:53", "elapsed": 10.20047, "delta": 0.720273}}
{"target": -2.184411919899076, "params": {"C": 64.94448772449262, "epsilon": 0.2620407290909432, "gamma": 0.026919081814147885, "lamda": 0.3268969460159387}, "datetime": {"datetime": "2021-09-23 12:24:54", "elapsed": 11.041449, "delta": 0.840979}}
{"target": -3.477139925457859, "params": {"C": 47.47173690276969, "epsilon": 0.9673346931028696, "gamma": 0.4476529024578464, "lamda": 0.160600298725654}, "datetime": {"datetime": "2021-09-23 12:24:55", "elapsed": 12.089418, "delta": 1.047969}}
{"target": -2.806315552652394, "params": {"C": 28.64556730816568, "epsilon": 0.5290640715443895, "gamma": 0.16432508439360158, "lamda": 0.6393952672516837}, "datetime": {"datetime": "2021-09-23 12:24:56", "elapsed": 12.560414, "delta": 0.470996}}
{"target": -4.624164616639341, "params": {"C": 31.742580887291926, "epsilon": 0.33600185467739285, "gamma": 0.9968141129059619, "lamda": 0.44837147490898993}, "datetime": {"datetime": "2021-09-23 12:24:56", "elapsed": 13.05806, "delta": 0.497646}}
{"target": -3.438378364124663, "params": {"C": 64.96038214655258, "epsilon": 0.001, "gamma": 0.492097994584227, "lamda": 0.001}, "datetime": {"datetime": "2021-09-23 12:24:57", "elapsed": 13.982683, "delta": 0.924623}}
{"target": -3.8714535073490834, "params": {"C": 64.66164301770726, "epsilon": 0.582463257094597, "gamma": 0.001, "lamda": 0.6285997022968663}, "datetime": {"datetime": "2021-09-23 12:24:58", "elapsed": 14.800907, "delta": 0.818224}}
{"target": -4.022931628415062, "params": {"C": 71.26143942581083, "epsilon": 0.20895946070078605, "gamma": 0.6403625159943431, "lamda": 0.6540016334818134}, "datetime": {"datetime": "2021-09-23 12:24:58", "elapsed": 15.450289, "delta": 0.649382}}
{"target": -4.676196467610614, "params": {"C": 59.616509378984865, "epsilon": 0.7783929548149774, "gamma": 0.8369239696283486, "lamda": 0.6352001895899717}, "datetime": {"datetime": "2021-09-23 12:24:59", "elapsed": 15.944285, "delta": 0.493996}}
{"target": -2.5498282618148274, "params": {"C": 29.339099345908952, "epsilon": 0.47651359662465886, "gamma": 0.006928708427783818, "lamda": 0.013297793328351064}, "datetime": {"datetime": "2021-09-23 12:25:00", "elapsed": 16.978891, "delta": 1.034606}}
{"target": -2.178293038661039, "params": {"C": 29.074291278023065, "epsilon": 0.033387696192707185, "gamma": 0.09424720051638238, "lamda": 0.3761765560607295}, "datetime": {"datetime": "2021-09-23 12:25:01", "elapsed": 17.910293, "delta": 0.931402}}
{"target": -3.154632506840332, "params": {"C": 29.485091980519357, "epsilon": 0.13999056788698405, "gamma": 0.3806003649194482, "lamda": 0.3471213715306459}, "datetime": {"datetime": "2021-09-23 12:25:02", "elapsed": 18.807307, "delta": 0.897014}}
{"target": -3.5882345115300693, "params": {"C": 28.795050081765805, "epsilon": 0.17626737415228108, "gamma": 0.001, "lamda": 0.0566979673496758}, "datetime": {"datetime": "2021-09-23 12:25:03", "elapsed": 20.4507, "delta": 1.643393}}
{"target": -2.218659368670729, "params": {"C": 28.983318248867633, "epsilon": 0.0967657466735701, "gamma": 0.040384367818172465, "lamda": 0.6992540618205508}, "datetime": {"datetime": "2021-09-23 12:25:04", "elapsed": 21.093521, "delta": 0.642821}}
{"target": -3.8987724661838823, "params": {"C": 77.36074368340785, "epsilon": 0.021731197410042098, "gamma": 0.6340145866913491, "lamda": 0.7490550786560732}, "datetime": {"datetime": "2021-09-23 12:28:38", "elapsed": 0.0, "delta": 0.0}}
{"target": -2.7991240022781767, "params": {"C": 50.35219421795645, "epsilon": 0.2255718488853168, "gamma": 0.19886480189486436, "lamda": 0.7607701814867598}, "datetime": {"datetime": "2021-09-23 12:28:39", "elapsed": 0.390002, "delta": 0.390002}}
{"target": -4.291939762797802, "params": {"C": 17.74197281969101, "epsilon": 0.08925147435983626, "gamma": 0.6856744585494294, "lamda": 0.9534399528487416}, "datetime": {"datetime": "2021-09-23 12:28:39", "elapsed": 0.811004, "delta": 0.421002}}
{"target": -2.0760853919347264, "params": {"C": 51.409302261728165, "epsilon": 0.005223452369585394, "gamma": 0.06880225960287559, "lamda": 0.6074529921222717}, "datetime": {"datetime": "2021-09-23 12:28:40", "elapsed": 1.516001, "delta": 0.704997}}
{"target": -3.5997170250620387, "params": {"C": 52.83848738825288, "epsilon": 0.001, "gamma": 0.5487401512045247, "lamda": 0.06471846676449616}, "datetime": {"datetime": "2021-09-23 12:28:41", "elapsed": 2.472001, "delta": 0.956}}
{"target": -2.9998751714626595, "params": {"C": 51.47335510079309, "epsilon": 0.7157490565698903, "gamma": 0.14762896364747263, "lamda": 0.8242697533558878}, "datetime": {"datetime": "2021-09-23 12:28:41", "elapsed": 3.016005, "delta": 0.544004}}
{"target": -3.0484801377354502, "params": {"C": 51.04439550782645, "epsilon": 0.15293006336493375, "gamma": 0.35209441783314155, "lamda": 0.2569368573318373}, "datetime": {"datetime": "2021-09-23 12:28:42", "elapsed": 3.521, "delta": 0.504995}}
{"target": -3.0289212673330232, "params": {"C": 51.708418486790826, "epsilon": 0.047390810120991056, "gamma": 0.3076002257786366, "lamda": 0.8996723480835592}, "datetime": {"datetime": "2021-09-23 12:28:42", "elapsed": 4.034001, "delta": 0.513001}}
{"target": -2.0585475591411035, "params": {"C": 51.56794055199262, "epsilon": 0.29315024934630957, "gamma": 0.05430890119671042, "lamda": 0.2344000639895832}, "datetime": {"datetime": "2021-09-23 12:28:43", "elapsed": 4.788001, "delta": 0.754}}
{"target": -2.080096574186244, "params": {"C": 51.71210329422943, "epsilon": 0.06078076882133609, "gamma": 0.049271529594990246, "lamda": 0.48651004956060323}, "datetime": {"datetime": "2021-09-23 12:28:44", "elapsed": 5.448006, "delta": 0.660005}}
{"target": -2.419901469254724, "params": {"C": 49.02388312953158, "epsilon": 0.47280267736011067, "gamma": 0.05207889499356818, "lamda": 0.706056729440123}, "datetime": {"datetime": "2021-09-23 12:28:45", "elapsed": 6.467006, "delta": 1.019}}
{"target": -4.70849807870021, "params": {"C": 49.09814602402293, "epsilon": 0.41320716472940544, "gamma": 0.9335330615363508, "lamda": 0.7789116603694544}, "datetime": {"datetime": "2021-09-23 12:28:45", "elapsed": 7.028006, "delta": 0.561}}
{"target": -2.943620906688309, "params": {"C": 67.29440586481596, "epsilon": 0.2528687895370163, "gamma": 0.2033547904815782, "lamda": 0.9521627930200763}, "datetime": {"datetime": "2021-09-23 12:28:46", "elapsed": 7.489002, "delta": 0.460996}}
{"target": -2.413125558145154, "params": {"C": 71.87202771845062, "epsilon": 0.26836721165401656, "gamma": 0.09150565209140592, "lamda": 0.7007642576443648}, "datetime": {"datetime": "2021-09-23 12:28:46", "elapsed": 7.968002, "delta": 0.479}}
{"target": -3.787753233352589, "params": {"C": 24.22521118183818, "epsilon": 0.13116976825260407, "gamma": 0.5446862117482617, "lamda": 0.8299345155347824}, "datetime": {"datetime": "2021-09-23 12:28:47", "elapsed": 8.521017, "delta": 0.553015}}
{"target": -3.806756863266945, "params": {"C": 41.08746313712636, "epsilon": 0.0449463867332195, "gamma": 0.5908454709337866, "lamda": 0.7210470093871038}, "datetime": {"datetime": "2021-09-23 12:28:47", "elapsed": 9.030358, "delta": 0.509341}}
{"target": -2.1585633165038303, "params": {"C": 51.77823646302528, "epsilon": 0.2227835625762302, "gamma": 0.03947018000051545, "lamda": 0.5109833722315119}, "datetime": {"datetime": "2021-09-23 12:28:48", "elapsed": 9.611014, "delta": 0.580656}}
{"target": -2.714949700030093, "params": {"C": 71.03423684505296, "epsilon": 0.2168757399361798, "gamma": 0.168149272973294, "lamda": 0.7817135166946662}, "datetime": {"datetime": "2021-09-23 12:28:48", "elapsed": 10.235655, "delta": 0.624641}}
{"target": -4.263659546316745, "params": {"C": 71.77042010023615, "epsilon": 0.996988486508832, "gamma": 0.4824592720717157, "lamda": 0.8902560581820004}, "datetime": {"datetime": "2021-09-23 12:28:49", "elapsed": 10.857661, "delta": 0.622006}}
{"target": -2.018611947406222, "params": {"C": 72.43140839346887, "epsilon": 0.02906269794587097, "gamma": 0.06609594364959243, "lamda": 0.24197217762739293}, "datetime": {"datetime": "2021-09-23 12:28:50", "elapsed": 11.664313, "delta": 0.806652}}
{"target": -3.059058728818791, "params": {"C": 72.90496756880015, "epsilon": 0.10308837752613666, "gamma": 0.3038974547026296, "lamda": 0.8068904587657331}, "datetime": {"datetime": "2021-09-23 12:28:51", "elapsed": 12.533314, "delta": 0.869001}}
{"target": -3.541767974296561, "params": {"C": 72.07913013691231, "epsilon": 0.14058375274066265, "gamma": 0.5183389776066899, "lamda": 0.0737416802929746}, "datetime": {"datetime": "2021-09-23 12:28:51", "elapsed": 13.141112, "delta": 0.607798}}
{"target": -2.393471922031906, "params": {"C": 71.80964756240486, "epsilon": 0.33406088318865385, "gamma": 0.0674305082190125, "lamda": 0.7393847025651309}, "datetime": {"datetime": "2021-09-23 12:28:52", "elapsed": 13.82677, "delta": 0.685658}}
{"target": -2.197787467504633, "params": {"C": 72.98402895054843, "epsilon": 0.46854584406655586, "gamma": 0.1062230079541426, "lamda": 0.11674920300736173}, "datetime": {"datetime": "2021-09-23 12:28:53", "elapsed": 14.435771, "delta": 0.609001}}
{"target": -3.05386781319389, "params": {"C": 73.63791728619013, "epsilon": 0.7526144809937454, "gamma": 0.0022323056999884157, "lamda": 0.15287438102603837}, "datetime": {"datetime": "2021-09-23 12:28:53", "elapsed": 15.055593, "delta": 0.619822}}
{"target": -2.8960007841434234, "params": {"C": 72.84961614887042, "epsilon": 0.03303323171869466, "gamma": 0.29334519253922287, "lamda": 0.06991190080096683}, "datetime": {"datetime": "2021-09-23 12:28:54", "elapsed": 16.156417, "delta": 1.100824}}
{"target": -4.022931628415062, "params": {"C": 71.26143942581083, "epsilon": 0.20895946070078605, "gamma": 0.6403625159943431, "lamda": 0.6540016334818134}, "datetime": {"datetime": "2021-09-23 12:28:55", "elapsed": 16.655406, "delta": 0.498989}}
{"target": -4.676196467610614, "params": {"C": 59.616509378984865, "epsilon": 0.7783929548149774, "gamma": 0.8369239696283486, "lamda": 0.6352001895899717}, "datetime": {"datetime": "2021-09-23 12:28:55", "elapsed": 17.336805, "delta": 0.681399}}
{"target": -2.0504717466431175, "params": {"C": 72.42819197409429, "epsilon": 0.6360763161639915, "gamma": 0.03778282410800375, "lamda": 0.004886105262341766}, "datetime": {"datetime": "2021-09-23 12:28:56", "elapsed": 18.333803, "delta": 0.996998}}
{"target": -3.767262539460476, "params": {"C": 72.53970364780321, "epsilon": 0.5564751496619373, "gamma": 0.001, "lamda": 0.5049533471423956}, "datetime": {"datetime": "2021-09-23 12:28:57", "elapsed": 19.044017, "delta": 0.710214}}
{"target": -2.806277215223369, "params": {"C": 72.67428690753255, "epsilon": 0.8426139912951547, "gamma": 0.26503908239496643, "lamda": 0.021705629249958232}, "datetime": {"datetime": "2021-09-23 12:28:58", "elapsed": 19.815489, "delta": 0.771472}}
{"target": -3.1282511116400498, "params": {"C": 51.72265029302687, "epsilon": 0.12109111991407903, "gamma": 0.3811822710345026, "lamda": 0.1781393633742994}, "datetime": {"datetime": "2021-09-23 12:28:59", "elapsed": 20.578759, "delta": 0.76327}}
{"target": -2.0255078676559974, "params": {"C": 71.87524486659005, "epsilon": 0.574065863316062, "gamma": 0.04572791343694677, "lamda": 0.007061065666089598}, "datetime": {"datetime": "2021-09-23 12:29:00", "elapsed": 21.81453, "delta": 1.235771}}
{"target": -2.1013360433745407, "params": {"C": 72.1746699276407, "epsilon": 0.34884295285743994, "gamma": 0.08993972713454236, "lamda": 0.12228974681004925}, "datetime": {"datetime": "2021-09-23 12:29:01", "elapsed": 22.59953, "delta": 0.785}}
{"target": -2.051748687859441, "params": {"C": 71.46271109429742, "epsilon": 0.08355367551668309, "gamma": 0.04093227999206159, "lamda": 0.18534640303144656}, "datetime": {"datetime": "2021-09-23 12:29:01", "elapsed": 23.299043, "delta": 0.699513}}
{"target": -2.7026251239276204, "params": {"C": 50.36257278242843, "epsilon": 0.28076313318596036, "gamma": 0.16030191733798838, "lamda": 0.7522309097455755}, "datetime": {"datetime": "2021-09-23 12:29:02", "elapsed": 24.140596, "delta": 0.841553}}
{"target": -4.304944925312428, "params": {"C": 64.43081953556145, "epsilon": 0.06728918851559694, "gamma": 0.8138187125758415, "lamda": 0.8983316464570378}, "datetime": {"datetime": "2021-09-23 12:29:03", "elapsed": 24.574599, "delta": 0.434003}}
{"target": -2.9639872402779033, "params": {"C": 71.30073968453362, "epsilon": 0.5013471467430576, "gamma": 0.002055593398931609, "lamda": 0.12227968624098624}, "datetime": {"datetime": "2021-09-23 12:29:03", "elapsed": 25.318264, "delta": 0.743665}}
{"target": -4.703395933820592, "params": {"C": 16.214371050365276, "epsilon": 0.7933931066577246, "gamma": 0.9264897615927851, "lamda": 0.23281202562803588}, "datetime": {"datetime": "2021-09-23 12:29:04", "elapsed": 25.806264, "delta": 0.488}}
{"target": -2.8554361505036696, "params": {"C": 49.69904580727243, "epsilon": 0.43470219290421314, "gamma": 0.003501560283268459, "lamda": 0.29679714371730787}, "datetime": {"datetime": "2021-09-23 12:29:05", "elapsed": 26.496262, "delta": 0.689998}}
{"target": -2.8996178933014685, "params": {"C": 72.69127106566117, "epsilon": 0.774787588460007, "gamma": 0.30023802967278185, "lamda": 0.03278871108920805}, "datetime": {"datetime": "2021-09-23 12:29:05", "elapsed": 27.018978, "delta": 0.522716}}
{"target": -2.1920861799491367, "params": {"C": 48.72111321871352, "epsilon": 0.9775874264850467, "gamma": 0.02897169083194662, "lamda": 0.06781068389794476}, "datetime": {"datetime": "2021-09-23 12:29:06", "elapsed": 27.808483, "delta": 0.789505}}
{"target": -4.280594390855028, "params": {"C": 84.62255807700245, "epsilon": 0.7151348919531788, "gamma": 0.7601471822661943, "lamda": 0.28507244023190165}, "datetime": {"datetime": "2021-09-23 12:29:07", "elapsed": 28.547101, "delta": 0.738618}}
{"target": -2.3096823802065365, "params": {"C": 48.411450565624236, "epsilon": 0.4659683167971678, "gamma": 0.1225451467933163, "lamda": 0.1914967320647608}, "datetime": {"datetime": "2021-09-23 12:29:07", "elapsed": 29.201381, "delta": 0.65428}}
{"target": -4.191877732304351, "params": {"C": 11.676155637696318, "epsilon": 0.22168132914237512, "gamma": 0.5464037750947931, "lamda": 0.5243454311967547}, "datetime": {"datetime": "2021-09-23 12:29:08", "elapsed": 29.734384, "delta": 0.533003}}
{"target": -4.1714642724390165, "params": {"C": 48.35238129207848, "epsilon": 1.0, "gamma": 0.001, "lamda": 0.6926133397004932}, "datetime": {"datetime": "2021-09-23 12:29:09", "elapsed": 30.405974, "delta": 0.67159}}
{"target": -2.0843690780316004, "params": {"C": 48.78944442780471, "epsilon": 0.23977935800592243, "gamma": 0.03988466234193385, "lamda": 0.030655113369638533}, "datetime": {"datetime": "2021-09-23 12:29:09", "elapsed": 31.359279, "delta": 0.953305}}
{"target": -3.426947536849005, "params": {"C": 71.5386513953106, "epsilon": 0.001, "gamma": 0.001, "lamda": 1.0}, "datetime": {"datetime": "2021-09-23 12:29:11", "elapsed": 32.51128, "delta": 1.152001}}
{"target": -2.0174424989905964, "params": {"C": 71.41670797802831, "epsilon": 0.09664099830440247, "gamma": 0.04914393613354494, "lamda": 0.13465110984514342}, "datetime": {"datetime": "2021-09-23 12:29:11", "elapsed": 33.047564, "delta": 0.536284}}
{"target": -2.118970261796091, "params": {"C": 49.15741848383442, "epsilon": 0.6921370894285945, "gamma": 0.03540764805730602, "lamda": 0.06065646852701385}, "datetime": {"datetime": "2021-09-23 12:29:12", "elapsed": 33.838903, "delta": 0.791339}}
{"target": -3.1646822488738273, "params": {"C": 48.77449485637234, "epsilon": 0.5470593711511049, "gamma": 0.39960331980338915, "lamda": 0.01339692678098716}, "datetime": {"datetime": "2021-09-23 12:29:13", "elapsed": 34.567896, "delta": 0.728993}}
{"target": -2.0074938371574156, "params": {"C": 70.7676570221884, "epsilon": 0.014717098535015148, "gamma": 0.05537499158527961, "lamda": 0.19125401561810165}, "datetime": {"datetime": "2021-09-23 12:29:14", "elapsed": 35.525956, "delta": 0.95806}}
{"target": -2.1200747815532197, "params": {"C": 70.01882161700881, "epsilon": 0.188421820811668, "gamma": 0.07971447998672022, "lamda": 0.3844454635483401}, "datetime": {"datetime": "2021-09-23 12:29:15", "elapsed": 36.651958, "delta": 1.126002}}
{"target": -3.3822333387576577, "params": {"C": 70.37480904900825, "epsilon": 0.001, "gamma": 0.001, "lamda": 0.7902485821805559}, "datetime": {"datetime": "2021-09-23 12:29:17", "elapsed": 38.754683, "delta": 2.102725}}
{"target": -2.6400792858094295, "params": {"C": 51.53004196949055, "epsilon": 0.29884335435419274, "gamma": 0.005047336263300525, "lamda": 0.2449417704775835}, "datetime": {"datetime": "2021-09-23 12:29:18", "elapsed": 39.823301, "delta": 1.068618}}
{"target": -2.3632903274539014, "params": {"C": 51.781735296625016, "epsilon": 0.42625549024266923, "gamma": 0.13278819186679, "lamda": 0.2106709082974358}, "datetime": {"datetime": "2021-09-23 12:29:19", "elapsed": 40.849515, "delta": 1.026214}}
{"target": -3.5547893238596147, "params": {"C": 48.85290289498552, "epsilon": 0.5514545885172967, "gamma": 0.001, "lamda": 0.22704267465552258}, "datetime": {"datetime": "2021-09-23 12:29:20", "elapsed": 41.762137, "delta": 0.912622}}
{"target": -2.0030505333039454, "params": {"C": 72.42262013900722, "epsilon": 0.40318004610573177, "gamma": 0.0681959961110864, "lamda": 0.05542111110695318}, "datetime": {"datetime": "2021-09-23 12:29:21", "elapsed": 42.622137, "delta": 0.86}}
{"target": -2.291689924281534, "params": {"C": 71.09567830453531, "epsilon": 0.001, "gamma": 0.012982605372525947, "lamda": 0.2332658071187138}, "datetime": {"datetime": "2021-09-23 12:29:22", "elapsed": 43.758951, "delta": 1.136814}}
