{"target": 0.9166138086154291, "params": {"C": 379.1864270822512, "epsilon": 0.2839061034967386, "gamma": 0.06817347099357375, "lamda": 0.07425871566124834}, "datetime": {"datetime": "2021-09-23 10:45:06", "elapsed": 531.997997, "delta": 2.704378}}
{"target": 0.9160057780496691, "params": {"C": 399.17109341462293, "epsilon": 0.2516517147124319, "gamma": 0.0618700092472136, "lamda": 0.08394215331671237}, "datetime": {"datetime": "2021-09-23 10:45:10", "elapsed": 535.803211, "delta": 3.805214}}
{"target": 0.9149515511423408, "params": {"C": 313.30694785110586, "epsilon": 0.21939422823503052, "gamma": 0.06469356469270048, "lamda": 0.1222712020905212}, "datetime": {"datetime": "2021-09-23 10:45:13", "elapsed": 538.639173, "delta": 2.835962}}
{"target": 0.9167609030685826, "params": {"C": 397.66393429792987, "epsilon": 0.1875384084549918, "gamma": 0.07645999263993107, "lamda": 0.10443315247107601}, "datetime": {"datetime": "2021-09-23 10:45:17", "elapsed": 542.414338, "delta": 3.775165}}
{"target": 0.9165213622570934, "params": {"C": 364.2252629525323, "epsilon": 0.14737769724055308, "gamma": 0.07476158269611718, "lamda": 0.13364929177178514}, "datetime": {"datetime": "2021-09-23 10:45:19", "elapsed": 544.982027, "delta": 2.567689}}
{"target": 0.9165987700610457, "params": {"C": 397.6572405526079, "epsilon": 0.18023456757559814, "gamma": 0.06865786973905244, "lamda": 0.07768826081732816}, "datetime": {"datetime": "2021-09-23 10:45:23", "elapsed": 548.542596, "delta": 3.560569}}
{"target": 0.9140254659883782, "params": {"C": 295.1579313619022, "epsilon": 0.31621650196159323, "gamma": 0.08681467746333912, "lamda": 0.11626135182584602}, "datetime": {"datetime": "2021-09-23 10:45:25", "elapsed": 550.99205, "delta": 2.449454}}
{"target": 0.9157305050588294, "params": {"C": 398.07279690222106, "epsilon": 0.3112782056642918, "gamma": 0.06203255937096843, "lamda": 0.09012869125747378}, "datetime": {"datetime": "2021-09-23 10:45:29", "elapsed": 554.714425, "delta": 3.722375}}
{"target": 0.9160181625920821, "params": {"C": 377.1825452134881, "epsilon": 0.189014233429959, "gamma": 0.07675591037866232, "lamda": 0.16644405684379138}, "datetime": {"datetime": "2021-09-23 10:45:32", "elapsed": 557.663099, "delta": 2.948674}}
{"target": 0.9163111185719761, "params": {"C": 397.63528402010326, "epsilon": 0.14587807083878768, "gamma": 0.07695417780019538, "lamda": 0.10839789787824873}, "datetime": {"datetime": "2021-09-23 10:45:36", "elapsed": 561.819578, "delta": 4.156479}}
{"target": 0.9146882728084471, "params": {"C": 369.4207584416665, "epsilon": 0.30099388912095154, "gamma": 0.08355125907402211, "lamda": 0.1238258764627261}, "datetime": {"datetime": "2021-09-23 10:45:39", "elapsed": 564.392032, "delta": 2.572454}}
{"target": 0.9138371920188975, "params": {"C": 398.0503141514169, "epsilon": 0.15523106219312216, "gamma": 0.09, "lamda": 0.10342094958308404}, "datetime": {"datetime": "2021-09-23 10:45:42", "elapsed": 567.782069, "delta": 3.390037}}
{"target": 0.9149298130959619, "params": {"C": 328.68435362275045, "epsilon": 0.1398208811842172, "gamma": 0.06110390466751925, "lamda": 0.13446662543318602}, "datetime": {"datetime": "2021-09-23 10:45:45", "elapsed": 570.85276, "delta": 3.070691}}
{"target": 0.9116661489458594, "params": {"C": 345.58855790403504, "epsilon": 0.07178580958796639, "gamma": 0.08844951828955466, "lamda": 0.11550979932187176}, "datetime": {"datetime": "2021-09-23 10:45:48", "elapsed": 573.397012, "delta": 2.544252}}
{"target": 0.9156146240747662, "params": {"C": 397.68886862437205, "epsilon": 0.20320713450476044, "gamma": 0.060470618314181025, "lamda": 0.07420186598473504}, "datetime": {"datetime": "2021-09-23 10:45:52", "elapsed": 577.429825, "delta": 4.032813}}
{"target": 0.9147076503094097, "params": {"C": 551.9773350860166, "epsilon": 0.07560302632703841, "gamma": 0.07900944704778826, "lamda": 0.1386004853173265}, "datetime": {"datetime": "2021-09-23 10:51:03", "elapsed": 0.0, "delta": 0.0}}
{"target": 0.917701436449373, "params": {"C": 494.686472583544, "epsilon": 0.13069509429332887, "gamma": 0.06594188594278871, "lamda": 0.14006633902486984}, "datetime": {"datetime": "2021-09-23 10:51:04", "elapsed": 0.307836, "delta": 0.307836}}
{"target": 0.9158900155395658, "params": {"C": 425.51327567813246, "epsilon": 0.09385174982698277, "gamma": 0.08056079455103392, "lamda": 0.16417416827436707}, "datetime": {"datetime": "2021-09-23 10:51:04", "elapsed": 0.596613, "delta": 0.288777}}
{"target": 0.9157438450197322, "params": {"C": 390.82913592886206, "epsilon": 0.2082919111141597, "gamma": 0.0843786288495634, "lamda": 0.12156575835367352}, "datetime": {"datetime": "2021-09-23 10:51:04", "elapsed": 0.890615, "delta": 0.294002}}
{"target": 0.9159144211832251, "params": {"C": 485.3913007741342, "epsilon": 0.3200244500462537, "gamma": 0.06658532037417733, "lamda": 0.10700996763283001}, "datetime": {"datetime": "2021-09-23 10:51:05", "elapsed": 1.321753, "delta": 0.431138}}
{"target": 0.9170051035900044, "params": {"C": 494.3276871208703, "epsilon": 0.3307620457810623, "gamma": 0.06555436008131323, "lamda": 0.0845136619596054}, "datetime": {"datetime": "2021-09-23 10:51:05", "elapsed": 1.650773, "delta": 0.32902}}
{"target": 0.9169053016347659, "params": {"C": 495.37253805758155, "epsilon": 0.25176788113489346, "gamma": 0.07101622322737906, "lamda": 0.05444702089240763}, "datetime": {"datetime": "2021-09-23 10:51:05", "elapsed": 2.061232, "delta": 0.410459}}
{"target": 0.9167430951753697, "params": {"C": 497.2508436691538, "epsilon": 0.08290030294082916, "gamma": 0.06539124485918163, "lamda": 0.14461281128135212}, "datetime": {"datetime": "2021-09-23 10:51:06", "elapsed": 2.446191, "delta": 0.384959}}
{"target": 0.9136479025305697, "params": {"C": 498.3897983254264, "epsilon": 0.14005133884330867, "gamma": 0.07194379969204795, "lamda": 0.048836750722480435}, "datetime": {"datetime": "2021-09-23 10:51:06", "elapsed": 2.844189, "delta": 0.397998}}
{"target": 0.9138710085073012, "params": {"C": 496.45257734607225, "epsilon": 0.20940472141516894, "gamma": 0.08613163780135275, "lamda": 0.061242884753112486}, "datetime": {"datetime": "2021-09-23 10:51:07", "elapsed": 3.255191, "delta": 0.411002}}
{"target": 0.9135727493824971, "params": {"C": 494.962201021442, "epsilon": 0.3122644530529153, "gamma": 0.061765636609699706, "lamda": 0.13689964796745416}, "datetime": {"datetime": "2021-09-23 10:51:07", "elapsed": 3.59519, "delta": 0.339999}}
{"target": 0.9156268915670027, "params": {"C": 398.6024372922511, "epsilon": 0.131155209185143, "gamma": 0.06976940301930899, "lamda": 0.0685414619381663}, "datetime": {"datetime": "2021-09-23 10:51:07", "elapsed": 3.984954, "delta": 0.389764}}
{"target": 0.9175994946356234, "params": {"C": 548.554602396806, "epsilon": 0.18611145776913646, "gamma": 0.07325944957522919, "lamda": 0.08749616741717012}, "datetime": {"datetime": "2021-09-23 10:51:08", "elapsed": 4.358951, "delta": 0.373997}}
{"target": 0.917781440257256, "params": {"C": 530.6244972890036, "epsilon": 0.13807264582081524, "gamma": 0.06607672043488222, "lamda": 0.16401436349100054}, "datetime": {"datetime": "2021-09-23 10:51:08", "elapsed": 4.719275, "delta": 0.360324}}
{"target": 0.917769973660829, "params": {"C": 540.334604251259, "epsilon": 0.14226140855513963, "gamma": 0.06271788745019237, "lamda": 0.13255809029584142}, "datetime": {"datetime": "2021-09-23 10:51:08", "elapsed": 5.103076, "delta": 0.383801}}
{"target": 0.9166520733039377, "params": {"C": 439.26559947662645, "epsilon": 0.10518101844664976, "gamma": 0.07632691326571356, "lamda": 0.14872053497682464}, "datetime": {"datetime": "2021-09-23 10:51:09", "elapsed": 5.475074, "delta": 0.371998}}
{"target": 0.9155054381207849, "params": {"C": 475.03401271511655, "epsilon": 0.08187740181978906, "gamma": 0.0777130772052188, "lamda": 0.13509597214553348}, "datetime": {"datetime": "2021-09-23 10:51:09", "elapsed": 5.860332, "delta": 0.385258}}
{"target": 0.9161371221538932, "params": {"C": 490.5751043116678, "epsilon": 0.18520351056667367, "gamma": 0.07917847324404595, "lamda": 0.1645721776932554}, "datetime": {"datetime": "2021-09-23 10:51:10", "elapsed": 6.240911, "delta": 0.380579}}
{"target": 0.9170384228729105, "params": {"C": 448.58639411776335, "epsilon": 0.19609990286523576, "gamma": 0.06435218686214648, "lamda": 0.11840109934996353}, "datetime": {"datetime": "2021-09-23 10:51:10", "elapsed": 6.595953, "delta": 0.355042}}
{"target": 0.9157375760026125, "params": {"C": 521.7434405007059, "epsilon": 0.2955942292518407, "gamma": 0.07500536713243497, "lamda": 0.12002904851239014}, "datetime": {"datetime": "2021-09-23 10:51:10", "elapsed": 6.977913, "delta": 0.38196}}
{"target": 0.9159501008249542, "params": {"C": 524.4104522907041, "epsilon": 0.14125361471557035, "gamma": 0.0646792257348942, "lamda": 0.06500511048946192}, "datetime": {"datetime": "2021-09-23 10:51:11", "elapsed": 7.400059, "delta": 0.422146}}
{"target": 0.9130333783853968, "params": {"C": 403.39888482437345, "epsilon": 0.1743298156652331, "gamma": 0.08963844417031708, "lamda": 0.07220678429964145}, "datetime": {"datetime": "2021-09-23 10:51:11", "elapsed": 7.78504, "delta": 0.384981}}
{"target": 0.9175271257998581, "params": {"C": 488.5764116119357, "epsilon": 0.33117153867645127, "gamma": 0.0734130000738092, "lamda": 0.0649700073480548}, "datetime": {"datetime": "2021-09-23 10:51:11", "elapsed": 8.172991, "delta": 0.387951}}
{"target": 0.910563455543263, "params": {"C": 501.585235998005, "epsilon": 0.12313207879934004, "gamma": 0.08833315399998504, "lamda": 0.06979351086953342}, "datetime": {"datetime": "2021-09-23 10:51:12", "elapsed": 8.566895, "delta": 0.393904}}
{"target": 0.9139175040120863, "params": {"C": 455.21153521546773, "epsilon": 0.1605410418047008, "gamma": 0.08990432771489375, "lamda": 0.10097741177539914}, "datetime": {"datetime": "2021-09-23 10:51:12", "elapsed": 8.960087, "delta": 0.393192}}
{"target": 0.9161048737655516, "params": {"C": 409.03795607726505, "epsilon": 0.14080197229474042, "gamma": 0.061908508632606045, "lamda": 0.11837894511534532}, "datetime": {"datetime": "2021-09-23 10:51:13", "elapsed": 9.332631, "delta": 0.372544}}
{"target": 0.913164891747103, "params": {"C": 530.2833023625292, "epsilon": 0.3248703327077297, "gamma": 0.0869367170985006, "lamda": 0.1387099692976851}, "datetime": {"datetime": "2021-09-23 10:51:13", "elapsed": 9.708579, "delta": 0.375948}}
{"target": 0.9165289516789185, "params": {"C": 539.0394169638412, "epsilon": 0.1262052596488611, "gamma": 0.07920007555538568, "lamda": 0.12670691109632298}, "datetime": {"datetime": "2021-09-23 10:51:13", "elapsed": 10.121093, "delta": 0.412514}}
{"target": 0.9148085017760083, "params": {"C": 514.3380501978467, "epsilon": 0.28010620400404795, "gamma": 0.08510282191076121, "lamda": 0.12435437807682329}, "datetime": {"datetime": "2021-09-23 10:51:14", "elapsed": 10.511128, "delta": 0.390035}}
{"target": 0.9150505053855953, "params": {"C": 450.11324103677657, "epsilon": 0.19851718827693485, "gamma": 0.06017803929212564, "lamda": 0.046538762928972854}, "datetime": {"datetime": "2021-09-23 10:51:14", "elapsed": 10.928077, "delta": 0.416949}}
{"target": 0.9153889095634051, "params": {"C": 400.95053285200186, "epsilon": 0.23722828060189832, "gamma": 0.06017733187225794, "lamda": 0.11756176703188465}, "datetime": {"datetime": "2021-09-23 10:51:15", "elapsed": 11.316042, "delta": 0.387965}}
{"target": 0.913794860081981, "params": {"C": 424.0737655985315, "epsilon": 0.13195482431420077, "gamma": 0.07038623831425898, "lamda": 0.04748041294240071}, "datetime": {"datetime": "2021-09-23 10:51:15", "elapsed": 11.793212, "delta": 0.47717}}
{"target": 0.9155452802400158, "params": {"C": 532.4030694542957, "epsilon": 0.24583322871243735, "gamma": 0.08433539468445844, "lamda": 0.07669899292906028}, "datetime": {"datetime": "2021-09-23 10:51:16", "elapsed": 12.24069, "delta": 0.447478}}
{"target": 0.9132855481209879, "params": {"C": 472.09427721927904, "epsilon": 0.29638091012374496, "gamma": 0.06979009425189489, "lamda": 0.16551941378248106}, "datetime": {"datetime": "2021-09-23 10:51:16", "elapsed": 12.692113, "delta": 0.451423}}
{"target": 0.9146313775731445, "params": {"C": 394.08702920007573, "epsilon": 0.2508750536771499, "gamma": 0.06910285059663737, "lamda": 0.16596373137851556}, "datetime": {"datetime": "2021-09-23 10:51:16", "elapsed": 13.099936, "delta": 0.407823}}
{"target": 0.915690296024118, "params": {"C": 529.3646552469606, "epsilon": 0.07750899806719719, "gamma": 0.07654550135721609, "lamda": 0.14593397305308936}, "datetime": {"datetime": "2021-09-23 10:51:17", "elapsed": 13.590625, "delta": 0.490689}}
{"target": 0.9160243927944328, "params": {"C": 390.6553326470937, "epsilon": 0.20623615172102547, "gamma": 0.0783082328843436, "lamda": 0.07589672068343677}, "datetime": {"datetime": "2021-09-23 10:51:17", "elapsed": 14.023155, "delta": 0.43253}}
{"target": 0.9147773877646842, "params": {"C": 524.5502232572516, "epsilon": 0.0879159968961073, "gamma": 0.08440897034762286, "lamda": 0.1572787345416714}, "datetime": {"datetime": "2021-09-23 10:51:18", "elapsed": 14.448866, "delta": 0.425711}}
{"target": 0.9162846756112735, "params": {"C": 431.53824693619083, "epsilon": 0.31409436517635064, "gamma": 0.08034623866945201, "lamda": 0.056895672695092325}, "datetime": {"datetime": "2021-09-23 10:51:18", "elapsed": 14.908705, "delta": 0.459839}}
{"target": 0.9150304165143373, "params": {"C": 422.27290828865364, "epsilon": 0.28416029909668233, "gamma": 0.08779248533311666, "lamda": 0.0740055087122167}, "datetime": {"datetime": "2021-09-23 10:51:19", "elapsed": 15.336282, "delta": 0.427577}}
{"target": 0.9150921999398993, "params": {"C": 483.9724630646113, "epsilon": 0.1539820953975074, "gamma": 0.07924202232496654, "lamda": 0.07276337501405983}, "datetime": {"datetime": "2021-09-23 10:51:19", "elapsed": 15.795054, "delta": 0.458772}}
{"target": 0.9123900521348665, "params": {"C": 501.5717454168447, "epsilon": 0.0905666254751626, "gamma": 0.08171436579058233, "lamda": 0.08815192594542853}, "datetime": {"datetime": "2021-09-23 10:51:20", "elapsed": 16.263962, "delta": 0.468908}}
{"target": 0.9161415006451064, "params": {"C": 540.3623530554285, "epsilon": 0.0953253930301008, "gamma": 0.06061841623231446, "lamda": 0.10817647378493479}, "datetime": {"datetime": "2021-09-23 10:51:20", "elapsed": 16.82396, "delta": 0.559998}}
{"target": 0.9161602225041074, "params": {"C": 567.3811837997022, "epsilon": 0.2630094302576159, "gamma": 0.08279721268066649, "lamda": 0.08054459962861632}, "datetime": {"datetime": "2021-09-23 10:51:21", "elapsed": 17.254969, "delta": 0.431009}}
{"target": 0.9170102076788341, "params": {"C": 494.6411656430328, "epsilon": 0.1647591486718996, "gamma": 0.0666534808976819, "lamda": 0.16996445987957592}, "datetime": {"datetime": "2021-09-23 10:51:21", "elapsed": 17.770025, "delta": 0.515056}}
{"target": 0.9159563015874084, "params": {"C": 521.7457696091848, "epsilon": 0.2913084705765956, "gamma": 0.07895196533552834, "lamda": 0.11065763308089699}, "datetime": {"datetime": "2021-09-23 10:51:21", "elapsed": 18.226416, "delta": 0.456391}}
{"target": 0.9158062553658329, "params": {"C": 425.79468203779743, "epsilon": 0.24111555891184108, "gamma": 0.08398907760034718, "lamda": 0.11464656951366803}, "datetime": {"datetime": "2021-09-23 10:51:22", "elapsed": 18.662844, "delta": 0.436428}}
{"target": 0.9165745511743894, "params": {"C": 540.281209399833, "epsilon": 0.1805690522447086, "gamma": 0.07369934383724662, "lamda": 0.1682850790075182}, "datetime": {"datetime": "2021-09-23 10:51:22", "elapsed": 19.148149, "delta": 0.485305}}
{"target": 0.9177394132038987, "params": {"C": 530.707081943647, "epsilon": 0.10491400148805041, "gamma": 0.0719785132209844, "lamda": 0.157954728247905}, "datetime": {"datetime": "2021-09-23 10:51:23", "elapsed": 19.626112, "delta": 0.477963}}
{"target": 0.9154208470293308, "params": {"C": 530.6806275467422, "epsilon": 0.12062245997198676, "gamma": 0.0744726457617847, "lamda": 0.08064852110740961}, "datetime": {"datetime": "2021-09-23 10:51:23", "elapsed": 20.143895, "delta": 0.517783}}
{"target": 0.9175017084532092, "params": {"C": 494.70469002132955, "epsilon": 0.19363618583964634, "gamma": 0.0742839332549745, "lamda": 0.11442930857878136}, "datetime": {"datetime": "2021-09-23 10:51:24", "elapsed": 20.652198, "delta": 0.508303}}
{"target": 0.9164152776005052, "params": {"C": 494.62579145226755, "epsilon": 0.16443084446324668, "gamma": 0.06182061598208764, "lamda": 0.07843144176346212}, "datetime": {"datetime": "2021-09-23 10:51:24", "elapsed": 21.175497, "delta": 0.523299}}
{"target": 0.9119100097857928, "params": {"C": 548.6003163391999, "epsilon": 0.12197223999137108, "gamma": 0.08616865239310137, "lamda": 0.08124530283296796}, "datetime": {"datetime": "2021-09-23 10:51:25", "elapsed": 21.675376, "delta": 0.499879}}
{"target": 0.9135855572904522, "params": {"C": 494.70806509401757, "epsilon": 0.11778879807502876, "gamma": 0.08538661358710103, "lamda": 0.09887723576921988}, "datetime": {"datetime": "2021-09-23 10:51:25", "elapsed": 22.172182, "delta": 0.496806}}
{"target": 0.9172055944785739, "params": {"C": 494.67950877637884, "epsilon": 0.15724966898594103, "gamma": 0.06259126885180644, "lamda": 0.14854654454687938}, "datetime": {"datetime": "2021-09-23 10:51:26", "elapsed": 22.723856, "delta": 0.551674}}
{"target": 0.9161736661913281, "params": {"C": 494.65919077147504, "epsilon": 0.2074278065405603, "gamma": 0.08282524941985553, "lamda": 0.1211672664053998}, "datetime": {"datetime": "2021-09-23 10:51:27", "elapsed": 23.249852, "delta": 0.525996}}
{"target": 0.916807439665238, "params": {"C": 530.647372283604, "epsilon": 0.08982584053388873, "gamma": 0.07234133418233873, "lamda": 0.13926463830560842}, "datetime": {"datetime": "2021-09-23 10:51:27", "elapsed": 23.740805, "delta": 0.490953}}
{"target": 0.9133927169174556, "params": {"C": 540.3445338894527, "epsilon": 0.14390865152318488, "gamma": 0.08815413260363084, "lamda": 0.09247510916591511}, "datetime": {"datetime": "2021-09-23 10:51:27", "elapsed": 24.210777, "delta": 0.469972}}
{"target": 0.9156470148406953, "params": {"C": 438.91295582570945, "epsilon": 0.2675969008003216, "gamma": 0.06528825120075198, "lamda": 0.1306520368754834}, "datetime": {"datetime": "2021-09-23 10:51:28", "elapsed": 24.680069, "delta": 0.469292}}
{"target": 0.9179239667516335, "params": {"C": 530.686597756921, "epsilon": 0.13508273083043854, "gamma": 0.06904233044666586, "lamda": 0.16006655802270087}, "datetime": {"datetime": "2021-09-23 10:51:28", "elapsed": 25.160069, "delta": 0.48}}
{"target": 0.9145145909301412, "params": {"C": 530.6705122888287, "epsilon": 0.14232239965261345, "gamma": 0.08876783454700042, "lamda": 0.1362905740635664}, "datetime": {"datetime": "2021-09-23 10:51:29", "elapsed": 25.672074, "delta": 0.512005}}
{"target": 0.917664483195705, "params": {"C": 494.7022391613278, "epsilon": 0.1312166494150947, "gamma": 0.07077219685857876, "lamda": 0.1689486392579146}, "datetime": {"datetime": "2021-09-23 10:51:29", "elapsed": 26.161775, "delta": 0.489701}}
{"target": 0.9151430462133033, "params": {"C": 494.6661563416825, "epsilon": 0.20835036846086719, "gamma": 0.08770307483106372, "lamda": 0.12160357278250208}, "datetime": {"datetime": "2021-09-23 10:51:30", "elapsed": 26.631766, "delta": 0.469991}}
{"target": 0.9144808697557706, "params": {"C": 550.3513067365946, "epsilon": 0.17745007071717678, "gamma": 0.08432620916099101, "lamda": 0.07400786352430087}, "datetime": {"datetime": "2021-09-23 10:51:30", "elapsed": 27.112769, "delta": 0.481003}}
{"target": 0.9149294054880799, "params": {"C": 567.6345074935163, "epsilon": 0.13290108838787026, "gamma": 0.08779593889042805, "lamda": 0.15781402271794887}, "datetime": {"datetime": "2021-09-23 10:51:31", "elapsed": 27.588773, "delta": 0.476004}}
{"target": 0.916609720551944, "params": {"C": 540.3591898787333, "epsilon": 0.14012157722939345, "gamma": 0.08075069510782498, "lamda": 0.16473418205081164}, "datetime": {"datetime": "2021-09-23 10:51:31", "elapsed": 28.159938, "delta": 0.571165}}
{"target": 0.9152932542324694, "params": {"C": 478.5316374619577, "epsilon": 0.2758630205964383, "gamma": 0.08522532889049711, "lamda": 0.11192612353366724}, "datetime": {"datetime": "2021-09-23 10:51:32", "elapsed": 28.657746, "delta": 0.497808}}
{"target": 0.9165511640982833, "params": {"C": 494.68118394088077, "epsilon": 0.09773111588424513, "gamma": 0.07783267014023842, "lamda": 0.15294182322768674}, "datetime": {"datetime": "2021-09-23 10:51:32", "elapsed": 29.18901, "delta": 0.531264}}
{"target": 0.9165916409418027, "params": {"C": 425.22242710529235, "epsilon": 0.3270804842588863, "gamma": 0.07581899935981035, "lamda": 0.09117320404159643}, "datetime": {"datetime": "2021-09-23 10:51:33", "elapsed": 29.715774, "delta": 0.526764}}
{"target": 0.9168868209281864, "params": {"C": 540.319107194355, "epsilon": 0.16968289330108627, "gamma": 0.0791727226660567, "lamda": 0.1363267823014459}, "datetime": {"datetime": "2021-09-23 10:51:33", "elapsed": 30.232706, "delta": 0.516932}}
{"target": 0.9167387298640521, "params": {"C": 530.6461888313748, "epsilon": 0.16702839637909292, "gamma": 0.06386359933823231, "lamda": 0.16979935376078992}, "datetime": {"datetime": "2021-09-23 10:51:34", "elapsed": 30.766705, "delta": 0.533999}}
{"target": 0.9174668018577952, "params": {"C": 494.6330732129986, "epsilon": 0.17866407496281544, "gamma": 0.06345576739900477, "lamda": 0.11243642349634919}, "datetime": {"datetime": "2021-09-23 10:51:35", "elapsed": 31.278936, "delta": 0.512231}}
{"target": 0.9155117932630431, "params": {"C": 472.3096113867797, "epsilon": 0.07223077078267191, "gamma": 0.061361957038487826, "lamda": 0.12219428076686431}, "datetime": {"datetime": "2021-09-23 10:51:35", "elapsed": 31.787975, "delta": 0.509039}}
