{"target": -2.165895567503106, "params": {"C": 178.66775217907332, "epsilon": 0.1256103996866683, "gamma": 0.09600869260532258, "lamda": 0.250949212406042}, "datetime": {"datetime": "2021-09-23 12:55:00", "elapsed": 124.001402, "delta": 1.652806}}
{"target": -2.230742476570173, "params": {"C": 82.10550293811605, "epsilon": 0.16039394278063734, "gamma": 0.020302870298545973, "lamda": 0.27021341764706996}, "datetime": {"datetime": "2021-09-23 12:55:01", "elapsed": 124.834067, "delta": 0.832665}}
{"target": -2.078605831837563, "params": {"C": 56.117975198854076, "epsilon": 0.20017884786801204, "gamma": 0.04073566722577358, "lamda": 0.15927708219175965}, "datetime": {"datetime": "2021-09-23 12:55:02", "elapsed": 125.892063, "delta": 1.057996}}
{"target": -2.213713316945932, "params": {"C": 56.23117951704189, "epsilon": 0.1392021516447379, "gamma": 0.11166811496351114, "lamda": 0.20360901891665148}, "datetime": {"datetime": "2021-09-23 12:55:03", "elapsed": 126.909061, "delta": 1.016998}}
{"target": -2.168834148251944, "params": {"C": 165.3452021003351, "epsilon": 0.13146600991144713, "gamma": 0.021513240033278275, "lamda": 0.4316270437082908}, "datetime": {"datetime": "2021-09-23 12:55:04", "elapsed": 127.806064, "delta": 0.897003}}
{"target": -2.078370298391456, "params": {"C": 124.8051134265845, "epsilon": 0.15056319149677852, "gamma": 0.05692057721387864, "lamda": 0.49640226587883485}, "datetime": {"datetime": "2021-09-23 12:55:05", "elapsed": 129.045064, "delta": 1.239}}
{"target": -1.9652672291721431, "params": {"C": 146.1223494170021, "epsilon": 0.21144624239536514, "gamma": 0.03865606732178828, "lamda": 0.040138724977973585}, "datetime": {"datetime": "2021-09-23 12:55:06", "elapsed": 130.526064, "delta": 1.481}}
{"target": -2.272860508337191, "params": {"C": 145.9097201772168, "epsilon": 0.1693709605474361, "gamma": 0.013598706214189364, "lamda": 0.19350672518588444}, "datetime": {"datetime": "2021-09-23 12:55:08", "elapsed": 131.587748, "delta": 1.061684}}
{"target": -2.024723787580968, "params": {"C": 74.2773000433157, "epsilon": 0.05563414255485348, "gamma": 0.04508478124011574, "lamda": 0.06706674780079482}, "datetime": {"datetime": "2021-09-23 12:55:09", "elapsed": 132.736747, "delta": 1.148999}}
{"target": -2.001287014702013, "params": {"C": 74.1993175104162, "epsilon": 0.12240319632265813, "gamma": 0.056444199316869795, "lamda": 0.08356003450465152}, "datetime": {"datetime": "2021-09-23 12:55:10", "elapsed": 133.724614, "delta": 0.987867}}
{"target": -2.1150065577460566, "params": {"C": 74.27415543700643, "epsilon": 0.130377346861447, "gamma": 0.027388793551105784, "lamda": 0.0383703229296489}, "datetime": {"datetime": "2021-09-23 12:55:11", "elapsed": 134.824067, "delta": 1.099453}}
{"target": -2.0953221853548114, "params": {"C": 91.46835568424312, "epsilon": 0.4106370329986657, "gamma": 0.08413821377109326, "lamda": 0.035277901482307195}, "datetime": {"datetime": "2021-09-23 12:55:12", "elapsed": 135.794477, "delta": 0.97041}}
{"target": -2.181571383126854, "params": {"C": 116.99878731332024, "epsilon": 0.49836113068429844, "gamma": 0.10343722600777022, "lamda": 0.06204322259657761}, "datetime": {"datetime": "2021-09-23 12:55:13", "elapsed": 136.678118, "delta": 0.883641}}
{"target": -2.3560505785703385, "params": {"C": 74.20174532746023, "epsilon": 0.08879475226645468, "gamma": 0.14082287793544168, "lamda": 0.07411078163380169}, "datetime": {"datetime": "2021-09-23 12:55:14", "elapsed": 138.265061, "delta": 1.586943}}
{"target": -2.1357900742869105, "params": {"C": 163.8662921299892, "epsilon": 0.24375910489584882, "gamma": 0.019863269010282483, "lamda": 0.17117500850999715}, "datetime": {"datetime": "2021-09-23 12:55:15", "elapsed": 139.065484, "delta": 0.800423}}
{"target": -1.9578095567429394, "params": {"C": 165.3569238830967, "epsilon": 0.07762926287068181, "gamma": 0.046420114888618164, "lamda": 0.3652412280040867}, "datetime": {"datetime": "2021-09-23 12:55:16", "elapsed": 140.198489, "delta": 1.133005}}
{"target": -2.11328709532996, "params": {"C": 145.95135243012973, "epsilon": 0.10226499322137245, "gamma": 0.08454561960903764, "lamda": 0.14028589328888624}, "datetime": {"datetime": "2021-09-23 12:55:17", "elapsed": 141.21517, "delta": 1.016681}}
{"target": -2.2416822591963887, "params": {"C": 74.16175685743784, "epsilon": 0.12333314545303652, "gamma": 0.016956496311198388, "lamda": 0.02599548640465052}, "datetime": {"datetime": "2021-09-23 12:55:18", "elapsed": 142.414164, "delta": 1.198994}}
{"target": -2.070256376710992, "params": {"C": 164.62859937478947, "epsilon": 0.19038055261960324, "gamma": 0.06363631581048237, "lamda": 0.32331620330811517}, "datetime": {"datetime": "2021-09-23 12:55:19", "elapsed": 143.180098, "delta": 0.765934}}
{"target": -2.0220115438600734, "params": {"C": 146.15008166519317, "epsilon": 0.24621865686043726, "gamma": 0.06775775599437647, "lamda": 0.009689421475654422}, "datetime": {"datetime": "2021-09-23 12:55:20", "elapsed": 144.286098, "delta": 1.106}}
{"target": -2.1381177621246747, "params": {"C": 124.52070032663705, "epsilon": 0.11972889725998216, "gamma": 0.08866851461655145, "lamda": 0.3857224689022729}, "datetime": {"datetime": "2021-09-23 12:55:21", "elapsed": 145.032339, "delta": 0.746241}}
{"target": -2.014167103229091, "params": {"C": 146.11770204996628, "epsilon": 0.21926440302490952, "gamma": 0.03017068632273702, "lamda": 0.05259756192076706}, "datetime": {"datetime": "2021-09-23 12:55:22", "elapsed": 145.919646, "delta": 0.887307}}
{"target": -2.1439426034795255, "params": {"C": 165.37568791702108, "epsilon": 0.012271499161388678, "gamma": 0.07723248065725401, "lamda": 0.33517841793600117}, "datetime": {"datetime": "2021-09-23 12:55:23", "elapsed": 146.857386, "delta": 0.93774}}
{"target": -2.1058232265424683, "params": {"C": 163.16500756744716, "epsilon": 0.2978192351617522, "gamma": 0.0865282028363028, "lamda": 0.09451019719653625}, "datetime": {"datetime": "2021-09-23 12:55:24", "elapsed": 148.233389, "delta": 1.376003}}
{"target": -2.103905347243788, "params": {"C": 171.392799094917, "epsilon": 0.1139335909325714, "gamma": 0.06072948934253057, "lamda": 0.5939582500928633}, "datetime": {"datetime": "2021-09-23 12:55:25", "elapsed": 148.90139, "delta": 0.668001}}
{"target": -2.1443659112225704, "params": {"C": 164.62262092108443, "epsilon": 0.2000942633326113, "gamma": 0.08527913154767375, "lamda": 0.26681523849509503}, "datetime": {"datetime": "2021-09-23 12:55:26", "elapsed": 149.678388, "delta": 0.776998}}
{"target": -2.05607681350603, "params": {"C": 91.0649931862886, "epsilon": 0.423939525160292, "gamma": 0.03182405738320095, "lamda": 0.0038369722539380556}, "datetime": {"datetime": "2021-09-23 12:55:27", "elapsed": 150.928389, "delta": 1.250001}}
{"target": -2.051294915639452, "params": {"C": 91.08577530321386, "epsilon": 0.4407800746157273, "gamma": 0.03423325990469286, "lamda": 0.06300611268839988}, "datetime": {"datetime": "2021-09-23 12:55:28", "elapsed": 151.931389, "delta": 1.003}}
{"target": -2.3768607864803206, "params": {"C": 87.2953054248294, "epsilon": 0.33724317337406245, "gamma": 0.12396360295118651, "lamda": 0.2876666353184209}, "datetime": {"datetime": "2021-09-23 12:55:29", "elapsed": 152.642395, "delta": 0.711006}}
{"target": -2.193627717341858, "params": {"C": 139.30404613779018, "epsilon": 0.2647756954136454, "gamma": 0.08874949925207826, "lamda": 0.2790709285168934}, "datetime": {"datetime": "2021-09-23 12:55:30", "elapsed": 153.797507, "delta": 1.155112}}
{"target": -2.0036519434687734, "params": {"C": 163.79657629669518, "epsilon": 0.21527024486575605, "gamma": 0.04579272476137668, "lamda": 0.2336522993379559}, "datetime": {"datetime": "2021-09-23 12:55:31", "elapsed": 154.627508, "delta": 0.830001}}
{"target": -2.2232624021878364, "params": {"C": 74.2337840540693, "epsilon": 0.09377054435352339, "gamma": 0.019104380321870028, "lamda": 0.1496626756320957}, "datetime": {"datetime": "2021-09-23 12:55:32", "elapsed": 155.592272, "delta": 0.964764}}
{"target": -1.9472700726039054, "params": {"C": 146.0836437519963, "epsilon": 0.28980074894856506, "gamma": 0.042000969098040034, "lamda": 0.030244580122927092}, "datetime": {"datetime": "2021-09-23 12:55:32", "elapsed": 156.512926, "delta": 0.920654}}
{"target": -2.127598574579993, "params": {"C": 150.768544685531, "epsilon": 0.06140905847778387, "gamma": 0.08717303434176664, "lamda": 0.4774366798734106}, "datetime": {"datetime": "2021-09-23 12:55:33", "elapsed": 157.309213, "delta": 0.796287}}
{"target": -2.0488746266217133, "params": {"C": 145.96842479405714, "epsilon": 0.10667652408087083, "gamma": 0.0764466153421848, "lamda": 0.22813358392866329}, "datetime": {"datetime": "2021-09-23 12:55:34", "elapsed": 158.298211, "delta": 0.988998}}
{"target": -1.9775210924995812, "params": {"C": 146.15687003859927, "epsilon": 0.1596971365001804, "gamma": 0.05889385885207566, "lamda": 0.021285332617102578}, "datetime": {"datetime": "2021-09-23 12:55:36", "elapsed": 159.834369, "delta": 1.536158}}
{"target": -2.0780165389844694, "params": {"C": 149.52817761133156, "epsilon": 0.02957630748730751, "gamma": 0.07607666784215243, "lamda": 0.47813496911533815}, "datetime": {"datetime": "2021-09-23 12:55:37", "elapsed": 160.710914, "delta": 0.876545}}
{"target": -2.245444825900603, "params": {"C": 165.35348790139523, "epsilon": 0.1646831555770313, "gamma": 0.10170295234416366, "lamda": 0.336238318378492}, "datetime": {"datetime": "2021-09-23 12:55:38", "elapsed": 161.641701, "delta": 0.930787}}
{"target": -2.2472134986829904, "params": {"C": 120.35242006288145, "epsilon": 0.48442178362846594, "gamma": 0.10117014625072758, "lamda": 0.16663449998851504}, "datetime": {"datetime": "2021-09-23 12:55:39", "elapsed": 162.572699, "delta": 0.930998}}
{"target": -2.1155189281474356, "params": {"C": 139.348314146191, "epsilon": 0.2649730811250825, "gamma": 0.0824438658514853, "lamda": 0.0347615723571316}, "datetime": {"datetime": "2021-09-23 12:55:39", "elapsed": 163.400931, "delta": 0.828232}}
{"target": -1.9542925574582062, "params": {"C": 145.99905659290468, "epsilon": 0.3297295574541182, "gamma": 0.04075854285966901, "lamda": 0.10386627153370456}, "datetime": {"datetime": "2021-09-23 12:55:41", "elapsed": 164.793541, "delta": 1.39261}}
{"target": -2.290885768269605, "params": {"C": 199.9546910815288, "epsilon": 0.4698325280281847, "gamma": 0.10729037307270191, "lamda": 0.16086657984300648}, "datetime": {"datetime": "2021-09-23 12:55:42", "elapsed": 165.873496, "delta": 1.079955}}
{"target": -2.336745497746261, "params": {"C": 108.35782433183142, "epsilon": 0.48489816046882944, "gamma": 0.09574431249211689, "lamda": 0.29595941551427574}, "datetime": {"datetime": "2021-09-23 12:55:43", "elapsed": 166.91714, "delta": 1.043644}}
{"target": -2.248083305353987, "params": {"C": 103.31680329043985, "epsilon": 0.07815671849112411, "gamma": 0.1132241948079442, "lamda": 0.2232103053529644}, "datetime": {"datetime": "2021-09-23 12:55:44", "elapsed": 167.775931, "delta": 0.858791}}
{"target": -2.207945576300563, "params": {"C": 163.84481175875428, "epsilon": 0.17663954471375243, "gamma": 0.1042695809105977, "lamda": 0.1964184983949722}, "datetime": {"datetime": "2021-09-23 12:55:45", "elapsed": 168.698929, "delta": 0.922998}}
{"target": -1.9515579986989515, "params": {"C": 163.73658010756753, "epsilon": 0.2418611520861752, "gamma": 0.04990331981431694, "lamda": 0.13692666851135396}, "datetime": {"datetime": "2021-09-23 12:55:46", "elapsed": 169.586221, "delta": 0.887292}}
{"target": -1.9907953936988725, "params": {"C": 146.0011313597164, "epsilon": 0.29270274865162654, "gamma": 0.03376956120189845, "lamda": 0.06155129652295235}, "datetime": {"datetime": "2021-09-23 12:55:47", "elapsed": 170.669801, "delta": 1.08358}}
{"target": -2.1906111268217976, "params": {"C": 119.34855356200406, "epsilon": 0.4374455630660368, "gamma": 0.07035086836388028, "lamda": 0.27375963007795034}, "datetime": {"datetime": "2021-09-23 12:55:48", "elapsed": 171.681106, "delta": 1.011305}}
{"target": -2.063572068291645, "params": {"C": 146.0092212412704, "epsilon": 0.37136323825206174, "gamma": 0.06963850329584706, "lamda": 0.1536245782994395}, "datetime": {"datetime": "2021-09-23 12:55:49", "elapsed": 173.009675, "delta": 1.328569}}
{"target": -2.244463920390698, "params": {"C": 178.2610862466985, "epsilon": 0.21668976051107178, "gamma": 0.02535375129304629, "lamda": 0.5587595894604243}, "datetime": {"datetime": "2021-09-23 12:55:50", "elapsed": 173.730003, "delta": 0.720328}}
{"target": -2.0268858931498817, "params": {"C": 146.0030264493294, "epsilon": 0.28144238898266405, "gamma": 0.06817984652831033, "lamda": 0.14878710088804978}, "datetime": {"datetime": "2021-09-23 12:55:51", "elapsed": 174.794004, "delta": 1.064001}}
{"target": -1.972923254134013, "params": {"C": 146.05251651455671, "epsilon": 0.31038571555112915, "gamma": 0.06227348772357061, "lamda": 0.10055288192289959}, "datetime": {"datetime": "2021-09-23 12:55:52", "elapsed": 175.879366, "delta": 1.085362}}
{"target": -2.0167471458281736, "params": {"C": 144.11381619608957, "epsilon": 0.17557695329685988, "gamma": 0.0481375839059562, "lamda": 0.32562390890994036}, "datetime": {"datetime": "2021-09-23 12:55:53", "elapsed": 177.110608, "delta": 1.231242}}
{"target": -1.9649192475621489, "params": {"C": 163.69533992406986, "epsilon": 0.2565287634432263, "gamma": 0.03508134265661331, "lamda": 0.05389382293170699}, "datetime": {"datetime": "2021-09-23 12:55:54", "elapsed": 178.233808, "delta": 1.1232}}
{"target": -2.099735319025205, "params": {"C": 108.3350684772052, "epsilon": 0.16055217343464973, "gamma": 0.08815332552079568, "lamda": 0.16542674262004092}, "datetime": {"datetime": "2021-09-23 12:55:55", "elapsed": 179.077563, "delta": 0.843755}}
{"target": -2.372550588839529, "params": {"C": 163.73317633625305, "epsilon": 0.2267781532570161, "gamma": 0.01, "lamda": 0.19348745954801574}, "datetime": {"datetime": "2021-09-23 12:55:56", "elapsed": 180.268583, "delta": 1.19102}}
{"target": -2.1295160164456783, "params": {"C": 163.81237018045653, "epsilon": 0.2978218290928813, "gamma": 0.08740179613170691, "lamda": 0.04757839740607052}, "datetime": {"datetime": "2021-09-23 12:55:57", "elapsed": 181.562651, "delta": 1.294068}}
{"target": -2.0342486922510075, "params": {"C": 146.00528479152922, "epsilon": 0.2722638655179419, "gamma": 0.02845373435773431, "lamda": 0.1058181369326779}, "datetime": {"datetime": "2021-09-23 12:55:59", "elapsed": 183.230395, "delta": 1.667744}}
{"target": -1.9536235247336233, "params": {"C": 163.74764818849715, "epsilon": 0.3426843088092503, "gamma": 0.055046369449808445, "lamda": 0.09224416977054145}, "datetime": {"datetime": "2021-09-23 12:56:00", "elapsed": 184.489575, "delta": 1.25918}}
{"target": -2.2255360898882186, "params": {"C": 163.77396624823925, "epsilon": 0.4109309481503855, "gamma": 0.10912137876611738, "lamda": 0.0680831246386018}, "datetime": {"datetime": "2021-09-23 12:56:02", "elapsed": 185.814338, "delta": 1.324763}}
{"target": -2.107023134606844, "params": {"C": 146.8648926147393, "epsilon": 0.08114238821518979, "gamma": 0.07603497077069443, "lamda": 0.5575707767457778}, "datetime": {"datetime": "2021-09-23 12:56:03", "elapsed": 186.817336, "delta": 1.002998}}
{"target": -2.2396750616479886, "params": {"C": 190.2094068384443, "epsilon": 0.4154045715881322, "gamma": 0.10006640158820156, "lamda": 0.016658056180191498}, "datetime": {"datetime": "2021-09-23 12:56:04", "elapsed": 188.166194, "delta": 1.348858}}
{"target": -2.0276706903102912, "params": {"C": 146.06621058328142, "epsilon": 0.3533712474613694, "gamma": 0.03258037311044242, "lamda": 0.13686858008643887}, "datetime": {"datetime": "2021-09-23 12:56:05", "elapsed": 189.338194, "delta": 1.172}}
{"target": -2.2442374569968213, "params": {"C": 50.50631077644183, "epsilon": 0.056636976819322775, "gamma": 0.11843274120815511, "lamda": 0.2758538725958116}, "datetime": {"datetime": "2021-09-23 12:56:06", "elapsed": 190.24919, "delta": 0.910996}}
{"target": -1.9793247357459034, "params": {"C": 145.9896391788468, "epsilon": 0.1730769106638263, "gamma": 0.036620832616464837, "lamda": 0.21098065627980978}, "datetime": {"datetime": "2021-09-23 12:56:07", "elapsed": 191.193193, "delta": 0.944003}}
{"target": -2.0304291726620125, "params": {"C": 163.7165132680879, "epsilon": 0.3693996162842154, "gamma": 0.03226665872530244, "lamda": 0.12964225565490275}, "datetime": {"datetime": "2021-09-23 12:56:09", "elapsed": 192.703194, "delta": 1.510001}}
{"target": -2.389191915975013, "params": {"C": 60.95440950473464, "epsilon": 0.45722080368226875, "gamma": 0.13689081061100114, "lamda": 0.19517903374718085}, "datetime": {"datetime": "2021-09-23 12:56:10", "elapsed": 193.652738, "delta": 0.949544}}
{"target": -2.3280684266816967, "params": {"C": 124.07744159777288, "epsilon": 0.39813819699709146, "gamma": 0.013174647990341442, "lamda": 0.15243057003999083}, "datetime": {"datetime": "2021-09-23 12:56:11", "elapsed": 195.268742, "delta": 1.616004}}
{"target": -2.265635340520186, "params": {"C": 163.7035570805976, "epsilon": 0.29772719473988196, "gamma": 0.11620621505928885, "lamda": 0.08070200442747406}, "datetime": {"datetime": "2021-09-23 12:56:12", "elapsed": 196.512741, "delta": 1.243999}}
{"target": -2.2686661943437243, "params": {"C": 117.20166851329031, "epsilon": 0.14851905323946532, "gamma": 0.01491672146146241, "lamda": 0.18021497274848328}, "datetime": {"datetime": "2021-09-23 12:56:14", "elapsed": 197.692742, "delta": 1.180001}}
{"target": -2.218261264755512, "params": {"C": 167.33538686982237, "epsilon": 0.43957155879279786, "gamma": 0.08822787855472551, "lamda": 0.1945410758660958}, "datetime": {"datetime": "2021-09-23 12:56:16", "elapsed": 199.579178, "delta": 1.886436}}
{"target": -2.108951062498817, "params": {"C": 142.0299430837294, "epsilon": 0.2713570721774801, "gamma": 0.08708128624761616, "lamda": 0.07172205782885044}, "datetime": {"datetime": "2021-09-23 12:56:17", "elapsed": 200.583019, "delta": 1.003841}}
{"target": -1.9900463153486887, "params": {"C": 146.07741252785144, "epsilon": 0.13910587684090905, "gamma": 0.05836414151481232, "lamda": 0.013807690254145508}, "datetime": {"datetime": "2021-09-23 12:56:18", "elapsed": 202.326265, "delta": 1.743246}}
{"target": -2.079784516175572, "params": {"C": 91.77607058575774, "epsilon": 0.4824702622856427, "gamma": 0.08254339069117897, "lamda": 0.10344654360336536}, "datetime": {"datetime": "2021-09-23 12:56:19", "elapsed": 203.525076, "delta": 1.198811}}
{"target": -2.45202259024296, "params": {"C": 71.6037425487568, "epsilon": 0.2981731929973618, "gamma": 0.11924057006829163, "lamda": 0.5061202492999823}, "datetime": {"datetime": "2021-09-23 12:56:21", "elapsed": 204.775077, "delta": 1.250001}}
{"target": -2.142087858004087, "params": {"C": 146.0507666179605, "epsilon": 0.37769290201269395, "gamma": 0.02005721869667995, "lamda": 0.057042543253855174}, "datetime": {"datetime": "2021-09-23 12:56:22", "elapsed": 206.384635, "delta": 1.609558}}
{"target": -2.2535230453258985, "params": {"C": 144.16228818514958, "epsilon": 0.16066689842020615, "gamma": 0.015209345477271576, "lamda": 0.283125700995278}, "datetime": {"datetime": "2021-09-23 12:56:24", "elapsed": 208.001316, "delta": 1.616681}}
{"target": -2.09564643862583, "params": {"C": 146.15410668423294, "epsilon": 0.33136675667659055, "gamma": 0.02369101715231543, "lamda": 0.131939978106264}, "datetime": {"datetime": "2021-09-23 12:56:26", "elapsed": 209.737862, "delta": 1.736546}}
{"target": -1.998281347311254, "params": {"C": 163.81898651678824, "epsilon": 0.3176442017122019, "gamma": 0.040866288301479405, "lamda": 0.1448378392897544}, "datetime": {"datetime": "2021-09-23 12:56:28", "elapsed": 211.936849, "delta": 2.198987}}
{"target": -2.398261769543582, "params": {"C": 88.77712788593048, "epsilon": 0.04102102820331792, "gamma": 0.14809470420158746, "lamda": 0.055822176074722334}, "datetime": {"datetime": "2021-09-23 12:56:29", "elapsed": 213.14753, "delta": 1.210681}}
{"target": -2.1900372876106444, "params": {"C": 144.11485323001583, "epsilon": 0.24818935025446157, "gamma": 0.08069336317103665, "lamda": 0.3420541083378988}, "datetime": {"datetime": "2021-09-23 12:56:31", "elapsed": 215.074728, "delta": 1.927198}}
{"target": -2.171430016416178, "params": {"C": 64.20297244632867, "epsilon": 0.18614678466166462, "gamma": 0.0706483281479551, "lamda": 0.5613068721231397}, "datetime": {"datetime": "2021-09-23 12:56:33", "elapsed": 216.8656, "delta": 1.790872}}
{"target": -2.022485126747374, "params": {"C": 163.77695605727348, "epsilon": 0.3905441737738851, "gamma": 0.02787252346036164, "lamda": 0.08341226712937241}, "datetime": {"datetime": "2021-09-23 12:56:34", "elapsed": 218.066021, "delta": 1.200421}}
{"target": -2.1763610165389533, "params": {"C": 69.20131229923507, "epsilon": 0.07246611661906258, "gamma": 0.026350096800714352, "lamda": 0.34975754255857067}, "datetime": {"datetime": "2021-09-23 12:56:35", "elapsed": 219.284921, "delta": 1.2189}}
{"target": -2.131135260007006, "params": {"C": 146.0075922554324, "epsilon": 0.23717551465985995, "gamma": 0.08241031833641771, "lamda": 0.013556769066322822}, "datetime": {"datetime": "2021-09-23 12:56:37", "elapsed": 220.908584, "delta": 1.623663}}
{"target": -1.9499292157108128, "params": {"C": 163.6565112423646, "epsilon": 0.1759524780001758, "gamma": 0.05463438139002342, "lamda": 0.08548070580324678}, "datetime": {"datetime": "2021-09-23 12:56:38", "elapsed": 222.511172, "delta": 1.602588}}
{"target": -1.9281202259911259, "params": {"C": 163.7272468446543, "epsilon": 0.2335330328244932, "gamma": 0.0421198234534831, "lamda": 0.08629477107867403}, "datetime": {"datetime": "2021-09-23 12:56:40", "elapsed": 224.502297, "delta": 1.991125}}
{"target": -2.030953462370264, "params": {"C": 163.78545778162663, "epsilon": 0.3560244674461617, "gamma": 0.030752490593469003, "lamda": 0.1261175034909211}, "datetime": {"datetime": "2021-09-23 12:56:42", "elapsed": 226.019832, "delta": 1.517535}}
