{"target": 0.8993859600853252, "params": {"C": 154.86587238704607, "epsilon": 0.10442816252739484, "gamma": 0.05574940755646784, "lamda": 0.09452604540493156}, "datetime": {"datetime": "2021-09-23 09:41:13", "elapsed": 1.580369, "delta": 0.515287}}
{"target": 0.8780194591289964, "params": {"C": 198.13761888511053, "epsilon": 0.05843288696048798, "gamma": 0.03345911087679224, "lamda": 0.0622034029059124}, "datetime": {"datetime": "2021-09-23 09:41:14", "elapsed": 2.138846, "delta": 0.558477}}
{"target": 0.9092103776632685, "params": {"C": 150.02360376427154, "epsilon": 0.9786848393648643, "gamma": 0.07937210705764716, "lamda": 0.05812365125963933}, "datetime": {"datetime": "2021-09-23 09:41:14", "elapsed": 2.636375, "delta": 0.497529}}
{"target": 0.9112987532098275, "params": {"C": 183.79498969641597, "epsilon": 1.0, "gamma": 0.08, "lamda": 0.045}, "datetime": {"datetime": "2021-09-23 09:41:15", "elapsed": 3.100835, "delta": 0.46446}}
{"target": 0.8997313613594656, "params": {"C": 181.49524795005777, "epsilon": 0.0038927924100953227, "gamma": 0.07340281211280368, "lamda": 0.07567246171001557}, "datetime": {"datetime": "2021-09-23 09:41:15", "elapsed": 3.796881, "delta": 0.696046}}
{"target": 0.7529461566099561, "params": {"C": 185.11953201968421, "epsilon": 0.001, "gamma": 0.001, "lamda": 0.1}, "datetime": {"datetime": "2021-09-23 09:41:16", "elapsed": 4.679671, "delta": 0.88279}}
{"target": 0.8674820786158813, "params": {"C": 152.04819935529787, "epsilon": 0.2272742739850291, "gamma": 0.02672609461751368, "lamda": 0.05535824325279318}, "datetime": {"datetime": "2021-09-23 09:41:17", "elapsed": 5.063257, "delta": 0.383586}}
{"target": 0.9004950838174707, "params": {"C": 183.69707575750758, "epsilon": 0.9871796754207213, "gamma": 0.04634521940887392, "lamda": 0.06598527401103862}, "datetime": {"datetime": "2021-09-23 09:41:17", "elapsed": 5.524808, "delta": 0.461551}}
{"target": 0.9113156245503834, "params": {"C": 184.36861779296393, "epsilon": 1.0, "gamma": 0.08, "lamda": 0.045}, "datetime": {"datetime": "2021-09-23 09:41:18", "elapsed": 6.108567, "delta": 0.583759}}
{"target": 0.8392373075048093, "params": {"C": 185.79395339315687, "epsilon": 0.26836721165401656, "gamma": 0.008157103618839909, "lamda": 0.08352555973017023}, "datetime": {"datetime": "2021-09-23 09:41:18", "elapsed": 6.485056, "delta": 0.376489}}
{"target": 0.8917606685703192, "params": {"C": 161.729904637292, "epsilon": 0.13116976825260407, "gamma": 0.04399420493304572, "lamda": 0.09063703538980283}, "datetime": {"datetime": "2021-09-23 09:41:18", "elapsed": 6.869121, "delta": 0.384065}}
{"target": 0.8911926463685411, "params": {"C": 170.24619350359916, "epsilon": 0.0449463867332195, "gamma": 0.04764443664040955, "lamda": 0.08464222774403474}, "datetime": {"datetime": "2021-09-23 09:41:19", "elapsed": 7.316221, "delta": 0.4471}}
{"target": 0.834317372332495, "params": {"C": 150.18363941842725, "epsilon": 0.16686248878823126, "gamma": 0.007005651094489291, "lamda": 0.08897892350643849}, "datetime": {"datetime": "2021-09-23 09:41:20", "elapsed": 8.002372, "delta": 0.686151}}
{"target": 0.8492787521154852, "params": {"C": 163.94914145661033, "epsilon": 0.4675696406013723, "gamma": 0.012460758736985766, "lamda": 0.07729648371398395}, "datetime": {"datetime": "2021-09-23 09:41:20", "elapsed": 8.372364, "delta": 0.369992}}
{"target": 0.8966508174577293, "params": {"C": 181.3674858335014, "epsilon": 0.8356986482318105, "gamma": 0.04051413344874544, "lamda": 0.07801278134545167}, "datetime": {"datetime": "2021-09-23 09:41:20", "elapsed": 8.76766, "delta": 0.395296}}
{"target": 0.9046299939232245, "params": {"C": 188.5489630988289, "epsilon": 0.03665684261188039, "gamma": 0.07652430788424844, "lamda": 0.07655102840387493}, "datetime": {"datetime": "2021-09-23 09:41:21", "elapsed": 9.251645, "delta": 0.483985}}
{"target": 0.9137134577172621, "params": {"C": 188.29447338341296, "epsilon": 0.2591921533560493, "gamma": 0.08, "lamda": 0.045}, "datetime": {"datetime": "2021-09-23 09:41:21", "elapsed": 9.718188, "delta": 0.466543}}
{"target": 0.8939871020266279, "params": {"C": 173.47057419331804, "epsilon": 0.9673346931028696, "gamma": 0.03632090019436423, "lamda": 0.053786803233144116}, "datetime": {"datetime": "2021-09-23 09:41:22", "elapsed": 10.134952, "delta": 0.416764}}
{"target": 0.9060905324056988, "params": {"C": 184.0587217110428, "epsilon": 0.7383326296359695, "gamma": 0.060495174193213645, "lamda": 0.09887075321477386}, "datetime": {"datetime": "2021-09-23 09:41:22", "elapsed": 10.619372, "delta": 0.48442}}
{"target": 0.914072674248237, "params": {"C": 165.5265560036828, "epsilon": 0.33600185467739285, "gamma": 0.07974806298255355, "lamda": 0.06963006118117562}, "datetime": {"datetime": "2021-09-23 09:41:23", "elapsed": 10.987489, "delta": 0.368117}}
{"target": 0.9125797549907803, "params": {"C": 188.67509019342896, "epsilon": 0.5184487178219136, "gamma": 0.07907809293388031, "lamda": 0.06859134865545939}, "datetime": {"datetime": "2021-09-23 09:41:23", "elapsed": 11.493588, "delta": 0.506099}}
{"target": 0.912796925800591, "params": {"C": 165.9887101829575, "epsilon": 0.4178028928925116, "gamma": 0.06582514665010838, "lamda": 0.05735285558880191}, "datetime": {"datetime": "2021-09-23 09:41:24", "elapsed": 12.184587, "delta": 0.690999}}
{"target": 0.9094855192590834, "params": {"C": 150.003499463435, "epsilon": 0.9638175361523683, "gamma": 0.07548222175147967, "lamda": 0.0541974827004045}, "datetime": {"datetime": "2021-09-23 09:41:24", "elapsed": 12.622437, "delta": 0.43785}}
{"target": 0.9086599021286352, "params": {"C": 179.60429766615397, "epsilon": 0.7783929548149774, "gamma": 0.06710409769833788, "lamda": 0.07991592635380225}, "datetime": {"datetime": "2021-09-23 09:41:25", "elapsed": 13.018671, "delta": 0.396234}}
{"target": 0.771861587502302, "params": {"C": 164.31267643732775, "epsilon": 0.47651359662465886, "gamma": 0.001468836802597519, "lamda": 0.04567705568874805}, "datetime": {"datetime": "2021-09-23 09:41:25", "elapsed": 13.494023, "delta": 0.475352}}
{"target": 0.8992687587752644, "params": {"C": 165.66488498536538, "epsilon": 0.8678244657730387, "gamma": 0.047813542340198176, "lamda": 0.09607266891703051}, "datetime": {"datetime": "2021-09-23 09:41:26", "elapsed": 14.017417, "delta": 0.523394}}
{"target": 0.8931022155852826, "params": {"C": 165.84110826695974, "epsilon": 0.011978600165626508, "gamma": 0.051296571202754306, "lamda": 0.0984897990162611}, "datetime": {"datetime": "2021-09-23 09:41:26", "elapsed": 14.92254, "delta": 0.905123}}
{"target": 0.9074098787325816, "params": {"C": 180.2097607877153, "epsilon": 0.7355358137118437, "gamma": 0.06022142581911541, "lamda": 0.07927456902004797}, "datetime": {"datetime": "2021-09-23 09:41:27", "elapsed": 15.720633, "delta": 0.798093}}
{"target": 0.9098824683864923, "params": {"C": 179.8569037502945, "epsilon": 0.22585134611065466, "gamma": 0.059986487460061466, "lamda": 0.06450302041259041}, "datetime": {"datetime": "2021-09-23 09:41:28", "elapsed": 16.324949, "delta": 0.604316}}
{"target": 0.8925534024820084, "params": {"C": 180.4759456432351, "epsilon": 0.1523999281544896, "gamma": 0.04434633552362947, "lamda": 0.06367035340482909}, "datetime": {"datetime": "2021-09-23 09:41:29", "elapsed": 17.027973, "delta": 0.703024}}
{"target": 0.8739821120085862, "params": {"C": 179.218196961129, "epsilon": 0.2586399218282183, "gamma": 0.02771132950333918, "lamda": 0.06053432903508275}, "datetime": {"datetime": "2021-09-23 09:41:29", "elapsed": 17.7107, "delta": 0.682727}}
{"target": 0.9117627555888377, "params": {"C": 166.43681632623813, "epsilon": 0.8242648675341508, "gamma": 0.08, "lamda": 0.045}, "datetime": {"datetime": "2021-09-23 09:41:30", "elapsed": 18.39887, "delta": 0.68817}}
{"target": 0.9051408259359413, "params": {"C": 182.03576744220274, "epsilon": 0.06728918851559694, "gamma": 0.06527695524874022, "lamda": 0.09440264319833541}, "datetime": {"datetime": "2021-09-23 09:41:30", "elapsed": 18.900849, "delta": 0.501979}}
{"target": 0.9072912456870769, "params": {"C": 166.64900462563867, "epsilon": 0.27882516327680235, "gamma": 0.061103787044075354, "lamda": 0.04689212247640631}, "datetime": {"datetime": "2021-09-23 09:41:31", "elapsed": 19.447806, "delta": 0.546957}}
{"target": 0.905611463309222, "params": {"C": 182.04368371168866, "epsilon": 0.06397534463005068, "gamma": 0.07079821073414903, "lamda": 0.07594892538055738}, "datetime": {"datetime": "2021-09-23 09:41:31", "elapsed": 19.891189, "delta": 0.443383}}
{"target": 0.7252875524278242, "params": {"C": 167.07712600841543, "epsilon": 0.8102788771158781, "gamma": 0.001, "lamda": 0.1}, "datetime": {"datetime": "2021-09-23 09:41:32", "elapsed": 20.575612, "delta": 0.684423}}
{"target": 0.9126472005540242, "params": {"C": 182.15288210192028, "epsilon": 0.7270768010290727, "gamma": 0.08, "lamda": 0.045}, "datetime": {"datetime": "2021-09-23 09:41:33", "elapsed": 21.194839, "delta": 0.619227}}
{"target": 0.9132486351070774, "params": {"C": 182.6939779183141, "epsilon": 0.3512102034387878, "gamma": 0.07686323142248078, "lamda": 0.08685682784925552}, "datetime": {"datetime": "2021-09-23 09:41:33", "elapsed": 21.79043, "delta": 0.595591}}
{"target": 0.9094847976157873, "params": {"C": 192.23361519040526, "epsilon": 0.7151348919531788, "gamma": 0.06103266005908844, "lamda": 0.06063962383659118}, "datetime": {"datetime": "2021-09-23 09:41:34", "elapsed": 22.229415, "delta": 0.438985}}
{"target": 0.8278351952855334, "params": {"C": 182.68951394881967, "epsilon": 0.9395586545772392, "gamma": 0.0063054642891060405, "lamda": 0.06895023674730036}, "datetime": {"datetime": "2021-09-23 09:41:34", "elapsed": 22.947419, "delta": 0.718004}}
{"target": 0.9088212649814129, "params": {"C": 192.23715990978747, "epsilon": 0.7164000447364647, "gamma": 0.05607856351602796, "lamda": 0.047742886120393555}, "datetime": {"datetime": "2021-09-23 09:41:35", "elapsed": 23.406225, "delta": 0.458806}}
{"target": 0.8333054651271435, "params": {"C": 183.02906619481712, "epsilon": 0.03434444806379284, "gamma": 0.004142095403900288, "lamda": 0.07367117185334418}, "datetime": {"datetime": "2021-09-23 09:41:36", "elapsed": 24.309768, "delta": 0.903543}}
{"target": 0.9115283971133193, "params": {"C": 191.72952221295765, "epsilon": 0.40441882168209614, "gamma": 0.06439319908278238, "lamda": 0.08363832819352858}, "datetime": {"datetime": "2021-09-23 09:41:36", "elapsed": 24.955341, "delta": 0.645573}}
{"target": 0.9055988203896396, "params": {"C": 191.69906136290663, "epsilon": 0.9767589692963509, "gamma": 0.06107131677666111, "lamda": 0.082958261126879}, "datetime": {"datetime": "2021-09-23 09:41:37", "elapsed": 25.568756, "delta": 0.613415}}
{"target": 0.9135285723976616, "params": {"C": 192.24663771071673, "epsilon": 0.10360967659124326, "gamma": 0.08, "lamda": 0.1}, "datetime": {"datetime": "2021-09-23 09:41:38", "elapsed": 26.327463, "delta": 0.758707}}
{"target": 0.9149276158850136, "params": {"C": 192.86440275004716, "epsilon": 0.3008712758698467, "gamma": 0.07256851201308362, "lamda": 0.06247396406035153}, "datetime": {"datetime": "2021-09-23 09:41:39", "elapsed": 27.005669, "delta": 0.678206}}
{"target": 0.8900252647919692, "params": {"C": 192.99974855284233, "epsilon": 0.8690575095818952, "gamma": 0.03370107777355273, "lamda": 0.09311716319137395}, "datetime": {"datetime": "2021-09-23 09:41:39", "elapsed": 27.700103, "delta": 0.694434}}
{"target": 0.9009596968458762, "params": {"C": 193.35389720487055, "epsilon": 0.001, "gamma": 0.08, "lamda": 0.1}, "datetime": {"datetime": "2021-09-23 09:41:40", "elapsed": 28.581156, "delta": 0.881053}}
{"target": 0.7949296562699604, "params": {"C": 191.12097970390965, "epsilon": 0.5958554881301107, "gamma": 0.0019761660568911685, "lamda": 0.04709717735272739}, "datetime": {"datetime": "2021-09-23 09:41:41", "elapsed": 29.220611, "delta": 0.639455}}
{"target": 0.9114301073018392, "params": {"C": 188.31172950154408, "epsilon": 1.0, "gamma": 0.08, "lamda": 0.045}, "datetime": {"datetime": "2021-09-23 09:41:41", "elapsed": 29.892641, "delta": 0.67203}}
{"target": 0.9114484414489189, "params": {"C": 188.95164590096817, "epsilon": 1.0, "gamma": 0.08, "lamda": 0.045}, "datetime": {"datetime": "2021-09-23 09:41:42", "elapsed": 30.580102, "delta": 0.687461}}
{"target": 0.9110654795064789, "params": {"C": 189.49423391135002, "epsilon": 0.7121584812277766, "gamma": 0.06455269691204835, "lamda": 0.050259028570494996}, "datetime": {"datetime": "2021-09-23 09:41:43", "elapsed": 31.313622, "delta": 0.73352}}
{"target": 0.9118952499984243, "params": {"C": 187.68905166276565, "epsilon": 0.8846380098178165, "gamma": 0.08, "lamda": 0.045}, "datetime": {"datetime": "2021-09-23 09:41:44", "elapsed": 32.003886, "delta": 0.690264}}
{"target": 0.8899754256628198, "params": {"C": 187.5235253039306, "epsilon": 0.30625253322714885, "gamma": 0.032236772856115474, "lamda": 0.09943266682118412}, "datetime": {"datetime": "2021-09-23 09:41:44", "elapsed": 32.705091, "delta": 0.701205}}
{"target": 0.908237797199162, "params": {"C": 187.0914185906557, "epsilon": 0.9959597326619029, "gamma": 0.06260615061847558, "lamda": 0.05797165504465292}, "datetime": {"datetime": "2021-09-23 09:41:45", "elapsed": 33.291876, "delta": 0.586785}}
{"target": 0.9093740311595728, "params": {"C": 189.68453916344944, "epsilon": 0.14030369935298115, "gamma": 0.07637326159155751, "lamda": 0.048342162452211485}, "datetime": {"datetime": "2021-09-23 09:41:46", "elapsed": 34.01452, "delta": 0.722644}}
{"target": 0.883636740128987, "params": {"C": 190.02381333892367, "epsilon": 0.6446825141051564, "gamma": 0.0263711449440493, "lamda": 0.08945102470063146}, "datetime": {"datetime": "2021-09-23 09:41:46", "elapsed": 34.704045, "delta": 0.689525}}
{"target": 0.9011141188811098, "params": {"C": 179.86591693539089, "epsilon": 0.22259595532227694, "gamma": 0.05087254307968213, "lamda": 0.05708520020098391}, "datetime": {"datetime": "2021-09-23 09:41:47", "elapsed": 35.18889, "delta": 0.484845}}
{"target": 0.9132551853157745, "params": {"C": 188.17888255633204, "epsilon": 0.39856526165355405, "gamma": 0.06505901745727637, "lamda": 0.05776345995069239}, "datetime": {"datetime": "2021-09-23 09:41:47", "elapsed": 35.681702, "delta": 0.492812}}
{"target": 0.9146041561919525, "params": {"C": 192.29393035559912, "epsilon": 0.23373402703511997, "gamma": 0.07419597241146055, "lamda": 0.0946381699958975}, "datetime": {"datetime": "2021-09-23 09:41:48", "elapsed": 36.101044, "delta": 0.419342}}
{"target": 0.9102619510407759, "params": {"C": 179.6799283269036, "epsilon": 0.42239540967467293, "gamma": 0.05672414485281563, "lamda": 0.05832898070339142}, "datetime": {"datetime": "2021-09-23 09:41:48", "elapsed": 36.671534, "delta": 0.57049}}
{"target": 0.9133154273543752, "params": {"C": 191.7414153734975, "epsilon": 0.4019944751030159, "gamma": 0.07737369765648126, "lamda": 0.07684892455049189}, "datetime": {"datetime": "2021-09-23 09:41:49", "elapsed": 37.101741, "delta": 0.430207}}
{"target": 0.9025086475841456, "params": {"C": 179.6538602143762, "epsilon": 0.019668345071988967, "gamma": 0.07713296777700598, "lamda": 0.07531883789159526}, "datetime": {"datetime": "2021-09-23 09:41:49", "elapsed": 37.852084, "delta": 0.750343}}
{"target": 0.891706741741402, "params": {"C": 182.32822330950313, "epsilon": 0.35316177571134993, "gamma": 0.03540771188017854, "lamda": 0.06993029066156195}, "datetime": {"datetime": "2021-09-23 09:41:50", "elapsed": 38.464191, "delta": 0.612107}}
{"target": 0.9136420292107144, "params": {"C": 189.10246015143292, "epsilon": 0.5933892947930942, "gamma": 0.08, "lamda": 0.045}, "datetime": {"datetime": "2021-09-23 09:41:51", "elapsed": 39.114295, "delta": 0.650104}}
{"target": 0.7835014878644924, "params": {"C": 166.08782278829722, "epsilon": 0.8148582650206114, "gamma": 0.002145118263819278, "lamda": 0.06946324755509033}, "datetime": {"datetime": "2021-09-23 09:41:51", "elapsed": 39.829397, "delta": 0.715102}}
{"target": 0.8981800595854833, "params": {"C": 192.05069702510036, "epsilon": 0.43883486902251184, "gamma": 0.03917165479579605, "lamda": 0.09720928486711135}, "datetime": {"datetime": "2021-09-23 09:41:52", "elapsed": 40.494665, "delta": 0.665268}}
{"target": 0.8363803140747519, "params": {"C": 169.59752652066183, "epsilon": 0.009253851895886064, "gamma": 0.004586486868017949, "lamda": 0.0789654835374203}, "datetime": {"datetime": "2021-09-23 09:41:53", "elapsed": 41.153798, "delta": 0.659133}}
{"target": 0.814221332651418, "params": {"C": 188.6523050274485, "epsilon": 0.8466942075634168, "gamma": 0.004544694318531053, "lamda": 0.08930508169665312}, "datetime": {"datetime": "2021-09-23 09:41:53", "elapsed": 41.950651, "delta": 0.796853}}
{"target": 0.8404979802260073, "params": {"C": 168.18887092733888, "epsilon": 0.7156549843862755, "gamma": 0.009621356051468126, "lamda": 0.09539396965789143}, "datetime": {"datetime": "2021-09-23 09:41:54", "elapsed": 42.422689, "delta": 0.472038}}
{"target": 0.9028777514624987, "params": {"C": 189.220525667417, "epsilon": 0.924068576503732, "gamma": 0.04833421305024267, "lamda": 0.05658293180187177}, "datetime": {"datetime": "2021-09-23 09:41:55", "elapsed": 43.091809, "delta": 0.66912}}
{"target": 0.9016825207705339, "params": {"C": 188.02570806477115, "epsilon": 0.8608696562222107, "gamma": 0.0479571989402573, "lamda": 0.07510203724079795}, "datetime": {"datetime": "2021-09-23 09:41:55", "elapsed": 43.743428, "delta": 0.651619}}
{"target": 0.8366892026258025, "params": {"C": 196.34891507519325, "epsilon": 0.9522555742455784, "gamma": 0.007831299047136583, "lamda": 0.05058251583302829}, "datetime": {"datetime": "2021-09-23 09:41:56", "elapsed": 44.296227, "delta": 0.552799}}
{"target": 0.8794282049269376, "params": {"C": 171.56432666230887, "epsilon": 0.42993448521450595, "gamma": 0.025721216281313568, "lamda": 0.08533855787577423}, "datetime": {"datetime": "2021-09-23 09:41:56", "elapsed": 44.790219, "delta": 0.493992}}
{"target": 0.8367713308431812, "params": {"C": 151.55686013607038, "epsilon": 0.5810209895669107, "gamma": 0.008064939819988482, "lamda": 0.05688436187204021}, "datetime": {"datetime": "2021-09-23 09:41:57", "elapsed": 45.332211, "delta": 0.541992}}
{"target": 0.9146413440948505, "params": {"C": 188.5755130537839, "epsilon": 0.2992558357963645, "gamma": 0.08, "lamda": 0.045}, "datetime": {"datetime": "2021-09-23 09:41:58", "elapsed": 46.114435, "delta": 0.782224}}
{"target": 0.9129350804691049, "params": {"C": 192.59557788324216, "epsilon": 0.11304527285783107, "gamma": 0.08, "lamda": 0.08479185605044696}, "datetime": {"datetime": "2021-09-23 09:41:58", "elapsed": 46.895131, "delta": 0.780696}}
{"target": 0.9068000022169916, "params": {"C": 192.6020274869851, "epsilon": 0.5134645396535111, "gamma": 0.05327273076747682, "lamda": 0.08005553175655389}, "datetime": {"datetime": "2021-09-23 09:41:59", "elapsed": 47.525248, "delta": 0.630117}}
{"target": 0.8835973335592011, "params": {"C": 189.39865581810713, "epsilon": 0.3662482111540007, "gamma": 0.028445476828739373, "lamda": 0.07459316350115218}, "datetime": {"datetime": "2021-09-23 09:42:00", "elapsed": 48.312563, "delta": 0.787315}}
{"target": 0.8943041441608889, "params": {"C": 166.30050314512064, "epsilon": 0.22277228609919844, "gamma": 0.040608730698314305, "lamda": 0.09399857816013452}, "datetime": {"datetime": "2021-09-23 09:42:01", "elapsed": 48.974276, "delta": 0.661713}}
{"target": 0.8994677342485468, "params": {"C": 183.6828968001471, "epsilon": 0.996552279057949, "gamma": 0.04487080003623326, "lamda": 0.06680334972497862}, "datetime": {"datetime": "2021-09-23 09:42:01", "elapsed": 49.454926, "delta": 0.48065}}
{"target": 0.909604820619273, "params": {"C": 191.82939546890762, "epsilon": 0.07832002480103792, "gamma": 0.07202227831921795, "lamda": 0.09228522103272649}, "datetime": {"datetime": "2021-09-23 09:42:02", "elapsed": 50.288103, "delta": 0.833177}}
{"target": 0.9114020948688484, "params": {"C": 165.39659160961574, "epsilon": 0.6582103520568234, "gamma": 0.07897196197491854, "lamda": 0.06243732863052834}, "datetime": {"datetime": "2021-09-23 09:42:03", "elapsed": 51.056816, "delta": 0.768713}}
{"target": 0.9150301663072451, "params": {"C": 188.90429150044258, "epsilon": 0.3356204922131794, "gamma": 0.08, "lamda": 0.045}, "datetime": {"datetime": "2021-09-23 09:42:03", "elapsed": 51.742798, "delta": 0.685982}}
{"target": 0.8934281431681488, "params": {"C": 181.86007502264096, "epsilon": 0.5483179222363244, "gamma": 0.03503169439875798, "lamda": 0.09396158626254648}, "datetime": {"datetime": "2021-09-23 09:42:04", "elapsed": 52.491497, "delta": 0.748699}}
{"target": 0.8967367364790645, "params": {"C": 192.9507845622412, "epsilon": 0.003495835391493574, "gamma": 0.06097892828618308, "lamda": 0.09550781538036521}, "datetime": {"datetime": "2021-09-23 09:42:05", "elapsed": 53.487829, "delta": 0.996332}}
{"target": 0.8854558724333419, "params": {"C": 179.8965176526685, "epsilon": 0.9594335777085875, "gamma": 0.02954176640631444, "lamda": 0.07942454671902432}, "datetime": {"datetime": "2021-09-23 09:42:06", "elapsed": 54.336061, "delta": 0.848232}}
{"target": 0.856735340688263, "params": {"C": 187.93802401865332, "epsilon": 0.5096538659936594, "gamma": 0.014288274473828112, "lamda": 0.0633255289175802}, "datetime": {"datetime": "2021-09-23 09:42:06", "elapsed": 54.90693, "delta": 0.570869}}
{"target": 0.8079271799221278, "params": {"C": 187.41064102325066, "epsilon": 0.9547086221122879, "gamma": 0.0036245992513236555, "lamda": 0.06925755642795958}, "datetime": {"datetime": "2021-09-23 09:42:07", "elapsed": 55.748391, "delta": 0.841461}}
{"target": 0.9078212203081426, "params": {"C": 186.77887046377688, "epsilon": 0.9600333867081081, "gamma": 0.06527071046292286, "lamda": 0.070197573860325}, "datetime": {"datetime": "2021-09-23 09:42:08", "elapsed": 56.556483, "delta": 0.808092}}
