{"target": 0.8969308582414117, "params": {"C": 2166.3627421962715, "epsilon": 0.8502758109313171, "gamma": 0.032090055542956984, "lamda": 0.22905468124487088}, "datetime": {"datetime": "2021-09-24 09:49:51", "elapsed": 525.469901, "delta": 2.732465}}
{"target": 0.9256935023224461, "params": {"C": 2254.2843236285507, "epsilon": 0.034293387988077406, "gamma": 0.0468619802131937, "lamda": 0.3999597743658295}, "datetime": {"datetime": "2021-09-24 09:49:55", "elapsed": 529.167555, "delta": 3.697654}}
{"target": 0.9052965732038797, "params": {"C": 2183.8371209622383, "epsilon": 0.10301951553327428, "gamma": 0.06661603840825607, "lamda": 0.04066565821344453}, "datetime": {"datetime": "2021-09-24 09:49:59", "elapsed": 532.749671, "delta": 3.582116}}
{"target": 0.9169486185459849, "params": {"C": 2219.109222185292, "epsilon": 0.5609656940784261, "gamma": 0.05912473125576702, "lamda": 0.08652997691061645}, "datetime": {"datetime": "2021-09-24 09:50:02", "elapsed": 536.427525, "delta": 3.677854}}
{"target": 0.9144258014786437, "params": {"C": 2298.232207736224, "epsilon": 0.47516726752733274, "gamma": 0.05020229908491138, "lamda": 0.16036163556033758}, "datetime": {"datetime": "2021-09-24 09:50:04", "elapsed": 538.644134, "delta": 2.216609}}
{"target": 0.9205542712623667, "params": {"C": 2132.21086349688, "epsilon": 0.3493317580429224, "gamma": 0.05612601613647903, "lamda": 0.09017302831847268}, "datetime": {"datetime": "2021-09-24 09:50:07", "elapsed": 541.71847, "delta": 3.074336}}
{"target": 0.9044167910164839, "params": {"C": 2116.3980655214023, "epsilon": 0.397653628414109, "gamma": 0.04994007094399021, "lamda": 0.3947241549288147}, "datetime": {"datetime": "2021-09-24 09:50:10", "elapsed": 543.875937, "delta": 2.157467}}
{"target": 0.9150799322547131, "params": {"C": 2199.655564928241, "epsilon": 0.6506228111269378, "gamma": 0.06542526778039978, "lamda": 0.07427044260429426}, "datetime": {"datetime": "2021-09-24 09:50:12", "elapsed": 546.317755, "delta": 2.441818}}
{"target": 0.9098113869275432, "params": {"C": 2254.287661954918, "epsilon": 0.07310715512054189, "gamma": 0.020515698044977937, "lamda": 0.3944256742657656}, "datetime": {"datetime": "2021-09-24 09:50:16", "elapsed": 549.759654, "delta": 3.441899}}
{"target": 0.9161535438814885, "params": {"C": 2173.764370666762, "epsilon": 0.6334861572383768, "gamma": 0.06455174015080598, "lamda": 0.06897582647767024}, "datetime": {"datetime": "2021-09-24 09:50:18", "elapsed": 552.345845, "delta": 2.586191}}
{"target": 0.9265641006804304, "params": {"C": 2286.985114766958, "epsilon": 0.8061480142059781, "gamma": 0.028029338283328577, "lamda": 0.013321259481381156}, "datetime": {"datetime": "2021-09-24 09:50:21", "elapsed": 555.502849, "delta": 3.157004}}
{"target": 0.9289382806275764, "params": {"C": 2155.183705650642, "epsilon": 0.8605700782076988, "gamma": 0.03769601333814191, "lamda": 0.012106434246016384}, "datetime": {"datetime": "2021-09-24 09:50:25", "elapsed": 559.609359, "delta": 4.10651}}
{"target": 0.8704485268906235, "params": {"C": 2165.1147518474754, "epsilon": 0.8519567447550392, "gamma": 0.0119472101010619, "lamda": 0.17796653579144306}, "datetime": {"datetime": "2021-09-24 09:50:28", "elapsed": 562.577676, "delta": 2.968317}}
{"target": 0.9048836554147927, "params": {"C": 2146.3602031469354, "epsilon": 0.057190925529429476, "gamma": 0.011085958039901506, "lamda": 0.15802430558718006}, "datetime": {"datetime": "2021-09-24 09:50:31", "elapsed": 565.331783, "delta": 2.754107}}
{"target": 0.8880519136946396, "params": {"C": 2118.646377944854, "epsilon": 0.3688033087916762, "gamma": 0.016781668878456994, "lamda": 0.29022592418338455}, "datetime": {"datetime": "2021-09-24 09:50:34", "elapsed": 568.077625, "delta": 2.745842}}
{"target": 0.9213484269985055, "params": {"C": 2104.0887811879265, "epsilon": 0.13657352366932068, "gamma": 0.051615415488896796, "lamda": 0.21497165623847947}, "datetime": {"datetime": "2021-09-24 09:50:37", "elapsed": 571.26847, "delta": 3.190845}}
{"target": 0.9189490797795723, "params": {"C": 2120.6318348097934, "epsilon": 0.20869272210210268, "gamma": 0.061923731287334985, "lamda": 0.14193030010100985}, "datetime": {"datetime": "2021-09-24 09:50:40", "elapsed": 574.678633, "delta": 3.410163}}
{"target": 0.9132169959744162, "params": {"C": 2132.2351015791533, "epsilon": 0.4236983794978457, "gamma": 0.020411813872873927, "lamda": 0.05563907703495702}, "datetime": {"datetime": "2021-09-24 09:50:43", "elapsed": 577.078736, "delta": 2.400103}}
{"target": 0.9187662889938668, "params": {"C": 2145.1787582069114, "epsilon": 0.34002142780458333, "gamma": 0.017293628560375557, "lamda": 0.023096149973286392}, "datetime": {"datetime": "2021-09-24 09:50:47", "elapsed": 580.846105, "delta": 3.767369}}
{"target": 0.924283969983643, "params": {"C": 2132.2032755326018, "epsilon": 0.32918598207737804, "gamma": 0.04657552362883986, "lamda": 0.07167667582822952}, "datetime": {"datetime": "2021-09-24 09:50:49", "elapsed": 583.193195, "delta": 2.34709}}
{"target": 0.9036795802031412, "params": {"C": 2299.4851078938864, "epsilon": 0.8831072397725472, "gamma": 0.04337153483686626, "lamda": 0.18964014059689782}, "datetime": {"datetime": "2021-09-24 09:50:51", "elapsed": 585.708874, "delta": 2.515679}}
{"target": 0.9199137875655942, "params": {"C": 2155.143676611684, "epsilon": 0.9160388539439958, "gamma": 0.055406837607598514, "lamda": 0.03745229544582928}, "datetime": {"datetime": "2021-09-24 09:50:56", "elapsed": 590.217198, "delta": 4.508324}}
{"target": 0.8903044381441221, "params": {"C": 2132.171153903806, "epsilon": 0.3568206802908959, "gamma": 0.01, "lamda": 0.07553004279923523}, "datetime": {"datetime": "2021-09-24 09:50:59", "elapsed": 593.060614, "delta": 2.843416}}
{"target": 0.9136317212739822, "params": {"C": 2183.865731427511, "epsilon": 0.05702098306715493, "gamma": 0.015279926156852749, "lamda": 0.16025805907933802}, "datetime": {"datetime": "2021-09-24 09:51:02", "elapsed": 596.684813, "delta": 3.624199}}
{"target": 0.9171121625532532, "params": {"C": 2172.2375784425667, "epsilon": 0.05339784462233184, "gamma": 0.06734014929384993, "lamda": 0.351705040715957}, "datetime": {"datetime": "2021-09-24 09:51:06", "elapsed": 599.872401, "delta": 3.187588}}
{"target": 0.902458170645866, "params": {"C": 2236.5155352352713, "epsilon": 0.7834335513028995, "gamma": 0.05493913105019002, "lamda": 0.22667180069673118}, "datetime": {"datetime": "2021-09-24 09:51:08", "elapsed": 602.383961, "delta": 2.51156}}
{"target": 0.8841160326286485, "params": {"C": 2287.0987875742576, "epsilon": 0.17476168428108405, "gamma": 0.011157392021976886, "lamda": 0.2997158021010983}, "datetime": {"datetime": "2021-09-24 09:51:11", "elapsed": 604.855316, "delta": 2.471355}}
{"target": 0.8930024530777552, "params": {"C": 2113.1617254240437, "epsilon": 0.6505484817007654, "gamma": 0.026287349512706185, "lamda": 0.2834987473726544}, "datetime": {"datetime": "2021-09-24 09:51:13", "elapsed": 607.148427, "delta": 2.293111}}
{"target": 0.9292980307747769, "params": {"C": 2132.0973300192577, "epsilon": 0.19232838717289902, "gamma": 0.03492115317118006, "lamda": 0.054851579352444495}, "datetime": {"datetime": "2021-09-24 09:51:17", "elapsed": 611.183891, "delta": 4.035464}}
{"target": 0.8999606401572348, "params": {"C": 2155.328860734862, "epsilon": 0.9080555174900502, "gamma": 0.010756077225119676, "lamda": 0.015221816510653206}, "datetime": {"datetime": "2021-09-24 09:51:20", "elapsed": 614.065173, "delta": 2.881282}}
{"target": 0.9076483037311004, "params": {"C": 2196.8314690374873, "epsilon": 0.8440658892790366, "gamma": 0.05473934145101867, "lamda": 0.1527903129318457}, "datetime": {"datetime": "2021-09-24 09:51:23", "elapsed": 616.850593, "delta": 2.78542}}
{"target": 0.9149475697801072, "params": {"C": 2183.8729450910755, "epsilon": 0.0849691081903139, "gamma": 0.015995802858754044, "lamda": 0.10929791255254669}, "datetime": {"datetime": "2021-09-24 09:51:26", "elapsed": 620.372633, "delta": 3.52204}}
{"target": 0.9097943932986384, "params": {"C": 2142.2338948842357, "epsilon": 0.6603822751115254, "gamma": 0.0392572497899386, "lamda": 0.16250372686068973}, "datetime": {"datetime": "2021-09-24 09:51:29", "elapsed": 623.306656, "delta": 2.934023}}
{"target": 0.9297543639607939, "params": {"C": 2127.0234418534087, "epsilon": 0.2814343193264004, "gamma": 0.02616288357462973, "lamda": 0.012060021138080905}, "datetime": {"datetime": "2021-09-24 09:51:36", "elapsed": 630.196362, "delta": 6.889706}}
{"target": 0.9220419833766555, "params": {"C": 2254.2584209717, "epsilon": 0.04452471298095571, "gamma": 0.026407503838270695, "lamda": 0.3352632953111911}, "datetime": {"datetime": "2021-09-24 09:51:40", "elapsed": 634.369064, "delta": 4.172702}}
{"target": 0.9108195484276262, "params": {"C": 2157.1370327897985, "epsilon": 0.583852217067559, "gamma": 0.050115847623680695, "lamda": 0.17948711130008912}, "datetime": {"datetime": "2021-09-24 09:51:43", "elapsed": 637.31879, "delta": 2.949726}}
{"target": 0.9249537961026326, "params": {"C": 2219.220399051049, "epsilon": 0.562798427636451, "gamma": 0.04279989611406187, "lamda": 0.007302110361628783}, "datetime": {"datetime": "2021-09-24 09:51:46", "elapsed": 640.44242, "delta": 3.12363}}
{"target": 0.9231261924709737, "params": {"C": 2206.0877885855803, "epsilon": 0.1409631368398119, "gamma": 0.0245186990997136, "lamda": 0.09132854564918888}, "datetime": {"datetime": "2021-09-24 09:51:53", "elapsed": 646.927185, "delta": 6.484765}}
{"target": 0.903485611768392, "params": {"C": 2296.0769724440697, "epsilon": 0.47366072404852644, "gamma": 0.03255395462214459, "lamda": 0.28571787020879247}, "datetime": {"datetime": "2021-09-24 09:51:57", "elapsed": 650.912678, "delta": 3.985493}}
{"target": 0.9047958922247988, "params": {"C": 2161.953023181743, "epsilon": 0.589530441911254, "gamma": 0.02336424693851469, "lamda": 0.12176138367228462}, "datetime": {"datetime": "2021-09-24 09:52:00", "elapsed": 653.815887, "delta": 2.903209}}
{"target": 0.9247322019071278, "params": {"C": 2127.040572437141, "epsilon": 0.3260119894194117, "gamma": 0.04507985277209102, "lamda": 0.06938919126271961}, "datetime": {"datetime": "2021-09-24 09:52:04", "elapsed": 657.921033, "delta": 4.105146}}
{"target": 0.8922962027878493, "params": {"C": 2221.1456593465327, "epsilon": 0.6931935352260036, "gamma": 0.022664626176245393, "lamda": 0.2218280859597452}, "datetime": {"datetime": "2021-09-24 09:52:06", "elapsed": 660.113997, "delta": 2.192964}}
{"target": 0.8965323671158967, "params": {"C": 2236.5352303559216, "epsilon": 0.5044468083110161, "gamma": 0.016431565556320946, "lamda": 0.11935481571268808}, "datetime": {"datetime": "2021-09-24 09:52:09", "elapsed": 663.066879, "delta": 2.952882}}
{"target": 0.9093270631544228, "params": {"C": 2187.4496275814017, "epsilon": 0.9389531817571337, "gamma": 0.04680043909277897, "lamda": 0.12644610981249163}, "datetime": {"datetime": "2021-09-24 09:52:11", "elapsed": 665.644148, "delta": 2.577269}}
{"target": 0.9126562794231279, "params": {"C": 2145.7286398050255, "epsilon": 0.21192134795942308, "gamma": 0.02024220031107663, "lamda": 0.11439669962940152}, "datetime": {"datetime": "2021-09-24 09:52:17", "elapsed": 670.824915, "delta": 5.180767}}
{"target": 0.908780886939278, "params": {"C": 2145.921332373945, "epsilon": 0.26715588089622333, "gamma": 0.015108739625424604, "lamda": 0.058961201154231875}, "datetime": {"datetime": "2021-09-24 09:52:21", "elapsed": 674.935359, "delta": 4.110444}}
{"target": 0.9201208703786948, "params": {"C": 2132.094502007298, "epsilon": 0.26514002726611763, "gamma": 0.01870825539996078, "lamda": 0.00637849204714048}, "datetime": {"datetime": "2021-09-24 09:52:25", "elapsed": 679.314475, "delta": 4.379116}}
{"target": 0.868906802230051, "params": {"C": 2109.314054170151, "epsilon": 0.7644746480472299, "gamma": 0.017201185713739093, "lamda": 0.37966582299564844}, "datetime": {"datetime": "2021-09-24 09:52:28", "elapsed": 681.819004, "delta": 2.504529}}
{"target": 0.9165555876058752, "params": {"C": 2254.232666445102, "epsilon": 0.03436589183843381, "gamma": 0.0633776601376536, "lamda": 0.19600054675103246}, "datetime": {"datetime": "2021-09-24 09:52:31", "elapsed": 685.649754, "delta": 3.83075}}
{"target": 0.9083440402071384, "params": {"C": 2160.304254302507, "epsilon": 0.9743529651749532, "gamma": 0.06498682135430485, "lamda": 0.10479596368896968}, "datetime": {"datetime": "2021-09-24 09:52:34", "elapsed": 688.675915, "delta": 3.026161}}
{"target": 0.9128688166716987, "params": {"C": 2132.8046091858855, "epsilon": 0.1680094202425449, "gamma": 0.015160488494055113, "lamda": 0.06022213020162423}, "datetime": {"datetime": "2021-09-24 09:52:38", "elapsed": 692.035069, "delta": 3.359154}}
{"target": 0.9265453064313433, "params": {"C": 2155.271773654282, "epsilon": 0.8999388917436698, "gamma": 0.02896777226120488, "lamda": 0.012700647055263387}, "datetime": {"datetime": "2021-09-24 09:52:41", "elapsed": 695.358844, "delta": 3.323775}}
{"target": 0.9235613524477675, "params": {"C": 2145.9957684809187, "epsilon": 0.125000333155026, "gamma": 0.05583474595496418, "lamda": 0.12777965731507804}, "datetime": {"datetime": "2021-09-24 09:52:45", "elapsed": 699.514028, "delta": 4.155184}}
{"target": 0.9289560100380837, "params": {"C": 2155.314595105595, "epsilon": 0.8280571824812709, "gamma": 0.041034969753782555, "lamda": 0.010096138168025012}, "datetime": {"datetime": "2021-09-24 09:52:49", "elapsed": 702.867004, "delta": 3.352976}}
{"target": 0.9085415364835929, "params": {"C": 2218.649755133337, "epsilon": 0.29973952925928715, "gamma": 0.03575004732854738, "lamda": 0.3549918123680863}, "datetime": {"datetime": "2021-09-24 09:52:52", "elapsed": 706.082614, "delta": 3.21561}}
{"target": 0.9301092183295734, "params": {"C": 2127.0057697958564, "epsilon": 0.2329266597484989, "gamma": 0.026070064241204567, "lamda": 0.016529675861063894}, "datetime": {"datetime": "2021-09-24 09:52:56", "elapsed": 709.751333, "delta": 3.668719}}
{"target": 0.9017079433997309, "params": {"C": 2149.0771873747663, "epsilon": 0.7108294001421352, "gamma": 0.027461452269230822, "lamda": 0.170560507665015}, "datetime": {"datetime": "2021-09-24 09:52:58", "elapsed": 712.450881, "delta": 2.699548}}
{"target": 0.8909391325970478, "params": {"C": 2122.2354507103205, "epsilon": 0.81795664420853, "gamma": 0.055097643738716215, "lamda": 0.3627801170554955}, "datetime": {"datetime": "2021-09-24 09:53:01", "elapsed": 715.265684, "delta": 2.814803}}
{"target": 0.8896326641580379, "params": {"C": 2127.046945544212, "epsilon": 0.31103366346201866, "gamma": 0.04294640698006106, "lamda": 0.0017405702324397982}, "datetime": {"datetime": "2021-09-24 09:53:06", "elapsed": 720.192667, "delta": 4.926983}}
{"target": 0.9071006013111371, "params": {"C": 2265.310711803752, "epsilon": 0.7984774829327275, "gamma": 0.0263469419871475, "lamda": 0.09439382039070471}, "datetime": {"datetime": "2021-09-24 09:53:09", "elapsed": 723.076888, "delta": 2.884221}}
{"target": 0.9231708761223583, "params": {"C": 2104.15222033186, "epsilon": 0.07826986229845487, "gamma": 0.0566995037377696, "lamda": 0.1907971107256923}, "datetime": {"datetime": "2021-09-24 09:53:13", "elapsed": 727.511983, "delta": 4.435095}}
{"target": 0.888780097157545, "params": {"C": 2155.5115797518433, "epsilon": 0.5667125977332578, "gamma": 0.019387129385400957, "lamda": 0.2476496770729437}, "datetime": {"datetime": "2021-09-24 09:53:16", "elapsed": 730.511947, "delta": 2.999964}}
{"target": 0.9277262654808717, "params": {"C": 2127.0210026746786, "epsilon": 0.26935468397884943, "gamma": 0.0369905776842178, "lamda": 0.05327673186630272}, "datetime": {"datetime": "2021-09-24 09:53:20", "elapsed": 733.906781, "delta": 3.394834}}
{"target": 0.9123683629502868, "params": {"C": 2240.3754382542206, "epsilon": 0.30798654193828323, "gamma": 0.03952316539223437, "lamda": 0.28396853933553823}, "datetime": {"datetime": "2021-09-24 09:53:22", "elapsed": 736.599307, "delta": 2.692526}}
{"target": 0.9181369149019174, "params": {"C": 2146.9083289914606, "epsilon": 0.14840948623621547, "gamma": 0.04709246773925325, "lamda": 0.33664566625454373}, "datetime": {"datetime": "2021-09-24 09:53:26", "elapsed": 740.069631, "delta": 3.470324}}
{"target": 0.8976057302286338, "params": {"C": 2125.2632189365036, "epsilon": 0.9145555811212792, "gamma": 0.06362935492667825, "lamda": 0.2284662350281005}, "datetime": {"datetime": "2021-09-24 09:53:29", "elapsed": 743.004351, "delta": 2.93472}}
{"target": 0.9005038060042765, "params": {"C": 2145.9987086772726, "epsilon": 0.20587016410857933, "gamma": 0.014115238207404549, "lamda": 0.1410305468516233}, "datetime": {"datetime": "2021-09-24 09:53:33", "elapsed": 747.561442, "delta": 4.557091}}
{"target": 0.9020175999440945, "params": {"C": 2261.9709086891467, "epsilon": 0.4575696534335564, "gamma": 0.04351182075732465, "lamda": 0.3886494294453821}, "datetime": {"datetime": "2021-09-24 09:53:36", "elapsed": 750.222057, "delta": 2.660615}}
{"target": 0.9298115336614192, "params": {"C": 2206.145442896044, "epsilon": 0.1508443457070491, "gamma": 0.03401150029888264, "lamda": 0.06210195549039833}, "datetime": {"datetime": "2021-09-24 09:53:40", "elapsed": 754.596499, "delta": 4.374442}}
{"target": 0.8982686239769646, "params": {"C": 2249.0345974027773, "epsilon": 0.859866934990085, "gamma": 0.05710251814804424, "lamda": 0.2526121976690217}, "datetime": {"datetime": "2021-09-24 09:53:43", "elapsed": 757.723814, "delta": 3.127315}}
{"target": 0.9307556556947936, "params": {"C": 2183.941124384294, "epsilon": 0.08816116379289461, "gamma": 0.03591608371261924, "lamda": 0.062458139921447525}, "datetime": {"datetime": "2021-09-24 09:53:47", "elapsed": 761.702021, "delta": 3.978207}}
{"target": 0.8811710654555249, "params": {"C": 2181.140589371251, "epsilon": 0.2808379805507062, "gamma": 0.012207809335038497, "lamda": 0.2865774683827298}, "datetime": {"datetime": "2021-09-24 09:53:51", "elapsed": 764.936689, "delta": 3.234668}}
{"target": 0.9160142908360842, "params": {"C": 2209.3142631733917, "epsilon": 0.03641568629750888, "gamma": 0.06689903657910932, "lamda": 0.2260672794354147}, "datetime": {"datetime": "2021-09-24 09:53:54", "elapsed": 767.94047, "delta": 3.003781}}
{"target": 0.9153633025447503, "params": {"C": 2132.3718076376567, "epsilon": 0.34675442324793104, "gamma": 0.0657017382435647, "lamda": 0.1309686390768515}, "datetime": {"datetime": "2021-09-24 09:53:57", "elapsed": 771.343327, "delta": 3.402857}}
{"target": 0.8992664405215356, "params": {"C": 2233.6429207357673, "epsilon": 0.1515181585003405, "gamma": 0.01, "lamda": 0.08064560884755727}, "datetime": {"datetime": "2021-09-24 09:54:01", "elapsed": 774.790351, "delta": 3.447024}}
{"target": 0.9096825327526465, "params": {"C": 2145.881798151216, "epsilon": 0.031165854979897382, "gamma": 0.05174595098280807, "lamda": 0.08868355994295032}, "datetime": {"datetime": "2021-09-24 09:54:04", "elapsed": 778.124333, "delta": 3.333982}}
{"target": 0.9134831098061907, "params": {"C": 2132.152285666316, "epsilon": 0.2566302879648288, "gamma": 0.018594785937564882, "lamda": 0.06904748223702661}, "datetime": {"datetime": "2021-09-24 09:54:09", "elapsed": 783.358199, "delta": 5.233866}}
{"target": 0.9149263277940932, "params": {"C": 2127.033681761759, "epsilon": 0.36962350142523026, "gamma": 0.0274315770716817, "lamda": 0.11105699228219966}, "datetime": {"datetime": "2021-09-24 09:54:13", "elapsed": 786.859975, "delta": 3.501776}}
{"target": 0.9219872844886954, "params": {"C": 2126.973767539742, "epsilon": 0.25057819011892, "gamma": 0.023631863479815662, "lamda": 0.004851112889649581}, "datetime": {"datetime": "2021-09-24 09:54:16", "elapsed": 790.201527, "delta": 3.341552}}
{"target": 0.923245938957073, "params": {"C": 2254.2170106245285, "epsilon": 0.03410040965892646, "gamma": 0.026719048745302017, "lamda": 0.3733538854973919}, "datetime": {"datetime": "2021-09-24 09:54:18", "elapsed": 792.566404, "delta": 2.364877}}
{"target": 0.9173555827685285, "params": {"C": 2172.1752096263463, "epsilon": 0.09920330905955425, "gamma": 0.06261120317232481, "lamda": 0.3146891095375166}, "datetime": {"datetime": "2021-09-24 09:54:22", "elapsed": 796.014825, "delta": 3.448421}}
{"target": 0.9196852252681836, "params": {"C": 2287.1100395547214, "epsilon": 0.8008423099170624, "gamma": 0.03719646190409606, "lamda": 0.04867830172424418}, "datetime": {"datetime": "2021-09-24 09:54:24", "elapsed": 798.45891, "delta": 2.444085}}
{"target": 0.9169624054939669, "params": {"C": 2136.8278276883875, "epsilon": 0.3697556075784426, "gamma": 0.06962600870394142, "lamda": 0.066485000933984}, "datetime": {"datetime": "2021-09-24 09:54:27", "elapsed": 800.764314, "delta": 2.305404}}
{"target": 0.9123992193391149, "params": {"C": 2283.432568954816, "epsilon": 0.6073747166836607, "gamma": 0.05086945098826015, "lamda": 0.15065843218991296}, "datetime": {"datetime": "2021-09-24 09:54:29", "elapsed": 803.038227, "delta": 2.273913}}
{"target": 0.9183854433267818, "params": {"C": 2186.5239577838556, "epsilon": 0.2356795046712035, "gamma": 0.04880396475141729, "lamda": 0.21176946326117455}, "datetime": {"datetime": "2021-09-24 09:54:31", "elapsed": 805.493809, "delta": 2.455582}}
{"target": 0.9304128754586272, "params": {"C": 2193.614965638223, "epsilon": 0.18547280400277338, "gamma": 0.03287354621570304, "lamda": 0.042613698204143624}, "datetime": {"datetime": "2021-09-24 09:54:34", "elapsed": 807.822199, "delta": 2.32839}}
{"target": 0.8945654062194155, "params": {"C": 2289.147815885086, "epsilon": 0.7625464369206273, "gamma": 0.0509488469855701, "lamda": 0.34302283005940093}, "datetime": {"datetime": "2021-09-24 09:54:36", "elapsed": 810.228084, "delta": 2.405885}}
{"target": 0.9179333306596842, "params": {"C": 2136.773843592654, "epsilon": 0.0933037511626517, "gamma": 0.05909421212673848, "lamda": 0.3655517941965795}, "datetime": {"datetime": "2021-09-24 09:54:38", "elapsed": 812.532953, "delta": 2.304869}}
