{"target": -2.0245032260824414, "params": {"C": 247.76057928301228, "epsilon": 0.0772384672789588, "gamma": 0.04859805212136975, "lamda": 0.22675674786435018}, "datetime": {"datetime": "2021-09-23 13:04:57", "elapsed": 60.430071, "delta": 0.85361}}
{"target": -2.2894963085946936, "params": {"C": 249.2199473546222, "epsilon": 0.11646224648361071, "gamma": 0.1469519256204953, "lamda": 0.5203407656517106}, "datetime": {"datetime": "2021-09-23 13:04:57", "elapsed": 61.01926, "delta": 0.589189}}
{"target": -2.2479700306999306, "params": {"C": 178.7379428164013, "epsilon": 0.2639812323419948, "gamma": 0.13240235384403146, "lamda": 0.30363799919712464}, "datetime": {"datetime": "2021-09-23 13:04:58", "elapsed": 61.615569, "delta": 0.596309}}
{"target": -2.14364290385001, "params": {"C": 247.9095700036379, "epsilon": 0.001, "gamma": 0.04, "lamda": 0.15732051682193215}, "datetime": {"datetime": "2021-09-23 13:04:59", "elapsed": 62.772573, "delta": 1.157004}}
{"target": -2.058752544444205, "params": {"C": 154.6741452841387, "epsilon": 0.5358585610335433, "gamma": 0.06479815651059737, "lamda": 0.12221903363819188}, "datetime": {"datetime": "2021-09-23 13:05:00", "elapsed": 63.50199, "delta": 0.729417}}
{"target": -2.1273860014596853, "params": {"C": 247.8366036024519, "epsilon": 0.001, "gamma": 0.04, "lamda": 0.4164003629636771}, "datetime": {"datetime": "2021-09-23 13:05:01", "elapsed": 65.065413, "delta": 1.563423}}
{"target": -2.1333294350536236, "params": {"C": 154.6786345482633, "epsilon": 0.32538418204415237, "gamma": 0.11059403555669695, "lamda": 0.1602194141557435}, "datetime": {"datetime": "2021-09-23 13:05:03", "elapsed": 66.243641, "delta": 1.178228}}
{"target": -2.2110005523091916, "params": {"C": 297.58867021797334, "epsilon": 0.3913697215539863, "gamma": 0.09665700785797901, "lamda": 0.2711538104599547}, "datetime": {"datetime": "2021-09-23 13:05:03", "elapsed": 66.917646, "delta": 0.674005}}
{"target": -2.1556545737337434, "params": {"C": 263.8140720559599, "epsilon": 0.5096538659936594, "gamma": 0.05850266065976066, "lamda": 0.20658294657040577}, "datetime": {"datetime": "2021-09-23 13:05:04", "elapsed": 67.664358, "delta": 0.746712}}
{"target": -2.051793686694647, "params": {"C": 154.90458078058523, "epsilon": 0.435228488661423, "gamma": 0.04497564500936479, "lamda": 0.04855459749338961}, "datetime": {"datetime": "2021-09-23 13:05:05", "elapsed": 68.449325, "delta": 0.784967}}
{"target": -2.323301991215602, "params": {"C": 239.51708099759708, "epsilon": 0.3390828723530927, "gamma": 0.14982091874041964, "lamda": 0.3541358782846322}, "datetime": {"datetime": "2021-09-23 13:05:05", "elapsed": 69.075324, "delta": 0.625999}}
{"target": -2.26961282805987, "params": {"C": 154.8507147731776, "epsilon": 0.5532024015572672, "gamma": 0.14005998722695212, "lamda": 0.1741011195215009}, "datetime": {"datetime": "2021-09-23 13:05:06", "elapsed": 69.904063, "delta": 0.828739}}
{"target": -2.3678123584977726, "params": {"C": 247.78840912574634, "epsilon": 0.0036869135071902308, "gamma": 0.12677516851542706, "lamda": 0.26247520883663417}, "datetime": {"datetime": "2021-09-23 13:05:07", "elapsed": 70.81966, "delta": 0.915597}}
{"target": -2.3462163550318977, "params": {"C": 233.88617883727852, "epsilon": 0.24802394602413697, "gamma": 0.14226812114507423, "lamda": 0.5419073445600251}, "datetime": {"datetime": "2021-09-23 13:05:08", "elapsed": 71.440724, "delta": 0.621064}}
{"target": -2.1328734126347952, "params": {"C": 247.6249981088372, "epsilon": 0.015110022395468652, "gamma": 0.10342784107493946, "lamda": 0.4308824847832853}, "datetime": {"datetime": "2021-09-23 13:05:09", "elapsed": 72.237443, "delta": 0.796719}}
{"target": -2.0612555564624957, "params": {"C": 247.45648863328387, "epsilon": 0.10922166567203392, "gamma": 0.06428427586897167, "lamda": 0.43755933252665646}, "datetime": {"datetime": "2021-09-23 13:05:10", "elapsed": 73.353284, "delta": 1.115841}}
{"target": -2.26577365388468, "params": {"C": 161.29938785272049, "epsilon": 0.5275722114453016, "gamma": 0.14007713740583458, "lamda": 0.17520599163982334}, "datetime": {"datetime": "2021-09-23 13:05:10", "elapsed": 74.012054, "delta": 0.65877}}
{"target": -2.082188484680202, "params": {"C": 247.86141892545078, "epsilon": 0.1483606761595133, "gamma": 0.04, "lamda": 0.21456115644027576}, "datetime": {"datetime": "2021-09-23 13:05:11", "elapsed": 74.807055, "delta": 0.795001}}
{"target": -2.2811756885846064, "params": {"C": 247.30198874002474, "epsilon": 0.13805185765946154, "gamma": 0.14405570580298502, "lamda": 0.4773834551682513}, "datetime": {"datetime": "2021-09-23 13:05:12", "elapsed": 75.522518, "delta": 0.715463}}
{"target": -2.3131147701145336, "params": {"C": 164.24051985024417, "epsilon": 0.604349248164749, "gamma": 0.0747035936579278, "lamda": 0.3504518694920964}, "datetime": {"datetime": "2021-09-23 13:05:12", "elapsed": 76.076491, "delta": 0.553973}}
{"target": -2.0339282657498643, "params": {"C": 247.74310916622625, "epsilon": 0.161205225010267, "gamma": 0.04773081702945303, "lamda": 0.15937138746880775}, "datetime": {"datetime": "2021-09-23 13:05:13", "elapsed": 76.816491, "delta": 0.74}}
{"target": -2.0770293392051586, "params": {"C": 154.71365053579, "epsilon": 0.5738639734343054, "gamma": 0.07107291245826979, "lamda": 0.01100509454356091}, "datetime": {"datetime": "2021-09-23 13:05:14", "elapsed": 77.827676, "delta": 1.011185}}
{"target": -2.2348812131991447, "params": {"C": 210.4590320965981, "epsilon": 0.2610017427457732, "gamma": 0.11827087288717755, "lamda": 0.34306465398851893}, "datetime": {"datetime": "2021-09-23 13:05:15", "elapsed": 78.448677, "delta": 0.621001}}
{"target": -2.043563077507425, "params": {"C": 154.77180434232304, "epsilon": 0.45808019559226343, "gamma": 0.05301397763897055, "lamda": 0.028488600034642125}, "datetime": {"datetime": "2021-09-23 13:05:16", "elapsed": 79.615483, "delta": 1.166806}}
{"target": -2.2393216858145495, "params": {"C": 184.96043114897654, "epsilon": 0.45179635472423557, "gamma": 0.14638576167703168, "lamda": 0.07953854285755489}, "datetime": {"datetime": "2021-09-23 13:05:17", "elapsed": 80.271316, "delta": 0.655833}}
{"target": -2.0864940948933004, "params": {"C": 249.05628214897754, "epsilon": 1.0, "gamma": 0.04, "lamda": 0.01}, "datetime": {"datetime": "2021-09-23 13:05:18", "elapsed": 81.618349, "delta": 1.347033}}
{"target": -2.1172550206487073, "params": {"C": 247.99107595719957, "epsilon": 0.10515539955253188, "gamma": 0.04053641064743138, "lamda": 0.41971218755997675}, "datetime": {"datetime": "2021-09-23 13:05:19", "elapsed": 82.368572, "delta": 0.750223}}
{"target": -2.2436612555973316, "params": {"C": 224.7332713386055, "epsilon": 0.6579565969991792, "gamma": 0.13734115264313249, "lamda": 0.11207491500762676}, "datetime": {"datetime": "2021-09-23 13:05:19", "elapsed": 83.050571, "delta": 0.681999}}
{"target": -2.1739302690151767, "params": {"C": 278.6677521790733, "epsilon": 0.25047051961318967, "gamma": 0.10757825847561059, "lamda": 0.2561937150577041}, "datetime": {"datetime": "2021-09-23 13:05:20", "elapsed": 83.702124, "delta": 0.651553}}
{"target": -2.154508169390849, "params": {"C": 182.10550293811605, "epsilon": 0.32010731230031403, "gamma": 0.04809511237742898, "lamda": 0.2751684748109704}, "datetime": {"datetime": "2021-09-23 13:05:21", "elapsed": 84.402126, "delta": 0.700002}}
{"target": -2.2189514643068606, "params": {"C": 154.56309082016116, "epsilon": 0.5038972054590659, "gamma": 0.13210554958743875, "lamda": 0.025499891945257473}, "datetime": {"datetime": "2021-09-23 13:05:22", "elapsed": 85.300428, "delta": 0.898302}}
{"target": -2.0736354882607615, "params": {"C": 251.03808345834005, "epsilon": 0.9438216790234057, "gamma": 0.05233416826166465, "lamda": 0.058995654944568446}, "datetime": {"datetime": "2021-09-23 13:05:23", "elapsed": 86.143432, "delta": 0.843004}}
{"target": -2.449634020465978, "params": {"C": 265.4107677764509, "epsilon": 0.00266851217839591, "gamma": 0.14819949083556563, "lamda": 0.21091087278456705}, "datetime": {"datetime": "2021-09-23 13:05:23", "elapsed": 87.038431, "delta": 0.894999}}
{"target": -2.2363349129584993, "params": {"C": 247.6095194557131, "epsilon": 0.23375878315953585, "gamma": 0.09918950413518181, "lamda": 0.4638508562476162}, "datetime": {"datetime": "2021-09-23 13:05:24", "elapsed": 87.808723, "delta": 0.770292}}
{"target": -2.058062931235685, "params": {"C": 265.43277076352376, "epsilon": 0.13151027310247465, "gamma": 0.040282079384245106, "lamda": 0.1735968866682548}, "datetime": {"datetime": "2021-09-23 13:05:25", "elapsed": 88.752718, "delta": 0.943995}}
{"target": -2.0728062636984528, "params": {"C": 154.8430339805237, "epsilon": 0.37187645101790073, "gamma": 0.07255406439763407, "lamda": 0.18049737221839668}, "datetime": {"datetime": "2021-09-23 13:05:26", "elapsed": 89.75944, "delta": 1.006722}}
{"target": -2.4045633920272453, "params": {"C": 203.17355532549738, "epsilon": 0.4745734979710651, "gamma": 0.09386100945637411, "lamda": 0.5460067118600997}, "datetime": {"datetime": "2021-09-23 13:05:27", "elapsed": 90.427033, "delta": 0.667593}}
{"target": -2.07268748334803, "params": {"C": 155.02788782147363, "epsilon": 0.3729912414231748, "gamma": 0.04749183462044904, "lamda": 0.1402662339599911}, "datetime": {"datetime": "2021-09-23 13:05:28", "elapsed": 91.247708, "delta": 0.820675}}
{"target": -2.0634248425291806, "params": {"C": 154.8633066591362, "epsilon": 0.2327203818448071, "gamma": 0.09660902809101385, "lamda": 0.0550901325059707}, "datetime": {"datetime": "2021-09-23 13:05:28", "elapsed": 92.126292, "delta": 0.878584}}
{"target": -2.090091140498713, "params": {"C": 191.46835568424314, "epsilon": 0.8210949818951244, "gamma": 0.09825145367728758, "lamda": 0.04376287458190525}, "datetime": {"datetime": "2021-09-23 13:05:29", "elapsed": 92.936294, "delta": 0.810002}}
{"target": -2.185411556293316, "params": {"C": 216.99878731332024, "epsilon": 0.996718977061351, "gamma": 0.11341496329181947, "lamda": 0.07012604562935022}, "datetime": {"datetime": "2021-09-23 13:05:30", "elapsed": 93.52151, "delta": 0.585216}}
{"target": -2.007545896758353, "params": {"C": 154.7584424170547, "epsilon": 0.32390054133087565, "gamma": 0.08733038338339462, "lamda": 0.06570264202535248}, "datetime": {"datetime": "2021-09-23 13:05:31", "elapsed": 94.67209, "delta": 1.15058}}
{"target": -2.1266008586769174, "params": {"C": 247.7615283011145, "epsilon": 0.12382677093902465, "gamma": 0.04, "lamda": 0.02225796829754313}, "datetime": {"datetime": "2021-09-23 13:05:32", "elapsed": 95.778091, "delta": 1.106001}}
{"target": -2.081016712021308, "params": {"C": 202.9135533741209, "epsilon": 0.2211420973552061, "gamma": 0.080666559032162, "lamda": 0.2527040720140113}, "datetime": {"datetime": "2021-09-23 13:05:33", "elapsed": 96.439089, "delta": 0.660998}}
{"target": -2.2090657596655126, "params": {"C": 154.9243457418857, "epsilon": 0.3701303901992917, "gamma": 0.13681788489475116, "lamda": 0.12960562205967496}, "datetime": {"datetime": "2021-09-23 13:05:34", "elapsed": 97.610091, "delta": 1.171002}}
{"target": -2.274074550189829, "params": {"C": 226.56455840057896, "epsilon": 0.9157756087699093, "gamma": 0.11489373022273605, "lamda": 0.14858799403930176}, "datetime": {"datetime": "2021-09-23 13:05:35", "elapsed": 98.233088, "delta": 0.622997}}
{"target": -2.1405182699833687, "params": {"C": 233.35559801710133, "epsilon": 0.6612635233472194, "gamma": 0.10644744832555492, "lamda": 0.017772238425177674}, "datetime": {"datetime": "2021-09-23 13:05:35", "elapsed": 98.992089, "delta": 0.759001}}
{"target": -2.1807297598364137, "params": {"C": 202.77135400160302, "epsilon": 0.13465863489480226, "gamma": 0.12322399155208347, "lamda": 0.2620182350990484}, "datetime": {"datetime": "2021-09-23 13:05:36", "elapsed": 100.074948, "delta": 1.082859}}
{"target": -2.1251368316707957, "params": {"C": 248.01800823329773, "epsilon": 0.003467648011896817, "gamma": 0.0881959335137427, "lamda": 0.2889490209735567}, "datetime": {"datetime": "2021-09-23 13:05:38", "elapsed": 101.457946, "delta": 1.382998}}
{"target": -2.0822551134341962, "params": {"C": 183.88399297117542, "epsilon": 0.3536514619276469, "gamma": 0.10184091336763576, "lamda": 0.07328757103093413}, "datetime": {"datetime": "2021-09-23 13:05:39", "elapsed": 102.17003, "delta": 0.712084}}
{"target": -2.090482675002984, "params": {"C": 154.8110276209172, "epsilon": 0.0952634630522668, "gamma": 0.09036398551797659, "lamda": 0.0417881865001962}, "datetime": {"datetime": "2021-09-23 13:05:40", "elapsed": 103.496032, "delta": 1.326002}}
{"target": -2.080521203792706, "params": {"C": 154.78799261105092, "epsilon": 0.2436305356852465, "gamma": 0.04, "lamda": 0.13266927577188176}, "datetime": {"datetime": "2021-09-23 13:05:41", "elapsed": 104.65103, "delta": 1.154998}}
{"target": -2.2511000450947343, "params": {"C": 271.392799094917, "epsilon": 0.22709350168665093, "gamma": 0.07985888448341688, "lamda": 0.5940490276373779}, "datetime": {"datetime": "2021-09-23 13:05:42", "elapsed": 105.346036, "delta": 0.695006}}
{"target": -2.142836262764385, "params": {"C": 166.67615455183113, "epsilon": 0.13427508718198466, "gamma": 0.11119303173303863, "lamda": 0.3503555372824089}, "datetime": {"datetime": "2021-09-23 13:05:42", "elapsed": 105.98055, "delta": 0.634514}}
{"target": -2.0412974048870467, "params": {"C": 191.0649931862886, "epsilon": 0.8477266245193019, "gamma": 0.05714747365822932, "lamda": 0.012794346627418119}, "datetime": {"datetime": "2021-09-23 13:05:43", "elapsed": 107.03655, "delta": 1.056}}
{"target": -2.2706376155415513, "params": {"C": 191.1076054944586, "epsilon": 0.8607029875143799, "gamma": 0.07668471362711252, "lamda": 0.20843887902880656}, "datetime": {"datetime": "2021-09-23 13:05:44", "elapsed": 107.922547, "delta": 0.885997}}
{"target": -2.3690756390995404, "params": {"C": 187.2953054248294, "epsilon": 0.6741601807629025, "gamma": 0.12954283089021798, "lamda": 0.29235945715837786}, "datetime": {"datetime": "2021-09-23 13:05:45", "elapsed": 108.616549, "delta": 0.694002}}
{"target": -2.278373812226873, "params": {"C": 239.30404613779018, "epsilon": 0.5290799994353341, "gamma": 0.10187460655520435, "lamda": 0.2838929012102957}, "datetime": {"datetime": "2021-09-23 13:05:46", "elapsed": 109.442553, "delta": 0.826004}}
{"target": -2.0625886280086667, "params": {"C": 155.14650641565638, "epsilon": 0.24700562474937846, "gamma": 0.04313953296950056, "lamda": 0.1413950789250979}, "datetime": {"datetime": "2021-09-23 13:05:47", "elapsed": 110.81355, "delta": 1.370997}}
{"target": -2.2030804806500295, "params": {"C": 190.96455629539219, "epsilon": 0.8802438270376244, "gamma": 0.127996682575674, "lamda": 0.05872737904496173}, "datetime": {"datetime": "2021-09-23 13:05:48", "elapsed": 111.899552, "delta": 1.086002}}
{"target": -2.075804098614585, "params": {"C": 247.69709113356345, "epsilon": 0.11791774463744638, "gamma": 0.043146015241327586, "lamda": 0.2921475326954544}, "datetime": {"datetime": "2021-09-23 13:05:49", "elapsed": 113.057553, "delta": 1.158001}}
{"target": -2.169249806244925, "params": {"C": 250.768544685531, "epsilon": 0.12193917719299817, "gamma": 0.10063595555424522, "lamda": 0.47927819887364315}, "datetime": {"datetime": "2021-09-23 13:05:51", "elapsed": 114.160553, "delta": 1.103}}
{"target": -2.0817737213408156, "params": {"C": 155.02899550768782, "epsilon": 0.14497340075522633, "gamma": 0.06610740429539931, "lamda": 0.03247768412649584}, "datetime": {"datetime": "2021-09-23 13:05:52", "elapsed": 115.543564, "delta": 1.383011}}
{"target": -2.069322586624813, "params": {"C": 155.16995494424884, "epsilon": 0.04744780511785585, "gamma": 0.059534348218738216, "lamda": 0.10221553481355106}, "datetime": {"datetime": "2021-09-23 13:05:53", "elapsed": 117.083552, "delta": 1.539988}}
{"target": -2.1738222222595156, "params": {"C": 250.2450969944681, "epsilon": 0.1333183678081217, "gamma": 0.1128931545545965, "lamda": 0.06806850452668879}, "datetime": {"datetime": "2021-09-23 13:05:54", "elapsed": 118.008551, "delta": 0.924999}}
{"target": -2.1981694796222415, "params": {"C": 155.07212177034697, "epsilon": 0.17190933070832118, "gamma": 0.13454084555586981, "lamda": 0.20951887069573713}, "datetime": {"datetime": "2021-09-23 13:05:55", "elapsed": 119.125549, "delta": 1.116998}}
{"target": -2.0329296942420823, "params": {"C": 247.86092807555474, "epsilon": 0.07078482517122289, "gamma": 0.047655089608935636, "lamda": 0.3123982369337666}, "datetime": {"datetime": "2021-09-23 13:05:56", "elapsed": 119.913586, "delta": 0.788037}}
{"target": -2.0835797260689164, "params": {"C": 239.348314146191, "epsilon": 0.5294751664207564, "gamma": 0.09692018031188132, "lamda": 0.04325430332338505}, "datetime": {"datetime": "2021-09-23 13:05:57", "elapsed": 120.753198, "delta": 0.839612}}
{"target": -2.0004034877822057, "params": {"C": 154.88958659024698, "epsilon": 0.43454576377674997, "gamma": 0.062293492736219896, "lamda": 0.08125206617833516}, "datetime": {"datetime": "2021-09-23 13:05:58", "elapsed": 121.731193, "delta": 0.977995}}
{"target": -2.30360428641325, "params": {"C": 299.95469108152884, "epsilon": 0.9396046002007145, "gamma": 0.11644243598569437, "lamda": 0.16746457780863744}, "datetime": {"datetime": "2021-09-23 13:05:59", "elapsed": 122.682343, "delta": 0.95115}}
{"target": -2.0527770253198754, "params": {"C": 155.321311922168, "epsilon": 0.24324447159192172, "gamma": 0.09738120447178666, "lamda": 0.07557299174506199}, "datetime": {"datetime": "2021-09-23 13:06:00", "elapsed": 123.820809, "delta": 1.138466}}
{"target": -2.172370915804883, "params": {"C": 203.31680329043985, "epsilon": 0.15546805966459515, "gamma": 0.12110472449195617, "lamda": 0.22887158624081635}, "datetime": {"datetime": "2021-09-23 13:06:01", "elapsed": 124.653331, "delta": 0.832522}}
{"target": -2.096797335609151, "params": {"C": 155.23257138031272, "epsilon": 0.23098548428289117, "gamma": 0.04662863336461536, "lamda": 0.021897047574436668}, "datetime": {"datetime": "2021-09-23 13:06:03", "elapsed": 126.280524, "delta": 1.627193}}
{"target": -2.115966777845847, "params": {"C": 155.22183279174578, "epsilon": 0.373739715796223, "gamma": 0.08632656722256545, "lamda": 0.1963335457504052}, "datetime": {"datetime": "2021-09-23 13:06:04", "elapsed": 127.773909, "delta": 1.493385}}
{"target": -2.156006351262796, "params": {"C": 155.22857784270408, "epsilon": 0.1976857863848505, "gamma": 0.12279163274414814, "lamda": 0.16970529658008354}, "datetime": {"datetime": "2021-09-23 13:06:06", "elapsed": 129.390732, "delta": 1.616823}}
{"target": -2.3585126948916524, "params": {"C": 219.34855356200404, "epsilon": 0.8747657665390196, "gamma": 0.08741853942876308, "lamda": 0.27866140525207134}, "datetime": {"datetime": "2021-09-23 13:06:07", "elapsed": 130.46183, "delta": 1.071098}}
{"target": -2.0656394099262343, "params": {"C": 155.39701030133952, "epsilon": 0.07358813337107517, "gamma": 0.06065123064418418, "lamda": 0.07441521551001846}, "datetime": {"datetime": "2021-09-23 13:06:08", "elapsed": 131.992724, "delta": 1.530894}}
{"target": -2.0078474019527603, "params": {"C": 155.47169614606054, "epsilon": 0.22119921654874317, "gamma": 0.08601245100553204, "lamda": 0.11115554479253474}, "datetime": {"datetime": "2021-09-23 13:06:10", "elapsed": 133.250728, "delta": 1.258004}}
{"target": -2.164553155409584, "params": {"C": 155.40870236451644, "epsilon": 0.22728872559792396, "gamma": 0.10590548618848258, "lamda": 0.017249086446402627}, "datetime": {"datetime": "2021-09-23 13:06:12", "elapsed": 135.293338, "delta": 2.04261}}
{"target": -2.1050539879280272, "params": {"C": 154.705191444895, "epsilon": 0.5716984324835456, "gamma": 0.08631818657012466, "lamda": 0.1220359151597762}, "datetime": {"datetime": "2021-09-23 13:06:13", "elapsed": 136.267487, "delta": 0.974149}}
{"target": -2.1819659856997693, "params": {"C": 244.11381619608957, "epsilon": 0.35050376020754115, "gamma": 0.06996524449753701, "lamda": 0.32974642112999136}, "datetime": {"datetime": "2021-09-23 13:06:14", "elapsed": 137.196489, "delta": 0.929002}}
{"target": -2.2562618479772447, "params": {"C": 155.52498644168347, "epsilon": 0.24587432568497974, "gamma": 0.14250175665975717, "lamda": 0.27836917401796996}, "datetime": {"datetime": "2021-09-23 13:06:15", "elapsed": 138.436325, "delta": 1.239836}}
{"target": -2.131364352783551, "params": {"C": 208.3350684772052, "epsilon": 0.3204240907038378, "gamma": 0.10140618433776803, "lamda": 0.17195622394962295}, "datetime": {"datetime": "2021-09-23 13:06:16", "elapsed": 139.360328, "delta": 0.924003}}
{"target": -2.028744566998977, "params": {"C": 154.8242673766507, "epsilon": 0.33445405822875907, "gamma": 0.048586544643920516, "lamda": 0.07847905091959441}, "datetime": {"datetime": "2021-09-23 13:06:18", "elapsed": 141.327325, "delta": 1.966997}}
{"target": -2.257540774408236, "params": {"C": 155.44417320906203, "epsilon": 0.08722421366515126, "gamma": 0.1451031274649372, "lamda": 0.12113324592366863}, "datetime": {"datetime": "2021-09-23 13:06:19", "elapsed": 142.681193, "delta": 1.353868}}
{"target": -2.0814747349768936, "params": {"C": 155.593190565341, "epsilon": 0.2204373454926342, "gamma": 0.0408485355746593, "lamda": 0.073580462697337}, "datetime": {"datetime": "2021-09-23 13:06:21", "elapsed": 144.139491, "delta": 1.458298}}
{"target": -2.068902191938756, "params": {"C": 166.6727103704051, "epsilon": 0.11008205216209441, "gamma": 0.08966559306469374, "lamda": 0.37617814221256424}, "datetime": {"datetime": "2021-09-23 13:06:21", "elapsed": 145.083602, "delta": 0.944111}}
{"target": -2.094237585657198, "params": {"C": 155.39473792372115, "epsilon": 0.3405394805337548, "gamma": 0.04885939549942658, "lamda": 0.1952421696419387}, "datetime": {"datetime": "2021-09-23 13:06:23", "elapsed": 146.42139, "delta": 1.337788}}
