{"target": 0.9292711465926952, "params": {"C": 1354.379097986323, "epsilon": 0.032246321683717265, "gamma": 0.04006879603275808, "lamda": 0.2642739926964809}, "datetime": {"datetime": "2021-09-24 08:12:33", "elapsed": 529.669357, "delta": 2.401977}}
{"target": 0.9227030867567576, "params": {"C": 1204.1251178047721, "epsilon": 0.1462844186016708, "gamma": 0.056294362093217774, "lamda": 0.1321808869520005}, "datetime": {"datetime": "2021-09-24 08:12:35", "elapsed": 532.012964, "delta": 2.343607}}
{"target": 0.9214198060336989, "params": {"C": 1245.8237598713476, "epsilon": 0.12233193343732247, "gamma": 0.020927634981993272, "lamda": 0.03980994585469143}, "datetime": {"datetime": "2021-09-24 08:12:39", "elapsed": 535.603665, "delta": 3.590701}}
{"target": 0.8976057302286338, "params": {"C": 1225.2632189365036, "epsilon": 0.9145555811212792, "gamma": 0.06362935492667825, "lamda": 0.2284662350281005}, "datetime": {"datetime": "2021-09-24 08:12:41", "elapsed": 537.726326, "delta": 2.122661}}
{"target": 0.9176122825652784, "params": {"C": 1207.0436248984377, "epsilon": 0.9521683146423454, "gamma": 0.03174432068029835, "lamda": 0.04093542542300808}, "datetime": {"datetime": "2021-09-24 08:12:47", "elapsed": 543.115476, "delta": 5.38915}}
{"target": 0.9020175999440945, "params": {"C": 1361.9709086891469, "epsilon": 0.4575696534335564, "gamma": 0.04351182075732465, "lamda": 0.3886494294453821}, "datetime": {"datetime": "2021-09-24 08:12:49", "elapsed": 545.936574, "delta": 2.821098}}
{"target": 0.9249378413604223, "params": {"C": 1264.7436174273205, "epsilon": 0.11523068326324169, "gamma": 0.03248988516996089, "lamda": 0.15457181242443915}, "datetime": {"datetime": "2021-09-24 08:12:52", "elapsed": 548.753749, "delta": 2.817175}}
{"target": 0.8982686239769646, "params": {"C": 1349.0345974027775, "epsilon": 0.859866934990085, "gamma": 0.05710251814804424, "lamda": 0.2526121976690217}, "datetime": {"datetime": "2021-09-24 08:12:55", "elapsed": 551.118147, "delta": 2.364398}}
{"target": 0.9241057634624968, "params": {"C": 1354.1815796988537, "epsilon": 0.06045523936642082, "gamma": 0.028098187165156593, "lamda": 0.23632729564175062}, "datetime": {"datetime": "2021-09-24 08:12:58", "elapsed": 554.622698, "delta": 3.504551}}
{"target": 0.8811710654555249, "params": {"C": 1281.1405893712508, "epsilon": 0.2808379805507062, "gamma": 0.012207809335038497, "lamda": 0.2865774683827298}, "datetime": {"datetime": "2021-09-24 08:13:01", "elapsed": 557.049631, "delta": 2.426933}}
{"target": 0.9160142908360842, "params": {"C": 1309.3142631733917, "epsilon": 0.03641568629750888, "gamma": 0.06689903657910932, "lamda": 0.2260672794354147}, "datetime": {"datetime": "2021-09-24 08:13:03", "elapsed": 559.427649, "delta": 2.378018}}
{"target": 0.8974266742130722, "params": {"C": 1264.7153054002663, "epsilon": 0.041690196291182334, "gamma": 0.015700956824277607, "lamda": 0.004926429631744196}, "datetime": {"datetime": "2021-09-24 08:13:06", "elapsed": 562.949299, "delta": 3.52165}}
{"target": 0.9145075571501903, "params": {"C": 1272.1669948314232, "epsilon": 0.03, "gamma": 0.07, "lamda": 0.3000818216517802}, "datetime": {"datetime": "2021-09-24 08:13:11", "elapsed": 567.442551, "delta": 4.493252}}
{"target": 0.9110205163115703, "params": {"C": 1232.7835231773736, "epsilon": 0.267223921319656, "gamma": 0.015275234800945718, "lamda": 0.02953670372352771}, "datetime": {"datetime": "2021-09-24 08:13:14", "elapsed": 570.555406, "delta": 3.112855}}
{"target": 0.925797459415256, "params": {"C": 1264.8615972623788, "epsilon": 0.12314019501957446, "gamma": 0.0498100971234051, "lamda": 0.12043213737955515}, "datetime": {"datetime": "2021-09-24 08:13:19", "elapsed": 575.997859, "delta": 5.442453}}
{"target": 0.9238652375281707, "params": {"C": 1264.7542627656915, "epsilon": 0.18522413589455336, "gamma": 0.045880913250718754, "lamda": 0.01994110483430279}, "datetime": {"datetime": "2021-09-24 08:13:22", "elapsed": 578.956467, "delta": 2.958608}}
{"target": 0.9218011664015426, "params": {"C": 1264.8091115875093, "epsilon": 0.15084636515112326, "gamma": 0.021417185459629597, "lamda": 0.051801472318159195}, "datetime": {"datetime": "2021-09-24 08:13:25", "elapsed": 581.841252, "delta": 2.884785}}
{"target": 0.9199438538691482, "params": {"C": 1204.1364102355333, "epsilon": 0.1467115882613988, "gamma": 0.05124539858475578, "lamda": 0.24369429803401083}, "datetime": {"datetime": "2021-09-24 08:13:28", "elapsed": 584.064865, "delta": 2.223613}}
{"target": 0.9160086304881925, "params": {"C": 1349.582517779397, "epsilon": 0.03067486844081072, "gamma": 0.05167972511058145, "lamda": 0.10782585790490362}, "datetime": {"datetime": "2021-09-24 08:13:31", "elapsed": 587.197904, "delta": 3.133039}}
{"target": 0.9215271863866988, "params": {"C": 1332.7394497229986, "epsilon": 0.12677227115783224, "gamma": 0.05057187542850246, "lamda": 0.22919063140805168}, "datetime": {"datetime": "2021-09-24 08:13:33", "elapsed": 589.357811, "delta": 2.159907}}
{"target": 0.9169624054939669, "params": {"C": 1236.8278276883875, "epsilon": 0.3697556075784426, "gamma": 0.06962600870394142, "lamda": 0.066485000933984}, "datetime": {"datetime": "2021-09-24 08:13:35", "elapsed": 591.534331, "delta": 2.17652}}
{"target": 0.9123992193391149, "params": {"C": 1383.432568954816, "epsilon": 0.6073747166836607, "gamma": 0.05086945098826015, "lamda": 0.15065843218991296}, "datetime": {"datetime": "2021-09-24 08:13:37", "elapsed": 593.776131, "delta": 2.2418}}
{"target": 0.9183854433267818, "params": {"C": 1286.5239577838558, "epsilon": 0.2356795046712035, "gamma": 0.04880396475141729, "lamda": 0.21176946326117455}, "datetime": {"datetime": "2021-09-24 08:13:40", "elapsed": 596.048382, "delta": 2.272251}}
{"target": 0.9302871656558076, "params": {"C": 1293.6149656382233, "epsilon": 0.18547280400277338, "gamma": 0.03287354621570304, "lamda": 0.042613698204143624}, "datetime": {"datetime": "2021-09-24 08:13:42", "elapsed": 598.256944, "delta": 2.208562}}
{"target": 0.8945654062194155, "params": {"C": 1389.147815885086, "epsilon": 0.7625464369206273, "gamma": 0.0509488469855701, "lamda": 0.34302283005940093}, "datetime": {"datetime": "2021-09-24 08:13:44", "elapsed": 600.312074, "delta": 2.05513}}
{"target": 0.9179333306596842, "params": {"C": 1236.7738435926537, "epsilon": 0.0933037511626517, "gamma": 0.05909421212673848, "lamda": 0.3655517941965795}, "datetime": {"datetime": "2021-09-24 08:13:46", "elapsed": 602.529626, "delta": 2.217552}}
{"target": 0.8990005357195225, "params": {"C": 1264.522547460646, "epsilon": 0.06854624157263772, "gamma": 0.010638755880863883, "lamda": 0.1794026037040787}, "datetime": {"datetime": "2021-09-24 08:13:50", "elapsed": 606.87548, "delta": 4.345854}}
{"target": 0.9050116206166344, "params": {"C": 1264.7746953476765, "epsilon": 0.1752195227980097, "gamma": 0.013936173790242817, "lamda": 0.10314905380692575}, "datetime": {"datetime": "2021-09-24 08:13:53", "elapsed": 609.614775, "delta": 2.739295}}
{"target": 0.8846528980143238, "params": {"C": 1300.0516655513406, "epsilon": 0.9644575409170655, "gamma": 0.06411579715767467, "lamda": 0.3585044260933558}, "datetime": {"datetime": "2021-09-24 08:13:55", "elapsed": 611.758167, "delta": 2.143392}}
{"target": 0.9254689753830587, "params": {"C": 1271.6209455582998, "epsilon": 0.0734524091146469, "gamma": 0.02797433938244636, "lamda": 0.1697079765790409}, "datetime": {"datetime": "2021-09-24 08:13:57", "elapsed": 613.991808, "delta": 2.233641}}
{"target": 0.9198335676022726, "params": {"C": 1264.68928078242, "epsilon": 0.17453737296853225, "gamma": 0.06360480889512839, "lamda": 0.06285266012673738}, "datetime": {"datetime": "2021-09-24 08:14:01", "elapsed": 617.804766, "delta": 3.812958}}
{"target": 0.9215669688491992, "params": {"C": 1227.0599459850487, "epsilon": 0.20101883425575842, "gamma": 0.021137845227583923, "lamda": 0.02506419280556908}, "datetime": {"datetime": "2021-09-24 08:14:05", "elapsed": 621.971633, "delta": 4.166867}}
{"target": 0.9255384441200643, "params": {"C": 1245.1328082011048, "epsilon": 0.34370528454664095, "gamma": 0.050014153277027885, "lamda": 0.02139042659419615}, "datetime": {"datetime": "2021-09-24 08:14:08", "elapsed": 624.786761, "delta": 2.815128}}
{"target": 0.8884781667211614, "params": {"C": 1379.123195769708, "epsilon": 0.4209701057373354, "gamma": 0.01817534689809938, "lamda": 0.2934711926578111}, "datetime": {"datetime": "2021-09-24 08:14:11", "elapsed": 627.049303, "delta": 2.262542}}
{"target": 0.8990773097803012, "params": {"C": 1245.1365677862575, "epsilon": 0.394678991364065, "gamma": 0.015323694327278552, "lamda": 0.001}, "datetime": {"datetime": "2021-09-24 08:14:15", "elapsed": 631.085235, "delta": 4.035932}}
{"target": 0.9239538542278322, "params": {"C": 1252.018856374248, "epsilon": 0.2589188678170241, "gamma": 0.03170738383905766, "lamda": 0.07802651433134082}, "datetime": {"datetime": "2021-09-24 08:14:17", "elapsed": 633.465216, "delta": 2.379981}}
{"target": 0.9220355751295068, "params": {"C": 1354.4154425757906, "epsilon": 0.05694892764951799, "gamma": 0.05853476989360689, "lamda": 0.2635462301949805}, "datetime": {"datetime": "2021-09-24 08:14:20", "elapsed": 636.700048, "delta": 3.234832}}
{"target": 0.9303469948099181, "params": {"C": 1293.5496557877523, "epsilon": 0.1710787008194228, "gamma": 0.03170125830671305, "lamda": 0.035133021766493674}, "datetime": {"datetime": "2021-09-24 08:14:23", "elapsed": 639.578762, "delta": 2.878714}}
{"target": 0.9277785990323392, "params": {"C": 1293.60178544879, "epsilon": 0.24158291381877894, "gamma": 0.02787198592339977, "lamda": 0.013823807025572926}, "datetime": {"datetime": "2021-09-24 08:14:27", "elapsed": 643.886346, "delta": 4.307584}}
{"target": 0.9252394639640844, "params": {"C": 1227.0577148921718, "epsilon": 0.2797668920968456, "gamma": 0.04832301064308219, "lamda": 0.0681346325397758}, "datetime": {"datetime": "2021-09-24 08:14:31", "elapsed": 648.034092, "delta": 4.147746}}
{"target": 0.9096530792441379, "params": {"C": 1362.8521145314394, "epsilon": 0.7405837294882137, "gamma": 0.04489020386542871, "lamda": 0.15575402100550093}, "datetime": {"datetime": "2021-09-24 08:14:34", "elapsed": 650.222072, "delta": 2.18798}}
{"target": 0.913253932141533, "params": {"C": 1313.4756558809054, "epsilon": 0.4936029532388031, "gamma": 0.031205781421421427, "lamda": 0.12440107137737934}, "datetime": {"datetime": "2021-09-24 08:14:36", "elapsed": 652.534288, "delta": 2.312216}}
{"target": 0.9069925410560746, "params": {"C": 1387.2049981274768, "epsilon": 0.303491098424829, "gamma": 0.03037152079194417, "lamda": 0.319142755469297}, "datetime": {"datetime": "2021-09-24 08:14:38", "elapsed": 654.707492, "delta": 2.173204}}
{"target": 0.8870464889195546, "params": {"C": 1293.5318314553058, "epsilon": 0.237901713625958, "gamma": 0.06974083300360985, "lamda": 0.010045388042128046}, "datetime": {"datetime": "2021-09-24 08:14:42", "elapsed": 658.976013, "delta": 4.268521}}
{"target": 0.9144125402880257, "params": {"C": 1299.6316024437797, "epsilon": 0.674018300359642, "gamma": 0.06478819672043534, "lamda": 0.08031807688387645}, "datetime": {"datetime": "2021-09-24 08:14:45", "elapsed": 661.177445, "delta": 2.201432}}
{"target": 0.9134714938607141, "params": {"C": 1293.5670317246877, "epsilon": 0.09126045502081612, "gamma": 0.05692736408110533, "lamda": 0.044712431899567744}, "datetime": {"datetime": "2021-09-24 08:14:48", "elapsed": 664.239548, "delta": 3.062103}}
{"target": 0.9180066827323046, "params": {"C": 1264.8987571071136, "epsilon": 0.16571167868533737, "gamma": 0.06816510215452729, "lamda": 0.10428424545534337}, "datetime": {"datetime": "2021-09-24 08:14:52", "elapsed": 668.449099, "delta": 4.209551}}
{"target": 0.9150696744954324, "params": {"C": 1393.0540401487515, "epsilon": 0.9792573499552895, "gamma": 0.01705412492997458, "lamda": 0.009406631541909297}, "datetime": {"datetime": "2021-09-24 08:14:54", "elapsed": 670.610618, "delta": 2.161519}}
{"target": 0.9302478698830258, "params": {"C": 1264.7277134173833, "epsilon": 0.08702099717827429, "gamma": 0.032225383484569076, "lamda": 0.0827886344717412}, "datetime": {"datetime": "2021-09-24 08:14:58", "elapsed": 674.28261, "delta": 3.671992}}
{"target": 0.9167840911841807, "params": {"C": 1283.921197549035, "epsilon": 0.10633798594788761, "gamma": 0.07, "lamda": 0.12459452542368486}, "datetime": {"datetime": "2021-09-24 08:15:01", "elapsed": 677.729232, "delta": 3.446622}}
{"target": 0.9105670840789212, "params": {"C": 1200.9091441661462, "epsilon": 0.809668006954886, "gamma": 0.055445552175549355, "lamda": 0.12581194133727966}, "datetime": {"datetime": "2021-09-24 08:15:03", "elapsed": 679.966181, "delta": 2.236949}}
{"target": 0.8945355688578673, "params": {"C": 1333.1700645371823, "epsilon": 0.8677606771254649, "gamma": 0.044305261247922535, "lamda": 0.3025380816352963}, "datetime": {"datetime": "2021-09-24 08:15:06", "elapsed": 682.178107, "delta": 2.211926}}
{"target": 0.9072238103407272, "params": {"C": 1327.924161634858, "epsilon": 0.6286623417377912, "gamma": 0.045407250872507104, "lamda": 0.21723534167301062}, "datetime": {"datetime": "2021-09-24 08:15:08", "elapsed": 684.374222, "delta": 2.196115}}
{"target": 0.8760649592304729, "params": {"C": 1218.3361615055521, "epsilon": 0.9446458193200601, "gamma": 0.017871619369956283, "lamda": 0.24807740988990634}, "datetime": {"datetime": "2021-09-24 08:15:10", "elapsed": 686.647799, "delta": 2.273577}}
{"target": 0.9221560129015279, "params": {"C": 1272.1403647348327, "epsilon": 0.07259455612070762, "gamma": 0.04477437689384151, "lamda": 0.36465183585724426}, "datetime": {"datetime": "2021-09-24 08:15:12", "elapsed": 688.877699, "delta": 2.2299}}
{"target": 0.901160616152155, "params": {"C": 1337.0756340336768, "epsilon": 0.461121353594804, "gamma": 0.055700576982317895, "lamda": 0.3949900835058084}, "datetime": {"datetime": "2021-09-24 08:15:15", "elapsed": 691.093629, "delta": 2.21593}}
{"target": 0.9202645612876119, "params": {"C": 1211.8517417146973, "epsilon": 0.036540115818147326, "gamma": 0.046113307350641744, "lamda": 0.06561574011886925}, "datetime": {"datetime": "2021-09-24 08:15:17", "elapsed": 693.445134, "delta": 2.351505}}
{"target": 0.929452020576026, "params": {"C": 1264.575289332255, "epsilon": 0.08346793244761655, "gamma": 0.03792803500923019, "lamda": 0.12055244534012471}, "datetime": {"datetime": "2021-09-24 08:15:19", "elapsed": 695.691067, "delta": 2.245933}}
{"target": 0.872699345862356, "params": {"C": 1372.586368075494, "epsilon": 0.7935996606927134, "gamma": 0.01666281480034839, "lamda": 0.3024728215641701}, "datetime": {"datetime": "2021-09-24 08:15:22", "elapsed": 698.055855, "delta": 2.364788}}
{"target": 0.8932428833815732, "params": {"C": 1379.54082267969, "epsilon": 0.1674346162127828, "gamma": 0.01558223186774257, "lamda": 0.37083213878932997}, "datetime": {"datetime": "2021-09-24 08:15:24", "elapsed": 700.220643, "delta": 2.164788}}
{"target": 0.9205424948596771, "params": {"C": 1264.5248905865446, "epsilon": 0.09551399088226792, "gamma": 0.06008362602165669, "lamda": 0.08738839230950261}, "datetime": {"datetime": "2021-09-24 08:15:28", "elapsed": 705.043998, "delta": 4.823355}}
{"target": 0.9193249395941809, "params": {"C": 1210.4388299837785, "epsilon": 0.3581520616872852, "gamma": 0.06327660748953705, "lamda": 0.0720324858377758}, "datetime": {"datetime": "2021-09-24 08:15:31", "elapsed": 707.292446, "delta": 2.248448}}
{"target": 0.922797393667513, "params": {"C": 1293.521891490292, "epsilon": 0.18954086110143775, "gamma": 0.027734690058542427, "lamda": 0.09412219509255883}, "datetime": {"datetime": "2021-09-24 08:15:35", "elapsed": 711.576766, "delta": 4.28432}}
{"target": 0.8993998896195137, "params": {"C": 1332.7433935622025, "epsilon": 0.03, "gamma": 0.01, "lamda": 0.17909661687135503}, "datetime": {"datetime": "2021-09-24 08:15:39", "elapsed": 715.258026, "delta": 3.68126}}
{"target": 0.9249171113841802, "params": {"C": 1328.4505211617818, "epsilon": 0.047629998708495866, "gamma": 0.047250518143086166, "lamda": 0.09840980456934112}, "datetime": {"datetime": "2021-09-24 08:15:41", "elapsed": 717.540765, "delta": 2.282739}}
{"target": 0.9014705328506646, "params": {"C": 1322.9611861984658, "epsilon": 0.6588622428724319, "gamma": 0.026845905880950982, "lamda": 0.17974358465181034}, "datetime": {"datetime": "2021-09-24 08:15:43", "elapsed": 719.843658, "delta": 2.302893}}
{"target": 0.8942166030814345, "params": {"C": 1255.2704714249637, "epsilon": 0.7451239592073331, "gamma": 0.028759445218644528, "lamda": 0.2637989615806301}, "datetime": {"datetime": "2021-09-24 08:15:46", "elapsed": 722.232531, "delta": 2.388873}}
{"target": 0.9294802091859032, "params": {"C": 1264.8595357350935, "epsilon": 0.23778520304000986, "gamma": 0.030598830283175726, "lamda": 0.01816510711646424}, "datetime": {"datetime": "2021-09-24 08:15:49", "elapsed": 725.3907, "delta": 3.158169}}
{"target": 0.9259640031995043, "params": {"C": 1285.8802595297277, "epsilon": 0.062488303635243776, "gamma": 0.028975818808076828, "lamda": 0.19690389533119113}, "datetime": {"datetime": "2021-09-24 08:15:51", "elapsed": 727.982112, "delta": 2.591412}}
{"target": 0.8970759762513107, "params": {"C": 1338.0623097431767, "epsilon": 0.1157855860820079, "gamma": 0.01378344319059161, "lamda": 0.30209828150791534}, "datetime": {"datetime": "2021-09-24 08:15:54", "elapsed": 730.433218, "delta": 2.451106}}
{"target": 0.8986083038779766, "params": {"C": 1332.841083864761, "epsilon": 0.1557385176113408, "gamma": 0.01, "lamda": 0.06271927219687565}, "datetime": {"datetime": "2021-09-24 08:15:58", "elapsed": 734.718549, "delta": 4.285331}}
{"target": 0.9212982643506566, "params": {"C": 1353.7680007070853, "epsilon": 0.12234512061877283, "gamma": 0.033188304605596644, "lamda": 0.22699821346862825}, "datetime": {"datetime": "2021-09-24 08:16:00", "elapsed": 737.035013, "delta": 2.316464}}
{"target": 0.9084392470519206, "params": {"C": 1279.9801808850152, "epsilon": 0.8606366171145389, "gamma": 0.03199760667053937, "lamda": 0.10938757450719948}, "datetime": {"datetime": "2021-09-24 08:16:03", "elapsed": 739.590987, "delta": 2.555974}}
{"target": 0.9235783082038252, "params": {"C": 1306.728731834915, "epsilon": 0.2615533032202012, "gamma": 0.05577025507922758, "lamda": 0.06478943313252469}, "datetime": {"datetime": "2021-09-24 08:16:05", "elapsed": 742.037796, "delta": 2.446809}}
{"target": 0.9263137819087529, "params": {"C": 1232.6003104646802, "epsilon": 0.21025745835916304, "gamma": 0.045764140445169, "lamda": 0.08010226860126526}, "datetime": {"datetime": "2021-09-24 08:16:08", "elapsed": 744.496939, "delta": 2.459143}}
{"target": 0.8950979385389043, "params": {"C": 1264.937702740814, "epsilon": 0.22610545121080777, "gamma": 0.06300895070462277, "lamda": 0.01034424289824028}, "datetime": {"datetime": "2021-09-24 08:16:12", "elapsed": 748.242517, "delta": 3.745578}}
{"target": 0.921452906093511, "params": {"C": 1391.2246053797921, "epsilon": 0.45911800944903236, "gamma": 0.060827986253878814, "lamda": 0.03552589640914555}, "datetime": {"datetime": "2021-09-24 08:16:14", "elapsed": 750.618431, "delta": 2.375914}}
{"target": 0.906894550975275, "params": {"C": 1219.4640937689758, "epsilon": 0.9699703846417923, "gamma": 0.06088060444614128, "lamda": 0.12932098390609498}, "datetime": {"datetime": "2021-09-24 08:16:16", "elapsed": 753.022123, "delta": 2.403692}}
{"target": 0.8897475765926268, "params": {"C": 1293.9250712556568, "epsilon": 0.8569194013172342, "gamma": 0.03476742952868786, "lamda": 0.33279214649126493}, "datetime": {"datetime": "2021-09-24 08:16:19", "elapsed": 755.347789, "delta": 2.325666}}
{"target": 0.9144310199671851, "params": {"C": 1312.4792458464683, "epsilon": 0.19560378803467024, "gamma": 0.032647761498657515, "lamda": 0.3001751693746094}, "datetime": {"datetime": "2021-09-24 08:16:21", "elapsed": 757.877675, "delta": 2.529886}}
{"target": 0.9253913417642206, "params": {"C": 1272.1592872855497, "epsilon": 0.07923191928974878, "gamma": 0.03645476781772794, "lamda": 0.22733174389675787}, "datetime": {"datetime": "2021-09-24 08:16:25", "elapsed": 761.181745, "delta": 3.30407}}
{"target": 0.9104051357363898, "params": {"C": 1327.0051797652225, "epsilon": 0.8506995751052617, "gamma": 0.03917601461255663, "lamda": 0.11988809885253744}, "datetime": {"datetime": "2021-09-24 08:16:27", "elapsed": 763.577508, "delta": 2.395763}}
{"target": 0.9119836278076651, "params": {"C": 1354.3584008535997, "epsilon": 0.03, "gamma": 0.07, "lamda": 0.2285452117797437}, "datetime": {"datetime": "2021-09-24 08:16:31", "elapsed": 767.791672, "delta": 4.214164}}
{"target": 0.9179254808335231, "params": {"C": 1264.8085876735804, "epsilon": 0.09105556577917763, "gamma": 0.06766242853816241, "lamda": 0.14087289900776206}, "datetime": {"datetime": "2021-09-24 08:16:36", "elapsed": 772.372905, "delta": 4.581233}}
{"target": 0.9201883230311411, "params": {"C": 1264.7406773937726, "epsilon": 0.11176443251623876, "gamma": 0.043219893746748464, "lamda": 0.017564970565883856}, "datetime": {"datetime": "2021-09-24 08:16:41", "elapsed": 777.285921, "delta": 4.913016}}
{"target": 0.8997396795347412, "params": {"C": 1219.0328412297354, "epsilon": 0.47048699393754045, "gamma": 0.06675773236789372, "lamda": 0.3625052786903887}, "datetime": {"datetime": "2021-09-24 08:16:43", "elapsed": 779.677991, "delta": 2.39207}}
{"target": 0.9203416000416806, "params": {"C": 1232.8597776979536, "epsilon": 0.36300126663309584, "gamma": 0.05881028176645553, "lamda": 0.02125350355117961}, "datetime": {"datetime": "2021-09-24 08:16:48", "elapsed": 784.309781, "delta": 4.63179}}
{"target": 0.9300343601558976, "params": {"C": 1204.0839907977097, "epsilon": 0.05610952323688741, "gamma": 0.03263462094914809, "lamda": 0.12867046427308218}, "datetime": {"datetime": "2021-09-24 08:16:52", "elapsed": 788.349141, "delta": 4.03936}}
