{"target": 0.9183222066319516, "params": {"C": 428.7030090608871, "epsilon": 0.4075929480924684, "gamma": 0.030781349084952853, "lamda": 0.08148957747670939}, "datetime": {"datetime": "2021-09-23 20:29:23", "elapsed": 141.338133, "delta": 0.986794}}
{"target": 0.9217024277113679, "params": {"C": 459.4717772895274, "epsilon": 0.12157151273801525, "gamma": 0.0418549604396779, "lamda": 0.25779122428367507}, "datetime": {"datetime": "2021-09-23 20:29:24", "elapsed": 142.577556, "delta": 1.239423}}
{"target": 0.9021841163912735, "params": {"C": 407.3029396698231, "epsilon": 0.7339880136980901, "gamma": 0.07531814664678613, "lamda": 0.17222342465339352}, "datetime": {"datetime": "2021-09-23 20:29:25", "elapsed": 143.496388, "delta": 0.918832}}
{"target": 0.908832796014522, "params": {"C": 449.3849610651819, "epsilon": 0.6428184602961131, "gamma": 0.03113380285369337, "lamda": 0.13761072866343163}, "datetime": {"datetime": "2021-09-23 20:29:26", "elapsed": 144.414972, "delta": 0.918584}}
{"target": 0.9227027945733981, "params": {"C": 459.5052660162458, "epsilon": 0.13556300959582585, "gamma": 0.05432185800036142, "lamda": 0.1595327189459324}, "datetime": {"datetime": "2021-09-23 20:29:27", "elapsed": 145.64762, "delta": 1.232648}}
{"target": 0.9200344505082231, "params": {"C": 459.41369974065236, "epsilon": 0.2083998740182003, "gamma": 0.04454199449777242, "lamda": 0.20340786113377313}, "datetime": {"datetime": "2021-09-23 20:29:28", "elapsed": 146.750929, "delta": 1.103309}}
{"target": 0.9078784830159808, "params": {"C": 478.22359124654827, "epsilon": 0.7067537079568224, "gamma": 0.05793852805525912, "lamda": 0.17170688112697235}, "datetime": {"datetime": "2021-09-23 20:29:29", "elapsed": 147.588788, "delta": 0.837859}}
{"target": 0.9200474648908884, "params": {"C": 461.3532953891529, "epsilon": 0.44718425967266473, "gamma": 0.057529030802720066, "lamda": 0.0722624341352128}, "datetime": {"datetime": "2021-09-23 20:29:30", "elapsed": 148.556614, "delta": 0.967826}}
{"target": 0.9224089473752811, "params": {"C": 439.51511481641376, "epsilon": 0.0733987728066888, "gamma": 0.03402714281024709, "lamda": 0.047728291963149386}, "datetime": {"datetime": "2021-09-23 20:29:31", "elapsed": 149.767333, "delta": 1.210719}}
{"target": 0.9137177694113787, "params": {"C": 427.8507137238385, "epsilon": 0.7729501041281461, "gamma": 0.0559083538182782, "lamda": 0.09794920475397696}, "datetime": {"datetime": "2021-09-23 20:29:32", "elapsed": 150.825689, "delta": 1.058356}}
{"target": 0.8950183411563092, "params": {"C": 414.40249503250453, "epsilon": 0.48856384490574867, "gamma": 0.06901448931010415, "lamda": 0.4239871801510709}, "datetime": {"datetime": "2021-09-23 20:29:33", "elapsed": 151.733532, "delta": 0.907843}}
{"target": 0.9145138326412178, "params": {"C": 459.2993781342989, "epsilon": 0.09598750555716674, "gamma": 0.07425435305530675, "lamda": 0.12463855943424001}, "datetime": {"datetime": "2021-09-23 20:29:35", "elapsed": 152.926898, "delta": 1.193366}}
{"target": 0.9121660548889683, "params": {"C": 459.3934797484084, "epsilon": 0.3173921278827556, "gamma": 0.07978724922851754, "lamda": 0.07102889937194772}, "datetime": {"datetime": "2021-09-23 20:29:36", "elapsed": 154.384773, "delta": 1.457875}}
{"target": 0.9158157703944055, "params": {"C": 459.44677405125356, "epsilon": 0.08570043300791946, "gamma": 0.07232451360845249, "lamda": 0.1614156548472821}, "datetime": {"datetime": "2021-09-23 20:29:37", "elapsed": 155.827787, "delta": 1.443014}}
{"target": 0.9237891513596208, "params": {"C": 459.63605887122003, "epsilon": 0.46094613389774886, "gamma": 0.03, "lamda": 0.015}, "datetime": {"datetime": "2021-09-23 20:29:39", "elapsed": 157.192171, "delta": 1.364384}}
{"target": 0.908322884411648, "params": {"C": 425.8514185906203, "epsilon": 0.0917558952235567, "gamma": 0.07931953721485266, "lamda": 0.05938857328253812}, "datetime": {"datetime": "2021-09-23 20:29:40", "elapsed": 158.186172, "delta": 0.994001}}
{"target": 0.9188748649598031, "params": {"C": 459.6413223252928, "epsilon": 0.3842708193646932, "gamma": 0.0626007844337205, "lamda": 0.07868161965201947}, "datetime": {"datetime": "2021-09-23 20:29:41", "elapsed": 159.721659, "delta": 1.535487}}
{"target": 0.9048468428132345, "params": {"C": 409.4686482975525, "epsilon": 0.31569744326549454, "gamma": 0.051660117195698255, "lamda": 0.46867083969903633}, "datetime": {"datetime": "2021-09-23 20:29:42", "elapsed": 160.672318, "delta": 0.950659}}
{"target": 0.9223506015188887, "params": {"C": 493.3857284038592, "epsilon": 0.03, "gamma": 0.03, "lamda": 0.31765820445474574}, "datetime": {"datetime": "2021-09-23 20:29:44", "elapsed": 162.057852, "delta": 1.385534}}
{"target": 0.9188064763208368, "params": {"C": 412.80087486615673, "epsilon": 0.14027837634604845, "gamma": 0.03583932028596941, "lamda": 0.29738298521019496}, "datetime": {"datetime": "2021-09-23 20:29:45", "elapsed": 163.248093, "delta": 1.190241}}
{"target": 0.9241858179587628, "params": {"C": 493.27978401088296, "epsilon": 0.03, "gamma": 0.03, "lamda": 0.22165680238989238}, "datetime": {"datetime": "2021-09-23 20:29:46", "elapsed": 164.837155, "delta": 1.589062}}
{"target": 0.9238514437150084, "params": {"C": 493.3852266164079, "epsilon": 0.03, "gamma": 0.03, "lamda": 0.18968772213517057}, "datetime": {"datetime": "2021-09-23 20:29:48", "elapsed": 166.180669, "delta": 1.343514}}
{"target": 0.920407483315495, "params": {"C": 427.25378830029746, "epsilon": 0.7447674844476766, "gamma": 0.06266245646349294, "lamda": 0.024128127013885885}, "datetime": {"datetime": "2021-09-23 20:29:49", "elapsed": 167.807453, "delta": 1.626784}}
{"target": 0.9268799097104994, "params": {"C": 459.5733457800201, "epsilon": 0.09761666695572033, "gamma": 0.04335581256764738, "lamda": 0.10055054809546443}, "datetime": {"datetime": "2021-09-23 20:29:51", "elapsed": 169.167775, "delta": 1.360322}}
{"target": 0.9174632174107564, "params": {"C": 459.355775610413, "epsilon": 0.13876106621496512, "gamma": 0.056560688021281585, "lamda": 0.3163405785515243}, "datetime": {"datetime": "2021-09-23 20:29:52", "elapsed": 170.804814, "delta": 1.637039}}
{"target": 0.9089264842618627, "params": {"C": 467.91067341708776, "epsilon": 0.19447321160126815, "gamma": 0.06393438837511904, "lamda": 0.44225054083096876}, "datetime": {"datetime": "2021-09-23 20:29:53", "elapsed": 171.828479, "delta": 1.023665}}
{"target": 0.9108148430314734, "params": {"C": 465.00995524371865, "epsilon": 0.36600797241688854, "gamma": 0.04064219032526432, "lamda": 0.27492773985172464}, "datetime": {"datetime": "2021-09-23 20:29:55", "elapsed": 172.905798, "delta": 1.077319}}
{"target": 0.9022597488263281, "params": {"C": 460.8601379566554, "epsilon": 0.2975818454103778, "gamma": 0.0647381960241531, "lamda": 0.48434210744093664}, "datetime": {"datetime": "2021-09-23 20:29:55", "elapsed": 173.820666, "delta": 0.914868}}
{"target": 0.8929454360217031, "params": {"C": 484.72767949590207, "epsilon": 0.687772811959239, "gamma": 0.04264924657051107, "lamda": 0.39551873492149636}, "datetime": {"datetime": "2021-09-23 20:29:56", "elapsed": 174.82347, "delta": 1.002804}}
{"target": 0.9206989902878717, "params": {"C": 493.31661659162523, "epsilon": 0.03, "gamma": 0.03, "lamda": 0.09162009278893074}, "datetime": {"datetime": "2021-09-23 20:29:58", "elapsed": 176.185304, "delta": 1.361834}}
{"target": 0.9226225903832418, "params": {"C": 459.74885241123775, "epsilon": 0.37309704141144723, "gamma": 0.03, "lamda": 0.015}, "datetime": {"datetime": "2021-09-23 20:29:59", "elapsed": 177.581974, "delta": 1.39667}}
{"target": 0.913133723432307, "params": {"C": 414.0928570086929, "epsilon": 0.4735870858434421, "gamma": 0.07587284068188013, "lamda": 0.07244763140410682}, "datetime": {"datetime": "2021-09-23 20:30:00", "elapsed": 178.677289, "delta": 1.095315}}
{"target": 0.9158801297106933, "params": {"C": 489.8638624485975, "epsilon": 0.49722040935306255, "gamma": 0.038843480175766484, "lamda": 0.1274455063826229}, "datetime": {"datetime": "2021-09-23 20:30:01", "elapsed": 179.739096, "delta": 1.061807}}
{"target": 0.9138138102304555, "params": {"C": 493.33308755412645, "epsilon": 0.08631414656244765, "gamma": 0.074410435216101, "lamda": 0.26225414020737864}, "datetime": {"datetime": "2021-09-23 20:30:02", "elapsed": 180.687974, "delta": 0.948878}}
{"target": 0.912136911340688, "params": {"C": 455.8063374113394, "epsilon": 0.5267122939515722, "gamma": 0.07802651110013664, "lamda": 0.023451509115929334}, "datetime": {"datetime": "2021-09-23 20:30:04", "elapsed": 182.501018, "delta": 1.813044}}
{"target": 0.9194968374756607, "params": {"C": 459.6061138918693, "epsilon": 0.15301385703196163, "gamma": 0.03, "lamda": 0.15513591061686827}, "datetime": {"datetime": "2021-09-23 20:30:06", "elapsed": 183.912585, "delta": 1.411567}}
{"target": 0.9249205695812099, "params": {"C": 459.5891885144788, "epsilon": 0.12921027230086063, "gamma": 0.04638675355667352, "lamda": 0.03165310864278362}, "datetime": {"datetime": "2021-09-23 20:30:07", "elapsed": 185.589165, "delta": 1.67658}}
{"target": 0.9228484373525087, "params": {"C": 459.39233922815583, "epsilon": 0.06964587965394847, "gamma": 0.050973983656941196, "lamda": 0.04553202580813952}, "datetime": {"datetime": "2021-09-23 20:30:09", "elapsed": 186.976615, "delta": 1.38745}}
{"target": 0.9232866082113754, "params": {"C": 428.51487931563213, "epsilon": 0.5792244840077, "gamma": 0.03, "lamda": 0.015}, "datetime": {"datetime": "2021-09-23 20:30:10", "elapsed": 188.775426, "delta": 1.798811}}
{"target": 0.8901708088184314, "params": {"C": 422.8459260684923, "epsilon": 0.6172678646452165, "gamma": 0.051157992031738236, "lamda": 0.4875031424591034}, "datetime": {"datetime": "2021-09-23 20:30:11", "elapsed": 189.69031, "delta": 0.914884}}
{"target": 0.9214839997360773, "params": {"C": 427.4388834176944, "epsilon": 0.6180808904222935, "gamma": 0.06142264791184926, "lamda": 0.0196794151282193}, "datetime": {"datetime": "2021-09-23 20:30:13", "elapsed": 191.39616, "delta": 1.70585}}
{"target": 0.9111909353001284, "params": {"C": 428.41132148851784, "epsilon": 0.5939129275232538, "gamma": 0.07891372498192536, "lamda": 0.018445722629980107}, "datetime": {"datetime": "2021-09-23 20:30:14", "elapsed": 192.734871, "delta": 1.338711}}
{"target": 0.9196065377188355, "params": {"C": 427.6290454126276, "epsilon": 0.5341687089205662, "gamma": 0.03470333588487422, "lamda": 0.06968594414575222}, "datetime": {"datetime": "2021-09-23 20:30:16", "elapsed": 194.533649, "delta": 1.798778}}
{"target": 0.9091741760004767, "params": {"C": 428.6145575007023, "epsilon": 0.6861892372153486, "gamma": 0.0318328636372295, "lamda": 0.1296824601556751}, "datetime": {"datetime": "2021-09-23 20:30:18", "elapsed": 195.887112, "delta": 1.353463}}
{"target": 0.8893073284801883, "params": {"C": 445.2317192285371, "epsilon": 0.7083602840299935, "gamma": 0.07771746211879152, "lamda": 0.3376168594250908}, "datetime": {"datetime": "2021-09-23 20:30:19", "elapsed": 196.869741, "delta": 0.982629}}
{"target": 0.9058429188657351, "params": {"C": 427.6863497905904, "epsilon": 0.5981633434595872, "gamma": 0.07144032599411805, "lamda": 0.17565627194896133}, "datetime": {"datetime": "2021-09-23 20:30:21", "elapsed": 198.87508, "delta": 2.005339}}
{"target": 0.9140499935407338, "params": {"C": 492.3598957189207, "epsilon": 0.2866795681990044, "gamma": 0.049119615031594774, "lamda": 0.269709719088473}, "datetime": {"datetime": "2021-09-23 20:30:21", "elapsed": 199.799976, "delta": 0.924896}}
{"target": 0.926291695607082, "params": {"C": 461.6485485391855, "epsilon": 0.7252166208215658, "gamma": 0.04368291339057666, "lamda": 0.017239149271313505}, "datetime": {"datetime": "2021-09-23 20:30:22", "elapsed": 200.807008, "delta": 1.007032}}
{"target": 0.9043438765768574, "params": {"C": 462.17835796006284, "epsilon": 0.6237346036433867, "gamma": 0.04917607887155516, "lamda": 0.2627497606807466}, "datetime": {"datetime": "2021-09-23 20:30:24", "elapsed": 202.170248, "delta": 1.36324}}
{"target": 0.9235589416555802, "params": {"C": 461.49133465270694, "epsilon": 0.640564799626728, "gamma": 0.054186658374498056, "lamda": 0.029094390216097575}, "datetime": {"datetime": "2021-09-23 20:30:26", "elapsed": 203.989669, "delta": 1.819421}}
{"target": 0.9246764190958983, "params": {"C": 432.337133155258, "epsilon": 0.13005247914191204, "gamma": 0.045199580805573555, "lamda": 0.13958439391711958}, "datetime": {"datetime": "2021-09-23 20:30:27", "elapsed": 205.28916, "delta": 1.299491}}
{"target": 0.9248859416775342, "params": {"C": 461.5662393221059, "epsilon": 0.5770110498738772, "gamma": 0.052254129933914074, "lamda": 0.022458044042331458}, "datetime": {"datetime": "2021-09-23 20:30:29", "elapsed": 207.276335, "delta": 1.987175}}
{"target": 0.9098696530056458, "params": {"C": 461.66922410803033, "epsilon": 0.6151192517080385, "gamma": 0.03904376297805803, "lamda": 0.1728576300326481}, "datetime": {"datetime": "2021-09-23 20:30:31", "elapsed": 209.039981, "delta": 1.763646}}
{"target": 0.9241768446629963, "params": {"C": 423.0080526823164, "epsilon": 0.10799974192423833, "gamma": 0.05577543849108223, "lamda": 0.09692699464318158}, "datetime": {"datetime": "2021-09-23 20:30:32", "elapsed": 210.116, "delta": 1.076019}}
{"target": 0.9199380607389019, "params": {"C": 432.4339532266311, "epsilon": 0.19859717003448937, "gamma": 0.06356564718372429, "lamda": 0.10728701353743325}, "datetime": {"datetime": "2021-09-23 20:30:34", "elapsed": 212.384199, "delta": 2.268199}}
{"target": 0.9135459451643274, "params": {"C": 461.54736208320526, "epsilon": 0.7579948469945923, "gamma": 0.032086313019006094, "lamda": 0.08152643159313835}, "datetime": {"datetime": "2021-09-23 20:30:36", "elapsed": 213.936508, "delta": 1.552309}}
{"target": 0.9125598638247508, "params": {"C": 461.66390284083576, "epsilon": 0.654077998552677, "gamma": 0.07647266221867396, "lamda": 0.017791638497684642}, "datetime": {"datetime": "2021-09-23 20:30:38", "elapsed": 216.395204, "delta": 2.458696}}
{"target": 0.9006347118764866, "params": {"C": 439.1630982968695, "epsilon": 0.6959752940881854, "gamma": 0.05492564117350407, "lamda": 0.2803358296420974}, "datetime": {"datetime": "2021-09-23 20:30:39", "elapsed": 217.415964, "delta": 1.02076}}
{"target": 0.8959349399127015, "params": {"C": 483.09885037424556, "epsilon": 0.3635036085619038, "gamma": 0.07937823935940569, "lamda": 0.42855349101598}, "datetime": {"datetime": "2021-09-23 20:30:40", "elapsed": 218.390967, "delta": 0.975003}}
{"target": 0.9124218698424746, "params": {"C": 461.5471384147517, "epsilon": 0.4944587153131479, "gamma": 0.07596830046864268, "lamda": 0.01811077019651916}, "datetime": {"datetime": "2021-09-23 20:30:42", "elapsed": 220.342967, "delta": 1.952}}
{"target": 0.8938253196933743, "params": {"C": 469.7470980925085, "epsilon": 0.6555045024318795, "gamma": 0.06398244030488293, "lamda": 0.36759920210572355}, "datetime": {"datetime": "2021-09-23 20:30:43", "elapsed": 221.383962, "delta": 1.040995}}
{"target": 0.9143516672672635, "params": {"C": 432.29314326950026, "epsilon": 0.19387783853598178, "gamma": 0.0749449450404652, "lamda": 0.06400660829827416}, "datetime": {"datetime": "2021-09-23 20:30:45", "elapsed": 222.931964, "delta": 1.548002}}
{"target": 0.9185077396692053, "params": {"C": 432.3337179852446, "epsilon": 0.09758255865601999, "gamma": 0.06557386018349479, "lamda": 0.2130659900547261}, "datetime": {"datetime": "2021-09-23 20:30:46", "elapsed": 224.854659, "delta": 1.922695}}
{"target": 0.9230754091702513, "params": {"C": 432.51677011765605, "epsilon": 0.08129802015072207, "gamma": 0.05472754824487676, "lamda": 0.20753652995722083}, "datetime": {"datetime": "2021-09-23 20:30:48", "elapsed": 226.542884, "delta": 1.688225}}
{"target": 0.9110342012151159, "params": {"C": 405.5732653992442, "epsilon": 0.42281246865767597, "gamma": 0.07235326427555511, "lamda": 0.140760854241247}, "datetime": {"datetime": "2021-09-23 20:30:49", "elapsed": 227.770928, "delta": 1.228044}}
{"target": 0.9170043444674453, "params": {"C": 461.6750688021545, "epsilon": 0.7811028540400191, "gamma": 0.030739200661885978, "lamda": 0.05131372661939232}, "datetime": {"datetime": "2021-09-23 20:30:51", "elapsed": 229.439813, "delta": 1.668885}}
{"target": 0.9265488936824525, "params": {"C": 432.5120263375178, "epsilon": 0.0534613062669011, "gamma": 0.046912294427996666, "lamda": 0.11719417021596859}, "datetime": {"datetime": "2021-09-23 20:30:53", "elapsed": 231.558321, "delta": 2.118508}}
{"target": 0.9238153855766877, "params": {"C": 432.4022980195234, "epsilon": 0.07733904901489866, "gamma": 0.03288750722033769, "lamda": 0.07150487340410219}, "datetime": {"datetime": "2021-09-23 20:30:55", "elapsed": 233.519341, "delta": 1.96102}}
{"target": 0.9100210774669135, "params": {"C": 457.8466498304098, "epsilon": 0.1922210749415158, "gamma": 0.07683550430741568, "lamda": 0.24921439263804657}, "datetime": {"datetime": "2021-09-23 20:30:56", "elapsed": 234.832607, "delta": 1.313266}}
{"target": 0.9158461465682282, "params": {"C": 476.92805307718805, "epsilon": 0.17289820239377762, "gamma": 0.040363038203078905, "lamda": 0.37000189386343635}, "datetime": {"datetime": "2021-09-23 20:30:58", "elapsed": 235.9174, "delta": 1.084793}}
{"target": 0.9159929288086742, "params": {"C": 450.46676214431176, "epsilon": 0.17279629759904258, "gamma": 0.032244930674334434, "lamda": 0.28833902380125037}, "datetime": {"datetime": "2021-09-23 20:30:59", "elapsed": 236.969237, "delta": 1.051837}}
{"target": 0.9182890285874955, "params": {"C": 432.5630946122513, "epsilon": 0.2214077199016424, "gamma": 0.05612053763446832, "lamda": 0.1946300251811554}, "datetime": {"datetime": "2021-09-23 20:31:01", "elapsed": 239.252038, "delta": 2.282801}}
{"target": 0.9150200951046915, "params": {"C": 492.0240450527195, "epsilon": 0.46145038573483854, "gamma": 0.04644382753065261, "lamda": 0.15930460288135367}, "datetime": {"datetime": "2021-09-23 20:31:02", "elapsed": 240.61149, "delta": 1.359452}}
{"target": 0.9111822992978095, "params": {"C": 461.4231391233652, "epsilon": 0.5763945991854076, "gamma": 0.0731927027046021, "lamda": 0.0977870349958322}, "datetime": {"datetime": "2021-09-23 20:31:04", "elapsed": 242.172738, "delta": 1.561248}}
{"target": 0.9232915628138891, "params": {"C": 432.54658776665326, "epsilon": 0.1209560266394793, "gamma": 0.03, "lamda": 0.05816927430615317}, "datetime": {"datetime": "2021-09-23 20:31:06", "elapsed": 244.342357, "delta": 2.169619}}
{"target": 0.9088271011217605, "params": {"C": 432.61011994943954, "epsilon": 0.05302109936619804, "gamma": 0.08, "lamda": 0.1278249874570444}, "datetime": {"datetime": "2021-09-23 20:31:08", "elapsed": 246.582511, "delta": 2.240154}}
{"target": 0.9071152346987704, "params": {"C": 459.63758622598874, "epsilon": 0.03096688685267974, "gamma": 0.07741415022083406, "lamda": 0.13453191440107043}, "datetime": {"datetime": "2021-09-23 20:31:10", "elapsed": 248.521445, "delta": 1.938934}}
{"target": 0.8997065774802718, "params": {"C": 443.98450476511834, "epsilon": 0.7904961194606811, "gamma": 0.047674928921371346, "lamda": 0.2657676625431593}, "datetime": {"datetime": "2021-09-23 20:31:11", "elapsed": 249.603925, "delta": 1.08248}}
{"target": 0.9207905027106493, "params": {"C": 432.4378864137586, "epsilon": 0.05996013060562651, "gamma": 0.0629440549681525, "lamda": 0.14794810954294374}, "datetime": {"datetime": "2021-09-23 20:31:14", "elapsed": 251.913681, "delta": 2.309756}}
{"target": 0.9246481541181608, "params": {"C": 476.57734557027226, "epsilon": 0.051256624309305304, "gamma": 0.042896594660663964, "lamda": 0.31584986885352506}, "datetime": {"datetime": "2021-09-23 20:31:15", "elapsed": 253.72201, "delta": 1.808329}}
{"target": 0.9221118898122022, "params": {"C": 459.4921910064337, "epsilon": 0.03165475681555105, "gamma": 0.03855853174964388, "lamda": 0.058876437181895974}, "datetime": {"datetime": "2021-09-23 20:31:17", "elapsed": 255.478937, "delta": 1.756927}}
{"target": 0.9178824372970598, "params": {"C": 432.3008334353492, "epsilon": 0.05728768461244746, "gamma": 0.06553077670101373, "lamda": 0.08510724783714886}, "datetime": {"datetime": "2021-09-23 20:31:20", "elapsed": 258.236718, "delta": 2.757781}}
{"target": 0.9226636082363168, "params": {"C": 461.2381822181691, "epsilon": 0.37423723026844846, "gamma": 0.03801737747458196, "lamda": 0.07193397929634654}, "datetime": {"datetime": "2021-09-23 20:31:21", "elapsed": 259.851267, "delta": 1.614549}}
{"target": 0.911691945710066, "params": {"C": 461.3382295126685, "epsilon": 0.31723384739352156, "gamma": 0.07647565091582931, "lamda": 0.1316035542151802}, "datetime": {"datetime": "2021-09-23 20:31:23", "elapsed": 261.703823, "delta": 1.852556}}
{"target": 0.9100471206285058, "params": {"C": 461.2326553464324, "epsilon": 0.44001496566471765, "gamma": 0.07531925974807072, "lamda": 0.13242838604856527}, "datetime": {"datetime": "2021-09-23 20:31:26", "elapsed": 264.259984, "delta": 2.556161}}
{"target": 0.9187361969558613, "params": {"C": 458.8347896562181, "epsilon": 0.5068223014534576, "gamma": 0.06675015356089772, "lamda": 0.02466305226895214}, "datetime": {"datetime": "2021-09-23 20:31:27", "elapsed": 265.452397, "delta": 1.192413}}
{"target": 0.8923188569755476, "params": {"C": 413.7442398747258, "epsilon": 0.725901996094711, "gamma": 0.03541791611928001, "lamda": 0.35445475537900883}, "datetime": {"datetime": "2021-09-23 20:31:28", "elapsed": 266.623208, "delta": 1.170811}}
{"target": 0.9184769038909391, "params": {"C": 432.4646297092927, "epsilon": 0.12922569738264678, "gamma": 0.05664260545660335, "lamda": 0.29469084498800074}, "datetime": {"datetime": "2021-09-23 20:31:30", "elapsed": 268.521909, "delta": 1.898701}}
{"target": 0.9241735710308897, "params": {"C": 427.5007496865609, "epsilon": 0.46552294786453574, "gamma": 0.04227071595099313, "lamda": 0.04501646621661781}, "datetime": {"datetime": "2021-09-23 20:31:33", "elapsed": 271.10612, "delta": 2.584211}}
