{"target": 0.9194884635463937, "params": {"C": 834.4907118884803, "epsilon": 0.32680364482417845, "gamma": 0.0635465852068087, "lamda": 0.032148168669373214}, "datetime": {"datetime": "2021-09-23 22:46:16", "elapsed": 37.955369, "delta": 1.10307}}
{"target": 0.9258754245731845, "params": {"C": 807.7825035762735, "epsilon": 0.5143846825922669, "gamma": 0.03375672790787801, "lamda": 0.03236376073565951}, "datetime": {"datetime": "2021-09-23 22:46:16", "elapsed": 38.681365, "delta": 0.725996}}
{"target": 0.8992800799506803, "params": {"C": 874.1506127086182, "epsilon": 0.10625107226857038, "gamma": 0.07, "lamda": 0.02539353955803407}, "datetime": {"datetime": "2021-09-23 22:46:18", "elapsed": 39.789365, "delta": 1.108}}
{"target": 0.9138650924925095, "params": {"C": 808.0333992593846, "epsilon": 0.5073812281530931, "gamma": 0.052553876532611385, "lamda": 0.002328326137659973}, "datetime": {"datetime": "2021-09-23 22:46:19", "elapsed": 40.872365, "delta": 1.083}}
{"target": 0.910473840802238, "params": {"C": 874.6135231585217, "epsilon": 0.2121562813519773, "gamma": 0.027446234016696852, "lamda": 0.2856791376981919}, "datetime": {"datetime": "2021-09-23 22:46:19", "elapsed": 41.433366, "delta": 0.561001}}
{"target": 0.9186313165907795, "params": {"C": 873.9935416239305, "epsilon": 0.41602432813207946, "gamma": 0.05865241832198205, "lamda": 0.0935931003695684}, "datetime": {"datetime": "2021-09-23 22:46:20", "elapsed": 42.062369, "delta": 0.629003}}
{"target": 0.9081585749427695, "params": {"C": 883.046646782318, "epsilon": 0.25597798420827467, "gamma": 0.06559187778085611, "lamda": 0.3611023605156928}, "datetime": {"datetime": "2021-09-23 22:46:20", "elapsed": 42.663367, "delta": 0.600998}}
{"target": 0.9190142826576417, "params": {"C": 875.044715742291, "epsilon": 0.03, "gamma": 0.023279279791040965, "lamda": 0.4}, "datetime": {"datetime": "2021-09-23 22:46:22", "elapsed": 43.715365, "delta": 1.051998}}
{"target": 0.9027100399375452, "params": {"C": 836.3737148610255, "epsilon": 0.7695819628835003, "gamma": 0.06045065778099424, "lamda": 0.21462818631946584}, "datetime": {"datetime": "2021-09-23 22:46:22", "elapsed": 44.256369, "delta": 0.541004}}
{"target": 0.9121572876440207, "params": {"C": 807.6282275228425, "epsilon": 0.4575530512165119, "gamma": 0.05397061035404282, "lamda": 0.19571123035694882}, "datetime": {"datetime": "2021-09-23 22:46:23", "elapsed": 45.220365, "delta": 0.963996}}
{"target": 0.9201193725000677, "params": {"C": 794.2784534375912, "epsilon": 0.22933152284575656, "gamma": 0.03740626407902138, "lamda": 0.16695509634253833}, "datetime": {"datetime": "2021-09-23 22:46:24", "elapsed": 46.054365, "delta": 0.834}}
{"target": 0.9284783424510794, "params": {"C": 794.4033061340257, "epsilon": 0.45701562014661257, "gamma": 0.0344809821137496, "lamda": 0.013059588676505862}, "datetime": {"datetime": "2021-09-23 22:46:25", "elapsed": 47.182163, "delta": 1.127798}}
{"target": 0.9106184931164468, "params": {"C": 794.4778001809948, "epsilon": 0.5498703154535314, "gamma": 0.04727541809052387, "lamda": 0.1952653214066846}, "datetime": {"datetime": "2021-09-23 22:46:26", "elapsed": 48.084168, "delta": 0.902005}}
{"target": 0.9161856413076599, "params": {"C": 807.6659834629413, "epsilon": 0.7377871450976412, "gamma": 0.019461805828083233, "lamda": 0.008029204434820834}, "datetime": {"datetime": "2021-09-23 22:46:27", "elapsed": 49.00967, "delta": 0.925502}}
{"target": 0.9017723940714067, "params": {"C": 833.1145583454561, "epsilon": 0.03801425058959908, "gamma": 0.012723914076975658, "lamda": 0.2474041442078309}, "datetime": {"datetime": "2021-09-23 22:46:28", "elapsed": 49.730869, "delta": 0.721199}}
{"target": 0.9167544377509582, "params": {"C": 794.086378227744, "epsilon": 0.4851560788598981, "gamma": 0.06460237663551584, "lamda": 0.08192648226739685}, "datetime": {"datetime": "2021-09-23 22:46:29", "elapsed": 50.868253, "delta": 1.137384}}
{"target": 0.8697302408615195, "params": {"C": 830.0155160401456, "epsilon": 0.723909244098786, "gamma": 0.016547865355545414, "lamda": 0.3665853435181578}, "datetime": {"datetime": "2021-09-23 22:46:29", "elapsed": 51.554256, "delta": 0.686003}}
{"target": 0.9227501797860759, "params": {"C": 815.6657405018192, "epsilon": 0.04843921905067757, "gamma": 0.05028380788493954, "lamda": 0.06777064564924848}, "datetime": {"datetime": "2021-09-23 22:46:30", "elapsed": 52.457254, "delta": 0.902998}}
{"target": 0.8952036666861141, "params": {"C": 834.8175533277938, "epsilon": 0.03, "gamma": 0.01, "lamda": 0.2891598317239133}, "datetime": {"datetime": "2021-09-23 22:46:31", "elapsed": 53.541864, "delta": 1.08461}}
{"target": 0.89908147951162, "params": {"C": 891.9676131654252, "epsilon": 0.9536415485667779, "gamma": 0.015188328390230318, "lamda": 0.04149861486142341}, "datetime": {"datetime": "2021-09-23 22:46:32", "elapsed": 54.223863, "delta": 0.681999}}
{"target": 0.9012856828532654, "params": {"C": 837.4415186570795, "epsilon": 0.44648293359166236, "gamma": 0.028775607302263473, "lamda": 0.29363790168061665}, "datetime": {"datetime": "2021-09-23 22:46:33", "elapsed": 54.896589, "delta": 0.672726}}
{"target": 0.8963433801585771, "params": {"C": 793.4250922993548, "epsilon": 0.5931835434233267, "gamma": 0.015365777078472266, "lamda": 0.08721564339898263}, "datetime": {"datetime": "2021-09-23 22:46:33", "elapsed": 55.57459, "delta": 0.678001}}
{"target": 0.904797867461084, "params": {"C": 815.9255807391005, "epsilon": 0.049113048069600956, "gamma": 0.017432145424607463, "lamda": 0.0154997553891928}, "datetime": {"datetime": "2021-09-23 22:46:34", "elapsed": 56.705672, "delta": 1.131082}}
{"target": 0.9123024545981689, "params": {"C": 794.4072645571349, "epsilon": 0.475710556316699, "gamma": 0.019012601455619997, "lamda": 0.040344303909053775}, "datetime": {"datetime": "2021-09-23 22:46:35", "elapsed": 57.268672, "delta": 0.563}}
{"target": 0.8993734289488202, "params": {"C": 834.4464553517097, "epsilon": 0.15498552383999267, "gamma": 0.013802387768856613, "lamda": 0.19267951386205523}, "datetime": {"datetime": "2021-09-23 22:46:36", "elapsed": 58.248673, "delta": 0.980001}}
{"target": 0.8927917065868094, "params": {"C": 819.0268484580951, "epsilon": 0.7382567286117583, "gamma": 0.037271997459895206, "lamda": 0.35317826706476824}, "datetime": {"datetime": "2021-09-23 22:46:37", "elapsed": 58.818973, "delta": 0.5703}}
{"target": 0.9188501866390255, "params": {"C": 792.1874699684902, "epsilon": 0.14157662282594347, "gamma": 0.022474310818100182, "lamda": 0.07638275768137}, "datetime": {"datetime": "2021-09-23 22:46:38", "elapsed": 59.858974, "delta": 1.040001}}
{"target": 0.9126876901606047, "params": {"C": 862.761294726723, "epsilon": 0.14211048957868105, "gamma": 0.06833741397481563, "lamda": 0.34612875507632634}, "datetime": {"datetime": "2021-09-23 22:46:38", "elapsed": 60.451973, "delta": 0.592999}}
{"target": 0.9203627084822719, "params": {"C": 794.493083167908, "epsilon": 0.37199170091512046, "gamma": 0.06309708027353142, "lamda": 0.034799640896820694}, "datetime": {"datetime": "2021-09-23 22:46:39", "elapsed": 61.416258, "delta": 0.964285}}
{"target": 0.9284421046871849, "params": {"C": 874.4739931305749, "epsilon": 0.061850310026986405, "gamma": 0.044206787396218424, "lamda": 0.1540555647397354}, "datetime": {"datetime": "2021-09-23 22:46:41", "elapsed": 62.964435, "delta": 1.548177}}
{"target": 0.8895579373679185, "params": {"C": 794.3614113143705, "epsilon": 0.3823809430385407, "gamma": 0.07, "lamda": 0.001}, "datetime": {"datetime": "2021-09-23 22:46:43", "elapsed": 65.483268, "delta": 2.518833}}
{"target": 0.9119344333474801, "params": {"C": 874.4227453256397, "epsilon": 0.0796551956444306, "gamma": 0.01833832488740747, "lamda": 0.2228305391319627}, "datetime": {"datetime": "2021-09-23 22:46:44", "elapsed": 66.33927, "delta": 0.856002}}
{"target": 0.9215027387635306, "params": {"C": 874.5425163604242, "epsilon": 0.09561947575859571, "gamma": 0.05613718455917328, "lamda": 0.23587589855923288}, "datetime": {"datetime": "2021-09-23 22:46:45", "elapsed": 67.046656, "delta": 0.707386}}
{"target": 0.9270262283690041, "params": {"C": 815.3355496729122, "epsilon": 0.18728339512463574, "gamma": 0.03579974409864134, "lamda": 0.08146882763784388}, "datetime": {"datetime": "2021-09-23 22:46:46", "elapsed": 67.749651, "delta": 0.702995}}
{"target": 0.9007497147457623, "params": {"C": 873.4636528410373, "epsilon": 0.5238881381520016, "gamma": 0.020092360359869454, "lamda": 0.13394338251117271}, "datetime": {"datetime": "2021-09-23 22:46:46", "elapsed": 68.475651, "delta": 0.726}}
{"target": 0.9098563898897476, "params": {"C": 882.9136536772376, "epsilon": 0.7209878344564675, "gamma": 0.03044308077340671, "lamda": 0.10963361445999367}, "datetime": {"datetime": "2021-09-23 22:46:47", "elapsed": 69.287291, "delta": 0.81164}}
{"target": 0.9220078126520663, "params": {"C": 815.1774797939423, "epsilon": 0.21087042273006412, "gamma": 0.034326751050359094, "lamda": 0.13288944287935364}, "datetime": {"datetime": "2021-09-23 22:46:49", "elapsed": 70.798268, "delta": 1.510977}}
{"target": 0.9181056052801702, "params": {"C": 815.2522975495576, "epsilon": 0.24818874441617636, "gamma": 0.06437095731150619, "lamda": 0.12219442041432498}, "datetime": {"datetime": "2021-09-23 22:46:50", "elapsed": 71.84527, "delta": 1.047002}}
{"target": 0.8986041575960164, "params": {"C": 885.5263942330487, "epsilon": 0.7959292186370986, "gamma": 0.06049574738962546, "lamda": 0.25855767007288327}, "datetime": {"datetime": "2021-09-23 22:46:50", "elapsed": 72.564873, "delta": 0.719603}}
{"target": 0.9290006960455512, "params": {"C": 792.2321395578961, "epsilon": 0.0387416183104871, "gamma": 0.03833288099322947, "lamda": 0.10581024417609061}, "datetime": {"datetime": "2021-09-23 22:46:51", "elapsed": 73.646306, "delta": 1.081433}}
{"target": 0.9168797923699908, "params": {"C": 815.237536216794, "epsilon": 0.23166476340025985, "gamma": 0.06875816215843412, "lamda": 0.11701444624407854}, "datetime": {"datetime": "2021-09-23 22:46:52", "elapsed": 74.433225, "delta": 0.786919}}
{"target": 0.9275159977460167, "params": {"C": 794.3759763957096, "epsilon": 0.44646759453500706, "gamma": 0.047631851347722416, "lamda": 0.022397457935522346}, "datetime": {"datetime": "2021-09-23 22:46:53", "elapsed": 75.373664, "delta": 0.940439}}
{"target": 0.9135134608981138, "params": {"C": 798.2862177586617, "epsilon": 0.5412863314333759, "gamma": 0.06458752949409159, "lamda": 0.11272405197337206}, "datetime": {"datetime": "2021-09-23 22:46:54", "elapsed": 76.05666, "delta": 0.682996}}
{"target": 0.9107936182257943, "params": {"C": 874.3607305864189, "epsilon": 0.06730341666681516, "gamma": 0.016253473867966092, "lamda": 0.0937434259750126}, "datetime": {"datetime": "2021-09-23 22:46:55", "elapsed": 77.055723, "delta": 0.999063}}
{"target": 0.9295595078744063, "params": {"C": 874.4533837720331, "epsilon": 0.07225949557292992, "gamma": 0.039516541497409935, "lamda": 0.08942804387829265}, "datetime": {"datetime": "2021-09-23 22:46:56", "elapsed": 77.942727, "delta": 0.887004}}
{"target": 0.900206913663381, "params": {"C": 800.4430478901791, "epsilon": 0.6158346053251317, "gamma": 0.028929232904324254, "lamda": 0.23123778970736691}, "datetime": {"datetime": "2021-09-23 22:46:56", "elapsed": 78.68873, "delta": 0.746003}}
{"target": 0.9013383196027384, "params": {"C": 834.5542252082207, "epsilon": 0.1278645923816769, "gamma": 0.01218935051878008, "lamda": 0.02029807353416708}, "datetime": {"datetime": "2021-09-23 22:46:57", "elapsed": 79.666394, "delta": 0.977664}}
{"target": 0.9293401722623312, "params": {"C": 874.5031063996032, "epsilon": 0.09339939838741743, "gamma": 0.0352408304484465, "lamda": 0.07512050817048321}, "datetime": {"datetime": "2021-09-23 22:46:58", "elapsed": 80.427393, "delta": 0.760999}}
{"target": 0.9243064889905062, "params": {"C": 834.5829440530833, "epsilon": 0.07375138255392792, "gamma": 0.054191305003394606, "lamda": 0.18898703068311917}, "datetime": {"datetime": "2021-09-23 22:46:59", "elapsed": 81.388549, "delta": 0.961156}}
{"target": 0.9049066443695067, "params": {"C": 834.5324656080974, "epsilon": 0.03, "gamma": 0.07, "lamda": 0.13128874350107791}, "datetime": {"datetime": "2021-09-23 22:47:00", "elapsed": 82.353549, "delta": 0.965}}
{"target": 0.9177805266054758, "params": {"C": 815.6376495092495, "epsilon": 0.4677101742567653, "gamma": 0.06802859727838093, "lamda": 0.04802691288163459}, "datetime": {"datetime": "2021-09-23 22:47:01", "elapsed": 83.075582, "delta": 0.722033}}
{"target": 0.8998553280657042, "params": {"C": 874.626636307518, "epsilon": 0.09652293811640714, "gamma": 0.012217919988148099, "lamda": 0.1748596257034944}, "datetime": {"datetime": "2021-09-23 22:47:02", "elapsed": 83.942182, "delta": 0.8666}}
{"target": 0.9275672746657284, "params": {"C": 874.4440809142264, "epsilon": 0.1712115512848715, "gamma": 0.04508218201493077, "lamda": 0.07630714356088854}, "datetime": {"datetime": "2021-09-23 22:47:03", "elapsed": 84.822227, "delta": 0.880045}}
{"target": 0.9160525785308689, "params": {"C": 844.804398981644, "epsilon": 0.6678857848740779, "gamma": 0.06309517416898137, "lamda": 0.07003032387803912}, "datetime": {"datetime": "2021-09-23 22:47:03", "elapsed": 85.556422, "delta": 0.734195}}
{"target": 0.9194114633279187, "params": {"C": 884.3563515979871, "epsilon": 0.27222863265745145, "gamma": 0.046860868259423975, "lamda": 0.1674937157763118}, "datetime": {"datetime": "2021-09-23 22:47:04", "elapsed": 86.38443, "delta": 0.828008}}
{"target": 0.8917221391038676, "params": {"C": 813.5440354879518, "epsilon": 0.3398439368681727, "gamma": 0.014415515842233988, "lamda": 0.18032579906708}, "datetime": {"datetime": "2021-09-23 22:47:05", "elapsed": 87.117745, "delta": 0.733315}}
{"target": 0.9018388334049856, "params": {"C": 815.3986123807671, "epsilon": 0.22404070092702494, "gamma": 0.013613591498157064, "lamda": 0.10182125401701247}, "datetime": {"datetime": "2021-09-23 22:47:06", "elapsed": 88.030738, "delta": 0.912993}}
{"target": 0.9269433978021462, "params": {"C": 834.6271241258366, "epsilon": 0.0635290121005321, "gamma": 0.041202144914336505, "lamda": 0.22742555719131785}, "datetime": {"datetime": "2021-09-23 22:47:07", "elapsed": 89.065444, "delta": 1.034706}}
{"target": 0.9286519965942713, "params": {"C": 874.4346908589986, "epsilon": 0.1288628404024003, "gamma": 0.04363550845998539, "lamda": 0.04573920673379635}, "datetime": {"datetime": "2021-09-23 22:47:08", "elapsed": 90.103442, "delta": 1.037998}}
{"target": 0.8990585431458631, "params": {"C": 874.4419244434722, "epsilon": 0.117641797428905, "gamma": 0.011926487751323073, "lamda": 0.14620028336547627}, "datetime": {"datetime": "2021-09-23 22:47:09", "elapsed": 91.058441, "delta": 0.954999}}
{"target": 0.8899548905201985, "params": {"C": 794.3801985758424, "epsilon": 0.49185997747609017, "gamma": 0.07, "lamda": 0.001}, "datetime": {"datetime": "2021-09-23 22:47:10", "elapsed": 92.113437, "delta": 1.054996}}
{"target": 0.896851332713146, "params": {"C": 815.3093325584573, "epsilon": 0.216155491108022, "gamma": 0.01138730144688267, "lamda": 0.08602805882359062}, "datetime": {"datetime": "2021-09-23 22:47:11", "elapsed": 92.884443, "delta": 0.771006}}
{"target": 0.8988297335791454, "params": {"C": 874.4767431843791, "epsilon": 0.06924923498846523, "gamma": 0.011227504179099488, "lamda": 0.13735845528402987}, "datetime": {"datetime": "2021-09-23 22:47:12", "elapsed": 93.912441, "delta": 1.027998}}
{"target": 0.91097358933737, "params": {"C": 874.4944868538148, "epsilon": 0.09574781568607638, "gamma": 0.065429695752227, "lamda": 0.05199763897183104}, "datetime": {"datetime": "2021-09-23 22:47:13", "elapsed": 94.75244, "delta": 0.839999}}
{"target": 0.8943416674233138, "params": {"C": 834.5563928780314, "epsilon": 0.06902956765467982, "gamma": 0.010779944845009272, "lamda": 0.2944581953513083}, "datetime": {"datetime": "2021-09-23 22:47:13", "elapsed": 95.572441, "delta": 0.820001}}
{"target": 0.9254640755813491, "params": {"C": 820.4101275017783, "epsilon": 0.8262884208591298, "gamma": 0.04177352018761141, "lamda": 0.023832859251152878}, "datetime": {"datetime": "2021-09-23 22:47:14", "elapsed": 96.431443, "delta": 0.859002}}
{"target": 0.9195826842805815, "params": {"C": 839.1324440297682, "epsilon": 0.996814221971482, "gamma": 0.050044525431901535, "lamda": 0.041661512213747025}, "datetime": {"datetime": "2021-09-23 22:47:15", "elapsed": 97.231448, "delta": 0.800005}}
{"target": 0.9229265074141524, "params": {"C": 874.4994934150224, "epsilon": 0.05571961961119343, "gamma": 0.055789045259827245, "lamda": 0.13074896920975645}, "datetime": {"datetime": "2021-09-23 22:47:16", "elapsed": 98.116442, "delta": 0.884994}}
{"target": 0.8614731618309064, "params": {"C": 843.6590824757058, "epsilon": 0.9327857578491116, "gamma": 0.01447887895207838, "lamda": 0.3291373743695295}, "datetime": {"datetime": "2021-09-23 22:47:17", "elapsed": 98.89444, "delta": 0.777998}}
{"target": 0.9245884121433281, "params": {"C": 874.8683514541881, "epsilon": 0.054609696962142434, "gamma": 0.0304557231659945, "lamda": 0.27306803444652694}, "datetime": {"datetime": "2021-09-23 22:47:18", "elapsed": 99.764447, "delta": 0.870007}}
{"target": 0.9131798485377397, "params": {"C": 820.4014819305346, "epsilon": 0.8402113269248525, "gamma": 0.019149527006743324, "lamda": 0.018437655721945903}, "datetime": {"datetime": "2021-09-23 22:47:19", "elapsed": 101.040313, "delta": 1.275866}}
{"target": 0.913513303738144, "params": {"C": 874.4018487168812, "epsilon": 0.1408579130723144, "gamma": 0.0649836313909077, "lamda": 0.04116688142717364}, "datetime": {"datetime": "2021-09-23 22:47:20", "elapsed": 101.956315, "delta": 0.916002}}
{"target": 0.9275922463045794, "params": {"C": 874.3815996451465, "epsilon": 0.0683288568573802, "gamma": 0.04302333928909012, "lamda": 0.05665747402202251}, "datetime": {"datetime": "2021-09-23 22:47:21", "elapsed": 102.75902, "delta": 0.802705}}
{"target": 0.9260672228212755, "params": {"C": 874.4213365185645, "epsilon": 0.08894386348882571, "gamma": 0.051190505675235004, "lamda": 0.11386334878767122}, "datetime": {"datetime": "2021-09-23 22:47:22", "elapsed": 103.75164, "delta": 0.99262}}
{"target": 0.9157409282552617, "params": {"C": 844.6485135728672, "epsilon": 0.2607956519883421, "gamma": 0.043715077692807774, "lamda": 0.257267554410696}, "datetime": {"datetime": "2021-09-23 22:47:22", "elapsed": 104.646096, "delta": 0.894456}}
{"target": 0.9280555697753978, "params": {"C": 834.5062348495683, "epsilon": 0.33641728471672494, "gamma": 0.04636695013265197, "lamda": 0.02602097495849856}, "datetime": {"datetime": "2021-09-23 22:47:23", "elapsed": 105.560204, "delta": 0.914108}}
{"target": 0.8844376889057658, "params": {"C": 878.1253306365395, "epsilon": 0.9956743291897288, "gamma": 0.06649500833066253, "lamda": 0.3423435420132378}, "datetime": {"datetime": "2021-09-23 22:47:24", "elapsed": 106.611203, "delta": 1.050999}}
{"target": 0.9288585614193583, "params": {"C": 815.2713937719387, "epsilon": 0.1568585285893421, "gamma": 0.03990061621804159, "lamda": 0.06796746661978928}, "datetime": {"datetime": "2021-09-23 22:47:25", "elapsed": 107.491734, "delta": 0.880531}}
{"target": 0.9074203322593445, "params": {"C": 879.0213860029392, "epsilon": 0.24953022686291432, "gamma": 0.03174120971822739, "lamda": 0.3959755288598539}, "datetime": {"datetime": "2021-09-23 22:47:26", "elapsed": 108.331738, "delta": 0.840004}}
{"target": 0.914729928095055, "params": {"C": 874.056588675462, "epsilon": 0.41701690467461516, "gamma": 0.042262484949003046, "lamda": 0.1780622373281184}, "datetime": {"datetime": "2021-09-23 22:47:27", "elapsed": 109.191739, "delta": 0.860001}}
{"target": 0.912408645935091, "params": {"C": 820.1143283366116, "epsilon": 0.8521469727564794, "gamma": 0.019353167449943268, "lamda": 0.002889736109050558}, "datetime": {"datetime": "2021-09-23 22:47:28", "elapsed": 110.200738, "delta": 1.008999}}
{"target": 0.9059333249770866, "params": {"C": 874.4640220835694, "epsilon": 0.030756914254189274, "gamma": 0.06961013465482603, "lamda": 0.14561894292086017}, "datetime": {"datetime": "2021-09-23 22:47:29", "elapsed": 111.108739, "delta": 0.908001}}
{"target": 0.9066236474304508, "params": {"C": 817.3498906448749, "epsilon": 0.6836189943343498, "gamma": 0.05884154412193709, "lamda": 0.19195156509524197}, "datetime": {"datetime": "2021-09-23 22:47:30", "elapsed": 112.004738, "delta": 0.895999}}
{"target": 0.9112451754240869, "params": {"C": 855.4896338343794, "epsilon": 0.5427503498020761, "gamma": 0.04374978539374783, "lamda": 0.1862258772591661}, "datetime": {"datetime": "2021-09-23 22:47:31", "elapsed": 112.941741, "delta": 0.937003}}
{"target": 0.9168695010203454, "params": {"C": 815.3593535417921, "epsilon": 0.18060933989352343, "gamma": 0.06313420724635384, "lamda": 0.036687058172853504}, "datetime": {"datetime": "2021-09-23 22:47:32", "elapsed": 113.906098, "delta": 0.964357}}
{"target": 0.9197286575200982, "params": {"C": 815.3283337349972, "epsilon": 0.21796527174701097, "gamma": 0.050622738053763126, "lamda": 0.010734205994773906}, "datetime": {"datetime": "2021-09-23 22:47:33", "elapsed": 114.922196, "delta": 1.016098}}
{"target": 0.91556782342736, "params": {"C": 834.335746842017, "epsilon": 0.11514515760971414, "gamma": 0.0696101154014653, "lamda": 0.08413983098748704}, "datetime": {"datetime": "2021-09-23 22:47:34", "elapsed": 115.915362, "delta": 0.993166}}
{"target": 0.9188164429411099, "params": {"C": 863.8969327693894, "epsilon": 0.14742843030751573, "gamma": 0.043074157575042855, "lamda": 0.3183593243230231}, "datetime": {"datetime": "2021-09-23 22:47:34", "elapsed": 116.680362, "delta": 0.765}}
{"target": 0.9090825503545429, "params": {"C": 860.440913304206, "epsilon": 0.39169469302110815, "gamma": 0.028431534875895753, "lamda": 0.18950027108726103}, "datetime": {"datetime": "2021-09-23 22:47:35", "elapsed": 117.470249, "delta": 0.789887}}
