{"target": 0.9075288927902931, "params": {"C": 150.34241707552806, "epsilon": 0.08004537399001202, "gamma": 0.08880484179407012, "lamda": 0.0773292599987432}, "datetime": {"datetime": "2021-09-23 10:16:46", "elapsed": 64.465347, "delta": 0.724145}}
{"target": 0.9110411546512842, "params": {"C": 147.65787028521729, "epsilon": 0.33776103089617915, "gamma": 0.06269137878544669, "lamda": 0.06830704888832557}, "datetime": {"datetime": "2021-09-23 10:16:47", "elapsed": 65.099869, "delta": 0.634522}}
{"target": 0.9148591933052814, "params": {"C": 275.30342822308546, "epsilon": 0.3376180188337679, "gamma": 0.07868944604246271, "lamda": 0.09408579645771993}, "datetime": {"datetime": "2021-09-23 10:16:47", "elapsed": 65.739373, "delta": 0.639504}}
{"target": 0.9120079585105909, "params": {"C": 192.18321613573585, "epsilon": 0.07977736564757576, "gamma": 0.06394802893698559, "lamda": 0.15693526347226333}, "datetime": {"datetime": "2021-09-23 10:16:48", "elapsed": 66.452167, "delta": 0.712794}}
{"target": 0.9056837496922372, "params": {"C": 209.85252672647738, "epsilon": 0.08126879114164214, "gamma": 0.0643603227725127, "lamda": 0.06794357591286714}, "datetime": {"datetime": "2021-09-23 10:16:49", "elapsed": 67.143035, "delta": 0.690868}}
{"target": 0.9106090551834276, "params": {"C": 207.945100738468, "epsilon": 0.33889034897059844, "gamma": 0.06382400753872604, "lamda": 0.13415263987802573}, "datetime": {"datetime": "2021-09-23 10:16:49", "elapsed": 67.842909, "delta": 0.699874}}
{"target": 0.9110297137428398, "params": {"C": 284.49379536209045, "epsilon": 0.34, "gamma": 0.09, "lamda": 0.17}, "datetime": {"datetime": "2021-09-23 10:16:50", "elapsed": 68.449748, "delta": 0.606839}}
{"target": 0.9128788089942114, "params": {"C": 238.458350061773, "epsilon": 0.3122685055588542, "gamma": 0.0736046770223134, "lamda": 0.14545759637323155}, "datetime": {"datetime": "2021-09-23 10:16:51", "elapsed": 69.074919, "delta": 0.625171}}
{"target": 0.914906052806119, "params": {"C": 267.96515943128554, "epsilon": 0.3353373396677548, "gamma": 0.08069536059148749, "lamda": 0.07785786165150793}, "datetime": {"datetime": "2021-09-23 10:16:51", "elapsed": 69.744926, "delta": 0.670007}}
{"target": 0.9154697810629336, "params": {"C": 297.519094698332, "epsilon": 0.3175185345665799, "gamma": 0.07871915251372723, "lamda": 0.08669764026738988}, "datetime": {"datetime": "2021-09-23 10:16:52", "elapsed": 70.400022, "delta": 0.655096}}
{"target": 0.9103355663176774, "params": {"C": 219.96974488460026, "epsilon": 0.3236304179500716, "gamma": 0.06460782667530149, "lamda": 0.1629359873204923}, "datetime": {"datetime": "2021-09-23 10:16:53", "elapsed": 71.068605, "delta": 0.668583}}
{"target": 0.9090004919227233, "params": {"C": 221.75283325485316, "epsilon": 0.08267799232410179, "gamma": 0.06956648704158418, "lamda": 0.07088796701761976}, "datetime": {"datetime": "2021-09-23 10:16:53", "elapsed": 71.826835, "delta": 0.75823}}
{"target": 0.9140085446690202, "params": {"C": 291.11016365944, "epsilon": 0.32912982031407595, "gamma": 0.08986175539400672, "lamda": 0.07408868273922466}, "datetime": {"datetime": "2021-09-23 10:16:54", "elapsed": 72.586755, "delta": 0.75992}}
{"target": 0.9145239886703006, "params": {"C": 270.0146418962254, "epsilon": 0.09602783072880544, "gamma": 0.08606541261125376, "lamda": 0.16529065339204868}, "datetime": {"datetime": "2021-09-23 10:16:55", "elapsed": 73.308902, "delta": 0.722147}}
{"target": 0.9144304888431538, "params": {"C": 227.58896818072066, "epsilon": 0.13594910508023372, "gamma": 0.0683169847651528, "lamda": 0.1666229648259738}, "datetime": {"datetime": "2021-09-23 10:16:56", "elapsed": 74.217052, "delta": 0.90815}}
{"target": 0.9123466050774981, "params": {"C": 246.50942403218593, "epsilon": 0.3261490502265027, "gamma": 0.06963578147102024, "lamda": 0.14915783907671554}, "datetime": {"datetime": "2021-09-23 10:16:57", "elapsed": 75.047577, "delta": 0.830525}}
{"target": 0.9144992670597855, "params": {"C": 224.60872314419007, "epsilon": 0.3116335708116058, "gamma": 0.06943213057158172, "lamda": 0.07295325269690868}, "datetime": {"datetime": "2021-09-23 10:16:57", "elapsed": 75.910196, "delta": 0.862619}}
{"target": 0.9023636687382974, "params": {"C": 110.8261735490115, "epsilon": 0.12647249279276052, "gamma": 0.08607589625190393, "lamda": 0.05241145999898078}, "datetime": {"datetime": "2021-09-23 10:16:58", "elapsed": 76.718924, "delta": 0.808728}}
{"target": 0.910437176511397, "params": {"C": 140.0032012240778, "epsilon": 0.32997982270959814, "gamma": 0.07547223506299364, "lamda": 0.13282490184931905}, "datetime": {"datetime": "2021-09-23 10:16:59", "elapsed": 77.470305, "delta": 0.751381}}
{"target": 0.9122335290842027, "params": {"C": 249.09162718673056, "epsilon": 0.33664894634557463, "gamma": 0.07562324345763428, "lamda": 0.16107156109312776}, "datetime": {"datetime": "2021-09-23 10:17:00", "elapsed": 78.389737, "delta": 0.919432}}
{"target": 0.9128368267638223, "params": {"C": 211.7994895155675, "epsilon": 0.30853288472923057, "gamma": 0.07472179224766454, "lamda": 0.12861311013892657}, "datetime": {"datetime": "2021-09-23 10:17:01", "elapsed": 79.29153, "delta": 0.901793}}
{"target": 0.9144115334236635, "params": {"C": 206.13181287469632, "epsilon": 0.07177620067563904, "gamma": 0.08060623121505792, "lamda": 0.1429615101209789}, "datetime": {"datetime": "2021-09-23 10:17:02", "elapsed": 80.074436, "delta": 0.782906}}
{"target": 0.9151800152367104, "params": {"C": 258.42492390862355, "epsilon": 0.3300820834464962, "gamma": 0.08108598249264615, "lamda": 0.045729874458292644}, "datetime": {"datetime": "2021-09-23 10:17:02", "elapsed": 80.896489, "delta": 0.822053}}
{"target": 0.9099318077555543, "params": {"C": 122.17713023698231, "epsilon": 0.2838759708594595, "gamma": 0.07552303811262412, "lamda": 0.1545469440931187}, "datetime": {"datetime": "2021-09-23 10:17:03", "elapsed": 81.59909, "delta": 0.702601}}
{"target": 0.9134079601761824, "params": {"C": 189.27434078436355, "epsilon": 0.07, "gamma": 0.09, "lamda": 0.17}, "datetime": {"datetime": "2021-09-23 10:17:04", "elapsed": 82.30857, "delta": 0.70948}}
{"target": 0.9155752452099714, "params": {"C": 254.892256872156, "epsilon": 0.3314977440324201, "gamma": 0.07140199121942235, "lamda": 0.052710838051913636}, "datetime": {"datetime": "2021-09-23 10:17:05", "elapsed": 83.019, "delta": 0.71043}}
{"target": 0.8990930606849659, "params": {"C": 126.31436299771613, "epsilon": 0.0833587338958742, "gamma": 0.06956995657699008, "lamda": 0.045309095924696424}, "datetime": {"datetime": "2021-09-23 10:17:05", "elapsed": 83.862324, "delta": 0.843324}}
{"target": 0.9033850337686832, "params": {"C": 183.87604724212912, "epsilon": 0.0728798224922082, "gamma": 0.0634078195104853, "lamda": 0.07896540330401225}, "datetime": {"datetime": "2021-09-23 10:17:06", "elapsed": 84.569662, "delta": 0.707338}}
{"target": 0.9092920233766961, "params": {"C": 160.2502427723392, "epsilon": 0.3311680278442562, "gamma": 0.06699927956679923, "lamda": 0.15130522012911926}, "datetime": {"datetime": "2021-09-23 10:17:07", "elapsed": 85.302154, "delta": 0.732492}}
{"target": 0.9096304223611306, "params": {"C": 162.2585773195923, "epsilon": 0.23370959550258638, "gamma": 0.06702448560621886, "lamda": 0.05394162936917117}, "datetime": {"datetime": "2021-09-23 10:17:08", "elapsed": 86.198868, "delta": 0.896714}}
{"target": 0.9146232585984413, "params": {"C": 285.9180296088281, "epsilon": 0.07, "gamma": 0.06, "lamda": 0.17}, "datetime": {"datetime": "2021-09-23 10:17:09", "elapsed": 87.11952, "delta": 0.920652}}
{"target": 0.9055232072236116, "params": {"C": 134.96476067009712, "epsilon": 0.3050715951472776, "gamma": 0.06694154963847596, "lamda": 0.045586260714407606}, "datetime": {"datetime": "2021-09-23 10:17:10", "elapsed": 88.116584, "delta": 0.997064}}
{"target": 0.9054965498987342, "params": {"C": 169.598244441205, "epsilon": 0.07, "gamma": 0.09, "lamda": 0.045}, "datetime": {"datetime": "2021-09-23 10:17:11", "elapsed": 89.152464, "delta": 1.03588}}
{"target": 0.9078412228217598, "params": {"C": 167.5891131246969, "epsilon": 0.08645567931747294, "gamma": 0.07071591563100782, "lamda": 0.09106891713906654}, "datetime": {"datetime": "2021-09-23 10:17:12", "elapsed": 90.080162, "delta": 0.927698}}
{"target": 0.9152020406267236, "params": {"C": 299.21865210186496, "epsilon": 0.3385933114090846, "gamma": 0.06934452743394494, "lamda": 0.08377025461818384}, "datetime": {"datetime": "2021-09-23 10:17:13", "elapsed": 91.007232, "delta": 0.92707}}
{"target": 0.9145292957678669, "params": {"C": 250.75270698169842, "epsilon": 0.27046307100324574, "gamma": 0.08047704802047825, "lamda": 0.10471506995940243}, "datetime": {"datetime": "2021-09-23 10:17:13", "elapsed": 91.776569, "delta": 0.769337}}
{"target": 0.9107755153740613, "params": {"C": 200.45751908757853, "epsilon": 0.33447614309217094, "gamma": 0.0706830343962494, "lamda": 0.16608508637421784}, "datetime": {"datetime": "2021-09-23 10:17:14", "elapsed": 92.472469, "delta": 0.6959}}
{"target": 0.9073873919614522, "params": {"C": 202.0895138272175, "epsilon": 0.10496383444473653, "gamma": 0.06299619424276987, "lamda": 0.07265454787561432}, "datetime": {"datetime": "2021-09-23 10:17:15", "elapsed": 93.312052, "delta": 0.839583}}
{"target": 0.9104900068609745, "params": {"C": 203.98614305974314, "epsilon": 0.07511975180213501, "gamma": 0.07270326040805926, "lamda": 0.09436096712477529}, "datetime": {"datetime": "2021-09-23 10:17:16", "elapsed": 94.315358, "delta": 1.003306}}
{"target": 0.9094125053705588, "params": {"C": 198.96845943552867, "epsilon": 0.0840237948711188, "gamma": 0.08284748472350106, "lamda": 0.0651823559011627}, "datetime": {"datetime": "2021-09-23 10:17:17", "elapsed": 95.376644, "delta": 1.061286}}
{"target": 0.9096144694149787, "params": {"C": 196.78543647432517, "epsilon": 0.30706495891067787, "gamma": 0.06095579110463356, "lamda": 0.14283699648316453}, "datetime": {"datetime": "2021-09-23 10:17:18", "elapsed": 96.26249, "delta": 0.885846}}
{"target": 0.9118728054777142, "params": {"C": 237.0836466706875, "epsilon": 0.3373586956315195, "gamma": 0.06264513373009618, "lamda": 0.11427998725283477}, "datetime": {"datetime": "2021-09-23 10:17:19", "elapsed": 97.15722, "delta": 0.89473}}
{"target": 0.9015063226144007, "params": {"C": 272.08827591186804, "epsilon": 0.07, "gamma": 0.06, "lamda": 0.045}, "datetime": {"datetime": "2021-09-23 10:17:20", "elapsed": 98.173217, "delta": 1.015997}}
{"target": 0.9147471028377212, "params": {"C": 273.87902218894465, "epsilon": 0.32309412668860643, "gamma": 0.08208507922758819, "lamda": 0.0944223529411165}, "datetime": {"datetime": "2021-09-23 10:17:21", "elapsed": 99.09094, "delta": 0.917723}}
{"target": 0.914043932748054, "params": {"C": 262.7041358145432, "epsilon": 0.3003656153242451, "gamma": 0.0662502084193133, "lamda": 0.09573689814103205}, "datetime": {"datetime": "2021-09-23 10:17:21", "elapsed": 99.897392, "delta": 0.806452}}
{"target": 0.9009850769051144, "params": {"C": 256.3510566663086, "epsilon": 0.07, "gamma": 0.06, "lamda": 0.045}, "datetime": {"datetime": "2021-09-23 10:17:22", "elapsed": 100.814717, "delta": 0.917325}}
{"target": 0.911962103870572, "params": {"C": 253.65948615997598, "epsilon": 0.3309471891573818, "gamma": 0.0691986020643535, "lamda": 0.16018099841638883}, "datetime": {"datetime": "2021-09-23 10:17:23", "elapsed": 101.882975, "delta": 1.068258}}
{"target": 0.9148368823416071, "params": {"C": 267.2267516870311, "epsilon": 0.11502050747965273, "gamma": 0.08467229562177389, "lamda": 0.15310414365463548}, "datetime": {"datetime": "2021-09-23 10:17:24", "elapsed": 102.607834, "delta": 0.724859}}
{"target": 0.911487180118127, "params": {"C": 233.66012932595748, "epsilon": 0.1057617210292221, "gamma": 0.07987995124216268, "lamda": 0.05730264926412898}, "datetime": {"datetime": "2021-09-23 10:17:25", "elapsed": 103.387318, "delta": 0.779484}}
{"target": 0.9140208394042406, "params": {"C": 178.87308124214158, "epsilon": 0.3177599917653292, "gamma": 0.087359541854084, "lamda": 0.04637648192987549}, "datetime": {"datetime": "2021-09-23 10:17:26", "elapsed": 104.0952, "delta": 0.707882}}
{"target": 0.9142739032580889, "params": {"C": 252.30455651810314, "epsilon": 0.213401341729753, "gamma": 0.07173641665820263, "lamda": 0.14634382195142914}, "datetime": {"datetime": "2021-09-23 10:17:27", "elapsed": 105.042691, "delta": 0.947491}}
{"target": 0.9133258371729348, "params": {"C": 234.85747177510413, "epsilon": 0.3121376785133152, "gamma": 0.07869330735526667, "lamda": 0.13153713383116494}, "datetime": {"datetime": "2021-09-23 10:17:27", "elapsed": 105.793283, "delta": 0.750592}}
{"target": 0.9120482410374007, "params": {"C": 296.1562218083596, "epsilon": 0.1420224808596094, "gamma": 0.06172138190558532, "lamda": 0.05228142450520902}, "datetime": {"datetime": "2021-09-23 10:17:28", "elapsed": 106.910509, "delta": 1.117226}}
{"target": 0.9150277931492997, "params": {"C": 264.1753843830263, "epsilon": 0.30207073829065645, "gamma": 0.07124381106967496, "lamda": 0.07968495043164113}, "datetime": {"datetime": "2021-09-23 10:17:29", "elapsed": 107.759776, "delta": 0.849267}}
{"target": 0.9142607813547369, "params": {"C": 293.6375760544805, "epsilon": 0.3121670110728709, "gamma": 0.0837737931423383, "lamda": 0.12123287705183143}, "datetime": {"datetime": "2021-09-23 10:17:30", "elapsed": 108.71559, "delta": 0.955814}}
{"target": 0.9143582874483523, "params": {"C": 289.50292032518723, "epsilon": 0.3333481031387924, "gamma": 0.0808228689762805, "lamda": 0.11732915309865098}, "datetime": {"datetime": "2021-09-23 10:17:31", "elapsed": 109.731891, "delta": 1.016301}}
{"target": 0.9152859752902116, "params": {"C": 288.6496378641772, "epsilon": 0.334315791347617, "gamma": 0.07682241217317683, "lamda": 0.08764741520051236}, "datetime": {"datetime": "2021-09-23 10:17:32", "elapsed": 110.673561, "delta": 0.94167}}
{"target": 0.9127516876433026, "params": {"C": 214.88485701219076, "epsilon": 0.3150595726350195, "gamma": 0.07214588310716387, "lamda": 0.12597712065973593}, "datetime": {"datetime": "2021-09-23 10:17:33", "elapsed": 111.661393, "delta": 0.987832}}
{"target": 0.9110714580778402, "params": {"C": 279.1562208680772, "epsilon": 0.09994618072476948, "gamma": 0.08185547044309116, "lamda": 0.04960671422524017}, "datetime": {"datetime": "2021-09-23 10:17:34", "elapsed": 112.818149, "delta": 1.156756}}
{"target": 0.9123852451446, "params": {"C": 277.4281278507592, "epsilon": 0.08611490356654761, "gamma": 0.08735185102246937, "lamda": 0.08147431134309711}, "datetime": {"datetime": "2021-09-23 10:17:35", "elapsed": 113.683278, "delta": 0.865129}}
{"target": 0.9007498314106296, "params": {"C": 154.47624107646192, "epsilon": 0.07605478258976071, "gamma": 0.06183026344022848, "lamda": 0.0905651591210025}, "datetime": {"datetime": "2021-09-23 10:17:36", "elapsed": 114.716803, "delta": 1.033525}}
{"target": 0.9028740445270764, "params": {"C": 187.22865120716486, "epsilon": 0.07291609735112115, "gamma": 0.06416945116928965, "lamda": 0.06754602114779014}, "datetime": {"datetime": "2021-09-23 10:17:37", "elapsed": 115.71716, "delta": 1.000357}}
{"target": 0.907062861588953, "params": {"C": 260.02387156434986, "epsilon": 0.07, "gamma": 0.09, "lamda": 0.045}, "datetime": {"datetime": "2021-09-23 10:17:38", "elapsed": 116.752183, "delta": 1.035023}}
{"target": 0.9148329458759719, "params": {"C": 261.68288422025705, "epsilon": 0.3290234609343115, "gamma": 0.07041666998965314, "lamda": 0.07561395036667876}, "datetime": {"datetime": "2021-09-23 10:17:39", "elapsed": 117.732195, "delta": 0.980012}}
{"target": 0.9029191196471369, "params": {"C": 181.24969821788738, "epsilon": 0.10271896318096152, "gamma": 0.06650486247708376, "lamda": 0.04595799796243612}, "datetime": {"datetime": "2021-09-23 10:17:40", "elapsed": 118.797881, "delta": 1.065686}}
{"target": 0.9030728413386272, "params": {"C": 158.01926331663884, "epsilon": 0.08288257509158704, "gamma": 0.06224636283610714, "lamda": 0.10492071460705057}, "datetime": {"datetime": "2021-09-23 10:17:41", "elapsed": 119.804048, "delta": 1.006167}}
{"target": 0.9120460345336077, "params": {"C": 179.56029788443408, "epsilon": 0.336168183711625, "gamma": 0.08507572138697471, "lamda": 0.1093702635186978}, "datetime": {"datetime": "2021-09-23 10:17:42", "elapsed": 120.664319, "delta": 0.860271}}
{"target": 0.9143370345441765, "params": {"C": 231.4479317613848, "epsilon": 0.07266436059770674, "gamma": 0.08582487402060504, "lamda": 0.16040519382104565}, "datetime": {"datetime": "2021-09-23 10:17:43", "elapsed": 121.773172, "delta": 1.108853}}
{"target": 0.9135197914162022, "params": {"C": 228.96089239782802, "epsilon": 0.09111062307223017, "gamma": 0.08580350192789658, "lamda": 0.09313474854263258}, "datetime": {"datetime": "2021-09-23 10:17:45", "elapsed": 123.109718, "delta": 1.336546}}
{"target": 0.9089829500420964, "params": {"C": 225.31841719783762, "epsilon": 0.34, "gamma": 0.06, "lamda": 0.17}, "datetime": {"datetime": "2021-09-23 10:17:46", "elapsed": 124.420894, "delta": 1.311176}}
{"target": 0.9138681719529627, "params": {"C": 223.96703232489256, "epsilon": 0.08121849703896052, "gamma": 0.06150875347084928, "lamda": 0.16193897449064604}, "datetime": {"datetime": "2021-09-23 10:17:47", "elapsed": 125.648432, "delta": 1.227538}}
{"target": 0.9053111996551964, "params": {"C": 166.31791444533727, "epsilon": 0.07, "gamma": 0.09, "lamda": 0.045}, "datetime": {"datetime": "2021-09-23 10:17:49", "elapsed": 127.1482, "delta": 1.499768}}
{"target": 0.91416136290108, "params": {"C": 282.63779527720743, "epsilon": 0.34, "gamma": 0.06, "lamda": 0.045}, "datetime": {"datetime": "2021-09-23 10:17:50", "elapsed": 128.119073, "delta": 0.970873}}
{"target": 0.9021643363413373, "params": {"C": 287.25952309916295, "epsilon": 0.07, "gamma": 0.06, "lamda": 0.045}, "datetime": {"datetime": "2021-09-23 10:17:51", "elapsed": 129.222264, "delta": 1.103191}}
{"target": 0.9010345511044885, "params": {"C": 257.91764129388025, "epsilon": 0.07, "gamma": 0.06, "lamda": 0.045}, "datetime": {"datetime": "2021-09-23 10:17:52", "elapsed": 130.208017, "delta": 0.985753}}
{"target": 0.9023006225852003, "params": {"C": 100.67508103525577, "epsilon": 0.10010417583410251, "gamma": 0.08323558740174752, "lamda": 0.10235681815438473}, "datetime": {"datetime": "2021-09-23 10:17:53", "elapsed": 131.021536, "delta": 0.813519}}
{"target": 0.9127451012401326, "params": {"C": 267.5498324467894, "epsilon": 0.338591254219681, "gamma": 0.07146010149204993, "lamda": 0.1498161718171192}, "datetime": {"datetime": "2021-09-23 10:17:54", "elapsed": 132.217177, "delta": 1.195641}}
{"target": 0.9137556546197979, "params": {"C": 258.81151858223643, "epsilon": 0.34, "gamma": 0.09, "lamda": 0.06033723805518489}, "datetime": {"datetime": "2021-09-23 10:17:55", "elapsed": 133.639391, "delta": 1.422214}}
{"target": 0.9121200531741585, "params": {"C": 114.6058793396462, "epsilon": 0.3168529398681615, "gamma": 0.08719088798807167, "lamda": 0.08552150119932822}, "datetime": {"datetime": "2021-09-23 10:17:56", "elapsed": 134.395772, "delta": 0.756381}}
{"target": 0.9125609173090631, "params": {"C": 198.76992213036385, "epsilon": 0.28488439516876696, "gamma": 0.06068028171221602, "lamda": 0.07660070326377104}, "datetime": {"datetime": "2021-09-23 10:17:57", "elapsed": 135.183888, "delta": 0.788116}}
{"target": 0.9138363247402778, "params": {"C": 274.86740186463834, "epsilon": 0.3162633138338874, "gamma": 0.07709111704182879, "lamda": 0.13806810416298107}, "datetime": {"datetime": "2021-09-23 10:17:58", "elapsed": 136.324056, "delta": 1.140168}}
{"target": 0.9156325076712318, "params": {"C": 255.1532662289137, "epsilon": 0.0888637750925215, "gamma": 0.07749950821280702, "lamda": 0.12744019580399338}, "datetime": {"datetime": "2021-09-23 10:18:00", "elapsed": 138.244441, "delta": 1.920385}}
{"target": 0.9084199003686635, "params": {"C": 297.2187650065451, "epsilon": 0.10083873233428646, "gamma": 0.06308849817835077, "lamda": 0.04834713166492684}, "datetime": {"datetime": "2021-09-23 10:18:01", "elapsed": 139.708547, "delta": 1.464106}}
{"target": 0.9156119313162862, "params": {"C": 222.70659077830584, "epsilon": 0.21628538975535, "gamma": 0.07651741848163203, "lamda": 0.05975835931319917}, "datetime": {"datetime": "2021-09-23 10:18:02", "elapsed": 140.576099, "delta": 0.867552}}
{"target": 0.9147002902669947, "params": {"C": 297.9356224357476, "epsilon": 0.23597430816328901, "gamma": 0.06373929825152982, "lamda": 0.09506221661133889}, "datetime": {"datetime": "2021-09-23 10:18:04", "elapsed": 142.232909, "delta": 1.65681}}
{"target": 0.9140302431678562, "params": {"C": 155.701427447677, "epsilon": 0.3305149715774019, "gamma": 0.07554501229096693, "lamda": 0.06637866101906623}, "datetime": {"datetime": "2021-09-23 10:18:05", "elapsed": 143.010708, "delta": 0.777799}}
{"target": 0.9152756132695261, "params": {"C": 288.65354560004283, "epsilon": 0.33766133777407287, "gamma": 0.08031217809895067, "lamda": 0.07297319424497721}, "datetime": {"datetime": "2021-09-23 10:18:05", "elapsed": 143.893735, "delta": 0.883027}}
{"target": 0.9140047812493307, "params": {"C": 254.66495349477856, "epsilon": 0.11067373916715664, "gamma": 0.08441374853774816, "lamda": 0.07899751077588207}, "datetime": {"datetime": "2021-09-23 10:18:07", "elapsed": 145.65006, "delta": 1.756325}}
{"target": 0.9110297137428398, "params": {"C": 245.39423376346946, "epsilon": 0.34, "gamma": 0.09, "lamda": 0.17}, "datetime": {"datetime": "2021-09-23 10:18:09", "elapsed": 147.086583, "delta": 1.436523}}
{"target": 0.914976075697429, "params": {"C": 244.59117148943085, "epsilon": 0.14402806872651536, "gamma": 0.083204817768945, "lamda": 0.09820138210400196}, "datetime": {"datetime": "2021-09-23 10:18:10", "elapsed": 148.475575, "delta": 1.388992}}
