{"target": -2.0533662491227678, "params": {"C": 156.68566602756206, "epsilon": 0.08309486758007763, "gamma": 0.09367849954393288, "lamda": 0.143493403527403}, "datetime": {"datetime": "2021-09-23 13:11:58", "elapsed": 481.912162, "delta": 4.341913}}
{"target": -2.162637695307291, "params": {"C": 264.265187138492, "epsilon": 0.18855342073287032, "gamma": 0.10791606141418425, "lamda": 0.27744024705458503}, "datetime": {"datetime": "2021-09-23 13:12:00", "elapsed": 483.471832, "delta": 1.55967}}
{"target": -2.390001531435771, "params": {"C": 299.6138309204149, "epsilon": 0.8796125077657471, "gamma": 0.10118114720092147, "lamda": 0.28894156128363335}, "datetime": {"datetime": "2021-09-23 13:12:01", "elapsed": 484.994832, "delta": 1.523}}
{"target": -2.0023974697237126, "params": {"C": 156.7700065762761, "epsilon": 0.11577728134766634, "gamma": 0.07959547653705695, "lamda": 0.2566650358110113}, "datetime": {"datetime": "2021-09-23 13:12:06", "elapsed": 489.333149, "delta": 4.338317}}
{"target": -2.1009908690954324, "params": {"C": 156.65042084808712, "epsilon": 0.004535945842049758, "gamma": 0.053267028859183975, "lamda": 0.3618978247553952}, "datetime": {"datetime": "2021-09-23 13:12:08", "elapsed": 492.008638, "delta": 2.675489}}
{"target": -2.1164956277350004, "params": {"C": 156.70333662617202, "epsilon": 0.2365219766256711, "gamma": 0.042440417491360224, "lamda": 0.24814576408766717}, "datetime": {"datetime": "2021-09-23 13:12:12", "elapsed": 495.589311, "delta": 3.580673}}
{"target": -2.014767061256893, "params": {"C": 156.91543544665856, "epsilon": 0.08052562448393694, "gamma": 0.05650362294404583, "lamda": 0.3448633218055156}, "datetime": {"datetime": "2021-09-23 13:12:16", "elapsed": 499.35384, "delta": 3.764529}}
{"target": -2.4363235055543724, "params": {"C": 252.38665142645345, "epsilon": 0.7769588842799965, "gamma": 0.12238840692534836, "lamda": 0.3437001564187253}, "datetime": {"datetime": "2021-09-23 13:12:17", "elapsed": 501.050936, "delta": 1.697096}}
{"target": -2.1731133985168647, "params": {"C": 290.3240906806933, "epsilon": 0.15008961092453915, "gamma": 0.04212188537362429, "lamda": 0.4517100833073885}, "datetime": {"datetime": "2021-09-23 13:12:19", "elapsed": 502.841481, "delta": 1.790545}}
{"target": -2.2949801955631077, "params": {"C": 156.82410878008042, "epsilon": 0.002700196174583427, "gamma": 0.13110495521073726, "lamda": 0.30741798436772433}, "datetime": {"datetime": "2021-09-23 13:12:23", "elapsed": 506.464667, "delta": 3.623186}}
{"target": -2.064478804687234, "params": {"C": 157.04425631496179, "epsilon": 0.20546330317895295, "gamma": 0.0910611957286237, "lamda": 0.21398498698122487}, "datetime": {"datetime": "2021-09-23 13:12:27", "elapsed": 510.771155, "delta": 4.306488}}
{"target": -2.188878445087353, "params": {"C": 156.7546456895376, "epsilon": 0.17098062195090658, "gamma": 0.10920224269339845, "lamda": 0.4175654154683421}, "datetime": {"datetime": "2021-09-23 13:12:30", "elapsed": 513.492769, "delta": 2.721614}}
{"target": -2.355348048150746, "params": {"C": 222.62360177811544, "epsilon": 0.8394039416389253, "gamma": 0.12202212599353421, "lamda": 0.23445184117741594}, "datetime": {"datetime": "2021-09-23 13:12:32", "elapsed": 515.501433, "delta": 2.008664}}
{"target": -2.00773250665119, "params": {"C": 156.8965382354143, "epsilon": 0.16061352465716494, "gamma": 0.06929387973112365, "lamda": 0.2388390512185847}, "datetime": {"datetime": "2021-09-23 13:12:35", "elapsed": 518.994546, "delta": 3.493113}}
{"target": -2.2753107745134806, "params": {"C": 181.67542116317696, "epsilon": 0.6502287555014575, "gamma": 0.0936382912815541, "lamda": 0.24881503470628302}, "datetime": {"datetime": "2021-09-23 13:12:37", "elapsed": 520.884268, "delta": 1.889722}}
{"target": -2.061796618388477, "params": {"C": 170.26758139005642, "epsilon": 0.2599514278423443, "gamma": 0.0696319532201545, "lamda": 0.026354417221723644}, "datetime": {"datetime": "2021-09-23 13:12:39", "elapsed": 522.774664, "delta": 1.890396}}
{"target": -2.160393237285493, "params": {"C": 157.11869570505073, "epsilon": 0.03882722599103899, "gamma": 0.11901153066386302, "lamda": 0.21165543524126354}, "datetime": {"datetime": "2021-09-23 13:12:43", "elapsed": 526.355702, "delta": 3.581038}}
{"target": -2.3015944283427117, "params": {"C": 192.85277459234888, "epsilon": 0.5714106854128778, "gamma": 0.11354572064341459, "lamda": 0.2739283099424877}, "datetime": {"datetime": "2021-09-23 13:12:45", "elapsed": 528.314701, "delta": 1.958999}}
{"target": -1.9942878802073178, "params": {"C": 156.77486862801345, "epsilon": 0.1181950721624815, "gamma": 0.07742857829934602, "lamda": 0.2473082600587047}, "datetime": {"datetime": "2021-09-23 13:12:47", "elapsed": 530.241702, "delta": 1.927001}}
{"target": -2.022356587463358, "params": {"C": 191.3435674912595, "epsilon": 0.994921432685788, "gamma": 0.05340457639847625, "lamda": 0.03310429974610597}, "datetime": {"datetime": "2021-09-23 13:12:52", "elapsed": 535.736814, "delta": 5.495112}}
{"target": -2.313670466687219, "params": {"C": 297.05772933305235, "epsilon": 0.45792480755100823, "gamma": 0.08134891680726508, "lamda": 0.43101138702553266}, "datetime": {"datetime": "2021-09-23 13:12:54", "elapsed": 537.494011, "delta": 1.757197}}
{"target": -2.161141457374765, "params": {"C": 196.4647673863073, "epsilon": 0.5772586716178792, "gamma": 0.06450111938727693, "lamda": 0.18856946457806498}, "datetime": {"datetime": "2021-09-23 13:12:56", "elapsed": 539.781969, "delta": 2.287958}}
{"target": -2.2052393716058245, "params": {"C": 191.35043066897236, "epsilon": 0.9450203490098635, "gamma": 0.09632509797022333, "lamda": 0.1132144365279705}, "datetime": {"datetime": "2021-09-23 13:13:02", "elapsed": 545.838315, "delta": 6.056346}}
{"target": -2.3256079371444938, "params": {"C": 240.8592445098995, "epsilon": 0.6840209708152346, "gamma": 0.06321848132311655, "lamda": 0.33653777121867084}, "datetime": {"datetime": "2021-09-23 13:13:04", "elapsed": 547.859065, "delta": 2.02075}}
{"target": -2.1390558276990896, "params": {"C": 252.40142276694132, "epsilon": 0.48963130051825265, "gamma": 0.05179120351992173, "lamda": 0.1850108803771578}, "datetime": {"datetime": "2021-09-23 13:13:06", "elapsed": 549.907012, "delta": 2.047947}}
{"target": -2.3183275529768363, "params": {"C": 215.58722068605124, "epsilon": 0.9371280706962645, "gamma": 0.10746747167009477, "lamda": 0.19549675385807033}, "datetime": {"datetime": "2021-09-23 13:13:08", "elapsed": 551.675861, "delta": 1.768849}}
{"target": -2.248345319055217, "params": {"C": 157.10392935756798, "epsilon": 0.16747786699888675, "gamma": 0.13745643381134498, "lamda": 0.38576099611079473}, "datetime": {"datetime": "2021-09-23 13:13:12", "elapsed": 556.040148, "delta": 4.364287}}
{"target": -2.09112599146916, "params": {"C": 156.88390992284778, "epsilon": 0.017045438798515, "gamma": 0.05443885729557924, "lamda": 0.12407503612220029}, "datetime": {"datetime": "2021-09-23 13:13:17", "elapsed": 560.226119, "delta": 4.185971}}
{"target": -2.0443492215586723, "params": {"C": 156.31243580749526, "epsilon": 0.04354855728257597, "gamma": 0.08993061388050574, "lamda": 0.23813791977897728}, "datetime": {"datetime": "2021-09-23 13:13:21", "elapsed": 564.463725, "delta": 4.237606}}
{"target": -2.5066313146625943, "params": {"C": 156.98554062761312, "epsilon": 0.7574331684527655, "gamma": 0.05320217380852167, "lamda": 0.5699319187153699}, "datetime": {"datetime": "2021-09-23 13:13:23", "elapsed": 566.418062, "delta": 1.954337}}
{"target": -2.098428166746261, "params": {"C": 156.46160935492955, "epsilon": 0.0010934231020283357, "gamma": 0.0593389171241393, "lamda": 0.4019563529731508}, "datetime": {"datetime": "2021-09-23 13:13:26", "elapsed": 569.939849, "delta": 3.521787}}
{"target": -2.3404576715918375, "params": {"C": 195.22819072688037, "epsilon": 0.9735861981544105, "gamma": 0.1408091724828922, "lamda": 0.16348275332454162}, "datetime": {"datetime": "2021-09-23 13:13:28", "elapsed": 571.765617, "delta": 1.825768}}
{"target": -2.0954910140634175, "params": {"C": 281.46961156965034, "epsilon": 0.7355837280920244, "gamma": 0.04, "lamda": 0.01}, "datetime": {"datetime": "2021-09-23 13:13:32", "elapsed": 575.194869, "delta": 3.429252}}
{"target": -1.9929690212428164, "params": {"C": 156.9379226924465, "epsilon": 0.25009810132359467, "gamma": 0.0626444842868055, "lamda": 0.09822193210073875}, "datetime": {"datetime": "2021-09-23 13:13:35", "elapsed": 578.960036, "delta": 3.765167}}
{"target": -2.2599972621342546, "params": {"C": 156.91424110141293, "epsilon": 0.16262026146478312, "gamma": 0.15, "lamda": 0.09572838889855427}, "datetime": {"datetime": "2021-09-23 13:13:40", "elapsed": 583.386573, "delta": 4.426537}}
{"target": -2.048675668775052, "params": {"C": 202.92276019300505, "epsilon": 0.2023445097781469, "gamma": 0.07409755653232541, "lamda": 0.24001042926132946}, "datetime": {"datetime": "2021-09-23 13:13:42", "elapsed": 585.305864, "delta": 1.919291}}
{"target": -2.0865621172100446, "params": {"C": 157.15080090415864, "epsilon": 0.3511729625133467, "gamma": 0.10272323528512312, "lamda": 0.10257718082838331}, "datetime": {"datetime": "2021-09-23 13:13:46", "elapsed": 589.542173, "delta": 4.236309}}
{"target": -2.072959943484709, "params": {"C": 156.86311056574735, "epsilon": 0.23894658638969116, "gamma": 0.043197945345591814, "lamda": 0.16534708592521624}, "datetime": {"datetime": "2021-09-23 13:13:49", "elapsed": 593.126299, "delta": 3.584126}}
{"target": -2.2709380881314116, "params": {"C": 186.8078905310748, "epsilon": 0.7021840935484465, "gamma": 0.07201266249358984, "lamda": 0.2607285702314758}, "datetime": {"datetime": "2021-09-23 13:13:51", "elapsed": 595.020913, "delta": 1.894614}}
{"target": -2.2198962293706628, "params": {"C": 202.9077633000993, "epsilon": 0.19145057706096205, "gamma": 0.13565195374485517, "lamda": 0.10835531558811036}, "datetime": {"datetime": "2021-09-23 13:13:55", "elapsed": 598.31451, "delta": 3.293597}}
{"target": -2.030968011198877, "params": {"C": 155.27160510655673, "epsilon": 0.8431078510063975, "gamma": 0.08937834152175642, "lamda": 0.03269075951314633}, "datetime": {"datetime": "2021-09-23 13:14:00", "elapsed": 603.323512, "delta": 5.009002}}
{"target": -2.1772257660184935, "params": {"C": 273.98303385281406, "epsilon": 0.7924525829379326, "gamma": 0.06996939364310376, "lamda": 0.14810113792109217}, "datetime": {"datetime": "2021-09-23 13:14:02", "elapsed": 605.319509, "delta": 1.995997}}
{"target": -2.1122873213268725, "params": {"C": 157.0003298176898, "epsilon": 0.2807694930282245, "gamma": 0.07328585914236874, "lamda": 0.011773302999146093}, "datetime": {"datetime": "2021-09-23 13:14:07", "elapsed": 610.437511, "delta": 5.118002}}
{"target": -2.1823623572201383, "params": {"C": 157.01055496810793, "epsilon": 0.42645395621626686, "gamma": 0.09979485095950694, "lamda": 0.20707014987514105}, "datetime": {"datetime": "2021-09-23 13:14:11", "elapsed": 614.63268, "delta": 4.195169}}
{"target": -2.1890665718402254, "params": {"C": 156.47121946780766, "epsilon": 0.09787693991068586, "gamma": 0.13032968774035536, "lamda": 0.33535455025918676}, "datetime": {"datetime": "2021-09-23 13:14:15", "elapsed": 618.627764, "delta": 3.995084}}
{"target": -2.09195177369014, "params": {"C": 156.3635819665016, "epsilon": 0.041991405806344764, "gamma": 0.049579262080243575, "lamda": 0.09713237401327829}, "datetime": {"datetime": "2021-09-23 13:14:18", "elapsed": 622.126778, "delta": 3.499014}}
{"target": -2.1145888793366017, "params": {"C": 213.0370296452433, "epsilon": 0.007067282152841293, "gamma": 0.043477701167006805, "lamda": 0.3795434723683207}, "datetime": {"datetime": "2021-09-23 13:14:22", "elapsed": 625.182494, "delta": 3.055716}}
{"target": -2.5032526352809845, "params": {"C": 168.94741420237767, "epsilon": 0.9120010572578948, "gamma": 0.13832048403224342, "lamda": 0.3463535806179932}, "datetime": {"datetime": "2021-09-23 13:14:23", "elapsed": 626.956, "delta": 1.773506}}
{"target": -1.9974110208396632, "params": {"C": 156.19346392071185, "epsilon": 0.17025208894478866, "gamma": 0.07053228843131587, "lamda": 0.20286807143233215}, "datetime": {"datetime": "2021-09-23 13:14:27", "elapsed": 630.558443, "delta": 3.602443}}
{"target": -2.1683917221211324, "params": {"C": 170.28318070109603, "epsilon": 0.24986526731547087, "gamma": 0.12272796459149807, "lamda": 0.16050855591666952}, "datetime": {"datetime": "2021-09-23 13:14:30", "elapsed": 634.102485, "delta": 3.544042}}
{"target": -2.3140887435604847, "params": {"C": 156.03139032303102, "epsilon": 0.052696756738466174, "gamma": 0.14870421025552055, "lamda": 0.11196209651630523}, "datetime": {"datetime": "2021-09-23 13:14:34", "elapsed": 637.551173, "delta": 3.448688}}
{"target": -2.4995937441097396, "params": {"C": 261.7759480520831, "epsilon": 0.8556773897475206, "gamma": 0.12635461660474775, "lamda": 0.38205813690406715}, "datetime": {"datetime": "2021-09-23 13:14:36", "elapsed": 639.20479, "delta": 1.653617}}
{"target": -2.073757231795435, "params": {"C": 155.52567422964043, "epsilon": 0.7614291757707695, "gamma": 0.04761304676318799, "lamda": 0.07066171176847347}, "datetime": {"datetime": "2021-09-23 13:14:39", "elapsed": 642.889851, "delta": 3.685061}}
{"target": -2.2336477584640146, "params": {"C": 210.8554420284381, "epsilon": 0.2593372603816036, "gamma": 0.04404765044757058, "lamda": 0.432282472044638}, "datetime": {"datetime": "2021-09-23 13:14:41", "elapsed": 644.845676, "delta": 1.955825}}
{"target": -2.0916629141131406, "params": {"C": 166.53585501773804, "epsilon": 0.001, "gamma": 0.04, "lamda": 0.1477756805395761}, "datetime": {"datetime": "2021-09-23 13:14:46", "elapsed": 649.397466, "delta": 4.55179}}
{"target": -2.188973364213133, "params": {"C": 155.96150322188285, "epsilon": 0.6522526601209591, "gamma": 0.045504107475850125, "lamda": 0.16738822754430588}, "datetime": {"datetime": "2021-09-23 13:14:49", "elapsed": 653.070512, "delta": 3.673046}}
{"target": -2.139527080554821, "params": {"C": 254.2641286533492, "epsilon": 0.059921871385025444, "gamma": 0.10970130584189028, "lamda": 0.22715312593619744}, "datetime": {"datetime": "2021-09-23 13:26:12", "elapsed": 0.0, "delta": 0.0}}
{"target": -2.060486267860399, "params": {"C": 199.70140246051807, "epsilon": 0.25580477970961374, "gamma": 0.06178691512355863, "lamda": 0.23055390653769803}, "datetime": {"datetime": "2021-09-23 13:26:12", "elapsed": 0.318003, "delta": 0.318003}}
{"target": -2.124629838221054, "params": {"C": 133.82216731250708, "epsilon": 0.12480622160704985, "gamma": 0.11538958002045768, "lamda": 0.28648407039653156}, "datetime": {"datetime": "2021-09-23 13:26:12", "elapsed": 0.618996, "delta": 0.300993}}
{"target": -2.2343229727003915, "params": {"C": 100.78965326558288, "epsilon": 0.5317045728503456, "gamma": 0.12938830578173247, "lamda": 0.18763255938052256}, "datetime": {"datetime": "2021-09-23 13:26:13", "elapsed": 0.948996, "delta": 0.33}}
{"target": -2.354277117985563, "params": {"C": 200.72931724418328, "epsilon": 0.7619573734214784, "gamma": 0.12987601127448267, "lamda": 0.24296235779835024}, "datetime": {"datetime": "2021-09-23 13:26:13", "elapsed": 1.405594, "delta": 0.456598}}
{"target": -2.048623060273236, "params": {"C": 199.64362309748938, "epsilon": 0.2300097113962225, "gamma": 0.08154982712802408, "lamda": 0.18344179771909858}, "datetime": {"datetime": "2021-09-23 13:26:14", "elapsed": 2.005638, "delta": 0.600044}}
{"target": -2.0959338671080125, "params": {"C": 198.85116866921587, "epsilon": 0.17302015981182312, "gamma": 0.09651844552749908, "lamda": 0.26393780204849754}, "datetime": {"datetime": "2021-09-23 13:26:14", "elapsed": 2.531633, "delta": 0.525995}}
{"target": -2.2852914406003406, "params": {"C": 199.19419033872435, "epsilon": 0.8306297842566196, "gamma": 0.1465926055926451, "lamda": 0.015623703290011674}, "datetime": {"datetime": "2021-09-23 13:26:15", "elapsed": 3.139287, "delta": 0.607654}}
{"target": -2.0518868980802756, "params": {"C": 198.28675634830665, "epsilon": 0.07005874153891999, "gamma": 0.043760973377512294, "lamda": 0.2656128609867497}, "datetime": {"datetime": "2021-09-23 13:26:15", "elapsed": 3.646298, "delta": 0.507011}}
{"target": -2.263194873268032, "params": {"C": 197.65850650425185, "epsilon": 0.2021393903423382, "gamma": 0.14397905394675703, "lamda": 0.06644199585873703}, "datetime": {"datetime": "2021-09-23 13:26:16", "elapsed": 4.126294, "delta": 0.479996}}
{"target": -2.347792077894124, "params": {"C": 198.34003414929302, "epsilon": 0.5168181640872782, "gamma": 0.1459699725057532, "lamda": 0.2934894306864816}, "datetime": {"datetime": "2021-09-23 13:26:16", "elapsed": 4.621296, "delta": 0.495002}}
{"target": -2.0605342341421706, "params": {"C": 199.30949681541318, "epsilon": 0.13819428402247627, "gamma": 0.0892672993741639, "lamda": 0.2438536813278562}, "datetime": {"datetime": "2021-09-23 13:26:17", "elapsed": 5.103915, "delta": 0.482619}}
{"target": -2.082088713874072, "params": {"C": 199.91345779022134, "epsilon": 0.040032936411574946, "gamma": 0.07246518332941507, "lamda": 0.10001399017644638}, "datetime": {"datetime": "2021-09-23 13:26:18", "elapsed": 5.773535, "delta": 0.66962}}
{"target": -2.1840270379290025, "params": {"C": 133.44429069988027, "epsilon": 0.7370056943760477, "gamma": 0.08529151594803328, "lamda": 0.15054539824156493}, "datetime": {"datetime": "2021-09-23 13:26:18", "elapsed": 6.199533, "delta": 0.425998}}
{"target": -2.140142623063801, "params": {"C": 198.84750589965626, "epsilon": 0.20769795296327748, "gamma": 0.04026254552908155, "lamda": 0.2913290772276098}, "datetime": {"datetime": "2021-09-23 13:26:18", "elapsed": 6.658537, "delta": 0.459004}}
{"target": -2.082432649322774, "params": {"C": 146.91961854916804, "epsilon": 0.165088065588088, "gamma": 0.09986534864094973, "lamda": 0.2506316411462331}, "datetime": {"datetime": "2021-09-23 13:26:19", "elapsed": 7.144533, "delta": 0.485996}}
{"target": -2.093875527844156, "params": {"C": 180.9847740143967, "epsilon": 0.08223076202591663, "gamma": 0.10494794975246899, "lamda": 0.2190226553776377}, "datetime": {"datetime": "2021-09-23 13:26:19", "elapsed": 7.63684, "delta": 0.492307}}
{"target": -2.076158156767835, "params": {"C": 198.64326471342812, "epsilon": 0.05414757469216845, "gamma": 0.04774271043550733, "lamda": 0.11169117148073592}, "datetime": {"datetime": "2021-09-23 13:26:20", "elapsed": 8.206841, "delta": 0.570001}}
{"target": -2.1165023997436223, "params": {"C": 155.79656582644128, "epsilon": 0.4883552101875049, "gamma": 0.055958018494537146, "lamda": 0.1802905504919154}, "datetime": {"datetime": "2021-09-23 13:26:21", "elapsed": 8.695842, "delta": 0.489001}}
{"target": -2.141525006047108, "params": {"C": 146.94083421023657, "epsilon": 0.19100245921467962, "gamma": 0.11058159905189238, "lamda": 0.28674697815482353}, "datetime": {"datetime": "2021-09-23 13:26:21", "elapsed": 9.13184, "delta": 0.435998}}
{"target": -2.1202925746181065, "params": {"C": 199.61686597533395, "epsilon": 0.26260882428810867, "gamma": 0.10547826952264916, "lamda": 0.17018175971187247}, "datetime": {"datetime": "2021-09-23 13:26:21", "elapsed": 9.582776, "delta": 0.450936}}
{"target": -2.035785155371799, "params": {"C": 199.78688828968484, "epsilon": 0.17686550267197262, "gamma": 0.08046974988736386, "lamda": 0.20891634786817184}, "datetime": {"datetime": "2021-09-23 13:26:22", "elapsed": 10.061862, "delta": 0.479086}}
{"target": -2.097649726914735, "params": {"C": 193.88229677327212, "epsilon": 0.9686099152940488, "gamma": 0.08918100027063372, "lamda": 0.05633041704748715}, "datetime": {"datetime": "2021-09-23 13:26:22", "elapsed": 10.637863, "delta": 0.576001}}
{"target": -2.0375808923662264, "params": {"C": 199.71465722837488, "epsilon": 0.05767157011282606, "gamma": 0.051946683572015234, "lamda": 0.2361869762174098}, "datetime": {"datetime": "2021-09-23 13:26:23", "elapsed": 11.17086, "delta": 0.532997}}
{"target": -2.2468956149146955, "params": {"C": 162.10622401473117, "epsilon": 0.3619237041944916, "gamma": 0.14964920162127707, "lamda": 0.139867595318926}, "datetime": {"datetime": "2021-09-23 13:26:23", "elapsed": 11.642776, "delta": 0.471916}}
{"target": -2.045680719116288, "params": {"C": 199.7238133692856, "epsilon": 0.18551366928588958, "gamma": 0.04872795713370704, "lamda": 0.07139026697867905}, "datetime": {"datetime": "2021-09-23 13:26:24", "elapsed": 12.161948, "delta": 0.519172}}
{"target": -2.182685574805097, "params": {"C": 146.83897130574667, "epsilon": 0.07050981634622439, "gamma": 0.10366063688441107, "lamda": 0.022341941600270948}, "datetime": {"datetime": "2021-09-23 13:26:25", "elapsed": 12.857286, "delta": 0.695338}}
{"target": -2.162284579832138, "params": {"C": 241.9423018703249, "epsilon": 0.23984092319595057, "gamma": 0.11040027703641414, "lamda": 0.19956003374346934}, "datetime": {"datetime": "2021-09-23 13:26:25", "elapsed": 13.274284, "delta": 0.416998}}
{"target": -2.3203472448725027, "params": {"C": 218.41719066461587, "epsilon": 0.7870442809032816, "gamma": 0.1320436803394578, "lamda": 0.19410215713823004}, "datetime": {"datetime": "2021-09-23 13:26:26", "elapsed": 13.81828, "delta": 0.543996}}
{"target": -2.0983044726203453, "params": {"C": 157.250705749311, "epsilon": 0.4969500027624349, "gamma": 0.04065281073779402, "lamda": 0.013569929995217027}, "datetime": {"datetime": "2021-09-23 13:26:26", "elapsed": 14.546284, "delta": 0.728004}}
{"target": -2.2432308016995623, "params": {"C": 199.53397226885755, "epsilon": 0.07361269925999274, "gamma": 0.14053622381839825, "lamda": 0.18446872484828183}, "datetime": {"datetime": "2021-09-23 13:26:27", "elapsed": 15.098304, "delta": 0.55202}}
{"target": -2.086217247523417, "params": {"C": 199.09926168562055, "epsilon": 0.1531189450541439, "gamma": 0.09526137043432491, "lamda": 0.27396948365878965}, "datetime": {"datetime": "2021-09-23 13:26:27", "elapsed": 15.626677, "delta": 0.528373}}
