{"target": 0.9248855839150621, "params": {"C": 2046.5127480813558, "epsilon": 0.9920213810858296, "gamma": 0.044281761418545666, "lamda": 0.0203778069503623}, "datetime": {"datetime": "2021-09-24 09:36:18", "elapsed": 772.828225, "delta": 2.345282}}
{"target": 0.9177673838202763, "params": {"C": 2050.9180681782086, "epsilon": 0.5631827285891081, "gamma": 0.04924469076336146, "lamda": 0.09671364283886538}, "datetime": {"datetime": "2021-09-24 09:36:21", "elapsed": 775.296266, "delta": 2.468041}}
{"target": 0.9045392604551962, "params": {"C": 2060.7207666147756, "epsilon": 0.4113750786131546, "gamma": 0.06638601842489804, "lamda": 0.30678725221408476}, "datetime": {"datetime": "2021-09-24 09:36:23", "elapsed": 777.579274, "delta": 2.283008}}
{"target": 0.9242234186806706, "params": {"C": 1932.5507225324898, "epsilon": 0.20390107795469706, "gamma": 0.04307957037804304, "lamda": 0.11869188182889193}, "datetime": {"datetime": "2021-09-24 09:36:28", "elapsed": 782.469982, "delta": 4.890708}}
{"target": 0.9265279487169122, "params": {"C": 1946.1957092216483, "epsilon": 0.04873466355223763, "gamma": 0.04584568616789932, "lamda": 0.11178146763162845}, "datetime": {"datetime": "2021-09-24 09:36:32", "elapsed": 786.895394, "delta": 4.425412}}
{"target": 0.898803031297727, "params": {"C": 1993.3417508777538, "epsilon": 0.5879825087183271, "gamma": 0.05887408108290103, "lamda": 0.3450430895882376}, "datetime": {"datetime": "2021-09-24 09:36:35", "elapsed": 789.835382, "delta": 2.939988}}
{"target": 0.9133829307470483, "params": {"C": 2064.582080308825, "epsilon": 0.4613969789939957, "gamma": 0.06208653291472197, "lamda": 0.1453834328539021}, "datetime": {"datetime": "2021-09-24 09:36:38", "elapsed": 792.38315, "delta": 2.547768}}
{"target": 0.9036445500876176, "params": {"C": 2053.655233361563, "epsilon": 0.7884600319173051, "gamma": 0.055963825702950235, "lamda": 0.20886066316783466}, "datetime": {"datetime": "2021-09-24 09:36:40", "elapsed": 794.708802, "delta": 2.325652}}
{"target": 0.892333670660934, "params": {"C": 2081.704386330987, "epsilon": 0.5894125724785576, "gamma": 0.01627517357657593, "lamda": 0.13488874169321968}, "datetime": {"datetime": "2021-09-24 09:36:43", "elapsed": 797.39575, "delta": 2.686948}}
{"target": 0.9279644282008869, "params": {"C": 1993.6343213250452, "epsilon": 0.15487773905380744, "gamma": 0.045345715975367684, "lamda": 0.07266629070523477}, "datetime": {"datetime": "2021-09-24 09:36:46", "elapsed": 800.945611, "delta": 3.549861}}
{"target": 0.9215952186169314, "params": {"C": 1968.502678378333, "epsilon": 0.14116350758816582, "gamma": 0.028845391477605363, "lamda": 0.15338367086867397}, "datetime": {"datetime": "2021-09-24 09:36:49", "elapsed": 803.753744, "delta": 2.808133}}
{"target": 0.9237662685029755, "params": {"C": 1972.1512238566575, "epsilon": 0.06788465429601803, "gamma": 0.03539131994567032, "lamda": 0.30646194643274954}, "datetime": {"datetime": "2021-09-24 09:36:53", "elapsed": 807.915213, "delta": 4.161469}}
{"target": 0.9063362224776894, "params": {"C": 2048.9941611894337, "epsilon": 0.3059107014825222, "gamma": 0.03489422628942402, "lamda": 0.39186309858435037}, "datetime": {"datetime": "2021-09-24 09:36:56", "elapsed": 810.642376, "delta": 2.727163}}
{"target": 0.9218720539706813, "params": {"C": 1904.437695853892, "epsilon": 0.06435488351656674, "gamma": 0.05971661584049484, "lamda": 0.21035649062291772}, "datetime": {"datetime": "2021-09-24 09:36:59", "elapsed": 814.271856, "delta": 3.62948}}
{"target": 0.9304538423928512, "params": {"C": 1983.9517479028634, "epsilon": 0.0910826030357386, "gamma": 0.027076646363044105, "lamda": 0.0558280469473093}, "datetime": {"datetime": "2021-09-24 09:37:05", "elapsed": 819.453896, "delta": 5.18204}}
{"target": 0.9307686744470445, "params": {"C": 1904.3782822402743, "epsilon": 0.06528185338677994, "gamma": 0.03526109937274143, "lamda": 0.07279053574314964}, "datetime": {"datetime": "2021-09-24 09:37:11", "elapsed": 825.83971, "delta": 6.385814}}
{"target": 0.9083060670615296, "params": {"C": 2029.6919959962459, "epsilon": 0.9978601281398866, "gamma": 0.06659982490395011, "lamda": 0.09844571587132123}, "datetime": {"datetime": "2021-09-24 09:37:14", "elapsed": 828.963826, "delta": 3.124116}}
{"target": 0.8848556365685518, "params": {"C": 1911.680881069365, "epsilon": 0.8756261502040515, "gamma": 0.028170572992870506, "lamda": 0.331646235516188}, "datetime": {"datetime": "2021-09-24 09:37:17", "elapsed": 831.65377, "delta": 2.689944}}
{"target": 0.9174712198567385, "params": {"C": 1904.105114567699, "epsilon": 0.06952637723995944, "gamma": 0.06836033908347776, "lamda": 0.2000356969991078}, "datetime": {"datetime": "2021-09-24 09:37:21", "elapsed": 835.459322, "delta": 3.805552}}
{"target": 0.9146123926497091, "params": {"C": 1972.3538592730438, "epsilon": 0.3633115388609215, "gamma": 0.05963051674671606, "lamda": 0.1713890386081548}, "datetime": {"datetime": "2021-09-24 09:37:24", "elapsed": 838.468753, "delta": 3.009431}}
{"target": 0.8945670773296585, "params": {"C": 2079.9962260764873, "epsilon": 0.7841283469255622, "gamma": 0.034189860487037475, "lamda": 0.29243461807884064}, "datetime": {"datetime": "2021-09-24 09:37:26", "elapsed": 841.20455, "delta": 2.735797}}
{"target": 0.9254030388050046, "params": {"C": 2254.264128653349, "epsilon": 0.05012939087861945, "gamma": 0.04801889409557653, "lamda": 0.29977274913290614}, "datetime": {"datetime": "2021-09-24 09:41:06", "elapsed": 0.0, "delta": 0.0}}
{"target": 0.9018684753678818, "params": {"C": 2199.7014024605182, "epsilon": 0.24805274616492223, "gamma": 0.02188377188557744, "lamda": 0.30445175416738457}, "datetime": {"datetime": "2021-09-24 09:41:06", "elapsed": 0.349403, "delta": 0.349403}}
{"target": 0.9184286531256303, "params": {"C": 2133.822167312507, "epsilon": 0.11568961974878995, "gamma": 0.05112158910206784, "lamda": 0.3814039451317797}, "datetime": {"datetime": "2021-09-24 09:41:07", "elapsed": 0.737746, "delta": 0.388343}}
{"target": 0.9065873958203501, "params": {"C": 2100.7896532655827, "epsilon": 0.5268264954842033, "gamma": 0.05875725769912682, "lamda": 0.2453979006649259}, "datetime": {"datetime": "2021-09-24 09:41:07", "elapsed": 1.07636, "delta": 0.338614}}
{"target": 0.9090910920795383, "params": {"C": 2244.35106348636, "epsilon": 0.31311978612551417, "gamma": 0.06506644735077662, "lamda": 0.28611573757567854}, "datetime": {"datetime": "2021-09-24 09:41:07", "elapsed": 1.508834, "delta": 0.432474}}
{"target": 0.9289376546059349, "params": {"C": 2146.0065261871637, "epsilon": 0.2143536366860862, "gamma": 0.03813334536474346, "lamda": 0.05393966604095758}, "datetime": {"datetime": "2021-09-24 09:41:08", "elapsed": 1.970334, "delta": 0.4615}}
{"target": 0.8921174622199229, "params": {"C": 2145.7066953143603, "epsilon": 0.4484072146808388, "gamma": 0.02332513033539814, "lamda": 0.3488141974956611}, "datetime": {"datetime": "2021-09-24 09:41:09", "elapsed": 3.359521, "delta": 1.389187}}
{"target": 0.9113802925212338, "params": {"C": 2169.331457452074, "epsilon": 0.21875341349367206, "gamma": 0.019338594339044984, "lamda": 0.11142359070502497}, "datetime": {"datetime": "2021-09-24 09:41:10", "elapsed": 3.880315, "delta": 0.520794}}
{"target": 0.9264371279071131, "params": {"C": 2104.089201719952, "epsilon": 0.0921769038139145, "gamma": 0.04495343042761878, "lamda": 0.16828231117332992}, "datetime": {"datetime": "2021-09-24 09:41:10", "elapsed": 4.324576, "delta": 0.444261}}
{"target": 0.8932515169362125, "params": {"C": 2222.000123167643, "epsilon": 0.9246166610991446, "gamma": 0.052568298727638366, "lamda": 0.30060708528951074}, "datetime": {"datetime": "2021-09-24 09:41:11", "elapsed": 4.886861, "delta": 0.562285}}
{"target": 0.8867461124040971, "params": {"C": 2265.059897415368, "epsilon": 0.5469901009103314, "gamma": 0.02387050364069023, "lamda": 0.38801409740661935}, "datetime": {"datetime": "2021-09-24 09:41:11", "elapsed": 5.645758, "delta": 0.758897}}
{"target": 0.9147161131539967, "params": {"C": 2252.859462776694, "epsilon": 0.4263613725529165, "gamma": 0.04116365170829408, "lamda": 0.1726199596478999}, "datetime": {"datetime": "2021-09-24 09:41:12", "elapsed": 6.388381, "delta": 0.742623}}
{"target": 0.9234008410092367, "params": {"C": 2108.1927974211917, "epsilon": 0.24970575151699523, "gamma": 0.029538806038617985, "lamda": 0.07614434650662687}, "datetime": {"datetime": "2021-09-24 09:41:13", "elapsed": 7.170097, "delta": 0.781716}}
{"target": 0.915658557292589, "params": {"C": 2251.0043832350534, "epsilon": 0.4471411630965273, "gamma": 0.03651889915045838, "lamda": 0.13664776639560702}, "datetime": {"datetime": "2021-09-24 09:41:14", "elapsed": 7.815784, "delta": 0.645687}}
{"target": 0.8969631061132024, "params": {"C": 2233.9280926561937, "epsilon": 0.2745572831340398, "gamma": 0.02215344086976446, "lamda": 0.38089384826327377}, "datetime": {"datetime": "2021-09-24 09:41:14", "elapsed": 8.403878, "delta": 0.588094}}
{"target": 0.8894015919532324, "params": {"C": 2243.1758135726277, "epsilon": 0.2896058011055015, "gamma": 0.015435774900384742, "lamda": 0.2804854242243259}, "datetime": {"datetime": "2021-09-24 09:41:15", "elapsed": 9.05397, "delta": 0.650092}}
{"target": 0.917834612351756, "params": {"C": 2146.9196185491683, "epsilon": 0.15639106627129726, "gamma": 0.04265382653142713, "lamda": 0.3320759476460242}, "datetime": {"datetime": "2021-09-24 09:41:15", "elapsed": 9.688498, "delta": 0.634528}}
{"target": 0.9240121796423031, "params": {"C": 2180.984774014397, "epsilon": 0.07267066579701993, "gamma": 0.04542615441043764, "lamda": 0.2885863430885429}, "datetime": {"datetime": "2021-09-24 09:41:16", "elapsed": 10.506109, "delta": 0.817611}}
{"target": 0.9031663548270021, "params": {"C": 2195.7858136301597, "epsilon": 0.4438792787024942, "gamma": 0.04835694648809192, "lamda": 0.3826743911968713}, "datetime": {"datetime": "2021-09-24 09:41:18", "elapsed": 11.778661, "delta": 1.272552}}
{"target": 0.8910577174619095, "params": {"C": 2155.796565826441, "epsilon": 0.48302557696029136, "gamma": 0.018704373724292987, "lamda": 0.2352963091250836}, "datetime": {"datetime": "2021-09-24 09:41:19", "elapsed": 12.872608, "delta": 1.093947}}
{"target": 0.8995450310255141, "params": {"C": 2225.4699433340056, "epsilon": 0.840468156941798, "gamma": 0.04001073426486995, "lamda": 0.24049272285154935}, "datetime": {"datetime": "2021-09-24 09:41:19", "elapsed": 13.34174, "delta": 0.469132}}
{"target": 0.9141443037260455, "params": {"C": 2228.0099545625753, "epsilon": 0.28598520842260444, "gamma": 0.01935845146978839, "lamda": 0.06485631268236246}, "datetime": {"datetime": "2021-09-24 09:41:20", "elapsed": 13.870371, "delta": 0.528631}}
{"target": 0.9157157814939999, "params": {"C": 2112.7608426898796, "epsilon": 0.40481452294546694, "gamma": 0.06927688834063415, "lamda": 0.08784405548445551}, "datetime": {"datetime": "2021-09-24 09:41:20", "elapsed": 14.58018, "delta": 0.709809}}
{"target": 0.9152676545932069, "params": {"C": 2193.882296773272, "epsilon": 0.9682829352450285, "gamma": 0.0368260001476184, "lamda": 0.06474426345499094}, "datetime": {"datetime": "2021-09-24 09:41:21", "elapsed": 15.243018, "delta": 0.662838}}
{"target": 0.9187557706932422, "params": {"C": 2206.2716533314333, "epsilon": 0.22088191272355492, "gamma": 0.06666630799997007, "lamda": 0.0801408866955507}, "datetime": {"datetime": "2021-09-24 09:41:22", "elapsed": 15.809971, "delta": 0.566953}}
{"target": 0.9112235722864664, "params": {"C": 2162.106224014731, "epsilon": 0.35527707611318426, "gamma": 0.06980865542978751, "lamda": 0.17967989838707407}, "datetime": {"datetime": "2021-09-24 09:41:22", "elapsed": 16.585537, "delta": 0.775566}}
{"target": 0.8886319228238259, "params": {"C": 2118.1313867402523, "epsilon": 0.28436264120703036, "gamma": 0.013817017265212093, "lamda": 0.23522559280818225}, "datetime": {"datetime": "2021-09-24 09:41:23", "elapsed": 17.009606, "delta": 0.424069}}
{"target": 0.890387363635433, "params": {"C": 2233.603145107171, "epsilon": 0.9456452693573992, "gamma": 0.0638734341970012, "lamda": 0.30012222199821087}, "datetime": {"datetime": "2021-09-24 09:41:23", "elapsed": 17.483402, "delta": 0.473796}}
{"target": 0.9165954090912631, "params": {"C": 2241.942301870325, "epsilon": 0.2319225994792417, "gamma": 0.04840015111077136, "lamda": 0.261808460219463}, "datetime": {"datetime": "2021-09-24 09:41:24", "elapsed": 17.952867, "delta": 0.469465}}
{"target": 0.8992348167360193, "params": {"C": 2218.417190664616, "epsilon": 0.7848259921626908, "gamma": 0.060205643821522443, "lamda": 0.25429917482121994}, "datetime": {"datetime": "2021-09-24 09:41:24", "elapsed": 18.51437, "delta": 0.561503}}
{"target": 0.9036211967309745, "params": {"C": 2157.2507057493112, "epsilon": 0.4917098986245436, "gamma": 0.01035607858425128, "lamda": 0.005911731269281357}, "datetime": {"datetime": "2021-09-24 09:41:25", "elapsed": 19.17087, "delta": 0.6565}}
{"target": 0.8653621492998834, "params": {"C": 2110.4290789066686, "epsilon": 0.6307830821623754, "gamma": 0.010354663744515885, "lamda": 0.23261716036577582}, "datetime": {"datetime": "2021-09-24 09:41:26", "elapsed": 19.792561, "delta": 0.621691}}
{"target": 0.9276954764349186, "params": {"C": 2132.451205331935, "epsilon": 0.25257844290657305, "gamma": 0.030772476628517974, "lamda": 0.008917478112143079}, "datetime": {"datetime": "2021-09-24 09:41:27", "elapsed": 20.796717, "delta": 1.004156}}
{"target": 0.9142458635547797, "params": {"C": 2235.621970908853, "epsilon": 0.6616971550039416, "gamma": 0.05867078936891688, "lamda": 0.10218318542956042}, "datetime": {"datetime": "2021-09-24 09:41:27", "elapsed": 21.383018, "delta": 0.586301}}
{"target": 0.8828598320551279, "params": {"C": 2178.185025923123, "epsilon": 0.8432943808149355, "gamma": 0.029580188503789788, "lamda": 0.38569796879367957}, "datetime": {"datetime": "2021-09-24 09:41:28", "elapsed": 22.103365, "delta": 0.720347}}
{"target": 0.8868726855332089, "params": {"C": 2103.892408761977, "epsilon": 0.6798103780253164, "gamma": 0.028205701193274757, "lamda": 0.38711623056022165}, "datetime": {"datetime": "2021-09-24 09:41:28", "elapsed": 22.635262, "delta": 0.531897}}
{"target": 0.9249034586728528, "params": {"C": 2232.7282430923433, "epsilon": 0.05697677083400467, "gamma": 0.0430910027144322, "lamda": 0.3231812419854612}, "datetime": {"datetime": "2021-09-24 09:41:29", "elapsed": 23.316088, "delta": 0.680826}}
{"target": 0.9183722092393907, "params": {"C": 2100.6241263305656, "epsilon": 0.5194409895162766, "gamma": 0.046616465768687214, "lamda": 0.09962233242153017}, "datetime": {"datetime": "2021-09-24 09:41:30", "elapsed": 24.042853, "delta": 0.726765}}
{"target": 0.9180214384881947, "params": {"C": 2228.143069768811, "epsilon": 0.0943648777378669, "gamma": 0.058817940695245735, "lamda": 0.3593937206570151}, "datetime": {"datetime": "2021-09-24 09:41:31", "elapsed": 24.871186, "delta": 0.828333}}
{"target": 0.9206114747699599, "params": {"C": 2139.5602351773246, "epsilon": 0.9069316082261485, "gamma": 0.050692477338904016, "lamda": 0.03897098724273471}, "datetime": {"datetime": "2021-09-24 09:41:32", "elapsed": 25.968512, "delta": 1.097326}}
{"target": 0.9113780853571322, "params": {"C": 2130.736103132051, "epsilon": 0.799390704162155, "gamma": 0.06558497066623334, "lamda": 0.09358558380939572}, "datetime": {"datetime": "2021-09-24 09:41:32", "elapsed": 26.548347, "delta": 0.579835}}
{"target": 0.9224624720489265, "params": {"C": 2189.4975838710584, "epsilon": 0.33171345383548945, "gamma": 0.04848404464993309, "lamda": 0.08962069304487898}, "datetime": {"datetime": "2021-09-24 09:41:33", "elapsed": 27.220152, "delta": 0.671805}}
{"target": 0.9246896024420914, "params": {"C": 2206.2588051588996, "epsilon": 0.10388750633669525, "gamma": 0.05342873158116468, "lamda": 0.1387409476178079}, "datetime": {"datetime": "2021-09-24 09:41:34", "elapsed": 27.83928, "delta": 0.619128}}
{"target": 0.9217381915394632, "params": {"C": 2132.524954019313, "epsilon": 0.4785893054893464, "gamma": 0.05885387223850375, "lamda": 0.04392545293528712}, "datetime": {"datetime": "2021-09-24 09:41:35", "elapsed": 29.032824, "delta": 1.193544}}
{"target": 0.9128368465482399, "params": {"C": 2268.9344607616213, "epsilon": 0.7234042494440275, "gamma": 0.055594425361332994, "lamda": 0.1144583620145433}, "datetime": {"datetime": "2021-09-24 09:41:36", "elapsed": 29.809118, "delta": 0.776294}}
{"target": 0.9155246629797211, "params": {"C": 2241.954345812846, "epsilon": 0.22143393082596188, "gamma": 0.0508233880436226, "lamda": 0.2943059357236201}, "datetime": {"datetime": "2021-09-24 09:41:36", "elapsed": 30.642563, "delta": 0.833445}}
{"target": 0.9183419534334893, "params": {"C": 2121.5679911872653, "epsilon": 0.24427516443253638, "gamma": 0.04275698348917677, "lamda": 0.21002385089840356}, "datetime": {"datetime": "2021-09-24 09:41:37", "elapsed": 31.37592, "delta": 0.733357}}
{"target": 0.9310482077232187, "params": {"C": 2146.2468068443677, "epsilon": 0.05949246555376489, "gamma": 0.03394175967965393, "lamda": 0.1055815403891673}, "datetime": {"datetime": "2021-09-24 09:41:38", "elapsed": 32.531359, "delta": 1.155439}}
{"target": 0.9078364643758022, "params": {"C": 2146.316205865477, "epsilon": 0.3635132754150543, "gamma": 0.016583858755734957, "lamda": 0.062425997740112156}, "datetime": {"datetime": "2021-09-24 09:41:39", "elapsed": 33.528703, "delta": 0.997344}}
{"target": 0.920104006919864, "params": {"C": 2146.09079605667, "epsilon": 0.08705040810999573, "gamma": 0.0326285109609734, "lamda": 0.33798693187600753}, "datetime": {"datetime": "2021-09-24 09:41:40", "elapsed": 34.567529, "delta": 1.038826}}
{"target": 0.9086426928829966, "params": {"C": 2252.827810313772, "epsilon": 0.42886323970056983, "gamma": 0.030603898498155452, "lamda": 0.20413164893389565}, "datetime": {"datetime": "2021-09-24 09:41:41", "elapsed": 35.254421, "delta": 0.686892}}
{"target": 0.9277477457334136, "params": {"C": 2145.891802462313, "epsilon": 0.03875884868821152, "gamma": 0.024666935755511987, "lamda": 0.06223540180176673}, "datetime": {"datetime": "2021-09-24 09:41:42", "elapsed": 36.361325, "delta": 1.106904}}
{"target": 0.9168916038790466, "params": {"C": 2253.2524304828553, "epsilon": 0.4642197014113215, "gamma": 0.05093890266713711, "lamda": 0.12699995771554115}, "datetime": {"datetime": "2021-09-24 09:41:43", "elapsed": 37.498377, "delta": 1.137052}}
{"target": 0.9182933247216641, "params": {"C": 2132.66713719714, "epsilon": 0.16579559678723435, "gamma": 0.060310863849960386, "lamda": 0.21239066047207764}, "datetime": {"datetime": "2021-09-24 09:41:44", "elapsed": 38.219597, "delta": 0.72122}}
{"target": 0.9256426578285927, "params": {"C": 2132.0839374093252, "epsilon": 0.2706235549070033, "gamma": 0.03361255726501571, "lamda": 0.06533264661172924}, "datetime": {"datetime": "2021-09-24 09:41:45", "elapsed": 39.273809, "delta": 1.054212}}
{"target": 0.9041606022215343, "params": {"C": 2132.230736795614, "epsilon": 0.32360433956102197, "gamma": 0.032884412245097, "lamda": 0.3969823073015533}, "datetime": {"datetime": "2021-09-24 09:41:46", "elapsed": 40.272648, "delta": 0.998839}}
{"target": 0.9244042010328097, "params": {"C": 2206.224748044911, "epsilon": 0.11233749989305704, "gamma": 0.033075982920832254, "lamda": 0.17256096431266876}, "datetime": {"datetime": "2021-09-24 09:41:47", "elapsed": 41.245116, "delta": 0.972468}}
{"target": 0.9121840851219276, "params": {"C": 2146.104905082686, "epsilon": 0.03097444946494837, "gamma": 0.033787145047346874, "lamda": 0.023111643039098906}, "datetime": {"datetime": "2021-09-24 09:41:48", "elapsed": 42.033922, "delta": 0.788806}}
{"target": 0.9195157752251173, "params": {"C": 2146.326515703299, "epsilon": 0.13695857450595056, "gamma": 0.03296471856629751, "lamda": 0.24695798951144907}, "datetime": {"datetime": "2021-09-24 09:41:49", "elapsed": 43.037406, "delta": 1.003484}}
{"target": 0.9229632811257569, "params": {"C": 2145.672466606251, "epsilon": 0.1901569222329958, "gamma": 0.05805059576837221, "lamda": 0.06359802162551194}, "datetime": {"datetime": "2021-09-24 09:41:50", "elapsed": 44.678983, "delta": 1.641577}}
{"target": 0.9223865975085065, "params": {"C": 2132.2515719443923, "epsilon": 0.25118630033585226, "gamma": 0.05934497742415038, "lamda": 0.05311991451161611}, "datetime": {"datetime": "2021-09-24 09:41:52", "elapsed": 45.940087, "delta": 1.261104}}
{"target": 0.9058061297436815, "params": {"C": 2104.2970023803055, "epsilon": 0.16020551592078652, "gamma": 0.020010201494048765, "lamda": 0.27919522668471947}, "datetime": {"datetime": "2021-09-24 09:41:53", "elapsed": 47.063084, "delta": 1.122997}}
{"target": 0.9185782097537981, "params": {"C": 2103.904568596614, "epsilon": 0.054845017749928775, "gamma": 0.018494639179798565, "lamda": 0.16999178657555766}, "datetime": {"datetime": "2021-09-24 09:41:54", "elapsed": 47.867789, "delta": 0.804705}}
{"target": 0.910473840802238, "params": {"C": 2253.8427693791305, "epsilon": 0.2121562813519773, "gamma": 0.027446234016696852, "lamda": 0.2856791376981919}, "datetime": {"datetime": "2021-09-24 09:41:54", "elapsed": 48.52958, "delta": 0.661791}}
{"target": 0.9186313165907795, "params": {"C": 2252.715530225328, "epsilon": 0.41602432813207946, "gamma": 0.05865241832198205, "lamda": 0.0935931003695684}, "datetime": {"datetime": "2021-09-24 09:41:55", "elapsed": 49.199348, "delta": 0.669768}}
{"target": 0.9081585749427695, "params": {"C": 2269.1757214223962, "epsilon": 0.25597798420827467, "gamma": 0.06559187778085611, "lamda": 0.3611023605156928}, "datetime": {"datetime": "2021-09-24 09:41:57", "elapsed": 51.028953, "delta": 1.829605}}
{"target": 0.8686357966358873, "params": {"C": 2131.9560283753303, "epsilon": 0.09788670106442736, "gamma": 0.05892088390035641, "lamda": 0.011824007318421263}, "datetime": {"datetime": "2021-09-24 09:41:58", "elapsed": 51.801353, "delta": 0.7724}}
