{"target": 0.8999912609188526, "params": {"C": 1132.3222978770627, "epsilon": 0.18421541026761515, "gamma": 0.012985381271428467, "lamda": 0.1311753100586534}, "datetime": {"datetime": "2021-09-23 23:28:30", "elapsed": 51.034633, "delta": 0.65524}}
{"target": 0.8932620824743046, "params": {"C": 1181.0741813285706, "epsilon": 0.07117303002074392, "gamma": 0.01, "lamda": 0.28416153208848355}, "datetime": {"datetime": "2021-09-23 23:28:31", "elapsed": 51.712419, "delta": 0.677786}}
{"target": 0.9276430929122021, "params": {"C": 1146.0990252017257, "epsilon": 0.09654711082059023, "gamma": 0.046637861105517514, "lamda": 0.11057705479419012}, "datetime": {"datetime": "2021-09-23 23:28:31", "elapsed": 52.418325, "delta": 0.705906}}
{"target": 0.9177805266054758, "params": {"C": 1146.6139081986353, "epsilon": 0.4677101742567653, "gamma": 0.06802859727838093, "lamda": 0.04802691288163459}, "datetime": {"datetime": "2021-09-23 23:28:32", "elapsed": 52.976371, "delta": 0.558046}}
{"target": 0.9189010772615094, "params": {"C": 1146.0689699988689, "epsilon": 0.13055336916294064, "gamma": 0.06558219896296831, "lamda": 0.087936556575323}, "datetime": {"datetime": "2021-09-23 23:28:33", "elapsed": 53.664635, "delta": 0.688264}}
{"target": 0.9299888031667963, "params": {"C": 1146.191609560333, "epsilon": 0.04712718790327815, "gamma": 0.03596377162296309, "lamda": 0.1722624786014756}, "datetime": {"datetime": "2021-09-23 23:28:33", "elapsed": 54.273424, "delta": 0.608789}}
{"target": 0.9160525785308689, "params": {"C": 1199.6443617848074, "epsilon": 0.6678857848740779, "gamma": 0.06309517416898137, "lamda": 0.07003032387803912}, "datetime": {"datetime": "2021-09-23 23:28:34", "elapsed": 54.873425, "delta": 0.600001}}
{"target": 0.9194114633279187, "params": {"C": 1271.557002905431, "epsilon": 0.27222863265745145, "gamma": 0.046860868259423975, "lamda": 0.1674937157763118}, "datetime": {"datetime": "2021-09-23 23:28:34", "elapsed": 55.427299, "delta": 0.553874}}
{"target": 0.8917221391038676, "params": {"C": 1142.8073372508213, "epsilon": 0.3398439368681727, "gamma": 0.014415515842233988, "lamda": 0.18032579906708}, "datetime": {"datetime": "2021-09-23 23:28:35", "elapsed": 55.9963, "delta": 0.569001}}
{"target": 0.926262513105111, "params": {"C": 1232.6728030055096, "epsilon": 0.03431614146123455, "gamma": 0.02702110048151385, "lamda": 0.25320234339531367}, "datetime": {"datetime": "2021-09-23 23:28:35", "elapsed": 56.604257, "delta": 0.607957}}
{"target": 0.917915404884871, "params": {"C": 1254.2224197076991, "epsilon": 0.10462367698965107, "gamma": 0.05734727842984054, "lamda": 0.36678905995263333}, "datetime": {"datetime": "2021-09-23 23:28:36", "elapsed": 57.3283, "delta": 0.724043}}
{"target": 0.897765869061221, "params": {"C": 1206.3761715858318, "epsilon": 0.09383856121743253, "gamma": 0.06723676478022023, "lamda": 0.03386878233865263}, "datetime": {"datetime": "2021-09-23 23:28:37", "elapsed": 58.003751, "delta": 0.675451}}
{"target": 0.9228251026701195, "params": {"C": 1206.395355814358, "epsilon": 0.25775564613827073, "gamma": 0.05376755756188539, "lamda": 0.09124811002330022}, "datetime": {"datetime": "2021-09-23 23:28:38", "elapsed": 58.733417, "delta": 0.729666}}
{"target": 0.9257564817151192, "params": {"C": 1146.3070958069711, "epsilon": 0.07256448855639405, "gamma": 0.050341871608151234, "lamda": 0.18324452348205333}, "datetime": {"datetime": "2021-09-23 23:28:38", "elapsed": 59.471413, "delta": 0.737996}}
{"target": 0.9132203552407341, "params": {"C": 1146.2558083800848, "epsilon": 0.06776133078685628, "gamma": 0.016215993256882173, "lamda": 0.06385253734042574}, "datetime": {"datetime": "2021-09-23 23:28:39", "elapsed": 60.189424, "delta": 0.718011}}
{"target": 0.920791824366281, "params": {"C": 1146.347261181969, "epsilon": 0.061518280324182724, "gamma": 0.06127295874650385, "lamda": 0.2536531486870558}, "datetime": {"datetime": "2021-09-23 23:28:40", "elapsed": 60.894379, "delta": 0.704955}}
{"target": 0.9235109173817712, "params": {"C": 1146.1623060795769, "epsilon": 0.06382247226008866, "gamma": 0.05390939648049663, "lamda": 0.2596002079847425}, "datetime": {"datetime": "2021-09-23 23:28:41", "elapsed": 61.646924, "delta": 0.752545}}
{"target": 0.9050457835921275, "params": {"C": 1254.3333968621307, "epsilon": 0.03349561015468577, "gamma": 0.013146466355072967, "lamda": 0.38319359547118353}, "datetime": {"datetime": "2021-09-23 23:28:41", "elapsed": 62.420433, "delta": 0.773509}}
{"target": 0.9254640755813491, "params": {"C": 1155.2911409123242, "epsilon": 0.8262884208591298, "gamma": 0.04177352018761141, "lamda": 0.023832859251152878}, "datetime": {"datetime": "2021-09-23 23:28:42", "elapsed": 63.038387, "delta": 0.617954}}
{"target": 0.9195826842805815, "params": {"C": 1189.3317164177604, "epsilon": 0.996814221971482, "gamma": 0.050044525431901535, "lamda": 0.041661512213747025}, "datetime": {"datetime": "2021-09-23 23:28:43", "elapsed": 63.697393, "delta": 0.659006}}
{"target": 0.9039692754981744, "params": {"C": 1146.1075956089617, "epsilon": 0.13752458137584406, "gamma": 0.014651747719832351, "lamda": 0.1687687075362324}, "datetime": {"datetime": "2021-09-23 23:28:43", "elapsed": 64.421581, "delta": 0.724188}}
{"target": 0.9017693053388379, "params": {"C": 1181.0669812302317, "epsilon": 0.22165734261127604, "gamma": 0.016512274327231034, "lamda": 0.17819595453488582}, "datetime": {"datetime": "2021-09-23 23:28:44", "elapsed": 65.207535, "delta": 0.785954}}
{"target": 0.9108390026557046, "params": {"C": 1155.3403145197085, "epsilon": 0.7986137739149918, "gamma": 0.06328032822021447, "lamda": 0.10633538623506905}, "datetime": {"datetime": "2021-09-23 23:28:45", "elapsed": 65.942543, "delta": 0.735008}}
{"target": 0.928388667420919, "params": {"C": 1132.383210790556, "epsilon": 0.3030702707804952, "gamma": 0.0445723806716253, "lamda": 0.021424271813992472}, "datetime": {"datetime": "2021-09-23 23:28:46", "elapsed": 66.759539, "delta": 0.816996}}
{"target": 0.9289222530309985, "params": {"C": 1146.1052637994417, "epsilon": 0.06656435350168292, "gamma": 0.031042205324063085, "lamda": 0.05602848362081284}, "datetime": {"datetime": "2021-09-23 23:28:46", "elapsed": 67.608537, "delta": 0.848998}}
{"target": 0.9026715139352374, "params": {"C": 1206.2453082558773, "epsilon": 0.08526288143423674, "gamma": 0.012128364043338228, "lamda": 0.15847294222352862}, "datetime": {"datetime": "2021-09-23 23:28:47", "elapsed": 68.295539, "delta": 0.687002}}
{"target": 0.9202244988274331, "params": {"C": 1232.6099430932604, "epsilon": 0.08345387721341035, "gamma": 0.06262413893129408, "lamda": 0.2105888770251195}, "datetime": {"datetime": "2021-09-23 23:28:48", "elapsed": 69.058538, "delta": 0.762999}}
{"target": 0.9157409282552617, "params": {"C": 1199.3609337688495, "epsilon": 0.2607956519883421, "gamma": 0.043715077692807774, "lamda": 0.257267554410696}, "datetime": {"datetime": "2021-09-23 23:28:49", "elapsed": 69.71254, "delta": 0.654002}}
{"target": 0.9267960535712275, "params": {"C": 1145.1786572949006, "epsilon": 0.37241433240221966, "gamma": 0.04373140729143769, "lamda": 0.04379956074803851}, "datetime": {"datetime": "2021-09-23 23:28:49", "elapsed": 70.324069, "delta": 0.611529}}
{"target": 0.9264322153591047, "params": {"C": 1145.2565581821073, "epsilon": 0.3535250085297992, "gamma": 0.03367753400694467, "lamda": 0.044770535208220795}, "datetime": {"datetime": "2021-09-23 23:28:50", "elapsed": 71.069067, "delta": 0.744998}}
{"target": 0.9169614149561367, "params": {"C": 1146.256216551811, "epsilon": 0.10258029514802247, "gamma": 0.06987946909959855, "lamda": 0.14509344773316343}, "datetime": {"datetime": "2021-09-23 23:28:51", "elapsed": 71.808066, "delta": 0.738999}}
{"target": 0.9074203322593445, "params": {"C": 1261.8570654598893, "epsilon": 0.24953022686291432, "gamma": 0.03174120971822739, "lamda": 0.3959755288598539}, "datetime": {"datetime": "2021-09-23 23:28:51", "elapsed": 72.403075, "delta": 0.595009}}
{"target": 0.9202231134776425, "params": {"C": 1122.2348727357748, "epsilon": 0.15940624080733246, "gamma": 0.048832562763475626, "lamda": 0.23117264300962911}, "datetime": {"datetime": "2021-09-23 23:28:52", "elapsed": 73.082067, "delta": 0.678992}}
{"target": 0.9172774510384352, "params": {"C": 1154.7533242483848, "epsilon": 0.8521469727564794, "gamma": 0.019353167449943268, "lamda": 0.002889736109050558}, "datetime": {"datetime": "2021-09-23 23:28:53", "elapsed": 73.730111, "delta": 0.648044}}
{"target": 0.9266091965312462, "params": {"C": 1108.1961639362992, "epsilon": 0.3051747548776881, "gamma": 0.0266301647443924, "lamda": 0.016934867445261088}, "datetime": {"datetime": "2021-09-23 23:28:53", "elapsed": 74.549071, "delta": 0.81896}}
{"target": 0.9066236474304508, "params": {"C": 1149.7270738997724, "epsilon": 0.6836189943343498, "gamma": 0.05884154412193709, "lamda": 0.19195156509524197}, "datetime": {"datetime": "2021-09-23 23:28:54", "elapsed": 75.218069, "delta": 0.668998}}
{"target": 0.9112451754240869, "params": {"C": 1219.0720615170535, "epsilon": 0.5427503498020761, "gamma": 0.04374978539374783, "lamda": 0.1862258772591661}, "datetime": {"datetime": "2021-09-23 23:28:55", "elapsed": 75.880068, "delta": 0.661999}}
{"target": 0.9110400553145701, "params": {"C": 1252.9361203137776, "epsilon": 0.4052812317614951, "gamma": 0.059260011429813804, "lamda": 0.22023357123756973}, "datetime": {"datetime": "2021-09-23 23:28:56", "elapsed": 76.668069, "delta": 0.788001}}
{"target": 0.9288268144149517, "params": {"C": 1146.0997454048447, "epsilon": 0.03053545806456504, "gamma": 0.03300616937131682, "lamda": 0.09153434291950348}, "datetime": {"datetime": "2021-09-23 23:28:56", "elapsed": 77.485077, "delta": 0.817008}}
{"target": 0.9237506336696766, "params": {"C": 1145.2785174631513, "epsilon": 0.4593424054191516, "gamma": 0.04060661652656437, "lamda": 0.05658578529586496}, "datetime": {"datetime": "2021-09-23 23:28:57", "elapsed": 78.279645, "delta": 0.794568}}
{"target": 0.9188164429411099, "params": {"C": 1234.358059580708, "epsilon": 0.14742843030751573, "gamma": 0.043074157575042855, "lamda": 0.3183593243230231}, "datetime": {"datetime": "2021-09-23 23:28:58", "elapsed": 78.922605, "delta": 0.64296}}
{"target": 0.9124751118301395, "params": {"C": 1108.0805352925422, "epsilon": 0.26343560505687824, "gamma": 0.0158343123424138, "lamda": 0.015720584224130356}, "datetime": {"datetime": "2021-09-23 23:28:59", "elapsed": 79.803672, "delta": 0.881067}}
{"target": 0.9198412197923449, "params": {"C": 1145.1246475539726, "epsilon": 0.3672541935163368, "gamma": 0.04987562888300283, "lamda": 0.11385313824426552}, "datetime": {"datetime": "2021-09-23 23:28:59", "elapsed": 80.624666, "delta": 0.820994}}
{"target": 0.9249818766923421, "params": {"C": 1233.6601293259575, "epsilon": 0.158477294067946, "gamma": 0.049759902484325366, "lamda": 0.04027005645109971}, "datetime": {"datetime": "2021-09-23 23:29:00", "elapsed": 81.325703, "delta": 0.701037}}
{"target": 0.9215155773731317, "params": {"C": 1145.2413770482785, "epsilon": 0.39839327710475314, "gamma": 0.040037320235829815, "lamda": 0.08611026604616476}, "datetime": {"datetime": "2021-09-23 23:29:01", "elapsed": 82.167282, "delta": 0.841579}}
{"target": 0.922937672946372, "params": {"C": 1145.187741505164, "epsilon": 0.4384877429399826, "gamma": 0.050992554883458954, "lamda": 0.012282054084107059}, "datetime": {"datetime": "2021-09-23 23:29:02", "elapsed": 83.198993, "delta": 1.031711}}
{"target": 0.9281443485485309, "params": {"C": 1219.1310855282547, "epsilon": 0.5431340454736073, "gamma": 0.041047371079207993, "lamda": 0.023488927162763792}, "datetime": {"datetime": "2021-09-23 23:29:03", "elapsed": 83.907022, "delta": 0.708029}}
{"target": 0.9248287079854607, "params": {"C": 1145.2277427519286, "epsilon": 0.34561509772231236, "gamma": 0.03472872729605024, "lamda": 0.05896860228739587}, "datetime": {"datetime": "2021-09-23 23:29:03", "elapsed": 84.587056, "delta": 0.680034}}
{"target": 0.9111657920326962, "params": {"C": 1299.939588108705, "epsilon": 0.9413578200147077, "gamma": 0.05169587417401512, "lamda": 0.1074887568570277}, "datetime": {"datetime": "2021-09-23 23:29:04", "elapsed": 85.363017, "delta": 0.775961}}
{"target": 0.9016700956579842, "params": {"C": 1177.8104324424419, "epsilon": 0.9706437187470232, "gamma": 0.046747562496621535, "lamda": 0.19747547043438402}, "datetime": {"datetime": "2021-09-23 23:29:05", "elapsed": 86.147015, "delta": 0.783998}}
{"target": 0.9217065988239113, "params": {"C": 1171.0890710539197, "epsilon": 0.17998400187653382, "gamma": 0.054238940631976096, "lamda": 0.14901654730523006}, "datetime": {"datetime": "2021-09-23 23:29:06", "elapsed": 86.89102, "delta": 0.744005}}
{"target": 0.9212918212214408, "params": {"C": 1132.6955333121143, "epsilon": 0.27273176580533404, "gamma": 0.06161379095466276, "lamda": 0.04882340075881354}, "datetime": {"datetime": "2021-09-23 23:29:07", "elapsed": 87.717015, "delta": 0.825995}}
{"target": 0.9295789135320152, "params": {"C": 1219.2348901136536, "epsilon": 0.5771251866924969, "gamma": 0.03158092023183888, "lamda": 0.008822648058223678}, "datetime": {"datetime": "2021-09-23 23:29:08", "elapsed": 88.676016, "delta": 0.959001}}
{"target": 0.9166120431718509, "params": {"C": 1219.0410625596187, "epsilon": 0.5078297456274636, "gamma": 0.06787196860094846, "lamda": 0.020716685281295673}, "datetime": {"datetime": "2021-09-23 23:29:09", "elapsed": 89.739056, "delta": 1.06304}}
{"target": 0.902581668047146, "params": {"C": 1192.464738082672, "epsilon": 0.8784011947375866, "gamma": 0.035864657870234413, "lamda": 0.18268796728063807}, "datetime": {"datetime": "2021-09-23 23:29:09", "elapsed": 90.513018, "delta": 0.773962}}
{"target": 0.9190044317041901, "params": {"C": 1108.2380791183068, "epsilon": 0.3114580090633834, "gamma": 0.055096309818216775, "lamda": 0.13253741729756988}, "datetime": {"datetime": "2021-09-23 23:29:10", "elapsed": 91.348019, "delta": 0.835001}}
{"target": 0.8795026114683641, "params": {"C": 1271.0147816622648, "epsilon": 0.4492766887690173, "gamma": 0.016580179125591267, "lamda": 0.372529342562119}, "datetime": {"datetime": "2021-09-23 23:29:11", "elapsed": 92.069019, "delta": 0.721}}
{"target": 0.9246359878400185, "params": {"C": 1233.7511671606399, "epsilon": 0.19950948918705738, "gamma": 0.033332813599301, "lamda": 0.0991323268708199}, "datetime": {"datetime": "2021-09-23 23:29:12", "elapsed": 92.949015, "delta": 0.879996}}
{"target": 0.9170894832700469, "params": {"C": 1219.1443213944663, "epsilon": 0.6507954945441368, "gamma": 0.05100778250398615, "lamda": 0.08828903941001828}, "datetime": {"datetime": "2021-09-23 23:29:13", "elapsed": 93.837019, "delta": 0.888004}}
{"target": 0.906275640281266, "params": {"C": 1225.4850882614528, "epsilon": 0.3693580054067216, "gamma": 0.02634467881683837, "lamda": 0.21723529157773994}, "datetime": {"datetime": "2021-09-23 23:29:13", "elapsed": 94.620052, "delta": 0.783033}}
{"target": 0.9125222847093705, "params": {"C": 1233.731081489572, "epsilon": 0.1026117746755303, "gamma": 0.01648528539809326, "lamda": 0.12191925031242896}, "datetime": {"datetime": "2021-09-23 23:29:14", "elapsed": 95.590016, "delta": 0.969964}}
{"target": 0.9209460355868597, "params": {"C": 1177.7800913029403, "epsilon": 0.3401515195022249, "gamma": 0.0434942823660553, "lamda": 0.11052632772186367}, "datetime": {"datetime": "2021-09-23 23:29:15", "elapsed": 96.346058, "delta": 0.756042}}
{"target": 0.9219308421527749, "params": {"C": 1232.77178916059, "epsilon": 0.053553765904645695, "gamma": 0.02427893217457711, "lamda": 0.24440920362410526}, "datetime": {"datetime": "2021-09-23 23:29:16", "elapsed": 97.280152, "delta": 0.934094}}
{"target": 0.9247559056892488, "params": {"C": 1108.2171880650717, "epsilon": 0.38807395504918984, "gamma": 0.028358010093508836, "lamda": 0.03845589236482315}, "datetime": {"datetime": "2021-09-23 23:29:17", "elapsed": 98.248319, "delta": 0.968167}}
{"target": 0.89466570026916, "params": {"C": 1219.1667299342248, "epsilon": 0.6060703138941264, "gamma": 0.01, "lamda": 0.001}, "datetime": {"datetime": "2021-09-23 23:29:18", "elapsed": 99.42133, "delta": 1.173011}}
{"target": 0.9017430744630341, "params": {"C": 1132.4913932554173, "epsilon": 0.3710493856351551, "gamma": 0.010984242516350167, "lamda": 0.010987842408987928}, "datetime": {"datetime": "2021-09-23 23:29:19", "elapsed": 100.516223, "delta": 1.094893}}
{"target": 0.9193556536464941, "params": {"C": 1219.2086735246787, "epsilon": 0.52190338704685, "gamma": 0.06131590575616707, "lamda": 0.05691011132459867}, "datetime": {"datetime": "2021-09-23 23:29:21", "elapsed": 101.893115, "delta": 1.376892}}
{"target": 0.9146788825614072, "params": {"C": 1229.1531901529856, "epsilon": 0.18578780875497816, "gamma": 0.03830070175886905, "lamda": 0.371737462306453}, "datetime": {"datetime": "2021-09-23 23:29:21", "elapsed": 102.625299, "delta": 0.732184}}
{"target": 0.9232782972911681, "params": {"C": 1145.225120380179, "epsilon": 0.3910025274908353, "gamma": 0.04547459064641231, "lamda": 0.07104381736555329}, "datetime": {"datetime": "2021-09-23 23:29:22", "elapsed": 103.400054, "delta": 0.774755}}
{"target": 0.8953720585363336, "params": {"C": 1219.299872488279, "epsilon": 0.6401573003122686, "gamma": 0.01205872405522702, "lamda": 0.046023521221020255}, "datetime": {"datetime": "2021-09-23 23:29:23", "elapsed": 104.383839, "delta": 0.983785}}
{"target": 0.9211582309307021, "params": {"C": 1100.6750810352557, "epsilon": 0.13815203910770157, "gamma": 0.05647117480349506, "lamda": 0.18408296354879608}, "datetime": {"datetime": "2021-09-23 23:29:24", "elapsed": 105.149839, "delta": 0.766}}
{"target": 0.9038695058963525, "params": {"C": 1132.6034289251666, "epsilon": 0.34743995673532013, "gamma": 0.013468633300450646, "lamda": 0.05330243849330429}, "datetime": {"datetime": "2021-09-23 23:29:25", "elapsed": 105.923076, "delta": 0.773237}}
{"target": 0.9170425714547316, "params": {"C": 1108.2722394514008, "epsilon": 0.2281707583862611, "gamma": 0.06963005095326161, "lamda": 0.05799382455563041}, "datetime": {"datetime": "2021-09-23 23:29:26", "elapsed": 107.087076, "delta": 1.164}}
{"target": 0.9066054105484423, "params": {"C": 1114.6058793396462, "epsilon": 0.9168420432300616, "gamma": 0.06438177597614335, "lamda": 0.1303446318282557}, "datetime": {"datetime": "2021-09-23 23:29:27", "elapsed": 107.887225, "delta": 0.800149}}
{"target": 0.8792506735462944, "params": {"C": 1198.7699221303637, "epsilon": 0.8019920863470515, "gamma": 0.011360563424432047, "lamda": 0.10186944481795716}, "datetime": {"datetime": "2021-09-23 23:29:28", "elapsed": 108.661184, "delta": 0.773959}}
{"target": 0.9297346531029931, "params": {"C": 1145.3164496365803, "epsilon": 0.39879371226292437, "gamma": 0.034087012041498915, "lamda": 0.022530633226233054}, "datetime": {"datetime": "2021-09-23 23:29:28", "elapsed": 109.53019, "delta": 0.869006}}
{"target": 0.9246993358368208, "params": {"C": 1233.6675609164304, "epsilon": 0.22054613889979316, "gamma": 0.034909326436445474, "lamda": 0.09409054807131616}, "datetime": {"datetime": "2021-09-23 23:29:29", "elapsed": 110.418151, "delta": 0.887961}}
{"target": 0.9096224274807506, "params": {"C": 1256.4471824930965, "epsilon": 0.8825338918417113, "gamma": 0.04352623366631094, "lamda": 0.12991968158693193}, "datetime": {"datetime": "2021-09-23 23:29:30", "elapsed": 111.216394, "delta": 0.798243}}
{"target": 0.923587598522197, "params": {"C": 1222.7065907783058, "epsilon": 0.5555438076395907, "gamma": 0.04303483696326408, "lamda": 0.048108682927731766}, "datetime": {"datetime": "2021-09-23 23:29:31", "elapsed": 112.005346, "delta": 0.788952}}
{"target": 0.9012918247472554, "params": {"C": 1146.2835136115193, "epsilon": 0.09201126547609442, "gamma": 0.013379436069304614, "lamda": 0.24782811895381743}, "datetime": {"datetime": "2021-09-23 23:29:32", "elapsed": 113.005514, "delta": 1.000168}}
{"target": 0.915426853350278, "params": {"C": 1155.701427447677, "epsilon": 0.9659241571484438, "gamma": 0.04109002458193385, "lamda": 0.0692406859728594}, "datetime": {"datetime": "2021-09-23 23:29:33", "elapsed": 113.892448, "delta": 0.886934}}
{"target": 0.8990294432846726, "params": {"C": 1128.8049900650092, "epsilon": 0.60767133708906, "gamma": 0.05681738717212499, "lamda": 0.3374657420211903}, "datetime": {"datetime": "2021-09-23 23:29:33", "elapsed": 114.62621, "delta": 0.733762}}
{"target": 0.9196913689768742, "params": {"C": 1132.4916392612306, "epsilon": 0.2535961821529077, "gamma": 0.06471361836900814, "lamda": 0.06975705524704183}, "datetime": {"datetime": "2021-09-23 23:29:35", "elapsed": 115.692987, "delta": 1.066777}}
{"target": 0.9178062802018317, "params": {"C": 1145.3241038288415, "epsilon": 0.3754476704212897, "gamma": 0.06513940759167057, "lamda": 0.08321866046644594}, "datetime": {"datetime": "2021-09-23 23:29:36", "elapsed": 116.762992, "delta": 1.070005}}
{"target": 0.9008893826203022, "params": {"C": 1222.6636810410093, "epsilon": 0.4988766671647823, "gamma": 0.011002308463470903, "lamda": 0.01746270002459298}, "datetime": {"datetime": "2021-09-23 23:29:37", "elapsed": 117.819991, "delta": 1.056999}}
{"target": 0.9167802264557962, "params": {"C": 1132.630202727326, "epsilon": 0.2979777349374267, "gamma": 0.07, "lamda": 0.08153608065969867}, "datetime": {"datetime": "2021-09-23 23:29:38", "elapsed": 118.954205, "delta": 1.134214}}
{"target": 0.9023022706237099, "params": {"C": 1151.7028371812407, "epsilon": 0.10779638748941558, "gamma": 0.0691834446578232, "lamda": 0.03751760977264476}, "datetime": {"datetime": "2021-09-23 23:29:39", "elapsed": 119.749572, "delta": 0.795367}}
{"target": 0.9107822343415153, "params": {"C": 1206.206169055483, "epsilon": 0.1541512641260157, "gamma": 0.015458231765088832, "lamda": 0.06798131962018017}, "datetime": {"datetime": "2021-09-23 23:29:40", "elapsed": 120.82254, "delta": 1.072968}}
