{"target": 0.9126378050769903, "params": {"C": 165.69468667701256, "epsilon": 0.541730339215749, "gamma": 0.07728719123682315, "lamda": 0.0588277376647119}, "datetime": {"datetime": "2021-09-23 09:42:09", "elapsed": 57.309594, "delta": 0.753111}}
{"target": 0.9127305976520226, "params": {"C": 191.8882757507256, "epsilon": 0.731375595981515, "gamma": 0.08, "lamda": 0.045}, "datetime": {"datetime": "2021-09-23 09:42:10", "elapsed": 58.028917, "delta": 0.719323}}
{"target": 0.8502929952058859, "params": {"C": 192.02351252677096, "epsilon": 0.9822406279541072, "gamma": 0.0124200789361757, "lamda": 0.0910168415395663}, "datetime": {"datetime": "2021-09-23 09:42:10", "elapsed": 58.961918, "delta": 0.933001}}
{"target": 0.8147570719258361, "params": {"C": 184.04923256044074, "epsilon": 0.9902166061678211, "gamma": 0.005101040311967722, "lamda": 0.09250322868277015}, "datetime": {"datetime": "2021-09-23 09:42:11", "elapsed": 59.897554, "delta": 0.935636}}
{"target": 0.8642224560297223, "params": {"C": 165.72944348675608, "epsilon": 0.28803263881527974, "gamma": 0.020780521693752805, "lamda": 0.08429339995696933}, "datetime": {"datetime": "2021-09-23 09:42:12", "elapsed": 60.692958, "delta": 0.795404}}
{"target": 0.9123032737677872, "params": {"C": 153.7664626175735, "epsilon": 0.5275722114453016, "gamma": 0.07287358050055394, "lamda": 0.060400558542695396}, "datetime": {"datetime": "2021-09-23 09:42:13", "elapsed": 61.245771, "delta": 0.552813}}
{"target": 0.913211119004557, "params": {"C": 179.63112795117502, "epsilon": 0.2361215928275924, "gamma": 0.06637944253415563, "lamda": 0.06836051290591774}, "datetime": {"datetime": "2021-09-23 09:42:13", "elapsed": 61.958939, "delta": 0.713168}}
{"target": 0.908023133935602, "params": {"C": 165.32020558642486, "epsilon": 0.4295943573940185, "gamma": 0.056749920947411645, "lamda": 0.08733695577291592}, "datetime": {"datetime": "2021-09-23 09:42:14", "elapsed": 62.8218, "delta": 0.862861}}
{"target": 0.8786648478590847, "params": {"C": 154.74683995008138, "epsilon": 0.604349248164749, "gamma": 0.0259234899906936, "lamda": 0.07673703868146661}, "datetime": {"datetime": "2021-09-23 09:42:15", "elapsed": 63.379384, "delta": 0.557584}}
{"target": 0.9143641432175867, "params": {"C": 188.39453302769542, "epsilon": 0.48490608518684164, "gamma": 0.08, "lamda": 0.045}, "datetime": {"datetime": "2021-09-23 09:42:16", "elapsed": 64.214947, "delta": 0.835563}}
{"target": 0.9099435869717684, "params": {"C": 184.48034291386108, "epsilon": 0.7502720490808384, "gamma": 0.07628619119242533, "lamda": 0.08310543171281848}, "datetime": {"datetime": "2021-09-23 09:42:17", "elapsed": 65.011067, "delta": 0.79612}}
{"target": 0.9128835152533293, "params": {"C": 184.22576062199755, "epsilon": 0.5173744563967178, "gamma": 0.07722519588332459, "lamda": 0.06333366872192735}, "datetime": {"datetime": "2021-09-23 09:42:17", "elapsed": 65.710982, "delta": 0.699915}}
{"target": 0.9113923908714932, "params": {"C": 183.90303057837326, "epsilon": 0.48672904173458675, "gamma": 0.0783005641206829, "lamda": 0.09832834138566035}, "datetime": {"datetime": "2021-09-23 09:42:18", "elapsed": 66.525247, "delta": 0.814265}}
{"target": 0.9139746555076782, "params": {"C": 161.65347704965885, "epsilon": 0.45179635472423557, "gamma": 0.07740431974986821, "lamda": 0.05148240653756868}, "datetime": {"datetime": "2021-09-23 09:42:19", "elapsed": 67.101281, "delta": 0.576034}}
{"target": 0.90979172974133, "params": {"C": 184.61628325694917, "epsilon": 0.968984084333931, "gamma": 0.07473042108754582, "lamda": 0.06282288654797559}, "datetime": {"datetime": "2021-09-23 09:42:19", "elapsed": 67.882086, "delta": 0.780805}}
{"target": 0.9109747381363658, "params": {"C": 161.8989294620798, "epsilon": 0.5719676922837967, "gamma": 0.08, "lamda": 0.07852577719841367}, "datetime": {"datetime": "2021-09-23 09:42:20", "elapsed": 68.62497, "delta": 0.742884}}
{"target": 0.9117984759577652, "params": {"C": 174.91109044620183, "epsilon": 0.6579565969991792, "gamma": 0.0709086459891588, "lamda": 0.05451545817867707}, "datetime": {"datetime": "2021-09-23 09:42:21", "elapsed": 69.217564, "delta": 0.592594}}
{"target": 0.905684426373968, "params": {"C": 192.88925072635777, "epsilon": 0.25047051961318967, "gamma": 0.049533476541574896, "lamda": 0.06795026157317581}, "datetime": {"datetime": "2021-09-23 09:42:21", "elapsed": 69.799912, "delta": 0.582348}}
{"target": 0.907673753113265, "params": {"C": 161.62322564641454, "epsilon": 0.710961110137311, "gamma": 0.05791146001199687, "lamda": 0.058990566572781164}, "datetime": {"datetime": "2021-09-23 09:42:22", "elapsed": 70.562591, "delta": 0.762679}}
{"target": 0.9113285282868401, "params": {"C": 179.95619290360318, "epsilon": 0.571565960462271, "gamma": 0.07444893930165544, "lamda": 0.07993593339347138}, "datetime": {"datetime": "2021-09-23 09:42:23", "elapsed": 71.296034, "delta": 0.733443}}
{"target": 0.746531229952748, "params": {"C": 184.09056834427278, "epsilon": 0.24755682275675706, "gamma": 0.001, "lamda": 0.1}, "datetime": {"datetime": "2021-09-23 09:42:24", "elapsed": 72.15082, "delta": 0.854786}}
{"target": 0.913137133106777, "params": {"C": 183.7725085153481, "epsilon": 0.6591574174686273, "gamma": 0.08, "lamda": 0.045}, "datetime": {"datetime": "2021-09-23 09:42:25", "elapsed": 73.170755, "delta": 1.019935}}
{"target": 0.8641900016987333, "params": {"C": 192.96901478924218, "epsilon": 0.5290870444544288, "gamma": 0.016268005571220902, "lamda": 0.08093512074667819}, "datetime": {"datetime": "2021-09-23 09:42:26", "elapsed": 74.051735, "delta": 0.88098}}
{"target": 0.8776579248814461, "params": {"C": 174.98450367155712, "epsilon": 0.9228591221892145, "gamma": 0.023423911991896237, "lamda": 0.06585538024993841}, "datetime": {"datetime": "2021-09-23 09:42:27", "elapsed": 75.067258, "delta": 1.015523}}
{"target": 0.9126201940420625, "params": {"C": 186.9429829854724, "epsilon": 0.7365762467421764, "gamma": 0.08, "lamda": 0.045}, "datetime": {"datetime": "2021-09-23 09:42:28", "elapsed": 76.027553, "delta": 0.960295}}
{"target": 0.9065040659410042, "params": {"C": 166.52125004435615, "epsilon": 0.5446161861133171, "gamma": 0.053973501737474436, "lamda": 0.07344787655762883}, "datetime": {"datetime": "2021-09-23 09:42:29", "elapsed": 76.995232, "delta": 0.967679}}
{"target": 0.9068775546415582, "params": {"C": 165.3265930373248, "epsilon": 0.12172009558947859, "gamma": 0.08, "lamda": 0.045}, "datetime": {"datetime": "2021-09-23 09:42:30", "elapsed": 77.971281, "delta": 0.976049}}
{"target": 0.9099058998844372, "params": {"C": 186.66309512788106, "epsilon": 0.6506117440510109, "gamma": 0.08, "lamda": 0.1}, "datetime": {"datetime": "2021-09-23 09:42:30", "elapsed": 78.753592, "delta": 0.782311}}
{"target": 0.8716826421307773, "params": {"C": 186.8561672511373, "epsilon": 0.45250794819278517, "gamma": 0.020224531138533175, "lamda": 0.08017183608407949}, "datetime": {"datetime": "2021-09-23 09:42:31", "elapsed": 79.639451, "delta": 0.885859}}
{"target": 0.9051741616397039, "params": {"C": 172.33292910444007, "epsilon": 0.996718977061351, "gamma": 0.05372529181867035, "lamda": 0.05060497035527841}, "datetime": {"datetime": "2021-09-23 09:42:32", "elapsed": 80.228172, "delta": 0.588721}}
{"target": 0.8301978755859665, "params": {"C": 192.56074829605413, "epsilon": 0.3088099839709274, "gamma": 0.0053833460574958655, "lamda": 0.06303126984482392}, "datetime": {"datetime": "2021-09-23 09:42:33", "elapsed": 81.085047, "delta": 0.856875}}
{"target": 0.8948977558037647, "params": {"C": 192.5559236319316, "epsilon": 0.7468269858866652, "gamma": 0.037805501972849494, "lamda": 0.0904338130720855}, "datetime": {"datetime": "2021-09-23 09:42:34", "elapsed": 82.071507, "delta": 0.98646}}
{"target": 0.9090350633867863, "params": {"C": 191.64616626063088, "epsilon": 0.6602984922154329, "gamma": 0.06730714032594523, "lamda": 0.09680472438110434}, "datetime": {"datetime": "2021-09-23 09:42:35", "elapsed": 83.03964, "delta": 0.968133}}
{"target": 0.8748586006259408, "params": {"C": 188.9151250150988, "epsilon": 0.5320428128122234, "gamma": 0.021406863418565462, "lamda": 0.08699318843768569}, "datetime": {"datetime": "2021-09-23 09:42:35", "elapsed": 83.956072, "delta": 0.916432}}
{"target": 0.8675098548000488, "params": {"C": 192.01840230911716, "epsilon": 0.1324982157472613, "gamma": 0.02520689769194142, "lamda": 0.06995433429999905}, "datetime": {"datetime": "2021-09-23 09:42:36", "elapsed": 84.751314, "delta": 0.795242}}
{"target": 0.8970685698225538, "params": {"C": 179.67943485027297, "epsilon": 0.431799073265907, "gamma": 0.03961817733423402, "lamda": 0.05897860195781281}, "datetime": {"datetime": "2021-09-23 09:42:37", "elapsed": 85.350762, "delta": 0.599448}}
{"target": 0.9010126723140083, "params": {"C": 184.27573347977847, "epsilon": 0.6874435798338341, "gamma": 0.04689125451628704, "lamda": 0.09614585601325946}, "datetime": {"datetime": "2021-09-23 09:42:38", "elapsed": 86.260635, "delta": 0.909873}}
{"target": 0.903530805352655, "params": {"C": 189.30468789637183, "epsilon": 0.673057832623194, "gamma": 0.04973992234044733, "lamda": 0.08426619661882738}, "datetime": {"datetime": "2021-09-23 09:42:39", "elapsed": 87.07794, "delta": 0.817305}}
{"target": 0.9035527500693558, "params": {"C": 182.0468502187219, "epsilon": 0.07149191921671276, "gamma": 0.06092103403195458, "lamda": 0.09851383592245244}, "datetime": {"datetime": "2021-09-23 09:42:39", "elapsed": 87.789246, "delta": 0.711306}}
{"target": 0.8927338480876521, "params": {"C": 191.8609243246531, "epsilon": 0.5486033945994526, "gamma": 0.03458814212156118, "lamda": 0.050129198813805176}, "datetime": {"datetime": "2021-09-23 09:42:40", "elapsed": 88.766333, "delta": 0.977087}}
{"target": 0.9134578511064566, "params": {"C": 191.6399858270533, "epsilon": 0.20836282365545855, "gamma": 0.07693714691816868, "lamda": 0.05356687272335538}, "datetime": {"datetime": "2021-09-23 09:42:41", "elapsed": 89.588608, "delta": 0.822275}}
{"target": 0.8835046755692044, "params": {"C": 190.46426636497233, "epsilon": 0.22709350168665093, "gamma": 0.029625926128999395, "lamda": 0.09944524833907761}, "datetime": {"datetime": "2021-09-23 09:42:42", "elapsed": 90.247905, "delta": 0.659297}}
{"target": 0.9053376655033436, "params": {"C": 189.297772680664, "epsilon": 0.6746440118355608, "gamma": 0.05527378212614662, "lamda": 0.09555029626032997}, "datetime": {"datetime": "2021-09-23 09:42:42", "elapsed": 90.871591, "delta": 0.623686}}
{"target": 0.8521593622147011, "params": {"C": 163.6883310620962, "epsilon": 0.8477266245193019, "gamma": 0.01331500380909197, "lamda": 0.04526048993984406}, "datetime": {"datetime": "2021-09-23 09:42:43", "elapsed": 91.587583, "delta": 0.715992}}
{"target": 0.9002280544457517, "params": {"C": 188.26946624214517, "epsilon": 0.008922000839348933, "gamma": 0.07413621874122009, "lamda": 0.06146993446591671}, "datetime": {"datetime": "2021-09-23 09:42:44", "elapsed": 92.63567, "delta": 1.048087}}
{"target": 0.9091479759528123, "params": {"C": 162.43176847494314, "epsilon": 0.6741601807629025, "gamma": 0.06530803309388383, "lamda": 0.07132164431137421}, "datetime": {"datetime": "2021-09-23 09:42:45", "elapsed": 93.317071, "delta": 0.681401}}
{"target": 0.9025617080692574, "params": {"C": 179.76801537926337, "epsilon": 0.5290799994353341, "gamma": 0.04543721743510131, "lamda": 0.07053238909587503}, "datetime": {"datetime": "2021-09-23 09:42:45", "elapsed": 93.946149, "delta": 0.629078}}
{"target": 0.914644636164658, "params": {"C": 179.77443169862914, "epsilon": 0.3448475003394559, "gamma": 0.07394786476560578, "lamda": 0.05787127237771181}, "datetime": {"datetime": "2021-09-23 09:42:46", "elapsed": 94.790767, "delta": 0.844618}}
{"target": 0.895270463307742, "params": {"C": 192.45264717083603, "epsilon": 0.020220670092767706, "gamma": 0.053142600583336565, "lamda": 0.08322012794036047}, "datetime": {"datetime": "2021-09-23 09:42:47", "elapsed": 95.84626, "delta": 1.055493}}
{"target": 0.8314847979052131, "params": {"C": 165.51759395008648, "epsilon": 0.5339019750526764, "gamma": 0.006383402398018389, "lamda": 0.06392111389606416}, "datetime": {"datetime": "2021-09-23 09:42:49", "elapsed": 97.042691, "delta": 1.196431}}
{"target": 0.9086922612354091, "params": {"C": 165.22845977569725, "epsilon": 0.7206465115719922, "gamma": 0.07485319159107515, "lamda": 0.09342689895175608}, "datetime": {"datetime": "2021-09-23 09:42:50", "elapsed": 98.112527, "delta": 1.069836}}
{"target": 0.9009694930013953, "params": {"C": 165.41945859359922, "epsilon": 0.841140574037124, "gamma": 0.04490992025334084, "lamda": 0.051641162419029156}, "datetime": {"datetime": "2021-09-23 09:42:51", "elapsed": 99.140246, "delta": 1.027719}}
{"target": 0.8763045982634008, "params": {"C": 188.7379896478759, "epsilon": 0.2919562080489035, "gamma": 0.028180482367560596, "lamda": 0.05551422321640933}, "datetime": {"datetime": "2021-09-23 09:42:52", "elapsed": 100.062586, "delta": 0.92234}}
{"target": 0.9136432733574616, "params": {"C": 153.7608273737122, "epsilon": 0.5302661023788441, "gamma": 0.07585262597731804, "lamda": 0.045141494076740785}, "datetime": {"datetime": "2021-09-23 09:42:52", "elapsed": 100.748842, "delta": 0.686256}}
{"target": 0.8543721447781268, "params": {"C": 188.43342973005352, "epsilon": 0.19543387097937634, "gamma": 0.015317421323586846, "lamda": 0.0944187852498787}, "datetime": {"datetime": "2021-09-23 09:42:53", "elapsed": 101.634755, "delta": 0.885913}}
{"target": 0.7347352762714585, "params": {"C": 161.73895735871236, "epsilon": 0.5749123956517005, "gamma": 0.001, "lamda": 0.1}, "datetime": {"datetime": "2021-09-23 09:42:54", "elapsed": 102.499045, "delta": 0.86429}}
{"target": 0.8995818243536374, "params": {"C": 179.7827713820637, "epsilon": 0.5294751664207564, "gamma": 0.04187903858762386, "lamda": 0.048099977428451145}, "datetime": {"datetime": "2021-09-23 09:42:55", "elapsed": 103.211919, "delta": 0.712874}}
{"target": 0.8663281491760904, "params": {"C": 184.46110529714207, "epsilon": 0.8944555364904415, "gamma": 0.017554271193041565, "lamda": 0.08485381087751177}, "datetime": {"datetime": "2021-09-23 09:42:56", "elapsed": 104.353038, "delta": 1.141119}}
{"target": 0.9065386476576361, "params": {"C": 199.98489702717626, "epsilon": 0.9396046002007145, "gamma": 0.055899567662453235, "lamda": 0.05967890132114417}, "datetime": {"datetime": "2021-09-23 09:42:57", "elapsed": 105.066261, "delta": 0.713223}}
{"target": 0.9032555519862292, "params": {"C": 188.54661790733556, "epsilon": 0.43537603201959707, "gamma": 0.046941719824070305, "lamda": 0.0965550635316205}, "datetime": {"datetime": "2021-09-23 09:42:58", "elapsed": 106.028198, "delta": 0.961937}}
{"target": 0.9035441526459894, "params": {"C": 167.77226776347996, "epsilon": 0.15546805966459515, "gamma": 0.059247938498768526, "lamda": 0.06540328346312695}, "datetime": {"datetime": "2021-09-23 09:42:58", "elapsed": 106.717997, "delta": 0.689799}}
{"target": 0.9078054950167036, "params": {"C": 179.7352020851451, "epsilon": 0.17035172474287355, "gamma": 0.06896928641862839, "lamda": 0.04611364315523453}, "datetime": {"datetime": "2021-09-23 09:42:59", "elapsed": 107.730824, "delta": 1.012827}}
{"target": 0.9076114626327004, "params": {"C": 165.41623448438253, "epsilon": 0.25856172856859067, "gamma": 0.052621323802584496, "lamda": 0.09686498923922211}, "datetime": {"datetime": "2021-09-23 09:43:01", "elapsed": 108.981297, "delta": 1.250473}}
{"target": 0.9124435893206103, "params": {"C": 162.0286209417044, "epsilon": 0.5668290571683582, "gamma": 0.08, "lamda": 0.05788957545723776}, "datetime": {"datetime": "2021-09-23 09:43:02", "elapsed": 110.207241, "delta": 1.225944}}
{"target": 0.8921469548753679, "params": {"C": 173.116184520668, "epsilon": 0.8747657665390196, "gamma": 0.03505513286247531, "lamda": 0.07004470726926089}, "datetime": {"datetime": "2021-09-23 09:43:03", "elapsed": 110.974307, "delta": 0.767066}}
{"target": 0.9082965521272843, "params": {"C": 186.78768840080195, "epsilon": 0.7647548900109733, "gamma": 0.06872059465880435, "lamda": 0.09368652619108742}, "datetime": {"datetime": "2021-09-23 09:43:04", "elapsed": 112.035368, "delta": 1.061061}}
{"target": 0.9117312576210779, "params": {"C": 161.50939918169317, "epsilon": 0.42306223897904116, "gamma": 0.06338576224750093, "lamda": 0.0633701451799406}, "datetime": {"datetime": "2021-09-23 09:43:05", "elapsed": 113.163224, "delta": 1.127856}}
{"target": 0.9141500489526347, "params": {"C": 161.64904331923694, "epsilon": 0.3191623716653949, "gamma": 0.07385609863853398, "lamda": 0.05680200577756246}, "datetime": {"datetime": "2021-09-23 09:43:06", "elapsed": 114.635107, "delta": 1.471883}}
{"target": 0.8496826570248063, "params": {"C": 186.95881407432842, "epsilon": 0.8784244856794041, "gamma": 0.01154163367547735, "lamda": 0.045337422769115475}, "datetime": {"datetime": "2021-09-23 09:43:07", "elapsed": 115.891745, "delta": 1.256638}}
{"target": 0.8711153570933758, "params": {"C": 181.3712720653632, "epsilon": 0.35050376020754115, "gamma": 0.022520493775503858, "lamda": 0.07480686976635513}, "datetime": {"datetime": "2021-09-23 09:43:08", "elapsed": 116.612867, "delta": 0.721122}}
{"target": 0.913500422005741, "params": {"C": 191.79079572562847, "epsilon": 0.2221070784705514, "gamma": 0.07825580890328954, "lamda": 0.049756007695174825}, "datetime": {"datetime": "2021-09-23 09:43:09", "elapsed": 117.827795, "delta": 1.214928}}
{"target": 0.8987665782314833, "params": {"C": 169.44502282573507, "epsilon": 0.3204240907038378, "gamma": 0.04510080511530613, "lamda": 0.06009761409699875}, "datetime": {"datetime": "2021-09-23 09:43:10", "elapsed": 118.572443, "delta": 0.744648}}
{"target": 0.9130903511478649, "params": {"C": 188.14635764046358, "epsilon": 0.23595603245411156, "gamma": 0.08, "lamda": 0.045}, "datetime": {"datetime": "2021-09-23 09:43:11", "elapsed": 119.883926, "delta": 1.311483}}
{"target": 0.913606525935917, "params": {"C": 184.03673640655168, "epsilon": 0.58672489209763, "gamma": 0.08, "lamda": 0.045}, "datetime": {"datetime": "2021-09-23 09:43:13", "elapsed": 121.061657, "delta": 1.177731}}
{"target": 0.8993269711228983, "params": {"C": 161.56002492102235, "epsilon": 0.8560363679270657, "gamma": 0.04402122954771411, "lamda": 0.06108488212877708}, "datetime": {"datetime": "2021-09-23 09:43:14", "elapsed": 122.285838, "delta": 1.224181}}
{"target": 0.912608724630046, "params": {"C": 161.4749976196668, "epsilon": 0.6838441397857845, "gamma": 0.08, "lamda": 0.045}, "datetime": {"datetime": "2021-09-23 09:43:15", "elapsed": 123.341477, "delta": 1.055639}}
{"target": 0.8582518649636542, "params": {"C": 183.87580527669917, "epsilon": 0.6435760879206721, "gamma": 0.014443123211151432, "lamda": 0.09073796092353373}, "datetime": {"datetime": "2021-09-23 09:43:16", "elapsed": 124.673987, "delta": 1.33251}}
{"target": 0.8899854729111799, "params": {"C": 182.28829753824644, "epsilon": 0.16144538241878678, "gamma": 0.038262590649177586, "lamda": 0.09610416147081433}, "datetime": {"datetime": "2021-09-23 09:43:17", "elapsed": 125.424899, "delta": 0.750912}}
{"target": 0.8996396906768734, "params": {"C": 188.25885842834387, "epsilon": 0.006771092075748842, "gamma": 0.07205317933806982, "lamda": 0.064223130732747}, "datetime": {"datetime": "2021-09-23 09:43:18", "elapsed": 126.366541, "delta": 0.941642}}
{"target": 0.9123690853249096, "params": {"C": 191.73605619556164, "epsilon": 0.7968637242814615, "gamma": 0.08, "lamda": 0.045}, "datetime": {"datetime": "2021-09-23 09:43:19", "elapsed": 127.419146, "delta": 1.052605}}
{"target": 0.900999070535282, "params": {"C": 150.16877025881394, "epsilon": 0.11238545058617927, "gamma": 0.06218704682460183, "lamda": 0.07023699998792929}, "datetime": {"datetime": "2021-09-23 09:43:20", "elapsed": 128.21846, "delta": 0.799314}}
{"target": 0.902516400574597, "params": {"C": 188.54335446198027, "epsilon": 0.4347217758819753, "gamma": 0.04565254832717337, "lamda": 0.09604216407695221}, "datetime": {"datetime": "2021-09-23 09:43:21", "elapsed": 128.991805, "delta": 0.773345}}
{"target": 0.913553982452739, "params": {"C": 165.2461299194007, "epsilon": 0.5723621536821006, "gamma": 0.08, "lamda": 0.045}, "datetime": {"datetime": "2021-09-23 09:43:22", "elapsed": 130.578962, "delta": 1.587157}}
{"target": 0.9089331376201549, "params": {"C": 153.65146983491155, "epsilon": 0.9143558775121974, "gamma": 0.07260267170192207, "lamda": 0.06282946052770441}, "datetime": {"datetime": "2021-09-23 09:43:23", "elapsed": 131.407713, "delta": 0.828751}}
{"target": 0.8036489703710108, "params": {"C": 174.69248053259096, "epsilon": 0.7960722621244376, "gamma": 0.002791408508835528, "lamda": 0.05890430943605926}, "datetime": {"datetime": "2021-09-23 09:43:24", "elapsed": 132.250651, "delta": 0.842938}}
{"target": 0.914076898627844, "params": {"C": 183.69283140171902, "epsilon": 0.5296814005707865, "gamma": 0.08, "lamda": 0.045}, "datetime": {"datetime": "2021-09-23 09:43:25", "elapsed": 133.823861, "delta": 1.57321}}
{"target": 0.9103260338779633, "params": {"C": 165.82915294698196, "epsilon": 0.5140592702432927, "gamma": 0.058738725110605475, "lamda": 0.05179066973044567}, "datetime": {"datetime": "2021-09-23 09:43:27", "elapsed": 134.969546, "delta": 1.145685}}
{"target": 0.9008128529617092, "params": {"C": 189.11179562327413, "epsilon": 0.8790220185050202, "gamma": 0.0451428743273094, "lamda": 0.06277088342677006}, "datetime": {"datetime": "2021-09-23 09:43:27", "elapsed": 135.766014, "delta": 0.796468}}
{"target": 0.9025637238936134, "params": {"C": 180.67664769457645, "epsilon": 0.5422559420947949, "gamma": 0.044495868668297696, "lamda": 0.05149367809780764}, "datetime": {"datetime": "2021-09-23 09:43:28", "elapsed": 136.588186, "delta": 0.822172}}
{"target": 0.9093429675995917, "params": {"C": 183.61979397260026, "epsilon": 0.6586169605619354, "gamma": 0.0573924235586568, "lamda": 0.04919179058629851}, "datetime": {"datetime": "2021-09-23 09:43:29", "elapsed": 137.769351, "delta": 1.181165}}
