{"target": -1.9390202670584902, "params": {"C": 428.6296869751166, "epsilon": 0.3093651163603343, "gamma": 0.03, "lamda": 0.015}, "datetime": {"datetime": "2021-09-23 15:59:25", "elapsed": 198.737698, "delta": 1.997957}}
{"target": -1.9174943847030514, "params": {"C": 463.92285411690165, "epsilon": 0.26428095454522565, "gamma": 0.03456659266973334, "lamda": 0.04380497241441823}, "datetime": {"datetime": "2021-09-23 15:59:27", "elapsed": 200.433284, "delta": 1.695586}}
{"target": -2.002913775515309, "params": {"C": 477.14653694058586, "epsilon": 0.12225165628546016, "gamma": 0.03, "lamda": 0.2}, "datetime": {"datetime": "2021-09-23 15:59:29", "elapsed": 202.318805, "delta": 1.885521}}
{"target": -1.9447675058166485, "params": {"C": 466.38281789695867, "epsilon": 0.138531662095098, "gamma": 0.03490691353132348, "lamda": 0.11809086476549824}, "datetime": {"datetime": "2021-09-23 15:59:31", "elapsed": 203.915649, "delta": 1.596844}}
{"target": -1.9808818941908009, "params": {"C": 463.8557646792312, "epsilon": 0.2992691058586898, "gamma": 0.04623017013836578, "lamda": 0.0802608297289199}, "datetime": {"datetime": "2021-09-23 15:59:32", "elapsed": 204.969165, "delta": 1.053516}}
{"target": -1.9626444490130182, "params": {"C": 401.9346117392404, "epsilon": 0.23331632559919663, "gamma": 0.03, "lamda": 0.015}, "datetime": {"datetime": "2021-09-23 15:59:33", "elapsed": 206.488782, "delta": 1.519617}}
{"target": -1.9730434549875178, "params": {"C": 463.9897267061323, "epsilon": 0.2726033361884959, "gamma": 0.04248423350357784, "lamda": 0.017045224163346372}, "datetime": {"datetime": "2021-09-23 15:59:35", "elapsed": 207.838578, "delta": 1.349796}}
{"target": -1.9593706101203123, "params": {"C": 453.13175852467657, "epsilon": 0.0727401243109691, "gamma": 0.047597481187503524, "lamda": 0.09338298884365355}, "datetime": {"datetime": "2021-09-23 15:59:36", "elapsed": 209.117158, "delta": 1.27858}}
{"target": -1.9303211260163051, "params": {"C": 422.93548126171845, "epsilon": 0.1819967344835669, "gamma": 0.03, "lamda": 0.035494331835984175}, "datetime": {"datetime": "2021-09-23 15:59:37", "elapsed": 210.481576, "delta": 1.364418}}
{"target": -1.9752704074210323, "params": {"C": 402.0784629395381, "epsilon": 0.21781457676736765, "gamma": 0.03, "lamda": 0.10062845618993942}, "datetime": {"datetime": "2021-09-23 15:59:39", "elapsed": 212.038534, "delta": 1.556958}}
{"target": -2.0230690535850364, "params": {"C": 444.79236749046004, "epsilon": 0.33825743548880016, "gamma": 0.03480148963090136, "lamda": 0.10992183808337784}, "datetime": {"datetime": "2021-09-23 15:59:40", "elapsed": 213.234535, "delta": 1.196001}}
{"target": -2.028059930109022, "params": {"C": 480.92853272994466, "epsilon": 0.20426626256128252, "gamma": 0.0372470699060758, "lamda": 0.19813401714053375}, "datetime": {"datetime": "2021-09-23 15:59:41", "elapsed": 214.150403, "delta": 0.915868}}
{"target": -1.9683622210340148, "params": {"C": 477.2649557839057, "epsilon": 0.14484624183439346, "gamma": 0.04877499590428702, "lamda": 0.11593926958539294}, "datetime": {"datetime": "2021-09-23 15:59:42", "elapsed": 215.706322, "delta": 1.555919}}
{"target": -1.9191139073774541, "params": {"C": 427.3766621241924, "epsilon": 0.6826321330128754, "gamma": 0.03311772248331442, "lamda": 0.015876193434020934}, "datetime": {"datetime": "2021-09-23 15:59:44", "elapsed": 217.14533, "delta": 1.439008}}
{"target": -1.9116562798162102, "params": {"C": 477.2102937627212, "epsilon": 0.14416338060701334, "gamma": 0.03649064284913627, "lamda": 0.06619222933289953}, "datetime": {"datetime": "2021-09-23 15:59:46", "elapsed": 218.878473, "delta": 1.733143}}
{"target": -2.037778297032729, "params": {"C": 424.8635369498863, "epsilon": 0.5488521913788138, "gamma": 0.04628051470731236, "lamda": 0.10353643995644052}, "datetime": {"datetime": "2021-09-23 15:59:47", "elapsed": 220.484716, "delta": 1.606243}}
{"target": -2.024259684673646, "params": {"C": 459.53603075852675, "epsilon": 0.4370286281934007, "gamma": 0.041249928464582614, "lamda": 0.1008816724133978}, "datetime": {"datetime": "2021-09-23 15:59:49", "elapsed": 221.899132, "delta": 1.414416}}
{"target": -2.0122124385765345, "params": {"C": 427.4182423125861, "epsilon": 0.7182128551647156, "gamma": 0.0408743051752622, "lamda": 0.05187680609756084}, "datetime": {"datetime": "2021-09-23 15:59:50", "elapsed": 223.341129, "delta": 1.441997}}
{"target": -1.9440722556274597, "params": {"C": 427.3330570812001, "epsilon": 0.6360472248051809, "gamma": 0.031526464361304025, "lamda": 0.025773774733097707}, "datetime": {"datetime": "2021-09-23 15:59:52", "elapsed": 225.386024, "delta": 2.044895}}
{"target": -1.9670237930244214, "params": {"C": 477.19885949566475, "epsilon": 0.03871412017690323, "gamma": 0.03227183688993372, "lamda": 0.07251798931685555}, "datetime": {"datetime": "2021-09-23 15:59:53", "elapsed": 226.66197, "delta": 1.275946}}
{"target": -1.9674847769895747, "params": {"C": 467.179029790354, "epsilon": 0.12321638282143002, "gamma": 0.04102471919168095, "lamda": 0.16214655388410842}, "datetime": {"datetime": "2021-09-23 15:59:55", "elapsed": 228.230241, "delta": 1.568271}}
{"target": -2.0218523424458454, "params": {"C": 427.27377589856997, "epsilon": 0.71992566645051, "gamma": 0.03483598494476728, "lamda": 0.050476952063354175}, "datetime": {"datetime": "2021-09-23 15:59:57", "elapsed": 229.947651, "delta": 1.71741}}
{"target": -1.9359524567894066, "params": {"C": 464.10458002573284, "epsilon": 0.274883356924126, "gamma": 0.03698483697886795, "lamda": 0.02126508603366273}, "datetime": {"datetime": "2021-09-23 15:59:58", "elapsed": 231.25865, "delta": 1.310999}}
{"target": -1.9447697191709883, "params": {"C": 463.87866094658204, "epsilon": 0.22153584401089652, "gamma": 0.03404638940479086, "lamda": 0.01778306272645604}, "datetime": {"datetime": "2021-09-23 16:00:00", "elapsed": 233.409074, "delta": 2.150424}}
{"target": -1.9669026733264674, "params": {"C": 444.6657046212225, "epsilon": 0.21444285399478805, "gamma": 0.036044169480358844, "lamda": 0.10766055217495653}, "datetime": {"datetime": "2021-09-23 16:00:02", "elapsed": 234.896158, "delta": 1.487084}}
{"target": -1.9456350427175315, "params": {"C": 477.30485571998497, "epsilon": 0.11746881929705925, "gamma": 0.03036666045573253, "lamda": 0.032028339578187875}, "datetime": {"datetime": "2021-09-23 16:00:03", "elapsed": 236.247272, "delta": 1.351114}}
{"target": -1.9217972364174052, "params": {"C": 459.5655427641274, "epsilon": 0.43733321135533776, "gamma": 0.04034912369306933, "lamda": 0.025427196804790227}, "datetime": {"datetime": "2021-09-23 16:00:04", "elapsed": 237.71809, "delta": 1.470818}}
{"target": -1.9255079057643376, "params": {"C": 459.66277499541536, "epsilon": 0.39084962279707136, "gamma": 0.03546425917043316, "lamda": 0.016663993058924083}, "datetime": {"datetime": "2021-09-23 16:00:06", "elapsed": 239.315381, "delta": 1.597291}}
{"target": -1.9416299696219672, "params": {"C": 464.11835461153106, "epsilon": 0.150344216189338, "gamma": 0.04564127098075364, "lamda": 0.05566258454502617}, "datetime": {"datetime": "2021-09-23 16:00:07", "elapsed": 240.626306, "delta": 1.310925}}
{"target": -2.074109931616397, "params": {"C": 438.90521622122094, "epsilon": 0.7766965602424823, "gamma": 0.042249187498873846, "lamda": 0.10609764919889986}, "datetime": {"datetime": "2021-09-23 16:00:09", "elapsed": 242.234798, "delta": 1.608492}}
{"target": -1.9293943591302014, "params": {"C": 435.5445355269599, "epsilon": 0.14905946540714543, "gamma": 0.044746313543992035, "lamda": 0.08362922619415428}, "datetime": {"datetime": "2021-09-23 16:00:10", "elapsed": 243.469802, "delta": 1.235004}}
{"target": -2.0000558363986585, "params": {"C": 453.07522512114105, "epsilon": 0.10971053532328898, "gamma": 0.030937155163156135, "lamda": 0.015}, "datetime": {"datetime": "2021-09-23 16:00:12", "elapsed": 245.210396, "delta": 1.740594}}
{"target": -1.9090522605731763, "params": {"C": 459.61744505682685, "epsilon": 0.4643158698486831, "gamma": 0.03719364007727963, "lamda": 0.01862704233276035}, "datetime": {"datetime": "2021-09-23 16:00:14", "elapsed": 247.648438, "delta": 2.438042}}
{"target": -2.0315857822413164, "params": {"C": 459.6745492637372, "epsilon": 0.48648268520258764, "gamma": 0.03854840499205925, "lamda": 0.09400890810474644}, "datetime": {"datetime": "2021-09-23 16:00:16", "elapsed": 249.636572, "delta": 1.988134}}
{"target": -2.0646115272954497, "params": {"C": 446.232369041336, "epsilon": 0.7034731133483936, "gamma": 0.03862155262341147, "lamda": 0.09924128808751388}, "datetime": {"datetime": "2021-09-23 16:00:18", "elapsed": 251.78846, "delta": 2.151888}}
{"target": -1.963024133809016, "params": {"C": 435.5058724492789, "epsilon": 0.21053465655181153, "gamma": 0.04169897016158261, "lamda": 0.10153322958330493}, "datetime": {"datetime": "2021-09-23 16:00:20", "elapsed": 253.394568, "delta": 1.606108}}
{"target": -2.089137092494383, "params": {"C": 485.50739083113234, "epsilon": 0.36282788696097246, "gamma": 0.032193393041863756, "lamda": 0.18726297838093237}, "datetime": {"datetime": "2021-09-23 16:00:21", "elapsed": 254.700528, "delta": 1.30596}}
{"target": -1.9295208513988944, "params": {"C": 427.40959166573845, "epsilon": 0.6172039978613699, "gamma": 0.03, "lamda": 0.015}, "datetime": {"datetime": "2021-09-23 16:00:24", "elapsed": 257.012543, "delta": 2.312015}}
{"target": -1.9402114286849905, "params": {"C": 459.573730981073, "epsilon": 0.3420554071927302, "gamma": 0.04187434474823349, "lamda": 0.0191120761685466}, "datetime": {"datetime": "2021-09-23 16:00:26", "elapsed": 258.823577, "delta": 1.811034}}
{"target": -2.0155652145322906, "params": {"C": 462.7425441307264, "epsilon": 0.29938728264244907, "gamma": 0.035448226272279455, "lamda": 0.11525947103228543}, "datetime": {"datetime": "2021-09-23 16:00:27", "elapsed": 260.705684, "delta": 1.882107}}
{"target": -1.9182500471713821, "params": {"C": 435.6291973544643, "epsilon": 0.14599385982791227, "gamma": 0.041616022853452124, "lamda": 0.05803770460365532}, "datetime": {"datetime": "2021-09-23 16:00:29", "elapsed": 262.757469, "delta": 2.051785}}
{"target": -1.9486169186230138, "params": {"C": 438.89004565147013, "epsilon": 0.2762027525945496, "gamma": 0.0411647607886851, "lamda": 0.06578288378081398}, "datetime": {"datetime": "2021-09-23 16:00:31", "elapsed": 264.028726, "delta": 1.271257}}
{"target": -1.965936926477881, "params": {"C": 435.6480203254031, "epsilon": 0.1343230421169861, "gamma": 0.046981897964306366, "lamda": 0.1400128278099163}, "datetime": {"datetime": "2021-09-23 16:00:33", "elapsed": 266.014564, "delta": 1.985838}}
{"target": -1.9570278981514688, "params": {"C": 464.18052125921685, "epsilon": 0.12414222588710488, "gamma": 0.04685481563776082, "lamda": 0.12481767323185697}, "datetime": {"datetime": "2021-09-23 16:00:34", "elapsed": 267.627562, "delta": 1.612998}}
{"target": -1.929737944230819, "params": {"C": 435.73295828527193, "epsilon": 0.17156671272850602, "gamma": 0.04194166688263431, "lamda": 0.041375906331794526}, "datetime": {"datetime": "2021-09-23 16:00:37", "elapsed": 270.782538, "delta": 3.154976}}
{"target": -1.9105240908919257, "params": {"C": 435.6993936971844, "epsilon": 0.22858052677903803, "gamma": 0.03751241519893747, "lamda": 0.044735438314235876}, "datetime": {"datetime": "2021-09-23 16:00:39", "elapsed": 272.606001, "delta": 1.823463}}
{"target": -1.9820953482467085, "params": {"C": 435.61251753708643, "epsilon": 0.27475882601844753, "gamma": 0.049055065734537176, "lamda": 0.08841695992383201}, "datetime": {"datetime": "2021-09-23 16:00:42", "elapsed": 275.03279, "delta": 2.426789}}
{"target": -1.996383755113478, "params": {"C": 464.5765950764929, "epsilon": 0.15366661107353935, "gamma": 0.03943356725295635, "lamda": 0.18689581585637544}, "datetime": {"datetime": "2021-09-23 16:00:43", "elapsed": 276.509313, "delta": 1.476523}}
{"target": -1.9257320294676645, "params": {"C": 435.64498700710806, "epsilon": 0.19112231946044608, "gamma": 0.03048304165618742, "lamda": 0.03697384241649837}, "datetime": {"datetime": "2021-09-23 16:00:45", "elapsed": 278.25162, "delta": 1.742307}}
{"target": -2.011501878383119, "params": {"C": 435.6202526866799, "epsilon": 0.07463583739602564, "gamma": 0.032118523601478266, "lamda": 0.017165414406738543}, "datetime": {"datetime": "2021-09-23 16:00:48", "elapsed": 281.212628, "delta": 2.961008}}
{"target": -1.9294029590533357, "params": {"C": 400.3375405176279, "epsilon": 0.11585264960095899, "gamma": 0.04549039160116502, "lamda": 0.0998880908684894}, "datetime": {"datetime": "2021-09-23 16:00:52", "elapsed": 285.661568, "delta": 4.44894}}
{"target": -1.9666089041474946, "params": {"C": 435.69630099122656, "epsilon": 0.2031026322718019, "gamma": 0.04223202386178017, "lamda": 0.10851551358170808}, "datetime": {"datetime": "2021-09-23 16:00:57", "elapsed": 290.718608, "delta": 5.05704}}
{"target": -2.0046523274128867, "params": {"C": 464.14107562018876, "epsilon": 0.06649429502057402, "gamma": 0.03681042581087973, "lamda": 0.019262413071504822}, "datetime": {"datetime": "2021-09-23 16:01:01", "elapsed": 294.683591, "delta": 3.964983}}
{"target": -2.0339997748567713, "params": {"C": 407.3029396698231, "epsilon": 0.7339880136980901, "gamma": 0.04812725865871445, "lamda": 0.07497182177500578}, "datetime": {"datetime": "2021-09-23 16:01:03", "elapsed": 296.48464, "delta": 1.801049}}
{"target": -2.049385862163698, "params": {"C": 449.3849610651819, "epsilon": 0.6428184602961131, "gamma": 0.030453521141477348, "lamda": 0.061769040830381136}, "datetime": {"datetime": "2021-09-23 16:01:05", "elapsed": 298.595307, "delta": 2.110667}}
{"target": -1.9775310681843172, "params": {"C": 400.30545599196216, "epsilon": 0.049315724935652824, "gamma": 0.038936050447067425, "lamda": 0.058751419309404314}, "datetime": {"datetime": "2021-09-23 16:01:09", "elapsed": 302.478379, "delta": 3.883072}}
{"target": -1.9631025003075022, "params": {"C": 402.123860303331, "epsilon": 0.2320996842634858, "gamma": 0.03, "lamda": 0.015}, "datetime": {"datetime": "2021-09-23 16:01:12", "elapsed": 305.52652, "delta": 3.048141}}
{"target": -2.0394259490604583, "params": {"C": 478.22359124654827, "epsilon": 0.7067537079568224, "gamma": 0.04117541122210365, "lamda": 0.07477478970822657}, "datetime": {"datetime": "2021-09-23 16:01:14", "elapsed": 307.277159, "delta": 1.750639}}
{"target": -1.9437459126290875, "params": {"C": 461.3532953891529, "epsilon": 0.44718425967266473, "gamma": 0.04101161232108803, "lamda": 0.03684237178353478}, "datetime": {"datetime": "2021-09-23 16:01:16", "elapsed": 308.830012, "delta": 1.552853}}
{"target": -1.9191541392930755, "params": {"C": 459.6728141879678, "epsilon": 0.29618206800053426, "gamma": 0.031424050541386236, "lamda": 0.034483760443396926}, "datetime": {"datetime": "2021-09-23 16:01:18", "elapsed": 311.616053, "delta": 2.786041}}
{"target": -2.010123596666141, "params": {"C": 427.8507137238385, "epsilon": 0.7729501041281461, "gamma": 0.04036334152731128, "lamda": 0.04664041830821802}, "datetime": {"datetime": "2021-09-23 16:01:20", "elapsed": 313.498905, "delta": 1.882852}}
{"target": -2.0732625889146603, "params": {"C": 414.40249503250453, "epsilon": 0.48856384490574867, "gamma": 0.045605795724041664, "lamda": 0.1710054192328827}, "datetime": {"datetime": "2021-09-23 16:01:22", "elapsed": 314.871496, "delta": 1.372591}}
{"target": -1.914391259919154, "params": {"C": 435.7753771477268, "epsilon": 0.3067276587696429, "gamma": 0.03890489414564466, "lamda": 0.03517140877975459}, "datetime": {"datetime": "2021-09-23 16:01:24", "elapsed": 316.876251, "delta": 2.004755}}
{"target": -1.9242759342342715, "params": {"C": 435.7186625804449, "epsilon": 0.35841132149545407, "gamma": 0.03303023537722624, "lamda": 0.020132154739318738}, "datetime": {"datetime": "2021-09-23 16:01:26", "elapsed": 319.142119, "delta": 2.265868}}
{"target": -1.9320658440754095, "params": {"C": 435.72329623555504, "epsilon": 0.2788948163820398, "gamma": 0.04405191796236968, "lamda": 0.0302988080815728}, "datetime": {"datetime": "2021-09-23 16:01:28", "elapsed": 321.436567, "delta": 2.294448}}
{"target": -1.9253499658829063, "params": {"C": 459.56880878868685, "epsilon": 0.5130978363304536, "gamma": 0.03, "lamda": 0.015}, "datetime": {"datetime": "2021-09-23 16:01:31", "elapsed": 324.669133, "delta": 3.232566}}
{"target": -2.036880114450587, "params": {"C": 425.8514185906203, "epsilon": 0.0917558952235567, "gamma": 0.049727814885941066, "lamda": 0.031931723829421756}, "datetime": {"datetime": "2021-09-23 16:01:33", "elapsed": 326.155085, "delta": 1.485952}}
{"target": -1.940101278920929, "params": {"C": 459.6463896855719, "epsilon": 0.22887773135478867, "gamma": 0.04752231890607618, "lamda": 0.052317971288923584}, "datetime": {"datetime": "2021-09-23 16:01:35", "elapsed": 328.49125, "delta": 2.336165}}
{"target": -2.053000704486274, "params": {"C": 409.4686482975525, "epsilon": 0.31569744326549454, "gamma": 0.038664046878279304, "lamda": 0.18804970174086955}, "datetime": {"datetime": "2021-09-23 16:01:37", "elapsed": 330.009971, "delta": 1.518721}}
{"target": -2.0072710474043736, "params": {"C": 459.669569761827, "epsilon": 0.2773195117572924, "gamma": 0.04744669079543437, "lamda": 0.12578168928028663}, "datetime": {"datetime": "2021-09-23 16:01:39", "elapsed": 331.909408, "delta": 1.899437}}
{"target": -1.9497451036351678, "params": {"C": 412.80087486615673, "epsilon": 0.14027837634604845, "gamma": 0.032335728114387764, "lamda": 0.12271309745131148}, "datetime": {"datetime": "2021-09-23 16:01:40", "elapsed": 333.396943, "delta": 1.487535}}
{"target": -1.9371256282889788, "params": {"C": 400.3421569711428, "epsilon": 0.06519954762986209, "gamma": 0.031723617673567274, "lamda": 0.17860707567916045}, "datetime": {"datetime": "2021-09-23 16:01:42", "elapsed": 335.229123, "delta": 1.83218}}
{"target": -1.917175591293285, "params": {"C": 435.78394792511654, "epsilon": 0.42093433743330877, "gamma": 0.039969734621818416, "lamda": 0.02513983899261514}, "datetime": {"datetime": "2021-09-23 16:01:44", "elapsed": 337.229071, "delta": 1.999948}}
{"target": -1.9696818692308884, "params": {"C": 435.79965141761306, "epsilon": 0.3804658876266245, "gamma": 0.040730018476172844, "lamda": 0.06339661626833956}, "datetime": {"datetime": "2021-09-23 16:01:46", "elapsed": 339.3387, "delta": 2.109629}}
{"target": -1.9606019372211754, "params": {"C": 435.7490970904282, "epsilon": 0.4930981321790271, "gamma": 0.04863320400958545, "lamda": 0.03551465323404564}, "datetime": {"datetime": "2021-09-23 16:01:48", "elapsed": 341.644731, "delta": 2.306031}}
{"target": -1.9494045030752356, "params": {"C": 435.8178323160196, "epsilon": 0.2565283451378451, "gamma": 0.045352160231456135, "lamda": 0.06513367744839316}, "datetime": {"datetime": "2021-09-23 16:01:50", "elapsed": 343.593288, "delta": 1.948557}}
{"target": -2.0103337837254975, "params": {"C": 467.91067341708776, "epsilon": 0.19447321160126815, "gamma": 0.04357375535004762, "lamda": 0.17797185578088498}, "datetime": {"datetime": "2021-09-23 16:01:52", "elapsed": 344.894548, "delta": 1.30126}}
{"target": -2.0348860798278268, "params": {"C": 465.00995524371865, "epsilon": 0.36600797241688854, "gamma": 0.03425687613010572, "lamda": 0.1141476945826166}, "datetime": {"datetime": "2021-09-23 16:01:53", "elapsed": 345.947547, "delta": 1.052999}}
{"target": -2.0434811164566384, "params": {"C": 460.8601379566554, "epsilon": 0.2975818454103778, "gamma": 0.04389527840966124, "lamda": 0.1940274018073676}, "datetime": {"datetime": "2021-09-23 16:01:54", "elapsed": 346.946836, "delta": 0.999289}}
{"target": -2.1357911695623812, "params": {"C": 484.72767949590207, "epsilon": 0.687772811959239, "gamma": 0.03505969862820443, "lamda": 0.16014632156799347}, "datetime": {"datetime": "2021-09-23 16:01:55", "elapsed": 347.961841, "delta": 1.015005}}
{"target": -1.9231414849796855, "params": {"C": 459.7701099068303, "epsilon": 0.28275134618497166, "gamma": 0.0352308443099543, "lamda": 0.023330989988257222}, "datetime": {"datetime": "2021-09-23 16:01:56", "elapsed": 349.166913, "delta": 1.205072}}
{"target": -1.9559571964673381, "params": {"C": 459.7194168674288, "epsilon": 0.22490308615321478, "gamma": 0.03, "lamda": 0.015}, "datetime": {"datetime": "2021-09-23 16:01:58", "elapsed": 350.878368, "delta": 1.711455}}
{"target": -1.9564539097273133, "params": {"C": 414.0928570086929, "epsilon": 0.4735870858434421, "gamma": 0.04834913627275206, "lamda": 0.03691301404074177}, "datetime": {"datetime": "2021-09-23 16:01:59", "elapsed": 351.867371, "delta": 0.989003}}
{"target": -1.9985632604271548, "params": {"C": 489.8638624485975, "epsilon": 0.49722040935306255, "gamma": 0.03353739207030659, "lamda": 0.05789158490883554}, "datetime": {"datetime": "2021-09-23 16:02:00", "elapsed": 352.936538, "delta": 1.069167}}
{"target": -1.9317205497447703, "params": {"C": 459.7116001111719, "epsilon": 0.22393130303239756, "gamma": 0.04016537815198978, "lamda": 0.028345000855852252}, "datetime": {"datetime": "2021-09-23 16:02:01", "elapsed": 354.00754, "delta": 1.071002}}
{"target": -1.9853876689923542, "params": {"C": 400.36460729050503, "epsilon": 0.15530786622830814, "gamma": 0.04617775583714502, "lamda": 0.17242571768672565}, "datetime": {"datetime": "2021-09-23 16:02:03", "elapsed": 355.876159, "delta": 1.868619}}
{"target": -1.9506923846382291, "params": {"C": 459.7309518884336, "epsilon": 0.3340684788995951, "gamma": 0.048881453193796616, "lamda": 0.03090823386634303}, "datetime": {"datetime": "2021-09-23 16:02:04", "elapsed": 357.403069, "delta": 1.52691}}
{"target": -1.9165412797514196, "params": {"C": 459.84585638469605, "epsilon": 0.270916369147154, "gamma": 0.038702214214115134, "lamda": 0.03962530057921661}, "datetime": {"datetime": "2021-09-23 16:02:05", "elapsed": 358.739638, "delta": 1.336569}}
