{"target": 0.9006355702390411, "params": {"C": 974.6482755613683, "epsilon": 0.4501279224740865, "gamma": 0.06925388723128682, "lamda": 0.34122235652654853}, "datetime": {"datetime": "2021-09-23 23:01:10", "elapsed": 200.89383, "delta": 1.072999}}
{"target": 0.9256149491197099, "params": {"C": 884.4128163368222, "epsilon": 0.2280522410053233, "gamma": 0.02791401281647128, "lamda": 0.03917415292085285}, "datetime": {"datetime": "2021-09-23 23:01:12", "elapsed": 202.25783, "delta": 1.364}}
{"target": 0.896976829624599, "params": {"C": 954.6206471387627, "epsilon": 0.8179732043622379, "gamma": 0.05077892836585951, "lamda": 0.2910764569900695}, "datetime": {"datetime": "2021-09-23 23:01:13", "elapsed": 203.366832, "delta": 1.109002}}
{"target": 0.9076467509502235, "params": {"C": 965.7390591946833, "epsilon": 0.08259766311010314, "gamma": 0.01593576586870164, "lamda": 0.23749721042322092}, "datetime": {"datetime": "2021-09-23 23:01:14", "elapsed": 204.649092, "delta": 1.28226}}
{"target": 0.9298887036914909, "params": {"C": 965.6977407717353, "epsilon": 0.10932835491385749, "gamma": 0.03861419520091933, "lamda": 0.06237298274378906}, "datetime": {"datetime": "2021-09-23 23:01:15", "elapsed": 206.033611, "delta": 1.384519}}
{"target": 0.9130171185276688, "params": {"C": 965.6574891684606, "epsilon": 0.06957665123634169, "gamma": 0.060286100407478733, "lamda": 0.05718924985742554}, "datetime": {"datetime": "2021-09-23 23:01:17", "elapsed": 207.518621, "delta": 1.48501}}
{"target": 0.9154894723750876, "params": {"C": 858.3598980988662, "epsilon": 0.5248416812960333, "gamma": 0.06082391713066613, "lamda": 0.1044609914273352}, "datetime": {"datetime": "2021-09-23 23:01:18", "elapsed": 208.684622, "delta": 1.166001}}
{"target": 0.923565788751352, "params": {"C": 884.4276005126645, "epsilon": 0.2966698103493477, "gamma": 0.04702085545228753, "lamda": 0.010266663276779577}, "datetime": {"datetime": "2021-09-23 23:01:20", "elapsed": 210.509855, "delta": 1.825233}}
{"target": 0.9261742131028696, "params": {"C": 853.1407880058667, "epsilon": 0.08517133440044673, "gamma": 0.05028883060796716, "lamda": 0.14030687294974734}, "datetime": {"datetime": "2021-09-23 23:01:21", "elapsed": 211.9017, "delta": 1.391845}}
{"target": 0.9159034664559753, "params": {"C": 853.5494153030107, "epsilon": 0.03770419313654355, "gamma": 0.06707685623346615, "lamda": 0.21829971347421692}, "datetime": {"datetime": "2021-09-23 23:01:23", "elapsed": 213.420063, "delta": 1.518363}}
{"target": 0.9149270391390918, "params": {"C": 936.7699747456146, "epsilon": 0.23435641908216923, "gamma": 0.06620260516889882, "lamda": 0.19368359311872285}, "datetime": {"datetime": "2021-09-23 23:01:24", "elapsed": 214.638807, "delta": 1.218744}}
{"target": 0.9275203266652575, "params": {"C": 912.96761852453, "epsilon": 0.11365902581868549, "gamma": 0.03752459875973424, "lamda": 0.12658616511846316}, "datetime": {"datetime": "2021-09-23 23:01:25", "elapsed": 215.624812, "delta": 0.986005}}
{"target": 0.8906436177648571, "params": {"C": 925.7001432164676, "epsilon": 0.2098862450273653, "gamma": 0.01269391680920132, "lamda": 0.2258706608179359}, "datetime": {"datetime": "2021-09-23 23:01:26", "elapsed": 216.651851, "delta": 1.027039}}
{"target": 0.9227575740483059, "params": {"C": 912.906394409814, "epsilon": 0.154987694504925, "gamma": 0.04635443765896415, "lamda": 0.17885028845575424}, "datetime": {"datetime": "2021-09-23 23:01:28", "elapsed": 218.508224, "delta": 1.856373}}
{"target": 0.9110641721290924, "params": {"C": 988.0360675790791, "epsilon": 0.5735154209906408, "gamma": 0.02973259303678314, "lamda": 0.11971657020548479}, "datetime": {"datetime": "2021-09-23 23:01:29", "elapsed": 219.562426, "delta": 1.054202}}
{"target": 0.8975746187745918, "params": {"C": 884.5656182949512, "epsilon": 0.11622264330798968, "gamma": 0.013318725962181883, "lamda": 0.26645919520299105}, "datetime": {"datetime": "2021-09-23 23:01:30", "elapsed": 220.841423, "delta": 1.278997}}
{"target": 0.9224328726575757, "params": {"C": 856.0826268726788, "epsilon": 0.3153255089246092, "gamma": 0.05718003730078761, "lamda": 0.026434138880060753}, "datetime": {"datetime": "2021-09-23 23:01:32", "elapsed": 222.202256, "delta": 1.360833}}
{"target": 0.927134648202144, "params": {"C": 898.5468492963965, "epsilon": 0.10615813199998524, "gamma": 0.03935929741264048, "lamda": 0.14392063270842537}, "datetime": {"datetime": "2021-09-23 23:01:33", "elapsed": 224.068727, "delta": 1.866471}}
{"target": 0.9142363154944383, "params": {"C": 884.6431778928533, "epsilon": 0.03, "gamma": 0.07, "lamda": 0.287352525563108}, "datetime": {"datetime": "2021-09-23 23:01:35", "elapsed": 225.609963, "delta": 1.541236}}
{"target": 0.8953995863536954, "params": {"C": 915.9767571476775, "epsilon": 0.988027579060858, "gamma": 0.031209914705645617, "lamda": 0.20730164403035167}, "datetime": {"datetime": "2021-09-23 23:01:36", "elapsed": 226.70096, "delta": 1.090997}}
{"target": 0.9036353628795647, "params": {"C": 912.9996296113325, "epsilon": 0.15011523470421656, "gamma": 0.01612952054890773, "lamda": 0.2081852796018092}, "datetime": {"datetime": "2021-09-23 23:01:38", "elapsed": 228.611009, "delta": 1.910049}}
{"target": 0.9250744212036869, "params": {"C": 884.4255797798486, "epsilon": 0.11880690121446154, "gamma": 0.02651041745540124, "lamda": 0.04937387175846623}, "datetime": {"datetime": "2021-09-23 23:01:40", "elapsed": 230.17653, "delta": 1.565521}}
{"target": 0.9240875903958695, "params": {"C": 898.5975769278161, "epsilon": 0.06684783723454976, "gamma": 0.025977894432447114, "lamda": 0.12433325879699013}, "datetime": {"datetime": "2021-09-23 23:01:41", "elapsed": 231.690286, "delta": 1.513756}}
{"target": 0.9202153927505035, "params": {"C": 891.4241173675507, "epsilon": 0.7743015332292597, "gamma": 0.06255256460191878, "lamda": 0.02056812145326317}, "datetime": {"datetime": "2021-09-23 23:01:43", "elapsed": 233.575943, "delta": 1.885657}}
{"target": 0.9231882395799961, "params": {"C": 898.4954507605985, "epsilon": 0.047759473905061384, "gamma": 0.055760677215320804, "lamda": 0.1759363342263623}, "datetime": {"datetime": "2021-09-23 23:01:45", "elapsed": 235.171822, "delta": 1.595879}}
{"target": 0.9287858958839466, "params": {"C": 853.2172802432899, "epsilon": 0.06416133331410084, "gamma": 0.033239730893772655, "lamda": 0.09496925150368557}, "datetime": {"datetime": "2021-09-23 23:01:46", "elapsed": 236.531003, "delta": 1.359181}}
{"target": 0.9241548012634324, "params": {"C": 912.9302665980192, "epsilon": 0.06198327948139628, "gamma": 0.025151220599372314, "lamda": 0.08686502261222014}, "datetime": {"datetime": "2021-09-23 23:01:48", "elapsed": 238.204725, "delta": 1.673722}}
{"target": 0.9211635870737523, "params": {"C": 938.2521844843271, "epsilon": 0.6306722498829271, "gamma": 0.05410018427307728, "lamda": 0.008949603825385368}, "datetime": {"datetime": "2021-09-23 23:01:49", "elapsed": 239.849616, "delta": 1.644891}}
{"target": 0.8712112751243352, "params": {"C": 870.6163598120887, "epsilon": 0.9066557613141163, "gamma": 0.016501499343136012, "lamda": 0.28026277813654543}, "datetime": {"datetime": "2021-09-23 23:01:50", "elapsed": 240.976579, "delta": 1.126963}}
{"target": 0.9012962755579453, "params": {"C": 853.3249186948696, "epsilon": 0.08094534378551482, "gamma": 0.013037833419469489, "lamda": 0.19604104951038456}, "datetime": {"datetime": "2021-09-23 23:01:52", "elapsed": 243.074514, "delta": 2.097935}}
{"target": 0.9227376726678665, "params": {"C": 910.9338210156709, "epsilon": 0.09627708648186144, "gamma": 0.05778497103702019, "lamda": 0.10513582992629189}, "datetime": {"datetime": "2021-09-23 23:01:54", "elapsed": 244.88867, "delta": 1.814156}}
{"target": 0.9202632911295374, "params": {"C": 912.9025913199642, "epsilon": 0.1301928569777616, "gamma": 0.024678487388219615, "lamda": 0.1365050649815918}, "datetime": {"datetime": "2021-09-23 23:01:56", "elapsed": 246.971994, "delta": 2.083324}}
{"target": 0.9240999629187379, "params": {"C": 965.6860671301066, "epsilon": 0.18872268020457994, "gamma": 0.02760781730197595, "lamda": 0.08075462576341211}, "datetime": {"datetime": "2021-09-23 23:01:58", "elapsed": 248.651353, "delta": 1.679359}}
{"target": 0.908882235400809, "params": {"C": 981.3954407458504, "epsilon": 0.8695954284945514, "gamma": 0.01617549865772478, "lamda": 0.021386879150166193}, "datetime": {"datetime": "2021-09-23 23:02:00", "elapsed": 250.593582, "delta": 1.942229}}
{"target": 0.9268940968272757, "params": {"C": 904.1657462878211, "epsilon": 0.04293243332465948, "gamma": 0.04071505288968297, "lamda": 0.3197623223910071}, "datetime": {"datetime": "2021-09-23 23:02:01", "elapsed": 251.772649, "delta": 1.179067}}
{"target": 0.9132858567715887, "params": {"C": 954.9763534122794, "epsilon": 0.5328001993768217, "gamma": 0.04703599159159425, "lamda": 0.1612844200684688}, "datetime": {"datetime": "2021-09-23 23:02:02", "elapsed": 252.919305, "delta": 1.146656}}
{"target": 0.9151723655322954, "params": {"C": 853.078139316953, "epsilon": 0.057801543330766446, "gamma": 0.06816003291474733, "lamda": 0.1418073513051213}, "datetime": {"datetime": "2021-09-23 23:02:05", "elapsed": 255.158549, "delta": 2.239244}}
{"target": 0.9004666849065338, "params": {"C": 939.2810687862697, "epsilon": 0.5288168378752348, "gamma": 0.011505077235969934, "lamda": 0.005246277919224495}, "datetime": {"datetime": "2021-09-23 23:02:07", "elapsed": 257.995035, "delta": 2.836486}}
{"target": 0.9214097230198909, "params": {"C": 884.407416355825, "epsilon": 0.2221934254659897, "gamma": 0.053362083360636546, "lamda": 0.13354899032542145}, "datetime": {"datetime": "2021-09-23 23:02:10", "elapsed": 260.213362, "delta": 2.218327}}
{"target": 0.9119362581768647, "params": {"C": 965.6699638914203, "epsilon": 0.0776042843644218, "gamma": 0.016960901656340184, "lamda": 0.12264163986433606}, "datetime": {"datetime": "2021-09-23 23:02:11", "elapsed": 261.97375, "delta": 1.760388}}
{"target": 0.9223657328004856, "params": {"C": 898.5425344696889, "epsilon": 0.04416544890434084, "gamma": 0.05364702005467859, "lamda": 0.11806031686273115}, "datetime": {"datetime": "2021-09-23 23:02:13", "elapsed": 263.73758, "delta": 1.76383}}
{"target": 0.9292581476164788, "params": {"C": 912.9985505593606, "epsilon": 0.055010027284660215, "gamma": 0.037399158997706454, "lamda": 0.16204457383488063}, "datetime": {"datetime": "2021-09-23 23:02:15", "elapsed": 265.312146, "delta": 1.574566}}
{"target": 0.9110110400121213, "params": {"C": 904.2164149471108, "epsilon": 0.11597645283700883, "gamma": 0.02297422889173842, "lamda": 0.33316974775340025}, "datetime": {"datetime": "2021-09-23 23:02:17", "elapsed": 267.25916, "delta": 1.947014}}
{"target": 0.9044277007160951, "params": {"C": 929.3993872328089, "epsilon": 0.4710866968149353, "gamma": 0.06067348889690649, "lamda": 0.30473691415270376}, "datetime": {"datetime": "2021-09-23 23:02:18", "elapsed": 268.536657, "delta": 1.277497}}
{"target": 0.9132114105697869, "params": {"C": 927.8814291875036, "epsilon": 0.9957457242159313, "gamma": 0.03410370304809121, "lamda": 0.06971160003567652}, "datetime": {"datetime": "2021-09-23 23:02:19", "elapsed": 269.91716, "delta": 1.380503}}
{"target": 0.9214430774085354, "params": {"C": 912.9473167218621, "epsilon": 0.1562678676453161, "gamma": 0.057360015601665204, "lamda": 0.04531908264368109}, "datetime": {"datetime": "2021-09-23 23:02:21", "elapsed": 271.935238, "delta": 2.018078}}
{"target": 0.9225016425025604, "params": {"C": 898.535159325345, "epsilon": 0.16032713586574524, "gamma": 0.04599881861421972, "lamda": 0.1803965067408386}, "datetime": {"datetime": "2021-09-23 23:02:23", "elapsed": 273.858729, "delta": 1.923491}}
{"target": 0.9142534866237615, "params": {"C": 912.951093401383, "epsilon": 0.05392193403144614, "gamma": 0.0677104658510718, "lamda": 0.13448963003325234}, "datetime": {"datetime": "2021-09-23 23:02:25", "elapsed": 275.759044, "delta": 1.900315}}
{"target": 0.9198152538587313, "params": {"C": 856.0458009968161, "epsilon": 0.3324501094295358, "gamma": 0.06053284673982435, "lamda": 0.08622535783841673}, "datetime": {"datetime": "2021-09-23 23:02:27", "elapsed": 277.841418, "delta": 2.082374}}
{"target": 0.9099842319946523, "params": {"C": 869.3553025697023, "epsilon": 0.3990254428055038, "gamma": 0.04580886577930534, "lamda": 0.27796289631313376}, "datetime": {"datetime": "2021-09-23 23:02:28", "elapsed": 279.000416, "delta": 1.158998}}
{"target": 0.897013624402283, "params": {"C": 900.329757953279, "epsilon": 0.5984587817127524, "gamma": 0.03314308659796798, "lamda": 0.32768291376103525}, "datetime": {"datetime": "2021-09-23 23:02:30", "elapsed": 280.313401, "delta": 1.312985}}
{"target": 0.9061303540630457, "params": {"C": 853.1416134967837, "epsilon": 0.10959074733767118, "gamma": 0.015017325542104647, "lamda": 0.14436812400277643}, "datetime": {"datetime": "2021-09-23 23:02:32", "elapsed": 282.262721, "delta": 1.94932}}
{"target": 0.9116066214028408, "params": {"C": 884.4264314538515, "epsilon": 0.2159283385301626, "gamma": 0.050718413409780755, "lamda": 0.00184379287581103}, "datetime": {"datetime": "2021-09-23 23:02:35", "elapsed": 285.265985, "delta": 3.003264}}
{"target": 0.8963362367112583, "params": {"C": 944.5645716038084, "epsilon": 0.6790756925570854, "gamma": 0.06453993982117275, "lamda": 0.317068464075257}, "datetime": {"datetime": "2021-09-23 23:02:36", "elapsed": 286.545619, "delta": 1.279634}}
{"target": 0.9190526952043634, "params": {"C": 912.9011025592825, "epsilon": 0.0893317051194738, "gamma": 0.024339025033242433, "lamda": 0.018260499812572363}, "datetime": {"datetime": "2021-09-23 23:02:38", "elapsed": 288.957383, "delta": 2.411764}}
{"target": 0.9083931820407006, "params": {"C": 884.4536950428409, "epsilon": 0.07140300448572674, "gamma": 0.015516865445069262, "lamda": 0.135460408109276}, "datetime": {"datetime": "2021-09-23 23:02:40", "elapsed": 290.664294, "delta": 1.706911}}
{"target": 0.9141357642376912, "params": {"C": 902.9735997683877, "epsilon": 0.21658840424194875, "gamma": 0.02881575997328912, "lamda": 0.22351033675314216}, "datetime": {"datetime": "2021-09-23 23:02:42", "elapsed": 292.450169, "delta": 1.785875}}
{"target": 0.9142539202895001, "params": {"C": 881.4004724633372, "epsilon": 0.6695675653721247, "gamma": 0.0660586324365274, "lamda": 0.0781986224354041}, "datetime": {"datetime": "2021-09-23 23:02:43", "elapsed": 294.081845, "delta": 1.631676}}
{"target": 0.9218655248087115, "params": {"C": 853.0036130595162, "epsilon": 0.07210811777983359, "gamma": 0.023945684936768664, "lamda": 0.10626642712578281}, "datetime": {"datetime": "2021-09-23 23:02:46", "elapsed": 296.551453, "delta": 2.469608}}
{"target": 0.9002003405004022, "params": {"C": 884.3997842577642, "epsilon": 0.088385509751615, "gamma": 0.06285809459770358, "lamda": 0.01564297975371847}, "datetime": {"datetime": "2021-09-23 23:02:48", "elapsed": 298.533045, "delta": 1.981592}}
{"target": 0.9134082922175721, "params": {"C": 884.4651930708604, "epsilon": 0.25269523563819013, "gamma": 0.018769607402322593, "lamda": 0.06281969999060863}, "datetime": {"datetime": "2021-09-23 23:02:51", "elapsed": 301.306903, "delta": 2.773858}}
{"target": 0.9083471192397142, "params": {"C": 955.7741224466454, "epsilon": 0.3855008869197727, "gamma": 0.029459514715263722, "lamda": 0.21789917067271516}, "datetime": {"datetime": "2021-09-23 23:02:54", "elapsed": 304.142247, "delta": 2.835344}}
{"target": 0.9211337937507269, "params": {"C": 856.0905970786378, "epsilon": 0.26978507353224157, "gamma": 0.06052149999535087, "lamda": 0.07821440664422406}, "datetime": {"datetime": "2021-09-23 23:02:56", "elapsed": 307.108542, "delta": 2.966295}}
{"target": 0.9163763200650978, "params": {"C": 853.1510917507577, "epsilon": 0.061334426923084016, "gamma": 0.018994636997006147, "lamda": 0.06387361030149051}, "datetime": {"datetime": "2021-09-23 23:02:59", "elapsed": 309.562163, "delta": 2.453621}}
{"target": 0.9249343126935272, "params": {"C": 853.0867541675915, "epsilon": 0.08122029731559392, "gamma": 0.05129368126865596, "lamda": 0.07333220210057768}, "datetime": {"datetime": "2021-09-23 23:03:02", "elapsed": 312.577377, "delta": 3.015214}}
{"target": 0.9282538416644593, "params": {"C": 898.4654626516547, "epsilon": 0.06918084447080419, "gamma": 0.045301331613708834, "lamda": 0.13651422957702122}, "datetime": {"datetime": "2021-09-23 23:03:04", "elapsed": 314.39343, "delta": 1.816053}}
{"target": 0.9213037891221572, "params": {"C": 913.0294092077974, "epsilon": 0.12219792591859505, "gamma": 0.06131921755320096, "lamda": 0.09907043674222908}, "datetime": {"datetime": "2021-09-23 23:03:07", "elapsed": 317.141797, "delta": 2.748367}}
{"target": 0.9170764953177629, "params": {"C": 856.1638504131201, "epsilon": 0.3126756107671014, "gamma": 0.06835756656409017, "lamda": 0.0365073249725711}, "datetime": {"datetime": "2021-09-23 23:03:08", "elapsed": 319.094436, "delta": 1.952639}}
{"target": 0.9153816948974173, "params": {"C": 911.0810733581955, "epsilon": 0.1408681056134639, "gamma": 0.056021091529847605, "lamda": 0.021940982879760637}, "datetime": {"datetime": "2021-09-23 23:03:11", "elapsed": 321.45391, "delta": 2.359474}}
{"target": 0.9275795403089118, "params": {"C": 910.9825782192095, "epsilon": 0.14261799034359268, "gamma": 0.032469534093632714, "lamda": 0.08274246563537822}, "datetime": {"datetime": "2021-09-23 23:03:13", "elapsed": 323.453183, "delta": 1.999273}}
{"target": 0.9045544311368775, "params": {"C": 885.4987743259209, "epsilon": 0.8203224586898195, "gamma": 0.03468971127098242, "lamda": 0.16680464059172936}, "datetime": {"datetime": "2021-09-23 23:03:14", "elapsed": 324.922055, "delta": 1.468872}}
{"target": 0.927995283269884, "params": {"C": 898.5166437860744, "epsilon": 0.11016972861609199, "gamma": 0.04679592675246724, "lamda": 0.07622951325467774}, "datetime": {"datetime": "2021-09-23 23:03:16", "elapsed": 327.085445, "delta": 2.16339}}
{"target": 0.8911959100377559, "params": {"C": 905.7237684649293, "epsilon": 0.789949519200054, "gamma": 0.055509346028482155, "lamda": 0.37012318832676455}, "datetime": {"datetime": "2021-09-23 23:03:18", "elapsed": 328.51745, "delta": 1.432005}}
{"target": 0.9147532348405703, "params": {"C": 867.2453218248357, "epsilon": 0.7038447656198701, "gamma": 0.04280147571250267, "lamda": 0.10507505443789188}, "datetime": {"datetime": "2021-09-23 23:03:20", "elapsed": 330.355453, "delta": 1.838003}}
{"target": 0.9093377029257761, "params": {"C": 898.4875785381028, "epsilon": 0.11283607222633978, "gamma": 0.017343631824502343, "lamda": 0.19023060270789063}, "datetime": {"datetime": "2021-09-23 23:03:23", "elapsed": 333.17045, "delta": 2.814997}}
{"target": 0.9223688438935214, "params": {"C": 911.0811435596037, "epsilon": 0.19690899436389261, "gamma": 0.05946859396603499, "lamda": 0.07384892466766603}, "datetime": {"datetime": "2021-09-23 23:03:26", "elapsed": 336.547981, "delta": 3.377531}}
{"target": 0.9197431155029806, "params": {"C": 853.0684045613743, "epsilon": 0.1773577197868334, "gamma": 0.02319793178821729, "lamda": 0.07496837027441954}, "datetime": {"datetime": "2021-09-23 23:03:28", "elapsed": 338.96098, "delta": 2.412999}}
{"target": 0.9238504671853791, "params": {"C": 884.3816596731629, "epsilon": 0.23921689399808418, "gamma": 0.053954018289068595, "lamda": 0.07790023914455911}, "datetime": {"datetime": "2021-09-23 23:03:31", "elapsed": 341.141987, "delta": 2.181007}}
{"target": 0.914357000764924, "params": {"C": 909.5007440018909, "epsilon": 0.34247662385980226, "gamma": 0.04833521569363582, "lamda": 0.2236747338830141}, "datetime": {"datetime": "2021-09-23 23:03:32", "elapsed": 342.802988, "delta": 1.661001}}
{"target": 0.9075992030667364, "params": {"C": 884.6586267638532, "epsilon": 0.08004910283070255, "gamma": 0.015450430044345055, "lamda": 0.1692970626005487}, "datetime": {"datetime": "2021-09-23 23:03:34", "elapsed": 345.110982, "delta": 2.307994}}
{"target": 0.9176757413228205, "params": {"C": 911.0610629583291, "epsilon": 0.19821729695227938, "gamma": 0.06484594731742314, "lamda": 0.15527017593913575}, "datetime": {"datetime": "2021-09-23 23:03:37", "elapsed": 348.074983, "delta": 2.964001}}
{"target": 0.8944433148161943, "params": {"C": 884.3917134920601, "epsilon": 0.1745417982709753, "gamma": 0.01, "lamda": 0.08105332226867144}, "datetime": {"datetime": "2021-09-23 23:03:40", "elapsed": 350.677987, "delta": 2.603004}}
{"target": 0.9109519970607133, "params": {"C": 865.8368824393011, "epsilon": 0.3521225589123351, "gamma": 0.06707401134491564, "lamda": 0.20546875555452276}, "datetime": {"datetime": "2021-09-23 23:03:42", "elapsed": 352.287042, "delta": 1.609055}}
{"target": 0.9149829915008909, "params": {"C": 910.5357334134659, "epsilon": 0.37285331333082794, "gamma": 0.040189437557264986, "lamda": 0.19011307631389732}, "datetime": {"datetime": "2021-09-23 23:03:43", "elapsed": 354.057025, "delta": 1.769983}}
{"target": 0.9006238390745154, "params": {"C": 913.0322214508399, "epsilon": 0.07987348271386482, "gamma": 0.012107449250608755, "lamda": 0.1545120757690737}, "datetime": {"datetime": "2021-09-23 23:03:46", "elapsed": 356.404648, "delta": 2.347623}}
{"target": 0.8993866046883058, "params": {"C": 904.165324199358, "epsilon": 0.7408649511284698, "gamma": 0.04927699645693644, "lamda": 0.28688367998786113}, "datetime": {"datetime": "2021-09-23 23:03:48", "elapsed": 358.183288, "delta": 1.77864}}
{"target": 0.9124691836501803, "params": {"C": 888.9424511050132, "epsilon": 0.9437229438946725, "gamma": 0.038127207173962986, "lamda": 0.0897471787714462}, "datetime": {"datetime": "2021-09-23 23:03:50", "elapsed": 360.221839, "delta": 2.038551}}
{"target": 0.9257663136401254, "params": {"C": 855.2377383932549, "epsilon": 0.9133342829609084, "gamma": 0.02915695429644182, "lamda": 0.009357343746428139}, "datetime": {"datetime": "2021-09-23 23:03:52", "elapsed": 362.199422, "delta": 1.977583}}
