{"target": -1.9137371143798516, "params": {"C": 552.0827597743042, "epsilon": 0.1947293810441115, "gamma": 0.03588647781605493, "lamda": 0.045953004878723454}, "datetime": {"datetime": "2021-09-23 15:23:25", "elapsed": 576.91522, "delta": 3.772999}}
{"target": -1.9380186856753634, "params": {"C": 512.7351072045626, "epsilon": 0.27544046863956695, "gamma": 0.03, "lamda": 0.015}, "datetime": {"datetime": "2021-09-23 15:23:29", "elapsed": 580.547218, "delta": 3.631998}}
{"target": -2.03632508904057, "params": {"C": 662.8521145314393, "epsilon": 0.5940716203153862, "gamma": 0.0416300679551429, "lamda": 0.08675311750881622}, "datetime": {"datetime": "2021-09-23 15:23:30", "elapsed": 582.443221, "delta": 1.896003}}
{"target": -1.9447057230237093, "params": {"C": 593.5692636568778, "epsilon": 0.14078566434920237, "gamma": 0.04244482553098963, "lamda": 0.09094881090797823}, "datetime": {"datetime": "2021-09-23 15:23:32", "elapsed": 584.494219, "delta": 2.050998}}
{"target": -2.0261707395651247, "params": {"C": 687.2049981274768, "epsilon": 0.2471011812238334, "gamma": 0.03679050693064805, "lamda": 0.16250979890180434}, "datetime": {"datetime": "2021-09-23 15:23:35", "elapsed": 586.513218, "delta": 2.018999}}
{"target": -1.9201478907194598, "params": {"C": 552.0442088081796, "epsilon": 0.15389843002209028, "gamma": 0.036148741227787703, "lamda": 0.06695708921788089}, "datetime": {"datetime": "2021-09-23 15:23:39", "elapsed": 590.601738, "delta": 4.08852}}
{"target": -1.9197293198507108, "params": {"C": 557.2637098496753, "epsilon": 0.3464028348701442, "gamma": 0.030265548526018198, "lamda": 0.017682315048891485}, "datetime": {"datetime": "2021-09-23 15:23:42", "elapsed": 593.897738, "delta": 3.296}}
{"target": -1.9528844033869626, "params": {"C": 571.7267953210421, "epsilon": 0.05321897248863572, "gamma": 0.04078104302277899, "lamda": 0.08841552377368446}, "datetime": {"datetime": "2021-09-23 15:23:45", "elapsed": 596.850738, "delta": 2.953}}
{"target": -2.0017785585722616, "params": {"C": 552.0725580603188, "epsilon": 0.21144336083335175, "gamma": 0.04438159645846489, "lamda": 0.13932748604406597}, "datetime": {"datetime": "2021-09-23 15:23:48", "elapsed": 600.396738, "delta": 3.546}}
{"target": -1.9385009939027753, "params": {"C": 552.0799763835026, "epsilon": 0.1934688473910066, "gamma": 0.04275544753410085, "lamda": 0.037247104342345475}, "datetime": {"datetime": "2021-09-23 15:23:50", "elapsed": 602.380355, "delta": 1.983617}}
{"target": -1.914733012432879, "params": {"C": 619.2842701853646, "epsilon": 0.45235644471779846, "gamma": 0.03, "lamda": 0.015}, "datetime": {"datetime": "2021-09-23 15:23:53", "elapsed": 605.439859, "delta": 3.059504}}
{"target": -1.9260568372859694, "params": {"C": 552.1108237808932, "epsilon": 0.10619488159329642, "gamma": 0.04115803636944938, "lamda": 0.07984443831748216}, "datetime": {"datetime": "2021-09-23 15:23:56", "elapsed": 608.298937, "delta": 2.859078}}
{"target": -2.025187985474869, "params": {"C": 500.90914416614623, "epsilon": 0.6489117168610952, "gamma": 0.04514851739184979, "lamda": 0.07287019836440284}, "datetime": {"datetime": "2021-09-23 15:23:58", "elapsed": 610.311945, "delta": 2.013008}}
{"target": -2.1127988163823717, "params": {"C": 633.1700645371823, "epsilon": 0.6950265168934103, "gamma": 0.04143508708264085, "lamda": 0.15481088998127773}, "datetime": {"datetime": "2021-09-23 15:24:00", "elapsed": 612.445929, "delta": 2.133984}}
{"target": -2.0448869669171135, "params": {"C": 627.9241616348579, "epsilon": 0.5052268073588652, "gamma": 0.041802416957502364, "lamda": 0.11525949425941595}, "datetime": {"datetime": "2021-09-23 15:24:02", "elapsed": 614.33793, "delta": 1.892001}}
{"target": -2.1289222264103027, "params": {"C": 518.336161505552, "epsilon": 0.7560590524499446, "gamma": 0.03262387312331876, "lamda": 0.1295597013274002}, "datetime": {"datetime": "2021-09-23 15:24:04", "elapsed": 616.42493, "delta": 2.087}}
{"target": -2.042774534445075, "params": {"C": 571.5737197547953, "epsilon": 0.04036016868969463, "gamma": 0.046795563074447, "lamda": 0.058538100365781005}, "datetime": {"datetime": "2021-09-23 15:24:08", "elapsed": 619.533932, "delta": 3.109002}}
{"target": -2.0603396588691023, "params": {"C": 637.0756340336767, "epsilon": 0.3722303528536074, "gamma": 0.045233525660772635, "lamda": 0.19767710638740488}, "datetime": {"datetime": "2021-09-23 15:24:09", "elapsed": 621.426928, "delta": 1.892996}}
{"target": -2.0324955413415577, "params": {"C": 511.8517417146972, "epsilon": 0.035191638329869525, "gamma": 0.04203776911688058, "lamda": 0.04495967900248324}, "datetime": {"datetime": "2021-09-23 15:24:12", "elapsed": 623.54907, "delta": 2.122142}}
{"target": -1.9164138949128007, "params": {"C": 593.6767661668299, "epsilon": 0.16682152677856774, "gamma": 0.03742935951867055, "lamda": 0.050173392791777675}, "datetime": {"datetime": "2021-09-23 15:24:15", "elapsed": 626.665932, "delta": 3.116862}}
{"target": -2.1321105453400775, "params": {"C": 672.5863680754939, "epsilon": 0.6361564316839065, "gamma": 0.032220938266782795, "lamda": 0.15478063155230942}, "datetime": {"datetime": "2021-09-23 15:24:17", "elapsed": 628.724478, "delta": 2.058546}}
{"target": -1.9103648356460228, "params": {"C": 627.922290523258, "epsilon": 0.2190708708986839, "gamma": 0.03174039296457687, "lamda": 0.02745087312272816}, "datetime": {"datetime": "2021-09-23 15:24:19", "elapsed": 630.908475, "delta": 2.183997}}
{"target": -1.9972234557743238, "params": {"C": 593.6576105971644, "epsilon": 0.21311882740241614, "gamma": 0.04945182697223713, "lamda": 0.0923582107572419}, "datetime": {"datetime": "2021-09-23 15:24:23", "elapsed": 634.574474, "delta": 3.665999}}
{"target": -1.954600400454712, "params": {"C": 510.4388299837784, "epsilon": 0.29049184278269025, "gamma": 0.04775886916317902, "lamda": 0.047934861854607824}, "datetime": {"datetime": "2021-09-23 15:24:25", "elapsed": 636.552482, "delta": 1.978008}}
{"target": -1.9675364185364783, "params": {"C": 593.7337667544252, "epsilon": 0.16342208541686656, "gamma": 0.04797028521447455, "lamda": 0.043793927856109936}, "datetime": {"datetime": "2021-09-23 15:24:29", "elapsed": 641.460318, "delta": 4.907836}}
{"target": -1.9351742399168352, "params": {"C": 571.6549697963333, "epsilon": 0.09511446847913674, "gamma": 0.04214506340698873, "lamda": 0.11718404345427147}, "datetime": {"datetime": "2021-09-23 15:24:32", "elapsed": 644.35413, "delta": 2.893812}}
{"target": -2.0152078537543043, "params": {"C": 628.4505211617818, "epsilon": 0.04399494742839363, "gamma": 0.04241683938102872, "lamda": 0.060164946980772196}, "datetime": {"datetime": "2021-09-23 15:24:35", "elapsed": 646.61578, "delta": 2.26165}}
{"target": -1.9922884859467889, "params": {"C": 619.2794503021256, "epsilon": 0.5044844657412972, "gamma": 0.04537686689885066, "lamda": 0.043369047508337755}, "datetime": {"datetime": "2021-09-23 15:24:38", "elapsed": 649.962378, "delta": 3.346598}}
{"target": -2.0893984211085996, "params": {"C": 555.2704714249638, "epsilon": 0.5976757201955119, "gamma": 0.03625314840621484, "lamda": 0.1368491425875102}, "datetime": {"datetime": "2021-09-23 15:24:40", "elapsed": 652.245376, "delta": 2.282998}}
{"target": -1.9431612569602619, "params": {"C": 627.9395901021063, "epsilon": 0.1937351788359383, "gamma": 0.03115390148435358, "lamda": 0.06686787021166779}, "datetime": {"datetime": "2021-09-23 15:24:44", "elapsed": 656.267376, "delta": 4.022}}
{"target": -1.9147462557291, "params": {"C": 585.8802595297277, "epsilon": 0.05578968432900795, "gamma": 0.03632527293602561, "lamda": 0.10583263317360991}, "datetime": {"datetime": "2021-09-23 15:24:46", "elapsed": 658.381592, "delta": 2.114216}}
{"target": -1.9654931455871967, "params": {"C": 638.0623097431766, "epsilon": 0.09809783637437741, "gamma": 0.031261147730197204, "lamda": 0.15460697262898332}, "datetime": {"datetime": "2021-09-23 15:24:49", "elapsed": 660.556557, "delta": 2.174965}}
{"target": -2.0644479707082355, "params": {"C": 552.064791813388, "epsilon": 0.0437702422922727, "gamma": 0.046497392078220304, "lamda": 0.03863670127932811}, "datetime": {"datetime": "2021-09-23 15:24:52", "elapsed": 664.023018, "delta": 3.466461}}
{"target": -1.941671634702963, "params": {"C": 653.7680007070853, "epsilon": 0.10330488956335575, "gamma": 0.03772943486853222, "lamda": 0.11978613907693289}, "datetime": {"datetime": "2021-09-23 15:24:54", "elapsed": 666.05354, "delta": 2.030522}}
{"target": -1.9524369729092934, "params": {"C": 585.798499235929, "epsilon": 0.04143640234154536, "gamma": 0.04246735030848513, "lamda": 0.12431707952959568}, "datetime": {"datetime": "2021-09-23 15:24:58", "elapsed": 669.615255, "delta": 3.561715}}
{"target": -1.9431518142782396, "params": {"C": 606.7287318349149, "epsilon": 0.213810354102634, "gamma": 0.04525675169307586, "lamda": 0.04457655420931596}, "datetime": {"datetime": "2021-09-23 15:25:00", "elapsed": 671.81128, "delta": 2.196025}}
{"target": -1.908932901049602, "params": {"C": 593.5157126090885, "epsilon": 0.18943766639535672, "gamma": 0.03514151433186962, "lamda": 0.03402828897920625}, "datetime": {"datetime": "2021-09-23 15:25:03", "elapsed": 674.982326, "delta": 3.171046}}
{"target": -1.933326226108496, "params": {"C": 585.8240159633144, "epsilon": 0.08460350083747978, "gamma": 0.03839645209184567, "lamda": 0.05898560960114018}, "datetime": {"datetime": "2021-09-23 15:25:06", "elapsed": 678.230039, "delta": 3.247713}}
{"target": -1.9117472113621283, "params": {"C": 593.4847300532141, "epsilon": 0.23526567448253857, "gamma": 0.03227244456042385, "lamda": 0.025163501899745002}, "datetime": {"datetime": "2021-09-23 15:25:10", "elapsed": 682.112699, "delta": 3.88266}}
{"target": -2.0406335317820417, "params": {"C": 519.4640937689758, "epsilon": 0.7761620579115258, "gamma": 0.04696020148204709, "lamda": 0.07449719805169817}, "datetime": {"datetime": "2021-09-23 15:25:12", "elapsed": 684.08688, "delta": 1.974181}}
{"target": -1.9332223614534156, "params": {"C": 593.5424889439662, "epsilon": 0.19564656784465465, "gamma": 0.040473260725262764, "lamda": 0.059978348394766685}, "datetime": {"datetime": "2021-09-23 15:25:16", "elapsed": 687.727333, "delta": 3.640453}}
{"target": -1.9952528609655638, "params": {"C": 612.4792458464683, "epsilon": 0.1614586770996867, "gamma": 0.03754925383288584, "lamda": 0.15371530409599682}, "datetime": {"datetime": "2021-09-23 15:25:18", "elapsed": 689.943052, "delta": 2.215719}}
{"target": -1.9912037922273942, "params": {"C": 593.4550718144986, "epsilon": 0.22049885887022944, "gamma": 0.047226573271491046, "lamda": 0.09131521907179295}, "datetime": {"datetime": "2021-09-23 15:25:22", "elapsed": 694.275151, "delta": 4.332099}}
{"target": -2.0342305502444624, "params": {"C": 627.0051797652224, "epsilon": 0.6814831678670634, "gamma": 0.03972533820418554, "lamda": 0.0701235546058131}, "datetime": {"datetime": "2021-09-23 15:25:24", "elapsed": 696.311064, "delta": 2.035913}}
{"target": -1.9152305924857573, "params": {"C": 627.8335273260208, "epsilon": 0.21391275493344108, "gamma": 0.036216441363222114, "lamda": 0.037585543253707845}, "datetime": {"datetime": "2021-09-23 15:25:28", "elapsed": 699.570869, "delta": 3.259805}}
{"target": -1.9500918810560113, "params": {"C": 585.8548938325188, "epsilon": 0.06576900217242487, "gamma": 0.03248561510957932, "lamda": 0.18707444157377345}, "datetime": {"datetime": "2021-09-23 15:25:32", "elapsed": 703.763926, "delta": 4.193057}}
{"target": -1.93765710550594, "params": {"C": 546.1749589955873, "epsilon": 0.03, "gamma": 0.03, "lamda": 0.17045997667388918}, "datetime": {"datetime": "2021-09-23 15:25:36", "elapsed": 707.948879, "delta": 4.184953}}
{"target": -2.0541720131607963, "params": {"C": 519.0328412297354, "epsilon": 0.379664933331862, "gamma": 0.04891924412263124, "lamda": 0.1826152294679747}, "datetime": {"datetime": "2021-09-23 15:25:38", "elapsed": 710.162203, "delta": 2.213324}}
{"target": -1.9582491780434894, "params": {"C": 503.77322056456967, "epsilon": 0.0845780247069408, "gamma": 0.05, "lamda": 0.11349270595909806}, "datetime": {"datetime": "2021-09-23 15:25:43", "elapsed": 714.653127, "delta": 4.490924}}
{"target": -1.9483856924895546, "params": {"C": 585.8571573064607, "epsilon": 0.14596686453522012, "gamma": 0.042198937587644925, "lamda": 0.0936820866273169}, "datetime": {"datetime": "2021-09-23 15:25:46", "elapsed": 718.219862, "delta": 3.566735}}
{"target": -1.917824171211141, "params": {"C": 571.6419127823071, "epsilon": 0.10869633471938243, "gamma": 0.03, "lamda": 0.05871910649952473}, "datetime": {"datetime": "2021-09-23 15:25:50", "elapsed": 721.915591, "delta": 3.695729}}
{"target": -1.9959405168835405, "params": {"C": 665.6591118545366, "epsilon": 0.12462807732111954, "gamma": 0.03884226788513053, "lamda": 0.1807147780453543}, "datetime": {"datetime": "2021-09-23 15:25:52", "elapsed": 723.955591, "delta": 2.04}}
{"target": -2.048065026038623, "params": {"C": 629.077876866938, "epsilon": 0.28588500620022483, "gamma": 0.032320562651909475, "lamda": 0.15637210413477626}, "datetime": {"datetime": "2021-09-23 15:25:54", "elapsed": 726.255589, "delta": 2.299998}}
{"target": -1.9831534794457972, "params": {"C": 646.5127480813557, "epsilon": 0.793666457150607, "gamma": 0.04142725380618189, "lamda": 0.023984697458188032}, "datetime": {"datetime": "2021-09-23 15:25:56", "elapsed": 728.3166, "delta": 2.061011}}
{"target": -1.994349873860211, "params": {"C": 650.9180681782086, "epsilon": 0.453248145374859, "gamma": 0.043081563587787156, "lamda": 0.05937850607817066}, "datetime": {"datetime": "2021-09-23 15:25:59", "elapsed": 730.671163, "delta": 2.354563}}
{"target": -2.0291782449733144, "params": {"C": 660.7207666147758, "epsilon": 0.3327410417857001, "gamma": 0.04879533947496602, "lamda": 0.15678105679099164}, "datetime": {"datetime": "2021-09-23 15:26:01", "elapsed": 733.058894, "delta": 2.387731}}
{"target": -1.9075096416894313, "params": {"C": 552.0386053315189, "epsilon": 0.28557814348276944, "gamma": 0.033366710392969866, "lamda": 0.027862209604390425}, "datetime": {"datetime": "2021-09-23 15:26:06", "elapsed": 737.67965, "delta": 4.620756}}
{"target": -1.9253221753751055, "params": {"C": 552.1234367122413, "epsilon": 0.16308911445340374, "gamma": 0.03942905344240667, "lamda": 0.06689181577491339}, "datetime": {"datetime": "2021-09-23 15:26:09", "elapsed": 741.306315, "delta": 3.626665}}
{"target": -2.0721206277576925, "params": {"C": 593.3417508777538, "epsilon": 0.47293456877640405, "gamma": 0.04629136036096701, "lamda": 0.17451872574893218}, "datetime": {"datetime": "2021-09-23 15:26:12", "elapsed": 743.547882, "delta": 2.241567}}
{"target": -1.9995486407986587, "params": {"C": 664.5820803088251, "epsilon": 0.3724491482735842, "gamma": 0.04736217763824066, "lamda": 0.08194469944353856}, "datetime": {"datetime": "2021-09-23 15:26:14", "elapsed": 745.914192, "delta": 2.36631}}
{"target": -2.054933974057224, "params": {"C": 653.6552333615632, "epsilon": 0.6320765201817783, "gamma": 0.04532127523431674, "lamda": 0.1113764979600236}, "datetime": {"datetime": "2021-09-23 15:26:16", "elapsed": 748.173466, "delta": 2.259274}}
{"target": -2.0328814584324255, "params": {"C": 681.704386330987, "epsilon": 0.47406977402937045, "gamma": 0.032091724525525306, "lamda": 0.07707873988282116}, "datetime": {"datetime": "2021-09-23 15:26:18", "elapsed": 750.482705, "delta": 2.309239}}
{"target": -1.9835767708966159, "params": {"C": 552.122822850879, "epsilon": 0.3209594545812805, "gamma": 0.041683710037649875, "lamda": 0.07187029296197958}, "datetime": {"datetime": "2021-09-23 15:26:22", "elapsed": 753.684928, "delta": 3.202223}}
{"target": -1.9216702855186059, "params": {"C": 568.5026783783331, "epsilon": 0.11824319674524504, "gamma": 0.03628179715920179, "lamda": 0.08565408298422227}, "datetime": {"datetime": "2021-09-23 15:26:24", "elapsed": 756.134406, "delta": 2.449478}}
{"target": -1.9842921372511864, "params": {"C": 551.9597239215398, "epsilon": 0.25399469832683624, "gamma": 0.03235632823930617, "lamda": 0.09357155222655208}, "datetime": {"datetime": "2021-09-23 15:26:28", "elapsed": 760.199406, "delta": 4.065}}
{"target": -2.0402981224003587, "params": {"C": 648.9941611894336, "epsilon": 0.24902189705313618, "gamma": 0.03829807542980801, "lamda": 0.19622725122332035}, "datetime": {"datetime": "2021-09-23 15:26:30", "elapsed": 762.420405, "delta": 2.220999}}
{"target": -1.9414450041626894, "params": {"C": 593.46490600206, "epsilon": 0.17521010470432188, "gamma": 0.04153162365297227, "lamda": 0.031852964177646687}, "datetime": {"datetime": "2021-09-23 15:26:34", "elapsed": 765.846404, "delta": 3.425999}}
{"target": -1.9954907498744692, "params": {"C": 568.5280152769634, "epsilon": 0.08910062431389698, "gamma": 0.043883990217762375, "lamda": 0.04303539820514406}, "datetime": {"datetime": "2021-09-23 15:26:38", "elapsed": 770.326302, "delta": 4.479898}}
{"target": -1.9435361656542975, "params": {"C": 552.1712881914422, "epsilon": 0.097955602203618, "gamma": 0.046233222867564996, "lamda": 0.09739418905184712}, "datetime": {"datetime": "2021-09-23 15:26:43", "elapsed": 774.546823, "delta": 4.220521}}
{"target": -1.9491173248103457, "params": {"C": 546.050940659268, "epsilon": 0.03905446631472713, "gamma": 0.04445134720832126, "lamda": 0.19598105355789025}, "datetime": {"datetime": "2021-09-23 15:26:45", "elapsed": 776.689854, "delta": 2.143031}}
{"target": -2.1446307893917176, "params": {"C": 511.68088106936494, "epsilon": 0.7012702429454842, "gamma": 0.03605685766429017, "lamda": 0.1683071518057513}, "datetime": {"datetime": "2021-09-23 15:26:47", "elapsed": 778.826067, "delta": 2.136213}}
{"target": -1.944927455102855, "params": {"C": 568.5076566159049, "epsilon": 0.07801731549781755, "gamma": 0.03937133655587032, "lamda": 0.1640718444782216}, "datetime": {"datetime": "2021-09-23 15:26:51", "elapsed": 782.832683, "delta": 4.006616}}
{"target": -1.9963824025846615, "params": {"C": 572.3538592730438, "epsilon": 0.2945875102298037, "gamma": 0.04654350558223869, "lamda": 0.09400243644739006}, "datetime": {"datetime": "2021-09-23 15:26:53", "elapsed": 785.370018, "delta": 2.537335}}
{"target": -2.1006716319093606, "params": {"C": 679.9962260764876, "epsilon": 0.6286379661161681, "gamma": 0.03806328682901249, "lamda": 0.15012632667815917}, "datetime": {"datetime": "2021-09-23 15:26:56", "elapsed": 787.883032, "delta": 2.513014}}
{"target": -1.9487445053443175, "params": {"C": 854.2641286533492, "epsilon": 0.045979001006739156, "gamma": 0.04267296469852551, "lamda": 0.1535287182696432}, "datetime": {"datetime": "2021-09-23 15:28:10", "elapsed": 0.0, "delta": 0.0}}
{"target": -2.0149330671210457, "params": {"C": 799.7014024605181, "epsilon": 0.2030934170587527, "gamma": 0.033961257295192476, "lamda": 0.15569818175680739}, "datetime": {"datetime": "2021-09-23 15:28:10", "elapsed": 0.319, "delta": 0.319}}
{"target": -1.9973869948094418, "params": {"C": 733.8221673125071, "epsilon": 0.09802165691398791, "gamma": 0.04370719636735595, "lamda": 0.19137776904606324}, "datetime": {"datetime": "2021-09-23 15:28:11", "elapsed": 0.695, "delta": 0.376}}
{"target": -2.034517027166396, "params": {"C": 700.7896532655828, "epsilon": 0.424388042807048, "gamma": 0.04625241923304227, "lamda": 0.1283173223634368}, "datetime": {"datetime": "2021-09-23 15:28:11", "elapsed": 1.053, "delta": 0.358}}
{"target": -2.0112035642219404, "params": {"C": 844.3510634863599, "epsilon": 0.25474457249138754, "gamma": 0.04835548245025887, "lamda": 0.14719651992857274}, "datetime": {"datetime": "2021-09-23 15:28:12", "elapsed": 1.443002, "delta": 0.390002}}
{"target": -1.9275704679873655, "params": {"C": 746.0065261871638, "epsilon": 0.17634257757555297, "gamma": 0.03937778178824782, "lamda": 0.03954596044505552}, "datetime": {"datetime": "2021-09-23 15:28:12", "elapsed": 1.969035, "delta": 0.526033}}
{"target": -2.078100566159325, "params": {"C": 745.9268111560472, "epsilon": 0.6018083324506742, "gamma": 0.04391234572614775, "lamda": 0.14316990668800395}, "datetime": {"datetime": "2021-09-23 15:28:12", "elapsed": 2.355998, "delta": 0.386963}}
{"target": -1.9419203004682715, "params": {"C": 769.331457452074, "epsilon": 0.17983518390734793, "gamma": 0.03311286477968166, "lamda": 0.06619890797100156}, "datetime": {"datetime": "2021-09-23 15:28:13", "elapsed": 2.794447, "delta": 0.438449}}
{"target": -1.9355564943307855, "params": {"C": 704.0892017199523, "epsilon": 0.07935692364609709, "gamma": 0.041651143475872926, "lamda": 0.09256197385229582}, "datetime": {"datetime": "2021-09-23 15:28:13", "elapsed": 3.194449, "delta": 0.400002}}
{"target": -2.117209490879749, "params": {"C": 822.0001231676431, "epsilon": 0.7401596175735479, "gamma": 0.04418943290921279, "lamda": 0.15391556586105132}, "datetime": {"datetime": "2021-09-23 15:28:14", "elapsed": 3.65345, "delta": 0.459001}}
{"target": -2.1033580257948734, "params": {"C": 865.0598974153684, "epsilon": 0.4403942038154177, "gamma": 0.03462350121356341, "lamda": 0.1944426266171042}, "datetime": {"datetime": "2021-09-23 15:28:14", "elapsed": 4.015453, "delta": 0.362003}}
{"target": -2.0029295933326816, "params": {"C": 852.8594627766939, "epsilon": 0.34463737821210894, "gamma": 0.040387883902764696, "lamda": 0.09457316424777312}, "datetime": {"datetime": "2021-09-23 15:28:15", "elapsed": 4.38345, "delta": 0.367997}}
{"target": -1.9302783835970574, "params": {"C": 708.1927974211915, "epsilon": 0.20440559656503746, "gamma": 0.036512935346206, "lamda": 0.049841363668486134}, "datetime": {"datetime": "2021-09-23 15:28:15", "elapsed": 4.801619, "delta": 0.418169}}
{"target": -1.994292253428763, "params": {"C": 851.0043832350533, "epsilon": 0.36113267586012987, "gamma": 0.0388396330501528, "lamda": 0.07789432777741177}, "datetime": {"datetime": "2021-09-23 15:28:15", "elapsed": 5.151668, "delta": 0.350049}}
