{"target": 0.9268101126047766, "params": {"C": 477.28451992001686, "epsilon": 0.04787625979191528, "gamma": 0.039678744820213926, "lamda": 0.18845514084385284}, "datetime": {"datetime": "2021-09-23 21:00:51", "elapsed": 79.963815, "delta": 0.809463}}
{"target": 0.9221053803705255, "params": {"C": 477.27066625602754, "epsilon": 0.16849597933540125, "gamma": 0.04130361046971893, "lamda": 0.18468575222853523}, "datetime": {"datetime": "2021-09-23 21:00:52", "elapsed": 80.731391, "delta": 0.767576}}
{"target": 0.9180655903675236, "params": {"C": 477.3774645337462, "epsilon": 0.10681105778682828, "gamma": 0.06023409777139542, "lamda": 0.29750078916384515}, "datetime": {"datetime": "2021-09-23 21:00:53", "elapsed": 81.513355, "delta": 0.781964}}
{"target": 0.9235885235320569, "params": {"C": 464.48031840360954, "epsilon": 0.49939776326482055, "gamma": 0.055186915130200076, "lamda": 0.03505618351735612}, "datetime": {"datetime": "2021-09-23 21:00:53", "elapsed": 82.281016, "delta": 0.767661}}
{"target": 0.902479873017146, "params": {"C": 463.7296930190151, "epsilon": 0.47676852350328264, "gamma": 0.08, "lamda": 0.005}, "datetime": {"datetime": "2021-09-23 21:00:54", "elapsed": 83.265011, "delta": 0.983995}}
{"target": 0.9263983848985907, "params": {"C": 464.5993143221075, "epsilon": 0.4412199292764023, "gamma": 0.045644691340305535, "lamda": 0.028628766852589874}, "datetime": {"datetime": "2021-09-23 21:00:55", "elapsed": 84.072055, "delta": 0.807044}}
{"target": 0.9119532819053079, "params": {"C": 464.69607251269827, "epsilon": 0.4240871735183084, "gamma": 0.07964180642395635, "lamda": 0.06498277488983341}, "datetime": {"datetime": "2021-09-23 21:00:56", "elapsed": 84.915272, "delta": 0.843217}}
{"target": 0.9158120925917193, "params": {"C": 464.4629796272469, "epsilon": 0.4351230545168234, "gamma": 0.0561371962359479, "lamda": 0.13853010934744764}, "datetime": {"datetime": "2021-09-23 21:00:57", "elapsed": 85.695932, "delta": 0.78066}}
{"target": 0.9219668214012148, "params": {"C": 427.6455704561621, "epsilon": 0.8262884208591298, "gamma": 0.05647793348967617, "lamda": 0.02760395840652979}, "datetime": {"datetime": "2021-09-23 21:00:57", "elapsed": 86.412026, "delta": 0.716094}}
{"target": 0.9161230536537428, "params": {"C": 444.66585820888014, "epsilon": 0.996814221971482, "gamma": 0.06337043785991794, "lamda": 0.04525387800609041}, "datetime": {"datetime": "2021-09-23 21:00:58", "elapsed": 87.176987, "delta": 0.764961}}
{"target": 0.9180793305779064, "params": {"C": 477.3337285203497, "epsilon": 0.04687680360283618, "gamma": 0.0657131652821848, "lamda": 0.12494955147302393}, "datetime": {"datetime": "2021-09-23 21:00:59", "elapsed": 88.150076, "delta": 0.973089}}
{"target": 0.9203505669406091, "params": {"C": 439.17010483732884, "epsilon": 0.07218833489187723, "gamma": 0.03369270573882863, "lamda": 0.35121193057632916}, "datetime": {"datetime": "2021-09-23 21:01:00", "elapsed": 89.165074, "delta": 1.014998}}
{"target": 0.9129992672800603, "params": {"C": 464.57053423331246, "epsilon": 0.5068001087108852, "gamma": 0.06884697838876497, "lamda": 0.006899946150551671}, "datetime": {"datetime": "2021-09-23 21:01:01", "elapsed": 90.127829, "delta": 0.962755}}
{"target": 0.922224989211905, "params": {"C": 439.92164045113117, "epsilon": 0.1524015921650202, "gamma": 0.05874964798097771, "lamda": 0.03714381975914368}, "datetime": {"datetime": "2021-09-23 21:01:02", "elapsed": 91.097829, "delta": 0.97}}
{"target": 0.9271590256822916, "params": {"C": 464.23056489763326, "epsilon": 0.38317243345222873, "gamma": 0.044440240319411434, "lamda": 0.016856160045853694}, "datetime": {"datetime": "2021-09-23 21:01:03", "elapsed": 91.968294, "delta": 0.870465}}
{"target": 0.9233857025220433, "params": {"C": 440.24950603475463, "epsilon": 0.10247550866521203, "gamma": 0.05144122904243144, "lamda": 0.1951444345149136}, "datetime": {"datetime": "2021-09-23 21:01:04", "elapsed": 92.667246, "delta": 0.698952}}
{"target": 0.9169670476268901, "params": {"C": 464.47957788086603, "epsilon": 0.22465822368758645, "gamma": 0.07067638610910151, "lamda": 0.0801496090612618}, "datetime": {"datetime": "2021-09-23 21:01:05", "elapsed": 93.635244, "delta": 0.967998}}
{"target": 0.9183179331856798, "params": {"C": 464.235037144323, "epsilon": 0.2790570777431345, "gamma": 0.03008238467809346, "lamda": 0.006087525409347996}, "datetime": {"datetime": "2021-09-23 21:01:06", "elapsed": 94.633195, "delta": 0.997951}}
{"target": 0.9220265513253625, "params": {"C": 464.35793282268423, "epsilon": 0.5290444250145462, "gamma": 0.03507642624311251, "lamda": 0.04830506508445183}, "datetime": {"datetime": "2021-09-23 21:01:07", "elapsed": 95.613649, "delta": 0.980454}}
{"target": 0.9246932850942488, "params": {"C": 477.25408708276314, "epsilon": 0.05596126706264208, "gamma": 0.04526260039751182, "lamda": 0.29081527866136225}, "datetime": {"datetime": "2021-09-23 21:01:08", "elapsed": 96.495982, "delta": 0.882333}}
{"target": 0.9237074340284126, "params": {"C": 440.3017161881711, "epsilon": 0.1116843047972517, "gamma": 0.03851992437394784, "lamda": 0.1742230714125207}, "datetime": {"datetime": "2021-09-23 21:01:09", "elapsed": 97.467946, "delta": 0.971964}}
{"target": 0.9110231900575555, "params": {"C": 480.92853272994466, "epsilon": 0.24953022686291432, "gamma": 0.048117674765189494, "lamda": 0.3960158744351937}, "datetime": {"datetime": "2021-09-23 21:01:09", "elapsed": 98.171757, "delta": 0.703811}}
{"target": 0.9172776925825294, "params": {"C": 411.1174363678874, "epsilon": 0.15940624080733246, "gamma": 0.062360468969563015, "lamda": 0.23286514784161277}, "datetime": {"datetime": "2021-09-23 21:01:10", "elapsed": 98.888721, "delta": 0.716964}}
{"target": 0.9248956871860385, "params": {"C": 427.3766621241924, "epsilon": 0.8521469727564794, "gamma": 0.037794306208286055, "lamda": 0.006870791386152809}, "datetime": {"datetime": "2021-09-23 21:01:11", "elapsed": 99.944756, "delta": 1.056035}}
{"target": 0.9092820204123665, "params": {"C": 427.40507032963905, "epsilon": 0.864746644533482, "gamma": 0.0466748698305057, "lamda": 0.1378531478243705}, "datetime": {"datetime": "2021-09-23 21:01:12", "elapsed": 100.867236, "delta": 0.92248}}
{"target": 0.9031101034762367, "params": {"C": 424.8635369498863, "epsilon": 0.6836189943343498, "gamma": 0.07070128676828091, "lamda": 0.1940372636907784}, "datetime": {"datetime": "2021-09-23 21:01:13", "elapsed": 101.565275, "delta": 0.698039}}
{"target": 0.9099095104983023, "params": {"C": 459.53603075852675, "epsilon": 0.5427503498020761, "gamma": 0.05812482116145652, "lamda": 0.18836897623401153}, "datetime": {"datetime": "2021-09-23 21:01:13", "elapsed": 102.268246, "delta": 0.702971}}
{"target": 0.9186283453529844, "params": {"C": 440.06203988768823, "epsilon": 0.6061182150833246, "gamma": 0.06477862961723435, "lamda": 0.010262711062756499}, "datetime": {"datetime": "2021-09-23 21:01:14", "elapsed": 103.413241, "delta": 1.144995}}
{"target": 0.921739389840761, "params": {"C": 439.93213268794875, "epsilon": 0.19339083022840547, "gamma": 0.04795469891239988, "lamda": 0.16407205936277633}, "datetime": {"datetime": "2021-09-23 21:01:15", "elapsed": 104.264289, "delta": 0.851048}}
{"target": 0.9259891191088017, "params": {"C": 464.16449151541474, "epsilon": 0.06783498268090071, "gamma": 0.04674736458120346, "lamda": 0.07317200104795132}, "datetime": {"datetime": "2021-09-23 21:01:16", "elapsed": 105.276159, "delta": 1.01187}}
{"target": 0.916685461700576, "params": {"C": 467.179029790354, "epsilon": 0.14742843030751573, "gamma": 0.05756179797920237, "lamda": 0.31917777721201535}, "datetime": {"datetime": "2021-09-23 21:01:17", "elapsed": 106.072276, "delta": 0.796117}}
{"target": 0.9062689569536506, "params": {"C": 464.3023678253583, "epsilon": 0.3534686489907155, "gamma": 0.07869341722220055, "lamda": 0.01243831803567643}, "datetime": {"datetime": "2021-09-23 21:01:18", "elapsed": 107.094496, "delta": 1.02222}}
{"target": 0.9119114053799982, "params": {"C": 464.6031549961549, "epsilon": 0.3499308943455548, "gamma": 0.07821582382974962, "lamda": 0.033487752662544085}, "datetime": {"datetime": "2021-09-23 21:01:19", "elapsed": 108.200256, "delta": 1.10576}}
{"target": 0.9201496446846928, "params": {"C": 466.83006466297877, "epsilon": 0.158477294067946, "gamma": 0.06313325207027114, "lamda": 0.04387637167464758}, "datetime": {"datetime": "2021-09-23 21:01:20", "elapsed": 109.042261, "delta": 0.842005}}
{"target": 0.9198941285650775, "params": {"C": 464.18772265416806, "epsilon": 0.39623635643025756, "gamma": 0.03321385468721166, "lamda": 0.08655487592711303}, "datetime": {"datetime": "2021-09-23 21:01:21", "elapsed": 109.946855, "delta": 0.904594}}
{"target": 0.9175370466170752, "params": {"C": 464.0178450065409, "epsilon": 0.3509985002947519, "gamma": 0.06960750246734282, "lamda": 0.038394072026994984}, "datetime": {"datetime": "2021-09-23 21:01:22", "elapsed": 110.932441, "delta": 0.985586}}
{"target": 0.9235908413705483, "params": {"C": 459.5655427641274, "epsilon": 0.5431340454736073, "gamma": 0.05587280923267333, "lamda": 0.027263474258876434}, "datetime": {"datetime": "2021-09-23 21:01:23", "elapsed": 111.755443, "delta": 0.823002}}
{"target": 0.9075326188707076, "params": {"C": 477.22573809777873, "epsilon": 0.03, "gamma": 0.08, "lamda": 0.2192696508965287}, "datetime": {"datetime": "2021-09-23 21:01:24", "elapsed": 112.834457, "delta": 1.079014}}
{"target": 0.9082102004672599, "params": {"C": 499.9697940543525, "epsilon": 0.9413578200147077, "gamma": 0.06474656181167926, "lamda": 0.11042120039730813}, "datetime": {"datetime": "2021-09-23 21:01:25", "elapsed": 113.689416, "delta": 0.854959}}
{"target": 0.8999452470093087, "params": {"C": 438.90521622122094, "epsilon": 0.9706437187470232, "gamma": 0.060622968747184605, "lamda": 0.1995057915327862}, "datetime": {"datetime": "2021-09-23 21:01:26", "elapsed": 114.549193, "delta": 0.859777}}
{"target": 0.9174348345710691, "params": {"C": 435.5445355269599, "epsilon": 0.17998400187653382, "gamma": 0.06686578385998007, "lamda": 0.15153267214427538}, "datetime": {"datetime": "2021-09-23 21:01:26", "elapsed": 115.263423, "delta": 0.71423}}
{"target": 0.9273509122487249, "params": {"C": 464.28678720506434, "epsilon": 0.1865586268393107, "gamma": 0.043946588952108054, "lamda": 0.046341806566497966}, "datetime": {"datetime": "2021-09-23 21:01:27", "elapsed": 116.173283, "delta": 0.90986}}
{"target": 0.9265027198875968, "params": {"C": 440.3400734505174, "epsilon": 0.20309043358232462, "gamma": 0.03820134550682984, "lamda": 0.03153037765261167}, "datetime": {"datetime": "2021-09-23 21:01:28", "elapsed": 117.116996, "delta": 0.943713}}
{"target": 0.9239627200335871, "params": {"C": 464.51249266762505, "epsilon": 0.42051843018569574, "gamma": 0.03, "lamda": 0.018929001005315187}, "datetime": {"datetime": "2021-09-23 21:01:29", "elapsed": 118.243566, "delta": 1.12657}}
{"target": 0.9044510131665827, "params": {"C": 446.232369041336, "epsilon": 0.8784011947375866, "gamma": 0.05155388155852868, "lamda": 0.18486653402469183}, "datetime": {"datetime": "2021-09-23 21:01:30", "elapsed": 119.034569, "delta": 0.791003}}
{"target": 0.91735408009614, "params": {"C": 440.4094926160813, "epsilon": 0.18679829818827126, "gamma": 0.06699681178706163, "lamda": 0.030609718637736667}, "datetime": {"datetime": "2021-09-23 21:01:31", "elapsed": 119.898572, "delta": 0.864003}}
{"target": 0.9009852979544605, "params": {"C": 485.50739083113234, "epsilon": 0.4492766887690173, "gamma": 0.03548348260465939, "lamda": 0.3728047376241529}, "datetime": {"datetime": "2021-09-23 21:01:32", "elapsed": 120.631828, "delta": 0.733256}}
{"target": 0.9218173992916802, "params": {"C": 464.3949148845895, "epsilon": 0.464441240876835, "gamma": 0.05325416559196894, "lamda": 0.062195856954366247}, "datetime": {"datetime": "2021-09-23 21:01:33", "elapsed": 121.858825, "delta": 1.226997}}
{"target": 0.9271879385372113, "params": {"C": 464.18366600347645, "epsilon": 0.12201604403707188, "gamma": 0.0431631248514808, "lamda": 0.07488350838738957}, "datetime": {"datetime": "2021-09-23 21:01:34", "elapsed": 122.80052, "delta": 0.941695}}
{"target": 0.9138444702731356, "params": {"C": 462.7425441307264, "epsilon": 0.3693580054067216, "gamma": 0.04362056568069864, "lamda": 0.21906751923109594}, "datetime": {"datetime": "2021-09-23 21:01:35", "elapsed": 123.602488, "delta": 0.801968}}
{"target": 0.9205107982347134, "params": {"C": 464.2113241292751, "epsilon": 0.24995623451400512, "gamma": 0.05135854649485, "lamda": 0.14315683097273874}, "datetime": {"datetime": "2021-09-23 21:01:36", "elapsed": 124.646842, "delta": 1.044354}}
{"target": 0.9188436802402883, "params": {"C": 438.89004565147013, "epsilon": 0.3401515195022249, "gamma": 0.05791190197171274, "lamda": 0.11342831942390012}, "datetime": {"datetime": "2021-09-23 21:01:37", "elapsed": 125.601653, "delta": 0.954811}}
{"target": 0.9200603713671224, "params": {"C": 477.2677719468114, "epsilon": 0.08987718059202666, "gamma": 0.035664588759789985, "lamda": 0.3641825490332877}, "datetime": {"datetime": "2021-09-23 21:01:38", "elapsed": 126.621074, "delta": 1.019421}}
{"target": 0.9246628043498041, "params": {"C": 440.0954797247659, "epsilon": 0.4244674914273838, "gamma": 0.03183130647425348, "lamda": 0.017805758997224818}, "datetime": {"datetime": "2021-09-23 21:01:39", "elapsed": 127.717077, "delta": 1.096003}}
{"target": 0.9245941480590402, "params": {"C": 464.38155637298235, "epsilon": 0.07412532274868977, "gamma": 0.03483405992451126, "lamda": 0.16288735115558367}, "datetime": {"datetime": "2021-09-23 21:01:40", "elapsed": 129.079773, "delta": 1.362696}}
{"target": 0.9106576518930829, "params": {"C": 477.19501712241464, "epsilon": 0.17929808309352546, "gamma": 0.07397621904686394, "lamda": 0.2836312840123723}, "datetime": {"datetime": "2021-09-23 21:01:41", "elapsed": 130.12752, "delta": 1.047747}}
{"target": 0.9210350421996047, "params": {"C": 464.16245656675096, "epsilon": 0.14308324711054746, "gamma": 0.06098152418728961, "lamda": 0.1378686877279405}, "datetime": {"datetime": "2021-09-23 21:01:43", "elapsed": 131.821055, "delta": 1.693535}}
{"target": 0.9141647781016735, "params": {"C": 464.5765950764929, "epsilon": 0.18578780875497816, "gamma": 0.05358391813239087, "lamda": 0.3720207960176665}, "datetime": {"datetime": "2021-09-23 21:01:44", "elapsed": 132.650748, "delta": 0.829693}}
{"target": 0.9133939038844462, "params": {"C": 464.3327088885045, "epsilon": 0.10961876862650566, "gamma": 0.07691780926649117, "lamda": 0.13126005182633196}, "datetime": {"datetime": "2021-09-23 21:01:45", "elapsed": 133.776751, "delta": 1.126003}}
{"target": 0.9175716152668739, "params": {"C": 464.17198665460825, "epsilon": 0.40934465721702384, "gamma": 0.06506886409331353, "lamda": 0.01271337627702386}, "datetime": {"datetime": "2021-09-23 21:01:46", "elapsed": 135.062357, "delta": 1.285606}}
{"target": 0.9166086931149384, "params": {"C": 400.3375405176279, "epsilon": 0.13815203910770157, "gamma": 0.06872597900291255, "lamda": 0.18624754536785576}, "datetime": {"datetime": "2021-09-23 21:01:47", "elapsed": 136.023082, "delta": 0.960725}}
{"target": 0.9230979159910477, "params": {"C": 440.3455150456822, "epsilon": 0.2165911417662029, "gamma": 0.05267834044294216, "lamda": 0.018996238576028935}, "datetime": {"datetime": "2021-09-23 21:01:48", "elapsed": 136.992455, "delta": 0.969373}}
{"target": 0.9218305220021238, "params": {"C": 459.6560758153791, "epsilon": 0.5443468570189858, "gamma": 0.048990196925752086, "lamda": 0.005}, "datetime": {"datetime": "2021-09-23 21:01:50", "elapsed": 138.843117, "delta": 1.850662}}
{"target": 0.9027288023332493, "params": {"C": 407.3029396698231, "epsilon": 0.9168420432300616, "gamma": 0.07531814664678613, "lamda": 0.1330479437898772}, "datetime": {"datetime": "2021-09-23 21:01:51", "elapsed": 139.69111, "delta": 0.847993}}
{"target": 0.909481735013044, "params": {"C": 449.3849610651819, "epsilon": 0.8019920863470515, "gamma": 0.03113380285369337, "lamda": 0.10485822231351649}, "datetime": {"datetime": "2021-09-23 21:01:52", "elapsed": 140.577512, "delta": 0.886402}}
{"target": 0.9256064203237768, "params": {"C": 477.25455779821317, "epsilon": 0.09420047046021678, "gamma": 0.04089676759845585, "lamda": 0.15417427265374764}, "datetime": {"datetime": "2021-09-23 21:01:53", "elapsed": 141.714505, "delta": 1.136993}}
{"target": 0.9249721220609975, "params": {"C": 464.4873210879135, "epsilon": 0.06746957473102781, "gamma": 0.0479184776760368, "lamda": 0.21900876752154524}, "datetime": {"datetime": "2021-09-23 21:01:55", "elapsed": 143.648047, "delta": 1.933542}}
{"target": 0.90838152993859, "params": {"C": 478.22359124654827, "epsilon": 0.8825338918417113, "gamma": 0.05793852805525912, "lamda": 0.13262725370134865}, "datetime": {"datetime": "2021-09-23 21:01:56", "elapsed": 144.566157, "delta": 0.91811}}
{"target": 0.9207626088895282, "params": {"C": 461.3532953891529, "epsilon": 0.5555438076395907, "gamma": 0.057529030802720066, "lamda": 0.05163641542970939}, "datetime": {"datetime": "2021-09-23 21:01:57", "elapsed": 145.708441, "delta": 1.142284}}
{"target": 0.9128363842870774, "params": {"C": 464.55947911395856, "epsilon": 0.08460684068225599, "gamma": 0.07570632687826437, "lamda": 0.11634260729683576}, "datetime": {"datetime": "2021-09-23 21:01:58", "elapsed": 147.143379, "delta": 1.434938}}
{"target": 0.9143677740179075, "params": {"C": 427.8507137238385, "epsilon": 0.9659241571484438, "gamma": 0.0559083538182782, "lamda": 0.07255656882024929}, "datetime": {"datetime": "2021-09-23 21:01:59", "elapsed": 148.236119, "delta": 1.09274}}
{"target": 0.8957388242334281, "params": {"C": 414.40249503250453, "epsilon": 0.60767133708906, "gamma": 0.06901448931010415, "lamda": 0.33809265187561444}, "datetime": {"datetime": "2021-09-23 21:02:01", "elapsed": 149.490415, "delta": 1.254296}}
{"target": 0.9242271273047545, "params": {"C": 440.58243466564784, "epsilon": 0.05247994454250506, "gamma": 0.035995326436214524, "lamda": 0.24220960352232568}, "datetime": {"datetime": "2021-09-23 21:02:02", "elapsed": 150.914345, "delta": 1.42393}}
{"target": 0.9237793681749619, "params": {"C": 439.93015994138585, "epsilon": 0.4189629738434374, "gamma": 0.03839026052930387, "lamda": 0.009282053640802802}, "datetime": {"datetime": "2021-09-23 21:02:04", "elapsed": 152.646552, "delta": 1.732207}}
{"target": 0.9151908338483816, "params": {"C": 440.1692576608943, "epsilon": 0.5471733590019906, "gamma": 0.07273101618581437, "lamda": 0.02034410853105691}, "datetime": {"datetime": "2021-09-23 21:02:05", "elapsed": 154.109549, "delta": 1.462997}}
{"target": 0.9226030516984904, "params": {"C": 459.5889418183838, "epsilon": 0.6373333800541187, "gamma": 0.05008699622826967, "lamda": 0.005}, "datetime": {"datetime": "2021-09-23 21:02:07", "elapsed": 155.834288, "delta": 1.724739}}
{"target": 0.9069912582785282, "params": {"C": 425.8514185906203, "epsilon": 0.10779638748941558, "gamma": 0.07931953721485266, "lamda": 0.04115151844660321}, "datetime": {"datetime": "2021-09-23 21:02:08", "elapsed": 156.799407, "delta": 0.965119}}
{"target": 0.9231461920041326, "params": {"C": 464.3679891491839, "epsilon": 0.05669007822717172, "gamma": 0.04436678581483393, "lamda": 0.3734502523454635}, "datetime": {"datetime": "2021-09-23 21:02:09", "elapsed": 158.446191, "delta": 1.646784}}
{"target": 0.9055143377667288, "params": {"C": 409.4686482975525, "epsilon": 0.3899045713864021, "gamma": 0.051660117195698255, "lamda": 0.3744844983115863}, "datetime": {"datetime": "2021-09-23 21:02:11", "elapsed": 159.778192, "delta": 1.332001}}
{"target": 0.9190530454195206, "params": {"C": 464.4564622461122, "epsilon": 0.11425485189584245, "gamma": 0.05637097520726003, "lamda": 0.287218309621817}, "datetime": {"datetime": "2021-09-23 21:02:12", "elapsed": 161.27532, "delta": 1.497128}}
{"target": 0.9191476460160147, "params": {"C": 412.80087486615673, "epsilon": 0.1689221104619052, "gamma": 0.03583932028596941, "lamda": 0.23498201888252992}, "datetime": {"datetime": "2021-09-23 21:02:14", "elapsed": 162.457426, "delta": 1.182106}}
{"target": 0.9232720863374971, "params": {"C": 427.2965302811353, "epsilon": 0.829707748726229, "gamma": 0.03932218343871035, "lamda": 0.026024248146493078}, "datetime": {"datetime": "2021-09-23 21:02:15", "elapsed": 163.846424, "delta": 1.388998}}
{"target": 0.9187601268155746, "params": {"C": 440.2619834872763, "epsilon": 0.15770143412116128, "gamma": 0.03623878443535255, "lamda": 0.2771939837468293}, "datetime": {"datetime": "2021-09-23 21:02:16", "elapsed": 165.201467, "delta": 1.355043}}
{"target": 0.9128074876109996, "params": {"C": 439.93306342062266, "epsilon": 0.2742446309347692, "gamma": 0.07732972472476826, "lamda": 0.10703353363453175}, "datetime": {"datetime": "2021-09-23 21:02:18", "elapsed": 167.060638, "delta": 1.859171}}
{"target": 0.9194271558835536, "params": {"C": 464.27543650700693, "epsilon": 0.06814299850191866, "gamma": 0.031226043987346845, "lamda": 0.36349623515347784}, "datetime": {"datetime": "2021-09-23 21:02:20", "elapsed": 168.855717, "delta": 1.795079}}
{"target": 0.9221179937250761, "params": {"C": 439.78782180201415, "epsilon": 0.13125735154193957, "gamma": 0.05638269726355605, "lamda": 0.16306861180380616}, "datetime": {"datetime": "2021-09-23 21:02:22", "elapsed": 170.688037, "delta": 1.83232}}
{"target": 0.9097367253727732, "params": {"C": 467.91067341708776, "epsilon": 0.23719352630289625, "gamma": 0.06393438837511904, "lamda": 0.35296693531594364}, "datetime": {"datetime": "2021-09-23 21:02:23", "elapsed": 171.734072, "delta": 1.046035}}
{"target": 0.9112117854534858, "params": {"C": 465.00995524371865, "epsilon": 0.4532827704472492, "gamma": 0.04064219032526432, "lamda": 0.21669372627099223}, "datetime": {"datetime": "2021-09-23 21:02:24", "elapsed": 172.768845, "delta": 1.034773}}
