{"target": 0.9175862372571801, "params": {"C": 651.6111466404424, "epsilon": 0.19794112827028104, "gamma": 0.06408562579454521, "lamda": 0.12367722020846356}, "datetime": {"datetime": "2021-09-23 11:13:02", "elapsed": 567.573998, "delta": 2.80226}}
{"target": 0.9180793240805488, "params": {"C": 660.9761601989555, "epsilon": 0.20659667076800214, "gamma": 0.0628360070858769, "lamda": 0.06958428120926297}, "datetime": {"datetime": "2021-09-23 11:13:05", "elapsed": 570.434097, "delta": 2.860099}}
{"target": 0.9170421989668215, "params": {"C": 605.0707290414316, "epsilon": 0.11441180124623243, "gamma": 0.07403051191460945, "lamda": 0.11765213415196028}, "datetime": {"datetime": "2021-09-23 11:13:07", "elapsed": 572.566553, "delta": 2.132456}}
{"target": 0.9176641300718211, "params": {"C": 644.8734001405028, "epsilon": 0.1523061405033812, "gamma": 0.06829661555311692, "lamda": 0.1622817145914981}, "datetime": {"datetime": "2021-09-23 11:13:09", "elapsed": 574.192242, "delta": 1.625689}}
{"target": 0.9170519842426671, "params": {"C": 731.7864443991014, "epsilon": 0.16242769358014397, "gamma": 0.06, "lamda": 0.06516841830509575}, "datetime": {"datetime": "2021-09-23 11:13:13", "elapsed": 578.415997, "delta": 4.223755}}
{"target": 0.915133073597284, "params": {"C": 649.8270733751951, "epsilon": 0.3328611346363272, "gamma": 0.08749341067715243, "lamda": 0.07751753248401305}, "datetime": {"datetime": "2021-09-23 11:13:16", "elapsed": 581.696891, "delta": 3.280894}}
{"target": 0.9159681983759964, "params": {"C": 773.3757583278593, "epsilon": 0.30959953245127864, "gamma": 0.07686415409342338, "lamda": 0.045}, "datetime": {"datetime": "2021-09-23 11:13:19", "elapsed": 584.998169, "delta": 3.301278}}
{"target": 0.9182007339197177, "params": {"C": 660.8998711596439, "epsilon": 0.16946109687718966, "gamma": 0.06173398557509292, "lamda": 0.09181163062087587}, "datetime": {"datetime": "2021-09-23 11:13:22", "elapsed": 587.90963, "delta": 2.911461}}
{"target": 0.9178968758516443, "params": {"C": 651.6326536131407, "epsilon": 0.22484302976206647, "gamma": 0.07024358493925495, "lamda": 0.06772570454960201}, "datetime": {"datetime": "2021-09-23 11:13:26", "elapsed": 591.530183, "delta": 3.620553}}
{"target": 0.9142672809975303, "params": {"C": 651.6157484373035, "epsilon": 0.23774428761547184, "gamma": 0.0886342838591524, "lamda": 0.14511495218898263}, "datetime": {"datetime": "2021-09-23 11:13:30", "elapsed": 595.35074, "delta": 3.820557}}
{"target": 0.917695827819478, "params": {"C": 712.5484867683369, "epsilon": 0.14508213701031702, "gamma": 0.07287502366427369, "lamda": 0.1558996905915057}, "datetime": {"datetime": "2021-09-23 11:13:32", "elapsed": 597.615433, "delta": 2.264693}}
{"target": 0.9175537885785925, "params": {"C": 644.8495462811433, "epsilon": 0.22460060021816153, "gamma": 0.06329670792223754, "lamda": 0.05593133975923775}, "datetime": {"datetime": "2021-09-23 11:13:35", "elapsed": 600.755164, "delta": 3.139731}}
{"target": 0.9175466310985423, "params": {"C": 637.7579764278739, "epsilon": 0.25950921447255315, "gamma": 0.06873072613461541, "lamda": 0.09812045979480419}, "datetime": {"datetime": "2021-09-23 11:13:38", "elapsed": 603.64097, "delta": 2.885806}}
{"target": 0.9135436159712045, "params": {"C": 608.9031095135945, "epsilon": 0.289328138078663, "gamma": 0.08254882186935811, "lamda": 0.15833963566901488}, "datetime": {"datetime": "2021-09-23 11:13:41", "elapsed": 606.197212, "delta": 2.556242}}
{"target": 0.915386115689572, "params": {"C": 736.5884461994731, "epsilon": 0.12034331064172536, "gamma": 0.08555868859206057, "lamda": 0.16336095209884605}, "datetime": {"datetime": "2021-09-23 11:13:45", "elapsed": 610.198207, "delta": 4.000995}}
{"target": 0.9180481789649442, "params": {"C": 762.7090151890335, "epsilon": 0.2839061034967386, "gamma": 0.06817347099357375, "lamda": 0.07425871566124834}, "datetime": {"datetime": "2021-09-23 11:13:47", "elapsed": 612.909756, "delta": 2.711549}}
{"target": 0.9153241945098771, "params": {"C": 660.9394558424317, "epsilon": 0.18297414025785724, "gamma": 0.07731598943564376, "lamda": 0.06180464579482793}, "datetime": {"datetime": "2021-09-23 11:13:50", "elapsed": 615.793758, "delta": 2.884002}}
{"target": 0.9171586579255396, "params": {"C": 644.6749482332314, "epsilon": 0.21939422823503052, "gamma": 0.06469356469270048, "lamda": 0.1222712020905212}, "datetime": {"datetime": "2021-09-23 11:13:53", "elapsed": 618.391813, "delta": 2.598055}}
{"target": 0.915277781814664, "params": {"C": 731.7876574458919, "epsilon": 0.2285061021300557, "gamma": 0.08217147695305857, "lamda": 0.06720631403693038}, "datetime": {"datetime": "2021-09-23 11:13:57", "elapsed": 622.776865, "delta": 4.385052}}
{"target": 0.9176332453152979, "params": {"C": 735.9035961232871, "epsilon": 0.14737769724055308, "gamma": 0.07476158269611718, "lamda": 0.13364929177178514}, "datetime": {"datetime": "2021-09-23 11:13:59", "elapsed": 625.109866, "delta": 2.333001}}
{"target": 0.9177250662975823, "params": {"C": 660.9501250116809, "epsilon": 0.2249618991794014, "gamma": 0.07086424223267547, "lamda": 0.10534089683718192}, "datetime": {"datetime": "2021-09-23 11:14:03", "elapsed": 628.270392, "delta": 3.160526}}
{"target": 0.914292428652583, "params": {"C": 612.1579603567413, "epsilon": 0.31621650196159323, "gamma": 0.08681467746333912, "lamda": 0.11626135182584602}, "datetime": {"datetime": "2021-09-23 11:14:05", "elapsed": 630.970397, "delta": 2.700005}}
{"target": 0.9170199493038353, "params": {"C": 731.7591179218757, "epsilon": 0.18923779782390426, "gamma": 0.07859582781645984, "lamda": 0.11734781482972427}, "datetime": {"datetime": "2021-09-23 11:14:10", "elapsed": 635.560913, "delta": 4.590516}}
{"target": 0.9162098883507847, "params": {"C": 759.1187268408328, "epsilon": 0.189014233429959, "gamma": 0.07675591037866232, "lamda": 0.16644405684379138}, "datetime": {"datetime": "2021-09-23 11:14:12", "elapsed": 637.896846, "delta": 2.335933}}
{"target": 0.9180357564003446, "params": {"C": 660.8947328898506, "epsilon": 0.14804038433019978, "gamma": 0.060279545736504146, "lamda": 0.13659068246467093}, "datetime": {"datetime": "2021-09-23 11:14:16", "elapsed": 641.564931, "delta": 3.668085}}
{"target": 0.9146882728084471, "params": {"C": 745.2121922079858, "epsilon": 0.30099388912095154, "gamma": 0.08355125907402211, "lamda": 0.1238258764627261}, "datetime": {"datetime": "2021-09-23 11:14:18", "elapsed": 644.058997, "delta": 2.494066}}
{"target": 0.9179348688538759, "params": {"C": 660.8854305378482, "epsilon": 0.21862739409662033, "gamma": 0.06, "lamda": 0.09298799738531438}, "datetime": {"datetime": "2021-09-23 11:14:22", "elapsed": 647.717441, "delta": 3.658444}}
{"target": 0.9183083112290923, "params": {"C": 672.2261335740945, "epsilon": 0.1398208811842172, "gamma": 0.06110390466751925, "lamda": 0.13446662543318602}, "datetime": {"datetime": "2021-09-23 11:14:25", "elapsed": 650.30678, "delta": 2.589339}}
{"target": 0.9085585191485965, "params": {"C": 702.5128329113961, "epsilon": 0.07178580958796639, "gamma": 0.08844951828955466, "lamda": 0.11550979932187176}, "datetime": {"datetime": "2021-09-23 11:14:28", "elapsed": 653.399309, "delta": 3.092529}}
{"target": 0.9173512491554722, "params": {"C": 672.2453236088322, "epsilon": 0.17712788501869978, "gamma": 0.07660426724485689, "lamda": 0.12043718362366125}, "datetime": {"datetime": "2021-09-23 11:14:32", "elapsed": 657.890308, "delta": 4.490999}}
{"target": 0.9103098764326765, "params": {"C": 750.8339383023504, "epsilon": 0.07560302632703841, "gamma": 0.04168241174631377, "lamda": 0.1386004853173265}, "datetime": {"datetime": "2021-09-23 11:18:17", "elapsed": 0.0, "delta": 0.0}}
{"target": 0.8882137931914807, "params": {"C": 692.1790076450569, "epsilon": 0.13069509429332887, "gamma": 0.0199031432379812, "lamda": 0.14006633902486984}, "datetime": {"datetime": "2021-09-23 11:18:18", "elapsed": 0.733393, "delta": 0.733393}}
{"target": 0.9117774867682938, "params": {"C": 621.3588298609451, "epsilon": 0.09385174982698277, "gamma": 0.044267990918389864, "lamda": 0.16417416827436707}, "datetime": {"datetime": "2021-09-23 11:18:19", "elapsed": 2.625812, "delta": 1.892419}}
{"target": 0.9145961987594204, "params": {"C": 585.8488772605016, "epsilon": 0.2082919111141597, "gamma": 0.05063104808260568, "lamda": 0.12156575835367352}, "datetime": {"datetime": "2021-09-23 11:18:20", "elapsed": 3.604816, "delta": 0.979004}}
{"target": 0.9147229567024718, "params": {"C": 794.1051720436175, "epsilon": 0.07163224754181752, "gamma": 0.04940326468827212, "lamda": 0.13307709038722126}, "datetime": {"datetime": "2021-09-23 11:18:21", "elapsed": 4.314205, "delta": 0.709389}}
{"target": 0.9094974889084753, "params": {"C": 795.6815201371941, "epsilon": 0.13865077041438856, "gamma": 0.038405393627075846, "lamda": 0.10158755102379034}, "datetime": {"datetime": "2021-09-23 11:18:22", "elapsed": 5.517346, "delta": 1.203141}}
{"target": 0.8902692175510615, "params": {"C": 789.6623370889613, "epsilon": 0.08488866169395502, "gamma": 0.025303505049135706, "lamda": 0.061463778578400685}, "datetime": {"datetime": "2021-09-23 11:18:23", "elapsed": 6.660161, "delta": 1.142815}}
{"target": 0.9097794563319712, "params": {"C": 588.2738421181521, "epsilon": 0.1255709874578115, "gamma": 0.04277874227866044, "lamda": 0.10505107460305543}, "datetime": {"datetime": "2021-09-23 11:18:25", "elapsed": 7.930162, "delta": 1.270001}}
{"target": 0.9103955693221205, "params": {"C": 624.6125215058212, "epsilon": 0.2898311094118067, "gamma": 0.049934293022322, "lamda": 0.14022453256839326}, "datetime": {"datetime": "2021-09-23 11:18:26", "elapsed": 9.568117, "delta": 1.637955}}
{"target": 0.9144085476508765, "params": {"C": 617.8177154633912, "epsilon": 0.34, "gamma": 0.049748055290478925, "lamda": 0.045}, "datetime": {"datetime": "2021-09-23 11:18:27", "elapsed": 10.675205, "delta": 1.107088}}
{"target": 0.9069439797923226, "params": {"C": 614.6899099994955, "epsilon": 0.07603774406727828, "gamma": 0.039061461211429685, "lamda": 0.14997716209311923}, "datetime": {"datetime": "2021-09-23 11:18:28", "elapsed": 11.454203, "delta": 0.778998}}
{"target": 0.8704397717510538, "params": {"C": 746.7367266178283, "epsilon": 0.1006898429303012, "gamma": 0.010836737777745927, "lamda": 0.129348501730284}, "datetime": {"datetime": "2021-09-23 11:18:29", "elapsed": 12.131202, "delta": 0.676999}}
{"target": 0.8696023129777344, "params": {"C": 754.1732698543228, "epsilon": 0.1644688783503358, "gamma": 0.0113136363944793, "lamda": 0.050212920811453454}, "datetime": {"datetime": "2021-09-23 11:18:30", "elapsed": 13.021035, "delta": 0.889833}}
{"target": 0.8995748124987333, "params": {"C": 627.4496177852501, "epsilon": 0.1642672474329801, "gamma": 0.029563448994148714, "lamda": 0.120135792989949}, "datetime": {"datetime": "2021-09-23 11:18:31", "elapsed": 14.179192, "delta": 1.158157}}
{"target": 0.9135792880832136, "params": {"C": 619.5325752013567, "epsilon": 0.34, "gamma": 0.04799196658434415, "lamda": 0.045}, "datetime": {"datetime": "2021-09-23 11:18:32", "elapsed": 14.807982, "delta": 0.62879}}
{"target": 0.8824800915577496, "params": {"C": 592.4797983830939, "epsilon": 0.30359908439146155, "gamma": 0.01978510978077804, "lamda": 0.14708178041337877}, "datetime": {"datetime": "2021-09-23 11:18:33", "elapsed": 16.224984, "delta": 1.417002}}
{"target": 0.9170726270221721, "params": {"C": 610.2771307124848, "epsilon": 0.27883112325212966, "gamma": 0.05883327957174006, "lamda": 0.08576233837368816}, "datetime": {"datetime": "2021-09-23 11:18:34", "elapsed": 17.313194, "delta": 1.08821}}
{"target": 0.9171774749283275, "params": {"C": 607.6447656661753, "epsilon": 0.32298515506279646, "gamma": 0.057501744355176035, "lamda": 0.05351916231630609}, "datetime": {"datetime": "2021-09-23 11:18:35", "elapsed": 18.192163, "delta": 0.878969}}
{"target": 0.9068220615813773, "params": {"C": 604.4235367539065, "epsilon": 0.1126225453940892, "gamma": 0.03763877572463858, "lamda": 0.15679315106854788}, "datetime": {"datetime": "2021-09-23 11:18:37", "elapsed": 19.848813, "delta": 1.65665}}
{"target": 0.8980960624789799, "params": {"C": 659.3384549372233, "epsilon": 0.23365884796952677, "gamma": 0.027989795251703246, "lamda": 0.12549111584845885}, "datetime": {"datetime": "2021-09-23 11:18:38", "elapsed": 20.781713, "delta": 0.9329}}
{"target": 0.9118578433724336, "params": {"C": 719.0305725152148, "epsilon": 0.21700997819832532, "gamma": 0.04380473990021786, "lamda": 0.057275930935963476}, "datetime": {"datetime": "2021-09-23 11:18:39", "elapsed": 21.828713, "delta": 1.047}}
{"target": 0.9176700684155727, "params": {"C": 722.4138690693583, "epsilon": 0.07, "gamma": 0.0582119950360494, "lamda": 0.17}, "datetime": {"datetime": "2021-09-23 11:18:39", "elapsed": 22.711513, "delta": 0.8828}}
{"target": 0.9145677609868187, "params": {"C": 725.3094211427563, "epsilon": 0.34, "gamma": 0.0475497150733618, "lamda": 0.045}, "datetime": {"datetime": "2021-09-23 11:18:40", "elapsed": 23.631515, "delta": 0.920002}}
{"target": 0.8741664550572168, "params": {"C": 729.0321443117355, "epsilon": 0.1067840848292088, "gamma": 0.012325944297269683, "lamda": 0.10333355119882452}, "datetime": {"datetime": "2021-09-23 11:18:41", "elapsed": 24.604524, "delta": 0.973009}}
{"target": 0.8817881190845173, "params": {"C": 715.1224301787937, "epsilon": 0.1040061081525275, "gamma": 0.0193242931189617, "lamda": 0.058043972434035515}, "datetime": {"datetime": "2021-09-23 11:18:43", "elapsed": 25.811086, "delta": 1.206562}}
{"target": 0.8916006721711386, "params": {"C": 772.4929379766263, "epsilon": 0.2653294036853778, "gamma": 0.025358881684940916, "lamda": 0.15887493832667127}, "datetime": {"datetime": "2021-09-23 11:18:44", "elapsed": 26.874712, "delta": 1.063626}}
{"target": 0.8710493237451701, "params": {"C": 643.5604896215059, "epsilon": 0.3318042084949028, "gamma": 0.011803968688845853, "lamda": 0.05674522714268809}, "datetime": {"datetime": "2021-09-23 11:18:45", "elapsed": 28.251442, "delta": 1.37673}}
{"target": 0.9097655352311195, "params": {"C": 674.8360994516538, "epsilon": 0.10695347506039636, "gamma": 0.04555034351792039, "lamda": 0.06420288487365085}, "datetime": {"datetime": "2021-09-23 11:18:46", "elapsed": 29.477198, "delta": 1.225756}}
{"target": 0.896538865908167, "params": {"C": 678.6548998637816, "epsilon": 0.3153054392161636, "gamma": 0.030262286242058373, "lamda": 0.1396758769509543}, "datetime": {"datetime": "2021-09-23 11:18:48", "elapsed": 30.745723, "delta": 1.268525}}
{"target": 0.9059633257832498, "params": {"C": 671.2129446180952, "epsilon": 0.1325989034030344, "gamma": 0.03586286832599237, "lamda": 0.11569246129740977}, "datetime": {"datetime": "2021-09-23 11:18:49", "elapsed": 32.209718, "delta": 1.463995}}
{"target": 0.9172618741260005, "params": {"C": 666.4094085311237, "epsilon": 0.30369758836420324, "gamma": 0.05644736348257747, "lamda": 0.051374664311983426}, "datetime": {"datetime": "2021-09-23 11:18:50", "elapsed": 33.247455, "delta": 1.037737}}
{"target": 0.9177626094865157, "params": {"C": 663.8400777674165, "epsilon": 0.11631901743153655, "gamma": 0.057953753246855165, "lamda": 0.1289863180964651}, "datetime": {"datetime": "2021-09-23 11:18:52", "elapsed": 34.908653, "delta": 1.661198}}
{"target": 0.9137058951782382, "params": {"C": 703.3033041407248, "epsilon": 0.2981226163854295, "gamma": 0.046017416332333354, "lamda": 0.05332056403503918}, "datetime": {"datetime": "2021-09-23 11:18:53", "elapsed": 36.660967, "delta": 1.752314}}
{"target": 0.9041862949009233, "params": {"C": 706.6024572755535, "epsilon": 0.26429417930142324, "gamma": 0.03286961350968086, "lamda": 0.08286105082894325}, "datetime": {"datetime": "2021-09-23 11:18:55", "elapsed": 37.924966, "delta": 1.263999}}
{"target": 0.8869083739562797, "params": {"C": 699.9862586559572, "epsilon": 0.07431055160252532, "gamma": 0.02392946592310914, "lamda": 0.06623132866086101}, "datetime": {"datetime": "2021-09-23 11:18:56", "elapsed": 38.861878, "delta": 0.936912}}
{"target": 0.9101640469640631, "params": {"C": 780.9520697917233, "epsilon": 0.34, "gamma": 0.06, "lamda": 0.17}, "datetime": {"datetime": "2021-09-23 11:18:57", "elapsed": 40.092522, "delta": 1.230644}}
{"target": 0.8846877521156975, "params": {"C": 784.105835327013, "epsilon": 0.2333148066390187, "gamma": 0.017462854098327586, "lamda": 0.11680424406371669}, "datetime": {"datetime": "2021-09-23 11:18:58", "elapsed": 41.18236, "delta": 1.089838}}
{"target": 0.9174764265105252, "params": {"C": 778.0838610919538, "epsilon": 0.07, "gamma": 0.055228693731034874, "lamda": 0.17}, "datetime": {"datetime": "2021-09-23 11:19:00", "elapsed": 43.073303, "delta": 1.890943}}
{"target": 0.9013204735017422, "params": {"C": 764.0563080492328, "epsilon": 0.13572039794623722, "gamma": 0.03207970147599938, "lamda": 0.0699074004579264}, "datetime": {"datetime": "2021-09-23 11:19:01", "elapsed": 44.334421, "delta": 1.261118}}
{"target": 0.9165296120455637, "params": {"C": 634.475166267249, "epsilon": 0.07, "gamma": 0.06, "lamda": 0.14651447721822147}, "datetime": {"datetime": "2021-09-23 11:19:04", "elapsed": 47.364756, "delta": 3.030335}}
{"target": 0.8844142665866909, "params": {"C": 637.0563936097863, "epsilon": 0.3305232840331421, "gamma": 0.022437651360265917, "lamda": 0.16185646318706487}, "datetime": {"datetime": "2021-09-23 11:19:06", "elapsed": 49.167577, "delta": 1.802821}}
{"target": 0.9161040882578116, "params": {"C": 632.3267033964494, "epsilon": 0.07, "gamma": 0.06, "lamda": 0.13333988186116894}, "datetime": {"datetime": "2021-09-23 11:19:08", "elapsed": 50.90291, "delta": 1.735333}}
{"target": 0.9012889969705126, "params": {"C": 799.949131832798, "epsilon": 0.3191337731709213, "gamma": 0.03615775911836488, "lamda": 0.14420306719527726}, "datetime": {"datetime": "2021-09-23 11:19:09", "elapsed": 51.878909, "delta": 0.975999}}
{"target": 0.8997548812634073, "params": {"C": 600.0212030386786, "epsilon": 0.3208437513532103, "gamma": 0.035180156656282685, "lamda": 0.15548724885865023}, "datetime": {"datetime": "2021-09-23 11:19:10", "elapsed": 52.901895, "delta": 1.022986}}
{"target": 0.8866439670344602, "params": {"C": 652.391716549194, "epsilon": 0.10642500961882104, "gamma": 0.01961992307411642, "lamda": 0.12180029167295668}, "datetime": {"datetime": "2021-09-23 11:19:11", "elapsed": 53.917895, "delta": 1.016}}
{"target": 0.8731695355004516, "params": {"C": 737.8255623791233, "epsilon": 0.3181363520696856, "gamma": 0.012293936358515936, "lamda": 0.06285802784287295}, "datetime": {"datetime": "2021-09-23 11:19:12", "elapsed": 54.932295, "delta": 1.0144}}
{"target": 0.9077351650943998, "params": {"C": 685.0162194265356, "epsilon": 0.07, "gamma": 0.06, "lamda": 0.045}, "datetime": {"datetime": "2021-09-23 11:19:13", "elapsed": 55.814298, "delta": 0.882003}}
{"target": 0.9042509873640195, "params": {"C": 668.5153807451561, "epsilon": 0.32154967990134664, "gamma": 0.03854119378512507, "lamda": 0.12437285761612044}, "datetime": {"datetime": "2021-09-23 11:19:13", "elapsed": 56.411176, "delta": 0.596878}}
{"target": 0.8906902133769178, "params": {"C": 776.0086778926232, "epsilon": 0.330472416911101, "gamma": 0.026517002623405894, "lamda": 0.15570455460678906}, "datetime": {"datetime": "2021-09-23 11:19:14", "elapsed": 56.991663, "delta": 0.580487}}
{"target": 0.9114851565429821, "params": {"C": 612.1793143654609, "epsilon": 0.28691132331038, "gamma": 0.056652182648195756, "lamda": 0.16116139798101708}, "datetime": {"datetime": "2021-09-23 11:19:14", "elapsed": 57.631664, "delta": 0.640001}}
{"target": 0.9025928948388477, "params": {"C": 767.9293444631674, "epsilon": 0.1118986363748999, "gamma": 0.030844586738223087, "lamda": 0.14302009992071013}, "datetime": {"datetime": "2021-09-23 11:19:15", "elapsed": 58.338669, "delta": 0.707005}}
{"target": 0.9041953459008053, "params": {"C": 760.298802388096, "epsilon": 0.26640607385418824, "gamma": 0.03357937523862656, "lamda": 0.04792606275525792}, "datetime": {"datetime": "2021-09-23 11:19:16", "elapsed": 59.284737, "delta": 0.946068}}
{"target": 0.9028790860873984, "params": {"C": 687.7588164471737, "epsilon": 0.3338438358807158, "gamma": 0.03806246126839931, "lamda": 0.13380113811220545}, "datetime": {"datetime": "2021-09-23 11:19:17", "elapsed": 59.979735, "delta": 0.694998}}
{"target": 0.8668513929861653, "params": {"C": 720.8110360376884, "epsilon": 0.34, "gamma": 0.01, "lamda": 0.045}, "datetime": {"datetime": "2021-09-23 11:19:17", "elapsed": 60.670054, "delta": 0.690319}}
{"target": 0.9116141395806289, "params": {"C": 663.7726078185677, "epsilon": 0.16075065697117286, "gamma": 0.04571106681069932, "lamda": 0.06509164133322719}, "datetime": {"datetime": "2021-09-23 11:19:18", "elapsed": 61.325278, "delta": 0.655224}}
{"target": 0.9126747008514294, "params": {"C": 719.0374490866486, "epsilon": 0.197770907384837, "gamma": 0.04562660121392046, "lamda": 0.058416227966186465}, "datetime": {"datetime": "2021-09-23 11:19:19", "elapsed": 61.888281, "delta": 0.563003}}
{"target": 0.8870549651174419, "params": {"C": 664.2651791896759, "epsilon": 0.10498734185640582, "gamma": 0.019848198069775717, "lamda": 0.120499374156275}, "datetime": {"datetime": "2021-09-23 11:19:19", "elapsed": 62.507004, "delta": 0.618723}}
{"target": 0.9117443788144358, "params": {"C": 722.5931269446065, "epsilon": 0.30776481647783427, "gamma": 0.04976060518088376, "lamda": 0.11255198468579243}, "datetime": {"datetime": "2021-09-23 11:19:20", "elapsed": 63.111316, "delta": 0.604312}}
{"target": 0.8974539600965995, "params": {"C": 722.2102943644503, "epsilon": 0.2970703515100479, "gamma": 0.027250543865511588, "lamda": 0.049492402882849326}, "datetime": {"datetime": "2021-09-23 11:19:21", "elapsed": 63.897317, "delta": 0.786001}}
{"target": 0.9062991487368901, "params": {"C": 778.3764598786893, "epsilon": 0.09165083047235063, "gamma": 0.03757761724678567, "lamda": 0.09589395443549097}, "datetime": {"datetime": "2021-09-23 11:19:21", "elapsed": 64.6392, "delta": 0.741883}}
