{"target": 0.9163474453111098, "params": {"C": 569.5655207453779, "epsilon": 0.1867058824408605, "gamma": 0.06329008956279564, "lamda": 0.1613939043114408}, "datetime": {"datetime": "2021-09-23 10:52:37", "elapsed": 93.645227, "delta": 0.757636}}
{"target": 0.9152807286932942, "params": {"C": 428.5746960158554, "epsilon": 0.24351922355424843, "gamma": 0.0825103709146521, "lamda": 0.13919465052919008}, "datetime": {"datetime": "2021-09-23 10:52:38", "elapsed": 94.452506, "delta": 0.807279}}
{"target": 0.9158605223275069, "params": {"C": 417.6915930379319, "epsilon": 0.13873717303053962, "gamma": 0.08047423066194141, "lamda": 0.1099725533978635}, "datetime": {"datetime": "2021-09-23 10:52:39", "elapsed": 95.37307, "delta": 0.920564}}
{"target": 0.9179617093455346, "params": {"C": 521.7593426745254, "epsilon": 0.16446047573176786, "gamma": 0.06817233940841919, "lamda": 0.11274288583262529}, "datetime": {"datetime": "2021-09-23 10:52:39", "elapsed": 96.208367, "delta": 0.835297}}
{"target": 0.9143861954477183, "params": {"C": 524.4787294692608, "epsilon": 0.1535792212035011, "gamma": 0.07500367622332262, "lamda": 0.054544530841197134}, "datetime": {"datetime": "2021-09-23 10:52:41", "elapsed": 97.458585, "delta": 1.250218}}
{"target": 0.9158839879913825, "params": {"C": 471.66909586808725, "epsilon": 0.15633083532536157, "gamma": 0.07674714118302764, "lamda": 0.0793127593113608}, "datetime": {"datetime": "2021-09-23 10:52:42", "elapsed": 98.917602, "delta": 1.459017}}
{"target": 0.9154057630300547, "params": {"C": 561.952228712368, "epsilon": 0.07894391600235252, "gamma": 0.06575058371636815, "lamda": 0.09910879746417282}, "datetime": {"datetime": "2021-09-23 10:52:44", "elapsed": 100.530025, "delta": 1.612423}}
{"target": 0.9176690848657898, "params": {"C": 521.7268681710268, "epsilon": 0.18710371641474033, "gamma": 0.0651810314697048, "lamda": 0.12449569456611982}, "datetime": {"datetime": "2021-09-23 10:52:45", "elapsed": 101.403025, "delta": 0.873}}
{"target": 0.9178698177902725, "params": {"C": 559.9623058343756, "epsilon": 0.16091606582348467, "gamma": 0.06503716145551024, "lamda": 0.14411300392449755}, "datetime": {"datetime": "2021-09-23 10:52:46", "elapsed": 102.489138, "delta": 1.086113}}
{"target": 0.9150762167558657, "params": {"C": 521.7402937936924, "epsilon": 0.17523174141905817, "gamma": 0.08687402699615501, "lamda": 0.16708282247327663}, "datetime": {"datetime": "2021-09-23 10:52:47", "elapsed": 103.480166, "delta": 0.991028}}
{"target": 0.9169098444779125, "params": {"C": 521.7239560720586, "epsilon": 0.21529883157673124, "gamma": 0.06101435540263096, "lamda": 0.06837510137022568}, "datetime": {"datetime": "2021-09-23 10:52:48", "elapsed": 104.528231, "delta": 1.048065}}
{"target": 0.9176208081440891, "params": {"C": 525.610849660635, "epsilon": 0.11336361686994238, "gamma": 0.07415035087943453, "lamda": 0.16114582152457801}, "datetime": {"datetime": "2021-09-23 10:52:49", "elapsed": 105.368822, "delta": 0.840591}}
{"target": 0.9159231888226455, "params": {"C": 586.2931695738221, "epsilon": 0.29422692250259663, "gamma": 0.07929994319747176, "lamda": 0.04826754093910507}, "datetime": {"datetime": "2021-09-23 10:52:50", "elapsed": 106.32586, "delta": 0.957038}}
{"target": 0.9163942034404509, "params": {"C": 549.3979440386614, "epsilon": 0.18007865791788535, "gamma": 0.0808176007878729, "lamda": 0.10002395086442434}, "datetime": {"datetime": "2021-09-23 10:52:51", "elapsed": 107.276155, "delta": 0.950295}}
{"target": 0.9140723593301141, "params": {"C": 390.70883508701854, "epsilon": 0.10010417583410251, "gamma": 0.08323558740174752, "lamda": 0.10235681815438473}, "datetime": {"datetime": "2021-09-23 10:52:51", "elapsed": 108.104414, "delta": 0.828259}}
{"target": 0.9167437751787753, "params": {"C": 482.3966474993705, "epsilon": 0.1989089490888809, "gamma": 0.06098108114305689, "lamda": 0.08210358888980476}, "datetime": {"datetime": "2021-09-23 10:52:52", "elapsed": 108.982274, "delta": 0.87786}}
{"target": 0.9147982847425483, "params": {"C": 549.4302074306856, "epsilon": 0.23703669985718456, "gamma": 0.08835039303604439, "lamda": 0.08968356201880695}, "datetime": {"datetime": "2021-09-23 10:52:53", "elapsed": 110.01182, "delta": 1.029546}}
{"target": 0.9151927519233067, "params": {"C": 405.3361733066285, "epsilon": 0.3168529398681615, "gamma": 0.08719088798807167, "lamda": 0.08552150119932822}, "datetime": {"datetime": "2021-09-23 10:52:54", "elapsed": 110.832373, "delta": 0.820553}}
{"target": 0.9169059195909224, "params": {"C": 493.70841823688204, "epsilon": 0.28488439516876696, "gamma": 0.06068028171221602, "lamda": 0.07660070326377104}, "datetime": {"datetime": "2021-09-23 10:52:55", "elapsed": 111.672392, "delta": 0.840019}}
{"target": 0.9157466827020118, "params": {"C": 418.7508252534814, "epsilon": 0.3250385803512762, "gamma": 0.06017046761253049, "lamda": 0.07856436456575253}, "datetime": {"datetime": "2021-09-23 10:52:56", "elapsed": 112.555012, "delta": 0.88262}}
{"target": 0.9165305239733401, "params": {"C": 494.6234541486792, "epsilon": 0.24030853139641709, "gamma": 0.06378332649492052, "lamda": 0.1238676179504331}, "datetime": {"datetime": "2021-09-23 10:52:57", "elapsed": 113.502595, "delta": 0.947583}}
{"target": 0.9169358805554363, "params": {"C": 554.2695416177513, "epsilon": 0.3073032482446001, "gamma": 0.07676311683315547, "lamda": 0.08538837142447742}, "datetime": {"datetime": "2021-09-23 10:52:58", "elapsed": 114.374754, "delta": 0.872159}}
{"target": 0.9161749571635335, "params": {"C": 518.8419203172211, "epsilon": 0.21628538975535, "gamma": 0.07651741848163203, "lamda": 0.05975835931319917}, "datetime": {"datetime": "2021-09-23 10:52:58", "elapsed": 115.234629, "delta": 0.859875}}
{"target": 0.9124397525687773, "params": {"C": 410.16173694359986, "epsilon": 0.32981618209084923, "gamma": 0.0827975116403257, "lamda": 0.16314804419938372}, "datetime": {"datetime": "2021-09-23 10:52:59", "elapsed": 116.134268, "delta": 0.899639}}
{"target": 0.9171935014955466, "params": {"C": 448.48649882006083, "epsilon": 0.3305149715774019, "gamma": 0.07554501229096693, "lamda": 0.06637866101906623}, "datetime": {"datetime": "2021-09-23 10:53:00", "elapsed": 117.003397, "delta": 0.869129}}
{"target": 0.9150319538245633, "params": {"C": 420.24523956825954, "epsilon": 0.23079511444747033, "gamma": 0.08340869358606248, "lamda": 0.15040906704924506}, "datetime": {"datetime": "2021-09-23 10:53:01", "elapsed": 117.830395, "delta": 0.826998}}
{"target": 0.914860697402695, "params": {"C": 480.5499174530024, "epsilon": 0.2095332432760984, "gamma": 0.08625348667568018, "lamda": 0.15648462551140058}, "datetime": {"datetime": "2021-09-23 10:53:02", "elapsed": 118.963584, "delta": 1.133189}}
{"target": 0.9150626031017438, "params": {"C": 521.7617846135989, "epsilon": 0.16040332034420146, "gamma": 0.0849553757442214, "lamda": 0.09674596886907741}, "datetime": {"datetime": "2021-09-23 10:53:03", "elapsed": 120.065954, "delta": 1.10237}}
{"target": 0.9145761347109941, "params": {"C": 524.5197336568951, "epsilon": 0.16367418007500195, "gamma": 0.08902052389069373, "lamda": 0.1249874908824593}, "datetime": {"datetime": "2021-09-23 10:53:04", "elapsed": 121.010576, "delta": 0.944622}}
{"target": 0.9166248873648568, "params": {"C": 494.73497655132996, "epsilon": 0.21190009995460998, "gamma": 0.060921732210341216, "lamda": 0.12838479811392825}, "datetime": {"datetime": "2021-09-23 10:53:05", "elapsed": 122.113233, "delta": 1.102657}}
{"target": 0.9066115873165292, "params": {"C": 444.2879790403027, "epsilon": 0.0916546645589095, "gamma": 0.08959172232891159, "lamda": 0.05644035393879848}, "datetime": {"datetime": "2021-09-23 10:53:06", "elapsed": 123.014405, "delta": 0.901172}}
{"target": 0.9173796480471282, "params": {"C": 521.7607945220221, "epsilon": 0.20374974863467862, "gamma": 0.075148577822365, "lamda": 0.11617155850123097}, "datetime": {"datetime": "2021-09-23 10:53:07", "elapsed": 123.962135, "delta": 0.94773}}
{"target": 0.9167689781612064, "params": {"C": 409.88416142486017, "epsilon": 0.17017962296322536, "gamma": 0.07299607031741895, "lamda": 0.16192547414923616}, "datetime": {"datetime": "2021-09-23 10:53:08", "elapsed": 124.881323, "delta": 0.919188}}
{"target": 0.9152944308365393, "params": {"C": 478.6825316196055, "epsilon": 0.15135620275568673, "gamma": 0.08552494321822514, "lamda": 0.11459929646721488}, "datetime": {"datetime": "2021-09-23 10:53:09", "elapsed": 125.758323, "delta": 0.877}}
{"target": 0.9163113687602986, "params": {"C": 416.8818372189291, "epsilon": 0.10866904105640662, "gamma": 0.06350359217158165, "lamda": 0.11777911989953478}, "datetime": {"datetime": "2021-09-23 10:53:10", "elapsed": 126.719034, "delta": 0.960711}}
{"target": 0.9161114717339786, "params": {"C": 555.1096331095792, "epsilon": 0.2714636260492314, "gamma": 0.0633241878810169, "lamda": 0.11671513009018582}, "datetime": {"datetime": "2021-09-23 10:53:11", "elapsed": 127.677074, "delta": 0.95804}}
{"target": 0.9172882119181199, "params": {"C": 584.5731842338394, "epsilon": 0.303891464015355, "gamma": 0.06056479257003365, "lamda": 0.04836317012471217}, "datetime": {"datetime": "2021-09-23 10:53:12", "elapsed": 128.674887, "delta": 0.997813}}
{"target": 0.9147800868293654, "params": {"C": 503.50802137710576, "epsilon": 0.1021670436768708, "gamma": 0.08731820415401641, "lamda": 0.16951165922445657}, "datetime": {"datetime": "2021-09-23 10:53:13", "elapsed": 129.840046, "delta": 1.165159}}
{"target": 0.9178880078976143, "params": {"C": 521.7120984228502, "epsilon": 0.17883229350425028, "gamma": 0.06958133355380691, "lamda": 0.09718268666712553}, "datetime": {"datetime": "2021-09-23 10:53:14", "elapsed": 131.022515, "delta": 1.182469}}
{"target": 0.9178143322830965, "params": {"C": 559.918995426329, "epsilon": 0.1423529042748214, "gamma": 0.07128158258933526, "lamda": 0.1591711815903315}, "datetime": {"datetime": "2021-09-23 10:53:16", "elapsed": 132.302484, "delta": 1.279969}}
{"target": 0.9166687945240052, "params": {"C": 532.6124141758844, "epsilon": 0.12767242484719793, "gamma": 0.08036063302507142, "lamda": 0.15511611877086823}, "datetime": {"datetime": "2021-09-23 10:53:16", "elapsed": 133.193798, "delta": 0.891314}}
{"target": 0.9179032042263491, "params": {"C": 526.5209060118092, "epsilon": 0.1878209773409869, "gamma": 0.06638531419515858, "lamda": 0.111991685528795}, "datetime": {"datetime": "2021-09-23 10:53:17", "elapsed": 134.107492, "delta": 0.913694}}
{"target": 0.9163031653674452, "params": {"C": 517.8062897089764, "epsilon": 0.16382740033870394, "gamma": 0.08084291761449186, "lamda": 0.1659644606806538}, "datetime": {"datetime": "2021-09-23 10:53:18", "elapsed": 135.014883, "delta": 0.907391}}
{"target": 0.9143121819258877, "params": {"C": 567.9281269413943, "epsilon": 0.3006476093883046, "gamma": 0.06758954794230665, "lamda": 0.14307183889729286}, "datetime": {"datetime": "2021-09-23 10:53:19", "elapsed": 135.878668, "delta": 0.863785}}
{"target": 0.9145400955387264, "params": {"C": 503.5733510022219, "epsilon": 0.08574655784250265, "gamma": 0.0826186391651279, "lamda": 0.13880605653339786}, "datetime": {"datetime": "2021-09-23 10:53:20", "elapsed": 136.85983, "delta": 0.981162}}
{"target": 0.9178248747353205, "params": {"C": 521.7838685370954, "epsilon": 0.16325849204626885, "gamma": 0.06806098123924545, "lamda": 0.14090641428810974}, "datetime": {"datetime": "2021-09-23 10:53:21", "elapsed": 137.92385, "delta": 1.06402}}
{"target": 0.9137020267778837, "params": {"C": 419.59499971825505, "epsilon": 0.22554352360744076, "gamma": 0.08752370440912807, "lamda": 0.059806090568068765}, "datetime": {"datetime": "2021-09-23 10:53:22", "elapsed": 138.970806, "delta": 1.046956}}
{"target": 0.9181121697331431, "params": {"C": 578.7141111420548, "epsilon": 0.23383053314977517, "gamma": 0.06530608810545989, "lamda": 0.07398080061407807}, "datetime": {"datetime": "2021-09-23 10:53:23", "elapsed": 140.114485, "delta": 1.143679}}
{"target": 0.9144566576156777, "params": {"C": 411.675000220277, "epsilon": 0.10170626702249203, "gamma": 0.07917275619793032, "lamda": 0.09121122377299515}, "datetime": {"datetime": "2021-09-23 10:53:25", "elapsed": 141.407968, "delta": 1.293483}}
{"target": 0.917918871222961, "params": {"C": 559.8839340372261, "epsilon": 0.15374048778212815, "gamma": 0.06432606842532776, "lamda": 0.13998352088434496}, "datetime": {"datetime": "2021-09-23 10:53:26", "elapsed": 142.872791, "delta": 1.464823}}
{"target": 0.9149667469768445, "params": {"C": 578.7068758951365, "epsilon": 0.27584699057221407, "gamma": 0.08768939163033995, "lamda": 0.07784776007584783}, "datetime": {"datetime": "2021-09-23 10:53:28", "elapsed": 144.260472, "delta": 1.387681}}
{"target": 0.9178408577712144, "params": {"C": 526.483222051018, "epsilon": 0.18185977590550134, "gamma": 0.06541638930373299, "lamda": 0.11729162460724735}, "datetime": {"datetime": "2021-09-23 10:53:29", "elapsed": 145.622935, "delta": 1.362463}}
{"target": 0.912271296591973, "params": {"C": 547.0566822783471, "epsilon": 0.09385067240022865, "gamma": 0.08182592218914382, "lamda": 0.08690309689318003}, "datetime": {"datetime": "2021-09-23 10:53:30", "elapsed": 146.850254, "delta": 1.227319}}
{"target": 0.9173098628642298, "params": {"C": 540.2790283896408, "epsilon": 0.12112016689665804, "gamma": 0.06, "lamda": 0.17}, "datetime": {"datetime": "2021-09-23 10:53:32", "elapsed": 148.393104, "delta": 1.54285}}
{"target": 0.9139613164318683, "params": {"C": 437.9764447438339, "epsilon": 0.2759250953950759, "gamma": 0.07269479521904293, "lamda": 0.166779160427604}, "datetime": {"datetime": "2021-09-23 10:53:33", "elapsed": 149.709877, "delta": 1.316773}}
{"target": 0.9162648589515825, "params": {"C": 578.7510213217413, "epsilon": 0.20977657927637186, "gamma": 0.07009921918772202, "lamda": 0.051838337647762966}, "datetime": {"datetime": "2021-09-23 10:53:35", "elapsed": 151.456036, "delta": 1.746159}}
{"target": 0.9156119488711427, "params": {"C": 526.4688729474475, "epsilon": 0.14583550030527792, "gamma": 0.08383785448064282, "lamda": 0.11501165287165999}, "datetime": {"datetime": "2021-09-23 10:53:36", "elapsed": 152.846613, "delta": 1.390577}}
{"target": 0.9178695212665285, "params": {"C": 525.5876296083858, "epsilon": 0.1542465815095742, "gamma": 0.06987555782486835, "lamda": 0.14853306357958934}, "datetime": {"datetime": "2021-09-23 10:53:38", "elapsed": 155.11158, "delta": 2.264967}}
{"target": 0.9172304888721959, "params": {"C": 480.55233523692175, "epsilon": 0.1498007918956903, "gamma": 0.06502356767622791, "lamda": 0.10278939228666092}, "datetime": {"datetime": "2021-09-23 10:53:40", "elapsed": 156.347163, "delta": 1.235583}}
{"target": 0.913637066916438, "params": {"C": 484.9866103799279, "epsilon": 0.3078665931014263, "gamma": 0.0886304772712749, "lamda": 0.12814867510955946}, "datetime": {"datetime": "2021-09-23 10:53:41", "elapsed": 157.519595, "delta": 1.172432}}
{"target": 0.9153580637150343, "params": {"C": 455.255137211652, "epsilon": 0.14824627698700124, "gamma": 0.08665199204912019, "lamda": 0.16376852776099332}, "datetime": {"datetime": "2021-09-23 10:53:42", "elapsed": 159.135351, "delta": 1.615756}}
{"target": 0.9179923103809695, "params": {"C": 583.9557810097334, "epsilon": 0.1600045239139366, "gamma": 0.07147176901895685, "lamda": 0.11064683481661676}, "datetime": {"datetime": "2021-09-23 10:53:44", "elapsed": 160.415959, "delta": 1.280608}}
{"target": 0.9172184336069649, "params": {"C": 519.4619519322896, "epsilon": 0.3137772566517179, "gamma": 0.068209748034346, "lamda": 0.04557710032765812}, "datetime": {"datetime": "2021-09-23 10:53:45", "elapsed": 161.654651, "delta": 1.238692}}
{"target": 0.9167115841643996, "params": {"C": 520.574551716132, "epsilon": 0.27819265322560316, "gamma": 0.07150564732293309, "lamda": 0.10885303110328522}, "datetime": {"datetime": "2021-09-23 10:53:46", "elapsed": 162.872227, "delta": 1.217576}}
{"target": 0.9178532940072042, "params": {"C": 526.468004128757, "epsilon": 0.22558706227541694, "gamma": 0.07083303860021199, "lamda": 0.09730870819049382}, "datetime": {"datetime": "2021-09-23 10:53:48", "elapsed": 164.857704, "delta": 1.985477}}
{"target": 0.9152546039222773, "params": {"C": 457.9079796260418, "epsilon": 0.10508333684196916, "gamma": 0.06911974848334412, "lamda": 0.07710937987554628}, "datetime": {"datetime": "2021-09-23 10:53:49", "elapsed": 166.169226, "delta": 1.311522}}
{"target": 0.9150365322602504, "params": {"C": 583.9923713001815, "epsilon": 0.16157198313057392, "gamma": 0.08598512109416738, "lamda": 0.11146603253273846}, "datetime": {"datetime": "2021-09-23 10:53:51", "elapsed": 167.485295, "delta": 1.316069}}
{"target": 0.9152733442438753, "params": {"C": 526.5249268290219, "epsilon": 0.19624847822424674, "gamma": 0.08531105033560903, "lamda": 0.1551341264139725}, "datetime": {"datetime": "2021-09-23 10:53:52", "elapsed": 169.189109, "delta": 1.703814}}
{"target": 0.9123521207236165, "params": {"C": 535.6872375877743, "epsilon": 0.08552090629021138, "gamma": 0.0871154343739069, "lamda": 0.12488756845285487}, "datetime": {"datetime": "2021-09-23 10:53:54", "elapsed": 170.839863, "delta": 1.650754}}
{"target": 0.9170587247046995, "params": {"C": 583.9455394421377, "epsilon": 0.1558359444775342, "gamma": 0.07822857282940747, "lamda": 0.14462029791039804}, "datetime": {"datetime": "2021-09-23 10:53:56", "elapsed": 172.481189, "delta": 1.641326}}
{"target": 0.9152203323919611, "params": {"C": 526.475407641738, "epsilon": 0.24874062396517285, "gamma": 0.08549493716125259, "lamda": 0.07417433952620985}, "datetime": {"datetime": "2021-09-23 10:53:57", "elapsed": 173.970186, "delta": 1.488997}}
{"target": 0.9169131933538833, "params": {"C": 583.9420633962834, "epsilon": 0.15663891730492824, "gamma": 0.07024076594809958, "lamda": 0.07602482641202118}, "datetime": {"datetime": "2021-09-23 10:53:59", "elapsed": 175.693807, "delta": 1.723621}}
{"target": 0.9159230711599224, "params": {"C": 472.242506423426, "epsilon": 0.3035238044205325, "gamma": 0.07495538470410243, "lamda": 0.11338552310363335}, "datetime": {"datetime": "2021-09-23 10:54:00", "elapsed": 176.923053, "delta": 1.229246}}
{"target": 0.9145746702317877, "params": {"C": 564.5075857859156, "epsilon": 0.18694282378144678, "gamma": 0.08962694361564341, "lamda": 0.15158595129277835}, "datetime": {"datetime": "2021-09-23 10:54:01", "elapsed": 178.184051, "delta": 1.260998}}
{"target": 0.9163368359000647, "params": {"C": 526.501895741525, "epsilon": 0.22416082781186467, "gamma": 0.08001900717784094, "lamda": 0.12622243832403818}, "datetime": {"datetime": "2021-09-23 10:54:03", "elapsed": 179.959389, "delta": 1.775338}}
{"target": 0.9147588394411473, "params": {"C": 536.4689059942677, "epsilon": 0.2893327476059837, "gamma": 0.08038946418292975, "lamda": 0.13587608301693904}, "datetime": {"datetime": "2021-09-23 10:54:05", "elapsed": 181.347582, "delta": 1.388193}}
{"target": 0.9138726442695062, "params": {"C": 576.5842248946751, "epsilon": 0.32589554308315727, "gamma": 0.08951217731220147, "lamda": 0.11248535995442896}, "datetime": {"datetime": "2021-09-23 10:54:06", "elapsed": 182.965719, "delta": 1.618137}}
{"target": 0.9172809025688567, "params": {"C": 559.8928131497939, "epsilon": 0.1783874796886114, "gamma": 0.07712390550052693, "lamda": 0.11430088980286722}, "datetime": {"datetime": "2021-09-23 10:54:08", "elapsed": 184.599181, "delta": 1.633462}}
{"target": 0.9176253468258924, "params": {"C": 526.4478138374574, "epsilon": 0.20085675261172894, "gamma": 0.06991835873846154, "lamda": 0.1240497872602498}, "datetime": {"datetime": "2021-09-23 10:54:09", "elapsed": 186.208431, "delta": 1.60925}}
{"target": 0.91498982216258, "params": {"C": 401.7038573384127, "epsilon": 0.20773943706178247, "gamma": 0.08541195856533305, "lamda": 0.07741259129929047}, "datetime": {"datetime": "2021-09-23 10:54:11", "elapsed": 187.809443, "delta": 1.601012}}
{"target": 0.9179880060645605, "params": {"C": 578.7075439296871, "epsilon": 0.21668533562054884, "gamma": 0.06750760285862631, "lamda": 0.10396339983328633}, "datetime": {"datetime": "2021-09-23 10:54:13", "elapsed": 189.475339, "delta": 1.665896}}
{"target": 0.9158051883357786, "params": {"C": 568.6796359708038, "epsilon": 0.21172698679300372, "gamma": 0.06998375226195218, "lamda": 0.04554122835009901}, "datetime": {"datetime": "2021-09-23 10:54:14", "elapsed": 191.022807, "delta": 1.547468}}
{"target": 0.9174559415830781, "params": {"C": 578.6895501845421, "epsilon": 0.18908964622834235, "gamma": 0.061973162335835906, "lamda": 0.0738661108858423}, "datetime": {"datetime": "2021-09-23 10:54:16", "elapsed": 192.71422, "delta": 1.691413}}
{"target": 0.9135460446733678, "params": {"C": 511.47796464386045, "epsilon": 0.12688271458988218, "gamma": 0.0881013025844494, "lamda": 0.10536453418506354}, "datetime": {"datetime": "2021-09-23 10:54:17", "elapsed": 194.146965, "delta": 1.432745}}
{"target": 0.914419398277666, "params": {"C": 478.154665934342, "epsilon": 0.0932865329598403, "gamma": 0.07376229937986711, "lamda": 0.08434403669124785}, "datetime": {"datetime": "2021-09-23 10:54:19", "elapsed": 195.757004, "delta": 1.610039}}
{"target": 0.9166849856313171, "params": {"C": 495.9802005030547, "epsilon": 0.12007142902823571, "gamma": 0.06134695840460066, "lamda": 0.11544820201063154}, "datetime": {"datetime": "2021-09-23 10:54:21", "elapsed": 197.261026, "delta": 1.504022}}
{"target": 0.917251043410041, "params": {"C": 526.4617217707299, "epsilon": 0.2036335360246403, "gamma": 0.06154690359170493, "lamda": 0.07802899379789298}, "datetime": {"datetime": "2021-09-23 10:54:23", "elapsed": 199.423522, "delta": 2.162496}}
{"target": 0.918077796922706, "params": {"C": 583.2504946107109, "epsilon": 0.221287797595333, "gamma": 0.06986629651839157, "lamda": 0.08219190795911177}, "datetime": {"datetime": "2021-09-23 10:54:24", "elapsed": 200.935443, "delta": 1.511921}}
