{"target": 0.9259640031995043, "params": {"C": 1785.8802595297277, "epsilon": 0.062488303635243776, "gamma": 0.028975818808076828, "lamda": 0.19690389533119113}, "datetime": {"datetime": "2021-09-24 09:16:52", "elapsed": 661.067751, "delta": 2.22242}}
{"target": 0.8970759762513107, "params": {"C": 1838.0623097431767, "epsilon": 0.1157855860820079, "gamma": 0.01378344319059161, "lamda": 0.30209828150791534}, "datetime": {"datetime": "2021-09-24 09:16:55", "elapsed": 663.41195, "delta": 2.344199}}
{"target": 0.9258024212852353, "params": {"C": 1727.0780505088892, "epsilon": 0.2402245735182971, "gamma": 0.05150227131681173, "lamda": 0.051382304609304146}, "datetime": {"datetime": "2021-09-24 09:16:59", "elapsed": 667.899916, "delta": 4.487966}}
{"target": 0.9212982643506566, "params": {"C": 1853.7680007070853, "epsilon": 0.12234512061877283, "gamma": 0.033188304605596644, "lamda": 0.22699821346862825}, "datetime": {"datetime": "2021-09-24 09:17:01", "elapsed": 670.096716, "delta": 2.1968}}
{"target": 0.9084392470519206, "params": {"C": 1779.9801808850152, "epsilon": 0.8606366171145389, "gamma": 0.03199760667053937, "lamda": 0.10938757450719948}, "datetime": {"datetime": "2021-09-24 09:17:04", "elapsed": 672.34422, "delta": 2.247504}}
{"target": 0.9235783082038252, "params": {"C": 1806.728731834915, "epsilon": 0.2615533032202012, "gamma": 0.05577025507922758, "lamda": 0.06478943313252469}, "datetime": {"datetime": "2021-09-24 09:17:06", "elapsed": 674.861533, "delta": 2.517313}}
{"target": 0.9209017143200642, "params": {"C": 1772.1817746762185, "epsilon": 0.09915754829209485, "gamma": 0.04767817480694982, "lamda": 0.3194276676515092}, "datetime": {"datetime": "2021-09-24 09:17:09", "elapsed": 677.241457, "delta": 2.379924}}
{"target": 0.9248034095742688, "params": {"C": 1727.052309902283, "epsilon": 0.23712628571137095, "gamma": 0.021816340977656584, "lamda": 0.029073123846128618}, "datetime": {"datetime": "2021-09-24 09:17:12", "elapsed": 680.808407, "delta": 3.56695}}
{"target": 0.921452906093511, "params": {"C": 1891.2246053797921, "epsilon": 0.45911800944903236, "gamma": 0.060827986253878814, "lamda": 0.03552589640914555}, "datetime": {"datetime": "2021-09-24 09:17:14", "elapsed": 683.129999, "delta": 2.321592}}
{"target": 0.906894550975275, "params": {"C": 1719.4640937689758, "epsilon": 0.9699703846417923, "gamma": 0.06088060444614128, "lamda": 0.12932098390609498}, "datetime": {"datetime": "2021-09-24 09:17:17", "elapsed": 685.598992, "delta": 2.468993}}
{"target": 0.8897475765926268, "params": {"C": 1793.9250712556568, "epsilon": 0.8569194013172342, "gamma": 0.03476742952868786, "lamda": 0.33279214649126493}, "datetime": {"datetime": "2021-09-24 09:17:19", "elapsed": 687.770828, "delta": 2.171836}}
{"target": 0.9144310199671851, "params": {"C": 1812.4792458464683, "epsilon": 0.19560378803467024, "gamma": 0.032647761498657515, "lamda": 0.3001751693746094}, "datetime": {"datetime": "2021-09-24 09:17:22", "elapsed": 690.248287, "delta": 2.477459}}
{"target": 0.92429154566783, "params": {"C": 1731.9195143114098, "epsilon": 0.3722428557063763, "gamma": 0.05495036127465433, "lamda": 0.03473479224389752}, "datetime": {"datetime": "2021-09-24 09:17:26", "elapsed": 694.651526, "delta": 4.403239}}
{"target": 0.9104051357363898, "params": {"C": 1827.0051797652225, "epsilon": 0.8506995751052617, "gamma": 0.03917601461255663, "lamda": 0.11988809885253744}, "datetime": {"datetime": "2021-09-24 09:17:28", "elapsed": 696.970668, "delta": 2.319142}}
{"target": 0.9165639308597954, "params": {"C": 1746.1578014833628, "epsilon": 0.1168119434769836, "gamma": 0.06657449089494068, "lamda": 0.2539705378274917}, "datetime": {"datetime": "2021-09-24 09:17:32", "elapsed": 700.870854, "delta": 3.900186}}
{"target": 0.9237384410092304, "params": {"C": 1704.2981419016658, "epsilon": 0.15929265342557855, "gamma": 0.043202468979773576, "lamda": 0.15827846996781147}, "datetime": {"datetime": "2021-09-24 09:17:36", "elapsed": 704.994508, "delta": 4.123654}}
{"target": 0.926754504475249, "params": {"C": 1806.3267096838586, "epsilon": 0.09741757577998983, "gamma": 0.04926998310786636, "lamda": 0.11018767315770417}, "datetime": {"datetime": "2021-09-24 09:17:40", "elapsed": 708.792414, "delta": 3.797906}}
{"target": 0.8997396795347412, "params": {"C": 1719.0328412297354, "epsilon": 0.47048699393754045, "gamma": 0.06675773236789372, "lamda": 0.3625052786903887}, "datetime": {"datetime": "2021-09-24 09:17:43", "elapsed": 711.24347, "delta": 2.451056}}
{"target": 0.9264288374625977, "params": {"C": 1720.7187173194484, "epsilon": 0.08655112363463688, "gamma": 0.02730902850594133, "lamda": 0.12427565909985462}, "datetime": {"datetime": "2021-09-24 09:17:47", "elapsed": 715.880803, "delta": 4.637333}}
{"target": 0.9193639344104656, "params": {"C": 1806.1936490355533, "epsilon": 0.15002476131358716, "gamma": 0.06065238330381037, "lamda": 0.18659838356200759}, "datetime": {"datetime": "2021-09-24 09:17:51", "elapsed": 719.529382, "delta": 3.648579}}
{"target": 0.9133496803642365, "params": {"C": 1834.4172348240593, "epsilon": 0.1977706541159066, "gamma": 0.05667885164642898, "lamda": 0.3569026124554637}, "datetime": {"datetime": "2021-09-24 09:17:54", "elapsed": 722.414415, "delta": 2.885033}}
{"target": 0.9168166192383103, "params": {"C": 1865.6591118545366, "epsilon": 0.1492067987032285, "gamma": 0.036526803655391585, "lamda": 0.3584064672437641}, "datetime": {"datetime": "2021-09-24 09:17:57", "elapsed": 725.178937, "delta": 2.764522}}
{"target": 0.8882226346867059, "params": {"C": 1829.077876866938, "epsilon": 0.3523486441743092, "gamma": 0.01696168795572843, "lamda": 0.30590524080959847}, "datetime": {"datetime": "2021-09-24 09:18:00", "elapsed": 728.239802, "delta": 3.060865}}
{"target": 0.9248855967318727, "params": {"C": 1846.5127480813558, "epsilon": 0.9920213810858296, "gamma": 0.044281761418545666, "lamda": 0.0203778069503623}, "datetime": {"datetime": "2021-09-24 09:18:02", "elapsed": 730.594829, "delta": 2.355027}}
{"target": 0.9177673838202763, "params": {"C": 1850.9180681782086, "epsilon": 0.5631827285891081, "gamma": 0.04924469076336146, "lamda": 0.09671364283886538}, "datetime": {"datetime": "2021-09-24 09:18:05", "elapsed": 733.304339, "delta": 2.70951}}
{"target": 0.9045392604551962, "params": {"C": 1860.7207666147758, "epsilon": 0.4113750786131546, "gamma": 0.06638601842489804, "lamda": 0.30678725221408476}, "datetime": {"datetime": "2021-09-24 09:18:07", "elapsed": 735.921178, "delta": 2.616839}}
{"target": 0.9196946060625442, "params": {"C": 1806.3543339375517, "epsilon": 0.16971124746550623, "gamma": 0.06358946745489116, "lamda": 0.062136413818572635}, "datetime": {"datetime": "2021-09-24 09:18:12", "elapsed": 740.486476, "delta": 4.565298}}
{"target": 0.9146585300678954, "params": {"C": 1755.2394810695828, "epsilon": 0.8471715786320804, "gamma": 0.05330149418179606, "lamda": 0.004668951842581565}, "datetime": {"datetime": "2021-09-24 09:18:15", "elapsed": 743.188049, "delta": 2.701573}}
{"target": 0.898803031297727, "params": {"C": 1793.3417508777538, "epsilon": 0.5879825087183271, "gamma": 0.05887408108290103, "lamda": 0.3450430895882376}, "datetime": {"datetime": "2021-09-24 09:18:17", "elapsed": 745.788843, "delta": 2.600794}}
{"target": 0.9133829307470483, "params": {"C": 1864.582080308825, "epsilon": 0.4613969789939957, "gamma": 0.06208653291472197, "lamda": 0.1453834328539021}, "datetime": {"datetime": "2021-09-24 09:18:20", "elapsed": 748.286093, "delta": 2.49725}}
{"target": 0.9036445500876176, "params": {"C": 1853.6552333615632, "epsilon": 0.7884600319173051, "gamma": 0.055963825702950235, "lamda": 0.20886066316783466}, "datetime": {"datetime": "2021-09-24 09:18:22", "elapsed": 750.625679, "delta": 2.339586}}
{"target": 0.892333670660934, "params": {"C": 1881.7043863309868, "epsilon": 0.5894125724785576, "gamma": 0.01627517357657593, "lamda": 0.13488874169321968}, "datetime": {"datetime": "2021-09-24 09:18:25", "elapsed": 753.220623, "delta": 2.594944}}
{"target": 0.9122619192431943, "params": {"C": 1806.21992383153, "epsilon": 0.10647182190254645, "gamma": 0.014426362875704452, "lamda": 0.07932575416873228}, "datetime": {"datetime": "2021-09-24 09:18:28", "elapsed": 756.78672, "delta": 3.566097}}
{"target": 0.9215952186169314, "params": {"C": 1768.502678378333, "epsilon": 0.14116350758816582, "gamma": 0.028845391477605363, "lamda": 0.15338367086867397}, "datetime": {"datetime": "2021-09-24 09:18:31", "elapsed": 759.310934, "delta": 2.524214}}
{"target": 0.9242963670798066, "params": {"C": 1704.1907676611743, "epsilon": 0.08269482147287892, "gamma": 0.02207374686361349, "lamda": 0.0991090730805568}, "datetime": {"datetime": "2021-09-24 09:18:34", "elapsed": 763.123121, "delta": 3.812187}}
{"target": 0.9063362224776894, "params": {"C": 1848.9941611894337, "epsilon": 0.3059107014825222, "gamma": 0.03489422628942402, "lamda": 0.39186309858435037}, "datetime": {"datetime": "2021-09-24 09:18:37", "elapsed": 765.627656, "delta": 2.504535}}
{"target": 0.9232024939978106, "params": {"C": 1727.0497864126232, "epsilon": 0.20391456227562638, "gamma": 0.030202540069722866, "lamda": 0.09883760907194772}, "datetime": {"datetime": "2021-09-24 09:18:41", "elapsed": 770.02025, "delta": 4.392594}}
{"target": 0.8953191845946755, "params": {"C": 1720.6814915498792, "epsilon": 0.1166498705763781, "gamma": 0.01, "lamda": 0.15093551030487368}, "datetime": {"datetime": "2021-09-24 09:18:45", "elapsed": 774.12656, "delta": 4.10631}}
{"target": 0.8951709896610616, "params": {"C": 1704.1612218042285, "epsilon": 0.21017678740879567, "gamma": 0.01294304085376434, "lamda": 0.1693603385791138}, "datetime": {"datetime": "2021-09-24 09:18:48", "elapsed": 776.776689, "delta": 2.650129}}
{"target": 0.9083060670615296, "params": {"C": 1829.6919959962459, "epsilon": 0.9978601281398866, "gamma": 0.06659982490395011, "lamda": 0.09844571587132123}, "datetime": {"datetime": "2021-09-24 09:18:50", "elapsed": 779.080965, "delta": 2.304276}}
{"target": 0.8848556365685518, "params": {"C": 1711.680881069365, "epsilon": 0.8756261502040515, "gamma": 0.028170572992870506, "lamda": 0.331646235516188}, "datetime": {"datetime": "2021-09-24 09:18:53", "elapsed": 781.712919, "delta": 2.631954}}
{"target": 0.9205131431348915, "params": {"C": 1732.0964012431282, "epsilon": 0.159484437517796, "gamma": 0.06257052997854441, "lamda": 0.0710180821105343}, "datetime": {"datetime": "2021-09-24 09:18:57", "elapsed": 785.433306, "delta": 3.720387}}
{"target": 0.9146123926497091, "params": {"C": 1772.3538592730438, "epsilon": 0.3633115388609215, "gamma": 0.05963051674671606, "lamda": 0.1713890386081548}, "datetime": {"datetime": "2021-09-24 09:18:59", "elapsed": 788.095856, "delta": 2.66255}}
{"target": 0.8945670773296585, "params": {"C": 1879.9962260764876, "epsilon": 0.7841283469255622, "gamma": 0.034189860487037475, "lamda": 0.29243461807884064}, "datetime": {"datetime": "2021-09-24 09:19:02", "elapsed": 790.788691, "delta": 2.692835}}
{"target": 0.9254030388050046, "params": {"C": 2054.264128653349, "epsilon": 0.05012939087861945, "gamma": 0.04801889409557653, "lamda": 0.29977274913290614}, "datetime": {"datetime": "2021-09-24 09:23:25", "elapsed": 0.0, "delta": 0.0}}
{"target": 0.9018684753678818, "params": {"C": 1999.701402460518, "epsilon": 0.24805274616492223, "gamma": 0.02188377188557744, "lamda": 0.30445175416738457}, "datetime": {"datetime": "2021-09-24 09:23:26", "elapsed": 0.333893, "delta": 0.333893}}
{"target": 0.9184286531256303, "params": {"C": 1933.8221673125072, "epsilon": 0.11568961974878995, "gamma": 0.05112158910206784, "lamda": 0.3814039451317797}, "datetime": {"datetime": "2021-09-24 09:23:26", "elapsed": 0.72711, "delta": 0.393217}}
{"target": 0.9065873958203501, "params": {"C": 1900.789653265583, "epsilon": 0.5268264954842033, "gamma": 0.05875725769912682, "lamda": 0.2453979006649259}, "datetime": {"datetime": "2021-09-24 09:23:26", "elapsed": 0.991267, "delta": 0.264157}}
{"target": 0.9090910920795383, "params": {"C": 2044.3510634863599, "epsilon": 0.31311978612551417, "gamma": 0.06506644735077662, "lamda": 0.28611573757567854}, "datetime": {"datetime": "2021-09-24 09:23:27", "elapsed": 1.323284, "delta": 0.332017}}
{"target": 0.9289376546059349, "params": {"C": 1946.0065261871637, "epsilon": 0.2143536366860862, "gamma": 0.03813334536474346, "lamda": 0.05393966604095758}, "datetime": {"datetime": "2021-09-24 09:23:27", "elapsed": 1.841017, "delta": 0.517733}}
{"target": 0.8921174622199229, "params": {"C": 1945.70669531436, "epsilon": 0.4484072146808388, "gamma": 0.02332513033539814, "lamda": 0.3488141974956611}, "datetime": {"datetime": "2021-09-24 09:23:28", "elapsed": 2.388051, "delta": 0.547034}}
{"target": 0.9113802925212338, "params": {"C": 1969.3314574520741, "epsilon": 0.21875341349367206, "gamma": 0.019338594339044984, "lamda": 0.11142359070502497}, "datetime": {"datetime": "2021-09-24 09:23:28", "elapsed": 2.849896, "delta": 0.461845}}
{"target": 0.9264371279071131, "params": {"C": 1904.0892017199521, "epsilon": 0.0921769038139145, "gamma": 0.04495343042761878, "lamda": 0.16828231117332992}, "datetime": {"datetime": "2021-09-24 09:23:28", "elapsed": 3.221609, "delta": 0.371713}}
{"target": 0.8932515169362125, "params": {"C": 2022.000123167643, "epsilon": 0.9246166610991446, "gamma": 0.052568298727638366, "lamda": 0.30060708528951074}, "datetime": {"datetime": "2021-09-24 09:23:29", "elapsed": 3.530219, "delta": 0.30861}}
{"target": 0.8867461124040971, "params": {"C": 2065.059897415368, "epsilon": 0.5469901009103314, "gamma": 0.02387050364069023, "lamda": 0.38801409740661935}, "datetime": {"datetime": "2021-09-24 09:23:29", "elapsed": 4.020108, "delta": 0.489889}}
{"target": 0.9147161131539967, "params": {"C": 2052.859462776694, "epsilon": 0.4263613725529165, "gamma": 0.04116365170829408, "lamda": 0.1726199596478999}, "datetime": {"datetime": "2021-09-24 09:23:30", "elapsed": 4.498681, "delta": 0.478573}}
{"target": 0.9234008410092367, "params": {"C": 1908.1927974211915, "epsilon": 0.24970575151699523, "gamma": 0.029538806038617985, "lamda": 0.07614434650662687}, "datetime": {"datetime": "2021-09-24 09:23:30", "elapsed": 4.975755, "delta": 0.477074}}
{"target": 0.915658557292589, "params": {"C": 2051.0043832350534, "epsilon": 0.4471411630965273, "gamma": 0.03651889915045838, "lamda": 0.13664776639560702}, "datetime": {"datetime": "2021-09-24 09:23:31", "elapsed": 5.416919, "delta": 0.441164}}
{"target": 0.8969631061132024, "params": {"C": 2033.928092656194, "epsilon": 0.2745572831340398, "gamma": 0.02215344086976446, "lamda": 0.38089384826327377}, "datetime": {"datetime": "2021-09-24 09:23:31", "elapsed": 5.852035, "delta": 0.435116}}
{"target": 0.8894015919532324, "params": {"C": 2043.1758135726275, "epsilon": 0.2896058011055015, "gamma": 0.015435774900384742, "lamda": 0.2804854242243259}, "datetime": {"datetime": "2021-09-24 09:23:32", "elapsed": 6.325035, "delta": 0.473}}
{"target": 0.917834612351756, "params": {"C": 1946.919618549168, "epsilon": 0.15639106627129726, "gamma": 0.04265382653142713, "lamda": 0.3320759476460242}, "datetime": {"datetime": "2021-09-24 09:23:32", "elapsed": 6.878422, "delta": 0.553387}}
{"target": 0.9240121796423031, "params": {"C": 1980.9847740143966, "epsilon": 0.07267066579701993, "gamma": 0.04542615441043764, "lamda": 0.2885863430885429}, "datetime": {"datetime": "2021-09-24 09:23:33", "elapsed": 7.367145, "delta": 0.488723}}
{"target": 0.9031663548270021, "params": {"C": 1995.7858136301597, "epsilon": 0.4438792787024942, "gamma": 0.04835694648809192, "lamda": 0.3826743911968713}, "datetime": {"datetime": "2021-09-24 09:23:33", "elapsed": 7.769109, "delta": 0.401964}}
{"target": 0.8910577174619095, "params": {"C": 1955.7965658264413, "epsilon": 0.48302557696029136, "gamma": 0.018704373724292987, "lamda": 0.2352963091250836}, "datetime": {"datetime": "2021-09-24 09:23:34", "elapsed": 8.554209, "delta": 0.7851}}
{"target": 0.8995450310255141, "params": {"C": 2025.4699433340056, "epsilon": 0.840468156941798, "gamma": 0.04001073426486995, "lamda": 0.24049272285154935}, "datetime": {"datetime": "2021-09-24 09:23:34", "elapsed": 8.908116, "delta": 0.353907}}
{"target": 0.9141443037151218, "params": {"C": 2028.0099545625753, "epsilon": 0.28598520842260444, "gamma": 0.01935845146978839, "lamda": 0.06485631268236246}, "datetime": {"datetime": "2021-09-24 09:23:35", "elapsed": 9.311294, "delta": 0.403178}}
{"target": 0.9157157814939999, "params": {"C": 1912.7608426898794, "epsilon": 0.40481452294546694, "gamma": 0.06927688834063415, "lamda": 0.08784405548445551}, "datetime": {"datetime": "2021-09-24 09:23:35", "elapsed": 9.735894, "delta": 0.4246}}
{"target": 0.9152676545932069, "params": {"C": 1993.8822967732722, "epsilon": 0.9682829352450285, "gamma": 0.0368260001476184, "lamda": 0.06474426345499094}, "datetime": {"datetime": "2021-09-24 09:23:35", "elapsed": 10.281362, "delta": 0.545468}}
{"target": 0.9187557706932422, "params": {"C": 2006.2716533314333, "epsilon": 0.22088191272355492, "gamma": 0.06666630799997007, "lamda": 0.0801408866955507}, "datetime": {"datetime": "2021-09-24 09:23:36", "elapsed": 10.699615, "delta": 0.418253}}
{"target": 0.9112235722864664, "params": {"C": 1962.1062240147312, "epsilon": 0.35527707611318426, "gamma": 0.06980865542978751, "lamda": 0.17967989838707407}, "datetime": {"datetime": "2021-09-24 09:23:36", "elapsed": 11.220785, "delta": 0.52117}}
{"target": 0.8886319228238259, "params": {"C": 1918.1313867402525, "epsilon": 0.28436264120703036, "gamma": 0.013817017265212093, "lamda": 0.23522559280818225}, "datetime": {"datetime": "2021-09-24 09:23:37", "elapsed": 11.676078, "delta": 0.455293}}
{"target": 0.890387363635433, "params": {"C": 2033.6031451071706, "epsilon": 0.9456452693573992, "gamma": 0.0638734341970012, "lamda": 0.30012222199821087}, "datetime": {"datetime": "2021-09-24 09:23:37", "elapsed": 12.239966, "delta": 0.563888}}
{"target": 0.9165954090912631, "params": {"C": 2041.9423018703249, "epsilon": 0.2319225994792417, "gamma": 0.04840015111077136, "lamda": 0.261808460219463}, "datetime": {"datetime": "2021-09-24 09:23:38", "elapsed": 12.647159, "delta": 0.407193}}
{"target": 0.8992348167360193, "params": {"C": 2018.4171906646159, "epsilon": 0.7848259921626908, "gamma": 0.060205643821522443, "lamda": 0.25429917482121994}, "datetime": {"datetime": "2021-09-24 09:23:38", "elapsed": 13.098022, "delta": 0.450863}}
{"target": 0.9030063389144815, "params": {"C": 1957.250705749311, "epsilon": 0.4917098986245436, "gamma": 0.01035607858425128, "lamda": 0.005911731269281357}, "datetime": {"datetime": "2021-09-24 09:23:39", "elapsed": 13.697955, "delta": 0.599933}}
{"target": 0.8653621492998834, "params": {"C": 1910.4290789066683, "epsilon": 0.6307830821623754, "gamma": 0.010354663744515885, "lamda": 0.23261716036577582}, "datetime": {"datetime": "2021-09-24 09:23:39", "elapsed": 14.11421, "delta": 0.416255}}
{"target": 0.9274999303337157, "params": {"C": 1932.4512053319347, "epsilon": 0.25257844290657305, "gamma": 0.030772476628517974, "lamda": 0.008917478112143079}, "datetime": {"datetime": "2021-09-24 09:23:40", "elapsed": 14.773414, "delta": 0.659204}}
{"target": 0.9142458635547797, "params": {"C": 2035.6219709088532, "epsilon": 0.6616971550039416, "gamma": 0.05867078936891688, "lamda": 0.10218318542956042}, "datetime": {"datetime": "2021-09-24 09:23:40", "elapsed": 15.247023, "delta": 0.473609}}
{"target": 0.8828598320551279, "params": {"C": 1978.1850259231228, "epsilon": 0.8432943808149355, "gamma": 0.029580188503789788, "lamda": 0.38569796879367957}, "datetime": {"datetime": "2021-09-24 09:23:41", "elapsed": 15.706429, "delta": 0.459406}}
{"target": 0.8868726855332089, "params": {"C": 1903.8924087619769, "epsilon": 0.6798103780253164, "gamma": 0.028205701193274757, "lamda": 0.38711623056022165}, "datetime": {"datetime": "2021-09-24 09:23:41", "elapsed": 16.207425, "delta": 0.500996}}
{"target": 0.9249034586728528, "params": {"C": 2032.7282430923435, "epsilon": 0.05697677083400467, "gamma": 0.0430910027144322, "lamda": 0.3231812419854612}, "datetime": {"datetime": "2021-09-24 09:23:42", "elapsed": 16.649734, "delta": 0.442309}}
{"target": 0.9183722092393907, "params": {"C": 1900.6241263305653, "epsilon": 0.5194409895162766, "gamma": 0.046616465768687214, "lamda": 0.09962233242153017}, "datetime": {"datetime": "2021-09-24 09:23:42", "elapsed": 17.051562, "delta": 0.401828}}
{"target": 0.9180214384881947, "params": {"C": 2028.143069768811, "epsilon": 0.0943648777378669, "gamma": 0.058817940695245735, "lamda": 0.3593937206570151}, "datetime": {"datetime": "2021-09-24 09:23:43", "elapsed": 17.818205, "delta": 0.766643}}
{"target": 0.9206114747699599, "params": {"C": 1939.5602351773246, "epsilon": 0.9069316082261485, "gamma": 0.050692477338904016, "lamda": 0.03897098724273471}, "datetime": {"datetime": "2021-09-24 09:23:44", "elapsed": 18.366718, "delta": 0.548513}}
{"target": 0.9113780853571322, "params": {"C": 1930.736103132051, "epsilon": 0.799390704162155, "gamma": 0.06558497066623334, "lamda": 0.09358558380939572}, "datetime": {"datetime": "2021-09-24 09:23:44", "elapsed": 18.825051, "delta": 0.458333}}
{"target": 0.9224624720489265, "params": {"C": 1989.4975838710584, "epsilon": 0.33171345383548945, "gamma": 0.04848404464993309, "lamda": 0.08962069304487898}, "datetime": {"datetime": "2021-09-24 09:23:44", "elapsed": 19.278552, "delta": 0.453501}}
{"target": 0.9246896024420914, "params": {"C": 2006.2588051588998, "epsilon": 0.10388750633669525, "gamma": 0.05342873158116468, "lamda": 0.1387409476178079}, "datetime": {"datetime": "2021-09-24 09:23:45", "elapsed": 19.698788, "delta": 0.420236}}
{"target": 0.9217381915394632, "params": {"C": 1932.524954019313, "epsilon": 0.4785893054893464, "gamma": 0.05885387223850375, "lamda": 0.04392545293528712}, "datetime": {"datetime": "2021-09-24 09:23:45", "elapsed": 20.256081, "delta": 0.557293}}
