{"target": -1.9696840381362997, "params": {"C": 578.4838401444694, "epsilon": 0.06536072130693121, "gamma": 0.047858209587382364, "lamda": 0.10360199680773803}, "datetime": {"datetime": "2021-09-23 15:17:22", "elapsed": 214.249483, "delta": 1.772224}}
{"target": -1.9294764886742228, "params": {"C": 504.20060092161685, "epsilon": 0.05454402506000039, "gamma": 0.03912225194075252, "lamda": 0.1049184372713104}, "datetime": {"datetime": "2021-09-23 15:17:24", "elapsed": 215.747714, "delta": 1.498231}}
{"target": -2.0442998641652754, "params": {"C": 564.6228156193761, "epsilon": 0.12343578495193658, "gamma": 0.04969917297024678, "lamda": 0.02478076402335243}, "datetime": {"datetime": "2021-09-23 15:17:25", "elapsed": 217.19393, "delta": 1.446216}}
{"target": -1.93779578968811, "params": {"C": 564.5961111541501, "epsilon": 0.14198625724747393, "gamma": 0.03556061634644992, "lamda": 0.09480333729626922}, "datetime": {"datetime": "2021-09-23 15:17:27", "elapsed": 218.954323, "delta": 1.760393}}
{"target": -1.9715403303995143, "params": {"C": 564.536873716822, "epsilon": 0.1273752157463861, "gamma": 0.04403324132537584, "lamda": 0.13738641548202407}, "datetime": {"datetime": "2021-09-23 15:17:28", "elapsed": 220.445027, "delta": 1.490704}}
{"target": -1.993520076599421, "params": {"C": 500.7040941241467, "epsilon": 0.16683485080132823, "gamma": 0.046148738809284856, "lamda": 0.14643972474631828}, "datetime": {"datetime": "2021-09-23 15:17:30", "elapsed": 221.799037, "delta": 1.35401}}
{"target": -1.944482409833679, "params": {"C": 508.2882968691684, "epsilon": 0.11672024122489717, "gamma": 0.03174784628570723, "lamda": 0.11757104631224982}, "datetime": {"datetime": "2021-09-23 15:17:31", "elapsed": 223.35409, "delta": 1.555053}}
{"target": -1.9479546081811268, "params": {"C": 617.6695793124362, "epsilon": 0.5068223014534576, "gamma": 0.044700061424359096, "lamda": 0.01868590653557968}, "datetime": {"datetime": "2021-09-23 15:17:32", "elapsed": 224.422809, "delta": 1.068719}}
{"target": -2.1410013601506406, "params": {"C": 527.4884797494516, "epsilon": 0.725901996094711, "gamma": 0.032167166447712, "lamda": 0.14448274174250852}, "datetime": {"datetime": "2021-09-23 15:17:34", "elapsed": 225.729099, "delta": 1.30629}}
{"target": -2.056943446462104, "params": {"C": 623.2717439353698, "epsilon": 0.7248640379485665, "gamma": 0.03416788069367796, "lamda": 0.07441698745213729}, "datetime": {"datetime": "2021-09-23 15:17:35", "elapsed": 227.265648, "delta": 1.536549}}
{"target": -1.9224529795551006, "params": {"C": 503.9902792821315, "epsilon": 0.10417222522579629, "gamma": 0.030215706617196386, "lamda": 0.08374667831772756}, "datetime": {"datetime": "2021-09-23 15:17:37", "elapsed": 229.137487, "delta": 1.871839}}
{"target": -1.9135679929005298, "params": {"C": 571.0398763098663, "epsilon": 0.135845634577839, "gamma": 0.031088520221138463, "lamda": 0.05195265179864022}, "datetime": {"datetime": "2021-09-23 15:17:39", "elapsed": 230.73329, "delta": 1.595803}}
{"target": -1.9462958840518112, "params": {"C": 504.2347151100117, "epsilon": 0.07065921096711628, "gamma": 0.03814911412550417, "lamda": 0.19598808537041185}, "datetime": {"datetime": "2021-09-23 15:17:40", "elapsed": 232.333415, "delta": 1.600125}}
{"target": -1.965936338420276, "params": {"C": 675.1939209944671, "epsilon": 0.6964829690111387, "gamma": 0.03205849955257493, "lamda": 0.02445256301448808}, "datetime": {"datetime": "2021-09-23 15:17:42", "elapsed": 233.566308, "delta": 1.232893}}
{"target": -1.9291849539818036, "params": {"C": 572.2209950504281, "epsilon": 0.040265952226791545, "gamma": 0.040238350963227656, "lamda": 0.16279706677277272}, "datetime": {"datetime": "2021-09-23 15:17:43", "elapsed": 234.796139, "delta": 1.229831}}
{"target": -1.9359588079898116, "params": {"C": 578.4059382043748, "epsilon": 0.05506859641422393, "gamma": 0.04166719465117011, "lamda": 0.12506475172565035}, "datetime": {"datetime": "2021-09-23 15:17:44", "elapsed": 236.105171, "delta": 1.309032}}
{"target": -1.9144990258196224, "params": {"C": 572.1734720891151, "epsilon": 0.07707079584674884, "gamma": 0.03255669699216245, "lamda": 0.10355881047682051}, "datetime": {"datetime": "2021-09-23 15:17:46", "elapsed": 237.972051, "delta": 1.86688}}
{"target": -1.9193033014991197, "params": {"C": 572.2538163586414, "epsilon": 0.1104569606972742, "gamma": 0.038415307072085104, "lamda": 0.08116660588467452}, "datetime": {"datetime": "2021-09-23 15:17:48", "elapsed": 239.717797, "delta": 1.745746}}
{"target": -1.9435986935770888, "params": {"C": 572.2032215955726, "epsilon": 0.0811095511845724, "gamma": 0.03326547126516245, "lamda": 0.054380540678309094}, "datetime": {"datetime": "2021-09-23 15:17:50", "elapsed": 241.775798, "delta": 2.058001}}
{"target": -1.909857569135647, "params": {"C": 557.1898209324175, "epsilon": 0.36859063555477434, "gamma": 0.035651365409446946, "lamda": 0.01858594780275111}, "datetime": {"datetime": "2021-09-23 15:17:51", "elapsed": 243.365797, "delta": 1.589999}}
{"target": -1.942832543528173, "params": {"C": 569.2736969871664, "epsilon": 0.145755514232058, "gamma": 0.0335575057870754, "lamda": 0.09689722837249687}, "datetime": {"datetime": "2021-09-23 15:17:53", "elapsed": 244.873797, "delta": 1.508}}
{"target": -1.9477470093189968, "params": {"C": 572.1957436051858, "epsilon": 0.1251600146889419, "gamma": 0.04664875840023786, "lamda": 0.0883463735362163}, "datetime": {"datetime": "2021-09-23 15:17:55", "elapsed": 246.998797, "delta": 2.125}}
{"target": -1.9612517795559063, "params": {"C": 572.2885532628144, "epsilon": 0.09824934915927505, "gamma": 0.03432474296391281, "lamda": 0.16901354219142617}, "datetime": {"datetime": "2021-09-23 15:17:57", "elapsed": 248.553799, "delta": 1.555002}}
{"target": -2.0398265854230813, "params": {"C": 605.8658496437452, "epsilon": 0.38014098613144354, "gamma": 0.0468911629656355, "lamda": 0.15583039879260702}, "datetime": {"datetime": "2021-09-23 15:17:58", "elapsed": 249.753798, "delta": 1.199999}}
{"target": -2.0179498947004095, "params": {"C": 603.8419055833381, "epsilon": 0.7966228944806878, "gamma": 0.03803456768269707, "lamda": 0.04685876192130364}, "datetime": {"datetime": "2021-09-23 15:17:59", "elapsed": 251.073798, "delta": 1.32}}
{"target": -1.9813203355358406, "params": {"C": 572.136182841226, "epsilon": 0.1270199955080229, "gamma": 0.03693520087195276, "lamda": 0.1660053757374762}, "datetime": {"datetime": "2021-09-23 15:18:01", "elapsed": 253.065796, "delta": 1.991998}}
{"target": -1.943560997081709, "params": {"C": 564.7135457671267, "epsilon": 0.13345556146043694, "gamma": 0.04199960620473991, "lamda": 0.09817883144625347}, "datetime": {"datetime": "2021-09-23 15:18:03", "elapsed": 254.788795, "delta": 1.722999}}
{"target": -1.970631401501094, "params": {"C": 572.2626671128075, "epsilon": 0.1827009006930408, "gamma": 0.030766547854019697, "lamda": 0.10418086914850258}, "datetime": {"datetime": "2021-09-23 15:18:05", "elapsed": 256.669801, "delta": 1.881006}}
{"target": -2.0409458373806517, "params": {"C": 580.953266728792, "epsilon": 0.030614457076815507, "gamma": 0.04686971047140984, "lamda": 0.08103295342704404}, "datetime": {"datetime": "2021-09-23 15:18:06", "elapsed": 258.441724, "delta": 1.771923}}
{"target": -2.0280943179073736, "params": {"C": 525.8070700929364, "epsilon": 0.32293772263942055, "gamma": 0.04193628859310178, "lamda": 0.14341638049606453}, "datetime": {"datetime": "2021-09-23 15:18:08", "elapsed": 259.695355, "delta": 1.253631}}
{"target": -2.082740812591543, "params": {"C": 567.1063439377053, "epsilon": 0.4812507854833189, "gamma": 0.03771436219932266, "lamda": 0.16646952141802385}, "datetime": {"datetime": "2021-09-23 15:18:09", "elapsed": 260.873312, "delta": 1.177957}}
{"target": -1.9170767118284617, "params": {"C": 572.0929031081812, "epsilon": 0.061191879090287706, "gamma": 0.03763175150218696, "lamda": 0.11942598756846068}, "datetime": {"datetime": "2021-09-23 15:18:11", "elapsed": 262.632106, "delta": 1.758794}}
{"target": -1.9655703996955254, "params": {"C": 572.2942675806021, "epsilon": 0.07331420607841255, "gamma": 0.046926356234393375, "lamda": 0.08655918902044547}, "datetime": {"datetime": "2021-09-23 15:18:13", "elapsed": 264.802712, "delta": 2.170606}}
{"target": -1.9334325862785136, "params": {"C": 571.0399298014161, "epsilon": 0.10960677065734696, "gamma": 0.042486328491201854, "lamda": 0.0739322574983232}, "datetime": {"datetime": "2021-09-23 15:18:14", "elapsed": 266.238262, "delta": 1.43555}}
{"target": -1.966235795599501, "params": {"C": 571.0275235746476, "epsilon": 0.19388217083471723, "gamma": 0.03998501413865841, "lamda": 0.09581194917185162}, "datetime": {"datetime": "2021-09-23 15:18:16", "elapsed": 268.155035, "delta": 1.916773}}
{"target": -2.0070375243770204, "params": {"C": 570.9993275420682, "epsilon": 0.15018361187418683, "gamma": 0.04498936631705331, "lamda": 0.0242241174297519}, "datetime": {"datetime": "2021-09-23 15:18:18", "elapsed": 269.718032, "delta": 1.562997}}
{"target": -1.97476278542043, "params": {"C": 570.6314663578503, "epsilon": 0.17811656831577377, "gamma": 0.03627191999109637, "lamda": 0.11816895313115612}, "datetime": {"datetime": "2021-09-23 15:18:19", "elapsed": 271.04208, "delta": 1.324048}}
{"target": -1.9987927435566863, "params": {"C": 541.8672966177829, "epsilon": 0.5376979642644701, "gamma": 0.0486862108121758, "lamda": 0.05079384749511218}, "datetime": {"datetime": "2021-09-23 15:18:20", "elapsed": 272.284303, "delta": 1.242223}}
{"target": -1.9475209253470855, "params": {"C": 572.1402890114138, "epsilon": 0.053379676341076196, "gamma": 0.04241879208470361, "lamda": 0.10292462663030501}, "datetime": {"datetime": "2021-09-23 15:18:22", "elapsed": 273.89041, "delta": 1.606107}}
{"target": -1.9631450409693476, "params": {"C": 569.3367408290504, "epsilon": 0.11178378783421618, "gamma": 0.05, "lamda": 0.10103002421588407}, "datetime": {"datetime": "2021-09-23 15:18:24", "elapsed": 275.521956, "delta": 1.631546}}
{"target": -1.9286715028176042, "params": {"C": 627.9453687982183, "epsilon": 0.1104092998012777, "gamma": 0.040407285140463475, "lamda": 0.08734184313437347}, "datetime": {"datetime": "2021-09-23 15:18:25", "elapsed": 277.308731, "delta": 1.786775}}
{"target": -2.0167009664401077, "params": {"C": 641.0321632621939, "epsilon": 0.31220173497755155, "gamma": 0.03648650490508791, "lamda": 0.11556728464775012}, "datetime": {"datetime": "2021-09-23 15:18:27", "elapsed": 278.646355, "delta": 1.337624}}
{"target": -1.9567140468977748, "params": {"C": 572.2010071203412, "epsilon": 0.09844382322537859, "gamma": 0.0391002068985243, "lamda": 0.1571753905853971}, "datetime": {"datetime": "2021-09-23 15:18:28", "elapsed": 280.372742, "delta": 1.726387}}
{"target": -1.977561287544444, "params": {"C": 504.201455667677, "epsilon": 0.054873720341004836, "gamma": 0.03299821233233538, "lamda": 0.044151924575879055}, "datetime": {"datetime": "2021-09-23 15:18:30", "elapsed": 282.283579, "delta": 1.910837}}
{"target": -1.9286047115074734, "params": {"C": 572.1207297413675, "epsilon": 0.10641207309440985, "gamma": 0.034452485474180346, "lamda": 0.1020711074351374}, "datetime": {"datetime": "2021-09-23 15:18:33", "elapsed": 284.577268, "delta": 2.293689}}
{"target": -1.939897982409775, "params": {"C": 504.16513926988233, "epsilon": 0.10381677667058099, "gamma": 0.03628784481566441, "lamda": 0.1350053373448254}, "datetime": {"datetime": "2021-09-23 15:18:34", "elapsed": 286.201845, "delta": 1.624577}}
{"target": -1.9601011695261252, "params": {"C": 627.9348860856452, "epsilon": 0.12198181839038598, "gamma": 0.03550881680678433, "lamda": 0.030539321328879893}, "datetime": {"datetime": "2021-09-23 15:18:36", "elapsed": 287.954848, "delta": 1.753003}}
{"target": -1.9679570081780233, "params": {"C": 500.78069751232897, "epsilon": 0.10890548487552767, "gamma": 0.042847349061130836, "lamda": 0.16639505416467204}, "datetime": {"datetime": "2021-09-23 15:18:38", "elapsed": 289.647093, "delta": 1.692245}}
{"target": -1.9152676643984436, "params": {"C": 571.128008102674, "epsilon": 0.16869065189976262, "gamma": 0.03729570442870025, "lamda": 0.03698722156838126}, "datetime": {"datetime": "2021-09-23 15:18:40", "elapsed": 291.557089, "delta": 1.909996}}
{"target": -1.9136654986345334, "params": {"C": 545.9140604105476, "epsilon": 0.1230355241229293, "gamma": 0.034841485012248125, "lamda": 0.07289898653772249}, "datetime": {"datetime": "2021-09-23 15:18:41", "elapsed": 293.323088, "delta": 1.765999}}
{"target": -2.053973088500632, "params": {"C": 547.3316991012279, "epsilon": 0.6573693744238773, "gamma": 0.038229903756994144, "lamda": 0.09187683836959883}, "datetime": {"datetime": "2021-09-23 15:18:43", "elapsed": 294.714088, "delta": 1.391}}
{"target": -2.01585970098693, "params": {"C": 571.088649346473, "epsilon": 0.185799859246129, "gamma": 0.04719352380092863, "lamda": 0.020358478134146197}, "datetime": {"datetime": "2021-09-23 15:18:44", "elapsed": 296.369087, "delta": 1.654999}}
{"target": -2.123292400123186, "params": {"C": 574.2983579532391, "epsilon": 0.633258896684579, "gamma": 0.04516978200949405, "lamda": 0.18614734295852492}, "datetime": {"datetime": "2021-09-23 15:18:46", "elapsed": 297.706111, "delta": 1.337024}}
{"target": -2.0081001513897156, "params": {"C": 522.9937624331144, "epsilon": 0.5649077005436083, "gamma": 0.04093382523750089, "lamda": 0.06325535105516289}, "datetime": {"datetime": "2021-09-23 15:18:47", "elapsed": 299.083613, "delta": 1.377502}}
{"target": -1.9645405709455401, "params": {"C": 627.7821023961241, "epsilon": 0.17921098327315357, "gamma": 0.03674727698101068, "lamda": 0.09898416048902954}, "datetime": {"datetime": "2021-09-23 15:18:49", "elapsed": 301.107489, "delta": 2.023876}}
{"target": -1.964831109003173, "params": {"C": 545.9459107131993, "epsilon": 0.10168031343413238, "gamma": 0.04904596101722149, "lamda": 0.12930094986648033}, "datetime": {"datetime": "2021-09-23 15:18:52", "elapsed": 303.80682, "delta": 2.699331}}
{"target": -1.9113145290855258, "params": {"C": 571.2213333952863, "epsilon": 0.1732692011216871, "gamma": 0.031584063831602165, "lamda": 0.04894928206114734}, "datetime": {"datetime": "2021-09-23 15:18:54", "elapsed": 305.741502, "delta": 1.934682}}
{"target": -1.9551570797664397, "params": {"C": 572.0796762517383, "epsilon": 0.04235285196256702, "gamma": 0.04495758762320555, "lamda": 0.16589392052231572}, "datetime": {"datetime": "2021-09-23 15:18:56", "elapsed": 307.614176, "delta": 1.872674}}
{"target": -2.0039783011900867, "params": {"C": 579.3343253358546, "epsilon": 0.2780484539918018, "gamma": 0.042778405231211944, "lamda": 0.11824517736430477}, "datetime": {"datetime": "2021-09-23 15:18:57", "elapsed": 309.010106, "delta": 1.39593}}
{"target": -1.9183955826530161, "params": {"C": 571.3017920236534, "epsilon": 0.18606741614858438, "gamma": 0.03488562544860137, "lamda": 0.05299971462912196}, "datetime": {"datetime": "2021-09-23 15:18:59", "elapsed": 310.814608, "delta": 1.804502}}
{"target": -1.9370363061513125, "params": {"C": 581.0203618145466, "epsilon": 0.03, "gamma": 0.03, "lamda": 0.16354811993149973}, "datetime": {"datetime": "2021-09-23 15:19:01", "elapsed": 313.031653, "delta": 2.217045}}
{"target": -1.9501896999844572, "params": {"C": 571.2026986967073, "epsilon": 0.1643339270573474, "gamma": 0.03920122538815098, "lamda": 0.09451785831209203}, "datetime": {"datetime": "2021-09-23 15:19:03", "elapsed": 315.017685, "delta": 1.986032}}
{"target": -2.002327077424583, "params": {"C": 521.1158432524015, "epsilon": 0.2857055364561836, "gamma": 0.04902467044830522, "lamda": 0.10980380896638273}, "datetime": {"datetime": "2021-09-23 15:19:04", "elapsed": 316.413367, "delta": 1.395682}}
{"target": -2.000356090161501, "params": {"C": 580.7143112179546, "epsilon": 0.30216190852034797, "gamma": 0.04006314585242166, "lamda": 0.10268400781471429}, "datetime": {"datetime": "2021-09-23 15:19:06", "elapsed": 317.908367, "delta": 1.495}}
{"target": -1.921356510044528, "params": {"C": 572.027341661165, "epsilon": 0.10926279247546376, "gamma": 0.039416250916958676, "lamda": 0.06433520192604661}, "datetime": {"datetime": "2021-09-23 15:19:08", "elapsed": 319.774886, "delta": 1.866519}}
{"target": -2.0808651771644615, "params": {"C": 572.2204322658106, "epsilon": 0.5942948581122904, "gamma": 0.043092332152312146, "lamda": 0.1475525834530183}, "datetime": {"datetime": "2021-09-23 15:19:09", "elapsed": 321.230875, "delta": 1.455989}}
{"target": -2.0272497294011713, "params": {"C": 551.9232681400176, "epsilon": 0.7553264606174205, "gamma": 0.03937573572465433, "lamda": 0.05614844128500637}, "datetime": {"datetime": "2021-09-23 15:19:11", "elapsed": 322.622344, "delta": 1.391469}}
{"target": -1.9369621857300514, "params": {"C": 506.98365119100646, "epsilon": 0.7312035029689685, "gamma": 0.036385651432147274, "lamda": 0.01887495887992282}, "datetime": {"datetime": "2021-09-23 15:19:12", "elapsed": 324.013262, "delta": 1.390918}}
{"target": -2.037895286136209, "params": {"C": 545.2876115779438, "epsilon": 0.04651448530409137, "gamma": 0.04860986516720582, "lamda": 0.0632665987445969}, "datetime": {"datetime": "2021-09-23 15:19:14", "elapsed": 325.534443, "delta": 1.521181}}
{"target": -2.079957359608144, "params": {"C": 653.4581487137416, "epsilon": 0.7045377275881589, "gamma": 0.043821730614048815, "lamda": 0.12360821784188644}, "datetime": {"datetime": "2021-09-23 15:19:15", "elapsed": 326.943312, "delta": 1.408869}}
{"target": -1.918703107107585, "params": {"C": 571.9858977630506, "epsilon": 0.07071986726601831, "gamma": 0.03377721312595014, "lamda": 0.12022865687340319}, "datetime": {"datetime": "2021-09-23 15:19:17", "elapsed": 329.195228, "delta": 2.251916}}
{"target": -1.958647141063727, "params": {"C": 571.3047869926197, "epsilon": 0.13696342831201014, "gamma": 0.04482600464935102, "lamda": 0.10697510341964435}, "datetime": {"datetime": "2021-09-23 15:19:19", "elapsed": 331.330107, "delta": 2.134879}}
{"target": -2.083466975336657, "params": {"C": 571.8127667183797, "epsilon": 0.7167776871920929, "gamma": 0.04482105209584264, "lamda": 0.1255249018173193}, "datetime": {"datetime": "2021-09-23 15:19:21", "elapsed": 332.764219, "delta": 1.434112}}
{"target": -1.9466130500138616, "params": {"C": 572.0432091223556, "epsilon": 0.09980783444223153, "gamma": 0.03, "lamda": 0.12241765345168817}, "datetime": {"datetime": "2021-09-23 15:19:23", "elapsed": 335.379459, "delta": 2.61524}}
{"target": -1.9100964927560966, "params": {"C": 571.9699332597753, "epsilon": 0.13664819624864216, "gamma": 0.03240302591637552, "lamda": 0.0475737291342888}, "datetime": {"datetime": "2021-09-23 15:19:25", "elapsed": 337.403816, "delta": 2.024357}}
{"target": -1.9880416893706916, "params": {"C": 571.2642290205774, "epsilon": 0.12436367154821729, "gamma": 0.04551501246627762, "lamda": 0.03603597742541792}, "datetime": {"datetime": "2021-09-23 15:19:27", "elapsed": 339.364877, "delta": 1.961061}}
{"target": -2.0857258027645056, "params": {"C": 566.3627421962717, "epsilon": 0.6811467777496023, "gamma": 0.037363351847652326, "lamda": 0.12073963917368699}, "datetime": {"datetime": "2021-09-23 15:19:29", "elapsed": 340.924017, "delta": 1.55914}}
{"target": -1.9338616058117013, "params": {"C": 571.9174926580549, "epsilon": 0.174578656156909, "gamma": 0.031899173245193646, "lamda": 0.06967034710291004}, "datetime": {"datetime": "2021-09-23 15:19:31", "elapsed": 342.949202, "delta": 2.025185}}
{"target": -2.0320693353957147, "params": {"C": 571.9473817797947, "epsilon": 0.08314462188900085, "gamma": 0.041884691353369134, "lamda": 0.025598838640229247}, "datetime": {"datetime": "2021-09-23 15:19:34", "elapsed": 345.618015, "delta": 2.668813}}
{"target": -1.9137505183941053, "params": {"C": 545.8591810306161, "epsilon": 0.12524508812418617, "gamma": 0.03587986118614121, "lamda": 0.04874248831278103}, "datetime": {"datetime": "2021-09-23 15:19:36", "elapsed": 347.543758, "delta": 1.925743}}
{"target": -2.0044143931086733, "params": {"C": 698.2322077362243, "epsilon": 0.3833802020577797, "gamma": 0.04340076636163713, "lamda": 0.08888948014702368}, "datetime": {"datetime": "2021-09-23 15:19:37", "elapsed": 349.041662, "delta": 1.497904}}
{"target": -1.9279582839515086, "params": {"C": 571.1495385104367, "epsilon": 0.11895098280252027, "gamma": 0.03008478624567245, "lamda": 0.044306160280428414}, "datetime": {"datetime": "2021-09-23 15:19:40", "elapsed": 351.696148, "delta": 2.654486}}
{"target": -2.0502949603159535, "params": {"C": 516.3980655214021, "epsilon": 0.3218487565761484, "gamma": 0.04331335698133007, "lamda": 0.1975538061700018}, "datetime": {"datetime": "2021-09-23 15:19:41", "elapsed": 353.127733, "delta": 1.431585}}
{"target": -1.927730777274538, "params": {"C": 571.2514030532592, "epsilon": 0.2235814103833984, "gamma": 0.0334438587029914, "lamda": 0.051981217686484366}, "datetime": {"datetime": "2021-09-23 15:19:44", "elapsed": 355.55558, "delta": 2.427847}}
{"target": -1.9745106118554465, "params": {"C": 571.1752605252846, "epsilon": 0.2464254057711827, "gamma": 0.04959642351411815, "lamda": 0.06301057782915848}, "datetime": {"datetime": "2021-09-23 15:19:46", "elapsed": 358.475943, "delta": 2.920363}}
{"target": -1.9963342647676356, "params": {"C": 573.7643706667618, "epsilon": 0.5090560217253094, "gamma": 0.04818391338360199, "lamda": 0.04651761378037342}, "datetime": {"datetime": "2021-09-23 15:19:48", "elapsed": 359.928608, "delta": 1.452665}}
{"target": -1.9564987759870875, "params": {"C": 545.8245096226565, "epsilon": 0.07647469928650073, "gamma": 0.04653289262250464, "lamda": 0.1000389308200006}, "datetime": {"datetime": "2021-09-23 15:19:50", "elapsed": 361.956075, "delta": 2.027467}}
{"target": -1.9567122394862433, "params": {"C": 545.8737038923414, "epsilon": 0.1941879683464487, "gamma": 0.04980633593289229, "lamda": 0.05532584254906472}, "datetime": {"datetime": "2021-09-23 15:19:53", "elapsed": 364.540649, "delta": 2.584574}}
