{"target": 0.9115696966834365, "params": {"C": 174.56337305765123, "epsilon": 0.5510437657174516, "gamma": 0.09379128646869374, "lamda": 0.0548455893965924}, "datetime": {"datetime": "2021-09-23 09:27:27", "elapsed": 68.149436, "delta": 0.802549}}
{"target": 0.9073216393327153, "params": {"C": 174.49658151687845, "epsilon": 0.6678276329227189, "gamma": 0.10172439902718461, "lamda": 0.09905737040944743}, "datetime": {"datetime": "2021-09-23 09:27:27", "elapsed": 68.995714, "delta": 0.846278}}
{"target": 0.8867910483059769, "params": {"C": 174.44198260251596, "epsilon": 0.5448176000435934, "gamma": 0.17583566186064462, "lamda": 0.06814823665910012}, "datetime": {"datetime": "2021-09-23 09:27:28", "elapsed": 69.877283, "delta": 0.881569}}
{"target": 0.9130752190088506, "params": {"C": 175.6655975150475, "epsilon": 0.3078696635482215, "gamma": 0.08, "lamda": 0.1}, "datetime": {"datetime": "2021-09-23 09:27:29", "elapsed": 70.693338, "delta": 0.816055}}
{"target": 0.8864361713468853, "params": {"C": 175.70461174740916, "epsilon": 0.2715612853995501, "gamma": 0.1688044801714817, "lamda": 0.05522790644670876}, "datetime": {"datetime": "2021-09-23 09:27:30", "elapsed": 71.422018, "delta": 0.72868}}
{"target": 0.9100880675191744, "params": {"C": 174.66162100437012, "epsilon": 0.5303010471974448, "gamma": 0.0931308309674131, "lamda": 0.09431862175205302}, "datetime": {"datetime": "2021-09-23 09:27:31", "elapsed": 72.340194, "delta": 0.918176}}
{"target": 0.9038015447012524, "params": {"C": 190.46426636497233, "epsilon": 0.22709350168665093, "gamma": 0.12348241943645477, "lamda": 0.09944524833907761}, "datetime": {"datetime": "2021-09-23 09:27:31", "elapsed": 72.992216, "delta": 0.652022}}
{"target": 0.9039984191303595, "params": {"C": 160.40112618385083, "epsilon": 0.36316768474916916, "gamma": 0.12188752179571395, "lamda": 0.05440179138449145}, "datetime": {"datetime": "2021-09-23 09:27:32", "elapsed": 73.719266, "delta": 0.72705}}
{"target": 0.9094316116990435, "params": {"C": 163.6883310620962, "epsilon": 0.8477266245193019, "gamma": 0.09870633489988653, "lamda": 0.04526048993984406}, "datetime": {"datetime": "2021-09-23 09:27:33", "elapsed": 74.400519, "delta": 0.681253}}
{"target": 0.9108441281944409, "params": {"C": 163.58372233450308, "epsilon": 0.897732675366666, "gamma": 0.08614416278718162, "lamda": 0.045166634754991275}, "datetime": {"datetime": "2021-09-23 09:27:34", "elapsed": 75.295551, "delta": 0.895032}}
{"target": 0.886219426521669, "params": {"C": 162.43176847494314, "epsilon": 0.6741601807629025, "gamma": 0.1776830882438742, "lamda": 0.07132164431137421}, "datetime": {"datetime": "2021-09-23 09:27:34", "elapsed": 75.885188, "delta": 0.589637}}
{"target": 0.8959783265041372, "params": {"C": 179.76801537926337, "epsilon": 0.5290799994353341, "gamma": 0.14749957078749565, "lamda": 0.07053238909587503}, "datetime": {"datetime": "2021-09-23 09:27:35", "elapsed": 76.540637, "delta": 0.655449}}
{"target": 0.8919433056770922, "params": {"C": 163.57300058512732, "epsilon": 0.7737115438583972, "gamma": 0.15585153463275886, "lamda": 0.09623328449720217}, "datetime": {"datetime": "2021-09-23 09:27:36", "elapsed": 77.272464, "delta": 0.731827}}
{"target": 0.9008690692953072, "params": {"C": 163.69786785972067, "epsilon": 0.9797619245243452, "gamma": 0.13034587022668903, "lamda": 0.05012652932610343}, "datetime": {"datetime": "2021-09-23 09:27:37", "elapsed": 78.174751, "delta": 0.902287}}
{"target": 0.8788672444899737, "params": {"C": 167.05958705155768, "epsilon": 0.1993968790957265, "gamma": 0.1902612805488523, "lamda": 0.04707550338783415}, "datetime": {"datetime": "2021-09-23 09:27:37", "elapsed": 79.067721, "delta": 0.89297}}
{"target": 0.8937736778088946, "params": {"C": 183.589514895177, "epsilon": 0.12193917719299817, "gamma": 0.1461483151500857, "lamda": 0.08874627277635658}, "datetime": {"datetime": "2021-09-23 09:27:38", "elapsed": 79.733346, "delta": 0.665625}}
{"target": 0.9105852780529212, "params": {"C": 175.66715489018952, "epsilon": 0.4290814737827562, "gamma": 0.09567194603302251, "lamda": 0.08788703797284061}, "datetime": {"datetime": "2021-09-23 09:27:39", "elapsed": 80.490065, "delta": 0.756719}}
{"target": 0.9144385255364688, "params": {"C": 174.83959684515816, "epsilon": 0.3632684715166912, "gamma": 0.08083448424645764, "lamda": 0.056664113362713084}, "datetime": {"datetime": "2021-09-23 09:27:40", "elapsed": 81.327753, "delta": 0.837688}}
{"target": 0.9131708714679954, "params": {"C": 166.91601296263843, "epsilon": 0.4699760447868448, "gamma": 0.08099307462835008, "lamda": 0.06111619765733733}, "datetime": {"datetime": "2021-09-23 09:27:41", "elapsed": 82.215921, "delta": 0.888168}}
{"target": 0.91191136267591, "params": {"C": 187.54650909559646, "epsilon": 0.8803224362952342, "gamma": 0.08, "lamda": 0.045}, "datetime": {"datetime": "2021-09-23 09:27:42", "elapsed": 83.248634, "delta": 1.032713}}
{"target": 0.9103623824214181, "params": {"C": 187.56881649855868, "epsilon": 0.993600990359248, "gamma": 0.08191872254101193, "lamda": 0.05734115460403323}, "datetime": {"datetime": "2021-09-23 09:27:43", "elapsed": 84.10653, "delta": 0.857896}}
{"target": 0.8971005017583641, "params": {"C": 179.7827713820637, "epsilon": 0.5294751664207564, "gamma": 0.142094742158416, "lamda": 0.048099977428451145}, "datetime": {"datetime": "2021-09-23 09:27:43", "elapsed": 84.765621, "delta": 0.659091}}
{"target": 0.881315878854844, "params": {"C": 187.5669239885844, "epsilon": 0.9136559155568269, "gamma": 0.19085887745297647, "lamda": 0.07119001012769884}, "datetime": {"datetime": "2021-09-23 09:27:44", "elapsed": 85.659391, "delta": 0.89377}}
{"target": 0.8902920406493885, "params": {"C": 199.98489702717626, "epsilon": 0.9396046002007145, "gamma": 0.16339174834803022, "lamda": 0.05967890132114417}, "datetime": {"datetime": "2021-09-23 09:27:45", "elapsed": 86.361096, "delta": 0.701705}}
{"target": 0.894613487281621, "params": {"C": 168.0781681679066, "epsilon": 0.6581670619779526, "gamma": 0.15003024445838126, "lamda": 0.05147801097352834}, "datetime": {"datetime": "2021-09-23 09:27:46", "elapsed": 87.203665, "delta": 0.842569}}
{"target": 0.8858352424467728, "params": {"C": 167.77226776347996, "epsilon": 0.15546805966459515, "gamma": 0.1684778812639522, "lamda": 0.06540328346312695}, "datetime": {"datetime": "2021-09-23 09:27:46", "elapsed": 87.915882, "delta": 0.712217}}
{"target": 0.8861766928399541, "params": {"C": 166.9618308438886, "epsilon": 0.4532400272349122, "gamma": 0.178184297981531, "lamda": 0.09826295944739105}, "datetime": {"datetime": "2021-09-23 09:27:47", "elapsed": 88.732792, "delta": 0.81691}}
{"target": 0.9115751972551808, "params": {"C": 187.44814057713577, "epsilon": 0.7839818140489057, "gamma": 0.08496537972232338, "lamda": 0.0548119916768587}, "datetime": {"datetime": "2021-09-23 09:27:48", "elapsed": 89.557638, "delta": 0.824846}}
{"target": 0.9088007137004703, "params": {"C": 187.3475603242792, "epsilon": 0.8728032481138768, "gamma": 0.09243768974942697, "lamda": 0.07620454464615883}, "datetime": {"datetime": "2021-09-23 09:27:49", "elapsed": 90.486526, "delta": 0.928888}}
{"target": 0.9001431948474353, "params": {"C": 173.116184520668, "epsilon": 0.8747657665390196, "gamma": 0.1317293157404688, "lamda": 0.07004470726926089}, "datetime": {"datetime": "2021-09-23 09:27:50", "elapsed": 91.184068, "delta": 0.697542}}
{"target": 0.910024428828567, "params": {"C": 187.3283003226668, "epsilon": 0.6925194093858827, "gamma": 0.08918611608788485, "lamda": 0.08383615168587777}, "datetime": {"datetime": "2021-09-23 09:27:50", "elapsed": 92.062858, "delta": 0.87879}}
{"target": 0.8816986885315552, "params": {"C": 187.37221745679776, "epsilon": 0.7584225531593074, "gamma": 0.19219876636034985, "lamda": 0.06600094693709037}, "datetime": {"datetime": "2021-09-23 09:27:51", "elapsed": 93.021049, "delta": 0.958191}}
{"target": 0.9103960089987515, "params": {"C": 187.25930834720705, "epsilon": 0.6017908614570087, "gamma": 0.08, "lamda": 0.1}, "datetime": {"datetime": "2021-09-23 09:27:52", "elapsed": 93.990713, "delta": 0.969664}}
{"target": 0.9107671299723281, "params": {"C": 187.16365711290365, "epsilon": 0.6660901054436473, "gamma": 0.0954527830714842, "lamda": 0.056674683301983046}, "datetime": {"datetime": "2021-09-23 09:27:53", "elapsed": 94.874242, "delta": 0.883529}}
{"target": 0.9073002966168453, "params": {"C": 181.3712720653632, "epsilon": 0.35050376020754115, "gamma": 0.11268935763367674, "lamda": 0.07480686976635513}, "datetime": {"datetime": "2021-09-23 09:27:54", "elapsed": 95.582175, "delta": 0.707933}}
{"target": 0.9005418183956444, "params": {"C": 187.18219420013818, "epsilon": 0.5282208729698471, "gamma": 0.1334341818514566, "lamda": 0.0604938904686835}, "datetime": {"datetime": "2021-09-23 09:27:55", "elapsed": 96.463756, "delta": 0.881581}}
{"target": 0.8947854140456671, "params": {"C": 169.44502282573507, "epsilon": 0.3204240907038378, "gamma": 0.14698856473211058, "lamda": 0.06009761409699875}, "datetime": {"datetime": "2021-09-23 09:27:56", "elapsed": 97.182595, "delta": 0.718839}}
{"target": 0.911582063433267, "params": {"C": 187.84975876869834, "epsilon": 0.4757434065086513, "gamma": 0.08093655791026413, "lamda": 0.09863282841754492}, "datetime": {"datetime": "2021-09-23 09:27:57", "elapsed": 98.177285, "delta": 0.99469}}
{"target": 0.9073473128056571, "params": {"C": 187.422696005393, "epsilon": 0.9762657346111937, "gamma": 0.09496464159010153, "lamda": 0.08078853132542488}, "datetime": {"datetime": "2021-09-23 09:27:58", "elapsed": 99.100752, "delta": 0.923467}}
{"target": 0.9099141486008531, "params": {"C": 174.62423829933127, "epsilon": 0.6405103600853448, "gamma": 0.08077451745107529, "lamda": 0.0954559323121762}, "datetime": {"datetime": "2021-09-23 09:27:59", "elapsed": 100.243908, "delta": 1.143156}}
{"target": 0.9079560229655858, "params": {"C": 168.3095618709918, "epsilon": 0.7778086940631119, "gamma": 0.08, "lamda": 0.1}, "datetime": {"datetime": "2021-09-23 09:28:00", "elapsed": 101.198855, "delta": 0.954947}}
{"target": 0.9076199039741295, "params": {"C": 187.13292349490973, "epsilon": 0.8003346665633758, "gamma": 0.09907169825916427, "lamda": 0.08729487560671323}, "datetime": {"datetime": "2021-09-23 09:28:01", "elapsed": 102.275755, "delta": 1.0769}}
{"target": 0.8980956060702385, "params": {"C": 182.28829753824644, "epsilon": 0.16144538241878678, "gamma": 0.1366014035177381, "lamda": 0.09610416147081433}, "datetime": {"datetime": "2021-09-23 09:28:01", "elapsed": 103.050375, "delta": 0.77462}}
{"target": 0.9056022335998918, "params": {"C": 196.5433214362056, "epsilon": 1.0, "gamma": 0.08, "lamda": 0.1}, "datetime": {"datetime": "2021-09-23 09:28:03", "elapsed": 104.242394, "delta": 1.192019}}
{"target": 0.9067613723984598, "params": {"C": 187.00006268991615, "epsilon": 0.6771423328516156, "gamma": 0.11299845179264986, "lamda": 0.056147083898194075}, "datetime": {"datetime": "2021-09-23 09:28:04", "elapsed": 105.230625, "delta": 0.988231}}
{"target": 0.8834123302247266, "params": {"C": 150.16877025881394, "epsilon": 0.11238545058617927, "gamma": 0.17294234960699012, "lamda": 0.07023699998792929}, "datetime": {"datetime": "2021-09-23 09:28:04", "elapsed": 106.029176, "delta": 0.798551}}
{"target": 0.9081636018001779, "params": {"C": 187.2084718022547, "epsilon": 0.970159687181508, "gamma": 0.08662105502782237, "lamda": 0.08065394985868338}, "datetime": {"datetime": "2021-09-23 09:28:06", "elapsed": 107.242019, "delta": 1.212843}}
{"target": 0.9073779401922669, "params": {"C": 168.29966780933813, "epsilon": 0.6256981462562053, "gamma": 0.10915134693613505, "lamda": 0.06573722712112956}, "datetime": {"datetime": "2021-09-23 09:28:07", "elapsed": 108.404825, "delta": 1.162806}}
{"target": 0.8822709104035089, "params": {"C": 153.65146983491155, "epsilon": 0.9143558775121974, "gamma": 0.18876355195228672, "lamda": 0.06282946052770441}, "datetime": {"datetime": "2021-09-23 09:28:08", "elapsed": 109.207693, "delta": 0.802868}}
{"target": 0.9109837544972885, "params": {"C": 174.69248053259096, "epsilon": 0.7960722621244376, "gamma": 0.0827211268488641, "lamda": 0.05890430943605926}, "datetime": {"datetime": "2021-09-23 09:28:08", "elapsed": 109.964677, "delta": 0.756984}}
{"target": 0.9049952846392191, "params": {"C": 168.2197529738661, "epsilon": 0.8913174544472412, "gamma": 0.10734323365993884, "lamda": 0.08803255282386678}, "datetime": {"datetime": "2021-09-23 09:28:09", "elapsed": 111.004691, "delta": 1.040014}}
{"target": 0.8809516367157165, "params": {"C": 168.35428873400997, "epsilon": 0.7763191279187868, "gamma": 0.19515536575117554, "lamda": 0.051900477773868164}, "datetime": {"datetime": "2021-09-23 09:28:10", "elapsed": 111.922519, "delta": 0.917828}}
{"target": 0.8959234070888271, "params": {"C": 189.11179562327413, "epsilon": 0.8790220185050202, "gamma": 0.1470524673326219, "lamda": 0.06277088342677006}, "datetime": {"datetime": "2021-09-23 09:28:11", "elapsed": 112.651508, "delta": 0.728989}}
{"target": 0.895850646635907, "params": {"C": 180.67664769457645, "epsilon": 0.5422559420947949, "gamma": 0.14606967392652814, "lamda": 0.05149367809780764}, "datetime": {"datetime": "2021-09-23 09:28:12", "elapsed": 113.393408, "delta": 0.7419}}
{"target": 0.907937130910925, "params": {"C": 174.80305742754854, "epsilon": 0.8263077967933773, "gamma": 0.081069247034616, "lamda": 0.09639375898734773}, "datetime": {"datetime": "2021-09-23 09:28:13", "elapsed": 114.387251, "delta": 0.993843}}
{"target": 0.8970680875665735, "params": {"C": 163.92535686191925, "epsilon": 0.9649053948363869, "gamma": 0.1421800491638677, "lamda": 0.05440661084838914}, "datetime": {"datetime": "2021-09-23 09:28:14", "elapsed": 115.217662, "delta": 0.830411}}
{"target": 0.8872747535158747, "params": {"C": 157.20124751625227, "epsilon": 0.5959419234556401, "gamma": 0.17363477434424998, "lamda": 0.09137998950166784}, "datetime": {"datetime": "2021-09-23 09:28:14", "elapsed": 115.960007, "delta": 0.742345}}
{"target": 0.91028483997918, "params": {"C": 163.47574418082104, "epsilon": 0.9903974055427629, "gamma": 0.08318496351882394, "lamda": 0.05017700027546054}, "datetime": {"datetime": "2021-09-23 09:28:16", "elapsed": 117.085022, "delta": 1.125015}}
{"target": 0.9097962697907145, "params": {"C": 163.42586027052425, "epsilon": 0.8707872343309553, "gamma": 0.08769257792889865, "lamda": 0.06100335124858986}, "datetime": {"datetime": "2021-09-23 09:28:17", "elapsed": 118.32471, "delta": 1.239688}}
{"target": 0.9080249368281547, "params": {"C": 163.32981361445434, "epsilon": 0.96295024063254, "gamma": 0.0835356059416462, "lamda": 0.0763568548484945}, "datetime": {"datetime": "2021-09-23 09:28:18", "elapsed": 119.440694, "delta": 1.115984}}
{"target": 0.8888498997366545, "params": {"C": 163.46821254645843, "epsilon": 0.9150648286052473, "gamma": 0.16811224830755506, "lamda": 0.04885143374567505}, "datetime": {"datetime": "2021-09-23 09:28:19", "elapsed": 120.501638, "delta": 1.060944}}
{"target": 0.872975802274661, "params": {"C": 162.92570929531016, "epsilon": 0.08112225886796513, "gamma": 0.1983668893156464, "lamda": 0.05003375573307133}, "datetime": {"datetime": "2021-09-23 09:28:20", "elapsed": 121.322174, "delta": 0.820536}}
{"target": 0.9095960119811076, "params": {"C": 163.31193513280678, "epsilon": 0.8148780501701821, "gamma": 0.08, "lamda": 0.07280928481974727}, "datetime": {"datetime": "2021-09-23 09:28:21", "elapsed": 122.544407, "delta": 1.222233}}
{"target": 0.9008206108521125, "params": {"C": 154.73432414877624, "epsilon": 0.3716646049639338, "gamma": 0.13198428126967582, "lamda": 0.09644720862566392}, "datetime": {"datetime": "2021-09-23 09:28:22", "elapsed": 123.339653, "delta": 0.795246}}
{"target": 0.8935048978730031, "params": {"C": 187.06648169317663, "epsilon": 0.9250601077520556, "gamma": 0.15404237995960254, "lamda": 0.05894824411418749}, "datetime": {"datetime": "2021-09-23 09:28:23", "elapsed": 124.368988, "delta": 1.029335}}
{"target": 0.9110427334929267, "params": {"C": 187.23039187731578, "epsilon": 0.8249637514191244, "gamma": 0.0805083801246719, "lamda": 0.06115822396908711}, "datetime": {"datetime": "2021-09-23 09:28:24", "elapsed": 125.448163, "delta": 1.079175}}
{"target": 0.9118951885432267, "params": {"C": 175.80346444728562, "epsilon": 0.4463241256219488, "gamma": 0.08746524987471506, "lamda": 0.08008477973591185}, "datetime": {"datetime": "2021-09-23 09:28:25", "elapsed": 126.652744, "delta": 1.204581}}
{"target": 0.9105333649295762, "params": {"C": 175.75364578471263, "epsilon": 0.5540092574437069, "gamma": 0.08, "lamda": 0.1}, "datetime": {"datetime": "2021-09-23 09:28:26", "elapsed": 127.811156, "delta": 1.158412}}
{"target": 0.8880038333623577, "params": {"C": 175.88214319021372, "epsilon": 0.5370645679626019, "gamma": 0.1721209018494599, "lamda": 0.09617446799305318}, "datetime": {"datetime": "2021-09-23 09:28:27", "elapsed": 129.002575, "delta": 1.191419}}
{"target": 0.913439681096998, "params": {"C": 188.39180249294876, "epsilon": 0.318121901438968, "gamma": 0.08077967390021008, "lamda": 0.09263694484619911}, "datetime": {"datetime": "2021-09-23 09:28:29", "elapsed": 130.160977, "delta": 1.158402}}
{"target": 0.9139940705301498, "params": {"C": 188.4872954045615, "epsilon": 0.3753616602651378, "gamma": 0.08571524831222646, "lamda": 0.05594715985902282}, "datetime": {"datetime": "2021-09-23 09:28:30", "elapsed": 131.462639, "delta": 1.301662}}
{"target": 0.8900836415656701, "params": {"C": 183.95533670854388, "epsilon": 0.21438797193463233, "gamma": 0.1614425321002857, "lamda": 0.09345109225918202}, "datetime": {"datetime": "2021-09-23 09:28:31", "elapsed": 132.294202, "delta": 0.831563}}
{"target": 0.9089051780758303, "params": {"C": 182.50497762185933, "epsilon": 0.43693761616165155, "gamma": 0.10554125678063436, "lamda": 0.0744763416326698}, "datetime": {"datetime": "2021-09-23 09:28:32", "elapsed": 133.101082, "delta": 0.80688}}
{"target": 0.890705158582886, "params": {"C": 180.4300689783277, "epsilon": 0.3481613812532045, "gamma": 0.16337167045796744, "lamda": 0.09822436269948767}, "datetime": {"datetime": "2021-09-23 09:28:32", "elapsed": 133.852509, "delta": 0.751427}}
{"target": 0.9048603319093605, "params": {"C": 192.36383974795103, "epsilon": 0.8543961547367269, "gamma": 0.11035819176922658, "lamda": 0.08815160911480888}, "datetime": {"datetime": "2021-09-23 09:28:33", "elapsed": 134.631923, "delta": 0.779414}}
{"target": 0.9113430688400068, "params": {"C": 188.36060676632218, "epsilon": 0.42376312308539626, "gamma": 0.09694994386780917, "lamda": 0.0674049775647435}, "datetime": {"datetime": "2021-09-23 09:28:34", "elapsed": 135.800601, "delta": 1.168678}}
{"target": 0.8860770851535382, "params": {"C": 188.43018996373877, "epsilon": 0.35350926573384783, "gamma": 0.17164992806674262, "lamda": 0.048547583100877374}, "datetime": {"datetime": "2021-09-23 09:28:35", "elapsed": 136.913667, "delta": 1.113066}}
{"target": 0.8815156723042679, "params": {"C": 157.04642850434644, "epsilon": 0.5765110373475307, "gamma": 0.19009481763651231, "lamda": 0.05151467984995026}, "datetime": {"datetime": "2021-09-23 09:28:36", "elapsed": 137.728605, "delta": 0.814938}}
{"target": 0.9099528566314098, "params": {"C": 194.93193122429875, "epsilon": 0.6071729726541681, "gamma": 0.10122435242183957, "lamda": 0.05775155227019435}, "datetime": {"datetime": "2021-09-23 09:28:37", "elapsed": 138.58017, "delta": 0.851565}}
{"target": 0.8889676474650708, "params": {"C": 155.1607143381612, "epsilon": 0.11831318798322042, "gamma": 0.1566910247917213, "lamda": 0.06533293846011787}, "datetime": {"datetime": "2021-09-23 09:28:38", "elapsed": 139.48631, "delta": 0.90614}}
{"target": 0.9129467230798479, "params": {"C": 188.62993066126577, "epsilon": 0.32890969201930115, "gamma": 0.08968272556989858, "lamda": 0.0797490827053142}, "datetime": {"datetime": "2021-09-23 09:28:39", "elapsed": 140.777881, "delta": 1.291571}}
{"target": 0.8829970779480817, "params": {"C": 188.65707076171117, "epsilon": 0.4025587217935238, "gamma": 0.18653691554608154, "lamda": 0.06871247057865333}, "datetime": {"datetime": "2021-09-23 09:28:40", "elapsed": 141.986792, "delta": 1.208911}}
{"target": 0.9137037696684871, "params": {"C": 188.54989104754236, "epsilon": 0.2443019596672222, "gamma": 0.08880484891014784, "lamda": 0.08044255307286784}, "datetime": {"datetime": "2021-09-23 09:28:41", "elapsed": 143.030896, "delta": 1.044104}}
{"target": 0.9143829931833105, "params": {"C": 188.72984685407815, "epsilon": 0.24587237285432423, "gamma": 0.08327399648461249, "lamda": 0.0851288528416009}, "datetime": {"datetime": "2021-09-23 09:28:43", "elapsed": 144.38412, "delta": 1.353224}}
{"target": 0.8905366140491691, "params": {"C": 188.81735248262677, "epsilon": 0.21929675316156436, "gamma": 0.16030882343026764, "lamda": 0.093470160583906}, "datetime": {"datetime": "2021-09-23 09:28:44", "elapsed": 145.70953, "delta": 1.32541}}
{"target": 0.8993973257801638, "params": {"C": 161.42296303424615, "epsilon": 0.762922852961781, "gamma": 0.13077918087617177, "lamda": 0.09858283058814576}, "datetime": {"datetime": "2021-09-23 09:28:45", "elapsed": 146.51828, "delta": 0.80875}}
{"target": 0.9125001291590256, "params": {"C": 188.6169929086938, "epsilon": 0.21158009231194813, "gamma": 0.09498505214446477, "lamda": 0.08789841017913921}, "datetime": {"datetime": "2021-09-23 09:28:46", "elapsed": 147.959988, "delta": 1.441708}}
{"target": 0.9129864503915002, "params": {"C": 188.41837377354653, "epsilon": 0.541151513845387, "gamma": 0.08095389796437293, "lamda": 0.05924579917886917}, "datetime": {"datetime": "2021-09-23 09:28:48", "elapsed": 149.311394, "delta": 1.351406}}
{"target": 0.8948445096135189, "params": {"C": 188.376838982697, "epsilon": 0.6088998190630507, "gamma": 0.15123243460071156, "lamda": 0.0669084658189769}, "datetime": {"datetime": "2021-09-23 09:28:49", "elapsed": 150.825994, "delta": 1.5146}}
