{"target": -1.9737249385132625, "params": {"C": 184.49250248390095, "epsilon": 0.05040088520782243, "gamma": 0.03355079797322837, "lamda": 0.12026050391729791}, "datetime": {"datetime": "2021-09-23 13:59:39", "elapsed": 25.693683, "delta": 0.645155}}
{"target": -2.0882721720332245, "params": {"C": 217.49919070626396, "epsilon": 0.5179962235633986, "gamma": 0.051985436800462914, "lamda": 0.17379417849116308}, "datetime": {"datetime": "2021-09-23 13:59:40", "elapsed": 26.347682, "delta": 0.653999}}
{"target": -2.0048215431068144, "params": {"C": 269.24197733126874, "epsilon": 0.20479041474611612, "gamma": 0.05999942403123801, "lamda": 0.16529096156826256}, "datetime": {"datetime": "2021-09-23 13:59:41", "elapsed": 27.077452, "delta": 0.72977}}
{"target": -1.911150994267146, "params": {"C": 269.0962194478493, "epsilon": 0.2165460437034528, "gamma": 0.04111993932652149, "lamda": 0.060751571542889404}, "datetime": {"datetime": "2021-09-23 13:59:42", "elapsed": 27.923786, "delta": 0.846334}}
{"target": -1.9114717418545142, "params": {"C": 268.9607866648397, "epsilon": 0.19096484444192702, "gamma": 0.04387810995040764, "lamda": 0.07023258655346798}, "datetime": {"datetime": "2021-09-23 13:59:42", "elapsed": 28.677791, "delta": 0.754005}}
{"target": -2.0000688609331077, "params": {"C": 269.15653504992235, "epsilon": 0.11646049658846026, "gamma": 0.04987386502408299, "lamda": 0.02413987983532975}, "datetime": {"datetime": "2021-09-23 13:59:43", "elapsed": 29.597014, "delta": 0.919223}}
{"target": -1.9840705320173244, "params": {"C": 269.03125102097954, "epsilon": 0.11520687823174117, "gamma": 0.04470808280752211, "lamda": 0.02290979311795122}, "datetime": {"datetime": "2021-09-23 13:59:45", "elapsed": 30.698592, "delta": 1.101578}}
{"target": -1.933024941772473, "params": {"C": 269.08056374911797, "epsilon": 0.05747960373444873, "gamma": 0.03581260805489413, "lamda": 0.20941243952380018}, "datetime": {"datetime": "2021-09-23 13:59:45", "elapsed": 31.56329, "delta": 0.864698}}
{"target": -1.9546627183731342, "params": {"C": 268.8808453585167, "epsilon": 0.10565510312123286, "gamma": 0.04819089164968989, "lamda": 0.07698005387592105}, "datetime": {"datetime": "2021-09-23 13:59:46", "elapsed": 32.355291, "delta": 0.792001}}
{"target": -1.957719492076589, "params": {"C": 268.8669913802455, "epsilon": 0.2655866504508596, "gamma": 0.05584157003075056, "lamda": 0.04428768869914465}, "datetime": {"datetime": "2021-09-23 13:59:47", "elapsed": 33.07983, "delta": 0.724539}}
{"target": -1.9849514240721033, "params": {"C": 269.0128793025437, "epsilon": 0.2393539483524177, "gamma": 0.027836788098066292, "lamda": 0.09670754872017066}, "datetime": {"datetime": "2021-09-23 13:59:48", "elapsed": 33.789, "delta": 0.70917}}
{"target": -2.0588718691155656, "params": {"C": 268.82685076734685, "epsilon": 0.2121648018935335, "gamma": 0.026114365897724125, "lamda": 0.18578004046161672}, "datetime": {"datetime": "2021-09-23 13:59:48", "elapsed": 34.389998, "delta": 0.600998}}
{"target": -2.005562044513528, "params": {"C": 349.6090383477274, "epsilon": 0.03595981786754199, "gamma": 0.0467901089961743, "lamda": 0.07902214832325494}, "datetime": {"datetime": "2021-09-23 13:59:49", "elapsed": 35.181969, "delta": 0.791971}}
{"target": -2.2042792092772494, "params": {"C": 231.24214419836224, "epsilon": 0.5935170874675838, "gamma": 0.02705100160100263, "lamda": 0.21028664407610215}, "datetime": {"datetime": "2021-09-23 13:59:50", "elapsed": 35.759341, "delta": 0.577372}}
{"target": -2.053437388716902, "params": {"C": 194.11709397249052, "epsilon": 0.19208390580906354, "gamma": 0.02374330950244825, "lamda": 0.11276182760233196}, "datetime": {"datetime": "2021-09-23 13:59:50", "elapsed": 36.500342, "delta": 0.741001}}
{"target": -1.943376689663934, "params": {"C": 349.85453494908506, "epsilon": 0.04828773355833034, "gamma": 0.045134098622198, "lamda": 0.2734847444909251}, "datetime": {"datetime": "2021-09-23 13:59:51", "elapsed": 37.117886, "delta": 0.617544}}
{"target": -1.922279939285844, "params": {"C": 194.03900263721863, "epsilon": 0.4565138266380253, "gamma": 0.04591275153450692, "lamda": 0.04233300765966233}, "datetime": {"datetime": "2021-09-23 13:59:52", "elapsed": 37.824115, "delta": 0.706229}}
{"target": -1.9409993338435836, "params": {"C": 269.2075186272147, "epsilon": 0.06790832101621619, "gamma": 0.04829459359503019, "lamda": 0.22851750720906272}, "datetime": {"datetime": "2021-09-23 13:59:52", "elapsed": 38.475092, "delta": 0.650977}}
{"target": -1.9820810863710245, "params": {"C": 347.98708324786094, "epsilon": 0.33643168315639305, "gamma": 0.05243494554798803, "lamda": 0.08113792883540599}, "datetime": {"datetime": "2021-09-23 13:59:53", "elapsed": 39.256823, "delta": 0.781731}}
{"target": -2.057258989852248, "params": {"C": 366.09329356463604, "epsilon": 0.2093845854024448, "gamma": 0.057061251853904066, "lamda": 0.27221597179692336}, "datetime": {"datetime": "2021-09-23 13:59:54", "elapsed": 39.913651, "delta": 0.656828}}
{"target": -2.075003769459623, "params": {"C": 193.94163449101967, "epsilon": 0.5125506488202942, "gamma": 0.056880124828818227, "lamda": 0.1483823622471111}, "datetime": {"datetime": "2021-09-23 13:59:54", "elapsed": 40.629651, "delta": 0.716}}
{"target": -2.1124799682947977, "params": {"C": 272.7474297220509, "epsilon": 0.6170908365157683, "gamma": 0.05363377185399615, "lamda": 0.1675915616567613}, "datetime": {"datetime": "2021-09-23 13:59:55", "elapsed": 41.412687, "delta": 0.783036}}
{"target": -1.9199737765798135, "params": {"C": 269.09169053555695, "epsilon": 0.4024876400517965, "gamma": 0.0412137731537948, "lamda": 0.027664803424282215}, "datetime": {"datetime": "2021-09-23 13:59:56", "elapsed": 42.392686, "delta": 0.979999}}
{"target": -2.088981558600934, "params": {"C": 216.8996855388777, "epsilon": 0.7631554551086758, "gamma": 0.041091999146413795, "lamda": 0.12027490521483986}, "datetime": {"datetime": "2021-09-23 13:59:57", "elapsed": 43.123219, "delta": 0.730533}}
{"target": -2.0116215139381874, "params": {"C": 269.0765686573176, "epsilon": 0.40410699692115337, "gamma": 0.051542321540788236, "lamda": 0.11775876728385909}, "datetime": {"datetime": "2021-09-23 13:59:58", "elapsed": 43.938463, "delta": 0.815244}}
{"target": -1.9464007833616563, "params": {"C": 269.0628329605242, "epsilon": 0.32417045097755415, "gamma": 0.031036003360266018, "lamda": 0.020964910717238845}, "datetime": {"datetime": "2021-09-23 13:59:59", "elapsed": 44.792459, "delta": 0.853996}}
{"target": -1.9838774132636587, "params": {"C": 194.14053602423223, "epsilon": 0.4200270001813081, "gamma": 0.05070302202610374, "lamda": 0.10355114939801152}, "datetime": {"datetime": "2021-09-23 13:59:59", "elapsed": 45.46724, "delta": 0.674781}}
{"target": -2.050903341082153, "params": {"C": 266.22911669091206, "epsilon": 0.036361827787619885, "gamma": 0.02181594271798377, "lamda": 0.19100296014845064}, "datetime": {"datetime": "2021-09-23 14:00:00", "elapsed": 46.244239, "delta": 0.776999}}
{"target": -2.0182924917096123, "params": {"C": 269.22320312467247, "epsilon": 0.4731501870997846, "gamma": 0.02963562853580394, "lamda": 0.07316573831794056}, "datetime": {"datetime": "2021-09-23 14:00:01", "elapsed": 46.901903, "delta": 0.657664}}
{"target": -2.2765974437016805, "params": {"C": 260.0310320802911, "epsilon": 0.5808351731505828, "gamma": 0.02436524357036361, "lamda": 0.27613238822725555}, "datetime": {"datetime": "2021-09-23 14:00:01", "elapsed": 47.432295, "delta": 0.530392}}
{"target": -2.0357278375030896, "params": {"C": 194.06628685991188, "epsilon": 0.5495728223997219, "gamma": 0.024437497534298424, "lamda": 0.016543267701741516}, "datetime": {"datetime": "2021-09-23 14:00:02", "elapsed": 48.257925, "delta": 0.82563}}
{"target": -2.0059009369951712, "params": {"C": 269.1578855745579, "epsilon": 0.35266115480143045, "gamma": 0.02396069262075925, "lamda": 0.01883139389862151}, "datetime": {"datetime": "2021-09-23 14:00:03", "elapsed": 49.102926, "delta": 0.845001}}
{"target": -2.065113222879051, "params": {"C": 383.93522633085036, "epsilon": 0.7631999921612567, "gamma": 0.023458885593486876, "lamda": 0.043927582043873856}, "datetime": {"datetime": "2021-09-23 14:00:04", "elapsed": 49.810262, "delta": 0.707336}}
{"target": -2.108435349863816, "params": {"C": 274.8830373141591, "epsilon": 0.3606101637789485, "gamma": 0.03251707153484231, "lamda": 0.22402707262901184}, "datetime": {"datetime": "2021-09-23 14:00:04", "elapsed": 50.38652, "delta": 0.576258}}
{"target": -2.059799130497476, "params": {"C": 186.8501845987097, "epsilon": 0.47706322519171296, "gamma": 0.02357718471898151, "lamda": 0.07658260242784473}, "datetime": {"datetime": "2021-09-23 14:00:05", "elapsed": 51.027372, "delta": 0.640852}}
{"target": -2.0081664401443917, "params": {"C": 349.99257195247026, "epsilon": 0.03, "gamma": 0.06, "lamda": 0.3}, "datetime": {"datetime": "2021-09-23 14:00:06", "elapsed": 51.904376, "delta": 0.877004}}
{"target": -1.9568340829018835, "params": {"C": 217.3488144045926, "epsilon": 0.1014131990120092, "gamma": 0.03823967409797557, "lamda": 0.2552421743637081}, "datetime": {"datetime": "2021-09-23 14:00:07", "elapsed": 52.707376, "delta": 0.803}}
{"target": -2.085994165105238, "params": {"C": 217.25386457096664, "epsilon": 0.16152986008197948, "gamma": 0.02027068190411848, "lamda": 0.11647516235670365}, "datetime": {"datetime": "2021-09-23 14:00:07", "elapsed": 53.433767, "delta": 0.726391}}
{"target": -2.193752314576669, "params": {"C": 238.0536969161901, "epsilon": 0.5922244134340762, "gamma": 0.038181331639930136, "lamda": 0.266555905046263}, "datetime": {"datetime": "2021-09-23 14:00:08", "elapsed": 53.967765, "delta": 0.533998}}
{"target": -2.0095427899813334, "params": {"C": 217.46657107531405, "epsilon": 0.03, "gamma": 0.06, "lamda": 0.3}, "datetime": {"datetime": "2021-09-23 14:00:08", "elapsed": 54.678228, "delta": 0.710463}}
{"target": -2.020115170740695, "params": {"C": 325.5225894534459, "epsilon": 0.11899492471709734, "gamma": 0.05889160931654375, "lamda": 0.26152053934023306}, "datetime": {"datetime": "2021-09-23 14:00:09", "elapsed": 55.224032, "delta": 0.545804}}
{"target": -2.088752044307131, "params": {"C": 193.91039055965226, "epsilon": 0.3471505563829652, "gamma": 0.02088835959931045, "lamda": 0.03716586616651161}, "datetime": {"datetime": "2021-09-23 14:00:10", "elapsed": 56.040031, "delta": 0.815999}}
{"target": -1.9453567239178076, "params": {"C": 184.3304952887526, "epsilon": 0.3140935566373697, "gamma": 0.045932829889519966, "lamda": 0.0928824451452468}, "datetime": {"datetime": "2021-09-23 14:00:11", "elapsed": 56.73603, "delta": 0.695999}}
{"target": -1.9856871037808452, "params": {"C": 269.02417582409834, "epsilon": 0.5696540832666922, "gamma": 0.029327179413773167, "lamda": 0.0454091753162048}, "datetime": {"datetime": "2021-09-23 14:00:11", "elapsed": 57.616897, "delta": 0.880867}}
{"target": -1.9540896177138545, "params": {"C": 349.92273878021086, "epsilon": 0.04662174047891758, "gamma": 0.02932310124706569, "lamda": 0.09605332470490618}, "datetime": {"datetime": "2021-09-23 14:00:12", "elapsed": 58.466594, "delta": 0.849697}}
{"target": -1.9912500617233764, "params": {"C": 184.39405888719114, "epsilon": 0.40019053907143964, "gamma": 0.03498826248571284, "lamda": 0.09400606105270665}, "datetime": {"datetime": "2021-09-23 14:00:13", "elapsed": 59.572052, "delta": 1.105458}}
{"target": -2.0325601990126634, "params": {"C": 350.07425730357414, "epsilon": 0.09341355564261082, "gamma": 0.05731524723112556, "lamda": 0.04895068081183794}, "datetime": {"datetime": "2021-09-23 14:00:14", "elapsed": 60.305459, "delta": 0.733407}}
{"target": -2.0786045771061423, "params": {"C": 346.9273056820746, "epsilon": 0.4220555323474652, "gamma": 0.02672824023991297, "lamda": 0.10995955893655192}, "datetime": {"datetime": "2021-09-23 14:00:15", "elapsed": 60.964081, "delta": 0.658622}}
{"target": -1.979247312923006, "params": {"C": 184.131413424111, "epsilon": 0.2392320545768955, "gamma": 0.0577078359058875, "lamda": 0.022856063398083538}, "datetime": {"datetime": "2021-09-23 14:00:16", "elapsed": 61.890196, "delta": 0.926115}}
{"target": -1.9403765837221645, "params": {"C": 268.9602563469766, "epsilon": 0.36898486220699567, "gamma": 0.031271716666202126, "lamda": 0.026573416754652763}, "datetime": {"datetime": "2021-09-23 14:00:17", "elapsed": 62.933527, "delta": 1.043331}}
{"target": -1.952085471470469, "params": {"C": 349.8693245738578, "epsilon": 0.12874291354817025, "gamma": 0.04353381139801164, "lamda": 0.1492918739046849}, "datetime": {"datetime": "2021-09-23 14:00:18", "elapsed": 63.995633, "delta": 1.062106}}
{"target": -2.1514373993153924, "params": {"C": 371.05278846609724, "epsilon": 0.6380056684026454, "gamma": 0.05366383159308363, "lamda": 0.19896976433777375}, "datetime": {"datetime": "2021-09-23 14:00:19", "elapsed": 64.73663, "delta": 0.740997}}
{"target": -1.9697294124507636, "params": {"C": 184.17572300574588, "epsilon": 0.19826668033800884, "gamma": 0.05893130369088746, "lamda": 0.15436938996779132}, "datetime": {"datetime": "2021-09-23 14:00:19", "elapsed": 65.585817, "delta": 0.849187}}
{"target": -2.016650497711608, "params": {"C": 268.84374776912, "epsilon": 0.44062394884313516, "gamma": 0.024532660502746863, "lamda": 0.05675921497471586}, "datetime": {"datetime": "2021-09-23 14:00:20", "elapsed": 66.554819, "delta": 0.969002}}
{"target": -2.0078933695239725, "params": {"C": 269.1808123163685, "epsilon": 0.031149833847588154, "gamma": 0.024422664406630167, "lamda": 0.15314759880033368}, "datetime": {"datetime": "2021-09-23 14:00:21", "elapsed": 67.613805, "delta": 1.058986}}
{"target": -1.987380043545383, "params": {"C": 196.57243551732338, "epsilon": 0.43586646928216444, "gamma": 0.0563916863293944, "lamda": 0.09480289426669432}, "datetime": {"datetime": "2021-09-23 14:00:22", "elapsed": 68.338504, "delta": 0.724699}}
{"target": -1.9531096787151527, "params": {"C": 349.81212107299035, "epsilon": 0.17724556525457266, "gamma": 0.027361585312128817, "lamda": 0.03521632019604341}, "datetime": {"datetime": "2021-09-23 14:00:23", "elapsed": 69.35383, "delta": 1.015326}}
{"target": -2.012068300658658, "params": {"C": 349.9300024016567, "epsilon": 0.27236102955968544, "gamma": 0.0406192110932842, "lamda": 0.14566710877125383}, "datetime": {"datetime": "2021-09-23 14:00:24", "elapsed": 70.23968, "delta": 0.88585}}
{"target": -2.1151326475193337, "params": {"C": 200.88609578035812, "epsilon": 0.4950439650519086, "gamma": 0.032619488602882836, "lamda": 0.1794555640766906}, "datetime": {"datetime": "2021-09-23 14:00:25", "elapsed": 70.955674, "delta": 0.715994}}
{"target": -2.0257905987573004, "params": {"C": 184.19797355860786, "epsilon": 0.06452364298771125, "gamma": 0.02504602125718905, "lamda": 0.07247519336012448}, "datetime": {"datetime": "2021-09-23 14:00:26", "elapsed": 71.994459, "delta": 1.038785}}
{"target": -1.97033906069823, "params": {"C": 184.27790123335924, "epsilon": 0.3197553448901306, "gamma": 0.0557893351403575, "lamda": 0.018358339730906253}, "datetime": {"datetime": "2021-09-23 14:00:27", "elapsed": 72.962729, "delta": 0.96827}}
{"target": -2.0247759540961687, "params": {"C": 349.73719845187884, "epsilon": 0.03341012078084452, "gamma": 0.048917481204513905, "lamda": 0.0711776279618753}, "datetime": {"datetime": "2021-09-23 14:00:28", "elapsed": 74.125847, "delta": 1.163118}}
{"target": -1.9564521972777922, "params": {"C": 231.51230074023414, "epsilon": 0.05168154149838228, "gamma": 0.032155396033736, "lamda": 0.14534513905605712}, "datetime": {"datetime": "2021-09-23 14:00:29", "elapsed": 75.264274, "delta": 1.138427}}
{"target": -1.9630339356493718, "params": {"C": 231.2752990184989, "epsilon": 0.3774606537914529, "gamma": 0.058685731518920606, "lamda": 0.04859065205831042}, "datetime": {"datetime": "2021-09-23 14:00:30", "elapsed": 76.131332, "delta": 0.867058}}
{"target": -2.042791784193772, "params": {"C": 231.37573778039777, "epsilon": 0.23538671899409927, "gamma": 0.023062365384427443, "lamda": 0.12035276358702914}, "datetime": {"datetime": "2021-09-23 14:00:31", "elapsed": 77.177362, "delta": 1.04603}}
{"target": -1.9956452421116555, "params": {"C": 183.99803693078138, "epsilon": 0.2533547566723961, "gamma": 0.058829969054695896, "lamda": 0.16939840202622136}, "datetime": {"datetime": "2021-09-23 14:00:32", "elapsed": 78.094332, "delta": 0.91697}}
{"target": -1.993689604795372, "params": {"C": 289.60879796328805, "epsilon": 0.536362942632, "gamma": 0.055396782779320905, "lamda": 0.06430737419859936}, "datetime": {"datetime": "2021-09-23 14:00:33", "elapsed": 78.931333, "delta": 0.837001}}
{"target": -1.9852379377036202, "params": {"C": 368.7127031959742, "epsilon": 0.2222845846868429, "gamma": 0.04457391217294931, "lamda": 0.13392408269736555}, "datetime": {"datetime": "2021-09-23 14:00:34", "elapsed": 79.776355, "delta": 0.845022}}
{"target": -2.0796209241328176, "params": {"C": 227.08807097590352, "epsilon": 0.27595858906030213, "gamma": 0.022943677228155993, "lamda": 0.1430898564764857}, "datetime": {"datetime": "2021-09-23 14:00:34", "elapsed": 80.616355, "delta": 0.84}}
{"target": -2.005182962111471, "params": {"C": 231.6186937404365, "epsilon": 0.04488447327632743, "gamma": 0.0361831815949567, "lamda": 0.021356076892082628}, "datetime": {"datetime": "2021-09-23 14:00:36", "elapsed": 81.771352, "delta": 1.154997}}
{"target": -2.0113524376522527, "params": {"C": 231.44538442721824, "epsilon": 0.09990164737490234, "gamma": 0.02834113318390636, "lamda": 0.27806719208864916}, "datetime": {"datetime": "2021-09-23 14:00:37", "elapsed": 82.774352, "delta": 1.003}}
{"target": -2.1048084747061346, "params": {"C": 184.33276367932652, "epsilon": 0.29239910083914, "gamma": 0.025605284425950146, "lamda": 0.19659308766513}, "datetime": {"datetime": "2021-09-23 14:00:38", "elapsed": 83.703355, "delta": 0.929003}}
{"target": -2.0734803361049443, "params": {"C": 184.3823369462892, "epsilon": 0.29006379972221086, "gamma": 0.0227380884725289, "lamda": 0.061114872694955344}, "datetime": {"datetime": "2021-09-23 14:00:39", "elapsed": 84.776359, "delta": 1.073004}}
{"target": -1.9176856451362532, "params": {"C": 269.0355174176061, "epsilon": 0.11289537799706081, "gamma": 0.04337525958536828, "lamda": 0.12233667365470535}, "datetime": {"datetime": "2021-09-23 14:00:40", "elapsed": 85.720357, "delta": 0.943998}}
{"target": -1.9513249136203246, "params": {"C": 184.2985853533003, "epsilon": 0.421021730788979, "gamma": 0.045163221680110915, "lamda": 0.07492842584196288}, "datetime": {"datetime": "2021-09-23 14:00:41", "elapsed": 86.831352, "delta": 1.110995}}
{"target": -1.9248927313169453, "params": {"C": 231.18427374645105, "epsilon": 0.2917913613202382, "gamma": 0.037023833683334215, "lamda": 0.05722247151542814}, "datetime": {"datetime": "2021-09-23 14:00:42", "elapsed": 87.794355, "delta": 0.963003}}
{"target": -1.954736992241882, "params": {"C": 269.01786767131705, "epsilon": 0.4237225004883971, "gamma": 0.028070723920467965, "lamda": 0.032421253056251736}, "datetime": {"datetime": "2021-09-23 14:00:43", "elapsed": 88.804357, "delta": 1.010002}}
{"target": -2.0189351045438464, "params": {"C": 349.7667365483438, "epsilon": 0.032774865792894896, "gamma": 0.02209764423671531, "lamda": 0.28799542533655964}, "datetime": {"datetime": "2021-09-23 14:00:44", "elapsed": 89.79836, "delta": 0.994003}}
{"target": -1.9299118463192058, "params": {"C": 240.82025500355658, "epsilon": 0.6621052413005464, "gamma": 0.04118234679174093, "lamda": 0.031309185179394905}, "datetime": {"datetime": "2021-09-23 14:00:45", "elapsed": 90.793362, "delta": 0.995002}}
{"target": -1.983281276733003, "params": {"C": 278.26488805953636, "epsilon": 0.797471083420661, "gamma": 0.04669635028793435, "lamda": 0.04404393729553358}, "datetime": {"datetime": "2021-09-23 14:00:46", "elapsed": 91.862355, "delta": 1.068993}}
{"target": -1.9287995266791191, "params": {"C": 231.0940476191697, "epsilon": 0.2838927204772117, "gamma": 0.03848796891458464, "lamda": 0.03131097990164196}, "datetime": {"datetime": "2021-09-23 14:00:47", "elapsed": 93.170355, "delta": 1.308}}
{"target": -1.9892903673321718, "params": {"C": 231.1665690049706, "epsilon": 0.3621761783335551, "gamma": 0.026262757504424233, "lamda": 0.05371048319236389}, "datetime": {"datetime": "2021-09-23 14:00:48", "elapsed": 94.241354, "delta": 1.070999}}
{"target": -2.0097535707884595, "params": {"C": 231.1384165680888, "epsilon": 0.18045937469661089, "gamma": 0.025476370289846995, "lamda": 0.04263093623115784}, "datetime": {"datetime": "2021-09-23 14:00:49", "elapsed": 95.576359, "delta": 1.335005}}
{"target": -1.9877159631327763, "params": {"C": 240.7571763105157, "epsilon": 0.5951608732345093, "gamma": 0.058477640334632514, "lamda": 0.05446979520386386}, "datetime": {"datetime": "2021-09-23 14:00:51", "elapsed": 96.829355, "delta": 1.252996}}
{"target": -2.0869326671996964, "params": {"C": 240.8598401497274, "epsilon": 0.663549666138131, "gamma": 0.033715001546117715, "lamda": 0.11061679109823465}, "datetime": {"datetime": "2021-09-23 14:00:52", "elapsed": 97.913928, "delta": 1.084573}}
{"target": -1.9717171364432668, "params": {"C": 269.08203745198216, "epsilon": 0.2178411664222836, "gamma": 0.05768055863533825, "lamda": 0.048306135205208094}, "datetime": {"datetime": "2021-09-23 14:00:53", "elapsed": 98.834926, "delta": 0.920998}}
{"target": -1.9965762347928717, "params": {"C": 269.1701428949067, "epsilon": 0.2527617723329383, "gamma": 0.02471042823066133, "lamda": 0.07209304855852111}, "datetime": {"datetime": "2021-09-23 14:00:54", "elapsed": 99.995662, "delta": 1.160736}}
{"target": -2.0094882015118203, "params": {"C": 289.2970271457343, "epsilon": 0.21320891961961175, "gamma": 0.04247671846187184, "lamda": 0.19804825315049712}, "datetime": {"datetime": "2021-09-23 14:00:55", "elapsed": 101.015658, "delta": 1.019996}}
