{"target": -1.9128526860472252, "params": {"C": 480.9823306810164, "epsilon": 0.05747960373444873, "gamma": 0.03790630402744706, "lamda": 0.14119754846281768}, "datetime": {"datetime": "2021-09-23 14:50:01", "elapsed": 24.020031, "delta": 0.431963}}
{"target": -2.0493482893503288, "params": {"C": 446.4052115009688, "epsilon": 0.22211838904314968, "gamma": 0.030442052317804575, "lamda": 0.1808298572954412}, "datetime": {"datetime": "2021-09-23 14:50:02", "elapsed": 24.531671, "delta": 0.51164}}
{"target": -1.9735477540852784, "params": {"C": 554.2497594637698, "epsilon": 0.0971666921690024, "gamma": 0.046080670716672406, "lamda": 0.05360820211086839}, "datetime": {"datetime": "2021-09-23 14:50:03", "elapsed": 25.480926, "delta": 0.949255}}
{"target": -1.9680169577479183, "params": {"C": 480.9947302952497, "epsilon": 0.052957475133779824, "gamma": 0.04110366770989606, "lamda": 0.08230051138404125}, "datetime": {"datetime": "2021-09-23 14:50:03", "elapsed": 26.023931, "delta": 0.543005}}
{"target": -1.934676759980209, "params": {"C": 434.01118757200555, "epsilon": 0.16887620607554973, "gamma": 0.04622999038210941, "lamda": 0.06359586563532732}, "datetime": {"datetime": "2021-09-23 14:50:04", "elapsed": 26.553091, "delta": 0.52916}}
{"target": -2.0478555543935033, "params": {"C": 433.9299481920146, "epsilon": 0.05627661785322165, "gamma": 0.04966389770485487, "lamda": 0.04397677963325218}, "datetime": {"datetime": "2021-09-23 14:50:04", "elapsed": 27.115051, "delta": 0.56196}}
{"target": -2.1057431561093662, "params": {"C": 446.58376745305657, "epsilon": 0.5935170874675838, "gamma": 0.03352550080050132, "lamda": 0.14176501457571544}, "datetime": {"datetime": "2021-09-23 14:50:05", "elapsed": 27.586798, "delta": 0.471747}}
{"target": -1.9647619544082209, "params": {"C": 433.8717105084668, "epsilon": 0.16832695684632235, "gamma": 0.047762963340135606, "lamda": 0.11213604303004586}, "datetime": {"datetime": "2021-09-23 14:50:05", "elapsed": 28.222557, "delta": 0.635759}}
{"target": -1.9254812827370655, "params": {"C": 434.021477522703, "epsilon": 0.07858390221852771, "gamma": 0.0414633800679375, "lamda": 0.1455760177063608}, "datetime": {"datetime": "2021-09-23 14:50:06", "elapsed": 28.785168, "delta": 0.562611}}
{"target": -1.9542674105835987, "params": {"C": 446.43564381757346, "epsilon": 0.0848776403719178, "gamma": 0.04631644814533879, "lamda": 0.0787571214712773}, "datetime": {"datetime": "2021-09-23 14:50:07", "elapsed": 29.435171, "delta": 0.650003}}
{"target": -1.9454595828384624, "params": {"C": 404.1542627385242, "epsilon": 0.09302925911186723, "gamma": 0.036015091952204814, "lamda": 0.17665225996166234}, "datetime": {"datetime": "2021-09-23 14:50:07", "elapsed": 29.981168, "delta": 0.545997}}
{"target": -1.976990480855729, "params": {"C": 552.7155302253282, "epsilon": 0.33643168315639305, "gamma": 0.04621747277399402, "lamda": 0.05793163801596529}, "datetime": {"datetime": "2021-09-23 14:50:08", "elapsed": 30.473208, "delta": 0.49204}}
{"target": -2.0145659680675587, "params": {"C": 569.1757214223965, "epsilon": 0.2093845854024448, "gamma": 0.04853062592695204, "lamda": 0.1819647536225643}, "datetime": {"datetime": "2021-09-23 14:50:08", "elapsed": 30.941209, "delta": 0.468001}}
{"target": -1.9510637288537946, "params": {"C": 434.123326924412, "epsilon": 0.13420448881895825, "gamma": 0.032350465973438006, "lamda": 0.12650101419110568}, "datetime": {"datetime": "2021-09-23 14:50:09", "elapsed": 31.50042, "delta": 0.559211}}
{"target": -2.054545284820791, "params": {"C": 484.3158452018645, "epsilon": 0.6170908365157683, "gamma": 0.04681688592699808, "lamda": 0.11405066282982751}, "datetime": {"datetime": "2021-09-23 14:50:09", "elapsed": 31.99739, "delta": 0.49697}}
{"target": -1.9968080728630622, "params": {"C": 469.3427946490957, "epsilon": 0.08829799661154825, "gamma": 0.030262468233049948, "lamda": 0.019846974310507404}, "datetime": {"datetime": "2021-09-23 14:50:10", "elapsed": 32.731298, "delta": 0.733908}}
{"target": -1.929816482345682, "params": {"C": 446.4739091503848, "epsilon": 0.17342998883016067, "gamma": 0.0367812061528977, "lamda": 0.08268358663278241}, "datetime": {"datetime": "2021-09-23 14:50:10", "elapsed": 33.225325, "delta": 0.494027}}
{"target": -2.0031862030057077, "params": {"C": 433.96837713334503, "epsilon": 0.15597555183490505, "gamma": 0.036232696003222695, "lamda": 0.19923814428528053}, "datetime": {"datetime": "2021-09-23 14:50:11", "elapsed": 33.815832, "delta": 0.590507}}
{"target": -1.9678844595226017, "params": {"C": 434.0646807685323, "epsilon": 0.09357677487418288, "gamma": 0.05, "lamda": 0.07509233377609982}, "datetime": {"datetime": "2021-09-23 14:50:12", "elapsed": 34.486828, "delta": 0.670996}}
{"target": -1.9698479744455524, "params": {"C": 457.25418192888486, "epsilon": 0.29034420515333825, "gamma": 0.04992974616975453, "lamda": 0.02436289672299883}, "datetime": {"datetime": "2021-09-23 14:50:12", "elapsed": 35.1404, "delta": 0.653572}}
{"target": -1.9397715397225759, "params": {"C": 478.3901060826473, "epsilon": 0.036361827787619885, "gamma": 0.030907971358991884, "lamda": 0.12924753553495918}, "datetime": {"datetime": "2021-09-23 14:50:13", "elapsed": 35.710975, "delta": 0.570575}}
{"target": -1.9544419822763108, "params": {"C": 404.11152459451233, "epsilon": 0.1315337244504605, "gamma": 0.03213613583750459, "lamda": 0.1384516964490316}, "datetime": {"datetime": "2021-09-23 14:50:14", "elapsed": 36.325887, "delta": 0.614912}}
{"target": -2.144588304669284, "params": {"C": 472.75548370935553, "epsilon": 0.5808351731505828, "gamma": 0.0321826217851818, "lamda": 0.18450698884927114}, "datetime": {"datetime": "2021-09-23 14:50:14", "elapsed": 36.930841, "delta": 0.604954}}
{"target": -1.960099584799185, "params": {"C": 469.2633624176219, "epsilon": 0.07437892339206272, "gamma": 0.04739268229131105, "lamda": 0.18567758730953338}, "datetime": {"datetime": "2021-09-23 14:50:15", "elapsed": 37.569842, "delta": 0.639001}}
{"target": -1.9336506476676458, "params": {"C": 469.45235443109686, "epsilon": 0.07319659330144435, "gamma": 0.03241273669892133, "lamda": 0.15819082509454246}, "datetime": {"datetime": "2021-09-23 14:50:15", "elapsed": 38.224841, "delta": 0.654999}}
{"target": -2.0017682939420047, "params": {"C": 585.395660300773, "epsilon": 0.7631999921612567, "gamma": 0.03172944279674344, "lamda": 0.0337775532565497}, "datetime": {"datetime": "2021-09-23 14:50:16", "elapsed": 38.745886, "delta": 0.521045}}
{"target": -2.050968639141754, "params": {"C": 486.2573066492355, "epsilon": 0.3606101637789485, "gamma": 0.036258535767421156, "lamda": 0.15068424012760417}, "datetime": {"datetime": "2021-09-23 14:50:16", "elapsed": 39.242841, "delta": 0.496955}}
{"target": -1.9844441950272003, "params": {"C": 406.22744054428154, "epsilon": 0.47706322519171296, "gamma": 0.031788592359490754, "lamda": 0.05497467175140798}, "datetime": {"datetime": "2021-09-23 14:50:17", "elapsed": 39.845841, "delta": 0.603}}
{"target": -1.9965678588774836, "params": {"C": 445.95991436295503, "epsilon": 0.09246434130607434, "gamma": 0.04249867284636673, "lamda": 0.033825718382405744}, "datetime": {"datetime": "2021-09-23 14:50:18", "elapsed": 40.574878, "delta": 0.729037}}
{"target": -1.931317080006697, "params": {"C": 457.16266516843115, "epsilon": 0.405118330954352, "gamma": 0.03, "lamda": 0.015}, "datetime": {"datetime": "2021-09-23 14:50:19", "elapsed": 41.310616, "delta": 0.735738}}
{"target": -1.927085934012756, "params": {"C": 469.2978715656101, "epsilon": 0.26949948308571836, "gamma": 0.03924710297800839, "lamda": 0.023664425371626267}, "datetime": {"datetime": "2021-09-23 14:50:19", "elapsed": 41.906107, "delta": 0.595491}}
{"target": -2.1146990258807614, "params": {"C": 452.77608810562737, "epsilon": 0.5922244134340762, "gamma": 0.03909066581996507, "lamda": 0.17829067520546898}, "datetime": {"datetime": "2021-09-23 14:50:20", "elapsed": 42.390594, "delta": 0.484487}}
{"target": -1.9700137919748155, "params": {"C": 404.0473451041597, "epsilon": 0.03507063133575298, "gamma": 0.04722172958927805, "lamda": 0.17694830300068365}, "datetime": {"datetime": "2021-09-23 14:50:20", "elapsed": 43.115878, "delta": 0.725284}}
{"target": -1.9602739283453205, "params": {"C": 433.86298136299877, "epsilon": 0.16070114472697522, "gamma": 0.04675961774370893, "lamda": 0.1129157095663418}, "datetime": {"datetime": "2021-09-23 14:50:21", "elapsed": 43.600922, "delta": 0.485044}}
{"target": -1.9544105365456057, "params": {"C": 446.4624325833869, "epsilon": 0.2645045290942264, "gamma": 0.04801680705753119, "lamda": 0.030895691727225224}, "datetime": {"datetime": "2021-09-23 14:50:21", "elapsed": 44.238008, "delta": 0.637086}}
{"target": -2.0337910196236173, "params": {"C": 469.3056293686564, "epsilon": 0.3076988558224151, "gamma": 0.030032907096035153, "lamda": 0.10847148828746576}, "datetime": {"datetime": "2021-09-23 14:50:22", "elapsed": 44.859017, "delta": 0.621009}}
{"target": -1.9545928103427168, "params": {"C": 445.9520925970996, "epsilon": 0.23578005145287154, "gamma": 0.03, "lamda": 0.015}, "datetime": {"datetime": "2021-09-23 14:50:23", "elapsed": 45.611327, "delta": 0.75231}}
{"target": -1.9298403306517788, "params": {"C": 403.9616306481209, "epsilon": 0.10876571477346685, "gamma": 0.034068567596810956, "lamda": 0.05766396803044192}, "datetime": {"datetime": "2021-09-23 14:50:24", "elapsed": 46.268296, "delta": 0.656969}}
{"target": -1.930291753499776, "params": {"C": 480.91114517564074, "epsilon": 0.055684567572165916, "gamma": 0.030432252053096805, "lamda": 0.13831579672593292}, "datetime": {"datetime": "2021-09-23 14:50:24", "elapsed": 46.973079, "delta": 0.704783}}
{"target": -1.9549759081631852, "params": {"C": 403.86597242564187, "epsilon": 0.17467632525847226, "gamma": 0.04306649488299688, "lamda": 0.11103079490566163}, "datetime": {"datetime": "2021-09-23 14:50:25", "elapsed": 47.689081, "delta": 0.716002}}
{"target": -2.0162368934411083, "params": {"C": 551.7520960746133, "epsilon": 0.4220555323474652, "gamma": 0.033364120119956486, "lamda": 0.07664041545004248}, "datetime": {"datetime": "2021-09-23 14:50:26", "elapsed": 48.304082, "delta": 0.615001}}
{"target": -1.9844003226312479, "params": {"C": 446.4838386399081, "epsilon": 0.15035895434517962, "gamma": 0.03, "lamda": 0.015}, "datetime": {"datetime": "2021-09-23 14:50:26", "elapsed": 49.211137, "delta": 0.907055}}
{"target": -1.9443818681797107, "params": {"C": 403.9047797985927, "epsilon": 0.05622871216454656, "gamma": 0.04746615230258806, "lamda": 0.14769583515467444}, "datetime": {"datetime": "2021-09-23 14:50:27", "elapsed": 50.067085, "delta": 0.855948}}
{"target": -1.945209002202183, "params": {"C": 457.07926133395745, "epsilon": 0.4992402665495502, "gamma": 0.03376609669819935, "lamda": 0.035316354646961944}, "datetime": {"datetime": "2021-09-23 14:50:28", "elapsed": 50.743903, "delta": 0.676818}}
{"target": -2.075903225770048, "params": {"C": 573.6843531509976, "epsilon": 0.6380056684026454, "gamma": 0.04683191579654182, "lamda": 0.13441896983329174}, "datetime": {"datetime": "2021-09-23 14:50:29", "elapsed": 51.307902, "delta": 0.563999}}
{"target": -2.0103397539101153, "params": {"C": 478.3503891310542, "epsilon": 0.1570352474623064, "gamma": 0.03471921845083182, "lamda": 0.19583784613037336}, "datetime": {"datetime": "2021-09-23 14:50:29", "elapsed": 51.922692, "delta": 0.61479}}
{"target": -2.0493410783485073, "params": {"C": 457.06456978031025, "epsilon": 0.42757072294028386, "gamma": 0.03856339520744351, "lamda": 0.1327546858518974}, "datetime": {"datetime": "2021-09-23 14:50:30", "elapsed": 52.573685, "delta": 0.650993}}
{"target": -1.9821998963718188, "params": {"C": 403.9412975624892, "epsilon": 0.17479041222433478, "gamma": 0.045091288204282286, "lamda": 0.15119944839463756}, "datetime": {"datetime": "2021-09-23 14:50:31", "elapsed": 53.279075, "delta": 0.70539}}
{"target": -1.9906970002683877, "params": {"C": 415.065850470294, "epsilon": 0.43586646928216444, "gamma": 0.0481958431646972, "lamda": 0.06680187873452087}, "datetime": {"datetime": "2021-09-23 14:50:31", "elapsed": 53.85642, "delta": 0.577345}}
{"target": -1.9901762347320606, "params": {"C": 403.82014566802826, "epsilon": 0.08827298524355032, "gamma": 0.039253646103321924, "lamda": 0.02655050657937394}, "datetime": {"datetime": "2021-09-23 14:50:32", "elapsed": 54.603303, "delta": 0.746883}}
{"target": -1.947535565744105, "params": {"C": 434.074766187353, "epsilon": 0.2395123953605726, "gamma": 0.04232726665577437, "lamda": 0.07307351780952664}, "datetime": {"datetime": "2021-09-23 14:50:33", "elapsed": 55.298303, "delta": 0.695}}
{"target": -2.057856933228275, "params": {"C": 418.9873598003256, "epsilon": 0.4950439650519086, "gamma": 0.03630974430144142, "lamda": 0.12175185738311498}, "datetime": {"datetime": "2021-09-23 14:50:33", "elapsed": 55.875341, "delta": 0.577038}}
{"target": -2.0356440827322535, "params": {"C": 457.1542181154028, "epsilon": 0.5990149910609618, "gamma": 0.04047007139807425, "lamda": 0.0826031720072115}, "datetime": {"datetime": "2021-09-23 14:50:34", "elapsed": 56.500301, "delta": 0.62496}}
{"target": -2.0072667195974643, "params": {"C": 445.9131984297601, "epsilon": 0.21671796965460902, "gamma": 0.046409666022006635, "lamda": 0.15362865628936945}, "datetime": {"datetime": "2021-09-23 14:50:34", "elapsed": 57.152661, "delta": 0.65236}}
{"target": -1.9420127496556865, "params": {"C": 480.77512253637065, "epsilon": 0.03, "gamma": 0.03, "lamda": 0.16122236970915088}, "datetime": {"datetime": "2021-09-23 14:50:35", "elapsed": 57.959777, "delta": 0.807116}}
{"target": -1.9415075731326685, "params": {"C": 481.0274938320579, "epsilon": 0.03, "gamma": 0.03, "lamda": 0.1689828923694774}, "datetime": {"datetime": "2021-09-23 14:50:36", "elapsed": 58.748047, "delta": 0.78827}}
{"target": -1.9534141304709827, "params": {"C": 446.6139081986354, "epsilon": 0.3774606537914529, "gamma": 0.049342865759460314, "lamda": 0.036804458353640095}, "datetime": {"datetime": "2021-09-23 14:50:37", "elapsed": 59.371932, "delta": 0.623885}}
{"target": -1.9258312586325745, "params": {"C": 469.0382740679509, "epsilon": 0.09316719622793332, "gamma": 0.03547006699302046, "lamda": 0.1244921893016476}, "datetime": {"datetime": "2021-09-23 14:50:37", "elapsed": 60.252688, "delta": 0.880756}}
{"target": -1.9722613400607087, "params": {"C": 468.9339435712468, "epsilon": 0.03847350048545266, "gamma": 0.04786764920085561, "lamda": 0.1541803238451095}, "datetime": {"datetime": "2021-09-23 14:50:38", "elapsed": 61.001746, "delta": 0.749058}}
{"target": -1.9946800946639522, "params": {"C": 499.6443617848073, "epsilon": 0.536362942632, "gamma": 0.047698391389660456, "lamda": 0.04700654114645924}, "datetime": {"datetime": "2021-09-23 14:50:39", "elapsed": 61.680675, "delta": 0.678929}}
{"target": -1.9781173607453406, "params": {"C": 571.5570029054311, "epsilon": 0.2222845846868429, "gamma": 0.04228695608647466, "lamda": 0.09219633438250045}, "datetime": {"datetime": "2021-09-23 14:50:40", "elapsed": 62.369713, "delta": 0.689038}}
{"target": -1.996038415961902, "params": {"C": 442.8073372508214, "epsilon": 0.27595858906030213, "gamma": 0.03147183861407799, "lamda": 0.09814604718649073}, "datetime": {"datetime": "2021-09-23 14:50:40", "elapsed": 63.008674, "delta": 0.638961}}
{"target": -1.955403434765529, "params": {"C": 469.5724746882471, "epsilon": 0.06517781732980249, "gamma": 0.03, "lamda": 0.2}, "datetime": {"datetime": "2021-09-23 14:50:41", "elapsed": 63.813678, "delta": 0.805004}}
{"target": -1.9929370373215647, "params": {"C": 469.1020996119175, "epsilon": 0.13274291626970064, "gamma": 0.04697811891862215, "lamda": 0.18458407851436043}, "datetime": {"datetime": "2021-09-23 14:50:42", "elapsed": 64.521335, "delta": 0.707657}}
{"target": -1.9327156853214846, "params": {"C": 433.9518245055968, "epsilon": 0.2900633959998181, "gamma": 0.03100962684882593, "lamda": 0.04760696361346433}, "datetime": {"datetime": "2021-09-23 14:50:42", "elapsed": 65.254343, "delta": 0.733008}}
{"target": -2.0047928776544337, "params": {"C": 433.9712098290837, "epsilon": 0.29608815463432414, "gamma": 0.04409480708080207, "lamda": 0.1136081874281411}, "datetime": {"datetime": "2021-09-23 14:50:43", "elapsed": 66.044337, "delta": 0.789994}}
{"target": -1.9490571615349068, "params": {"C": 469.01218766638976, "epsilon": 0.0658123102188315, "gamma": 0.03529076647694081, "lamda": 0.05733847748459043}, "datetime": {"datetime": "2021-09-23 14:50:44", "elapsed": 66.747336, "delta": 0.702999}}
{"target": -1.9569253400070312, "params": {"C": 468.93940124963393, "epsilon": 0.1625790202736846, "gamma": 0.044833595814213506, "lamda": 0.10519222916533401}, "datetime": {"datetime": "2021-09-23 14:50:45", "elapsed": 67.478187, "delta": 0.730851}}
{"target": -1.9521404747120856, "params": {"C": 446.61718352201757, "epsilon": 0.2703778007594667, "gamma": 0.04131411038700402, "lamda": 0.06935115393098477}, "datetime": {"datetime": "2021-09-23 14:50:46", "elapsed": 68.364189, "delta": 0.886002}}
{"target": -1.9550872166096886, "params": {"C": 446.72051074563205, "epsilon": 0.34231307315198556, "gamma": 0.04605286872395746, "lamda": 0.05175589113254957}, "datetime": {"datetime": "2021-09-23 14:50:46", "elapsed": 69.168152, "delta": 0.803963}}
{"target": -1.9197226130700387, "params": {"C": 469.4424719813125, "epsilon": 0.21051486384542145, "gamma": 0.032728020557346325, "lamda": 0.03283087884077521}, "datetime": {"datetime": "2021-09-23 14:50:47", "elapsed": 69.879154, "delta": 0.711002}}
{"target": -1.9462345513274981, "params": {"C": 455.2911409123242, "epsilon": 0.6621052413005464, "gamma": 0.04059117339587047, "lamda": 0.025586664063817748}, "datetime": {"datetime": "2021-09-23 14:50:48", "elapsed": 70.521773, "delta": 0.642619}}
{"target": -1.9945483792065697, "params": {"C": 489.33171641776033, "epsilon": 0.797471083420661, "gamma": 0.043348175143967174, "lamda": 0.03385308210411829}, "datetime": {"datetime": "2021-09-23 14:50:49", "elapsed": 71.258772, "delta": 0.736999}}
{"target": -1.936685323848059, "params": {"C": 455.3969600235151, "epsilon": 0.7010660294011527, "gamma": 0.04446593197115467, "lamda": 0.015}, "datetime": {"datetime": "2021-09-23 14:50:49", "elapsed": 72.09177, "delta": 0.832998}}
{"target": -2.047996491802911, "params": {"C": 455.3531474478142, "epsilon": 0.6709499456270367, "gamma": 0.04257679883161746, "lamda": 0.09149340859205343}, "datetime": {"datetime": "2021-09-23 14:50:50", "elapsed": 73.05579, "delta": 0.96402}}
{"target": -1.9318266476152606, "params": {"C": 433.9269137191838, "epsilon": 0.22601280354830647, "gamma": 0.034227042504320085, "lamda": 0.022962009682968135}, "datetime": {"datetime": "2021-09-23 14:50:51", "elapsed": 73.975487, "delta": 0.919697}}
{"target": -2.015374982729927, "params": {"C": 455.4810333142193, "epsilon": 0.7667675642570474, "gamma": 0.03640382186786981, "lamda": 0.04549691495325886}, "datetime": {"datetime": "2021-09-23 14:50:52", "elapsed": 74.988505, "delta": 1.013018}}
{"target": -1.929319815541261, "params": {"C": 469.0918340103737, "epsilon": 0.059938329452125044, "gamma": 0.03499636530059609, "lamda": 0.10019130780775333}, "datetime": {"datetime": "2021-09-23 14:50:53", "elapsed": 75.955487, "delta": 0.966982}}
{"target": -1.9353978410799726, "params": {"C": 478.5211319397745, "epsilon": 0.04853746780617245, "gamma": 0.034361693129665395, "lamda": 0.11537249851370047}, "datetime": {"datetime": "2021-09-23 14:50:54", "elapsed": 76.975458, "delta": 1.019971}}
{"target": -1.954891771787323, "params": {"C": 446.0646313076354, "epsilon": 0.20851853878423735, "gamma": 0.03700302691626501, "lamda": 0.09508299144743691}, "datetime": {"datetime": "2021-09-23 14:50:55", "elapsed": 77.938452, "delta": 0.962994}}
{"target": -1.9990803277053348, "params": {"C": 499.3609337688494, "epsilon": 0.21320891961961175, "gamma": 0.041238359230935925, "lamda": 0.13382079590470866}, "datetime": {"datetime": "2021-09-23 14:50:56", "elapsed": 78.608492, "delta": 0.67004}}
{"target": -1.9076948917508825, "params": {"C": 469.40003977546655, "epsilon": 0.27226604032247625, "gamma": 0.03722853324985637, "lamda": 0.03144547305190396}, "datetime": {"datetime": "2021-09-23 14:50:57", "elapsed": 79.367453, "delta": 0.758961}}
{"target": -1.921379960817553, "params": {"C": 469.4507137749859, "epsilon": 0.333169397225055, "gamma": 0.04138524569595635, "lamda": 0.03302698534226867}, "datetime": {"datetime": "2021-09-23 14:50:57", "elapsed": 80.125895, "delta": 0.758442}}
{"target": -1.9911342969630734, "params": {"C": 478.56691162384004, "epsilon": 0.07293600582133278, "gamma": 0.036539634814046304, "lamda": 0.030283007534793425}, "datetime": {"datetime": "2021-09-23 14:50:58", "elapsed": 81.106636, "delta": 0.980741}}
{"target": -2.028059930109022, "params": {"C": 561.8570654598893, "epsilon": 0.20426626256128252, "gamma": 0.0372470699060758, "lamda": 0.19813401714053375}, "datetime": {"datetime": "2021-09-23 14:50:59", "elapsed": 81.849932, "delta": 0.743296}}
{"target": -1.9471699603545918, "params": {"C": 422.23487273577484, "epsilon": 0.13272454167179998, "gamma": 0.04294418758782521, "lamda": 0.12172165152075534}, "datetime": {"datetime": "2021-09-23 14:51:00", "elapsed": 82.570922, "delta": 0.72099}}
{"target": -1.9183821640263634, "params": {"C": 454.7533242483848, "epsilon": 0.6826321330128754, "gamma": 0.03311772248331442, "lamda": 0.015876193434020934}, "datetime": {"datetime": "2021-09-23 14:51:01", "elapsed": 83.446926, "delta": 0.876004}}
{"target": -2.0492321734504166, "params": {"C": 454.81014065927815, "epsilon": 0.692633934320393, "gamma": 0.03666994793220228, "lamda": 0.07722236037343935}, "datetime": {"datetime": "2021-09-23 14:51:01", "elapsed": 84.227578, "delta": 0.780652}}
{"target": -2.037778297032729, "params": {"C": 449.7270738997725, "epsilon": 0.5488521913788138, "gamma": 0.04628051470731236, "lamda": 0.10353643995644052}, "datetime": {"datetime": "2021-09-23 14:51:02", "elapsed": 84.994574, "delta": 0.766996}}
