{"target": 0.9058125508996048, "params": {"C": 184.87354904625425, "epsilon": 0.25683900721991204, "gamma": 0.08398244030488292, "lamda": 0.36377732340362073}, "datetime": {"datetime": "2021-09-23 09:59:38", "elapsed": 175.819136, "delta": 0.89728}}
{"target": 0.9111490082216643, "params": {"C": 169.30595074296113, "epsilon": 0.0782791864130845, "gamma": 0.09746598676228888, "lamda": 0.2845129470860626}, "datetime": {"datetime": "2021-09-23 09:59:39", "elapsed": 177.140659, "delta": 1.321523}}
{"target": 0.9096844211900779, "params": {"C": 169.57738736242115, "epsilon": 0.16412102165554276, "gamma": 0.0621730962455907, "lamda": 0.08675437301547013}, "datetime": {"datetime": "2021-09-23 09:59:40", "elapsed": 178.684055, "delta": 1.543396}}
{"target": 0.913977004259607, "params": {"C": 187.2664535046516, "epsilon": 0.10322766664936558, "gamma": 0.07598966546239341, "lamda": 0.2335297401545391}, "datetime": {"datetime": "2021-09-23 09:59:42", "elapsed": 179.827932, "delta": 1.143877}}
{"target": 0.9123419122036374, "params": {"C": 152.7866326996221, "epsilon": 0.18733359453411097, "gamma": 0.09235326427555511, "lamda": 0.13039106446676757}, "datetime": {"datetime": "2021-09-23 09:59:43", "elapsed": 180.786481, "delta": 0.958549}}
{"target": 0.9024275475420882, "params": {"C": 167.66573427751533, "epsilon": 0.07921548759995933, "gamma": 0.05, "lamda": 0.21193584123349185}, "datetime": {"datetime": "2021-09-23 09:59:44", "elapsed": 182.503323, "delta": 1.716842}}
{"target": 0.9104302988931229, "params": {"C": 187.2794316082149, "epsilon": 0.1385282320077031, "gamma": 0.05873440542042066, "lamda": 0.20998737340780846}, "datetime": {"datetime": "2021-09-23 09:59:46", "elapsed": 184.090703, "delta": 1.58738}}
{"target": 0.9119872668991428, "params": {"C": 163.91752824924794, "epsilon": 0.2398612499091251, "gamma": 0.06807805454463664, "lamda": 0.065229799813306}, "datetime": {"datetime": "2021-09-23 09:59:47", "elapsed": 185.489931, "delta": 1.399228}}
{"target": 0.9108435660232014, "params": {"C": 178.9233249152049, "epsilon": 0.11845564576175147, "gamma": 0.09683550430741569, "lamda": 0.24197522046677367}, "datetime": {"datetime": "2021-09-23 09:59:48", "elapsed": 186.42626, "delta": 0.936329}}
{"target": 0.9117333431882706, "params": {"C": 163.95638061304967, "epsilon": 0.26907243980891354, "gamma": 0.08115523150957737, "lamda": 0.04156418484864182}, "datetime": {"datetime": "2021-09-23 09:59:49", "elapsed": 187.430952, "delta": 1.004692}}
{"target": 0.9066757727186701, "params": {"C": 175.23338107215588, "epsilon": 0.11265343954257116, "gamma": 0.05224493067433444, "lamda": 0.2822292224264411}, "datetime": {"datetime": "2021-09-23 09:59:50", "elapsed": 188.397972, "delta": 0.96702}}
{"target": 0.9132578835833102, "params": {"C": 187.4248283391269, "epsilon": 0.10056338130157452, "gamma": 0.08988977079052604, "lamda": 0.20073913029325957}, "datetime": {"datetime": "2021-09-23 09:59:52", "elapsed": 189.986519, "delta": 1.588547}}
{"target": 0.9126392029703252, "params": {"C": 196.01202252635974, "epsilon": 0.19887479054417256, "gamma": 0.06644382753065262, "lamda": 0.14947009657277419}, "datetime": {"datetime": "2021-09-23 09:59:53", "elapsed": 190.881258, "delta": 0.894739}}
{"target": 0.9135220086212094, "params": {"C": 187.2467282322932, "epsilon": 0.07302516529909796, "gamma": 0.08987373844726455, "lamda": 0.20332733312449988}, "datetime": {"datetime": "2021-09-23 09:59:54", "elapsed": 192.205882, "delta": 1.324624}}
{"target": 0.9090775269334735, "params": {"C": 188.01350174932932, "epsilon": 0.22984069186287434, "gamma": 0.055300010773826035, "lamda": 0.13017704439210015}, "datetime": {"datetime": "2021-09-23 09:59:55", "elapsed": 193.572285, "delta": 1.366403}}
{"target": 0.9109338122248064, "params": {"C": 187.27068745455674, "epsilon": 0.07, "gamma": 0.1, "lamda": 0.25341911620816904}, "datetime": {"datetime": "2021-09-23 09:59:57", "elapsed": 195.401211, "delta": 1.828926}}
{"target": 0.9094631086855975, "params": {"C": 163.91282096648632, "epsilon": 0.29898119706002685, "gamma": 0.09957145370754289, "lamda": 0.13854735257190287}, "datetime": {"datetime": "2021-09-23 09:59:59", "elapsed": 196.85416, "delta": 1.452949}}
{"target": 0.9118513741717218, "params": {"C": 187.442680926876, "epsilon": 0.10017049990821035, "gamma": 0.0972626348575676, "lamda": 0.1631949814788275}, "datetime": {"datetime": "2021-09-23 10:00:00", "elapsed": 197.87522, "delta": 1.02106}}
{"target": 0.9102457106042171, "params": {"C": 167.7324508803507, "epsilon": 0.13870305707225705, "gamma": 0.0632317512222893, "lamda": 0.2544744945709074}, "datetime": {"datetime": "2021-09-23 10:00:01", "elapsed": 199.494878, "delta": 1.619658}}
{"target": 0.9075244498095485, "params": {"C": 188.2949410976895, "epsilon": 0.21376065402285815, "gamma": 0.05118516363888684, "lamda": 0.12782103894526323}, "datetime": {"datetime": "2021-09-23 10:00:03", "elapsed": 200.912128, "delta": 1.41725}}
{"target": 0.9139790986954957, "params": {"C": 187.1906902799051, "epsilon": 0.07567979131232686, "gamma": 0.08539504258464681, "lamda": 0.2459896146955963}, "datetime": {"datetime": "2021-09-23 10:00:04", "elapsed": 202.443501, "delta": 1.531373}}
{"target": 0.9105624549605994, "params": {"C": 167.72985664396393, "epsilon": 0.11340178603837922, "gamma": 0.1, "lamda": 0.21393089962363393}, "datetime": {"datetime": "2021-09-23 10:00:06", "elapsed": 204.098346, "delta": 1.654845}}
{"target": 0.9125987669979608, "params": {"C": 187.16589444793124, "epsilon": 0.10422778004882288, "gamma": 0.0858268693483913, "lamda": 0.2751999818823644}, "datetime": {"datetime": "2021-09-23 10:00:07", "elapsed": 205.41498, "delta": 1.316634}}
{"target": 0.9016996792144815, "params": {"C": 194.27508712044624, "epsilon": 0.15041546218941346, "gamma": 0.05813642873948633, "lamda": 0.04311209444324414}, "datetime": {"datetime": "2021-09-23 10:00:08", "elapsed": 206.440662, "delta": 1.025682}}
{"target": 0.9059231160381526, "params": {"C": 169.3279472338525, "epsilon": 0.07135329362221592, "gamma": 0.051780604021623204, "lamda": 0.2629937109616478}, "datetime": {"datetime": "2021-09-23 10:00:10", "elapsed": 207.775077, "delta": 1.334415}}
{"target": 0.9039083593616043, "params": {"C": 179.41739482810905, "epsilon": 0.2124274406938899, "gamma": 0.08675015356089774, "lamda": 0.010941985736509521}, "datetime": {"datetime": "2021-09-23 10:00:11", "elapsed": 208.851166, "delta": 1.076089}}
{"target": 0.9010379659007142, "params": {"C": 156.8721199373629, "epsilon": 0.27786683000231627, "gamma": 0.055417916119280014, "lamda": 0.35025344934871216}, "datetime": {"datetime": "2021-09-23 10:00:12", "elapsed": 209.892536, "delta": 1.04137}}
{"target": 0.911043102313203, "params": {"C": 187.2135343707815, "epsilon": 0.11650412467186241, "gamma": 0.09763729938416651, "lamda": 0.22651233834689397}, "datetime": {"datetime": "2021-09-23 10:00:13", "elapsed": 211.545027, "delta": 1.652491}}
{"target": 0.9035843938163467, "params": {"C": 172.33033353085557, "epsilon": 0.3, "gamma": 0.1, "lamda": 0.008479251868403986}, "datetime": {"datetime": "2021-09-23 10:00:15", "elapsed": 213.466496, "delta": 1.921469}}
{"target": 0.9125303839011156, "params": {"C": 170.30110701990597, "epsilon": 0.10179220750317788, "gamma": 0.08567722657091949, "lamda": 0.2731466874945321}, "datetime": {"datetime": "2021-09-23 10:00:17", "elapsed": 214.95326, "delta": 1.486764}}
{"target": 0.9105211971635176, "params": {"C": 187.23089880348004, "epsilon": 0.08791792994022213, "gamma": 0.05614948182407566, "lamda": 0.25275337229125694}, "datetime": {"datetime": "2021-09-23 10:00:19", "elapsed": 216.702314, "delta": 1.749054}}
{"target": 0.9002570588843435, "params": {"C": 193.79848024861678, "epsilon": 0.2690793284059245, "gamma": 0.05514624888143732, "lamda": 0.0264963726715111}, "datetime": {"datetime": "2021-09-23 10:00:20", "elapsed": 217.844737, "delta": 1.142423}}
{"target": 0.9122915800000037, "params": {"C": 168.05524876260702, "epsilon": 0.07306645326254813, "gamma": 0.07559587740806914, "lamda": 0.399652628754668}, "datetime": {"datetime": "2021-09-23 10:00:21", "elapsed": 218.919072, "delta": 1.074335}}
{"target": 0.9132782450556703, "params": {"C": 169.56136778546863, "epsilon": 0.19185063393601176, "gamma": 0.08246977308223652, "lamda": 0.14332062596810013}, "datetime": {"datetime": "2021-09-23 10:00:22", "elapsed": 220.022073, "delta": 1.103001}}
{"target": 0.9126851085383566, "params": {"C": 187.1576327450808, "epsilon": 0.07882446455119958, "gamma": 0.06006841229214039, "lamda": 0.21724785407083758}, "datetime": {"datetime": "2021-09-23 10:00:24", "elapsed": 222.006872, "delta": 1.984799}}
{"target": 0.9095953807937235, "params": {"C": 169.35444768372784, "epsilon": 0.16966565549040197, "gamma": 0.0945544014175784, "lamda": 0.2871657182436535}, "datetime": {"datetime": "2021-09-23 10:00:25", "elapsed": 223.443236, "delta": 1.436364}}
{"target": 0.9142510355709509, "params": {"C": 188.09096321719758, "epsilon": 0.09044351950692708, "gamma": 0.08301188123190145, "lamda": 0.21865491760051625}, "datetime": {"datetime": "2021-09-23 10:00:27", "elapsed": 225.355832, "delta": 1.912596}}
{"target": 0.9144106374014459, "params": {"C": 188.3080086352742, "epsilon": 0.13747760918913696, "gamma": 0.07886588222345185, "lamda": 0.09000756844894371}, "datetime": {"datetime": "2021-09-23 10:00:29", "elapsed": 227.020505, "delta": 1.664673}}
{"target": 0.9137790926361301, "params": {"C": 169.36854342936925, "epsilon": 0.08613232677820984, "gamma": 0.07148450559709882, "lamda": 0.1801201740050166}, "datetime": {"datetime": "2021-09-23 10:00:30", "elapsed": 228.450327, "delta": 1.429822}}
{"target": 0.9067132475464257, "params": {"C": 188.25518751842887, "epsilon": 0.1095675493653412, "gamma": 0.08376980207562484, "lamda": 0.034042016883269716}, "datetime": {"datetime": "2021-09-23 10:00:32", "elapsed": 230.515285, "delta": 2.064958}}
{"target": 0.9139879478542036, "params": {"C": 187.12030795875043, "epsilon": 0.08447334228776787, "gamma": 0.08382212286357546, "lamda": 0.24448357161455014}, "datetime": {"datetime": "2021-09-23 10:00:34", "elapsed": 232.042946, "delta": 1.527661}}
{"target": 0.9079127895082268, "params": {"C": 176.4664624109363, "epsilon": 0.1745875672860156, "gamma": 0.09222790741408875, "lamda": 0.38086145404059946}, "datetime": {"datetime": "2021-09-23 10:00:35", "elapsed": 233.102686, "delta": 1.05974}}
{"target": 0.9134875411819384, "params": {"C": 175.96047639583452, "epsilon": 0.2989912541955301, "gamma": 0.07008641920674268, "lamda": 0.08693255242557037}, "datetime": {"datetime": "2021-09-23 10:00:36", "elapsed": 234.23528, "delta": 1.132594}}
{"target": 0.9111689969170461, "params": {"C": 175.9946191877507, "epsilon": 0.2731718621194543, "gamma": 0.09982901595188662, "lamda": 0.0773673951732042}, "datetime": {"datetime": "2021-09-23 10:00:38", "elapsed": 236.086417, "delta": 1.851137}}
{"target": 0.9125466907197024, "params": {"C": 188.3522749928198, "epsilon": 0.12879764555066522, "gamma": 0.06246490565166746, "lamda": 0.11909079946070941}, "datetime": {"datetime": "2021-09-23 10:00:40", "elapsed": 237.946601, "delta": 1.860184}}
{"target": 0.9142547472608188, "params": {"C": 175.94224102386903, "epsilon": 0.2504284868575709, "gamma": 0.07553785878620017, "lamda": 0.09326011081702398}, "datetime": {"datetime": "2021-09-23 10:00:42", "elapsed": 239.690744, "delta": 1.744143}}
{"target": 0.9138001437435536, "params": {"C": 175.88344182951562, "epsilon": 0.27098927048814736, "gamma": 0.08810033428333308, "lamda": 0.07039234956388109}, "datetime": {"datetime": "2021-09-23 10:00:43", "elapsed": 241.354436, "delta": 1.663692}}
{"target": 0.9095466990043285, "params": {"C": 156.4517675232341, "epsilon": 0.15750087819099573, "gamma": 0.07984072148275445, "lamda": 0.3473771560407362}, "datetime": {"datetime": "2021-09-23 10:00:44", "elapsed": 242.547923, "delta": 1.193487}}
{"target": 0.905832611112153, "params": {"C": 166.77658598442633, "epsilon": 0.20478919566384848, "gamma": 0.06928590549830665, "lamda": 0.40955833074375086}, "datetime": {"datetime": "2021-09-23 10:00:45", "elapsed": 243.580766, "delta": 1.032843}}
{"target": 0.9037219601307089, "params": {"C": 175.923509745353, "epsilon": 0.24011241773928357, "gamma": 0.06573370346895478, "lamda": 0.02628542496004649}, "datetime": {"datetime": "2021-09-23 10:00:47", "elapsed": 245.107484, "delta": 1.526718}}
{"target": 0.9116678120073627, "params": {"C": 175.94790012692133, "epsilon": 0.29426470107127, "gamma": 0.08202573794846242, "lamda": 0.14284234999473447}, "datetime": {"datetime": "2021-09-23 10:00:49", "elapsed": 246.992768, "delta": 1.885284}}
{"target": 0.9093766523435123, "params": {"C": 188.37398159840168, "epsilon": 0.1908470893566221, "gamma": 0.05554471260774493, "lamda": 0.15029420255382003}, "datetime": {"datetime": "2021-09-23 10:00:50", "elapsed": 248.072213, "delta": 1.079445}}
{"target": 0.9121744749511006, "params": {"C": 175.89650332068965, "epsilon": 0.26708791024346606, "gamma": 0.08808994028779442, "lamda": 0.122996517302942}, "datetime": {"datetime": "2021-09-23 10:00:52", "elapsed": 250.126346, "delta": 2.054133}}
{"target": 0.9129480064118767, "params": {"C": 175.83476292831085, "epsilon": 0.29931740489826664, "gamma": 0.06341055939097598, "lamda": 0.06782899490001607}, "datetime": {"datetime": "2021-09-23 10:00:54", "elapsed": 252.506693, "delta": 2.380347}}
{"target": 0.9112782715845098, "params": {"C": 167.65786658946257, "epsilon": 0.11424261131510126, "gamma": 0.06567979997774094, "lamda": 0.27927733844565894}, "datetime": {"datetime": "2021-09-23 10:00:56", "elapsed": 253.684635, "delta": 1.177942}}
{"target": 0.911800868238746, "params": {"C": 160.46682415444573, "epsilon": 0.22165004127380275, "gamma": 0.09671552703043951, "lamda": 0.0975466481084377}, "datetime": {"datetime": "2021-09-23 10:00:57", "elapsed": 254.886919, "delta": 1.202284}}
{"target": 0.9122873929709756, "params": {"C": 175.5324800043666, "epsilon": 0.2675972525298982, "gamma": 0.09440590849962822, "lamda": 0.045015899989636225}, "datetime": {"datetime": "2021-09-23 10:00:58", "elapsed": 256.058783, "delta": 1.171864}}
{"target": 0.9130131767543775, "params": {"C": 188.3073431698268, "epsilon": 0.12269975692615909, "gamma": 0.09256534692823486, "lamda": 0.13998966275560987}, "datetime": {"datetime": "2021-09-23 10:01:00", "elapsed": 258.048692, "delta": 1.989909}}
{"target": 0.9145163804550072, "params": {"C": 187.1026555701189, "epsilon": 0.10207186364016174, "gamma": 0.07980801009373126, "lamda": 0.1974471145043206}, "datetime": {"datetime": "2021-09-23 10:01:02", "elapsed": 260.050915, "delta": 2.002223}}
{"target": 0.9104153639954903, "params": {"C": 185.25804081554847, "epsilon": 0.15429402473355436, "gamma": 0.06621626226271977, "lamda": 0.2722598650769044}, "datetime": {"datetime": "2021-09-23 10:01:03", "elapsed": 261.141619, "delta": 1.090704}}
{"target": 0.9111076411327208, "params": {"C": 188.3558635279338, "epsilon": 0.20756487290944553, "gamma": 0.09958322103290987, "lamda": 0.11142468846839776}, "datetime": {"datetime": "2021-09-23 10:01:05", "elapsed": 262.855027, "delta": 1.713408}}
{"target": 0.9118852624488811, "params": {"C": 187.04890868171805, "epsilon": 0.129379933501792, "gamma": 0.09366725815635024, "lamda": 0.2067448324427568}, "datetime": {"datetime": "2021-09-23 10:01:07", "elapsed": 265.008767, "delta": 2.15374}}
{"target": 0.9140502473309502, "params": {"C": 187.10244264404054, "epsilon": 0.07726694355099717, "gamma": 0.07346336305017276, "lamda": 0.1622728347368159}, "datetime": {"datetime": "2021-09-23 10:01:09", "elapsed": 267.431977, "delta": 2.42321}}
{"target": 0.9123405481887866, "params": {"C": 188.3120220524202, "epsilon": 0.16856743036777283, "gamma": 0.09566803587727954, "lamda": 0.1102766544982349}, "datetime": {"datetime": "2021-09-23 10:01:11", "elapsed": 269.412255, "delta": 1.980278}}
{"target": 0.9128791336425569, "params": {"C": 187.10670951493137, "epsilon": 0.13416338473344908, "gamma": 0.07554611202675929, "lamda": 0.23509174510361036}, "datetime": {"datetime": "2021-09-23 10:01:13", "elapsed": 271.282284, "delta": 1.870029}}
{"target": 0.9086366210524941, "params": {"C": 175.9769036248318, "epsilon": 0.2456960727580251, "gamma": 0.05362124600096201, "lamda": 0.10714014694195907}, "datetime": {"datetime": "2021-09-23 10:01:15", "elapsed": 273.124391, "delta": 1.842107}}
{"target": 0.9109817825691945, "params": {"C": 170.22296526052725, "epsilon": 0.07, "gamma": 0.1, "lamda": 0.19619915070287858}, "datetime": {"datetime": "2021-09-23 10:01:17", "elapsed": 275.288195, "delta": 2.163804}}
{"target": 0.904015219889486, "params": {"C": 169.39911347279374, "epsilon": 0.1398419687455143, "gamma": 0.05033848064515001, "lamda": 0.13302099350022673}, "datetime": {"datetime": "2021-09-23 10:01:19", "elapsed": 277.231228, "delta": 1.943033}}
{"target": 0.909632927317804, "params": {"C": 161.83292477530696, "epsilon": 0.25739604690583345, "gamma": 0.07057475939248535, "lamda": 0.2083596883590801}, "datetime": {"datetime": "2021-09-23 10:01:20", "elapsed": 278.410116, "delta": 1.178888}}
{"target": 0.9130094861251312, "params": {"C": 175.91887084661457, "epsilon": 0.2990034365095096, "gamma": 0.07344173398072587, "lamda": 0.1017334883052377}, "datetime": {"datetime": "2021-09-23 10:01:22", "elapsed": 280.281201, "delta": 1.871085}}
{"target": 0.9021995110952232, "params": {"C": 168.57458948830978, "epsilon": 0.25019421589279633, "gamma": 0.08792445502373514, "lamda": 0.46263526560164286}, "datetime": {"datetime": "2021-09-23 10:01:23", "elapsed": 281.434394, "delta": 1.153193}}
{"target": 0.9128779811241424, "params": {"C": 155.7484406082786, "epsilon": 0.22977762483770114, "gamma": 0.07733456309375222, "lamda": 0.13115902798122317}, "datetime": {"datetime": "2021-09-23 10:01:24", "elapsed": 282.59429, "delta": 1.159896}}
{"target": 0.9139292804378993, "params": {"C": 188.01145014826548, "epsilon": 0.163409656078985, "gamma": 0.07056894287022351, "lamda": 0.14924535764659816}, "datetime": {"datetime": "2021-09-23 10:01:26", "elapsed": 284.544203, "delta": 1.949913}}
{"target": 0.9129950271263596, "params": {"C": 188.0127675874794, "epsilon": 0.14356024540364398, "gamma": 0.08682224531619537, "lamda": 0.18888605623173596}, "datetime": {"datetime": "2021-09-23 10:01:29", "elapsed": 287.275596, "delta": 2.731393}}
{"target": 0.9121330807249063, "params": {"C": 187.1762239329498, "epsilon": 0.10589130337609044, "gamma": 0.09619127906274194, "lamda": 0.15347652758408428}, "datetime": {"datetime": "2021-09-23 10:01:31", "elapsed": 289.127231, "delta": 1.851635}}
{"target": 0.9055673573171983, "params": {"C": 163.9677296056879, "epsilon": 0.3, "gamma": 0.05, "lamda": 0.08860327679259937}, "datetime": {"datetime": "2021-09-23 10:01:33", "elapsed": 291.027481, "delta": 1.90025}}
{"target": 0.9112371181882205, "params": {"C": 169.83358133396365, "epsilon": 0.14409239534820054, "gamma": 0.08194601307802984, "lamda": 0.27948293786371936}, "datetime": {"datetime": "2021-09-23 10:01:34", "elapsed": 292.212112, "delta": 1.184631}}
{"target": 0.914186988637421, "params": {"C": 187.08685206122036, "epsilon": 0.14544518265578887, "gamma": 0.08378503004337969, "lamda": 0.14672212164509432}, "datetime": {"datetime": "2021-09-23 10:01:36", "elapsed": 294.118801, "delta": 1.906689}}
{"target": 0.908444767535961, "params": {"C": 187.15199588233287, "epsilon": 0.14081710289536103, "gamma": 0.053308268362443664, "lamda": 0.19588612863530006}, "datetime": {"datetime": "2021-09-23 10:01:38", "elapsed": 296.353082, "delta": 2.234281}}
{"target": 0.9120381469796732, "params": {"C": 187.08555488981392, "epsilon": 0.08551095824702169, "gamma": 0.0950685019599976, "lamda": 0.12063654613658388}, "datetime": {"datetime": "2021-09-23 10:01:40", "elapsed": 298.270463, "delta": 1.917381}}
{"target": 0.9096225894519745, "params": {"C": 155.27896081310038, "epsilon": 0.1463795758245743, "gamma": 0.09756167612076304, "lamda": 0.2567140576985134}, "datetime": {"datetime": "2021-09-23 10:01:41", "elapsed": 299.480397, "delta": 1.209934}}
{"target": 0.9119544658711926, "params": {"C": 170.17857780448864, "epsilon": 0.151295115532052, "gamma": 0.07515786463105416, "lamda": 0.23750983729482394}, "datetime": {"datetime": "2021-09-23 10:01:42", "elapsed": 300.660809, "delta": 1.180412}}
{"target": 0.9115457059566544, "params": {"C": 188.08608762142651, "epsilon": 0.11527217185180638, "gamma": 0.09788274813746856, "lamda": 0.1794192770354022}, "datetime": {"datetime": "2021-09-23 10:01:44", "elapsed": 302.466401, "delta": 1.805592}}
{"target": 0.9066160704046243, "params": {"C": 168.05510806645265, "epsilon": 0.23855560696860623, "gamma": 0.08273083038078036, "lamda": 0.35853372509760073}, "datetime": {"datetime": "2021-09-23 10:01:46", "elapsed": 303.730974, "delta": 1.264573}}
{"target": 0.9124998440425207, "params": {"C": 162.9808170350044, "epsilon": 0.28665595576883984, "gamma": 0.07343933931163582, "lamda": 0.11198957946604422}, "datetime": {"datetime": "2021-09-23 10:01:47", "elapsed": 304.962896, "delta": 1.231922}}
{"target": 0.89942471027101, "params": {"C": 151.74591279775163, "epsilon": 0.2794503969907308, "gamma": 0.06596412858036818, "lamda": 0.011451916113953985}, "datetime": {"datetime": "2021-09-23 10:01:48", "elapsed": 306.377829, "delta": 1.414933}}
{"target": 0.9108434257516506, "params": {"C": 161.32190289448596, "epsilon": 0.0749328982077156, "gamma": 0.09652466291801456, "lamda": 0.13118936634353437}, "datetime": {"datetime": "2021-09-23 10:01:49", "elapsed": 307.671593, "delta": 1.293764}}
{"target": 0.9079437053373857, "params": {"C": 188.3645371784354, "epsilon": 0.2714852952536059, "gamma": 0.08455432653512204, "lamda": 0.29394865244919643}, "datetime": {"datetime": "2021-09-23 10:01:51", "elapsed": 308.905776, "delta": 1.234183}}
