{"target": -2.0470353241015644, "params": {"C": 279.727724897195, "epsilon": 0.6225085623103117, "gamma": 0.05945565638668626, "lamda": 0.0772354574246611}, "datetime": {"datetime": "2021-09-23 13:29:26", "elapsed": 194.112943, "delta": 0.979002}}
{"target": -2.07170115347758, "params": {"C": 200.1581961454234, "epsilon": 0.040331457819032294, "gamma": 0.04450831562024037, "lamda": 0.24527760397023005}, "datetime": {"datetime": "2021-09-23 13:29:27", "elapsed": 195.182937, "delta": 1.069994}}
{"target": -2.070210632980009, "params": {"C": 125.59292790455889, "epsilon": 0.14765376998468638, "gamma": 0.04934220577337403, "lamda": 0.032806924013481537}, "datetime": {"datetime": "2021-09-23 13:29:28", "elapsed": 196.449944, "delta": 1.267007}}
{"target": -2.0736381931534518, "params": {"C": 125.6495019737458, "epsilon": 0.05266760876354297, "gamma": 0.04866876599444012, "lamda": 0.2707379553439659}, "datetime": {"datetime": "2021-09-23 13:29:30", "elapsed": 197.783943, "delta": 1.333999}}
{"target": -2.0905192594719795, "params": {"C": 125.68341055280075, "epsilon": 0.13830481413141477, "gamma": 0.04, "lamda": 0.16100128528485697}, "datetime": {"datetime": "2021-09-23 13:29:31", "elapsed": 199.264943, "delta": 1.481}}
{"target": -2.194411382651073, "params": {"C": 106.47315532747731, "epsilon": 0.6581223208423573, "gamma": 0.12499600790969423, "lamda": 0.12313037769016372}, "datetime": {"datetime": "2021-09-23 13:29:32", "elapsed": 200.564947, "delta": 1.300004}}
{"target": -2.0026704089877754, "params": {"C": 125.51361403537283, "epsilon": 0.12418284409599117, "gamma": 0.06996055320648348, "lamda": 0.12873683210020903}, "datetime": {"datetime": "2021-09-23 13:29:34", "elapsed": 201.955942, "delta": 1.390995}}
{"target": -2.340662052814225, "params": {"C": 145.69185213698464, "epsilon": 0.77217811696027, "gamma": 0.08654758246982411, "lamda": 0.29252765219204124}, "datetime": {"datetime": "2021-09-23 13:29:35", "elapsed": 202.960461, "delta": 1.004519}}
{"target": -2.216213325868542, "params": {"C": 125.63399626830048, "epsilon": 0.2560748308778086, "gamma": 0.13781394309509454, "lamda": 0.05122370522690751}, "datetime": {"datetime": "2021-09-23 13:29:36", "elapsed": 204.120465, "delta": 1.160004}}
{"target": -2.1910740035425085, "params": {"C": 125.57664819674122, "epsilon": 0.13457296976364838, "gamma": 0.13926148431531732, "lamda": 0.2020842946138137}, "datetime": {"datetime": "2021-09-23 13:29:38", "elapsed": 205.683497, "delta": 1.563032}}
{"target": -1.9941042446095079, "params": {"C": 125.42647379320088, "epsilon": 0.17572544541672183, "gamma": 0.08258397747017493, "lamda": 0.12584093082124373}, "datetime": {"datetime": "2021-09-23 13:29:39", "elapsed": 207.21546, "delta": 1.531963}}
{"target": -2.1196050730660074, "params": {"C": 125.42107274704976, "epsilon": 0.18784417025240488, "gamma": 0.1000516048315675, "lamda": 0.028472984732589447}, "datetime": {"datetime": "2021-09-23 13:29:40", "elapsed": 208.620464, "delta": 1.405004}}
{"target": -2.3712655357837384, "params": {"C": 190.46343845707418, "epsilon": 0.8857478865828491, "gamma": 0.14497841666134131, "lamda": 0.202904926254178}, "datetime": {"datetime": "2021-09-23 13:29:41", "elapsed": 209.579461, "delta": 0.958997}}
{"target": -2.080154878646573, "params": {"C": 125.57071737701433, "epsilon": 0.10241773645524876, "gamma": 0.042145736097240115, "lamda": 0.180409562960166}, "datetime": {"datetime": "2021-09-23 13:29:43", "elapsed": 211.074461, "delta": 1.495}}
{"target": -2.1019313286283277, "params": {"C": 284.7197914378414, "epsilon": 0.3600160850273301, "gamma": 0.0820631530695085, "lamda": 0.16230065677455088}, "datetime": {"datetime": "2021-09-23 13:29:44", "elapsed": 212.210461, "delta": 1.136}}
{"target": -2.0283296653348, "params": {"C": 223.29709707837108, "epsilon": 0.9067635792061081, "gamma": 0.07010240945926866, "lamda": 0.011338872760166839}, "datetime": {"datetime": "2021-09-23 13:29:45", "elapsed": 213.593463, "delta": 1.383002}}
{"target": -2.2021112764887922, "params": {"C": 224.35671592012568, "epsilon": 0.7802405448021444, "gamma": 0.08218737351742134, "lamda": 0.15813903215962172}, "datetime": {"datetime": "2021-09-23 13:29:46", "elapsed": 214.652459, "delta": 1.058996}}
{"target": -2.006911761412268, "params": {"C": 125.37186125397679, "epsilon": 0.15099251834178287, "gamma": 0.06690962816435984, "lamda": 0.10336988498341461}, "datetime": {"datetime": "2021-09-23 13:29:48", "elapsed": 216.07846, "delta": 1.426001}}
{"target": -1.9991899173915275, "params": {"C": 164.674266310516, "epsilon": 0.16474075321589032, "gamma": 0.07343907777226182, "lamda": 0.08449376131126736}, "datetime": {"datetime": "2021-09-23 13:29:49", "elapsed": 217.221463, "delta": 1.143003}}
{"target": -2.2328435645211457, "params": {"C": 125.27419490726885, "epsilon": 0.16555246330046905, "gamma": 0.1440231282006238, "lamda": 0.09013625495894384}, "datetime": {"datetime": "2021-09-23 13:29:51", "elapsed": 219.207463, "delta": 1.986}}
{"target": -2.0503689932455007, "params": {"C": 125.55513083488023, "epsilon": 0.09125123888053796, "gamma": 0.06857533034343036, "lamda": 0.07628624077408923}, "datetime": {"datetime": "2021-09-23 13:29:54", "elapsed": 221.968461, "delta": 2.760998}}
{"target": -2.0106343557902266, "params": {"C": 164.7668553533534, "epsilon": 0.18092061742976545, "gamma": 0.06460175674630439, "lamda": 0.07201405262619717}, "datetime": {"datetime": "2021-09-23 13:29:57", "elapsed": 224.81146, "delta": 2.842999}}
{"target": -2.071914727032907, "params": {"C": 164.6872422484018, "epsilon": 0.1353291330225943, "gamma": 0.08370388956164014, "lamda": 0.03588007585902007}, "datetime": {"datetime": "2021-09-23 13:29:59", "elapsed": 227.371461, "delta": 2.560001}}
{"target": -2.0180315176083, "params": {"C": 164.74942023622154, "epsilon": 0.17436170476462182, "gamma": 0.05392616196656619, "lamda": 0.1881346128167558}, "datetime": {"datetime": "2021-09-23 13:30:01", "elapsed": 229.329277, "delta": 1.957816}}
{"target": -2.034602275374105, "params": {"C": 164.58876799652228, "epsilon": 0.14715770716991014, "gamma": 0.091809064276507, "lamda": 0.10155212337970895}, "datetime": {"datetime": "2021-09-23 13:30:03", "elapsed": 231.61986, "delta": 2.290583}}
{"target": -2.2575040715575962, "params": {"C": 178.32619659373904, "epsilon": 0.8703068601618934, "gamma": 0.09483641058170894, "lamda": 0.16865441360042938}, "datetime": {"datetime": "2021-09-23 13:30:05", "elapsed": 232.995321, "delta": 1.375461}}
{"target": -2.309709176527349, "params": {"C": 266.19770074849106, "epsilon": 0.4557967067784774, "gamma": 0.1486321265906925, "lamda": 0.2572794069992458}, "datetime": {"datetime": "2021-09-23 13:30:06", "elapsed": 234.656349, "delta": 1.661028}}
{"target": -2.0982208330505485, "params": {"C": 164.74617577158335, "epsilon": 0.19544875271105336, "gamma": 0.10667457271759465, "lamda": 0.151754441707371}, "datetime": {"datetime": "2021-09-23 13:30:08", "elapsed": 236.508016, "delta": 1.851667}}
{"target": -2.3282335549547106, "params": {"C": 239.49419618501696, "epsilon": 0.81984976926572, "gamma": 0.11476136867074241, "lamda": 0.22083251259929862}, "datetime": {"datetime": "2021-09-23 13:30:10", "elapsed": 238.095882, "delta": 1.587866}}
{"target": -2.0888769558679883, "params": {"C": 125.65851504369152, "epsilon": 0.11446650744024606, "gamma": 0.0955787391502422, "lamda": 0.05856471737575202}, "datetime": {"datetime": "2021-09-23 13:30:12", "elapsed": 240.4295, "delta": 2.333618}}
{"target": -2.028715574569949, "params": {"C": 125.49650066975535, "epsilon": 0.16733814022176993, "gamma": 0.05853070250822833, "lamda": 0.09561344227629655}, "datetime": {"datetime": "2021-09-23 13:30:14", "elapsed": 242.667259, "delta": 2.237759}}
{"target": -2.0292434351331967, "params": {"C": 164.58997942026798, "epsilon": 0.21938790355628368, "gamma": 0.0915278214657404, "lamda": 0.09014687305897677}, "datetime": {"datetime": "2021-09-23 13:30:17", "elapsed": 244.83785, "delta": 2.170591}}
{"target": -2.174605748441808, "params": {"C": 111.1465307984883, "epsilon": 0.5297402206641154, "gamma": 0.13317718140622123, "lamda": 0.08519721181435388}, "datetime": {"datetime": "2021-09-23 13:30:18", "elapsed": 246.432851, "delta": 1.595001}}
{"target": -2.1481662901302276, "params": {"C": 125.41481906910006, "epsilon": 0.1073994417246226, "gamma": 0.11810315751091544, "lamda": 0.08906881656128139}, "datetime": {"datetime": "2021-09-23 13:30:21", "elapsed": 248.980049, "delta": 2.547198}}
{"target": -2.0229126492372083, "params": {"C": 125.3747473840906, "epsilon": 0.22900415415246653, "gamma": 0.06197125555793072, "lamda": 0.21233743090440446}, "datetime": {"datetime": "2021-09-23 13:30:23", "elapsed": 251.519911, "delta": 2.539862}}
{"target": -2.0994900364364106, "params": {"C": 164.8045960390468, "epsilon": 0.099020113057536, "gamma": 0.046352515884742915, "lamda": 0.04378641914884462}, "datetime": {"datetime": "2021-09-23 13:30:25", "elapsed": 253.621366, "delta": 2.101455}}
{"target": -2.2370876565671183, "params": {"C": 215.6932996608195, "epsilon": 0.24224965187513658, "gamma": 0.14303810947631448, "lamda": 0.15004571930934743}, "datetime": {"datetime": "2021-09-23 13:30:27", "elapsed": 255.574501, "delta": 1.953135}}
{"target": -2.0465937934000933, "params": {"C": 253.85610615437614, "epsilon": 0.21815879778964484, "gamma": 0.06279868404677359, "lamda": 0.22226917365030213}, "datetime": {"datetime": "2021-09-23 13:30:29", "elapsed": 257.464503, "delta": 1.890002}}
{"target": -2.0614903510847276, "params": {"C": 200.93352428862352, "epsilon": 0.21803174765594918, "gamma": 0.04493884748353576, "lamda": 0.17343982866466517}, "datetime": {"datetime": "2021-09-23 13:30:31", "elapsed": 259.28803, "delta": 1.823527}}
{"target": -2.018886326580757, "params": {"C": 164.6341499472864, "epsilon": 0.21331614046976086, "gamma": 0.07122401391859406, "lamda": 0.2009263634226048}, "datetime": {"datetime": "2021-09-23 13:30:34", "elapsed": 262.39451, "delta": 3.10648}}
{"target": -2.083627255393437, "params": {"C": 284.048090105439, "epsilon": 0.5779121692278507, "gamma": 0.07617642056743576, "lamda": 0.0962852264651393}, "datetime": {"datetime": "2021-09-23 13:30:36", "elapsed": 264.17061, "delta": 1.7761}}
{"target": -1.987943156263524, "params": {"C": 164.65823000008993, "epsilon": 0.2455736567808518, "gamma": 0.06464320588448469, "lamda": 0.10520227848044582}, "datetime": {"datetime": "2021-09-23 13:30:39", "elapsed": 267.043989, "delta": 2.873379}}
{"target": -2.2196367308718963, "params": {"C": 164.7046840077819, "epsilon": 0.23991467762343263, "gamma": 0.13727858810455495, "lamda": 0.07134410361957622}, "datetime": {"datetime": "2021-09-23 13:30:41", "elapsed": 269.087012, "delta": 2.043023}}
{"target": -2.0700965954868735, "params": {"C": 164.65867374867457, "epsilon": 0.1858489031852649, "gamma": 0.04, "lamda": 0.13898129016589228}, "datetime": {"datetime": "2021-09-23 13:30:44", "elapsed": 272.356399, "delta": 3.269387}}
{"target": -2.006437303619787, "params": {"C": 164.61446691555858, "epsilon": 0.31344197051987976, "gamma": 0.07491434281593978, "lamda": 0.1187182268321402}, "datetime": {"datetime": "2021-09-23 13:30:47", "elapsed": 274.963729, "delta": 2.60733}}
{"target": -2.2455628844846443, "params": {"C": 187.96900953023663, "epsilon": 0.9881510060808492, "gamma": 0.07888484362701696, "lamda": 0.15994355079900247}, "datetime": {"datetime": "2021-09-23 13:30:49", "elapsed": 276.911559, "delta": 1.94783}}
{"target": -2.0983602505326844, "params": {"C": 164.66668499982393, "epsilon": 0.3644551919162403, "gamma": 0.09450483119157624, "lamda": 0.1521669425051185}, "datetime": {"datetime": "2021-09-23 13:30:51", "elapsed": 278.945872, "delta": 2.034313}}
{"target": -2.008084214220164, "params": {"C": 125.47862324318058, "epsilon": 0.25458439329105303, "gamma": 0.058204441688987016, "lamda": 0.14767342279395615}, "datetime": {"datetime": "2021-09-23 13:30:52", "elapsed": 280.486109, "delta": 1.540237}}
{"target": -2.0125691457388215, "params": {"C": 223.206603292234, "epsilon": 0.8860821033359377, "gamma": 0.07210798669216636, "lamda": 0.034437469654412606}, "datetime": {"datetime": "2021-09-23 13:30:54", "elapsed": 282.088851, "delta": 1.602742}}
{"target": -2.205401565602588, "params": {"C": 223.2475299025998, "epsilon": 0.8941453363682765, "gamma": 0.08665503055312376, "lamda": 0.13298673557428775}, "datetime": {"datetime": "2021-09-23 13:30:56", "elapsed": 284.377722, "delta": 2.288871}}
{"target": -2.1404757371069034, "params": {"C": 164.53687371682204, "epsilon": 0.16140286638510473, "gamma": 0.11718282728956708, "lamda": 0.20184897562047016}, "datetime": {"datetime": "2021-09-23 13:30:58", "elapsed": 285.917972, "delta": 1.54025}}
{"target": -2.042811813904309, "params": {"C": 164.80458383844675, "epsilon": 0.22176216871713997, "gamma": 0.054943182902557966, "lamda": 0.20999217715549834}, "datetime": {"datetime": "2021-09-23 13:30:59", "elapsed": 287.342858, "delta": 1.424886}}
{"target": -2.0230048020540656, "params": {"C": 125.46287382196525, "epsilon": 0.18094071899351594, "gamma": 0.05380890631589728, "lamda": 0.1887487111510695}, "datetime": {"datetime": "2021-09-23 13:31:01", "elapsed": 289.017904, "delta": 1.675046}}
{"target": -2.2082811037246857, "params": {"C": 217.6695793124362, "epsilon": 0.6344797524614536, "gamma": 0.120850337833975, "lamda": 0.015777907542260043}, "datetime": {"datetime": "2021-09-23 13:31:02", "elapsed": 290.281531, "delta": 1.263627}}
{"target": -2.2835775218750576, "params": {"C": 127.48847974945164, "epsilon": 0.907618073053146, "gamma": 0.05191941546241602, "lamda": 0.21297294651528362}, "datetime": {"datetime": "2021-09-23 13:31:03", "elapsed": 291.462991, "delta": 1.18146}}
{"target": -2.0059963037503676, "params": {"C": 164.5346590502544, "epsilon": 0.26844504450444895, "gamma": 0.056415193052274784, "lamda": 0.09263122624017056}, "datetime": {"datetime": "2021-09-23 13:31:05", "elapsed": 293.2328, "delta": 1.769809}}
{"target": -2.0589578530585717, "params": {"C": 164.6860662906808, "epsilon": 0.2634841961393586, "gamma": 0.0598165107917924, "lamda": 0.22420988009055892}, "datetime": {"datetime": "2021-09-23 13:31:07", "elapsed": 295.264514, "delta": 2.031714}}
{"target": -1.993763856278502, "params": {"C": 125.4052766516689, "epsilon": 0.25877478971108697, "gamma": 0.06743063944299171, "lamda": 0.1503991125318246}, "datetime": {"datetime": "2021-09-23 13:31:09", "elapsed": 296.983422, "delta": 1.718908}}
{"target": -2.2233645338907015, "params": {"C": 164.52785327139696, "epsilon": 0.28693220253260476, "gamma": 0.1410826560871375, "lamda": 0.07427034758262828}, "datetime": {"datetime": "2021-09-23 13:31:11", "elapsed": 298.760015, "delta": 1.776593}}
{"target": -2.020966746545949, "params": {"C": 275.19392099446713, "epsilon": 0.8709398055203807, "gamma": 0.05132174753916209, "lamda": 0.024817531211900237}, "datetime": {"datetime": "2021-09-23 13:31:12", "elapsed": 300.667096, "delta": 1.907081}}
{"target": -2.065780671322982, "params": {"C": 172.2209950504281, "epsilon": 0.05279910926976608, "gamma": 0.0963109302977521, "lamda": 0.24168188845461666}, "datetime": {"datetime": "2021-09-23 13:31:14", "elapsed": 302.368825, "delta": 1.701729}}
{"target": -2.1707199807454187, "params": {"C": 239.9684712163726, "epsilon": 0.5376166921667513, "gamma": 0.10789931791792279, "lamda": 0.12649744817006503}, "datetime": {"datetime": "2021-09-23 13:31:15", "elapsed": 303.483366, "delta": 1.114541}}
{"target": -2.019311935394186, "params": {"C": 125.43537723354727, "epsilon": 0.33389243525884316, "gamma": 0.06291275377356956, "lamda": 0.14749694422906354}, "datetime": {"datetime": "2021-09-23 13:31:17", "elapsed": 305.35361, "delta": 1.870244}}
{"target": -2.116592407541616, "params": {"C": 125.36462015691674, "epsilon": 0.34872138359349075, "gamma": 0.07240687904267525, "lamda": 0.24841011933985077}, "datetime": {"datetime": "2021-09-23 13:31:19", "elapsed": 306.975335, "delta": 1.621725}}
{"target": -2.0811324704892344, "params": {"C": 164.5564598886113, "epsilon": 0.3231642286786392, "gamma": 0.07283304625890326, "lamda": 0.21102312445334995}, "datetime": {"datetime": "2021-09-23 13:31:21", "elapsed": 308.736712, "delta": 1.761377}}
{"target": -2.1801063596915617, "params": {"C": 125.42519369429328, "epsilon": 0.29089714804574707, "gamma": 0.1273080799076589, "lamda": 0.20012669631884097}, "datetime": {"datetime": "2021-09-23 13:31:23", "elapsed": 311.087922, "delta": 2.35121}}
{"target": -2.054149585287004, "params": {"C": 200.00205982194194, "epsilon": 0.06544718821741316, "gamma": 0.04334422717473441, "lamda": 0.2790539708244398}, "datetime": {"datetime": "2021-09-23 13:31:25", "elapsed": 313.637141, "delta": 2.549219}}
{"target": -2.122060967781638, "params": {"C": 275.21840070439055, "epsilon": 0.7679687207913026, "gamma": 0.0902940609144478, "lamda": 0.07545869149865089}, "datetime": {"datetime": "2021-09-23 13:31:28", "elapsed": 316.153368, "delta": 2.516227}}
{"target": -2.0611737603140106, "params": {"C": 106.41539466205221, "epsilon": 0.7665836979961074, "gamma": 0.04825075794694364, "lamda": 0.029166409499380617}, "datetime": {"datetime": "2021-09-23 13:31:31", "elapsed": 318.861308, "delta": 2.70794}}
{"target": -2.2749167884447643, "params": {"C": 205.8658496437452, "epsilon": 0.4765394112807607, "gamma": 0.1329013963109952, "lamda": 0.23076116567489746}, "datetime": {"datetime": "2021-09-23 13:31:33", "elapsed": 320.968166, "delta": 2.106858}}
{"target": -2.0079625029724313, "params": {"C": 125.34500893691566, "epsilon": 0.3328071421764038, "gamma": 0.057583102489474854, "lamda": 0.10278296749528017}, "datetime": {"datetime": "2021-09-23 13:31:36", "elapsed": 323.764108, "delta": 2.795942}}
{"target": -2.1557064771201615, "params": {"C": 279.7303798826739, "epsilon": 0.7036931392274307, "gamma": 0.1022435048163342, "lamda": 0.09262823227129453}, "datetime": {"datetime": "2021-09-23 13:31:39", "elapsed": 326.901929, "delta": 3.137821}}
{"target": -2.085334731319956, "params": {"C": 125.41080928770546, "epsilon": 0.272843877561187, "gamma": 0.04, "lamda": 0.0842398647992655}, "datetime": {"datetime": "2021-09-23 13:31:41", "elapsed": 329.630754, "delta": 2.728825}}
{"target": -2.2391328881521253, "params": {"C": 223.23010901469462, "epsilon": 0.8071807039743295, "gamma": 0.13454377562041706, "lamda": 0.02395045531784986}, "datetime": {"datetime": "2021-09-23 13:31:45", "elapsed": 332.796205, "delta": 3.165451}}
{"target": -2.165851730057325, "params": {"C": 125.3289733770433, "epsilon": 0.3835828833193658, "gamma": 0.12702665744848055, "lamda": 0.05245328025763519}, "datetime": {"datetime": "2021-09-23 13:31:47", "elapsed": 335.212693, "delta": 2.416488}}
{"target": -2.177003473630991, "params": {"C": 125.80707009293646, "epsilon": 0.40522105679719955, "gamma": 0.10564958726205978, "lamda": 0.2113013532100471}, "datetime": {"datetime": "2021-09-23 13:31:49", "elapsed": 337.225033, "delta": 2.01234}}
{"target": -2.2413571630483786, "params": {"C": 167.10634393770533, "epsilon": 0.6025983819012807, "gamma": 0.08242899209627463, "lamda": 0.24743870924987524}, "datetime": {"datetime": "2021-09-23 13:31:52", "elapsed": 339.724908, "delta": 2.499875}}
{"target": -2.050693585608992, "params": {"C": 275.1012213797836, "epsilon": 0.8354662426680011, "gamma": 0.04397715568371742, "lamda": 0.01703520257368809}, "datetime": {"datetime": "2021-09-23 13:31:55", "elapsed": 342.834998, "delta": 3.11009}}
{"target": -2.0044327020960977, "params": {"C": 106.15907498689464, "epsilon": 0.663376913003361, "gamma": 0.06678793441365208, "lamda": 0.03578526670462262}, "datetime": {"datetime": "2021-09-23 13:31:58", "elapsed": 346.521406, "delta": 3.686408}}
{"target": -2.3473442826666675, "params": {"C": 226.0860954717446, "epsilon": 0.6823841905719608, "gamma": 0.13998988967215, "lamda": 0.23972394632036223}, "datetime": {"datetime": "2021-09-23 13:32:00", "elapsed": 348.137602, "delta": 1.616196}}
{"target": -2.000188647409673, "params": {"C": 125.34859097895938, "epsilon": 0.19882582724092235, "gamma": 0.08339847873540679, "lamda": 0.1512535322041643}, "datetime": {"datetime": "2021-09-23 13:32:03", "elapsed": 351.37236, "delta": 3.234758}}
{"target": -2.0126109914384345, "params": {"C": 223.11226689646492, "epsilon": 0.9096907410714008, "gamma": 0.0704816927996, "lamda": 0.03332770008069591}, "datetime": {"datetime": "2021-09-23 13:32:07", "elapsed": 355.124383, "delta": 3.752023}}
{"target": -2.015815294468456, "params": {"C": 170.63146635785023, "epsilon": 0.22466481244564002, "gamma": 0.07449555995103005, "lamda": 0.1717243049082988}, "datetime": {"datetime": "2021-09-23 13:32:09", "elapsed": 357.114318, "delta": 1.989935}}
{"target": -2.2212378309735454, "params": {"C": 141.86729661778298, "epsilon": 0.672974085316742, "gamma": 0.1427741594669669, "lamda": 0.06610927445179746}, "datetime": {"datetime": "2021-09-23 13:32:12", "elapsed": 359.861501, "delta": 2.747183}}
{"target": -2.036902713162791, "params": {"C": 223.17365034601278, "epsilon": 0.9203420709409719, "gamma": 0.05122201376960336, "lamda": 0.015436936558234898}, "datetime": {"datetime": "2021-09-23 13:32:15", "elapsed": 362.968388, "delta": 3.106887}}
{"target": -2.0542303691240456, "params": {"C": 170.56052853214794, "epsilon": 0.21453677265032783, "gamma": 0.049619501332043806, "lamda": 0.2076769492543029}, "datetime": {"datetime": "2021-09-23 13:32:18", "elapsed": 366.106314, "delta": 3.137926}}
{"target": -2.005895417179666, "params": {"C": 223.0153147428449, "epsilon": 0.9346554445265, "gamma": 0.07462440492627231, "lamda": 0.026478196589249735}, "datetime": {"datetime": "2021-09-23 13:32:21", "elapsed": 368.998882, "delta": 2.892568}}
{"target": -2.0989316582550193, "params": {"C": 241.03216326219385, "epsilon": 0.39183592932266165, "gamma": 0.07567577697798347, "lamda": 0.16764601377214886}, "datetime": {"datetime": "2021-09-23 13:32:23", "elapsed": 371.189308, "delta": 2.190426}}
