{"target": 0.8501307785641474, "params": {"C": 1274.3567159201257, "epsilon": 0.13397587305848968, "gamma": 0.299289025330217, "lamda": 0.12597418239436536}, "datetime": {"datetime": "2021-09-23 12:05:19", "elapsed": 196.579289, "delta": 0.951058}}
{"target": 0.9140690124930938, "params": {"C": 1330.5066011156598, "epsilon": 0.10969550364553504, "gamma": 0.08855829163144396, "lamda": 0.15346213536646267}, "datetime": {"datetime": "2021-09-23 12:05:21", "elapsed": 198.232322, "delta": 1.653033}}
{"target": 0.8631339287814189, "params": {"C": 1214.674266310516, "epsilon": 0.08909567992199201, "gamma": 0.24759455047245615, "lamda": 0.10311875351039333}, "datetime": {"datetime": "2021-09-23 12:05:22", "elapsed": 199.130044, "delta": 0.897722}}
{"target": 0.7793320494274034, "params": {"C": 1330.4078990586868, "epsilon": 0.13752344216485046, "gamma": 0.5441930298135458, "lamda": 0.13854464145811574}, "datetime": {"datetime": "2021-09-23 12:05:24", "elapsed": 200.603815, "delta": 1.473771}}
{"target": 0.9177856089140541, "params": {"C": 1330.9750541104706, "epsilon": 0.12479477793419909, "gamma": 0.07273743255507192, "lamda": 0.13266568884339314}, "datetime": {"datetime": "2021-09-23 12:05:25", "elapsed": 202.436651, "delta": 1.832836}}
{"target": 0.9145478245813085, "params": {"C": 1331.411432913713, "epsilon": 0.14117540526195568, "gamma": 0.08451710688133049, "lamda": 0.10416529140106955}, "datetime": {"datetime": "2021-09-23 12:05:27", "elapsed": 203.836316, "delta": 1.399665}}
{"target": 0.8094984975904846, "params": {"C": 1331.3110010836585, "epsilon": 0.09804973589659535, "gamma": 0.444095142302456, "lamda": 0.14592469825671256}, "datetime": {"datetime": "2021-09-23 12:05:28", "elapsed": 205.578996, "delta": 1.74268}}
{"target": 0.9166485084053768, "params": {"C": 1331.8727878029858, "epsilon": 0.10888325607428365, "gamma": 0.07728048423842734, "lamda": 0.1397582061881264}, "datetime": {"datetime": "2021-09-23 12:05:30", "elapsed": 207.057268, "delta": 1.478272}}
{"target": 0.8524637503224384, "params": {"C": 1332.267555755719, "epsilon": 0.12220762920513308, "gamma": 0.2907865169320912, "lamda": 0.15604599841153993}, "datetime": {"datetime": "2021-09-23 12:05:32", "elapsed": 209.081346, "delta": 2.024078}}
{"target": 0.8396718040006611, "params": {"C": 1167.4572488225726, "epsilon": 0.11079449958251286, "gamma": 0.336694174119183, "lamda": 0.1144762897253971}, "datetime": {"datetime": "2021-09-23 12:05:33", "elapsed": 210.573488, "delta": 1.492142}}
{"target": 0.908403773085301, "params": {"C": 1327.8681438805356, "epsilon": 0.10966897655283027, "gamma": 0.10698856428901385, "lamda": 0.16663155909376337}, "datetime": {"datetime": "2021-09-23 12:05:34", "elapsed": 211.498547, "delta": 0.925059}}
{"target": 0.9141853208316847, "params": {"C": 1224.5861520010349, "epsilon": 0.15, "gamma": 0.05, "lamda": 0.17}, "datetime": {"datetime": "2021-09-23 12:05:36", "elapsed": 213.366724, "delta": 1.868177}}
{"target": 0.8425275890118359, "params": {"C": 1215.4806917872424, "epsilon": 0.13865668207607026, "gamma": 0.3274552802057455, "lamda": 0.12851930135298395}, "datetime": {"datetime": "2021-09-23 12:05:38", "elapsed": 215.03973, "delta": 1.673006}}
{"target": 0.7642546941695721, "params": {"C": 1213.970706639547, "epsilon": 0.08112958755259678, "gamma": 0.5931273378087117, "lamda": 0.1281735408261425}, "datetime": {"datetime": "2021-09-23 12:05:40", "elapsed": 216.948929, "delta": 1.909199}}
{"target": 0.9137289153840522, "params": {"C": 1150.3456535288556, "epsilon": 0.08, "gamma": 0.05, "lamda": 0.08}, "datetime": {"datetime": "2021-09-23 12:05:41", "elapsed": 218.589309, "delta": 1.64038}}
{"target": 0.9102015128181801, "params": {"C": 1323.810981225799, "epsilon": 0.08571140739556389, "gamma": 0.09589211801122122, "lamda": 0.15672173306118906}, "datetime": {"datetime": "2021-09-23 12:05:43", "elapsed": 220.223185, "delta": 1.633876}}
{"target": 0.7622158913751971, "params": {"C": 1161.1465307984884, "epsilon": 0.11571022442342507, "gamma": 0.6005924355822163, "lamda": 0.10333706573548915}, "datetime": {"datetime": "2021-09-23 12:05:44", "elapsed": 221.17018, "delta": 0.946995}}
{"target": 0.8036093247688111, "params": {"C": 1323.479535755554, "epsilon": 0.1355111665197348, "gamma": 0.4642992685571014, "lamda": 0.13567126678021835}, "datetime": {"datetime": "2021-09-23 12:05:46", "elapsed": 222.703119, "delta": 1.532939}}
{"target": 0.9172583334505576, "params": {"C": 1324.0700014430545, "epsilon": 0.142564413890425, "gamma": 0.07712418600778143, "lamda": 0.13415016261034546}, "datetime": {"datetime": "2021-09-23 12:05:47", "elapsed": 224.592776, "delta": 1.889657}}
{"target": 0.9185796441533846, "params": {"C": 1193.8938439643102, "epsilon": 0.10149967396381133, "gamma": 0.0635627711155513, "lamda": 0.15701396178150065}, "datetime": {"datetime": "2021-09-23 12:05:49", "elapsed": 226.06028, "delta": 1.467504}}
{"target": 0.7957787944904519, "params": {"C": 1193.7008109795672, "epsilon": 0.12554774605563068, "gamma": 0.4903176321152874, "lamda": 0.15397369048471682}, "datetime": {"datetime": "2021-09-23 12:05:50", "elapsed": 227.580054, "delta": 1.519774}}
{"target": 0.8972640041265112, "params": {"C": 1194.3211319413415, "epsilon": 0.1285753294709, "gamma": 0.13464837447954764, "lamda": 0.11731770421785484}, "datetime": {"datetime": "2021-09-23 12:05:52", "elapsed": 229.268506, "delta": 1.688452}}
{"target": 0.9149076952960398, "params": {"C": 1250.9335242886234, "epsilon": 0.09298148159991296, "gamma": 0.07918409876634763, "lamda": 0.1307227054476547}, "datetime": {"datetime": "2021-09-23 12:05:53", "elapsed": 230.217954, "delta": 0.949448}}
{"target": 0.7460529290901587, "params": {"C": 1194.8050066985127, "epsilon": 0.09236417828415817, "gamma": 0.6526510954285789, "lamda": 0.1436966423654405}, "datetime": {"datetime": "2021-09-23 12:05:55", "elapsed": 232.216878, "delta": 1.998924}}
{"target": 0.8595090825424259, "params": {"C": 1334.0480901054389, "epsilon": 0.11922276233953077, "gamma": 0.263769757898484, "lamda": 0.10677817373056048}, "datetime": {"datetime": "2021-09-23 12:05:56", "elapsed": 233.262332, "delta": 1.045454}}
{"target": 0.880376036939734, "params": {"C": 1262.3568666792753, "epsilon": 0.14279745137671473, "gamma": 0.19066937735133732, "lamda": 0.11989348837751565}, "datetime": {"datetime": "2021-09-23 12:05:58", "elapsed": 234.849173, "delta": 1.586841}}
{"target": 0.8730415864670797, "params": {"C": 1263.0302094830013, "epsilon": 0.10010222497842951, "gamma": 0.21441653137737882, "lamda": 0.1454444997483268}, "datetime": {"datetime": "2021-09-23 12:05:59", "elapsed": 236.443853, "delta": 1.59468}}
{"target": 0.7896040226344427, "params": {"C": 1261.7257617382663, "epsilon": 0.08864101448256036, "gamma": 0.5103132959144088, "lamda": 0.1315837371380154}, "datetime": {"datetime": "2021-09-23 12:06:01", "elapsed": 238.286126, "delta": 1.842273}}
{"target": 0.7556800839123703, "params": {"C": 1263.6921278433897, "epsilon": 0.10099260531077231, "gamma": 0.6206847286586787, "lamda": 0.15165049132738959}, "datetime": {"datetime": "2021-09-23 12:06:03", "elapsed": 240.14775, "delta": 1.861624}}
{"target": 0.8995350745468033, "params": {"C": 1188.7625344024068, "epsilon": 0.09381619070692364, "gamma": 0.122749711320194, "lamda": 0.12979963230496577}, "datetime": {"datetime": "2021-09-23 12:06:05", "elapsed": 241.804993, "delta": 1.657243}}
{"target": 0.8496338298097152, "params": {"C": 1188.2318281701023, "epsilon": 0.118343988942853, "gamma": 0.30095786131708, "lamda": 0.1440987701084892}, "datetime": {"datetime": "2021-09-23 12:06:06", "elapsed": 243.427086, "delta": 1.622093}}
{"target": 0.9165122082748002, "params": {"C": 1189.3142304316136, "epsilon": 0.08, "gamma": 0.05, "lamda": 0.1081003132406502}, "datetime": {"datetime": "2021-09-23 12:06:08", "elapsed": 245.10366, "delta": 1.676574}}
{"target": 0.7783639323073762, "params": {"C": 1189.1964527204486, "epsilon": 0.10861275021760522, "gamma": 0.546680758934085, "lamda": 0.16834009650729392}, "datetime": {"datetime": "2021-09-23 12:06:10", "elapsed": 246.800621, "delta": 1.696961}}
{"target": 0.9173946655916738, "params": {"C": 1189.9702692923504, "epsilon": 0.12846012978245788, "gamma": 0.07507724156431311, "lamda": 0.128429159227412}, "datetime": {"datetime": "2021-09-23 12:06:12", "elapsed": 248.929079, "delta": 2.128458}}
{"target": 0.9139023494072078, "params": {"C": 1190.4607271532009, "epsilon": 0.08, "gamma": 0.05, "lamda": 0.08}, "datetime": {"datetime": "2021-09-23 12:06:14", "elapsed": 250.609954, "delta": 1.680875}}
{"target": 0.7934595031053278, "params": {"C": 1190.285644200437, "epsilon": 0.08, "gamma": 0.4962000352302252, "lamda": 0.08}, "datetime": {"datetime": "2021-09-23 12:06:15", "elapsed": 252.398777, "delta": 1.788823}}
{"target": 0.9141853208316847, "params": {"C": 1190.9586577146804, "epsilon": 0.15, "gamma": 0.05, "lamda": 0.17}, "datetime": {"datetime": "2021-09-23 12:06:17", "elapsed": 254.472, "delta": 2.073223}}
{"target": 0.7844241047490815, "params": {"C": 1267.6695793124363, "epsilon": 0.12334748195031432, "gamma": 0.5277519962916705, "lamda": 0.08179314372001174}, "datetime": {"datetime": "2021-09-23 12:06:18", "elapsed": 255.507002, "delta": 1.035002}}
{"target": 0.9139064908960282, "params": {"C": 1191.4755040993916, "epsilon": 0.08, "gamma": 0.05, "lamda": 0.08}, "datetime": {"datetime": "2021-09-23 12:06:20", "elapsed": 257.431001, "delta": 1.923999}}
{"target": 0.8164541208969976, "params": {"C": 1191.2727899645174, "epsilon": 0.1482222743572406, "gamma": 0.4206140223893698, "lamda": 0.09341205579944958}, "datetime": {"datetime": "2021-09-23 12:06:22", "elapsed": 259.06473, "delta": 1.633729}}
{"target": 0.9119355303889085, "params": {"C": 1192.0497144975861, "epsilon": 0.14880031031973262, "gamma": 0.09893657437421571, "lamda": 0.1521088544394288}, "datetime": {"datetime": "2021-09-23 12:06:24", "elapsed": 261.06873, "delta": 2.004}}
{"target": 0.7826150560839219, "params": {"C": 1192.333826401936, "epsilon": 0.1303962751235725, "gamma": 0.5330115983517585, "lamda": 0.1682087389644377}, "datetime": {"datetime": "2021-09-23 12:06:26", "elapsed": 263.125941, "delta": 2.057211}}
{"target": 0.9177432713937225, "params": {"C": 1339.38592123601, "epsilon": 0.11468126595670187, "gamma": 0.052274105984140645, "lamda": 0.12161926673523432}, "datetime": {"datetime": "2021-09-23 12:06:28", "elapsed": 264.827657, "delta": 1.701716}}
{"target": 0.8375651917708655, "params": {"C": 1339.7603908885676, "epsilon": 0.09215440466105669, "gamma": 0.34323052715393465, "lamda": 0.0861300331804754}, "datetime": {"datetime": "2021-09-23 12:06:30", "elapsed": 267.035398, "delta": 2.207741}}
{"target": 0.9125418369286761, "params": {"C": 1338.944991891884, "epsilon": 0.1296899456413957, "gamma": 0.09131084619356483, "lamda": 0.1148740906933402}, "datetime": {"datetime": "2021-09-23 12:06:32", "elapsed": 268.985385, "delta": 1.949987}}
{"target": 0.7744746369788177, "params": {"C": 1339.0698738451924, "epsilon": 0.084381219781643, "gamma": 0.5601992190340641, "lamda": 0.12163294241539094}, "datetime": {"datetime": "2021-09-23 12:06:34", "elapsed": 270.652051, "delta": 1.666666}}
{"target": 0.913974933882245, "params": {"C": 1338.4299937242517, "epsilon": 0.14930949620624362, "gamma": 0.0920687608448493, "lamda": 0.16938686142992357}, "datetime": {"datetime": "2021-09-23 12:06:36", "elapsed": 272.915198, "delta": 2.263147}}
{"target": 0.8998661414814633, "params": {"C": 1337.960452593898, "epsilon": 0.08758457767451826, "gamma": 0.12195049271096318, "lamda": 0.1391147376594118}, "datetime": {"datetime": "2021-09-23 12:06:38", "elapsed": 274.800859, "delta": 1.885661}}
{"target": 0.7668367663306137, "params": {"C": 1338.1127720404284, "epsilon": 0.15, "gamma": 0.5858812626422412, "lamda": 0.08}, "datetime": {"datetime": "2021-09-23 12:06:40", "elapsed": 276.888051, "delta": 2.087192}}
{"target": 0.9172697962747804, "params": {"C": 1189.6432727934737, "epsilon": 0.15, "gamma": 0.05, "lamda": 0.08}, "datetime": {"datetime": "2021-09-23 12:06:42", "elapsed": 278.733346, "delta": 1.845295}}
{"target": 0.9180311526813303, "params": {"C": 1337.3934470484253, "epsilon": 0.13977535111877262, "gamma": 0.06783136960426471, "lamda": 0.10087997382041589}, "datetime": {"datetime": "2021-09-23 12:06:44", "elapsed": 281.212783, "delta": 2.479437}}
{"target": 0.8941142864768447, "params": {"C": 1336.9454245353986, "epsilon": 0.08909584238788183, "gamma": 0.13167447867833565, "lamda": 0.11088552112113031}, "datetime": {"datetime": "2021-09-23 12:06:46", "elapsed": 283.491221, "delta": 2.278438}}
{"target": 0.7787966692025465, "params": {"C": 1337.213509023488, "epsilon": 0.15, "gamma": 0.5446143635690773, "lamda": 0.17}, "datetime": {"datetime": "2021-09-23 12:06:48", "elapsed": 285.59065, "delta": 2.099429}}
{"target": 0.762313791988647, "params": {"C": 1255.8658496437452, "epsilon": 0.11183099873922214, "gamma": 0.5989627963831535, "lamda": 0.14851208589910614}, "datetime": {"datetime": "2021-09-23 12:06:50", "elapsed": 286.695554, "delta": 1.104904}}
{"target": 0.7658427162945427, "params": {"C": 1218.750949221512, "epsilon": 0.12251132654890268, "gamma": 0.5887975693367753, "lamda": 0.09556531803264365}, "datetime": {"datetime": "2021-09-23 12:06:52", "elapsed": 288.82295, "delta": 2.127396}}
{"target": 0.8898933398649764, "params": {"C": 1346.421416010409, "epsilon": 0.14547369480361666, "gamma": 0.1641734331762827, "lamda": 0.16554888977349952}, "datetime": {"datetime": "2021-09-23 12:06:54", "elapsed": 290.960904, "delta": 2.137954}}
{"target": 0.7817375427624725, "params": {"C": 1346.920811525476, "epsilon": 0.14107367566386278, "gamma": 0.5370567119771783, "lamda": 0.1066807419136234}, "datetime": {"datetime": "2021-09-23 12:06:55", "elapsed": 292.528074, "delta": 1.56717}}
{"target": 0.9178075693106073, "params": {"C": 1345.8496598190034, "epsilon": 0.0981093127742567, "gamma": 0.05417254984057889, "lamda": 0.1687783071843555}, "datetime": {"datetime": "2021-09-23 12:06:58", "elapsed": 294.70108, "delta": 2.173006}}
{"target": 0.7888224255071026, "params": {"C": 1345.7162217176906, "epsilon": 0.10756329367163246, "gamma": 0.5131110589770745, "lamda": 0.1549836794316416}, "datetime": {"datetime": "2021-09-23 12:07:00", "elapsed": 297.1569, "delta": 2.45582}}
{"target": 0.8113424559432921, "params": {"C": 1175.8070700929366, "epsilon": 0.10663070205812913, "gamma": 0.4379293792758077, "lamda": 0.1424728337548422}, "datetime": {"datetime": "2021-09-23 12:07:01", "elapsed": 298.260135, "delta": 1.103235}}
{"target": 0.8362916460016239, "params": {"C": 1288.7263659201637, "epsilon": 0.1030675531133508, "gamma": 0.3495811398358182, "lamda": 0.1632389333274858}, "datetime": {"datetime": "2021-09-23 12:07:03", "elapsed": 300.250613, "delta": 1.990478}}
{"target": 0.9147942650910886, "params": {"C": 1316.255661925442, "epsilon": 0.12788696565376745, "gamma": 0.08239862010907076, "lamda": 0.10790740185252026}, "datetime": {"datetime": "2021-09-23 12:07:05", "elapsed": 302.175355, "delta": 1.924742}}
{"target": 0.9172698249810683, "params": {"C": 1315.7795761039831, "epsilon": 0.14999314572082956, "gamma": 0.05, "lamda": 0.08000971771743913}, "datetime": {"datetime": "2021-09-23 12:07:07", "elapsed": 304.358277, "delta": 2.182922}}
{"target": 0.8099360392347935, "params": {"C": 1316.0492061399952, "epsilon": 0.13639656775326697, "gamma": 0.44299742026188477, "lamda": 0.13180288748758248}, "datetime": {"datetime": "2021-09-23 12:07:09", "elapsed": 306.140409, "delta": 1.782132}}
{"target": 0.9171787101552369, "params": {"C": 1316.803889398979, "epsilon": 0.14308856561026234, "gamma": 0.0596479811415148, "lamda": 0.1676993572959727}, "datetime": {"datetime": "2021-09-23 12:07:11", "elapsed": 308.253854, "delta": 2.113445}}
{"target": 0.9162656272798831, "params": {"C": 1315.32480347198, "epsilon": 0.1416771445443542, "gamma": 0.08143931311852812, "lamda": 0.1298507860540607}, "datetime": {"datetime": "2021-09-23 12:07:13", "elapsed": 310.53862, "delta": 2.284766}}
{"target": 0.9058024319027247, "params": {"C": 1317.3166039667406, "epsilon": 0.10258451565505265, "gamma": 0.10729691018622235, "lamda": 0.12818624279197}, "datetime": {"datetime": "2021-09-23 12:07:16", "elapsed": 312.611792, "delta": 2.073172}}
{"target": 0.755501357524961, "params": {"C": 1317.1050834152968, "epsilon": 0.1467330346285876, "gamma": 0.6225745234784695, "lamda": 0.10562859527360557}, "datetime": {"datetime": "2021-09-23 12:07:18", "elapsed": 314.724269, "delta": 2.112477}}
{"target": 0.8874764766054181, "params": {"C": 1314.867713370025, "epsilon": 0.12151787195448538, "gamma": 0.16611382264306512, "lamda": 0.1296574776169398}, "datetime": {"datetime": "2021-09-23 12:07:20", "elapsed": 317.007805, "delta": 2.283536}}
{"target": 0.918216242722744, "params": {"C": 1317.8344082970343, "epsilon": 0.10478052659847022, "gamma": 0.06475438441114698, "lamda": 0.12506754396430475}, "datetime": {"datetime": "2021-09-23 12:07:22", "elapsed": 319.524853, "delta": 2.517048}}
{"target": 0.7725634346299826, "params": {"C": 1315.2197225760008, "epsilon": 0.12230313846517707, "gamma": 0.566147343247118, "lamda": 0.13305837205418314}, "datetime": {"datetime": "2021-09-23 12:07:25", "elapsed": 321.672128, "delta": 2.147275}}
{"target": 0.9179428685352632, "params": {"C": 1318.2687960393193, "epsilon": 0.14615800276349714, "gamma": 0.05851114327314, "lamda": 0.13406950251600988}, "datetime": {"datetime": "2021-09-23 12:07:27", "elapsed": 323.772906, "delta": 2.100778}}
{"target": 0.8186359824911466, "params": {"C": 1318.1058805861828, "epsilon": 0.13080930274064462, "gamma": 0.4128648192445341, "lamda": 0.1363771006150716}, "datetime": {"datetime": "2021-09-23 12:07:29", "elapsed": 325.739271, "delta": 1.966365}}
{"target": 0.9171563026447839, "params": {"C": 1314.2884896921034, "epsilon": 0.12831674017841632, "gamma": 0.05486781118505979, "lamda": 0.15817368185191766}, "datetime": {"datetime": "2021-09-23 12:07:31", "elapsed": 327.754542, "delta": 2.015271}}
{"target": 0.7910483704948477, "params": {"C": 1314.4029194789898, "epsilon": 0.09436484224471285, "gamma": 0.5055845101869845, "lamda": 0.12635485316451867}, "datetime": {"datetime": "2021-09-23 12:07:33", "elapsed": 330.354734, "delta": 2.600192}}
{"target": 0.731465908605788, "params": {"C": 1262.6465831336966, "epsilon": 0.08, "gamma": 0.7, "lamda": 0.17}, "datetime": {"datetime": "2021-09-23 12:07:35", "elapsed": 332.436879, "delta": 2.082145}}
{"target": 0.9076584209908407, "params": {"C": 1333.2156680460366, "epsilon": 0.0853648738135182, "gamma": 0.08908766401179052, "lamda": 0.10182963716873264}, "datetime": {"datetime": "2021-09-23 12:07:38", "elapsed": 334.887658, "delta": 2.450779}}
{"target": 0.7699104681291586, "params": {"C": 1333.2152586451443, "epsilon": 0.08273184440691621, "gamma": 0.5740525549983442, "lamda": 0.15962824377808704}, "datetime": {"datetime": "2021-09-23 12:07:40", "elapsed": 337.120892, "delta": 2.233234}}
{"target": 0.8958043454859936, "params": {"C": 1191.7503727997005, "epsilon": 0.13697778747704364, "gamma": 0.14611319309665083, "lamda": 0.16910377725725712}, "datetime": {"datetime": "2021-09-23 12:07:42", "elapsed": 339.359442, "delta": 2.23855}}
{"target": 0.8491739184242373, "params": {"C": 1258.9832308069922, "epsilon": 0.1106358368771676, "gamma": 0.30257068732109155, "lamda": 0.1606427596052586}, "datetime": {"datetime": "2021-09-23 12:07:45", "elapsed": 341.87776, "delta": 2.518318}}
{"target": 0.9143730859615082, "params": {"C": 1332.8189770840206, "epsilon": 0.08, "gamma": 0.05, "lamda": 0.08}, "datetime": {"datetime": "2021-09-23 12:07:47", "elapsed": 344.120634, "delta": 2.242874}}
{"target": 0.8704930784170412, "params": {"C": 1298.6195416536925, "epsilon": 0.08288671098051775, "gamma": 0.22030491950454506, "lamda": 0.12883892263150382}, "datetime": {"datetime": "2021-09-23 12:07:49", "elapsed": 346.284819, "delta": 2.164185}}
{"target": 0.7794663369026924, "params": {"C": 1224.298357953239, "epsilon": 0.13484171788041627, "gamma": 0.5430179153085566, "lamda": 0.1632608695473905}, "datetime": {"datetime": "2021-09-23 12:07:50", "elapsed": 347.521733, "delta": 1.236914}}
{"target": 0.8207768109199107, "params": {"C": 1172.9937624331144, "epsilon": 0.12862797277669163, "gamma": 0.40534932021877884, "lamda": 0.10347557618899816}, "datetime": {"datetime": "2021-09-23 12:07:52", "elapsed": 348.715173, "delta": 1.19344}}
{"target": 0.7422247098945632, "params": {"C": 1299.2298957566761, "epsilon": 0.12055662461816538, "gamma": 0.6665175182982714, "lamda": 0.09420549406020154}, "datetime": {"datetime": "2021-09-23 12:07:54", "elapsed": 350.8097, "delta": 2.094527}}
{"target": 0.903514356386031, "params": {"C": 1298.0052858577644, "epsilon": 0.08858919803593135, "gamma": 0.10581148213239175, "lamda": 0.11358720293216899}, "datetime": {"datetime": "2021-09-23 12:07:56", "elapsed": 353.417032, "delta": 2.607332}}
{"target": 0.7406250761307199, "params": {"C": 1297.9251758171442, "epsilon": 0.0856339392465875, "gamma": 0.6703857702898012, "lamda": 0.1493318990736418}, "datetime": {"datetime": "2021-09-23 12:07:59", "elapsed": 356.19285, "delta": 2.775818}}
{"target": 0.9127361647661718, "params": {"C": 1297.3420021598947, "epsilon": 0.09374947379473375, "gamma": 0.08471605816212704, "lamda": 0.12335195323203213}, "datetime": {"datetime": "2021-09-23 12:08:02", "elapsed": 358.677228, "delta": 2.484378}}
{"target": 0.9148963255715066, "params": {"C": 1296.986930894705, "epsilon": 0.13636562546030473, "gamma": 0.08812377587657072, "lamda": 0.15861772411099842}, "datetime": {"datetime": "2021-09-23 12:08:04", "elapsed": 361.005849, "delta": 2.328621}}
{"target": 0.7863606898373604, "params": {"C": 1297.0258829642266, "epsilon": 0.13913616722538683, "gamma": 0.521287758869336, "lamda": 0.15563833891403434}, "datetime": {"datetime": "2021-09-23 12:08:06", "elapsed": 363.031248, "delta": 2.025399}}
