{"target": 0.9047958922247988, "params": {"C": 1161.953023181743, "epsilon": 0.589530441911254, "gamma": 0.02336424693851469, "lamda": 0.12176138367228462}, "datetime": {"datetime": "2021-09-23 23:33:43", "elapsed": 364.257895, "delta": 1.549434}}
{"target": 0.9172664810678903, "params": {"C": 1146.1574490539006, "epsilon": 0.1441255208932841, "gamma": 0.06010519327943263, "lamda": 0.0421737063338022}, "datetime": {"datetime": "2021-09-23 23:33:46", "elapsed": 366.965643, "delta": 2.707748}}
{"target": 0.8922962027878493, "params": {"C": 1221.1456593465327, "epsilon": 0.6931935352260036, "gamma": 0.022664626176245393, "lamda": 0.2218280859597452}, "datetime": {"datetime": "2021-09-23 23:33:47", "elapsed": 368.433656, "delta": 1.468013}}
{"target": 0.8965323671158967, "params": {"C": 1236.5352303559218, "epsilon": 0.5044468083110161, "gamma": 0.016431565556320946, "lamda": 0.11935481571268808}, "datetime": {"datetime": "2021-09-23 23:33:49", "elapsed": 369.987836, "delta": 1.55418}}
{"target": 0.9093270631544228, "params": {"C": 1187.4496275814017, "epsilon": 0.9389531817571337, "gamma": 0.04680043909277897, "lamda": 0.12644610981249163}, "datetime": {"datetime": "2021-09-23 23:33:50", "elapsed": 371.529457, "delta": 1.541621}}
{"target": 0.9161001203539476, "params": {"C": 1146.3591341988965, "epsilon": 0.03603376966177858, "gamma": 0.06364719917423572, "lamda": 0.182457136507029}, "datetime": {"datetime": "2021-09-23 23:33:54", "elapsed": 374.75632, "delta": 3.226863}}
{"target": 0.9219052363673068, "params": {"C": 1107.0461513411535, "epsilon": 0.876130090741223, "gamma": 0.042078026376060555, "lamda": 0.03635583101016245}, "datetime": {"datetime": "2021-09-23 23:33:56", "elapsed": 377.044583, "delta": 2.288263}}
{"target": 0.9252089198981935, "params": {"C": 1146.1685257770039, "epsilon": 0.03491701518472761, "gamma": 0.02506829242629681, "lamda": 0.17655923405225488}, "datetime": {"datetime": "2021-09-23 23:33:58", "elapsed": 379.17532, "delta": 2.130737}}
{"target": 0.868906802230051, "params": {"C": 1109.314054170151, "epsilon": 0.7644746480472299, "gamma": 0.017201185713739093, "lamda": 0.37966582299564844}, "datetime": {"datetime": "2021-09-23 23:33:59", "elapsed": 380.62732, "delta": 1.452}}
{"target": 0.9260163932362675, "params": {"C": 1233.6773257294235, "epsilon": 0.2930305554023981, "gamma": 0.03207345848036801, "lamda": 0.053835663822133936}, "datetime": {"datetime": "2021-09-23 23:34:02", "elapsed": 382.808277, "delta": 2.180957}}
{"target": 0.9083440402071384, "params": {"C": 1160.3042543025072, "epsilon": 0.9743529651749532, "gamma": 0.06498682135430485, "lamda": 0.10479596368896968}, "datetime": {"datetime": "2021-09-23 23:34:03", "elapsed": 384.478187, "delta": 1.66991}}
{"target": 0.905242507473771, "params": {"C": 1145.9383682072319, "epsilon": 0.21147708231440637, "gamma": 0.01595454660075012, "lamda": 0.12517006899381933}, "datetime": {"datetime": "2021-09-23 23:34:06", "elapsed": 386.881141, "delta": 2.402954}}
{"target": 0.9169483378610672, "params": {"C": 1282.4558880660811, "epsilon": 0.2700500850157165, "gamma": 0.036070607396546134, "lamda": 0.1969465843672707}, "datetime": {"datetime": "2021-09-23 23:34:07", "elapsed": 388.517676, "delta": 1.636535}}
{"target": 0.8692517570747723, "params": {"C": 1263.7744836083154, "epsilon": 0.9683156739541213, "gamma": 0.01723221950914192, "lamda": 0.3028665014686636}, "datetime": {"datetime": "2021-09-23 23:34:09", "elapsed": 390.257194, "delta": 1.739518}}
{"target": 0.9035040870344887, "params": {"C": 1285.8420503747416, "epsilon": 0.21405873933585617, "gamma": 0.024454323238847636, "lamda": 0.38609747017694895}, "datetime": {"datetime": "2021-09-23 23:34:11", "elapsed": 391.815277, "delta": 1.558083}}
{"target": 0.9085415364835929, "params": {"C": 1218.6497551333366, "epsilon": 0.29973952925928715, "gamma": 0.03575004732854738, "lamda": 0.3549918123680863}, "datetime": {"datetime": "2021-09-23 23:34:12", "elapsed": 393.406834, "delta": 1.591557}}
{"target": 0.9215259629797387, "params": {"C": 1232.7123448176344, "epsilon": 0.05510993373603401, "gamma": 0.060243323232504545, "lamda": 0.22354564077740996}, "datetime": {"datetime": "2021-09-23 23:34:15", "elapsed": 395.671106, "delta": 2.264272}}
{"target": 0.9017079433997309, "params": {"C": 1149.0771873747665, "epsilon": 0.7108294001421352, "gamma": 0.027461452269230822, "lamda": 0.170560507665015}, "datetime": {"datetime": "2021-09-23 23:34:16", "elapsed": 397.319974, "delta": 1.648868}}
{"target": 0.8909391325970478, "params": {"C": 1122.2354507103205, "epsilon": 0.81795664420853, "gamma": 0.055097643738716215, "lamda": 0.3627801170554955}, "datetime": {"datetime": "2021-09-23 23:34:18", "elapsed": 398.912112, "delta": 1.592138}}
{"target": 0.9293526876892335, "params": {"C": 1233.6696949535274, "epsilon": 0.2395812107282157, "gamma": 0.03770807974310658, "lamda": 0.0442984055047376}, "datetime": {"datetime": "2021-09-23 23:34:20", "elapsed": 401.453598, "delta": 2.541486}}
{"target": 0.9071006013111371, "params": {"C": 1265.310711803752, "epsilon": 0.7984774829327275, "gamma": 0.0263469419871475, "lamda": 0.09439382039070471}, "datetime": {"datetime": "2021-09-23 23:34:22", "elapsed": 403.086607, "delta": 1.633009}}
{"target": 0.9184844620006062, "params": {"C": 1145.1627889758827, "epsilon": 0.30480079161345464, "gamma": 0.05713580548821905, "lamda": 0.01891834644887196}, "datetime": {"datetime": "2021-09-23 23:34:24", "elapsed": 405.391821, "delta": 2.305214}}
{"target": 0.888780097157545, "params": {"C": 1155.511579751843, "epsilon": 0.5667125977332578, "gamma": 0.019387129385400957, "lamda": 0.2476496770729437}, "datetime": {"datetime": "2021-09-23 23:34:26", "elapsed": 407.023112, "delta": 1.631291}}
{"target": 0.9277262654808717, "params": {"C": 1127.0210026746788, "epsilon": 0.26935468397884943, "gamma": 0.0369905776842178, "lamda": 0.05327673186630272}, "datetime": {"datetime": "2021-09-23 23:34:28", "elapsed": 409.127888, "delta": 2.104776}}
{"target": 0.9074158083457383, "params": {"C": 1233.6708765733028, "epsilon": 0.26926653467170947, "gamma": 0.01760179741359938, "lamda": 0.10512555751109623}, "datetime": {"datetime": "2021-09-23 23:34:30", "elapsed": 411.292383, "delta": 2.164495}}
{"target": 0.9291206790997157, "params": {"C": 1179.9812316931811, "epsilon": 0.7946805049819533, "gamma": 0.033359177053587596, "lamda": 0.012184647884709278}, "datetime": {"datetime": "2021-09-23 23:34:32", "elapsed": 413.009684, "delta": 1.717301}}
{"target": 0.8976057302286338, "params": {"C": 1125.2632189365036, "epsilon": 0.9145555811212792, "gamma": 0.06362935492667825, "lamda": 0.2284662350281005}, "datetime": {"datetime": "2021-09-23 23:34:33", "elapsed": 414.59367, "delta": 1.583986}}
{"target": 0.9279416989383836, "params": {"C": 1206.2964423644578, "epsilon": 0.14371821085469094, "gamma": 0.044908173840603735, "lamda": 0.08175036505022919}, "datetime": {"datetime": "2021-09-23 23:34:36", "elapsed": 417.117145, "delta": 2.523475}}
{"target": 0.9020175999440945, "params": {"C": 1261.9709086891469, "epsilon": 0.4575696534335564, "gamma": 0.04351182075732465, "lamda": 0.3886494294453821}, "datetime": {"datetime": "2021-09-23 23:34:38", "elapsed": 418.838906, "delta": 1.721761}}
{"target": 0.9276115212327849, "params": {"C": 1127.0186494267873, "epsilon": 0.32602519704614064, "gamma": 0.03530774558539829, "lamda": 0.043289492574061054}, "datetime": {"datetime": "2021-09-23 23:34:40", "elapsed": 420.84085, "delta": 2.001944}}
{"target": 0.8982686239769646, "params": {"C": 1249.0345974027775, "epsilon": 0.859866934990085, "gamma": 0.05710251814804424, "lamda": 0.2526121976690217}, "datetime": {"datetime": "2021-09-23 23:34:41", "elapsed": 422.497646, "delta": 1.656796}}
{"target": 0.9231443515497444, "params": {"C": 1132.631954276301, "epsilon": 0.3321763205380831, "gamma": 0.05648715213760319, "lamda": 0.028869307115566716}, "datetime": {"datetime": "2021-09-23 23:34:44", "elapsed": 424.942283, "delta": 2.444637}}
{"target": 0.8811710654555249, "params": {"C": 1181.1405893712508, "epsilon": 0.2808379805507062, "gamma": 0.012207809335038497, "lamda": 0.2865774683827298}, "datetime": {"datetime": "2021-09-23 23:34:45", "elapsed": 426.623397, "delta": 1.681114}}
{"target": 0.9160142908360842, "params": {"C": 1209.3142631733917, "epsilon": 0.03641568629750888, "gamma": 0.06689903657910932, "lamda": 0.2260672794354147}, "datetime": {"datetime": "2021-09-23 23:34:47", "elapsed": 428.342319, "delta": 1.718922}}
{"target": 0.9172198659936204, "params": {"C": 1145.3325969161538, "epsilon": 0.4546782947398106, "gamma": 0.06564249406222848, "lamda": 0.02030828018677192}, "datetime": {"datetime": "2021-09-23 23:34:49", "elapsed": 430.59007, "delta": 2.247751}}
{"target": 0.9230541208333303, "params": {"C": 1179.9295489224983, "epsilon": 0.8122601995608074, "gamma": 0.04913230101878657, "lamda": 0.03167970847006512}, "datetime": {"datetime": "2021-09-23 23:34:52", "elapsed": 433.062126, "delta": 2.472056}}
{"target": 0.9251397629255722, "params": {"C": 1145.122843554344, "epsilon": 0.40735027569215687, "gamma": 0.02553391713342185, "lamda": 0.023214662692801123}, "datetime": {"datetime": "2021-09-23 23:34:54", "elapsed": 435.168268, "delta": 2.106142}}
{"target": 0.9230219660388334, "params": {"C": 1232.6137422574766, "epsilon": 0.07780307188386787, "gamma": 0.0448575265393909, "lamda": 0.3124147891955307}, "datetime": {"datetime": "2021-09-23 23:34:57", "elapsed": 438.609612, "delta": 3.441344}}
{"target": 0.9296674745604083, "params": {"C": 1127.0822779809494, "epsilon": 0.2408993321664786, "gamma": 0.03863002187105208, "lamda": 0.04015411710328146}, "datetime": {"datetime": "2021-09-23 23:35:00", "elapsed": 441.092485, "delta": 2.482873}}
{"target": 0.9152455152681276, "params": {"C": 1233.6960718509454, "epsilon": 0.2984449509724958, "gamma": 0.06742813292620803, "lamda": 0.02758862004960452}, "datetime": {"datetime": "2021-09-23 23:35:02", "elapsed": 443.253021, "delta": 2.160536}}
{"target": 0.8733795097883916, "params": {"C": 1210.150424887295, "epsilon": 0.4672437911628543, "gamma": 0.013253744652353402, "lamda": 0.32564525004963457}, "datetime": {"datetime": "2021-09-23 23:35:04", "elapsed": 444.884865, "delta": 1.631844}}
{"target": 0.9173555827685285, "params": {"C": 1172.1752096263463, "epsilon": 0.09920330905955425, "gamma": 0.06261120317232481, "lamda": 0.3146891095375166}, "datetime": {"datetime": "2021-09-23 23:35:06", "elapsed": 447.123801, "delta": 2.238936}}
{"target": 0.9196852252681836, "params": {"C": 1287.1100395547214, "epsilon": 0.8008423099170624, "gamma": 0.03719646190409606, "lamda": 0.04867830172424418}, "datetime": {"datetime": "2021-09-23 23:35:08", "elapsed": 448.824008, "delta": 1.700207}}
{"target": 0.9169624054939669, "params": {"C": 1136.8278276883875, "epsilon": 0.3697556075784426, "gamma": 0.06962600870394142, "lamda": 0.066485000933984}, "datetime": {"datetime": "2021-09-23 23:35:09", "elapsed": 450.496238, "delta": 1.67223}}
{"target": 0.9123992193391149, "params": {"C": 1283.432568954816, "epsilon": 0.6073747166836607, "gamma": 0.05086945098826015, "lamda": 0.15065843218991296}, "datetime": {"datetime": "2021-09-23 23:35:11", "elapsed": 452.2385, "delta": 1.742262}}
{"target": 0.9183854433267818, "params": {"C": 1186.5239577838558, "epsilon": 0.2356795046712035, "gamma": 0.04880396475141729, "lamda": 0.21176946326117455}, "datetime": {"datetime": "2021-09-23 23:35:13", "elapsed": 453.885499, "delta": 1.646999}}
{"target": 0.9300514325322762, "params": {"C": 1193.6149656382233, "epsilon": 0.18547280400277338, "gamma": 0.03287354621570304, "lamda": 0.042613698204143624}, "datetime": {"datetime": "2021-09-23 23:35:14", "elapsed": 455.564687, "delta": 1.679188}}
{"target": 0.8945654062194155, "params": {"C": 1289.147815885086, "epsilon": 0.7625464369206273, "gamma": 0.0509488469855701, "lamda": 0.34302283005940093}, "datetime": {"datetime": "2021-09-23 23:35:16", "elapsed": 457.191491, "delta": 1.626804}}
{"target": 0.9179333306596842, "params": {"C": 1136.7738435926537, "epsilon": 0.0933037511626517, "gamma": 0.05909421212673848, "lamda": 0.3655517941965795}, "datetime": {"datetime": "2021-09-23 23:35:18", "elapsed": 458.920136, "delta": 1.728645}}
{"target": 0.9206061356580569, "params": {"C": 1126.9910314131043, "epsilon": 0.3105738005787584, "gamma": 0.06249675949913264, "lamda": 0.03897689941531229}, "datetime": {"datetime": "2021-09-23 23:35:21", "elapsed": 462.396228, "delta": 3.476092}}
{"target": 0.906491451975332, "params": {"C": 1127.0144007544359, "epsilon": 0.2244561281932482, "gamma": 0.013682582236332595, "lamda": 0.0468752572239913}, "datetime": {"datetime": "2021-09-23 23:35:24", "elapsed": 464.664043, "delta": 2.267815}}
{"target": 0.8846528980143238, "params": {"C": 1200.0516655513406, "epsilon": 0.9644575409170655, "gamma": 0.06411579715767467, "lamda": 0.3585044260933558}, "datetime": {"datetime": "2021-09-23 23:35:25", "elapsed": 466.361835, "delta": 1.697792}}
{"target": 0.9254689753830587, "params": {"C": 1171.6209455582998, "epsilon": 0.0734524091146469, "gamma": 0.02797433938244636, "lamda": 0.1697079765790409}, "datetime": {"datetime": "2021-09-23 23:35:27", "elapsed": 468.146666, "delta": 1.784831}}
{"target": 0.9198335676022726, "params": {"C": 1164.68928078242, "epsilon": 0.17453737296853225, "gamma": 0.06360480889512839, "lamda": 0.06285266012673738}, "datetime": {"datetime": "2021-09-23 23:35:30", "elapsed": 471.501173, "delta": 3.354507}}
{"target": 0.9069633319378001, "params": {"C": 1127.068585881731, "epsilon": 0.28010212338173657, "gamma": 0.05927510743911331, "lamda": 0.010171756198152054}, "datetime": {"datetime": "2021-09-23 23:35:34", "elapsed": 474.655058, "delta": 3.153885}}
{"target": 0.92728111870949, "params": {"C": 1172.1669301845382, "epsilon": 0.03822623113023102, "gamma": 0.04546667166800755, "lamda": 0.2896695155986736}, "datetime": {"datetime": "2021-09-23 23:35:36", "elapsed": 476.829765, "delta": 2.174707}}
{"target": 0.8884781667211614, "params": {"C": 1279.123195769708, "epsilon": 0.4209701057373354, "gamma": 0.01817534689809938, "lamda": 0.2934711926578111}, "datetime": {"datetime": "2021-09-23 23:35:38", "elapsed": 478.682398, "delta": 1.852633}}
{"target": 0.9284415188746254, "params": {"C": 1146.1353071678805, "epsilon": 0.06330396218940487, "gamma": 0.04232407610379311, "lamda": 0.17226956500595514}, "datetime": {"datetime": "2021-09-23 23:35:40", "elapsed": 481.235935, "delta": 2.553537}}
{"target": 0.9239538542278322, "params": {"C": 1152.018856374248, "epsilon": 0.2589188678170241, "gamma": 0.03170738383905766, "lamda": 0.07802651433134082}, "datetime": {"datetime": "2021-09-23 23:35:42", "elapsed": 483.053937, "delta": 1.818002}}
{"target": 0.9153627900265168, "params": {"C": 1249.5988219669239, "epsilon": 0.04435885093595367, "gamma": 0.06327334751416083, "lamda": 0.13707631013767016}, "datetime": {"datetime": "2021-09-23 23:35:45", "elapsed": 485.675936, "delta": 2.621999}}
{"target": 0.9299325204453623, "params": {"C": 1193.5496557877523, "epsilon": 0.1710787008194228, "gamma": 0.03170125830671305, "lamda": 0.035133021766493674}, "datetime": {"datetime": "2021-09-23 23:35:47", "elapsed": 488.172723, "delta": 2.496787}}
{"target": 0.9275191601878047, "params": {"C": 1193.60178544879, "epsilon": 0.24158291381877894, "gamma": 0.02787198592339977, "lamda": 0.013823807025572926}, "datetime": {"datetime": "2021-09-23 23:35:50", "elapsed": 490.929368, "delta": 2.756645}}
{"target": 0.9252394639640844, "params": {"C": 1127.0577148921718, "epsilon": 0.2797668920968456, "gamma": 0.04832301064308219, "lamda": 0.0681346325397758}, "datetime": {"datetime": "2021-09-23 23:35:53", "elapsed": 494.09476, "delta": 3.165392}}
{"target": 0.9096530792441379, "params": {"C": 1262.8521145314394, "epsilon": 0.7405837294882137, "gamma": 0.04489020386542871, "lamda": 0.15575402100550093}, "datetime": {"datetime": "2021-09-23 23:35:55", "elapsed": 495.874776, "delta": 1.780016}}
{"target": 0.913253932141533, "params": {"C": 1213.4756558809054, "epsilon": 0.4936029532388031, "gamma": 0.031205781421421427, "lamda": 0.12440107137737934}, "datetime": {"datetime": "2021-09-23 23:35:57", "elapsed": 497.692155, "delta": 1.817379}}
{"target": 0.9069925410560746, "params": {"C": 1287.2049981274768, "epsilon": 0.303491098424829, "gamma": 0.03037152079194417, "lamda": 0.319142755469297}, "datetime": {"datetime": "2021-09-23 23:35:58", "elapsed": 499.444537, "delta": 1.752382}}
{"target": 0.8872526528908271, "params": {"C": 1193.5318314553058, "epsilon": 0.237901713625958, "gamma": 0.06974083300360985, "lamda": 0.010045388042128046}, "datetime": {"datetime": "2021-09-23 23:36:02", "elapsed": 502.733561, "delta": 3.289024}}
{"target": 0.8902327992360825, "params": {"C": 1115.7876762439548, "epsilon": 0.7873551488239556, "gamma": 0.04777576584613812, "lamda": 0.3920564747660409}, "datetime": {"datetime": "2021-09-23 23:36:03", "elapsed": 504.617267, "delta": 1.883706}}
{"target": 0.9141837434440113, "params": {"C": 1193.5670317246877, "epsilon": 0.09126045502081612, "gamma": 0.05692736408110533, "lamda": 0.044712431899567744}, "datetime": {"datetime": "2021-09-23 23:36:06", "elapsed": 507.225663, "delta": 2.608396}}
{"target": 0.9234250090271826, "params": {"C": 1184.0086158122363, "epsilon": 0.14695322190071464, "gamma": 0.056985020657492086, "lamda": 0.09932697087566217}, "datetime": {"datetime": "2021-09-23 23:36:10", "elapsed": 510.660765, "delta": 3.435102}}
{"target": 0.9145264600090662, "params": {"C": 1293.0540401487515, "epsilon": 0.9792573499552895, "gamma": 0.01705412492997458, "lamda": 0.009406631541909297}, "datetime": {"datetime": "2021-09-23 23:36:11", "elapsed": 512.428243, "delta": 1.767478}}
{"target": 0.8974408253082249, "params": {"C": 1146.1111534111085, "epsilon": 0.03808578648611265, "gamma": 0.06264293299551238, "lamda": 0.05286884800662135}, "datetime": {"datetime": "2021-09-23 23:36:14", "elapsed": 515.25949, "delta": 2.831247}}
{"target": 0.9085279574721016, "params": {"C": 1145.9972929063968, "epsilon": 0.033648367105835235, "gamma": 0.0615855667666004, "lamda": 0.1116968955887642}, "datetime": {"datetime": "2021-09-23 23:36:17", "elapsed": 517.989662, "delta": 2.730172}}
{"target": 0.9105670840789212, "params": {"C": 1100.9091441661462, "epsilon": 0.809668006954886, "gamma": 0.055445552175549355, "lamda": 0.12581194133727966}, "datetime": {"datetime": "2021-09-23 23:36:19", "elapsed": 519.707915, "delta": 1.718253}}
{"target": 0.8945355688578673, "params": {"C": 1233.1700645371823, "epsilon": 0.8677606771254649, "gamma": 0.044305261247922535, "lamda": 0.3025380816352963}, "datetime": {"datetime": "2021-09-23 23:36:20", "elapsed": 521.517879, "delta": 1.809964}}
{"target": 0.9072238103407272, "params": {"C": 1227.924161634858, "epsilon": 0.6286623417377912, "gamma": 0.045407250872507104, "lamda": 0.21723534167301062}, "datetime": {"datetime": "2021-09-23 23:36:22", "elapsed": 523.316913, "delta": 1.799034}}
{"target": 0.8760649592304729, "params": {"C": 1118.3361615055521, "epsilon": 0.9446458193200601, "gamma": 0.017871619369956283, "lamda": 0.24807740988990634}, "datetime": {"datetime": "2021-09-23 23:36:24", "elapsed": 525.185795, "delta": 1.868882}}
{"target": 0.897610758111062, "params": {"C": 1220.719384219165, "epsilon": 0.6751792257256716, "gamma": 0.01023064617334414, "lamda": 0.019195613515397458}, "datetime": {"datetime": "2021-09-23 23:36:26", "elapsed": 527.031043, "delta": 1.845248}}
{"target": 0.901160616152155, "params": {"C": 1237.0756340336768, "epsilon": 0.461121353594804, "gamma": 0.055700576982317895, "lamda": 0.3949900835058084}, "datetime": {"datetime": "2021-09-23 23:36:28", "elapsed": 528.86776, "delta": 1.836717}}
{"target": 0.9212557718594733, "params": {"C": 1111.8517417146973, "epsilon": 0.036540115818147326, "gamma": 0.046113307350641744, "lamda": 0.06561574011886925}, "datetime": {"datetime": "2021-09-23 23:36:30", "elapsed": 530.812948, "delta": 1.945188}}
{"target": 0.9026951512423069, "params": {"C": 1105.1519339183176, "epsilon": 0.5792789656099959, "gamma": 0.04230116287626135, "lamda": 0.299568319857203}, "datetime": {"datetime": "2021-09-23 23:36:31", "elapsed": 532.643204, "delta": 1.830256}}
{"target": 0.872699345862356, "params": {"C": 1272.586368075494, "epsilon": 0.7935996606927134, "gamma": 0.01666281480034839, "lamda": 0.3024728215641701}, "datetime": {"datetime": "2021-09-23 23:36:33", "elapsed": 534.508012, "delta": 1.864808}}
{"target": 0.8932428833815732, "params": {"C": 1279.54082267969, "epsilon": 0.1674346162127828, "gamma": 0.01558223186774257, "lamda": 0.37083213878932997}, "datetime": {"datetime": "2021-09-23 23:36:35", "elapsed": 536.272648, "delta": 1.764636}}
{"target": 0.9194821528071149, "params": {"C": 1127.134008312595, "epsilon": 0.1974977702553474, "gamma": 0.02151418372074375, "lamda": 0.06961046753480875}, "datetime": {"datetime": "2021-09-23 23:36:39", "elapsed": 539.884758, "delta": 3.61211}}
{"target": 0.9193249395941809, "params": {"C": 1110.4388299837785, "epsilon": 0.3581520616872852, "gamma": 0.06327660748953705, "lamda": 0.0720324858377758}, "datetime": {"datetime": "2021-09-23 23:36:41", "elapsed": 541.679877, "delta": 1.795119}}
{"target": 0.922797393667513, "params": {"C": 1193.521891490292, "epsilon": 0.18954086110143775, "gamma": 0.027734690058542427, "lamda": 0.09412219509255883}, "datetime": {"datetime": "2021-09-23 23:36:44", "elapsed": 544.779338, "delta": 3.099461}}
{"target": 0.9303923951418825, "params": {"C": 1132.5849068461378, "epsilon": 0.28177236780472426, "gamma": 0.035538642323994105, "lamda": 0.023876647239552018}, "datetime": {"datetime": "2021-09-23 23:36:46", "elapsed": 547.50167, "delta": 2.722332}}
{"target": 0.9252079051114254, "params": {"C": 1228.4505211617818, "epsilon": 0.047629998708495866, "gamma": 0.047250518143086166, "lamda": 0.09840980456934112}, "datetime": {"datetime": "2021-09-23 23:36:48", "elapsed": 549.376669, "delta": 1.874999}}
