{"target": 0.9100508921524952, "params": {"C": 420.93364830889146, "epsilon": 0.6695675653721247, "gamma": 0.07671552703043949, "lamda": 0.08142470140848276}, "datetime": {"datetime": "2021-09-23 21:04:59", "elapsed": 327.749441, "delta": 1.492897}}
{"target": 0.9224669167080436, "params": {"C": 428.48140964559843, "epsilon": 0.5303917464803714, "gamma": 0.050514654518350716, "lamda": 0.05279921993677332}, "datetime": {"datetime": "2021-09-23 21:05:01", "elapsed": 329.808096, "delta": 2.058655}}
{"target": 0.9168699973160647, "params": {"C": 427.71108301720307, "epsilon": 0.7513625019223463, "gamma": 0.057487666254681644, "lamda": 0.068348840828935}, "datetime": {"datetime": "2021-09-23 21:05:03", "elapsed": 332.279033, "delta": 2.470937}}
{"target": 0.9188042538679019, "params": {"C": 440.70679765103125, "epsilon": 0.21078304050472346, "gamma": 0.06017562961870403, "lamda": 0.15727502403581434}, "datetime": {"datetime": "2021-09-23 21:05:05", "elapsed": 334.40471, "delta": 2.125677}}
{"target": 0.9133838339757933, "params": {"C": 470.51608163109694, "epsilon": 0.3855008869197727, "gamma": 0.04621626226271977, "lamda": 0.2197247428965476}, "datetime": {"datetime": "2021-09-23 21:05:07", "elapsed": 335.849286, "delta": 1.444576}}
{"target": 0.9216588613194372, "params": {"C": 427.5700480673323, "epsilon": 0.9433500724218997, "gamma": 0.030646540967297308, "lamda": 0.013545206949741036}, "datetime": {"datetime": "2021-09-23 21:05:09", "elapsed": 338.045686, "delta": 2.1964}}
{"target": 0.9209235226349716, "params": {"C": 427.5362844202135, "epsilon": 0.7914940127740139, "gamma": 0.032801825155761556, "lamda": 0.028523109065691492}, "datetime": {"datetime": "2021-09-23 21:05:12", "elapsed": 340.760449, "delta": 2.714763}}
{"target": 0.9245872730013611, "params": {"C": 477.2541596414222, "epsilon": 0.1919408656632243, "gamma": 0.03183616046289224, "lamda": 0.03005258227767414}, "datetime": {"datetime": "2021-09-23 21:05:15", "elapsed": 343.972406, "delta": 3.211957}}
{"target": 0.9142819590789707, "params": {"C": 477.3030557128339, "epsilon": 0.26451727628681626, "gamma": 0.07509789184370169, "lamda": 0.047205564301645596}, "datetime": {"datetime": "2021-09-23 21:05:17", "elapsed": 346.178007, "delta": 2.205601}}
{"target": 0.916970209462736, "params": {"C": 477.29834362658784, "epsilon": 0.11145677576240076, "gamma": 0.06719966572478564, "lamda": 0.22978312925370822}, "datetime": {"datetime": "2021-09-23 21:05:19", "elapsed": 348.438197, "delta": 2.26019}}
{"target": 0.924976965838939, "params": {"C": 477.23041781627205, "epsilon": 0.14726143068359115, "gamma": 0.03938192985308155, "lamda": 0.11748429885291177}, "datetime": {"datetime": "2021-09-23 21:05:22", "elapsed": 350.741676, "delta": 2.303479}}
{"target": 0.9210429857508556, "params": {"C": 440.2598186016002, "epsilon": 0.2566219704153202, "gamma": 0.03, "lamda": 0.06156479896735672}, "datetime": {"datetime": "2021-09-23 21:05:25", "elapsed": 353.535318, "delta": 2.793642}}
{"target": 0.9189558086421795, "params": {"C": 477.2255408719034, "epsilon": 0.11196983542546927, "gamma": 0.05751058681817673, "lamda": 0.020442239245001808}, "datetime": {"datetime": "2021-09-23 21:05:27", "elapsed": 356.019755, "delta": 2.484437}}
{"target": 0.9251192548714913, "params": {"C": 577.1320643266746, "epsilon": 0.05012939087861945, "gamma": 0.04801889409557653, "lamda": 0.29977274913290614}, "datetime": {"datetime": "2021-09-23 21:17:18", "elapsed": 0.0, "delta": 0.0}}
{"target": 0.9018684753678818, "params": {"C": 549.850701230259, "epsilon": 0.24805274616492223, "gamma": 0.02188377188557744, "lamda": 0.30445175416738457}, "datetime": {"datetime": "2021-09-23 21:17:18", "elapsed": 0.641918, "delta": 0.641918}}
{"target": 0.9184286531256303, "params": {"C": 516.9110836562536, "epsilon": 0.11568961974878995, "gamma": 0.05112158910206784, "lamda": 0.3814039451317797}, "datetime": {"datetime": "2021-09-23 21:17:19", "elapsed": 1.416916, "delta": 0.774998}}
{"target": 0.9065873958203501, "params": {"C": 500.3948266327914, "epsilon": 0.5268264954842033, "gamma": 0.05875725769912682, "lamda": 0.2453979006649259}, "datetime": {"datetime": "2021-09-23 21:17:20", "elapsed": 1.90193, "delta": 0.485014}}
{"target": 0.9090910920795383, "params": {"C": 572.1755317431799, "epsilon": 0.31311978612551417, "gamma": 0.06506644735077662, "lamda": 0.28611573757567854}, "datetime": {"datetime": "2021-09-23 21:17:20", "elapsed": 2.546915, "delta": 0.644985}}
{"target": 0.926698713986339, "params": {"C": 523.0032630935818, "epsilon": 0.2143536366860862, "gamma": 0.03813334536474346, "lamda": 0.05393966604095758}, "datetime": {"datetime": "2021-09-23 21:17:21", "elapsed": 3.045919, "delta": 0.499004}}
{"target": 0.8922407965351998, "params": {"C": 526.0820577558031, "epsilon": 0.22140590183077033, "gamma": 0.015313531549807238, "lamda": 0.2964448947297927}, "datetime": {"datetime": "2021-09-23 21:17:21", "elapsed": 3.460916, "delta": 0.414997}}
{"target": 0.8975651223868331, "params": {"C": 523.0407008372785, "epsilon": 0.3787579907509161, "gamma": 0.013724656509111397, "lamda": 0.013614697563709196}, "datetime": {"datetime": "2021-09-23 21:17:22", "elapsed": 4.036917, "delta": 0.576001}}
{"target": 0.9256468158177633, "params": {"C": 502.04460085997613, "epsilon": 0.0921769038139145, "gamma": 0.04495343042761878, "lamda": 0.16828231117332992}, "datetime": {"datetime": "2021-09-23 21:17:22", "elapsed": 4.428917, "delta": 0.392}}
{"target": 0.8932515169362125, "params": {"C": 561.0000615838215, "epsilon": 0.9246166610991446, "gamma": 0.052568298727638366, "lamda": 0.30060708528951074}, "datetime": {"datetime": "2021-09-23 21:17:23", "elapsed": 4.968918, "delta": 0.540001}}
{"target": 0.8867461124040971, "params": {"C": 582.5299487076842, "epsilon": 0.5469901009103314, "gamma": 0.02387050364069023, "lamda": 0.38801409740661935}, "datetime": {"datetime": "2021-09-23 21:17:23", "elapsed": 5.388919, "delta": 0.420001}}
{"target": 0.9147161131539967, "params": {"C": 576.429731388347, "epsilon": 0.4263613725529165, "gamma": 0.04116365170829408, "lamda": 0.1726199596478999}, "datetime": {"datetime": "2021-09-23 21:17:24", "elapsed": 5.881292, "delta": 0.492373}}
{"target": 0.9208827701673084, "params": {"C": 504.09639871059574, "epsilon": 0.24970575151699523, "gamma": 0.029538806038617985, "lamda": 0.07614434650662687}, "datetime": {"datetime": "2021-09-23 21:17:24", "elapsed": 6.389289, "delta": 0.507997}}
{"target": 0.915658557292589, "params": {"C": 575.5021916175267, "epsilon": 0.4471411630965273, "gamma": 0.03651889915045838, "lamda": 0.13664776639560702}, "datetime": {"datetime": "2021-09-23 21:17:25", "elapsed": 6.868289, "delta": 0.479}}
{"target": 0.8969631061132024, "params": {"C": 566.964046328097, "epsilon": 0.2745572831340398, "gamma": 0.02215344086976446, "lamda": 0.38089384826327377}, "datetime": {"datetime": "2021-09-23 21:17:25", "elapsed": 7.293292, "delta": 0.425003}}
{"target": 0.8894015919532324, "params": {"C": 571.5879067863137, "epsilon": 0.2896058011055015, "gamma": 0.015435774900384742, "lamda": 0.2804854242243259}, "datetime": {"datetime": "2021-09-23 21:17:25", "elapsed": 7.657021, "delta": 0.363729}}
{"target": 0.917834612351756, "params": {"C": 523.459809274584, "epsilon": 0.15639106627129726, "gamma": 0.04265382653142713, "lamda": 0.3320759476460242}, "datetime": {"datetime": "2021-09-23 21:17:26", "elapsed": 8.33902, "delta": 0.681999}}
{"target": 0.9239532980444166, "params": {"C": 540.4923870071983, "epsilon": 0.07267066579701993, "gamma": 0.04542615441043764, "lamda": 0.2885863430885429}, "datetime": {"datetime": "2021-09-23 21:17:27", "elapsed": 8.901022, "delta": 0.562002}}
{"target": 0.9031663548270021, "params": {"C": 547.8929068150799, "epsilon": 0.4438792787024942, "gamma": 0.04835694648809192, "lamda": 0.3826743911968713}, "datetime": {"datetime": "2021-09-23 21:17:27", "elapsed": 9.398623, "delta": 0.497601}}
{"target": 0.8910577174619095, "params": {"C": 527.8982829132207, "epsilon": 0.48302557696029136, "gamma": 0.018704373724292987, "lamda": 0.2352963091250836}, "datetime": {"datetime": "2021-09-23 21:17:28", "elapsed": 9.966667, "delta": 0.568044}}
{"target": 0.8995450310255141, "params": {"C": 562.7349716670028, "epsilon": 0.840468156941798, "gamma": 0.04001073426486995, "lamda": 0.24049272285154935}, "datetime": {"datetime": "2021-09-23 21:17:28", "elapsed": 10.537986, "delta": 0.571319}}
{"target": 0.9104758723396457, "params": {"C": 564.0049772812877, "epsilon": 0.28598520842260444, "gamma": 0.01935845146978839, "lamda": 0.06485631268236246}, "datetime": {"datetime": "2021-09-23 21:17:29", "elapsed": 11.028981, "delta": 0.490995}}
{"target": 0.9157157814939999, "params": {"C": 506.38042134493975, "epsilon": 0.40481452294546694, "gamma": 0.06927688834063415, "lamda": 0.08784405548445551}, "datetime": {"datetime": "2021-09-23 21:17:29", "elapsed": 11.469683, "delta": 0.440702}}
{"target": 0.9152676545932069, "params": {"C": 546.9411483866361, "epsilon": 0.9682829352450285, "gamma": 0.0368260001476184, "lamda": 0.06474426345499094}, "datetime": {"datetime": "2021-09-23 21:17:30", "elapsed": 12.049062, "delta": 0.579379}}
{"target": 0.9187557706932422, "params": {"C": 553.1358266657166, "epsilon": 0.22088191272355492, "gamma": 0.06666630799997007, "lamda": 0.0801408866955507}, "datetime": {"datetime": "2021-09-23 21:17:30", "elapsed": 12.501063, "delta": 0.452001}}
{"target": 0.9112235722864664, "params": {"C": 531.0531120073656, "epsilon": 0.35527707611318426, "gamma": 0.06980865542978751, "lamda": 0.17967989838707407}, "datetime": {"datetime": "2021-09-23 21:17:31", "elapsed": 13.253064, "delta": 0.752001}}
{"target": 0.8886319228238259, "params": {"C": 509.0656933701262, "epsilon": 0.28436264120703036, "gamma": 0.013817017265212093, "lamda": 0.23522559280818225}, "datetime": {"datetime": "2021-09-23 21:17:31", "elapsed": 13.639558, "delta": 0.386494}}
{"target": 0.890387363635433, "params": {"C": 566.8015725535853, "epsilon": 0.9456452693573992, "gamma": 0.0638734341970012, "lamda": 0.30012222199821087}, "datetime": {"datetime": "2021-09-23 21:17:32", "elapsed": 14.140032, "delta": 0.500474}}
{"target": 0.9165954090912631, "params": {"C": 570.9711509351624, "epsilon": 0.2319225994792417, "gamma": 0.04840015111077136, "lamda": 0.261808460219463}, "datetime": {"datetime": "2021-09-23 21:17:32", "elapsed": 14.593032, "delta": 0.453}}
{"target": 0.8992348167360193, "params": {"C": 559.2085953323079, "epsilon": 0.7848259921626908, "gamma": 0.060205643821522443, "lamda": 0.25429917482121994}, "datetime": {"datetime": "2021-09-23 21:17:33", "elapsed": 15.066034, "delta": 0.473002}}
{"target": 0.8817679784814263, "params": {"C": 528.6253528746555, "epsilon": 0.4917098986245436, "gamma": 0.01035607858425128, "lamda": 0.005911731269281357}, "datetime": {"datetime": "2021-09-23 21:17:33", "elapsed": 15.742637, "delta": 0.676603}}
{"target": 0.8653621492998834, "params": {"C": 505.2145394533342, "epsilon": 0.6307830821623754, "gamma": 0.010354663744515885, "lamda": 0.23261716036577582}, "datetime": {"datetime": "2021-09-23 21:17:34", "elapsed": 16.172635, "delta": 0.429998}}
{"target": 0.9208144099545449, "params": {"C": 516.2256026659674, "epsilon": 0.25257844290657305, "gamma": 0.030772476628517974, "lamda": 0.008917478112143079}, "datetime": {"datetime": "2021-09-23 21:17:34", "elapsed": 16.807633, "delta": 0.634998}}
{"target": 0.9142458635547797, "params": {"C": 567.8109854544266, "epsilon": 0.6616971550039416, "gamma": 0.05867078936891688, "lamda": 0.10218318542956042}, "datetime": {"datetime": "2021-09-23 21:17:35", "elapsed": 17.389634, "delta": 0.582001}}
{"target": 0.8828598320551279, "params": {"C": 539.0925129615614, "epsilon": 0.8432943808149355, "gamma": 0.029580188503789788, "lamda": 0.38569796879367957}, "datetime": {"datetime": "2021-09-23 21:17:36", "elapsed": 17.892563, "delta": 0.502929}}
{"target": 0.8868726855332089, "params": {"C": 501.94620438098843, "epsilon": 0.6798103780253164, "gamma": 0.028205701193274757, "lamda": 0.38711623056022165}, "datetime": {"datetime": "2021-09-23 21:17:36", "elapsed": 18.334565, "delta": 0.442002}}
{"target": 0.9246817111345873, "params": {"C": 566.3641215461718, "epsilon": 0.05697677083400467, "gamma": 0.0430910027144322, "lamda": 0.3231812419854612}, "datetime": {"datetime": "2021-09-23 21:17:37", "elapsed": 18.957009, "delta": 0.622444}}
{"target": 0.9183722092393907, "params": {"C": 500.3120631652827, "epsilon": 0.5194409895162766, "gamma": 0.046616465768687214, "lamda": 0.09962233242153017}, "datetime": {"datetime": "2021-09-23 21:17:37", "elapsed": 19.445635, "delta": 0.488626}}
{"target": 0.9180214384881947, "params": {"C": 564.0715348844055, "epsilon": 0.0943648777378669, "gamma": 0.058817940695245735, "lamda": 0.3593937206570151}, "datetime": {"datetime": "2021-09-23 21:17:38", "elapsed": 19.949549, "delta": 0.503914}}
{"target": 0.9206114747699599, "params": {"C": 519.7801175886623, "epsilon": 0.9069316082261485, "gamma": 0.050692477338904016, "lamda": 0.03897098724273471}, "datetime": {"datetime": "2021-09-23 21:17:38", "elapsed": 20.602491, "delta": 0.652942}}
{"target": 0.9113780853571322, "params": {"C": 515.3680515660255, "epsilon": 0.799390704162155, "gamma": 0.06558497066623334, "lamda": 0.09358558380939572}, "datetime": {"datetime": "2021-09-23 21:17:39", "elapsed": 21.128494, "delta": 0.526003}}
{"target": 0.9224624720489265, "params": {"C": 544.7487919355292, "epsilon": 0.33171345383548945, "gamma": 0.04848404464993309, "lamda": 0.08962069304487898}, "datetime": {"datetime": "2021-09-23 21:17:39", "elapsed": 21.627751, "delta": 0.499257}}
{"target": 0.9246778475462422, "params": {"C": 553.1294025794499, "epsilon": 0.10388750633669525, "gamma": 0.05342873158116468, "lamda": 0.1387409476178079}, "datetime": {"datetime": "2021-09-23 21:17:40", "elapsed": 22.10396, "delta": 0.476209}}
{"target": 0.9220574247329637, "params": {"C": 522.938070634228, "epsilon": 0.1860091073566148, "gamma": 0.04620317369869396, "lamda": 0.1670153547815606}, "datetime": {"datetime": "2021-09-23 21:17:40", "elapsed": 22.730958, "delta": 0.626998}}
{"target": 0.9128368465482399, "params": {"C": 584.4672303808105, "epsilon": 0.7234042494440275, "gamma": 0.055594425361332994, "lamda": 0.1144583620145433}, "datetime": {"datetime": "2021-09-23 21:17:41", "elapsed": 23.255954, "delta": 0.524996}}
{"target": 0.9155246629797211, "params": {"C": 570.977172906423, "epsilon": 0.22143393082596188, "gamma": 0.0508233880436226, "lamda": 0.2943059357236201}, "datetime": {"datetime": "2021-09-23 21:17:41", "elapsed": 23.73052, "delta": 0.474566}}
{"target": 0.9182949726757901, "params": {"C": 522.9246130040698, "epsilon": 0.20062067017799398, "gamma": 0.06080649165506695, "lamda": 0.1783045924836603}, "datetime": {"datetime": "2021-09-23 21:17:42", "elapsed": 24.269152, "delta": 0.538632}}
{"target": 0.926997469458282, "params": {"C": 523.1234034221839, "epsilon": 0.05949246555376489, "gamma": 0.03394175967965393, "lamda": 0.1055815403891673}, "datetime": {"datetime": "2021-09-23 21:17:43", "elapsed": 25.265705, "delta": 0.996553}}
{"target": 0.9194234664981684, "params": {"C": 576.9032399907522, "epsilon": 0.1726483488213186, "gamma": 0.04578618265879673, "lamda": 0.25836239289931706}, "datetime": {"datetime": "2021-09-23 21:17:44", "elapsed": 26.146118, "delta": 0.880413}}
{"target": 0.9253131051177524, "params": {"C": 522.9197365401941, "epsilon": 0.09721628286944285, "gamma": 0.05220406550664763, "lamda": 0.05699938571716348}, "datetime": {"datetime": "2021-09-23 21:17:45", "elapsed": 26.993116, "delta": 0.846998}}
{"target": 0.8865562996325835, "params": {"C": 577.1689774373428, "epsilon": 0.34363502937053025, "gamma": 0.014833866187442521, "lamda": 0.26231963865881036}, "datetime": {"datetime": "2021-09-23 21:17:45", "elapsed": 27.709119, "delta": 0.716003}}
{"target": 0.9222593368600175, "params": {"C": 501.9974948533184, "epsilon": 0.052405915314740315, "gamma": 0.05254836930904512, "lamda": 0.3824323419281724}, "datetime": {"datetime": "2021-09-23 21:17:46", "elapsed": 28.621119, "delta": 0.912}}
{"target": 0.9136353855865876, "params": {"C": 501.8073686662725, "epsilon": 0.03, "gamma": 0.07, "lamda": 0.17195865808525548}, "datetime": {"datetime": "2021-09-23 21:17:47", "elapsed": 29.472121, "delta": 0.851002}}
{"target": 0.8996249473801741, "params": {"C": 502.26381537402546, "epsilon": 0.07371287483780488, "gamma": 0.013824979639263902, "lamda": 0.2294031602460205}, "datetime": {"datetime": "2021-09-23 21:17:48", "elapsed": 30.214118, "delta": 0.741997}}
{"target": 0.9137567249758471, "params": {"C": 566.1705911864923, "epsilon": 0.20439719547705243, "gamma": 0.033569726171827, "lamda": 0.3175284156596818}, "datetime": {"datetime": "2021-09-23 21:17:49", "elapsed": 30.96712, "delta": 0.753002}}
{"target": 0.9089957623355183, "params": {"C": 577.0106670577361, "epsilon": 0.03, "gamma": 0.07, "lamda": 0.10953873137192278}, "datetime": {"datetime": "2021-09-23 21:17:49", "elapsed": 31.737176, "delta": 0.770056}}
{"target": 0.9112547899998755, "params": {"C": 552.9483593082144, "epsilon": 0.04811083587770834, "gamma": 0.019262997115651714, "lamda": 0.22540454183881178}, "datetime": {"datetime": "2021-09-23 21:17:50", "elapsed": 32.612175, "delta": 0.874999}}
{"target": 0.9223860087475428, "params": {"C": 540.5105148734251, "epsilon": 0.03891419530018323, "gamma": 0.03255196108026825, "lamda": 0.064583858559219}, "datetime": {"datetime": "2021-09-23 21:17:51", "elapsed": 33.341177, "delta": 0.729002}}
{"target": 0.915606008924062, "params": {"C": 540.6442936465883, "epsilon": 0.22296599958161464, "gamma": 0.06794182830792486, "lamda": 0.1683644663067238}, "datetime": {"datetime": "2021-09-23 21:17:52", "elapsed": 34.03718, "delta": 0.696003}}
{"target": 0.9116666562453446, "params": {"C": 553.3441436916507, "epsilon": 0.03, "gamma": 0.07, "lamda": 0.14421427334756684}, "datetime": {"datetime": "2021-09-23 21:17:53", "elapsed": 34.957178, "delta": 0.919998}}
{"target": 0.91536868156024, "params": {"C": 576.9656201814269, "epsilon": 0.03, "gamma": 0.07, "lamda": 0.4}, "datetime": {"datetime": "2021-09-23 21:17:53", "elapsed": 35.634179, "delta": 0.677001}}
{"target": 0.9142637484187491, "params": {"C": 540.318741015815, "epsilon": 0.22315734173474583, "gamma": 0.029698469803578556, "lamda": 0.22809310466353638}, "datetime": {"datetime": "2021-09-23 21:17:54", "elapsed": 36.352181, "delta": 0.718002}}
{"target": 0.9195892976959631, "params": {"C": 523.2139615010678, "epsilon": 0.1032427242778351, "gamma": 0.045535228963627064, "lamda": 0.3828252839640239}, "datetime": {"datetime": "2021-09-23 21:17:55", "elapsed": 36.959178, "delta": 0.606997}}
{"target": 0.910473840802238, "params": {"C": 576.9213846895652, "epsilon": 0.2121562813519773, "gamma": 0.027446234016696852, "lamda": 0.2856791376981919}, "datetime": {"datetime": "2021-09-23 21:17:55", "elapsed": 37.470175, "delta": 0.510997}}
{"target": 0.9186313165907795, "params": {"C": 576.3577651126641, "epsilon": 0.41602432813207946, "gamma": 0.05865241832198205, "lamda": 0.0935931003695684}, "datetime": {"datetime": "2021-09-23 21:17:56", "elapsed": 38.049381, "delta": 0.579206}}
{"target": 0.9081585749427695, "params": {"C": 584.5878607111982, "epsilon": 0.25597798420827467, "gamma": 0.06559187778085611, "lamda": 0.3611023605156928}, "datetime": {"datetime": "2021-09-23 21:17:56", "elapsed": 38.611384, "delta": 0.562003}}
{"target": 0.9223071511060051, "params": {"C": 576.6733529069702, "epsilon": 0.1610757126865438, "gamma": 0.0459005489098762, "lamda": 0.18448389208830915}, "datetime": {"datetime": "2021-09-23 21:17:57", "elapsed": 39.379962, "delta": 0.768578}}
{"target": 0.9027100399375452, "params": {"C": 542.1579226009322, "epsilon": 0.7695819628835003, "gamma": 0.06045065778099424, "lamda": 0.21462818631946584}, "datetime": {"datetime": "2021-09-23 21:17:58", "elapsed": 39.88811, "delta": 0.508148}}
{"target": 0.9086893837894446, "params": {"C": 501.98288970813195, "epsilon": 0.2214547390861523, "gamma": 0.07, "lamda": 0.00818164744299843}, "datetime": {"datetime": "2021-09-23 21:17:59", "elapsed": 40.968895, "delta": 1.080785}}
{"target": 0.909411966706143, "params": {"C": 566.3996505082017, "epsilon": 0.03, "gamma": 0.07, "lamda": 0.11189935590077353}, "datetime": {"datetime": "2021-09-23 21:18:00", "elapsed": 41.882444, "delta": 0.913549}}
{"target": 0.9197488501858182, "params": {"C": 523.2674995254986, "epsilon": 0.15494163776889144, "gamma": 0.05795750038841871, "lamda": 0.1946913428734964}, "datetime": {"datetime": "2021-09-23 21:18:00", "elapsed": 42.715445, "delta": 0.833001}}
{"target": 0.8890194807047838, "params": {"C": 540.7053319208553, "epsilon": 0.03, "gamma": 0.01, "lamda": 0.355316439889119}, "datetime": {"datetime": "2021-09-23 21:18:01", "elapsed": 43.773592, "delta": 1.058147}}
{"target": 0.9134671212611045, "params": {"C": 540.3583056981241, "epsilon": 0.03, "gamma": 0.07, "lamda": 0.18464551886151248}, "datetime": {"datetime": "2021-09-23 21:18:02", "elapsed": 44.743208, "delta": 0.969616}}
{"target": 0.8988884548924148, "params": {"C": 539.1950530413237, "epsilon": 0.03801425058959908, "gamma": 0.012723914076975658, "lamda": 0.2474041442078309}, "datetime": {"datetime": "2021-09-23 21:18:03", "elapsed": 45.385795, "delta": 0.642587}}
{"target": 0.9105844381010908, "params": {"C": 544.6261727145138, "epsilon": 0.29688739634515715, "gamma": 0.0644560822262907, "lamda": 0.26774025634279963}, "datetime": {"datetime": "2021-09-23 21:18:04", "elapsed": 46.201722, "delta": 0.815927}}
{"target": 0.8697302408615195, "params": {"C": 536.3777418546778, "epsilon": 0.723909244098786, "gamma": 0.016547865355545414, "lamda": 0.3665853435181578}, "datetime": {"datetime": "2021-09-23 21:18:04", "elapsed": 46.770728, "delta": 0.569006}}
