{"target": 0.9199734025849841, "params": {"C": 413.7264653051619, "epsilon": 0.23508986007247137, "gamma": 0.034946544732289544, "lamda": 0.1475117676632408}, "datetime": {"datetime": "2021-09-23 20:39:21", "elapsed": 739.527178, "delta": 3.253002}}
{"target": 0.906708171996109, "params": {"C": 400.4545720830731, "epsilon": 0.6489117168610952, "gamma": 0.06787129347962445, "lamda": 0.1667137632796507}, "datetime": {"datetime": "2021-09-23 20:39:23", "elapsed": 741.525176, "delta": 1.997998}}
{"target": 0.8929767676149748, "params": {"C": 466.58503226859114, "epsilon": 0.6950265168934103, "gamma": 0.05858771770660211, "lamda": 0.3815312521130794}, "datetime": {"datetime": "2021-09-23 20:39:25", "elapsed": 743.558177, "delta": 2.033001}}
{"target": 0.9051546804668543, "params": {"C": 463.96208081742896, "epsilon": 0.5052268073588652, "gamma": 0.05950604239375591, "lamda": 0.27784245792333373}, "datetime": {"datetime": "2021-09-23 20:39:27", "elapsed": 745.479334, "delta": 1.921157}}
{"target": 0.8947167347023659, "params": {"C": 409.168080752776, "epsilon": 0.7560590524499446, "gamma": 0.0365596828082969, "lamda": 0.3153321899664275}, "datetime": {"datetime": "2021-09-23 20:39:29", "elapsed": 747.553824, "delta": 2.07449}}
{"target": 0.913538308624837, "params": {"C": 435.78685987739766, "epsilon": 0.04036016868969463, "gamma": 0.07198890768611749, "lamda": 0.12914042528326372}, "datetime": {"datetime": "2021-09-23 20:39:34", "elapsed": 751.914079, "delta": 4.360255}}
{"target": 0.8971172363892481, "params": {"C": 468.53781701683835, "epsilon": 0.3722303528536074, "gamma": 0.06808381415193157, "lamda": 0.4939102518804939}, "datetime": {"datetime": "2021-09-23 20:39:36", "elapsed": 754.041452, "delta": 2.127373}}
{"target": 0.919467671881183, "params": {"C": 405.9258708573486, "epsilon": 0.035191638329869525, "gamma": 0.06009442279220145, "lamda": 0.09354294224975335}, "datetime": {"datetime": "2021-09-23 20:39:38", "elapsed": 756.444315, "delta": 2.402863}}
{"target": 0.9253932376986178, "params": {"C": 425.9709733105283, "epsilon": 0.2548981332040262, "gamma": 0.03829468166898929, "lamda": 0.02231206325551435}, "datetime": {"datetime": "2021-09-23 20:39:42", "elapsed": 760.38338, "delta": 3.939065}}
{"target": 0.8935370220219034, "params": {"C": 486.2931840377469, "epsilon": 0.6361564316839065, "gamma": 0.03555234566695699, "lamda": 0.3814519259614599}, "datetime": {"datetime": "2021-09-23 20:39:44", "elapsed": 762.521783, "delta": 2.138403}}
{"target": 0.9269885739719227, "params": {"C": 493.5126501249249, "epsilon": 0.038534681582652226, "gamma": 0.036691004767143875, "lamda": 0.19417266720292436}, "datetime": {"datetime": "2021-09-23 20:39:46", "elapsed": 764.476681, "delta": 1.954898}}
{"target": 0.9127361321825455, "params": {"C": 435.7917761089254, "epsilon": 0.14082496649301968, "gamma": 0.07568951681893436, "lamda": 0.22171787200595106}, "datetime": {"datetime": "2021-09-23 20:39:52", "elapsed": 770.088117, "delta": 5.611436}}
{"target": 0.914263062718195, "params": {"C": 405.2194149918892, "epsilon": 0.29049184278269025, "gamma": 0.07439717290794753, "lamda": 0.10134274594316105}, "datetime": {"datetime": "2021-09-23 20:39:54", "elapsed": 772.076978, "delta": 1.988861}}
{"target": 0.9204411894782054, "params": {"C": 425.90256957299243, "epsilon": 0.32389996887232897, "gamma": 0.03140539664448565, "lamda": 0.0688878203794683}, "datetime": {"datetime": "2021-09-23 20:40:00", "elapsed": 778.845089, "delta": 6.768111}}
{"target": 0.9220489911443673, "params": {"C": 446.8640252921717, "epsilon": 0.22871049586870495, "gamma": 0.03746882360049835, "lamda": 0.12465663546817514}, "datetime": {"datetime": "2021-09-23 20:40:05", "elapsed": 782.885486, "delta": 4.040397}}
{"target": 0.9210709403936563, "params": {"C": 464.2252605808909, "epsilon": 0.04399494742839363, "gamma": 0.0610420984525718, "lamda": 0.13340540154418656}, "datetime": {"datetime": "2021-09-23 20:40:07", "elapsed": 785.040596, "delta": 2.15511}}
{"target": 0.9174654333214388, "params": {"C": 413.8119967813924, "epsilon": 0.12024657209097366, "gamma": 0.03, "lamda": 0.015}, "datetime": {"datetime": "2021-09-23 20:40:12", "elapsed": 790.149156, "delta": 5.10856}}
{"target": 0.9002647871720961, "params": {"C": 427.6352357124819, "epsilon": 0.5976757201955119, "gamma": 0.045632871015537105, "lamda": 0.3344423467834727}, "datetime": {"datetime": "2021-09-23 20:40:14", "elapsed": 792.243862, "delta": 2.094706}}
{"target": 0.9264990495791139, "params": {"C": 446.87677237827677, "epsilon": 0.23656735487251995, "gamma": 0.035454010307665734, "lamda": 0.03352062397467456}, "datetime": {"datetime": "2021-09-23 20:40:19", "elapsed": 797.499663, "delta": 5.255801}}
{"target": 0.9249558315542488, "params": {"C": 442.94012976486385, "epsilon": 0.05578968432900795, "gamma": 0.045813182340064026, "lamda": 0.2531287950767611}, "datetime": {"datetime": "2021-09-23 20:40:21", "elapsed": 799.779443, "delta": 2.27978}}
{"target": 0.9181866147565485, "params": {"C": 469.0311548715883, "epsilon": 0.09809783637437741, "gamma": 0.03315286932549301, "lamda": 0.3809966579732806}, "datetime": {"datetime": "2021-09-23 20:40:24", "elapsed": 801.964395, "delta": 2.184952}}
{"target": 0.9081602822639225, "params": {"C": 446.809006011943, "epsilon": 0.2429556931539883, "gamma": 0.08, "lamda": 0.025623392827534182}, "datetime": {"datetime": "2021-09-23 20:40:29", "elapsed": 806.867146, "delta": 4.902751}}
{"target": 0.9212162577059928, "params": {"C": 476.88400035354266, "epsilon": 0.10330488956335575, "gamma": 0.049323587171330535, "lamda": 0.28970960785033756}, "datetime": {"datetime": "2021-09-23 20:40:31", "elapsed": 808.960525, "delta": 2.093379}}
{"target": 0.9207015996324106, "params": {"C": 459.460476893229, "epsilon": 0.08405945463132206, "gamma": 0.0627260524190525, "lamda": 0.15933314041054047}, "datetime": {"datetime": "2021-09-23 20:40:33", "elapsed": 811.183925, "delta": 2.2234}}
{"target": 0.9196066052014096, "params": {"C": 426.0316505959984, "epsilon": 0.30485383175330194, "gamma": 0.03, "lamda": 0.07166727066942069}, "datetime": {"datetime": "2021-09-23 20:40:38", "elapsed": 816.049585, "delta": 4.86566}}
{"target": 0.9251907296852236, "params": {"C": 443.0041527063746, "epsilon": 0.06780076485295805, "gamma": 0.04751801543666802, "lamda": 0.20148328064635596}, "datetime": {"datetime": "2021-09-23 20:40:42", "elapsed": 819.863577, "delta": 3.813992}}
{"target": 0.9239068629948237, "params": {"C": 446.9642761620036, "epsilon": 0.28478785348441615, "gamma": 0.050675278617045266, "lamda": 0.07519697394571062}, "datetime": {"datetime": "2021-09-23 20:40:45", "elapsed": 823.646192, "delta": 3.782615}}
{"target": 0.9158884501161427, "params": {"C": 495.61230268989607, "epsilon": 0.37064006935644833, "gamma": 0.07235665521156567, "lamda": 0.05696756831688118}, "datetime": {"datetime": "2021-09-23 20:40:47", "elapsed": 825.856123, "delta": 2.209931}}
{"target": 0.9026093662985, "params": {"C": 409.7320468844879, "epsilon": 0.7761620579115258, "gamma": 0.07240050370511773, "lamda": 0.17097914083823573}, "datetime": {"datetime": "2021-09-23 20:40:50", "elapsed": 828.041032, "delta": 2.184909}}
{"target": 0.8918668494277486, "params": {"C": 446.9625356278284, "epsilon": 0.6864205556848147, "gamma": 0.050639524607239875, "lamda": 0.4183062432287305}, "datetime": {"datetime": "2021-09-23 20:40:52", "elapsed": 830.265181, "delta": 2.224149}}
{"target": 0.9160237941694198, "params": {"C": 456.23962292323415, "epsilon": 0.1614586770996867, "gamma": 0.048873134582214595, "lamda": 0.3786590404678836}, "datetime": {"datetime": "2021-09-23 20:40:54", "elapsed": 832.553575, "delta": 2.288394}}
{"target": 0.9206602369155028, "params": {"C": 446.92042074680126, "epsilon": 0.1954295109650623, "gamma": 0.05578045157900986, "lamda": 0.015303865166129048}, "datetime": {"datetime": "2021-09-23 20:40:58", "elapsed": 836.67705, "delta": 4.123475}}
{"target": 0.9099341145956462, "params": {"C": 463.5025898826112, "epsilon": 0.6814831678670634, "gamma": 0.05431334551046386, "lamda": 0.1595131026152397}, "datetime": {"datetime": "2021-09-23 20:41:00", "elapsed": 838.795804, "delta": 2.118754}}
{"target": 0.927319179961867, "params": {"C": 493.7098342033606, "epsilon": 0.15213595749306802, "gamma": 0.037142633805787674, "lamda": 0.041362330529272816}, "datetime": {"datetime": "2021-09-23 20:41:06", "elapsed": 843.921397, "delta": 5.125593}}
{"target": 0.9236159515467297, "params": {"C": 435.6815838091233, "epsilon": 0.10645550467446831, "gamma": 0.03098136677641588, "lamda": 0.09147113216744643}, "datetime": {"datetime": "2021-09-23 20:41:11", "elapsed": 849.547601, "delta": 5.626204}}
{"target": 0.9192220779274985, "params": {"C": 442.9998907149088, "epsilon": 0.11117543090630098, "gamma": 0.05822608467288988, "lamda": 0.2682499372225253}, "datetime": {"datetime": "2021-09-23 20:41:16", "elapsed": 854.290602, "delta": 4.743001}}
{"target": 0.8949463130504817, "params": {"C": 409.5164206148677, "epsilon": 0.379664933331862, "gamma": 0.0772981103065781, "lamda": 0.454423709686312}, "datetime": {"datetime": "2021-09-23 20:41:18", "elapsed": 856.512654, "delta": 2.222052}}
{"target": 0.9114417786971368, "params": {"C": 443.0506340199485, "epsilon": 0.030248384705519757, "gamma": 0.07636654782969113, "lamda": 0.2668942669927751}, "datetime": {"datetime": "2021-09-23 20:41:23", "elapsed": 861.760757, "delta": 5.248103}}
{"target": 0.9184328487936215, "params": {"C": 442.9285786532304, "epsilon": 0.14596686453522012, "gamma": 0.060497343969112306, "lamda": 0.22127465953647946}, "datetime": {"datetime": "2021-09-23 20:41:28", "elapsed": 866.341169, "delta": 4.580412}}
{"target": 0.9194629187337867, "params": {"C": 435.6901486067456, "epsilon": 0.18922048054871124, "gamma": 0.03007586869709466, "lamda": 0.12099548756465499}, "datetime": {"datetime": "2021-09-23 20:41:32", "elapsed": 870.215379, "delta": 3.87421}}
{"target": 0.916003059963598, "params": {"C": 482.8295559272683, "epsilon": 0.12462807732111954, "gamma": 0.05210566971282632, "lamda": 0.44944144514592876}, "datetime": {"datetime": "2021-09-23 20:41:34", "elapsed": 872.52595, "delta": 2.310571}}
{"target": 0.907971328402247, "params": {"C": 464.538938433469, "epsilon": 0.28588500620022483, "gamma": 0.03580140662977369, "lamda": 0.38562416489387286}, "datetime": {"datetime": "2021-09-23 20:41:37", "elapsed": 874.872822, "delta": 2.346872}}
{"target": 0.9199642392981076, "params": {"C": 473.2563740406778, "epsilon": 0.793666457150607, "gamma": 0.058568134515454714, "lamda": 0.038554477120114575}, "datetime": {"datetime": "2021-09-23 20:41:39", "elapsed": 877.055848, "delta": 2.183026}}
{"target": 0.9063646749072564, "params": {"C": 496.5481649858206, "epsilon": 0.7900133695794167, "gamma": 0.06719867066357676, "lamda": 0.1441979582678673}, "datetime": {"datetime": "2021-09-23 20:41:43", "elapsed": 881.477483, "delta": 4.421635}}
{"target": 0.9154538570095437, "params": {"C": 443.0045696432361, "epsilon": 0.078670500703997, "gamma": 0.07209747002047043, "lamda": 0.11058789144636173}, "datetime": {"datetime": "2021-09-23 20:41:49", "elapsed": 886.934375, "delta": 5.456892}}
{"target": 0.9170144716789044, "params": {"C": 446.7527193514291, "epsilon": 0.038725361772918535, "gamma": 0.06720385554415523, "lamda": 0.14083913750885602}, "datetime": {"datetime": "2021-09-23 20:41:55", "elapsed": 893.353857, "delta": 6.419482}}
{"target": 0.9239105216128896, "params": {"C": 459.4884347167543, "epsilon": 0.1120638592416687, "gamma": 0.03222561256521245, "lamda": 0.09930404553911883}, "datetime": {"datetime": "2021-09-23 20:42:00", "elapsed": 898.15911, "delta": 4.805253}}
{"target": 0.8945643568289118, "params": {"C": 446.6708754388769, "epsilon": 0.47293456877640405, "gamma": 0.07072840090241753, "lamda": 0.4331977404769304}, "datetime": {"datetime": "2021-09-23 20:42:02", "elapsed": 900.535495, "delta": 2.376385}}
{"target": 0.9238704930419256, "params": {"C": 435.8322054508086, "epsilon": 0.033637337226910265, "gamma": 0.03608058867048832, "lamda": 0.35848967557562267}, "datetime": {"datetime": "2021-09-23 20:42:06", "elapsed": 904.746493, "delta": 4.210998}}
{"target": 0.8998556565283293, "params": {"C": 476.8276166807816, "epsilon": 0.6320765201817783, "gamma": 0.06830318808579186, "lamda": 0.26766271086816995}, "datetime": {"datetime": "2021-09-23 20:42:09", "elapsed": 906.981018, "delta": 2.234525}}
{"target": 0.9115866145425486, "params": {"C": 490.8521931654935, "epsilon": 0.47406977402937045, "gamma": 0.03522931131381327, "lamda": 0.17774696671982843}, "datetime": {"datetime": "2021-09-23 20:42:11", "elapsed": 909.335014, "delta": 2.353996}}
{"target": 0.9220419068783083, "params": {"C": 425.9244391031737, "epsilon": 0.24314077227028333, "gamma": 0.050374721646493315, "lamda": 0.121813110919734}, "datetime": {"datetime": "2021-09-23 20:42:15", "elapsed": 913.606916, "delta": 4.271902}}
{"target": 0.9232841182953023, "params": {"C": 434.2513391891666, "epsilon": 0.11824319674524504, "gamma": 0.04570449289800447, "lamda": 0.2002282716072854}, "datetime": {"datetime": "2021-09-23 20:42:18", "elapsed": 915.872268, "delta": 2.265352}}
{"target": 0.9215998819854857, "params": {"C": 446.91737704002657, "epsilon": 0.31735858901844205, "gamma": 0.03, "lamda": 0.015}, "datetime": {"datetime": "2021-09-23 20:42:22", "elapsed": 920.439049, "delta": 4.566781}}
{"target": 0.9076764440998342, "params": {"C": 474.4970805947168, "epsilon": 0.24902189705313618, "gamma": 0.05074518857452001, "lamda": 0.49010928023411005}, "datetime": {"datetime": "2021-09-23 20:42:24", "elapsed": 922.793778, "delta": 2.354729}}
{"target": 0.9248446883822417, "params": {"C": 435.7540760217279, "epsilon": 0.03646616929572918, "gamma": 0.05080522965659559, "lamda": 0.27790785698593024}, "datetime": {"datetime": "2021-09-23 20:42:29", "elapsed": 927.580757, "delta": 4.786979}}
{"target": 0.9163108120103334, "params": {"C": 435.9776962821555, "epsilon": 0.12547403513941846, "gamma": 0.05643360287192065, "lamda": 0.39340422513160195}, "datetime": {"datetime": "2021-09-23 20:42:35", "elapsed": 933.5483, "delta": 5.967543}}
{"target": 0.922510056670154, "params": {"C": 496.4284577345812, "epsilon": 0.7533186097701168, "gamma": 0.03, "lamda": 0.015}, "datetime": {"datetime": "2021-09-23 20:42:41", "elapsed": 939.684347, "delta": 6.136047}}
{"target": 0.9188649663121935, "params": {"C": 427.56363173556304, "epsilon": 0.28071390918888695, "gamma": 0.06702849319205223, "lamda": 0.06490823541033938}, "datetime": {"datetime": "2021-09-23 20:42:44", "elapsed": 941.999477, "delta": 2.31513}}
{"target": 0.8913396267119091, "params": {"C": 405.8404405346825, "epsilon": 0.7012702429454842, "gamma": 0.045142144160725414, "lamda": 0.4169133439231859}, "datetime": {"datetime": "2021-09-23 20:42:46", "elapsed": 944.112049, "delta": 2.112572}}
{"target": 0.9201877475218577, "params": {"C": 434.3258737425094, "epsilon": 0.19512690003199162, "gamma": 0.05115979413409846, "lamda": 0.18660696945521063}, "datetime": {"datetime": "2021-09-23 20:42:50", "elapsed": 948.476613, "delta": 4.364564}}
{"target": 0.9141667347027866, "params": {"C": 427.65073141660696, "epsilon": 0.3813614649351189, "gamma": 0.07433566819402845, "lamda": 0.08264825552090477}, "datetime": {"datetime": "2021-09-23 20:42:55", "elapsed": 952.880258, "delta": 4.403645}}
{"target": 0.8970744997474878, "params": {"C": 489.9981130382438, "epsilon": 0.6286379661161681, "gamma": 0.05015821707253122, "lamda": 0.3692500996697687}, "datetime": {"datetime": "2021-09-23 20:42:57", "elapsed": 955.383899, "delta": 2.503641}}
{"target": 0.9202854801824011, "params": {"C": 477.1320643266746, "epsilon": 0.05012939087861945, "gamma": 0.061682411746313774, "lamda": 0.3007775336027517}, "datetime": {"datetime": "2021-09-23 20:59:31", "elapsed": 0.0, "delta": 0.0}}
{"target": 0.9140879908915962, "params": {"C": 449.85070123025906, "epsilon": 0.24805274616492223, "gamma": 0.0399031432379812, "lamda": 0.3054096313185887}, "datetime": {"datetime": "2021-09-23 20:59:32", "elapsed": 0.577609, "delta": 0.577609}}
{"target": 0.9146750464167627, "params": {"C": 416.91108365625354, "epsilon": 0.11568961974878995, "gamma": 0.06426799091838986, "lamda": 0.38159037174699995}, "datetime": {"datetime": "2021-09-23 20:59:32", "elapsed": 0.929613, "delta": 0.352004}}
{"target": 0.9003181275572957, "params": {"C": 476.41590745169765, "epsilon": 0.8483029333876239, "gamma": 0.05050997367483454, "lamda": 0.24056731259585976}, "datetime": {"datetime": "2021-09-23 20:59:33", "elapsed": 1.67321, "delta": 0.743597}}
{"target": 0.9135601133418999, "params": {"C": 477.076609154777, "epsilon": 0.04652281230639333, "gamma": 0.07440702723661091, "lamda": 0.36491562854805676}, "datetime": {"datetime": "2021-09-23 20:59:33", "elapsed": 2.438412, "delta": 0.765202}}
{"target": 0.9262408641241635, "params": {"C": 477.0691384071811, "epsilon": 0.051309548341572926, "gamma": 0.043812716183133524, "lamda": 0.22182208172896117}, "datetime": {"datetime": "2021-09-23 20:59:34", "elapsed": 2.934416, "delta": 0.496004}}
{"target": 0.9231355886672149, "params": {"C": 477.17836913096335, "epsilon": 0.08256077999055465, "gamma": 0.03297443804499983, "lamda": 0.17517958609943474}, "datetime": {"datetime": "2021-09-23 20:59:35", "elapsed": 4.158995, "delta": 1.224579}}
{"target": 0.8903207631622307, "params": {"C": 461.00006158382155, "epsilon": 0.9246166610991446, "gamma": 0.06547358227303196, "lamda": 0.3016035054871097}, "datetime": {"datetime": "2021-09-23 20:59:36", "elapsed": 4.865994, "delta": 0.706999}}
{"target": 0.9190027162318025, "params": {"C": 476.7568258008687, "epsilon": 0.0893743840295432, "gamma": 0.06384707201155414, "lamda": 0.06131901733809501}, "datetime": {"datetime": "2021-09-23 20:59:37", "elapsed": 5.490959, "delta": 0.624965}}
{"target": 0.9137634391855509, "params": {"C": 476.42973138834697, "epsilon": 0.4263613725529165, "gamma": 0.055969709756911734, "lamda": 0.17489945879929938}, "datetime": {"datetime": "2021-09-23 20:59:37", "elapsed": 5.949483, "delta": 0.458524}}
{"target": 0.9161861067449838, "params": {"C": 477.00777467391305, "epsilon": 0.21757572725041657, "gamma": 0.06997639924348016, "lamda": 0.1283261706236633}, "datetime": {"datetime": "2021-09-23 20:59:38", "elapsed": 6.560485, "delta": 0.611002}}
{"target": 0.9084533626311998, "params": {"C": 477.52831140066394, "epsilon": 0.05344610870148797, "gamma": 0.07732996210726506, "lamda": 0.09771477578650446}, "datetime": {"datetime": "2021-09-23 20:59:38", "elapsed": 7.122487, "delta": 0.562002}}
{"target": 0.9191504209213115, "params": {"C": 476.4472877511743, "epsilon": 0.07170485603504423, "gamma": 0.06567922317099162, "lamda": 0.16865647302475004}, "datetime": {"datetime": "2021-09-23 20:59:39", "elapsed": 7.711948, "delta": 0.589461}}
{"target": 0.9116376614778489, "params": {"C": 471.58790678631374, "epsilon": 0.2896058011055015, "gamma": 0.034529812416987285, "lamda": 0.28168356533485894}, "datetime": {"datetime": "2021-09-23 20:59:39", "elapsed": 8.149119, "delta": 0.437171}}
{"target": 0.9159420476092757, "params": {"C": 423.459809274584, "epsilon": 0.15639106627129726, "gamma": 0.05721152210952261, "lamda": 0.3327568905267658}, "datetime": {"datetime": "2021-09-23 20:59:40", "elapsed": 8.720123, "delta": 0.571004}}
{"target": 0.9203589991047366, "params": {"C": 440.4923870071983, "epsilon": 0.07267066579701993, "gamma": 0.059521795342031364, "lamda": 0.2897032719798859}, "datetime": {"datetime": "2021-09-23 20:59:40", "elapsed": 9.183116, "delta": 0.462993}}
{"target": 0.924410626091411, "params": {"C": 440.3441850520252, "epsilon": 0.11119757370571129, "gamma": 0.05579231947858596, "lamda": 0.06636538695445128}, "datetime": {"datetime": "2021-09-23 20:59:41", "elapsed": 9.72494, "delta": 0.541824}}
{"target": 0.9082704689770694, "params": {"C": 427.89828291322067, "epsilon": 0.48302557696029136, "gamma": 0.037253644770244156, "lamda": 0.23694747394588475}, "datetime": {"datetime": "2021-09-23 20:59:41", "elapsed": 10.341452, "delta": 0.616512}}
{"target": 0.8999245206473084, "params": {"C": 462.7349716670028, "epsilon": 0.840468156941798, "gamma": 0.055008945220724956, "lamda": 0.24209179329915287}, "datetime": {"datetime": "2021-09-23 20:59:42", "elapsed": 10.875678, "delta": 0.534226}}
{"target": 0.9241458533206172, "params": {"C": 464.0049772812877, "epsilon": 0.28598520842260444, "gamma": 0.03779870955815699, "lamda": 0.06821614914669968}, "datetime": {"datetime": "2021-09-23 20:59:42", "elapsed": 11.431743, "delta": 0.556065}}
{"target": 0.906808770664788, "params": {"C": 440.36916211753334, "epsilon": 0.352444811010622, "gamma": 0.07965173714345528, "lamda": 0.1920032005393812}, "datetime": {"datetime": "2021-09-23 20:59:43", "elapsed": 11.970744, "delta": 0.539001}}
{"target": 0.9154466037094388, "params": {"C": 446.9411483866361, "epsilon": 0.9682829352450285, "gamma": 0.05235500012301533, "lamda": 0.0681052232198532}, "datetime": {"datetime": "2021-09-23 20:59:44", "elapsed": 12.56174, "delta": 0.590996}}
{"target": 0.9200257536264691, "params": {"C": 463.88300154068605, "epsilon": 0.17201048417113315, "gamma": 0.03453814422435981, "lamda": 0.20216688918717327}, "datetime": {"datetime": "2021-09-23 20:59:44", "elapsed": 13.170744, "delta": 0.609004}}
{"target": 0.9071536179303428, "params": {"C": 431.0531120073656, "epsilon": 0.35527707611318426, "gamma": 0.07984054619148959, "lamda": 0.18188862121026128}, "datetime": {"datetime": "2021-09-23 20:59:45", "elapsed": 13.65874, "delta": 0.487996}}
{"target": 0.9200093019461879, "params": {"C": 463.8757221421438, "epsilon": 0.46158976554629505, "gamma": 0.034828106102072945, "lamda": 0.07792503972955855}, "datetime": {"datetime": "2021-09-23 20:59:45", "elapsed": 14.214739, "delta": 0.555999}}
