{"target": 0.9125009401094623, "params": {"C": 183.7159467375232, "epsilon": 0.4562906460487358, "gamma": 0.0703861329440878, "lamda": 0.0717521421297744}, "datetime": {"datetime": "2021-09-23 09:45:41", "elapsed": 269.257677, "delta": 1.925662}}
{"target": 0.907393664334288, "params": {"C": 188.46111623532528, "epsilon": 0.5473563440544454, "gamma": 0.054996661852777025, "lamda": 0.07567012724679972}, "datetime": {"datetime": "2021-09-23 09:45:43", "elapsed": 271.320668, "delta": 2.062991}}
{"target": 0.9137416179476239, "params": {"C": 161.58491494058293, "epsilon": 0.49215595088918734, "gamma": 0.07460051284773793, "lamda": 0.049405820184499176}, "datetime": {"datetime": "2021-09-23 09:45:45", "elapsed": 273.042181, "delta": 1.721513}}
{"target": 0.911070509609769, "params": {"C": 176.4664624109363, "epsilon": 0.45527382486404167, "gamma": 0.06772009371426022, "lamda": 0.08686849693834263}, "datetime": {"datetime": "2021-09-23 09:45:46", "elapsed": 274.067319, "delta": 1.025138}}
{"target": 0.9140803682689758, "params": {"C": 165.92464985282086, "epsilon": 0.49208480869022336, "gamma": 0.08, "lamda": 0.045}, "datetime": {"datetime": "2021-09-23 09:45:48", "elapsed": 276.165528, "delta": 2.098209}}
{"target": 0.91352610489052, "params": {"C": 179.55305114155425, "epsilon": 0.28021258643541375, "gamma": 0.08, "lamda": 0.1}, "datetime": {"datetime": "2021-09-23 09:45:50", "elapsed": 278.263224, "delta": 2.097696}}
{"target": 0.9017854853536904, "params": {"C": 186.87261812949603, "epsilon": 0.6942266888710644, "gamma": 0.04677023703689878, "lamda": 0.08119475373774471}, "datetime": {"datetime": "2021-09-23 09:45:51", "elapsed": 279.87224, "delta": 1.609016}}
{"target": 0.83432034352603, "params": {"C": 189.1980001534358, "epsilon": 0.6108638344423898, "gamma": 0.0072715110234817075, "lamda": 0.0764686580798948}, "datetime": {"datetime": "2021-09-23 09:45:54", "elapsed": 282.176315, "delta": 2.304075}}
{"target": 0.9013292346348329, "params": {"C": 165.8835723510707, "epsilon": 0.4161941640234464, "gamma": 0.04861579266031262, "lamda": 0.045}, "datetime": {"datetime": "2021-09-23 09:45:56", "elapsed": 284.116723, "delta": 1.940408}}
{"target": 0.9035259743667111, "params": {"C": 156.4517675232341, "epsilon": 0.38105816222958583, "gamma": 0.04814833994275203, "lamda": 0.08317784285018134}, "datetime": {"datetime": "2021-09-23 09:45:57", "elapsed": 285.178357, "delta": 1.061634}}
{"target": 0.8885682235333736, "params": {"C": 166.77658598442633, "epsilon": 0.5864539411660202, "gamma": 0.031471730687324506, "lamda": 0.09003147934049358}, "datetime": {"datetime": "2021-09-23 09:45:58", "elapsed": 286.236438, "delta": 1.058081}}
{"target": 0.9113095589589786, "params": {"C": 189.19751447537703, "epsilon": 0.7872507613757872, "gamma": 0.07685482080247058, "lamda": 0.06193240147983514}, "datetime": {"datetime": "2021-09-23 09:46:01", "elapsed": 289.05753, "delta": 2.821092}}
{"target": 0.9112255279625457, "params": {"C": 188.21257629117557, "epsilon": 0.1718410984446475, "gamma": 0.07729126565667425, "lamda": 0.049101621406457296}, "datetime": {"datetime": "2021-09-23 09:46:03", "elapsed": 291.078685, "delta": 2.021155}}
{"target": 0.9133189175296276, "params": {"C": 188.93055900949412, "epsilon": 0.2423631727426656, "gamma": 0.08, "lamda": 0.045}, "datetime": {"datetime": "2021-09-23 09:46:05", "elapsed": 293.597982, "delta": 2.519297}}
{"target": 0.9101091566198387, "params": {"C": 189.0540161725516, "epsilon": 0.7368354971755796, "gamma": 0.06375382834334402, "lamda": 0.05951053700724339}, "datetime": {"datetime": "2021-09-23 09:46:08", "elapsed": 296.000629, "delta": 2.402647}}
{"target": 0.8490946430255878, "params": {"C": 188.97053590964416, "epsilon": 0.33561103045465895, "gamma": 0.011797661510752806, "lamda": 0.0916453591322724}, "datetime": {"datetime": "2021-09-23 09:46:11", "elapsed": 298.977663, "delta": 2.977034}}
{"target": 0.8690065929879857, "params": {"C": 167.65786658946257, "epsilon": 0.19316682045124414, "gamma": 0.025774083964830673, "lamda": 0.07567185093088426}, "datetime": {"datetime": "2021-09-23 09:46:12", "elapsed": 300.126733, "delta": 1.14907}}
{"target": 0.911741870004667, "params": {"C": 160.46682415444573, "epsilon": 0.6596886575327346, "gamma": 0.0748105327080944, "lamda": 0.055641414120168486}, "datetime": {"datetime": "2021-09-23 09:46:13", "elapsed": 301.26674, "delta": 1.140007}}
{"target": 0.9124854984257288, "params": {"C": 161.72826899532558, "epsilon": 0.2946363754390192, "gamma": 0.07744474433481129, "lamda": 0.046063226345280435}, "datetime": {"datetime": "2021-09-23 09:46:15", "elapsed": 303.395946, "delta": 2.129206}}
{"target": 0.8125713693035334, "params": {"C": 153.74937501083096, "epsilon": 0.7902324649798609, "gamma": 0.004283761009313894, "lamda": 0.09225294100922399}, "datetime": {"datetime": "2021-09-23 09:46:17", "elapsed": 305.89631, "delta": 2.500364}}
{"target": 0.9131633363878361, "params": {"C": 161.54405866700145, "epsilon": 0.6198104770976894, "gamma": 0.08, "lamda": 0.045}, "datetime": {"datetime": "2021-09-23 09:46:20", "elapsed": 308.025148, "delta": 2.128838}}
{"target": 0.880124773086263, "params": {"C": 185.25804081554847, "epsilon": 0.36712926395139484, "gamma": 0.026621694375097232, "lamda": 0.0748983819223041}, "datetime": {"datetime": "2021-09-23 09:46:21", "elapsed": 309.219572, "delta": 1.194424}}
{"target": 0.838510020330977, "params": {"C": 179.5795345175061, "epsilon": 0.2897771661574566, "gamma": 0.007817284518120393, "lamda": 0.045}, "datetime": {"datetime": "2021-09-23 09:46:23", "elapsed": 311.73013, "delta": 2.510558}}
{"target": 0.9134362510937265, "params": {"C": 184.22293679045023, "epsilon": 0.6039915210614821, "gamma": 0.0785146764733251, "lamda": 0.04637625662696272}, "datetime": {"datetime": "2021-09-23 09:46:26", "elapsed": 314.330225, "delta": 2.600095}}
{"target": 0.9104208847401809, "params": {"C": 153.57684141270556, "epsilon": 0.49259364925338095, "gamma": 0.08, "lamda": 0.1}, "datetime": {"datetime": "2021-09-23 09:46:28", "elapsed": 316.901992, "delta": 2.571767}}
{"target": 0.8658580580080109, "params": {"C": 179.85035768624385, "epsilon": 0.38136790710867874, "gamma": 0.020590968633605013, "lamda": 0.06295775992210939}, "datetime": {"datetime": "2021-09-23 09:46:31", "elapsed": 319.320028, "delta": 2.418036}}
{"target": 0.9107119301644929, "params": {"C": 179.61120791628244, "epsilon": 0.1414119218913316, "gamma": 0.06438402446304796, "lamda": 0.08824531291158741}, "datetime": {"datetime": "2021-09-23 09:46:33", "elapsed": 321.651373, "delta": 2.331345}}
{"target": 0.8506868362564526, "params": {"C": 153.56796232203106, "epsilon": 0.49016313612439155, "gamma": 0.01318983306216832, "lamda": 0.05605189019028453}, "datetime": {"datetime": "2021-09-23 09:46:35", "elapsed": 323.955774, "delta": 2.304401}}
{"target": 0.8756152502858352, "params": {"C": 165.4998430549979, "epsilon": 0.2800665129016027, "gamma": 0.029080167265622955, "lamda": 0.06441421857327}, "datetime": {"datetime": "2021-09-23 09:46:38", "elapsed": 326.042216, "delta": 2.086442}}
{"target": 0.9101139751097114, "params": {"C": 189.0502877304693, "epsilon": 0.6556339087405981, "gamma": 0.06016026687538742, "lamda": 0.0532188139205003}, "datetime": {"datetime": "2021-09-23 09:46:40", "elapsed": 328.528266, "delta": 2.48605}}
{"target": 0.9127589717560922, "params": {"C": 188.5660321633373, "epsilon": 0.07477294835266235, "gamma": 0.08168241174631377, "lamda": 0.3746531373867673}, "datetime": {"datetime": "2021-09-23 09:56:42", "elapsed": 0.0, "delta": 0.0}}
{"target": 0.9076862185987697, "params": {"C": 174.92535061512953, "epsilon": 0.12170322847209497, "gamma": 0.0599031432379812, "lamda": 0.3805048253872804}, "datetime": {"datetime": "2021-09-23 09:56:42", "elapsed": 0.289492, "delta": 0.289492}}
{"target": 0.9100442997194711, "params": {"C": 158.45554182812677, "epsilon": 0.09031815726002237, "gamma": 0.08426799091838987, "lamda": 0.47674327975127334}, "datetime": {"datetime": "2021-09-23 09:56:42", "elapsed": 0.552199, "delta": 0.262707}}
{"target": 0.9085676179108693, "params": {"C": 150.1974133163957, "epsilon": 0.18780422057872861, "gamma": 0.09063104808260568, "lamda": 0.3066505073478647}, "datetime": {"datetime": "2021-09-23 09:56:43", "elapsed": 0.831011, "delta": 0.278812}}
{"target": 0.9075681196060887, "params": {"C": 161.50163154679095, "epsilon": 0.11371271797711323, "gamma": 0.07344445447061955, "lamda": 0.06720775276801462}, "datetime": {"datetime": "2021-09-23 09:56:43", "elapsed": 1.216538, "delta": 0.385527}}
{"target": 0.9054920626711167, "params": {"C": 163.04102887790157, "epsilon": 0.11538490455781153, "gamma": 0.0544279429581727, "lamda": 0.37049123426106906}, "datetime": {"datetime": "2021-09-23 09:56:43", "elapsed": 1.548291, "delta": 0.331753}}
{"target": 0.9113325696852913, "params": {"C": 190.78804057487218, "epsilon": 0.10774184424268046, "gamma": 0.07495737607002835, "lamda": 0.37724089285769447}, "datetime": {"datetime": "2021-09-23 09:56:44", "elapsed": 1.989358, "delta": 0.441067}}
{"target": 0.9031434650671691, "params": {"C": 185.29828984222817, "epsilon": 0.25704474187377646, "gamma": 0.05955273146923254, "lamda": 0.030589578017491192}, "datetime": {"datetime": "2021-09-23 09:56:44", "elapsed": 2.494375, "delta": 0.505017}}
{"target": 0.8983911950830983, "params": {"C": 189.57389951518923, "epsilon": 0.2314673191482144, "gamma": 0.06685622643790828, "lamda": 0.0033022442296047967}, "datetime": {"datetime": "2021-09-23 09:56:45", "elapsed": 3.143741, "delta": 0.649366}}
{"target": 0.9038230938470629, "params": {"C": 191.2649743538421, "epsilon": 0.19258528165915073, "gamma": 0.06155875303390853, "lamda": 0.48501011179424325}, "datetime": {"datetime": "2021-09-23 09:56:45", "elapsed": 3.48663, "delta": 0.342889}}
{"target": 0.9124598181355771, "params": {"C": 188.21486569417348, "epsilon": 0.16398259349192867, "gamma": 0.07596970975691174, "lamda": 0.21563248086291237}, "datetime": {"datetime": "2021-09-23 09:56:46", "elapsed": 3.812664, "delta": 0.326034}}
{"target": 0.911656465003029, "params": {"C": 188.58855959838667, "epsilon": 0.07593730140239537, "gamma": 0.07263385833148356, "lamda": 0.43244662837956716}, "datetime": {"datetime": "2021-09-23 09:56:46", "elapsed": 4.161784, "delta": 0.34912}}
{"target": 0.9037554519825012, "params": {"C": 188.59273630363074, "epsilon": 0.10187783252086612, "gamma": 0.07887426413537332, "lamda": 0.023863563314909374}, "datetime": {"datetime": "2021-09-23 09:56:47", "elapsed": 4.69843, "delta": 0.536646}}
{"target": 0.9102717815868442, "params": {"C": 188.36186018708554, "epsilon": 0.08047706867304398, "gamma": 0.06554240617238474, "lamda": 0.4473116806088273}, "datetime": {"datetime": "2021-09-23 09:56:47", "elapsed": 5.060218, "delta": 0.361788}}
{"target": 0.9109947622402723, "params": {"C": 190.78721569160183, "epsilon": 0.11785136403484556, "gamma": 0.08301367878176936, "lamda": 0.4072471447561591}, "datetime": {"datetime": "2021-09-23 09:56:47", "elapsed": 5.40816, "delta": 0.347942}}
{"target": 0.9128031080852643, "params": {"C": 188.58746865858916, "epsilon": 0.07693666464075599, "gamma": 0.0814095608897711, "lamda": 0.36421858174875166}, "datetime": {"datetime": "2021-09-23 09:56:48", "elapsed": 5.762457, "delta": 0.354297}}
{"target": 0.9125505600646359, "params": {"C": 170.24619350359916, "epsilon": 0.08011778673537587, "gamma": 0.07952179534203137, "lamda": 0.3606631208049697}, "datetime": {"datetime": "2021-09-23 09:56:48", "elapsed": 6.125598, "delta": 0.363141}}
{"target": 0.9090055376749206, "params": {"C": 170.46312219709375, "epsilon": 0.1614996539711662, "gamma": 0.05458447041925595, "lamda": 0.15711196944820416}, "datetime": {"datetime": "2021-09-23 09:56:48", "elapsed": 6.503696, "delta": 0.378098}}
{"target": 0.9064039722714947, "params": {"C": 163.94914145661033, "epsilon": 0.17741843577408972, "gamma": 0.05725364477024416, "lamda": 0.2940171886050544}, "datetime": {"datetime": "2021-09-23 09:56:49", "elapsed": 6.860424, "delta": 0.356728}}
{"target": 0.9055973781009846, "params": {"C": 169.96794843666112, "epsilon": 0.15433849426196336, "gamma": 0.0998888742463599, "lamda": 0.46514281037904687}, "datetime": {"datetime": "2021-09-23 09:56:49", "elapsed": 7.274458, "delta": 0.414034}}
{"target": 0.9090957534755932, "params": {"C": 187.97749911384346, "epsilon": 0.2304132618067022, "gamma": 0.09130528107628663, "lamda": 0.2756218851920943}, "datetime": {"datetime": "2021-09-23 09:56:49", "elapsed": 7.637679, "delta": 0.363221}}
{"target": 0.9034534573616257, "params": {"C": 188.444533476537, "epsilon": 0.3, "gamma": 0.1, "lamda": 0.3270668650170387}, "datetime": {"datetime": "2021-09-23 09:56:50", "elapsed": 8.026748, "delta": 0.389069}}
{"target": 0.9140027970258874, "params": {"C": 173.47057419331804, "epsilon": 0.2924794588725325, "gamma": 0.07235500012301534, "lamda": 0.08072026933343478}, "datetime": {"datetime": "2021-09-23 09:56:50", "elapsed": 8.402368, "delta": 0.37562}}
{"target": 0.9118473830664195, "params": {"C": 173.30868574683913, "epsilon": 0.24614079100637204, "gamma": 0.06295911552452448, "lamda": 0.11306112117684047}, "datetime": {"datetime": "2021-09-23 09:56:51", "elapsed": 8.810576, "delta": 0.408208}}
{"target": 0.9096466940360246, "params": {"C": 165.5265560036828, "epsilon": 0.14712755412993028, "gamma": 0.09984054619148959, "lamda": 0.22446182780739335}, "datetime": {"datetime": "2021-09-23 09:56:51", "elapsed": 9.207336, "delta": 0.39676}}
{"target": 0.9073677576667467, "params": {"C": 173.50864713964074, "epsilon": 0.25313239194791626, "gamma": 0.06307544891237318, "lamda": 0.25159867564843436}, "datetime": {"datetime": "2021-09-23 09:56:51", "elapsed": 9.589341, "delta": 0.382005}}
{"target": 0.9019371470678034, "params": {"C": 173.4873304702232, "epsilon": 0.1716184089931686, "gamma": 0.09020591021130242, "lamda": 0.007474660130005432}, "datetime": {"datetime": "2021-09-23 09:56:52", "elapsed": 10.218258, "delta": 0.628917}}
{"target": 0.9119895831483974, "params": {"C": 188.20699521377747, "epsilon": 0.16974769828891517, "gamma": 0.08732514773800278, "lamda": 0.20472263136401922}, "datetime": {"datetime": "2021-09-23 09:56:52", "elapsed": 10.562065, "delta": 0.343807}}
{"target": 0.9070842809748613, "params": {"C": 179.60429766615397, "epsilon": 0.2489793589664112, "gamma": 0.09183803651793537, "lamda": 0.31778267728267856}, "datetime": {"datetime": "2021-09-23 09:56:53", "elapsed": 10.942658, "delta": 0.380593}}
{"target": 0.8917749087412158, "params": {"C": 164.31267643732775, "epsilon": 0.17947760482850003, "gamma": 0.05029673215354274, "lamda": 0.007142741612459641}, "datetime": {"datetime": "2021-09-23 09:56:53", "elapsed": 11.536177, "delta": 0.593519}}
{"target": 0.9120346520017517, "params": {"C": 188.16515463800022, "epsilon": 0.07414247513411931, "gamma": 0.0915444688722091, "lamda": 0.3322210460078763}, "datetime": {"datetime": "2021-09-23 09:56:54", "elapsed": 12.070483, "delta": 0.534306}}
{"target": 0.9080492241745213, "params": {"C": 170.3899993240089, "epsilon": 0.13421808317820536, "gamma": 0.07261387587356705, "lamda": 0.48106383455028745}, "datetime": {"datetime": "2021-09-23 09:56:54", "elapsed": 12.516716, "delta": 0.446233}}
{"target": 0.9104301056632067, "params": {"C": 170.22784616622303, "epsilon": 0.1909091546960877, "gamma": 0.08997270217175739, "lamda": 0.25039863765873843}, "datetime": {"datetime": "2021-09-23 09:56:55", "elapsed": 13.01101, "delta": 0.494294}}
{"target": 0.9115137312737562, "params": {"C": 188.32797341296742, "epsilon": 0.08148227398468459, "gamma": 0.0975027779016573, "lamda": 0.24419481135075982}, "datetime": {"datetime": "2021-09-23 09:56:55", "elapsed": 13.546185, "delta": 0.535175}}
{"target": 0.9095794037451777, "params": {"C": 190.7840990284394, "epsilon": 0.11293609230533531, "gamma": 0.09449622372328104, "lamda": 0.43023479730983594}, "datetime": {"datetime": "2021-09-23 09:56:56", "elapsed": 13.962765, "delta": 0.41658}}
{"target": 0.9042255841729708, "params": {"C": 190.8396743963191, "epsilon": 0.26147083722429293, "gamma": 0.058389897330797816, "lamda": 0.33876782197846556}, "datetime": {"datetime": "2021-09-23 09:56:56", "elapsed": 14.466179, "delta": 0.503414}}
{"target": 0.9016506042426251, "params": {"C": 188.18071983714114, "epsilon": 0.2149877539993164, "gamma": 0.05, "lamda": 0.3640665800222241}, "datetime": {"datetime": "2021-09-23 09:56:57", "elapsed": 15.009631, "delta": 0.543452}}
{"target": 0.9103330515623228, "params": {"C": 182.03576744220274, "epsilon": 0.08526177513372102, "gamma": 0.09068161724603811, "lamda": 0.4492167082903522}, "datetime": {"datetime": "2021-09-23 09:56:57", "elapsed": 15.43928, "delta": 0.429649}}
{"target": 0.9129981082978202, "params": {"C": 188.0948867293065, "epsilon": 0.07244456199289837, "gamma": 0.06989351283990204, "lamda": 0.16264639890925275}, "datetime": {"datetime": "2021-09-23 09:56:58", "elapsed": 15.893714, "delta": 0.454434}}
{"target": 0.9092040342727676, "params": {"C": 187.99153728280444, "epsilon": 0.2389433225834657, "gamma": 0.08776268018790749, "lamda": 0.2764764846039218}, "datetime": {"datetime": "2021-09-23 09:56:58", "elapsed": 16.304974, "delta": 0.41126}}
{"target": 0.9026007107291345, "params": {"C": 188.1445467823222, "epsilon": 0.1682544941066439, "gamma": 0.05447770453282675, "lamda": 0.05875924253254406}, "datetime": {"datetime": "2021-09-23 09:56:59", "elapsed": 16.805785, "delta": 0.500811}}
{"target": 0.9095360762144662, "params": {"C": 173.39941474770166, "epsilon": 0.3, "gamma": 0.1, "lamda": 0.14155053154965017}, "datetime": {"datetime": "2021-09-23 09:56:59", "elapsed": 17.380794, "delta": 0.575009}}
{"target": 0.9146905190994248, "params": {"C": 188.21650041554108, "epsilon": 0.08663055263503104, "gamma": 0.07960632338503851, "lamda": 0.21443891257701053}, "datetime": {"datetime": "2021-09-23 09:57:00", "elapsed": 17.996657, "delta": 0.615863}}
{"target": 0.9122629951175342, "params": {"C": 192.23361519040526, "epsilon": 0.23441544058982094, "gamma": 0.0879953544677775, "lamda": 0.14289404171743636}, "datetime": {"datetime": "2021-09-23 09:57:00", "elapsed": 18.396032, "delta": 0.399375}}
{"target": 0.9112169489468046, "params": {"C": 188.06131367341007, "epsilon": 0.07550221066833412, "gamma": 0.05778200543884414, "lamda": 0.28862436802243613}, "datetime": {"datetime": "2021-09-23 09:57:01", "elapsed": 18.900134, "delta": 0.504102}}
{"target": 0.9085571602514776, "params": {"C": 150.18534196983236, "epsilon": 0.17550958429026703, "gamma": 0.09296924978905997, "lamda": 0.312298161943892}, "datetime": {"datetime": "2021-09-23 09:57:01", "elapsed": 19.349043, "delta": 0.448909}}
{"target": 0.903469838196101, "params": {"C": 192.33240433037926, "epsilon": 0.2626670960227043, "gamma": 0.05451973980297963, "lamda": 0.03922383938727431}, "datetime": {"datetime": "2021-09-23 09:57:02", "elapsed": 19.927348, "delta": 0.578305}}
{"target": 0.9068713881073769, "params": {"C": 192.18782661399152, "epsilon": 0.2812505571946344, "gamma": 0.09912062766541622, "lamda": 0.2660517022789761}, "datetime": {"datetime": "2021-09-23 09:57:02", "elapsed": 20.445474, "delta": 0.518126}}
{"target": 0.8930453023829591, "params": {"C": 173.3749125189617, "epsilon": 0.3, "gamma": 0.05, "lamda": 0.015068211829844087}, "datetime": {"datetime": "2021-09-23 09:57:03", "elapsed": 21.104774, "delta": 0.6593}}
{"target": 0.9117142738140531, "params": {"C": 188.1949715040636, "epsilon": 0.07874421814930382, "gamma": 0.058542373390921165, "lamda": 0.2625440875299614}, "datetime": {"datetime": "2021-09-23 09:57:03", "elapsed": 21.599431, "delta": 0.494657}}
{"target": 0.911017954191927, "params": {"C": 173.2381912590824, "epsilon": 0.2331842133015219, "gamma": 0.09355284554407509, "lamda": 0.14973307901989738}, "datetime": {"datetime": "2021-09-23 09:57:04", "elapsed": 22.116456, "delta": 0.517025}}
{"target": 0.9141878911172564, "params": {"C": 173.58129828086027, "epsilon": 0.29730239318006346, "gamma": 0.07555183751816676, "lamda": 0.0790746191143592}, "datetime": {"datetime": "2021-09-23 09:57:04", "elapsed": 22.580069, "delta": 0.463613}}
{"target": 0.9124388651907508, "params": {"C": 170.34399712169775, "epsilon": 0.07969133190363725, "gamma": 0.06666618640257664, "lamda": 0.32715901146199095}, "datetime": {"datetime": "2021-09-23 09:57:05", "elapsed": 23.143677, "delta": 0.563608}}
{"target": 0.9078375384085002, "params": {"C": 170.338615138744, "epsilon": 0.18851893679049753, "gamma": 0.09200390022916444, "lamda": 0.3560576751757082}, "datetime": {"datetime": "2021-09-23 09:57:05", "elapsed": 23.587235, "delta": 0.443558}}
{"target": 0.9108348770986141, "params": {"C": 188.26871918322, "epsilon": 0.07, "gamma": 0.1, "lamda": 0.1445103870704381}, "datetime": {"datetime": "2021-09-23 09:57:06", "elapsed": 24.237852, "delta": 0.650617}}
{"target": 0.9114041187308127, "params": {"C": 173.53649630595064, "epsilon": 0.2943018466029972, "gamma": 0.09606587540288282, "lamda": 0.09697999600487264}, "datetime": {"datetime": "2021-09-23 09:57:07", "elapsed": 24.760429, "delta": 0.522577}}
{"target": 0.90585048474181, "params": {"C": 173.5949554336492, "epsilon": 0.2764017979545661, "gamma": 0.09124168933596344, "lamda": 0.013369468427869218}, "datetime": {"datetime": "2021-09-23 09:57:07", "elapsed": 25.277517, "delta": 0.517088}}
{"target": 0.9076227180550978, "params": {"C": 173.6842687345377, "epsilon": 0.2713094367063669, "gamma": 0.05495475677920246, "lamda": 0.13417874824783532}, "datetime": {"datetime": "2021-09-23 09:57:08", "elapsed": 25.763059, "delta": 0.485542}}
{"target": 0.90369240953349, "params": {"C": 161.64594186326414, "epsilon": 0.2383232858669406, "gamma": 0.05881375200125329, "lamda": 0.3429229312069298}, "datetime": {"datetime": "2021-09-23 09:57:08", "elapsed": 26.211333, "delta": 0.448274}}
