{"target": 0.9107298209603774, "params": {"C": 553.3398843608599, "epsilon": 0.05551668962921878, "gamma": 0.018127892090461287, "lamda": 0.10823316323896347}, "datetime": {"datetime": "2021-09-23 21:21:22", "elapsed": 244.174182, "delta": 2.040684}}
{"target": 0.9278600382281421, "params": {"C": 553.0242686097115, "epsilon": 0.19860789441884835, "gamma": 0.03813401454801708, "lamda": 0.03864114097726545}, "datetime": {"datetime": "2021-09-23 21:21:23", "elapsed": 245.66718, "delta": 1.492998}}
{"target": 0.8953995863536954, "params": {"C": 543.9845047651183, "epsilon": 0.988027579060858, "gamma": 0.031209914705645617, "lamda": 0.20730164403035167}, "datetime": {"datetime": "2021-09-23 21:21:24", "elapsed": 246.790598, "delta": 1.123418}}
{"target": 0.9216385362910616, "params": {"C": 553.003383918128, "epsilon": 0.17029410371065992, "gamma": 0.061537692668894084, "lamda": 0.06854518737404736}, "datetime": {"datetime": "2021-09-23 21:21:26", "elapsed": 248.525232, "delta": 1.734634}}
{"target": 0.909887791975635, "params": {"C": 552.9414989143424, "epsilon": 0.06778848854621611, "gamma": 0.019064291403063267, "lamda": 0.03837431403842648}, "datetime": {"datetime": "2021-09-23 21:21:28", "elapsed": 250.034466, "delta": 1.509234}}
{"target": 0.921217156733145, "params": {"C": 523.2496984940191, "epsilon": 0.04356582179596885, "gamma": 0.058373493856573984, "lamda": 0.10306560060426498}, "datetime": {"datetime": "2021-09-23 21:21:29", "elapsed": 251.833275, "delta": 1.798809}}
{"target": 0.920516555704324, "params": {"C": 527.6160782450338, "epsilon": 0.7743015332292597, "gamma": 0.06255256460191878, "lamda": 0.02056812145326317}, "datetime": {"datetime": "2021-09-23 21:21:31", "elapsed": 253.493293, "delta": 1.660018}}
{"target": 0.9209449630282569, "params": {"C": 501.97547764914924, "epsilon": 0.12069505822677633, "gamma": 0.05856398921295179, "lamda": 0.18968356644595824}, "datetime": {"datetime": "2021-09-23 21:21:33", "elapsed": 255.21751, "delta": 1.724217}}
{"target": 0.9124811250360305, "params": {"C": 588.5501742408925, "epsilon": 0.3691434709727437, "gamma": 0.019763714487383593, "lamda": 0.03467279695962808}, "datetime": {"datetime": "2021-09-23 21:21:34", "elapsed": 256.379113, "delta": 1.161603}}
{"target": 0.9203722702646622, "params": {"C": 555.6226553559657, "epsilon": 0.733788914511985, "gamma": 0.06118445972969215, "lamda": 0.03128394494873667}, "datetime": {"datetime": "2021-09-23 21:21:36", "elapsed": 258.185074, "delta": 1.805961}}
{"target": 0.9236660368158843, "params": {"C": 558.8347896562182, "epsilon": 0.6306722498829271, "gamma": 0.05410018427307728, "lamda": 0.008949603825385368}, "datetime": {"datetime": "2021-09-23 21:21:37", "elapsed": 259.448076, "delta": 1.263002}}
{"target": 0.8712112751243352, "params": {"C": 513.7442398747258, "epsilon": 0.9066557613141163, "gamma": 0.016501499343136012, "lamda": 0.28026277813654543}, "datetime": {"datetime": "2021-09-23 21:21:38", "elapsed": 260.747502, "delta": 1.299426}}
{"target": 0.9221363958019169, "params": {"C": 540.4570145758775, "epsilon": 0.12802470008081748, "gamma": 0.05917502516094019, "lamda": 0.13316231946384377}, "datetime": {"datetime": "2021-09-23 21:21:40", "elapsed": 261.864593, "delta": 1.117091}}
{"target": 0.9246456662025072, "params": {"C": 523.0630924365742, "epsilon": 0.18042193586085473, "gamma": 0.04795283355432838, "lamda": 0.11414625339364391}, "datetime": {"datetime": "2021-09-23 21:21:41", "elapsed": 263.684656, "delta": 1.820063}}
{"target": 0.9177504217552113, "params": {"C": 553.0823750292878, "epsilon": 0.058597363797758595, "gamma": 0.025396101057571122, "lamda": 0.26834166306535073}, "datetime": {"datetime": "2021-09-23 21:21:43", "elapsed": 265.33345, "delta": 1.648794}}
{"target": 0.9074799730059278, "params": {"C": 553.0248201264709, "epsilon": 0.07908932990802711, "gamma": 0.06840937710394968, "lamda": 0.01305062666324729}, "datetime": {"datetime": "2021-09-23 21:21:45", "elapsed": 267.302415, "delta": 1.968965}}
{"target": 0.90505039776991, "params": {"C": 587.5969604972336, "epsilon": 0.8695954284945514, "gamma": 0.01617549865772478, "lamda": 0.021386879150166193}, "datetime": {"datetime": "2021-09-23 21:21:46", "elapsed": 268.629776, "delta": 1.327361}}
{"target": 0.925546431682498, "params": {"C": 536.110497525214, "epsilon": 0.04293243332465948, "gamma": 0.04071505288968297, "lamda": 0.3197623223910071}, "datetime": {"datetime": "2021-09-23 21:21:48", "elapsed": 269.863395, "delta": 1.233619}}
{"target": 0.9132858567715887, "params": {"C": 569.9842356081863, "epsilon": 0.5328001993768217, "gamma": 0.04703599159159425, "lamda": 0.1612844200684688}, "datetime": {"datetime": "2021-09-23 21:21:49", "elapsed": 271.103857, "delta": 1.240462}}
{"target": 0.9234747835413902, "params": {"C": 540.500117808428, "epsilon": 0.18837339750430454, "gamma": 0.03535568325490301, "lamda": 0.1191061019877861}, "datetime": {"datetime": "2021-09-23 21:21:50", "elapsed": 272.769777, "delta": 1.66592}}
{"target": 0.9160492520219728, "params": {"C": 553.0561937729333, "epsilon": 0.24376383380955907, "gamma": 0.022839494883067406, "lamda": 0.05776380449720198}, "datetime": {"datetime": "2021-09-23 21:21:52", "elapsed": 274.526147, "delta": 1.75637}}
{"target": 0.9142426173481689, "params": {"C": 553.1669183980517, "epsilon": 0.03152903822124678, "gamma": 0.06767216658082117, "lamda": 0.1520310207320577}, "datetime": {"datetime": "2021-09-23 21:21:54", "elapsed": 276.609235, "delta": 2.083088}}
{"target": 0.9199705004937073, "params": {"C": 504.1092813314081, "epsilon": 0.23026599917342086, "gamma": 0.05565987568662664, "lamda": 0.1470049594497835}, "datetime": {"datetime": "2021-09-23 21:21:56", "elapsed": 278.365398, "delta": 1.756163}}
{"target": 0.896184505776943, "params": {"C": 544.938806242133, "epsilon": 0.45618533080604273, "gamma": 0.012824979685445983, "lamda": 0.013209373035718487}, "datetime": {"datetime": "2021-09-23 21:21:58", "elapsed": 280.366939, "delta": 2.001541}}
{"target": 0.9183662173680603, "params": {"C": 553.124170122709, "epsilon": 0.07749502306792913, "gamma": 0.06679542930346959, "lamda": 0.20084041333622776}, "datetime": {"datetime": "2021-09-23 21:22:00", "elapsed": 282.216006, "delta": 1.849067}}
{"target": 0.9219035420055841, "params": {"C": 504.0823462681653, "epsilon": 0.2085091061946361, "gamma": 0.0588612910765134, "lamda": 0.027268138210010527}, "datetime": {"datetime": "2021-09-23 21:22:02", "elapsed": 284.222282, "delta": 2.006276}}
{"target": 0.9044277007160951, "params": {"C": 552.9329248218726, "epsilon": 0.4710866968149353, "gamma": 0.06067348889690649, "lamda": 0.30473691415270376}, "datetime": {"datetime": "2021-09-23 21:22:03", "elapsed": 285.526288, "delta": 1.304006}}
{"target": 0.9132114105697869, "params": {"C": 551.920952791669, "epsilon": 0.9957457242159313, "gamma": 0.03410370304809121, "lamda": 0.06971160003567652}, "datetime": {"datetime": "2021-09-23 21:22:04", "elapsed": 286.798282, "delta": 1.271994}}
{"target": 0.9224456426263679, "params": {"C": 552.9547498972674, "epsilon": 0.08872237324559781, "gamma": 0.05897714437157747, "lamda": 0.0839769493472243}, "datetime": {"datetime": "2021-09-23 21:22:06", "elapsed": 288.67816, "delta": 1.879878}}
{"target": 0.9206833407910595, "params": {"C": 553.1017175386983, "epsilon": 0.18047870863393842, "gamma": 0.02897491203699374, "lamda": 0.11333157008818223}, "datetime": {"datetime": "2021-09-23 21:22:08", "elapsed": 290.25234, "delta": 1.57418}}
{"target": 0.9257493049473527, "params": {"C": 555.5405712330986, "epsilon": 0.7271216514093313, "gamma": 0.05022876237151046, "lamda": 0.009139641312021801}, "datetime": {"datetime": "2021-09-23 21:22:10", "elapsed": 292.113271, "delta": 1.860931}}
{"target": 0.919554259943692, "params": {"C": 540.476633364396, "epsilon": 0.030774056317546806, "gamma": 0.0606091314142295, "lamda": 0.14341701847238147}, "datetime": {"datetime": "2021-09-23 21:22:12", "elapsed": 294.004313, "delta": 1.891042}}
{"target": 0.9099842319946523, "params": {"C": 512.9035350464683, "epsilon": 0.3990254428055038, "gamma": 0.04580886577930534, "lamda": 0.27796289631313376}, "datetime": {"datetime": "2021-09-23 21:22:13", "elapsed": 295.287443, "delta": 1.28313}}
{"target": 0.897013624402283, "params": {"C": 533.5531719688527, "epsilon": 0.5984587817127524, "gamma": 0.03314308659796798, "lamda": 0.32768291376103525}, "datetime": {"datetime": "2021-09-23 21:22:14", "elapsed": 296.493425, "delta": 1.205982}}
{"target": 0.9224481553640932, "params": {"C": 504.05735794348357, "epsilon": 0.23297910587617357, "gamma": 0.03630518469071057, "lamda": 0.11837326433242172}, "datetime": {"datetime": "2021-09-23 21:22:16", "elapsed": 298.319248, "delta": 1.825823}}
{"target": 0.9268016567920276, "params": {"C": 501.9960990076845, "epsilon": 0.08878745335623599, "gamma": 0.048220645980467554, "lamda": 0.088324804296767}, "datetime": {"datetime": "2021-09-23 21:22:18", "elapsed": 300.39468, "delta": 2.075432}}
{"target": 0.8963362367112583, "params": {"C": 563.0430477358723, "epsilon": 0.6790756925570854, "gamma": 0.06453993982117275, "lamda": 0.317068464075257}, "datetime": {"datetime": "2021-09-23 21:22:19", "elapsed": 301.634595, "delta": 1.239915}}
{"target": 0.9261234376615614, "params": {"C": 501.9328594764725, "epsilon": 0.10453635383131277, "gamma": 0.0420634713643126, "lamda": 0.13369716619626074}, "datetime": {"datetime": "2021-09-23 21:22:21", "elapsed": 303.555065, "delta": 1.92047}}
{"target": 0.9221161021941919, "params": {"C": 552.9938380309346, "epsilon": 0.2504973213089793, "gamma": 0.03860625582188123, "lamda": 0.007189630798295164}, "datetime": {"datetime": "2021-09-23 21:22:23", "elapsed": 305.556325, "delta": 2.00126}}
{"target": 0.9141357642376912, "params": {"C": 535.3157331789251, "epsilon": 0.21658840424194875, "gamma": 0.02881575997328912, "lamda": 0.22351033675314216}, "datetime": {"datetime": "2021-09-23 21:22:24", "elapsed": 306.759535, "delta": 1.20321}}
{"target": 0.9142539202895001, "params": {"C": 520.9336483088915, "epsilon": 0.6695675653721247, "gamma": 0.0660586324365274, "lamda": 0.0781986224354041}, "datetime": {"datetime": "2021-09-23 21:22:26", "elapsed": 308.111205, "delta": 1.35167}}
{"target": 0.9182230558690642, "params": {"C": 551.0649600087331, "epsilon": 0.8633449345826142, "gamma": 0.06328709019955386, "lamda": 0.036195078348426564}, "datetime": {"datetime": "2021-09-23 21:22:27", "elapsed": 309.476908, "delta": 1.365703}}
{"target": 0.9137535856656882, "params": {"C": 522.9331895051761, "epsilon": 0.088385509751615, "gamma": 0.06285809459770358, "lamda": 0.01564297975371847}, "datetime": {"datetime": "2021-09-23 21:22:29", "elapsed": 311.57652, "delta": 2.099612}}
{"target": 0.9256203252080302, "params": {"C": 553.306763165162, "epsilon": 0.04809496933565206, "gamma": 0.05171264563195935, "lamda": 0.158129664231159}, "datetime": {"datetime": "2021-09-23 21:22:31", "elapsed": 313.435162, "delta": 1.858642}}
{"target": 0.9083471192397142, "params": {"C": 570.5160816310969, "epsilon": 0.3855008869197727, "gamma": 0.029459514715263722, "lamda": 0.21789917067271516}, "datetime": {"datetime": "2021-09-23 21:22:33", "elapsed": 314.96972, "delta": 1.534558}}
{"target": 0.9211337937507269, "params": {"C": 504.06039805242517, "epsilon": 0.26978507353224157, "gamma": 0.06052149999535087, "lamda": 0.07821440664422406}, "datetime": {"datetime": "2021-09-23 21:22:34", "elapsed": 316.847371, "delta": 1.877651}}
{"target": 0.9190609701385314, "params": {"C": 501.96369805746735, "epsilon": 0.08470660159101698, "gamma": 0.06393136165615927, "lamda": 0.07537737666720438}, "datetime": {"datetime": "2021-09-23 21:22:36", "elapsed": 318.596593, "delta": 1.749222}}
{"target": 0.9265655277673265, "params": {"C": 501.94017852521813, "epsilon": 0.05470794788118428, "gamma": 0.04946724116715194, "lamda": 0.12248315234736908}, "datetime": {"datetime": "2021-09-23 21:22:39", "elapsed": 321.079739, "delta": 2.483146}}
{"target": 0.9247534362612466, "params": {"C": 501.86962216513655, "epsilon": 0.09054575816697462, "gamma": 0.03478994092380334, "lamda": 0.14499707301543885}, "datetime": {"datetime": "2021-09-23 21:22:40", "elapsed": 322.845483, "delta": 1.765744}}
{"target": 0.9012103862986565, "params": {"C": 501.95069998812176, "epsilon": 0.11900988946477467, "gamma": 0.014957902093708007, "lamda": 0.17940023381785797}, "datetime": {"datetime": "2021-09-23 21:22:42", "elapsed": 324.746086, "delta": 1.900603}}
{"target": 0.9236595946670785, "params": {"C": 504.07052857522234, "epsilon": 0.18305730690367106, "gamma": 0.03544348303600864, "lamda": 0.1100187693159312}, "datetime": {"datetime": "2021-09-23 21:22:44", "elapsed": 326.46755, "delta": 1.721464}}
{"target": 0.9202079223914944, "params": {"C": 511.1032972451245, "epsilon": 0.15432036299345203, "gamma": 0.05228636948022198, "lamda": 0.22113211627001497}, "datetime": {"datetime": "2021-09-23 21:22:45", "elapsed": 327.783153, "delta": 1.315603}}
{"target": 0.9200753018843826, "params": {"C": 555.58708071324, "epsilon": 0.7227708751733984, "gamma": 0.06364308874425247, "lamda": 0.016993926217868667}, "datetime": {"datetime": "2021-09-23 21:22:47", "elapsed": 329.515856, "delta": 1.732703}}
{"target": 0.9045544311368775, "params": {"C": 523.6658495506139, "epsilon": 0.8203224586898195, "gamma": 0.03468971127098242, "lamda": 0.16680464059172936}, "datetime": {"datetime": "2021-09-23 21:22:49", "elapsed": 330.992225, "delta": 1.476369}}
{"target": 0.9205247967279009, "params": {"C": 523.2564762815992, "epsilon": 0.12807431539065592, "gamma": 0.06374287810460712, "lamda": 0.1035729519916178}, "datetime": {"datetime": "2021-09-23 21:22:51", "elapsed": 333.085917, "delta": 2.093692}}
{"target": 0.8911959100377559, "params": {"C": 537.1491789766195, "epsilon": 0.789949519200054, "gamma": 0.055509346028482155, "lamda": 0.37012318832676455}, "datetime": {"datetime": "2021-09-23 21:22:52", "elapsed": 334.405515, "delta": 1.319598}}
{"target": 0.9147532348405703, "params": {"C": 511.4968812165572, "epsilon": 0.7038447656198701, "gamma": 0.04280147571250267, "lamda": 0.10507505443789188}, "datetime": {"datetime": "2021-09-23 21:22:53", "elapsed": 335.855123, "delta": 1.449608}}
{"target": 0.9182790449892397, "params": {"C": 553.1392892520043, "epsilon": 0.12901398731058894, "gamma": 0.027378904527926705, "lamda": 0.19663140838974907}, "datetime": {"datetime": "2021-09-23 21:22:56", "elapsed": 338.056751, "delta": 2.201628}}
{"target": 0.9212704841082214, "params": {"C": 577.1447896092388, "epsilon": 0.05169052639520533, "gamma": 0.02823118900322393, "lamda": 0.2515919488395395}, "datetime": {"datetime": "2021-09-23 21:22:59", "elapsed": 341.335214, "delta": 3.278463}}
{"target": 0.9193987429478304, "params": {"C": 555.5389517179741, "epsilon": 0.776593193931043, "gamma": 0.02426683081307461, "lamda": 0.006984187578855391}, "datetime": {"datetime": "2021-09-23 21:23:02", "elapsed": 343.991232, "delta": 2.656018}}
{"target": 0.9193752021827962, "params": {"C": 501.9217372719085, "epsilon": 0.06126064603685392, "gamma": 0.0646602595023299, "lamda": 0.1682042832498236}, "datetime": {"datetime": "2021-09-23 21:23:04", "elapsed": 345.914064, "delta": 1.922832}}
{"target": 0.914357000764924, "params": {"C": 539.6671626679273, "epsilon": 0.34247662385980226, "gamma": 0.04833521569363582, "lamda": 0.2236747338830141}, "datetime": {"datetime": "2021-09-23 21:23:05", "elapsed": 347.277251, "delta": 1.363187}}
{"target": 0.9183682286474766, "params": {"C": 553.0749592523605, "epsilon": 0.05935221757438197, "gamma": 0.024834143662107545, "lamda": 0.19945442807339622}, "datetime": {"datetime": "2021-09-23 21:23:07", "elapsed": 349.299098, "delta": 2.021847}}
{"target": 0.9159520137479084, "params": {"C": 540.4904842761182, "epsilon": 0.17779783884710287, "gamma": 0.07, "lamda": 0.16287403531593836}, "datetime": {"datetime": "2021-09-23 21:23:09", "elapsed": 351.750788, "delta": 2.45169}}
{"target": 0.9165360856347143, "params": {"C": 522.9559026259567, "epsilon": 0.12042166869763984, "gamma": 0.07, "lamda": 0.08702541511087927}, "datetime": {"datetime": "2021-09-23 21:23:12", "elapsed": 353.972027, "delta": 2.221239}}
{"target": 0.9109519970607133, "params": {"C": 510.55792162620077, "epsilon": 0.3521225589123351, "gamma": 0.06707401134491564, "lamda": 0.20546875555452276}, "datetime": {"datetime": "2021-09-23 21:23:13", "elapsed": 355.373302, "delta": 1.401275}}
{"target": 0.9149829915008909, "params": {"C": 540.3571556089773, "epsilon": 0.37285331333082794, "gamma": 0.040189437557264986, "lamda": 0.19011307631389732}, "datetime": {"datetime": "2021-09-23 21:23:14", "elapsed": 356.811736, "delta": 1.438434}}
{"target": 0.9016855638837038, "params": {"C": 523.0375275196759, "epsilon": 0.24892127596110863, "gamma": 0.015281369285972433, "lamda": 0.10008746821065094}, "datetime": {"datetime": "2021-09-23 21:23:16", "elapsed": 358.765736, "delta": 1.954}}
{"target": 0.8993866046883058, "params": {"C": 536.1102161329053, "epsilon": 0.7408649511284698, "gamma": 0.04927699645693644, "lamda": 0.28688367998786113}, "datetime": {"datetime": "2021-09-23 21:23:18", "elapsed": 360.354738, "delta": 1.589002}}
{"target": 0.9124691836501803, "params": {"C": 525.9616340700088, "epsilon": 0.9437229438946725, "gamma": 0.038127207173962986, "lamda": 0.0897471787714462}, "datetime": {"datetime": "2021-09-23 21:23:19", "elapsed": 361.822799, "delta": 1.468061}}
{"target": 0.9231633577480237, "params": {"C": 503.49182559550326, "epsilon": 0.9133342829609084, "gamma": 0.02915695429644182, "lamda": 0.009357343746428139}, "datetime": {"datetime": "2021-09-23 21:23:21", "elapsed": 363.380803, "delta": 1.558004}}
{"target": 0.9170211739887731, "params": {"C": 522.6438057889719, "epsilon": 0.05080396200645276, "gamma": 0.06582959550161746, "lamda": 0.10509931296807659}, "datetime": {"datetime": "2021-09-23 21:23:23", "elapsed": 365.043797, "delta": 1.662994}}
{"target": 0.8999791921896837, "params": {"C": 576.7290743568708, "epsilon": 0.8797423321565119, "gamma": 0.05146519184214646, "lamda": 0.23524150766979834}, "datetime": {"datetime": "2021-09-23 21:23:24", "elapsed": 366.437798, "delta": 1.394001}}
{"target": 0.9086469187566548, "params": {"C": 540.4510722123609, "epsilon": 0.21263554679867733, "gamma": 0.018330782875400214, "lamda": 0.08220828741278646}, "datetime": {"datetime": "2021-09-23 21:23:26", "elapsed": 368.726798, "delta": 2.289}}
{"target": 0.9242159590268043, "params": {"C": 502.0554336460569, "epsilon": 0.12836856546324601, "gamma": 0.04685507505195487, "lamda": 0.16742052937564647}, "datetime": {"datetime": "2021-09-23 21:23:29", "elapsed": 371.020251, "delta": 2.293453}}
{"target": 0.8989719822429352, "params": {"C": 535.9063833591899, "epsilon": 0.8951615020471819, "gamma": 0.05446315628752793, "lamda": 0.23937532878438053}, "datetime": {"datetime": "2021-09-23 21:23:30", "elapsed": 372.480075, "delta": 1.459824}}
{"target": 0.9201331044820408, "params": {"C": 553.0339395987075, "epsilon": 0.07084334760023983, "gamma": 0.06354204150042321, "lamda": 0.14824698185819768}, "datetime": {"datetime": "2021-09-23 21:23:33", "elapsed": 375.00138, "delta": 2.521305}}
{"target": 0.9257066870141467, "params": {"C": 501.9571754914705, "epsilon": 0.136328142400135, "gamma": 0.03732190250316517, "lamda": 0.09801104261358236}, "datetime": {"datetime": "2021-09-23 21:23:35", "elapsed": 377.173237, "delta": 2.171857}}
{"target": 0.9221263921533657, "params": {"C": 553.0426886638461, "epsilon": 0.11975818065858877, "gamma": 0.0387842332571652, "lamda": 0.24319016069291632}, "datetime": {"datetime": "2021-09-23 21:23:37", "elapsed": 379.449717, "delta": 2.27648}}
{"target": 0.8969308582414117, "params": {"C": 533.1813710981359, "epsilon": 0.8502758109313171, "gamma": 0.032090055542956984, "lamda": 0.22905468124487088}, "datetime": {"datetime": "2021-09-23 21:23:39", "elapsed": 380.879018, "delta": 1.429301}}
{"target": 0.9195680683777138, "params": {"C": 544.9748977968429, "epsilon": 0.4971386422732227, "gamma": 0.03649268505245355, "lamda": 0.08018199867722609}, "datetime": {"datetime": "2021-09-23 21:23:41", "elapsed": 383.520559, "delta": 2.641541}}
{"target": 0.9225982606146923, "params": {"C": 502.0485897270505, "epsilon": 0.10811299419129154, "gamma": 0.052676330449271426, "lamda": 0.21009805194307865}, "datetime": {"datetime": "2021-09-23 21:23:44", "elapsed": 386.149562, "delta": 2.629003}}
{"target": 0.9228909919474458, "params": {"C": 552.9898925537019, "epsilon": 0.2178262590690384, "gamma": 0.02803714363536968, "lamda": 0.041985701149759046}, "datetime": {"datetime": "2021-09-23 21:23:46", "elapsed": 388.238561, "delta": 2.088999}}
{"target": 0.9144258014786437, "params": {"C": 599.1161038681121, "epsilon": 0.47516726752733274, "gamma": 0.05020229908491138, "lamda": 0.16036163556033758}, "datetime": {"datetime": "2021-09-23 21:23:47", "elapsed": 389.818336, "delta": 1.579775}}
{"target": 0.9182168040233898, "params": {"C": 504.0556352449668, "epsilon": 0.1928605229760801, "gamma": 0.06766939209005518, "lamda": 0.09511091298299307}, "datetime": {"datetime": "2021-09-23 21:23:51", "elapsed": 392.917549, "delta": 3.099213}}
{"target": 0.9044167910164839, "params": {"C": 508.1990327607011, "epsilon": 0.397653628414109, "gamma": 0.04994007094399021, "lamda": 0.3947241549288147}, "datetime": {"datetime": "2021-09-23 21:23:52", "elapsed": 394.345329, "delta": 1.42778}}
{"target": 0.9170346938143843, "params": {"C": 523.2346667651045, "epsilon": 0.051404830540025176, "gamma": 0.0658908259638816, "lamda": 0.10853930934480004}, "datetime": {"datetime": "2021-09-23 21:23:54", "elapsed": 396.074805, "delta": 1.729476}}
{"target": 0.9130821180729006, "params": {"C": 561.3771724127378, "epsilon": 0.5722211241370625, "gamma": 0.029487777381235973, "lamda": 0.09800763679835299}, "datetime": {"datetime": "2021-09-23 21:23:56", "elapsed": 398.385535, "delta": 2.31073}}
