{"target": -2.1357911695623812, "params": {"C": 378.6187512942629, "epsilon": 0.687772811959239, "gamma": 0.03505969862820443, "lamda": 0.16014632156799347}, "datetime": {"datetime": "2021-09-23 14:32:20", "elapsed": 192.720834, "delta": 1.004266}}
{"target": -1.9904504653888653, "params": {"C": 314.35889444158335, "epsilon": 0.2362983232402858, "gamma": 0.0482947864458704, "lamda": 0.017666398567446465}, "datetime": {"datetime": "2021-09-23 14:32:21", "elapsed": 193.954833, "delta": 1.233999}}
{"target": -1.9223291906714741, "params": {"C": 368.33523879510034, "epsilon": 0.44314549748330556, "gamma": 0.03814096663759446, "lamda": 0.03385072898735998}, "datetime": {"datetime": "2021-09-23 14:32:23", "elapsed": 195.42794, "delta": 1.473107}}
{"target": -1.9331215149044074, "params": {"C": 279.72999981217004, "epsilon": 0.4735870858434421, "gamma": 0.04834913627275206, "lamda": 0.03691301404074177}, "datetime": {"datetime": "2021-09-23 14:32:24", "elapsed": 196.496331, "delta": 1.068391}}
{"target": -1.9874958061827248, "params": {"C": 385.8094074280365, "epsilon": 0.49722040935306255, "gamma": 0.03353739207030659, "lamda": 0.05789158490883554}, "datetime": {"datetime": "2021-09-23 14:32:25", "elapsed": 197.427332, "delta": 0.931001}}
{"target": -1.9170572255806178, "params": {"C": 268.9349462007936, "epsilon": 0.4281262446244385, "gamma": 0.03872339707310189, "lamda": 0.029546971137789906}, "datetime": {"datetime": "2021-09-23 14:32:26", "elapsed": 198.478505, "delta": 1.051173}}
{"target": -1.9340513565652722, "params": {"C": 314.5427855430179, "epsilon": 0.21100517454237602, "gamma": 0.03203646067419441, "lamda": 0.033873449686606966}, "datetime": {"datetime": "2021-09-23 14:32:27", "elapsed": 200.113683, "delta": 1.635178}}
{"target": -1.962670830876121, "params": {"C": 314.4956379353425, "epsilon": 0.10024795231978137, "gamma": 0.0420986633370216, "lamda": 0.04147014210370528}, "datetime": {"datetime": "2021-09-23 14:32:29", "elapsed": 201.560054, "delta": 1.446371}}
{"target": -1.9676056543628861, "params": {"C": 268.9830150067859, "epsilon": 0.48404266157541953, "gamma": 0.032777547536663024, "lamda": 0.05436494613548444}, "datetime": {"datetime": "2021-09-23 14:32:30", "elapsed": 202.784122, "delta": 1.224068}}
{"target": -1.9280746588020732, "params": {"C": 314.36548877269064, "epsilon": 0.10559703554077135, "gamma": 0.03825572030269624, "lamda": 0.07089606390092909}, "datetime": {"datetime": "2021-09-23 14:32:31", "elapsed": 204.078742, "delta": 1.29462}}
{"target": -1.9232407260459816, "params": {"C": 298.54415998572074, "epsilon": 0.7959994707679363, "gamma": 0.040831695120234365, "lamda": 0.020153705041794694}, "datetime": {"datetime": "2021-09-23 14:32:33", "elapsed": 205.488441, "delta": 1.409699}}
{"target": -2.1392518129555387, "params": {"C": 291.9842964958892, "epsilon": 0.6172678646452165, "gamma": 0.03846319681269529, "lamda": 0.1952331574328539}, "datetime": {"datetime": "2021-09-23 14:32:34", "elapsed": 206.473812, "delta": 0.985371}}
{"target": -1.9948539105605894, "params": {"C": 368.40885108791576, "epsilon": 0.502966461997844, "gamma": 0.044492523846300716, "lamda": 0.06849444450462885}, "datetime": {"datetime": "2021-09-23 14:32:35", "elapsed": 208.241335, "delta": 1.767523}}
{"target": -1.9866450111859826, "params": {"C": 314.55103731850426, "epsilon": 0.27766899047887517, "gamma": 0.04845397292633975, "lamda": 0.1211160871423037}, "datetime": {"datetime": "2021-09-23 14:32:37", "elapsed": 209.799335, "delta": 1.558}}
{"target": -1.9539867394916437, "params": {"C": 269.0009307208455, "epsilon": 0.3820185682148448, "gamma": 0.03, "lamda": 0.015}, "datetime": {"datetime": "2021-09-23 14:32:39", "elapsed": 211.874337, "delta": 2.075002}}
{"target": -2.0193669324726655, "params": {"C": 368.2231122169713, "epsilon": 0.47511966030779007, "gamma": 0.031042029551163672, "lamda": 0.07088569634656922}, "datetime": {"datetime": "2021-09-23 14:32:40", "elapsed": 213.149338, "delta": 1.275001}}
{"target": -2.0946669883150735, "params": {"C": 323.3244069199519, "epsilon": 0.7083602840299935, "gamma": 0.04908698484751661, "lamda": 0.13806003916214804}, "datetime": {"datetime": "2021-09-23 14:32:41", "elapsed": 214.113336, "delta": 0.963998}}
{"target": -1.949053900438396, "params": {"C": 275.63810618312374, "epsilon": 0.2049339128776586, "gamma": 0.032265778737593134, "lamda": 0.026913100224390307}, "datetime": {"datetime": "2021-09-23 14:32:43", "elapsed": 215.598335, "delta": 1.484999}}
{"target": -1.9941858767001663, "params": {"C": 389.30385400648896, "epsilon": 0.2866795681990044, "gamma": 0.03764784601263791, "lamda": 0.1121573155285928}, "datetime": {"datetime": "2021-09-23 14:32:44", "elapsed": 216.586336, "delta": 0.988001}}
{"target": -1.9189788988353933, "params": {"C": 346.30796795485975, "epsilon": 0.7252166208215658, "gamma": 0.035473165356230664, "lamda": 0.015854108484934015}, "datetime": {"datetime": "2021-09-23 14:32:45", "elapsed": 217.591337, "delta": 1.005001}}
{"target": -2.064810206842473, "params": {"C": 347.049701144088, "epsilon": 0.6237346036433867, "gamma": 0.03767043154862206, "lamda": 0.10950248603286213}, "datetime": {"datetime": "2021-09-23 14:32:46", "elapsed": 218.767339, "delta": 1.176002}}
{"target": -2.0709640580908335, "params": {"C": 346.41024228468837, "epsilon": 0.6602112188594595, "gamma": 0.030154796590844506, "lamda": 0.0789067496925039}, "datetime": {"datetime": "2021-09-23 14:32:48", "elapsed": 220.560334, "delta": 1.792995}}
{"target": -1.9273416593746042, "params": {"C": 305.2719864173612, "epsilon": 0.13005247914191204, "gamma": 0.03607983232222942, "lamda": 0.0625218822158085}, "datetime": {"datetime": "2021-09-23 14:32:49", "elapsed": 221.908336, "delta": 1.348002}}
{"target": -1.9625424924613522, "params": {"C": 305.25175638728143, "epsilon": 0.1693814209773336, "gamma": 0.0432516715091015, "lamda": 0.14973984507364985}, "datetime": {"datetime": "2021-09-23 14:32:50", "elapsed": 223.266339, "delta": 1.358003}}
{"target": -1.9644308232893628, "params": {"C": 305.3403889639117, "epsilon": 0.2160988224896966, "gamma": 0.036527957271571966, "lamda": 0.01683569997392457}, "datetime": {"datetime": "2021-09-23 14:32:52", "elapsed": 225.037336, "delta": 1.770997}}
{"target": -1.9328060386701007, "params": {"C": 260.3180465945956, "epsilon": 0.23969990543720252, "gamma": 0.0407729190805598, "lamda": 0.02855328047766633}, "datetime": {"datetime": "2021-09-23 14:32:54", "elapsed": 226.446337, "delta": 1.409001}}
{"target": -2.0015482737417014, "params": {"C": 346.2313205551552, "epsilon": 0.6611213112802461, "gamma": 0.030847316926906804, "lamda": 0.044791369034462195}, "datetime": {"datetime": "2021-09-23 14:32:56", "elapsed": 228.427335, "delta": 1.980998}}
{"target": -1.9425962005243251, "params": {"C": 279.66711118224873, "epsilon": 0.38738830114999123, "gamma": 0.03837325024716914, "lamda": 0.05858250316071046}, "datetime": {"datetime": "2021-09-23 14:32:57", "elapsed": 229.669339, "delta": 1.242004}}
{"target": -1.9826518765670926, "params": {"C": 265.64046182415893, "epsilon": 0.19075143272797251, "gamma": 0.03, "lamda": 0.015}, "datetime": {"datetime": "2021-09-23 14:32:59", "elapsed": 231.602339, "delta": 1.933}}
{"target": -2.0752652386142585, "params": {"C": 314.82833761561733, "epsilon": 0.6959752940881854, "gamma": 0.039970256469401624, "lamda": 0.11621057419337737}, "datetime": {"datetime": "2021-09-23 14:33:00", "elapsed": 232.652335, "delta": 1.049996}}
{"target": -2.044739175026501, "params": {"C": 376.33839052394376, "epsilon": 0.3635036085619038, "gamma": 0.049751295743762275, "lamda": 0.17274720791331194}, "datetime": {"datetime": "2021-09-23 14:33:01", "elapsed": 233.608337, "delta": 0.956002}}
{"target": -2.0444672346912798, "params": {"C": 268.92228958938387, "epsilon": 0.4107214892874926, "gamma": 0.03, "lamda": 0.10726663427848548}, "datetime": {"datetime": "2021-09-23 14:33:02", "elapsed": 235.081337, "delta": 1.473}}
{"target": -2.0954854098728384, "params": {"C": 357.64593732951187, "epsilon": 0.6555045024318795, "gamma": 0.04359297612195317, "lamda": 0.14949660286506983}, "datetime": {"datetime": "2021-09-23 14:33:03", "elapsed": 236.119335, "delta": 1.037998}}
{"target": -1.9245861826402588, "params": {"C": 346.2679066108685, "epsilon": 0.7838199521010445, "gamma": 0.041316657275430047, "lamda": 0.0190113180842442}, "datetime": {"datetime": "2021-09-23 14:33:05", "elapsed": 237.767337, "delta": 1.648002}}
{"target": -1.9543246920338952, "params": {"C": 275.6280217490636, "epsilon": 0.06672191393100392, "gamma": 0.03, "lamda": 0.18012241826975633}, "datetime": {"datetime": "2021-09-23 14:33:07", "elapsed": 239.350338, "delta": 1.583001}}
{"target": -2.0574070833593425, "params": {"C": 279.68265108265587, "epsilon": 0.43664939728177876, "gamma": 0.04857742476951625, "lamda": 0.16488968100357182}, "datetime": {"datetime": "2021-09-23 14:33:08", "elapsed": 240.635334, "delta": 1.284996}}
{"target": -1.95621481258877, "params": {"C": 267.8025715589418, "epsilon": 0.42281246865767597, "gamma": 0.046941305710222044, "lamda": 0.0629706351229499}, "datetime": {"datetime": "2021-09-23 14:33:09", "elapsed": 241.868337, "delta": 1.233003}}
{"target": -1.9497886236257613, "params": {"C": 279.63086319548813, "epsilon": 0.4760481871901428, "gamma": 0.03, "lamda": 0.015}, "datetime": {"datetime": "2021-09-23 14:33:11", "elapsed": 243.674334, "delta": 1.805997}}
{"target": -1.948473486646257, "params": {"C": 263.13463514672264, "epsilon": 0.11426812809591852, "gamma": 0.031027537647131415, "lamda": 0.14254497008285522}, "datetime": {"datetime": "2021-09-23 14:33:13", "elapsed": 245.483338, "delta": 1.809004}}
{"target": -1.9580831258619753, "params": {"C": 349.5107707467817, "epsilon": 0.2045571996653502, "gamma": 0.04236497372754063, "lamda": 0.02293644078715828}, "datetime": {"datetime": "2021-09-23 14:33:15", "elapsed": 247.308338, "delta": 1.825}}
{"target": -1.9569972435633578, "params": {"C": 340.98530976257365, "epsilon": 0.1922210749415158, "gamma": 0.048734201722966275, "lamda": 0.10433951059389404}, "datetime": {"datetime": "2021-09-23 14:33:16", "elapsed": 248.394335, "delta": 1.085997}}
{"target": -1.937860497593478, "params": {"C": 314.88088746283796, "epsilon": 0.045285584750217, "gamma": 0.036548874245120176, "lamda": 0.12355849489648679}, "datetime": {"datetime": "2021-09-23 14:33:17", "elapsed": 249.648337, "delta": 1.254002}}
{"target": -1.960434585628425, "params": {"C": 330.65346700203645, "epsilon": 0.17279629759904258, "gamma": 0.030897972269733773, "lamda": 0.11926333897573467}, "datetime": {"datetime": "2021-09-23 14:33:18", "elapsed": 250.685333, "delta": 1.036996}}
{"target": -1.9169611560895057, "params": {"C": 314.92200596866513, "epsilon": 0.13261099154654077, "gamma": 0.041512329324090366, "lamda": 0.10136907334050703}, "datetime": {"datetime": "2021-09-23 14:33:20", "elapsed": 252.634335, "delta": 1.949002}}
{"target": -1.9945599560235197, "params": {"C": 388.83366307380726, "epsilon": 0.46145038573483854, "gamma": 0.03657753101226105, "lamda": 0.07004402377948543}, "datetime": {"datetime": "2021-09-23 14:33:21", "elapsed": 253.736359, "delta": 1.102024}}
{"target": -1.9309044968614717, "params": {"C": 314.98024169803966, "epsilon": 0.05459439646614252, "gamma": 0.04406203569039945, "lamda": 0.15823771482761417}, "datetime": {"datetime": "2021-09-23 14:33:22", "elapsed": 255.243337, "delta": 1.506978}}
{"target": -1.9550471608691442, "params": {"C": 314.92212647020847, "epsilon": 0.12563358243185807, "gamma": 0.034091734674600783, "lamda": 0.17428978726474814}, "datetime": {"datetime": "2021-09-23 14:33:24", "elapsed": 256.55786, "delta": 1.314523}}
{"target": -1.9391192901778336, "params": {"C": 346.3450883083259, "epsilon": 0.7936811658809227, "gamma": 0.04697925630940791, "lamda": 0.02023291331037564}, "datetime": {"datetime": "2021-09-23 14:33:26", "elapsed": 258.691862, "delta": 2.134002}}
{"target": -2.0334592239813736, "params": {"C": 292.57013303190655, "epsilon": 0.3393513947111786, "gamma": 0.03, "lamda": 0.11464492725987299}, "datetime": {"datetime": "2021-09-23 14:33:28", "elapsed": 260.27686, "delta": 1.584998}}
{"target": -1.9587326282487707, "params": {"C": 314.9300918799236, "epsilon": 0.12399038609031879, "gamma": 0.04009861096456914, "lamda": 0.1855666079874938}, "datetime": {"datetime": "2021-09-23 14:33:29", "elapsed": 261.296859, "delta": 1.019999}}
{"target": -1.9147594211736922, "params": {"C": 314.8145006442211, "epsilon": 0.1472756287873518, "gamma": 0.039205893797441924, "lamda": 0.06944507057461842}, "datetime": {"datetime": "2021-09-23 14:33:30", "elapsed": 263.268859, "delta": 1.972}}
{"target": -1.9504407169455056, "params": {"C": 314.8879375651968, "epsilon": 0.20261519220194574, "gamma": 0.03898087692948279, "lamda": 0.02250645560541896}, "datetime": {"datetime": "2021-09-23 14:33:32", "elapsed": 264.851859, "delta": 1.583}}
{"target": -1.9282150498391377, "params": {"C": 314.73268617945945, "epsilon": 0.1296382462448265, "gamma": 0.03742628824434523, "lamda": 0.05324568096613379}, "datetime": {"datetime": "2021-09-23 14:33:34", "elapsed": 266.609859, "delta": 1.758}}
{"target": -1.960021636944792, "params": {"C": 314.99620470876044, "epsilon": 0.11586023694069454, "gamma": 0.037771508613299073, "lamda": 0.03185437344864568}, "datetime": {"datetime": "2021-09-23 14:33:36", "elapsed": 268.848862, "delta": 2.239003}}
{"target": -1.9135395689548538, "params": {"C": 314.73848037686935, "epsilon": 0.2643841626728428, "gamma": 0.03870350886263442, "lamda": 0.040332275769030174}, "datetime": {"datetime": "2021-09-23 14:33:38", "elapsed": 270.42486, "delta": 1.575998}}
{"target": -2.014475153837705, "params": {"C": 314.7409080190869, "epsilon": 0.19569924597094937, "gamma": 0.03219911444706475, "lamda": 0.17714578094014927}, "datetime": {"datetime": "2021-09-23 14:33:39", "elapsed": 271.964861, "delta": 1.540001}}
{"target": -1.9788435717201125, "params": {"C": 314.6491646416325, "epsilon": 0.1565160509423043, "gamma": 0.03963381358235327, "lamda": 0.015767512452469944}, "datetime": {"datetime": "2021-09-23 14:33:41", "elapsed": 273.85986, "delta": 1.894999}}
{"target": -1.9301018358769622, "params": {"C": 342.3687055187054, "epsilon": 0.5068223014534576, "gamma": 0.044700061424359096, "lamda": 0.01868590653557968}, "datetime": {"datetime": "2021-09-23 14:33:42", "elapsed": 274.937861, "delta": 1.078001}}
{"target": -2.1410013601506406, "params": {"C": 279.2419358246161, "epsilon": 0.725901996094711, "gamma": 0.032167166447712, "lamda": 0.14448274174250852}, "datetime": {"datetime": "2021-09-23 14:33:43", "elapsed": 276.037861, "delta": 1.1}}
{"target": -1.9521363024279834, "params": {"C": 314.8169119965632, "epsilon": 0.29774227557354993, "gamma": 0.04736163596865933, "lamda": 0.07320533691425027}, "datetime": {"datetime": "2021-09-23 14:33:45", "elapsed": 277.531863, "delta": 1.494002}}
{"target": -1.9342605090771972, "params": {"C": 368.3830162210207, "epsilon": 0.36991377686864424, "gamma": 0.03281386182805246, "lamda": 0.045508035986312284}, "datetime": {"datetime": "2021-09-23 14:33:47", "elapsed": 279.694859, "delta": 2.162996}}
{"target": -2.018860608976532, "params": {"C": 342.4113122295319, "epsilon": 0.6113663043823215, "gamma": 0.0385411773773321, "lamda": 0.06841394831870926}, "datetime": {"datetime": "2021-09-23 14:33:49", "elapsed": 282.00886, "delta": 2.314001}}
{"target": -2.0053565464025547, "params": {"C": 314.91910689420996, "epsilon": 0.030283441205411515, "gamma": 0.04472228985081496, "lamda": 0.04507736769803847}, "datetime": {"datetime": "2021-09-23 14:33:51", "elapsed": 284.19638, "delta": 2.18752}}
{"target": -1.9419667819683015, "params": {"C": 382.635744696127, "epsilon": 0.6964829690111387, "gamma": 0.03205849955257493, "lamda": 0.02445256301448808}, "datetime": {"datetime": "2021-09-23 14:33:53", "elapsed": 285.391382, "delta": 1.195002}}
{"target": -1.9345222919553553, "params": {"C": 310.5546965352997, "epsilon": 0.040265952226791545, "gamma": 0.040238350963227656, "lamda": 0.16279706677277272}, "datetime": {"datetime": "2021-09-23 14:33:54", "elapsed": 286.635376, "delta": 1.243994}}
{"target": -1.938529863442349, "params": {"C": 314.88415674306236, "epsilon": 0.05506859641422393, "gamma": 0.04166719465117011, "lamda": 0.12506475172565035}, "datetime": {"datetime": "2021-09-23 14:33:55", "elapsed": 287.860378, "delta": 1.225002}}
{"target": -1.9251299802439863, "params": {"C": 314.77472100722065, "epsilon": 0.2124174196813591, "gamma": 0.03349677278521104, "lamda": 0.07138837500996714}, "datetime": {"datetime": "2021-09-23 14:33:57", "elapsed": 289.993377, "delta": 2.132999}}
{"target": -1.9258331151137322, "params": {"C": 314.6845397197245, "epsilon": 0.335380363115127, "gamma": 0.04063870504722452, "lamda": 0.0505534738804161}, "datetime": {"datetime": "2021-09-23 14:33:59", "elapsed": 291.810381, "delta": 1.817004}}
{"target": -1.9533803781550865, "params": {"C": 315.0426749607087, "epsilon": 0.13370219449019527, "gamma": 0.04416057592478269, "lamda": 0.15725917483284613}, "datetime": {"datetime": "2021-09-23 14:34:01", "elapsed": 293.942377, "delta": 2.131996}}
{"target": -1.9497681906742093, "params": {"C": 314.4573839852662, "epsilon": 0.1854494394701929, "gamma": 0.0371802364021391, "lamda": 0.024474454469928818}, "datetime": {"datetime": "2021-09-23 14:34:04", "elapsed": 296.378381, "delta": 2.436004}}
{"target": -1.9899484039503625, "params": {"C": 305.30636550504306, "epsilon": 0.04124473779004376, "gamma": 0.04454900668489287, "lamda": 0.06927608676592797}, "datetime": {"datetime": "2021-09-23 14:34:06", "elapsed": 298.311379, "delta": 1.932998}}
{"target": -1.9468446616215387, "params": {"C": 298.61906425730217, "epsilon": 0.7893407303883757, "gamma": 0.034187729894893465, "lamda": 0.028166450643543367}, "datetime": {"datetime": "2021-09-23 14:34:08", "elapsed": 300.458378, "delta": 2.146999}}
{"target": -1.9376471985700296, "params": {"C": 309.76984166673964, "epsilon": 0.06440755942353786, "gamma": 0.03213435239678093, "lamda": 0.11476436542763362}, "datetime": {"datetime": "2021-09-23 14:34:10", "elapsed": 302.660907, "delta": 2.202529}}
{"target": -1.924544713131882, "params": {"C": 305.19326060692407, "epsilon": 0.18093635736497765, "gamma": 0.03727254053338555, "lamda": 0.04757016318090515}, "datetime": {"datetime": "2021-09-23 14:34:14", "elapsed": 307.107902, "delta": 2.686998}}
{"target": -1.9604017735857893, "params": {"C": 314.3689698494063, "epsilon": 0.18554628452704952, "gamma": 0.04857172493228679, "lamda": 0.12235482125403814}, "datetime": {"datetime": "2021-09-23 14:34:18", "elapsed": 310.278907, "delta": 3.171005}}
{"target": -1.957596258089693, "params": {"C": 268.95000724986636, "epsilon": 0.12721902294275647, "gamma": 0.03622438949222736, "lamda": 0.19228409260656887}, "datetime": {"datetime": "2021-09-23 14:34:20", "elapsed": 312.650907, "delta": 2.372}}
{"target": -1.921699750427149, "params": {"C": 342.27999486512226, "epsilon": 0.47778289263460194, "gamma": 0.03304811320815718, "lamda": 0.02142717339718707}, "datetime": {"datetime": "2021-09-23 14:34:23", "elapsed": 315.755429, "delta": 3.104522}}
{"target": -1.9621897881407544, "params": {"C": 305.20737197466735, "epsilon": 0.27661366859659925, "gamma": 0.03, "lamda": 0.015}, "datetime": {"datetime": "2021-09-23 14:34:25", "elapsed": 318.163009, "delta": 2.40758}}
{"target": -2.016351731468227, "params": {"C": 278.06494906505554, "epsilon": 0.32293772263942055, "gamma": 0.04193628859310178, "lamda": 0.14341638049606453}, "datetime": {"datetime": "2021-09-23 14:34:27", "elapsed": 319.453061, "delta": 1.290052}}
{"target": -2.082740812591543, "params": {"C": 306.97444075639373, "epsilon": 0.4812507854833189, "gamma": 0.03771436219932266, "lamda": 0.16646952141802385}, "datetime": {"datetime": "2021-09-23 14:34:28", "elapsed": 320.857718, "delta": 1.404657}}
{"target": -1.9655567763841102, "params": {"C": 305.13119983713545, "epsilon": 0.12080114831806452, "gamma": 0.034202003323073146, "lamda": 0.029668334389629337}, "datetime": {"datetime": "2021-09-23 14:34:30", "elapsed": 322.712086, "delta": 1.854368}}
{"target": -1.9547552845316556, "params": {"C": 292.6697482429984, "epsilon": 0.27414737580777915, "gamma": 0.040975380396284886, "lamda": 0.01666479185229557}, "datetime": {"datetime": "2021-09-23 14:34:32", "elapsed": 324.97564, "delta": 2.263554}}
{"target": -1.9289317246606221, "params": {"C": 262.8542863577378, "epsilon": 0.07520045211737303, "gamma": 0.04126571872181365, "lamda": 0.09950722172897067}, "datetime": {"datetime": "2021-09-23 14:34:33", "elapsed": 326.234638, "delta": 1.258998}}
{"target": -1.9220718654090228, "params": {"C": 316.6995823957104, "epsilon": 0.14044789377245515, "gamma": 0.038834960880539005, "lamda": 0.1055263653149299}, "datetime": {"datetime": "2021-09-23 14:34:36", "elapsed": 328.38559, "delta": 2.150952}}
{"target": -2.011295570233316, "params": {"C": 342.2245738176884, "epsilon": 0.5196536302780068, "gamma": 0.040722081721567986, "lamda": 0.0774667754451601}, "datetime": {"datetime": "2021-09-23 14:34:38", "elapsed": 330.467463, "delta": 2.081873}}
{"target": -1.944891696953841, "params": {"C": 309.4420264504952, "epsilon": 0.17811656831577377, "gamma": 0.03627191999109637, "lamda": 0.11816895313115612}, "datetime": {"datetime": "2021-09-23 14:34:39", "elapsed": 331.786213, "delta": 1.31875}}
{"target": -1.9637053045358668, "params": {"C": 289.3071076324481, "epsilon": 0.5376979642644701, "gamma": 0.0486862108121758, "lamda": 0.05079384749511218}, "datetime": {"datetime": "2021-09-23 14:34:40", "elapsed": 333.1909, "delta": 1.404687}}
{"target": -1.9419084126894612, "params": {"C": 342.3409815983813, "epsilon": 0.4118015880667357, "gamma": 0.03, "lamda": 0.015}, "datetime": {"datetime": "2021-09-23 14:34:43", "elapsed": 335.348696, "delta": 2.157796}}
