{"target": -2.0402981224003587, "params": {"C": 548.9941611894336, "epsilon": 0.24902189705313618, "gamma": 0.03829807542980801, "lamda": 0.19622725122332035}, "datetime": {"datetime": "2021-09-23 15:03:05", "elapsed": 808.097059, "delta": 2.256002}}
{"target": -1.9916660276758822, "params": {"C": 493.7762093931796, "epsilon": 0.18144498218509295, "gamma": 0.04011327660309192, "lamda": 0.016869863721194315}, "datetime": {"datetime": "2021-09-23 15:03:09", "elapsed": 812.020064, "delta": 3.923005}}
{"target": -1.9235987752776702, "params": {"C": 468.53442938906903, "epsilon": 0.06576311006494542, "gamma": 0.04155248713584389, "lamda": 0.14714339607202642}, "datetime": {"datetime": "2021-09-23 15:03:14", "elapsed": 817.051584, "delta": 5.03152}}
{"target": -1.9275023038276915, "params": {"C": 493.72618569560075, "epsilon": 0.06744562990593518, "gamma": 0.03200298299691353, "lamda": 0.15129630824314316}, "datetime": {"datetime": "2021-09-23 15:03:20", "elapsed": 822.389587, "delta": 5.338003}}
{"target": -1.9320757943010733, "params": {"C": 469.4040841472679, "epsilon": 0.2596800097717873, "gamma": 0.03521400538329764, "lamda": 0.022909455431806523}, "datetime": {"datetime": "2021-09-23 15:03:22", "elapsed": 824.518583, "delta": 2.128996}}
{"target": -2.1446307893917176, "params": {"C": 411.68088106936494, "epsilon": 0.7012702429454842, "gamma": 0.03605685766429017, "lamda": 0.1683071518057513}, "datetime": {"datetime": "2021-09-23 15:03:24", "elapsed": 826.699584, "delta": 2.181001}}
{"target": -1.9937251500514137, "params": {"C": 493.73318527403916, "epsilon": 0.14155838783022928, "gamma": 0.03007033218319405, "lamda": 0.16345699679293774}, "datetime": {"datetime": "2021-09-23 15:03:28", "elapsed": 830.325588, "delta": 3.626004}}
{"target": -1.967086451897233, "params": {"C": 493.81736723049477, "epsilon": 0.07424521323943778, "gamma": 0.033140162470764775, "lamda": 0.0381173759378267}, "datetime": {"datetime": "2021-09-23 15:03:31", "elapsed": 834.170298, "delta": 3.84471}}
{"target": -2.1006716319093606, "params": {"C": 579.9962260764876, "epsilon": 0.6286379661161681, "gamma": 0.03806328682901249, "lamda": 0.15012632667815917}, "datetime": {"datetime": "2021-09-23 15:03:34", "elapsed": 836.520672, "delta": 2.350374}}
{"target": -1.9426816460564114, "params": {"C": 654.2641286533492, "epsilon": 0.045979001006739156, "gamma": 0.04267296469852551, "lamda": 0.1535287182696432}, "datetime": {"datetime": "2021-09-23 15:13:48", "elapsed": 0.0, "delta": 0.0}}
{"target": -2.0149330671210457, "params": {"C": 599.7014024605181, "epsilon": 0.2030934170587527, "gamma": 0.033961257295192476, "lamda": 0.15569818175680739}, "datetime": {"datetime": "2021-09-23 15:13:48", "elapsed": 0.309003, "delta": 0.309003}}
{"target": -1.978132998812608, "params": {"C": 533.8221673125071, "epsilon": 0.09802165691398791, "gamma": 0.04370719636735595, "lamda": 0.19137776904606324}, "datetime": {"datetime": "2021-09-23 15:13:49", "elapsed": 0.620004, "delta": 0.311001}}
{"target": -2.034517027166396, "params": {"C": 500.7896532655829, "epsilon": 0.424388042807048, "gamma": 0.04625241923304227, "lamda": 0.1283173223634368}, "datetime": {"datetime": "2021-09-23 15:13:49", "elapsed": 0.895864, "delta": 0.27586}}
{"target": -2.0112035642219404, "params": {"C": 644.3510634863599, "epsilon": 0.25474457249138754, "gamma": 0.04835548245025887, "lamda": 0.14719651992857274}, "datetime": {"datetime": "2021-09-23 15:13:49", "elapsed": 1.227125, "delta": 0.331261}}
{"target": -1.9202410994890216, "params": {"C": 546.0065261871638, "epsilon": 0.17634257757555297, "gamma": 0.03937778178824782, "lamda": 0.03954596044505552}, "datetime": {"datetime": "2021-09-23 15:13:50", "elapsed": 1.630135, "delta": 0.40301}}
{"target": -2.0536197172996067, "params": {"C": 546.1231836086757, "epsilon": 0.6061524059216495, "gamma": 0.039738329028791014, "lamda": 0.10404061470650482}, "datetime": {"datetime": "2021-09-23 15:13:50", "elapsed": 1.980125, "delta": 0.34999}}
{"target": -1.9301605364334993, "params": {"C": 569.331457452074, "epsilon": 0.17983518390734793, "gamma": 0.03311286477968166, "lamda": 0.06619890797100156}, "datetime": {"datetime": "2021-09-23 15:13:50", "elapsed": 2.383121, "delta": 0.402996}}
{"target": -1.9264822061651128, "params": {"C": 504.0892017199522, "epsilon": 0.07935692364609709, "gamma": 0.041651143475872926, "lamda": 0.09256197385229582}, "datetime": {"datetime": "2021-09-23 15:13:51", "elapsed": 2.787966, "delta": 0.404845}}
{"target": -2.117209490879749, "params": {"C": 622.0001231676431, "epsilon": 0.7401596175735479, "gamma": 0.04418943290921279, "lamda": 0.15391556586105132}, "datetime": {"datetime": "2021-09-23 15:13:51", "elapsed": 3.168999, "delta": 0.381033}}
{"target": -2.1033580257948734, "params": {"C": 665.0598974153684, "epsilon": 0.4403942038154177, "gamma": 0.03462350121356341, "lamda": 0.1944426266171042}, "datetime": {"datetime": "2021-09-23 15:13:52", "elapsed": 3.530001, "delta": 0.361002}}
{"target": -2.0029295933326816, "params": {"C": 652.8594627766939, "epsilon": 0.34463737821210894, "gamma": 0.040387883902764696, "lamda": 0.09457316424777312}, "datetime": {"datetime": "2021-09-23 15:13:52", "elapsed": 3.912694, "delta": 0.382693}}
{"target": -1.9163335626067772, "params": {"C": 508.19279742119153, "epsilon": 0.20440559656503746, "gamma": 0.036512935346206, "lamda": 0.049841363668486134}, "datetime": {"datetime": "2021-09-23 15:13:52", "elapsed": 4.306693, "delta": 0.393999}}
{"target": -1.994292253428763, "params": {"C": 651.0043832350533, "epsilon": 0.36113267586012987, "gamma": 0.0388396330501528, "lamda": 0.07789432777741177}, "datetime": {"datetime": "2021-09-23 15:13:53", "elapsed": 4.677694, "delta": 0.371001}}
{"target": -2.039569703759266, "params": {"C": 633.9280926561938, "epsilon": 0.2241331010445471, "gamma": 0.03405114695658815, "lamda": 0.1911412579666808}, "datetime": {"datetime": "2021-09-23 15:13:53", "elapsed": 5.035683, "delta": 0.357989}}
{"target": -2.0295533544111284, "params": {"C": 643.1758135726275, "epsilon": 0.23607883180539813, "gamma": 0.03181192496679491, "lamda": 0.1445859736378453}, "datetime": {"datetime": "2021-09-23 15:13:53", "elapsed": 5.428682, "delta": 0.392999}}
{"target": -1.9863052424009273, "params": {"C": 546.919618549168, "epsilon": 0.13033105260711225, "gamma": 0.04088460884380904, "lamda": 0.16850639176570043}, "datetime": {"datetime": "2021-09-23 15:13:54", "elapsed": 5.818676, "delta": 0.389994}}
{"target": -1.9287074993289164, "params": {"C": 580.9847740143966, "epsilon": 0.06387259037495396, "gamma": 0.04180871813681254, "lamda": 0.1483420387753896}, "datetime": {"datetime": "2021-09-23 15:13:54", "elapsed": 6.204674, "delta": 0.385998}}
{"target": -2.0559384055501573, "params": {"C": 595.7858136301599, "epsilon": 0.35854334494940265, "gamma": 0.042785648829363976, "lamda": 0.19196682298601803}, "datetime": {"datetime": "2021-09-23 15:13:55", "elapsed": 6.581675, "delta": 0.377001}}
{"target": -2.0510601066326584, "params": {"C": 555.7965658264413, "epsilon": 0.38961824150456126, "gamma": 0.03290145790809766, "lamda": 0.12363362703794602}, "datetime": {"datetime": "2021-09-23 15:13:55", "elapsed": 6.961437, "delta": 0.379762}}
{"target": -2.080557768428826, "params": {"C": 625.4699433340056, "epsilon": 0.673361320458953, "gamma": 0.040003578088289984, "lamda": 0.12604299179833742}, "datetime": {"datetime": "2021-09-23 15:13:55", "elapsed": 7.348679, "delta": 0.387242}}
{"target": -1.9253694677752657, "params": {"C": 628.0099545625754, "epsilon": 0.23320475307773758, "gamma": 0.033119483823262796, "lamda": 0.04460756352440365}, "datetime": {"datetime": "2021-09-23 15:13:56", "elapsed": 7.787682, "delta": 0.439003}}
{"target": -1.9767784720580164, "params": {"C": 512.7608426898795, "epsilon": 0.3275331780082573, "gamma": 0.049758962780211385, "lamda": 0.055266040763469346}, "datetime": {"datetime": "2021-09-23 15:13:56", "elapsed": 8.225016, "delta": 0.437334}}
{"target": -2.008582891025042, "params": {"C": 593.8822967732722, "epsilon": 0.7748225362254351, "gamma": 0.03894200004920614, "lamda": 0.04455561087512111}, "datetime": {"datetime": "2021-09-23 15:13:57", "elapsed": 8.649621, "delta": 0.424605}}
{"target": -1.9588976865999908, "params": {"C": 606.2716533314333, "epsilon": 0.1815248173166364, "gamma": 0.04888876933332336, "lamda": 0.05169439608690946}, "datetime": {"datetime": "2021-09-23 15:13:57", "elapsed": 9.056748, "delta": 0.407127}}
{"target": -2.0004893005485855, "params": {"C": 562.1062240147312, "epsilon": 0.28820963773933184, "gamma": 0.04993621847659584, "lamda": 0.09784656942759072}, "datetime": {"datetime": "2021-09-23 15:13:57", "elapsed": 9.461757, "delta": 0.405009}}
{"target": -2.013389301077243, "params": {"C": 518.1313867402524, "epsilon": 0.23191673580351896, "gamma": 0.03127233908840403, "lamda": 0.12360083877071107}, "datetime": {"datetime": "2021-09-23 15:13:58", "elapsed": 9.857786, "delta": 0.396029}}
{"target": -2.1216902983636734, "params": {"C": 633.6031451071706, "epsilon": 0.7568524303146364, "gamma": 0.047957811399000405, "lamda": 0.15369075456057396}, "datetime": {"datetime": "2021-09-23 15:13:58", "elapsed": 10.25775, "delta": 0.399964}}
{"target": -1.997280744843148, "params": {"C": 641.9423018703249, "epsilon": 0.1902890738134187, "gamma": 0.04280005037025712, "lamda": 0.13592622842255803}, "datetime": {"datetime": "2021-09-23 15:13:59", "elapsed": 10.664533, "delta": 0.406783}}
{"target": -2.072319566358247, "params": {"C": 618.4171906646159, "epsilon": 0.6291917669745072, "gamma": 0.04673521460717415, "lamda": 0.13244447955369848}, "datetime": {"datetime": "2021-09-23 15:13:59", "elapsed": 11.037516, "delta": 0.372983}}
{"target": -1.9181188634613455, "params": {"C": 557.250705749311, "epsilon": 0.39651198138236965, "gamma": 0.030118692861417093, "lamda": 0.017277369134879827}, "datetime": {"datetime": "2021-09-23 15:13:59", "elapsed": 11.494833, "delta": 0.457317}}
{"target": -2.0886805199284892, "params": {"C": 510.4290789066684, "epsilon": 0.5069102817165249, "gamma": 0.03011822124817196, "lamda": 0.12239141520718927}, "datetime": {"datetime": "2021-09-23 15:14:00", "elapsed": 11.923832, "delta": 0.428999}}
{"target": -1.9645766310530774, "params": {"C": 532.4512053319348, "epsilon": 0.20668598045160957, "gamma": 0.03692415887617266, "lamda": 0.018671011154753055}, "datetime": {"datetime": "2021-09-23 15:14:00", "elapsed": 12.480839, "delta": 0.557007}}
{"target": -2.0023428212200423, "params": {"C": 635.6219709088532, "epsilon": 0.5314503189206546, "gamma": 0.046223596456305624, "lamda": 0.06191450953500922}, "datetime": {"datetime": "2021-09-23 15:14:01", "elapsed": 12.950655, "delta": 0.469816}}
{"target": -2.1599760190310384, "params": {"C": 578.1850259231229, "epsilon": 0.6756048177603097, "gamma": 0.03652672950126326, "lamda": 0.19336873239807195}, "datetime": {"datetime": "2021-09-23 15:14:01", "elapsed": 13.404239, "delta": 0.453584}}
{"target": -2.1257303004976165, "params": {"C": 503.89240876197687, "epsilon": 0.5458288567829831, "gamma": 0.03606856706442492, "lamda": 0.19402632244020301}, "datetime": {"datetime": "2021-09-23 15:14:02", "elapsed": 13.840866, "delta": 0.436627}}
{"target": -1.9297431785519696, "params": {"C": 632.7282430923435, "epsilon": 0.05141455004348824, "gamma": 0.04103033423814406, "lamda": 0.16438228011857225}, "datetime": {"datetime": "2021-09-23 15:14:02", "elapsed": 14.301865, "delta": 0.460999}}
{"target": -1.9856873175422134, "params": {"C": 500.6241263305654, "epsilon": 0.4185253215747763, "gamma": 0.042205488589562405, "lamda": 0.06072714661148641}, "datetime": {"datetime": "2021-09-23 15:14:03", "elapsed": 14.713872, "delta": 0.412007}}
{"target": -1.9774968952825855, "params": {"C": 628.143069768811, "epsilon": 0.08109376892593559, "gamma": 0.046272646898415246, "lamda": 0.18117252712167364}, "datetime": {"datetime": "2021-09-23 15:14:03", "elapsed": 15.141034, "delta": 0.427162}}
{"target": -2.0134937207911614, "params": {"C": 508.28928164120873, "epsilon": 0.19596399579674473, "gamma": 0.04541650163742674, "lamda": 0.18671937893558388}, "datetime": {"datetime": "2021-09-23 15:14:04", "elapsed": 15.591035, "delta": 0.450001}}
{"target": -2.0082372901542214, "params": {"C": 530.7361031320511, "epsilon": 0.64075344557202, "gamma": 0.04852832355541112, "lamda": 0.057928152894080716}, "datetime": {"datetime": "2021-09-23 15:14:04", "elapsed": 16.04003, "delta": 0.448995}}
{"target": -1.9546344415325816, "params": {"C": 589.4975838710584, "epsilon": 0.26950449428178036, "gamma": 0.04282801488331103, "lamda": 0.05608979502080855}, "datetime": {"datetime": "2021-09-23 15:14:05", "elapsed": 16.499029, "delta": 0.458999}}
{"target": -1.952307254048242, "params": {"C": 606.2588051588997, "epsilon": 0.08865296894768591, "gamma": 0.044476243860388225, "lamda": 0.07886485039923423}, "datetime": {"datetime": "2021-09-23 15:14:05", "elapsed": 16.98203, "delta": 0.483001}}
{"target": -1.9975730469438844, "params": {"C": 508.04044065425984, "epsilon": 0.2691301718207707, "gamma": 0.045132640847077674, "lamda": 0.1042261243348608}, "datetime": {"datetime": "2021-09-23 15:14:06", "elapsed": 17.54803, "delta": 0.566}}
{"target": -2.0116264289008963, "params": {"C": 668.934460761621, "epsilon": 0.5804343011050528, "gamma": 0.045198141787111, "lamda": 0.06760600745035215}, "datetime": {"datetime": "2021-09-23 15:14:06", "elapsed": 17.97103, "delta": 0.423}}
{"target": -1.9286524487226198, "params": {"C": 632.7098768486846, "epsilon": 0.07048233311847313, "gamma": 0.034119401029364546, "lamda": 0.1333967955612827}, "datetime": {"datetime": "2021-09-23 15:14:06", "elapsed": 18.392551, "delta": 0.421521}}
{"target": -1.9565056637134497, "params": {"C": 504.0840931671827, "epsilon": 0.05040088520782243, "gamma": 0.03677539898661419, "lamda": 0.0833269937708776}, "datetime": {"datetime": "2021-09-23 15:14:07", "elapsed": 18.892551, "delta": 0.5}}
{"target": -2.0026618341542286, "params": {"C": 504.1433430018833, "epsilon": 0.18968379577563704, "gamma": 0.05, "lamda": 0.13360753257023072}, "datetime": {"datetime": "2021-09-23 15:14:07", "elapsed": 19.468549, "delta": 0.575998}}
{"target": -1.9472184340580851, "params": {"C": 557.2155823315643, "epsilon": 0.491055856276246, "gamma": 0.03038144034983968, "lamda": 0.02914270541810869}, "datetime": {"datetime": "2021-09-23 15:14:08", "elapsed": 19.991547, "delta": 0.522998}}
{"target": -2.0196479221395887, "params": {"C": 557.2966181993177, "epsilon": 0.4257064681558257, "gamma": 0.04401166862063545, "lamda": 0.1021507102217676}, "datetime": {"datetime": "2021-09-23 15:14:09", "elapsed": 20.516548, "delta": 0.525001}}
{"target": -1.99260913915386, "params": {"C": 508.16216392577724, "epsilon": 0.12475756979491415, "gamma": 0.03, "lamda": 0.015}, "datetime": {"datetime": "2021-09-23 15:14:09", "elapsed": 21.198552, "delta": 0.682004}}
{"target": -1.945270808228085, "params": {"C": 508.23972932274, "epsilon": 0.28072996026551666, "gamma": 0.047795819930414735, "lamda": 0.03968846056091353}, "datetime": {"datetime": "2021-09-23 15:14:10", "elapsed": 21.746547, "delta": 0.547995}}
{"target": -1.9973992753386598, "params": {"C": 545.9955555127092, "epsilon": 0.18986088415911692, "gamma": 0.04082090191342426, "lamda": 0.1391749483264379}, "datetime": {"datetime": "2021-09-23 15:14:10", "elapsed": 22.393547, "delta": 0.647}}
{"target": -1.920152001999534, "params": {"C": 580.9823306810164, "epsilon": 0.05747960373444873, "gamma": 0.03790630402744706, "lamda": 0.14119754846281768}, "datetime": {"datetime": "2021-09-23 15:14:11", "elapsed": 22.932548, "delta": 0.539001}}
{"target": -1.9969658629457614, "params": {"C": 580.9512632868596, "epsilon": 0.12681486850306495, "gamma": 0.04912791898612345, "lamda": 0.038441134012622474}, "datetime": {"datetime": "2021-09-23 15:14:12", "elapsed": 23.628548, "delta": 0.696}}
{"target": -1.967304695265741, "params": {"C": 580.9234593361048, "epsilon": 0.033920334914297454, "gamma": 0.046355656303494835, "lamda": 0.17625668259637528}, "datetime": {"datetime": "2021-09-23 15:14:12", "elapsed": 24.267549, "delta": 0.639001}}
{"target": -1.9379703770343368, "params": {"C": 569.2074949185578, "epsilon": 0.18760063833692273, "gamma": 0.04383254732219409, "lamda": 0.04540627479536229}, "datetime": {"datetime": "2021-09-23 15:14:13", "elapsed": 24.919548, "delta": 0.651999}}
{"target": -2.0140274026923706, "params": {"C": 628.0500580506472, "epsilon": 0.2801217010960828, "gamma": 0.03896127339407087, "lamda": 0.1299415017554777}, "datetime": {"datetime": "2021-09-23 15:14:14", "elapsed": 25.512551, "delta": 0.593003}}
{"target": -2.003372601662595, "params": {"C": 569.3196788758474, "epsilon": 0.19947013172549627, "gamma": 0.04847298676992987, "lamda": 0.15006676780037542}, "datetime": {"datetime": "2021-09-23 15:14:14", "elapsed": 26.069549, "delta": 0.556998}}
{"target": -2.1057431561093662, "params": {"C": 546.5837674530566, "epsilon": 0.5935170874675838, "gamma": 0.03352550080050132, "lamda": 0.14176501457571544}, "datetime": {"datetime": "2021-09-23 15:14:15", "elapsed": 26.594547, "delta": 0.524998}}
{"target": -1.955036656888992, "params": {"C": 581.0501006822166, "epsilon": 0.03, "gamma": 0.03, "lamda": 0.095119072900353}, "datetime": {"datetime": "2021-09-23 15:14:15", "elapsed": 27.366555, "delta": 0.772008}}
{"target": -1.955650760111347, "params": {"C": 632.6408139704627, "epsilon": 0.06131950437771149, "gamma": 0.030094742521987627, "lamda": 0.18894974665834646}, "datetime": {"datetime": "2021-09-23 15:14:16", "elapsed": 27.983548, "delta": 0.616993}}
{"target": -1.940194488172495, "params": {"C": 569.2892725112523, "epsilon": 0.07244349706160452, "gamma": 0.04018472749773244, "lamda": 0.07091341685464797}, "datetime": {"datetime": "2021-09-23 15:14:17", "elapsed": 28.577548, "delta": 0.594}}
{"target": -1.9504505123773195, "params": {"C": 632.7230457214122, "epsilon": 0.06211262572575371, "gamma": 0.0440267961692088, "lamda": 0.17650414019518468}, "datetime": {"datetime": "2021-09-23 15:14:17", "elapsed": 29.122548, "delta": 0.545}}
{"target": -1.9898390060973181, "params": {"C": 652.7155302253282, "epsilon": 0.33643168315639305, "gamma": 0.04621747277399402, "lamda": 0.05793163801596529}, "datetime": {"datetime": "2021-09-23 15:14:18", "elapsed": 29.591556, "delta": 0.469008}}
{"target": -2.0145659680675587, "params": {"C": 669.1757214223965, "epsilon": 0.2093845854024448, "gamma": 0.04853062592695204, "lamda": 0.1819647536225643}, "datetime": {"datetime": "2021-09-23 15:14:18", "elapsed": 30.166549, "delta": 0.574993}}
{"target": -1.9121685002323598, "params": {"C": 503.9728697771337, "epsilon": 0.14019562620372963, "gamma": 0.037443964043396505, "lamda": 0.06376510146326551}, "datetime": {"datetime": "2021-09-23 15:14:19", "elapsed": 30.769548, "delta": 0.602999}}
{"target": -2.054545284820791, "params": {"C": 584.3158452018645, "epsilon": 0.6170908365157683, "gamma": 0.04681688592699808, "lamda": 0.11405066282982751}, "datetime": {"datetime": "2021-09-23 15:14:19", "elapsed": 31.332548, "delta": 0.563}}
{"target": -2.0349820549912856, "params": {"C": 504.0520829195398, "epsilon": 0.142859382008288, "gamma": 0.05, "lamda": 0.02289440771654399}, "datetime": {"datetime": "2021-09-23 15:14:20", "elapsed": 32.092549, "delta": 0.760001}}
{"target": -1.9661112472937494, "params": {"C": 546.0194883887968, "epsilon": 0.19181641557826493, "gamma": 0.04800867498750524, "lamda": 0.03811986333987929}, "datetime": {"datetime": "2021-09-23 15:14:21", "elapsed": 32.73755, "delta": 0.645001}}
{"target": -1.9380725658607152, "params": {"C": 569.2737644514043, "epsilon": 0.17316532117075245, "gamma": 0.031685325838350265, "lamda": 0.024723297848307117}, "datetime": {"datetime": "2021-09-23 15:14:22", "elapsed": 33.535196, "delta": 0.797646}}
{"target": -1.915133301155666, "params": {"C": 545.9631708889658, "epsilon": 0.10171155787826304, "gamma": 0.03633515323340176, "lamda": 0.08599559543240488}, "datetime": {"datetime": "2021-09-23 15:14:22", "elapsed": 34.192147, "delta": 0.656951}}
{"target": -1.9111293192909122, "params": {"C": 503.9242755979965, "epsilon": 0.13908231349192082, "gamma": 0.03792663009574692, "lamda": 0.05975147274088542}, "datetime": {"datetime": "2021-09-23 15:14:23", "elapsed": 34.888151, "delta": 0.696004}}
{"target": -1.9362775107649615, "params": {"C": 578.3901060826473, "epsilon": 0.036361827787619885, "gamma": 0.030907971358991884, "lamda": 0.12924753553495918}, "datetime": {"datetime": "2021-09-23 15:14:24", "elapsed": 35.502783, "delta": 0.614632}}
{"target": -1.9595534050718637, "params": {"C": 504.08138747351916, "epsilon": 0.114125393233629, "gamma": 0.03347062505703766, "lamda": 0.15676724128494196}, "datetime": {"datetime": "2021-09-23 15:14:24", "elapsed": 36.15378, "delta": 0.650997}}
{"target": -2.144588304669284, "params": {"C": 572.7554837093555, "epsilon": 0.5808351731505828, "gamma": 0.0321826217851818, "lamda": 0.18450698884927114}, "datetime": {"datetime": "2021-09-23 15:14:25", "elapsed": 36.724782, "delta": 0.571002}}
{"target": -1.9451248467280957, "params": {"C": 627.9289446135233, "epsilon": 0.21821870383103653, "gamma": 0.03223073588370824, "lamda": 0.019536227177550686}, "datetime": {"datetime": "2021-09-23 15:14:25", "elapsed": 37.400901, "delta": 0.676119}}
{"target": -1.9569000879383822, "params": {"C": 503.91310547717416, "epsilon": 0.06151945958045714, "gamma": 0.03677079819329818, "lamda": 0.06519237364531395}, "datetime": {"datetime": "2021-09-23 15:14:26", "elapsed": 38.162923, "delta": 0.762022}}
{"target": -2.003732466628907, "params": {"C": 685.395660300773, "epsilon": 0.7631999921612567, "gamma": 0.03172944279674344, "lamda": 0.0337775532565497}, "datetime": {"datetime": "2021-09-23 15:14:27", "elapsed": 38.733588, "delta": 0.570665}}
