{"target": 0.9134015670339332, "params": {"C": 1160.4267999808571, "epsilon": 0.13246457589784966, "gamma": 0.0834412924208404, "lamda": 0.0908679871096722}, "datetime": {"datetime": "2021-09-23 12:02:25", "elapsed": 22.454051, "delta": 0.417997}}
{"target": 0.8383257178878614, "params": {"C": 1168.3463374604762, "epsilon": 0.11077138157660453, "gamma": 0.3415172752839975, "lamda": 0.10337460301439555}, "datetime": {"datetime": "2021-09-23 12:02:26", "elapsed": 22.966329, "delta": 0.512278}}
{"target": 0.8970056928647299, "params": {"C": 1167.854011435593, "epsilon": 0.11736714596764208, "gamma": 0.13305403548826022, "lamda": 0.11839721538779574}, "datetime": {"datetime": "2021-09-23 12:02:26", "elapsed": 23.528016, "delta": 0.561687}}
{"target": 0.8750730735261837, "params": {"C": 1293.507716209368, "epsilon": 0.14978949365360703, "gamma": 0.20420009045798365, "lamda": 0.08128732697037795}, "datetime": {"datetime": "2021-09-23 12:02:27", "elapsed": 24.266665, "delta": 0.738649}}
{"target": 0.8169661284022671, "params": {"C": 1293.0413197322584, "epsilon": 0.08796202898846682, "gamma": 0.41670153266422433, "lamda": 0.0861084125192643}, "datetime": {"datetime": "2021-09-23 12:02:28", "elapsed": 24.813658, "delta": 0.546993}}
{"target": 0.9183506928350046, "params": {"C": 1206.505680094893, "epsilon": 0.11856684163197417, "gamma": 0.05712009382275281, "lamda": 0.12700387684402603}, "datetime": {"datetime": "2021-09-23 12:02:28", "elapsed": 25.476766, "delta": 0.663108}}
{"target": 0.9078862092745559, "params": {"C": 1206.1584727995132, "epsilon": 0.08515443416952176, "gamma": 0.08584043033757639, "lamda": 0.09557310505048883}, "datetime": {"datetime": "2021-09-23 12:02:29", "elapsed": 26.05077, "delta": 0.574004}}
{"target": 0.8064898391615811, "params": {"C": 1206.3382445811953, "epsilon": 0.13497245792040657, "gamma": 0.454227248400917, "lamda": 0.09065840039531743}, "datetime": {"datetime": "2021-09-23 12:02:30", "elapsed": 26.792735, "delta": 0.741965}}
{"target": 0.9172536317546305, "params": {"C": 1277.6148054955866, "epsilon": 0.13951259326815246, "gamma": 0.05, "lamda": 0.08}, "datetime": {"datetime": "2021-09-23 12:02:30", "elapsed": 27.465291, "delta": 0.672556}}
{"target": 0.917976718503208, "params": {"C": 1277.2077343671776, "epsilon": 0.12940620172253967, "gamma": 0.07204531964128084, "lamda": 0.1451280030825307}, "datetime": {"datetime": "2021-09-23 12:02:31", "elapsed": 28.103916, "delta": 0.638625}}
{"target": 0.8247935814202338, "params": {"C": 1277.3751544870659, "epsilon": 0.148294616743668, "gamma": 0.3911222680038063, "lamda": 0.09019804457061543}, "datetime": {"datetime": "2021-09-23 12:02:32", "elapsed": 28.711589, "delta": 0.607673}}
{"target": 0.8950464140380662, "params": {"C": 1276.8938235502876, "epsilon": 0.08121763292309309, "gamma": 0.11972090232553309, "lamda": 0.0972645337523432}, "datetime": {"datetime": "2021-09-23 12:02:32", "elapsed": 29.469278, "delta": 0.757689}}
{"target": 0.9172697962747804, "params": {"C": 1207.722071802563, "epsilon": 0.15, "gamma": 0.05, "lamda": 0.08}, "datetime": {"datetime": "2021-09-23 12:02:33", "elapsed": 30.083271, "delta": 0.613993}}
{"target": 0.911121230015652, "params": {"C": 1208.1270576717257, "epsilon": 0.0968689496566879, "gamma": 0.08387204739852752, "lamda": 0.10052002840649263}, "datetime": {"datetime": "2021-09-23 12:02:34", "elapsed": 30.73027, "delta": 0.646999}}
{"target": 0.7950607416258564, "params": {"C": 1208.008692167679, "epsilon": 0.13111701530965203, "gamma": 0.492756167198798, "lamda": 0.1317684582766409}, "datetime": {"datetime": "2021-09-23 12:02:34", "elapsed": 31.400884, "delta": 0.670614}}
{"target": 0.9143497568980021, "params": {"C": 1159.7952284322625, "epsilon": 0.13770935390635966, "gamma": 0.08742162759404538, "lamda": 0.12108852012059887}, "datetime": {"datetime": "2021-09-23 12:02:35", "elapsed": 31.958922, "delta": 0.558038}}
{"target": 0.8969145908734298, "params": {"C": 1159.3572605023162, "epsilon": 0.14599531192268042, "gamma": 0.14307418991383064, "lamda": 0.16153988345078568}, "datetime": {"datetime": "2021-09-23 12:02:36", "elapsed": 32.61549, "delta": 0.656568}}
{"target": 0.7526078945584458, "params": {"C": 1159.6546041442343, "epsilon": 0.09744395260347403, "gamma": 0.631058732929066, "lamda": 0.14415811378091378}, "datetime": {"datetime": "2021-09-23 12:02:36", "elapsed": 33.366663, "delta": 0.751173}}
{"target": 0.7693596813115062, "params": {"C": 1302.7155302253282, "epsilon": 0.10785742574149028, "gamma": 0.5770678651548055, "lamda": 0.10088566173749663}, "datetime": {"datetime": "2021-09-23 12:02:37", "elapsed": 33.853373, "delta": 0.48671}}
{"target": 0.7459777538666856, "params": {"C": 1319.1757214223965, "epsilon": 0.09630768958204045, "gamma": 0.6522453426259411, "lamda": 0.1612260963569232}, "datetime": {"datetime": "2021-09-23 12:02:37", "elapsed": 34.442334, "delta": 0.588961}}
{"target": 0.9173817490884556, "params": {"C": 1248.3109532081417, "epsilon": 0.08, "gamma": 0.05, "lamda": 0.17}, "datetime": {"datetime": "2021-09-23 12:02:38", "elapsed": 35.386429, "delta": 0.944095}}
{"target": 0.7632140897591762, "params": {"C": 1234.3158452018645, "epsilon": 0.1333718942287062, "gamma": 0.5965487926274375, "lamda": 0.12818680894424042}, "datetime": {"datetime": "2021-09-23 12:02:39", "elapsed": 35.841435, "delta": 0.455006}}
{"target": 0.7939983690548887, "params": {"C": 1248.3761811123225, "epsilon": 0.1280632848580066, "gamma": 0.4961167676240397, "lamda": 0.11512380537619535}, "datetime": {"datetime": "2021-09-23 12:02:40", "elapsed": 36.678428, "delta": 0.836993}}
{"target": 0.9172697962747804, "params": {"C": 1158.8662380116734, "epsilon": 0.15, "gamma": 0.05, "lamda": 0.08}, "datetime": {"datetime": "2021-09-23 12:02:40", "elapsed": 37.272254, "delta": 0.593826}}
{"target": 0.7978682426718979, "params": {"C": 1158.803690547695, "epsilon": 0.11709113503759688, "gamma": 0.4831051816301053, "lamda": 0.16162048553437974}, "datetime": {"datetime": "2021-09-23 12:02:41", "elapsed": 37.863044, "delta": 0.59079}}
{"target": 0.9032428172461449, "params": {"C": 1208.6041889755952, "epsilon": 0.08755352177187224, "gamma": 0.10891975909182988, "lamda": 0.12302684190974295}, "datetime": {"datetime": "2021-09-23 12:02:41", "elapsed": 38.588742, "delta": 0.725698}}
{"target": 0.9093349020668491, "params": {"C": 1284.3768901318176, "epsilon": 0.1301009128702671, "gamma": 0.10414540206121851, "lamda": 0.13823021358479148}, "datetime": {"datetime": "2021-09-23 12:02:42", "elapsed": 39.342361, "delta": 0.753619}}
{"target": 0.913925518431802, "params": {"C": 1228.3901060826474, "epsilon": 0.08057834798069272, "gamma": 0.0795090691672363, "lamda": 0.1355798821521423}, "datetime": {"datetime": "2021-09-23 12:02:43", "elapsed": 39.845348, "delta": 0.502987}}
{"target": 0.9177851433327657, "params": {"C": 1250.2080075680021, "epsilon": 0.1073399687380681, "gamma": 0.05285330348394909, "lamda": 0.10465544755205944}, "datetime": {"datetime": "2021-09-23 12:02:44", "elapsed": 40.717348, "delta": 0.872}}
{"target": 0.9041116503599362, "params": {"C": 1222.7554837093555, "epsilon": 0.13007592483187114, "gamma": 0.12093520801840862, "lamda": 0.16246285944018596}, "datetime": {"datetime": "2021-09-23 12:02:44", "elapsed": 41.314365, "delta": 0.597017}}
{"target": 0.8985340572969058, "params": {"C": 1250.7285019289586, "epsilon": 0.0937532334921077, "gamma": 0.12086985306893172, "lamda": 0.11146562184153741}, "datetime": {"datetime": "2021-09-23 12:02:45", "elapsed": 42.111352, "delta": 0.796987}}
{"target": 0.8314968082088785, "params": {"C": 1222.2484891170498, "epsilon": 0.10065065064912634, "gamma": 0.3668362830315038, "lamda": 0.16136822673270082}, "datetime": {"datetime": "2021-09-23 12:02:46", "elapsed": 42.834987, "delta": 0.723635}}
{"target": 0.9060328323156488, "params": {"C": 1335.395660300773, "epsilon": 0.1466545447419324, "gamma": 0.10620689089416176, "lamda": 0.08913502590859175}, "datetime": {"datetime": "2021-09-23 12:02:46", "elapsed": 43.459635, "delta": 0.624648}}
{"target": 0.8625787797248605, "params": {"C": 1236.2573066492355, "epsilon": 0.11005546943444987, "gamma": 0.25340241244118755, "lamda": 0.1460085492512669}, "datetime": {"datetime": "2021-09-23 12:02:47", "elapsed": 44.01325, "delta": 0.553615}}
{"target": 0.9045546551469956, "params": {"C": 1156.2274405442815, "epsilon": 0.12064211138106481, "gamma": 0.10812925168344953, "lamda": 0.09944713760879308}, "datetime": {"datetime": "2021-09-23 12:02:47", "elapsed": 44.548249, "delta": 0.534999}}
{"target": 0.8771050668986439, "params": {"C": 1223.2604459047268, "epsilon": 0.1361239138119964, "gamma": 0.2021896664388167, "lamda": 0.12801247386306075}, "datetime": {"datetime": "2021-09-23 12:02:48", "elapsed": 45.254806, "delta": 0.706557}}
{"target": 0.8643977372975097, "params": {"C": 1158.1740979844046, "epsilon": 0.09946117105148514, "gamma": 0.24280276709567838, "lamda": 0.09336338989295977}, "datetime": {"datetime": "2021-09-23 12:02:49", "elapsed": 45.811968, "delta": 0.557162}}
{"target": 0.8571037175413024, "params": {"C": 1156.7694087200261, "epsilon": 0.0943448895770113, "gamma": 0.2728970193190505, "lamda": 0.16870441985902834}, "datetime": {"datetime": "2021-09-23 12:02:49", "elapsed": 46.489969, "delta": 0.678001}}
{"target": 0.8267851077122603, "params": {"C": 1335.8661919553108, "epsilon": 0.13178016345849627, "gamma": 0.38402373433100906, "lamda": 0.1037762927345664}, "datetime": {"datetime": "2021-09-23 12:02:50", "elapsed": 47.459809, "delta": 0.96984}}
{"target": 0.8946795757553664, "params": {"C": 1334.8743986959314, "epsilon": 0.10245781226281708, "gamma": 0.12836760492399057, "lamda": 0.09316348507176159}, "datetime": {"datetime": "2021-09-23 12:02:51", "elapsed": 48.202047, "delta": 0.742238}}
{"target": 0.7370103815451343, "params": {"C": 1282.2932631394963, "epsilon": 0.0880904477015543, "gamma": 0.6819886513938359, "lamda": 0.15784859137059992}, "datetime": {"datetime": "2021-09-23 12:02:52", "elapsed": 48.821681, "delta": 0.619634}}
{"target": 0.8518276707499115, "params": {"C": 1155.7178243999692, "epsilon": 0.09092301143111142, "gamma": 0.291924353716943, "lamda": 0.16920180369365287}, "datetime": {"datetime": "2021-09-23 12:02:53", "elapsed": 49.635282, "delta": 0.813601}}
{"target": 0.7391164314013967, "params": {"C": 1335.0934722530271, "epsilon": 0.1293035536391959, "gamma": 0.6749713694374406, "lamda": 0.1436199986534129}, "datetime": {"datetime": "2021-09-23 12:02:53", "elapsed": 50.427282, "delta": 0.792}}
{"target": 0.8030451151821475, "params": {"C": 1250.4570521462988, "epsilon": 0.13929166301016874, "gamma": 0.46557608372376325, "lamda": 0.16365235730546346}, "datetime": {"datetime": "2021-09-23 12:02:54", "elapsed": 51.415756, "delta": 0.988474}}
{"target": 0.8914858015526957, "params": {"C": 1228.8798169832914, "epsilon": 0.11189998920966149, "gamma": 0.1467845981418929, "lamda": 0.10805171250895072}, "datetime": {"datetime": "2021-09-23 12:02:55", "elapsed": 52.289748, "delta": 0.873992}}
{"target": 0.9154094958597239, "params": {"C": 1251.2808085130287, "epsilon": 0.08547914410067417, "gamma": 0.07533912610817424, "lamda": 0.13195244235365192}, "datetime": {"datetime": "2021-09-23 12:02:56", "elapsed": 53.129541, "delta": 0.839793}}
{"target": 0.8283448268515102, "params": {"C": 1251.7020134120044, "epsilon": 0.11358446874745443, "gamma": 0.37838200676424444, "lamda": 0.13280138061637714}, "datetime": {"datetime": "2021-09-23 12:02:57", "elapsed": 54.038943, "delta": 0.909402}}
{"target": 0.8880306103034925, "params": {"C": 1301.7520960746133, "epsilon": 0.11564141203158775, "gamma": 0.1593339038985857, "lamda": 0.10998722913785851}, "datetime": {"datetime": "2021-09-23 12:02:58", "elapsed": 54.712942, "delta": 0.673999}}
{"target": 0.9173817490884556, "params": {"C": 1247.8351238839218, "epsilon": 0.08, "gamma": 0.05, "lamda": 0.17}, "datetime": {"datetime": "2021-09-23 12:02:59", "elapsed": 55.606158, "delta": 0.893216}}
{"target": 0.8797660659193536, "params": {"C": 1223.2702989107142, "epsilon": 0.12766321053656854, "gamma": 0.1924905032007329, "lamda": 0.13180954084521485}, "datetime": {"datetime": "2021-09-23 12:02:59", "elapsed": 56.203116, "delta": 0.596958}}
{"target": 0.9047646095426859, "params": {"C": 1209.1907883006654, "epsilon": 0.0997084088573911, "gamma": 0.11447986248210455, "lamda": 0.1605637609727151}, "datetime": {"datetime": "2021-09-23 12:03:00", "elapsed": 57.234025, "delta": 1.030909}}
{"target": 0.7748265476073644, "params": {"C": 1209.1703339116916, "epsilon": 0.12122838123518989, "gamma": 0.5595206052200108, "lamda": 0.10591182641756755}, "datetime": {"datetime": "2021-09-23 12:03:01", "elapsed": 58.127583, "delta": 0.893558}}
{"target": 0.9177909225434825, "params": {"C": 1209.7249554574666, "epsilon": 0.09963462188007019, "gamma": 0.05307984914084709, "lamda": 0.15348251324844595}, "datetime": {"datetime": "2021-09-23 12:03:02", "elapsed": 59.184817, "delta": 1.057234}}
{"target": 0.9173817490884556, "params": {"C": 1210.215923564702, "epsilon": 0.08, "gamma": 0.05, "lamda": 0.17}, "datetime": {"datetime": "2021-09-23 12:03:03", "elapsed": 60.094884, "delta": 0.910067}}
{"target": 0.7810846421751556, "params": {"C": 1210.2070789407135, "epsilon": 0.09014024548677584, "gamma": 0.5381765847016792, "lamda": 0.08168368704338799}, "datetime": {"datetime": "2021-09-23 12:03:04", "elapsed": 61.086884, "delta": 0.992}}
{"target": 0.7498098704725497, "params": {"C": 1165.065850470294, "epsilon": 0.11689695175292403, "gamma": 0.6413649028526589, "lamda": 0.1052009139789561}, "datetime": {"datetime": "2021-09-23 12:03:05", "elapsed": 61.759747, "delta": 0.672863}}
{"target": 0.9104016280030427, "params": {"C": 1223.8642384431764, "epsilon": 0.08054799643896228, "gamma": 0.09212504682201962, "lamda": 0.14746938592176928}, "datetime": {"datetime": "2021-09-23 12:03:06", "elapsed": 62.885959, "delta": 1.126212}}
{"target": 0.764170364163536, "params": {"C": 1223.957435251492, "epsilon": 0.08, "gamma": 0.5923863815744198, "lamda": 0.17}, "datetime": {"datetime": "2021-09-23 12:03:07", "elapsed": 63.913517, "delta": 1.027558}}
{"target": 0.8621444022461242, "params": {"C": 1168.9873598003255, "epsilon": 0.12227672409562805, "gamma": 0.25506668979684605, "lamda": 0.1319333360242181}, "datetime": {"datetime": "2021-09-23 12:03:07", "elapsed": 64.524524, "delta": 0.611007}}
{"target": 0.7714792106459971, "params": {"C": 1284.4726352490056, "epsilon": 0.09008543444739471, "gamma": 0.5699971195658808, "lamda": 0.11113791331946572}, "datetime": {"datetime": "2021-09-23 12:03:08", "elapsed": 65.260499, "delta": 0.735975}}
{"target": 0.7703001819170433, "params": {"C": 1156.28420985121, "epsilon": 0.13754719770252116, "gamma": 0.5740728722650852, "lamda": 0.10516180614550397}, "datetime": {"datetime": "2021-09-23 12:03:09", "elapsed": 66.040583, "delta": 0.780084}}
{"target": 0.9175983348361665, "params": {"C": 1157.5886907111571, "epsilon": 0.08406069637362941, "gamma": 0.05063090919042959, "lamda": 0.14865236261797082}, "datetime": {"datetime": "2021-09-23 12:03:10", "elapsed": 66.922632, "delta": 0.882049}}
{"target": 0.7808060165901781, "params": {"C": 1157.596140638267, "epsilon": 0.08273354941569461, "gamma": 0.5392698362024587, "lamda": 0.10142463123161533}, "datetime": {"datetime": "2021-09-23 12:03:11", "elapsed": 67.893377, "delta": 0.970745}}
{"target": 0.7385444682350857, "params": {"C": 1196.6139081986353, "epsilon": 0.11158733216285935, "gamma": 0.6786431371824599, "lamda": 0.0906075743342033}, "datetime": {"datetime": "2021-09-23 12:03:11", "elapsed": 68.492376, "delta": 0.598999}}
{"target": 0.9129656314597525, "params": {"C": 1247.4770629699374, "epsilon": 0.10823065023273054, "gamma": 0.0921649897432946, "lamda": 0.15554639641334883}, "datetime": {"datetime": "2021-09-23 12:03:12", "elapsed": 69.327587, "delta": 0.835211}}
{"target": 0.7961773227148068, "params": {"C": 1247.5683851866488, "epsilon": 0.1461949083485957, "gamma": 0.4892082418975938, "lamda": 0.11955370146602204}, "datetime": {"datetime": "2021-09-23 12:03:13", "elapsed": 70.210789, "delta": 0.883202}}
{"target": 0.7548036371930482, "params": {"C": 1249.6443617848074, "epsilon": 0.12603299478472726, "gamma": 0.6251977201639648, "lamda": 0.09557074974692611}, "datetime": {"datetime": "2021-09-23 12:03:14", "elapsed": 70.880789, "delta": 0.67}}
{"target": 0.8078094419398772, "params": {"C": 1321.557002905431, "epsilon": 0.09748041678971299, "gamma": 0.44932607281042625, "lamda": 0.11755497348337861}, "datetime": {"datetime": "2021-09-23 12:03:14", "elapsed": 71.512457, "delta": 0.631668}}
{"target": 0.918261852145686, "params": {"C": 1210.865043258251, "epsilon": 0.08933827479251581, "gamma": 0.06439894135410511, "lamda": 0.14508246146260578}, "datetime": {"datetime": "2021-09-23 12:03:15", "elapsed": 72.268455, "delta": 0.755998}}
{"target": 0.9170116938811669, "params": {"C": 1211.2962032703424, "epsilon": 0.12914460920755566, "gamma": 0.07316647533773217, "lamda": 0.10510716492727398}, "datetime": {"datetime": "2021-09-23 12:03:16", "elapsed": 73.09674, "delta": 0.828285}}
{"target": 0.8195064851721685, "params": {"C": 1211.031395232862, "epsilon": 0.12581134354823081, "gamma": 0.40992699495495855, "lamda": 0.11455084069270635}, "datetime": {"datetime": "2021-09-23 12:03:17", "elapsed": 73.933406, "delta": 0.836666}}
{"target": 0.9148060405134694, "params": {"C": 1334.3711578281384, "epsilon": 0.12525485316572288, "gamma": 0.07841130670963767, "lamda": 0.09439106208476979}, "datetime": {"datetime": "2021-09-23 12:03:18", "elapsed": 74.842409, "delta": 0.909003}}
{"target": 0.8616902330485701, "params": {"C": 1333.9176215934376, "epsilon": 0.08153134658340862, "gamma": 0.25514277491902165, "lamda": 0.13826528837583155}, "datetime": {"datetime": "2021-09-23 12:03:19", "elapsed": 75.914431, "delta": 1.072022}}
{"target": 0.9139617188003587, "params": {"C": 1205.206686462521, "epsilon": 0.08, "gamma": 0.05, "lamda": 0.08}, "datetime": {"datetime": "2021-09-23 12:03:20", "elapsed": 76.851429, "delta": 0.936998}}
{"target": 0.7930135418422019, "params": {"C": 1205.1891380696193, "epsilon": 0.15, "gamma": 0.49876726254915865, "lamda": 0.17}, "datetime": {"datetime": "2021-09-23 12:03:21", "elapsed": 77.844416, "delta": 0.992987}}
{"target": 0.9184075322576785, "params": {"C": 1204.7343759464986, "epsilon": 0.1297893377099938, "gamma": 0.06053917471581945, "lamda": 0.13622771760510924}, "datetime": {"datetime": "2021-09-23 12:03:22", "elapsed": 78.894008, "delta": 1.049592}}
{"target": 0.9139580372047702, "params": {"C": 1204.2752589544696, "epsilon": 0.08, "gamma": 0.05, "lamda": 0.08}, "datetime": {"datetime": "2021-09-23 12:03:23", "elapsed": 79.849596, "delta": 0.955588}}
{"target": 0.8045720316068575, "params": {"C": 1204.0870397542092, "epsilon": 0.11566694767807112, "gamma": 0.4606445103163316, "lamda": 0.16430916448470098}, "datetime": {"datetime": "2021-09-23 12:03:24", "elapsed": 80.890597, "delta": 1.041001}}
{"target": 0.917290183498465, "params": {"C": 1157.2161760847937, "epsilon": 0.14734522977425002, "gamma": 0.051465735593487855, "lamda": 0.1067223083078613}, "datetime": {"datetime": "2021-09-23 12:03:25", "elapsed": 81.964275, "delta": 1.073678}}
{"target": 0.7977141060265349, "params": {"C": 1239.3317164177604, "epsilon": 0.14977009849278736, "gamma": 0.48381569217893317, "lamda": 0.08917176967227376}, "datetime": {"datetime": "2021-09-23 12:03:26", "elapsed": 82.697478, "delta": 0.733203}}
{"target": 0.9035297280671927, "params": {"C": 1229.4712404840732, "epsilon": 0.10867820343610586, "gamma": 0.11589673548449303, "lamda": 0.13377208758647546}, "datetime": {"datetime": "2021-09-23 12:03:26", "elapsed": 83.570975, "delta": 0.873497}}
{"target": 0.7663736384536319, "params": {"C": 1229.5260132253009, "epsilon": 0.09427383351853305, "gamma": 0.5853870231582249, "lamda": 0.16261070880792317}, "datetime": {"datetime": "2021-09-23 12:03:27", "elapsed": 84.551823, "delta": 0.980848}}
{"target": 0.9172697962747804, "params": {"C": 1161.0762061459013, "epsilon": 0.15, "gamma": 0.05, "lamda": 0.08}, "datetime": {"datetime": "2021-09-23 12:03:28", "elapsed": 85.43136, "delta": 0.879537}}
{"target": 0.8797865827581848, "params": {"C": 1161.5369905453847, "epsilon": 0.1292865656354527, "gamma": 0.19359015626818565, "lamda": 0.14231485265378135}, "datetime": {"datetime": "2021-09-23 12:03:29", "elapsed": 86.342493, "delta": 0.911133}}
{"target": 0.763461705625936, "params": {"C": 1161.1406472826254, "epsilon": 0.13491336546448685, "gamma": 0.5968779540256008, "lamda": 0.08440994295236916}, "datetime": {"datetime": "2021-09-23 12:03:30", "elapsed": 87.159496, "delta": 0.817003}}
{"target": 0.8404161376933172, "params": {"C": 1251.0562999003366, "epsilon": 0.11373394029436346, "gamma": 0.3346074705739856, "lamda": 0.13516239356584078}, "datetime": {"datetime": "2021-09-23 12:03:31", "elapsed": 87.960143, "delta": 0.800647}}
{"target": 0.9181148788588284, "params": {"C": 1167.2219342655567, "epsilon": 0.14018951789531722, "gamma": 0.056179238341817726, "lamda": 0.1158615530746229}, "datetime": {"datetime": "2021-09-23 12:03:32", "elapsed": 88.930221, "delta": 0.970078}}
{"target": 0.8224574169086178, "params": {"C": 1166.938888257276, "epsilon": 0.1194461514131763, "gamma": 0.3988683908288057, "lamda": 0.16174427813050796}, "datetime": {"datetime": "2021-09-23 12:03:33", "elapsed": 89.762026, "delta": 0.831805}}
{"target": 0.8755335810597217, "params": {"C": 1223.2654717004395, "epsilon": 0.13562724275272958, "gamma": 0.20837155043932443, "lamda": 0.1369474708551049}, "datetime": {"datetime": "2021-09-23 12:03:33", "elapsed": 90.385137, "delta": 0.623111}}
{"target": 0.9172697962747804, "params": {"C": 1229.9359623958903, "epsilon": 0.15, "gamma": 0.05, "lamda": 0.08}, "datetime": {"datetime": "2021-09-23 12:03:34", "elapsed": 91.383992, "delta": 0.998855}}
