{"target": 0.9195554205036637, "params": {"C": 570.2675813900564, "epsilon": 0.2814343193264004, "gamma": 0.02616288357462973, "lamda": 0.012060021138080905}, "datetime": {"datetime": "2021-09-23 22:17:42", "elapsed": 494.383639, "delta": 1.834774}}
{"target": 0.916400463645013, "params": {"C": 665.2880347130935, "epsilon": 0.13539185349014385, "gamma": 0.07, "lamda": 0.17062713183936506}, "datetime": {"datetime": "2021-09-23 22:17:45", "elapsed": 497.078456, "delta": 2.694817}}
{"target": 0.9108195484276262, "params": {"C": 592.8527745923489, "epsilon": 0.583852217067559, "gamma": 0.050115847623680695, "lamda": 0.17948711130008912}, "datetime": {"datetime": "2021-09-23 22:17:46", "elapsed": 498.816364, "delta": 1.737908}}
{"target": 0.9268932429222673, "params": {"C": 639.4152992882865, "epsilon": 0.562798427636451, "gamma": 0.04279989611406187, "lamda": 0.007302110361628783}, "datetime": {"datetime": "2021-09-23 22:17:48", "elapsed": 500.630646, "delta": 1.814282}}
{"target": 0.9077226830708152, "params": {"C": 649.3562981703326, "epsilon": 0.051046947959576205, "gamma": 0.06710519414725374, "lamda": 0.04706062681535874}, "datetime": {"datetime": "2021-09-23 22:17:51", "elapsed": 503.821946, "delta": 3.1913}}
{"target": 0.903485611768392, "params": {"C": 697.0577293330523, "epsilon": 0.47366072404852644, "gamma": 0.03255395462214459, "lamda": 0.28571787020879247}, "datetime": {"datetime": "2021-09-23 22:17:53", "elapsed": 505.459344, "delta": 1.637398}}
{"target": 0.9047958922247988, "params": {"C": 596.4647673863074, "epsilon": 0.589530441911254, "gamma": 0.02336424693851469, "lamda": 0.12176138367228462}, "datetime": {"datetime": "2021-09-23 22:17:55", "elapsed": 507.371782, "delta": 1.912438}}
{"target": 0.9225379871938267, "params": {"C": 666.2630725143509, "epsilon": 0.08523389206512752, "gamma": 0.05887962186275867, "lamda": 0.11509149598511632}, "datetime": {"datetime": "2021-09-23 22:17:58", "elapsed": 510.641675, "delta": 3.269893}}
{"target": 0.8922962027878493, "params": {"C": 640.8592445098996, "epsilon": 0.6931935352260036, "gamma": 0.022664626176245393, "lamda": 0.2218280859597452}, "datetime": {"datetime": "2021-09-23 22:18:00", "elapsed": 512.287669, "delta": 1.645994}}
{"target": 0.8965323671158967, "params": {"C": 652.4014227669413, "epsilon": 0.5044468083110161, "gamma": 0.016431565556320946, "lamda": 0.11935481571268808}, "datetime": {"datetime": "2021-09-23 22:18:02", "elapsed": 514.075453, "delta": 1.787784}}
{"target": 0.9093270631544228, "params": {"C": 615.5872206860513, "epsilon": 0.9389531817571337, "gamma": 0.04680043909277897, "lamda": 0.12644610981249163}, "datetime": {"datetime": "2021-09-23 22:18:04", "elapsed": 515.904966, "delta": 1.829513}}
{"target": 0.918698774921688, "params": {"C": 584.7693506491725, "epsilon": 0.03603376966177858, "gamma": 0.06364719917423572, "lamda": 0.182457136507029}, "datetime": {"datetime": "2021-09-23 22:18:07", "elapsed": 519.235894, "delta": 3.330928}}
{"target": 0.9036218583475257, "params": {"C": 584.4409992804589, "epsilon": 0.26715588089622333, "gamma": 0.015108739625424604, "lamda": 0.058961201154231875}, "datetime": {"datetime": "2021-09-23 22:18:10", "elapsed": 522.435361, "delta": 3.199467}}
{"target": 0.9205604535163142, "params": {"C": 666.2806889001066, "epsilon": 0.08822860736300675, "gamma": 0.023928677087806258, "lamda": 0.08363915466623768}, "datetime": {"datetime": "2021-09-23 22:18:13", "elapsed": 524.993829, "delta": 2.558468}}
{"target": 0.868906802230051, "params": {"C": 556.9855406276131, "epsilon": 0.7644746480472299, "gamma": 0.017201185713739093, "lamda": 0.37966582299564844}, "datetime": {"datetime": "2021-09-23 22:18:14", "elapsed": 526.630663, "delta": 1.636834}}
{"target": 0.9222423569615357, "params": {"C": 583.9100213735366, "epsilon": 0.3780979588635712, "gamma": 0.038222183900920345, "lamda": 0.08072072079911106}, "datetime": {"datetime": "2021-09-23 22:18:17", "elapsed": 529.086664, "delta": 2.456001}}
{"target": 0.9083440402071384, "params": {"C": 595.2281907268804, "epsilon": 0.9743529651749532, "gamma": 0.06498682135430485, "lamda": 0.10479596368896968}, "datetime": {"datetime": "2021-09-23 22:18:19", "elapsed": 530.966219, "delta": 1.879555}}
{"target": 0.9182727001833214, "params": {"C": 553.5091415694671, "epsilon": 0.07856309807191655, "gamma": 0.024284751270297812, "lamda": 0.14096127188034174}, "datetime": {"datetime": "2021-09-23 22:18:21", "elapsed": 533.544681, "delta": 2.578462}}
{"target": 0.9264487975697973, "params": {"C": 584.5747153742632, "epsilon": 0.22189174610928164, "gamma": 0.04281772772622396, "lamda": 0.07407697198188798}, "datetime": {"datetime": "2021-09-23 22:18:24", "elapsed": 536.389496, "delta": 2.844815}}
{"target": 0.9236132921720717, "params": {"C": 584.496826360689, "epsilon": 0.125000333155026, "gamma": 0.05583474595496418, "lamda": 0.12777965731507804}, "datetime": {"datetime": "2021-09-23 22:18:27", "elapsed": 539.269357, "delta": 2.879861}}
{"target": 0.9277008432044684, "params": {"C": 591.4859463291963, "epsilon": 0.8280571824812709, "gamma": 0.041034969753782555, "lamda": 0.010096138168025012}, "datetime": {"datetime": "2021-09-23 22:18:29", "elapsed": 540.966882, "delta": 1.697525}}
{"target": 0.9085415364835929, "params": {"C": 638.9873163500025, "epsilon": 0.29973952925928715, "gamma": 0.03575004732854738, "lamda": 0.3549918123680863}, "datetime": {"datetime": "2021-09-23 22:18:31", "elapsed": 542.87558, "delta": 1.908698}}
{"target": 0.9258355068300332, "params": {"C": 584.5640050382976, "epsilon": 0.25063184013862916, "gamma": 0.05179249209801392, "lamda": 0.029578494941962036}, "datetime": {"datetime": "2021-09-23 22:18:33", "elapsed": 545.2256, "delta": 2.35002}}
{"target": 0.9017079433997309, "params": {"C": 586.8078905310748, "epsilon": 0.7108294001421352, "gamma": 0.027461452269230822, "lamda": 0.170560507665015}, "datetime": {"datetime": "2021-09-23 22:18:35", "elapsed": 547.242153, "delta": 2.016553}}
{"target": 0.8909391325970478, "params": {"C": 566.6765880327403, "epsilon": 0.81795664420853, "gamma": 0.055097643738716215, "lamda": 0.3627801170554955}, "datetime": {"datetime": "2021-09-23 22:18:37", "elapsed": 548.909926, "delta": 1.667773}}
{"target": 0.9211095869716757, "params": {"C": 556.1213297434653, "epsilon": 0.23543647425202674, "gamma": 0.05375424618441548, "lamda": 0.13073927206582636}, "datetime": {"datetime": "2021-09-23 22:18:39", "elapsed": 551.695306, "delta": 2.78538}}
{"target": 0.9071006013111371, "params": {"C": 673.9830338528141, "epsilon": 0.7984774829327275, "gamma": 0.0263469419871475, "lamda": 0.09439382039070471}, "datetime": {"datetime": "2021-09-23 22:18:41", "elapsed": 553.772627, "delta": 2.077321}}
{"target": 0.926920816167258, "params": {"C": 584.6394914019093, "epsilon": 0.1257143824575713, "gamma": 0.04757098517446055, "lamda": 0.04094989207878454}, "datetime": {"datetime": "2021-09-23 22:18:44", "elapsed": 556.140075, "delta": 2.367448}}
{"target": 0.888780097157545, "params": {"C": 591.6336848138824, "epsilon": 0.5667125977332578, "gamma": 0.019387129385400957, "lamda": 0.2476496770729437}, "datetime": {"datetime": "2021-09-23 22:18:46", "elapsed": 557.977884, "delta": 1.837809}}
{"target": 0.9252652275634828, "params": {"C": 584.5963350753365, "epsilon": 0.13611808427004565, "gamma": 0.053143328732852206, "lamda": 0.07788841947552129}, "datetime": {"datetime": "2021-09-23 22:18:48", "elapsed": 560.605816, "delta": 2.627932}}
{"target": 0.9234662143181215, "params": {"C": 553.0961564203967, "epsilon": 0.07344055570816707, "gamma": 0.03202841813040942, "lamda": 0.19765056546189191}, "datetime": {"datetime": "2021-09-23 22:18:51", "elapsed": 563.598568, "delta": 2.992752}}
{"target": 0.9087246729683696, "params": {"C": 666.3608562889444, "epsilon": 0.05148712043096957, "gamma": 0.0165488266238389, "lamda": 0.16691962033665803}, "datetime": {"datetime": "2021-09-23 22:18:54", "elapsed": 566.742534, "delta": 3.143966}}
{"target": 0.8976057302286338, "params": {"C": 568.9474142023777, "epsilon": 0.9145555811212792, "gamma": 0.06362935492667825, "lamda": 0.2284662350281005}, "datetime": {"datetime": "2021-09-23 22:18:56", "elapsed": 568.668653, "delta": 1.926119}}
{"target": 0.9193503234313328, "params": {"C": 662.2285849084137, "epsilon": 0.15732347164969188, "gamma": 0.061865172906199126, "lamda": 0.16769857187153095}, "datetime": {"datetime": "2021-09-23 22:19:00", "elapsed": 571.995009, "delta": 3.326356}}
{"target": 0.9020175999440945, "params": {"C": 671.4781815168601, "epsilon": 0.4575696534335564, "gamma": 0.04351182075732465, "lamda": 0.3886494294453821}, "datetime": {"datetime": "2021-09-23 22:19:02", "elapsed": 574.081997, "delta": 2.086988}}
{"target": 0.9251115335333593, "params": {"C": 665.2967454215889, "epsilon": 0.07424543881516613, "gamma": 0.039200036061768875, "lamda": 0.2553755182933516}, "datetime": {"datetime": "2021-09-23 22:19:04", "elapsed": 576.423174, "delta": 2.341177}}
{"target": 0.8982686239769646, "params": {"C": 661.7759480520831, "epsilon": 0.859866934990085, "gamma": 0.05710251814804424, "lamda": 0.2526121976690217}, "datetime": {"datetime": "2021-09-23 22:19:06", "elapsed": 578.72581, "delta": 2.302636}}
{"target": 0.9095259264973665, "params": {"C": 604.2239490419137, "epsilon": 0.0776990082243026, "gamma": 0.01970392748844647, "lamda": 0.3235279755561597}, "datetime": {"datetime": "2021-09-23 22:19:09", "elapsed": 581.737163, "delta": 3.011353}}
{"target": 0.8811710654555249, "params": {"C": 610.8554420284381, "epsilon": 0.2808379805507062, "gamma": 0.012207809335038497, "lamda": 0.2865774683827298}, "datetime": {"datetime": "2021-09-23 22:19:11", "elapsed": 583.648925, "delta": 1.911762}}
{"target": 0.9165086433799592, "params": {"C": 631.9856973800438, "epsilon": 0.03641568629750888, "gamma": 0.06689903657910932, "lamda": 0.2260672794354147}, "datetime": {"datetime": "2021-09-23 22:19:14", "elapsed": 585.931202, "delta": 2.282277}}
{"target": 0.9279171310910406, "params": {"C": 584.8535092731242, "epsilon": 0.0714388275833206, "gamma": 0.036011708358742976, "lamda": 0.093869837331223}, "datetime": {"datetime": "2021-09-23 22:19:18", "elapsed": 590.441342, "delta": 4.51014}}
{"target": 0.9235455088757376, "params": {"C": 583.873213289186, "epsilon": 0.40256033101551847, "gamma": 0.05099949254995997, "lamda": 0.058610887698496934}, "datetime": {"datetime": "2021-09-23 22:19:22", "elapsed": 593.962585, "delta": 3.521243}}
{"target": 0.9215296077101218, "params": {"C": 666.0373520972643, "epsilon": 0.16769346828340623, "gamma": 0.06112824169789945, "lamda": 0.09293576868998442}, "datetime": {"datetime": "2021-09-23 22:19:25", "elapsed": 597.61718, "delta": 3.654595}}
{"target": 0.9066287885192565, "params": {"C": 666.0258006576599, "epsilon": 0.119020556901318, "gamma": 0.015134973495206802, "lamda": 0.043316994429732227}, "datetime": {"datetime": "2021-09-23 22:19:30", "elapsed": 602.626598, "delta": 5.009418}}
{"target": 0.9181173383448408, "params": {"C": 553.0616556794112, "epsilon": 0.06505077658926262, "gamma": 0.022533262480700082, "lamda": 0.11200530058864566}, "datetime": {"datetime": "2021-09-23 22:19:34", "elapsed": 606.578181, "delta": 3.951583}}
{"target": 0.8894647532312103, "params": {"C": 649.3172476768441, "epsilon": 0.033357988304418794, "gamma": 0.010487739933889193, "lamda": 0.12456695250847018}, "datetime": {"datetime": "2021-09-23 22:19:39", "elapsed": 610.905077, "delta": 4.326896}}
{"target": 0.8733795097883916, "params": {"C": 632.6128186654712, "epsilon": 0.4672437911628543, "gamma": 0.013253744652353402, "lamda": 0.32564525004963457}, "datetime": {"datetime": "2021-09-23 22:19:41", "elapsed": 613.010095, "delta": 2.105018}}
{"target": 0.8989615801857653, "params": {"C": 553.5681122060033, "epsilon": 0.09413109955359057, "gamma": 0.014071132402882543, "lamda": 0.2727899489445941}, "datetime": {"datetime": "2021-09-23 22:19:44", "elapsed": 616.741056, "delta": 3.730961}}
{"target": 0.9122012966612696, "params": {"C": 649.1934100998778, "epsilon": 0.12501134798233393, "gamma": 0.023186752970109782, "lamda": 0.28310813360424936}, "datetime": {"datetime": "2021-09-23 22:19:47", "elapsed": 619.408456, "delta": 2.6674}}
{"target": 0.9169624054939669, "params": {"C": 577.6208707662906, "epsilon": 0.3697556075784426, "gamma": 0.06962600870394142, "lamda": 0.066485000933984}, "datetime": {"datetime": "2021-09-23 22:19:49", "elapsed": 621.490191, "delta": 2.081735}}
{"target": 0.9123992193391149, "params": {"C": 687.5744267161119, "epsilon": 0.6073747166836607, "gamma": 0.05086945098826015, "lamda": 0.15065843218991296}, "datetime": {"datetime": "2021-09-23 22:19:52", "elapsed": 623.905525, "delta": 2.415334}}
{"target": 0.9183854433267818, "params": {"C": 614.892968337892, "epsilon": 0.2356795046712035, "gamma": 0.04880396475141729, "lamda": 0.21176946326117455}, "datetime": {"datetime": "2021-09-23 22:19:53", "elapsed": 625.763344, "delta": 1.857819}}
{"target": 0.9267485051806148, "params": {"C": 620.2112242286674, "epsilon": 0.18547280400277338, "gamma": 0.03287354621570304, "lamda": 0.042613698204143624}, "datetime": {"datetime": "2021-09-23 22:19:56", "elapsed": 628.531496, "delta": 2.768152}}
{"target": 0.9255605858301659, "params": {"C": 649.3851986572251, "epsilon": 0.07017774822797385, "gamma": 0.029641325008610483, "lamda": 0.09654333275219001}, "datetime": {"datetime": "2021-09-23 22:19:58", "elapsed": 630.550392, "delta": 2.018896}}
{"target": 0.9179333306596842, "params": {"C": 577.5803826944904, "epsilon": 0.0933037511626517, "gamma": 0.05909421212673848, "lamda": 0.3655517941965795}, "datetime": {"datetime": "2021-09-23 22:20:01", "elapsed": 633.174548, "delta": 2.624156}}
{"target": 0.9088452638040492, "params": {"C": 584.6135582158503, "epsilon": 0.1558492305713608, "gamma": 0.06587165962352626, "lamda": 0.010377061507626274}, "datetime": {"datetime": "2021-09-23 22:20:05", "elapsed": 637.542568, "delta": 4.36802}}
{"target": 0.8978998788318964, "params": {"C": 629.7344109892466, "epsilon": 0.049684447065402926, "gamma": 0.011638717694656497, "lamda": 0.1902037387596081}, "datetime": {"datetime": "2021-09-23 22:20:08", "elapsed": 640.324356, "delta": 2.781788}}
{"target": 0.8846528980143238, "params": {"C": 625.0387491635056, "epsilon": 0.9644575409170655, "gamma": 0.06411579715767467, "lamda": 0.3585044260933558}, "datetime": {"datetime": "2021-09-23 22:20:10", "elapsed": 642.277431, "delta": 1.953075}}
{"target": 0.9218675958135458, "params": {"C": 603.7157091687249, "epsilon": 0.0734524091146469, "gamma": 0.02797433938244636, "lamda": 0.1697079765790409}, "datetime": {"datetime": "2021-09-23 22:20:12", "elapsed": 644.630709, "delta": 2.353278}}
{"target": 0.9198994666714465, "params": {"C": 665.3348002229325, "epsilon": 0.11242804899900011, "gamma": 0.026082456769930026, "lamda": 0.15495486056744884}, "datetime": {"datetime": "2021-09-23 22:20:17", "elapsed": 649.410369, "delta": 4.77966}}
{"target": 0.9043973974319746, "params": {"C": 565.4672417572817, "epsilon": 0.13086575886392396, "gamma": 0.016542369295654284, "lamda": 0.2071848236046668}, "datetime": {"datetime": "2021-09-23 22:20:21", "elapsed": 653.203621, "delta": 3.793252}}
{"target": 0.9265224977195526, "params": {"C": 604.1251976384037, "epsilon": 0.03822623113023102, "gamma": 0.04546667166800755, "lamda": 0.2896695155986736}, "datetime": {"datetime": "2021-09-23 22:20:24", "elapsed": 656.538157, "delta": 3.334536}}
{"target": 0.8884780290699443, "params": {"C": 684.3423968272809, "epsilon": 0.4209701057373354, "gamma": 0.01817534689809938, "lamda": 0.2934711926578111}, "datetime": {"datetime": "2021-09-23 22:20:26", "elapsed": 658.616637, "delta": 2.07848}}
{"target": 0.9144159474359442, "params": {"C": 584.6694038991359, "epsilon": 0.10272404023623626, "gamma": 0.07, "lamda": 0.07178725196024739}, "datetime": {"datetime": "2021-09-23 22:20:31", "elapsed": 663.204654, "delta": 4.588017}}
{"target": 0.9229547677116388, "params": {"C": 589.014142280686, "epsilon": 0.2589188678170241, "gamma": 0.03170738383905766, "lamda": 0.07802651433134082}, "datetime": {"datetime": "2021-09-23 22:20:34", "elapsed": 666.009197, "delta": 2.804543}}
{"target": 0.917139786183532, "params": {"C": 565.451841890379, "epsilon": 0.1476102916348117, "gamma": 0.06988780183319614, "lamda": 0.10747358956504534}, "datetime": {"datetime": "2021-09-23 22:20:38", "elapsed": 669.869783, "delta": 3.860586}}
{"target": 0.926876417585696, "params": {"C": 620.1622418408141, "epsilon": 0.1710787008194228, "gamma": 0.03170125830671305, "lamda": 0.035133021766493674}, "datetime": {"datetime": "2021-09-23 22:20:41", "elapsed": 673.152334, "delta": 3.282551}}
{"target": 0.9204098892133706, "params": {"C": 665.6282609650121, "epsilon": 0.11706864110256286, "gamma": 0.059154453480088603, "lamda": 0.20621095484912705}, "datetime": {"datetime": "2021-09-23 22:20:44", "elapsed": 676.217093, "delta": 3.064759}}
{"target": 0.9026108832104525, "params": {"C": 639.4746743541268, "epsilon": 0.6104337609949733, "gamma": 0.016325172394492632, "lamda": 0.05885135265073474}, "datetime": {"datetime": "2021-09-23 22:20:48", "elapsed": 680.164384, "delta": 3.947291}}
{"target": 0.9096530792441379, "params": {"C": 672.1390858985794, "epsilon": 0.7405837294882137, "gamma": 0.04489020386542871, "lamda": 0.15575402100550093}, "datetime": {"datetime": "2021-09-23 22:20:51", "elapsed": 682.86415, "delta": 2.699766}}
{"target": 0.913253932141533, "params": {"C": 635.106741910679, "epsilon": 0.4936029532388031, "gamma": 0.031205781421421427, "lamda": 0.12440107137737934}, "datetime": {"datetime": "2021-09-23 22:20:52", "elapsed": 684.842705, "delta": 1.978555}}
{"target": 0.9069925410560746, "params": {"C": 690.4037485956076, "epsilon": 0.303491098424829, "gamma": 0.03037152079194417, "lamda": 0.319142755469297}, "datetime": {"datetime": "2021-09-23 22:20:55", "elapsed": 687.210913, "delta": 2.368208}}
{"target": 0.9162064621912308, "params": {"C": 584.4606768193783, "epsilon": 0.15495969215424882, "gamma": 0.06919922788331422, "lamda": 0.17856440483857017}, "datetime": {"datetime": "2021-09-23 22:20:59", "elapsed": 691.220354, "delta": 4.009441}}
{"target": 0.9144125402880257, "params": {"C": 624.7237018328348, "epsilon": 0.674018300359642, "gamma": 0.06478819672043534, "lamda": 0.08031807688387645}, "datetime": {"datetime": "2021-09-23 22:21:01", "elapsed": 693.362439, "delta": 2.142085}}
{"target": 0.9215458555217388, "params": {"C": 666.2444593443238, "epsilon": 0.17755930002796422, "gamma": 0.02611132686789308, "lamda": 0.06493899725854665}, "datetime": {"datetime": "2021-09-23 22:21:06", "elapsed": 697.921832, "delta": 4.559393}}
{"target": 0.921568589435295, "params": {"C": 565.5380059982956, "epsilon": 0.17472842787984097, "gamma": 0.05923418149097189, "lamda": 0.11654296269694098}, "datetime": {"datetime": "2021-09-23 22:21:12", "elapsed": 704.184178, "delta": 6.262346}}
{"target": 0.9098555740251767, "params": {"C": 694.7905301115636, "epsilon": 0.9792573499552895, "gamma": 0.01705412492997458, "lamda": 0.009406631541909297}, "datetime": {"datetime": "2021-09-23 22:21:16", "elapsed": 708.458117, "delta": 4.273939}}
{"target": 0.9219572171559804, "params": {"C": 584.3620823620402, "epsilon": 0.23943774595129075, "gamma": 0.03797222172721729, "lamda": 0.006771526272249018}, "datetime": {"datetime": "2021-09-23 22:21:22", "elapsed": 714.33329, "delta": 5.875173}}
{"target": 0.9161316159857698, "params": {"C": 612.9436865521562, "epsilon": 0.08170638480737004, "gamma": 0.07, "lamda": 0.12864821210957803}, "datetime": {"datetime": "2021-09-23 22:21:27", "elapsed": 719.275991, "delta": 4.942701}}
{"target": 0.9105670840789212, "params": {"C": 550.6818581246097, "epsilon": 0.809668006954886, "gamma": 0.055445552175549355, "lamda": 0.12581194133727966}, "datetime": {"datetime": "2021-09-23 22:21:32", "elapsed": 724.224811, "delta": 4.94882}}
{"target": 0.8945355688578673, "params": {"C": 649.8775484028868, "epsilon": 0.8677606771254649, "gamma": 0.044305261247922535, "lamda": 0.3025380816352963}, "datetime": {"datetime": "2021-09-23 22:21:35", "elapsed": 726.955166, "delta": 2.730355}}
{"target": 0.9072238103407272, "params": {"C": 645.9431212261434, "epsilon": 0.6286623417377912, "gamma": 0.045407250872507104, "lamda": 0.21723534167301062}, "datetime": {"datetime": "2021-09-23 22:21:39", "elapsed": 731.001929, "delta": 4.046763}}
{"target": 0.8760649592304729, "params": {"C": 563.752121129164, "epsilon": 0.9446458193200601, "gamma": 0.017871619369956283, "lamda": 0.24807740988990634}, "datetime": {"datetime": "2021-09-23 22:21:41", "elapsed": 733.712556, "delta": 2.710627}}
{"target": 0.9143123040337087, "params": {"C": 609.4830175358442, "epsilon": 0.3337664139606963, "gamma": 0.05282880829230415, "lamda": 0.2205483057913983}, "datetime": {"datetime": "2021-09-23 22:21:44", "elapsed": 736.398936, "delta": 2.68638}}
{"target": 0.901160616152155, "params": {"C": 652.8067255252575, "epsilon": 0.461121353594804, "gamma": 0.055700576982317895, "lamda": 0.3949900835058084}, "datetime": {"datetime": "2021-09-23 22:21:47", "elapsed": 739.534286, "delta": 3.13535}}
{"target": 0.9235407564109167, "params": {"C": 558.8888062860229, "epsilon": 0.036540115818147326, "gamma": 0.046113307350641744, "lamda": 0.06561574011886925}, "datetime": {"datetime": "2021-09-23 22:21:50", "elapsed": 742.764549, "delta": 3.230263}}
{"target": 0.9245449842135056, "params": {"C": 620.2575746251224, "epsilon": 0.2023595856820918, "gamma": 0.03228807855601165, "lamda": 0.07686045256172591}, "datetime": {"datetime": "2021-09-23 22:21:55", "elapsed": 747.533558, "delta": 4.769009}}
{"target": 0.872699345862356, "params": {"C": 679.4397760566204, "epsilon": 0.7935996606927134, "gamma": 0.01666281480034839, "lamda": 0.3024728215641701}, "datetime": {"datetime": "2021-09-23 22:21:59", "elapsed": 751.45343, "delta": 3.919872}}
