{"target": -2.5500150944582196, "params": {"C": 95.23171922853709, "epsilon": 0.8811063944752773, "gamma": 0.14497841666134131, "lamda": 0.40246174651712074}, "datetime": {"datetime": "2021-09-23 12:48:15", "elapsed": 243.925504, "delta": 0.859486}}
{"target": -2.0628034689034425, "params": {"C": 102.58106790336906, "epsilon": 0.04773528507797156, "gamma": 0.057706631086672705, "lamda": 0.36948754588256766}, "datetime": {"datetime": "2021-09-23 12:48:16", "elapsed": 245.576056, "delta": 1.650552}}
{"target": -2.1847152633155074, "params": {"C": 142.3598957189207, "epsilon": 0.33401673848156543, "gamma": 0.0820631530695085, "lamda": 0.3198530603344311}, "datetime": {"datetime": "2021-09-23 12:48:17", "elapsed": 246.51063, "delta": 0.934574}}
{"target": -2.042433260543532, "params": {"C": 111.64854853918554, "epsilon": 0.9029758496113561, "gamma": 0.07010240945926866, "lamda": 0.012723913546546325}, "datetime": {"datetime": "2021-09-23 12:48:18", "elapsed": 247.586245, "delta": 1.075615}}
{"target": -2.349455175781083, "params": {"C": 112.17835796006284, "epsilon": 0.7713128169347315, "gamma": 0.08218737351742134, "lamda": 0.31138630680750623}, "datetime": {"datetime": "2021-09-23 12:48:19", "elapsed": 248.482035, "delta": 0.89579}}
{"target": -2.1224529910303698, "params": {"C": 109.41671757745826, "epsilon": 0.6706147672730902, "gamma": 0.04, "lamda": 0.01}, "datetime": {"datetime": "2021-09-23 12:48:22", "elapsed": 251.080821, "delta": 2.598786}}
{"target": -2.0319796976325057, "params": {"C": 82.337133155258, "epsilon": 0.13080834631528587, "gamma": 0.07343907777226182, "lamda": 0.16155627301257844}, "datetime": {"datetime": "2021-09-23 12:48:23", "elapsed": 251.95288, "delta": 0.872059}}
{"target": -2.127723881513701, "params": {"C": 82.19368438200384, "epsilon": 0.046428349007871746, "gamma": 0.04362325916294936, "lamda": 0.2365573958007719}, "datetime": {"datetime": "2021-09-23 12:48:25", "elapsed": 253.951014, "delta": 1.998134}}
{"target": -2.170417561828173, "params": {"C": 82.30519258795391, "epsilon": 0.272416130953335, "gamma": 0.13355899014712402, "lamda": 0.06462443730153665}, "datetime": {"datetime": "2021-09-23 12:48:26", "elapsed": 255.600455, "delta": 1.649441}}
{"target": -2.1527601529046247, "params": {"C": 125.87989282111091, "epsilon": 0.5370253750034975, "gamma": 0.07701522489214593, "lamda": 0.19354337187483092}, "datetime": {"datetime": "2021-09-23 12:48:27", "elapsed": 256.590311, "delta": 0.989856}}
{"target": -2.131699118648529, "params": {"C": 82.5653598082479, "epsilon": 0.16845306216397238, "gamma": 0.12587463863260168, "lamda": 0.17612187470273197}, "datetime": {"datetime": "2021-09-23 12:48:30", "elapsed": 258.813854, "delta": 2.223543}}
{"target": -2.0825369738008574, "params": {"C": 82.37471011811077, "epsilon": 0.14082014902068457, "gamma": 0.05392616196656619, "lamda": 0.3724117984892618}, "datetime": {"datetime": "2021-09-23 12:48:32", "elapsed": 261.015701, "delta": 2.201847}}
{"target": -2.275318988690928, "params": {"C": 111.66900201895211, "epsilon": 0.8106063075477982, "gamma": 0.048753167589064186, "lamda": 0.21987410383747397}, "datetime": {"datetime": "2021-09-23 12:48:34", "elapsed": 262.865659, "delta": 1.849958}}
{"target": -2.0598242050376006, "params": {"C": 126.84415402871211, "epsilon": 0.27831197132863594, "gamma": 0.046525436092173765, "lamda": 0.07891951344967398}, "datetime": {"datetime": "2021-09-23 12:48:35", "elapsed": 264.564235, "delta": 1.698576}}
{"target": -2.4438539097908043, "params": {"C": 133.09885037424553, "epsilon": 0.43368844799135303, "gamma": 0.1486321265906925, "lamda": 0.5130856901019138}, "datetime": {"datetime": "2021-09-23 12:48:36", "elapsed": 265.435447, "delta": 0.871212}}
{"target": -2.141723166294186, "params": {"C": 89.05287230379643, "epsilon": 0.39255940658442906, "gamma": 0.04, "lamda": 0.03068650153073632}, "datetime": {"datetime": "2021-09-23 12:48:38", "elapsed": 267.43378, "delta": 1.998333}}
{"target": -2.0823278356999273, "params": {"C": 101.80376667555686, "epsilon": 0.18146979175124153, "gamma": 0.07917108909914498, "lamda": 0.023691442886670088}, "datetime": {"datetime": "2021-09-23 12:48:40", "elapsed": 268.850304, "delta": 1.416524}}
{"target": -2.1301611176417983, "params": {"C": 101.74113739770011, "epsilon": 1.0, "gamma": 0.04, "lamda": 0.01}, "datetime": {"datetime": "2021-09-23 12:48:42", "elapsed": 270.853979, "delta": 2.003675}}
{"target": -2.1298443740970954, "params": {"C": 109.6531460941328, "epsilon": 0.33209235923046904, "gamma": 0.04, "lamda": 0.01}, "datetime": {"datetime": "2021-09-23 12:48:44", "elapsed": 272.836497, "delta": 1.982518}}
{"target": -2.1289762491453463, "params": {"C": 103.06666691570702, "epsilon": 0.9394699898139659, "gamma": 0.04, "lamda": 0.01}, "datetime": {"datetime": "2021-09-23 12:48:46", "elapsed": 274.930199, "delta": 2.093702}}
{"target": -2.181386447387315, "params": {"C": 55.57326539924415, "epsilon": 0.5106359171285951, "gamma": 0.13317718140622123, "lamda": 0.16298743093265103}, "datetime": {"datetime": "2021-09-23 12:48:47", "elapsed": 275.852873, "delta": 0.922674}}
{"target": -2.2070308081009418, "params": {"C": 126.88116596598014, "epsilon": 0.1927341192917355, "gamma": 0.14256113981361823, "lamda": 0.20571636828862058}, "datetime": {"datetime": "2021-09-23 12:48:48", "elapsed": 277.657641, "delta": 1.804768}}
{"target": -2.268035652736491, "params": {"C": 102.6051971562123, "epsilon": 0.001, "gamma": 0.15, "lamda": 0.568015405280602}, "datetime": {"datetime": "2021-09-23 12:48:51", "elapsed": 279.966896, "delta": 2.309255}}
{"target": -2.17210920636822, "params": {"C": 70.34157443647182, "epsilon": 0.001, "gamma": 0.04, "lamda": 0.2677921102494283}, "datetime": {"datetime": "2021-09-23 12:48:53", "elapsed": 282.048102, "delta": 2.081206}}
{"target": -2.01086094569145, "params": {"C": 111.17201256243655, "epsilon": 0.3835861918753617, "gamma": 0.0656273698495539, "lamda": 0.04940518013298856}, "datetime": {"datetime": "2021-09-23 12:48:55", "elapsed": 284.442556, "delta": 2.394454}}
{"target": -2.122610267721739, "params": {"C": 126.92805307718807, "epsilon": 0.18639649894984914, "gamma": 0.06279868404677359, "lamda": 0.4418579739782009}, "datetime": {"datetime": "2021-09-23 12:48:56", "elapsed": 285.439005, "delta": 0.996449}}
{"target": -2.120573039698658, "params": {"C": 100.46676214431176, "epsilon": 0.18626428740447212, "gamma": 0.04493884748353576, "lamda": 0.34251551349018083}, "datetime": {"datetime": "2021-09-23 12:48:57", "elapsed": 286.44331, "delta": 1.004305}}
{"target": -2.135099819386605, "params": {"C": 111.29056999413011, "epsilon": 0.27070022234829594, "gamma": 0.10147463478759555, "lamda": 0.018254861883507573}, "datetime": {"datetime": "2021-09-23 12:48:59", "elapsed": 288.663959, "delta": 2.220649}}
{"target": -2.1571464846816872, "params": {"C": 142.0240450527195, "epsilon": 0.5607648511027321, "gamma": 0.07617642056743576, "lamda": 0.18554580556700756}, "datetime": {"datetime": "2021-09-23 12:49:00", "elapsed": 289.551965, "delta": 0.888006}}
{"target": -2.0700316968072507, "params": {"C": 82.42006556672706, "epsilon": 0.02109184088086002, "gamma": 0.06996044093664613, "lamda": 0.01451581657652459}, "datetime": {"datetime": "2021-09-23 12:49:02", "elapsed": 291.442018, "delta": 1.890053}}
{"target": -2.1044269604660255, "params": {"C": 111.01514384409953, "epsilon": 0.48123913679380537, "gamma": 0.09001974743998861, "lamda": 0.1508137834665552}, "datetime": {"datetime": "2021-09-23 12:49:04", "elapsed": 293.500105, "delta": 2.058087}}
{"target": -2.1618801704108552, "params": {"C": 82.43846831694736, "epsilon": 0.001, "gamma": 0.04, "lamda": 0.22516066851666988}, "datetime": {"datetime": "2021-09-23 12:49:07", "elapsed": 295.711221, "delta": 2.211116}}
{"target": -2.2468081812350564, "params": {"C": 126.80487643606271, "epsilon": 0.4739427062196562, "gamma": 0.1489041167007575, "lamda": 0.037267045009428734}, "datetime": {"datetime": "2021-09-23 12:49:08", "elapsed": 297.37713, "delta": 1.665909}}
{"target": -2.4041693914766404, "params": {"C": 93.98450476511832, "epsilon": 0.9876696407028837, "gamma": 0.07888484362701696, "lamda": 0.31505756886693603}, "datetime": {"datetime": "2021-09-23 12:49:09", "elapsed": 298.344994, "delta": 0.967864}}
{"target": -2.0649881212167696, "params": {"C": 110.94465590632389, "epsilon": 0.3570947763502725, "gamma": 0.051208471930903915, "lamda": 0.019559814566567697}, "datetime": {"datetime": "2021-09-23 12:49:11", "elapsed": 300.659284, "delta": 2.31429}}
{"target": -2.002370451559475, "params": {"C": 111.13270928670298, "epsilon": 0.13614334072320916, "gamma": 0.06760307409435234, "lamda": 0.1539570060171339}, "datetime": {"datetime": "2021-09-23 12:49:14", "elapsed": 302.74279, "delta": 2.083506}}
{"target": -2.037168051477937, "params": {"C": 110.99010837700452, "epsilon": 0.15227300167457486, "gamma": 0.09061256132490589, "lamda": 0.09609511265863192}, "datetime": {"datetime": "2021-09-23 12:49:16", "elapsed": 305.456607, "delta": 2.713817}}
{"target": -2.2071529213922774, "params": {"C": 111.24051113343286, "epsilon": 0.37027762894394406, "gamma": 0.1357223308077027, "lamda": 0.18120164522110338}, "datetime": {"datetime": "2021-09-23 12:49:19", "elapsed": 308.421051, "delta": 2.964444}}
{"target": -2.2648680047049936, "params": {"C": 111.22478913693442, "epsilon": 0.02909124406623415, "gamma": 0.13423409015539994, "lamda": 0.07144934098831639}, "datetime": {"datetime": "2021-09-23 12:49:21", "elapsed": 310.442807, "delta": 2.021756}}
{"target": -2.1036498432515356, "params": {"C": 110.94222985171675, "epsilon": 0.03802703698389772, "gamma": 0.0415899047298696, "lamda": 0.26874260042957665}, "datetime": {"datetime": "2021-09-23 12:49:24", "elapsed": 313.139467, "delta": 2.69666}}
{"target": -2.0037549637445475, "params": {"C": 111.15415289152656, "epsilon": 0.11464775818480126, "gamma": 0.06295103037639566, "lamda": 0.29602850883102966}, "datetime": {"datetime": "2021-09-23 12:49:27", "elapsed": 315.732807, "delta": 2.59334}}
{"target": -2.1503321413093315, "params": {"C": 108.8347896562181, "epsilon": 0.6196304924052002, "gamma": 0.120850337833975, "lamda": 0.0217550532756325}, "datetime": {"datetime": "2021-09-23 12:49:28", "elapsed": 317.014431, "delta": 1.281624}}
{"target": -2.4620761783019436, "params": {"C": 63.74423987472582, "epsilon": 0.9038650572709301, "gamma": 0.05191941546241602, "lamda": 0.4229449601517839}, "datetime": {"datetime": "2021-09-23 12:49:29", "elapsed": 318.054253, "delta": 1.039822}}
{"target": -2.063822041582691, "params": {"C": 101.24241130019722, "epsilon": 0.3592238274192046, "gamma": 0.07138480684699564, "lamda": 0.017105904560160198}, "datetime": {"datetime": "2021-09-23 12:49:30", "elapsed": 319.3513, "delta": 1.297047}}
{"target": -2.202118613353793, "params": {"C": 111.03983421039547, "epsilon": 0.24615844843110707, "gamma": 0.13632982921179104, "lamda": 0.2350279939874259}, "datetime": {"datetime": "2021-09-23 12:49:32", "elapsed": 321.656376, "delta": 2.305076}}
{"target": -2.33138258565878, "params": {"C": 60.97753842913046, "epsilon": 0.2884699140188305, "gamma": 0.13580131303157952, "lamda": 0.5296484813916573}, "datetime": {"datetime": "2021-09-23 12:49:35", "elapsed": 324.235198, "delta": 2.578822}}
{"target": -2.0649162464376367, "params": {"C": 111.30712935698388, "epsilon": 0.10668216219427691, "gamma": 0.050516909689711384, "lamda": 0.40021369637386844}, "datetime": {"datetime": "2021-09-23 12:49:37", "elapsed": 326.433076, "delta": 2.197878}}
{"target": -2.0226683847134423, "params": {"C": 137.59696049723357, "epsilon": 0.8656967351196462, "gamma": 0.05132174753916209, "lamda": 0.040146011775934964}, "datetime": {"datetime": "2021-09-23 12:49:38", "elapsed": 327.675266, "delta": 1.24219}}
{"target": -2.107442234017033, "params": {"C": 86.11049752521404, "epsilon": 0.014319073083850331, "gamma": 0.0963109302977521, "lamda": 0.48135280754559945}, "datetime": {"datetime": "2021-09-23 12:49:40", "elapsed": 328.866724, "delta": 1.191458}}
{"target": -2.2571260237398785, "params": {"C": 119.9842356081863, "epsilon": 0.5188323702860256, "gamma": 0.10789931791792279, "lamda": 0.24701204972530474}, "datetime": {"datetime": "2021-09-23 12:49:41", "elapsed": 329.953488, "delta": 1.086764}}
{"target": -2.144219830186729, "params": {"C": 137.72270008057868, "epsilon": 0.6431999398803223, "gamma": 0.08456650261958568, "lamda": 0.1430806437128374}, "datetime": {"datetime": "2021-09-23 12:49:43", "elapsed": 332.0196, "delta": 2.066112}}
{"target": -2.106725930268656, "params": {"C": 137.46473089739132, "epsilon": 0.7666113180608319, "gamma": 0.09655044220661618, "lamda": 0.0804580497846978}, "datetime": {"datetime": "2021-09-23 12:49:45", "elapsed": 334.203859, "delta": 2.184259}}
{"target": -2.0677108466033887, "params": {"C": 111.10099772845538, "epsilon": 0.21875446744680432, "gamma": 0.04665136055082493, "lamda": 0.01994926698816891}, "datetime": {"datetime": "2021-09-23 12:49:48", "elapsed": 336.949658, "delta": 2.745799}}
{"target": -2.26436597575673, "params": {"C": 137.60025162102954, "epsilon": 0.8617168754295987, "gamma": 0.04709756221651141, "lamda": 0.19150933478931123}, "datetime": {"datetime": "2021-09-23 12:49:50", "elapsed": 339.351306, "delta": 2.401648}}
{"target": -2.1027662224512422, "params": {"C": 137.61773887926807, "epsilon": 0.7336834384139037, "gamma": 0.04, "lamda": 0.01}, "datetime": {"datetime": "2021-09-23 12:49:53", "elapsed": 341.76733, "delta": 2.416024}}
{"target": -2.2386013080125644, "params": {"C": 110.80841205052243, "epsilon": 0.18320440221649437, "gamma": 0.12722774880609303, "lamda": 0.01639477119485372}, "datetime": {"datetime": "2021-09-23 12:49:55", "elapsed": 344.133978, "delta": 2.366648}}
{"target": -2.195241764748722, "params": {"C": 82.26916890778998, "epsilon": 0.2985062584904245, "gamma": 0.04, "lamda": 0.30693985111698446}, "datetime": {"datetime": "2021-09-23 12:49:57", "elapsed": 346.507813, "delta": 2.373835}}
{"target": -2.400685370612789, "params": {"C": 102.9329248218726, "epsilon": 0.45527382486404167, "gamma": 0.1329013963109952, "lamda": 0.4591347853385845}, "datetime": {"datetime": "2021-09-23 12:49:58", "elapsed": 347.62717, "delta": 1.119357}}
{"target": -2.122790892909113, "params": {"C": 126.68172727569471, "epsilon": 0.1678021505025223, "gamma": 0.04, "lamda": 0.01}, "datetime": {"datetime": "2021-09-23 12:50:01", "elapsed": 350.369883, "delta": 2.742713}}
{"target": -2.0610459983187974, "params": {"C": 111.1177093687512, "epsilon": 0.5271573473603173, "gamma": 0.06812906777031853, "lamda": 0.013003182211781232}, "datetime": {"datetime": "2021-09-23 12:50:04", "elapsed": 353.029015, "delta": 2.659132}}
{"target": -2.0749498718558694, "params": {"C": 61.001623708235954, "epsilon": 0.2129858506713985, "gamma": 0.0973658250005239, "lamda": 0.15693300894833795}, "datetime": {"datetime": "2021-09-23 12:50:06", "elapsed": 354.859365, "delta": 1.83035}}
{"target": -2.136601512147695, "params": {"C": 60.75886126400471, "epsilon": 0.20087053671165844, "gamma": 0.046410552825928424, "lamda": 0.035625412343072566}, "datetime": {"datetime": "2021-09-23 12:50:09", "elapsed": 357.851297, "delta": 2.991932}}
{"target": -2.1576673992764386, "params": {"C": 61.24894121007295, "epsilon": 0.05138682427168083, "gamma": 0.1069044148125815, "lamda": 0.17797385132139934}, "datetime": {"datetime": "2021-09-23 12:50:11", "elapsed": 360.400338, "delta": 2.549041}}
{"target": -2.2831186071009553, "params": {"C": 62.90353504646823, "epsilon": 0.38105816222958583, "gamma": 0.10564958726205978, "lamda": 0.41954413239285443}, "datetime": {"datetime": "2021-09-23 12:50:12", "elapsed": 361.599696, "delta": 1.199358}}
{"target": -2.41047822582237, "params": {"C": 83.55317196885267, "epsilon": 0.5864539411660202, "gamma": 0.08242899209627463, "lamda": 0.49306496019802204}, "datetime": {"datetime": "2021-09-23 12:50:14", "elapsed": 362.835971, "delta": 1.236275}}
{"target": -2.129353498413036, "params": {"C": 69.4647708865557, "epsilon": 0.24067786914786568, "gamma": 0.05021366878537237, "lamda": 0.3155898148479839}, "datetime": {"datetime": "2021-09-23 12:50:16", "elapsed": 365.030794, "delta": 2.194823}}
{"target": -2.2719771616724964, "params": {"C": 77.26901281794913, "epsilon": 0.5671799356374028, "gamma": 0.15, "lamda": 0.01}, "datetime": {"datetime": "2021-09-23 12:50:19", "elapsed": 368.170425, "delta": 3.139631}}
{"target": -2.5186363584053346, "params": {"C": 113.0430477358723, "epsilon": 0.6694810483139467, "gamma": 0.13998988967215, "lamda": 0.4773694080310818}, "datetime": {"datetime": "2021-09-23 12:50:20", "elapsed": 369.282946, "delta": 1.112521}}
{"target": -2.0614347852551056, "params": {"C": 102.590177648561, "epsilon": 0.17006589828920202, "gamma": 0.049817705174309355, "lamda": 0.23044131229821205}, "datetime": {"datetime": "2021-09-23 12:50:23", "elapsed": 372.271407, "delta": 2.988461}}
{"target": -2.169408577595978, "params": {"C": 88.84932105682017, "epsilon": 0.18428309364576026, "gamma": 0.04, "lamda": 0.01}, "datetime": {"datetime": "2021-09-23 12:50:27", "elapsed": 375.781311, "delta": 3.509904}}
{"target": -2.0700967955849623, "params": {"C": 85.31573317892511, "epsilon": 0.19316682045124414, "gamma": 0.07449555995103005, "lamda": 0.3390253099858493}, "datetime": {"datetime": "2021-09-23 12:50:28", "elapsed": 377.078698, "delta": 1.297387}}
{"target": -2.217847897947307, "params": {"C": 70.93364830889149, "epsilon": 0.6596886575327346, "gamma": 0.1427741594669669, "lamda": 0.12415335147089827}, "datetime": {"datetime": "2021-09-23 12:50:29", "elapsed": 378.61692, "delta": 1.538222}}
{"target": -2.1257709344006597, "params": {"C": 60.87150874755475, "epsilon": 0.05495922974102843, "gamma": 0.09417507026809842, "lamda": 0.20744058991144623}, "datetime": {"datetime": "2021-09-23 12:50:33", "elapsed": 382.571399, "delta": 3.954479}}
{"target": -2.1073285330680234, "params": {"C": 111.12850778960382, "epsilon": 0.03133540273385792, "gamma": 0.04232753054785924, "lamda": 0.3721791970555398}, "datetime": {"datetime": "2021-09-23 12:50:38", "elapsed": 386.809526, "delta": 4.238127}}
{"target": -2.0951030383233182, "params": {"C": 85.16577696722835, "epsilon": 0.03506760457956057, "gamma": 0.048010147757686104, "lamda": 0.32245782973666726}, "datetime": {"datetime": "2021-09-23 12:50:41", "elapsed": 389.822404, "delta": 3.012878}}
{"target": -2.13864942757478, "params": {"C": 85.40410379617065, "epsilon": 0.001, "gamma": 0.04, "lamda": 0.3798117140087525}, "datetime": {"datetime": "2021-09-23 12:50:44", "elapsed": 392.950249, "delta": 3.127845}}
{"target": -2.0186393376784224, "params": {"C": 85.17225669579679, "epsilon": 0.19809599705043315, "gamma": 0.08385659082398203, "lamda": 0.15901273647131273}, "datetime": {"datetime": "2021-09-23 12:50:46", "elapsed": 395.50304, "delta": 2.552791}}
{"target": -2.115868090281437, "params": {"C": 85.06218971110184, "epsilon": 0.28086600050181804, "gamma": 0.04298541491511087, "lamda": 0.16286933807874363}, "datetime": {"datetime": "2021-09-23 12:50:49", "elapsed": 397.97517, "delta": 2.47213}}
{"target": -2.2244008992748023, "params": {"C": 85.31399736568989, "epsilon": 0.10344676292146399, "gamma": 0.15, "lamda": 0.14130819663419722}, "datetime": {"datetime": "2021-09-23 12:50:53", "elapsed": 401.807138, "delta": 3.831968}}
{"target": -2.0561696588264424, "params": {"C": 85.29827165661092, "epsilon": 0.3710042028023202, "gamma": 0.05404465777632861, "lamda": 0.1306685493960413}, "datetime": {"datetime": "2021-09-23 12:50:56", "elapsed": 405.661882, "delta": 3.854744}}
{"target": -2.3126689792093713, "params": {"C": 85.18237440941076, "epsilon": 0.3888675627262668, "gamma": 0.12415141059982371, "lamda": 0.39423161653428074}, "datetime": {"datetime": "2021-09-23 12:51:00", "elapsed": 408.806885, "delta": 3.145003}}
{"target": -2.0460506425345533, "params": {"C": 84.9860274620934, "epsilon": 0.07664580426759227, "gamma": 0.06812103664865349, "lamda": 0.17856920956438446}, "datetime": {"datetime": "2021-09-23 12:51:03", "elapsed": 412.249017, "delta": 3.442132}}
{"target": -2.1093564186342224, "params": {"C": 61.1032972451245, "epsilon": 0.12903715735098822, "gamma": 0.11752501071374027, "lamda": 0.3355086431060372}, "datetime": {"datetime": "2021-09-23 12:51:04", "elapsed": 413.582771, "delta": 1.333754}}
{"target": -2.141061065752492, "params": {"C": 85.10951724284092, "epsilon": 0.1624178262939701, "gamma": 0.043784721497700296, "lamda": 0.010415507114967762}, "datetime": {"datetime": "2021-09-23 12:51:07", "elapsed": 416.40435, "delta": 2.821579}}
{"target": -2.1626592528018507, "params": {"C": 76.98993860964428, "epsilon": 0.36465589650846675, "gamma": 0.04, "lamda": 0.17926929697181962}, "datetime": {"datetime": "2021-09-23 12:51:10", "elapsed": 419.231237, "delta": 2.826887}}
{"target": -2.060131737000295, "params": {"C": 84.76975457852708, "epsilon": 0.06914655238603246, "gamma": 0.09430565999147136, "lamda": 0.2633803293624}, "datetime": {"datetime": "2021-09-23 12:51:13", "elapsed": 421.962323, "delta": 2.731086}}
{"target": -2.592744968331433, "params": {"C": 87.14917897661954, "epsilon": 0.7836696594647979, "gamma": 0.12343380105221727, "lamda": 0.5558212559217821}, "datetime": {"datetime": "2021-09-23 12:51:14", "elapsed": 423.213675, "delta": 1.251352}}
{"target": -2.1851456256834254, "params": {"C": 61.49688121655718, "epsilon": 0.694990640055928, "gamma": 0.10013603880625488, "lamda": 0.16389544390565464}, "datetime": {"datetime": "2021-09-23 12:51:15", "elapsed": 424.39067, "delta": 1.176995}}
{"target": -2.0675837397029726, "params": {"C": 84.8389874531361, "epsilon": 0.004932301722208008, "gamma": 0.06847077246866254, "lamda": 0.03780612690235842}, "datetime": {"datetime": "2021-09-23 12:51:18", "elapsed": 427.663701, "delta": 3.273031}}
