{"target": 0.8868726855332089, "params": {"C": 652.9193065714827, "epsilon": 0.6798103780253164, "gamma": 0.028205701193274757, "lamda": 0.38711623056022165}, "datetime": {"datetime": "2021-09-23 22:25:34", "elapsed": 20.147741, "delta": 0.917998}}
{"target": 0.9249034586728528, "params": {"C": 749.5461823192577, "epsilon": 0.05697677083400467, "gamma": 0.0430910027144322, "lamda": 0.3231812419854612}, "datetime": {"datetime": "2021-09-23 22:25:34", "elapsed": 20.649743, "delta": 0.502002}}
{"target": 0.9183722092393907, "params": {"C": 650.468094747924, "epsilon": 0.5194409895162766, "gamma": 0.046616465768687214, "lamda": 0.09962233242153017}, "datetime": {"datetime": "2021-09-23 22:25:35", "elapsed": 21.184912, "delta": 0.535169}}
{"target": 0.9180214384881947, "params": {"C": 746.1073023266083, "epsilon": 0.0943648777378669, "gamma": 0.058817940695245735, "lamda": 0.3593937206570151}, "datetime": {"datetime": "2021-09-23 22:25:35", "elapsed": 21.630734, "delta": 0.445822}}
{"target": 0.9206114747699599, "params": {"C": 679.6701763829934, "epsilon": 0.9069316082261485, "gamma": 0.050692477338904016, "lamda": 0.03897098724273471}, "datetime": {"datetime": "2021-09-23 22:25:36", "elapsed": 22.544737, "delta": 0.914003}}
{"target": 0.9113780853571322, "params": {"C": 673.0520773490383, "epsilon": 0.799390704162155, "gamma": 0.06558497066623334, "lamda": 0.09358558380939572}, "datetime": {"datetime": "2021-09-23 22:25:37", "elapsed": 23.712538, "delta": 1.167801}}
{"target": 0.9224624720489265, "params": {"C": 717.1231879032938, "epsilon": 0.33171345383548945, "gamma": 0.04848404464993309, "lamda": 0.08962069304487898}, "datetime": {"datetime": "2021-09-23 22:25:38", "elapsed": 24.26654, "delta": 0.554002}}
{"target": 0.9246896024420914, "params": {"C": 729.6941038691748, "epsilon": 0.10388750633669525, "gamma": 0.05342873158116468, "lamda": 0.1387409476178079}, "datetime": {"datetime": "2021-09-23 22:25:38", "elapsed": 24.745244, "delta": 0.478704}}
{"target": 0.9220574247329637, "params": {"C": 684.4071059513419, "epsilon": 0.1860091073566148, "gamma": 0.04620317369869396, "lamda": 0.1670153547815606}, "datetime": {"datetime": "2021-09-23 22:25:40", "elapsed": 26.499605, "delta": 1.754361}}
{"target": 0.9128368465482399, "params": {"C": 776.7008455712158, "epsilon": 0.7234042494440275, "gamma": 0.055594425361332994, "lamda": 0.1144583620145433}, "datetime": {"datetime": "2021-09-23 22:25:41", "elapsed": 26.985014, "delta": 0.485409}}
{"target": 0.9155246629797211, "params": {"C": 756.4657593596345, "epsilon": 0.22143393082596188, "gamma": 0.0508233880436226, "lamda": 0.2943059357236201}, "datetime": {"datetime": "2021-09-23 22:25:41", "elapsed": 27.477531, "delta": 0.492517}}
{"target": 0.9182949726757901, "params": {"C": 684.3869195061047, "epsilon": 0.20062067017799398, "gamma": 0.06080649165506695, "lamda": 0.1783045924836603}, "datetime": {"datetime": "2021-09-23 22:25:42", "elapsed": 27.939139, "delta": 0.461608}}
{"target": 0.9280092278331155, "params": {"C": 684.6851051332758, "epsilon": 0.05949246555376489, "gamma": 0.03394175967965393, "lamda": 0.1055815403891673}, "datetime": {"datetime": "2021-09-23 22:25:42", "elapsed": 28.609137, "delta": 0.669998}}
{"target": 0.9086713643732431, "params": {"C": 729.847946260627, "epsilon": 0.04058424045727163, "gamma": 0.01746198459290198, "lamda": 0.39547969386652054}, "datetime": {"datetime": "2021-09-23 22:25:43", "elapsed": 29.324352, "delta": 0.715215}}
{"target": 0.9167400394083145, "params": {"C": 684.6846899253379, "epsilon": 0.11199996666422109, "gamma": 0.06033343658629748, "lamda": 0.35878573418330856}, "datetime": {"datetime": "2021-09-23 22:25:44", "elapsed": 30.322351, "delta": 0.997999}}
{"target": 0.9263030087599279, "params": {"C": 653.4061561819049, "epsilon": 0.08779039524932611, "gamma": 0.04911507778121615, "lamda": 0.14764845943093302}, "datetime": {"datetime": "2021-09-23 22:25:45", "elapsed": 30.901955, "delta": 0.579604}}
{"target": 0.9186346272419501, "params": {"C": 684.4188518467348, "epsilon": 0.03875884868821152, "gamma": 0.024666935755511987, "lamda": 0.06223540180176673}, "datetime": {"datetime": "2021-09-23 22:25:45", "elapsed": 31.812437, "delta": 0.910482}}
{"target": 0.8995916250694446, "params": {"C": 653.2313934493023, "epsilon": 0.21758793862072703, "gamma": 0.07, "lamda": 0.001}, "datetime": {"datetime": "2021-09-23 22:25:47", "elapsed": 32.845071, "delta": 1.032634}}
{"target": 0.897733940551563, "params": {"C": 653.4335925507191, "epsilon": 0.0634774933873428, "gamma": 0.012806049448034438, "lamda": 0.34202329901112216}, "datetime": {"datetime": "2021-09-23 22:25:47", "elapsed": 33.553233, "delta": 0.708162}}
{"target": 0.923298504623743, "params": {"C": 652.9137598549482, "epsilon": 0.06367927146149432, "gamma": 0.028483307942453344, "lamda": 0.16408008683447237}, "datetime": {"datetime": "2021-09-23 22:25:48", "elapsed": 34.483233, "delta": 0.93}}
{"target": 0.9205438466561705, "params": {"C": 653.6264020795525, "epsilon": 0.05210593163236554, "gamma": 0.0549079983615883, "lamda": 0.05971178814707134}, "datetime": {"datetime": "2021-09-23 22:25:49", "elapsed": 35.402413, "delta": 0.91918}}
{"target": 0.9194429634859826, "params": {"C": 765.6310014409634, "epsilon": 0.13579166838084097, "gamma": 0.06535424656927846, "lamda": 0.10874730456558501}, "datetime": {"datetime": "2021-09-23 22:25:50", "elapsed": 36.404682, "delta": 1.002269}}
{"target": 0.9257879680994372, "params": {"C": 684.9274138803481, "epsilon": 0.03480189731337192, "gamma": 0.033861742644238496, "lamda": 0.08456545602341735}, "datetime": {"datetime": "2021-09-23 22:25:52", "elapsed": 37.84516, "delta": 1.440478}}
{"target": 0.9227502160069497, "params": {"C": 684.9031734403212, "epsilon": 0.21943956860788216, "gamma": 0.052331097993134325, "lamda": 0.11371557755632179}, "datetime": {"datetime": "2021-09-23 22:25:52", "elapsed": 38.539783, "delta": 0.694623}}
{"target": 0.9189500803957718, "params": {"C": 765.8964610773592, "epsilon": 0.09834847012074484, "gamma": 0.026905258541924798, "lamda": 0.24395559903775513}, "datetime": {"datetime": "2021-09-23 22:25:53", "elapsed": 39.381156, "delta": 0.841373}}
{"target": 0.8702056453312745, "params": {"C": 765.6622361633083, "epsilon": 0.27086959354068124, "gamma": 0.010349602316977135, "lamda": 0.38923675299408733}, "datetime": {"datetime": "2021-09-23 22:25:54", "elapsed": 40.192158, "delta": 0.811002}}
{"target": 0.9004592128247736, "params": {"C": 684.9928661900522, "epsilon": 0.07790712463669255, "gamma": 0.013918397010506619, "lamda": 0.31722861080948}, "datetime": {"datetime": "2021-09-23 22:25:55", "elapsed": 40.912155, "delta": 0.719997}}
{"target": 0.917742076438303, "params": {"C": 684.5634791580817, "epsilon": 0.2011555658426774, "gamma": 0.038243423863610404, "lamda": 0.25554064648966907}, "datetime": {"datetime": "2021-09-23 22:25:55", "elapsed": 41.621157, "delta": 0.709002}}
{"target": 0.910473840802238, "params": {"C": 765.3820770343477, "epsilon": 0.2121562813519773, "gamma": 0.027446234016696852, "lamda": 0.2856791376981919}, "datetime": {"datetime": "2021-09-23 22:25:56", "elapsed": 42.290158, "delta": 0.669001}}
{"target": 0.9186313165907795, "params": {"C": 764.5366476689961, "epsilon": 0.41602432813207946, "gamma": 0.05865241832198205, "lamda": 0.0935931003695684}, "datetime": {"datetime": "2021-09-23 22:25:57", "elapsed": 42.949157, "delta": 0.658999}}
{"target": 0.9081585749427695, "params": {"C": 776.8817910667973, "epsilon": 0.25597798420827467, "gamma": 0.06559187778085611, "lamda": 0.3611023605156928}, "datetime": {"datetime": "2021-09-23 22:25:57", "elapsed": 43.70516, "delta": 0.756003}}
{"target": 0.9169665247168637, "params": {"C": 652.9761905452116, "epsilon": 0.14786937417897633, "gamma": 0.03080598137634539, "lamda": 0.28410484764419663}, "datetime": {"datetime": "2021-09-23 22:25:58", "elapsed": 44.383157, "delta": 0.677997}}
{"target": 0.9027100399375452, "params": {"C": 713.2368839013984, "epsilon": 0.7695819628835003, "gamma": 0.06045065778099424, "lamda": 0.21462818631946584}, "datetime": {"datetime": "2021-09-23 22:25:59", "elapsed": 45.707288, "delta": 1.324131}}
{"target": 0.9287628392717336, "params": {"C": 684.7931496575223, "epsilon": 0.12264977057067779, "gamma": 0.03995764729586038, "lamda": 0.04705370770551248}, "datetime": {"datetime": "2021-09-23 22:26:01", "elapsed": 46.888286, "delta": 1.180998}}
{"target": 0.9279836624470359, "params": {"C": 749.3579249899744, "epsilon": 0.04397284069471075, "gamma": 0.04134774023261692, "lamda": 0.23397365247916724}, "datetime": {"datetime": "2021-09-23 22:26:01", "elapsed": 47.749177, "delta": 0.860891}}
{"target": 0.9112541639227263, "params": {"C": 749.3601954269279, "epsilon": 0.1562799789719092, "gamma": 0.06684284506966646, "lamda": 0.3952232115848426}, "datetime": {"datetime": "2021-09-23 22:26:02", "elapsed": 48.71421, "delta": 0.965033}}
{"target": 0.9215112361623766, "params": {"C": 749.584892566232, "epsilon": 0.10746324333891705, "gamma": 0.060511272506297585, "lamda": 0.10171820809432845}, "datetime": {"datetime": "2021-09-23 22:26:03", "elapsed": 49.478205, "delta": 0.763995}}
{"target": 0.9188677804499669, "params": {"C": 749.3553338850829, "epsilon": 0.140594445719175, "gamma": 0.02245352592574084, "lamda": 0.06534825087806219}, "datetime": {"datetime": "2021-09-23 22:26:04", "elapsed": 50.243202, "delta": 0.764997}}
{"target": 0.9008469860419881, "params": {"C": 708.7925795619855, "epsilon": 0.03801425058959908, "gamma": 0.012723914076975658, "lamda": 0.2474041442078309}, "datetime": {"datetime": "2021-09-23 22:26:05", "elapsed": 50.894205, "delta": 0.651003}}
{"target": 0.9183082661314267, "params": {"C": 685.1577659575661, "epsilon": 0.2135899666134034, "gamma": 0.025534546585574424, "lamda": 0.008312419695057457}, "datetime": {"datetime": "2021-09-23 22:26:06", "elapsed": 52.196486, "delta": 1.302281}}
{"target": 0.8697302408615195, "params": {"C": 704.5666127820167, "epsilon": 0.723909244098786, "gamma": 0.016547865355545414, "lamda": 0.3665853435181578}, "datetime": {"datetime": "2021-09-23 22:26:07", "elapsed": 52.899578, "delta": 0.703092}}
{"target": 0.9166096841973836, "params": {"C": 710.5508639140027, "epsilon": 0.22335637385703005, "gamma": 0.03714894764100106, "lamda": 0.2530254597944453}, "datetime": {"datetime": "2021-09-23 22:26:07", "elapsed": 53.761164, "delta": 0.861586}}
{"target": 0.9157520077600844, "params": {"C": 729.4412726294605, "epsilon": 0.06106982789307887, "gamma": 0.061803104307574144, "lamda": 0.06878252496824462}, "datetime": {"datetime": "2021-09-23 22:26:09", "elapsed": 54.960757, "delta": 1.199593}}
{"target": 0.89908147951162, "params": {"C": 789.0467452255798, "epsilon": 0.9536415485667779, "gamma": 0.015188328390230318, "lamda": 0.04149861486142341}, "datetime": {"datetime": "2021-09-23 22:26:09", "elapsed": 55.698232, "delta": 0.737475}}
{"target": 0.9012856828532654, "params": {"C": 714.6929799869266, "epsilon": 0.44648293359166236, "gamma": 0.028775607302263473, "lamda": 0.29363790168061665}, "datetime": {"datetime": "2021-09-23 22:26:10", "elapsed": 56.252232, "delta": 0.554}}
{"target": 0.8963433801585771, "params": {"C": 654.6705804082111, "epsilon": 0.5931835434233267, "gamma": 0.015365777078472266, "lamda": 0.08721564339898263}, "datetime": {"datetime": "2021-09-23 22:26:11", "elapsed": 56.912715, "delta": 0.660483}}
{"target": 0.9166466812394286, "params": {"C": 710.89556475776, "epsilon": 0.2011943225949777, "gamma": 0.0662750801231838, "lamda": 0.1722348597774261}, "datetime": {"datetime": "2021-09-23 22:26:12", "elapsed": 57.854094, "delta": 0.941379}}
{"target": 0.9176850235873786, "params": {"C": 675.3541720925116, "epsilon": 0.08333755853124372, "gamma": 0.06034625521770918, "lamda": 0.37110537972593094}, "datetime": {"datetime": "2021-09-23 22:26:12", "elapsed": 58.543799, "delta": 0.689705}}
{"target": 0.9204938276584329, "params": {"C": 674.5578479463159, "epsilon": 0.26992416715379364, "gamma": 0.04208577579446828, "lamda": 0.14541119433956218}, "datetime": {"datetime": "2021-09-23 22:26:13", "elapsed": 59.527127, "delta": 0.983328}}
{"target": 0.8978826035572814, "params": {"C": 765.8063510366753, "epsilon": 0.03, "gamma": 0.07, "lamda": 0.05861545754919601}, "datetime": {"datetime": "2021-09-23 22:26:14", "elapsed": 60.616128, "delta": 1.089001}}
{"target": 0.9204968565589877, "params": {"C": 674.4718348143233, "epsilon": 0.4500681396988694, "gamma": 0.05981466841764238, "lamda": 0.015895550066022876}, "datetime": {"datetime": "2021-09-23 22:26:15", "elapsed": 61.791745, "delta": 1.175617}}
{"target": 0.9126876901606047, "params": {"C": 749.2199473546223, "epsilon": 0.14211048957868105, "gamma": 0.06833741397481563, "lamda": 0.34612875507632634}, "datetime": {"datetime": "2021-09-23 22:26:16", "elapsed": 62.554745, "delta": 0.763}}
{"target": 0.917832780430343, "params": {"C": 684.5388593138327, "epsilon": 0.1739190535812062, "gamma": 0.05449711211585903, "lamda": 0.26638211775354015}, "datetime": {"datetime": "2021-09-23 22:26:17", "elapsed": 63.289612, "delta": 0.734867}}
{"target": 0.906394967549182, "params": {"C": 674.2447232949404, "epsilon": 0.43697716454861424, "gamma": 0.0691068592845463, "lamda": 0.2388711572923857}, "datetime": {"datetime": "2021-09-23 22:26:18", "elapsed": 64.040791, "delta": 0.751179}}
{"target": 0.872318610740485, "params": {"C": 684.6109518997591, "epsilon": 0.10777310599116634, "gamma": 0.01, "lamda": 0.001}, "datetime": {"datetime": "2021-09-23 22:26:19", "elapsed": 65.585845, "delta": 1.545054}}
{"target": 0.8927942970254881, "params": {"C": 652.984924191455, "epsilon": 0.09427402300889064, "gamma": 0.010790589661951667, "lamda": 0.05931371974260254}, "datetime": {"datetime": "2021-09-23 22:26:21", "elapsed": 67.302245, "delta": 1.7164}}
{"target": 0.9072865699200934, "params": {"C": 684.8549705387805, "epsilon": 0.10262169445962284, "gamma": 0.06277789986688453, "lamda": 0.012213288887424564}, "datetime": {"datetime": "2021-09-23 22:26:22", "elapsed": 68.189104, "delta": 0.886859}}
{"target": 0.9216998191227099, "params": {"C": 684.7390315090621, "epsilon": 0.041164750399849966, "gamma": 0.025480968712711653, "lamda": 0.18459017123323376}, "datetime": {"datetime": "2021-09-23 22:26:23", "elapsed": 69.269014, "delta": 1.07991}}
{"target": 0.9007497147457623, "params": {"C": 763.81407205596, "epsilon": 0.5238881381520016, "gamma": 0.020092360359869454, "lamda": 0.13394338251117271}, "datetime": {"datetime": "2021-09-23 22:26:24", "elapsed": 70.011425, "delta": 0.742411}}
{"target": 0.926292394438866, "params": {"C": 684.7632118863733, "epsilon": 0.12220545700263999, "gamma": 0.04739469571421381, "lamda": 0.12408419999783268}, "datetime": {"datetime": "2021-09-23 22:26:25", "elapsed": 70.943424, "delta": 0.931999}}
{"target": 0.9212448858815665, "params": {"C": 653.4113391848422, "epsilon": 0.12685387094667228, "gamma": 0.02844289215688816, "lamda": 0.15696984885301934}, "datetime": {"datetime": "2021-09-23 22:26:25", "elapsed": 71.567549, "delta": 0.624125}}
{"target": 0.9243139541290946, "params": {"C": 684.8990040784207, "epsilon": 0.12974020298932576, "gamma": 0.05074178353240228, "lamda": 0.14705535689948718}, "datetime": {"datetime": "2021-09-23 22:26:27", "elapsed": 73.200339, "delta": 1.63279}}
{"target": 0.8986041575960164, "params": {"C": 780.2632648632482, "epsilon": 0.7959292186370986, "gamma": 0.06049574738962546, "lamda": 0.25855767007288327}, "datetime": {"datetime": "2021-09-23 22:26:27", "elapsed": 73.832958, "delta": 0.632619}}
{"target": 0.9164245327527167, "params": {"C": 749.4612996584763, "epsilon": 0.07722465239846812, "gamma": 0.024848872402096062, "lamda": 0.32934636940134765}, "datetime": {"datetime": "2021-09-23 22:26:28", "elapsed": 74.767959, "delta": 0.935001}}
{"target": 0.9187808834863769, "params": {"C": 684.547193156766, "epsilon": 0.14967656293288037, "gamma": 0.05636954018211054, "lamda": 0.2526593008168518}, "datetime": {"datetime": "2021-09-23 22:26:29", "elapsed": 75.485573, "delta": 0.717614}}
{"target": 0.9110566273119151, "params": {"C": 684.5831103382396, "epsilon": 0.1963882820136853, "gamma": 0.02563119361859577, "lamda": 0.2553360802288156}, "datetime": {"datetime": "2021-09-23 22:26:30", "elapsed": 76.228577, "delta": 0.743004}}
{"target": 0.9135134608981138, "params": {"C": 661.2993878527205, "epsilon": 0.5412863314333759, "gamma": 0.06458752949409159, "lamda": 0.11272405197337206}, "datetime": {"datetime": "2021-09-23 22:26:31", "elapsed": 77.059409, "delta": 0.830832}}
{"target": 0.9176331306362483, "params": {"C": 749.5052689851866, "epsilon": 0.1428244847802958, "gamma": 0.027242042723758866, "lamda": 0.20542885325250632}, "datetime": {"datetime": "2021-09-23 22:26:32", "elapsed": 77.877428, "delta": 0.818019}}
{"target": 0.8961878917260233, "params": {"C": 684.8059428588326, "epsilon": 0.18288247636893307, "gamma": 0.011514912950965558, "lamda": 0.09513122736697642}, "datetime": {"datetime": "2021-09-23 22:26:33", "elapsed": 79.168778, "delta": 1.29135}}
{"target": 0.900206913663381, "params": {"C": 664.2405198502441, "epsilon": 0.6158346053251317, "gamma": 0.028929232904324254, "lamda": 0.23123778970736691}, "datetime": {"datetime": "2021-09-23 22:26:34", "elapsed": 79.924937, "delta": 0.756159}}
{"target": 0.9247189110466674, "params": {"C": 684.4525195653705, "epsilon": 0.18931796921492336, "gamma": 0.05122858733867553, "lamda": 0.026525100455325912}, "datetime": {"datetime": "2021-09-23 22:26:34", "elapsed": 80.631932, "delta": 0.706995}}
{"target": 0.9210308994679245, "params": {"C": 653.1087511786952, "epsilon": 0.14083638563671202, "gamma": 0.035353827554949785, "lamda": 0.22223584501331317}, "datetime": {"datetime": "2021-09-23 22:26:35", "elapsed": 81.462853, "delta": 0.830921}}
{"target": 0.923777788298419, "params": {"C": 749.3700425760144, "epsilon": 0.03193454137936554, "gamma": 0.027613801042001, "lamda": 0.09649835186150367}, "datetime": {"datetime": "2021-09-23 22:26:36", "elapsed": 82.371573, "delta": 0.90872}}
{"target": 0.8976394700582921, "params": {"C": 749.4236372063851, "epsilon": 0.06882705277996168, "gamma": 0.011647712457537198, "lamda": 0.21185304335286134}, "datetime": {"datetime": "2021-09-23 22:26:37", "elapsed": 83.24894, "delta": 0.877367}}
{"target": 0.9177805266054758, "params": {"C": 684.9604311489766, "epsilon": 0.4677101742567653, "gamma": 0.06802859727838093, "lamda": 0.04802691288163459}, "datetime": {"datetime": "2021-09-23 22:26:38", "elapsed": 84.237645, "delta": 0.988705}}
{"target": 0.9283453746024721, "params": {"C": 684.8648044556552, "epsilon": 0.06761116726353955, "gamma": 0.04362939454265438, "lamda": 0.10858999413817537}, "datetime": {"datetime": "2021-09-23 22:26:39", "elapsed": 85.084645, "delta": 0.847}}
{"target": 0.9280047814644108, "params": {"C": 684.6437071702499, "epsilon": 0.04712718790327815, "gamma": 0.03596377162296309, "lamda": 0.1722624786014756}, "datetime": {"datetime": "2021-09-23 22:26:39", "elapsed": 85.769173, "delta": 0.684528}}
{"target": 0.9160525785308689, "params": {"C": 724.7332713386055, "epsilon": 0.6678857848740779, "gamma": 0.06309517416898137, "lamda": 0.07003032387803912}, "datetime": {"datetime": "2021-09-23 22:26:40", "elapsed": 86.508458, "delta": 0.739285}}
{"target": 0.9194114633279187, "params": {"C": 778.6677521790733, "epsilon": 0.27222863265745145, "gamma": 0.046860868259423975, "lamda": 0.1674937157763118}, "datetime": {"datetime": "2021-09-23 22:26:41", "elapsed": 87.188064, "delta": 0.679606}}
{"target": 0.8917221391038676, "params": {"C": 682.105502938116, "epsilon": 0.3398439368681727, "gamma": 0.014415515842233988, "lamda": 0.18032579906708}, "datetime": {"datetime": "2021-09-23 22:26:42", "elapsed": 87.886428, "delta": 0.698364}}
{"target": 0.918837356131069, "params": {"C": 684.4961255987853, "epsilon": 0.05424509202609333, "gamma": 0.023886534354342764, "lamda": 0.20845345597671658}, "datetime": {"datetime": "2021-09-23 22:26:42", "elapsed": 88.713098, "delta": 0.82667}}
{"target": 0.9192290929035898, "params": {"C": 684.3670592694332, "epsilon": 0.14828307836467358, "gamma": 0.06493395369471619, "lamda": 0.07372971467483208}, "datetime": {"datetime": "2021-09-23 22:26:44", "elapsed": 89.915853, "delta": 1.202755}}
{"target": 0.9139998169898322, "params": {"C": 684.5140424210448, "epsilon": 0.2334024664953397, "gamma": 0.022612321206453394, "lamda": 0.12140099227130256}, "datetime": {"datetime": "2021-09-23 22:26:44", "elapsed": 90.842848, "delta": 0.926995}}
{"target": 0.9284157948011303, "params": {"C": 685.0175110967247, "epsilon": 0.06774372232669346, "gamma": 0.04318075641797095, "lamda": 0.10813598944150048}, "datetime": {"datetime": "2021-09-23 22:26:46", "elapsed": 92.212582, "delta": 1.369734}}
{"target": 0.9262948163555993, "params": {"C": 685.0215231791052, "epsilon": 0.19132506741916355, "gamma": 0.04120314408093084, "lamda": 0.09470740513372072}, "datetime": {"datetime": "2021-09-23 22:26:47", "elapsed": 93.255075, "delta": 1.042493}}
{"target": 0.9188342408379431, "params": {"C": 685.0458383430081, "epsilon": 0.1384206546649278, "gamma": 0.02808481132159818, "lamda": 0.1973589386577135}, "datetime": {"datetime": "2021-09-23 22:26:48", "elapsed": 94.180198, "delta": 0.925123}}
{"target": 0.9228774904004617, "params": {"C": 685.0566962467303, "epsilon": 0.29675876383410815, "gamma": 0.034939336099101354, "lamda": 0.08794063704595462}, "datetime": {"datetime": "2021-09-23 22:26:49", "elapsed": 95.244009, "delta": 1.063811}}
{"target": 0.9230835560027353, "params": {"C": 749.3096676621959, "epsilon": 0.07933138641562362, "gamma": 0.051588952883754605, "lamda": 0.2594820766771913}, "datetime": {"datetime": "2021-09-23 22:26:50", "elapsed": 96.247456, "delta": 1.003447}}
{"target": 0.9158774898580001, "params": {"C": 685.0093681216581, "epsilon": 0.13576477168700304, "gamma": 0.01974046013342559, "lamda": 0.047417858249875315}, "datetime": {"datetime": "2021-09-23 22:26:51", "elapsed": 97.308539, "delta": 1.061083}}
