{"target": -2.1590792383932915, "params": {"C": 207.78954083015395, "epsilon": 0.7321729870756547, "gamma": 0.05575290328445216, "lamda": 0.17747588216292892}, "datetime": {"datetime": "2021-09-23 14:09:29", "elapsed": 615.070977, "delta": 1.617486}}
{"target": -1.9408590503567802, "params": {"C": 251.01399589111043, "epsilon": 0.18430180691117048, "gamma": 0.03321613218966416, "lamda": 0.040548163714692706}, "datetime": {"datetime": "2021-09-23 14:09:32", "elapsed": 618.348028, "delta": 3.277051}}
{"target": -2.0677388623370745, "params": {"C": 309.65338397297853, "epsilon": 0.5350116876767981, "gamma": 0.020207517890467094, "lamda": 0.04869371734370097}, "datetime": {"datetime": "2021-09-23 14:09:34", "elapsed": 620.617905, "delta": 2.269877}}
{"target": -1.9570038604386901, "params": {"C": 251.04737762347276, "epsilon": 0.27799889773318937, "gamma": 0.04532882668912646, "lamda": 0.09902053110167443}, "datetime": {"datetime": "2021-09-23 14:09:37", "elapsed": 622.89919, "delta": 2.281285}}
{"target": -2.156316941455185, "params": {"C": 343.93805714305523, "epsilon": 0.6887603504560469, "gamma": 0.05140167876536282, "lamda": 0.1947229983350155}, "datetime": {"datetime": "2021-09-23 14:09:38", "elapsed": 624.558726, "delta": 1.659536}}
{"target": -1.924371342615828, "params": {"C": 265.5679841180354, "epsilon": 0.16154745609962107, "gamma": 0.04049883832827897, "lamda": 0.0576282325877879}, "datetime": {"datetime": "2021-09-23 14:09:41", "elapsed": 627.309805, "delta": 2.751079}}
{"target": -2.137478435740746, "params": {"C": 269.25464830837586, "epsilon": 0.2291188093031379, "gamma": 0.021471872890025664, "lamda": 0.2189839059876641}, "datetime": {"datetime": "2021-09-23 14:09:43", "elapsed": 628.879371, "delta": 1.569566}}
{"target": -2.0168488121524746, "params": {"C": 300.2456894907309, "epsilon": 0.03509286438049674, "gamma": 0.05793269105273954, "lamda": 0.17576234245386763}, "datetime": {"datetime": "2021-09-23 14:09:45", "elapsed": 630.704404, "delta": 1.825033}}
{"target": -2.030959555973622, "params": {"C": 250.9840295559387, "epsilon": 0.3105058987056539, "gamma": 0.06, "lamda": 0.01780323581384703}, "datetime": {"datetime": "2021-09-23 14:09:47", "elapsed": 633.179055, "delta": 2.474651}}
{"target": -2.0257942918725638, "params": {"C": 251.00034721822828, "epsilon": 0.036587136027074724, "gamma": 0.024993354750291675, "lamda": 0.21209709944568922}, "datetime": {"datetime": "2021-09-23 14:09:50", "elapsed": 636.035785, "delta": 2.85673}}
{"target": -1.9941734025787399, "params": {"C": 265.6011912005012, "epsilon": 0.09576916379696257, "gamma": 0.046238008257476065, "lamda": 0.019219923566793314}, "datetime": {"datetime": "2021-09-23 14:09:52", "elapsed": 638.650291, "delta": 2.614506}}
{"target": -1.9816830648801196, "params": {"C": 184.2448229499227, "epsilon": 0.23598580758927917, "gamma": 0.05875942602046694, "lamda": 0.030228748063371905}, "datetime": {"datetime": "2021-09-23 14:09:56", "elapsed": 642.062668, "delta": 3.412377}}
{"target": -2.027832891829983, "params": {"C": 314.9053078375002, "epsilon": 0.45547218723394817, "gamma": 0.06, "lamda": 0.015}, "datetime": {"datetime": "2021-09-23 14:09:58", "elapsed": 644.51662, "delta": 2.453952}}
{"target": -1.9362771342556657, "params": {"C": 265.5112748910186, "epsilon": 0.09368549051251278, "gamma": 0.04473239828391154, "lamda": 0.08924235050222443}, "datetime": {"datetime": "2021-09-23 14:10:01", "elapsed": 647.293623, "delta": 2.777003}}
{"target": -1.9556937669770813, "params": {"C": 251.0734996019463, "epsilon": 0.14063743423820774, "gamma": 0.030601005987529205, "lamda": 0.14360668853378245}, "datetime": {"datetime": "2021-09-23 14:10:03", "elapsed": 649.09258, "delta": 1.798957}}
{"target": -1.9618682930371214, "params": {"C": 265.4799410780531, "epsilon": 0.25773009238550204, "gamma": 0.03118294554213382, "lamda": 0.09207322177576581}, "datetime": {"datetime": "2021-09-23 14:10:06", "elapsed": 652.022171, "delta": 2.929591}}
{"target": -1.9907611365437727, "params": {"C": 184.40889327684746, "epsilon": 0.14295240240844723, "gamma": 0.03134648168258253, "lamda": 0.02725884160364986}, "datetime": {"datetime": "2021-09-23 14:10:08", "elapsed": 654.022486, "delta": 2.000315}}
{"target": -1.9652012696154644, "params": {"C": 220.51061045722616, "epsilon": 0.29970290498494934, "gamma": 0.059750672469294275, "lamda": 0.06177500066713142}, "datetime": {"datetime": "2021-09-23 14:10:10", "elapsed": 656.014488, "delta": 1.992002}}
{"target": -2.0396345673487595, "params": {"C": 381.77582585029757, "epsilon": 0.4883283833468234, "gamma": 0.04724630065884009, "lamda": 0.1218988801356521}, "datetime": {"datetime": "2021-09-23 14:10:12", "elapsed": 658.231822, "delta": 2.217334}}
{"target": -1.9768595330220051, "params": {"C": 275.17635356224145, "epsilon": 0.19327135937817186, "gamma": 0.045869309834278185, "lamda": 0.16554961661512468}, "datetime": {"datetime": "2021-09-23 14:10:14", "elapsed": 660.080489, "delta": 1.848667}}
{"target": -1.932088472265129, "params": {"C": 282.97646220204564, "epsilon": 0.15341655575477886, "gamma": 0.03524903081046869, "lamda": 0.04472407014581687}, "datetime": {"datetime": "2021-09-23 14:10:16", "elapsed": 662.175382, "delta": 2.094893}}
{"target": -2.1852289396128906, "params": {"C": 388.0625974735944, "epsilon": 0.611505934462766, "gamma": 0.04729923132371339, "lamda": 0.2593020214710006}, "datetime": {"datetime": "2021-09-23 14:10:18", "elapsed": 663.987669, "delta": 1.812287}}
{"target": -1.961653944036255, "params": {"C": 220.4512279519192, "epsilon": 0.08025143133530083, "gamma": 0.05272947475115898, "lamda": 0.2753941387118425}, "datetime": {"datetime": "2021-09-23 14:10:20", "elapsed": 665.708687, "delta": 1.721018}}
{"target": -1.9920301156096192, "params": {"C": 315.0191731030422, "epsilon": 0.3815811191471013, "gamma": 0.0496049269373929, "lamda": 0.015}, "datetime": {"datetime": "2021-09-23 14:10:23", "elapsed": 669.366295, "delta": 3.657608}}
{"target": -2.0018231550296535, "params": {"C": 265.5378934586832, "epsilon": 0.21241976607450685, "gamma": 0.032900782392110986, "lamda": 0.15960765412928646}, "datetime": {"datetime": "2021-09-23 14:10:26", "elapsed": 671.74838, "delta": 2.382085}}
{"target": -2.264495030156135, "params": {"C": 290.0568321064748, "epsilon": 0.7717858829960211, "gamma": 0.05607719810511644, "lamda": 0.270360304352397}, "datetime": {"datetime": "2021-09-23 14:10:27", "elapsed": 673.471789, "delta": 1.723409}}
{"target": -1.9506062051793522, "params": {"C": 258.78304011412973, "epsilon": 0.06449314950337949, "gamma": 0.0319828929216309, "lamda": 0.13550569755645778}, "datetime": {"datetime": "2021-09-23 14:10:29", "elapsed": 675.264957, "delta": 1.793168}}
{"target": -2.0035404355240702, "params": {"C": 282.9710629316243, "epsilon": 0.09220019694909151, "gamma": 0.05126018993724106, "lamda": 0.03809116665841919}, "datetime": {"datetime": "2021-09-23 14:10:33", "elapsed": 679.323271, "delta": 4.058314}}
{"target": -1.9324155025391239, "params": {"C": 282.921660357395, "epsilon": 0.14476435619739636, "gamma": 0.042281321046527, "lamda": 0.12289602613400998}, "datetime": {"datetime": "2021-09-23 14:10:36", "elapsed": 682.538555, "delta": 3.215284}}
{"target": -2.027366093392377, "params": {"C": 282.953445862617, "epsilon": 0.21283574976500874, "gamma": 0.022200603986706053, "lamda": 0.09254183199854825}, "datetime": {"datetime": "2021-09-23 14:10:40", "elapsed": 686.281668, "delta": 3.743113}}
{"target": -2.15415170928355, "params": {"C": 377.0355153466787, "epsilon": 0.3403577128018024, "gamma": 0.025450231265399584, "lamda": 0.22390799475557932}, "datetime": {"datetime": "2021-09-23 14:10:42", "elapsed": 688.079456, "delta": 1.797788}}
{"target": -2.0566892411799573, "params": {"C": 231.47294926205274, "epsilon": 0.03169977145305003, "gamma": 0.02, "lamda": 0.06479840199175714}, "datetime": {"datetime": "2021-09-23 14:10:45", "elapsed": 691.23491, "delta": 3.155454}}
{"target": -1.9243400368913184, "params": {"C": 237.2207420116728, "epsilon": 0.21171910125681298, "gamma": 0.034471589226038435, "lamda": 0.07001893880810058}, "datetime": {"datetime": "2021-09-23 14:10:47", "elapsed": 693.222908, "delta": 1.987998}}
{"target": -2.0109578131076047, "params": {"C": 265.4955066532161, "epsilon": 0.167798733562364, "gamma": 0.06, "lamda": 0.04317332574516087}, "datetime": {"datetime": "2021-09-23 14:10:50", "elapsed": 696.090909, "delta": 2.868001}}
{"target": -1.9440998632572288, "params": {"C": 282.9046213665274, "epsilon": 0.14199030889789233, "gamma": 0.034467505537808696, "lamda": 0.03938072983320976}, "datetime": {"datetime": "2021-09-23 14:10:53", "elapsed": 698.994553, "delta": 2.903644}}
{"target": -1.9326272298693, "params": {"C": 237.1428266995325, "epsilon": 0.2021348352436866, "gamma": 0.04472656450745793, "lamda": 0.09978454785560002}, "datetime": {"datetime": "2021-09-23 14:10:56", "elapsed": 702.115241, "delta": 3.120688}}
{"target": -1.935007904875036, "params": {"C": 258.78838215254274, "epsilon": 0.05552063417516266, "gamma": 0.0357727897519548, "lamda": 0.2196841389479332}, "datetime": {"datetime": "2021-09-23 14:11:00", "elapsed": 705.763236, "delta": 3.647995}}
{"target": -2.061242113070809, "params": {"C": 359.1373259845832, "epsilon": 0.5940716203153862, "gamma": 0.043260135910285796, "lamda": 0.12553858643250065}, "datetime": {"datetime": "2021-09-23 14:11:01", "elapsed": 707.626845, "delta": 1.863609}}
{"target": -1.9381161913181615, "params": {"C": 282.9261900225655, "epsilon": 0.14078566434920237, "gamma": 0.04488965106197926, "lamda": 0.13200222220958807}, "datetime": {"datetime": "2021-09-23 14:11:03", "elapsed": 709.538293, "delta": 1.911448}}
{"target": -2.071807596911121, "params": {"C": 385.9254979402245, "epsilon": 0.2471011812238334, "gamma": 0.03358101386129611, "lamda": 0.24224482533521208}, "datetime": {"datetime": "2021-09-23 14:11:05", "elapsed": 711.392741, "delta": 1.854448}}
{"target": -2.0345051014084343, "params": {"C": 237.19150804163093, "epsilon": 0.3232888072394937, "gamma": 0.022612333563555517, "lamda": 0.07341665025232555}, "datetime": {"datetime": "2021-09-23 14:11:09", "elapsed": 715.276403, "delta": 3.883662}}
{"target": -2.0066693263419646, "params": {"C": 289.5947626881577, "epsilon": 0.5412310219349736, "gamma": 0.05652546448029022, "lamda": 0.07165576920276888}, "datetime": {"datetime": "2021-09-23 14:11:11", "elapsed": 717.370443, "delta": 2.09404}}
{"target": -1.9166761909362025, "params": {"C": 265.6280510194208, "epsilon": 0.22322287125530874, "gamma": 0.04656206087923956, "lamda": 0.057785280560819934}, "datetime": {"datetime": "2021-09-23 14:11:14", "elapsed": 720.22651, "delta": 2.856067}}
{"target": -1.9404539648705323, "params": {"C": 265.6121021540552, "epsilon": 0.18782107718401525, "gamma": 0.04976018521420225, "lamda": 0.09839771181991729}, "datetime": {"datetime": "2021-09-23 14:11:17", "elapsed": 723.506846, "delta": 3.280336}}
{"target": -1.980604646224178, "params": {"C": 392.35944416362656, "epsilon": 0.7835341850160545, "gamma": 0.024702749953316387, "lamda": 0.021004736815649495}, "datetime": {"datetime": "2021-09-23 14:11:19", "elapsed": 725.362177, "delta": 1.855331}}
{"target": -2.0439458113350217, "params": {"C": 310.98003460226454, "epsilon": 0.312313888831289, "gamma": 0.06, "lamda": 0.015}, "datetime": {"datetime": "2021-09-23 14:11:22", "elapsed": 728.49279, "delta": 3.130613}}
{"target": -1.9563201234562233, "params": {"C": 265.69272816537773, "epsilon": 0.19810210577727022, "gamma": 0.028921067428799574, "lamda": 0.08742135357203641}, "datetime": {"datetime": "2021-09-23 14:11:25", "elapsed": 731.446631, "delta": 2.953841}}
{"target": -2.0387887069551485, "params": {"C": 181.00005858276086, "epsilon": 0.6489117168610952, "gamma": 0.05029703478369956, "lamda": 0.10415138666948545}, "datetime": {"datetime": "2021-09-23 14:11:27", "elapsed": 733.207412, "delta": 1.760781}}
{"target": -2.1852816049770674, "params": {"C": 326.4870709909005, "epsilon": 0.6950265168934103, "gamma": 0.04287017416528169, "lamda": 0.23038434402521157}, "datetime": {"datetime": "2021-09-23 14:11:29", "elapsed": 735.275447, "delta": 2.068035}}
{"target": -2.0779717466834646, "params": {"C": 320.7165777983436, "epsilon": 0.5052268073588652, "gamma": 0.043604833915004734, "lamda": 0.16945381548072186}, "datetime": {"datetime": "2021-09-23 14:11:31", "elapsed": 737.289897, "delta": 2.01445}}
{"target": -2.2459314877892025, "params": {"C": 200.16977765610721, "epsilon": 0.7560590524499446, "gamma": 0.02524774624663752, "lamda": 0.19148386420707592}, "datetime": {"datetime": "2021-09-23 14:11:33", "elapsed": 739.244802, "delta": 1.954905}}
{"target": -1.950796339414804, "params": {"C": 237.21712105000552, "epsilon": 0.15129804950400624, "gamma": 0.03866146390482938, "lamda": 0.16680415654900432}, "datetime": {"datetime": "2021-09-23 14:11:36", "elapsed": 742.596902, "delta": 3.3521}}
{"target": -2.1252075756910345, "params": {"C": 330.78319743704435, "epsilon": 0.3722303528536074, "gamma": 0.05046705132154526, "lamda": 0.29642148821843456}, "datetime": {"datetime": "2021-09-23 14:11:38", "elapsed": 744.547288, "delta": 1.950386}}
{"target": -1.9921426728490679, "params": {"C": 193.03691588616692, "epsilon": 0.035191638329869525, "gamma": 0.044075538233761154, "lamda": 0.061154100084906605}, "datetime": {"datetime": "2021-09-23 14:11:41", "elapsed": 746.714368, "delta": 2.16708}}
{"target": -1.9578247870952339, "params": {"C": 265.5197061064881, "epsilon": 0.0801784981348106, "gamma": 0.05551577983547949, "lamda": 0.16650303070350975}, "datetime": {"datetime": "2021-09-23 14:11:44", "elapsed": 750.428959, "delta": 3.714591}}
{"target": -2.25688715304841, "params": {"C": 369.84500488304326, "epsilon": 0.6361564316839065, "gamma": 0.024441876533565596, "lamda": 0.23033772968869293}, "datetime": {"datetime": "2021-09-23 14:11:46", "elapsed": 752.498993, "delta": 2.070034}}
{"target": -2.093667961571965, "params": {"C": 377.49490494765905, "epsilon": 0.13909758194210592, "gamma": 0.02372148791182838, "lamda": 0.27916581342095}, "datetime": {"datetime": "2021-09-23 14:11:49", "elapsed": 754.775702, "delta": 2.276709}}
{"target": -1.9934553565761661, "params": {"C": 265.6851175792722, "epsilon": 0.2798355504552269, "gamma": 0.024296039407433315, "lamda": 0.0558410792697737}, "datetime": {"datetime": "2021-09-23 14:11:53", "elapsed": 759.433408, "delta": 4.657706}}
{"target": -1.94037688559605, "params": {"C": 191.48271298215627, "epsilon": 0.29049184278269025, "gamma": 0.05551773832635802, "lamda": 0.06573748988412556}, "datetime": {"datetime": "2021-09-23 14:11:55", "elapsed": 761.659628, "delta": 2.22622}}
{"target": -1.9385631817327262, "params": {"C": 367.98489005734444, "epsilon": 0.045979001006739156, "gamma": 0.04267296469852551, "lamda": 0.1535287182696432}, "datetime": {"datetime": "2021-09-23 14:29:07", "elapsed": 0.0, "delta": 0.0}}
{"target": -1.9953898341576304, "params": {"C": 329.79098172236263, "epsilon": 0.2030934170587527, "gamma": 0.033961257295192476, "lamda": 0.15569818175680739}, "datetime": {"datetime": "2021-09-23 14:29:08", "elapsed": 0.330001, "delta": 0.330001}}
{"target": -1.942928993882814, "params": {"C": 283.67551711875495, "epsilon": 0.09802165691398791, "gamma": 0.04370719636735595, "lamda": 0.19137776904606324}, "datetime": {"datetime": "2021-09-23 14:29:08", "elapsed": 0.724002, "delta": 0.394001}}
{"target": -2.0284269564427215, "params": {"C": 260.552757285908, "epsilon": 0.424388042807048, "gamma": 0.04625241923304227, "lamda": 0.1283173223634368}, "datetime": {"datetime": "2021-09-23 14:29:08", "elapsed": 1.063005, "delta": 0.339003}}
{"target": -2.008323033944125, "params": {"C": 361.0457444404519, "epsilon": 0.25474457249138754, "gamma": 0.04835548245025887, "lamda": 0.14719651992857274}, "datetime": {"datetime": "2021-09-23 14:29:09", "elapsed": 1.593043, "delta": 0.530038}}
{"target": -1.9280884679440142, "params": {"C": 292.2045683310146, "epsilon": 0.17634257757555297, "gamma": 0.03937778178824782, "lamda": 0.03954596044505552}, "datetime": {"datetime": "2021-09-23 14:29:09", "elapsed": 2.251041, "delta": 0.657998}}
{"target": -1.9871322326439362, "params": {"C": 296.5148808581244, "epsilon": 0.18194076743267337, "gamma": 0.03177117718326908, "lamda": 0.15198572813286126}, "datetime": {"datetime": "2021-09-23 14:29:10", "elapsed": 2.68004, "delta": 0.428999}}
{"target": -2.002237773565207, "params": {"C": 292.16493126123, "epsilon": 0.2034305220712356, "gamma": 0.042834768416423835, "lamda": 0.19548582448902002}, "datetime": {"datetime": "2021-09-23 14:29:10", "elapsed": 3.194045, "delta": 0.514005}}
{"target": -1.9296126451150553, "params": {"C": 262.86244120396657, "epsilon": 0.07935692364609709, "gamma": 0.041651143475872926, "lamda": 0.09256197385229582}, "datetime": {"datetime": "2021-09-23 14:29:11", "elapsed": 3.714698, "delta": 0.520653}}
{"target": -2.117209490879749, "params": {"C": 345.4000862173501, "epsilon": 0.7401596175735479, "gamma": 0.04418943290921279, "lamda": 0.15391556586105132}, "datetime": {"datetime": "2021-09-23 14:29:12", "elapsed": 5.119346, "delta": 1.404648}}
{"target": -2.1033580257948734, "params": {"C": 375.5419281907578, "epsilon": 0.4403942038154177, "gamma": 0.03462350121356341, "lamda": 0.1944426266171042}, "datetime": {"datetime": "2021-09-23 14:29:13", "elapsed": 5.570631, "delta": 0.451285}}
{"target": -1.987889199040911, "params": {"C": 367.0016239436858, "epsilon": 0.34463737821210894, "gamma": 0.040387883902764696, "lamda": 0.09457316424777312}, "datetime": {"datetime": "2021-09-23 14:29:13", "elapsed": 6.014629, "delta": 0.443998}}
{"target": -1.923782950874807, "params": {"C": 265.73495819483406, "epsilon": 0.20440559656503746, "gamma": 0.036512935346206, "lamda": 0.049841363668486134}, "datetime": {"datetime": "2021-09-23 14:29:14", "elapsed": 6.794984, "delta": 0.780355}}
{"target": -1.9728889827496046, "params": {"C": 365.7030682645373, "epsilon": 0.36113267586012987, "gamma": 0.0388396330501528, "lamda": 0.07789432777741177}, "datetime": {"datetime": "2021-09-23 14:29:15", "elapsed": 7.342261, "delta": 0.547277}}
{"target": -2.036055868854163, "params": {"C": 353.74966485933567, "epsilon": 0.2241331010445471, "gamma": 0.03405114695658815, "lamda": 0.1911412579666808}, "datetime": {"datetime": "2021-09-23 14:29:15", "elapsed": 7.785683, "delta": 0.443422}}
{"target": -2.0178023884888354, "params": {"C": 360.22306950083924, "epsilon": 0.23607883180539813, "gamma": 0.03181192496679491, "lamda": 0.1445859736378453}, "datetime": {"datetime": "2021-09-23 14:29:15", "elapsed": 8.215682, "delta": 0.429999}}
{"target": -1.9506785698294127, "params": {"C": 292.8437329844176, "epsilon": 0.13033105260711225, "gamma": 0.04088460884380904, "lamda": 0.16850639176570043}, "datetime": {"datetime": "2021-09-23 14:29:16", "elapsed": 8.636683, "delta": 0.421001}}
{"target": -1.9191163038690149, "params": {"C": 316.6893418100777, "epsilon": 0.06387259037495396, "gamma": 0.04180871813681254, "lamda": 0.1483420387753896}, "datetime": {"datetime": "2021-09-23 14:29:16", "elapsed": 9.09468, "delta": 0.457997}}
{"target": -2.0559384055501573, "params": {"C": 327.0500695411119, "epsilon": 0.35854334494940265, "gamma": 0.042785648829363976, "lamda": 0.19196682298601803}, "datetime": {"datetime": "2021-09-23 14:29:17", "elapsed": 9.528377, "delta": 0.433697}}
{"target": -2.04467297121749, "params": {"C": 299.0575960785089, "epsilon": 0.38961824150456126, "gamma": 0.03290145790809766, "lamda": 0.12363362703794602}, "datetime": {"datetime": "2021-09-23 14:29:17", "elapsed": 9.967378, "delta": 0.439001}}
{"target": -2.080557768428826, "params": {"C": 347.82896033380393, "epsilon": 0.673361320458953, "gamma": 0.040003578088289984, "lamda": 0.12604299179833742}, "datetime": {"datetime": "2021-09-23 14:29:18", "elapsed": 10.435377, "delta": 0.467999}}
{"target": -1.9211734780448653, "params": {"C": 349.6069681938028, "epsilon": 0.23320475307773758, "gamma": 0.033119483823262796, "lamda": 0.04460756352440365}, "datetime": {"datetime": "2021-09-23 14:29:18", "elapsed": 10.889376, "delta": 0.453999}}
{"target": -1.9371831686344434, "params": {"C": 268.93258988291564, "epsilon": 0.3275331780082573, "gamma": 0.049758962780211385, "lamda": 0.055266040763469346}, "datetime": {"datetime": "2021-09-23 14:29:19", "elapsed": 11.384062, "delta": 0.494686}}
{"target": -1.9924227515806008, "params": {"C": 325.71760774129046, "epsilon": 0.7748225362254351, "gamma": 0.03894200004920614, "lamda": 0.04455561087512111}, "datetime": {"datetime": "2021-09-23 14:29:19", "elapsed": 11.921556, "delta": 0.537494}}
{"target": -1.940874886559824, "params": {"C": 334.3901573320033, "epsilon": 0.1815248173166364, "gamma": 0.04888876933332336, "lamda": 0.05169439608690946}, "datetime": {"datetime": "2021-09-23 14:29:20", "elapsed": 12.438559, "delta": 0.517003}}
{"target": -1.971500612606025, "params": {"C": 303.4743568103118, "epsilon": 0.28820963773933184, "gamma": 0.04993621847659584, "lamda": 0.09784656942759072}, "datetime": {"datetime": "2021-09-23 14:29:20", "elapsed": 12.890558, "delta": 0.451999}}
{"target": -1.990113498575986, "params": {"C": 272.6919707181767, "epsilon": 0.23191673580351896, "gamma": 0.03127233908840403, "lamda": 0.12360083877071107}, "datetime": {"datetime": "2021-09-23 14:29:21", "elapsed": 13.312205, "delta": 0.421647}}
{"target": -2.1216902983636734, "params": {"C": 353.52220157501944, "epsilon": 0.7568524303146364, "gamma": 0.047957811399000405, "lamda": 0.15369075456057396}, "datetime": {"datetime": "2021-09-23 14:29:21", "elapsed": 13.803884, "delta": 0.491679}}
{"target": -1.9705137434279425, "params": {"C": 359.35961130922743, "epsilon": 0.1902890738134187, "gamma": 0.04280005037025712, "lamda": 0.13592622842255803}, "datetime": {"datetime": "2021-09-23 14:29:21", "elapsed": 14.233885, "delta": 0.430001}}
