{"target": 0.9144125402880257, "params": {"C": 1694.6131825659686, "epsilon": 0.674018300359642, "gamma": 0.06478819672043534, "lamda": 0.08031807688387645}, "datetime": {"datetime": "2021-09-24 08:53:56", "elapsed": 709.500023, "delta": 2.255928}}
{"target": 0.9133178572017502, "params": {"C": 1688.245383310922, "epsilon": 0.09126045502081612, "gamma": 0.05692736408110533, "lamda": 0.044712431899567744}, "datetime": {"datetime": "2021-09-24 08:54:00", "elapsed": 713.611849, "delta": 4.111826}}
{"target": 0.9187459135312255, "params": {"C": 1657.9555417371623, "epsilon": 0.21702325139506798, "gamma": 0.06189089808827634, "lamda": 0.1421216877057851}, "datetime": {"datetime": "2021-09-24 08:54:05", "elapsed": 717.972075, "delta": 4.360226}}
{"target": 0.9166981167250298, "params": {"C": 1792.706742156189, "epsilon": 0.9792573499552895, "gamma": 0.01705412492997458, "lamda": 0.009406631541909297}, "datetime": {"datetime": "2021-09-24 08:54:08", "elapsed": 720.99902, "delta": 3.026945}}
{"target": 0.9306800515657933, "params": {"C": 1657.9640990882526, "epsilon": 0.08702099717827429, "gamma": 0.032225383484569076, "lamda": 0.0827886344717412}, "datetime": {"datetime": "2021-09-24 08:54:11", "elapsed": 724.587855, "delta": 3.588835}}
{"target": 0.9170915962213364, "params": {"C": 1678.1215815768007, "epsilon": 0.15240913598349157, "gamma": 0.07, "lamda": 0.11044973470594216}, "datetime": {"datetime": "2021-09-24 08:54:15", "elapsed": 728.7626, "delta": 4.174745}}
{"target": 0.9105670840789212, "params": {"C": 1590.9546013744534, "epsilon": 0.809668006954886, "gamma": 0.055445552175549355, "lamda": 0.12581194133727966}, "datetime": {"datetime": "2021-09-24 08:54:18", "elapsed": 731.37889, "delta": 2.61629}}
{"target": 0.8945355688578673, "params": {"C": 1729.8285677640415, "epsilon": 0.8677606771254649, "gamma": 0.044305261247922535, "lamda": 0.3025380816352963}, "datetime": {"datetime": "2021-09-24 08:54:20", "elapsed": 733.567351, "delta": 2.188461}}
{"target": 0.9072238103407272, "params": {"C": 1724.3203697166007, "epsilon": 0.6286623417377912, "gamma": 0.045407250872507104, "lamda": 0.21723534167301062}, "datetime": {"datetime": "2021-09-24 08:54:23", "elapsed": 736.04019, "delta": 2.472839}}
{"target": 0.8760649592304729, "params": {"C": 1609.2529695808296, "epsilon": 0.9446458193200601, "gamma": 0.017871619369956283, "lamda": 0.24807740988990634}, "datetime": {"datetime": "2021-09-24 08:54:25", "elapsed": 738.491466, "delta": 2.451276}}
{"target": 0.9221560129015279, "params": {"C": 1665.7473829715743, "epsilon": 0.07259455612070762, "gamma": 0.04477437689384151, "lamda": 0.36465183585724426}, "datetime": {"datetime": "2021-09-24 08:54:28", "elapsed": 741.142159, "delta": 2.650693}}
{"target": 0.901160616152155, "params": {"C": 1733.9294157353606, "epsilon": 0.461121353594804, "gamma": 0.055700576982317895, "lamda": 0.3949900835058084}, "datetime": {"datetime": "2021-09-24 08:54:30", "elapsed": 743.655827, "delta": 2.513668}}
{"target": 0.9165859529256566, "params": {"C": 1602.444328800432, "epsilon": 0.036540115818147326, "gamma": 0.046113307350641744, "lamda": 0.06561574011886925}, "datetime": {"datetime": "2021-09-24 08:54:32", "elapsed": 745.425734, "delta": 1.769907}}
{"target": 0.9182935869569222, "params": {"C": 1764.806552534551, "epsilon": 0.313567247727051, "gamma": 0.022662580906604474, "lamda": 0.058835622109116185}, "datetime": {"datetime": "2021-09-24 08:54:34", "elapsed": 747.224544, "delta": 1.79881}}
{"target": 0.872699345862356, "params": {"C": 1771.2156864792687, "epsilon": 0.7935996606927134, "gamma": 0.01666281480034839, "lamda": 0.3024728215641701}, "datetime": {"datetime": "2021-09-24 08:54:36", "elapsed": 749.12074, "delta": 1.896196}}
{"target": 0.8932428833815732, "params": {"C": 1778.5178638136745, "epsilon": 0.1674346162127828, "gamma": 0.01558223186774257, "lamda": 0.37083213878932997}, "datetime": {"datetime": "2021-09-24 08:54:38", "elapsed": 750.941823, "delta": 1.821083}}
{"target": 0.9187065697052743, "params": {"C": 1764.868302989773, "epsilon": 0.11100953051604695, "gamma": 0.06616011292759559, "lamda": 0.16568536330353473}, "datetime": {"datetime": "2021-09-24 08:54:41", "elapsed": 754.329122, "delta": 3.387299}}
{"target": 0.9193249395941809, "params": {"C": 1600.9607714829674, "epsilon": 0.3581520616872852, "gamma": 0.06327660748953705, "lamda": 0.0720324858377758}, "datetime": {"datetime": "2021-09-24 08:54:43", "elapsed": 756.150601, "delta": 1.821479}}
{"target": 0.9016859365363771, "params": {"C": 1658.0345880112645, "epsilon": 0.17635377319906972, "gamma": 0.012851520559888713, "lamda": 0.11414733508948703}, "datetime": {"datetime": "2021-09-24 08:54:46", "elapsed": 759.158606, "delta": 3.008005}}
{"target": 0.9161705127406037, "params": {"C": 1623.8515920123814, "epsilon": 0.16014697944280873, "gamma": 0.018760627379834246, "lamda": 0.08460554304293497}, "datetime": {"datetime": "2021-09-24 08:54:49", "elapsed": 761.882536, "delta": 2.72393}}
{"target": 0.9241190789975302, "params": {"C": 1724.8730472198708, "epsilon": 0.047629998708495866, "gamma": 0.047250518143086166, "lamda": 0.09840980456934112}, "datetime": {"datetime": "2021-09-24 08:54:50", "elapsed": 763.71975, "delta": 1.837214}}
{"target": 0.9014705328506646, "params": {"C": 1719.1092455083892, "epsilon": 0.6588622428724319, "gamma": 0.026845905880950982, "lamda": 0.17974358465181034}, "datetime": {"datetime": "2021-09-24 08:54:52", "elapsed": 765.715046, "delta": 1.995296}}
{"target": 0.8942166030814345, "params": {"C": 1648.033994996212, "epsilon": 0.7451239592073331, "gamma": 0.028759445218644528, "lamda": 0.2637989615806301}, "datetime": {"datetime": "2021-09-24 08:54:54", "elapsed": 767.693789, "delta": 1.978743}}
{"target": 0.9067287309073888, "params": {"C": 1737.223514063891, "epsilon": 0.059480201668630474, "gamma": 0.013872053921953204, "lamda": 0.24101501778978335}, "datetime": {"datetime": "2021-09-24 08:54:57", "elapsed": 770.327477, "delta": 2.633688}}
{"target": 0.9259640031995043, "params": {"C": 1680.174272506214, "epsilon": 0.062488303635243776, "gamma": 0.028975818808076828, "lamda": 0.19690389533119113}, "datetime": {"datetime": "2021-09-24 08:54:59", "elapsed": 772.298653, "delta": 1.971176}}
{"target": 0.8970759762513107, "params": {"C": 1734.9654252303353, "epsilon": 0.1157855860820079, "gamma": 0.01378344319059161, "lamda": 0.30209828150791534}, "datetime": {"datetime": "2021-09-24 08:55:01", "elapsed": 774.332588, "delta": 2.033935}}
{"target": 0.9117694437118069, "params": {"C": 1623.930717347213, "epsilon": 0.16690294422624713, "gamma": 0.01442112385755001, "lamda": 0.0349394281928011}, "datetime": {"datetime": "2021-09-24 08:55:04", "elapsed": 777.668833, "delta": 3.336245}}
{"target": 0.9212982643506566, "params": {"C": 1751.4564007424394, "epsilon": 0.12234512061877283, "gamma": 0.033188304605596644, "lamda": 0.22699821346862825}, "datetime": {"datetime": "2021-09-24 08:55:06", "elapsed": 779.584651, "delta": 1.915818}}
{"target": 0.9169729848548428, "params": {"C": 1638.3160409380719, "epsilon": 0.4921991447706955, "gamma": 0.058892110498205814, "lamda": 0.0991617705439797}, "datetime": {"datetime": "2021-09-24 08:55:08", "elapsed": 781.543373, "delta": 1.958722}}
{"target": 0.9235783082038252, "params": {"C": 1702.0651684266606, "epsilon": 0.2615533032202012, "gamma": 0.05577025507922758, "lamda": 0.06478943313252469}, "datetime": {"datetime": "2021-09-24 08:55:10", "elapsed": 783.577201, "delta": 2.033828}}
{"target": 0.9165452999480735, "params": {"C": 1623.9950422095453, "epsilon": 0.13325105485035132, "gamma": 0.02352237165101876, "lamda": 0.17732850446938103}, "datetime": {"datetime": "2021-09-24 08:55:12", "elapsed": 785.608143, "delta": 2.030942}}
{"target": 0.9017660495829669, "params": {"C": 1764.878081148719, "epsilon": 0.0752534406882587, "gamma": 0.012601048317042934, "lamda": 0.2288716099751598}, "datetime": {"datetime": "2021-09-24 08:55:15", "elapsed": 788.54851, "delta": 2.940367}}
{"target": 0.9179232869301946, "params": {"C": 1643.8125635372642, "epsilon": 0.7925425939089595, "gamma": 0.04486694440481746, "lamda": 0.06727996064466628}, "datetime": {"datetime": "2021-09-24 08:55:17", "elapsed": 790.466418, "delta": 1.917908}}
{"target": 0.906894550975275, "params": {"C": 1610.4372984574245, "epsilon": 0.9699703846417923, "gamma": 0.06088060444614128, "lamda": 0.12932098390609498}, "datetime": {"datetime": "2021-09-24 08:55:19", "elapsed": 792.498115, "delta": 2.031697}}
{"target": 0.8897475765926268, "params": {"C": 1688.6213248184397, "epsilon": 0.8569194013172342, "gamma": 0.03476742952868786, "lamda": 0.33279214649126493}, "datetime": {"datetime": "2021-09-24 08:55:21", "elapsed": 794.382963, "delta": 1.884848}}
{"target": 0.9144310199671851, "params": {"C": 1708.1032081387918, "epsilon": 0.19560378803467024, "gamma": 0.032647761498657515, "lamda": 0.3001751693746094}, "datetime": {"datetime": "2021-09-24 08:55:23", "elapsed": 796.382298, "delta": 1.999335}}
{"target": 0.9160176475093279, "params": {"C": 1764.8499978138511, "epsilon": 0.39374375724851207, "gamma": 0.06962875670437177, "lamda": 0.08257117030741795}, "datetime": {"datetime": "2021-09-24 08:55:26", "elapsed": 799.116052, "delta": 2.733754}}
{"target": 0.9104051357363898, "params": {"C": 1723.3554387534834, "epsilon": 0.8506995751052617, "gamma": 0.03917601461255663, "lamda": 0.11988809885253744}, "datetime": {"datetime": "2021-09-24 08:55:28", "elapsed": 801.069527, "delta": 1.953475}}
{"target": 0.9235624322654302, "params": {"C": 1701.5250456352555, "epsilon": 0.09385758758778277, "gamma": 0.05599109725527298, "lamda": 0.10358977401593458}, "datetime": {"datetime": "2021-09-24 08:55:31", "elapsed": 803.894009, "delta": 2.824482}}
{"target": 0.9291798463565002, "params": {"C": 1730.4069714668674, "epsilon": 0.16042895901484158, "gamma": 0.03606342668014001, "lamda": 0.02190735578873173}, "datetime": {"datetime": "2021-09-24 08:55:34", "elapsed": 807.560303, "delta": 3.666294}}
{"target": 0.9164106977812466, "params": {"C": 1657.9777112634613, "epsilon": 0.11176443251623876, "gamma": 0.043219893746748464, "lamda": 0.017564970565883856}, "datetime": {"datetime": "2021-09-24 08:55:38", "elapsed": 811.075821, "delta": 3.515518}}
{"target": 0.8997396795347412, "params": {"C": 1609.984483291222, "epsilon": 0.47048699393754045, "gamma": 0.06675773236789372, "lamda": 0.3625052786903887}, "datetime": {"datetime": "2021-09-24 08:55:40", "elapsed": 813.03529, "delta": 1.959469}}
{"target": 0.9156447472473419, "params": {"C": 1764.9599585503556, "epsilon": 0.06365145759553696, "gamma": 0.06712726669248364, "lamda": 0.12604987629815254}, "datetime": {"datetime": "2021-09-24 08:55:43", "elapsed": 816.548204, "delta": 3.512914}}
{"target": 0.9168500414915258, "params": {"C": 1730.4137365703382, "epsilon": 0.15551469384891145, "gamma": 0.06647705102372589, "lamda": 0.20133496193333794}, "datetime": {"datetime": "2021-09-24 08:55:46", "elapsed": 819.605299, "delta": 3.057095}}
{"target": 0.9133496803642365, "params": {"C": 1731.1380965652622, "epsilon": 0.1977706541159066, "gamma": 0.05667885164642898, "lamda": 0.3569026124554637}, "datetime": {"datetime": "2021-09-24 08:55:48", "elapsed": 821.573928, "delta": 1.968629}}
{"target": 0.9168166192383103, "params": {"C": 1763.9420674472633, "epsilon": 0.1492067987032285, "gamma": 0.036526803655391585, "lamda": 0.3584064672437641}, "datetime": {"datetime": "2021-09-24 08:55:50", "elapsed": 823.587473, "delta": 2.013545}}
{"target": 0.8882226346867059, "params": {"C": 1725.531770710285, "epsilon": 0.3523486441743092, "gamma": 0.01696168795572843, "lamda": 0.30590524080959847}, "datetime": {"datetime": "2021-09-24 08:55:52", "elapsed": 825.677926, "delta": 2.090453}}
{"target": 0.9248855839150621, "params": {"C": 1743.8383854854235, "epsilon": 0.9920213810858296, "gamma": 0.044281761418545666, "lamda": 0.0203778069503623}, "datetime": {"datetime": "2021-09-24 08:55:54", "elapsed": 827.606749, "delta": 1.928823}}
{"target": 0.9177673838202763, "params": {"C": 1748.463971587119, "epsilon": 0.5631827285891081, "gamma": 0.04924469076336146, "lamda": 0.09671364283886538}, "datetime": {"datetime": "2021-09-24 08:55:56", "elapsed": 829.754708, "delta": 2.147959}}
{"target": 0.9045392604551962, "params": {"C": 1758.7568049455144, "epsilon": 0.4113750786131546, "gamma": 0.06638601842489804, "lamda": 0.30678725221408476}, "datetime": {"datetime": "2021-09-24 08:55:59", "elapsed": 831.881543, "delta": 2.126835}}
{"target": 0.9252304427509512, "params": {"C": 1657.9797396519255, "epsilon": 0.09997377710482185, "gamma": 0.030782741461189332, "lamda": 0.15675860315120732}, "datetime": {"datetime": "2021-09-24 08:56:02", "elapsed": 835.589347, "delta": 3.707804}}
{"target": 0.9123864878132775, "params": {"C": 1730.4005881585335, "epsilon": 0.15523487020916601, "gamma": 0.05813313127299988, "lamda": 0.02683923908165926}, "datetime": {"datetime": "2021-09-24 08:56:04", "elapsed": 837.620331, "delta": 2.030984}}
{"target": 0.898803031297727, "params": {"C": 1688.0088384216415, "epsilon": 0.5879825087183271, "gamma": 0.05887408108290103, "lamda": 0.3450430895882376}, "datetime": {"datetime": "2021-09-24 08:56:06", "elapsed": 839.737417, "delta": 2.117086}}
{"target": 0.9133829307470483, "params": {"C": 1762.8111843242664, "epsilon": 0.4613969789939957, "gamma": 0.06208653291472197, "lamda": 0.1453834328539021}, "datetime": {"datetime": "2021-09-24 08:56:08", "elapsed": 841.81853, "delta": 2.081113}}
{"target": 0.9036445500876176, "params": {"C": 1751.3379950296414, "epsilon": 0.7884600319173051, "gamma": 0.055963825702950235, "lamda": 0.20886066316783466}, "datetime": {"datetime": "2021-09-24 08:56:10", "elapsed": 843.757585, "delta": 1.939055}}
{"target": 0.892333670660934, "params": {"C": 1780.7896056475363, "epsilon": 0.5894125724785576, "gamma": 0.01627517357657593, "lamda": 0.13488874169321968}, "datetime": {"datetime": "2021-09-24 08:56:13", "elapsed": 845.907302, "delta": 2.149717}}
{"target": 0.9219668706732522, "params": {"C": 1678.0763058458224, "epsilon": 0.0422533936695389, "gamma": 0.020124162583684387, "lamda": 0.05499677217901733}, "datetime": {"datetime": "2021-09-24 08:56:16", "elapsed": 848.938244, "delta": 3.030942}}
{"target": 0.9215952186169314, "params": {"C": 1661.9278122972498, "epsilon": 0.14116350758816582, "gamma": 0.028845391477605363, "lamda": 0.15338367086867397}, "datetime": {"datetime": "2021-09-24 08:56:18", "elapsed": 850.969881, "delta": 2.031637}}
{"target": 0.915877235979188, "params": {"C": 1657.9292950390095, "epsilon": 0.057599591911939876, "gamma": 0.01681774715063479, "lamda": 0.1600339920898557}, "datetime": {"datetime": "2021-09-24 08:56:21", "elapsed": 853.916247, "delta": 2.946366}}
{"target": 0.9063362224776894, "params": {"C": 1746.4438692489052, "epsilon": 0.3059107014825222, "gamma": 0.03489422628942402, "lamda": 0.39186309858435037}, "datetime": {"datetime": "2021-09-24 08:56:23", "elapsed": 855.939708, "delta": 2.023461}}
{"target": 0.9045074756119424, "params": {"C": 1680.2019112361745, "epsilon": 0.07821776475783275, "gamma": 0.012128822760290264, "lamda": 0.15854300984734682}, "datetime": {"datetime": "2021-09-24 08:56:26", "elapsed": 859.098146, "delta": 3.158438}}
{"target": 0.9032803322104809, "params": {"C": 1623.907072132533, "epsilon": 0.06124557034219394, "gamma": 0.0514172944760878, "lamda": 0.030167166073654397}, "datetime": {"datetime": "2021-09-24 08:56:29", "elapsed": 862.218016, "delta": 3.11987}}
{"target": 0.89459440241151, "params": {"C": 1594.278609051941, "epsilon": 0.9134372501170503, "gamma": 0.03749718725726454, "lamda": 0.26978345146589594}, "datetime": {"datetime": "2021-09-24 08:56:31", "elapsed": 864.252936, "delta": 2.03492}}
{"target": 0.9083060670615296, "params": {"C": 1726.176595796058, "epsilon": 0.9978601281398866, "gamma": 0.06659982490395011, "lamda": 0.09844571587132123}, "datetime": {"datetime": "2021-09-24 08:56:33", "elapsed": 866.177838, "delta": 1.924902}}
{"target": 0.8848556365685518, "params": {"C": 1602.2649251228331, "epsilon": 0.8756261502040515, "gamma": 0.028170572992870506, "lamda": 0.331646235516188}, "datetime": {"datetime": "2021-09-24 08:56:35", "elapsed": 868.1703, "delta": 1.992462}}
{"target": 0.929416112529098, "params": {"C": 1688.1833669723937, "epsilon": 0.15642305178282154, "gamma": 0.027218273385721546, "lamda": 0.024506501565082085}, "datetime": {"datetime": "2021-09-24 08:56:38", "elapsed": 871.084901, "delta": 2.914601}}
{"target": 0.9146123926497091, "params": {"C": 1665.971552236696, "epsilon": 0.3633115388609215, "gamma": 0.05963051674671606, "lamda": 0.1713890386081548}, "datetime": {"datetime": "2021-09-24 08:56:40", "elapsed": 873.261952, "delta": 2.177051}}
{"target": 0.9254030388050046, "params": {"C": 1854.2641286533492, "epsilon": 0.05012939087861945, "gamma": 0.04801889409557653, "lamda": 0.29977274913290614}, "datetime": {"datetime": "2021-09-24 09:05:51", "elapsed": 0.0, "delta": 0.0}}
{"target": 0.9018684753678818, "params": {"C": 1799.701402460518, "epsilon": 0.24805274616492223, "gamma": 0.02188377188557744, "lamda": 0.30445175416738457}, "datetime": {"datetime": "2021-09-24 09:05:52", "elapsed": 0.288968, "delta": 0.288968}}
{"target": 0.9184286531256303, "params": {"C": 1733.8221673125072, "epsilon": 0.11568961974878995, "gamma": 0.05112158910206784, "lamda": 0.3814039451317797}, "datetime": {"datetime": "2021-09-24 09:05:52", "elapsed": 0.589598, "delta": 0.30063}}
{"target": 0.9065873958203501, "params": {"C": 1700.789653265583, "epsilon": 0.5268264954842033, "gamma": 0.05875725769912682, "lamda": 0.2453979006649259}, "datetime": {"datetime": "2021-09-24 09:05:52", "elapsed": 1.090195, "delta": 0.500597}}
{"target": 0.9090910920795383, "params": {"C": 1844.3510634863599, "epsilon": 0.31311978612551417, "gamma": 0.06506644735077662, "lamda": 0.28611573757567854}, "datetime": {"datetime": "2021-09-24 09:05:53", "elapsed": 1.415553, "delta": 0.325358}}
{"target": 0.9289376546059349, "params": {"C": 1746.0065261871637, "epsilon": 0.2143536366860862, "gamma": 0.03813334536474346, "lamda": 0.05393966604095758}, "datetime": {"datetime": "2021-09-24 09:05:53", "elapsed": 1.822843, "delta": 0.40729}}
{"target": 0.8921174622199229, "params": {"C": 1745.70669531436, "epsilon": 0.4484072146808388, "gamma": 0.02332513033539814, "lamda": 0.3488141974956611}, "datetime": {"datetime": "2021-09-24 09:05:53", "elapsed": 2.123919, "delta": 0.301076}}
{"target": 0.9113802925212338, "params": {"C": 1769.3314574520741, "epsilon": 0.21875341349367206, "gamma": 0.019338594339044984, "lamda": 0.11142359070502497}, "datetime": {"datetime": "2021-09-24 09:05:54", "elapsed": 2.480017, "delta": 0.356098}}
{"target": 0.9264371279071131, "params": {"C": 1704.0892017199521, "epsilon": 0.0921769038139145, "gamma": 0.04495343042761878, "lamda": 0.16828231117332992}, "datetime": {"datetime": "2021-09-24 09:05:54", "elapsed": 2.811479, "delta": 0.331462}}
{"target": 0.8932515169362125, "params": {"C": 1822.000123167643, "epsilon": 0.9246166610991446, "gamma": 0.052568298727638366, "lamda": 0.30060708528951074}, "datetime": {"datetime": "2021-09-24 09:05:54", "elapsed": 3.111684, "delta": 0.300205}}
{"target": 0.8867461124040971, "params": {"C": 1865.0598974153684, "epsilon": 0.5469901009103314, "gamma": 0.02387050364069023, "lamda": 0.38801409740661935}, "datetime": {"datetime": "2021-09-24 09:05:55", "elapsed": 3.44342, "delta": 0.331736}}
{"target": 0.9147161131539967, "params": {"C": 1852.859462776694, "epsilon": 0.4263613725529165, "gamma": 0.04116365170829408, "lamda": 0.1726199596478999}, "datetime": {"datetime": "2021-09-24 09:05:55", "elapsed": 3.782287, "delta": 0.338867}}
{"target": 0.9234008410092367, "params": {"C": 1708.1927974211915, "epsilon": 0.24970575151699523, "gamma": 0.029538806038617985, "lamda": 0.07614434650662687}, "datetime": {"datetime": "2021-09-24 09:05:55", "elapsed": 4.098838, "delta": 0.316551}}
{"target": 0.915658557292589, "params": {"C": 1851.0043832350534, "epsilon": 0.4471411630965273, "gamma": 0.03651889915045838, "lamda": 0.13664776639560702}, "datetime": {"datetime": "2021-09-24 09:05:56", "elapsed": 4.462329, "delta": 0.363491}}
{"target": 0.8969631061132024, "params": {"C": 1833.928092656194, "epsilon": 0.2745572831340398, "gamma": 0.02215344086976446, "lamda": 0.38089384826327377}, "datetime": {"datetime": "2021-09-24 09:05:56", "elapsed": 4.801148, "delta": 0.338819}}
{"target": 0.8894015919532324, "params": {"C": 1843.1758135726275, "epsilon": 0.2896058011055015, "gamma": 0.015435774900384742, "lamda": 0.2804854242243259}, "datetime": {"datetime": "2021-09-24 09:05:56", "elapsed": 5.117023, "delta": 0.315875}}
{"target": 0.917834612351756, "params": {"C": 1746.919618549168, "epsilon": 0.15639106627129726, "gamma": 0.04265382653142713, "lamda": 0.3320759476460242}, "datetime": {"datetime": "2021-09-24 09:05:57", "elapsed": 5.464305, "delta": 0.347282}}
{"target": 0.9240121796423031, "params": {"C": 1780.9847740143966, "epsilon": 0.07267066579701993, "gamma": 0.04542615441043764, "lamda": 0.2885863430885429}, "datetime": {"datetime": "2021-09-24 09:05:57", "elapsed": 5.827859, "delta": 0.363554}}
{"target": 0.9031663548270021, "params": {"C": 1795.7858136301597, "epsilon": 0.4438792787024942, "gamma": 0.04835694648809192, "lamda": 0.3826743911968713}, "datetime": {"datetime": "2021-09-24 09:05:57", "elapsed": 6.138917, "delta": 0.311058}}
{"target": 0.8910577174619095, "params": {"C": 1755.7965658264413, "epsilon": 0.48302557696029136, "gamma": 0.018704373724292987, "lamda": 0.2352963091250836}, "datetime": {"datetime": "2021-09-24 09:05:58", "elapsed": 6.493693, "delta": 0.354776}}
{"target": 0.8995450310255141, "params": {"C": 1825.4699433340056, "epsilon": 0.840468156941798, "gamma": 0.04001073426486995, "lamda": 0.24049272285154935}, "datetime": {"datetime": "2021-09-24 09:05:58", "elapsed": 6.846998, "delta": 0.353305}}
