{"target": -1.9858079665782689, "params": {"C": 459.84118622193466, "epsilon": 0.24197784971731073, "gamma": 0.04006805265564927, "lamda": 0.11210561861621442}, "datetime": {"datetime": "2021-09-23 16:02:07", "elapsed": 360.02367, "delta": 1.284032}}
{"target": -1.9675673237196891, "params": {"C": 459.85576293659716, "epsilon": 0.385047665863815, "gamma": 0.03213198715668691, "lamda": 0.058458636058392785}, "datetime": {"datetime": "2021-09-23 16:02:08", "elapsed": 361.567512, "delta": 1.543842}}
{"target": -2.1392518129555387, "params": {"C": 422.8459260684923, "epsilon": 0.6172678646452165, "gamma": 0.03846319681269529, "lamda": 0.1952331574328539}, "datetime": {"datetime": "2021-09-23 16:02:09", "elapsed": 362.511242, "delta": 0.94373}}
{"target": -1.9497256639883296, "params": {"C": 428.7407495898144, "epsilon": 0.370129634197238, "gamma": 0.04806047640544826, "lamda": 0.04078615886812138}, "datetime": {"datetime": "2021-09-23 16:02:11", "elapsed": 364.033258, "delta": 1.522016}}
{"target": -1.9588191484785376, "params": {"C": 400.2432276216524, "epsilon": 0.13560094351914626, "gamma": 0.045800450999703965, "lamda": 0.13770965264637025}, "datetime": {"datetime": "2021-09-23 16:02:12", "elapsed": 365.400026, "delta": 1.366768}}
{"target": -1.9173776686167678, "params": {"C": 459.9171205997283, "epsilon": 0.21398209580101943, "gamma": 0.04024227123418979, "lamda": 0.0349947779190075}, "datetime": {"datetime": "2021-09-23 16:02:14", "elapsed": 367.026541, "delta": 1.626515}}
{"target": -1.9528724670990867, "params": {"C": 459.96014314844865, "epsilon": 0.12611240068184745, "gamma": 0.03354011386024561, "lamda": 0.02816479976951055}, "datetime": {"datetime": "2021-09-23 16:02:15", "elapsed": 368.352197, "delta": 1.325656}}
{"target": -2.0946669883150735, "params": {"C": 445.2317192285371, "epsilon": 0.7083602840299935, "gamma": 0.04908698484751661, "lamda": 0.13806003916214804}, "datetime": {"datetime": "2021-09-23 16:02:16", "elapsed": 369.306803, "delta": 0.954606}}
{"target": -1.9423785074197184, "params": {"C": 466.44596183522515, "epsilon": 0.03, "gamma": 0.03, "lamda": 0.17482799980156452}, "datetime": {"datetime": "2021-09-23 16:02:18", "elapsed": 370.960332, "delta": 1.653529}}
{"target": -2.0058527656013827, "params": {"C": 492.3598957189207, "epsilon": 0.2866795681990044, "gamma": 0.03764784601263791, "lamda": 0.1121573155285928}, "datetime": {"datetime": "2021-09-23 16:02:19", "elapsed": 371.901328, "delta": 0.940996}}
{"target": -1.9220851403969328, "params": {"C": 461.6485485391855, "epsilon": 0.7252166208215658, "gamma": 0.035473165356230664, "lamda": 0.015854108484934015}, "datetime": {"datetime": "2021-09-23 16:02:20", "elapsed": 373.119333, "delta": 1.218005}}
{"target": -2.064810206842473, "params": {"C": 462.17835796006284, "epsilon": 0.6237346036433867, "gamma": 0.03767043154862206, "lamda": 0.10950248603286213}, "datetime": {"datetime": "2021-09-23 16:02:21", "elapsed": 374.524133, "delta": 1.4048}}
{"target": -2.0709640580908335, "params": {"C": 461.7216016319203, "epsilon": 0.6602112188594595, "gamma": 0.030154796590844506, "lamda": 0.0789067496925039}, "datetime": {"datetime": "2021-09-23 16:02:23", "elapsed": 376.245887, "delta": 1.721754}}
{"target": -1.908645692153465, "params": {"C": 432.337133155258, "epsilon": 0.13005247914191204, "gamma": 0.03607983232222942, "lamda": 0.0625218822158085}, "datetime": {"datetime": "2021-09-23 16:02:24", "elapsed": 377.638914, "delta": 1.393027}}
{"target": -1.909656752413324, "params": {"C": 432.41999829346594, "epsilon": 0.09616800217157415, "gamma": 0.03730243421438265, "lamda": 0.08188026128866034}, "datetime": {"datetime": "2021-09-23 16:02:26", "elapsed": 379.28611, "delta": 1.647196}}
{"target": -1.9495889355842515, "params": {"C": 432.29907468914234, "epsilon": 0.1113687158398344, "gamma": 0.03898578566397026, "lamda": 0.15253070382142841}, "datetime": {"datetime": "2021-09-23 16:02:28", "elapsed": 381.152233, "delta": 1.866123}}
{"target": -1.9404925521567062, "params": {"C": 432.36307028033815, "epsilon": 0.1938927514637154, "gamma": 0.03662283576036167, "lamda": 0.08695373349440505}, "datetime": {"datetime": "2021-09-23 16:02:29", "elapsed": 382.589762, "delta": 1.437529}}
{"target": -1.9655672146185126, "params": {"C": 459.9958985949287, "epsilon": 0.2601345716164784, "gamma": 0.04995598980369462, "lamda": 0.031020702628696356}, "datetime": {"datetime": "2021-09-23 16:02:31", "elapsed": 384.739828, "delta": 2.150066}}
{"target": -1.9614443492401983, "params": {"C": 432.39823926730656, "epsilon": 0.13985004208695945, "gamma": 0.04786652228605543, "lamda": 0.12274647892445055}, "datetime": {"datetime": "2021-09-23 16:02:33", "elapsed": 386.143948, "delta": 1.40412}}
{"target": -1.9309833220827533, "params": {"C": 435.68877917455626, "epsilon": 0.4303572257766455, "gamma": 0.03, "lamda": 0.015}, "datetime": {"datetime": "2021-09-23 16:02:35", "elapsed": 388.57082, "delta": 2.426872}}
{"target": -2.0752652386142585, "params": {"C": 439.1630982968695, "epsilon": 0.6959752940881854, "gamma": 0.039970256469401624, "lamda": 0.11621057419337737}, "datetime": {"datetime": "2021-09-23 16:02:36", "elapsed": 389.751479, "delta": 1.180659}}
{"target": -2.044739175026501, "params": {"C": 483.09885037424556, "epsilon": 0.3635036085619038, "gamma": 0.049751295743762275, "lamda": 0.17274720791331194}, "datetime": {"datetime": "2021-09-23 16:02:37", "elapsed": 390.798091, "delta": 1.046612}}
{"target": -2.0142210510416985, "params": {"C": 432.38673124880137, "epsilon": 0.08634072162955635, "gamma": 0.03, "lamda": 0.015}, "datetime": {"datetime": "2021-09-23 16:02:40", "elapsed": 392.906989, "delta": 2.108898}}
{"target": -2.0954854098728384, "params": {"C": 469.7470980925085, "epsilon": 0.6555045024318795, "gamma": 0.04359297612195317, "lamda": 0.14949660286506983}, "datetime": {"datetime": "2021-09-23 16:02:41", "elapsed": 393.927991, "delta": 1.021002}}
{"target": -1.9673802782802963, "params": {"C": 432.29314326950026, "epsilon": 0.19387783853598178, "gamma": 0.047977978016186085, "lamda": 0.0336932423405788}, "datetime": {"datetime": "2021-09-23 16:02:42", "elapsed": 395.46071, "delta": 1.532719}}
{"target": -1.9499360275269277, "params": {"C": 461.58405592579834, "epsilon": 0.7367504031426786, "gamma": 0.046631640638928246, "lamda": 0.018557758723630247}, "datetime": {"datetime": "2021-09-23 16:02:44", "elapsed": 397.152424, "delta": 1.691714}}
{"target": -1.9185882598820705, "params": {"C": 432.4544281682077, "epsilon": 0.05018449769331314, "gamma": 0.03469737551675058, "lamda": 0.15208881524932955}, "datetime": {"datetime": "2021-09-23 16:02:46", "elapsed": 398.824038, "delta": 1.671614}}
{"target": -1.9799382673520391, "params": {"C": 405.5732653992442, "epsilon": 0.42281246865767597, "gamma": 0.046941305710222044, "lamda": 0.0629706351229499}, "datetime": {"datetime": "2021-09-23 16:02:47", "elapsed": 399.817853, "delta": 0.993815}}
{"target": -1.9511828094789219, "params": {"C": 432.49089282822683, "epsilon": 0.07530509044058545, "gamma": 0.04864206223605305, "lamda": 0.12133701709728864}, "datetime": {"datetime": "2021-09-23 16:02:48", "elapsed": 401.673632, "delta": 1.855779}}
{"target": -1.9292085319118815, "params": {"C": 459.85156743070445, "epsilon": 0.20184748078643014, "gamma": 0.03188401043742343, "lamda": 0.02883210058384767}, "datetime": {"datetime": "2021-09-23 16:02:50", "elapsed": 403.246874, "delta": 1.573242}}
{"target": -1.9592664546161849, "params": {"C": 432.22309379165256, "epsilon": 0.08738121592797504, "gamma": 0.04251757742148185, "lamda": 0.06149699138287556}, "datetime": {"datetime": "2021-09-23 16:02:52", "elapsed": 404.961079, "delta": 1.714205}}
{"target": -1.9736266368300963, "params": {"C": 457.8466498304098, "epsilon": 0.1922210749415158, "gamma": 0.048734201722966275, "lamda": 0.10433951059389404}, "datetime": {"datetime": "2021-09-23 16:02:53", "elapsed": 405.991074, "delta": 1.029995}}
{"target": -1.9416024847842497, "params": {"C": 439.2006339020271, "epsilon": 0.045285584750217, "gamma": 0.036548874245120176, "lamda": 0.12355849489648679}, "datetime": {"datetime": "2021-09-23 16:02:54", "elapsed": 407.182749, "delta": 1.191675}}
{"target": -1.9687382598839933, "params": {"C": 450.46676214431176, "epsilon": 0.17279629759904258, "gamma": 0.030897972269733773, "lamda": 0.11926333897573467}, "datetime": {"datetime": "2021-09-23 16:02:55", "elapsed": 408.27075, "delta": 1.088001}}
{"target": -1.9352096730947137, "params": {"C": 453.2086866080668, "epsilon": 0.13451020266097957, "gamma": 0.032094459492873324, "lamda": 0.033666234009421175}, "datetime": {"datetime": "2021-09-23 16:02:57", "elapsed": 410.202969, "delta": 1.932219}}
{"target": -2.0062536386668137, "params": {"C": 492.0240450527195, "epsilon": 0.46145038573483854, "gamma": 0.03657753101226105, "lamda": 0.07004402377948543}, "datetime": {"datetime": "2021-09-23 16:02:58", "elapsed": 411.248967, "delta": 1.045998}}
{"target": -1.9730557283207282, "params": {"C": 400.31360177349666, "epsilon": 0.19716838278222495, "gamma": 0.044595914305174386, "lamda": 0.02652667245667028}, "datetime": {"datetime": "2021-09-23 16:03:00", "elapsed": 412.961971, "delta": 1.713004}}
{"target": -1.9460641747890903, "params": {"C": 432.51549575004, "epsilon": 0.03, "gamma": 0.03, "lamda": 0.2}, "datetime": {"datetime": "2021-09-23 16:03:01", "elapsed": 414.761969, "delta": 1.799998}}
{"target": -1.9831617387347085, "params": {"C": 432.37804181403936, "epsilon": 0.03483973161215278, "gamma": 0.0409718956673417, "lamda": 0.09345587158512414}, "datetime": {"datetime": "2021-09-23 16:03:04", "elapsed": 417.018968, "delta": 2.256999}}
{"target": -1.9890554164376493, "params": {"C": 400.42383426721267, "epsilon": 0.042062781904965076, "gamma": 0.04728189983846302, "lamda": 0.12086830791489668}, "datetime": {"datetime": "2021-09-23 16:03:06", "elapsed": 418.936053, "delta": 1.917085}}
{"target": -1.9487441621635029, "params": {"C": 432.3949539907775, "epsilon": 0.14831771437108493, "gamma": 0.03470098870117458, "lamda": 0.1211517665958842}, "datetime": {"datetime": "2021-09-23 16:03:07", "elapsed": 419.987021, "delta": 1.050968}}
{"target": -1.943404424138177, "params": {"C": 428.5299320564466, "epsilon": 0.245278498321982, "gamma": 0.037868970510984104, "lamda": 0.023198213743982052}, "datetime": {"datetime": "2021-09-23 16:03:09", "elapsed": 422.005277, "delta": 2.018256}}
{"target": -1.9722614754039995, "params": {"C": 427.64666927614354, "epsilon": 0.5585868141577145, "gamma": 0.04966607716193892, "lamda": 0.036272514846542175}, "datetime": {"datetime": "2021-09-23 16:03:10", "elapsed": 423.789697, "delta": 1.78442}}
{"target": -1.917413066635783, "params": {"C": 432.5061837485621, "epsilon": 0.17386857649695903, "gamma": 0.032522142038492345, "lamda": 0.04768011872849478}, "datetime": {"datetime": "2021-09-23 16:03:12", "elapsed": 425.520519, "delta": 1.730822}}
{"target": -1.9085508454947213, "params": {"C": 432.58853064436414, "epsilon": 0.24582240085851018, "gamma": 0.037800884651346005, "lamda": 0.039420582570878826}, "datetime": {"datetime": "2021-09-23 16:03:14", "elapsed": 427.629038, "delta": 2.108519}}
{"target": -1.9430654771812066, "params": {"C": 432.5616159269985, "epsilon": 0.2924622076620914, "gamma": 0.04708451218875973, "lamda": 0.033679953022702346}, "datetime": {"datetime": "2021-09-23 16:03:16", "elapsed": 429.591434, "delta": 1.962396}}
{"target": -1.9550704669728007, "params": {"C": 432.5860194516824, "epsilon": 0.1846884416863432, "gamma": 0.04912485122801518, "lamda": 0.08197089812484029}, "datetime": {"datetime": "2021-09-23 16:03:18", "elapsed": 431.022889, "delta": 1.431455}}
{"target": -1.9366539854286458, "params": {"C": 432.47274778730844, "epsilon": 0.2527786127415225, "gamma": 0.04703802230279082, "lamda": 0.049206863267086086}, "datetime": {"datetime": "2021-09-23 16:03:19", "elapsed": 432.652887, "delta": 1.629998}}
{"target": -1.9382682755845135, "params": {"C": 458.8347896562181, "epsilon": 0.5068223014534576, "gamma": 0.044700061424359096, "lamda": 0.01868590653557968}, "datetime": {"datetime": "2021-09-23 16:03:21", "elapsed": 433.840445, "delta": 1.187558}}
{"target": -2.1410013601506406, "params": {"C": 413.7442398747258, "epsilon": 0.725901996094711, "gamma": 0.032167166447712, "lamda": 0.14448274174250852}, "datetime": {"datetime": "2021-09-23 16:03:22", "elapsed": 434.98266, "delta": 1.142215}}
{"target": -1.9340050635245831, "params": {"C": 404.03490233586456, "epsilon": 0.423257562353145, "gamma": 0.03, "lamda": 0.015}, "datetime": {"datetime": "2021-09-23 16:03:24", "elapsed": 436.978515, "delta": 1.995855}}
{"target": -2.0438433953352075, "params": {"C": 444.7594734600834, "epsilon": 0.18447803502584428, "gamma": 0.05, "lamda": 0.015}, "datetime": {"datetime": "2021-09-23 16:03:26", "elapsed": 439.58073, "delta": 2.602215}}
{"target": -1.9953183763892361, "params": {"C": 404.0206881529792, "epsilon": 0.3702657587510658, "gamma": 0.048404406131098324, "lamda": 0.0840835253794128}, "datetime": {"datetime": "2021-09-23 16:03:28", "elapsed": 441.461718, "delta": 1.880988}}
{"target": -1.9520195119734056, "params": {"C": 432.6616751593301, "epsilon": 0.25150592544752354, "gamma": 0.03, "lamda": 0.015}, "datetime": {"datetime": "2021-09-23 16:03:30", "elapsed": 443.559441, "delta": 2.097723}}
{"target": -1.9521517769174055, "params": {"C": 487.59696049723357, "epsilon": 0.6964829690111387, "gamma": 0.03205849955257493, "lamda": 0.02445256301448808}, "datetime": {"datetime": "2021-09-23 16:03:32", "elapsed": 444.91259, "delta": 1.353149}}
{"target": -1.9281159005878827, "params": {"C": 436.11049752521404, "epsilon": 0.040265952226791545, "gamma": 0.040238350963227656, "lamda": 0.16279706677277272}, "datetime": {"datetime": "2021-09-23 16:03:33", "elapsed": 446.29618, "delta": 1.38359}}
{"target": -1.9290007669356, "params": {"C": 439.2029691021874, "epsilon": 0.05506859641422393, "gamma": 0.04166719465117011, "lamda": 0.12506475172565035}, "datetime": {"datetime": "2021-09-23 16:03:34", "elapsed": 447.467517, "delta": 1.171337}}
{"target": -1.955704723290682, "params": {"C": 439.12348209010264, "epsilon": 0.0703463385970081, "gamma": 0.04947986808007121, "lamda": 0.1765004330483541}, "datetime": {"datetime": "2021-09-23 16:03:37", "elapsed": 450.173913, "delta": 2.706396}}
{"target": -1.9296549569328356, "params": {"C": 439.26318456667065, "epsilon": 0.10077606851973007, "gamma": 0.03998729884634004, "lamda": 0.12875811823489758}, "datetime": {"datetime": "2021-09-23 16:03:39", "elapsed": 452.38124, "delta": 2.207327}}
{"target": -1.9529318943286327, "params": {"C": 439.16155937303546, "epsilon": 0.16104078282390272, "gamma": 0.04975096170688114, "lamda": 0.08523879577674834}, "datetime": {"datetime": "2021-09-23 16:03:41", "elapsed": 454.612598, "delta": 2.231358}}
{"target": -1.945227432371661, "params": {"C": 439.2244859708341, "epsilon": 0.06092907565733611, "gamma": 0.04687681285293681, "lamda": 0.18778676535444677}, "datetime": {"datetime": "2021-09-23 16:03:43", "elapsed": 456.441524, "delta": 1.828926}}
{"target": -1.9591940951809859, "params": {"C": 436.0900939520071, "epsilon": 0.05005444188432891, "gamma": 0.03263768849191834, "lamda": 0.06500359129538144}, "datetime": {"datetime": "2021-09-23 16:03:45", "elapsed": 458.499698, "delta": 2.058174}}
{"target": -1.98131670089867, "params": {"C": 436.1525747571163, "epsilon": 0.11598731752091485, "gamma": 0.047525092768197566, "lamda": 0.19019689117958793}, "datetime": {"datetime": "2021-09-23 16:03:48", "elapsed": 460.838381, "delta": 2.338683}}
{"target": -1.9793924602741877, "params": {"C": 439.26029429815844, "epsilon": 0.19159123610722656, "gamma": 0.03973838104315608, "lamda": 0.13397663062772858}, "datetime": {"datetime": "2021-09-23 16:03:50", "elapsed": 462.824049, "delta": 1.985668}}
{"target": -2.0398265854230813, "params": {"C": 452.9329248218726, "epsilon": 0.38014098613144354, "gamma": 0.0468911629656355, "lamda": 0.15583039879260702}, "datetime": {"datetime": "2021-09-23 16:03:51", "elapsed": 464.179812, "delta": 1.355763}}
{"target": -2.008205849122472, "params": {"C": 432.5227349464508, "epsilon": 0.2376842379979158, "gamma": 0.04306643655660679, "lamda": 0.14561986222805307}, "datetime": {"datetime": "2021-09-23 16:03:53", "elapsed": 466.387731, "delta": 2.207919}}
{"target": -1.961860616744183, "params": {"C": 458.83161059706254, "epsilon": 0.6045509848333257, "gamma": 0.03285245224375167, "lamda": 0.03589895769403208}, "datetime": {"datetime": "2021-09-23 16:03:55", "elapsed": 468.56908, "delta": 2.181349}}
{"target": -1.9291724658749663, "params": {"C": 428.6948962676929, "epsilon": 0.46245531739910056, "gamma": 0.03, "lamda": 0.015}, "datetime": {"datetime": "2021-09-23 16:03:57", "elapsed": 470.666201, "delta": 2.097121}}
{"target": -1.9703932623234786, "params": {"C": 439.18560954362835, "epsilon": 0.11729462512964219, "gamma": 0.03103790959624966, "lamda": 0.1687914028522725}, "datetime": {"datetime": "2021-09-23 16:03:59", "elapsed": 472.695826, "delta": 2.029625}}
{"target": -1.9334218151759561, "params": {"C": 436.0108938366291, "epsilon": 0.08277841261926322, "gamma": 0.03591437997512905, "lamda": 0.15855107383388506}, "datetime": {"datetime": "2021-09-23 16:04:02", "elapsed": 474.842528, "delta": 2.146702}}
{"target": -2.0280943179073736, "params": {"C": 412.9035350464682, "epsilon": 0.32293772263942055, "gamma": 0.04193628859310178, "lamda": 0.14341638049606453}, "datetime": {"datetime": "2021-09-23 16:04:03", "elapsed": 476.209205, "delta": 1.366677}}
{"target": -2.082740812591543, "params": {"C": 433.55317196885267, "epsilon": 0.4812507854833189, "gamma": 0.03771436219932266, "lamda": 0.16646952141802385}, "datetime": {"datetime": "2021-09-23 16:04:04", "elapsed": 477.518877, "delta": 1.309672}}
{"target": -1.9551186432094994, "params": {"C": 435.9892376568095, "epsilon": 0.17087287937390488, "gamma": 0.04192866395590065, "lamda": 0.10997050762219471}, "datetime": {"datetime": "2021-09-23 16:04:06", "elapsed": 479.711823, "delta": 2.192946}}
{"target": -1.9705399098628542, "params": {"C": 432.5614224386779, "epsilon": 0.22381218539372566, "gamma": 0.03989787072744263, "lamda": 0.016308555775311873}, "datetime": {"datetime": "2021-09-23 16:04:09", "elapsed": 482.12942, "delta": 2.417597}}
{"target": -1.9224156632797973, "params": {"C": 402.0387759698127, "epsilon": 0.07520045211737303, "gamma": 0.04126571872181365, "lamda": 0.09950722172897067}, "datetime": {"datetime": "2021-09-23 16:04:10", "elapsed": 483.439173, "delta": 1.309753}}
{"target": -1.9521769685502635, "params": {"C": 432.63263575323526, "epsilon": 0.31913022851715034, "gamma": 0.03182738987692729, "lamda": 0.05975252736408717}, "datetime": {"datetime": "2021-09-23 16:04:12", "elapsed": 485.538393, "delta": 2.09922}}
{"target": -1.9487610944873113, "params": {"C": 400.25604998609896, "epsilon": 0.03, "gamma": 0.03, "lamda": 0.2}, "datetime": {"datetime": "2021-09-23 16:04:15", "elapsed": 488.241469, "delta": 2.703076}}
{"target": -1.960028809049777, "params": {"C": 435.31573317892514, "epsilon": 0.17811656831577377, "gamma": 0.03627191999109637, "lamda": 0.11816895313115612}, "datetime": {"datetime": "2021-09-23 16:04:16", "elapsed": 489.611071, "delta": 1.369602}}
{"target": -1.9880678772442135, "params": {"C": 420.93364830889146, "epsilon": 0.5376979642644701, "gamma": 0.0486862108121758, "lamda": 0.05079384749511218}, "datetime": {"datetime": "2021-09-23 16:04:18", "elapsed": 490.981785, "delta": 1.370714}}
{"target": -1.9878744197504765, "params": {"C": 432.4493380902178, "epsilon": 0.185394980507986, "gamma": 0.04225443976895757, "lamda": 0.019273151371306283}, "datetime": {"datetime": "2021-09-23 16:04:20", "elapsed": 492.961001, "delta": 1.979216}}
{"target": -1.958870378632532, "params": {"C": 444.67331303942683, "epsilon": 0.3220543287784182, "gamma": 0.04997422795978467, "lamda": 0.02981352252485258}, "datetime": {"datetime": "2021-09-23 16:04:22", "elapsed": 495.474446, "delta": 2.513445}}
{"target": -1.930156507997201, "params": {"C": 428.79191254317436, "epsilon": 0.4794886496562978, "gamma": 0.03496822155816648, "lamda": 0.030773165837808304}, "datetime": {"datetime": "2021-09-23 16:04:25", "elapsed": 497.889687, "delta": 2.415241}}
{"target": -2.0167009664401077, "params": {"C": 470.51608163109694, "epsilon": 0.31220173497755155, "gamma": 0.03648650490508791, "lamda": 0.11556728464775012}, "datetime": {"datetime": "2021-09-23 16:04:26", "elapsed": 499.410833, "delta": 1.521146}}
{"target": -1.9255321643050471, "params": {"C": 436.04867352632, "epsilon": 0.03537350767990249, "gamma": 0.03723973084454993, "lamda": 0.18889116677831785}, "datetime": {"datetime": "2021-09-23 16:04:28", "elapsed": 501.535576, "delta": 2.124743}}
{"target": -1.9326082926570856, "params": {"C": 428.8574316767427, "epsilon": 0.5412240328084347, "gamma": 0.04401350870293129, "lamda": 0.017640622744461217}, "datetime": {"datetime": "2021-09-23 16:04:31", "elapsed": 504.261013, "delta": 2.725437}}
{"target": -1.9804706986233416, "params": {"C": 461.6613393986165, "epsilon": 0.7927220200373596, "gamma": 0.03338983969745436, "lamda": 0.03211499800676708}, "datetime": {"datetime": "2021-09-23 16:04:33", "elapsed": 506.807392, "delta": 2.546379}}
{"target": -1.9946817374385681, "params": {"C": 428.89475311022426, "epsilon": 0.4333246245070983, "gamma": 0.04858566873759016, "lamda": 0.06792079020244804}, "datetime": {"datetime": "2021-09-23 16:04:36", "elapsed": 509.173911, "delta": 2.366519}}
{"target": -1.948266656679758, "params": {"C": 428.6800296898217, "epsilon": 0.5454750558464847, "gamma": 0.03532356136188547, "lamda": 0.035061808448396}, "datetime": {"datetime": "2021-09-23 16:04:38", "elapsed": 511.472162, "delta": 2.298251}}
