{"target": 0.9238669709695733, "params": {"C": 427.3955451094843, "epsilon": 0.26692717436474045, "gamma": 0.033982570150722605, "lamda": 0.01954434431470293}, "datetime": {"datetime": "2021-09-23 20:31:35", "elapsed": 273.275795, "delta": 2.169675}}
{"target": 0.9219967213813891, "params": {"C": 427.4581223504111, "epsilon": 0.1158099775335796, "gamma": 0.059507132548306724, "lamda": 0.05061997368539954}, "datetime": {"datetime": "2021-09-23 20:31:37", "elapsed": 275.833747, "delta": 2.557952}}
{"target": 0.9218333440727406, "params": {"C": 487.59696049723357, "epsilon": 0.6964829690111387, "gamma": 0.03514624888143732, "lamda": 0.039781043578522815}, "datetime": {"datetime": "2021-09-23 20:31:39", "elapsed": 277.122978, "delta": 1.289231}}
{"target": 0.9217844073222167, "params": {"C": 436.11049752521404, "epsilon": 0.040265952226791545, "gamma": 0.055595877408069136, "lamda": 0.4024679858637555}, "datetime": {"datetime": "2021-09-23 20:31:40", "elapsed": 278.562762, "delta": 1.439784}}
{"target": 0.9105908659762761, "params": {"C": 469.9842356081863, "epsilon": 0.42913005517541514, "gamma": 0.06086332632632854, "lamda": 0.20983193918097082}, "datetime": {"datetime": "2021-09-23 20:31:41", "elapsed": 279.795269, "delta": 1.232507}}
{"target": 0.9156707996715525, "params": {"C": 427.3624683821226, "epsilon": 0.4015719335495651, "gamma": 0.07323625358519295, "lamda": 0.047215898039918686}, "datetime": {"datetime": "2021-09-23 20:31:44", "elapsed": 282.227996, "delta": 2.432727}}
{"target": 0.9248993195293079, "params": {"C": 427.31561485431257, "epsilon": 0.19455432843617204, "gamma": 0.04477383474806136, "lamda": 0.09201372850215551}, "datetime": {"datetime": "2021-09-23 20:31:46", "elapsed": 284.438322, "delta": 2.210326}}
{"target": 0.9258620792935784, "params": {"C": 427.32478560593364, "epsilon": 0.06091218341265314, "gamma": 0.04093356854635393, "lamda": 0.08628717407539262}, "datetime": {"datetime": "2021-09-23 20:31:48", "elapsed": 286.768483, "delta": 2.330161}}
{"target": 0.9162135674261832, "params": {"C": 427.55936910619016, "epsilon": 0.27678029536271953, "gamma": 0.07244331785047692, "lamda": 0.06650408985747923}, "datetime": {"datetime": "2021-09-23 20:31:50", "elapsed": 288.747178, "delta": 1.978695}}
{"target": 0.9273778150344991, "params": {"C": 427.2139020817504, "epsilon": 0.13743944688072457, "gamma": 0.04372453464481836, "lamda": 0.055976390068573134}, "datetime": {"datetime": "2021-09-23 20:31:53", "elapsed": 290.938218, "delta": 2.19104}}
{"target": 0.9241289974704288, "params": {"C": 427.2640283941212, "epsilon": 0.10361823184510756, "gamma": 0.04654349287948305, "lamda": 0.18571191713733126}, "datetime": {"datetime": "2021-09-23 20:31:55", "elapsed": 293.302283, "delta": 2.364065}}
{"target": 0.9114996912625674, "params": {"C": 427.2235340469878, "epsilon": 0.04504603022538744, "gamma": 0.07165382299043727, "lamda": 0.06087434517856135}, "datetime": {"datetime": "2021-09-23 20:31:57", "elapsed": 295.415229, "delta": 2.112946}}
{"target": 0.9000165717837493, "params": {"C": 452.9329248218726, "epsilon": 0.38014098613144354, "gamma": 0.07222790741408874, "lamda": 0.38420401845629404}, "datetime": {"datetime": "2021-09-23 20:31:58", "elapsed": 296.842615, "delta": 1.427386}}
{"target": 0.9181203370688977, "params": {"C": 427.36606508163226, "epsilon": 0.14455505529393958, "gamma": 0.06829498416791091, "lamda": 0.12210860783812527}, "datetime": {"datetime": "2021-09-23 20:32:01", "elapsed": 299.20235, "delta": 2.359735}}
{"target": 0.924957005033838, "params": {"C": 461.1224880236642, "epsilon": 0.28433787592191717, "gamma": 0.052343864694918286, "lamda": 0.04681880953321589}, "datetime": {"datetime": "2021-09-23 20:32:03", "elapsed": 301.663313, "delta": 2.460963}}
{"target": 0.9139731475033179, "params": {"C": 427.151235811892, "epsilon": 0.1442857616788586, "gamma": 0.07637055991384627, "lamda": 0.11602323651654961}, "datetime": {"datetime": "2021-09-23 20:32:06", "elapsed": 304.070951, "delta": 2.407638}}
{"target": 0.9185373559906622, "params": {"C": 427.2902809827186, "epsilon": 0.1565461776151727, "gamma": 0.03, "lamda": 0.015}, "datetime": {"datetime": "2021-09-23 20:32:08", "elapsed": 306.592265, "delta": 2.521314}}
{"target": 0.9163078251923373, "params": {"C": 432.4905204066107, "epsilon": 0.03, "gamma": 0.03, "lamda": 0.023272770014486154}, "datetime": {"datetime": "2021-09-23 20:32:11", "elapsed": 308.903778, "delta": 2.311513}}
{"target": 0.9074978854992596, "params": {"C": 412.9035350464682, "epsilon": 0.32293772263942055, "gamma": 0.05984072148275445, "lamda": 0.35165915967887185}, "datetime": {"datetime": "2021-09-23 20:32:12", "elapsed": 310.095986, "delta": 1.192208}}
{"target": 0.9000979940332792, "params": {"C": 433.55317196885267, "epsilon": 0.4812507854833189, "gamma": 0.04928590549830665, "lamda": 0.4120957723661707}, "datetime": {"datetime": "2021-09-23 20:32:13", "elapsed": 311.632172, "delta": 1.536186}}
{"target": 0.9215594599651017, "params": {"C": 461.21444259507723, "epsilon": 0.28649817515632225, "gamma": 0.03, "lamda": 0.015}, "datetime": {"datetime": "2021-09-23 20:32:15", "elapsed": 313.736109, "delta": 2.103937}}
{"target": 0.9222117373122151, "params": {"C": 461.1452845071644, "epsilon": 0.20875743218355886, "gamma": 0.06010220818284291, "lamda": 0.06423535958389653}, "datetime": {"datetime": "2021-09-23 20:32:18", "elapsed": 316.613938, "delta": 2.877829}}
{"target": 0.8918239508178156, "params": {"C": 463.0430477358723, "epsilon": 0.5452456528545936, "gamma": 0.07544994985097728, "lamda": 0.39919349643233}, "datetime": {"datetime": "2021-09-23 20:32:20", "elapsed": 318.399245, "delta": 1.785307}}
{"target": 0.926512788439277, "params": {"C": 427.2481477797875, "epsilon": 0.23679875038595308, "gamma": 0.04308229270645055, "lamda": 0.04685628236373718}, "datetime": {"datetime": "2021-09-23 20:32:23", "elapsed": 321.022252, "delta": 2.623007}}
{"target": 0.9156264191068758, "params": {"C": 461.120256571542, "epsilon": 0.2600227845266554, "gamma": 0.06567254153082264, "lamda": 0.16486773717238984}, "datetime": {"datetime": "2021-09-23 20:32:26", "elapsed": 324.15993, "delta": 3.137678}}
{"target": 0.9182275821089486, "params": {"C": 435.31573317892514, "epsilon": 0.17811656831577377, "gamma": 0.04567979997774094, "lamda": 0.28546995820870663}, "datetime": {"datetime": "2021-09-23 20:32:28", "elapsed": 325.896554, "delta": 1.736624}}
{"target": 0.909545524356141, "params": {"C": 420.93364830889146, "epsilon": 0.5376979642644701, "gamma": 0.07671552703043949, "lamda": 0.108837924514213}, "datetime": {"datetime": "2021-09-23 20:32:29", "elapsed": 327.448027, "delta": 1.551473}}
{"target": 0.916009687645213, "params": {"C": 427.1731294828104, "epsilon": 0.3218508099855203, "gamma": 0.07133066660568108, "lamda": 0.08135266475631343}, "datetime": {"datetime": "2021-09-23 20:32:32", "elapsed": 330.213033, "delta": 2.765006}}
{"target": 0.9254751076804385, "params": {"C": 461.02783318198317, "epsilon": 0.2761760689058588, "gamma": 0.033622184544541314, "lamda": 0.03364966487488369}, "datetime": {"datetime": "2021-09-23 20:32:35", "elapsed": 333.374753, "delta": 3.16172}}
{"target": 0.9185452637492506, "params": {"C": 427.3019262902682, "epsilon": 0.237964700641001, "gamma": 0.042480075113725015, "lamda": 0.2104968077892067}, "datetime": {"datetime": "2021-09-23 20:32:38", "elapsed": 335.897768, "delta": 2.523015}}
{"target": 0.9129313876836204, "params": {"C": 470.51608163109694, "epsilon": 0.31220173497755155, "gamma": 0.04621626226271977, "lamda": 0.2786493678603179}, "datetime": {"datetime": "2021-09-23 20:32:39", "elapsed": 337.540517, "delta": 1.642749}}
{"target": 0.9113828922937359, "params": {"C": 461.06758914132945, "epsilon": 0.15986697597999086, "gamma": 0.07784567238398377, "lamda": 0.05941891728591515}, "datetime": {"datetime": "2021-09-23 20:32:42", "elapsed": 340.482584, "delta": 2.942067}}
{"target": 0.9108855228338395, "params": {"C": 487.50293130812446, "epsilon": 0.6889433629913546, "gamma": 0.06200063204690863, "lamda": 0.12696358682478343}, "datetime": {"datetime": "2021-09-23 20:32:45", "elapsed": 343.382177, "delta": 2.899593}}
{"target": 0.9180469233513566, "params": {"C": 436.2100786798366, "epsilon": 0.09328203811085327, "gamma": 0.0493613363925782, "lamda": 0.48465812848914863}, "datetime": {"datetime": "2021-09-23 20:32:48", "elapsed": 346.682773, "delta": 3.300596}}
{"target": 0.9250898999378415, "params": {"C": 461.0846308030445, "epsilon": 0.4436521722768364, "gamma": 0.03878421579916576, "lamda": 0.03564907821863085}, "datetime": {"datetime": "2021-09-23 20:32:51", "elapsed": 348.972463, "delta": 2.28969}}
{"target": 0.9129376100421227, "params": {"C": 460.9416934313511, "epsilon": 0.3258784659447894, "gamma": 0.07670254993626077, "lamda": 0.0361917498903429}, "datetime": {"datetime": "2021-09-23 20:32:54", "elapsed": 352.108627, "delta": 3.136164}}
{"target": 0.9158217598509368, "params": {"C": 427.27048939000383, "epsilon": 0.24980907024356394, "gamma": 0.07090117692623848, "lamda": 0.1170729158927547}, "datetime": {"datetime": "2021-09-23 20:32:56", "elapsed": 354.368354, "delta": 2.259727}}
{"target": 0.9207337537012432, "params": {"C": 476.5993811678019, "epsilon": 0.07463182180848142, "gamma": 0.030447659126363207, "lamda": 0.2367930362914305}, "datetime": {"datetime": "2021-09-23 20:32:59", "elapsed": 357.794017, "delta": 3.425663}}
{"target": 0.9110562259255099, "params": {"C": 427.1774508544304, "epsilon": 0.19721168625832702, "gamma": 0.07334566877794693, "lamda": 0.018939506978751068}, "datetime": {"datetime": "2021-09-23 20:33:02", "elapsed": 360.716504, "delta": 2.922487}}
{"target": 0.906546065396599, "params": {"C": 423.6658495506139, "epsilon": 0.6573693744238773, "gamma": 0.05057475939248535, "lamda": 0.21654198167165095}, "datetime": {"datetime": "2021-09-23 20:33:04", "elapsed": 362.713891, "delta": 1.997387}}
{"target": 0.9113068558332308, "params": {"C": 427.52914439500233, "epsilon": 0.4437176939687342, "gamma": 0.06123545283887316, "lamda": 0.18943173735861857}, "datetime": {"datetime": "2021-09-23 20:33:07", "elapsed": 364.960986, "delta": 2.247095}}
{"target": 0.8872121915083688, "params": {"C": 437.14917897661957, "epsilon": 0.633258896684579, "gamma": 0.06792445502373512, "lamda": 0.4636835747831599}, "datetime": {"datetime": "2021-09-23 20:33:08", "elapsed": 366.574415, "delta": 1.613429}}
{"target": 0.9128669332437818, "params": {"C": 411.4968812165572, "epsilon": 0.5649077005436083, "gamma": 0.05733456309375222, "lamda": 0.14150727168515675}, "datetime": {"datetime": "2021-09-23 20:33:10", "elapsed": 367.978015, "delta": 1.4036}}
{"target": 0.9175041004342389, "params": {"C": 461.03700826904026, "epsilon": 0.401826408470358, "gamma": 0.036880299235554144, "lamda": 0.12753163250013594}, "datetime": {"datetime": "2021-09-23 20:33:12", "elapsed": 370.784985, "delta": 2.80697}}
{"target": 0.921615707709577, "params": {"C": 476.48372054856696, "epsilon": 0.03, "gamma": 0.03, "lamda": 0.348691921107245}, "datetime": {"datetime": "2021-09-23 20:33:16", "elapsed": 374.738903, "delta": 3.953918}}
{"target": 0.9244428443540232, "params": {"C": 432.47676356463, "epsilon": 0.14616877815262902, "gamma": 0.038842881833632985, "lamda": 0.11635257189202887}, "datetime": {"datetime": "2021-09-23 20:33:20", "elapsed": 378.15002, "delta": 3.411117}}
{"target": 0.9234544308206347, "params": {"C": 427.5560210603362, "epsilon": 0.5923890767668245, "gamma": 0.04471763487097373, "lamda": 0.04220831748402967}, "datetime": {"datetime": "2021-09-23 20:33:23", "elapsed": 381.205839, "delta": 3.055819}}
{"target": 0.9112184322796734, "params": {"C": 439.6671626679273, "epsilon": 0.2780484539918018, "gamma": 0.06194601307802985, "lamda": 0.2856697893064206}, "datetime": {"datetime": "2021-09-23 20:33:25", "elapsed": 383.625103, "delta": 2.419264}}
{"target": 0.9231241669923563, "params": {"C": 461.15072277192246, "epsilon": 0.519474517743777, "gamma": 0.03257292574307261, "lamda": 0.02764973673732555}, "datetime": {"datetime": "2021-09-23 20:33:28", "elapsed": 386.520271, "delta": 2.895168}}
{"target": 0.9253667221770325, "params": {"C": 461.0828892832012, "epsilon": 0.3525332377311282, "gamma": 0.03814101416312621, "lamda": 0.040565829902797786}, "datetime": {"datetime": "2021-09-23 20:33:32", "elapsed": 390.112928, "delta": 3.592657}}
{"target": 0.9102555254717187, "params": {"C": 487.7154338266371, "epsilon": 0.6571702110050393, "gamma": 0.07752313886359807, "lamda": 0.07679882100483257}, "datetime": {"datetime": "2021-09-23 20:33:36", "elapsed": 394.541909, "delta": 4.428981}}
{"target": 0.9063881913145606, "params": {"C": 410.55792162620077, "epsilon": 0.2857055364561836, "gamma": 0.07756167612076303, "lamda": 0.26353971539835475}, "datetime": {"datetime": "2021-09-23 20:33:38", "elapsed": 396.444512, "delta": 1.902603}}
{"target": 0.913757380785768, "params": {"C": 440.3571556089773, "epsilon": 0.30216190852034797, "gamma": 0.055157864631054154, "lamda": 0.24487429075749423}, "datetime": {"datetime": "2021-09-23 20:33:40", "elapsed": 398.143166, "delta": 1.698654}}
{"target": 0.9108490611573287, "params": {"C": 427.44048648888065, "epsilon": 0.04273377422470476, "gamma": 0.0770469599850224, "lamda": 0.15672945139139266}, "datetime": {"datetime": "2021-09-23 20:33:43", "elapsed": 400.943082, "delta": 2.799916}}
{"target": 0.8965836110498363, "params": {"C": 436.1102161329053, "epsilon": 0.5942948581122904, "gamma": 0.06273083038078037, "lamda": 0.36250271878223717}, "datetime": {"datetime": "2021-09-23 20:33:44", "elapsed": 402.764991, "delta": 1.821909}}
{"target": 0.9119594640034328, "params": {"C": 425.9616340700088, "epsilon": 0.7553264606174205, "gamma": 0.05343933931163582, "lamda": 0.1228756433688005}, "datetime": {"datetime": "2021-09-23 20:33:46", "elapsed": 404.73183, "delta": 1.966839}}
{"target": 0.9243369370501463, "params": {"C": 403.49182559550326, "epsilon": 0.7312035029689685, "gamma": 0.04596412858036818, "lamda": 0.025158675982500364}, "datetime": {"datetime": "2021-09-23 20:33:48", "elapsed": 406.468977, "delta": 1.737147}}
{"target": 0.9133126355004287, "params": {"C": 403.4557891466733, "epsilon": 0.6816271832923158, "gamma": 0.0573815432181968, "lamda": 0.11273522007261498}, "datetime": {"datetime": "2021-09-23 20:33:51", "elapsed": 409.479098, "delta": 3.010121}}
{"target": 0.8968155037278887, "params": {"C": 476.7290743568708, "epsilon": 0.7045377275881589, "gamma": 0.06455432653512205, "lamda": 0.2997296521800807}, "datetime": {"datetime": "2021-09-23 20:33:53", "elapsed": 411.571789, "delta": 2.092691}}
{"target": 0.9129083921326021, "params": {"C": 403.61279556510385, "epsilon": 0.7794110539040929, "gamma": 0.05363771849914005, "lamda": 0.1081117218809075}, "datetime": {"datetime": "2021-09-23 20:33:58", "elapsed": 416.345153, "delta": 4.773364}}
{"target": 0.9176571491962752, "params": {"C": 436.1276421014534, "epsilon": 0.08980838362700926, "gamma": 0.06532094745745629, "lamda": 0.27123976501257197}, "datetime": {"datetime": "2021-09-23 20:34:01", "elapsed": 419.822731, "delta": 3.477578}}
{"target": 0.8953493020999264, "params": {"C": 435.9063833591899, "epsilon": 0.7167776871920929, "gamma": 0.06705263023960661, "lamda": 0.3047544723318911}, "datetime": {"datetime": "2021-09-23 20:34:03", "elapsed": 421.822386, "delta": 1.999655}}
{"target": 0.9206552995958166, "params": {"C": 403.3610604854217, "epsilon": 0.7764368025001143, "gamma": 0.030742772556720012, "lamda": 0.02090648712756063}, "datetime": {"datetime": "2021-09-23 20:34:09", "elapsed": 426.998171, "delta": 5.175785}}
{"target": 0.9251208272637463, "params": {"C": 461.5561136811822, "epsilon": 0.673978999998802, "gamma": 0.04625496628083452, "lamda": 0.025905905610018196}, "datetime": {"datetime": "2021-09-23 20:34:12", "elapsed": 430.503449, "delta": 3.505278}}
{"target": 0.9241738386674455, "params": {"C": 493.5116358342739, "epsilon": 0.06057785313888023, "gamma": 0.05439196517131165, "lamda": 0.08754553321803513}, "datetime": {"datetime": "2021-09-23 20:34:15", "elapsed": 433.423518, "delta": 2.920069}}
{"target": 0.9006761667020144, "params": {"C": 433.18137109813586, "epsilon": 0.6811467777496023, "gamma": 0.04840837961913082, "lamda": 0.29220932432020646}, "datetime": {"datetime": "2021-09-23 20:34:17", "elapsed": 435.254573, "delta": 1.831055}}
{"target": 0.92644848891832, "params": {"C": 493.56530256777563, "epsilon": 0.24549227399453502, "gamma": 0.041345048897743424, "lamda": 0.01998957808553558}, "datetime": {"datetime": "2021-09-23 20:34:20", "elapsed": 438.501556, "delta": 3.246983}}
{"target": 0.9234400555019091, "params": {"C": 493.47044481102375, "epsilon": 0.15210704424318605, "gamma": 0.030411108501922652, "lamda": 0.033332648411351806}, "datetime": {"datetime": "2021-09-23 20:34:24", "elapsed": 442.526407, "delta": 4.024851}}
{"target": 0.926797471196416, "params": {"C": 493.57671082093646, "epsilon": 0.11951185439989451, "gamma": 0.047659165737992955, "lamda": 0.0770065300199664}, "datetime": {"datetime": "2021-09-23 20:34:28", "elapsed": 445.933023, "delta": 3.406616}}
{"target": 0.911088732539062, "params": {"C": 499.11610386811213, "epsilon": 0.3833802020577797, "gamma": 0.06350191590409282, "lamda": 0.20871025876381882}, "datetime": {"datetime": "2021-09-23 20:34:29", "elapsed": 447.697628, "delta": 1.764605}}
{"target": 0.9151032042055047, "params": {"C": 493.48873164031625, "epsilon": 0.18869222776559386, "gamma": 0.07368134678546828, "lamda": 0.11036285069888023}, "datetime": {"datetime": "2021-09-23 20:34:34", "elapsed": 451.917813, "delta": 4.220185}}
{"target": 0.9011775516644162, "params": {"C": 408.1990327607011, "epsilon": 0.3218487565761484, "gamma": 0.06328339245332518, "lamda": 0.49358700536459926}, "datetime": {"datetime": "2021-09-23 20:34:35", "elapsed": 453.71029, "delta": 1.792477}}
{"target": 0.9257289959995039, "params": {"C": 493.66646566050196, "epsilon": 0.23220720651555335, "gamma": 0.04751966745829142, "lamda": 0.020531985981993593}, "datetime": {"datetime": "2021-09-23 20:34:38", "elapsed": 456.799448, "delta": 3.089158}}
{"target": 0.9275582499523823, "params": {"C": 493.68038201032067, "epsilon": 0.11407694222159452, "gamma": 0.041990190753625964, "lamda": 0.07380137869208081}, "datetime": {"datetime": "2021-09-23 20:34:42", "elapsed": 460.785534, "delta": 3.986086}}
{"target": 0.9178724841583219, "params": {"C": 493.66312991184725, "epsilon": 0.046215245353994676, "gamma": 0.06697301528862404, "lamda": 0.16807612249171977}, "datetime": {"datetime": "2021-09-23 20:34:45", "elapsed": 463.378761, "delta": 2.593227}}
{"target": 0.9164553186419363, "params": {"C": 493.67992955706677, "epsilon": 0.228298102660634, "gamma": 0.06438126047282747, "lamda": 0.17529661969716748}, "datetime": {"datetime": "2021-09-23 20:34:48", "elapsed": 466.18064, "delta": 2.801879}}
{"target": 0.9217986928366744, "params": {"C": 493.8165763491575, "epsilon": 0.17868740569688552, "gamma": 0.05270516184983337, "lamda": 0.016348147831643248}, "datetime": {"datetime": "2021-09-23 20:34:52", "elapsed": 470.065504, "delta": 3.884864}}
{"target": 0.9271950354358012, "params": {"C": 422.71570713310075, "epsilon": 0.0828091404994209, "gamma": 0.04173877643288173, "lamda": 0.09903301735731408}, "datetime": {"datetime": "2021-09-23 20:34:53", "elapsed": 471.849082, "delta": 1.783578}}
{"target": 0.9223527762695952, "params": {"C": 428.7785296024466, "epsilon": 0.42178557547375006, "gamma": 0.03, "lamda": 0.015}, "datetime": {"datetime": "2021-09-23 20:34:57", "elapsed": 474.891532, "delta": 3.04245}}
{"target": 0.9080524703803804, "params": {"C": 409.32318897242703, "epsilon": 0.29894695646349556, "gamma": 0.0356513907320475, "lamda": 0.36656534643844985}, "datetime": {"datetime": "2021-09-23 20:34:58", "elapsed": 476.432249, "delta": 1.540717}}
{"target": 0.9170055503655375, "params": {"C": 422.694773174716, "epsilon": 0.10571380469690893, "gamma": 0.07031765625980707, "lamda": 0.11405253591865377}, "datetime": {"datetime": "2021-09-23 20:35:02", "elapsed": 479.894976, "delta": 3.462727}}
{"target": 0.9191522044892882, "params": {"C": 493.7131618679757, "epsilon": 0.03665865278161741, "gamma": 0.054965677263880575, "lamda": 0.04258363683835869}, "datetime": {"datetime": "2021-09-23 20:35:04", "elapsed": 482.475737, "delta": 2.580761}}
{"target": 0.9229470974189771, "params": {"C": 493.6392635864385, "epsilon": 0.14807732344193775, "gamma": 0.05435048526868003, "lamda": 0.027987582885438036}, "datetime": {"datetime": "2021-09-23 20:35:07", "elapsed": 484.931047, "delta": 2.45531}}
{"target": 0.9133146559548093, "params": {"C": 493.6376734702285, "epsilon": 0.33863270393537626, "gamma": 0.07706303162188521, "lamda": 0.044678819630415915}, "datetime": {"datetime": "2021-09-23 20:35:09", "elapsed": 487.564761, "delta": 2.633714}}
{"target": 0.913116212851043, "params": {"C": 455.6376011193485, "epsilon": 0.6398040435602631, "gamma": 0.07735377790515552, "lamda": 0.029618135880159494}, "datetime": {"datetime": "2021-09-23 20:35:11", "elapsed": 489.129657, "delta": 1.564896}}
{"target": 0.9024044455499349, "params": {"C": 499.74255394694325, "epsilon": 0.7072088398194447, "gamma": 0.05780961236405521, "lamda": 0.24429941902129182}, "datetime": {"datetime": "2021-09-23 20:35:12", "elapsed": 490.736831, "delta": 1.607174}}
{"target": 0.9143568467815293, "params": {"C": 493.6133136253134, "epsilon": 0.06165279148299079, "gamma": 0.06847732340596951, "lamda": 0.07279714633984878}, "datetime": {"datetime": "2021-09-23 20:35:16", "elapsed": 494.283212, "delta": 3.546381}}
{"target": 0.9250025463279864, "params": {"C": 439.2697808831002, "epsilon": 0.04548934771334047, "gamma": 0.03761651612861007, "lamda": 0.25343649132851953}, "datetime": {"datetime": "2021-09-23 20:35:19", "elapsed": 497.542287, "delta": 3.259075}}
