{"target": -2.334621997168131, "params": {"C": 136.11781665709637, "epsilon": 0.7675868477358783, "gamma": 0.14108953607490177, "lamda": 0.19944555994542032}, "datetime": {"datetime": "2021-09-23 12:56:53", "elapsed": 762.165687, "delta": 5.766066}}
{"target": -2.4995937441097396, "params": {"C": 124.51729870138874, "epsilon": 0.8556773897475206, "gamma": 0.12635461660474775, "lamda": 0.38205813690406715}, "datetime": {"datetime": "2021-09-23 12:56:55", "elapsed": 764.309311, "delta": 2.143624}}
{"target": -2.272569376585294, "params": {"C": 85.5857762791193, "epsilon": 0.5912275580885576, "gamma": 0.15, "lamda": 0.01}, "datetime": {"datetime": "2021-09-23 12:57:00", "elapsed": 768.760304, "delta": 4.450993}}
{"target": -2.213956408643709, "params": {"C": 90.5702946856254, "epsilon": 0.2593372603816036, "gamma": 0.04404765044757058, "lamda": 0.432282472044638}, "datetime": {"datetime": "2021-09-23 12:57:02", "elapsed": 770.847439, "delta": 2.087135}}
{"target": -2.022749078469138, "params": {"C": 135.84518587219816, "epsilon": 0.8503972888562218, "gamma": 0.06504260728327518, "lamda": 0.01663990785178109}, "datetime": {"datetime": "2021-09-23 12:57:07", "elapsed": 776.029133, "delta": 5.181694}}
{"target": -2.1471905505539493, "params": {"C": 135.9110725156033, "epsilon": 0.6393679330986508, "gamma": 0.12157768688991336, "lamda": 0.03527969729345876}, "datetime": {"datetime": "2021-09-23 12:57:12", "elapsed": 780.852287, "delta": 4.823154}}
{"target": -2.1464214853871293, "params": {"C": 265.6980964900119, "epsilon": 0.021731197410042098, "gamma": 0.10970130584189028, "lamda": 0.451794290697781}, "datetime": {"datetime": "2021-09-23 13:03:56", "elapsed": 0.0, "delta": 0.0}}
{"target": -2.1768366168597852, "params": {"C": 224.77605184538857, "epsilon": 0.2255718488853168, "gamma": 0.06178691512355863, "lamda": 0.45871312019738564}, "datetime": {"datetime": "2021-09-23 13:03:57", "elapsed": 0.303726, "delta": 0.303726}}
{"target": -2.184424964379567, "params": {"C": 175.3666254843803, "epsilon": 0.08925147435983626, "gamma": 0.11538958002045768, "lamda": 0.5725020742550125}, "datetime": {"datetime": "2021-09-23 13:03:57", "elapsed": 0.608726, "delta": 0.305}}
{"target": -2.3676748161834347, "params": {"C": 150.59223994918716, "epsilon": 0.5126800711223909, "gamma": 0.12938830578173247, "lamda": 0.371390379429339}, "datetime": {"datetime": "2021-09-23 13:03:57", "elapsed": 0.95151, "delta": 0.342784}}
{"target": -2.130582813234132, "params": {"C": 264.27683364993095, "epsilon": 0.18993164062741127, "gamma": 0.09446733319100738, "lamda": 0.2820275637257058}, "datetime": {"datetime": "2021-09-23 13:03:58", "elapsed": 1.387542, "delta": 0.436032}}
{"target": -2.08662838177907, "params": {"C": 250.88841892205022, "epsilon": 1.0, "gamma": 0.04, "lamda": 0.01}, "datetime": {"datetime": "2021-09-23 13:03:58", "elapsed": 2.07454, "delta": 0.686998}}
{"target": -2.30801042817738, "params": {"C": 198.542368690943, "epsilon": 1.0, "gamma": 0.15, "lamda": 0.01}, "datetime": {"datetime": "2021-09-23 13:03:59", "elapsed": 2.615538, "delta": 0.540998}}
{"target": -2.0815104463862664, "params": {"C": 300.0, "epsilon": 1.0, "gamma": 0.04, "lamda": 0.01}, "datetime": {"datetime": "2021-09-23 13:04:00", "elapsed": 3.390043, "delta": 0.774505}}
{"target": -2.4207143352615312, "params": {"C": 288.42903871391286, "epsilon": 0.9443794044711276, "gamma": 0.11688877514658791, "lamda": 0.27852115349399115}, "datetime": {"datetime": "2021-09-23 13:04:00", "elapsed": 3.876041, "delta": 0.485998}}
{"target": -2.2345838939893863, "params": {"C": 243.4879184813404, "epsilon": 0.20856935534952856, "gamma": 0.10148660700128298, "lamda": 0.48890684608380625}, "datetime": {"datetime": "2021-09-23 13:04:01", "elapsed": 4.430043, "delta": 0.554002}}
{"target": -2.3852789554881917, "params": {"C": 256.4643734572188, "epsilon": 0.001, "gamma": 0.15, "lamda": 0.6}, "datetime": {"datetime": "2021-09-23 13:04:02", "elapsed": 5.221891, "delta": 0.791848}}
{"target": -2.2715337646809184, "params": {"C": 297.4131539849426, "epsilon": 0.05732174887613746, "gamma": 0.144925516333391, "lamda": 0.32313101901619007}, "datetime": {"datetime": "2021-09-23 13:04:02", "elapsed": 6.012218, "delta": 0.790327}}
{"target": -2.0396592519171626, "params": {"C": 248.93935509085105, "epsilon": 1.0, "gamma": 0.06203564068134391, "lamda": 0.01}, "datetime": {"datetime": "2021-09-23 13:04:03", "elapsed": 6.687209, "delta": 0.674991}}
{"target": -2.0250731729486855, "params": {"C": 247.34584818220037, "epsilon": 0.019679021319365934, "gamma": 0.055110833998054325, "lamda": 0.5239065815907784}, "datetime": {"datetime": "2021-09-23 13:04:04", "elapsed": 7.516809, "delta": 0.8296}}
{"target": -2.5878182880585325, "params": {"C": 217.5134482945664, "epsilon": 0.9896339588553951, "gamma": 0.07593812133656207, "lamda": 0.5767042929252184}, "datetime": {"datetime": "2021-09-23 13:04:05", "elapsed": 8.424809, "delta": 0.908}}
{"target": -2.4298247413166187, "params": {"C": 230.81506139228927, "epsilon": 0.013142058729835964, "gamma": 0.14286273085198653, "lamda": 0.030954741403420465}, "datetime": {"datetime": "2021-09-23 13:04:06", "elapsed": 9.201062, "delta": 0.776253}}
{"target": -2.2148932226722557, "params": {"C": 168.6862705485686, "epsilon": 0.9344383974413975, "gamma": 0.10267729030921632, "lamda": 0.11390751599198841}, "datetime": {"datetime": "2021-09-23 13:04:06", "elapsed": 10.097926, "delta": 0.896864}}
{"target": -2.6470126146359227, "params": {"C": 182.08771013845063, "epsilon": 0.9857293472623435, "gamma": 0.13758655131321712, "lamda": 0.4963372566237066}, "datetime": {"datetime": "2021-09-23 13:04:07", "elapsed": 10.737527, "delta": 0.639601}}
{"target": -2.0843050495122966, "params": {"C": 273.19914291035934, "epsilon": 1.0, "gamma": 0.04, "lamda": 0.01}, "datetime": {"datetime": "2021-09-23 13:04:08", "elapsed": 11.609455, "delta": 0.871928}}
{"target": -2.4763591299867427, "params": {"C": 277.64495762611995, "epsilon": 0.001, "gamma": 0.15, "lamda": 0.01}, "datetime": {"datetime": "2021-09-23 13:04:09", "elapsed": 12.381457, "delta": 0.772002}}
{"target": -2.6369739469618025, "params": {"C": 270.1461153915626, "epsilon": 1.0, "gamma": 0.04, "lamda": 0.6}, "datetime": {"datetime": "2021-09-23 13:04:10", "elapsed": 13.269447, "delta": 0.88799}}
{"target": -2.326371426602635, "params": {"C": 246.2514976129542, "epsilon": 1.0, "gamma": 0.15, "lamda": 0.01}, "datetime": {"datetime": "2021-09-23 13:04:11", "elapsed": 14.30641, "delta": 1.036963}}
{"target": -2.3799970940108053, "params": {"C": 249.02018593238347, "epsilon": 0.001, "gamma": 0.15, "lamda": 0.6}, "datetime": {"datetime": "2021-09-23 13:04:12", "elapsed": 16.100519, "delta": 1.794109}}
{"target": -2.2485567481327813, "params": {"C": 229.70373999857497, "epsilon": 0.19758869155755812, "gamma": 0.14388823133327847, "lamda": 0.12702537130419775}, "datetime": {"datetime": "2021-09-23 13:04:13", "elapsed": 16.565516, "delta": 0.464997}}
{"target": -2.2911823708979693, "params": {"C": 196.57966801104837, "epsilon": 0.33600185467739285, "gamma": 0.14964920162127707, "lamda": 0.27421338357988395}, "datetime": {"datetime": "2021-09-23 13:04:13", "elapsed": 17.021165, "delta": 0.455649}}
{"target": -2.143788734018628, "params": {"C": 247.4122645745661, "epsilon": 0.03790176841734531, "gamma": 0.10557794548879426, "lamda": 0.5529395742800716}, "datetime": {"datetime": "2021-09-23 13:04:14", "elapsed": 17.619755, "delta": 0.59859}}
{"target": -2.068017819808398, "params": {"C": 247.165815940956, "epsilon": 0.011775497024413745, "gamma": 0.089143859161009, "lamda": 0.4555953374481742}, "datetime": {"datetime": "2021-09-23 13:04:15", "elapsed": 18.232756, "delta": 0.613001}}
{"target": -2.2170726592051713, "params": {"C": 256.4567264027437, "epsilon": 0.20895946070078605, "gamma": 0.11040027703641414, "lamda": 0.39565662037464455}, "datetime": {"datetime": "2021-09-23 13:04:15", "elapsed": 18.773754, "delta": 0.540998}}
{"target": -2.4827195257112096, "params": {"C": 238.8128929984619, "epsilon": 0.7783929548149774, "gamma": 0.1320436803394578, "lamda": 0.3845526645226059}, "datetime": {"datetime": "2021-09-23 13:04:16", "elapsed": 19.229821, "delta": 0.456067}}
{"target": -2.096246339428465, "params": {"C": 192.93802931198326, "epsilon": 0.47651359662465886, "gamma": 0.04065281073779402, "lamda": 0.01726296102475188}, "datetime": {"datetime": "2021-09-23 13:04:16", "elapsed": 19.942138, "delta": 0.712317}}
{"target": -2.132115230870282, "params": {"C": 247.351856620303, "epsilon": 0.2011135821794146, "gamma": 0.050134691038935954, "lamda": 0.3609429543840719}, "datetime": {"datetime": "2021-09-23 13:04:17", "elapsed": 20.568902, "delta": 0.626764}}
{"target": -2.3234032963627946, "params": {"C": 248.82141591115544, "epsilon": 0.8859408219102848, "gamma": 0.11259890151325974, "lamda": 0.2035543636228047}, "datetime": {"datetime": "2021-09-23 13:04:18", "elapsed": 21.381034, "delta": 0.812132}}
{"target": -2.208371544802848, "params": {"C": 249.1925881412601, "epsilon": 0.9676217082314829, "gamma": 0.07649233710647944, "lamda": 0.1368005731008571}, "datetime": {"datetime": "2021-09-23 13:04:19", "elapsed": 22.144175, "delta": 0.763141}}
{"target": -2.256318244118814, "params": {"C": 273.28739473244076, "epsilon": 0.8183479370870754, "gamma": 0.12526132879561788, "lamda": 0.13310204471669843}, "datetime": {"datetime": "2021-09-23 13:04:19", "elapsed": 22.690172, "delta": 0.545997}}
{"target": -2.3368300988117703, "params": {"C": 299.8890608887041, "epsilon": 0.986462991045148, "gamma": 0.08391968474888511, "lamda": 0.23190867999615492}, "datetime": {"datetime": "2021-09-23 13:04:20", "elapsed": 23.523823, "delta": 0.833651}}
{"target": -2.2286041018531124, "params": {"C": 247.21926129946104, "epsilon": 0.138559773592449, "gamma": 0.04, "lamda": 0.5947044090214014}, "datetime": {"datetime": "2021-09-23 13:04:21", "elapsed": 24.294828, "delta": 0.771005}}
{"target": -2.011324028384996, "params": {"C": 251.00589654293412, "epsilon": 0.8430259424389346, "gamma": 0.07328483157123175, "lamda": 0.028648119101940074}, "datetime": {"datetime": "2021-09-23 13:04:21", "elapsed": 24.954827, "delta": 0.659999}}
{"target": -2.23733002114182, "params": {"C": 246.10730232660825, "epsilon": 0.06728918851559694, "gamma": 0.12949955794128384, "lamda": 0.539955627036689}, "datetime": {"datetime": "2021-09-23 13:04:22", "elapsed": 25.513707, "delta": 0.55888}}
{"target": -2.24496764201802, "params": {"C": 251.1918850537752, "epsilon": 0.9392097689112758, "gamma": 0.11961562239938575, "lamda": 0.11343418620189652}, "datetime": {"datetime": "2021-09-23 13:04:23", "elapsed": 26.464551, "delta": 0.950844}}
{"target": -2.292291270249496, "params": {"C": 173.05207734903829, "epsilon": 0.7933931066577246, "gamma": 0.1419057795547611, "lamda": 0.14690600112166283}, "datetime": {"datetime": "2021-09-23 13:04:23", "elapsed": 27.079552, "delta": 0.615001}}
{"target": -2.219408532967715, "params": {"C": 250.95873181191797, "epsilon": 0.7085750615628766, "gamma": 0.12759488105079328, "lamda": 0.09984859637332444}, "datetime": {"datetime": "2021-09-23 13:04:24", "elapsed": 27.944552, "delta": 0.865}}
{"target": -2.199318150059298, "params": {"C": 264.24575402188026, "epsilon": 0.22912860179293015, "gamma": 0.11450077119260754, "lamda": 0.3014412042187907}, "datetime": {"datetime": "2021-09-23 13:04:25", "elapsed": 28.634553, "delta": 0.690001}}
{"target": -2.2891871011233422, "params": {"C": 250.90630327172659, "epsilon": 0.8922137475852011, "gamma": 0.13973711010136836, "lamda": 0.12985226748715503}, "datetime": {"datetime": "2021-09-23 13:04:26", "elapsed": 29.649553, "delta": 1.015}}
{"target": -2.2757143051492847, "params": {"C": 276.70084557121584, "epsilon": 0.7151348919531788, "gamma": 0.12358977982911049, "lamda": 0.17777051024706905}, "datetime": {"datetime": "2021-09-23 13:04:27", "elapsed": 30.370552, "delta": 0.720999}}
{"target": -2.1354495199654666, "params": {"C": 264.2806468520699, "epsilon": 0.012021302699081821, "gamma": 0.058734790863181306, "lamda": 0.18025383752541974}, "datetime": {"datetime": "2021-09-23 13:04:28", "elapsed": 31.278556, "delta": 0.908004}}
{"target": -2.1602070825852366, "params": {"C": 166.17599339044898, "epsilon": 0.22168132914237512, "gamma": 0.10005446973015739, "lamda": 0.3190828872933787}, "datetime": {"datetime": "2021-09-23 13:04:28", "elapsed": 31.786552, "delta": 0.507996}}
{"target": -2.1491216674862774, "params": {"C": 247.41703789221054, "epsilon": 0.0738024285884035, "gamma": 0.11270160390460388, "lamda": 0.23396968487992623}, "datetime": {"datetime": "2021-09-23 13:04:29", "elapsed": 32.439553, "delta": 0.653001}}
{"target": -2.2415577431798077, "params": {"C": 264.46386201032374, "epsilon": 0.17092144601798076, "gamma": 0.13985721734128986, "lamda": 0.16001551917635543}, "datetime": {"datetime": "2021-09-23 13:04:29", "elapsed": 33.020552, "delta": 0.580999}}
{"target": -2.141589440836641, "params": {"C": 247.17690990838736, "epsilon": 0.13497495767406212, "gamma": 0.11010932055135997, "lamda": 0.20667891879681202}, "datetime": {"datetime": "2021-09-23 13:04:30", "elapsed": 33.745553, "delta": 0.725001}}
{"target": -2.2358852620970717, "params": {"C": 251.1981431742299, "epsilon": 0.9627018737901497, "gamma": 0.1357276888579074, "lamda": 0.06771339073985655}, "datetime": {"datetime": "2021-09-23 13:04:31", "elapsed": 34.495554, "delta": 0.750001}}
{"target": -2.22914560307368, "params": {"C": 192.8074022624022, "epsilon": 0.5195699052000492, "gamma": 0.1385600272738683, "lamda": 0.04435178152631904}, "datetime": {"datetime": "2021-09-23 13:04:31", "elapsed": 35.107551, "delta": 0.611997}}
{"target": -2.0436440543785825, "params": {"C": 247.44633403414008, "epsilon": 0.010012336098261142, "gamma": 0.07484133267293516, "lamda": 0.3887282936552788}, "datetime": {"datetime": "2021-09-23 13:04:32", "elapsed": 35.811553, "delta": 0.704002}}
{"target": -2.22242696864728, "params": {"C": 264.2406515791406, "epsilon": 0.21207409705923028, "gamma": 0.12560955471425994, "lamda": 0.31491598827884837}, "datetime": {"datetime": "2021-09-23 13:04:33", "elapsed": 36.339551, "delta": 0.527998}}
{"target": -2.1923822631038945, "params": {"C": 193.14628684726907, "epsilon": 0.37639974442723656, "gamma": 0.12804839107586447, "lamda": 0.05424522125459211}, "datetime": {"datetime": "2021-09-23 13:04:33", "elapsed": 37.059558, "delta": 0.720007}}
{"target": -2.226387613367662, "params": {"C": 273.00650664389775, "epsilon": 0.8972681405740995, "gamma": 0.1065155957034935, "lamda": 0.1229333231066708}, "datetime": {"datetime": "2021-09-23 13:04:34", "elapsed": 37.810895, "delta": 0.751337}}
{"target": -2.1431459752595132, "params": {"C": 264.1840699336541, "epsilon": 0.09249206075953735, "gamma": 0.041222970808624436, "lamda": 0.010995349838599932}, "datetime": {"datetime": "2021-09-23 13:04:35", "elapsed": 38.836898, "delta": 1.026003}}
{"target": -2.1174479641227286, "params": {"C": 193.12190160496334, "epsilon": 0.6644781031921495, "gamma": 0.05041287305473875, "lamda": 0.12096013529402859}, "datetime": {"datetime": "2021-09-23 13:04:36", "elapsed": 39.811764, "delta": 0.974866}}
{"target": -2.098592634279529, "params": {"C": 247.27605055294032, "epsilon": 0.021600389013245614, "gamma": 0.09725704526020484, "lamda": 0.35366028852045023}, "datetime": {"datetime": "2021-09-23 13:04:37", "elapsed": 40.584492, "delta": 0.772728}}
{"target": -2.2946861962714484, "params": {"C": 193.0037539418684, "epsilon": 0.5448313994154507, "gamma": 0.055060675390910224, "lamda": 0.3557034421236427}, "datetime": {"datetime": "2021-09-23 13:04:38", "elapsed": 41.390244, "delta": 0.805752}}
{"target": -2.0556479640245415, "params": {"C": 251.07801952233365, "epsilon": 0.771803960143294, "gamma": 0.04303583256966789, "lamda": 0.019311742856027863}, "datetime": {"datetime": "2021-09-23 13:04:39", "elapsed": 42.262746, "delta": 0.872502}}
{"target": -2.12432947055636, "params": {"C": 246.95995519073352, "epsilon": 0.001, "gamma": 0.04, "lamda": 0.326274737997002}, "datetime": {"datetime": "2021-09-23 13:04:40", "elapsed": 43.50926, "delta": 1.246514}}
{"target": -2.155747030854332, "params": {"C": 192.97617442354002, "epsilon": 0.9363187309891385, "gamma": 0.08751713296999013, "lamda": 0.09193374264186224}, "datetime": {"datetime": "2021-09-23 13:04:41", "elapsed": 44.301263, "delta": 0.792003}}
{"target": -2.143831582411874, "params": {"C": 265.3820770343478, "epsilon": 0.1886021907944591, "gamma": 0.07198476236394422, "lamda": 0.4309541133883038}, "datetime": {"datetime": "2021-09-23 13:04:41", "elapsed": 44.929264, "delta": 0.628001}}
{"target": -2.2147458841670074, "params": {"C": 264.5366476689961, "epsilon": 0.39856526165355405, "gamma": 0.12919610025696707, "lamda": 0.14691711583470013}, "datetime": {"datetime": "2021-09-23 13:04:42", "elapsed": 45.471844, "delta": 0.54258}}
{"target": -2.3365895382546897, "params": {"C": 276.8817910667973, "epsilon": 0.23373402703511997, "gamma": 0.1419184425982362, "lamda": 0.5424821872287185}, "datetime": {"datetime": "2021-09-23 13:04:42", "elapsed": 45.958828, "delta": 0.486984}}
{"target": -1.996257759664558, "params": {"C": 265.47444726077947, "epsilon": 0.054830100721573585, "gamma": 0.06806150618038792, "lamda": 0.19975777916732776}, "datetime": {"datetime": "2021-09-23 13:04:43", "elapsed": 46.843833, "delta": 0.885005}}
{"target": -2.430529239639446, "params": {"C": 213.23688390139836, "epsilon": 0.7626931762068215, "gamma": 0.1324928725984894, "lamda": 0.32589130307890934}, "datetime": {"datetime": "2021-09-23 13:04:44", "elapsed": 47.448309, "delta": 0.604476}}
{"target": -2.2328864244941355, "params": {"C": 265.3545532880982, "epsilon": 0.15461678908039603, "gamma": 0.13596996376133047, "lamda": 0.14812595704580342}, "datetime": {"datetime": "2021-09-23 13:04:45", "elapsed": 48.207808, "delta": 0.759499}}
{"target": -2.2528064059475197, "params": {"C": 265.568982923975, "epsilon": 0.12201967254331338, "gamma": 0.1427534403854699, "lamda": 0.2885512710179168}, "datetime": {"datetime": "2021-09-23 13:04:45", "elapsed": 48.878809, "delta": 0.671001}}
{"target": -2.14251887837102, "params": {"C": 265.5501022388906, "epsilon": 0.02786120599507676, "gamma": 0.06049398167346251, "lamda": 0.08730253861117611}, "datetime": {"datetime": "2021-09-23 13:04:46", "elapsed": 49.666484, "delta": 0.787675}}
{"target": -2.2774155131528815, "params": {"C": 246.95166027298387, "epsilon": 0.08512889194844439, "gamma": 0.14610663364590223, "lamda": 0.5014687230379636}, "datetime": {"datetime": "2021-09-23 13:04:47", "elapsed": 50.355077, "delta": 0.688593}}
{"target": -2.077812855563053, "params": {"C": 247.61816456677855, "epsilon": 0.15238385223295803, "gamma": 0.08576104336453569, "lamda": 0.2770673182196491}, "datetime": {"datetime": "2021-09-23 13:04:47", "elapsed": 50.956689, "delta": 0.601612}}
{"target": -2.105061752562427, "params": {"C": 208.79257956198552, "epsilon": 0.009253851895886064, "gamma": 0.04499384247445537, "lamda": 0.3743570052195995}, "datetime": {"datetime": "2021-09-23 13:04:48", "elapsed": 51.621194, "delta": 0.664505}}
{"target": -2.1535696232196617, "params": {"C": 208.87926013669068, "epsilon": 0.013080442161220507, "gamma": 0.11163534706587219, "lamda": 0.5600657246229892}, "datetime": {"datetime": "2021-09-23 13:04:49", "elapsed": 52.270193, "delta": 0.648999}}
{"target": -2.4833822646794346, "params": {"C": 204.56661278201668, "epsilon": 0.7156549843862755, "gamma": 0.052004419818499924, "lamda": 0.5505898563301079}, "datetime": {"datetime": "2021-09-23 13:04:49", "elapsed": 52.772195, "delta": 0.502002}}
{"target": -2.1183224407316184, "params": {"C": 247.63568920091282, "epsilon": 0.020556346080059202, "gamma": 0.04782936847186325, "lamda": 0.12589279449642163}, "datetime": {"datetime": "2021-09-23 13:04:50", "elapsed": 53.609083, "delta": 0.836888}}
{"target": -2.014384396825547, "params": {"C": 247.88315323700752, "epsilon": 0.05631524812705904, "gamma": 0.05096515465996781, "lamda": 0.29860808826374485}, "datetime": {"datetime": "2021-09-23 13:04:51", "elapsed": 54.354081, "delta": 0.744998}}
{"target": -2.106859197156684, "params": {"C": 289.0467452255798, "epsilon": 0.9522555742455784, "gamma": 0.049511935382088916, "lamda": 0.06988516984521255}, "datetime": {"datetime": "2021-09-23 13:04:51", "elapsed": 55.010081, "delta": 0.656}}
{"target": -2.299337215565394, "params": {"C": 214.69297998692662, "epsilon": 0.42993448521450595, "gamma": 0.07442194672081635, "lamda": 0.44272271175830524}, "datetime": {"datetime": "2021-09-23 13:04:52", "elapsed": 55.522148, "delta": 0.512067}}
{"target": -2.1129754238223932, "params": {"C": 154.67058040821115, "epsilon": 0.5810209895669107, "gamma": 0.04983725797719915, "lamda": 0.13748679099097683}, "datetime": {"datetime": "2021-09-23 13:04:52", "elapsed": 56.080334, "delta": 0.558186}}
{"target": -2.0203369279389243, "params": {"C": 247.69896288080395, "epsilon": 0.036358944381593185, "gamma": 0.08277016724909186, "lamda": 0.3768676387928341}, "datetime": {"datetime": "2021-09-23 13:04:53", "elapsed": 56.929332, "delta": 0.848998}}
{"target": -2.3347469392675237, "params": {"C": 180.24109352870775, "epsilon": 0.43338646592772617, "gamma": 0.053868046988823075, "lamda": 0.49382570691225725}, "datetime": {"datetime": "2021-09-23 13:04:54", "elapsed": 57.489747, "delta": 0.560415}}
{"target": -2.27270484665612, "params": {"C": 247.83806352951322, "epsilon": 0.17853349782620506, "gamma": 0.14600795512097087, "lamda": 0.3548612373430852}, "datetime": {"datetime": "2021-09-23 13:04:55", "elapsed": 58.422959, "delta": 0.933212}}
{"target": -2.1325435844405654, "params": {"C": 265.392920547498, "epsilon": 0.001, "gamma": 0.04, "lamda": 0.28873803893353794}, "datetime": {"datetime": "2021-09-23 13:04:56", "elapsed": 59.576461, "delta": 1.153502}}
