{"target": -1.9550819807967605, "params": {"C": 182.46726415275836, "epsilon": 0.08671007763794307, "gamma": 0.04063944719837423, "lamda": 0.3054378014118154}, "datetime": {"datetime": "2021-09-23 13:16:11", "elapsed": 91.09276, "delta": 0.754534}}
{"target": -2.0049362531315396, "params": {"C": 271.7780577729014, "epsilon": 0.1568824803966435, "gamma": 0.06280574367217269, "lamda": 0.16407015749192255}, "datetime": {"datetime": "2021-09-23 13:16:12", "elapsed": 91.850755, "delta": 0.757995}}
{"target": -1.9488845048142802, "params": {"C": 271.69850930836844, "epsilon": 0.07019897870892829, "gamma": 0.031117233482597553, "lamda": 0.08964827356394804}, "datetime": {"datetime": "2021-09-23 13:16:13", "elapsed": 92.873926, "delta": 1.023171}}
{"target": -1.9365347454362816, "params": {"C": 251.4786513169528, "epsilon": 0.22573154311879867, "gamma": 0.04622193292574266, "lamda": 0.042336164596341944}, "datetime": {"datetime": "2021-09-23 13:16:14", "elapsed": 93.765928, "delta": 0.892002}}
{"target": -2.0518128584438227, "params": {"C": 271.7844612140375, "epsilon": 0.10618528329216877, "gamma": 0.07121726151730137, "lamda": 0.13662773871602377}, "datetime": {"datetime": "2021-09-23 13:16:15", "elapsed": 94.798969, "delta": 1.033041}}
{"target": -2.0481554429689606, "params": {"C": 299.96375286522306, "epsilon": 0.37763133340767197, "gamma": 0.05864518653635097, "lamda": 0.14444122074099858}, "datetime": {"datetime": "2021-09-23 13:16:16", "elapsed": 95.528966, "delta": 0.729997}}
{"target": -2.1096498474020318, "params": {"C": 226.68625946546513, "epsilon": 0.3888022432334006, "gamma": 0.05287215624605846, "lamda": 0.25382356681873747}, "datetime": {"datetime": "2021-09-23 13:16:16", "elapsed": 96.237968, "delta": 0.709002}}
{"target": -1.9794041582686295, "params": {"C": 222.65344263235187, "epsilon": 0.08721039246836858, "gamma": 0.06161209740397212, "lamda": 0.19491986326575583}, "datetime": {"datetime": "2021-09-23 13:16:17", "elapsed": 97.096923, "delta": 0.858955}}
{"target": -1.9477051913500127, "params": {"C": 271.5972788002209, "epsilon": 0.13522335303975577, "gamma": 0.051853894197754304, "lamda": 0.1260738445225147}, "datetime": {"datetime": "2021-09-23 13:16:18", "elapsed": 97.960931, "delta": 0.864008}}
{"target": -2.1209712845171222, "params": {"C": 213.14972353986556, "epsilon": 0.31325400309360407, "gamma": 0.07974874564348781, "lamda": 0.02612430183927606}, "datetime": {"datetime": "2021-09-23 13:16:19", "elapsed": 98.909972, "delta": 0.949041}}
{"target": -1.9257262121483134, "params": {"C": 213.18103654725397, "epsilon": 0.29075420909624217, "gamma": 0.046666025376203624, "lamda": 0.06686890672987211}, "datetime": {"datetime": "2021-09-23 13:16:20", "elapsed": 99.914932, "delta": 1.00496}}
{"target": -2.083411615083793, "params": {"C": 235.47884284960324, "epsilon": 0.3536169505700073, "gamma": 0.040175434181940146, "lamda": 0.23584878228348233}, "datetime": {"datetime": "2021-09-23 13:16:21", "elapsed": 100.864928, "delta": 0.949996}}
{"target": -2.148402171692109, "params": {"C": 215.16729666593403, "epsilon": 0.27369842498352737, "gamma": 0.058521721576893365, "lamda": 0.3863026020193579}, "datetime": {"datetime": "2021-09-23 13:16:22", "elapsed": 101.712935, "delta": 0.848007}}
{"target": -2.2903082643835746, "params": {"C": 282.6088689973588, "epsilon": 0.18993028334488288, "gamma": 0.017676875646523146, "lamda": 0.46660834872839024}, "datetime": {"datetime": "2021-09-23 13:16:23", "elapsed": 102.654934, "delta": 0.941999}}
{"target": -2.156019082819686, "params": {"C": 202.04268343763167, "epsilon": 0.2677856026484145, "gamma": 0.06252419880085493, "lamda": 0.38047524405325756}, "datetime": {"datetime": "2021-09-23 13:16:24", "elapsed": 103.63093, "delta": 0.975996}}
{"target": -2.0210617484289846, "params": {"C": 271.7461832869512, "epsilon": 0.07397030899764426, "gamma": 0.02351378804074125, "lamda": 0.12735417795923204}, "datetime": {"datetime": "2021-09-23 13:16:25", "elapsed": 104.762926, "delta": 1.131996}}
{"target": -2.0584582783413086, "params": {"C": 255.29105295687168, "epsilon": 0.15944583711390412, "gamma": 0.029068791952978103, "lamda": 0.2778423970305861}, "datetime": {"datetime": "2021-09-23 13:16:26", "elapsed": 105.579936, "delta": 0.81701}}
{"target": -1.9401597418714374, "params": {"C": 271.65944012659054, "epsilon": 0.08050943330900479, "gamma": 0.03336526285710465, "lamda": 0.1728317284377479}, "datetime": {"datetime": "2021-09-23 13:16:27", "elapsed": 106.637934, "delta": 1.057998}}
{"target": -1.944258741627156, "params": {"C": 226.66805478176417, "epsilon": 0.14830521877919917, "gamma": 0.04907666276039785, "lamda": 0.1481335061280799}, "datetime": {"datetime": "2021-09-23 13:16:28", "elapsed": 107.422927, "delta": 0.784993}}
{"target": -2.0266116119116813, "params": {"C": 278.25841640706744, "epsilon": 0.04225647748470529, "gamma": 0.02341802867152567, "lamda": 0.22494213416099057}, "datetime": {"datetime": "2021-09-23 13:16:29", "elapsed": 108.377927, "delta": 0.955}}
{"target": -1.967340670389602, "params": {"C": 213.1854865497462, "epsilon": 0.35490884577902293, "gamma": 0.04324942178036418, "lamda": 0.0954238497839251}, "datetime": {"datetime": "2021-09-23 13:16:30", "elapsed": 109.341965, "delta": 0.964038}}
{"target": -2.117753530091358, "params": {"C": 232.71396469754123, "epsilon": 0.03416186147889065, "gamma": 0.07531046478530315, "lamda": 0.10817772540927365}, "datetime": {"datetime": "2021-09-23 13:16:31", "elapsed": 110.519801, "delta": 1.177836}}
{"target": -1.9705199783992118, "params": {"C": 213.1384903276684, "epsilon": 0.3111121941731172, "gamma": 0.037882237303722456, "lamda": 0.1043506289488493}, "datetime": {"datetime": "2021-09-23 13:16:32", "elapsed": 111.623802, "delta": 1.104001}}
{"target": -1.9536379805850566, "params": {"C": 271.6659994608983, "epsilon": 0.060820153264850185, "gamma": 0.05376170077340466, "lamda": 0.20787796776309508}, "datetime": {"datetime": "2021-09-23 13:16:33", "elapsed": 113.010805, "delta": 1.387003}}
{"target": -2.0225999704488165, "params": {"C": 257.49191409179144, "epsilon": 0.08942421571066177, "gamma": 0.04301748538534723, "lamda": 0.4656457875153627}, "datetime": {"datetime": "2021-09-23 13:16:34", "elapsed": 113.837802, "delta": 0.826997}}
{"target": -1.9461124449267302, "params": {"C": 271.72979242683425, "epsilon": 0.10951983745824989, "gamma": 0.034585511882658515, "lamda": 0.19385249504996788}, "datetime": {"datetime": "2021-09-23 13:16:35", "elapsed": 114.851714, "delta": 1.013912}}
{"target": -2.0094332539637194, "params": {"C": 226.68647796178482, "epsilon": 0.12030577337559677, "gamma": 0.0664992757488621, "lamda": 0.12251011043634621}, "datetime": {"datetime": "2021-09-23 13:16:36", "elapsed": 115.835328, "delta": 0.983614}}
{"target": -1.9904606831180984, "params": {"C": 180.40504862115347, "epsilon": 0.0712538705874738, "gamma": 0.06421637060407757, "lamda": 0.23754445443901273}, "datetime": {"datetime": "2021-09-23 13:16:37", "elapsed": 116.757171, "delta": 0.921843}}
{"target": -2.166603481696292, "params": {"C": 272.5692267803954, "epsilon": 0.05610817308046777, "gamma": 0.014735683350710627, "lamda": 0.3667858506843968}, "datetime": {"datetime": "2021-09-23 13:16:38", "elapsed": 117.629004, "delta": 0.871833}}
{"target": -1.9790015208554157, "params": {"C": 213.21773109666975, "epsilon": 0.3133864938790718, "gamma": 0.03291716517264538, "lamda": 0.09819937720158199}, "datetime": {"datetime": "2021-09-23 13:16:39", "elapsed": 118.823863, "delta": 1.194859}}
{"target": -2.113359444935965, "params": {"C": 188.7635276037877, "epsilon": 0.3682799546341472, "gamma": 0.07344540530550057, "lamda": 0.17222342465339352}, "datetime": {"datetime": "2021-09-23 13:16:40", "elapsed": 119.599869, "delta": 0.776006}}
{"target": -2.2969955775024813, "params": {"C": 239.2619532782183, "epsilon": 0.32447120819423614, "gamma": 0.01158732399517072, "lamda": 0.13761072866343163}, "datetime": {"datetime": "2021-09-23 13:16:41", "elapsed": 120.419298, "delta": 0.819429}}
{"target": -2.3651140629295266, "params": {"C": 196.42904300198938, "epsilon": 0.37949731381471175, "gamma": 0.010397757762571147, "lamda": 0.14522973451511978}, "datetime": {"datetime": "2021-09-23 13:16:41", "elapsed": 121.22097, "delta": 0.801672}}
{"target": -1.9195892401377364, "params": {"C": 213.21356656355067, "epsilon": 0.2497679901104554, "gamma": 0.044595747242059273, "lamda": 0.060573063716296636}, "datetime": {"datetime": "2021-09-23 13:16:42", "elapsed": 122.11497, "delta": 0.894}}
{"target": -2.041956640676307, "params": {"C": 273.8683094958579, "epsilon": 0.3551933401870445, "gamma": 0.04911393927736277, "lamda": 0.17170688112697235}, "datetime": {"datetime": "2021-09-23 13:16:43", "elapsed": 122.956077, "delta": 0.841107}}
{"target": -1.9272345658561163, "params": {"C": 253.6239544669835, "epsilon": 0.23046516373881293, "gamma": 0.04854064312380809, "lamda": 0.0722624341352128}, "datetime": {"datetime": "2021-09-23 13:16:44", "elapsed": 123.884669, "delta": 0.928592}}
{"target": -2.2722196124551055, "params": {"C": 191.5209925391999, "epsilon": 0.3860443976800526, "gamma": 0.06319419382742666, "lamda": 0.4734144114936088}, "datetime": {"datetime": "2021-09-23 13:16:45", "elapsed": 124.712533, "delta": 0.827864}}
{"target": -1.9752379657529455, "params": {"C": 213.4208564686062, "epsilon": 0.38700199808755076, "gamma": 0.046271695345589496, "lamda": 0.09794920475397696}, "datetime": {"datetime": "2021-09-23 13:16:46", "elapsed": 125.590555, "delta": 0.878022}}
{"target": -2.1743959803697153, "params": {"C": 197.28299403900544, "epsilon": 0.250348860539126, "gamma": 0.06462028503414582, "lamda": 0.4239871801510709}, "datetime": {"datetime": "2021-09-23 13:16:47", "elapsed": 126.440555, "delta": 0.85}}
{"target": -2.0821059869568526, "params": {"C": 253.64009765180316, "epsilon": 0.20783523336548593, "gamma": 0.07697328907896603, "lamda": 0.06241608237282467}, "datetime": {"datetime": "2021-09-23 13:16:48", "elapsed": 127.627224, "delta": 1.186669}}
{"target": -1.9455905825818527, "params": {"C": 251.49644253984832, "epsilon": 0.2679880844833681, "gamma": 0.053212869197740535, "lamda": 0.06941247244593736}, "datetime": {"datetime": "2021-09-23 13:16:49", "elapsed": 128.813257, "delta": 1.186033}}
{"target": -2.045335062157456, "params": {"C": 271.6648641376313, "epsilon": 0.11493350009673478, "gamma": 0.06987390975587979, "lamda": 0.22533701416268298}, "datetime": {"datetime": "2021-09-23 13:16:50", "elapsed": 129.855446, "delta": 1.042189}}
{"target": -1.940255395842074, "params": {"C": 251.47339522022062, "epsilon": 0.2362027342729796, "gamma": 0.05139214375873775, "lamda": 0.07844913681752208}, "datetime": {"datetime": "2021-09-23 13:16:51", "elapsed": 131.059547, "delta": 1.204101}}
{"target": -2.1263475124316193, "params": {"C": 211.02170230874438, "epsilon": 0.05967491069183894, "gamma": 0.07904735210079374, "lamda": 0.05938857328253812}, "datetime": {"datetime": "2021-09-23 13:16:52", "elapsed": 132.047552, "delta": 0.988005}}
{"target": -1.9732149902185327, "params": {"C": 271.6793743664974, "epsilon": 0.06130988465560302, "gamma": 0.05339004729658562, "lamda": 0.1395222191970001}, "datetime": {"datetime": "2021-09-23 13:16:53", "elapsed": 133.163457, "delta": 1.115905}}
{"target": -2.085198998703133, "params": {"C": 191.36237795706293, "epsilon": 0.16728318702367917, "gamma": 0.040324164073977556, "lamda": 0.46867083969903633}, "datetime": {"datetime": "2021-09-23 13:16:54", "elapsed": 134.226753, "delta": 1.063296}}
{"target": -2.0689869631548836, "params": {"C": 230.6757323540603, "epsilon": 0.14148812970223734, "gamma": 0.06955820084252533, "lamda": 0.28504527029279375}, "datetime": {"datetime": "2021-09-23 13:16:55", "elapsed": 135.213727, "delta": 0.986974}}
{"target": -2.1414429717525856, "params": {"C": 195.36104983938804, "epsilon": 0.08299090811433497, "gamma": 0.018175048400357177, "lamda": 0.29738298521019496}, "datetime": {"datetime": "2021-09-23 13:16:56", "elapsed": 136.280723, "delta": 1.066996}}
{"target": -1.945279147044882, "params": {"C": 271.6893062761311, "epsilon": 0.060030473511017125, "gamma": 0.031803172430380715, "lamda": 0.18776179678790428}, "datetime": {"datetime": "2021-09-23 13:16:58", "elapsed": 137.577564, "delta": 1.296841}}
{"target": -2.008867024976332, "params": {"C": 253.61011225887802, "epsilon": 0.24986353770965636, "gamma": 0.02418957952482714, "lamda": 0.08070215963215642}, "datetime": {"datetime": "2021-09-23 13:16:59", "elapsed": 138.759077, "delta": 1.181513}}
{"target": -2.0986806504306217, "params": {"C": 271.7068969574242, "epsilon": 0.04819797167901327, "gamma": 0.01794415493156227, "lamda": 0.15650358561651778}, "datetime": {"datetime": "2021-09-23 13:17:00", "elapsed": 140.090137, "delta": 1.33106}}
{"target": -1.9730168715900624, "params": {"C": 182.4958114390734, "epsilon": 0.0757222421829007, "gamma": 0.05937968202473776, "lamda": 0.32508008295314983}, "datetime": {"datetime": "2021-09-23 13:17:01", "elapsed": 141.100167, "delta": 1.01003}}
{"target": -2.0453343058718785, "params": {"C": 213.1853066549347, "epsilon": 0.26318011223168136, "gamma": 0.07355775347697677, "lamda": 0.08976483478349874}, "datetime": {"datetime": "2021-09-23 13:17:02", "elapsed": 142.262831, "delta": 1.162664}}
{"target": -2.0580041908269093, "params": {"C": 261.49280810050533, "epsilon": 0.10903258219801197, "gamma": 0.05750814372516666, "lamda": 0.44225054083096876}, "datetime": {"datetime": "2021-09-23 13:17:03", "elapsed": 143.084015, "delta": 0.821184}}
{"target": -2.1128845021340097, "params": {"C": 258.01194629246237, "epsilon": 0.19145837635616722, "gamma": 0.024899066455370045, "lamda": 0.27492773985172464}, "datetime": {"datetime": "2021-09-23 13:17:04", "elapsed": 143.887659, "delta": 0.803644}}
{"target": -2.1124370077277823, "params": {"C": 253.0321655479865, "epsilon": 0.1585782893530387, "gamma": 0.05863347443381434, "lamda": 0.48434210744093664}, "datetime": {"datetime": "2021-09-23 13:17:05", "elapsed": 144.829476, "delta": 0.941817}}
{"target": -2.2282742369353774, "params": {"C": 281.6732153950825, "epsilon": 0.3460726499024914, "gamma": 0.027708945198715508, "lamda": 0.39551873492149636}, "datetime": {"datetime": "2021-09-23 13:17:06", "elapsed": 145.736477, "delta": 0.907001}}
{"target": -2.0110827798534685, "params": {"C": 213.20834060073113, "epsilon": 0.2837172725387017, "gamma": 0.06570181625061601, "lamda": 0.044188280392693347}, "datetime": {"datetime": "2021-09-23 13:17:07", "elapsed": 146.776651, "delta": 1.040174}}
{"target": -1.9185335688350067, "params": {"C": 253.60972250644946, "epsilon": 0.24453667083008235, "gamma": 0.04274013285055037, "lamda": 0.04750366633378709}, "datetime": {"datetime": "2021-09-23 13:17:08", "elapsed": 147.961534, "delta": 1.184883}}
{"target": -2.0461194296368945, "params": {"C": 196.91142841043145, "epsilon": 0.243152236054641, "gamma": 0.07422197695463219, "lamda": 0.07244763140410682}, "datetime": {"datetime": "2021-09-23 13:17:09", "elapsed": 149.036536, "delta": 1.075002}}
{"target": -2.066832142416242, "params": {"C": 287.836634938317, "epsilon": 0.2545085083904326, "gamma": 0.022380872246073075, "lamda": 0.1274455063826229}, "datetime": {"datetime": "2021-09-23 13:17:10", "elapsed": 149.966534, "delta": 0.929998}}
{"target": -1.9560797795737206, "params": {"C": 192.38571441158686, "epsilon": 0.07344932888267422, "gamma": 0.054736431128504105, "lamda": 0.1942995482392212}, "datetime": {"datetime": "2021-09-23 13:17:11", "elapsed": 150.851536, "delta": 0.885002}}
{"target": -2.0749382182734113, "params": {"C": 271.6937767345336, "epsilon": 0.09598644163256388, "gamma": 0.07409974901923243, "lamda": 0.1052985903834275}, "datetime": {"datetime": "2021-09-23 13:17:12", "elapsed": 151.988552, "delta": 1.137016}}
{"target": -1.9283741681684903, "params": {"C": 253.63116990913534, "epsilon": 0.23561235990379137, "gamma": 0.04452049316279883, "lamda": 0.04206183766321511}, "datetime": {"datetime": "2021-09-23 13:17:13", "elapsed": 153.283348, "delta": 1.294796}}
{"target": -1.9454722538693447, "params": {"C": 226.63917281709547, "epsilon": 0.15713891640393166, "gamma": 0.05228994290973754, "lamda": 0.12876509305488384}, "datetime": {"datetime": "2021-09-23 13:17:15", "elapsed": 154.314346, "delta": 1.030998}}
{"target": -1.9892947367388853, "params": {"C": 269.7466755876269, "epsilon": 0.06268425477068368, "gamma": 0.060927151774668925, "lamda": 0.17758401594553852}, "datetime": {"datetime": "2021-09-23 13:17:15", "elapsed": 155.22307, "delta": 0.908724}}
{"target": -2.0961453459251245, "params": {"C": 271.6566631136436, "epsilon": 0.06869625626179994, "gamma": 0.07756850529722491, "lamda": 0.16208252522944594}, "datetime": {"datetime": "2021-09-23 13:17:16", "elapsed": 156.257029, "delta": 1.033959}}
{"target": -2.19867967679791, "params": {"C": 207.41511128219076, "epsilon": 0.31219364924510407, "gamma": 0.039621188844433525, "lamda": 0.4875031424591034}, "datetime": {"datetime": "2021-09-23 13:17:17", "elapsed": 157.159436, "delta": 0.902407}}
{"target": -1.9751786793307158, "params": {"C": 251.4965104578255, "epsilon": 0.21227556398237216, "gamma": 0.057140358345741445, "lamda": 0.047487675838247034}, "datetime": {"datetime": "2021-09-23 13:17:19", "elapsed": 158.40763, "delta": 1.248194}}
{"target": -1.9762979559559823, "params": {"C": 213.18951254867835, "epsilon": 0.20775401725008596, "gamma": 0.04398624429734653, "lamda": 0.01609805382249088}, "datetime": {"datetime": "2021-09-23 13:17:20", "elapsed": 159.895583, "delta": 1.487953}}
{"target": -2.1485957208057536, "params": {"C": 213.15485449515313, "epsilon": 0.27226288610468763, "gamma": 0.01658467023882391, "lamda": 0.06968594414575222}, "datetime": {"datetime": "2021-09-23 13:17:22", "elapsed": 161.550149, "delta": 1.654566}}
{"target": -2.0569306755029664, "params": {"C": 192.41727769249135, "epsilon": 0.10293158854440271, "gamma": 0.07607693498366648, "lamda": 0.17100533637422655}, "datetime": {"datetime": "2021-09-23 13:17:23", "elapsed": 162.622147, "delta": 1.071998}}
{"target": -2.231912574343766, "params": {"C": 234.27806307424453, "epsilon": 0.3559653312871397, "gamma": 0.07680444696630812, "lamda": 0.3376168594250908}, "datetime": {"datetime": "2021-09-23 13:17:24", "elapsed": 163.53327, "delta": 0.911123}}
{"target": -1.9756053069453925, "params": {"C": 251.49662516384268, "epsilon": 0.23879724117034165, "gamma": 0.02963232162505943, "lamda": 0.015848612145882117}, "datetime": {"datetime": "2021-09-23 13:17:25", "elapsed": 165.05626, "delta": 1.52299}}
{"target": -2.021718132883421, "params": {"C": 290.8318748627048, "epsilon": 0.15333953277095017, "gamma": 0.03676746104423268, "lamda": 0.269709719088473}, "datetime": {"datetime": "2021-09-23 13:17:26", "elapsed": 166.136258, "delta": 1.079998}}
{"target": -1.957685022135373, "params": {"C": 253.97825824702267, "epsilon": 0.3640651294856875, "gamma": 0.029156078746807326, "lamda": 0.017239149271313505}, "datetime": {"datetime": "2021-09-23 13:17:27", "elapsed": 167.207964, "delta": 1.071706}}
{"target": -2.0933289992943713, "params": {"C": 254.6140295520754, "epsilon": 0.31530104330915987, "gamma": 0.036846510420177225, "lamda": 0.2627497606807466}, "datetime": {"datetime": "2021-09-23 13:17:28", "elapsed": 168.124961, "delta": 0.916997}}
{"target": -2.0801371833622597, "params": {"C": 271.59158517454836, "epsilon": 0.16970516023949858, "gamma": 0.018812411667773206, "lamda": 0.12186273480716289}, "datetime": {"datetime": "2021-09-23 13:17:30", "elapsed": 169.519377, "delta": 1.394416}}
{"target": -1.9642053110488142, "params": {"C": 218.8045597863096, "epsilon": 0.07807716530195774, "gamma": 0.031279413127802976, "lamda": 0.13958439391711958}, "datetime": {"datetime": "2021-09-23 13:17:31", "elapsed": 170.510383, "delta": 0.991006}}
{"target": -1.93414084102969, "params": {"C": 271.6952931054235, "epsilon": 0.0965978982181413, "gamma": 0.04688912076793336, "lamda": 0.1645438294574526}, "datetime": {"datetime": "2021-09-23 13:17:32", "elapsed": 171.579552, "delta": 1.069169}}
{"target": -2.077422683453854, "params": {"C": 226.6504133338761, "epsilon": 0.15652266318222674, "gamma": 0.07856822365197588, "lamda": 0.13320293779102765}, "datetime": {"datetime": "2021-09-23 13:17:33", "elapsed": 172.900565, "delta": 1.321013}}
{"target": -2.0639523577098715, "params": {"C": 263.2498500501568, "epsilon": 0.051269390101400775, "gamma": 0.07326934687244943, "lamda": 0.3249637655970769}, "datetime": {"datetime": "2021-09-23 13:17:34", "elapsed": 173.918761, "delta": 1.018196}}
{"target": -2.0640084439471966, "params": {"C": 253.6115829836353, "epsilon": 0.2564580699162462, "gamma": 0.07533520280816973, "lamda": 0.08200651086343133}, "datetime": {"datetime": "2021-09-23 13:17:36", "elapsed": 175.445566, "delta": 1.526805}}
{"target": -1.9584100539146274, "params": {"C": 213.25959007859223, "epsilon": 0.29040803516295355, "gamma": 0.03035518532206357, "lamda": 0.0728274754670181}, "datetime": {"datetime": "2021-09-23 13:17:37", "elapsed": 176.697241, "delta": 1.251675}}
{"target": -1.9464627875095317, "params": {"C": 213.20388508960065, "epsilon": 0.2762978512880826, "gamma": 0.03602193453574447, "lamda": 0.0943208575412229}, "datetime": {"datetime": "2021-09-23 13:17:38", "elapsed": 178.208906, "delta": 1.511665}}
{"target": -2.1019997529284176, "params": {"C": 226.99571795624342, "epsilon": 0.35001410235406305, "gamma": 0.0448958976429057, "lamda": 0.2803358296420974}, "datetime": {"datetime": "2021-09-23 13:17:39", "elapsed": 179.164544, "delta": 0.955638}}
{"target": -2.1997554522646006, "params": {"C": 279.71862044909466, "epsilon": 0.19025498073753816, "gamma": 0.07912953510316796, "lamda": 0.42855349101598}, "datetime": {"datetime": "2021-09-23 13:17:40", "elapsed": 180.131584, "delta": 0.96704}}
