{"target": -2.063374076306451, "params": {"C": 101.8477815477595, "epsilon": 0.31985826123218186, "gamma": 0.048027626262702725, "lamda": 0.0779308846474211}, "datetime": {"datetime": "2021-09-23 12:46:13", "elapsed": 121.784716, "delta": 1.041216}}
{"target": -2.0825372051251243, "params": {"C": 70.43402387706617, "epsilon": 0.028165300021947524, "gamma": 0.05497543046301709, "lamda": 0.08068685103488847}, "datetime": {"datetime": "2021-09-23 12:46:14", "elapsed": 123.115363, "delta": 1.330647}}
{"target": -2.0629215086454953, "params": {"C": 125.59049946560968, "epsilon": 0.22492876616327487, "gamma": 0.052357297794943164, "lamda": 0.04634068831148735}, "datetime": {"datetime": "2021-09-23 12:46:15", "elapsed": 123.917682, "delta": 0.802319}}
{"target": -2.388022580460658, "params": {"C": 101.25977362748058, "epsilon": 0.8454300358153122, "gamma": 0.06450090324135554, "lamda": 0.3541913736049948}, "datetime": {"datetime": "2021-09-23 12:46:16", "elapsed": 125.29303, "delta": 1.375348}}
{"target": -2.3576927627020794, "params": {"C": 125.46000367887078, "epsilon": 0.001, "gamma": 0.15, "lamda": 0.01}, "datetime": {"datetime": "2021-09-23 12:46:18", "elapsed": 126.858204, "delta": 1.565174}}
{"target": -2.2511000450947343, "params": {"C": 130.92853272994466, "epsilon": 0.22709350168665093, "gamma": 0.07985888448341688, "lamda": 0.5940490276373779}, "datetime": {"datetime": "2021-09-23 12:46:18", "elapsed": 127.53689, "delta": 0.678686}}
{"target": -2.0980989149919576, "params": {"C": 61.117436367887414, "epsilon": 0.13427508718198466, "gamma": 0.11119303173303863, "lamda": 0.3503555372824089}, "datetime": {"datetime": "2021-09-23 12:46:19", "elapsed": 128.284882, "delta": 0.747992}}
{"target": -2.0560487273452233, "params": {"C": 77.37666212419239, "epsilon": 0.8477266245193019, "gamma": 0.05714747365822932, "lamda": 0.012794346627418119}, "datetime": {"datetime": "2021-09-23 12:46:20", "elapsed": 129.371672, "delta": 1.08679}}
{"target": -2.2018149605178134, "params": {"C": 72.52939714565377, "epsilon": 0.382839027091823, "gamma": 0.14136140029899757, "lamda": 0.04064996571095008}, "datetime": {"datetime": "2021-09-23 12:46:22", "elapsed": 130.829676, "delta": 1.458004}}
{"target": -2.3637702790094064, "params": {"C": 74.86353694988625, "epsilon": 0.6741601807629025, "gamma": 0.12954283089021798, "lamda": 0.29235945715837786}, "datetime": {"datetime": "2021-09-23 12:46:22", "elapsed": 131.576672, "delta": 0.746996}}
{"target": -2.2781109773197326, "params": {"C": 109.53603075852678, "epsilon": 0.5290799994353341, "gamma": 0.10187460655520435, "lamda": 0.2838929012102957}, "datetime": {"datetime": "2021-09-23 12:46:23", "elapsed": 132.382675, "delta": 0.806003}}
{"target": -2.100102459510967, "params": {"C": 70.23940785652184, "epsilon": 0.11942509383696874, "gamma": 0.08375736232055003, "lamda": 0.055200457158170645}, "datetime": {"datetime": "2021-09-23 12:46:25", "elapsed": 134.170671, "delta": 1.787996}}
{"target": -2.229405730455969, "params": {"C": 102.28499503775954, "epsilon": 0.5449769315954863, "gamma": 0.12947836050903647, "lamda": 0.17651889295398726}, "datetime": {"datetime": "2021-09-23 12:46:26", "elapsed": 135.441672, "delta": 1.271001}}
{"target": -2.1589918877128036, "params": {"C": 125.33158098329487, "epsilon": 0.33775374112027223, "gamma": 0.07867122109769203, "lamda": 0.30022507654624675}, "datetime": {"datetime": "2021-09-23 12:46:28", "elapsed": 136.925673, "delta": 1.484001}}
{"target": -2.026336907772922, "params": {"C": 77.19720310432946, "epsilon": 0.6769985924588073, "gamma": 0.06960589343477944, "lamda": 0.04982585834091886}, "datetime": {"datetime": "2021-09-23 12:46:29", "elapsed": 138.428674, "delta": 1.503001}}
{"target": -2.0363710866568856, "params": {"C": 77.05195039643175, "epsilon": 0.8435027854548097, "gamma": 0.07313980029942446, "lamda": 0.0622488477860791}, "datetime": {"datetime": "2021-09-23 12:46:31", "elapsed": 139.815671, "delta": 1.386997}}
{"target": -2.3325297799471714, "params": {"C": 77.22695921529333, "epsilon": 0.8237087957318384, "gamma": 0.04, "lamda": 0.23912743103602427}, "datetime": {"datetime": "2021-09-23 12:46:32", "elapsed": 141.07871, "delta": 1.263039}}
{"target": -2.126570530867042, "params": {"C": 101.17449614547036, "epsilon": 0.6701900494043009, "gamma": 0.047853854296371255, "lamda": 0.12903143791520508}, "datetime": {"datetime": "2021-09-23 12:46:33", "elapsed": 141.928991, "delta": 0.850281}}
{"target": -2.157077344496549, "params": {"C": 76.87223939408396, "epsilon": 0.6270746339627592, "gamma": 0.13490447726564544, "lamda": 0.046412180079494686}, "datetime": {"datetime": "2021-09-23 12:46:34", "elapsed": 143.483101, "delta": 1.55411}}
{"target": -2.1231407589697855, "params": {"C": 101.27703359369224, "epsilon": 0.6464054248712606, "gamma": 0.10915617938563926, "lamda": 0.018392968559960036}, "datetime": {"datetime": "2021-09-23 12:46:36", "elapsed": 144.937681, "delta": 1.45458}}
{"target": -2.0481538635661174, "params": {"C": 109.56554276412734, "epsilon": 0.5294751664207564, "gamma": 0.09692018031188132, "lamda": 0.04325430332338505}, "datetime": {"datetime": "2021-09-23 12:46:36", "elapsed": 145.64978, "delta": 0.712099}}
{"target": -2.2058154348158205, "params": {"C": 70.44944084325189, "epsilon": 0.2957157517518139, "gamma": 0.1347657977969152, "lamda": 0.03807727121942327}, "datetime": {"datetime": "2021-09-23 12:46:38", "elapsed": 147.354947, "delta": 1.705167}}
{"target": -2.30360428641325, "params": {"C": 149.96979405435255, "epsilon": 0.9396046002007145, "gamma": 0.11644243598569437, "lamda": 0.16746457780863744}, "datetime": {"datetime": "2021-09-23 12:46:39", "elapsed": 148.16216, "delta": 0.807213}}
{"target": -2.09783351231639, "params": {"C": 101.6860855917943, "epsilon": 0.24038715879104003, "gamma": 0.10847444299924144, "lamda": 0.2032050934137429}, "datetime": {"datetime": "2021-09-23 12:46:40", "elapsed": 149.534309, "delta": 1.372149}}
{"target": -2.163201903631352, "params": {"C": 101.99545920350636, "epsilon": 0.05564475904244299, "gamma": 0.04, "lamda": 0.01}, "datetime": {"datetime": "2021-09-23 12:46:42", "elapsed": 151.397757, "delta": 1.863448}}
{"target": -2.013053607271901, "params": {"C": 101.45852552928636, "epsilon": 0.4285597887066029, "gamma": 0.07860698939645869, "lamda": 0.041173332129333745}, "datetime": {"datetime": "2021-09-23 12:46:43", "elapsed": 152.607058, "delta": 1.209301}}
{"target": -2.1444808982157215, "params": {"C": 103.13889368262187, "epsilon": 0.2285911061909784, "gamma": 0.04181962368274102, "lamda": 0.30418920485140194}, "datetime": {"datetime": "2021-09-23 12:46:45", "elapsed": 153.705029, "delta": 1.097971}}
{"target": -2.0468519470282955, "params": {"C": 77.32979791979679, "epsilon": 0.43029802839057174, "gamma": 0.06356617728804692, "lamda": 0.018847705254991947}, "datetime": {"datetime": "2021-09-23 12:46:46", "elapsed": 155.25716, "delta": 1.552131}}
{"target": -2.3585126948916524, "params": {"C": 96.23236904133604, "epsilon": 0.8747657665390196, "gamma": 0.08741853942876308, "lamda": 0.27866140525207134}, "datetime": {"datetime": "2021-09-23 12:46:47", "elapsed": 156.043081, "delta": 0.785921}}
{"target": -2.1653534495650733, "params": {"C": 77.49192562055131, "epsilon": 0.6724361246120103, "gamma": 0.13119450335792107, "lamda": 0.09371456780773972}, "datetime": {"datetime": "2021-09-23 12:46:48", "elapsed": 157.346599, "delta": 1.303518}}
{"target": -2.0378868445631952, "params": {"C": 77.14626575029479, "epsilon": 0.42719840246233776, "gamma": 0.06304555058423283, "lamda": 0.07629839218412429}, "datetime": {"datetime": "2021-09-23 12:46:50", "elapsed": 158.96584, "delta": 1.619241}}
{"target": -2.297113058124602, "params": {"C": 77.21728766679121, "epsilon": 0.21775668875432921, "gamma": 0.15, "lamda": 0.01}, "datetime": {"datetime": "2021-09-23 12:46:52", "elapsed": 160.810795, "delta": 1.844955}}
{"target": -2.2058398322826656, "params": {"C": 69.57309140526739, "epsilon": 0.020493169997175764, "gamma": 0.1376117401833555, "lamda": 0.3776027806118592}, "datetime": {"datetime": "2021-09-23 12:46:53", "elapsed": 161.744975, "delta": 0.93418}}
{"target": -2.17018089821338, "params": {"C": 112.74254413072639, "epsilon": 0.35050376020754115, "gamma": 0.06996524449753701, "lamda": 0.32974642112999136}, "datetime": {"datetime": "2021-09-23 12:46:53", "elapsed": 162.583975, "delta": 0.839}}
{"target": -2.2633462647262976, "params": {"C": 101.57125362057951, "epsilon": 0.006653275003071439, "gamma": 0.12794011919079828, "lamda": 0.0367481889031018}, "datetime": {"datetime": "2021-09-23 12:46:55", "elapsed": 164.212484, "delta": 1.628509}}
{"target": -2.0793325310897766, "params": {"C": 88.89004565147013, "epsilon": 0.3204240907038378, "gamma": 0.10140618433776803, "lamda": 0.17195622394962295}, "datetime": {"datetime": "2021-09-23 12:46:56", "elapsed": 165.026807, "delta": 0.814323}}
{"target": -2.2458401626555715, "params": {"C": 77.17333510480354, "epsilon": 0.9878327003448243, "gamma": 0.15, "lamda": 0.01}, "datetime": {"datetime": "2021-09-23 12:46:58", "elapsed": 166.901746, "delta": 1.874939}}
{"target": -2.2586207534669254, "params": {"C": 72.87250510879218, "epsilon": 0.028310179552274942, "gamma": 0.13963675429213357, "lamda": 0.07519761528797497}, "datetime": {"datetime": "2021-09-23 12:46:59", "elapsed": 168.358065, "delta": 1.456319}}
{"target": -2.018201866594273, "params": {"C": 102.06679413487281, "epsilon": 0.4996007710815924, "gamma": 0.06507432587878313, "lamda": 0.04228352027419667}, "datetime": {"datetime": "2021-09-23 12:47:01", "elapsed": 169.697471, "delta": 1.339406}}
{"target": -2.1979871007349114, "params": {"C": 77.27095847559683, "epsilon": 0.476817407730655, "gamma": 0.04, "lamda": 0.204440942149208}, "datetime": {"datetime": "2021-09-23 12:47:02", "elapsed": 171.27671, "delta": 1.579239}}
{"target": -2.1005617054775456, "params": {"C": 127.05288780741438, "epsilon": 0.001, "gamma": 0.04, "lamda": 0.24685088367916186}, "datetime": {"datetime": "2021-09-23 12:47:04", "elapsed": 173.681277, "delta": 2.404567}}
{"target": -2.1878046184895936, "params": {"C": 114.57659507649286, "epsilon": 0.16144538241878678, "gamma": 0.09188461989125993, "lamda": 0.5582082775960081}, "datetime": {"datetime": "2021-09-23 12:47:05", "elapsed": 174.538765, "delta": 0.857488}}
{"target": -2.0677338274276647, "params": {"C": 72.91518106880248, "epsilon": 0.3486444699154557, "gamma": 0.05441599510317432, "lamda": 0.13800742731531768}, "datetime": {"datetime": "2021-09-23 12:47:07", "elapsed": 175.897063, "delta": 1.358298}}
{"target": -2.1025958402783655, "params": {"C": 89.09153945121047, "epsilon": 0.14251425222470906, "gamma": 0.04412654742803782, "lamda": 0.132862255568156}, "datetime": {"datetime": "2021-09-23 12:47:09", "elapsed": 178.126928, "delta": 2.229865}}
{"target": -2.145901434623306, "params": {"C": 50.337540517627886, "epsilon": 0.11238545058617927, "gamma": 0.12519715380640759, "lamda": 0.28072418168869595}, "datetime": {"datetime": "2021-09-23 12:47:10", "elapsed": 179.01593, "delta": 0.889002}}
{"target": -2.0762113817463863, "params": {"C": 101.80448455817924, "epsilon": 0.07481191947771205, "gamma": 0.08738148720938597, "lamda": 0.10997445482320012}, "datetime": {"datetime": "2021-09-23 12:47:11", "elapsed": 179.985793, "delta": 0.969863}}
{"target": -2.074216938631171, "params": {"C": 109.77673219073729, "epsilon": 0.5322906646342007, "gamma": 0.06146277479154689, "lamda": 0.01}, "datetime": {"datetime": "2021-09-23 12:47:13", "elapsed": 181.85189, "delta": 1.866097}}
{"target": -2.344261745506366, "params": {"C": 57.3029396698231, "epsilon": 0.9143558775121974, "gamma": 0.13969992262292946, "lamda": 0.20126148566082921}, "datetime": {"datetime": "2021-09-23 12:47:14", "elapsed": 182.904887, "delta": 1.052997}}
{"target": -2.2198959436077503, "params": {"C": 99.38496106518193, "epsilon": 0.7960722621244376, "gamma": 0.04249436627812542, "lamda": 0.1591553194049993}, "datetime": {"datetime": "2021-09-23 12:47:15", "elapsed": 183.82841, "delta": 0.923523}}
{"target": -2.193545258540461, "params": {"C": 88.91495035551146, "epsilon": 0.10278348130219431, "gamma": 0.14500871365645412, "lamda": 0.31761636252821157}, "datetime": {"datetime": "2021-09-23 12:47:16", "elapsed": 185.287337, "delta": 1.458927}}
{"target": -2.1182524665809157, "params": {"C": 127.25127935300344, "epsilon": 0.15990076439932516, "gamma": 0.05229714778850259, "lamda": 0.46051579635407675}, "datetime": {"datetime": "2021-09-23 12:47:18", "elapsed": 186.758809, "delta": 1.471472}}
{"target": -2.3294872217982876, "params": {"C": 103.08472326523915, "epsilon": 0.07661424741183548, "gamma": 0.15, "lamda": 0.01}, "datetime": {"datetime": "2021-09-23 12:47:19", "elapsed": 188.168668, "delta": 1.409859}}
{"target": -2.0642017270561546, "params": {"C": 111.35329538915292, "epsilon": 0.5422559420947949, "gamma": 0.10056386776598414, "lamda": 0.0796594559583001}, "datetime": {"datetime": "2021-09-23 12:47:20", "elapsed": 189.096669, "delta": 0.928001}}
{"target": -2.161951601480118, "params": {"C": 102.74141115006049, "epsilon": 0.7338920796537789, "gamma": 0.13004266298488512, "lamda": 0.03247733829862239}, "datetime": {"datetime": "2021-09-23 12:47:22", "elapsed": 190.754565, "delta": 1.657896}}
{"target": -2.1756104030777346, "params": {"C": 77.8507137238385, "epsilon": 0.9649053948363869, "gamma": 0.09699837840021205, "lamda": 0.11090728000999259}, "datetime": {"datetime": "2021-09-23 12:47:23", "elapsed": 191.717319, "delta": 0.962754}}
{"target": -2.4873736608393364, "params": {"C": 64.40249503250453, "epsilon": 0.5959419234556401, "gamma": 0.12583187648222913, "lamda": 0.5075307964724367}, "datetime": {"datetime": "2021-09-23 12:47:23", "elapsed": 192.63032, "delta": 0.913001}}
{"target": -2.0962908080739227, "params": {"C": 102.95282480685692, "epsilon": 0.18427875436923813, "gamma": 0.044494044824658685, "lamda": 0.2516950611539925}, "datetime": {"datetime": "2021-09-23 12:47:25", "elapsed": 194.042458, "delta": 1.412138}}
{"target": -2.0345651189318437, "params": {"C": 109.60893390553053, "epsilon": 0.7033277060326767, "gamma": 0.06064365357129445, "lamda": 0.023635213402196327}, "datetime": {"datetime": "2021-09-23 12:47:27", "elapsed": 196.204276, "delta": 2.161818}}
{"target": -2.1639805018529295, "params": {"C": 76.82800002013781, "epsilon": 0.8929774962193036, "gamma": 0.04234851806012246, "lamda": 0.09210167839468342}, "datetime": {"datetime": "2021-09-23 12:47:29", "elapsed": 197.966407, "delta": 1.762131}}
{"target": -2.1555893130425723, "params": {"C": 77.0780811922825, "epsilon": 0.5798145413800184, "gamma": 0.04, "lamda": 0.01}, "datetime": {"datetime": "2021-09-23 12:47:31", "elapsed": 200.150954, "delta": 2.184547}}
{"target": -2.190974545365133, "params": {"C": 109.81122240950148, "epsilon": 0.7661035214291892, "gamma": 0.13010980474558767, "lamda": 0.08808543372803461}, "datetime": {"datetime": "2021-09-23 12:47:32", "elapsed": 201.369696, "delta": 1.218742}}
{"target": -2.1292189762091343, "params": {"C": 102.65728682947035, "epsilon": 0.25670445825858546, "gamma": 0.1097114743730597, "lamda": 0.03877014666695099}, "datetime": {"datetime": "2021-09-23 12:47:34", "elapsed": 203.084501, "delta": 1.714805}}
{"target": -2.0980729323798566, "params": {"C": 111.527307217371, "epsilon": 0.676782704056347, "gamma": 0.07946057524113337, "lamda": 0.11787709823225732}, "datetime": {"datetime": "2021-09-23 12:47:35", "elapsed": 204.691146, "delta": 1.606645}}
{"target": -2.217681642536072, "params": {"C": 111.32646468941806, "epsilon": 0.774837419236673, "gamma": 0.13837525770017675, "lamda": 0.01611071740663093}, "datetime": {"datetime": "2021-09-23 12:47:37", "elapsed": 206.458477, "delta": 1.767331}}
{"target": -2.257817486333791, "params": {"C": 102.2137748221993, "epsilon": 1.0, "gamma": 0.15, "lamda": 0.01}, "datetime": {"datetime": "2021-09-23 12:47:39", "elapsed": 207.702821, "delta": 1.244344}}
{"target": -2.0917284174527797, "params": {"C": 111.50846957526744, "epsilon": 0.43082422705828816, "gamma": 0.050143804393827006, "lamda": 0.16641920055004322}, "datetime": {"datetime": "2021-09-23 12:47:40", "elapsed": 209.294403, "delta": 1.591582}}
{"target": -2.1326975557974586, "params": {"C": 101.62305927874301, "epsilon": 0.44664200667612275, "gamma": 0.04, "lamda": 0.01}, "datetime": {"datetime": "2021-09-23 12:47:42", "elapsed": 210.938423, "delta": 1.64402}}
{"target": -2.2332817975662853, "params": {"C": 102.69596628045582, "epsilon": 0.9928666631412099, "gamma": 0.04, "lamda": 0.12592793585991618}, "datetime": {"datetime": "2021-09-23 12:47:43", "elapsed": 212.500189, "delta": 1.561766}}
{"target": -2.1777189732824342, "params": {"C": 72.94450846164149, "epsilon": 0.5106455879233658, "gamma": 0.11666508959980959, "lamda": 0.017156359852360716}, "datetime": {"datetime": "2021-09-23 12:47:45", "elapsed": 214.100881, "delta": 1.600692}}
{"target": -2.2531959819399368, "params": {"C": 111.36598549510974, "epsilon": 0.5693194261713763, "gamma": 0.054264491479988644, "lamda": 0.29162126666503674}, "datetime": {"datetime": "2021-09-23 12:47:47", "elapsed": 215.891876, "delta": 1.790995}}
{"target": -2.2704451566385146, "params": {"C": 117.91067341708778, "epsilon": 0.21438797193463233, "gamma": 0.11465565442526188, "lamda": 0.5297480805984981}, "datetime": {"datetime": "2021-09-23 12:47:47", "elapsed": 216.677873, "delta": 0.785997}}
{"target": -2.2139183309395563, "params": {"C": 115.00995524371865, "epsilon": 0.43693761616165155, "gamma": 0.06341281871558149, "lamda": 0.3262007556959124}, "datetime": {"datetime": "2021-09-23 12:47:48", "elapsed": 217.516875, "delta": 0.839002}}
{"target": -2.380639176228761, "params": {"C": 110.86013795665542, "epsilon": 0.3481613812532045, "gamma": 0.1164240312531368, "lamda": 0.5809522544126858}, "datetime": {"datetime": "2021-09-23 12:47:49", "elapsed": 218.323343, "delta": 0.806468}}
{"target": -2.4754267357559816, "params": {"C": 134.72767949590207, "epsilon": 0.8543961547367269, "gamma": 0.06782834245512437, "lamda": 0.47289907959522237}, "datetime": {"datetime": "2021-09-23 12:47:50", "elapsed": 219.137225, "delta": 0.813882}}
{"target": -2.204309016661589, "params": {"C": 102.45800601192809, "epsilon": 0.8009722853962774, "gamma": 0.1267386797292466, "lamda": 0.10704190576070839}, "datetime": {"datetime": "2021-09-23 12:47:51", "elapsed": 220.656226, "delta": 1.519001}}
{"target": -2.1245916581601225, "params": {"C": 101.37432641909484, "epsilon": 0.2860560951847986, "gamma": 0.12162117580871615, "lamda": 0.11103356139001183}, "datetime": {"datetime": "2021-09-23 12:47:53", "elapsed": 222.515638, "delta": 1.859412}}
{"target": -2.1688288454405322, "params": {"C": 64.09285700869289, "epsilon": 0.5765110373475307, "gamma": 0.1409202495001363, "lamda": 0.07988474748128457}, "datetime": {"datetime": "2021-09-23 12:47:54", "elapsed": 223.374642, "delta": 0.859004}}
{"target": -2.113396453244517, "params": {"C": 139.8638624485975, "epsilon": 0.6071729726541681, "gamma": 0.05945565638668626, "lamda": 0.14678937889844848}, "datetime": {"datetime": "2021-09-23 12:47:55", "elapsed": 224.208788, "delta": 0.834146}}
{"target": -2.1081854418208987, "params": {"C": 60.321428676322384, "epsilon": 0.11831318798322042, "gamma": 0.11030010605907786, "lamda": 0.2281169762085371}, "datetime": {"datetime": "2021-09-23 12:47:56", "elapsed": 225.058485, "delta": 0.849697}}
{"target": -2.2969773704688294, "params": {"C": 111.52936858891233, "epsilon": 0.4925713737069335, "gamma": 0.15, "lamda": 0.01}, "datetime": {"datetime": "2021-09-23 12:47:58", "elapsed": 227.00768, "delta": 1.949195}}
{"target": -2.0278441698696614, "params": {"C": 125.49290877999464, "epsilon": 0.18613458916885744, "gamma": 0.08500582926033638, "lamda": 0.21667445206609987}, "datetime": {"datetime": "2021-09-23 12:48:00", "elapsed": 228.698344, "delta": 1.690664}}
{"target": -2.091510386845713, "params": {"C": 127.28871274358968, "epsilon": 0.01975935658766726, "gamma": 0.10073728724319209, "lamda": 0.4107510384152518}, "datetime": {"datetime": "2021-09-23 12:48:02", "elapsed": 230.771591, "delta": 2.073247}}
{"target": -2.109826691933465, "params": {"C": 125.3306030244094, "epsilon": 0.09700086790440388, "gamma": 0.04, "lamda": 0.3322196621955801}, "datetime": {"datetime": "2021-09-23 12:48:04", "elapsed": 233.001507, "delta": 2.229916}}
{"target": -2.245060956385622, "params": {"C": 127.27080357892714, "epsilon": 0.12429067272697861, "gamma": 0.1286000748837434, "lamda": 0.027920377146561974}, "datetime": {"datetime": "2021-09-23 12:48:06", "elapsed": 234.776553, "delta": 1.775046}}
{"target": -2.5378247669756178, "params": {"C": 72.84592606849232, "epsilon": 0.762922852961781, "gamma": 0.08654758246982411, "lamda": 0.5847976372182907}, "datetime": {"datetime": "2021-09-23 12:48:06", "elapsed": 235.628502, "delta": 0.851949}}
{"target": -2.0630769042552224, "params": {"C": 100.98458397888683, "epsilon": 0.7393937961590689, "gamma": 0.08375631915243859, "lamda": 0.01479303593707371}, "datetime": {"datetime": "2021-09-23 12:48:08", "elapsed": 237.677455, "delta": 2.048953}}
{"target": -2.2746972668668652, "params": {"C": 125.44133245996471, "epsilon": 0.36368599740590885, "gamma": 0.15, "lamda": 0.032894950436737264}, "datetime": {"datetime": "2021-09-23 12:48:10", "elapsed": 239.416621, "delta": 1.739166}}
{"target": -2.169379718610806, "params": {"C": 72.25161842939609, "epsilon": 0.26571095414888857, "gamma": 0.04, "lamda": 0.20405347256313464}, "datetime": {"datetime": "2021-09-23 12:48:12", "elapsed": 241.453833, "delta": 2.037212}}
{"target": -2.054861497194901, "params": {"C": 102.22852717297104, "epsilon": 0.7469578997567332, "gamma": 0.05289058310631121, "lamda": 0.02628777614335113}, "datetime": {"datetime": "2021-09-23 12:48:14", "elapsed": 243.066018, "delta": 1.612185}}
