{"target": 0.9184286531256303, "params": {"C": 2133.822167312507, "epsilon": 0.11568961974878995, "gamma": 0.05112158910206784, "lamda": 0.3814039451317797}, "datetime": {"datetime": "2021-09-24 20:00:28", "elapsed": 0.868492, "delta": 0.497001}}
{"target": 0.9065873958203501, "params": {"C": 2100.7896532655827, "epsilon": 0.5268264954842033, "gamma": 0.05875725769912682, "lamda": 0.2453979006649259}, "datetime": {"datetime": "2021-09-24 20:00:28", "elapsed": 1.183574, "delta": 0.315082}}
