{"target": -2.0406335317820417, "params": {"C": 273.62486563828304, "epsilon": 0.7761620579115258, "gamma": 0.04696020148204709, "lamda": 0.07449719805169817}, "datetime": {"datetime": "2021-09-23 14:42:40", "elapsed": 812.574859, "delta": 2.191874}}
{"target": -1.9533414775260032, "params": {"C": 265.8655111563334, "epsilon": 0.2294875411144143, "gamma": 0.04363509609150037, "lamda": 0.11012651198970735}, "datetime": {"datetime": "2021-09-23 14:42:42", "elapsed": 814.801302, "delta": 2.226443}}
{"target": -1.9642705288192495, "params": {"C": 338.73547209252786, "epsilon": 0.1614586770996867, "gamma": 0.03754925383288584, "lamda": 0.15371530409599682}, "datetime": {"datetime": "2021-09-23 14:42:44", "elapsed": 817.128738, "delta": 2.327436}}
{"target": -1.9934017090409941, "params": {"C": 345.75216250472175, "epsilon": 0.4581947390200065, "gamma": 0.03, "lamda": 0.0590870179585484}, "datetime": {"datetime": "2021-09-23 14:42:48", "elapsed": 820.972825, "delta": 3.844087}}
{"target": -2.0342305502444624, "params": {"C": 348.9036258356557, "epsilon": 0.6814831678670634, "gamma": 0.03972533820418554, "lamda": 0.0701235546058131}, "datetime": {"datetime": "2021-09-23 14:42:51", "elapsed": 823.542795, "delta": 2.56997}}
{"target": -1.9556909447014537, "params": {"C": 298.3895428158765, "epsilon": 0.658431586626469, "gamma": 0.05, "lamda": 0.015}, "datetime": {"datetime": "2021-09-23 14:42:55", "elapsed": 827.58378, "delta": 4.040985}}
{"target": -1.9349313243198367, "params": {"C": 267.3945350287375, "epsilon": 0.3080067264767242, "gamma": 0.0371783218834523, "lamda": 0.0694099242471125}, "datetime": {"datetime": "2021-09-23 14:43:01", "elapsed": 833.968177, "delta": 6.384397}}
{"target": -1.952336347006623, "params": {"C": 260.2416398305395, "epsilon": 0.4456467640994043, "gamma": 0.03, "lamda": 0.015}, "datetime": {"datetime": "2021-09-23 14:43:07", "elapsed": 839.565285, "delta": 5.597108}}
{"target": -2.0541720131607963, "params": {"C": 273.32298886081475, "epsilon": 0.379664933331862, "gamma": 0.04891924412263124, "lamda": 0.1826152294679747}, "datetime": {"datetime": "2021-09-23 14:43:09", "elapsed": 842.24431, "delta": 2.679025}}
{"target": -1.9716449111158318, "params": {"C": 267.3636790730171, "epsilon": 0.2379940416688558, "gamma": 0.036253219712917284, "lamda": 0.12444236408532833}, "datetime": {"datetime": "2021-09-23 14:43:15", "elapsed": 847.476822, "delta": 5.232512}}
{"target": -1.9758069293361415, "params": {"C": 267.2723337927934, "epsilon": 0.22615325612598505, "gamma": 0.03, "lamda": 0.015}, "datetime": {"datetime": "2021-09-23 14:43:19", "elapsed": 852.030308, "delta": 4.553486}}
{"target": -1.982243534672075, "params": {"C": 263.04435875750016, "epsilon": 0.1445718471112013, "gamma": 0.03095283802434466, "lamda": 0.17868157338954188}, "datetime": {"datetime": "2021-09-23 14:43:23", "elapsed": 855.716595, "delta": 3.686287}}
{"target": -1.964548489066569, "params": {"C": 375.9613782981756, "epsilon": 0.12462807732111954, "gamma": 0.03884226788513053, "lamda": 0.1807147780453543}, "datetime": {"datetime": "2021-09-23 14:43:25", "elapsed": 857.968598, "delta": 2.252003}}
{"target": -2.0451010258845144, "params": {"C": 350.35451380685663, "epsilon": 0.28588500620022483, "gamma": 0.032320562651909475, "lamda": 0.15637210413477626}, "datetime": {"datetime": "2021-09-23 14:43:28", "elapsed": 860.454385, "delta": 2.485787}}
{"target": -1.9449880342689732, "params": {"C": 362.558923656949, "epsilon": 0.793666457150607, "gamma": 0.04142725380618189, "lamda": 0.023984697458188032}, "datetime": {"datetime": "2021-09-23 14:43:30", "elapsed": 862.782293, "delta": 2.327908}}
{"target": -1.9705797248872974, "params": {"C": 365.64264772474604, "epsilon": 0.453248145374859, "gamma": 0.043081563587787156, "lamda": 0.05937850607817066}, "datetime": {"datetime": "2021-09-23 14:43:33", "elapsed": 865.471254, "delta": 2.688961}}
{"target": -1.9284079794130737, "params": {"C": 262.97836108748396, "epsilon": 0.19231915517620532, "gamma": 0.044358846480122255, "lamda": 0.05294837925492364}, "datetime": {"datetime": "2021-09-23 14:43:37", "elapsed": 869.693791, "delta": 4.222537}}
{"target": -1.9543997246264313, "params": {"C": 260.3767396823353, "epsilon": 0.3930818852525577, "gamma": 0.048679189130190474, "lamda": 0.06555937156037954}, "datetime": {"datetime": "2021-09-23 14:43:44", "elapsed": 876.325708, "delta": 6.631917}}
{"target": -1.9402342889451019, "params": {"C": 292.80192847739283, "epsilon": 0.05004804108646564, "gamma": 0.03280746981057621, "lamda": 0.1837603367113796}, "datetime": {"datetime": "2021-09-23 14:43:48", "elapsed": 880.845139, "delta": 4.519431}}
{"target": -2.0721206277576925, "params": {"C": 325.3392256144277, "epsilon": 0.47293456877640405, "gamma": 0.04629136036096701, "lamda": 0.17451872574893218}, "datetime": {"datetime": "2021-09-23 14:43:50", "elapsed": 883.21702, "delta": 2.371881}}
{"target": -1.927723656740261, "params": {"C": 367.7327826910665, "epsilon": 0.1410483242849484, "gamma": 0.03763416981770307, "lamda": 0.108008737682101}, "datetime": {"datetime": "2021-09-23 14:43:55", "elapsed": 887.407395, "delta": 4.190375}}
{"target": -2.054933974057224, "params": {"C": 367.55866335309423, "epsilon": 0.6320765201817783, "gamma": 0.04532127523431674, "lamda": 0.1113764979600236}, "datetime": {"datetime": "2021-09-23 14:43:57", "elapsed": 889.711991, "delta": 2.304596}}
{"target": -2.0260059685852827, "params": {"C": 387.19307043169084, "epsilon": 0.47406977402937045, "gamma": 0.032091724525525306, "lamda": 0.07707873988282116}, "datetime": {"datetime": "2021-09-23 14:43:59", "elapsed": 892.179434, "delta": 2.467443}}
{"target": -1.972432356681202, "params": {"C": 367.74488377720047, "epsilon": 0.04579739506942525, "gamma": 0.037012836899739575, "lamda": 0.06619693637576043}, "datetime": {"datetime": "2021-09-23 14:44:05", "elapsed": 897.280335, "delta": 5.100901}}
{"target": -1.92202053542286, "params": {"C": 307.95187486483314, "epsilon": 0.11824319674524504, "gamma": 0.03628179715920179, "lamda": 0.08565408298422227}, "datetime": {"datetime": "2021-09-23 14:44:07", "elapsed": 899.708029, "delta": 2.427694}}
{"target": -1.9553375556026684, "params": {"C": 307.9711138688514, "epsilon": 0.1914118757298054, "gamma": 0.04000613409631924, "lamda": 0.12414424760532415}, "datetime": {"datetime": "2021-09-23 14:44:12", "elapsed": 904.321034, "delta": 4.613005}}
{"target": -2.0402981224003587, "params": {"C": 364.29591283260356, "epsilon": 0.24902189705313618, "gamma": 0.03829807542980801, "lamda": 0.19622725122332035}, "datetime": {"datetime": "2021-09-23 14:44:14", "elapsed": 906.636032, "delta": 2.314998}}
{"target": -1.9187646614226248, "params": {"C": 367.66842710158613, "epsilon": 0.15602900849280138, "gamma": 0.043168925171332605, "lamda": 0.08034831762210544}, "datetime": {"datetime": "2021-09-23 14:44:19", "elapsed": 911.27803, "delta": 4.641998}}
{"target": -1.9197398694707617, "params": {"C": 307.97410057234833, "epsilon": 0.06576311006494542, "gamma": 0.04155248713584389, "lamda": 0.14714339607202642}, "datetime": {"datetime": "2021-09-23 14:44:24", "elapsed": 916.81642, "delta": 5.53839}}
{"target": -1.9904484197649792, "params": {"C": 296.41292231278385, "epsilon": 0.2592997838616457, "gamma": 0.048192397997846706, "lamda": 0.1407669355019857}, "datetime": {"datetime": "2021-09-23 14:44:30", "elapsed": 922.978173, "delta": 6.161753}}
{"target": -2.024510932225283, "params": {"C": 350.78439719737213, "epsilon": 0.7983013388326935, "gamma": 0.0488666083013167, "lamda": 0.06018159758444718}, "datetime": {"datetime": "2021-09-23 14:44:33", "elapsed": 925.434516, "delta": 2.456343}}
{"target": -2.1446307893917176, "params": {"C": 268.1766167485555, "epsilon": 0.7012702429454842, "gamma": 0.03605685766429017, "lamda": 0.1683071518057513}, "datetime": {"datetime": "2021-09-23 14:44:35", "elapsed": 928.25073, "delta": 2.816214}}
{"target": -1.9311411082550756, "params": {"C": 307.8996995951853, "epsilon": 0.04633972152500729, "gamma": 0.03919370909947833, "lamda": 0.17165928484824972}, "datetime": {"datetime": "2021-09-23 14:44:41", "elapsed": 933.763878, "delta": 5.513148}}
{"target": -2.0081189780084547, "params": {"C": 367.68402364533154, "epsilon": 0.22929114797695452, "gamma": 0.033902240464769154, "lamda": 0.147974322479898}, "datetime": {"datetime": "2021-09-23 14:44:46", "elapsed": 938.282898, "delta": 4.51902}}
{"target": -2.1006716319093606, "params": {"C": 385.9973582535413, "epsilon": 0.6286379661161681, "gamma": 0.03806328682901249, "lamda": 0.15012632667815917}, "datetime": {"datetime": "2021-09-23 14:44:48", "elapsed": 940.91944, "delta": 2.636542}}
{"target": -1.9401679985443603, "params": {"C": 554.2641286533492, "epsilon": 0.045979001006739156, "gamma": 0.04267296469852551, "lamda": 0.1535287182696432}, "datetime": {"datetime": "2021-09-23 14:49:37", "elapsed": 0.0, "delta": 0.0}}
{"target": -2.0149330671210457, "params": {"C": 499.70140246051807, "epsilon": 0.2030934170587527, "gamma": 0.033961257295192476, "lamda": 0.15569818175680739}, "datetime": {"datetime": "2021-09-23 14:49:38", "elapsed": 0.330999, "delta": 0.330999}}
{"target": -1.9650686722109716, "params": {"C": 433.8221673125071, "epsilon": 0.09802165691398791, "gamma": 0.04370719636735595, "lamda": 0.19137776904606324}, "datetime": {"datetime": "2021-09-23 14:49:38", "elapsed": 0.655001, "delta": 0.324002}}
{"target": -2.034517027166396, "params": {"C": 400.7896532655829, "epsilon": 0.424388042807048, "gamma": 0.04625241923304227, "lamda": 0.1283173223634368}, "datetime": {"datetime": "2021-09-23 14:49:38", "elapsed": 1.070726, "delta": 0.415725}}
{"target": -2.0112035642219404, "params": {"C": 544.3510634863599, "epsilon": 0.25474457249138754, "gamma": 0.04835548245025887, "lamda": 0.14719651992857274}, "datetime": {"datetime": "2021-09-23 14:49:39", "elapsed": 1.408905, "delta": 0.338179}}
{"target": -1.919340956013171, "params": {"C": 446.0065261871638, "epsilon": 0.17634257757555297, "gamma": 0.03937778178824782, "lamda": 0.03954596044505552}, "datetime": {"datetime": "2021-09-23 14:49:39", "elapsed": 1.795883, "delta": 0.386978}}
{"target": -2.0022934691098695, "params": {"C": 445.5658898007153, "epsilon": 0.334958069438817, "gamma": 0.03491065722332712, "lamda": 0.09398948174738196}, "datetime": {"datetime": "2021-09-23 14:49:39", "elapsed": 2.137883, "delta": 0.342}}
{"target": -1.922320376375588, "params": {"C": 469.33145745207406, "epsilon": 0.17983518390734793, "gamma": 0.03311286477968166, "lamda": 0.06619890797100156}, "datetime": {"datetime": "2021-09-23 14:49:40", "elapsed": 2.546884, "delta": 0.409001}}
{"target": -1.9260534500352138, "params": {"C": 404.0892017199522, "epsilon": 0.07935692364609709, "gamma": 0.041651143475872926, "lamda": 0.09256197385229582}, "datetime": {"datetime": "2021-09-23 14:49:40", "elapsed": 2.976553, "delta": 0.429669}}
{"target": -2.117209490879749, "params": {"C": 522.0001231676431, "epsilon": 0.7401596175735479, "gamma": 0.04418943290921279, "lamda": 0.15391556586105132}, "datetime": {"datetime": "2021-09-23 14:49:41", "elapsed": 3.344021, "delta": 0.367468}}
{"target": -1.9339458329057617, "params": {"C": 404.0447519671314, "epsilon": 0.11664598182991587, "gamma": 0.04052537859859472, "lamda": 0.12472964634252182}, "datetime": {"datetime": "2021-09-23 14:49:41", "elapsed": 3.732015, "delta": 0.387994}}
{"target": -1.9328231816887522, "params": {"C": 446.4634296968899, "epsilon": 0.17217240692511157, "gamma": 0.03428417406349628, "lamda": 0.08394529818407503}, "datetime": {"datetime": "2021-09-23 14:49:41", "elapsed": 4.181017, "delta": 0.449002}}
{"target": -2.025542206072564, "params": {"C": 404.7342091853665, "epsilon": 0.04283424172821788, "gamma": 0.04277662165674399, "lamda": 0.018600667429472806}, "datetime": {"datetime": "2021-09-23 14:49:42", "elapsed": 4.838676, "delta": 0.657659}}
{"target": -2.052306058063314, "params": {"C": 446.21384091637367, "epsilon": 0.5510305656119879, "gamma": 0.03931427752414332, "lamda": 0.10982540216761723}, "datetime": {"datetime": "2021-09-23 14:49:43", "elapsed": 5.318756, "delta": 0.48008}}
{"target": -1.9980727432430487, "params": {"C": 446.2292369599174, "epsilon": 0.09476240511529235, "gamma": 0.04831354760945596, "lamda": 0.05071844317984755}, "datetime": {"datetime": "2021-09-23 14:49:43", "elapsed": 5.839754, "delta": 0.520998}}
{"target": -1.9103438263310952, "params": {"C": 445.96763906567753, "epsilon": 0.18345199487275826, "gamma": 0.03701914476836475, "lamda": 0.054492683953915065}, "datetime": {"datetime": "2021-09-23 14:49:44", "elapsed": 6.264757, "delta": 0.425003}}
{"target": -1.9470749396394855, "params": {"C": 446.49774344554623, "epsilon": 0.16133898950463815, "gamma": 0.04515776076472171, "lamda": 0.09485013149831942}, "datetime": {"datetime": "2021-09-23 14:49:44", "elapsed": 6.670581, "delta": 0.405824}}
{"target": -1.9252824794124503, "params": {"C": 480.9847740143967, "epsilon": 0.06387259037495396, "gamma": 0.04180871813681254, "lamda": 0.1483420387753896}, "datetime": {"datetime": "2021-09-23 14:49:44", "elapsed": 7.087149, "delta": 0.416568}}
{"target": -1.9337803559429059, "params": {"C": 469.1613674675872, "epsilon": 0.07454038829179518, "gamma": 0.040189449964390486, "lamda": 0.1650386659375509}, "datetime": {"datetime": "2021-09-23 14:49:45", "elapsed": 7.495294, "delta": 0.408145}}
{"target": -2.0510601066326584, "params": {"C": 455.7965658264413, "epsilon": 0.38961824150456126, "gamma": 0.03290145790809766, "lamda": 0.12363362703794602}, "datetime": {"datetime": "2021-09-23 14:49:45", "elapsed": 7.885293, "delta": 0.389999}}
{"target": -1.957548902644937, "params": {"C": 554.2789889146258, "epsilon": 0.05825823555426057, "gamma": 0.047316796935412506, "lamda": 0.18959132731245742}, "datetime": {"datetime": "2021-09-23 14:49:46", "elapsed": 8.286302, "delta": 0.401009}}
{"target": -1.9158977119645029, "params": {"C": 469.49755624030666, "epsilon": 0.04148066585579514, "gamma": 0.03574008421447197, "lamda": 0.1693871610578836}, "datetime": {"datetime": "2021-09-23 14:49:46", "elapsed": 8.734297, "delta": 0.447995}}
{"target": -1.9806047965049232, "params": {"C": 469.5524064977567, "epsilon": 0.22751782540882198, "gamma": 0.049205942159255237, "lamda": 0.09502217716785635}, "datetime": {"datetime": "2021-09-23 14:49:46", "elapsed": 9.191864, "delta": 0.457567}}
{"target": -2.008582891025042, "params": {"C": 493.8822967732721, "epsilon": 0.7748225362254351, "gamma": 0.03894200004920614, "lamda": 0.04455561087512111}, "datetime": {"datetime": "2021-09-23 14:49:47", "elapsed": 9.581747, "delta": 0.389883}}
{"target": -2.002664976213804, "params": {"C": 445.840399836004, "epsilon": 0.07657966410117767, "gamma": 0.04304758812015609, "lamda": 0.037764355802026375}, "datetime": {"datetime": "2021-09-23 14:49:47", "elapsed": 10.113749, "delta": 0.532002}}
{"target": -2.0004893005485855, "params": {"C": 462.10622401473114, "epsilon": 0.28820963773933184, "gamma": 0.04993621847659584, "lamda": 0.09784656942759072}, "datetime": {"datetime": "2021-09-23 14:49:48", "elapsed": 10.498749, "delta": 0.385}}
{"target": -1.9562819201215875, "params": {"C": 469.18011411048604, "epsilon": 0.2887001420157165, "gamma": 0.040854754325464156, "lamda": 0.06699649927725725}, "datetime": {"datetime": "2021-09-23 14:49:48", "elapsed": 10.911787, "delta": 0.413038}}
{"target": -1.9972607304584657, "params": {"C": 445.9794877088318, "epsilon": 0.31878234755914814, "gamma": 0.04384165591304736, "lamda": 0.0949889040536024}, "datetime": {"datetime": "2021-09-23 14:49:49", "elapsed": 11.359593, "delta": 0.447806}}
{"target": -1.9310460056160077, "params": {"C": 433.8297292256458, "epsilon": 0.07475963207520617, "gamma": 0.041594019413132594, "lamda": 0.16269530161462858}, "datetime": {"datetime": "2021-09-23 14:49:49", "elapsed": 11.824822, "delta": 0.465229}}
{"target": -2.072319566358247, "params": {"C": 518.4171906646159, "epsilon": 0.6291917669745072, "gamma": 0.04673521460717415, "lamda": 0.13244447955369848}, "datetime": {"datetime": "2021-09-23 14:49:49", "elapsed": 12.222819, "delta": 0.397997}}
{"target": -1.9266169926202081, "params": {"C": 457.250705749311, "epsilon": 0.39651198138236965, "gamma": 0.030118692861417093, "lamda": 0.017277369134879827}, "datetime": {"datetime": "2021-09-23 14:49:50", "elapsed": 12.688821, "delta": 0.466002}}
{"target": -1.9356236806285267, "params": {"C": 469.37869382370474, "epsilon": 0.053804471076378896, "gamma": 0.03885358806539127, "lamda": 0.10497338546171829}, "datetime": {"datetime": "2021-09-23 14:49:51", "elapsed": 13.30033, "delta": 0.611509}}
{"target": -2.0037242992163478, "params": {"C": 469.37141263550643, "epsilon": 0.18065981306497358, "gamma": 0.04324269403991193, "lamda": 0.16597646190233695}, "datetime": {"datetime": "2021-09-23 14:49:51", "elapsed": 13.766333, "delta": 0.466003}}
{"target": -1.9307728066512433, "params": {"C": 433.9350666921331, "epsilon": 0.10989798847204083, "gamma": 0.04242389320409724, "lamda": 0.11757709499366893}, "datetime": {"datetime": "2021-09-23 14:49:52", "elapsed": 14.301331, "delta": 0.534998}}
{"target": -2.0257916291440785, "params": {"C": 469.18878373786856, "epsilon": 0.13523071334969106, "gamma": 0.04655902908722272, "lamda": 0.02173433038757351}, "datetime": {"datetime": "2021-09-23 14:49:52", "elapsed": 14.941102, "delta": 0.639771}}
{"target": -2.1257303004976165, "params": {"C": 403.89240876197687, "epsilon": 0.5458288567829831, "gamma": 0.03606856706442492, "lamda": 0.19402632244020301}, "datetime": {"datetime": "2021-09-23 14:49:53", "elapsed": 15.368082, "delta": 0.42698}}
{"target": -1.9883701581459472, "params": {"C": 433.7568249793569, "epsilon": 0.06242540949028412, "gamma": 0.04254266264037524, "lamda": 0.05622771547632213}, "datetime": {"datetime": "2021-09-23 14:49:53", "elapsed": 15.831083, "delta": 0.463001}}
{"target": -1.9506050619789859, "params": {"C": 445.9943349084234, "epsilon": 0.1385940838609529, "gamma": 0.03729189906074166, "lamda": 0.12884884987159434}, "datetime": {"datetime": "2021-09-23 14:49:54", "elapsed": 16.323082, "delta": 0.491999}}
{"target": -1.9658833473132928, "params": {"C": 528.143069768811, "epsilon": 0.08109376892593559, "gamma": 0.046272646898415246, "lamda": 0.18117252712167364}, "datetime": {"datetime": "2021-09-23 14:49:54", "elapsed": 16.76409, "delta": 0.441008}}
{"target": -1.9704940811761904, "params": {"C": 481.0918741800965, "epsilon": 0.12385407015338863, "gamma": 0.04935370805081429, "lamda": 0.13157486143658279}, "datetime": {"datetime": "2021-09-23 14:49:54", "elapsed": 17.249249, "delta": 0.485159}}
{"target": -2.0082372901542214, "params": {"C": 430.7361031320511, "epsilon": 0.64075344557202, "gamma": 0.04852832355541112, "lamda": 0.057928152894080716}, "datetime": {"datetime": "2021-09-23 14:49:55", "elapsed": 17.669737, "delta": 0.420488}}
{"target": -1.9314077047431952, "params": {"C": 480.87923654133374, "epsilon": 0.03494391318078649, "gamma": 0.03207682683921382, "lamda": 0.19002007098344503}, "datetime": {"datetime": "2021-09-23 14:49:55", "elapsed": 18.203529, "delta": 0.533792}}
{"target": -1.9524852598048847, "params": {"C": 480.86395269052406, "epsilon": 0.06120541607544783, "gamma": 0.03722993360233055, "lamda": 0.0759172288408609}, "datetime": {"datetime": "2021-09-23 14:49:56", "elapsed": 18.702557, "delta": 0.499028}}
{"target": -1.9725001096239871, "params": {"C": 469.52004594434106, "epsilon": 0.03358789026839447, "gamma": 0.03451987641050824, "lamda": 0.08182869390743619}, "datetime": {"datetime": "2021-09-23 14:49:56", "elapsed": 19.235515, "delta": 0.532958}}
{"target": -2.0116264289008963, "params": {"C": 568.934460761621, "epsilon": 0.5804343011050528, "gamma": 0.045198141787111, "lamda": 0.06760600745035215}, "datetime": {"datetime": "2021-09-23 14:49:57", "elapsed": 19.667554, "delta": 0.432039}}
{"target": -1.963928951199608, "params": {"C": 404.16576909791985, "epsilon": 0.09185805884379811, "gamma": 0.04855222540833711, "lamda": 0.1808217891249551}, "datetime": {"datetime": "2021-09-23 14:49:57", "elapsed": 20.151117, "delta": 0.483563}}
{"target": -1.9438437205254497, "params": {"C": 404.0840931671827, "epsilon": 0.05040088520782243, "gamma": 0.03677539898661419, "lamda": 0.0833269937708776}, "datetime": {"datetime": "2021-09-23 14:49:58", "elapsed": 20.640155, "delta": 0.489038}}
{"target": -2.0433079092707525, "params": {"C": 434.09017336933084, "epsilon": 0.5179962235633986, "gamma": 0.04599271840023146, "lamda": 0.11807692288022868}, "datetime": {"datetime": "2021-09-23 14:49:58", "elapsed": 21.071149, "delta": 0.430994}}
{"target": -1.9463243125993226, "params": {"C": 457.2096489775971, "epsilon": 0.5070284837332429, "gamma": 0.030425638015586565, "lamda": 0.03114722363249919}, "datetime": {"datetime": "2021-09-23 14:49:59", "elapsed": 21.552925, "delta": 0.481776}}
{"target": -2.0196479221395887, "params": {"C": 457.29661819931766, "epsilon": 0.4257064681558257, "gamma": 0.04401166862063545, "lamda": 0.1021507102217676}, "datetime": {"datetime": "2021-09-23 14:49:59", "elapsed": 22.015002, "delta": 0.462077}}
{"target": -1.9536308648808096, "params": {"C": 433.9097009757173, "epsilon": 0.04032598365811511, "gamma": 0.04585294524769498, "lamda": 0.16569810457350986}, "datetime": {"datetime": "2021-09-23 14:50:00", "elapsed": 22.514794, "delta": 0.499792}}
{"target": -2.0125455418903635, "params": {"C": 480.92109649452993, "epsilon": 0.19345678104674144, "gamma": 0.04707863220050201, "lamda": 0.18663692694832984}, "datetime": {"datetime": "2021-09-23 14:50:00", "elapsed": 22.993208, "delta": 0.478414}}
{"target": -1.971737507691126, "params": {"C": 404.10446836679534, "epsilon": 0.16964443943745314, "gamma": 0.05, "lamda": 0.040748954236772175}, "datetime": {"datetime": "2021-09-23 14:50:01", "elapsed": 23.588068, "delta": 0.59486}}
