{"target": -2.1870209648337524, "params": {"C": 279.5097823027816, "epsilon": 0.7083602840299935, "gamma": 0.058173969695033204, "lamda": 0.20457897924979557}, "datetime": {"datetime": "2021-09-23 14:03:02", "elapsed": 228.372052, "delta": 1.152863}}
{"target": -1.9937455560221435, "params": {"C": 269.0404570550007, "epsilon": 0.13090762636676206, "gamma": 0.05986621741756454, "lamda": 0.19912777571429152}, "datetime": {"datetime": "2021-09-23 14:03:04", "elapsed": 229.910639, "delta": 1.538587}}
{"target": -2.042976875458243, "params": {"C": 383.1917705816255, "epsilon": 0.2866795681990044, "gamma": 0.03529569202527581, "lamda": 0.16467478338188618}, "datetime": {"datetime": "2021-09-23 14:03:05", "elapsed": 231.589399, "delta": 1.67876}}
{"target": -1.9336436167626592, "params": {"C": 315.6268067862082, "epsilon": 0.7252166208215658, "gamma": 0.030946330712461327, "lamda": 0.016315788747060512}, "datetime": {"datetime": "2021-09-23 14:03:07", "elapsed": 233.01436, "delta": 1.424961}}
{"target": -2.1195465541788643, "params": {"C": 316.79238751213825, "epsilon": 0.6237346036433867, "gamma": 0.03534086309724412, "lamda": 0.16058491091549026}, "datetime": {"datetime": "2021-09-23 14:03:08", "elapsed": 234.252532, "delta": 1.238172}}
{"target": -1.984445987263052, "params": {"C": 314.9434051601098, "epsilon": 0.37801263962018294, "gamma": 0.05075996651984229, "lamda": 0.08571443374411133}, "datetime": {"datetime": "2021-09-23 14:03:10", "elapsed": 236.270378, "delta": 2.017846}}
{"target": -1.9388624909921817, "params": {"C": 251.1416929415676, "epsilon": 0.13005247914191204, "gamma": 0.03215966464445884, "lamda": 0.08820938611624551}, "datetime": {"datetime": "2021-09-23 14:03:12", "elapsed": 237.78227, "delta": 1.511892}}
{"target": -1.9531637292635218, "params": {"C": 204.40679121724793, "epsilon": 0.13706605096118718, "gamma": 0.05757970631384034, "lamda": 0.11583899231863336}, "datetime": {"datetime": "2021-09-23 14:03:13", "elapsed": 239.11994, "delta": 1.33767}}
{"target": -1.935667713059617, "params": {"C": 258.22160096196234, "epsilon": 0.1683410358742386, "gamma": 0.04541933485025648, "lamda": 0.0506191234819313}, "datetime": {"datetime": "2021-09-23 14:03:14", "elapsed": 240.680591, "delta": 1.560651}}
{"target": -1.9506805931596192, "params": {"C": 349.9212917606467, "epsilon": 0.14416033783527876, "gamma": 0.042475256565557264, "lamda": 0.04073725462478296}, "datetime": {"datetime": "2021-09-23 14:03:16", "elapsed": 241.861186, "delta": 1.180595}}
{"target": -1.9992382516703617, "params": {"C": 202.64603253470082, "epsilon": 0.1017866044149389, "gamma": 0.027922405721371283, "lamda": 0.18868382287538832}, "datetime": {"datetime": "2021-09-23 14:03:18", "elapsed": 243.745889, "delta": 1.884703}}
{"target": -1.9795025992264657, "params": {"C": 204.54238855595457, "epsilon": 0.2298913117851085, "gamma": 0.04658850941264181, "lamda": 0.16860832949753618}, "datetime": {"datetime": "2021-09-23 14:03:19", "elapsed": 245.613442, "delta": 1.867553}}
{"target": -1.9768197867233852, "params": {"C": 315.66058624983873, "epsilon": 0.654077998552677, "gamma": 0.05717812977493916, "lamda": 0.01664044736461881}, "datetime": {"datetime": "2021-09-23 14:03:21", "elapsed": 247.394237, "delta": 1.780795}}
{"target": -2.131251423335161, "params": {"C": 266.15881625311295, "epsilon": 0.6959752940881854, "gamma": 0.03994051293880325, "lamda": 0.17091899267628402}, "datetime": {"datetime": "2021-09-23 14:03:23", "elapsed": 249.176611, "delta": 1.782374}}
{"target": -2.121097939655241, "params": {"C": 362.81747082334016, "epsilon": 0.3635036085619038, "gamma": 0.05950259148752454, "lamda": 0.25801596894753465}, "datetime": {"datetime": "2021-09-23 14:03:25", "elapsed": 250.867989, "delta": 1.691378}}
{"target": -1.9623893869200395, "params": {"C": 258.1397826017428, "epsilon": 0.10749172417097284, "gamma": 0.04978101148717452, "lamda": 0.06392900064711118}, "datetime": {"datetime": "2021-09-23 14:03:28", "elapsed": 253.819434, "delta": 2.951445}}
{"target": -2.164570726346178, "params": {"C": 333.44361580351864, "epsilon": 0.6555045024318795, "gamma": 0.04718595224390633, "lamda": 0.22219746927862105}, "datetime": {"datetime": "2021-09-23 14:03:30", "elapsed": 256.322706, "delta": 2.503272}}
{"target": -2.059121281828302, "params": {"C": 349.8888745200614, "epsilon": 0.0880743084714336, "gamma": 0.05405624243630819, "lamda": 0.026411220789554567}, "datetime": {"datetime": "2021-09-23 14:03:33", "elapsed": 258.870125, "delta": 2.547419}}
{"target": -2.0573205760880087, "params": {"C": 315.6750579416333, "epsilon": 0.7458822477447663, "gamma": 0.03681759558038471, "lamda": 0.07972544406418784}, "datetime": {"datetime": "2021-09-23 14:03:35", "elapsed": 261.311877, "delta": 2.441752}}
{"target": -1.9346086767617303, "params": {"C": 194.06601916615898, "epsilon": 0.3953401444084459, "gamma": 0.04311967688614701, "lamda": 0.061887342726328336}, "datetime": {"datetime": "2021-09-23 14:03:37", "elapsed": 263.58899, "delta": 2.277113}}
{"target": -1.973754671772365, "params": {"C": 192.26118387833714, "epsilon": 0.42281246865767597, "gamma": 0.05388261142044408, "lamda": 0.08890070816238227}, "datetime": {"datetime": "2021-09-23 14:03:41", "elapsed": 266.888974, "delta": 3.299984}}
{"target": -1.9987673130722847, "params": {"C": 258.2236969322879, "epsilon": 0.03214110158704433, "gamma": 0.051774748154940514, "lamda": 0.10811342740790109}, "datetime": {"datetime": "2021-09-23 14:03:44", "elapsed": 270.138522, "delta": 3.249548}}
{"target": -1.9492223001259303, "params": {"C": 349.65359581177415, "epsilon": 0.09898826635859193, "gamma": 0.041650390680405575, "lamda": 0.18382597643020038}, "datetime": {"datetime": "2021-09-23 14:03:46", "elapsed": 272.34395, "delta": 2.205428}}
{"target": -1.9879232160568723, "params": {"C": 269.25124758125446, "epsilon": 0.19019317388294124, "gamma": 0.05136198380420352, "lamda": 0.02663798059984278}, "datetime": {"datetime": "2021-09-23 14:03:49", "elapsed": 274.963074, "delta": 2.619124}}
{"target": -1.9950747293566078, "params": {"C": 307.26262962690146, "epsilon": 0.1922210749415158, "gamma": 0.05746840344593254, "lamda": 0.15263113794194488}, "datetime": {"datetime": "2021-09-23 14:03:51", "elapsed": 277.419104, "delta": 2.45603}}
{"target": -2.0200085357772344, "params": {"C": 231.62459084478087, "epsilon": 0.03417105220504697, "gamma": 0.05123738731095377, "lamda": 0.01648990755368113}, "datetime": {"datetime": "2021-09-23 14:03:54", "elapsed": 279.768024, "delta": 2.34892}}
{"target": -2.070380401703538, "params": {"C": 291.02687671748583, "epsilon": 0.17279629759904258, "gamma": 0.021795944539467548, "lamda": 0.17562190058423988}, "datetime": {"datetime": "2021-09-23 14:03:56", "elapsed": 282.099315, "delta": 2.331291}}
{"target": -2.024307903119962, "params": {"C": 194.04481033706574, "epsilon": 0.4144143493774124, "gamma": 0.035792213130622474, "lamda": 0.11970731359279495}, "datetime": {"datetime": "2021-09-23 14:03:58", "elapsed": 284.578496, "delta": 2.479181}}
{"target": -2.0467803090652708, "params": {"C": 382.45289911598286, "epsilon": 0.46145038573483854, "gamma": 0.03315506202452209, "lamda": 0.09979755014677483}, "datetime": {"datetime": "2021-09-23 14:04:00", "elapsed": 286.684951, "delta": 2.106455}}
{"target": -1.9616270463947156, "params": {"C": 202.76221154357984, "epsilon": 0.11518159288533994, "gamma": 0.05445738058720851, "lamda": 0.07415619718499805}, "datetime": {"datetime": "2021-09-23 14:04:03", "elapsed": 289.024994, "delta": 2.340043}}
{"target": -1.9579635919955536, "params": {"C": 349.96751835052385, "epsilon": 0.12417949700188632, "gamma": 0.04412773554389761, "lamda": 0.1659661474643248}, "datetime": {"datetime": "2021-09-23 14:04:06", "elapsed": 291.741748, "delta": 2.716754}}
{"target": -1.9787600849189886, "params": {"C": 204.46625955206426, "epsilon": 0.21300148774295802, "gamma": 0.04791057711465309, "lamda": 0.18140369687128705}, "datetime": {"datetime": "2021-09-23 14:04:08", "elapsed": 294.43706, "delta": 2.695312}}
{"target": -2.082071047123036, "params": {"C": 231.07184628215464, "epsilon": 0.3174423179925779, "gamma": 0.02, "lamda": 0.08866024277200403}, "datetime": {"datetime": "2021-09-23 14:04:12", "elapsed": 297.815221, "delta": 3.378161}}
{"target": -2.1658998628346287, "params": {"C": 276.7659104832603, "epsilon": 0.7904961194606811, "gamma": 0.034139943137097076, "lamda": 0.1623583171645369}, "datetime": {"datetime": "2021-09-23 14:04:14", "elapsed": 299.904142, "delta": 2.088921}}
{"target": -1.9797363051389354, "params": {"C": 251.1326393692907, "epsilon": 0.19373788475887993, "gamma": 0.040217441999197315, "lamda": 0.1754677854083106}, "datetime": {"datetime": "2021-09-23 14:04:17", "elapsed": 303.525352, "delta": 3.62121}}
{"target": -1.9254968563973203, "params": {"C": 349.55957741782055, "epsilon": 0.058684486025501734, "gamma": 0.04452993424435206, "lamda": 0.18730626749522505}, "datetime": {"datetime": "2021-09-23 14:04:20", "elapsed": 306.563787, "delta": 3.038435}}
{"target": -1.9252125334965844, "params": {"C": 251.12573167401908, "epsilon": 0.07923869422454505, "gamma": 0.03927094634677033, "lamda": 0.1466530958586016}, "datetime": {"datetime": "2021-09-23 14:04:24", "elapsed": 309.861564, "delta": 3.297777}}
{"target": -1.9509969103948979, "params": {"C": 251.05572226956514, "epsilon": 0.14198625724747393, "gamma": 0.031121232692899844, "lamda": 0.13794027637533363}, "datetime": {"datetime": "2021-09-23 14:04:27", "elapsed": 313.229266, "delta": 3.367702}}
{"target": -2.0185094411013056, "params": {"C": 269.0506508419207, "epsilon": 0.04340500506933816, "gamma": 0.05365269007036891, "lamda": 0.06986197828909077}, "datetime": {"datetime": "2021-09-23 14:04:30", "elapsed": 316.443981, "delta": 3.214715}}
{"target": -1.9629834077984332, "params": {"C": 202.64977700328683, "epsilon": 0.17640733388417368, "gamma": 0.06, "lamda": 0.11367772904800016}, "datetime": {"datetime": "2021-09-23 14:04:35", "elapsed": 321.093518, "delta": 4.649537}}
{"target": -1.9486068124892106, "params": {"C": 258.273565933911, "epsilon": 0.11909577011771641, "gamma": 0.04456009434330521, "lamda": 0.04741255547012458}, "datetime": {"datetime": "2021-09-23 14:04:38", "elapsed": 324.488042, "delta": 3.394524}}
{"target": -1.9424635763216838, "params": {"C": 309.4365372436798, "epsilon": 0.5068223014534576, "gamma": 0.049400122848718184, "lamda": 0.020678288446703833}, "datetime": {"datetime": "2021-09-23 14:04:40", "elapsed": 326.52316, "delta": 2.035118}}
{"target": -2.268068023763562, "params": {"C": 210.2373277243968, "epsilon": 0.725901996094711, "gamma": 0.024334332895424006, "lamda": 0.21447341295467526}, "datetime": {"datetime": "2021-09-23 14:04:43", "elapsed": 328.761097, "delta": 2.237937}}
{"target": -1.9737839948334472, "params": {"C": 258.23393757740325, "epsilon": 0.22999042610744228, "gamma": 0.02915818828680645, "lamda": 0.10066710959179985}, "datetime": {"datetime": "2021-09-23 14:04:44", "elapsed": 330.615511, "delta": 1.854414}}
{"target": -1.9525048076987943, "params": {"C": 194.10995070699616, "epsilon": 0.3462950906455403, "gamma": 0.05054355802383405, "lamda": 0.02027669071315962}, "datetime": {"datetime": "2021-09-23 14:04:48", "elapsed": 334.263785, "delta": 3.648274}}
{"target": -2.010093185665581, "params": {"C": 315.5555527860239, "epsilon": 0.6767806818356605, "gamma": 0.03431947133849704, "lamda": 0.05430001737054859}, "datetime": {"datetime": "2021-09-23 14:04:52", "elapsed": 338.015893, "delta": 3.752108}}
{"target": -1.9776708960661962, "params": {"C": 349.50586044770677, "epsilon": 0.10005478446325564, "gamma": 0.05280812203791724, "lamda": 0.20203181778873408}, "datetime": {"datetime": "2021-09-23 14:04:54", "elapsed": 340.66712, "delta": 2.651227}}
{"target": -2.0091159827869114, "params": {"C": 372.7133130939138, "epsilon": 0.6964829690111387, "gamma": 0.024116999105149854, "lamda": 0.029562056535832992}, "datetime": {"datetime": "2021-09-23 14:04:57", "elapsed": 343.003412, "delta": 2.336292}}
{"target": -1.9310819243040072, "params": {"C": 259.4430945554709, "epsilon": 0.040265952226791545, "gamma": 0.040476701926455305, "lamda": 0.24268737313643363}, "datetime": {"datetime": "2021-09-23 14:05:00", "elapsed": 345.769821, "delta": 2.766409}}
{"target": -2.0378101393160235, "params": {"C": 333.96531833800987, "epsilon": 0.42913005517541514, "gamma": 0.04469066106106283, "lamda": 0.1294888714774777}, "datetime": {"datetime": "2021-09-23 14:05:02", "elapsed": 347.744032, "delta": 1.974211}}
{"target": -2.001858314003102, "params": {"C": 259.39081929802654, "epsilon": 0.07707079584674884, "gamma": 0.025113393984324904, "lamda": 0.15142843776158837}, "datetime": {"datetime": "2021-09-23 14:05:05", "elapsed": 351.290181, "delta": 3.546149}}
{"target": -2.0551737815482327, "params": {"C": 202.75700255419304, "epsilon": 0.057799773353463965, "gamma": 0.024069757573636053, "lamda": 0.16728291287301317}, "datetime": {"datetime": "2021-09-23 14:05:09", "elapsed": 354.91641, "delta": 3.626229}}
{"target": -2.019497726308095, "params": {"C": 269.0927645815798, "epsilon": 0.47248875329495554, "gamma": 0.06, "lamda": 0.015}, "datetime": {"datetime": "2021-09-23 14:05:14", "elapsed": 360.461542, "delta": 5.545132}}
{"target": -1.9274014974372269, "params": {"C": 204.55932144825826, "epsilon": 0.20160016856032517, "gamma": 0.038829671187712446, "lamda": 0.055985159240639015}, "datetime": {"datetime": "2021-09-23 14:05:17", "elapsed": 363.393046, "delta": 2.931504}}
{"target": -1.9782239179676904, "params": {"C": 251.19571722221048, "epsilon": 0.04124473779004376, "gamma": 0.049098013369785726, "lamda": 0.09861451204480795}, "datetime": {"datetime": "2021-09-23 14:05:19", "elapsed": 365.636748, "delta": 2.243702}}
{"target": -2.006983842717243, "params": {"C": 204.66097950549727, "epsilon": 0.20723530090250483, "gamma": 0.02732070538856165, "lamda": 0.06187156271584228}, "datetime": {"datetime": "2021-09-23 14:05:22", "elapsed": 368.596922, "delta": 2.960174}}
{"target": -2.000214461774767, "params": {"C": 259.51740858909585, "epsilon": 0.09824934915927505, "gamma": 0.02864948592782561, "lamda": 0.252264105538143}, "datetime": {"datetime": "2021-09-23 14:05:25", "elapsed": 370.976191, "delta": 2.379269}}
{"target": -2.0931542396857137, "params": {"C": 296.45243460811975, "epsilon": 0.38014098613144354, "gamma": 0.05378232593127098, "lamda": 0.23195493868050265}, "datetime": {"datetime": "2021-09-23 14:05:26", "elapsed": 372.650193, "delta": 1.674002}}
{"target": -2.0428044643626047, "params": {"C": 294.2260961416719, "epsilon": 0.7966228944806878, "gamma": 0.036069135365394134, "lamda": 0.0640797143111975}, "datetime": {"datetime": "2021-09-23 14:05:28", "elapsed": 374.372904, "delta": 1.722711}}
{"target": -1.9951222296247169, "params": {"C": 194.08171128573983, "epsilon": 0.4209446859977225, "gamma": 0.05945440584150394, "lamda": 0.016946514653788408}, "datetime": {"datetime": "2021-09-23 14:05:30", "elapsed": 376.690066, "delta": 2.317162}}
{"target": -1.946272598694706, "params": {"C": 251.05816750955546, "epsilon": 0.09399345521743727, "gamma": 0.032639610182394675, "lamda": 0.07282480776473613}, "datetime": {"datetime": "2021-09-23 14:05:32", "elapsed": 378.494789, "delta": 1.804723}}
{"target": -1.9371660053880533, "params": {"C": 251.0598268482484, "epsilon": 0.07875226271103763, "gamma": 0.04582499993008485, "lamda": 0.21548195861475028}, "datetime": {"datetime": "2021-09-23 14:05:34", "elapsed": 380.30807, "delta": 1.813281}}
{"target": -1.9435069460712886, "params": {"C": 204.53335926086692, "epsilon": 0.26064285368173645, "gamma": 0.03680282254261281, "lamda": 0.027020768900017676}, "datetime": {"datetime": "2021-09-23 14:05:36", "elapsed": 382.121185, "delta": 1.813115}}
{"target": -2.0467769827453126, "params": {"C": 208.3877771022301, "epsilon": 0.32293772263942055, "gamma": 0.04387257718620355, "lamda": 0.21283064022366693}, "datetime": {"datetime": "2021-09-23 14:05:37", "elapsed": 383.385497, "delta": 1.264312}}
{"target": -2.1506553834640854, "params": {"C": 253.81697833147587, "epsilon": 0.4812507854833189, "gamma": 0.03542872439864532, "lamda": 0.24834493840073946}, "datetime": {"datetime": "2021-09-23 14:05:39", "elapsed": 384.759495, "delta": 1.373998}}
{"target": -2.063367191524495, "params": {"C": 204.50632629996727, "epsilon": 0.16305837591377592, "gamma": 0.022017576164452227, "lamda": 0.0616898866447965}, "datetime": {"datetime": "2021-09-23 14:05:40", "elapsed": 386.602492, "delta": 1.842997}}
{"target": -1.9942497685178981, "params": {"C": 231.23955282371125, "epsilon": 0.34717001914184786, "gamma": 0.05031144750982595, "lamda": 0.12700903095552113}, "datetime": {"datetime": "2021-09-23 14:05:43", "elapsed": 388.774499, "delta": 2.172007}}
{"target": -2.1661495319372346, "params": {"C": 318.6947050189191, "epsilon": 0.5452456528545936, "gamma": 0.056359959880781824, "lamda": 0.2407631886251836}, "datetime": {"datetime": "2021-09-23 14:05:44", "elapsed": 389.954496, "delta": 1.179997}}
{"target": -2.062199610755085, "params": {"C": 349.8295020753175, "epsilon": 0.20001650687412761, "gamma": 0.02, "lamda": 0.11415031997148138}, "datetime": {"datetime": "2021-09-23 14:05:46", "elapsed": 392.065496, "delta": 2.111}}
{"target": -1.9317420367128428, "params": {"C": 251.0599536741351, "epsilon": 0.06072477898742309, "gamma": 0.04346057635368589, "lamda": 0.17199626791657974}, "datetime": {"datetime": "2021-09-23 14:05:48", "elapsed": 394.074495, "delta": 2.008999}}
{"target": -1.9939966700878913, "params": {"C": 257.69461299363525, "epsilon": 0.17811656831577377, "gamma": 0.03254383998219275, "lamda": 0.17393595482367297}, "datetime": {"datetime": "2021-09-23 14:05:49", "elapsed": 395.665499, "delta": 1.591004}}
{"target": -1.9908089671948674, "params": {"C": 226.05402627956127, "epsilon": 0.5376979642644701, "gamma": 0.05737242162435159, "lamda": 0.07014187316814578}, "datetime": {"datetime": "2021-09-23 14:05:51", "elapsed": 396.948495, "delta": 1.282996}}
{"target": -1.9819868316433924, "params": {"C": 269.18741617088375, "epsilon": 0.04179833165787311, "gamma": 0.058669528106818344, "lamda": 0.2931263198235152}, "datetime": {"datetime": "2021-09-23 14:05:53", "elapsed": 398.773497, "delta": 1.825002}}
{"target": -1.96086208451166, "params": {"C": 251.12103312325672, "epsilon": 0.0420273901688796, "gamma": 0.03197728169225163, "lamda": 0.20603742595014085}, "datetime": {"datetime": "2021-09-23 14:05:56", "elapsed": 401.87413, "delta": 3.100633}}
{"target": -1.937538759943187, "params": {"C": 210.92355573727517, "epsilon": 0.47110498728828754, "gamma": 0.04203548466872903, "lamda": 0.015010316839168106}, "datetime": {"datetime": "2021-09-23 14:05:58", "elapsed": 404.079006, "delta": 2.204876}}
{"target": -2.0600659570657163, "params": {"C": 335.13537958841323, "epsilon": 0.31220173497755155, "gamma": 0.03297300981017581, "lamda": 0.16992797905193935}, "datetime": {"datetime": "2021-09-23 14:05:59", "elapsed": 405.468768, "delta": 1.389762}}
{"target": -2.0669599434509096, "params": {"C": 240.65410574813114, "epsilon": 0.7550304698606833, "gamma": 0.020517232773837848, "lamda": 0.021165529065003023}, "datetime": {"datetime": "2021-09-23 14:06:01", "elapsed": 407.630293, "delta": 2.161525}}
{"target": -2.050652387980302, "params": {"C": 210.94904967837456, "epsilon": 0.4556381931343181, "gamma": 0.03259834350158008, "lamda": 0.12102443061721767}, "datetime": {"datetime": "2021-09-23 14:06:04", "elapsed": 409.728233, "delta": 2.09794}}
{"target": -1.9834147472538006, "params": {"C": 210.9446369222095, "epsilon": 0.3940175174133018, "gamma": 0.056967014825559964, "lamda": 0.021270616723363382}, "datetime": {"datetime": "2021-09-23 14:06:07", "elapsed": 412.698183, "delta": 2.96995}}
{"target": -1.9255819952315205, "params": {"C": 309.5204655845803, "epsilon": 0.46295886441849643, "gamma": 0.0334393983663365, "lamda": 0.027836980299093022}, "datetime": {"datetime": "2021-09-23 14:06:08", "elapsed": 414.57558, "delta": 1.877397}}
{"target": -1.9739448988198398, "params": {"C": 258.3497363914237, "epsilon": 0.1988604422177117, "gamma": 0.05725952157313065, "lamda": 0.05117583674207939}, "datetime": {"datetime": "2021-09-23 14:06:11", "elapsed": 416.703122, "delta": 2.127542}}
{"target": -1.9973141045084093, "params": {"C": 309.5581226836513, "epsilon": 0.41762012560438233, "gamma": 0.03723185593724587, "lamda": 0.08643080685961035}, "datetime": {"datetime": "2021-09-23 14:06:13", "elapsed": 418.742394, "delta": 2.039272}}
{"target": -1.9647493173780586, "params": {"C": 311.0272552470942, "epsilon": 0.2439791068179237, "gamma": 0.056143917863251014, "lamda": 0.041950025652911296}, "datetime": {"datetime": "2021-09-23 14:06:15", "elapsed": 421.291276, "delta": 2.548882}}
{"target": -2.0813880520607273, "params": {"C": 309.43945625568506, "epsilon": 0.47102489369823786, "gamma": 0.02037249786610077, "lamda": 0.0650466489563338}, "datetime": {"datetime": "2021-09-23 14:06:17", "elapsed": 423.254105, "delta": 1.962829}}
{"target": -2.096764978206769, "params": {"C": 232.0648690113506, "epsilon": 0.6573693744238773, "gamma": 0.03645980751398828, "lamda": 0.13343188613694953}, "datetime": {"datetime": "2021-09-23 14:06:19", "elapsed": 424.747106, "delta": 1.493001}}
{"target": -1.9773153693395746, "params": {"C": 184.32377985832485, "epsilon": 0.4077084486640248, "gamma": 0.05754998444177499, "lamda": 0.017142092968373344}, "datetime": {"datetime": "2021-09-23 14:06:21", "elapsed": 426.779081, "delta": 2.031975}}
{"target": -2.213285914191361, "params": {"C": 261.728193748563, "epsilon": 0.633258896684579, "gamma": 0.05033956401898809, "lamda": 0.27865942023340323}, "datetime": {"datetime": "2021-09-23 14:06:22", "elapsed": 428.312543, "delta": 1.533462}}
