{"target": 0.9235688255253671, "params": {"C": 910.910983926733, "epsilon": 0.15206478197999018, "gamma": 0.03556086086504009, "lamda": 0.15616926957818988}, "datetime": {"datetime": "2021-09-23 23:07:18", "elapsed": 568.818746, "delta": 2.797823}}
{"target": 0.9196852252681836, "params": {"C": 990.3325296660412, "epsilon": 0.8008423099170624, "gamma": 0.03719646190409606, "lamda": 0.04867830172424418}, "datetime": {"datetime": "2021-09-23 23:07:20", "elapsed": 570.680808, "delta": 1.862062}}
{"target": 0.9169624054939669, "params": {"C": 877.6208707662906, "epsilon": 0.3697556075784426, "gamma": 0.06962600870394142, "lamda": 0.066485000933984}, "datetime": {"datetime": "2021-09-23 23:07:22", "elapsed": 572.619238, "delta": 1.93843}}
{"target": 0.9123992193391149, "params": {"C": 987.5744267161119, "epsilon": 0.6073747166836607, "gamma": 0.05086945098826015, "lamda": 0.15065843218991296}, "datetime": {"datetime": "2021-09-23 23:07:24", "elapsed": 574.478749, "delta": 1.859511}}
{"target": 0.9183854433267818, "params": {"C": 914.892968337892, "epsilon": 0.2356795046712035, "gamma": 0.04880396475141729, "lamda": 0.21176946326117455}, "datetime": {"datetime": "2021-09-23 23:07:26", "elapsed": 576.562312, "delta": 2.083563}}
{"target": 0.9288253889155307, "params": {"C": 920.2112242286674, "epsilon": 0.18547280400277338, "gamma": 0.03287354621570304, "lamda": 0.042613698204143624}, "datetime": {"datetime": "2021-09-23 23:07:28", "elapsed": 578.478311, "delta": 1.915999}}
{"target": 0.9294284617665453, "params": {"C": 884.4180050527007, "epsilon": 0.24157523815001924, "gamma": 0.03712706635034698, "lamda": 0.036159565526500674}, "datetime": {"datetime": "2021-09-23 23:07:30", "elapsed": 580.61531, "delta": 2.136999}}
{"target": 0.9179333306596842, "params": {"C": 877.5803826944904, "epsilon": 0.0933037511626517, "gamma": 0.05909421212673848, "lamda": 0.3655517941965795}, "datetime": {"datetime": "2021-09-23 23:07:32", "elapsed": 582.616313, "delta": 2.001003}}
{"target": 0.9206061356580569, "params": {"C": 870.2432735598283, "epsilon": 0.3105738005787584, "gamma": 0.06249675949913264, "lamda": 0.03897689941531229}, "datetime": {"datetime": "2021-09-23 23:07:36", "elapsed": 586.647312, "delta": 4.030999}}
{"target": 0.9170345817207048, "params": {"C": 853.1014279852711, "epsilon": 0.13501148662611084, "gamma": 0.07, "lamda": 0.11283736676191611}, "datetime": {"datetime": "2021-09-23 23:07:39", "elapsed": 589.334309, "delta": 2.686997}}
{"target": 0.8846528980143238, "params": {"C": 925.0387491635056, "epsilon": 0.9644575409170655, "gamma": 0.06411579715767467, "lamda": 0.3585044260933558}, "datetime": {"datetime": "2021-09-23 23:07:41", "elapsed": 591.423959, "delta": 2.08965}}
{"target": 0.9245003441335533, "params": {"C": 903.7157091687249, "epsilon": 0.0734524091146469, "gamma": 0.02797433938244636, "lamda": 0.1697079765790409}, "datetime": {"datetime": "2021-09-23 23:07:43", "elapsed": 593.526865, "delta": 2.102906}}
{"target": 0.9237626372186303, "params": {"C": 920.2202103451655, "epsilon": 0.24856486280214282, "gamma": 0.028606930293818368, "lamda": 0.0689895837252855}, "datetime": {"datetime": "2021-09-23 23:07:48", "elapsed": 598.677084, "delta": 5.150219}}
{"target": 0.919646650117765, "params": {"C": 870.2949594887864, "epsilon": 0.20101883425575842, "gamma": 0.021137845227583923, "lamda": 0.02506419280556908}, "datetime": {"datetime": "2021-09-23 23:07:51", "elapsed": 602.031039, "delta": 3.353955}}
{"target": 0.9241450267576836, "params": {"C": 965.6588738021419, "epsilon": 0.27162977022494483, "gamma": 0.02843219182687988, "lamda": 0.059749439318867545}, "datetime": {"datetime": "2021-09-23 23:07:54", "elapsed": 604.813731, "delta": 2.782692}}
{"target": 0.8884781667211614, "params": {"C": 984.3423968272809, "epsilon": 0.4209701057373354, "gamma": 0.01817534689809938, "lamda": 0.2934711926578111}, "datetime": {"datetime": "2021-09-23 23:07:56", "elapsed": 606.727596, "delta": 1.913865}}
{"target": 0.9042476526458502, "params": {"C": 891.4787856026296, "epsilon": 0.9039971208320817, "gamma": 0.01425462028686026, "lamda": 0.020922295823225693}, "datetime": {"datetime": "2021-09-23 23:07:59", "elapsed": 609.974037, "delta": 3.246441}}
{"target": 0.9239538542278322, "params": {"C": 889.014142280686, "epsilon": 0.2589188678170241, "gamma": 0.03170738383905766, "lamda": 0.07802651433134082}, "datetime": {"datetime": "2021-09-23 23:08:02", "elapsed": 612.209362, "delta": 2.235325}}
{"target": 0.9215395757468537, "params": {"C": 941.9660363892405, "epsilon": 0.6080302671776179, "gamma": 0.0320760892856495, "lamda": 0.04418205615577098}, "datetime": {"datetime": "2021-09-23 23:08:05", "elapsed": 615.695586, "delta": 3.486224}}
{"target": 0.9286139739957906, "params": {"C": 920.1622418408141, "epsilon": 0.1710787008194228, "gamma": 0.03170125830671305, "lamda": 0.035133021766493674}, "datetime": {"datetime": "2021-09-23 23:08:09", "elapsed": 619.55172, "delta": 3.856134}}
{"target": 0.9260233982423153, "params": {"C": 920.2013390865926, "epsilon": 0.24158291381877894, "gamma": 0.02787198592339977, "lamda": 0.013823807025572926}, "datetime": {"datetime": "2021-09-23 23:08:14", "elapsed": 624.435064, "delta": 4.883344}}
{"target": 0.9227646827916378, "params": {"C": 898.6618468645532, "epsilon": 0.07237214097518785, "gamma": 0.025126196475710787, "lamda": 0.14171241111756538}, "datetime": {"datetime": "2021-09-23 23:08:19", "elapsed": 629.190909, "delta": 4.755845}}
{"target": 0.9096530792441379, "params": {"C": 972.1390858985794, "epsilon": 0.7405837294882137, "gamma": 0.04489020386542871, "lamda": 0.15575402100550093}, "datetime": {"datetime": "2021-09-23 23:08:21", "elapsed": 631.184978, "delta": 1.994069}}
{"target": 0.913253932141533, "params": {"C": 935.106741910679, "epsilon": 0.4936029532388031, "gamma": 0.031205781421421427, "lamda": 0.12440107137737934}, "datetime": {"datetime": "2021-09-23 23:08:23", "elapsed": 633.416593, "delta": 2.231615}}
{"target": 0.9069925410560746, "params": {"C": 990.4037485956076, "epsilon": 0.303491098424829, "gamma": 0.03037152079194417, "lamda": 0.319142755469297}, "datetime": {"datetime": "2021-09-23 23:08:25", "elapsed": 635.430355, "delta": 2.013762}}
{"target": 0.8964622102784823, "params": {"C": 920.1488735914794, "epsilon": 0.237901713625958, "gamma": 0.06974083300360985, "lamda": 0.010045388042128046}, "datetime": {"datetime": "2021-09-23 23:08:29", "elapsed": 639.297492, "delta": 3.867137}}
{"target": 0.9144125402880257, "params": {"C": 924.7237018328348, "epsilon": 0.674018300359642, "gamma": 0.06478819672043534, "lamda": 0.08031807688387645}, "datetime": {"datetime": "2021-09-23 23:08:31", "elapsed": 641.251186, "delta": 1.953694}}
{"target": 0.9222612864783976, "params": {"C": 852.963460564048, "epsilon": 0.07545755821297241, "gamma": 0.05851720523330568, "lamda": 0.13168682188672123}, "datetime": {"datetime": "2021-09-23 23:08:33", "elapsed": 643.96875, "delta": 2.717564}}
{"target": 0.9237525738587234, "params": {"C": 903.6480162686465, "epsilon": 0.1321041519887538, "gamma": 0.04424989847059005, "lamda": 0.1848636718450649}, "datetime": {"datetime": "2021-09-23 23:08:37", "elapsed": 647.641119, "delta": 3.672369}}
{"target": 0.912173764601639, "params": {"C": 994.7905301115636, "epsilon": 0.9792573499552895, "gamma": 0.01705412492997458, "lamda": 0.009406631541909297}, "datetime": {"datetime": "2021-09-23 23:08:39", "elapsed": 649.758687, "delta": 2.117568}}
{"target": 0.9041507829353146, "params": {"C": 855.2329846531358, "epsilon": 0.8572559904794997, "gamma": 0.015896880530646775, "lamda": 0.001}, "datetime": {"datetime": "2021-09-23 23:08:43", "elapsed": 653.348312, "delta": 3.589625}}
{"target": 0.8979478181642878, "params": {"C": 912.8682153458843, "epsilon": 0.061020461942209024, "gamma": 0.01, "lamda": 0.08437880685000614}, "datetime": {"datetime": "2021-09-23 23:08:46", "elapsed": 656.38405, "delta": 3.035738}}
{"target": 0.9105670840789212, "params": {"C": 850.6818581246097, "epsilon": 0.809668006954886, "gamma": 0.055445552175549355, "lamda": 0.12581194133727966}, "datetime": {"datetime": "2021-09-23 23:08:47", "elapsed": 658.101243, "delta": 1.717193}}
{"target": 0.8945355688578673, "params": {"C": 949.8775484028868, "epsilon": 0.8677606771254649, "gamma": 0.044305261247922535, "lamda": 0.3025380816352963}, "datetime": {"datetime": "2021-09-23 23:08:49", "elapsed": 659.960779, "delta": 1.859536}}
{"target": 0.9072238103407272, "params": {"C": 945.9431212261434, "epsilon": 0.6286623417377912, "gamma": 0.045407250872507104, "lamda": 0.21723534167301062}, "datetime": {"datetime": "2021-09-23 23:08:51", "elapsed": 661.811565, "delta": 1.850786}}
{"target": 0.8760649592304729, "params": {"C": 863.752121129164, "epsilon": 0.9446458193200601, "gamma": 0.017871619369956283, "lamda": 0.24807740988990634}, "datetime": {"datetime": "2021-09-23 23:08:53", "elapsed": 663.6409, "delta": 1.829335}}
{"target": 0.9169636259801289, "params": {"C": 898.5041125743635, "epsilon": 0.118520076628508, "gamma": 0.07, "lamda": 0.12286626914147337}, "datetime": {"datetime": "2021-09-23 23:08:56", "elapsed": 666.904259, "delta": 3.263359}}
{"target": 0.901160616152155, "params": {"C": 952.8067255252575, "epsilon": 0.461121353594804, "gamma": 0.055700576982317895, "lamda": 0.3949900835058084}, "datetime": {"datetime": "2021-09-23 23:08:58", "elapsed": 668.711954, "delta": 1.807695}}
{"target": 0.923493062956619, "params": {"C": 858.8888062860229, "epsilon": 0.036540115818147326, "gamma": 0.046113307350641744, "lamda": 0.06561574011886925}, "datetime": {"datetime": "2021-09-23 23:09:00", "elapsed": 670.564211, "delta": 1.852257}}
{"target": 0.926178569412382, "params": {"C": 920.2575746251224, "epsilon": 0.2023595856820918, "gamma": 0.03228807855601165, "lamda": 0.07686045256172591}, "datetime": {"datetime": "2021-09-23 23:09:03", "elapsed": 673.430221, "delta": 2.86601}}
{"target": 0.872699345862356, "params": {"C": 979.4397760566204, "epsilon": 0.7935996606927134, "gamma": 0.01666281480034839, "lamda": 0.3024728215641701}, "datetime": {"datetime": "2021-09-23 23:09:05", "elapsed": 675.248181, "delta": 1.81796}}
{"target": 0.8932428833815732, "params": {"C": 984.6556170097675, "epsilon": 0.1674346162127828, "gamma": 0.01558223186774257, "lamda": 0.37083213878932997}, "datetime": {"datetime": "2021-09-23 23:09:06", "elapsed": 677.008425, "delta": 1.760244}}
{"target": 0.9178476900079402, "params": {"C": 903.687664163388, "epsilon": 0.1696106720756222, "gamma": 0.06482742018272124, "lamda": 0.17106274418633913}, "datetime": {"datetime": "2021-09-23 23:09:10", "elapsed": 680.448642, "delta": 3.440217}}
{"target": 0.9193249395941809, "params": {"C": 857.8291224878338, "epsilon": 0.3581520616872852, "gamma": 0.06327660748953705, "lamda": 0.0720324858377758}, "datetime": {"datetime": "2021-09-23 23:09:12", "elapsed": 682.239755, "delta": 1.791113}}
{"target": 0.922797393667513, "params": {"C": 920.1414186177191, "epsilon": 0.18954086110143775, "gamma": 0.027734690058542427, "lamda": 0.09412219509255883}, "datetime": {"datetime": "2021-09-23 23:09:15", "elapsed": 685.501351, "delta": 3.261596}}
{"target": 0.9163575843835925, "params": {"C": 884.5782908133325, "epsilon": 0.03763374281510483, "gamma": 0.02003326328533962, "lamda": 0.20834125617876662}, "datetime": {"datetime": "2021-09-23 23:09:18", "elapsed": 688.136691, "delta": 2.63534}}
{"target": 0.9262836736829391, "params": {"C": 946.3378908713364, "epsilon": 0.047629998708495866, "gamma": 0.047250518143086166, "lamda": 0.09840980456934112}, "datetime": {"datetime": "2021-09-23 23:09:19", "elapsed": 690.050875, "delta": 1.914184}}
{"target": 0.9187924278364002, "params": {"C": 990.3510737982945, "epsilon": 0.7920280219536457, "gamma": 0.03747793493601774, "lamda": 0.05549392055929282}, "datetime": {"datetime": "2021-09-23 23:09:21", "elapsed": 691.926886, "delta": 1.876011}}
{"target": 0.8942166030814345, "params": {"C": 891.4528535687228, "epsilon": 0.7451239592073331, "gamma": 0.028759445218644528, "lamda": 0.2637989615806301}, "datetime": {"datetime": "2021-09-23 23:09:23", "elapsed": 693.888657, "delta": 1.961771}}
{"target": 0.9097594429781706, "params": {"C": 853.5187138087211, "epsilon": 0.03342410737945969, "gamma": 0.06791190522494436, "lamda": 0.15402497263735185}, "datetime": {"datetime": "2021-09-23 23:09:26", "elapsed": 696.533754, "delta": 2.645097}}
{"target": 0.9251651585206863, "params": {"C": 914.4101946472957, "epsilon": 0.062488303635243776, "gamma": 0.028975818808076828, "lamda": 0.19690389533119113}, "datetime": {"datetime": "2021-09-23 23:09:28", "elapsed": 698.436755, "delta": 1.903001}}
{"target": 0.8970759762513107, "params": {"C": 953.5467323073824, "epsilon": 0.1157855860820079, "gamma": 0.01378344319059161, "lamda": 0.30209828150791534}, "datetime": {"datetime": "2021-09-23 23:09:30", "elapsed": 700.361294, "delta": 1.924539}}
{"target": 0.8948298503953522, "params": {"C": 920.2175962701659, "epsilon": 0.10840729220005975, "gamma": 0.06913162976955405, "lamda": 0.018709255283137424}, "datetime": {"datetime": "2021-09-23 23:09:33", "elapsed": 703.679329, "delta": 3.318035}}
{"target": 0.9212982643506566, "params": {"C": 965.3260005303139, "epsilon": 0.12234512061877283, "gamma": 0.033188304605596644, "lamda": 0.22699821346862825}, "datetime": {"datetime": "2021-09-23 23:09:35", "elapsed": 705.654872, "delta": 1.975543}}
{"target": 0.9215726479919961, "params": {"C": 856.0877374837764, "epsilon": 0.2755559498895611, "gamma": 0.05749309331467004, "lamda": 0.0882940688623438}, "datetime": {"datetime": "2021-09-23 23:09:37", "elapsed": 707.635033, "delta": 1.980161}}
{"target": 0.9235783082038252, "params": {"C": 930.0465488761862, "epsilon": 0.2615533032202012, "gamma": 0.05577025507922758, "lamda": 0.06478943313252469}, "datetime": {"datetime": "2021-09-23 23:09:39", "elapsed": 709.724246, "delta": 2.089213}}
{"target": 0.9250201188219418, "params": {"C": 920.2034995572667, "epsilon": 0.18293088400468163, "gamma": 0.0467199604037495, "lamda": 0.11122214068805251}, "datetime": {"datetime": "2021-09-23 23:09:42", "elapsed": 713.038773, "delta": 3.314527}}
{"target": 0.9225258512418889, "params": {"C": 853.0876284319029, "epsilon": 0.04830473909674184, "gamma": 0.05327083685493757, "lamda": 0.3884282935401871}, "datetime": {"datetime": "2021-09-23 23:09:46", "elapsed": 716.595301, "delta": 3.556528}}
{"target": 0.921452906093511, "params": {"C": 993.4184540348441, "epsilon": 0.45911800944903236, "gamma": 0.060827986253878814, "lamda": 0.03552589640914555}, "datetime": {"datetime": "2021-09-23 23:09:48", "elapsed": 718.63525, "delta": 2.039949}}
{"target": 0.906894550975275, "params": {"C": 864.5980703267318, "epsilon": 0.9699703846417923, "gamma": 0.06088060444614128, "lamda": 0.12932098390609498}, "datetime": {"datetime": "2021-09-23 23:09:50", "elapsed": 721.063892, "delta": 2.428642}}
{"target": 0.8897475765926268, "params": {"C": 920.4438034417426, "epsilon": 0.8569194013172342, "gamma": 0.03476742952868786, "lamda": 0.33279214649126493}, "datetime": {"datetime": "2021-09-23 23:09:53", "elapsed": 723.200239, "delta": 2.136347}}
{"target": 0.9144310199671851, "params": {"C": 934.3594343848513, "epsilon": 0.19560378803467024, "gamma": 0.032647761498657515, "lamda": 0.3001751693746094}, "datetime": {"datetime": "2021-09-23 23:09:55", "elapsed": 725.544249, "delta": 2.34401}}
{"target": 0.9245656943521432, "params": {"C": 903.687068962118, "epsilon": 0.10091386137518289, "gamma": 0.026870554952486574, "lamda": 0.10115586882215073}, "datetime": {"datetime": "2021-09-23 23:09:59", "elapsed": 729.400714, "delta": 3.856465}}
{"target": 0.9104051357363898, "params": {"C": 945.2538848239168, "epsilon": 0.8506995751052617, "gamma": 0.03917601461255663, "lamda": 0.11988809885253744}, "datetime": {"datetime": "2021-09-23 23:10:01", "elapsed": 731.75788, "delta": 2.357166}}
{"target": 0.9142155054569084, "params": {"C": 910.9646733697247, "epsilon": 0.13997673321883947, "gamma": 0.019474645876136964, "lamda": 0.12875742751913452}, "datetime": {"datetime": "2021-09-23 23:10:05", "elapsed": 735.310726, "delta": 3.552846}}
{"target": 0.9179254808335231, "params": {"C": 898.6064407551853, "epsilon": 0.09105556577917763, "gamma": 0.06766242853816241, "lamda": 0.14087289900776206}, "datetime": {"datetime": "2021-09-23 23:10:08", "elapsed": 738.749452, "delta": 3.438726}}
{"target": 0.9261676245019798, "params": {"C": 903.751708196962, "epsilon": 0.12170695259122351, "gamma": 0.048670695783122726, "lamda": 0.11987519252880575}, "datetime": {"datetime": "2021-09-23 23:10:12", "elapsed": 742.944458, "delta": 4.195006}}
{"target": 0.8997396795347412, "params": {"C": 864.2746309223015, "epsilon": 0.47048699393754045, "gamma": 0.06675773236789372, "lamda": 0.3625052786903887}, "datetime": {"datetime": "2021-09-23 23:10:14", "elapsed": 744.907429, "delta": 1.962971}}
{"target": 0.9291196264900011, "params": {"C": 946.3886963109235, "epsilon": 0.09362370890200275, "gamma": 0.036115662698876796, "lamda": 0.10816151236910661}, "datetime": {"datetime": "2021-09-23 23:10:19", "elapsed": 749.921487, "delta": 5.014058}}
{"target": 0.9285292531452465, "params": {"C": 946.3604806534694, "epsilon": 0.14327191064230502, "gamma": 0.03982305099535933, "lamda": 0.08570353635252231}, "datetime": {"datetime": "2021-09-23 23:10:23", "elapsed": 753.308439, "delta": 3.386952}}
{"target": 0.9133496803642365, "params": {"C": 950.8129261180444, "epsilon": 0.1977706541159066, "gamma": 0.05667885164642898, "lamda": 0.3569026124554637}, "datetime": {"datetime": "2021-09-23 23:10:25", "elapsed": 755.433167, "delta": 2.124728}}
{"target": 0.9168166192383103, "params": {"C": 974.2443338909025, "epsilon": 0.1492067987032285, "gamma": 0.036526803655391585, "lamda": 0.3584064672437641}, "datetime": {"datetime": "2021-09-23 23:10:27", "elapsed": 757.537125, "delta": 2.103958}}
{"target": 0.8882226346867059, "params": {"C": 946.8084076502035, "epsilon": 0.3523486441743092, "gamma": 0.01696168795572843, "lamda": 0.30590524080959847}, "datetime": {"datetime": "2021-09-23 23:10:29", "elapsed": 759.635738, "delta": 2.098613}}
{"target": 0.9248855839150621, "params": {"C": 959.8845610610167, "epsilon": 0.9920213810858296, "gamma": 0.044281761418545666, "lamda": 0.0203778069503623}, "datetime": {"datetime": "2021-09-23 23:10:31", "elapsed": 761.901753, "delta": 2.266015}}
{"target": 0.9177673838202763, "params": {"C": 963.1885511336565, "epsilon": 0.5631827285891081, "gamma": 0.04924469076336146, "lamda": 0.09671364283886538}, "datetime": {"datetime": "2021-09-23 23:10:34", "elapsed": 764.600317, "delta": 2.698564}}
{"target": 0.9045392604551962, "params": {"C": 970.5405749610818, "epsilon": 0.4113750786131546, "gamma": 0.06638601842489804, "lamda": 0.30678725221408476}, "datetime": {"datetime": "2021-09-23 23:10:37", "elapsed": 767.812691, "delta": 3.212374}}
{"target": 0.9210669041846655, "params": {"C": 856.1457902876268, "epsilon": 0.2809938049556292, "gamma": 0.05398504358886845, "lamda": 0.11097942086280989}, "datetime": {"datetime": "2021-09-23 23:10:42", "elapsed": 773.036193, "delta": 5.223502}}
{"target": 0.9199301373138306, "params": {"C": 850.0388331494033, "epsilon": 0.3518582353067452, "gamma": 0.03523406540961768, "lamda": 0.10554376850827034}, "datetime": {"datetime": "2021-09-23 23:10:45", "elapsed": 775.176759, "delta": 2.140566}}
{"target": 0.898803031297727, "params": {"C": 920.0063131583154, "epsilon": 0.5879825087183271, "gamma": 0.05887408108290103, "lamda": 0.3450430895882376}, "datetime": {"datetime": "2021-09-23 23:10:47", "elapsed": 777.404619, "delta": 2.22786}}
{"target": 0.9133829307470483, "params": {"C": 973.4365602316188, "epsilon": 0.4613969789939957, "gamma": 0.06208653291472197, "lamda": 0.1453834328539021}, "datetime": {"datetime": "2021-09-23 23:10:49", "elapsed": 779.646798, "delta": 2.242179}}
{"target": 0.9036445500876176, "params": {"C": 965.2414250211724, "epsilon": 0.7884600319173051, "gamma": 0.055963825702950235, "lamda": 0.20886066316783466}, "datetime": {"datetime": "2021-09-23 23:10:51", "elapsed": 781.646764, "delta": 1.999966}}
{"target": 0.892333670660934, "params": {"C": 986.2782897482402, "epsilon": 0.5894125724785576, "gamma": 0.01627517357657593, "lamda": 0.13488874169321968}, "datetime": {"datetime": "2021-09-23 23:10:53", "elapsed": 783.791621, "delta": 2.144857}}
{"target": 0.924388653413668, "params": {"C": 946.3845656763581, "epsilon": 0.14176721493750533, "gamma": 0.03629359374531148, "lamda": 0.15339678997520542}, "datetime": {"datetime": "2021-09-23 23:10:56", "elapsed": 786.921326, "delta": 3.129705}}
{"target": 0.9215952186169314, "params": {"C": 901.3770087837498, "epsilon": 0.14116350758816582, "gamma": 0.028845391477605363, "lamda": 0.15338367086867397}, "datetime": {"datetime": "2021-09-23 23:10:58", "elapsed": 789.013846, "delta": 2.09252}}
{"target": 0.915776588695193, "params": {"C": 898.4534141419759, "epsilon": 0.08821690397384352, "gamma": 0.018493289106393154, "lamda": 0.05791690926596882}, "datetime": {"datetime": "2021-09-23 23:11:02", "elapsed": 792.147556, "delta": 3.13371}}
{"target": 0.9063362224776894, "params": {"C": 961.7456208920752, "epsilon": 0.3059107014825222, "gamma": 0.03489422628942402, "lamda": 0.39186309858435037}, "datetime": {"datetime": "2021-09-23 23:11:04", "elapsed": 794.230733, "delta": 2.083177}}
{"target": 0.9096521024614371, "params": {"C": 946.3709864989328, "epsilon": 0.12924485420455434, "gamma": 0.06482238427123199, "lamda": 0.035578405637004}, "datetime": {"datetime": "2021-09-23 23:11:07", "elapsed": 797.448706, "delta": 3.217973}}
{"target": 0.8989897371068089, "params": {"C": 946.2818612965123, "epsilon": 0.11669121449806812, "gamma": 0.011073501522900212, "lamda": 0.08515928584778465}, "datetime": {"datetime": "2021-09-23 23:11:10", "elapsed": 800.4697, "delta": 3.020994}}
