{"target": -1.9895037877380652, "params": {"C": 292.6660719774803, "epsilon": 0.20272780650092626, "gamma": 0.04949842677703231, "lamda": 0.1725557074073687}, "datetime": {"datetime": "2021-09-23 14:30:26", "elapsed": 78.735223, "delta": 0.964996}}
{"target": -1.952868998647153, "params": {"C": 349.6882295032083, "epsilon": 0.536037161163156, "gamma": 0.04300082231718108, "lamda": 0.040630026742270495}, "datetime": {"datetime": "2021-09-23 14:30:27", "elapsed": 79.610497, "delta": 0.875274}}
{"target": -2.0242286032725367, "params": {"C": 368.28677744692243, "epsilon": 0.23753178814021864, "gamma": 0.05, "lamda": 0.015}, "datetime": {"datetime": "2021-09-23 14:30:28", "elapsed": 80.603427, "delta": 0.99293}}
{"target": -1.9428863661019322, "params": {"C": 263.0807232865066, "epsilon": 0.1836292379704877, "gamma": 0.03848739660714225, "lamda": 0.03044406302385669}, "datetime": {"datetime": "2021-09-23 14:30:29", "elapsed": 81.617687, "delta": 1.01426}}
{"target": -1.9528568311697545, "params": {"C": 265.76453395519184, "epsilon": 0.08556871401040764, "gamma": 0.04048429619079208, "lamda": 0.05256367300815386}, "datetime": {"datetime": "2021-09-23 14:30:30", "elapsed": 82.561732, "delta": 0.944045}}
{"target": -1.9557220884638882, "params": {"C": 292.4929850961919, "epsilon": 0.31825343645572046, "gamma": 0.0463561598904082, "lamda": 0.022257219249961827}, "datetime": {"datetime": "2021-09-23 14:30:31", "elapsed": 83.492732, "delta": 0.931}}
{"target": -1.9478521565523075, "params": {"C": 265.8323169371261, "epsilon": 0.22802636591845574, "gamma": 0.04444176689315168, "lamda": 0.025722526535648903}, "datetime": {"datetime": "2021-09-23 14:30:32", "elapsed": 84.350699, "delta": 0.857967}}
{"target": -1.9248375038820034, "params": {"C": 298.7037986386269, "epsilon": 0.6621052413005464, "gamma": 0.04059117339587047, "lamda": 0.025586664063817748}, "datetime": {"datetime": "2021-09-23 14:30:32", "elapsed": 85.1934, "delta": 0.842701}}
{"target": -1.9662446981244623, "params": {"C": 322.53220149243225, "epsilon": 0.797471083420661, "gamma": 0.043348175143967174, "lamda": 0.03385308210411829}, "datetime": {"datetime": "2021-09-23 14:30:33", "elapsed": 85.973283, "delta": 0.779883}}
{"target": -1.9201332510359963, "params": {"C": 298.6116236309258, "epsilon": 0.7210441447978585, "gamma": 0.04191476100638933, "lamda": 0.015}, "datetime": {"datetime": "2021-09-23 14:30:34", "elapsed": 87.201282, "delta": 1.227999}}
{"target": -2.0573657345720404, "params": {"C": 298.59412965140285, "epsilon": 0.6617518348166876, "gamma": 0.04939369370420928, "lamda": 0.10692494071918703}, "datetime": {"datetime": "2021-09-23 14:30:35", "elapsed": 88.208832, "delta": 1.00755}}
{"target": -1.9820272639955379, "params": {"C": 268.6727548100731, "epsilon": 0.19146909403220083, "gamma": 0.03, "lamda": 0.015}, "datetime": {"datetime": "2021-09-23 14:30:36", "elapsed": 89.270833, "delta": 1.062001}}
{"target": -1.986794399661204, "params": {"C": 292.7467521973061, "epsilon": 0.3573764755996578, "gamma": 0.04701510640788089, "lamda": 0.10179468549814091}, "datetime": {"datetime": "2021-09-23 14:30:38", "elapsed": 90.492067, "delta": 1.221234}}
{"target": -1.9669818739453968, "params": {"C": 262.9819482914712, "epsilon": 0.25145488188895904, "gamma": 0.04487400512364335, "lamda": 0.11930874925610624}, "datetime": {"datetime": "2021-09-23 14:30:39", "elapsed": 91.443067, "delta": 0.951}}
{"target": -1.945760005164916, "params": {"C": 368.122851255951, "epsilon": 0.058430704474239537, "gamma": 0.03948749762264318, "lamda": 0.07604136911382976}, "datetime": {"datetime": "2021-09-23 14:30:40", "elapsed": 92.956066, "delta": 1.512999}}
{"target": -1.9314528927319943, "params": {"C": 316.7106055463926, "epsilon": 0.042618344359748185, "gamma": 0.03907556762821543, "lamda": 0.19594915218016867}, "datetime": {"datetime": "2021-09-23 14:30:42", "elapsed": 94.813975, "delta": 1.857909}}
{"target": -1.935118570316787, "params": {"C": 298.72426604451863, "epsilon": 0.7904126880420933, "gamma": 0.048156315675030884, "lamda": 0.018630211325402487}, "datetime": {"datetime": "2021-09-23 14:30:44", "elapsed": 96.448003, "delta": 1.634028}}
{"target": -1.9724973598197888, "params": {"C": 262.8892413995998, "epsilon": 0.1539299502446085, "gamma": 0.04219396777063187, "lamda": 0.01989067875559898}, "datetime": {"datetime": "2021-09-23 14:30:45", "elapsed": 98.053959, "delta": 1.605956}}
{"target": -1.9637427721528318, "params": {"C": 262.93494840816265, "epsilon": 0.3067488441602553, "gamma": 0.03, "lamda": 0.015}, "datetime": {"datetime": "2021-09-23 14:30:48", "elapsed": 100.660038, "delta": 2.606079}}
{"target": -1.9953030191429317, "params": {"C": 298.8390918074856, "epsilon": 0.7045726013628283, "gamma": 0.035401129929420426, "lamda": 0.04838707051016614}, "datetime": {"datetime": "2021-09-23 14:30:49", "elapsed": 101.778186, "delta": 1.118148}}
{"target": -2.0254640633512757, "params": {"C": 373.2999458219225, "epsilon": 0.20426626256128252, "gamma": 0.0372470699060758, "lamda": 0.19813401714053375}, "datetime": {"datetime": "2021-09-23 14:30:50", "elapsed": 102.559168, "delta": 0.780982}}
{"target": -1.9270716851891838, "params": {"C": 275.5644109150424, "epsilon": 0.13272454167179998, "gamma": 0.04294418758782521, "lamda": 0.12172165152075534}, "datetime": {"datetime": "2021-09-23 14:30:51", "elapsed": 103.469171, "delta": 0.910003}}
{"target": -1.9258446866534074, "params": {"C": 298.32732697386933, "epsilon": 0.6826321330128754, "gamma": 0.03311772248331442, "lamda": 0.015876193434020934}, "datetime": {"datetime": "2021-09-23 14:30:52", "elapsed": 104.875656, "delta": 1.406485}}
{"target": -1.9640207464168444, "params": {"C": 268.7698220701646, "epsilon": 0.2993985680329361, "gamma": 0.04738772168325202, "lamda": 0.018134696402470837}, "datetime": {"datetime": "2021-09-23 14:30:54", "elapsed": 106.454545, "delta": 1.578889}}
{"target": -2.037778297032729, "params": {"C": 294.80895172984077, "epsilon": 0.5488521913788138, "gamma": 0.04628051470731236, "lamda": 0.10353643995644052}, "datetime": {"datetime": "2021-09-23 14:30:55", "elapsed": 107.330548, "delta": 0.876003}}
{"target": -2.0224919377748756, "params": {"C": 343.3504430619375, "epsilon": 0.4370286281934007, "gamma": 0.041249928464582614, "lamda": 0.1008816724133978}, "datetime": {"datetime": "2021-09-23 14:30:56", "elapsed": 108.570476, "delta": 1.239928}}
{"target": -2.067805754241712, "params": {"C": 298.28906066441067, "epsilon": 0.6960601635981918, "gamma": 0.042302302168299735, "lamda": 0.11147314459412891}, "datetime": {"datetime": "2021-09-23 14:30:57", "elapsed": 110.044467, "delta": 1.473991}}
{"target": -1.9452390830011403, "params": {"C": 265.919024406526, "epsilon": 0.3144514188714297, "gamma": 0.04957006482561586, "lamda": 0.06826945346374957}, "datetime": {"datetime": "2021-09-23 14:30:58", "elapsed": 111.024466, "delta": 0.979999}}
{"target": -1.9271221778291412, "params": {"C": 275.57582037297584, "epsilon": 0.21933688032587068, "gamma": 0.033884607339289205, "lamda": 0.07213076516912724}, "datetime": {"datetime": "2021-09-23 14:30:59", "elapsed": 112.182512, "delta": 1.158046}}
{"target": -1.9535446361409428, "params": {"C": 354.0506417064956, "epsilon": 0.12321638282143002, "gamma": 0.04102471919168095, "lamda": 0.16214655388410842}, "datetime": {"datetime": "2021-09-23 14:31:00", "elapsed": 113.02351, "delta": 0.840998}}
{"target": -1.9817221847057458, "params": {"C": 265.9484431118743, "epsilon": 0.06430985480771172, "gamma": 0.04164490162594747, "lamda": 0.03963946967076502}, "datetime": {"datetime": "2021-09-23 14:31:01", "elapsed": 114.028006, "delta": 1.004496}}
{"target": -1.9832773725918624, "params": {"C": 275.5841721198998, "epsilon": 0.22853548539997268, "gamma": 0.04363484478126159, "lamda": 0.15475043109309666}, "datetime": {"datetime": "2021-09-23 14:31:02", "elapsed": 115.0408, "delta": 1.012794}}
{"target": -1.966420777259475, "params": {"C": 268.61842639031204, "epsilon": 0.3957773326503551, "gamma": 0.0459425883168747, "lamda": 0.0766578165273479}, "datetime": {"datetime": "2021-09-23 14:31:04", "elapsed": 116.491654, "delta": 1.450854}}
{"target": -2.003708844082364, "params": {"C": 275.54080802933794, "epsilon": 0.08047653384437607, "gamma": 0.04868392554724224, "lamda": 0.023871777994765794}, "datetime": {"datetime": "2021-09-23 14:31:05", "elapsed": 117.823246, "delta": 1.331592}}
{"target": -1.918930598493106, "params": {"C": 298.444726702687, "epsilon": 0.6995481504682046, "gamma": 0.03999661956585769, "lamda": 0.015647559371029608}, "datetime": {"datetime": "2021-09-23 14:31:07", "elapsed": 119.66489, "delta": 1.841644}}
{"target": -1.908844786935774, "params": {"C": 343.3917598697783, "epsilon": 0.43733321135533776, "gamma": 0.04034912369306933, "lamda": 0.025427196804790227}, "datetime": {"datetime": "2021-09-23 14:31:08", "elapsed": 121.141448, "delta": 1.476558}}
{"target": -1.9679300873946268, "params": {"C": 298.4019161083579, "epsilon": 0.7565879273535963, "gamma": 0.04996758201072789, "lamda": 0.03521125109407115}, "datetime": {"datetime": "2021-09-23 14:31:11", "elapsed": 123.348623, "delta": 2.207175}}
{"target": -2.0297639365932896, "params": {"C": 399.9577116760936, "epsilon": 0.7534489911456959, "gamma": 0.04389862472467171, "lamda": 0.06437448626203038}, "datetime": {"datetime": "2021-09-23 14:31:11", "elapsed": 124.229434, "delta": 0.880811}}
{"target": -2.074109931616397, "params": {"C": 314.4673027097093, "epsilon": 0.7766965602424823, "gamma": 0.042249187498873846, "lamda": 0.10609764919889986}, "datetime": {"datetime": "2021-09-23 14:31:12", "elapsed": 125.115964, "delta": 0.88653}}
{"target": -1.9143576891333647, "params": {"C": 309.7623497377439, "epsilon": 0.14905946540714543, "gamma": 0.044746313543992035, "lamda": 0.08362922619415428}, "datetime": {"datetime": "2021-09-23 14:31:13", "elapsed": 125.976296, "delta": 0.860332}}
{"target": -1.9346323077727698, "params": {"C": 309.75895636013524, "epsilon": 0.21587420732836077, "gamma": 0.04963009890952251, "lamda": 0.05734040179441992}, "datetime": {"datetime": "2021-09-23 14:31:15", "elapsed": 127.4723, "delta": 1.496004}}
{"target": -1.9243864228016851, "params": {"C": 343.46442307955755, "epsilon": 0.4643158698486831, "gamma": 0.03719364007727963, "lamda": 0.01862704233276035}, "datetime": {"datetime": "2021-09-23 14:31:18", "elapsed": 130.795497, "delta": 3.323197}}
{"target": -1.9617907506654122, "params": {"C": 309.83395405366343, "epsilon": 0.21945721033470827, "gamma": 0.03716289046033519, "lamda": 0.11769251727664069}, "datetime": {"datetime": "2021-09-23 14:31:20", "elapsed": 132.372067, "delta": 1.57657}}
{"target": -2.0646115272954497, "params": {"C": 324.72531665787045, "epsilon": 0.7034731133483936, "gamma": 0.03862155262341147, "lamda": 0.09924128808751388}, "datetime": {"datetime": "2021-09-23 14:31:21", "elapsed": 133.485068, "delta": 1.113001}}
{"target": -1.9370578872065745, "params": {"C": 309.67752663444134, "epsilon": 0.21143868005162317, "gamma": 0.03129260919846574, "lamda": 0.07963980272108845}, "datetime": {"datetime": "2021-09-23 14:31:22", "elapsed": 134.753679, "delta": 1.268611}}
{"target": -2.089137092494383, "params": {"C": 379.71034716358525, "epsilon": 0.36282788696097246, "gamma": 0.032193393041863756, "lamda": 0.18726297838093237}, "datetime": {"datetime": "2021-09-23 14:31:23", "elapsed": 135.885279, "delta": 1.1316}}
{"target": -1.9775753969829746, "params": {"C": 309.7160883089077, "epsilon": 0.14835524991932408, "gamma": 0.03582163233973737, "lamda": 0.19176869947377467}, "datetime": {"datetime": "2021-09-23 14:31:24", "elapsed": 137.201954, "delta": 1.316675}}
{"target": -1.9479340796500342, "params": {"C": 343.4032233735022, "epsilon": 0.3420554071927302, "gamma": 0.04187434474823349, "lamda": 0.0191120761685466}, "datetime": {"datetime": "2021-09-23 14:31:26", "elapsed": 138.456349, "delta": 1.254395}}
{"target": -2.0014533965296133, "params": {"C": 347.83956178301696, "epsilon": 0.29938728264244907, "gamma": 0.035448226272279455, "lamda": 0.11525947103228543}, "datetime": {"datetime": "2021-09-23 14:31:27", "elapsed": 139.461021, "delta": 1.004672}}
{"target": -1.993708299467845, "params": {"C": 309.71168705223624, "epsilon": 0.12047757861638661, "gamma": 0.03, "lamda": 0.015}, "datetime": {"datetime": "2021-09-23 14:31:28", "elapsed": 140.934112, "delta": 1.473091}}
{"target": -1.932266263656599, "params": {"C": 314.4460639120582, "epsilon": 0.2762027525945496, "gamma": 0.0411647607886851, "lamda": 0.06578288378081398}, "datetime": {"datetime": "2021-09-23 14:31:29", "elapsed": 141.950256, "delta": 1.016144}}
{"target": -1.9686426442296219, "params": {"C": 298.3998316948689, "epsilon": 0.5765383037315144, "gamma": 0.033882806882364704, "lamda": 0.046654631677304347}, "datetime": {"datetime": "2021-09-23 14:31:31", "elapsed": 143.356291, "delta": 1.406035}}
{"target": -1.915392953499078, "params": {"C": 309.83118153402484, "epsilon": 0.08501092611711002, "gamma": 0.044444987138758565, "lamda": 0.12914029855419992}, "datetime": {"datetime": "2021-09-23 14:31:32", "elapsed": 144.631607, "delta": 1.275316}}
{"target": -1.9719141867529173, "params": {"C": 343.39636524499514, "epsilon": 0.5240350940988083, "gamma": 0.05, "lamda": 0.015}, "datetime": {"datetime": "2021-09-23 14:31:34", "elapsed": 146.444216, "delta": 1.812609}}
{"target": -1.9292011304303163, "params": {"C": 349.71454564573804, "epsilon": 0.38551579591516194, "gamma": 0.034818827203076726, "lamda": 0.018130560244287195}, "datetime": {"datetime": "2021-09-23 14:31:35", "elapsed": 147.724213, "delta": 1.279997}}
{"target": -1.9431272577048424, "params": {"C": 343.50147645879827, "epsilon": 0.380180608902827, "gamma": 0.03, "lamda": 0.015}, "datetime": {"datetime": "2021-09-23 14:31:37", "elapsed": 149.763808, "delta": 2.039595}}
{"target": -1.9790565579710402, "params": {"C": 350.40723310709, "epsilon": 0.15366661107353935, "gamma": 0.03943356725295635, "lamda": 0.18689581585637544}, "datetime": {"datetime": "2021-09-23 14:31:38", "elapsed": 150.753996, "delta": 0.990188}}
{"target": -1.962078594146586, "params": {"C": 349.68243907447714, "epsilon": 0.20203327916414293, "gamma": 0.04339655422985063, "lamda": 0.02490512290996212}, "datetime": {"datetime": "2021-09-23 14:31:39", "elapsed": 152.06377, "delta": 1.309774}}
{"target": -2.004576720441842, "params": {"C": 309.86835376135184, "epsilon": 0.07463583739602564, "gamma": 0.032118523601478266, "lamda": 0.017165414406738543}, "datetime": {"datetime": "2021-09-23 14:31:41", "elapsed": 153.62977, "delta": 1.566}}
{"target": -1.921400134529553, "params": {"C": 260.47255672467907, "epsilon": 0.11585264960095899, "gamma": 0.04549039160116502, "lamda": 0.0998880908684894}, "datetime": {"datetime": "2021-09-23 14:31:42", "elapsed": 154.667732, "delta": 1.037962}}
{"target": -1.9285670829123511, "params": {"C": 260.38913384149515, "epsilon": 0.10485152072846123, "gamma": 0.03708957701748808, "lamda": 0.1564093556809693}, "datetime": {"datetime": "2021-09-23 14:31:43", "elapsed": 156.19249, "delta": 1.524758}}
{"target": -1.9161709113542795, "params": {"C": 260.42942116214374, "epsilon": 0.19202351471516818, "gamma": 0.04385356291772054, "lamda": 0.0767291952558044}, "datetime": {"datetime": "2021-09-23 14:31:45", "elapsed": 157.85249, "delta": 1.66}}
{"target": -2.031478005918875, "params": {"C": 270.2241155377523, "epsilon": 0.7339880136980901, "gamma": 0.04812725865871445, "lamda": 0.07497182177500578}, "datetime": {"datetime": "2021-09-23 14:31:46", "elapsed": 158.768567, "delta": 0.916077}}
{"target": -2.0385718046838672, "params": {"C": 329.1389454912547, "epsilon": 0.6428184602961131, "gamma": 0.030453521141477348, "lamda": 0.061769040830381136}, "datetime": {"datetime": "2021-09-23 14:31:47", "elapsed": 159.821099, "delta": 1.052532}}
{"target": -2.0270131614899953, "params": {"C": 260.3919342384571, "epsilon": 0.2022494099414939, "gamma": 0.031491678577452734, "lamda": 0.19544258788890723}, "datetime": {"datetime": "2021-09-23 14:31:48", "elapsed": 161.232023, "delta": 1.410924}}
{"target": -1.9447605614098813, "params": {"C": 260.4316485820066, "epsilon": 0.03499895028619813, "gamma": 0.03755852073556226, "lamda": 0.15749087057052075}, "datetime": {"datetime": "2021-09-23 14:31:50", "elapsed": 162.754118, "delta": 1.522095}}
{"target": -2.0394259490604583, "params": {"C": 369.51302774516756, "epsilon": 0.7067537079568224, "gamma": 0.04117541122210365, "lamda": 0.07477478970822657}, "datetime": {"datetime": "2021-09-23 14:31:51", "elapsed": 163.829119, "delta": 1.075001}}
{"target": -1.9279076255091114, "params": {"C": 345.8946135448141, "epsilon": 0.44718425967266473, "gamma": 0.04101161232108803, "lamda": 0.03684237178353478}, "datetime": {"datetime": "2021-09-23 14:31:52", "elapsed": 164.87576, "delta": 1.046641}}
{"target": -1.9750183958886165, "params": {"C": 260.477059333177, "epsilon": 0.14158863523829307, "gamma": 0.047049153155769186, "lamda": 0.029408775407698443}, "datetime": {"datetime": "2021-09-23 14:31:54", "elapsed": 166.500008, "delta": 1.624248}}
{"target": -1.9924326543253355, "params": {"C": 298.99099921337387, "epsilon": 0.7729501041281461, "gamma": 0.04036334152731128, "lamda": 0.04664041830821802}, "datetime": {"datetime": "2021-09-23 14:31:55", "elapsed": 167.501007, "delta": 1.000999}}
{"target": -1.94659444826762, "params": {"C": 263.0694527020147, "epsilon": 0.17738401479546903, "gamma": 0.033126033933583224, "lamda": 0.033531576484925454}, "datetime": {"datetime": "2021-09-23 14:31:56", "elapsed": 168.593011, "delta": 1.092004}}
{"target": -1.9339229052253553, "params": {"C": 275.6628823955929, "epsilon": 0.14280039662528493, "gamma": 0.049882008005378925, "lamda": 0.10292538820716392}, "datetime": {"datetime": "2021-09-23 14:31:57", "elapsed": 170.116694, "delta": 1.523683}}
{"target": -1.9919472905113107, "params": {"C": 345.9978689199231, "epsilon": 0.3870779226968626, "gamma": 0.035573727251614146, "lamda": 0.08358562545826301}, "datetime": {"datetime": "2021-09-23 14:31:59", "elapsed": 171.38769, "delta": 1.270996}}
{"target": -1.9381225754448879, "params": {"C": 260.31912178399404, "epsilon": 0.12687552909377348, "gamma": 0.03426227977700071, "lamda": 0.0553087394946385}, "datetime": {"datetime": "2021-09-23 14:32:00", "elapsed": 172.771482, "delta": 1.383792}}
{"target": -1.921725034371244, "params": {"C": 260.392355108248, "epsilon": 0.114506412102893, "gamma": 0.044039716166253864, "lamda": 0.09743670517383328}, "datetime": {"datetime": "2021-09-23 14:32:01", "elapsed": 174.134563, "delta": 1.363081}}
{"target": -2.0092272245102123, "params": {"C": 296.19198602686845, "epsilon": 0.0917558952235567, "gamma": 0.049727814885941066, "lamda": 0.031931723829421756}, "datetime": {"datetime": "2021-09-23 14:32:02", "elapsed": 175.091043, "delta": 0.95648}}
{"target": -1.9495215525176324, "params": {"C": 263.2272748937085, "epsilon": 0.03024403978646429, "gamma": 0.03736905704889599, "lamda": 0.16983477401201924}, "datetime": {"datetime": "2021-09-23 14:32:04", "elapsed": 176.491347, "delta": 1.400304}}
{"target": -2.05142792036755, "params": {"C": 273.25610761657344, "epsilon": 0.31569744326549454, "gamma": 0.038664046878279304, "lamda": 0.18804970174086955}, "datetime": {"datetime": "2021-09-23 14:32:05", "elapsed": 177.595347, "delta": 1.104}}
{"target": -1.923965957349058, "params": {"C": 345.82324621563055, "epsilon": 0.5486634020484197, "gamma": 0.03828846380913624, "lamda": 0.028741871820758547}, "datetime": {"datetime": "2021-09-23 14:32:06", "elapsed": 178.753956, "delta": 1.158609}}
{"target": -1.9390094157688007, "params": {"C": 277.9212248126194, "epsilon": 0.14027837634604845, "gamma": 0.032335728114387764, "lamda": 0.12271309745131148}, "datetime": {"datetime": "2021-09-23 14:32:07", "elapsed": 179.726399, "delta": 0.972443}}
{"target": -1.9797242389469154, "params": {"C": 345.92344960770663, "epsilon": 0.6094195484719986, "gamma": 0.04296465530513824, "lamda": 0.05037001456534437}, "datetime": {"datetime": "2021-09-23 14:32:09", "elapsed": 181.610624, "delta": 1.884225}}
{"target": -1.9543545613283502, "params": {"C": 345.7911404913754, "epsilon": 0.45243808454103185, "gamma": 0.042342468631505537, "lamda": 0.015}, "datetime": {"datetime": "2021-09-23 14:32:10", "elapsed": 182.913567, "delta": 1.302943}}
{"target": -2.043834370861776, "params": {"C": 345.8292274380226, "epsilon": 0.45654952989651776, "gamma": 0.04142942866941495, "lamda": 0.1239259699681508}, "datetime": {"datetime": "2021-09-23 14:32:11", "elapsed": 184.207368, "delta": 1.293801}}
{"target": -1.9084988984318279, "params": {"C": 314.41162202557405, "epsilon": 0.1797515856661875, "gamma": 0.039685542265372686, "lamda": 0.06597803758677001}, "datetime": {"datetime": "2021-09-23 14:32:13", "elapsed": 185.669733, "delta": 1.462365}}
{"target": -1.9833494508663225, "params": {"C": 314.45827714734196, "epsilon": 0.1529495148879294, "gamma": 0.03027177438994582, "lamda": 0.1583426182997228}, "datetime": {"datetime": "2021-09-23 14:32:15", "elapsed": 187.60192, "delta": 1.932187}}
{"target": -1.99832211204533, "params": {"C": 355.0749427839229, "epsilon": 0.19447321160126815, "gamma": 0.04357375535004762, "lamda": 0.17797185578088498}, "datetime": {"datetime": "2021-09-23 14:32:16", "elapsed": 188.780994, "delta": 1.179074}}
{"target": -2.0296993702988133, "params": {"C": 351.0139373412061, "epsilon": 0.36600797241688854, "gamma": 0.03425687613010572, "lamda": 0.1141476945826166}, "datetime": {"datetime": "2021-09-23 14:32:17", "elapsed": 189.935928, "delta": 1.154934}}
{"target": -2.0434811164566384, "params": {"C": 345.20419313931757, "epsilon": 0.2975818454103778, "gamma": 0.04389527840966124, "lamda": 0.1940274018073676}, "datetime": {"datetime": "2021-09-23 14:32:19", "elapsed": 191.716568, "delta": 1.78064}}
