{"target": 0.8909391325970478, "params": {"C": 666.6765880327403, "epsilon": 0.81795664420853, "gamma": 0.055097643738716215, "lamda": 0.3627801170554955}, "datetime": {"datetime": "2021-09-23 22:34:38", "elapsed": 564.736216, "delta": 1.818638}}
{"target": 0.9182445744109279, "params": {"C": 684.9910431279513, "epsilon": 0.04003370952819976, "gamma": 0.02156127987828979, "lamda": 0.11176044789112799}, "datetime": {"datetime": "2021-09-23 22:34:41", "elapsed": 567.656369, "delta": 2.920153}}
{"target": 0.9071006013111371, "params": {"C": 773.9830338528141, "epsilon": 0.7984774829327275, "gamma": 0.0263469419871475, "lamda": 0.09439382039070471}, "datetime": {"datetime": "2021-09-23 22:34:43", "elapsed": 569.266939, "delta": 1.61057}}
{"target": 0.9237291774411569, "params": {"C": 684.7751485696272, "epsilon": 0.12629629058575026, "gamma": 0.0357708954138829, "lamda": 0.01732198848676543}, "datetime": {"datetime": "2021-09-23 22:34:46", "elapsed": 572.359436, "delta": 3.092497}}
{"target": 0.888780097157545, "params": {"C": 691.6336848138824, "epsilon": 0.5667125977332578, "gamma": 0.019387129385400957, "lamda": 0.2476496770729437}, "datetime": {"datetime": "2021-09-23 22:34:48", "elapsed": 574.237479, "delta": 1.878043}}
{"target": 0.9012572717641835, "params": {"C": 710.7167251200112, "epsilon": 0.045021180206859863, "gamma": 0.013162586134852832, "lamda": 0.2526852667604508}, "datetime": {"datetime": "2021-09-23 22:34:50", "elapsed": 576.713536, "delta": 2.476057}}
{"target": 0.9115252320410611, "params": {"C": 729.6963207658299, "epsilon": 0.138922474723002, "gamma": 0.01816327915172515, "lamda": 0.08869997036653735}, "datetime": {"datetime": "2021-09-23 22:34:53", "elapsed": 579.249709, "delta": 2.536173}}
{"target": 0.9244618984188271, "params": {"C": 712.9945406455846, "epsilon": 0.15272155447053892, "gamma": 0.029893190066590955, "lamda": 0.08830687791253718}, "datetime": {"datetime": "2021-09-23 22:34:56", "elapsed": 582.311969, "delta": 3.06226}}
{"target": 0.8976057302286338, "params": {"C": 668.9474142023777, "epsilon": 0.9145555811212792, "gamma": 0.06362935492667825, "lamda": 0.2284662350281005}, "datetime": {"datetime": "2021-09-23 22:34:58", "elapsed": 584.047052, "delta": 1.735083}}
{"target": 0.9243325150329489, "params": {"C": 733.2508017398504, "epsilon": 0.6013178727736519, "gamma": 0.05021343995913276, "lamda": 0.00827560062632151}, "datetime": {"datetime": "2021-09-23 22:35:01", "elapsed": 587.437391, "delta": 3.390339}}
{"target": 0.9020175999440945, "params": {"C": 771.4781815168601, "epsilon": 0.4575696534335564, "gamma": 0.04351182075732465, "lamda": 0.3886494294453821}, "datetime": {"datetime": "2021-09-23 22:35:03", "elapsed": 589.320824, "delta": 1.883433}}
{"target": 0.9194697354819753, "params": {"C": 691.5196745536939, "epsilon": 0.7934305251635523, "gamma": 0.034003978034381266, "lamda": 0.04526278730444559}, "datetime": {"datetime": "2021-09-23 22:35:05", "elapsed": 591.81258, "delta": 2.491756}}
{"target": 0.8982686239769646, "params": {"C": 761.7759480520831, "epsilon": 0.859866934990085, "gamma": 0.05710251814804424, "lamda": 0.2526121976690217}, "datetime": {"datetime": "2021-09-23 22:35:07", "elapsed": 593.433138, "delta": 1.620558}}
{"target": 0.921900134197321, "params": {"C": 712.954723918328, "epsilon": 0.16357316925361595, "gamma": 0.056876587308437226, "lamda": 0.1372247031411814}, "datetime": {"datetime": "2021-09-23 22:35:10", "elapsed": 596.114907, "delta": 2.681769}}
{"target": 0.8811710654555249, "params": {"C": 710.8554420284381, "epsilon": 0.2808379805507062, "gamma": 0.012207809335038497, "lamda": 0.2865774683827298}, "datetime": {"datetime": "2021-09-23 22:35:11", "elapsed": 597.692134, "delta": 1.577227}}
{"target": 0.9162977108161205, "params": {"C": 731.9856973800438, "epsilon": 0.03641568629750888, "gamma": 0.06689903657910932, "lamda": 0.2260672794354147}, "datetime": {"datetime": "2021-09-23 22:35:13", "elapsed": 599.409778, "delta": 1.717644}}
{"target": 0.9178663844751668, "params": {"C": 683.9994476871152, "epsilon": 0.4546782947398106, "gamma": 0.06564249406222848, "lamda": 0.02030828018677192}, "datetime": {"datetime": "2021-09-23 22:35:16", "elapsed": 601.899511, "delta": 2.489733}}
{"target": 0.9246777020169972, "params": {"C": 704.1256994679444, "epsilon": 0.045320845867142016, "gamma": 0.03154719650649722, "lamda": 0.27650424041366867}, "datetime": {"datetime": "2021-09-23 22:35:18", "elapsed": 604.701152, "delta": 2.801641}}
{"target": 0.9160272679703395, "params": {"C": 733.2451158311749, "epsilon": 0.68393354756554, "gamma": 0.06780478154430164, "lamda": 0.05399393765078946}, "datetime": {"datetime": "2021-09-23 22:35:21", "elapsed": 606.943279, "delta": 2.242127}}
{"target": 0.8853798172634411, "params": {"C": 750.2183941463217, "epsilon": 0.17483199755555323, "gamma": 0.01, "lamda": 0.007299902811093403}, "datetime": {"datetime": "2021-09-23 22:35:25", "elapsed": 611.151973, "delta": 4.208694}}
{"target": 0.9265787228819633, "params": {"C": 762.1423166125127, "epsilon": 0.13436113406131994, "gamma": 0.050129968191466985, "lamda": 0.06240486341398325}, "datetime": {"datetime": "2021-09-23 22:35:27", "elapsed": 613.629619, "delta": 2.477646}}
{"target": 0.8935925007712895, "params": {"C": 749.3172476768441, "epsilon": 0.033357988304418794, "gamma": 0.010487739933889193, "lamda": 0.12456695250847018}, "datetime": {"datetime": "2021-09-23 22:35:30", "elapsed": 615.911075, "delta": 2.281456}}
{"target": 0.8733795097883916, "params": {"C": 732.6128186654712, "epsilon": 0.4672437911628543, "gamma": 0.013253744652353402, "lamda": 0.32564525004963457}, "datetime": {"datetime": "2021-09-23 22:35:31", "elapsed": 617.516013, "delta": 1.604938}}
{"target": 0.9173555827685285, "params": {"C": 704.1314072197597, "epsilon": 0.09920330905955425, "gamma": 0.06261120317232481, "lamda": 0.3146891095375166}, "datetime": {"datetime": "2021-09-23 22:35:34", "elapsed": 620.075057, "delta": 2.559044}}
{"target": 0.9199041469353512, "params": {"C": 685.0601858109773, "epsilon": 0.31180816359602126, "gamma": 0.030326081002689624, "lamda": 0.09471188540393044}, "datetime": {"datetime": "2021-09-23 22:35:35", "elapsed": 621.694625, "delta": 1.619568}}
{"target": 0.9169624054939669, "params": {"C": 677.6208707662906, "epsilon": 0.3697556075784426, "gamma": 0.06962600870394142, "lamda": 0.066485000933984}, "datetime": {"datetime": "2021-09-23 22:35:37", "elapsed": 623.398901, "delta": 1.704276}}
{"target": 0.9123992193391149, "params": {"C": 787.5744267161119, "epsilon": 0.6073747166836607, "gamma": 0.05086945098826015, "lamda": 0.15065843218991296}, "datetime": {"datetime": "2021-09-23 22:35:39", "elapsed": 625.071959, "delta": 1.673058}}
{"target": 0.9183854433267818, "params": {"C": 714.892968337892, "epsilon": 0.2356795046712035, "gamma": 0.04880396475141729, "lamda": 0.21176946326117455}, "datetime": {"datetime": "2021-09-23 22:35:40", "elapsed": 626.695911, "delta": 1.623952}}
{"target": 0.9275566681486352, "params": {"C": 720.2112242286674, "epsilon": 0.18547280400277338, "gamma": 0.03287354621570304, "lamda": 0.042613698204143624}, "datetime": {"datetime": "2021-09-23 22:35:42", "elapsed": 628.456794, "delta": 1.760883}}
{"target": 0.8945654062194155, "params": {"C": 791.8608619138143, "epsilon": 0.7625464369206273, "gamma": 0.0509488469855701, "lamda": 0.34302283005940093}, "datetime": {"datetime": "2021-09-23 22:35:44", "elapsed": 630.106794, "delta": 1.65}}
{"target": 0.9179333306596842, "params": {"C": 677.5803826944904, "epsilon": 0.0933037511626517, "gamma": 0.05909421212673848, "lamda": 0.3655517941965795}, "datetime": {"datetime": "2021-09-23 22:35:46", "elapsed": 631.855795, "delta": 1.749001}}
{"target": 0.9005794697986719, "params": {"C": 685.07140411146, "epsilon": 0.11378135906928051, "gamma": 0.013032428761144129, "lamda": 0.11949351276048248}, "datetime": {"datetime": "2021-09-23 22:35:49", "elapsed": 635.355614, "delta": 3.499819}}
{"target": 0.8929786530489345, "params": {"C": 704.1385458698971, "epsilon": 0.03756806174720817, "gamma": 0.010138059730382112, "lamda": 0.35586531438956676}, "datetime": {"datetime": "2021-09-23 22:35:51", "elapsed": 637.754708, "delta": 2.399094}}
{"target": 0.8846528980143238, "params": {"C": 725.0387491635056, "epsilon": 0.9644575409170655, "gamma": 0.06411579715767467, "lamda": 0.3585044260933558}, "datetime": {"datetime": "2021-09-23 22:35:53", "elapsed": 639.498198, "delta": 1.74349}}
{"target": 0.9229610177494566, "params": {"C": 703.7157091687249, "epsilon": 0.0734524091146469, "gamma": 0.02797433938244636, "lamda": 0.1697079765790409}, "datetime": {"datetime": "2021-09-23 22:35:55", "elapsed": 641.301991, "delta": 1.803793}}
{"target": 0.922476029809179, "params": {"C": 765.6803576533187, "epsilon": 0.1941841422832201, "gamma": 0.05325123670799805, "lamda": 0.12816070824640935}, "datetime": {"datetime": "2021-09-23 22:35:58", "elapsed": 644.235877, "delta": 2.933886}}
{"target": 0.9212489336856228, "params": {"C": 733.2227196884613, "epsilon": 0.637902921359887, "gamma": 0.0582970229181604, "lamda": 0.038520302359959055}, "datetime": {"datetime": "2021-09-23 22:36:01", "elapsed": 647.467511, "delta": 3.231634}}
{"target": 0.9180413391519625, "params": {"C": 684.8998209710148, "epsilon": 0.17697576941187199, "gamma": 0.061972884821349945, "lamda": 0.19088119725464783}, "datetime": {"datetime": "2021-09-23 22:36:04", "elapsed": 649.992411, "delta": 2.5249}}
{"target": 0.8884781667211614, "params": {"C": 784.3423968272809, "epsilon": 0.4209701057373354, "gamma": 0.01817534689809938, "lamda": 0.2934711926578111}, "datetime": {"datetime": "2021-09-23 22:36:05", "elapsed": 651.71942, "delta": 1.727009}}
{"target": 0.9188476718462608, "params": {"C": 684.9434942840185, "epsilon": 0.28222385363267977, "gamma": 0.057784165709448804, "lamda": 0.1362672728187544}, "datetime": {"datetime": "2021-09-23 22:36:08", "elapsed": 654.383439, "delta": 2.664019}}
{"target": 0.9237365283111424, "params": {"C": 689.014142280686, "epsilon": 0.2589188678170241, "gamma": 0.03170738383905766, "lamda": 0.07802651433134082}, "datetime": {"datetime": "2021-09-23 22:36:10", "elapsed": 656.176666, "delta": 1.793227}}
{"target": 0.9279586397332318, "params": {"C": 749.2179254661986, "epsilon": 0.06629329469772274, "gamma": 0.035910301338076295, "lamda": 0.15111576445669875}, "datetime": {"datetime": "2021-09-23 22:36:12", "elapsed": 658.710747, "delta": 2.534081}}
{"target": 0.9262342014393221, "params": {"C": 762.1359609117111, "epsilon": 0.11798835041089561, "gamma": 0.050003430990582055, "lamda": 0.10781592935805759}, "datetime": {"datetime": "2021-09-23 22:36:15", "elapsed": 661.017504, "delta": 2.306757}}
{"target": 0.9259020052459788, "params": {"C": 749.3347904244499, "epsilon": 0.08669171675782564, "gamma": 0.05169431634512726, "lamda": 0.10234088075895324}, "datetime": {"datetime": "2021-09-23 22:36:17", "elapsed": 663.778549, "delta": 2.761045}}
{"target": 0.9181620902833059, "params": {"C": 749.2935636375283, "epsilon": 0.07200432859742247, "gamma": 0.02437810638501732, "lamda": 0.024996505669145734}, "datetime": {"datetime": "2021-09-23 22:36:21", "elapsed": 667.03423, "delta": 3.255681}}
{"target": 0.9096530792441379, "params": {"C": 772.1390858985794, "epsilon": 0.7405837294882137, "gamma": 0.04489020386542871, "lamda": 0.15575402100550093}, "datetime": {"datetime": "2021-09-23 22:36:23", "elapsed": 668.872341, "delta": 1.838111}}
{"target": 0.913253932141533, "params": {"C": 735.106741910679, "epsilon": 0.4936029532388031, "gamma": 0.031205781421421427, "lamda": 0.12440107137737934}, "datetime": {"datetime": "2021-09-23 22:36:24", "elapsed": 670.710908, "delta": 1.838567}}
{"target": 0.9069925410560746, "params": {"C": 790.4037485956076, "epsilon": 0.303491098424829, "gamma": 0.03037152079194417, "lamda": 0.319142755469297}, "datetime": {"datetime": "2021-09-23 22:36:26", "elapsed": 672.476674, "delta": 1.765766}}
{"target": 0.9179391314516984, "params": {"C": 733.2131508140801, "epsilon": 0.7153256623722036, "gamma": 0.02084774761386047, "lamda": 0.006524350603502284}, "datetime": {"datetime": "2021-09-23 22:36:30", "elapsed": 676.256904, "delta": 3.78023}}
{"target": 0.9144125402880257, "params": {"C": 724.7237018328348, "epsilon": 0.674018300359642, "gamma": 0.06478819672043534, "lamda": 0.08031807688387645}, "datetime": {"datetime": "2021-09-23 22:36:32", "elapsed": 678.041899, "delta": 1.784995}}
{"target": 0.9181311617345197, "params": {"C": 665.4880595280722, "epsilon": 0.19719052648114818, "gamma": 0.06248372419829036, "lamda": 0.16547060467913877}, "datetime": {"datetime": "2021-09-23 22:36:34", "elapsed": 680.668002, "delta": 2.626103}}
{"target": 0.8946548812448751, "params": {"C": 765.662057648548, "epsilon": 0.23275827702399265, "gamma": 0.010335891854156483, "lamda": 0.058304038247554014}, "datetime": {"datetime": "2021-09-23 22:36:38", "elapsed": 684.014092, "delta": 3.34609}}
{"target": 0.9104790280609454, "params": {"C": 794.7905301115636, "epsilon": 0.9792573499552895, "gamma": 0.01705412492997458, "lamda": 0.009406631541909297}, "datetime": {"datetime": "2021-09-23 22:36:39", "elapsed": 685.835786, "delta": 1.821694}}
{"target": 0.8937699121908032, "params": {"C": 739.4595767693486, "epsilon": 0.5744118152318529, "gamma": 0.07, "lamda": 0.001}, "datetime": {"datetime": "2021-09-23 22:36:43", "elapsed": 688.874294, "delta": 3.038508}}
{"target": 0.9156615711260627, "params": {"C": 712.9617209230283, "epsilon": 0.12239198868694824, "gamma": 0.07, "lamda": 0.0829880220841282}, "datetime": {"datetime": "2021-09-23 22:36:45", "elapsed": 691.340509, "delta": 2.466215}}
{"target": 0.9105670840789212, "params": {"C": 650.6818581246097, "epsilon": 0.809668006954886, "gamma": 0.055445552175549355, "lamda": 0.12581194133727966}, "datetime": {"datetime": "2021-09-23 22:36:47", "elapsed": 693.029798, "delta": 1.689289}}
{"target": 0.8945355688578673, "params": {"C": 749.8775484028868, "epsilon": 0.8677606771254649, "gamma": 0.044305261247922535, "lamda": 0.3025380816352963}, "datetime": {"datetime": "2021-09-23 22:36:49", "elapsed": 694.879625, "delta": 1.849827}}
{"target": 0.9072238103407272, "params": {"C": 745.9431212261434, "epsilon": 0.6286623417377912, "gamma": 0.045407250872507104, "lamda": 0.21723534167301062}, "datetime": {"datetime": "2021-09-23 22:36:50", "elapsed": 696.667623, "delta": 1.787998}}
{"target": 0.8760649592304729, "params": {"C": 663.752121129164, "epsilon": 0.9446458193200601, "gamma": 0.017871619369956283, "lamda": 0.24807740988990634}, "datetime": {"datetime": "2021-09-23 22:36:52", "elapsed": 698.517581, "delta": 1.849958}}
{"target": 0.918072076270076, "params": {"C": 684.763588168023, "epsilon": 0.12886243104105116, "gamma": 0.02577210999555029, "lamda": 0.012021599982363653}, "datetime": {"datetime": "2021-09-23 22:36:54", "elapsed": 700.425785, "delta": 1.908204}}
{"target": 0.901160616152155, "params": {"C": 752.8067255252575, "epsilon": 0.461121353594804, "gamma": 0.055700576982317895, "lamda": 0.3949900835058084}, "datetime": {"datetime": "2021-09-23 22:36:56", "elapsed": 702.276784, "delta": 1.850999}}
{"target": 0.9237368532555308, "params": {"C": 658.8888062860229, "epsilon": 0.036540115818147326, "gamma": 0.046113307350641744, "lamda": 0.06561574011886925}, "datetime": {"datetime": "2021-09-23 22:36:58", "elapsed": 704.269822, "delta": 1.993038}}
{"target": 0.9168488543933372, "params": {"C": 756.4577851206896, "epsilon": 0.1965425700179199, "gamma": 0.043205281731337725, "lamda": 0.3005456181347966}, "datetime": {"datetime": "2021-09-23 22:37:00", "elapsed": 706.047431, "delta": 1.777609}}
{"target": 0.872699345862356, "params": {"C": 779.4397760566204, "epsilon": 0.7935996606927134, "gamma": 0.01666281480034839, "lamda": 0.3024728215641701}, "datetime": {"datetime": "2021-09-23 22:37:02", "elapsed": 707.881743, "delta": 1.834312}}
{"target": 0.8932428833815732, "params": {"C": 784.6556170097675, "epsilon": 0.1674346162127828, "gamma": 0.01558223186774257, "lamda": 0.37083213878932997}, "datetime": {"datetime": "2021-09-23 22:37:03", "elapsed": 709.633333, "delta": 1.75159}}
{"target": 0.9044131775246773, "params": {"C": 762.1613995878747, "epsilon": 0.13845331208732872, "gamma": 0.015655343753560882, "lamda": 0.0066276492825134824}, "datetime": {"datetime": "2021-09-23 22:37:09", "elapsed": 714.96221, "delta": 5.328877}}
{"target": 0.9193249395941809, "params": {"C": 657.8291224878338, "epsilon": 0.3581520616872852, "gamma": 0.06327660748953705, "lamda": 0.0720324858377758}, "datetime": {"datetime": "2021-09-23 22:37:10", "elapsed": 716.719112, "delta": 1.756902}}
{"target": 0.9262557102763769, "params": {"C": 684.8092301162798, "epsilon": 0.04784252024729713, "gamma": 0.031814978746194884, "lamda": 0.1728226834026081}, "datetime": {"datetime": "2021-09-23 22:37:14", "elapsed": 720.028325, "delta": 3.309213}}
{"target": 0.9271564051582448, "params": {"C": 656.1080011690578, "epsilon": 0.20923069936972094, "gamma": 0.04817159721277547, "lamda": 0.05239427497696728}, "datetime": {"datetime": "2021-09-23 22:37:17", "elapsed": 722.872871, "delta": 2.844546}}
{"target": 0.9265826989479635, "params": {"C": 746.3378908713364, "epsilon": 0.047629998708495866, "gamma": 0.047250518143086166, "lamda": 0.09840980456934112}, "datetime": {"datetime": "2021-09-23 22:37:18", "elapsed": 724.691353, "delta": 1.818482}}
{"target": 0.9225066284814064, "params": {"C": 685.0306571472568, "epsilon": 0.14530115697276058, "gamma": 0.03742342437880155, "lamda": 0.19231353047833083}, "datetime": {"datetime": "2021-09-23 22:37:20", "elapsed": 726.572468, "delta": 1.881115}}
{"target": 0.8942166030814345, "params": {"C": 691.4528535687228, "epsilon": 0.7451239592073331, "gamma": 0.028759445218644528, "lamda": 0.2637989615806301}, "datetime": {"datetime": "2021-09-23 22:37:22", "elapsed": 728.494704, "delta": 1.922236}}
{"target": 0.9255025039612401, "params": {"C": 684.7908987062398, "epsilon": 0.05542384300514469, "gamma": 0.05095139570011195, "lamda": 0.2243913456378608}, "datetime": {"datetime": "2021-09-23 22:37:25", "elapsed": 731.288417, "delta": 2.793713}}
{"target": 0.9237049255804579, "params": {"C": 714.4101946472957, "epsilon": 0.062488303635243776, "gamma": 0.028975818808076828, "lamda": 0.19690389533119113}, "datetime": {"datetime": "2021-09-23 22:37:27", "elapsed": 733.187448, "delta": 1.899031}}
{"target": 0.8970759762513107, "params": {"C": 753.5467323073824, "epsilon": 0.1157855860820079, "gamma": 0.01378344319059161, "lamda": 0.30209828150791534}, "datetime": {"datetime": "2021-09-23 22:37:29", "elapsed": 735.120635, "delta": 1.933187}}
{"target": 0.9226179631706353, "params": {"C": 765.6404712338965, "epsilon": 0.14129059384968107, "gamma": 0.025538595332584804, "lamda": 0.062324625933572776}, "datetime": {"datetime": "2021-09-23 22:37:32", "elapsed": 738.469422, "delta": 3.348787}}
{"target": 0.9212982643506566, "params": {"C": 765.3260005303139, "epsilon": 0.12234512061877283, "gamma": 0.033188304605596644, "lamda": 0.22699821346862825}, "datetime": {"datetime": "2021-09-23 22:37:34", "elapsed": 740.451469, "delta": 1.982047}}
{"target": 0.9215726479919961, "params": {"C": 656.0877374837764, "epsilon": 0.2755559498895611, "gamma": 0.05749309331467004, "lamda": 0.0882940688623438}, "datetime": {"datetime": "2021-09-23 22:37:36", "elapsed": 742.437445, "delta": 1.985976}}
{"target": 0.9235783082038252, "params": {"C": 730.0465488761862, "epsilon": 0.2615533032202012, "gamma": 0.05577025507922758, "lamda": 0.06478943313252469}, "datetime": {"datetime": "2021-09-23 22:37:38", "elapsed": 744.517592, "delta": 2.080147}}
{"target": 0.9209017143200642, "params": {"C": 704.1363310071639, "epsilon": 0.09915754829209485, "gamma": 0.04767817480694982, "lamda": 0.3194276676515092}, "datetime": {"datetime": "2021-09-23 22:37:40", "elapsed": 746.482395, "delta": 1.964803}}
{"target": 0.9169929182383556, "params": {"C": 653.4353424987103, "epsilon": 0.12460336705119779, "gamma": 0.07, "lamda": 0.11965326329925709}, "datetime": {"datetime": "2021-09-23 22:37:43", "elapsed": 749.555504, "delta": 3.073109}}
{"target": 0.921452906093511, "params": {"C": 793.4184540348441, "epsilon": 0.45911800944903236, "gamma": 0.060827986253878814, "lamda": 0.03552589640914555}, "datetime": {"datetime": "2021-09-23 22:37:45", "elapsed": 751.4421, "delta": 1.886596}}
{"target": 0.906894550975275, "params": {"C": 664.5980703267318, "epsilon": 0.9699703846417923, "gamma": 0.06088060444614128, "lamda": 0.12932098390609498}, "datetime": {"datetime": "2021-09-23 22:37:47", "elapsed": 753.460294, "delta": 2.018194}}
{"target": 0.9242856288922344, "params": {"C": 750.2487022822569, "epsilon": 0.21322423092654214, "gamma": 0.0537276246023834, "lamda": 0.07876758815751063}, "datetime": {"datetime": "2021-09-23 22:37:49", "elapsed": 755.35454, "delta": 1.894246}}
{"target": 0.9144310199671851, "params": {"C": 734.3594343848513, "epsilon": 0.19560378803467024, "gamma": 0.032647761498657515, "lamda": 0.3001751693746094}, "datetime": {"datetime": "2021-09-23 22:37:51", "elapsed": 757.337006, "delta": 1.982466}}
{"target": 0.9176603545120177, "params": {"C": 729.7830393224095, "epsilon": 0.11240285985463236, "gamma": 0.06858496724870997, "lamda": 0.12432019196837887}, "datetime": {"datetime": "2021-09-23 22:37:54", "elapsed": 760.242027, "delta": 2.905021}}
{"target": 0.9104051357363898, "params": {"C": 745.2538848239168, "epsilon": 0.8506995751052617, "gamma": 0.03917601461255663, "lamda": 0.11988809885253744}, "datetime": {"datetime": "2021-09-23 22:37:56", "elapsed": 762.121789, "delta": 1.879762}}
{"target": 0.9178482037452994, "params": {"C": 685.0870179665013, "epsilon": 0.07235271670126978, "gamma": 0.06771034671642824, "lamda": 0.19904342631784755}, "datetime": {"datetime": "2021-09-23 22:37:59", "elapsed": 765.520477, "delta": 3.398688}}
