{"target": 0.9153327131299632, "params": {"C": 965.6419107371273, "epsilon": 0.09462433344471152, "gamma": 0.06716288398187577, "lamda": 0.3522144839264331}, "datetime": {"datetime": "2021-09-23 22:59:35", "elapsed": 105.200846, "delta": 0.920782}}
{"target": 0.904486663279852, "params": {"C": 855.9257796223084, "epsilon": 0.38904357541921, "gamma": 0.021222122669912018, "lamda": 0.1521679992880556}, "datetime": {"datetime": "2021-09-23 22:59:35", "elapsed": 106.068883, "delta": 0.868037}}
{"target": 0.9258962589077043, "params": {"C": 950.2450969944681, "epsilon": 0.158477294067946, "gamma": 0.049759902484325366, "lamda": 0.04027005645109971}, "datetime": {"datetime": "2021-09-23 22:59:36", "elapsed": 106.761118, "delta": 0.692235}}
{"target": 0.8865355904931113, "params": {"C": 950.2540094511652, "epsilon": 0.039229120110194526, "gamma": 0.06540719960449806, "lamda": 0.0028720541568935127}, "datetime": {"datetime": "2021-09-23 22:59:37", "elapsed": 107.766287, "delta": 1.005169}}
{"target": 0.916542917631, "params": {"C": 950.1963513449815, "epsilon": 0.23816571796774144, "gamma": 0.026198441419301874, "lamda": 0.0023640424629834955}, "datetime": {"datetime": "2021-09-23 22:59:38", "elapsed": 108.966966, "delta": 1.200679}}
{"target": 0.9281443485485309, "params": {"C": 939.348314146191, "epsilon": 0.5431340454736073, "gamma": 0.041047371079207993, "lamda": 0.023488927162763792}, "datetime": {"datetime": "2021-09-23 22:59:39", "elapsed": 109.652563, "delta": 0.685597}}
{"target": 0.9226407792160594, "params": {"C": 950.2739671205795, "epsilon": 0.21614338158797441, "gamma": 0.05441360098816086, "lamda": 0.10722234000795762}, "datetime": {"datetime": "2021-09-23 22:59:40", "elapsed": 110.660242, "delta": 1.007679}}
{"target": 0.9111657920326962, "params": {"C": 999.9546910815288, "epsilon": 0.9413578200147077, "gamma": 0.05169587417401512, "lamda": 0.1074887568570277}, "datetime": {"datetime": "2021-09-23 22:59:41", "elapsed": 111.430164, "delta": 0.769922}}
{"target": 0.9016700956579842, "params": {"C": 908.3578243318315, "epsilon": 0.9706437187470232, "gamma": 0.046747562496621535, "lamda": 0.19747547043438402}, "datetime": {"datetime": "2021-09-23 22:59:42", "elapsed": 112.279781, "delta": 0.849617}}
{"target": 0.9217065988239113, "params": {"C": 903.3168032904398, "epsilon": 0.17998400187653382, "gamma": 0.054238940631976096, "lamda": 0.14901654730523006}, "datetime": {"datetime": "2021-09-23 22:59:42", "elapsed": 112.962654, "delta": 0.682873}}
{"target": 0.9155668195082518, "params": {"C": 852.8693006855893, "epsilon": 0.031478994184859194, "gamma": 0.04533159729970813, "lamda": 0.011002139428977674}, "datetime": {"datetime": "2021-09-23 22:59:43", "elapsed": 114.019657, "delta": 1.057003}}
{"target": 0.9281304524588632, "params": {"C": 939.4261675852403, "epsilon": 0.5771251866924969, "gamma": 0.03158092023183888, "lamda": 0.008822648058223678}, "datetime": {"datetime": "2021-09-23 22:59:44", "elapsed": 114.994479, "delta": 0.974822}}
{"target": 0.9176586971465837, "params": {"C": 853.5378855587426, "epsilon": 0.12063747464666935, "gamma": 0.025598793942488554, "lamda": 0.20911965423544057}, "datetime": {"datetime": "2021-09-23 22:59:45", "elapsed": 115.960482, "delta": 0.966003}}
{"target": 0.902581668047146, "params": {"C": 919.3485535620041, "epsilon": 0.8784011947375866, "gamma": 0.035864657870234413, "lamda": 0.18268796728063807}, "datetime": {"datetime": "2021-09-23 22:59:46", "elapsed": 116.668142, "delta": 0.70766}}
{"target": 0.9199844622270635, "params": {"C": 939.5190195751745, "epsilon": 0.4979863282967255, "gamma": 0.05476030242493071, "lamda": 0.009784372883393747}, "datetime": {"datetime": "2021-09-23 22:59:47", "elapsed": 117.691269, "delta": 1.023127}}
{"target": 0.8795026114683641, "params": {"C": 978.2610862466985, "epsilon": 0.4492766887690173, "gamma": 0.016580179125591267, "lamda": 0.372529342562119}, "datetime": {"datetime": "2021-09-23 22:59:48", "elapsed": 118.428266, "delta": 0.736997}}
{"target": 0.9012513518525467, "params": {"C": 965.6462341917544, "epsilon": 0.3060289449101624, "gamma": 0.018182423147693104, "lamda": 0.17267061650775606}, "datetime": {"datetime": "2021-09-23 22:59:49", "elapsed": 119.302248, "delta": 0.873982}}
{"target": 0.9170894832700469, "params": {"C": 939.3582410458496, "epsilon": 0.6507954945441368, "gamma": 0.05100778250398615, "lamda": 0.08828903941001828}, "datetime": {"datetime": "2021-09-23 22:59:50", "elapsed": 120.258241, "delta": 0.955993}}
{"target": 0.906275640281266, "params": {"C": 944.1138161960896, "epsilon": 0.3693580054067216, "gamma": 0.02634467881683837, "lamda": 0.21723529157773994}, "datetime": {"datetime": "2021-09-23 22:59:50", "elapsed": 121.026193, "delta": 0.767952}}
{"target": 0.9219804154027521, "params": {"C": 884.5610709290905, "epsilon": 0.04123156932246441, "gamma": 0.05877458716802723, "lamda": 0.2739333605437938}, "datetime": {"datetime": "2021-09-23 22:59:51", "elapsed": 121.997192, "delta": 0.970999}}
{"target": 0.9209460355868597, "params": {"C": 908.3350684772051, "epsilon": 0.3401515195022249, "gamma": 0.0434942823660553, "lamda": 0.11052632772186367}, "datetime": {"datetime": "2021-09-23 22:59:52", "elapsed": 122.745781, "delta": 0.748589}}
{"target": 0.9128193024455304, "params": {"C": 939.2982652380207, "epsilon": 0.4224276458792513, "gamma": 0.0642738270309563, "lamda": 0.013297727255295523}, "datetime": {"datetime": "2021-09-23 22:59:53", "elapsed": 123.821987, "delta": 1.076206}}
{"target": 0.9069831135859834, "params": {"C": 853.0127200775459, "epsilon": 0.032501283246979165, "gamma": 0.014360577167617072, "lamda": 0.17694436070516262}, "datetime": {"datetime": "2021-09-23 22:59:54", "elapsed": 124.725606, "delta": 0.903619}}
{"target": 0.9208788601529445, "params": {"C": 853.1183553041204, "epsilon": 0.042733119081464876, "gamma": 0.0480035085493003, "lamda": 0.04794623805956954}, "datetime": {"datetime": "2021-09-23 22:59:55", "elapsed": 125.839552, "delta": 1.113946}}
{"target": 0.9220949527213979, "params": {"C": 911.0302618314319, "epsilon": 0.12796223135411383, "gamma": 0.059474677942435716, "lamda": 0.08654334030965047}, "datetime": {"datetime": "2021-09-23 22:59:56", "elapsed": 126.876902, "delta": 1.03735}}
{"target": 0.8873709955333118, "params": {"C": 939.4170125688546, "epsilon": 0.5135707050470901, "gamma": 0.01, "lamda": 0.06573141557357307}, "datetime": {"datetime": "2021-09-23 22:59:58", "elapsed": 128.308532, "delta": 1.43163}}
{"target": 0.9146788825614072, "params": {"C": 946.8648926147393, "epsilon": 0.18578780875497816, "gamma": 0.03830070175886905, "lamda": 0.371737462306453}, "datetime": {"datetime": "2021-09-23 22:59:58", "elapsed": 129.066849, "delta": 0.758317}}
{"target": 0.9102155075353804, "params": {"C": 965.5994980695928, "epsilon": 0.07122193749983075, "gamma": 0.016455105840884797, "lamda": 0.18415994901174265}, "datetime": {"datetime": "2021-09-23 22:59:59", "elapsed": 130.044516, "delta": 0.977667}}
{"target": 0.9181122407073077, "params": {"C": 965.6895611609456, "epsilon": 0.1522953074531933, "gamma": 0.060922959348502864, "lamda": 0.22686926813080302}, "datetime": {"datetime": "2021-09-23 23:00:01", "elapsed": 131.17223, "delta": 1.127714}}
{"target": 0.9211582309307021, "params": {"C": 850.5063107764419, "epsilon": 0.13815203910770157, "gamma": 0.05647117480349506, "lamda": 0.18408296354879608}, "datetime": {"datetime": "2021-09-23 23:00:01", "elapsed": 132.04023, "delta": 0.868}}
{"target": 0.9059280815475422, "params": {"C": 946.8475114400628, "epsilon": 0.18016221783449485, "gamma": 0.02464699919030533, "lamda": 0.3860218773559976}, "datetime": {"datetime": "2021-09-23 23:00:02", "elapsed": 132.909543, "delta": 0.869313}}
{"target": 0.8815432930943687, "params": {"C": 939.3664436383666, "epsilon": 0.6011180095953674, "gamma": 0.07, "lamda": 0.001}, "datetime": {"datetime": "2021-09-23 23:00:04", "elapsed": 134.259547, "delta": 1.350004}}
{"target": 0.9066054105484423, "params": {"C": 860.9544095047346, "epsilon": 0.9168420432300616, "gamma": 0.06438177597614335, "lamda": 0.1303446318282557}, "datetime": {"datetime": "2021-09-23 23:00:04", "elapsed": 135.110546, "delta": 0.850999}}
{"target": 0.8792506735462944, "params": {"C": 924.0774415977729, "epsilon": 0.8019920863470515, "gamma": 0.011360563424432047, "lamda": 0.10186944481795716}, "datetime": {"datetime": "2021-09-23 23:00:05", "elapsed": 135.94755, "delta": 0.837004}}
{"target": 0.9212324935493217, "params": {"C": 911.0090414362269, "epsilon": 0.19386231136989374, "gamma": 0.024596688192582393, "lamda": 0.07847696175489047}, "datetime": {"datetime": "2021-09-23 23:00:06", "elapsed": 136.879548, "delta": 0.931998}}
{"target": 0.9194409441099679, "params": {"C": 853.474442912983, "epsilon": 0.09659611981276768, "gamma": 0.06501223133032026, "lamda": 0.15042437684864424}, "datetime": {"datetime": "2021-09-23 23:00:07", "elapsed": 138.045547, "delta": 1.165999}}
{"target": 0.9096224274807506, "params": {"C": 967.3353868698224, "epsilon": 0.8825338918417113, "gamma": 0.04352623366631094, "lamda": 0.12991968158693193}, "datetime": {"datetime": "2021-09-23 23:00:08", "elapsed": 138.835078, "delta": 0.789531}}
{"target": 0.923587598522197, "params": {"C": 942.0299430837293, "epsilon": 0.5555438076395907, "gamma": 0.04303483696326408, "lamda": 0.048108682927731766}, "datetime": {"datetime": "2021-09-23 23:00:09", "elapsed": 139.671081, "delta": 0.836003}}
{"target": 0.9196131314201785, "params": {"C": 853.1757345534281, "epsilon": 0.10477788102594653, "gamma": 0.06325200916967667, "lamda": 0.1957554043821625}, "datetime": {"datetime": "2021-09-23 23:00:10", "elapsed": 140.647081, "delta": 0.976}}
{"target": 0.915426853350278, "params": {"C": 891.7760705857578, "epsilon": 0.9659241571484438, "gamma": 0.04109002458193385, "lamda": 0.0692406859728594}, "datetime": {"datetime": "2021-09-23 23:00:11", "elapsed": 141.667124, "delta": 1.020043}}
{"target": 0.8990294432846726, "params": {"C": 871.6037425487568, "epsilon": 0.60767133708906, "gamma": 0.05681738717212499, "lamda": 0.3374657420211903}, "datetime": {"datetime": "2021-09-23 23:00:12", "elapsed": 142.479174, "delta": 0.81205}}
{"target": 0.9174047124219599, "params": {"C": 853.3735026192704, "epsilon": 0.04926406972501281, "gamma": 0.06381074081423652, "lamda": 0.15357281359178088}, "datetime": {"datetime": "2021-09-23 23:00:13", "elapsed": 143.705137, "delta": 1.225963}}
{"target": 0.926184788125533, "params": {"C": 965.664348409189, "epsilon": 0.27707788740254713, "gamma": 0.0410000980661637, "lamda": 0.009894779240775052}, "datetime": {"datetime": "2021-09-23 23:00:14", "elapsed": 144.93214, "delta": 1.227003}}
{"target": 0.9182564341423991, "params": {"C": 853.0605091583261, "epsilon": 0.07585733433032274, "gamma": 0.0665500873716224, "lamda": 0.23301237547165654}, "datetime": {"datetime": "2021-09-23 23:00:15", "elapsed": 145.978857, "delta": 1.046717}}
{"target": 0.9272102884899862, "params": {"C": 884.5423738127704, "epsilon": 0.046321885900469054, "gamma": 0.047703534772792704, "lamda": 0.20214318567700876}, "datetime": {"datetime": "2021-09-23 23:00:17", "elapsed": 147.133889, "delta": 1.155032}}
{"target": 0.9042425726673198, "params": {"C": 888.7771278859304, "epsilon": 0.10779638748941558, "gamma": 0.0691834446578232, "lamda": 0.03751760977264476}, "datetime": {"datetime": "2021-09-23 23:00:17", "elapsed": 147.9855, "delta": 0.851611}}
{"target": 0.920718677564869, "params": {"C": 965.6949329765037, "epsilon": 0.3316098234569862, "gamma": 0.05942583528483898, "lamda": 0.07754273780579228}, "datetime": {"datetime": "2021-09-23 23:00:19", "elapsed": 149.162396, "delta": 1.176896}}
{"target": 0.9036955699209536, "params": {"C": 864.2029724463287, "epsilon": 0.3899045713864021, "gamma": 0.0359921406348379, "lamda": 0.37422611348436186}, "datetime": {"datetime": "2021-09-23 23:00:19", "elapsed": 149.997093, "delta": 0.834697}}
{"target": 0.9205621056740505, "params": {"C": 884.4961876779595, "epsilon": 0.16887252525030214, "gamma": 0.06314601077643024, "lamda": 0.08457744257889037}, "datetime": {"datetime": "2021-09-23 23:00:20", "elapsed": 151.042715, "delta": 1.045622}}
{"target": 0.9025556130392196, "params": {"C": 869.201312299235, "epsilon": 0.1689221104619052, "gamma": 0.017007184343163298, "lamda": 0.23331095071931504}, "datetime": {"datetime": "2021-09-23 23:00:21", "elapsed": 152.016713, "delta": 0.973998}}
{"target": 0.9160790303467461, "params": {"C": 965.73608713352, "epsilon": 0.2196081663758292, "gamma": 0.019298454057640836, "lamda": 0.04470151926559601}, "datetime": {"datetime": "2021-09-23 23:00:23", "elapsed": 153.234578, "delta": 1.217865}}
{"target": 0.8900912214249547, "params": {"C": 852.9828665224529, "epsilon": 0.043856187454672825, "gamma": 0.06722054786231851, "lamda": 0.006707760866903483}, "datetime": {"datetime": "2021-09-23 23:00:24", "elapsed": 154.450307, "delta": 1.215729}}
{"target": 0.9291057198518118, "params": {"C": 853.1065253575882, "epsilon": 0.10271804476827598, "gamma": 0.0365337951889778, "lamda": 0.08782861378849668}, "datetime": {"datetime": "2021-09-23 23:00:25", "elapsed": 155.600143, "delta": 1.149836}}
{"target": 0.8945288034204966, "params": {"C": 950.2203346548815, "epsilon": 0.18233611942700628, "gamma": 0.01, "lamda": 0.08601395961639266}, "datetime": {"datetime": "2021-09-23 23:00:26", "elapsed": 157.046342, "delta": 1.446199}}
{"target": 0.9195334510810059, "params": {"C": 911.0615646517067, "epsilon": 0.23638517424075714, "gamma": 0.03672152622122646, "lamda": 0.0034633484645194366}, "datetime": {"datetime": "2021-09-23 23:00:28", "elapsed": 158.615945, "delta": 1.569603}}
{"target": 0.9127789598990402, "params": {"C": 951.8660101256316, "epsilon": 0.23719352630289625, "gamma": 0.050721266050142856, "lamda": 0.35249065111661143}, "datetime": {"datetime": "2021-09-23 23:00:29", "elapsed": 159.483069, "delta": 0.867124}}
{"target": 0.8997270814961212, "params": {"C": 947.514932865578, "epsilon": 0.4532827704472492, "gamma": 0.022770628390317182, "lamda": 0.21483746020791367}, "datetime": {"datetime": "2021-09-23 23:00:30", "elapsed": 160.390034, "delta": 0.906965}}
{"target": 0.9058593119783914, "params": {"C": 941.2902069349832, "epsilon": 0.36708362343904744, "gamma": 0.05168583522898372, "lamda": 0.38711855849264687}, "datetime": {"datetime": "2021-09-23 23:00:31", "elapsed": 161.294631, "delta": 0.904597}}
{"target": 0.8836408419237841, "params": {"C": 977.0915192438531, "epsilon": 0.8586228929876127, "gamma": 0.02517909588461329, "lamda": 0.3140453097601589}, "datetime": {"datetime": "2021-09-23 23:00:32", "elapsed": 162.343262, "delta": 1.048631}}
{"target": 0.9200017846345271, "params": {"C": 853.0931468327716, "epsilon": 0.032189794420541436, "gamma": 0.023282204816798418, "lamda": 0.27310296787773836}, "datetime": {"datetime": "2021-09-23 23:00:33", "elapsed": 163.513903, "delta": 1.170641}}
{"target": 0.9280841729019061, "params": {"C": 853.0781200785676, "epsilon": 0.10062217644872584, "gamma": 0.039317047154570836, "lamda": 0.12857698367857862}, "datetime": {"datetime": "2021-09-23 23:00:34", "elapsed": 164.885534, "delta": 1.371631}}
{"target": 0.9182471039358768, "params": {"C": 871.1392855130393, "epsilon": 0.5888045107378427, "gamma": 0.06504740881825616, "lamda": 0.0482610410932755}, "datetime": {"datetime": "2021-09-23 23:00:35", "elapsed": 165.947626, "delta": 1.062092}}
{"target": 0.9039476355928263, "params": {"C": 984.7957936728963, "epsilon": 0.6185763598343774, "gamma": 0.02061217621091978, "lamda": 0.09350671556013719}, "datetime": {"datetime": "2021-09-23 23:00:36", "elapsed": 167.06717, "delta": 1.119544}}
{"target": 0.9223387027839199, "params": {"C": 852.9748110731364, "epsilon": 0.060294811687498784, "gamma": 0.05875317895087946, "lamda": 0.1971733313010317}, "datetime": {"datetime": "2021-09-23 23:00:37", "elapsed": 167.993873, "delta": 0.926703}}
{"target": 0.9100498214158993, "params": {"C": 965.615253233988, "epsilon": 0.25317615643592667, "gamma": 0.01873049160231373, "lamda": 0.10101258644662292}, "datetime": {"datetime": "2021-09-23 23:00:39", "elapsed": 169.156322, "delta": 1.162449}}
{"target": 0.9272430398063821, "params": {"C": 853.1075297295848, "epsilon": 0.03431162228178186, "gamma": 0.03695310815470933, "lamda": 0.345494228195509}, "datetime": {"datetime": "2021-09-23 23:00:40", "elapsed": 170.439908, "delta": 1.283586}}
{"target": 0.9190003868195424, "params": {"C": 939.4946892710252, "epsilon": 0.5927143104154862, "gamma": 0.02128563102919177, "lamda": 0.014247739465225846}, "datetime": {"datetime": "2021-09-23 23:00:41", "elapsed": 171.704536, "delta": 1.264628}}
{"target": 0.9291151698311118, "params": {"C": 853.0994976898843, "epsilon": 0.04194431780128852, "gamma": 0.0375972051697099, "lamda": 0.12015303058259424}, "datetime": {"datetime": "2021-09-23 23:00:42", "elapsed": 173.070096, "delta": 1.36556}}
{"target": 0.9109729896764359, "params": {"C": 911.1524798610728, "epsilon": 0.22280377852108427, "gamma": 0.018368993165834777, "lamda": 0.09880243554914192}, "datetime": {"datetime": "2021-09-23 23:00:44", "elapsed": 174.520428, "delta": 1.450332}}
{"target": 0.8884750249250596, "params": {"C": 884.2688891027385, "epsilon": 0.7698049723452728, "gamma": 0.03538959043808588, "lamda": 0.3897190800849119}, "datetime": {"datetime": "2021-09-23 23:00:45", "elapsed": 175.507032, "delta": 0.986604}}
{"target": 0.9117349449949506, "params": {"C": 884.585006083504, "epsilon": 0.060705049546147735, "gamma": 0.01685796941975415, "lamda": 0.11063469740647865}, "datetime": {"datetime": "2021-09-23 23:00:46", "elapsed": 176.672032, "delta": 1.165}}
{"target": 0.911469828221119, "params": {"C": 853.1004343136049, "epsilon": 0.09639294068865766, "gamma": 0.022436774994552405, "lamda": 0.33174319853357154}, "datetime": {"datetime": "2021-09-23 23:00:48", "elapsed": 178.181596, "delta": 1.509564}}
{"target": 0.9196954711691891, "params": {"C": 853.0193233622648, "epsilon": 0.15243397004834539, "gamma": 0.0638059339431708, "lamda": 0.13372584560191558}, "datetime": {"datetime": "2021-09-23 23:00:49", "elapsed": 180.012467, "delta": 1.830871}}
{"target": 0.9157850630203509, "params": {"C": 950.261849978629, "epsilon": 0.20115353654696388, "gamma": 0.0509907592065257, "lamda": 0.009490901194637233}, "datetime": {"datetime": "2021-09-23 23:00:51", "elapsed": 181.259964, "delta": 1.247497}}
{"target": 0.8938433603214351, "params": {"C": 917.8475788428057, "epsilon": 0.8845577604014204, "gamma": 0.06726095454254982, "lamda": 0.2664105709497139}, "datetime": {"datetime": "2021-09-23 23:00:52", "elapsed": 182.365594, "delta": 1.10563}}
{"target": 0.9164028750701523, "params": {"C": 950.3058732614921, "epsilon": 0.16065730816609142, "gamma": 0.07, "lamda": 0.0720862568990249}, "datetime": {"datetime": "2021-09-23 23:00:53", "elapsed": 183.822262, "delta": 1.456668}}
{"target": 0.912009253575826, "params": {"C": 988.539843578381, "epsilon": 0.35334958591303156, "gamma": 0.03294353803791373, "lamda": 0.2105446967346407}, "datetime": {"datetime": "2021-09-23 23:00:54", "elapsed": 184.846129, "delta": 1.023867}}
{"target": 0.9234222454119362, "params": {"C": 942.4728228087783, "epsilon": 0.905792366489505, "gamma": 0.026419496068691997, "lamda": 0.0028421042458847186}, "datetime": {"datetime": "2021-09-23 23:00:55", "elapsed": 185.866297, "delta": 1.020168}}
{"target": 0.901216758228393, "params": {"C": 943.2675369400943, "epsilon": 0.7779513838105001, "gamma": 0.03301129464586619, "lamda": 0.20481887528168644}, "datetime": {"datetime": "2021-09-23 23:00:56", "elapsed": 186.933899, "delta": 1.067602}}
{"target": 0.9184149363733207, "params": {"C": 853.229713863668, "epsilon": 0.03647044171860659, "gamma": 0.06466534519071883, "lamda": 0.27832208052108875}, "datetime": {"datetime": "2021-09-23 23:00:58", "elapsed": 188.68989, "delta": 1.755991}}
{"target": 0.9238664874111489, "params": {"C": 898.505699732887, "epsilon": 0.15604013606188918, "gamma": 0.028239496966688267, "lamda": 0.10349314056274374}, "datetime": {"datetime": "2021-09-23 23:00:59", "elapsed": 189.767229, "delta": 1.077339}}
{"target": 0.9256808516485316, "params": {"C": 884.6527052833867, "epsilon": 0.0625203893612921, "gamma": 0.032754043998819045, "lamda": 0.24418769225148415}, "datetime": {"datetime": "2021-09-23 23:01:00", "elapsed": 191.040948, "delta": 1.273719}}
{"target": 0.9039625174445622, "params": {"C": 856.0416965533111, "epsilon": 0.4190905416428289, "gamma": 0.05871390362403772, "lamda": 0.0016174649863496707}, "datetime": {"datetime": "2021-09-23 23:01:02", "elapsed": 192.670299, "delta": 1.629351}}
{"target": 0.9199460729120822, "params": {"C": 898.575141515015, "epsilon": 0.17238854052799216, "gamma": 0.02341914004343876, "lamda": 0.08632278275121613}, "datetime": {"datetime": "2021-09-23 23:01:03", "elapsed": 194.071788, "delta": 1.401489}}
{"target": 0.9169927748951096, "params": {"C": 884.6545278204363, "epsilon": 0.11274446922611141, "gamma": 0.06613053491510677, "lamda": 0.24535447521474127}, "datetime": {"datetime": "2021-09-23 23:01:05", "elapsed": 195.695829, "delta": 1.624041}}
{"target": 0.9023792702842832, "params": {"C": 853.571989431947, "epsilon": 0.15560276932559747, "gamma": 0.012911735681138195, "lamda": 0.07496423596887887}, "datetime": {"datetime": "2021-09-23 23:01:06", "elapsed": 197.028825, "delta": 1.332996}}
{"target": 0.9166430713351659, "params": {"C": 855.9273484117552, "epsilon": 0.34084999739386607, "gamma": 0.06973098307768524, "lamda": 0.0364617034625289}, "datetime": {"datetime": "2021-09-23 23:01:08", "elapsed": 198.77983, "delta": 1.751005}}
{"target": 0.9007092400755671, "params": {"C": 908.7446474453043, "epsilon": 0.8689558899552464, "gamma": 0.03991076940820488, "lamda": 0.21928658974679768}, "datetime": {"datetime": "2021-09-23 23:01:09", "elapsed": 199.820831, "delta": 1.041001}}
