{"target": -1.9605836837741801, "params": {"C": 478.67653868019477, "epsilon": 0.05880398042705429, "gamma": 0.047705939259448216, "lamda": 0.11384421863085822}, "datetime": {"datetime": "2021-09-23 14:55:13", "elapsed": 335.679484, "delta": 2.183151}}
{"target": -2.0808651771644615, "params": {"C": 472.2204322658106, "epsilon": 0.5942948581122904, "gamma": 0.043092332152312146, "lamda": 0.1475525834530183}, "datetime": {"datetime": "2021-09-23 14:55:14", "elapsed": 337.25344, "delta": 1.573956}}
{"target": -2.0272497294011713, "params": {"C": 451.9232681400176, "epsilon": 0.7553264606174205, "gamma": 0.03937573572465433, "lamda": 0.05614844128500637}, "datetime": {"datetime": "2021-09-23 14:55:16", "elapsed": 338.793012, "delta": 1.539572}}
{"target": -1.925780218458988, "params": {"C": 406.98365119100646, "epsilon": 0.7312035029689685, "gamma": 0.036385651432147274, "lamda": 0.01887495887992282}, "datetime": {"datetime": "2021-09-23 14:55:17", "elapsed": 340.199744, "delta": 1.406732}}
{"target": -2.0304702310148524, "params": {"C": 445.28761157794384, "epsilon": 0.04651448530409137, "gamma": 0.04860986516720582, "lamda": 0.0632665987445969}, "datetime": {"datetime": "2021-09-23 14:55:19", "elapsed": 341.637821, "delta": 1.438077}}
{"target": -2.079957359608144, "params": {"C": 553.4581487137416, "epsilon": 0.7045377275881589, "gamma": 0.043821730614048815, "lamda": 0.12360821784188644}, "datetime": {"datetime": "2021-09-23 14:55:20", "elapsed": 343.037347, "delta": 1.399526}}
{"target": -2.057285790357303, "params": {"C": 407.0134037187035, "epsilon": 0.684992884299201, "gamma": 0.049282885328519044, "lamda": 0.10310587356692}, "datetime": {"datetime": "2021-09-23 14:55:23", "elapsed": 345.71927, "delta": 2.681923}}
{"target": -2.0501536553861626, "params": {"C": 517.5685733432026, "epsilon": 0.44824589804183457, "gamma": 0.030565961519458406, "lamda": 0.09263681113007304}, "datetime": {"datetime": "2021-09-23 14:55:25", "elapsed": 348.063082, "delta": 2.343812}}
{"target": -2.083466975336657, "params": {"C": 471.8127667183798, "epsilon": 0.7167776871920929, "gamma": 0.04482105209584264, "lamda": 0.1255249018173193}, "datetime": {"datetime": "2021-09-23 14:55:27", "elapsed": 349.503682, "delta": 1.4406}}
{"target": -1.9371920669724836, "params": {"C": 471.9108017632169, "epsilon": 0.04447531968681178, "gamma": 0.03, "lamda": 0.1512449415971364}, "datetime": {"datetime": "2021-09-23 14:55:30", "elapsed": 352.86023, "delta": 3.356548}}
{"target": -1.94636161778292, "params": {"C": 517.6443663701355, "epsilon": 0.6041037776540269, "gamma": 0.04485668885817034, "lamda": 0.015}, "datetime": {"datetime": "2021-09-23 14:55:32", "elapsed": 355.090999, "delta": 2.230769}}
{"target": -1.9628124529841648, "params": {"C": 478.638456796587, "epsilon": 0.0923970444691683, "gamma": 0.04299658456497283, "lamda": 0.18388535709047027}, "datetime": {"datetime": "2021-09-23 14:55:34", "elapsed": 357.105952, "delta": 2.014953}}
{"target": -2.0857258027645056, "params": {"C": 466.36274219627165, "epsilon": 0.6811467777496023, "gamma": 0.037363351847652326, "lamda": 0.12073963917368699}, "datetime": {"datetime": "2021-09-23 14:55:36", "elapsed": 358.572469, "delta": 1.466517}}
{"target": -1.9469852712858582, "params": {"C": 406.9672511421395, "epsilon": 0.7972193876408136, "gamma": 0.03785308967092568, "lamda": 0.022995264781983233}, "datetime": {"datetime": "2021-09-23 14:55:38", "elapsed": 360.962682, "delta": 2.390213}}
{"target": -1.9298509721795742, "params": {"C": 464.7154664144734, "epsilon": 0.13159129195316405, "gamma": 0.043987122388004944, "lamda": 0.07483733087808958}, "datetime": {"datetime": "2021-09-23 14:55:41", "elapsed": 363.683786, "delta": 2.721104}}
{"target": -1.9718949271076014, "params": {"C": 464.52753285312417, "epsilon": 0.1776167842805196, "gamma": 0.035305585823471125, "lamda": 0.1321790030312523}, "datetime": {"datetime": "2021-09-23 14:55:43", "elapsed": 365.638275, "delta": 1.954489}}
{"target": -2.0044143931086733, "params": {"C": 598.2322077362243, "epsilon": 0.3833802020577797, "gamma": 0.04340076636163713, "lamda": 0.08888948014702368}, "datetime": {"datetime": "2021-09-23 14:55:44", "elapsed": 367.162614, "delta": 1.524339}}
{"target": -2.055010053264292, "params": {"C": 517.5784482115382, "epsilon": 0.605797609573988, "gamma": 0.03307480745741337, "lamda": 0.08298889560851093}, "datetime": {"datetime": "2021-09-23 14:55:47", "elapsed": 369.701315, "delta": 2.538701}}
{"target": -2.0502949603159535, "params": {"C": 416.39806552140215, "epsilon": 0.3218487565761484, "gamma": 0.04331335698133007, "lamda": 0.1975538061700018}, "datetime": {"datetime": "2021-09-23 14:55:49", "elapsed": 371.339054, "delta": 1.637739}}
{"target": -1.9590393659876064, "params": {"C": 464.4738310692352, "epsilon": 0.11781836683518356, "gamma": 0.03762516641093138, "lamda": 0.03280429430995449}, "datetime": {"datetime": "2021-09-23 14:55:51", "elapsed": 373.793072, "delta": 2.454018}}
{"target": -2.0216732931063435, "params": {"C": 464.36799110328656, "epsilon": 0.036265792613559805, "gamma": 0.04463179619935727, "lamda": 0.07453079105416532}, "datetime": {"datetime": "2021-09-23 14:55:54", "elapsed": 376.901613, "delta": 3.108541}}
{"target": -1.984876728387951, "params": {"C": 473.76437066676186, "epsilon": 0.5090560217253094, "gamma": 0.04818391338360199, "lamda": 0.04651761378037342}, "datetime": {"datetime": "2021-09-23 14:55:56", "elapsed": 378.347831, "delta": 1.446218}}
{"target": -1.994378623139006, "params": {"C": 469.50358327142527, "epsilon": 0.11379182832508897, "gamma": 0.03, "lamda": 0.2}, "datetime": {"datetime": "2021-09-23 14:55:58", "elapsed": 380.663687, "delta": 2.315856}}
{"target": -1.9931900952468056, "params": {"C": 422.1624765458774, "epsilon": 0.20561389950837616, "gamma": 0.04421900285013822, "lamda": 0.14189385753933775}, "datetime": {"datetime": "2021-09-23 14:56:01", "elapsed": 383.287624, "delta": 2.623937}}
{"target": -2.0918903148339267, "params": {"C": 465.1147518474756, "epsilon": 0.6824811272797735, "gamma": 0.0306490700336873, "lamda": 0.09705215318650869}, "datetime": {"datetime": "2021-09-23 14:56:02", "elapsed": 384.832147, "delta": 1.544523}}
{"target": -1.91875446928354, "params": {"C": 403.9909989110281, "epsilon": 0.1845257593641234, "gamma": 0.04287792259487531, "lamda": 0.05306727648525313}, "datetime": {"datetime": "2021-09-23 14:56:04", "elapsed": 387.121011, "delta": 2.288864}}
{"target": -2.0479026310482724, "params": {"C": 418.64637794485407, "epsilon": 0.29894695646349556, "gamma": 0.032260556292819, "lamda": 0.14910224554868706}, "datetime": {"datetime": "2021-09-23 14:56:06", "elapsed": 388.597205, "delta": 1.476194}}
{"target": -1.9657820797583963, "params": {"C": 434.20702565018735, "epsilon": 0.0993970166711079, "gamma": 0.03042693791805011, "lamda": 0.17579124930409207}, "datetime": {"datetime": "2021-09-23 14:56:09", "elapsed": 391.806882, "delta": 3.209677}}
{"target": -1.963275551437368, "params": {"C": 478.5668260930113, "epsilon": 0.11897803522603932, "gamma": 0.03369900110765147, "lamda": 0.1647708696006825}, "datetime": {"datetime": "2021-09-23 14:56:11", "elapsed": 393.96985, "delta": 2.162968}}
{"target": -1.9232871839809575, "params": {"C": 422.3300868114551, "epsilon": 0.0837269453170951, "gamma": 0.0424636203564502, "lamda": 0.1324787606217323}, "datetime": {"datetime": "2021-09-23 14:56:14", "elapsed": 396.766004, "delta": 2.796154}}
{"target": -1.9441316518348604, "params": {"C": 422.42530737699946, "epsilon": 0.13994694897720855, "gamma": 0.03481180261806324, "lamda": 0.121624147941413}, "datetime": {"datetime": "2021-09-23 14:56:17", "elapsed": 399.501217, "delta": 2.735213}}
{"target": -1.9592490930872344, "params": {"C": 454.6954564393084, "epsilon": 0.6885399076657311, "gamma": 0.03359528626632971, "lamda": 0.030623836577964948}, "datetime": {"datetime": "2021-09-23 14:56:18", "elapsed": 401.034008, "delta": 1.532791}}
{"target": -2.0627982870971295, "params": {"C": 599.4851078938865, "epsilon": 0.7072088398194447, "gamma": 0.04112384494562209, "lamda": 0.10246472684317316}, "datetime": {"datetime": "2021-09-23 14:56:20", "elapsed": 402.701453, "delta": 1.667445}}
{"target": -1.9139201107449122, "params": {"C": 464.814424919724, "epsilon": 0.17749833756665936, "gamma": 0.039557195313493845, "lamda": 0.047167080690602325}, "datetime": {"datetime": "2021-09-23 14:56:23", "elapsed": 405.820817, "delta": 3.119364}}
{"target": -1.9836701235558356, "params": {"C": 422.34671667599855, "epsilon": 0.1810663563640143, "gamma": 0.04913296590565377, "lamda": 0.13425381509540196}, "datetime": {"datetime": "2021-09-23 14:56:26", "elapsed": 408.732527, "delta": 2.91171}}
{"target": -1.9622666080701232, "params": {"C": 480.70961379060225, "epsilon": 0.04829385045551945, "gamma": 0.03369210538890731, "lamda": 0.06380016305572378}, "datetime": {"datetime": "2021-09-23 14:56:29", "elapsed": 412.028245, "delta": 3.295718}}
{"target": -1.931798489946095, "params": {"C": 469.5003656180982, "epsilon": 0.13133334587851503, "gamma": 0.034038472912865665, "lamda": 0.041655802413477716}, "datetime": {"datetime": "2021-09-23 14:56:32", "elapsed": 414.532461, "delta": 2.504216}}
{"target": -2.060471216888801, "params": {"C": 536.5155352352713, "epsilon": 0.6280864273229202, "gamma": 0.04497971035006334, "lamda": 0.11963479480926133}, "datetime": {"datetime": "2021-09-23 14:56:33", "elapsed": 416.12604, "delta": 1.593579}}
{"target": -1.9934812016248404, "params": {"C": 587.0987875742577, "epsilon": 0.14491391432622136, "gamma": 0.030385797340658962, "lamda": 0.15350231425740146}, "datetime": {"datetime": "2021-09-23 14:56:35", "elapsed": 417.724123, "delta": 1.598083}}
{"target": -2.08517143374077, "params": {"C": 413.1617254240436, "epsilon": 0.5226003411439065, "gamma": 0.03542911650423539, "lamda": 0.14598312848105527}, "datetime": {"datetime": "2021-09-23 14:56:37", "elapsed": 419.429844, "delta": 1.705721}}
{"target": -1.995027772961687, "params": {"C": 400.328896626791, "epsilon": 0.08262335406057117, "gamma": 0.04627096621649929, "lamda": 0.051222555118763176}, "datetime": {"datetime": "2021-09-23 14:56:40", "elapsed": 423.255801, "delta": 3.825957}}
{"target": -2.043352897577418, "params": {"C": 446.6872166050847, "epsilon": 0.31954406180211636, "gamma": 0.038033507370746907, "lamda": 0.16056208369789576}, "datetime": {"datetime": "2021-09-23 14:56:43", "elapsed": 425.592338, "delta": 2.336537}}
{"target": -2.041361608851999, "params": {"C": 496.83146903748724, "epsilon": 0.6762172523142868, "gamma": 0.044913113817006224, "lamda": 0.08537896714885075}, "datetime": {"datetime": "2021-09-23 14:56:44", "elapsed": 427.234604, "delta": 1.642266}}
{"target": -1.963683561253577, "params": {"C": 468.9645691724766, "epsilon": 0.20152526747994864, "gamma": 0.03, "lamda": 0.015}, "datetime": {"datetime": "2021-09-23 14:56:47", "elapsed": 429.990006, "delta": 2.755402}}
{"target": -2.033479936108651, "params": {"C": 442.23389488423595, "epsilon": 0.5304065482844067, "gamma": 0.0397524165966462, "lamda": 0.089882680374004}, "datetime": {"datetime": "2021-09-23 14:56:49", "elapsed": 431.57968, "delta": 1.589674}}
{"target": -1.9370235003350613, "params": {"C": 427.02344185340854, "epsilon": 0.22959219163023536, "gamma": 0.03538762785820991, "lamda": 0.020128079976303177}, "datetime": {"datetime": "2021-09-23 14:56:51", "elapsed": 433.345544, "delta": 1.765864}}
{"target": -1.945532810435589, "params": {"C": 422.4552785715801, "epsilon": 0.05337430824002712, "gamma": 0.03146277751017299, "lamda": 0.07640802905440858}, "datetime": {"datetime": "2021-09-23 14:56:53", "elapsed": 435.768661, "delta": 2.423117}}
{"target": -2.02466589169415, "params": {"C": 457.1370327897985, "epsilon": 0.4696558836515674, "gamma": 0.04337194920789356, "lamda": 0.09775718193111901}, "datetime": {"datetime": "2021-09-23 14:56:55", "elapsed": 437.344169, "delta": 1.575508}}
{"target": -1.9128650431349592, "params": {"C": 422.3930397801309, "epsilon": 0.045870423425609326, "gamma": 0.03875120064946534, "lamda": 0.17856200215955298}, "datetime": {"datetime": "2021-09-23 14:56:57", "elapsed": 440.056232, "delta": 2.712063}}
{"target": -1.9301876971356238, "params": {"C": 422.50979775955926, "epsilon": 0.06756236895811797, "gamma": 0.04250200592906448, "lamda": 0.17267649102784755}, "datetime": {"datetime": "2021-09-23 14:57:01", "elapsed": 443.801328, "delta": 3.745096}}
{"target": -2.050812625300321, "params": {"C": 596.0769724440698, "epsilon": 0.3821842861003767, "gamma": 0.0375179848740482, "lamda": 0.14701204508427718}, "datetime": {"datetime": "2021-09-23 14:57:03", "elapsed": 445.369142, "delta": 1.567814}}
{"target": -2.0147562584958396, "params": {"C": 461.95302318174305, "epsilon": 0.4741633404862532, "gamma": 0.034454748979504894, "lamda": 0.07099212024905427}, "datetime": {"datetime": "2021-09-23 14:57:04", "elapsed": 447.104794, "delta": 1.735652}}
{"target": -1.9220144545028903, "params": {"C": 422.32300753350836, "epsilon": 0.04417299046072033, "gamma": 0.03470651140104403, "lamda": 0.17221626486406022}, "datetime": {"datetime": "2021-09-23 14:57:08", "elapsed": 450.966946, "delta": 3.862152}}
{"target": -1.9506426777492107, "params": {"C": 420.5978299354674, "epsilon": 0.06885426535975597, "gamma": 0.04030757297918282, "lamda": 0.07936512166652686}, "datetime": {"datetime": "2021-09-23 14:57:10", "elapsed": 452.514845, "delta": 1.547899}}
{"target": -2.007647165066379, "params": {"C": 536.5352303559218, "epsilon": 0.4066227241231777, "gamma": 0.032143855185440315, "lamda": 0.06987629299961728}, "datetime": {"datetime": "2021-09-23 14:57:11", "elapsed": 454.2328, "delta": 1.717955}}
{"target": -2.042148485008982, "params": {"C": 487.44962758140167, "epsilon": 0.7515401545907144, "gamma": 0.042266813030926324, "lamda": 0.07316423637922545}, "datetime": {"datetime": "2021-09-23 14:57:13", "elapsed": 455.883066, "delta": 1.650266}}
{"target": -1.9773284292244846, "params": {"C": 426.9952934329989, "epsilon": 0.11718419169996028, "gamma": 0.03880447411577647, "lamda": 0.02508487619001228}, "datetime": {"datetime": "2021-09-23 14:57:16", "elapsed": 459.216878, "delta": 3.333812}}
{"target": -1.9766910800784119, "params": {"C": 464.8567048155326, "epsilon": 0.15783159346276449, "gamma": 0.04221453182943658, "lamda": 0.144192976787818}, "datetime": {"datetime": "2021-09-23 14:57:19", "elapsed": 462.251393, "delta": 3.034515}}
{"target": -1.9767767109010481, "params": {"C": 427.10525072910895, "epsilon": 0.2581299088865793, "gamma": 0.04425233495000803, "lamda": 0.0974729486504599}, "datetime": {"datetime": "2021-09-23 14:57:22", "elapsed": 465.189395, "delta": 2.938002}}
{"target": -2.157924390304878, "params": {"C": 409.3140541701508, "epsilon": 0.6130365762849145, "gamma": 0.03240039523791303, "lamda": 0.19057187281753124}, "datetime": {"datetime": "2021-09-23 14:57:24", "elapsed": 466.768394, "delta": 1.578999}}
{"target": -1.9840898875736719, "params": {"C": 422.23666541786054, "epsilon": 0.04645636310044478, "gamma": 0.04575656159202904, "lamda": 0.10547633981452227}, "datetime": {"datetime": "2021-09-23 14:57:27", "elapsed": 469.538394, "delta": 2.77}}
{"target": -2.0267995980750704, "params": {"C": 460.30425430250716, "epsilon": 0.7796410135924886, "gamma": 0.04832894045143495, "lamda": 0.06312594807633931}, "datetime": {"datetime": "2021-09-23 14:57:28", "elapsed": 471.182395, "delta": 1.644001}}
{"target": -1.9181098688149922, "params": {"C": 422.6012758090206, "epsilon": 0.12799800590576954, "gamma": 0.03456934079438417, "lamda": 0.08961625546092149}, "datetime": {"datetime": "2021-09-23 14:57:31", "elapsed": 473.757391, "delta": 2.574996}}
{"target": -2.0079679003916318, "params": {"C": 422.5368212125952, "epsilon": 0.19171213444998803, "gamma": 0.04555913517021461, "lamda": 0.17174652190417117}, "datetime": {"datetime": "2021-09-23 14:57:33", "elapsed": 476.181396, "delta": 2.424005}}
{"target": -1.9850186870463957, "params": {"C": 422.61360275434623, "epsilon": 0.044328526258570596, "gamma": 0.03735784545938382, "lamda": 0.05606953142337314}, "datetime": {"datetime": "2021-09-23 14:57:37", "elapsed": 479.410393, "delta": 3.228997}}
{"target": -1.9371804991422568, "params": {"C": 469.15559781319917, "epsilon": 0.07976232601217922, "gamma": 0.037216213376487756, "lamda": 0.16746158169256253}, "datetime": {"datetime": "2021-09-23 14:57:38", "elapsed": 481.1544, "delta": 1.744007}}
{"target": -1.9695943701745695, "params": {"C": 422.6705397972489, "epsilon": 0.18298039004550523, "gamma": 0.031073348485953566, "lamda": 0.11775911967453867}, "datetime": {"datetime": "2021-09-23 14:57:41", "elapsed": 483.642925, "delta": 2.488525}}
{"target": -1.9498570264527846, "params": {"C": 422.55118703090545, "epsilon": 0.19997664917889077, "gamma": 0.04480030155219343, "lamda": 0.034200000917237114}, "datetime": {"datetime": "2021-09-23 14:57:43", "elapsed": 486.242925, "delta": 2.6}}
{"target": -2.050595857602741, "params": {"C": 449.0771873747664, "epsilon": 0.5704522042365404, "gamma": 0.03582048408974361, "lamda": 0.0936182804963102}, "datetime": {"datetime": "2021-09-23 14:57:45", "elapsed": 488.036278, "delta": 1.793353}}
{"target": -1.9489677726543277, "params": {"C": 422.36997781712887, "epsilon": 0.05551812264676846, "gamma": 0.03114244892845016, "lamda": 0.06961372715030906}, "datetime": {"datetime": "2021-09-23 14:57:48", "elapsed": 490.873546, "delta": 2.837268}}
{"target": -1.960133268100839, "params": {"C": 426.9368425228279, "epsilon": 0.24809145888774628, "gamma": 0.03064775016216085, "lamda": 0.0785336274940421}, "datetime": {"datetime": "2021-09-23 14:57:52", "elapsed": 494.831781, "delta": 3.958235}}
{"target": -2.023452042584446, "params": {"C": 565.310711803752, "epsilon": 0.6400285173795878, "gamma": 0.0354489806623825, "lamda": 0.05830289917864754}, "datetime": {"datetime": "2021-09-23 14:57:54", "elapsed": 496.646052, "delta": 1.814271}}
{"target": -1.9672025185708217, "params": {"C": 471.9645458434062, "epsilon": 0.2651711378802796, "gamma": 0.04916302306039211, "lamda": 0.06603351427366375}, "datetime": {"datetime": "2021-09-23 14:57:57", "elapsed": 499.468773, "delta": 2.822721}}
{"target": -2.068093045906121, "params": {"C": 455.5115797518431, "epsilon": 0.45605020644804994, "gamma": 0.033129043128466984, "lamda": 0.12936137909397138}, "datetime": {"datetime": "2021-09-23 14:57:59", "elapsed": 501.430014, "delta": 1.961241}}
{"target": -1.993903892224327, "params": {"C": 406.88437996730886, "epsilon": 0.7495202226431569, "gamma": 0.0494369288385359, "lamda": 0.03830716358742066}, "datetime": {"datetime": "2021-09-23 14:58:02", "elapsed": 504.836279, "delta": 3.406265}}
{"target": -2.0185121777495008, "params": {"C": 522.7107926313062, "epsilon": 0.5589463808273701, "gamma": 0.043431163164869835, "lamda": 0.07556914168911127}, "datetime": {"datetime": "2021-09-23 14:58:05", "elapsed": 507.557025, "delta": 2.720746}}
{"target": -1.9266232713458966, "params": {"C": 522.7183482469329, "epsilon": 0.3380147206253259, "gamma": 0.04155702459485724, "lamda": 0.0334773145354471}, "datetime": {"datetime": "2021-09-23 14:58:08", "elapsed": 510.348004, "delta": 2.790979}}
{"target": -2.079417889142255, "params": {"C": 425.26321893650356, "epsilon": 0.7321729870756547, "gamma": 0.04787645164222608, "lamda": 0.1204668007022521}, "datetime": {"datetime": "2021-09-23 14:58:09", "elapsed": 512.21712, "delta": 1.869116}}
{"target": -1.973657959462889, "params": {"C": 522.8145361276283, "epsilon": 0.39219218865153493, "gamma": 0.03521237877184239, "lamda": 0.059814812811720734}, "datetime": {"datetime": "2021-09-23 14:58:13", "elapsed": 515.544863, "delta": 3.327743}}
{"target": -1.9295403099116606, "params": {"C": 522.6330158222713, "epsilon": 0.3616482109134674, "gamma": 0.03, "lamda": 0.015}, "datetime": {"datetime": "2021-09-23 14:58:16", "elapsed": 518.26536, "delta": 2.720497}}
{"target": -1.9620581868816591, "params": {"C": 422.64461125146687, "epsilon": 0.16020094517394137, "gamma": 0.032942721809452194, "lamda": 0.02003525058909949}, "datetime": {"datetime": "2021-09-23 14:58:21", "elapsed": 523.456322, "delta": 5.190962}}
{"target": -2.0834280499516797, "params": {"C": 549.0345974027775, "epsilon": 0.6887603504560469, "gamma": 0.045700839382681414, "lamda": 0.13166229716483463}, "datetime": {"datetime": "2021-09-23 14:58:22", "elapsed": 525.241234, "delta": 1.784912}}
{"target": -1.9976188896162395, "params": {"C": 522.6577445165567, "epsilon": 0.37519431708340767, "gamma": 0.046888550064244944, "lamda": 0.07829042696151978}, "datetime": {"datetime": "2021-09-23 14:58:25", "elapsed": 528.009547, "delta": 2.768313}}
{"target": -2.0349643204837036, "params": {"C": 481.1405893712508, "epsilon": 0.2291188093031379, "gamma": 0.03073593644501283, "lamda": 0.1474106056411153}, "datetime": {"datetime": "2021-09-23 14:58:27", "elapsed": 529.701419, "delta": 1.691872}}
{"target": -2.0037269305470615, "params": {"C": 522.7765619480433, "epsilon": 0.27502774513567796, "gamma": 0.03148311814117924, "lamda": 0.09859979159466765}, "datetime": {"datetime": "2021-09-23 14:58:30", "elapsed": 532.485904, "delta": 2.784485}}
{"target": -1.929356931025536, "params": {"C": 464.5013115809677, "epsilon": 0.4201047347930925, "gamma": 0.03, "lamda": 0.015}, "datetime": {"datetime": "2021-09-23 14:58:33", "elapsed": 535.880623, "delta": 3.394719}}
{"target": -1.9705576845785766, "params": {"C": 464.4544631975125, "epsilon": 0.50858350124345, "gamma": 0.04970386692859924, "lamda": 0.01566544376991184}, "datetime": {"datetime": "2021-09-23 14:58:36", "elapsed": 539.235252, "delta": 3.354629}}
{"target": -2.032739908932772, "params": {"C": 464.47598350843145, "epsilon": 0.4014642564855764, "gamma": 0.04061384092171135, "lamda": 0.12037249568948506}, "datetime": {"datetime": "2021-09-23 14:58:39", "elapsed": 541.698251, "delta": 2.462999}}
