{"target": 0.9106503314186993, "params": {"C": 174.84841330379783, "epsilon": 0.5092740268237292, "gamma": 0.09371840443617306, "lamda": 0.08039443022520025}, "datetime": {"datetime": "2021-09-23 09:26:35", "elapsed": 16.202924, "delta": 0.416506}}
{"target": 0.9146183829824287, "params": {"C": 175.06802703788344, "epsilon": 0.27520845980094355, "gamma": 0.08352092153149544, "lamda": 0.06055450790661803}, "datetime": {"datetime": "2021-09-23 09:26:35", "elapsed": 16.705229, "delta": 0.502305}}
{"target": 0.8883673880831101, "params": {"C": 192.23361519040526, "epsilon": 0.7151348919531788, "gamma": 0.171188850722666, "lamda": 0.06063962383659118}, "datetime": {"datetime": "2021-09-23 09:26:36", "elapsed": 17.108186, "delta": 0.402957}}
{"target": 0.9108319898073052, "params": {"C": 175.1746937135453, "epsilon": 0.3030956002070318, "gamma": 0.09900774482209809, "lamda": 0.09254532120801584}, "datetime": {"datetime": "2021-09-23 09:26:36", "elapsed": 17.547906, "delta": 0.43972}}
{"target": 0.9109261953872523, "params": {"C": 174.82551765891702, "epsilon": 0.6786165870659746, "gamma": 0.08816523470163402, "lamda": 0.06585019742332275}, "datetime": {"datetime": "2021-09-23 09:26:36", "elapsed": 18.023164, "delta": 0.475258}}
{"target": 0.9097830984070153, "params": {"C": 174.6996379608042, "epsilon": 0.6298364125564287, "gamma": 0.09427841757248345, "lamda": 0.08147522500572044}, "datetime": {"datetime": "2021-09-23 09:26:37", "elapsed": 18.404581, "delta": 0.381417}}
{"target": 0.8900500350821754, "params": {"C": 174.68947051439622, "epsilon": 0.7831507040663184, "gamma": 0.16491619333873908, "lamda": 0.046083378933448285}, "datetime": {"datetime": "2021-09-23 09:26:37", "elapsed": 18.935378, "delta": 0.530797}}
{"target": 0.910150170394642, "params": {"C": 174.94510360854744, "epsilon": 0.6153466627993414, "gamma": 0.09260549659787086, "lamda": 0.08126790228949288}, "datetime": {"datetime": "2021-09-23 09:26:38", "elapsed": 19.391268, "delta": 0.45589}}
{"target": 0.8906223243006346, "params": {"C": 175.209881648149, "epsilon": 0.1174576432860092, "gamma": 0.14797895503115488, "lamda": 0.04850633798817491}, "datetime": {"datetime": "2021-09-23 09:26:38", "elapsed": 19.867191, "delta": 0.475923}}
{"target": 0.9125107949568885, "params": {"C": 175.40701748028968, "epsilon": 0.3890391280756469, "gamma": 0.09382027716528814, "lamda": 0.05134956437266296}, "datetime": {"datetime": "2021-09-23 09:26:39", "elapsed": 20.327903, "delta": 0.460712}}
{"target": 0.9075419000067143, "params": {"C": 175.54100705967724, "epsilon": 0.39071246002578514, "gamma": 0.11045339040555788, "lamda": 0.08872507458015709}, "datetime": {"datetime": "2021-09-23 09:26:39", "elapsed": 20.752819, "delta": 0.424916}}
{"target": 0.8826538298640351, "params": {"C": 175.45780132178902, "epsilon": 0.4820791068055993, "gamma": 0.1893613475555892, "lamda": 0.07078922986895256}, "datetime": {"datetime": "2021-09-23 09:26:40", "elapsed": 21.248734, "delta": 0.495915}}
{"target": 0.906924592376851, "params": {"C": 175.50250663972494, "epsilon": 0.28750105507397017, "gamma": 0.11258877830923952, "lamda": 0.05237885703126332}, "datetime": {"datetime": "2021-09-23 09:26:40", "elapsed": 21.717398, "delta": 0.468664}}
{"target": 0.8946337170403962, "params": {"C": 175.30651503813408, "epsilon": 0.30934943681288085, "gamma": 0.14655931120547067, "lamda": 0.05722606714347843}, "datetime": {"datetime": "2021-09-23 09:26:41", "elapsed": 22.255589, "delta": 0.538191}}
{"target": 0.9114768966968259, "params": {"C": 175.04871368739236, "epsilon": 0.38805835245870685, "gamma": 0.09649348683804482, "lamda": 0.06634381163711878}, "datetime": {"datetime": "2021-09-23 09:26:41", "elapsed": 22.751746, "delta": 0.496157}}
{"target": 0.8916537351684611, "params": {"C": 174.78807801765933, "epsilon": 0.6017899277075945, "gamma": 0.16066200077985665, "lamda": 0.09232936114259338}, "datetime": {"datetime": "2021-09-23 09:26:42", "elapsed": 23.235738, "delta": 0.483992}}
{"target": 0.9087292120760802, "params": {"C": 174.88587347704024, "epsilon": 0.798831738555565, "gamma": 0.09261337793737914, "lamda": 0.07982991532372843}, "datetime": {"datetime": "2021-09-23 09:26:42", "elapsed": 23.670075, "delta": 0.434337}}
{"target": 0.9074776278219328, "params": {"C": 161.64594186326414, "epsilon": 0.7321085329611898, "gamma": 0.1011530048030079, "lamda": 0.0826868962252127}, "datetime": {"datetime": "2021-09-23 09:26:43", "elapsed": 24.121635, "delta": 0.45156}}
{"target": 0.8817357086464627, "params": {"C": 175.011684855262, "epsilon": 0.7859936972966014, "gamma": 0.18919044065087082, "lamda": 0.08765852113150632}, "datetime": {"datetime": "2021-09-23 09:26:43", "elapsed": 24.566323, "delta": 0.444688}}
{"target": 0.9128545204663113, "params": {"C": 167.2515778391366, "epsilon": 0.28668408469336626, "gamma": 0.08, "lamda": 0.045}, "datetime": {"datetime": "2021-09-23 09:26:44", "elapsed": 25.099842, "delta": 0.533519}}
{"target": 0.9101166023891564, "params": {"C": 167.12579680347866, "epsilon": 0.3783065478512858, "gamma": 0.09952157917702625, "lamda": 0.08790487397690733}, "datetime": {"datetime": "2021-09-23 09:26:44", "elapsed": 25.526591, "delta": 0.426749}}
{"target": 0.9061350773154127, "params": {"C": 188.4606923447826, "epsilon": 0.1886021907944591, "gamma": 0.1148924680333937, "lamda": 0.08424148514636731}, "datetime": {"datetime": "2021-09-23 09:26:44", "elapsed": 26.017523, "delta": 0.490932}}
{"target": 0.8851443097019089, "params": {"C": 188.17888255633204, "epsilon": 0.39856526165355405, "gamma": 0.1773048366439641, "lamda": 0.05776345995069239}, "datetime": {"datetime": "2021-09-23 09:26:45", "elapsed": 26.482926, "delta": 0.465403}}
{"target": 0.8808316014658755, "params": {"C": 192.29393035559912, "epsilon": 0.23373402703511997, "gamma": 0.19118375556171224, "lamda": 0.0946381699958975}, "datetime": {"datetime": "2021-09-23 09:26:45", "elapsed": 26.932065, "delta": 0.449139}}
{"target": 0.8835944637958166, "params": {"C": 167.23792195636761, "epsilon": 0.3437508286968553, "gamma": 0.1822267235864915, "lamda": 0.0660794612946671}, "datetime": {"datetime": "2021-09-23 09:26:46", "elapsed": 27.395875, "delta": 0.46381}}
{"target": 0.9081590680802523, "params": {"C": 174.943334542324, "epsilon": 0.4724693588922228, "gamma": 0.10552143798873169, "lamda": 0.09640338661414959}, "datetime": {"datetime": "2021-09-23 09:26:46", "elapsed": 27.863317, "delta": 0.467442}}
{"target": 0.9105291039803382, "params": {"C": 164.27604175351817, "epsilon": 0.5433710366636653, "gamma": 0.08881010277666576, "lamda": 0.08637652969034323}, "datetime": {"datetime": "2021-09-23 09:26:47", "elapsed": 28.412071, "delta": 0.548754}}
{"target": 0.9120938831198284, "params": {"C": 167.12238369302779, "epsilon": 0.25555843672782846, "gamma": 0.08, "lamda": 0.045}, "datetime": {"datetime": "2021-09-23 09:26:48", "elapsed": 29.147405, "delta": 0.735334}}
{"target": 0.9087927241839141, "params": {"C": 167.0027773586159, "epsilon": 0.3528101809986239, "gamma": 0.10814673653618785, "lamda": 0.05753300917837356}, "datetime": {"datetime": "2021-09-23 09:26:48", "elapsed": 29.602104, "delta": 0.454699}}
{"target": 0.9148838850094299, "params": {"C": 174.60068418071148, "epsilon": 0.16507927004771025, "gamma": 0.08, "lamda": 0.1}, "datetime": {"datetime": "2021-09-23 09:26:49", "elapsed": 30.149148, "delta": 0.547044}}
{"target": 0.910206233327193, "params": {"C": 166.96658524061775, "epsilon": 0.20467478263711317, "gamma": 0.10021790236226753, "lamda": 0.04923848227927936}, "datetime": {"datetime": "2021-09-23 09:26:49", "elapsed": 30.680004, "delta": 0.530856}}
{"target": 0.9022825928455709, "params": {"C": 169.59752652066183, "epsilon": 0.009253851895886064, "gamma": 0.08544782815395131, "lamda": 0.0789654835374203}, "datetime": {"datetime": "2021-09-23 09:26:50", "elapsed": 31.277663, "delta": 0.597659}}
{"target": 0.9126883700694995, "params": {"C": 174.5207040725502, "epsilon": 0.10928865930948332, "gamma": 0.08, "lamda": 0.1}, "datetime": {"datetime": "2021-09-23 09:26:50", "elapsed": 31.855669, "delta": 0.578006}}
{"target": 0.9081883583232917, "params": {"C": 168.18887092733888, "epsilon": 0.7156549843862755, "gamma": 0.09309573071109083, "lamda": 0.09539396965789143}, "datetime": {"datetime": "2021-09-23 09:26:51", "elapsed": 32.33762, "delta": 0.481951}}
{"target": 0.8784941986407014, "params": {"C": 166.85292161051214, "epsilon": 0.2432646856085692, "gamma": 0.1978475541076432, "lamda": 0.08341969001077054}, "datetime": {"datetime": "2021-09-23 09:26:51", "elapsed": 32.824653, "delta": 0.487033}}
{"target": 0.9113181648975034, "params": {"C": 167.0078374929185, "epsilon": 0.5415232791297232, "gamma": 0.09389556513763392, "lamda": 0.05845960042916747}, "datetime": {"datetime": "2021-09-23 09:26:52", "elapsed": 33.386416, "delta": 0.561763}}
{"target": 0.9107260667865948, "params": {"C": 196.34891507519325, "epsilon": 0.9522555742455784, "gamma": 0.09037665678046064, "lamda": 0.05058251583302829}, "datetime": {"datetime": "2021-09-23 09:26:52", "elapsed": 33.896135, "delta": 0.509719}}
{"target": 0.9054419052145223, "params": {"C": 171.56432666230887, "epsilon": 0.42993448521450595, "gamma": 0.11755121460452694, "lamda": 0.08533855787577423}, "datetime": {"datetime": "2021-09-23 09:26:53", "elapsed": 34.381598, "delta": 0.485463}}
{"target": 0.9113773120499733, "params": {"C": 151.55686013607038, "epsilon": 0.5810209895669107, "gamma": 0.09073155415694453, "lamda": 0.05688436187204021}, "datetime": {"datetime": "2021-09-23 09:26:53", "elapsed": 34.883061, "delta": 0.501463}}
{"target": 0.8979341779740231, "params": {"C": 151.62758656309012, "epsilon": 0.46236832592989957, "gamma": 0.1392761472227086, "lamda": 0.051526221886960516}, "datetime": {"datetime": "2021-09-23 09:26:54", "elapsed": 35.507032, "delta": 0.623971}}
{"target": 0.910945486815368, "params": {"C": 151.46099214838836, "epsilon": 0.7028630201097509, "gamma": 0.08935812754276358, "lamda": 0.05341015304021436}, "datetime": {"datetime": "2021-09-23 09:26:55", "elapsed": 36.091996, "delta": 0.584964}}
{"target": 0.9094907325880136, "params": {"C": 151.42910103836124, "epsilon": 0.57829259677867, "gamma": 0.08, "lamda": 0.1}, "datetime": {"datetime": "2021-09-23 09:26:55", "elapsed": 36.642671, "delta": 0.550675}}
{"target": 0.9074596288440935, "params": {"C": 174.85504735288572, "epsilon": 0.04825908683297813, "gamma": 0.08190818568373426, "lamda": 0.0950710157187657}, "datetime": {"datetime": "2021-09-23 09:26:56", "elapsed": 37.238127, "delta": 0.595456}}
{"target": 0.8858604682083006, "params": {"C": 151.59312358014597, "epsilon": 0.6804178651743356, "gamma": 0.17724382003428285, "lamda": 0.09217815466698058}, "datetime": {"datetime": "2021-09-23 09:26:56", "elapsed": 37.792607, "delta": 0.55448}}
{"target": 0.8768785139978101, "params": {"C": 183.07331578487407, "epsilon": 0.11646224648361071, "gamma": 0.19667482794963126, "lamda": 0.09257413917092218}, "datetime": {"datetime": "2021-09-23 09:26:57", "elapsed": 38.297215, "delta": 0.504608}}
{"target": 0.9089768122665425, "params": {"C": 167.0873675086351, "epsilon": 0.10468323159700228, "gamma": 0.09170850146533105, "lamda": 0.06633435165395574}, "datetime": {"datetime": "2021-09-23 09:26:57", "elapsed": 38.920792, "delta": 0.623577}}
{"target": 0.910386958276834, "params": {"C": 196.4979108061273, "epsilon": 0.9334914956987784, "gamma": 0.08638758012353474, "lamda": 0.060984216693538346}, "datetime": {"datetime": "2021-09-23 09:26:58", "elapsed": 39.587457, "delta": 0.666665}}
{"target": 0.9128831967826322, "params": {"C": 167.11764704139497, "epsilon": 0.5239577154140024, "gamma": 0.08204195514422302, "lamda": 0.05707203337254146}, "datetime": {"datetime": "2021-09-23 09:26:59", "elapsed": 40.310229, "delta": 0.722772}}
{"target": 0.9117280508256999, "params": {"C": 151.2799154590978, "epsilon": 0.6941655993412768, "gamma": 0.08410631727702611, "lamda": 0.04975500547095259}, "datetime": {"datetime": "2021-09-23 09:26:59", "elapsed": 40.858177, "delta": 0.547948}}
{"target": 0.9081155089009477, "params": {"C": 151.3654376783606, "epsilon": 0.7906832458723516, "gamma": 0.08627682258998239, "lamda": 0.08759946836168563}, "datetime": {"datetime": "2021-09-23 09:27:00", "elapsed": 41.530105, "delta": 0.671928}}
{"target": 0.9093946508201681, "params": {"C": 167.08974398255867, "epsilon": 0.6899417492512682, "gamma": 0.09266024932100773, "lamda": 0.07936408560799812}, "datetime": {"datetime": "2021-09-23 09:27:01", "elapsed": 42.217756, "delta": 0.687651}}
{"target": 0.9102437208183158, "params": {"C": 187.93802401865332, "epsilon": 0.5096538659936594, "gamma": 0.10018472071973891, "lamda": 0.0633255289175802}, "datetime": {"datetime": "2021-09-23 09:27:01", "elapsed": 42.760636, "delta": 0.54288}}
{"target": 0.8796676351193232, "params": {"C": 196.45880383604114, "epsilon": 0.8338081538919558, "gamma": 0.1993543564766281, "lamda": 0.050923582605322114}, "datetime": {"datetime": "2021-09-23 09:27:02", "elapsed": 43.402308, "delta": 0.641672}}
{"target": 0.8825098968156345, "params": {"C": 167.1330489352459, "epsilon": 0.6193374671890272, "gamma": 0.19037746255265464, "lamda": 0.07323809589323117}, "datetime": {"datetime": "2021-09-23 09:27:03", "elapsed": 44.091455, "delta": 0.689147}}
{"target": 0.8944196109822886, "params": {"C": 151.30756601218482, "epsilon": 0.5861823599068211, "gamma": 0.15075431696213043, "lamda": 0.06787327637235044}, "datetime": {"datetime": "2021-09-23 09:27:03", "elapsed": 44.701462, "delta": 0.610007}}
{"target": 0.8845541194076222, "params": {"C": 193.4210882877494, "epsilon": 0.7898281334210944, "gamma": 0.18099149477925092, "lamda": 0.0805029369774651}, "datetime": {"datetime": "2021-09-23 09:27:04", "elapsed": 45.206517, "delta": 0.505055}}
{"target": 0.9015413729064837, "params": {"C": 151.17235362967418, "epsilon": 0.7830342414385979, "gamma": 0.12585786969049637, "lamda": 0.07556381837462123}, "datetime": {"datetime": "2021-09-23 09:27:04", "elapsed": 45.767591, "delta": 0.561074}}
{"target": 0.9121998479254476, "params": {"C": 187.81864821443904, "epsilon": 0.5731613856942412, "gamma": 0.08, "lamda": 0.06976568128717425}, "datetime": {"datetime": "2021-09-23 09:27:05", "elapsed": 46.421909, "delta": 0.654318}}
{"target": 0.9065372529199638, "params": {"C": 187.7709204346806, "epsilon": 0.46454052332535356, "gamma": 0.11446068109857895, "lamda": 0.08705113982169606}, "datetime": {"datetime": "2021-09-23 09:27:06", "elapsed": 47.09792, "delta": 0.676011}}
{"target": 0.8820101848111077, "params": {"C": 153.7664626175735, "epsilon": 0.5275722114453016, "gamma": 0.1891750589881832, "lamda": 0.060400558542695396}, "datetime": {"datetime": "2021-09-23 09:27:06", "elapsed": 47.647136, "delta": 0.549216}}
{"target": 0.8914528383431146, "params": {"C": 187.88832341641435, "epsilon": 0.621096326021836, "gamma": 0.16118408055863725, "lamda": 0.08932486773425675}, "datetime": {"datetime": "2021-09-23 09:27:07", "elapsed": 48.274515, "delta": 0.627379}}
{"target": 0.9117590567196181, "params": {"C": 166.9300626702087, "epsilon": 0.6617675047647427, "gamma": 0.08370345844383797, "lamda": 0.05594751286547451}, "datetime": {"datetime": "2021-09-23 09:27:07", "elapsed": 48.882219, "delta": 0.607704}}
{"target": 0.9046242782089596, "params": {"C": 154.74683995008138, "epsilon": 0.604349248164749, "gamma": 0.1178584658086485, "lamda": 0.07673703868146661}, "datetime": {"datetime": "2021-09-23 09:27:08", "elapsed": 49.386412, "delta": 0.504193}}
{"target": 0.9093462351116441, "params": {"C": 166.8623651732723, "epsilon": 0.5571478817166013, "gamma": 0.09557330370226355, "lamda": 0.09414820906951311}, "datetime": {"datetime": "2021-09-23 09:27:09", "elapsed": 50.081937, "delta": 0.695525}}
{"target": 0.9003592810376597, "params": {"C": 166.80902394801356, "epsilon": 0.7189280870457395, "gamma": 0.12925801474532872, "lamda": 0.09621088046072938}, "datetime": {"datetime": "2021-09-23 09:27:09", "elapsed": 50.651232, "delta": 0.569295}}
{"target": 0.905602233748472, "params": {"C": 196.2353193699687, "epsilon": 1.0, "gamma": 0.08, "lamda": 0.1}, "datetime": {"datetime": "2021-09-23 09:27:10", "elapsed": 51.451784, "delta": 0.800552}}
{"target": 0.9120976899679513, "params": {"C": 187.65255509041887, "epsilon": 0.5787162321799716, "gamma": 0.08243106344862952, "lamda": 0.06942922812630409}, "datetime": {"datetime": "2021-09-23 09:27:11", "elapsed": 52.106009, "delta": 0.654225}}
{"target": 0.8793266952961695, "params": {"C": 161.65347704965885, "epsilon": 0.45179635472423557, "gamma": 0.19605719455676185, "lamda": 0.05148240653756868}, "datetime": {"datetime": "2021-09-23 09:27:11", "elapsed": 52.674477, "delta": 0.568468}}
{"target": 0.9130755558704272, "params": {"C": 187.71638501604326, "epsilon": 0.6771327793953036, "gamma": 0.08, "lamda": 0.045}, "datetime": {"datetime": "2021-09-23 09:27:12", "elapsed": 53.435132, "delta": 0.760655}}
{"target": 0.9032800658248684, "params": {"C": 187.5887429514836, "epsilon": 0.681213350754748, "gamma": 0.12387164732963808, "lamda": 0.07713563149997665}, "datetime": {"datetime": "2021-09-23 09:27:13", "elapsed": 54.098537, "delta": 0.663405}}
{"target": 0.8836179161310737, "params": {"C": 174.91109044620183, "epsilon": 0.6579565969991792, "gamma": 0.18619034833796275, "lamda": 0.05451545817867707}, "datetime": {"datetime": "2021-09-23 09:27:13", "elapsed": 54.652661, "delta": 0.554124}}
{"target": 0.8920971322725125, "params": {"C": 192.88925072635777, "epsilon": 0.25047051961318967, "gamma": 0.15372173651884796, "lamda": 0.06795026157317581}, "datetime": {"datetime": "2021-09-23 09:27:14", "elapsed": 55.205579, "delta": 0.552918}}
{"target": 0.9132592147221783, "params": {"C": 160.70183431270536, "epsilon": 0.32010731230031403, "gamma": 0.08883103168446797, "lamda": 0.06971909510949724}, "datetime": {"datetime": "2021-09-23 09:27:14", "elapsed": 55.767587, "delta": 0.562008}}
{"target": 0.9011823470475836, "params": {"C": 160.76330449780139, "epsilon": 0.2095237829756665, "gamma": 0.12968054225285724, "lamda": 0.08051441789198459}, "datetime": {"datetime": "2021-09-23 09:27:15", "elapsed": 56.420229, "delta": 0.652642}}
{"target": 0.8964990918862922, "params": {"C": 160.69210782561598, "epsilon": 0.4232334051172133, "gamma": 0.14421319780506436, "lamda": 0.06125834100349618}, "datetime": {"datetime": "2021-09-23 09:27:16", "elapsed": 57.080967, "delta": 0.660738}}
{"target": 0.9096063398288536, "params": {"C": 160.53388798673888, "epsilon": 0.30647100430722224, "gamma": 0.1027523095476953, "lamda": 0.09918484460347393}, "datetime": {"datetime": "2021-09-23 09:27:16", "elapsed": 57.74529, "delta": 0.664323}}
{"target": 0.8995653746184995, "params": {"C": 167.035342795008, "epsilon": 0.839840221970271, "gamma": 0.13310667548843555, "lamda": 0.07581701604969318}, "datetime": {"datetime": "2021-09-23 09:27:17", "elapsed": 58.526475, "delta": 0.781185}}
{"target": 0.8919891666993749, "params": {"C": 160.5684740702845, "epsilon": 0.1611323604141717, "gamma": 0.14939114899867925, "lamda": 0.056558953847740484}, "datetime": {"datetime": "2021-09-23 09:27:18", "elapsed": 59.317944, "delta": 0.791469}}
{"target": 0.9084979433731107, "params": {"C": 196.64741889535617, "epsilon": 0.9613070159354032, "gamma": 0.09747526174285465, "lamda": 0.06662389428112087}, "datetime": {"datetime": "2021-09-23 09:27:18", "elapsed": 60.019868, "delta": 0.701924}}
{"target": 0.8933445665191996, "params": {"C": 187.55668352986092, "epsilon": 0.45202310479013924, "gamma": 0.15457715456653354, "lamda": 0.06683185236614747}, "datetime": {"datetime": "2021-09-23 09:27:19", "elapsed": 60.837635, "delta": 0.817767}}
{"target": 0.8925995336615715, "params": {"C": 187.72873190600274, "epsilon": 0.5892478068406042, "gamma": 0.15744548575332562, "lamda": 0.056883497010584747}, "datetime": {"datetime": "2021-09-23 09:27:20", "elapsed": 61.54463, "delta": 0.706995}}
{"target": 0.9138798835442128, "params": {"C": 167.03305963693953, "epsilon": 0.45561451107729983, "gamma": 0.08242560674100098, "lamda": 0.05076855405727484}, "datetime": {"datetime": "2021-09-23 09:27:21", "elapsed": 62.154934, "delta": 0.610304}}
{"target": 0.8968445357585565, "params": {"C": 163.82278522808105, "epsilon": 0.8210949818951244, "gamma": 0.1435470403752228, "lamda": 0.04814738661356744}, "datetime": {"datetime": "2021-09-23 09:27:21", "elapsed": 62.788667, "delta": 0.633733}}
{"target": 0.8914294406285664, "params": {"C": 172.33292910444007, "epsilon": 0.996718977061351, "gamma": 0.16008905086380307, "lamda": 0.05060497035527841}, "datetime": {"datetime": "2021-09-23 09:27:22", "elapsed": 63.385792, "delta": 0.597125}}
{"target": 0.9102634469859396, "params": {"C": 187.67914605041497, "epsilon": 0.8444862266624477, "gamma": 0.08364473583422943, "lamda": 0.07010797312638825}, "datetime": {"datetime": "2021-09-23 09:27:23", "elapsed": 64.118742, "delta": 0.73295}}
{"target": 0.9045220914536091, "params": {"C": 166.96439610334255, "epsilon": 0.0421143821812948, "gamma": 0.08863355656476958, "lamda": 0.057748444734053744}, "datetime": {"datetime": "2021-09-23 09:27:23", "elapsed": 65.001472, "delta": 0.88273}}
{"target": 0.9104891875169168, "params": {"C": 187.77384962381245, "epsilon": 0.7612403992739545, "gamma": 0.09418046734437245, "lamda": 0.05823054531943035}, "datetime": {"datetime": "2021-09-23 09:27:24", "elapsed": 65.887325, "delta": 0.885853}}
{"target": 0.9017550871624518, "params": {"C": 187.7616293556796, "epsilon": 0.9413788675076137, "gamma": 0.12140103023478306, "lamda": 0.08262629167815927}, "datetime": {"datetime": "2021-09-23 09:27:25", "elapsed": 66.614773, "delta": 0.727448}}
{"target": 0.9074172941071369, "params": {"C": 187.92806087222078, "epsilon": 0.3680005993862362, "gamma": 0.11167216568929278, "lamda": 0.05127954818800841}, "datetime": {"datetime": "2021-09-23 09:27:26", "elapsed": 67.346887, "delta": 0.732114}}
