{"target": -1.931705359398588, "params": {"C": 292.7897822074798, "epsilon": 0.140625236081379, "gamma": 0.04082434929748811, "lamda": 0.04555263391634842}, "datetime": {"datetime": "2021-09-23 14:34:45", "elapsed": 337.508597, "delta": 2.159901}}
{"target": -1.9990846480903233, "params": {"C": 263.21203506040064, "epsilon": 0.17202585535782458, "gamma": 0.05, "lamda": 0.015}, "datetime": {"datetime": "2021-09-23 14:34:47", "elapsed": 340.176213, "delta": 2.667616}}
{"target": -2.0059401738939284, "params": {"C": 358.7225142835357, "epsilon": 0.31220173497755155, "gamma": 0.03648650490508791, "lamda": 0.11556728464775012}, "datetime": {"datetime": "2021-09-23 14:34:49", "elapsed": 341.495229, "delta": 1.319016}}
{"target": -1.9285241843152439, "params": {"C": 292.84329262131035, "epsilon": 0.22235642799956581, "gamma": 0.03859382070114675, "lamda": 0.08185161715433403}, "datetime": {"datetime": "2021-09-23 14:34:51", "elapsed": 343.276076, "delta": 1.780847}}
{"target": -1.982482919595683, "params": {"C": 314.7820631971288, "epsilon": 0.17491741518875936, "gamma": 0.03, "lamda": 0.015}, "datetime": {"datetime": "2021-09-23 14:34:53", "elapsed": 345.857634, "delta": 2.581558}}
{"target": -1.982603904048933, "params": {"C": 292.86762372127794, "epsilon": 0.16187713893462358, "gamma": 0.043366976867253895, "lamda": 0.01793942675833923}, "datetime": {"datetime": "2021-09-23 14:34:56", "elapsed": 348.552547, "delta": 2.694913}}
{"target": -1.99774540530514, "params": {"C": 316.7827219233174, "epsilon": 0.03376567589711717, "gamma": 0.04381081208311416, "lamda": 0.056888089248045656}, "datetime": {"datetime": "2021-09-23 14:34:58", "elapsed": 350.502104, "delta": 1.949557}}
{"target": -1.981676827217582, "params": {"C": 314.9508410898014, "epsilon": 0.2209822741923431, "gamma": 0.03, "lamda": 0.11020424239264356}, "datetime": {"datetime": "2021-09-23 14:35:00", "elapsed": 352.623021, "delta": 2.120917}}
{"target": -1.9353536624118757, "params": {"C": 260.54648825863023, "epsilon": 0.10890548487552767, "gamma": 0.042847349061130836, "lamda": 0.16639505416467204}, "datetime": {"datetime": "2021-09-23 14:35:02", "elapsed": 354.534958, "delta": 1.911937}}
{"target": -1.9632360727504268, "params": {"C": 309.5510933090922, "epsilon": 0.2411914127835709, "gamma": 0.05, "lamda": 0.09918890543552959}, "datetime": {"datetime": "2021-09-23 14:35:04", "elapsed": 356.806985, "delta": 2.272027}}
{"target": -1.9833298024535246, "params": {"C": 309.883632188958, "epsilon": 0.03064640180836475, "gamma": 0.048500165600162765, "lamda": 0.19068491000246002}, "datetime": {"datetime": "2021-09-23 14:35:06", "elapsed": 358.765463, "delta": 1.958478}}
{"target": -2.053973088500632, "params": {"C": 293.13218937085946, "epsilon": 0.6573693744238773, "gamma": 0.038229903756994144, "lamda": 0.09187683836959883}, "datetime": {"datetime": "2021-09-23 14:35:08", "elapsed": 360.772373, "delta": 2.00691}}
{"target": -1.9406522347983606, "params": {"C": 349.53670077817293, "epsilon": 0.316837245780923, "gamma": 0.03475747286863389, "lamda": 0.015780625588652283}, "datetime": {"datetime": "2021-09-23 14:35:10", "elapsed": 362.883619, "delta": 2.111246}}
{"target": -2.123292400123186, "params": {"C": 312.00885056726736, "epsilon": 0.633258896684579, "gamma": 0.04516978200949405, "lamda": 0.18614734295852492}, "datetime": {"datetime": "2021-09-23 14:35:12", "elapsed": 364.395978, "delta": 1.512359}}
{"target": -1.985581994587997, "params": {"C": 276.09563370318006, "epsilon": 0.5649077005436083, "gamma": 0.04093382523750089, "lamda": 0.06325535105516289}, "datetime": {"datetime": "2021-09-23 14:35:13", "elapsed": 365.761387, "delta": 1.365409}}
{"target": -2.0054891706702733, "params": {"C": 314.77830711935854, "epsilon": 0.06127726594324313, "gamma": 0.05, "lamda": 0.06203042535134017}, "datetime": {"datetime": "2021-09-23 14:35:15", "elapsed": 368.168378, "delta": 2.406991}}
{"target": -1.9604493475258575, "params": {"C": 260.4567444318129, "epsilon": 0.2722699549102827, "gamma": 0.03643559886094266, "lamda": 0.01649915329215516}, "datetime": {"datetime": "2021-09-23 14:35:18", "elapsed": 371.132099, "delta": 2.963721}}
{"target": -2.0286883114257916, "params": {"C": 292.8571182688198, "epsilon": 0.2326621674224417, "gamma": 0.037350605954449875, "lamda": 0.19775723137683004}, "datetime": {"datetime": "2021-09-23 14:35:21", "elapsed": 373.894425, "delta": 2.762326}}
{"target": -1.944924533596948, "params": {"C": 260.30634633436614, "epsilon": 0.040383828880084544, "gamma": 0.03978537805524977, "lamda": 0.1345803158244145}, "datetime": {"datetime": "2021-09-23 14:35:23", "elapsed": 376.211251, "delta": 2.316826}}
{"target": -1.981412245786048, "params": {"C": 315.5340277350982, "epsilon": 0.2780484539918018, "gamma": 0.042778405231211944, "lamda": 0.11824517736430477}, "datetime": {"datetime": "2021-09-23 14:35:25", "elapsed": 377.739222, "delta": 1.527971}}
{"target": -1.9482900348532357, "params": {"C": 292.64264319160765, "epsilon": 0.1513240792981413, "gamma": 0.03096733317587755, "lamda": 0.03617686439691516}, "datetime": {"datetime": "2021-09-23 14:35:27", "elapsed": 379.926242, "delta": 2.18702}}
{"target": -1.9356420793433642, "params": {"C": 292.7660041595875, "epsilon": 0.06064453992007757, "gamma": 0.03787770633602598, "lamda": 0.0982064984182589}, "datetime": {"datetime": "2021-09-23 14:35:29", "elapsed": 382.24011, "delta": 2.313868}}
{"target": -1.9370606449328345, "params": {"C": 260.21121851930155, "epsilon": 0.1901799353626223, "gamma": 0.0419643856277966, "lamda": 0.03384312548480532}, "datetime": {"datetime": "2021-09-23 14:35:32", "elapsed": 385.105165, "delta": 2.865055}}
{"target": -1.9726592993320822, "params": {"C": 274.781090276681, "epsilon": 0.2857055364561836, "gamma": 0.04902467044830522, "lamda": 0.10980380896638273}, "datetime": {"datetime": "2021-09-23 14:35:34", "elapsed": 386.554373, "delta": 1.449208}}
{"target": -1.9793203774462043, "params": {"C": 368.20583670174756, "epsilon": 0.0654622872614166, "gamma": 0.045095854125570024, "lamda": 0.0739780652636018}, "datetime": {"datetime": "2021-09-23 14:35:35", "elapsed": 387.973099, "delta": 1.418726}}
{"target": -1.932501695976469, "params": {"C": 368.2676109592096, "epsilon": 0.06211692568763813, "gamma": 0.03559220246462091, "lamda": 0.1007995880042237}, "datetime": {"datetime": "2021-09-23 14:35:37", "elapsed": 390.05605, "delta": 2.082951}}
{"target": -2.0808651771644615, "params": {"C": 310.5543025860674, "epsilon": 0.5942948581122904, "gamma": 0.043092332152312146, "lamda": 0.1475525834530183}, "datetime": {"datetime": "2021-09-23 14:35:39", "elapsed": 391.490802, "delta": 1.434752}}
{"target": -2.0137842562158554, "params": {"C": 296.34628769801236, "epsilon": 0.7553264606174205, "gamma": 0.03937573572465433, "lamda": 0.05614844128500637}, "datetime": {"datetime": "2021-09-23 14:35:40", "elapsed": 392.864802, "delta": 1.374}}
{"target": -1.9233002523217178, "params": {"C": 264.8885558337045, "epsilon": 0.7312035029689685, "gamma": 0.036385651432147274, "lamda": 0.01887495887992282}, "datetime": {"datetime": "2021-09-23 14:35:42", "elapsed": 394.355409, "delta": 1.490607}}
{"target": -2.0031527621350738, "params": {"C": 291.7013281045607, "epsilon": 0.04651448530409137, "gamma": 0.04860986516720582, "lamda": 0.0632665987445969}, "datetime": {"datetime": "2021-09-23 14:35:43", "elapsed": 395.900409, "delta": 1.545}}
{"target": -2.079957359608144, "params": {"C": 367.4207040996191, "epsilon": 0.7045377275881589, "gamma": 0.043821730614048815, "lamda": 0.12360821784188644}, "datetime": {"datetime": "2021-09-23 14:35:45", "elapsed": 397.294411, "delta": 1.394002}}
{"target": -2.057285790357303, "params": {"C": 264.90938260309247, "epsilon": 0.684992884299201, "gamma": 0.049282885328519044, "lamda": 0.10310587356692}, "datetime": {"datetime": "2021-09-23 14:35:47", "elapsed": 399.65241, "delta": 2.357999}}
{"target": -1.9973650566894425, "params": {"C": 310.4634010005079, "epsilon": 0.036073698878816854, "gamma": 0.04996988185765262, "lamda": 0.14203056444089884}, "datetime": {"datetime": "2021-09-23 14:35:49", "elapsed": 402.205411, "delta": 2.553001}}
{"target": -2.083466975336657, "params": {"C": 310.26893670286586, "epsilon": 0.7167776871920929, "gamma": 0.04482105209584264, "lamda": 0.1255249018173193}, "datetime": {"datetime": "2021-09-23 14:35:51", "elapsed": 403.579408, "delta": 1.373997}}
{"target": -1.9382664032449728, "params": {"C": 349.7759438885419, "epsilon": 0.4623706408557193, "gamma": 0.03, "lamda": 0.015}, "datetime": {"datetime": "2021-09-23 14:35:54", "elapsed": 407.004408, "delta": 3.425}}
{"target": -2.012963490934296, "params": {"C": 342.3436460481496, "epsilon": 0.45621013691897294, "gamma": 0.05, "lamda": 0.09214028601301684}, "datetime": {"datetime": "2021-09-23 14:35:57", "elapsed": 409.357048, "delta": 2.35264}}
{"target": -1.9282594319489212, "params": {"C": 268.9711836146267, "epsilon": 0.09220992844491852, "gamma": 0.038727572960629036, "lamda": 0.0936402051985207}, "datetime": {"datetime": "2021-09-23 14:35:59", "elapsed": 411.617817, "delta": 2.260769}}
{"target": -1.955545787537495, "params": {"C": 314.37209140862205, "epsilon": 0.19428709180433892, "gamma": 0.0460233339557336, "lamda": 0.11514297548894918}, "datetime": {"datetime": "2021-09-23 14:36:00", "elapsed": 413.126463, "delta": 1.508646}}
{"target": -1.9276967708450778, "params": {"C": 264.8770757994976, "epsilon": 0.7972193876408136, "gamma": 0.03785308967092568, "lamda": 0.022995264781983233}, "datetime": {"datetime": "2021-09-23 14:36:03", "elapsed": 415.6633, "delta": 2.536837}}
{"target": -1.934334269852405, "params": {"C": 263.02161877978705, "epsilon": 0.055661059709850115, "gamma": 0.03653163420187252, "lamda": 0.14586630235495118}, "datetime": {"datetime": "2021-09-23 14:36:06", "elapsed": 418.679109, "delta": 3.015809}}
{"target": -1.9239854358835664, "params": {"C": 260.2302847555258, "epsilon": 0.26843742153496253, "gamma": 0.043548869388595327, "lamda": 0.06497650863747298}, "datetime": {"datetime": "2021-09-23 14:36:08", "elapsed": 420.661079, "delta": 1.98197}}
{"target": -1.9995297040591062, "params": {"C": 398.76254541535695, "epsilon": 0.3833802020577797, "gamma": 0.04340076636163713, "lamda": 0.08888948014702368}, "datetime": {"datetime": "2021-09-23 14:36:09", "elapsed": 422.246973, "delta": 1.585894}}
{"target": -2.0261724632171214, "params": {"C": 368.32586845219294, "epsilon": 0.37283123974850685, "gamma": 0.04712486545056015, "lamda": 0.13155143875596947}, "datetime": {"datetime": "2021-09-23 14:36:12", "elapsed": 424.98547, "delta": 2.738497}}
{"target": -2.0502949603159535, "params": {"C": 271.4786458649815, "epsilon": 0.3218487565761484, "gamma": 0.04331335698133007, "lamda": 0.1975538061700018}, "datetime": {"datetime": "2021-09-23 14:36:14", "elapsed": 426.433839, "delta": 1.448369}}
{"target": -1.9284375064552672, "params": {"C": 345.75875299732854, "epsilon": 0.6143517666673781, "gamma": 0.03652297965890381, "lamda": 0.026788353506305013}, "datetime": {"datetime": "2021-09-23 14:36:16", "elapsed": 429.20616, "delta": 2.772321}}
{"target": -1.9560647827278046, "params": {"C": 265.85626516780343, "epsilon": 0.36594695121708015, "gamma": 0.03, "lamda": 0.015}, "datetime": {"datetime": "2021-09-23 14:36:20", "elapsed": 432.530057, "delta": 3.323897}}
{"target": -1.957753842976592, "params": {"C": 311.6350594667333, "epsilon": 0.5090560217253094, "gamma": 0.04818391338360199, "lamda": 0.04651761378037342}, "datetime": {"datetime": "2021-09-23 14:36:21", "elapsed": 434.101676, "delta": 1.571619}}
{"target": -1.9860353557725439, "params": {"C": 260.16453127355175, "epsilon": 0.3165077818671326, "gamma": 0.04347629302538423, "lamda": 0.11898392404289394}, "datetime": {"datetime": "2021-09-23 14:36:24", "elapsed": 436.367221, "delta": 2.265545}}
{"target": -1.9906948266224118, "params": {"C": 260.2576330414383, "epsilon": 0.20048835758271463, "gamma": 0.030717467143798867, "lamda": 0.1399566472892934}, "datetime": {"datetime": "2021-09-23 14:36:27", "elapsed": 439.493712, "delta": 3.126491}}
{"target": -1.9328527807655913, "params": {"C": 292.4886252811883, "epsilon": 0.3240187894715507, "gamma": 0.044618360710577475, "lamda": 0.028939630491014074}, "datetime": {"datetime": "2021-09-23 14:36:28", "elapsed": 441.126956, "delta": 1.633244}}
{"target": -1.9417882049664832, "params": {"C": 292.4269496565198, "epsilon": 0.3203157864765338, "gamma": 0.030796027389234197, "lamda": 0.05845403097915712}, "datetime": {"datetime": "2021-09-23 14:36:31", "elapsed": 443.511458, "delta": 2.384502}}
{"target": -2.03600543087017, "params": {"C": 273.05246456139787, "epsilon": 0.29894695646349556, "gamma": 0.032260556292819, "lamda": 0.14910224554868706}, "datetime": {"datetime": "2021-09-23 14:36:32", "elapsed": 445.106073, "delta": 1.594615}}
{"target": -2.004982823104031, "params": {"C": 314.72340939631823, "epsilon": 0.2970853795626237, "gamma": 0.03, "lamda": 0.10084610414886429}, "datetime": {"datetime": "2021-09-23 14:36:36", "elapsed": 448.356902, "delta": 3.250829}}
{"target": -2.014420782082027, "params": {"C": 268.7001396241669, "epsilon": 0.3213235926704236, "gamma": 0.03, "lamda": 0.10500065128485228}, "datetime": {"datetime": "2021-09-23 14:36:38", "elapsed": 450.972903, "delta": 2.616001}}
{"target": -2.017931939906078, "params": {"C": 368.28058413922264, "epsilon": 0.08305418179523774, "gamma": 0.04601073267282076, "lamda": 0.027574694411154097}, "datetime": {"datetime": "2021-09-23 14:36:41", "elapsed": 454.026905, "delta": 3.054002}}
{"target": -1.9363530696595193, "params": {"C": 314.8456472951979, "epsilon": 0.18156482702940482, "gamma": 0.03480999697287644, "lamda": 0.10453956669177197}, "datetime": {"datetime": "2021-09-23 14:36:44", "elapsed": 456.918904, "delta": 2.891999}}
{"target": -1.9358109035519593, "params": {"C": 260.40718000759006, "epsilon": 0.11558161047553772, "gamma": 0.03368345890819203, "lamda": 0.1456553593589151}, "datetime": {"datetime": "2021-09-23 14:36:46", "elapsed": 458.488903, "delta": 1.569999}}
{"target": -2.0627982870971295, "params": {"C": 399.63957552572055, "epsilon": 0.7072088398194447, "gamma": 0.04112384494562209, "lamda": 0.10246472684317316}, "datetime": {"datetime": "2021-09-23 14:36:47", "elapsed": 460.096906, "delta": 1.608003}}
{"target": -2.0043586780108402, "params": {"C": 314.6603643979104, "epsilon": 0.2786835895776933, "gamma": 0.05, "lamda": 0.015}, "datetime": {"datetime": "2021-09-23 14:36:50", "elapsed": 463.171911, "delta": 3.075005}}
{"target": -1.9304361863357027, "params": {"C": 292.72914092269684, "epsilon": 0.13713115265953513, "gamma": 0.03369396955756431, "lamda": 0.11892588663018389}, "datetime": {"datetime": "2021-09-23 14:36:54", "elapsed": 466.362903, "delta": 3.190992}}
{"target": -1.9698493809530782, "params": {"C": 349.68013408418136, "epsilon": 0.43124569002400515, "gamma": 0.04267596751866114, "lamda": 0.0637268838540172}, "datetime": {"datetime": "2021-09-23 14:36:57", "elapsed": 470.086903, "delta": 3.724}}
{"target": -1.9346149379358473, "params": {"C": 292.5156233443231, "epsilon": 0.39192701748536174, "gamma": 0.03097828599118225, "lamda": 0.034087195142608634}, "datetime": {"datetime": "2021-09-23 14:37:00", "elapsed": 472.532904, "delta": 2.446001}}
{"target": -2.060471216888801, "params": {"C": 355.5608746646899, "epsilon": 0.6280864273229202, "gamma": 0.04497971035006334, "lamda": 0.11963479480926133}, "datetime": {"datetime": "2021-09-23 14:37:01", "elapsed": 474.196906, "delta": 1.664002}}
{"target": -1.9790455158887044, "params": {"C": 390.96915130198045, "epsilon": 0.14491391432622136, "gamma": 0.030385797340658962, "lamda": 0.15350231425740146}, "datetime": {"datetime": "2021-09-23 14:37:03", "elapsed": 475.919388, "delta": 1.722482}}
{"target": -2.08517143374077, "params": {"C": 269.21320779683055, "epsilon": 0.5226003411439065, "gamma": 0.03542911650423539, "lamda": 0.14598312848105527}, "datetime": {"datetime": "2021-09-23 14:37:05", "elapsed": 477.897908, "delta": 1.97852}}
{"target": -1.9771031774055972, "params": {"C": 316.70056652555087, "epsilon": 0.14590181634153426, "gamma": 0.04405758376890813, "lamda": 0.19603770481020333}, "datetime": {"datetime": "2021-09-23 14:37:09", "elapsed": 481.630453, "delta": 3.732545}}
{"target": -1.9708619876380602, "params": {"C": 260.38037859963765, "epsilon": 0.1699293593168437, "gamma": 0.041535321502730635, "lamda": 0.018636925324511854}, "datetime": {"datetime": "2021-09-23 14:37:11", "elapsed": 484.259455, "delta": 2.629002}}
{"target": -2.041361608851999, "params": {"C": 327.78202832624106, "epsilon": 0.6762172523142868, "gamma": 0.044913113817006224, "lamda": 0.08537896714885075}, "datetime": {"datetime": "2021-09-23 14:37:13", "elapsed": 486.026575, "delta": 1.76712}}
{"target": -1.9178112991634644, "params": {"C": 314.66170509924245, "epsilon": 0.4160784571603431, "gamma": 0.042210194167444995, "lamda": 0.03529759072477252}, "datetime": {"datetime": "2021-09-23 14:37:16", "elapsed": 488.702455, "delta": 2.67588}}
{"target": -2.024531549294899, "params": {"C": 289.5637264189652, "epsilon": 0.5304065482844067, "gamma": 0.0397524165966462, "lamda": 0.089882680374004}, "datetime": {"datetime": "2021-09-23 14:37:18", "elapsed": 490.486163, "delta": 1.783708}}
{"target": -1.9560089183050031, "params": {"C": 278.916409297386, "epsilon": 0.22959219163023536, "gamma": 0.03538762785820991, "lamda": 0.020128079976303177}, "datetime": {"datetime": "2021-09-23 14:37:20", "elapsed": 492.284087, "delta": 1.797924}}
{"target": -1.9312585704413907, "params": {"C": 262.9204355607501, "epsilon": 0.16737096536333695, "gamma": 0.037396388007687166, "lamda": 0.11740932641816024}, "datetime": {"datetime": "2021-09-23 14:37:22", "elapsed": 495.105201, "delta": 2.821114}}
{"target": -2.0169218645314073, "params": {"C": 299.99592295285896, "epsilon": 0.4696558836515674, "gamma": 0.04337194920789356, "lamda": 0.09775718193111901}, "datetime": {"datetime": "2021-09-23 14:37:24", "elapsed": 496.553011, "delta": 1.44781}}
{"target": -1.951836633063314, "params": {"C": 292.4341348952356, "epsilon": 0.4296490982229989, "gamma": 0.044082677970495, "lamda": 0.05648713900968515}, "datetime": {"datetime": "2021-09-23 14:37:27", "elapsed": 499.59002, "delta": 3.037009}}
{"target": -1.9263557107507798, "params": {"C": 368.04533158897004, "epsilon": 0.09857428859180935, "gamma": 0.03337891191376576, "lamda": 0.12066302806748364}, "datetime": {"datetime": "2021-09-23 14:37:30", "elapsed": 502.835012, "delta": 3.244992}}
{"target": -2.050812625300321, "params": {"C": 397.2538807108489, "epsilon": 0.3821842861003767, "gamma": 0.0375179848740482, "lamda": 0.14701204508427718}, "datetime": {"datetime": "2021-09-23 14:37:32", "elapsed": 504.346015, "delta": 1.511003}}
{"target": -1.9958115041990225, "params": {"C": 303.36711622722015, "epsilon": 0.4741633404862532, "gamma": 0.034454748979504894, "lamda": 0.07099212024905427}, "datetime": {"datetime": "2021-09-23 14:37:33", "elapsed": 506.128015, "delta": 1.782}}
{"target": -1.9126544193449555, "params": {"C": 314.55586653047527, "epsilon": 0.4285498884467328, "gamma": 0.038087537813481696, "lamda": 0.027939758090033823}, "datetime": {"datetime": "2021-09-23 14:37:37", "elapsed": 509.968014, "delta": 3.839999}}
{"target": -1.9579538765999969, "params": {"C": 263.0763369514078, "epsilon": 0.16520251251614834, "gamma": 0.034772751936383225, "lamda": 0.028237808377358967}, "datetime": {"datetime": "2021-09-23 14:37:39", "elapsed": 511.534013, "delta": 1.565999}}
{"target": -1.989477378224748, "params": {"C": 355.57466124914527, "epsilon": 0.4066227241231777, "gamma": 0.032143855185440315, "lamda": 0.06987629299961728}, "datetime": {"datetime": "2021-09-23 14:37:40", "elapsed": 513.164637, "delta": 1.630624}}
{"target": -1.925879193661047, "params": {"C": 368.34566054372067, "epsilon": 0.44618532421850465, "gamma": 0.04248944437949939, "lamda": 0.032716226986404855}, "datetime": {"datetime": "2021-09-23 14:37:42", "elapsed": 514.801171, "delta": 1.636534}}
{"target": -1.9591048404852038, "params": {"C": 314.51654806912103, "epsilon": 0.3525787671344116, "gamma": 0.034505184149607106, "lamda": 0.07019761465955249}, "datetime": {"datetime": "2021-09-23 14:37:46", "elapsed": 519.162815, "delta": 4.361644}}
{"target": -2.0701919921057765, "params": {"C": 314.6436631981528, "epsilon": 0.41623960854178066, "gamma": 0.030352113292824324, "lamda": 0.1275704401874981}, "datetime": {"datetime": "2021-09-23 14:37:52", "elapsed": 524.480919, "delta": 5.318104}}
{"target": -1.9697292008311933, "params": {"C": 265.9827668134006, "epsilon": 0.257855212670682, "gamma": 0.03, "lamda": 0.015}, "datetime": {"datetime": "2021-09-23 14:37:56", "elapsed": 528.292655, "delta": 3.811736}}
{"target": -1.9243635266300596, "params": {"C": 260.2187520516542, "epsilon": 0.27451896814915044, "gamma": 0.04356405642692662, "lamda": 0.06433634680485574}, "datetime": {"datetime": "2021-09-23 14:37:57", "elapsed": 529.977738, "delta": 1.685083}}
{"target": -1.9607884336643688, "params": {"C": 260.5270050112158, "epsilon": 0.2009285267478016, "gamma": 0.04005433061283567, "lamda": 0.13740933102990532}, "datetime": {"datetime": "2021-09-23 14:38:00", "elapsed": 532.831048, "delta": 2.85331}}
{"target": -2.0259668918702256, "params": {"C": 302.212978011755, "epsilon": 0.7796410135924886, "gamma": 0.04832894045143495, "lamda": 0.06312594807633931}, "datetime": {"datetime": "2021-09-23 14:38:02", "elapsed": 534.327674, "delta": 1.496626}}
{"target": -1.9493552785249892, "params": {"C": 310.64330299197746, "epsilon": 0.044305205755549346, "gamma": 0.030756241689365915, "lamda": 0.18288743294982293}, "datetime": {"datetime": "2021-09-23 14:38:05", "elapsed": 537.329786, "delta": 3.002112}}
