{"target": 0.9056504357769414, "params": {"C": 935.2317371280478, "epsilon": 0.07, "gamma": 0.05, "lamda": 0.045}, "datetime": {"datetime": "2021-09-23 11:30:36", "elapsed": 4.651507, "delta": 0.641005}}
{"target": 0.9092355332843329, "params": {"C": 965.2337782070617, "epsilon": 0.34, "gamma": 0.1, "lamda": 0.17}, "datetime": {"datetime": "2021-09-23 11:30:36", "elapsed": 5.369434, "delta": 0.717927}}
{"target": 0.9092355332843329, "params": {"C": 901.0511233378696, "epsilon": 0.34, "gamma": 0.1, "lamda": 0.17}, "datetime": {"datetime": "2021-09-23 11:30:37", "elapsed": 6.035109, "delta": 0.665675}}
{"target": 0.8864649653681991, "params": {"C": 867.5133353253156, "epsilon": 0.07, "gamma": 0.1, "lamda": 0.045}, "datetime": {"datetime": "2021-09-23 11:30:38", "elapsed": 6.546701, "delta": 0.511592}}
{"target": 0.9101738518543565, "params": {"C": 833.6323400913824, "epsilon": 0.3315694264114791, "gamma": 0.09976447651814696, "lamda": 0.15334290006781087}, "datetime": {"datetime": "2021-09-23 11:30:38", "elapsed": 7.07563, "delta": 0.528929}}
{"target": 0.9142621986611816, "params": {"C": 812.2824748448693, "epsilon": 0.3367076547284654, "gamma": 0.07119115270110833, "lamda": 0.13231265481885782}, "datetime": {"datetime": "2021-09-23 11:30:39", "elapsed": 7.577889, "delta": 0.502259}}
{"target": 0.9092355332843329, "params": {"C": 921.5285550665383, "epsilon": 0.34, "gamma": 0.1, "lamda": 0.17}, "datetime": {"datetime": "2021-09-23 11:30:39", "elapsed": 8.163887, "delta": 0.585998}}
{"target": 0.9076125007353016, "params": {"C": 794.8327756744226, "epsilon": 0.07, "gamma": 0.1, "lamda": 0.17}, "datetime": {"datetime": "2021-09-23 11:30:40", "elapsed": 8.656892, "delta": 0.493005}}
{"target": 0.9122908764841418, "params": {"C": 978.4715443560781, "epsilon": 0.07375126460237375, "gamma": 0.0876587513619439, "lamda": 0.16471599145403215}, "datetime": {"datetime": "2021-09-23 11:30:40", "elapsed": 9.20045, "delta": 0.543558}}
{"target": 0.9018159348543193, "params": {"C": 957.4627127114667, "epsilon": 0.08190736204322938, "gamma": 0.09592979275097435, "lamda": 0.08695891631538624}, "datetime": {"datetime": "2021-09-23 11:30:41", "elapsed": 9.711816, "delta": 0.511366}}
{"target": 0.9113750390209667, "params": {"C": 944.2284498604959, "epsilon": 0.3372323350261287, "gamma": 0.09496926644250303, "lamda": 0.14612385230421315}, "datetime": {"datetime": "2021-09-23 11:30:41", "elapsed": 10.278817, "delta": 0.567001}}
{"target": 0.9102564559787316, "params": {"C": 972.1324812410538, "epsilon": 0.33775484593825883, "gamma": 0.05468519169013223, "lamda": 0.1465326808759687}, "datetime": {"datetime": "2021-09-23 11:30:42", "elapsed": 10.838465, "delta": 0.559648}}
{"target": 0.9166942475791314, "params": {"C": 985.7002776696569, "epsilon": 0.34, "gamma": 0.05, "lamda": 0.045}, "datetime": {"datetime": "2021-09-23 11:30:42", "elapsed": 11.419838, "delta": 0.581373}}
{"target": 0.9059845981075852, "params": {"C": 826.9432363506123, "epsilon": 0.07, "gamma": 0.05, "lamda": 0.045}, "datetime": {"datetime": "2021-09-23 11:30:43", "elapsed": 11.984832, "delta": 0.564994}}
{"target": 0.9059626120519018, "params": {"C": 840.5870514134422, "epsilon": 0.07, "gamma": 0.05, "lamda": 0.045}, "datetime": {"datetime": "2021-09-23 11:30:44", "elapsed": 12.65887, "delta": 0.674038}}
{"target": 0.9174924612605826, "params": {"C": 886.6979073196858, "epsilon": 0.2815224784612145, "gamma": 0.05726235889182613, "lamda": 0.07266706279286915}, "datetime": {"datetime": "2021-09-23 11:30:44", "elapsed": 13.177891, "delta": 0.519021}}
{"target": 0.9059929406476919, "params": {"C": 817.085708242257, "epsilon": 0.07, "gamma": 0.05, "lamda": 0.045}, "datetime": {"datetime": "2021-09-23 11:30:45", "elapsed": 13.846386, "delta": 0.668495}}
{"target": 0.9151448046553983, "params": {"C": 807.8016491204328, "epsilon": 0.11181912534310776, "gamma": 0.06051986249039908, "lamda": 0.06884896295586891}, "datetime": {"datetime": "2021-09-23 11:30:46", "elapsed": 14.477382, "delta": 0.630996}}
{"target": 0.9183111579620081, "params": {"C": 855.1467258114374, "epsilon": 0.12489925438069993, "gamma": 0.06303973223664343, "lamda": 0.15690568745367225}, "datetime": {"datetime": "2021-09-23 11:30:46", "elapsed": 15.165258, "delta": 0.687876}}
{"target": 0.9092355332843329, "params": {"C": 989.9107897844501, "epsilon": 0.34, "gamma": 0.1, "lamda": 0.17}, "datetime": {"datetime": "2021-09-23 11:30:47", "elapsed": 15.692741, "delta": 0.527483}}
{"target": 0.9181101820046084, "params": {"C": 858.5484202912407, "epsilon": 0.3139590427002872, "gamma": 0.06859135298500843, "lamda": 0.06147521348601524}, "datetime": {"datetime": "2021-09-23 11:30:47", "elapsed": 16.21033, "delta": 0.517589}}
{"target": 0.9107913960648227, "params": {"C": 907.0786760941431, "epsilon": 0.0759290216126481, "gamma": 0.07364299102666526, "lamda": 0.08708250226283393}, "datetime": {"datetime": "2021-09-23 11:30:48", "elapsed": 16.759334, "delta": 0.549004}}
{"target": 0.9094364088379843, "params": {"C": 927.9453458711073, "epsilon": 0.34, "gamma": 0.1, "lamda": 0.045}, "datetime": {"datetime": "2021-09-23 11:30:48", "elapsed": 17.346664, "delta": 0.58733}}
{"target": 0.9166833789062228, "params": {"C": 877.5758857958901, "epsilon": 0.34, "gamma": 0.05, "lamda": 0.045}, "datetime": {"datetime": "2021-09-23 11:30:49", "elapsed": 18.073663, "delta": 0.726999}}
{"target": 0.8853888196773595, "params": {"C": 916.1148314524465, "epsilon": 0.07, "gamma": 0.1, "lamda": 0.045}, "datetime": {"datetime": "2021-09-23 11:30:50", "elapsed": 19.018247, "delta": 0.944584}}
{"target": 0.9174194191375021, "params": {"C": 982.5000888401269, "epsilon": 0.08156306057899995, "gamma": 0.060323868939525696, "lamda": 0.11731285578545939}, "datetime": {"datetime": "2021-09-23 11:30:51", "elapsed": 19.74044, "delta": 0.722193}}
{"target": 0.9159021283868087, "params": {"C": 799.9798042961017, "epsilon": 0.1501885020891869, "gamma": 0.05131143128868288, "lamda": 0.14244784831305568}, "datetime": {"datetime": "2021-09-23 11:30:52", "elapsed": 20.607149, "delta": 0.866709}}
{"target": 0.9058214815338592, "params": {"C": 896.6969826686226, "epsilon": 0.07, "gamma": 0.05, "lamda": 0.045}, "datetime": {"datetime": "2021-09-23 11:30:52", "elapsed": 21.295608, "delta": 0.688459}}
{"target": 0.9151430242075583, "params": {"C": 852.090142700271, "epsilon": 0.07, "gamma": 0.05, "lamda": 0.1297896353373172}, "datetime": {"datetime": "2021-09-23 11:30:53", "elapsed": 21.77961, "delta": 0.484002}}
{"target": 0.9137157659299637, "params": {"C": 789.662297199387, "epsilon": 0.2967417621380355, "gamma": 0.0808518577803044, "lamda": 0.15460870383505937}, "datetime": {"datetime": "2021-09-23 11:30:53", "elapsed": 22.277646, "delta": 0.498036}}
{"target": 0.9076125007353016, "params": {"C": 874.4740955545466, "epsilon": 0.07, "gamma": 0.1, "lamda": 0.17}, "datetime": {"datetime": "2021-09-23 11:30:54", "elapsed": 22.775183, "delta": 0.497537}}
{"target": 0.9149656036112465, "params": {"C": 889.1091287618012, "epsilon": 0.09343757975067613, "gamma": 0.06240467532141582, "lamda": 0.07911539514515005}, "datetime": {"datetime": "2021-09-23 11:30:54", "elapsed": 23.296068, "delta": 0.520885}}
{"target": 0.9121200097632176, "params": {"C": 940.1799094337487, "epsilon": 0.2969063385079986, "gamma": 0.06178336706727863, "lamda": 0.16669949577757426}, "datetime": {"datetime": "2021-09-23 11:30:55", "elapsed": 23.791039, "delta": 0.494971}}
{"target": 0.9125570757601783, "params": {"C": 947.7360943080685, "epsilon": 0.0753305427805886, "gamma": 0.058748821606641265, "lamda": 0.0730846124971556}, "datetime": {"datetime": "2021-09-23 11:30:55", "elapsed": 24.367051, "delta": 0.576012}}
{"target": 0.9146088674105177, "params": {"C": 861.1301284291827, "epsilon": 0.21389336879053428, "gamma": 0.08684285691218763, "lamda": 0.1590687825854434}, "datetime": {"datetime": "2021-09-23 11:30:56", "elapsed": 24.893555, "delta": 0.526504}}
{"target": 0.910720879691088, "params": {"C": 879.6825930247078, "epsilon": 0.07139129669388676, "gamma": 0.06861390545497385, "lamda": 0.07715048810781767}, "datetime": {"datetime": "2021-09-23 11:30:56", "elapsed": 25.453159, "delta": 0.559604}}
{"target": 0.9183878782384715, "params": {"C": 884.4876060368981, "epsilon": 0.11532475403655111, "gamma": 0.06746378812919789, "lamda": 0.15661904013213607}, "datetime": {"datetime": "2021-09-23 11:30:57", "elapsed": 26.008527, "delta": 0.555368}}
{"target": 0.9056981067999239, "params": {"C": 924.5896547668149, "epsilon": 0.07, "gamma": 0.05, "lamda": 0.045}, "datetime": {"datetime": "2021-09-23 11:30:58", "elapsed": 26.650564, "delta": 0.642037}}
{"target": 0.9092355332843329, "params": {"C": 909.7083836695406, "epsilon": 0.34, "gamma": 0.1, "lamda": 0.17}, "datetime": {"datetime": "2021-09-23 11:30:58", "elapsed": 27.194362, "delta": 0.543798}}
{"target": 0.915229675733718, "params": {"C": 968.7089963061147, "epsilon": 0.07620860260561796, "gamma": 0.07177226117070307, "lamda": 0.12954653968139365}, "datetime": {"datetime": "2021-09-23 11:30:59", "elapsed": 27.743224, "delta": 0.548862}}
{"target": 0.9105355586963317, "params": {"C": 810.0707112604478, "epsilon": 0.09176502430108681, "gamma": 0.08253964491672099, "lamda": 0.09409643241398723}, "datetime": {"datetime": "2021-09-23 11:30:59", "elapsed": 28.353256, "delta": 0.610032}}
{"target": 0.9175545744045772, "params": {"C": 805.678814781134, "epsilon": 0.10922631344270273, "gamma": 0.0647649324526618, "lamda": 0.10014902210533184}, "datetime": {"datetime": "2021-09-23 11:31:00", "elapsed": 28.861687, "delta": 0.508431}}
{"target": 0.9053874111666527, "params": {"C": 904.1051776290868, "epsilon": 0.09067924327064746, "gamma": 0.07560137669635929, "lamda": 0.05165445388024473}, "datetime": {"datetime": "2021-09-23 11:31:00", "elapsed": 29.449372, "delta": 0.587685}}
{"target": 0.9094364088379843, "params": {"C": 856.8035717463864, "epsilon": 0.34, "gamma": 0.1, "lamda": 0.045}, "datetime": {"datetime": "2021-09-23 11:31:01", "elapsed": 30.047372, "delta": 0.598}}
{"target": 0.913198150798971, "params": {"C": 853.6863535661255, "epsilon": 0.33506262271924014, "gamma": 0.0887970050982312, "lamda": 0.12754245312468}, "datetime": {"datetime": "2021-09-23 11:31:02", "elapsed": 30.595105, "delta": 0.547733}}
{"target": 0.912084819550493, "params": {"C": 984.0725052278016, "epsilon": 0.08726793339109905, "gamma": 0.08616385485048397, "lamda": 0.12991670127641877}, "datetime": {"datetime": "2021-09-23 11:31:02", "elapsed": 31.166905, "delta": 0.5718}}
{"target": 0.9166942475791314, "params": {"C": 980.7708010025004, "epsilon": 0.34, "gamma": 0.05, "lamda": 0.045}, "datetime": {"datetime": "2021-09-23 11:31:03", "elapsed": 31.710059, "delta": 0.543154}}
{"target": 0.9027327884824228, "params": {"C": 993.8554495432376, "epsilon": 0.11216109444487848, "gamma": 0.08944926594716059, "lamda": 0.05915413626087283}, "datetime": {"datetime": "2021-09-23 11:31:03", "elapsed": 32.205992, "delta": 0.495933}}
{"target": 0.9046961423112531, "params": {"C": 987.3894246504119, "epsilon": 0.07620769701915125, "gamma": 0.09039841457115189, "lamda": 0.09722516342460041}, "datetime": {"datetime": "2021-09-23 11:31:04", "elapsed": 32.863992, "delta": 0.658}}
{"target": 0.9151571299508823, "params": {"C": 801.815052270075, "epsilon": 0.11269801970670679, "gamma": 0.08189911653968424, "lamda": 0.12671981407135102}, "datetime": {"datetime": "2021-09-23 11:31:04", "elapsed": 33.426253, "delta": 0.562261}}
{"target": 0.9092355332843329, "params": {"C": 823.5124073635599, "epsilon": 0.34, "gamma": 0.1, "lamda": 0.17}, "datetime": {"datetime": "2021-09-23 11:31:05", "elapsed": 33.991213, "delta": 0.56496}}
{"target": 0.9129329199205624, "params": {"C": 975.4304757532789, "epsilon": 0.32052138667895363, "gamma": 0.07367460746610231, "lamda": 0.16220904413393597}, "datetime": {"datetime": "2021-09-23 11:31:06", "elapsed": 34.604346, "delta": 0.613133}}
{"target": 0.9171867859372688, "params": {"C": 797.8312562193986, "epsilon": 0.3297387970910306, "gamma": 0.054159004566147924, "lamda": 0.05622041613172153}, "datetime": {"datetime": "2021-09-23 11:31:06", "elapsed": 35.160774, "delta": 0.556428}}
{"target": 0.9126336982303597, "params": {"C": 931.2387782008946, "epsilon": 0.27922382125945644, "gamma": 0.08979247787906151, "lamda": 0.16130748194957534}, "datetime": {"datetime": "2021-09-23 11:31:07", "elapsed": 35.660057, "delta": 0.499283}}
{"target": 0.9149297737167292, "params": {"C": 844.4998252627814, "epsilon": 0.33543988877297354, "gamma": 0.06108970959776711, "lamda": 0.10695477926386429}, "datetime": {"datetime": "2021-09-23 11:31:07", "elapsed": 36.208655, "delta": 0.548598}}
{"target": 0.9106331511208843, "params": {"C": 953.3946479093936, "epsilon": 0.34, "gamma": 0.09251067855290554, "lamda": 0.17}, "datetime": {"datetime": "2021-09-23 11:31:08", "elapsed": 36.812106, "delta": 0.603451}}
{"target": 0.90855186185352, "params": {"C": 836.759619305132, "epsilon": 0.07508207612384715, "gamma": 0.08131165986919925, "lamda": 0.09232368329460715}, "datetime": {"datetime": "2021-09-23 11:31:08", "elapsed": 37.375041, "delta": 0.562935}}
{"target": 0.9060778152555795, "params": {"C": 787.7280386163008, "epsilon": 0.07, "gamma": 0.05, "lamda": 0.045}, "datetime": {"datetime": "2021-09-23 11:31:09", "elapsed": 37.994036, "delta": 0.618995}}
{"target": 0.9171321317475682, "params": {"C": 791.6491529961496, "epsilon": 0.3375791064818804, "gamma": 0.07341524046839153, "lamda": 0.07975443611797968}, "datetime": {"datetime": "2021-09-23 11:31:10", "elapsed": 38.632325, "delta": 0.638289}}
{"target": 0.9165050515982339, "params": {"C": 859.7286321930742, "epsilon": 0.13701832230921798, "gamma": 0.06858648908763401, "lamda": 0.07569407426398489}, "datetime": {"datetime": "2021-09-23 11:31:10", "elapsed": 39.348829, "delta": 0.716504}}
{"target": 0.9016919126378443, "params": {"C": 961.8425802586817, "epsilon": 0.07, "gamma": 0.06865000309309872, "lamda": 0.045}, "datetime": {"datetime": "2021-09-23 11:31:11", "elapsed": 40.001124, "delta": 0.652295}}
{"target": 0.9167698132273623, "params": {"C": 830.5813073561665, "epsilon": 0.3377669754414035, "gamma": 0.059331500641914725, "lamda": 0.07594963777534852}, "datetime": {"datetime": "2021-09-23 11:31:12", "elapsed": 40.583366, "delta": 0.582242}}
{"target": 0.9125891387533392, "params": {"C": 850.3019110993614, "epsilon": 0.2600755591477228, "gamma": 0.09509168419581138, "lamda": 0.14629572014188724}, "datetime": {"datetime": "2021-09-23 11:31:12", "elapsed": 41.16266, "delta": 0.579294}}
{"target": 0.9124346026880783, "params": {"C": 814.2195630032661, "epsilon": 0.2666620716857202, "gamma": 0.095950303137205, "lamda": 0.14139664556623244}, "datetime": {"datetime": "2021-09-23 11:31:13", "elapsed": 41.816984, "delta": 0.654324}}
{"target": 0.9070977630707603, "params": {"C": 863.2449967039823, "epsilon": 0.34, "gamma": 0.05, "lamda": 0.17}, "datetime": {"datetime": "2021-09-23 11:31:13", "elapsed": 42.407223, "delta": 0.590239}}
{"target": 0.9150795054584419, "params": {"C": 890.7257003660349, "epsilon": 0.31340504296037386, "gamma": 0.07457452839778068, "lamda": 0.126918822665152}, "datetime": {"datetime": "2021-09-23 11:31:14", "elapsed": 43.038541, "delta": 0.631318}}
{"target": 0.9111523288645837, "params": {"C": 819.6834145214757, "epsilon": 0.334070966321856, "gamma": 0.09383413199498927, "lamda": 0.15720119271217903}, "datetime": {"datetime": "2021-09-23 11:31:15", "elapsed": 43.762374, "delta": 0.723833}}
{"target": 0.9179561483085581, "params": {"C": 942.1482555288366, "epsilon": 0.12182957933289099, "gamma": 0.0577229138288754, "lamda": 0.1557444330675991}, "datetime": {"datetime": "2021-09-23 11:31:15", "elapsed": 44.399157, "delta": 0.636783}}
{"target": 0.9182496498803658, "params": {"C": 885.5465734269661, "epsilon": 0.30752626625274815, "gamma": 0.06103226389905086, "lamda": 0.05512097096985984}, "datetime": {"datetime": "2021-09-23 11:31:16", "elapsed": 45.128785, "delta": 0.729628}}
{"target": 0.9091489221872535, "params": {"C": 829.3464719946554, "epsilon": 0.09746706768109424, "gamma": 0.09860972207169562, "lamda": 0.13748605068207065}, "datetime": {"datetime": "2021-09-23 11:31:17", "elapsed": 45.874028, "delta": 0.745243}}
{"target": 0.9154998301230062, "params": {"C": 831.7876138762127, "epsilon": 0.07413132116431752, "gamma": 0.053750068664095256, "lamda": 0.11346636180476573}, "datetime": {"datetime": "2021-09-23 11:31:18", "elapsed": 46.619242, "delta": 0.745214}}
{"target": 0.9048280077911384, "params": {"C": 967.1850799175824, "epsilon": 0.07049201171625687, "gamma": 0.09320027972128413, "lamda": 0.1121876708802894}, "datetime": {"datetime": "2021-09-23 11:31:18", "elapsed": 47.3365, "delta": 0.717258}}
{"target": 0.8937379763344827, "params": {"C": 970.1455765321695, "epsilon": 0.08239024258957472, "gamma": 0.09401603011481678, "lamda": 0.056638476164677196}, "datetime": {"datetime": "2021-09-23 11:31:19", "elapsed": 47.973853, "delta": 0.637353}}
{"target": 0.9164345321467753, "params": {"C": 883.3510634221575, "epsilon": 0.31355775740685954, "gamma": 0.07466191088334717, "lamda": 0.09946143638489101}, "datetime": {"datetime": "2021-09-23 11:31:20", "elapsed": 48.684082, "delta": 0.710229}}
{"target": 0.9132189876820247, "params": {"C": 894.4074537940626, "epsilon": 0.3234683422799875, "gamma": 0.07866552290366506, "lamda": 0.15441809944695095}, "datetime": {"datetime": "2021-09-23 11:31:20", "elapsed": 49.449012, "delta": 0.76493}}
{"target": 0.9129641864503169, "params": {"C": 973.7439094788855, "epsilon": 0.09532181093227478, "gamma": 0.05069745915948518, "lamda": 0.06774374405873236}, "datetime": {"datetime": "2021-09-23 11:31:21", "elapsed": 50.183884, "delta": 0.734872}}
{"target": 0.9167592583519768, "params": {"C": 871.642622854179, "epsilon": 0.271873379951027, "gamma": 0.077317567368194, "lamda": 0.10098535894521744}, "datetime": {"datetime": "2021-09-23 11:31:22", "elapsed": 50.901591, "delta": 0.717707}}
{"target": 0.9007551908849987, "params": {"C": 842.9954977092907, "epsilon": 0.11163198710232096, "gamma": 0.09529918091182187, "lamda": 0.06035752655227403}, "datetime": {"datetime": "2021-09-23 11:31:23", "elapsed": 51.627833, "delta": 0.726242}}
{"target": 0.9049667170370103, "params": {"C": 845.8246623331238, "epsilon": 0.07553654143295334, "gamma": 0.06806958507618632, "lamda": 0.04623690572687521}, "datetime": {"datetime": "2021-09-23 11:31:23", "elapsed": 52.317333, "delta": 0.6895}}
{"target": 0.9159570150266066, "params": {"C": 798.8690000351422, "epsilon": 0.09580553244872506, "gamma": 0.07064624038589119, "lamda": 0.1024112664590631}, "datetime": {"datetime": "2021-09-23 11:31:24", "elapsed": 52.93733, "delta": 0.619997}}
{"target": 0.91342134732479, "params": {"C": 792.8974615125157, "epsilon": 0.08421501316804575, "gamma": 0.053036402797755094, "lamda": 0.07859272831510072}, "datetime": {"datetime": "2021-09-23 11:31:25", "elapsed": 53.577618, "delta": 0.640288}}
{"target": 0.9131694103956413, "params": {"C": 887.8830797672036, "epsilon": 0.3314129885017021, "gamma": 0.08415142630949507, "lamda": 0.14304992430995395}, "datetime": {"datetime": "2021-09-23 11:31:25", "elapsed": 54.147651, "delta": 0.570033}}
{"target": 0.9142392605532531, "params": {"C": 806.648914169179, "epsilon": 0.33333689129531785, "gamma": 0.08503416043651499, "lamda": 0.11767369545244892}, "datetime": {"datetime": "2021-09-23 11:31:26", "elapsed": 54.79862, "delta": 0.650969}}
{"target": 0.9026725801015213, "params": {"C": 804.6822394409243, "epsilon": 0.07470294749095495, "gamma": 0.09958129287327092, "lamda": 0.10742920118727844}, "datetime": {"datetime": "2021-09-23 11:31:27", "elapsed": 55.532866, "delta": 0.734246}}
{"target": 0.9109998993240758, "params": {"C": 981.6786835639534, "epsilon": 0.3124992374023148, "gamma": 0.05311802853661209, "lamda": 0.1388035114844383}, "datetime": {"datetime": "2021-09-23 11:31:27", "elapsed": 56.192677, "delta": 0.659811}}
{"target": 0.9114745202280705, "params": {"C": 893.0506727055817, "epsilon": 0.09831286248518994, "gamma": 0.08032577515035934, "lamda": 0.0922846815015244}, "datetime": {"datetime": "2021-09-23 11:31:28", "elapsed": 56.767268, "delta": 0.574591}}
{"target": 0.910558914372689, "params": {"C": 893.2124869286836, "epsilon": 0.08783251691244706, "gamma": 0.08886300456682694, "lamda": 0.12321986634549197}, "datetime": {"datetime": "2021-09-23 11:31:28", "elapsed": 57.373931, "delta": 0.606663}}
{"target": 0.9125604659226108, "params": {"C": 905.2368563334326, "epsilon": 0.13676322865517215, "gamma": 0.09648550961139739, "lamda": 0.15769223401695448}, "datetime": {"datetime": "2021-09-23 11:31:29", "elapsed": 57.899122, "delta": 0.525191}}
{"target": 0.9153767326204628, "params": {"C": 964.0551145081181, "epsilon": 0.323062482242973, "gamma": 0.05758340235983944, "lamda": 0.09481381680545667}, "datetime": {"datetime": "2021-09-23 11:31:29", "elapsed": 58.410121, "delta": 0.510999}}
{"target": 0.9055394964394424, "params": {"C": 927.2745071622072, "epsilon": 0.07479249391340297, "gamma": 0.07426837006273858, "lamda": 0.06104774322413187}, "datetime": {"datetime": "2021-09-23 11:31:30", "elapsed": 58.944119, "delta": 0.533998}}
{"target": 0.9118450684299626, "params": {"C": 801.1957892555661, "epsilon": 0.2123168139041356, "gamma": 0.095489607911743, "lamda": 0.0800012694152168}, "datetime": {"datetime": "2021-09-23 11:31:31", "elapsed": 59.479513, "delta": 0.535394}}
{"target": 0.9174793577872998, "params": {"C": 910.6092112811964, "epsilon": 0.08056884773689726, "gamma": 0.05260914624569396, "lamda": 0.14507112539410755}, "datetime": {"datetime": "2021-09-23 11:31:31", "elapsed": 60.045637, "delta": 0.566124}}
{"target": 0.9138229075777963, "params": {"C": 925.6778627850358, "epsilon": 0.28389704433406615, "gamma": 0.053615123940699894, "lamda": 0.11368618600821587}, "datetime": {"datetime": "2021-09-23 11:31:32", "elapsed": 60.592246, "delta": 0.546609}}
