{"target": 0.9142534866237615, "params": {"C": 1183.934791201844, "epsilon": 0.05392193403144614, "gamma": 0.0677104658510718, "lamda": 0.13448963003325234}, "datetime": {"datetime": "2021-09-23 23:31:22", "elapsed": 222.913206, "delta": 1.637633}}
{"target": 0.9013128285004701, "params": {"C": 1108.2571129227922, "epsilon": 0.4242944668651871, "gamma": 0.014981785819510793, "lamda": 0.07556864780333176}, "datetime": {"datetime": "2021-09-23 23:31:23", "elapsed": 224.483166, "delta": 1.56996}}
{"target": 0.9099842319946523, "params": {"C": 1125.8070700929366, "epsilon": 0.3990254428055038, "gamma": 0.04580886577930534, "lamda": 0.27796289631313376}, "datetime": {"datetime": "2021-09-23 23:31:24", "elapsed": 225.519166, "delta": 1.036}}
{"target": 0.897013624402283, "params": {"C": 1167.1063439377053, "epsilon": 0.5984587817127524, "gamma": 0.03314308659796798, "lamda": 0.32768291376103525}, "datetime": {"datetime": "2021-09-23 23:31:25", "elapsed": 226.576319, "delta": 1.057153}}
{"target": 0.9120749735600417, "params": {"C": 1219.2485582152885, "epsilon": 0.5464722765141877, "gamma": 0.017175293891336957, "lamda": 0.029396012233885976}, "datetime": {"datetime": "2021-09-23 23:31:27", "elapsed": 228.056056, "delta": 1.479737}}
{"target": 0.916507996443316, "params": {"C": 1183.95992172609, "epsilon": 0.20862819836125585, "gamma": 0.026820314771347997, "lamda": 0.15656593540963284}, "datetime": {"datetime": "2021-09-23 23:31:29", "elapsed": 229.846053, "delta": 1.789997}}
{"target": 0.8963362367112583, "params": {"C": 1226.0860954717446, "epsilon": 0.6790756925570854, "gamma": 0.06453993982117275, "lamda": 0.317068464075257}, "datetime": {"datetime": "2021-09-23 23:31:30", "elapsed": 230.948012, "delta": 1.101959}}
{"target": 0.9279074713412769, "params": {"C": 1146.1323186593177, "epsilon": 0.04735802086688378, "gamma": 0.028808864441749342, "lamda": 0.15791071309890395}, "datetime": {"datetime": "2021-09-23 23:31:32", "elapsed": 232.748276, "delta": 1.800264}}
{"target": 0.9230644444487427, "params": {"C": 1145.3028460376606, "epsilon": 0.4215175443953676, "gamma": 0.05070303880174675, "lamda": 0.06120945790223187}, "datetime": {"datetime": "2021-09-23 23:31:33", "elapsed": 234.182025, "delta": 1.433749}}
{"target": 0.9141357642376912, "params": {"C": 1170.6314663578503, "epsilon": 0.21658840424194875, "gamma": 0.02881575997328912, "lamda": 0.22351033675314216}, "datetime": {"datetime": "2021-09-23 23:31:34", "elapsed": 235.374801, "delta": 1.192776}}
{"target": 0.9142539202895001, "params": {"C": 1141.867296617783, "epsilon": 0.6695675653721247, "gamma": 0.0660586324365274, "lamda": 0.0781986224354041}, "datetime": {"datetime": "2021-09-23 23:31:35", "elapsed": 236.542425, "delta": 1.167624}}
{"target": 0.9182230558690642, "params": {"C": 1202.1299200174662, "epsilon": 0.8633449345826142, "gamma": 0.06328709019955386, "lamda": 0.036195078348426564}, "datetime": {"datetime": "2021-09-23 23:31:37", "elapsed": 237.80845, "delta": 1.266025}}
{"target": 0.9200732557175645, "params": {"C": 1219.1698679708156, "epsilon": 0.524161111306091, "gamma": 0.06205615438255467, "lamda": 0.019874657524845175}, "datetime": {"datetime": "2021-09-23 23:31:38", "elapsed": 239.393615, "delta": 1.585165}}
{"target": 0.9303898298133421, "params": {"C": 1146.1907705209703, "epsilon": 0.05036170101148849, "gamma": 0.03741158140762842, "lamda": 0.13554994165253031}, "datetime": {"datetime": "2021-09-23 23:31:40", "elapsed": 240.977479, "delta": 1.583864}}
{"target": 0.9083471192397142, "params": {"C": 1241.0321632621938, "epsilon": 0.3855008869197727, "gamma": 0.029459514715263722, "lamda": 0.21789917067271516}, "datetime": {"datetime": "2021-09-23 23:31:41", "elapsed": 242.193931, "delta": 1.216452}}
{"target": 0.9240782929397834, "params": {"C": 1145.2768203946998, "epsilon": 0.32975189623207724, "gamma": 0.04397214042748094, "lamda": 0.07607994573524918}, "datetime": {"datetime": "2021-09-23 23:31:43", "elapsed": 243.803234, "delta": 1.609303}}
{"target": 0.910162749444408, "params": {"C": 1183.9442571706409, "epsilon": 0.15888507760079398, "gamma": 0.016393837545594307, "lamda": 0.10825543931193711}, "datetime": {"datetime": "2021-09-23 23:31:44", "elapsed": 245.286025, "delta": 1.482791}}
{"target": 0.9288754969646227, "params": {"C": 1146.196234378189, "epsilon": 0.10103038622290009, "gamma": 0.04199591695663441, "lamda": 0.1028535030789226}, "datetime": {"datetime": "2021-09-23 23:31:46", "elapsed": 247.322638, "delta": 2.036613}}
{"target": 0.91922921882203, "params": {"C": 1146.0011243647727, "epsilon": 0.2570031547181474, "gamma": 0.06084144180215035, "lamda": 0.11940668205052359}, "datetime": {"datetime": "2021-09-23 23:31:48", "elapsed": 248.846501, "delta": 1.523863}}
{"target": 0.9217123123250299, "params": {"C": 1181.0072054644097, "epsilon": 0.12827569862720256, "gamma": 0.05348168363709841, "lamda": 0.20298160983028182}, "datetime": {"datetime": "2021-09-23 23:31:49", "elapsed": 250.298502, "delta": 1.452001}}
{"target": 0.9211430132601764, "params": {"C": 1145.1699217170587, "epsilon": 0.3645393538303182, "gamma": 0.040504246815063406, "lamda": 0.09909967717493116}, "datetime": {"datetime": "2021-09-23 23:31:51", "elapsed": 251.896044, "delta": 1.597542}}
{"target": 0.9152068891393706, "params": {"C": 1132.664719680666, "epsilon": 0.2749293652376976, "gamma": 0.01787037411100976, "lamda": 0.031211143086029177}, "datetime": {"datetime": "2021-09-23 23:31:52", "elapsed": 253.200489, "delta": 1.304445}}
{"target": 0.918449514199366, "params": {"C": 1132.5480276520384, "epsilon": 0.3186295812073089, "gamma": 0.06620852774177075, "lamda": 0.07578791861878222}, "datetime": {"datetime": "2021-09-23 23:31:54", "elapsed": 254.747001, "delta": 1.546512}}
{"target": 0.9045544311368775, "params": {"C": 1147.3316991012277, "epsilon": 0.8203224586898195, "gamma": 0.03468971127098242, "lamda": 0.16680464059172936}, "datetime": {"datetime": "2021-09-23 23:31:55", "elapsed": 255.98925, "delta": 1.242249}}
{"target": 0.9276628288248132, "params": {"C": 1164.6888583814325, "epsilon": 0.11016972861609199, "gamma": 0.04679592675246724, "lamda": 0.07622951325467774}, "datetime": {"datetime": "2021-09-23 23:31:57", "elapsed": 257.850812, "delta": 1.861562}}
{"target": 0.8911959100377559, "params": {"C": 1174.298357953239, "epsilon": 0.789949519200054, "gamma": 0.055509346028482155, "lamda": 0.37012318832676455}, "datetime": {"datetime": "2021-09-23 23:31:58", "elapsed": 259.109154, "delta": 1.258342}}
{"target": 0.9147532348405703, "params": {"C": 1122.9937624331144, "epsilon": 0.7038447656198701, "gamma": 0.04280147571250267, "lamda": 0.10507505443789188}, "datetime": {"datetime": "2021-09-23 23:31:59", "elapsed": 260.375092, "delta": 1.265938}}
{"target": 0.8855628570853395, "params": {"C": 1223.3164037425238, "epsilon": 0.9190002583028946, "gamma": 0.011514282950071434, "lamda": 0.0600811254301324}, "datetime": {"datetime": "2021-09-23 23:32:01", "elapsed": 262.051382, "delta": 1.67629}}
{"target": 0.9252103049037845, "params": {"C": 1146.36692701657, "epsilon": 0.08520408680064911, "gamma": 0.03109183182896414, "lamda": 0.18409291063761996}, "datetime": {"datetime": "2021-09-23 23:32:04", "elapsed": 264.656966, "delta": 2.605584}}
{"target": 0.91105656732912, "params": {"C": 1219.115937569107, "epsilon": 0.5345933135583839, "gamma": 0.02289500432355658, "lamda": 0.07387459357346744}, "datetime": {"datetime": "2021-09-23 23:32:05", "elapsed": 265.999378, "delta": 1.342412}}
{"target": 0.9191406825214821, "params": {"C": 1180.9447262173003, "epsilon": 0.035731602569945065, "gamma": 0.020120388222809486, "lamda": 0.18475043913713732}, "datetime": {"datetime": "2021-09-23 23:32:07", "elapsed": 267.810166, "delta": 1.810788}}
{"target": 0.914357000764924, "params": {"C": 1179.3343253358546, "epsilon": 0.34247662385980226, "gamma": 0.04833521569363582, "lamda": 0.2236747338830141}, "datetime": {"datetime": "2021-09-23 23:32:08", "elapsed": 269.121488, "delta": 1.311322}}
{"target": 0.9096672219259396, "params": {"C": 1146.2115023518043, "epsilon": 0.08004910283070255, "gamma": 0.015450430044345055, "lamda": 0.1692970626005487}, "datetime": {"datetime": "2021-09-23 23:32:10", "elapsed": 270.788034, "delta": 1.666546}}
{"target": 0.9132607032609872, "params": {"C": 1233.77331711907, "epsilon": 0.24906065853642703, "gamma": 0.020159788817292947, "lamda": 0.09090752970292984}, "datetime": {"datetime": "2021-09-23 23:32:11", "elapsed": 272.549187, "delta": 1.761153}}
{"target": 0.9070970307426373, "params": {"C": 1164.7487304907502, "epsilon": 0.08005232999234234, "gamma": 0.013392659567985622, "lamda": 0.06337025293453881}, "datetime": {"datetime": "2021-09-23 23:32:13", "elapsed": 274.343845, "delta": 1.794658}}
{"target": 0.9109519970607133, "params": {"C": 1121.1158432524014, "epsilon": 0.3521225589123351, "gamma": 0.06707401134491564, "lamda": 0.20546875555452276}, "datetime": {"datetime": "2021-09-23 23:32:14", "elapsed": 275.63885, "delta": 1.295005}}
{"target": 0.9149829915008909, "params": {"C": 1180.7143112179547, "epsilon": 0.37285331333082794, "gamma": 0.040189437557264986, "lamda": 0.19011307631389732}, "datetime": {"datetime": "2021-09-23 23:32:16", "elapsed": 276.823907, "delta": 1.185057}}
{"target": 0.9182660320195901, "params": {"C": 1145.976758093686, "epsilon": 0.11677383696155152, "gamma": 0.020020891181888496, "lamda": 0.09075007572567101}, "datetime": {"datetime": "2021-09-23 23:32:17", "elapsed": 278.468406, "delta": 1.644499}}
{"target": 0.8993866046883058, "params": {"C": 1172.2204322658106, "epsilon": 0.7408649511284698, "gamma": 0.04927699645693644, "lamda": 0.28688367998786113}, "datetime": {"datetime": "2021-09-23 23:32:19", "elapsed": 279.697633, "delta": 1.229227}}
{"target": 0.9124691836501803, "params": {"C": 1151.9232681400176, "epsilon": 0.9437229438946725, "gamma": 0.038127207173962986, "lamda": 0.0897471787714462}, "datetime": {"datetime": "2021-09-23 23:32:20", "elapsed": 280.96363, "delta": 1.265997}}
{"target": 0.927302743296865, "params": {"C": 1106.9836511910064, "epsilon": 0.9133342829609084, "gamma": 0.02915695429644182, "lamda": 0.009357343746428139}, "datetime": {"datetime": "2021-09-23 23:32:21", "elapsed": 282.321965, "delta": 1.358335}}
{"target": 0.9112298234713448, "params": {"C": 1145.2876115779438, "epsilon": 0.05080396200645276, "gamma": 0.06582959550161746, "lamda": 0.10509931296807659}, "datetime": {"datetime": "2021-09-23 23:32:22", "elapsed": 283.608021, "delta": 1.286056}}
{"target": 0.8999791921896837, "params": {"C": 1253.4581487137416, "epsilon": 0.8797423321565119, "gamma": 0.05146519184214646, "lamda": 0.23524150766979834}, "datetime": {"datetime": "2021-09-23 23:32:24", "elapsed": 284.894909, "delta": 1.286888}}
{"target": 0.9059217299257687, "params": {"C": 1146.0485289405924, "epsilon": 0.2591166143255223, "gamma": 0.01603380944798796, "lamda": 0.09494157899892243}, "datetime": {"datetime": "2021-09-23 23:32:26", "elapsed": 286.709632, "delta": 1.814723}}
{"target": 0.9301414742082095, "params": {"C": 1164.6331013919146, "epsilon": 0.08771045258180744, "gamma": 0.034367027693490766, "lamda": 0.05228770300262186}, "datetime": {"datetime": "2021-09-23 23:32:28", "elapsed": 288.814466, "delta": 2.104834}}
{"target": 0.8989719822429352, "params": {"C": 1171.8127667183799, "epsilon": 0.8951615020471819, "gamma": 0.05446315628752793, "lamda": 0.23937532878438053}, "datetime": {"datetime": "2021-09-23 23:32:29", "elapsed": 290.083317, "delta": 1.268851}}
{"target": 0.917952211285541, "params": {"C": 1189.1055071613794, "epsilon": 0.2669794554411513, "gamma": 0.055145503400645494, "lamda": 0.17628224005410895}, "datetime": {"datetime": "2021-09-23 23:32:30", "elapsed": 291.367224, "delta": 1.283907}}
{"target": 0.9171509800481923, "params": {"C": 1106.9685272671907, "epsilon": 0.9248910288760316, "gamma": 0.06488425054445326, "lamda": 0.038505684437635114}, "datetime": {"datetime": "2021-09-23 23:32:32", "elapsed": 293.314186, "delta": 1.946962}}
{"target": 0.9214907233436405, "params": {"C": 1164.6079602288594, "epsilon": 0.1290229779979165, "gamma": 0.05855327997505293, "lamda": 0.0651072485657485}, "datetime": {"datetime": "2021-09-23 23:32:34", "elapsed": 295.145183, "delta": 1.830997}}
{"target": 0.8969308582414117, "params": {"C": 1166.3627421962717, "epsilon": 0.8502758109313171, "gamma": 0.032090055542956984, "lamda": 0.22905468124487088}, "datetime": {"datetime": "2021-09-23 23:32:35", "elapsed": 296.435186, "delta": 1.290003}}
{"target": 0.9216095995697839, "params": {"C": 1164.6611683722135, "epsilon": 0.06558101625239224, "gamma": 0.054738782176555145, "lamda": 0.09425495318120232}, "datetime": {"datetime": "2021-09-23 23:32:37", "elapsed": 298.337144, "delta": 1.901958}}
{"target": 0.9193952584071993, "params": {"C": 1146.1863521379676, "epsilon": 0.1337113221444793, "gamma": 0.06533181827480128, "lamda": 0.11949208420514332}, "datetime": {"datetime": "2021-09-23 23:32:40", "elapsed": 300.75322, "delta": 2.416076}}
{"target": 0.9013617431902667, "params": {"C": 1146.1359045194226, "epsilon": 0.05075782791859345, "gamma": 0.011255344647027632, "lamda": 0.12867352351171107}, "datetime": {"datetime": "2021-09-23 23:32:41", "elapsed": 302.561288, "delta": 1.808068}}
{"target": 0.9144258014786437, "params": {"C": 1298.2322077362242, "epsilon": 0.47516726752733274, "gamma": 0.05020229908491138, "lamda": 0.16036163556033758}, "datetime": {"datetime": "2021-09-23 23:32:43", "elapsed": 303.918284, "delta": 1.356996}}
{"target": 0.9223740835401681, "params": {"C": 1146.1248927299696, "epsilon": 0.09702769118484461, "gamma": 0.05885994692184857, "lamda": 0.11429763615857065}, "datetime": {"datetime": "2021-09-23 23:32:45", "elapsed": 305.748178, "delta": 1.829894}}
{"target": 0.9044167910164839, "params": {"C": 1116.3980655214023, "epsilon": 0.397653628414109, "gamma": 0.04994007094399021, "lamda": 0.3947241549288147}, "datetime": {"datetime": "2021-09-23 23:32:46", "elapsed": 307.093776, "delta": 1.345598}}
{"target": 0.9059091096047879, "params": {"C": 1166.8902764361403, "epsilon": 0.38476282839667064, "gamma": 0.04601685958946894, "lamda": 0.37493447355870674}, "datetime": {"datetime": "2021-09-23 23:32:47", "elapsed": 308.438618, "delta": 1.344842}}
{"target": 0.9199795064875267, "params": {"C": 1233.608855382583, "epsilon": 0.16655985028773854, "gamma": 0.023871361696877216, "lamda": 0.10325086444526435}, "datetime": {"datetime": "2021-09-23 23:32:49", "elapsed": 310.346236, "delta": 1.907618}}
{"target": 0.9161535438814885, "params": {"C": 1173.7643706667618, "epsilon": 0.6334861572383768, "gamma": 0.06455174015080598, "lamda": 0.06897582647767024}, "datetime": {"datetime": "2021-09-23 23:32:51", "elapsed": 311.747063, "delta": 1.400827}}
{"target": 0.9207698381433231, "params": {"C": 1146.1711447419289, "epsilon": 0.06379543436888108, "gamma": 0.04997854884527415, "lamda": 0.054981653462370106}, "datetime": {"datetime": "2021-09-23 23:32:52", "elapsed": 313.63761, "delta": 1.890547}}
{"target": 0.9233419455657598, "params": {"C": 1145.336681304692, "epsilon": 0.3193550831500769, "gamma": 0.05688197430111497, "lamda": 0.03486233635998473}, "datetime": {"datetime": "2021-09-23 23:32:55", "elapsed": 316.00679, "delta": 2.36918}}
{"target": 0.8704485268906235, "params": {"C": 1165.1147518474756, "epsilon": 0.8519567447550392, "gamma": 0.0119472101010619, "lamda": 0.17796653579144306}, "datetime": {"datetime": "2021-09-23 23:32:56", "elapsed": 317.386827, "delta": 1.380037}}
{"target": 0.9301117099259665, "params": {"C": 1233.6730513085672, "epsilon": 0.21656441375881183, "gamma": 0.03185949215655475, "lamda": 0.03101114320703645}, "datetime": {"datetime": "2021-09-23 23:32:58", "elapsed": 318.93866, "delta": 1.551833}}
{"target": 0.8880519136946396, "params": {"C": 1118.646377944854, "epsilon": 0.3688033087916762, "gamma": 0.016781668878456994, "lamda": 0.29022592418338455}, "datetime": {"datetime": "2021-09-23 23:32:59", "elapsed": 320.303659, "delta": 1.364999}}
{"target": 0.9262281859809167, "params": {"C": 1104.0804047312095, "epsilon": 0.08579372413716728, "gamma": 0.05059309135335158, "lamda": 0.12294577991105199}, "datetime": {"datetime": "2021-09-23 23:33:01", "elapsed": 322.157906, "delta": 1.854247}}
{"target": 0.926712510857137, "params": {"C": 1108.1859068044741, "epsilon": 0.4054340067808496, "gamma": 0.047295802040735434, "lamda": 0.03522543564666008}, "datetime": {"datetime": "2021-09-23 23:33:03", "elapsed": 324.054007, "delta": 1.896101}}
{"target": 0.896249505585373, "params": {"C": 1168.4697848840246, "epsilon": 0.5117726675575088, "gamma": 0.024840042753320583, "lamda": 0.273396414879476}, "datetime": {"datetime": "2021-09-23 23:33:04", "elapsed": 325.465437, "delta": 1.41143}}
{"target": 0.9237200675487537, "params": {"C": 1206.3148399501729, "epsilon": 0.12650070934719068, "gamma": 0.054754666483324846, "lamda": 0.13378095104859974}, "datetime": {"datetime": "2021-09-23 23:33:07", "elapsed": 327.746295, "delta": 2.280858}}
{"target": 0.8983930478986513, "params": {"C": 1220.047740407254, "epsilon": 0.724843868544919, "gamma": 0.02235858599638965, "lamda": 0.14408365040758203}, "datetime": {"datetime": "2021-09-23 23:33:08", "elapsed": 329.119286, "delta": 1.372991}}
{"target": 0.9036795802031412, "params": {"C": 1299.4851078938864, "epsilon": 0.8831072397725472, "gamma": 0.04337153483686626, "lamda": 0.18964014059689782}, "datetime": {"datetime": "2021-09-23 23:33:09", "elapsed": 330.516799, "delta": 1.397513}}
{"target": 0.9182254896029632, "params": {"C": 1145.975304411062, "epsilon": 0.18870126667377937, "gamma": 0.067903105875897, "lamda": 0.07980653845021243}, "datetime": {"datetime": "2021-09-23 23:33:12", "elapsed": 332.665918, "delta": 2.149119}}
{"target": 0.9058646779269227, "params": {"C": 1132.3829846894882, "epsilon": 0.26323056630248637, "gamma": 0.013226091983853926, "lamda": 0.030549619762488676}, "datetime": {"datetime": "2021-09-23 23:33:13", "elapsed": 334.614046, "delta": 1.948128}}
{"target": 0.924740929755503, "params": {"C": 1232.6571140842973, "epsilon": 0.07034606265751511, "gamma": 0.04695676595733513, "lamda": 0.25929124798434067}, "datetime": {"datetime": "2021-09-23 23:33:16", "elapsed": 336.743995, "delta": 2.129949}}
{"target": 0.9126085274467786, "params": {"C": 1164.691238861825, "epsilon": 0.07379055168433092, "gamma": 0.05929238421333807, "lamda": 0.0576140077647143}, "datetime": {"datetime": "2021-09-23 23:33:18", "elapsed": 338.705182, "delta": 1.961187}}
{"target": 0.902458170645866, "params": {"C": 1236.5155352352713, "epsilon": 0.7834335513028995, "gamma": 0.05493913105019002, "lamda": 0.22667180069673118}, "datetime": {"datetime": "2021-09-23 23:33:19", "elapsed": 340.101218, "delta": 1.396036}}
{"target": 0.8841160326286485, "params": {"C": 1287.0987875742578, "epsilon": 0.17476168428108405, "gamma": 0.011157392021976886, "lamda": 0.2997158021010983}, "datetime": {"datetime": "2021-09-23 23:33:20", "elapsed": 341.557318, "delta": 1.4561}}
{"target": 0.8930024530777552, "params": {"C": 1113.1617254240437, "epsilon": 0.6505484817007654, "gamma": 0.026287349512706185, "lamda": 0.2834987473726544}, "datetime": {"datetime": "2021-09-23 23:33:22", "elapsed": 343.037918, "delta": 1.4806}}
{"target": 0.9166332788019915, "params": {"C": 1233.655426277281, "epsilon": 0.2212772845511802, "gamma": 0.0248689382738296, "lamda": 0.002472601544043846}, "datetime": {"datetime": "2021-09-23 23:33:24", "elapsed": 345.39587, "delta": 2.357952}}
{"target": 0.9190437277032265, "params": {"C": 1206.3670767202543, "epsilon": 0.21611861961359022, "gamma": 0.06304501306675853, "lamda": 0.041746774396378625}, "datetime": {"datetime": "2021-09-23 23:33:26", "elapsed": 347.066987, "delta": 1.671117}}
{"target": 0.9076483037311004, "params": {"C": 1196.8314690374873, "epsilon": 0.8440658892790366, "gamma": 0.05473934145101867, "lamda": 0.1527903129318457}, "datetime": {"datetime": "2021-09-23 23:33:27", "elapsed": 348.554418, "delta": 1.487431}}
{"target": 0.9127996241329845, "params": {"C": 1145.9607240493751, "epsilon": 0.09852865755498645, "gamma": 0.01822368908727906, "lamda": 0.17623062497986644}, "datetime": {"datetime": "2021-09-23 23:33:29", "elapsed": 350.534782, "delta": 1.980364}}
{"target": 0.9097943932986384, "params": {"C": 1142.233894884236, "epsilon": 0.6603822751115254, "gamma": 0.0392572497899386, "lamda": 0.16250372686068973}, "datetime": {"datetime": "2021-09-23 23:33:31", "elapsed": 352.05074, "delta": 1.515958}}
{"target": 0.92622854243962, "params": {"C": 1127.0234418534085, "epsilon": 0.2814343193264004, "gamma": 0.02616288357462973, "lamda": 0.012060021138080905}, "datetime": {"datetime": "2021-09-23 23:33:33", "elapsed": 353.663207, "delta": 1.612467}}
{"target": 0.9016656639409524, "params": {"C": 1164.6144736143897, "epsilon": 0.11351485016793324, "gamma": 0.011801934152744427, "lamda": 0.11821252492150953}, "datetime": {"datetime": "2021-09-23 23:33:34", "elapsed": 355.44481, "delta": 1.781603}}
{"target": 0.9108195484276262, "params": {"C": 1157.1370327897985, "epsilon": 0.583852217067559, "gamma": 0.050115847623680695, "lamda": 0.17948711130008912}, "datetime": {"datetime": "2021-09-23 23:33:36", "elapsed": 356.939808, "delta": 1.494998}}
{"target": 0.9083154266153725, "params": {"C": 1114.3925037517986, "epsilon": 0.8528437988306393, "gamma": 0.03557958651791688, "lamda": 0.12758869667163833}, "datetime": {"datetime": "2021-09-23 23:33:37", "elapsed": 358.452378, "delta": 1.51257}}
{"target": 0.9220438330732442, "params": {"C": 1146.104113796097, "epsilon": 0.06431223097044508, "gamma": 0.05918120818778612, "lamda": 0.22382774153226329}, "datetime": {"datetime": "2021-09-23 23:33:40", "elapsed": 361.237501, "delta": 2.785123}}
{"target": 0.903485611768392, "params": {"C": 1296.0769724440697, "epsilon": 0.47366072404852644, "gamma": 0.03255395462214459, "lamda": 0.28571787020879247}, "datetime": {"datetime": "2021-09-23 23:33:42", "elapsed": 362.708461, "delta": 1.47096}}
