{"target": -2.2139736248743125, "params": {"C": 84.80751331882485, "epsilon": 0.18290386166394412, "gamma": 0.15, "lamda": 0.10645669348734604}, "datetime": {"datetime": "2021-09-23 12:51:23", "elapsed": 431.718319, "delta": 4.054618}}
{"target": -2.129757934034611, "params": {"C": 84.94944868645737, "epsilon": 0.08322208883644164, "gamma": 0.12395358928632594, "lamda": 0.3327123909439029}, "datetime": {"datetime": "2021-09-23 12:51:26", "elapsed": 434.892749, "delta": 3.17443}}
{"target": -2.134170173437477, "params": {"C": 84.54289840868208, "epsilon": 0.04377029609467583, "gamma": 0.04167083497032415, "lamda": 0.3096271637269049}, "datetime": {"datetime": "2021-09-23 12:51:29", "elapsed": 438.101094, "delta": 3.208345}}
{"target": -2.1723463031901646, "params": {"C": 125.80922577811472, "epsilon": 0.21057617605344905, "gamma": 0.11522517301247923, "lamda": 0.02863620821084359}, "datetime": {"datetime": "2021-09-23 12:51:31", "elapsed": 440.665778, "delta": 2.564684}}
{"target": -2.1317349402235752, "params": {"C": 60.54788625652954, "epsilon": 0.0391188154093405, "gamma": 0.1002963242133273, "lamda": 0.31631028052728394}, "datetime": {"datetime": "2021-09-23 12:51:35", "elapsed": 443.90744, "delta": 3.241662}}
{"target": -2.106966591078555, "params": {"C": 102.23341100946877, "epsilon": 0.4580834035667023, "gamma": 0.08651930805785396, "lamda": 0.01111693085404619}, "datetime": {"datetime": "2021-09-23 12:51:38", "elapsed": 447.284546, "delta": 3.377106}}
{"target": -2.207382644637443, "params": {"C": 89.11071915277721, "epsilon": 0.3250987535469386, "gamma": 0.04, "lamda": 0.30852351320705074}, "datetime": {"datetime": "2021-09-23 12:51:42", "elapsed": 451.350376, "delta": 4.06583}}
{"target": -2.253679237733607, "params": {"C": 60.55792162620074, "epsilon": 0.3327530271684771, "gamma": 0.14463568746567868, "lamda": 0.3123472826495449}, "datetime": {"datetime": "2021-09-23 12:51:44", "elapsed": 452.69797, "delta": 1.347594}}
{"target": -2.1794237748370278, "params": {"C": 90.3571556089773, "epsilon": 0.3541035670283476, "gamma": 0.09534730218831913, "lamda": 0.2896408897874672}, "datetime": {"datetime": "2021-09-23 12:51:45", "elapsed": 453.91537, "delta": 1.2174}}
{"target": -2.1468640554579626, "params": {"C": 84.74680728600362, "epsilon": 0.001, "gamma": 0.04, "lamda": 0.45648267349673327}, "datetime": {"datetime": "2021-09-23 12:51:48", "elapsed": 456.813225, "delta": 2.897855}}
{"target": -2.1725579152884746, "params": {"C": 84.65410437915111, "epsilon": 0.001, "gamma": 0.04, "lamda": 0.1076655253871195}, "datetime": {"datetime": "2021-09-23 12:51:51", "elapsed": 459.819464, "delta": 3.006239}}
{"target": -2.2088622545584244, "params": {"C": 75.96163407000881, "epsilon": 0.9420404339698741, "gamma": 0.09156654648559881, "lamda": 0.14123016409812844}, "datetime": {"datetime": "2021-09-23 12:51:52", "elapsed": 461.131657, "delta": 1.312193}}
{"target": -2.0785913277325907, "params": {"C": 53.49182559550324, "epsilon": 0.9107432460597397, "gamma": 0.07512108287680999, "lamda": 0.022357976968402506}, "datetime": {"datetime": "2021-09-23 12:51:53", "elapsed": 462.642664, "delta": 1.511007}}
{"target": -2.2032324920992674, "params": {"C": 72.55595177288315, "epsilon": 0.12932655483925765, "gamma": 0.15, "lamda": 0.16601301636233615}, "datetime": {"datetime": "2021-09-23 12:51:56", "elapsed": 465.059266, "delta": 2.416602}}
{"target": -2.470031104582995, "params": {"C": 126.7290743568708, "epsilon": 0.8761469998189231, "gamma": 0.11601951837726848, "lamda": 0.35637215419844864}, "datetime": {"datetime": "2021-09-23 12:51:57", "elapsed": 466.310307, "delta": 1.251041}}
{"target": -2.124220392886121, "params": {"C": 72.71896454289737, "epsilon": 0.27641754696275556, "gamma": 0.04801581842297301, "lamda": 0.01138180151848258}, "datetime": {"datetime": "2021-09-23 12:52:01", "elapsed": 469.839069, "delta": 3.528762}}
{"target": -2.090781305536925, "params": {"C": 85.50613151509418, "epsilon": 0.3216565564553689, "gamma": 0.05157830388916282, "lamda": 0.2111880099146348}, "datetime": {"datetime": "2021-09-23 12:52:04", "elapsed": 473.324179, "delta": 3.48511}}
{"target": -2.4883579804274825, "params": {"C": 85.9063833591899, "epsilon": 0.8920271552011698, "gamma": 0.12151578652713452, "lamda": 0.3624848220119912}, "datetime": {"datetime": "2021-09-23 12:52:05", "elapsed": 474.60286, "delta": 1.278681}}
{"target": -2.126432621104583, "params": {"C": 102.69551250333001, "epsilon": 0.001, "gamma": 0.04, "lamda": 0.2698015062780157}, "datetime": {"datetime": "2021-09-23 12:52:09", "elapsed": 478.081443, "delta": 3.478583}}
{"target": -2.255266667091792, "params": {"C": 53.364376491528745, "epsilon": 0.7969654892524788, "gamma": 0.14377806506394983, "lamda": 0.14945102536422328}, "datetime": {"datetime": "2021-09-23 12:52:12", "elapsed": 481.383476, "delta": 3.302033}}
{"target": -2.355927642849483, "params": {"C": 142.54699026949658, "epsilon": 0.8956599521537325, "gamma": 0.12198804224362253, "lamda": 0.2211228089024339}, "datetime": {"datetime": "2021-09-23 12:52:17", "elapsed": 486.424474, "delta": 5.040998}}
{"target": -2.396443291381984, "params": {"C": 83.18137109813583, "epsilon": 0.8457995207426657, "gamma": 0.0804984351620878, "lamda": 0.3472237141214882}, "datetime": {"datetime": "2021-09-23 12:52:19", "elapsed": 488.535241, "delta": 2.110767}}
{"target": -2.1415290644600624, "params": {"C": 61.203371008708075, "epsilon": 0.3278544789020467, "gamma": 0.05005909263495245, "lamda": 0.24570411056281202}, "datetime": {"datetime": "2021-09-23 12:52:24", "elapsed": 492.836526, "delta": 4.301285}}
{"target": -2.23127837029393, "params": {"C": 85.5466951828545, "epsilon": 0.23738928220162164, "gamma": 0.04, "lamda": 0.44517510551144784}, "datetime": {"datetime": "2021-09-23 12:52:28", "elapsed": 496.844617, "delta": 4.008091}}
{"target": -2.137452987380573, "params": {"C": 111.5115952392374, "epsilon": 0.19679713488986889, "gamma": 0.04, "lamda": 0.29612988695205456}, "datetime": {"datetime": "2021-09-23 12:52:31", "elapsed": 500.367571, "delta": 3.522954}}
{"target": -2.2456912726348666, "params": {"C": 149.11610386811213, "epsilon": 0.459476392020418, "gamma": 0.11370421498900418, "lamda": 0.24564753127969716}, "datetime": {"datetime": "2021-09-23 12:52:33", "elapsed": 501.736833, "delta": 1.369262}}
{"target": -2.126734021651334, "params": {"C": 142.90399891133006, "epsilon": 0.9494422474831596, "gamma": 0.07791480849614527, "lamda": 0.09253510775367092}, "datetime": {"datetime": "2021-09-23 12:52:37", "elapsed": 506.172337, "delta": 4.435504}}
{"target": -2.3884405250770864, "params": {"C": 58.19903276070109, "epsilon": 0.37964533483061336, "gamma": 0.11322346339731537, "lamda": 0.5921986250827084}, "datetime": {"datetime": "2021-09-23 12:52:38", "elapsed": 507.47156, "delta": 1.299223}}
{"target": -2.0337465363263867, "params": {"C": 137.58228062814663, "epsilon": 0.8804383225394414, "gamma": 0.06197715886075078, "lamda": 0.0610841978635226}, "datetime": {"datetime": "2021-09-23 12:52:40", "elapsed": 508.931565, "delta": 1.460005}}
{"target": -2.063579192380158, "params": {"C": 85.40842870899581, "epsilon": 0.48535287550620415, "gamma": 0.06927473332293388, "lamda": 0.019871791054949527}, "datetime": {"datetime": "2021-09-23 12:52:43", "elapsed": 512.476178, "delta": 3.544613}}
{"target": -2.027334301693254, "params": {"C": 85.67614911385198, "epsilon": 0.4646101861550014, "gamma": 0.08737498118885989, "lamda": 0.09324282307798919}, "datetime": {"datetime": "2021-09-23 12:52:46", "elapsed": 515.618754, "delta": 3.142576}}
{"target": -2.131299650948602, "params": {"C": 85.77049928514879, "epsilon": 0.2629792973303803, "gamma": 0.11152675734244308, "lamda": 0.05075248078568544}, "datetime": {"datetime": "2021-09-23 12:52:49", "elapsed": 518.68728, "delta": 3.068526}}
{"target": -2.1401848838678283, "params": {"C": 85.53101673087251, "epsilon": 0.40273265655106805, "gamma": 0.04036804165970979, "lamda": 0.022238538343396765}, "datetime": {"datetime": "2021-09-23 12:52:53", "elapsed": 522.666747, "delta": 3.979467}}
{"target": -2.3518669319438916, "params": {"C": 82.5573759237378, "epsilon": 0.8475307092889528, "gamma": 0.04356988518528015, "lamda": 0.27167983989210875}, "datetime": {"datetime": "2021-09-23 12:52:55", "elapsed": 524.049561, "delta": 1.382814}}
{"target": -2.08152622432333, "params": {"C": 85.48367232260888, "epsilon": 0.6000490397860184, "gamma": 0.07335473941285106, "lamda": 0.13181746088395688}, "datetime": {"datetime": "2021-09-23 12:52:58", "elapsed": 527.602314, "delta": 3.552753}}
{"target": -2.2483021201677347, "params": {"C": 59.32318897242705, "epsilon": 0.3499324798792624, "gamma": 0.05243305961050449, "lamda": 0.43767743174986684}, "datetime": {"datetime": "2021-09-23 12:53:00", "elapsed": 529.183084, "delta": 1.58077}}
{"target": -2.2957074613579036, "params": {"C": 85.64801703501695, "epsilon": 0.48593093159117545, "gamma": 0.15, "lamda": 0.2465855323929954}, "datetime": {"datetime": "2021-09-23 12:53:08", "elapsed": 536.972985, "delta": 7.789901}}
{"target": -2.0746191351544563, "params": {"C": 85.74133815966934, "epsilon": 0.544919773200451, "gamma": 0.05007915794775827, "lamda": 0.01418355999285744}, "datetime": {"datetime": "2021-09-23 12:53:23", "elapsed": 552.269087, "delta": 15.296102}}
{"target": -2.179659792517864, "params": {"C": 53.68284615656227, "epsilon": 1.0, "gamma": 0.04, "lamda": 0.01}, "datetime": {"datetime": "2021-09-23 12:53:28", "elapsed": 556.94782, "delta": 4.678733}}
{"target": -2.1301145177867014, "params": {"C": 85.22817167359727, "epsilon": 0.737151114184845, "gamma": 0.04234539033642492, "lamda": 0.01284875144115196}, "datetime": {"datetime": "2021-09-23 12:53:33", "elapsed": 561.886998, "delta": 4.939178}}
{"target": -2.158575715834434, "params": {"C": 61.257848066126996, "epsilon": 0.035875196960601506, "gamma": 0.10333563576811675, "lamda": 0.18554036891397835}, "datetime": {"datetime": "2021-09-23 12:53:35", "elapsed": 563.737922, "delta": 1.850924}}
{"target": -2.390001531435771, "params": {"C": 149.74255394694325, "epsilon": 0.8796125077657471, "gamma": 0.10118114720092147, "lamda": 0.28894156128363335}, "datetime": {"datetime": "2021-09-23 12:53:37", "elapsed": 565.703314, "delta": 1.965392}}
{"target": -2.160496655045765, "params": {"C": 89.31544119951285, "epsilon": 0.001, "gamma": 0.04, "lamda": 0.1424804150206802}, "datetime": {"datetime": "2021-09-23 12:53:41", "elapsed": 570.495607, "delta": 4.792293}}
{"target": -2.1769207766686858, "params": {"C": 102.44751991316647, "epsilon": 0.20669780947476096, "gamma": 0.04, "lamda": 0.3783799825022042}, "datetime": {"datetime": "2021-09-23 12:53:45", "elapsed": 574.330571, "delta": 3.834964}}
{"target": -2.0539732179289425, "params": {"C": 77.53280340868486, "epsilon": 0.3052856623210918, "gamma": 0.05818509127060144, "lamda": 0.05857450576160555}, "datetime": {"datetime": "2021-09-23 12:53:49", "elapsed": 578.248037, "delta": 3.917466}}
{"target": -2.105424896629774, "params": {"C": 85.17832146518188, "epsilon": 0.5037332419304755, "gamma": 0.10793393750410202, "lamda": 0.03422736051009588}, "datetime": {"datetime": "2021-09-23 12:53:53", "elapsed": 582.047712, "delta": 3.799675}}
{"target": -2.4363235055543724, "params": {"C": 118.25776761763562, "epsilon": 0.7769588842799965, "gamma": 0.12238840692534836, "lamda": 0.3437001564187253}, "datetime": {"datetime": "2021-09-23 12:53:54", "elapsed": 583.645708, "delta": 1.597996}}
{"target": -2.1515148007680103, "params": {"C": 143.54939378712885, "epsilon": 0.15008961092453915, "gamma": 0.04212188537362429, "lamda": 0.4517100833073885}, "datetime": {"datetime": "2021-09-23 12:53:56", "elapsed": 585.366734, "delta": 1.721026}}
{"target": -2.1445385478934793, "params": {"C": 88.7025156609773, "epsilon": 0.4784115367106415, "gamma": 0.06273848027422058, "lamda": 0.22959494946307302}, "datetime": {"datetime": "2021-09-23 12:54:01", "elapsed": 590.522421, "delta": 5.155687}}
{"target": -2.049285636875902, "params": {"C": 77.72146103661512, "epsilon": 0.12831307676058412, "gamma": 0.064862201250093, "lamda": 0.05593809450316516}, "datetime": {"datetime": "2021-09-23 12:54:07", "elapsed": 596.682064, "delta": 6.159643}}
{"target": -2.0629352776819148, "params": {"C": 77.72725629603634, "epsilon": 0.16993916042863919, "gamma": 0.05798461889499544, "lamda": 0.2738749216032093}, "datetime": {"datetime": "2021-09-23 12:54:12", "elapsed": 601.548355, "delta": 4.866291}}
{"target": -2.355348048150746, "params": {"C": 98.41573451874362, "epsilon": 0.8394039416389253, "gamma": 0.12202212599353421, "lamda": 0.23445184117741594}, "datetime": {"datetime": "2021-09-23 12:54:16", "elapsed": 604.756858, "delta": 3.208503}}
{"target": -2.1607581293626614, "params": {"C": 77.50682058300914, "epsilon": 0.17628230392426078, "gamma": 0.13496874108730456, "lamda": 0.229767392056783}, "datetime": {"datetime": "2021-09-23 12:54:24", "elapsed": 613.089605, "delta": 8.332747}}
{"target": -2.2573141851974894, "params": {"C": 71.11694744211798, "epsilon": 0.6502287555014575, "gamma": 0.0936382912815541, "lamda": 0.24881503470628302}, "datetime": {"datetime": "2021-09-23 12:54:27", "elapsed": 616.31273, "delta": 3.223125}}
{"target": -2.0340429037560956, "params": {"C": 77.92188490897635, "epsilon": 0.1648912736577891, "gamma": 0.08481640011830222, "lamda": 0.15514866977931635}, "datetime": {"datetime": "2021-09-23 12:54:35", "elapsed": 624.506066, "delta": 8.193336}}
{"target": -2.193240205142169, "params": {"C": 77.76486038097599, "epsilon": 0.013402513848278577, "gamma": 0.11720800582223953, "lamda": 0.20252428888424095}, "datetime": {"datetime": "2021-09-23 12:54:42", "elapsed": 631.6755, "delta": 7.169434}}
{"target": -2.286919891623704, "params": {"C": 78.56851639489926, "epsilon": 0.5714106854128778, "gamma": 0.11354572064341459, "lamda": 0.2739283099424877}, "datetime": {"datetime": "2021-09-23 12:54:45", "elapsed": 634.251703, "delta": 2.576203}}
{"target": -2.018576828362962, "params": {"C": 102.27941605265659, "epsilon": 0.8782302548386896, "gamma": 0.08461548518846904, "lamda": 0.027810741214337742}, "datetime": {"datetime": "2021-09-23 12:54:47", "elapsed": 636.160998, "delta": 1.909295}}
{"target": -2.17817592924449, "params": {"C": 77.86271961764743, "epsilon": 0.23414372330618274, "gamma": 0.12206843636979228, "lamda": 0.04068499219574346}, "datetime": {"datetime": "2021-09-23 12:54:52", "elapsed": 641.157665, "delta": 4.996667}}
{"target": -2.313670466687219, "params": {"C": 148.03848622203492, "epsilon": 0.45792480755100823, "gamma": 0.08134891680726508, "lamda": 0.43101138702553266}, "datetime": {"datetime": "2021-09-23 12:54:54", "elapsed": 643.165875, "delta": 2.00821}}
{"target": -2.1384898070171086, "params": {"C": 80.97651159087154, "epsilon": 0.5772586716178792, "gamma": 0.06450111938727693, "lamda": 0.18856946457806498}, "datetime": {"datetime": "2021-09-23 12:54:56", "elapsed": 645.294659, "delta": 2.128784}}
{"target": -2.0309725966157828, "params": {"C": 78.04021930289943, "epsilon": 0.13153922512272265, "gamma": 0.07841062035050335, "lamda": 0.29719635898661384}, "datetime": {"datetime": "2021-09-23 12:55:01", "elapsed": 650.623554, "delta": 5.328895}}
{"target": -2.3256079371444938, "params": {"C": 110.57282967326634, "epsilon": 0.6840209708152346, "gamma": 0.06321848132311655, "lamda": 0.33653777121867084}, "datetime": {"datetime": "2021-09-23 12:55:03", "elapsed": 652.550552, "delta": 1.926998}}
{"target": -2.0948038161967926, "params": {"C": 78.10569389992976, "epsilon": 0.04377780435971005, "gamma": 0.05273849164182297, "lamda": 0.018363227492783206}, "datetime": {"datetime": "2021-09-23 12:55:08", "elapsed": 657.635297, "delta": 5.084745}}
{"target": -2.3183081316832244, "params": {"C": 93.72481379070084, "epsilon": 0.9371280706962645, "gamma": 0.10746747167009477, "lamda": 0.19549675385807033}, "datetime": {"datetime": "2021-09-23 12:55:10", "elapsed": 659.589103, "delta": 1.953806}}
{"target": -2.112128420464675, "params": {"C": 77.96862362545465, "epsilon": 0.13927446937852153, "gamma": 0.07907167842063068, "lamda": 0.5279603276069675}, "datetime": {"datetime": "2021-09-23 12:55:16", "elapsed": 664.774973, "delta": 5.18587}}
{"target": -2.043023433847844, "params": {"C": 78.23407342294861, "epsilon": 0.07184021795421049, "gamma": 0.08641079557173051, "lamda": 0.32615131858849766}, "datetime": {"datetime": "2021-09-23 12:55:20", "elapsed": 669.362587, "delta": 4.587614}}
{"target": -2.1471772351655094, "params": {"C": 78.16789439916161, "epsilon": 0.2053382812947404, "gamma": 0.04, "lamda": 0.178814063234602}, "datetime": {"datetime": "2021-09-23 12:55:25", "elapsed": 674.357875, "delta": 4.995288}}
{"target": -2.5066313146625943, "params": {"C": 54.65702708507541, "epsilon": 0.7574331684527655, "gamma": 0.05320217380852167, "lamda": 0.5699319187153699}, "datetime": {"datetime": "2021-09-23 12:55:27", "elapsed": 676.185876, "delta": 1.828001}}
{"target": -2.1341503074494206, "params": {"C": 78.21825932931989, "epsilon": 0.12143270017051791, "gamma": 0.09910016039275882, "lamda": 0.5463148811609544}, "datetime": {"datetime": "2021-09-23 12:55:31", "elapsed": 680.2106, "delta": 4.024724}}
{"target": -2.3288533010220562, "params": {"C": 80.15212715125358, "epsilon": 0.9735861981544105, "gamma": 0.1408091724828922, "lamda": 0.16348275332454162}, "datetime": {"datetime": "2021-09-23 12:55:33", "elapsed": 681.933047, "delta": 1.722447}}
{"target": -2.181059993463093, "params": {"C": 60.98794203038387, "epsilon": 0.4034375631764439, "gamma": 0.04, "lamda": 0.01}, "datetime": {"datetime": "2021-09-23 12:55:37", "elapsed": 685.940098, "delta": 4.007051}}
{"target": -2.146693859472902, "params": {"C": 127.14584417752775, "epsilon": 0.017282291605437768, "gamma": 0.11666778683045134, "lamda": 0.45150011951956287}, "datetime": {"datetime": "2021-09-23 12:55:39", "elapsed": 687.775189, "delta": 1.835091}}
{"target": -2.1556275597222587, "params": {"C": 78.34160873614901, "epsilon": 0.007239418126141701, "gamma": 0.0422726155953195, "lamda": 0.12211420620886668}, "datetime": {"datetime": "2021-09-23 12:55:44", "elapsed": 693.079416, "delta": 5.304227}}
{"target": -2.1962285282613094, "params": {"C": 142.92102518737084, "epsilon": 0.1905615263881653, "gamma": 0.066499592604554, "lamda": 0.5794423744471174}, "datetime": {"datetime": "2021-09-23 12:55:45", "elapsed": 694.603707, "delta": 1.524291}}
{"target": -2.266696860731162, "params": {"C": 111.54244134947281, "epsilon": 1.0, "gamma": 0.15, "lamda": 0.01}, "datetime": {"datetime": "2021-09-23 12:55:50", "elapsed": 699.13549, "delta": 4.531783}}
{"target": -2.155471025129693, "params": {"C": 82.2507966241977, "epsilon": 0.017105675755271568, "gamma": 0.09439977204512259, "lamda": 0.022888235405346492}, "datetime": {"datetime": "2021-09-23 12:55:54", "elapsed": 703.407298, "delta": 4.271808}}
{"target": -2.2600263803067704, "params": {"C": 74.53859368738321, "epsilon": 0.7021840935484465, "gamma": 0.07201266249358984, "lamda": 0.2607285702314758}, "datetime": {"datetime": "2021-09-23 12:55:56", "elapsed": 705.23307, "delta": 1.825772}}
{"target": -2.11129186985324, "params": {"C": 126.05459710088846, "epsilon": 0.001, "gamma": 0.04, "lamda": 0.6}, "datetime": {"datetime": "2021-09-23 12:56:01", "elapsed": 709.779068, "delta": 4.545998}}
{"target": -2.2022669455155217, "params": {"C": 60.441965090696215, "epsilon": 0.001, "gamma": 0.04, "lamda": 0.038863664718236074}, "datetime": {"datetime": "2021-09-23 12:56:06", "elapsed": 714.785676, "delta": 5.006608}}
{"target": -2.170398445751992, "params": {"C": 132.65535590187602, "epsilon": 0.7924525829379326, "gamma": 0.06996939364310376, "lamda": 0.14810113792109217}, "datetime": {"datetime": "2021-09-23 12:56:07", "elapsed": 716.65168, "delta": 1.866004}}
{"target": -2.10727185875293, "params": {"C": 77.97019172216916, "epsilon": 0.026605996629819887, "gamma": 0.04781806270431846, "lamda": 0.10151299695468124}, "datetime": {"datetime": "2021-09-23 12:56:12", "elapsed": 721.45923, "delta": 4.80755}}
{"target": -2.205618771546302, "params": {"C": 61.33612749679227, "epsilon": 0.09503536012689766, "gamma": 0.04, "lamda": 0.47033770194863084}, "datetime": {"datetime": "2021-09-23 12:56:17", "elapsed": 726.372082, "delta": 4.912852}}
{"target": -2.096920406734072, "params": {"C": 111.83116668527961, "epsilon": 0.7922687562951183, "gamma": 0.042400925341678344, "lamda": 0.014151125906760358}, "datetime": {"datetime": "2021-09-23 12:56:23", "elapsed": 732.480775, "delta": 6.108693}}
{"target": -2.184754756801403, "params": {"C": 109.54676732540568, "epsilon": 0.8750070458751842, "gamma": 0.13445294373212108, "lamda": 0.02967136652097325}, "datetime": {"datetime": "2021-09-23 12:56:29", "elapsed": 738.408289, "delta": 5.927514}}
{"target": -2.0556466673006817, "params": {"C": 111.89102240050664, "epsilon": 0.9977748715876726, "gamma": 0.05082736149966838, "lamda": 0.050209663762607486}, "datetime": {"datetime": "2021-09-23 12:56:34", "elapsed": 743.383508, "delta": 4.975219}}
{"target": -2.5032526352809845, "params": {"C": 62.631609468251796, "epsilon": 0.9120010572578948, "gamma": 0.13832048403224342, "lamda": 0.3463535806179932}, "datetime": {"datetime": "2021-09-23 12:56:36", "elapsed": 745.51829, "delta": 2.134782}}
{"target": -2.0547234390381783, "params": {"C": 77.91666130549225, "epsilon": 0.168967923439701, "gamma": 0.07223356133394052, "lamda": 0.32576335397277384}, "datetime": {"datetime": "2021-09-23 12:56:42", "elapsed": 750.85732, "delta": 5.33903}}
{"target": -2.063970473265806, "params": {"C": 136.09894726798078, "epsilon": 0.7378614851267801, "gamma": 0.04751238209745126, "lamda": 0.0202455560584628}, "datetime": {"datetime": "2021-09-23 12:56:47", "elapsed": 756.399621, "delta": 5.542301}}
