{"target": 0.9203750739936206, "params": {"C": 954.116314890264, "epsilon": 0.31451172353530543, "gamma": 0.04971925570292358, "lamda": 0.12127494463022563}, "datetime": {"datetime": "2021-09-23 23:15:45", "elapsed": 189.900915, "delta": 1.276142}}
{"target": 0.8974780813041482, "params": {"C": 1033.9738458286927, "epsilon": 0.15719902221662596, "gamma": 0.01385152473272772, "lamda": 0.22294233879599223}, "datetime": {"datetime": "2021-09-23 23:15:46", "elapsed": 191.263165, "delta": 1.36225}}
{"target": 0.923152222044965, "params": {"C": 1030.8441208087468, "epsilon": 0.06392002394083864, "gamma": 0.044757074457370254, "lamda": 0.35856679179571077}, "datetime": {"datetime": "2021-09-23 23:15:48", "elapsed": 192.635107, "delta": 1.371942}}
{"target": 0.9208196447027288, "params": {"C": 1067.6695793124363, "epsilon": 0.6306722498829271, "gamma": 0.05410018427307728, "lamda": 0.008949603825385368}, "datetime": {"datetime": "2021-09-23 23:15:49", "elapsed": 193.732843, "delta": 1.097736}}
{"target": 0.8712112751243352, "params": {"C": 977.4884797494516, "epsilon": 0.9066557613141163, "gamma": 0.016501499343136012, "lamda": 0.28026277813654543}, "datetime": {"datetime": "2021-09-23 23:15:50", "elapsed": 194.763675, "delta": 1.030832}}
{"target": 0.9189274037453892, "params": {"C": 1072.6891237641962, "epsilon": 0.6184901118846736, "gamma": 0.021247686930907225, "lamda": 0.0038477965264607232}, "datetime": {"datetime": "2021-09-23 23:15:51", "elapsed": 195.938367, "delta": 1.174692}}
{"target": 0.8958098014975333, "params": {"C": 953.9902792821315, "epsilon": 0.12343773827145767, "gamma": 0.010647119851589162, "lamda": 0.14926986296634215}, "datetime": {"datetime": "2021-09-23 23:15:52", "elapsed": 197.476896, "delta": 1.538529}}
{"target": 0.9202632911295374, "params": {"C": 1033.8701217599523, "epsilon": 0.1301928569777616, "gamma": 0.024678487388219615, "lamda": 0.1365050649815918}, "datetime": {"datetime": "2021-09-23 23:15:54", "elapsed": 198.849916, "delta": 1.37302}}
{"target": 0.9189480108889708, "params": {"C": 1072.7362414044621, "epsilon": 0.6190753168321264, "gamma": 0.05939340428619689, "lamda": 0.05669443602307934}, "datetime": {"datetime": "2021-09-23 23:15:55", "elapsed": 200.263047, "delta": 1.413131}}
{"target": 0.908882235400809, "params": {"C": 1125.1939209944671, "epsilon": 0.8695954284945514, "gamma": 0.01617549865772478, "lamda": 0.021386879150166193}, "datetime": {"datetime": "2021-09-23 23:15:56", "elapsed": 201.423627, "delta": 1.16058}}
{"target": 0.9268940968272757, "params": {"C": 1022.2209950504281, "epsilon": 0.04293243332465948, "gamma": 0.04071505288968297, "lamda": 0.3197623223910071}, "datetime": {"datetime": "2021-09-23 23:15:58", "elapsed": 202.504124, "delta": 1.080497}}
{"target": 0.9132858567715887, "params": {"C": 1089.9684712163726, "epsilon": 0.5328001993768217, "gamma": 0.04703599159159425, "lamda": 0.1612844200684688}, "datetime": {"datetime": "2021-09-23 23:15:59", "elapsed": 203.529316, "delta": 1.025192}}
{"target": 0.9151723655322954, "params": {"C": 954.1041857559372, "epsilon": 0.057801543330766446, "gamma": 0.06816003291474733, "lamda": 0.1418073513051213}, "datetime": {"datetime": "2021-09-23 23:16:00", "elapsed": 204.98849, "delta": 1.459174}}
{"target": 0.9249368798118622, "params": {"C": 954.0427877523575, "epsilon": 0.2885158283858269, "gamma": 0.047012173906312876, "lamda": 0.0727747292914874}, "datetime": {"datetime": "2021-09-23 23:16:01", "elapsed": 206.38911, "delta": 1.40062}}
{"target": 0.9017088038649477, "params": {"C": 1014.7008239780046, "epsilon": 0.14153802407580732, "gamma": 0.013150949724659616, "lamda": 0.15059358547878787}, "datetime": {"datetime": "2021-09-23 23:16:03", "elapsed": 208.158193, "delta": 1.769083}}
{"target": 0.9199705004937073, "params": {"C": 958.2185626628162, "epsilon": 0.23026599917342086, "gamma": 0.05565987568662664, "lamda": 0.1470049594497835}, "datetime": {"datetime": "2021-09-23 23:16:05", "elapsed": 209.540142, "delta": 1.381949}}
{"target": 0.9245395058087219, "params": {"C": 982.3859569140931, "epsilon": 0.04780142806773227, "gamma": 0.04953455333299328, "lamda": 0.09824989526997911}, "datetime": {"datetime": "2021-09-23 23:16:06", "elapsed": 210.812202, "delta": 1.27206}}
{"target": 0.9215167245569765, "params": {"C": 954.0687299351381, "epsilon": 0.38792427355758896, "gamma": 0.05744170122750142, "lamda": 0.06450289219234343}, "datetime": {"datetime": "2021-09-23 23:16:07", "elapsed": 212.281202, "delta": 1.469}}
{"target": 0.9135916637878406, "params": {"C": 1014.671778948135, "epsilon": 0.19961172599551658, "gamma": 0.01847668033459466, "lamda": 0.08582594752501707}, "datetime": {"datetime": "2021-09-23 23:16:09", "elapsed": 213.672242, "delta": 1.39104}}
{"target": 0.9044277007160951, "params": {"C": 1055.8658496437452, "epsilon": 0.4710866968149353, "gamma": 0.06067348889690649, "lamda": 0.30473691415270376}, "datetime": {"datetime": "2021-09-23 23:16:10", "elapsed": 214.712246, "delta": 1.040004}}
{"target": 0.9132114105697869, "params": {"C": 1053.841905583338, "epsilon": 0.9957457242159313, "gamma": 0.03410370304809121, "lamda": 0.06971160003567652}, "datetime": {"datetime": "2021-09-23 23:16:11", "elapsed": 215.839646, "delta": 1.1274}}
{"target": 0.9216551550916096, "params": {"C": 1104.3808618732778, "epsilon": 0.35822361196397867, "gamma": 0.05369040425899651, "lamda": 0.08128533896676542}, "datetime": {"datetime": "2021-09-23 23:16:12", "elapsed": 217.305741, "delta": 1.466095}}
{"target": 0.9192890825729245, "params": {"C": 982.4713526127682, "epsilon": 0.28963355852705397, "gamma": 0.06128456292189737, "lamda": 0.10340007751120694}, "datetime": {"datetime": "2021-09-23 23:16:14", "elapsed": 218.826693, "delta": 1.520952}}
{"target": 0.9164929900800761, "params": {"C": 1072.6465382428187, "epsilon": 0.6104753214776495, "gamma": 0.06866118790309364, "lamda": 0.0508344416545216}, "datetime": {"datetime": "2021-09-23 23:16:15", "elapsed": 220.316741, "delta": 1.490048}}
{"target": 0.9303502725138452, "params": {"C": 1104.290158222105, "epsilon": 0.27783291092216217, "gamma": 0.03706339579462445, "lamda": 0.02616451169095047}, "datetime": {"datetime": "2021-09-23 23:16:17", "elapsed": 221.835563, "delta": 1.518822}}
{"target": 0.9099842319946523, "params": {"C": 975.8070700929364, "epsilon": 0.3990254428055038, "gamma": 0.04580886577930534, "lamda": 0.27796289631313376}, "datetime": {"datetime": "2021-09-23 23:16:18", "elapsed": 222.93856, "delta": 1.102997}}
{"target": 0.897013624402283, "params": {"C": 1017.1063439377053, "epsilon": 0.5984587817127524, "gamma": 0.03314308659796798, "lamda": 0.32768291376103525}, "datetime": {"datetime": "2021-09-23 23:16:19", "elapsed": 224.064759, "delta": 1.126199}}
{"target": 0.9226751805132397, "params": {"C": 958.1147158869671, "epsilon": 0.23297910587617357, "gamma": 0.03630518469071057, "lamda": 0.11837326433242172}, "datetime": {"datetime": "2021-09-23 23:16:21", "elapsed": 225.574453, "delta": 1.509694}}
{"target": 0.9261387828521241, "params": {"C": 1104.389441769501, "epsilon": 0.2899111436086982, "gamma": 0.03767078487782769, "lamda": 0.007722233214544435}, "datetime": {"datetime": "2021-09-23 23:16:23", "elapsed": 227.531579, "delta": 1.957126}}
{"target": 0.8963362367112583, "params": {"C": 1076.0860954717446, "epsilon": 0.6790756925570854, "gamma": 0.06453993982117275, "lamda": 0.317068464075257}, "datetime": {"datetime": "2021-09-23 23:16:24", "elapsed": 228.642621, "delta": 1.111042}}
{"target": 0.9201990598497086, "params": {"C": 1014.6061927691067, "epsilon": 0.14910313419963223, "gamma": 0.06277669734782354, "lamda": 0.07131387919154743}, "datetime": {"datetime": "2021-09-23 23:16:25", "elapsed": 230.158617, "delta": 1.515996}}
{"target": 0.9076630742177452, "params": {"C": 954.1924547840713, "epsilon": 0.055114651188599394, "gamma": 0.014758269361193246, "lamda": 0.14651596459415853}, "datetime": {"datetime": "2021-09-23 23:16:27", "elapsed": 231.57358, "delta": 1.414963}}
{"target": 0.9141357642376912, "params": {"C": 1020.6314663578503, "epsilon": 0.21658840424194875, "gamma": 0.02881575997328912, "lamda": 0.22351033675314216}, "datetime": {"datetime": "2021-09-23 23:16:28", "elapsed": 232.752619, "delta": 1.179039}}
{"target": 0.9142539202895001, "params": {"C": 991.8672966177829, "epsilon": 0.6695675653721247, "gamma": 0.0660586324365274, "lamda": 0.0781986224354041}, "datetime": {"datetime": "2021-09-23 23:16:29", "elapsed": 233.947007, "delta": 1.194388}}
{"target": 0.9169642660599664, "params": {"C": 982.4295581157568, "epsilon": 0.0753007666141185, "gamma": 0.01947235256588121, "lamda": 0.09401951516566791}, "datetime": {"datetime": "2021-09-23 23:16:31", "elapsed": 235.553154, "delta": 1.606147}}
{"target": 0.9219532941172822, "params": {"C": 958.1332378757899, "epsilon": 0.3012993897715547, "gamma": 0.054099265769374835, "lamda": 0.09007350983526512}, "datetime": {"datetime": "2021-09-23 23:16:32", "elapsed": 237.023553, "delta": 1.470399}}
{"target": 0.888275807351486, "params": {"C": 982.4368644734338, "epsilon": 0.040501520717337605, "gamma": 0.06949289279961009, "lamda": 0.03727734860740895}, "datetime": {"datetime": "2021-09-23 23:16:34", "elapsed": 238.781366, "delta": 1.757813}}
{"target": 0.9083471192397142, "params": {"C": 1091.0321632621938, "epsilon": 0.3855008869197727, "gamma": 0.029459514715263722, "lamda": 0.21789917067271516}, "datetime": {"datetime": "2021-09-23 23:16:35", "elapsed": 239.950326, "delta": 1.16896}}
{"target": 0.9254197470709062, "params": {"C": 982.488452388465, "epsilon": 0.09159898439831565, "gamma": 0.04690799829605455, "lamda": 0.18838357170879177}, "datetime": {"datetime": "2021-09-23 23:16:37", "elapsed": 241.580473, "delta": 1.630147}}
{"target": 0.910162749444408, "params": {"C": 1033.9442571706409, "epsilon": 0.15888507760079398, "gamma": 0.016393837545594307, "lamda": 0.10825543931193711}, "datetime": {"datetime": "2021-09-23 23:16:38", "elapsed": 243.292211, "delta": 1.711738}}
{"target": 0.884934567934844, "params": {"C": 1072.8153124273206, "epsilon": 0.5889323919623463, "gamma": 0.06917703106657211, "lamda": 0.0024841435485526177}, "datetime": {"datetime": "2021-09-23 23:16:40", "elapsed": 245.380326, "delta": 2.088115}}
{"target": 0.9147234193229645, "params": {"C": 1033.9231194501579, "epsilon": 0.06363717555754114, "gamma": 0.018285319725004634, "lamda": 0.14669880393136436}, "datetime": {"datetime": "2021-09-23 23:16:42", "elapsed": 246.949294, "delta": 1.568968}}
{"target": 0.9217145837865872, "params": {"C": 970.6507813484363, "epsilon": 0.14921810791342227, "gamma": 0.024338943305778855, "lamda": 0.0917996701606235}, "datetime": {"datetime": "2021-09-23 23:16:44", "elapsed": 248.559912, "delta": 1.610618}}
{"target": 0.9181044359866493, "params": {"C": 1033.9660945020973, "epsilon": 0.08098242435307781, "gamma": 0.06535724530656944, "lamda": 0.11685576539065747}, "datetime": {"datetime": "2021-09-23 23:16:45", "elapsed": 250.010847, "delta": 1.450935}}
{"target": 0.9266008130903005, "params": {"C": 1030.8488882477566, "epsilon": 0.03852236805920066, "gamma": 0.04087114538196049, "lamda": 0.36059437290617635}, "datetime": {"datetime": "2021-09-23 23:16:46", "elapsed": 251.143847, "delta": 1.133}}
{"target": 0.9143766876639251, "params": {"C": 1104.3884193689078, "epsilon": 0.3400279595792237, "gamma": 0.017012438361903436, "lamda": 0.01349301529541911}, "datetime": {"datetime": "2021-09-23 23:16:48", "elapsed": 252.676467, "delta": 1.53262}}
{"target": 0.9045544311368775, "params": {"C": 997.3316991012279, "epsilon": 0.8203224586898195, "gamma": 0.03468971127098242, "lamda": 0.16680464059172936}, "datetime": {"datetime": "2021-09-23 23:16:49", "elapsed": 253.919522, "delta": 1.243055}}
{"target": 0.9278519677829866, "params": {"C": 1014.6888583814325, "epsilon": 0.11016972861609199, "gamma": 0.04679592675246724, "lamda": 0.07622951325467774}, "datetime": {"datetime": "2021-09-23 23:16:51", "elapsed": 255.645041, "delta": 1.725519}}
{"target": 0.8911959100377559, "params": {"C": 1024.298357953239, "epsilon": 0.789949519200054, "gamma": 0.055509346028482155, "lamda": 0.37012318832676455}, "datetime": {"datetime": "2021-09-23 23:16:52", "elapsed": 256.85421, "delta": 1.209169}}
{"target": 0.9147532348405703, "params": {"C": 972.9937624331144, "epsilon": 0.7038447656198701, "gamma": 0.04280147571250267, "lamda": 0.10507505443789188}, "datetime": {"datetime": "2021-09-23 23:16:53", "elapsed": 258.083209, "delta": 1.228999}}
{"target": 0.9048912301920795, "params": {"C": 954.1615587540855, "epsilon": 0.1735347636928639, "gamma": 0.013381512904930002, "lamda": 0.01933519614733559}, "datetime": {"datetime": "2021-09-23 23:16:55", "elapsed": 259.754328, "delta": 1.671119}}
{"target": 0.9224033760301281, "params": {"C": 1104.2447653465258, "epsilon": 0.25214034158985515, "gamma": 0.05415689819135781, "lamda": 0.02674582538440659}, "datetime": {"datetime": "2021-09-23 23:16:57", "elapsed": 262.412507, "delta": 2.658179}}
{"target": 0.9151990392214706, "params": {"C": 1104.307432081738, "epsilon": 0.26591934907556786, "gamma": 0.05231897229567266, "lamda": 0.01024885552181587}, "datetime": {"datetime": "2021-09-23 23:16:59", "elapsed": 264.284531, "delta": 1.872024}}
{"target": 0.9169207752101693, "params": {"C": 1005.2474420185615, "epsilon": 0.882588260594097, "gamma": 0.034362195019072846, "lamda": 0.054523262461025714}, "datetime": {"datetime": "2021-09-23 23:17:01", "elapsed": 265.993456, "delta": 1.708925}}
{"target": 0.914357000764924, "params": {"C": 1029.3343253358546, "epsilon": 0.34247662385980226, "gamma": 0.04833521569363582, "lamda": 0.2236747338830141}, "datetime": {"datetime": "2021-09-23 23:17:02", "elapsed": 267.440461, "delta": 1.447005}}
{"target": 0.9243305076312213, "params": {"C": 954.1132155761012, "epsilon": 0.3897020218508087, "gamma": 0.04396954783235186, "lamda": 0.007032223771637028}, "datetime": {"datetime": "2021-09-23 23:17:04", "elapsed": 269.278461, "delta": 1.838}}
{"target": 0.9291650058264022, "params": {"C": 982.466679002367, "epsilon": 0.06425447646781848, "gamma": 0.037196658159293385, "lamda": 0.15542393732007273}, "datetime": {"datetime": "2021-09-23 23:17:06", "elapsed": 271.084488, "delta": 1.806027}}
{"target": 0.9174324331373636, "params": {"C": 954.1928978949296, "epsilon": 0.20609733326956547, "gamma": 0.06926221171263638, "lamda": 0.09179216350643467}, "datetime": {"datetime": "2021-09-23 23:17:08", "elapsed": 272.726254, "delta": 1.641766}}
{"target": 0.9109519970607133, "params": {"C": 971.1158432524015, "epsilon": 0.3521225589123351, "gamma": 0.06707401134491564, "lamda": 0.20546875555452276}, "datetime": {"datetime": "2021-09-23 23:17:09", "elapsed": 273.95725, "delta": 1.230996}}
{"target": 0.9149829915008909, "params": {"C": 1030.7143112179547, "epsilon": 0.37285331333082794, "gamma": 0.040189437557264986, "lamda": 0.19011307631389732}, "datetime": {"datetime": "2021-09-23 23:17:10", "elapsed": 275.137217, "delta": 1.179967}}
{"target": 0.9190803944967261, "params": {"C": 1030.7781716171792, "epsilon": 0.07336969648029126, "gamma": 0.02754006838177716, "lamda": 0.3246436804107363}, "datetime": {"datetime": "2021-09-23 23:17:12", "elapsed": 276.754936, "delta": 1.617719}}
{"target": 0.8993866046883058, "params": {"C": 1022.2204322658106, "epsilon": 0.7408649511284698, "gamma": 0.04927699645693644, "lamda": 0.28688367998786113}, "datetime": {"datetime": "2021-09-23 23:17:13", "elapsed": 277.959199, "delta": 1.204263}}
{"target": 0.9124691836501803, "params": {"C": 1001.9232681400176, "epsilon": 0.9437229438946725, "gamma": 0.038127207173962986, "lamda": 0.0897471787714462}, "datetime": {"datetime": "2021-09-23 23:17:14", "elapsed": 279.242204, "delta": 1.283005}}
{"target": 0.9264937124065018, "params": {"C": 956.9836511910065, "epsilon": 0.9133342829609084, "gamma": 0.02915695429644182, "lamda": 0.009357343746428139}, "datetime": {"datetime": "2021-09-23 23:17:16", "elapsed": 280.576505, "delta": 1.334301}}
{"target": 0.9111583785174147, "params": {"C": 995.2876115779438, "epsilon": 0.05080396200645276, "gamma": 0.06582959550161746, "lamda": 0.10509931296807659}, "datetime": {"datetime": "2021-09-23 23:17:17", "elapsed": 281.866099, "delta": 1.289594}}
{"target": 0.8999791921896837, "params": {"C": 1103.4581487137416, "epsilon": 0.8797423321565119, "gamma": 0.05146519184214646, "lamda": 0.23524150766979834}, "datetime": {"datetime": "2021-09-23 23:17:18", "elapsed": 283.093102, "delta": 1.227003}}
{"target": 0.9234558079842885, "params": {"C": 1104.2807418855275, "epsilon": 0.29229098633775485, "gamma": 0.04142434125866021, "lamda": 0.09307037737565546}, "datetime": {"datetime": "2021-09-23 23:17:20", "elapsed": 285.12227, "delta": 2.029168}}
{"target": 0.9294799227486522, "params": {"C": 1014.6331013919146, "epsilon": 0.08771045258180744, "gamma": 0.034367027693490766, "lamda": 0.05228770300262186}, "datetime": {"datetime": "2021-09-23 23:17:22", "elapsed": 287.124545, "delta": 2.002275}}
{"target": 0.8989719822429352, "params": {"C": 1021.8127667183797, "epsilon": 0.8951615020471819, "gamma": 0.05446315628752793, "lamda": 0.23937532878438053}, "datetime": {"datetime": "2021-09-23 23:17:24", "elapsed": 288.516538, "delta": 1.391993}}
{"target": 0.9084434813302678, "params": {"C": 1104.2812270159166, "epsilon": 0.1689217717580575, "gamma": 0.0140812844094781, "lamda": 0.028470007838529585}, "datetime": {"datetime": "2021-09-23 23:17:25", "elapsed": 290.408028, "delta": 1.89149}}
{"target": 0.9282515422790873, "params": {"C": 1104.2216821060347, "epsilon": 0.18082628435407225, "gamma": 0.03969793459677661, "lamda": 0.07234915008873143}, "datetime": {"datetime": "2021-09-23 23:17:27", "elapsed": 292.345932, "delta": 1.937904}}
{"target": 0.9097272706360694, "params": {"C": 954.1704895944318, "epsilon": 0.2505362170356081, "gamma": 0.01891498940645152, "lamda": 0.10746000785838783}, "datetime": {"datetime": "2021-09-23 23:17:29", "elapsed": 294.057631, "delta": 1.711699}}
{"target": 0.8969308582414117, "params": {"C": 1016.3627421962717, "epsilon": 0.8502758109313171, "gamma": 0.032090055542956984, "lamda": 0.22905468124487088}, "datetime": {"datetime": "2021-09-23 23:17:30", "elapsed": 295.3435, "delta": 1.285869}}
{"target": 0.9222023418664939, "params": {"C": 1014.6611683722134, "epsilon": 0.06558101625239224, "gamma": 0.054738782176555145, "lamda": 0.09425495318120232}, "datetime": {"datetime": "2021-09-23 23:17:32", "elapsed": 297.097999, "delta": 1.754499}}
{"target": 0.9222964065586783, "params": {"C": 1022.2081047527269, "epsilon": 0.057782998321873405, "gamma": 0.05033536307019061, "lamda": 0.38554094967450836}, "datetime": {"datetime": "2021-09-23 23:17:34", "elapsed": 299.432406, "delta": 2.334407}}
{"target": 0.9209246694920241, "params": {"C": 954.1221954646115, "epsilon": 0.06152253719029024, "gamma": 0.03118364030928978, "lamda": 0.015963334391044633}, "datetime": {"datetime": "2021-09-23 23:17:36", "elapsed": 301.285953, "delta": 1.853547}}
{"target": 0.9144258014786437, "params": {"C": 1148.2322077362242, "epsilon": 0.47516726752733274, "gamma": 0.05020229908491138, "lamda": 0.16036163556033758}, "datetime": {"datetime": "2021-09-23 23:17:38", "elapsed": 302.632207, "delta": 1.346254}}
{"target": 0.9220806711600041, "params": {"C": 982.5996832343943, "epsilon": 0.26515883150442515, "gamma": 0.05511935532251131, "lamda": 0.09498577500505309}, "datetime": {"datetime": "2021-09-23 23:17:40", "elapsed": 304.900081, "delta": 2.267874}}
{"target": 0.9044167910164839, "params": {"C": 966.3980655214021, "epsilon": 0.397653628414109, "gamma": 0.04994007094399021, "lamda": 0.3947241549288147}, "datetime": {"datetime": "2021-09-23 23:17:41", "elapsed": 306.167553, "delta": 1.267472}}
{"target": 0.9150799322547131, "params": {"C": 1049.655564928241, "epsilon": 0.6506228111269378, "gamma": 0.06542526778039978, "lamda": 0.07427044260429426}, "datetime": {"datetime": "2021-09-23 23:17:43", "elapsed": 307.540105, "delta": 1.372552}}
{"target": 0.9130821180729006, "params": {"C": 1072.7543448254755, "epsilon": 0.5722211241370625, "gamma": 0.029487777381235973, "lamda": 0.09800763679835299}, "datetime": {"datetime": "2021-09-23 23:17:44", "elapsed": 309.445861, "delta": 1.905756}}
{"target": 0.9161535438814885, "params": {"C": 1023.7643706667618, "epsilon": 0.6334861572383768, "gamma": 0.06455174015080598, "lamda": 0.06897582647767024}, "datetime": {"datetime": "2021-09-23 23:17:46", "elapsed": 310.858931, "delta": 1.41307}}
{"target": 0.920118528936027, "params": {"C": 958.1366788713832, "epsilon": 0.23711809718549728, "gamma": 0.0624118091488989, "lamda": 0.042810522426607836}, "datetime": {"datetime": "2021-09-23 23:17:48", "elapsed": 312.75273, "delta": 1.893799}}
{"target": 0.8904589748372257, "params": {"C": 1072.739546276371, "epsilon": 0.5823755739351846, "gamma": 0.010753301620991187, "lamda": 0.05537829933502085}, "datetime": {"datetime": "2021-09-23 23:17:50", "elapsed": 315.05603, "delta": 2.3033}}
{"target": 0.92457323460309, "params": {"C": 954.1186857997012, "epsilon": 0.0635003331528933, "gamma": 0.04036929386045049, "lamda": 0.03261211107575857}, "datetime": {"datetime": "2021-09-23 23:17:51", "elapsed": 316.496094, "delta": 1.440064}}
{"target": 0.9221466404694071, "params": {"C": 954.0695778264545, "epsilon": 0.2449589042125987, "gamma": 0.059375124023510646, "lamda": 0.06925699030282488}, "datetime": {"datetime": "2021-09-23 23:17:53", "elapsed": 318.156, "delta": 1.659906}}
{"target": 0.8880519136946396, "params": {"C": 968.6463779448541, "epsilon": 0.3688033087916762, "gamma": 0.016781668878456994, "lamda": 0.29022592418338455}, "datetime": {"datetime": "2021-09-23 23:17:55", "elapsed": 319.544041, "delta": 1.388041}}
{"target": 0.9257909446727349, "params": {"C": 1104.261527413704, "epsilon": 0.30643727204376214, "gamma": 0.039377149371768436, "lamda": 0.06450134002869326}, "datetime": {"datetime": "2021-09-23 23:17:56", "elapsed": 321.400959, "delta": 1.856918}}
