{"target": 0.9069925410560746, "params": {"C": 1137.2049981274768, "epsilon": 0.303491098424829, "gamma": 0.03037152079194417, "lamda": 0.319142755469297}, "datetime": {"datetime": "2021-09-23 23:20:53", "elapsed": 498.030443, "delta": 1.751892}}
{"target": 0.919358106372068, "params": {"C": 954.136673933611, "epsilon": 0.3476260573809028, "gamma": 0.05499127613859633, "lamda": 0.01302622327231304}, "datetime": {"datetime": "2021-09-23 23:20:56", "elapsed": 501.045408, "delta": 3.014965}}
{"target": 0.9144125402880257, "params": {"C": 1049.6316024437797, "epsilon": 0.674018300359642, "gamma": 0.06478819672043534, "lamda": 0.08031807688387645}, "datetime": {"datetime": "2021-09-23 23:20:58", "elapsed": 502.855849, "delta": 1.810441}}
{"target": 0.9217586819705726, "params": {"C": 982.4380204978785, "epsilon": 0.2600006728097636, "gamma": 0.05542656648343279, "lamda": 0.10071399555538042}, "datetime": {"datetime": "2021-09-23 23:21:00", "elapsed": 505.370744, "delta": 2.514895}}
{"target": 0.9199270124167042, "params": {"C": 954.0248242580535, "epsilon": 0.05101964090846453, "gamma": 0.06128015021602019, "lamda": 0.1676780841706236}, "datetime": {"datetime": "2021-09-23 23:21:03", "elapsed": 508.374332, "delta": 3.003588}}
{"target": 0.9133471118911841, "params": {"C": 1143.0540401487515, "epsilon": 0.9792573499552895, "gamma": 0.01705412492997458, "lamda": 0.009406631541909297}, "datetime": {"datetime": "2021-09-23 23:21:05", "elapsed": 510.137596, "delta": 1.763264}}
{"target": 0.9181279886502006, "params": {"C": 1082.7109344582943, "epsilon": 0.04374111940895443, "gamma": 0.065448895233254, "lamda": 0.2313705193346572}, "datetime": {"datetime": "2021-09-23 23:21:08", "elapsed": 512.674172, "delta": 2.536576}}
{"target": 0.9215921893781988, "params": {"C": 982.4665590187137, "epsilon": 0.18892949713525406, "gamma": 0.059203677723839, "lamda": 0.04913832210629591}, "datetime": {"datetime": "2021-09-23 23:21:10", "elapsed": 515.373972, "delta": 2.6998}}
{"target": 0.9105670840789212, "params": {"C": 950.9091441661462, "epsilon": 0.809668006954886, "gamma": 0.055445552175549355, "lamda": 0.12581194133727966}, "datetime": {"datetime": "2021-09-23 23:21:12", "elapsed": 517.182942, "delta": 1.80897}}
{"target": 0.8945355688578673, "params": {"C": 1083.1700645371823, "epsilon": 0.8677606771254649, "gamma": 0.044305261247922535, "lamda": 0.3025380816352963}, "datetime": {"datetime": "2021-09-23 23:21:14", "elapsed": 519.050722, "delta": 1.86778}}
{"target": 0.9072238103407272, "params": {"C": 1077.924161634858, "epsilon": 0.6286623417377912, "gamma": 0.045407250872507104, "lamda": 0.21723534167301062}, "datetime": {"datetime": "2021-09-23 23:21:16", "elapsed": 520.848217, "delta": 1.797495}}
{"target": 0.8760649592304729, "params": {"C": 968.336161505552, "epsilon": 0.9446458193200601, "gamma": 0.017871619369956283, "lamda": 0.24807740988990634}, "datetime": {"datetime": "2021-09-23 23:21:18", "elapsed": 522.751196, "delta": 1.902979}}
{"target": 0.9090232608815948, "params": {"C": 1030.9975774334112, "epsilon": 0.08055947559883189, "gamma": 0.01748161179666917, "lamda": 0.2711713611884969}, "datetime": {"datetime": "2021-09-23 23:21:20", "elapsed": 524.551799, "delta": 1.800603}}
{"target": 0.901160616152155, "params": {"C": 1087.0756340336768, "epsilon": 0.461121353594804, "gamma": 0.055700576982317895, "lamda": 0.3949900835058084}, "datetime": {"datetime": "2021-09-23 23:21:21", "elapsed": 526.402565, "delta": 1.850766}}
{"target": 0.9225643274506266, "params": {"C": 961.8517417146973, "epsilon": 0.036540115818147326, "gamma": 0.046113307350641744, "lamda": 0.06561574011886925}, "datetime": {"datetime": "2021-09-23 23:21:23", "elapsed": 528.32609, "delta": 1.923525}}
{"target": 0.927119535645764, "params": {"C": 982.456184242977, "epsilon": 0.10192244097322714, "gamma": 0.047980208556379154, "lamda": 0.06701418957633667}, "datetime": {"datetime": "2021-09-23 23:21:25", "elapsed": 530.173767, "delta": 1.847677}}
{"target": 0.872699345862356, "params": {"C": 1122.586368075494, "epsilon": 0.7935996606927134, "gamma": 0.01666281480034839, "lamda": 0.3024728215641701}, "datetime": {"datetime": "2021-09-23 23:21:27", "elapsed": 532.011232, "delta": 1.837465}}
{"target": 0.8932428833815732, "params": {"C": 1129.54082267969, "epsilon": 0.1674346162127828, "gamma": 0.01558223186774257, "lamda": 0.37083213878932997}, "datetime": {"datetime": "2021-09-23 23:21:29", "elapsed": 533.764438, "delta": 1.753206}}
{"target": 0.9223482024502827, "params": {"C": 954.0564010947709, "epsilon": 0.31497445698915194, "gamma": 0.03894139807408465, "lamda": 0.0967618697585566}, "datetime": {"datetime": "2021-09-23 23:21:32", "elapsed": 537.33367, "delta": 3.569232}}
{"target": 0.9193249395941809, "params": {"C": 960.4388299837784, "epsilon": 0.3581520616872852, "gamma": 0.06327660748953705, "lamda": 0.0720324858377758}, "datetime": {"datetime": "2021-09-23 23:21:34", "elapsed": 539.171884, "delta": 1.838214}}
{"target": 0.9099061341862441, "params": {"C": 954.0449806291507, "epsilon": 0.31351221948743435, "gamma": 0.06338556878483474, "lamda": 0.013916563234040134}, "datetime": {"datetime": "2021-09-23 23:21:38", "elapsed": 542.521059, "delta": 3.349175}}
{"target": 0.9232331809196432, "params": {"C": 1021.6549697963333, "epsilon": 0.11202731743475666, "gamma": 0.046435190220966184, "lamda": 0.22138612615272604}, "datetime": {"datetime": "2021-09-23 23:21:40", "elapsed": 544.974624, "delta": 2.453565}}
{"target": 0.9255983790326174, "params": {"C": 1078.4505211617818, "epsilon": 0.047629998708495866, "gamma": 0.047250518143086166, "lamda": 0.09840980456934112}, "datetime": {"datetime": "2021-09-23 23:21:42", "elapsed": 546.868207, "delta": 1.893583}}
{"target": 0.9153496717801218, "params": {"C": 954.072946071808, "epsilon": 0.38701569340213804, "gamma": 0.05969999621185984, "lamda": 0.1487554349066701}, "datetime": {"datetime": "2021-09-23 23:21:44", "elapsed": 548.776479, "delta": 1.908272}}
{"target": 0.8942166030814345, "params": {"C": 1005.2704714249638, "epsilon": 0.7451239592073331, "gamma": 0.028759445218644528, "lamda": 0.2637989615806301}, "datetime": {"datetime": "2021-09-23 23:21:46", "elapsed": 550.714374, "delta": 1.937895}}
{"target": 0.9220433941581091, "params": {"C": 1104.2393412152046, "epsilon": 0.20036472612554196, "gamma": 0.0258954423418013, "lamda": 0.08366299050851668}, "datetime": {"datetime": "2021-09-23 23:21:48", "elapsed": 552.692193, "delta": 1.977819}}
{"target": 0.9257315895616381, "params": {"C": 1035.8802595297277, "epsilon": 0.062488303635243776, "gamma": 0.028975818808076828, "lamda": 0.19690389533119113}, "datetime": {"datetime": "2021-09-23 23:21:50", "elapsed": 554.724218, "delta": 2.032025}}
{"target": 0.8970759762513107, "params": {"C": 1088.0623097431767, "epsilon": 0.1157855860820079, "gamma": 0.01378344319059161, "lamda": 0.30209828150791534}, "datetime": {"datetime": "2021-09-23 23:21:52", "elapsed": 556.651042, "delta": 1.926824}}
{"target": 0.8882592415440203, "params": {"C": 1022.1923194076548, "epsilon": 0.10597626399565843, "gamma": 0.010864275470861233, "lamda": 0.34390804292785454}, "datetime": {"datetime": "2021-09-23 23:21:54", "elapsed": 559.326605, "delta": 2.675563}}
{"target": 0.9212982643506566, "params": {"C": 1103.7680007070853, "epsilon": 0.12234512061877283, "gamma": 0.033188304605596644, "lamda": 0.22699821346862825}, "datetime": {"datetime": "2021-09-23 23:21:56", "elapsed": 561.239355, "delta": 1.91275}}
{"target": 0.9084392470519206, "params": {"C": 1029.9801808850152, "epsilon": 0.8606366171145389, "gamma": 0.03199760667053937, "lamda": 0.10938757450719948}, "datetime": {"datetime": "2021-09-23 23:21:58", "elapsed": 563.263413, "delta": 2.024058}}
{"target": 0.9235783082038252, "params": {"C": 1056.728731834915, "epsilon": 0.2615533032202012, "gamma": 0.05577025507922758, "lamda": 0.06478943313252469}, "datetime": {"datetime": "2021-09-23 23:22:00", "elapsed": 565.291422, "delta": 2.028009}}
{"target": 0.9263137819087529, "params": {"C": 982.6003104646802, "epsilon": 0.21025745835916304, "gamma": 0.045764140445169, "lamda": 0.08010226860126526}, "datetime": {"datetime": "2021-09-23 23:22:02", "elapsed": 567.296912, "delta": 2.00549}}
{"target": 0.9024361454918663, "params": {"C": 1014.6141427593091, "epsilon": 0.12777325257259542, "gamma": 0.011833574054219517, "lamda": 0.04716893481806979}, "datetime": {"datetime": "2021-09-23 23:22:05", "elapsed": 570.259077, "delta": 2.962165}}
{"target": 0.921452906093511, "params": {"C": 1141.2246053797921, "epsilon": 0.45911800944903236, "gamma": 0.060827986253878814, "lamda": 0.03552589640914555}, "datetime": {"datetime": "2021-09-23 23:22:07", "elapsed": 572.170249, "delta": 1.911172}}
{"target": 0.906894550975275, "params": {"C": 969.4640937689758, "epsilon": 0.9699703846417923, "gamma": 0.06088060444614128, "lamda": 0.12932098390609498}, "datetime": {"datetime": "2021-09-23 23:22:09", "elapsed": 574.232662, "delta": 2.062413}}
{"target": 0.8897475765926268, "params": {"C": 1043.9250712556568, "epsilon": 0.8569194013172342, "gamma": 0.03476742952868786, "lamda": 0.33279214649126493}, "datetime": {"datetime": "2021-09-23 23:22:11", "elapsed": 576.081194, "delta": 1.848532}}
{"target": 0.9144310199671851, "params": {"C": 1062.4792458464683, "epsilon": 0.19560378803467024, "gamma": 0.032647761498657515, "lamda": 0.3001751693746094}, "datetime": {"datetime": "2021-09-23 23:22:13", "elapsed": 578.067169, "delta": 1.985975}}
{"target": 0.9263836960344481, "params": {"C": 982.447502788903, "epsilon": 0.10693420538052573, "gamma": 0.04124328595955611, "lamda": 0.15885444156120032}, "datetime": {"datetime": "2021-09-23 23:22:16", "elapsed": 580.725814, "delta": 2.658645}}
{"target": 0.9104051357363898, "params": {"C": 1077.0051797652225, "epsilon": 0.8506995751052617, "gamma": 0.03917601461255663, "lamda": 0.11988809885253744}, "datetime": {"datetime": "2021-09-23 23:22:18", "elapsed": 582.6349, "delta": 1.909086}}
{"target": 0.8760413494594543, "params": {"C": 1104.2755727892309, "epsilon": 0.31435353272142397, "gamma": 0.06968696883363726, "lamda": 0.0028462070823759237}, "datetime": {"datetime": "2021-09-23 23:22:21", "elapsed": 585.737209, "delta": 3.102309}}
{"target": 0.9258756113825609, "params": {"C": 1033.9319277636873, "epsilon": 0.11576386885128896, "gamma": 0.05086616369472126, "lamda": 0.11357565183875389}, "datetime": {"datetime": "2021-09-23 23:22:24", "elapsed": 588.962281, "delta": 3.225072}}
{"target": 0.9266087123523932, "params": {"C": 982.2902660060735, "epsilon": 0.11743630874807592, "gamma": 0.029808546079069145, "lamda": 0.10040691163629498}, "datetime": {"datetime": "2021-09-23 23:22:27", "elapsed": 592.279813, "delta": 3.317532}}
{"target": 0.8997396795347412, "params": {"C": 969.0328412297354, "epsilon": 0.47048699393754045, "gamma": 0.06675773236789372, "lamda": 0.3625052786903887}, "datetime": {"datetime": "2021-09-23 23:22:29", "elapsed": 594.274827, "delta": 1.995014}}
{"target": 0.9063126070624766, "params": {"C": 1104.3223734579153, "epsilon": 0.2423799074152139, "gamma": 0.013682586387160337, "lamda": 0.04376544135431796}, "datetime": {"datetime": "2021-09-23 23:22:33", "elapsed": 598.095801, "delta": 3.820974}}
{"target": 0.9267484721566573, "params": {"C": 954.033722520321, "epsilon": 0.06683055153749948, "gamma": 0.04403102907817629, "lamda": 0.05769597960065897}, "datetime": {"datetime": "2021-09-23 23:22:36", "elapsed": 601.176218, "delta": 3.080417}}
{"target": 0.9133496803642365, "params": {"C": 1084.4172348240593, "epsilon": 0.1977706541159066, "gamma": 0.05667885164642898, "lamda": 0.3569026124554637}, "datetime": {"datetime": "2021-09-23 23:22:38", "elapsed": 603.193374, "delta": 2.017156}}
{"target": 0.9168166192383103, "params": {"C": 1115.6591118545366, "epsilon": 0.1492067987032285, "gamma": 0.036526803655391585, "lamda": 0.3584064672437641}, "datetime": {"datetime": "2021-09-23 23:22:40", "elapsed": 605.225379, "delta": 2.032005}}
{"target": 0.8882226346867059, "params": {"C": 1079.077876866938, "epsilon": 0.3523486441743092, "gamma": 0.01696168795572843, "lamda": 0.30590524080959847}, "datetime": {"datetime": "2021-09-23 23:22:42", "elapsed": 607.252942, "delta": 2.027563}}
{"target": 0.9248855839150621, "params": {"C": 1096.5127480813558, "epsilon": 0.9920213810858296, "gamma": 0.044281761418545666, "lamda": 0.0203778069503623}, "datetime": {"datetime": "2021-09-23 23:22:44", "elapsed": 609.164044, "delta": 1.911102}}
{"target": 0.9177673838202763, "params": {"C": 1100.9180681782086, "epsilon": 0.5631827285891081, "gamma": 0.04924469076336146, "lamda": 0.09671364283886538}, "datetime": {"datetime": "2021-09-23 23:22:46", "elapsed": 611.355043, "delta": 2.190999}}
{"target": 0.9045392604551962, "params": {"C": 1110.7207666147758, "epsilon": 0.4113750786131546, "gamma": 0.06638601842489804, "lamda": 0.30678725221408476}, "datetime": {"datetime": "2021-09-23 23:22:48", "elapsed": 613.482856, "delta": 2.127813}}
{"target": 0.9080369364857824, "params": {"C": 977.0138138469985, "epsilon": 0.23344690620913883, "gamma": 0.018750094725467535, "lamda": 0.0037421771671867603}, "datetime": {"datetime": "2021-09-23 23:22:52", "elapsed": 616.66714, "delta": 3.184284}}
{"target": 0.922246102383387, "params": {"C": 995.1703688129256, "epsilon": 0.36707296273190415, "gamma": 0.05617677381282578, "lamda": 0.0637153700586333}, "datetime": {"datetime": "2021-09-23 23:22:54", "elapsed": 618.689224, "delta": 2.022084}}
{"target": 0.898803031297727, "params": {"C": 1043.3417508777538, "epsilon": 0.5879825087183271, "gamma": 0.05887408108290103, "lamda": 0.3450430895882376}, "datetime": {"datetime": "2021-09-23 23:22:56", "elapsed": 620.850241, "delta": 2.161017}}
{"target": 0.9133829307470483, "params": {"C": 1114.582080308825, "epsilon": 0.4613969789939957, "gamma": 0.06208653291472197, "lamda": 0.1453834328539021}, "datetime": {"datetime": "2021-09-23 23:22:58", "elapsed": 622.925212, "delta": 2.074971}}
{"target": 0.9036445500876176, "params": {"C": 1103.6552333615632, "epsilon": 0.7884600319173051, "gamma": 0.055963825702950235, "lamda": 0.20886066316783466}, "datetime": {"datetime": "2021-09-23 23:23:00", "elapsed": 624.903214, "delta": 1.978002}}
{"target": 0.892333670660934, "params": {"C": 1131.7043863309868, "epsilon": 0.5894125724785576, "gamma": 0.01627517357657593, "lamda": 0.13488874169321968}, "datetime": {"datetime": "2021-09-23 23:23:02", "elapsed": 627.12052, "delta": 2.217306}}
{"target": 0.9279644282008869, "params": {"C": 1043.6343213250452, "epsilon": 0.15487773905380744, "gamma": 0.045345715975367684, "lamda": 0.07266629070523477}, "datetime": {"datetime": "2021-09-23 23:23:05", "elapsed": 629.760452, "delta": 2.639932}}
{"target": 0.9215952186169314, "params": {"C": 1018.5026783783331, "epsilon": 0.14116350758816582, "gamma": 0.028845391477605363, "lamda": 0.15338367086867397}, "datetime": {"datetime": "2021-09-23 23:23:07", "elapsed": 631.797598, "delta": 2.037146}}
{"target": 0.9112903878701787, "params": {"C": 1043.6555458442433, "epsilon": 0.21573572169594038, "gamma": 0.017151253977435096, "lamda": 0.08148883869325743}, "datetime": {"datetime": "2021-09-23 23:23:10", "elapsed": 634.881637, "delta": 3.084039}}
{"target": 0.9063362224776894, "params": {"C": 1098.9941611894337, "epsilon": 0.3059107014825222, "gamma": 0.03489422628942402, "lamda": 0.39186309858435037}, "datetime": {"datetime": "2021-09-23 23:23:12", "elapsed": 636.911696, "delta": 2.030059}}
{"target": 0.9016574974977815, "params": {"C": 1035.90658212969, "epsilon": 0.07821776475783275, "gamma": 0.012128822760290264, "lamda": 0.15854300984734682}, "datetime": {"datetime": "2021-09-23 23:23:15", "elapsed": 640.096948, "delta": 3.185252}}
{"target": 0.9200829619292725, "params": {"C": 970.6493059811304, "epsilon": 0.17316856104422831, "gamma": 0.03330225389725633, "lamda": 0.19045877203411574}, "datetime": {"datetime": "2021-09-23 23:23:18", "elapsed": 642.945144, "delta": 2.848196}}
{"target": 0.8951709896610616, "params": {"C": 954.1612218042285, "epsilon": 0.21017678740879567, "gamma": 0.01294304085376434, "lamda": 0.1693603385791138}, "datetime": {"datetime": "2021-09-23 23:23:20", "elapsed": 645.075109, "delta": 2.129965}}
{"target": 0.9083060670615296, "params": {"C": 1079.6919959962459, "epsilon": 0.9978601281398866, "gamma": 0.06659982490395011, "lamda": 0.09844571587132123}, "datetime": {"datetime": "2021-09-23 23:23:22", "elapsed": 646.986715, "delta": 1.911606}}
{"target": 0.8848556365685518, "params": {"C": 961.680881069365, "epsilon": 0.8756261502040515, "gamma": 0.028170572992870506, "lamda": 0.331646235516188}, "datetime": {"datetime": "2021-09-23 23:23:24", "elapsed": 649.059813, "delta": 2.073098}}
{"target": 0.9237200382162113, "params": {"C": 982.2972574257846, "epsilon": 0.08998369330875884, "gamma": 0.025623465313637267, "lamda": 0.1220676022881205}, "datetime": {"datetime": "2021-09-23 23:23:27", "elapsed": 651.600539, "delta": 2.540726}}
{"target": 0.9146123926497091, "params": {"C": 1022.3538592730438, "epsilon": 0.3633115388609215, "gamma": 0.05963051674671606, "lamda": 0.1713890386081548}, "datetime": {"datetime": "2021-09-23 23:23:29", "elapsed": 653.809796, "delta": 2.209257}}
{"target": 0.8945670773296585, "params": {"C": 1129.9962260764876, "epsilon": 0.7841283469255622, "gamma": 0.034189860487037475, "lamda": 0.29243461807884064}, "datetime": {"datetime": "2021-09-23 23:23:31", "elapsed": 655.984991, "delta": 2.175195}}
{"target": 0.9254030388050046, "params": {"C": 1254.2641286533492, "epsilon": 0.05012939087861945, "gamma": 0.04801889409557653, "lamda": 0.29977274913290614}, "datetime": {"datetime": "2021-09-23 23:27:39", "elapsed": 0.0, "delta": 0.0}}
{"target": 0.9018684753678818, "params": {"C": 1199.701402460518, "epsilon": 0.24805274616492223, "gamma": 0.02188377188557744, "lamda": 0.30445175416738457}, "datetime": {"datetime": "2021-09-23 23:27:39", "elapsed": 0.291996, "delta": 0.291996}}
{"target": 0.9184286531256303, "params": {"C": 1133.8221673125072, "epsilon": 0.11568961974878995, "gamma": 0.05112158910206784, "lamda": 0.3814039451317797}, "datetime": {"datetime": "2021-09-23 23:27:39", "elapsed": 0.57013, "delta": 0.278134}}
{"target": 0.9065873958203501, "params": {"C": 1100.789653265583, "epsilon": 0.5268264954842033, "gamma": 0.05875725769912682, "lamda": 0.2453979006649259}, "datetime": {"datetime": "2021-09-23 23:27:40", "elapsed": 0.834133, "delta": 0.264003}}
{"target": 0.9090910920795383, "params": {"C": 1244.3510634863599, "epsilon": 0.31311978612551417, "gamma": 0.06506644735077662, "lamda": 0.28611573757567854}, "datetime": {"datetime": "2021-09-23 23:27:40", "elapsed": 1.120566, "delta": 0.286433}}
{"target": 0.9289376546059349, "params": {"C": 1146.0065261871637, "epsilon": 0.2143536366860862, "gamma": 0.03813334536474346, "lamda": 0.05393966604095758}, "datetime": {"datetime": "2021-09-23 23:27:40", "elapsed": 1.47657, "delta": 0.356004}}
{"target": 0.8921174622199229, "params": {"C": 1145.70669531436, "epsilon": 0.4484072146808388, "gamma": 0.02332513033539814, "lamda": 0.3488141974956611}, "datetime": {"datetime": "2021-09-23 23:27:41", "elapsed": 1.804527, "delta": 0.327957}}
{"target": 0.9113802925212338, "params": {"C": 1169.3314574520741, "epsilon": 0.21875341349367206, "gamma": 0.019338594339044984, "lamda": 0.11142359070502497}, "datetime": {"datetime": "2021-09-23 23:27:41", "elapsed": 2.161567, "delta": 0.35704}}
{"target": 0.9264371279071131, "params": {"C": 1104.0892017199521, "epsilon": 0.0921769038139145, "gamma": 0.04495343042761878, "lamda": 0.16828231117332992}, "datetime": {"datetime": "2021-09-23 23:27:41", "elapsed": 2.526141, "delta": 0.364574}}
{"target": 0.8932515169362125, "params": {"C": 1222.000123167643, "epsilon": 0.9246166610991446, "gamma": 0.052568298727638366, "lamda": 0.30060708528951074}, "datetime": {"datetime": "2021-09-23 23:27:42", "elapsed": 2.861321, "delta": 0.33518}}
{"target": 0.8867461124040971, "params": {"C": 1265.0598974153684, "epsilon": 0.5469901009103314, "gamma": 0.02387050364069023, "lamda": 0.38801409740661935}, "datetime": {"datetime": "2021-09-23 23:27:42", "elapsed": 3.203326, "delta": 0.342005}}
{"target": 0.9147161131539967, "params": {"C": 1252.859462776694, "epsilon": 0.4263613725529165, "gamma": 0.04116365170829408, "lamda": 0.1726199596478999}, "datetime": {"datetime": "2021-09-23 23:27:42", "elapsed": 3.551321, "delta": 0.347995}}
{"target": 0.9234008410092367, "params": {"C": 1108.1927974211915, "epsilon": 0.24970575151699523, "gamma": 0.029538806038617985, "lamda": 0.07614434650662687}, "datetime": {"datetime": "2021-09-23 23:27:43", "elapsed": 3.908358, "delta": 0.357037}}
{"target": 0.915658557292589, "params": {"C": 1251.0043832350534, "epsilon": 0.4471411630965273, "gamma": 0.03651889915045838, "lamda": 0.13664776639560702}, "datetime": {"datetime": "2021-09-23 23:27:43", "elapsed": 4.260358, "delta": 0.352}}
{"target": 0.8969631061132024, "params": {"C": 1233.928092656194, "epsilon": 0.2745572831340398, "gamma": 0.02215344086976446, "lamda": 0.38089384826327377}, "datetime": {"datetime": "2021-09-23 23:27:43", "elapsed": 4.594163, "delta": 0.333805}}
{"target": 0.8894015919532324, "params": {"C": 1243.1758135726275, "epsilon": 0.2896058011055015, "gamma": 0.015435774900384742, "lamda": 0.2804854242243259}, "datetime": {"datetime": "2021-09-23 23:27:44", "elapsed": 4.941342, "delta": 0.347179}}
{"target": 0.917834612351756, "params": {"C": 1146.919618549168, "epsilon": 0.15639106627129726, "gamma": 0.04265382653142713, "lamda": 0.3320759476460242}, "datetime": {"datetime": "2021-09-23 23:27:44", "elapsed": 5.30142, "delta": 0.360078}}
{"target": 0.9240121796423031, "params": {"C": 1180.9847740143966, "epsilon": 0.07267066579701993, "gamma": 0.04542615441043764, "lamda": 0.2885863430885429}, "datetime": {"datetime": "2021-09-23 23:27:45", "elapsed": 5.672612, "delta": 0.371192}}
