{"target": -2.006812157154838, "params": {"C": 223.66216163306896, "epsilon": 0.6169452328107091, "gamma": 0.05877054618235568, "lamda": 0.06995748026880161}, "datetime": {"datetime": "2021-09-23 13:48:33", "elapsed": 724.686286, "delta": 3.464489}}
{"target": -2.083428025087174, "params": {"C": 205.34033693054158, "epsilon": 0.6599514536542372, "gamma": 0.0395048331932924, "lamda": 0.13035980490049265}, "datetime": {"datetime": "2021-09-23 13:48:35", "elapsed": 726.48073, "delta": 1.794444}}
{"target": -1.9780705982996893, "params": {"C": 196.21406511204512, "epsilon": 0.5036842553923301, "gamma": 0.030775255716419817, "lamda": 0.02290001509862922}, "datetime": {"datetime": "2021-09-23 13:48:37", "elapsed": 728.375877, "delta": 1.895147}}
{"target": -2.0556186687516735, "params": {"C": 223.63506959051364, "epsilon": 0.4, "gamma": 0.02, "lamda": 0.015}, "datetime": {"datetime": "2021-09-23 13:48:41", "elapsed": 732.08722, "delta": 3.711343}}
{"target": -2.0821688689736186, "params": {"C": 214.28221967387913, "epsilon": 0.6283926668319831, "gamma": 0.04674389841578712, "lamda": 0.14249079378577795}, "datetime": {"datetime": "2021-09-23 13:48:42", "elapsed": 733.8179, "delta": 1.73068}}
{"target": -2.0867952566364427, "params": {"C": 223.82094274249047, "epsilon": 0.4187951280954998, "gamma": 0.03077600680642512, "lamda": 0.15804304331377367}, "datetime": {"datetime": "2021-09-23 13:48:46", "elapsed": 737.86877, "delta": 4.05087}}
{"target": -1.960450133315333, "params": {"C": 223.60429646184647, "epsilon": 0.5338986746229986, "gamma": 0.054490159785567316, "lamda": 0.023755968873406915}, "datetime": {"datetime": "2021-09-23 13:48:51", "elapsed": 742.243151, "delta": 4.374381}}
{"target": -2.1624182469092514, "params": {"C": 297.64618346644187, "epsilon": 0.5829528758962996, "gamma": 0.03503596974809639, "lamda": 0.21836990729199457}, "datetime": {"datetime": "2021-09-23 13:48:53", "elapsed": 744.148774, "delta": 1.905623}}
{"target": -2.093189051793625, "params": {"C": 217.17181390904585, "epsilon": 0.6307342028500017, "gamma": 0.028909497959009794, "lamda": 0.101258131194489}, "datetime": {"datetime": "2021-09-23 13:48:55", "elapsed": 746.220059, "delta": 2.071285}}
{"target": -2.0960587747470645, "params": {"C": 196.17556469512039, "epsilon": 0.5315920505498601, "gamma": 0.035628726189200266, "lamda": 0.1616795132267172}, "datetime": {"datetime": "2021-09-23 13:49:00", "elapsed": 751.923229, "delta": 5.70317}}
{"target": -1.9759309929941542, "params": {"C": 213.18198322503582, "epsilon": 0.723297881838897, "gamma": 0.03716855768938837, "lamda": 0.046164355206993204}, "datetime": {"datetime": "2021-09-23 13:49:03", "elapsed": 754.17452, "delta": 2.251291}}
{"target": -2.1228580200647293, "params": {"C": 261.9211382135531, "epsilon": 0.5956481683756768, "gamma": 0.02428771037088063, "lamda": 0.09953915408049147}, "datetime": {"datetime": "2021-09-23 13:49:05", "elapsed": 756.284904, "delta": 2.110384}}
{"target": -2.0700525917629697, "params": {"C": 232.469776548841, "epsilon": 0.7748260543328387, "gamma": 0.04453362606185264, "lamda": 0.10460436415177973}, "datetime": {"datetime": "2021-09-23 13:49:07", "elapsed": 758.489437, "delta": 2.204533}}
{"target": -2.0093789702384597, "params": {"C": 213.34787665338524, "epsilon": 0.5552620203880884, "gamma": 0.02677240689859761, "lamda": 0.018646871933613342}, "datetime": {"datetime": "2021-09-23 13:49:12", "elapsed": 763.480452, "delta": 4.991015}}
{"target": -2.0410411176923, "params": {"C": 199.16131741274256, "epsilon": 0.4057386375464049, "gamma": 0.03599447776637873, "lamda": 0.14056353951904033}, "datetime": {"datetime": "2021-09-23 13:49:16", "elapsed": 767.302853, "delta": 3.822401}}
{"target": -1.9293034208753874, "params": {"C": 254.25124561622738, "epsilon": 0.7348196607677093, "gamma": 0.04179859801250061, "lamda": 0.02678283844995573}, "datetime": {"datetime": "2021-09-23 13:49:21", "elapsed": 771.999623, "delta": 4.69677}}
{"target": -1.9325620951088043, "params": {"C": 254.17509831935183, "epsilon": 0.5579540407118587, "gamma": 0.04584312764835656, "lamda": 0.019716391353680425}, "datetime": {"datetime": "2021-09-23 13:49:23", "elapsed": 774.075049, "delta": 2.075426}}
{"target": -1.980406033266503, "params": {"C": 208.18366327091098, "epsilon": 0.4059426231855623, "gamma": 0.05785914269159054, "lamda": 0.027680303024639315}, "datetime": {"datetime": "2021-09-23 13:49:27", "elapsed": 778.091788, "delta": 4.016739}}
{"target": -2.0682190404573, "params": {"C": 216.1825525815043, "epsilon": 0.7894239031649292, "gamma": 0.0566578809028699, "lamda": 0.08913997406354976}, "datetime": {"datetime": "2021-09-23 13:49:29", "elapsed": 780.459258, "delta": 2.36747}}
{"target": -2.0481682811737643, "params": {"C": 223.5085281022234, "epsilon": 0.5849970593368227, "gamma": 0.0378568936531857, "lamda": 0.10602588554486789}, "datetime": {"datetime": "2021-09-23 13:49:33", "elapsed": 784.741348, "delta": 4.28209}}
{"target": -2.1022310754402866, "params": {"C": 254.25763720961822, "epsilon": 0.7847280797450125, "gamma": 0.03019156848449038, "lamda": 0.090539376016944}, "datetime": {"datetime": "2021-09-23 13:49:39", "elapsed": 790.559916, "delta": 5.818568}}
{"target": -2.1610175338704876, "params": {"C": 203.51619142093725, "epsilon": 0.58709363314083, "gamma": 0.02, "lamda": 0.09665219192826846}, "datetime": {"datetime": "2021-09-23 13:49:48", "elapsed": 799.275906, "delta": 8.71599}}
{"target": -1.9232740907979118, "params": {"C": 254.13275041959994, "epsilon": 0.44068837490135704, "gamma": 0.03907464370971289, "lamda": 0.02353596796893441}, "datetime": {"datetime": "2021-09-23 13:49:53", "elapsed": 804.922969, "delta": 5.647063}}
{"target": -1.983213354509246, "params": {"C": 223.56477292778132, "epsilon": 0.7384206379173888, "gamma": 0.028779888715909183, "lamda": 0.03422217524116196}, "datetime": {"datetime": "2021-09-23 13:49:59", "elapsed": 810.670166, "delta": 5.747197}}
{"target": -2.007908849735159, "params": {"C": 199.03305549324722, "epsilon": 0.4, "gamma": 0.06, "lamda": 0.015}, "datetime": {"datetime": "2021-09-23 13:50:05", "elapsed": 816.827863, "delta": 6.157697}}
{"target": -2.1270239354617346, "params": {"C": 209.44631242485985, "epsilon": 0.6807543918111898, "gamma": 0.031640968179487215, "lamda": 0.13611464833215353}, "datetime": {"datetime": "2021-09-23 13:50:08", "elapsed": 819.854357, "delta": 3.026494}}
{"target": -1.98634760589396, "params": {"C": 180.10392183643265, "epsilon": 0.4144195146820077, "gamma": 0.045798416574450766, "lamda": 0.10607855584451649}, "datetime": {"datetime": "2021-09-23 13:50:16", "elapsed": 827.012207, "delta": 7.15785}}
{"target": -2.05644775823164, "params": {"C": 199.75653577779957, "epsilon": 0.4899644612073324, "gamma": 0.021406141924060644, "lamda": 0.015447917150002462}, "datetime": {"datetime": "2021-09-23 13:50:22", "elapsed": 833.781481, "delta": 6.769274}}
{"target": -2.07472730017622, "params": {"C": 279.1864270822512, "epsilon": 0.7168979311062794, "gamma": 0.030897961324765, "lamda": 0.08170987170764621}, "datetime": {"datetime": "2021-09-23 13:50:25", "elapsed": 836.482785, "delta": 2.701304}}
{"target": -2.0387731431932026, "params": {"C": 223.6721955759045, "epsilon": 0.5146407509164709, "gamma": 0.037865885630665216, "lamda": 0.10977585004410315}, "datetime": {"datetime": "2021-09-23 13:50:30", "elapsed": 841.845321, "delta": 5.362536}}
{"target": -2.201607886019058, "params": {"C": 213.30694785110586, "epsilon": 0.6213247825704156, "gamma": 0.02625808625693397, "lamda": 0.19117834076638834}, "datetime": {"datetime": "2021-09-23 13:50:34", "elapsed": 845.086651, "delta": 3.24133}}
{"target": -1.9695430734253143, "params": {"C": 184.28949440350257, "epsilon": 0.7820770252134499, "gamma": 0.05252892335904562, "lamda": 0.045434977253164616}, "datetime": {"datetime": "2021-09-23 13:50:42", "elapsed": 853.474484, "delta": 8.387833}}
{"target": -1.9475178068637404, "params": {"C": 199.73529556642768, "epsilon": 0.7400801404663117, "gamma": 0.03423520386243196, "lamda": 0.016897109173466398}, "datetime": {"datetime": "2021-09-23 13:50:47", "elapsed": 858.609009, "delta": 5.134525}}
{"target": -2.116034874098888, "params": {"C": 199.83041001618813, "epsilon": 0.7019112979347253, "gamma": 0.02008993603353009, "lamda": 0.060955985714919114}, "datetime": {"datetime": "2021-09-23 13:50:53", "elapsed": 864.782855, "delta": 6.173846}}
{"target": -2.167670386069423, "params": {"C": 195.15793136190214, "epsilon": 0.7647651880912492, "gamma": 0.05575290328445216, "lamda": 0.17747588216292892}, "datetime": {"datetime": "2021-09-23 13:50:56", "elapsed": 867.865848, "delta": 3.082993}}
{"target": -1.9424136039457043, "params": {"C": 254.27760356689316, "epsilon": 0.6761537514658928, "gamma": 0.05045488010166832, "lamda": 0.018695573856025112}, "datetime": {"datetime": "2021-09-23 13:51:03", "elapsed": 874.41494, "delta": 6.549092}}
{"target": -2.046337549175115, "params": {"C": 254.07863286531926, "epsilon": 0.4, "gamma": 0.02, "lamda": 0.015}, "datetime": {"datetime": "2021-09-23 13:51:08", "elapsed": 879.919864, "delta": 5.504924}}
{"target": -2.087119354139409, "params": {"C": 199.70631293679654, "epsilon": 0.7246581992649276, "gamma": 0.05890041581890065, "lamda": 0.10685703527604436}, "datetime": {"datetime": "2021-09-23 13:51:16", "elapsed": 887.641006, "delta": 7.721142}}
{"target": -2.1699656819093933, "params": {"C": 269.4207584416665, "epsilon": 0.7422131690680763, "gamma": 0.05140167876536282, "lamda": 0.1947229983350155}, "datetime": {"datetime": "2021-09-23 13:51:18", "elapsed": 889.615863, "delta": 1.974857}}
{"target": -1.9391766085236997, "params": {"C": 274.16677123906516, "epsilon": 0.733086494221628, "gamma": 0.03998705031812634, "lamda": 0.029324537318082086}, "datetime": {"datetime": "2021-09-23 13:51:23", "elapsed": 894.423024, "delta": 4.807161}}
{"target": -2.2426026161179595, "params": {"C": 228.68435362275048, "epsilon": 0.5034383424951366, "gamma": 0.021471872890025664, "lamda": 0.2189839059876641}, "datetime": {"datetime": "2021-09-23 13:51:25", "elapsed": 896.686221, "delta": 2.263197}}
{"target": -1.9221293828725856, "params": {"C": 223.4321611120446, "epsilon": 0.40757148217215733, "gamma": 0.043859841019541615, "lamda": 0.04516327027244553}, "datetime": {"datetime": "2021-09-23 13:51:30", "elapsed": 901.619384, "delta": 4.933163}}
{"target": -1.9375504791265137, "params": {"C": 207.79052506674637, "epsilon": 0.5859677179655598, "gamma": 0.05227876813438087, "lamda": 0.026850008044985108}, "datetime": {"datetime": "2021-09-23 13:51:36", "elapsed": 907.928533, "delta": 6.309149}}
{"target": -1.9314944122597053, "params": {"C": 349.6905415186841, "epsilon": 0.045979001006739156, "gamma": 0.04534592939705101, "lamda": 0.22840910652350438}, "datetime": {"datetime": "2021-09-23 13:59:14", "elapsed": 0.0, "delta": 0.0}}
{"target": -2.0738010020836954, "params": {"C": 289.6715427065699, "epsilon": 0.2030934170587527, "gamma": 0.02792251459038496, "lamda": 0.23175125297670324}, "datetime": {"datetime": "2021-09-23 13:59:14", "elapsed": 0.330999, "delta": 0.330999}}
{"target": -1.9660422164014317, "params": {"C": 217.20438404375778, "epsilon": 0.09802165691398791, "gamma": 0.04741439273471189, "lamda": 0.2867171036655569}, "datetime": {"datetime": "2021-09-23 13:59:15", "elapsed": 0.800278, "delta": 0.469279}}
{"target": -2.068545081326683, "params": {"C": 180.8686185921412, "epsilon": 0.424388042807048, "gamma": 0.05250483846608453, "lamda": 0.1895699290463756}, "datetime": {"datetime": "2021-09-23 13:59:15", "elapsed": 1.161599, "delta": 0.361321}}
{"target": -2.0560952610762975, "params": {"C": 350.58810767393066, "epsilon": 0.7398323475811768, "gamma": 0.05789887067440726, "lamda": 0.080518838898508}, "datetime": {"datetime": "2021-09-23 13:59:16", "elapsed": 1.801603, "delta": 0.640004}}
{"target": -2.08650462290723, "params": {"C": 237.3805270627669, "epsilon": 0.18194076743267337, "gamma": 0.02354235436653816, "lamda": 0.22603206766413764}, "datetime": {"datetime": "2021-09-23 13:59:16", "elapsed": 2.373601, "delta": 0.571998}}
{"target": -1.980876332566554, "params": {"C": 256.2646031972815, "epsilon": 0.17983518390734793, "gamma": 0.026225729559363323, "lamda": 0.09387399336073211}, "datetime": {"datetime": "2021-09-23 13:59:17", "elapsed": 2.919457, "delta": 0.545856}}
{"target": -1.9349108068949163, "params": {"C": 184.49812189194745, "epsilon": 0.07935692364609709, "gamma": 0.04330228695174585, "lamda": 0.13448736512380707}, "datetime": {"datetime": "2021-09-23 13:59:17", "elapsed": 3.590817, "delta": 0.67136}}
{"target": -1.9824564955505257, "params": {"C": 349.6968586388772, "epsilon": 0.08343705093115505, "gamma": 0.027747252276824494, "lamda": 0.22100652506907892}, "datetime": {"datetime": "2021-09-23 13:59:18", "elapsed": 4.09082, "delta": 0.500003}}
{"target": -1.935193040257452, "params": {"C": 184.4492271638445, "epsilon": 0.11664598182991587, "gamma": 0.04105075719718944, "lamda": 0.1840429686898309}, "datetime": {"datetime": "2021-09-23 13:59:18", "elapsed": 4.645817, "delta": 0.554997}}
{"target": -2.031024100619055, "params": {"C": 348.1454090543633, "epsilon": 0.34463737821210894, "gamma": 0.040775767805529384, "lamda": 0.1375856854627856}, "datetime": {"datetime": "2021-09-23 13:59:19", "elapsed": 5.104176, "delta": 0.458359}}
{"target": -1.9693981030911123, "params": {"C": 184.466965096484, "epsilon": 0.2389834669092954, "gamma": 0.04088029359177951, "lamda": 0.14679688608286767}, "datetime": {"datetime": "2021-09-23 13:59:19", "elapsed": 5.656174, "delta": 0.551998}}
{"target": -1.9604509085355029, "params": {"C": 184.50948113347403, "epsilon": 0.1183555192527776, "gamma": 0.041212823716729435, "lamda": 0.25422497901425223}, "datetime": {"datetime": "2021-09-23 13:59:20", "elapsed": 6.131175, "delta": 0.475001}}
{"target": -1.9703965597687862, "params": {"C": 349.6174412071388, "epsilon": 0.058186347752550355, "gamma": 0.05258681327980971, "lamda": 0.26848148329538984}, "datetime": {"datetime": "2021-09-23 13:59:20", "elapsed": 6.637176, "delta": 0.506001}}
{"target": -2.0667676378921085, "params": {"C": 184.54600216887428, "epsilon": 0.05725524913720428, "gamma": 0.021605797620757303, "lamda": 0.12389439378626307}, "datetime": {"datetime": "2021-09-23 13:59:21", "elapsed": 7.194152, "delta": 0.556976}}
{"target": -1.9769835941285745, "params": {"C": 231.61158040408486, "epsilon": 0.13033105260711225, "gamma": 0.041769217687618085, "lamda": 0.25148281974716014}, "datetime": {"datetime": "2021-09-23 13:59:21", "elapsed": 7.650146, "delta": 0.455994}}
{"target": -1.9290816981058077, "params": {"C": 269.08325141583634, "epsilon": 0.06387259037495396, "gamma": 0.04361743627362508, "lamda": 0.22041881649181638}, "datetime": {"datetime": "2021-09-23 13:59:22", "elapsed": 8.194745, "delta": 0.544599}}
{"target": -2.0080929315379454, "params": {"C": 231.6740849829526, "epsilon": 0.12586222480184908, "gamma": 0.059636063273709725, "lamda": 0.287214912812332}, "datetime": {"datetime": "2021-09-23 13:59:22", "elapsed": 8.652736, "delta": 0.457991}}
{"target": -2.137103219224424, "params": {"C": 241.37622240908541, "epsilon": 0.38961824150456126, "gamma": 0.025802915816195322, "lamda": 0.18235450651791685}, "datetime": {"datetime": "2021-09-23 13:59:23", "elapsed": 9.091392, "delta": 0.438656}}
{"target": -2.004028035508024, "params": {"C": 231.6349176312602, "epsilon": 0.15111655582844097, "gamma": 0.045666036018869954, "lamda": 0.2869754785314645}, "datetime": {"datetime": "2021-09-23 13:59:23", "elapsed": 9.549392, "delta": 0.458}}
{"target": -2.077445970590644, "params": {"C": 184.5368857592533, "epsilon": 0.17705413558933372, "gamma": 0.022226322110618667, "lamda": 0.1402493197991273}, "datetime": {"datetime": "2021-09-23 13:59:24", "elapsed": 10.039115, "delta": 0.489723}}
{"target": -1.9635328243762422, "params": {"C": 194.03692695886744, "epsilon": 0.3275331780082573, "gamma": 0.05951792556042276, "lamda": 0.07703146820318249}, "datetime": {"datetime": "2021-09-23 13:59:24", "elapsed": 10.556113, "delta": 0.516998}}
{"target": -2.0266810625058143, "params": {"C": 283.27052645059933, "epsilon": 0.7748225362254351, "gamma": 0.037884000098412265, "lamda": 0.06053161675356495}, "datetime": {"datetime": "2021-09-23 13:59:25", "elapsed": 11.027661, "delta": 0.471548}}
{"target": -1.9509029543198797, "params": {"C": 184.44128391651515, "epsilon": 0.14761354493238, "gamma": 0.05472851598277968, "lamda": 0.16628593034774714}, "datetime": {"datetime": "2021-09-23 13:59:25", "elapsed": 11.578383, "delta": 0.550722}}
{"target": -2.0136842845552, "params": {"C": 248.31684641620427, "epsilon": 0.28820963773933184, "gamma": 0.059872436953191666, "lamda": 0.14262849884791}, "datetime": {"datetime": "2021-09-23 13:59:26", "elapsed": 11.993384, "delta": 0.415001}}
{"target": -1.95955208269279, "params": {"C": 184.39434015980402, "epsilon": 0.12323846604510139, "gamma": 0.059826507918080085, "lamda": 0.1496889963094455}, "datetime": {"datetime": "2021-09-23 13:59:26", "elapsed": 12.491383, "delta": 0.497999}}
{"target": -1.9504770088123475, "params": {"C": 269.0622903270408, "epsilon": 0.039790668782173834, "gamma": 0.045918399680680705, "lamda": 0.19147337976699952}, "datetime": {"datetime": "2021-09-23 13:59:27", "elapsed": 13.125426, "delta": 0.634043}}
{"target": -1.9888543708645159, "params": {"C": 231.59173554349348, "epsilon": 0.15415626343087702, "gamma": 0.05287217699075557, "lamda": 0.24663427275505112}, "datetime": {"datetime": "2021-09-23 13:59:28", "elapsed": 13.739427, "delta": 0.614001}}
{"target": -2.1453441266510693, "params": {"C": 310.25890973107744, "epsilon": 0.6291917669745072, "gamma": 0.05347042921434829, "lamda": 0.1959279820151571}, "datetime": {"datetime": "2021-09-23 13:59:28", "elapsed": 14.44543, "delta": 0.706003}}
{"target": -2.058308222297982, "params": {"C": 242.97577632424213, "epsilon": 0.39651198138236965, "gamma": 0.02023738572283419, "lamda": 0.018508379478058112}, "datetime": {"datetime": "2021-09-23 13:59:29", "elapsed": 15.139773, "delta": 0.694343}}
{"target": -1.9631386753870523, "params": {"C": 184.47693354586582, "epsilon": 0.03573552965089452, "gamma": 0.052105032420735733, "lamda": 0.17063097557351486}, "datetime": {"datetime": "2021-09-23 13:59:30", "elapsed": 15.904772, "delta": 0.764999}}
{"target": -2.0036894184563265, "params": {"C": 184.40026807442953, "epsilon": 0.13557946720714115, "gamma": 0.03175163402367625, "lamda": 0.2502944972633111}, "datetime": {"datetime": "2021-09-23 13:59:30", "elapsed": 16.63377, "delta": 0.728998}}
{"target": -2.0187662292636896, "params": {"C": 329.18416799973846, "epsilon": 0.5314503189206546, "gamma": 0.05244719291261124, "lamda": 0.08727370387825743}, "datetime": {"datetime": "2021-09-23 13:59:31", "elapsed": 17.130755, "delta": 0.496985}}
{"target": -1.977812549989064, "params": {"C": 269.0899416469075, "epsilon": 0.04502001182811857, "gamma": 0.057731931836517494, "lamda": 0.29389736709948033}, "datetime": {"datetime": "2021-09-23 13:59:32", "elapsed": 17.838756, "delta": 0.708001}}
{"target": -2.2170057113572357, "params": {"C": 184.28164963817457, "epsilon": 0.5458288567829831, "gamma": 0.03213713412884984, "lamda": 0.29079730754301547}, "datetime": {"datetime": "2021-09-23 13:59:32", "elapsed": 18.366758, "delta": 0.528002}}
{"target": -1.9586105484134453, "params": {"C": 269.21967116343546, "epsilon": 0.0785759826605933, "gamma": 0.052169363509316904, "lamda": 0.2308971216885951}, "datetime": {"datetime": "2021-09-23 13:59:33", "elapsed": 19.130167, "delta": 0.763409}}
{"target": -1.9510522869889235, "params": {"C": 268.97311625082534, "epsilon": 0.12292024816423912, "gamma": 0.03595935872294133, "lamda": 0.18613467755983926}, "datetime": {"datetime": "2021-09-23 13:59:34", "elapsed": 19.747161, "delta": 0.616994}}
{"target": -1.9814145882819345, "params": {"C": 320.9573767456921, "epsilon": 0.08109376892593559, "gamma": 0.05254529379683048, "lamda": 0.27099551475501077}, "datetime": {"datetime": "2021-09-23 13:59:34", "elapsed": 20.309872, "delta": 0.562711}}
{"target": -2.0287277855430412, "params": {"C": 269.09592145727873, "epsilon": 0.22129393503129804, "gamma": 0.03932636996738606, "lamda": 0.2196996495630827}, "datetime": {"datetime": "2021-09-23 13:59:35", "elapsed": 20.951454, "delta": 0.641582}}
{"target": -1.9619259406647962, "params": {"C": 184.40292588046296, "epsilon": 0.1441995800276941, "gamma": 0.0321656229326409, "lamda": 0.15403558642513798}, "datetime": {"datetime": "2021-09-23 13:59:35", "elapsed": 21.478607, "delta": 0.527153}}
{"target": -2.027717882492962, "params": {"C": 268.9671601954671, "epsilon": 0.03494391318078649, "gamma": 0.024153653678427638, "lamda": 0.2846255147582802}, "datetime": {"datetime": "2021-09-23 13:59:36", "elapsed": 22.093608, "delta": 0.615001}}
{"target": -1.9312413339654078, "params": {"C": 269.1015478835972, "epsilon": 0.09351447566127954, "gamma": 0.04629329938931473, "lamda": 0.10793038150467968}, "datetime": {"datetime": "2021-09-23 13:59:37", "elapsed": 22.779385, "delta": 0.685777}}
{"target": -1.9936964920344007, "params": {"C": 184.39660947867117, "epsilon": 0.1444575111752003, "gamma": 0.02823906324670554, "lamda": 0.036791971420385816}, "datetime": {"datetime": "2021-09-23 13:59:37", "elapsed": 23.563691, "delta": 0.784306}}
{"target": -2.0322781134758783, "params": {"C": 365.8279068377832, "epsilon": 0.5804343011050528, "gamma": 0.05039628357422199, "lamda": 0.09604168715324521}, "datetime": {"datetime": "2021-09-23 13:59:38", "elapsed": 24.218676, "delta": 0.654985}}
{"target": -1.9154457380296785, "params": {"C": 269.1738933241086, "epsilon": 0.18195720345998995, "gamma": 0.04505072491168874, "lamda": 0.0776284784944332}, "datetime": {"datetime": "2021-09-23 13:59:39", "elapsed": 25.048528, "delta": 0.829852}}
