{"target": -2.0333515227301113, "params": {"C": 253.93240860713206, "epsilon": 0.0845389144815046, "gamma": 0.051140046762673336, "lamda": 0.13696959856994492}, "datetime": {"datetime": "2021-09-23 13:32:26", "elapsed": 373.778564, "delta": 2.589256}}
{"target": -2.254688261417828, "params": {"C": 223.06210851275063, "epsilon": 0.9302353607828134, "gamma": 0.11477702071831941, "lamda": 0.13107271485463032}, "datetime": {"datetime": "2021-09-23 13:32:29", "elapsed": 376.950398, "delta": 3.171834}}
{"target": -2.202733917981273, "params": {"C": 275.1838282563667, "epsilon": 0.9319244158090528, "gamma": 0.043201706169512244, "lamda": 0.11691402805988169}, "datetime": {"datetime": "2021-09-23 13:32:32", "elapsed": 380.572145, "delta": 3.621747}}
{"target": -2.0727948464543813, "params": {"C": 164.59214656775293, "epsilon": 0.2680339195055722, "gamma": 0.04115585536635664, "lamda": 0.12649379118151652}, "datetime": {"datetime": "2021-09-23 13:32:35", "elapsed": 383.469495, "delta": 2.89735}}
{"target": -2.1223604412944224, "params": {"C": 164.71545111444777, "epsilon": 0.10612833368733118, "gamma": 0.1140364692828501, "lamda": 0.23120729115164138}, "datetime": {"datetime": "2021-09-23 13:32:39", "elapsed": 386.890687, "delta": 3.421192}}
{"target": -2.136234780320475, "params": {"C": 170.67138512760363, "epsilon": 0.32099629284399106, "gamma": 0.10687784895713431, "lamda": 0.17747089810145122}, "datetime": {"datetime": "2021-09-23 13:32:42", "elapsed": 389.686937, "delta": 2.79625}}
{"target": -2.0083524744702834, "params": {"C": 170.62662006140124, "epsilon": 0.14226687736081456, "gamma": 0.056251017409484565, "lamda": 0.15071179226692408}, "datetime": {"datetime": "2021-09-23 13:32:44", "elapsed": 392.662744, "delta": 2.975807}}
{"target": -2.1915615308727303, "params": {"C": 170.73327601318178, "epsilon": 0.17398709492098985, "gamma": 0.13275367023198295, "lamda": 0.158469028404491}, "datetime": {"datetime": "2021-09-23 13:32:47", "elapsed": 395.045915, "delta": 2.383171}}
{"target": -2.1826407344088428, "params": {"C": 147.3316991012278, "epsilon": 0.8221748044765224, "gamma": 0.08526447066346776, "lamda": 0.13050963852531708}, "datetime": {"datetime": "2021-09-23 13:32:49", "elapsed": 397.527541, "delta": 2.481626}}
{"target": -2.19370379819978, "params": {"C": 199.72579955850796, "epsilon": 0.06784767654061866, "gamma": 0.1298245361530911, "lamda": 0.29393945209714734}, "datetime": {"datetime": "2021-09-23 13:32:52", "elapsed": 400.662315, "delta": 3.134774}}
{"target": -2.386019258455577, "params": {"C": 174.29835795323908, "epsilon": 0.7921149880742803, "gamma": 0.12343380105221727, "lamda": 0.27828502409714717}, "datetime": {"datetime": "2021-09-23 13:32:55", "elapsed": 402.892811, "delta": 2.230496}}
{"target": -2.1074274744971566, "params": {"C": 122.99376243311436, "epsilon": 0.7068979123660569, "gamma": 0.10013603880625488, "lamda": 0.08564352327566074}, "datetime": {"datetime": "2021-09-23 13:32:57", "elapsed": 405.048923, "delta": 2.156112}}
{"target": -2.095766960256945, "params": {"C": 164.62133680153943, "epsilon": 0.21369384956081952, "gamma": 0.06784087242599281, "lamda": 0.020554306157862717}, "datetime": {"datetime": "2021-09-23 13:33:00", "elapsed": 408.491346, "delta": 3.442423}}
{"target": -2.0495393613932347, "params": {"C": 170.57804141287903, "epsilon": 0.170189210554685, "gamma": 0.06611254138753198, "lamda": 0.04404788585186698}, "datetime": {"datetime": "2021-09-23 13:33:05", "elapsed": 412.90247, "delta": 4.411124}}
{"target": -2.0640006090207295, "params": {"C": 170.66470738629764, "epsilon": 0.20408148206232476, "gamma": 0.04052953547211792, "lamda": 0.13096916367761607}, "datetime": {"datetime": "2021-09-23 13:33:08", "elapsed": 416.213776, "delta": 3.311306}}
{"target": -2.0397049192022805, "params": {"C": 106.08858321225547, "epsilon": 0.5885620820177679, "gamma": 0.06316850172795915, "lamda": 0.02290700938159311}, "datetime": {"datetime": "2021-09-23 13:33:12", "elapsed": 419.978207, "delta": 3.764431}}
{"target": -2.1543154395811293, "params": {"C": 179.33432533585454, "epsilon": 0.3492552153664022, "gamma": 0.11028122877166566, "lamda": 0.17184379154404533}, "datetime": {"datetime": "2021-09-23 13:33:15", "elapsed": 422.912554, "delta": 2.934347}}
{"target": -2.0076562197165493, "params": {"C": 222.95474723552124, "epsilon": 0.9707878273147478, "gamma": 0.07703717272015762, "lamda": 0.024615964211350358}, "datetime": {"datetime": "2021-09-23 13:33:18", "elapsed": 426.220085, "delta": 3.307531}}
{"target": -2.0634617894547493, "params": {"C": 170.63508054053224, "epsilon": 0.08355928126691314, "gamma": 0.06933823742737007, "lamda": 0.07149319211094912}, "datetime": {"datetime": "2021-09-23 13:33:22", "elapsed": 430.078217, "delta": 3.858132}}
{"target": -1.9982113117039786, "params": {"C": 125.55011016786779, "epsilon": 0.20921763611249924, "gamma": 0.062892766210046, "lamda": 0.14206309276726237}, "datetime": {"datetime": "2021-09-23 13:33:26", "elapsed": 434.115046, "delta": 4.036829}}
{"target": -2.223364482117014, "params": {"C": 121.11584325240148, "epsilon": 0.3588017077895275, "gamma": 0.14463568746567868, "lamda": 0.15861137621757293}, "datetime": {"datetime": "2021-09-23 13:33:28", "elapsed": 436.404288, "delta": 2.289242}}
{"target": -2.1063859715945603, "params": {"C": 180.7143112179546, "epsilon": 0.37931874309030394, "gamma": 0.09534730218831913, "lamda": 0.14745060684468728}, "datetime": {"datetime": "2021-09-23 13:33:31", "elapsed": 438.808973, "delta": 2.404685}}
{"target": -2.108993706364878, "params": {"C": 170.5002083147087, "epsilon": 0.1539647147318433, "gamma": 0.10716031691456235, "lamda": 0.08544680679457876}, "datetime": {"datetime": "2021-09-23 13:33:33", "elapsed": 441.425662, "delta": 2.616689}}
{"target": -2.302940098173977, "params": {"C": 172.22043226581062, "epsilon": 0.7435364464776608, "gamma": 0.11200782683771679, "lamda": 0.2177851308182449}, "datetime": {"datetime": "2021-09-23 13:33:38", "elapsed": 445.945334, "delta": 4.519672}}
{"target": -2.118723054326172, "params": {"C": 151.92326814001763, "epsilon": 0.9443031197308099, "gamma": 0.09156654648559881, "lamda": 0.0745029620143343}, "datetime": {"datetime": "2021-09-23 13:33:42", "elapsed": 450.543045, "delta": 4.597711}}
{"target": -2.029123714330561, "params": {"C": 106.98365119100647, "epsilon": 0.9142277439613113, "gamma": 0.07512108287680999, "lamda": 0.01607425986582496}, "datetime": {"datetime": "2021-09-23 13:33:47", "elapsed": 455.444924, "delta": 4.901879}}
{"target": -2.2845995649361606, "params": {"C": 145.28761157794386, "epsilon": 0.06058948817133469, "gamma": 0.142354258419632, "lamda": 0.08566115478882758}, "datetime": {"datetime": "2021-09-23 13:33:56", "elapsed": 464.470954, "delta": 9.02603}}
{"target": -2.304498145595584, "params": {"C": 253.4581487137416, "epsilon": 0.8809821019280942, "gamma": 0.11601951837726848, "lamda": 0.18025071986025443}, "datetime": {"datetime": "2021-09-23 13:34:01", "elapsed": 469.578787, "delta": 5.107833}}
{"target": -2.0702903169313758, "params": {"C": 125.39042810282234, "epsilon": 0.13467475578280272, "gamma": 0.04493203956914593, "lamda": 0.24545789095950118}, "datetime": {"datetime": "2021-09-23 13:34:07", "elapsed": 475.509458, "delta": 5.930671}}
{"target": -2.0625804384381485, "params": {"C": 170.55743314294372, "epsilon": 0.09567761612729196, "gamma": 0.09791342677597853, "lamda": 0.22712155210736773}, "datetime": {"datetime": "2021-09-23 13:34:20", "elapsed": 487.712549, "delta": 12.203091}}
{"target": -2.3177496896255017, "params": {"C": 171.8127667183798, "epsilon": 0.8962423113044274, "gamma": 0.12151578652713452, "lamda": 0.18325525149741942}, "datetime": {"datetime": "2021-09-23 13:34:22", "elapsed": 490.434716, "delta": 2.722167}}
{"target": -2.1871025936348145, "params": {"C": 106.96864650526724, "epsilon": 0.8342106081332421, "gamma": 0.12986243396509106, "lamda": 0.01518670306993708}, "datetime": {"datetime": "2021-09-23 13:34:28", "elapsed": 496.496598, "delta": 6.061882}}
{"target": -2.024832131572071, "params": {"C": 125.58056493203247, "epsilon": 0.277458048869093, "gamma": 0.0612701867998033, "lamda": 0.17926985477806626}, "datetime": {"datetime": "2021-09-23 13:34:35", "elapsed": 502.893624, "delta": 6.397026}}
{"target": -2.030032860300966, "params": {"C": 107.09815681944717, "epsilon": 0.9916919865493592, "gamma": 0.084087085496511, "lamda": 0.04774504275409127}, "datetime": {"datetime": "2021-09-23 13:34:41", "elapsed": 508.684137, "delta": 5.790513}}
{"target": -2.235577238179126, "params": {"C": 166.36274219627165, "epsilon": 0.8518193592722313, "gamma": 0.0804984351620878, "lamda": 0.1757540289749688}, "datetime": {"datetime": "2021-09-23 13:34:44", "elapsed": 512.54983, "delta": 3.865693}}
{"target": -2.0182666147171324, "params": {"C": 106.96725114213947, "epsilon": 0.996533262513222, "gamma": 0.08319199319009124, "lamda": 0.022533117766352098}, "datetime": {"datetime": "2021-09-23 13:34:49", "elapsed": 516.76686, "delta": 4.21703}}
{"target": -2.2077260626879274, "params": {"C": 170.58980494512622, "epsilon": 0.14546780326178513, "gamma": 0.13649299269554044, "lamda": 0.1411394919171449}, "datetime": {"datetime": "2021-09-23 13:34:53", "elapsed": 521.320515, "delta": 4.553655}}
{"target": -2.078985352189379, "params": {"C": 170.6138058148663, "epsilon": 0.19023023845423093, "gamma": 0.046607245491089216, "lamda": 0.25792069476063584}, "datetime": {"datetime": "2021-09-23 13:34:56", "elapsed": 524.667773, "delta": 3.347258}}
{"target": -2.17623616012545, "params": {"C": 298.23220773622427, "epsilon": 0.4805779142538551, "gamma": 0.11370421498900418, "lamda": 0.125826752662902}, "datetime": {"datetime": "2021-09-23 13:34:59", "elapsed": 527.580037, "delta": 2.912264}}
{"target": -2.0705698133080355, "params": {"C": 279.7244612528733, "epsilon": 0.5226110489751381, "gamma": 0.04, "lamda": 0.0582951114147143}, "datetime": {"datetime": "2021-09-23 13:35:05", "elapsed": 533.008399, "delta": 5.428362}}
{"target": -2.2537855911138975, "params": {"C": 116.39806552140217, "epsilon": 0.403863384822211, "gamma": 0.11322346339731537, "lamda": 0.2961654258881109}, "datetime": {"datetime": "2021-09-23 13:35:07", "elapsed": 534.831294, "delta": 1.822895}}
{"target": -2.0180124842518126, "params": {"C": 170.65226393753153, "epsilon": 0.08475650880817266, "gamma": 0.05348118226890479, "lamda": 0.25269640554269124}, "datetime": {"datetime": "2021-09-23 13:35:09", "elapsed": 537.486498, "delta": 2.655204}}
{"target": -2.1356955506632507, "params": {"C": 223.20796113439513, "epsilon": 0.9961984286263845, "gamma": 0.10882116291075555, "lamda": 0.021887259558992254}, "datetime": {"datetime": "2021-09-23 13:35:13", "elapsed": 540.794287, "delta": 3.307789}}
{"target": -2.221077413436856, "params": {"C": 173.76437066676186, "epsilon": 0.6372646504627234, "gamma": 0.14001152360981095, "lamda": 0.05940598916923401}, "datetime": {"datetime": "2021-09-23 13:35:15", "elapsed": 542.904274, "delta": 2.109987}}
{"target": -2.043654089289281, "params": {"C": 180.84296361174216, "epsilon": 0.13397349807142542, "gamma": 0.04741909080945886, "lamda": 0.24355837902471053}, "datetime": {"datetime": "2021-09-23 13:35:18", "elapsed": 546.082191, "delta": 3.177917}}
{"target": -2.05231607958727, "params": {"C": 107.0096436470096, "epsilon": 0.9820372809123632, "gamma": 0.05735873587089314, "lamda": 0.06284042385115787}, "datetime": {"datetime": "2021-09-23 13:35:22", "elapsed": 549.710249, "delta": 3.628058}}
{"target": -2.213555952883257, "params": {"C": 165.1147518474756, "epsilon": 0.853482963881276, "gamma": 0.04356988518528015, "lamda": 0.13862229418425687}, "datetime": {"datetime": "2021-09-23 13:35:23", "elapsed": 551.539255, "delta": 1.829006}}
{"target": -2.2056070482351715, "params": {"C": 106.0501467571592, "epsilon": 0.6186633954890022, "gamma": 0.14616748426306433, "lamda": 0.05787129518747714}, "datetime": {"datetime": "2021-09-23 13:35:26", "elapsed": 553.992907, "delta": 2.453652}}
{"target": -2.109556286763897, "params": {"C": 118.6463779448541, "epsilon": 0.37531049117526716, "gamma": 0.05243305961050449, "lamda": 0.22021433086010403}, "datetime": {"datetime": "2021-09-23 13:35:28", "elapsed": 556.306211, "delta": 2.313304}}
{"target": -2.129662942106679, "params": {"C": 279.6614459837353, "epsilon": 0.5691056804740926, "gamma": 0.07529970891700116, "lamda": 0.14756413124101828}, "datetime": {"datetime": "2021-09-23 13:35:33", "elapsed": 561.124954, "delta": 4.818743}}
{"target": -2.0395871398682854, "params": {"C": 164.59636788013006, "epsilon": 0.3189447516858333, "gamma": 0.05508924229503828, "lamda": 0.035072111901395774}, "datetime": {"datetime": "2021-09-23 13:35:38", "elapsed": 566.001584, "delta": 4.87663}}
{"target": -2.0799299571572627, "params": {"C": 222.8254598108193, "epsilon": 0.983883658517515, "gamma": 0.09599349764989021, "lamda": 0.018697018944203954}, "datetime": {"datetime": "2021-09-23 13:35:43", "elapsed": 571.605282, "delta": 5.603698}}
{"target": -2.0407344673067334, "params": {"C": 223.05323383191936, "epsilon": 0.8467942366742373, "gamma": 0.046383827159333195, "lamda": 0.03717811915243324}, "datetime": {"datetime": "2021-09-23 13:35:48", "elapsed": 575.704743, "delta": 4.099461}}
{"target": -2.116843242142052, "params": {"C": 220.04774040725388, "epsilon": 0.7276805296939405, "gamma": 0.0626574076600477, "lamda": 0.11399563563458343}, "datetime": {"datetime": "2021-09-23 13:35:50", "elapsed": 578.318616, "delta": 2.613873}}
{"target": -2.2465092298076503, "params": {"C": 299.4851078938865, "epsilon": 0.8843123197748921, "gamma": 0.10118114720092147, "lamda": 0.14710686910551468}, "datetime": {"datetime": "2021-09-23 13:35:53", "elapsed": 581.053048, "delta": 2.734432}}
{"target": -2.0106953010504576, "params": {"C": 253.7945968167155, "epsilon": 0.09492058870218212, "gamma": 0.054326850572077506, "lamda": 0.240471555515377}, "datetime": {"datetime": "2021-09-23 13:35:58", "elapsed": 585.82603, "delta": 4.772982}}
{"target": -2.018197437417708, "params": {"C": 253.9001783331196, "epsilon": 0.08183654518518474, "gamma": 0.0497421989103746, "lamda": 0.218231029708759}, "datetime": {"datetime": "2021-09-23 13:36:03", "elapsed": 591.121934, "delta": 5.295904}}
{"target": -2.0385281998255387, "params": {"C": 181.03739892090056, "epsilon": 0.18765275109032942, "gamma": 0.0460195303054151, "lamda": 0.10315859441190882}, "datetime": {"datetime": "2021-09-23 13:36:08", "elapsed": 596.563745, "delta": 5.441811}}
{"target": -2.0705050351259318, "params": {"C": 154.67006926124762, "epsilon": 0.9443046668187127, "gamma": 0.042721043571949904, "lamda": 0.020126342283413447}, "datetime": {"datetime": "2021-09-23 13:36:13", "elapsed": 601.184445, "delta": 4.6207}}
{"target": -2.2853604053957532, "params": {"C": 236.51553523527124, "epsilon": 0.7856661951039006, "gamma": 0.12238840692534836, "lamda": 0.17402211078208532}, "datetime": {"datetime": "2021-09-23 13:36:16", "elapsed": 603.967374, "delta": 2.782929}}
{"target": -2.0971469869033266, "params": {"C": 287.0987875742577, "epsilon": 0.18326929578334092, "gamma": 0.04212188537362429, "lamda": 0.22711173586295366}, "datetime": {"datetime": "2021-09-23 13:36:19", "elapsed": 606.814397, "delta": 2.847023}}
{"target": -2.204969407338203, "params": {"C": 113.16172542404361, "epsilon": 0.6541510746729224, "gamma": 0.06986014077329467, "lamda": 0.21532490410543803}, "datetime": {"datetime": "2021-09-23 13:36:21", "elapsed": 609.610771, "delta": 2.796374}}
{"target": -2.01624675503014, "params": {"C": 253.6812565889931, "epsilon": 0.12810147053162257, "gamma": 0.06391860439410851, "lamda": 0.2248990107026573}, "datetime": {"datetime": "2021-09-23 13:36:26", "elapsed": 613.774438, "delta": 4.163667}}
{"target": -2.2073720105776014, "params": {"C": 253.61320039299926, "epsilon": 0.12570433378658843, "gamma": 0.1301412652161126, "lamda": 0.20751394134051718}, "datetime": {"datetime": "2021-09-23 13:36:30", "elapsed": 618.495127, "delta": 4.720689}}
{"target": -2.2422620531253594, "params": {"C": 196.83146903748724, "epsilon": 0.8456734574307991, "gamma": 0.12202212599353421, "lamda": 0.12032378634144171}, "datetime": {"datetime": "2021-09-23 13:36:35", "elapsed": 623.175631, "delta": 4.680504}}
{"target": -2.0300152016226978, "params": {"C": 164.81806611720717, "epsilon": 0.15930451373987126, "gamma": 0.048296145916203806, "lamda": 0.15418552703200086}, "datetime": {"datetime": "2021-09-23 13:36:43", "elapsed": 630.710948, "delta": 7.535317}}
{"target": -2.150881016864068, "params": {"C": 142.23389488423595, "epsilon": 0.6638834887701693, "gamma": 0.0936382912815541, "lamda": 0.12738366112681707}, "datetime": {"datetime": "2021-09-23 13:36:48", "elapsed": 635.838736, "delta": 5.127788}}
{"target": -2.071159689035876, "params": {"C": 127.02344185340854, "epsilon": 0.2888422129415921, "gamma": 0.0696319532201545, "lamda": 0.01803861185474552}, "datetime": {"datetime": "2021-09-23 13:37:00", "elapsed": 647.996539, "delta": 12.157803}}
{"target": -2.1116349729905024, "params": {"C": 180.86300273976792, "epsilon": 0.08800145093097311, "gamma": 0.04, "lamda": 0.01}, "datetime": {"datetime": "2021-09-23 13:37:08", "elapsed": 655.899702, "delta": 7.903163}}
{"target": -2.197624015008748, "params": {"C": 157.13703278979852, "epsilon": 0.5881424003967594, "gamma": 0.11354572064341459, "lamda": 0.13972747437851088}, "datetime": {"datetime": "2021-09-23 13:37:10", "elapsed": 658.414528, "delta": 2.514826}}
{"target": -2.029610273784778, "params": {"C": 125.58080448572902, "epsilon": 0.2748326242658916, "gamma": 0.06716412359975082, "lamda": 0.1989134003290791}, "datetime": {"datetime": "2021-09-23 13:37:12", "elapsed": 660.562316, "delta": 2.147788}}
{"target": -2.0175299339822583, "params": {"C": 222.9625768527038, "epsilon": 0.8068351133155162, "gamma": 0.07035400864455685, "lamda": 0.04541293769555081}, "datetime": {"datetime": "2021-09-23 13:37:17", "elapsed": 665.430518, "delta": 4.868202}}
{"target": -2.1746328950057445, "params": {"C": 296.07697244406984, "epsilon": 0.479086902151119, "gamma": 0.08134891680726508, "lamda": 0.21693780040238048}, "datetime": {"datetime": "2021-09-23 13:37:20", "elapsed": 667.98115, "delta": 2.550632}}
{"target": -2.0406554282463314, "params": {"C": 161.95302318174308, "epsilon": 0.5937620868400041, "gamma": 0.06450111938727693, "lamda": 0.09777143174176074}, "datetime": {"datetime": "2021-09-23 13:37:22", "elapsed": 670.282539, "delta": 2.301389}}
{"target": -2.0038071840333838, "params": {"C": 222.89089818389448, "epsilon": 0.7261741814019481, "gamma": 0.0779655506190571, "lamda": 0.03341358905574496}, "datetime": {"datetime": "2021-09-23 13:37:26", "elapsed": 674.110715, "delta": 3.828176}}
{"target": -2.1739334418471308, "params": {"C": 221.14565934653268, "epsilon": 0.6963564884710963, "gamma": 0.06321848132311655, "lamda": 0.17050161636171957}, "datetime": {"datetime": "2021-09-23 13:37:28", "elapsed": 676.384771, "delta": 2.274056}}
{"target": -2.0570916011133287, "params": {"C": 236.53523035592178, "epsilon": 0.5095556041016241, "gamma": 0.05179120351992173, "lamda": 0.09602229713453518}, "datetime": {"datetime": "2021-09-23 13:37:31", "elapsed": 678.835752, "delta": 2.450981}}
{"target": -2.207573674331135, "params": {"C": 187.44962758140167, "epsilon": 0.9395825303988128, "gamma": 0.10746747167009477, "lamda": 0.10117637054040744}, "datetime": {"datetime": "2021-09-23 13:37:33", "elapsed": 681.475462, "delta": 2.63971}}
{"target": -2.1140972272323646, "params": {"C": 253.7107242999572, "epsilon": 0.17157710790489034, "gamma": 0.04038115479337184, "lamda": 0.2640521468084892}, "datetime": {"datetime": "2021-09-23 13:37:37", "elapsed": 685.335548, "delta": 3.860086}}
{"target": -2.1238752325966743, "params": {"C": 253.73599400630755, "epsilon": 0.04213736309475476, "gamma": 0.10242576898025929, "lamda": 0.20529433777724343}, "datetime": {"datetime": "2021-09-23 13:37:42", "elapsed": 690.202837, "delta": 4.867289}}
{"target": -2.0383365197794827, "params": {"C": 198.91478074452354, "epsilon": 0.04173604793243282, "gamma": 0.057740493644362914, "lamda": 0.2148728293351624}, "datetime": {"datetime": "2021-09-23 13:37:45", "elapsed": 693.480439, "delta": 3.277602}}
{"target": -2.3144052375609214, "params": {"C": 109.31405417015083, "epsilon": 0.7669027444591141, "gamma": 0.05320217380852167, "lamda": 0.28522077360585973}, "datetime": {"datetime": "2021-09-23 13:37:49", "elapsed": 696.877527, "delta": 3.397088}}
{"target": -2.0230708651734277, "params": {"C": 253.93370731228964, "epsilon": 0.15904791598587054, "gamma": 0.05064634726172958, "lamda": 0.1544578476941677}, "datetime": {"datetime": "2021-09-23 13:37:54", "elapsed": 702.630344, "delta": 5.752817}}
{"target": -2.2629765123127905, "params": {"C": 160.30425430250716, "epsilon": 0.97461736759583, "gamma": 0.1408091724828922, "lamda": 0.08544067536291028}, "datetime": {"datetime": "2021-09-23 13:37:57", "elapsed": 705.2411, "delta": 2.610756}}
{"target": -2.1825146511579057, "params": {"C": 222.94291927113773, "epsilon": 0.6621795610165052, "gamma": 0.11685397907390291, "lamda": 0.08581955125664548}, "datetime": {"datetime": "2021-09-23 13:38:01", "elapsed": 709.005298, "delta": 3.764198}}
{"target": -2.1059382144652172, "params": {"C": 107.19463234027782, "epsilon": 0.9251886421875813, "gamma": 0.11318098303897964, "lamda": 0.0415648561279317}, "datetime": {"datetime": "2021-09-23 13:38:05", "elapsed": 713.594252, "delta": 4.588954}}
{"target": -2.030885875429854, "params": {"C": 125.31458077151778, "epsilon": 0.2946951198803774, "gamma": 0.07869180662035147, "lamda": 0.16471322114357825}, "datetime": {"datetime": "2021-09-23 13:38:09", "elapsed": 717.557147, "delta": 3.962895}}
{"target": -2.0638721073089785, "params": {"C": 180.75785783032245, "epsilon": 0.11168857620999731, "gamma": 0.049679925569546285, "lamda": 0.06902026531898418}, "datetime": {"datetime": "2021-09-23 13:38:12", "elapsed": 720.022809, "delta": 2.465662}}
