{"target": 0.9178967995578795, "params": {"C": 684.6862273563692, "epsilon": 0.044616503059463075, "gamma": 0.023034633750517182, "lamda": 0.23601877665271792}, "datetime": {"datetime": "2021-09-23 22:28:36", "elapsed": 202.305621, "delta": 1.234028}}
{"target": 0.9194064103382573, "params": {"C": 729.710750992882, "epsilon": 0.11659631199216125, "gamma": 0.025303716972854343, "lamda": 0.16244022334857983}, "datetime": {"datetime": "2021-09-23 22:28:38", "elapsed": 203.978723, "delta": 1.673102}}
{"target": 0.9243827087271134, "params": {"C": 762.1833444845337, "epsilon": 0.115685748993414, "gamma": 0.05365184437828765, "lamda": 0.13475468528303067}, "datetime": {"datetime": "2021-09-23 22:28:39", "elapsed": 205.113149, "delta": 1.134426}}
{"target": 0.9276045144589357, "params": {"C": 729.7539851004378, "epsilon": 0.09642133211730491, "gamma": 0.046834506158124276, "lamda": 0.10976024230482079}, "datetime": {"datetime": "2021-09-23 22:28:40", "elapsed": 206.467995, "delta": 1.354846}}
{"target": 0.8884750249250596, "params": {"C": 684.2688891027385, "epsilon": 0.7698049723452728, "gamma": 0.03538959043808588, "lamda": 0.3897190800849119}, "datetime": {"datetime": "2021-09-23 22:28:41", "elapsed": 207.543598, "delta": 1.075603}}
{"target": 0.9231001304452797, "params": {"C": 684.426398741879, "epsilon": 0.10892478909770789, "gamma": 0.05568230414715397, "lamda": 0.05550249157246182}, "datetime": {"datetime": "2021-09-23 22:28:43", "elapsed": 208.960354, "delta": 1.416756}}
{"target": 0.9281396170787305, "params": {"C": 684.9703188886582, "epsilon": 0.08086455918819162, "gamma": 0.04371445051828832, "lamda": 0.07391249484426642}, "datetime": {"datetime": "2021-09-23 22:28:44", "elapsed": 210.591084, "delta": 1.63073}}
{"target": 0.892672374172755, "params": {"C": 729.7902686220832, "epsilon": 0.14622150123026995, "gamma": 0.01072862677050156, "lamda": 0.16537276918001234}, "datetime": {"datetime": "2021-09-23 22:28:46", "elapsed": 212.182333, "delta": 1.591249}}
{"target": 0.9184431766363218, "params": {"C": 750.261849978629, "epsilon": 0.20115353654696388, "gamma": 0.0509907592065257, "lamda": 0.009490901194637233}, "datetime": {"datetime": "2021-09-23 22:28:47", "elapsed": 213.729023, "delta": 1.54669}}
{"target": 0.8938433603214351, "params": {"C": 717.8475788428057, "epsilon": 0.8845577604014204, "gamma": 0.06726095454254982, "lamda": 0.2664105709497139}, "datetime": {"datetime": "2021-09-23 22:28:49", "elapsed": 214.881926, "delta": 1.152903}}
{"target": 0.9178028186896926, "params": {"C": 750.7840060276852, "epsilon": 0.1492043483072869, "gamma": 0.037403287297917386, "lamda": 0.33060460316251084}, "datetime": {"datetime": "2021-09-23 22:28:50", "elapsed": 216.275271, "delta": 1.393345}}
{"target": 0.912009253575826, "params": {"C": 788.539843578381, "epsilon": 0.35334958591303156, "gamma": 0.03294353803791373, "lamda": 0.2105446967346407}, "datetime": {"datetime": "2021-09-23 22:28:51", "elapsed": 217.588272, "delta": 1.313001}}
{"target": 0.92111684875603, "params": {"C": 742.4728228087783, "epsilon": 0.905792366489505, "gamma": 0.026419496068691997, "lamda": 0.0028421042458847186}, "datetime": {"datetime": "2021-09-23 22:28:52", "elapsed": 218.606314, "delta": 1.018042}}
{"target": 0.901216758228393, "params": {"C": 743.2675369400943, "epsilon": 0.7779513838105001, "gamma": 0.03301129464586619, "lamda": 0.20481887528168644}, "datetime": {"datetime": "2021-09-23 22:28:53", "elapsed": 219.768313, "delta": 1.161999}}
{"target": 0.9245863945814584, "params": {"C": 729.7789155851149, "epsilon": 0.16219891667538847, "gamma": 0.053338039592333276, "lamda": 0.04117078122560392}, "datetime": {"datetime": "2021-09-23 22:28:55", "elapsed": 221.33414, "delta": 1.565827}}
{"target": 0.9225284209558562, "params": {"C": 698.505699732887, "epsilon": 0.15604013606188918, "gamma": 0.028239496966688267, "lamda": 0.10349314056274374}, "datetime": {"datetime": "2021-09-23 22:28:56", "elapsed": 222.661079, "delta": 1.326939}}
{"target": 0.8910261206158863, "params": {"C": 733.3201909173371, "epsilon": 0.6322000430286548, "gamma": 0.01, "lamda": 0.03430551470152083}, "datetime": {"datetime": "2021-09-23 22:28:58", "elapsed": 224.209483, "delta": 1.548404}}
{"target": 0.9229251674134201, "params": {"C": 762.1447052483541, "epsilon": 0.07404095996189339, "gamma": 0.0576833247096001, "lamda": 0.14744124769188965}, "datetime": {"datetime": "2021-09-23 22:28:59", "elapsed": 225.831481, "delta": 1.621998}}
{"target": 0.9197316014965135, "params": {"C": 749.345609009267, "epsilon": 0.04749066545912613, "gamma": 0.06336020688963788, "lamda": 0.2508256149963465}, "datetime": {"datetime": "2021-09-23 22:29:01", "elapsed": 226.912892, "delta": 1.081411}}
{"target": 0.9248285936990225, "params": {"C": 729.7674202015572, "epsilon": 0.16893797139839614, "gamma": 0.05335640029005353, "lamda": 0.08632452412752131}, "datetime": {"datetime": "2021-09-23 22:29:02", "elapsed": 228.62618, "delta": 1.713288}}
{"target": 0.9179716845640765, "params": {"C": 750.2231168293879, "epsilon": 0.19364502309952403, "gamma": 0.02340229294924811, "lamda": 0.09461059989815732}, "datetime": {"datetime": "2021-09-23 22:29:04", "elapsed": 230.646838, "delta": 2.020658}}
{"target": 0.9176052190705509, "params": {"C": 733.3817658331752, "epsilon": 0.7134392140363529, "gamma": 0.047930521248806354, "lamda": 0.001}, "datetime": {"datetime": "2021-09-23 22:29:06", "elapsed": 232.178722, "delta": 1.531884}}
{"target": 0.9007092400755671, "params": {"C": 708.7446474453043, "epsilon": 0.8689558899552464, "gamma": 0.03991076940820488, "lamda": 0.21928658974679768}, "datetime": {"datetime": "2021-09-23 22:29:07", "elapsed": 233.498883, "delta": 1.320161}}
{"target": 0.9006355702390411, "params": {"C": 774.6482755613683, "epsilon": 0.4501279224740865, "gamma": 0.06925388723128682, "lamda": 0.34122235652654853}, "datetime": {"datetime": "2021-09-23 22:29:08", "elapsed": 234.598999, "delta": 1.100116}}
{"target": 0.9251477817713754, "params": {"C": 749.2909827473173, "epsilon": 0.0911967214374946, "gamma": 0.035372533397761335, "lamda": 0.2030002081341327}, "datetime": {"datetime": "2021-09-23 22:29:10", "elapsed": 236.154566, "delta": 1.555567}}
{"target": 0.896976829624599, "params": {"C": 754.6206471387627, "epsilon": 0.8179732043622379, "gamma": 0.05077892836585951, "lamda": 0.2910764569900695}, "datetime": {"datetime": "2021-09-23 22:29:11", "elapsed": 237.661952, "delta": 1.507386}}
{"target": 0.9230610647648305, "params": {"C": 650.5090010514344, "epsilon": 0.12297416363839718, "gamma": 0.053106049574676795, "lamda": 0.17225873856662927}, "datetime": {"datetime": "2021-09-23 22:29:12", "elapsed": 238.724948, "delta": 1.062996}}
{"target": 0.9217529075172949, "params": {"C": 685.0396764032369, "epsilon": 0.04781132678329761, "gamma": 0.027011221747062455, "lamda": 0.058442956880358776}, "datetime": {"datetime": "2021-09-23 22:29:14", "elapsed": 240.448752, "delta": 1.723804}}
{"target": 0.9188634338063826, "params": {"C": 653.4290584343328, "epsilon": 0.09154632417371385, "gamma": 0.06567725554332318, "lamda": 0.19373349302898948}, "datetime": {"datetime": "2021-09-23 22:29:16", "elapsed": 241.947915, "delta": 1.499163}}
{"target": 0.9154894723750876, "params": {"C": 658.3598980988662, "epsilon": 0.5248416812960333, "gamma": 0.06082391713066613, "lamda": 0.1044609914273352}, "datetime": {"datetime": "2021-09-23 22:29:17", "elapsed": 243.586714, "delta": 1.638799}}
{"target": 0.9183284563325762, "params": {"C": 684.4736002626892, "epsilon": 0.2311551399481618, "gamma": 0.024989706335402036, "lamda": 0.009135241897215231}, "datetime": {"datetime": "2021-09-23 22:29:19", "elapsed": 244.96815, "delta": 1.381436}}
{"target": 0.8951757754384307, "params": {"C": 656.1558988224118, "epsilon": 0.26114421351733064, "gamma": 0.011317018052231925, "lamda": 0.06967605424000176}, "datetime": {"datetime": "2021-09-23 22:29:20", "elapsed": 246.080787, "delta": 1.112637}}
{"target": 0.9030955466393854, "params": {"C": 684.9632890699781, "epsilon": 0.19597832213705013, "gamma": 0.014665169247133302, "lamda": 0.10695603000542549}, "datetime": {"datetime": "2021-09-23 22:29:21", "elapsed": 247.709824, "delta": 1.629037}}
{"target": 0.9149270391390918, "params": {"C": 736.7699747456146, "epsilon": 0.23435641908216923, "gamma": 0.06620260516889882, "lamda": 0.19368359311872285}, "datetime": {"datetime": "2021-09-23 22:29:23", "elapsed": 248.923821, "delta": 1.213997}}
{"target": 0.9270564858297985, "params": {"C": 712.96761852453, "epsilon": 0.11365902581868549, "gamma": 0.03752459875973424, "lamda": 0.12658616511846316}, "datetime": {"datetime": "2021-09-23 22:29:24", "elapsed": 250.289827, "delta": 1.366006}}
{"target": 0.8906436177648571, "params": {"C": 725.7001432164676, "epsilon": 0.2098862450273653, "gamma": 0.01269391680920132, "lamda": 0.2258706608179359}, "datetime": {"datetime": "2021-09-23 22:29:25", "elapsed": 251.704821, "delta": 1.414994}}
{"target": 0.9254626932221732, "params": {"C": 684.4360766213784, "epsilon": 0.19313011732796298, "gamma": 0.052646115046008364, "lamda": 0.06764320547471771}, "datetime": {"datetime": "2021-09-23 22:29:27", "elapsed": 253.707821, "delta": 2.003}}
{"target": 0.9110641721290924, "params": {"C": 788.0360675790791, "epsilon": 0.5735154209906408, "gamma": 0.02973259303678314, "lamda": 0.11971657020548479}, "datetime": {"datetime": "2021-09-23 22:29:29", "elapsed": 254.927819, "delta": 1.219998}}
{"target": 0.9199059194940834, "params": {"C": 683.9740255845095, "epsilon": 0.3746372425806872, "gamma": 0.04122589841506904, "lamda": 0.002848403733563344}, "datetime": {"datetime": "2021-09-23 22:29:31", "elapsed": 257.654425, "delta": 2.726606}}
{"target": 0.9153651916356446, "params": {"C": 684.4078642281978, "epsilon": 0.08746472376617465, "gamma": 0.020295063844287003, "lamda": 0.09571151682679205}, "datetime": {"datetime": "2021-09-23 22:29:33", "elapsed": 259.165086, "delta": 1.510661}}
{"target": 0.9220396726943132, "params": {"C": 684.7005465570483, "epsilon": 0.11608098518624735, "gamma": 0.05154816688285132, "lamda": 0.22394395255827504}, "datetime": {"datetime": "2021-09-23 22:29:35", "elapsed": 261.252131, "delta": 2.087045}}
{"target": 0.9029905873493084, "params": {"C": 653.3237252828527, "epsilon": 0.06678461968279541, "gamma": 0.01354479589045884, "lamda": 0.12346132184271752}, "datetime": {"datetime": "2021-09-23 22:29:37", "elapsed": 263.585939, "delta": 2.333808}}
{"target": 0.8953995863536954, "params": {"C": 715.9767571476775, "epsilon": 0.988027579060858, "gamma": 0.031209914705645617, "lamda": 0.20730164403035167}, "datetime": {"datetime": "2021-09-23 22:29:38", "elapsed": 264.759137, "delta": 1.173198}}
{"target": 0.9230360740728759, "params": {"C": 712.9326030239661, "epsilon": 0.10887158468365093, "gamma": 0.029888847907094583, "lamda": 0.16651290711982267}, "datetime": {"datetime": "2021-09-23 22:29:40", "elapsed": 266.195134, "delta": 1.435997}}
{"target": 0.9033297698614701, "params": {"C": 684.8871066566072, "epsilon": 0.1096148384980033, "gamma": 0.014336682292755976, "lamda": 0.12821317247629235}, "datetime": {"datetime": "2021-09-23 22:29:41", "elapsed": 267.77765, "delta": 1.582516}}
{"target": 0.9196860531162084, "params": {"C": 684.8745477410287, "epsilon": 0.04356582179596885, "gamma": 0.058373493856573984, "lamda": 0.10306560060426498}, "datetime": {"datetime": "2021-09-23 22:29:44", "elapsed": 270.076419, "delta": 2.298769}}
{"target": 0.9185638541129625, "params": {"C": 685.0030050244189, "epsilon": 0.051592126493001, "gamma": 0.06148401840040904, "lamda": 0.10599229992605255}, "datetime": {"datetime": "2021-09-23 22:29:45", "elapsed": 271.733955, "delta": 1.657536}}
{"target": 0.926204875328738, "params": {"C": 683.937692122692, "epsilon": 0.4049341096334743, "gamma": 0.03747932135290938, "lamda": 0.04310178098982232}, "datetime": {"datetime": "2021-09-23 22:29:47", "elapsed": 273.704504, "delta": 1.970549}}
{"target": 0.9145658006909684, "params": {"C": 782.8252613613388, "epsilon": 0.3691434709727437, "gamma": 0.019763714487383593, "lamda": 0.03467279695962808}, "datetime": {"datetime": "2021-09-23 22:29:49", "elapsed": 275.498937, "delta": 1.794433}}
{"target": 0.9256741322683871, "params": {"C": 685.0193865518144, "epsilon": 0.1598547361879218, "gamma": 0.04765297395671205, "lamda": 0.10887179343814658}, "datetime": {"datetime": "2021-09-23 22:29:51", "elapsed": 277.022727, "delta": 1.52379}}
{"target": 0.9228259691229935, "params": {"C": 738.2521844843271, "epsilon": 0.6306722498829271, "gamma": 0.05410018427307728, "lamda": 0.008949603825385368}, "datetime": {"datetime": "2021-09-23 22:29:52", "elapsed": 278.422263, "delta": 1.399536}}
{"target": 0.8712112751243352, "params": {"C": 670.6163598120887, "epsilon": 0.9066557613141163, "gamma": 0.016501499343136012, "lamda": 0.28026277813654543}, "datetime": {"datetime": "2021-09-23 22:29:53", "elapsed": 279.744443, "delta": 1.32218}}
{"target": 0.9251383788156947, "params": {"C": 765.6271568323648, "epsilon": 0.1635954010834913, "gamma": 0.048166668013223654, "lamda": 0.11543858425356149}, "datetime": {"datetime": "2021-09-23 22:29:55", "elapsed": 281.812326, "delta": 2.067883}}
{"target": 0.9155054611189427, "params": {"C": 685.0280699789325, "epsilon": 0.087072474428815, "gamma": 0.06771136110298963, "lamda": 0.08897126800270777}, "datetime": {"datetime": "2021-09-23 22:29:57", "elapsed": 283.684135, "delta": 1.871809}}
{"target": 0.9173917117409689, "params": {"C": 749.3453632067922, "epsilon": 0.10008082372576066, "gamma": 0.06838060227242398, "lamda": 0.1968208991427318}, "datetime": {"datetime": "2021-09-23 22:29:59", "elapsed": 285.339553, "delta": 1.655418}}
{"target": 0.9054418724489963, "params": {"C": 684.9845999668365, "epsilon": 0.038841966123591976, "gamma": 0.01851934818759332, "lamda": 0.018141700824939756}, "datetime": {"datetime": "2021-09-23 22:30:01", "elapsed": 287.70144, "delta": 2.361887}}
{"target": 0.9071732968376145, "params": {"C": 781.3954407458504, "epsilon": 0.8695954284945514, "gamma": 0.01617549865772478, "lamda": 0.021386879150166193}, "datetime": {"datetime": "2021-09-23 22:30:03", "elapsed": 289.335317, "delta": 1.633877}}
{"target": 0.9265418332679524, "params": {"C": 704.1657462878211, "epsilon": 0.04293243332465948, "gamma": 0.04071505288968297, "lamda": 0.3197623223910071}, "datetime": {"datetime": "2021-09-23 22:30:04", "elapsed": 290.748242, "delta": 1.412925}}
{"target": 0.9132858567715887, "params": {"C": 754.9763534122794, "epsilon": 0.5328001993768217, "gamma": 0.04703599159159425, "lamda": 0.1612844200684688}, "datetime": {"datetime": "2021-09-23 22:30:06", "elapsed": 291.97492, "delta": 1.226678}}
{"target": 0.9282053914421327, "params": {"C": 684.9742083763064, "epsilon": 0.07781281653920988, "gamma": 0.038013846398195696, "lamda": 0.11852112512439265}, "datetime": {"datetime": "2021-09-23 22:30:08", "elapsed": 294.124224, "delta": 2.149304}}
{"target": 0.9016083650103182, "params": {"C": 684.6629096585331, "epsilon": 0.07596760101007835, "gamma": 0.013545442552122944, "lamda": 0.17681346992150918}, "datetime": {"datetime": "2021-09-23 22:30:10", "elapsed": 296.182049, "delta": 2.057825}}
{"target": 0.9113817499695527, "params": {"C": 729.7503775970775, "epsilon": 0.03152903822124678, "gamma": 0.06767216658082117, "lamda": 0.1520310207320577}, "datetime": {"datetime": "2021-09-23 22:30:12", "elapsed": 298.380539, "delta": 2.19849}}
{"target": 0.92324605802091, "params": {"C": 653.3041988700817, "epsilon": 0.07964537226747026, "gamma": 0.025777062313266423, "lamda": 0.06791515795520947}, "datetime": {"datetime": "2021-09-23 22:30:14", "elapsed": 300.425644, "delta": 2.045105}}
{"target": 0.9238878287629271, "params": {"C": 780.188340127905, "epsilon": 0.511838440358819, "gamma": 0.032084512701911067, "lamda": 0.00433587522975978}, "datetime": {"datetime": "2021-09-23 22:30:16", "elapsed": 302.434679, "delta": 2.009035}}
{"target": 0.9153729786520846, "params": {"C": 749.530941927492, "epsilon": 0.08056654998610699, "gamma": 0.02241371015146093, "lamda": 0.2796618221410583}, "datetime": {"datetime": "2021-09-23 22:30:18", "elapsed": 303.978447, "delta": 1.543768}}
{"target": 0.9220574967232119, "params": {"C": 683.8872835244161, "epsilon": 0.39886697411775196, "gamma": 0.04519277647478962, "lamda": 0.08192385740901904}, "datetime": {"datetime": "2021-09-23 22:30:19", "elapsed": 305.717706, "delta": 1.739259}}
{"target": 0.9044277007160951, "params": {"C": 729.3993872328089, "epsilon": 0.4710866968149353, "gamma": 0.06067348889690649, "lamda": 0.30473691415270376}, "datetime": {"datetime": "2021-09-23 22:30:21", "elapsed": 307.347627, "delta": 1.629921}}
{"target": 0.913211512503743, "params": {"C": 727.8814291875036, "epsilon": 0.9957457242159313, "gamma": 0.03410370304809121, "lamda": 0.06971160003567652}, "datetime": {"datetime": "2021-09-23 22:30:23", "elapsed": 308.930921, "delta": 1.583294}}
{"target": 0.9166451344060369, "params": {"C": 685.0390937763128, "epsilon": 0.1909022293344365, "gamma": 0.024700523802477694, "lamda": 0.13995569382870068}, "datetime": {"datetime": "2021-09-23 22:30:25", "elapsed": 311.286047, "delta": 2.355126}}
{"target": 0.9245206600679475, "params": {"C": 683.8600797141622, "epsilon": 0.4378237960733954, "gamma": 0.05343627236532026, "lamda": 0.03596255189293221}, "datetime": {"datetime": "2021-09-23 22:30:27", "elapsed": 312.93093, "delta": 1.644883}}
{"target": 0.9209363124429117, "params": {"C": 713.005827642109, "epsilon": 0.09963090466300584, "gamma": 0.06216674560301625, "lamda": 0.1413694803981213}, "datetime": {"datetime": "2021-09-23 22:30:29", "elapsed": 315.275997, "delta": 2.345067}}
{"target": 0.9153723310951328, "params": {"C": 750.3496577027112, "epsilon": 0.22648881705780058, "gamma": 0.021125925087975644, "lamda": 0.07787629209067745}, "datetime": {"datetime": "2021-09-23 22:30:31", "elapsed": 317.465365, "delta": 2.189368}}
{"target": 0.9099842319946523, "params": {"C": 669.3553025697023, "epsilon": 0.3990254428055038, "gamma": 0.04580886577930534, "lamda": 0.27796289631313376}, "datetime": {"datetime": "2021-09-23 22:30:33", "elapsed": 318.966309, "delta": 1.500944}}
{"target": 0.897013624402283, "params": {"C": 700.329757953279, "epsilon": 0.5984587817127524, "gamma": 0.03314308659796798, "lamda": 0.32768291376103525}, "datetime": {"datetime": "2021-09-23 22:30:34", "elapsed": 320.261306, "delta": 1.294997}}
{"target": 0.9245114309628855, "params": {"C": 683.837961248656, "epsilon": 0.4058619515982256, "gamma": 0.03542764851083277, "lamda": 0.0532686851807862}, "datetime": {"datetime": "2021-09-23 22:30:37", "elapsed": 323.518933, "delta": 3.257627}}
{"target": 0.924138031613614, "params": {"C": 685.0376629014838, "epsilon": 0.07291766452668175, "gamma": 0.05531266943615917, "lamda": 0.16721666585468511}, "datetime": {"datetime": "2021-09-23 22:30:40", "elapsed": 326.749429, "delta": 3.230496}}
{"target": 0.8963362367112583, "params": {"C": 744.5645716038084, "epsilon": 0.6790756925570854, "gamma": 0.06453993982117275, "lamda": 0.317068464075257}, "datetime": {"datetime": "2021-09-23 22:30:43", "elapsed": 329.023853, "delta": 2.274424}}
{"target": 0.9246813472095861, "params": {"C": 684.5992389944882, "epsilon": 0.04735802086688378, "gamma": 0.028808864441749342, "lamda": 0.15791071309890395}, "datetime": {"datetime": "2021-09-23 22:30:46", "elapsed": 331.881084, "delta": 2.857231}}
{"target": 0.9230644444487427, "params": {"C": 683.9771345282455, "epsilon": 0.4215175443953676, "gamma": 0.05070303880174675, "lamda": 0.06120945790223187}, "datetime": {"datetime": "2021-09-23 22:30:47", "elapsed": 333.745038, "delta": 1.863954}}
{"target": 0.9141357642376912, "params": {"C": 702.9735997683877, "epsilon": 0.21658840424194875, "gamma": 0.02881575997328912, "lamda": 0.22351033675314216}, "datetime": {"datetime": "2021-09-23 22:30:49", "elapsed": 335.577199, "delta": 1.832161}}
{"target": 0.9142539202895001, "params": {"C": 681.4004724633372, "epsilon": 0.6695675653721247, "gamma": 0.0660586324365274, "lamda": 0.0781986224354041}, "datetime": {"datetime": "2021-09-23 22:30:53", "elapsed": 339.109856, "delta": 3.532657}}
{"target": 0.9182230558690642, "params": {"C": 726.5974400130997, "epsilon": 0.8633449345826142, "gamma": 0.06328709019955386, "lamda": 0.036195078348426564}, "datetime": {"datetime": "2021-09-23 22:30:54", "elapsed": 340.644571, "delta": 1.534715}}
{"target": 0.9211694953958213, "params": {"C": 653.3221192014115, "epsilon": 0.060200186639308456, "gamma": 0.03140317547622198, "lamda": 0.021865043965770787}, "datetime": {"datetime": "2021-09-23 22:30:57", "elapsed": 343.11841, "delta": 2.473839}}
{"target": 0.9285138321653437, "params": {"C": 684.6430778907277, "epsilon": 0.05036170101148849, "gamma": 0.03741158140762842, "lamda": 0.13554994165253031}, "datetime": {"datetime": "2021-09-23 22:31:00", "elapsed": 346.318257, "delta": 3.199847}}
{"target": 0.9083471192397142, "params": {"C": 755.7741224466454, "epsilon": 0.3855008869197727, "gamma": 0.029459514715263722, "lamda": 0.21789917067271516}, "datetime": {"datetime": "2021-09-23 22:31:02", "elapsed": 348.331705, "delta": 2.013448}}
{"target": 0.9211337937507269, "params": {"C": 656.0905970786378, "epsilon": 0.26978507353224157, "gamma": 0.06052149999535087, "lamda": 0.07821440664422406}, "datetime": {"datetime": "2021-09-23 22:31:04", "elapsed": 350.455877, "delta": 2.124172}}
{"target": 0.8915485983607658, "params": {"C": 653.0817069052703, "epsilon": 0.1248966544915418, "gamma": 0.010378322820751781, "lamda": 0.16580348251287286}, "datetime": {"datetime": "2021-09-23 22:31:06", "elapsed": 352.681399, "delta": 2.225522}}
{"target": 0.9281755505455264, "params": {"C": 684.6471757836417, "epsilon": 0.10103038622290009, "gamma": 0.04199591695663441, "lamda": 0.1028535030789226}, "datetime": {"datetime": "2021-09-23 22:31:10", "elapsed": 356.704129, "delta": 4.02273}}
