{"target": 0.9170601020400134, "params": {"C": 749.5800826663315, "epsilon": 0.0403548914410112, "gamma": 0.06788831430351848, "lamda": 0.29183254717004176}, "datetime": {"datetime": "2021-09-23 22:38:03", "elapsed": 769.117942, "delta": 3.597465}}
{"target": 0.9181747032159999, "params": {"C": 749.2552013955502, "epsilon": 0.10638898629218577, "gamma": 0.0593224953961397, "lamda": 0.042404881933448664}, "datetime": {"datetime": "2021-09-23 22:38:07", "elapsed": 772.910669, "delta": 3.792727}}
{"target": 0.8997396795347412, "params": {"C": 664.2746309223015, "epsilon": 0.47048699393754045, "gamma": 0.06675773236789372, "lamda": 0.3625052786903887}, "datetime": {"datetime": "2021-09-23 22:38:08", "elapsed": 774.722827, "delta": 1.812158}}
{"target": 0.9211061136016028, "params": {"C": 653.0435998466261, "epsilon": 0.07300642557934722, "gamma": 0.061503233640303356, "lamda": 0.14736104130664845}, "datetime": {"datetime": "2021-09-23 22:38:12", "elapsed": 778.633488, "delta": 3.910661}}
{"target": 0.9230491171196213, "params": {"C": 684.8858633099051, "epsilon": 0.0872729814379638, "gamma": 0.05540343562711119, "lamda": 0.2020004589959994}, "datetime": {"datetime": "2021-09-23 22:38:15", "elapsed": 781.830689, "delta": 3.197201}}
{"target": 0.9133496803642365, "params": {"C": 750.8129261180444, "epsilon": 0.1977706541159066, "gamma": 0.05667885164642898, "lamda": 0.3569026124554637}, "datetime": {"datetime": "2021-09-23 22:38:17", "elapsed": 783.793941, "delta": 1.963252}}
{"target": 0.9168166192383103, "params": {"C": 774.2443338909025, "epsilon": 0.1492067987032285, "gamma": 0.036526803655391585, "lamda": 0.3584064672437641}, "datetime": {"datetime": "2021-09-23 22:38:19", "elapsed": 785.796303, "delta": 2.002362}}
{"target": 0.8882226346867059, "params": {"C": 746.8084076502035, "epsilon": 0.3523486441743092, "gamma": 0.01696168795572843, "lamda": 0.30590524080959847}, "datetime": {"datetime": "2021-09-23 22:38:22", "elapsed": 787.905546, "delta": 2.109243}}
{"target": 0.9248855839150621, "params": {"C": 759.8845610610167, "epsilon": 0.9920213810858296, "gamma": 0.044281761418545666, "lamda": 0.0203778069503623}, "datetime": {"datetime": "2021-09-23 22:38:23", "elapsed": 789.838113, "delta": 1.932567}}
{"target": 0.9177673838202763, "params": {"C": 763.1885511336565, "epsilon": 0.5631827285891081, "gamma": 0.04924469076336146, "lamda": 0.09671364283886538}, "datetime": {"datetime": "2021-09-23 22:38:26", "elapsed": 792.058911, "delta": 2.220798}}
{"target": 0.9045392604551962, "params": {"C": 770.5405749610818, "epsilon": 0.4113750786131546, "gamma": 0.06638601842489804, "lamda": 0.30678725221408476}, "datetime": {"datetime": "2021-09-23 22:38:28", "elapsed": 794.152484, "delta": 2.093573}}
{"target": 0.9068973034980023, "params": {"C": 713.0148026001933, "epsilon": 0.22106840555566146, "gamma": 0.016999939157192924, "lamda": 0.11832680447668492}, "datetime": {"datetime": "2021-09-23 22:38:33", "elapsed": 799.381548, "delta": 5.229064}}
{"target": 0.9253134243105596, "params": {"C": 685.1084857841103, "epsilon": 0.05961197004282543, "gamma": 0.052544592717447054, "lamda": 0.17982907001044462}, "datetime": {"datetime": "2021-09-23 22:38:35", "elapsed": 801.404368, "delta": 2.02282}}
{"target": 0.898803031297727, "params": {"C": 720.0063131583154, "epsilon": 0.5879825087183271, "gamma": 0.05887408108290103, "lamda": 0.3450430895882376}, "datetime": {"datetime": "2021-09-23 22:38:37", "elapsed": 803.518537, "delta": 2.114169}}
{"target": 0.9133829307470483, "params": {"C": 773.4365602316188, "epsilon": 0.4613969789939957, "gamma": 0.06208653291472197, "lamda": 0.1453834328539021}, "datetime": {"datetime": "2021-09-23 22:38:39", "elapsed": 805.598679, "delta": 2.080142}}
{"target": 0.9036445500876176, "params": {"C": 765.2414250211724, "epsilon": 0.7884600319173051, "gamma": 0.055963825702950235, "lamda": 0.20886066316783466}, "datetime": {"datetime": "2021-09-23 22:38:41", "elapsed": 807.551927, "delta": 1.953248}}
{"target": 0.892333670660934, "params": {"C": 786.2782897482402, "epsilon": 0.5894125724785576, "gamma": 0.01627517357657593, "lamda": 0.13488874169321968}, "datetime": {"datetime": "2021-09-23 22:38:43", "elapsed": 809.672925, "delta": 2.120998}}
{"target": 0.9278940512712851, "params": {"C": 720.2257409937839, "epsilon": 0.15487773905380744, "gamma": 0.045345715975367684, "lamda": 0.07266629070523477}, "datetime": {"datetime": "2021-09-23 22:38:47", "elapsed": 812.892488, "delta": 3.219563}}
{"target": 0.9215500420103471, "params": {"C": 701.3770087837498, "epsilon": 0.14116350758816582, "gamma": 0.028845391477605363, "lamda": 0.15338367086867397}, "datetime": {"datetime": "2021-09-23 22:38:49", "elapsed": 814.885334, "delta": 1.992846}}
{"target": 0.9087329315508489, "params": {"C": 720.2416593831824, "epsilon": 0.21573572169594038, "gamma": 0.017151253977435096, "lamda": 0.08148883869325743}, "datetime": {"datetime": "2021-09-23 22:38:52", "elapsed": 817.91745, "delta": 3.032116}}
{"target": 0.9063362224776894, "params": {"C": 761.7456208920752, "epsilon": 0.3059107014825222, "gamma": 0.03489422628942402, "lamda": 0.39186309858435037}, "datetime": {"datetime": "2021-09-23 22:38:54", "elapsed": 819.954349, "delta": 2.036899}}
{"target": 0.9203637032570621, "params": {"C": 691.5385349955998, "epsilon": 0.8670507112218119, "gamma": 0.061680404875059686, "lamda": 0.014715594341570833}, "datetime": {"datetime": "2021-09-23 22:38:57", "elapsed": 823.191435, "delta": 3.237086}}
{"target": 0.9249699263121783, "params": {"C": 749.2131720075786, "epsilon": 0.08149971428274336, "gamma": 0.03662033783428641, "lamda": 0.23493534267385943}, "datetime": {"datetime": "2021-09-23 22:39:00", "elapsed": 826.271354, "delta": 3.079919}}
{"target": 0.9189532727461527, "params": {"C": 762.1836047679651, "epsilon": 0.10604867386000734, "gamma": 0.06604205884408253, "lamda": 0.12884220752596134}, "datetime": {"datetime": "2021-09-23 22:39:02", "elapsed": 828.376699, "delta": 2.105345}}
{"target": 0.9083060670615296, "params": {"C": 747.2689969971844, "epsilon": 0.9978601281398866, "gamma": 0.06659982490395011, "lamda": 0.09844571587132123}, "datetime": {"datetime": "2021-09-23 22:39:04", "elapsed": 830.298732, "delta": 1.922033}}
{"target": 0.8848556365685518, "params": {"C": 658.7606608020237, "epsilon": 0.8756261502040515, "gamma": 0.028170572992870506, "lamda": 0.331646235516188}, "datetime": {"datetime": "2021-09-23 22:39:06", "elapsed": 832.308562, "delta": 2.00983}}
{"target": 0.9277859440349765, "params": {"C": 652.9449372656867, "epsilon": 0.03735303460482041, "gamma": 0.04418218112726534, "lamda": 0.21005550607949974}, "datetime": {"datetime": "2021-09-23 22:39:09", "elapsed": 835.289925, "delta": 2.981363}}
{"target": 0.9146123926497091, "params": {"C": 704.2653944547828, "epsilon": 0.3633115388609215, "gamma": 0.05963051674671606, "lamda": 0.1713890386081548}, "datetime": {"datetime": "2021-09-23 22:39:11", "elapsed": 837.517592, "delta": 2.227667}}
{"target": 0.8945670773296585, "params": {"C": 784.9971695573656, "epsilon": 0.7841283469255622, "gamma": 0.034189860487037475, "lamda": 0.29243461807884064}, "datetime": {"datetime": "2021-09-23 22:39:13", "elapsed": 839.695791, "delta": 2.178199}}
{"target": 0.9254030388050046, "params": {"C": 874.845270759342, "epsilon": 0.05012939087861945, "gamma": 0.04801889409557653, "lamda": 0.29977274913290614}, "datetime": {"datetime": "2021-09-23 22:45:38", "elapsed": 0.0, "delta": 0.0}}
{"target": 0.9018684753678818, "params": {"C": 844.8357713532849, "epsilon": 0.24805274616492223, "gamma": 0.02188377188557744, "lamda": 0.30445175416738457}, "datetime": {"datetime": "2021-09-23 22:45:38", "elapsed": 0.370113, "delta": 0.370113}}
{"target": 0.9184286531256303, "params": {"C": 808.6021920218789, "epsilon": 0.11568961974878995, "gamma": 0.05112158910206784, "lamda": 0.3814039451317797}, "datetime": {"datetime": "2021-09-23 22:45:39", "elapsed": 1.110943, "delta": 0.74083}}
{"target": 0.9065873958203501, "params": {"C": 790.4343092960706, "epsilon": 0.5268264954842033, "gamma": 0.05875725769912682, "lamda": 0.2453979006649259}, "datetime": {"datetime": "2021-09-23 22:45:40", "elapsed": 1.758946, "delta": 0.648003}}
{"target": 0.9090910920795383, "params": {"C": 869.393084917498, "epsilon": 0.31311978612551417, "gamma": 0.06506644735077662, "lamda": 0.28611573757567854}, "datetime": {"datetime": "2021-09-23 22:45:40", "elapsed": 2.199942, "delta": 0.440996}}
{"target": 0.9285776479283254, "params": {"C": 815.3035894029401, "epsilon": 0.2143536366860862, "gamma": 0.03813334536474346, "lamda": 0.05393966604095758}, "datetime": {"datetime": "2021-09-23 22:45:41", "elapsed": 2.742946, "delta": 0.543004}}
{"target": 0.8922407965351998, "params": {"C": 818.6902635313835, "epsilon": 0.22140590183077033, "gamma": 0.015313531549807238, "lamda": 0.2964448947297927}, "datetime": {"datetime": "2021-09-23 22:45:41", "elapsed": 3.267947, "delta": 0.525001}}
{"target": 0.905742456446343, "params": {"C": 815.3447709210063, "epsilon": 0.3787579907509161, "gamma": 0.013724656509111397, "lamda": 0.013614697563709196}, "datetime": {"datetime": "2021-09-23 22:45:42", "elapsed": 3.871538, "delta": 0.603591}}
{"target": 0.9264371279071131, "params": {"C": 792.2490609459737, "epsilon": 0.0921769038139145, "gamma": 0.04495343042761878, "lamda": 0.16828231117332992}, "datetime": {"datetime": "2021-09-23 22:45:42", "elapsed": 4.345511, "delta": 0.473973}}
{"target": 0.8932515169362125, "params": {"C": 857.1000677422037, "epsilon": 0.9246166610991446, "gamma": 0.052568298727638366, "lamda": 0.30060708528951074}, "datetime": {"datetime": "2021-09-23 22:45:43", "elapsed": 4.819252, "delta": 0.473741}}
{"target": 0.8867461124040971, "params": {"C": 880.7829435784525, "epsilon": 0.5469901009103314, "gamma": 0.02387050364069023, "lamda": 0.38801409740661935}, "datetime": {"datetime": "2021-09-23 22:45:43", "elapsed": 5.198251, "delta": 0.378999}}
{"target": 0.9147161131539967, "params": {"C": 874.0727045271817, "epsilon": 0.4263613725529165, "gamma": 0.04116365170829408, "lamda": 0.1726199596478999}, "datetime": {"datetime": "2021-09-23 22:45:44", "elapsed": 5.71525, "delta": 0.516999}}
{"target": 0.9234008410092367, "params": {"C": 794.5060385816554, "epsilon": 0.24970575151699523, "gamma": 0.029538806038617985, "lamda": 0.07614434650662687}, "datetime": {"datetime": "2021-09-23 22:45:44", "elapsed": 6.234847, "delta": 0.519597}}
{"target": 0.915658557292589, "params": {"C": 873.0524107792793, "epsilon": 0.4471411630965273, "gamma": 0.03651889915045838, "lamda": 0.13664776639560702}, "datetime": {"datetime": "2021-09-23 22:45:45", "elapsed": 6.729519, "delta": 0.494672}}
{"target": 0.8969631061132024, "params": {"C": 863.6604509609066, "epsilon": 0.2745572831340398, "gamma": 0.02215344086976446, "lamda": 0.38089384826327377}, "datetime": {"datetime": "2021-09-23 22:45:45", "elapsed": 7.144519, "delta": 0.415}}
{"target": 0.8894015919532324, "params": {"C": 868.7466974649451, "epsilon": 0.2896058011055015, "gamma": 0.015435774900384742, "lamda": 0.2804854242243259}, "datetime": {"datetime": "2021-09-23 22:45:45", "elapsed": 7.595519, "delta": 0.451}}
{"target": 0.917834612351756, "params": {"C": 815.8057902020424, "epsilon": 0.15639106627129726, "gamma": 0.04265382653142713, "lamda": 0.3320759476460242}, "datetime": {"datetime": "2021-09-23 22:45:46", "elapsed": 8.122524, "delta": 0.527005}}
{"target": 0.9240121796423031, "params": {"C": 834.5416257079182, "epsilon": 0.07267066579701993, "gamma": 0.04542615441043764, "lamda": 0.2885863430885429}, "datetime": {"datetime": "2021-09-23 22:45:46", "elapsed": 8.64697, "delta": 0.524446}}
{"target": 0.9031663548270021, "params": {"C": 842.682197496588, "epsilon": 0.4438792787024942, "gamma": 0.04835694648809192, "lamda": 0.3826743911968713}, "datetime": {"datetime": "2021-09-23 22:45:47", "elapsed": 9.109369, "delta": 0.462399}}
{"target": 0.8910577174619095, "params": {"C": 820.6881112045427, "epsilon": 0.48302557696029136, "gamma": 0.018704373724292987, "lamda": 0.2352963091250836}, "datetime": {"datetime": "2021-09-23 22:45:47", "elapsed": 9.599104, "delta": 0.489735}}
{"target": 0.8995450310255141, "params": {"C": 859.0084688337031, "epsilon": 0.840468156941798, "gamma": 0.04001073426486995, "lamda": 0.24049272285154935}, "datetime": {"datetime": "2021-09-23 22:45:48", "elapsed": 10.068105, "delta": 0.469001}}
{"target": 0.91362047784658, "params": {"C": 860.4054750094165, "epsilon": 0.28598520842260444, "gamma": 0.01935845146978839, "lamda": 0.06485631268236246}, "datetime": {"datetime": "2021-09-23 22:45:48", "elapsed": 10.530432, "delta": 0.462327}}
{"target": 0.9157157814939999, "params": {"C": 797.0184634794338, "epsilon": 0.40481452294546694, "gamma": 0.06927688834063415, "lamda": 0.08784405548445551}, "datetime": {"datetime": "2021-09-23 22:45:49", "elapsed": 11.181432, "delta": 0.651}}
{"target": 0.9152676545932069, "params": {"C": 841.6352632252997, "epsilon": 0.9682829352450285, "gamma": 0.0368260001476184, "lamda": 0.06474426345499094}, "datetime": {"datetime": "2021-09-23 22:45:50", "elapsed": 11.759431, "delta": 0.577999}}
{"target": 0.9187557706932422, "params": {"C": 848.4494093322883, "epsilon": 0.22088191272355492, "gamma": 0.06666630799997007, "lamda": 0.0801408866955507}, "datetime": {"datetime": "2021-09-23 22:45:50", "elapsed": 12.366657, "delta": 0.607226}}
{"target": 0.9112235722864664, "params": {"C": 824.1584232081021, "epsilon": 0.35527707611318426, "gamma": 0.06980865542978751, "lamda": 0.17967989838707407}, "datetime": {"datetime": "2021-09-23 22:45:51", "elapsed": 12.870897, "delta": 0.50424}}
{"target": 0.8886319228238259, "params": {"C": 799.9722627071388, "epsilon": 0.28436264120703036, "gamma": 0.013817017265212093, "lamda": 0.23522559280818225}, "datetime": {"datetime": "2021-09-23 22:45:51", "elapsed": 13.346896, "delta": 0.475999}}
{"target": 0.890387363635433, "params": {"C": 863.4817298089438, "epsilon": 0.9456452693573992, "gamma": 0.0638734341970012, "lamda": 0.30012222199821087}, "datetime": {"datetime": "2021-09-23 22:45:52", "elapsed": 13.880843, "delta": 0.533947}}
{"target": 0.9165954090912631, "params": {"C": 868.0682660286786, "epsilon": 0.2319225994792417, "gamma": 0.04840015111077136, "lamda": 0.261808460219463}, "datetime": {"datetime": "2021-09-23 22:45:52", "elapsed": 14.348872, "delta": 0.468029}}
{"target": 0.8992348167360193, "params": {"C": 855.1294548655387, "epsilon": 0.7848259921626908, "gamma": 0.060205643821522443, "lamda": 0.25429917482121994}, "datetime": {"datetime": "2021-09-23 22:45:53", "elapsed": 14.943338, "delta": 0.594466}}
{"target": 0.8929414308005064, "params": {"C": 821.4878881621211, "epsilon": 0.4917098986245436, "gamma": 0.01035607858425128, "lamda": 0.005911731269281357}, "datetime": {"datetime": "2021-09-23 22:45:53", "elapsed": 15.581341, "delta": 0.638003}}
{"target": 0.8653621492998834, "params": {"C": 795.7359933986677, "epsilon": 0.6307830821623754, "gamma": 0.010354663744515885, "lamda": 0.23261716036577582}, "datetime": {"datetime": "2021-09-23 22:45:54", "elapsed": 16.10134, "delta": 0.519999}}
{"target": 0.9240067362796284, "params": {"C": 807.8481629325642, "epsilon": 0.25257844290657305, "gamma": 0.030772476628517974, "lamda": 0.008917478112143079}, "datetime": {"datetime": "2021-09-23 22:45:55", "elapsed": 16.859961, "delta": 0.758621}}
{"target": 0.9142458635547797, "params": {"C": 864.5920839998693, "epsilon": 0.6616971550039416, "gamma": 0.05867078936891688, "lamda": 0.10218318542956042}, "datetime": {"datetime": "2021-09-23 22:45:55", "elapsed": 17.492961, "delta": 0.633}}
{"target": 0.8828598320551279, "params": {"C": 833.0017642577176, "epsilon": 0.8432943808149355, "gamma": 0.029580188503789788, "lamda": 0.38569796879367957}, "datetime": {"datetime": "2021-09-23 22:45:56", "elapsed": 18.198969, "delta": 0.706008}}
{"target": 0.8868726855332089, "params": {"C": 792.1408248190872, "epsilon": 0.6798103780253164, "gamma": 0.028205701193274757, "lamda": 0.38711623056022165}, "datetime": {"datetime": "2021-09-23 22:45:57", "elapsed": 18.730205, "delta": 0.531236}}
{"target": 0.9247286649060712, "params": {"C": 792.2925224100743, "epsilon": 0.10317973840484003, "gamma": 0.050163387386536244, "lamda": 0.17004155668663976}, "datetime": {"datetime": "2021-09-23 22:45:57", "elapsed": 19.299701, "delta": 0.569496}}
{"target": 0.920859064819488, "params": {"C": 815.3414700697031, "epsilon": 0.0637528183252743, "gamma": 0.060017501318911565, "lamda": 0.12953995064241755}, "datetime": {"datetime": "2021-09-23 22:45:58", "elapsed": 20.109699, "delta": 0.809998}}
{"target": 0.9180214384881947, "params": {"C": 860.478688372846, "epsilon": 0.0943648777378669, "gamma": 0.058817940695245735, "lamda": 0.3593937206570151}, "datetime": {"datetime": "2021-09-23 22:45:58", "elapsed": 20.601197, "delta": 0.491498}}
{"target": 0.9177137394881711, "params": {"C": 815.1640373435231, "epsilon": 0.20328671149860084, "gamma": 0.026782874055908658, "lamda": 0.14069409299344396}, "datetime": {"datetime": "2021-09-23 22:45:59", "elapsed": 21.528195, "delta": 0.926998}}
{"target": 0.9113780853571322, "params": {"C": 806.9048567226281, "epsilon": 0.799390704162155, "gamma": 0.06558497066623334, "lamda": 0.09358558380939572}, "datetime": {"datetime": "2021-09-23 22:46:00", "elapsed": 22.224194, "delta": 0.695999}}
{"target": 0.9227580305709447, "params": {"C": 792.1859658985176, "epsilon": 0.2179123890852104, "gamma": 0.03341187987339299, "lamda": 0.007642724923356152}, "datetime": {"datetime": "2021-09-23 22:46:01", "elapsed": 23.326975, "delta": 1.102781}}
{"target": 0.9275641247776069, "params": {"C": 874.5948200074677, "epsilon": 0.05740264300510941, "gamma": 0.04002394731515161, "lamda": 0.22602867962052722}, "datetime": {"datetime": "2021-09-23 22:46:02", "elapsed": 24.118094, "delta": 0.791119}}
{"target": 0.9058220122632982, "params": {"C": 874.7208310517898, "epsilon": 0.2531643488140129, "gamma": 0.021637406860029205, "lamda": 0.21588807238440122}, "datetime": {"datetime": "2021-09-23 22:46:03", "elapsed": 24.862781, "delta": 0.744687}}
{"target": 0.9128368465482399, "params": {"C": 882.9139534188917, "epsilon": 0.7234042494440275, "gamma": 0.055594425361332994, "lamda": 0.1144583620145433}, "datetime": {"datetime": "2021-09-23 22:46:03", "elapsed": 25.409787, "delta": 0.547006}}
{"target": 0.9173783499270259, "params": {"C": 791.9754823742542, "epsilon": 0.07030618069629295, "gamma": 0.01993729141334612, "lamda": 0.059837625164707656}, "datetime": {"datetime": "2021-09-23 22:46:04", "elapsed": 26.199784, "delta": 0.789997}}
{"target": 0.9183419534334893, "params": {"C": 801.8623951529959, "epsilon": 0.24427516443253638, "gamma": 0.04275698348917677, "lamda": 0.21002385089840356}, "datetime": {"datetime": "2021-09-23 22:46:04", "elapsed": 26.67977, "delta": 0.479986}}
{"target": 0.9242905083477331, "params": {"C": 874.3750874384257, "epsilon": 0.03831046165633006, "gamma": 0.03701489199323828, "lamda": 0.04473617717070525}, "datetime": {"datetime": "2021-09-23 22:46:05", "elapsed": 27.688774, "delta": 1.009004}}
{"target": 0.9151551580288816, "params": {"C": 874.2975314966351, "epsilon": 0.03250988177081332, "gamma": 0.019980873718640983, "lamda": 0.3309826203823146}, "datetime": {"datetime": "2021-09-23 22:46:07", "elapsed": 29.092297, "delta": 1.403523}}
{"target": 0.914993384939024, "params": {"C": 808.0471017535413, "epsilon": 0.31864629986838033, "gamma": 0.053700270902738205, "lamda": 0.2128340415024499}, "datetime": {"datetime": "2021-09-23 22:46:08", "elapsed": 29.927297, "delta": 0.835}}
{"target": 0.9251272270288854, "params": {"C": 792.3151981676665, "epsilon": 0.09259604744969079, "gamma": 0.052348840157461926, "lamda": 0.1498454502243201}, "datetime": {"datetime": "2021-09-23 22:46:08", "elapsed": 30.450297, "delta": 0.523}}
{"target": 0.9189157669741114, "params": {"C": 834.7197464011118, "epsilon": 0.25462927232390475, "gamma": 0.058322565548473475, "lamda": 0.14152008197299853}, "datetime": {"datetime": "2021-09-23 22:46:09", "elapsed": 31.259296, "delta": 0.808999}}
{"target": 0.9246788946006559, "params": {"C": 834.3117996814835, "epsilon": 0.09994314490537244, "gamma": 0.027899705551912027, "lamda": 0.10816483932215012}, "datetime": {"datetime": "2021-09-23 22:46:10", "elapsed": 32.045295, "delta": 0.785999}}
{"target": 0.9086163250660997, "params": {"C": 834.2556466256586, "epsilon": 0.25129437359703694, "gamma": 0.06918608220757119, "lamda": 0.3195444413912012}, "datetime": {"datetime": "2021-09-23 22:46:11", "elapsed": 32.753293, "delta": 0.707998}}
{"target": 0.9096269588287854, "params": {"C": 807.5615533195122, "epsilon": 0.140697124453862, "gamma": 0.062300721530104096, "lamda": 0.02016631007074285}, "datetime": {"datetime": "2021-09-23 22:46:12", "elapsed": 33.735294, "delta": 0.982001}}
{"target": 0.8831161355531559, "params": {"C": 874.6820252491033, "epsilon": 0.03, "gamma": 0.07, "lamda": 0.001}, "datetime": {"datetime": "2021-09-23 22:46:12", "elapsed": 34.681299, "delta": 0.946005}}
{"target": 0.9062001476623107, "params": {"C": 874.584671255551, "epsilon": 0.18708921238105733, "gamma": 0.025500371709606666, "lamda": 0.38939106835353454}, "datetime": {"datetime": "2021-09-23 22:46:13", "elapsed": 35.504294, "delta": 0.822995}}
{"target": 0.9258605591827905, "params": {"C": 834.5615663607675, "epsilon": 0.03891419530018323, "gamma": 0.03255196108026825, "lamda": 0.064583858559219}, "datetime": {"datetime": "2021-09-23 22:46:14", "elapsed": 36.214297, "delta": 0.710003}}
{"target": 0.9223576618862974, "params": {"C": 874.400798145359, "epsilon": 0.1823652849066619, "gamma": 0.04565736775357448, "lamda": 0.16453370653541072}, "datetime": {"datetime": "2021-09-23 22:46:15", "elapsed": 36.852299, "delta": 0.638002}}
