{"target": -2.205698075889234, "params": {"C": 246.8648926147393, "epsilon": 0.16144538241878678, "gamma": 0.09188461989125993, "lamda": 0.5582082775960081}, "datetime": {"datetime": "2021-09-23 13:06:24", "elapsed": 147.379389, "delta": 0.957999}}
{"target": -2.1602813288923572, "params": {"C": 290.2094068384443, "epsilon": 0.8306396132596074, "gamma": 0.1107664583907298, "lamda": 0.025422793232575933}, "datetime": {"datetime": "2021-09-23 13:06:25", "elapsed": 148.351913, "delta": 0.972524}}
{"target": -2.0578777059209368, "params": {"C": 155.37799540991102, "epsilon": 0.22797047136946685, "gamma": 0.04242369339260503, "lamda": 0.10374923071670146}, "datetime": {"datetime": "2021-09-23 13:06:26", "elapsed": 149.854913, "delta": 1.503}}
{"target": -2.16300559515135, "params": {"C": 150.50631077644184, "epsilon": 0.11238545058617927, "gamma": 0.12519715380640759, "lamda": 0.28072418168869595}, "datetime": {"datetime": "2021-09-23 13:06:27", "elapsed": 151.038917, "delta": 1.184004}}
{"target": -2.0570628596029645, "params": {"C": 247.83195154879405, "epsilon": 0.012579205092034522, "gamma": 0.0575019719832985, "lamda": 0.405399191457805}, "datetime": {"datetime": "2021-09-23 13:06:29", "elapsed": 152.177913, "delta": 1.138996}}
{"target": -2.010359462748226, "params": {"C": 155.5008443319279, "epsilon": 0.3509920686799226, "gamma": 0.06040600224298752, "lamda": 0.11238575475940829}, "datetime": {"datetime": "2021-09-23 13:06:30", "elapsed": 153.992913, "delta": 1.815}}
{"target": -2.366802655121755, "params": {"C": 160.95440950473466, "epsilon": 0.9143558775121974, "gamma": 0.13969992262292946, "lamda": 0.20126148566082921}, "datetime": {"datetime": "2021-09-23 13:06:31", "elapsed": 154.908911, "delta": 0.915998}}
{"target": -2.2330945553141266, "params": {"C": 224.07744159777286, "epsilon": 0.7960722621244376, "gamma": 0.04249436627812542, "lamda": 0.1591553194049993}, "datetime": {"datetime": "2021-09-23 13:06:32", "elapsed": 155.948911, "delta": 1.04}}
{"target": -2.074281785759928, "params": {"C": 166.64545760059514, "epsilon": 0.0654994681901081, "gamma": 0.04405761232149272, "lamda": 0.5000435633257192}, "datetime": {"datetime": "2021-09-23 13:06:34", "elapsed": 157.583914, "delta": 1.635003}}
{"target": -2.0608260491746186, "params": {"C": 247.60985201819378, "epsilon": 0.17658915141671747, "gamma": 0.04, "lamda": 0.14386881197331125}, "datetime": {"datetime": "2021-09-23 13:06:35", "elapsed": 158.914911, "delta": 1.330997}}
{"target": -2.301910762218055, "params": {"C": 267.3353868698224, "epsilon": 0.8790220185050202, "gamma": 0.10146476172157004, "lamda": 0.2006331131235334}, "datetime": {"datetime": "2021-09-23 13:06:36", "elapsed": 159.973914, "delta": 1.059003}}
{"target": -2.1141306633293055, "params": {"C": 242.0299430837294, "epsilon": 0.5422559420947949, "gamma": 0.10056386776598414, "lamda": 0.0796594559583001}, "datetime": {"datetime": "2021-09-23 13:06:37", "elapsed": 160.969913, "delta": 0.995999}}
{"target": -2.051779400951544, "params": {"C": 155.60827363669597, "epsilon": 0.3747100493158903, "gamma": 0.094839788374103, "lamda": 0.08756766091865135}, "datetime": {"datetime": "2021-09-23 13:06:39", "elapsed": 162.203042, "delta": 1.233129}}
{"target": -2.2067167728378543, "params": {"C": 191.77607058575774, "epsilon": 0.9649053948363869, "gamma": 0.09699837840021205, "lamda": 0.11090728000999259}, "datetime": {"datetime": "2021-09-23 13:06:40", "elapsed": 163.177042, "delta": 0.974}}
{"target": -2.4873736608393364, "params": {"C": 171.6037425487568, "epsilon": 0.5959419234556401, "gamma": 0.12583187648222913, "lamda": 0.5075307964724367}, "datetime": {"datetime": "2021-09-23 13:06:41", "elapsed": 164.204621, "delta": 1.027579}}
{"target": -2.0871703612027828, "params": {"C": 155.53672584445337, "epsilon": 0.341682157988139, "gamma": 0.04, "lamda": 0.01}, "datetime": {"datetime": "2021-09-23 13:06:42", "elapsed": 165.780078, "delta": 1.575457}}
{"target": -2.108887593608932, "params": {"C": 155.27917960075533, "epsilon": 0.05673318198239732, "gamma": 0.09041585810918054, "lamda": 0.04908610168598383}, "datetime": {"datetime": "2021-09-23 13:06:44", "elapsed": 167.462303, "delta": 1.682225}}
{"target": -2.0835788211975452, "params": {"C": 247.98436296372162, "epsilon": 0.11674437065445212, "gamma": 0.04, "lamda": 0.26806409806604176}, "datetime": {"datetime": "2021-09-23 13:06:45", "elapsed": 169.096658, "delta": 1.634355}}
{"target": -2.0684762611413996, "params": {"C": 155.32471300006665, "epsilon": 0.4307911911870519, "gamma": 0.09821622501406121, "lamda": 0.03236899436619353}, "datetime": {"datetime": "2021-09-23 13:06:47", "elapsed": 170.670279, "delta": 1.573621}}
{"target": -2.346251311958268, "params": {"C": 188.7771278859305, "epsilon": 0.08112225886796513, "gamma": 0.14850298187267585, "lamda": 0.06399847059112884}, "datetime": {"datetime": "2021-09-23 13:06:48", "elapsed": 171.648589, "delta": 0.97831}}
{"target": -2.1299397494359913, "params": {"C": 247.78071970200276, "epsilon": 0.08028778189509829, "gamma": 0.10222538648273713, "lamda": 0.4413512725083786}, "datetime": {"datetime": "2021-09-23 13:06:49", "elapsed": 173.046987, "delta": 1.398398}}
{"target": -2.3475859378493404, "params": {"C": 164.2029724463287, "epsilon": 0.3716646049639338, "gamma": 0.08765225783053615, "lamda": 0.5618882379843947}, "datetime": {"datetime": "2021-09-23 13:06:50", "elapsed": 173.876725, "delta": 0.829738}}
{"target": -2.074280865098938, "params": {"C": 166.7783748367782, "epsilon": 0.012886576649997532, "gamma": 0.09219550538808538, "lamda": 0.39861632942012243}, "datetime": {"datetime": "2021-09-23 13:06:52", "elapsed": 175.323891, "delta": 1.447166}}
{"target": -2.1571849493087742, "params": {"C": 166.56312831126525, "epsilon": 0.049261575752302535, "gamma": 0.1232224390632542, "lamda": 0.3791714446679263}, "datetime": {"datetime": "2021-09-23 13:06:53", "elapsed": 176.908893, "delta": 1.585002}}
{"target": -2.1696838598714527, "params": {"C": 155.52526998562433, "epsilon": 0.4145366151326515, "gamma": 0.12731818678256174, "lamda": 0.06305030335808387}, "datetime": {"datetime": "2021-09-23 13:06:54", "elapsed": 178.080895, "delta": 1.172002}}
{"target": -2.1958098614496366, "params": {"C": 191.13226533716954, "epsilon": 0.7155601680983225, "gamma": 0.129564270555195, "lamda": 0.046695077115478385}, "datetime": {"datetime": "2021-09-23 13:06:56", "elapsed": 179.269896, "delta": 1.189001}}
{"target": -2.344259818543742, "params": {"C": 154.7899147969103, "epsilon": 0.19612527603320232, "gamma": 0.14493374481912008, "lamda": 0.013475216173076994}, "datetime": {"datetime": "2021-09-23 13:06:57", "elapsed": 181.019896, "delta": 1.75}}
{"target": -2.029457474684611, "params": {"C": 154.8038020259978, "epsilon": 0.42239280366733234, "gamma": 0.07592601437937788, "lamda": 0.10900608198889729}, "datetime": {"datetime": "2021-09-23 13:06:59", "elapsed": 182.665142, "delta": 1.645246}}
{"target": -2.2782288408226314, "params": {"C": 166.75849970608527, "epsilon": 0.12323136739469685, "gamma": 0.1472129564599915, "lamda": 0.46086441478920404}, "datetime": {"datetime": "2021-09-23 13:07:00", "elapsed": 184.014609, "delta": 1.349467}}
{"target": -2.2749100118887124, "params": {"C": 251.86601012563165, "epsilon": 0.21438797193463233, "gamma": 0.11465565442526188, "lamda": 0.5297480805984981}, "datetime": {"datetime": "2021-09-23 13:07:01", "elapsed": 184.974827, "delta": 0.960218}}
{"target": -2.2194933662401497, "params": {"C": 247.51493286557798, "epsilon": 0.43693761616165155, "gamma": 0.06341281871558149, "lamda": 0.3262007556959124}, "datetime": {"datetime": "2021-09-23 13:07:02", "elapsed": 186.106687, "delta": 1.13186}}
{"target": -2.380639176228761, "params": {"C": 241.29020693498313, "epsilon": 0.3481613812532045, "gamma": 0.1164240312531368, "lamda": 0.5809522544126858}, "datetime": {"datetime": "2021-09-23 13:07:04", "elapsed": 187.202688, "delta": 1.096001}}
{"target": -2.4754267357559816, "params": {"C": 277.0915192438531, "epsilon": 0.8543961547367269, "gamma": 0.06782834245512437, "lamda": 0.47289907959522237}, "datetime": {"datetime": "2021-09-23 13:07:05", "elapsed": 188.209381, "delta": 1.006693}}
{"target": -2.093730510398594, "params": {"C": 154.8519441240591, "epsilon": 0.010547284776586376, "gamma": 0.06325246435592138, "lamda": 0.1852822052740398}, "datetime": {"datetime": "2021-09-23 13:07:06", "elapsed": 189.71408, "delta": 1.504699}}
{"target": -2.111363410367994, "params": {"C": 154.9268615569431, "epsilon": 0.13382186283330633, "gamma": 0.11127332055056097, "lamda": 0.13038153814939366}, "datetime": {"datetime": "2021-09-23 13:07:07", "elapsed": 190.807728, "delta": 1.093648}}
{"target": -2.225580504202562, "params": {"C": 171.13928551303934, "epsilon": 0.5765110373475307, "gamma": 0.1409202495001363, "lamda": 0.07988474748128457}, "datetime": {"datetime": "2021-09-23 13:07:08", "elapsed": 191.705471, "delta": 0.897743}}
{"target": -2.1284098080501512, "params": {"C": 284.79579367289625, "epsilon": 0.6071729726541681, "gamma": 0.05945565638668626, "lamda": 0.14678937889844848}, "datetime": {"datetime": "2021-09-23 13:07:09", "elapsed": 192.696956, "delta": 0.991485}}
{"target": -2.1111156830441034, "params": {"C": 165.48214301448357, "epsilon": 0.11831318798322042, "gamma": 0.11030010605907786, "lamda": 0.2281169762085371}, "datetime": {"datetime": "2021-09-23 13:07:10", "elapsed": 193.593958, "delta": 0.897002}}
{"target": -2.0055302280049165, "params": {"C": 166.68551253223688, "epsilon": 0.04275604588974524, "gamma": 0.06682860485270428, "lamda": 0.3325157763408707}, "datetime": {"datetime": "2021-09-23 13:07:12", "elapsed": 195.261174, "delta": 1.667216}}
{"target": -2.076898713981681, "params": {"C": 155.17490545038365, "epsilon": 0.3770379169299113, "gamma": 0.04, "lamda": 0.05478501232973056}, "datetime": {"datetime": "2021-09-23 13:07:13", "elapsed": 196.726826, "delta": 1.465652}}
{"target": -2.08504626070316, "params": {"C": 155.7592934011081, "epsilon": 0.38500332052941866, "gamma": 0.09313527085796038, "lamda": 0.1354762675784206}, "datetime": {"datetime": "2021-09-23 13:07:14", "elapsed": 197.840499, "delta": 1.113673}}
{"target": -2.1788676794467805, "params": {"C": 155.10859469119393, "epsilon": 0.25703394570758453, "gamma": 0.11163257157482387, "lamda": 0.017560939885661018}, "datetime": {"datetime": "2021-09-23 13:07:16", "elapsed": 199.407374, "delta": 1.566875}}
{"target": -2.0937154002884246, "params": {"C": 154.93900395863338, "epsilon": 0.025142181521274815, "gamma": 0.060161794731823925, "lamda": 0.09454274614884481}, "datetime": {"datetime": "2021-09-23 13:07:18", "elapsed": 201.142746, "delta": 1.735372}}
{"target": -2.5378247669756178, "params": {"C": 184.26888910273848, "epsilon": 0.762922852961781, "gamma": 0.08654758246982411, "lamda": 0.5847976372182907}, "datetime": {"datetime": "2021-09-23 13:07:19", "elapsed": 202.145763, "delta": 1.003017}}
{"target": -2.0587626357598756, "params": {"C": 166.69395888771783, "epsilon": 0.047797477878651476, "gamma": 0.05166755960467063, "lamda": 0.17219762863875462}, "datetime": {"datetime": "2021-09-23 13:07:20", "elapsed": 203.697779, "delta": 1.552016}}
{"target": -2.1787415598148634, "params": {"C": 155.67041804830194, "epsilon": 0.4992125978387169, "gamma": 0.1055024039044945, "lamda": 0.1627349761961924}, "datetime": {"datetime": "2021-09-23 13:07:22", "elapsed": 205.198817, "delta": 1.501038}}
{"target": -2.083192621638291, "params": {"C": 166.78342951671465, "epsilon": 0.001, "gamma": 0.04, "lamda": 0.26741698170504113}, "datetime": {"datetime": "2021-09-23 13:07:24", "elapsed": 207.692596, "delta": 2.493779}}
{"target": -2.0519816811110787, "params": {"C": 155.82113929812172, "epsilon": 0.25787313771433756, "gamma": 0.09709398069287373, "lamda": 0.09918124022741101}, "datetime": {"datetime": "2021-09-23 13:07:26", "elapsed": 209.2336, "delta": 1.541004}}
{"target": -2.5500150944582196, "params": {"C": 217.84757884280566, "epsilon": 0.8811063944752773, "gamma": 0.14497841666134131, "lamda": 0.40246174651712074}, "datetime": {"datetime": "2021-09-23 13:07:27", "elapsed": 210.227108, "delta": 0.993508}}
{"target": -2.152141599351735, "params": {"C": 250.78400602768517, "epsilon": 0.12376818964843261, "gamma": 0.09023936004618185, "lamda": 0.49738525279669515}, "datetime": {"datetime": "2021-09-23 13:07:28", "elapsed": 211.327444, "delta": 1.100336}}
{"target": -2.188736785767503, "params": {"C": 288.539843578381, "epsilon": 0.33401673848156543, "gamma": 0.0820631530695085, "lamda": 0.3198530603344311}, "datetime": {"datetime": "2021-09-23 13:07:29", "elapsed": 212.415635, "delta": 1.088191}}
{"target": -2.0125100805459413, "params": {"C": 242.47282280877832, "epsilon": 0.9029758496113561, "gamma": 0.07010240945926866, "lamda": 0.012723913546546325}, "datetime": {"datetime": "2021-09-23 13:07:30", "elapsed": 213.684637, "delta": 1.269002}}
{"target": -2.349455175781083, "params": {"C": 243.26753694009426, "epsilon": 0.7713128169347315, "gamma": 0.08218737351742134, "lamda": 0.31138630680750623}, "datetime": {"datetime": "2021-09-23 13:07:31", "elapsed": 214.731696, "delta": 1.047059}}
{"target": -2.0609222903851205, "params": {"C": 265.53459227539753, "epsilon": 0.0802137551217647, "gamma": 0.04, "lamda": 0.21261185315630737}, "datetime": {"datetime": "2021-09-23 13:07:33", "elapsed": 216.82806, "delta": 2.096364}}
{"target": -1.9853687053775524, "params": {"C": 198.505699732887, "epsilon": 0.13080834631528587, "gamma": 0.07343907777226182, "lamda": 0.16155627301257844}, "datetime": {"datetime": "2021-09-23 13:07:34", "elapsed": 217.893701, "delta": 1.065641}}
{"target": -1.998586404354055, "params": {"C": 198.6299974401989, "epsilon": 0.086846537882341, "gamma": 0.08016338817910458, "lamda": 0.22329380627194378}, "datetime": {"datetime": "2021-09-23 13:07:36", "elapsed": 219.30604, "delta": 1.412339}}
{"target": -2.095514772091003, "params": {"C": 198.57898817561968, "epsilon": 0.24244509567169728, "gamma": 0.0759037649936458, "lamda": 0.01585439451143511}, "datetime": {"datetime": "2021-09-23 13:07:38", "elapsed": 221.173409, "delta": 1.867369}}
{"target": -2.1661798201912044, "params": {"C": 263.8198392316664, "epsilon": 0.5370253750034975, "gamma": 0.07701522489214593, "lamda": 0.19354337187483092}, "datetime": {"datetime": "2021-09-23 13:07:39", "elapsed": 222.185262, "delta": 1.011853}}
{"target": -2.083510312941003, "params": {"C": 198.55954141142988, "epsilon": 0.23822281349944222, "gamma": 0.09684143699253323, "lamda": 0.15803952344041539}, "datetime": {"datetime": "2021-09-23 13:07:41", "elapsed": 224.72192, "delta": 2.536658}}
{"target": -2.2479678277266064, "params": {"C": 198.59735890095988, "epsilon": 0.1435197299284058, "gamma": 0.13826587257330483, "lamda": 0.3536239057590585}, "datetime": {"datetime": "2021-09-23 13:07:43", "elapsed": 226.864165, "delta": 2.142245}}
{"target": -2.2933742338334824, "params": {"C": 242.49585426125367, "epsilon": 0.8106804163040575, "gamma": 0.1422398568810827, "lamda": 0.013396013842544205}, "datetime": {"datetime": "2021-09-23 13:07:45", "elapsed": 228.457752, "delta": 1.593587}}
{"target": -2.4126508819509263, "params": {"C": 208.74464744530428, "epsilon": 0.8650380763559703, "gamma": 0.09483641058170894, "lamda": 0.3327796690491494}, "datetime": {"datetime": "2021-09-23 13:07:46", "elapsed": 229.482753, "delta": 1.025001}}
{"target": -2.4438539097908043, "params": {"C": 274.64827556136834, "epsilon": 0.43368844799135303, "gamma": 0.1486321265906925, "lamda": 0.5130856901019138}, "datetime": {"datetime": "2021-09-23 13:07:47", "elapsed": 230.536252, "delta": 1.053499}}
{"target": -2.051105444836394, "params": {"C": 154.69004901655038, "epsilon": 0.3264448550014709, "gamma": 0.09266616832704544, "lamda": 0.11192948952803938}, "datetime": {"datetime": "2021-09-23 13:07:48", "elapsed": 231.578526, "delta": 1.042274}}
{"target": -2.509744020809286, "params": {"C": 254.6206471387627, "epsilon": 0.8125311661421398, "gamma": 0.11476136867074241, "lamda": 0.4389351118399523}, "datetime": {"datetime": "2021-09-23 13:07:49", "elapsed": 232.64431, "delta": 1.065784}}
{"target": -2.1161903804233146, "params": {"C": 242.42989994021622, "epsilon": 0.9790079638297966, "gamma": 0.10224161501486523, "lamda": 0.022792852268670703}, "datetime": {"datetime": "2021-09-23 13:07:51", "elapsed": 234.233864, "delta": 1.589554}}
{"target": -2.1710928361067032, "params": {"C": 198.37919673434067, "epsilon": 0.16943326557576108, "gamma": 0.121705627536177, "lamda": 0.09799643182862303}, "datetime": {"datetime": "2021-09-23 13:07:52", "elapsed": 236.077491, "delta": 1.843627}}
{"target": -2.2033977624634944, "params": {"C": 198.63155693058525, "epsilon": 0.12818745047222685, "gamma": 0.10912862943959903, "lamda": 0.021352446871064367}, "datetime": {"datetime": "2021-09-23 13:07:55", "elapsed": 238.399361, "delta": 2.32187}}
{"target": -2.241881958673098, "params": {"C": 158.35989809886624, "epsilon": 0.5106359171285951, "gamma": 0.13317718140622123, "lamda": 0.16298743093265103}, "datetime": {"datetime": "2021-09-23 13:07:56", "elapsed": 239.553359, "delta": 1.153998}}
{"target": -2.1174758798367543, "params": {"C": 155.59678017139268, "epsilon": 0.31298173997479867, "gamma": 0.04, "lamda": 0.16812975748235448}, "datetime": {"datetime": "2021-09-23 13:07:58", "elapsed": 241.856401, "delta": 2.303042}}
{"target": -2.054974697009551, "params": {"C": 154.72165882808753, "epsilon": 0.5640906107659517, "gamma": 0.06894845646466106, "lamda": 0.11212059569103243}, "datetime": {"datetime": "2021-09-23 13:07:59", "elapsed": 242.989246, "delta": 1.132845}}
{"target": -2.283335694669662, "params": {"C": 155.72385343004478, "epsilon": 0.30374295698303044, "gamma": 0.13210724384375472, "lamda": 0.01}, "datetime": {"datetime": "2021-09-23 13:08:01", "elapsed": 245.076058, "delta": 2.086812}}
{"target": -2.2599194199068044, "params": {"C": 236.7699747456146, "epsilon": 0.211466043982564, "gamma": 0.14303810947631448, "lamda": 0.2949206013534999}, "datetime": {"datetime": "2021-09-23 13:08:02", "elapsed": 246.105998, "delta": 1.02994}}
{"target": -2.0400243036235937, "params": {"C": 212.96761852453, "epsilon": 0.08716017195140909, "gamma": 0.0904617643928461, "lamda": 0.19570385318268985}, "datetime": {"datetime": "2021-09-23 13:08:04", "elapsed": 247.300399, "delta": 1.194401}}
{"target": -2.1281836683545694, "params": {"C": 225.7001432164676, "epsilon": 0.18626428740447212, "gamma": 0.04493884748353576, "lamda": 0.34251551349018083}, "datetime": {"datetime": "2021-09-23 13:08:05", "elapsed": 248.333196, "delta": 1.032797}}
{"target": -2.10739168699425, "params": {"C": 198.50778399759267, "epsilon": 0.025790718236154923, "gamma": 0.0534979223269517, "lamda": 0.099387688607108}, "datetime": {"datetime": "2021-09-23 13:08:07", "elapsed": 250.689979, "delta": 2.356783}}
{"target": -2.164415764428833, "params": {"C": 288.0360675790792, "epsilon": 0.5607648511027321, "gamma": 0.07617642056743576, "lamda": 0.18554580556700756}, "datetime": {"datetime": "2021-09-23 13:08:09", "elapsed": 252.158409, "delta": 1.46843}}
{"target": -1.9880722582492865, "params": {"C": 155.82135941411974, "epsilon": 0.1455730967700186, "gamma": 0.07787171730857381, "lamda": 0.19008316406055834}, "datetime": {"datetime": "2021-09-23 13:08:10", "elapsed": 253.82318, "delta": 1.664771}}
{"target": -2.0797109785532975, "params": {"C": 198.52910589492663, "epsilon": 0.06133829818823433, "gamma": 0.04, "lamda": 0.23586140188751545}, "datetime": {"datetime": "2021-09-23 13:08:12", "elapsed": 255.62718, "delta": 1.804}}
{"target": -2.103707028237709, "params": {"C": 198.70525721678817, "epsilon": 0.009472575542472245, "gamma": 0.04, "lamda": 0.19487931603570927}, "datetime": {"datetime": "2021-09-23 13:08:15", "elapsed": 258.237895, "delta": 2.610715}}
{"target": -2.232130462719388, "params": {"C": 212.912791644995, "epsilon": 0.15794314255936623, "gamma": 0.14048817473195638, "lamda": 0.22394526038278764}, "datetime": {"datetime": "2021-09-23 13:08:16", "elapsed": 260.076632, "delta": 1.838737}}
{"target": -2.4041693914766404, "params": {"C": 215.9767571476775, "epsilon": 0.9876696407028837, "gamma": 0.07888484362701696, "lamda": 0.31505756886693603}, "datetime": {"datetime": "2021-09-23 13:08:18", "elapsed": 261.358004, "delta": 1.281372}}
{"target": -2.1004465107401287, "params": {"C": 155.86423479118307, "epsilon": 0.23304300490713337, "gamma": 0.07801969600801148, "lamda": 0.3033383440926854}, "datetime": {"datetime": "2021-09-23 13:08:20", "elapsed": 263.395002, "delta": 2.036998}}
{"target": -2.006381999134256, "params": {"C": 155.72395134678408, "epsilon": 0.15488668376867337, "gamma": 0.06666349291583401, "lamda": 0.23974859965411935}, "datetime": {"datetime": "2021-09-23 13:08:22", "elapsed": 265.497558, "delta": 2.102556}}
{"target": -2.0698249231254153, "params": {"C": 155.76320626187288, "epsilon": 0.06739050373387873, "gamma": 0.09873822105327479, "lamda": 0.20999580719198885}, "datetime": {"datetime": "2021-09-23 13:08:24", "elapsed": 267.313614, "delta": 1.816056}}
{"target": -2.026390811186781, "params": {"C": 247.3983254791817, "epsilon": 0.010300512744024042, "gamma": 0.07646377467976603, "lamda": 0.5540352886226154}, "datetime": {"datetime": "2021-09-23 13:08:25", "elapsed": 268.745617, "delta": 1.432003}}
{"target": -2.2077351676635386, "params": {"C": 155.77707594473983, "epsilon": 0.12620684584529387, "gamma": 0.1298685334725873, "lamda": 0.09063961667200222}, "datetime": {"datetime": "2021-09-23 13:08:27", "elapsed": 270.464618, "delta": 1.719001}}
{"target": -2.1249235254652414, "params": {"C": 213.0353058765234, "epsilon": 0.001, "gamma": 0.04, "lamda": 0.160822805083707}, "datetime": {"datetime": "2021-09-23 13:08:30", "elapsed": 273.194616, "delta": 2.729998}}
