{"target": 0.868992873680566, "params": {"C": 749.1983422353369, "epsilon": 0.16336624106285075, "gamma": 0.01080814316710962, "lamda": 0.11319840052611699}, "datetime": {"datetime": "2021-09-23 11:20:33", "elapsed": 136.148919, "delta": 1.103}}
{"target": 0.8999531541202214, "params": {"C": 635.1106308481594, "epsilon": 0.20352788601544267, "gamma": 0.0297527282354599, "lamda": 0.10340004499308626}, "datetime": {"datetime": "2021-09-23 11:20:34", "elapsed": 137.188611, "delta": 1.039692}}
{"target": 0.9050190791305042, "params": {"C": 713.0659169428739, "epsilon": 0.2128311260596639, "gamma": 0.035872809232673324, "lamda": 0.05204540324647988}, "datetime": {"datetime": "2021-09-23 11:20:35", "elapsed": 137.980612, "delta": 0.792001}}
{"target": 0.9157691383458851, "params": {"C": 601.2181853394683, "epsilon": 0.1656606678539116, "gamma": 0.05379397528832421, "lamda": 0.08195032930504076}, "datetime": {"datetime": "2021-09-23 11:20:36", "elapsed": 139.005728, "delta": 1.025116}}
{"target": 0.9119516901162408, "params": {"C": 799.935057216858, "epsilon": 0.3236769189731661, "gamma": 0.04474656181167926, "lamda": 0.07836113936623675}, "datetime": {"datetime": "2021-09-23 11:20:37", "elapsed": 139.808729, "delta": 0.803001}}
{"target": 0.9067996055183387, "params": {"C": 668.646214875625, "epsilon": 0.33182866398113015, "gamma": 0.04062296874718461, "lamda": 0.10655246567493233}, "datetime": {"datetime": "2021-09-23 11:20:37", "elapsed": 140.59173, "delta": 0.783001}}
{"target": 0.9123205051334289, "params": {"C": 661.4207513829638, "epsilon": 0.11174812423367438, "gamma": 0.046865783859980074, "lamda": 0.09137109877983397}, "datetime": {"datetime": "2021-09-23 11:20:38", "elapsed": 141.400779, "delta": 0.809049}}
{"target": 0.8947438935955135, "params": {"C": 632.31044671562, "epsilon": 0.1030008769220476, "gamma": 0.025814799799638424, "lamda": 0.14602465689024163}, "datetime": {"datetime": "2021-09-23 11:20:39", "elapsed": 142.237785, "delta": 0.837006}}
{"target": 0.9128904879966327, "params": {"C": 749.1471799107087, "epsilon": 0.1331367408973251, "gamma": 0.05177210054929948, "lamda": 0.051249264379896395}, "datetime": {"datetime": "2021-09-23 11:20:40", "elapsed": 143.124189, "delta": 0.886404}}
{"target": 0.9023806445665348, "params": {"C": 692.1304818332864, "epsilon": 0.282333978742219, "gamma": 0.03235955494090352, "lamda": 0.04911588493315394}, "datetime": {"datetime": "2021-09-23 11:20:41", "elapsed": 144.152227, "delta": 1.028038}}
{"target": 0.9009993795567766, "params": {"C": 684.3995934388724, "epsilon": 0.3061529098754107, "gamma": 0.031553881558528674, "lamda": 0.1019197892483202}, "datetime": {"datetime": "2021-09-23 11:20:42", "elapsed": 145.001969, "delta": 0.849742}}
{"target": 0.9092617453003956, "params": {"C": 648.0080731931318, "epsilon": 0.24783398579879026, "gamma": 0.044658372554923824, "lamda": 0.14069654691220562}, "datetime": {"datetime": "2021-09-23 11:20:43", "elapsed": 145.767158, "delta": 0.765189}}
{"target": 0.9146767243670875, "params": {"C": 663.8442552480515, "epsilon": 0.07289726145905573, "gamma": 0.05833188852991029, "lamda": 0.09741840688328327}, "datetime": {"datetime": "2021-09-23 11:20:43", "elapsed": 146.653155, "delta": 0.885997}}
{"target": 0.9109155123449182, "params": {"C": 624.4931411590901, "epsilon": 0.24351922355424843, "gamma": 0.047517284857753514, "lamda": 0.13919465052919008}, "datetime": {"datetime": "2021-09-23 11:20:44", "elapsed": 147.416406, "delta": 0.763251}}
{"target": 0.9110914441638214, "params": {"C": 635.1020174574516, "epsilon": 0.1307156400939412, "gamma": 0.048877628104136504, "lamda": 0.051597683181111936}, "datetime": {"datetime": "2021-09-23 11:20:45", "elapsed": 148.351399, "delta": 0.934993}}
{"target": 0.8937811757819345, "params": {"C": 719.8964698810618, "epsilon": 0.16446047573176786, "gamma": 0.023620565680698643, "lamda": 0.11274288583262529}, "datetime": {"datetime": "2021-09-23 11:20:46", "elapsed": 149.199768, "delta": 0.848369}}
{"target": 0.9078579048114714, "params": {"C": 749.1362562555018, "epsilon": 0.17933150148850963, "gamma": 0.039734724702497795, "lamda": 0.0528581363358606}, "datetime": {"datetime": "2021-09-23 11:20:47", "elapsed": 150.189037, "delta": 0.989269}}
{"target": 0.9068648063637796, "params": {"C": 668.6135981506608, "epsilon": 0.15633083532536157, "gamma": 0.03791190197171274, "lamda": 0.0793127593113608}, "datetime": {"datetime": "2021-09-23 11:20:48", "elapsed": 150.962707, "delta": 0.77367}}
{"target": 0.9152498096022665, "params": {"C": 722.4092062304893, "epsilon": 0.07453554522173493, "gamma": 0.05597518609288704, "lamda": 0.11172153685789742}, "datetime": {"datetime": "2021-09-23 11:20:49", "elapsed": 152.029739, "delta": 1.067032}}
{"target": 0.9148695140692875, "params": {"C": 634.4622397416679, "epsilon": 0.09639920844387645, "gamma": 0.0541035245272217, "lamda": 0.0964794931678654}, "datetime": {"datetime": "2021-09-23 11:20:50", "elapsed": 152.924826, "delta": 0.895087}}
{"target": 0.8950967989239252, "params": {"C": 601.1969353969093, "epsilon": 0.11714335885841018, "gamma": 0.029961586727997556, "lamda": 0.05517355784399029}, "datetime": {"datetime": "2021-09-23 11:20:51", "elapsed": 153.856991, "delta": 0.932165}}
{"target": 0.907724836852139, "params": {"C": 766.8678045870117, "epsilon": 0.08738493052785251, "gamma": 0.036594810289124494, "lamda": 0.1625136426106346}, "datetime": {"datetime": "2021-09-23 11:20:52", "elapsed": 154.80832, "delta": 0.951329}}
{"target": 0.8838488579090799, "params": {"C": 727.1765552084164, "epsilon": 0.10007646851680145, "gamma": 0.016894639910131987, "lamda": 0.15726961652404983}, "datetime": {"datetime": "2021-09-23 11:20:53", "elapsed": 156.008208, "delta": 1.199888}}
{"target": 0.9049921488858326, "params": {"C": 723.8396794144596, "epsilon": 0.11336361686994238, "gamma": 0.03358391813239087, "lamda": 0.16114582152457801}, "datetime": {"datetime": "2021-09-23 11:20:54", "elapsed": 156.753448, "delta": 0.74524}}
{"target": 0.9178305187014126, "params": {"C": 666.3568608601379, "epsilon": 0.2996464463533213, "gamma": 0.058675041616003745, "lamda": 0.06116089397339021}, "datetime": {"datetime": "2021-09-23 11:20:54", "elapsed": 157.666027, "delta": 0.912579}}
{"target": 0.8823245077566717, "params": {"C": 666.3233593703076, "epsilon": 0.31935551342811497, "gamma": 0.016671032740215676, "lamda": 0.06681437455110399}, "datetime": {"datetime": "2021-09-23 11:20:55", "elapsed": 158.58502, "delta": 0.918993}}
{"target": 0.9127396592573, "params": {"C": 585.7257121128999, "epsilon": 0.10010417583410251, "gamma": 0.04872597900291255, "lamda": 0.10235681815438473}, "datetime": {"datetime": "2021-09-23 11:20:56", "elapsed": 159.349731, "delta": 0.764711}}
{"target": 0.904038406379929, "params": {"C": 675.6375218450804, "epsilon": 0.2785995047370603, "gamma": 0.03453773287546379, "lamda": 0.1059135423266234}, "datetime": {"datetime": "2021-09-23 11:20:57", "elapsed": 160.128471, "delta": 0.77874}}
{"target": 0.9149982508269145, "params": {"C": 706.5716523827001, "epsilon": 0.2273352046262633, "gamma": 0.05678937903279359, "lamda": 0.13734972865185013}, "datetime": {"datetime": "2021-09-23 11:20:58", "elapsed": 161.666936, "delta": 1.538465}}
{"target": 0.9156459334284734, "params": {"C": 600.7013202901196, "epsilon": 0.3168529398681615, "gamma": 0.05531814664678612, "lamda": 0.08552150119932822}, "datetime": {"datetime": "2021-09-23 11:20:59", "elapsed": 162.718937, "delta": 1.052001}}
{"target": 0.8684184223097646, "params": {"C": 691.1776662901411, "epsilon": 0.28488439516876696, "gamma": 0.011133802853693371, "lamda": 0.07660070326377104}, "datetime": {"datetime": "2021-09-23 11:21:01", "elapsed": 164.007267, "delta": 1.28833}}
{"target": 0.9143669735112071, "params": {"C": 767.1209108010879, "epsilon": 0.15501030902702131, "gamma": 0.06, "lamda": 0.045}, "datetime": {"datetime": "2021-09-23 11:21:02", "elapsed": 165.327542, "delta": 1.320275}}
{"target": 0.9140579222089754, "params": {"C": 610.2813770986345, "epsilon": 0.31637502364055115, "gamma": 0.05403086570299624, "lamda": 0.10124935018352267}, "datetime": {"datetime": "2021-09-23 11:21:04", "elapsed": 167.340109, "delta": 2.012567}}
{"target": 0.9075819135240029, "params": {"C": 753.1807211800788, "epsilon": 0.3073032482446001, "gamma": 0.037938528055259116, "lamda": 0.08538837142447742}, "datetime": {"datetime": "2021-09-23 11:21:05", "elapsed": 168.4031, "delta": 1.062991}}
{"target": 0.9073311013076669, "params": {"C": 716.9095850866788, "epsilon": 0.21628538975535, "gamma": 0.03752903080272006, "lamda": 0.05975835931319917}, "datetime": {"datetime": "2021-09-23 11:21:07", "elapsed": 169.943548, "delta": 1.540448}}
{"target": 0.9066804263782051, "params": {"C": 605.6417782993999, "epsilon": 0.32981618209084923, "gamma": 0.04799585273387618, "lamda": 0.16314804419938372}, "datetime": {"datetime": "2021-09-23 11:21:08", "elapsed": 171.169433, "delta": 1.225885}}
{"target": 0.9060294064788403, "params": {"C": 644.8790345062528, "epsilon": 0.3305149715774019, "gamma": 0.035908353818278206, "lamda": 0.06637866101906623}, "datetime": {"datetime": "2021-09-23 11:21:10", "elapsed": 173.130219, "delta": 1.960786}}
{"target": 0.9073832348165805, "params": {"C": 668.6408271032753, "epsilon": 0.3377759679384325, "gamma": 0.042640996113282516, "lamda": 0.11256554372923636}, "datetime": {"datetime": "2021-09-23 11:21:11", "elapsed": 174.304573, "delta": 1.174354}}
{"target": 0.9156051184702778, "params": {"C": 634.5313634310166, "epsilon": 0.07817157273291876, "gamma": 0.05397288409066691, "lamda": 0.1405653907277905}, "datetime": {"datetime": "2021-09-23 11:21:13", "elapsed": 176.44342, "delta": 2.138847}}
{"target": 0.9160680487438284, "params": {"C": 658.1060795649161, "epsilon": 0.2802685485168084, "gamma": 0.05739913862896194, "lamda": 0.09787803086461414}, "datetime": {"datetime": "2021-09-23 11:21:15", "elapsed": 178.238712, "delta": 1.795292}}
{"target": 0.9172905608805593, "params": {"C": 601.2291963861886, "epsilon": 0.20125088704700572, "gamma": 0.06, "lamda": 0.11812343566899407}, "datetime": {"datetime": "2021-09-23 11:21:16", "elapsed": 179.326627, "delta": 1.087915}}
{"target": 0.907718623012568, "params": {"C": 634.5107357983043, "epsilon": 0.07454320535373882, "gamma": 0.04141961231066058, "lamda": 0.1080147824802659}, "datetime": {"datetime": "2021-09-23 11:21:17", "elapsed": 180.350879, "delta": 1.024252}}
{"target": 0.9122302591411271, "params": {"C": 640.5805499698337, "epsilon": 0.0916546645589095, "gamma": 0.05931953721485266, "lamda": 0.05644035393879848}, "datetime": {"datetime": "2021-09-23 11:21:18", "elapsed": 181.205813, "delta": 0.854934}}
{"target": 0.8833351820565815, "params": {"C": 706.5296286292805, "epsilon": 0.2291636575358636, "gamma": 0.016917974363819546, "lamda": 0.09792931262097308}, "datetime": {"datetime": "2021-09-23 11:21:19", "elapsed": 182.202815, "delta": 0.997002}}
{"target": 0.9016308916388344, "params": {"C": 605.3575938397378, "epsilon": 0.17017962296322536, "gamma": 0.03166011719569825, "lamda": 0.16192547414923616}, "datetime": {"datetime": "2021-09-23 11:21:20", "elapsed": 183.061866, "delta": 0.859051}}
{"target": 0.9165778145857704, "params": {"C": 675.7940204676913, "epsilon": 0.15135620275568673, "gamma": 0.052541572030375225, "lamda": 0.11459929646721488}, "datetime": {"datetime": "2021-09-23 11:21:21", "elapsed": 183.951299, "delta": 0.889433}}
{"target": 0.8808023451126483, "params": {"C": 612.5218809622369, "epsilon": 0.10866904105640662, "gamma": 0.015839320285969412, "lamda": 0.11777911989953478}, "datetime": {"datetime": "2021-09-23 11:21:22", "elapsed": 184.974437, "delta": 1.023138}}
{"target": 0.9134226519008243, "params": {"C": 675.776892178837, "epsilon": 0.20258772956727697, "gamma": 0.04807208156297174, "lamda": 0.12671331543128728}, "datetime": {"datetime": "2021-09-23 11:21:23", "elapsed": 186.208601, "delta": 1.234164}}
{"target": 0.9081818186790789, "params": {"C": 658.1183612959201, "epsilon": 0.2782496312346756, "gamma": 0.039354373326502046, "lamda": 0.04940731356794424}, "datetime": {"datetime": "2021-09-23 11:21:24", "elapsed": 187.295302, "delta": 1.086701}}
{"target": 0.9056306010244518, "params": {"C": 658.1128024632158, "epsilon": 0.2958531586236215, "gamma": 0.04179427655840927, "lamda": 0.14593194436180548}, "datetime": {"datetime": "2021-09-23 11:21:25", "elapsed": 188.534301, "delta": 1.238999}}
{"target": 0.9172230153167504, "params": {"C": 778.1251347871905, "epsilon": 0.07, "gamma": 0.06, "lamda": 0.14126345668482593}, "datetime": {"datetime": "2021-09-23 11:21:27", "elapsed": 189.915272, "delta": 1.380971}}
{"target": 0.8928966088277032, "params": {"C": 634.4368704716358, "epsilon": 0.10258359379210717, "gamma": 0.0244677012882838, "lamda": 0.13466931723570738}, "datetime": {"datetime": "2021-09-23 11:21:28", "elapsed": 191.185024, "delta": 1.269752}}
{"target": 0.9129711038819501, "params": {"C": 731.0079478467387, "epsilon": 0.12767242484719793, "gamma": 0.04393438837511904, "lamda": 0.15511611877086823}, "datetime": {"datetime": "2021-09-23 11:21:29", "elapsed": 192.151299, "delta": 0.966275}}
{"target": 0.8898103035214179, "params": {"C": 724.7714037739951, "epsilon": 0.1878209773409869, "gamma": 0.020642190325264317, "lamda": 0.111991685528795}, "datetime": {"datetime": "2021-09-23 11:21:30", "elapsed": 193.009905, "delta": 0.858606}}
{"target": 0.9113012153072529, "params": {"C": 715.8492966068092, "epsilon": 0.16382740033870394, "gamma": 0.0447381960241531, "lamda": 0.1659644606806538}, "datetime": {"datetime": "2021-09-23 11:21:31", "elapsed": 193.888544, "delta": 0.878639}}
{"target": 0.8877327098093486, "params": {"C": 767.1645109161894, "epsilon": 0.3006476093883046, "gamma": 0.022649246570511074, "lamda": 0.14307183889729286}, "datetime": {"datetime": "2021-09-23 11:21:31", "elapsed": 194.718302, "delta": 0.829758}}
{"target": 0.9144005855055649, "params": {"C": 778.1189085815597, "epsilon": 0.12111520722216854, "gamma": 0.045655248924766446, "lamda": 0.12662135415422066}, "datetime": {"datetime": "2021-09-23 11:21:33", "elapsed": 195.909913, "delta": 1.191611}}
{"target": 0.9155485281391827, "params": {"C": 778.0845809063973, "epsilon": 0.07, "gamma": 0.06, "lamda": 0.11383182837978041}, "datetime": {"datetime": "2021-09-23 11:21:34", "elapsed": 197.396907, "delta": 1.486994}}
{"target": 0.916408178809889, "params": {"C": 615.2996425686897, "epsilon": 0.22554352360744076, "gamma": 0.05587284068188013, "lamda": 0.059806090568068765}, "datetime": {"datetime": "2021-09-23 11:21:35", "elapsed": 198.373943, "delta": 0.977036}}
{"target": 0.8875887196307287, "params": {"C": 778.2073042644846, "epsilon": 0.23383053314977517, "gamma": 0.01884348017576648, "lamda": 0.07398080061407807}, "datetime": {"datetime": "2021-09-23 11:21:36", "elapsed": 199.385134, "delta": 1.011191}}
{"target": 0.916350313706051, "params": {"C": 601.22066980202, "epsilon": 0.19741710862653994, "gamma": 0.056241165886008325, "lamda": 0.12668209288795812}, "datetime": {"datetime": "2021-09-23 11:21:37", "elapsed": 200.326266, "delta": 0.941132}}
{"target": 0.9095405009659508, "params": {"C": 615.266484473351, "epsilon": 0.2489390208842625, "gamma": 0.04075433868014468, "lamda": 0.09156758370567895}, "datetime": {"datetime": "2021-09-23 11:21:38", "elapsed": 201.460304, "delta": 1.134038}}
{"target": 0.9096473203583462, "params": {"C": 675.7391340866543, "epsilon": 0.18164812766296617, "gamma": 0.040401130877931644, "lamda": 0.08266405363232653}, "datetime": {"datetime": "2021-09-23 11:21:39", "elapsed": 202.715307, "delta": 1.255003}}
{"target": 0.9169464182329289, "params": {"C": 666.3897175964551, "epsilon": 0.2623801584482164, "gamma": 0.056389119557427266, "lamda": 0.05166426677897064}, "datetime": {"datetime": "2021-09-23 11:21:41", "elapsed": 204.013497, "delta": 1.29819}}
{"target": 0.9118179802600654, "params": {"C": 745.7961270944982, "epsilon": 0.09385067240022865, "gamma": 0.04637653698190637, "lamda": 0.08690309689318003}, "datetime": {"datetime": "2021-09-23 11:21:42", "elapsed": 204.917895, "delta": 0.904398}}
{"target": 0.9139715069021771, "params": {"C": 675.6423940072127, "epsilon": 0.24868484902971685, "gamma": 0.05740773128149164, "lamda": 0.14542277417673405}, "datetime": {"datetime": "2021-09-23 11:21:43", "elapsed": 205.966053, "delta": 1.048158}}
{"target": 0.8969903250062946, "params": {"C": 634.1187410472585, "epsilon": 0.2759250953950759, "gamma": 0.031157992031738233, "lamda": 0.166779160427604}, "datetime": {"datetime": "2021-09-23 11:21:44", "elapsed": 206.892056, "delta": 0.926003}}
{"target": 0.8801864761168259, "params": {"C": 778.1411122208383, "epsilon": 0.07247745999211179, "gamma": 0.014588132425294727, "lamda": 0.15034771644077607}, "datetime": {"datetime": "2021-09-23 11:21:45", "elapsed": 208.394488, "delta": 1.502432}}
{"target": 0.9137962434809319, "params": {"C": 767.0193246221514, "epsilon": 0.14202641815043018, "gamma": 0.06, "lamda": 0.045}, "datetime": {"datetime": "2021-09-23 11:21:47", "elapsed": 209.765532, "delta": 1.371044}}
{"target": 0.9159397633239765, "params": {"C": 658.0749557571296, "epsilon": 0.311402981507487, "gamma": 0.05341447085163778, "lamda": 0.0760238060318217}, "datetime": {"datetime": "2021-09-23 11:21:48", "elapsed": 211.142837, "delta": 1.377305}}
{"target": 0.9172023035473286, "params": {"C": 663.8857138254228, "epsilon": 0.16344050431514448, "gamma": 0.06, "lamda": 0.14798907735315928}, "datetime": {"datetime": "2021-09-23 11:21:49", "elapsed": 212.540235, "delta": 1.397398}}
{"target": 0.9133558849881827, "params": {"C": 682.2481963413547, "epsilon": 0.3078665931014263, "gamma": 0.057717462118791515, "lamda": 0.12814867510955946}, "datetime": {"datetime": "2021-09-23 11:21:51", "elapsed": 214.241708, "delta": 1.701473}}
{"target": 0.9174164622396073, "params": {"C": 727.1933259682689, "epsilon": 0.16304334447587876, "gamma": 0.05442398505526832, "lamda": 0.09848296599130962}, "datetime": {"datetime": "2021-09-23 11:21:53", "elapsed": 216.393179, "delta": 2.151471}}
{"target": 0.9011459453413107, "params": {"C": 783.5737757956795, "epsilon": 0.1600045239139366, "gamma": 0.02911961503159477, "lamda": 0.11064683481661676}, "datetime": {"datetime": "2021-09-23 11:21:55", "elapsed": 217.859468, "delta": 1.466289}}
{"target": 0.8929452936925201, "params": {"C": 717.544379359249, "epsilon": 0.3137772566517179, "gamma": 0.02368291339057666, "lamda": 0.04557710032765812}, "datetime": {"datetime": "2021-09-23 11:21:56", "elapsed": 219.108109, "delta": 1.248641}}
{"target": 0.8990112179445174, "params": {"C": 718.6834696141351, "epsilon": 0.27819265322560316, "gamma": 0.029176078871555156, "lamda": 0.10885303110328522}, "datetime": {"datetime": "2021-09-23 11:21:57", "elapsed": 220.16587, "delta": 1.057761}}
{"target": 0.9152449480400419, "params": {"C": 675.839537330374, "epsilon": 0.16654830445758903, "gamma": 0.04922353716960369, "lamda": 0.09959899821660914}, "datetime": {"datetime": "2021-09-23 11:21:59", "elapsed": 221.841135, "delta": 1.675265}}
{"target": 0.8918842950332622, "params": {"C": 654.5248362838047, "epsilon": 0.10508333684196916, "gamma": 0.02519958080557355, "lamda": 0.07710937987554628}, "datetime": {"datetime": "2021-09-23 11:22:00", "elapsed": 223.022143, "delta": 1.181008}}
{"target": 0.8701357423970169, "params": {"C": 675.7967612644022, "epsilon": 0.2028847477354902, "gamma": 0.011310818082657572, "lamda": 0.08860766883657842}, "datetime": {"datetime": "2021-09-23 11:22:01", "elapsed": 224.140931, "delta": 1.118788}}
{"target": 0.9139184013481567, "params": {"C": 635.1530024756966, "epsilon": 0.16374061431366382, "gamma": 0.05381464962825659, "lamda": 0.04909027186736213}, "datetime": {"datetime": "2021-09-23 11:22:03", "elapsed": 225.873745, "delta": 1.732814}}
{"target": 0.9098277942028978, "params": {"C": 600.7495163039046, "epsilon": 0.33354900522891207, "gamma": 0.04361347022001418, "lamda": 0.09205092313317795}, "datetime": {"datetime": "2021-09-23 11:22:04", "elapsed": 227.359276, "delta": 1.485531}}
{"target": 0.9144831042983104, "params": {"C": 727.1969523041013, "epsilon": 0.1573497355166073, "gamma": 0.05607720065252317, "lamda": 0.048271592973637714}, "datetime": {"datetime": "2021-09-23 11:22:06", "elapsed": 229.018868, "delta": 1.659592}}
{"target": 0.8951062030109929, "params": {"C": 675.7870493042202, "epsilon": 0.14148595108015352, "gamma": 0.024942989836761062, "lamda": 0.15484158397427827}, "datetime": {"datetime": "2021-09-23 11:22:07", "elapsed": 230.378342, "delta": 1.359474}}
{"target": 0.9174060045024196, "params": {"C": 663.9234263975402, "epsilon": 0.13644908467441416, "gamma": 0.06, "lamda": 0.17}, "datetime": {"datetime": "2021-09-23 11:22:09", "elapsed": 232.005577, "delta": 1.627235}}
{"target": 0.9029682556580061, "params": {"C": 669.2006613382695, "epsilon": 0.3035238044205325, "gamma": 0.034925641173504066, "lamda": 0.11338552310363335}, "datetime": {"datetime": "2021-09-23 11:22:10", "elapsed": 233.146823, "delta": 1.141246}}
{"target": 0.916191115473178, "params": {"C": 763.6625283046279, "epsilon": 0.18694282378144678, "gamma": 0.059378239359405685, "lamda": 0.15158595129277835}, "datetime": {"datetime": "2021-09-23 11:22:11", "elapsed": 234.329587, "delta": 1.182764}}
{"target": 0.914821410418326, "params": {"C": 706.6163914137074, "epsilon": 0.22186392921552425, "gamma": 0.05648585355130866, "lamda": 0.1423009074132424}, "datetime": {"datetime": "2021-09-23 11:22:13", "elapsed": 235.736441, "delta": 1.406854}}
{"target": 0.9078192475336049, "params": {"C": 734.9562608988932, "epsilon": 0.2893327476059837, "gamma": 0.04398244030488292, "lamda": 0.13587608301693904}, "datetime": {"datetime": "2021-09-23 11:22:14", "elapsed": 236.893443, "delta": 1.157002}}
