{"target": 0.9244200876184376, "params": {"C": 544.9384554570637, "epsilon": 0.45874826316701833, "gamma": 0.045510532983162925, "lamda": 0.05109910256615567}, "datetime": {"datetime": "2021-09-23 21:18:06", "elapsed": 47.980128, "delta": 1.2094}}
{"target": 0.915414753329521, "params": {"C": 544.7219538854814, "epsilon": 0.5739909594637987, "gamma": 0.02897451463087549, "lamda": 0.0750196993022341}, "datetime": {"datetime": "2021-09-23 21:18:06", "elapsed": 48.806132, "delta": 0.826004}}
{"target": 0.89908147951162, "params": {"C": 592.6978301503865, "epsilon": 0.9536415485667779, "gamma": 0.015188328390230318, "lamda": 0.04149861486142341}, "datetime": {"datetime": "2021-09-23 21:18:07", "elapsed": 49.516773, "delta": 0.710641}}
{"target": 0.9012856828532654, "params": {"C": 543.1286533246177, "epsilon": 0.44648293359166236, "gamma": 0.028775607302263473, "lamda": 0.29363790168061665}, "datetime": {"datetime": "2021-09-23 21:18:08", "elapsed": 50.068193, "delta": 0.55142}}
{"target": 0.8963433801585771, "params": {"C": 503.11372027214077, "epsilon": 0.5931835434233267, "gamma": 0.015365777078472266, "lamda": 0.08721564339898263}, "datetime": {"datetime": "2021-09-23 21:18:08", "elapsed": 50.669978, "delta": 0.601785}}
{"target": 0.921623660073769, "params": {"C": 545.0638678567763, "epsilon": 0.284408152388235, "gamma": 0.03282217343206831, "lamda": 0.09668151172971112}, "datetime": {"datetime": "2021-09-23 21:18:09", "elapsed": 51.339979, "delta": 0.670001}}
{"target": 0.9268287966789077, "params": {"C": 553.3317407522961, "epsilon": 0.04020762027057932, "gamma": 0.04832722010251446, "lamda": 0.13829864465917788}, "datetime": {"datetime": "2021-09-23 21:18:10", "elapsed": 52.004799, "delta": 0.66482}}
{"target": 0.8814491519747467, "params": {"C": 523.0669795767773, "epsilon": 0.0687126476453313, "gamma": 0.011307835693766158, "lamda": 0.016159412955628685}, "datetime": {"datetime": "2021-09-23 21:18:11", "elapsed": 52.901798, "delta": 0.896999}}
{"target": 0.8927917065868094, "params": {"C": 526.3880440528137, "epsilon": 0.7382567286117583, "gamma": 0.037271997459895206, "lamda": 0.35317826706476824}, "datetime": {"datetime": "2021-09-23 21:18:11", "elapsed": 53.460797, "delta": 0.558999}}
{"target": 0.8866853319694176, "params": {"C": 584.3983717816105, "epsilon": 0.5589215072792493, "gamma": 0.010240462451368925, "lamda": 0.06773062234407044}, "datetime": {"datetime": "2021-09-23 21:18:12", "elapsed": 54.146146, "delta": 0.685349}}
{"target": 0.9126876901606047, "params": {"C": 566.1466315697481, "epsilon": 0.14211048957868105, "gamma": 0.06833741397481563, "lamda": 0.34612875507632634}, "datetime": {"datetime": "2021-09-23 21:18:12", "elapsed": 54.753148, "delta": 0.607002}}
{"target": 0.9168170525960145, "params": {"C": 577.0899257893115, "epsilon": 0.0320987986440607, "gamma": 0.0670870827620799, "lamda": 0.28719904683900976}, "datetime": {"datetime": "2021-09-23 21:18:13", "elapsed": 55.545667, "delta": 0.792519}}
{"target": 0.907986033756678, "params": {"C": 522.9407256012847, "epsilon": 0.22694021112640136, "gamma": 0.01650759638139246, "lamda": 0.038174959973297576}, "datetime": {"datetime": "2021-09-23 21:18:14", "elapsed": 56.313364, "delta": 0.767697}}
{"target": 0.9245922124484045, "params": {"C": 522.9768992909088, "epsilon": 0.1730503676205715, "gamma": 0.05331469466186537, "lamda": 0.09201743641359003}, "datetime": {"datetime": "2021-09-23 21:18:15", "elapsed": 57.066362, "delta": 0.752998}}
{"target": 0.9274077922196166, "params": {"C": 553.2968785829653, "epsilon": 0.06398914217668636, "gamma": 0.04670833718836566, "lamda": 0.10013830741713448}, "datetime": {"datetime": "2021-09-23 21:18:15", "elapsed": 57.854266, "delta": 0.787904}}
{"target": 0.9205003437601884, "params": {"C": 523.0348608934792, "epsilon": 0.24779229607214276, "gamma": 0.05092294555119723, "lamda": 0.14572078543661693}, "datetime": {"datetime": "2021-09-23 21:18:16", "elapsed": 58.542274, "delta": 0.688008}}
{"target": 0.9205778051094049, "params": {"C": 523.1593543393748, "epsilon": 0.041164750399849966, "gamma": 0.025480968712711653, "lamda": 0.18459017123323376}, "datetime": {"datetime": "2021-09-23 21:18:17", "elapsed": 59.268868, "delta": 0.726594}}
{"target": 0.9007497147457623, "params": {"C": 575.8760480373066, "epsilon": 0.5238881381520016, "gamma": 0.020092360359869454, "lamda": 0.13394338251117271}, "datetime": {"datetime": "2021-09-23 21:18:17", "elapsed": 59.854619, "delta": 0.585751}}
{"target": 0.9273139875918385, "params": {"C": 523.2396789529971, "epsilon": 0.0696502177836331, "gamma": 0.038809588744244485, "lamda": 0.1251214157516355}, "datetime": {"datetime": "2021-09-23 21:18:18", "elapsed": 60.608313, "delta": 0.753694}}
{"target": 0.9241907419062086, "params": {"C": 523.0111651435233, "epsilon": 0.16963457004388816, "gamma": 0.05305756139795879, "lamda": 0.10626758388489588}, "datetime": {"datetime": "2021-09-23 21:18:19", "elapsed": 61.297314, "delta": 0.689001}}
{"target": 0.8945019378904806, "params": {"C": 544.8334419136647, "epsilon": 0.416148971883871, "gamma": 0.012678510965702302, "lamda": 0.08224990067949754}, "datetime": {"datetime": "2021-09-23 21:18:20", "elapsed": 61.97561, "delta": 0.678296}}
{"target": 0.8986041575960164, "params": {"C": 586.8421765754988, "epsilon": 0.7959292186370986, "gamma": 0.06049574738962546, "lamda": 0.25855767007288327}, "datetime": {"datetime": "2021-09-23 21:18:20", "elapsed": 62.541608, "delta": 0.565998}}
{"target": 0.8994017546736983, "params": {"C": 523.1008380482642, "epsilon": 0.11037335713800045, "gamma": 0.01400750371853417, "lamda": 0.19354987628240294}, "datetime": {"datetime": "2021-09-23 21:18:21", "elapsed": 63.420611, "delta": 0.879003}}
{"target": 0.9194728070568894, "params": {"C": 523.2204380957984, "epsilon": 0.08363612582102309, "gamma": 0.03311492105445415, "lamda": 0.3809315185089677}, "datetime": {"datetime": "2021-09-23 21:18:22", "elapsed": 64.058584, "delta": 0.637973}}
{"target": 0.917655634977862, "params": {"C": 566.372288394468, "epsilon": 0.07834097172128293, "gamma": 0.06397009573306096, "lamda": 0.3237634731685937}, "datetime": {"datetime": "2021-09-23 21:18:22", "elapsed": 64.683581, "delta": 0.624997}}
{"target": 0.9135134608981138, "params": {"C": 507.532925235147, "epsilon": 0.5412863314333759, "gamma": 0.06458752949409159, "lamda": 0.11272405197337206}, "datetime": {"datetime": "2021-09-23 21:18:23", "elapsed": 65.273003, "delta": 0.589422}}
{"target": 0.9081492377893526, "params": {"C": 553.1885890381185, "epsilon": 0.12333758706450228, "gamma": 0.01774065262774815, "lamda": 0.12263670061990475}, "datetime": {"datetime": "2021-09-23 21:18:24", "elapsed": 66.147703, "delta": 0.8747}}
{"target": 0.9143851218233077, "params": {"C": 523.3047952774596, "epsilon": 0.06775921127333713, "gamma": 0.02146442041161909, "lamda": 0.15828305773685294}, "datetime": {"datetime": "2021-09-23 21:18:25", "elapsed": 66.946705, "delta": 0.799002}}
{"target": 0.900206913663381, "params": {"C": 509.49367990016276, "epsilon": 0.6158346053251317, "gamma": 0.028929232904324254, "lamda": 0.23123778970736691}, "datetime": {"datetime": "2021-09-23 21:18:25", "elapsed": 67.607702, "delta": 0.660997}}
{"target": 0.9149255526466643, "params": {"C": 502.0370318729119, "epsilon": 0.06389317313022466, "gamma": 0.02305938495205833, "lamda": 0.22518380128758878}, "datetime": {"datetime": "2021-09-23 21:18:26", "elapsed": 68.318518, "delta": 0.710816}}
{"target": 0.925473262508233, "params": {"C": 553.0675100243795, "epsilon": 0.1310499152503356, "gamma": 0.03413879552171703, "lamda": 0.09281520388070094}, "datetime": {"datetime": "2021-09-23 21:18:27", "elapsed": 69.220115, "delta": 0.901597}}
{"target": 0.8954503905172442, "params": {"C": 553.3042581027818, "epsilon": 0.12173850071295857, "gamma": 0.011513666098098879, "lamda": 0.1225517252077742}, "datetime": {"datetime": "2021-09-23 21:18:28", "elapsed": 70.249459, "delta": 1.029344}}
{"target": 0.9262324998326866, "params": {"C": 540.4903556947999, "epsilon": 0.06314273779296102, "gamma": 0.04295840044966201, "lamda": 0.20890286896254381}, "datetime": {"datetime": "2021-09-23 21:18:29", "elapsed": 71.090117, "delta": 0.840658}}
{"target": 0.9177805266054758, "params": {"C": 523.3069540993176, "epsilon": 0.4677101742567653, "gamma": 0.06802859727838093, "lamda": 0.04802691288163459}, "datetime": {"datetime": "2021-09-23 21:18:29", "elapsed": 71.784529, "delta": 0.694412}}
{"target": 0.9165192814717169, "params": {"C": 553.0824419830465, "epsilon": 0.15991512621928713, "gamma": 0.07, "lamda": 0.14664750671746682}, "datetime": {"datetime": "2021-09-23 21:18:31", "elapsed": 72.953384, "delta": 1.168855}}
{"target": 0.9191874438206467, "params": {"C": 540.5619445840837, "epsilon": 0.09997719871855089, "gamma": 0.06520402238544663, "lamda": 0.17533865875108684}, "datetime": {"datetime": "2021-09-23 21:18:31", "elapsed": 73.75826, "delta": 0.804876}}
{"target": 0.9160525785308689, "params": {"C": 549.8221808924037, "epsilon": 0.6678857848740779, "gamma": 0.06309517416898137, "lamda": 0.07003032387803912}, "datetime": {"datetime": "2021-09-23 21:18:32", "elapsed": 74.491246, "delta": 0.732986}}
{"target": 0.9194114633279187, "params": {"C": 585.7785014527155, "epsilon": 0.27222863265745145, "gamma": 0.046860868259423975, "lamda": 0.1674937157763118}, "datetime": {"datetime": "2021-09-23 21:18:33", "elapsed": 75.205249, "delta": 0.714003}}
{"target": 0.8917221391038676, "params": {"C": 521.4036686254107, "epsilon": 0.3398439368681727, "gamma": 0.014415515842233988, "lamda": 0.18032579906708}, "datetime": {"datetime": "2021-09-23 21:18:34", "elapsed": 75.989922, "delta": 0.784673}}
{"target": 0.9214132397000439, "params": {"C": 566.3364015027548, "epsilon": 0.03431614146123455, "gamma": 0.02702110048151385, "lamda": 0.25320234339531367}, "datetime": {"datetime": "2021-09-23 21:18:35", "elapsed": 77.054925, "delta": 1.065003}}
{"target": 0.917915404884871, "params": {"C": 577.1112098538496, "epsilon": 0.10462367698965107, "gamma": 0.05734727842984054, "lamda": 0.36678905995263333}, "datetime": {"datetime": "2021-09-23 21:18:35", "elapsed": 77.805537, "delta": 0.750612}}
{"target": 0.9256760893775139, "params": {"C": 540.4783649325251, "epsilon": 0.08074049626408722, "gamma": 0.03385796116226314, "lamda": 0.1251068357191026}, "datetime": {"datetime": "2021-09-23 21:18:36", "elapsed": 78.79254, "delta": 0.987003}}
{"target": 0.9133487347277458, "params": {"C": 553.0940522600166, "epsilon": 0.06691696743118608, "gamma": 0.07, "lamda": 0.0815846858450194}, "datetime": {"datetime": "2021-09-23 21:18:38", "elapsed": 79.993815, "delta": 1.201275}}
{"target": 0.9248819333367468, "params": {"C": 540.4706897352755, "epsilon": 0.1344266450092844, "gamma": 0.04506288937805243, "lamda": 0.15127134311658752}, "datetime": {"datetime": "2021-09-23 21:18:38", "elapsed": 80.837701, "delta": 0.843886}}
{"target": 0.916356007989288, "params": {"C": 577.1798142943288, "epsilon": 0.11621853144141737, "gamma": 0.06729343258539877, "lamda": 0.25301549438385695}, "datetime": {"datetime": "2021-09-23 21:18:39", "elapsed": 81.669338, "delta": 0.831637}}
{"target": 0.9246848407820022, "params": {"C": 553.2872876506993, "epsilon": 0.036246298543914326, "gamma": 0.03237842828827888, "lamda": 0.10967795666772481}, "datetime": {"datetime": "2021-09-23 21:18:40", "elapsed": 82.557428, "delta": 0.88809}}
{"target": 0.9188754644113806, "params": {"C": 540.4779777665294, "epsilon": 0.15658560999902912, "gamma": 0.056483135627885254, "lamda": 0.2371948192298095}, "datetime": {"datetime": "2021-09-23 21:18:41", "elapsed": 83.681432, "delta": 1.124004}}
{"target": 0.8986466593681969, "params": {"C": 577.1666984310654, "epsilon": 0.03349561015468577, "gamma": 0.013146466355072967, "lamda": 0.38319359547118353}, "datetime": {"datetime": "2021-09-23 21:18:42", "elapsed": 84.572203, "delta": 0.890771}}
{"target": 0.9249998504440212, "params": {"C": 527.6455704561621, "epsilon": 0.8262884208591298, "gamma": 0.04177352018761141, "lamda": 0.023832859251152878}, "datetime": {"datetime": "2021-09-23 21:18:43", "elapsed": 85.403586, "delta": 0.831383}}
{"target": 0.9195827551333965, "params": {"C": 544.6658582088802, "epsilon": 0.996814221971482, "gamma": 0.050044525431901535, "lamda": 0.041661512213747025}, "datetime": {"datetime": "2021-09-23 21:18:44", "elapsed": 86.317264, "delta": 0.913678}}
{"target": 0.9195236236900534, "params": {"C": 523.2490310754065, "epsilon": 0.05625330224845303, "gamma": 0.055383787314555455, "lamda": 0.039275133952001225}, "datetime": {"datetime": "2021-09-23 21:18:45", "elapsed": 87.492265, "delta": 1.175001}}
{"target": 0.9177618799746727, "params": {"C": 540.5063684849601, "epsilon": 0.14497143733456958, "gamma": 0.023245223589425636, "lamda": 0.06783706682368246}, "datetime": {"datetime": "2021-09-23 21:18:46", "elapsed": 88.477838, "delta": 0.985573}}
{"target": 0.9187919872501951, "params": {"C": 523.1967250026121, "epsilon": 0.10897558887112668, "gamma": 0.06648082057853912, "lamda": 0.09994499786134849}, "datetime": {"datetime": "2021-09-23 21:18:47", "elapsed": 89.759686, "delta": 1.281848}}
{"target": 0.8892866928755668, "params": {"C": 540.4325405791201, "epsilon": 0.09512216869555054, "gamma": 0.01, "lamda": 0.20663189598956158}, "datetime": {"datetime": "2021-09-23 21:18:49", "elapsed": 91.254285, "delta": 1.494599}}
{"target": 0.9219306530690955, "params": {"C": 502.0302249719623, "epsilon": 0.15806213026390328, "gamma": 0.03927240371226478, "lamda": 0.1961771220916738}, "datetime": {"datetime": "2021-09-23 21:18:50", "elapsed": 92.243057, "delta": 0.988772}}
{"target": 0.9252819841250813, "params": {"C": 555.5703986780676, "epsilon": 0.6710967143611639, "gamma": 0.046244062723029965, "lamda": 0.006256140901094733}, "datetime": {"datetime": "2021-09-23 21:18:51", "elapsed": 93.421055, "delta": 1.177998}}
{"target": 0.9152501340277835, "params": {"C": 555.5791942238137, "epsilon": 0.6526824278842029, "gamma": 0.0576924913565365, "lamda": 0.0946999000396301}, "datetime": {"datetime": "2021-09-23 21:18:52", "elapsed": 94.281166, "delta": 0.860111}}
{"target": 0.9157409282552617, "params": {"C": 549.6804668844247, "epsilon": 0.2607956519883421, "gamma": 0.043715077692807774, "lamda": 0.257267554410696}, "datetime": {"datetime": "2021-09-23 21:18:53", "elapsed": 95.128166, "delta": 0.847}}
{"target": 0.9078576702920084, "params": {"C": 540.5007195047307, "epsilon": 0.05189476960415822, "gamma": 0.017522254964516572, "lamda": 0.07860460698810981}, "datetime": {"datetime": "2021-09-23 21:18:54", "elapsed": 96.111356, "delta": 0.98319}}
{"target": 0.8844376889057658, "params": {"C": 580.1139369423086, "epsilon": 0.9956743291897288, "gamma": 0.06649500833066253, "lamda": 0.3423435420132378}, "datetime": {"datetime": "2021-09-23 21:18:55", "elapsed": 96.958353, "delta": 0.846997}}
{"target": 0.9169010963033063, "params": {"C": 540.5797569854662, "epsilon": 0.07393719733113369, "gamma": 0.024844003398560736, "lamda": 0.23391607630217737}, "datetime": {"datetime": "2021-09-23 21:18:56", "elapsed": 97.954358, "delta": 0.996005}}
{"target": 0.9074203322593445, "params": {"C": 580.9285327299447, "epsilon": 0.24953022686291432, "gamma": 0.03174120971822739, "lamda": 0.3959755288598539}, "datetime": {"datetime": "2021-09-23 21:18:57", "elapsed": 98.889759, "delta": 0.935401}}
{"target": 0.9202231134776425, "params": {"C": 511.1174363678874, "epsilon": 0.15940624080733246, "gamma": 0.048832562763475626, "lamda": 0.23117264300962911}, "datetime": {"datetime": "2021-09-23 21:18:57", "elapsed": 99.638387, "delta": 0.748628}}
{"target": 0.9098333007840238, "params": {"C": 527.3766621241924, "epsilon": 0.8521469727564794, "gamma": 0.019353167449943268, "lamda": 0.002889736109050558}, "datetime": {"datetime": "2021-09-23 21:18:58", "elapsed": 100.715206, "delta": 1.076819}}
{"target": 0.925811215906391, "params": {"C": 523.1823366039636, "epsilon": 0.03908475312295995, "gamma": 0.03508256747544071, "lamda": 0.11277176397467954}, "datetime": {"datetime": "2021-09-23 21:19:00", "elapsed": 101.979632, "delta": 1.264426}}
{"target": 0.9066236474304508, "params": {"C": 524.8635369498862, "epsilon": 0.6836189943343498, "gamma": 0.05884154412193709, "lamda": 0.19195156509524197}, "datetime": {"datetime": "2021-09-23 21:19:01", "elapsed": 102.908877, "delta": 0.929245}}
{"target": 0.9112451754240869, "params": {"C": 559.5360307585267, "epsilon": 0.5427503498020761, "gamma": 0.04374978539374783, "lamda": 0.1862258772591661}, "datetime": {"datetime": "2021-09-23 21:19:01", "elapsed": 103.768874, "delta": 0.859997}}
{"target": 0.9126635791846655, "params": {"C": 540.5827845938746, "epsilon": 0.047165302704081175, "gamma": 0.023957381904198147, "lamda": 0.025153912951366597}, "datetime": {"datetime": "2021-09-23 21:19:03", "elapsed": 104.985674, "delta": 1.2168}}
{"target": 0.9146357117802992, "params": {"C": 523.2247699730711, "epsilon": 0.060919955333907566, "gamma": 0.022089988267485393, "lamda": 0.1970827110019342}, "datetime": {"datetime": "2021-09-23 21:19:04", "elapsed": 106.081358, "delta": 1.095684}}
{"target": 0.9249009291365583, "params": {"C": 527.6007055971384, "epsilon": 0.86893595086072, "gamma": 0.05303921426206303, "lamda": 0.011847181227620178}, "datetime": {"datetime": "2021-09-23 21:19:05", "elapsed": 107.130356, "delta": 1.048998}}
{"target": 0.9188164429411099, "params": {"C": 567.179029790354, "epsilon": 0.14742843030751573, "gamma": 0.043074157575042855, "lamda": 0.3183593243230231}, "datetime": {"datetime": "2021-09-23 21:19:06", "elapsed": 108.03971, "delta": 0.909354}}
{"target": 0.9090825503545429, "params": {"C": 564.0371939129145, "epsilon": 0.39169469302110815, "gamma": 0.028431534875895753, "lamda": 0.18950027108726103}, "datetime": {"datetime": "2021-09-23 21:19:06", "elapsed": 108.83993, "delta": 0.80022}}
{"target": 0.9208739293512823, "params": {"C": 544.9922281965173, "epsilon": 0.4739354918959173, "gamma": 0.04309066002339108, "lamda": 0.003562218891309467}, "datetime": {"datetime": "2021-09-23 21:19:08", "elapsed": 110.267743, "delta": 1.427813}}
{"target": 0.9221238062071959, "params": {"C": 566.3521184075544, "epsilon": 0.08554913479496651, "gamma": 0.038318571932351046, "lamda": 0.31882446189819685}, "datetime": {"datetime": "2021-09-23 21:19:09", "elapsed": 111.153799, "delta": 0.886056}}
{"target": 0.9198427711735219, "params": {"C": 540.5141238018886, "epsilon": 0.1402593645137249, "gamma": 0.027988630709639813, "lamda": 0.13973845435846433}, "datetime": {"datetime": "2021-09-23 21:19:10", "elapsed": 112.264937, "delta": 1.111138}}
{"target": 0.9162860436116025, "params": {"C": 527.5996240908685, "epsilon": 0.8489754967511511, "gamma": 0.048211392752293226, "lamda": 0.0746589550700124}, "datetime": {"datetime": "2021-09-23 21:19:11", "elapsed": 113.666936, "delta": 1.401999}}
{"target": 0.9268592397846311, "params": {"C": 559.5655427641274, "epsilon": 0.5431340454736073, "gamma": 0.041047371079207993, "lamda": 0.023488927162763792}, "datetime": {"datetime": "2021-09-23 21:19:12", "elapsed": 114.588221, "delta": 0.921285}}
{"target": 0.9248262231436063, "params": {"C": 522.9631468082865, "epsilon": 0.16992231297720856, "gamma": 0.05032351006243487, "lamda": 0.10662896832981852}, "datetime": {"datetime": "2021-09-23 21:19:13", "elapsed": 115.688462, "delta": 1.100241}}
{"target": 0.9111657920326962, "params": {"C": 599.9697940543525, "epsilon": 0.9413578200147077, "gamma": 0.05169587417401512, "lamda": 0.1074887568570277}, "datetime": {"datetime": "2021-09-23 21:19:15", "elapsed": 116.906037, "delta": 1.217575}}
{"target": 0.9016700956579842, "params": {"C": 538.9052162212209, "epsilon": 0.9706437187470232, "gamma": 0.046747562496621535, "lamda": 0.19747547043438402}, "datetime": {"datetime": "2021-09-23 21:19:16", "elapsed": 118.39904, "delta": 1.493003}}
{"target": 0.9217065988239113, "params": {"C": 535.5445355269599, "epsilon": 0.17998400187653382, "gamma": 0.054238940631976096, "lamda": 0.14901654730523006}, "datetime": {"datetime": "2021-09-23 21:19:17", "elapsed": 119.486039, "delta": 1.086999}}
{"target": 0.9106246833587827, "params": {"C": 522.9015361709874, "epsilon": 0.12658253276340992, "gamma": 0.01959964330421654, "lamda": 0.12596490085845885}, "datetime": {"datetime": "2021-09-23 21:19:18", "elapsed": 120.79856, "delta": 1.312521}}
{"target": 0.9253777303776748, "params": {"C": 559.6174450568268, "epsilon": 0.5771251866924969, "gamma": 0.03158092023183888, "lamda": 0.008822648058223678}, "datetime": {"datetime": "2021-09-23 21:19:20", "elapsed": 122.026558, "delta": 1.227998}}
{"target": 0.923633791626359, "params": {"C": 501.9894855296006, "epsilon": 0.06950512020403263, "gamma": 0.05709524233744702, "lamda": 0.12998370827443234}, "datetime": {"datetime": "2021-09-23 21:19:21", "elapsed": 123.315554, "delta": 1.288996}}
{"target": 0.902581668047146, "params": {"C": 546.232369041336, "epsilon": 0.8784011947375866, "gamma": 0.035864657870234413, "lamda": 0.18268796728063807}, "datetime": {"datetime": "2021-09-23 21:19:22", "elapsed": 124.287557, "delta": 0.972003}}
{"target": 0.9209111249715946, "params": {"C": 522.9911664703807, "epsilon": 0.2208375831781981, "gamma": 0.060370227747514646, "lamda": 0.10120998213296449}, "datetime": {"datetime": "2021-09-23 21:19:23", "elapsed": 125.386558, "delta": 1.099001}}
{"target": 0.8795026114683641, "params": {"C": 585.5073908311324, "epsilon": 0.4492766887690173, "gamma": 0.016580179125591267, "lamda": 0.372529342562119}, "datetime": {"datetime": "2021-09-23 21:19:24", "elapsed": 126.319558, "delta": 0.933}}
{"target": 0.9253203297195467, "params": {"C": 501.99721113429723, "epsilon": 0.13302998348704875, "gamma": 0.03964617807116811, "lamda": 0.1266824911802488}, "datetime": {"datetime": "2021-09-23 21:19:25", "elapsed": 127.710558, "delta": 1.391}}
