{"target": -1.9616217647475507, "params": {"C": 771.5977507785926, "epsilon": 0.06019882909604086, "gamma": 0.04120890090000288, "lamda": 0.06910496647809954}, "datetime": {"datetime": "2021-09-23 15:43:13", "elapsed": 902.529196, "delta": 7.15863}}
{"target": -1.9455428508009696, "params": {"C": 832.769482949916, "epsilon": 0.06235963901476853, "gamma": 0.03, "lamda": 0.1515237807789027}, "datetime": {"datetime": "2021-09-23 15:43:18", "elapsed": 907.684832, "delta": 5.155636}}
{"target": -2.0211942765194477, "params": {"C": 828.4505211617818, "epsilon": 0.04399494742839363, "gamma": 0.04241683938102872, "lamda": 0.060164946980772196}, "datetime": {"datetime": "2021-09-23 15:43:22", "elapsed": 911.929762, "delta": 4.24493}}
{"target": -1.9385065409905342, "params": {"C": 778.2738324717604, "epsilon": 0.09380465819541244, "gamma": 0.0347753077783572, "lamda": 0.11026495155907064}, "datetime": {"datetime": "2021-09-23 15:43:27", "elapsed": 916.964576, "delta": 5.034814}}
{"target": -2.0893984211085996, "params": {"C": 755.2704714249638, "epsilon": 0.5976757201955119, "gamma": 0.03625314840621484, "lamda": 0.1368491425875102}, "datetime": {"datetime": "2021-09-23 15:43:30", "elapsed": 920.269205, "delta": 3.304629}}
{"target": -1.9725320901972843, "params": {"C": 854.2222506617896, "epsilon": 0.04121452981655237, "gamma": 0.04118821869552362, "lamda": 0.09280709611261564}, "datetime": {"datetime": "2021-09-23 15:43:37", "elapsed": 926.41264, "delta": 6.143435}}
{"target": -1.9236519915894534, "params": {"C": 785.8802595297277, "epsilon": 0.05578968432900795, "gamma": 0.03632527293602561, "lamda": 0.10583263317360991}, "datetime": {"datetime": "2021-09-23 15:43:41", "elapsed": 930.400647, "delta": 3.988007}}
{"target": -1.9795917249202715, "params": {"C": 838.0623097431766, "epsilon": 0.09809783637437741, "gamma": 0.031261147730197204, "lamda": 0.15460697262898332}, "datetime": {"datetime": "2021-09-23 15:43:45", "elapsed": 934.53991, "delta": 4.139263}}
{"target": -2.039073284236578, "params": {"C": 854.3174233719927, "epsilon": 0.030428782640973692, "gamma": 0.04834859873531043, "lamda": 0.10535518774741616}, "datetime": {"datetime": "2021-09-23 15:43:53", "elapsed": 943.233677, "delta": 8.693767}}
{"target": -1.957905144477521, "params": {"C": 853.7680007070853, "epsilon": 0.10330488956335575, "gamma": 0.03772943486853222, "lamda": 0.11978613907693289}, "datetime": {"datetime": "2021-09-23 15:43:58", "elapsed": 947.718779, "delta": 4.485102}}
{"target": -2.037766692446048, "params": {"C": 780.8730978058015, "epsilon": 0.07403444975037393, "gamma": 0.04083600435808828, "lamda": 0.026579870836064452}, "datetime": {"datetime": "2021-09-23 15:44:04", "elapsed": 954.203443, "delta": 6.484664}}
{"target": -1.957137605158276, "params": {"C": 806.7287318349149, "epsilon": 0.213810354102634, "gamma": 0.04525675169307586, "lamda": 0.04457655420931596}, "datetime": {"datetime": "2021-09-23 15:44:08", "elapsed": 958.355192, "delta": 4.151749}}
{"target": -1.9272802594773715, "params": {"C": 757.2046242000354, "epsilon": 0.4248403743587289, "gamma": 0.038050461836131276, "lamda": 0.018821695061569284}, "datetime": {"datetime": "2021-09-23 15:44:14", "elapsed": 963.586179, "delta": 5.230987}}
{"target": -1.9181933865709893, "params": {"C": 704.6449120913873, "epsilon": 0.10318125240137085, "gamma": 0.03, "lamda": 0.050200610848688654}, "datetime": {"datetime": "2021-09-23 15:44:19", "elapsed": 968.718446, "delta": 5.132267}}
{"target": -1.954619501032175, "params": {"C": 832.7154877890105, "epsilon": 0.08027359986567953, "gamma": 0.04153773042568572, "lamda": 0.13533164747655552}, "datetime": {"datetime": "2021-09-23 15:44:23", "elapsed": 972.861676, "delta": 4.14323}}
{"target": -2.0406335317820417, "params": {"C": 719.4640937689758, "epsilon": 0.7761620579115258, "gamma": 0.04696020148204709, "lamda": 0.07449719805169817}, "datetime": {"datetime": "2021-09-23 15:44:27", "elapsed": 977.219601, "delta": 4.357925}}
{"target": -1.9395880224554503, "params": {"C": 778.4439432885905, "epsilon": 0.05370794425722291, "gamma": 0.03906141823617924, "lamda": 0.09269541796039643}, "datetime": {"datetime": "2021-09-23 15:44:32", "elapsed": 982.233007, "delta": 5.013406}}
{"target": -1.9952528609655638, "params": {"C": 812.4792458464683, "epsilon": 0.1614586770996867, "gamma": 0.03754925383288584, "lamda": 0.15371530409599682}, "datetime": {"datetime": "2021-09-23 15:44:35", "elapsed": 985.344092, "delta": 3.111085}}
{"target": -2.047742878399417, "params": {"C": 704.694464189679, "epsilon": 0.07464264649135086, "gamma": 0.04579419238108916, "lamda": 0.03142658854728327}, "datetime": {"datetime": "2021-09-23 15:44:43", "elapsed": 992.805114, "delta": 7.461022}}
{"target": -2.0342305502444624, "params": {"C": 827.0051797652224, "epsilon": 0.6814831678670634, "gamma": 0.03972533820418554, "lamda": 0.0701235546058131}, "datetime": {"datetime": "2021-09-23 15:44:47", "elapsed": 996.411222, "delta": 3.606108}}
{"target": -1.9833262312416278, "params": {"C": 720.7291676018781, "epsilon": 0.03183725600404967, "gamma": 0.03137033325664448, "lamda": 0.07682080821667656}, "datetime": {"datetime": "2021-09-23 15:44:51", "elapsed": 1001.155627, "delta": 4.744405}}
{"target": -2.0555091660125795, "params": {"C": 778.4749667937919, "epsilon": 0.195523305176311, "gamma": 0.05, "lamda": 0.015489657669597095}, "datetime": {"datetime": "2021-09-23 15:44:58", "elapsed": 1008.201399, "delta": 7.045772}}
{"target": -1.9519756496676517, "params": {"C": 785.8405158432452, "epsilon": 0.06475166891282966, "gamma": 0.04399733787543446, "lamda": 0.10696414303080637}, "datetime": {"datetime": "2021-09-23 15:45:05", "elapsed": 1015.188507, "delta": 6.987108}}
{"target": -2.0541720131607963, "params": {"C": 719.0328412297354, "epsilon": 0.379664933331862, "gamma": 0.04891924412263124, "lamda": 0.1826152294679747}, "datetime": {"datetime": "2021-09-23 15:45:09", "elapsed": 1018.64741, "delta": 3.458903}}
{"target": -1.9665842783792573, "params": {"C": 704.627166531032, "epsilon": 0.11981645558276778, "gamma": 0.047230459930306876, "lamda": 0.05720057079466734}, "datetime": {"datetime": "2021-09-23 15:45:15", "elapsed": 1024.62562, "delta": 5.97821}}
{"target": -1.9519506815952392, "params": {"C": 704.3642969408859, "epsilon": 0.06471014172303219, "gamma": 0.033380950144505185, "lamda": 0.1827010302866819}, "datetime": {"datetime": "2021-09-23 15:45:20", "elapsed": 1029.488525, "delta": 4.862905}}
{"target": -2.004729406280649, "params": {"C": 834.4172348240593, "epsilon": 0.16317876666932793, "gamma": 0.04555961721547633, "lamda": 0.18001750201569117}, "datetime": {"datetime": "2021-09-23 15:45:23", "elapsed": 1032.976643, "delta": 3.488118}}
{"target": -1.9959405168835405, "params": {"C": 865.6591118545366, "epsilon": 0.12462807732111954, "gamma": 0.03884226788513053, "lamda": 0.1807147780453543}, "datetime": {"datetime": "2021-09-23 15:45:26", "elapsed": 1036.086083, "delta": 3.10944}}
{"target": -2.048065026038623, "params": {"C": 829.077876866938, "epsilon": 0.28588500620022483, "gamma": 0.032320562651909475, "lamda": 0.15637210413477626}, "datetime": {"datetime": "2021-09-23 15:45:30", "elapsed": 1039.57349, "delta": 3.487407}}
{"target": -1.9883407359106924, "params": {"C": 846.5127480813557, "epsilon": 0.793666457150607, "gamma": 0.04142725380618189, "lamda": 0.023984697458188032}, "datetime": {"datetime": "2021-09-23 15:45:33", "elapsed": 1043.17856, "delta": 3.60507}}
{"target": -1.994349873860211, "params": {"C": 850.9180681782086, "epsilon": 0.453248145374859, "gamma": 0.043081563587787156, "lamda": 0.05937850607817066}, "datetime": {"datetime": "2021-09-23 15:45:37", "elapsed": 1046.837723, "delta": 3.659163}}
{"target": -2.0291782449733144, "params": {"C": 860.7207666147758, "epsilon": 0.3327410417857001, "gamma": 0.04879533947496602, "lamda": 0.15678105679099164}, "datetime": {"datetime": "2021-09-23 15:45:41", "elapsed": 1050.454912, "delta": 3.617189}}
{"target": -1.940796162673161, "params": {"C": 720.6790063556178, "epsilon": 0.14118737269542087, "gamma": 0.04202644398827599, "lamda": 0.07314138845127797}, "datetime": {"datetime": "2021-09-23 15:45:49", "elapsed": 1058.552901, "delta": 8.097989}}
{"target": -1.9522928825409362, "params": {"C": 772.1296817539493, "epsilon": 0.11468675762002839, "gamma": 0.044690215263232094, "lamda": 0.06944733427901807}, "datetime": {"datetime": "2021-09-23 15:45:55", "elapsed": 1065.07509, "delta": 6.522189}}
{"target": -2.0721206277576925, "params": {"C": 793.3417508777538, "epsilon": 0.47293456877640405, "gamma": 0.04629136036096701, "lamda": 0.17451872574893218}, "datetime": {"datetime": "2021-09-23 15:45:59", "elapsed": 1068.989941, "delta": 3.914851}}
{"target": -1.9995486407986587, "params": {"C": 864.5820803088251, "epsilon": 0.3724491482735842, "gamma": 0.04736217763824066, "lamda": 0.08194469944353856}, "datetime": {"datetime": "2021-09-23 15:46:03", "elapsed": 1072.882167, "delta": 3.892226}}
{"target": -1.9421489877824714, "params": {"C": 704.3063008820778, "epsilon": 0.0748629678115732, "gamma": 0.04338927876002407, "lamda": 0.11555920938183971}, "datetime": {"datetime": "2021-09-23 15:46:11", "elapsed": 1080.52946, "delta": 7.647293}}
{"target": -2.0328814584324255, "params": {"C": 881.704386330987, "epsilon": 0.47406977402937045, "gamma": 0.032091724525525306, "lamda": 0.07707873988282116}, "datetime": {"datetime": "2021-09-23 15:46:15", "elapsed": 1084.456943, "delta": 3.927483}}
{"target": -1.9669059432029965, "params": {"C": 726.9548822842629, "epsilon": 0.2756793347245546, "gamma": 0.046664592294040165, "lamda": 0.024632988504836188}, "datetime": {"datetime": "2021-09-23 15:46:19", "elapsed": 1089.178239, "delta": 4.721296}}
{"target": -1.9344487770234813, "params": {"C": 768.5026783783331, "epsilon": 0.11824319674524504, "gamma": 0.03628179715920179, "lamda": 0.08565408298422227}, "datetime": {"datetime": "2021-09-23 15:46:23", "elapsed": 1092.500645, "delta": 3.322406}}
{"target": -1.9363817343042276, "params": {"C": 757.316912767318, "epsilon": 0.3114357450571976, "gamma": 0.03489627397609383, "lamda": 0.03588118946516461}, "datetime": {"datetime": "2021-09-23 15:46:28", "elapsed": 1097.526944, "delta": 5.026299}}
{"target": -2.0402981224003587, "params": {"C": 848.9941611894336, "epsilon": 0.24902189705313618, "gamma": 0.03829807542980801, "lamda": 0.19622725122332035}, "datetime": {"datetime": "2021-09-23 15:46:31", "elapsed": 1100.605706, "delta": 3.078762}}
{"target": -1.9179611367126121, "params": {"C": 785.9065821296899, "epsilon": 0.06827595759126931, "gamma": 0.03070960758676342, "lamda": 0.0880462576986445}, "datetime": {"datetime": "2021-09-23 15:46:36", "elapsed": 1105.767603, "delta": 5.161897}}
{"target": -1.9246801653088987, "params": {"C": 772.0874501431924, "epsilon": 0.0727233768354889, "gamma": 0.03060014012448801, "lamda": 0.105745483206913}, "datetime": {"datetime": "2021-09-23 15:46:43", "elapsed": 1112.694506, "delta": 6.926903}}
{"target": -1.9229926821831658, "params": {"C": 772.0404115475841, "epsilon": 0.04528185456802583, "gamma": 0.03641636247242147, "lamda": 0.14469682057621885}, "datetime": {"datetime": "2021-09-23 15:46:49", "elapsed": 1118.787396, "delta": 6.09289}}
{"target": -2.024510932225283, "params": {"C": 829.6919959962459, "epsilon": 0.7983013388326935, "gamma": 0.0488666083013167, "lamda": 0.06018159758444718}, "datetime": {"datetime": "2021-09-23 15:46:52", "elapsed": 1122.301049, "delta": 3.513653}}
{"target": -2.1446307893917176, "params": {"C": 711.680881069365, "epsilon": 0.7012702429454842, "gamma": 0.03605685766429017, "lamda": 0.1683071518057513}, "datetime": {"datetime": "2021-09-23 15:46:56", "elapsed": 1126.028067, "delta": 3.727018}}
{"target": -1.9258275082016432, "params": {"C": 704.4496187621992, "epsilon": 0.03668567628115607, "gamma": 0.03145006140480783, "lamda": 0.18186439399878468}, "datetime": {"datetime": "2021-09-23 15:47:01", "elapsed": 1130.9706, "delta": 4.942533}}
{"target": -1.9963824025846615, "params": {"C": 772.3538592730438, "epsilon": 0.2945875102298037, "gamma": 0.04654350558223869, "lamda": 0.09400243644739006}, "datetime": {"datetime": "2021-09-23 15:47:05", "elapsed": 1135.091024, "delta": 4.120424}}
{"target": -2.1006716319093606, "params": {"C": 879.9962260764876, "epsilon": 0.6286379661161681, "gamma": 0.03806328682901249, "lamda": 0.15012632667815917}, "datetime": {"datetime": "2021-09-23 15:47:09", "elapsed": 1138.755818, "delta": 3.664794}}
{"target": -1.9331146216127788, "params": {"C": 477.1320643266746, "epsilon": 0.045979001006739156, "gamma": 0.04267296469852551, "lamda": 0.1535287182696432}, "datetime": {"datetime": "2021-09-23 15:56:07", "elapsed": 0.0, "delta": 0.0}}
{"target": -2.009690640961003, "params": {"C": 449.85070123025906, "epsilon": 0.2030934170587527, "gamma": 0.033961257295192476, "lamda": 0.15569818175680739}, "datetime": {"datetime": "2021-09-23 15:56:07", "elapsed": 0.671867, "delta": 0.671867}}
{"target": -1.9628988176290847, "params": {"C": 416.91108365625354, "epsilon": 0.09802165691398791, "gamma": 0.04370719636735595, "lamda": 0.19137776904606324}, "datetime": {"datetime": "2021-09-23 15:56:09", "elapsed": 2.212867, "delta": 1.541}}
{"target": -2.034517027166396, "params": {"C": 400.3948266327914, "epsilon": 0.424388042807048, "gamma": 0.04625241923304227, "lamda": 0.1283173223634368}, "datetime": {"datetime": "2021-09-23 15:56:09", "elapsed": 2.799463, "delta": 0.586596}}
{"target": -2.0112035642219404, "params": {"C": 472.17553174317993, "epsilon": 0.25474457249138754, "gamma": 0.04835548245025887, "lamda": 0.14719651992857274}, "datetime": {"datetime": "2021-09-23 15:56:10", "elapsed": 3.343463, "delta": 0.544}}
{"target": -1.923830572655481, "params": {"C": 423.0032630935819, "epsilon": 0.17634257757555297, "gamma": 0.03937778178824782, "lamda": 0.03954596044505552}, "datetime": {"datetime": "2021-09-23 15:56:11", "elapsed": 4.220464, "delta": 0.877001}}
{"target": -1.9991674577261076, "params": {"C": 426.08205775580313, "epsilon": 0.18194076743267337, "gamma": 0.03177117718326908, "lamda": 0.15198572813286126}, "datetime": {"datetime": "2021-09-23 15:56:12", "elapsed": 4.836677, "delta": 0.616213}}
{"target": -2.019123879227107, "params": {"C": 422.9749509008785, "epsilon": 0.2034305220712356, "gamma": 0.042834768416423835, "lamda": 0.19548582448902002}, "datetime": {"datetime": "2021-09-23 15:56:12", "elapsed": 5.574677, "delta": 0.738}}
{"target": -1.9262714099090241, "params": {"C": 402.04460085997613, "epsilon": 0.07935692364609709, "gamma": 0.041651143475872926, "lamda": 0.09256197385229582}, "datetime": {"datetime": "2021-09-23 15:56:15", "elapsed": 8.093055, "delta": 2.518378}}
{"target": -2.117209490879749, "params": {"C": 461.00006158382155, "epsilon": 0.7401596175735479, "gamma": 0.04418943290921279, "lamda": 0.15391556586105132}, "datetime": {"datetime": "2021-09-23 15:56:17", "elapsed": 10.220615, "delta": 2.12756}}
{"target": -2.1033580257948734, "params": {"C": 482.5299487076842, "epsilon": 0.4403942038154177, "gamma": 0.03462350121356341, "lamda": 0.1944426266171042}, "datetime": {"datetime": "2021-09-23 15:56:19", "elapsed": 11.839547, "delta": 1.618932}}
{"target": -2.0029295933326816, "params": {"C": 476.42973138834697, "epsilon": 0.34463737821210894, "gamma": 0.040387883902764696, "lamda": 0.09457316424777312}, "datetime": {"datetime": "2021-09-23 15:56:19", "elapsed": 12.629792, "delta": 0.790245}}
{"target": -1.9084875257251213, "params": {"C": 404.09639871059574, "epsilon": 0.20440559656503746, "gamma": 0.036512935346206, "lamda": 0.049841363668486134}, "datetime": {"datetime": "2021-09-23 15:56:20", "elapsed": 13.621798, "delta": 0.992006}}
{"target": -1.9882289782883857, "params": {"C": 475.50219161752665, "epsilon": 0.36113267586012987, "gamma": 0.0388396330501528, "lamda": 0.07789432777741177}, "datetime": {"datetime": "2021-09-23 15:56:21", "elapsed": 14.307749, "delta": 0.685951}}
{"target": -2.039569703759266, "params": {"C": 466.9640463280969, "epsilon": 0.2241331010445471, "gamma": 0.03405114695658815, "lamda": 0.1911412579666808}, "datetime": {"datetime": "2021-09-23 15:56:22", "elapsed": 15.000386, "delta": 0.692637}}
{"target": -2.0294922986563377, "params": {"C": 471.58790678631374, "epsilon": 0.23607883180539813, "gamma": 0.03181192496679491, "lamda": 0.1445859736378453}, "datetime": {"datetime": "2021-09-23 15:56:23", "elapsed": 16.764876, "delta": 1.76449}}
{"target": -1.968846410705043, "params": {"C": 423.459809274584, "epsilon": 0.13033105260711225, "gamma": 0.04088460884380904, "lamda": 0.16850639176570043}, "datetime": {"datetime": "2021-09-23 15:56:24", "elapsed": 17.808877, "delta": 1.044001}}
{"target": -1.9215434646875802, "params": {"C": 440.4923870071983, "epsilon": 0.06387259037495396, "gamma": 0.04180871813681254, "lamda": 0.1483420387753896}, "datetime": {"datetime": "2021-09-23 15:56:25", "elapsed": 18.760027, "delta": 0.95115}}
{"target": -2.0559384055501573, "params": {"C": 447.8929068150799, "epsilon": 0.35854334494940265, "gamma": 0.042785648829363976, "lamda": 0.19196682298601803}, "datetime": {"datetime": "2021-09-23 15:56:26", "elapsed": 19.56703, "delta": 0.807003}}
{"target": -2.0510601066326584, "params": {"C": 427.89828291322067, "epsilon": 0.38961824150456126, "gamma": 0.03290145790809766, "lamda": 0.12363362703794602}, "datetime": {"datetime": "2021-09-23 15:56:27", "elapsed": 20.411652, "delta": 0.844622}}
{"target": -2.080557768428826, "params": {"C": 462.7349716670028, "epsilon": 0.673361320458953, "gamma": 0.040003578088289984, "lamda": 0.12604299179833742}, "datetime": {"datetime": "2021-09-23 15:56:29", "elapsed": 22.486398, "delta": 2.074746}}
{"target": -1.9136048330558653, "params": {"C": 464.0049772812877, "epsilon": 0.23320475307773758, "gamma": 0.033119483823262796, "lamda": 0.04460756352440365}, "datetime": {"datetime": "2021-09-23 15:56:30", "elapsed": 23.594355, "delta": 1.107957}}
{"target": -1.9610387234866231, "params": {"C": 406.38042134493975, "epsilon": 0.3275331780082573, "gamma": 0.049758962780211385, "lamda": 0.055266040763469346}, "datetime": {"datetime": "2021-09-23 15:56:31", "elapsed": 24.649722, "delta": 1.055367}}
{"target": -2.008582891025042, "params": {"C": 446.9411483866361, "epsilon": 0.7748225362254351, "gamma": 0.03894200004920614, "lamda": 0.04455561087512111}, "datetime": {"datetime": "2021-09-23 15:56:32", "elapsed": 25.714459, "delta": 1.064737}}
{"target": -1.9533674792762339, "params": {"C": 453.13582666571665, "epsilon": 0.1815248173166364, "gamma": 0.04888876933332336, "lamda": 0.05169439608690946}, "datetime": {"datetime": "2021-09-23 15:56:33", "elapsed": 26.720553, "delta": 1.006094}}
{"target": -1.9946982418284351, "params": {"C": 431.0531120073656, "epsilon": 0.28820963773933184, "gamma": 0.04993621847659584, "lamda": 0.09784656942759072}, "datetime": {"datetime": "2021-09-23 15:56:35", "elapsed": 28.533698, "delta": 1.813145}}
{"target": -2.0029603016373017, "params": {"C": 409.0656933701262, "epsilon": 0.23191673580351896, "gamma": 0.03127233908840403, "lamda": 0.12360083877071107}, "datetime": {"datetime": "2021-09-23 15:56:37", "elapsed": 30.10126, "delta": 1.567562}}
{"target": -2.1216902983636734, "params": {"C": 466.8015725535853, "epsilon": 0.7568524303146364, "gamma": 0.047957811399000405, "lamda": 0.15369075456057396}, "datetime": {"datetime": "2021-09-23 15:56:38", "elapsed": 30.896128, "delta": 0.794868}}
{"target": -1.9884902379247746, "params": {"C": 470.9711509351624, "epsilon": 0.1902890738134187, "gamma": 0.04280005037025712, "lamda": 0.13592622842255803}, "datetime": {"datetime": "2021-09-23 15:56:39", "elapsed": 31.979128, "delta": 1.083}}
{"target": -2.072319566358247, "params": {"C": 459.20859533230794, "epsilon": 0.6291917669745072, "gamma": 0.04673521460717415, "lamda": 0.13244447955369848}, "datetime": {"datetime": "2021-09-23 15:56:42", "elapsed": 34.857079, "delta": 2.877951}}
{"target": -1.929041669678199, "params": {"C": 428.6253528746555, "epsilon": 0.39651198138236965, "gamma": 0.030118692861417093, "lamda": 0.017277369134879827}, "datetime": {"datetime": "2021-09-23 15:56:44", "elapsed": 36.971953, "delta": 2.114874}}
{"target": -2.0886805199284892, "params": {"C": 405.2145394533342, "epsilon": 0.5069102817165249, "gamma": 0.03011822124817196, "lamda": 0.12239141520718927}, "datetime": {"datetime": "2021-09-23 15:56:46", "elapsed": 39.285704, "delta": 2.313751}}
{"target": -1.9555870301356375, "params": {"C": 416.2256026659674, "epsilon": 0.20668598045160957, "gamma": 0.03692415887617266, "lamda": 0.018671011154753055}, "datetime": {"datetime": "2021-09-23 15:56:48", "elapsed": 41.001854, "delta": 1.71615}}
{"target": -2.0023428212200423, "params": {"C": 467.8109854544266, "epsilon": 0.5314503189206546, "gamma": 0.046223596456305624, "lamda": 0.06191450953500922}, "datetime": {"datetime": "2021-09-23 15:56:50", "elapsed": 43.191988, "delta": 2.190134}}
{"target": -2.1599760190310384, "params": {"C": 439.09251296156145, "epsilon": 0.6756048177603097, "gamma": 0.03652672950126326, "lamda": 0.19336873239807195}, "datetime": {"datetime": "2021-09-23 15:56:57", "elapsed": 50.778756, "delta": 7.586768}}
{"target": -2.1257303004976165, "params": {"C": 401.94620438098843, "epsilon": 0.5458288567829831, "gamma": 0.03606856706442492, "lamda": 0.19402632244020301}, "datetime": {"datetime": "2021-09-23 15:56:59", "elapsed": 52.793899, "delta": 2.015143}}
{"target": -1.9221924928991847, "params": {"C": 466.36412154617176, "epsilon": 0.05141455004348824, "gamma": 0.04103033423814406, "lamda": 0.16438228011857225}, "datetime": {"datetime": "2021-09-23 15:57:02", "elapsed": 55.40161, "delta": 2.607711}}
{"target": -1.9700254836924604, "params": {"C": 400.3120631652827, "epsilon": 0.4185253215747763, "gamma": 0.042205488589562405, "lamda": 0.06072714661148641}, "datetime": {"datetime": "2021-09-23 15:57:04", "elapsed": 56.955595, "delta": 1.553985}}
