{"target": 0.9281443485485309, "params": {"C": 1478.696628292382, "epsilon": 0.5431340454736073, "gamma": 0.041047371079207993, "lamda": 0.023488927162763792}, "datetime": {"datetime": "2021-09-24 08:22:00", "elapsed": 116.851707, "delta": 0.982483}}
{"target": 0.9016846374884147, "params": {"C": 1348.499785572275, "epsilon": 0.08430931996356639, "gamma": 0.01198035024473188, "lamda": 0.18377578846921727}, "datetime": {"datetime": "2021-09-24 08:22:01", "elapsed": 117.825479, "delta": 0.973772}}
{"target": 0.9111657920326962, "params": {"C": 1599.9093821630577, "epsilon": 0.9413578200147077, "gamma": 0.05169587417401512, "lamda": 0.1074887568570277}, "datetime": {"datetime": "2021-09-24 08:22:02", "elapsed": 118.809235, "delta": 0.983756}}
{"target": 0.9016700956579842, "params": {"C": 1416.715648663663, "epsilon": 0.9706437187470232, "gamma": 0.046747562496621535, "lamda": 0.19747547043438402}, "datetime": {"datetime": "2021-09-24 08:22:03", "elapsed": 119.905323, "delta": 1.096088}}
{"target": 0.9217065988239113, "params": {"C": 1406.6336065808796, "epsilon": 0.17998400187653382, "gamma": 0.054238940631976096, "lamda": 0.14901654730523006}, "datetime": {"datetime": "2021-09-24 08:22:04", "elapsed": 120.868529, "delta": 0.963206}}
{"target": 0.9138255001244273, "params": {"C": 1348.5816865666307, "epsilon": 0.12986085023085725, "gamma": 0.06949530780858856, "lamda": 0.302815473388916}, "datetime": {"datetime": "2021-09-24 08:22:05", "elapsed": 121.918044, "delta": 1.049515}}
{"target": 0.9191066901625183, "params": {"C": 1531.4505779963467, "epsilon": 0.0805567375841846, "gamma": 0.059400117659707936, "lamda": 0.32654065818377037}, "datetime": {"datetime": "2021-09-24 08:22:06", "elapsed": 122.907053, "delta": 0.989009}}
{"target": 0.9227209085458851, "params": {"C": 1305.9684565888017, "epsilon": 0.06950512020403263, "gamma": 0.05709524233744702, "lamda": 0.12998370827443234}, "datetime": {"datetime": "2021-09-24 08:22:08", "elapsed": 124.075792, "delta": 1.168739}}
{"target": 0.902581668047146, "params": {"C": 1438.6971071240082, "epsilon": 0.8784011947375866, "gamma": 0.035864657870234413, "lamda": 0.18268796728063807}, "datetime": {"datetime": "2021-09-24 08:22:09", "elapsed": 125.007198, "delta": 0.931406}}
{"target": 0.9285256039839327, "params": {"C": 1306.073786716073, "epsilon": 0.05254833754054942, "gamma": 0.03837657745455619, "lamda": 0.06438028490842986}, "datetime": {"datetime": "2021-09-24 08:22:10", "elapsed": 126.143371, "delta": 1.136173}}
{"target": 0.8795026114683641, "params": {"C": 1556.522172493397, "epsilon": 0.4492766887690173, "gamma": 0.016580179125591267, "lamda": 0.372529342562119}, "datetime": {"datetime": "2021-09-24 08:22:11", "elapsed": 127.173702, "delta": 1.030331}}
{"target": 0.9174367161562146, "params": {"C": 1348.4783000115754, "epsilon": 0.14563516208252575, "gamma": 0.054827847019566466, "lamda": 0.32168393569439696}, "datetime": {"datetime": "2021-09-24 08:22:12", "elapsed": 128.218628, "delta": 1.044926}}
{"target": 0.9266924010449917, "params": {"C": 1348.7283776331797, "epsilon": 0.33520721019459154, "gamma": 0.049263292362128404, "lamda": 0.030624675829434983}, "datetime": {"datetime": "2021-09-24 08:22:13", "elapsed": 129.301151, "delta": 1.082523}}
{"target": 0.906275640281266, "params": {"C": 1488.2276323921792, "epsilon": 0.3693580054067216, "gamma": 0.02634467881683837, "lamda": 0.21723529157773994}, "datetime": {"datetime": "2021-09-24 08:22:14", "elapsed": 130.235442, "delta": 0.934291}}
{"target": 0.9012781951347039, "params": {"C": 1500.4535570746377, "epsilon": 0.06715517862833562, "gamma": 0.059503764884928985, "lamda": 0.041542150507770034}, "datetime": {"datetime": "2021-09-24 08:22:15", "elapsed": 131.229163, "delta": 0.993721}}
{"target": 0.9209460355868597, "params": {"C": 1416.6701369544103, "epsilon": 0.3401515195022249, "gamma": 0.0434942823660553, "lamda": 0.11052632772186367}, "datetime": {"datetime": "2021-09-24 08:22:16", "elapsed": 132.179272, "delta": 0.950109}}
{"target": 0.9180219907159092, "params": {"C": 1348.7184174639092, "epsilon": 0.2428513380837252, "gamma": 0.0669855096989333, "lamda": 0.10109020817524599}, "datetime": {"datetime": "2021-09-24 08:22:17", "elapsed": 133.154806, "delta": 0.975534}}
{"target": 0.9094989682902217, "params": {"C": 1306.0254401550917, "epsilon": 0.032501283246979165, "gamma": 0.014360577167617072, "lamda": 0.17694436070516262}, "datetime": {"datetime": "2021-09-24 08:22:18", "elapsed": 134.255379, "delta": 1.100573}}
{"target": 0.9001106003032638, "params": {"C": 1478.6924202035566, "epsilon": 0.4808969696215799, "gamma": 0.04713946995633355, "lamda": 0.0015373499918109438}, "datetime": {"datetime": "2021-09-24 08:22:19", "elapsed": 135.817945, "delta": 1.562566}}
{"target": 0.9233022700689032, "params": {"C": 1348.6322455447641, "epsilon": 0.2090039877170819, "gamma": 0.049262396468324685, "lamda": 0.12043510896636844}, "datetime": {"datetime": "2021-09-24 08:22:21", "elapsed": 137.037712, "delta": 1.219767}}
{"target": 0.9050601992248536, "params": {"C": 1367.7779020805863, "epsilon": 0.32457291701885715, "gamma": 0.01543303373614053, "lamda": 0.07576606202550804}, "datetime": {"datetime": "2021-09-24 08:22:22", "elapsed": 138.549484, "delta": 1.511772}}
{"target": 0.9146788825614072, "params": {"C": 1493.7297852294787, "epsilon": 0.18578780875497816, "gamma": 0.03830070175886905, "lamda": 0.371737462306453}, "datetime": {"datetime": "2021-09-24 08:22:23", "elapsed": 139.493783, "delta": 0.944299}}
{"target": 0.9206091904259561, "params": {"C": 1305.9342127935781, "epsilon": 0.1785036226309244, "gamma": 0.04658692575746354, "lamda": 0.20645666526431436}, "datetime": {"datetime": "2021-09-24 08:22:24", "elapsed": 140.546353, "delta": 1.05257}}
{"target": 0.9079118173409552, "params": {"C": 1348.6866614250089, "epsilon": 0.3487400739609293, "gamma": 0.05737505734199799, "lamda": 0.009465542373119275}, "datetime": {"datetime": "2021-09-24 08:22:25", "elapsed": 141.736355, "delta": 1.190002}}
{"target": 0.9211582309307021, "params": {"C": 1301.0126215528837, "epsilon": 0.13815203910770157, "gamma": 0.05647117480349506, "lamda": 0.18408296354879608}, "datetime": {"datetime": "2021-09-24 08:22:26", "elapsed": 142.742226, "delta": 1.005871}}
{"target": 0.8858917479197321, "params": {"C": 1431.9952107133863, "epsilon": 0.4931173356156091, "gamma": 0.01196216228611379, "lamda": 0.11943465573625682}, "datetime": {"datetime": "2021-09-24 08:22:27", "elapsed": 143.733409, "delta": 0.991183}}
{"target": 0.9217382127712928, "params": {"C": 1305.9963965440634, "epsilon": 0.22485495354028762, "gamma": 0.058576131529001325, "lamda": 0.09508584845018514}, "datetime": {"datetime": "2021-09-24 08:22:29", "elapsed": 145.292346, "delta": 1.558937}}
{"target": 0.9066054105484423, "params": {"C": 1321.9088190094692, "epsilon": 0.9168420432300616, "gamma": 0.06438177597614335, "lamda": 0.1303446318282557}, "datetime": {"datetime": "2021-09-24 08:22:30", "elapsed": 146.297866, "delta": 1.00552}}
{"target": 0.8792506735462944, "params": {"C": 1448.1548831955458, "epsilon": 0.8019920863470515, "gamma": 0.011360563424432047, "lamda": 0.10186944481795716}, "datetime": {"datetime": "2021-09-24 08:22:31", "elapsed": 147.284505, "delta": 0.986639}}
{"target": 0.9201770212761585, "params": {"C": 1306.0677887822278, "epsilon": 0.10590321600075558, "gamma": 0.06062104527141215, "lamda": 0.21207193721020218}, "datetime": {"datetime": "2021-09-24 08:22:32", "elapsed": 148.247836, "delta": 0.963331}}
{"target": 0.9246993358368208, "params": {"C": 1500.5013413746453, "epsilon": 0.22054613889979316, "gamma": 0.034909326436445474, "lamda": 0.09409054807131616}, "datetime": {"datetime": "2021-09-24 08:22:33", "elapsed": 149.422934, "delta": 1.175098}}
{"target": 0.9096224274807506, "params": {"C": 1534.6707737396448, "epsilon": 0.8825338918417113, "gamma": 0.04352623366631094, "lamda": 0.12991968158693193}, "datetime": {"datetime": "2021-09-24 08:22:34", "elapsed": 150.377991, "delta": 0.955057}}
{"target": 0.923587598522197, "params": {"C": 1484.0598861674587, "epsilon": 0.5555438076395907, "gamma": 0.04303483696326408, "lamda": 0.048108682927731766}, "datetime": {"datetime": "2021-09-24 08:22:35", "elapsed": 151.319569, "delta": 0.941578}}
{"target": 0.9022558655925347, "params": {"C": 1348.664766364177, "epsilon": 0.13689044940259062, "gamma": 0.013857950463251764, "lamda": 0.1710071727243147}, "datetime": {"datetime": "2021-09-24 08:22:36", "elapsed": 152.63203, "delta": 1.312461}}
{"target": 0.915426853350278, "params": {"C": 1383.5521411715156, "epsilon": 0.9659241571484438, "gamma": 0.04109002458193385, "lamda": 0.0692406859728594}, "datetime": {"datetime": "2021-09-24 08:22:37", "elapsed": 153.784635, "delta": 1.152605}}
{"target": 0.8990294432846726, "params": {"C": 1343.2074850975137, "epsilon": 0.60767133708906, "gamma": 0.05681738717212499, "lamda": 0.3374657420211903}, "datetime": {"datetime": "2021-09-24 08:22:38", "elapsed": 154.772379, "delta": 0.987744}}
{"target": 0.9190536093200065, "params": {"C": 1459.380488279671, "epsilon": 0.039765067552703134, "gamma": 0.019041178344057653, "lamda": 0.18095388631656656}, "datetime": {"datetime": "2021-09-24 08:22:40", "elapsed": 156.211558, "delta": 1.439179}}
{"target": 0.9282429554175823, "params": {"C": 1500.5447424824667, "epsilon": 0.15042764368165149, "gamma": 0.04470506813557438, "lamda": 0.04796298978555732}, "datetime": {"datetime": "2021-09-24 08:22:41", "elapsed": 157.596159, "delta": 1.384601}}
{"target": 0.9152732227963579, "params": {"C": 1531.3089986916, "epsilon": 0.056507516809189064, "gamma": 0.01977126261960902, "lamda": 0.2840743875022121}, "datetime": {"datetime": "2021-09-24 08:22:43", "elapsed": 159.104183, "delta": 1.508024}}
{"target": 0.9165384048245584, "params": {"C": 1348.68096635955, "epsilon": 0.31729194154074425, "gamma": 0.028458407629302705, "lamda": 0.11683470569163315}, "datetime": {"datetime": "2021-09-24 08:22:44", "elapsed": 160.46605, "delta": 1.361867}}
{"target": 0.9022627708140142, "params": {"C": 1377.5542557718609, "epsilon": 0.10779638748941558, "gamma": 0.0691834446578232, "lamda": 0.03751760977264476}, "datetime": {"datetime": "2021-09-24 08:22:45", "elapsed": 161.755003, "delta": 1.288953}}
{"target": 0.9206283470113281, "params": {"C": 1348.6115981751036, "epsilon": 0.05547687207723126, "gamma": 0.049847386257614645, "lamda": 0.07151126307810428}, "datetime": {"datetime": "2021-09-24 08:22:47", "elapsed": 163.360086, "delta": 1.605083}}
{"target": 0.9036955699209536, "params": {"C": 1328.4059448926573, "epsilon": 0.3899045713864021, "gamma": 0.0359921406348379, "lamda": 0.37422611348436186}, "datetime": {"datetime": "2021-09-24 08:22:48", "elapsed": 164.373801, "delta": 1.013715}}
{"target": 0.9175041307664884, "params": {"C": 1367.7209971299274, "epsilon": 0.44838590884222096, "gamma": 0.06711659042709872, "lamda": 0.06299330262801098}, "datetime": {"datetime": "2021-09-24 08:22:49", "elapsed": 165.631611, "delta": 1.25781}}
{"target": 0.9025556130392196, "params": {"C": 1338.40262459847, "epsilon": 0.1689221104619052, "gamma": 0.017007184343163298, "lamda": 0.23331095071931504}, "datetime": {"datetime": "2021-09-24 08:22:50", "elapsed": 166.860443, "delta": 1.228832}}
{"target": 0.9175201743673757, "params": {"C": 1434.271460893664, "epsilon": 0.322992260924175, "gamma": 0.06526084562481534, "lamda": 0.10231282297685719}, "datetime": {"datetime": "2021-09-24 08:22:52", "elapsed": 168.236175, "delta": 1.375732}}
{"target": 0.9084610159254285, "params": {"C": 1348.714907422925, "epsilon": 0.04067004461134271, "gamma": 0.013733570309512751, "lamda": 0.14591814897708133}, "datetime": {"datetime": "2021-09-24 08:22:53", "elapsed": 169.789372, "delta": 1.553197}}
{"target": 0.9254546967082937, "params": {"C": 1369.1465630470716, "epsilon": 0.11896943679569764, "gamma": 0.03230337932794589, "lamda": 0.014469944099960157}, "datetime": {"datetime": "2021-09-24 08:22:55", "elapsed": 171.516958, "delta": 1.727586}}
{"target": 0.9191867612168655, "params": {"C": 1434.1501587253806, "epsilon": 0.3534346287260697, "gamma": 0.04855650188099467, "lamda": 0.13111948154272074}, "datetime": {"datetime": "2021-09-24 08:22:57", "elapsed": 173.053724, "delta": 1.536766}}
{"target": 0.9172855281356853, "params": {"C": 1478.7889321539724, "epsilon": 0.5936168626338036, "gamma": 0.05691030225455703, "lamda": 0.08394615468472912}, "datetime": {"datetime": "2021-09-24 08:22:58", "elapsed": 174.690811, "delta": 1.637087}}
{"target": 0.9127789598990402, "params": {"C": 1503.7320202512633, "epsilon": 0.23719352630289625, "gamma": 0.050721266050142856, "lamda": 0.35249065111661143}, "datetime": {"datetime": "2021-09-24 08:22:59", "elapsed": 175.796413, "delta": 1.105602}}
{"target": 0.8997270814961212, "params": {"C": 1495.029865731156, "epsilon": 0.4532827704472492, "gamma": 0.022770628390317182, "lamda": 0.21483746020791367}, "datetime": {"datetime": "2021-09-24 08:23:00", "elapsed": 176.969047, "delta": 1.172634}}
{"target": 0.9058593119783914, "params": {"C": 1482.5804138699664, "epsilon": 0.36708362343904744, "gamma": 0.05168583522898372, "lamda": 0.38711855849264687}, "datetime": {"datetime": "2021-09-24 08:23:02", "elapsed": 178.083978, "delta": 1.114931}}
{"target": 0.8836408419237841, "params": {"C": 1554.1830384877062, "epsilon": 0.8586228929876127, "gamma": 0.02517909588461329, "lamda": 0.3140453097601589}, "datetime": {"datetime": "2021-09-24 08:23:03", "elapsed": 179.369197, "delta": 1.285219}}
{"target": 0.9175626214634268, "params": {"C": 1478.657855332374, "epsilon": 0.6004321818502798, "gamma": 0.06687360665488291, "lamda": 0.01914409010974752}, "datetime": {"datetime": "2021-09-24 08:23:05", "elapsed": 181.057056, "delta": 1.687859}}
{"target": 0.9299957688191269, "params": {"C": 1367.7309354050165, "epsilon": 0.3965896122809185, "gamma": 0.03540799316404892, "lamda": 0.02228098322635524}, "datetime": {"datetime": "2021-09-24 08:23:06", "elapsed": 182.564347, "delta": 1.507291}}
{"target": 0.9182471039358768, "params": {"C": 1342.2785710260787, "epsilon": 0.5888045107378427, "gamma": 0.06504740881825616, "lamda": 0.0482610410932755}, "datetime": {"datetime": "2021-09-24 08:23:07", "elapsed": 183.710236, "delta": 1.145889}}
{"target": 0.9039476355928263, "params": {"C": 1569.5915873457925, "epsilon": 0.6185763598343774, "gamma": 0.02061217621091978, "lamda": 0.09350671556013719}, "datetime": {"datetime": "2021-09-24 08:23:08", "elapsed": 184.972703, "delta": 1.262467}}
{"target": 0.9242571308199489, "params": {"C": 1330.964286028967, "epsilon": 0.14390770004376757, "gamma": 0.04834551239586066, "lamda": 0.14850622628340052}, "datetime": {"datetime": "2021-09-24 08:23:10", "elapsed": 186.155882, "delta": 1.183179}}
{"target": 0.9133411847763351, "params": {"C": 1348.5335215849907, "epsilon": 0.051786270500652196, "gamma": 0.04064469099956901, "lamda": 0.012081377486556584}, "datetime": {"datetime": "2021-09-24 08:23:11", "elapsed": 187.629644, "delta": 1.473762}}
{"target": 0.8846758517546616, "params": {"C": 1478.6925416832069, "epsilon": 0.5532524901920773, "gamma": 0.010176245622972643, "lamda": 0.07805182133830726}, "datetime": {"datetime": "2021-09-24 08:23:13", "elapsed": 189.114026, "delta": 1.484382}}
{"target": 0.9252119329454573, "params": {"C": 1348.4459850010046, "epsilon": 0.0457265486965472, "gamma": 0.033598153032386426, "lamda": 0.03620139443565892}, "datetime": {"datetime": "2021-09-24 08:23:14", "elapsed": 190.795264, "delta": 1.681238}}
{"target": 0.9243827087271134, "params": {"C": 1524.3666889690674, "epsilon": 0.115685748993414, "gamma": 0.05365184437828765, "lamda": 0.13475468528303067}, "datetime": {"datetime": "2021-09-24 08:23:16", "elapsed": 192.278867, "delta": 1.483603}}
{"target": 0.9285952122350215, "params": {"C": 1369.1998303416187, "epsilon": 0.18496182231696928, "gamma": 0.03322453671822832, "lamda": 0.06136640268949759}, "datetime": {"datetime": "2021-09-24 08:23:17", "elapsed": 193.990489, "delta": 1.711622}}
{"target": 0.8884750249250596, "params": {"C": 1368.537778205477, "epsilon": 0.7698049723452728, "gamma": 0.03538959043808588, "lamda": 0.3897190800849119}, "datetime": {"datetime": "2021-09-24 08:23:19", "elapsed": 195.395929, "delta": 1.40544}}
{"target": 0.9235831531923959, "params": {"C": 1348.5969217657166, "epsilon": 0.30383160486979366, "gamma": 0.05679359541033808, "lamda": 0.04246077542817216}, "datetime": {"datetime": "2021-09-24 08:23:20", "elapsed": 196.946101, "delta": 1.550172}}
{"target": 0.9262156134877917, "params": {"C": 1369.2342802198152, "epsilon": 0.24189861379021535, "gamma": 0.050094021638351346, "lamda": 0.05345551854305246}, "datetime": {"datetime": "2021-09-24 08:23:22", "elapsed": 198.487399, "delta": 1.541298}}
{"target": 0.9285035301567207, "params": {"C": 1331.0077489500268, "epsilon": 0.11265398424688615, "gamma": 0.03856752981690783, "lamda": 0.10902876956735541}, "datetime": {"datetime": "2021-09-24 08:23:24", "elapsed": 200.4723, "delta": 1.984901}}
{"target": 0.9061846283299555, "params": {"C": 1500.523699957258, "epsilon": 0.20115353654696388, "gamma": 0.0509907592065257, "lamda": 0.009490901194637233}, "datetime": {"datetime": "2021-09-24 08:23:26", "elapsed": 202.306835, "delta": 1.834535}}
{"target": 0.8938433603214351, "params": {"C": 1435.6951576856113, "epsilon": 0.8845577604014204, "gamma": 0.06726095454254982, "lamda": 0.2664105709497139}, "datetime": {"datetime": "2021-09-24 08:23:27", "elapsed": 203.723029, "delta": 1.416194}}
{"target": 0.9211824274826228, "params": {"C": 1557.3394009732083, "epsilon": 0.2600057804349387, "gamma": 0.043267090724859014, "lamda": 0.1390404566246509}, "datetime": {"datetime": "2021-09-24 08:23:29", "elapsed": 205.144289, "delta": 1.42126}}
{"target": 0.912009253575826, "params": {"C": 1577.079687156762, "epsilon": 0.35334958591303156, "gamma": 0.03294353803791373, "lamda": 0.2105446967346407}, "datetime": {"datetime": "2021-09-24 08:23:30", "elapsed": 206.344364, "delta": 1.200075}}
{"target": 0.9266238987621169, "params": {"C": 1484.9456456175567, "epsilon": 0.905792366489505, "gamma": 0.026419496068691997, "lamda": 0.0028421042458847186}, "datetime": {"datetime": "2021-09-24 08:23:31", "elapsed": 207.565102, "delta": 1.220738}}
{"target": 0.901216758228393, "params": {"C": 1486.5350738801885, "epsilon": 0.7779513838105001, "gamma": 0.03301129464586619, "lamda": 0.20481887528168644}, "datetime": {"datetime": "2021-09-24 08:23:32", "elapsed": 208.895853, "delta": 1.330751}}
{"target": 0.9217861513174095, "params": {"C": 1330.974475550271, "epsilon": 0.06351944009187463, "gamma": 0.04594798340802257, "lamda": 0.04726705136431104}, "datetime": {"datetime": "2021-09-24 08:23:34", "elapsed": 210.668142, "delta": 1.772289}}
{"target": 0.9239217446071908, "params": {"C": 1397.011399465774, "epsilon": 0.15604013606188918, "gamma": 0.028239496966688267, "lamda": 0.10349314056274374}, "datetime": {"datetime": "2021-09-24 08:23:35", "elapsed": 211.988409, "delta": 1.320267}}
{"target": 0.922615688494287, "params": {"C": 1348.600455966365, "epsilon": 0.2538501867725025, "gamma": 0.05547485896828819, "lamda": 0.08769363511418456}, "datetime": {"datetime": "2021-09-24 08:23:37", "elapsed": 213.716442, "delta": 1.728033}}
{"target": 0.9156101724532056, "params": {"C": 1305.9859212883857, "epsilon": 0.07601462734802451, "gamma": 0.03853905955627789, "lamda": 0.007587978236857218}, "datetime": {"datetime": "2021-09-24 08:23:39", "elapsed": 215.782436, "delta": 2.065994}}
{"target": 0.9204280399432263, "params": {"C": 1306.0519568186805, "epsilon": 0.1741882587701409, "gamma": 0.02574112414419987, "lamda": 0.11243662144922359}, "datetime": {"datetime": "2021-09-24 08:23:41", "elapsed": 217.194373, "delta": 1.411937}}
{"target": 0.926056281306831, "params": {"C": 1369.2737268333747, "epsilon": 0.17183324007124443, "gamma": 0.04987158061002762, "lamda": 0.08240919865674601}, "datetime": {"datetime": "2021-09-24 08:23:42", "elapsed": 218.739528, "delta": 1.545155}}
{"target": 0.9289647214776705, "params": {"C": 1369.1662182773016, "epsilon": 0.18201606866326672, "gamma": 0.03834986356727789, "lamda": 0.02109851519364288}, "datetime": {"datetime": "2021-09-24 08:23:44", "elapsed": 220.188269, "delta": 1.448741}}
{"target": 0.9207378416014623, "params": {"C": 1369.271128362244, "epsilon": 0.24595089154157382, "gamma": 0.032669671381815625, "lamda": 0.12369159404854622}, "datetime": {"datetime": "2021-09-24 08:23:45", "elapsed": 221.676082, "delta": 1.487813}}
{"target": 0.9007092400755671, "params": {"C": 1417.4892948906086, "epsilon": 0.8689558899552464, "gamma": 0.03991076940820488, "lamda": 0.21928658974679768}, "datetime": {"datetime": "2021-09-24 08:23:46", "elapsed": 222.994334, "delta": 1.318252}}
{"target": 0.9006355702390411, "params": {"C": 1549.2965511227367, "epsilon": 0.4501279224740865, "gamma": 0.06925388723128682, "lamda": 0.34122235652654853}, "datetime": {"datetime": "2021-09-24 08:23:48", "elapsed": 224.247142, "delta": 1.252808}}
{"target": 0.9085592775588297, "params": {"C": 1382.8646282595141, "epsilon": 0.7978516860541738, "gamma": 0.013678707953287355, "lamda": 0.0055972667266443}, "datetime": {"datetime": "2021-09-24 08:23:50", "elapsed": 226.145003, "delta": 1.897861}}
{"target": 0.896976829624599, "params": {"C": 1509.2412942775254, "epsilon": 0.8179732043622379, "gamma": 0.05077892836585951, "lamda": 0.2910764569900695}, "datetime": {"datetime": "2021-09-24 08:23:51", "elapsed": 227.429563, "delta": 1.28456}}
{"target": 0.920138754780002, "params": {"C": 1369.1595497901849, "epsilon": 0.1411005156931009, "gamma": 0.023573054684361043, "lamda": 0.11506976808626768}, "datetime": {"datetime": "2021-09-24 08:23:52", "elapsed": 228.923573, "delta": 1.49401}}
