{"target": 0.9254640755813491, "params": {"C": 691.4683556842431, "epsilon": 0.8262884208591298, "gamma": 0.04177352018761141, "lamda": 0.023832859251152878}, "datetime": {"datetime": "2021-09-23 22:26:52", "elapsed": 98.183597, "delta": 0.875058}}
{"target": 0.9195827551333965, "params": {"C": 716.9987873133202, "epsilon": 0.996814221971482, "gamma": 0.050044525431901535, "lamda": 0.041661512213747025}, "datetime": {"datetime": "2021-09-23 22:26:53", "elapsed": 98.9646, "delta": 0.781003}}
{"target": 0.9200496021452288, "params": {"C": 684.9729204192361, "epsilon": 0.2709197811173869, "gamma": 0.026160310114959104, "lamda": 0.07115315475104204}, "datetime": {"datetime": "2021-09-23 22:26:54", "elapsed": 100.411432, "delta": 1.446832}}
{"target": 0.9285706158026512, "params": {"C": 653.3352524552046, "epsilon": 0.06632784725455307, "gamma": 0.03987824477737352, "lamda": 0.0701862095375989}, "datetime": {"datetime": "2021-09-23 22:26:55", "elapsed": 101.33217, "delta": 0.920738}}
{"target": 0.9205011818977886, "params": {"C": 684.9776416541679, "epsilon": 0.20212810687694246, "gamma": 0.0386604054701168, "lamda": 0.1838314301972523}, "datetime": {"datetime": "2021-09-23 22:26:56", "elapsed": 102.360937, "delta": 1.028767}}
{"target": 0.9187967133017313, "params": {"C": 684.7756578375972, "epsilon": 0.03622488252510402, "gamma": 0.051466427001021185, "lamda": 0.04617073535217519}, "datetime": {"datetime": "2021-09-23 22:26:57", "elapsed": 103.49155, "delta": 1.130613}}
{"target": 0.924241370453933, "params": {"C": 749.2693779455064, "epsilon": 0.041257001316495394, "gamma": 0.05349849715098093, "lamda": 0.16586995143553804}, "datetime": {"datetime": "2021-09-23 22:26:58", "elapsed": 104.552744, "delta": 1.061194}}
{"target": 0.926097895591837, "params": {"C": 733.3555980171013, "epsilon": 0.6710967143611639, "gamma": 0.046244062723029965, "lamda": 0.006256140901094733}, "datetime": {"datetime": "2021-09-23 22:26:59", "elapsed": 105.592664, "delta": 1.03992}}
{"target": 0.9232007123586513, "params": {"C": 653.3245981261291, "epsilon": 0.14015697533566707, "gamma": 0.029854574262428865, "lamda": 0.11551889268777958}, "datetime": {"datetime": "2021-09-23 22:27:00", "elapsed": 106.654781, "delta": 1.062117}}
{"target": 0.9157409282552617, "params": {"C": 724.5207003266371, "epsilon": 0.2607956519883421, "gamma": 0.043715077692807774, "lamda": 0.257267554410696}, "datetime": {"datetime": "2021-09-23 22:27:01", "elapsed": 107.703895, "delta": 1.049114}}
{"target": 0.9267712254950163, "params": {"C": 683.8839929711754, "epsilon": 0.37241433240221966, "gamma": 0.04373140729143769, "lamda": 0.04379956074803851}, "datetime": {"datetime": "2021-09-23 22:27:02", "elapsed": 108.478569, "delta": 0.774674}}
{"target": 0.9196436233494168, "params": {"C": 653.3139877395146, "epsilon": 0.041532542642584526, "gamma": 0.061198271908434826, "lamda": 0.1493578501657424}, "datetime": {"datetime": "2021-09-23 22:27:03", "elapsed": 109.503496, "delta": 1.024927}}
{"target": 0.9169614149561367, "params": {"C": 684.6921624138581, "epsilon": 0.10258029514802247, "gamma": 0.06987946909959855, "lamda": 0.14509344773316343}, "datetime": {"datetime": "2021-09-23 22:27:04", "elapsed": 110.492239, "delta": 0.988743}}
{"target": 0.9074203322593445, "params": {"C": 771.392799094917, "epsilon": 0.24953022686291432, "gamma": 0.03174120971822739, "lamda": 0.3959755288598539}, "datetime": {"datetime": "2021-09-23 22:27:05", "elapsed": 111.335006, "delta": 0.842767}}
{"target": 0.9202231134776425, "params": {"C": 666.6761545518311, "epsilon": 0.15940624080733246, "gamma": 0.048832562763475626, "lamda": 0.23117264300962911}, "datetime": {"datetime": "2021-09-23 22:27:06", "elapsed": 112.182667, "delta": 0.847661}}
{"target": 0.9110863529530033, "params": {"C": 691.0649931862886, "epsilon": 0.8521469727564794, "gamma": 0.019353167449943268, "lamda": 0.002889736109050558}, "datetime": {"datetime": "2021-09-23 22:27:07", "elapsed": 113.234317, "delta": 1.05165}}
{"target": 0.9145060290577284, "params": {"C": 684.9514445231057, "epsilon": 0.04452304578367182, "gamma": 0.06940741199605144, "lamda": 0.18066474908772678}, "datetime": {"datetime": "2021-09-23 22:27:08", "elapsed": 114.354184, "delta": 1.119867}}
{"target": 0.9066236474304508, "params": {"C": 687.2953054248294, "epsilon": 0.6836189943343498, "gamma": 0.05884154412193709, "lamda": 0.19195156509524197}, "datetime": {"datetime": "2021-09-23 22:27:09", "elapsed": 115.240189, "delta": 0.886005}}
{"target": 0.9112451754240869, "params": {"C": 739.3040461377901, "epsilon": 0.5427503498020761, "gamma": 0.04374978539374783, "lamda": 0.1862258772591661}, "datetime": {"datetime": "2021-09-23 22:27:10", "elapsed": 116.120692, "delta": 0.880503}}
{"target": 0.9208988706134472, "params": {"C": 749.6079195808861, "epsilon": 0.10967116294959628, "gamma": 0.032985682023486146, "lamda": 0.2587353513231389}, "datetime": {"datetime": "2021-09-23 22:27:11", "elapsed": 117.04038, "delta": 0.919688}}
{"target": 0.9202274282413447, "params": {"C": 685.1336936997833, "epsilon": 0.12298492748395572, "gamma": 0.025041247178702077, "lamda": 0.10498399353722183}, "datetime": {"datetime": "2021-09-23 22:27:12", "elapsed": 118.053519, "delta": 1.013139}}
{"target": 0.9237506336696766, "params": {"C": 683.9588880973636, "epsilon": 0.4593424054191516, "gamma": 0.04060661652656437, "lamda": 0.05658578529586496}, "datetime": {"datetime": "2021-09-23 22:27:13", "elapsed": 119.155512, "delta": 1.101993}}
{"target": 0.9188164429411099, "params": {"C": 750.768544685531, "epsilon": 0.14742843030751573, "gamma": 0.043074157575042855, "lamda": 0.3183593243230231}, "datetime": {"datetime": "2021-09-23 22:27:14", "elapsed": 120.039894, "delta": 0.884382}}
{"target": 0.8945021469387165, "params": {"C": 729.6210051991206, "epsilon": 0.06924542448234525, "gamma": 0.01036249795417612, "lamda": 0.08196675066920182}, "datetime": {"datetime": "2021-09-23 22:27:15", "elapsed": 121.386893, "delta": 1.346999}}
{"target": 0.9224096195668448, "params": {"C": 749.278521300824, "epsilon": 0.030612122058535807, "gamma": 0.047373902932274156, "lamda": 0.07292833378402241}, "datetime": {"datetime": "2021-09-23 22:27:16", "elapsed": 122.492444, "delta": 1.105551}}
{"target": 0.9263970612372349, "params": {"C": 750.2450969944681, "epsilon": 0.158477294067946, "gamma": 0.049759902484325366, "lamda": 0.04027005645109971}, "datetime": {"datetime": "2021-09-23 22:27:18", "elapsed": 123.974918, "delta": 1.482474}}
{"target": 0.9199519980399805, "params": {"C": 683.798289381076, "epsilon": 0.4039503902225927, "gamma": 0.06352835177202477, "lamda": 0.02854061084194581}, "datetime": {"datetime": "2021-09-23 22:27:19", "elapsed": 125.247924, "delta": 1.273006}}
{"target": 0.9251867988390353, "params": {"C": 729.7793163627794, "epsilon": 0.16023511999509787, "gamma": 0.0467376412096933, "lamda": 0.1219550889331169}, "datetime": {"datetime": "2021-09-23 22:27:20", "elapsed": 126.765334, "delta": 1.51741}}
{"target": 0.9279329398552043, "params": {"C": 739.348314146191, "epsilon": 0.5431340454736073, "gamma": 0.041047371079207993, "lamda": 0.023488927162763792}, "datetime": {"datetime": "2021-09-23 22:27:22", "elapsed": 127.852225, "delta": 1.086891}}
{"target": 0.9171000238120762, "params": {"C": 731.0949710400403, "epsilon": 0.15041458826619353, "gamma": 0.035250286199505654, "lamda": 0.3333783004555022}, "datetime": {"datetime": "2021-09-23 22:27:23", "elapsed": 128.908228, "delta": 1.056003}}
{"target": 0.9111657920326962, "params": {"C": 799.9546910815288, "epsilon": 0.9413578200147077, "gamma": 0.05169587417401512, "lamda": 0.1074887568570277}, "datetime": {"datetime": "2021-09-23 22:27:24", "elapsed": 130.057224, "delta": 1.148996}}
{"target": 0.9016700956579842, "params": {"C": 708.3578243318315, "epsilon": 0.9706437187470232, "gamma": 0.046747562496621535, "lamda": 0.19747547043438402}, "datetime": {"datetime": "2021-09-23 22:27:25", "elapsed": 131.330229, "delta": 1.273005}}
{"target": 0.9217065988239113, "params": {"C": 703.3168032904398, "epsilon": 0.17998400187653382, "gamma": 0.054238940631976096, "lamda": 0.14901654730523006}, "datetime": {"datetime": "2021-09-23 22:27:26", "elapsed": 132.252252, "delta": 0.922023}}
{"target": 0.8990881848279602, "params": {"C": 733.451997799128, "epsilon": 0.6162336215587302, "gamma": 0.06991074478874189, "lamda": 0.0028648383535528335}, "datetime": {"datetime": "2021-09-23 22:27:27", "elapsed": 133.583278, "delta": 1.331026}}
{"target": 0.9274174568346863, "params": {"C": 739.4261675852403, "epsilon": 0.5771251866924969, "gamma": 0.03158092023183888, "lamda": 0.008822648058223678}, "datetime": {"datetime": "2021-09-23 22:27:28", "elapsed": 134.707517, "delta": 1.124239}}
{"target": 0.9266347655801938, "params": {"C": 733.2737064773634, "epsilon": 0.6424671339781526, "gamma": 0.04787692318155918, "lamda": 0.020964133167731564}, "datetime": {"datetime": "2021-09-23 22:27:29", "elapsed": 135.569183, "delta": 0.861666}}
{"target": 0.902581668047146, "params": {"C": 719.3485535620041, "epsilon": 0.8784011947375866, "gamma": 0.035864657870234413, "lamda": 0.18268796728063807}, "datetime": {"datetime": "2021-09-23 22:27:31", "elapsed": 136.890313, "delta": 1.32113}}
{"target": 0.9240604836022638, "params": {"C": 653.4373629413111, "epsilon": 0.12905723935128677, "gamma": 0.05514109293984798, "lamda": 0.054552783193743855}, "datetime": {"datetime": "2021-09-23 22:27:31", "elapsed": 137.75199, "delta": 0.861677}}
{"target": 0.8795026114683641, "params": {"C": 778.2610862466985, "epsilon": 0.4492766887690173, "gamma": 0.016580179125591267, "lamda": 0.372529342562119}, "datetime": {"datetime": "2021-09-23 22:27:32", "elapsed": 138.59404, "delta": 0.84205}}
{"target": 0.9246359878400185, "params": {"C": 750.3133753704799, "epsilon": 0.19950948918705738, "gamma": 0.033332813599301, "lamda": 0.0991323268708199}, "datetime": {"datetime": "2021-09-23 22:27:34", "elapsed": 139.872139, "delta": 1.278099}}
{"target": 0.9169047508587472, "params": {"C": 669.7797093128086, "epsilon": 0.27694465866527185, "gamma": 0.05094846132388284, "lamda": 0.20839239044598032}, "datetime": {"datetime": "2021-09-23 22:27:35", "elapsed": 140.868139, "delta": 0.996}}
{"target": 0.906275640281266, "params": {"C": 744.1138161960896, "epsilon": 0.3693580054067216, "gamma": 0.02634467881683837, "lamda": 0.21723529157773994}, "datetime": {"datetime": "2021-09-23 22:27:35", "elapsed": 141.745926, "delta": 0.877787}}
{"target": 0.9177389588349981, "params": {"C": 733.2516491417987, "epsilon": 0.7376240267327449, "gamma": 0.05143110866903729, "lamda": 0.07182892513435464}, "datetime": {"datetime": "2021-09-23 22:27:38", "elapsed": 144.042396, "delta": 2.29647}}
{"target": 0.9209460355868597, "params": {"C": 708.3350684772051, "epsilon": 0.3401515195022249, "gamma": 0.0434942823660553, "lamda": 0.11052632772186367}, "datetime": {"datetime": "2021-09-23 22:27:39", "elapsed": 144.890393, "delta": 0.847997}}
{"target": 0.926200254799069, "params": {"C": 729.7916657611067, "epsilon": 0.08896207491135864, "gamma": 0.048178113438926064, "lamda": 0.1585808014046021}, "datetime": {"datetime": "2021-09-23 22:27:40", "elapsed": 146.01413, "delta": 1.123737}}
{"target": 0.908723362988517, "params": {"C": 750.2045671054308, "epsilon": 0.08254291736549187, "gamma": 0.016440249264810598, "lamda": 0.1334778387653639}, "datetime": {"datetime": "2021-09-23 22:27:41", "elapsed": 147.201729, "delta": 1.187599}}
{"target": 0.8939204746869209, "params": {"C": 739.3561337450095, "epsilon": 0.6283243299299325, "gamma": 0.07, "lamda": 0.001}, "datetime": {"datetime": "2021-09-23 22:27:42", "elapsed": 148.618147, "delta": 1.416418}}
{"target": 0.896358626984435, "params": {"C": 681.8236360554815, "epsilon": 0.8312188649188161, "gamma": 0.061520766178753565, "lamda": 0.2711229962037661}, "datetime": {"datetime": "2021-09-23 22:27:43", "elapsed": 149.499144, "delta": 0.880997}}
{"target": 0.9110663879092693, "params": {"C": 683.9207055200899, "epsilon": 0.38758623919565527, "gamma": 0.02744459460036662, "lamda": 0.15086326112865292}, "datetime": {"datetime": "2021-09-23 22:27:45", "elapsed": 151.326543, "delta": 1.827399}}
{"target": 0.9146788825614072, "params": {"C": 746.8648926147393, "epsilon": 0.18578780875497816, "gamma": 0.03830070175886905, "lamda": 0.371737462306453}, "datetime": {"datetime": "2021-09-23 22:27:46", "elapsed": 152.151003, "delta": 0.82446}}
{"target": 0.9268643548384201, "params": {"C": 790.2094068384442, "epsilon": 0.8355559808426618, "gamma": 0.04859988639494354, "lamda": 0.011429990677623385}, "datetime": {"datetime": "2021-09-23 22:27:47", "elapsed": 153.139591, "delta": 0.988588}}
{"target": 0.9103341997439235, "params": {"C": 790.1945006102638, "epsilon": 0.8485524283572761, "gamma": 0.033059206596657856, "lamda": 0.10088910560940814}, "datetime": {"datetime": "2021-09-23 22:27:48", "elapsed": 154.336826, "delta": 1.197235}}
{"target": 0.9211582309307021, "params": {"C": 650.5063107764419, "epsilon": 0.13815203910770157, "gamma": 0.05647117480349506, "lamda": 0.18408296354879608}, "datetime": {"datetime": "2021-09-23 22:27:49", "elapsed": 155.224792, "delta": 0.887966}}
{"target": 0.8858917479197321, "params": {"C": 715.9976053566932, "epsilon": 0.4931173356156091, "gamma": 0.01196216228611379, "lamda": 0.11943465573625682}, "datetime": {"datetime": "2021-09-23 22:27:50", "elapsed": 156.167131, "delta": 0.942339}}
{"target": 0.8935502714504006, "params": {"C": 739.4097775210772, "epsilon": 0.4997363383689626, "gamma": 0.01, "lamda": 0.02582306846279099}, "datetime": {"datetime": "2021-09-23 22:27:52", "elapsed": 157.931841, "delta": 1.76471}}
{"target": 0.9066054105484423, "params": {"C": 660.9544095047346, "epsilon": 0.9168420432300616, "gamma": 0.06438177597614335, "lamda": 0.1303446318282557}, "datetime": {"datetime": "2021-09-23 22:27:53", "elapsed": 159.311847, "delta": 1.380006}}
{"target": 0.8792506735462944, "params": {"C": 724.0774415977729, "epsilon": 0.8019920863470515, "gamma": 0.011360563424432047, "lamda": 0.10186944481795716}, "datetime": {"datetime": "2021-09-23 22:27:54", "elapsed": 160.173605, "delta": 0.861758}}
{"target": 0.9274276234434866, "params": {"C": 683.9873372274352, "epsilon": 0.39879371226292437, "gamma": 0.034087012041498915, "lamda": 0.022530633226233054}, "datetime": {"datetime": "2021-09-23 22:27:55", "elapsed": 161.632241, "delta": 1.458636}}
{"target": 0.8883234671060378, "params": {"C": 653.4051012147518, "epsilon": 0.06026444931533668, "gamma": 0.01, "lamda": 0.08033893039061067}, "datetime": {"datetime": "2021-09-23 22:27:57", "elapsed": 163.030954, "delta": 1.398713}}
{"target": 0.9096224274807506, "params": {"C": 767.3353868698224, "epsilon": 0.8825338918417113, "gamma": 0.04352623366631094, "lamda": 0.12991968158693193}, "datetime": {"datetime": "2021-09-23 22:27:58", "elapsed": 164.315111, "delta": 1.284157}}
{"target": 0.923587598522197, "params": {"C": 742.0299430837293, "epsilon": 0.5555438076395907, "gamma": 0.04303483696326408, "lamda": 0.048108682927731766}, "datetime": {"datetime": "2021-09-23 22:27:59", "elapsed": 165.367115, "delta": 1.052004}}
{"target": 0.896096579867728, "params": {"C": 684.7613045106676, "epsilon": 0.09006715432667849, "gamma": 0.010508206697458247, "lamda": 0.09524113653102585}, "datetime": {"datetime": "2021-09-23 22:28:00", "elapsed": 166.548464, "delta": 1.181349}}
{"target": 0.915426853350278, "params": {"C": 691.7760705857578, "epsilon": 0.9659241571484438, "gamma": 0.04109002458193385, "lamda": 0.0692406859728594}, "datetime": {"datetime": "2021-09-23 22:28:01", "elapsed": 167.573457, "delta": 1.024993}}
{"target": 0.8990294432846726, "params": {"C": 671.6037425487568, "epsilon": 0.60767133708906, "gamma": 0.05681738717212499, "lamda": 0.3374657420211903}, "datetime": {"datetime": "2021-09-23 22:28:02", "elapsed": 168.623698, "delta": 1.050241}}
{"target": 0.9208456328634489, "params": {"C": 749.3347789145419, "epsilon": 0.03567464042463008, "gamma": 0.05928505643367086, "lamda": 0.2099041919309118}, "datetime": {"datetime": "2021-09-23 22:28:04", "elapsed": 169.934917, "delta": 1.311219}}
{"target": 0.9183789098813564, "params": {"C": 684.7849343525636, "epsilon": 0.13103260813670844, "gamma": 0.06654394497385901, "lamda": 0.08813532205910003}, "datetime": {"datetime": "2021-09-23 22:28:05", "elapsed": 171.530953, "delta": 1.596036}}
{"target": 0.9182564341423991, "params": {"C": 653.0605091583261, "epsilon": 0.07585733433032274, "gamma": 0.0665500873716224, "lamda": 0.23301237547165654}, "datetime": {"datetime": "2021-09-23 22:28:06", "elapsed": 172.778686, "delta": 1.247733}}
{"target": 0.9269124282487531, "params": {"C": 684.6925872193748, "epsilon": 0.03529824348744869, "gamma": 0.03258496351540198, "lamda": 0.10796509421178152}, "datetime": {"datetime": "2021-09-23 22:28:07", "elapsed": 173.818011, "delta": 1.039325}}
{"target": 0.909180832154848, "params": {"C": 688.7771278859304, "epsilon": 0.10779638748941558, "gamma": 0.0691834446578232, "lamda": 0.03751760977264476}, "datetime": {"datetime": "2021-09-23 22:28:09", "elapsed": 175.041009, "delta": 1.222998}}
{"target": 0.9132358819271091, "params": {"C": 733.3113946972416, "epsilon": 0.6692203878391335, "gamma": 0.06481161099078425, "lamda": 0.007300162228169237}, "datetime": {"datetime": "2021-09-23 22:28:10", "elapsed": 176.368649, "delta": 1.32764}}
{"target": 0.9036955699209536, "params": {"C": 664.2029724463287, "epsilon": 0.3899045713864021, "gamma": 0.0359921406348379, "lamda": 0.37422611348436186}, "datetime": {"datetime": "2021-09-23 22:28:11", "elapsed": 177.67968, "delta": 1.311031}}
{"target": 0.9127212727201213, "params": {"C": 713.3446654425753, "epsilon": 0.3222796913815411, "gamma": 0.06104988643645028, "lamda": 0.22316095432334992}, "datetime": {"datetime": "2021-09-23 22:28:13", "elapsed": 179.007362, "delta": 1.327682}}
{"target": 0.9025556130392196, "params": {"C": 669.201312299235, "epsilon": 0.1689221104619052, "gamma": 0.017007184343163298, "lamda": 0.23331095071931504}, "datetime": {"datetime": "2021-09-23 22:28:14", "elapsed": 180.091719, "delta": 1.084357}}
{"target": 0.9247921351786117, "params": {"C": 684.6828005471568, "epsilon": 0.10440576942509514, "gamma": 0.052026758279403236, "lamda": 0.151039208960207}, "datetime": {"datetime": "2021-09-23 22:28:15", "elapsed": 181.014721, "delta": 0.923002}}
{"target": 0.9219880762847642, "params": {"C": 684.9975231732271, "epsilon": 0.11274340267432283, "gamma": 0.027373821509306596, "lamda": 0.12912972469529205}, "datetime": {"datetime": "2021-09-23 22:28:17", "elapsed": 182.847828, "delta": 1.833107}}
{"target": 0.9135240546301258, "params": {"C": 653.0042375914726, "epsilon": 0.13775401855417602, "gamma": 0.02179918203018512, "lamda": 0.19047617401367206}, "datetime": {"datetime": "2021-09-23 22:28:18", "elapsed": 184.188093, "delta": 1.340265}}
{"target": 0.9195840038689457, "params": {"C": 684.5933287519601, "epsilon": 0.0954374737595893, "gamma": 0.0255185256262319, "lamda": 0.17632666783575823}, "datetime": {"datetime": "2021-09-23 22:28:19", "elapsed": 185.56809, "delta": 1.379997}}
{"target": 0.920921011899022, "params": {"C": 653.3504620039282, "epsilon": 0.11175033715875213, "gamma": 0.05922288655016332, "lamda": 0.05362678704113579}, "datetime": {"datetime": "2021-09-23 22:28:21", "elapsed": 187.224033, "delta": 1.655943}}
{"target": 0.9127789598990402, "params": {"C": 751.8660101256316, "epsilon": 0.23719352630289625, "gamma": 0.050721266050142856, "lamda": 0.35249065111661143}, "datetime": {"datetime": "2021-09-23 22:28:22", "elapsed": 188.429157, "delta": 1.205124}}
{"target": 0.8997270814961212, "params": {"C": 747.514932865578, "epsilon": 0.4532827704472492, "gamma": 0.022770628390317182, "lamda": 0.21483746020791367}, "datetime": {"datetime": "2021-09-23 22:28:23", "elapsed": 189.555154, "delta": 1.125997}}
{"target": 0.9058593119783914, "params": {"C": 741.2902069349832, "epsilon": 0.36708362343904744, "gamma": 0.05168583522898372, "lamda": 0.38711855849264687}, "datetime": {"datetime": "2021-09-23 22:28:25", "elapsed": 190.872842, "delta": 1.317688}}
{"target": 0.8836408419237841, "params": {"C": 777.0915192438531, "epsilon": 0.8586228929876127, "gamma": 0.02517909588461329, "lamda": 0.3140453097601589}, "datetime": {"datetime": "2021-09-23 22:28:26", "elapsed": 191.888749, "delta": 1.015907}}
{"target": 0.9228417595865371, "params": {"C": 684.9726977043567, "epsilon": 0.16827395137745343, "gamma": 0.05673537027217981, "lamda": 0.10921812834914905}, "datetime": {"datetime": "2021-09-23 22:28:28", "elapsed": 194.120851, "delta": 2.232102}}
{"target": 0.8982278820692101, "params": {"C": 685.0662033102018, "epsilon": 0.2501570514185593, "gamma": 0.012329097178785622, "lamda": 0.07166557391320463}, "datetime": {"datetime": "2021-09-23 22:28:29", "elapsed": 195.457848, "delta": 1.336997}}
{"target": 0.9182471039358768, "params": {"C": 671.1392855130393, "epsilon": 0.5888045107378427, "gamma": 0.06504740881825616, "lamda": 0.0482610410932755}, "datetime": {"datetime": "2021-09-23 22:28:31", "elapsed": 197.367794, "delta": 1.909946}}
{"target": 0.9039476355928263, "params": {"C": 784.7957936728963, "epsilon": 0.6185763598343774, "gamma": 0.02061217621091978, "lamda": 0.09350671556013719}, "datetime": {"datetime": "2021-09-23 22:28:32", "elapsed": 198.383746, "delta": 1.015952}}
{"target": 0.9242571308199489, "params": {"C": 665.4821430144835, "epsilon": 0.14390770004376757, "gamma": 0.04834551239586066, "lamda": 0.14850622628340052}, "datetime": {"datetime": "2021-09-23 22:28:33", "elapsed": 199.401741, "delta": 1.017995}}
{"target": 0.9210020001991153, "params": {"C": 749.306419142252, "epsilon": 0.039962505873817805, "gamma": 0.024947110298261944, "lamda": 0.23497195518657396}, "datetime": {"datetime": "2021-09-23 22:28:35", "elapsed": 201.071593, "delta": 1.669852}}
