{"target": 0.9194767111882852, "params": {"C": 477.1320643266746, "epsilon": 0.045979001006739156, "gamma": 0.061682411746313774, "lamda": 0.37816988303122673}, "datetime": {"datetime": "2021-09-23 20:27:02", "elapsed": 0.0, "delta": 0.0}}
{"target": 0.9136435822960941, "params": {"C": 449.85070123025906, "epsilon": 0.2030934170587527, "gamma": 0.0399031432379812, "lamda": 0.383857395416495}, "datetime": {"datetime": "2021-09-23 20:27:02", "elapsed": 0.521402, "delta": 0.521402}}
{"target": 0.9137025343312493, "params": {"C": 416.91108365625354, "epsilon": 0.09802165691398791, "gamma": 0.06426799091838986, "lamda": 0.4773957729045442}, "datetime": {"datetime": "2021-09-23 20:27:03", "elapsed": 0.908776, "delta": 0.387374}}
{"target": 0.9024780763455988, "params": {"C": 400.3948266327914, "epsilon": 0.424388042807048, "gamma": 0.07063104808260567, "lamda": 0.31207514241225326}, "datetime": {"datetime": "2021-09-23 20:27:03", "elapsed": 1.260781, "delta": 0.352005}}
{"target": 0.9044624555010053, "params": {"C": 472.17553174317993, "epsilon": 0.25474457249138754, "gamma": 0.07588870612564717, "lamda": 0.36156925494787995}, "datetime": {"datetime": "2021-09-23 20:27:03", "elapsed": 1.584787, "delta": 0.324006}}
{"target": 0.9244165239532357, "params": {"C": 423.0032630935819, "epsilon": 0.17634257757555297, "gamma": 0.053444454470619546, "lamda": 0.07935022062622663}, "datetime": {"datetime": "2021-09-23 20:27:04", "elapsed": 2.416743, "delta": 0.831956}}
{"target": 0.9135383932159213, "params": {"C": 426.08205775580313, "epsilon": 0.18194076743267337, "gamma": 0.0344279429581727, "lamda": 0.3741247467266904}, "datetime": {"datetime": "2021-09-23 20:27:04", "elapsed": 2.846743, "delta": 0.43}}
{"target": 0.8992731459600694, "params": {"C": 422.1150667022395, "epsilon": 0.536276360183258, "gamma": 0.06632876833928575, "lamda": 0.33280714361926633}, "datetime": {"datetime": "2021-09-23 20:27:05", "elapsed": 3.281741, "delta": 0.434998}}
{"target": 0.9120651951262645, "params": {"C": 449.81222163648863, "epsilon": 0.2396108734929842, "gamma": 0.04694259457432161, "lamda": 0.38140356234428957}, "datetime": {"datetime": "2021-09-23 20:27:05", "elapsed": 3.822372, "delta": 0.540631}}
{"target": 0.9152843919662297, "params": {"C": 423.2698211175588, "epsilon": 0.12628898139337497, "gamma": 0.07315602286904847, "lamda": 0.1582747278319827}, "datetime": {"datetime": "2021-09-23 20:27:06", "elapsed": 4.398717, "delta": 0.576345}}
{"target": 0.9236569921300721, "params": {"C": 422.8147949994464, "epsilon": 0.07133261614736452, "gamma": 0.031826938272140226, "lamda": 0.14030492718675097}, "datetime": {"datetime": "2021-09-23 20:27:07", "elapsed": 5.003455, "delta": 0.604738}}
{"target": 0.912177544115749, "params": {"C": 422.9720015167209, "epsilon": 0.579140797443891, "gamma": 0.06734258071230695, "lamda": 0.11137373860455126}, "datetime": {"datetime": "2021-09-23 20:27:07", "elapsed": 5.762195, "delta": 0.75874}}
{"target": 0.9189651414447918, "params": {"C": 422.9337944171861, "epsilon": 0.09946037288219678, "gamma": 0.034352188668490026, "lamda": 0.35797833856002426}, "datetime": {"datetime": "2021-09-23 20:27:08", "elapsed": 6.418962, "delta": 0.656767}}
{"target": 0.9225377579898433, "params": {"C": 476.8576260345587, "epsilon": 0.21685868480481052, "gamma": 0.05996525313360253, "lamda": 0.04535633172016559}, "datetime": {"datetime": "2021-09-23 20:27:09", "elapsed": 6.916964, "delta": 0.498002}}
{"target": 0.9083190287790482, "params": {"C": 477.01053627057354, "epsilon": 0.5687444682836177, "gamma": 0.05900784717526941, "lamda": 0.20077022534037758}, "datetime": {"datetime": "2021-09-23 20:27:09", "elapsed": 7.423961, "delta": 0.506997}}
{"target": 0.9111923136676494, "params": {"C": 471.58790678631374, "epsilon": 0.23607883180539813, "gamma": 0.034529812416987285, "lamda": 0.35472539034786477}, "datetime": {"datetime": "2021-09-23 20:27:10", "elapsed": 7.948961, "delta": 0.525}}
{"target": 0.9152107802372011, "params": {"C": 423.459809274584, "epsilon": 0.13033105260711225, "gamma": 0.05721152210952261, "lamda": 0.41743567571007956}, "datetime": {"datetime": "2021-09-23 20:27:10", "elapsed": 8.488959, "delta": 0.539998}}
{"target": 0.9193791674430987, "params": {"C": 440.4923870071983, "epsilon": 0.06387259037495396, "gamma": 0.059521795342031364, "lamda": 0.36457237192466996}, "datetime": {"datetime": "2021-09-23 20:27:11", "elapsed": 9.261959, "delta": 0.773}}
{"target": 0.922016012756924, "params": {"C": 476.58254095937855, "epsilon": 0.11135659987212917, "gamma": 0.05622668304180779, "lamda": 0.19252052918594875}, "datetime": {"datetime": "2021-09-23 20:27:11", "elapsed": 9.706961, "delta": 0.445002}}
{"target": 0.9079225479687998, "params": {"C": 427.89828291322067, "epsilon": 0.38961824150456126, "gamma": 0.037253644770244156, "lamda": 0.2997962654778585}, "datetime": {"datetime": "2021-09-23 20:27:12", "elapsed": 10.404843, "delta": 0.697882}}
{"target": 0.9262612861689774, "params": {"C": 422.83994680849196, "epsilon": 0.08208262758476725, "gamma": 0.037870298513161246, "lamda": 0.11729675195938254}, "datetime": {"datetime": "2021-09-23 20:27:13", "elapsed": 10.916096, "delta": 0.511253}}
{"target": 0.9102015366763421, "params": {"C": 476.80500073960957, "epsilon": 0.1331638314591884, "gamma": 0.0765698485671357, "lamda": 0.3240807778182853}, "datetime": {"datetime": "2021-09-23 20:27:13", "elapsed": 11.360098, "delta": 0.444002}}
{"target": 0.9193151441980023, "params": {"C": 422.83312172216466, "epsilon": 0.26038378105918103, "gamma": 0.054326889782555524, "lamda": 0.15363658717319445}, "datetime": {"datetime": "2021-09-23 20:27:14", "elapsed": 12.147568, "delta": 0.78747}}
{"target": 0.9147551624410387, "params": {"C": 446.9411483866361, "epsilon": 0.7748225362254351, "gamma": 0.05235500012301533, "lamda": 0.09248362851045264}, "datetime": {"datetime": "2021-09-23 20:27:14", "elapsed": 12.597506, "delta": 0.449938}}
{"target": 0.9202468674781106, "params": {"C": 422.92019991800197, "epsilon": 0.07657966410117767, "gamma": 0.06261897030039022, "lamda": 0.07467952737287997}, "datetime": {"datetime": "2021-09-23 20:27:15", "elapsed": 13.209504, "delta": 0.611998}}
{"target": 0.9066025079025647, "params": {"C": 431.0531120073656, "epsilon": 0.28820963773933184, "gamma": 0.07984054619148959, "lamda": 0.23219235768854868}, "datetime": {"datetime": "2021-09-23 20:27:15", "elapsed": 13.770614, "delta": 0.56111}}
{"target": 0.912671270098113, "params": {"C": 422.9986570885658, "epsilon": 0.25274352410548473, "gamma": 0.06905340497156724, "lamda": 0.21247618525401268}, "datetime": {"datetime": "2021-09-23 20:27:16", "elapsed": 14.350042, "delta": 0.579428}}
{"target": 0.9218835798785212, "params": {"C": 476.7129508147702, "epsilon": 0.11605683307318206, "gamma": 0.04370613599863913, "lamda": 0.0189713612738525}, "datetime": {"datetime": "2021-09-23 20:27:17", "elapsed": 15.002624, "delta": 0.652582}}
{"target": 0.9146068176276678, "params": {"C": 476.59292077652736, "epsilon": 0.10483122821500918, "gamma": 0.07421915064578677, "lamda": 0.18236455244085192}, "datetime": {"datetime": "2021-09-23 20:27:17", "elapsed": 15.592619, "delta": 0.589995}}
{"target": 0.8950603496243655, "params": {"C": 459.20859533230794, "epsilon": 0.6291917669745072, "gamma": 0.07183803651793536, "lamda": 0.32289498693807434}, "datetime": {"datetime": "2021-09-23 20:27:18", "elapsed": 16.099409, "delta": 0.50679}}
{"target": 0.9237220169886343, "params": {"C": 428.6253528746555, "epsilon": 0.39651198138236965, "gamma": 0.030296732153542734, "lamda": 0.02097040016441468}, "datetime": {"datetime": "2021-09-23 20:27:19", "elapsed": 17.221388, "delta": 1.121979}}
{"target": 0.9226031163913863, "params": {"C": 476.5177430606867, "epsilon": 0.10338824347702322, "gamma": 0.036246883824265566, "lamda": 0.22466473012609023}, "datetime": {"datetime": "2021-09-23 20:27:20", "elapsed": 18.177568, "delta": 0.95618}}
{"target": 0.9225412457006525, "params": {"C": 422.82578191939746, "epsilon": 0.20321662688236025, "gamma": 0.034980968055238953, "lamda": 0.09920273095315504}, "datetime": {"datetime": "2021-09-23 20:27:20", "elapsed": 18.776901, "delta": 0.599333}}
{"target": 0.9098951235367012, "params": {"C": 467.8109854544266, "epsilon": 0.5314503189206546, "gamma": 0.07055899114076405, "lamda": 0.1379920925647539}, "datetime": {"datetime": "2021-09-23 20:27:21", "elapsed": 19.243902, "delta": 0.467001}}
{"target": 0.9249295945442657, "params": {"C": 422.76828585711723, "epsilon": 0.06045028990760647, "gamma": 0.04328219356402697, "lamda": 0.0732685909868338}, "datetime": {"datetime": "2021-09-23 20:27:21", "elapsed": 19.829905, "delta": 0.586003}}
{"target": 0.8933590963931523, "params": {"C": 401.94620438098843, "epsilon": 0.5458288567829831, "gamma": 0.045171417661062294, "lamda": 0.4843392777486404}, "datetime": {"datetime": "2021-09-23 20:27:22", "elapsed": 20.319128, "delta": 0.489223}}
{"target": 0.9200360952929828, "params": {"C": 476.54756496915894, "epsilon": 0.21452306143270974, "gamma": 0.03926812166385455, "lamda": 0.1852873752210744}, "datetime": {"datetime": "2021-09-23 20:27:23", "elapsed": 20.894536, "delta": 0.575408}}
{"target": 0.9243293293236173, "params": {"C": 422.88893117132966, "epsilon": 0.13704625427490885, "gamma": 0.0521139630580026, "lamda": 0.11350011831081838}, "datetime": {"datetime": "2021-09-23 20:27:23", "elapsed": 21.522539, "delta": 0.628003}}
{"target": 0.9127514932218123, "params": {"C": 464.0715348844055, "epsilon": 0.08109376892593559, "gamma": 0.07068161724603811, "lamda": 0.450641490021685}, "datetime": {"datetime": "2021-09-23 20:27:24", "elapsed": 22.207393, "delta": 0.684854}}
{"target": 0.9150588076276156, "params": {"C": 422.9781592035404, "epsilon": 0.10246664950746293, "gamma": 0.07382868512489435, "lamda": 0.1699006355903302}, "datetime": {"datetime": "2021-09-23 20:27:25", "elapsed": 23.187382, "delta": 0.979989}}
{"target": 0.9067910741909201, "params": {"C": 415.36805156602554, "epsilon": 0.64075344557202, "gamma": 0.07632080888852778, "lamda": 0.1275413738034008}, "datetime": {"datetime": "2021-09-23 20:27:25", "elapsed": 23.693384, "delta": 0.506002}}
{"target": 0.9079644301764157, "params": {"C": 422.8185987386068, "epsilon": 0.12411740460159595, "gamma": 0.08, "lamda": 0.044526740785110576}, "datetime": {"datetime": "2021-09-23 20:27:26", "elapsed": 24.521154, "delta": 0.82777}}
{"target": 0.9110905076203976, "params": {"C": 422.9747432863568, "epsilon": 0.18443396465692144, "gamma": 0.07724656716673378, "lamda": 0.03705169452451243}, "datetime": {"datetime": "2021-09-23 20:27:27", "elapsed": 25.308152, "delta": 0.786998}}
{"target": 0.9120944566837206, "params": {"C": 476.61188818584515, "epsilon": 0.09977524379995835, "gamma": 0.07885761225389176, "lamda": 0.15162955412032442}, "datetime": {"datetime": "2021-09-23 20:27:28", "elapsed": 26.193362, "delta": 0.88521}}
{"target": 0.9088807171656352, "params": {"C": 484.4672303808105, "epsilon": 0.5804343011050528, "gamma": 0.06799535446777749, "lamda": 0.15291304655903132}, "datetime": {"datetime": "2021-09-23 20:27:28", "elapsed": 26.806039, "delta": 0.612677}}
{"target": 0.913563357670032, "params": {"C": 422.7941239292618, "epsilon": 0.15113057472618477, "gamma": 0.07527695198397749, "lamda": 0.18272905612321177}, "datetime": {"datetime": "2021-09-23 20:27:29", "elapsed": 27.403039, "delta": 0.597}}
{"target": 0.9112639050238492, "params": {"C": 422.77945583012456, "epsilon": 0.055992357809801475, "gamma": 0.07399813105140954, "lamda": 0.07503918760448897}, "datetime": {"datetime": "2021-09-23 20:27:30", "elapsed": 27.920885, "delta": 0.517846}}
{"target": 0.9013219488678121, "params": {"C": 417.0450866846654, "epsilon": 0.5179962235633986, "gamma": 0.06998179600057866, "lamda": 0.28522868971303195}, "datetime": {"datetime": "2021-09-23 20:27:30", "elapsed": 28.555734, "delta": 0.634849}}
{"target": 0.9182363147099721, "params": {"C": 476.5311315073879, "epsilon": 0.15810832990955687, "gamma": 0.06657049923979, "lamda": 0.1421449842449854}, "datetime": {"datetime": "2021-09-23 20:27:32", "elapsed": 29.958362, "delta": 1.402628}}
{"target": 0.9232344368982894, "params": {"C": 422.91919604423737, "epsilon": 0.19194620146618627, "gamma": 0.049864481302101124, "lamda": 0.12359742884081996}, "datetime": {"datetime": "2021-09-23 20:27:32", "elapsed": 30.503226, "delta": 0.544864}}
{"target": 0.92322799163162, "params": {"C": 423.0454889434162, "epsilon": 0.16900742387029233, "gamma": 0.04268610057400715, "lamda": 0.14599718193610417}, "datetime": {"datetime": "2021-09-23 20:27:33", "elapsed": 31.063386, "delta": 0.56016}}
{"target": 0.9248923092738824, "params": {"C": 423.0083541850311, "epsilon": 0.10809313542070637, "gamma": 0.05296514649720459, "lamda": 0.10724365993622165}, "datetime": {"datetime": "2021-09-23 20:27:33", "elapsed": 31.734386, "delta": 0.671}}
{"target": 0.9251330215850856, "params": {"C": 423.11293871973044, "epsilon": 0.1146882962795434, "gamma": 0.04234031035441587, "lamda": 0.1334546826780434}, "datetime": {"datetime": "2021-09-23 20:27:34", "elapsed": 32.380152, "delta": 0.645766}}
{"target": 0.9022948979601585, "params": {"C": 465.32981390649496, "epsilon": 0.7101640468405281, "gamma": 0.03920257797937606, "lamda": 0.2419835019088113}, "datetime": {"datetime": "2021-09-23 20:27:35", "elapsed": 32.955292, "delta": 0.57514}}
{"target": 0.9268493183111431, "params": {"C": 423.1255312094174, "epsilon": 0.10340157997026808, "gamma": 0.0390550926168128, "lamda": 0.06923166679453667}, "datetime": {"datetime": "2021-09-23 20:27:35", "elapsed": 33.774291, "delta": 0.818999}}
{"target": 0.9154288619424792, "params": {"C": 423.0981431619192, "epsilon": 0.05599430439460788, "gamma": 0.07061799867250265, "lamda": 0.10747356545215303}, "datetime": {"datetime": "2021-09-23 20:27:36", "elapsed": 34.447916, "delta": 0.673625}}
{"target": 0.9229206590096158, "params": {"C": 422.71894431816, "epsilon": 0.07726547320803519, "gamma": 0.03, "lamda": 0.09008760567455679}, "datetime": {"datetime": "2021-09-23 20:27:37", "elapsed": 35.13474, "delta": 0.686824}}
{"target": 0.924156291136249, "params": {"C": 423.0724672893245, "epsilon": 0.16121085944514554, "gamma": 0.05592907093814975, "lamda": 0.060360627122358845}, "datetime": {"datetime": "2021-09-23 20:27:37", "elapsed": 35.832039, "delta": 0.697299}}
{"target": 0.9246655171485958, "params": {"C": 423.15805683992363, "epsilon": 0.146743855359373, "gamma": 0.05487658598117238, "lamda": 0.060127171607369474}, "datetime": {"datetime": "2021-09-23 20:27:38", "elapsed": 36.42594, "delta": 0.593901}}
{"target": 0.8982612835600118, "params": {"C": 423.2918837265283, "epsilon": 0.5935170874675838, "gamma": 0.03881375200125329, "lamda": 0.3473299030768756}, "datetime": {"datetime": "2021-09-23 20:27:39", "elapsed": 36.908564, "delta": 0.482624}}
{"target": 0.9195622872520086, "params": {"C": 493.3258694933887, "epsilon": 0.08087896197142828, "gamma": 0.0615498338168601, "lamda": 0.27176260164721366}, "datetime": {"datetime": "2021-09-23 20:27:39", "elapsed": 37.481567, "delta": 0.573003}}
{"target": 0.9197928245201694, "params": {"C": 476.7976546082641, "epsilon": 0.16096134269114903, "gamma": 0.03, "lamda": 0.015}, "datetime": {"datetime": "2021-09-23 20:27:40", "elapsed": 38.44234, "delta": 0.960773}}
{"target": 0.9162680291870637, "params": {"C": 476.51856918523356, "epsilon": 0.1698228110000052, "gamma": 0.0569625390767564, "lamda": 0.3027566680441801}, "datetime": {"datetime": "2021-09-23 20:27:41", "elapsed": 39.03039, "delta": 0.58805}}
{"target": 0.9161016343080541, "params": {"C": 476.9213846895652, "epsilon": 0.17459828519693044, "gamma": 0.04453852834724738, "lamda": 0.36103855083614805}, "datetime": {"datetime": "2021-09-23 20:27:41", "elapsed": 39.581355, "delta": 0.550965}}
{"target": 0.9140334162503567, "params": {"C": 476.3577651126641, "epsilon": 0.33643168315639305, "gamma": 0.07054368193498503, "lamda": 0.1275505104742874}, "datetime": {"datetime": "2021-09-23 20:27:42", "elapsed": 40.274862, "delta": 0.693507}}
{"target": 0.9033095052817955, "params": {"C": 484.58786071119823, "epsilon": 0.2093845854024448, "gamma": 0.0763265648173801, "lamda": 0.45271840814564157}, "datetime": {"datetime": "2021-09-23 20:27:43", "elapsed": 40.883423, "delta": 0.608561}}
{"target": 0.9130518237789249, "params": {"C": 476.8550224836337, "epsilon": 0.11747853976559314, "gamma": 0.07508306713610036, "lamda": 0.07915214260279113}, "datetime": {"datetime": "2021-09-23 20:27:43", "elapsed": 41.436422, "delta": 0.552999}}
{"target": 0.89852729729728, "params": {"C": 442.15792260093224, "epsilon": 0.6170908365157683, "gamma": 0.0720422148174952, "lamda": 0.2746733593106289}, "datetime": {"datetime": "2021-09-23 20:27:44", "elapsed": 41.99809, "delta": 0.561668}}
{"target": 0.923079051454771, "params": {"C": 428.700208030226, "epsilon": 0.4126983729705006, "gamma": 0.03846366582926327, "lamda": 0.05638083690368786}, "datetime": {"datetime": "2021-09-23 20:27:44", "elapsed": 42.690816, "delta": 0.692726}}
{"target": 0.9052570750537464, "params": {"C": 416.7725843358535, "epsilon": 0.7631554551086758, "gamma": 0.056364998933017246, "lamda": 0.19415203168139417}, "datetime": {"datetime": "2021-09-23 20:27:45", "elapsed": 43.346814, "delta": 0.655998}}
{"target": 0.9207301085294272, "params": {"C": 428.75116873832417, "epsilon": 0.32099797416641696, "gamma": 0.031038307035443895, "lamda": 0.0614600467801414}, "datetime": {"datetime": "2021-09-23 20:27:46", "elapsed": 44.023453, "delta": 0.676639}}
{"target": 0.9194435115285912, "params": {"C": 423.03658680120793, "epsilon": 0.07957448673908316, "gamma": 0.030638305035124734, "lamda": 0.03347130963306448}, "datetime": {"datetime": "2021-09-23 20:27:46", "elapsed": 44.715498, "delta": 0.692045}}
{"target": 0.9108335882272585, "params": {"C": 428.62709096444246, "epsilon": 0.29034420515333825, "gamma": 0.07982436542438631, "lamda": 0.039545972490023965}, "datetime": {"datetime": "2021-09-23 20:27:47", "elapsed": 45.500134, "delta": 0.784636}}
{"target": 0.9224759963573068, "params": {"C": 439.19505304132366, "epsilon": 0.036361827787619885, "gamma": 0.03226992839747971, "lamda": 0.31451380937543355}, "datetime": {"datetime": "2021-09-23 20:27:48", "elapsed": 46.087576, "delta": 0.587442}}
{"target": 0.9213595861445105, "params": {"C": 439.1421162185603, "epsilon": 0.0854701218433267, "gamma": 0.04673850050117913, "lamda": 0.34456489082356684}, "datetime": {"datetime": "2021-09-23 20:27:48", "elapsed": 46.6816, "delta": 0.594024}}
{"target": 0.8908587770938063, "params": {"C": 436.37774185467777, "epsilon": 0.5808351731505828, "gamma": 0.03545655446295451, "lamda": 0.4593831869832244}, "datetime": {"datetime": "2021-09-23 20:27:49", "elapsed": 47.268597, "delta": 0.586997}}
{"target": 0.9151342865886455, "params": {"C": 428.780279281127, "epsilon": 0.4164054948045094, "gamma": 0.06498958280805153, "lamda": 0.11736336813502195}, "datetime": {"datetime": "2021-09-23 20:27:50", "elapsed": 47.873597, "delta": 0.605}}
{"target": 0.9115050966133065, "params": {"C": 439.1369039398523, "epsilon": 0.09633539204506691, "gamma": 0.0798235973034529, "lamda": 0.23378630772653985}, "datetime": {"datetime": "2021-09-23 20:27:50", "elapsed": 48.628597, "delta": 0.755}}
{"target": 0.9168773453642007, "params": {"C": 492.6978301503865, "epsilon": 0.7631999921612567, "gamma": 0.034323606991858595, "lamda": 0.06422763961852218}, "datetime": {"datetime": "2021-09-23 20:27:51", "elapsed": 49.252594, "delta": 0.623997}}
{"target": 0.907075960859747, "params": {"C": 443.12865332461774, "epsilon": 0.3606101637789485, "gamma": 0.045646339418552895, "lamda": 0.3707127376318272}, "datetime": {"datetime": "2021-09-23 20:27:52", "elapsed": 49.9646, "delta": 0.712006}}
{"target": 0.9155883307410383, "params": {"C": 403.11372027214077, "epsilon": 0.47706322519171296, "gamma": 0.03447148089872688, "lamda": 0.11979846378071822}, "datetime": {"datetime": "2021-09-23 20:27:52", "elapsed": 50.5236, "delta": 0.559}}
{"target": 0.9182844409042478, "params": {"C": 428.59612131894085, "epsilon": 0.49173810960561326, "gamma": 0.044339524072118615, "lamda": 0.10652464985876355}, "datetime": {"datetime": "2021-09-23 20:27:53", "elapsed": 51.239623, "delta": 0.716023}}
{"target": 0.9212696060028926, "params": {"C": 423.06336412560233, "epsilon": 0.09552836835063493, "gamma": 0.0361648364647633, "lamda": 0.016828444106369588}, "datetime": {"datetime": "2021-09-23 20:27:54", "elapsed": 51.873656, "delta": 0.634033}}
{"target": 0.9189369006352001, "params": {"C": 423.1616759489999, "epsilon": 0.16306217278593907, "gamma": 0.03119819348209212, "lamda": 0.1769413817428097}, "datetime": {"datetime": "2021-09-23 20:27:54", "elapsed": 52.565156, "delta": 0.6915}}
{"target": 0.8937529121888372, "params": {"C": 426.38804405281365, "epsilon": 0.5922244134340762, "gamma": 0.05272666454991268, "lamda": 0.44308636472785107}, "datetime": {"datetime": "2021-09-23 20:27:55", "elapsed": 53.103157, "delta": 0.538001}}
{"target": 0.922853393588851, "params": {"C": 439.31646657624685, "epsilon": 0.06129331237318141, "gamma": 0.03830686171930967, "lamda": 0.3269864135918284}, "datetime": {"datetime": "2021-09-23 20:27:56", "elapsed": 53.906159, "delta": 0.803002}}
{"target": 0.907520475456415, "params": {"C": 466.14663156974814, "epsilon": 0.11899492471709734, "gamma": 0.07861451164567969, "lamda": 0.4345174090526774}, "datetime": {"datetime": "2021-09-23 20:27:56", "elapsed": 54.549337, "delta": 0.643178}}
{"target": 0.9108623259191477, "params": {"C": 477.08992578931145, "epsilon": 0.03166605665559458, "gamma": 0.07757256896839992, "lamda": 0.3628860594409016}, "datetime": {"datetime": "2021-09-23 20:27:57", "elapsed": 55.170141, "delta": 0.620804}}
{"target": 0.9111822326353295, "params": {"C": 439.2116403021636, "epsilon": 0.09440547501448641, "gamma": 0.0746486430772364, "lamda": 0.4009223340050737}, "datetime": {"datetime": "2021-09-23 20:27:58", "elapsed": 56.167047, "delta": 0.996906}}
