{"target": 0.9158475395110366, "params": {"C": 1240.4187699864935, "epsilon": 0.15934141885707026, "gamma": 0.052694947460293545, "lamda": 0.1458750236166002}, "datetime": {"datetime": "2021-09-23 11:54:58", "elapsed": 1.5226, "delta": 0.542601}}
{"target": 0.9183791118669216, "params": {"C": 1250.6620843612075, "epsilon": 0.11152313980656876, "gamma": 0.06172062034391502, "lamda": 0.11713781215636344}, "datetime": {"datetime": "2021-09-23 11:54:59", "elapsed": 2.119636, "delta": 0.597036}}
{"target": 0.9144189561061676, "params": {"C": 1268.378737207402, "epsilon": 0.26913853095026985, "gamma": 0.08274921537764318, "lamda": 0.14749348798088002}, "datetime": {"datetime": "2021-09-23 11:55:00", "elapsed": 2.755639, "delta": 0.636003}}
{"target": 0.915947277059843, "params": {"C": 1349.9989808712637, "epsilon": 0.32777791137250895, "gamma": 0.0649401685211357, "lamda": 0.10177379858218683}, "datetime": {"datetime": "2021-09-23 11:55:00", "elapsed": 3.264124, "delta": 0.508485}}
{"target": 0.91374368489735, "params": {"C": 1211.3743752129599, "epsilon": 0.3317437564155896, "gamma": 0.06464584345290571, "lamda": 0.13357927154892857}, "datetime": {"datetime": "2021-09-23 11:55:01", "elapsed": 3.782915, "delta": 0.518791}}
{"target": 0.9121984937925498, "params": {"C": 1332.9722516829252, "epsilon": 0.12092622640256478, "gamma": 0.09554338510720099, "lamda": 0.14830620775995085}, "datetime": {"datetime": "2021-09-23 11:55:01", "elapsed": 4.349916, "delta": 0.567001}}
{"target": 0.9138983919761301, "params": {"C": 1168.0267427406634, "epsilon": 0.3359893682876136, "gamma": 0.05224517095610832, "lamda": 0.09024555552374408}, "datetime": {"datetime": "2021-09-23 11:55:02", "elapsed": 4.969535, "delta": 0.619619}}
{"target": 0.9125331583726961, "params": {"C": 1294.3510634863599, "epsilon": 0.14880653840607097, "gamma": 0.09588870612564718, "lamda": 0.13432197292471132}, "datetime": {"datetime": "2021-09-23 12:01:27", "elapsed": 390.49905, "delta": 385.529515}}
{"target": 0.9179828732493382, "params": {"C": 1258.5088736022522, "epsilon": 0.10838591285241228, "gamma": 0.06866703800257347, "lamda": 0.12926670188329314}, "datetime": {"datetime": "2021-09-23 12:01:28", "elapsed": 390.803913, "delta": 0.304863}}
{"target": 0.9165906653577183, "params": {"C": 1238.3666348845993, "epsilon": 0.18718377819998933, "gamma": 0.08088834892346586, "lamda": 0.10914228031929886}, "datetime": {"datetime": "2021-09-23 12:01:28", "elapsed": 391.11791, "delta": 0.313997}}
{"target": 0.914497937755502, "params": {"C": 1280.0794363862935, "epsilon": 0.232280517419227, "gamma": 0.09026115984163732, "lamda": 0.11020589404920426}, "datetime": {"datetime": "2021-09-23 12:01:28", "elapsed": 391.397917, "delta": 0.280007}}
{"target": 0.9176635117300798, "params": {"C": 1229.3814640247867, "epsilon": 0.2906912898901699, "gamma": 0.0728050340551579, "lamda": 0.07732139857792428}, "datetime": {"datetime": "2021-09-23 12:01:29", "elapsed": 392.114909, "delta": 0.716992}}
{"target": 0.9166942475791314, "params": {"C": 1196.2222499119073, "epsilon": 0.34, "gamma": 0.05, "lamda": 0.045}, "datetime": {"datetime": "2021-09-23 12:01:30", "elapsed": 392.759913, "delta": 0.645004}}
{"target": 0.9048509330019394, "params": {"C": 1223.0605391151996, "epsilon": 0.07, "gamma": 0.05, "lamda": 0.045}, "datetime": {"datetime": "2021-09-23 12:01:30", "elapsed": 393.354913, "delta": 0.595}}
{"target": 0.9128383227017932, "params": {"C": 1233.0867838550914, "epsilon": 0.3217592191661202, "gamma": 0.0888557843611972, "lamda": 0.14045655010885272}, "datetime": {"datetime": "2021-09-23 12:01:31", "elapsed": 394.622907, "delta": 1.267994}}
{"target": 0.9171892680157342, "params": {"C": 1255.2688241692658, "epsilon": 0.11032556241688976, "gamma": 0.050857154977751555, "lamda": 0.0882812638355918}, "datetime": {"datetime": "2021-09-23 12:01:32", "elapsed": 395.133915, "delta": 0.511008}}
{"target": 0.9176572181086476, "params": {"C": 1261.8212720696959, "epsilon": 0.33148396592601115, "gamma": 0.05857706066427089, "lamda": 0.061108510804615004}, "datetime": {"datetime": "2021-09-23 12:01:32", "elapsed": 395.599948, "delta": 0.466033}}
{"target": 0.9161290802367602, "params": {"C": 1191.7113725925567, "epsilon": 0.22688845176946446, "gamma": 0.074333541754691, "lamda": 0.14545833727765342}, "datetime": {"datetime": "2021-09-23 12:01:33", "elapsed": 396.058909, "delta": 0.458961}}
{"target": 0.9096769900009204, "params": {"C": 1245.799599245211, "epsilon": 0.34, "gamma": 0.1, "lamda": 0.16011563589282754}, "datetime": {"datetime": "2021-09-23 12:01:33", "elapsed": 396.612909, "delta": 0.554}}
{"target": 0.9099130857184828, "params": {"C": 1199.8365648455342, "epsilon": 0.09604021163852994, "gamma": 0.055174144890832014, "lamda": 0.04734457137532529}, "datetime": {"datetime": "2021-09-23 12:01:34", "elapsed": 397.176905, "delta": 0.563996}}
{"target": 0.9048374899308762, "params": {"C": 1264.3766318764813, "epsilon": 0.07, "gamma": 0.05, "lamda": 0.045}, "datetime": {"datetime": "2021-09-23 12:01:35", "elapsed": 397.855907, "delta": 0.679002}}
{"target": 0.9121057774867404, "params": {"C": 1260.233176818665, "epsilon": 0.22063673729774527, "gamma": 0.09409078057968068, "lamda": 0.07458455221829877}, "datetime": {"datetime": "2021-09-23 12:01:35", "elapsed": 398.438922, "delta": 0.583015}}
{"target": 0.9166671946737881, "params": {"C": 1257.5520286535987, "epsilon": 0.14469671410794877, "gamma": 0.0800037044389216, "lamda": 0.13065330299942482}, "datetime": {"datetime": "2021-09-23 12:01:36", "elapsed": 399.041915, "delta": 0.602993}}
{"target": 0.9180353536124493, "params": {"C": 1228.2118432619027, "epsilon": 0.3389163402579398, "gamma": 0.06786912476690402, "lamda": 0.04895235200519379}, "datetime": {"datetime": "2021-09-23 12:01:37", "elapsed": 400.165915, "delta": 1.124}}
{"target": 0.9124394272114549, "params": {"C": 1252.0220301568415, "epsilon": 0.3334563869071298, "gamma": 0.06101143779494695, "lamda": 0.14213668724805478}, "datetime": {"datetime": "2021-09-23 12:01:38", "elapsed": 400.741908, "delta": 0.575993}}
{"target": 0.9076125007353016, "params": {"C": 1227.0312739447238, "epsilon": 0.07, "gamma": 0.1, "lamda": 0.17}, "datetime": {"datetime": "2021-09-23 12:01:38", "elapsed": 401.250907, "delta": 0.508999}}
{"target": 0.9116665113224316, "params": {"C": 1228.7432818456207, "epsilon": 0.09545819157033165, "gamma": 0.06342792705245229, "lamda": 0.062243453051841854}, "datetime": {"datetime": "2021-09-23 12:01:39", "elapsed": 401.762909, "delta": 0.512002}}
{"target": 0.9156520059838552, "params": {"C": 1291.9423018703249, "epsilon": 0.1262052596488611, "gamma": 0.08200012592564279, "lamda": 0.12670691109632298}, "datetime": {"datetime": "2021-09-23 12:01:39", "elapsed": 402.144912, "delta": 0.382003}}
{"target": 0.9136259015117364, "params": {"C": 1268.4171906646159, "epsilon": 0.28010620400404795, "gamma": 0.09183803651793537, "lamda": 0.12435437807682329}, "datetime": {"datetime": "2021-09-23 12:01:40", "elapsed": 402.740908, "delta": 0.595996}}
{"target": 0.9165933703675893, "params": {"C": 1207.250705749311, "epsilon": 0.19851718827693485, "gamma": 0.05029673215354274, "lamda": 0.046538762928972854}, "datetime": {"datetime": "2021-09-23 12:01:40", "elapsed": 403.354929, "delta": 0.614021}}
{"target": 0.9136511006200552, "params": {"C": 1250.4351735426615, "epsilon": 0.13513244634416505, "gamma": 0.09282701723903859, "lamda": 0.16321931834709952}, "datetime": {"datetime": "2021-09-23 12:01:41", "elapsed": 403.835688, "delta": 0.480759}}
{"target": 0.9178040399828965, "params": {"C": 1250.8651270173516, "epsilon": 0.1416314089526456, "gamma": 0.05394676110099045, "lamda": 0.11202086247197}, "datetime": {"datetime": "2021-09-23 12:01:41", "elapsed": 404.341688, "delta": 0.506}}
{"target": 0.9107875300503624, "params": {"C": 1249.4485032103541, "epsilon": 0.13093996042427203, "gamma": 0.07654808068960647, "lamda": 0.060714643717742905}, "datetime": {"datetime": "2021-09-23 12:01:42", "elapsed": 404.800513, "delta": 0.458825}}
{"target": 0.9138495064408908, "params": {"C": 1250.731544014976, "epsilon": 0.2822072482556144, "gamma": 0.05549078670751764, "lamda": 0.12210280621512136}, "datetime": {"datetime": "2021-09-23 12:01:42", "elapsed": 405.287899, "delta": 0.487386}}
{"target": 0.9142716475376684, "params": {"C": 1153.8924087619769, "epsilon": 0.2508750536771499, "gamma": 0.0651714176610623, "lamda": 0.16596373137851556}, "datetime": {"datetime": "2021-09-23 12:01:43", "elapsed": 405.715934, "delta": 0.428035}}
{"target": 0.9165188360055113, "params": {"C": 1249.8526242539158, "epsilon": 0.19127685308064662, "gamma": 0.05619818293324666, "lamda": 0.126890159737468}, "datetime": {"datetime": "2021-09-23 12:01:43", "elapsed": 406.21589, "delta": 0.499956}}
{"target": 0.9136446013995744, "params": {"C": 1228.036474348273, "epsilon": 0.3394289117698655, "gamma": 0.058809478531911326, "lamda": 0.11641296006847798}, "datetime": {"datetime": "2021-09-23 12:01:44", "elapsed": 406.88889, "delta": 0.673}}
{"target": 0.9122889300094065, "params": {"C": 1278.143069768811, "epsilon": 0.0879159968961073, "gamma": 0.09068161724603811, "lamda": 0.1572787345416714}, "datetime": {"datetime": "2021-09-23 12:01:44", "elapsed": 407.475888, "delta": 0.586998}}
{"target": 0.9179802678471278, "params": {"C": 1228.3673134495752, "epsilon": 0.3143278937619669, "gamma": 0.06924015140795746, "lamda": 0.06738209794419629}, "datetime": {"datetime": "2021-09-23 12:01:45", "elapsed": 408.145931, "delta": 0.670043}}
{"target": 0.9124813106226776, "params": {"C": 1180.736103132051, "epsilon": 0.28416029909668233, "gamma": 0.09632080888852779, "lamda": 0.0740055087122167}, "datetime": {"datetime": "2021-09-23 12:01:45", "elapsed": 408.530896, "delta": 0.384965}}
{"target": 0.9161622039979526, "params": {"C": 1228.2383987030698, "epsilon": 0.16348506777157684, "gamma": 0.052564260665540596, "lamda": 0.13402807767897829}, "datetime": {"datetime": "2021-09-23 12:01:46", "elapsed": 409.068704, "delta": 0.537808}}
{"target": 0.9074170406464881, "params": {"C": 1256.2588051588998, "epsilon": 0.0905666254751626, "gamma": 0.08619060965097056, "lamda": 0.08815192594542853}, "datetime": {"datetime": "2021-09-23 12:01:46", "elapsed": 409.588701, "delta": 0.519997}}
{"target": 0.9172975663101837, "params": {"C": 1258.310637238425, "epsilon": 0.2056411978785931, "gamma": 0.07151855225225637, "lamda": 0.13052537291868532}, "datetime": {"datetime": "2021-09-23 12:01:47", "elapsed": 410.435706, "delta": 0.847005}}
{"target": 0.9148768090500493, "params": {"C": 1318.934460761621, "epsilon": 0.2630094302576159, "gamma": 0.0879953544677775, "lamda": 0.08054459962861632}, "datetime": {"datetime": "2021-09-23 12:01:48", "elapsed": 411.101703, "delta": 0.665997}}
{"target": 0.8040005982610943, "params": {"C": 1304.2641286533492, "epsilon": 0.0814526364551581, "gamma": 0.46187135270207896, "lamda": 0.14739234942847507}, "datetime": {"datetime": "2021-09-23 12:02:03", "elapsed": 0.0, "delta": 0.0}}
{"target": 0.88306132940484, "params": {"C": 1249.701402460518, "epsilon": 0.09573576518715934, "gamma": 0.17874086209375556, "lamda": 0.14844776409790628}, "datetime": {"datetime": "2021-09-23 12:02:03", "elapsed": 0.422999, "delta": 0.422999}}
{"target": 0.7939719053631937, "params": {"C": 1183.8221673125072, "epsilon": 0.08618378699218072, "gamma": 0.4954838819390681, "lamda": 0.1658054011575443}, "datetime": {"datetime": "2021-09-23 12:02:04", "elapsed": 0.78367, "delta": 0.360671}}
{"target": 0.7688089970545904, "params": {"C": 1150.789653265583, "epsilon": 0.11585345843700437, "gamma": 0.5782036250738738, "lamda": 0.13512734601464493}, "datetime": {"datetime": "2021-09-23 12:02:04", "elapsed": 1.148823, "delta": 0.365153}}
{"target": 0.7680097351827102, "params": {"C": 1228.2462102297802, "epsilon": 0.13523573360762142, "gamma": 0.5810484655290639, "lamda": 0.12361185677510787}, "datetime": {"datetime": "2021-09-23 12:02:05", "elapsed": 1.624855, "delta": 0.476032}}
{"target": 0.8911451675625672, "params": {"C": 1248.8144150984058, "epsilon": 0.10033267113479516, "gamma": 0.15548206163216516, "lamda": 0.16327875064192193}, "datetime": {"datetime": "2021-09-23 12:02:05", "elapsed": 2.005822, "delta": 0.380967}}
{"target": 0.7431446670035606, "params": {"C": 1242.2175654667512, "epsilon": 0.11844780398055776, "gamma": 0.6632122919568119, "lamda": 0.10634079214622531}, "datetime": {"datetime": "2021-09-23 12:02:05", "elapsed": 2.573027, "delta": 0.567205}}
{"target": 0.7459850342499261, "params": {"C": 1254.4228997421756, "epsilon": 0.10255807016106414, "gamma": 0.6527435262275487, "lamda": 0.14476949446048126}, "datetime": {"datetime": "2021-09-23 12:02:06", "elapsed": 3.078625, "delta": 0.505598}}
{"target": 0.7388739152696169, "params": {"C": 1246.6532697906264, "epsilon": 0.09552532294986318, "gamma": 0.6772825560670875, "lamda": 0.0994663910072195}, "datetime": {"datetime": "2021-09-23 12:02:07", "elapsed": 3.614622, "delta": 0.535997}}
{"target": 0.7344588961461809, "params": {"C": 1249.5095588289007, "epsilon": 0.1304230712095494, "gamma": 0.6922372423642534, "lamda": 0.08907349119000915}, "datetime": {"datetime": "2021-09-23 12:02:07", "elapsed": 4.133625, "delta": 0.519003}}
{"target": 0.8257374089450805, "params": {"C": 1302.859462776694, "epsilon": 0.10860339801928263, "gamma": 0.3876062268398524, "lamda": 0.11871126909351126}, "datetime": {"datetime": "2021-09-23 12:02:08", "elapsed": 4.612622, "delta": 0.478997}}
{"target": 0.8595002345410936, "params": {"C": 1158.1927974211915, "epsilon": 0.09585505423318522, "gamma": 0.2616703987516948, "lamda": 0.09694985259547975}, "datetime": {"datetime": "2021-09-23 12:02:08", "elapsed": 5.045623, "delta": 0.433001}}
{"target": 0.839491492638733, "params": {"C": 1301.0043832350534, "epsilon": 0.11010297053273908, "gamma": 0.3372880741299657, "lamda": 0.11059724054036249}, "datetime": {"datetime": "2021-09-23 12:02:08", "elapsed": 5.514628, "delta": 0.469005}}
{"target": 0.8829199362041045, "params": {"C": 1283.928092656194, "epsilon": 0.09764846373132247, "gamma": 0.18166227608911495, "lamda": 0.1656903417135204}, "datetime": {"datetime": "2021-09-23 12:02:09", "elapsed": 5.995626, "delta": 0.480998}}
{"target": 0.9058525324825768, "params": {"C": 1293.1758135726275, "epsilon": 0.0987344392550362, "gamma": 0.10888756142083468, "lamda": 0.14304182501300583}, "datetime": {"datetime": "2021-09-23 12:02:09", "elapsed": 6.501626, "delta": 0.506}}
{"target": 0.8211242118947201, "params": {"C": 1196.919618549168, "epsilon": 0.08912100478246475, "gamma": 0.4037497874237938, "lamda": 0.15467878518331374}, "datetime": {"datetime": "2021-09-23 12:02:10", "elapsed": 6.988626, "delta": 0.487}}
{"target": 0.8124126252467532, "params": {"C": 1230.9847740143966, "epsilon": 0.08307932639772309, "gamma": 0.4337833394464076, "lamda": 0.14486909994478414}, "datetime": {"datetime": "2021-09-23 12:02:11", "elapsed": 7.599624, "delta": 0.610998}}
{"target": 0.8031027833074919, "params": {"C": 1245.7858136301597, "epsilon": 0.10986757681358206, "gamma": 0.465533586954329, "lamda": 0.1660919679391439}, "datetime": {"datetime": "2021-09-23 12:02:11", "elapsed": 8.097624, "delta": 0.498}}
{"target": 0.8940859165892266, "params": {"C": 1205.7965658264413, "epsilon": 0.11269256740950556, "gamma": 0.144297382013174, "lamda": 0.13284879153197376}, "datetime": {"datetime": "2021-09-23 12:02:11", "elapsed": 8.539624, "delta": 0.442}}
{"target": 0.8292979424745502, "params": {"C": 1275.4699433340056, "epsilon": 0.13848739276899574, "gamma": 0.3751162878694244, "lamda": 0.1340209149289209}, "datetime": {"datetime": "2021-09-23 12:02:12", "elapsed": 9.010622, "delta": 0.470998}}
{"target": 0.8874260522838913, "params": {"C": 1278.0099545625753, "epsilon": 0.09847315937070342, "gamma": 0.15138322425604087, "lamda": 0.09440367955241259}, "datetime": {"datetime": "2021-09-23 12:02:12", "elapsed": 9.475624, "delta": 0.465002}}
{"target": 0.7343834203604998, "params": {"C": 1162.7608426898794, "epsilon": 0.10704847072802338, "gamma": 0.6921662903568699, "lamda": 0.09958888469574184}, "datetime": {"datetime": "2021-09-23 12:02:13", "elapsed": 9.956623, "delta": 0.480999}}
{"target": 0.8387172275746417, "params": {"C": 1243.8822967732722, "epsilon": 0.14771113965685773, "gamma": 0.3406150015991993, "lamda": 0.09437840529059946}, "datetime": {"datetime": "2021-09-23 12:02:13", "elapsed": 10.406632, "delta": 0.450009}}
{"target": 0.7429378769229846, "params": {"C": 1256.2716533314333, "epsilon": 0.09377498339242149, "gamma": 0.6638850033330091, "lamda": 0.09785132782606407}, "datetime": {"datetime": "2021-09-23 12:02:14", "elapsed": 10.900625, "delta": 0.493993}}
{"target": 0.7325014152260458, "params": {"C": 1212.1062240147312, "epsilon": 0.10347360343084835, "gamma": 0.6979271004893646, "lamda": 0.12030373647828738}, "datetime": {"datetime": "2021-09-23 12:02:14", "elapsed": 11.351623, "delta": 0.450998}}
{"target": 0.9116027227729941, "params": {"C": 1168.1313867402525, "epsilon": 0.098356066891229, "gamma": 0.091351020373131, "lamda": 0.13283284048304864}, "datetime": {"datetime": "2021-09-23 12:02:15", "elapsed": 11.790621, "delta": 0.438998}}
{"target": 0.7516027798753107, "params": {"C": 1283.6031451071706, "epsilon": 0.14607749366496695, "gamma": 0.6336288704675129, "lamda": 0.14747117789433328}, "datetime": {"datetime": "2021-09-23 12:02:15", "elapsed": 12.242628, "delta": 0.452007}}
{"target": 0.802878160157123, "params": {"C": 1291.9423018703249, "epsilon": 0.09457173398303806, "gamma": 0.4660016370333563, "lamda": 0.13882897598935257}, "datetime": {"datetime": "2021-09-23 12:02:16", "elapsed": 12.724621, "delta": 0.481993}}
{"target": 0.7639347358051045, "params": {"C": 1268.4171906646159, "epsilon": 0.13447197881586428, "gamma": 0.5938944747331597, "lamda": 0.13713515221531278}, "datetime": {"datetime": "2021-09-23 12:02:16", "elapsed": 13.163631, "delta": 0.43901}}
{"target": 0.917113774052098, "params": {"C": 1207.250705749311, "epsilon": 0.11331927103476089, "gamma": 0.05385751799605554, "lamda": 0.08110790930886046}, "datetime": {"datetime": "2021-09-23 12:02:17", "elapsed": 13.602621, "delta": 0.43899}}
{"target": 0.9177530508082417, "params": {"C": 1160.4290789066683, "epsilon": 0.1233554801560477, "gamma": 0.05384219056558875, "lamda": 0.13224447226295696}, "datetime": {"datetime": "2021-09-23 12:02:17", "elapsed": 14.121627, "delta": 0.519006}}
{"target": 0.8556388457268915, "params": {"C": 1182.4512053319347, "epsilon": 0.09606236185923724, "gamma": 0.2750351634756113, "lamda": 0.08178589731852852}, "datetime": {"datetime": "2021-09-23 12:02:18", "elapsed": 14.643625, "delta": 0.521998}}
{"target": 0.7693290095297374, "params": {"C": 1285.6219709088532, "epsilon": 0.12558639262915042, "gamma": 0.5772668848299328, "lamda": 0.1028232749089234}, "datetime": {"datetime": "2021-09-23 12:02:19", "elapsed": 15.70866, "delta": 1.065035}}
{"target": 0.8607831549489989, "params": {"C": 1228.1850259231228, "epsilon": 0.13869134706911906, "gamma": 0.262118708791056, "lamda": 0.16677397792338639}, "datetime": {"datetime": "2021-09-23 12:02:19", "elapsed": 16.125664, "delta": 0.417004}}
{"target": 0.8648248646805727, "params": {"C": 1153.8924087619769, "epsilon": 0.12689353243481663, "gamma": 0.24722842959380986, "lamda": 0.16709388659253122}, "datetime": {"datetime": "2021-09-23 12:02:19", "elapsed": 16.566268, "delta": 0.440604}}
{"target": 0.8197241990615369, "params": {"C": 1282.7282430923435, "epsilon": 0.08194677727668075, "gamma": 0.408485862739682, "lamda": 0.15267246059822434}, "datetime": {"datetime": "2021-09-23 12:02:20", "elapsed": 17.077211, "delta": 0.510943}}
{"target": 0.8086585321286328, "params": {"C": 1150.6241263305653, "epsilon": 0.11532048377952511, "gamma": 0.446678379160778, "lamda": 0.10224563889207447}, "datetime": {"datetime": "2021-09-23 12:02:21", "elapsed": 17.618032, "delta": 0.540821}}
{"target": 0.7684110067864925, "params": {"C": 1278.143069768811, "epsilon": 0.08464488808417596, "gamma": 0.5788610241984954, "lamda": 0.1608406888700034}, "datetime": {"datetime": "2021-09-23 12:02:21", "elapsed": 18.122025, "delta": 0.503993}}
{"target": 0.9062027588348043, "params": {"C": 1160.3630776445764, "epsilon": 0.09526642116299783, "gamma": 0.09498612134679485, "lamda": 0.09643643070466049}, "datetime": {"datetime": "2021-09-23 12:02:22", "elapsed": 18.776054, "delta": 0.654029}}
{"target": 0.7465501266308788, "params": {"C": 1180.736103132051, "epsilon": 0.13552304050654726, "gamma": 0.6521705155508611, "lamda": 0.10088396627279603}, "datetime": {"datetime": "2021-09-23 12:02:22", "elapsed": 19.234097, "delta": 0.458043}}
{"target": 0.8741977741824017, "params": {"C": 1160.497225401686, "epsilon": 0.09706400978559694, "gamma": 0.20996801991923486, "lamda": 0.14800643122922078}, "datetime": {"datetime": "2021-09-23 12:02:23", "elapsed": 19.797138, "delta": 0.563041}}
{"target": 0.9185024495579617, "params": {"C": 1160.4260773607273, "epsilon": 0.13537631592204918, "gamma": 0.06336836640364761, "lamda": 0.1110936896335284}, "datetime": {"datetime": "2021-09-23 12:02:23", "elapsed": 20.272098, "delta": 0.47496}}
{"target": 0.9159024538436057, "params": {"C": 1207.0008114269313, "epsilon": 0.11324130136292626, "gamma": 0.06952827276116355, "lamda": 0.08999279153374996}, "datetime": {"datetime": "2021-09-23 12:02:24", "elapsed": 20.952778, "delta": 0.68068}}
{"target": 0.7796256352733177, "params": {"C": 1318.934460761621, "epsilon": 0.13003948191864115, "gamma": 0.5439396080811073, "lamda": 0.10559211173260376}, "datetime": {"datetime": "2021-09-23 12:02:24", "elapsed": 21.409052, "delta": 0.456274}}
{"target": 0.8389868040883652, "params": {"C": 1207.1819696025746, "epsilon": 0.10517036700632383, "gamma": 0.33916044610980106, "lamda": 0.11969299219618987}, "datetime": {"datetime": "2021-09-23 12:02:25", "elapsed": 22.036054, "delta": 0.627002}}
