{"target": 0.9157555580937949, "params": {"C": 285.63114278761464, "epsilon": 0.33181802604468763, "gamma": 0.06969398234445179, "lamda": 0.050104084499985144}, "datetime": {"datetime": "2021-09-23 10:18:11", "elapsed": 149.811072, "delta": 1.335497}}
{"target": 0.9132351732233334, "params": {"C": 299.5712609265986, "epsilon": 0.07133522916231431, "gamma": 0.08861261999617667, "lamda": 0.15170981104544323}, "datetime": {"datetime": "2021-09-23 10:18:13", "elapsed": 151.080919, "delta": 1.269847}}
{"target": 0.9156801915524472, "params": {"C": 228.0484689651421, "epsilon": 0.11479307424410125, "gamma": 0.07475539139991519, "lamda": 0.13170690019436493}, "datetime": {"datetime": "2021-09-23 10:18:14", "elapsed": 152.491309, "delta": 1.41039}}
{"target": 0.9110297137428398, "params": {"C": 296.5959380870289, "epsilon": 0.34, "gamma": 0.09, "lamda": 0.17}, "datetime": {"datetime": "2021-09-23 10:18:16", "elapsed": 154.566348, "delta": 2.075039}}
{"target": 0.9118758887965115, "params": {"C": 274.17886469429624, "epsilon": 0.07973490478783753, "gamma": 0.06383731779627691, "lamda": 0.08936635464855731}, "datetime": {"datetime": "2021-09-23 10:18:18", "elapsed": 156.042793, "delta": 1.476445}}
{"target": 0.9062589291637475, "params": {"C": 298.89253423956376, "epsilon": 0.07, "gamma": 0.09, "lamda": 0.045}, "datetime": {"datetime": "2021-09-23 10:18:19", "elapsed": 157.415257, "delta": 1.372464}}
{"target": 0.9119794311483878, "params": {"C": 289.0410943758599, "epsilon": 0.3140104085030617, "gamma": 0.06242897287148116, "lamda": 0.15392840939118127}, "datetime": {"datetime": "2021-09-23 10:18:20", "elapsed": 158.880516, "delta": 1.465259}}
{"target": 0.9064000873408793, "params": {"C": 288.4013667007922, "epsilon": 0.07, "gamma": 0.09, "lamda": 0.045}, "datetime": {"datetime": "2021-09-23 10:18:22", "elapsed": 160.327124, "delta": 1.446608}}
{"target": 0.9118336162236553, "params": {"C": 285.57007294024856, "epsilon": 0.07008577577289898, "gamma": 0.08395391622548573, "lamda": 0.07781258455087173}, "datetime": {"datetime": "2021-09-23 10:18:23", "elapsed": 161.837215, "delta": 1.510091}}
{"target": 0.9132350361564462, "params": {"C": 286.15593785995674, "epsilon": 0.3132266980598047, "gamma": 0.06221011034538646, "lamda": 0.11200737673138157}, "datetime": {"datetime": "2021-09-23 10:18:25", "elapsed": 163.438949, "delta": 1.601734}}
{"target": 0.9146858472693997, "params": {"C": 285.1005603021571, "epsilon": 0.32280481797730126, "gamma": 0.07803933308659036, "lamda": 0.1118680397240829}, "datetime": {"datetime": "2021-09-23 10:18:26", "elapsed": 164.979215, "delta": 1.540266}}
{"target": 0.915014878971719, "params": {"C": 235.82134683417556, "epsilon": 0.12767242484719793, "gamma": 0.08036063302507142, "lamda": 0.15511611877086823}, "datetime": {"datetime": "2021-09-23 10:18:27", "elapsed": 165.775274, "delta": 0.796059}}
{"target": 0.9144625940608425, "params": {"C": 230.0199104874373, "epsilon": 0.1878209773409869, "gamma": 0.06638531419515858, "lamda": 0.111991685528795}, "datetime": {"datetime": "2021-09-23 10:18:28", "elapsed": 166.577041, "delta": 0.801767}}
{"target": 0.9139829958483778, "params": {"C": 221.72027591331084, "epsilon": 0.16382740033870394, "gamma": 0.08084291761449186, "lamda": 0.1659644606806538}, "datetime": {"datetime": "2021-09-23 10:18:29", "elapsed": 167.348159, "delta": 0.771118}}
{"target": 0.9131646239214117, "params": {"C": 269.45535899180413, "epsilon": 0.3006476093883046, "gamma": 0.06758954794230665, "lamda": 0.14307183889729286}, "datetime": {"datetime": "2021-09-23 10:18:30", "elapsed": 168.150707, "delta": 0.802548}}
{"target": 0.9142027785415388, "params": {"C": 255.15862493712393, "epsilon": 0.3394696386613978, "gamma": 0.06882974709881735, "lamda": 0.08625266260406803}, "datetime": {"datetime": "2021-09-23 10:18:31", "elapsed": 169.690992, "delta": 1.540285}}
{"target": 0.9153269002337256, "params": {"C": 261.9819745634517, "epsilon": 0.33955899802505335, "gamma": 0.07175135621214453, "lamda": 0.06207847435138901}, "datetime": {"datetime": "2021-09-23 10:18:33", "elapsed": 171.323354, "delta": 1.632362}}
{"target": 0.9100453116308579, "params": {"C": 128.18571401738578, "epsilon": 0.22554352360744076, "gamma": 0.08752370440912807, "lamda": 0.059806090568068765}, "datetime": {"datetime": "2021-09-23 10:18:34", "elapsed": 172.172617, "delta": 0.849263}}
{"target": 0.9152293797054237, "params": {"C": 279.727724897195, "epsilon": 0.23383053314977517, "gamma": 0.06530608810545989, "lamda": 0.07398080061407807}, "datetime": {"datetime": "2021-09-23 10:18:35", "elapsed": 173.284579, "delta": 1.111962}}
{"target": 0.9134495036843734, "params": {"C": 261.83263813204496, "epsilon": 0.0712941939188415, "gamma": 0.07503736840551192, "lamda": 0.0957289149049255}, "datetime": {"datetime": "2021-09-23 10:18:36", "elapsed": 174.74718, "delta": 1.462601}}
{"target": 0.9135551622322864, "params": {"C": 227.86917249788578, "epsilon": 0.3196359841727484, "gamma": 0.06650524163049427, "lamda": 0.08508301299080202}, "datetime": {"datetime": "2021-09-23 10:18:38", "elapsed": 176.420853, "delta": 1.673673}}
{"target": 0.9124956860337385, "params": {"C": 221.45423019082898, "epsilon": 0.3250833760443669, "gamma": 0.08477079246984222, "lamda": 0.13535108314949443}, "datetime": {"datetime": "2021-09-23 10:18:40", "elapsed": 178.571813, "delta": 2.15096}}
{"target": 0.9155786821665193, "params": {"C": 228.534225183883, "epsilon": 0.09743813944369448, "gamma": 0.07178563128942735, "lamda": 0.16242965692081598}, "datetime": {"datetime": "2021-09-23 10:18:42", "elapsed": 180.235708, "delta": 1.663895}}
{"target": 0.9143163672285585, "params": {"C": 264.4916902358014, "epsilon": 0.1960418916201339, "gamma": 0.0693720151620751, "lamda": 0.15888085686591272}, "datetime": {"datetime": "2021-09-23 10:18:43", "elapsed": 181.697405, "delta": 1.461697}}
{"target": 0.9132857072662588, "params": {"C": 289.6997888298484, "epsilon": 0.08224025700561927, "gamma": 0.08987304373625433, "lamda": 0.15805140414967794}, "datetime": {"datetime": "2021-09-23 10:18:45", "elapsed": 183.370717, "delta": 1.673312}}
{"target": 0.9099977880212003, "params": {"C": 145.69185213698464, "epsilon": 0.2759250953950759, "gamma": 0.07269479521904293, "lamda": 0.166779160427604}, "datetime": {"datetime": "2021-09-23 10:18:46", "elapsed": 184.277108, "delta": 0.906391}}
{"target": 0.9128045936153838, "params": {"C": 235.46954888481676, "epsilon": 0.08382069723252564, "gamma": 0.06554782421280873, "lamda": 0.1105184706653357}, "datetime": {"datetime": "2021-09-23 10:18:48", "elapsed": 186.14851, "delta": 1.871402}}
{"target": 0.9110297137428398, "params": {"C": 262.3515871671269, "epsilon": 0.34, "gamma": 0.09, "lamda": 0.17}, "datetime": {"datetime": "2021-09-23 10:18:49", "elapsed": 187.901942, "delta": 1.753432}}
{"target": 0.9124600972419902, "params": {"C": 230.47741667522476, "epsilon": 0.20264023817410864, "gamma": 0.06304953015984789, "lamda": 0.1515287353605309}, "datetime": {"datetime": "2021-09-23 10:18:52", "elapsed": 190.187562, "delta": 2.28562}}
{"target": 0.9132265319445123, "params": {"C": 222.41166638508435, "epsilon": 0.30174694301733274, "gamma": 0.07178737738342039, "lamda": 0.11888306874375003}, "datetime": {"datetime": "2021-09-23 10:18:54", "elapsed": 192.167674, "delta": 1.980112}}
{"target": 0.9118000094279549, "params": {"C": 190.46343845707418, "epsilon": 0.3078665931014263, "gamma": 0.0886304772712749, "lamda": 0.12814867510955946}, "datetime": {"datetime": "2021-09-23 10:18:55", "elapsed": 193.0598, "delta": 0.892126}}
{"target": 0.9131193934152722, "params": {"C": 231.21030287103474, "epsilon": 0.3231547002191375, "gamma": 0.07900425913084709, "lamda": 0.13155649308507783}, "datetime": {"datetime": "2021-09-23 10:18:56", "elapsed": 194.755559, "delta": 1.695759}}
{"target": 0.9159294315577289, "params": {"C": 284.7197914378414, "epsilon": 0.1600045239139366, "gamma": 0.07147176901895685, "lamda": 0.11064683481661676}, "datetime": {"datetime": "2021-09-23 10:18:57", "elapsed": 195.780586, "delta": 1.025027}}
{"target": 0.9152175833874234, "params": {"C": 223.29709707837108, "epsilon": 0.3137772566517179, "gamma": 0.068209748034346, "lamda": 0.04557710032765812}, "datetime": {"datetime": "2021-09-23 10:18:58", "elapsed": 196.776556, "delta": 0.99597}}
{"target": 0.9137197361977345, "params": {"C": 224.35671592012568, "epsilon": 0.27819265322560316, "gamma": 0.07150564732293309, "lamda": 0.10885303110328522}, "datetime": {"datetime": "2021-09-23 10:18:59", "elapsed": 197.826382, "delta": 1.049826}}
{"target": 0.9113840958584346, "params": {"C": 223.53178141409472, "epsilon": 0.07116272148112915, "gamma": 0.08625316730071232, "lamda": 0.08471089641586221}, "datetime": {"datetime": "2021-09-23 10:19:01", "elapsed": 199.868928, "delta": 2.042546}}
{"target": 0.9067713191589708, "params": {"C": 164.674266310516, "epsilon": 0.10508333684196916, "gamma": 0.06911974848334412, "lamda": 0.07710937987554628}, "datetime": {"datetime": "2021-09-23 10:19:03", "elapsed": 201.003303, "delta": 1.134375}}
{"target": 0.9134712196581937, "params": {"C": 285.05860594240926, "epsilon": 0.0766144999767776, "gamma": 0.06023244138456589, "lamda": 0.11754225123249434}, "datetime": {"datetime": "2021-09-23 10:19:04", "elapsed": 202.466905, "delta": 1.463602}}
{"target": 0.9037994032711167, "params": {"C": 252.68879992440597, "epsilon": 0.07701109564300061, "gamma": 0.06080794934867339, "lamda": 0.05470639145471813}, "datetime": {"datetime": "2021-09-23 10:19:06", "elapsed": 204.567159, "delta": 2.100254}}
{"target": 0.9157518061919485, "params": {"C": 251.95073129019377, "epsilon": 0.10316108347876292, "gamma": 0.07013738269689063, "lamda": 0.14571420302976423}, "datetime": {"datetime": "2021-09-23 10:19:08", "elapsed": 206.53368, "delta": 1.966521}}
{"target": 0.9118780258428903, "params": {"C": 252.0865636896621, "epsilon": 0.3288773369312108, "gamma": 0.0630679683109618, "lamda": 0.13118688689835012}, "datetime": {"datetime": "2021-09-23 10:19:10", "elapsed": 208.889858, "delta": 2.356178}}
{"target": 0.9121130265017559, "params": {"C": 228.72813990111604, "epsilon": 0.3387610180610183, "gamma": 0.08492349908477824, "lamda": 0.14724076344209083}, "datetime": {"datetime": "2021-09-23 10:19:12", "elapsed": 210.787312, "delta": 1.897454}}
{"target": 0.9136931507775211, "params": {"C": 250.37671072784758, "epsilon": 0.14975035997123615, "gamma": 0.0899393199383655, "lamda": 0.13895768211801168}, "datetime": {"datetime": "2021-09-23 10:19:14", "elapsed": 212.754576, "delta": 1.967264}}
{"target": 0.9013515212889658, "params": {"C": 267.7142594779231, "epsilon": 0.07, "gamma": 0.06, "lamda": 0.045}, "datetime": {"datetime": "2021-09-23 10:19:16", "elapsed": 214.407269, "delta": 1.652693}}
{"target": 0.9136127242728349, "params": {"C": 266.19770074849106, "epsilon": 0.18694282378144678, "gamma": 0.08962694361564341, "lamda": 0.15158595129277835}, "datetime": {"datetime": "2021-09-23 10:19:17", "elapsed": 215.342316, "delta": 0.935047}}
{"target": 0.9061857095948013, "params": {"C": 228.26107159915247, "epsilon": 0.10746160643060183, "gamma": 0.06443335480218772, "lamda": 0.048980812412628874}, "datetime": {"datetime": "2021-09-23 10:19:19", "elapsed": 217.285408, "delta": 1.943092}}
{"target": 0.9137905821614758, "params": {"C": 227.86805546877787, "epsilon": 0.09291090965393393, "gamma": 0.08927274871772926, "lamda": 0.15388840998024256}, "datetime": {"datetime": "2021-09-23 10:19:21", "elapsed": 218.990849, "delta": 1.705441}}
{"target": 0.9148333985420992, "params": {"C": 254.92183490417756, "epsilon": 0.13959098831069194, "gamma": 0.06853648865036678, "lamda": 0.16258555548068218}, "datetime": {"datetime": "2021-09-23 10:19:22", "elapsed": 220.558852, "delta": 1.568003}}
{"target": 0.9129018135859706, "params": {"C": 289.34239550123334, "epsilon": 0.095727777020673, "gamma": 0.06520278842730759, "lamda": 0.07502310674012463}, "datetime": {"datetime": "2021-09-23 10:19:24", "elapsed": 222.369579, "delta": 1.810727}}
{"target": 0.9129346121978577, "params": {"C": 285.42480415651005, "epsilon": 0.2923425852467689, "gamma": 0.06236952079769755, "lamda": 0.13191120840434722}, "datetime": {"datetime": "2021-09-23 10:19:26", "elapsed": 224.351992, "delta": 1.982413}}
{"target": 0.9082865020210309, "params": {"C": 111.1465307984883, "epsilon": 0.20773943706178247, "gamma": 0.08541195856533305, "lamda": 0.07741259129929047}, "datetime": {"datetime": "2021-09-23 10:19:27", "elapsed": 225.508708, "delta": 1.156716}}
{"target": 0.9145119016853551, "params": {"C": 285.8667135565648, "epsilon": 0.2858078949189409, "gamma": 0.086176147925528, "lamda": 0.07604450922247946}, "datetime": {"datetime": "2021-09-23 10:19:29", "elapsed": 227.507761, "delta": 1.999053}}
{"target": 0.9117953226882054, "params": {"C": 274.57744767432496, "epsilon": 0.3206016750760984, "gamma": 0.06358981675288414, "lamda": 0.1549758050886328}, "datetime": {"datetime": "2021-09-23 10:19:31", "elapsed": 229.457028, "delta": 1.949267}}
{"target": 0.9127287699540716, "params": {"C": 297.7130459149106, "epsilon": 0.3274879471144974, "gamma": 0.0686244113430363, "lamda": 0.1580983228869533}, "datetime": {"datetime": "2021-09-23 10:19:33", "elapsed": 231.625372, "delta": 2.168344}}
{"target": 0.914866559089875, "params": {"C": 244.85189776979652, "epsilon": 0.12219788415092983, "gamma": 0.06693919398023318, "lamda": 0.1602655836190352}, "datetime": {"datetime": "2021-09-23 10:19:35", "elapsed": 233.385276, "delta": 1.759904}}
{"target": 0.9144452554261456, "params": {"C": 285.11115575582465, "epsilon": 0.32847272577260267, "gamma": 0.06858183117396055, "lamda": 0.10350155122849629}, "datetime": {"datetime": "2021-09-23 10:19:36", "elapsed": 234.449944, "delta": 1.064668}}
{"target": 0.9123175353619248, "params": {"C": 200.93352428862352, "epsilon": 0.12007142902823571, "gamma": 0.06134695840460066, "lamda": 0.11544820201063154}, "datetime": {"datetime": "2021-09-23 10:19:37", "elapsed": 235.572351, "delta": 1.122407}}
{"target": 0.9159357328880006, "params": {"C": 299.4580089230308, "epsilon": 0.3269705784769021, "gamma": 0.07511097700817745, "lamda": 0.05590914503061613}, "datetime": {"datetime": "2021-09-23 10:19:40", "elapsed": 238.022017, "delta": 2.449666}}
{"target": 0.9157898244294544, "params": {"C": 284.048090105439, "epsilon": 0.221287797595333, "gamma": 0.06986629651839157, "lamda": 0.08219190795911177}, "datetime": {"datetime": "2021-09-23 10:19:41", "elapsed": 239.003857, "delta": 0.98184}}
{"target": 0.9159864780978059, "params": {"C": 283.7916935814893, "epsilon": 0.1596914310035114, "gamma": 0.07287419822455375, "lamda": 0.10229462018731282}, "datetime": {"datetime": "2021-09-23 10:19:42", "elapsed": 240.946916, "delta": 1.943059}}
{"target": 0.9136191561934248, "params": {"C": 283.8248323578415, "epsilon": 0.33894840408446597, "gamma": 0.0871210188217537, "lamda": 0.11755577985612914}, "datetime": {"datetime": "2021-09-23 10:19:45", "elapsed": 243.182962, "delta": 2.236046}}
{"target": 0.9155677974199965, "params": {"C": 254.40011520758213, "epsilon": 0.3260204688900744, "gamma": 0.07717900895396676, "lamda": 0.05019061039685373}, "datetime": {"datetime": "2021-09-23 10:19:47", "elapsed": 245.471772, "delta": 2.28881}}
{"target": 0.9130044949278396, "params": {"C": 268.23276591262635, "epsilon": 0.34, "gamma": 0.09, "lamda": 0.11908269369156005}, "datetime": {"datetime": "2021-09-23 10:19:49", "elapsed": 247.867032, "delta": 2.39526}}
{"target": 0.9131737207643491, "params": {"C": 224.605729024136, "epsilon": 0.31079179192425915, "gamma": 0.06201114918672439, "lamda": 0.07291773621776824}, "datetime": {"datetime": "2021-09-23 10:19:50", "elapsed": 248.9407, "delta": 1.073668}}
{"target": 0.9131884208140443, "params": {"C": 224.70302000010753, "epsilon": 0.3121062371007252, "gamma": 0.08217314711426126, "lamda": 0.12437508985400815}, "datetime": {"datetime": "2021-09-23 10:19:52", "elapsed": 250.804391, "delta": 1.863691}}
{"target": 0.9151341412631505, "params": {"C": 283.91130159280465, "epsilon": 0.1428393899350034, "gamma": 0.06265313106725764, "lamda": 0.08395080436214203}, "datetime": {"datetime": "2021-09-23 10:19:54", "elapsed": 252.348134, "delta": 1.543743}}
{"target": 0.9143380653218278, "params": {"C": 255.05917787752986, "epsilon": 0.18873297415815354, "gamma": 0.08307446975062463, "lamda": 0.14845906306401216}, "datetime": {"datetime": "2021-09-23 10:19:56", "elapsed": 254.076062, "delta": 1.727928}}
{"target": 0.9156349182398213, "params": {"C": 299.34699880210025, "epsilon": 0.28023027300390774, "gamma": 0.07542424970491977, "lamda": 0.09400091343670681}, "datetime": {"datetime": "2021-09-23 10:19:58", "elapsed": 256.782766, "delta": 2.706704}}
{"target": 0.9133455086266246, "params": {"C": 262.0384692354769, "epsilon": 0.2133922104223769, "gamma": 0.06258827072019962, "lamda": 0.13135110440205666}, "datetime": {"datetime": "2021-09-23 10:20:01", "elapsed": 259.01746, "delta": 2.234694}}
{"target": 0.9142499420320847, "params": {"C": 254.8592336943314, "epsilon": 0.1875067695456462, "gamma": 0.06903889973437494, "lamda": 0.04880530344566311}, "datetime": {"datetime": "2021-09-23 10:20:03", "elapsed": 261.175632, "delta": 2.158172}}
{"target": 0.9146705852431412, "params": {"C": 254.3493888083949, "epsilon": 0.21685848532553056, "gamma": 0.07670913416881359, "lamda": 0.13387158300968405}, "datetime": {"datetime": "2021-09-23 10:20:04", "elapsed": 262.806735, "delta": 1.631103}}
{"target": 0.9147515876149718, "params": {"C": 217.6695793124362, "epsilon": 0.23719743037978386, "gamma": 0.08205009213653863, "lamda": 0.04749047738890519}, "datetime": {"datetime": "2021-09-23 10:20:06", "elapsed": 264.144592, "delta": 1.337857}}
{"target": 0.9085429190250578, "params": {"C": 127.48847974945164, "epsilon": 0.3140175830461973, "gamma": 0.063250749671568, "lamda": 0.13248833901520846}, "datetime": {"datetime": "2021-09-23 10:20:08", "elapsed": 266.264902, "delta": 2.12031}}
{"target": 0.9155005931691821, "params": {"C": 261.83675330575005, "epsilon": 0.26893039109988925, "gamma": 0.06667235424254733, "lamda": 0.04868139067382442}, "datetime": {"datetime": "2021-09-23 10:20:10", "elapsed": 268.669719, "delta": 2.404817}}
{"target": 0.9139262834014825, "params": {"C": 244.75284163457923, "epsilon": 0.24509216955745527, "gamma": 0.08647459503711498, "lamda": 0.10821842288257022}, "datetime": {"datetime": "2021-09-23 10:20:12", "elapsed": 270.670941, "delta": 2.001222}}
{"target": 0.9152660664237149, "params": {"C": 255.3267784892177, "epsilon": 0.13594586925210578, "gamma": 0.06621338856313691, "lamda": 0.12373412026586418}, "datetime": {"datetime": "2021-09-23 10:20:14", "elapsed": 272.647647, "delta": 1.976706}}
{"target": 0.9133722744989019, "params": {"C": 284.8565224217575, "epsilon": 0.1594741609701088, "gamma": 0.08980050253560748, "lamda": 0.08064864040570732}, "datetime": {"datetime": "2021-09-23 10:20:16", "elapsed": 274.208025, "delta": 1.560378}}
{"target": 0.9148725532218789, "params": {"C": 275.19392099446713, "epsilon": 0.30370182030260706, "gamma": 0.06308774932886238, "lamda": 0.051386866901681136}, "datetime": {"datetime": "2021-09-23 10:20:17", "elapsed": 275.31557, "delta": 1.107545}}
{"target": 0.9121099766718683, "params": {"C": 172.2209950504281, "epsilon": 0.07359974948212172, "gamma": 0.07535752644484148, "lamda": 0.14486288295457617}, "datetime": {"datetime": "2021-09-23 10:20:18", "elapsed": 276.439431, "delta": 1.123861}}
{"target": 0.9135491588052205, "params": {"C": 220.80600160698796, "epsilon": 0.10300362081874972, "gamma": 0.0755975408113793, "lamda": 0.08539532803825009}, "datetime": {"datetime": "2021-09-23 10:20:19", "elapsed": 277.504844, "delta": 1.065413}}
{"target": 0.9140370094779148, "params": {"C": 228.51202985940276, "epsilon": 0.22620283364398622, "gamma": 0.08788223324825814, "lamda": 0.08835171910803698}, "datetime": {"datetime": "2021-09-23 10:20:21", "elapsed": 279.551381, "delta": 2.046537}}
{"target": 0.9124897628272175, "params": {"C": 220.82233872814427, "epsilon": 0.23920739431071017, "gamma": 0.09, "lamda": 0.14918925237175693}, "datetime": {"datetime": "2021-09-23 10:20:23", "elapsed": 281.313732, "delta": 1.762351}}
{"target": 0.9149736338630268, "params": {"C": 254.5475430028831, "epsilon": 0.29933647930276125, "gamma": 0.07704855261720987, "lamda": 0.08177627910612631}, "datetime": {"datetime": "2021-09-23 10:20:25", "elapsed": 283.449552, "delta": 2.13582}}
{"target": 0.9059022151714011, "params": {"C": 254.3989112156824, "epsilon": 0.09227317307307538, "gamma": 0.06508890161428553, "lamda": 0.045222090387627076}, "datetime": {"datetime": "2021-09-23 10:20:27", "elapsed": 285.282252, "delta": 1.8327}}
{"target": 0.9125121472795711, "params": {"C": 254.20507662932206, "epsilon": 0.2362503926030644, "gamma": 0.06365794002678125, "lamda": 0.16210766517423225}, "datetime": {"datetime": "2021-09-23 10:20:28", "elapsed": 286.908668, "delta": 1.626416}}
{"target": 0.9150222743238813, "params": {"C": 254.73923853040023, "epsilon": 0.3097180339579336, "gamma": 0.08240595164281675, "lamda": 0.05073565277328125}, "datetime": {"datetime": "2021-09-23 10:20:31", "elapsed": 289.714338, "delta": 2.80567}}
{"target": 0.9122555748334572, "params": {"C": 285.71756922057, "epsilon": 0.2640997798417161, "gamma": 0.06, "lamda": 0.14727071353423213}, "datetime": {"datetime": "2021-09-23 10:20:33", "elapsed": 291.932804, "delta": 2.218466}}
{"target": 0.9135253762195931, "params": {"C": 205.8658496437452, "epsilon": 0.19277670942271397, "gamma": 0.08533674444845324, "lamda": 0.1401556748598696}, "datetime": {"datetime": "2021-09-23 10:20:35", "elapsed": 293.11227, "delta": 1.179466}}
{"target": 0.9155917782907008, "params": {"C": 255.1910746902822, "epsilon": 0.1675016918820274, "gamma": 0.07400440268882272, "lamda": 0.06242800227259224}, "datetime": {"datetime": "2021-09-23 10:20:36", "elapsed": 294.953792, "delta": 1.841522}}
