{"target": 0.9222949588968561, "params": {"C": 526.009428187124, "epsilon": 0.2589188678170241, "gamma": 0.03170738383905766, "lamda": 0.07802651433134082}, "datetime": {"datetime": "2021-09-23 21:27:22", "elapsed": 604.75047, "delta": 2.008057}}
{"target": 0.9243248695208047, "params": {"C": 501.8781072129567, "epsilon": 0.13659485271954291, "gamma": 0.054452714399501174, "lamda": 0.10457151105555534}, "datetime": {"datetime": "2021-09-23 21:27:26", "elapsed": 608.026082, "delta": 3.275612}}
{"target": 0.9261170529490159, "params": {"C": 546.7748278938761, "epsilon": 0.1710787008194228, "gamma": 0.03170125830671305, "lamda": 0.035133021766493674}, "datetime": {"datetime": "2021-09-23 21:27:29", "elapsed": 610.966374, "delta": 2.940292}}
{"target": 0.9194782847514618, "params": {"C": 522.9915711342699, "epsilon": 0.2156383711821678, "gamma": 0.06355679208551093, "lamda": 0.03232904386489789}, "datetime": {"datetime": "2021-09-23 21:27:31", "elapsed": 613.775421, "delta": 2.809047}}
{"target": 0.9260935051394356, "params": {"C": 501.80743022269206, "epsilon": 0.11327105049565364, "gamma": 0.03743663868563001, "lamda": 0.10623182700214638}, "datetime": {"datetime": "2021-09-23 21:27:35", "elapsed": 617.694784, "delta": 3.919363}}
{"target": 0.9096530792441379, "params": {"C": 581.4260572657197, "epsilon": 0.7405837294882137, "gamma": 0.04489020386542871, "lamda": 0.15575402100550093}, "datetime": {"datetime": "2021-09-23 21:27:38", "elapsed": 619.960796, "delta": 2.266012}}
{"target": 0.913253932141533, "params": {"C": 556.7378279404527, "epsilon": 0.4936029532388031, "gamma": 0.031205781421421427, "lamda": 0.12440107137737934}, "datetime": {"datetime": "2021-09-23 21:27:40", "elapsed": 622.211517, "delta": 2.250721}}
{"target": 0.9069925410560746, "params": {"C": 593.6024990637384, "epsilon": 0.303491098424829, "gamma": 0.03037152079194417, "lamda": 0.319142755469297}, "datetime": {"datetime": "2021-09-23 21:27:42", "elapsed": 624.12542, "delta": 1.913903}}
{"target": 0.9127100497784304, "params": {"C": 553.3043834561323, "epsilon": 0.056249567773743625, "gamma": 0.06613146910515813, "lamda": 0.0523320096406883}, "datetime": {"datetime": "2021-09-23 21:27:46", "elapsed": 628.320711, "delta": 4.195291}}
{"target": 0.9144125402880257, "params": {"C": 549.8158012218898, "epsilon": 0.674018300359642, "gamma": 0.06478819672043534, "lamda": 0.08031807688387645}, "datetime": {"datetime": "2021-09-23 21:27:48", "elapsed": 630.12398, "delta": 1.803269}}
{"target": 0.8931771811739779, "params": {"C": 553.051784441556, "epsilon": 0.08218800030284076, "gamma": 0.012593083114823631, "lamda": 0.04749922206547499}, "datetime": {"datetime": "2021-09-23 21:27:51", "elapsed": 633.626758, "delta": 3.502778}}
{"target": 0.9219790632322056, "params": {"C": 536.1718092382403, "epsilon": 0.048398825122494125, "gamma": 0.05660042921780656, "lamda": 0.3409178589449685}, "datetime": {"datetime": "2021-09-23 21:27:56", "elapsed": 637.919786, "delta": 4.293028}}
{"target": 0.909090217335793, "params": {"C": 596.5270200743757, "epsilon": 0.9792573499552895, "gamma": 0.01705412492997458, "lamda": 0.009406631541909297}, "datetime": {"datetime": "2021-09-23 21:27:58", "elapsed": 639.913847, "delta": 1.994061}}
{"target": 0.9088345119196601, "params": {"C": 574.8220047339896, "epsilon": 0.12001297878239932, "gamma": 0.0177132098563363, "lamda": 0.10837331743747611}, "datetime": {"datetime": "2021-09-23 21:28:01", "elapsed": 643.145534, "delta": 3.231687}}
{"target": 0.9201230210189653, "params": {"C": 501.9205288753953, "epsilon": 0.18755547186260085, "gamma": 0.06440775627132933, "lamda": 0.0859643880511234}, "datetime": {"datetime": "2021-09-23 21:28:04", "elapsed": 646.725651, "delta": 3.580117}}
{"target": 0.9105670840789212, "params": {"C": 500.4545720830731, "epsilon": 0.809668006954886, "gamma": 0.055445552175549355, "lamda": 0.12581194133727966}, "datetime": {"datetime": "2021-09-23 21:28:06", "elapsed": 648.706764, "delta": 1.981113}}
{"target": 0.8945355688578673, "params": {"C": 566.5850322685911, "epsilon": 0.8677606771254649, "gamma": 0.044305261247922535, "lamda": 0.3025380816352963}, "datetime": {"datetime": "2021-09-23 21:28:09", "elapsed": 651.061313, "delta": 2.354549}}
{"target": 0.9072238103407272, "params": {"C": 563.962080817429, "epsilon": 0.6286623417377912, "gamma": 0.045407250872507104, "lamda": 0.21723534167301062}, "datetime": {"datetime": "2021-09-23 21:28:11", "elapsed": 652.932167, "delta": 1.870854}}
{"target": 0.8760649592304729, "params": {"C": 509.168080752776, "epsilon": 0.9446458193200601, "gamma": 0.017871619369956283, "lamda": 0.24807740988990634}, "datetime": {"datetime": "2021-09-23 21:28:13", "elapsed": 655.154911, "delta": 2.222744}}
{"target": 0.9143123040337087, "params": {"C": 539.6553450238961, "epsilon": 0.3337664139606963, "gamma": 0.05282880829230415, "lamda": 0.2205483057913983}, "datetime": {"datetime": "2021-09-23 21:28:15", "elapsed": 657.190443, "delta": 2.035532}}
{"target": 0.901160616152155, "params": {"C": 568.5378170168384, "epsilon": 0.461121353594804, "gamma": 0.055700576982317895, "lamda": 0.3949900835058084}, "datetime": {"datetime": "2021-09-23 21:28:17", "elapsed": 659.117912, "delta": 1.927469}}
{"target": 0.9229156372677136, "params": {"C": 505.9258708573486, "epsilon": 0.036540115818147326, "gamma": 0.046113307350641744, "lamda": 0.06561574011886925}, "datetime": {"datetime": "2021-09-23 21:28:19", "elapsed": 661.119236, "delta": 2.001324}}
{"target": 0.9202928919778126, "params": {"C": 501.97041904125706, "epsilon": 0.13701485434486127, "gamma": 0.06385268201764008, "lamda": 0.1158066268185964}, "datetime": {"datetime": "2021-09-23 21:28:22", "elapsed": 664.263807, "delta": 3.144571}}
{"target": 0.872699345862356, "params": {"C": 586.293184037747, "epsilon": 0.7935996606927134, "gamma": 0.01666281480034839, "lamda": 0.3024728215641701}, "datetime": {"datetime": "2021-09-23 21:28:24", "elapsed": 666.151856, "delta": 1.888049}}
{"target": 0.8932428833815732, "params": {"C": 589.770411339845, "epsilon": 0.1674346162127828, "gamma": 0.01558223186774257, "lamda": 0.37083213878932997}, "datetime": {"datetime": "2021-09-23 21:28:26", "elapsed": 667.976909, "delta": 1.825053}}
{"target": 0.9242349136449453, "params": {"C": 558.7913991474471, "epsilon": 0.6566734150122218, "gamma": 0.0354786729359075, "lamda": 0.028601350546976226}, "datetime": {"datetime": "2021-09-23 21:28:30", "elapsed": 672.424417, "delta": 4.447508}}
{"target": 0.9193249395941809, "params": {"C": 505.2194149918892, "epsilon": 0.3581520616872852, "gamma": 0.06327660748953705, "lamda": 0.0720324858377758}, "datetime": {"datetime": "2021-09-23 21:28:32", "elapsed": 674.258427, "delta": 1.83401}}
{"target": 0.9202135445095334, "params": {"C": 546.760945745146, "epsilon": 0.18954086110143775, "gamma": 0.027734690058542427, "lamda": 0.09412219509255883}, "datetime": {"datetime": "2021-09-23 21:28:36", "elapsed": 677.978128, "delta": 3.719701}}
{"target": 0.91559162854185, "params": {"C": 566.3554433407197, "epsilon": 0.034121343475352214, "gamma": 0.068762724224462, "lamda": 0.2547299315348886}, "datetime": {"datetime": "2021-09-23 21:28:39", "elapsed": 680.879781, "delta": 2.901653}}
{"target": 0.9266906627600423, "params": {"C": 564.2252605808909, "epsilon": 0.047629998708495866, "gamma": 0.047250518143086166, "lamda": 0.09840980456934112}, "datetime": {"datetime": "2021-09-23 21:28:40", "elapsed": 682.838764, "delta": 1.958983}}
{"target": 0.9187924278364002, "params": {"C": 593.5673825321962, "epsilon": 0.7920280219536457, "gamma": 0.03747793493601774, "lamda": 0.05549392055929282}, "datetime": {"datetime": "2021-09-23 21:28:43", "elapsed": 684.888973, "delta": 2.050209}}
{"target": 0.8942166030814345, "params": {"C": 527.6352357124819, "epsilon": 0.7451239592073331, "gamma": 0.028759445218644528, "lamda": 0.2637989615806301}, "datetime": {"datetime": "2021-09-23 21:28:45", "elapsed": 686.965174, "delta": 2.076201}}
{"target": 0.9277931987800352, "params": {"C": 552.9614354861674, "epsilon": 0.10147150146547176, "gamma": 0.04207470513018696, "lamda": 0.08149508786800104}, "datetime": {"datetime": "2021-09-23 21:28:47", "elapsed": 689.117757, "delta": 2.152583}}
{"target": 0.9218649167082844, "params": {"C": 542.9401297648639, "epsilon": 0.062488303635243776, "gamma": 0.028975818808076828, "lamda": 0.19690389533119113}, "datetime": {"datetime": "2021-09-23 21:28:49", "elapsed": 691.171366, "delta": 2.053609}}
{"target": 0.8970759762513107, "params": {"C": 569.0311548715883, "epsilon": 0.1157855860820079, "gamma": 0.01378344319059161, "lamda": 0.30209828150791534}, "datetime": {"datetime": "2021-09-23 21:28:51", "elapsed": 693.235371, "delta": 2.064005}}
{"target": 0.9271769768322733, "params": {"C": 564.2587961095271, "epsilon": 0.07481796599957574, "gamma": 0.044641697387989884, "lamda": 0.14244419164609154}, "datetime": {"datetime": "2021-09-23 21:28:54", "elapsed": 696.512367, "delta": 3.276996}}
{"target": 0.9212982643506566, "params": {"C": 576.8840003535427, "epsilon": 0.12234512061877283, "gamma": 0.033188304605596644, "lamda": 0.22699821346862825}, "datetime": {"datetime": "2021-09-23 21:28:56", "elapsed": 698.52317, "delta": 2.010803}}
{"target": 0.9215726479919961, "params": {"C": 504.05849165585096, "epsilon": 0.2755559498895611, "gamma": 0.05749309331467004, "lamda": 0.0882940688623438}, "datetime": {"datetime": "2021-09-23 21:28:58", "elapsed": 700.55118, "delta": 2.02801}}
{"target": 0.9237160754427698, "params": {"C": 553.3643659174575, "epsilon": 0.2615533032202012, "gamma": 0.05577025507922758, "lamda": 0.06478943313252469}, "datetime": {"datetime": "2021-09-23 21:29:00", "elapsed": 702.62809, "delta": 2.07691}}
{"target": 0.9209017143200642, "params": {"C": 536.0908873381093, "epsilon": 0.09915754829209485, "gamma": 0.04767817480694982, "lamda": 0.3194276676515092}, "datetime": {"datetime": "2021-09-23 21:29:04", "elapsed": 706.232853, "delta": 3.604763}}
{"target": 0.9137222218089649, "params": {"C": 574.8018401229358, "epsilon": 0.08228270276669, "gamma": 0.02134601834221503, "lamda": 0.18957335168963624}, "datetime": {"datetime": "2021-09-23 21:29:07", "elapsed": 709.457435, "delta": 3.224582}}
{"target": 0.921452906093511, "params": {"C": 595.6123026898961, "epsilon": 0.45911800944903236, "gamma": 0.060827986253878814, "lamda": 0.03552589640914555}, "datetime": {"datetime": "2021-09-23 21:29:09", "elapsed": 711.553142, "delta": 2.095707}}
{"target": 0.906894550975275, "params": {"C": 509.7320468844879, "epsilon": 0.9699703846417923, "gamma": 0.06088060444614128, "lamda": 0.12932098390609498}, "datetime": {"datetime": "2021-09-23 21:29:11", "elapsed": 713.619608, "delta": 2.066466}}
{"target": 0.8897475765926268, "params": {"C": 546.9625356278284, "epsilon": 0.8569194013172342, "gamma": 0.03476742952868786, "lamda": 0.33279214649126493}, "datetime": {"datetime": "2021-09-23 21:29:13", "elapsed": 715.773431, "delta": 2.153823}}
{"target": 0.9144310199671851, "params": {"C": 556.2396229232342, "epsilon": 0.19560378803467024, "gamma": 0.032647761498657515, "lamda": 0.3001751693746094}, "datetime": {"datetime": "2021-09-23 21:29:16", "elapsed": 718.141082, "delta": 2.367651}}
{"target": 0.9150125707575579, "params": {"C": 564.2278905764284, "epsilon": 0.10220218440378882, "gamma": 0.022093336107775353, "lamda": 0.134877200094517}, "datetime": {"datetime": "2021-09-23 21:29:19", "elapsed": 721.627101, "delta": 3.486019}}
{"target": 0.9104051357363898, "params": {"C": 563.5025898826112, "epsilon": 0.8506995751052617, "gamma": 0.03917601461255663, "lamda": 0.11988809885253744}, "datetime": {"datetime": "2021-09-23 21:29:22", "elapsed": 724.084085, "delta": 2.456984}}
{"target": 0.919367355453045, "params": {"C": 527.5524633334339, "epsilon": 0.8718997491084678, "gamma": 0.05605360299965202, "lamda": 0.04224493417769863}, "datetime": {"datetime": "2021-09-23 21:29:26", "elapsed": 727.911081, "delta": 3.826996}}
{"target": 0.9216759090143114, "params": {"C": 503.44179204808506, "epsilon": 0.887784491968928, "gamma": 0.05327641132875539, "lamda": 0.0038633493378852275}, "datetime": {"datetime": "2021-09-23 21:29:31", "elapsed": 733.538192, "delta": 5.627111}}
{"target": 0.9178178028059969, "params": {"C": 523.0303552951694, "epsilon": 0.2890684232020422, "gamma": 0.06892928273284664, "lamda": 0.0544517180957922}, "datetime": {"datetime": "2021-09-23 21:29:36", "elapsed": 738.468189, "delta": 4.929997}}
{"target": 0.8997396795347412, "params": {"C": 509.5164206148677, "epsilon": 0.47048699393754045, "gamma": 0.06675773236789372, "lamda": 0.3625052786903887}, "datetime": {"datetime": "2021-09-23 21:29:38", "elapsed": 740.686757, "delta": 2.218568}}
{"target": 0.9176636897546765, "params": {"C": 501.8354939026716, "epsilon": 0.12220151830589306, "gamma": 0.06848374279321798, "lamda": 0.14256794375826104}, "datetime": {"datetime": "2021-09-23 21:29:43", "elapsed": 745.008303, "delta": 4.321546}}
{"target": 0.9275630524250599, "params": {"C": 501.80706082229455, "epsilon": 0.16152888629499107, "gamma": 0.037261652592654494, "lamda": 0.04535666389091434}, "datetime": {"datetime": "2021-09-23 21:29:46", "elapsed": 748.624553, "delta": 3.61625}}
{"target": 0.9133496803642365, "params": {"C": 567.2086174120296, "epsilon": 0.1977706541159066, "gamma": 0.05667885164642898, "lamda": 0.3569026124554637}, "datetime": {"datetime": "2021-09-23 21:29:49", "elapsed": 750.86085, "delta": 2.236297}}
{"target": 0.9168166192383103, "params": {"C": 582.8295559272683, "epsilon": 0.1492067987032285, "gamma": 0.036526803655391585, "lamda": 0.3584064672437641}, "datetime": {"datetime": "2021-09-23 21:29:51", "elapsed": 753.224006, "delta": 2.363156}}
{"target": 0.8882226346867059, "params": {"C": 564.538938433469, "epsilon": 0.3523486441743092, "gamma": 0.01696168795572843, "lamda": 0.30590524080959847}, "datetime": {"datetime": "2021-09-23 21:29:53", "elapsed": 755.474911, "delta": 2.250905}}
{"target": 0.9248673401989976, "params": {"C": 573.2563740406779, "epsilon": 0.9920213810858296, "gamma": 0.044281761418545666, "lamda": 0.0203778069503623}, "datetime": {"datetime": "2021-09-23 21:29:55", "elapsed": 757.622705, "delta": 2.147794}}
{"target": 0.9177673838202763, "params": {"C": 575.4590340891043, "epsilon": 0.5631827285891081, "gamma": 0.04924469076336146, "lamda": 0.09671364283886538}, "datetime": {"datetime": "2021-09-23 21:29:58", "elapsed": 759.965679, "delta": 2.342974}}
{"target": 0.9045392604551962, "params": {"C": 580.3603833073879, "epsilon": 0.4113750786131546, "gamma": 0.06638601842489804, "lamda": 0.30678725221408476}, "datetime": {"datetime": "2021-09-23 21:30:00", "elapsed": 762.082711, "delta": 2.117032}}
{"target": 0.9181919643273199, "params": {"C": 552.9457523131485, "epsilon": 0.13665188118406602, "gamma": 0.06771657427982113, "lamda": 0.12256382091641008}, "datetime": {"datetime": "2021-09-23 21:30:06", "elapsed": 767.87843, "delta": 5.795719}}
{"target": 0.9174776851298603, "params": {"C": 574.8551119078205, "epsilon": 0.0982900284862834, "gamma": 0.06720502203393142, "lamda": 0.09382673296443936}, "datetime": {"datetime": "2021-09-23 21:30:08", "elapsed": 769.942952, "delta": 2.064522}}
{"target": 0.898803031297727, "params": {"C": 546.6708754388769, "epsilon": 0.5879825087183271, "gamma": 0.05887408108290103, "lamda": 0.3450430895882376}, "datetime": {"datetime": "2021-09-23 21:30:10", "elapsed": 772.190666, "delta": 2.247714}}
{"target": 0.9133829307470483, "params": {"C": 582.2910401544125, "epsilon": 0.4613969789939957, "gamma": 0.06208653291472197, "lamda": 0.1453834328539021}, "datetime": {"datetime": "2021-09-23 21:30:12", "elapsed": 774.249052, "delta": 2.058386}}
{"target": 0.9036445500876176, "params": {"C": 576.8276166807816, "epsilon": 0.7884600319173051, "gamma": 0.055963825702950235, "lamda": 0.20886066316783466}, "datetime": {"datetime": "2021-09-23 21:30:14", "elapsed": 776.307933, "delta": 2.058881}}
{"target": 0.892333670660934, "params": {"C": 590.8521931654934, "epsilon": 0.5894125724785576, "gamma": 0.01627517357657593, "lamda": 0.13488874169321968}, "datetime": {"datetime": "2021-09-23 21:30:16", "elapsed": 778.752561, "delta": 2.444628}}
{"target": 0.91055038465985, "params": {"C": 564.2757109056572, "epsilon": 0.035222487337382216, "gamma": 0.017971457531610266, "lamda": 0.16706192957177518}, "datetime": {"datetime": "2021-09-23 21:30:20", "elapsed": 782.328159, "delta": 3.575598}}
{"target": 0.9200067537068631, "params": {"C": 534.2513391891665, "epsilon": 0.14116350758816582, "gamma": 0.028845391477605363, "lamda": 0.15338367086867397}, "datetime": {"datetime": "2021-09-23 21:30:22", "elapsed": 784.623807, "delta": 2.295648}}
{"target": 0.9200310640334128, "params": {"C": 536.1693423365336, "epsilon": 0.04272316936716952, "gamma": 0.06065135599703374, "lamda": 0.3956387227538358}, "datetime": {"datetime": "2021-09-23 21:30:26", "elapsed": 788.214135, "delta": 3.590328}}
{"target": 0.9063362224776894, "params": {"C": 574.4970805947169, "epsilon": 0.3059107014825222, "gamma": 0.03489422628942402, "lamda": 0.39186309858435037}, "datetime": {"datetime": "2021-09-23 21:30:28", "elapsed": 790.339147, "delta": 2.125012}}
{"target": 0.9276211867141962, "params": {"C": 546.7324530010301, "epsilon": 0.21292701501713276, "gamma": 0.04459487095891681, "lamda": 0.03734774436151909}, "datetime": {"datetime": "2021-09-23 21:30:32", "elapsed": 794.110526, "delta": 3.771379}}
{"target": 0.9156888891920244, "params": {"C": 501.8295990932474, "epsilon": 0.10682795584095345, "gamma": 0.06768511404363109, "lamda": 0.048234599042248444}, "datetime": {"datetime": "2021-09-23 21:30:35", "elapsed": 797.469113, "delta": 3.358587}}
{"target": 0.9190206607399911, "params": {"C": 574.7890698453101, "epsilon": 0.10604867386000734, "gamma": 0.06604205884408253, "lamda": 0.12884220752596134}, "datetime": {"datetime": "2021-09-23 21:30:38", "elapsed": 799.918343, "delta": 2.44923}}
{"target": 0.9083060670615296, "params": {"C": 564.8459979981229, "epsilon": 0.9978601281398866, "gamma": 0.06659982490395011, "lamda": 0.09844571587132123}, "datetime": {"datetime": "2021-09-23 21:30:40", "elapsed": 802.440977, "delta": 2.522634}}
{"target": 0.8848556365685518, "params": {"C": 505.8404405346825, "epsilon": 0.8756261502040515, "gamma": 0.028170572992870506, "lamda": 0.331646235516188}, "datetime": {"datetime": "2021-09-23 21:30:43", "elapsed": 804.978505, "delta": 2.537528}}
{"target": 0.9156113966134837, "params": {"C": 536.1301144085776, "epsilon": 0.06814272598034526, "gamma": 0.06954116342044672, "lamda": 0.33640740465038343}, "datetime": {"datetime": "2021-09-23 21:30:47", "elapsed": 809.07497, "delta": 4.096465}}
{"target": 0.9146123926497091, "params": {"C": 536.1769296365219, "epsilon": 0.3633115388609215, "gamma": 0.05963051674671606, "lamda": 0.1713890386081548}, "datetime": {"datetime": "2021-09-23 21:30:50", "elapsed": 811.945358, "delta": 2.870388}}
{"target": 0.8945670773296585, "params": {"C": 589.9981130382438, "epsilon": 0.7841283469255622, "gamma": 0.034189860487037475, "lamda": 0.29243461807884064}, "datetime": {"datetime": "2021-09-23 21:30:52", "elapsed": 814.78457, "delta": 2.839212}}
{"target": 0.9252418240647944, "params": {"C": 665.698096490012, "epsilon": 0.05012939087861945, "gamma": 0.04801889409557653, "lamda": 0.29977274913290614}, "datetime": {"datetime": "2021-09-23 22:09:28", "elapsed": 0.0, "delta": 0.0}}
{"target": 0.9018684753678818, "params": {"C": 624.7760518453886, "epsilon": 0.24805274616492223, "gamma": 0.02188377188557744, "lamda": 0.30445175416738457}, "datetime": {"datetime": "2021-09-23 22:09:28", "elapsed": 0.293996, "delta": 0.293996}}
{"target": 0.9184286531256303, "params": {"C": 575.3666254843803, "epsilon": 0.11568961974878995, "gamma": 0.05112158910206784, "lamda": 0.3814039451317797}, "datetime": {"datetime": "2021-09-23 22:09:28", "elapsed": 0.627996, "delta": 0.334}}
{"target": 0.9065873958203501, "params": {"C": 550.5922399491872, "epsilon": 0.5268264954842033, "gamma": 0.05875725769912682, "lamda": 0.2453979006649259}, "datetime": {"datetime": "2021-09-23 22:09:29", "elapsed": 1.12264, "delta": 0.494644}}
{"target": 0.9090910920795383, "params": {"C": 658.26329761477, "epsilon": 0.31311978612551417, "gamma": 0.06506644735077662, "lamda": 0.28611573757567854}, "datetime": {"datetime": "2021-09-23 22:09:29", "elapsed": 1.823643, "delta": 0.701003}}
{"target": 0.9271025124352111, "params": {"C": 584.5048946403729, "epsilon": 0.2143536366860862, "gamma": 0.03813334536474346, "lamda": 0.05393966604095758}, "datetime": {"datetime": "2021-09-23 22:09:30", "elapsed": 2.341604, "delta": 0.517961}}
{"target": 0.8922407965351998, "params": {"C": 589.1230866337047, "epsilon": 0.22140590183077033, "gamma": 0.015313531549807238, "lamda": 0.2964448947297927}, "datetime": {"datetime": "2021-09-23 22:09:30", "elapsed": 2.842594, "delta": 0.50099}}
{"target": 0.9009187368664681, "params": {"C": 584.5610512559176, "epsilon": 0.3787579907509161, "gamma": 0.013724656509111397, "lamda": 0.013614697563709196}, "datetime": {"datetime": "2021-09-23 22:09:31", "elapsed": 3.425597, "delta": 0.583003}}
{"target": 0.9259765266622072, "params": {"C": 553.0669012899641, "epsilon": 0.0921769038139145, "gamma": 0.04495343042761878, "lamda": 0.16828231117332992}, "datetime": {"datetime": "2021-09-23 22:09:31", "elapsed": 3.839593, "delta": 0.413996}}
{"target": 0.8932515169362125, "params": {"C": 641.5000923757323, "epsilon": 0.9246166610991446, "gamma": 0.052568298727638366, "lamda": 0.30060708528951074}, "datetime": {"datetime": "2021-09-23 22:09:32", "elapsed": 4.215915, "delta": 0.376322}}
{"target": 0.8867461124040971, "params": {"C": 673.7949230615262, "epsilon": 0.5469901009103314, "gamma": 0.02387050364069023, "lamda": 0.38801409740661935}, "datetime": {"datetime": "2021-09-23 22:09:32", "elapsed": 4.615918, "delta": 0.400003}}
