{"target": 0.9134431739411333, "params": {"C": 369.7466755876269, "epsilon": 0.09385067240022865, "gamma": 0.08182592218914382, "lamda": 0.08690309689318003}, "datetime": {"datetime": "2021-09-23 10:38:39", "elapsed": 144.239548, "delta": 1.030994}}
{"target": 0.9155541266818559, "params": {"C": 398.1744710559484, "epsilon": 0.20316979321236475, "gamma": 0.08087359357263722, "lamda": 0.07202767458244518}, "datetime": {"datetime": "2021-09-23 10:38:40", "elapsed": 145.285819, "delta": 1.046271}}
{"target": 0.9139248086583878, "params": {"C": 307.41511128219076, "epsilon": 0.2759250953950759, "gamma": 0.07269479521904293, "lamda": 0.166779160427604}, "datetime": {"datetime": "2021-09-23 10:38:41", "elapsed": 146.222534, "delta": 0.936715}}
{"target": 0.9149971621675811, "params": {"C": 398.1672350952558, "epsilon": 0.2568289078258003, "gamma": 0.06065154850259567, "lamda": 0.1281903640867103}, "datetime": {"datetime": "2021-09-23 10:38:42", "elapsed": 147.943222, "delta": 1.720688}}
{"target": 0.916942543958907, "params": {"C": 398.1218286010072, "epsilon": 0.27282390608041374, "gamma": 0.0694033657626964, "lamda": 0.07863708556127781}, "datetime": {"datetime": "2021-09-23 10:38:44", "elapsed": 149.39776, "delta": 1.454538}}
{"target": 0.9162113309703162, "params": {"C": 398.0809277687632, "epsilon": 0.26992936890285435, "gamma": 0.065017929521163, "lamda": 0.10518457796989443}, "datetime": {"datetime": "2021-09-23 10:38:46", "elapsed": 151.2646, "delta": 1.86684}}
{"target": 0.9151634603031662, "params": {"C": 377.16042688000266, "epsilon": 0.10080073250031536, "gamma": 0.08322620376054651, "lamda": 0.15095899512332922}, "datetime": {"datetime": "2021-09-23 10:38:47", "elapsed": 152.803719, "delta": 1.539119}}
{"target": 0.913637066916438, "params": {"C": 334.2780630742445, "epsilon": 0.3078665931014263, "gamma": 0.0886304772712749, "lamda": 0.12814867510955946}, "datetime": {"datetime": "2021-09-23 10:38:48", "elapsed": 154.077216, "delta": 1.273497}}
{"target": 0.9166660855649473, "params": {"C": 395.301289979426, "epsilon": 0.2876244572631335, "gamma": 0.06652182409399632, "lamda": 0.07466019127844348}, "datetime": {"datetime": "2021-09-23 10:38:50", "elapsed": 156.020846, "delta": 1.94363}}
{"target": 0.9167681909025513, "params": {"C": 390.8318748627048, "epsilon": 0.1600045239139366, "gamma": 0.07147176901895685, "lamda": 0.11064683481661676}, "datetime": {"datetime": "2021-09-23 10:38:52", "elapsed": 157.373898, "delta": 1.353052}}
{"target": 0.916243878711807, "params": {"C": 353.97825824702267, "epsilon": 0.3137772566517179, "gamma": 0.068209748034346, "lamda": 0.04557710032765812}, "datetime": {"datetime": "2021-09-23 10:38:53", "elapsed": 158.620897, "delta": 1.246999}}
{"target": 0.9160866722445252, "params": {"C": 354.6140295520754, "epsilon": 0.27819265322560316, "gamma": 0.07150564732293309, "lamda": 0.10885303110328522}, "datetime": {"datetime": "2021-09-23 10:38:54", "elapsed": 159.781723, "delta": 1.160826}}
{"target": 0.9156591064200822, "params": {"C": 389.19141618704134, "epsilon": 0.31688531047476043, "gamma": 0.06191093900197205, "lamda": 0.05347829354629746}, "datetime": {"datetime": "2021-09-23 10:38:56", "elapsed": 161.848627, "delta": 2.066904}}
{"target": 0.9152937105262005, "params": {"C": 318.8045597863096, "epsilon": 0.10508333684196916, "gamma": 0.06911974848334412, "lamda": 0.07710937987554628}, "datetime": {"datetime": "2021-09-23 10:38:57", "elapsed": 163.075107, "delta": 1.22648}}
{"target": 0.915668465192687, "params": {"C": 399.1198926854953, "epsilon": 0.24815626297666593, "gamma": 0.08169082818431106, "lamda": 0.1291903511393905}, "datetime": {"datetime": "2021-09-23 10:38:59", "elapsed": 164.619298, "delta": 1.544191}}
{"target": 0.916413742452284, "params": {"C": 398.15295696302417, "epsilon": 0.2333831219726839, "gamma": 0.06683218022686895, "lamda": 0.05676322923787512}, "datetime": {"datetime": "2021-09-23 10:39:01", "elapsed": 166.772802, "delta": 2.153504}}
{"target": 0.9132352064178346, "params": {"C": 363.2498500501568, "epsilon": 0.08552090629021138, "gamma": 0.0871154343739069, "lamda": 0.12488756845285487}, "datetime": {"datetime": "2021-09-23 10:39:03", "elapsed": 168.467682, "delta": 1.69488}}
{"target": 0.9145936018586225, "params": {"C": 398.1533980648405, "epsilon": 0.27766690497429536, "gamma": 0.08581676057088818, "lamda": 0.05494096169844226}, "datetime": {"datetime": "2021-09-23 10:39:05", "elapsed": 170.636397, "delta": 2.168715}}
{"target": 0.915542600513622, "params": {"C": 398.1173836086315, "epsilon": 0.2617972187537639, "gamma": 0.06049796114513151, "lamda": 0.09835520836842211}, "datetime": {"datetime": "2021-09-23 10:39:07", "elapsed": 172.51165, "delta": 1.875253}}
{"target": 0.9161860218498326, "params": {"C": 398.1030852789385, "epsilon": 0.2820587886691376, "gamma": 0.0636467910052731, "lamda": 0.06277427296950962}, "datetime": {"datetime": "2021-09-23 10:39:09", "elapsed": 174.135812, "delta": 1.624162}}
{"target": 0.9154411675054023, "params": {"C": 326.9957179562434, "epsilon": 0.3035238044205325, "gamma": 0.07495538470410243, "lamda": 0.11338552310363335}, "datetime": {"datetime": "2021-09-23 10:39:10", "elapsed": 175.539964, "delta": 1.404152}}
{"target": 0.9145758689374955, "params": {"C": 379.71862044909466, "epsilon": 0.18694282378144678, "gamma": 0.08962694361564341, "lamda": 0.15158595129277835}, "datetime": {"datetime": "2021-09-23 10:39:11", "elapsed": 176.70696, "delta": 1.166996}}
{"target": 0.9166974236414738, "params": {"C": 398.10562281520134, "epsilon": 0.23372107602748945, "gamma": 0.07407015409780505, "lamda": 0.07310318701444198}, "datetime": {"datetime": "2021-09-23 10:39:13", "elapsed": 178.683872, "delta": 1.976912}}
{"target": 0.9147588394411473, "params": {"C": 363.6965177110102, "epsilon": 0.2893327476059837, "gamma": 0.08038946418292975, "lamda": 0.13587608301693904}, "datetime": {"datetime": "2021-09-23 10:39:15", "elapsed": 180.184236, "delta": 1.500364}}
{"target": 0.9138726442695062, "params": {"C": 386.6195570826715, "epsilon": 0.32589554308315727, "gamma": 0.08951217731220147, "lamda": 0.11248535995442896}, "datetime": {"datetime": "2021-09-23 10:39:16", "elapsed": 182.034347, "delta": 1.850111}}
{"target": 0.9145317759813685, "params": {"C": 398.1247620935075, "epsilon": 0.2612740772857596, "gamma": 0.0899972860499266, "lamda": 0.08425559899107173}, "datetime": {"datetime": "2021-09-23 10:39:18", "elapsed": 183.928857, "delta": 1.89451}}
{"target": 0.9153327256796074, "params": {"C": 395.2303051450301, "epsilon": 0.2615161393549407, "gamma": 0.08538376544253565, "lamda": 0.07122878961628941}, "datetime": {"datetime": "2021-09-23 10:39:20", "elapsed": 185.793133, "delta": 1.864276}}
{"target": 0.9148151235048771, "params": {"C": 286.68791847909296, "epsilon": 0.20773943706178247, "gamma": 0.08541195856533305, "lamda": 0.07741259129929047}, "datetime": {"datetime": "2021-09-23 10:39:22", "elapsed": 187.118134, "delta": 1.325001}}
{"target": 0.9166225193693803, "params": {"C": 377.0707380501547, "epsilon": 0.14788861834475592, "gamma": 0.06935896669075857, "lamda": 0.16268030898742347}, "datetime": {"datetime": "2021-09-23 10:39:23", "elapsed": 188.711429, "delta": 1.593295}}
{"target": 0.9141999002521333, "params": {"C": 377.0776929955683, "epsilon": 0.1235652397625362, "gamma": 0.08885737414496049, "lamda": 0.13521177815562238}, "datetime": {"datetime": "2021-09-23 10:39:25", "elapsed": 190.547335, "delta": 1.835906}}
{"target": 0.9158745115270195, "params": {"C": 398.1545588418479, "epsilon": 0.17298091020920897, "gamma": 0.06101577222891143, "lamda": 0.11551823203680162}, "datetime": {"datetime": "2021-09-23 10:39:27", "elapsed": 192.282583, "delta": 1.735248}}
{"target": 0.9139052208257429, "params": {"C": 349.4159797964917, "epsilon": 0.12688271458988218, "gamma": 0.0881013025844494, "lamda": 0.10536453418506354}, "datetime": {"datetime": "2021-09-23 10:39:28", "elapsed": 193.782625, "delta": 1.500042}}
{"target": 0.915070699502061, "params": {"C": 330.374094819624, "epsilon": 0.0932865329598403, "gamma": 0.07376229937986711, "lamda": 0.08434403669124785}, "datetime": {"datetime": "2021-09-23 10:39:30", "elapsed": 195.274039, "delta": 1.491414}}
{"target": 0.9153368315379042, "params": {"C": 340.5601145731741, "epsilon": 0.12007142902823571, "gamma": 0.06134695840460066, "lamda": 0.11544820201063154}, "datetime": {"datetime": "2021-09-23 10:39:31", "elapsed": 196.621321, "delta": 1.347282}}
{"target": 0.9164503978083822, "params": {"C": 377.1048656980531, "epsilon": 0.16991349735236305, "gamma": 0.07448462946348988, "lamda": 0.16380242501480108}, "datetime": {"datetime": "2021-09-23 10:39:33", "elapsed": 198.810775, "delta": 2.189454}}
{"target": 0.916777206727531, "params": {"C": 390.4288540632634, "epsilon": 0.221287797595333, "gamma": 0.06986629651839157, "lamda": 0.08219190795911177}, "datetime": {"datetime": "2021-09-23 10:39:34", "elapsed": 200.074411, "delta": 1.263636}}
{"target": 0.9146886490051531, "params": {"C": 390.81992783712695, "epsilon": 0.14215611075840384, "gamma": 0.08498888746571154, "lamda": 0.09944575241363436}, "datetime": {"datetime": "2021-09-23 10:39:37", "elapsed": 202.191822, "delta": 2.117411}}
{"target": 0.915457368991931, "params": {"C": 399.15480391339526, "epsilon": 0.2133130284197123, "gamma": 0.08601595136339535, "lamda": 0.11298735335944257}, "datetime": {"datetime": "2021-09-23 10:39:38", "elapsed": 203.8909, "delta": 1.699078}}
{"target": 0.916941465326055, "params": {"C": 390.8186944113655, "epsilon": 0.17896262070364188, "gamma": 0.07031199343003353, "lamda": 0.11941277879624569}, "datetime": {"datetime": "2021-09-23 10:39:40", "elapsed": 205.90529, "delta": 2.01439}}
{"target": 0.9163282133310362, "params": {"C": 395.29331911659654, "epsilon": 0.2826432973614743, "gamma": 0.0744247705218204, "lamda": 0.05052437626353272}, "datetime": {"datetime": "2021-09-23 10:39:42", "elapsed": 208.070421, "delta": 2.165131}}
{"target": 0.9151606631332696, "params": {"C": 332.78140571814197, "epsilon": 0.33666747046023887, "gamma": 0.07060495735282281, "lamda": 0.10963084086163899}, "datetime": {"datetime": "2021-09-23 10:39:44", "elapsed": 209.313285, "delta": 1.242864}}
{"target": 0.9163548375760189, "params": {"C": 390.4417842368135, "epsilon": 0.19916354230261482, "gamma": 0.06592479577363299, "lamda": 0.06656791669764534}, "datetime": {"datetime": "2021-09-23 10:39:46", "elapsed": 211.341825, "delta": 2.02854}}
{"target": 0.9156116455803306, "params": {"C": 398.069318308182, "epsilon": 0.19938937279170904, "gamma": 0.06, "lamda": 0.10231977465485684}, "datetime": {"datetime": "2021-09-23 10:39:48", "elapsed": 213.359289, "delta": 2.017464}}
{"target": 0.9148740875198348, "params": {"C": 390.844514979331, "epsilon": 0.20669589799149965, "gamma": 0.08703251290519166, "lamda": 0.08582878453285733}, "datetime": {"datetime": "2021-09-23 10:39:50", "elapsed": 215.570983, "delta": 2.211694}}
{"target": 0.9165515889296763, "params": {"C": 390.43809145332887, "epsilon": 0.2516238697145573, "gamma": 0.0722259478965028, "lamda": 0.06217419553978584}, "datetime": {"datetime": "2021-09-23 10:39:52", "elapsed": 217.761472, "delta": 2.190489}}
{"target": 0.9168093481079449, "params": {"C": 399.12096352027083, "epsilon": 0.23038377769267912, "gamma": 0.06703402222729628, "lamda": 0.09250590611328505}, "datetime": {"datetime": "2021-09-23 10:39:54", "elapsed": 219.561758, "delta": 1.800286}}
{"target": 0.9154478135336247, "params": {"C": 386.260209089071, "epsilon": 0.16440075996148537, "gamma": 0.06488185724369179, "lamda": 0.05554912185452007}, "datetime": {"datetime": "2021-09-23 10:39:56", "elapsed": 221.18792, "delta": 1.626162}}
{"target": 0.9165484151025342, "params": {"C": 398.11674666909914, "epsilon": 0.19669667936419824, "gamma": 0.06718387978804517, "lamda": 0.08003985835993303}, "datetime": {"datetime": "2021-09-23 10:39:58", "elapsed": 223.623785, "delta": 2.435865}}
{"target": 0.9145789411020896, "params": {"C": 350.6017475874617, "epsilon": 0.23719743037978386, "gamma": 0.08205009213653863, "lamda": 0.04749047738890519}, "datetime": {"datetime": "2021-09-23 10:40:00", "elapsed": 225.163385, "delta": 1.5396}}
{"target": 0.9130861043971319, "params": {"C": 296.493087849671, "epsilon": 0.3140175830461973, "gamma": 0.063250749671568, "lamda": 0.13248833901520846}, "datetime": {"datetime": "2021-09-23 10:40:01", "elapsed": 226.432349, "delta": 1.268964}}
{"target": 0.9161743453457247, "params": {"C": 389.82441176741366, "epsilon": 0.32447946250975745, "gamma": 0.06517985677057073, "lamda": 0.04614428213416717}, "datetime": {"datetime": "2021-09-23 10:40:02", "elapsed": 228.022186, "delta": 1.589837}}
{"target": 0.9169042952909098, "params": {"C": 390.40230231846635, "epsilon": 0.2370761043715108, "gamma": 0.07221758092897153, "lamda": 0.10101447289990607}, "datetime": {"datetime": "2021-09-23 10:40:05", "elapsed": 230.455227, "delta": 2.433041}}
{"target": 0.914933511314873, "params": {"C": 399.7301737135542, "epsilon": 0.26560009580308785, "gamma": 0.06182149823194113, "lamda": 0.13546729504002775}, "datetime": {"datetime": "2021-09-23 10:40:06", "elapsed": 231.939323, "delta": 1.484096}}
{"target": 0.9165585346085158, "params": {"C": 390.37127319402424, "epsilon": 0.20823200260071745, "gamma": 0.0760134512947528, "lamda": 0.08352035499665879}, "datetime": {"datetime": "2021-09-23 10:40:08", "elapsed": 233.513815, "delta": 1.574492}}
{"target": 0.9158706871012394, "params": {"C": 385.11635259668026, "epsilon": 0.30370182030260706, "gamma": 0.06308774932886238, "lamda": 0.051386866901681136}, "datetime": {"datetime": "2021-09-23 10:40:10", "elapsed": 235.17636, "delta": 1.662545}}
{"target": 0.9157772382176864, "params": {"C": 323.33259703025686, "epsilon": 0.07359974948212172, "gamma": 0.07535752644484148, "lamda": 0.14486288295457617}, "datetime": {"datetime": "2021-09-23 10:40:11", "elapsed": 236.671359, "delta": 1.494999}}
{"target": 0.9163054167001341, "params": {"C": 363.9810827298236, "epsilon": 0.2099546946718988, "gamma": 0.07851799579579712, "lamda": 0.0952144173146832}, "datetime": {"datetime": "2021-09-23 10:40:13", "elapsed": 238.353363, "delta": 1.682004}}
{"target": 0.9169326451068074, "params": {"C": 390.3722236035036, "epsilon": 0.26121275569274127, "gamma": 0.07158390476546064, "lamda": 0.07744304588937849}, "datetime": {"datetime": "2021-09-23 10:40:15", "elapsed": 240.244358, "delta": 1.890995}}
{"target": 0.9165678405426769, "params": {"C": 390.37205777304547, "epsilon": 0.2084296892659508, "gamma": 0.07655773382707973, "lamda": 0.13002993585264078}, "datetime": {"datetime": "2021-09-23 10:40:17", "elapsed": 242.502911, "delta": 2.258553}}
{"target": 0.9143241108069872, "params": {"C": 390.42413339342806, "epsilon": 0.228930272895435, "gamma": 0.0815082447315095, "lamda": 0.045130271346528555}, "datetime": {"datetime": "2021-09-23 10:40:19", "elapsed": 244.863782, "delta": 2.360871}}
{"target": 0.9158413791476628, "params": {"C": 390.3507266436671, "epsilon": 0.24487195281015225, "gamma": 0.08143611717156121, "lamda": 0.12643186753837776}, "datetime": {"datetime": "2021-09-23 10:40:22", "elapsed": 247.175495, "delta": 2.311713}}
{"target": 0.9155808149285853, "params": {"C": 384.150672102324, "epsilon": 0.20411997824420738, "gamma": 0.07104225635095553, "lamda": 0.046045073693533764}, "datetime": {"datetime": "2021-09-23 10:40:23", "elapsed": 248.707714, "delta": 1.532219}}
{"target": 0.9165651415596064, "params": {"C": 390.4072146329768, "epsilon": 0.2004132869717435, "gamma": 0.07898353846190295, "lamda": 0.1184235642328043}, "datetime": {"datetime": "2021-09-23 10:40:25", "elapsed": 250.613519, "delta": 1.905805}}
{"target": 0.916690920782449, "params": {"C": 390.39888006812106, "epsilon": 0.2745233507057119, "gamma": 0.07754690249460229, "lamda": 0.08875715663561697}, "datetime": {"datetime": "2021-09-23 10:40:27", "elapsed": 252.577596, "delta": 1.964077}}
{"target": 0.9152246580789158, "params": {"C": 343.5195097862471, "epsilon": 0.19277670942271397, "gamma": 0.08533674444845324, "lamda": 0.1401556748598696}, "datetime": {"datetime": "2021-09-23 10:40:29", "elapsed": 254.147359, "delta": 1.569763}}
{"target": 0.9163120030629878, "params": {"C": 342.3051433500029, "epsilon": 0.3388158201425788, "gamma": 0.0720518515240456, "lamda": 0.06652619048736733}, "datetime": {"datetime": "2021-09-23 10:40:31", "elapsed": 256.11182, "delta": 1.964461}}
{"target": 0.9169518684274344, "params": {"C": 399.1500581922578, "epsilon": 0.24658446100402742, "gamma": 0.0755849971944956, "lamda": 0.08920817724898375}, "datetime": {"datetime": "2021-09-23 10:40:33", "elapsed": 258.295819, "delta": 2.183999}}
{"target": 0.9167184285067632, "params": {"C": 390.4244715027981, "epsilon": 0.2612848908835241, "gamma": 0.07046586407875, "lamda": 0.1019161778841406}, "datetime": {"datetime": "2021-09-23 10:40:35", "elapsed": 260.211664, "delta": 1.915845}}
{"target": 0.9163852751400824, "params": {"C": 398.0514863686321, "epsilon": 0.14798266146236522, "gamma": 0.06546181478839957, "lamda": 0.08693122461874145}, "datetime": {"datetime": "2021-09-23 10:40:37", "elapsed": 262.347546, "delta": 2.135882}}
{"target": 0.9168590859054917, "params": {"C": 390.4410193781522, "epsilon": 0.21804001463060987, "gamma": 0.07297808594436843, "lamda": 0.1138574664615087}, "datetime": {"datetime": "2021-09-23 10:40:39", "elapsed": 264.745236, "delta": 2.39769}}
{"target": 0.9155260340623566, "params": {"C": 295.48424205576185, "epsilon": 0.1727184222242124, "gamma": 0.07790443288965267, "lamda": 0.13176782465950304}, "datetime": {"datetime": "2021-09-23 10:40:41", "elapsed": 266.564644, "delta": 1.819408}}
{"target": 0.9153034617209747, "params": {"C": 320.2638063626232, "epsilon": 0.22823079490973522, "gamma": 0.07157154329898399, "lamda": 0.1473442712283945}, "datetime": {"datetime": "2021-09-23 10:40:42", "elapsed": 268.03827, "delta": 1.473626}}
{"target": 0.9166883221802834, "params": {"C": 390.4330393104444, "epsilon": 0.3068062277761568, "gamma": 0.06894842084554514, "lamda": 0.08350611636560741}, "datetime": {"datetime": "2021-09-23 10:40:44", "elapsed": 269.950526, "delta": 1.912256}}
{"target": 0.9151813586806015, "params": {"C": 390.8426081622041, "epsilon": 0.17890067364898102, "gamma": 0.08704139983008402, "lamda": 0.13016593060127038}, "datetime": {"datetime": "2021-09-23 10:40:47", "elapsed": 272.330557, "delta": 2.380031}}
{"target": 0.9142779757424908, "params": {"C": 355.65165728304675, "epsilon": 0.250670553598364, "gamma": 0.08726996991058636, "lamda": 0.1440189423794665}, "datetime": {"datetime": "2021-09-23 10:40:48", "elapsed": 273.912142, "delta": 1.581585}}
{"target": 0.9151294236679783, "params": {"C": 390.4810190970688, "epsilon": 0.2835582683481572, "gamma": 0.08687358594701677, "lamda": 0.07091229530818027}, "datetime": {"datetime": "2021-09-23 10:40:51", "elapsed": 276.533972, "delta": 2.62183}}
{"target": 0.9154359584525631, "params": {"C": 390.3697335125715, "epsilon": 0.2360075368737951, "gamma": 0.06, "lamda": 0.09768779244103375}, "datetime": {"datetime": "2021-09-23 10:40:53", "elapsed": 278.971561, "delta": 2.437589}}
{"target": 0.9162057010872233, "params": {"C": 322.37887981471016, "epsilon": 0.12193697850033626, "gamma": 0.06940787998664455, "lamda": 0.11470875211564603}, "datetime": {"datetime": "2021-09-23 10:40:55", "elapsed": 280.696109, "delta": 1.724548}}
{"target": 0.9143299583675817, "params": {"C": 305.1203779706698, "epsilon": 0.2480239614953337, "gamma": 0.0880293162182637, "lamda": 0.06918503209129201}, "datetime": {"datetime": "2021-09-23 10:40:57", "elapsed": 282.515399, "delta": 1.81929}}
{"target": 0.914564296348775, "params": {"C": 341.2779520104798, "epsilon": 0.3019619921003153, "gamma": 0.08664354509977693, "lamda": 0.05602602705151208}, "datetime": {"datetime": "2021-09-23 10:40:59", "elapsed": 284.380708, "delta": 1.865309}}
{"target": 0.9143029200419077, "params": {"C": 390.3708009198816, "epsilon": 0.1779920712085593, "gamma": 0.09, "lamda": 0.10505712352823765}, "datetime": {"datetime": "2021-09-23 10:41:01", "elapsed": 286.437308, "delta": 2.0566}}
{"target": 0.916554055503434, "params": {"C": 399.18044176612875, "epsilon": 0.2479719516978842, "gamma": 0.06720199362626056, "lamda": 0.06724894056173371}, "datetime": {"datetime": "2021-09-23 10:41:03", "elapsed": 288.987224, "delta": 2.549916}}
{"target": 0.9165288176121598, "params": {"C": 364.61929795731635, "epsilon": 0.16895385512199862, "gamma": 0.06972975735763186, "lamda": 0.11295086800523657}, "datetime": {"datetime": "2021-09-23 10:41:05", "elapsed": 290.686936, "delta": 1.699712}}
{"target": 0.914891340544956, "params": {"C": 390.42797662952887, "epsilon": 0.2551014182889013, "gamma": 0.06219141329559329, "lamda": 0.14121348914963247}, "datetime": {"datetime": "2021-09-23 10:41:07", "elapsed": 292.70329, "delta": 2.016354}}
{"target": 0.9153440465290242, "params": {"C": 377.0669750662427, "epsilon": 0.17484250662979595, "gamma": 0.06102504516111761, "lamda": 0.1494068625649687}, "datetime": {"datetime": "2021-09-23 10:41:09", "elapsed": 295.000355, "delta": 2.297065}}
{"target": 0.9163497299771853, "params": {"C": 390.4191933690019, "epsilon": 0.29225866523913335, "gamma": 0.07315493202373446, "lamda": 0.04746482822349431}, "datetime": {"datetime": "2021-09-23 10:41:13", "elapsed": 298.185103, "delta": 3.184748}}
{"target": 0.9167098842936632, "params": {"C": 390.444046283408, "epsilon": 0.17587334965987744, "gamma": 0.07132295129837472, "lamda": 0.0970746044106293}, "datetime": {"datetime": "2021-09-23 10:41:15", "elapsed": 300.470823, "delta": 2.28572}}
{"target": 0.9151676332340376, "params": {"C": 377.09478369608894, "epsilon": 0.14584608751011094, "gamma": 0.06, "lamda": 0.17}, "datetime": {"datetime": "2021-09-23 10:41:17", "elapsed": 302.9526, "delta": 2.481777}}
