{"target": 0.913050730501633, "params": {"C": 187.11801265769108, "epsilon": 0.10746767896459289, "gamma": 0.0925766207735711, "lamda": 0.1433622215356979}, "datetime": {"datetime": "2021-09-23 10:01:53", "elapsed": 311.130292, "delta": 2.224516}}
{"target": 0.912918929345769, "params": {"C": 187.0728759189866, "epsilon": 0.123428588341882, "gamma": 0.0625886072643767, "lamda": 0.1302285501808634}, "datetime": {"datetime": "2021-09-23 10:01:55", "elapsed": 313.564693, "delta": 2.434401}}
{"target": 0.9069786219900788, "params": {"C": 167.95319167959494, "epsilon": 0.2751413870833524, "gamma": 0.0870526302396066, "lamda": 0.29911851895590447}, "datetime": {"datetime": "2021-09-23 10:01:57", "elapsed": 314.816822, "delta": 1.252129}}
{"target": 0.912132771753151, "params": {"C": 188.05939067850767, "epsilon": 0.1312820317084773, "gamma": 0.059121942864983595, "lamda": 0.1510722210375477}, "datetime": {"datetime": "2021-09-23 10:01:59", "elapsed": 317.430537, "delta": 2.613715}}
{"target": 0.9114371111889659, "params": {"C": 175.8635828865486, "epsilon": 0.22630299371197699, "gamma": 0.09892937763547205, "lamda": 0.09151612191603813}, "datetime": {"datetime": "2021-09-23 10:02:02", "elapsed": 319.718303, "delta": 2.287766}}
{"target": 0.9135554036293019, "params": {"C": 187.0882799609381, "epsilon": 0.08860972724310642, "gamma": 0.07166939439526387, "lamda": 0.2841727008377929}, "datetime": {"datetime": "2021-09-23 10:02:03", "elapsed": 321.677832, "delta": 1.959529}}
{"target": 0.9132853598457219, "params": {"C": 188.25305487251285, "epsilon": 0.15865176385182028, "gamma": 0.09022225468104048, "lamda": 0.13430206434366912}, "datetime": {"datetime": "2021-09-23 10:02:05", "elapsed": 322.930814, "delta": 1.252982}}
{"target": 0.9116105148845498, "params": {"C": 163.9043198618547, "epsilon": 0.2904441904627797, "gamma": 0.09783979874167492, "lamda": 0.0694230736084708}, "datetime": {"datetime": "2021-09-23 10:02:08", "elapsed": 325.709685, "delta": 2.778871}}
{"target": 0.9125050448982528, "params": {"C": 187.04752945913538, "epsilon": 0.1810165670299462, "gamma": 0.09285208647499427, "lamda": 0.1305932005996974}, "datetime": {"datetime": "2021-09-23 10:02:10", "elapsed": 328.078606, "delta": 2.368921}}
{"target": 0.9098257113499747, "params": {"C": 187.4327748113031, "epsilon": 0.1181528974333689, "gamma": 0.1, "lamda": 0.26406220953715026}, "datetime": {"datetime": "2021-09-23 10:02:12", "elapsed": 330.259757, "delta": 2.181151}}
{"target": 0.9126281607947379, "params": {"C": 199.55805193405607, "epsilon": 0.17555512528998612, "gamma": 0.08350191590409281, "lamda": 0.2003018950992693}, "datetime": {"datetime": "2021-09-23 10:02:13", "elapsed": 331.545506, "delta": 1.285749}}
{"target": 0.9130053389462675, "params": {"C": 188.3388625964688, "epsilon": 0.12164203393752909, "gamma": 0.08714748295862759, "lamda": 0.08212476533822896}, "datetime": {"datetime": "2021-09-23 10:02:16", "elapsed": 333.89807, "delta": 2.352564}}
{"target": 0.9062740467657742, "params": {"C": 154.09951638035054, "epsilon": 0.1571756026136547, "gamma": 0.08328339245332517, "lamda": 0.49340188799368045}, "datetime": {"datetime": "2021-09-23 10:02:17", "elapsed": 335.188687, "delta": 1.290617}}
{"target": 0.9111569009455485, "params": {"C": 188.01098718141546, "epsilon": 0.13983826493501436, "gamma": 0.1, "lamda": 0.11535892987035341}, "datetime": {"datetime": "2021-09-23 10:02:19", "elapsed": 337.35588, "delta": 2.167193}}
{"target": 0.9112235076631652, "params": {"C": 187.06290145292013, "epsilon": 0.11341374110235272, "gamma": 0.058179426334513035, "lamda": 0.2079703422249438}, "datetime": {"datetime": "2021-09-23 10:02:22", "elapsed": 340.030846, "delta": 2.674966}}
{"target": 0.9123391732591905, "params": {"C": 168.44109266669045, "epsilon": 0.21309465584002746, "gamma": 0.09545978345900498, "lamda": 0.08601237446706128}, "datetime": {"datetime": "2021-09-23 10:02:23", "elapsed": 341.319286, "delta": 1.28844}}
{"target": 0.9103555686118335, "params": {"C": 187.05274924098975, "epsilon": 0.144485089497157, "gamma": 0.06776924676586862, "lamda": 0.30766101515593136}, "datetime": {"datetime": "2021-09-23 10:02:25", "elapsed": 343.375925, "delta": 2.056639}}
{"target": 0.9126291407290308, "params": {"C": 187.14940400287807, "epsilon": 0.07273015859503731, "gamma": 0.06116089288519969, "lamda": 0.2755691193647259}, "datetime": {"datetime": "2021-09-23 10:02:28", "elapsed": 345.788016, "delta": 2.412091}}
{"target": 0.9117406165731186, "params": {"C": 173.30862894994746, "epsilon": 0.2506429118772383, "gamma": 0.0650949938113687, "lamda": 0.12343726583090683}, "datetime": {"datetime": "2021-09-23 10:02:29", "elapsed": 347.161466, "delta": 1.37345}}
{"target": 0.9116313123686871, "params": {"C": 155.72835048587993, "epsilon": 0.22968380242059808, "gamma": 0.0664337400535797, "lamda": 0.07662343194604791}, "datetime": {"datetime": "2021-09-23 10:02:31", "elapsed": 349.278746, "delta": 2.11728}}
{"target": 0.9141825997064678, "params": {"C": 187.06218680365407, "epsilon": 0.07241134322192441, "gamma": 0.08611237314341033, "lamda": 0.19027156625925418}, "datetime": {"datetime": "2021-09-23 10:02:35", "elapsed": 352.996442, "delta": 2.364519}}
{"target": 0.9107572045909221, "params": {"C": 175.95201291955516, "epsilon": 0.272668763447095, "gamma": 0.0994776849182416, "lamda": 0.10221441737801314}, "datetime": {"datetime": "2021-09-23 10:02:37", "elapsed": 355.526724, "delta": 2.530282}}
{"target": 0.9127706089741278, "params": {"C": 187.06791754548735, "epsilon": 0.17182059081056417, "gamma": 0.09402524651780991, "lamda": 0.08098752217903535}, "datetime": {"datetime": "2021-09-23 10:02:40", "elapsed": 358.029599, "delta": 2.502875}}
{"target": 0.9110638818410018, "params": {"C": 187.37762224927087, "epsilon": 0.07131600461649926, "gamma": 0.09982941784186536, "lamda": 0.21456124522486664}, "datetime": {"datetime": "2021-09-23 10:02:42", "elapsed": 360.511047, "delta": 2.481448}}
{"target": 0.9039523694733517, "params": {"C": 188.31678197036692, "epsilon": 0.07562305424313491, "gamma": 0.05808334412420139, "lamda": 0.10929554035311849}, "datetime": {"datetime": "2021-09-23 10:02:45", "elapsed": 362.928786, "delta": 2.417739}}
{"target": 0.9101696582135074, "params": {"C": 199.87127697347162, "epsilon": 0.2722831599460679, "gamma": 0.07780961236405522, "lamda": 0.23691837132293736}, "datetime": {"datetime": "2021-09-23 10:02:46", "elapsed": 364.27835, "delta": 1.349564}}
{"target": 0.9116236563034169, "params": {"C": 187.07175943446993, "epsilon": 0.08419860827892654, "gamma": 0.09658768625612349, "lamda": 0.24804557630755183}, "datetime": {"datetime": "2021-09-23 10:02:49", "elapsed": 366.741384, "delta": 2.463034}}
{"target": 0.9114512953525205, "params": {"C": 169.43660511227, "epsilon": 0.09433797593273982, "gamma": 0.09884811217962595, "lamda": 0.15417905523016445}, "datetime": {"datetime": "2021-09-23 10:02:51", "elapsed": 369.43856, "delta": 2.697176}}
{"target": 0.9115498926581389, "params": {"C": 187.084996174227, "epsilon": 0.07429963330860921, "gamma": 0.06214435000812186, "lamda": 0.35418865559260226}, "datetime": {"datetime": "2021-09-23 10:02:54", "elapsed": 371.888324, "delta": 2.449764}}
{"target": 0.9113477440759225, "params": {"C": 187.147078506159, "epsilon": 0.16593917781307882, "gamma": 0.09953434335110438, "lamda": 0.10957119953517194}, "datetime": {"datetime": "2021-09-23 10:02:56", "elapsed": 374.295947, "delta": 2.407623}}
{"target": 0.9086483132220976, "params": {"C": 184.12888380881782, "epsilon": 0.24864919257697615, "gamma": 0.08744927587515836, "lamda": 0.2832311492422778}, "datetime": {"datetime": "2021-09-23 10:02:57", "elapsed": 375.658775, "delta": 1.362828}}
{"target": 0.9053751052519484, "params": {"C": 196.77469689356442, "epsilon": 0.1043249354480921, "gamma": 0.050964493351647405, "lamda": 0.37458191791590995}, "datetime": {"datetime": "2021-09-23 10:02:59", "elapsed": 377.064297, "delta": 1.405522}}
{"target": 0.9050206771138896, "params": {"C": 153.2904313560109, "epsilon": 0.21714036164038766, "gamma": 0.06357279126058848, "lamda": 0.35430043844349507}, "datetime": {"datetime": "2021-09-23 10:03:00", "elapsed": 378.516348, "delta": 1.452051}}
{"target": 0.9111935512898525, "params": {"C": 187.13569240332293, "epsilon": 0.07189930972372524, "gamma": 0.0979836950016507, "lamda": 0.2826696219451698}, "datetime": {"datetime": "2021-09-23 10:03:03", "elapsed": 381.271016, "delta": 2.754668}}
{"target": 0.91461724549012, "params": {"C": 188.18149149486368, "epsilon": 0.13547993295638228, "gamma": 0.07085392984631607, "lamda": 0.14489911542490103}, "datetime": {"datetime": "2021-09-23 10:03:05", "elapsed": 383.263833, "delta": 1.992817}}
{"target": 0.9106803183220441, "params": {"C": 174.20786725937182, "epsilon": 0.26302593250946227, "gamma": 0.08728278454251556, "lamda": 0.19083299787717042}, "datetime": {"datetime": "2021-09-23 10:03:06", "elapsed": 384.629994, "delta": 1.366161}}
{"target": 0.9113953019951464, "params": {"C": 187.1077785013718, "epsilon": 0.18903027949747386, "gamma": 0.09341015057428109, "lamda": 0.1722812664622304}, "datetime": {"datetime": "2021-09-23 10:03:09", "elapsed": 386.796423, "delta": 2.166429}}
{"target": 0.9106746517033785, "params": {"C": 160.558473721059, "epsilon": 0.2194720858511864, "gamma": 0.07438104149161551, "lamda": 0.20298085138717836}, "datetime": {"datetime": "2021-09-23 10:03:10", "elapsed": 388.201866, "delta": 1.405443}}
{"target": 0.8981221555853924, "params": {"C": 156.75586046335215, "epsilon": 0.1296184468505898, "gamma": 0.06346906964552478, "lamda": 0.014831956260406946}, "datetime": {"datetime": "2021-09-23 10:03:12", "elapsed": 389.76073, "delta": 1.558864}}
{"target": 0.9117836983710362, "params": {"C": 188.19870531481476, "epsilon": 0.12254446536495901, "gamma": 0.09593683565600654, "lamda": 0.18665313226986813}, "datetime": {"datetime": "2021-09-23 10:03:15", "elapsed": 392.765321, "delta": 3.004591}}
{"target": 0.9135560252449585, "params": {"C": 187.06430432895195, "epsilon": 0.1674135518462549, "gamma": 0.09059051127115926, "lamda": 0.08417661644622419}, "datetime": {"datetime": "2021-09-23 10:03:16", "elapsed": 394.27939, "delta": 1.514069}}
{"target": 0.9144672920746962, "params": {"C": 188.4028239734207, "epsilon": 0.14673824377101463, "gamma": 0.078926089006439, "lamda": 0.08510327320014373}, "datetime": {"datetime": "2021-09-23 10:03:19", "elapsed": 396.831717, "delta": 2.552327}}
{"target": 0.9123164354257098, "params": {"C": 188.40290386890655, "epsilon": 0.19258440148538708, "gamma": 0.0756263363090678, "lamda": 0.05207495646842847}, "datetime": {"datetime": "2021-09-23 10:03:22", "elapsed": 400.232326, "delta": 3.400609}}
{"target": 0.9092276604391341, "params": {"C": 199.01924311101746, "epsilon": 0.17519790364037224, "gamma": 0.06879496218512049, "lamda": 0.35707573241650986}, "datetime": {"datetime": "2021-09-23 10:03:23", "elapsed": 401.639147, "delta": 1.406821}}
{"target": 0.9106200428104456, "params": {"C": 165.48825579543578, "epsilon": 0.20267216663875096, "gamma": 0.061136872448762244, "lamda": 0.15202739461771936}, "datetime": {"datetime": "2021-09-23 10:03:25", "elapsed": 403.164558, "delta": 1.525411}}
{"target": 0.9141025720129613, "params": {"C": 188.145290838413, "epsilon": 0.08975294942067688, "gamma": 0.06828382900169522, "lamda": 0.16088052139361542}, "datetime": {"datetime": "2021-09-23 10:03:28", "elapsed": 406.570559, "delta": 3.406001}}
{"target": 0.9110958603693383, "params": {"C": 187.08302291394062, "epsilon": 0.07656103812809466, "gamma": 0.09780233388757388, "lamda": 0.1232454628827995}, "datetime": {"datetime": "2021-09-23 10:03:30", "elapsed": 408.14157, "delta": 1.571011}}
{"target": 0.9095100930536013, "params": {"C": 184.13380758898046, "epsilon": 0.18249769681601413, "gamma": 0.05535963796360079, "lamda": 0.1490176767935623}, "datetime": {"datetime": "2021-09-23 10:03:31", "elapsed": 409.592617, "delta": 1.451047}}
{"target": 0.913573790666672, "params": {"C": 188.19305768547983, "epsilon": 0.09413448785720566, "gamma": 0.0895798290396741, "lamda": 0.1283136122431598}, "datetime": {"datetime": "2021-09-23 10:03:33", "elapsed": 411.065795, "delta": 1.473178}}
{"target": 0.9082649854120002, "params": {"C": 188.1818300030605, "epsilon": 0.13017388928194065, "gamma": 0.05613831824755274, "lamda": 0.10669476688486737}, "datetime": {"datetime": "2021-09-23 10:03:36", "elapsed": 414.430088, "delta": 3.364293}}
{"target": 0.9079680352692593, "params": {"C": 175.87884448156476, "epsilon": 0.2824652343583475, "gamma": 0.05188623144502134, "lamda": 0.08699401064427045}, "datetime": {"datetime": "2021-09-23 10:03:39", "elapsed": 417.504696, "delta": 3.074608}}
{"target": 0.911888232039884, "params": {"C": 169.35752896648637, "epsilon": 0.13781539106900967, "gamma": 0.06350592255620804, "lamda": 0.19968495473483203}, "datetime": {"datetime": "2021-09-23 10:03:42", "elapsed": 420.197781, "delta": 2.693085}}
{"target": 0.8990960425008865, "params": {"C": 152.3285135425377, "epsilon": 0.24415378252666273, "gamma": 0.05600098809478258, "lamda": 0.4745695380321518}, "datetime": {"datetime": "2021-09-23 10:03:43", "elapsed": 421.672947, "delta": 1.475166}}
{"target": 0.9113359056462647, "params": {"C": 187.05805037405818, "epsilon": 0.17321893827633233, "gamma": 0.05872549567960228, "lamda": 0.09562242715125195}, "datetime": {"datetime": "2021-09-23 10:03:46", "elapsed": 424.109961, "delta": 2.437014}}
{"target": 0.9102065220105467, "params": {"C": 165.0760635756268, "epsilon": 0.2939187443198342, "gamma": 0.09582235112858738, "lamda": 0.1308099896761801}, "datetime": {"datetime": "2021-09-23 10:03:47", "elapsed": 425.654551, "delta": 1.54459}}
{"target": 0.9130084098907872, "params": {"C": 169.38490855780742, "epsilon": 0.11308015677205321, "gamma": 0.08893293531926645, "lamda": 0.2032586410593838}, "datetime": {"datetime": "2021-09-23 10:03:50", "elapsed": 428.332044, "delta": 2.677493}}
{"target": 0.9060275477916097, "params": {"C": 188.4605242315826, "epsilon": 0.11490319207896313, "gamma": 0.05716157605509661, "lamda": 0.09356787894461199}, "datetime": {"datetime": "2021-09-23 10:03:53", "elapsed": 430.801239, "delta": 2.469195}}
{"target": 0.9067753703635736, "params": {"C": 187.26938287786191, "epsilon": 0.08951234567051311, "gamma": 0.050020613490279836, "lamda": 0.20463114765554752}, "datetime": {"datetime": "2021-09-23 10:03:55", "elapsed": 433.35265, "delta": 2.551411}}
{"target": 0.9140825272752289, "params": {"C": 167.72097852364797, "epsilon": 0.07409224281874936, "gamma": 0.0834694382754044, "lamda": 0.2503955686709715}, "datetime": {"datetime": "2021-09-23 10:03:58", "elapsed": 436.042102, "delta": 2.689452}}
{"target": 0.9089752107402908, "params": {"C": 179.66243878333415, "epsilon": 0.13395885745323305, "gamma": 0.07145837277378948, "lamda": 0.4437115648412909}, "datetime": {"datetime": "2021-09-23 10:03:59", "elapsed": 437.595366, "delta": 1.553264}}
{"target": 0.9102618031534953, "params": {"C": 169.3845543072921, "epsilon": 0.09401562186366173, "gamma": 0.1, "lamda": 0.26541276071648284}, "datetime": {"datetime": "2021-09-23 10:04:02", "elapsed": 440.338047, "delta": 2.742681}}
{"target": 0.9087934327255995, "params": {"C": 162.2692968436916, "epsilon": 0.23143377529143414, "gamma": 0.06455121022435903, "lamda": 0.21305687550085833}, "datetime": {"datetime": "2021-09-23 10:04:04", "elapsed": 441.935864, "delta": 1.597817}}
{"target": 0.902198195471116, "params": {"C": 155.5588626775801, "epsilon": 0.25683508058552773, "gamma": 0.08758136978226351, "lamda": 0.4534518255907074}, "datetime": {"datetime": "2021-09-23 10:04:05", "elapsed": 443.454779, "delta": 1.518915}}
{"target": 0.9108644012555475, "params": {"C": 170.29674655378625, "epsilon": 0.14894342046827785, "gamma": 0.09960273617573079, "lamda": 0.16053741685385317}, "datetime": {"datetime": "2021-09-23 10:04:09", "elapsed": 446.756071, "delta": 3.301292}}
{"target": 0.9119837149191343, "params": {"C": 191.327677950938, "epsilon": 0.2522163103861106, "gamma": 0.06362245165595626, "lamda": 0.11780079291970337}, "datetime": {"datetime": "2021-09-23 10:04:10", "elapsed": 448.347894, "delta": 1.591823}}
{"target": 0.9076786134181815, "params": {"C": 188.2210756659536, "epsilon": 0.07557157026287632, "gamma": 0.05623425113835386, "lamda": 0.1677659433938857}, "datetime": {"datetime": "2021-09-23 10:04:13", "elapsed": 450.757146, "delta": 2.409252}}
{"target": 0.9055112507290979, "params": {"C": 163.87789493796078, "epsilon": 0.19726174997798895, "gamma": 0.057822607821167465, "lamda": 0.3094666387453606}, "datetime": {"datetime": "2021-09-23 10:04:14", "elapsed": 452.377832, "delta": 1.620686}}
{"target": 0.9119612784443207, "params": {"C": 187.14015647845298, "epsilon": 0.07372078980325819, "gamma": 0.09644632729763412, "lamda": 0.188801658656593}, "datetime": {"datetime": "2021-09-23 10:04:17", "elapsed": 455.554798, "delta": 3.176966}}
{"target": 0.9107440020123436, "params": {"C": 185.09385956355513, "epsilon": 0.13591433468639705, "gamma": 0.07460263782686198, "lamda": 0.35488797275296635}, "datetime": {"datetime": "2021-09-23 10:04:19", "elapsed": 457.195005, "delta": 1.640207}}
{"target": 0.9072547210510007, "params": {"C": 188.17402358076666, "epsilon": 0.1680134520684571, "gamma": 0.05148945773679674, "lamda": 0.17435599521871717}, "datetime": {"datetime": "2021-09-23 10:04:22", "elapsed": 459.842601, "delta": 2.647596}}
{"target": 0.9061884069170385, "params": {"C": 156.3158047341259, "epsilon": 0.2797399831524683, "gamma": 0.09469112910556521, "lamda": 0.2854753164887773}, "datetime": {"datetime": "2021-09-23 10:04:23", "elapsed": 461.398327, "delta": 1.555726}}
{"target": 0.9150285453157161, "params": {"C": 188.39419980949685, "epsilon": 0.19828200495165776, "gamma": 0.07483416197447976, "lamda": 0.09270433218007954}, "datetime": {"datetime": "2021-09-23 10:04:27", "elapsed": 464.709817, "delta": 3.31149}}
{"target": 0.906794649509157, "params": {"C": 190.4927271722867, "epsilon": 0.17138249514403914, "gamma": 0.07792651729777055, "lamda": 0.4858046749204152}, "datetime": {"datetime": "2021-09-23 10:04:28", "elapsed": 466.361299, "delta": 1.651482}}
{"target": 0.9024464263187992, "params": {"C": 188.16245625622776, "epsilon": 0.0763137499430057, "gamma": 0.053719177670745404, "lamda": 0.1273593423127211}, "datetime": {"datetime": "2021-09-23 10:04:32", "elapsed": 469.703953, "delta": 3.342654}}
{"target": 0.9068163273632279, "params": {"C": 187.25864935069438, "epsilon": 0.26677257221414385, "gamma": 0.08925209845670354, "lamda": 0.3156728988392026}, "datetime": {"datetime": "2021-09-23 10:04:33", "elapsed": 471.30345, "delta": 1.599497}}
{"target": 0.9116786740507269, "params": {"C": 187.07054495736128, "epsilon": 0.15032337546474062, "gamma": 0.09827292327774442, "lamda": 0.12262386788645162}, "datetime": {"datetime": "2021-09-23 10:04:36", "elapsed": 473.988211, "delta": 2.684761}}
{"target": 0.9047391550700185, "params": {"C": 170.2851473428127, "epsilon": 0.12947704693470352, "gamma": 0.051839841112532085, "lamda": 0.3581507687292786}, "datetime": {"datetime": "2021-09-23 10:04:37", "elapsed": 475.464674, "delta": 1.476463}}
{"target": 0.9113724022291061, "params": {"C": 177.32856579334793, "epsilon": 0.07152124520456397, "gamma": 0.09741586381592443, "lamda": 0.2824751188929121}, "datetime": {"datetime": "2021-09-23 10:04:39", "elapsed": 477.201745, "delta": 1.737071}}
{"target": 0.9101091321744397, "params": {"C": 187.29664115408903, "epsilon": 0.12354665711378049, "gamma": 0.1, "lamda": 0.24058646868285738}, "datetime": {"datetime": "2021-09-23 10:04:42", "elapsed": 480.677478, "delta": 3.475733}}
{"target": 0.9153482915632971, "params": {"C": 254.2641286533492, "epsilon": 0.07560302632703841, "gamma": 0.07900944704778826, "lamda": 0.1386004853173265}, "datetime": {"datetime": "2021-09-23 10:15:42", "elapsed": 0.0, "delta": 0.0}}
{"target": 0.9142792447207188, "params": {"C": 199.70140246051807, "epsilon": 0.13069509429332887, "gamma": 0.06594188594278871, "lamda": 0.14006633902486984}, "datetime": {"datetime": "2021-09-23 10:15:42", "elapsed": 0.303209, "delta": 0.303209}}
{"target": 0.9115160909407392, "params": {"C": 133.82216731250708, "epsilon": 0.09385174982698277, "gamma": 0.08056079455103392, "lamda": 0.16417416827436707}, "datetime": {"datetime": "2021-09-23 10:15:42", "elapsed": 0.635016, "delta": 0.331807}}
{"target": 0.9092412682317408, "params": {"C": 100.78965326558288, "epsilon": 0.2082919111141597, "gamma": 0.0843786288495634, "lamda": 0.12156575835367352}, "datetime": {"datetime": "2021-09-23 10:15:42", "elapsed": 0.90825, "delta": 0.273234}}
{"target": 0.9143582978611362, "params": {"C": 300.0, "epsilon": 0.34, "gamma": 0.06, "lamda": 0.045}, "datetime": {"datetime": "2021-09-23 10:15:43", "elapsed": 1.346867, "delta": 0.438617}}
{"target": 0.9151779836792076, "params": {"C": 255.5257289604694, "epsilon": 0.16431464505167998, "gamma": 0.08061712410450932, "lamda": 0.06874094089692416}, "datetime": {"datetime": "2021-09-23 10:15:43", "elapsed": 1.739839, "delta": 0.392972}}
{"target": 0.9152558424327398, "params": {"C": 228.37295594790288, "epsilon": 0.32874647703596077, "gamma": 0.0793809714321345, "lamda": 0.048232985568743475}, "datetime": {"datetime": "2021-09-23 10:15:44", "elapsed": 2.211798, "delta": 0.471959}}
{"target": 0.9117345149921677, "params": {"C": 170.71660204554985, "epsilon": 0.28278987975989445, "gamma": 0.08328219405987566, "lamda": 0.1371430672957552}, "datetime": {"datetime": "2021-09-23 10:15:44", "elapsed": 2.643787, "delta": 0.431989}}
{"target": 0.913585571406915, "params": {"C": 241.0612068920792, "epsilon": 0.34, "gamma": 0.09, "lamda": 0.045}, "datetime": {"datetime": "2021-09-23 10:15:45", "elapsed": 3.113686, "delta": 0.469899}}
