{"target": 0.9255931685919334, "params": {"C": 666.3770425084005, "epsilon": 0.06516296946905624, "gamma": 0.05194378962633554, "lamda": 0.15360726993861543}, "datetime": {"datetime": "2021-09-23 22:14:44", "elapsed": 316.813496, "delta": 1.895005}}
{"target": 0.9255531580549143, "params": {"C": 584.5170035192639, "epsilon": 0.2054116658916157, "gamma": 0.04286470468027994, "lamda": 0.09611204978410727}, "datetime": {"datetime": "2021-09-23 22:14:47", "elapsed": 319.290203, "delta": 2.476707}}
{"target": 0.9044277007160951, "params": {"C": 629.3993872328089, "epsilon": 0.4710866968149353, "gamma": 0.06067348889690649, "lamda": 0.30473691415270376}, "datetime": {"datetime": "2021-09-23 22:14:48", "elapsed": 320.511372, "delta": 1.221169}}
{"target": 0.9132115009166094, "params": {"C": 627.8814291875036, "epsilon": 0.9957457242159313, "gamma": 0.03410370304809121, "lamda": 0.06971160003567652}, "datetime": {"datetime": "2021-09-23 22:14:50", "elapsed": 322.05754, "delta": 1.546168}}
{"target": 0.9183021439136619, "params": {"C": 666.1067912947556, "epsilon": 0.04177259119426046, "gamma": 0.06569283051800355, "lamda": 0.3389540702032859}, "datetime": {"datetime": "2021-09-23 22:14:52", "elapsed": 324.060532, "delta": 2.002992}}
{"target": 0.9266800212291857, "params": {"C": 665.9171319659124, "epsilon": 0.1012686032961834, "gamma": 0.043422088988414875, "lamda": 0.15174983957585192}, "datetime": {"datetime": "2021-09-23 22:14:53", "elapsed": 325.835185, "delta": 1.774653}}
{"target": 0.9209429862198407, "params": {"C": 613.005827642109, "epsilon": 0.09963090466300584, "gamma": 0.06216674560301625, "lamda": 0.1413694803981213}, "datetime": {"datetime": "2021-09-23 22:14:55", "elapsed": 327.546952, "delta": 1.711767}}
{"target": 0.9232906571886708, "params": {"C": 666.2164106316088, "epsilon": 0.08357863299831994, "gamma": 0.035834410220397156, "lamda": 0.023949700268813278}, "datetime": {"datetime": "2021-09-23 22:14:57", "elapsed": 329.586056, "delta": 2.039104}}
{"target": 0.9099842319946523, "params": {"C": 569.3553025697023, "epsilon": 0.3990254428055038, "gamma": 0.04580886577930534, "lamda": 0.27796289631313376}, "datetime": {"datetime": "2021-09-23 22:14:59", "elapsed": 331.006793, "delta": 1.420737}}
{"target": 0.897013624402283, "params": {"C": 600.329757953279, "epsilon": 0.5984587817127524, "gamma": 0.03314308659796798, "lamda": 0.32768291376103525}, "datetime": {"datetime": "2021-09-23 22:15:00", "elapsed": 332.580417, "delta": 1.573624}}
{"target": 0.9077646720985931, "params": {"C": 553.4126107985429, "epsilon": 0.08693245535212862, "gamma": 0.016294837772554496, "lamda": 0.09807661986409948}, "datetime": {"datetime": "2021-09-23 22:15:02", "elapsed": 334.381366, "delta": 1.800949}}
{"target": 0.9275048966885528, "params": {"C": 665.990481045524, "epsilon": 0.0716602017517691, "gamma": 0.045533074697251937, "lamda": 0.14847024431651692}, "datetime": {"datetime": "2021-09-23 22:15:04", "elapsed": 336.416534, "delta": 2.035168}}
{"target": 0.8963362367112583, "params": {"C": 644.5645716038084, "epsilon": 0.6790756925570854, "gamma": 0.06453993982117275, "lamda": 0.317068464075257}, "datetime": {"datetime": "2021-09-23 22:15:05", "elapsed": 337.753629, "delta": 1.337095}}
{"target": 0.916038253457996, "params": {"C": 666.4791900226256, "epsilon": 0.1476423770028131, "gamma": 0.07, "lamda": 0.17763507527949035}, "datetime": {"datetime": "2021-09-23 22:15:08", "elapsed": 340.135941, "delta": 2.382312}}
{"target": 0.926708692802066, "params": {"C": 665.2708091189145, "epsilon": 0.11069852244084859, "gamma": 0.04231275669095984, "lamda": 0.14155189088166928}, "datetime": {"datetime": "2021-09-23 22:15:10", "elapsed": 342.195953, "delta": 2.060012}}
{"target": 0.9141357642376912, "params": {"C": 602.9735997683877, "epsilon": 0.21658840424194875, "gamma": 0.02881575997328912, "lamda": 0.22351033675314216}, "datetime": {"datetime": "2021-09-23 22:15:11", "elapsed": 343.661994, "delta": 1.466041}}
{"target": 0.9142539202895001, "params": {"C": 581.4004724633372, "epsilon": 0.6695675653721247, "gamma": 0.0660586324365274, "lamda": 0.0781986224354041}, "datetime": {"datetime": "2021-09-23 22:15:13", "elapsed": 345.313082, "delta": 1.651088}}
{"target": 0.9182230558690642, "params": {"C": 626.5974400130997, "epsilon": 0.8633449345826142, "gamma": 0.06328709019955386, "lamda": 0.036195078348426564}, "datetime": {"datetime": "2021-09-23 22:15:14", "elapsed": 346.768478, "delta": 1.455396}}
{"target": 0.9168550698882955, "params": {"C": 665.569917644039, "epsilon": 0.1555405994483307, "gamma": 0.0664888898213808, "lamda": 0.20018977215590258}, "datetime": {"datetime": "2021-09-23 22:15:16", "elapsed": 348.623866, "delta": 1.855388}}
{"target": 0.9163922449411182, "params": {"C": 553.4509664296484, "epsilon": 0.07170428524125491, "gamma": 0.06958433215156733, "lamda": 0.1398533075314918}, "datetime": {"datetime": "2021-09-23 22:15:19", "elapsed": 351.017368, "delta": 2.393502}}
{"target": 0.9083471192397142, "params": {"C": 655.7741224466454, "epsilon": 0.3855008869197727, "gamma": 0.029459514715263722, "lamda": 0.21789917067271516}, "datetime": {"datetime": "2021-09-23 22:15:21", "elapsed": 352.851415, "delta": 1.834047}}
{"target": 0.9211337937507269, "params": {"C": 556.0905970786378, "epsilon": 0.26978507353224157, "gamma": 0.06052149999535087, "lamda": 0.07821440664422406}, "datetime": {"datetime": "2021-09-23 22:15:22", "elapsed": 354.743415, "delta": 1.892}}
{"target": 0.9061001311843864, "params": {"C": 612.9581928779808, "epsilon": 0.15888507760079398, "gamma": 0.016393837545594307, "lamda": 0.10825543931193711}, "datetime": {"datetime": "2021-09-23 22:15:24", "elapsed": 356.715615, "delta": 1.9722}}
{"target": 0.9276503430355949, "params": {"C": 584.6471757836417, "epsilon": 0.10103038622290009, "gamma": 0.04199591695663441, "lamda": 0.1028535030789226}, "datetime": {"datetime": "2021-09-23 22:15:27", "elapsed": 359.741252, "delta": 3.025637}}
{"target": 0.9186107112597774, "params": {"C": 553.4459436004774, "epsilon": 0.12551463839752547, "gamma": 0.02620893934586424, "lamda": 0.14589054051368705}, "datetime": {"datetime": "2021-09-23 22:15:30", "elapsed": 362.236058, "delta": 2.494806}}
{"target": 0.9209806230520788, "params": {"C": 583.8426669887391, "epsilon": 0.3661706780046715, "gamma": 0.033264217771049286, "lamda": 0.08347972596733083}, "datetime": {"datetime": "2021-09-23 22:15:32", "elapsed": 364.403898, "delta": 2.16784}}
{"target": 0.9238801620754379, "params": {"C": 584.4868847270698, "epsilon": 0.23680038476691428, "gamma": 0.055500250892496564, "lamda": 0.06904542713623295}, "datetime": {"datetime": "2021-09-23 22:15:34", "elapsed": 366.684495, "delta": 2.280597}}
{"target": 0.9195451868067402, "params": {"C": 553.0597465605694, "epsilon": 0.12800033249870818, "gamma": 0.026785215629661407, "lamda": 0.12938789812496132}, "datetime": {"datetime": "2021-09-23 22:15:36", "elapsed": 368.728055, "delta": 2.04356}}
{"target": 0.9246338601087889, "params": {"C": 584.3923778661406, "epsilon": 0.29178548168526164, "gamma": 0.05137920105131634, "lamda": 0.06427820108038107}, "datetime": {"datetime": "2021-09-23 22:15:38", "elapsed": 370.801442, "delta": 2.073387}}
{"target": 0.9045544311368775, "params": {"C": 585.4987743259209, "epsilon": 0.8203224586898195, "gamma": 0.03468971127098242, "lamda": 0.16680464059172936}, "datetime": {"datetime": "2021-09-23 22:15:40", "elapsed": 372.506889, "delta": 1.705447}}
{"target": 0.9213702318601061, "params": {"C": 565.5201234844279, "epsilon": 0.18991282165798207, "gamma": 0.0412407418237993, "lamda": 0.18073352253535283}, "datetime": {"datetime": "2021-09-23 22:15:42", "elapsed": 374.512274, "delta": 2.005385}}
{"target": 0.8911959100377559, "params": {"C": 605.7237684649293, "epsilon": 0.789949519200054, "gamma": 0.055509346028482155, "lamda": 0.37012318832676455}, "datetime": {"datetime": "2021-09-23 22:15:45", "elapsed": 377.066185, "delta": 2.553911}}
{"target": 0.9147532348405703, "params": {"C": 567.2453218248357, "epsilon": 0.7038447656198701, "gamma": 0.04280147571250267, "lamda": 0.10507505443789188}, "datetime": {"datetime": "2021-09-23 22:15:46", "elapsed": 378.567196, "delta": 1.501011}}
{"target": 0.9181328802799523, "params": {"C": 665.9872922553577, "epsilon": 0.05948781886385206, "gamma": 0.06345204561998614, "lamda": 0.11998530451816253}, "datetime": {"datetime": "2021-09-23 22:15:48", "elapsed": 380.707881, "delta": 2.140685}}
{"target": 0.9186709657122782, "params": {"C": 665.9435593820393, "epsilon": 0.07723825297199503, "gamma": 0.06580950107649519, "lamda": 0.15124738013902106}, "datetime": {"datetime": "2021-09-23 22:15:51", "elapsed": 383.772208, "delta": 3.064327}}
{"target": 0.9250593807794444, "params": {"C": 666.0307857239447, "epsilon": 0.11159619846845721, "gamma": 0.042484393730313284, "lamda": 0.18245058595224617}, "datetime": {"datetime": "2021-09-23 22:15:54", "elapsed": 386.356468, "delta": 2.58426}}
{"target": 0.9238554983083995, "params": {"C": 584.3816596731629, "epsilon": 0.23921689399808418, "gamma": 0.053954018289068595, "lamda": 0.07790023914455911}, "datetime": {"datetime": "2021-09-23 22:15:56", "elapsed": 388.276934, "delta": 1.920466}}
{"target": 0.914357000764924, "params": {"C": 609.5007440018909, "epsilon": 0.34247662385980226, "gamma": 0.04833521569363582, "lamda": 0.2236747338830141}, "datetime": {"datetime": "2021-09-23 22:15:58", "elapsed": 390.007536, "delta": 1.730602}}
{"target": 0.9225663595998743, "params": {"C": 665.9622107523226, "epsilon": 0.12918640273753468, "gamma": 0.05922432743809244, "lamda": 0.0836403040263102}, "datetime": {"datetime": "2021-09-23 22:16:00", "elapsed": 392.119419, "delta": 2.111883}}
{"target": 0.9174337827547423, "params": {"C": 665.9526903889637, "epsilon": 0.16731070186114513, "gamma": 0.06856459511135594, "lamda": 0.13042325265417354}, "datetime": {"datetime": "2021-09-23 22:16:02", "elapsed": 394.608065, "delta": 2.488646}}
{"target": 0.9171323340072391, "params": {"C": 584.4361736998254, "epsilon": 0.19558220292171646, "gamma": 0.07, "lamda": 0.07571860252098975}, "datetime": {"datetime": "2021-09-23 22:16:05", "elapsed": 396.962418, "delta": 2.354353}}
{"target": 0.9109519970607133, "params": {"C": 565.8368824393011, "epsilon": 0.3521225589123351, "gamma": 0.06707401134491564, "lamda": 0.20546875555452276}, "datetime": {"datetime": "2021-09-23 22:16:06", "elapsed": 398.752406, "delta": 1.789988}}
{"target": 0.9149829915008909, "params": {"C": 610.5357334134659, "epsilon": 0.37285331333082794, "gamma": 0.040189437557264986, "lamda": 0.19011307631389732}, "datetime": {"datetime": "2021-09-23 22:16:08", "elapsed": 400.500133, "delta": 1.747727}}
{"target": 0.9213384537993707, "params": {"C": 666.0010117420103, "epsilon": 0.07045898430780388, "gamma": 0.02677660739386272, "lamda": 0.18604884115505543}, "datetime": {"datetime": "2021-09-23 22:16:10", "elapsed": 402.375305, "delta": 1.875172}}
{"target": 0.8993866046883058, "params": {"C": 604.165324199358, "epsilon": 0.7408649511284698, "gamma": 0.04927699645693644, "lamda": 0.28688367998786113}, "datetime": {"datetime": "2021-09-23 22:16:12", "elapsed": 404.200553, "delta": 1.825248}}
{"target": 0.9124691836501803, "params": {"C": 588.9424511050132, "epsilon": 0.9437229438946725, "gamma": 0.038127207173962986, "lamda": 0.0897471787714462}, "datetime": {"datetime": "2021-09-23 22:16:13", "elapsed": 405.563728, "delta": 1.363175}}
{"target": 0.9234314249245048, "params": {"C": 555.2377383932549, "epsilon": 0.9133342829609084, "gamma": 0.02915695429644182, "lamda": 0.009357343746428139}, "datetime": {"datetime": "2021-09-23 22:16:15", "elapsed": 407.250383, "delta": 1.686655}}
{"target": 0.916148031546832, "params": {"C": 583.9657086834579, "epsilon": 0.05080396200645276, "gamma": 0.06582959550161746, "lamda": 0.10509931296807659}, "datetime": {"datetime": "2021-09-23 22:16:16", "elapsed": 408.627469, "delta": 1.377086}}
{"target": 0.8999791921896837, "params": {"C": 665.0936115353062, "epsilon": 0.8797423321565119, "gamma": 0.05146519184214646, "lamda": 0.23524150766979834}, "datetime": {"datetime": "2021-09-23 22:16:18", "elapsed": 410.011098, "delta": 1.383629}}
{"target": 0.9262056743473001, "params": {"C": 666.1958284780063, "epsilon": 0.1539930268582576, "gamma": 0.049140767846650585, "lamda": 0.036974474166026186}, "datetime": {"datetime": "2021-09-23 22:16:20", "elapsed": 412.143412, "delta": 2.132314}}
{"target": 0.9159538652815624, "params": {"C": 639.3113277832528, "epsilon": 0.5364157487504756, "gamma": 0.027476314408313683, "lamda": 0.06792748842008427}, "datetime": {"datetime": "2021-09-23 22:16:22", "elapsed": 414.523165, "delta": 2.379753}}
{"target": 0.8989719822429352, "params": {"C": 603.8595750387849, "epsilon": 0.8951615020471819, "gamma": 0.05446315628752793, "lamda": 0.23937532878438053}, "datetime": {"datetime": "2021-09-23 22:16:24", "elapsed": 415.910205, "delta": 1.38704}}
{"target": 0.9263405258768748, "params": {"C": 665.9911258912771, "epsilon": 0.11285799234112158, "gamma": 0.03507915431084332, "lamda": 0.12237051580844975}, "datetime": {"datetime": "2021-09-23 22:16:26", "elapsed": 418.058167, "delta": 2.147962}}
{"target": 0.9199195451451917, "params": {"C": 665.407101097063, "epsilon": 0.12615675806667448, "gamma": 0.047983141292983776, "lamda": 0.29578943617642495}, "datetime": {"datetime": "2021-09-23 22:16:28", "elapsed": 419.929623, "delta": 1.871456}}
{"target": 0.91752237614077, "params": {"C": 665.3343352597079, "epsilon": 0.06241344183393641, "gamma": 0.06677432336985716, "lamda": 0.15172231813358605}, "datetime": {"datetime": "2021-09-23 22:16:30", "elapsed": 421.973877, "delta": 2.044254}}
{"target": 0.8969308582414117, "params": {"C": 599.7720566472037, "epsilon": 0.8502758109313171, "gamma": 0.032090055542956984, "lamda": 0.22905468124487088}, "datetime": {"datetime": "2021-09-23 22:16:31", "elapsed": 423.633654, "delta": 1.659777}}
{"target": 0.9142203061637617, "params": {"C": 584.5173385072521, "epsilon": 0.2540445745919353, "gamma": 0.026986958324969737, "lamda": 0.002191509564902365}, "datetime": {"datetime": "2021-09-23 22:16:34", "elapsed": 426.073206, "delta": 2.439552}}
{"target": 0.9285720768886363, "params": {"C": 666.2290130659325, "epsilon": 0.08469214372963568, "gamma": 0.04147072878737976, "lamda": 0.08503061067642904}, "datetime": {"datetime": "2021-09-23 22:16:37", "elapsed": 428.891057, "delta": 2.817851}}
{"target": 0.9216099444171242, "params": {"C": 665.2507464986313, "epsilon": 0.13243513997436107, "gamma": 0.03307619395034675, "lamda": 0.20371074101385886}, "datetime": {"datetime": "2021-09-23 22:16:39", "elapsed": 431.218052, "delta": 2.326995}}
{"target": 0.9144258014786437, "params": {"C": 698.6741558021681, "epsilon": 0.47516726752733274, "gamma": 0.05020229908491138, "lamda": 0.16036163556033758}, "datetime": {"datetime": "2021-09-23 22:16:40", "elapsed": 432.696052, "delta": 1.478}}
{"target": 0.926479503457727, "params": {"C": 639.4412253898049, "epsilon": 0.6315679935060259, "gamma": 0.03601483717605617, "lamda": 0.006197141639754358}, "datetime": {"datetime": "2021-09-23 22:16:43", "elapsed": 435.480052, "delta": 2.784}}
{"target": 0.9044167910164839, "params": {"C": 562.2985491410516, "epsilon": 0.397653628414109, "gamma": 0.04994007094399021, "lamda": 0.3947241549288147}, "datetime": {"datetime": "2021-09-23 22:16:45", "elapsed": 436.938053, "delta": 1.458001}}
{"target": 0.9202064196364399, "params": {"C": 666.2143580726671, "epsilon": 0.11278100531417382, "gamma": 0.02318805102131466, "lamda": 0.058177997100497425}, "datetime": {"datetime": "2021-09-23 22:16:47", "elapsed": 439.170109, "delta": 2.232056}}
{"target": 0.9265544014103336, "params": {"C": 666.2867916208851, "epsilon": 0.12250937552106268, "gamma": 0.048328275551545334, "lamda": 0.043287799132401945}, "datetime": {"datetime": "2021-09-23 22:16:50", "elapsed": 442.098744, "delta": 2.928635}}
{"target": 0.9161535438814885, "params": {"C": 605.3232780000714, "epsilon": 0.6334861572383768, "gamma": 0.06455174015080598, "lamda": 0.06897582647767024}, "datetime": {"datetime": "2021-09-23 22:16:51", "elapsed": 443.662003, "delta": 1.563259}}
{"target": 0.9160827366819939, "params": {"C": 666.0593047618064, "epsilon": 0.035706407515372504, "gamma": 0.021917306105605557, "lamda": 0.2882480141098608}, "datetime": {"datetime": "2021-09-23 22:16:53", "elapsed": 445.679786, "delta": 2.017783}}
{"target": 0.9089862424423799, "params": {"C": 666.2419433046825, "epsilon": 0.10399705886530555, "gamma": 0.06902903182947667, "lamda": 0.036117204057038166}, "datetime": {"datetime": "2021-09-23 22:16:56", "elapsed": 448.535397, "delta": 2.855611}}
{"target": 0.8704485268906235, "params": {"C": 598.8360638856067, "epsilon": 0.8519567447550392, "gamma": 0.0119472101010619, "lamda": 0.17796653579144306}, "datetime": {"datetime": "2021-09-23 22:16:58", "elapsed": 449.997012, "delta": 1.461615}}
{"target": 0.9096869314532058, "params": {"C": 666.2165521477517, "epsilon": 0.06025552835096708, "gamma": 0.017538712390091662, "lamda": 0.0663769725387625}, "datetime": {"datetime": "2021-09-23 22:17:00", "elapsed": 451.939073, "delta": 1.942061}}
{"target": 0.8880519136946396, "params": {"C": 563.9847834586405, "epsilon": 0.3688033087916762, "gamma": 0.016781668878456994, "lamda": 0.29022592418338455}, "datetime": {"datetime": "2021-09-23 22:17:01", "elapsed": 453.793639, "delta": 1.854566}}
{"target": 0.9198146283642287, "params": {"C": 584.6242966695811, "epsilon": 0.2312214500694146, "gamma": 0.06427920642092357, "lamda": 0.08318978758408399}, "datetime": {"datetime": "2021-09-23 22:17:03", "elapsed": 455.707117, "delta": 1.913478}}
{"target": 0.9220649109927315, "params": {"C": 629.6913298352542, "epsilon": 0.1210343676106572, "gamma": 0.0585599039643314, "lamda": 0.14947550862485168}, "datetime": {"datetime": "2021-09-23 22:17:05", "elapsed": 457.551079, "delta": 1.843962}}
{"target": 0.9192510706406007, "params": {"C": 553.4047146303125, "epsilon": 0.08326043758964202, "gamma": 0.06550531325421866, "lamda": 0.13560379754410629}, "datetime": {"datetime": "2021-09-23 22:17:07", "elapsed": 459.096964, "delta": 1.545885}}
{"target": 0.9104049905362229, "params": {"C": 583.8840686551835, "epsilon": 0.34002142780458333, "gamma": 0.017293628560375557, "lamda": 0.023096149973286392}, "datetime": {"datetime": "2021-09-23 22:17:10", "elapsed": 461.992234, "delta": 2.89527}}
{"target": 0.8983930478986513, "params": {"C": 640.0358053054404, "epsilon": 0.724843868544919, "gamma": 0.02235858599638965, "lamda": 0.14408365040758203}, "datetime": {"datetime": "2021-09-23 22:17:11", "elapsed": 463.828864, "delta": 1.83663}}
{"target": 0.9036795802031412, "params": {"C": 699.6138309204149, "epsilon": 0.8831072397725472, "gamma": 0.04337153483686626, "lamda": 0.18964014059689782}, "datetime": {"datetime": "2021-09-23 22:17:13", "elapsed": 465.283152, "delta": 1.454288}}
{"target": 0.9188514761352474, "params": {"C": 666.3147195081356, "epsilon": 0.13200452029856513, "gamma": 0.023291030796974546, "lamda": 0.07634148406232318}, "datetime": {"datetime": "2021-09-23 22:17:16", "elapsed": 467.908692, "delta": 2.62554}}
{"target": 0.9265223131869382, "params": {"C": 553.0090079574652, "epsilon": 0.06414606307536078, "gamma": 0.04700602191270129, "lamda": 0.17051702551248454}, "datetime": {"datetime": "2021-09-23 22:17:19", "elapsed": 471.29058, "delta": 3.381888}}
{"target": 0.9128070733424258, "params": {"C": 584.3844023450669, "epsilon": 0.3246729634126685, "gamma": 0.02270853764585084, "lamda": 0.09944331546287166}, "datetime": {"datetime": "2021-09-23 22:17:22", "elapsed": 474.072455, "delta": 2.781875}}
{"target": 0.9171121625532532, "params": {"C": 604.178183831925, "epsilon": 0.05339784462233184, "gamma": 0.06734014929384993, "lamda": 0.351705040715957}, "datetime": {"datetime": "2021-09-23 22:17:24", "elapsed": 476.302455, "delta": 2.23}}
{"target": 0.902458170645866, "params": {"C": 652.3866514264535, "epsilon": 0.7834335513028995, "gamma": 0.05493913105019002, "lamda": 0.22667180069673118}, "datetime": {"datetime": "2021-09-23 22:17:26", "elapsed": 478.352982, "delta": 2.050527}}
{"target": 0.8841160326286485, "params": {"C": 690.3240906806933, "epsilon": 0.17476168428108405, "gamma": 0.011157392021976886, "lamda": 0.2997158021010983}, "datetime": {"datetime": "2021-09-23 22:17:28", "elapsed": 480.080141, "delta": 1.727159}}
{"target": 0.8930024530777552, "params": {"C": 559.8712940680327, "epsilon": 0.6505484817007654, "gamma": 0.026287349512706185, "lamda": 0.2834987473726544}, "datetime": {"datetime": "2021-09-23 22:17:29", "elapsed": 481.710142, "delta": 1.630001}}
{"target": 0.8967910015711512, "params": {"C": 665.9596334343264, "epsilon": 0.14097210243421476, "gamma": 0.012620188559878343, "lamda": 0.1936573620656352}, "datetime": {"datetime": "2021-09-23 22:17:32", "elapsed": 484.111186, "delta": 2.401044}}
{"target": 0.9156791601920354, "params": {"C": 552.9902759061586, "epsilon": 0.1079436024764316, "gamma": 0.023604229522467213, "lamda": 0.17506925342830545}, "datetime": {"datetime": "2021-09-23 22:17:34", "elapsed": 486.46715, "delta": 2.355964}}
{"target": 0.9076483037311004, "params": {"C": 622.6236017781155, "epsilon": 0.8440658892790366, "gamma": 0.05473934145101867, "lamda": 0.1527903129318457}, "datetime": {"datetime": "2021-09-23 22:17:36", "elapsed": 487.978141, "delta": 1.510991}}
{"target": 0.9138465013955973, "params": {"C": 591.5137735543333, "epsilon": 0.8120592401867386, "gamma": 0.05938994779791612, "lamda": 0.0011552597203330953}, "datetime": {"datetime": "2021-09-23 22:17:38", "elapsed": 490.660939, "delta": 2.682798}}
{"target": 0.9097943932986384, "params": {"C": 581.6754211631769, "epsilon": 0.6603822751115254, "gamma": 0.0392572497899386, "lamda": 0.16250372686068973}, "datetime": {"datetime": "2021-09-23 22:17:40", "elapsed": 492.548865, "delta": 1.887926}}
