{"target": 0.8999791921896837, "params": {"C": 874.4019817925579, "epsilon": 0.8797423321565119, "gamma": 0.05146519184214646, "lamda": 0.23524150766979834}, "datetime": {"datetime": "2021-09-23 22:51:57", "elapsed": 379.703877, "delta": 1.851924}}
{"target": 0.923649973782634, "params": {"C": 834.5150883409241, "epsilon": 0.09702294596005047, "gamma": 0.04628580968353564, "lamda": 0.23635702869325076}, "datetime": {"datetime": "2021-09-23 22:52:00", "elapsed": 382.160071, "delta": 2.456194}}
{"target": 0.9159538652815624, "params": {"C": 855.4949737077187, "epsilon": 0.5364157487504756, "gamma": 0.027476314408313683, "lamda": 0.06792748842008427}, "datetime": {"datetime": "2021-09-23 22:52:03", "elapsed": 384.774594, "delta": 2.614523}}
{"target": 0.8989719822429352, "params": {"C": 829.4970216951089, "epsilon": 0.8951615020471819, "gamma": 0.05446315628752793, "lamda": 0.23937532878438053}, "datetime": {"datetime": "2021-09-23 22:52:04", "elapsed": 386.39026, "delta": 1.615666}}
{"target": 0.9122210436542004, "params": {"C": 792.1957179425644, "epsilon": 0.03760418798038529, "gamma": 0.0189506381681714, "lamda": 0.072640911438378}, "datetime": {"datetime": "2021-09-23 22:52:07", "elapsed": 388.846317, "delta": 2.456057}}
{"target": 0.9208285396250958, "params": {"C": 792.3450070102339, "epsilon": 0.07283617536138522, "gamma": 0.060278273987467566, "lamda": 0.11472531496273272}, "datetime": {"datetime": "2021-09-23 22:52:09", "elapsed": 391.007968, "delta": 2.161651}}
{"target": 0.9190200158862982, "params": {"C": 834.5736038943024, "epsilon": 0.12363555655205385, "gamma": 0.05691856792639637, "lamda": 0.2669074671386522}, "datetime": {"datetime": "2021-09-23 22:52:11", "elapsed": 393.102457, "delta": 2.094489}}
{"target": 0.8969308582414117, "params": {"C": 826.4995082079494, "epsilon": 0.8502758109313171, "gamma": 0.032090055542956984, "lamda": 0.22905468124487088}, "datetime": {"datetime": "2021-09-23 22:52:12", "elapsed": 394.600692, "delta": 1.498235}}
{"target": 0.9286938637503401, "params": {"C": 815.2165046972214, "epsilon": 0.20193971526038137, "gamma": 0.04294787528293022, "lamda": 0.028759440222828336}, "datetime": {"datetime": "2021-09-23 22:52:15", "elapsed": 396.889518, "delta": 2.288826}}
{"target": 0.9225969408115833, "params": {"C": 792.2534486997555, "epsilon": 0.10811299419129154, "gamma": 0.052676330449271426, "lamda": 0.21009805194307865}, "datetime": {"datetime": "2021-09-23 22:52:17", "elapsed": 399.560969, "delta": 2.671451}}
{"target": 0.9146195948541795, "params": {"C": 874.475528139282, "epsilon": 0.1625493454065816, "gamma": 0.055112689590250355, "lamda": 0.014896954984806844}, "datetime": {"datetime": "2021-09-23 22:52:20", "elapsed": 402.372434, "delta": 2.811465}}
{"target": 0.9144258014786437, "params": {"C": 899.0277142549234, "epsilon": 0.47516726752733274, "gamma": 0.05020229908491138, "lamda": 0.16036163556033758}, "datetime": {"datetime": "2021-09-23 22:52:22", "elapsed": 403.954052, "delta": 1.581618}}
{"target": 0.9232522495015211, "params": {"C": 855.476552565492, "epsilon": 0.492491116694177, "gamma": 0.05634831585080063, "lamda": 0.020484404917434952}, "datetime": {"datetime": "2021-09-23 22:52:25", "elapsed": 406.760797, "delta": 2.806745}}
{"target": 0.9044167910164839, "params": {"C": 799.0189360367712, "epsilon": 0.397653628414109, "gamma": 0.04994007094399021, "lamda": 0.3947241549288147}, "datetime": {"datetime": "2021-09-23 22:52:27", "elapsed": 409.052247, "delta": 2.29145}}
{"target": 0.9150799322547131, "params": {"C": 844.8105607105325, "epsilon": 0.6506228111269378, "gamma": 0.06542526778039978, "lamda": 0.07427044260429426}, "datetime": {"datetime": "2021-09-23 22:52:29", "elapsed": 410.831533, "delta": 1.779286}}
{"target": 0.9107495372669897, "params": {"C": 874.5956230227371, "epsilon": 0.039195455464680826, "gamma": 0.01708888312625234, "lamda": 0.2743745220061582}, "datetime": {"datetime": "2021-09-23 22:52:31", "elapsed": 413.308426, "delta": 2.476893}}
{"target": 0.9161535438814885, "params": {"C": 830.5704038667191, "epsilon": 0.6334861572383768, "gamma": 0.06455174015080598, "lamda": 0.06897582647767024}, "datetime": {"datetime": "2021-09-23 22:52:33", "elapsed": 415.026499, "delta": 1.718073}}
{"target": 0.9158946546058442, "params": {"C": 794.487406482466, "epsilon": 0.2523683780556878, "gamma": 0.044927395643090375, "lamda": 0.0012983467877145066}, "datetime": {"datetime": "2021-09-23 22:52:36", "elapsed": 417.945793, "delta": 2.919294}}
{"target": 0.9165332043966907, "params": {"C": 834.5587249341152, "epsilon": 0.06995468640352416, "gamma": 0.07, "lamda": 0.24336394126490887}, "datetime": {"datetime": "2021-09-23 22:52:39", "elapsed": 420.717908, "delta": 2.772115}}
{"target": 0.9245471939747942, "params": {"C": 792.2652771898357, "epsilon": 0.0635003331528933, "gamma": 0.04036929386045049, "lamda": 0.03261211107575857}, "datetime": {"datetime": "2021-09-23 22:52:40", "elapsed": 422.508187, "delta": 1.790279}}
{"target": 0.9215388176758909, "params": {"C": 855.4935004264244, "epsilon": 0.5970038247157206, "gamma": 0.04730574076219663, "lamda": 0.0038242057393909692}, "datetime": {"datetime": "2021-09-23 22:52:43", "elapsed": 425.210089, "delta": 2.701902}}
{"target": 0.8880519136946396, "params": {"C": 800.2555078696697, "epsilon": 0.3688033087916762, "gamma": 0.016781668878456994, "lamda": 0.29022592418338455}, "datetime": {"datetime": "2021-09-23 22:52:45", "elapsed": 426.870263, "delta": 1.660174}}
{"target": 0.8997766020730112, "params": {"C": 834.2902229076882, "epsilon": 0.07433608722832397, "gamma": 0.01148885755200491, "lamda": 0.10561524519287639}, "datetime": {"datetime": "2021-09-23 22:52:47", "elapsed": 429.258381, "delta": 2.388118}}
{"target": 0.9232629093453926, "params": {"C": 794.611389919264, "epsilon": 0.2742099228179947, "gamma": 0.05705312707620426, "lamda": 0.056875546281697366}, "datetime": {"datetime": "2021-09-23 22:52:49", "elapsed": 431.143509, "delta": 1.885128}}
{"target": 0.918335664236431, "params": {"C": 855.4808294930078, "epsilon": 0.47570297712971443, "gamma": 0.054697955253828694, "lamda": 0.0075297899235444495}, "datetime": {"datetime": "2021-09-23 22:52:51", "elapsed": 433.014155, "delta": 1.870646}}
{"target": 0.9217830354926859, "params": {"C": 836.1658348874928, "epsilon": 0.16718738078597228, "gamma": 0.03250151081712846, "lamda": 0.1577089649919458}, "datetime": {"datetime": "2021-09-23 22:52:54", "elapsed": 436.112436, "delta": 3.098281}}
{"target": 0.8983930478986513, "params": {"C": 856.0262572239897, "epsilon": 0.724843868544919, "gamma": 0.02235858599638965, "lamda": 0.14408365040758203}, "datetime": {"datetime": "2021-09-23 22:52:56", "elapsed": 437.864519, "delta": 1.752083}}
{"target": 0.9036795802031412, "params": {"C": 899.7168093416376, "epsilon": 0.8831072397725472, "gamma": 0.04337153483686626, "lamda": 0.18964014059689782}, "datetime": {"datetime": "2021-09-23 22:52:57", "elapsed": 439.678717, "delta": 1.814198}}
{"target": 0.9062966338147695, "params": {"C": 792.2430378466729, "epsilon": 0.11476186160671202, "gamma": 0.01437799016611314, "lamda": 0.03776011133892875}, "datetime": {"datetime": "2021-09-23 22:53:00", "elapsed": 442.521104, "delta": 2.842387}}
{"target": 0.9168902348843774, "params": {"C": 794.644641543443, "epsilon": 0.26292070459779826, "gamma": 0.021657438196427174, "lamda": 0.05872760200497818}, "datetime": {"datetime": "2021-09-23 22:53:03", "elapsed": 445.599921, "delta": 3.078817}}
{"target": 0.9106142800632555, "params": {"C": 874.5258581216655, "epsilon": 0.08253709175013538, "gamma": 0.017312177832337405, "lamda": 0.03380914676874786}, "datetime": {"datetime": "2021-09-23 22:53:06", "elapsed": 448.679284, "delta": 3.079363}}
{"target": 0.9171121625532532, "params": {"C": 829.7306681434117, "epsilon": 0.05339784462233184, "gamma": 0.06734014929384993, "lamda": 0.351705040715957}, "datetime": {"datetime": "2021-09-23 22:53:09", "elapsed": 451.142735, "delta": 2.463451}}
{"target": 0.902458170645866, "params": {"C": 865.0835443793992, "epsilon": 0.7834335513028995, "gamma": 0.05493913105019002, "lamda": 0.22667180069673118}, "datetime": {"datetime": "2021-09-23 22:53:11", "elapsed": 453.15056, "delta": 2.007825}}
{"target": 0.8841160326286485, "params": {"C": 892.9043331658418, "epsilon": 0.17476168428108405, "gamma": 0.011157392021976886, "lamda": 0.2997158021010983}, "datetime": {"datetime": "2021-09-23 22:53:13", "elapsed": 454.946653, "delta": 1.796093}}
{"target": 0.8930024530777552, "params": {"C": 797.238948983224, "epsilon": 0.6505484817007654, "gamma": 0.026287349512706185, "lamda": 0.2834987473726544}, "datetime": {"datetime": "2021-09-23 22:53:15", "elapsed": 456.866579, "delta": 1.919926}}
{"target": 0.9205203689452677, "params": {"C": 855.4950825931068, "epsilon": 0.5647568643627526, "gamma": 0.06163077246684261, "lamda": 0.038585176018786804}, "datetime": {"datetime": "2021-09-23 22:53:17", "elapsed": 459.219915, "delta": 2.353336}}
{"target": 0.9203093636892672, "params": {"C": 834.5062880646009, "epsilon": 0.36552029826149346, "gamma": 0.03904905038893162, "lamda": 0.002739622857538669}, "datetime": {"datetime": "2021-09-23 22:53:20", "elapsed": 461.814109, "delta": 2.594194}}
{"target": 0.9076483037311004, "params": {"C": 843.257307970618, "epsilon": 0.8440658892790366, "gamma": 0.05473934145101867, "lamda": 0.1527903129318457}, "datetime": {"datetime": "2021-09-23 22:53:22", "elapsed": 463.742562, "delta": 1.928453}}
{"target": 0.9134489805717986, "params": {"C": 834.6226217928468, "epsilon": 0.040710543594351764, "gamma": 0.06905125350638035, "lamda": 0.1799607478238525}, "datetime": {"datetime": "2021-09-23 22:53:24", "elapsed": 466.063672, "delta": 2.32111}}
{"target": 0.9097943932986384, "params": {"C": 813.2286421863298, "epsilon": 0.6603822751115254, "gamma": 0.0392572497899386, "lamda": 0.16250372686068973}, "datetime": {"datetime": "2021-09-23 22:53:26", "elapsed": 468.174665, "delta": 2.110993}}
{"target": 0.9236224124745345, "params": {"C": 804.8628930193747, "epsilon": 0.2814343193264004, "gamma": 0.02616288357462973, "lamda": 0.012060021138080905}, "datetime": {"datetime": "2021-09-23 22:53:28", "elapsed": 470.19025, "delta": 2.015585}}
{"target": 0.9214541475443446, "params": {"C": 874.428975005406, "epsilon": 0.19486047508492624, "gamma": 0.028395286721165924, "lamda": 0.11169160342561227}, "datetime": {"datetime": "2021-09-23 22:53:31", "elapsed": 472.737394, "delta": 2.547144}}
{"target": 0.9108195484276262, "params": {"C": 821.4253680343892, "epsilon": 0.583852217067559, "gamma": 0.050115847623680695, "lamda": 0.17948711130008912}, "datetime": {"datetime": "2021-09-23 22:53:33", "elapsed": 474.8793, "delta": 2.141906}}
{"target": 0.9246928152415074, "params": {"C": 792.3017059711467, "epsilon": 0.07228340642859463, "gamma": 0.026209538767635862, "lamda": 0.057816241855532496}, "datetime": {"datetime": "2021-09-23 22:53:34", "elapsed": 476.652928, "delta": 1.773628}}
{"target": 0.9282915275524412, "params": {"C": 874.3993073182261, "epsilon": 0.11740304423315275, "gamma": 0.04309170993557967, "lamda": 0.09929299079901911}, "datetime": {"datetime": "2021-09-23 22:53:38", "elapsed": 480.262602, "delta": 3.609674}}
{"target": 0.903485611768392, "params": {"C": 897.8423348442384, "epsilon": 0.47366072404852644, "gamma": 0.03255395462214459, "lamda": 0.28571787020879247}, "datetime": {"datetime": "2021-09-23 22:53:40", "elapsed": 482.417943, "delta": 2.155341}}
{"target": 0.9047958922247988, "params": {"C": 824.0741627499586, "epsilon": 0.589530441911254, "gamma": 0.02336424693851469, "lamda": 0.12176138367228462}, "datetime": {"datetime": "2021-09-23 22:53:42", "elapsed": 484.347751, "delta": 1.929808}}
{"target": 0.9225543986859663, "params": {"C": 792.3037006290093, "epsilon": 0.14545252303474637, "gamma": 0.057504069100246705, "lamda": 0.12438077980790091}, "datetime": {"datetime": "2021-09-23 22:53:45", "elapsed": 487.537065, "delta": 3.189314}}
{"target": 0.8922962027878493, "params": {"C": 856.630112640593, "epsilon": 0.6931935352260036, "gamma": 0.022664626176245393, "lamda": 0.2218280859597452}, "datetime": {"datetime": "2021-09-23 22:53:47", "elapsed": 489.481164, "delta": 1.944099}}
{"target": 0.8965323671158967, "params": {"C": 865.094376695757, "epsilon": 0.5044468083110161, "gamma": 0.016431565556320946, "lamda": 0.11935481571268808}, "datetime": {"datetime": "2021-09-23 22:53:49", "elapsed": 491.370885, "delta": 1.889721}}
{"target": 0.9093270631544228, "params": {"C": 838.0972951697709, "epsilon": 0.9389531817571337, "gamma": 0.04680043909277897, "lamda": 0.12644610981249163}, "datetime": {"datetime": "2021-09-23 22:53:51", "elapsed": 493.583697, "delta": 2.212812}}
{"target": 0.9216129898091662, "params": {"C": 790.3716741219631, "epsilon": 0.1585187029385942, "gamma": 0.05926715938893907, "lamda": 0.12463032477047044}, "datetime": {"datetime": "2021-09-23 22:53:55", "elapsed": 497.566916, "delta": 3.983219}}
{"target": 0.9219052363673068, "params": {"C": 793.8753832376344, "epsilon": 0.876130090741223, "gamma": 0.042078026376060555, "lamda": 0.03635583101016245}, "datetime": {"datetime": "2021-09-23 22:53:59", "elapsed": 501.191732, "delta": 3.624816}}
{"target": 0.9215422860863622, "params": {"C": 794.5192975450841, "epsilon": 0.33207182276763614, "gamma": 0.05425233285787083, "lamda": 0.08729198426072177}, "datetime": {"datetime": "2021-09-23 22:54:02", "elapsed": 503.746484, "delta": 2.554752}}
{"target": 0.868906802230051, "params": {"C": 795.122729793583, "epsilon": 0.7644746480472299, "gamma": 0.017201185713739093, "lamda": 0.37966582299564844}, "datetime": {"datetime": "2021-09-23 22:54:03", "elapsed": 505.643226, "delta": 1.896742}}
{"target": 0.9029844263652922, "params": {"C": 794.6123022965234, "epsilon": 0.36344997945854973, "gamma": 0.013456523343304393, "lamda": 0.03422730524461459}, "datetime": {"datetime": "2021-09-23 22:54:06", "elapsed": 508.540324, "delta": 2.897098}}
{"target": 0.9083440402071384, "params": {"C": 823.1673398663789, "epsilon": 0.9743529651749532, "gamma": 0.06498682135430485, "lamda": 0.10479596368896968}, "datetime": {"datetime": "2021-09-23 22:54:08", "elapsed": 510.330948, "delta": 1.790624}}
{"target": 0.8807392422625901, "params": {"C": 793.8228486352322, "epsilon": 0.8837205162863503, "gamma": 0.010143488296059445, "lamda": 0.06355446586049174}, "datetime": {"datetime": "2021-09-23 22:54:11", "elapsed": 513.345253, "delta": 3.014305}}
{"target": 0.9253434973730982, "params": {"C": 815.1985908753076, "epsilon": 0.13585066263356588, "gamma": 0.05018609850166385, "lamda": 0.03901709025442494}, "datetime": {"datetime": "2021-09-23 22:54:14", "elapsed": 516.169741, "delta": 2.824488}}
{"target": 0.9290181018930618, "params": {"C": 825.5852536885925, "epsilon": 0.1642012432781825, "gamma": 0.038546784086450375, "lamda": 0.030747205109839023}, "datetime": {"datetime": "2021-09-23 22:54:17", "elapsed": 519.084363, "delta": 2.914622}}
{"target": 0.9286163268939743, "params": {"C": 820.4230273080773, "epsilon": 0.8280571824812709, "gamma": 0.041034969753782555, "lamda": 0.010096138168025012}, "datetime": {"datetime": "2021-09-23 22:54:19", "elapsed": 521.02336, "delta": 1.938997}}
{"target": 0.9085415364835929, "params": {"C": 855.2573653233352, "epsilon": 0.29973952925928715, "gamma": 0.03575004732854738, "lamda": 0.3549918123680863}, "datetime": {"datetime": "2021-09-23 22:54:21", "elapsed": 523.249833, "delta": 2.226473}}
{"target": 0.9271650258040002, "params": {"C": 825.6170925765256, "epsilon": 0.19681987342899696, "gamma": 0.04634241235451595, "lamda": 0.06877874336975033}, "datetime": {"datetime": "2021-09-23 22:54:23", "elapsed": 525.481219, "delta": 2.231386}}
{"target": 0.9017079433997309, "params": {"C": 816.9924530561216, "epsilon": 0.7108294001421352, "gamma": 0.027461452269230822, "lamda": 0.170560507665015}, "datetime": {"datetime": "2021-09-23 22:54:25", "elapsed": 527.213654, "delta": 1.732435}}
{"target": 0.8909391325970478, "params": {"C": 802.2294978906763, "epsilon": 0.81795664420853, "gamma": 0.055097643738716215, "lamda": 0.3627801170554955}, "datetime": {"datetime": "2021-09-23 22:54:27", "elapsed": 529.297778, "delta": 2.084124}}
{"target": 0.9205221194564337, "params": {"C": 792.3132196287102, "epsilon": 0.10598651016198377, "gamma": 0.0627843426648726, "lamda": 0.11439441423636174}, "datetime": {"datetime": "2021-09-23 22:54:30", "elapsed": 532.390595, "delta": 3.092817}}
{"target": 0.9071006013111371, "params": {"C": 880.9208914920637, "epsilon": 0.7984774829327275, "gamma": 0.0263469419871475, "lamda": 0.09439382039070471}, "datetime": {"datetime": "2021-09-23 22:54:32", "elapsed": 534.189718, "delta": 1.799123}}
{"target": 0.9234847699056898, "params": {"C": 874.335697993487, "epsilon": 0.05473419970917484, "gamma": 0.046839527978505636, "lamda": 0.05000238775841505}, "datetime": {"datetime": "2021-09-23 22:54:35", "elapsed": 537.030137, "delta": 2.840419}}
{"target": 0.888780097157545, "params": {"C": 820.5313688635138, "epsilon": 0.5667125977332578, "gamma": 0.019387129385400957, "lamda": 0.2476496770729437}, "datetime": {"datetime": "2021-09-23 22:54:37", "elapsed": 539.331348, "delta": 2.301211}}
{"target": 0.9288116255920389, "params": {"C": 874.9085038924776, "epsilon": 0.032246321683717265, "gamma": 0.04006879603275808, "lamda": 0.2642739926964809}, "datetime": {"datetime": "2021-09-23 22:54:40", "elapsed": 541.905504, "delta": 2.574156}}
{"target": 0.9123683629502868, "params": {"C": 867.2064910398212, "epsilon": 0.30798654193828323, "gamma": 0.03952316539223437, "lamda": 0.28396853933553823}, "datetime": {"datetime": "2021-09-23 22:54:42", "elapsed": 543.957649, "delta": 2.052145}}
{"target": 0.918165264679355, "params": {"C": 815.2632901236295, "epsilon": 0.10380079334143105, "gamma": 0.06682630211377537, "lamda": 0.11035002554270454}, "datetime": {"datetime": "2021-09-23 22:54:45", "elapsed": 547.672075, "delta": 3.714426}}
{"target": 0.8976057302286338, "params": {"C": 803.894770415077, "epsilon": 0.9145555811212792, "gamma": 0.06362935492667825, "lamda": 0.2284662350281005}, "datetime": {"datetime": "2021-09-23 22:54:48", "elapsed": 549.748263, "delta": 2.076188}}
{"target": 0.9227919509234968, "params": {"C": 794.5510414329547, "epsilon": 0.3893933460702885, "gamma": 0.05736212549198801, "lamda": 0.022932202182402616}, "datetime": {"datetime": "2021-09-23 22:54:52", "elapsed": 553.947256, "delta": 4.198993}}
{"target": 0.9020175999440945, "params": {"C": 879.0839997790307, "epsilon": 0.4575696534335564, "gamma": 0.04351182075732465, "lamda": 0.3886494294453821}, "datetime": {"datetime": "2021-09-23 22:54:54", "elapsed": 555.899986, "delta": 1.95273}}
{"target": 0.9117542977807362, "params": {"C": 836.1865252270939, "epsilon": 0.1499123788887834, "gamma": 0.017395352324767653, "lamda": 0.0630054317444851}, "datetime": {"datetime": "2021-09-23 22:54:57", "elapsed": 559.3426, "delta": 3.442614}}
{"target": 0.8982686239769646, "params": {"C": 871.9690285715276, "epsilon": 0.859866934990085, "gamma": 0.05710251814804424, "lamda": 0.2526121976690217}, "datetime": {"datetime": "2021-09-23 22:54:59", "elapsed": 561.462252, "delta": 2.119652}}
{"target": 0.916764920518269, "params": {"C": 836.1699230488331, "epsilon": 0.12722916199373738, "gamma": 0.07, "lamda": 0.15669944987593598}, "datetime": {"datetime": "2021-09-23 22:55:02", "elapsed": 564.558954, "delta": 3.096702}}
{"target": 0.8811710654555249, "params": {"C": 834.6273241541879, "epsilon": 0.2808379805507062, "gamma": 0.012207809335038497, "lamda": 0.2865774683827298}, "datetime": {"datetime": "2021-09-23 22:55:04", "elapsed": 566.630415, "delta": 2.071461}}
{"target": 0.9160142908360842, "params": {"C": 850.1228447453655, "epsilon": 0.03641568629750888, "gamma": 0.06689903657910932, "lamda": 0.2260672794354147}, "datetime": {"datetime": "2021-09-23 22:55:07", "elapsed": 569.067276, "delta": 2.436861}}
{"target": 0.9289215933944859, "params": {"C": 874.9666316858836, "epsilon": 0.0341428218866108, "gamma": 0.039307384737511664, "lamda": 0.24869067301012276}, "datetime": {"datetime": "2021-09-23 22:55:09", "elapsed": 571.665453, "delta": 2.598177}}
{"target": 0.915567820887478, "params": {"C": 834.5293944983046, "epsilon": 0.1217272979514223, "gamma": 0.06696349416032632, "lamda": 0.2875412929542828}, "datetime": {"datetime": "2021-09-23 22:55:13", "elapsed": 574.895737, "delta": 3.230284}}
{"target": 0.928201410983272, "params": {"C": 863.5054647776249, "epsilon": 0.13774983012381567, "gamma": 0.03728800734631276, "lamda": 0.09287295242776113}, "datetime": {"datetime": "2021-09-23 22:55:15", "elapsed": 577.672503, "delta": 2.776766}}
{"target": 0.9249663322235029, "params": {"C": 863.5172353113022, "epsilon": 0.1803301577312693, "gamma": 0.029383176144409374, "lamda": 0.08069442566051431}, "datetime": {"datetime": "2021-09-23 22:55:20", "elapsed": 582.186519, "delta": 4.514016}}
{"target": 0.9259938959847599, "params": {"C": 825.6148445211303, "epsilon": 0.18522413589455336, "gamma": 0.045880913250718754, "lamda": 0.01994110483430279}, "datetime": {"datetime": "2021-09-23 22:55:23", "elapsed": 585.311165, "delta": 3.124646}}
{"target": 0.9185130537794006, "params": {"C": 825.64501137313, "epsilon": 0.15084636515112326, "gamma": 0.021417185459629597, "lamda": 0.051801472318159195}, "datetime": {"datetime": "2021-09-23 22:55:27", "elapsed": 588.940698, "delta": 3.629533}}
{"target": 0.8733795097883916, "params": {"C": 850.5827336880122, "epsilon": 0.4672437911628543, "gamma": 0.013253744652353402, "lamda": 0.32564525004963457}, "datetime": {"datetime": "2021-09-23 22:55:29", "elapsed": 591.090696, "delta": 2.149998}}
{"target": 0.9186230499982675, "params": {"C": 834.3327230067888, "epsilon": 0.1328072698924896, "gamma": 0.02269336086563699, "lamda": 0.1080886538713501}, "datetime": {"datetime": "2021-09-23 22:55:32", "elapsed": 594.163694, "delta": 3.072998}}
