{"target": 0.9127126578396344, "params": {"C": 215.8442322973304, "epsilon": 0.10343206138525565, "gamma": 0.06246481045703718, "lamda": 0.11612324627219958}, "datetime": {"datetime": "2021-09-23 10:15:45", "elapsed": 3.64436, "delta": 0.530674}}
{"target": 0.9155840235677164, "params": {"C": 285.3183833968533, "epsilon": 0.1343340419244635, "gamma": 0.07932940953135822, "lamda": 0.11136508656352642}, "datetime": {"datetime": "2021-09-23 10:15:46", "elapsed": 4.157912, "delta": 0.513552}}
{"target": 0.9158597096016975, "params": {"C": 274.5113086704423, "epsilon": 0.09939182730698766, "gamma": 0.06869677546765444, "lamda": 0.10969050934830135}, "datetime": {"datetime": "2021-09-23 10:15:46", "elapsed": 4.660284, "delta": 0.502372}}
{"target": 0.9127855046396847, "params": {"C": 188.22374168048987, "epsilon": 0.32614593864948377, "gamma": 0.06594222615204556, "lamda": 0.08339284666764395}, "datetime": {"datetime": "2021-09-23 10:15:47", "elapsed": 5.412808, "delta": 0.752524}}
{"target": 0.9158932419382152, "params": {"C": 267.2868423996193, "epsilon": 0.0936763264319041, "gamma": 0.07450598787806748, "lamda": 0.13849167067704182}, "datetime": {"datetime": "2021-09-23 10:15:47", "elapsed": 5.949153, "delta": 0.536345}}
{"target": 0.905869643217528, "params": {"C": 152.58634457113908, "epsilon": 0.34, "gamma": 0.06, "lamda": 0.045}, "datetime": {"datetime": "2021-09-23 10:15:48", "elapsed": 6.614317, "delta": 0.665164}}
{"target": 0.9019048074190044, "params": {"C": 119.75508648808119, "epsilon": 0.21516410530437316, "gamma": 0.07093320533396552, "lamda": 0.047841941640362276}, "datetime": {"datetime": "2021-09-23 10:15:49", "elapsed": 7.368243, "delta": 0.753926}}
{"target": 0.9113992852288484, "params": {"C": 292.36234646343803, "epsilon": 0.07119690261671079, "gamma": 0.07818044029928828, "lamda": 0.06683840543549015}, "datetime": {"datetime": "2021-09-23 10:15:49", "elapsed": 7.952371, "delta": 0.584128}}
{"target": 0.9110297137428398, "params": {"C": 280.1823191273481, "epsilon": 0.34, "gamma": 0.09, "lamda": 0.17}, "datetime": {"datetime": "2021-09-23 10:15:50", "elapsed": 8.394936, "delta": 0.442565}}
{"target": 0.9132303758154042, "params": {"C": 233.9535568417539, "epsilon": 0.07, "gamma": 0.06, "lamda": 0.17}, "datetime": {"datetime": "2021-09-23 10:15:50", "elapsed": 8.7961, "delta": 0.401164}}
{"target": 0.9156076739413221, "params": {"C": 262.1667389664031, "epsilon": 0.12484060049179277, "gamma": 0.0765750712856115, "lamda": 0.1484379356769911}, "datetime": {"datetime": "2021-09-23 10:15:51", "elapsed": 9.296832, "delta": 0.500732}}
{"target": 0.9140291190147534, "params": {"C": 206.90147207612705, "epsilon": 0.29329802717044184, "gamma": 0.06978061748107058, "lamda": 0.08416082586368444}, "datetime": {"datetime": "2021-09-23 10:15:51", "elapsed": 9.72319, "delta": 0.426358}}
{"target": 0.9110297137428398, "params": {"C": 247.80922170775176, "epsilon": 0.34, "gamma": 0.09, "lamda": 0.17}, "datetime": {"datetime": "2021-09-23 10:15:52", "elapsed": 10.164249, "delta": 0.441059}}
{"target": 0.9108144097343209, "params": {"C": 223.08893225056485, "epsilon": 0.34, "gamma": 0.08997570293598084, "lamda": 0.17}, "datetime": {"datetime": "2021-09-23 10:15:52", "elapsed": 10.580757, "delta": 0.416508}}
{"target": 0.9131640987228118, "params": {"C": 271.08071123003424, "epsilon": 0.3133347258109681, "gamma": 0.08808102801197011, "lamda": 0.13358875320138475}, "datetime": {"datetime": "2021-09-23 10:15:53", "elapsed": 11.028777, "delta": 0.44802}}
{"target": 0.9039386583714107, "params": {"C": 194.75590636192888, "epsilon": 0.07, "gamma": 0.07232751693067195, "lamda": 0.045}, "datetime": {"datetime": "2021-09-23 10:15:53", "elapsed": 11.58519, "delta": 0.556413}}
{"target": 0.9142330272680679, "params": {"C": 264.8669452585799, "epsilon": 0.321310162805702, "gamma": 0.08680307224900798, "lamda": 0.04887160098411915}, "datetime": {"datetime": "2021-09-23 10:15:54", "elapsed": 12.083491, "delta": 0.498301}}
{"target": 0.914234326367805, "params": {"C": 259.20481639275346, "epsilon": 0.07, "gamma": 0.06, "lamda": 0.17}, "datetime": {"datetime": "2021-09-23 10:15:54", "elapsed": 12.560346, "delta": 0.476855}}
{"target": 0.9124503551207379, "params": {"C": 203.0578723584811, "epsilon": 0.3248800520039323, "gamma": 0.0634238330081025, "lamda": 0.08504640292892279}, "datetime": {"datetime": "2021-09-23 10:15:55", "elapsed": 13.050579, "delta": 0.490233}}
{"target": 0.9131153895029138, "params": {"C": 210.9076540538304, "epsilon": 0.3199781859743984, "gamma": 0.07407542495121867, "lamda": 0.11155990895384166}, "datetime": {"datetime": "2021-09-23 10:15:55", "elapsed": 13.467467, "delta": 0.416888}}
{"target": 0.9103685697594119, "params": {"C": 182.33379930930477, "epsilon": 0.3108134900150681, "gamma": 0.06103582530241718, "lamda": 0.11188610263014191}, "datetime": {"datetime": "2021-09-23 10:15:55", "elapsed": 13.94959, "delta": 0.482123}}
{"target": 0.9140946951259898, "params": {"C": 287.99904490388656, "epsilon": 0.29323381834271234, "gamma": 0.0679340290348035, "lamda": 0.12929444789335767}, "datetime": {"datetime": "2021-09-23 10:15:56", "elapsed": 14.613752, "delta": 0.664162}}
{"target": 0.9096706135632203, "params": {"C": 141.7498646449183, "epsilon": 0.3086673494779419, "gamma": 0.08672629023857667, "lamda": 0.16393435368216286}, "datetime": {"datetime": "2021-09-23 10:15:57", "elapsed": 15.203702, "delta": 0.58995}}
{"target": 0.9123475984231371, "params": {"C": 163.215064944656, "epsilon": 0.1178907601818795, "gamma": 0.07336974013724082, "lamda": 0.11402919063852496}, "datetime": {"datetime": "2021-09-23 10:15:57", "elapsed": 15.860106, "delta": 0.656404}}
{"target": 0.9102463991530046, "params": {"C": 109.29615272537107, "epsilon": 0.33017296381145583, "gamma": 0.08442696483348851, "lamda": 0.06921902676482719}, "datetime": {"datetime": "2021-09-23 10:15:58", "elapsed": 16.48945, "delta": 0.629344}}
{"target": 0.9148306182388379, "params": {"C": 230.83154176998067, "epsilon": 0.24643384719807965, "gamma": 0.06551573184926913, "lamda": 0.06827950806255427}, "datetime": {"datetime": "2021-09-23 10:15:59", "elapsed": 17.125398, "delta": 0.635948}}
{"target": 0.913146285392131, "params": {"C": 176.0923669669295, "epsilon": 0.07, "gamma": 0.09, "lamda": 0.17}, "datetime": {"datetime": "2021-09-23 10:15:59", "elapsed": 17.688759, "delta": 0.563361}}
{"target": 0.9053941198172087, "params": {"C": 128.38671799795907, "epsilon": 0.34, "gamma": 0.06, "lamda": 0.17}, "datetime": {"datetime": "2021-09-23 10:16:00", "elapsed": 18.335733, "delta": 0.646974}}
{"target": 0.9154329318785648, "params": {"C": 296.85542557723716, "epsilon": 0.13394982508372033, "gamma": 0.07885945371364428, "lamda": 0.16373020065234828}, "datetime": {"datetime": "2021-09-23 10:16:00", "elapsed": 18.966048, "delta": 0.630315}}
{"target": 0.915129235280435, "params": {"C": 237.75748078826854, "epsilon": 0.11098500050749771, "gamma": 0.0793006538649326, "lamda": 0.1689672843364193}, "datetime": {"datetime": "2021-09-23 10:16:01", "elapsed": 19.686572, "delta": 0.720524}}
{"target": 0.9116322474831415, "params": {"C": 159.0805816693151, "epsilon": 0.30246753331609183, "gamma": 0.08161792550345774, "lamda": 0.12777484288517932}, "datetime": {"datetime": "2021-09-23 10:16:02", "elapsed": 20.367765, "delta": 0.681193}}
{"target": 0.9123464559237311, "params": {"C": 276.4995594484858, "epsilon": 0.30099125532701665, "gamma": 0.06311640466781517, "lamda": 0.14657268690484584}, "datetime": {"datetime": "2021-09-23 10:16:02", "elapsed": 20.98441, "delta": 0.616645}}
{"target": 0.9140988955113857, "params": {"C": 251.56968704048813, "epsilon": 0.20957326357272957, "gamma": 0.0882350375646298, "lamda": 0.08055549917433406}, "datetime": {"datetime": "2021-09-23 10:16:03", "elapsed": 21.689796, "delta": 0.705386}}
{"target": 0.9144186137158539, "params": {"C": 166.88715934195756, "epsilon": 0.3371240792367451, "gamma": 0.08150510513434565, "lamda": 0.05838124231166282}, "datetime": {"datetime": "2021-09-23 10:16:04", "elapsed": 22.439309, "delta": 0.749513}}
{"target": 0.9131184070322373, "params": {"C": 283.4151608530641, "epsilon": 0.3210590392543524, "gamma": 0.0631394735978796, "lamda": 0.12004873914672627}, "datetime": {"datetime": "2021-09-23 10:16:05", "elapsed": 23.127786, "delta": 0.688477}}
{"target": 0.8965667890615515, "params": {"C": 137.34388309328259, "epsilon": 0.07, "gamma": 0.06, "lamda": 0.045}, "datetime": {"datetime": "2021-09-23 10:16:05", "elapsed": 23.965819, "delta": 0.838033}}
{"target": 0.9102305544810343, "params": {"C": 146.11659306871118, "epsilon": 0.07, "gamma": 0.09, "lamda": 0.13766716153603234}, "datetime": {"datetime": "2021-09-23 10:16:06", "elapsed": 24.695415, "delta": 0.729596}}
{"target": 0.9141337508466042, "params": {"C": 219.14001108886265, "epsilon": 0.25971728576417047, "gamma": 0.08649151128869409, "lamda": 0.04549346549051314}, "datetime": {"datetime": "2021-09-23 10:16:07", "elapsed": 25.406629, "delta": 0.711214}}
{"target": 0.8951639804429421, "params": {"C": 113.55154753768313, "epsilon": 0.07, "gamma": 0.06, "lamda": 0.07506355098856314}, "datetime": {"datetime": "2021-09-23 10:16:08", "elapsed": 26.111322, "delta": 0.704693}}
{"target": 0.9105628567913682, "params": {"C": 105.55549374391143, "epsilon": 0.31157452462487634, "gamma": 0.0803730861697496, "lamda": 0.09263707154535221}, "datetime": {"datetime": "2021-09-23 10:16:08", "elapsed": 26.772466, "delta": 0.661144}}
{"target": 0.9148448577965975, "params": {"C": 244.157824436294, "epsilon": 0.1186972653569959, "gamma": 0.06347154076135549, "lamda": 0.11718602555317086}, "datetime": {"datetime": "2021-09-23 10:16:09", "elapsed": 27.45113, "delta": 0.678664}}
{"target": 0.9140402376828122, "params": {"C": 178.86877454606997, "epsilon": 0.32432161871811216, "gamma": 0.08725209636198467, "lamda": 0.052944673114568755}, "datetime": {"datetime": "2021-09-23 10:16:10", "elapsed": 28.132529, "delta": 0.681399}}
{"target": 0.9103927545458944, "params": {"C": 226.30870876219353, "epsilon": 0.07892915227894169, "gamma": 0.07854767590874852, "lamda": 0.07020354124098506}, "datetime": {"datetime": "2021-09-23 10:16:10", "elapsed": 28.894267, "delta": 0.761738}}
{"target": 0.9071453280267134, "params": {"C": 185.6917705612194, "epsilon": 0.09139270013949752, "gamma": 0.0697705573574988, "lamda": 0.06863339248917028}, "datetime": {"datetime": "2021-09-23 10:16:11", "elapsed": 29.692076, "delta": 0.797809}}
{"target": 0.9101640469640631, "params": {"C": 295.0369999070741, "epsilon": 0.34, "gamma": 0.06, "lamda": 0.17}, "datetime": {"datetime": "2021-09-23 10:16:12", "elapsed": 30.255792, "delta": 0.563716}}
{"target": 0.9141015946123948, "params": {"C": 298.3832310662003, "epsilon": 0.08772040131144282, "gamma": 0.08725672212673494, "lamda": 0.15352764838413244}, "datetime": {"datetime": "2021-09-23 10:16:12", "elapsed": 30.923603, "delta": 0.667811}}
{"target": 0.9115484518770653, "params": {"C": 190.4811175103258, "epsilon": 0.3332985880847461, "gamma": 0.07615589095613888, "lamda": 0.14325058959443288}, "datetime": {"datetime": "2021-09-23 10:16:13", "elapsed": 31.704334, "delta": 0.780731}}
{"target": 0.9133546476371505, "params": {"C": 268.81876007091694, "epsilon": 0.29231083053885565, "gamma": 0.08506315903093957, "lamda": 0.14683809616565296}, "datetime": {"datetime": "2021-09-23 10:16:14", "elapsed": 32.311016, "delta": 0.606682}}
{"target": 0.9125652507146134, "params": {"C": 273.14022314546827, "epsilon": 0.3294298371113344, "gamma": 0.08672121347388809, "lamda": 0.14954702545906132}, "datetime": {"datetime": "2021-09-23 10:16:14", "elapsed": 32.926714, "delta": 0.615698}}
{"target": 0.9067544136467612, "params": {"C": 213.29709116518708, "epsilon": 0.07, "gamma": 0.09, "lamda": 0.045}, "datetime": {"datetime": "2021-09-23 10:16:15", "elapsed": 33.874184, "delta": 0.94747}}
{"target": 0.9143903337416995, "params": {"C": 208.82575784508222, "epsilon": 0.07993072242506824, "gamma": 0.07286997743538402, "lamda": 0.136894350251144}, "datetime": {"datetime": "2021-09-23 10:16:16", "elapsed": 34.591185, "delta": 0.717001}}
{"target": 0.9135759274186178, "params": {"C": 173.54046388433454, "epsilon": 0.32290363961496354, "gamma": 0.06669201355214942, "lamda": 0.05622484789143016}, "datetime": {"datetime": "2021-09-23 10:16:17", "elapsed": 35.26339, "delta": 0.672205}}
{"target": 0.9104421759759459, "params": {"C": 236.04583661600577, "epsilon": 0.3259394562544802, "gamma": 0.06085989034327698, "lamda": 0.1441929772336277}, "datetime": {"datetime": "2021-09-23 10:16:17", "elapsed": 35.873286, "delta": 0.609896}}
{"target": 0.9153323506882165, "params": {"C": 239.19194834003846, "epsilon": 0.10587793427881804, "gamma": 0.06642974917257102, "lamda": 0.13158994895507345}, "datetime": {"datetime": "2021-09-23 10:16:18", "elapsed": 36.483951, "delta": 0.610665}}
{"target": 0.9149117433008446, "params": {"C": 290.07517782875016, "epsilon": 0.07102206521791497, "gamma": 0.07725615022781751, "lamda": 0.11402930568166543}, "datetime": {"datetime": "2021-09-23 10:16:19", "elapsed": 37.158088, "delta": 0.674137}}
{"target": 0.9124696707573638, "params": {"C": 257.30469944850535, "epsilon": 0.3310905105795023, "gamma": 0.08087883548143013, "lamda": 0.1609200933859513}, "datetime": {"datetime": "2021-09-23 10:16:19", "elapsed": 37.724573, "delta": 0.566485}}
{"target": 0.9125035362801002, "params": {"C": 260.91182073435573, "epsilon": 0.3367515906291578, "gamma": 0.07126300905171987, "lamda": 0.15304949684722166}, "datetime": {"datetime": "2021-09-23 10:16:20", "elapsed": 38.504266, "delta": 0.779693}}
{"target": 0.9051943445334341, "params": {"C": 156.36808895614365, "epsilon": 0.11386705201366439, "gamma": 0.06442506974964511, "lamda": 0.0886565415818064}, "datetime": {"datetime": "2021-09-23 10:16:21", "elapsed": 39.230475, "delta": 0.726209}}
{"target": 0.9087380079926234, "params": {"C": 217.54636705019954, "epsilon": 0.34, "gamma": 0.06, "lamda": 0.17}, "datetime": {"datetime": "2021-09-23 10:16:21", "elapsed": 39.907472, "delta": 0.676997}}
{"target": 0.9142426233354878, "params": {"C": 220.80667195649852, "epsilon": 0.10860606334658798, "gamma": 0.0828104350736017, "lamda": 0.08802239244652882}, "datetime": {"datetime": "2021-09-23 10:16:22", "elapsed": 40.747475, "delta": 0.840003}}
{"target": 0.9069153908013686, "params": {"C": 165.2314951842758, "epsilon": 0.34, "gamma": 0.06, "lamda": 0.17}, "datetime": {"datetime": "2021-09-23 10:16:23", "elapsed": 41.48087, "delta": 0.733395}}
{"target": 0.9120852546925633, "params": {"C": 168.41512489179468, "epsilon": 0.21863476055181447, "gamma": 0.08068153416634449, "lamda": 0.05072437641467965}, "datetime": {"datetime": "2021-09-23 10:16:24", "elapsed": 42.308092, "delta": 0.827222}}
{"target": 0.9124188139636809, "params": {"C": 161.28855531925782, "epsilon": 0.07551065794766249, "gamma": 0.08340592320045792, "lamda": 0.15240989180108622}, "datetime": {"datetime": "2021-09-23 10:16:25", "elapsed": 43.18612, "delta": 0.878028}}
{"target": 0.9058200484491097, "params": {"C": 124.29674430122898, "epsilon": 0.08068072757193716, "gamma": 0.08525916763255023, "lamda": 0.09533712526943981}, "datetime": {"datetime": "2021-09-23 10:16:26", "elapsed": 44.018787, "delta": 0.832667}}
{"target": 0.9137847240977255, "params": {"C": 263.44365057181324, "epsilon": 0.08811365090390268, "gamma": 0.0884268761948363, "lamda": 0.14033218271314182}, "datetime": {"datetime": "2021-09-23 10:16:26", "elapsed": 44.785229, "delta": 0.766442}}
{"target": 0.9121953422441723, "params": {"C": 205.0788334333547, "epsilon": 0.09008900922354617, "gamma": 0.06171312489050692, "lamda": 0.14020685325479676}, "datetime": {"datetime": "2021-09-23 10:16:27", "elapsed": 45.539934, "delta": 0.754705}}
{"target": 0.9111487724266517, "params": {"C": 232.4138018013829, "epsilon": 0.3284015196703647, "gamma": 0.0667441557274839, "lamda": 0.16000052517662966}, "datetime": {"datetime": "2021-09-23 10:16:28", "elapsed": 46.232199, "delta": 0.692265}}
{"target": 0.9138674058099661, "params": {"C": 229.65851358580377, "epsilon": 0.07478971787274612, "gamma": 0.0803900762176357, "lamda": 0.10776602581299981}, "datetime": {"datetime": "2021-09-23 10:16:29", "elapsed": 47.158555, "delta": 0.926356}}
{"target": 0.9151895790775615, "params": {"C": 245.7091373793031, "epsilon": 0.09169597382144723, "gamma": 0.07875092295835184, "lamda": 0.11010192187490318}, "datetime": {"datetime": "2021-09-23 10:16:30", "elapsed": 48.058358, "delta": 0.899803}}
{"target": 0.9128626238548494, "params": {"C": 148.93477294024757, "epsilon": 0.32502174409900436, "gamma": 0.08173698787173618, "lamda": 0.049527881210908925}, "datetime": {"datetime": "2021-09-23 10:16:30", "elapsed": 48.784355, "delta": 0.725997}}
{"target": 0.9134147033013451, "params": {"C": 201.2216403310395, "epsilon": 0.07, "gamma": 0.09, "lamda": 0.17}, "datetime": {"datetime": "2021-09-23 10:16:31", "elapsed": 49.614104, "delta": 0.829749}}
{"target": 0.9019317195972736, "params": {"C": 131.700637443841, "epsilon": 0.07012800983819743, "gamma": 0.07364714891053538, "lamda": 0.08444293608670476}, "datetime": {"datetime": "2021-09-23 10:16:32", "elapsed": 50.523931, "delta": 0.909827}}
{"target": 0.9112398159803352, "params": {"C": 266.24498982459767, "epsilon": 0.31873188784040873, "gamma": 0.06126911276293467, "lamda": 0.14961767998042325}, "datetime": {"datetime": "2021-09-23 10:16:33", "elapsed": 51.331455, "delta": 0.807524}}
{"target": 0.9140306664110699, "params": {"C": 286.5658522274639, "epsilon": 0.32382301450924617, "gamma": 0.08879909833999708, "lamda": 0.06713783083799892}, "datetime": {"datetime": "2021-09-23 10:16:34", "elapsed": 52.071027, "delta": 0.739572}}
{"target": 0.9111560678293446, "params": {"C": 197.99357061589558, "epsilon": 0.289499273359457, "gamma": 0.07047135649176066, "lamda": 0.16723764922480758}, "datetime": {"datetime": "2021-09-23 10:16:34", "elapsed": 52.87261, "delta": 0.801583}}
{"target": 0.914551505203602, "params": {"C": 253.01015633754633, "epsilon": 0.3046904234909747, "gamma": 0.06336177212824505, "lamda": 0.05688750757100983}, "datetime": {"datetime": "2021-09-23 10:16:35", "elapsed": 53.499533, "delta": 0.626923}}
{"target": 0.9006566859449482, "params": {"C": 242.66570292726007, "epsilon": 0.07, "gamma": 0.06, "lamda": 0.045}, "datetime": {"datetime": "2021-09-23 10:16:36", "elapsed": 54.186636, "delta": 0.687103}}
{"target": 0.9142247816743058, "params": {"C": 249.9958021410036, "epsilon": 0.10165929612836513, "gamma": 0.06314280580312134, "lamda": 0.10597877207450114}, "datetime": {"datetime": "2021-09-23 10:16:36", "elapsed": 54.766216, "delta": 0.57958}}
{"target": 0.9112413491839797, "params": {"C": 177.5225419651631, "epsilon": 0.2794330551902831, "gamma": 0.086443129575695, "lamda": 0.1588613033830542}, "datetime": {"datetime": "2021-09-23 10:16:37", "elapsed": 55.390503, "delta": 0.624287}}
{"target": 0.9126643449602675, "params": {"C": 180.26388760581824, "epsilon": 0.20963558670756932, "gamma": 0.07911681273942217, "lamda": 0.16052485963490387}, "datetime": {"datetime": "2021-09-23 10:16:38", "elapsed": 56.03318, "delta": 0.642677}}
{"target": 0.9148775932321824, "params": {"C": 244.97680415223692, "epsilon": 0.33027522977044016, "gamma": 0.06843120657591192, "lamda": 0.0625284986598758}, "datetime": {"datetime": "2021-09-23 10:16:38", "elapsed": 56.768149, "delta": 0.734969}}
{"target": 0.9127742305753322, "params": {"C": 240.18501198322897, "epsilon": 0.3130640852070803, "gamma": 0.07293624711657408, "lamda": 0.14834501637618963}, "datetime": {"datetime": "2021-09-23 10:16:39", "elapsed": 57.489433, "delta": 0.721284}}
{"target": 0.913882723671292, "params": {"C": 174.81779108372598, "epsilon": 0.3111188870390693, "gamma": 0.07906378838640948, "lamda": 0.0827602250211057}, "datetime": {"datetime": "2021-09-23 10:16:40", "elapsed": 58.240013, "delta": 0.75058}}
{"target": 0.9000948432066497, "params": {"C": 103.30636521722225, "epsilon": 0.09361121253986973, "gamma": 0.07139479142585449, "lamda": 0.12068094744324069}, "datetime": {"datetime": "2021-09-23 10:16:40", "elapsed": 58.935677, "delta": 0.695664}}
{"target": 0.9134696496345747, "params": {"C": 278.2595787623436, "epsilon": 0.1305344314510602, "gamma": 0.07101592757208273, "lamda": 0.054021841565695894}, "datetime": {"datetime": "2021-09-23 10:16:41", "elapsed": 59.631435, "delta": 0.695758}}
{"target": 0.9097062015229447, "params": {"C": 143.98479122715554, "epsilon": 0.10863446732780202, "gamma": 0.08858910503201499, "lamda": 0.08863957876205256}, "datetime": {"datetime": "2021-09-23 10:16:42", "elapsed": 60.311906, "delta": 0.680471}}
{"target": 0.916010292286986, "params": {"C": 289.11771397193445, "epsilon": 0.07881510506669163, "gamma": 0.06971253861109918, "lamda": 0.14153515912867978}, "datetime": {"datetime": "2021-09-23 10:16:42", "elapsed": 60.915171, "delta": 0.603265}}
{"target": 0.8989168942912034, "params": {"C": 107.36734487560705, "epsilon": 0.12129134700545466, "gamma": 0.06208520021526889, "lamda": 0.1305224525283818}, "datetime": {"datetime": "2021-09-23 10:16:43", "elapsed": 61.642435, "delta": 0.727264}}
{"target": 0.913161967802835, "params": {"C": 281.93102100526926, "epsilon": 0.07, "gamma": 0.09, "lamda": 0.17}, "datetime": {"datetime": "2021-09-23 10:16:44", "elapsed": 62.345525, "delta": 0.70309}}
{"target": 0.9101008610123317, "params": {"C": 172.18820118725517, "epsilon": 0.09024843263383611, "gamma": 0.07814578134503308, "lamda": 0.08946935838494592}, "datetime": {"datetime": "2021-09-23 10:16:45", "elapsed": 63.048865, "delta": 0.70334}}
{"target": 0.9077401987397998, "params": {"C": 116.81136541039048, "epsilon": 0.2958857600714945, "gamma": 0.06255956009265932, "lamda": 0.12386278219728745}, "datetime": {"datetime": "2021-09-23 10:16:45", "elapsed": 63.741202, "delta": 0.692337}}
