{"target": 0.9255996627230251, "params": {"C": 1333.6538786982896, "epsilon": 0.0905920627209045, "gamma": 0.032921243493338324, "lamda": 0.019441746202620624}, "datetime": {"datetime": "2021-09-24 08:06:50", "elapsed": 186.740234, "delta": 1.366285}}
{"target": 0.9126388927212631, "params": {"C": 1333.7623065457642, "epsilon": 0.24531089584115826, "gamma": 0.026057010537915024, "lamda": 0.18553418766368007}, "datetime": {"datetime": "2021-09-24 08:06:52", "elapsed": 188.193663, "delta": 1.453429}}
{"target": 0.9205809088041688, "params": {"C": 1245.8414050645256, "epsilon": 0.24034953005573506, "gamma": 0.060038004064670004, "lamda": 0.03583173537828652}, "datetime": {"datetime": "2021-09-24 08:06:53", "elapsed": 189.734143, "delta": 1.54048}}
{"target": 0.9164522549962952, "params": {"C": 1332.508155228176, "epsilon": 0.09650553800281354, "gamma": 0.06950370201967017, "lamda": 0.22742294480105887}, "datetime": {"datetime": "2021-09-24 08:06:55", "elapsed": 191.291188, "delta": 1.557045}}
{"target": 0.8938433603214351, "params": {"C": 1290.4634384570743, "epsilon": 0.8845577604014204, "gamma": 0.06726095454254982, "lamda": 0.2664105709497139}, "datetime": {"datetime": "2021-09-24 08:06:56", "elapsed": 192.37667, "delta": 1.085482}}
{"target": 0.8977205016094416, "params": {"C": 1333.6062077719941, "epsilon": 0.1677524800883434, "gamma": 0.01, "lamda": 0.07586469737686104}, "datetime": {"datetime": "2021-09-24 08:06:58", "elapsed": 194.12879, "delta": 1.75212}}
{"target": 0.912009253575826, "params": {"C": 1384.7197914378414, "epsilon": 0.35334958591303156, "gamma": 0.03294353803791373, "lamda": 0.2105446967346407}, "datetime": {"datetime": "2021-09-24 08:06:59", "elapsed": 195.209193, "delta": 1.080403}}
{"target": 0.9262163001850848, "params": {"C": 1323.297097078371, "epsilon": 0.905792366489505, "gamma": 0.026419496068691997, "lamda": 0.0028421042458847186}, "datetime": {"datetime": "2021-09-24 08:07:00", "elapsed": 196.335022, "delta": 1.125829}}
{"target": 0.901216758228393, "params": {"C": 1324.3567159201257, "epsilon": 0.7779513838105001, "gamma": 0.03301129464586619, "lamda": 0.20481887528168644}, "datetime": {"datetime": "2021-09-24 08:07:01", "elapsed": 197.450158, "delta": 1.115136}}
{"target": 0.919955535955046, "params": {"C": 1349.573683733228, "epsilon": 0.19776768764025293, "gamma": 0.0633464368995273, "lamda": 0.10505786550951839}, "datetime": {"datetime": "2021-09-24 08:07:03", "elapsed": 199.236893, "delta": 1.786735}}
{"target": 0.9239217446071908, "params": {"C": 1264.674266310516, "epsilon": 0.15604013606188918, "gamma": 0.028239496966688267, "lamda": 0.10349314056274374}, "datetime": {"datetime": "2021-09-24 08:07:04", "elapsed": 200.384285, "delta": 1.147392}}
{"target": 0.927549161581261, "params": {"C": 1332.649710510576, "epsilon": 0.08231901005478046, "gamma": 0.04044685166368479, "lamda": 0.16812686131588303}, "datetime": {"datetime": "2021-09-24 08:07:05", "elapsed": 201.791585, "delta": 1.4073}}
{"target": 0.918327152204954, "params": {"C": 1349.5075925369222, "epsilon": 0.13422988241376058, "gamma": 0.06741795250920482, "lamda": 0.12498327100681994}, "datetime": {"datetime": "2021-09-24 08:07:07", "elapsed": 203.406597, "delta": 1.615012}}
{"target": 0.9258946642384924, "params": {"C": 1332.8037182529888, "epsilon": 0.06389219899752731, "gamma": 0.024663087236594085, "lamda": 0.11458214878073708}, "datetime": {"datetime": "2021-09-24 08:07:08", "elapsed": 204.606787, "delta": 1.20019}}
{"target": 0.8937892580424095, "params": {"C": 1332.5479277681372, "epsilon": 0.14858947099265846, "gamma": 0.010261939529088873, "lamda": 0.14448633052593962}, "datetime": {"datetime": "2021-09-24 08:07:10", "elapsed": 206.270816, "delta": 1.664029}}
{"target": 0.9205879566891433, "params": {"C": 1332.6766321564346, "epsilon": 0.05157609744848521, "gamma": 0.06189592232516881, "lamda": 0.259003670363143}, "datetime": {"datetime": "2021-09-24 08:07:11", "elapsed": 207.838396, "delta": 1.56758}}
{"target": 0.8929887256496403, "params": {"C": 1208.135780713325, "epsilon": 0.2106645494988309, "gamma": 0.01, "lamda": 0.10265180488774882}, "datetime": {"datetime": "2021-09-24 08:07:13", "elapsed": 209.433111, "delta": 1.594715}}
{"target": 0.9007092400755671, "params": {"C": 1278.326196593739, "epsilon": 0.8689558899552464, "gamma": 0.03991076940820488, "lamda": 0.21928658974679768}, "datetime": {"datetime": "2021-09-24 08:07:14", "elapsed": 210.553779, "delta": 1.120668}}
{"target": 0.9006355702390411, "params": {"C": 1366.1977007484911, "epsilon": 0.4501279224740865, "gamma": 0.06925388723128682, "lamda": 0.34122235652654853}, "datetime": {"datetime": "2021-09-24 08:07:15", "elapsed": 211.752203, "delta": 1.198424}}
{"target": 0.9189331457047565, "params": {"C": 1333.667488231287, "epsilon": 0.29167045977374173, "gamma": 0.056488948221042126, "lamda": 0.1363515350668328}, "datetime": {"datetime": "2021-09-24 08:07:17", "elapsed": 213.382284, "delta": 1.630081}}
{"target": 0.896976829624599, "params": {"C": 1339.494196185017, "epsilon": 0.8179732043622379, "gamma": 0.05077892836585951, "lamda": 0.2910764569900695}, "datetime": {"datetime": "2021-09-24 08:07:18", "elapsed": 214.633214, "delta": 1.25093}}
{"target": 0.9300261413844463, "params": {"C": 1354.2549017742947, "epsilon": 0.03, "gamma": 0.032968876881463806, "lamda": 0.2398210825887812}, "datetime": {"datetime": "2021-09-24 08:07:19", "elapsed": 215.974746, "delta": 1.341532}}
{"target": 0.9209624187212789, "params": {"C": 1245.3509767234086, "epsilon": 0.46194826243142495, "gamma": 0.02471183288934266, "lamda": 0.0368100934885683}, "datetime": {"datetime": "2021-09-24 08:07:21", "elapsed": 217.526275, "delta": 1.551529}}
{"target": 0.9295587781854648, "params": {"C": 1332.8770231279568, "epsilon": 0.1253240371304598, "gamma": 0.037083283317907306, "lamda": 0.08084019621521252}, "datetime": {"datetime": "2021-09-24 08:07:22", "elapsed": 219.017596, "delta": 1.491321}}
{"target": 0.9154894723750876, "params": {"C": 1211.1465307984884, "epsilon": 0.5248416812960333, "gamma": 0.06082391713066613, "lamda": 0.1044609914273352}, "datetime": {"datetime": "2021-09-24 08:07:24", "elapsed": 220.214938, "delta": 1.197342}}
{"target": 0.9165892100085481, "params": {"C": 1208.230507670788, "epsilon": 0.082589768476489, "gamma": 0.07, "lamda": 0.15408121812012643}, "datetime": {"datetime": "2021-09-24 08:07:25", "elapsed": 221.779011, "delta": 1.564073}}
{"target": 0.9231733570105154, "params": {"C": 1354.3081153416917, "epsilon": 0.03317923825347977, "gamma": 0.05576914425162556, "lamda": 0.29384052611087463}, "datetime": {"datetime": "2021-09-24 08:07:27", "elapsed": 223.094487, "delta": 1.315476}}
{"target": 0.9188371708257076, "params": {"C": 1232.4583754358698, "epsilon": 0.3173705756847639, "gamma": 0.02080395175347018, "lamda": 0.00630339434152976}, "datetime": {"datetime": "2021-09-24 08:07:28", "elapsed": 225.015088, "delta": 1.920601}}
{"target": 0.9149270391390918, "params": {"C": 1315.6932996608195, "epsilon": 0.23435641908216923, "gamma": 0.06620260516889882, "lamda": 0.19368359311872285}, "datetime": {"datetime": "2021-09-24 08:07:30", "elapsed": 226.298871, "delta": 1.283783}}
{"target": 0.9275203266652575, "params": {"C": 1283.9568246993733, "epsilon": 0.11365902581868549, "gamma": 0.03752459875973424, "lamda": 0.12658616511846316}, "datetime": {"datetime": "2021-09-24 08:07:31", "elapsed": 227.483467, "delta": 1.184596}}
{"target": 0.8906436177648571, "params": {"C": 1300.9335242886234, "epsilon": 0.2098862450273653, "gamma": 0.01269391680920132, "lamda": 0.2258706608179359}, "datetime": {"datetime": "2021-09-24 08:07:32", "elapsed": 228.751344, "delta": 1.267877}}
{"target": 0.9234397371153475, "params": {"C": 1332.9450777500952, "epsilon": 0.16566517568757275, "gamma": 0.04840528318799811, "lamda": 0.14828302108785033}, "datetime": {"datetime": "2021-09-24 08:07:34", "elapsed": 230.713066, "delta": 1.961722}}
{"target": 0.9110641721290924, "params": {"C": 1384.0480901054389, "epsilon": 0.5735154209906408, "gamma": 0.02973259303678314, "lamda": 0.11971657020548479}, "datetime": {"datetime": "2021-09-24 08:07:35", "elapsed": 231.955396, "delta": 1.24233}}
{"target": 0.9141097863611611, "params": {"C": 1332.9395079409105, "epsilon": 0.10289855826924448, "gamma": 0.054833572335248694, "lamda": 0.03653568119136637}, "datetime": {"datetime": "2021-09-24 08:07:37", "elapsed": 233.524298, "delta": 1.568902}}
{"target": 0.9270107349933415, "params": {"C": 1332.8845673948306, "epsilon": 0.16052759734509042, "gamma": 0.034669278268382536, "lamda": 0.09333222008347976}, "datetime": {"datetime": "2021-09-24 08:07:39", "elapsed": 235.047642, "delta": 1.523344}}
{"target": 0.927694127963685, "params": {"C": 1232.7203170359962, "epsilon": 0.2927578980671204, "gamma": 0.02885723779122991, "lamda": 0.03478040415772431}, "datetime": {"datetime": "2021-09-24 08:07:41", "elapsed": 237.159163, "delta": 2.111521}}
{"target": 0.9157808637634176, "params": {"C": 1333.6436117120684, "epsilon": 0.08536603190880646, "gamma": 0.0643504584241252, "lamda": 0.07998068760673113}, "datetime": {"datetime": "2021-09-24 08:07:43", "elapsed": 239.173078, "delta": 2.013915}}
{"target": 0.8953995863536954, "params": {"C": 1287.9690095302367, "epsilon": 0.988027579060858, "gamma": 0.031209914705645617, "lamda": 0.20730164403035167}, "datetime": {"datetime": "2021-09-24 08:07:44", "elapsed": 240.442973, "delta": 1.269895}}
{"target": 0.9156977083960646, "params": {"C": 1332.8250358951377, "epsilon": 0.04464028463636909, "gamma": 0.06313748841423565, "lamda": 0.1385087439045156}, "datetime": {"datetime": "2021-09-24 08:07:46", "elapsed": 242.169936, "delta": 1.726963}}
{"target": 0.9221561258551929, "params": {"C": 1332.893990426801, "epsilon": 0.18456451705118654, "gamma": 0.036355517269919174, "lamda": 0.15770847883535452}, "datetime": {"datetime": "2021-09-24 08:07:47", "elapsed": 243.748058, "delta": 1.578122}}
{"target": 0.9247687949640888, "params": {"C": 1333.6915504773947, "epsilon": 0.12181897220514208, "gamma": 0.0484644552773423, "lamda": 0.044982346922715105}, "datetime": {"datetime": "2021-09-24 08:07:49", "elapsed": 245.342908, "delta": 1.59485}}
{"target": 0.9169991448447513, "params": {"C": 1323.3233166601576, "epsilon": 0.8971873272933404, "gamma": 0.06225420891367589, "lamda": 0.0468905032291187}, "datetime": {"datetime": "2021-09-24 08:07:51", "elapsed": 247.183591, "delta": 1.840683}}
{"target": 0.9120904841741737, "params": {"C": 1245.2556103688544, "epsilon": 0.3954642000827712, "gamma": 0.017694771743844966, "lamda": 0.004041334149636137}, "datetime": {"datetime": "2021-09-24 08:07:53", "elapsed": 249.290122, "delta": 2.106531}}
{"target": 0.9292642033228314, "params": {"C": 1332.8775062387858, "epsilon": 0.1605298999794681, "gamma": 0.04195700297510627, "lamda": 0.03799827556493519}, "datetime": {"datetime": "2021-09-24 08:07:54", "elapsed": 250.880155, "delta": 1.590033}}
{"target": 0.9207858483783039, "params": {"C": 1332.8253146379711, "epsilon": 0.1895444740336937, "gamma": 0.06153166853624069, "lamda": 0.1059034666484063}, "datetime": {"datetime": "2021-09-24 08:07:56", "elapsed": 252.494584, "delta": 1.614429}}
{"target": 0.9198994725303422, "params": {"C": 1317.6695793124363, "epsilon": 0.6306722498829271, "gamma": 0.05410018427307728, "lamda": 0.008949603825385368}, "datetime": {"datetime": "2021-09-24 08:07:57", "elapsed": 253.842201, "delta": 1.347617}}
{"target": 0.8712112751243352, "params": {"C": 1227.4884797494517, "epsilon": 0.9066557613141163, "gamma": 0.016501499343136012, "lamda": 0.28026277813654543}, "datetime": {"datetime": "2021-09-24 08:07:59", "elapsed": 255.173545, "delta": 1.331344}}
{"target": 0.9192890726469531, "params": {"C": 1352.911246071892, "epsilon": 0.40465714266377795, "gamma": 0.04219071294041128, "lamda": 0.11492852481815158}, "datetime": {"datetime": "2021-09-24 08:08:00", "elapsed": 256.477363, "delta": 1.303818}}
{"target": 0.9164950994530588, "params": {"C": 1332.940561731516, "epsilon": 0.23602309029753535, "gamma": 0.02393763693067893, "lamda": 0.10744729252945684}, "datetime": {"datetime": "2021-09-24 08:08:02", "elapsed": 258.571077, "delta": 2.093714}}
{"target": 0.9202632911295374, "params": {"C": 1283.8701217599523, "epsilon": 0.1301928569777616, "gamma": 0.024678487388219615, "lamda": 0.1365050649815918}, "datetime": {"datetime": "2021-09-24 08:08:04", "elapsed": 260.28269, "delta": 1.711613}}
{"target": 0.8960084394368399, "params": {"C": 1232.6721770351178, "epsilon": 0.2656754836969965, "gamma": 0.01, "lamda": 0.06329315856242823}, "datetime": {"datetime": "2021-09-24 08:08:06", "elapsed": 262.250573, "delta": 1.967883}}
{"target": 0.908882235400809, "params": {"C": 1375.1939209944671, "epsilon": 0.8695954284945514, "gamma": 0.01617549865772478, "lamda": 0.021386879150166193}, "datetime": {"datetime": "2021-09-24 08:08:07", "elapsed": 263.699179, "delta": 1.448606}}
{"target": 0.9268940968272757, "params": {"C": 1272.220995050428, "epsilon": 0.04293243332465948, "gamma": 0.04071505288968297, "lamda": 0.3197623223910071}, "datetime": {"datetime": "2021-09-24 08:08:09", "elapsed": 265.083234, "delta": 1.384055}}
{"target": 0.9132858567715887, "params": {"C": 1339.9684712163726, "epsilon": 0.5328001993768217, "gamma": 0.04703599159159425, "lamda": 0.1612844200684688}, "datetime": {"datetime": "2021-09-24 08:08:10", "elapsed": 266.421015, "delta": 1.337781}}
{"target": 0.9015253817592984, "params": {"C": 1232.6129942772197, "epsilon": 0.17581238679060873, "gamma": 0.011055827390427016, "lamda": 0.03808755778875519}, "datetime": {"datetime": "2021-09-24 08:08:12", "elapsed": 268.32161, "delta": 1.900595}}
{"target": 0.9207765246516547, "params": {"C": 1283.9677205447076, "epsilon": 0.18030128826853048, "gamma": 0.05865289488009055, "lamda": 0.1405459146252883}, "datetime": {"datetime": "2021-09-24 08:08:14", "elapsed": 270.315683, "delta": 1.994073}}
{"target": 0.9119775369867915, "params": {"C": 1245.1727392190423, "epsilon": 0.374687931676416, "gamma": 0.02269305105014425, "lamda": 0.0948360656119474}, "datetime": {"datetime": "2021-09-24 08:08:16", "elapsed": 272.226739, "delta": 1.911056}}
{"target": 0.9082360984944242, "params": {"C": 1332.8964056296875, "epsilon": 0.12247398162416388, "gamma": 0.017154350843107596, "lamda": 0.1882583453214004}, "datetime": {"datetime": "2021-09-24 08:08:17", "elapsed": 273.881972, "delta": 1.655233}}
{"target": 0.9179796400637714, "params": {"C": 1272.2611926561249, "epsilon": 0.05592846952071161, "gamma": 0.06629286365764332, "lamda": 0.31390151216285345}, "datetime": {"datetime": "2021-09-24 08:08:19", "elapsed": 275.551658, "delta": 1.669686}}
{"target": 0.9204169686736626, "params": {"C": 1332.8454576587615, "epsilon": 0.0740149734758068, "gamma": 0.019890225491697992, "lamda": 0.07380392823381501}, "datetime": {"datetime": "2021-09-24 08:08:21", "elapsed": 277.47757, "delta": 1.925912}}
{"target": 0.9237928390620407, "params": {"C": 1322.7144135774206, "epsilon": 0.4792034753989427, "gamma": 0.047243049290544424, "lamda": 0.05228029848381035}, "datetime": {"datetime": "2021-09-24 08:08:23", "elapsed": 279.131658, "delta": 1.654088}}
{"target": 0.9044277007160951, "params": {"C": 1305.8658496437452, "epsilon": 0.4710866968149353, "gamma": 0.06067348889690649, "lamda": 0.30473691415270376}, "datetime": {"datetime": "2021-09-24 08:08:24", "elapsed": 280.452502, "delta": 1.320844}}
{"target": 0.9132114105697869, "params": {"C": 1303.841905583338, "epsilon": 0.9957457242159313, "gamma": 0.03410370304809121, "lamda": 0.06971160003567652}, "datetime": {"datetime": "2021-09-24 08:08:25", "elapsed": 281.901343, "delta": 1.448841}}
{"target": 0.906529471696815, "params": {"C": 1204.0078828989422, "epsilon": 0.14124433237246053, "gamma": 0.015652255946646893, "lamda": 0.15081361974944146}, "datetime": {"datetime": "2021-09-24 08:08:27", "elapsed": 284.027205, "delta": 2.125862}}
{"target": 0.9211365842266649, "params": {"C": 1245.2099281447663, "epsilon": 0.33696406826361325, "gamma": 0.06184131156738904, "lamda": 0.0446570100372668}, "datetime": {"datetime": "2021-09-24 08:08:29", "elapsed": 285.781384, "delta": 1.754179}}
{"target": 0.9209363124429117, "params": {"C": 1284.0077701894788, "epsilon": 0.09963090466300584, "gamma": 0.06216674560301625, "lamda": 0.1413694803981213}, "datetime": {"datetime": "2021-09-24 08:08:32", "elapsed": 288.17864, "delta": 2.397256}}
{"target": 0.9169141109504158, "params": {"C": 1333.799543603615, "epsilon": 0.22648881705780058, "gamma": 0.021125925087975644, "lamda": 0.07787629209067745}, "datetime": {"datetime": "2021-09-24 08:08:34", "elapsed": 290.066708, "delta": 1.888068}}
{"target": 0.9099842319946523, "params": {"C": 1225.8070700929366, "epsilon": 0.3990254428055038, "gamma": 0.04580886577930534, "lamda": 0.27796289631313376}, "datetime": {"datetime": "2021-09-24 08:08:35", "elapsed": 291.446403, "delta": 1.379695}}
{"target": 0.897013624402283, "params": {"C": 1267.1063439377053, "epsilon": 0.5984587817127524, "gamma": 0.03314308659796798, "lamda": 0.32768291376103525}, "datetime": {"datetime": "2021-09-24 08:08:36", "elapsed": 292.812838, "delta": 1.366435}}
{"target": 0.9120749735600417, "params": {"C": 1319.2485582152885, "epsilon": 0.5464722765141877, "gamma": 0.017175293891336957, "lamda": 0.029396012233885976}, "datetime": {"datetime": "2021-09-24 08:08:38", "elapsed": 294.662273, "delta": 1.849435}}
{"target": 0.9030438358223773, "params": {"C": 1208.2840824891503, "epsilon": 0.10414479196684165, "gamma": 0.012179989648602594, "lamda": 0.12400459945346663}, "datetime": {"datetime": "2021-09-24 08:08:41", "elapsed": 297.136717, "delta": 2.474444}}
{"target": 0.8963362367112583, "params": {"C": 1326.0860954717446, "epsilon": 0.6790756925570854, "gamma": 0.06453993982117275, "lamda": 0.317068464075257}, "datetime": {"datetime": "2021-09-24 08:08:42", "elapsed": 298.593742, "delta": 1.457025}}
{"target": 0.9175151075824506, "params": {"C": 1319.1702784198276, "epsilon": 0.5810384230659659, "gamma": 0.06296482789783966, "lamda": 0.06622141074945696}, "datetime": {"datetime": "2021-09-24 08:08:44", "elapsed": 300.611056, "delta": 2.017314}}
{"target": 0.9230644444487427, "params": {"C": 1245.3028460376606, "epsilon": 0.4215175443953676, "gamma": 0.05070303880174675, "lamda": 0.06120945790223187}, "datetime": {"datetime": "2021-09-24 08:08:46", "elapsed": 302.440758, "delta": 1.829702}}
{"target": 0.9141357642376912, "params": {"C": 1270.6314663578503, "epsilon": 0.21658840424194875, "gamma": 0.02881575997328912, "lamda": 0.22351033675314216}, "datetime": {"datetime": "2021-09-24 08:08:47", "elapsed": 303.901642, "delta": 1.460884}}
{"target": 0.9142539202895001, "params": {"C": 1241.867296617783, "epsilon": 0.6695675653721247, "gamma": 0.0660586324365274, "lamda": 0.0781986224354041}, "datetime": {"datetime": "2021-09-24 08:08:49", "elapsed": 305.37271, "delta": 1.471068}}
{"target": 0.9213119262420851, "params": {"C": 1232.5935552196315, "epsilon": 0.27482191636205744, "gamma": 0.05957783223518292, "lamda": 0.08020689155686495}, "datetime": {"datetime": "2021-09-24 08:08:51", "elapsed": 307.29291, "delta": 1.9202}}
{"target": 0.9064388678845441, "params": {"C": 1332.7597168674583, "epsilon": 0.12450510125138424, "gamma": 0.016241016082789553, "lamda": 0.18713283747374582}, "datetime": {"datetime": "2021-09-24 08:08:53", "elapsed": 309.392508, "delta": 2.099598}}
{"target": 0.9243460642935595, "params": {"C": 1232.7980744103575, "epsilon": 0.2885215934433948, "gamma": 0.05446588606354145, "lamda": 0.05196425406821791}, "datetime": {"datetime": "2021-09-24 08:08:55", "elapsed": 311.614551, "delta": 2.222043}}
{"target": 0.9083471192397142, "params": {"C": 1341.0321632621938, "epsilon": 0.3855008869197727, "gamma": 0.029459514715263722, "lamda": 0.21789917067271516}, "datetime": {"datetime": "2021-09-24 08:08:57", "elapsed": 313.157209, "delta": 1.542658}}
{"target": 0.9240182170445282, "params": {"C": 1332.607504836796, "epsilon": 0.11522452433010866, "gamma": 0.04361612861209597, "lamda": 0.2021297905585502}, "datetime": {"datetime": "2021-09-24 08:08:59", "elapsed": 315.138562, "delta": 1.981353}}
{"target": 0.910162749444408, "params": {"C": 1283.9442571706409, "epsilon": 0.15888507760079398, "gamma": 0.016393837545594307, "lamda": 0.10825543931193711}, "datetime": {"datetime": "2021-09-24 08:09:01", "elapsed": 317.107106, "delta": 1.968544}}
{"target": 0.924659910957202, "params": {"C": 1332.6474552671789, "epsilon": 0.09080544018803277, "gamma": 0.04680366143499561, "lamda": 0.2140486887982172}, "datetime": {"datetime": "2021-09-24 08:09:03", "elapsed": 319.736126, "delta": 2.62902}}
{"target": 0.9164979185551143, "params": {"C": 1283.9231194501579, "epsilon": 0.06363717555754114, "gamma": 0.018285319725004634, "lamda": 0.14669880393136436}, "datetime": {"datetime": "2021-09-24 08:09:05", "elapsed": 321.633397, "delta": 1.897271}}
{"target": 0.9194251463128398, "params": {"C": 1333.7248169845245, "epsilon": 0.16027048243121778, "gamma": 0.023546053230438745, "lamda": 0.11001193414645821}, "datetime": {"datetime": "2021-09-24 08:09:07", "elapsed": 323.641795, "delta": 2.008398}}
{"target": 0.9106815097504287, "params": {"C": 1245.928574292622, "epsilon": 0.20445335628345146, "gamma": 0.04275768429800654, "lamda": 0.0015206797019582598}, "datetime": {"datetime": "2021-09-24 08:09:09", "elapsed": 325.84054, "delta": 2.198745}}
{"target": 0.9131268629646905, "params": {"C": 1332.6050484314517, "epsilon": 0.035914590337009486, "gamma": 0.015985145886133974, "lamda": 0.15578074896789926}, "datetime": {"datetime": "2021-09-24 08:09:11", "elapsed": 327.478867, "delta": 1.638327}}
{"target": 0.9165290007308586, "params": {"C": 1204.017378155613, "epsilon": 0.08705800750224257, "gamma": 0.06970426817982678, "lamda": 0.2317583626519906}, "datetime": {"datetime": "2021-09-24 08:09:13", "elapsed": 329.433157, "delta": 1.95429}}
