{"target": 0.9166668028235155, "params": {"C": 460.2347902579473, "epsilon": 0.1687484161516506, "gamma": 0.07800842979473446, "lamda": 0.16214739146576024}, "datetime": {"datetime": "2021-09-23 10:57:29", "elapsed": 385.634135, "delta": 2.619633}}
{"target": 0.9167415154994897, "params": {"C": 573.9745316671365, "epsilon": 0.25847332046315163, "gamma": 0.06110953777837341, "lamda": 0.048187533311186956}, "datetime": {"datetime": "2021-09-23 10:57:32", "elapsed": 389.113839, "delta": 3.479704}}
{"target": 0.9145141655751561, "params": {"C": 467.45258920009996, "epsilon": 0.23798068294264096, "gamma": 0.08727587007540298, "lamda": 0.0662956849867388}, "datetime": {"datetime": "2021-09-23 10:57:34", "elapsed": 391.214112, "delta": 2.100273}}
{"target": 0.917334852095364, "params": {"C": 521.8005978561202, "epsilon": 0.12427954266695229, "gamma": 0.06093723325358347, "lamda": 0.16260119471044496}, "datetime": {"datetime": "2021-09-23 10:57:37", "elapsed": 393.890021, "delta": 2.675909}}
{"target": 0.9178962886403158, "params": {"C": 521.6734187735981, "epsilon": 0.12147073733197812, "gamma": 0.06636474973942671, "lamda": 0.14372585776512387}, "datetime": {"datetime": "2021-09-23 10:57:40", "elapsed": 396.780415, "delta": 2.890394}}
{"target": 0.916051902501745, "params": {"C": 458.37048943984934, "epsilon": 0.2987920835916089, "gamma": 0.06097360505053095, "lamda": 0.1004406440449383}, "datetime": {"datetime": "2021-09-23 10:57:42", "elapsed": 398.908614, "delta": 2.128199}}
{"target": 0.9175246593660349, "params": {"C": 538.1173613266747, "epsilon": 0.19241084070406114, "gamma": 0.07295393003725495, "lamda": 0.08248435924993955}, "datetime": {"datetime": "2021-09-23 10:57:44", "elapsed": 401.155932, "delta": 2.247318}}
{"target": 0.9164780615013229, "params": {"C": 409.5786968420968, "epsilon": 0.1643060756430439, "gamma": 0.0633908344392285, "lamda": 0.1356096253707345}, "datetime": {"datetime": "2021-09-23 10:57:46", "elapsed": 402.988441, "delta": 1.832509}}
{"target": 0.9175879445371828, "params": {"C": 583.8908455183617, "epsilon": 0.14694425523117727, "gamma": 0.06, "lamda": 0.14491337707994315}, "datetime": {"datetime": "2021-09-23 10:57:49", "elapsed": 406.146988, "delta": 3.158547}}
{"target": 0.9165904052911429, "params": {"C": 402.8009222429352, "epsilon": 0.16025013482286327, "gamma": 0.06541996888261806, "lamda": 0.1508810967397728}, "datetime": {"datetime": "2021-09-23 10:57:52", "elapsed": 408.31547, "delta": 2.168482}}
{"target": 0.9171650564022048, "params": {"C": 461.893274128226, "epsilon": 0.2041016703510592, "gamma": 0.06742002137666028, "lamda": 0.13033722270660275}, "datetime": {"datetime": "2021-09-23 10:57:54", "elapsed": 410.879042, "delta": 2.563572}}
{"target": 0.9159368514636577, "params": {"C": 521.7029663873536, "epsilon": 0.07847724743788839, "gamma": 0.07404514618565378, "lamda": 0.13607302711319397}, "datetime": {"datetime": "2021-09-23 10:57:57", "elapsed": 414.164512, "delta": 3.28547}}
{"target": 0.917647913989777, "params": {"C": 516.0501274276165, "epsilon": 0.2634101489764208, "gamma": 0.06617929299819482, "lamda": 0.08982570501490665}, "datetime": {"datetime": "2021-09-23 10:58:00", "elapsed": 416.656732, "delta": 2.49222}}
{"target": 0.9161773936983713, "params": {"C": 599.4593632885808, "epsilon": 0.30746283993668844, "gamma": 0.07668576741843312, "lamda": 0.10409778840754944}, "datetime": {"datetime": "2021-09-23 10:58:02", "elapsed": 419.011184, "delta": 2.354452}}
{"target": 0.9171730039577418, "params": {"C": 583.2369344040308, "epsilon": 0.243535346630951, "gamma": 0.06, "lamda": 0.05826053657784378}, "datetime": {"datetime": "2021-09-23 10:58:06", "elapsed": 422.824251, "delta": 3.813067}}
{"target": 0.9179193114459224, "params": {"C": 550.7239070095212, "epsilon": 0.33516000074663527, "gamma": 0.06536018320856854, "lamda": 0.05569022188971545}, "datetime": {"datetime": "2021-09-23 10:58:09", "elapsed": 425.843278, "delta": 3.019027}}
{"target": 0.9171779432176262, "params": {"C": 559.8702681595398, "epsilon": 0.15132274870540025, "gamma": 0.06, "lamda": 0.09609442867739573}, "datetime": {"datetime": "2021-09-23 10:58:13", "elapsed": 429.679404, "delta": 3.836126}}
{"target": 0.9163659200399319, "params": {"C": 538.0559892438457, "epsilon": 0.1957138773044465, "gamma": 0.07768584455860736, "lamda": 0.07102999090261586}, "datetime": {"datetime": "2021-09-23 10:58:16", "elapsed": 432.562321, "delta": 2.882917}}
{"target": 0.9155452922301994, "params": {"C": 533.3413119970348, "epsilon": 0.27971861737297204, "gamma": 0.082469565525095, "lamda": 0.11569918568193333}, "datetime": {"datetime": "2021-09-23 10:58:18", "elapsed": 434.729627, "delta": 2.167306}}
{"target": 0.9176780796422694, "params": {"C": 586.4537269529706, "epsilon": 0.11029448943906464, "gamma": 0.06057869601098844, "lamda": 0.1385826447685145}, "datetime": {"datetime": "2021-09-23 10:58:21", "elapsed": 437.349233, "delta": 2.619606}}
{"target": 0.916183094580332, "params": {"C": 403.8198116952458, "epsilon": 0.24272998975175944, "gamma": 0.06814367475635309, "lamda": 0.13350211383855087}, "datetime": {"datetime": "2021-09-23 10:58:23", "elapsed": 439.530172, "delta": 2.180939}}
{"target": 0.9173058389117541, "params": {"C": 550.7489463594786, "epsilon": 0.3069510152431396, "gamma": 0.06001108364324226, "lamda": 0.06694446146152062}, "datetime": {"datetime": "2021-09-23 10:58:26", "elapsed": 442.98558, "delta": 3.455408}}
{"target": 0.915680285564926, "params": {"C": 586.4402988905027, "epsilon": 0.14311113551929774, "gamma": 0.08525823425479791, "lamda": 0.16010671402303125}, "datetime": {"datetime": "2021-09-23 10:58:29", "elapsed": 445.833535, "delta": 2.847955}}
{"target": 0.9160699520870071, "params": {"C": 491.6730424893616, "epsilon": 0.29659565990241227, "gamma": 0.08236967072550933, "lamda": 0.09255335618165592}, "datetime": {"datetime": "2021-09-23 10:58:32", "elapsed": 448.258262, "delta": 2.424727}}
{"target": 0.915839969867304, "params": {"C": 550.6943371902472, "epsilon": 0.3088737419955291, "gamma": 0.08270255435866353, "lamda": 0.0609762658210809}, "datetime": {"datetime": "2021-09-23 10:58:34", "elapsed": 451.227725, "delta": 2.969463}}
{"target": 0.9172055432406778, "params": {"C": 434.3455896284477, "epsilon": 0.24546723121661015, "gamma": 0.0746286248949693, "lamda": 0.09559640565811081}, "datetime": {"datetime": "2021-09-23 10:58:37", "elapsed": 453.744542, "delta": 2.516817}}
{"target": 0.9144568394419385, "params": {"C": 418.37461394607897, "epsilon": 0.1399868723898228, "gamma": 0.06808144178731486, "lamda": 0.04846491890290755}, "datetime": {"datetime": "2021-09-23 10:58:39", "elapsed": 455.90388, "delta": 2.159338}}
{"target": 0.9156977929214613, "params": {"C": 574.038117485036, "epsilon": 0.3226380299606982, "gamma": 0.08493641066942105, "lamda": 0.07152817599409933}, "datetime": {"datetime": "2021-09-23 10:58:42", "elapsed": 458.470956, "delta": 2.567076}}
{"target": 0.9167224469613999, "params": {"C": 449.9938844292884, "epsilon": 0.22416505011158858, "gamma": 0.08005792381184035, "lamda": 0.10091701481832366}, "datetime": {"datetime": "2021-09-23 10:58:44", "elapsed": 460.607147, "delta": 2.136191}}
{"target": 0.9169633120298484, "params": {"C": 405.1121289393885, "epsilon": 0.29903899555079655, "gamma": 0.07278979325895843, "lamda": 0.08465811299236789}, "datetime": {"datetime": "2021-09-23 10:58:46", "elapsed": 463.005282, "delta": 2.398135}}
{"target": 0.9165267807493944, "params": {"C": 586.4225105411635, "epsilon": 0.08639820068505323, "gamma": 0.07207461738432958, "lamda": 0.1302074162536077}, "datetime": {"datetime": "2021-09-23 10:58:50", "elapsed": 466.912356, "delta": 3.907074}}
{"target": 0.9174254421402336, "params": {"C": 595.8808210662733, "epsilon": 0.19349319123000225, "gamma": 0.0712769773110723, "lamda": 0.13419732775964677}, "datetime": {"datetime": "2021-09-23 10:58:52", "elapsed": 468.982112, "delta": 2.069756}}
{"target": 0.9173489015656362, "params": {"C": 455.05067434083026, "epsilon": 0.22574558692375116, "gamma": 0.06668212346925734, "lamda": 0.08283251368179342}, "datetime": {"datetime": "2021-09-23 10:58:55", "elapsed": 471.299237, "delta": 2.317125}}
{"target": 0.9159358362219607, "params": {"C": 586.4663658041484, "epsilon": 0.07957598123806431, "gamma": 0.06540691180516474, "lamda": 0.1087646115041508}, "datetime": {"datetime": "2021-09-23 10:58:58", "elapsed": 474.578715, "delta": 3.279478}}
{"target": 0.916853885227016, "params": {"C": 517.2029423138594, "epsilon": 0.2546002623824959, "gamma": 0.0663323130881227, "lamda": 0.11418173119039636}, "datetime": {"datetime": "2021-09-23 10:59:00", "elapsed": 476.606108, "delta": 2.027393}}
{"target": 0.9176180885089419, "params": {"C": 533.3619918737179, "epsilon": 0.2020625136535818, "gamma": 0.06321578277816046, "lamda": 0.08207857635109275}, "datetime": {"datetime": "2021-09-23 10:59:02", "elapsed": 478.818031, "delta": 2.211923}}
{"target": 0.9166334788289061, "params": {"C": 481.8221089604717, "epsilon": 0.3230075866746661, "gamma": 0.07840021954638948, "lamda": 0.08430015971569287}, "datetime": {"datetime": "2021-09-23 10:59:04", "elapsed": 480.871923, "delta": 2.053892}}
{"target": 0.9178141983172082, "params": {"C": 521.6603376482244, "epsilon": 0.14463922080998165, "gamma": 0.07211860062878339, "lamda": 0.13767547227993637}, "datetime": {"datetime": "2021-09-23 10:59:08", "elapsed": 484.514909, "delta": 3.642986}}
{"target": 0.913386935302378, "params": {"C": 516.0790698897881, "epsilon": 0.2825717553312932, "gamma": 0.08942941227324333, "lamda": 0.05205453163241523}, "datetime": {"datetime": "2021-09-23 10:59:12", "elapsed": 488.253703, "delta": 3.738794}}
{"target": 0.9168469620693434, "params": {"C": 516.0072783017547, "epsilon": 0.2502370647191259, "gamma": 0.06398029667126039, "lamda": 0.11298339555983485}, "datetime": {"datetime": "2021-09-23 10:59:14", "elapsed": 490.865163, "delta": 2.61146}}
{"target": 0.9133962566812746, "params": {"C": 399.77975687865836, "epsilon": 0.27444139687912583, "gamma": 0.06360059285686954, "lamda": 0.16362964379562922}, "datetime": {"datetime": "2021-09-23 10:59:16", "elapsed": 492.716914, "delta": 1.851751}}
{"target": 0.9173542666599315, "params": {"C": 540.2901933774052, "epsilon": 0.15001940033711408, "gamma": 0.06, "lamda": 0.12307437865839636}, "datetime": {"datetime": "2021-09-23 10:59:19", "elapsed": 496.063621, "delta": 3.346707}}
{"target": 0.915133073597284, "params": {"C": 453.3194670176325, "epsilon": 0.3328611346363272, "gamma": 0.08749341067715243, "lamda": 0.07751753248401305}, "datetime": {"datetime": "2021-09-23 10:59:22", "elapsed": 498.254358, "delta": 2.190737}}
{"target": 0.9179823720865645, "params": {"C": 533.3750677895997, "epsilon": 0.16914103437294045, "gamma": 0.06632562181062389, "lamda": 0.1175550903425986}, "datetime": {"datetime": "2021-09-23 10:59:24", "elapsed": 500.9857, "delta": 2.731342}}
{"target": 0.9174147405209628, "params": {"C": 581.5786824693851, "epsilon": 0.1368180649012819, "gamma": 0.07303530369827306, "lamda": 0.10638677455114996}, "datetime": {"datetime": "2021-09-23 10:59:27", "elapsed": 503.406974, "delta": 2.421274}}
{"target": 0.9177251783678868, "params": {"C": 533.3301162656522, "epsilon": 0.16372640936862545, "gamma": 0.06407163240993673, "lamda": 0.13557963468230153}, "datetime": {"datetime": "2021-09-23 10:59:30", "elapsed": 506.713947, "delta": 3.306973}}
{"target": 0.9182576232172049, "params": {"C": 585.1341528934788, "epsilon": 0.1212328449697744, "gamma": 0.06722716161942381, "lamda": 0.16564457085744014}, "datetime": {"datetime": "2021-09-23 10:59:32", "elapsed": 508.765448, "delta": 2.051501}}
{"target": 0.9176948447885871, "params": {"C": 514.5822428900035, "epsilon": 0.14508213701031702, "gamma": 0.07287502366427369, "lamda": 0.1558996905915057}, "datetime": {"datetime": "2021-09-23 10:59:34", "elapsed": 510.870645, "delta": 2.105197}}
{"target": 0.9150126716049063, "params": {"C": 533.3442166253767, "epsilon": 0.17850125399865824, "gamma": 0.08817638084512999, "lamda": 0.1359131812042989}, "datetime": {"datetime": "2021-09-23 10:59:37", "elapsed": 513.25002, "delta": 2.379375}}
{"target": 0.917187409193717, "params": {"C": 441.5310467435047, "epsilon": 0.25950921447255315, "gamma": 0.06873072613461541, "lamda": 0.09812045979480419}, "datetime": {"datetime": "2021-09-23 10:59:38", "elapsed": 515.218412, "delta": 1.968392}}
{"target": 0.9135436159712045, "params": {"C": 413.3472232458364, "epsilon": 0.289328138078663, "gamma": 0.08254882186935811, "lamda": 0.15833963566901488}, "datetime": {"datetime": "2021-09-23 10:59:41", "elapsed": 517.287648, "delta": 2.069236}}
{"target": 0.916355424818203, "params": {"C": 514.5537714779546, "epsilon": 0.141743440152262, "gamma": 0.08099555095250144, "lamda": 0.1263078925090355}, "datetime": {"datetime": "2021-09-23 10:59:44", "elapsed": 520.351251, "delta": 3.063603}}
{"target": 0.9180312805315659, "params": {"C": 563.5762473939396, "epsilon": 0.2839061034967386, "gamma": 0.06817347099357375, "lamda": 0.07425871566124834}, "datetime": {"datetime": "2021-09-23 10:59:46", "elapsed": 522.658656, "delta": 2.307405}}
{"target": 0.9179435802938875, "params": {"C": 585.1034714521934, "epsilon": 0.1453967599468598, "gamma": 0.07237890950776563, "lamda": 0.12079287435028269}, "datetime": {"datetime": "2021-09-23 10:59:49", "elapsed": 525.454654, "delta": 2.795998}}
{"target": 0.9168130082447916, "params": {"C": 448.28715873943526, "epsilon": 0.21939422823503052, "gamma": 0.06469356469270048, "lamda": 0.1222712020905212}, "datetime": {"datetime": "2021-09-23 10:59:51", "elapsed": 527.768657, "delta": 2.314003}}
{"target": 0.9171234337777973, "params": {"C": 585.1028794795681, "epsilon": 0.1037576754852248, "gamma": 0.07452078927507437, "lamda": 0.13690146630452094}, "datetime": {"datetime": "2021-09-23 10:59:54", "elapsed": 530.571797, "delta": 2.80314}}
{"target": 0.9176733360446423, "params": {"C": 537.3942101669315, "epsilon": 0.14737769724055308, "gamma": 0.07476158269611718, "lamda": 0.13364929177178514}, "datetime": {"datetime": "2021-09-23 10:59:56", "elapsed": 532.606363, "delta": 2.034566}}
{"target": 0.9166682393130343, "params": {"C": 473.98029327784013, "epsilon": 0.2828492127269355, "gamma": 0.07167958852679379, "lamda": 0.04850396236989639}, "datetime": {"datetime": "2021-09-23 10:59:58", "elapsed": 534.900063, "delta": 2.2937}}
{"target": 0.914292428652583, "params": {"C": 416.5263798833288, "epsilon": 0.31621650196159323, "gamma": 0.08681467746333912, "lamda": 0.11626135182584602}, "datetime": {"datetime": "2021-09-23 11:00:00", "elapsed": 536.992095, "delta": 2.092032}}
{"target": 0.916623286714991, "params": {"C": 585.0844187931344, "epsilon": 0.1559186202931736, "gamma": 0.08032353216397527, "lamda": 0.15615203391832017}, "datetime": {"datetime": "2021-09-23 11:00:04", "elapsed": 540.995505, "delta": 4.00341}}
{"target": 0.9162098883507847, "params": {"C": 560.0694541236041, "epsilon": 0.189014233429959, "gamma": 0.07675591037866232, "lamda": 0.16644405684379138}, "datetime": {"datetime": "2021-09-23 11:00:07", "elapsed": 543.407506, "delta": 2.412001}}
{"target": 0.9161292633774482, "params": {"C": 559.8493458689181, "epsilon": 0.1343903128100681, "gamma": 0.08311211664120333, "lamda": 0.1574986286296156}, "datetime": {"datetime": "2021-09-23 11:00:09", "elapsed": 545.974505, "delta": 2.566999}}
{"target": 0.9146882728084471, "params": {"C": 546.4863272729164, "epsilon": 0.30099388912095154, "gamma": 0.08355125907402211, "lamda": 0.1238258764627261}, "datetime": {"datetime": "2021-09-23 11:00:12", "elapsed": 548.454458, "delta": 2.479953}}
{"target": 0.9175904115551543, "params": {"C": 533.4003695553754, "epsilon": 0.17247123672447254, "gamma": 0.06236586992094539, "lamda": 0.09893168568986394}, "datetime": {"datetime": "2021-09-23 11:00:15", "elapsed": 551.556978, "delta": 3.10252}}
{"target": 0.9169102791487626, "params": {"C": 475.19761883981334, "epsilon": 0.1398208811842172, "gamma": 0.06110390466751925, "lamda": 0.13446662543318602}, "datetime": {"datetime": "2021-09-23 11:00:17", "elapsed": 553.821424, "delta": 2.264446}}
{"target": 0.9103475872675644, "params": {"C": 504.7799763320613, "epsilon": 0.07178580958796639, "gamma": 0.08844951828955466, "lamda": 0.11550979932187176}, "datetime": {"datetime": "2021-09-23 11:00:20", "elapsed": 556.268028, "delta": 2.446604}}
{"target": 0.9174152793692227, "params": {"C": 563.5590041665848, "epsilon": 0.24901497535643752, "gamma": 0.07584946102132246, "lamda": 0.08353781473262716}, "datetime": {"datetime": "2021-09-23 11:00:23", "elapsed": 559.30798, "delta": 3.039952}}
{"target": 0.9141301319858987, "params": {"C": 750.8339383023504, "epsilon": 0.07560302632703841, "gamma": 0.07900944704778826, "lamda": 0.1386004853173265}, "datetime": {"datetime": "2021-09-23 11:03:34", "elapsed": 0.0, "delta": 0.0}}
{"target": 0.9184378066681265, "params": {"C": 692.1790076450569, "epsilon": 0.13069509429332887, "gamma": 0.06594188594278871, "lamda": 0.14006633902486984}, "datetime": {"datetime": "2021-09-23 11:03:35", "elapsed": 0.291836, "delta": 0.291836}}
{"target": 0.9158832188122008, "params": {"C": 621.3588298609451, "epsilon": 0.09385174982698277, "gamma": 0.08056079455103392, "lamda": 0.16417416827436707}, "datetime": {"datetime": "2021-09-23 11:03:35", "elapsed": 0.594076, "delta": 0.30224}}
{"target": 0.9158719607767793, "params": {"C": 585.8488772605016, "epsilon": 0.2082919111141597, "gamma": 0.0843786288495634, "lamda": 0.12156575835367352}, "datetime": {"datetime": "2021-09-23 11:03:35", "elapsed": 0.880083, "delta": 0.286007}}
{"target": 0.9148542016107674, "params": {"C": 683.3459596151318, "epsilon": 0.30386275445212085, "gamma": 0.06145618243505726, "lamda": 0.12018865071828247}, "datetime": {"datetime": "2021-09-23 11:03:36", "elapsed": 1.326077, "delta": 0.445994}}
{"target": 0.9123913262630307, "params": {"C": 691.8008183083086, "epsilon": 0.290602840186708, "gamma": 0.06167152452309421, "lamda": 0.16533033842754108}, "datetime": {"datetime": "2021-09-23 11:03:36", "elapsed": 1.67759, "delta": 0.351513}}
{"target": 0.9164008415135941, "params": {"C": 659.5313167609796, "epsilon": 0.12253960994153759, "gamma": 0.0646692971695225, "lamda": 0.07959385673716321}, "datetime": {"datetime": "2021-09-23 11:03:36", "elapsed": 2.038592, "delta": 0.361002}}
{"target": 0.9137630148568896, "params": {"C": 589.3958918489486, "epsilon": 0.08730697322655354, "gamma": 0.07747671521380939, "lamda": 0.09740673908938907}, "datetime": {"datetime": "2021-09-23 11:03:37", "elapsed": 2.417514, "delta": 0.378922}}
{"target": 0.9139390747851992, "params": {"C": 716.1501324052163, "epsilon": 0.31901700875955574, "gamma": 0.08128414936381917, "lamda": 0.1388618688250347}, "datetime": {"datetime": "2021-09-23 11:03:37", "elapsed": 2.766455, "delta": 0.348941}}
{"target": 0.9156103403177758, "params": {"C": 762.4393897215209, "epsilon": 0.2139044610781335, "gamma": 0.06693525182034511, "lamda": 0.16624501798452987}, "datetime": {"datetime": "2021-09-23 11:03:37", "elapsed": 3.133456, "delta": 0.367001}}
{"target": 0.9174045439214834, "params": {"C": 749.323922484946, "epsilon": 0.18032739236009016, "gamma": 0.07558182585414704, "lamda": 0.09876565151876562}, "datetime": {"datetime": "2021-09-23 11:03:38", "elapsed": 3.47946, "delta": 0.346004}}
{"target": 0.9156127537842069, "params": {"C": 593.8072572277808, "epsilon": 0.131155209185143, "gamma": 0.06976940301930899, "lamda": 0.0685414619381663}, "datetime": {"datetime": "2021-09-23 11:03:38", "elapsed": 3.853453, "delta": 0.373993}}
{"target": 0.9175958090837729, "params": {"C": 747.3297119776823, "epsilon": 0.18611145776913646, "gamma": 0.07325944957522919, "lamda": 0.08749616741717012}, "datetime": {"datetime": "2021-09-23 11:03:39", "elapsed": 4.226454, "delta": 0.373001}}
{"target": 0.9179636312947732, "params": {"C": 728.9726996054084, "epsilon": 0.13807264582081524, "gamma": 0.06607672043488222, "lamda": 0.16401436349100054}, "datetime": {"datetime": "2021-09-23 11:03:39", "elapsed": 4.576633, "delta": 0.350179}}
{"target": 0.9183838545173949, "params": {"C": 738.9139995905746, "epsilon": 0.14226140855513963, "gamma": 0.06271788745019237, "lamda": 0.13255809029584142}, "datetime": {"datetime": "2021-09-23 11:03:39", "elapsed": 4.986306, "delta": 0.409673}}
{"target": 0.9170250367271422, "params": {"C": 635.4385899403557, "epsilon": 0.10518101844664976, "gamma": 0.07632691326571356, "lamda": 0.14872053497682464}, "datetime": {"datetime": "2021-09-23 11:03:40", "elapsed": 5.426298, "delta": 0.439992}}
{"target": 0.9152337312919685, "params": {"C": 672.0586320654764, "epsilon": 0.08187740181978906, "gamma": 0.0777130772052188, "lamda": 0.13509597214553348}, "datetime": {"datetime": "2021-09-23 11:03:40", "elapsed": 5.822299, "delta": 0.396001}}
{"target": 0.9161371221538932, "params": {"C": 687.9697496524218, "epsilon": 0.18520351056667367, "gamma": 0.07917847324404595, "lamda": 0.1645721776932554}, "datetime": {"datetime": "2021-09-23 11:03:41", "elapsed": 6.215301, "delta": 0.393002}}
{"target": 0.9178361182150019, "params": {"C": 644.9813082634244, "epsilon": 0.19609990286523576, "gamma": 0.06435218686214648, "lamda": 0.11840109934996353}, "datetime": {"datetime": "2021-09-23 11:03:41", "elapsed": 6.597087, "delta": 0.381786}}
{"target": 0.9157375760026125, "params": {"C": 719.880189084056, "epsilon": 0.2955942292518407, "gamma": 0.07500536713243497, "lamda": 0.12002904851239014}, "datetime": {"datetime": "2021-09-23 11:03:41", "elapsed": 7.020082, "delta": 0.422995}}
{"target": 0.9161819207706251, "params": {"C": 722.6107011547685, "epsilon": 0.14125361471557035, "gamma": 0.0646792257348942, "lamda": 0.06500511048946192}, "datetime": {"datetime": "2021-09-23 11:03:42", "elapsed": 7.462816, "delta": 0.442734}}
