{"target": 0.92036121267033, "params": {"C": 423.11604734749477, "epsilon": 0.17220293630397984, "gamma": 0.03, "lamda": 0.10057761857625995}, "datetime": {"datetime": "2021-09-23 20:27:59", "elapsed": 56.887201, "delta": 0.720154}}
{"target": 0.9122550809684541, "params": {"C": 477.14952396864976, "epsilon": 0.1467277674122419, "gamma": 0.06596121498462679, "lamda": 0.38783079845888396}, "datetime": {"datetime": "2021-09-23 20:27:59", "elapsed": 57.529207, "delta": 0.642006}}
{"target": 0.9230672851546424, "params": {"C": 428.6572756567886, "epsilon": 0.48015632901838057, "gamma": 0.03, "lamda": 0.015}, "datetime": {"datetime": "2021-09-23 20:28:00", "elapsed": 58.440327, "delta": 0.91112}}
{"target": 0.9258166639559937, "params": {"C": 476.6511574595449, "epsilon": 0.25653228529849464, "gamma": 0.036211682386773116, "lamda": 0.04392025689454196}, "datetime": {"datetime": "2021-09-23 20:28:01", "elapsed": 59.225049, "delta": 0.784722}}
{"target": 0.914058180162332, "params": {"C": 475.87604803730665, "epsilon": 0.4220555323474652, "gamma": 0.03841030029989121, "lamda": 0.17659784590957084}, "datetime": {"datetime": "2021-09-23 20:28:01", "elapsed": 59.779048, "delta": 0.553999}}
{"target": 0.9168395395651809, "params": {"C": 423.1901584600895, "epsilon": 0.08463671561725729, "gamma": 0.03, "lamda": 0.015}, "datetime": {"datetime": "2021-09-23 20:28:03", "elapsed": 61.009099, "delta": 1.230051}}
{"target": 0.9038775929896934, "params": {"C": 459.67805399839807, "epsilon": 0.29058439610798936, "gamma": 0.07991859942746347, "lamda": 0.2978913575729604}, "datetime": {"datetime": "2021-09-23 20:28:03", "elapsed": 61.634101, "delta": 0.625002}}
{"target": 0.9133547450022218, "params": {"C": 476.6997563950864, "epsilon": 0.19731388725340543, "gamma": 0.06923460673584853, "lamda": 0.02026014405765601}, "datetime": {"datetime": "2021-09-23 20:28:04", "elapsed": 62.492927, "delta": 0.858826}}
{"target": 0.8943472610353524, "params": {"C": 486.8421765754988, "epsilon": 0.6380056684026454, "gamma": 0.07207978949135455, "lamda": 0.3280713533467378}, "datetime": {"datetime": "2021-09-23 20:28:05", "elapsed": 63.13975, "delta": 0.646823}}
{"target": 0.9165220103193086, "params": {"C": 476.60814301514245, "epsilon": 0.3361857825356316, "gamma": 0.06340752380564693, "lamda": 0.12740006367563617}, "datetime": {"datetime": "2021-09-23 20:28:06", "elapsed": 64.06371, "delta": 0.92396}}
{"target": 0.9170494070631785, "params": {"C": 422.8304354621747, "epsilon": 0.24357565950579207, "gamma": 0.06244947238015027, "lamda": 0.16620056657481913}, "datetime": {"datetime": "2021-09-23 20:28:07", "elapsed": 64.94474, "delta": 0.88103}}
{"target": 0.9218668955868438, "params": {"C": 476.5253510378544, "epsilon": 0.1021663129481315, "gamma": 0.03296183717302374, "lamda": 0.2046429743613395}, "datetime": {"datetime": "2021-09-23 20:28:07", "elapsed": 65.807742, "delta": 0.863002}}
{"target": 0.9089500104672357, "params": {"C": 407.532925235147, "epsilon": 0.43586646928216444, "gamma": 0.075489607911743, "lamda": 0.15080492533104123}, "datetime": {"datetime": "2021-09-23 20:28:08", "elapsed": 66.525798, "delta": 0.718056}}
{"target": 0.9231856101697775, "params": {"C": 476.67651889396535, "epsilon": 0.2687571946221652, "gamma": 0.04663180015821629, "lamda": 0.10184574215834438}, "datetime": {"datetime": "2021-09-23 20:28:09", "elapsed": 67.33396, "delta": 0.808162}}
{"target": 0.9228745569227892, "params": {"C": 476.5527303829317, "epsilon": 0.2799466024568244, "gamma": 0.05814673230044574, "lamda": 0.028192026107318954}, "datetime": {"datetime": "2021-09-23 20:28:10", "elapsed": 68.36873, "delta": 1.03477}}
{"target": 0.9060316994015264, "params": {"C": 409.49367990016276, "epsilon": 0.4950439650519086, "gamma": 0.04577436075360354, "lamda": 0.294862977463842}, "datetime": {"datetime": "2021-09-23 20:28:11", "elapsed": 68.98416, "delta": 0.61543}}
{"target": 0.9256674013308365, "params": {"C": 476.7244566458816, "epsilon": 0.3321126947624612, "gamma": 0.03834011668847566, "lamda": 0.04165614901611199}, "datetime": {"datetime": "2021-09-23 20:28:12", "elapsed": 69.951779, "delta": 0.967619}}
{"target": 0.9163203297949682, "params": {"C": 476.7402385023756, "epsilon": 0.3764011375192483, "gamma": 0.07046098679503615, "lamda": 0.07181611049535536}, "datetime": {"datetime": "2021-09-23 20:28:14", "elapsed": 71.992671, "delta": 2.040892}}
{"target": 0.9227316954600344, "params": {"C": 428.5430130275889, "epsilon": 0.45486971599054604, "gamma": 0.03, "lamda": 0.015}, "datetime": {"datetime": "2021-09-23 20:28:15", "elapsed": 73.30949, "delta": 1.316819}}
{"target": 0.9169726500274173, "params": {"C": 476.8594273923968, "epsilon": 0.323682639343865, "gamma": 0.061719999514527786, "lamda": 0.13347568381927705}, "datetime": {"datetime": "2021-09-23 20:28:17", "elapsed": 75.208132, "delta": 1.898642}}
{"target": 0.9126102982689394, "params": {"C": 423.3069540993177, "epsilon": 0.3774606537914529, "gamma": 0.07835716439865076, "lamda": 0.07216303946765107}, "datetime": {"datetime": "2021-09-23 20:28:18", "elapsed": 75.882922, "delta": 0.67479}}
{"target": 0.923758598341676, "params": {"C": 476.7920848534169, "epsilon": 0.26108433725706215, "gamma": 0.04277154458846477, "lamda": 0.09647067913835021}, "datetime": {"datetime": "2021-09-23 20:28:18", "elapsed": 76.652612, "delta": 0.76969}}
{"target": 0.9206038164330124, "params": {"C": 476.66370605179947, "epsilon": 0.3049428375666401, "gamma": 0.06372306275885284, "lamda": 0.04403855343982701}, "datetime": {"datetime": "2021-09-23 20:28:20", "elapsed": 77.895779, "delta": 1.243167}}
{"target": 0.9112427025193512, "params": {"C": 449.82218089240365, "epsilon": 0.536362942632, "gamma": 0.07424597847415114, "lamda": 0.09890904030287963}, "datetime": {"datetime": "2021-09-23 20:28:20", "elapsed": 78.599678, "delta": 0.703899}}
{"target": 0.9161533020722223, "params": {"C": 485.77850145271555, "epsilon": 0.2222845846868429, "gamma": 0.06071739021618664, "lamda": 0.21737957932709578}, "datetime": {"datetime": "2021-09-23 20:28:21", "elapsed": 79.305767, "delta": 0.706089}}
{"target": 0.9140201031635421, "params": {"C": 421.4036686254107, "epsilon": 0.27595858906030213, "gamma": 0.03367959653519499, "lamda": 0.23297747505647565}, "datetime": {"datetime": "2021-09-23 20:28:22", "elapsed": 79.920419, "delta": 0.614652}}
{"target": 0.9220229625239569, "params": {"C": 439.32802100984145, "epsilon": 0.11089552188778809, "gamma": 0.036759692539984776, "lamda": 0.22576891038128405}, "datetime": {"datetime": "2021-09-23 20:28:22", "elapsed": 80.844556, "delta": 0.924137}}
{"target": 0.9184785822058672, "params": {"C": 439.41934040348184, "epsilon": 0.19572533878283407, "gamma": 0.049304637436760834, "lamda": 0.24747222095554705}, "datetime": {"datetime": "2021-09-23 20:28:24", "elapsed": 81.906869, "delta": 1.062313}}
{"target": 0.9239276257909643, "params": {"C": 439.3785953314526, "epsilon": 0.05236134660446601, "gamma": 0.05029096560560335, "lamda": 0.2936068794221438}, "datetime": {"datetime": "2021-09-23 20:28:24", "elapsed": 82.813121, "delta": 0.906252}}
{"target": 0.914222694443703, "params": {"C": 439.41683826108044, "epsilon": 0.035479236578029996, "gamma": 0.07227178558466167, "lamda": 0.4052996202926604}, "datetime": {"datetime": "2021-09-23 20:28:25", "elapsed": 83.679127, "delta": 0.866006}}
{"target": 0.9154421775963817, "params": {"C": 493.4028849617225, "epsilon": 0.15706411713130444, "gamma": 0.0324064960080743, "lamda": 0.33410190490771235}, "datetime": {"datetime": "2021-09-23 20:28:27", "elapsed": 85.169287, "delta": 1.49016}}
{"target": 0.9208829339543027, "params": {"C": 476.9252629493635, "epsilon": 0.2605072870052699, "gamma": 0.061512542618130966, "lamda": 0.025545280023503578}, "datetime": {"datetime": "2021-09-23 20:28:28", "elapsed": 86.196621, "delta": 1.027334}}
{"target": 0.9260740271301547, "params": {"C": 476.5994967320387, "epsilon": 0.17114497701009052, "gamma": 0.05093480504386042, "lamda": 0.04748972417956676}, "datetime": {"datetime": "2021-09-23 20:28:29", "elapsed": 86.942442, "delta": 0.745821}}
{"target": 0.9258949175388705, "params": {"C": 439.4199761678774, "epsilon": 0.05519598608679703, "gamma": 0.04247504361139683, "lamda": 0.21137817562095534}, "datetime": {"datetime": "2021-09-23 20:28:29", "elapsed": 87.795438, "delta": 0.852996}}
{"target": 0.9253304952012736, "params": {"C": 439.46114133771647, "epsilon": 0.06910949652618292, "gamma": 0.051479964221334926, "lamda": 0.13838113963465837}, "datetime": {"datetime": "2021-09-23 20:28:30", "elapsed": 88.835329, "delta": 1.039891}}
{"target": 0.9210582240333998, "params": {"C": 427.6455704561621, "epsilon": 0.6621052413005464, "gamma": 0.05647793348967617, "lamda": 0.04275422741054923}, "datetime": {"datetime": "2021-09-23 20:28:31", "elapsed": 89.714366, "delta": 0.879037}}
{"target": 0.9152195333747637, "params": {"C": 444.66585820888014, "epsilon": 0.797471083420661, "gamma": 0.06337043785991794, "lamda": 0.06442564767836417}, "datetime": {"datetime": "2021-09-23 20:28:32", "elapsed": 90.476889, "delta": 0.762523}}
{"target": 0.921398446135973, "params": {"C": 439.3864129866719, "epsilon": 0.0455102015884775, "gamma": 0.06131825518941616, "lamda": 0.15694194964483632}, "datetime": {"datetime": "2021-09-23 20:28:33", "elapsed": 91.540354, "delta": 1.063465}}
{"target": 0.9219494650114856, "params": {"C": 439.4527486955828, "epsilon": 0.1374130755977826, "gamma": 0.060108808690283816, "lamda": 0.04624266091279712}, "datetime": {"datetime": "2021-09-23 20:28:34", "elapsed": 92.539505, "delta": 0.999151}}
{"target": 0.9179274406753919, "params": {"C": 476.60143863768747, "epsilon": 0.08501062112307363, "gamma": 0.03, "lamda": 0.015}, "datetime": {"datetime": "2021-09-23 20:28:35", "elapsed": 93.61916, "delta": 1.079655}}
{"target": 0.9170256063644329, "params": {"C": 439.4606891880221, "epsilon": 0.21235540179316734, "gamma": 0.06677146798823122, "lamda": 0.14561367233390016}, "datetime": {"datetime": "2021-09-23 20:28:36", "elapsed": 94.677645, "delta": 1.058485}}
{"target": 0.9115981542100695, "params": {"C": 439.52824255045306, "epsilon": 0.06948358328342057, "gamma": 0.07932563281227605, "lamda": 0.2152364632316346}, "datetime": {"datetime": "2021-09-23 20:28:37", "elapsed": 95.67949, "delta": 1.001845}}
{"target": 0.922110902037269, "params": {"C": 455.57039867806753, "epsilon": 0.538911824802161, "gamma": 0.06020338560252497, "lamda": 0.021389043451205375}, "datetime": {"datetime": "2021-09-23 20:28:38", "elapsed": 96.460645, "delta": 0.781155}}
{"target": 0.917944513239701, "params": {"C": 476.6865364668727, "epsilon": 0.21345157982634597, "gamma": 0.03595502220358287, "lamda": 0.2230823663740355}, "datetime": {"datetime": "2021-09-23 20:28:39", "elapsed": 97.360413, "delta": 0.899768}}
{"target": 0.925104312474726, "params": {"C": 476.5604435701241, "epsilon": 0.22252423155802192, "gamma": 0.03804007750674806, "lamda": 0.07193860658331133}, "datetime": {"datetime": "2021-09-23 20:28:40", "elapsed": 98.135039, "delta": 0.774626}}
{"target": 0.9243222859673018, "params": {"C": 493.3211413387562, "epsilon": 0.06538967740431958, "gamma": 0.04150723603296269, "lamda": 0.28464734085600024}, "datetime": {"datetime": "2021-09-23 20:28:41", "elapsed": 98.974175, "delta": 0.839136}}
{"target": 0.9176465546454041, "params": {"C": 493.329336172989, "epsilon": 0.07220251995078278, "gamma": 0.05955330504889375, "lamda": 0.4215583736521465}, "datetime": {"datetime": "2021-09-23 20:28:42", "elapsed": 99.930747, "delta": 0.956572}}
{"target": 0.923645215048242, "params": {"C": 455.6788393397027, "epsilon": 0.5097831510191311, "gamma": 0.054624851864199714, "lamda": 0.035114257116288336}, "datetime": {"datetime": "2021-09-23 20:28:43", "elapsed": 101.028777, "delta": 1.09803}}
{"target": 0.9103865149022633, "params": {"C": 480.92853272994466, "epsilon": 0.20426626256128252, "gamma": 0.048117674765189494, "lamda": 0.49510809899004793}, "datetime": {"datetime": "2021-09-23 20:28:43", "elapsed": 101.66809, "delta": 0.639313}}
{"target": 0.9165912254099394, "params": {"C": 411.1174363678874, "epsilon": 0.13272454167179998, "gamma": 0.062360468969563015, "lamda": 0.2947837891219802}, "datetime": {"datetime": "2021-09-23 20:28:44", "elapsed": 102.485332, "delta": 0.817242}}
{"target": 0.9253573639229252, "params": {"C": 427.3766621241924, "epsilon": 0.6826321330128754, "gamma": 0.037794306208286055, "lamda": 0.01729704765135218}, "datetime": {"datetime": "2021-09-23 20:28:45", "elapsed": 103.328275, "delta": 0.842943}}
{"target": 0.9156985932506042, "params": {"C": 455.56397893292376, "epsilon": 0.5151997870084569, "gamma": 0.03887388021850302, "lamda": 0.1257490915885584}, "datetime": {"datetime": "2021-09-23 20:28:46", "elapsed": 104.254884, "delta": 0.926609}}
{"target": 0.9025346823693146, "params": {"C": 424.8635369498863, "epsilon": 0.5488521913788138, "gamma": 0.07070128676828091, "lamda": 0.24710904529120892}, "datetime": {"datetime": "2021-09-23 20:28:47", "elapsed": 105.331487, "delta": 1.076603}}
{"target": 0.909379609719793, "params": {"C": 459.53603075852675, "epsilon": 0.4370286281934007, "gamma": 0.05812482116145652, "lamda": 0.24014924929998882}, "datetime": {"datetime": "2021-09-23 20:28:48", "elapsed": 106.064487, "delta": 0.733}}
{"target": 0.912887311761982, "params": {"C": 427.4182423125861, "epsilon": 0.7182128551647156, "gamma": 0.0571857629381555, "lamda": 0.11167703220171354}, "datetime": {"datetime": "2021-09-23 20:28:49", "elapsed": 106.99562, "delta": 0.931133}}
{"target": 0.9206912004366606, "params": {"C": 427.3330570812001, "epsilon": 0.6360472248051809, "gamma": 0.033816160903260055, "lamda": 0.043244760786769657}, "datetime": {"datetime": "2021-09-23 20:28:49", "elapsed": 107.841622, "delta": 0.846002}}
{"target": 0.9159924564649274, "params": {"C": 455.635204586722, "epsilon": 0.6506892309346097, "gamma": 0.07084765845108092, "lamda": 0.017624001145800153}, "datetime": {"datetime": "2021-09-23 20:28:51", "elapsed": 109.002411, "delta": 1.160789}}
{"target": 0.9159479510939784, "params": {"C": 467.179029790354, "epsilon": 0.12321638282143002, "gamma": 0.05756179797920237, "lamda": 0.4007625872096897}, "datetime": {"datetime": "2021-09-23 20:28:51", "elapsed": 109.756379, "delta": 0.753968}}
{"target": 0.9166749266561323, "params": {"C": 455.69530952104896, "epsilon": 0.43375632969169253, "gamma": 0.06878371286463392, "lamda": 0.06844975108114112}, "datetime": {"datetime": "2021-09-23 20:28:52", "elapsed": 110.748395, "delta": 0.992016}}
{"target": 0.9164213469577054, "params": {"C": 427.63025685136836, "epsilon": 0.7623927528756205, "gamma": 0.07044446656592872, "lamda": 0.01603219093652414}, "datetime": {"datetime": "2021-09-23 20:28:53", "elapsed": 111.841135, "delta": 1.09274}}
{"target": 0.9197960616881027, "params": {"C": 422.83791704730095, "epsilon": 0.2459815761558043, "gamma": 0.05099071743390125, "lamda": 0.16275367877030728}, "datetime": {"datetime": "2021-09-23 20:28:54", "elapsed": 112.62762, "delta": 0.786485}}
{"target": 0.9175318812944042, "params": {"C": 493.19013265662056, "epsilon": 0.08123127987820761, "gamma": 0.06612801461202159, "lamda": 0.28048776782041185}, "datetime": {"datetime": "2021-09-23 20:28:55", "elapsed": 113.537521, "delta": 0.909901}}
{"target": 0.9143904996286345, "params": {"C": 439.3346002178671, "epsilon": 0.1305292280517344, "gamma": 0.07515113294518126, "lamda": 0.09878449784065073}, "datetime": {"datetime": "2021-09-23 20:28:56", "elapsed": 114.448362, "delta": 0.910841}}
{"target": 0.9232567290893627, "params": {"C": 459.5655427641274, "epsilon": 0.43733321135533776, "gamma": 0.05587280923267333, "lamda": 0.042336164596341944}, "datetime": {"datetime": "2021-09-23 20:28:57", "elapsed": 115.191778, "delta": 0.743416}}
{"target": 0.927458466291762, "params": {"C": 459.66277499541536, "epsilon": 0.39084962279707136, "gamma": 0.04366064792608289, "lamda": 0.019362360181503675}, "datetime": {"datetime": "2021-09-23 20:28:58", "elapsed": 116.381778, "delta": 1.19}}
{"target": 0.9076446654617779, "params": {"C": 499.9697940543525, "epsilon": 0.7534489911456959, "gamma": 0.06474656181167926, "lamda": 0.14444122074099858}, "datetime": {"datetime": "2021-09-23 20:28:59", "elapsed": 117.090678, "delta": 0.7089}}
{"target": 0.8993866363679446, "params": {"C": 438.90521622122094, "epsilon": 0.7766965602424823, "gamma": 0.060622968747184605, "lamda": 0.25382356681873747}, "datetime": {"datetime": "2021-09-23 20:29:00", "elapsed": 117.973676, "delta": 0.882998}}
{"target": 0.9168717902867318, "params": {"C": 435.5445355269599, "epsilon": 0.14905946540714543, "gamma": 0.06686578385998007, "lamda": 0.19491986326575583}, "datetime": {"datetime": "2021-09-23 20:29:00", "elapsed": 118.738895, "delta": 0.765219}}
{"target": 0.9203553044802752, "params": {"C": 459.7020950588644, "epsilon": 0.423029057219537, "gamma": 0.035046958357708116, "lamda": 0.08259816154112674}, "datetime": {"datetime": "2021-09-23 20:29:01", "elapsed": 119.685816, "delta": 0.946921}}
{"target": 0.9261237513593387, "params": {"C": 476.7951734775347, "epsilon": 0.3308137609131879, "gamma": 0.03588393855997969, "lamda": 0.017544826402959235}, "datetime": {"datetime": "2021-09-23 20:29:02", "elapsed": 120.845058, "delta": 1.159242}}
{"target": 0.9228272226342666, "params": {"C": 459.6677993209775, "epsilon": 0.30204141354073044, "gamma": 0.0375286465584848, "lamda": 0.08420053030066234}, "datetime": {"datetime": "2021-09-23 20:29:04", "elapsed": 121.935972, "delta": 1.090914}}
{"target": 0.904015376116939, "params": {"C": 446.232369041336, "epsilon": 0.7034731133483936, "gamma": 0.05155388155852868, "lamda": 0.23584878228348233}, "datetime": {"datetime": "2021-09-23 20:29:05", "elapsed": 123.029768, "delta": 1.093796}}
{"target": 0.913599328991747, "params": {"C": 459.7405725008347, "epsilon": 0.5549020312373313, "gamma": 0.07449423535015981, "lamda": 0.01747666555459266}, "datetime": {"datetime": "2021-09-23 20:29:06", "elapsed": 124.154799, "delta": 1.125031}}
{"target": 0.9003183374883764, "params": {"C": 485.50739083113234, "epsilon": 0.36282788696097246, "gamma": 0.03548348260465939, "lamda": 0.46660834872839024}, "datetime": {"datetime": "2021-09-23 20:29:07", "elapsed": 125.033035, "delta": 0.878236}}
{"target": 0.9228441347316856, "params": {"C": 459.5171576505187, "epsilon": 0.30478487874328686, "gamma": 0.05768769845816464, "lamda": 0.058336865967182044}, "datetime": {"datetime": "2021-09-23 20:29:08", "elapsed": 126.121807, "delta": 1.088772}}
{"target": 0.9223964518779347, "params": {"C": 459.573730981073, "epsilon": 0.3420554071927302, "gamma": 0.05968586187058372, "lamda": 0.025780307793216762}, "datetime": {"datetime": "2021-09-23 20:29:09", "elapsed": 127.155455, "delta": 1.033648}}
{"target": 0.9134067222838022, "params": {"C": 462.7425441307264, "epsilon": 0.29938728264244907, "gamma": 0.04362056568069864, "lamda": 0.2778423970305861}, "datetime": {"datetime": "2021-09-23 20:29:10", "elapsed": 128.190455, "delta": 1.035}}
{"target": 0.9115148357705793, "params": {"C": 459.71442262943765, "epsilon": 0.23728690777551817, "gamma": 0.07689190790388618, "lamda": 0.03288329993059523}, "datetime": {"datetime": "2021-09-23 20:29:11", "elapsed": 129.309456, "delta": 1.119001}}
{"target": 0.9183647330099995, "params": {"C": 438.89004565147013, "epsilon": 0.2762027525945496, "gamma": 0.05791190197171274, "lamda": 0.1481335061280799}, "datetime": {"datetime": "2021-09-23 20:29:12", "elapsed": 130.116457, "delta": 0.807001}}
{"target": 0.9248592654293638, "params": {"C": 459.5570378822459, "epsilon": 0.2200393821527387, "gamma": 0.04853875575677763, "lamda": 0.0836268211876613}, "datetime": {"datetime": "2021-09-23 20:29:13", "elapsed": 131.514456, "delta": 1.397999}}
{"target": 0.9226626765905063, "params": {"C": 459.48982324591293, "epsilon": 0.14703359365442442, "gamma": 0.05976900124344148, "lamda": 0.06873427550026515}, "datetime": {"datetime": "2021-09-23 20:29:14", "elapsed": 132.478458, "delta": 0.964002}}
{"target": 0.9151486239124841, "params": {"C": 477.1991517935094, "epsilon": 0.03537100354477975, "gamma": 0.0703783004079121, "lamda": 0.45197892687905294}, "datetime": {"datetime": "2021-09-23 20:29:15", "elapsed": 133.596457, "delta": 1.117999}}
{"target": 0.9241622500794063, "params": {"C": 459.41079757964764, "epsilon": 0.21137632152128935, "gamma": 0.04349879050872083, "lamda": 0.10692640040842455}, "datetime": {"datetime": "2021-09-23 20:29:16", "elapsed": 134.782166, "delta": 1.185709}}
{"target": 0.9236918127673303, "params": {"C": 459.40492855165024, "epsilon": 0.0440768091518192, "gamma": 0.055394542621678464, "lamda": 0.11734447981167441}, "datetime": {"datetime": "2021-09-23 20:29:18", "elapsed": 136.272032, "delta": 1.489866}}
{"target": 0.9134188436410189, "params": {"C": 464.5765950764929, "epsilon": 0.15366661107353935, "gamma": 0.05358391813239087, "lamda": 0.4656457875153627}, "datetime": {"datetime": "2021-09-23 20:29:19", "elapsed": 137.191536, "delta": 0.919504}}
{"target": 0.9195463812187522, "params": {"C": 439.45590181801816, "epsilon": 0.1942951674919148, "gamma": 0.05795716287619791, "lamda": 0.16623811261638605}, "datetime": {"datetime": "2021-09-23 20:29:20", "elapsed": 138.121537, "delta": 0.930001}}
{"target": 0.9229886788906484, "params": {"C": 459.34956030236935, "epsilon": 0.10889094310563525, "gamma": 0.03677882744257165, "lamda": 0.19807771659390527}, "datetime": {"datetime": "2021-09-23 20:29:21", "elapsed": 139.42854, "delta": 1.307003}}
{"target": 0.9159996500318142, "params": {"C": 400.3375405176279, "epsilon": 0.11585264960095899, "gamma": 0.06872597900291255, "lamda": 0.23754445443901273}, "datetime": {"datetime": "2021-09-23 20:29:22", "elapsed": 140.351339, "delta": 0.922799}}
