{"target": -1.9103811915097868, "params": {"C": 464.76685535335344, "epsilon": 0.14303007856345767, "gamma": 0.03447304668114625, "lamda": 0.0545606887442982}, "datetime": {"datetime": "2021-09-23 14:52:38", "elapsed": 181.113582, "delta": 1.552003}}
{"target": -1.9271005935705163, "params": {"C": 464.74605521523983, "epsilon": 0.2128444108053759, "gamma": 0.040334806725915134, "lamda": 0.06141917260419804}, "datetime": {"datetime": "2021-09-23 14:52:40", "elapsed": 182.710617, "delta": 1.597035}}
{"target": -1.955250914236079, "params": {"C": 464.74942023622157, "epsilon": 0.13776928402995708, "gamma": 0.03253202944846658, "lamda": 0.1286375978313787}, "datetime": {"datetime": "2021-09-23 14:52:41", "elapsed": 183.895582, "delta": 1.184965}}
{"target": -1.9522568265502385, "params": {"C": 400.7653419534183, "epsilon": 0.06393912545028063, "gamma": 0.04936637602497275, "lamda": 0.16403065072734507}, "datetime": {"datetime": "2021-09-23 14:52:43", "elapsed": 185.530578, "delta": 1.634996}}
{"target": -2.0752652386142585, "params": {"C": 478.32619659373904, "epsilon": 0.6959752940881854, "gamma": 0.039970256469401624, "lamda": 0.11621057419337737}, "datetime": {"datetime": "2021-09-23 14:52:44", "elapsed": 186.580696, "delta": 1.050118}}
{"target": -2.044739175026501, "params": {"C": 566.1977007484911, "epsilon": 0.3635036085619038, "gamma": 0.049751295743762275, "lamda": 0.17274720791331194}, "datetime": {"datetime": "2021-09-23 14:52:45", "elapsed": 187.775709, "delta": 1.195013}}
{"target": -1.9608144514365635, "params": {"C": 469.2737130596969, "epsilon": 0.15243618570504375, "gamma": 0.04474425820839082, "lamda": 0.11721363214806339}, "datetime": {"datetime": "2021-09-23 14:52:47", "elapsed": 189.37427, "delta": 1.598561}}
{"target": -2.0954854098728384, "params": {"C": 539.494196185017, "epsilon": 0.6555045024318795, "gamma": 0.04359297612195317, "lamda": 0.14949660286506983}, "datetime": {"datetime": "2021-09-23 14:52:48", "elapsed": 190.51312, "delta": 1.13885}}
{"target": -1.9488745419186961, "params": {"C": 523.239866586955, "epsilon": 0.7838199521010445, "gamma": 0.041316657275430047, "lamda": 0.0190113180842442}, "datetime": {"datetime": "2021-09-23 14:52:49", "elapsed": 191.754575, "delta": 1.241455}}
{"target": -1.9851131177407946, "params": {"C": 400.46396168827897, "epsilon": 0.15538120755610393, "gamma": 0.03, "lamda": 0.015}, "datetime": {"datetime": "2021-09-23 14:52:51", "elapsed": 193.329583, "delta": 1.575008}}
{"target": -1.925498547832075, "params": {"C": 464.65499145980095, "epsilon": 0.2395806730850848, "gamma": 0.0425141998079412, "lamda": 0.03580296338338275}, "datetime": {"datetime": "2021-09-23 14:52:52", "elapsed": 194.712248, "delta": 1.382665}}
{"target": -1.980888219266741, "params": {"C": 411.1465307984883, "epsilon": 0.42281246865767597, "gamma": 0.046941305710222044, "lamda": 0.0629706351229499}, "datetime": {"datetime": "2021-09-23 14:52:53", "elapsed": 195.713246, "delta": 1.000998}}
{"target": -1.9830473929603898, "params": {"C": 523.350137604309, "epsilon": 0.7811028540400191, "gamma": 0.03029568026475439, "lamda": 0.028851627679562016}, "datetime": {"datetime": "2021-09-23 14:52:55", "elapsed": 197.301495, "delta": 1.588249}}
{"target": -1.9699358938777831, "params": {"C": 464.84131290022805, "epsilon": 0.2641500447293892, "gamma": 0.049934409389377696, "lamda": 0.02702925955192896}, "datetime": {"datetime": "2021-09-23 14:52:56", "elapsed": 199.056034, "delta": 1.754539}}
{"target": -1.9658848614166005, "params": {"C": 464.8045960390468, "epsilon": 0.07733904901489866, "gamma": 0.031155002888135074, "lamda": 0.03655340531909053}, "datetime": {"datetime": "2021-09-23 14:52:58", "elapsed": 200.89727, "delta": 1.841236}}
{"target": -1.9825339305565108, "params": {"C": 515.6932996608195, "epsilon": 0.1922210749415158, "gamma": 0.048734201722966275, "lamda": 0.10433951059389404}, "datetime": {"datetime": "2021-09-23 14:52:59", "elapsed": 202.187622, "delta": 1.290352}}
{"target": -1.934020235608821, "params": {"C": 478.4012678040542, "epsilon": 0.045285584750217, "gamma": 0.036548874245120176, "lamda": 0.12355849489648679}, "datetime": {"datetime": "2021-09-23 14:53:01", "elapsed": 203.453623, "delta": 1.266001}}
{"target": -1.9722906966064844, "params": {"C": 500.9335242886235, "epsilon": 0.17279629759904258, "gamma": 0.030897972269733773, "lamda": 0.11926333897573467}, "datetime": {"datetime": "2021-09-23 14:53:02", "elapsed": 204.454337, "delta": 1.000714}}
{"target": -1.9848015389901907, "params": {"C": 464.6770453301235, "epsilon": 0.049107961002842135, "gamma": 0.0324541676958094, "lamda": 0.043028343037822006}, "datetime": {"datetime": "2021-09-23 14:53:03", "elapsed": 206.227785, "delta": 1.773448}}
{"target": -2.0062536386668137, "params": {"C": 584.048090105439, "epsilon": 0.46145038573483854, "gamma": 0.03657753101226105, "lamda": 0.07004402377948543}, "datetime": {"datetime": "2021-09-23 14:53:05", "elapsed": 207.264027, "delta": 1.036242}}
{"target": -2.0076574968631746, "params": {"C": 523.245334334978, "epsilon": 0.6952186410057111, "gamma": 0.04891791088358134, "lamda": 0.05215191341550769}, "datetime": {"datetime": "2021-09-23 14:53:06", "elapsed": 208.875428, "delta": 1.611401}}
{"target": -1.9433942959931831, "params": {"C": 464.7046840077819, "epsilon": 0.19034823101046158, "gamma": 0.04768701601901, "lamda": 0.0541333074814538}, "datetime": {"datetime": "2021-09-23 14:53:08", "elapsed": 210.556426, "delta": 1.680998}}
{"target": -2.001706415831274, "params": {"C": 400.4381909493676, "epsilon": 0.18804965091310794, "gamma": 0.04410315022693784, "lamda": 0.17388965607914558}, "datetime": {"datetime": "2021-09-23 14:53:10", "elapsed": 212.613007, "delta": 2.056581}}
{"target": -1.9402079270773565, "params": {"C": 464.53259083473665, "epsilon": 0.1933625029709306, "gamma": 0.044497202521794475, "lamda": 0.03762052762378163}, "datetime": {"datetime": "2021-09-23 14:53:12", "elapsed": 214.298103, "delta": 1.685096}}
{"target": -1.971690791702579, "params": {"C": 471.18995294615, "epsilon": 0.1828804372187384, "gamma": 0.040729570637833154, "lamda": 0.12146366887536414}, "datetime": {"datetime": "2021-09-23 14:53:13", "elapsed": 215.474719, "delta": 1.176616}}
{"target": -1.9320717692006868, "params": {"C": 464.72130887374794, "epsilon": 0.33127884354257175, "gamma": 0.03209538448077078, "lamda": 0.01614538280479618}, "datetime": {"datetime": "2021-09-23 14:53:15", "elapsed": 217.441716, "delta": 1.966997}}
{"target": -1.9460479636847676, "params": {"C": 464.5925964120663, "epsilon": 0.3736866735740031, "gamma": 0.037970812300061156, "lamda": 0.04716556096513063}, "datetime": {"datetime": "2021-09-23 14:53:17", "elapsed": 219.874876, "delta": 2.43316}}
{"target": -2.0337036943840157, "params": {"C": 464.62281561937607, "epsilon": 0.12343578495193658, "gamma": 0.04969917297024678, "lamda": 0.02478076402335243}, "datetime": {"datetime": "2021-09-23 14:53:19", "elapsed": 221.939407, "delta": 2.064531}}
{"target": -1.9261854700258287, "params": {"C": 455.25344277530314, "epsilon": 0.5630641058032225, "gamma": 0.03, "lamda": 0.015}, "datetime": {"datetime": "2021-09-23 14:53:22", "elapsed": 224.337715, "delta": 2.398308}}
{"target": -2.0305939160346984, "params": {"C": 464.6946324083859, "epsilon": 0.38235594023028197, "gamma": 0.03458382681216911, "lamda": 0.10520449768987779}, "datetime": {"datetime": "2021-09-23 14:53:23", "elapsed": 226.142249, "delta": 1.804534}}
{"target": -1.93131547067023, "params": {"C": 469.02982779366135, "epsilon": 0.15179095299025624, "gamma": 0.043032812091622255, "lamda": 0.04864189376357947}, "datetime": {"datetime": "2021-09-23 14:53:25", "elapsed": 227.736258, "delta": 1.594009}}
{"target": -1.9207201000279124, "params": {"C": 403.9355549371167, "epsilon": 0.19266341330651254, "gamma": 0.04343126251149583, "lamda": 0.05170673327783351}, "datetime": {"datetime": "2021-09-23 14:53:26", "elapsed": 229.226994, "delta": 1.490736}}
{"target": -1.9423527916226522, "params": {"C": 517.6695793124362, "epsilon": 0.5068223014534576, "gamma": 0.044700061424359096, "lamda": 0.01868590653557968}, "datetime": {"datetime": "2021-09-23 14:53:28", "elapsed": 230.415399, "delta": 1.188405}}
{"target": -2.1410013601506406, "params": {"C": 427.48847974945164, "epsilon": 0.725901996094711, "gamma": 0.032167166447712, "lamda": 0.14448274174250852}, "datetime": {"datetime": "2021-09-23 14:53:29", "elapsed": 231.663408, "delta": 1.248009}}
{"target": -1.9537179199415646, "params": {"C": 464.4901301215106, "epsilon": 0.2669258446063815, "gamma": 0.0490437584301022, "lamda": 0.03638034339990213}, "datetime": {"datetime": "2021-09-23 14:53:31", "elapsed": 233.302983, "delta": 1.639575}}
{"target": -2.0534364591309604, "params": {"C": 471.13402978363075, "epsilon": 0.06010397987331596, "gamma": 0.049185105929216655, "lamda": 0.03799497759299762}, "datetime": {"datetime": "2021-09-23 14:53:32", "elapsed": 235.183288, "delta": 1.880305}}
{"target": -1.9607765861670767, "params": {"C": 480.7900225232509, "epsilon": 0.11008764745015101, "gamma": 0.032943989173720586, "lamda": 0.16459914103169554}, "datetime": {"datetime": "2021-09-23 14:53:34", "elapsed": 236.873542, "delta": 1.690254}}
{"target": -2.050364880335535, "params": {"C": 478.4558669917285, "epsilon": 0.030283441205411515, "gamma": 0.04472228985081496, "lamda": 0.04507736769803847}, "datetime": {"datetime": "2021-09-23 14:53:36", "elapsed": 238.741103, "delta": 1.867561}}
{"target": -1.958078908513744, "params": {"C": 575.1939209944671, "epsilon": 0.6964829690111387, "gamma": 0.03205849955257493, "lamda": 0.02445256301448808}, "datetime": {"datetime": "2021-09-23 14:53:37", "elapsed": 239.987517, "delta": 1.246414}}
{"target": -1.924871303714444, "params": {"C": 472.2209950504281, "epsilon": 0.040265952226791545, "gamma": 0.040238350963227656, "lamda": 0.16279706677277272}, "datetime": {"datetime": "2021-09-23 14:53:38", "elapsed": 241.223765, "delta": 1.236248}}
{"target": -1.9277757585408473, "params": {"C": 478.40593820437476, "epsilon": 0.05506859641422393, "gamma": 0.04166719465117011, "lamda": 0.12506475172565035}, "datetime": {"datetime": "2021-09-23 14:53:40", "elapsed": 242.406866, "delta": 1.183101}}
{"target": -1.9119484291440323, "params": {"C": 472.2538163586415, "epsilon": 0.1104569606972742, "gamma": 0.038415307072085104, "lamda": 0.08116660588467452}, "datetime": {"datetime": "2021-09-23 14:53:43", "elapsed": 246.102649, "delta": 1.712127}}
{"target": -1.9356952175253668, "params": {"C": 472.2032215955726, "epsilon": 0.0811095511845724, "gamma": 0.03326547126516245, "lamda": 0.054380540678309094}, "datetime": {"datetime": "2021-09-23 14:53:45", "elapsed": 248.199878, "delta": 2.097229}}
{"target": -2.0097043588369603, "params": {"C": 455.24501514983535, "epsilon": 0.47239784393731055, "gamma": 0.04476884029014317, "lamda": 0.08005043995470817}, "datetime": {"datetime": "2021-09-23 14:53:47", "elapsed": 249.822831, "delta": 1.622953}}
{"target": -1.9450718828978621, "params": {"C": 472.12291615216805, "epsilon": 0.21744119566397657, "gamma": 0.035741909022655186, "lamda": 0.07938630511768192}, "datetime": {"datetime": "2021-09-23 14:53:49", "elapsed": 251.359038, "delta": 1.536207}}
{"target": -1.9345989132526022, "params": {"C": 472.30080183617343, "epsilon": 0.053634809675358955, "gamma": 0.033916456690178814, "lamda": 0.10259436547637509}, "datetime": {"datetime": "2021-09-23 14:53:51", "elapsed": 253.465258, "delta": 2.10622}}
{"target": -1.9787238850791504, "params": {"C": 472.1618280527598, "epsilon": 0.11997895735639653, "gamma": 0.04603633769162586, "lamda": 0.17260975442370047}, "datetime": {"datetime": "2021-09-23 14:53:52", "elapsed": 255.10922, "delta": 1.643962}}
{"target": -2.0398265854230813, "params": {"C": 505.8658496437452, "epsilon": 0.38014098613144354, "gamma": 0.0468911629656355, "lamda": 0.15583039879260702}, "datetime": {"datetime": "2021-09-23 14:53:54", "elapsed": 256.463537, "delta": 1.354317}}
{"target": -1.9604292753631192, "params": {"C": 472.31965441606656, "epsilon": 0.08830339854379388, "gamma": 0.030375841893858967, "lamda": 0.03429197108458575}, "datetime": {"datetime": "2021-09-23 14:53:56", "elapsed": 258.280667, "delta": 1.81713}}
{"target": -1.9367128559698974, "params": {"C": 472.0931909276677, "epsilon": 0.06351846702229026, "gamma": 0.032662523579350615, "lamda": 0.06927332543403208}, "datetime": {"datetime": "2021-09-23 14:53:58", "elapsed": 260.506224, "delta": 2.225557}}
{"target": -1.9500046980987475, "params": {"C": 472.3034033047602, "epsilon": 0.10962325935102459, "gamma": 0.03379362286529171, "lamda": 0.14700940441028915}, "datetime": {"datetime": "2021-09-23 14:54:00", "elapsed": 262.380128, "delta": 1.873904}}
{"target": -1.9637669227926857, "params": {"C": 472.26266711280755, "epsilon": 0.1827009006930408, "gamma": 0.030766547854019697, "lamda": 0.10418086914850258}, "datetime": {"datetime": "2021-09-23 14:54:02", "elapsed": 264.380951, "delta": 2.000823}}
{"target": -1.9442015512337634, "params": {"C": 464.7229965380969, "epsilon": 0.2617873143931794, "gamma": 0.03, "lamda": 0.015}, "datetime": {"datetime": "2021-09-23 14:54:04", "elapsed": 266.761997, "delta": 2.381046}}
{"target": -2.0280943179073736, "params": {"C": 425.80707009293644, "epsilon": 0.32293772263942055, "gamma": 0.04193628859310178, "lamda": 0.14341638049606453}, "datetime": {"datetime": "2021-09-23 14:54:05", "elapsed": 268.080262, "delta": 1.318265}}
{"target": -2.082740812591543, "params": {"C": 467.10634393770533, "epsilon": 0.4812507854833189, "gamma": 0.03771436219932266, "lamda": 0.16646952141802385}, "datetime": {"datetime": "2021-09-23 14:54:07", "elapsed": 269.386112, "delta": 1.30585}}
{"target": -1.9556994520101612, "params": {"C": 403.8943774785559, "epsilon": 0.1433455503362695, "gamma": 0.03010073145318762, "lamda": 0.026542289763340776}, "datetime": {"datetime": "2021-09-23 14:54:09", "elapsed": 271.345115, "delta": 1.959003}}
{"target": -1.9271224450979547, "params": {"C": 472.0301546666329, "epsilon": 0.1118740455908644, "gamma": 0.030230695190495763, "lamda": 0.09118199259651631}, "datetime": {"datetime": "2021-09-23 14:54:11", "elapsed": 273.616111, "delta": 2.270996}}
{"target": -1.9222105459107428, "params": {"C": 404.07755193962544, "epsilon": 0.07520045211737303, "gamma": 0.04126571872181365, "lamda": 0.09950722172897067}, "datetime": {"datetime": "2021-09-23 14:54:12", "elapsed": 275.101109, "delta": 1.484998}}
{"target": -1.9187725640223012, "params": {"C": 471.9223343399584, "epsilon": 0.08380874476629424, "gamma": 0.04060489990928913, "lamda": 0.09389263521045599}, "datetime": {"datetime": "2021-09-23 14:54:15", "elapsed": 277.273112, "delta": 2.172003}}
{"target": -1.9900399540223093, "params": {"C": 471.9150003652262, "epsilon": 0.15176659051081332, "gamma": 0.03723577794767931, "lamda": 0.17964132290400403}, "datetime": {"datetime": "2021-09-23 14:54:16", "elapsed": 279.229115, "delta": 1.956003}}
{"target": -1.963753754236782, "params": {"C": 470.63146635785023, "epsilon": 0.17811656831577377, "gamma": 0.03627191999109637, "lamda": 0.11816895313115612}, "datetime": {"datetime": "2021-09-23 14:54:18", "elapsed": 280.667149, "delta": 1.438034}}
{"target": -1.9922182182514205, "params": {"C": 441.867296617783, "epsilon": 0.5376979642644701, "gamma": 0.0486862108121758, "lamda": 0.05079384749511218}, "datetime": {"datetime": "2021-09-23 14:54:19", "elapsed": 282.099113, "delta": 1.431964}}
{"target": -2.0607842274666814, "params": {"C": 471.91128604500824, "epsilon": 0.06627866593574812, "gamma": 0.04708434664654883, "lamda": 0.025893170078691675}, "datetime": {"datetime": "2021-09-23 14:54:21", "elapsed": 283.951112, "delta": 1.851999}}
{"target": -1.919734622013835, "params": {"C": 471.9851988361341, "epsilon": 0.16733324033726485, "gamma": 0.03948655074676326, "lamda": 0.06656418024817384}, "datetime": {"datetime": "2021-09-23 14:54:24", "elapsed": 286.334114, "delta": 2.383002}}
{"target": -1.934654276100439, "params": {"C": 472.03507381111984, "epsilon": 0.19268578027854566, "gamma": 0.03437695915495912, "lamda": 0.07525856768624756}, "datetime": {"datetime": "2021-09-23 14:54:26", "elapsed": 288.382114, "delta": 2.048}}
{"target": -2.0167009664401077, "params": {"C": 541.0321632621939, "epsilon": 0.31220173497755155, "gamma": 0.03648650490508791, "lamda": 0.11556728464775012}, "datetime": {"datetime": "2021-09-23 14:54:27", "elapsed": 289.84911, "delta": 1.466996}}
{"target": -1.919057579083559, "params": {"C": 472.09734705264, "epsilon": 0.03537350767990249, "gamma": 0.03723973084454993, "lamda": 0.18889116677831785}, "datetime": {"datetime": "2021-09-23 14:54:29", "elapsed": 291.72564, "delta": 1.87653}}
{"target": -1.9214261610468002, "params": {"C": 469.0118455651301, "epsilon": 0.2504785673855142, "gamma": 0.03952192666006922, "lamda": 0.048016659211873224}, "datetime": {"datetime": "2021-09-23 14:54:31", "elapsed": 293.754641, "delta": 2.029001}}
{"target": -2.002214666916301, "params": {"C": 468.9433556623412, "epsilon": 0.30385120095506635, "gamma": 0.040860342697314825, "lamda": 0.10522771514210247}, "datetime": {"datetime": "2021-09-23 14:54:34", "elapsed": 296.41617, "delta": 2.661529}}
{"target": -1.993683556903828, "params": {"C": 472.05393691342243, "epsilon": 0.03622510482605469, "gamma": 0.047516626930416736, "lamda": 0.13254190034575986}, "datetime": {"datetime": "2021-09-23 14:54:35", "elapsed": 298.040177, "delta": 1.624007}}
{"target": -1.9523414183884902, "params": {"C": 464.6139013256051, "epsilon": 0.26563387015537065, "gamma": 0.04792692078389821, "lamda": 0.05543570682351836}, "datetime": {"datetime": "2021-09-23 14:54:37", "elapsed": 300.24317, "delta": 2.202993}}
{"target": -1.9734950775867763, "params": {"C": 403.96637119998024, "epsilon": 0.2807521623151068, "gamma": 0.0454094858643002, "lamda": 0.020336066566279985}, "datetime": {"datetime": "2021-09-23 14:54:39", "elapsed": 302.14517, "delta": 1.902}}
{"target": -1.9624418384734985, "params": {"C": 469.0708935329889, "epsilon": 0.2404616962848471, "gamma": 0.045365305092840855, "lamda": 0.02497910973678976}, "datetime": {"datetime": "2021-09-23 14:54:42", "elapsed": 304.819172, "delta": 2.674002}}
{"target": -1.9423688883945598, "params": {"C": 400.33829682887307, "epsilon": 0.1855544164346355, "gamma": 0.044053090733215824, "lamda": 0.08692736181681032}, "datetime": {"datetime": "2021-09-23 14:54:44", "elapsed": 306.613172, "delta": 1.794}}
{"target": -2.053973088500632, "params": {"C": 447.3316991012278, "epsilon": 0.6573693744238773, "gamma": 0.038229903756994144, "lamda": 0.09187683836959883}, "datetime": {"datetime": "2021-09-23 14:54:45", "elapsed": 308.059172, "delta": 1.446}}
{"target": -1.9243632838545766, "params": {"C": 472.06460712368465, "epsilon": 0.13689278432887375, "gamma": 0.0339682547117537, "lamda": 0.046004709597582065}, "datetime": {"datetime": "2021-09-23 14:54:47", "elapsed": 310.032177, "delta": 1.973005}}
{"target": -2.123292400123186, "params": {"C": 474.2983579532391, "epsilon": 0.633258896684579, "gamma": 0.04516978200949405, "lamda": 0.18614734295852492}, "datetime": {"datetime": "2021-09-23 14:54:49", "elapsed": 311.591172, "delta": 1.558995}}
{"target": -2.0081001513897156, "params": {"C": 422.99376243311434, "epsilon": 0.5649077005436083, "gamma": 0.04093382523750089, "lamda": 0.06325535105516289}, "datetime": {"datetime": "2021-09-23 14:54:50", "elapsed": 313.113171, "delta": 1.521999}}
{"target": -1.9487476692113272, "params": {"C": 472.1718553960613, "epsilon": 0.13912077960929262, "gamma": 0.030517347084213768, "lamda": 0.02600006167538084}, "datetime": {"datetime": "2021-09-23 14:54:53", "elapsed": 315.440196, "delta": 2.327025}}
{"target": -1.9175481368924456, "params": {"C": 519.2131355904116, "epsilon": 0.420508344259915, "gamma": 0.03878125309468834, "lamda": 0.02109305268978559}, "datetime": {"datetime": "2021-09-23 14:54:55", "elapsed": 318.255173, "delta": 2.814977}}
{"target": -1.9332521508760814, "params": {"C": 464.4256952394432, "epsilon": 0.18168193563860088, "gamma": 0.030201876459627585, "lamda": 0.027269710244119044}, "datetime": {"datetime": "2021-09-23 14:54:58", "elapsed": 320.36017, "delta": 2.104997}}
{"target": -1.9390869440180476, "params": {"C": 517.5790824994688, "epsilon": 0.5420196380703408, "gamma": 0.03492303654834761, "lamda": 0.02709023584329935}, "datetime": {"datetime": "2021-09-23 14:55:00", "elapsed": 322.32817, "delta": 1.968}}
{"target": -2.0039783011900867, "params": {"C": 479.33432533585454, "epsilon": 0.2780484539918018, "gamma": 0.042778405231211944, "lamda": 0.11824517736430477}, "datetime": {"datetime": "2021-09-23 14:55:01", "elapsed": 323.769654, "delta": 1.441484}}
{"target": -1.9225934303932863, "params": {"C": 464.4441997911358, "epsilon": 0.12758562341597882, "gamma": 0.04046852064835349, "lamda": 0.09214251015048133}, "datetime": {"datetime": "2021-09-23 14:55:03", "elapsed": 325.572974, "delta": 1.80332}}
{"target": -1.965839162235038, "params": {"C": 464.38861153966786, "epsilon": 0.22535759987570697, "gamma": 0.04371589455640018, "lamda": 0.09110266417226054}, "datetime": {"datetime": "2021-09-23 14:55:05", "elapsed": 327.995102, "delta": 2.422128}}
{"target": -1.917086017942627, "params": {"C": 478.61619691543905, "epsilon": 0.0689627566114878, "gamma": 0.03357732507281874, "lamda": 0.1317378700450411}, "datetime": {"datetime": "2021-09-23 14:55:08", "elapsed": 330.599147, "delta": 2.604045}}
{"target": -2.001440910285299, "params": {"C": 421.1158432524015, "epsilon": 0.2857055364561836, "gamma": 0.04902467044830522, "lamda": 0.10980380896638273}, "datetime": {"datetime": "2021-09-23 14:55:09", "elapsed": 332.076768, "delta": 1.477621}}
{"target": -2.000356090161501, "params": {"C": 480.71431121795456, "epsilon": 0.30216190852034797, "gamma": 0.04006314585242166, "lamda": 0.10268400781471429}, "datetime": {"datetime": "2021-09-23 14:55:11", "elapsed": 333.496333, "delta": 1.419565}}
