{"target": 0.9182404555757353, "params": {"C": 748.189229360863, "epsilon": 0.12289124505118096, "gamma": 0.06938006348878109, "lamda": 0.15141389370573033}, "datetime": {"datetime": "2021-09-23 11:06:08", "elapsed": 153.621786, "delta": 2.815982}}
{"target": 0.9172979476428301, "params": {"C": 728.939944271704, "epsilon": 0.15568279943779795, "gamma": 0.06199687707109371, "lamda": 0.06971904017219642}, "datetime": {"datetime": "2021-09-23 11:06:10", "elapsed": 156.154758, "delta": 2.532972}}
{"target": 0.9176491997190407, "params": {"C": 644.8654185208458, "epsilon": 0.2601068745658645, "gamma": 0.07020051514190215, "lamda": 0.09389560968817874}, "datetime": {"datetime": "2021-09-23 11:06:12", "elapsed": 158.101298, "delta": 1.94654}}
{"target": 0.9166687945240052, "params": {"C": 731.0079478467387, "epsilon": 0.12767242484719793, "gamma": 0.08036063302507142, "lamda": 0.15511611877086823}, "datetime": {"datetime": "2021-09-23 11:06:14", "elapsed": 159.83106, "delta": 1.729762}}
{"target": 0.9181730361629633, "params": {"C": 724.7714037739951, "epsilon": 0.1878209773409869, "gamma": 0.06638531419515858, "lamda": 0.111991685528795}, "datetime": {"datetime": "2021-09-23 11:06:16", "elapsed": 161.214984, "delta": 1.383924}}
{"target": 0.9163031653674452, "params": {"C": 715.8492966068092, "epsilon": 0.16382740033870394, "gamma": 0.08084291761449186, "lamda": 0.1659644606806538}, "datetime": {"datetime": "2021-09-23 11:06:17", "elapsed": 162.584256, "delta": 1.369272}}
{"target": 0.9143121819258877, "params": {"C": 767.1645109161894, "epsilon": 0.3006476093883046, "gamma": 0.06758954794230665, "lamda": 0.14307183889729286}, "datetime": {"datetime": "2021-09-23 11:06:18", "elapsed": 163.998021, "delta": 1.413765}}
{"target": 0.9144271394986271, "params": {"C": 748.1985342775403, "epsilon": 0.10352424949370401, "gamma": 0.06244661501691914, "lamda": 0.06625316145716217}, "datetime": {"datetime": "2021-09-23 11:06:20", "elapsed": 165.384179, "delta": 1.386158}}
{"target": 0.9150241747504096, "params": {"C": 644.901158182795, "epsilon": 0.27584845387850565, "gamma": 0.08386980798917734, "lamda": 0.12506686424466024}, "datetime": {"datetime": "2021-09-23 11:06:21", "elapsed": 166.842785, "delta": 1.458606}}
{"target": 0.913090274820481, "params": {"C": 615.2996425686897, "epsilon": 0.22554352360744076, "gamma": 0.08752370440912807, "lamda": 0.059806090568068765}, "datetime": {"datetime": "2021-09-23 11:06:22", "elapsed": 167.878303, "delta": 1.035518}}
{"target": 0.9183717188366141, "params": {"C": 778.2073042644846, "epsilon": 0.23383053314977517, "gamma": 0.06530608810545989, "lamda": 0.07398080061407807}, "datetime": {"datetime": "2021-09-23 11:06:23", "elapsed": 168.936977, "delta": 1.058674}}
{"target": 0.9178830711764905, "params": {"C": 644.9464628742854, "epsilon": 0.09199825345529726, "gamma": 0.060680169389462996, "lamda": 0.1486603000074832}, "datetime": {"datetime": "2021-09-23 11:06:24", "elapsed": 169.985579, "delta": 1.048602}}
{"target": 0.918270587691437, "params": {"C": 778.2573622299608, "epsilon": 0.2405640049007495, "gamma": 0.06313228479110326, "lamda": 0.07976005727019649}, "datetime": {"datetime": "2021-09-23 11:06:25", "elapsed": 171.111371, "delta": 1.125792}}
{"target": 0.9149667469768445, "params": {"C": 778.1998967497826, "epsilon": 0.27584699057221407, "gamma": 0.08768939163033995, "lamda": 0.07784776007584783}, "datetime": {"datetime": "2021-09-23 11:06:27", "elapsed": 172.33431, "delta": 1.222939}}
{"target": 0.9166317570206974, "params": {"C": 724.739574401139, "epsilon": 0.21308218401185716, "gamma": 0.07996583843400801, "lamda": 0.08910005221535369}, "datetime": {"datetime": "2021-09-23 11:06:28", "elapsed": 173.717885, "delta": 1.383575}}
{"target": 0.9107856500278879, "params": {"C": 745.7961270944982, "epsilon": 0.09385067240022865, "gamma": 0.08182592218914382, "lamda": 0.08690309689318003}, "datetime": {"datetime": "2021-09-23 11:06:29", "elapsed": 174.729884, "delta": 1.011999}}
{"target": 0.9162241842463285, "params": {"C": 778.2505084413795, "epsilon": 0.21455163790304424, "gamma": 0.08212350646649437, "lamda": 0.1222401412092058}, "datetime": {"datetime": "2021-09-23 11:06:30", "elapsed": 176.007262, "delta": 1.277378}}
{"target": 0.9139613164318683, "params": {"C": 634.1187410472585, "epsilon": 0.2759250953950759, "gamma": 0.07269479521904293, "lamda": 0.166779160427604}, "datetime": {"datetime": "2021-09-23 11:06:31", "elapsed": 177.098482, "delta": 1.09122}}
{"target": 0.9164991736434914, "params": {"C": 778.2450932579733, "epsilon": 0.20977657927637186, "gamma": 0.07009921918772202, "lamda": 0.051838337647762966}, "datetime": {"datetime": "2021-09-23 11:06:33", "elapsed": 178.768472, "delta": 1.66999}}
{"target": 0.9170095754804332, "params": {"C": 748.0882627882596, "epsilon": 0.21002910280830456, "gamma": 0.06846712997871304, "lamda": 0.05361121892817865}, "datetime": {"datetime": "2021-09-23 11:06:35", "elapsed": 180.266086, "delta": 1.497614}}
{"target": 0.9178953381215013, "params": {"C": 645.0239009794642, "epsilon": 0.16327335695766929, "gamma": 0.06093853202570076, "lamda": 0.08770543454386562}, "datetime": {"datetime": "2021-09-23 11:06:36", "elapsed": 181.935679, "delta": 1.669593}}
{"target": 0.915034104444439, "params": {"C": 784.3029711122867, "epsilon": 0.26069325688156175, "gamma": 0.08121432235827318, "lamda": 0.05406765655834808}, "datetime": {"datetime": "2021-09-23 11:06:38", "elapsed": 183.216716, "delta": 1.281037}}
{"target": 0.913637066916438, "params": {"C": 682.2481963413547, "epsilon": 0.3078665931014263, "gamma": 0.0886304772712749, "lamda": 0.12814867510955946}, "datetime": {"datetime": "2021-09-23 11:06:39", "elapsed": 184.341023, "delta": 1.124307}}
{"target": 0.9159632986899475, "params": {"C": 748.1367408801145, "epsilon": 0.26436252139658367, "gamma": 0.07369566477275771, "lamda": 0.12991557367553572}, "datetime": {"datetime": "2021-09-23 11:06:40", "elapsed": 185.872293, "delta": 1.53127}}
{"target": 0.9179975001437465, "params": {"C": 783.5737757956795, "epsilon": 0.1600045239139366, "gamma": 0.07147176901895685, "lamda": 0.11064683481661676}, "datetime": {"datetime": "2021-09-23 11:06:41", "elapsed": 187.061626, "delta": 1.189333}}
{"target": 0.9177942479160272, "params": {"C": 717.544379359249, "epsilon": 0.3137772566517179, "gamma": 0.068209748034346, "lamda": 0.04557710032765812}, "datetime": {"datetime": "2021-09-23 11:06:43", "elapsed": 188.219329, "delta": 1.157703}}
{"target": 0.9167115841643996, "params": {"C": 718.6834696141351, "epsilon": 0.27819265322560316, "gamma": 0.07150564732293309, "lamda": 0.10885303110328522}, "datetime": {"datetime": "2021-09-23 11:06:44", "elapsed": 189.393831, "delta": 1.174502}}
{"target": 0.9168550467493872, "params": {"C": 644.9972608272814, "epsilon": 0.12020600077993265, "gamma": 0.06, "lamda": 0.09204438967004906}, "datetime": {"datetime": "2021-09-23 11:06:45", "elapsed": 190.754251, "delta": 1.36042}}
{"target": 0.9150226865066441, "params": {"C": 654.5248362838047, "epsilon": 0.10508333684196916, "gamma": 0.06911974848334412, "lamda": 0.07710937987554628}, "datetime": {"datetime": "2021-09-23 11:06:46", "elapsed": 191.831891, "delta": 1.07764}}
{"target": 0.9169085444333213, "params": {"C": 783.5945573715605, "epsilon": 0.18486943854205357, "gamma": 0.072896897391889, "lamda": 0.1555328048009415}, "datetime": {"datetime": "2021-09-23 11:06:47", "elapsed": 193.119112, "delta": 1.287221}}
{"target": 0.9152733442438753, "params": {"C": 724.775520324951, "epsilon": 0.19624847822424674, "gamma": 0.08531105033560903, "lamda": 0.1551341264139725}, "datetime": {"datetime": "2021-09-23 11:06:50", "elapsed": 195.197367, "delta": 2.078255}}
{"target": 0.9163649156551216, "params": {"C": 758.9567229313283, "epsilon": 0.16414097814454698, "gamma": 0.08185175830377493, "lamda": 0.14899422673418716}, "datetime": {"datetime": "2021-09-23 11:06:52", "elapsed": 197.612186, "delta": 2.414819}}
{"target": 0.9143471753800677, "params": {"C": 724.7843249392247, "epsilon": 0.12892898558892232, "gamma": 0.07581316828051488, "lamda": 0.0729509457421403}, "datetime": {"datetime": "2021-09-23 11:06:54", "elapsed": 199.337538, "delta": 1.725352}}
{"target": 0.9171582935032908, "params": {"C": 644.8485582767198, "epsilon": 0.28810883955946454, "gamma": 0.07319166900774494, "lamda": 0.04960856893114643}, "datetime": {"datetime": "2021-09-23 11:06:55", "elapsed": 200.80956, "delta": 1.472022}}
{"target": 0.9175279954034451, "params": {"C": 719.8661125941119, "epsilon": 0.19811843822444747, "gamma": 0.06, "lamda": 0.11427389284583693}, "datetime": {"datetime": "2021-09-23 11:06:57", "elapsed": 203.112046, "delta": 2.302486}}
{"target": 0.9159230711599224, "params": {"C": 669.2006613382695, "epsilon": 0.3035238044205325, "gamma": 0.07495538470410243, "lamda": 0.11338552310363335}, "datetime": {"datetime": "2021-09-23 11:07:00", "elapsed": 205.294257, "delta": 2.182211}}
{"target": 0.9145746702317877, "params": {"C": 763.6625283046279, "epsilon": 0.18694282378144678, "gamma": 0.08962694361564341, "lamda": 0.15158595129277835}, "datetime": {"datetime": "2021-09-23 11:07:01", "elapsed": 206.807122, "delta": 1.512865}}
{"target": 0.9181068029270764, "params": {"C": 758.9877658598397, "epsilon": 0.07520285754760538, "gamma": 0.06061972755882154, "lamda": 0.16091593227570206}, "datetime": {"datetime": "2021-09-23 11:07:03", "elapsed": 208.710126, "delta": 1.903004}}
{"target": 0.9147588394411473, "params": {"C": 734.9562608988932, "epsilon": 0.2893327476059837, "gamma": 0.08038946418292975, "lamda": 0.13587608301693904}, "datetime": {"datetime": "2021-09-23 11:07:05", "elapsed": 210.497313, "delta": 1.787187}}
{"target": 0.9177487573957668, "params": {"C": 748.2222303828303, "epsilon": 0.14826661331703717, "gamma": 0.07110223097189718, "lamda": 0.15766530576023208}, "datetime": {"datetime": "2021-09-23 11:07:07", "elapsed": 212.278927, "delta": 1.781614}}
{"target": 0.9168221602515304, "params": {"C": 783.5917324600707, "epsilon": 0.1643351908384144, "gamma": 0.06665567663584206, "lamda": 0.062330313001454835}, "datetime": {"datetime": "2021-09-23 11:07:08", "elapsed": 214.12561, "delta": 1.846683}}
{"target": 0.9183120748589504, "params": {"C": 783.5262922493717, "epsilon": 0.17279018067666074, "gamma": 0.06786084341775701, "lamda": 0.10571660174821083}, "datetime": {"datetime": "2021-09-23 11:07:10", "elapsed": 215.368456, "delta": 1.242846}}
{"target": 0.9146660729664712, "params": {"C": 596.9825206083749, "epsilon": 0.20773943706178247, "gamma": 0.08541195856533305, "lamda": 0.07741259129929047}, "datetime": {"datetime": "2021-09-23 11:07:11", "elapsed": 216.441457, "delta": 1.073001}}
{"target": 0.9139635866988027, "params": {"C": 759.0157022349355, "epsilon": 0.11163076951649825, "gamma": 0.08665170052951066, "lamda": 0.1319680488124044}, "datetime": {"datetime": "2021-09-23 11:07:12", "elapsed": 217.690913, "delta": 1.249456}}
{"target": 0.917256980883331, "params": {"C": 783.4850122909995, "epsilon": 0.19718477290202768, "gamma": 0.07167549489007718, "lamda": 0.06971898956612343}, "datetime": {"datetime": "2021-09-23 11:07:13", "elapsed": 219.019913, "delta": 1.329}}
{"target": 0.9183489074082778, "params": {"C": 778.1821585222693, "epsilon": 0.18908964622834235, "gamma": 0.061973162335835906, "lamda": 0.0738661108858423}, "datetime": {"datetime": "2021-09-23 11:07:15", "elapsed": 220.485425, "delta": 1.465512}}
{"target": 0.9128097017872747, "params": {"C": 709.370297135381, "epsilon": 0.12688271458988218, "gamma": 0.0881013025844494, "lamda": 0.10536453418506354}, "datetime": {"datetime": "2021-09-23 11:07:16", "elapsed": 221.617082, "delta": 1.131657}}
{"target": 0.9184605886425249, "params": {"C": 750.3953141159543, "epsilon": 0.12010716187833761, "gamma": 0.06621782292184734, "lamda": 0.13649533346995782}, "datetime": {"datetime": "2021-09-23 11:07:17", "elapsed": 222.747822, "delta": 1.13074}}
{"target": 0.9181719892648645, "params": {"C": 693.5035386102703, "epsilon": 0.12007142902823571, "gamma": 0.06134695840460066, "lamda": 0.11544820201063154}, "datetime": {"datetime": "2021-09-23 11:07:18", "elapsed": 223.882716, "delta": 1.134894}}
{"target": 0.9133162778554773, "params": {"C": 783.5458699853651, "epsilon": 0.13325582263101954, "gamma": 0.0825079643183801, "lamda": 0.08668906867404318}, "datetime": {"datetime": "2021-09-23 11:07:20", "elapsed": 225.687826, "delta": 1.80511}}
{"target": 0.9181141737495867, "params": {"C": 782.8516968633469, "epsilon": 0.221287797595333, "gamma": 0.06986629651839157, "lamda": 0.08219190795911177}, "datetime": {"datetime": "2021-09-23 11:07:21", "elapsed": 226.846829, "delta": 1.159003}}
{"target": 0.9174194015615373, "params": {"C": 778.1581050758501, "epsilon": 0.18285925316275264, "gamma": 0.07401963958939614, "lamda": 0.13391546891938255}, "datetime": {"datetime": "2021-09-23 11:07:22", "elapsed": 228.059991, "delta": 1.213162}}
{"target": 0.9142447167636063, "params": {"C": 783.5451411317163, "epsilon": 0.19955610364777107, "gamma": 0.08696168044763576, "lamda": 0.08078063158043945}, "datetime": {"datetime": "2021-09-23 11:07:24", "elapsed": 229.425964, "delta": 1.365973}}
{"target": 0.913176170305992, "params": {"C": 782.8159865825472, "epsilon": 0.21868349604354564, "gamma": 0.08388090731656148, "lamda": 0.055644388882401655}, "datetime": {"datetime": "2021-09-23 11:07:25", "elapsed": 231.159794, "delta": 1.73383}}
{"target": 0.9177063915438115, "params": {"C": 783.4913017295085, "epsilon": 0.1688400494197699, "gamma": 0.0715127599975387, "lamda": 0.13993551026513978}, "datetime": {"datetime": "2021-09-23 11:07:27", "elapsed": 232.746241, "delta": 1.586447}}
{"target": 0.9177294803788996, "params": {"C": 685.9205163233482, "epsilon": 0.3230723882621423, "gamma": 0.07147766352099123, "lamda": 0.06997499999637186}, "datetime": {"datetime": "2021-09-23 11:07:29", "elapsed": 234.425133, "delta": 1.678892}}
{"target": 0.9182401284480401, "params": {"C": 728.9345487083249, "epsilon": 0.15670336333348717, "gamma": 0.06128711251271415, "lamda": 0.1234403251716643}, "datetime": {"datetime": "2021-09-23 11:07:31", "elapsed": 236.901889, "delta": 2.476756}}
{"target": 0.9181347462403601, "params": {"C": 782.8814378674302, "epsilon": 0.2797815603873967, "gamma": 0.06351806217047096, "lamda": 0.07196351230844622}, "datetime": {"datetime": "2021-09-23 11:07:33", "elapsed": 239.07717, "delta": 2.175281}}
{"target": 0.9175663591795004, "params": {"C": 778.3087190970017, "epsilon": 0.24940630126134095, "gamma": 0.07426426601083544, "lamda": 0.07408344796784334}, "datetime": {"datetime": "2021-09-23 11:07:36", "elapsed": 241.436953, "delta": 2.359783}}
{"target": 0.9175869777906797, "params": {"C": 782.8719068883672, "epsilon": 0.23719125440349326, "gamma": 0.06942498150634763, "lamda": 0.1062230440972626}, "datetime": {"datetime": "2021-09-23 11:07:39", "elapsed": 244.402981, "delta": 2.966028}}
{"target": 0.9170542853245193, "params": {"C": 783.5000423913085, "epsilon": 0.21870717090472708, "gamma": 0.0669465486724036, "lamda": 0.12820499728065593}, "datetime": {"datetime": "2021-09-23 11:07:40", "elapsed": 246.160381, "delta": 1.7574}}
{"target": 0.9162057979048137, "params": {"C": 775.3828746179189, "epsilon": 0.16440075996148537, "gamma": 0.06488185724369179, "lamda": 0.05554912185452007}, "datetime": {"datetime": "2021-09-23 11:07:42", "elapsed": 247.926504, "delta": 1.766123}}
{"target": 0.9160758406741387, "params": {"C": 591.6600163817611, "epsilon": 0.19385660936788965, "gamma": 0.06, "lamda": 0.05466656366483992}, "datetime": {"datetime": "2021-09-23 11:07:45", "elapsed": 250.468941, "delta": 2.542437}}
{"target": 0.9133776212366239, "params": {"C": 711.4947977608689, "epsilon": 0.23719743037978386, "gamma": 0.08205009213653863, "lamda": 0.04749047738890519}, "datetime": {"datetime": "2021-09-23 11:07:47", "elapsed": 252.56654, "delta": 2.097599}}
{"target": 0.9140868319984545, "params": {"C": 614.5501157306605, "epsilon": 0.3140175830461973, "gamma": 0.063250749671568, "lamda": 0.13248833901520846}, "datetime": {"datetime": "2021-09-23 11:07:49", "elapsed": 254.574196, "delta": 2.007656}}
{"target": 0.9132793082287486, "params": {"C": 604.5086510912001, "epsilon": 0.22542962756968282, "gamma": 0.08738331888608643, "lamda": 0.060384536646871934}, "datetime": {"datetime": "2021-09-23 11:07:51", "elapsed": 256.753838, "delta": 2.179642}}
{"target": 0.9183283955112324, "params": {"C": 778.1293853213239, "epsilon": 0.19863557873396315, "gamma": 0.06489536253372458, "lamda": 0.0976885724214787}, "datetime": {"datetime": "2021-09-23 11:07:54", "elapsed": 259.36484, "delta": 2.611002}}
{"target": 0.9160995004065554, "params": {"C": 778.1193603260241, "epsilon": 0.21965912870185458, "gamma": 0.07912587191723804, "lamda": 0.1412615481213651}, "datetime": {"datetime": "2021-09-23 11:07:56", "elapsed": 261.391501, "delta": 2.026661}}
{"target": 0.9177503657013536, "params": {"C": 693.4693521525373, "epsilon": 0.13046652433112155, "gamma": 0.07383956830910982, "lamda": 0.14277253372429521}, "datetime": {"datetime": "2021-09-23 11:07:57", "elapsed": 262.803587, "delta": 1.412086}}
{"target": 0.9182814926081467, "params": {"C": 773.3334650690522, "epsilon": 0.30370182030260706, "gamma": 0.06308774932886238, "lamda": 0.051386866901681136}, "datetime": {"datetime": "2021-09-23 11:07:58", "elapsed": 264.109289, "delta": 1.305702}}
{"target": 0.9157017196420213, "params": {"C": 662.6375696792102, "epsilon": 0.07359974948212172, "gamma": 0.07535752644484148, "lamda": 0.14486288295457617}, "datetime": {"datetime": "2021-09-23 11:08:00", "elapsed": 265.405605, "delta": 1.296316}}
{"target": 0.9170125968244008, "params": {"C": 735.4661065576006, "epsilon": 0.2099546946718988, "gamma": 0.07851799579579712, "lamda": 0.0952144173146832}, "datetime": {"datetime": "2021-09-23 11:08:01", "elapsed": 266.682564, "delta": 1.276959}}
{"target": 0.9169001688557543, "params": {"C": 778.1200735449759, "epsilon": 0.17560541005498376, "gamma": 0.062159342206784825, "lamda": 0.05669557003611696}, "datetime": {"datetime": "2021-09-23 11:08:05", "elapsed": 270.771913, "delta": 4.089349}}
{"target": 0.9165446882404082, "params": {"C": 773.352512079691, "epsilon": 0.3333596403824578, "gamma": 0.060573093456173704, "lamda": 0.08333699584398391}, "datetime": {"datetime": "2021-09-23 11:08:07", "elapsed": 272.872551, "delta": 2.100638}}
{"target": 0.9164568222754867, "params": {"C": 783.5410683333545, "epsilon": 0.15414742591659436, "gamma": 0.08136229483930582, "lamda": 0.15716760557935552}, "datetime": {"datetime": "2021-09-23 11:08:09", "elapsed": 274.900135, "delta": 2.027584}}
{"target": 0.9178663742572464, "params": {"C": 693.4422968906165, "epsilon": 0.12356074921586549, "gamma": 0.06342805511304657, "lamda": 0.09918965669658138}, "datetime": {"datetime": "2021-09-23 11:08:11", "elapsed": 276.605824, "delta": 1.705689}}
{"target": 0.9183489908921713, "params": {"C": 782.8989283582193, "epsilon": 0.20511991241438338, "gamma": 0.0603893881174662, "lamda": 0.08341423911203412}, "datetime": {"datetime": "2021-09-23 11:08:13", "elapsed": 278.388825, "delta": 1.783001}}
{"target": 0.9176594078391177, "params": {"C": 773.3597807572198, "epsilon": 0.27474120272255387, "gamma": 0.07371656206757668, "lamda": 0.07321495323217711}, "datetime": {"datetime": "2021-09-23 11:08:15", "elapsed": 280.538824, "delta": 2.149999}}
{"target": 0.9106840318804227, "params": {"C": 693.4770460858018, "epsilon": 0.09017949457873997, "gamma": 0.08868296320067634, "lamda": 0.11858022791406238}, "datetime": {"datetime": "2021-09-23 11:08:17", "elapsed": 282.232666, "delta": 1.693842}}
{"target": 0.9155770763973133, "params": {"C": 698.8057883670261, "epsilon": 0.19277670942271397, "gamma": 0.08533674444845324, "lamda": 0.1401556748598696}, "datetime": {"datetime": "2021-09-23 11:08:18", "elapsed": 283.531896, "delta": 1.29923}}
{"target": 0.9176743526476725, "params": {"C": 696.6300485020885, "epsilon": 0.3388158201425788, "gamma": 0.0720518515240456, "lamda": 0.06652619048736733}, "datetime": {"datetime": "2021-09-23 11:08:19", "elapsed": 284.966063, "delta": 1.434167}}
{"target": 0.9184845688683251, "params": {"C": 748.2765221621701, "epsilon": 0.14907966296085365, "gamma": 0.060530288101556626, "lamda": 0.10846905152322867}, "datetime": {"datetime": "2021-09-23 11:08:22", "elapsed": 287.187538, "delta": 2.221475}}
{"target": 0.9181936083394722, "params": {"C": 693.4525916758511, "epsilon": 0.18169318779141908, "gamma": 0.06935014327418632, "lamda": 0.09778144074554188}, "datetime": {"datetime": "2021-09-23 11:08:23", "elapsed": 288.949084, "delta": 1.761546}}
{"target": 0.917675692375235, "params": {"C": 693.4180970780934, "epsilon": 0.16778686479667357, "gamma": 0.07281012361375148, "lamda": 0.09669702428468939}, "datetime": {"datetime": "2021-09-23 11:08:25", "elapsed": 290.775975, "delta": 1.826891}}
{"target": 0.9138902094030862, "params": {"C": 693.5411653355147, "epsilon": 0.1394272868022809, "gamma": 0.08200272651052494, "lamda": 0.08331060161197573}, "datetime": {"datetime": "2021-09-23 11:08:27", "elapsed": 292.660308, "delta": 1.884333}}
{"target": 0.9171020654244948, "params": {"C": 612.7426003499066, "epsilon": 0.1727184222242124, "gamma": 0.07790443288965267, "lamda": 0.13176782465950304}, "datetime": {"datetime": "2021-09-23 11:08:28", "elapsed": 294.077855, "delta": 1.417547}}
{"target": 0.9160963248567836, "params": {"C": 657.1393197330333, "epsilon": 0.22823079490973522, "gamma": 0.07157154329898399, "lamda": 0.1473442712283945}, "datetime": {"datetime": "2021-09-23 11:08:30", "elapsed": 295.527866, "delta": 1.450011}}
{"target": 0.9168625906681707, "params": {"C": 693.4817465718686, "epsilon": 0.18841546185766975, "gamma": 0.06548643863820587, "lamda": 0.15109480951781135}, "datetime": {"datetime": "2021-09-23 11:08:32", "elapsed": 297.230303, "delta": 1.702437}}
