{"target": 0.917655634977862, "params": {"C": 649.5584325917021, "epsilon": 0.07834097172128293, "gamma": 0.06397009573306096, "lamda": 0.3237634731685937}, "datetime": {"datetime": "2021-09-23 22:10:42", "elapsed": 74.814879, "delta": 0.760385}}
{"target": 0.9135134608981138, "params": {"C": 561.2993878527205, "epsilon": 0.5412863314333759, "gamma": 0.06458752949409159, "lamda": 0.11272405197337206}, "datetime": {"datetime": "2021-09-23 22:10:43", "elapsed": 75.660254, "delta": 0.845375}}
{"target": 0.8944309335587033, "params": {"C": 553.3369996916878, "epsilon": 0.043031985502421294, "gamma": 0.011604663222111134, "lamda": 0.18347740717761812}, "datetime": {"datetime": "2021-09-23 22:10:44", "elapsed": 76.533789, "delta": 0.873535}}
{"target": 0.9246505573079243, "params": {"C": 553.4623151537203, "epsilon": 0.11071027400079787, "gamma": 0.05435500072976743, "lamda": 0.104354896559891}, "datetime": {"datetime": "2021-09-23 22:10:45", "elapsed": 77.405264, "delta": 0.871475}}
{"target": 0.900206913663381, "params": {"C": 564.2405198502441, "epsilon": 0.6158346053251317, "gamma": 0.028929232904324254, "lamda": 0.23123778970736691}, "datetime": {"datetime": "2021-09-23 22:10:46", "elapsed": 78.264233, "delta": 0.858969}}
{"target": 0.9219727497806807, "params": {"C": 553.5261205941005, "epsilon": 0.10088342593515294, "gamma": 0.032042810716068786, "lamda": 0.21743439749841018}, "datetime": {"datetime": "2021-09-23 22:10:47", "elapsed": 79.076861, "delta": 0.812628}}
{"target": 0.9210308994679245, "params": {"C": 553.1087511786952, "epsilon": 0.14083638563671202, "gamma": 0.035353827554949785, "lamda": 0.22223584501331317}, "datetime": {"datetime": "2021-09-23 22:10:48", "elapsed": 80.122859, "delta": 1.045998}}
{"target": 0.9165801419901419, "params": {"C": 629.4826074137815, "epsilon": 0.1112931631392243, "gamma": 0.02281167844417938, "lamda": 0.030411769966289626}, "datetime": {"datetime": "2021-09-23 22:10:49", "elapsed": 81.116773, "delta": 0.993914}}
{"target": 0.9218359139374437, "params": {"C": 584.3856465112644, "epsilon": 0.17810366083958545, "gamma": 0.028412372825691083, "lamda": 0.08406208524142963}, "datetime": {"datetime": "2021-09-23 22:10:50", "elapsed": 82.200776, "delta": 1.084003}}
{"target": 0.9177805266054758, "params": {"C": 584.9604311489766, "epsilon": 0.4677101742567653, "gamma": 0.06802859727838093, "lamda": 0.04802691288163459}, "datetime": {"datetime": "2021-09-23 22:10:51", "elapsed": 83.049175, "delta": 0.848399}}
{"target": 0.9261345241347574, "params": {"C": 629.5862428630743, "epsilon": 0.07670110299578323, "gamma": 0.05047925582770189, "lamda": 0.12015843600289852}, "datetime": {"datetime": "2021-09-23 22:10:52", "elapsed": 83.959669, "delta": 0.910494}}
{"target": 0.9251649923424057, "params": {"C": 666.0261533515074, "epsilon": 0.04857739820000398, "gamma": 0.032363207978094125, "lamda": 0.24105333831848552}, "datetime": {"datetime": "2021-09-23 22:10:52", "elapsed": 84.735639, "delta": 0.77597}}
{"target": 0.9160525785308689, "params": {"C": 624.7332713386055, "epsilon": 0.6678857848740779, "gamma": 0.06309517416898137, "lamda": 0.07003032387803912}, "datetime": {"datetime": "2021-09-23 22:10:53", "elapsed": 85.632857, "delta": 0.897218}}
{"target": 0.9194114633279187, "params": {"C": 678.6677521790733, "epsilon": 0.27222863265745145, "gamma": 0.046860868259423975, "lamda": 0.1674937157763118}, "datetime": {"datetime": "2021-09-23 22:10:54", "elapsed": 86.462459, "delta": 0.829602}}
{"target": 0.8917221391038676, "params": {"C": 582.105502938116, "epsilon": 0.3398439368681727, "gamma": 0.014415515842233988, "lamda": 0.18032579906708}, "datetime": {"datetime": "2021-09-23 22:10:55", "elapsed": 87.339405, "delta": 0.876946}}
{"target": 0.9221184904062569, "params": {"C": 649.5046022541324, "epsilon": 0.03431614146123455, "gamma": 0.02702110048151385, "lamda": 0.25320234339531367}, "datetime": {"datetime": "2021-09-23 22:10:56", "elapsed": 88.3304, "delta": 0.990995}}
{"target": 0.9165131608307553, "params": {"C": 665.9267798800253, "epsilon": 0.04787625979191528, "gamma": 0.02161449378425671, "lamda": 0.18631291442201844}, "datetime": {"datetime": "2021-09-23 22:10:57", "elapsed": 89.411468, "delta": 1.081068}}
{"target": 0.923551977764096, "params": {"C": 666.0471489703384, "epsilon": 0.034407542003764786, "gamma": 0.05391290683520629, "lamda": 0.37456092661739065}, "datetime": {"datetime": "2021-09-23 22:10:58", "elapsed": 90.539755, "delta": 1.128287}}
{"target": 0.8888256094284749, "params": {"C": 629.6121311361582, "epsilon": 0.16354494341234305, "gamma": 0.01, "lamda": 0.15692651029670074}, "datetime": {"datetime": "2021-09-23 22:10:59", "elapsed": 91.773995, "delta": 1.23424}}
{"target": 0.9255766497641822, "params": {"C": 584.7303218552285, "epsilon": 0.07256448855639405, "gamma": 0.050341871608151234, "lamda": 0.18324452348205333}, "datetime": {"datetime": "2021-09-23 22:11:00", "elapsed": 92.79615, "delta": 1.022155}}
{"target": 0.9256320001213588, "params": {"C": 584.6857699858217, "epsilon": 0.14933128194624373, "gamma": 0.051046261546236774, "lamda": 0.09598648828103583}, "datetime": {"datetime": "2021-09-23 22:11:01", "elapsed": 93.656149, "delta": 0.859999}}
{"target": 0.9184743651390773, "params": {"C": 629.7119564259659, "epsilon": 0.044502631398274844, "gamma": 0.05452187348278945, "lamda": 0.04828072930497761}, "datetime": {"datetime": "2021-09-23 22:11:02", "elapsed": 94.574447, "delta": 0.918298}}
{"target": 0.9224216001261136, "params": {"C": 665.3798621729462, "epsilon": 0.08054605636785267, "gamma": 0.05868759804323992, "lamda": 0.18349748609960795}, "datetime": {"datetime": "2021-09-23 22:11:03", "elapsed": 95.625874, "delta": 1.051427}}
{"target": 0.9189891440982328, "params": {"C": 666.015306697743, "epsilon": 0.09399670751725754, "gamma": 0.03057259491836941, "lamda": 0.32191414999653994}, "datetime": {"datetime": "2021-09-23 22:11:04", "elapsed": 96.591602, "delta": 0.965728}}
{"target": 0.9253115093942191, "params": {"C": 591.4683556842431, "epsilon": 0.8262884208591298, "gamma": 0.04177352018761141, "lamda": 0.023832859251152878}, "datetime": {"datetime": "2021-09-23 22:11:05", "elapsed": 97.62383, "delta": 1.032228}}
{"target": 0.9195826856751725, "params": {"C": 616.9987873133202, "epsilon": 0.996814221971482, "gamma": 0.050044525431901535, "lamda": 0.041661512213747025}, "datetime": {"datetime": "2021-09-23 22:11:06", "elapsed": 98.440788, "delta": 0.816958}}
{"target": 0.9217235051717468, "params": {"C": 553.4265076330512, "epsilon": 0.15770537828919143, "gamma": 0.043886530384992115, "lamda": 0.2053018057042451}, "datetime": {"datetime": "2021-09-23 22:11:07", "elapsed": 99.309112, "delta": 0.868324}}
{"target": 0.9242362827425024, "params": {"C": 665.2328932770739, "epsilon": 0.14670542073407333, "gamma": 0.04253275318297287, "lamda": 0.16003427182899954}, "datetime": {"datetime": "2021-09-23 22:11:08", "elapsed": 100.210117, "delta": 0.901005}}
{"target": 0.918675550757514, "params": {"C": 584.795087503918, "epsilon": 0.10897558887112668, "gamma": 0.06648082057853912, "lamda": 0.09994499786134849}, "datetime": {"datetime": "2021-09-23 22:11:09", "elapsed": 101.280176, "delta": 1.070059}}
{"target": 0.9110157998734614, "params": {"C": 665.7758237743014, "epsilon": 0.09701482524306024, "gamma": 0.020068827310442884, "lamda": 0.2661072573262339}, "datetime": {"datetime": "2021-09-23 22:11:10", "elapsed": 102.169177, "delta": 0.889001}}
{"target": 0.9197800106391213, "params": {"C": 666.5131565295969, "epsilon": 0.1252685311694718, "gamma": 0.05832620587027445, "lamda": 0.22568122004897515}, "datetime": {"datetime": "2021-09-23 22:11:11", "elapsed": 103.120008, "delta": 0.950831}}
{"target": 0.913565138461819, "params": {"C": 629.7286734513801, "epsilon": 0.04335127171736804, "gamma": 0.05946317469697067, "lamda": 0.038220801100473635}, "datetime": {"datetime": "2021-09-23 22:11:12", "elapsed": 103.937679, "delta": 0.817671}}
{"target": 0.9177149968728693, "params": {"C": 629.5640165985046, "epsilon": 0.04296889297735922, "gamma": 0.024193745974814603, "lamda": 0.06702256517226586}, "datetime": {"datetime": "2021-09-23 22:11:13", "elapsed": 105.499947, "delta": 1.562268}}
{"target": 0.9149775282873158, "params": {"C": 629.4885744296731, "epsilon": 0.035264859345515855, "gamma": 0.06654628289104682, "lamda": 0.15272374586065046}, "datetime": {"datetime": "2021-09-23 22:11:14", "elapsed": 106.631932, "delta": 1.131985}}
{"target": 0.9264525524995697, "params": {"C": 583.8839929711754, "epsilon": 0.37241433240221966, "gamma": 0.04373140729143769, "lamda": 0.04379956074803851}, "datetime": {"datetime": "2021-09-23 22:11:16", "elapsed": 108.269575, "delta": 1.637643}}
{"target": 0.9163981505340685, "params": {"C": 553.023766868863, "epsilon": 0.053686902923961034, "gamma": 0.07, "lamda": 0.25373352091141016}, "datetime": {"datetime": "2021-09-23 22:11:17", "elapsed": 109.759946, "delta": 1.490371}}
{"target": 0.8910082274613068, "params": {"C": 584.6823237847107, "epsilon": 0.13984738434130484, "gamma": 0.011187333933147183, "lamda": 0.2171705198629096}, "datetime": {"datetime": "2021-09-23 22:11:18", "elapsed": 110.838273, "delta": 1.078327}}
{"target": 0.9074203322593445, "params": {"C": 671.392799094917, "epsilon": 0.24953022686291432, "gamma": 0.03174120971822739, "lamda": 0.3959755288598539}, "datetime": {"datetime": "2021-09-23 22:11:20", "elapsed": 112.0188, "delta": 1.180527}}
{"target": 0.92719226728808, "params": {"C": 584.7962656561144, "epsilon": 0.10508212569486254, "gamma": 0.04556512378663222, "lamda": 0.10514644699810462}, "datetime": {"datetime": "2021-09-23 22:11:21", "elapsed": 113.159799, "delta": 1.140999}}
{"target": 0.9101665132995156, "params": {"C": 591.0649931862886, "epsilon": 0.8521469727564794, "gamma": 0.019353167449943268, "lamda": 0.002889736109050558}, "datetime": {"datetime": "2021-09-23 22:11:22", "elapsed": 114.353799, "delta": 1.194}}
{"target": 0.9181576873350631, "params": {"C": 583.7940957184807, "epsilon": 0.40075461088995823, "gamma": 0.06528803652672595, "lamda": 0.021727688675710313}, "datetime": {"datetime": "2021-09-23 22:11:23", "elapsed": 115.515237, "delta": 1.161438}}
{"target": 0.9066236474304508, "params": {"C": 587.2953054248294, "epsilon": 0.6836189943343498, "gamma": 0.05884154412193709, "lamda": 0.19195156509524197}, "datetime": {"datetime": "2021-09-23 22:11:24", "elapsed": 116.359093, "delta": 0.843856}}
{"target": 0.9112451754240869, "params": {"C": 639.3040461377901, "epsilon": 0.5427503498020761, "gamma": 0.04374978539374783, "lamda": 0.1862258772591661}, "datetime": {"datetime": "2021-09-23 22:11:25", "elapsed": 117.227524, "delta": 0.868431}}
{"target": 0.9163144805192905, "params": {"C": 665.2133793617372, "epsilon": 0.03831257826684095, "gamma": 0.06521971605306684, "lamda": 0.1648259306053923}, "datetime": {"datetime": "2021-09-23 22:11:26", "elapsed": 118.200517, "delta": 0.972993}}
{"target": 0.9153504898511644, "params": {"C": 584.8371549596067, "epsilon": 0.060919955333907566, "gamma": 0.022089988267485393, "lamda": 0.1970827110019342}, "datetime": {"datetime": "2021-09-23 22:11:28", "elapsed": 119.944709, "delta": 1.744192}}
{"target": 0.9192027809954691, "params": {"C": 584.8011441045402, "epsilon": 0.03766634565387322, "gamma": 0.026240057558755914, "lamda": 0.07374753020844244}, "datetime": {"datetime": "2021-09-23 22:11:30", "elapsed": 122.243679, "delta": 2.29897}}
{"target": 0.9188164429411099, "params": {"C": 650.768544685531, "epsilon": 0.14742843030751573, "gamma": 0.043074157575042855, "lamda": 0.3183593243230231}, "datetime": {"datetime": "2021-09-23 22:11:31", "elapsed": 123.210768, "delta": 0.967089}}
{"target": 0.9245281251921817, "params": {"C": 666.448210449361, "epsilon": 0.12934256056976895, "gamma": 0.039282604594788065, "lamda": 0.1711277448741344}, "datetime": {"datetime": "2021-09-23 22:11:33", "elapsed": 124.93676, "delta": 1.725992}}
{"target": 0.9093259308414149, "params": {"C": 584.739191035014, "epsilon": 0.15520288000692078, "gamma": 0.01844475592649186, "lamda": 0.017434388756129047}, "datetime": {"datetime": "2021-09-23 22:11:34", "elapsed": 126.10976, "delta": 1.173}}
{"target": 0.9221238062071959, "params": {"C": 649.5281776113316, "epsilon": 0.08554913479496651, "gamma": 0.038318571932351046, "lamda": 0.31882446189819685}, "datetime": {"datetime": "2021-09-23 22:11:35", "elapsed": 127.000788, "delta": 0.891028}}
{"target": 0.9155926543973144, "params": {"C": 665.2933352785028, "epsilon": 0.22687059814592084, "gamma": 0.021880021474100862, "lamda": 0.07343122359913884}, "datetime": {"datetime": "2021-09-23 22:11:37", "elapsed": 129.062879, "delta": 2.062091}}
{"target": 0.918968731370174, "params": {"C": 583.8852308711778, "epsilon": 0.27819398661294314, "gamma": 0.06152825979202524, "lamda": 0.11200040695474858}, "datetime": {"datetime": "2021-09-23 22:11:39", "elapsed": 130.850062, "delta": 1.787183}}
{"target": 0.9274499309659245, "params": {"C": 639.348314146191, "epsilon": 0.5431340454736073, "gamma": 0.041047371079207993, "lamda": 0.023488927162763792}, "datetime": {"datetime": "2021-09-23 22:11:40", "elapsed": 131.961068, "delta": 1.111006}}
{"target": 0.9196938834879286, "params": {"C": 664.5227968688521, "epsilon": 0.4376139820887217, "gamma": 0.0452438444260524, "lamda": 0.10230803864004533}, "datetime": {"datetime": "2021-09-23 22:11:41", "elapsed": 133.162188, "delta": 1.20112}}
{"target": 0.9111657920326962, "params": {"C": 699.9546910815288, "epsilon": 0.9413578200147077, "gamma": 0.05169587417401512, "lamda": 0.1074887568570277}, "datetime": {"datetime": "2021-09-23 22:11:42", "elapsed": 134.821178, "delta": 1.65899}}
{"target": 0.9016700956579842, "params": {"C": 608.3578243318315, "epsilon": 0.9706437187470232, "gamma": 0.046747562496621535, "lamda": 0.19747547043438402}, "datetime": {"datetime": "2021-09-23 22:11:44", "elapsed": 136.718502, "delta": 1.897324}}
{"target": 0.9217065988239113, "params": {"C": 603.3168032904398, "epsilon": 0.17998400187653382, "gamma": 0.054238940631976096, "lamda": 0.14901654730523006}, "datetime": {"datetime": "2021-09-23 22:11:46", "elapsed": 138.076663, "delta": 1.358161}}
{"target": 0.9160862014259893, "params": {"C": 629.3597168447693, "epsilon": 0.03, "gamma": 0.054555313799375796, "lamda": 0.02815880487942136}, "datetime": {"datetime": "2021-09-23 22:11:47", "elapsed": 139.440341, "delta": 1.363678}}
{"target": 0.9266012756452808, "params": {"C": 639.4261675852403, "epsilon": 0.5771251866924969, "gamma": 0.03158092023183888, "lamda": 0.008822648058223678}, "datetime": {"datetime": "2021-09-23 22:11:50", "elapsed": 141.88134, "delta": 2.440999}}
{"target": 0.9047962443526969, "params": {"C": 666.444572179703, "epsilon": 0.035256035044868905, "gamma": 0.014745762951144126, "lamda": 0.2569616673954842}, "datetime": {"datetime": "2021-09-23 22:11:51", "elapsed": 143.596146, "delta": 1.714806}}
{"target": 0.902581668047146, "params": {"C": 619.3485535620041, "epsilon": 0.8784011947375866, "gamma": 0.035864657870234413, "lamda": 0.18268796728063807}, "datetime": {"datetime": "2021-09-23 22:11:52", "elapsed": 144.641241, "delta": 1.045095}}
{"target": 0.9234410255404366, "params": {"C": 584.4452975049331, "epsilon": 0.29809214799443584, "gamma": 0.04245462650274326, "lamda": 0.09182377920913133}, "datetime": {"datetime": "2021-09-23 22:11:54", "elapsed": 146.332126, "delta": 1.690885}}
{"target": 0.8795026114683641, "params": {"C": 678.2610862466985, "epsilon": 0.4492766887690173, "gamma": 0.016580179125591267, "lamda": 0.372529342562119}, "datetime": {"datetime": "2021-09-23 22:11:55", "elapsed": 147.578846, "delta": 1.24672}}
{"target": 0.9210516969085698, "params": {"C": 665.9554063332071, "epsilon": 0.09227422653621814, "gamma": 0.05682091015273941, "lamda": 0.04926064140177823}, "datetime": {"datetime": "2021-09-23 22:11:58", "elapsed": 149.903599, "delta": 2.324753}}
{"target": 0.9170894832700469, "params": {"C": 639.3582410458496, "epsilon": 0.6507954945441368, "gamma": 0.05100778250398615, "lamda": 0.08828903941001828}, "datetime": {"datetime": "2021-09-23 22:11:59", "elapsed": 151.427725, "delta": 1.524126}}
{"target": 0.906275640281266, "params": {"C": 644.1138161960896, "epsilon": 0.3693580054067216, "gamma": 0.02634467881683837, "lamda": 0.21723529157773994}, "datetime": {"datetime": "2021-09-23 22:12:00", "elapsed": 152.372727, "delta": 0.945002}}
{"target": 0.9108657559622096, "params": {"C": 665.7980486090424, "epsilon": 0.03548869898532085, "gamma": 0.01887531143186552, "lamda": 0.09369580341177668}, "datetime": {"datetime": "2021-09-23 22:12:02", "elapsed": 154.304679, "delta": 1.931952}}
{"target": 0.9209460355868597, "params": {"C": 608.3350684772051, "epsilon": 0.3401515195022249, "gamma": 0.0434942823660553, "lamda": 0.11052632772186367}, "datetime": {"datetime": "2021-09-23 22:12:03", "elapsed": 155.706293, "delta": 1.401614}}
{"target": 0.9192338494998475, "params": {"C": 666.0376623019228, "epsilon": 0.03938265395667577, "gamma": 0.0611795939769277, "lamda": 0.1457988706364332}, "datetime": {"datetime": "2021-09-23 22:12:05", "elapsed": 157.242136, "delta": 1.535843}}
{"target": 0.9182534769725597, "params": {"C": 665.6010144540187, "epsilon": 0.05625784856156185, "gamma": 0.06421091385415144, "lamda": 0.35826406622412627}, "datetime": {"datetime": "2021-09-23 22:12:06", "elapsed": 158.395139, "delta": 1.153003}}
{"target": 0.9082154322698286, "params": {"C": 649.4524249981043, "epsilon": 0.1379298579930009, "gamma": 0.01677430328308167, "lamda": 0.08843567979157743}, "datetime": {"datetime": "2021-09-23 22:12:07", "elapsed": 159.817799, "delta": 1.42266}}
{"target": 0.9263816935772642, "params": {"C": 665.5818329067083, "epsilon": 0.08087717557196991, "gamma": 0.0421848979714837, "lamda": 0.195630264762551}, "datetime": {"datetime": "2021-09-23 22:12:09", "elapsed": 161.339681, "delta": 1.521882}}
{"target": 0.8758547424246428, "params": {"C": 639.411093566669, "epsilon": 0.4817596001778693, "gamma": 0.01, "lamda": 0.001}, "datetime": {"datetime": "2021-09-23 22:12:11", "elapsed": 163.133241, "delta": 1.79356}}
{"target": 0.9146788825614072, "params": {"C": 646.8648926147393, "epsilon": 0.18578780875497816, "gamma": 0.03830070175886905, "lamda": 0.371737462306453}, "datetime": {"datetime": "2021-09-23 22:12:12", "elapsed": 164.021842, "delta": 0.888601}}
{"target": 0.9073015214025597, "params": {"C": 665.5994980695928, "epsilon": 0.07122193749983075, "gamma": 0.016455105840884797, "lamda": 0.18415994901174265}, "datetime": {"datetime": "2021-09-23 22:12:13", "elapsed": 164.947448, "delta": 0.925606}}
{"target": 0.9198993253485581, "params": {"C": 665.6244264164192, "epsilon": 0.13750896310614302, "gamma": 0.04082972180733633, "lamda": 0.28310568940823544}, "datetime": {"datetime": "2021-09-23 22:12:14", "elapsed": 166.408703, "delta": 1.461255}}
{"target": 0.9211582309307021, "params": {"C": 550.5063107764419, "epsilon": 0.13815203910770157, "gamma": 0.05647117480349506, "lamda": 0.18408296354879608}, "datetime": {"datetime": "2021-09-23 22:12:16", "elapsed": 167.868539, "delta": 1.459836}}
{"target": 0.9059280815475422, "params": {"C": 646.8475114400628, "epsilon": 0.18016221783449485, "gamma": 0.02464699919030533, "lamda": 0.3860218773559976}, "datetime": {"datetime": "2021-09-23 22:12:17", "elapsed": 169.264975, "delta": 1.396436}}
{"target": 0.9064852303247958, "params": {"C": 639.3641532992551, "epsilon": 0.6044126515697675, "gamma": 0.06500663950994659, "lamda": 0.001}, "datetime": {"datetime": "2021-09-23 22:12:18", "elapsed": 170.811219, "delta": 1.546244}}
{"target": 0.9066054105484423, "params": {"C": 560.9544095047346, "epsilon": 0.9168420432300616, "gamma": 0.06438177597614335, "lamda": 0.1303446318282557}, "datetime": {"datetime": "2021-09-23 22:12:20", "elapsed": 171.954101, "delta": 1.142882}}
{"target": 0.8792506735462944, "params": {"C": 624.0774415977729, "epsilon": 0.8019920863470515, "gamma": 0.011360563424432047, "lamda": 0.10186944481795716}, "datetime": {"datetime": "2021-09-23 22:12:21", "elapsed": 173.03194, "delta": 1.077839}}
{"target": 0.9269956141290366, "params": {"C": 665.492462754133, "epsilon": 0.03718172425148143, "gamma": 0.03676154792162439, "lamda": 0.2717931356116777}, "datetime": {"datetime": "2021-09-23 22:12:22", "elapsed": 174.33253, "delta": 1.30059}}
{"target": 0.9169744059792638, "params": {"C": 553.4018815775877, "epsilon": 0.15550811315109922, "gamma": 0.07, "lamda": 0.12184648890814435}, "datetime": {"datetime": "2021-09-23 22:12:24", "elapsed": 176.676498, "delta": 2.343968}}
{"target": 0.9096224274807506, "params": {"C": 667.3353868698224, "epsilon": 0.8825338918417113, "gamma": 0.04352623366631094, "lamda": 0.12991968158693193}, "datetime": {"datetime": "2021-09-23 22:12:25", "elapsed": 177.722687, "delta": 1.046189}}
{"target": 0.923587598522197, "params": {"C": 642.0299430837293, "epsilon": 0.5555438076395907, "gamma": 0.04303483696326408, "lamda": 0.048108682927731766}, "datetime": {"datetime": "2021-09-23 22:12:27", "elapsed": 178.924725, "delta": 1.202038}}
{"target": 0.8918533559449151, "params": {"C": 584.7613045106676, "epsilon": 0.09006715432667849, "gamma": 0.010508206697458247, "lamda": 0.09524113653102585}, "datetime": {"datetime": "2021-09-23 22:12:28", "elapsed": 180.342081, "delta": 1.417356}}
{"target": 0.915426853350278, "params": {"C": 591.7760705857578, "epsilon": 0.9659241571484438, "gamma": 0.04109002458193385, "lamda": 0.0692406859728594}, "datetime": {"datetime": "2021-09-23 22:12:29", "elapsed": 181.621433, "delta": 1.279352}}
{"target": 0.8990294432846726, "params": {"C": 571.6037425487568, "epsilon": 0.60767133708906, "gamma": 0.05681738717212499, "lamda": 0.3374657420211903}, "datetime": {"datetime": "2021-09-23 22:12:31", "elapsed": 183.672842, "delta": 2.051409}}
