{"target": -2.5591070367622035, "params": {"C": 27.661190061369073, "epsilon": 0.5170040374179539, "gamma": 0.23584136436792685, "lamda": 0.46222285777801986}, "datetime": {"datetime": "2021-09-23 12:23:21", "elapsed": 171.103916, "delta": 2.143288}}
{"target": -4.526983790664175, "params": {"C": 8.229910273124863, "epsilon": 0.9143558775121974, "gamma": 0.9064565700027867, "lamda": 0.32484783758503116}, "datetime": {"datetime": "2021-09-23 12:23:22", "elapsed": 172.054629, "delta": 0.950713}}
{"target": -2.478516726454599, "params": {"C": 49.891111454530105, "epsilon": 0.7960722621244376, "gamma": 0.02365338101679357, "lamda": 0.25355282048405814}, "datetime": {"datetime": "2021-09-23 12:23:23", "elapsed": 173.175508, "delta": 1.120879}}
{"target": -2.5709868534495164, "params": {"C": 27.89462114711816, "epsilon": 0.8615842684320925, "gamma": 0.05687860312325691, "lamda": 0.6349552773906598}, "datetime": {"datetime": "2021-09-23 12:23:25", "elapsed": 174.853352, "delta": 1.677844}}
{"target": -3.8266581451106476, "params": {"C": 51.818590005011714, "epsilon": 0.6484119177420924, "gamma": 0.001, "lamda": 0.28992366460220953}, "datetime": {"datetime": "2021-09-23 12:23:27", "elapsed": 176.793013, "delta": 1.939661}}
{"target": -2.424279656226849, "params": {"C": 27.71964462862948, "epsilon": 0.7688687817223229, "gamma": 0.0952496181367396, "lamda": 0.40129479131886225}, "datetime": {"datetime": "2021-09-23 12:23:29", "elapsed": 178.493853, "delta": 1.70084}}
{"target": -3.054266102525547, "params": {"C": 61.73976243526139, "epsilon": 0.5422559420947949, "gamma": 0.5510300354383468, "lamda": 0.1189488076310878}, "datetime": {"datetime": "2021-09-23 12:23:30", "elapsed": 179.422392, "delta": 0.928539}}
{"target": -2.519104380437872, "params": {"C": 91.79988436343814, "epsilon": 0.792500498411737, "gamma": 0.2522873668300943, "lamda": 0.001}, "datetime": {"datetime": "2021-09-23 12:23:31", "elapsed": 181.184391, "delta": 1.761999}}
{"target": -3.074148784728864, "params": {"C": 28.57220658660011, "epsilon": 0.9649053948363869, "gamma": 0.5186489092891986, "lamda": 0.1718582588643773}, "datetime": {"datetime": "2021-09-23 12:23:32", "elapsed": 182.055507, "delta": 0.871116}}
{"target": -4.0993563173640775, "params": {"C": 15.25847008217949, "epsilon": 0.5959419234556401, "gamma": 0.7805094964158811, "lamda": 0.8434292638575667}, "datetime": {"datetime": "2021-09-23 12:23:33", "elapsed": 182.9961, "delta": 0.940593}}
{"target": -2.673490236217826, "params": {"C": 91.88926319343781, "epsilon": 0.6468571135794976, "gamma": 0.1839775625941205, "lamda": 0.6380037458024708}, "datetime": {"datetime": "2021-09-23 12:23:35", "elapsed": 184.812951, "delta": 1.816851}}
{"target": -3.8107349132944974, "params": {"C": 28.06025947146189, "epsilon": 0.564682404894687, "gamma": 0.001, "lamda": 0.08319042660463515}, "datetime": {"datetime": "2021-09-23 12:23:37", "elapsed": 186.727359, "delta": 1.914408}}
{"target": -2.977866521909848, "params": {"C": 27.782013731184495, "epsilon": 0.7832403295142342, "gamma": 0.40037073673313384, "lamda": 0.4084462763796686}, "datetime": {"datetime": "2021-09-23 12:23:39", "elapsed": 189.175134, "delta": 2.447775}}
{"target": -4.117388254941665, "params": {"C": 27.773640235271483, "epsilon": 0.4989053158283553, "gamma": 0.001, "lamda": 0.7324339929874351}, "datetime": {"datetime": "2021-09-23 12:23:41", "elapsed": 190.849177, "delta": 1.674043}}
{"target": -2.32286846028205, "params": {"C": 27.55949012287089, "epsilon": 0.747393302502767, "gamma": 0.19104306950849861, "lamda": 0.13367174449376076}, "datetime": {"datetime": "2021-09-23 12:23:43", "elapsed": 192.825088, "delta": 1.975911}}
{"target": -2.4226147484464895, "params": {"C": 93.23717481836948, "epsilon": 0.8382170061042393, "gamma": 0.1894125212211531, "lamda": 0.001}, "datetime": {"datetime": "2021-09-23 12:23:45", "elapsed": 195.285262, "delta": 2.460174}}
{"target": -2.1612918648125303, "params": {"C": 93.40474420490825, "epsilon": 0.44579161317989485, "gamma": 0.09264431369990653, "lamda": 0.001}, "datetime": {"datetime": "2021-09-23 12:23:48", "elapsed": 197.696034, "delta": 2.410772}}
{"target": -2.264160676028511, "params": {"C": 93.39782849529001, "epsilon": 0.4414238339951857, "gamma": 0.129529319208548, "lamda": 0.268290561281398}, "datetime": {"datetime": "2021-09-23 12:23:50", "elapsed": 199.758139, "delta": 2.062105}}
{"target": -2.60154670400591, "params": {"C": 93.55800297184447, "epsilon": 0.24093531143475966, "gamma": 0.3151249195773859, "lamda": 0.056886487887372286}, "datetime": {"datetime": "2021-09-23 12:23:52", "elapsed": 201.383423, "delta": 1.625284}}
{"target": -2.3230201859153645, "params": {"C": 93.22498313244421, "epsilon": 0.2571768772565825, "gamma": 0.17216402175022255, "lamda": 0.04086647606682255}, "datetime": {"datetime": "2021-09-23 12:23:53", "elapsed": 202.908952, "delta": 1.525529}}
{"target": -3.5237599641933137, "params": {"C": 93.45482398150027, "epsilon": 0.20068194682471976, "gamma": 0.001, "lamda": 0.14393618189089236}, "datetime": {"datetime": "2021-09-23 12:23:55", "elapsed": 205.258113, "delta": 2.349161}}
{"target": -2.786948050559322, "params": {"C": 93.35244302212466, "epsilon": 0.3481513375018263, "gamma": 0.41514304243201283, "lamda": 0.14181224417350466}, "datetime": {"datetime": "2021-09-23 12:23:58", "elapsed": 208.144791, "delta": 2.886678}}
{"target": -2.1221813394350812, "params": {"C": 52.32781015653973, "epsilon": 0.452911128506272, "gamma": 0.0573167469234755, "lamda": 0.14237296503791835}, "datetime": {"datetime": "2021-09-23 12:23:59", "elapsed": 209.092841, "delta": 0.94805}}
{"target": -2.1000929983093433, "params": {"C": 44.34836736309119, "epsilon": 0.29750553605275143, "gamma": 0.07836624479030846, "lamda": 0.12103334968799748}, "datetime": {"datetime": "2021-09-23 12:24:02", "elapsed": 211.588525, "delta": 2.495684}}
{"target": -3.55448240929953, "params": {"C": 68.23156668291689, "epsilon": 0.21438797193463233, "gamma": 0.6790090797348785, "lamda": 0.881048021216779}, "datetime": {"datetime": "2021-09-23 12:24:03", "elapsed": 212.501625, "delta": 0.9131}}
{"target": -2.5577772249126696, "params": {"C": 65.35985569128147, "epsilon": 0.43693761616165155, "gamma": 0.21363096269878104, "lamda": 0.5363975507461297}, "datetime": {"datetime": "2021-09-23 12:24:04", "elapsed": 213.43794, "delta": 0.936315}}
{"target": -3.7316892832817934, "params": {"C": 61.25153657708887, "epsilon": 0.3481613812532045, "gamma": 0.6950691565625788, "lamda": 0.967747969759785}, "datetime": {"datetime": "2021-09-23 12:24:05", "elapsed": 214.308125, "delta": 0.870185}}
{"target": -2.9607788820745675, "params": {"C": 84.88040270094304, "epsilon": 0.8543961547367269, "gamma": 0.25373194647881125, "lamda": 0.7847901364671647}, "datetime": {"datetime": "2021-09-23 12:24:06", "elapsed": 215.32914, "delta": 1.021015}}
{"target": -2.102830209330072, "params": {"C": 44.26393708869653, "epsilon": 0.6095153567964848, "gamma": 0.07927097081043749, "lamda": 0.08118446239906874}, "datetime": {"datetime": "2021-09-23 12:24:07", "elapsed": 216.931435, "delta": 1.602295}}
{"target": -2.2614184393642454, "params": {"C": 44.231001686018395, "epsilon": 0.45962815546523733, "gamma": 0.11584660166948492, "lamda": 0.31312405976502056}, "datetime": {"datetime": "2021-09-23 12:24:10", "elapsed": 219.546728, "delta": 2.615293}}
{"target": -4.136789311902, "params": {"C": 14.951928438605954, "epsilon": 0.5765110373475307, "gamma": 0.917539356823965, "lamda": 0.11933027582000558}, "datetime": {"datetime": "2021-09-23 12:24:11", "elapsed": 220.552346, "delta": 1.005618}}
{"target": -2.3805099502094644, "params": {"C": 89.96522382411153, "epsilon": 0.6071729726541681, "gamma": 0.17769273391181434, "lamda": 0.23261455850771193}, "datetime": {"datetime": "2021-09-23 12:24:12", "elapsed": 221.545242, "delta": 0.992896}}
{"target": -2.1256552981195473, "params": {"C": 44.457932842486045, "epsilon": 0.7986414617114266, "gamma": 0.1018992873676293, "lamda": 0.08215161145417807}, "datetime": {"datetime": "2021-09-23 12:24:13", "elapsed": 223.134471, "delta": 1.589229}}
{"target": -2.464454390821399, "params": {"C": 44.44746648514287, "epsilon": 0.521421657608765, "gamma": 0.26729149556420206, "lamda": 0.0985288011534537}, "datetime": {"datetime": "2021-09-23 12:24:16", "elapsed": 225.632034, "delta": 2.497563}}
{"target": -2.396700189347212, "params": {"C": 52.84778454019847, "epsilon": 0.375938969689163, "gamma": 0.02269428618723074, "lamda": 0.1486507564281216}, "datetime": {"datetime": "2021-09-23 12:24:17", "elapsed": 226.542564, "delta": 0.91053}}
{"target": -2.341293435196195, "params": {"C": 44.279137610152034, "epsilon": 0.7524963342231853, "gamma": 0.06596497571038652, "lamda": 0.3441732098174095}, "datetime": {"datetime": "2021-09-23 12:24:18", "elapsed": 227.918799, "delta": 1.376235}}
{"target": -3.670749482349337, "params": {"C": 44.49714700586111, "epsilon": 0.5275270307851834, "gamma": 0.001, "lamda": 0.001}, "datetime": {"datetime": "2021-09-23 12:24:21", "elapsed": 230.799799, "delta": 2.881}}
{"target": -2.448386910373521, "params": {"C": 44.09950114578795, "epsilon": 0.33429461164356505, "gamma": 0.25636785830617026, "lamda": 0.10423634099074555}, "datetime": {"datetime": "2021-09-23 12:24:23", "elapsed": 232.944336, "delta": 2.144537}}
{"target": -3.4244025759758814, "params": {"C": 23.617466807807393, "epsilon": 0.762922852961781, "gamma": 0.42373668079412985, "lamda": 0.974259050137411}, "datetime": {"datetime": "2021-09-23 12:24:24", "elapsed": 233.816338, "delta": 0.872002}}
{"target": -2.7053279547842486, "params": {"C": 44.364585404227846, "epsilon": 0.7992565972871728, "gamma": 0.3686489141659424, "lamda": 0.14788328661380581}, "datetime": {"datetime": "2021-09-23 12:24:26", "elapsed": 235.68034, "delta": 1.864002}}
{"target": -2.483168547625461, "params": {"C": 44.64176638744231, "epsilon": 0.22110527635116456, "gamma": 0.26911619015768384, "lamda": 0.34222766446627684}, "datetime": {"datetime": "2021-09-23 12:24:28", "elapsed": 237.498336, "delta": 1.817996}}
{"target": -2.2608389711414145, "params": {"C": 44.32841005439474, "epsilon": 0.21116137913247113, "gamma": 0.170388974666261, "lamda": 0.33582060398473473}, "datetime": {"datetime": "2021-09-23 12:24:30", "elapsed": 239.510268, "delta": 2.011932}}
{"target": -2.394553059970203, "params": {"C": 44.21049787970179, "epsilon": 0.8135673386494797, "gamma": 0.02284807156549461, "lamda": 0.04509659940655851}, "datetime": {"datetime": "2021-09-23 12:24:33", "elapsed": 242.455832, "delta": 2.945564}}
{"target": -4.372025450669794, "params": {"C": 45.779402036251724, "epsilon": 0.8811063944752773, "gamma": 0.9543948931334545, "lamda": 0.6655242114755994}, "datetime": {"datetime": "2021-09-23 12:24:34", "elapsed": 243.309025, "delta": 0.853193}}
{"target": -2.3495228577071834, "params": {"C": 93.62515801446011, "epsilon": 0.588424488147562, "gamma": 0.19814173705714214, "lamda": 0.07610455806896899}, "datetime": {"datetime": "2021-09-23 12:24:35", "elapsed": 245.119746, "delta": 1.810721}}
{"target": -2.8344836190823828, "params": {"C": 92.43629676173148, "epsilon": 0.33401673848156543, "gamma": 0.3830099083312635, "lamda": 0.5256495038544011}, "datetime": {"datetime": "2021-09-23 12:24:36", "elapsed": 246.040142, "delta": 0.920396}}
{"target": -2.5380807655352853, "params": {"C": 62.032063053793685, "epsilon": 0.9029758496113561, "gamma": 0.2743846095437217, "lamda": 0.005612185818643694}, "datetime": {"datetime": "2021-09-23 12:24:38", "elapsed": 247.460179, "delta": 1.420037}}
{"target": -3.017323223778186, "params": {"C": 62.556574380462216, "epsilon": 0.7713128169347315, "gamma": 0.38413805585367206, "lamda": 0.5113134245774554}, "datetime": {"datetime": "2021-09-23 12:24:38", "elapsed": 248.274221, "delta": 0.814042}}
{"target": -2.627359671986237, "params": {"C": 44.49935134539734, "epsilon": 0.5408467719893874, "gamma": 0.25496577311081214, "lamda": 0.469367155783637}, "datetime": {"datetime": "2021-09-23 12:24:41", "elapsed": 250.495921, "delta": 2.2217}}
{"target": -2.523788754633502, "params": {"C": 33.01376182370542, "epsilon": 0.13080834631528587, "gamma": 0.3046876244953596, "lamda": 0.2576181639653659}, "datetime": {"datetime": "2021-09-23 12:24:42", "elapsed": 251.546325, "delta": 1.050404}}
{"target": -2.25001876313302, "params": {"C": 44.07499044976199, "epsilon": 0.641825068289749, "gamma": 0.17258436558199577, "lamda": 0.047735408611532144}, "datetime": {"datetime": "2021-09-23 12:24:44", "elapsed": 253.617932, "delta": 2.071607}}
{"target": -2.629180056820992, "params": {"C": 44.446038166361646, "epsilon": 0.002736837303671734, "gamma": 0.3482466474645918, "lamda": 0.0463857400651966}, "datetime": {"datetime": "2021-09-23 12:24:47", "elapsed": 256.596132, "delta": 2.9782}}
{"target": -3.821196310971169, "params": {"C": 69.68112629137936, "epsilon": 0.05842735327378208, "gamma": 0.9039439646510998, "lamda": 0.6394614470752161}, "datetime": {"datetime": "2021-09-23 12:24:48", "elapsed": 257.762509, "delta": 1.166377}}
{"target": -2.6772414860901987, "params": {"C": 27.910099625123003, "epsilon": 0.7958093250358997, "gamma": 0.3893600924367088, "lamda": 0.001}, "datetime": {"datetime": "2021-09-23 12:24:52", "elapsed": 261.723929, "delta": 3.96142}}
{"target": -2.5316341324313627, "params": {"C": 27.558784327922567, "epsilon": 0.2760300755679744, "gamma": 0.19598025804538338, "lamda": 0.8413476234594688}, "datetime": {"datetime": "2021-09-23 12:24:53", "elapsed": 263.151372, "delta": 1.427443}}
{"target": -2.1151786949414757, "params": {"C": 44.442329942622465, "epsilon": 0.009909952412457283, "gamma": 0.07072339255484299, "lamda": 0.19273274789886963}, "datetime": {"datetime": "2021-09-23 12:24:57", "elapsed": 266.466583, "delta": 3.315211}}
{"target": -2.258248012510671, "params": {"C": 44.50671923875154, "epsilon": 0.14253547392124827, "gamma": 0.044277334885040265, "lamda": 0.6326701824172649}, "datetime": {"datetime": "2021-09-23 12:24:59", "elapsed": 268.46519, "delta": 1.998607}}
{"target": -4.282965505223745, "params": {"C": 83.26786187050308, "epsilon": 0.43368844799135303, "gamma": 0.9875772224009256, "lamda": 0.8528349227318847}, "datetime": {"datetime": "2021-09-23 12:25:00", "elapsed": 269.593192, "delta": 1.128002}}
{"target": -2.3587057057913103, "params": {"C": 52.43323317911525, "epsilon": 0.12453762822962054, "gamma": 0.024903227871699428, "lamda": 0.26816028534360237}, "datetime": {"datetime": "2021-09-23 12:25:01", "elapsed": 270.798195, "delta": 1.205003}}
{"target": -3.709162805171089, "params": {"C": 44.541885107525864, "epsilon": 0.17536944275077426, "gamma": 0.001, "lamda": 0.3528639130603628}, "datetime": {"datetime": "2021-09-23 12:25:04", "elapsed": 273.674596, "delta": 2.876401}}
{"target": -2.3952448669209923, "params": {"C": 44.57627445254278, "epsilon": 0.31069327938898, "gamma": 0.05816380643121452, "lamda": 0.805643146833605}, "datetime": {"datetime": "2021-09-23 12:25:06", "elapsed": 275.632677, "delta": 1.958081}}
{"target": -2.336993802969443, "params": {"C": 44.24096919032829, "epsilon": 0.11344927092346278, "gamma": 0.19543772876134083, "lamda": 0.6009640766962054}, "datetime": {"datetime": "2021-09-23 12:25:08", "elapsed": 278.212442, "delta": 2.579765}}
{"target": -2.381022763531044, "params": {"C": 52.188216808568676, "epsilon": 0.5699987968870286, "gamma": 0.018733419854208923, "lamda": 0.019606065329205953}, "datetime": {"datetime": "2021-09-23 12:25:11", "elapsed": 281.173083, "delta": 2.960641}}
{"target": -4.553260215943766, "params": {"C": 6.517532745251712, "epsilon": 0.5106359171285951, "gamma": 0.8472182202255909, "lamda": 0.26004142966392946}, "datetime": {"datetime": "2021-09-23 12:25:13", "elapsed": 282.360721, "delta": 1.187638}}
{"target": -2.494112281360694, "params": {"C": 44.15513405294604, "epsilon": 0.07464792194675549, "gamma": 0.2767714819012708, "lamda": 0.27345820974912316}, "datetime": {"datetime": "2021-09-23 12:25:15", "elapsed": 284.734546, "delta": 2.373825}}
{"target": -2.0593273111947936, "params": {"C": 92.363300761051, "epsilon": 0.5702421296476247, "gamma": 0.05265046533928268, "lamda": 0.03606682078280598}, "datetime": {"datetime": "2021-09-23 12:25:16", "elapsed": 285.91439, "delta": 1.179844}}
{"target": -2.2193056096163453, "params": {"C": 44.39955577920305, "epsilon": 0.01407311895932983, "gamma": 0.0514986615131857, "lamda": 0.852926229372523}, "datetime": {"datetime": "2021-09-23 12:25:20", "elapsed": 289.351159, "delta": 3.436769}}
{"target": -3.8973409062642856, "params": {"C": 44.26305303785955, "epsilon": 0.2757606764900032, "gamma": 0.001, "lamda": 0.7880873505354906}, "datetime": {"datetime": "2021-09-23 12:25:22", "elapsed": 291.889746, "delta": 2.538587}}
{"target": -2.8493134967023046, "params": {"C": 42.5586282261898, "epsilon": 0.08716017195140909, "gamma": 0.4592845693495751, "lamda": 0.3154375412364528}, "datetime": {"datetime": "2021-09-23 12:25:23", "elapsed": 293.055638, "delta": 1.165892}}
{"target": -2.2347785888504874, "params": {"C": 50.96209452286863, "epsilon": 0.18626428740447212, "gamma": 0.04585371487320198, "lamda": 0.5640220304689673}, "datetime": {"datetime": "2021-09-23 12:25:24", "elapsed": 294.038458, "delta": 0.98282}}
{"target": -2.5027897451003303, "params": {"C": 44.54279624261604, "epsilon": 0.016430122314845245, "gamma": 0.2640182472583571, "lamda": 0.7212815186937599}, "datetime": {"datetime": "2021-09-23 12:25:27", "elapsed": 297.1443, "delta": 3.105842}}
{"target": -2.6828198794336404, "params": {"C": 92.10380460219228, "epsilon": 0.5607648511027321, "gamma": 0.3295476740624393, "lamda": 0.2982377284092213}, "datetime": {"datetime": "2021-09-23 12:25:29", "elapsed": 298.61677, "delta": 1.47247}}
{"target": -2.2956507444658323, "params": {"C": 50.61995988665779, "epsilon": 0.29149784991216154, "gamma": 0.053688053989857466, "lamda": 0.5993427513217564}, "datetime": {"datetime": "2021-09-23 12:25:31", "elapsed": 300.525212, "delta": 1.908442}}
{"target": -2.7687365949532676, "params": {"C": 50.82467436974738, "epsilon": 0.32279928714409506, "gamma": 0.3059440585236529, "lamda": 0.8040594528549064}, "datetime": {"datetime": "2021-09-23 12:25:33", "elapsed": 302.695184, "delta": 2.169972}}
{"target": -2.1883038397483747, "params": {"C": 50.57711544263001, "epsilon": 0.012494998449659525, "gamma": 0.1298976892581687, "lamda": 0.6395379385186891}, "datetime": {"datetime": "2021-09-23 12:25:37", "elapsed": 306.526229, "delta": 3.831045}}
{"target": -2.362544733733418, "params": {"C": 50.47073651516395, "epsilon": 0.09593557068448591, "gamma": 0.2126167409233333, "lamda": 0.41858548688271163}, "datetime": {"datetime": "2021-09-23 12:25:39", "elapsed": 308.763558, "delta": 2.237329}}
{"target": -3.036721484853119, "params": {"C": 44.54465971746714, "epsilon": 0.9876696407028837, "gamma": 0.3541450798489995, "lamda": 0.5175296801662188}, "datetime": {"datetime": "2021-09-23 12:25:40", "elapsed": 309.809557, "delta": 1.045999}}
{"target": -2.2709884765157433, "params": {"C": 44.080133097951034, "epsilon": 0.2335811675899121, "gamma": 0.034200148471752755, "lamda": 0.15270981507398107}, "datetime": {"datetime": "2021-09-23 12:25:44", "elapsed": 313.523291, "delta": 3.713734}}
{"target": -2.1198376501711995, "params": {"C": 50.75711862007858, "epsilon": 0.08624265915076401, "gamma": 0.10992462103592882, "lamda": 0.41414508931991123}, "datetime": {"datetime": "2021-09-23 12:25:46", "elapsed": 315.716367, "delta": 2.193076}}
{"target": -3.0409079127891983, "params": {"C": 44.39496992263273, "epsilon": 0.22756411993465722, "gamma": 0.5189000867661114, "lamda": 0.41108123708578426}, "datetime": {"datetime": "2021-09-23 12:25:48", "elapsed": 318.26454, "delta": 2.548173}}
{"target": -2.286065883642696, "params": {"C": 52.574000614599946, "epsilon": 0.545332814898968, "gamma": 0.18555986852008133, "lamda": 0.032896172333460594}, "datetime": {"datetime": "2021-09-23 12:25:50", "elapsed": 319.570547, "delta": 1.306007}}
{"target": -2.668809635764558, "params": {"C": 50.74537011773868, "epsilon": 0.10983464195527702, "gamma": 0.35993610234049106, "lamda": 0.45675387103386555}, "datetime": {"datetime": "2021-09-23 12:25:52", "elapsed": 321.685116, "delta": 2.114569}}
{"target": -2.241825509378283, "params": {"C": 44.2615779441224, "epsilon": 0.001, "gamma": 0.0383628348915623, "lamda": 0.02775957381854062}, "datetime": {"datetime": "2021-09-23 12:25:55", "elapsed": 324.57919, "delta": 2.894074}}
{"target": -3.7143168050228454, "params": {"C": 44.67923345933384, "epsilon": 0.022721346063730823, "gamma": 0.001, "lamda": 0.8469692169117644}, "datetime": {"datetime": "2021-09-23 12:25:57", "elapsed": 327.062865, "delta": 2.483675}}
{"target": -3.402265012082254, "params": {"C": 59.24644175965593, "epsilon": 0.6196304924052002, "gamma": 0.7352680681467366, "lamda": 0.020903895292130284}, "datetime": {"datetime": "2021-09-23 12:25:58", "elapsed": 328.260656, "delta": 1.197791}}
{"target": -3.926026334685238, "params": {"C": 44.59576330181641, "epsilon": 0.7936927399941487, "gamma": 0.001, "lamda": 0.32530967746837725}, "datetime": {"datetime": "2021-09-23 12:26:01", "elapsed": 330.998383, "delta": 2.737727}}
{"target": -2.336494864184893, "params": {"C": 91.60513970811627, "epsilon": 0.9425740112861025, "gamma": 0.1734892304600054, "lamda": 0.010145102816264052}, "datetime": {"datetime": "2021-09-23 12:26:03", "elapsed": 332.430669, "delta": 1.432286}}
{"target": -3.7963046379446284, "params": {"C": 44.02038578048678, "epsilon": 0.6127197246371737, "gamma": 0.001, "lamda": 0.23744901884163272}, "datetime": {"datetime": "2021-09-23 12:26:06", "elapsed": 335.598959, "delta": 3.16829}}
{"target": -3.681355921817409, "params": {"C": 50.36875867565601, "epsilon": 0.08042148354406532, "gamma": 0.001, "lamda": 0.5582107677197023}, "datetime": {"datetime": "2021-09-23 12:26:08", "elapsed": 338.272056, "delta": 2.673097}}
