{"target": 0.9288831376049005, "params": {"C": 874.4533830187964, "epsilon": 0.06669529937244582, "gamma": 0.04275412420608852, "lamda": 0.09916856207149961}, "datetime": {"datetime": "2021-09-23 22:55:34", "elapsed": 596.132721, "delta": 1.969027}}
{"target": 0.9169624054939669, "params": {"C": 810.2553052286131, "epsilon": 0.3697556075784426, "gamma": 0.06962600870394142, "lamda": 0.066485000933984}, "datetime": {"datetime": "2021-09-23 22:55:36", "elapsed": 598.500731, "delta": 2.36801}}
{"target": 0.9123992193391149, "params": {"C": 890.8879129251488, "epsilon": 0.6073747166836607, "gamma": 0.05086945098826015, "lamda": 0.15065843218991296}, "datetime": {"datetime": "2021-09-23 22:55:38", "elapsed": 600.625962, "delta": 2.125231}}
{"target": 0.9183854433267818, "params": {"C": 837.5881767811208, "epsilon": 0.2356795046712035, "gamma": 0.04880396475141729, "lamda": 0.21176946326117455}, "datetime": {"datetime": "2021-09-23 22:55:41", "elapsed": 602.994495, "delta": 2.368533}}
{"target": 0.9283219524512402, "params": {"C": 841.4882311010228, "epsilon": 0.18547280400277338, "gamma": 0.03287354621570304, "lamda": 0.042613698204143624}, "datetime": {"datetime": "2021-09-23 22:55:43", "elapsed": 605.306597, "delta": 2.312102}}
{"target": 0.8945654062194155, "params": {"C": 894.0312987367972, "epsilon": 0.7625464369206273, "gamma": 0.0509488469855701, "lamda": 0.34302283005940093}, "datetime": {"datetime": "2021-09-23 22:55:45", "elapsed": 607.421659, "delta": 2.115062}}
{"target": 0.9179333306596842, "params": {"C": 810.2256139759596, "epsilon": 0.0933037511626517, "gamma": 0.05909421212673848, "lamda": 0.3655517941965795}, "datetime": {"datetime": "2021-09-23 22:55:47", "elapsed": 609.41308, "delta": 1.991421}}
{"target": 0.9269498101298916, "params": {"C": 863.4985939027238, "epsilon": 0.09401068945291897, "gamma": 0.04889453240686413, "lamda": 0.1128449321242131}, "datetime": {"datetime": "2021-09-23 22:55:51", "elapsed": 613.128558, "delta": 3.715478}}
{"target": 0.898205642353374, "params": {"C": 818.6394957083432, "epsilon": 0.6377038732659773, "gamma": 0.013458487468038127, "lamda": 0.048967217133610005}, "datetime": {"datetime": "2021-09-23 22:55:53", "elapsed": 615.057807, "delta": 1.929249}}
{"target": 0.8846528980143238, "params": {"C": 845.0284160532374, "epsilon": 0.9644575409170655, "gamma": 0.06411579715767467, "lamda": 0.3585044260933558}, "datetime": {"datetime": "2021-09-23 22:55:55", "elapsed": 617.056035, "delta": 1.998228}}
{"target": 0.9239974247802459, "params": {"C": 829.3915200570649, "epsilon": 0.0734524091146469, "gamma": 0.02797433938244636, "lamda": 0.1697079765790409}, "datetime": {"datetime": "2021-09-23 22:55:57", "elapsed": 619.222258, "delta": 2.166223}}
{"target": 0.9198335676022726, "params": {"C": 825.579104430331, "epsilon": 0.17453737296853225, "gamma": 0.06360480889512839, "lamda": 0.06285266012673738}, "datetime": {"datetime": "2021-09-23 22:56:01", "elapsed": 623.578736, "delta": 4.356478}}
{"target": 0.9289721279879616, "params": {"C": 863.4765303192288, "epsilon": 0.0660756205562904, "gamma": 0.0341231062540917, "lamda": 0.07096965978932256}, "datetime": {"datetime": "2021-09-23 22:56:05", "elapsed": 626.930452, "delta": 3.351716}}
{"target": 0.9270838445671152, "params": {"C": 829.691811601496, "epsilon": 0.03822623113023102, "gamma": 0.04546667166800755, "lamda": 0.2896695155986736}, "datetime": {"datetime": "2021-09-23 22:56:09", "elapsed": 631.057588, "delta": 4.127136}}
{"target": 0.8884781667211614, "params": {"C": 888.5177576733394, "epsilon": 0.4209701057373354, "gamma": 0.01817534689809938, "lamda": 0.2934711926578111}, "datetime": {"datetime": "2021-09-23 22:56:11", "elapsed": 633.155324, "delta": 2.097736}}
{"target": 0.9253273150609302, "params": {"C": 834.2896291274475, "epsilon": 0.1178019484120566, "gamma": 0.047104977011999914, "lamda": 0.15403680231220576}, "datetime": {"datetime": "2021-09-23 22:56:14", "elapsed": 635.748128, "delta": 2.592804}}
{"target": 0.9239538542278322, "params": {"C": 818.6103710058364, "epsilon": 0.2589188678170241, "gamma": 0.03170738383905766, "lamda": 0.07802651433134082}, "datetime": {"datetime": "2021-09-23 22:56:16", "elapsed": 638.012227, "delta": 2.264099}}
{"target": 0.9220355751295068, "params": {"C": 874.9284934166849, "epsilon": 0.05694892764951799, "gamma": 0.05853476989360689, "lamda": 0.2635462301949805}, "datetime": {"datetime": "2021-09-23 22:56:20", "elapsed": 642.526155, "delta": 4.513928}}
{"target": 0.928052906898296, "params": {"C": 841.4523106832637, "epsilon": 0.1710787008194228, "gamma": 0.03170125830671305, "lamda": 0.035133021766493674}, "datetime": {"datetime": "2021-09-23 22:56:26", "elapsed": 647.84272, "delta": 5.316565}}
{"target": 0.9246107478708299, "params": {"C": 829.7272396412493, "epsilon": 0.0748937250900926, "gamma": 0.04363636492380558, "lamda": 0.26734362572028225}, "datetime": {"datetime": "2021-09-23 22:56:30", "elapsed": 652.06045, "delta": 4.21773}}
{"target": 0.9053737383867708, "params": {"C": 874.9458108566492, "epsilon": 0.034252747924541756, "gamma": 0.014389676274984163, "lamda": 0.30097478547784684}, "datetime": {"datetime": "2021-09-23 22:56:34", "elapsed": 656.573305, "delta": 4.512855}}
{"target": 0.9096530792441379, "params": {"C": 879.5686629922916, "epsilon": 0.7405837294882137, "gamma": 0.04489020386542871, "lamda": 0.15575402100550093}, "datetime": {"datetime": "2021-09-23 22:56:37", "elapsed": 659.474003, "delta": 2.900698}}
{"target": 0.913253932141533, "params": {"C": 852.4116107344979, "epsilon": 0.4936029532388031, "gamma": 0.031205781421421427, "lamda": 0.12440107137737934}, "datetime": {"datetime": "2021-09-23 22:56:41", "elapsed": 663.122415, "delta": 3.648412}}
{"target": 0.9069925410560746, "params": {"C": 892.9627489701122, "epsilon": 0.303491098424829, "gamma": 0.03037152079194417, "lamda": 0.319142755469297}, "datetime": {"datetime": "2021-09-23 22:56:44", "elapsed": 666.700972, "delta": 3.578557}}
{"target": 0.8984863646249522, "params": {"C": 841.4425073004182, "epsilon": 0.237901713625958, "gamma": 0.06974083300360985, "lamda": 0.010045388042128046}, "datetime": {"datetime": "2021-09-23 22:56:49", "elapsed": 671.618603, "delta": 4.917631}}
{"target": 0.9144125402880257, "params": {"C": 844.7973813440789, "epsilon": 0.674018300359642, "gamma": 0.06478819672043534, "lamda": 0.08031807688387645}, "datetime": {"datetime": "2021-09-23 22:56:52", "elapsed": 674.413794, "delta": 2.795191}}
{"target": 0.9108740695983482, "params": {"C": 874.3901934824592, "epsilon": 0.06894663618548844, "gamma": 0.0555502617874351, "lamda": 0.023511805487226}, "datetime": {"datetime": "2021-09-23 22:56:57", "elapsed": 678.711937, "delta": 4.298143}}
{"target": 0.9064209983021526, "params": {"C": 874.9198125897781, "epsilon": 0.049548116100507356, "gamma": 0.014854321865406486, "lamda": 0.22853831775006536}, "datetime": {"datetime": "2021-09-23 22:57:01", "elapsed": 683.55046, "delta": 4.838523}}
{"target": 0.9113654003503227, "params": {"C": 896.1797220818132, "epsilon": 0.9792573499552895, "gamma": 0.01705412492997458, "lamda": 0.009406631541909297}, "datetime": {"datetime": "2021-09-23 22:57:04", "elapsed": 686.273204, "delta": 2.722744}}
{"target": 0.9289009078635365, "params": {"C": 874.532965332686, "epsilon": 0.09701070248121962, "gamma": 0.042317517187168585, "lamda": 0.10250739287544866}, "datetime": {"datetime": "2021-09-23 22:57:08", "elapsed": 690.010439, "delta": 3.737235}}
{"target": 0.9138844325907903, "params": {"C": 815.2985110985182, "epsilon": 0.033648367105835235, "gamma": 0.0615855667666004, "lamda": 0.1116968955887642}, "datetime": {"datetime": "2021-09-23 22:57:12", "elapsed": 693.720091, "delta": 3.709652}}
{"target": 0.9254030388050046, "params": {"C": 965.698096490012, "epsilon": 0.05012939087861945, "gamma": 0.04801889409557653, "lamda": 0.29977274913290614}, "datetime": {"datetime": "2021-09-23 22:57:49", "elapsed": 0.0, "delta": 0.0}}
{"target": 0.9018684753678818, "params": {"C": 924.7760518453886, "epsilon": 0.24805274616492223, "gamma": 0.02188377188557744, "lamda": 0.30445175416738457}, "datetime": {"datetime": "2021-09-23 22:57:50", "elapsed": 0.386611, "delta": 0.386611}}
{"target": 0.9184286531256303, "params": {"C": 875.3666254843803, "epsilon": 0.11568961974878995, "gamma": 0.05112158910206784, "lamda": 0.3814039451317797}, "datetime": {"datetime": "2021-09-23 22:57:50", "elapsed": 0.743609, "delta": 0.356998}}
{"target": 0.9065873958203501, "params": {"C": 850.5922399491872, "epsilon": 0.5268264954842033, "gamma": 0.05875725769912682, "lamda": 0.2453979006649259}, "datetime": {"datetime": "2021-09-23 22:57:51", "elapsed": 2.015616, "delta": 1.272007}}
{"target": 0.9090910920795383, "params": {"C": 958.26329761477, "epsilon": 0.31311978612551417, "gamma": 0.06506644735077662, "lamda": 0.28611573757567854}, "datetime": {"datetime": "2021-09-23 22:57:52", "elapsed": 2.543826, "delta": 0.52821}}
{"target": 0.9288000108773223, "params": {"C": 884.5048946403729, "epsilon": 0.2143536366860862, "gamma": 0.03813334536474346, "lamda": 0.05393966604095758}, "datetime": {"datetime": "2021-09-23 22:57:53", "elapsed": 3.22282, "delta": 0.678994}}
{"target": 0.8922407965351998, "params": {"C": 889.1230866337047, "epsilon": 0.22140590183077033, "gamma": 0.015313531549807238, "lamda": 0.2964448947297927}, "datetime": {"datetime": "2021-09-23 22:57:53", "elapsed": 3.804817, "delta": 0.581997}}
{"target": 0.9065123000217749, "params": {"C": 884.5610512559176, "epsilon": 0.3787579907509161, "gamma": 0.013724656509111397, "lamda": 0.013614697563709196}, "datetime": {"datetime": "2021-09-23 22:57:54", "elapsed": 4.624108, "delta": 0.819291}}
{"target": 0.9264371279071131, "params": {"C": 853.0669012899641, "epsilon": 0.0921769038139145, "gamma": 0.04495343042761878, "lamda": 0.16828231117332992}, "datetime": {"datetime": "2021-09-23 22:57:55", "elapsed": 5.172108, "delta": 0.548}}
{"target": 0.8932515169362125, "params": {"C": 941.5000923757323, "epsilon": 0.9246166610991446, "gamma": 0.052568298727638366, "lamda": 0.30060708528951074}, "datetime": {"datetime": "2021-09-23 22:57:55", "elapsed": 5.954104, "delta": 0.781996}}
{"target": 0.8867461124040971, "params": {"C": 973.7949230615262, "epsilon": 0.5469901009103314, "gamma": 0.02387050364069023, "lamda": 0.38801409740661935}, "datetime": {"datetime": "2021-09-23 22:57:56", "elapsed": 6.50491, "delta": 0.550806}}
{"target": 0.9147161131539967, "params": {"C": 964.6445970825205, "epsilon": 0.4263613725529165, "gamma": 0.04116365170829408, "lamda": 0.1726199596478999}, "datetime": {"datetime": "2021-09-23 22:57:57", "elapsed": 7.298505, "delta": 0.793595}}
{"target": 0.9234008410092367, "params": {"C": 856.1445980658937, "epsilon": 0.24970575151699523, "gamma": 0.029538806038617985, "lamda": 0.07614434650662687}, "datetime": {"datetime": "2021-09-23 22:57:57", "elapsed": 7.869507, "delta": 0.571002}}
{"target": 0.915658557292589, "params": {"C": 963.25328742629, "epsilon": 0.4471411630965273, "gamma": 0.03651889915045838, "lamda": 0.13664776639560702}, "datetime": {"datetime": "2021-09-23 22:57:58", "elapsed": 8.412859, "delta": 0.543352}}
{"target": 0.8969631061132024, "params": {"C": 950.4460694921454, "epsilon": 0.2745572831340398, "gamma": 0.02215344086976446, "lamda": 0.38089384826327377}, "datetime": {"datetime": "2021-09-23 22:57:58", "elapsed": 9.038735, "delta": 0.625876}}
{"target": 0.8894015919532324, "params": {"C": 957.3818601794707, "epsilon": 0.2896058011055015, "gamma": 0.015435774900384742, "lamda": 0.2804854242243259}, "datetime": {"datetime": "2021-09-23 22:57:59", "elapsed": 9.57873, "delta": 0.539995}}
{"target": 0.917834612351756, "params": {"C": 885.1897139118761, "epsilon": 0.15639106627129726, "gamma": 0.04265382653142713, "lamda": 0.3320759476460242}, "datetime": {"datetime": "2021-09-23 22:58:00", "elapsed": 10.475189, "delta": 0.896459}}
{"target": 0.9240121796423031, "params": {"C": 910.7385805107975, "epsilon": 0.07267066579701993, "gamma": 0.04542615441043764, "lamda": 0.2885863430885429}, "datetime": {"datetime": "2021-09-23 22:58:00", "elapsed": 10.945193, "delta": 0.470004}}
{"target": 0.9031663548270021, "params": {"C": 921.8393602226199, "epsilon": 0.4438792787024942, "gamma": 0.04835694648809192, "lamda": 0.3826743911968713}, "datetime": {"datetime": "2021-09-23 22:58:01", "elapsed": 11.43119, "delta": 0.485997}}
{"target": 0.8910577174619095, "params": {"C": 891.847424369831, "epsilon": 0.48302557696029136, "gamma": 0.018704373724292987, "lamda": 0.2352963091250836}, "datetime": {"datetime": "2021-09-23 22:58:02", "elapsed": 12.222492, "delta": 0.791302}}
{"target": 0.8995450310255141, "params": {"C": 944.1024575005042, "epsilon": 0.840468156941798, "gamma": 0.04001073426486995, "lamda": 0.24049272285154935}, "datetime": {"datetime": "2021-09-23 22:58:02", "elapsed": 13.10797, "delta": 0.885478}}
{"target": 0.9141443037151218, "params": {"C": 946.0074659219316, "epsilon": 0.28598520842260444, "gamma": 0.01935845146978839, "lamda": 0.06485631268236246}, "datetime": {"datetime": "2021-09-23 22:58:03", "elapsed": 13.693969, "delta": 0.585999}}
{"target": 0.9157157814939999, "params": {"C": 859.5706320174096, "epsilon": 0.40481452294546694, "gamma": 0.06927688834063415, "lamda": 0.08784405548445551}, "datetime": {"datetime": "2021-09-23 22:58:04", "elapsed": 14.419582, "delta": 0.725613}}
{"target": 0.9152676545932069, "params": {"C": 920.4117225799541, "epsilon": 0.9682829352450285, "gamma": 0.0368260001476184, "lamda": 0.06474426345499094}, "datetime": {"datetime": "2021-09-23 22:58:05", "elapsed": 15.129707, "delta": 0.710125}}
{"target": 0.9187557706932422, "params": {"C": 929.703739998575, "epsilon": 0.22088191272355492, "gamma": 0.06666630799997007, "lamda": 0.0801408866955507}, "datetime": {"datetime": "2021-09-23 22:58:05", "elapsed": 15.605704, "delta": 0.475997}}
{"target": 0.9112235722864664, "params": {"C": 896.5796680110484, "epsilon": 0.35527707611318426, "gamma": 0.06980865542978751, "lamda": 0.17967989838707407}, "datetime": {"datetime": "2021-09-23 22:58:06", "elapsed": 16.456218, "delta": 0.850514}}
{"target": 0.8886319228238259, "params": {"C": 863.5985400551893, "epsilon": 0.28436264120703036, "gamma": 0.013817017265212093, "lamda": 0.23522559280818225}, "datetime": {"datetime": "2021-09-23 22:58:06", "elapsed": 17.035874, "delta": 0.579656}}
{"target": 0.890387363635433, "params": {"C": 950.202358830378, "epsilon": 0.9456452693573992, "gamma": 0.0638734341970012, "lamda": 0.30012222199821087}, "datetime": {"datetime": "2021-09-23 22:58:07", "elapsed": 17.523586, "delta": 0.487712}}
{"target": 0.9165954090912631, "params": {"C": 956.4567264027437, "epsilon": 0.2319225994792417, "gamma": 0.04840015111077136, "lamda": 0.261808460219463}, "datetime": {"datetime": "2021-09-23 22:58:07", "elapsed": 18.035585, "delta": 0.511999}}
{"target": 0.8992348167360193, "params": {"C": 938.812892998462, "epsilon": 0.7848259921626908, "gamma": 0.060205643821522443, "lamda": 0.25429917482121994}, "datetime": {"datetime": "2021-09-23 22:58:08", "elapsed": 18.523335, "delta": 0.48775}}
{"target": 0.8954809698395663, "params": {"C": 892.9380293119833, "epsilon": 0.4917098986245436, "gamma": 0.01035607858425128, "lamda": 0.005911731269281357}, "datetime": {"datetime": "2021-09-23 22:58:09", "elapsed": 19.263069, "delta": 0.739734}}
{"target": 0.8653621492998834, "params": {"C": 857.8218091800013, "epsilon": 0.6307830821623754, "gamma": 0.010354663744515885, "lamda": 0.23261716036577582}, "datetime": {"datetime": "2021-09-23 22:58:09", "elapsed": 19.747068, "delta": 0.483999}}
{"target": 0.9287467033509806, "params": {"C": 884.4880947942648, "epsilon": 0.2192439456624894, "gamma": 0.038782992499684144, "lamda": 0.01795037533780796}, "datetime": {"datetime": "2021-09-23 22:58:10", "elapsed": 20.505763, "delta": 0.758695}}
{"target": 0.9185709945988768, "params": {"C": 884.3727892283847, "epsilon": 0.09183380546712534, "gamma": 0.0221523606193622, "lamda": 0.13984629672474058}, "datetime": {"datetime": "2021-09-23 22:58:10", "elapsed": 21.107287, "delta": 0.601524}}
{"target": 0.9159382107874445, "params": {"C": 884.7150708907466, "epsilon": 0.05763894702668251, "gamma": 0.05822597812357425, "lamda": 0.06466623553159535}, "datetime": {"datetime": "2021-09-23 22:58:11", "elapsed": 21.720287, "delta": 0.613}}
{"target": 0.9139833639307955, "params": {"C": 853.0134781421516, "epsilon": 0.30486935801095616, "gamma": 0.03889073819309688, "lamda": 0.24748883389889148}, "datetime": {"datetime": "2021-09-23 22:58:12", "elapsed": 22.466459, "delta": 0.746172}}
{"target": 0.922239227533873, "params": {"C": 853.1825700854042, "epsilon": 0.0382274454947506, "gamma": 0.027961446788863212, "lamda": 0.3967309446465292}, "datetime": {"datetime": "2021-09-23 22:58:13", "elapsed": 23.173976, "delta": 0.707517}}
{"target": 0.9273604676433534, "params": {"C": 853.2971953506316, "epsilon": 0.049050366205966325, "gamma": 0.04735331764103412, "lamda": 0.150958122012172}, "datetime": {"datetime": "2021-09-23 22:58:13", "elapsed": 23.825974, "delta": 0.651998}}
{"target": 0.9180214384881947, "params": {"C": 946.1073023266083, "epsilon": 0.0943648777378669, "gamma": 0.058817940695245735, "lamda": 0.3593937206570151}, "datetime": {"datetime": "2021-09-23 22:58:14", "elapsed": 24.665803, "delta": 0.839829}}
{"target": 0.9298120003820434, "params": {"C": 965.6791976314868, "epsilon": 0.19857851123278436, "gamma": 0.03840673303971587, "lamda": 0.04370389879038792}, "datetime": {"datetime": "2021-09-23 22:58:15", "elapsed": 25.696804, "delta": 1.031001}}
{"target": 0.9113780853571322, "params": {"C": 873.0520773490383, "epsilon": 0.799390704162155, "gamma": 0.06558497066623334, "lamda": 0.09358558380939572}, "datetime": {"datetime": "2021-09-23 22:58:16", "elapsed": 26.282806, "delta": 0.586002}}
{"target": 0.9057432759765145, "params": {"C": 965.887673446459, "epsilon": 0.2850563744174466, "gamma": 0.022019279301788607, "lamda": 0.20173154756592238}, "datetime": {"datetime": "2021-09-23 22:58:16", "elapsed": 27.111805, "delta": 0.828999}}
{"target": 0.9148209782923177, "params": {"C": 965.4927043838375, "epsilon": 0.2958418756319351, "gamma": 0.02039654444257298, "lamda": 0.06781953787632469}, "datetime": {"datetime": "2021-09-23 22:58:17", "elapsed": 27.715804, "delta": 0.603999}}
{"target": 0.9149194419599566, "params": {"C": 910.5319822296258, "epsilon": 0.27495252389672054, "gamma": 0.04941039174693061, "lamda": 0.25928630714868894}, "datetime": {"datetime": "2021-09-23 22:58:18", "elapsed": 28.488806, "delta": 0.773002}}
{"target": 0.9128368465482399, "params": {"C": 976.7008455712158, "epsilon": 0.7234042494440275, "gamma": 0.055594425361332994, "lamda": 0.1144583620145433}, "datetime": {"datetime": "2021-09-23 22:58:18", "elapsed": 29.056805, "delta": 0.567999}}
{"target": 0.9119303199686009, "params": {"C": 853.4687090466175, "epsilon": 0.2770408903221083, "gamma": 0.062222728697526326, "lamda": 0.26699760929632094}, "datetime": {"datetime": "2021-09-23 22:58:19", "elapsed": 29.701317, "delta": 0.644512}}
{"target": 0.9183419534334893, "params": {"C": 866.175993390449, "epsilon": 0.24427516443253638, "gamma": 0.04275698348917677, "lamda": 0.21002385089840356}, "datetime": {"datetime": "2021-09-23 22:58:20", "elapsed": 30.203313, "delta": 0.501996}}
{"target": 0.9204358183079842, "params": {"C": 910.9995257834335, "epsilon": 0.1632804069490941, "gamma": 0.03254095193292385, "lamda": 0.1871681805889801}, "datetime": {"datetime": "2021-09-23 22:58:20", "elapsed": 30.997038, "delta": 0.793725}}
{"target": 0.9279342958983301, "params": {"C": 965.5954629337634, "epsilon": 0.032786249231270256, "gamma": 0.04209620231506442, "lamda": 0.1213279885193167}, "datetime": {"datetime": "2021-09-23 22:58:21", "elapsed": 31.791037, "delta": 0.793999}}
{"target": 0.9157150997782334, "params": {"C": 856.0480373913604, "epsilon": 0.04706555163073621, "gamma": 0.02080869198292846, "lamda": 0.30183259276678714}, "datetime": {"datetime": "2021-09-23 22:58:22", "elapsed": 32.415072, "delta": 0.624035}}
{"target": 0.9083088127388533, "params": {"C": 856.093652824242, "epsilon": 0.5148152998246273, "gamma": 0.04902352896947295, "lamda": 0.24545125731891676}, "datetime": {"datetime": "2021-09-23 22:58:22", "elapsed": 33.054571, "delta": 0.639499}}
{"target": 0.8738877836688138, "params": {"C": 856.3590038050173, "epsilon": 0.04830500385560276, "gamma": 0.01, "lamda": 0.001}, "datetime": {"datetime": "2021-09-23 22:58:24", "elapsed": 34.55828, "delta": 1.503709}}
{"target": 0.925131724625537, "params": {"C": 855.8716193313262, "epsilon": 0.32799143011484855, "gamma": 0.029384852782310115, "lamda": 0.042249368547823074}, "datetime": {"datetime": "2021-09-23 22:58:25", "elapsed": 35.212638, "delta": 0.654358}}
{"target": 0.9247576860747737, "params": {"C": 910.7367480107623, "epsilon": 0.06461716314599386, "gamma": 0.033718912082341186, "lamda": 0.27317741533332024}, "datetime": {"datetime": "2021-09-23 22:58:25", "elapsed": 35.712645, "delta": 0.500007}}
{"target": 0.9150247626703445, "params": {"C": 910.7134474651447, "epsilon": 0.15196158759477013, "gamma": 0.06738375695837034, "lamda": 0.051556824167764144}, "datetime": {"datetime": "2021-09-23 22:58:26", "elapsed": 36.690835, "delta": 0.97819}}
{"target": 0.8756886973268309, "params": {"C": 965.7889930914821, "epsilon": 0.03, "gamma": 0.07, "lamda": 0.001}, "datetime": {"datetime": "2021-09-23 22:58:27", "elapsed": 37.582485, "delta": 0.89165}}
{"target": 0.9092918012265916, "params": {"C": 853.2268035977826, "epsilon": 0.16780402310957568, "gamma": 0.017007001399425056, "lamda": 0.12119706700617838}, "datetime": {"datetime": "2021-09-23 22:58:28", "elapsed": 38.21249, "delta": 0.630005}}
{"target": 0.9278654223425116, "params": {"C": 853.1419215262845, "epsilon": 0.042273328803451124, "gamma": 0.041747432885115586, "lamda": 0.26279512045400144}, "datetime": {"datetime": "2021-09-23 22:58:28", "elapsed": 38.883848, "delta": 0.671358}}
