{"target": -1.9792195681373237, "params": {"C": 757.2912923217712, "epsilon": 0.2643703772559168, "gamma": 0.034974956772526364, "lamda": 0.07202868395060052}, "datetime": {"datetime": "2021-09-23 15:37:23", "elapsed": 553.18698, "delta": 3.679165}}
{"target": -1.9801323063160903, "params": {"C": 720.7722356398548, "epsilon": 0.038107472086013824, "gamma": 0.04954444868161329, "lamda": 0.17185720376395947}, "datetime": {"datetime": "2021-09-23 15:37:28", "elapsed": 557.752571, "delta": 4.565591}}
{"target": -2.050812625300321, "params": {"C": 896.0769724440698, "epsilon": 0.3821842861003767, "gamma": 0.0375179848740482, "lamda": 0.14701204508427718}, "datetime": {"datetime": "2021-09-23 15:37:30", "elapsed": 560.165805, "delta": 2.413234}}
{"target": -2.0157321314356187, "params": {"C": 761.9530231817431, "epsilon": 0.4741633404862532, "gamma": 0.034454748979504894, "lamda": 0.07099212024905427}, "datetime": {"datetime": "2021-09-23 15:37:33", "elapsed": 562.865372, "delta": 2.699567}}
{"target": -1.9749924524135107, "params": {"C": 772.1777655766156, "epsilon": 0.12378511957515967, "gamma": 0.04131977368555788, "lamda": 0.11821777328818288}, "datetime": {"datetime": "2021-09-23 15:37:39", "elapsed": 568.689515, "delta": 5.824143}}
{"target": -1.9417655338269144, "params": {"C": 781.0573696524167, "epsilon": 0.07427003001304841, "gamma": 0.042184146988605856, "lamda": 0.09423879039767093}, "datetime": {"datetime": "2021-09-23 15:37:41", "elapsed": 570.95259, "delta": 2.263075}}
{"target": -2.0094153221175604, "params": {"C": 836.5352303559218, "epsilon": 0.4066227241231777, "gamma": 0.032143855185440315, "lamda": 0.06987629299961728}, "datetime": {"datetime": "2021-09-23 15:37:44", "elapsed": 573.870901, "delta": 2.918311}}
{"target": -2.042148485008982, "params": {"C": 787.4496275814017, "epsilon": 0.7515401545907144, "gamma": 0.042266813030926324, "lamda": 0.07316423637922545}, "datetime": {"datetime": "2021-09-23 15:37:46", "elapsed": 576.220346, "delta": 2.349445}}
{"target": -1.9897179498263606, "params": {"C": 727.0107828595083, "epsilon": 0.27031645919153924, "gamma": 0.04337254799293866, "lamda": 0.08326723542619506}, "datetime": {"datetime": "2021-09-23 15:37:51", "elapsed": 581.159247, "delta": 4.938901}}
{"target": -2.083878404482095, "params": {"C": 778.498265714578, "epsilon": 0.07962912904995074, "gamma": 0.04729656809972686, "lamda": 0.022747551802682772}, "datetime": {"datetime": "2021-09-23 15:37:56", "elapsed": 585.566294, "delta": 4.407047}}
{"target": -1.9681215241586894, "params": {"C": 745.7654653942685, "epsilon": 0.059973615872678465, "gamma": 0.048375839224053536, "lamda": 0.14881214245462832}, "datetime": {"datetime": "2021-09-23 15:38:01", "elapsed": 591.055568, "delta": 5.489274}}
{"target": -1.9798904118684668, "params": {"C": 769.3724981589603, "epsilon": 0.1143210269511508, "gamma": 0.049278764059902114, "lamda": 0.057276133811350695}, "datetime": {"datetime": "2021-09-23 15:38:04", "elapsed": 593.498768, "delta": 2.4432}}
{"target": -1.9502070046190956, "params": {"C": 720.81415402861, "epsilon": 0.1615756652496463, "gamma": 0.04507846977144638, "lamda": 0.05558016267372026}, "datetime": {"datetime": "2021-09-23 15:38:07", "elapsed": 596.735833, "delta": 3.237065}}
{"target": -2.0267995980750704, "params": {"C": 760.3042543025072, "epsilon": 0.7796410135924886, "gamma": 0.04832894045143495, "lamda": 0.06312594807633931}, "datetime": {"datetime": "2021-09-23 15:38:10", "elapsed": 599.573662, "delta": 2.837829}}
{"target": -1.9849906055623958, "params": {"C": 720.7959878452149, "epsilon": 0.08852204553241347, "gamma": 0.030249103389983586, "lamda": 0.023724788700362803}, "datetime": {"datetime": "2021-09-23 15:38:14", "elapsed": 603.692301, "delta": 4.118639}}
{"target": -1.9680825260695627, "params": {"C": 720.8519107454222, "epsilon": 0.14813245494743124, "gamma": 0.033718537105370434, "lamda": 0.11302109649219931}, "datetime": {"datetime": "2021-09-23 15:38:17", "elapsed": 607.011846, "delta": 3.319545}}
{"target": -1.9405741237388352, "params": {"C": 720.85151777462, "epsilon": 0.0872227338490783, "gamma": 0.04107665277738713, "lamda": 0.11784909025524665}, "datetime": {"datetime": "2021-09-23 15:38:20", "elapsed": 610.084448, "delta": 3.072602}}
{"target": -1.964364410507677, "params": {"C": 780.8813755469606, "epsilon": 0.09631211361456839, "gamma": 0.046081306647082224, "lamda": 0.11349749027610176}, "datetime": {"datetime": "2021-09-23 15:38:24", "elapsed": 613.438007, "delta": 3.353559}}
{"target": -2.0296387259826134, "params": {"C": 818.6497551333366, "epsilon": 0.2441231314738671, "gamma": 0.038583349109515795, "lamda": 0.17913154207542847}, "datetime": {"datetime": "2021-09-23 15:38:26", "elapsed": 616.193726, "delta": 2.755719}}
{"target": -1.9661117416329617, "params": {"C": 772.2330108781507, "epsilon": 0.10871265592004818, "gamma": 0.04759654553235212, "lamda": 0.0765784991814586}, "datetime": {"datetime": "2021-09-23 15:38:30", "elapsed": 619.502728, "delta": 3.309002}}
{"target": -2.050595857602741, "params": {"C": 749.0771873747664, "epsilon": 0.5704522042365404, "gamma": 0.03582048408974361, "lamda": 0.0936182804963102}, "datetime": {"datetime": "2021-09-23 15:38:32", "elapsed": 622.067723, "delta": 2.564995}}
{"target": -2.126033906405024, "params": {"C": 722.2354507103204, "epsilon": 0.6554913567428537, "gamma": 0.0450325479129054, "lamda": 0.182742660790142}, "datetime": {"datetime": "2021-09-23 15:38:35", "elapsed": 625.361726, "delta": 3.294003}}
{"target": -2.0670176219948004, "params": {"C": 720.8515115522732, "epsilon": 0.04480386057498006, "gamma": 0.05, "lamda": 0.05693606355764833}, "datetime": {"datetime": "2021-09-23 15:38:43", "elapsed": 632.969595, "delta": 7.607869}}
{"target": -2.023452042584446, "params": {"C": 865.310711803752, "epsilon": 0.6400285173795878, "gamma": 0.0354489806623825, "lamda": 0.05830289917864754}, "datetime": {"datetime": "2021-09-23 15:38:47", "elapsed": 636.55402, "delta": 3.584425}}
{"target": -1.9607009308920367, "params": {"C": 720.6652488009784, "epsilon": 0.09971446541909251, "gamma": 0.04070453711915214, "lamda": 0.13393184527444885}, "datetime": {"datetime": "2021-09-23 15:38:50", "elapsed": 640.304898, "delta": 3.750878}}
{"target": -2.068093045906121, "params": {"C": 755.5115797518431, "epsilon": 0.45605020644804994, "gamma": 0.033129043128466984, "lamda": 0.12936137909397138}, "datetime": {"datetime": "2021-09-23 15:38:54", "elapsed": 643.929213, "delta": 3.624315}}
{"target": -1.937686797460817, "params": {"C": 745.7204560980679, "epsilon": 0.1447497785684293, "gamma": 0.04200716231943124, "lamda": 0.0515985565444209}, "datetime": {"datetime": "2021-09-23 15:38:58", "elapsed": 648.023635, "delta": 4.094422}}
{"target": -1.9234640356719837, "params": {"C": 854.2853825087209, "epsilon": 0.04718466847856126, "gamma": 0.03082695504387812, "lamda": 0.09345783466756985}, "datetime": {"datetime": "2021-09-23 15:39:04", "elapsed": 653.920713, "delta": 5.897078}}
{"target": -1.9842751981514315, "params": {"C": 745.8513521230968, "epsilon": 0.25085652886647936, "gamma": 0.03713377327798459, "lamda": 0.08412644816169346}, "datetime": {"datetime": "2021-09-23 15:39:07", "elapsed": 657.126414, "delta": 3.205701}}
{"target": -2.079417889142255, "params": {"C": 725.2632189365036, "epsilon": 0.7321729870756547, "gamma": 0.04787645164222608, "lamda": 0.1204668007022521}, "datetime": {"datetime": "2021-09-23 15:39:10", "elapsed": 660.358111, "delta": 3.231697}}
{"target": -1.948393471922531, "params": {"C": 778.2823577167358, "epsilon": 0.03, "gamma": 0.03, "lamda": 0.11829546155469028}, "datetime": {"datetime": "2021-09-23 15:39:15", "elapsed": 664.814437, "delta": 4.456326}}
{"target": -2.062640414606947, "params": {"C": 861.9709086891468, "epsilon": 0.36941096200395707, "gamma": 0.04117060691910822, "lamda": 0.19473720412881124}, "datetime": {"datetime": "2021-09-23 15:39:17", "elapsed": 667.186372, "delta": 2.371935}}
{"target": -1.9541207968029413, "params": {"C": 854.3321901961947, "epsilon": 0.06663999904466351, "gamma": 0.04192805340720942, "lamda": 0.15498402366258107}, "datetime": {"datetime": "2021-09-23 15:39:22", "elapsed": 672.077139, "delta": 4.890767}}
{"target": -2.0834280499516797, "params": {"C": 849.0345974027775, "epsilon": 0.6887603504560469, "gamma": 0.045700839382681414, "lamda": 0.13166229716483463}, "datetime": {"datetime": "2021-09-23 15:39:26", "elapsed": 675.980199, "delta": 3.90306}}
{"target": -1.928063969634563, "params": {"C": 720.6646084411194, "epsilon": 0.18371922805507523, "gamma": 0.03281586708142091, "lamda": 0.05332978588434708}, "datetime": {"datetime": "2021-09-23 15:39:32", "elapsed": 681.436892, "delta": 5.456693}}
{"target": -2.0350082633032107, "params": {"C": 781.1405893712508, "epsilon": 0.2291188093031379, "gamma": 0.03073593644501283, "lamda": 0.1474106056411153}, "datetime": {"datetime": "2021-09-23 15:39:34", "elapsed": 684.169744, "delta": 2.732852}}
{"target": -2.0170715227323326, "params": {"C": 809.3142631733917, "epsilon": 0.03509286438049674, "gamma": 0.048966345526369776, "lamda": 0.11935450299637021}, "datetime": {"datetime": "2021-09-23 15:39:37", "elapsed": 687.014514, "delta": 2.84477}}
{"target": -1.9521921642429252, "params": {"C": 720.8629460351282, "epsilon": 0.1319769433181246, "gamma": 0.04399496624285337, "lamda": 0.050791086765542316}, "datetime": {"datetime": "2021-09-23 15:39:42", "elapsed": 691.580355, "delta": 4.565841}}
{"target": -2.0005097671586114, "params": {"C": 720.6491841319857, "epsilon": 0.13638872031956534, "gamma": 0.0366645407392739, "lamda": 0.018945185086729724}, "datetime": {"datetime": "2021-09-23 15:39:46", "elapsed": 695.767295, "delta": 4.18694}}
{"target": -1.9804220960226568, "params": {"C": 745.8950572030346, "epsilon": 0.03375551789409181, "gamma": 0.03493063502705506, "lamda": 0.08740426174251809}, "datetime": {"datetime": "2021-09-23 15:39:50", "elapsed": 699.973176, "delta": 4.205881}}
{"target": -1.996513030964043, "params": {"C": 727.0439826677821, "epsilon": 0.20011548417617303, "gamma": 0.04450890409402109, "lamda": 0.01881722624225942}, "datetime": {"datetime": "2021-09-23 15:39:57", "elapsed": 707.007257, "delta": 7.034081}}
{"target": -1.9533105987417207, "params": {"C": 828.0051774833164, "epsilon": 0.10713227672652899, "gamma": 0.03175213001391057, "lamda": 0.11301226829940444}, "datetime": {"datetime": "2021-09-23 15:40:01", "elapsed": 711.305523, "delta": 4.298266}}
{"target": -1.9657414719650832, "params": {"C": 726.9737675397421, "epsilon": 0.20509815091914269, "gamma": 0.03454395449327188, "lamda": 0.016785603720764843}, "datetime": {"datetime": "2021-09-23 15:40:06", "elapsed": 716.109987, "delta": 4.804464}}
{"target": -2.025771014260311, "params": {"C": 854.2944921969853, "epsilon": 0.03840630334069364, "gamma": 0.032015319666490495, "lamda": 0.04476521793314729}, "datetime": {"datetime": "2021-09-23 15:40:11", "elapsed": 720.626419, "delta": 4.516432}}
{"target": -1.9769252552586472, "params": {"C": 704.4541770495542, "epsilon": 0.04776597099247093, "gamma": 0.047974648930864734, "lamda": 0.12420524578293211}, "datetime": {"datetime": "2021-09-23 15:40:15", "elapsed": 724.95261, "delta": 4.326191}}
{"target": -1.9856142308978826, "params": {"C": 704.547625378184, "epsilon": 0.19184183841825642, "gamma": 0.03705082263090804, "lamda": 0.10740083926060315}, "datetime": {"datetime": "2021-09-23 15:40:18", "elapsed": 728.217974, "delta": 3.265364}}
{"target": -1.9889327912528931, "params": {"C": 736.8278276883874, "epsilon": 0.29970290498494934, "gamma": 0.04987533623464714, "lamda": 0.04536271973129584}, "datetime": {"datetime": "2021-09-23 15:40:21", "elapsed": 731.120806, "delta": 2.902832}}
{"target": -2.0160691752217503, "params": {"C": 883.4325689548159, "epsilon": 0.4883283833468234, "gamma": 0.043623150329420046, "lamda": 0.08439050114068646}, "datetime": {"datetime": "2021-09-23 15:40:24", "elapsed": 734.048418, "delta": 2.927612}}
{"target": -1.9910070064024892, "params": {"C": 786.5239577838558, "epsilon": 0.19327135937817186, "gamma": 0.042934654917139096, "lamda": 0.11272518973262478}, "datetime": {"datetime": "2021-09-23 15:40:27", "elapsed": 737.19314, "delta": 3.144722}}
{"target": -1.932659084363491, "params": {"C": 793.6149656382233, "epsilon": 0.15341655575477886, "gamma": 0.03762451540523434, "lamda": 0.03429457184903902}, "datetime": {"datetime": "2021-09-23 15:40:30", "elapsed": 739.938901, "delta": 2.745761}}
{"target": -1.9291846451911185, "params": {"C": 780.8762750383669, "epsilon": 0.08551066375092034, "gamma": 0.03970545139093381, "lamda": 0.07960059233138125}, "datetime": {"datetime": "2021-09-23 15:40:33", "elapsed": 742.974238, "delta": 3.035337}}
{"target": -1.9942123857582523, "params": {"C": 736.7738435926539, "epsilon": 0.08025143133530083, "gamma": 0.046364737375579494, "lamda": 0.18402777425154687}, "datetime": {"datetime": "2021-09-23 15:40:36", "elapsed": 745.71036, "delta": 2.736122}}
{"target": -1.9478646477066819, "params": {"C": 704.3085989652244, "epsilon": 0.2652396189898458, "gamma": 0.03, "lamda": 0.015}, "datetime": {"datetime": "2021-09-23 15:40:42", "elapsed": 751.554727, "delta": 5.844367}}
{"target": -1.9237637460491208, "params": {"C": 778.4897377342272, "epsilon": 0.06640398053503933, "gamma": 0.03756777177041732, "lamda": 0.10170936457675361}, "datetime": {"datetime": "2021-09-23 15:40:46", "elapsed": 755.753948, "delta": 4.199221}}
{"target": -2.1559316664566004, "params": {"C": 800.0516655513408, "epsilon": 0.7717858829960211, "gamma": 0.04803859905255822, "lamda": 0.18076019756208228}, "datetime": {"datetime": "2021-09-23 15:40:50", "elapsed": 759.837512, "delta": 4.083564}}
{"target": -1.9218678357696042, "params": {"C": 771.6209455582998, "epsilon": 0.06449314950337949, "gamma": 0.03599144646081545, "lamda": 0.09322299665945506}, "datetime": {"datetime": "2021-09-23 15:40:53", "elapsed": 763.035185, "delta": 3.197673}}
{"target": -2.0052793715144053, "params": {"C": 771.6496218998991, "epsilon": 0.030162147149524386, "gamma": 0.032723194674034596, "lamda": 0.07396382848926888}, "datetime": {"datetime": "2021-09-23 15:41:00", "elapsed": 769.375993, "delta": 6.340808}}
{"target": -1.9515013661067684, "params": {"C": 720.6745800540904, "epsilon": 0.253621704818132, "gamma": 0.0444243650484954, "lamda": 0.04518286639726551}, "datetime": {"datetime": "2021-09-23 15:41:05", "elapsed": 775.214242, "delta": 5.838249}}
{"target": -1.960738942954188, "params": {"C": 771.6438427746308, "epsilon": 0.08475426401245209, "gamma": 0.03179472837710488, "lamda": 0.15264353987486817}, "datetime": {"datetime": "2021-09-23 15:41:11", "elapsed": 780.991909, "delta": 5.777667}}
{"target": -2.057357519332411, "params": {"C": 879.1231957697079, "epsilon": 0.3403577128018024, "gamma": 0.032725115632699794, "lamda": 0.15060694396414798}, "datetime": {"datetime": "2021-09-23 15:41:14", "elapsed": 783.845202, "delta": 2.853293}}
{"target": -1.967169963773199, "params": {"C": 720.6405015180417, "epsilon": 0.20785936991617845, "gamma": 0.03704449956908303, "lamda": 0.07983158357271747}, "datetime": {"datetime": "2021-09-23 15:41:19", "elapsed": 788.983311, "delta": 5.138109}}
{"target": -1.9361448381239146, "params": {"C": 752.018856374248, "epsilon": 0.21171910125681298, "gamma": 0.03723579461301922, "lamda": 0.05071404799824073}, "datetime": {"datetime": "2021-09-23 15:41:23", "elapsed": 792.437753, "delta": 3.454442}}
{"target": -1.9337009126376052, "params": {"C": 771.6010722142694, "epsilon": 0.10065189226205382, "gamma": 0.03260324470750295, "lamda": 0.09539875531564979}, "datetime": {"datetime": "2021-09-23 15:41:28", "elapsed": 797.914716, "delta": 5.476963}}
{"target": -1.98983953523942, "params": {"C": 793.6286178230274, "epsilon": 0.19766093060131049, "gamma": 0.047766054534381874, "lamda": 0.07637407243009203}, "datetime": {"datetime": "2021-09-23 15:41:32", "elapsed": 801.500044, "delta": 3.585328}}
{"target": -1.953788445828621, "params": {"C": 720.7133848478906, "epsilon": 0.19666117120381554, "gamma": 0.0443742396936193, "lamda": 0.06042797720466379}, "datetime": {"datetime": "2021-09-23 15:41:36", "elapsed": 805.861556, "delta": 4.361512}}
{"target": -1.955585341647059, "params": {"C": 772.2242476412986, "epsilon": 0.05876190702391297, "gamma": 0.044532558829684155, "lamda": 0.11428138859066486}, "datetime": {"datetime": "2021-09-23 15:41:41", "elapsed": 810.836581, "delta": 4.975025}}
{"target": -2.03632508904057, "params": {"C": 862.8521145314393, "epsilon": 0.5940716203153862, "gamma": 0.0416300679551429, "lamda": 0.08675311750881622}, "datetime": {"datetime": "2021-09-23 15:41:45", "elapsed": 815.186178, "delta": 4.349597}}
{"target": -1.9961453576010721, "params": {"C": 813.4756558809054, "epsilon": 0.3980147154576066, "gamma": 0.037068593807140476, "lamda": 0.07221603560104053}, "datetime": {"datetime": "2021-09-23 15:41:49", "elapsed": 818.411384, "delta": 3.225206}}
{"target": -2.0261707395651247, "params": {"C": 887.2049981274768, "epsilon": 0.2471011812238334, "gamma": 0.03679050693064805, "lamda": 0.16250979890180434}, "datetime": {"datetime": "2021-09-23 15:41:51", "elapsed": 821.328208, "delta": 2.916824}}
{"target": -1.9314872365758635, "params": {"C": 778.4978516317642, "epsilon": 0.1775933868944446, "gamma": 0.03, "lamda": 0.05491033528250983}, "datetime": {"datetime": "2021-09-23 15:41:58", "elapsed": 827.630033, "delta": 6.301825}}
{"target": -1.9400008150632087, "params": {"C": 745.8281423968673, "epsilon": 0.18952147906420408, "gamma": 0.040869636908259996, "lamda": 0.05451773673802241}, "datetime": {"datetime": "2021-09-23 15:42:01", "elapsed": 831.345632, "delta": 3.715599}}
{"target": -2.0113013864344738, "params": {"C": 780.8279448757958, "epsilon": 0.03620002433581323, "gamma": 0.047346580158557784, "lamda": 0.10422550589734775}, "datetime": {"datetime": "2021-09-23 15:42:06", "elapsed": 836.349154, "delta": 5.003522}}
{"target": -1.9705197667139032, "params": {"C": 708.2383868043547, "epsilon": 0.06680174041852364, "gamma": 0.04878757002848815, "lamda": 0.15490443114132135}, "datetime": {"datetime": "2021-09-23 15:42:12", "elapsed": 841.899865, "delta": 5.550711}}
{"target": -1.9695115793952573, "params": {"C": 832.7893297142228, "epsilon": 0.033938355129182654, "gamma": 0.04518705367418921, "lamda": 0.15530654102085628}, "datetime": {"datetime": "2021-09-23 15:42:15", "elapsed": 844.6417, "delta": 2.741835}}
{"target": -1.9317499265587215, "params": {"C": 727.0305990023152, "epsilon": 0.31128301345833265, "gamma": 0.03724702331465385, "lamda": 0.015779434151458546}, "datetime": {"datetime": "2021-09-23 15:42:19", "elapsed": 849.098564, "delta": 4.456864}}
{"target": -1.925597121953363, "params": {"C": 704.358753362491, "epsilon": 0.043849767885589766, "gamma": 0.03719830664476762, "lamda": 0.14702442903369467}, "datetime": {"datetime": "2021-09-23 15:42:24", "elapsed": 853.519123, "delta": 4.420559}}
{"target": -2.025187985474869, "params": {"C": 700.9091441661462, "epsilon": 0.6489117168610952, "gamma": 0.04514851739184979, "lamda": 0.07287019836440284}, "datetime": {"datetime": "2021-09-23 15:42:27", "elapsed": 856.941111, "delta": 3.421988}}
{"target": -2.1127988163823717, "params": {"C": 833.1700645371823, "epsilon": 0.6950265168934103, "gamma": 0.04143508708264085, "lamda": 0.15481088998127773}, "datetime": {"datetime": "2021-09-23 15:42:30", "elapsed": 859.996503, "delta": 3.055392}}
{"target": -2.0448869669171135, "params": {"C": 827.9241616348579, "epsilon": 0.5052268073588652, "gamma": 0.041802416957502364, "lamda": 0.11525949425941595}, "datetime": {"datetime": "2021-09-23 15:42:33", "elapsed": 862.939485, "delta": 2.942982}}
{"target": -2.1289222264103027, "params": {"C": 718.336161505552, "epsilon": 0.7560590524499446, "gamma": 0.03262387312331876, "lamda": 0.1295597013274002}, "datetime": {"datetime": "2021-09-23 15:42:36", "elapsed": 866.177122, "delta": 3.237637}}
{"target": -1.9488064516051946, "params": {"C": 832.7769923124631, "epsilon": 0.04912708914038677, "gamma": 0.03458923863864553, "lamda": 0.1961278463286213}, "datetime": {"datetime": "2021-09-23 15:42:41", "elapsed": 870.903786, "delta": 4.726664}}
{"target": -2.0603396588691023, "params": {"C": 837.0756340336767, "epsilon": 0.3722303528536074, "gamma": 0.045233525660772635, "lamda": 0.19767710638740488}, "datetime": {"datetime": "2021-09-23 15:42:44", "elapsed": 873.689357, "delta": 2.785571}}
{"target": -2.055432243651177, "params": {"C": 711.8517417146973, "epsilon": 0.035191638329869525, "gamma": 0.04203776911688058, "lamda": 0.04495967900248324}, "datetime": {"datetime": "2021-09-23 15:42:47", "elapsed": 876.708755, "delta": 3.019398}}
{"target": -1.9306518564832569, "params": {"C": 772.1249074921601, "epsilon": 0.04063733953595074, "gamma": 0.031191208014413458, "lamda": 0.1010911201002059}, "datetime": {"datetime": "2021-09-23 15:42:51", "elapsed": 880.778268, "delta": 4.069513}}
{"target": -2.1321105453400775, "params": {"C": 872.5863680754939, "epsilon": 0.6361564316839065, "gamma": 0.032220938266782795, "lamda": 0.15478063155230942}, "datetime": {"datetime": "2021-09-23 15:42:54", "elapsed": 883.939041, "delta": 3.160773}}
{"target": -1.9332114970656615, "params": {"C": 778.2899325031534, "epsilon": 0.037520805486432544, "gamma": 0.03200344249055405, "lamda": 0.10584908941796632}, "datetime": {"datetime": "2021-09-23 15:42:58", "elapsed": 887.545537, "delta": 3.606496}}
{"target": -1.9285885180062536, "params": {"C": 772.1019483178997, "epsilon": 0.06924564125222257, "gamma": 0.03585984912325902, "lamda": 0.06872345711318066}, "datetime": {"datetime": "2021-09-23 15:43:03", "elapsed": 892.589131, "delta": 5.043594}}
{"target": -1.9766752943910437, "params": {"C": 710.4388299837784, "epsilon": 0.29049184278269025, "gamma": 0.04775886916317902, "lamda": 0.047934861854607824}, "datetime": {"datetime": "2021-09-23 15:43:06", "elapsed": 895.370566, "delta": 2.781435}}
