{"target": -2.023452042584446, "params": {"C": 482.655355901876, "epsilon": 0.6400285173795878, "gamma": 0.0354489806623825, "lamda": 0.05830289917864754}, "datetime": {"datetime": "2021-09-23 16:08:15", "elapsed": 728.263538, "delta": 1.817601}}
{"target": -1.9534229932220217, "params": {"C": 413.7784215604207, "epsilon": 0.09507364626953711, "gamma": 0.037164593773408736, "lamda": 0.04072158460554923}, "datetime": {"datetime": "2021-09-23 16:08:18", "elapsed": 731.183312, "delta": 2.919774}}
{"target": -2.068093045906121, "params": {"C": 427.75578987592155, "epsilon": 0.45605020644804994, "gamma": 0.033129043128466984, "lamda": 0.12936137909397138}, "datetime": {"datetime": "2021-09-23 16:08:20", "elapsed": 733.089611, "delta": 1.906299}}
{"target": -1.964718620947426, "params": {"C": 413.77413017193754, "epsilon": 0.15282301751865549, "gamma": 0.04403124953576092, "lamda": 0.1362993344649266}, "datetime": {"datetime": "2021-09-23 16:08:23", "elapsed": 736.749719, "delta": 3.660108}}
{"target": -1.9219490863781712, "params": {"C": 459.65405302870823, "epsilon": 0.09153875916964307, "gamma": 0.03780416518695225, "lamda": 0.12310641981449207}, "datetime": {"datetime": "2021-09-23 16:08:26", "elapsed": 739.431469, "delta": 2.68175}}
{"target": -2.000354536605307, "params": {"C": 413.689229419011, "epsilon": 0.16919745920003904, "gamma": 0.04797314686771692, "lamda": 0.026618057895365713}, "datetime": {"datetime": "2021-09-23 16:08:29", "elapsed": 742.609779, "delta": 3.17831}}
{"target": -2.079417889142255, "params": {"C": 412.6316094682518, "epsilon": 0.7321729870756547, "gamma": 0.04787645164222608, "lamda": 0.1204668007022521}, "datetime": {"datetime": "2021-09-23 16:08:31", "elapsed": 744.342376, "delta": 1.732597}}
{"target": -1.951849780542063, "params": {"C": 477.2402308915555, "epsilon": 0.18151548028983785, "gamma": 0.03489346627513319, "lamda": 0.019994807277917404}, "datetime": {"datetime": "2021-09-23 16:08:35", "elapsed": 747.930836, "delta": 3.58846}}
{"target": -1.9520795970249403, "params": {"C": 413.67219519727774, "epsilon": 0.03270965461051011, "gamma": 0.035069910074296856, "lamda": 0.11567342993555715}, "datetime": {"datetime": "2021-09-23 16:08:38", "elapsed": 751.12409, "delta": 3.193254}}
{"target": -1.9712302113383837, "params": {"C": 435.756940189631, "epsilon": 0.23542484192498034, "gamma": 0.04047564275191298, "lamda": 0.01670261167249158}, "datetime": {"datetime": "2021-09-23 16:08:42", "elapsed": 755.174199, "delta": 4.050109}}
{"target": -2.0834280499516797, "params": {"C": 474.51729870138877, "epsilon": 0.6887603504560469, "gamma": 0.045700839382681414, "lamda": 0.13166229716483463}, "datetime": {"datetime": "2021-09-23 16:08:44", "elapsed": 756.952493, "delta": 1.778294}}
{"target": -1.9301496614929252, "params": {"C": 459.73074066807874, "epsilon": 0.07605853455339084, "gamma": 0.036715071508245, "lamda": 0.1587854497206948}, "datetime": {"datetime": "2021-09-23 16:08:47", "elapsed": 760.410497, "delta": 3.458004}}
{"target": -2.0305938922502453, "params": {"C": 440.5702946856254, "epsilon": 0.2291188093031379, "gamma": 0.03073593644501283, "lamda": 0.1474106056411153}, "datetime": {"datetime": "2021-09-23 16:08:49", "elapsed": 762.203494, "delta": 1.792997}}
{"target": -2.012552748358575, "params": {"C": 454.65713158669587, "epsilon": 0.03509286438049674, "gamma": 0.048966345526369776, "lamda": 0.11935450299637021}, "datetime": {"datetime": "2021-09-23 16:08:51", "elapsed": 764.160502, "delta": 1.957008}}
{"target": -2.0426795011819157, "params": {"C": 435.676651482319, "epsilon": 0.40650756736343185, "gamma": 0.030852940827607873, "lamda": 0.09499314270477335}, "datetime": {"datetime": "2021-09-23 16:08:55", "elapsed": 768.239493, "delta": 4.078991}}
{"target": -1.9968069158088988, "params": {"C": 459.70142992917954, "epsilon": 0.13269878839340113, "gamma": 0.04994458862733031, "lamda": 0.18386430910744006}, "datetime": {"datetime": "2021-09-23 16:08:59", "elapsed": 772.166497, "delta": 3.927004}}
{"target": -1.95979025571337, "params": {"C": 435.51858390578985, "epsilon": 0.10479517464015754, "gamma": 0.03, "lamda": 0.15419850953351288}, "datetime": {"datetime": "2021-09-23 16:09:02", "elapsed": 775.289493, "delta": 3.122996}}
{"target": -1.9752071132204365, "params": {"C": 432.6236252085378, "epsilon": 0.25051597881795495, "gamma": 0.03, "lamda": 0.08694365883415812}, "datetime": {"datetime": "2021-09-23 16:09:07", "elapsed": 780.333494, "delta": 5.044001}}
{"target": -2.046879794879183, "params": {"C": 428.74813380948643, "epsilon": 0.487950750485904, "gamma": 0.0324779428934874, "lamda": 0.09109212955484569}, "datetime": {"datetime": "2021-09-23 16:09:10", "elapsed": 783.423493, "delta": 3.089999}}
{"target": -1.9284838777474729, "params": {"C": 435.8455099035484, "epsilon": 0.4625676483694797, "gamma": 0.03, "lamda": 0.015}, "datetime": {"datetime": "2021-09-23 16:09:14", "elapsed": 787.427033, "delta": 4.00354}}
{"target": -1.9300481961615854, "params": {"C": 413.691656241332, "epsilon": 0.1125501271249265, "gamma": 0.038939951882554814, "lamda": 0.12380660058612443}, "datetime": {"datetime": "2021-09-23 16:09:19", "elapsed": 792.194984, "delta": 4.767951}}
{"target": -1.9318665244206392, "params": {"C": 435.869579530712, "epsilon": 0.3238205269472202, "gamma": 0.04410561839552669, "lamda": 0.027466025581410283}, "datetime": {"datetime": "2021-09-23 16:09:23", "elapsed": 796.03452, "delta": 3.839536}}
{"target": -1.967725911069489, "params": {"C": 435.96175918529536, "epsilon": 0.34600940328607577, "gamma": 0.04311105915841354, "lamda": 0.01544281022516812}, "datetime": {"datetime": "2021-09-23 16:09:26", "elapsed": 799.244952, "delta": 3.210432}}
{"target": -1.9492096271826327, "params": {"C": 418.4139138441937, "epsilon": 0.29970290498494934, "gamma": 0.04987533623464714, "lamda": 0.04536271973129584}, "datetime": {"datetime": "2021-09-23 16:09:28", "elapsed": 800.950508, "delta": 1.705556}}
{"target": -2.0160691752217503, "params": {"C": 491.71628447740795, "epsilon": 0.4883283833468234, "gamma": 0.043623150329420046, "lamda": 0.08439050114068646}, "datetime": {"datetime": "2021-09-23 16:09:30", "elapsed": 802.948507, "delta": 1.997999}}
{"target": -1.9680837727671083, "params": {"C": 443.2619788919279, "epsilon": 0.19327135937817186, "gamma": 0.042934654917139096, "lamda": 0.11272518973262478}, "datetime": {"datetime": "2021-09-23 16:09:31", "elapsed": 804.76751, "delta": 1.819003}}
{"target": -1.9460305630501509, "params": {"C": 446.80748281911167, "epsilon": 0.15341655575477886, "gamma": 0.03762451540523434, "lamda": 0.03429457184903902}, "datetime": {"datetime": "2021-09-23 16:09:33", "elapsed": 806.773548, "delta": 2.006038}}
{"target": -1.9260468637980368, "params": {"C": 477.22077636644167, "epsilon": 0.05527943894215406, "gamma": 0.04155674542434721, "lamda": 0.17529532631976746}, "datetime": {"datetime": "2021-09-23 16:09:35", "elapsed": 808.682506, "delta": 1.908958}}
{"target": -1.9537489571531732, "params": {"C": 418.38692179632693, "epsilon": 0.08025143133530083, "gamma": 0.046364737375579494, "lamda": 0.18402777425154687}, "datetime": {"datetime": "2021-09-23 16:09:37", "elapsed": 810.654531, "delta": 1.972025}}
{"target": -1.9119082213189234, "params": {"C": 440.49055996770613, "epsilon": 0.10484438951631078, "gamma": 0.03552581542501673, "lamda": 0.0956341743595063}, "datetime": {"datetime": "2021-09-23 16:09:42", "elapsed": 814.96044, "delta": 4.305909}}
{"target": -1.9405060350271255, "params": {"C": 477.3043900559682, "epsilon": 0.05440633233514931, "gamma": 0.03898148117526758, "lamda": 0.09863459240650756}, "datetime": {"datetime": "2021-09-23 16:09:45", "elapsed": 818.008942, "delta": 3.048502}}
{"target": -2.1559316664566004, "params": {"C": 450.0258327756704, "epsilon": 0.7717858829960211, "gamma": 0.04803859905255822, "lamda": 0.18076019756208228}, "datetime": {"datetime": "2021-09-23 16:09:47", "elapsed": 819.911442, "delta": 1.9025}}
{"target": -1.9356265004787037, "params": {"C": 435.8104727791499, "epsilon": 0.06449314950337949, "gamma": 0.03599144646081545, "lamda": 0.09322299665945506}, "datetime": {"datetime": "2021-09-23 16:09:49", "elapsed": 822.243244, "delta": 2.331802}}
{"target": -1.9279164630816634, "params": {"C": 432.2932088964577, "epsilon": 0.12535910025886865, "gamma": 0.030623933208080406, "lamda": 0.08429300431682422}, "datetime": {"datetime": "2021-09-23 16:09:54", "elapsed": 827.344063, "delta": 5.100819}}
{"target": -1.9511507312345826, "params": {"C": 404.1179712192703, "epsilon": 0.25238727543758044, "gamma": 0.030738346320812016, "lamda": 0.01598152469915291}, "datetime": {"datetime": "2021-09-23 16:09:59", "elapsed": 832.121694, "delta": 4.777631}}
{"target": -1.953012181953134, "params": {"C": 459.5809164406894, "epsilon": 0.12613057410438955, "gamma": 0.05, "lamda": 0.09609009896886475}, "datetime": {"datetime": "2021-09-23 16:10:03", "elapsed": 836.701496, "delta": 4.579802}}
{"target": -2.057357519332411, "params": {"C": 489.56159788485394, "epsilon": 0.3403577128018024, "gamma": 0.032725115632699794, "lamda": 0.15060694396414798}, "datetime": {"datetime": "2021-09-23 16:10:05", "elapsed": 838.811324, "delta": 2.109828}}
{"target": -1.9462215054448744, "params": {"C": 427.58139391505017, "epsilon": 0.6361802119613642, "gamma": 0.04692433938000679, "lamda": 0.017139784472756596}, "datetime": {"datetime": "2021-09-23 16:10:09", "elapsed": 842.615273, "delta": 3.803949}}
{"target": -1.9112838802721273, "params": {"C": 426.009428187124, "epsilon": 0.21171910125681298, "gamma": 0.03723579461301922, "lamda": 0.05071404799824073}, "datetime": {"datetime": "2021-09-23 16:10:11", "elapsed": 844.613276, "delta": 1.998003}}
{"target": -1.9927596277350217, "params": {"C": 425.94437530809336, "epsilon": 0.2678259770484906, "gamma": 0.03582503719636281, "lamda": 0.11195356586189498}, "datetime": {"datetime": "2021-09-23 16:10:15", "elapsed": 848.217962, "delta": 3.604686}}
{"target": -1.9234092734926924, "params": {"C": 426.1082196803474, "epsilon": 0.2868370175120597, "gamma": 0.041578641844572384, "lamda": 0.027045551805565934}, "datetime": {"datetime": "2021-09-23 16:10:19", "elapsed": 851.842226, "delta": 3.624264}}
{"target": -1.9720265583934677, "params": {"C": 426.0700256497866, "epsilon": 0.1825399607196612, "gamma": 0.043991459844824825, "lamda": 0.027998972454803036}, "datetime": {"datetime": "2021-09-23 16:10:23", "elapsed": 856.001378, "delta": 4.159152}}
{"target": -1.983136247595577, "params": {"C": 426.0921875686748, "epsilon": 0.3564668192950309, "gamma": 0.04688303295946801, "lamda": 0.07464350519396454}, "datetime": {"datetime": "2021-09-23 16:10:27", "elapsed": 860.152862, "delta": 4.151484}}
{"target": -2.03632508904057, "params": {"C": 481.42605726571963, "epsilon": 0.5940716203153862, "gamma": 0.0416300679551429, "lamda": 0.08675311750881622}, "datetime": {"datetime": "2021-09-23 16:10:29", "elapsed": 862.106264, "delta": 1.953402}}
{"target": -1.9869947371713856, "params": {"C": 456.7378279404527, "epsilon": 0.3980147154576066, "gamma": 0.037068593807140476, "lamda": 0.07221603560104053}, "datetime": {"datetime": "2021-09-23 16:10:31", "elapsed": 864.457586, "delta": 2.351322}}
{"target": -2.0261707395651247, "params": {"C": 493.6024990637384, "epsilon": 0.2471011812238334, "gamma": 0.03679050693064805, "lamda": 0.16250979890180434}, "datetime": {"datetime": "2021-09-23 16:10:33", "elapsed": 866.50243, "delta": 2.044844}}
{"target": -1.9625515311705781, "params": {"C": 477.3119613901502, "epsilon": 0.031287418555459245, "gamma": 0.04572120958280006, "lamda": 0.19181660560304192}, "datetime": {"datetime": "2021-09-23 16:10:39", "elapsed": 872.165665, "delta": 5.663235}}
{"target": -1.9275868336031257, "params": {"C": 440.54582319214705, "epsilon": 0.04367867599246658, "gamma": 0.036419491896799466, "lamda": 0.14837322219162352}, "datetime": {"datetime": "2021-09-23 16:10:41", "elapsed": 874.479308, "delta": 2.313643}}
{"target": -1.9713606943583801, "params": {"C": 403.4268863151859, "epsilon": 0.7529486210206598, "gamma": 0.04263012737293644, "lamda": 0.03241076370767808}, "datetime": {"datetime": "2021-09-23 16:10:45", "elapsed": 878.0925, "delta": 3.613192}}
{"target": -1.948991302469955, "params": {"C": 436.0778047261581, "epsilon": 0.0977827600753979, "gamma": 0.04681940203986164, "lamda": 0.14220839939860958}, "datetime": {"datetime": "2021-09-23 16:10:49", "elapsed": 882.185358, "delta": 4.092858}}
{"target": -1.9431825648341616, "params": {"C": 496.5270200743757, "epsilon": 0.7835341850160545, "gamma": 0.032351374976658194, "lamda": 0.01889781161717599}, "datetime": {"datetime": "2021-09-23 16:10:51", "elapsed": 884.209377, "delta": 2.024019}}
{"target": -1.9590245086655187, "params": {"C": 413.3884190439228, "epsilon": 0.22098698581637438, "gamma": 0.04090902800866788, "lamda": 0.023549630433307066}, "datetime": {"datetime": "2021-09-23 16:10:55", "elapsed": 888.406921, "delta": 4.197544}}
{"target": -1.9530333741934804, "params": {"C": 426.0155591297792, "epsilon": 0.26728743374847874, "gamma": 0.04197290713101699, "lamda": 0.07247573007906648}, "datetime": {"datetime": "2021-09-23 16:10:59", "elapsed": 892.093071, "delta": 3.68615}}
{"target": -2.025187985474869, "params": {"C": 400.4545720830731, "epsilon": 0.6489117168610952, "gamma": 0.04514851739184979, "lamda": 0.07287019836440284}, "datetime": {"datetime": "2021-09-23 16:11:01", "elapsed": 894.085834, "delta": 1.992763}}
{"target": -1.9233164141076344, "params": {"C": 464.0710976929866, "epsilon": 0.20454078455217134, "gamma": 0.030179121005529243, "lamda": 0.04200191126975657}, "datetime": {"datetime": "2021-09-23 16:11:03", "elapsed": 896.175433, "delta": 2.089599}}
{"target": -2.0448869669171135, "params": {"C": 463.96208081742896, "epsilon": 0.5052268073588652, "gamma": 0.041802416957502364, "lamda": 0.11525949425941595}, "datetime": {"datetime": "2021-09-23 16:11:05", "elapsed": 898.122745, "delta": 1.947312}}
{"target": -2.1289222264103027, "params": {"C": 409.168080752776, "epsilon": 0.7560590524499446, "gamma": 0.03262387312331876, "lamda": 0.1295597013274002}, "datetime": {"datetime": "2021-09-23 16:11:07", "elapsed": 900.25912, "delta": 2.136375}}
{"target": -2.011586918209983, "params": {"C": 463.75223762277204, "epsilon": 0.19829381669568807, "gamma": 0.034100585661905033, "lamda": 0.159927168865308}, "datetime": {"datetime": "2021-09-23 16:11:11", "elapsed": 903.909993, "delta": 3.650873}}
{"target": -2.0603396588691023, "params": {"C": 468.53781701683835, "epsilon": 0.3722303528536074, "gamma": 0.045233525660772635, "lamda": 0.19767710638740488}, "datetime": {"datetime": "2021-09-23 16:11:13", "elapsed": 905.912397, "delta": 2.002404}}
{"target": -2.0102258831000555, "params": {"C": 405.9258708573486, "epsilon": 0.035191638329869525, "gamma": 0.04203776911688058, "lamda": 0.04495967900248324}, "datetime": {"datetime": "2021-09-23 16:11:15", "elapsed": 908.049221, "delta": 2.136824}}
{"target": -1.9380138011541022, "params": {"C": 425.9709733105283, "epsilon": 0.2548981332040262, "gamma": 0.03331787266759571, "lamda": 0.017789137530453927}, "datetime": {"datetime": "2021-09-23 16:11:18", "elapsed": 911.751855, "delta": 3.702634}}
{"target": -2.1321105453400775, "params": {"C": 486.2931840377469, "epsilon": 0.6361564316839065, "gamma": 0.032220938266782795, "lamda": 0.15478063155230942}, "datetime": {"datetime": "2021-09-23 16:11:20", "elapsed": 913.802778, "delta": 2.050923}}
{"target": -1.9832721379172382, "params": {"C": 400.30531229311504, "epsilon": 0.046856020279002125, "gamma": 0.04082029142016793, "lamda": 0.06013202864011813}, "datetime": {"datetime": "2021-09-23 16:11:23", "elapsed": 916.01045, "delta": 2.207672}}
{"target": -1.995956646767207, "params": {"C": 435.76347156067317, "epsilon": 0.09033728659133786, "gamma": 0.039864969666849076, "lamda": 0.025799242060227233}, "datetime": {"datetime": "2021-09-23 16:11:27", "elapsed": 920.707854, "delta": 4.697404}}
{"target": -1.9402557414641803, "params": {"C": 405.2194149918892, "epsilon": 0.29049184278269025, "gamma": 0.04775886916317902, "lamda": 0.047934861854607824}, "datetime": {"datetime": "2021-09-23 16:11:29", "elapsed": 922.747114, "delta": 2.03926}}
{"target": -1.9225646713193492, "params": {"C": 426.18089966562644, "epsilon": 0.24121527611297075, "gamma": 0.04371610631805812, "lamda": 0.04669321072186268}, "datetime": {"datetime": "2021-09-23 16:11:36", "elapsed": 928.860178, "delta": 6.113064}}
{"target": -1.9084766036816319, "params": {"C": 426.2772895002505, "epsilon": 0.25819863395310827, "gamma": 0.03824544458369266, "lamda": 0.03761312709864645}, "datetime": {"datetime": "2021-09-23 16:11:40", "elapsed": 932.92231, "delta": 4.062132}}
{"target": -2.0055671140037212, "params": {"C": 464.2252605808909, "epsilon": 0.04399494742839363, "gamma": 0.04241683938102872, "lamda": 0.060164946980772196}, "datetime": {"datetime": "2021-09-23 16:11:42", "elapsed": 935.032702, "delta": 2.110392}}
{"target": -1.9150938882281363, "params": {"C": 426.308922983108, "epsilon": 0.36223135497764747, "gamma": 0.03960453523426751, "lamda": 0.02937174902786917}, "datetime": {"datetime": "2021-09-23 16:11:46", "elapsed": 939.336597, "delta": 4.303895}}
{"target": -2.0893984211085996, "params": {"C": 427.6352357124819, "epsilon": 0.5976757201955119, "gamma": 0.03625314840621484, "lamda": 0.1368491425875102}, "datetime": {"datetime": "2021-09-23 16:11:48", "elapsed": 941.510995, "delta": 2.174398}}
{"target": -1.9686883728500801, "params": {"C": 426.3339864882187, "epsilon": 0.26417201527314893, "gamma": 0.04441535817000908, "lamda": 0.08595629113948061}, "datetime": {"datetime": "2021-09-23 16:11:53", "elapsed": 946.070618, "delta": 4.559623}}
{"target": -1.9358770512318624, "params": {"C": 442.94012976486385, "epsilon": 0.05578968432900795, "gamma": 0.03632527293602561, "lamda": 0.10583263317360991}, "datetime": {"datetime": "2021-09-23 16:11:55", "elapsed": 948.503438, "delta": 2.43282}}
{"target": -1.954561616170503, "params": {"C": 469.0311548715883, "epsilon": 0.09809783637437741, "gamma": 0.031261147730197204, "lamda": 0.15460697262898332}, "datetime": {"datetime": "2021-09-23 16:11:57", "elapsed": 950.577371, "delta": 2.073933}}
{"target": -2.0355921768175285, "params": {"C": 426.3131545493789, "epsilon": 0.4075608934929519, "gamma": 0.03438913685726756, "lamda": 0.1041234450567829}, "datetime": {"datetime": "2021-09-23 16:12:02", "elapsed": 955.049289, "delta": 4.471918}}
{"target": -1.927768257164852, "params": {"C": 476.88400035354266, "epsilon": 0.10330488956335575, "gamma": 0.03772943486853222, "lamda": 0.11978613907693289}, "datetime": {"datetime": "2021-09-23 16:12:04", "elapsed": 957.177362, "delta": 2.128073}}
{"target": -1.9256585940879982, "params": {"C": 426.2478292927778, "epsilon": 0.3045910383770194, "gamma": 0.03101721225884449, "lamda": 0.0414350214110383}, "datetime": {"datetime": "2021-09-23 16:12:09", "elapsed": 961.837634, "delta": 4.660272}}
{"target": -1.9355417474092944, "params": {"C": 453.36436591745746, "epsilon": 0.213810354102634, "gamma": 0.04525675169307586, "lamda": 0.04457655420931596}, "datetime": {"datetime": "2021-09-23 16:12:11", "elapsed": 964.078021, "delta": 2.240387}}
{"target": -1.9956087246697667, "params": {"C": 476.87102172025345, "epsilon": 0.13038216461672128, "gamma": 0.04450641040859478, "lamda": 0.1966445468990043}, "datetime": {"datetime": "2021-09-23 16:12:14", "elapsed": 967.788133, "delta": 3.710112}}
{"target": -1.9171960845657223, "params": {"C": 476.8790981896886, "epsilon": 0.15992632065191842, "gamma": 0.04010109344537232, "lamda": 0.046507550367805156}, "datetime": {"datetime": "2021-09-23 16:12:19", "elapsed": 971.954012, "delta": 4.165879}}
{"target": -1.9940304334230539, "params": {"C": 476.8381735682075, "epsilon": 0.08450916375446406, "gamma": 0.04442638617892146, "lamda": 0.04620897124153038}, "datetime": {"datetime": "2021-09-23 16:12:23", "elapsed": 976.721734, "delta": 4.767722}}
{"target": -2.0406335317820417, "params": {"C": 409.7320468844879, "epsilon": 0.7761620579115258, "gamma": 0.04696020148204709, "lamda": 0.07449719805169817}, "datetime": {"datetime": "2021-09-23 16:12:25", "elapsed": 978.792822, "delta": 2.071088}}
{"target": -1.9435784600416572, "params": {"C": 426.25649793548433, "epsilon": 0.17047950920297222, "gamma": 0.04130404183080715, "lamda": 0.035779514332992826}, "datetime": {"datetime": "2021-09-23 16:12:30", "elapsed": 983.745485, "delta": 4.952663}}
{"target": -1.9784693171731178, "params": {"C": 456.23962292323415, "epsilon": 0.1614586770996867, "gamma": 0.03754925383288584, "lamda": 0.15371530409599682}, "datetime": {"datetime": "2021-09-23 16:12:33", "elapsed": 985.972206, "delta": 2.226721}}
{"target": -1.9677475472492865, "params": {"C": 476.9129592436118, "epsilon": 0.2254825598903896, "gamma": 0.03288028502517238, "lamda": 0.09781189204514476}, "datetime": {"datetime": "2021-09-23 16:12:38", "elapsed": 991.289098, "delta": 5.316892}}
{"target": -2.0342305502444624, "params": {"C": 463.5025898826112, "epsilon": 0.6814831678670634, "gamma": 0.03972533820418554, "lamda": 0.0701235546058131}, "datetime": {"datetime": "2021-09-23 16:12:40", "elapsed": 993.433304, "delta": 2.144206}}
{"target": -1.96342918112864, "params": {"C": 476.9500286077226, "epsilon": 0.14700194013350715, "gamma": 0.03922069683688781, "lamda": 0.029279930552067252}, "datetime": {"datetime": "2021-09-23 16:12:44", "elapsed": 997.493596, "delta": 4.060292}}
{"target": -1.975806361948999, "params": {"C": 426.22415172347075, "epsilon": 0.21055569184542008, "gamma": 0.036551280082027696, "lamda": 0.1238326646166476}, "datetime": {"datetime": "2021-09-23 16:12:50", "elapsed": 1003.811589, "delta": 6.317993}}
{"target": -1.9364641824973412, "params": {"C": 463.69997733828603, "epsilon": 0.058663350138252315, "gamma": 0.03, "lamda": 0.08655735658177409}, "datetime": {"datetime": "2021-09-23 16:12:56", "elapsed": 1009.203173, "delta": 5.391584}}
