{"target": 0.9036955699209536, "params": {"C": 1118.937296595105, "epsilon": 0.3899045713864021, "gamma": 0.0359921406348379, "lamda": 0.37422611348436186}, "datetime": {"datetime": "2021-09-23 23:29:40", "elapsed": 121.619538, "delta": 0.796998}}
{"target": 0.9175041307664884, "params": {"C": 1145.1473314199516, "epsilon": 0.44838590884222096, "gamma": 0.06711659042709872, "lamda": 0.06299330262801098}, "datetime": {"datetime": "2021-09-23 23:29:41", "elapsed": 122.554854, "delta": 0.935316}}
{"target": 0.9025556130392196, "params": {"C": 1125.6017497323135, "epsilon": 0.1689221104619052, "gamma": 0.017007184343163298, "lamda": 0.23331095071931504}, "datetime": {"datetime": "2021-09-23 23:29:42", "elapsed": 123.373868, "delta": 0.819014}}
{"target": 0.9035611472737957, "params": {"C": 1206.3957456160738, "epsilon": 0.20125699407951422, "gamma": 0.01603067729769661, "lamda": 0.15540863652779463}, "datetime": {"datetime": "2021-09-23 23:29:43", "elapsed": 124.364984, "delta": 0.991116}}
{"target": 0.929654952161552, "params": {"C": 1146.0607568624428, "epsilon": 0.043000755123260584, "gamma": 0.0359659917940184, "lamda": 0.09181147301113766}, "datetime": {"datetime": "2021-09-23 23:29:44", "elapsed": 125.36387, "delta": 0.998886}}
{"target": 0.905994378027657, "params": {"C": 1219.145091403148, "epsilon": 0.4647863564000826, "gamma": 0.012769899347972829, "lamda": 0.009687409651195827}, "datetime": {"datetime": "2021-09-23 23:29:45", "elapsed": 126.490261, "delta": 1.126391}}
{"target": 0.9228692360056188, "params": {"C": 1233.7129812508886, "epsilon": 0.21099382386151436, "gamma": 0.05584899481050088, "lamda": 0.038863736700962395}, "datetime": {"datetime": "2021-09-23 23:29:47", "elapsed": 127.67234, "delta": 1.182079}}
{"target": 0.9236768974172151, "params": {"C": 1233.5941745775917, "epsilon": 0.19199005331866748, "gamma": 0.05664513763906312, "lamda": 0.06382356884437042}, "datetime": {"datetime": "2021-09-23 23:29:48", "elapsed": 128.885626, "delta": 1.213286}}
{"target": 0.9127789598990402, "params": {"C": 1235.8213468341755, "epsilon": 0.23719352630289625, "gamma": 0.050721266050142856, "lamda": 0.35249065111661143}, "datetime": {"datetime": "2021-09-23 23:29:49", "elapsed": 129.750308, "delta": 0.864682}}
{"target": 0.8997270814961212, "params": {"C": 1230.0199104874373, "epsilon": 0.4532827704472492, "gamma": 0.022770628390317182, "lamda": 0.21483746020791367}, "datetime": {"datetime": "2021-09-23 23:29:49", "elapsed": 130.57205, "delta": 0.821742}}
{"target": 0.9058593119783914, "params": {"C": 1221.7202759133108, "epsilon": 0.36708362343904744, "gamma": 0.05168583522898372, "lamda": 0.38711855849264687}, "datetime": {"datetime": "2021-09-23 23:29:50", "elapsed": 131.376274, "delta": 0.804224}}
{"target": 0.8836408419237841, "params": {"C": 1269.4553589918041, "epsilon": 0.8586228929876127, "gamma": 0.02517909588461329, "lamda": 0.3140453097601589}, "datetime": {"datetime": "2021-09-23 23:29:51", "elapsed": 132.207564, "delta": 0.83129}}
{"target": 0.917095802949894, "params": {"C": 1155.213695358612, "epsilon": 0.8033795955428874, "gamma": 0.039660547334527674, "lamda": 0.06985791171315069}, "datetime": {"datetime": "2021-09-23 23:29:52", "elapsed": 133.286796, "delta": 1.079232}}
{"target": 0.9213623021494537, "params": {"C": 1180.9125859733995, "epsilon": 0.09001714952804177, "gamma": 0.04848187083272072, "lamda": 0.32157901228421215}, "datetime": {"datetime": "2021-09-23 23:29:53", "elapsed": 134.302696, "delta": 1.0159}}
{"target": 0.9182471039358768, "params": {"C": 1128.1857140173859, "epsilon": 0.5888045107378427, "gamma": 0.06504740881825616, "lamda": 0.0482610410932755}, "datetime": {"datetime": "2021-09-23 23:29:54", "elapsed": 135.149688, "delta": 0.846992}}
{"target": 0.9039476355928263, "params": {"C": 1279.727724897195, "epsilon": 0.6185763598343774, "gamma": 0.02061217621091978, "lamda": 0.09350671556013719}, "datetime": {"datetime": "2021-09-23 23:29:55", "elapsed": 136.040686, "delta": 0.890998}}
{"target": 0.9242571308199489, "params": {"C": 1120.6428573526448, "epsilon": 0.14390770004376757, "gamma": 0.04834551239586066, "lamda": 0.14850622628340052}, "datetime": {"datetime": "2021-09-23 23:29:56", "elapsed": 136.950335, "delta": 0.909649}}
{"target": 0.9176272739745491, "params": {"C": 1219.116488666238, "epsilon": 0.5239970221527691, "gamma": 0.031751294207288575, "lamda": 0.07815228247661853}, "datetime": {"datetime": "2021-09-23 23:29:57", "elapsed": 138.00382, "delta": 1.053485}}
{"target": 0.9166663064018263, "params": {"C": 1132.6701904867743, "epsilon": 0.33005874065095075, "gamma": 0.024853664229830336, "lamda": 0.08302160271663965}, "datetime": {"datetime": "2021-09-23 23:29:58", "elapsed": 138.993821, "delta": 0.990001}}
{"target": 0.9146111558192225, "params": {"C": 1108.2405852878028, "epsilon": 0.3335014294797043, "gamma": 0.057126553852282345, "lamda": 0.012727345301542431}, "datetime": {"datetime": "2021-09-23 23:29:59", "elapsed": 140.056066, "delta": 1.062245}}
{"target": 0.9243827087271134, "params": {"C": 1249.5777926460448, "epsilon": 0.115685748993414, "gamma": 0.05365184437828765, "lamda": 0.13475468528303067}, "datetime": {"datetime": "2021-09-23 23:30:00", "elapsed": 140.945713, "delta": 0.889647}}
{"target": 0.920116847236841, "params": {"C": 1104.0223532462337, "epsilon": 0.09431904536384, "gamma": 0.06360494801426893, "lamda": 0.13706178529170035}, "datetime": {"datetime": "2021-09-23 23:30:01", "elapsed": 141.961916, "delta": 1.016203}}
{"target": 0.8884750249250596, "params": {"C": 1145.6918521369846, "epsilon": 0.7698049723452728, "gamma": 0.03538959043808588, "lamda": 0.3897190800849119}, "datetime": {"datetime": "2021-09-23 23:30:02", "elapsed": 142.792449, "delta": 0.830533}}
{"target": 0.9223218065863158, "params": {"C": 1108.1435137350588, "epsilon": 0.3233664817758243, "gamma": 0.029849645786707457, "lamda": 0.06813606077670051}, "datetime": {"datetime": "2021-09-23 23:30:03", "elapsed": 143.839445, "delta": 1.046996}}
{"target": 0.9146491593758637, "params": {"C": 1132.4294549834947, "epsilon": 0.21857043689120637, "gamma": 0.05040871908317592, "lamda": 0.010123435734350077}, "datetime": {"datetime": "2021-09-23 23:30:04", "elapsed": 144.932541, "delta": 1.093096}}
{"target": 0.8901450892501209, "params": {"C": 1145.2585980977565, "epsilon": 0.40803296824006113, "gamma": 0.01, "lamda": 0.001}, "datetime": {"datetime": "2021-09-23 23:30:05", "elapsed": 146.260123, "delta": 1.327582}}
{"target": 0.9225536083757226, "params": {"C": 1146.186932029582, "epsilon": 0.049456518557788154, "gamma": 0.023655092816647856, "lamda": 0.20701509641422153}, "datetime": {"datetime": "2021-09-23 23:30:06", "elapsed": 147.348555, "delta": 1.088432}}
{"target": 0.8938433603214351, "params": {"C": 1190.4634384570743, "epsilon": 0.8845577604014204, "gamma": 0.06726095454254982, "lamda": 0.2664105709497139}, "datetime": {"datetime": "2021-09-23 23:30:07", "elapsed": 148.287642, "delta": 0.939087}}
{"target": 0.9171335156455214, "params": {"C": 1233.6913810045, "epsilon": 0.1735472306511536, "gamma": 0.07, "lamda": 0.0958114100679085}, "datetime": {"datetime": "2021-09-23 23:30:09", "elapsed": 149.665076, "delta": 1.377434}}
{"target": 0.912009253575826, "params": {"C": 1284.7197914378414, "epsilon": 0.35334958591303156, "gamma": 0.03294353803791373, "lamda": 0.2105446967346407}, "datetime": {"datetime": "2021-09-23 23:30:09", "elapsed": 150.552534, "delta": 0.887458}}
{"target": 0.9256507910255226, "params": {"C": 1223.297097078371, "epsilon": 0.905792366489505, "gamma": 0.026419496068691997, "lamda": 0.0028421042458847186}, "datetime": {"datetime": "2021-09-23 23:30:10", "elapsed": 151.450639, "delta": 0.898105}}
{"target": 0.901216758228393, "params": {"C": 1224.3567159201257, "epsilon": 0.7779513838105001, "gamma": 0.03301129464586619, "lamda": 0.20481887528168644}, "datetime": {"datetime": "2021-09-23 23:30:11", "elapsed": 152.348582, "delta": 0.897943}}
{"target": 0.9174083019082464, "params": {"C": 1132.4399935060892, "epsilon": 0.15144008724433086, "gamma": 0.06933143924695626, "lamda": 0.11395309145348997}, "datetime": {"datetime": "2021-09-23 23:30:12", "elapsed": 153.634272, "delta": 1.28569}}
{"target": 0.9239217446071908, "params": {"C": 1164.674266310516, "epsilon": 0.15604013606188918, "gamma": 0.028239496966688267, "lamda": 0.10349314056274374}, "datetime": {"datetime": "2021-09-23 23:30:13", "elapsed": 154.562833, "delta": 0.928561}}
{"target": 0.922615688494287, "params": {"C": 1132.4003039775766, "epsilon": 0.2538501867725025, "gamma": 0.05547485896828819, "lamda": 0.08769363511418456}, "datetime": {"datetime": "2021-09-23 23:30:15", "elapsed": 155.676496, "delta": 1.113663}}
{"target": 0.9228751052959836, "params": {"C": 1249.526286330783, "epsilon": 0.07404713825744597, "gamma": 0.05768675236999862, "lamda": 0.1474664026652707}, "datetime": {"datetime": "2021-09-23 23:30:16", "elapsed": 156.956845, "delta": 1.280349}}
{"target": 0.9186355606688107, "params": {"C": 1238.7497500835946, "epsilon": 0.08576029296853716, "gamma": 0.06423086874781381, "lamda": 0.25600111850151275}, "datetime": {"datetime": "2021-09-23 23:30:17", "elapsed": 157.865692, "delta": 0.908847}}
{"target": 0.9184452490976225, "params": {"C": 1222.7475971219055, "epsilon": 0.6068234654724605, "gamma": 0.06206218619010844, "lamda": 0.056101047444487455}, "datetime": {"datetime": "2021-09-23 23:30:18", "elapsed": 159.097564, "delta": 1.231872}}
{"target": 0.927634556324767, "params": {"C": 1146.0265226780286, "epsilon": 0.08947861274644418, "gamma": 0.0382902191672347, "lamda": 0.15473834413458648}, "datetime": {"datetime": "2021-09-23 23:30:19", "elapsed": 160.34414, "delta": 1.246576}}
{"target": 0.9158864169399166, "params": {"C": 1223.2499756941966, "epsilon": 0.9131943680751998, "gamma": 0.06942710611651237, "lamda": 0.035644596173606054}, "datetime": {"datetime": "2021-09-23 23:30:20", "elapsed": 161.475452, "delta": 1.131312}}
{"target": 0.9007092400755671, "params": {"C": 1178.326196593739, "epsilon": 0.8689558899552464, "gamma": 0.03991076940820488, "lamda": 0.21928658974679768}, "datetime": {"datetime": "2021-09-23 23:30:21", "elapsed": 162.394666, "delta": 0.919214}}
{"target": 0.9006355702390411, "params": {"C": 1266.1977007484911, "epsilon": 0.4501279224740865, "gamma": 0.06925388723128682, "lamda": 0.34122235652654853}, "datetime": {"datetime": "2021-09-23 23:30:22", "elapsed": 163.279882, "delta": 0.885216}}
{"target": 0.9076659826277069, "params": {"C": 1155.2430855063428, "epsilon": 0.7978516860541738, "gamma": 0.013678707953287355, "lamda": 0.0055972667266443}, "datetime": {"datetime": "2021-09-23 23:30:23", "elapsed": 164.572688, "delta": 1.292806}}
{"target": 0.896976829624599, "params": {"C": 1239.494196185017, "epsilon": 0.8179732043622379, "gamma": 0.05077892836585951, "lamda": 0.2910764569900695}, "datetime": {"datetime": "2021-09-23 23:30:24", "elapsed": 165.488686, "delta": 0.915998}}
{"target": 0.9183472843412434, "params": {"C": 1146.0015499829933, "epsilon": 0.1765093962890875, "gamma": 0.06185837142043138, "lamda": 0.04264383065582092}, "datetime": {"datetime": "2021-09-23 23:30:25", "elapsed": 166.565139, "delta": 1.076453}}
{"target": 0.9209624187212789, "params": {"C": 1145.3509767234086, "epsilon": 0.46194826243142495, "gamma": 0.02471183288934266, "lamda": 0.0368100934885683}, "datetime": {"datetime": "2021-09-23 23:30:26", "elapsed": 167.631656, "delta": 1.066517}}
{"target": 0.8921152456002855, "params": {"C": 1108.2096240291824, "epsilon": 0.3255296199913096, "gamma": 0.01, "lamda": 0.07178293845636478}, "datetime": {"datetime": "2021-09-23 23:30:28", "elapsed": 168.890425, "delta": 1.258769}}
{"target": 0.9154894723750876, "params": {"C": 1111.1465307984884, "epsilon": 0.5248416812960333, "gamma": 0.06082391713066613, "lamda": 0.1044609914273352}, "datetime": {"datetime": "2021-09-23 23:30:29", "elapsed": 169.853211, "delta": 0.962786}}
{"target": 0.9175420903033942, "params": {"C": 1108.1643672138914, "epsilon": 0.27645680084732, "gamma": 0.058770172552344215, "lamda": 0.021218077246784657}, "datetime": {"datetime": "2021-09-23 23:30:30", "elapsed": 171.065912, "delta": 1.212701}}
{"target": 0.9231733570105154, "params": {"C": 1254.3081153416917, "epsilon": 0.03317923825347977, "gamma": 0.05576914425162556, "lamda": 0.29384052611087463}, "datetime": {"datetime": "2021-09-23 23:30:31", "elapsed": 172.014887, "delta": 0.948975}}
{"target": 0.9167677510947008, "params": {"C": 1108.1659369108395, "epsilon": 0.35579426959638466, "gamma": 0.03367720780903955, "lamda": 0.001}, "datetime": {"datetime": "2021-09-23 23:30:33", "elapsed": 173.748496, "delta": 1.733609}}
{"target": 0.9149270391390918, "params": {"C": 1215.6932996608195, "epsilon": 0.23435641908216923, "gamma": 0.06620260516889882, "lamda": 0.19368359311872285}, "datetime": {"datetime": "2021-09-23 23:30:34", "elapsed": 174.708615, "delta": 0.960119}}
{"target": 0.9275203266652575, "params": {"C": 1183.9568246993733, "epsilon": 0.11365902581868549, "gamma": 0.03752459875973424, "lamda": 0.12658616511846316}, "datetime": {"datetime": "2021-09-23 23:30:34", "elapsed": 175.643736, "delta": 0.935121}}
{"target": 0.8906436177648571, "params": {"C": 1200.9335242886234, "epsilon": 0.2098862450273653, "gamma": 0.01269391680920132, "lamda": 0.2258706608179359}, "datetime": {"datetime": "2021-09-23 23:30:35", "elapsed": 176.618355, "delta": 0.974619}}
{"target": 0.9194637547740047, "params": {"C": 1233.6239075636206, "epsilon": 0.23575834989754724, "gamma": 0.06496790896834566, "lamda": 0.08313905315688644}, "datetime": {"datetime": "2021-09-23 23:30:37", "elapsed": 178.164874, "delta": 1.546519}}
{"target": 0.9110641721290924, "params": {"C": 1284.0480901054389, "epsilon": 0.5735154209906408, "gamma": 0.02973259303678314, "lamda": 0.11971657020548479}, "datetime": {"datetime": "2021-09-23 23:30:38", "elapsed": 179.183872, "delta": 1.018998}}
{"target": 0.9270060512161338, "params": {"C": 1180.890998289016, "epsilon": 0.05401862240980145, "gamma": 0.038368335169562784, "lamda": 0.2597645904951664}, "datetime": {"datetime": "2021-09-23 23:30:39", "elapsed": 180.467346, "delta": 1.283474}}
{"target": 0.8971637460363897, "params": {"C": 1146.0565848433816, "epsilon": 0.03342456501416538, "gamma": 0.011311273464685332, "lamda": 0.012139039664784416}, "datetime": {"datetime": "2021-09-23 23:30:41", "elapsed": 181.891805, "delta": 1.424459}}
{"target": 0.9294341970585447, "params": {"C": 1146.0299143303014, "epsilon": 0.066765921099378, "gamma": 0.033647144353638095, "lamda": 0.1368160874239368}, "datetime": {"datetime": "2021-09-23 23:30:42", "elapsed": 183.435528, "delta": 1.543723}}
{"target": 0.8915828227092686, "params": {"C": 1180.9489414346867, "epsilon": 0.10489461735488366, "gamma": 0.010979907705129147, "lamda": 0.2831362720658811}, "datetime": {"datetime": "2021-09-23 23:30:43", "elapsed": 184.633737, "delta": 1.198209}}
{"target": 0.8953995863536954, "params": {"C": 1187.9690095302367, "epsilon": 0.988027579060858, "gamma": 0.031209914705645617, "lamda": 0.20730164403035167}, "datetime": {"datetime": "2021-09-23 23:30:45", "elapsed": 185.648742, "delta": 1.015005}}
{"target": 0.923597161823298, "params": {"C": 1183.910137365288, "epsilon": 0.10887158468365093, "gamma": 0.029888847907094583, "lamda": 0.16651290711982267}, "datetime": {"datetime": "2021-09-23 23:30:46", "elapsed": 186.909051, "delta": 1.260309}}
{"target": 0.9237275793035669, "params": {"C": 1146.060354735313, "epsilon": 0.03708799054013612, "gamma": 0.051595349676311124, "lamda": 0.15595611427988343}, "datetime": {"datetime": "2021-09-23 23:30:47", "elapsed": 188.225283, "delta": 1.316232}}
{"target": 0.9092882509985277, "params": {"C": 1206.435719736638, "epsilon": 0.2660857657739371, "gamma": 0.014610339098923293, "lamda": 0.03306209632317542}, "datetime": {"datetime": "2021-09-23 23:30:48", "elapsed": 189.597807, "delta": 1.372524}}
{"target": 0.9219914838777429, "params": {"C": 1206.3354030125713, "epsilon": 0.1753931381382224, "gamma": 0.06013816863994877, "lamda": 0.07511486469619726}, "datetime": {"datetime": "2021-09-23 23:30:50", "elapsed": 191.061418, "delta": 1.463611}}
{"target": 0.918364689906804, "params": {"C": 1180.9033761877756, "epsilon": 0.06224099372217116, "gamma": 0.06551914809392631, "lamda": 0.2927139401915087}, "datetime": {"datetime": "2021-09-23 23:30:51", "elapsed": 192.277676, "delta": 1.216258}}
{"target": 0.9181505148669629, "params": {"C": 1277.100348481785, "epsilon": 0.3691434709727437, "gamma": 0.019763714487383593, "lamda": 0.03467279695962808}, "datetime": {"datetime": "2021-09-23 23:30:52", "elapsed": 193.357706, "delta": 1.08003}}
{"target": 0.9279840032394253, "params": {"C": 1232.6694751286657, "epsilon": 0.037622144864147264, "gamma": 0.04081127540684235, "lamda": 0.3019656829947444}, "datetime": {"datetime": "2021-09-23 23:30:54", "elapsed": 194.771326, "delta": 1.41362}}
{"target": 0.9198994725303422, "params": {"C": 1217.6695793124363, "epsilon": 0.6306722498829271, "gamma": 0.05410018427307728, "lamda": 0.008949603825385368}, "datetime": {"datetime": "2021-09-23 23:30:55", "elapsed": 195.845129, "delta": 1.073803}}
{"target": 0.8712112751243352, "params": {"C": 1127.4884797494517, "epsilon": 0.9066557613141163, "gamma": 0.016501499343136012, "lamda": 0.28026277813654543}, "datetime": {"datetime": "2021-09-23 23:30:56", "elapsed": 196.890994, "delta": 1.045865}}
{"target": 0.9202537922370251, "params": {"C": 1283.0406862790228, "epsilon": 0.9442410319794989, "gamma": 0.020359713541141466, "lamda": 0.0046525485722616194}, "datetime": {"datetime": "2021-09-23 23:30:57", "elapsed": 197.936754, "delta": 1.04576}}
{"target": 0.9186747335304972, "params": {"C": 1132.337148263035, "epsilon": 0.31853777651003523, "gamma": 0.06581934771595423, "lamda": 0.036616078781795874}, "datetime": {"datetime": "2021-09-23 23:30:58", "elapsed": 199.577304, "delta": 1.64055}}
{"target": 0.9290509622964508, "params": {"C": 1108.2214083634576, "epsilon": 0.4382078865993846, "gamma": 0.041868755734156805, "lamda": 0.0214534951459831}, "datetime": {"datetime": "2021-09-23 23:31:00", "elapsed": 200.838987, "delta": 1.261683}}
{"target": 0.9284085882963389, "params": {"C": 1132.6514043329933, "epsilon": 0.292227818317047, "gamma": 0.029109791518161694, "lamda": 0.01815243372266115}, "datetime": {"datetime": "2021-09-23 23:31:01", "elapsed": 202.421691, "delta": 1.582704}}
{"target": 0.908882235400809, "params": {"C": 1275.1939209944671, "epsilon": 0.8695954284945514, "gamma": 0.01617549865772478, "lamda": 0.021386879150166193}, "datetime": {"datetime": "2021-09-23 23:31:02", "elapsed": 203.589306, "delta": 1.167615}}
{"target": 0.9268940968272757, "params": {"C": 1172.220995050428, "epsilon": 0.04293243332465948, "gamma": 0.04071505288968297, "lamda": 0.3197623223910071}, "datetime": {"datetime": "2021-09-23 23:31:04", "elapsed": 204.672245, "delta": 1.082939}}
{"target": 0.9132858567715887, "params": {"C": 1239.9684712163726, "epsilon": 0.5328001993768217, "gamma": 0.04703599159159425, "lamda": 0.1612844200684688}, "datetime": {"datetime": "2021-09-23 23:31:05", "elapsed": 205.728206, "delta": 1.055961}}
{"target": 0.9039875271427212, "params": {"C": 1108.153214338242, "epsilon": 0.46187032714104703, "gamma": 0.012949480555916095, "lamda": 0.031329131761580614}, "datetime": {"datetime": "2021-09-23 23:31:06", "elapsed": 207.221687, "delta": 1.493481}}
{"target": 0.9266988460927855, "params": {"C": 1145.2946842084168, "epsilon": 0.32289491365164935, "gamma": 0.04802787479326974, "lamda": 0.02198643490757808}, "datetime": {"datetime": "2021-09-23 23:31:08", "elapsed": 208.677524, "delta": 1.455837}}
{"target": 0.911952978791408, "params": {"C": 1145.392758817307, "epsilon": 0.3617127151368833, "gamma": 0.01785368799872531, "lamda": 0.05106430194307834}, "datetime": {"datetime": "2021-09-23 23:31:09", "elapsed": 210.070541, "delta": 1.393017}}
{"target": 0.9245992979828569, "params": {"C": 1180.8455174273208, "epsilon": 0.06168666413866702, "gamma": 0.033565189730786454, "lamda": 0.2880298547047462}, "datetime": {"datetime": "2021-09-23 23:31:10", "elapsed": 211.506521, "delta": 1.43598}}
{"target": 0.9179796400637714, "params": {"C": 1172.2611926561249, "epsilon": 0.05592846952071161, "gamma": 0.06629286365764332, "lamda": 0.31390151216285345}, "datetime": {"datetime": "2021-09-23 23:31:12", "elapsed": 212.849806, "delta": 1.343285}}
{"target": 0.9153729786520846, "params": {"C": 1232.7079225699895, "epsilon": 0.08056654998610699, "gamma": 0.02241371015146093, "lamda": 0.2796618221410583}, "datetime": {"datetime": "2021-09-23 23:31:13", "elapsed": 214.316668, "delta": 1.466862}}
{"target": 0.9031013731754122, "params": {"C": 1146.0639000763927, "epsilon": 0.10918071589806976, "gamma": 0.012308381344502895, "lamda": 0.11167524028888745}, "datetime": {"datetime": "2021-09-23 23:31:15", "elapsed": 215.832943, "delta": 1.516275}}
{"target": 0.9044277007160951, "params": {"C": 1205.8658496437452, "epsilon": 0.4710866968149353, "gamma": 0.06067348889690649, "lamda": 0.30473691415270376}, "datetime": {"datetime": "2021-09-23 23:31:16", "elapsed": 216.870352, "delta": 1.037409}}
{"target": 0.9132114105697869, "params": {"C": 1203.841905583338, "epsilon": 0.9957457242159313, "gamma": 0.03410370304809121, "lamda": 0.06971160003567652}, "datetime": {"datetime": "2021-09-23 23:31:17", "elapsed": 217.977996, "delta": 1.107644}}
{"target": 0.920863496829257, "params": {"C": 1183.9297556291494, "epsilon": 0.1562678676453161, "gamma": 0.057360015601665204, "lamda": 0.04531908264368109}, "datetime": {"datetime": "2021-09-23 23:31:19", "elapsed": 219.764798, "delta": 1.786802}}
{"target": 0.9223602980312904, "params": {"C": 1132.5272533726852, "epsilon": 0.2536153756561282, "gamma": 0.022275246046510856, "lamda": 0.020103681915301787}, "datetime": {"datetime": "2021-09-23 23:31:20", "elapsed": 221.275573, "delta": 1.510775}}
