{"target": 0.9153528385980723, "params": {"C": 1255.2337966459233, "epsilon": 0.7419559052434727, "gamma": 0.06771646050194878, "lamda": 0.05625771328540941}, "datetime": {"datetime": "2021-09-24 08:05:11", "elapsed": 87.194046, "delta": 0.988779}}
{"target": 0.9232036678838894, "params": {"C": 1332.8318171608569, "epsilon": 0.04234538297696141, "gamma": 0.022719790485298704, "lamda": 0.19347662841777158}, "datetime": {"datetime": "2021-09-24 08:05:12", "elapsed": 88.114769, "delta": 0.920723}}
{"target": 0.903317771223874, "params": {"C": 1306.2453082558773, "epsilon": 0.08526288143423674, "gamma": 0.012128364043338228, "lamda": 0.15847294222352862}, "datetime": {"datetime": "2021-09-24 08:05:12", "elapsed": 88.894769, "delta": 0.78}}
{"target": 0.9215468463549625, "params": {"C": 1255.3731296317476, "epsilon": 0.8135194562645688, "gamma": 0.04520784816937962, "lamda": 0.04180969870756362}, "datetime": {"datetime": "2021-09-24 08:05:13", "elapsed": 89.886258, "delta": 0.991489}}
{"target": 0.9157409282552617, "params": {"C": 1299.3609337688495, "epsilon": 0.2607956519883421, "gamma": 0.043715077692807774, "lamda": 0.257267554410696}, "datetime": {"datetime": "2021-09-24 08:05:14", "elapsed": 90.731057, "delta": 0.844799}}
{"target": 0.9267960535712275, "params": {"C": 1245.1786572949006, "epsilon": 0.37241433240221966, "gamma": 0.04373140729143769, "lamda": 0.04379956074803851}, "datetime": {"datetime": "2021-09-24 08:05:15", "elapsed": 91.598177, "delta": 0.86712}}
{"target": 0.9164372818177255, "params": {"C": 1332.8471971422887, "epsilon": 0.13369083317345035, "gamma": 0.06877578136730486, "lamda": 0.19665927104104536}, "datetime": {"datetime": "2021-09-24 08:05:16", "elapsed": 92.759301, "delta": 1.161124}}
{"target": 0.9099875485483905, "params": {"C": 1255.293680814689, "epsilon": 0.8880657324420447, "gamma": 0.03672574166064837, "lamda": 0.11160629382955263}, "datetime": {"datetime": "2021-09-24 08:05:17", "elapsed": 93.755188, "delta": 0.995887}}
{"target": 0.9074203322593445, "params": {"C": 1361.8570654598893, "epsilon": 0.24953022686291432, "gamma": 0.03174120971822739, "lamda": 0.3959755288598539}, "datetime": {"datetime": "2021-09-24 08:05:18", "elapsed": 94.533526, "delta": 0.778338}}
{"target": 0.9202231134776425, "params": {"C": 1222.2348727357748, "epsilon": 0.15940624080733246, "gamma": 0.048832562763475626, "lamda": 0.23117264300962911}, "datetime": {"datetime": "2021-09-24 08:05:19", "elapsed": 95.383838, "delta": 0.850312}}
{"target": 0.9183864571581101, "params": {"C": 1254.7533242483848, "epsilon": 0.8521469727564794, "gamma": 0.019353167449943268, "lamda": 0.002889736109050558}, "datetime": {"datetime": "2021-09-24 08:05:20", "elapsed": 96.26695, "delta": 0.883112}}
{"target": 0.9170188282931769, "params": {"C": 1245.0587942913075, "epsilon": 0.40075461088995823, "gamma": 0.06528803652672595, "lamda": 0.021727688675710313}, "datetime": {"datetime": "2021-09-24 08:05:21", "elapsed": 97.384939, "delta": 1.117989}}
{"target": 0.9066236474304508, "params": {"C": 1249.7270738997724, "epsilon": 0.6836189943343498, "gamma": 0.05884154412193709, "lamda": 0.19195156509524197}, "datetime": {"datetime": "2021-09-24 08:05:22", "elapsed": 98.26283, "delta": 0.877891}}
{"target": 0.9112451754240869, "params": {"C": 1319.0720615170535, "epsilon": 0.5427503498020761, "gamma": 0.04374978539374783, "lamda": 0.1862258772591661}, "datetime": {"datetime": "2021-09-24 08:05:23", "elapsed": 99.233284, "delta": 0.970454}}
{"target": 0.9078001393597538, "params": {"C": 1208.226073135515, "epsilon": 0.08837926210696986, "gamma": 0.013552908832471788, "lamda": 0.051935322208272836}, "datetime": {"datetime": "2021-09-24 08:05:24", "elapsed": 100.330515, "delta": 1.097231}}
{"target": 0.9034723252648957, "params": {"C": 1332.7233263338662, "epsilon": 0.12345825775433152, "gamma": 0.011663753902556147, "lamda": 0.059867908714688514}, "datetime": {"datetime": "2021-09-24 08:05:25", "elapsed": 101.343584, "delta": 1.013069}}
{"target": 0.9237506336696766, "params": {"C": 1245.2785174631513, "epsilon": 0.4593424054191516, "gamma": 0.04060661652656437, "lamda": 0.05658578529586496}, "datetime": {"datetime": "2021-09-24 08:05:26", "elapsed": 102.375978, "delta": 1.032394}}
{"target": 0.9188164429411099, "params": {"C": 1334.358059580708, "epsilon": 0.14742843030751573, "gamma": 0.043074157575042855, "lamda": 0.3183593243230231}, "datetime": {"datetime": "2021-09-24 08:05:27", "elapsed": 103.354138, "delta": 0.97816}}
{"target": 0.9220702820602446, "params": {"C": 1208.2916632597753, "epsilon": 0.09319710931480477, "gamma": 0.058100328755550254, "lamda": 0.193594379852996}, "datetime": {"datetime": "2021-09-24 08:05:28", "elapsed": 104.418874, "delta": 1.064736}}
{"target": 0.9043314077937223, "params": {"C": 1332.6162613056476, "epsilon": 0.03236338083240143, "gamma": 0.061970936122430834, "lamda": 0.10156148173278155}, "datetime": {"datetime": "2021-09-24 08:05:29", "elapsed": 105.453552, "delta": 1.034678}}
{"target": 0.9249818766923421, "params": {"C": 1333.6601293259575, "epsilon": 0.158477294067946, "gamma": 0.049759902484325366, "lamda": 0.04027005645109971}, "datetime": {"datetime": "2021-09-24 08:05:30", "elapsed": 106.316799, "delta": 0.863247}}
{"target": 0.9215155773731317, "params": {"C": 1245.2413770482785, "epsilon": 0.39839327710475314, "gamma": 0.040037320235829815, "lamda": 0.08611026604616476}, "datetime": {"datetime": "2021-09-24 08:05:31", "elapsed": 107.336217, "delta": 1.019418}}
{"target": 0.9224146709433066, "params": {"C": 1245.187741505164, "epsilon": 0.4384877429399826, "gamma": 0.050992554883458954, "lamda": 0.012282054084107059}, "datetime": {"datetime": "2021-09-24 08:05:32", "elapsed": 108.514856, "delta": 1.178639}}
{"target": 0.9281443485485309, "params": {"C": 1319.1310855282547, "epsilon": 0.5431340454736073, "gamma": 0.041047371079207993, "lamda": 0.023488927162763792}, "datetime": {"datetime": "2021-09-24 08:05:33", "elapsed": 109.384728, "delta": 0.869872}}
{"target": 0.9196938834879286, "params": {"C": 1352.6970624918026, "epsilon": 0.4376139820887217, "gamma": 0.0452438444260524, "lamda": 0.10230803864004533}, "datetime": {"datetime": "2021-09-24 08:05:34", "elapsed": 110.35418, "delta": 0.969452}}
{"target": 0.9111657920326962, "params": {"C": 1399.939588108705, "epsilon": 0.9413578200147077, "gamma": 0.05169587417401512, "lamda": 0.1074887568570277}, "datetime": {"datetime": "2021-09-24 08:05:35", "elapsed": 111.286375, "delta": 0.932195}}
{"target": 0.9016700956579842, "params": {"C": 1277.8104324424419, "epsilon": 0.9706437187470232, "gamma": 0.046747562496621535, "lamda": 0.19747547043438402}, "datetime": {"datetime": "2021-09-24 08:05:36", "elapsed": 112.286949, "delta": 1.000574}}
{"target": 0.9217065988239113, "params": {"C": 1271.0890710539197, "epsilon": 0.17998400187653382, "gamma": 0.054238940631976096, "lamda": 0.14901654730523006}, "datetime": {"datetime": "2021-09-24 08:05:37", "elapsed": 113.310847, "delta": 1.023898}}
{"target": 0.9182424646179796, "params": {"C": 1208.1597875517261, "epsilon": 0.09809910294907645, "gamma": 0.021450989613329002, "lamda": 0.15618921492985519}, "datetime": {"datetime": "2021-09-24 08:05:38", "elapsed": 114.460313, "delta": 1.149466}}
{"target": 0.9299328851278303, "params": {"C": 1319.2348901136536, "epsilon": 0.5771251866924969, "gamma": 0.03158092023183888, "lamda": 0.008822648058223678}, "datetime": {"datetime": "2021-09-24 08:05:39", "elapsed": 115.771855, "delta": 1.311542}}
{"target": 0.9166120431718509, "params": {"C": 1319.0410625596187, "epsilon": 0.5078297456274636, "gamma": 0.06787196860094846, "lamda": 0.020716685281295673}, "datetime": {"datetime": "2021-09-24 08:05:40", "elapsed": 117.03959, "delta": 1.267735}}
{"target": 0.902581668047146, "params": {"C": 1292.464738082672, "epsilon": 0.8784011947375866, "gamma": 0.035864657870234413, "lamda": 0.18268796728063807}, "datetime": {"datetime": "2021-09-24 08:05:41", "elapsed": 118.023502, "delta": 0.983912}}
{"target": 0.9158003944343296, "params": {"C": 1208.1970670895644, "epsilon": 0.25591006214042544, "gamma": 0.06070675025055345, "lamda": 0.2002367214040495}, "datetime": {"datetime": "2021-09-24 08:05:43", "elapsed": 119.089682, "delta": 1.06618}}
{"target": 0.8795026114683641, "params": {"C": 1371.0147816622648, "epsilon": 0.4492766887690173, "gamma": 0.016580179125591267, "lamda": 0.372529342562119}, "datetime": {"datetime": "2021-09-24 08:05:43", "elapsed": 120.026025, "delta": 0.936343}}
{"target": 0.9246359878400185, "params": {"C": 1333.7511671606399, "epsilon": 0.19950948918705738, "gamma": 0.033332813599301, "lamda": 0.0991323268708199}, "datetime": {"datetime": "2021-09-24 08:05:45", "elapsed": 121.140167, "delta": 1.114142}}
{"target": 0.9170894832700469, "params": {"C": 1319.1443213944663, "epsilon": 0.6507954945441368, "gamma": 0.05100778250398615, "lamda": 0.08828903941001828}, "datetime": {"datetime": "2021-09-24 08:05:46", "elapsed": 122.27323, "delta": 1.133063}}
{"target": 0.906275640281266, "params": {"C": 1325.4850882614528, "epsilon": 0.3693580054067216, "gamma": 0.02634467881683837, "lamda": 0.21723529157773994}, "datetime": {"datetime": "2021-09-24 08:05:47", "elapsed": 123.154036, "delta": 0.880806}}
{"target": 0.925187979231004, "params": {"C": 1332.902438443669, "epsilon": 0.05213518020008896, "gamma": 0.04657265690310978, "lamda": 0.08733253529387373}, "datetime": {"datetime": "2021-09-24 08:05:48", "elapsed": 124.35697, "delta": 1.202934}}
{"target": 0.9209460355868597, "params": {"C": 1277.7800913029403, "epsilon": 0.3401515195022249, "gamma": 0.0434942823660553, "lamda": 0.11052632772186367}, "datetime": {"datetime": "2021-09-24 08:05:49", "elapsed": 125.402174, "delta": 1.045204}}
{"target": 0.9219308421527749, "params": {"C": 1332.77178916059, "epsilon": 0.053553765904645695, "gamma": 0.02427893217457711, "lamda": 0.24440920362410526}, "datetime": {"datetime": "2021-09-24 08:05:50", "elapsed": 126.533184, "delta": 1.13101}}
{"target": 0.9295889148809002, "params": {"C": 1332.7836131522104, "epsilon": 0.03574599995503024, "gamma": 0.04086329967531687, "lamda": 0.15786256851082434}, "datetime": {"datetime": "2021-09-24 08:05:51", "elapsed": 127.74791, "delta": 1.214726}}
{"target": 0.9169685911689817, "params": {"C": 1319.2074005826128, "epsilon": 0.5182139943958181, "gamma": 0.07, "lamda": 0.0323347849442933}, "datetime": {"datetime": "2021-09-24 08:05:53", "elapsed": 129.226683, "delta": 1.478773}}
{"target": 0.9213666777255896, "params": {"C": 1333.7103815805153, "epsilon": 0.114008142510161, "gamma": 0.061213000766826446, "lamda": 0.10890645966975651}, "datetime": {"datetime": "2021-09-24 08:05:54", "elapsed": 130.61334, "delta": 1.386657}}
{"target": 0.8970666926074256, "params": {"C": 1319.168736388896, "epsilon": 0.6041275224641726, "gamma": 0.01, "lamda": 0.001}, "datetime": {"datetime": "2021-09-24 08:05:56", "elapsed": 132.423054, "delta": 1.809714}}
{"target": 0.9146788825614072, "params": {"C": 1329.1531901529856, "epsilon": 0.18578780875497816, "gamma": 0.03830070175886905, "lamda": 0.371737462306453}, "datetime": {"datetime": "2021-09-24 08:05:57", "elapsed": 133.503686, "delta": 1.080632}}
{"target": 0.9232782972911681, "params": {"C": 1245.225120380179, "epsilon": 0.3910025274908353, "gamma": 0.04547459064641231, "lamda": 0.07104381736555329}, "datetime": {"datetime": "2021-09-24 08:05:58", "elapsed": 134.532792, "delta": 1.029106}}
{"target": 0.8953720585363336, "params": {"C": 1319.299872488279, "epsilon": 0.6401573003122686, "gamma": 0.01205872405522702, "lamda": 0.046023521221020255}, "datetime": {"datetime": "2021-09-24 08:05:59", "elapsed": 135.753274, "delta": 1.220482}}
{"target": 0.9211582309307021, "params": {"C": 1200.6750810352557, "epsilon": 0.13815203910770157, "gamma": 0.05647117480349506, "lamda": 0.18408296354879608}, "datetime": {"datetime": "2021-09-24 08:06:00", "elapsed": 136.670625, "delta": 0.917351}}
{"target": 0.9038695058963525, "params": {"C": 1232.6034289251666, "epsilon": 0.34743995673532013, "gamma": 0.013468633300450646, "lamda": 0.05330243849330429}, "datetime": {"datetime": "2021-09-24 08:06:01", "elapsed": 137.770176, "delta": 1.099551}}
{"target": 0.921200840047725, "params": {"C": 1332.7427498938341, "epsilon": 0.07084694981633374, "gamma": 0.06041836782027671, "lamda": 0.14035521608803314}, "datetime": {"datetime": "2021-09-24 08:06:03", "elapsed": 139.090114, "delta": 1.319938}}
{"target": 0.9066054105484423, "params": {"C": 1214.6058793396462, "epsilon": 0.9168420432300616, "gamma": 0.06438177597614335, "lamda": 0.1303446318282557}, "datetime": {"datetime": "2021-09-24 08:06:03", "elapsed": 140.00866, "delta": 0.918546}}
{"target": 0.8792506735462944, "params": {"C": 1298.7699221303637, "epsilon": 0.8019920863470515, "gamma": 0.011360563424432047, "lamda": 0.10186944481795716}, "datetime": {"datetime": "2021-09-24 08:06:04", "elapsed": 140.959062, "delta": 0.950402}}
{"target": 0.9298527384344776, "params": {"C": 1245.3164496365803, "epsilon": 0.39879371226292437, "gamma": 0.034087012041498915, "lamda": 0.022530633226233054}, "datetime": {"datetime": "2021-09-24 08:06:06", "elapsed": 142.049199, "delta": 1.090137}}
{"target": 0.9246993358368208, "params": {"C": 1333.6675609164304, "epsilon": 0.22054613889979316, "gamma": 0.034909326436445474, "lamda": 0.09409054807131616}, "datetime": {"datetime": "2021-09-24 08:06:07", "elapsed": 143.240297, "delta": 1.191098}}
{"target": 0.9096224274807506, "params": {"C": 1356.4471824930965, "epsilon": 0.8825338918417113, "gamma": 0.04352623366631094, "lamda": 0.12991968158693193}, "datetime": {"datetime": "2021-09-24 08:06:08", "elapsed": 144.287183, "delta": 1.046886}}
{"target": 0.923587598522197, "params": {"C": 1322.7065907783058, "epsilon": 0.5555438076395907, "gamma": 0.04303483696326408, "lamda": 0.048108682927731766}, "datetime": {"datetime": "2021-09-24 08:06:09", "elapsed": 145.324973, "delta": 1.03779}}
{"target": 0.921991142831541, "params": {"C": 1332.7587638126483, "epsilon": 0.12994014256067182, "gamma": 0.04767143463012303, "lamda": 0.22487194984188022}, "datetime": {"datetime": "2021-09-24 08:06:10", "elapsed": 146.670836, "delta": 1.345863}}
{"target": 0.915426853350278, "params": {"C": 1255.701427447677, "epsilon": 0.9659241571484438, "gamma": 0.04109002458193385, "lamda": 0.0692406859728594}, "datetime": {"datetime": "2021-09-24 08:06:11", "elapsed": 147.754512, "delta": 1.083676}}
{"target": 0.8990294432846726, "params": {"C": 1228.8049900650092, "epsilon": 0.60767133708906, "gamma": 0.05681738717212499, "lamda": 0.3374657420211903}, "datetime": {"datetime": "2021-09-24 08:06:12", "elapsed": 148.750626, "delta": 0.996114}}
{"target": 0.9196913689768742, "params": {"C": 1232.4916392612306, "epsilon": 0.2535961821529077, "gamma": 0.06471361836900814, "lamda": 0.06975705524704183}, "datetime": {"datetime": "2021-09-24 08:06:14", "elapsed": 150.141154, "delta": 1.390528}}
{"target": 0.9178062802018317, "params": {"C": 1245.3241038288415, "epsilon": 0.3754476704212897, "gamma": 0.06513940759167057, "lamda": 0.08321866046644594}, "datetime": {"datetime": "2021-09-24 08:06:15", "elapsed": 151.502228, "delta": 1.361074}}
{"target": 0.921338143241994, "params": {"C": 1333.6444165246846, "epsilon": 0.20795303756680583, "gamma": 0.04825835804646438, "lamda": 0.16111622193433914}, "datetime": {"datetime": "2021-09-24 08:06:16", "elapsed": 152.6165, "delta": 1.114272}}
{"target": 0.9187601434044588, "params": {"C": 1232.6653147916286, "epsilon": 0.30035246518402126, "gamma": 0.06618362238053836, "lamda": 0.07179539129485644}, "datetime": {"datetime": "2021-09-24 08:06:17", "elapsed": 154.030675, "delta": 1.414175}}
{"target": 0.9022772159397204, "params": {"C": 1251.7028371812407, "epsilon": 0.10779638748941558, "gamma": 0.0691834446578232, "lamda": 0.03751760977264476}, "datetime": {"datetime": "2021-09-24 08:06:19", "elapsed": 155.127893, "delta": 1.097218}}
{"target": 0.9282000003147677, "params": {"C": 1332.8413342675276, "epsilon": 0.05026128341108234, "gamma": 0.027113318974766647, "lamda": 0.11699192534243724}, "datetime": {"datetime": "2021-09-24 08:06:20", "elapsed": 156.459029, "delta": 1.331136}}
{"target": 0.9036955699209536, "params": {"C": 1218.937296595105, "epsilon": 0.3899045713864021, "gamma": 0.0359921406348379, "lamda": 0.37422611348436186}, "datetime": {"datetime": "2021-09-24 08:06:21", "elapsed": 157.519716, "delta": 1.060687}}
{"target": 0.9205621056740505, "params": {"C": 1245.994916903946, "epsilon": 0.16887252525030214, "gamma": 0.06314601077643024, "lamda": 0.08457744257889037}, "datetime": {"datetime": "2021-09-24 08:06:22", "elapsed": 158.63593, "delta": 1.116214}}
{"target": 0.9025556130392196, "params": {"C": 1225.6017497323135, "epsilon": 0.1689221104619052, "gamma": 0.017007184343163298, "lamda": 0.23331095071931504}, "datetime": {"datetime": "2021-09-24 08:06:23", "elapsed": 159.627357, "delta": 0.991427}}
{"target": 0.9204139656065756, "params": {"C": 1208.0787722543355, "epsilon": 0.2630112136908446, "gamma": 0.06055770890733465, "lamda": 0.09490244763952786}, "datetime": {"datetime": "2021-09-24 08:06:24", "elapsed": 160.969699, "delta": 1.342342}}
{"target": 0.9122348891427722, "params": {"C": 1232.5601353195957, "epsilon": 0.2563188533196974, "gamma": 0.06919880729764537, "lamda": 0.027251919023444357}, "datetime": {"datetime": "2021-09-24 08:06:26", "elapsed": 162.217388, "delta": 1.247689}}
{"target": 0.9064299963139886, "params": {"C": 1319.145091403148, "epsilon": 0.4647863564000826, "gamma": 0.012769899347972829, "lamda": 0.009687409651195827}, "datetime": {"datetime": "2021-09-24 08:06:27", "elapsed": 163.871029, "delta": 1.653641}}
{"target": 0.9148268664078929, "params": {"C": 1333.7178960611213, "epsilon": 0.19415858960879362, "gamma": 0.07, "lamda": 0.04790470045215848}, "datetime": {"datetime": "2021-09-24 08:06:29", "elapsed": 165.439177, "delta": 1.568148}}
{"target": 0.9208130753231258, "params": {"C": 1332.5960737885405, "epsilon": 0.050563083091424925, "gamma": 0.020799086339076626, "lamda": 0.1634669252465519}, "datetime": {"datetime": "2021-09-24 08:06:31", "elapsed": 167.164094, "delta": 1.724917}}
{"target": 0.9127789598990402, "params": {"C": 1335.8213468341755, "epsilon": 0.23719352630289625, "gamma": 0.050721266050142856, "lamda": 0.35249065111661143}, "datetime": {"datetime": "2021-09-24 08:06:32", "elapsed": 168.204905, "delta": 1.040811}}
{"target": 0.8997270814961212, "params": {"C": 1330.0199104874373, "epsilon": 0.4532827704472492, "gamma": 0.022770628390317182, "lamda": 0.21483746020791367}, "datetime": {"datetime": "2021-09-24 08:06:33", "elapsed": 169.256491, "delta": 1.051586}}
{"target": 0.9058593119783914, "params": {"C": 1321.7202759133108, "epsilon": 0.36708362343904744, "gamma": 0.05168583522898372, "lamda": 0.38711855849264687}, "datetime": {"datetime": "2021-09-24 08:06:34", "elapsed": 170.35277, "delta": 1.096279}}
{"target": 0.8836408419237841, "params": {"C": 1369.4553589918041, "epsilon": 0.8586228929876127, "gamma": 0.02517909588461329, "lamda": 0.3140453097601589}, "datetime": {"datetime": "2021-09-24 08:06:35", "elapsed": 171.46124, "delta": 1.10847}}
{"target": 0.9204452362458306, "params": {"C": 1322.6441237804743, "epsilon": 0.52640184773963, "gamma": 0.04467713739164334, "lamda": 0.07588831404674826}, "datetime": {"datetime": "2021-09-24 08:06:36", "elapsed": 172.805641, "delta": 1.344401}}
{"target": 0.9080074051242351, "params": {"C": 1245.9448877459124, "epsilon": 0.19519516762202885, "gamma": 0.01849609666637954, "lamda": 0.15617800788028777}, "datetime": {"datetime": "2021-09-24 08:06:38", "elapsed": 174.203903, "delta": 1.398262}}
{"target": 0.9182471039358768, "params": {"C": 1228.1857140173859, "epsilon": 0.5888045107378427, "gamma": 0.06504740881825616, "lamda": 0.0482610410932755}, "datetime": {"datetime": "2021-09-24 08:06:39", "elapsed": 175.229397, "delta": 1.025494}}
{"target": 0.9039476355928263, "params": {"C": 1379.727724897195, "epsilon": 0.6185763598343774, "gamma": 0.02061217621091978, "lamda": 0.09350671556013719}, "datetime": {"datetime": "2021-09-24 08:06:40", "elapsed": 176.388053, "delta": 1.158656}}
{"target": 0.9242571308199489, "params": {"C": 1220.6428573526448, "epsilon": 0.14390770004376757, "gamma": 0.04834551239586066, "lamda": 0.14850622628340052}, "datetime": {"datetime": "2021-09-24 08:06:41", "elapsed": 177.523628, "delta": 1.135575}}
{"target": 0.9276699416525584, "params": {"C": 1333.646378255702, "epsilon": 0.11522354998170205, "gamma": 0.02945396801924037, "lamda": 0.09352172972389695}, "datetime": {"datetime": "2021-09-24 08:06:42", "elapsed": 178.811682, "delta": 1.288054}}
{"target": 0.9177856752639749, "params": {"C": 1208.2347642501772, "epsilon": 0.18107307298541944, "gamma": 0.06592904817117498, "lamda": 0.15155289097851035}, "datetime": {"datetime": "2021-09-24 08:06:44", "elapsed": 180.19161, "delta": 1.379928}}
{"target": 0.9214595486786461, "params": {"C": 1332.65746784046, "epsilon": 0.06092500645563576, "gamma": 0.030319814308173522, "lamda": 0.35318108288765643}, "datetime": {"datetime": "2021-09-24 08:06:45", "elapsed": 181.55473, "delta": 1.36312}}
{"target": 0.9243827087271134, "params": {"C": 1349.5777926460448, "epsilon": 0.115685748993414, "gamma": 0.05365184437828765, "lamda": 0.13475468528303067}, "datetime": {"datetime": "2021-09-24 08:06:46", "elapsed": 182.681405, "delta": 1.126675}}
{"target": 0.920116847236841, "params": {"C": 1204.0223532462337, "epsilon": 0.09431904536384, "gamma": 0.06360494801426893, "lamda": 0.13706178529170035}, "datetime": {"datetime": "2021-09-24 08:06:48", "elapsed": 184.169761, "delta": 1.488356}}
{"target": 0.8884750249250596, "params": {"C": 1245.6918521369846, "epsilon": 0.7698049723452728, "gamma": 0.03538959043808588, "lamda": 0.3897190800849119}, "datetime": {"datetime": "2021-09-24 08:06:49", "elapsed": 185.373949, "delta": 1.204188}}
