{"target": -2.0140379925923018, "params": {"C": 205.2931386764258, "epsilon": 0.5649077005436083, "gamma": 0.04186765047500178, "lamda": 0.08933932459849418}, "datetime": {"datetime": "2021-09-23 14:06:24", "elapsed": 429.724049, "delta": 1.411506}}
{"target": -1.924916460214763, "params": {"C": 309.46702334847356, "epsilon": 0.6187061578793271, "gamma": 0.044328746803941034, "lamda": 0.017146943634371713}, "datetime": {"datetime": "2021-09-23 14:06:26", "elapsed": 431.805317, "delta": 2.081268}}
{"target": -2.02940953734637, "params": {"C": 349.94562759720236, "epsilon": 0.1291798656650972, "gamma": 0.02, "lamda": 0.09928170780470143}, "datetime": {"datetime": "2021-09-23 14:06:28", "elapsed": 434.686976, "delta": 2.881659}}
{"target": -1.9572827013986354, "params": {"C": 204.58942430951586, "epsilon": 0.3098306780183938, "gamma": 0.05777017715456979, "lamda": 0.04918444348180575}, "datetime": {"datetime": "2021-09-23 14:06:31", "elapsed": 436.866587, "delta": 2.179611}}
{"target": -2.005051137629572, "params": {"C": 309.55089077134824, "epsilon": 0.6651401067666487, "gamma": 0.03503651547246429, "lamda": 0.05427955527859661}, "datetime": {"datetime": "2021-09-23 14:06:33", "elapsed": 439.009526, "delta": 2.142939}}
{"target": -2.018085234030631, "params": {"C": 267.26775786944, "epsilon": 0.2780484539918018, "gamma": 0.04555681046242388, "lamda": 0.17405338134501003}, "datetime": {"datetime": "2021-09-23 14:06:34", "elapsed": 440.503526, "delta": 1.494}}
{"target": -1.9734874082848524, "params": {"C": 194.12248352406468, "epsilon": 0.3291062867737743, "gamma": 0.06, "lamda": 0.09210861327595272}, "datetime": {"datetime": "2021-09-23 14:06:37", "elapsed": 442.751528, "delta": 2.248002}}
{"target": -1.989306848418257, "params": {"C": 268.95541261076585, "epsilon": 0.20865404305483948, "gamma": 0.06, "lamda": 0.12741314227347716}, "datetime": {"datetime": "2021-09-23 14:06:39", "elapsed": 445.069524, "delta": 2.317996}}
{"target": -1.952885329951215, "params": {"C": 204.53547610317932, "epsilon": 0.2752415983562427, "gamma": 0.04503665449116369, "lamda": 0.10762698579985878}, "datetime": {"datetime": "2021-09-23 14:06:42", "elapsed": 448.132037, "delta": 3.062513}}
{"target": -2.004917591912344, "params": {"C": 203.22742757764163, "epsilon": 0.2857055364561836, "gamma": 0.05804934089661043, "lamda": 0.1610491111103734}, "datetime": {"datetime": "2021-09-23 14:06:43", "elapsed": 449.624126, "delta": 1.492089}}
{"target": -2.015016890404005, "params": {"C": 268.7857423397501, "epsilon": 0.30216190852034797, "gamma": 0.04012629170484332, "lamda": 0.15008076879564092}, "datetime": {"datetime": "2021-09-23 14:06:45", "elapsed": 451.353397, "delta": 1.729271}}
{"target": -1.956867924146013, "params": {"C": 309.3533712764305, "epsilon": 0.6760841076971634, "gamma": 0.05141393168527081, "lamda": 0.015050268411397089}, "datetime": {"datetime": "2021-09-23 14:06:48", "elapsed": 453.92691, "delta": 2.573513}}
{"target": -2.1410777286563114, "params": {"C": 259.4424754923917, "epsilon": 0.5942948581122904, "gamma": 0.046184664304624284, "lamda": 0.2192026285627579}, "datetime": {"datetime": "2021-09-23 14:06:49", "elapsed": 455.564911, "delta": 1.638001}}
{"target": -2.0444620385268966, "params": {"C": 237.11559495401937, "epsilon": 0.7553264606174205, "gamma": 0.038751471449308655, "lamda": 0.07839084197960441}, "datetime": {"datetime": "2021-09-23 14:06:51", "elapsed": 457.22336, "delta": 1.658449}}
{"target": -1.9633378745259313, "params": {"C": 187.68201631010712, "epsilon": 0.7312035029689685, "gamma": 0.03277130286429454, "lamda": 0.02096953124744867}, "datetime": {"datetime": "2021-09-23 14:06:53", "elapsed": 458.833201, "delta": 1.609841}}
{"target": -2.0136306010056484, "params": {"C": 229.81637273573824, "epsilon": 0.04651448530409137, "gamma": 0.057219730334411634, "lamda": 0.0893566521200547}, "datetime": {"datetime": "2021-09-23 14:06:54", "elapsed": 460.426415, "delta": 1.593214}}
{"target": -2.139013376872043, "params": {"C": 348.80396358511575, "epsilon": 0.7045377275881589, "gamma": 0.04764346122809763, "lamda": 0.1823153626212845}, "datetime": {"datetime": "2021-09-23 14:06:56", "elapsed": 462.022079, "delta": 1.595664}}
{"target": -1.9799650142153196, "params": {"C": 268.99235886719396, "epsilon": 0.17497873302575417, "gamma": 0.02555385525026681, "lamda": 0.07300591958056174}, "datetime": {"datetime": "2021-09-23 14:06:58", "elapsed": 464.664007, "delta": 2.641928}}
{"target": -2.0593753836139626, "params": {"C": 309.4566403857059, "epsilon": 0.5879667310892631, "gamma": 0.02305814749936679, "lamda": 0.05504148801327342}, "datetime": {"datetime": "2021-09-23 14:07:01", "elapsed": 467.412695, "delta": 2.748688}}
{"target": -2.1498238212093113, "params": {"C": 258.99404339021777, "epsilon": 0.7167776871920929, "gamma": 0.04964210419168528, "lamda": 0.1852680919888432}, "datetime": {"datetime": "2021-09-23 14:07:03", "elapsed": 468.949467, "delta": 1.536772}}
{"target": -1.9292361409893608, "params": {"C": 251.06675348163645, "epsilon": 0.1653374417209369, "gamma": 0.040116627292032664, "lamda": 0.0455568893269102}, "datetime": {"datetime": "2021-09-23 14:07:05", "elapsed": 471.346051, "delta": 2.396584}}
{"target": -1.957080613789153, "params": {"C": 251.17426302980996, "epsilon": 0.10907887987570238, "gamma": 0.05581205148167434, "lamda": 0.14798391702012526}, "datetime": {"datetime": "2021-09-23 14:07:07", "elapsed": 473.304012, "delta": 1.957961}}
{"target": -1.9291299948963947, "params": {"C": 258.2046517649514, "epsilon": 0.10795737057100264, "gamma": 0.0370426423440246, "lamda": 0.0811100983954496}, "datetime": {"datetime": "2021-09-23 14:07:09", "elapsed": 475.686764, "delta": 2.382752}}
{"target": -2.1538777613453823, "params": {"C": 252.99901641589884, "epsilon": 0.6811467777496023, "gamma": 0.03472670369530465, "lamda": 0.17789620088919345}, "datetime": {"datetime": "2021-09-23 14:07:11", "elapsed": 477.31698, "delta": 1.630216}}
{"target": -1.9759158696116998, "params": {"C": 251.12728520943477, "epsilon": 0.05824472424158972, "gamma": 0.049825854784370086, "lamda": 0.08161068084371594}, "datetime": {"datetime": "2021-09-23 14:07:14", "elapsed": 480.051857, "delta": 2.734877}}
{"target": -1.9412645056685047, "params": {"C": 259.4289152279995, "epsilon": 0.05205454505963147, "gamma": 0.046890242046793734, "lamda": 0.2896721069103631}, "datetime": {"datetime": "2021-09-23 14:07:17", "elapsed": 482.710073, "delta": 2.658216}}
{"target": -2.0512696770570304, "params": {"C": 180.9233472566991, "epsilon": 0.07152608833021701, "gamma": 0.022675773293119837, "lamda": 0.07735354453512563}, "datetime": {"datetime": "2021-09-23 14:07:19", "elapsed": 484.730353, "delta": 2.02028}}
{"target": -2.0269759175063635, "params": {"C": 398.05542850984665, "epsilon": 0.3833802020577797, "gamma": 0.04680153272327425, "lamda": 0.1288297396859554}, "datetime": {"datetime": "2021-09-23 14:07:20", "elapsed": 486.370076, "delta": 1.639723}}
{"target": -1.9429876202516065, "params": {"C": 251.049935049621, "epsilon": 0.2435574690044101, "gamma": 0.033309121802209546, "lamda": 0.027711679597610735}, "datetime": {"datetime": "2021-09-23 14:07:23", "elapsed": 489.28109, "delta": 2.911014}}
{"target": -2.0985643747185128, "params": {"C": 198.0378720735424, "epsilon": 0.3218487565761484, "gamma": 0.04662671396266013, "lamda": 0.2962315392348676}, "datetime": {"datetime": "2021-09-23 14:07:25", "elapsed": 490.793662, "delta": 1.512572}}
{"target": -2.054210947723174, "params": {"C": 251.0484568985863, "epsilon": 0.1588040029031217, "gamma": 0.02533798527436164, "lamda": 0.22517520967893395}, "datetime": {"datetime": "2021-09-23 14:07:27", "elapsed": 493.422352, "delta": 2.62869}}
{"target": -2.0064684287599728, "params": {"C": 349.60374718563037, "epsilon": 0.14105638247464403, "gamma": 0.04985071419473418, "lamda": 0.24242794183018612}, "datetime": {"datetime": "2021-09-23 14:07:30", "elapsed": 495.973878, "delta": 2.551526}}
{"target": -1.985473822358733, "params": {"C": 261.140807733438, "epsilon": 0.5090560217253094, "gamma": 0.05636782676720398, "lamda": 0.06355416176976444}, "datetime": {"datetime": "2021-09-23 14:07:31", "elapsed": 497.621373, "delta": 1.647495}}
{"target": -1.9499984877073833, "params": {"C": 251.15977664877343, "epsilon": 0.25610362247813034, "gamma": 0.04196479980868797, "lamda": 0.09935968700830321}, "datetime": {"datetime": "2021-09-23 14:07:34", "elapsed": 499.952469, "delta": 2.331096}}
{"target": -2.0697619920381616, "params": {"C": 269.14551786240366, "epsilon": 0.08821414350773633, "gamma": 0.02, "lamda": 0.24070681150922318}, "datetime": {"datetime": "2021-09-23 14:07:37", "elapsed": 502.805147, "delta": 2.852678}}
{"target": -1.9389032971526543, "params": {"C": 268.88806720799903, "epsilon": 0.11079758758686387, "gamma": 0.046176206522158994, "lamda": 0.08377851425710177}, "datetime": {"datetime": "2021-09-23 14:07:38", "elapsed": 504.443186, "delta": 1.638039}}
{"target": -1.9477989897781292, "params": {"C": 310.9870008528487, "epsilon": 0.4800958196196957, "gamma": 0.04487049384146441, "lamda": 0.017017289813850693}, "datetime": {"datetime": "2021-09-23 14:07:41", "elapsed": 506.702493, "delta": 2.259307}}
{"target": -2.1385812688360146, "params": {"C": 200.51101573933948, "epsilon": 0.29894695646349556, "gamma": 0.024521112585637994, "lamda": 0.22158994584527464}, "datetime": {"datetime": "2021-09-23 14:07:42", "elapsed": 508.332688, "delta": 1.630195}}
{"target": -1.9617321457729588, "params": {"C": 204.58309481952165, "epsilon": 0.23871691555688937, "gamma": 0.06, "lamda": 0.07710131286978054}, "datetime": {"datetime": "2021-09-23 14:07:45", "elapsed": 511.115225, "delta": 2.782537}}
{"target": -1.9307596994149836, "params": {"C": 250.9997483360926, "epsilon": 0.12375971529326522, "gamma": 0.033564348375400274, "lamda": 0.09266765260684735}, "datetime": {"datetime": "2021-09-23 14:07:47", "elapsed": 513.212381, "delta": 2.097156}}
{"target": -1.9416014520585398, "params": {"C": 204.50603234468343, "epsilon": 0.333024267435709, "gamma": 0.03429212681210113, "lamda": 0.036514007111974944}, "datetime": {"datetime": "2021-09-23 14:07:49", "elapsed": 515.460581, "delta": 2.2482}}
{"target": -1.9629330073615607, "params": {"C": 269.02149166751803, "epsilon": 0.3714191739577333, "gamma": 0.05669092930549033, "lamda": 0.05597633654736166}, "datetime": {"datetime": "2021-09-23 14:07:52", "elapsed": 517.978419, "delta": 2.517838}}
{"target": -1.9727159106621375, "params": {"C": 240.7294604902008, "epsilon": 0.6858904524834021, "gamma": 0.057854142509317585, "lamda": 0.03722819457463166}, "datetime": {"datetime": "2021-09-23 14:07:53", "elapsed": 519.595231, "delta": 1.616812}}
{"target": -2.1084105937628204, "params": {"C": 399.43361868327514, "epsilon": 0.7072088398194447, "gamma": 0.04224768989124417, "lamda": 0.1497429575692127}, "datetime": {"datetime": "2021-09-23 14:07:55", "elapsed": 521.283591, "delta": 1.68836}}
{"target": -1.993983621839248, "params": {"C": 349.9066183778383, "epsilon": 0.14767718551547956, "gamma": 0.03642624094119966, "lamda": 0.21249366538078257}, "datetime": {"datetime": "2021-09-23 14:07:58", "elapsed": 523.920928, "delta": 2.637337}}
{"target": -1.9685178028319972, "params": {"C": 309.44683414740473, "epsilon": 0.7329759224515469, "gamma": 0.0468654565665336, "lamda": 0.037713253294162516}, "datetime": {"datetime": "2021-09-23 14:08:00", "elapsed": 526.298703, "delta": 2.377775}}
{"target": -1.996366761147465, "params": {"C": 240.84848847958293, "epsilon": 0.7110342250455574, "gamma": 0.06, "lamda": 0.015}, "datetime": {"datetime": "2021-09-23 14:08:03", "elapsed": 529.094051, "delta": 2.795348}}
{"target": -1.991742570826122, "params": {"C": 217.30488436144293, "epsilon": 0.03580594223046584, "gamma": 0.058281700870650294, "lamda": 0.28920055476367423}, "datetime": {"datetime": "2021-09-23 14:08:05", "elapsed": 531.195389, "delta": 2.101338}}
{"target": -2.116379328040098, "params": {"C": 330.1670887587984, "epsilon": 0.6280864273229202, "gamma": 0.04995942070012667, "lamda": 0.17619414335480799}, "datetime": {"datetime": "2021-09-23 14:08:06", "elapsed": 532.679311, "delta": 1.483922}}
{"target": -2.0986460499681963, "params": {"C": 385.8086663316835, "epsilon": 0.14491391432622136, "gamma": 0.020771594681317923, "lamda": 0.22836843007221308}, "datetime": {"datetime": "2021-09-23 14:08:08", "elapsed": 534.182139, "delta": 1.502828}}
{"target": -2.1629920538226806, "params": {"C": 194.47789796644798, "epsilon": 0.5226003411439065, "gamma": 0.030858233008470785, "lamda": 0.216784819551896}, "datetime": {"datetime": "2021-09-23 14:08:09", "elapsed": 535.681681, "delta": 1.499542}}
{"target": -2.0512531961907245, "params": {"C": 311.10424228876496, "epsilon": 0.27652535173681414, "gamma": 0.06, "lamda": 0.015}, "datetime": {"datetime": "2021-09-23 14:08:12", "elapsed": 537.770297, "delta": 2.088616}}
{"target": -1.9396593886959848, "params": {"C": 250.9559569076958, "epsilon": 0.18672005976970124, "gamma": 0.0431474112274274, "lamda": 0.11714146048787083}, "datetime": {"datetime": "2021-09-23 14:08:14", "elapsed": 539.867817, "delta": 2.09752}}
{"target": -2.074311047053471, "params": {"C": 286.514615941236, "epsilon": 0.6762172523142868, "gamma": 0.04982622763401244, "lamda": 0.12342165209417548}, "datetime": {"datetime": "2021-09-23 14:08:15", "elapsed": 541.36451, "delta": 1.496693}}
{"target": -2.0005277582780003, "params": {"C": 204.5678320832103, "epsilon": 0.3609582629003578, "gamma": 0.036342704234582884, "lamda": 0.11300459316336459}, "datetime": {"datetime": "2021-09-23 14:08:18", "elapsed": 543.703163, "delta": 2.338653}}
{"target": -2.057825566593577, "params": {"C": 226.45728437265953, "epsilon": 0.5304065482844067, "gamma": 0.0395048331932924, "lamda": 0.13035980490049265}, "datetime": {"datetime": "2021-09-23 14:08:19", "elapsed": 545.254001, "delta": 1.550838}}
{"target": -1.979336750447116, "params": {"C": 209.7257860387494, "epsilon": 0.22959219163023536, "gamma": 0.030775255716419817, "lamda": 0.02290001509862922}, "datetime": {"datetime": "2021-09-23 14:08:21", "elapsed": 546.918945, "delta": 1.664944}}
{"target": -1.9360133448659804, "params": {"C": 251.04121927099345, "epsilon": 0.19561320261518494, "gamma": 0.03821687164840834, "lamda": 0.11117963792686272}, "datetime": {"datetime": "2021-09-23 14:08:23", "elapsed": 548.938285, "delta": 2.01934}}
{"target": -2.0495769887310127, "params": {"C": 242.85073606877836, "epsilon": 0.4696558836515674, "gamma": 0.04674389841578712, "lamda": 0.14249079378577795}, "datetime": {"datetime": "2021-09-23 14:08:24", "elapsed": 550.650187, "delta": 1.711902}}
{"target": -1.9617910095959872, "params": {"C": 251.11524637080595, "epsilon": 0.318408066989768, "gamma": 0.02867152589690002, "lamda": 0.061303607080201016}, "datetime": {"datetime": "2021-09-23 14:08:27", "elapsed": 553.1782, "delta": 2.528013}}
{"target": -1.9840109639417083, "params": {"C": 250.90452448889147, "epsilon": 0.19769900337727417, "gamma": 0.059251069126853226, "lamda": 0.051813323965126314}, "datetime": {"datetime": "2021-09-23 14:08:30", "elapsed": 556.230604, "delta": 3.052404}}
{"target": -2.099447385316062, "params": {"C": 395.6846696884768, "epsilon": 0.3821842861003767, "gamma": 0.03503596974809639, "lamda": 0.21836990729199457}, "datetime": {"datetime": "2021-09-23 14:08:32", "elapsed": 557.751402, "delta": 1.520798}}
{"target": -2.057615455487866, "params": {"C": 248.14832549991738, "epsilon": 0.4741633404862532, "gamma": 0.028909497959009794, "lamda": 0.101258131194489}, "datetime": {"datetime": "2021-09-23 14:08:33", "elapsed": 559.331671, "delta": 1.580269}}
{"target": -1.9463455654415125, "params": {"C": 193.9872803134587, "epsilon": 0.4363907615057192, "gamma": 0.03346955616752341, "lamda": 0.03424300148625884}, "datetime": {"datetime": "2021-09-23 14:08:37", "elapsed": 562.782086, "delta": 3.450415}}
{"target": -2.154409985186275, "params": {"C": 313.26022528118597, "epsilon": 0.5564526001278586, "gamma": 0.02844308411749693, "lamda": 0.17273434711410368}, "datetime": {"datetime": "2021-09-23 14:08:38", "elapsed": 564.320682, "delta": 1.538596}}
{"target": -2.077890481158119, "params": {"C": 330.18875339151396, "epsilon": 0.4066227241231777, "gamma": 0.02428771037088063, "lamda": 0.09953915408049147}, "datetime": {"datetime": "2021-09-23 14:08:40", "elapsed": 565.89998, "delta": 1.579298}}
{"target": -1.9351908274130096, "params": {"C": 184.39688165984498, "epsilon": 0.14733916253985313, "gamma": 0.0444727020730791, "lamda": 0.15368028335336875}, "datetime": {"datetime": "2021-09-23 14:08:41", "elapsed": 567.445909, "delta": 1.545929}}
{"target": -1.9576992529375499, "params": {"C": 251.1629531490302, "epsilon": 0.22035383189577687, "gamma": 0.03522946533129447, "lamda": 0.0220184367438952}, "datetime": {"datetime": "2021-09-23 14:08:45", "elapsed": 570.752238, "delta": 3.306329}}
{"target": -1.9819456938868187, "params": {"C": 251.22463557622615, "epsilon": 0.34342423812628275, "gamma": 0.03138805580110262, "lamda": 0.0820737253210078}, "datetime": {"datetime": "2021-09-23 14:08:47", "elapsed": 573.36228, "delta": 2.610042}}
{"target": -1.9365555234753535, "params": {"C": 250.96439167524267, "epsilon": 0.226289140533962, "gamma": 0.033038881432853724, "lamda": 0.044656997448596095}, "datetime": {"datetime": "2021-09-23 14:08:49", "elapsed": 575.595519, "delta": 2.233239}}
{"target": -2.2894772706635353, "params": {"C": 190.24545958716593, "epsilon": 0.6130365762849145, "gamma": 0.024800790475826062, "lamda": 0.2854755878540346}, "datetime": {"datetime": "2021-09-23 14:08:51", "elapsed": 577.122346, "delta": 1.526827}}
{"target": -1.9661138763483728, "params": {"C": 210.9544922239172, "epsilon": 0.5499586048851358, "gamma": 0.03588469990225137, "lamda": 0.055852440888934346}, "datetime": {"datetime": "2021-09-23 14:08:53", "elapsed": 579.612068, "delta": 2.489722}}
{"target": -2.0676820915697482, "params": {"C": 246.33467973275788, "epsilon": 0.7796410135924886, "gamma": 0.0566578809028699, "lamda": 0.08913997406354976}, "datetime": {"datetime": "2021-09-23 14:08:55", "elapsed": 581.254459, "delta": 1.642391}}
{"target": -1.9470164093455087, "params": {"C": 309.58659560756104, "epsilon": 0.4491392689372089, "gamma": 0.048627379928482414, "lamda": 0.021442659366276467}, "datetime": {"datetime": "2021-09-23 14:08:57", "elapsed": 583.681899, "delta": 2.42744}}
{"target": -1.9696211821860918, "params": {"C": 251.14519201382916, "epsilon": 0.1794595057959486, "gamma": 0.059008817036127065, "lamda": 0.10268376747340532}, "datetime": {"datetime": "2021-09-23 14:09:00", "elapsed": 585.927013, "delta": 2.245114}}
{"target": -1.955640971676746, "params": {"C": 184.26936488586824, "epsilon": 0.20463424117182816, "gamma": 0.05848423349671433, "lamda": 0.11266258204656063}, "datetime": {"datetime": "2021-09-23 14:09:02", "elapsed": 588.252115, "delta": 2.325102}}
{"target": -1.9615433641630602, "params": {"C": 202.78334175108557, "epsilon": 0.15958552241292312, "gamma": 0.0559767451154424, "lamda": 0.16982824737369245}, "datetime": {"datetime": "2021-09-23 14:09:04", "elapsed": 589.80515, "delta": 1.553035}}
{"target": -1.9479581386847007, "params": {"C": 250.9294122738691, "epsilon": 0.32499480228723276, "gamma": 0.045019832150663255, "lamda": 0.07771444156143768}, "datetime": {"datetime": "2021-09-23 14:09:06", "elapsed": 592.091619, "delta": 2.286469}}
{"target": -1.9781878428141368, "params": {"C": 251.01005232008606, "epsilon": 0.38687843120684573, "gamma": 0.045873518162282106, "lamda": 0.09485144571490267}, "datetime": {"datetime": "2021-09-23 14:09:08", "elapsed": 594.282579, "delta": 2.19096}}
{"target": -2.104927491224486, "params": {"C": 233.98490611224304, "epsilon": 0.5704522042365404, "gamma": 0.031640968179487215, "lamda": 0.13611464833215353}, "datetime": {"datetime": "2021-09-23 14:09:10", "elapsed": 595.948838, "delta": 1.666259}}
{"target": -2.040300695337187, "params": {"C": 251.11906105279624, "epsilon": 0.3384335679176399, "gamma": 0.04844495926209347, "lamda": 0.17947816307899406}, "datetime": {"datetime": "2021-09-23 14:09:12", "elapsed": 598.270043, "delta": 2.321205}}
{"target": -2.023854151501852, "params": {"C": 231.5697978994903, "epsilon": 0.058469678427252175, "gamma": 0.02513603471122633, "lamda": 0.20707921948881974}, "datetime": {"datetime": "2021-09-23 14:09:15", "elapsed": 601.145541, "delta": 2.875498}}
{"target": -2.067555507822386, "params": {"C": 361.84178298412724, "epsilon": 0.6400285173795878, "gamma": 0.030897961324765, "lamda": 0.08170987170764621}, "datetime": {"datetime": "2021-09-23 14:09:17", "elapsed": 602.768763, "delta": 1.623222}}
{"target": -1.9688683466865817, "params": {"C": 231.5249683233458, "epsilon": 0.1122751929176194, "gamma": 0.05556916557880054, "lamda": 0.09585220134287187}, "datetime": {"datetime": "2021-09-23 14:09:19", "elapsed": 604.995174, "delta": 2.226411}}
{"target": -2.161490940362922, "params": {"C": 241.0627377270274, "epsilon": 0.45605020644804994, "gamma": 0.02625808625693397, "lamda": 0.19117834076638834}, "datetime": {"datetime": "2021-09-23 14:09:20", "elapsed": 606.644695, "delta": 1.649521}}
{"target": -1.937841416036477, "params": {"C": 184.36527781873912, "epsilon": 0.19558637444961524, "gamma": 0.05086740599628832, "lamda": 0.11682352232535205}, "datetime": {"datetime": "2021-09-23 14:09:23", "elapsed": 608.982279, "delta": 2.337584}}
{"target": -1.9753046311077627, "params": {"C": 250.90624754526505, "epsilon": 0.1118365635595511, "gamma": 0.027403584816427958, "lamda": 0.11417143673123097}, "datetime": {"datetime": "2021-09-23 14:09:25", "elapsed": 611.048693, "delta": 2.066414}}
{"target": -2.105583369433147, "params": {"C": 250.86853207259963, "epsilon": 0.27094978315965623, "gamma": 0.021071867248924223, "lamda": 0.14986136133522276}, "datetime": {"datetime": "2021-09-23 14:09:27", "elapsed": 613.453491, "delta": 2.404798}}
