{"target": -1.9765517179248344, "params": {"C": 184.9546270662651, "epsilon": 0.1285718411464576, "gamma": 0.06293006240158999, "lamda": 0.13533545842900035}, "datetime": {"datetime": "2021-09-23 13:02:24", "elapsed": 567.584319, "delta": 3.187739}}
{"target": -2.333142090171969, "params": {"C": 56.985540627613126, "epsilon": 0.378837989046977, "gamma": 0.026802766665391213, "lamda": 0.5694732530686551}, "datetime": {"datetime": "2021-09-23 13:02:26", "elapsed": 569.947349, "delta": 2.36303}}
{"target": -2.0875800858853713, "params": {"C": 184.8614003433379, "epsilon": 0.12961875835837333, "gamma": 0.02177675995929323, "lamda": 0.20815598166404556}, "datetime": {"datetime": "2021-09-23 13:02:30", "elapsed": 573.99687, "delta": 4.049521}}
{"target": -2.4063244348988104, "params": {"C": 95.22819072688037, "epsilon": 0.4868063191982491, "gamma": 0.13830258316004465, "lamda": 0.15682401566339055}, "datetime": {"datetime": "2021-09-23 13:02:32", "elapsed": 576.171817, "delta": 2.174947}}
{"target": -2.0931090959559833, "params": {"C": 96.47343654209541, "epsilon": 0.25186839105735437, "gamma": 0.07979719509580577, "lamda": 0.23306789863454844}, "datetime": {"datetime": "2021-09-23 13:02:36", "elapsed": 580.006117, "delta": 3.8343}}
{"target": -1.9490053817043858, "params": {"C": 163.8122078486336, "epsilon": 0.3102460629949575, "gamma": 0.05483632885616189, "lamda": 0.09612072190746128}, "datetime": {"datetime": "2021-09-23 13:02:38", "elapsed": 582.233765, "delta": 2.227648}}
{"target": -2.1131389727520364, "params": {"C": 184.87953990890725, "epsilon": 0.2559749758397704, "gamma": 0.019668955674649796, "lamda": 0.07444682286669091}, "datetime": {"datetime": "2021-09-23 13:02:41", "elapsed": 585.018101, "delta": 2.784336}}
{"target": -2.008203989162277, "params": {"C": 184.75389212329037, "epsilon": 0.35023303076458384, "gamma": 0.0568785604739422, "lamda": 0.14341982158708827}, "datetime": {"datetime": "2021-09-23 13:02:43", "elapsed": 586.8989, "delta": 1.880799}}
{"target": -2.091656663664041, "params": {"C": 185.01882664447018, "epsilon": 0.32915845182356873, "gamma": 0.019483020510971144, "lamda": 0.00935601885803006}, "datetime": {"datetime": "2021-09-23 13:02:45", "elapsed": 589.542606, "delta": 2.643706}}
{"target": -1.9535393839335347, "params": {"C": 163.8145238603617, "epsilon": 0.20981144127297094, "gamma": 0.05954371321529917, "lamda": 0.0943473037611132}, "datetime": {"datetime": "2021-09-23 13:02:48", "elapsed": 592.183701, "delta": 2.641095}}
{"target": -2.063555865951206, "params": {"C": 86.8078905310748, "epsilon": 0.3512411037844593, "gamma": 0.050743388628205245, "lamda": 0.25555324333670165}, "datetime": {"datetime": "2021-09-23 13:02:50", "elapsed": 594.405443, "delta": 2.221742}}
{"target": -2.522878107081991, "params": {"C": 66.6765880327403, "epsilon": 0.4063508922268623, "gamma": 0.1152278353903378, "lamda": 0.5441235341259193}, "datetime": {"datetime": "2021-09-23 13:02:53", "elapsed": 596.835444, "delta": 2.430001}}
{"target": -2.018347692133483, "params": {"C": 184.8575945352168, "epsilon": 0.17681685188539595, "gamma": 0.05829231180935938, "lamda": 0.0014068424458452684}, "datetime": {"datetime": "2021-09-23 13:02:56", "elapsed": 600.306973, "delta": 3.471529}}
{"target": -2.008993607507327, "params": {"C": 173.98303385281406, "epsilon": 0.3963301690550835, "gamma": 0.0481428646366775, "lamda": 0.14120776544870203}, "datetime": {"datetime": "2021-09-23 13:02:59", "elapsed": 602.912971, "delta": 2.605998}}
{"target": -1.9793466830357993, "params": {"C": 184.79100281919887, "epsilon": 0.16365598314984567, "gamma": 0.06332227207504906, "lamda": 0.1405590681700195}, "datetime": {"datetime": "2021-09-23 13:03:03", "elapsed": 606.607523, "delta": 3.694552}}
{"target": -2.140369403411963, "params": {"C": 91.63368481388233, "epsilon": 0.2771026662565934, "gamma": 0.031903301899268904, "lamda": 0.3712836004177776}, "datetime": {"datetime": "2021-09-23 13:03:05", "elapsed": 609.242426, "delta": 2.634903}}
{"target": -1.9497890038684038, "params": {"C": 145.97175033517954, "epsilon": 0.2009377244281902, "gamma": 0.05433885774949113, "lamda": 0.15726258828247744}, "datetime": {"datetime": "2021-09-23 13:03:08", "elapsed": 612.368405, "delta": 3.125979}}
{"target": -2.0289911733751547, "params": {"C": 184.75272763089794, "epsilon": 0.3365167142251082, "gamma": 0.07182201933923635, "lamda": 0.07816775563665845}, "datetime": {"datetime": "2021-09-23 13:03:12", "elapsed": 615.904453, "delta": 3.536048}}
{"target": -2.03418499903421, "params": {"C": 184.8145299048361, "epsilon": 0.4322403834817175, "gamma": 0.0382469152910409, "lamda": 0.1351156943625573}, "datetime": {"datetime": "2021-09-23 13:03:15", "elapsed": 618.637334, "delta": 2.732881}}
{"target": -2.500215835002886, "params": {"C": 68.94741420237769, "epsilon": 0.4560445721438333, "gamma": 0.13513516149558255, "lamda": 0.3424843979494541}, "datetime": {"datetime": "2021-09-23 13:03:16", "elapsed": 620.37467, "delta": 1.737336}}
{"target": -1.927523910253849, "params": {"C": 163.85894257661064, "epsilon": 0.25905180068840505, "gamma": 0.04428803653010852, "lamda": 0.06377038519388105}, "datetime": {"datetime": "2021-09-23 13:03:20", "elapsed": 623.634843, "delta": 3.260173}}
{"target": -2.3224647248113004, "params": {"C": 171.4781815168601, "epsilon": 0.2209559351168501, "gamma": 0.08819424843375749, "lamda": 0.5829599203954483}, "datetime": {"datetime": "2021-09-23 13:03:22", "elapsed": 626.077607, "delta": 2.442764}}
{"target": -2.0596634193648744, "params": {"C": 184.84708675725847, "epsilon": 0.13211245916394035, "gamma": 0.07130256953690843, "lamda": 0.06371026254850423}, "datetime": {"datetime": "2021-09-23 13:03:25", "elapsed": 629.359329, "delta": 3.281722}}
{"target": -2.467235056364365, "params": {"C": 161.77594805208312, "epsilon": 0.4279109284124252, "gamma": 0.11990587567876987, "lamda": 0.37873360000938344}, "datetime": {"datetime": "2021-09-23 13:03:28", "elapsed": 631.669942, "delta": 2.310613}}
{"target": -2.075804288911201, "params": {"C": 163.71269697437384, "epsilon": 0.2315972516976532, "gamma": 0.08089038005146416, "lamda": 0.1256338162196499}, "datetime": {"datetime": "2021-09-23 13:03:31", "elapsed": 634.638275, "delta": 2.968333}}
{"target": -2.303708847744437, "params": {"C": 110.85544202843809, "epsilon": 0.13003933226268288, "gamma": 0.015151555115089827, "lamda": 0.4297240690758274}, "datetime": {"datetime": "2021-09-23 13:03:33", "elapsed": 636.586706, "delta": 1.948431}}
{"target": -2.46087030514137, "params": {"C": 131.9856973800438, "epsilon": 0.00430044068294529, "gamma": 0.1427644186845884, "lamda": 0.3388829583504095}, "datetime": {"datetime": "2021-09-23 13:03:35", "elapsed": 638.772914, "delta": 2.186208}}
{"target": -2.050686221699369, "params": {"C": 185.01418962849368, "epsilon": 0.17932858700192505, "gamma": 0.07547145257017493, "lamda": 0.1393907987872044}, "datetime": {"datetime": "2021-09-23 13:03:38", "elapsed": 642.241754, "delta": 3.46884}}
{"target": -1.9734698622656175, "params": {"C": 272.5584771920095, "epsilon": 0.03767822126297855, "gamma": 0.05435537644483929, "lamda": 0.37816988303122673}, "datetime": {"datetime": "2021-09-23 13:14:40", "elapsed": 0.0, "delta": 0.0}}
{"target": -2.105097954169865, "params": {"C": 239.82084147631085, "epsilon": 0.11317475884641363, "gamma": 0.02386440053317368, "lamda": 0.383857395416495}, "datetime": {"datetime": "2021-09-23 13:14:41", "elapsed": 0.449817, "delta": 0.449817}}
{"target": -1.9992190680589779, "params": {"C": 200.29330038750425, "epsilon": 0.0626857312443838, "gamma": 0.05797518728574581, "lamda": 0.4773957729045442}, "datetime": {"datetime": "2021-09-23 13:14:41", "elapsed": 0.866825, "delta": 0.417008}}
{"target": -2.104952846021841, "params": {"C": 180.47379195934974, "epsilon": 0.21951113745273734, "gamma": 0.06688346731564795, "lamda": 0.31207514241225326}, "datetime": {"datetime": "2021-09-23 13:14:41", "elapsed": 1.192821, "delta": 0.325996}}
{"target": -2.110414076438182, "params": {"C": 273.67376890646176, "epsilon": 0.274606911891899, "gamma": 0.01692652459022634, "lamda": 0.05334193682604892}, "datetime": {"datetime": "2021-09-23 13:14:42", "elapsed": 1.871785, "delta": 0.678964}}
{"target": -2.1959035647254432, "params": {"C": 211.29846930696377, "epsilon": 0.1030104986364794, "gamma": 0.01619912014144178, "lamda": 0.3741247467266904}, "datetime": {"datetime": "2021-09-23 13:14:43", "elapsed": 2.633049, "delta": 0.761264}}
{"target": -2.0810630794358107, "params": {"C": 221.59887447124441, "epsilon": 0.10199872473469965, "gamma": 0.020895026728885817, "lamda": 0.14922416414019324}, "datetime": {"datetime": "2021-09-23 13:14:43", "elapsed": 3.167652, "delta": 0.534603}}
{"target": -1.9489332351079074, "params": {"C": 182.45352103197132, "epsilon": 0.05371696331046223, "gamma": 0.050779002165555254, "lamda": 0.21833814766682957}, "datetime": {"datetime": "2021-09-23 13:14:44", "elapsed": 4.182273, "delta": 1.014621}}
{"target": -2.038265026198852, "params": {"C": 272.561922893933, "epsilon": 0.055677543953931645, "gamma": 0.023557691484442866, "lamda": 0.36557250757369575}, "datetime": {"datetime": "2021-09-23 13:14:45", "elapsed": 4.667608, "delta": 0.485335}}
{"target": -1.947109469131975, "params": {"C": 182.42685118027882, "epsilon": 0.07163508217801151, "gamma": 0.04683882509508153, "lamda": 0.3026696133844491}, "datetime": {"datetime": "2021-09-23 13:14:46", "elapsed": 5.308613, "delta": 0.641005}}
{"target": -2.0010051494427405, "params": {"C": 271.7156776660164, "epsilon": 0.18118938953049393, "gamma": 0.04635759365967643, "lamda": 0.2236107278928106}, "datetime": {"datetime": "2021-09-23 13:14:46", "elapsed": 5.787609, "delta": 0.478996}}
{"target": -1.9585729906202118, "params": {"C": 182.436526416264, "epsilon": 0.13042062695641465, "gamma": 0.046540513785614156, "lamda": 0.23928592894803802}, "datetime": {"datetime": "2021-09-23 13:14:46", "elapsed": 6.246211, "delta": 0.458602}}
{"target": -2.1242195640732358, "params": {"C": 182.35819483058236, "epsilon": 0.06229219376008905, "gamma": 0.01984286155251483, "lamda": 0.22358100710836754}, "datetime": {"datetime": "2021-09-23 13:14:47", "elapsed": 6.763257, "delta": 0.517046}}
{"target": -2.0772776171882477, "params": {"C": 182.5146989322259, "epsilon": 0.11672555477675606, "gamma": 0.022795571713431436, "lamda": 0.19774746250289604}, "datetime": {"datetime": "2021-09-23 13:14:47", "elapsed": 7.19126, "delta": 0.428003}}
{"target": -2.263609807002758, "params": {"C": 182.4796375466587, "epsilon": 0.04309667815683842, "gamma": 0.012810145836325282, "lamda": 0.2003115122327635}, "datetime": {"datetime": "2021-09-23 13:14:48", "elapsed": 8.287152, "delta": 1.095892}}
{"target": -1.9856312934402525, "params": {"C": 208.15177112950082, "epsilon": 0.07821102527874224, "gamma": 0.04809613095333166, "lamda": 0.41743567571007956}, "datetime": {"datetime": "2021-09-23 13:14:49", "elapsed": 8.768651, "delta": 0.481499}}
{"target": -1.9578701280846158, "params": {"C": 228.59086440863803, "epsilon": 0.046276439530822035, "gamma": 0.05133051347884391, "lamda": 0.36457237192466996}, "datetime": {"datetime": "2021-09-23 13:14:49", "elapsed": 9.196653, "delta": 0.428002}}
{"target": -2.1214821595539193, "params": {"C": 237.4714881780959, "epsilon": 0.18787147744321944, "gamma": 0.05474977090277391, "lamda": 0.478940049449831}, "datetime": {"datetime": "2021-09-23 13:14:50", "elapsed": 9.630679, "delta": 0.434026}}
{"target": -2.1842540824800722, "params": {"C": 213.47793949586477, "epsilon": 0.20280357059310083, "gamma": 0.020155102678341818, "lamda": 0.2997962654778585}, "datetime": {"datetime": "2021-09-23 13:14:50", "elapsed": 10.040695, "delta": 0.410016}}
{"target": -2.008833806954082, "params": {"C": 208.11596830587004, "epsilon": 0.09312819391394024, "gamma": 0.04945963251968597, "lamda": 0.43979427651434305}, "datetime": {"datetime": "2021-09-23 13:14:51", "elapsed": 10.409108, "delta": 0.368413}}
{"target": -2.0304421416890714, "params": {"C": 208.16754410875083, "epsilon": 0.06694196862214408, "gamma": 0.06551173298845948, "lamda": 0.43576632642299096}, "datetime": {"datetime": "2021-09-23 13:14:51", "elapsed": 10.845324, "delta": 0.436216}}
{"target": -2.0732982369560817, "params": {"C": 187.6565056139277, "epsilon": 0.17297048813383792, "gamma": 0.07915636973073985, "lamda": 0.12056232308260882}, "datetime": {"datetime": "2021-09-23 13:14:51", "elapsed": 11.247325, "delta": 0.402001}}
{"target": -1.978252843992111, "params": {"C": 236.32937806396328, "epsilon": 0.38790173818624796, "gamma": 0.041297000172221474, "lamda": 0.09248362851045264}, "datetime": {"datetime": "2021-09-23 13:14:52", "elapsed": 11.662925, "delta": 0.4156}}
{"target": -2.029792116568851, "params": {"C": 182.42251849991735, "epsilon": 0.08651559951296181, "gamma": 0.07077490296986445, "lamda": 0.27245149550406095}, "datetime": {"datetime": "2021-09-23 13:14:52", "elapsed": 12.098922, "delta": 0.435997}}
{"target": -2.103075156706738, "params": {"C": 217.2637344088387, "epsilon": 0.15407476099162698, "gamma": 0.07977676466808542, "lamda": 0.23219235768854868}, "datetime": {"datetime": "2021-09-23 13:14:53", "elapsed": 12.490545, "delta": 0.391623}}
{"target": -2.2354941701324735, "params": {"C": 190.87883204415147, "epsilon": 0.12702492499649612, "gamma": 0.014453186809414108, "lamda": 0.2997103070475398}, "datetime": {"datetime": "2021-09-23 13:14:53", "elapsed": 12.896543, "delta": 0.405998}}
{"target": -1.95231430254595, "params": {"C": 182.42354619048083, "epsilon": 0.093423305117918, "gamma": 0.04413595779036267, "lamda": 0.2818890293091086}, "datetime": {"datetime": "2021-09-23 13:14:54", "elapsed": 13.388751, "delta": 0.492208}}
{"target": -2.056475503428994, "params": {"C": 208.14094666008737, "epsilon": 0.0896595032070448, "gamma": 0.06752630973382226, "lamda": 0.4091846396007011}, "datetime": {"datetime": "2021-09-23 13:14:54", "elapsed": 13.799758, "delta": 0.411007}}
{"target": -2.1723998695354285, "params": {"C": 251.05031439876953, "epsilon": 0.31792331659813977, "gamma": 0.06857325112510951, "lamda": 0.32289498693807434}, "datetime": {"datetime": "2021-09-23 13:14:54", "elapsed": 14.175751, "delta": 0.375993}}
{"target": -2.2744932895027006, "params": {"C": 214.3504234495866, "epsilon": 0.2061161468980218, "gamma": 0.010415425014959828, "lamda": 0.02097040016441468}, "datetime": {"datetime": "2021-09-23 13:14:55", "elapsed": 14.688189, "delta": 0.512438}}
{"target": -2.0417967323330544, "params": {"C": 182.44196375229043, "epsilon": 0.03275603372835191, "gamma": 0.06618380673628754, "lamda": 0.2798456952742271}, "datetime": {"datetime": "2021-09-23 13:14:55", "elapsed": 15.139187, "delta": 0.450998}}
{"target": -1.988500621221251, "params": {"C": 199.4707231991609, "epsilon": 0.11490105554168252, "gamma": 0.034234556066604305, "lamda": 0.02462400221651477}, "datetime": {"datetime": "2021-09-23 13:14:56", "elapsed": 15.700191, "delta": 0.561004}}
{"target": -2.0462300847240433, "params": {"C": 261.3731825453119, "epsilon": 0.27095664675408077, "gamma": 0.06678258759706969, "lamda": 0.1379920925647539}, "datetime": {"datetime": "2021-09-23 13:14:56", "elapsed": 16.129954, "delta": 0.429763}}
{"target": -1.996864845484697, "params": {"C": 228.58727686546166, "epsilon": 0.08374629447629375, "gamma": 0.05668251601267325, "lamda": 0.3738563039344117}, "datetime": {"datetime": "2021-09-23 13:14:57", "elapsed": 16.550697, "delta": 0.420743}}
{"target": -2.209562759005243, "params": {"C": 182.33544525718614, "epsilon": 0.2778658142983166, "gamma": 0.031239984725487217, "lamda": 0.4843392777486404}, "datetime": {"datetime": "2021-09-23 13:14:57", "elapsed": 17.027698, "delta": 0.477001}}
{"target": -2.1371218465193693, "params": {"C": 236.34029644910459, "epsilon": 0.38950218833071915, "gamma": 0.07837296305654165, "lamda": 0.1478504521827113}, "datetime": {"datetime": "2021-09-23 13:14:58", "elapsed": 17.492698, "delta": 0.465}}
{"target": -2.0819215109948352, "params": {"C": 182.4168387788489, "epsilon": 0.05358873240953422, "gamma": 0.07780515108566222, "lamda": 0.2342706930937163}, "datetime": {"datetime": "2021-09-23 13:14:58", "elapsed": 18.119321, "delta": 0.626623}}
{"target": -2.0405370927277353, "params": {"C": 256.8858418612866, "epsilon": 0.05455155130207294, "gamma": 0.06695426414445335, "lamda": 0.450641490021685}, "datetime": {"datetime": "2021-09-23 13:14:59", "elapsed": 18.644396, "delta": 0.525075}}
{"target": -1.9535801597115832, "params": {"C": 203.73614110639477, "epsilon": 0.36449968561203605, "gamma": 0.05747455689538802, "lamda": 0.061155210056958224}, "datetime": {"datetime": "2021-09-23 13:14:59", "elapsed": 19.113398, "delta": 0.469002}}
{"target": -2.0768520408627325, "params": {"C": 198.44166187923065, "epsilon": 0.32347892839174985, "gamma": 0.0748491324439389, "lamda": 0.1275413738034008}, "datetime": {"datetime": "2021-09-23 13:15:00", "elapsed": 19.545397, "delta": 0.431999}}
{"target": -2.0609007783552316, "params": {"C": 203.71600812207615, "epsilon": 0.38531790279160383, "gamma": 0.023715703318737992, "lamda": 0.09672563815609975}, "datetime": {"datetime": "2021-09-23 13:15:00", "elapsed": 20.053397, "delta": 0.508}}
{"target": -2.0471010173063355, "params": {"C": 203.76142707568175, "epsilon": 0.38444742634105766, "gamma": 0.07063928588106827, "lamda": 0.09633378369289367}, "datetime": {"datetime": "2021-09-23 13:15:01", "elapsed": 20.551334, "delta": 0.497937}}
{"target": -2.002764897668149, "params": {"C": 199.45641246079882, "epsilon": 0.07583066496222426, "gamma": 0.027448636217311202, "lamda": 0.0319519701488607}, "datetime": {"datetime": "2021-09-23 13:15:01", "elapsed": 21.173336, "delta": 0.622002}}
{"target": -2.0519425395563324, "params": {"C": 281.36067645697267, "epsilon": 0.2944944044271033, "gamma": 0.06319349625488849, "lamda": 0.15291304655903132}, "datetime": {"datetime": "2021-09-23 13:15:02", "elapsed": 21.676098, "delta": 0.502762}}
{"target": -1.9960095152498842, "params": {"C": 182.45169823837344, "epsilon": 0.20123701298870533, "gamma": 0.049837489459840435, "lamda": 0.23084737137702527}, "datetime": {"datetime": "2021-09-23 13:15:02", "elapsed": 22.233002, "delta": 0.556904}}
{"target": -1.9425515487354288, "params": {"C": 203.74234575716224, "epsilon": 0.3829065365123592, "gamma": 0.04640915115217303, "lamda": 0.07006707441868035}, "datetime": {"datetime": "2021-09-23 13:15:03", "elapsed": 22.766183, "delta": 0.533181}}
{"target": -2.118625719215782, "params": {"C": 200.4541040215985, "epsilon": 0.26449169184215254, "gamma": 0.06597451440081012, "lamda": 0.28522868971303195}, "datetime": {"datetime": "2021-09-23 13:15:03", "elapsed": 23.261641, "delta": 0.495458}}
{"target": -1.97200038488475, "params": {"C": 182.446203185864, "epsilon": 0.12507537932084323, "gamma": 0.06054487316098973, "lamda": 0.2095554266908149}, "datetime": {"datetime": "2021-09-23 13:15:04", "elapsed": 23.788636, "delta": 0.526995}}
{"target": -1.985067257055792, "params": {"C": 208.15928465474337, "epsilon": 0.04359843170564028, "gamma": 0.030566431006744617, "lamda": 0.41711165776737597}, "datetime": {"datetime": "2021-09-23 13:15:05", "elapsed": 24.395472, "delta": 0.606836}}
{"target": -2.2390780721370267, "params": {"C": 182.4565358233307, "epsilon": 0.22584538058799436, "gamma": 0.014600175485728714, "lamda": 0.1936637278721965}, "datetime": {"datetime": "2021-09-23 13:15:05", "elapsed": 24.877234, "delta": 0.481762}}
{"target": -1.9599957025097166, "params": {"C": 182.44630528244963, "epsilon": 0.08073620317205982, "gamma": 0.048817594375039346, "lamda": 0.3488181542514541}, "datetime": {"datetime": "2021-09-23 13:15:06", "elapsed": 25.454265, "delta": 0.577031}}
{"target": -2.063990958142586, "params": {"C": 182.45858896581507, "epsilon": 0.16001067860286655, "gamma": 0.07234536981640716, "lamda": 0.24857218725082164}, "datetime": {"datetime": "2021-09-23 13:15:06", "elapsed": 26.139229, "delta": 0.684964}}
{"target": -1.9972843014863173, "params": {"C": 182.41626699430483, "epsilon": 0.09121391095773759, "gamma": 0.06025167283732846, "lamda": 0.3627351120635579}, "datetime": {"datetime": "2021-09-23 13:15:07", "elapsed": 26.777867, "delta": 0.638638}}
{"target": -2.0148092419345884, "params": {"C": 182.43369824569035, "epsilon": 0.0908386719043094, "gamma": 0.028744904881705523, "lamda": 0.3334259898760544}, "datetime": {"datetime": "2021-09-23 13:15:08", "elapsed": 27.307865, "delta": 0.529998}}
{"target": -2.092031099489829, "params": {"C": 203.72247389230085, "epsilon": 0.3321009474566481, "gamma": 0.020217266169943668, "lamda": 0.060898165846267976}, "datetime": {"datetime": "2021-09-23 13:15:08", "elapsed": 27.875874, "delta": 0.568009}}
{"target": -2.0586682714122664, "params": {"C": 182.40299803266748, "epsilon": 0.18429014276087063, "gamma": 0.06386230377171405, "lamda": 0.2975815744945013}, "datetime": {"datetime": "2021-09-23 13:15:09", "elapsed": 28.498968, "delta": 0.623094}}
{"target": -2.2212100250561946, "params": {"C": 203.7494427196092, "epsilon": 0.3951748199333034, "gamma": 0.013816341236617086, "lamda": 0.038624617106677875}, "datetime": {"datetime": "2021-09-23 13:15:09", "elapsed": 29.099194, "delta": 0.600226}}
{"target": -2.2223513640927504, "params": {"C": 182.44897316355534, "epsilon": 0.05552076536541535, "gamma": 0.014921564478518515, "lamda": 0.342499748322909}, "datetime": {"datetime": "2021-09-23 13:15:10", "elapsed": 29.700165, "delta": 0.600971}}
{"target": -2.235424524472546, "params": {"C": 207.95026047183396, "epsilon": 0.30078093813377405, "gamma": 0.022339252801754604, "lamda": 0.3473299030768756}, "datetime": {"datetime": "2021-09-23 13:15:10", "elapsed": 30.219155, "delta": 0.51899}}
{"target": -2.0900576707413623, "params": {"C": 272.55241485023447, "epsilon": 0.05549774356376683, "gamma": 0.07732907049140182, "lamda": 0.3718712657262073}, "datetime": {"datetime": "2021-09-23 13:15:11", "elapsed": 30.752889, "delta": 0.533734}}
