{"target": 0.924484474315857, "params": {"C": 550.5148205876494, "epsilon": 0.11779446644244966, "gamma": 0.044898711504990384, "lamda": 0.18209834356211424}, "datetime": {"datetime": "2021-09-23 22:22:02", "elapsed": 754.011341, "delta": 2.557911}}
{"target": 0.9232966602255747, "params": {"C": 665.2497657927435, "epsilon": 0.08133569063659443, "gamma": 0.029280697919700255, "lamda": 0.16743145964108885}, "datetime": {"datetime": "2021-09-23 22:22:08", "elapsed": 760.384499, "delta": 6.373158}}
{"target": 0.9193249395941809, "params": {"C": 557.8291224878338, "epsilon": 0.3581520616872852, "gamma": 0.06327660748953705, "lamda": 0.0720324858377758}, "datetime": {"datetime": "2021-09-23 22:22:11", "elapsed": 763.445758, "delta": 3.061259}}
{"target": 0.9210365895640887, "params": {"C": 620.1414186177191, "epsilon": 0.18954086110143775, "gamma": 0.027734690058542427, "lamda": 0.09412219509255883}, "datetime": {"datetime": "2021-09-23 22:22:16", "elapsed": 768.679711, "delta": 5.233953}}
{"target": 0.9278035909375233, "params": {"C": 553.0415851238923, "epsilon": 0.04324620381739103, "gamma": 0.04112836873801605, "lamda": 0.16989391350647964}, "datetime": {"datetime": "2021-09-23 22:22:20", "elapsed": 772.587348, "delta": 3.907637}}
{"target": 0.9269035678388029, "params": {"C": 646.3378908713364, "epsilon": 0.047629998708495866, "gamma": 0.047250518143086166, "lamda": 0.09840980456934112}, "datetime": {"datetime": "2021-09-23 22:22:23", "elapsed": 775.282105, "delta": 2.694757}}
{"target": 0.9014705328506646, "params": {"C": 642.2208896488494, "epsilon": 0.6588622428724319, "gamma": 0.026845905880950982, "lamda": 0.17974358465181034}, "datetime": {"datetime": "2021-09-23 22:22:25", "elapsed": 777.658988, "delta": 2.376883}}
{"target": 0.8942166030814345, "params": {"C": 591.4528535687228, "epsilon": 0.7451239592073331, "gamma": 0.028759445218644528, "lamda": 0.2637989615806301}, "datetime": {"datetime": "2021-09-23 22:22:28", "elapsed": 780.440268, "delta": 2.78128}}
{"target": 0.9227437153592674, "params": {"C": 584.3477104058649, "epsilon": 0.2096346596805127, "gamma": 0.058768716323806154, "lamda": 0.04742298243477179}, "datetime": {"datetime": "2021-09-23 22:22:32", "elapsed": 784.622763, "delta": 4.182495}}
{"target": 0.9226703822253197, "params": {"C": 614.4101946472957, "epsilon": 0.062488303635243776, "gamma": 0.028975818808076828, "lamda": 0.19690389533119113}, "datetime": {"datetime": "2021-09-23 22:22:35", "elapsed": 787.097682, "delta": 2.474919}}
{"target": 0.8970759762513107, "params": {"C": 653.5467323073824, "epsilon": 0.1157855860820079, "gamma": 0.01378344319059161, "lamda": 0.30209828150791534}, "datetime": {"datetime": "2021-09-23 22:22:37", "elapsed": 789.457419, "delta": 2.359737}}
{"target": 0.9275659880628101, "params": {"C": 646.3881941642906, "epsilon": 0.07481796599957574, "gamma": 0.044641697387989884, "lamda": 0.14244419164609154}, "datetime": {"datetime": "2021-09-23 22:22:42", "elapsed": 794.728087, "delta": 5.270668}}
{"target": 0.9212982643506566, "params": {"C": 665.3260005303139, "epsilon": 0.12234512061877283, "gamma": 0.033188304605596644, "lamda": 0.22699821346862825}, "datetime": {"datetime": "2021-09-23 22:22:45", "elapsed": 797.6697, "delta": 2.941613}}
{"target": 0.9215726479919961, "params": {"C": 556.0877374837764, "epsilon": 0.2755559498895611, "gamma": 0.05749309331467004, "lamda": 0.0882940688623438}, "datetime": {"datetime": "2021-09-23 22:22:48", "elapsed": 800.273895, "delta": 2.604195}}
{"target": 0.9235783082038252, "params": {"C": 630.0465488761862, "epsilon": 0.2615533032202012, "gamma": 0.05577025507922758, "lamda": 0.06478943313252469}, "datetime": {"datetime": "2021-09-23 22:22:51", "elapsed": 802.897978, "delta": 2.624083}}
{"target": 0.9250201188219418, "params": {"C": 620.2034995572667, "epsilon": 0.18293088400468163, "gamma": 0.0467199604037495, "lamda": 0.11122214068805251}, "datetime": {"datetime": "2021-09-23 22:22:55", "elapsed": 807.684745, "delta": 4.786767}}
{"target": 0.9197979168579096, "params": {"C": 553.4760118188516, "epsilon": 0.04991484594683357, "gamma": 0.058411781316689046, "lamda": 0.0691589162645685}, "datetime": {"datetime": "2021-09-23 22:23:00", "elapsed": 812.311522, "delta": 4.626777}}
{"target": 0.9234447999666625, "params": {"C": 665.629257667861, "epsilon": 0.10483068391069182, "gamma": 0.048946401767791706, "lamda": 0.21500806925133087}, "datetime": {"datetime": "2021-09-23 22:23:03", "elapsed": 815.786608, "delta": 3.475086}}
{"target": 0.906894550975275, "params": {"C": 564.5980703267318, "epsilon": 0.9699703846417923, "gamma": 0.06088060444614128, "lamda": 0.12932098390609498}, "datetime": {"datetime": "2021-09-23 22:23:06", "elapsed": 818.570542, "delta": 2.783934}}
{"target": 0.8897475765926268, "params": {"C": 620.4438034417426, "epsilon": 0.8569194013172342, "gamma": 0.03476742952868786, "lamda": 0.33279214649126493}, "datetime": {"datetime": "2021-09-23 22:23:09", "elapsed": 821.198031, "delta": 2.627489}}
{"target": 0.9144310199671851, "params": {"C": 634.3594343848513, "epsilon": 0.19560378803467024, "gamma": 0.032647761498657515, "lamda": 0.3001751693746094}, "datetime": {"datetime": "2021-09-23 22:23:13", "elapsed": 825.136006, "delta": 3.937975}}
{"target": 0.9159756063344633, "params": {"C": 646.3418358646426, "epsilon": 0.10220218440378882, "gamma": 0.022093336107775353, "lamda": 0.134877200094517}, "datetime": {"datetime": "2021-09-23 22:23:17", "elapsed": 828.884835, "delta": 3.748829}}
{"target": 0.9104051357363898, "params": {"C": 645.2538848239168, "epsilon": 0.8506995751052617, "gamma": 0.03917601461255663, "lamda": 0.11988809885253744}, "datetime": {"datetime": "2021-09-23 22:23:20", "elapsed": 832.152834, "delta": 3.267999}}
{"target": 0.9148569893264772, "params": {"C": 666.1647108362215, "epsilon": 0.11114883798767304, "gamma": 0.07, "lamda": 0.07793299880358814}, "datetime": {"datetime": "2021-09-23 22:23:24", "elapsed": 836.331834, "delta": 4.179}}
{"target": 0.9095686572015903, "params": {"C": 553.6764588564271, "epsilon": 0.1442417441976792, "gamma": 0.02068445914602776, "lamda": 0.24138367233389924}, "datetime": {"datetime": "2021-09-23 22:23:29", "elapsed": 841.536549, "delta": 5.204715}}
{"target": 0.9176882222662742, "params": {"C": 584.5455329427542, "epsilon": 0.2890684232020422, "gamma": 0.06892928273284664, "lamda": 0.0544517180957922}, "datetime": {"datetime": "2021-09-23 22:23:35", "elapsed": 847.135789, "delta": 5.59924}}
{"target": 0.8997396795347412, "params": {"C": 564.2746309223015, "epsilon": 0.47048699393754045, "gamma": 0.06675773236789372, "lamda": 0.3625052786903887}, "datetime": {"datetime": "2021-09-23 22:23:37", "elapsed": 849.727445, "delta": 2.591656}}
{"target": 0.913459320880293, "params": {"C": 552.976919402265, "epsilon": 0.03, "gamma": 0.07, "lamda": 0.18889789808768387}, "datetime": {"datetime": "2021-09-23 22:23:43", "elapsed": 855.183412, "delta": 5.455967}}
{"target": 0.9223791558368701, "params": {"C": 553.100409893198, "epsilon": 0.09956727657503742, "gamma": 0.04832471030686671, "lamda": 0.2626213241275977}, "datetime": {"datetime": "2021-09-23 22:23:47", "elapsed": 859.351193, "delta": 4.167781}}
{"target": 0.9133496803642365, "params": {"C": 650.8129261180444, "epsilon": 0.1977706541159066, "gamma": 0.05667885164642898, "lamda": 0.3569026124554637}, "datetime": {"datetime": "2021-09-23 22:23:50", "elapsed": 862.169207, "delta": 2.818014}}
{"target": 0.9168166192383103, "params": {"C": 674.2443338909025, "epsilon": 0.1492067987032285, "gamma": 0.036526803655391585, "lamda": 0.3584064672437641}, "datetime": {"datetime": "2021-09-23 22:23:53", "elapsed": 865.158287, "delta": 2.98908}}
{"target": 0.8882226346867059, "params": {"C": 646.8084076502035, "epsilon": 0.3523486441743092, "gamma": 0.01696168795572843, "lamda": 0.30590524080959847}, "datetime": {"datetime": "2021-09-23 22:23:56", "elapsed": 867.938845, "delta": 2.780558}}
{"target": 0.9248855839150621, "params": {"C": 659.8845610610167, "epsilon": 0.9920213810858296, "gamma": 0.044281761418545666, "lamda": 0.0203778069503623}, "datetime": {"datetime": "2021-09-23 22:23:58", "elapsed": 870.846468, "delta": 2.907623}}
{"target": 0.9177673838202763, "params": {"C": 663.1885511336565, "epsilon": 0.5631827285891081, "gamma": 0.04924469076336146, "lamda": 0.09671364283886538}, "datetime": {"datetime": "2021-09-23 22:24:01", "elapsed": 873.782778, "delta": 2.93631}}
{"target": 0.9045392604551962, "params": {"C": 670.5405749610818, "epsilon": 0.4113750786131546, "gamma": 0.06638601842489804, "lamda": 0.30678725221408476}, "datetime": {"datetime": "2021-09-23 22:24:05", "elapsed": 876.890561, "delta": 3.107783}}
{"target": 0.920156555154953, "params": {"C": 665.6592645122693, "epsilon": 0.07840876168263812, "gamma": 0.061565780866229845, "lamda": 0.2501720717891536}, "datetime": {"datetime": "2021-09-23 22:24:11", "elapsed": 883.844614, "delta": 6.954053}}
{"target": 0.9278346382753131, "params": {"C": 665.9875365764633, "epsilon": 0.06362637031788729, "gamma": 0.04412397528208641, "lamda": 0.14784316130156985}, "datetime": {"datetime": "2021-09-23 22:24:14", "elapsed": 886.769162, "delta": 2.924548}}
{"target": 0.898803031297727, "params": {"C": 620.0063131583154, "epsilon": 0.5879825087183271, "gamma": 0.05887408108290103, "lamda": 0.3450430895882376}, "datetime": {"datetime": "2021-09-23 22:24:18", "elapsed": 889.923205, "delta": 3.154043}}
{"target": 0.9133829307470483, "params": {"C": 673.4365602316188, "epsilon": 0.4613969789939957, "gamma": 0.06208653291472197, "lamda": 0.1453834328539021}, "datetime": {"datetime": "2021-09-23 22:24:21", "elapsed": 893.274525, "delta": 3.35132}}
{"target": 0.9036445500876176, "params": {"C": 665.2414250211724, "epsilon": 0.7884600319173051, "gamma": 0.055963825702950235, "lamda": 0.20886066316783466}, "datetime": {"datetime": "2021-09-23 22:24:23", "elapsed": 895.803527, "delta": 2.529002}}
{"target": 0.892333670660934, "params": {"C": 686.2782897482402, "epsilon": 0.5894125724785576, "gamma": 0.01627517357657593, "lamda": 0.13488874169321968}, "datetime": {"datetime": "2021-09-23 22:24:26", "elapsed": 898.550668, "delta": 2.747141}}
{"target": 0.9274959102693601, "params": {"C": 620.2257409937839, "epsilon": 0.15487773905380744, "gamma": 0.045345715975367684, "lamda": 0.07266629070523477}, "datetime": {"datetime": "2021-09-23 22:24:31", "elapsed": 903.093618, "delta": 4.54295}}
{"target": 0.9207269439078504, "params": {"C": 601.3770087837498, "epsilon": 0.14116350758816582, "gamma": 0.028845391477605363, "lamda": 0.15338367086867397}, "datetime": {"datetime": "2021-09-23 22:24:34", "elapsed": 905.862586, "delta": 2.768968}}
{"target": 0.9210451342206374, "params": {"C": 553.4249167236432, "epsilon": 0.08055258520564683, "gamma": 0.06089008966084265, "lamda": 0.2071459853472433}, "datetime": {"datetime": "2021-09-23 22:24:38", "elapsed": 910.222889, "delta": 4.360303}}
{"target": 0.9063362224776894, "params": {"C": 661.7456208920752, "epsilon": 0.3059107014825222, "gamma": 0.03489422628942402, "lamda": 0.39186309858435037}, "datetime": {"datetime": "2021-09-23 22:24:41", "elapsed": 913.407787, "delta": 3.184898}}
{"target": 0.9254007967370125, "params": {"C": 604.1762793073887, "epsilon": 0.060781845107088894, "gamma": 0.03628805515461428, "lamda": 0.2448435042453805}, "datetime": {"datetime": "2021-09-23 22:24:46", "elapsed": 918.067656, "delta": 4.659869}}
{"target": 0.9263343081697151, "params": {"C": 620.136040656436, "epsilon": 0.12644152856077256, "gamma": 0.03193207591923489, "lamda": 0.061370637711013795}, "datetime": {"datetime": "2021-09-23 22:24:51", "elapsed": 923.758596, "delta": 5.69094}}
{"target": 0.9260838057040599, "params": {"C": 646.3679415751117, "epsilon": 0.06430898449514816, "gamma": 0.04896878149408241, "lamda": 0.19875079594498107}, "datetime": {"datetime": "2021-09-23 22:24:56", "elapsed": 928.608247, "delta": 4.849651}}
{"target": 0.9083060670615296, "params": {"C": 647.2689969971844, "epsilon": 0.9978601281398866, "gamma": 0.06659982490395011, "lamda": 0.09844571587132123}, "datetime": {"datetime": "2021-09-23 22:24:59", "elapsed": 931.425779, "delta": 2.817532}}
{"target": 0.8848556365685518, "params": {"C": 558.7606608020237, "epsilon": 0.8756261502040515, "gamma": 0.028170572992870506, "lamda": 0.331646235516188}, "datetime": {"datetime": "2021-09-23 22:25:02", "elapsed": 934.590747, "delta": 3.164968}}
{"target": 0.8794352589536651, "params": {"C": 666.2559675168867, "epsilon": 0.14216954896422246, "gamma": 0.01, "lamda": 0.005471756098423096}, "datetime": {"datetime": "2021-09-23 22:25:07", "elapsed": 939.122703, "delta": 4.531956}}
{"target": 0.9146123926497091, "params": {"C": 604.2653944547828, "epsilon": 0.3633115388609215, "gamma": 0.05963051674671606, "lamda": 0.1713890386081548}, "datetime": {"datetime": "2021-09-23 22:25:10", "elapsed": 942.288413, "delta": 3.16571}}
{"target": 0.8945670773296585, "params": {"C": 684.9971695573656, "epsilon": 0.7841283469255622, "gamma": 0.034189860487037475, "lamda": 0.29243461807884064}, "datetime": {"datetime": "2021-09-23 22:25:13", "elapsed": 945.657979, "delta": 3.369566}}
{"target": 0.9254030388050046, "params": {"C": 765.698096490012, "epsilon": 0.05012939087861945, "gamma": 0.04801889409557653, "lamda": 0.29977274913290614}, "datetime": {"datetime": "2021-09-23 22:25:14", "elapsed": 0.0, "delta": 0.0}}
{"target": 0.9018684753678818, "params": {"C": 724.7760518453886, "epsilon": 0.24805274616492223, "gamma": 0.02188377188557744, "lamda": 0.30445175416738457}, "datetime": {"datetime": "2021-09-23 22:25:14", "elapsed": 0.323004, "delta": 0.323004}}
{"target": 0.9184286531256303, "params": {"C": 675.3666254843803, "epsilon": 0.11568961974878995, "gamma": 0.05112158910206784, "lamda": 0.3814039451317797}, "datetime": {"datetime": "2021-09-23 22:25:14", "elapsed": 0.651, "delta": 0.327996}}
{"target": 0.9065873958203501, "params": {"C": 650.5922399491872, "epsilon": 0.5268264954842033, "gamma": 0.05875725769912682, "lamda": 0.2453979006649259}, "datetime": {"datetime": "2021-09-23 22:25:15", "elapsed": 0.934952, "delta": 0.283952}}
{"target": 0.9090910920795383, "params": {"C": 758.26329761477, "epsilon": 0.31311978612551417, "gamma": 0.06506644735077662, "lamda": 0.28611573757567854}, "datetime": {"datetime": "2021-09-23 22:25:15", "elapsed": 1.267147, "delta": 0.332195}}
{"target": 0.927879653688897, "params": {"C": 684.5048946403729, "epsilon": 0.2143536366860862, "gamma": 0.03813334536474346, "lamda": 0.05393966604095758}, "datetime": {"datetime": "2021-09-23 22:25:15", "elapsed": 1.724338, "delta": 0.457191}}
{"target": 0.8922407965351998, "params": {"C": 689.1230866337047, "epsilon": 0.22140590183077033, "gamma": 0.015313531549807238, "lamda": 0.2964448947297927}, "datetime": {"datetime": "2021-09-23 22:25:16", "elapsed": 2.67993, "delta": 0.955592}}
{"target": 0.9039652668875203, "params": {"C": 684.5610512559176, "epsilon": 0.3787579907509161, "gamma": 0.013724656509111397, "lamda": 0.013614697563709196}, "datetime": {"datetime": "2021-09-23 22:25:17", "elapsed": 3.245764, "delta": 0.565834}}
{"target": 0.9263570711332697, "params": {"C": 653.0669012899641, "epsilon": 0.0921769038139145, "gamma": 0.04495343042761878, "lamda": 0.16828231117332992}, "datetime": {"datetime": "2021-09-23 22:25:17", "elapsed": 3.622763, "delta": 0.376999}}
{"target": 0.8932515169362125, "params": {"C": 741.5000923757323, "epsilon": 0.9246166610991446, "gamma": 0.052568298727638366, "lamda": 0.30060708528951074}, "datetime": {"datetime": "2021-09-23 22:25:18", "elapsed": 3.986765, "delta": 0.364002}}
{"target": 0.8867461124040971, "params": {"C": 773.7949230615262, "epsilon": 0.5469901009103314, "gamma": 0.02387050364069023, "lamda": 0.38801409740661935}, "datetime": {"datetime": "2021-09-23 22:25:19", "elapsed": 5.374438, "delta": 1.387673}}
{"target": 0.9147161131539967, "params": {"C": 764.6445970825205, "epsilon": 0.4263613725529165, "gamma": 0.04116365170829408, "lamda": 0.1726199596478999}, "datetime": {"datetime": "2021-09-23 22:25:20", "elapsed": 6.134434, "delta": 0.759996}}
{"target": 0.9224988126392445, "params": {"C": 656.1445980658937, "epsilon": 0.24970575151699523, "gamma": 0.029538806038617985, "lamda": 0.07614434650662687}, "datetime": {"datetime": "2021-09-23 22:25:20", "elapsed": 6.573397, "delta": 0.438963}}
{"target": 0.915658557292589, "params": {"C": 763.25328742629, "epsilon": 0.4471411630965273, "gamma": 0.03651889915045838, "lamda": 0.13664776639560702}, "datetime": {"datetime": "2021-09-23 22:25:21", "elapsed": 6.933522, "delta": 0.360125}}
{"target": 0.8969631061132024, "params": {"C": 750.4460694921454, "epsilon": 0.2745572831340398, "gamma": 0.02215344086976446, "lamda": 0.38089384826327377}, "datetime": {"datetime": "2021-09-23 22:25:21", "elapsed": 7.345623, "delta": 0.412101}}
{"target": 0.8894015919532324, "params": {"C": 757.3818601794707, "epsilon": 0.2896058011055015, "gamma": 0.015435774900384742, "lamda": 0.2804854242243259}, "datetime": {"datetime": "2021-09-23 22:25:21", "elapsed": 7.795896, "delta": 0.450273}}
{"target": 0.917834612351756, "params": {"C": 685.1897139118761, "epsilon": 0.15639106627129726, "gamma": 0.04265382653142713, "lamda": 0.3320759476460242}, "datetime": {"datetime": "2021-09-23 22:25:22", "elapsed": 8.230892, "delta": 0.434996}}
{"target": 0.9240121796423031, "params": {"C": 710.7385805107975, "epsilon": 0.07267066579701993, "gamma": 0.04542615441043764, "lamda": 0.2885863430885429}, "datetime": {"datetime": "2021-09-23 22:25:22", "elapsed": 8.744894, "delta": 0.514002}}
{"target": 0.9031663548270021, "params": {"C": 721.8393602226199, "epsilon": 0.4438792787024942, "gamma": 0.04835694648809192, "lamda": 0.3826743911968713}, "datetime": {"datetime": "2021-09-23 22:25:23", "elapsed": 9.360894, "delta": 0.616}}
{"target": 0.8910577174619095, "params": {"C": 691.847424369831, "epsilon": 0.48302557696029136, "gamma": 0.018704373724292987, "lamda": 0.2352963091250836}, "datetime": {"datetime": "2021-09-23 22:25:24", "elapsed": 9.926896, "delta": 0.566002}}
{"target": 0.8995450310255141, "params": {"C": 744.1024575005042, "epsilon": 0.840468156941798, "gamma": 0.04001073426486995, "lamda": 0.24049272285154935}, "datetime": {"datetime": "2021-09-23 22:25:24", "elapsed": 10.332892, "delta": 0.405996}}
{"target": 0.912561149436954, "params": {"C": 746.0074659219316, "epsilon": 0.28598520842260444, "gamma": 0.01935845146978839, "lamda": 0.06485631268236246}, "datetime": {"datetime": "2021-09-23 22:25:24", "elapsed": 10.759892, "delta": 0.427}}
{"target": 0.9157157814939999, "params": {"C": 659.5706320174096, "epsilon": 0.40481452294546694, "gamma": 0.06927688834063415, "lamda": 0.08784405548445551}, "datetime": {"datetime": "2021-09-23 22:25:25", "elapsed": 11.347893, "delta": 0.588001}}
{"target": 0.9152676545932069, "params": {"C": 720.4117225799541, "epsilon": 0.9682829352450285, "gamma": 0.0368260001476184, "lamda": 0.06474426345499094}, "datetime": {"datetime": "2021-09-23 22:25:26", "elapsed": 12.031894, "delta": 0.684001}}
{"target": 0.9187557706932422, "params": {"C": 729.703739998575, "epsilon": 0.22088191272355492, "gamma": 0.06666630799997007, "lamda": 0.0801408866955507}, "datetime": {"datetime": "2021-09-23 22:25:26", "elapsed": 12.708895, "delta": 0.677001}}
{"target": 0.9112235722864664, "params": {"C": 696.5796680110484, "epsilon": 0.35527707611318426, "gamma": 0.06980865542978751, "lamda": 0.17967989838707407}, "datetime": {"datetime": "2021-09-23 22:25:28", "elapsed": 14.213994, "delta": 1.505099}}
{"target": 0.8886319228238259, "params": {"C": 663.5985400551893, "epsilon": 0.28436264120703036, "gamma": 0.013817017265212093, "lamda": 0.23522559280818225}, "datetime": {"datetime": "2021-09-23 22:25:28", "elapsed": 14.631994, "delta": 0.418}}
{"target": 0.890387363635433, "params": {"C": 750.202358830378, "epsilon": 0.9456452693573992, "gamma": 0.0638734341970012, "lamda": 0.30012222199821087}, "datetime": {"datetime": "2021-09-23 22:25:29", "elapsed": 15.083993, "delta": 0.451999}}
{"target": 0.9165954090912631, "params": {"C": 756.4567264027437, "epsilon": 0.2319225994792417, "gamma": 0.04840015111077136, "lamda": 0.261808460219463}, "datetime": {"datetime": "2021-09-23 22:25:29", "elapsed": 15.743995, "delta": 0.660002}}
{"target": 0.8992348167360193, "params": {"C": 738.812892998462, "epsilon": 0.7848259921626908, "gamma": 0.060205643821522443, "lamda": 0.25429917482121994}, "datetime": {"datetime": "2021-09-23 22:25:30", "elapsed": 16.135989, "delta": 0.391994}}
{"target": 0.8881022458080094, "params": {"C": 692.9380293119833, "epsilon": 0.4917098986245436, "gamma": 0.01035607858425128, "lamda": 0.005911731269281357}, "datetime": {"datetime": "2021-09-23 22:25:31", "elapsed": 16.898993, "delta": 0.763004}}
{"target": 0.8653621492998834, "params": {"C": 657.8218091800013, "epsilon": 0.6307830821623754, "gamma": 0.010354663744515885, "lamda": 0.23261716036577582}, "datetime": {"datetime": "2021-09-23 22:25:31", "elapsed": 17.303993, "delta": 0.405}}
{"target": 0.922521649563814, "params": {"C": 674.3384039989511, "epsilon": 0.25257844290657305, "gamma": 0.030772476628517974, "lamda": 0.008917478112143079}, "datetime": {"datetime": "2021-09-23 22:25:32", "elapsed": 17.935029, "delta": 0.631036}}
{"target": 0.9142458635547797, "params": {"C": 751.7164781816399, "epsilon": 0.6616971550039416, "gamma": 0.05867078936891688, "lamda": 0.10218318542956042}, "datetime": {"datetime": "2021-09-23 22:25:32", "elapsed": 18.459997, "delta": 0.524968}}
{"target": 0.8828598320551279, "params": {"C": 708.6387694423422, "epsilon": 0.8432943808149355, "gamma": 0.029580188503789788, "lamda": 0.38569796879367957}, "datetime": {"datetime": "2021-09-23 22:25:33", "elapsed": 19.229743, "delta": 0.769746}}
