{"target": 0.9175112644455274, "params": {"C": 1246.1451423538776, "epsilon": 0.3430885385850887, "gamma": 0.06486823597840788, "lamda": 0.025713950465293275}, "datetime": {"datetime": "2021-09-24 08:04:03", "elapsed": 19.954062, "delta": 0.684115}}
{"target": 0.9191928650087174, "params": {"C": 1245.9902781573019, "epsilon": 0.2482443953968995, "gamma": 0.06560050046887074, "lamda": 0.05293778406992323}, "datetime": {"datetime": "2021-09-24 08:04:04", "elapsed": 20.499699, "delta": 0.545637}}
{"target": 0.9243439734134268, "params": {"C": 1232.5870623932174, "epsilon": 0.21532220244484737, "gamma": 0.033799332663239055, "lamda": 0.09717708344995189}, "datetime": {"datetime": "2021-09-24 08:04:05", "elapsed": 21.183613, "delta": 0.683914}}
{"target": 0.9128368465482399, "params": {"C": 1368.934460761621, "epsilon": 0.7234042494440275, "gamma": 0.055594425361332994, "lamda": 0.1144583620145433}, "datetime": {"datetime": "2021-09-24 08:04:05", "elapsed": 21.7227, "delta": 0.539087}}
{"target": 0.9168757409589117, "params": {"C": 1246.2399321975895, "epsilon": 0.17373421226827415, "gamma": 0.018396701405610408, "lamda": 0.04914753828407535}, "datetime": {"datetime": "2021-09-24 08:04:06", "elapsed": 22.471805, "delta": 0.749105}}
{"target": 0.9183419534334893, "params": {"C": 1221.5679911872653, "epsilon": 0.24427516443253638, "gamma": 0.04275698348917677, "lamda": 0.21002385089840356}, "datetime": {"datetime": "2021-09-24 08:04:06", "elapsed": 23.004425, "delta": 0.53262}}
{"target": 0.8885240539806247, "params": {"C": 1204.1904502997259, "epsilon": 0.03, "gamma": 0.06366267686990458, "lamda": 0.047843440048335684}, "datetime": {"datetime": "2021-09-24 08:04:07", "elapsed": 23.798846, "delta": 0.794421}}
{"target": 0.889732353649665, "params": {"C": 1352.8300442447226, "epsilon": 0.44106187790356255, "gamma": 0.014839190853576597, "lamda": 0.17093299945942966}, "datetime": {"datetime": "2021-09-24 08:04:08", "elapsed": 24.35459, "delta": 0.555744}}
{"target": 0.9250704683069891, "params": {"C": 1306.2790101819082, "epsilon": 0.18402745411763594, "gamma": 0.045899308368958426, "lamda": 0.11187738453900475}, "datetime": {"datetime": "2021-09-24 08:04:08", "elapsed": 24.949917, "delta": 0.595327}}
{"target": 0.88779369313499, "params": {"C": 1217.9888552573043, "epsilon": 0.9835929193096355, "gamma": 0.049771022444476544, "lamda": 0.34785205685630965}, "datetime": {"datetime": "2021-09-24 08:04:09", "elapsed": 25.529755, "delta": 0.579838}}
{"target": 0.9219560130667438, "params": {"C": 1354.2964996801434, "epsilon": 0.05532510331216224, "gamma": 0.05810917159184193, "lamda": 0.28889237328367456}, "datetime": {"datetime": "2021-09-24 08:04:10", "elapsed": 26.122628, "delta": 0.592873}}
{"target": 0.9239323143856243, "params": {"C": 1245.9932231976682, "epsilon": 0.17612107083780842, "gamma": 0.034366703034845784, "lamda": 0.12604027011730642}, "datetime": {"datetime": "2021-09-24 08:04:10", "elapsed": 26.762965, "delta": 0.640337}}
{"target": 0.9247576860747737, "params": {"C": 1280.9823306810163, "epsilon": 0.06461716314599386, "gamma": 0.033718912082341186, "lamda": 0.27317741533332024}, "datetime": {"datetime": "2021-09-24 08:04:11", "elapsed": 27.338925, "delta": 0.57596}}
{"target": 0.918165149323355, "params": {"C": 1354.254035100867, "epsilon": 0.10018320545038656, "gamma": 0.05761895165178471, "lamda": 0.3643519218180145}, "datetime": {"datetime": "2021-09-24 08:04:11", "elapsed": 27.944861, "delta": 0.605936}}
{"target": 0.8972766950717528, "params": {"C": 1354.300027026118, "epsilon": 0.03, "gamma": 0.01, "lamda": 0.3589525157143813}, "datetime": {"datetime": "2021-09-24 08:04:12", "elapsed": 28.643065, "delta": 0.698204}}
{"target": 0.9212109674642028, "params": {"C": 1246.059599345322, "epsilon": 0.206701325918707, "gamma": 0.028074604955698662, "lamda": 0.10600598105349189}, "datetime": {"datetime": "2021-09-24 08:04:13", "elapsed": 29.421547, "delta": 0.778482}}
{"target": 0.9113576568397925, "params": {"C": 1246.0582382128077, "epsilon": 0.21490263038718546, "gamma": 0.01593920544472562, "lamda": 0.010343603205263851}, "datetime": {"datetime": "2021-09-24 08:04:14", "elapsed": 30.058821, "delta": 0.637274}}
{"target": 0.9189802742342076, "params": {"C": 1232.5650984710194, "epsilon": 0.2752829869650105, "gamma": 0.03160235748590906, "lamda": 0.12756012719431645}, "datetime": {"datetime": "2021-09-24 08:04:14", "elapsed": 30.652376, "delta": 0.593555}}
{"target": 0.8837517794868405, "params": {"C": 1246.5837674530567, "epsilon": 0.7398851621344886, "gamma": 0.020576502401503948, "lamda": 0.27440130170654303}, "datetime": {"datetime": "2021-09-24 08:04:15", "elapsed": 31.214219, "delta": 0.561843}}
{"target": 0.9154355633168555, "params": {"C": 1354.2295124521427, "epsilon": 0.10034694410130542, "gamma": 0.07, "lamda": 0.26579797942320216}, "datetime": {"datetime": "2021-09-24 08:04:15", "elapsed": 31.935601, "delta": 0.721382}}
{"target": 0.921315658200043, "params": {"C": 1232.446456379557, "epsilon": 0.21374724107882462, "gamma": 0.02416843286894675, "lamda": 0.07229725981311555}, "datetime": {"datetime": "2021-09-24 08:04:16", "elapsed": 32.497208, "delta": 0.561607}}
{"target": 0.9244370046819339, "params": {"C": 1245.9064552389634, "epsilon": 0.1931667462205232, "gamma": 0.0549711918656363, "lamda": 0.062034919714179015}, "datetime": {"datetime": "2021-09-24 08:04:17", "elapsed": 33.100764, "delta": 0.603556}}
{"target": 0.910473840802238, "params": {"C": 1353.8427693791305, "epsilon": 0.2121562813519773, "gamma": 0.027446234016696852, "lamda": 0.2856791376981919}, "datetime": {"datetime": "2021-09-24 08:04:17", "elapsed": 33.707338, "delta": 0.606574}}
{"target": 0.9186313165907795, "params": {"C": 1352.7155302253282, "epsilon": 0.41602432813207946, "gamma": 0.05865241832198205, "lamda": 0.0935931003695684}, "datetime": {"datetime": "2021-09-24 08:04:18", "elapsed": 34.331668, "delta": 0.62433}}
{"target": 0.9081585749427695, "params": {"C": 1369.1757214223965, "epsilon": 0.25597798420827467, "gamma": 0.06559187778085611, "lamda": 0.3611023605156928}, "datetime": {"datetime": "2021-09-24 08:04:18", "elapsed": 34.934818, "delta": 0.60315}}
{"target": 0.9274576454681094, "params": {"C": 1232.5369113140362, "epsilon": 0.3266213904530866, "gamma": 0.04208929934294786, "lamda": 0.04551289924716526}, "datetime": {"datetime": "2021-09-24 08:04:19", "elapsed": 35.688193, "delta": 0.753375}}
{"target": 0.9027100399375452, "params": {"C": 1284.3158452018645, "epsilon": 0.7695819628835003, "gamma": 0.06045065778099424, "lamda": 0.21462818631946584}, "datetime": {"datetime": "2021-09-24 08:04:20", "elapsed": 36.283891, "delta": 0.595698}}
{"target": 0.90723173062954, "params": {"C": 1245.9640837183717, "epsilon": 0.11192323981999423, "gamma": 0.013300659982442413, "lamda": 0.04789263291608755}, "datetime": {"datetime": "2021-09-24 08:04:21", "elapsed": 37.095084, "delta": 0.811193}}
{"target": 0.9061915377869969, "params": {"C": 1233.545168671707, "epsilon": 0.9535854434485915, "gamma": 0.0416379987196207, "lamda": 0.14838486730077582}, "datetime": {"datetime": "2021-09-24 08:04:21", "elapsed": 37.710326, "delta": 0.615242}}
{"target": 0.9223209257688147, "params": {"C": 1280.9513528319355, "epsilon": 0.1175338649280573, "gamma": 0.03399357942729108, "lamda": 0.21733398615348073}, "datetime": {"datetime": "2021-09-24 08:04:22", "elapsed": 38.34493, "delta": 0.634604}}
{"target": 0.9121124598529258, "params": {"C": 1232.4324468109796, "epsilon": 0.3402511247973783, "gamma": 0.020175490882908854, "lamda": 0.075155507189952}, "datetime": {"datetime": "2021-09-24 08:04:22", "elapsed": 39.014633, "delta": 0.669703}}
{"target": 0.9116501517508011, "params": {"C": 1232.529859234706, "epsilon": 0.18166017490228495, "gamma": 0.043553323288205256, "lamda": 0.0030923258630933537}, "datetime": {"datetime": "2021-09-24 08:04:24", "elapsed": 40.142448, "delta": 1.127815}}
{"target": 0.9050691476139611, "params": {"C": 1278.3901060826474, "epsilon": 0.03801425058959908, "gamma": 0.012723914076975658, "lamda": 0.2474041442078309}, "datetime": {"datetime": "2021-09-24 08:04:24", "elapsed": 40.745343, "delta": 0.602895}}
{"target": 0.9283565670161371, "params": {"C": 1232.6224987280834, "epsilon": 0.25462642537004915, "gamma": 0.035169803159957276, "lamda": 0.04930624824105255}, "datetime": {"datetime": "2021-09-24 08:04:25", "elapsed": 41.358087, "delta": 0.612744}}
{"target": 0.8697302408615195, "params": {"C": 1272.7554837093555, "epsilon": 0.723909244098786, "gamma": 0.016547865355545414, "lamda": 0.3665853435181578}, "datetime": {"datetime": "2021-09-24 08:04:25", "elapsed": 41.968288, "delta": 0.610201}}
{"target": 0.9253125325536475, "params": {"C": 1332.631421809229, "epsilon": 0.0626427460706746, "gamma": 0.04661814291231377, "lamda": 0.26481363539532177}, "datetime": {"datetime": "2021-09-24 08:04:26", "elapsed": 42.678389, "delta": 0.710101}}
{"target": 0.9186859858945733, "params": {"C": 1232.6250708810264, "epsilon": 0.34111390793313345, "gamma": 0.023760716298079194, "lamda": 0.058347614132853}, "datetime": {"datetime": "2021-09-24 08:04:27", "elapsed": 43.462233, "delta": 0.783844}}
{"target": 0.89908147951162, "params": {"C": 1385.395660300773, "epsilon": 0.9536415485667779, "gamma": 0.015188328390230318, "lamda": 0.04149861486142341}, "datetime": {"datetime": "2021-09-24 08:04:28", "elapsed": 44.198495, "delta": 0.736262}}
{"target": 0.9012856828532654, "params": {"C": 1286.2573066492355, "epsilon": 0.44648293359166236, "gamma": 0.028775607302263473, "lamda": 0.29363790168061665}, "datetime": {"datetime": "2021-09-24 08:04:28", "elapsed": 44.862329, "delta": 0.663834}}
{"target": 0.8963433801585771, "params": {"C": 1206.2274405442815, "epsilon": 0.5931835434233267, "gamma": 0.015365777078472266, "lamda": 0.08721564339898263}, "datetime": {"datetime": "2021-09-24 08:04:29", "elapsed": 45.495873, "delta": 0.633544}}
{"target": 0.8967619766789566, "params": {"C": 1306.3777327104626, "epsilon": 0.1981480550082835, "gamma": 0.010587990811048855, "lamda": 0.09288654564739139}, "datetime": {"datetime": "2021-09-24 08:04:30", "elapsed": 46.430889, "delta": 0.935016}}
{"target": 0.9176850235873786, "params": {"C": 1233.8055627900155, "epsilon": 0.08333755853124372, "gamma": 0.06034625521770918, "lamda": 0.37110537972593094}, "datetime": {"datetime": "2021-09-24 08:04:31", "elapsed": 47.081663, "delta": 0.650774}}
{"target": 0.9265561216716749, "params": {"C": 1332.5901733422497, "epsilon": 0.06461082658502953, "gamma": 0.04850844765801246, "lamda": 0.18686704948644894}, "datetime": {"datetime": "2021-09-24 08:04:31", "elapsed": 47.811399, "delta": 0.729736}}
{"target": 0.8927917065868094, "params": {"C": 1252.7760881056274, "epsilon": 0.7382567286117583, "gamma": 0.037271997459895206, "lamda": 0.35317826706476824}, "datetime": {"datetime": "2021-09-24 08:04:32", "elapsed": 48.464415, "delta": 0.653016}}
{"target": 0.9199962779038133, "params": {"C": 1352.9318524647765, "epsilon": 0.3989795812710254, "gamma": 0.04868923872539461, "lamda": 0.1036708408146941}, "datetime": {"datetime": "2021-09-24 08:04:33", "elapsed": 49.232735, "delta": 0.76832}}
{"target": 0.9126876901606047, "params": {"C": 1332.2932631394963, "epsilon": 0.14211048957868105, "gamma": 0.06833741397481563, "lamda": 0.34612875507632634}, "datetime": {"datetime": "2021-09-24 08:04:33", "elapsed": 49.895722, "delta": 0.662987}}
{"target": 0.9275254001680434, "params": {"C": 1332.6957851050183, "epsilon": 0.0580241781647425, "gamma": 0.04502479905305187, "lamda": 0.20094043086327704}, "datetime": {"datetime": "2021-09-24 08:04:34", "elapsed": 50.675205, "delta": 0.779483}}
{"target": 0.9189129687998092, "params": {"C": 1332.6579034443805, "epsilon": 0.14351429260097676, "gamma": 0.03153177221102682, "lamda": 0.23692993934679102}, "datetime": {"datetime": "2021-09-24 08:04:35", "elapsed": 51.469245, "delta": 0.79404}}
{"target": 0.9209289953588549, "params": {"C": 1204.0038726455641, "epsilon": 0.15086832613161982, "gamma": 0.049408235847624625, "lamda": 0.21947270645187392}, "datetime": {"datetime": "2021-09-24 08:04:36", "elapsed": 52.294912, "delta": 0.825667}}
{"target": 0.9211236258485305, "params": {"C": 1203.961630648121, "epsilon": 0.12922434198735433, "gamma": 0.02220570279043286, "lamda": 0.09301580131970988}, "datetime": {"datetime": "2021-09-24 08:04:37", "elapsed": 53.180759, "delta": 0.885847}}
{"target": 0.9123595134435115, "params": {"C": 1306.2598479839348, "epsilon": 0.09925300483551566, "gamma": 0.016880569754090025, "lamda": 0.14735401140291915}, "datetime": {"datetime": "2021-09-24 08:04:37", "elapsed": 53.986054, "delta": 0.805295}}
{"target": 0.9214148849978976, "params": {"C": 1204.144028774291, "epsilon": 0.131966981740545, "gamma": 0.039380796374320695, "lamda": 0.24394285479230948}, "datetime": {"datetime": "2021-09-24 08:04:38", "elapsed": 54.73528, "delta": 0.749226}}
{"target": 0.9007497147457623, "params": {"C": 1351.7520960746133, "epsilon": 0.5238881381520016, "gamma": 0.020092360359869454, "lamda": 0.13394338251117271}, "datetime": {"datetime": "2021-09-24 08:04:39", "elapsed": 55.394323, "delta": 0.659043}}
{"target": 0.9156905591423425, "params": {"C": 1281.055053200246, "epsilon": 0.17507018871426724, "gamma": 0.06488319831327927, "lamda": 0.23800403652210897}, "datetime": {"datetime": "2021-09-24 08:04:40", "elapsed": 56.244168, "delta": 0.849845}}
{"target": 0.9143351972068948, "params": {"C": 1281.0275442858829, "epsilon": 0.044805705863313824, "gamma": 0.07, "lamda": 0.1908812684674148}, "datetime": {"datetime": "2021-09-24 08:04:41", "elapsed": 57.270218, "delta": 1.02605}}
{"target": 0.9126261041669032, "params": {"C": 1352.9720830775625, "epsilon": 0.4250632738243323, "gamma": 0.05363002795215182, "lamda": 0.20246774572886767}, "datetime": {"datetime": "2021-09-24 08:04:42", "elapsed": 58.203478, "delta": 0.93326}}
{"target": 0.8986041575960164, "params": {"C": 1373.6843531509976, "epsilon": 0.7959292186370986, "gamma": 0.06049574738962546, "lamda": 0.25855767007288327}, "datetime": {"datetime": "2021-09-24 08:04:42", "elapsed": 58.923618, "delta": 0.72014}}
{"target": 0.9175231594777414, "params": {"C": 1280.8606189442125, "epsilon": 0.03667145189993567, "gamma": 0.01908185227822791, "lamda": 0.23946229949386164}, "datetime": {"datetime": "2021-09-24 08:04:43", "elapsed": 59.894701, "delta": 0.971083}}
{"target": 0.887565924541999, "params": {"C": 1366.562897216854, "epsilon": 0.9391503991691993, "gamma": 0.019100082831807322, "lamda": 0.1600057032430177}, "datetime": {"datetime": "2021-09-24 08:04:44", "elapsed": 60.626654, "delta": 0.731953}}
{"target": 0.917655634977862, "params": {"C": 1332.744576788936, "epsilon": 0.07834097172128293, "gamma": 0.06397009573306096, "lamda": 0.3237634731685937}, "datetime": {"datetime": "2021-09-24 08:04:45", "elapsed": 61.475557, "delta": 0.848903}}
{"target": 0.9135134608981138, "params": {"C": 1215.065850470294, "epsilon": 0.5412863314333759, "gamma": 0.06458752949409159, "lamda": 0.11272405197337206}, "datetime": {"datetime": "2021-09-24 08:04:46", "elapsed": 62.188757, "delta": 0.7132}}
{"target": 0.9243478173078735, "params": {"C": 1232.6853809374666, "epsilon": 0.2272846229655632, "gamma": 0.04899709149267337, "lamda": 0.023159162494302846}, "datetime": {"datetime": "2021-09-24 08:04:47", "elapsed": 63.115649, "delta": 0.926892}}
{"target": 0.9200236182160466, "params": {"C": 1245.8634454506455, "epsilon": 0.23249133528092494, "gamma": 0.05681558669982623, "lamda": 0.13874474101951934}, "datetime": {"datetime": "2021-09-24 08:04:47", "elapsed": 63.99999, "delta": 0.884341}}
{"target": 0.900206913663381, "params": {"C": 1218.9873598003255, "epsilon": 0.6158346053251317, "gamma": 0.028929232904324254, "lamda": 0.23123778970736691}, "datetime": {"datetime": "2021-09-24 08:04:48", "elapsed": 64.795884, "delta": 0.795894}}
{"target": 0.9200902271159532, "params": {"C": 1204.0740637458237, "epsilon": 0.06389317313022466, "gamma": 0.02305938495205833, "lamda": 0.22518380128758878}, "datetime": {"datetime": "2021-09-24 08:04:49", "elapsed": 65.710393, "delta": 0.914509}}
{"target": 0.9138793771651376, "params": {"C": 1208.178576435632, "epsilon": 0.35432170236022853, "gamma": 0.017671470279852244, "lamda": 0.0411280653348799}, "datetime": {"datetime": "2021-09-24 08:04:50", "elapsed": 66.586413, "delta": 0.87602}}
{"target": 0.8829479782325913, "params": {"C": 1280.9091012721547, "epsilon": 0.13447194003563692, "gamma": 0.01, "lamda": 0.31855030765791614}, "datetime": {"datetime": "2021-09-24 08:04:51", "elapsed": 67.594948, "delta": 1.008535}}
{"target": 0.9210604602037864, "params": {"C": 1203.9948037451945, "epsilon": 0.05699918996905065, "gamma": 0.022082701470405412, "lamda": 0.18292648452803015}, "datetime": {"datetime": "2021-09-24 08:04:52", "elapsed": 68.480973, "delta": 0.886025}}
{"target": 0.9177805266054758, "params": {"C": 1246.6139081986353, "epsilon": 0.4677101742567653, "gamma": 0.06802859727838093, "lamda": 0.04802691288163459}, "datetime": {"datetime": "2021-09-24 08:04:53", "elapsed": 69.295886, "delta": 0.814913}}
{"target": 0.9187993146740114, "params": {"C": 1204.0626757441248, "epsilon": 0.18608218033163965, "gamma": 0.061536085684603836, "lamda": 0.16375510390790718}, "datetime": {"datetime": "2021-09-24 08:04:54", "elapsed": 70.096603, "delta": 0.800717}}
{"target": 0.921080564440743, "params": {"C": 1208.130674644161, "epsilon": 0.18099897064070194, "gamma": 0.05319704630420132, "lamda": 0.168443838985009}, "datetime": {"datetime": "2021-09-24 08:04:54", "elapsed": 70.908295, "delta": 0.811692}}
{"target": 0.9160525785308689, "params": {"C": 1299.6443617848074, "epsilon": 0.6678857848740779, "gamma": 0.06309517416898137, "lamda": 0.07003032387803912}, "datetime": {"datetime": "2021-09-24 08:04:55", "elapsed": 71.809199, "delta": 0.900904}}
{"target": 0.9194114633279187, "params": {"C": 1371.557002905431, "epsilon": 0.27222863265745145, "gamma": 0.046860868259423975, "lamda": 0.1674937157763118}, "datetime": {"datetime": "2021-09-24 08:04:56", "elapsed": 72.627148, "delta": 0.817949}}
{"target": 0.8917221391038676, "params": {"C": 1242.8073372508213, "epsilon": 0.3398439368681727, "gamma": 0.014415515842233988, "lamda": 0.18032579906708}, "datetime": {"datetime": "2021-09-24 08:04:57", "elapsed": 73.410778, "delta": 0.78363}}
{"target": 0.9158674267996835, "params": {"C": 1232.695136915781, "epsilon": 0.18474331688039813, "gamma": 0.022581950939787016, "lamda": 0.12601629913800383}, "datetime": {"datetime": "2021-09-24 08:04:58", "elapsed": 74.301152, "delta": 0.890374}}
{"target": 0.930756209217701, "params": {"C": 1332.5898613769152, "epsilon": 0.059895814578859397, "gamma": 0.03437926304112901, "lamda": 0.11414024472388312}, "datetime": {"datetime": "2021-09-24 08:04:59", "elapsed": 75.12998, "delta": 0.828828}}
{"target": 0.9250128479424745, "params": {"C": 1332.65038889982, "epsilon": 0.1227137513436722, "gamma": 0.05249282468136065, "lamda": 0.11992384972000117}, "datetime": {"datetime": "2021-09-24 08:04:59", "elapsed": 75.9685, "delta": 0.83852}}
{"target": 0.9178456948406901, "params": {"C": 1332.5954842814058, "epsilon": 0.12644468707168094, "gamma": 0.018905132778559593, "lamda": 0.07957632885141087}, "datetime": {"datetime": "2021-09-24 08:05:01", "elapsed": 77.100357, "delta": 1.131857}}
{"target": 0.9265817524830281, "params": {"C": 1208.2519264596278, "epsilon": 0.12386086167529119, "gamma": 0.04708444065878877, "lamda": 0.11708606867586321}, "datetime": {"datetime": "2021-09-24 08:05:01", "elapsed": 77.985207, "delta": 0.88485}}
{"target": 0.9165365201496496, "params": {"C": 1306.1956487900254, "epsilon": 0.22224744350398337, "gamma": 0.06670156311254707, "lamda": 0.15699027799035592}, "datetime": {"datetime": "2021-09-24 08:05:02", "elapsed": 78.844603, "delta": 0.859396}}
{"target": 0.9199435268351931, "params": {"C": 1208.120973749659, "epsilon": 0.16453298545092535, "gamma": 0.058940399531280455, "lamda": 0.043812881725677565}, "datetime": {"datetime": "2021-09-24 08:05:03", "elapsed": 79.751587, "delta": 0.906984}}
{"target": 0.9281551620423866, "params": {"C": 1332.8150158494504, "epsilon": 0.09285903593820251, "gamma": 0.04477241212390532, "lamda": 0.11512097815453715}, "datetime": {"datetime": "2021-09-24 08:05:04", "elapsed": 80.636915, "delta": 0.885328}}
{"target": 0.9184823890096978, "params": {"C": 1208.3158071834544, "epsilon": 0.07010046002846174, "gamma": 0.04881233756222853, "lamda": 0.03870050842062497}, "datetime": {"datetime": "2021-09-24 08:05:05", "elapsed": 81.689303, "delta": 1.052388}}
{"target": 0.9254640755813491, "params": {"C": 1255.2911409123242, "epsilon": 0.8262884208591298, "gamma": 0.04177352018761141, "lamda": 0.023832859251152878}, "datetime": {"datetime": "2021-09-24 08:05:06", "elapsed": 82.45862, "delta": 0.769317}}
{"target": 0.9195826842805815, "params": {"C": 1289.3317164177604, "epsilon": 0.996814221971482, "gamma": 0.050044525431901535, "lamda": 0.041661512213747025}, "datetime": {"datetime": "2021-09-24 08:05:07", "elapsed": 83.280348, "delta": 0.821728}}
{"target": 0.9166718522181199, "params": {"C": 1332.8020896837884, "epsilon": 0.0479524908859275, "gamma": 0.03894890322165254, "lamda": 0.0177329216593465}, "datetime": {"datetime": "2021-09-24 08:05:08", "elapsed": 84.304598, "delta": 1.02425}}
{"target": 0.9106102660953859, "params": {"C": 1208.3043176383308, "epsilon": 0.20807735505936809, "gamma": 0.018658936657911983, "lamda": 0.11455204084465852}, "datetime": {"datetime": "2021-09-24 08:05:09", "elapsed": 85.291621, "delta": 0.987023}}
{"target": 0.9135709365612732, "params": {"C": 1332.5163958695537, "epsilon": 0.061929394956622606, "gamma": 0.06497142777802292, "lamda": 0.09599911725906403}, "datetime": {"datetime": "2021-09-24 08:05:10", "elapsed": 86.205267, "delta": 0.913646}}
