{"target": 0.9163901865892464, "params": {"C": 748.2906006331523, "epsilon": 0.19080498064442955, "gamma": 0.08056543442830259, "lamda": 0.09491454629503036}, "datetime": {"datetime": "2021-09-23 11:08:34", "elapsed": 299.205581, "delta": 1.975278}}
{"target": 0.9182840957449404, "params": {"C": 644.9771213320969, "epsilon": 0.1276677534445435, "gamma": 0.0689263180581071, "lamda": 0.1301978073269348}, "datetime": {"datetime": "2021-09-23 11:08:35", "elapsed": 300.613571, "delta": 1.40799}}
{"target": 0.9130052680958365, "params": {"C": 748.2821045705002, "epsilon": 0.10206368947667935, "gamma": 0.08314726045514531, "lamda": 0.11081792095788352}, "datetime": {"datetime": "2021-09-23 11:08:37", "elapsed": 302.617989, "delta": 2.004418}}
{"target": 0.9169948478623339, "params": {"C": 782.8786388903346, "epsilon": 0.23853744087537726, "gamma": 0.07317128950817152, "lamda": 0.05907481440212174}, "datetime": {"datetime": "2021-09-23 11:08:39", "elapsed": 304.421867, "delta": 1.803878}}
{"target": 0.9179163193849535, "params": {"C": 660.928826334689, "epsilon": 0.12193697850033626, "gamma": 0.06940787998664455, "lamda": 0.11470875211564603}, "datetime": {"datetime": "2021-09-23 11:08:40", "elapsed": 305.846643, "delta": 1.424776}}
{"target": 0.9141722743015775, "params": {"C": 630.0073438641167, "epsilon": 0.2480239614953337, "gamma": 0.0880293162182637, "lamda": 0.06918503209129201}, "datetime": {"datetime": "2021-09-23 11:08:42", "elapsed": 307.311503, "delta": 1.46486}}
{"target": 0.9144262527106705, "params": {"C": 694.7896640187763, "epsilon": 0.3019619921003153, "gamma": 0.08664354509977693, "lamda": 0.05602602705151208}, "datetime": {"datetime": "2021-09-23 11:08:43", "elapsed": 308.750417, "delta": 1.438914}}
{"target": 0.9184346846637913, "params": {"C": 748.2213801894932, "epsilon": 0.16344513874710037, "gamma": 0.06581372283492953, "lamda": 0.10705251910730887}, "datetime": {"datetime": "2021-09-23 11:08:45", "elapsed": 310.6644, "delta": 1.913983}}
{"target": 0.9159471061252115, "params": {"C": 728.9372248004074, "epsilon": 0.17542531863136232, "gamma": 0.06, "lamda": 0.17}, "datetime": {"datetime": "2021-09-23 11:08:47", "elapsed": 312.580747, "delta": 1.916347}}
{"target": 0.9181708195555831, "params": {"C": 736.6095755068584, "epsilon": 0.16895385512199862, "gamma": 0.06972975735763186, "lamda": 0.11295086800523657}, "datetime": {"datetime": "2021-09-23 11:08:48", "elapsed": 313.968865, "delta": 1.388118}}
{"target": 0.9173898868713573, "params": {"C": 778.1725684880091, "epsilon": 0.23342066743583154, "gamma": 0.06159198600830012, "lamda": 0.10365398583371839}, "datetime": {"datetime": "2021-09-23 11:08:50", "elapsed": 315.745777, "delta": 1.776912}}
{"target": 0.9173077150279624, "params": {"C": 693.4084824655123, "epsilon": 0.16011619864572174, "gamma": 0.07552640320953978, "lamda": 0.1498680799316978}, "datetime": {"datetime": "2021-09-23 11:08:53", "elapsed": 318.415782, "delta": 2.670005}}
{"target": 0.9143041724059279, "params": {"C": 778.134002951442, "epsilon": 0.13963271190594262, "gamma": 0.08156160696941295, "lamda": 0.08953256858955903}, "datetime": {"datetime": "2021-09-23 11:08:56", "elapsed": 322.043917, "delta": 3.628135}}
{"target": 0.9179630874300014, "params": {"C": 782.8789162577726, "epsilon": 0.17587334965987744, "gamma": 0.07132295129837472, "lamda": 0.0970746044106293}, "datetime": {"datetime": "2021-09-23 11:08:59", "elapsed": 325.021674, "delta": 2.977757}}
{"target": 0.9170623349569746, "params": {"C": 736.652534528137, "epsilon": 0.19584941289155214, "gamma": 0.07675108957583522, "lamda": 0.08685995026910658}, "datetime": {"datetime": "2021-09-23 11:09:02", "elapsed": 327.24116, "delta": 2.219486}}
{"target": 0.9148825715522084, "params": {"C": 782.8861570175375, "epsilon": 0.29241427590090346, "gamma": 0.0868855894493355, "lamda": 0.10973910622136035}, "datetime": {"datetime": "2021-09-23 11:09:04", "elapsed": 329.989205, "delta": 2.748045}}
{"target": 0.9182509436030595, "params": {"C": 724.8017528386142, "epsilon": 0.20896813952505652, "gamma": 0.061417753609970475, "lamda": 0.09067762338370379}, "datetime": {"datetime": "2021-09-23 11:09:07", "elapsed": 332.62912, "delta": 2.639915}}
{"target": 0.9139460189178878, "params": {"C": 773.3078196573749, "epsilon": 0.26998598294313175, "gamma": 0.08619804530822679, "lamda": 0.05534694294626795}, "datetime": {"datetime": "2021-09-23 11:09:10", "elapsed": 335.582719, "delta": 2.953599}}
{"target": 0.9170495690010846, "params": {"C": 635.88157653382, "epsilon": 0.28998666375902193, "gamma": 0.0723448556354912, "lamda": 0.0969438097091884}, "datetime": {"datetime": "2021-09-23 11:09:12", "elapsed": 337.749574, "delta": 2.166855}}
{"target": 0.9174525304489165, "params": {"C": 644.813029041952, "epsilon": 0.2558413039203118, "gamma": 0.06963019333959834, "lamda": 0.10183870872333461}, "datetime": {"datetime": "2021-09-23 11:09:15", "elapsed": 340.371773, "delta": 2.622199}}
{"target": 0.913604096545273, "params": {"C": 664.870734799732, "epsilon": 0.28153234039589137, "gamma": 0.08275467301424108, "lamda": 0.1606400965935979}, "datetime": {"datetime": "2021-09-23 11:09:17", "elapsed": 342.569939, "delta": 2.198166}}
{"target": 0.9173108761720377, "params": {"C": 609.7182946155979, "epsilon": 0.25756503785295354, "gamma": 0.07640073785625133, "lamda": 0.07760496692916412}, "datetime": {"datetime": "2021-09-23 11:09:19", "elapsed": 344.556665, "delta": 1.986726}}
{"target": 0.9159454527630225, "params": {"C": 604.4693042976788, "epsilon": 0.179033973063511, "gamma": 0.08387924248920613, "lamda": 0.11747261131637299}, "datetime": {"datetime": "2021-09-23 11:09:21", "elapsed": 346.865062, "delta": 2.308397}}
{"target": 0.9170481023843272, "params": {"C": 758.9495914132726, "epsilon": 0.08887043134575653, "gamma": 0.07519490954303958, "lamda": 0.1664808140758177}, "datetime": {"datetime": "2021-09-23 11:09:25", "elapsed": 350.45224, "delta": 3.587178}}
{"target": 0.9146923345128299, "params": {"C": 784.3337438313072, "epsilon": 0.3319519900806546, "gamma": 0.08839952928853853, "lamda": 0.06372337349726813}, "datetime": {"datetime": "2021-09-23 11:09:27", "elapsed": 352.944796, "delta": 2.492556}}
{"target": 0.9174957517692809, "params": {"C": 782.8529936342397, "epsilon": 0.19748371466682588, "gamma": 0.06459805450546081, "lamda": 0.12722951546168154}, "datetime": {"datetime": "2021-09-23 11:09:30", "elapsed": 355.581135, "delta": 2.636339}}
{"target": 0.9167330920536454, "params": {"C": 670.2843997360436, "epsilon": 0.15697802932180063, "gamma": 0.07916760784681791, "lamda": 0.1147602549758816}, "datetime": {"datetime": "2021-09-23 11:09:32", "elapsed": 358.119438, "delta": 2.538303}}
{"target": 0.9178384700384807, "params": {"C": 728.9134970840962, "epsilon": 0.12334674509411317, "gamma": 0.06416319486907822, "lamda": 0.09621926412897693}, "datetime": {"datetime": "2021-09-23 11:09:35", "elapsed": 360.925077, "delta": 2.805639}}
{"target": 0.9169266213253513, "params": {"C": 736.5704653577624, "epsilon": 0.20901561022486248, "gamma": 0.07864847235788094, "lamda": 0.11451060496187242}, "datetime": {"datetime": "2021-09-23 11:09:38", "elapsed": 364.177775, "delta": 3.252698}}
{"target": 0.9177026543623955, "params": {"C": 736.5900447699082, "epsilon": 0.13009330186807835, "gamma": 0.061246989568270356, "lamda": 0.08887519013138638}, "datetime": {"datetime": "2021-09-23 11:09:41", "elapsed": 366.799219, "delta": 2.621444}}
{"target": 0.9142038463066058, "params": {"C": 607.6995314963316, "epsilon": 0.15966298031580464, "gamma": 0.08853700567245781, "lamda": 0.10905662767998833}, "datetime": {"datetime": "2021-09-23 11:09:43", "elapsed": 369.160718, "delta": 2.361499}}
{"target": 0.9177276708581946, "params": {"C": 585.6746598708887, "epsilon": 0.2133390300233856, "gamma": 0.07315079212250356, "lamda": 0.07971481820331398}, "datetime": {"datetime": "2021-09-23 11:09:46", "elapsed": 371.249035, "delta": 2.088317}}
{"target": 0.9170555305455591, "params": {"C": 644.8215895483097, "epsilon": 0.15739044011378983, "gamma": 0.061885267601551525, "lamda": 0.16473420272914735}, "datetime": {"datetime": "2021-09-23 11:09:48", "elapsed": 373.457229, "delta": 2.208194}}
{"target": 0.9152848942141137, "params": {"C": 662.6369646857464, "epsilon": 0.26786962557184213, "gamma": 0.07963849822846822, "lamda": 0.13456255638717451}, "datetime": {"datetime": "2021-09-23 11:09:50", "elapsed": 375.624457, "delta": 2.167228}}
{"target": 0.9174321563302364, "params": {"C": 640.8175132505189, "epsilon": 0.32433525242429034, "gamma": 0.0740636035869815, "lamda": 0.07280300086824755}, "datetime": {"datetime": "2021-09-23 11:09:52", "elapsed": 377.832361, "delta": 2.207904}}
{"target": 0.9177280097778486, "params": {"C": 592.507425030332, "epsilon": 0.3158765529891189, "gamma": 0.06957847714822091, "lamda": 0.04761821545940731}, "datetime": {"datetime": "2021-09-23 11:09:55", "elapsed": 380.379927, "delta": 2.547566}}
{"target": 0.9057937515640593, "params": {"C": 633.6841824462897, "epsilon": 0.07579079354818789, "gamma": 0.08791479775080872, "lamda": 0.07761256671932223}, "datetime": {"datetime": "2021-09-23 11:09:57", "elapsed": 382.848548, "delta": 2.468621}}
{"target": 0.9151554320515037, "params": {"C": 749.9675098672722, "epsilon": 0.3065262161672765, "gamma": 0.08073259592107322, "lamda": 0.1183839309742476}, "datetime": {"datetime": "2021-09-23 11:10:00", "elapsed": 385.242485, "delta": 2.393937}}
{"target": 0.9166723320354366, "params": {"C": 778.1662617092716, "epsilon": 0.21614792262734717, "gamma": 0.07129721948257114, "lamda": 0.05517111384345476}, "datetime": {"datetime": "2021-09-23 11:10:03", "elapsed": 388.250312, "delta": 3.007827}}
{"target": 0.9078195421099962, "params": {"C": 660.917912956381, "epsilon": 0.08880771916341437, "gamma": 0.08956278735623793, "lamda": 0.08995579435850212}, "datetime": {"datetime": "2021-09-23 11:10:06", "elapsed": 391.294386, "delta": 3.044074}}
{"target": 0.9148730678388993, "params": {"C": 662.1987242222583, "epsilon": 0.31081815005437025, "gamma": 0.08223157814376396, "lamda": 0.11967898771440492}, "datetime": {"datetime": "2021-09-23 11:10:08", "elapsed": 393.422689, "delta": 2.128303}}
{"target": 0.917120014400059, "params": {"C": 585.702154088637, "epsilon": 0.2524883191860352, "gamma": 0.07692250153473998, "lamda": 0.09606372358362289}, "datetime": {"datetime": "2021-09-23 11:10:12", "elapsed": 397.450857, "delta": 4.028168}}
{"target": 0.9120178096488336, "params": {"C": 728.9400486699068, "epsilon": 0.0963191734503224, "gamma": 0.07128313206848126, "lamda": 0.06448851327477449}, "datetime": {"datetime": "2021-09-23 11:10:16", "elapsed": 401.350013, "delta": 3.899156}}
{"target": 0.9176228354095503, "params": {"C": 722.7304654809342, "epsilon": 0.20268924747491995, "gamma": 0.06993232855779895, "lamda": 0.12300256115582925}, "datetime": {"datetime": "2021-09-23 11:10:20", "elapsed": 405.520542, "delta": 4.170529}}
{"target": 0.9159645198769378, "params": {"C": 656.339947860992, "epsilon": 0.2983241947953151, "gamma": 0.07104502777147849, "lamda": 0.1164457021443831}, "datetime": {"datetime": "2021-09-23 11:10:24", "elapsed": 409.458011, "delta": 3.937469}}
{"target": 0.9181838169783497, "params": {"C": 783.6226011986372, "epsilon": 0.1660972389206541, "gamma": 0.06973447776360239, "lamda": 0.11022485035770398}, "datetime": {"datetime": "2021-09-23 11:10:29", "elapsed": 414.600146, "delta": 5.142135}}
{"target": 0.9175717070966615, "params": {"C": 660.8941402609853, "epsilon": 0.14844114153035723, "gamma": 0.0717375433993209, "lamda": 0.16498199261105417}, "datetime": {"datetime": "2021-09-23 11:10:33", "elapsed": 418.90935, "delta": 4.309204}}
{"target": 0.9183296872732158, "params": {"C": 660.9098412509813, "epsilon": 0.11225225456525245, "gamma": 0.06180197604302433, "lamda": 0.15186236843130857}, "datetime": {"datetime": "2021-09-23 11:10:37", "elapsed": 423.012316, "delta": 4.102966}}
{"target": 0.9165413815593192, "params": {"C": 798.099623316441, "epsilon": 0.19391253838389677, "gamma": 0.08010114954245569, "lamda": 0.09492532442366465}, "datetime": {"datetime": "2021-09-23 11:10:40", "elapsed": 425.50319, "delta": 2.490874}}
{"target": 0.9181582662667038, "params": {"C": 660.9514444332514, "epsilon": 0.18796670639180751, "gamma": 0.06949023264335269, "lamda": 0.10488361795060337}, "datetime": {"datetime": "2021-09-23 11:10:49", "elapsed": 435.166822, "delta": 9.663632}}
{"target": 0.9162244240161933, "params": {"C": 602.6279204355073, "epsilon": 0.17233657698124688, "gamma": 0.0799700354719951, "lamda": 0.16834716633108227}, "datetime": {"datetime": "2021-09-23 11:10:52", "elapsed": 438.110343, "delta": 2.943521}}
{"target": 0.918153114958237, "params": {"C": 693.4954204610724, "epsilon": 0.1546472066829137, "gamma": 0.06943363528759199, "lamda": 0.13073980643868277}, "datetime": {"datetime": "2021-09-23 11:10:56", "elapsed": 441.252431, "delta": 3.142088}}
{"target": 0.9172900389979882, "params": {"C": 660.8983328681438, "epsilon": 0.19228055672753902, "gamma": 0.07396339369884802, "lamda": 0.13373689957048465}, "datetime": {"datetime": "2021-09-23 11:11:00", "elapsed": 445.845045, "delta": 4.592614}}
{"target": 0.9139960536881322, "params": {"C": 664.2966984667689, "epsilon": 0.23798068294264096, "gamma": 0.08727587007540298, "lamda": 0.0662956849867388}, "datetime": {"datetime": "2021-09-23 11:11:02", "elapsed": 448.085569, "delta": 2.240524}}
{"target": 0.9147819660341434, "params": {"C": 585.6397222307213, "epsilon": 0.2612852628011595, "gamma": 0.08887909612014547, "lamda": 0.08988722415105185}, "datetime": {"datetime": "2021-09-23 11:11:06", "elapsed": 451.442993, "delta": 3.357424}}
{"target": 0.9153751269879191, "params": {"C": 660.928373724729, "epsilon": 0.17372763101874297, "gamma": 0.0866072464524128, "lamda": 0.14728228490111395}, "datetime": {"datetime": "2021-09-23 11:11:09", "elapsed": 454.90312, "delta": 3.460127}}
{"target": 0.9158663776843761, "params": {"C": 782.8828669240139, "epsilon": 0.2320714639652975, "gamma": 0.07499641346255798, "lamda": 0.05365281811231504}, "datetime": {"datetime": "2021-09-23 11:11:13", "elapsed": 458.283081, "delta": 3.379961}}
{"target": 0.9180415071987992, "params": {"C": 782.9334573204947, "epsilon": 0.18480845395061346, "gamma": 0.07102364429588957, "lamda": 0.106895562718932}, "datetime": {"datetime": "2021-09-23 11:11:16", "elapsed": 461.775024, "delta": 3.491943}}
{"target": 0.9179393329684838, "params": {"C": 605.0448562907181, "epsilon": 0.1643060756430439, "gamma": 0.0633908344392285, "lamda": 0.1356096253707345}, "datetime": {"datetime": "2021-09-23 11:11:21", "elapsed": 466.986179, "delta": 5.211155}}
{"target": 0.9178233984282305, "params": {"C": 783.5983410005676, "epsilon": 0.1952376156947282, "gamma": 0.06, "lamda": 0.10829730621889634}, "datetime": {"datetime": "2021-09-23 11:11:25", "elapsed": 470.297333, "delta": 3.311154}}
{"target": 0.9183170389596449, "params": {"C": 724.7648270004975, "epsilon": 0.19020947666643562, "gamma": 0.06538323850920892, "lamda": 0.10293009543530772}, "datetime": {"datetime": "2021-09-23 11:11:28", "elapsed": 473.715056, "delta": 3.417723}}
{"target": 0.9140269278992021, "params": {"C": 693.4429350422948, "epsilon": 0.13867841367900977, "gamma": 0.06218885343958686, "lamda": 0.04718587830368755}, "datetime": {"datetime": "2021-09-23 11:11:33", "elapsed": 478.363788, "delta": 4.648732}}
{"target": 0.9169365608137994, "params": {"C": 748.1712822660626, "epsilon": 0.16361823795760397, "gamma": 0.06418104110592926, "lamda": 0.16850689436469174}, "datetime": {"datetime": "2021-09-23 11:11:39", "elapsed": 484.567315, "delta": 6.203527}}
{"target": 0.9183227229894607, "params": {"C": 724.7722204174178, "epsilon": 0.18608500905937922, "gamma": 0.06750541171185463, "lamda": 0.0980674919264526}, "datetime": {"datetime": "2021-09-23 11:11:42", "elapsed": 487.207406, "delta": 2.640091}}
{"target": 0.9161773936983713, "params": {"C": 799.446490985928, "epsilon": 0.30746283993668844, "gamma": 0.07668576741843312, "lamda": 0.10409778840754944}, "datetime": {"datetime": "2021-09-23 11:11:45", "elapsed": 490.285415, "delta": 3.078009}}
{"target": 0.9138916715181633, "params": {"C": 728.905848195202, "epsilon": 0.17710457558608889, "gamma": 0.08770179634730171, "lamda": 0.08816194382641869}, "datetime": {"datetime": "2021-09-23 11:11:49", "elapsed": 494.196765, "delta": 3.91135}}
{"target": 0.9182740761948617, "params": {"C": 660.9269163736712, "epsilon": 0.20868103401633162, "gamma": 0.06321329838609915, "lamda": 0.07632294222616003}, "datetime": {"datetime": "2021-09-23 11:11:52", "elapsed": 497.677648, "delta": 3.480883}}
{"target": 0.9180091699456449, "params": {"C": 644.8798122303454, "epsilon": 0.21553507227344468, "gamma": 0.06, "lamda": 0.09104049126793205}, "datetime": {"datetime": "2021-09-23 11:11:57", "elapsed": 502.31249, "delta": 4.634842}}
{"target": 0.9160769845612082, "params": {"C": 782.9245066594289, "epsilon": 0.21882657413641857, "gamma": 0.06670751051457043, "lamda": 0.15129024441819341}, "datetime": {"datetime": "2021-09-23 11:12:00", "elapsed": 505.965363, "delta": 3.652873}}
{"target": 0.9155452922301994, "params": {"C": 731.7542003779166, "epsilon": 0.27971861737297204, "gamma": 0.082469565525095, "lamda": 0.11569918568193333}, "datetime": {"datetime": "2021-09-23 11:12:03", "elapsed": 508.776537, "delta": 2.811174}}
{"target": 0.9185641112203903, "params": {"C": 786.131196642327, "epsilon": 0.11029448943906464, "gamma": 0.06057869601098844, "lamda": 0.1385826447685145}, "datetime": {"datetime": "2021-09-23 11:12:06", "elapsed": 511.438981, "delta": 2.662444}}
{"target": 0.9163040030804165, "params": {"C": 599.1488548308469, "epsilon": 0.24272998975175944, "gamma": 0.06814367475635309, "lamda": 0.13350211383855087}, "datetime": {"datetime": "2021-09-23 11:12:09", "elapsed": 514.911762, "delta": 3.472781}}
{"target": 0.9182167018600188, "params": {"C": 786.1350750368275, "epsilon": 0.15281633116388546, "gamma": 0.06690355060891695, "lamda": 0.1355661661224757}, "datetime": {"datetime": "2021-09-23 11:12:17", "elapsed": 522.23087, "delta": 7.319108}}
{"target": 0.915680285564926, "params": {"C": 786.1174488640862, "epsilon": 0.14311113551929774, "gamma": 0.08525823425479791, "lamda": 0.16010671402303125}, "datetime": {"datetime": "2021-09-23 11:12:21", "elapsed": 526.570166, "delta": 4.339296}}
{"target": 0.9160699520870071, "params": {"C": 689.0938292152988, "epsilon": 0.29659565990241227, "gamma": 0.08236967072550933, "lamda": 0.09255335618165592}, "datetime": {"datetime": "2021-09-23 11:12:26", "elapsed": 531.360993, "delta": 4.790827}}
{"target": 0.9184022824202018, "params": {"C": 786.1746759237411, "epsilon": 0.15862246493536003, "gamma": 0.06611675189437233, "lamda": 0.10181472692263187}, "datetime": {"datetime": "2021-09-23 11:12:30", "elapsed": 535.30198, "delta": 3.940987}}
{"target": 0.9174404768032822, "params": {"C": 630.4014370005536, "epsilon": 0.24546723121661015, "gamma": 0.0746286248949693, "lamda": 0.09559640565811081}, "datetime": {"datetime": "2021-09-23 11:12:32", "elapsed": 537.933565, "delta": 2.631585}}
{"target": 0.9138791298391722, "params": {"C": 614.0501999924142, "epsilon": 0.1399868723898228, "gamma": 0.06808144178731486, "lamda": 0.04846491890290755}, "datetime": {"datetime": "2021-09-23 11:12:36", "elapsed": 541.365829, "delta": 3.432264}}
{"target": 0.9170223008620583, "params": {"C": 786.2111630712791, "epsilon": 0.1761287910417753, "gamma": 0.07815767570579642, "lamda": 0.133489142555927}, "datetime": {"datetime": "2021-09-23 11:12:38", "elapsed": 544.171752, "delta": 2.805923}}
{"target": 0.916764866432821, "params": {"C": 646.4223102490334, "epsilon": 0.22416505011158858, "gamma": 0.08005792381184035, "lamda": 0.10091701481832366}, "datetime": {"datetime": "2021-09-23 11:12:40", "elapsed": 545.902447, "delta": 1.730695}}
{"target": 0.9069058059982242, "params": {"C": 786.1460259791638, "epsilon": 0.07558099009770461, "gamma": 0.08465539000586436, "lamda": 0.08871995445280623}, "datetime": {"datetime": "2021-09-23 11:12:43", "elapsed": 548.443904, "delta": 2.541457}}
{"target": 0.9179160268954595, "params": {"C": 773.3882880209626, "epsilon": 0.26734230893356015, "gamma": 0.060141386791282385, "lamda": 0.04788460137576411}, "datetime": {"datetime": "2021-09-23 11:12:46", "elapsed": 551.524738, "delta": 3.080834}}
{"target": 0.9174254421402336, "params": {"C": 795.782745377375, "epsilon": 0.19349319123000225, "gamma": 0.0712769773110723, "lamda": 0.13419732775964677}, "datetime": {"datetime": "2021-09-23 11:12:48", "elapsed": 553.244738, "delta": 1.72}}
{"target": 0.9183174924892733, "params": {"C": 651.5994999203738, "epsilon": 0.22574558692375116, "gamma": 0.06668212346925734, "lamda": 0.08283251368179342}, "datetime": {"datetime": "2021-09-23 11:12:49", "elapsed": 554.985738, "delta": 1.741}}
{"target": 0.9183206362119101, "params": {"C": 786.1664777009679, "epsilon": 0.13568617085149498, "gamma": 0.0673995739776292, "lamda": 0.14290184411150664}, "datetime": {"datetime": "2021-09-23 11:12:53", "elapsed": 559.035739, "delta": 4.050001}}
{"target": 0.9182044787348365, "params": {"C": 660.9252561367765, "epsilon": 0.2122116011825224, "gamma": 0.06304798154870228, "lamda": 0.07210179468847176}, "datetime": {"datetime": "2021-09-23 11:12:55", "elapsed": 560.919738, "delta": 1.883999}}
{"target": 0.918444182617163, "params": {"C": 731.7753726326159, "epsilon": 0.2020625136535818, "gamma": 0.06321578277816046, "lamda": 0.08207857635109275}, "datetime": {"datetime": "2021-09-23 11:12:57", "elapsed": 562.899742, "delta": 1.980004}}
{"target": 0.9169103371310571, "params": {"C": 753.1823170505222, "epsilon": 0.31134236527546705, "gamma": 0.07808869764503387, "lamda": 0.07861436567188723}, "datetime": {"datetime": "2021-09-23 11:12:59", "elapsed": 564.771738, "delta": 1.871996}}
