{"target": 0.9061101079634356, "params": {"C": 464.0818860018713, "epsilon": 0.4460713206984471, "gamma": 0.0682705206463908, "lamda": 0.2449471782344602}, "datetime": {"datetime": "2021-09-23 20:59:46", "elapsed": 14.69174, "delta": 0.477001}}
{"target": 0.913719468137452, "params": {"C": 470.9711509351624, "epsilon": 0.2319225994792417, "gamma": 0.062000125925642795, "lamda": 0.2631938390643807}, "datetime": {"datetime": "2021-09-23 20:59:46", "elapsed": 15.206738, "delta": 0.514998}}
{"target": 0.8956610439162306, "params": {"C": 459.20859533230794, "epsilon": 0.7848259921626908, "gamma": 0.07183803651793536, "lamda": 0.2557598347227616}, "datetime": {"datetime": "2021-09-23 20:59:47", "elapsed": 15.72674, "delta": 0.520002}}
{"target": 0.9213078516693581, "params": {"C": 428.6253528746555, "epsilon": 0.4917098986245436, "gamma": 0.030296732153542734, "lamda": 0.009862490855554226}, "datetime": {"datetime": "2021-09-23 20:59:48", "elapsed": 16.513246, "delta": 0.786506}}
{"target": 0.9166950040512329, "params": {"C": 440.5111621961755, "epsilon": 0.03, "gamma": 0.03, "lamda": 0.029809621946048307}, "datetime": {"datetime": "2021-09-23 20:59:48", "elapsed": 17.234245, "delta": 0.720999}}
{"target": 0.9173468519833933, "params": {"C": 463.8362553756226, "epsilon": 0.2465952631858876, "gamma": 0.03, "lamda": 0.005}, "datetime": {"datetime": "2021-09-23 20:59:49", "elapsed": 18.076324, "delta": 0.842079}}
{"target": 0.9266657843127082, "params": {"C": 440.1405895725624, "epsilon": 0.1674449602406741, "gamma": 0.04770386231947378, "lamda": 0.05443027158083203}, "datetime": {"datetime": "2021-09-23 20:59:50", "elapsed": 18.644332, "delta": 0.568008}}
{"target": 0.9116591971524931, "params": {"C": 439.976849081729, "epsilon": 0.04351494864537822, "gamma": 0.07386042608349914, "lamda": 0.11307507232308964}, "datetime": {"datetime": "2021-09-23 20:59:50", "elapsed": 19.235328, "delta": 0.590996}}
{"target": 0.8940386309744948, "params": {"C": 401.94620438098843, "epsilon": 0.6798103780253164, "gamma": 0.045171417661062294, "lamda": 0.3872453911561092}, "datetime": {"datetime": "2021-09-23 20:59:51", "elapsed": 19.964042, "delta": 0.728714}}
{"target": 0.9216208055141181, "params": {"C": 464.0872535226208, "epsilon": 0.11511092163251248, "gamma": 0.044066585969006984, "lamda": 0.01831360064130135}, "datetime": {"datetime": "2021-09-23 20:59:52", "elapsed": 20.862033, "delta": 0.897991}}
{"target": 0.9232456448900705, "params": {"C": 439.98568978476595, "epsilon": 0.3634028543004535, "gamma": 0.036303184151503895, "lamda": 0.05554010870854225}, "datetime": {"datetime": "2021-09-23 20:59:53", "elapsed": 21.527031, "delta": 0.664998}}
{"target": 0.9137268219891497, "params": {"C": 464.0715348844055, "epsilon": 0.0943648777378669, "gamma": 0.07068161724603811, "lamda": 0.3598008011516816}, "datetime": {"datetime": "2021-09-23 20:59:53", "elapsed": 22.048031, "delta": 0.521}}
{"target": 0.9206433882850374, "params": {"C": 440.2494167092176, "epsilon": 0.09570969232696162, "gamma": 0.06137501368108132, "lamda": 0.19826993730278514}, "datetime": {"datetime": "2021-09-23 20:59:54", "elapsed": 22.595031, "delta": 0.547}}
{"target": 0.9073456474038103, "params": {"C": 415.36805156602554, "epsilon": 0.799390704162155, "gamma": 0.07632080888852778, "lamda": 0.09665740753060478}, "datetime": {"datetime": "2021-09-23 20:59:54", "elapsed": 23.154032, "delta": 0.559001}}
{"target": 0.9169672241469765, "params": {"C": 428.7315920328858, "epsilon": 0.7392348881230157, "gamma": 0.065123563925681, "lamda": 0.05003312594842292}, "datetime": {"datetime": "2021-09-23 20:59:55", "elapsed": 23.802035, "delta": 0.648003}}
{"target": 0.9239906459213071, "params": {"C": 477.18739692091765, "epsilon": 0.0942298328364155, "gamma": 0.051213521662649086, "lamda": 0.19289840197998445}, "datetime": {"datetime": "2021-09-23 20:59:55", "elapsed": 24.379596, "delta": 0.577561}}
{"target": 0.9191000348344861, "params": {"C": 428.86057597585227, "epsilon": 0.3715938213719641, "gamma": 0.0666209032322452, "lamda": 0.03963383785251577}, "datetime": {"datetime": "2021-09-23 20:59:56", "elapsed": 25.039034, "delta": 0.659438}}
{"target": 0.909418417764012, "params": {"C": 484.4672303808105, "epsilon": 0.7234042494440275, "gamma": 0.06799535446777749, "lamda": 0.11732093482642758}, "datetime": {"datetime": "2021-09-23 20:59:57", "elapsed": 25.820283, "delta": 0.781249}}
{"target": 0.9084475257896698, "params": {"C": 428.67225140122326, "epsilon": 0.4039065625610817, "gamma": 0.047650397870579606, "lamda": 0.3059979478182376}, "datetime": {"datetime": "2021-09-23 20:59:57", "elapsed": 26.433431, "delta": 0.613148}}
{"target": 0.9165730579386226, "params": {"C": 410.78399559363265, "epsilon": 0.24427516443253638, "gamma": 0.05729748624098063, "lamda": 0.21192837369641454}, "datetime": {"datetime": "2021-09-23 20:59:58", "elapsed": 27.059429, "delta": 0.625998}}
{"target": 0.910311846633231, "params": {"C": 439.925628116182, "epsilon": 0.5880446053505956, "gamma": 0.030498056421065022, "lamda": 0.1297381702342864}, "datetime": {"datetime": "2021-09-23 20:59:59", "elapsed": 27.710893, "delta": 0.651464}}
{"target": 0.9193571673896974, "params": {"C": 428.4194090509461, "epsilon": 0.6454013932921435, "gamma": 0.03, "lamda": 0.005}, "datetime": {"datetime": "2021-09-23 21:00:00", "elapsed": 28.739689, "delta": 1.028796}}
{"target": 0.9266021280178228, "params": {"C": 440.16715927594083, "epsilon": 0.33960733785129926, "gamma": 0.0403336443341022, "lamda": 0.018745545341362857}, "datetime": {"datetime": "2021-09-23 21:00:00", "elapsed": 29.402689, "delta": 0.663}}
{"target": 0.9029807695447357, "params": {"C": 476.9645003104497, "epsilon": 0.032591662510442855, "gamma": 0.07998747342997496, "lamda": 0.0951134713311282}, "datetime": {"datetime": "2021-09-23 21:00:01", "elapsed": 30.156494, "delta": 0.753805}}
{"target": 0.9203340427912899, "params": {"C": 440.14791482184046, "epsilon": 0.2365284599918424, "gamma": 0.049543062286197814, "lamda": 0.15932771709486385}, "datetime": {"datetime": "2021-09-23 21:00:02", "elapsed": 30.884131, "delta": 0.727637}}
{"target": 0.9257824325492172, "params": {"C": 440.0989864171479, "epsilon": 0.5088609635810201, "gamma": 0.037741143008008314, "lamda": 0.011836524231052255}, "datetime": {"datetime": "2021-09-23 21:00:03", "elapsed": 31.674951, "delta": 0.79082}}
{"target": 0.9236932754532504, "params": {"C": 440.4911653405082, "epsilon": 0.06461716314599386, "gamma": 0.04976576006861766, "lamda": 0.274448819690881}, "datetime": {"datetime": "2021-09-23 21:00:03", "elapsed": 32.36297, "delta": 0.688019}}
{"target": 0.9107249031831142, "params": {"C": 440.18360853900367, "epsilon": 0.06261093666813086, "gamma": 0.0704626424961102, "lamda": 0.019809785550992883}, "datetime": {"datetime": "2021-09-23 21:00:04", "elapsed": 33.173968, "delta": 0.810998}}
{"target": 0.9128856248071935, "params": {"C": 440.4782031946387, "epsilon": 0.12075333793599399, "gamma": 0.07742361540688822, "lamda": 0.18032743171681273}, "datetime": {"datetime": "2021-09-23 21:00:05", "elapsed": 33.831968, "delta": 0.658}}
{"target": 0.9167591839464542, "params": {"C": 440.14884733962725, "epsilon": 0.22624147299378009, "gamma": 0.06668043504095533, "lamda": 0.021241319650971893}, "datetime": {"datetime": "2021-09-23 21:00:05", "elapsed": 34.449541, "delta": 0.617573}}
{"target": 0.9092543648866629, "params": {"C": 440.05719726305443, "epsilon": 0.41030596532186114, "gamma": 0.07864345420351357, "lamda": 0.1306179209017576}, "datetime": {"datetime": "2021-09-23 21:00:06", "elapsed": 35.143504, "delta": 0.693963}}
{"target": 0.9211514316803293, "params": {"C": 440.19846191975637, "epsilon": 0.4025045121048133, "gamma": 0.06241441220920508, "lamda": 0.02344675860428449}, "datetime": {"datetime": "2021-09-23 21:00:07", "elapsed": 35.811502, "delta": 0.667998}}
{"target": 0.898904371340026, "params": {"C": 423.2918837265283, "epsilon": 0.7398851621344886, "gamma": 0.03881375200125329, "lamda": 0.2756604365265276}, "datetime": {"datetime": "2021-09-23 21:00:07", "elapsed": 36.41851, "delta": 0.607008}}
{"target": 0.9187970046527396, "params": {"C": 477.1062440112602, "epsilon": 0.12371533112019015, "gamma": 0.03, "lamda": 0.22728244994568}, "datetime": {"datetime": "2021-09-23 21:00:08", "elapsed": 37.337505, "delta": 0.918995}}
{"target": 0.916197980233344, "params": {"C": 440.15934865701496, "epsilon": 0.14176527182466409, "gamma": 0.07093076361174064, "lamda": 0.15190256947290257}, "datetime": {"datetime": "2021-09-23 21:00:09", "elapsed": 38.117465, "delta": 0.77996}}
{"target": 0.9250471803373268, "params": {"C": 440.0143796232137, "epsilon": 0.4869834694637858, "gamma": 0.04376916514581079, "lamda": 0.009446974818822644}, "datetime": {"datetime": "2021-09-23 21:00:10", "elapsed": 38.899459, "delta": 0.781994}}
{"target": 0.916631832079121, "params": {"C": 476.9213846895652, "epsilon": 0.2121562813519773, "gamma": 0.04453852834724738, "lamda": 0.2868252115057288}, "datetime": {"datetime": "2021-09-23 21:00:11", "elapsed": 39.488466, "delta": 0.589007}}
{"target": 0.9145368882190791, "params": {"C": 476.3577651126641, "epsilon": 0.41602432813207946, "gamma": 0.07054368193498503, "lamda": 0.09666484873679078}, "datetime": {"datetime": "2021-09-23 21:00:11", "elapsed": 40.090745, "delta": 0.602279}}
{"target": 0.9042388383483994, "params": {"C": 484.58786071119823, "epsilon": 0.25597798420827467, "gamma": 0.0763265648173801, "lamda": 0.3614923117887184}, "datetime": {"datetime": "2021-09-23 21:00:12", "elapsed": 40.758258, "delta": 0.667513}}
{"target": 0.9249393451062781, "params": {"C": 439.9810085504665, "epsilon": 0.22735715184871572, "gamma": 0.041134979625063524, "lamda": 0.07687031946625877}, "datetime": {"datetime": "2021-09-23 21:00:13", "elapsed": 41.45826, "delta": 0.700002}}
{"target": 0.9219747658767438, "params": {"C": 440.1945482638004, "epsilon": 0.4197171271485377, "gamma": 0.060002376411479236, "lamda": 0.01879281994239831}, "datetime": {"datetime": "2021-09-23 21:00:13", "elapsed": 42.034747, "delta": 0.576487}}
{"target": 0.922941921791645, "params": {"C": 440.0691910521358, "epsilon": 0.21685696735775356, "gamma": 0.054685504920849046, "lamda": 0.09852823553733087}, "datetime": {"datetime": "2021-09-23 21:00:14", "elapsed": 42.81675, "delta": 0.782003}}
{"target": 0.9212613427952825, "params": {"C": 463.85985102582225, "epsilon": 0.4723653703880757, "gamma": 0.03967233036672236, "lamda": 0.07443271890215286}, "datetime": {"datetime": "2021-09-23 21:00:14", "elapsed": 43.414754, "delta": 0.598004}}
{"target": 0.925060711470846, "params": {"C": 464.07886631050746, "epsilon": 0.25736144946647077, "gamma": 0.05157460919883074, "lamda": 0.05638015339950167}, "datetime": {"datetime": "2021-09-23 21:00:15", "elapsed": 44.16597, "delta": 0.751216}}
{"target": 0.9251742610493168, "params": {"C": 464.03624414424667, "epsilon": 0.11882695851654176, "gamma": 0.049408867189738595, "lamda": 0.12654921165202201}, "datetime": {"datetime": "2021-09-23 21:00:16", "elapsed": 44.810938, "delta": 0.644968}}
{"target": 0.922069843829881, "params": {"C": 439.9212420026793, "epsilon": 0.29112410577383174, "gamma": 0.05089328330054858, "lamda": 0.010257321255490223}, "datetime": {"datetime": "2021-09-23 21:00:17", "elapsed": 45.696558, "delta": 0.88562}}
{"target": 0.9236811479995338, "params": {"C": 439.19505304132366, "epsilon": 0.03801425058959908, "gamma": 0.03226992839747971, "lamda": 0.24893392722329125}, "datetime": {"datetime": "2021-09-23 21:00:17", "elapsed": 46.318583, "delta": 0.622025}}
{"target": 0.9150705875027244, "params": {"C": 463.9792717219725, "epsilon": 0.1301283476454081, "gamma": 0.06408215006748272, "lamda": 0.016036931060721307}, "datetime": {"datetime": "2021-09-23 21:00:18", "elapsed": 47.02458, "delta": 0.705997}}
{"target": 0.891528278416887, "params": {"C": 436.37774185467777, "epsilon": 0.723909244098786, "gamma": 0.03545655446295451, "lamda": 0.36692032754303844}, "datetime": {"datetime": "2021-09-23 21:00:19", "elapsed": 47.595168, "delta": 0.570588}}
{"target": 0.9185894358263913, "params": {"C": 439.1029928127938, "epsilon": 0.10583940177605945, "gamma": 0.06479218584381069, "lamda": 0.21281786900366872}, "datetime": {"datetime": "2021-09-23 21:00:19", "elapsed": 48.27828, "delta": 0.683112}}
{"target": 0.9204375744972062, "params": {"C": 464.06295674293744, "epsilon": 0.20142885159023785, "gamma": 0.031741953446626905, "lamda": 0.1273992640232536}, "datetime": {"datetime": "2021-09-23 21:00:20", "elapsed": 48.902272, "delta": 0.623992}}
{"target": 0.9178740659679591, "params": {"C": 492.6978301503865, "epsilon": 0.9536415485667779, "gamma": 0.034323606991858595, "lamda": 0.04509261370993044}, "datetime": {"datetime": "2021-09-23 21:00:21", "elapsed": 49.605376, "delta": 0.703104}}
{"target": 0.9075704561713345, "params": {"C": 443.12865332461774, "epsilon": 0.44648293359166236, "gamma": 0.045646339418552895, "lamda": 0.29470418838056034}, "datetime": {"datetime": "2021-09-23 21:00:21", "elapsed": 50.207067, "delta": 0.601691}}
{"target": 0.9161755775447931, "params": {"C": 403.11372027214077, "epsilon": 0.5931835434233267, "gamma": 0.03447148089872688, "lamda": 0.09035132617192516}, "datetime": {"datetime": "2021-09-23 21:00:22", "elapsed": 50.754106, "delta": 0.547039}}
{"target": 0.9268078312694767, "params": {"C": 464.1984232496825, "epsilon": 0.07161313793097455, "gamma": 0.04546075564434113, "lamda": 0.1263692542783965}, "datetime": {"datetime": "2021-09-23 21:00:23", "elapsed": 51.64469, "delta": 0.890584}}
{"target": 0.9117912334940491, "params": {"C": 464.0946821658575, "epsilon": 0.13224343131640096, "gamma": 0.0675174285627761, "lamda": 0.006536297560384799}, "datetime": {"datetime": "2021-09-23 21:00:23", "elapsed": 52.398356, "delta": 0.753666}}
{"target": 0.9147041247439909, "params": {"C": 464.0658657540436, "epsilon": 0.057538620920585176, "gamma": 0.07252983920023692, "lamda": 0.14498128551066788}, "datetime": {"datetime": "2021-09-23 21:00:24", "elapsed": 53.070346, "delta": 0.67199}}
{"target": 0.8944036326409893, "params": {"C": 426.38804405281365, "epsilon": 0.7382567286117583, "gamma": 0.05272666454991268, "lamda": 0.35364765787113644}, "datetime": {"datetime": "2021-09-23 21:00:25", "elapsed": 53.803419, "delta": 0.733073}}
{"target": 0.9225652241288982, "params": {"C": 464.2894612478693, "epsilon": 0.056313406371299835, "gamma": 0.057453025957120936, "lamda": 0.2264097892500181}, "datetime": {"datetime": "2021-09-23 21:00:26", "elapsed": 54.51338, "delta": 0.709961}}
{"target": 0.9084370563736334, "params": {"C": 466.14663156974814, "epsilon": 0.14211048957868105, "gamma": 0.07861451164567969, "lamda": 0.34666881768207747}, "datetime": {"datetime": "2021-09-23 21:00:26", "elapsed": 55.152995, "delta": 0.639615}}
{"target": 0.924344204064626, "params": {"C": 464.2529502541033, "epsilon": 0.030451141135948788, "gamma": 0.038448887152083985, "lamda": 0.12076719964872942}, "datetime": {"datetime": "2021-09-23 21:00:27", "elapsed": 55.889999, "delta": 0.737004}}
{"target": 0.9248369301975707, "params": {"C": 464.2767390282153, "epsilon": 0.16022111505914435, "gamma": 0.04280989902733816, "lamda": 0.11959514500306398}, "datetime": {"datetime": "2021-09-23 21:00:28", "elapsed": 56.5802, "delta": 0.690201}}
{"target": 0.9179852993800686, "params": {"C": 440.0557602889637, "epsilon": 0.3235648841631792, "gamma": 0.0686005370082145, "lamda": 0.03587262742921252}, "datetime": {"datetime": "2021-09-23 21:00:29", "elapsed": 57.599202, "delta": 1.019002}}
{"target": 0.9222535432981813, "params": {"C": 464.2262899554475, "epsilon": 0.08832536838463381, "gamma": 0.05744699642823681, "lamda": 0.2034226722200369}, "datetime": {"datetime": "2021-09-23 21:00:29", "elapsed": 58.31504, "delta": 0.715838}}
{"target": 0.9274045802153353, "params": {"C": 464.27541610218185, "epsilon": 0.11325693235390188, "gamma": 0.04194652856569793, "lamda": 0.056160471618216995}, "datetime": {"datetime": "2021-09-23 21:00:30", "elapsed": 59.143044, "delta": 0.828004}}
{"target": 0.9240504046335994, "params": {"C": 440.0156706351527, "epsilon": 0.14258348035495766, "gamma": 0.03343811317013983, "lamda": 0.03731507058476296}, "datetime": {"datetime": "2021-09-23 21:00:31", "elapsed": 59.945088, "delta": 0.802044}}
{"target": 0.9144839659334767, "params": {"C": 475.87604803730665, "epsilon": 0.5238881381520016, "gamma": 0.03841030029989121, "lamda": 0.13661061677171235}, "datetime": {"datetime": "2021-09-23 21:00:32", "elapsed": 60.594886, "delta": 0.649798}}
{"target": 0.9080617319134302, "params": {"C": 464.3123040771749, "epsilon": 0.041145471561039364, "gamma": 0.07220224893623017, "lamda": 0.018284255831759674}, "datetime": {"datetime": "2021-09-23 21:00:32", "elapsed": 61.428886, "delta": 0.834}}
{"target": 0.9232951264763495, "params": {"C": 440.40406965366276, "epsilon": 0.03, "gamma": 0.03, "lamda": 0.24143847967983417}, "datetime": {"datetime": "2021-09-23 21:00:33", "elapsed": 62.285534, "delta": 0.856648}}
{"target": 0.9140781026708882, "params": {"C": 439.2706849663857, "epsilon": 0.10264667694162097, "gamma": 0.07411447076578898, "lamda": 0.225612440212852}, "datetime": {"datetime": "2021-09-23 21:00:34", "elapsed": 63.152572, "delta": 0.867038}}
{"target": 0.894974815921711, "params": {"C": 486.8421765754988, "epsilon": 0.7959292186370986, "gamma": 0.07207978949135455, "lamda": 0.259975638292704}, "datetime": {"datetime": "2021-09-23 21:00:35", "elapsed": 63.758166, "delta": 0.605594}}
{"target": 0.9250892988642591, "params": {"C": 440.2834092855758, "epsilon": 0.16626207760373996, "gamma": 0.04969624708586272, "lamda": 0.09105567905190329}, "datetime": {"datetime": "2021-09-23 21:00:36", "elapsed": 64.638206, "delta": 0.88004}}
{"target": 0.9236824073171717, "params": {"C": 439.83692122022757, "epsilon": 0.19623380900948323, "gamma": 0.053713408099201124, "lamda": 0.09522938752649959}, "datetime": {"datetime": "2021-09-23 21:00:37", "elapsed": 65.559091, "delta": 0.920885}}
{"target": 0.9192462993651028, "params": {"C": 440.1404688581504, "epsilon": 0.2531720534684037, "gamma": 0.04059980989364055, "lamda": 0.18147737429962948}, "datetime": {"datetime": "2021-09-23 21:00:37", "elapsed": 66.234822, "delta": 0.675731}}
{"target": 0.9094800081203551, "params": {"C": 407.532925235147, "epsilon": 0.5412863314333759, "gamma": 0.075489607911743, "lamda": 0.11560401135208512}, "datetime": {"datetime": "2021-09-23 21:00:38", "elapsed": 66.831852, "delta": 0.59703}}
{"target": 0.924137365095796, "params": {"C": 464.32898251369284, "epsilon": 0.21848167406173996, "gamma": 0.03319138820423754, "lamda": 0.05708039031059649}, "datetime": {"datetime": "2021-09-23 21:00:39", "elapsed": 67.83584, "delta": 1.003988}}
{"target": 0.9257264964284035, "params": {"C": 464.1974309752579, "epsilon": 0.19323699279365109, "gamma": 0.05107012782783827, "lamda": 0.06040888172070398}, "datetime": {"datetime": "2021-09-23 21:00:40", "elapsed": 68.841222, "delta": 1.005382}}
{"target": 0.906483447410761, "params": {"C": 409.49367990016276, "epsilon": 0.6158346053251317, "gamma": 0.04577436075360354, "lamda": 0.23292964143962389}, "datetime": {"datetime": "2021-09-23 21:00:41", "elapsed": 69.565223, "delta": 0.724001}}
{"target": 0.9252675020704402, "params": {"C": 464.1208692365717, "epsilon": 0.3277735531948215, "gamma": 0.04128813347208181, "lamda": 0.05264136663681412}, "datetime": {"datetime": "2021-09-23 21:00:42", "elapsed": 70.562567, "delta": 0.997344}}
{"target": 0.924709114430074, "params": {"C": 464.28025514365663, "epsilon": 0.33127577270641917, "gamma": 0.04268169637971782, "lamda": 0.0617327049025129}, "datetime": {"datetime": "2021-09-23 21:00:43", "elapsed": 71.538566, "delta": 0.975999}}
{"target": 0.9242406810343028, "params": {"C": 464.4467930213427, "epsilon": 0.3577374662064592, "gamma": 0.03380592790562372, "lamda": 0.0364396381950616}, "datetime": {"datetime": "2021-09-23 21:00:44", "elapsed": 72.513282, "delta": 0.974716}}
{"target": 0.9250321378221616, "params": {"C": 464.34631840700524, "epsilon": 0.4121182869551716, "gamma": 0.0511492441495386, "lamda": 0.03658185695416449}, "datetime": {"datetime": "2021-09-23 21:00:45", "elapsed": 73.572285, "delta": 1.059003}}
{"target": 0.9127898286404882, "params": {"C": 423.3069540993177, "epsilon": 0.4677101742567653, "gamma": 0.07835716439865076, "lamda": 0.051555465133447775}, "datetime": {"datetime": "2021-09-23 21:00:45", "elapsed": 74.388792, "delta": 0.816507}}
{"target": 0.9124688250603892, "params": {"C": 464.3308981754354, "epsilon": 0.3537226785848505, "gamma": 0.030717604887789046, "lamda": 0.18122934799474877}, "datetime": {"datetime": "2021-09-23 21:00:46", "elapsed": 75.359445, "delta": 0.970653}}
{"target": 0.9191719721675238, "params": {"C": 439.8406684668373, "epsilon": 0.32787247789548024, "gamma": 0.03601948254247727, "lamda": 0.1279168407332773}, "datetime": {"datetime": "2021-09-23 21:00:47", "elapsed": 76.156845, "delta": 0.7974}}
{"target": 0.9118258776909774, "params": {"C": 449.82218089240365, "epsilon": 0.6678857848740779, "gamma": 0.07424597847415114, "lamda": 0.07333829055595352}, "datetime": {"datetime": "2021-09-23 21:00:48", "elapsed": 77.03784, "delta": 0.880995}}
{"target": 0.9166744355980558, "params": {"C": 485.77850145271555, "epsilon": 0.27222863265745145, "gamma": 0.06071739021618664, "lamda": 0.1698246058437172}, "datetime": {"datetime": "2021-09-23 21:00:49", "elapsed": 77.70284, "delta": 0.665}}
{"target": 0.9144225551261527, "params": {"C": 421.4036686254107, "epsilon": 0.3398439368681727, "gamma": 0.03367959653519499, "lamda": 0.1825280466954802}, "datetime": {"datetime": "2021-09-23 21:00:49", "elapsed": 78.370349, "delta": 0.667509}}
{"target": 0.9190004524697915, "params": {"C": 464.2262710440148, "epsilon": 0.48346357687918373, "gamma": 0.06346585907862984, "lamda": 0.05646834177117309}, "datetime": {"datetime": "2021-09-23 21:00:50", "elapsed": 79.154352, "delta": 0.784003}}
