{"target": 0.9304852736211652, "params": {"C": 1396.838421389943, "epsilon": 0.04334797255351387, "gamma": 0.038062127142704884, "lamda": 0.13253892584618696}, "datetime": {"datetime": "2021-09-24 08:34:23", "elapsed": 859.610018, "delta": 3.576933}}
{"target": 0.9146123926497091, "params": {"C": 1408.5307889095657, "epsilon": 0.3633115388609215, "gamma": 0.05963051674671606, "lamda": 0.1713890386081548}, "datetime": {"datetime": "2021-09-24 08:34:26", "elapsed": 862.529611, "delta": 2.919593}}
{"target": 0.8945670773296585, "params": {"C": 1569.9943391147312, "epsilon": 0.7841283469255622, "gamma": 0.034189860487037475, "lamda": 0.29243461807884064}, "datetime": {"datetime": "2021-09-24 08:34:29", "elapsed": 865.188324, "delta": 2.658713}}
{"target": 0.9254030388050046, "params": {"C": 1751.9773350860166, "epsilon": 0.05012939087861945, "gamma": 0.04801889409557653, "lamda": 0.29977274913290614}, "datetime": {"datetime": "2021-09-24 08:42:07", "elapsed": 0.0, "delta": 0.0}}
{"target": 0.9018684753678818, "params": {"C": 1694.686472583544, "epsilon": 0.24805274616492223, "gamma": 0.02188377188557744, "lamda": 0.30445175416738457}, "datetime": {"datetime": "2021-09-24 08:42:07", "elapsed": 0.375124, "delta": 0.375124}}
{"target": 0.9184286531256303, "params": {"C": 1625.5132756781325, "epsilon": 0.11568961974878995, "gamma": 0.05112158910206784, "lamda": 0.3814039451317797}, "datetime": {"datetime": "2021-09-24 08:42:07", "elapsed": 0.781505, "delta": 0.406381}}
{"target": 0.9065873958203501, "params": {"C": 1590.8291359288621, "epsilon": 0.5268264954842033, "gamma": 0.05875725769912682, "lamda": 0.2453979006649259}, "datetime": {"datetime": "2021-09-24 08:42:08", "elapsed": 1.083335, "delta": 0.30183}}
{"target": 0.9090910920795383, "params": {"C": 1741.568616660678, "epsilon": 0.31311978612551417, "gamma": 0.06506644735077662, "lamda": 0.28611573757567854}, "datetime": {"datetime": "2021-09-24 08:42:08", "elapsed": 1.691461, "delta": 0.608126}}
{"target": 0.9289376546059349, "params": {"C": 1638.306852496522, "epsilon": 0.2143536366860862, "gamma": 0.03813334536474346, "lamda": 0.05393966604095758}, "datetime": {"datetime": "2021-09-24 08:42:09", "elapsed": 2.298217, "delta": 0.606756}}
{"target": 0.9288940308925908, "params": {"C": 1638.5803061833087, "epsilon": 0.6081665556332029, "gamma": 0.026479681152235555, "lamda": 0.008888383743883874}, "datetime": {"datetime": "2021-09-24 08:42:10", "elapsed": 3.211427, "delta": 0.91321}}
{"target": 0.928314206094961, "params": {"C": 1764.9059816163767, "epsilon": 0.06784324590889027, "gamma": 0.044768496742837754, "lamda": 0.13920609483231786}, "datetime": {"datetime": "2021-09-24 08:42:10", "elapsed": 3.801211, "delta": 0.589784}}
{"target": 0.9153445025372056, "params": {"C": 1655.7538506426395, "epsilon": 0.03, "gamma": 0.07, "lamda": 0.4}, "datetime": {"datetime": "2021-09-24 08:42:11", "elapsed": 4.495938, "delta": 0.694727}}
{"target": 0.8948273596937264, "params": {"C": 1783.0058108988014, "epsilon": 0.9278324957301594, "gamma": 0.042024784625597646, "lamda": 0.276532151738831}, "datetime": {"datetime": "2021-09-24 08:42:12", "elapsed": 5.095611, "delta": 0.599673}}
{"target": 0.920570806072826, "params": {"C": 1718.3968581769482, "epsilon": 0.975565481886312, "gamma": 0.019587517119202796, "lamda": 0.008523459934082359}, "datetime": {"datetime": "2021-09-24 08:42:13", "elapsed": 5.908982, "delta": 0.813371}}
{"target": 0.8816418848645752, "params": {"C": 1758.9237340979244, "epsilon": 0.9763868013051109, "gamma": 0.019552107260542503, "lamda": 0.2155237223363706}, "datetime": {"datetime": "2021-09-24 08:42:13", "elapsed": 6.706045, "delta": 0.797063}}
{"target": 0.9089698215795117, "params": {"C": 1767.8513739988778, "epsilon": 0.4054201371254895, "gamma": 0.034251904911155706, "lamda": 0.2463703677388597}, "datetime": {"datetime": "2021-09-24 08:42:14", "elapsed": 7.322924, "delta": 0.616879}}
{"target": 0.8598768249946354, "params": {"C": 1636.2337084497922, "epsilon": 0.9677395838113926, "gamma": 0.01557083219378826, "lamda": 0.3703889107376957}, "datetime": {"datetime": "2021-09-24 08:42:15", "elapsed": 7.902051, "delta": 0.579127}}
{"target": 0.9188345555315041, "params": {"C": 1639.3476759164812, "epsilon": 0.15453257493083017, "gamma": 0.04317183848631382, "lamda": 0.3053384874135752}, "datetime": {"datetime": "2021-09-24 08:42:15", "elapsed": 8.399442, "delta": 0.497391}}
{"target": 0.916204751693817, "params": {"C": 1764.00294527193, "epsilon": 0.9972699796170744, "gamma": 0.06675642925041578, "lamda": 0.03748577042928835}, "datetime": {"datetime": "2021-09-24 08:42:16", "elapsed": 9.015103, "delta": 0.615661}}
{"target": 0.8982858256747193, "params": {"C": 1765.7657472615742, "epsilon": 0.9751550049004566, "gamma": 0.059863532471068494, "lamda": 0.21812190860387604}, "datetime": {"datetime": "2021-09-24 08:42:16", "elapsed": 9.587741, "delta": 0.572638}}
{"target": 0.9190990150463028, "params": {"C": 1751.0172535681186, "epsilon": 0.7203268684174057, "gamma": 0.032128091862402536, "lamda": 0.048310555009199986}, "datetime": {"datetime": "2021-09-24 08:42:17", "elapsed": 10.166842, "delta": 0.579101}}
{"target": 0.8879244829249968, "params": {"C": 1752.9188051273122, "epsilon": 0.984783826820447, "gamma": 0.029267165135467448, "lamda": 0.27372667175579396}, "datetime": {"datetime": "2021-09-24 08:42:17", "elapsed": 10.79657, "delta": 0.629728}}
{"target": 0.9154960039660865, "params": {"C": 1763.895142012792, "epsilon": 0.06123442380469086, "gamma": 0.06982748791125477, "lamda": 0.3560590538401251}, "datetime": {"datetime": "2021-09-24 08:42:18", "elapsed": 11.37507, "delta": 0.5785}}
{"target": 0.8995044928209343, "params": {"C": 1717.1433774640248, "epsilon": 0.9528263743962173, "gamma": 0.019048037115145064, "lamda": 0.07165686456160535}, "datetime": {"datetime": "2021-09-24 08:42:19", "elapsed": 12.100471, "delta": 0.725401}}
{"target": 0.9148931379039105, "params": {"C": 1719.4975719101792, "epsilon": 0.809274559970071, "gamma": 0.03646270232071727, "lamda": 0.08063844229230734}, "datetime": {"datetime": "2021-09-24 08:42:20", "elapsed": 12.885894, "delta": 0.785423}}
{"target": 0.9238630370432194, "params": {"C": 1750.6433307844543, "epsilon": 0.05283514090901485, "gamma": 0.04447871529736315, "lamda": 0.38350683510900313}, "datetime": {"datetime": "2021-09-24 08:42:20", "elapsed": 13.47528, "delta": 0.589386}}
{"target": 0.9277452778125266, "params": {"C": 1749.3818183938063, "epsilon": 0.4726193272480891, "gamma": 0.04504129942147335, "lamda": 0.02511096740000263}, "datetime": {"datetime": "2021-09-24 08:42:21", "elapsed": 14.241013, "delta": 0.765733}}
{"target": 0.9153455259274608, "params": {"C": 1748.2535452466627, "epsilon": 0.24870154991113236, "gamma": 0.06160077611174604, "lamda": 0.2099734285768644}, "datetime": {"datetime": "2021-09-24 08:42:22", "elapsed": 14.875642, "delta": 0.634629}}
{"target": 0.871678576715838, "params": {"C": 1624.1803239968608, "epsilon": 0.9745875452226883, "gamma": 0.018316500347757496, "lamda": 0.2980233338167848}, "datetime": {"datetime": "2021-09-24 08:42:22", "elapsed": 15.337919, "delta": 0.462277}}
{"target": 0.9153445025372056, "params": {"C": 1626.8202815788402, "epsilon": 0.03, "gamma": 0.07, "lamda": 0.4}, "datetime": {"datetime": "2021-09-24 08:42:23", "elapsed": 16.298492, "delta": 0.960573}}
{"target": 0.8886510384844573, "params": {"C": 1749.7538542315142, "epsilon": 0.882073495937705, "gamma": 0.04730937055704355, "lamda": 0.3733996600513324}, "datetime": {"datetime": "2021-09-24 08:42:24", "elapsed": 16.945544, "delta": 0.647052}}
{"target": 0.9165954090912631, "params": {"C": 1739.0394169638412, "epsilon": 0.2319225994792417, "gamma": 0.04840015111077136, "lamda": 0.261808460219463}, "datetime": {"datetime": "2021-09-24 08:42:24", "elapsed": 17.582723, "delta": 0.637179}}
{"target": 0.8992348167360193, "params": {"C": 1714.3380501978468, "epsilon": 0.7848259921626908, "gamma": 0.060205643821522443, "lamda": 0.25429917482121994}, "datetime": {"datetime": "2021-09-24 08:42:25", "elapsed": 18.040906, "delta": 0.458183}}
{"target": 0.9023271525754846, "params": {"C": 1650.1132410367766, "epsilon": 0.4917098986245436, "gamma": 0.01035607858425128, "lamda": 0.005911731269281357}, "datetime": {"datetime": "2021-09-24 08:42:25", "elapsed": 18.738936, "delta": 0.69803}}
{"target": 0.8972785174477579, "params": {"C": 1638.7386749682485, "epsilon": 0.20423974276791235, "gamma": 0.014440407663138777, "lamda": 0.19596964023830837}, "datetime": {"datetime": "2021-09-24 08:42:26", "elapsed": 19.365228, "delta": 0.626292}}
{"target": 0.927512202905244, "params": {"C": 1624.0737655985315, "epsilon": 0.25257844290657305, "gamma": 0.030772476628517974, "lamda": 0.008917478112143079}, "datetime": {"datetime": "2021-09-24 08:42:27", "elapsed": 20.004858, "delta": 0.63963}}
{"target": 0.9142458635547797, "params": {"C": 1732.4030694542957, "epsilon": 0.6616971550039416, "gamma": 0.05867078936891688, "lamda": 0.10218318542956042}, "datetime": {"datetime": "2021-09-24 08:42:27", "elapsed": 20.579454, "delta": 0.574596}}
{"target": 0.8828598320551279, "params": {"C": 1672.094277219279, "epsilon": 0.8432943808149355, "gamma": 0.029580188503789788, "lamda": 0.38569796879367957}, "datetime": {"datetime": "2021-09-24 08:42:28", "elapsed": 21.4187, "delta": 0.839246}}
{"target": 0.8868726855332089, "params": {"C": 1594.0870292000757, "epsilon": 0.6798103780253164, "gamma": 0.028205701193274757, "lamda": 0.38711623056022165}, "datetime": {"datetime": "2021-09-24 08:42:29", "elapsed": 21.904609, "delta": 0.485909}}
{"target": 0.9249034586728528, "params": {"C": 1729.3646552469606, "epsilon": 0.05697677083400467, "gamma": 0.0430910027144322, "lamda": 0.3231812419854612}, "datetime": {"datetime": "2021-09-24 08:42:29", "elapsed": 22.561888, "delta": 0.657279}}
{"target": 0.9183722092393907, "params": {"C": 1590.6553326470937, "epsilon": 0.5194409895162766, "gamma": 0.046616465768687214, "lamda": 0.09962233242153017}, "datetime": {"datetime": "2021-09-24 08:42:30", "elapsed": 23.031654, "delta": 0.469766}}
{"target": 0.9180214384881947, "params": {"C": 1724.5502232572517, "epsilon": 0.0943648777378669, "gamma": 0.058817940695245735, "lamda": 0.3593937206570151}, "datetime": {"datetime": "2021-09-24 08:42:30", "elapsed": 23.617523, "delta": 0.585869}}
{"target": 0.9206114747699599, "params": {"C": 1631.5382469361907, "epsilon": 0.9069316082261485, "gamma": 0.050692477338904016, "lamda": 0.03897098724273471}, "datetime": {"datetime": "2021-09-24 08:42:31", "elapsed": 24.464783, "delta": 0.84726}}
{"target": 0.9113780853571322, "params": {"C": 1622.2729082886535, "epsilon": 0.799390704162155, "gamma": 0.06558497066623334, "lamda": 0.09358558380939572}, "datetime": {"datetime": "2021-09-24 08:42:32", "elapsed": 25.005647, "delta": 0.540864}}
{"target": 0.9224624720489265, "params": {"C": 1683.9724630646112, "epsilon": 0.33171345383548945, "gamma": 0.04848404464993309, "lamda": 0.08962069304487898}, "datetime": {"datetime": "2021-09-24 08:42:33", "elapsed": 25.856909, "delta": 0.851262}}
{"target": 0.9246896024420914, "params": {"C": 1701.5717454168448, "epsilon": 0.10388750633669525, "gamma": 0.05342873158116468, "lamda": 0.1387409476178079}, "datetime": {"datetime": "2021-09-24 08:42:33", "elapsed": 26.340875, "delta": 0.483966}}
{"target": 0.9139085360318198, "params": {"C": 1714.6157811334383, "epsilon": 0.5530958140319436, "gamma": 0.05561673838078668, "lamda": 0.13500608008958687}, "datetime": {"datetime": "2021-09-24 08:42:34", "elapsed": 26.872075, "delta": 0.5312}}
{"target": 0.9128368465482399, "params": {"C": 1767.3811837997023, "epsilon": 0.7234042494440275, "gamma": 0.055594425361332994, "lamda": 0.1144583620145433}, "datetime": {"datetime": "2021-09-24 08:42:34", "elapsed": 27.668568, "delta": 0.796493}}
{"target": 0.91280377951269, "params": {"C": 1671.7307736855141, "epsilon": 0.8147440823256757, "gamma": 0.028002098177221976, "lamda": 0.06275100284877344}, "datetime": {"datetime": "2021-09-24 08:42:35", "elapsed": 28.28491, "delta": 0.616342}}
{"target": 0.9183419534334893, "params": {"C": 1612.6463907466286, "epsilon": 0.24427516443253638, "gamma": 0.04275698348917677, "lamda": 0.21002385089840356}, "datetime": {"datetime": "2021-09-24 08:42:35", "elapsed": 28.781603, "delta": 0.496693}}
{"target": 0.9053734690202222, "params": {"C": 1625.7946820377974, "epsilon": 0.6447484894240216, "gamma": 0.05797815520069439, "lamda": 0.22331184988762837}, "datetime": {"datetime": "2021-09-24 08:42:36", "elapsed": 29.309077, "delta": 0.527474}}
{"target": 0.9265485272564784, "params": {"C": 1737.1561006351649, "epsilon": 0.07572453139696463, "gamma": 0.04904844420119674, "lamda": 0.1562785289619003}, "datetime": {"datetime": "2021-09-24 08:42:36", "elapsed": 29.81392, "delta": 0.504843}}
{"target": 0.9193237174743446, "params": {"C": 1724.0136599481766, "epsilon": 0.06707004439031089, "gamma": 0.06471666316081523, "lamda": 0.22519303101039537}, "datetime": {"datetime": "2021-09-24 08:42:37", "elapsed": 30.748947, "delta": 0.935027}}
{"target": 0.88779369313499, "params": {"C": 1608.8882980201697, "epsilon": 0.9835929193096355, "gamma": 0.049771022444476544, "lamda": 0.34785205685630965}, "datetime": {"datetime": "2021-09-24 08:42:38", "elapsed": 31.314792, "delta": 0.565845}}
{"target": 0.9170108996301467, "params": {"C": 1643.7987082328677, "epsilon": 0.7966447559865265, "gamma": 0.047284331281392776, "lamda": 0.07424149466344153}, "datetime": {"datetime": "2021-09-24 08:42:39", "elapsed": 32.272691, "delta": 0.957899}}
{"target": 0.8911702671333532, "params": {"C": 1628.811353390258, "epsilon": 0.6081650946088284, "gamma": 0.020789952834193763, "lamda": 0.23023515304742784}, "datetime": {"datetime": "2021-09-24 08:42:39", "elapsed": 32.805404, "delta": 0.532713}}
{"target": 0.8887775007051394, "params": {"C": 1727.1926092036394, "epsilon": 0.886830033032873, "gamma": 0.021043093575251276, "lamda": 0.18773488095178498}, "datetime": {"datetime": "2021-09-24 08:42:40", "elapsed": 33.603953, "delta": 0.798549}}
{"target": 0.8929892271653481, "params": {"C": 1792.4598311759066, "epsilon": 0.7127733604698129, "gamma": 0.026592572151693444, "lamda": 0.26465422542682265}, "datetime": {"datetime": "2021-09-24 08:42:41", "elapsed": 34.119803, "delta": 0.51585}}
{"target": 0.8870051198644882, "params": {"C": 1753.8553536591783, "epsilon": 0.9869622322189614, "gamma": 0.027022545037982654, "lamda": 0.260447860444363}, "datetime": {"datetime": "2021-09-24 08:42:41", "elapsed": 34.704232, "delta": 0.584429}}
{"target": 0.9174159048230337, "params": {"C": 1691.6785696287113, "epsilon": 0.3476561541219716, "gamma": 0.03512693702850163, "lamda": 0.14109878479797233}, "datetime": {"datetime": "2021-09-24 08:42:42", "elapsed": 35.267806, "delta": 0.563574}}
{"target": 0.9104171693863077, "params": {"C": 1605.9865659560526, "epsilon": 0.5366476906222163, "gamma": 0.03978853354114917, "lamda": 0.19286565750494222}, "datetime": {"datetime": "2021-09-24 08:42:43", "elapsed": 36.153824, "delta": 0.886018}}
{"target": 0.9182057708281878, "params": {"C": 1665.3879174103818, "epsilon": 0.035761746341267525, "gamma": 0.0605965526840226, "lamda": 0.18263358247285802}, "datetime": {"datetime": "2021-09-24 08:42:43", "elapsed": 36.72839, "delta": 0.574566}}
{"target": 0.8837517794868405, "params": {"C": 1638.9129558257093, "epsilon": 0.7398851621344886, "gamma": 0.020576502401503948, "lamda": 0.27440130170654303}, "datetime": {"datetime": "2021-09-24 08:42:44", "elapsed": 37.486953, "delta": 0.758563}}
{"target": 0.9243348377507222, "params": {"C": 1785.9843259361164, "epsilon": 0.09409427676920186, "gamma": 0.04785980058023212, "lamda": 0.21223356300461496}, "datetime": {"datetime": "2021-09-24 08:42:45", "elapsed": 38.135043, "delta": 0.64809}}
{"target": 0.9230773020342107, "params": {"C": 1751.038009499162, "epsilon": 0.7480180390963784, "gamma": 0.05541292193802821, "lamda": 0.025086486904483788}, "datetime": {"datetime": "2021-09-24 08:42:45", "elapsed": 38.783781, "delta": 0.648738}}
{"target": 0.9150131302750582, "params": {"C": 1638.3210181991867, "epsilon": 0.4923150635369681, "gamma": 0.060759471058458685, "lamda": 0.11830844810923823}, "datetime": {"datetime": "2021-09-24 08:42:46", "elapsed": 39.65493, "delta": 0.871149}}
{"target": 0.910473840802238, "params": {"C": 1751.534907848087, "epsilon": 0.2121562813519773, "gamma": 0.027446234016696852, "lamda": 0.2856791376981919}, "datetime": {"datetime": "2021-09-24 08:42:47", "elapsed": 40.267472, "delta": 0.612542}}
{"target": 0.9186313165907795, "params": {"C": 1750.3513067365946, "epsilon": 0.41602432813207946, "gamma": 0.05865241832198205, "lamda": 0.0935931003695684}, "datetime": {"datetime": "2021-09-24 08:42:48", "elapsed": 41.020172, "delta": 0.7527}}
{"target": 0.9081585749427695, "params": {"C": 1767.6345074935161, "epsilon": 0.25597798420827467, "gamma": 0.06559187778085611, "lamda": 0.3611023605156928}, "datetime": {"datetime": "2021-09-24 08:42:48", "elapsed": 41.791046, "delta": 0.770874}}
{"target": 0.91621096002794, "params": {"C": 1764.7501896393512, "epsilon": 0.14807634775833556, "gamma": 0.0579543999638013, "lamda": 0.03407868117769097}, "datetime": {"datetime": "2021-09-24 08:42:49", "elapsed": 42.534997, "delta": 0.743951}}
{"target": 0.9027100399375452, "params": {"C": 1678.5316374619576, "epsilon": 0.7695819628835003, "gamma": 0.06045065778099424, "lamda": 0.21462818631946584}, "datetime": {"datetime": "2021-09-24 08:42:50", "elapsed": 43.315516, "delta": 0.780519}}
{"target": 0.9242553039418118, "params": {"C": 1765.0047557069545, "epsilon": 0.24187341583610822, "gamma": 0.03776681873257933, "lamda": 0.0971364902861252}, "datetime": {"datetime": "2021-09-24 08:42:51", "elapsed": 44.058693, "delta": 0.743177}}
{"target": 0.8909254259176209, "params": {"C": 1638.1160365219573, "epsilon": 0.1269535317540164, "gamma": 0.01, "lamda": 0.001}, "datetime": {"datetime": "2021-09-24 08:42:52", "elapsed": 45.451124, "delta": 1.392431}}
{"target": 0.9193902591778735, "params": {"C": 1764.8150938652902, "epsilon": 0.22239227800759345, "gamma": 0.04064558004104742, "lamda": 0.20272119992262824}, "datetime": {"datetime": "2021-09-24 08:42:53", "elapsed": 46.323259, "delta": 0.872135}}
{"target": 0.9249348291788564, "params": {"C": 1638.446915830788, "epsilon": 0.7363489346890065, "gamma": 0.046001057585083514, "lamda": 0.028066073644784546}, "datetime": {"datetime": "2021-09-24 08:42:54", "elapsed": 47.3282, "delta": 1.004941}}
{"target": 0.9246255387174451, "params": {"C": 1765.0816064637474, "epsilon": 0.035109663708635226, "gamma": 0.047294612220975335, "lamda": 0.1382454058767073}, "datetime": {"datetime": "2021-09-24 08:42:55", "elapsed": 48.110272, "delta": 0.782072}}
{"target": 0.9073017811124422, "params": {"C": 1672.3096113867798, "epsilon": 0.03801425058959908, "gamma": 0.012723914076975658, "lamda": 0.2474041442078309}, "datetime": {"datetime": "2021-09-24 08:42:56", "elapsed": 48.887401, "delta": 0.777129}}
{"target": 0.908815527957288, "params": {"C": 1749.2196488262239, "epsilon": 0.46422178433705086, "gamma": 0.029963093645908927, "lamda": 0.17966557639125075}, "datetime": {"datetime": "2021-09-24 08:42:57", "elapsed": 49.877229, "delta": 0.989828}}
{"target": 0.8697302408615195, "params": {"C": 1666.3932578948234, "epsilon": 0.723909244098786, "gamma": 0.016547865355545414, "lamda": 0.3665853435181578}, "datetime": {"datetime": "2021-09-24 08:42:57", "elapsed": 50.437394, "delta": 0.560165}}
{"target": 0.8702373537256539, "params": {"C": 1638.4780872724873, "epsilon": 0.25305924344633757, "gamma": 0.06769078408184041, "lamda": 0.0054784580729421994}, "datetime": {"datetime": "2021-09-24 08:42:58", "elapsed": 51.724029, "delta": 1.286635}}
{"target": 0.9261563658516806, "params": {"C": 1729.3681062927794, "epsilon": 0.043905264247669176, "gamma": 0.03844090631904327, "lamda": 0.3448758848313169}, "datetime": {"datetime": "2021-09-24 08:42:59", "elapsed": 52.347569, "delta": 0.62354}}
{"target": 0.89908147951162, "params": {"C": 1784.6654433158117, "epsilon": 0.9536415485667779, "gamma": 0.015188328390230318, "lamda": 0.04149861486142341}, "datetime": {"datetime": "2021-09-24 08:43:00", "elapsed": 53.169807, "delta": 0.822238}}
{"target": 0.9012856828532654, "params": {"C": 1680.5701719816973, "epsilon": 0.44648293359166236, "gamma": 0.028775607302263473, "lamda": 0.29363790168061665}, "datetime": {"datetime": "2021-09-24 08:43:01", "elapsed": 54.146158, "delta": 0.976351}}
{"target": 0.8963433801585771, "params": {"C": 1596.5388125714956, "epsilon": 0.5931835434233267, "gamma": 0.015365777078472266, "lamda": 0.08721564339898263}, "datetime": {"datetime": "2021-09-24 08:43:01", "elapsed": 54.777969, "delta": 0.631811}}
{"target": 0.9113674362642641, "params": {"C": 1765.00551614317, "epsilon": 0.15382296448166524, "gamma": 0.046410434464297844, "lamda": 0.013465172284735278}, "datetime": {"datetime": "2021-09-24 08:43:02", "elapsed": 55.510737, "delta": 0.732768}}
{"target": 0.9176850235873786, "params": {"C": 1625.4958409295164, "epsilon": 0.08333755853124372, "gamma": 0.06034625521770918, "lamda": 0.37110537972593094}, "datetime": {"datetime": "2021-09-24 08:43:03", "elapsed": 56.321637, "delta": 0.8109}}
{"target": 0.9191756708409157, "params": {"C": 1624.0372063382972, "epsilon": 0.3660438824673513, "gamma": 0.0632342028650617, "lamda": 0.07356221322017106}, "datetime": {"datetime": "2021-09-24 08:43:04", "elapsed": 56.980735, "delta": 0.659098}}
{"target": 0.8927917065868094, "params": {"C": 1645.4148925109087, "epsilon": 0.7382567286117583, "gamma": 0.037271997459895206, "lamda": 0.35317826706476824}, "datetime": {"datetime": "2021-09-24 08:43:04", "elapsed": 57.566513, "delta": 0.585778}}
