{"target": 0.9145892167417033, "params": {"C": 399.1457914707032, "epsilon": 0.24849456153242389, "gamma": 0.08228416356864156, "lamda": 0.04564071529243492}, "datetime": {"datetime": "2021-09-23 10:41:20", "elapsed": 305.333392, "delta": 2.380792}}
{"target": 0.9157152656724465, "params": {"C": 390.4288519738044, "epsilon": 0.21870875565240852, "gamma": 0.06131214429823706, "lamda": 0.0829076871520537}, "datetime": {"datetime": "2021-09-23 10:41:22", "elapsed": 307.358709, "delta": 2.025317}}
{"target": 0.9160220492637623, "params": {"C": 377.1280904104886, "epsilon": 0.16491331085830035, "gamma": 0.08202268474532234, "lamda": 0.14966817750445266}, "datetime": {"datetime": "2021-09-23 10:41:24", "elapsed": 309.317451, "delta": 1.958742}}
{"target": 0.9156246414770488, "params": {"C": 308.39901946073667, "epsilon": 0.28998666375902193, "gamma": 0.0723448556354912, "lamda": 0.0969438097091884}, "datetime": {"datetime": "2021-09-23 10:41:26", "elapsed": 311.150664, "delta": 1.833213}}
{"target": 0.916714300619376, "params": {"C": 398.11214172544794, "epsilon": 0.1682669208350852, "gamma": 0.07077608087860357, "lamda": 0.0972393671211073}, "datetime": {"datetime": "2021-09-23 10:41:28", "elapsed": 313.246706, "delta": 2.096042}}
{"target": 0.913604096545273, "params": {"C": 324.57901477194343, "epsilon": 0.28153234039589137, "gamma": 0.08275467301424108, "lamda": 0.1606400965935979}, "datetime": {"datetime": "2021-09-23 10:41:30", "elapsed": 315.601271, "delta": 2.354565}}
{"target": 0.9157784538285009, "params": {"C": 293.7962574598686, "epsilon": 0.25756503785295354, "gamma": 0.07640073785625133, "lamda": 0.07760496692916412}, "datetime": {"datetime": "2021-09-23 10:41:32", "elapsed": 317.134369, "delta": 1.533098}}
{"target": 0.9158575139771059, "params": {"C": 390.43399495560357, "epsilon": 0.19377145336883972, "gamma": 0.08235031254138797, "lamda": 0.09371858237862002}, "datetime": {"datetime": "2021-09-23 10:41:33", "elapsed": 319.094741, "delta": 1.960372}}
{"target": 0.9164258402287238, "params": {"C": 390.47241754933754, "epsilon": 0.2322383965582393, "gamma": 0.0793598683999798, "lamda": 0.08512601524662942}, "datetime": {"datetime": "2021-09-23 10:41:36", "elapsed": 321.935803, "delta": 2.841062}}
{"target": 0.9160613800657584, "params": {"C": 398.12993401824707, "epsilon": 0.22225437894663275, "gamma": 0.0629158095555484, "lamda": 0.06964867981666523}, "datetime": {"datetime": "2021-09-23 10:41:39", "elapsed": 324.362724, "delta": 2.426921}}
{"target": 0.9153722533156232, "params": {"C": 390.37288086624676, "epsilon": 0.30303998247349156, "gamma": 0.08463293506132916, "lamda": 0.06043331374349896}, "datetime": {"datetime": "2021-09-23 10:41:41", "elapsed": 326.716701, "delta": 2.353977}}
{"target": 0.9158269355628915, "params": {"C": 327.60059520151276, "epsilon": 0.15697802932180063, "gamma": 0.07916760784681791, "lamda": 0.1147602549758816}, "datetime": {"datetime": "2021-09-23 10:41:43", "elapsed": 328.691944, "delta": 1.975243}}
{"target": 0.9147948818291907, "params": {"C": 398.06490432770306, "epsilon": 0.24200467370466755, "gamma": 0.08894774379802083, "lamda": 0.09048550083156609}, "datetime": {"datetime": "2021-09-23 10:41:45", "elapsed": 331.078859, "delta": 2.386915}}
{"target": 0.9161597252870969, "params": {"C": 390.4040685664283, "epsilon": 0.20456646336936335, "gamma": 0.06897128793131925, "lamda": 0.15489961328751908}, "datetime": {"datetime": "2021-09-23 10:41:48", "elapsed": 333.635326, "delta": 2.556467}}
{"target": 0.9145930521742514, "params": {"C": 399.1947252680171, "epsilon": 0.25529533770873347, "gamma": 0.08958827007913181, "lamda": 0.08234906272882252}, "datetime": {"datetime": "2021-09-23 10:41:50", "elapsed": 335.900686, "delta": 2.26536}}
{"target": 0.9142275237105859, "params": {"C": 292.6695059514409, "epsilon": 0.15966298031580464, "gamma": 0.08853700567245781, "lamda": 0.10905662767998833}, "datetime": {"datetime": "2021-09-23 10:41:52", "elapsed": 337.524581, "delta": 1.623895}}
{"target": 0.9161089024329097, "params": {"C": 322.32362323187766, "epsilon": 0.13045379759655373, "gamma": 0.06809881112676133, "lamda": 0.0945320370653683}, "datetime": {"datetime": "2021-09-23 10:41:54", "elapsed": 339.611652, "delta": 2.087071}}
{"target": 0.9145355948792652, "params": {"C": 390.43065262665925, "epsilon": 0.2379634546101806, "gamma": 0.09, "lamda": 0.0926463981134209}, "datetime": {"datetime": "2021-09-23 10:41:57", "elapsed": 342.325557, "delta": 2.713905}}
{"target": 0.9150483691951641, "params": {"C": 323.3322593594864, "epsilon": 0.26786962557184213, "gamma": 0.07963849822846822, "lamda": 0.13456255638717451}, "datetime": {"datetime": "2021-09-23 10:41:59", "elapsed": 344.24732, "delta": 1.921763}}
{"target": 0.9158989289163519, "params": {"C": 311.1539608840106, "epsilon": 0.32433525242429034, "gamma": 0.0740636035869815, "lamda": 0.07280300086824755}, "datetime": {"datetime": "2021-09-23 10:42:01", "elapsed": 346.363394, "delta": 2.116074}}
{"target": 0.9158446852415456, "params": {"C": 284.1901907146039, "epsilon": 0.3158765529891189, "gamma": 0.06957847714822091, "lamda": 0.04761821545940731}, "datetime": {"datetime": "2021-09-23 10:42:02", "elapsed": 348.075278, "delta": 1.711884}}
{"target": 0.9108502944337997, "params": {"C": 307.1725669467663, "epsilon": 0.07579079354818789, "gamma": 0.08791479775080872, "lamda": 0.07761256671932223}, "datetime": {"datetime": "2021-09-23 10:42:04", "elapsed": 349.92819, "delta": 1.852912}}
{"target": 0.9151554320515037, "params": {"C": 372.07488922824496, "epsilon": 0.3065262161672765, "gamma": 0.08073259592107322, "lamda": 0.1183839309742476}, "datetime": {"datetime": "2021-09-23 10:42:06", "elapsed": 351.725537, "delta": 1.797347}}
{"target": 0.9163732576265067, "params": {"C": 390.4394757577588, "epsilon": 0.28837021346444996, "gamma": 0.07260741686921256, "lamda": 0.10822383521257604}, "datetime": {"datetime": "2021-09-23 10:42:08", "elapsed": 354.089704, "delta": 2.364167}}
{"target": 0.9162990673844705, "params": {"C": 395.26739980402533, "epsilon": 0.3011375460846527, "gamma": 0.06421274972468256, "lamda": 0.07833833557054067}, "datetime": {"datetime": "2021-09-23 10:42:11", "elapsed": 357.006516, "delta": 2.916812}}
{"target": 0.9147465733036515, "params": {"C": 323.0876600310279, "epsilon": 0.31081815005437025, "gamma": 0.08223157814376396, "lamda": 0.11967898771440492}, "datetime": {"datetime": "2021-09-23 10:42:13", "elapsed": 359.050497, "delta": 2.043981}}
{"target": 0.9164404449214753, "params": {"C": 390.460639630806, "epsilon": 0.2145021783373199, "gamma": 0.06484485629341355, "lamda": 0.1003567183410528}, "datetime": {"datetime": "2021-09-23 10:42:17", "elapsed": 362.335215, "delta": 3.284718}}
{"target": 0.9149851592477021, "params": {"C": 390.4406472374544, "epsilon": 0.2096886851276648, "gamma": 0.060270807964944544, "lamda": 0.14759633361416413}, "datetime": {"datetime": "2021-09-23 10:42:19", "elapsed": 364.516189, "delta": 2.180974}}
{"target": 0.9162836722307534, "params": {"C": 390.4370974440013, "epsilon": 0.15441547786385224, "gamma": 0.06412598646806134, "lamda": 0.1136376542121536}, "datetime": {"datetime": "2021-09-23 10:42:21", "elapsed": 366.868693, "delta": 2.352504}}
{"target": 0.9162270128208876, "params": {"C": 336.16336210840575, "epsilon": 0.1953563197475173, "gamma": 0.07553698572694494, "lamda": 0.08693135524354545}, "datetime": {"datetime": "2021-09-23 10:42:23", "elapsed": 368.799475, "delta": 1.930782}}
{"target": 0.9158146562798615, "params": {"C": 390.45372581160154, "epsilon": 0.2754495899521804, "gamma": 0.062338251871758205, "lamda": 0.05376489231368976}, "datetime": {"datetime": "2021-09-23 10:42:26", "elapsed": 371.974208, "delta": 3.174733}}
{"target": 0.9165294578110507, "params": {"C": 390.3987242591513, "epsilon": 0.273215306051832, "gamma": 0.07392955641301958, "lamda": 0.0607992750758657}, "datetime": {"datetime": "2021-09-23 10:42:29", "elapsed": 374.437137, "delta": 2.462929}}
{"target": 0.9169287338674843, "params": {"C": 395.3090368594882, "epsilon": 0.3206565268240114, "gamma": 0.0704072663305243, "lamda": 0.06604854961962407}, "datetime": {"datetime": "2021-09-23 10:42:32", "elapsed": 377.274873, "delta": 2.837736}}
{"target": 0.9162830655260523, "params": {"C": 398.9393246417345, "epsilon": 0.19391253838389677, "gamma": 0.08010114954245569, "lamda": 0.09492532442366465}, "datetime": {"datetime": "2021-09-23 10:42:34", "elapsed": 379.270652, "delta": 1.995779}}
{"target": 0.9166176226517402, "params": {"C": 390.3863095851166, "epsilon": 0.22721190403695624, "gamma": 0.07014435162828286, "lamda": 0.06842479187492152}, "datetime": {"datetime": "2021-09-23 10:42:37", "elapsed": 382.340751, "delta": 3.070099}}
{"target": 0.9151084531934578, "params": {"C": 289.8388393128413, "epsilon": 0.17233657698124688, "gamma": 0.0799700354719951, "lamda": 0.16834716633108227}, "datetime": {"datetime": "2021-09-23 10:42:39", "elapsed": 384.215057, "delta": 1.874306}}
{"target": 0.915724500235919, "params": {"C": 390.383377682666, "epsilon": 0.23925185347726627, "gamma": 0.08454200781862073, "lamda": 0.09592272691383492}, "datetime": {"datetime": "2021-09-23 10:42:41", "elapsed": 387.080961, "delta": 2.865904}}
{"target": 0.9165174809142945, "params": {"C": 390.46502938841434, "epsilon": 0.20082494114128363, "gamma": 0.06892499687110006, "lamda": 0.06620405586875029}, "datetime": {"datetime": "2021-09-23 10:42:45", "elapsed": 390.165886, "delta": 3.084925}}
{"target": 0.914434198896828, "params": {"C": 324.2586224000571, "epsilon": 0.23798068294264096, "gamma": 0.08727587007540298, "lamda": 0.0662956849867388}, "datetime": {"datetime": "2021-09-23 10:42:46", "elapsed": 392.058176, "delta": 1.89229}}
{"target": 0.9148676832308494, "params": {"C": 377.12284664601333, "epsilon": 0.12078661791659298, "gamma": 0.08738513861998264, "lamda": 0.16292124927357438}, "datetime": {"datetime": "2021-09-23 10:42:49", "elapsed": 394.574899, "delta": 2.516723}}
{"target": 0.9166054033259862, "params": {"C": 390.4120408383874, "epsilon": 0.22127655268758847, "gamma": 0.06768244791896656, "lamda": 0.11659833685128404}, "datetime": {"datetime": "2021-09-23 10:42:52", "elapsed": 397.125081, "delta": 2.550182}}
{"target": 0.9158363549477258, "params": {"C": 398.1594229856851, "epsilon": 0.17548659271885372, "gamma": 0.06093710865592277, "lamda": 0.1088452474511991}, "datetime": {"datetime": "2021-09-23 10:42:54", "elapsed": 399.15035, "delta": 2.025269}}
{"target": 0.9147421678360295, "params": {"C": 293.68487809102066, "epsilon": 0.2573103724547865, "gamma": 0.06129203998277427, "lamda": 0.04604745846778577}, "datetime": {"datetime": "2021-09-23 10:42:56", "elapsed": 401.505965, "delta": 2.355615}}
{"target": 0.9145808446312609, "params": {"C": 291.18782676691245, "epsilon": 0.1643060756430439, "gamma": 0.0633908344392285, "lamda": 0.1356096253707345}, "datetime": {"datetime": "2021-09-23 10:42:58", "elapsed": 403.453364, "delta": 1.947399}}
{"target": 0.9157886992632652, "params": {"C": 372.3231830879453, "epsilon": 0.12368623708576998, "gamma": 0.08238464149733124, "lamda": 0.15890502398482553}, "datetime": {"datetime": "2021-09-23 10:43:00", "elapsed": 406.058914, "delta": 2.60555}}
{"target": 0.9153321593102544, "params": {"C": 390.4029739164255, "epsilon": 0.25181768673895355, "gamma": 0.06071168705738695, "lamda": 0.11218901739448693}, "datetime": {"datetime": "2021-09-23 10:43:03", "elapsed": 408.710233, "delta": 2.651319}}
{"target": 0.9167050950951866, "params": {"C": 390.4161275323579, "epsilon": 0.2801039093744624, "gamma": 0.07778346543610273, "lamda": 0.08181017396391546}, "datetime": {"datetime": "2021-09-23 10:43:06", "elapsed": 411.593547, "delta": 2.883314}}
{"target": 0.9169299385290078, "params": {"C": 390.46842502665316, "epsilon": 0.18797181760528864, "gamma": 0.07378518728334924, "lamda": 0.11913139345629974}, "datetime": {"datetime": "2021-09-23 10:43:09", "elapsed": 414.460548, "delta": 2.867001}}
{"target": 0.9158206668396522, "params": {"C": 390.3667168282017, "epsilon": 0.2532301991519465, "gamma": 0.06249240415212859, "lamda": 0.05259101032923172}, "datetime": {"datetime": "2021-09-23 10:43:12", "elapsed": 417.654307, "delta": 3.193759}}
{"target": 0.9161773936983713, "params": {"C": 399.6910647363319, "epsilon": 0.30746283993668844, "gamma": 0.07668576741843312, "lamda": 0.10409778840754944}, "datetime": {"datetime": "2021-09-23 10:43:14", "elapsed": 420.08826, "delta": 2.433953}}
{"target": 0.9155684845289839, "params": {"C": 398.08447984117385, "epsilon": 0.15880247355815716, "gamma": 0.06, "lamda": 0.09500296191823018}, "datetime": {"datetime": "2021-09-23 10:43:18", "elapsed": 423.725669, "delta": 3.637409}}
{"target": 0.9169501862652802, "params": {"C": 390.4523551601983, "epsilon": 0.16905012588785528, "gamma": 0.07120987677397368, "lamda": 0.12971722331041002}, "datetime": {"datetime": "2021-09-23 10:43:21", "elapsed": 426.88249, "delta": 3.156821}}
{"target": 0.9156676563005051, "params": {"C": 390.407811322509, "epsilon": 0.28912312565765963, "gamma": 0.0628202221110288, "lamda": 0.10198015229294592}, "datetime": {"datetime": "2021-09-23 10:43:24", "elapsed": 429.426651, "delta": 2.544161}}
{"target": 0.9157979361809451, "params": {"C": 399.1229574585492, "epsilon": 0.201926418980163, "gamma": 0.0842021397526958, "lamda": 0.10714242941747087}, "datetime": {"datetime": "2021-09-23 10:43:27", "elapsed": 432.412384, "delta": 2.985733}}
{"target": 0.9154277082961084, "params": {"C": 361.90932114116276, "epsilon": 0.27971861737297204, "gamma": 0.082469565525095, "lamda": 0.11569918568193333}, "datetime": {"datetime": "2021-09-23 10:43:29", "elapsed": 434.584652, "delta": 2.172268}}
{"target": 0.9157093335024064, "params": {"C": 392.2592725445546, "epsilon": 0.11029448943906464, "gamma": 0.06057869601098844, "lamda": 0.1385826447685145}, "datetime": {"datetime": "2021-09-23 10:43:31", "elapsed": 436.680532, "delta": 2.09588}}
{"target": 0.9145699503636119, "params": {"C": 287.89703525442616, "epsilon": 0.24272998975175944, "gamma": 0.06814367475635309, "lamda": 0.13350211383855087}, "datetime": {"datetime": "2021-09-23 10:43:33", "elapsed": 438.822579, "delta": 2.142047}}
{"target": 0.9151392207956667, "params": {"C": 399.13555223498986, "epsilon": 0.24394018490762315, "gamma": 0.08750129101262409, "lamda": 0.10138756725728064}, "datetime": {"datetime": "2021-09-23 10:43:37", "elapsed": 442.477072, "delta": 3.654493}}
{"target": 0.9137964017900967, "params": {"C": 338.9525155656905, "epsilon": 0.271579347985245, "gamma": 0.06290490194660087, "lamda": 0.1511274335343578}, "datetime": {"datetime": "2021-09-23 10:43:39", "elapsed": 444.58318, "delta": 2.106108}}
{"target": 0.9156756519345776, "params": {"C": 338.09888142249235, "epsilon": 0.29659565990241227, "gamma": 0.08236967072550933, "lamda": 0.09255335618165592}, "datetime": {"datetime": "2021-09-23 10:43:41", "elapsed": 446.495369, "delta": 1.912189}}
{"target": 0.9166807558219449, "params": {"C": 398.1136766577357, "epsilon": 0.3134405154119193, "gamma": 0.0751030676252672, "lamda": 0.08849232626511117}, "datetime": {"datetime": "2021-09-23 10:43:44", "elapsed": 449.325928, "delta": 2.830559}}
{"target": 0.915810295464921, "params": {"C": 305.3403369305416, "epsilon": 0.24546723121661015, "gamma": 0.0746286248949693, "lamda": 0.09559640565811081}, "datetime": {"datetime": "2021-09-23 10:43:46", "elapsed": 451.597987, "delta": 2.272059}}
{"target": 0.9131581097685911, "params": {"C": 296.21406511204515, "epsilon": 0.1399868723898228, "gamma": 0.06808144178731486, "lamda": 0.04846491890290755}, "datetime": {"datetime": "2021-09-23 10:43:48", "elapsed": 453.909357, "delta": 2.31137}}
{"target": 0.9151752422491184, "params": {"C": 354.8581813472242, "epsilon": 0.31745207184481133, "gamma": 0.08321235417065044, "lamda": 0.04974592594893833}, "datetime": {"datetime": "2021-09-23 10:43:50", "elapsed": 455.994262, "delta": 2.084905}}
{"target": 0.9163534715269469, "params": {"C": 390.4661461276414, "epsilon": 0.19899045434676516, "gamma": 0.06560011871998277, "lamda": 0.0694941064613361}, "datetime": {"datetime": "2021-09-23 10:43:53", "elapsed": 458.326127, "delta": 2.331865}}
{"target": 0.9158937492891088, "params": {"C": 398.135483978385, "epsilon": 0.31060371311549984, "gamma": 0.06194655203041232, "lamda": 0.06048252152932594}, "datetime": {"datetime": "2021-09-23 10:43:56", "elapsed": 461.232831, "delta": 2.906704}}
{"target": 0.9164574430767728, "params": {"C": 398.03240439953504, "epsilon": 0.16849158363126387, "gamma": 0.07467509880385931, "lamda": 0.09112711336449277}, "datetime": {"datetime": "2021-09-23 10:43:59", "elapsed": 464.644155, "delta": 3.411324}}
{"target": 0.9168452978167683, "params": {"C": 397.64618346644187, "epsilon": 0.19349319123000225, "gamma": 0.0712769773110723, "lamda": 0.13419732775964677}, "datetime": {"datetime": "2021-09-23 10:44:01", "elapsed": 466.807566, "delta": 2.163411}}
{"target": 0.9157413987325679, "params": {"C": 317.17181390904585, "epsilon": 0.22574558692375116, "gamma": 0.06668212346925734, "lamda": 0.08283251368179342}, "datetime": {"datetime": "2021-09-23 10:44:03", "elapsed": 468.988904, "delta": 2.181338}}
{"target": 0.9159605411472773, "params": {"C": 390.82839172441277, "epsilon": 0.16929426029347702, "gamma": 0.061961602413790465, "lamda": 0.128832540415381}, "datetime": {"datetime": "2021-09-23 10:44:07", "elapsed": 472.976048, "delta": 3.987144}}
{"target": 0.9162206539683405, "params": {"C": 397.656822748456, "epsilon": 0.21574920036376163, "gamma": 0.07567119694607988, "lamda": 0.14762438833268057}, "datetime": {"datetime": "2021-09-23 10:44:10", "elapsed": 475.903155, "delta": 2.927107}}
{"target": 0.9158067155123998, "params": {"C": 361.9211382135531, "epsilon": 0.2020625136535818, "gamma": 0.06321578277816046, "lamda": 0.08207857635109275}, "datetime": {"datetime": "2021-09-23 10:44:12", "elapsed": 478.091331, "delta": 2.188176}}
{"target": 0.9165026190065598, "params": {"C": 373.869200214245, "epsilon": 0.31134236527546705, "gamma": 0.07808869764503387, "lamda": 0.07861436567188723}, "datetime": {"datetime": "2021-09-23 10:44:15", "elapsed": 480.31139, "delta": 2.220059}}
{"target": 0.9161349099210988, "params": {"C": 399.13836180635144, "epsilon": 0.2705585203811421, "gamma": 0.06277379591073312, "lamda": 0.08572774147470213}, "datetime": {"datetime": "2021-09-23 10:44:18", "elapsed": 484.064382, "delta": 3.752992}}
{"target": 0.914919140971514, "params": {"C": 390.49712226436367, "epsilon": 0.1936184394282655, "gamma": 0.08710590245063915, "lamda": 0.09351013632177166}, "datetime": {"datetime": "2021-09-23 10:44:22", "elapsed": 487.853759, "delta": 3.789377}}
{"target": 0.9167534992228029, "params": {"C": 399.1405472397639, "epsilon": 0.20802921911304106, "gamma": 0.06645502053733085, "lamda": 0.0953711402728557}, "datetime": {"datetime": "2021-09-23 10:44:26", "elapsed": 491.42368, "delta": 3.569921}}
{"target": 0.9166681943374165, "params": {"C": 390.8164978194493, "epsilon": 0.17015150394883816, "gamma": 0.06993566406471644, "lamda": 0.09895057407419239}, "datetime": {"datetime": "2021-09-23 10:44:29", "elapsed": 494.510399, "delta": 3.086719}}
{"target": 0.9157394951136048, "params": {"C": 395.2972354120365, "epsilon": 0.29074096672064137, "gamma": 0.08235662467123814, "lamda": 0.10632747262691487}, "datetime": {"datetime": "2021-09-23 10:44:32", "elapsed": 497.190876, "delta": 2.680477}}
{"target": 0.91469496519994, "params": {"C": 316.1825525815043, "epsilon": 0.3328611346363272, "gamma": 0.08749341067715243, "lamda": 0.07751753248401305}, "datetime": {"datetime": "2021-09-23 10:44:34", "elapsed": 499.45328, "delta": 2.262404}}
{"target": 0.9164757795730577, "params": {"C": 390.4770672296001, "epsilon": 0.13880378040312458, "gamma": 0.07424270475845343, "lamda": 0.10368677296538786}, "datetime": {"datetime": "2021-09-23 10:44:37", "elapsed": 502.910548, "delta": 3.457268}}
{"target": 0.9156482095414937, "params": {"C": 397.62372819704154, "epsilon": 0.20374553525166755, "gamma": 0.06145670304338847, "lamda": 0.1355180587430448}, "datetime": {"datetime": "2021-09-23 10:44:40", "elapsed": 505.788452, "delta": 2.877904}}
{"target": 0.9152956065616161, "params": {"C": 398.1347218255232, "epsilon": 0.1851018232673373, "gamma": 0.08621473753988451, "lamda": 0.10613424784169172}, "datetime": {"datetime": "2021-09-23 10:44:44", "elapsed": 509.468769, "delta": 3.680317}}
{"target": 0.9150383050434229, "params": {"C": 390.46170530885627, "epsilon": 0.15367377294510348, "gamma": 0.0868754605176719, "lamda": 0.12273703832692932}, "datetime": {"datetime": "2021-09-23 10:44:48", "elapsed": 513.64796, "delta": 4.179191}}
{"target": 0.9164675101503625, "params": {"C": 351.18985308000197, "epsilon": 0.14508213701031702, "gamma": 0.07287502366427369, "lamda": 0.1558996905915057}, "datetime": {"datetime": "2021-09-23 10:44:50", "elapsed": 516.029587, "delta": 2.381627}}
{"target": 0.9160279776721841, "params": {"C": 390.4614693410548, "epsilon": 0.15365147847557947, "gamma": 0.06264482601756627, "lamda": 0.10480072401802754}, "datetime": {"datetime": "2021-09-23 10:44:54", "elapsed": 519.533536, "delta": 3.503949}}
{"target": 0.9155159230134655, "params": {"C": 309.44631242485985, "epsilon": 0.25950921447255315, "gamma": 0.06873072613461541, "lamda": 0.09812045979480419}, "datetime": {"datetime": "2021-09-23 10:44:57", "elapsed": 522.214391, "delta": 2.680855}}
{"target": 0.9135415077063004, "params": {"C": 293.34127042619224, "epsilon": 0.289328138078663, "gamma": 0.08254882186935811, "lamda": 0.15833963566901488}, "datetime": {"datetime": "2021-09-23 10:44:59", "elapsed": 524.671244, "delta": 2.456853}}
{"target": 0.9160365395236454, "params": {"C": 395.2609802098258, "epsilon": 0.2737700736530722, "gamma": 0.06319436975486069, "lamda": 0.06299923880479212}, "datetime": {"datetime": "2021-09-23 10:45:04", "elapsed": 529.293619, "delta": 4.622375}}
