{"target": 0.9133496803642365, "params": {"C": 1334.4172348240593, "epsilon": 0.1977706541159066, "gamma": 0.05667885164642898, "lamda": 0.3569026124554637}, "datetime": {"datetime": "2021-09-24 08:16:54", "elapsed": 790.875477, "delta": 2.526336}}
{"target": 0.9168166192383103, "params": {"C": 1365.6591118545366, "epsilon": 0.1492067987032285, "gamma": 0.036526803655391585, "lamda": 0.3584064672437641}, "datetime": {"datetime": "2021-09-24 08:16:57", "elapsed": 793.382736, "delta": 2.507259}}
{"target": 0.8882226346867059, "params": {"C": 1329.077876866938, "epsilon": 0.3523486441743092, "gamma": 0.01696168795572843, "lamda": 0.30590524080959847}, "datetime": {"datetime": "2021-09-24 08:16:59", "elapsed": 795.945349, "delta": 2.562613}}
{"target": 0.9248855839150621, "params": {"C": 1346.5127480813558, "epsilon": 0.9920213810858296, "gamma": 0.044281761418545666, "lamda": 0.0203778069503623}, "datetime": {"datetime": "2021-09-24 08:17:02", "elapsed": 798.288871, "delta": 2.343522}}
{"target": 0.9177673838202763, "params": {"C": 1350.9180681782086, "epsilon": 0.5631827285891081, "gamma": 0.04924469076336146, "lamda": 0.09671364283886538}, "datetime": {"datetime": "2021-09-24 08:17:04", "elapsed": 800.998708, "delta": 2.709837}}
{"target": 0.9045392604551962, "params": {"C": 1360.7207666147758, "epsilon": 0.4113750786131546, "gamma": 0.06638601842489804, "lamda": 0.30678725221408476}, "datetime": {"datetime": "2021-09-24 08:17:07", "elapsed": 803.565016, "delta": 2.566308}}
{"target": 0.9133248877359036, "params": {"C": 1354.1978712015043, "epsilon": 0.037528227640907026, "gamma": 0.06978894022809012, "lamda": 0.2024050589409127}, "datetime": {"datetime": "2021-09-24 08:17:12", "elapsed": 808.308923, "delta": 4.743907}}
{"target": 0.922246102383387, "params": {"C": 1245.1703688129257, "epsilon": 0.36707296273190415, "gamma": 0.05617677381282578, "lamda": 0.0637153700586333}, "datetime": {"datetime": "2021-09-24 08:17:14", "elapsed": 810.71108, "delta": 2.402157}}
{"target": 0.898803031297727, "params": {"C": 1293.3417508777538, "epsilon": 0.5879825087183271, "gamma": 0.05887408108290103, "lamda": 0.3450430895882376}, "datetime": {"datetime": "2021-09-24 08:17:17", "elapsed": 813.367802, "delta": 2.656722}}
{"target": 0.9133829307470483, "params": {"C": 1364.582080308825, "epsilon": 0.4613969789939957, "gamma": 0.06208653291472197, "lamda": 0.1453834328539021}, "datetime": {"datetime": "2021-09-24 08:17:20", "elapsed": 816.05971, "delta": 2.691908}}
{"target": 0.9036445500876176, "params": {"C": 1353.6552333615632, "epsilon": 0.7884600319173051, "gamma": 0.055963825702950235, "lamda": 0.20886066316783466}, "datetime": {"datetime": "2021-09-24 08:17:22", "elapsed": 818.540181, "delta": 2.480471}}
{"target": 0.892333670660934, "params": {"C": 1381.7043863309868, "epsilon": 0.5894125724785576, "gamma": 0.01627517357657593, "lamda": 0.13488874169321968}, "datetime": {"datetime": "2021-09-24 08:17:25", "elapsed": 821.153848, "delta": 2.613667}}
{"target": 0.9146438750835966, "params": {"C": 1322.6658800544178, "epsilon": 0.5319358269590726, "gamma": 0.06948295857097167, "lamda": 0.01742994545148102}, "datetime": {"datetime": "2021-09-24 08:17:28", "elapsed": 824.918794, "delta": 3.764946}}
{"target": 0.9215952186169314, "params": {"C": 1268.502678378333, "epsilon": 0.14116350758816582, "gamma": 0.028845391477605363, "lamda": 0.15338367086867397}, "datetime": {"datetime": "2021-09-24 08:17:31", "elapsed": 827.407399, "delta": 2.488605}}
{"target": 0.9112903878701787, "params": {"C": 1293.6555458442433, "epsilon": 0.21573572169594038, "gamma": 0.017151253977435096, "lamda": 0.08148883869325743}, "datetime": {"datetime": "2021-09-24 08:17:35", "elapsed": 831.257207, "delta": 3.849808}}
{"target": 0.9063362224776894, "params": {"C": 1348.9941611894337, "epsilon": 0.3059107014825222, "gamma": 0.03489422628942402, "lamda": 0.39186309858435037}, "datetime": {"datetime": "2021-09-24 08:17:37", "elapsed": 833.753167, "delta": 2.49596}}
{"target": 0.9165799897954463, "params": {"C": 1232.7411194099066, "epsilon": 0.28827279618319634, "gamma": 0.058481263567252216, "lamda": 0.018756982357273553}, "datetime": {"datetime": "2021-09-24 08:17:41", "elapsed": 837.952319, "delta": 4.199152}}
{"target": 0.9301061844505856, "params": {"C": 1293.514720875248, "epsilon": 0.12644152856077256, "gamma": 0.03193207591923489, "lamda": 0.061370637711013795}, "datetime": {"datetime": "2021-09-24 08:17:45", "elapsed": 841.902025, "delta": 3.949706}}
{"target": 0.9189532727461527, "params": {"C": 1349.5781396906202, "epsilon": 0.10604867386000734, "gamma": 0.06604205884408253, "lamda": 0.12884220752596134}, "datetime": {"datetime": "2021-09-24 08:17:48", "elapsed": 844.421417, "delta": 2.519392}}
{"target": 0.9083060670615296, "params": {"C": 1329.6919959962459, "epsilon": 0.9978601281398866, "gamma": 0.06659982490395011, "lamda": 0.09844571587132123}, "datetime": {"datetime": "2021-09-24 08:17:50", "elapsed": 846.907514, "delta": 2.486097}}
{"target": 0.8848556365685518, "params": {"C": 1211.680881069365, "epsilon": 0.8756261502040515, "gamma": 0.028170572992870506, "lamda": 0.331646235516188}, "datetime": {"datetime": "2021-09-24 08:17:53", "elapsed": 849.407192, "delta": 2.499678}}
{"target": 0.9276857426289291, "params": {"C": 1293.507968545137, "epsilon": 0.15642305178282154, "gamma": 0.027218273385721546, "lamda": 0.024506501565082085}, "datetime": {"datetime": "2021-09-24 08:17:57", "elapsed": 853.195846, "delta": 3.788654}}
{"target": 0.9146123926497091, "params": {"C": 1272.3538592730438, "epsilon": 0.3633115388609215, "gamma": 0.05963051674671606, "lamda": 0.1713890386081548}, "datetime": {"datetime": "2021-09-24 08:17:59", "elapsed": 855.861423, "delta": 2.665577}}
{"target": 0.8945670773296585, "params": {"C": 1379.9962260764876, "epsilon": 0.7841283469255622, "gamma": 0.034189860487037475, "lamda": 0.29243461807884064}, "datetime": {"datetime": "2021-09-24 08:18:02", "elapsed": 858.487903, "delta": 2.62648}}
{"target": 0.9254030388050046, "params": {"C": 1531.396192980024, "epsilon": 0.05012939087861945, "gamma": 0.04801889409557653, "lamda": 0.29977274913290614}, "datetime": {"datetime": "2021-09-24 08:20:03", "elapsed": 0.0, "delta": 0.0}}
{"target": 0.9018684753678818, "params": {"C": 1449.5521036907771, "epsilon": 0.24805274616492223, "gamma": 0.02188377188557744, "lamda": 0.30445175416738457}, "datetime": {"datetime": "2021-09-24 08:20:04", "elapsed": 0.363249, "delta": 0.363249}}
{"target": 0.9184286531256303, "params": {"C": 1350.7332509687606, "epsilon": 0.11568961974878995, "gamma": 0.05112158910206784, "lamda": 0.3814039451317797}, "datetime": {"datetime": "2021-09-24 08:20:04", "elapsed": 0.727415, "delta": 0.364166}}
{"target": 0.9065873958203501, "params": {"C": 1301.1844798983743, "epsilon": 0.5268264954842033, "gamma": 0.05875725769912682, "lamda": 0.2453979006649259}, "datetime": {"datetime": "2021-09-24 08:20:05", "elapsed": 1.131086, "delta": 0.403671}}
{"target": 0.9090910920795383, "params": {"C": 1516.52659522954, "epsilon": 0.31311978612551417, "gamma": 0.06506644735077662, "lamda": 0.28611573757567854}, "datetime": {"datetime": "2021-09-24 08:20:05", "elapsed": 1.543488, "delta": 0.412402}}
{"target": 0.9289376546059349, "params": {"C": 1369.0097892807457, "epsilon": 0.2143536366860862, "gamma": 0.03813334536474346, "lamda": 0.05393966604095758}, "datetime": {"datetime": "2021-09-24 08:20:06", "elapsed": 2.172909, "delta": 0.629421}}
{"target": 0.8868852960010863, "params": {"C": 1369.4994238571037, "epsilon": 0.3068802639962461, "gamma": 0.010300230518530112, "lamda": 0.12222613916126018}, "datetime": {"datetime": "2021-09-24 08:20:06", "elapsed": 2.648476, "delta": 0.475567}}
{"target": 0.9113802925212338, "params": {"C": 1403.9971861781112, "epsilon": 0.21875341349367206, "gamma": 0.019338594339044984, "lamda": 0.11142359070502497}, "datetime": {"datetime": "2021-09-24 08:20:07", "elapsed": 3.167622, "delta": 0.519146}}
{"target": 0.9264371279071131, "params": {"C": 1306.1338025799282, "epsilon": 0.0921769038139145, "gamma": 0.04495343042761878, "lamda": 0.16828231117332992}, "datetime": {"datetime": "2021-09-24 08:20:07", "elapsed": 3.686235, "delta": 0.518613}}
{"target": 0.8932515169362125, "params": {"C": 1483.0001847514645, "epsilon": 0.9246166610991446, "gamma": 0.052568298727638366, "lamda": 0.30060708528951074}, "datetime": {"datetime": "2021-09-24 08:20:08", "elapsed": 4.122372, "delta": 0.436137}}
{"target": 0.8867461124040971, "params": {"C": 1547.5898461230524, "epsilon": 0.5469901009103314, "gamma": 0.02387050364069023, "lamda": 0.38801409740661935}, "datetime": {"datetime": "2021-09-24 08:20:08", "elapsed": 4.556006, "delta": 0.433634}}
{"target": 0.9147161131539967, "params": {"C": 1529.289194165041, "epsilon": 0.4263613725529165, "gamma": 0.04116365170829408, "lamda": 0.1726199596478999}, "datetime": {"datetime": "2021-09-24 08:20:09", "elapsed": 5.00051, "delta": 0.444504}}
{"target": 0.9234008410092367, "params": {"C": 1312.2891961317873, "epsilon": 0.24970575151699523, "gamma": 0.029538806038617985, "lamda": 0.07614434650662687}, "datetime": {"datetime": "2021-09-24 08:20:09", "elapsed": 5.550864, "delta": 0.550354}}
{"target": 0.915658557292589, "params": {"C": 1526.50657485258, "epsilon": 0.4471411630965273, "gamma": 0.03651889915045838, "lamda": 0.13664776639560702}, "datetime": {"datetime": "2021-09-24 08:20:10", "elapsed": 6.151114, "delta": 0.60025}}
{"target": 0.8969631061132024, "params": {"C": 1500.8921389842908, "epsilon": 0.2745572831340398, "gamma": 0.02215344086976446, "lamda": 0.38089384826327377}, "datetime": {"datetime": "2021-09-24 08:20:10", "elapsed": 6.715924, "delta": 0.56481}}
{"target": 0.8894015919532324, "params": {"C": 1514.7637203589413, "epsilon": 0.2896058011055015, "gamma": 0.015435774900384742, "lamda": 0.2804854242243259}, "datetime": {"datetime": "2021-09-24 08:20:11", "elapsed": 7.180368, "delta": 0.464444}}
{"target": 0.917834612351756, "params": {"C": 1370.3794278237522, "epsilon": 0.15639106627129726, "gamma": 0.04265382653142713, "lamda": 0.3320759476460242}, "datetime": {"datetime": "2021-09-24 08:20:11", "elapsed": 7.67443, "delta": 0.494062}}
{"target": 0.9240121796423031, "params": {"C": 1421.477161021595, "epsilon": 0.07267066579701993, "gamma": 0.04542615441043764, "lamda": 0.2885863430885429}, "datetime": {"datetime": "2021-09-24 08:20:12", "elapsed": 8.181198, "delta": 0.506768}}
{"target": 0.9031663548270021, "params": {"C": 1443.6787204452398, "epsilon": 0.4438792787024942, "gamma": 0.04835694648809192, "lamda": 0.3826743911968713}, "datetime": {"datetime": "2021-09-24 08:20:12", "elapsed": 8.677084, "delta": 0.495886}}
{"target": 0.8910577174619095, "params": {"C": 1383.694848739662, "epsilon": 0.48302557696029136, "gamma": 0.018704373724292987, "lamda": 0.2352963091250836}, "datetime": {"datetime": "2021-09-24 08:20:13", "elapsed": 9.188536, "delta": 0.511452}}
{"target": 0.8995450310255141, "params": {"C": 1488.2049150010084, "epsilon": 0.840468156941798, "gamma": 0.04001073426486995, "lamda": 0.24049272285154935}, "datetime": {"datetime": "2021-09-24 08:20:13", "elapsed": 9.730538, "delta": 0.542002}}
{"target": 0.9141443037260455, "params": {"C": 1492.0149318438632, "epsilon": 0.28598520842260444, "gamma": 0.01935845146978839, "lamda": 0.06485631268236246}, "datetime": {"datetime": "2021-09-24 08:20:14", "elapsed": 10.249053, "delta": 0.518515}}
{"target": 0.9157157814939999, "params": {"C": 1319.1412640348192, "epsilon": 0.40481452294546694, "gamma": 0.06927688834063415, "lamda": 0.08784405548445551}, "datetime": {"datetime": "2021-09-24 08:20:14", "elapsed": 10.794269, "delta": 0.545216}}
{"target": 0.9152676545932069, "params": {"C": 1440.8234451599083, "epsilon": 0.9682829352450285, "gamma": 0.0368260001476184, "lamda": 0.06474426345499094}, "datetime": {"datetime": "2021-09-24 08:20:15", "elapsed": 11.429115, "delta": 0.634846}}
{"target": 0.9187557706932422, "params": {"C": 1459.40747999715, "epsilon": 0.22088191272355492, "gamma": 0.06666630799997007, "lamda": 0.0801408866955507}, "datetime": {"datetime": "2021-09-24 08:20:15", "elapsed": 11.960909, "delta": 0.531794}}
{"target": 0.9112235722864664, "params": {"C": 1393.1593360220968, "epsilon": 0.35527707611318426, "gamma": 0.06980865542978751, "lamda": 0.17967989838707407}, "datetime": {"datetime": "2021-09-24 08:20:16", "elapsed": 12.480149, "delta": 0.51924}}
{"target": 0.8886319228238259, "params": {"C": 1327.1970801103787, "epsilon": 0.28436264120703036, "gamma": 0.013817017265212093, "lamda": 0.23522559280818225}, "datetime": {"datetime": "2021-09-24 08:20:16", "elapsed": 12.998184, "delta": 0.518035}}
{"target": 0.890387363635433, "params": {"C": 1500.404717660756, "epsilon": 0.9456452693573992, "gamma": 0.0638734341970012, "lamda": 0.30012222199821087}, "datetime": {"datetime": "2021-09-24 08:20:17", "elapsed": 13.53265, "delta": 0.534466}}
{"target": 0.9165954090912631, "params": {"C": 1512.9134528054874, "epsilon": 0.2319225994792417, "gamma": 0.04840015111077136, "lamda": 0.261808460219463}, "datetime": {"datetime": "2021-09-24 08:20:18", "elapsed": 14.020777, "delta": 0.488127}}
{"target": 0.8992348167360193, "params": {"C": 1477.625785996924, "epsilon": 0.7848259921626908, "gamma": 0.060205643821522443, "lamda": 0.25429917482121994}, "datetime": {"datetime": "2021-09-24 08:20:18", "elapsed": 14.465718, "delta": 0.444941}}
{"target": 0.9009394292315734, "params": {"C": 1385.8760586239666, "epsilon": 0.4917098986245436, "gamma": 0.01035607858425128, "lamda": 0.005911731269281357}, "datetime": {"datetime": "2021-09-24 08:20:19", "elapsed": 15.179318, "delta": 0.7136}}
{"target": 0.8653621492998834, "params": {"C": 1315.6436183600026, "epsilon": 0.6307830821623754, "gamma": 0.010354663744515885, "lamda": 0.23261716036577582}, "datetime": {"datetime": "2021-09-24 08:20:19", "elapsed": 15.760331, "delta": 0.581013}}
{"target": 0.927400163636322, "params": {"C": 1348.6768079979022, "epsilon": 0.25257844290657305, "gamma": 0.030772476628517974, "lamda": 0.008917478112143079}, "datetime": {"datetime": "2021-09-24 08:20:20", "elapsed": 16.51305, "delta": 0.752719}}
{"target": 0.9142458635547797, "params": {"C": 1503.4329563632798, "epsilon": 0.6616971550039416, "gamma": 0.05867078936891688, "lamda": 0.10218318542956042}, "datetime": {"datetime": "2021-09-24 08:20:21", "elapsed": 17.114682, "delta": 0.601632}}
{"target": 0.8828598320551279, "params": {"C": 1417.2775388846844, "epsilon": 0.8432943808149355, "gamma": 0.029580188503789788, "lamda": 0.38569796879367957}, "datetime": {"datetime": "2021-09-24 08:20:21", "elapsed": 17.59717, "delta": 0.482488}}
{"target": 0.8868726855332089, "params": {"C": 1305.8386131429654, "epsilon": 0.6798103780253164, "gamma": 0.028205701193274757, "lamda": 0.38711623056022165}, "datetime": {"datetime": "2021-09-24 08:20:22", "elapsed": 18.135663, "delta": 0.538493}}
{"target": 0.9249034586728528, "params": {"C": 1499.0923646385154, "epsilon": 0.05697677083400467, "gamma": 0.0430910027144322, "lamda": 0.3231812419854612}, "datetime": {"datetime": "2021-09-24 08:20:22", "elapsed": 18.785145, "delta": 0.649482}}
{"target": 0.9183722092393907, "params": {"C": 1300.936189495848, "epsilon": 0.5194409895162766, "gamma": 0.046616465768687214, "lamda": 0.09962233242153017}, "datetime": {"datetime": "2021-09-24 08:20:23", "elapsed": 19.297588, "delta": 0.512443}}
{"target": 0.9180214384881947, "params": {"C": 1492.2146046532166, "epsilon": 0.0943648777378669, "gamma": 0.058817940695245735, "lamda": 0.3593937206570151}, "datetime": {"datetime": "2021-09-24 08:20:23", "elapsed": 19.923566, "delta": 0.625978}}
{"target": 0.9206114747699599, "params": {"C": 1359.3403527659868, "epsilon": 0.9069316082261485, "gamma": 0.050692477338904016, "lamda": 0.03897098724273471}, "datetime": {"datetime": "2021-09-24 08:20:24", "elapsed": 20.612956, "delta": 0.68939}}
{"target": 0.9113780853571322, "params": {"C": 1346.1041546980766, "epsilon": 0.799390704162155, "gamma": 0.06558497066623334, "lamda": 0.09358558380939572}, "datetime": {"datetime": "2021-09-24 08:20:25", "elapsed": 21.193412, "delta": 0.580456}}
{"target": 0.9224624720489265, "params": {"C": 1434.2463758065876, "epsilon": 0.33171345383548945, "gamma": 0.04848404464993309, "lamda": 0.08962069304487898}, "datetime": {"datetime": "2021-09-24 08:20:25", "elapsed": 21.751971, "delta": 0.558559}}
{"target": 0.9246896024420914, "params": {"C": 1459.3882077383496, "epsilon": 0.10388750633669525, "gamma": 0.05342873158116468, "lamda": 0.1387409476178079}, "datetime": {"datetime": "2021-09-24 08:20:26", "elapsed": 22.30937, "delta": 0.557399}}
{"target": 0.9220574247329637, "params": {"C": 1368.8142119026838, "epsilon": 0.1860091073566148, "gamma": 0.04620317369869396, "lamda": 0.1670153547815606}, "datetime": {"datetime": "2021-09-24 08:20:26", "elapsed": 22.952658, "delta": 0.643288}}
{"target": 0.9128368465482399, "params": {"C": 1553.4016911424317, "epsilon": 0.7234042494440275, "gamma": 0.055594425361332994, "lamda": 0.1144583620145433}, "datetime": {"datetime": "2021-09-24 08:20:27", "elapsed": 23.539721, "delta": 0.587063}}
{"target": 0.9155246629797211, "params": {"C": 1512.931518719269, "epsilon": 0.22143393082596188, "gamma": 0.0508233880436226, "lamda": 0.2943059357236201}, "datetime": {"datetime": "2021-09-24 08:20:28", "elapsed": 24.14078, "delta": 0.601059}}
{"target": 0.9183419534334893, "params": {"C": 1332.351986780898, "epsilon": 0.24427516443253638, "gamma": 0.04275698348917677, "lamda": 0.21002385089840356}, "datetime": {"datetime": "2021-09-24 08:20:28", "elapsed": 24.671108, "delta": 0.530328}}
{"target": 0.9246320222490021, "params": {"C": 1348.5777131859172, "epsilon": 0.07674808922126866, "gamma": 0.04187360831926317, "lamda": 0.26539435595197025}, "datetime": {"datetime": "2021-09-24 08:20:29", "elapsed": 25.357271, "delta": 0.686163}}
{"target": 0.9028703637966017, "params": {"C": 1348.7588394198842, "epsilon": 0.5153069677631034, "gamma": 0.03306340590690782, "lamda": 0.27749986151702516}, "datetime": {"datetime": "2021-09-24 08:20:29", "elapsed": 25.956343, "delta": 0.599072}}
{"target": 0.9297294406198817, "params": {"C": 1348.464567097286, "epsilon": 0.06030038261446394, "gamma": 0.03092243480329649, "lamda": 0.06277862744822728}, "datetime": {"datetime": "2021-09-24 08:20:30", "elapsed": 26.831549, "delta": 0.875206}}
{"target": 0.9184336762364451, "params": {"C": 1368.854484417974, "epsilon": 0.17170235620178184, "gamma": 0.026579487213499314, "lamda": 0.15030717532763338}, "datetime": {"datetime": "2021-09-24 08:20:31", "elapsed": 27.57418, "delta": 0.742631}}
{"target": 0.9122501329963217, "params": {"C": 1368.7323756468686, "epsilon": 0.4375716806505118, "gamma": 0.031084758169384323, "lamda": 0.15229927108764238}, "datetime": {"datetime": "2021-09-24 08:20:32", "elapsed": 28.538492, "delta": 0.964312}}
{"target": 0.9213847790170016, "params": {"C": 1348.211933981232, "epsilon": 0.04270699916246225, "gamma": 0.04767308878505065, "lamda": 0.08249547513085735}, "datetime": {"datetime": "2021-09-24 08:20:33", "elapsed": 29.395126, "delta": 0.856634}}
{"target": 0.9121993726892517, "params": {"C": 1348.3122472616044, "epsilon": 0.2538384055163496, "gamma": 0.033300548739264614, "lamda": 0.2911439578604473}, "datetime": {"datetime": "2021-09-24 08:20:34", "elapsed": 30.235876, "delta": 0.84075}}
{"target": 0.9172079401345185, "params": {"C": 1306.4031896563065, "epsilon": 0.20535148919352064, "gamma": 0.0697773897962612, "lamda": 0.0903687246685733}, "datetime": {"datetime": "2021-09-24 08:20:35", "elapsed": 31.158253, "delta": 0.922377}}
{"target": 0.9117429387428286, "params": {"C": 1531.3640156525926, "epsilon": 0.11718375283182438, "gamma": 0.05456781302380539, "lamda": 0.029638085827682733}, "datetime": {"datetime": "2021-09-24 08:20:36", "elapsed": 32.093527, "delta": 0.935274}}
{"target": 0.9244042010328097, "params": {"C": 1459.3371220673664, "epsilon": 0.11233749989305704, "gamma": 0.033075982920832254, "lamda": 0.17256096431266876}, "datetime": {"datetime": "2021-09-24 08:20:36", "elapsed": 32.868556, "delta": 0.775029}}
{"target": 0.9171745271813845, "params": {"C": 1368.5744362718897, "epsilon": 0.05840469906679667, "gamma": 0.06627066135983933, "lamda": 0.15420716571209647}, "datetime": {"datetime": "2021-09-24 08:20:37", "elapsed": 33.726277, "delta": 0.857721}}
{"target": 0.9123844645804353, "params": {"C": 1498.8283009411562, "epsilon": 0.17941575579495223, "gamma": 0.025344150455471406, "lamda": 0.24211741036162118}, "datetime": {"datetime": "2021-09-24 08:20:38", "elapsed": 34.388189, "delta": 0.661912}}
{"target": 0.9135135401195535, "params": {"C": 1499.3127914949573, "epsilon": 0.14189897817589597, "gamma": 0.017962495558466293, "lamda": 0.1111840657486637}, "datetime": {"datetime": "2021-09-24 08:20:39", "elapsed": 35.366611, "delta": 0.978422}}
{"target": 0.8977544973555248, "params": {"C": 1531.1327867743687, "epsilon": 0.03, "gamma": 0.01, "lamda": 0.4}, "datetime": {"datetime": "2021-09-24 08:20:40", "elapsed": 36.316054, "delta": 0.949443}}
{"target": 0.9238523323708175, "params": {"C": 1531.619820385116, "epsilon": 0.053037794222831725, "gamma": 0.047701147933297015, "lamda": 0.3628786422872951}, "datetime": {"datetime": "2021-09-24 08:20:41", "elapsed": 37.263185, "delta": 0.947131}}
{"target": 0.9074125920835989, "params": {"C": 1531.4723281447004, "epsilon": 0.28692544822431476, "gamma": 0.035883092147868306, "lamda": 0.39925795784866547}, "datetime": {"datetime": "2021-09-24 08:20:42", "elapsed": 38.041925, "delta": 0.77874}}
{"target": 0.910473840802238, "params": {"C": 1530.7641540686955, "epsilon": 0.2121562813519773, "gamma": 0.027446234016696852, "lamda": 0.2856791376981919}, "datetime": {"datetime": "2021-09-24 08:20:43", "elapsed": 39.13479, "delta": 1.092865}}
