{"target": -1.995027163018544, "params": {"C": 469.0426171790138, "epsilon": 0.23730609656413712, "gamma": 0.04402066170369491, "lamda": 0.11771265857240468}, "datetime": {"datetime": "2021-09-23 14:58:43", "elapsed": 545.566254, "delta": 3.868003}}
{"target": -2.043547033643469, "params": {"C": 422.5166552744039, "epsilon": 0.09764705674491228, "gamma": 0.0464544537338725, "lamda": 0.016500493816456557}, "datetime": {"datetime": "2021-09-23 14:58:46", "elapsed": 548.51348, "delta": 2.947226}}
{"target": -1.9408916177405977, "params": {"C": 422.43061652925593, "epsilon": 0.08620504445579497, "gamma": 0.035578958571333044, "lamda": 0.17115005936062994}, "datetime": {"datetime": "2021-09-23 14:58:50", "elapsed": 552.348588, "delta": 3.835108}}
{"target": -1.9272114606718544, "params": {"C": 522.5751328951216, "epsilon": 0.2659454345689547, "gamma": 0.04168119719655032, "lamda": 0.03219603557192102}, "datetime": {"datetime": "2021-09-23 14:58:53", "elapsed": 555.332975, "delta": 2.984387}}
{"target": -2.008027458047694, "params": {"C": 522.4936664553132, "epsilon": 0.3191723011481853, "gamma": 0.03344733970984236, "lamda": 0.09252576069933666}, "datetime": {"datetime": "2021-09-23 14:58:56", "elapsed": 558.712081, "delta": 3.379106}}
{"target": -1.9499666402405156, "params": {"C": 554.3626267113034, "epsilon": 0.04424040462247196, "gamma": 0.03189185747916538, "lamda": 0.07418848193796905}, "datetime": {"datetime": "2021-09-23 14:58:59", "elapsed": 561.620759, "delta": 2.908678}}
{"target": -1.9520380571497213, "params": {"C": 436.82782768838746, "epsilon": 0.29970290498494934, "gamma": 0.04987533623464714, "lamda": 0.04536271973129584}, "datetime": {"datetime": "2021-09-23 14:59:01", "elapsed": 563.443123, "delta": 1.822364}}
{"target": -2.0160691752217503, "params": {"C": 583.4325689548159, "epsilon": 0.4883283833468234, "gamma": 0.043623150329420046, "lamda": 0.08439050114068646}, "datetime": {"datetime": "2021-09-23 14:59:03", "elapsed": 565.295709, "delta": 1.852586}}
{"target": -1.974119502829483, "params": {"C": 486.52395778385585, "epsilon": 0.19327135937817186, "gamma": 0.042934654917139096, "lamda": 0.11272518973262478}, "datetime": {"datetime": "2021-09-23 14:59:04", "elapsed": 567.046573, "delta": 1.750864}}
{"target": -1.9405678379392144, "params": {"C": 493.61496563822334, "epsilon": 0.15341655575477886, "gamma": 0.03762451540523434, "lamda": 0.03429457184903902}, "datetime": {"datetime": "2021-09-23 14:59:06", "elapsed": 568.898031, "delta": 1.851458}}
{"target": -1.9469917338493357, "params": {"C": 464.61571283369165, "epsilon": 0.25601797077619454, "gamma": 0.04559339062652472, "lamda": 0.05978461154186265}, "datetime": {"datetime": "2021-09-23 14:59:08", "elapsed": 570.787867, "delta": 1.889836}}
{"target": -1.9565244762165845, "params": {"C": 436.77384359265386, "epsilon": 0.08025143133530083, "gamma": 0.046364737375579494, "lamda": 0.18402777425154687}, "datetime": {"datetime": "2021-09-23 14:59:10", "elapsed": 572.663372, "delta": 1.875505}}
{"target": -1.9196391514943694, "params": {"C": 522.6547373632794, "epsilon": 0.21043716152845585, "gamma": 0.0398573583736625, "lamda": 0.04312907067537744}, "datetime": {"datetime": "2021-09-23 14:59:14", "elapsed": 576.52637, "delta": 3.862998}}
{"target": -1.93891208742697, "params": {"C": 478.57067182391853, "epsilon": 0.033061899894400455, "gamma": 0.030642899303729754, "lamda": 0.17959079040581594}, "datetime": {"datetime": "2021-09-23 14:59:17", "elapsed": 579.72537, "delta": 3.199}}
{"target": -2.1559316664566004, "params": {"C": 500.05166555134076, "epsilon": 0.7717858829960211, "gamma": 0.04803859905255822, "lamda": 0.18076019756208228}, "datetime": {"datetime": "2021-09-23 14:59:19", "elapsed": 581.742369, "delta": 2.016999}}
{"target": -1.927970592390785, "params": {"C": 471.62094555829975, "epsilon": 0.06449314950337949, "gamma": 0.03599144646081545, "lamda": 0.09322299665945506}, "datetime": {"datetime": "2021-09-23 14:59:21", "elapsed": 583.684369, "delta": 1.942}}
{"target": -1.9338731554388602, "params": {"C": 471.68992780071875, "epsilon": 0.05134222484508554, "gamma": 0.03, "lamda": 0.1554048103393018}, "datetime": {"datetime": "2021-09-23 14:59:26", "elapsed": 588.504369, "delta": 4.82}}
{"target": -1.934870208574153, "params": {"C": 422.59227847361234, "epsilon": 0.09005394983589898, "gamma": 0.03418779733030254, "lamda": 0.14963244278978433}, "datetime": {"datetime": "2021-09-23 14:59:30", "elapsed": 592.535368, "delta": 4.030999}}
{"target": -1.9801028208123865, "params": {"C": 471.64995573160115, "epsilon": 0.10164023325377225, "gamma": 0.04838751971251827, "lamda": 0.18788371897589173}, "datetime": {"datetime": "2021-09-23 14:59:34", "elapsed": 596.967369, "delta": 4.432001}}
{"target": -2.057357519332411, "params": {"C": 579.1231957697079, "epsilon": 0.3403577128018024, "gamma": 0.032725115632699794, "lamda": 0.15060694396414798}, "datetime": {"datetime": "2021-09-23 14:59:36", "elapsed": 598.745368, "delta": 1.777999}}
{"target": -1.9838581570625549, "params": {"C": 471.7039558531019, "epsilon": 0.0378319370646982, "gamma": 0.034892806708096843, "lamda": 0.062238303563672916}, "datetime": {"datetime": "2021-09-23 14:59:39", "elapsed": 602.090369, "delta": 3.345001}}
{"target": -1.9137738048244604, "params": {"C": 452.018856374248, "epsilon": 0.21171910125681298, "gamma": 0.03723579461301922, "lamda": 0.05071404799824073}, "datetime": {"datetime": "2021-09-23 14:59:41", "elapsed": 604.053368, "delta": 1.962999}}
{"target": -1.94160369628041, "params": {"C": 522.571332831484, "epsilon": 0.1284483832234481, "gamma": 0.04072824512246721, "lamda": 0.10668604021640472}, "datetime": {"datetime": "2021-09-23 14:59:45", "elapsed": 608.055368, "delta": 4.002}}
{"target": -2.0160675492244557, "params": {"C": 522.5867973934938, "epsilon": 0.18391059522005784, "gamma": 0.048643337687805224, "lamda": 0.022402050049698093}, "datetime": {"datetime": "2021-09-23 14:59:49", "elapsed": 611.995368, "delta": 3.94}}
{"target": -1.9692109429635034, "params": {"C": 452.0705993658606, "epsilon": 0.1905807971270311, "gamma": 0.03156063743841565, "lamda": 0.11370895251761098}, "datetime": {"datetime": "2021-09-23 14:59:53", "elapsed": 615.441368, "delta": 3.446}}
{"target": -1.9861102576642917, "params": {"C": 522.6400230946159, "epsilon": 0.16978061239011616, "gamma": 0.0442087576348899, "lamda": 0.13284155531845335}, "datetime": {"datetime": "2021-09-23 14:59:57", "elapsed": 619.27137, "delta": 3.830002}}
{"target": -2.03632508904057, "params": {"C": 562.8521145314393, "epsilon": 0.5940716203153862, "gamma": 0.0416300679551429, "lamda": 0.08675311750881622}, "datetime": {"datetime": "2021-09-23 14:59:58", "elapsed": 621.166368, "delta": 1.894998}}
{"target": -1.995631614329886, "params": {"C": 513.4756558809054, "epsilon": 0.3980147154576066, "gamma": 0.037068593807140476, "lamda": 0.07221603560104053}, "datetime": {"datetime": "2021-09-23 15:00:00", "elapsed": 623.133371, "delta": 1.967003}}
{"target": -2.0261707395651247, "params": {"C": 587.2049981274768, "epsilon": 0.2471011812238334, "gamma": 0.03679050693064805, "lamda": 0.16250979890180434}, "datetime": {"datetime": "2021-09-23 15:00:02", "elapsed": 625.069369, "delta": 1.935998}}
{"target": -1.9975094205860662, "params": {"C": 451.9849891764718, "epsilon": 0.2732716519840014, "gamma": 0.045144776319509916, "lamda": 0.015}, "datetime": {"datetime": "2021-09-23 15:00:07", "elapsed": 629.2989, "delta": 4.229531}}
{"target": -1.9248476419202987, "params": {"C": 464.7763389431781, "epsilon": 0.13372013729215704, "gamma": 0.04150693889644, "lamda": 0.05293412708531129}, "datetime": {"datetime": "2021-09-23 15:00:09", "elapsed": 631.408896, "delta": 2.109996}}
{"target": -1.9615504427499264, "params": {"C": 522.7418513867821, "epsilon": 0.17863180909859278, "gamma": 0.03209054991181056, "lamda": 0.016645140443472085}, "datetime": {"datetime": "2021-09-23 15:00:12", "elapsed": 634.89386, "delta": 3.484964}}
{"target": -1.9232140728083662, "params": {"C": 471.53068835819533, "epsilon": 0.11105174951684582, "gamma": 0.04141663282353002, "lamda": 0.10025007341187218}, "datetime": {"datetime": "2021-09-23 15:00:16", "elapsed": 638.592444, "delta": 3.698584}}
{"target": -1.950796527151853, "params": {"C": 593.0540401487514, "epsilon": 0.7835341850160545, "gamma": 0.032351374976658194, "lamda": 0.01889781161717599}, "datetime": {"datetime": "2021-09-23 15:00:18", "elapsed": 640.505049, "delta": 1.912605}}
{"target": -1.9745304219069766, "params": {"C": 471.5875062506284, "epsilon": 0.2417353876547437, "gamma": 0.04214576395936397, "lamda": 0.09610028486362994}, "datetime": {"datetime": "2021-09-23 15:00:21", "elapsed": 643.806567, "delta": 3.301518}}
{"target": -1.964137060672686, "params": {"C": 471.42736548927076, "epsilon": 0.16548234508272766, "gamma": 0.04420807684018247, "lamda": 0.11520371210430813}, "datetime": {"datetime": "2021-09-23 15:00:24", "elapsed": 646.904694, "delta": 3.098127}}
{"target": -2.025187985474869, "params": {"C": 400.90914416614623, "epsilon": 0.6489117168610952, "gamma": 0.04514851739184979, "lamda": 0.07287019836440284}, "datetime": {"datetime": "2021-09-23 15:00:26", "elapsed": 648.738463, "delta": 1.833769}}
{"target": -1.9613807986668197, "params": {"C": 400.708695215769, "epsilon": 0.23224737060373418, "gamma": 0.030926671696037283, "lamda": 0.08739893535894129}, "datetime": {"datetime": "2021-09-23 15:00:28", "elapsed": 650.769563, "delta": 2.0311}}
{"target": -2.0448869669171135, "params": {"C": 527.9241616348579, "epsilon": 0.5052268073588652, "gamma": 0.041802416957502364, "lamda": 0.11525949425941595}, "datetime": {"datetime": "2021-09-23 15:00:30", "elapsed": 652.850461, "delta": 2.080898}}
{"target": -2.1289222264103027, "params": {"C": 418.336161505552, "epsilon": 0.7560590524499446, "gamma": 0.03262387312331876, "lamda": 0.1295597013274002}, "datetime": {"datetime": "2021-09-23 15:00:32", "elapsed": 654.945255, "delta": 2.094794}}
{"target": -1.940378834547272, "params": {"C": 451.95433713911916, "epsilon": 0.14978681652719705, "gamma": 0.04737412084785038, "lamda": 0.08235135652038136}, "datetime": {"datetime": "2021-09-23 15:00:35", "elapsed": 658.125498, "delta": 3.180243}}
{"target": -2.0603396588691023, "params": {"C": 537.0756340336767, "epsilon": 0.3722303528536074, "gamma": 0.045233525660772635, "lamda": 0.19767710638740488}, "datetime": {"datetime": "2021-09-23 15:00:37", "elapsed": 660.150041, "delta": 2.024543}}
{"target": -2.012168222669869, "params": {"C": 411.8517417146972, "epsilon": 0.035191638329869525, "gamma": 0.04203776911688058, "lamda": 0.04495967900248324}, "datetime": {"datetime": "2021-09-23 15:00:39", "elapsed": 662.2229, "delta": 2.072859}}
{"target": -1.9412258578521355, "params": {"C": 522.6658728594671, "epsilon": 0.26247214661326485, "gamma": 0.03726429558615926, "lamda": 0.05920812790072931}, "datetime": {"datetime": "2021-09-23 15:00:43", "elapsed": 665.580502, "delta": 3.357602}}
{"target": -2.1321105453400775, "params": {"C": 572.5863680754939, "epsilon": 0.6361564316839065, "gamma": 0.032220938266782795, "lamda": 0.15478063155230942}, "datetime": {"datetime": "2021-09-23 15:00:45", "elapsed": 667.6475, "delta": 2.066998}}
{"target": -1.9379522601519836, "params": {"C": 454.7024662892994, "epsilon": 0.6806201890367096, "gamma": 0.04098469317192918, "lamda": 0.021377195760360845}, "datetime": {"datetime": "2021-09-23 15:00:47", "elapsed": 669.615498, "delta": 1.967998}}
{"target": -1.9964567579910595, "params": {"C": 471.5269431213464, "epsilon": 0.09033728659133786, "gamma": 0.039864969666849076, "lamda": 0.025799242060227233}, "datetime": {"datetime": "2021-09-23 15:00:52", "elapsed": 674.2705, "delta": 4.655002}}
{"target": -1.9410789161657056, "params": {"C": 410.4388299837784, "epsilon": 0.29049184278269025, "gamma": 0.04775886916317902, "lamda": 0.047934861854607824}, "datetime": {"datetime": "2021-09-23 15:00:53", "elapsed": 676.192499, "delta": 1.921999}}
{"target": -1.972559815595741, "params": {"C": 522.5139590866763, "epsilon": 0.1000981188527642, "gamma": 0.045253086581356156, "lamda": 0.1740738601303572}, "datetime": {"datetime": "2021-09-23 15:00:59", "elapsed": 681.602499, "delta": 5.41}}
{"target": -1.9891671341631707, "params": {"C": 452.0939080878603, "epsilon": 0.13181499599548735, "gamma": 0.03616293439826164, "lamda": 0.016730953500103115}, "datetime": {"datetime": "2021-09-23 15:01:03", "elapsed": 685.504025, "delta": 3.901526}}
{"target": -2.0145725943452013, "params": {"C": 528.4505211617818, "epsilon": 0.04399494742839363, "gamma": 0.04241683938102872, "lamda": 0.060164946980772196}, "datetime": {"datetime": "2021-09-23 15:01:05", "elapsed": 687.675024, "delta": 2.170999}}
{"target": -1.9961100136864391, "params": {"C": 493.565267847731, "epsilon": 0.21195889655778163, "gamma": 0.049280051123180804, "lamda": 0.11564277061671782}, "datetime": {"datetime": "2021-09-23 15:01:08", "elapsed": 691.225708, "delta": 3.550684}}
{"target": -2.0893984211085996, "params": {"C": 455.27047142496383, "epsilon": 0.5976757201955119, "gamma": 0.03625314840621484, "lamda": 0.1368491425875102}, "datetime": {"datetime": "2021-09-23 15:01:10", "elapsed": 693.255276, "delta": 2.029568}}
{"target": -1.9323695372831995, "params": {"C": 410.51905542536144, "epsilon": 0.2292060270016016, "gamma": 0.0331829416352799, "lamda": 0.06638665064617505}, "datetime": {"datetime": "2021-09-23 15:01:15", "elapsed": 697.345545, "delta": 4.090269}}
{"target": -1.9267995852856363, "params": {"C": 485.8802595297277, "epsilon": 0.05578968432900795, "gamma": 0.03632527293602561, "lamda": 0.10583263317360991}, "datetime": {"datetime": "2021-09-23 15:01:17", "elapsed": 699.52085, "delta": 2.175305}}
{"target": -1.9590424863046723, "params": {"C": 538.0623097431766, "epsilon": 0.09809783637437741, "gamma": 0.031261147730197204, "lamda": 0.15460697262898332}, "datetime": {"datetime": "2021-09-23 15:01:19", "elapsed": 701.571783, "delta": 2.050933}}
{"target": -2.0474107920574385, "params": {"C": 410.47617156394784, "epsilon": 0.2906353627216063, "gamma": 0.03890525677360687, "lamda": 0.18927762570851747}, "datetime": {"datetime": "2021-09-23 15:01:23", "elapsed": 705.790426, "delta": 4.218643}}
{"target": -1.9344265960365994, "params": {"C": 553.7680007070853, "epsilon": 0.10330488956335575, "gamma": 0.03772943486853222, "lamda": 0.11978613907693289}, "datetime": {"datetime": "2021-09-23 15:01:25", "elapsed": 707.948706, "delta": 2.15828}}
{"target": -1.9244560190677678, "params": {"C": 454.7532713323617, "epsilon": 0.6733910817255688, "gamma": 0.04003075755308929, "lamda": 0.016428834234208715}, "datetime": {"datetime": "2021-09-23 15:01:27", "elapsed": 710.160187, "delta": 2.211481}}
{"target": -1.9569220725376233, "params": {"C": 485.904412776961, "epsilon": 0.11349934133693297, "gamma": 0.038201780643528936, "lamda": 0.15523326631815426}, "datetime": {"datetime": "2021-09-23 15:01:31", "elapsed": 713.432128, "delta": 3.271941}}
{"target": -1.9814961595736373, "params": {"C": 485.9782095377494, "epsilon": 0.06525916035016358, "gamma": 0.03043852701242039, "lamda": 0.034493327606401364}, "datetime": {"datetime": "2021-09-23 15:01:34", "elapsed": 717.254043, "delta": 3.821915}}
{"target": -1.9141023475846197, "params": {"C": 485.7947514451771, "epsilon": 0.07575493033956202, "gamma": 0.03436298081944546, "lamda": 0.12080964836616784}, "datetime": {"datetime": "2021-09-23 15:01:38", "elapsed": 720.738675, "delta": 3.484632}}
{"target": -1.9506776946632218, "params": {"C": 400.6858127387416, "epsilon": 0.23564173560606122, "gamma": 0.035860588685075065, "lamda": 0.08626478320832469}, "datetime": {"datetime": "2021-09-23 15:01:40", "elapsed": 722.948682, "delta": 2.210007}}
{"target": -2.0406335317820417, "params": {"C": 419.4640937689758, "epsilon": 0.7761620579115258, "gamma": 0.04696020148204709, "lamda": 0.07449719805169817}, "datetime": {"datetime": "2021-09-23 15:01:42", "elapsed": 725.040866, "delta": 2.092184}}
{"target": -1.9576975234752871, "params": {"C": 433.875519681661, "epsilon": 0.15858306972868808, "gamma": 0.04054998957095356, "lamda": 0.12378669051803444}, "datetime": {"datetime": "2021-09-23 15:01:44", "elapsed": 727.172215, "delta": 2.131349}}
{"target": -1.9863140560114576, "params": {"C": 512.4792458464683, "epsilon": 0.1614586770996867, "gamma": 0.03754925383288584, "lamda": 0.15371530409599682}, "datetime": {"datetime": "2021-09-23 15:01:47", "elapsed": 729.317206, "delta": 2.144991}}
{"target": -1.9257095233804276, "params": {"C": 553.8438724857286, "epsilon": 0.04956095633880932, "gamma": 0.03350745582876957, "lamda": 0.17495191817466432}, "datetime": {"datetime": "2021-09-23 15:01:50", "elapsed": 732.709855, "delta": 3.392649}}
{"target": -2.0342305502444624, "params": {"C": 527.0051797652224, "epsilon": 0.6814831678670634, "gamma": 0.03972533820418554, "lamda": 0.0701235546058131}, "datetime": {"datetime": "2021-09-23 15:01:52", "elapsed": 734.748796, "delta": 2.038941}}
{"target": -1.9171417305407799, "params": {"C": 485.82847304115865, "epsilon": 0.04306814604364493, "gamma": 0.03563371939691095, "lamda": 0.19150347659329497}, "datetime": {"datetime": "2021-09-23 15:01:56", "elapsed": 739.097006, "delta": 4.34821}}
{"target": -2.0249060557180925, "params": {"C": 471.5235553068733, "epsilon": 0.1525251973024213, "gamma": 0.030013010999495597, "lamda": 0.1931859581733673}, "datetime": {"datetime": "2021-09-23 15:02:01", "elapsed": 743.886756, "delta": 4.78975}}
{"target": -1.939426828141835, "params": {"C": 553.7636185294863, "epsilon": 0.03096089496997898, "gamma": 0.03352973536377775, "lamda": 0.15313455890248112}, "datetime": {"datetime": "2021-09-23 15:02:05", "elapsed": 748.221023, "delta": 4.334267}}
{"target": -2.0541720131607963, "params": {"C": 419.0328412297353, "epsilon": 0.379664933331862, "gamma": 0.04891924412263124, "lamda": 0.1826152294679747}, "datetime": {"datetime": "2021-09-23 15:02:08", "elapsed": 750.476936, "delta": 2.255913}}
{"target": -1.9687555266571617, "params": {"C": 485.818591699942, "epsilon": 0.13191955607224537, "gamma": 0.046455625544177016, "lamda": 0.04351972046497701}, "datetime": {"datetime": "2021-09-23 15:02:13", "elapsed": 755.465841, "delta": 4.988905}}
{"target": -2.024900822786504, "params": {"C": 553.9054622355281, "epsilon": 0.03271760322670575, "gamma": 0.047311469556140295, "lamda": 0.10308204400132395}, "datetime": {"datetime": "2021-09-23 15:02:16", "elapsed": 758.970213, "delta": 3.504372}}
{"target": -2.0022005217149625, "params": {"C": 553.7977410699023, "epsilon": 0.12352256394573284, "gamma": 0.047260036629860835, "lamda": 0.18259213482534448}, "datetime": {"datetime": "2021-09-23 15:02:19", "elapsed": 762.07455, "delta": 3.104337}}
{"target": -1.9895313987705894, "params": {"C": 565.6591118545366, "epsilon": 0.12462807732111954, "gamma": 0.03884226788513053, "lamda": 0.1807147780453543}, "datetime": {"datetime": "2021-09-23 15:02:21", "elapsed": 764.112362, "delta": 2.037812}}
{"target": -2.048065026038623, "params": {"C": 529.077876866938, "epsilon": 0.28588500620022483, "gamma": 0.032320562651909475, "lamda": 0.15637210413477626}, "datetime": {"datetime": "2021-09-23 15:02:24", "elapsed": 766.413635, "delta": 2.301273}}
{"target": -1.9693695894485241, "params": {"C": 546.5127480813557, "epsilon": 0.793666457150607, "gamma": 0.04142725380618189, "lamda": 0.023984697458188032}, "datetime": {"datetime": "2021-09-23 15:02:26", "elapsed": 768.62688, "delta": 2.213245}}
{"target": -1.994349873860211, "params": {"C": 550.9180681782086, "epsilon": 0.453248145374859, "gamma": 0.043081563587787156, "lamda": 0.05937850607817066}, "datetime": {"datetime": "2021-09-23 15:02:28", "elapsed": 770.941452, "delta": 2.314572}}
{"target": -1.9693373519564195, "params": {"C": 451.973020698007, "epsilon": 0.2148747356218574, "gamma": 0.03314686436370108, "lamda": 0.1064103888909937}, "datetime": {"datetime": "2021-09-23 15:02:32", "elapsed": 775.129208, "delta": 4.187756}}
{"target": -1.9714196759245832, "params": {"C": 410.54345426331884, "epsilon": 0.13872065284750779, "gamma": 0.04106591718566486, "lamda": 0.02734002678871427}, "datetime": {"datetime": "2021-09-23 15:02:38", "elapsed": 780.8014, "delta": 5.672192}}
{"target": -1.9347463001082916, "params": {"C": 553.7632398312765, "epsilon": 0.18893587704654174, "gamma": 0.03544883147832806, "lamda": 0.026432778736896586}, "datetime": {"datetime": "2021-09-23 15:02:42", "elapsed": 785.036239, "delta": 4.234839}}
{"target": -2.0721206277576925, "params": {"C": 493.34175087775384, "epsilon": 0.47293456877640405, "gamma": 0.04629136036096701, "lamda": 0.17451872574893218}, "datetime": {"datetime": "2021-09-23 15:02:45", "elapsed": 787.303298, "delta": 2.267059}}
{"target": -1.9719967657602748, "params": {"C": 553.6732863789155, "epsilon": 0.10769138739545035, "gamma": 0.04864349682597379, "lamda": 0.13695134960849376}, "datetime": {"datetime": "2021-09-23 15:02:48", "elapsed": 790.689057, "delta": 3.385759}}
{"target": -2.0328814584324255, "params": {"C": 581.704386330987, "epsilon": 0.47406977402937045, "gamma": 0.032091724525525306, "lamda": 0.07707873988282116}, "datetime": {"datetime": "2021-09-23 15:02:53", "elapsed": 795.281058, "delta": 2.389998}}
{"target": -1.9102196360302444, "params": {"C": 493.7279537188643, "epsilon": 0.11769206857917154, "gamma": 0.036353477846227625, "lamda": 0.07448468094775866}, "datetime": {"datetime": "2021-09-23 15:02:56", "elapsed": 799.24108, "delta": 3.960022}}
{"target": -1.9141851461276524, "params": {"C": 468.5026783783331, "epsilon": 0.11824319674524504, "gamma": 0.03628179715920179, "lamda": 0.08565408298422227}, "datetime": {"datetime": "2021-09-23 15:02:59", "elapsed": 801.634058, "delta": 2.392978}}
{"target": -1.97657710071829, "params": {"C": 468.5301626697876, "epsilon": 0.1914118757298054, "gamma": 0.04000613409631924, "lamda": 0.12414424760532415}, "datetime": {"datetime": "2021-09-23 15:03:03", "elapsed": 805.841057, "delta": 4.206999}}
