{"target": 0.9283286260470598, "params": {"C": 1678.1023732372269, "epsilon": 0.06198327948139628, "gamma": 0.025151220599372314, "lamda": 0.08686502261222014}, "datetime": {"datetime": "2021-09-24 08:46:39", "elapsed": 272.714004, "delta": 1.976858}}
{"target": 0.9198994725303422, "params": {"C": 1713.553058278058, "epsilon": 0.6306722498829271, "gamma": 0.05410018427307728, "lamda": 0.008949603825385368}, "datetime": {"datetime": "2021-09-24 08:46:41", "elapsed": 274.224286, "delta": 1.510282}}
{"target": 0.8712112751243352, "params": {"C": 1618.8629037369242, "epsilon": 0.9066557613141163, "gamma": 0.016501499343136012, "lamda": 0.28026277813654543}, "datetime": {"datetime": "2021-09-24 08:46:42", "elapsed": 275.538143, "delta": 1.313857}}
{"target": 0.930686049553824, "params": {"C": 1623.961216036421, "epsilon": 0.16215707753189537, "gamma": 0.03535289538893287, "lamda": 0.04525321385077115}, "datetime": {"datetime": "2021-09-24 08:46:44", "elapsed": 276.965588, "delta": 1.427445}}
{"target": 0.9241414404690447, "params": {"C": 1764.9860884110544, "epsilon": 0.04498283950405338, "gamma": 0.05399109377612447, "lamda": 0.19602975230340217}, "datetime": {"datetime": "2021-09-24 08:46:46", "elapsed": 278.944494, "delta": 1.978906}}
{"target": 0.9202632911295374, "params": {"C": 1678.0636278479499, "epsilon": 0.1301928569777616, "gamma": 0.024678487388219615, "lamda": 0.1365050649815918}, "datetime": {"datetime": "2021-09-24 08:46:48", "elapsed": 280.941833, "delta": 1.997339}}
{"target": 0.9170031372704388, "params": {"C": 1624.1812747940146, "epsilon": 0.17694174064051135, "gamma": 0.07, "lamda": 0.07859603166399858}, "datetime": {"datetime": "2021-09-24 08:46:50", "elapsed": 282.933651, "delta": 1.991818}}
{"target": 0.908882235400809, "params": {"C": 1773.9536170441904, "epsilon": 0.8695954284945514, "gamma": 0.01617549865772478, "lamda": 0.021386879150166193}, "datetime": {"datetime": "2021-09-24 08:46:51", "elapsed": 284.337977, "delta": 1.404326}}
{"target": 0.9268940968272757, "params": {"C": 1665.8320448029494, "epsilon": 0.04293243332465948, "gamma": 0.04071505288968297, "lamda": 0.3197623223910071}, "datetime": {"datetime": "2021-09-24 08:46:53", "elapsed": 285.998977, "delta": 1.661}}
{"target": 0.9132858567715887, "params": {"C": 1736.966894777191, "epsilon": 0.5328001993768217, "gamma": 0.04703599159159425, "lamda": 0.1612844200684688}, "datetime": {"datetime": "2021-09-24 08:46:54", "elapsed": 287.65631, "delta": 1.657333}}
{"target": 0.9172376277085559, "params": {"C": 1750.734443250772, "epsilon": 0.040140656174433055, "gamma": 0.06707590927070135, "lamda": 0.399518839240637}, "datetime": {"datetime": "2021-09-24 08:46:56", "elapsed": 289.225978, "delta": 1.569668}}
{"target": 0.9284610388919521, "params": {"C": 1678.081310045922, "epsilon": 0.12190348315763756, "gamma": 0.044678809541214226, "lamda": 0.07735300072468348}, "datetime": {"datetime": "2021-09-24 08:46:58", "elapsed": 291.408719, "delta": 2.182741}}
{"target": 0.9218550963355185, "params": {"C": 1719.5142096875106, "epsilon": 0.9058375073949669, "gamma": 0.0584363657194544, "lamda": 0.020421100989287}, "datetime": {"datetime": "2021-09-24 08:47:00", "elapsed": 293.483466, "delta": 2.074747}}
{"target": 0.9067119127115597, "params": {"C": 1730.3644109294185, "epsilon": 0.04066910698114986, "gamma": 0.06339580666180927, "lamda": 0.09442748528277427}, "datetime": {"datetime": "2021-09-24 08:47:02", "elapsed": 295.584818, "delta": 2.101352}}
{"target": 0.9183017939513937, "params": {"C": 1701.6155064529726, "epsilon": 0.14255366233777084, "gamma": 0.026049815588397827, "lamda": 0.1739932427327494}, "datetime": {"datetime": "2021-09-24 08:47:04", "elapsed": 297.188844, "delta": 1.604026}}
{"target": 0.9023840880810323, "params": {"C": 1765.0497350621104, "epsilon": 0.06871324003923865, "gamma": 0.010496437954693436, "lamda": 0.1301617352443188}, "datetime": {"datetime": "2021-09-24 08:47:06", "elapsed": 299.16575, "delta": 1.976906}}
{"target": 0.9229060420780283, "params": {"C": 1764.9089512966243, "epsilon": 0.32350160610235856, "gamma": 0.057643143378084905, "lamda": 0.04999286484189816}, "datetime": {"datetime": "2021-09-24 08:47:08", "elapsed": 301.106971, "delta": 1.941221}}
{"target": 0.9044277007160951, "params": {"C": 1701.1591421259325, "epsilon": 0.4710866968149353, "gamma": 0.06067348889690649, "lamda": 0.30473691415270376}, "datetime": {"datetime": "2021-09-24 08:47:10", "elapsed": 302.925374, "delta": 1.818403}}
{"target": 0.9132114105697869, "params": {"C": 1699.034000862505, "epsilon": 0.9957457242159313, "gamma": 0.03410370304809121, "lamda": 0.06971160003567652}, "datetime": {"datetime": "2021-09-24 08:47:11", "elapsed": 304.226078, "delta": 1.300704}}
{"target": 0.920863496829257, "params": {"C": 1678.126243410607, "epsilon": 0.1562678676453161, "gamma": 0.057360015601665204, "lamda": 0.04531908264368109}, "datetime": {"datetime": "2021-09-24 08:47:13", "elapsed": 306.706896, "delta": 2.480818}}
{"target": 0.926036293873124, "params": {"C": 1665.8556877945862, "epsilon": 0.03582663728840242, "gamma": 0.044440237151336576, "lamda": 0.3936583105214625}, "datetime": {"datetime": "2021-09-24 08:47:16", "elapsed": 308.87958, "delta": 2.172684}}
{"target": 0.9142534866237615, "params": {"C": 1678.1315307619363, "epsilon": 0.05392193403144614, "gamma": 0.0677104658510718, "lamda": 0.13448963003325234}, "datetime": {"datetime": "2021-09-24 08:47:18", "elapsed": 311.277735, "delta": 2.398155}}
{"target": 0.9186319957368402, "params": {"C": 1658.020064395116, "epsilon": 0.14185102699013302, "gamma": 0.06020430357154623, "lamda": 0.048463618740668485}, "datetime": {"datetime": "2021-09-24 08:47:20", "elapsed": 313.417002, "delta": 2.139267}}
{"target": 0.9099842319946523, "params": {"C": 1617.0974235975832, "epsilon": 0.3990254428055038, "gamma": 0.04580886577930534, "lamda": 0.27796289631313376}, "datetime": {"datetime": "2021-09-24 08:47:22", "elapsed": 314.986401, "delta": 1.569399}}
{"target": 0.897013624402283, "params": {"C": 1660.4616611345905, "epsilon": 0.5984587817127524, "gamma": 0.03314308659796798, "lamda": 0.32768291376103525}, "datetime": {"datetime": "2021-09-24 08:47:23", "elapsed": 316.648999, "delta": 1.662598}}
{"target": 0.9235081924143237, "params": {"C": 1657.9745449488264, "epsilon": 0.17472816509913403, "gamma": 0.040128935767055944, "lamda": 0.14914298684027827}, "datetime": {"datetime": "2021-09-24 08:47:26", "elapsed": 318.870288, "delta": 2.221289}}
{"target": 0.9173338427214086, "params": {"C": 1765.0315042050395, "epsilon": 0.2766521890392426, "gamma": 0.06713491312479902, "lamda": 0.10487814373261978}, "datetime": {"datetime": "2021-09-24 08:47:28", "elapsed": 321.38868, "delta": 2.518392}}
{"target": 0.8963362367112583, "params": {"C": 1722.3904002453319, "epsilon": 0.6790756925570854, "gamma": 0.06453993982117275, "lamda": 0.317068464075257}, "datetime": {"datetime": "2021-09-24 08:47:30", "elapsed": 323.202124, "delta": 1.813444}}
{"target": 0.9238349904230567, "params": {"C": 1678.0615435829955, "epsilon": 0.0893317051194738, "gamma": 0.024339025033242433, "lamda": 0.018260499812572363}, "datetime": {"datetime": "2021-09-24 08:47:32", "elapsed": 325.646128, "delta": 2.444004}}
{"target": 0.9226390892828493, "params": {"C": 1751.8029977874621, "epsilon": 0.0848177643878463, "gamma": 0.04501231583391456, "lamda": 0.30521379982436564}, "datetime": {"datetime": "2021-09-24 08:47:35", "elapsed": 327.961302, "delta": 2.315174}}
{"target": 0.9141357642376912, "params": {"C": 1664.1630396757428, "epsilon": 0.21658840424194875, "gamma": 0.02881575997328912, "lamda": 0.22351033675314216}, "datetime": {"datetime": "2021-09-24 08:47:36", "elapsed": 329.364929, "delta": 1.403627}}
{"target": 0.9142539202895001, "params": {"C": 1633.960661448672, "epsilon": 0.6695675653721247, "gamma": 0.0660586324365274, "lamda": 0.0781986224354041}, "datetime": {"datetime": "2021-09-24 08:47:38", "elapsed": 331.539685, "delta": 2.174756}}
{"target": 0.9009420249613236, "params": {"C": 1678.1349381637249, "epsilon": 0.1063414834311979, "gamma": 0.01, "lamda": 0.06764098689326165}, "datetime": {"datetime": "2021-09-24 08:47:40", "elapsed": 333.557623, "delta": 2.017938}}
{"target": 0.9144223618955124, "params": {"C": 1624.0038307440504, "epsilon": 0.15428315356090216, "gamma": 0.021960520621229815, "lamda": 0.1603927923243001}, "datetime": {"datetime": "2021-09-24 08:47:43", "elapsed": 335.961413, "delta": 2.40379}}
{"target": 0.9105468315995933, "params": {"C": 1749.5360823543767, "epsilon": 0.3782450112785939, "gamma": 0.06417451432742939, "lamda": 0.013301470649458028}, "datetime": {"datetime": "2021-09-24 08:47:45", "elapsed": 338.092908, "delta": 2.131495}}
{"target": 0.9083471192397142, "params": {"C": 1738.0837714253034, "epsilon": 0.3855008869197727, "gamma": 0.029459514715263722, "lamda": 0.21789917067271516}, "datetime": {"datetime": "2021-09-24 08:47:46", "elapsed": 339.594998, "delta": 1.50209}}
{"target": 0.9241309004638718, "params": {"C": 1624.0285503446578, "epsilon": 0.2396614338673657, "gamma": 0.023504468142373672, "lamda": 0.007988209786636412}, "datetime": {"datetime": "2021-09-24 08:47:48", "elapsed": 341.663684, "delta": 2.068686}}
{"target": 0.9172920487135953, "params": {"C": 1678.0469812534598, "epsilon": 0.08362721791951298, "gamma": 0.06640526671110952, "lamda": 0.11056635398329086}, "datetime": {"datetime": "2021-09-24 08:47:50", "elapsed": 343.564196, "delta": 1.900512}}
{"target": 0.9171492432401898, "params": {"C": 1764.9351703961822, "epsilon": 0.10188661086930167, "gamma": 0.06778311318497739, "lamda": 0.22413313735522994}, "datetime": {"datetime": "2021-09-24 08:47:53", "elapsed": 346.215914, "delta": 2.651718}}
{"target": 0.9264033171165023, "params": {"C": 1749.3691445174386, "epsilon": 0.542831331369595, "gamma": 0.04836096697458808, "lamda": 0.0250888114274705}, "datetime": {"datetime": "2021-09-24 08:47:55", "elapsed": 348.147652, "delta": 1.931738}}
{"target": 0.9277510575766436, "params": {"C": 1764.977071900276, "epsilon": 0.06387016147852001, "gamma": 0.03244889671553428, "lamda": 0.03701656229620731}, "datetime": {"datetime": "2021-09-24 08:47:57", "elapsed": 350.194776, "delta": 2.047124}}
{"target": 0.9282225817277112, "params": {"C": 1623.9270097960655, "epsilon": 0.10551813713546754, "gamma": 0.04265059524075449, "lamda": 0.05229563123387216}, "datetime": {"datetime": "2021-09-24 08:47:59", "elapsed": 351.971902, "delta": 1.777126}}
{"target": 0.9245304115565853, "params": {"C": 1701.6298918365128, "epsilon": 0.14209185805202657, "gamma": 0.04076128456952442, "lamda": 0.1586057269278171}, "datetime": {"datetime": "2021-09-24 08:48:00", "elapsed": 353.739637, "delta": 1.767735}}
{"target": 0.9106351384822028, "params": {"C": 1765.0074564371773, "epsilon": 0.37860059717357963, "gamma": 0.01373540650587906, "lamda": 0.009560637283277246}, "datetime": {"datetime": "2021-09-24 08:48:03", "elapsed": 356.17109, "delta": 2.431453}}
{"target": 0.9045544311368775, "params": {"C": 1639.6982840562891, "epsilon": 0.8203224586898195, "gamma": 0.03468971127098242, "lamda": 0.16680464059172936}, "datetime": {"datetime": "2021-09-24 08:48:04", "elapsed": 357.592293, "delta": 1.421203}}
{"target": 0.9208191623082225, "params": {"C": 1657.9357944237606, "epsilon": 0.1313179964882256, "gamma": 0.06242986099240368, "lamda": 0.09760597296648295}, "datetime": {"datetime": "2021-09-24 08:48:07", "elapsed": 360.29872, "delta": 2.706427}}
{"target": 0.8911959100377559, "params": {"C": 1668.013275850901, "epsilon": 0.789949519200054, "gamma": 0.055509346028482155, "lamda": 0.37012318832676455}, "datetime": {"datetime": "2021-09-24 08:48:09", "elapsed": 362.223236, "delta": 1.924516}}
{"target": 0.9147532348405703, "params": {"C": 1614.14345055477, "epsilon": 0.7038447656198701, "gamma": 0.04280147571250267, "lamda": 0.10507505443789188}, "datetime": {"datetime": "2021-09-24 08:48:10", "elapsed": 363.725514, "delta": 1.502278}}
{"target": 0.9226414265426538, "params": {"C": 1678.161704328188, "epsilon": 0.19894275105509462, "gamma": 0.05132657514390993, "lamda": 0.130972731744532}, "datetime": {"datetime": "2021-09-24 08:48:13", "elapsed": 365.971506, "delta": 2.245992}}
{"target": 0.9209680368199462, "params": {"C": 1751.8620617946372, "epsilon": 0.08216682013264824, "gamma": 0.046500622570920386, "lamda": 0.37127448446550637}, "datetime": {"datetime": "2021-09-24 08:48:16", "elapsed": 369.22005, "delta": 3.248544}}
{"target": 0.9270765250288064, "params": {"C": 1764.8169970150407, "epsilon": 0.2866780705907308, "gamma": 0.04828314247186528, "lamda": 0.03752565008578067}, "datetime": {"datetime": "2021-09-24 08:48:19", "elapsed": 372.127, "delta": 2.90695}}
{"target": 0.8396839841429344, "params": {"C": 1764.829948061629, "epsilon": 0.2157959873394197, "gamma": 0.06777135446111353, "lamda": 0.0019565143427439234}, "datetime": {"datetime": "2021-09-24 08:48:21", "elapsed": 374.248386, "delta": 2.121386}}
{"target": 0.914357000764924, "params": {"C": 1673.3010416026473, "epsilon": 0.34247662385980226, "gamma": 0.04833521569363582, "lamda": 0.2236747338830141}, "datetime": {"datetime": "2021-09-24 08:48:23", "elapsed": 376.182091, "delta": 1.933705}}
{"target": 0.9227536502323861, "params": {"C": 1678.2153837140115, "epsilon": 0.15049405660113743, "gamma": 0.05645227951931614, "lamda": 0.12594067468061343}, "datetime": {"datetime": "2021-09-24 08:48:25", "elapsed": 378.150327, "delta": 1.968236}}
{"target": 0.922956648773866, "params": {"C": 1729.3128160376223, "epsilon": 0.0928206006547583, "gamma": 0.038094633541469976, "lamda": 0.27223714200533944}, "datetime": {"datetime": "2021-09-24 08:48:27", "elapsed": 380.668806, "delta": 2.518479}}
{"target": 0.9198297163036266, "params": {"C": 1623.9198485384968, "epsilon": 0.20864981148892137, "gamma": 0.06471308904697637, "lamda": 0.07277298511380954}, "datetime": {"datetime": "2021-09-24 08:48:30", "elapsed": 382.974923, "delta": 2.306117}}
{"target": 0.9109519970607133, "params": {"C": 1612.1716354150215, "epsilon": 0.3521225589123351, "gamma": 0.06707401134491564, "lamda": 0.20546875555452276}, "datetime": {"datetime": "2021-09-24 08:48:32", "elapsed": 384.876233, "delta": 1.90131}}
{"target": 0.9149829915008909, "params": {"C": 1674.7500267788523, "epsilon": 0.37285331333082794, "gamma": 0.040189437557264986, "lamda": 0.19011307631389732}, "datetime": {"datetime": "2021-09-24 08:48:34", "elapsed": 386.88873, "delta": 2.012497}}
{"target": 0.8882165458647894, "params": {"C": 1719.4350590239337, "epsilon": 0.8704170660358563, "gamma": 0.013254711039340195, "lamda": 0.07501676272083752}, "datetime": {"datetime": "2021-09-24 08:48:36", "elapsed": 388.878139, "delta": 1.989409}}
{"target": 0.8993866046883058, "params": {"C": 1665.8314538791012, "epsilon": 0.7408649511284698, "gamma": 0.04927699645693644, "lamda": 0.28688367998786113}, "datetime": {"datetime": "2021-09-24 08:48:37", "elapsed": 390.665535, "delta": 1.787396}}
{"target": 0.9124691836501803, "params": {"C": 1644.5194315470185, "epsilon": 0.9437229438946725, "gamma": 0.038127207173962986, "lamda": 0.0897471787714462}, "datetime": {"datetime": "2021-09-24 08:48:39", "elapsed": 392.304661, "delta": 1.639126}}
{"target": 0.9286500566015746, "params": {"C": 1597.3328337505568, "epsilon": 0.9133342829609084, "gamma": 0.02915695429644182, "lamda": 0.009357343746428139}, "datetime": {"datetime": "2021-09-24 08:48:41", "elapsed": 393.960191, "delta": 1.65553}}
{"target": 0.9112298234713448, "params": {"C": 1637.5519921568412, "epsilon": 0.05080396200645276, "gamma": 0.06582959550161746, "lamda": 0.10509931296807659}, "datetime": {"datetime": "2021-09-24 08:48:42", "elapsed": 395.760439, "delta": 1.800248}}
{"target": 0.8999791921896837, "params": {"C": 1751.1310561494288, "epsilon": 0.8797423321565119, "gamma": 0.05146519184214646, "lamda": 0.23524150766979834}, "datetime": {"datetime": "2021-09-24 08:48:44", "elapsed": 397.181273, "delta": 1.420834}}
{"target": 0.9265781111801568, "params": {"C": 1764.8300926185916, "epsilon": 0.3645144648428169, "gamma": 0.024349742413071515, "lamda": 0.022616933531892904}, "datetime": {"datetime": "2021-09-24 08:48:46", "elapsed": 399.520254, "delta": 2.338981}}
{"target": 0.888087077899447, "params": {"C": 1657.8996728454815, "epsilon": 0.15606255788741788, "gamma": 0.053206585180386776, "lamda": 0.007036613129122747}, "datetime": {"datetime": "2021-09-24 08:48:49", "elapsed": 402.552237, "delta": 3.031983}}
{"target": 0.8989719822429352, "params": {"C": 1665.4034050542987, "epsilon": 0.8951615020471819, "gamma": 0.05446315628752793, "lamda": 0.23937532878438053}, "datetime": {"datetime": "2021-09-24 08:48:51", "elapsed": 404.167502, "delta": 1.615265}}
{"target": 0.9193958752060496, "params": {"C": 1764.856396740542, "epsilon": 0.34156520585243155, "gamma": 0.052253057253588295, "lamda": 0.12364237381864938}, "datetime": {"datetime": "2021-09-24 08:48:54", "elapsed": 406.87689, "delta": 2.709388}}
{"target": 0.9171509800481923, "params": {"C": 1597.3169536305502, "epsilon": 0.9248910288760316, "gamma": 0.06488425054445326, "lamda": 0.038505684437635114}, "datetime": {"datetime": "2021-09-24 08:48:56", "elapsed": 409.271715, "delta": 2.394825}}
{"target": 0.922115982914856, "params": {"C": 1764.9602810518302, "epsilon": 0.2932353428059392, "gamma": 0.05436696225019296, "lamda": 0.08903136530615106}, "datetime": {"datetime": "2021-09-24 08:48:59", "elapsed": 412.270698, "delta": 2.998983}}
{"target": 0.8969308582414117, "params": {"C": 1659.6808793060852, "epsilon": 0.8502758109313171, "gamma": 0.032090055542956984, "lamda": 0.22905468124487088}, "datetime": {"datetime": "2021-09-24 08:49:02", "elapsed": 414.907342, "delta": 2.636644}}
{"target": 0.9172264770979158, "params": {"C": 1638.324273910153, "epsilon": 0.2540445745919353, "gamma": 0.026986958324969737, "lamda": 0.002191509564902365}, "datetime": {"datetime": "2021-09-24 08:49:04", "elapsed": 417.676467, "delta": 2.769125}}
{"target": 0.9249610138571323, "params": {"C": 1764.9632893720523, "epsilon": 0.07059037814504791, "gamma": 0.0241125284733083, "lamda": 0.13559474036407043}, "datetime": {"datetime": "2021-09-24 08:49:07", "elapsed": 420.582252, "delta": 2.905785}}
{"target": 0.9198437927425838, "params": {"C": 1623.8745928151154, "epsilon": 0.13071698770894857, "gamma": 0.03215909607640509, "lamda": 0.007284017538245791}, "datetime": {"datetime": "2021-09-24 08:49:10", "elapsed": 423.827063, "delta": 3.244811}}
{"target": 0.9144258014786437, "params": {"C": 1798.1438181230355, "epsilon": 0.47516726752733274, "gamma": 0.05020229908491138, "lamda": 0.16036163556033758}, "datetime": {"datetime": "2021-09-24 08:49:12", "elapsed": 425.474655, "delta": 1.647592}}
{"target": 0.9290061687076608, "params": {"C": 1657.9957208075762, "epsilon": 0.17599777600493863, "gamma": 0.03713487450596634, "lamda": 0.06463504210491212}, "datetime": {"datetime": "2021-09-24 08:49:16", "elapsed": 429.107985, "delta": 3.63333}}
{"target": 0.9044167910164839, "params": {"C": 1607.2179687974722, "epsilon": 0.397653628414109, "gamma": 0.04994007094399021, "lamda": 0.3947241549288147}, "datetime": {"datetime": "2021-09-24 08:49:17", "elapsed": 430.700129, "delta": 1.592144}}
{"target": 0.9150799322547131, "params": {"C": 1694.6383431746528, "epsilon": 0.6506228111269378, "gamma": 0.06542526778039978, "lamda": 0.07427044260429426}, "datetime": {"datetime": "2021-09-24 08:49:19", "elapsed": 432.495646, "delta": 1.795517}}
{"target": 0.92172120052961, "params": {"C": 1764.8259806018614, "epsilon": 0.32031163963791054, "gamma": 0.027923915782986627, "lamda": 0.06438724227949166}, "datetime": {"datetime": "2021-09-24 08:49:22", "elapsed": 435.263756, "delta": 2.76811}}
{"target": 0.9161535438814885, "params": {"C": 1667.4525892001, "epsilon": 0.6334861572383768, "gamma": 0.06455174015080598, "lamda": 0.06897582647767024}, "datetime": {"datetime": "2021-09-24 08:49:24", "elapsed": 437.376799, "delta": 2.113043}}
{"target": 0.8963868787226049, "params": {"C": 1719.4871589790096, "epsilon": 0.9630332480766423, "gamma": 0.013872452336752574, "lamda": 0.04084876825709248}, "datetime": {"datetime": "2021-09-24 08:49:27", "elapsed": 439.976558, "delta": 2.599759}}
{"target": 0.9267047821741272, "params": {"C": 1623.8910772518807, "epsilon": 0.11485318857341457, "gamma": 0.027596471317932005, "lamda": 0.09419265336658322}, "datetime": {"datetime": "2021-09-24 08:49:30", "elapsed": 443.167807, "delta": 3.191249}}
{"target": 0.9281341373387527, "params": {"C": 1623.8727874185379, "epsilon": 0.12757035663308558, "gamma": 0.03394533452162283, "lamda": 0.09667266795573592}, "datetime": {"datetime": "2021-09-24 08:49:32", "elapsed": 445.65172, "delta": 2.483913}}
{"target": 0.9115074875653252, "params": {"C": 1715.0330462686284, "epsilon": 0.5970038247157206, "gamma": 0.04730574076219663, "lamda": 0.0038242057393909692}, "datetime": {"datetime": "2021-09-24 08:49:35", "elapsed": 448.194078, "delta": 2.542358}}
{"target": 0.8880519136946396, "params": {"C": 1609.5786968420969, "epsilon": 0.3688033087916762, "gamma": 0.016781668878456994, "lamda": 0.29022592418338455}, "datetime": {"datetime": "2021-09-24 08:49:37", "elapsed": 450.346641, "delta": 2.152563}}
{"target": 0.918092854354339, "params": {"C": 1737.1876258942152, "epsilon": 0.06433846577342872, "gamma": 0.0655062762271607, "lamda": 0.1499484819590345}, "datetime": {"datetime": "2021-09-24 08:49:39", "elapsed": 452.583613, "delta": 2.236972}}
{"target": 0.9107099634084272, "params": {"C": 1658.0345023794566, "epsilon": 0.2519113262210937, "gamma": 0.01901019854886263, "lamda": 0.09901004074962184}, "datetime": {"datetime": "2021-09-24 08:49:42", "elapsed": 455.252664, "delta": 2.669051}}
{"target": 0.896249505585373, "params": {"C": 1661.893274128226, "epsilon": 0.5117726675575088, "gamma": 0.024840042753320583, "lamda": 0.273396414879476}, "datetime": {"datetime": "2021-09-24 08:49:44", "elapsed": 457.041857, "delta": 1.789193}}
