{"target": 0.9027100399375452, "params": {"C": 2184.3158452018642, "epsilon": 0.7695819628835003, "gamma": 0.06045065778099424, "lamda": 0.21462818631946584}, "datetime": {"datetime": "2021-09-24 09:41:58", "elapsed": 52.366121, "delta": 0.564768}}
{"target": 0.9150495711290587, "params": {"C": 2132.2048884648602, "epsilon": 0.4748295606916496, "gamma": 0.03269399629443775, "lamda": 0.11773730255759417}, "datetime": {"datetime": "2021-09-24 09:41:59", "elapsed": 53.433258, "delta": 1.067137}}
{"target": 0.9147407883786535, "params": {"C": 2145.9074271218055, "epsilon": 0.1896708755850519, "gamma": 0.06806985056636118, "lamda": 0.21603911218210686}, "datetime": {"datetime": "2021-09-24 09:42:00", "elapsed": 54.149062, "delta": 0.715804}}
{"target": 0.9146886429199657, "params": {"C": 2146.420126711916, "epsilon": 0.12163164957325678, "gamma": 0.015894296920073298, "lamda": 0.07809775057040172}, "datetime": {"datetime": "2021-09-24 09:42:01", "elapsed": 55.142091, "delta": 0.993029}}
{"target": 0.814227594455791, "params": {"C": 2104.0714815198376, "epsilon": 0.039895143849692755, "gamma": 0.07, "lamda": 0.00510969340331364}, "datetime": {"datetime": "2021-09-24 09:42:02", "elapsed": 56.046848, "delta": 0.904757}}
{"target": 0.9254825529882612, "params": {"C": 2132.352122644721, "epsilon": 0.345789624215617, "gamma": 0.04433808155986359, "lamda": 0.05874522771699315}, "datetime": {"datetime": "2021-09-24 09:42:03", "elapsed": 57.15517, "delta": 1.108322}}
{"target": 0.9080555727075129, "params": {"C": 2178.3901060826474, "epsilon": 0.03801425058959908, "gamma": 0.012723914076975658, "lamda": 0.2474041442078309}, "datetime": {"datetime": "2021-09-24 09:42:04", "elapsed": 58.196915, "delta": 1.041745}}
{"target": 0.9222647158989792, "params": {"C": 2132.506621542052, "epsilon": 0.3355429129677614, "gamma": 0.03966137764250607, "lamda": 0.09278245960022133}, "datetime": {"datetime": "2021-09-24 09:42:05", "elapsed": 58.926218, "delta": 0.729303}}
{"target": 0.8697302408615195, "params": {"C": 2172.7554837093558, "epsilon": 0.723909244098786, "gamma": 0.016547865355545414, "lamda": 0.3665853435181578}, "datetime": {"datetime": "2021-09-24 09:42:06", "elapsed": 59.841095, "delta": 0.914877}}
{"target": 0.9229761269525338, "params": {"C": 2146.159715608572, "epsilon": 0.1607286925373129, "gamma": 0.03482358811947046, "lamda": 0.15612786519733363}, "datetime": {"datetime": "2021-09-24 09:42:06", "elapsed": 60.545738, "delta": 0.704643}}
{"target": 0.9261563658516806, "params": {"C": 2232.731529802647, "epsilon": 0.043905264247669176, "gamma": 0.03844090631904327, "lamda": 0.3448758848313169}, "datetime": {"datetime": "2021-09-24 09:42:07", "elapsed": 61.280302, "delta": 0.734564}}
{"target": 0.89908147951162, "params": {"C": 2285.395660300773, "epsilon": 0.9536415485667779, "gamma": 0.015188328390230318, "lamda": 0.04149861486142341}, "datetime": {"datetime": "2021-09-24 09:42:08", "elapsed": 62.480156, "delta": 1.199854}}
{"target": 0.9012856828532654, "params": {"C": 2186.2573066492355, "epsilon": 0.44648293359166236, "gamma": 0.028775607302263473, "lamda": 0.29363790168061665}, "datetime": {"datetime": "2021-09-24 09:42:09", "elapsed": 63.086029, "delta": 0.605873}}
{"target": 0.8963433801585771, "params": {"C": 2106.2274405442813, "epsilon": 0.5931835434233267, "gamma": 0.015365777078472266, "lamda": 0.08721564339898263}, "datetime": {"datetime": "2021-09-24 09:42:10", "elapsed": 64.171745, "delta": 1.085716}}
{"target": 0.9220629411526264, "params": {"C": 2145.8590152874826, "epsilon": 0.2906848351978816, "gamma": 0.02784815920482968, "lamda": 0.06794107143158037}, "datetime": {"datetime": "2021-09-24 09:42:11", "elapsed": 65.123706, "delta": 0.951961}}
{"target": 0.9176850235873786, "params": {"C": 2133.8055627900153, "epsilon": 0.08333755853124372, "gamma": 0.06034625521770918, "lamda": 0.37110537972593094}, "datetime": {"datetime": "2021-09-24 09:42:12", "elapsed": 65.863691, "delta": 0.739985}}
{"target": 0.9099240624393667, "params": {"C": 2145.8926222314367, "epsilon": 0.17898418456627346, "gamma": 0.014904658353363492, "lamda": 0.006229724458738582}, "datetime": {"datetime": "2021-09-24 09:42:13", "elapsed": 66.765921, "delta": 0.90223}}
{"target": 0.8927917065868094, "params": {"C": 2152.7760881056274, "epsilon": 0.7382567286117583, "gamma": 0.037271997459895206, "lamda": 0.35317826706476824}, "datetime": {"datetime": "2021-09-24 09:42:13", "elapsed": 67.639298, "delta": 0.873377}}
{"target": 0.9202362385258632, "params": {"C": 2104.04734510416, "epsilon": 0.036387678435948555, "gamma": 0.061665188767834125, "lamda": 0.35028309674201497}, "datetime": {"datetime": "2021-09-24 09:42:15", "elapsed": 68.741347, "delta": 1.102049}}
{"target": 0.9126876901606047, "params": {"C": 2232.2932631394965, "epsilon": 0.14211048957868105, "gamma": 0.06833741397481563, "lamda": 0.34612875507632634}, "datetime": {"datetime": "2021-09-24 09:42:15", "elapsed": 69.576651, "delta": 0.835304}}
{"target": 0.8952917532059174, "params": {"C": 2104.023986076899, "epsilon": 0.25529454736414586, "gamma": 0.017935065600972893, "lamda": 0.3010877801248599}, "datetime": {"datetime": "2021-09-24 09:42:16", "elapsed": 70.545068, "delta": 0.968417}}
{"target": 0.9228922411282813, "params": {"C": 2132.404421266852, "epsilon": 0.21797709410390084, "gamma": 0.03547179732560281, "lamda": 0.12038854948607092}, "datetime": {"datetime": "2021-09-24 09:42:17", "elapsed": 71.404525, "delta": 0.859457}}
{"target": 0.9194579319705882, "params": {"C": 2146.0273119685016, "epsilon": 0.3204693826319132, "gamma": 0.03402992378968411, "lamda": 0.11695073352602663}, "datetime": {"datetime": "2021-09-24 09:42:18", "elapsed": 72.548709, "delta": 1.144184}}
{"target": 0.9191209362615359, "params": {"C": 2146.266805866588, "epsilon": 0.15393929446202034, "gamma": 0.018394846123873557, "lamda": 0.05939495903928399}, "datetime": {"datetime": "2021-09-24 09:42:19", "elapsed": 73.351727, "delta": 0.803018}}
{"target": 0.9239668520474634, "params": {"C": 2132.59657334715, "epsilon": 0.13822926264722835, "gamma": 0.0445601736649021, "lamda": 0.029478652189297447}, "datetime": {"datetime": "2021-09-24 09:42:20", "elapsed": 74.112241, "delta": 0.760514}}
{"target": 0.9214148849978976, "params": {"C": 2104.144028774291, "epsilon": 0.131966981740545, "gamma": 0.039380796374320695, "lamda": 0.24394285479230948}, "datetime": {"datetime": "2021-09-24 09:42:21", "elapsed": 74.843873, "delta": 0.731632}}
{"target": 0.9007497147457623, "params": {"C": 2251.7520960746133, "epsilon": 0.5238881381520016, "gamma": 0.020092360359869454, "lamda": 0.13394338251117271}, "datetime": {"datetime": "2021-09-24 09:42:21", "elapsed": 75.628167, "delta": 0.784294}}
{"target": 0.8952093882531432, "params": {"C": 2132.514203734195, "epsilon": 0.15269398565594997, "gamma": 0.010669124692859185, "lamda": 0.13928423958763136}, "datetime": {"datetime": "2021-09-24 09:42:22", "elapsed": 76.462223, "delta": 0.834056}}
{"target": 0.900529416344315, "params": {"C": 2146.126442194541, "epsilon": 0.09345046031683413, "gamma": 0.014548095464952096, "lamda": 0.32358273238260776}, "datetime": {"datetime": "2021-09-24 09:42:23", "elapsed": 77.229113, "delta": 0.76689}}
{"target": 0.9175292932467535, "params": {"C": 2132.112135929935, "epsilon": 0.3488372854613293, "gamma": 0.06854696183385421, "lamda": 0.06804841185659424}, "datetime": {"datetime": "2021-09-24 09:42:24", "elapsed": 77.990173, "delta": 0.76106}}
{"target": 0.8986041575960164, "params": {"C": 2273.6843531509976, "epsilon": 0.7959292186370986, "gamma": 0.06049574738962546, "lamda": 0.25855767007288327}, "datetime": {"datetime": "2021-09-24 09:42:24", "elapsed": 78.70536, "delta": 0.715187}}
{"target": 0.9018310441605779, "params": {"C": 2145.865677821476, "epsilon": 0.08648317548293645, "gamma": 0.011142518764381286, "lamda": 0.14722891215185285}, "datetime": {"datetime": "2021-09-24 09:42:25", "elapsed": 79.527227, "delta": 0.821867}}
{"target": 0.887565924541999, "params": {"C": 2266.562897216854, "epsilon": 0.9391503991691993, "gamma": 0.019100082831807322, "lamda": 0.1600057032430177}, "datetime": {"datetime": "2021-09-24 09:42:26", "elapsed": 80.28991, "delta": 0.762683}}
{"target": 0.9258424301707404, "params": {"C": 2132.601889818468, "epsilon": 0.14136253975174728, "gamma": 0.03102964367456703, "lamda": 0.013470505885088614}, "datetime": {"datetime": "2021-09-24 09:42:27", "elapsed": 81.437219, "delta": 1.147309}}
{"target": 0.9135134608981138, "params": {"C": 2115.065850470294, "epsilon": 0.5412863314333759, "gamma": 0.06458752949409159, "lamda": 0.11272405197337206}, "datetime": {"datetime": "2021-09-24 09:42:28", "elapsed": 82.125691, "delta": 0.688472}}
{"target": 0.923571723334452, "params": {"C": 2132.6853809374666, "epsilon": 0.2272846229655632, "gamma": 0.04899709149267337, "lamda": 0.023159162494302846}, "datetime": {"datetime": "2021-09-24 09:42:29", "elapsed": 83.322708, "delta": 1.197017}}
{"target": 0.904197844034313, "params": {"C": 2132.333322824033, "epsilon": 0.28018393074227355, "gamma": 0.020692959425365663, "lamda": 0.20195907567729846}, "datetime": {"datetime": "2021-09-24 09:42:30", "elapsed": 84.149557, "delta": 0.826849}}
{"target": 0.900206913663381, "params": {"C": 2118.9873598003255, "epsilon": 0.6158346053251317, "gamma": 0.028929232904324254, "lamda": 0.23123778970736691}, "datetime": {"datetime": "2021-09-24 09:42:31", "elapsed": 84.828101, "delta": 0.678544}}
{"target": 0.9200902271159532, "params": {"C": 2104.074063745824, "epsilon": 0.06389317313022466, "gamma": 0.02305938495205833, "lamda": 0.22518380128758878}, "datetime": {"datetime": "2021-09-24 09:42:32", "elapsed": 86.069077, "delta": 1.240976}}
{"target": 0.9137365341232028, "params": {"C": 2132.3656085235634, "epsilon": 0.46893788606677045, "gamma": 0.05750020471147375, "lamda": 0.009496355708970967}, "datetime": {"datetime": "2021-09-24 09:42:33", "elapsed": 87.021262, "delta": 0.952185}}
{"target": 0.9135623562670259, "params": {"C": 2145.9574859952922, "epsilon": 0.09667442866471368, "gamma": 0.06995391031066488, "lamda": 0.3767030642618176}, "datetime": {"datetime": "2021-09-24 09:42:34", "elapsed": 87.881945, "delta": 0.860683}}
{"target": 0.9266036523972293, "params": {"C": 2254.245336315808, "epsilon": 0.046540738700096757, "gamma": 0.02615611451620667, "lamda": 0.19412758324831877}, "datetime": {"datetime": "2021-09-24 09:42:35", "elapsed": 88.876709, "delta": 0.994764}}
{"target": 0.9177805266054758, "params": {"C": 2146.6139081986353, "epsilon": 0.4677101742567653, "gamma": 0.06802859727838093, "lamda": 0.04802691288163459}, "datetime": {"datetime": "2021-09-24 09:42:35", "elapsed": 89.651493, "delta": 0.774784}}
{"target": 0.9189010772615094, "params": {"C": 2146.068969998869, "epsilon": 0.13055336916294064, "gamma": 0.06558219896296831, "lamda": 0.087936556575323}, "datetime": {"datetime": "2021-09-24 09:42:37", "elapsed": 90.76703, "delta": 1.115537}}
{"target": 0.9208977999150013, "params": {"C": 2146.1688452795947, "epsilon": 0.249596105898202, "gamma": 0.06213651092378801, "lamda": 0.07153220387268466}, "datetime": {"datetime": "2021-09-24 09:42:37", "elapsed": 91.693469, "delta": 0.926439}}
{"target": 0.9160525785308689, "params": {"C": 2199.644361784807, "epsilon": 0.6678857848740779, "gamma": 0.06309517416898137, "lamda": 0.07003032387803912}, "datetime": {"datetime": "2021-09-24 09:42:38", "elapsed": 92.605123, "delta": 0.911654}}
{"target": 0.9194114633279187, "params": {"C": 2271.557002905431, "epsilon": 0.27222863265745145, "gamma": 0.046860868259423975, "lamda": 0.1674937157763118}, "datetime": {"datetime": "2021-09-24 09:42:39", "elapsed": 93.602057, "delta": 0.996934}}
{"target": 0.8917221391038676, "params": {"C": 2142.8073372508215, "epsilon": 0.3398439368681727, "gamma": 0.014415515842233988, "lamda": 0.18032579906708}, "datetime": {"datetime": "2021-09-24 09:42:40", "elapsed": 94.696948, "delta": 1.094891}}
{"target": 0.9208502902130701, "params": {"C": 2232.6201161398276, "epsilon": 0.06626187905545039, "gamma": 0.030340215988380742, "lamda": 0.35159755964569395}, "datetime": {"datetime": "2021-09-24 09:42:41", "elapsed": 95.669024, "delta": 0.972076}}
{"target": 0.9253271988430762, "params": {"C": 2132.753155120644, "epsilon": 0.1264574318187727, "gamma": 0.03215097420934898, "lamda": 0.015057309880007613}, "datetime": {"datetime": "2021-09-24 09:42:42", "elapsed": 96.689879, "delta": 1.020855}}
{"target": 0.9136590640553013, "params": {"C": 2254.2662448776814, "epsilon": 0.16591489354537645, "gamma": 0.024911957188889645, "lamda": 0.21328132925555565}, "datetime": {"datetime": "2021-09-24 09:42:44", "elapsed": 97.90263, "delta": 1.212751}}
{"target": 0.9304504249242392, "params": {"C": 2206.121130458405, "epsilon": 0.12221560501389772, "gamma": 0.03379087760024893, "lamda": 0.06537505490269256}, "datetime": {"datetime": "2021-09-24 09:42:45", "elapsed": 99.265409, "delta": 1.362779}}
{"target": 0.9008351827163481, "params": {"C": 2206.2634625328574, "epsilon": 0.03322870422932205, "gamma": 0.011266632458018292, "lamda": 0.0321632192754925}, "datetime": {"datetime": "2021-09-24 09:42:46", "elapsed": 100.36803, "delta": 1.102621}}
{"target": 0.9165365201496496, "params": {"C": 2206.195648790025, "epsilon": 0.22224744350398337, "gamma": 0.06670156311254707, "lamda": 0.15699027799035592}, "datetime": {"datetime": "2021-09-24 09:42:47", "elapsed": 101.514085, "delta": 1.146055}}
{"target": 0.9206177775524156, "params": {"C": 2206.0431962066223, "epsilon": 0.04270677614536085, "gamma": 0.017463248342567954, "lamda": 0.10803894974733519}, "datetime": {"datetime": "2021-09-24 09:42:48", "elapsed": 102.558074, "delta": 1.043989}}
{"target": 0.9284972653185266, "params": {"C": 2146.30443817358, "epsilon": 0.04627650964703622, "gamma": 0.02692574852679932, "lamda": 0.16107072842812123}, "datetime": {"datetime": "2021-09-24 09:42:50", "elapsed": 103.834085, "delta": 1.276011}}
{"target": 0.8150721932815373, "params": {"C": 2132.3585102629695, "epsilon": 0.22180306730136848, "gamma": 0.07, "lamda": 0.001}, "datetime": {"datetime": "2021-09-24 09:42:51", "elapsed": 104.925889, "delta": 1.091804}}
{"target": 0.9254640755813491, "params": {"C": 2155.291140912324, "epsilon": 0.8262884208591298, "gamma": 0.04177352018761141, "lamda": 0.023832859251152878}, "datetime": {"datetime": "2021-09-24 09:42:52", "elapsed": 105.820913, "delta": 0.895024}}
{"target": 0.9195827551333965, "params": {"C": 2189.33171641776, "epsilon": 0.996814221971482, "gamma": 0.050044525431901535, "lamda": 0.041661512213747025}, "datetime": {"datetime": "2021-09-24 09:42:53", "elapsed": 106.792683, "delta": 0.97177}}
{"target": 0.9106515352000601, "params": {"C": 2146.0361471219944, "epsilon": 0.2766935187452415, "gamma": 0.013058401832932512, "lamda": 0.028804197902811343}, "datetime": {"datetime": "2021-09-24 09:42:53", "elapsed": 107.611724, "delta": 0.819041}}
{"target": 0.9220586830310618, "params": {"C": 2146.2403345565517, "epsilon": 0.039534998328648444, "gamma": 0.019274030695183075, "lamda": 0.05992051888999546}, "datetime": {"datetime": "2021-09-24 09:42:54", "elapsed": 108.486604, "delta": 0.87488}}
{"target": 0.9280796534223633, "params": {"C": 2206.132852074189, "epsilon": 0.11362330426635547, "gamma": 0.03520172951499089, "lamda": 0.11221485443108328}, "datetime": {"datetime": "2021-09-24 09:42:55", "elapsed": 109.52198, "delta": 1.035376}}
{"target": 0.9261494367161762, "params": {"C": 2132.1971139543607, "epsilon": 0.27875760550174944, "gamma": 0.03829634361894984, "lamda": 0.06642209025041629}, "datetime": {"datetime": "2021-09-24 09:42:56", "elapsed": 110.327248, "delta": 0.805268}}
{"target": 0.9181976457472187, "params": {"C": 2132.2866711191095, "epsilon": 0.3504602340608144, "gamma": 0.06250152440852777, "lamda": 0.09778457322079327}, "datetime": {"datetime": "2021-09-24 09:42:57", "elapsed": 111.262097, "delta": 0.934849}}
{"target": 0.922156018629541, "params": {"C": 2211.140797356135, "epsilon": 0.6710967143611639, "gamma": 0.046244062723029965, "lamda": 0.006256140901094733}, "datetime": {"datetime": "2021-09-24 09:42:58", "elapsed": 112.447977, "delta": 1.18588}}
{"target": 0.9185727331414797, "params": {"C": 2145.963738045255, "epsilon": 0.24477449486077998, "gamma": 0.05846280870935761, "lamda": 0.15794210446058532}, "datetime": {"datetime": "2021-09-24 09:42:59", "elapsed": 113.261684, "delta": 0.813707}}
{"target": 0.9157409282552617, "params": {"C": 2199.3609337688495, "epsilon": 0.2607956519883421, "gamma": 0.043715077692807774, "lamda": 0.257267554410696}, "datetime": {"datetime": "2021-09-24 09:43:00", "elapsed": 114.19489, "delta": 0.933206}}
{"target": 0.9267960535712275, "params": {"C": 2145.1786572949004, "epsilon": 0.37241433240221966, "gamma": 0.04373140729143769, "lamda": 0.04379956074803851}, "datetime": {"datetime": "2021-09-24 09:43:01", "elapsed": 115.343783, "delta": 1.148893}}
{"target": 0.8844376889057658, "params": {"C": 2260.227873884617, "epsilon": 0.9956743291897288, "gamma": 0.06649500833066253, "lamda": 0.3423435420132378}, "datetime": {"datetime": "2021-09-24 09:43:02", "elapsed": 116.231224, "delta": 0.887441}}
{"target": 0.9169614149561367, "params": {"C": 2146.2562165518107, "epsilon": 0.10258029514802247, "gamma": 0.06987946909959855, "lamda": 0.14509344773316343}, "datetime": {"datetime": "2021-09-24 09:43:03", "elapsed": 117.450347, "delta": 1.219123}}
{"target": 0.9074203322593445, "params": {"C": 2261.8570654598893, "epsilon": 0.24953022686291432, "gamma": 0.03174120971822739, "lamda": 0.3959755288598539}, "datetime": {"datetime": "2021-09-24 09:43:04", "elapsed": 118.182083, "delta": 0.731736}}
{"target": 0.9202231134776425, "params": {"C": 2122.234872735775, "epsilon": 0.15940624080733246, "gamma": 0.048832562763475626, "lamda": 0.23117264300962911}, "datetime": {"datetime": "2021-09-24 09:43:05", "elapsed": 119.006787, "delta": 0.824704}}
{"target": 0.9215829837070653, "params": {"C": 2154.7533242483846, "epsilon": 0.8521469727564794, "gamma": 0.019353167449943268, "lamda": 0.002889736109050558}, "datetime": {"datetime": "2021-09-24 09:43:06", "elapsed": 120.119175, "delta": 1.112388}}
{"target": 0.9191682405503928, "params": {"C": 2146.1291662599915, "epsilon": 0.2655384404070088, "gamma": 0.035460922759694175, "lamda": 0.15245071500549917}, "datetime": {"datetime": "2021-09-24 09:43:07", "elapsed": 121.099172, "delta": 0.979997}}
{"target": 0.9066236474304508, "params": {"C": 2149.7270738997727, "epsilon": 0.6836189943343498, "gamma": 0.05884154412193709, "lamda": 0.19195156509524197}, "datetime": {"datetime": "2021-09-24 09:43:08", "elapsed": 121.991037, "delta": 0.891865}}
{"target": 0.9112451754240869, "params": {"C": 2219.0720615170535, "epsilon": 0.5427503498020761, "gamma": 0.04374978539374783, "lamda": 0.1862258772591661}, "datetime": {"datetime": "2021-09-24 09:43:09", "elapsed": 122.790468, "delta": 0.799431}}
{"target": 0.9160567693589541, "params": {"C": 2146.107915530531, "epsilon": 0.18060933989352343, "gamma": 0.06313420724635384, "lamda": 0.036687058172853504}, "datetime": {"datetime": "2021-09-24 09:43:10", "elapsed": 123.882964, "delta": 1.092496}}
{"target": 0.9310596950772831, "params": {"C": 2132.501198416088, "epsilon": 0.3110630362442518, "gamma": 0.032240915322655946, "lamda": 0.014344850926738307}, "datetime": {"datetime": "2021-09-24 09:43:11", "elapsed": 124.827605, "delta": 0.944641}}
{"target": 0.9177610552992845, "params": {"C": 2132.5806022656343, "epsilon": 0.2518974275096124, "gamma": 0.023275714999728036, "lamda": 0.08266378052812903}, "datetime": {"datetime": "2021-09-24 09:43:12", "elapsed": 126.050734, "delta": 1.223129}}
{"target": 0.9188164429411099, "params": {"C": 2234.358059580708, "epsilon": 0.14742843030751573, "gamma": 0.043074157575042855, "lamda": 0.3183593243230231}, "datetime": {"datetime": "2021-09-24 09:43:13", "elapsed": 126.931234, "delta": 0.8805}}
{"target": 0.9043976785626818, "params": {"C": 2206.1613402654943, "epsilon": 0.06924542448234525, "gamma": 0.01036249795417612, "lamda": 0.08196675066920182}, "datetime": {"datetime": "2021-09-24 09:43:14", "elapsed": 128.069852, "delta": 1.138618}}
{"target": 0.9244215184829414, "params": {"C": 2206.0854709577834, "epsilon": 0.183261778066291, "gamma": 0.04419482330751059, "lamda": 0.12643928250030181}, "datetime": {"datetime": "2021-09-24 09:43:15", "elapsed": 129.297297, "delta": 1.227445}}
{"target": 0.9249818766923421, "params": {"C": 2233.6601293259573, "epsilon": 0.158477294067946, "gamma": 0.049759902484325366, "lamda": 0.04027005645109971}, "datetime": {"datetime": "2021-09-24 09:43:16", "elapsed": 130.153179, "delta": 0.855882}}
{"target": 0.9295505295686777, "params": {"C": 2145.9776389086073, "epsilon": 0.10087372491990056, "gamma": 0.04111247026007023, "lamda": 0.08380014726566028}, "datetime": {"datetime": "2021-09-24 09:43:17", "elapsed": 131.064685, "delta": 0.911506}}
{"target": 0.9260717614362213, "params": {"C": 2254.1834226483643, "epsilon": 0.0450984118632836, "gamma": 0.046133957155314785, "lamda": 0.31234920997526816}, "datetime": {"datetime": "2021-09-24 09:43:18", "elapsed": 132.083549, "delta": 1.018864}}
{"target": 0.9281443485485309, "params": {"C": 2219.1310855282545, "epsilon": 0.5431340454736073, "gamma": 0.041047371079207993, "lamda": 0.023488927162763792}, "datetime": {"datetime": "2021-09-24 09:43:19", "elapsed": 133.032977, "delta": 0.949428}}
{"target": 0.9196938834879286, "params": {"C": 2252.6970624918026, "epsilon": 0.4376139820887217, "gamma": 0.0452438444260524, "lamda": 0.10230803864004533}, "datetime": {"datetime": "2021-09-24 09:43:20", "elapsed": 134.003145, "delta": 0.970168}}
{"target": 0.9111657920326962, "params": {"C": 2299.9395881087053, "epsilon": 0.9413578200147077, "gamma": 0.05169587417401512, "lamda": 0.1074887568570277}, "datetime": {"datetime": "2021-09-24 09:43:21", "elapsed": 134.801185, "delta": 0.79804}}
