{"target": 0.9148621647832733, "params": {"C": 314.45581518924115, "epsilon": 0.2012955152226533, "gamma": 0.06179614815944351, "lamda": 0.09512625845542776}, "datetime": {"datetime": "2021-09-23 10:37:22", "elapsed": 67.786578, "delta": 0.679655}}
{"target": 0.9126838934681516, "params": {"C": 338.53718088258813, "epsilon": 0.3212908810507836, "gamma": 0.06223943947603919, "lamda": 0.14779992931376235}, "datetime": {"datetime": "2021-09-23 10:37:23", "elapsed": 68.442577, "delta": 0.655999}}
{"target": 0.9161875173987926, "params": {"C": 322.33084269929674, "epsilon": 0.1294978641500557, "gamma": 0.07109087973604418, "lamda": 0.09642035424025663}, "datetime": {"datetime": "2021-09-23 10:37:24", "elapsed": 69.157789, "delta": 0.715212}}
{"target": 0.9156210436911035, "params": {"C": 359.4045945989815, "epsilon": 0.33028727413984604, "gamma": 0.07514607217532684, "lamda": 0.10845674816993721}, "datetime": {"datetime": "2021-09-23 10:37:24", "elapsed": 69.935833, "delta": 0.778044}}
{"target": 0.9159448118967812, "params": {"C": 341.25164672046316, "epsilon": 0.3172366510188944, "gamma": 0.08042556278801892, "lamda": 0.07436186314391986}, "datetime": {"datetime": "2021-09-23 10:37:25", "elapsed": 70.659782, "delta": 0.723949}}
{"target": 0.9153181129300345, "params": {"C": 346.68447841368106, "epsilon": 0.2484496009046539, "gamma": 0.07812203136151498, "lamda": 0.04664666068330035}, "datetime": {"datetime": "2021-09-23 10:37:26", "elapsed": 71.343023, "delta": 0.683241}}
{"target": 0.9161778540398556, "params": {"C": 374.88056012790577, "epsilon": 0.18736167555758046, "gamma": 0.06724226678335711, "lamda": 0.15016831920665247}, "datetime": {"datetime": "2021-09-23 10:37:27", "elapsed": 72.132803, "delta": 0.78978}}
{"target": 0.9161326398674613, "params": {"C": 339.61656026130964, "epsilon": 0.13424208869778595, "gamma": 0.07685753884640388, "lamda": 0.12528432155723557}, "datetime": {"datetime": "2021-09-23 10:37:27", "elapsed": 72.792833, "delta": 0.66003}}
{"target": 0.9152533105875784, "params": {"C": 307.1071943769403, "epsilon": 0.16531120592639106, "gamma": 0.07686570364571885, "lamda": 0.05840838369299452}, "datetime": {"datetime": "2021-09-23 10:37:28", "elapsed": 73.48459, "delta": 0.691757}}
{"target": 0.9121875545100809, "params": {"C": 376.13672433077033, "epsilon": 0.33879594730023377, "gamma": 0.08824750416533125, "lamda": 0.1519371998788339}, "datetime": {"datetime": "2021-09-23 10:37:29", "elapsed": 74.139594, "delta": 0.655004}}
{"target": 0.9165207348011507, "params": {"C": 369.84404213726157, "epsilon": 0.14377169140199214, "gamma": 0.06953077555476689, "lamda": 0.12550052120904}, "datetime": {"datetime": "2021-09-23 10:37:29", "elapsed": 74.810622, "delta": 0.671028}}
{"target": 0.9167478807958174, "params": {"C": 377.1142392759336, "epsilon": 0.13110635180720298, "gamma": 0.07087060485911369, "lamda": 0.16873920077063093}, "datetime": {"datetime": "2021-09-23 10:37:30", "elapsed": 75.458681, "delta": 0.648059}}
{"target": 0.9155185329059485, "params": {"C": 293.3409236414649, "epsilon": 0.10602029383296885, "gamma": 0.07941628138173781, "lamda": 0.11710922400051037}, "datetime": {"datetime": "2021-09-23 10:37:31", "elapsed": 76.132052, "delta": 0.673371}}
{"target": 0.915544762024524, "params": {"C": 312.8519945490309, "epsilon": 0.2988450336538654, "gamma": 0.06467658372497163, "lamda": 0.045592022590554684}, "datetime": {"datetime": "2021-09-23 10:37:31", "elapsed": 76.851686, "delta": 0.719634}}
{"target": 0.9147885413330323, "params": {"C": 331.142137249828, "epsilon": 0.10562686573572497, "gamma": 0.08529596719066537, "lamda": 0.13664242791668268}, "datetime": {"datetime": "2021-09-23 10:37:32", "elapsed": 77.653723, "delta": 0.802037}}
{"target": 0.9150950988949249, "params": {"C": 309.8362443398635, "epsilon": 0.2519351839899737, "gamma": 0.08442077206096854, "lamda": 0.10482191888948683}, "datetime": {"datetime": "2021-09-23 10:37:33", "elapsed": 78.343719, "delta": 0.689996}}
{"target": 0.9163589121132584, "params": {"C": 351.44323691023214, "epsilon": 0.21272432417171194, "gamma": 0.07687489269687392, "lamda": 0.10302815703607959}, "datetime": {"datetime": "2021-09-23 10:37:33", "elapsed": 79.010983, "delta": 0.667264}}
{"target": 0.9160703068329863, "params": {"C": 310.6545974267666, "epsilon": 0.29360870698376135, "gamma": 0.07310628714782763, "lamda": 0.06133412480766179}, "datetime": {"datetime": "2021-09-23 10:37:34", "elapsed": 79.78286, "delta": 0.771877}}
{"target": 0.9167839958060162, "params": {"C": 399.1625893625422, "epsilon": 0.24109726165816384, "gamma": 0.0707756056820405, "lamda": 0.11249872854273699}, "datetime": {"datetime": "2021-09-23 10:37:35", "elapsed": 80.568792, "delta": 0.785932}}
{"target": 0.9153933662443531, "params": {"C": 374.5557440000878, "epsilon": 0.25292612858167984, "gamma": 0.06088896827545337, "lamda": 0.06617339786825611}, "datetime": {"datetime": "2021-09-23 10:37:36", "elapsed": 81.278693, "delta": 0.709901}}
{"target": 0.9162061692390662, "params": {"C": 360.6148357484248, "epsilon": 0.10268626410621573, "gamma": 0.07653707878752142, "lamda": 0.1444233472189922}, "datetime": {"datetime": "2021-09-23 10:37:36", "elapsed": 82.004676, "delta": 0.725983}}
{"target": 0.91633911531483, "params": {"C": 356.8446326954974, "epsilon": 0.1706779042429889, "gamma": 0.06921576743794787, "lamda": 0.10405396963886623}, "datetime": {"datetime": "2021-09-23 10:37:37", "elapsed": 82.723684, "delta": 0.719008}}
{"target": 0.9154927542385111, "params": {"C": 348.26608002872837, "epsilon": 0.13327376929765258, "gamma": 0.08149453391412713, "lamda": 0.10388518692253033}, "datetime": {"datetime": "2021-09-23 10:37:38", "elapsed": 83.511918, "delta": 0.788234}}
{"target": 0.9124197474875457, "params": {"C": 360.1960775955745, "epsilon": 0.1057617210292221, "gamma": 0.07987995124216268, "lamda": 0.05730264926412898}, "datetime": {"datetime": "2021-09-23 10:37:39", "elapsed": 84.260929, "delta": 0.749011}}
{"target": 0.9163532310058543, "params": {"C": 350.39661250687493, "epsilon": 0.20546926847233524, "gamma": 0.07544768268469734, "lamda": 0.12441403807075535}, "datetime": {"datetime": "2021-09-23 10:37:39", "elapsed": 85.061749, "delta": 0.80082}}
{"target": 0.9135174594612496, "params": {"C": 380.27032400851226, "epsilon": 0.13789524565933886, "gamma": 0.08418834045355808, "lamda": 0.07159835329795591}, "datetime": {"datetime": "2021-09-23 10:37:40", "elapsed": 85.918887, "delta": 0.857138}}
{"target": 0.9156408187256894, "params": {"C": 351.4786513169528, "epsilon": 0.2128311260596639, "gamma": 0.075523685539604, "lamda": 0.05204540324647988}, "datetime": {"datetime": "2021-09-23 10:37:41", "elapsed": 86.672338, "delta": 0.753451}}
{"target": 0.916410642399276, "params": {"C": 344.8759768320322, "epsilon": 0.10351746271327036, "gamma": 0.07262514309975282, "lamda": 0.1491285402429518}, "datetime": {"datetime": "2021-09-23 10:37:42", "elapsed": 87.392024, "delta": 0.719686}}
{"target": 0.9163375221919626, "params": {"C": 399.96375286522306, "epsilon": 0.3236769189731661, "gamma": 0.08084793708700755, "lamda": 0.07836113936623675}, "datetime": {"datetime": "2021-09-23 10:37:43", "elapsed": 88.128987, "delta": 0.736963}}
{"target": 0.9152548150794219, "params": {"C": 326.6862594654651, "epsilon": 0.33182866398113015, "gamma": 0.07837378124831076, "lamda": 0.10655246567493233}, "datetime": {"datetime": "2021-09-23 10:37:43", "elapsed": 88.875037, "delta": 0.74605}}
{"target": 0.9145679205364187, "params": {"C": 322.65344263235187, "epsilon": 0.11174812423367438, "gamma": 0.08211947031598804, "lamda": 0.09137109877983397}, "datetime": {"datetime": "2021-09-23 10:37:44", "elapsed": 89.682499, "delta": 0.807462}}
{"target": 0.915322210474177, "params": {"C": 374.9093739760007, "epsilon": 0.3266111435747229, "gamma": 0.08623442207163484, "lamda": 0.072672029322402}, "datetime": {"datetime": "2021-09-23 10:37:45", "elapsed": 90.488613, "delta": 0.806114}}
{"target": 0.915852846979425, "params": {"C": 336.90785259256813, "epsilon": 0.20506129438907714, "gamma": 0.06460466851580751, "lamda": 0.07245522095026764}, "datetime": {"datetime": "2021-09-23 10:37:46", "elapsed": 91.243075, "delta": 0.754462}}
{"target": 0.9162048164283071, "params": {"C": 394.19744066720006, "epsilon": 0.30442377850455626, "gamma": 0.06376399523238972, "lamda": 0.0778387027181035}, "datetime": {"datetime": "2021-09-23 10:37:46", "elapsed": 92.097182, "delta": 0.854107}}
{"target": 0.9158118247394115, "params": {"C": 335.47884284960327, "epsilon": 0.3061529098754107, "gamma": 0.0729323289351172, "lamda": 0.1019197892483202}, "datetime": {"datetime": "2021-09-23 10:37:47", "elapsed": 92.818993, "delta": 0.721811}}
{"target": 0.9149732901469073, "params": {"C": 315.16729666593403, "epsilon": 0.24783398579879026, "gamma": 0.08079502353295429, "lamda": 0.14069654691220562}, "datetime": {"datetime": "2021-09-23 10:37:48", "elapsed": 93.571905, "delta": 0.752912}}
{"target": 0.9155663714114755, "params": {"C": 382.6088689973588, "epsilon": 0.1867058824408605, "gamma": 0.06329008956279564, "lamda": 0.1613939043114408}, "datetime": {"datetime": "2021-09-23 10:37:49", "elapsed": 94.359175, "delta": 0.78727}}
{"target": 0.9147779215928742, "params": {"C": 302.0426834376317, "epsilon": 0.24351922355424843, "gamma": 0.0825103709146521, "lamda": 0.13919465052919008}, "datetime": {"datetime": "2021-09-23 10:37:50", "elapsed": 95.121099, "delta": 0.761924}}
{"target": 0.91556866516289, "params": {"C": 295.8237674502468, "epsilon": 0.13873717303053962, "gamma": 0.08047423066194141, "lamda": 0.1099725533978635}, "datetime": {"datetime": "2021-09-23 10:37:50", "elapsed": 95.910424, "delta": 0.789325}}
{"target": 0.9162758188185435, "params": {"C": 355.2910529568717, "epsilon": 0.16446047573176786, "gamma": 0.06817233940841919, "lamda": 0.11274288583262529}, "datetime": {"datetime": "2021-09-23 10:37:51", "elapsed": 96.6742, "delta": 0.763776}}
{"target": 0.9163833856013625, "params": {"C": 368.34625278121945, "epsilon": 0.3293797800800032, "gamma": 0.06976823677882045, "lamda": 0.04620736846949239}, "datetime": {"datetime": "2021-09-23 10:37:52", "elapsed": 97.455125, "delta": 0.780925}}
{"target": 0.915775085995707, "params": {"C": 326.66805478176417, "epsilon": 0.15633083532536157, "gamma": 0.07674714118302764, "lamda": 0.0793127593113608}, "datetime": {"datetime": "2021-09-23 10:37:53", "elapsed": 98.21512, "delta": 0.759995}}
{"target": 0.9153401599364134, "params": {"C": 378.25841640706744, "epsilon": 0.07894391600235252, "gamma": 0.06575058371636815, "lamda": 0.09910879746417282}, "datetime": {"datetime": "2021-09-23 10:37:53", "elapsed": 99.035969, "delta": 0.820849}}
{"target": 0.9157668002912649, "params": {"C": 379.82268058660713, "epsilon": 0.279053680440043, "gamma": 0.08398579007165266, "lamda": 0.08556976471513218}, "datetime": {"datetime": "2021-09-23 10:37:54", "elapsed": 99.866851, "delta": 0.830882}}
{"target": 0.9156242553963643, "params": {"C": 305.8239239628373, "epsilon": 0.19491989212934124, "gamma": 0.07752367907099217, "lamda": 0.1391825895318332}, "datetime": {"datetime": "2021-09-23 10:37:55", "elapsed": 100.628531, "delta": 0.76168}}
{"target": 0.9141208782657629, "params": {"C": 305.45890884438523, "epsilon": 0.29301968404956735, "gamma": 0.08576038308937678, "lamda": 0.12962499881070366}, "datetime": {"datetime": "2021-09-23 10:37:56", "elapsed": 101.431844, "delta": 0.803313}}
{"target": 0.9156382253635882, "params": {"C": 290.3605403319465, "epsilon": 0.13433740770153468, "gamma": 0.07881565240712972, "lamda": 0.10649275586286644}, "datetime": {"datetime": "2021-09-23 10:37:57", "elapsed": 102.411963, "delta": 0.980119}}
{"target": 0.9163481115610709, "params": {"C": 357.49191409179144, "epsilon": 0.11336361686994238, "gamma": 0.07415035087943453, "lamda": 0.16114582152457801}, "datetime": {"datetime": "2021-09-23 10:37:58", "elapsed": 103.205587, "delta": 0.793624}}
{"target": 0.9157072834821628, "params": {"C": 392.16752547075544, "epsilon": 0.29422692250259663, "gamma": 0.07929994319747176, "lamda": 0.04826754093910507}, "datetime": {"datetime": "2021-09-23 10:37:58", "elapsed": 103.970578, "delta": 0.764991}}
{"target": 0.9160573390407034, "params": {"C": 389.184625265444, "epsilon": 0.2870812360752121, "gamma": 0.0633494931304794, "lamda": 0.08373849167038384}, "datetime": {"datetime": "2021-09-23 10:37:59", "elapsed": 104.968977, "delta": 0.998399}}
{"target": 0.9144661530756135, "params": {"C": 280.40504862115347, "epsilon": 0.10010417583410251, "gamma": 0.08323558740174752, "lamda": 0.10235681815438473}, "datetime": {"datetime": "2021-09-23 10:38:00", "elapsed": 105.865014, "delta": 0.896037}}
{"target": 0.9162411965162359, "params": {"C": 357.4780091520502, "epsilon": 0.11179773073743672, "gamma": 0.06732349959515266, "lamda": 0.1656208888959892}, "datetime": {"datetime": "2021-09-23 10:38:01", "elapsed": 106.721654, "delta": 0.85664}}
{"target": 0.9148435371429033, "params": {"C": 389.16685620510395, "epsilon": 0.26653292328738887, "gamma": 0.08716808904915907, "lamda": 0.06802500561330402}, "datetime": {"datetime": "2021-09-23 10:38:02", "elapsed": 107.793025, "delta": 1.071371}}
{"target": 0.9144410361295887, "params": {"C": 288.76352760378774, "epsilon": 0.3168529398681615, "gamma": 0.08719088798807167, "lamda": 0.08552150119932822}, "datetime": {"datetime": "2021-09-23 10:38:03", "elapsed": 108.603035, "delta": 0.81001}}
{"target": 0.9147140308673005, "params": {"C": 339.2619532782183, "epsilon": 0.28488439516876696, "gamma": 0.06068028171221602, "lamda": 0.07660070326377104}, "datetime": {"datetime": "2021-09-23 10:38:04", "elapsed": 109.449466, "delta": 0.846431}}
{"target": 0.9135916687026109, "params": {"C": 296.4290430019894, "epsilon": 0.3250385803512762, "gamma": 0.06017046761253049, "lamda": 0.07856436456575253}, "datetime": {"datetime": "2021-09-23 10:38:05", "elapsed": 110.293443, "delta": 0.843977}}
{"target": 0.9158870066154385, "params": {"C": 395.2855297734614, "epsilon": 0.33039823843812366, "gamma": 0.07778003704059339, "lamda": 0.10099342802337806}, "datetime": {"datetime": "2021-09-23 10:38:06", "elapsed": 111.234664, "delta": 0.941221}}
{"target": 0.9165200029214489, "params": {"C": 373.8683094958579, "epsilon": 0.3073032482446001, "gamma": 0.07676311683315547, "lamda": 0.08538837142447742}, "datetime": {"datetime": "2021-09-23 10:38:07", "elapsed": 112.112706, "delta": 0.878042}}
{"target": 0.9159493386330668, "params": {"C": 353.6239544669835, "epsilon": 0.21628538975535, "gamma": 0.07651741848163203, "lamda": 0.05975835931319917}, "datetime": {"datetime": "2021-09-23 10:38:07", "elapsed": 112.976681, "delta": 0.863975}}
{"target": 0.9124397525687773, "params": {"C": 291.52099253919994, "epsilon": 0.32981618209084923, "gamma": 0.0827975116403257, "lamda": 0.16314804419938372}, "datetime": {"datetime": "2021-09-23 10:38:08", "elapsed": 113.810653, "delta": 0.833972}}
{"target": 0.9158737542754688, "params": {"C": 313.4208564686062, "epsilon": 0.3305149715774019, "gamma": 0.07554501229096693, "lamda": 0.06637866101906623}, "datetime": {"datetime": "2021-09-23 10:38:09", "elapsed": 114.651654, "delta": 0.841001}}
{"target": 0.9149429633708158, "params": {"C": 326.68325233671186, "epsilon": 0.3377759679384325, "gamma": 0.0795845976679695, "lamda": 0.11256554372923636}, "datetime": {"datetime": "2021-09-23 10:38:10", "elapsed": 115.504682, "delta": 0.853028}}
{"target": 0.9169989921225163, "params": {"C": 398.09961978384655, "epsilon": 0.18929234274959517, "gamma": 0.07023222808377409, "lamda": 0.10381107358373033}, "datetime": {"datetime": "2021-09-23 10:38:11", "elapsed": 116.560649, "delta": 1.055967}}
{"target": 0.9166051480019268, "params": {"C": 398.0854944906571, "epsilon": 0.2149044422835688, "gamma": 0.0783340915635404, "lamda": 0.09209784249963567}, "datetime": {"datetime": "2021-09-23 10:38:12", "elapsed": 117.901975, "delta": 1.341326}}
{"target": 0.9149254865090899, "params": {"C": 398.0880868919944, "epsilon": 0.18234148744416537, "gamma": 0.0882628617231582, "lamda": 0.11792314161243718}, "datetime": {"datetime": "2021-09-23 10:38:13", "elapsed": 119.000878, "delta": 1.098903}}
{"target": 0.9168789742192607, "params": {"C": 398.1274947379772, "epsilon": 0.2088104180417718, "gamma": 0.07637649786006534, "lamda": 0.10851956545129718}, "datetime": {"datetime": "2021-09-23 10:38:14", "elapsed": 120.002885, "delta": 1.002007}}
{"target": 0.9093199892986048, "params": {"C": 311.0217023087444, "epsilon": 0.0916546645589095, "gamma": 0.08959172232891159, "lamda": 0.05644035393879848}, "datetime": {"datetime": "2021-09-23 10:38:15", "elapsed": 120.991153, "delta": 0.988268}}
{"target": 0.9143477506717157, "params": {"C": 398.0888298416155, "epsilon": 0.18501684808006627, "gamma": 0.08033722245082711, "lamda": 0.05294807757539603}, "datetime": {"datetime": "2021-09-23 10:38:17", "elapsed": 122.107164, "delta": 1.116011}}
{"target": 0.9153455761785323, "params": {"C": 291.36237795706296, "epsilon": 0.17017962296322536, "gamma": 0.07299607031741895, "lamda": 0.16192547414923616}, "datetime": {"datetime": "2021-09-23 10:38:17", "elapsed": 122.9938, "delta": 0.886636}}
{"target": 0.9148409230649477, "params": {"C": 330.6757323540603, "epsilon": 0.15135620275568673, "gamma": 0.08552494321822514, "lamda": 0.11459929646721488}, "datetime": {"datetime": "2021-09-23 10:38:18", "elapsed": 123.886834, "delta": 0.893034}}
{"target": 0.915467932917509, "params": {"C": 295.36104983938804, "epsilon": 0.10866904105640662, "gamma": 0.06350359217158165, "lamda": 0.11777911989953478}, "datetime": {"datetime": "2021-09-23 10:38:19", "elapsed": 124.836767, "delta": 0.949933}}
{"target": 0.9169030235432697, "params": {"C": 395.25652860243883, "epsilon": 0.300083973619194, "gamma": 0.07143696382681282, "lamda": 0.06477600647788591}, "datetime": {"datetime": "2021-09-23 10:38:20", "elapsed": 125.951843, "delta": 1.115076}}
{"target": 0.9157202471142094, "params": {"C": 395.2575913343538, "epsilon": 0.31871576412244185, "gamma": 0.08186915680890627, "lamda": 0.05402238602042439}, "datetime": {"datetime": "2021-09-23 10:38:22", "elapsed": 127.23483, "delta": 1.282987}}
{"target": 0.9165467198394845, "params": {"C": 399.15493297046066, "epsilon": 0.26827772170421615, "gamma": 0.0758987002813927, "lamda": 0.10735684232425088}, "datetime": {"datetime": "2021-09-23 10:38:23", "elapsed": 128.413443, "delta": 1.178613}}
{"target": 0.9163382522188328, "params": {"C": 395.2311168690261, "epsilon": 0.29170859526932624, "gamma": 0.06710208406461408, "lamda": 0.10062308744947976}, "datetime": {"datetime": "2021-09-23 10:38:24", "elapsed": 129.490601, "delta": 1.077158}}
{"target": 0.9165249471931367, "params": {"C": 395.26650598573553, "epsilon": 0.27450480518719467, "gamma": 0.06607693844228525, "lamda": 0.09141356075876005}, "datetime": {"datetime": "2021-09-23 10:38:25", "elapsed": 130.767329, "delta": 1.276728}}
{"target": 0.9159984491201625, "params": {"C": 361.49280810050533, "epsilon": 0.12767242484719793, "gamma": 0.08036063302507142, "lamda": 0.15511611877086823}, "datetime": {"datetime": "2021-09-23 10:38:26", "elapsed": 131.644457, "delta": 0.877128}}
{"target": 0.916197315434015, "params": {"C": 358.01194629246237, "epsilon": 0.1878209773409869, "gamma": 0.06638531419515858, "lamda": 0.111991685528795}, "datetime": {"datetime": "2021-09-23 10:38:27", "elapsed": 132.578567, "delta": 0.93411}}
{"target": 0.9158644513948433, "params": {"C": 353.0321655479865, "epsilon": 0.16382740033870394, "gamma": 0.08084291761449186, "lamda": 0.1659644606806538}, "datetime": {"datetime": "2021-09-23 10:38:28", "elapsed": 133.479421, "delta": 0.900854}}
{"target": 0.9143121819258877, "params": {"C": 381.6732153950825, "epsilon": 0.3006476093883046, "gamma": 0.06758954794230665, "lamda": 0.14307183889729286}, "datetime": {"datetime": "2021-09-23 10:38:29", "elapsed": 134.452385, "delta": 0.972964}}
{"target": 0.9162702021716506, "params": {"C": 389.21631821791, "epsilon": 0.3191197279581485, "gamma": 0.07831557613208431, "lamda": 0.055604136244332}, "datetime": {"datetime": "2021-09-23 10:38:30", "elapsed": 135.592078, "delta": 1.139693}}
{"target": 0.9147307340809061, "params": {"C": 399.19310351459933, "epsilon": 0.2634950074630331, "gamma": 0.06783785974458, "lamda": 0.15484463755806738}, "datetime": {"datetime": "2021-09-23 10:38:31", "elapsed": 136.92324, "delta": 1.331162}}
{"target": 0.9139508220988332, "params": {"C": 296.9114284104315, "epsilon": 0.22554352360744076, "gamma": 0.08752370440912807, "lamda": 0.059806090568068765}, "datetime": {"datetime": "2021-09-23 10:38:32", "elapsed": 137.930654, "delta": 1.007414}}
{"target": 0.9163243549076747, "params": {"C": 387.836634938317, "epsilon": 0.23383053314977517, "gamma": 0.06530608810545989, "lamda": 0.07398080061407807}, "datetime": {"datetime": "2021-09-23 10:38:33", "elapsed": 138.887228, "delta": 0.956574}}
{"target": 0.9150151953015327, "params": {"C": 292.3857144115869, "epsilon": 0.10170626702249203, "gamma": 0.07917275619793032, "lamda": 0.09121122377299515}, "datetime": {"datetime": "2021-09-23 10:38:34", "elapsed": 139.838041, "delta": 0.950813}}
{"target": 0.9168200563160485, "params": {"C": 399.13628075106993, "epsilon": 0.21255003083131774, "gamma": 0.06842195683239012, "lamda": 0.11689855633353675}, "datetime": {"datetime": "2021-09-23 10:38:35", "elapsed": 141.029132, "delta": 1.191091}}
{"target": 0.9162133141829635, "params": {"C": 399.1401541416076, "epsilon": 0.21125554461060597, "gamma": 0.07850973164845587, "lamda": 0.07743266031510018}, "datetime": {"datetime": "2021-09-23 10:38:36", "elapsed": 142.067301, "delta": 1.038169}}
{"target": 0.9170233102450551, "params": {"C": 398.1579097429721, "epsilon": 0.22757846014616545, "gamma": 0.07080474277620433, "lamda": 0.0921600193670337}, "datetime": {"datetime": "2021-09-23 10:38:38", "elapsed": 143.208554, "delta": 1.141253}}
