{"target": 0.9153353239240806, "params": {"C": 666.086748603885, "epsilon": 0.11203762036920312, "gamma": 0.026043509890688363, "lamda": 0.28857700299693045}, "datetime": {"datetime": "2021-09-23 22:12:33", "elapsed": 185.231807, "delta": 1.558965}}
{"target": 0.9115308277929355, "params": {"C": 666.1624229819014, "epsilon": 0.05196988561225283, "gamma": 0.05978437224390285, "lamda": 0.025252566755337786}, "datetime": {"datetime": "2021-09-23 22:12:35", "elapsed": 187.248818, "delta": 2.017011}}
{"target": 0.9181484660365496, "params": {"C": 665.4916256141486, "epsilon": 0.11497704501072296, "gamma": 0.05999198020767161, "lamda": 0.28162556611494305}, "datetime": {"datetime": "2021-09-23 22:12:36", "elapsed": 188.556819, "delta": 1.308001}}
{"target": 0.8939941716423347, "params": {"C": 665.472567365968, "epsilon": 0.0655422118520817, "gamma": 0.010800280856178146, "lamda": 0.2443124108859776}, "datetime": {"datetime": "2021-09-23 22:12:38", "elapsed": 190.035353, "delta": 1.478534}}
{"target": 0.9110612220037964, "params": {"C": 588.7771278859304, "epsilon": 0.10779638748941558, "gamma": 0.0691834446578232, "lamda": 0.03751760977264476}, "datetime": {"datetime": "2021-09-23 22:12:39", "elapsed": 191.228273, "delta": 1.19292}}
{"target": 0.9207076189774354, "params": {"C": 665.5216978944501, "epsilon": 0.06634267593588863, "gamma": 0.058324627773492496, "lamda": 0.31508166442611135}, "datetime": {"datetime": "2021-09-23 22:12:40", "elapsed": 192.739274, "delta": 1.511001}}
{"target": 0.9036955699209536, "params": {"C": 564.2029724463287, "epsilon": 0.3899045713864021, "gamma": 0.0359921406348379, "lamda": 0.37422611348436186}, "datetime": {"datetime": "2021-09-23 22:12:42", "elapsed": 193.867872, "delta": 1.128598}}
{"target": 0.9127212727201213, "params": {"C": 613.3446654425753, "epsilon": 0.3222796913815411, "gamma": 0.06104988643645028, "lamda": 0.22316095432334992}, "datetime": {"datetime": "2021-09-23 22:12:43", "elapsed": 195.091408, "delta": 1.223536}}
{"target": 0.9025556130392196, "params": {"C": 569.201312299235, "epsilon": 0.1689221104619052, "gamma": 0.017007184343163298, "lamda": 0.23331095071931504}, "datetime": {"datetime": "2021-09-23 22:12:44", "elapsed": 196.167952, "delta": 1.076544}}
{"target": 0.9175054909930679, "params": {"C": 584.7196063620424, "epsilon": 0.05316175077787768, "gamma": 0.06577812221588654, "lamda": 0.13292194718026099}, "datetime": {"datetime": "2021-09-23 22:12:45", "elapsed": 197.793629, "delta": 1.625677}}
{"target": 0.9198470096901076, "params": {"C": 666.0402933075796, "epsilon": 0.07536916715638349, "gamma": 0.061677226687096846, "lamda": 0.2702492185955487}, "datetime": {"datetime": "2021-09-23 22:12:47", "elapsed": 199.117562, "delta": 1.323933}}
{"target": 0.920217769336399, "params": {"C": 629.5999500618805, "epsilon": 0.039723691584365554, "gamma": 0.0591986765786238, "lamda": 0.12611172047824296}, "datetime": {"datetime": "2021-09-23 22:12:48", "elapsed": 200.47106, "delta": 1.353498}}
{"target": 0.9276786194635094, "params": {"C": 584.8508983697494, "epsilon": 0.072579660351561, "gamma": 0.04355236655482904, "lamda": 0.13366341979801996}, "datetime": {"datetime": "2021-09-23 22:12:49", "elapsed": 201.802902, "delta": 1.331842}}
{"target": 0.8972173806251951, "params": {"C": 666.4325939206258, "epsilon": 0.10095556355024894, "gamma": 0.011676604166211442, "lamda": 0.13885899283782444}, "datetime": {"datetime": "2021-09-23 22:12:51", "elapsed": 203.41862, "delta": 1.615718}}
{"target": 0.9127789598990402, "params": {"C": 651.8660101256316, "epsilon": 0.23719352630289625, "gamma": 0.050721266050142856, "lamda": 0.35249065111661143}, "datetime": {"datetime": "2021-09-23 22:12:52", "elapsed": 204.56062, "delta": 1.142}}
{"target": 0.8997270814961212, "params": {"C": 647.514932865578, "epsilon": 0.4532827704472492, "gamma": 0.022770628390317182, "lamda": 0.21483746020791367}, "datetime": {"datetime": "2021-09-23 22:12:53", "elapsed": 205.593156, "delta": 1.032536}}
{"target": 0.9058593119783914, "params": {"C": 641.2902069349832, "epsilon": 0.36708362343904744, "gamma": 0.05168583522898372, "lamda": 0.38711855849264687}, "datetime": {"datetime": "2021-09-23 22:12:54", "elapsed": 206.705396, "delta": 1.11224}}
{"target": 0.8836408419237841, "params": {"C": 677.0915192438531, "epsilon": 0.8586228929876127, "gamma": 0.02517909588461329, "lamda": 0.3140453097601589}, "datetime": {"datetime": "2021-09-23 22:12:55", "elapsed": 207.827179, "delta": 1.121783}}
{"target": 0.9256989410234819, "params": {"C": 584.4794504825201, "epsilon": 0.17670609487813663, "gamma": 0.04695838035050578, "lamda": 0.10072062944434662}, "datetime": {"datetime": "2021-09-23 22:12:57", "elapsed": 209.182373, "delta": 1.355194}}
{"target": 0.9208539170093486, "params": {"C": 665.5648084804272, "epsilon": 0.040600793539772084, "gamma": 0.06070909190423582, "lamda": 0.22994760627629057}, "datetime": {"datetime": "2021-09-23 22:12:58", "elapsed": 210.521818, "delta": 1.339445}}
{"target": 0.9182471039358768, "params": {"C": 571.1392855130393, "epsilon": 0.5888045107378427, "gamma": 0.06504740881825616, "lamda": 0.0482610410932755}, "datetime": {"datetime": "2021-09-23 22:12:59", "elapsed": 211.571872, "delta": 1.050054}}
{"target": 0.9039476355928263, "params": {"C": 684.7957936728963, "epsilon": 0.6185763598343774, "gamma": 0.02061217621091978, "lamda": 0.09350671556013719}, "datetime": {"datetime": "2021-09-23 22:13:00", "elapsed": 212.594868, "delta": 1.022996}}
{"target": 0.9242571308199489, "params": {"C": 565.4821430144835, "epsilon": 0.14390770004376757, "gamma": 0.04834551239586066, "lamda": 0.14850622628340052}, "datetime": {"datetime": "2021-09-23 22:13:01", "elapsed": 213.737239, "delta": 1.142371}}
{"target": 0.9224125230488149, "params": {"C": 665.4687331804545, "epsilon": 0.0628247473379448, "gamma": 0.03206577736538096, "lamda": 0.337267488262243}, "datetime": {"datetime": "2021-09-23 22:13:03", "elapsed": 215.232354, "delta": 1.495115}}
{"target": 0.9285269880367019, "params": {"C": 629.7062767201384, "epsilon": 0.050165489149519335, "gamma": 0.0382994610222516, "lamda": 0.1177235732554721}, "datetime": {"datetime": "2021-09-23 22:13:04", "elapsed": 216.594134, "delta": 1.36178}}
{"target": 0.9275828749192281, "params": {"C": 553.4367485516002, "epsilon": 0.05107776215064894, "gamma": 0.04528761907505744, "lamda": 0.10399296669338406}, "datetime": {"datetime": "2021-09-23 22:13:05", "elapsed": 217.819957, "delta": 1.225823}}
{"target": 0.9243827087271134, "params": {"C": 662.1833444845337, "epsilon": 0.115685748993414, "gamma": 0.05365184437828765, "lamda": 0.13475468528303067}, "datetime": {"datetime": "2021-09-23 22:13:07", "elapsed": 218.861957, "delta": 1.042}}
{"target": 0.9033449879676708, "params": {"C": 584.4705734059471, "epsilon": 0.21417253540008027, "gamma": 0.01589503161282233, "lamda": 0.13127479171847348}, "datetime": {"datetime": "2021-09-23 22:13:08", "elapsed": 220.090491, "delta": 1.228534}}
{"target": 0.8884750249250596, "params": {"C": 584.2688891027385, "epsilon": 0.7698049723452728, "gamma": 0.03538959043808588, "lamda": 0.3897190800849119}, "datetime": {"datetime": "2021-09-23 22:13:09", "elapsed": 221.172349, "delta": 1.081858}}
{"target": 0.9100515881361367, "params": {"C": 665.2596609799673, "epsilon": 0.17942904401145532, "gamma": 0.0184932892387578, "lamda": 0.10917651542141324}, "datetime": {"datetime": "2021-09-23 22:13:10", "elapsed": 222.580353, "delta": 1.408004}}
{"target": 0.9189548669509225, "params": {"C": 584.3980186314733, "epsilon": 0.12986445675122302, "gamma": 0.06531031450585373, "lamda": 0.15604724149103688}, "datetime": {"datetime": "2021-09-23 22:13:12", "elapsed": 223.883591, "delta": 1.303238}}
{"target": 0.9218285139160006, "params": {"C": 666.3832163405677, "epsilon": 0.10857757143665872, "gamma": 0.05594956687783869, "lamda": 0.20440269381729748}, "datetime": {"datetime": "2021-09-23 22:13:13", "elapsed": 225.808932, "delta": 1.925341}}
{"target": 0.9284532928401901, "params": {"C": 629.4785132360701, "epsilon": 0.0622447126110099, "gamma": 0.04223783681625495, "lamda": 0.08875472718496316}, "datetime": {"datetime": "2021-09-23 22:13:15", "elapsed": 227.259928, "delta": 1.450996}}
{"target": 0.8938433603214351, "params": {"C": 617.8475788428057, "epsilon": 0.8845577604014204, "gamma": 0.06726095454254982, "lamda": 0.2664105709497139}, "datetime": {"datetime": "2021-09-23 22:13:16", "elapsed": 228.824926, "delta": 1.564998}}
{"target": 0.9174057060700702, "params": {"C": 665.2046101300205, "epsilon": 0.11681203922732618, "gamma": 0.06918626017442175, "lamda": 0.13927659070572893}, "datetime": {"datetime": "2021-09-23 22:13:18", "elapsed": 230.284927, "delta": 1.460001}}
{"target": 0.912009253575826, "params": {"C": 688.539843578381, "epsilon": 0.35334958591303156, "gamma": 0.03294353803791373, "lamda": 0.2105446967346407}, "datetime": {"datetime": "2021-09-23 22:13:19", "elapsed": 231.546037, "delta": 1.26111}}
{"target": 0.9196376074045222, "params": {"C": 642.4728228087783, "epsilon": 0.905792366489505, "gamma": 0.026419496068691997, "lamda": 0.0028421042458847186}, "datetime": {"datetime": "2021-09-23 22:13:21", "elapsed": 232.86604, "delta": 1.320003}}
{"target": 0.901216758228393, "params": {"C": 643.2675369400943, "epsilon": 0.7779513838105001, "gamma": 0.03301129464586619, "lamda": 0.20481887528168644}, "datetime": {"datetime": "2021-09-23 22:13:22", "elapsed": 234.03004, "delta": 1.164}}
{"target": 0.9261203527321688, "params": {"C": 666.2442302208339, "epsilon": 0.09711893685767702, "gamma": 0.0307377105705509, "lamda": 0.044031915866761806}, "datetime": {"datetime": "2021-09-23 22:13:23", "elapsed": 235.646038, "delta": 1.615998}}
{"target": 0.9215528726220894, "params": {"C": 598.505699732887, "epsilon": 0.15604013606188918, "gamma": 0.028239496966688267, "lamda": 0.10349314056274374}, "datetime": {"datetime": "2021-09-23 22:13:25", "elapsed": 236.857038, "delta": 1.211}}
{"target": 0.8954614457337391, "params": {"C": 584.831393809626, "epsilon": 0.14750237875078065, "gamma": 0.011879853277277627, "lamda": 0.1337071728729082}, "datetime": {"datetime": "2021-09-23 22:13:26", "elapsed": 238.174036, "delta": 1.316998}}
{"target": 0.9260996829205838, "params": {"C": 665.3541811602984, "epsilon": 0.05797841482290575, "gamma": 0.046226689358267785, "lamda": 0.24527976670327162}, "datetime": {"datetime": "2021-09-23 22:13:28", "elapsed": 239.905289, "delta": 1.731253}}
{"target": 0.9171368899619837, "params": {"C": 666.0297232736144, "epsilon": 0.10328141962034083, "gamma": 0.06540446093763502, "lamda": 0.26691250025834967}, "datetime": {"datetime": "2021-09-23 22:13:29", "elapsed": 241.365212, "delta": 1.459923}}
{"target": 0.9260199789423311, "params": {"C": 584.6368634166873, "epsilon": 0.17183324007124443, "gamma": 0.04987158061002762, "lamda": 0.08240919865674601}, "datetime": {"datetime": "2021-09-23 22:13:31", "elapsed": 243.176344, "delta": 1.811132}}
{"target": 0.9222729797744529, "params": {"C": 665.3819291835321, "epsilon": 0.08499047674924509, "gamma": 0.044967121849735066, "lamda": 0.3183109363892143}, "datetime": {"datetime": "2021-09-23 22:13:32", "elapsed": 244.803855, "delta": 1.627511}}
{"target": 0.9180422894700323, "params": {"C": 553.4877965354169, "epsilon": 0.12536691021183555, "gamma": 0.06450655371431725, "lamda": 0.21197228765401263}, "datetime": {"datetime": "2021-09-23 22:13:34", "elapsed": 246.478225, "delta": 1.67437}}
{"target": 0.9007092400755671, "params": {"C": 608.7446474453043, "epsilon": 0.8689558899552464, "gamma": 0.03991076940820488, "lamda": 0.21928658974679768}, "datetime": {"datetime": "2021-09-23 22:13:35", "elapsed": 247.73229, "delta": 1.254065}}
{"target": 0.9006355702390411, "params": {"C": 674.6482755613683, "epsilon": 0.4501279224740865, "gamma": 0.06925388723128682, "lamda": 0.34122235652654853}, "datetime": {"datetime": "2021-09-23 22:13:37", "elapsed": 248.920892, "delta": 1.188602}}
{"target": 0.9230945472864185, "params": {"C": 584.4128163368222, "epsilon": 0.2280522410053233, "gamma": 0.02791401281647128, "lamda": 0.03917415292085285}, "datetime": {"datetime": "2021-09-23 22:13:38", "elapsed": 250.537702, "delta": 1.61681}}
{"target": 0.896976829624599, "params": {"C": 654.6206471387627, "epsilon": 0.8179732043622379, "gamma": 0.05077892836585951, "lamda": 0.2910764569900695}, "datetime": {"datetime": "2021-09-23 22:13:40", "elapsed": 251.989339, "delta": 1.451637}}
{"target": 0.9230610647648305, "params": {"C": 550.5090010514344, "epsilon": 0.12297416363839718, "gamma": 0.053106049574676795, "lamda": 0.17225873856662927}, "datetime": {"datetime": "2021-09-23 22:13:41", "elapsed": 253.136337, "delta": 1.146998}}
{"target": 0.901291870727171, "params": {"C": 584.503715429557, "epsilon": 0.17821306766893233, "gamma": 0.012859248940479023, "lamda": 0.045016711028701334}, "datetime": {"datetime": "2021-09-23 22:13:42", "elapsed": 254.593222, "delta": 1.456885}}
{"target": 0.9227658866544042, "params": {"C": 553.0348686765004, "epsilon": 0.1345416757995429, "gamma": 0.05083599102098861, "lamda": 0.18303792919817008}, "datetime": {"datetime": "2021-09-23 22:13:44", "elapsed": 256.317343, "delta": 1.724121}}
{"target": 0.9154894723750876, "params": {"C": 558.3598980988662, "epsilon": 0.5248416812960333, "gamma": 0.06082391713066613, "lamda": 0.1044609914273352}, "datetime": {"datetime": "2021-09-23 22:13:45", "elapsed": 257.663339, "delta": 1.345996}}
{"target": 0.9086497796156143, "params": {"C": 666.4198118079141, "epsilon": 0.17339656834429848, "gamma": 0.019666290803352526, "lamda": 0.19356717669778198}, "datetime": {"datetime": "2021-09-23 22:13:47", "elapsed": 259.155349, "delta": 1.49201}}
{"target": 0.894096893057984, "params": {"C": 556.1558988224118, "epsilon": 0.26114421351733064, "gamma": 0.011317018052231925, "lamda": 0.06967605424000176}, "datetime": {"datetime": "2021-09-23 22:13:48", "elapsed": 260.425343, "delta": 1.269994}}
{"target": 0.9157380047026499, "params": {"C": 553.0649818201351, "epsilon": 0.15150553550358162, "gamma": 0.02582594768525754, "lamda": 0.20965356836127041}, "datetime": {"datetime": "2021-09-23 22:13:50", "elapsed": 262.024343, "delta": 1.599}}
{"target": 0.9149270391390918, "params": {"C": 636.7699747456146, "epsilon": 0.23435641908216923, "gamma": 0.06620260516889882, "lamda": 0.19368359311872285}, "datetime": {"datetime": "2021-09-23 22:13:51", "elapsed": 263.554341, "delta": 1.529998}}
{"target": 0.926426513900485, "params": {"C": 612.96761852453, "epsilon": 0.11365902581868549, "gamma": 0.03752459875973424, "lamda": 0.12658616511846316}, "datetime": {"datetime": "2021-09-23 22:13:52", "elapsed": 264.834339, "delta": 1.279998}}
{"target": 0.8906436177648571, "params": {"C": 625.7001432164676, "epsilon": 0.2098862450273653, "gamma": 0.01269391680920132, "lamda": 0.2258706608179359}, "datetime": {"datetime": "2021-09-23 22:13:54", "elapsed": 265.959217, "delta": 1.124878}}
{"target": 0.9174390081998054, "params": {"C": 666.4311659372596, "epsilon": 0.08669897299301818, "gamma": 0.06873867756169268, "lamda": 0.18647841416943478}, "datetime": {"datetime": "2021-09-23 22:13:56", "elapsed": 268.036664, "delta": 2.077447}}
{"target": 0.9110641721290924, "params": {"C": 688.0360675790791, "epsilon": 0.5735154209906408, "gamma": 0.02973259303678314, "lamda": 0.11971657020548479}, "datetime": {"datetime": "2021-09-23 22:13:57", "elapsed": 269.243664, "delta": 1.207}}
{"target": 0.9197363774684012, "params": {"C": 665.6869340759242, "epsilon": 0.05198065143394928, "gamma": 0.027061104177657398, "lamda": 0.35350078380044275}, "datetime": {"datetime": "2021-09-23 22:13:59", "elapsed": 270.981306, "delta": 1.737642}}
{"target": 0.924543782065043, "params": {"C": 629.6758582563742, "epsilon": 0.04230151098786543, "gamma": 0.05373843443587823, "lamda": 0.15115895717839067}, "datetime": {"datetime": "2021-09-23 22:14:00", "elapsed": 272.451683, "delta": 1.470377}}
{"target": 0.9059436342135683, "params": {"C": 629.4206535812004, "epsilon": 0.066776344612589, "gamma": 0.01576635262027794, "lamda": 0.04784835106185424}, "datetime": {"datetime": "2021-09-23 22:14:02", "elapsed": 274.599624, "delta": 2.147941}}
{"target": 0.9179186653352392, "params": {"C": 556.1279206340799, "epsilon": 0.18541947584234378, "gamma": 0.06641239282448082, "lamda": 0.04585813265191504}, "datetime": {"datetime": "2021-09-23 22:14:04", "elapsed": 276.0424, "delta": 1.442776}}
{"target": 0.8953995863536954, "params": {"C": 615.9767571476775, "epsilon": 0.988027579060858, "gamma": 0.031209914705645617, "lamda": 0.20730164403035167}, "datetime": {"datetime": "2021-09-23 22:14:05", "elapsed": 277.450399, "delta": 1.407999}}
{"target": 0.9221945651465099, "params": {"C": 612.9326030239661, "epsilon": 0.10887158468365093, "gamma": 0.029888847907094583, "lamda": 0.16651290711982267}, "datetime": {"datetime": "2021-09-23 22:14:07", "elapsed": 278.941259, "delta": 1.49086}}
{"target": 0.9254979453705435, "params": {"C": 665.6088027848776, "epsilon": 0.06613500187628141, "gamma": 0.046794901366528106, "lamda": 0.24222877449331515}, "datetime": {"datetime": "2021-09-23 22:14:08", "elapsed": 280.662449, "delta": 1.72119}}
{"target": 0.920841615690107, "params": {"C": 584.8745477410287, "epsilon": 0.04356582179596885, "gamma": 0.058373493856573984, "lamda": 0.10306560060426498}, "datetime": {"datetime": "2021-09-23 22:14:10", "elapsed": 282.156939, "delta": 1.49449}}
{"target": 0.9273851043235687, "params": {"C": 665.9254238298523, "epsilon": 0.06225977590550027, "gamma": 0.032923801154681485, "lamda": 0.10761737649752115}, "datetime": {"datetime": "2021-09-23 22:14:12", "elapsed": 284.319243, "delta": 2.162304}}
{"target": 0.901889874186806, "params": {"C": 665.3694084099218, "epsilon": 0.03549563177684295, "gamma": 0.013459155921254653, "lamda": 0.27272305258391244}, "datetime": {"datetime": "2021-09-23 22:14:14", "elapsed": 285.994851, "delta": 1.675608}}
{"target": 0.91354940502619, "params": {"C": 682.8252613613388, "epsilon": 0.3691434709727437, "gamma": 0.019763714487383593, "lamda": 0.03467279695962808}, "datetime": {"datetime": "2021-09-23 22:14:16", "elapsed": 287.889016, "delta": 1.894165}}
{"target": 0.9134764030507647, "params": {"C": 629.5209923407735, "epsilon": 0.0670257356348197, "gamma": 0.019083874103150888, "lamda": 0.1132893792422092}, "datetime": {"datetime": "2021-09-23 22:14:17", "elapsed": 289.482616, "delta": 1.5936}}
{"target": 0.9229707290829269, "params": {"C": 638.2521844843271, "epsilon": 0.6306722498829271, "gamma": 0.05410018427307728, "lamda": 0.008949603825385368}, "datetime": {"datetime": "2021-09-23 22:14:19", "elapsed": 291.44301, "delta": 1.960394}}
{"target": 0.8712112751243352, "params": {"C": 570.6163598120887, "epsilon": 0.9066557613141163, "gamma": 0.016501499343136012, "lamda": 0.28026277813654543}, "datetime": {"datetime": "2021-09-23 22:14:20", "elapsed": 292.664209, "delta": 1.221199}}
{"target": 0.9218481404033875, "params": {"C": 665.3557028503332, "epsilon": 0.06022729210205443, "gamma": 0.059272491201198325, "lamda": 0.24413832761448948}, "datetime": {"datetime": "2021-09-23 22:14:22", "elapsed": 294.287433, "delta": 1.623224}}
{"target": 0.9120896477964445, "params": {"C": 629.6663183494122, "epsilon": 0.09334731266427725, "gamma": 0.0188641491326646, "lamda": 0.10711306488163715}, "datetime": {"datetime": "2021-09-23 22:14:24", "elapsed": 296.054908, "delta": 1.767475}}
{"target": 0.888282976343766, "params": {"C": 665.9208874497601, "epsilon": 0.07544458877061266, "gamma": 0.010388690775967237, "lamda": 0.046380520888744295}, "datetime": {"datetime": "2021-09-23 22:14:26", "elapsed": 298.267225, "delta": 2.212317}}
{"target": 0.9187397871404571, "params": {"C": 665.5721775779818, "epsilon": 0.11825083237578955, "gamma": 0.059212183056875874, "lamda": 0.26284454490422776}, "datetime": {"datetime": "2021-09-23 22:14:27", "elapsed": 299.800734, "delta": 1.533509}}
{"target": 0.906013539859951, "params": {"C": 681.3954407458504, "epsilon": 0.8695954284945514, "gamma": 0.01617549865772478, "lamda": 0.021386879150166193}, "datetime": {"datetime": "2021-09-23 22:14:29", "elapsed": 301.800528, "delta": 1.999794}}
{"target": 0.9260420327584491, "params": {"C": 604.1657462878211, "epsilon": 0.04293243332465948, "gamma": 0.04071505288968297, "lamda": 0.3197623223910071}, "datetime": {"datetime": "2021-09-23 22:14:31", "elapsed": 303.059534, "delta": 1.259006}}
{"target": 0.9132858567715887, "params": {"C": 654.9763534122794, "epsilon": 0.5328001993768217, "gamma": 0.04703599159159425, "lamda": 0.1612844200684688}, "datetime": {"datetime": "2021-09-23 22:14:33", "elapsed": 304.87625, "delta": 1.816716}}
{"target": 0.9270364929383275, "params": {"C": 666.0885474957656, "epsilon": 0.04433063398449617, "gamma": 0.04502462748779641, "lamda": 0.25035472521481866}, "datetime": {"datetime": "2021-09-23 22:14:35", "elapsed": 307.082817, "delta": 2.206567}}
{"target": 0.9207765246516547, "params": {"C": 612.9757904085307, "epsilon": 0.18030128826853048, "gamma": 0.05865289488009055, "lamda": 0.1405459146252883}, "datetime": {"datetime": "2021-09-23 22:14:37", "elapsed": 309.132827, "delta": 2.05001}}
{"target": 0.9026658233437738, "params": {"C": 665.5969611206855, "epsilon": 0.08162874374900682, "gamma": 0.014933751280751074, "lamda": 0.2966540037090353}, "datetime": {"datetime": "2021-09-23 22:14:39", "elapsed": 311.458691, "delta": 2.325864}}
{"target": 0.9130855109530918, "params": {"C": 584.6495265514092, "epsilon": 0.14952375896308667, "gamma": 0.021053346928699944, "lamda": 0.12649923170846217}, "datetime": {"datetime": "2021-09-23 22:14:41", "elapsed": 313.122492, "delta": 1.663801}}
{"target": 0.9228456573492929, "params": {"C": 680.188340127905, "epsilon": 0.511838440358819, "gamma": 0.032084512701911067, "lamda": 0.00433587522975978}, "datetime": {"datetime": "2021-09-23 22:14:43", "elapsed": 314.918491, "delta": 1.795999}}
