{"target": -2.034183150847324, "params": {"C": 200.09934743808344, "epsilon": 0.12884928444519056, "gamma": 0.049030987293752964, "lamda": 0.12787312255540548}, "datetime": {"datetime": "2021-09-23 13:27:33", "elapsed": 81.033509, "delta": 0.911999}}
{"target": -2.047399159955893, "params": {"C": 200.1566532128238, "epsilon": 0.05224211808373767, "gamma": 0.050865982639267164, "lamda": 0.23010798934895982}, "datetime": {"datetime": "2021-09-23 13:27:34", "elapsed": 82.022505, "delta": 0.988996}}
{"target": -2.0689467819990086, "params": {"C": 181.01162341460255, "epsilon": 0.07862720097782745, "gamma": 0.041429898882517004, "lamda": 0.22329041767388322}, "datetime": {"datetime": "2021-09-23 13:27:35", "elapsed": 83.11243, "delta": 1.089925}}
{"target": -2.0677395541924017, "params": {"C": 155.29114091232418, "epsilon": 0.8280792618812006, "gamma": 0.09825145367728758, "lamda": 0.026595311235173766}, "datetime": {"datetime": "2021-09-23 13:27:36", "elapsed": 84.110804, "delta": 0.998374}}
{"target": -2.149024790914359, "params": {"C": 189.33171641776033, "epsilon": 0.9968470650439409, "gamma": 0.11341496329181947, "lamda": 0.03955348005510435}, "datetime": {"datetime": "2021-09-23 13:27:37", "elapsed": 85.027521, "delta": 0.916717}}
{"target": -1.999813827913139, "params": {"C": 180.98723511406286, "epsilon": 0.1519683546135018, "gamma": 0.07266717608381323, "lamda": 0.0871395070001156}, "datetime": {"datetime": "2021-09-23 13:27:38", "elapsed": 86.091927, "delta": 1.064406}}
{"target": -2.11380804094134, "params": {"C": 181.00812583490557, "epsilon": 0.04644573980044623, "gamma": 0.06685066174570481, "lamda": 0.0653213807604193}, "datetime": {"datetime": "2021-09-23 13:27:39", "elapsed": 87.39693, "delta": 1.305003}}
{"target": -2.007734603258677, "params": {"C": 181.023046286417, "epsilon": 0.23778678089586283, "gamma": 0.07926205272167107, "lamda": 0.13394039352915288}, "datetime": {"datetime": "2021-09-23 13:27:40", "elapsed": 88.308687, "delta": 0.911757}}
{"target": -1.9812593129775165, "params": {"C": 180.92385661665185, "epsilon": 0.21064120582693746, "gamma": 0.06923161323041822, "lamda": 0.1018125857781614}, "datetime": {"datetime": "2021-09-23 13:27:41", "elapsed": 89.542687, "delta": 1.234}}
{"target": -2.1682434969413604, "params": {"C": 180.92309457077306, "epsilon": 0.29038464117641244, "gamma": 0.12439413974111377, "lamda": 0.09183198955944424}, "datetime": {"datetime": "2021-09-23 13:27:42", "elapsed": 90.442135, "delta": 0.899448}}
{"target": -2.1431239485294866, "params": {"C": 211.1407973561351, "epsilon": 0.6744874698832138, "gamma": 0.10644744832555492, "lamda": 0.013820252785256823}, "datetime": {"datetime": "2021-09-23 13:27:43", "elapsed": 91.299134, "delta": 0.856999}}
{"target": -2.030156753221771, "params": {"C": 180.89716530924983, "epsilon": 0.12015131331627471, "gamma": 0.07754396879804351, "lamda": 0.06662086983039524}, "datetime": {"datetime": "2021-09-23 13:27:44", "elapsed": 92.537103, "delta": 1.237969}}
{"target": -2.1242502272789388, "params": {"C": 199.3609337688494, "epsilon": 0.2684163153699055, "gamma": 0.10181097577014758, "lamda": 0.19625962601278654}, "datetime": {"datetime": "2021-09-23 13:27:45", "elapsed": 93.408753, "delta": 0.87165}}
{"target": -2.088864139074795, "params": {"C": 181.00143900946148, "epsilon": 0.06166905032988854, "gamma": 0.05379080076828038, "lamda": 0.06640435094373895}, "datetime": {"datetime": "2021-09-23 13:27:46", "elapsed": 94.333934, "delta": 0.925181}}
{"target": -2.052592852398512, "params": {"C": 180.83478044126576, "epsilon": 0.21325152254100735, "gamma": 0.0670609340666177, "lamda": 0.035471492246174866}, "datetime": {"datetime": "2021-09-23 13:27:47", "elapsed": 95.270538, "delta": 0.936604}}
{"target": -2.0611494221945663, "params": {"C": 180.8993354244967, "epsilon": 0.22991449768813646, "gamma": 0.04987812010069644, "lamda": 0.2106512009337302}, "datetime": {"datetime": "2021-09-23 13:27:48", "elapsed": 96.524641, "delta": 1.254103}}
{"target": -2.1319027932883907, "params": {"C": 261.8570654598893, "epsilon": 0.25726702864783274, "gamma": 0.07985888448341688, "lamda": 0.2970749457878637}, "datetime": {"datetime": "2021-09-23 13:27:50", "elapsed": 97.914216, "delta": 1.389575}}
{"target": -1.9908262623899462, "params": {"C": 199.0224291663907, "epsilon": 0.08832601513055749, "gamma": 0.061410208564713936, "lamda": 0.2128105588551866}, "datetime": {"datetime": "2021-09-23 13:27:51", "elapsed": 99.466511, "delta": 1.552295}}
{"target": -2.0516590267363695, "params": {"C": 154.75332424838479, "epsilon": 0.8536712307692992, "gamma": 0.05714747365822932, "lamda": 0.011373492410086871}, "datetime": {"datetime": "2021-09-23 13:27:53", "elapsed": 101.339793, "delta": 1.873282}}
{"target": -2.1238690189411726, "params": {"C": 181.06195426477905, "epsilon": 0.16472207964224936, "gamma": 0.08582688926249829, "lamda": 0.01298958562141058}, "datetime": {"datetime": "2021-09-23 13:27:55", "elapsed": 103.032273, "delta": 1.69248}}
{"target": -2.256569952058363, "params": {"C": 149.7270738997725, "epsilon": 0.6868806541865731, "gamma": 0.12954283089021798, "lamda": 0.14878685182360946}, "datetime": {"datetime": "2021-09-23 13:27:57", "elapsed": 104.856831, "delta": 1.824558}}
{"target": -2.1763017028083125, "params": {"C": 219.07206151705356, "epsilon": 0.5474642637216425, "gamma": 0.10187460655520435, "lamda": 0.14462532432370465}, "datetime": {"datetime": "2021-09-23 13:27:59", "elapsed": 106.848605, "delta": 1.991774}}
{"target": -2.1857607605682023, "params": {"C": 180.93997827896624, "epsilon": 0.14019158772599097, "gamma": 0.12076392393559823, "lamda": 0.07519320895007998}, "datetime": {"datetime": "2021-09-23 13:28:00", "elapsed": 108.287791, "delta": 1.439186}}
{"target": -2.048591300688435, "params": {"C": 199.06682145938754, "epsilon": 0.04377848569044463, "gamma": 0.05384680185959592, "lamda": 0.19498400350949738}, "datetime": {"datetime": "2021-09-23 13:28:02", "elapsed": 110.548557, "delta": 2.260766}}
{"target": -2.1143706197300847, "params": {"C": 199.0946725753467, "epsilon": 0.13165907109315245, "gamma": 0.04082093244635388, "lamda": 0.027645190061683082}, "datetime": {"datetime": "2021-09-23 13:28:05", "elapsed": 112.947036, "delta": 2.398479}}
{"target": -2.110013500060931, "params": {"C": 234.358059580708, "epsilon": 0.15621782793321146, "gamma": 0.10063595555424522, "lamda": 0.24066216554806188}, "datetime": {"datetime": "2021-09-23 13:28:06", "elapsed": 114.656703, "delta": 1.709667}}
{"target": -2.0479679936950643, "params": {"C": 106.30062209659552, "epsilon": 0.7299385097742024, "gamma": 0.053428321313884884, "lamda": 0.03108562995045861}, "datetime": {"datetime": "2021-09-23 13:28:08", "elapsed": 116.209585, "delta": 1.552882}}
{"target": -2.1448100613321186, "params": {"C": 106.20024487327737, "epsilon": 0.7175090060628057, "gamma": 0.09299603714114975, "lamda": 0.1252076452225484}, "datetime": {"datetime": "2021-09-23 13:28:10", "elapsed": 118.217802, "delta": 2.008217}}
{"target": -2.0013699058795553, "params": {"C": 180.85312477241456, "epsilon": 0.2393461340790401, "gamma": 0.06656977638038736, "lamda": 0.13892211668147375}, "datetime": {"datetime": "2021-09-23 13:28:13", "elapsed": 121.298162, "delta": 3.08036}}
{"target": -1.98503544485184, "params": {"C": 181.02824760377712, "epsilon": 0.14912267003420196, "gamma": 0.07297915630100632, "lamda": 0.11083747309261817}, "datetime": {"datetime": "2021-09-23 13:28:16", "elapsed": 123.942845, "delta": 2.644683}}
{"target": -2.069032913540467, "params": {"C": 200.1315360631535, "epsilon": 0.050332222230732596, "gamma": 0.04770916028800782, "lamda": 0.13945558840514297}, "datetime": {"datetime": "2021-09-23 13:28:18", "elapsed": 126.574366, "delta": 2.631521}}
{"target": -2.079000503241296, "params": {"C": 219.1310855282547, "epsilon": 0.5478440037676938, "gamma": 0.09692018031188132, "lamda": 0.026345335531833332}, "datetime": {"datetime": "2021-09-23 13:28:20", "elapsed": 128.294487, "delta": 1.720121}}
{"target": -2.114286053428198, "params": {"C": 181.11260911477189, "epsilon": 0.2289894760740042, "gamma": 0.10631630039547593, "lamda": 0.18057861089837726}, "datetime": {"datetime": "2021-09-23 13:28:22", "elapsed": 130.191439, "delta": 1.896952}}
{"target": -2.2081365165212277, "params": {"C": 299.9395881087051, "epsilon": 0.9419623785712571, "gamma": 0.11644243598569437, "lamda": 0.08739784332966924}, "datetime": {"datetime": "2021-09-23 13:28:23", "elapsed": 131.268444, "delta": 1.077005}}
{"target": -2.2793454711774204, "params": {"C": 177.8104324424419, "epsilon": 0.9709463608217961, "gamma": 0.10737053124380613, "lamda": 0.15280172036584302}, "datetime": {"datetime": "2021-09-23 13:28:24", "elapsed": 132.087435, "delta": 0.818991}}
{"target": -2.149663481256338, "params": {"C": 171.08907105391978, "epsilon": 0.18843777505306442, "gamma": 0.12110472449195617, "lamda": 0.11758094916921481}, "datetime": {"datetime": "2021-09-23 13:28:25", "elapsed": 132.98444, "delta": 0.897005}}
{"target": -2.0706174575702736, "params": {"C": 180.7759458354779, "epsilon": 0.11747899115737875, "gamma": 0.04668387584366927, "lamda": 0.07012267093262488}, "datetime": {"datetime": "2021-09-23 13:28:26", "elapsed": 133.970987, "delta": 0.986547}}
{"target": -2.2063575508297038, "params": {"C": 200.06422246365534, "epsilon": 0.047556694021632956, "gamma": 0.12772891724207525, "lamda": 0.22416109207688065}, "datetime": {"datetime": "2021-09-23 13:28:27", "elapsed": 134.943988, "delta": 0.973001}}
{"target": -2.0201265782822073, "params": {"C": 253.88040638557464, "epsilon": 0.20912502548953227, "gamma": 0.058331190170716946, "lamda": 0.1484678739689608}, "datetime": {"datetime": "2021-09-23 13:28:28", "elapsed": 136.029991, "delta": 1.086003}}
{"target": -2.215026878961657, "params": {"C": 192.46473808267208, "epsilon": 0.8796547906681269, "gamma": 0.08741853942876308, "lamda": 0.14205391105610285}, "datetime": {"datetime": "2021-09-23 13:28:29", "elapsed": 136.800987, "delta": 0.770996}}
{"target": -2.0773136336188447, "params": {"C": 253.78410147738302, "epsilon": 0.18523801795585523, "gamma": 0.0938822867735433, "lamda": 0.12311624133825395}, "datetime": {"datetime": "2021-09-23 13:28:30", "elapsed": 137.745985, "delta": 0.944998}}
{"target": -2.2112242412364025, "params": {"C": 271.0147816622647, "epsilon": 0.454954248678615, "gamma": 0.052063661730250656, "lamda": 0.2800338580025426}, "datetime": {"datetime": "2021-09-23 13:28:30", "elapsed": 138.496052, "delta": 0.750067}}
{"target": -2.134785287941459, "params": {"C": 154.7718679224865, "epsilon": 0.796818276327582, "gamma": 0.09799804540194683, "lamda": 0.0880132260861656}, "datetime": {"datetime": "2021-09-23 13:28:31", "elapsed": 139.372052, "delta": 0.876}}
{"target": -2.0336532467020825, "params": {"C": 253.92557766289005, "epsilon": 0.11923111536008285, "gamma": 0.056870904494642494, "lamda": 0.07574281031008982}, "datetime": {"datetime": "2021-09-23 13:28:32", "elapsed": 140.46105, "delta": 1.088998}}
{"target": -2.0774802413015867, "params": {"C": 225.48508826145277, "epsilon": 0.37585946926850794, "gamma": 0.06996524449753701, "lamda": 0.16716349513169068}, "datetime": {"datetime": "2021-09-23 13:28:33", "elapsed": 141.295048, "delta": 0.833998}}
{"target": -2.0141246973662046, "params": {"C": 180.76694006811982, "epsilon": 0.2556256094402797, "gamma": 0.08076223230899005, "lamda": 0.1273686581056205}, "datetime": {"datetime": "2021-09-23 13:28:34", "elapsed": 142.33205, "delta": 1.037002}}
{"target": -2.087031877327885, "params": {"C": 177.78009130294026, "epsilon": 0.3469540811568411, "gamma": 0.10140618433776803, "lamda": 0.08960560160235703}, "datetime": {"datetime": "2021-09-23 13:28:35", "elapsed": 143.218048, "delta": 0.885998}}
{"target": -2.177825650179251, "params": {"C": 180.69296499211868, "epsilon": 0.2748804638874224, "gamma": 0.12698086266450329, "lamda": 0.09798748839133697}, "datetime": {"datetime": "2021-09-23 13:28:36", "elapsed": 144.29205, "delta": 1.074002}}
{"target": -2.0587154609459626, "params": {"C": 180.90764133026607, "epsilon": 0.2408532072819678, "gamma": 0.04209734292902652, "lamda": 0.07886600674199092}, "datetime": {"datetime": "2021-09-23 13:28:37", "elapsed": 145.266053, "delta": 0.974003}}
{"target": -2.0017859865953738, "params": {"C": 180.7997409010759, "epsilon": 0.15729241174139302, "gamma": 0.06166958903541227, "lamda": 0.19315321473181435}, "datetime": {"datetime": "2021-09-23 13:28:38", "elapsed": 146.588056, "delta": 1.322003}}
{"target": -2.0918661226424886, "params": {"C": 180.798428058855, "epsilon": 0.3512914139707048, "gamma": 0.04052908094726547, "lamda": 0.11783874729847604}, "datetime": {"datetime": "2021-09-23 13:28:40", "elapsed": 147.701052, "delta": 1.112996}}
{"target": -2.0471714254109123, "params": {"C": 106.46292089606474, "epsilon": 0.6686239923620282, "gamma": 0.05345807736065021, "lamda": 0.035047350158180335}, "datetime": {"datetime": "2021-09-23 13:28:41", "elapsed": 149.084675, "delta": 1.383623}}
{"target": -2.119141364966247, "params": {"C": 229.15319015298573, "epsilon": 0.19418174887090622, "gamma": 0.09188461989125993, "lamda": 0.279458305937021}, "datetime": {"datetime": "2021-09-23 13:28:42", "elapsed": 149.969293, "delta": 0.884618}}
{"target": -1.9958658806554188, "params": {"C": 199.68375329677042, "epsilon": 0.06276432339764661, "gamma": 0.05917985811747874, "lamda": 0.29635949190444244}, "datetime": {"datetime": "2021-09-23 13:28:43", "elapsed": 151.095578, "delta": 1.126285}}
{"target": -2.222980686606767, "params": {"C": 253.98453127329591, "epsilon": 0.20391672891409074, "gamma": 0.11103795729804616, "lamda": 0.02074213917979673}, "datetime": {"datetime": "2021-09-23 13:28:44", "elapsed": 152.198354, "delta": 1.102776}}
{"target": -2.1394085323604575, "params": {"C": 100.67508103525577, "epsilon": 0.14703706963236446, "gamma": 0.12519715380640759, "lamda": 0.14306781811817257}, "datetime": {"datetime": "2021-09-23 13:28:45", "elapsed": 153.14749, "delta": 0.949136}}
{"target": -2.0028694802268303, "params": {"C": 106.20230845176883, "epsilon": 0.6120663702866069, "gamma": 0.06593809504289776, "lamda": 0.07813626085841596}, "datetime": {"datetime": "2021-09-23 13:28:46", "elapsed": 154.09418, "delta": 0.94669}}
{"target": -2.185870421764451, "params": {"C": 253.86151724930718, "epsilon": 0.19395637298522503, "gamma": 0.1221951645220099, "lamda": 0.11424639277159584}, "datetime": {"datetime": "2021-09-23 13:28:47", "elapsed": 155.472911, "delta": 1.378731}}
{"target": -2.258204574734614, "params": {"C": 114.6058793396462, "epsilon": 0.917699341753463, "gamma": 0.13969992262292946, "lamda": 0.10400988278244146}, "datetime": {"datetime": "2021-09-23 13:28:48", "elapsed": 156.330563, "delta": 0.857652}}
{"target": -2.128974429238003, "params": {"C": 198.76992213036385, "epsilon": 0.8040334050445046, "gamma": 0.04249436627812542, "lamda": 0.0833136315719488}, "datetime": {"datetime": "2021-09-23 13:28:49", "elapsed": 157.180556, "delta": 0.849993}}
{"target": -2.0539985072124565, "params": {"C": 180.73752264906074, "epsilon": 0.19868309009072438, "gamma": 0.05727542307266002, "lamda": 0.26111733112114227}, "datetime": {"datetime": "2021-09-23 13:28:50", "elapsed": 158.218449, "delta": 1.037893}}
{"target": -2.06986000206501, "params": {"C": 180.80814656853101, "epsilon": 0.16703095021364087, "gamma": 0.04050151091739336, "lamda": 0.10922545497641538}, "datetime": {"datetime": "2021-09-23 13:28:51", "elapsed": 159.208935, "delta": 0.990486}}
{"target": -2.1930238339400763, "params": {"C": 256.44718249309653, "epsilon": 0.8837448826474669, "gamma": 0.10146476172157004, "lamda": 0.1037010217047876}, "datetime": {"datetime": "2021-09-23 13:28:52", "elapsed": 160.04787, "delta": 0.838935}}
{"target": -2.0959237945637774, "params": {"C": 222.70659077830584, "epsilon": 0.5601258302412444, "gamma": 0.10056386776598414, "lamda": 0.04423939360662208}, "datetime": {"datetime": "2021-09-23 13:28:53", "elapsed": 160.972882, "delta": 0.925012}}
{"target": -2.052320443168755, "params": {"C": 180.80091877847093, "epsilon": 0.24587355412471779, "gamma": 0.052111494062617204, "lamda": 0.19559252601954935}, "datetime": {"datetime": "2021-09-23 13:28:54", "elapsed": 162.582814, "delta": 1.609932}}
{"target": -2.107850743403827, "params": {"C": 155.701427447677, "epsilon": 0.9662754544974289, "gamma": 0.09699837840021205, "lamda": 0.05959849356423365}, "datetime": {"datetime": "2021-09-23 13:28:57", "elapsed": 165.289691, "delta": 2.706877}}
{"target": -2.317359881802234, "params": {"C": 128.80499006500906, "epsilon": 0.6117159624798945, "gamma": 0.12583187648222913, "lamda": 0.25454903555424857}, "datetime": {"datetime": "2021-09-23 13:28:58", "elapsed": 166.333692, "delta": 1.044001}}
{"target": -2.0526481263149274, "params": {"C": 180.87897082999126, "epsilon": 0.13681436634639177, "gamma": 0.09353139036279036, "lamda": 0.18477318226077938}, "datetime": {"datetime": "2021-09-23 13:29:00", "elapsed": 167.70669, "delta": 1.372998}}
{"target": -2.0394013239460587, "params": {"C": 199.06742079340202, "epsilon": 0.059147054622526306, "gamma": 0.047868390671651696, "lamda": 0.29793012346176967}, "datetime": {"datetime": "2021-09-23 13:29:01", "elapsed": 169.193952, "delta": 1.487262}}
{"target": -2.1850455317592576, "params": {"C": 180.73967961679796, "epsilon": 0.16924286848119008, "gamma": 0.12886207665864574, "lamda": 0.1753740693772542}, "datetime": {"datetime": "2021-09-23 13:29:02", "elapsed": 170.455341, "delta": 1.261389}}
{"target": -2.080034290647991, "params": {"C": 253.84709315554784, "epsilon": 0.05262588280478301, "gamma": 0.06707686653844863, "lamda": 0.0795581516012176}, "datetime": {"datetime": "2021-09-23 13:29:04", "elapsed": 172.109344, "delta": 1.654003}}
{"target": -2.3411025385149467, "params": {"C": 151.70283718124065, "epsilon": 0.11699436287612264, "gamma": 0.14850298187267585, "lamda": 0.03654162113801248}, "datetime": {"datetime": "2021-09-23 13:29:05", "elapsed": 173.362733, "delta": 1.253389}}
{"target": -2.141255972956968, "params": {"C": 285.4777224520528, "epsilon": 1.0, "gamma": 0.04, "lamda": 0.05854997617301351}, "datetime": {"datetime": "2021-09-23 13:29:07", "elapsed": 175.157309, "delta": 1.794576}}
{"target": -2.192314643665761, "params": {"C": 118.9372965951049, "epsilon": 0.39619421498035673, "gamma": 0.08765225783053615, "lamda": 0.2812671000262279}, "datetime": {"datetime": "2021-09-23 13:29:08", "elapsed": 176.217926, "delta": 1.060617}}
{"target": -2.0251589694788654, "params": {"C": 180.98244152919088, "epsilon": 0.1554732414368947, "gamma": 0.050231667097190166, "lamda": 0.12846049384078073}, "datetime": {"datetime": "2021-09-23 13:29:09", "elapsed": 177.356056, "delta": 1.13813}}
{"target": -2.0280505931971162, "params": {"C": 125.60174973231341, "epsilon": 0.1774899237561124, "gamma": 0.05284650462913271, "lamda": 0.1788475581669207}, "datetime": {"datetime": "2021-09-23 13:29:10", "elapsed": 178.400167, "delta": 1.044111}}
{"target": -2.000044035472008, "params": {"C": 125.65404514813936, "epsilon": 0.17860269775054322, "gamma": 0.0843359217672563, "lamda": 0.11779923436718522}, "datetime": {"datetime": "2021-09-23 13:29:11", "elapsed": 179.455171, "delta": 1.055004}}
{"target": -2.0552338789254865, "params": {"C": 125.68358019187022, "epsilon": 0.22914584797004525, "gamma": 0.05062051265464401, "lamda": 0.06666746835726216}, "datetime": {"datetime": "2021-09-23 13:29:13", "elapsed": 180.739154, "delta": 1.283983}}
{"target": -2.0156829402494263, "params": {"C": 125.62468719084677, "epsilon": 0.09925351292118322, "gamma": 0.08526814313888334, "lamda": 0.1340753214312012}, "datetime": {"datetime": "2021-09-23 13:29:14", "elapsed": 182.090152, "delta": 1.350998}}
{"target": -2.0524895824388127, "params": {"C": 200.01806789816675, "epsilon": 0.15995634901840727, "gamma": 0.042955983580374626, "lamda": 0.1804894716858508}, "datetime": {"datetime": "2021-09-23 13:29:15", "elapsed": 183.614099, "delta": 1.523947}}
{"target": -2.083865985187874, "params": {"C": 125.70792608924623, "epsilon": 0.2380165078936796, "gamma": 0.04842535835333392, "lamda": 0.25017914431646154}, "datetime": {"datetime": "2021-09-23 13:29:17", "elapsed": 185.254902, "delta": 1.640803}}
{"target": -2.1912215050040906, "params": {"C": 235.82134683417556, "epsilon": 0.24505751056781486, "gamma": 0.11465565442526188, "lamda": 0.2654693955484143}, "datetime": {"datetime": "2021-09-23 13:29:18", "elapsed": 186.260948, "delta": 1.006046}}
{"target": -2.104555280905982, "params": {"C": 230.0199104874373, "epsilon": 0.4589190305457312, "gamma": 0.06341281871558149, "lamda": 0.1654207104268044}, "datetime": {"datetime": "2021-09-23 13:29:19", "elapsed": 187.29594, "delta": 1.034992}}
{"target": -2.2478137204211883, "params": {"C": 221.72027591331084, "epsilon": 0.3736085345376139, "gamma": 0.1164240312531368, "lamda": 0.29063754877911674}, "datetime": {"datetime": "2021-09-23 13:29:20", "elapsed": 188.294941, "delta": 0.999001}}
{"target": -2.2903468642988574, "params": {"C": 269.45535899180413, "epsilon": 0.860080388936194, "gamma": 0.06782834245512437, "lamda": 0.23752666624171945}, "datetime": {"datetime": "2021-09-23 13:29:21", "elapsed": 189.285947, "delta": 0.991006}}
{"target": -2.0610710477907843, "params": {"C": 125.72221452214683, "epsilon": 0.06193314396703567, "gamma": 0.08781929690984455, "lamda": 0.11134111308156218}, "datetime": {"datetime": "2021-09-23 13:29:22", "elapsed": 190.497939, "delta": 1.211992}}
{"target": -2.1071814990410367, "params": {"C": 106.13550747424499, "epsilon": 0.5781025369105818, "gamma": 0.07699424991571344, "lamda": 0.14816750070319748}, "datetime": {"datetime": "2021-09-23 13:29:24", "elapsed": 192.004948, "delta": 1.507009}}
{"target": -2.206657010992211, "params": {"C": 128.18571401738578, "epsilon": 0.5930436394931227, "gamma": 0.1409202495001363, "lamda": 0.04435013011791954}, "datetime": {"datetime": "2021-09-23 13:29:25", "elapsed": 193.133941, "delta": 1.128993}}
