{"target": -2.293806851978603, "params": {"C": 222.89286380421134, "epsilon": 0.9001542475881658, "gamma": 0.14599391351264338, "lamda": 0.0140857234079509}, "datetime": {"datetime": "2021-09-23 13:38:15", "elapsed": 723.078324, "delta": 3.055515}}
{"target": -2.301674228925154, "params": {"C": 107.05224451305098, "epsilon": 0.9865177404974329, "gamma": 0.14313538311179008, "lamda": 0.12799042142465653}, "datetime": {"datetime": "2021-09-23 13:38:18", "elapsed": 726.387212, "delta": 3.308888}}
{"target": -2.13532577915205, "params": {"C": 149.07718737476642, "epsilon": 0.7138105403468555, "gamma": 0.07201266249358984, "lamda": 0.1332394667239457}, "datetime": {"datetime": "2021-09-23 13:38:20", "elapsed": 728.634778, "delta": 2.247566}}
{"target": -2.0289971328762038, "params": {"C": 161.8882317923281, "epsilon": 0.6523378354513726, "gamma": 0.04789222316226542, "lamda": 0.03817194775352507}, "datetime": {"datetime": "2021-09-23 13:38:23", "elapsed": 731.601996, "delta": 2.967218}}
{"target": -2.1246279331069586, "params": {"C": 161.78855593736353, "epsilon": 0.5956774197934864, "gamma": 0.11274998682973367, "lamda": 0.03160964029228791}, "datetime": {"datetime": "2021-09-23 13:38:27", "elapsed": 735.289815, "delta": 3.687819}}
{"target": -2.0828447137618986, "params": {"C": 265.31071180375204, "epsilon": 0.8005550346550705, "gamma": 0.06996939364310376, "lamda": 0.07788022033409614}, "datetime": {"datetime": "2021-09-23 13:38:29", "elapsed": 737.417814, "delta": 2.127999}}
{"target": -2.1035566925372087, "params": {"C": 161.97494393800693, "epsilon": 0.6912266356606136, "gamma": 0.04, "lamda": 0.06589974517569352}, "datetime": {"datetime": "2021-09-23 13:38:33", "elapsed": 740.947816, "delta": 3.530002}}
{"target": -2.157635423049316, "params": {"C": 155.5115797518431, "epsilon": 0.5711794781689974, "gamma": 0.057209737206568426, "lamda": 0.18926918885000918}, "datetime": {"datetime": "2021-09-23 13:38:35", "elapsed": 743.059815, "delta": 2.111999}}
{"target": -2.1991995708988012, "params": {"C": 236.48203394440827, "epsilon": 0.44291520459756006, "gamma": 0.12863169105653, "lamda": 0.07453785723100223}, "datetime": {"datetime": "2021-09-23 13:38:38", "elapsed": 745.903337, "delta": 2.843522}}
{"target": -2.2536940154395566, "params": {"C": 222.90022761034317, "epsilon": 1.0, "gamma": 0.04, "lamda": 0.13373396188733697}, "datetime": {"datetime": "2021-09-23 13:38:41", "elapsed": 748.986337, "delta": 3.083}}
{"target": -2.0509072300956155, "params": {"C": 200.1006665106092, "epsilon": 0.12005630154031333, "gamma": 0.04210455763477852, "lamda": 0.20598325956875183}, "datetime": {"datetime": "2021-09-23 13:38:44", "elapsed": 752.316336, "delta": 3.329999}}
{"target": -2.337966004732778, "params": {"C": 125.26321893650359, "epsilon": 0.915436451418998, "gamma": 0.13832048403224342, "lamda": 0.17532633623596275}, "datetime": {"datetime": "2021-09-23 13:38:46", "elapsed": 754.173452, "delta": 1.857116}}
{"target": -2.071340530123468, "params": {"C": 180.74729338457257, "epsilon": 0.09179512505984268, "gamma": 0.04, "lamda": 0.2171557712572312}, "datetime": {"datetime": "2021-09-23 13:38:50", "elapsed": 758.461286, "delta": 4.287834}}
{"target": -2.0586221564148004, "params": {"C": 164.43175076141145, "epsilon": 0.2667074087901068, "gamma": 0.04151409591300695, "lamda": 0.10513440339636149}, "datetime": {"datetime": "2021-09-23 13:38:54", "elapsed": 761.906962, "delta": 3.445676}}
{"target": -2.1375153011194725, "params": {"C": 222.9800018269837, "epsilon": 0.765013369323345, "gamma": 0.04449474828951583, "lamda": 0.09873383643419355}, "datetime": {"datetime": "2021-09-23 13:38:57", "elapsed": 765.415955, "delta": 3.508993}}
{"target": -2.327394475383183, "params": {"C": 249.03459740277748, "epsilon": 0.8613116057633832, "gamma": 0.12635461660474775, "lamda": 0.19287603339352455}, "datetime": {"datetime": "2021-09-23 13:38:59", "elapsed": 767.679029, "delta": 2.263074}}
{"target": -2.040485242896405, "params": {"C": 164.52151809385242, "epsilon": 0.38529158387067985, "gamma": 0.04557657496994459, "lamda": 0.0853202501099676}, "datetime": {"datetime": "2021-09-23 13:39:03", "elapsed": 771.000152, "delta": 3.321123}}
{"target": -2.1146031279684876, "params": {"C": 181.1405893712508, "epsilon": 0.2882520219883278, "gamma": 0.04404765044757058, "lamda": 0.21756257100499157}, "datetime": {"datetime": "2021-09-23 13:39:05", "elapsed": 773.446213, "delta": 2.446061}}
{"target": -2.198524456041044, "params": {"C": 161.91792953898909, "epsilon": 0.5915718664142896, "gamma": 0.05652862172813691, "lamda": 0.21849056922599358}, "datetime": {"datetime": "2021-09-23 13:39:08", "elapsed": 776.656946, "delta": 3.210733}}
{"target": -2.0614169629340715, "params": {"C": 170.55402122205882, "epsilon": 0.28489397261975036, "gamma": 0.04068012746279452, "lamda": 0.08251858521682351}, "datetime": {"datetime": "2021-09-23 13:39:12", "elapsed": 779.975948, "delta": 3.319002}}
{"target": -2.1882804226937473, "params": {"C": 531.3961929800238, "epsilon": 0.059921871385025444, "gamma": 0.10970130584189028, "lamda": 0.22715312593619744}, "datetime": {"datetime": "2021-09-23 13:44:19", "elapsed": 0.0, "delta": 0.0}}
{"target": -2.074487551309215, "params": {"C": 449.55210369077713, "epsilon": 0.25580477970961374, "gamma": 0.06178691512355863, "lamda": 0.23055390653769803}, "datetime": {"datetime": "2021-09-23 13:44:19", "elapsed": 0.594999, "delta": 0.594999}}
{"target": -2.181236201771197, "params": {"C": 350.7332509687606, "epsilon": 0.12480622160704985, "gamma": 0.11538958002045768, "lamda": 0.28648407039653156}, "datetime": {"datetime": "2021-09-23 13:44:22", "elapsed": 2.841739, "delta": 2.24674}}
{"target": -2.254808145608635, "params": {"C": 301.1844798983743, "epsilon": 0.5317045728503456, "gamma": 0.12938830578173247, "lamda": 0.18763255938052256}, "datetime": {"datetime": "2021-09-23 13:44:22", "elapsed": 3.560451, "delta": 0.718712}}
{"target": -2.3419817959973095, "params": {"C": 425.5551955516221, "epsilon": 0.9144029654491564, "gamma": 0.04931823166312618, "lamda": 0.2620680271703083}, "datetime": {"datetime": "2021-09-23 13:44:26", "elapsed": 7.126002, "delta": 3.565551}}
{"target": -2.097519802947795, "params": {"C": 450.58279406668066, "epsilon": 0.28294541331030426, "gamma": 0.05458443547208658, "lamda": 0.2352814461273046}, "datetime": {"datetime": "2021-09-23 13:44:27", "elapsed": 8.329486, "delta": 1.203484}}
{"target": -2.285666908320669, "params": {"C": 443.58226489394747, "epsilon": 0.7063954313476861, "gamma": 0.12107175473887394, "lamda": 0.19545386086418853}, "datetime": {"datetime": "2021-09-23 13:44:31", "elapsed": 11.930211, "delta": 3.600725}}
{"target": -2.112498013212368, "params": {"C": 455.8956119872352, "epsilon": 0.9943917030591914, "gamma": 0.04385784325707376, "lamda": 0.05064931742863933}, "datetime": {"datetime": "2021-09-23 13:44:32", "elapsed": 13.252938, "delta": 1.322727}}
{"target": -2.089276710413157, "params": {"C": 459.76504268821486, "epsilon": 0.13836709784003165, "gamma": 0.08578656715423574, "lamda": 0.17271009155683206}, "datetime": {"datetime": "2021-09-23 13:44:33", "elapsed": 14.377669, "delta": 1.124731}}
{"target": -2.0447601667343274, "params": {"C": 463.93454532006365, "epsilon": 0.8271383982154562, "gamma": 0.06852506765525021, "lamda": 0.014214495606692088}, "datetime": {"datetime": "2021-09-23 13:44:36", "elapsed": 16.858569, "delta": 2.4809}}
{"target": -2.1731174931955057, "params": {"C": 467.9305617130857, "epsilon": 0.042530475393946506, "gamma": 0.04339081915659701, "lamda": 0.05070285671412052}, "datetime": {"datetime": "2021-09-23 13:44:38", "elapsed": 18.861089, "delta": 2.00252}}
{"target": -2.29890147204382, "params": {"C": 590.2019354822226, "epsilon": 0.969070148750747, "gamma": 0.1439696593514692, "lamda": 0.019279570442517765}, "datetime": {"datetime": "2021-09-23 13:44:39", "elapsed": 19.930144, "delta": 1.069055}}
{"target": -2.2756760937068994, "params": {"C": 384.7201788240827, "epsilon": 0.9384449371521939, "gamma": 0.07592857879816281, "lamda": 0.19689669609795818}, "datetime": {"datetime": "2021-09-23 13:44:39", "elapsed": 20.724148, "delta": 0.794004}}
{"target": -2.230909531001083, "params": {"C": 339.6373703816251, "epsilon": 0.37713800352967747, "gamma": 0.13557522670918926, "lamda": 0.08788273582854024}, "datetime": {"datetime": "2021-09-23 13:44:40", "elapsed": 21.264921, "delta": 0.540773}}
{"target": -2.342641275946814, "params": {"C": 360.4935409713742, "epsilon": 0.04, "gamma": 0.15, "lamda": 0.23845830571889692}, "datetime": {"datetime": "2021-09-23 13:44:41", "elapsed": 22.032707, "delta": 0.767786}}
{"target": -2.0940317140651694, "params": {"C": 541.3260323894049, "epsilon": 0.48742296052737943, "gamma": 0.08961070709864227, "lamda": 0.026266124479127455}, "datetime": {"datetime": "2021-09-23 13:44:42", "elapsed": 22.892406, "delta": 0.859699}}
{"target": -2.2981044283820116, "params": {"C": 545.9752128093955, "epsilon": 0.662476991057106, "gamma": 0.08239698610659095, "lamda": 0.291282810289618}, "datetime": {"datetime": "2021-09-23 13:44:42", "elapsed": 23.647452, "delta": 0.755046}}
{"target": -2.3157050058137556, "params": {"C": 537.864843396421, "epsilon": 0.8001529762956203, "gamma": 0.13680116368864967, "lamda": 0.17914661811366417}, "datetime": {"datetime": "2021-09-23 13:44:43", "elapsed": 24.369456, "delta": 0.722004}}
{"target": -2.430372550856823, "params": {"C": 462.0110120727536, "epsilon": 1.0, "gamma": 0.04, "lamda": 0.3}, "datetime": {"datetime": "2021-09-23 13:44:44", "elapsed": 25.063101, "delta": 0.693645}}
{"target": -2.0661532458115976, "params": {"C": 464.5849376289838, "epsilon": 0.7661612937045784, "gamma": 0.07775000678901918, "lamda": 0.01}, "datetime": {"datetime": "2021-09-23 13:44:44", "elapsed": 25.797339, "delta": 0.734238}}
{"target": -2.03293273472648, "params": {"C": 463.969354886601, "epsilon": 0.05398187485530965, "gamma": 0.06105609925031642, "lamda": 0.14494120132878677}, "datetime": {"datetime": "2021-09-23 13:44:45", "elapsed": 26.356339, "delta": 0.559}}
{"target": -2.0644638636321595, "params": {"C": 458.4728332825573, "epsilon": 0.2480458870229464, "gamma": 0.08075280769250041, "lamda": 0.12275924580816612}, "datetime": {"datetime": "2021-09-23 13:44:46", "elapsed": 27.331199, "delta": 0.97486}}
{"target": -2.2498440139195957, "params": {"C": 457.07901558026253, "epsilon": 0.17461094426740065, "gamma": 0.14318032795745184, "lamda": 0.24535740871488795}, "datetime": {"datetime": "2021-09-23 13:44:47", "elapsed": 28.219956, "delta": 0.888757}}
{"target": -2.376380955679995, "params": {"C": 459.06639811351573, "epsilon": 1.0, "gamma": 0.15, "lamda": 0.01}, "datetime": {"datetime": "2021-09-23 13:44:48", "elapsed": 28.956956, "delta": 0.737}}
{"target": -2.259873942462962, "params": {"C": 393.15933602209674, "epsilon": 0.3619237041944916, "gamma": 0.14964920162127707, "lamda": 0.139867595318926}, "datetime": {"datetime": "2021-09-23 13:44:48", "elapsed": 29.510924, "delta": 0.553968}}
{"target": -2.0952019852186172, "params": {"C": 464.50549710995, "epsilon": 0.22020658595736978, "gamma": 0.07975459087147696, "lamda": 0.02548879222838952}, "datetime": {"datetime": "2021-09-23 13:44:49", "elapsed": 30.001249, "delta": 0.490325}}
{"target": -2.1456722499075322, "params": {"C": 463.51655687649037, "epsilon": 0.3340792841065245, "gamma": 0.057360025267014225, "lamda": 0.2824291416557689}, "datetime": {"datetime": "2021-09-23 13:44:49", "elapsed": 30.625247, "delta": 0.623998}}
{"target": -2.162284579832138, "params": {"C": 512.9134528054874, "epsilon": 0.23984092319595057, "gamma": 0.11040027703641414, "lamda": 0.19956003374346934}, "datetime": {"datetime": "2021-09-23 13:44:50", "elapsed": 31.176398, "delta": 0.551151}}
{"target": -2.3203472448725027, "params": {"C": 477.6257859969238, "epsilon": 0.7870442809032816, "gamma": 0.1320436803394578, "lamda": 0.19410215713823004}, "datetime": {"datetime": "2021-09-23 13:44:50", "elapsed": 31.642547, "delta": 0.466149}}
{"target": -2.089274989380773, "params": {"C": 385.8760586239665, "epsilon": 0.4969500027624349, "gamma": 0.04065281073779402, "lamda": 0.013569929995217027}, "datetime": {"datetime": "2021-09-23 13:44:51", "elapsed": 32.32555, "delta": 0.683003}}
{"target": -2.23470178407088, "params": {"C": 450.12635344820956, "epsilon": 0.7322113221836397, "gamma": 0.1358151529595001, "lamda": 0.05675585180634092}, "datetime": {"datetime": "2021-09-23 13:44:52", "elapsed": 33.012201, "delta": 0.686651}}
{"target": -2.08210752466293, "params": {"C": 464.11136308980036, "epsilon": 0.5254898934321337, "gamma": 0.057303453424813425, "lamda": 0.12305758028047636}, "datetime": {"datetime": "2021-09-23 13:44:52", "elapsed": 33.674833, "delta": 0.662632}}
{"target": -2.0608074083132397, "params": {"C": 450.0374605547758, "epsilon": 0.04, "gamma": 0.04, "lamda": 0.3}, "datetime": {"datetime": "2021-09-23 13:44:53", "elapsed": 34.358831, "delta": 0.683998}}
{"target": -2.223771203385999, "params": {"C": 386.480705842027, "epsilon": 0.1368034821550555, "gamma": 0.1222075023942201, "lamda": 0.10804355728816986}, "datetime": {"datetime": "2021-09-23 13:44:54", "elapsed": 35.082515, "delta": 0.723684}}
{"target": -2.2991164408982248, "params": {"C": 465.2933689321729, "epsilon": 0.9595532986886283, "gamma": 0.12318347829859197, "lamda": 0.1529816767309503}, "datetime": {"datetime": "2021-09-23 13:44:54", "elapsed": 35.731442, "delta": 0.648927}}
{"target": -2.18209193172879, "params": {"C": 459.21055811110637, "epsilon": 0.06185834007054837, "gamma": 0.10953123070209012, "lamda": 0.2085249868560005}, "datetime": {"datetime": "2021-09-23 13:44:55", "elapsed": 36.462439, "delta": 0.730997}}
{"target": -2.1497164678489087, "params": {"C": 300.9361894958481, "epsilon": 0.5243952061192015, "gamma": 0.10713018724259321, "lamda": 0.0816803919855733}, "datetime": {"datetime": "2021-09-23 13:44:56", "elapsed": 36.892441, "delta": 0.430002}}
{"target": -2.2210230276764342, "params": {"C": 492.2146046532165, "epsilon": 0.10370132229727033, "gamma": 0.12949955794128384, "lamda": 0.2704866641366776}, "datetime": {"datetime": "2021-09-23 13:44:56", "elapsed": 37.39472, "delta": 0.502279}}
{"target": -2.299185278919524, "params": {"C": 464.2884563954624, "epsilon": 0.9629887619031604, "gamma": 0.12858687217688314, "lamda": 0.14585787158478652}, "datetime": {"datetime": "2021-09-23 13:44:57", "elapsed": 37.964829, "delta": 0.570109}}
{"target": -2.2479646981712924, "params": {"C": 346.10415469807657, "epsilon": 0.8014588412326482, "gamma": 0.1419057795547611, "lamda": 0.07729278021234273}, "datetime": {"datetime": "2021-09-23 13:44:57", "elapsed": 38.441754, "delta": 0.476925}}
{"target": -2.197258678339126, "params": {"C": 464.21437439660065, "epsilon": 0.2115908687595933, "gamma": 0.11911036516139362, "lamda": 0.28024016404789365}, "datetime": {"datetime": "2021-09-23 13:44:58", "elapsed": 38.965749, "delta": 0.523995}}
{"target": -2.229970272136819, "params": {"C": 459.3882077383496, "epsilon": 0.11312577946724478, "gamma": 0.11961934123213522, "lamda": 0.1101124681933942}, "datetime": {"datetime": "2021-09-23 13:44:58", "elapsed": 39.432589, "delta": 0.46684}}
{"target": -2.2019192580835933, "params": {"C": 478.0225444763403, "epsilon": 0.5577030736810988, "gamma": 0.12363068703144223, "lamda": 0.10739790282200547}, "datetime": {"datetime": "2021-09-23 13:44:59", "elapsed": 39.869824, "delta": 0.437235}}
{"target": -2.2064756281757614, "params": {"C": 553.4016911424317, "epsilon": 0.7262557520270787, "gamma": 0.12358977982911049, "lamda": 0.09246347113838986}, "datetime": {"datetime": "2021-09-23 13:44:59", "elapsed": 40.459829, "delta": 0.590005}}
{"target": -2.0598536483709586, "params": {"C": 416.7582481221632, "epsilon": 0.8166539371470605, "gamma": 0.07300384665824028, "lamda": 0.05488168126853207}, "datetime": {"datetime": "2021-09-23 13:45:00", "elapsed": 40.890829, "delta": 0.431}}
{"target": -2.1274735925512314, "params": {"C": 332.35198678089796, "epsilon": 0.2520661421187989, "gamma": 0.10005446973015739, "lamda": 0.16192209714420308}, "datetime": {"datetime": "2021-09-23 13:45:00", "elapsed": 41.331829, "delta": 0.441}}
{"target": -2.2638898764549076, "params": {"C": 351.1352600539963, "epsilon": 0.6484108761309905, "gamma": 0.12795995120127301, "lamda": 0.17158004127170984}, "datetime": {"datetime": "2021-09-23 13:45:01", "elapsed": 41.818832, "delta": 0.487003}}
{"target": -2.2057096463383394, "params": {"C": 510.2230009073784, "epsilon": 0.08525314447534643, "gamma": 0.11158881436886067, "lamda": 0.12285908120037865}, "datetime": {"datetime": "2021-09-23 13:45:01", "elapsed": 42.314832, "delta": 0.496}}
{"target": -2.2934884431266993, "params": {"C": 491.44808564025243, "epsilon": 0.07668787898422522, "gamma": 0.14031388246149457, "lamda": 0.17294731577196654}, "datetime": {"datetime": "2021-09-23 13:45:02", "elapsed": 42.981388, "delta": 0.666556}}
{"target": -2.4088761860790338, "params": {"C": 326.9832828859566, "epsilon": 0.9837620644713919, "gamma": 0.11291354114820698, "lamda": 0.2620979861862902}, "datetime": {"datetime": "2021-09-23 13:45:02", "elapsed": 43.707156, "delta": 0.725768}}
{"target": -2.159846446341774, "params": {"C": 463.89694303011447, "epsilon": 0.2495001600998937, "gamma": 0.10956673395526934, "lamda": 0.1939015841334263}, "datetime": {"datetime": "2021-09-23 13:45:03", "elapsed": 44.371161, "delta": 0.664005}}
{"target": -2.0754208725808323, "params": {"C": 512.9629073451498, "epsilon": 0.2623071157636673, "gamma": 0.08117678485246413, "lamda": 0.15236417305975378}, "datetime": {"datetime": "2021-09-23 13:45:04", "elapsed": 45.203311, "delta": 0.83215}}
{"target": -2.191050875666972, "params": {"C": 495.98944171948494, "epsilon": 0.8879967337232557, "gamma": 0.060245671554627345, "lamda": 0.14572209392485624}, "datetime": {"datetime": "2021-09-23 13:45:05", "elapsed": 45.958165, "delta": 0.754854}}
{"target": -2.0457887738575184, "params": {"C": 464.0353241370566, "epsilon": 0.08003300770494995, "gamma": 0.0571968236628822, "lamda": 0.07071448447137209}, "datetime": {"datetime": "2021-09-23 13:45:06", "elapsed": 47.691679, "delta": 1.733514}}
{"target": -2.1841432519397346, "params": {"C": 455.84543535828334, "epsilon": 0.9746310876837744, "gamma": 0.10908674856089448, "lamda": 0.01980102761202705}, "datetime": {"datetime": "2021-09-23 13:45:07", "elapsed": 48.201279, "delta": 0.5096}}
{"target": -2.1769873073081274, "params": {"C": 450.0439673234981, "epsilon": 0.05778896955039073, "gamma": 0.10751304908324125, "lamda": 0.29700762280758863}, "datetime": {"datetime": "2021-09-23 13:45:07", "elapsed": 48.660904, "delta": 0.459625}}
{"target": -2.131850132602205, "params": {"C": 464.03491484458243, "epsilon": 0.07593489599454473, "gamma": 0.09808701360580654, "lamda": 0.12853069520950905}, "datetime": {"datetime": "2021-09-23 13:45:08", "elapsed": 49.283946, "delta": 0.623042}}
{"target": -2.159373608408147, "params": {"C": 416.7782778132438, "epsilon": 0.8828629769357141, "gamma": 0.07787818857139003, "lamda": 0.1123066407433915}, "datetime": {"datetime": "2021-09-23 13:45:08", "elapsed": 49.812044, "delta": 0.528098}}
{"target": -2.2281598289953815, "params": {"C": 369.8756511795849, "epsilon": 0.7425667584011434, "gamma": 0.059390254402757234, "lamda": 0.2087127255511215}, "datetime": {"datetime": "2021-09-23 13:45:09", "elapsed": 50.331008, "delta": 0.518964}}
{"target": -2.1781604158414454, "params": {"C": 579.9776084801662, "epsilon": 0.1034335110293132, "gamma": 0.1094096343970922, "lamda": 0.16352815356225148}, "datetime": {"datetime": "2021-09-23 13:45:10", "elapsed": 50.975006, "delta": 0.643998}}
{"target": -2.1382507908843866, "params": {"C": 463.93043543445555, "epsilon": 0.8048810864687982, "gamma": 0.06478452741315475, "lamda": 0.11736417952239228}, "datetime": {"datetime": "2021-09-23 13:45:10", "elapsed": 51.490687, "delta": 0.515681}}
{"target": -2.236933366113226, "params": {"C": 459.7874421843785, "epsilon": 0.1193836188948102, "gamma": 0.12567910169546775, "lamda": 0.1366723912231985}, "datetime": {"datetime": "2021-09-23 13:45:11", "elapsed": 51.983877, "delta": 0.49319}}
{"target": -2.065164995983183, "params": {"C": 530.7641540686956, "epsilon": 0.22027838154422497, "gamma": 0.07198476236394422, "lamda": 0.21690964895357304}, "datetime": {"datetime": "2021-09-23 13:45:11", "elapsed": 52.486877, "delta": 0.503}}
{"target": -2.215674867565138, "params": {"C": 529.0732953379922, "epsilon": 0.4220446958832952, "gamma": 0.12919610025696707, "lamda": 0.07729824337637801}, "datetime": {"datetime": "2021-09-23 13:45:12", "elapsed": 53.014496, "delta": 0.527619}}
{"target": -2.261000193904539, "params": {"C": 553.7635821335946, "epsilon": 0.26364831426798313, "gamma": 0.1419184425982362, "lamda": 0.27172853270564135}, "datetime": {"datetime": "2021-09-23 13:45:12", "elapsed": 53.782896, "delta": 0.7684}}
{"target": -2.1856386765226388, "params": {"C": 530.6997708904488, "epsilon": 0.2285384657402465, "gamma": 0.11563442695066975, "lamda": 0.25272619333895113}, "datetime": {"datetime": "2021-09-23 13:45:13", "elapsed": 54.345897, "delta": 0.563001}}
{"target": -2.2897927612883553, "params": {"C": 426.4737678027967, "epsilon": 0.7719574065651138, "gamma": 0.1324928725984894, "lamda": 0.165268606598108}, "datetime": {"datetime": "2021-09-23 13:45:14", "elapsed": 54.824898, "delta": 0.479001}}
{"target": -2.0592191017777175, "params": {"C": 458.42099886006315, "epsilon": 0.21338133669874765, "gamma": 0.04601205697001956, "lamda": 0.1340838445392141}, "datetime": {"datetime": "2021-09-23 13:45:14", "elapsed": 55.434899, "delta": 0.610001}}
{"target": -2.2159736705136166, "params": {"C": 350.31775300756044, "epsilon": 0.9540639440315958, "gamma": 0.09800299765263794, "lamda": 0.11712183337650371}, "datetime": {"datetime": "2021-09-23 13:45:15", "elapsed": 56.024898, "delta": 0.589999}}
