{"target": 0.9030004438188176, "params": {"C": 460.8601379566554, "epsilon": 0.36708362343904744, "gamma": 0.0647381960241531, "lamda": 0.387247695750866}, "datetime": {"datetime": "2021-09-23 21:02:25", "elapsed": 173.81185, "delta": 1.043005}}
{"target": 0.8935563046951289, "params": {"C": 484.72767949590207, "epsilon": 0.8586228929876127, "gamma": 0.04264924657051107, "lamda": 0.3149070109154455}, "datetime": {"datetime": "2021-09-23 21:02:26", "elapsed": 174.941026, "delta": 1.129176}}
{"target": 0.9127553656104332, "params": {"C": 439.7412477392433, "epsilon": 0.21942108826767098, "gamma": 0.07644155608799338, "lamda": 0.04274204299833028}, "datetime": {"datetime": "2021-09-23 21:02:27", "elapsed": 176.291182, "delta": 1.350156}}
{"target": 0.9274469231132122, "params": {"C": 464.4449129811211, "epsilon": 0.03920975179432992, "gamma": 0.04148101144539406, "lamda": 0.17216770891094968}, "datetime": {"datetime": "2021-09-23 21:02:29", "elapsed": 178.121764, "delta": 1.830582}}
{"target": 0.9135679938259518, "params": {"C": 414.0928570086929, "epsilon": 0.5888045107378427, "gamma": 0.07587284068188013, "lamda": 0.0517872461950973}, "datetime": {"datetime": "2021-09-23 21:02:30", "elapsed": 179.360882, "delta": 1.239118}}
{"target": 0.916425192011947, "params": {"C": 489.8638624485975, "epsilon": 0.6185763598343774, "gamma": 0.038843480175766484, "lamda": 0.0965793299404867}, "datetime": {"datetime": "2021-09-23 21:02:31", "elapsed": 180.443167, "delta": 1.082285}}
{"target": 0.9234944978127345, "params": {"C": 439.97482727449005, "epsilon": 0.3773344720750199, "gamma": 0.039147999366963886, "lamda": 0.06035042919580923}, "datetime": {"datetime": "2021-09-23 21:02:33", "elapsed": 181.851163, "delta": 1.407996}}
{"target": 0.9246380977473572, "params": {"C": 440.28398970958443, "epsilon": 0.15870683990796, "gamma": 0.04831051836395178, "lamda": 0.02770908880673398}, "datetime": {"datetime": "2021-09-23 21:02:35", "elapsed": 183.965166, "delta": 2.114003}}
{"target": 0.9205972560105384, "params": {"C": 463.96181835137804, "epsilon": 0.22244655419485942, "gamma": 0.05341617873988172, "lamda": 0.14934590314443852}, "datetime": {"datetime": "2021-09-23 21:02:37", "elapsed": 185.556228, "delta": 1.591062}}
{"target": 0.9180377339919372, "params": {"C": 427.3500752595838, "epsilon": 0.7551305844694103, "gamma": 0.06350326750358992, "lamda": 0.005817004629879237}, "datetime": {"datetime": "2021-09-23 21:02:38", "elapsed": 187.259257, "delta": 1.703029}}
{"target": 0.9253634871409966, "params": {"C": 459.4760992243139, "epsilon": 0.6304931842818703, "gamma": 0.04440173529708682, "lamda": 0.007746795800903228}, "datetime": {"datetime": "2021-09-23 21:02:40", "elapsed": 188.865082, "delta": 1.605825}}
{"target": 0.923021805334361, "params": {"C": 459.53924989801715, "epsilon": 0.762139244215386, "gamma": 0.05784818627786681, "lamda": 0.015035489321612302}, "datetime": {"datetime": "2021-09-23 21:02:42", "elapsed": 190.586921, "delta": 1.721839}}
{"target": 0.8908723628066172, "params": {"C": 422.8459260684923, "epsilon": 0.7698049723452728, "gamma": 0.051157992031738236, "lamda": 0.3898221469512286}, "datetime": {"datetime": "2021-09-23 21:02:43", "elapsed": 191.614895, "delta": 1.027974}}
{"target": 0.9078659410841641, "params": {"C": 459.59397133681665, "epsilon": 0.7232173117273835, "gamma": 0.07037179373738153, "lamda": 0.12624330418195884}, "datetime": {"datetime": "2021-09-23 21:02:44", "elapsed": 193.358803, "delta": 1.743908}}
{"target": 0.9245874239044986, "params": {"C": 428.52953805729953, "epsilon": 0.5721684829082475, "gamma": 0.04173704311885783, "lamda": 0.03249696385528608}, "datetime": {"datetime": "2021-09-23 21:02:46", "elapsed": 194.843908, "delta": 1.485105}}
{"target": 0.9170254149885967, "params": {"C": 428.5074705964107, "epsilon": 0.4037025753198584, "gamma": 0.07073567014811441, "lamda": 0.042886118049541594}, "datetime": {"datetime": "2021-09-23 21:02:48", "elapsed": 196.9057, "delta": 2.061792}}
{"target": 0.922628069128819, "params": {"C": 428.5687506119122, "epsilon": 0.6970909250212276, "gamma": 0.05776975266077457, "lamda": 0.020779628547568492}, "datetime": {"datetime": "2021-09-23 21:02:50", "elapsed": 198.753965, "delta": 1.848265}}
{"target": 0.8899680648876278, "params": {"C": 445.2317192285371, "epsilon": 0.8845577604014204, "gamma": 0.07771746211879152, "lamda": 0.26774981334620795}, "datetime": {"datetime": "2021-09-23 21:02:51", "elapsed": 200.238558, "delta": 1.484593}}
{"target": 0.9144011890317367, "params": {"C": 459.5757097774383, "epsilon": 0.43230991122325546, "gamma": 0.06999747905333767, "lamda": 0.012313224548935684}, "datetime": {"datetime": "2021-09-23 21:02:54", "elapsed": 202.619939, "delta": 2.381381}}
{"target": 0.9145534208512084, "params": {"C": 492.3598957189207, "epsilon": 0.35334958591303156, "gamma": 0.049119615031594774, "lamda": 0.21244399802050898}, "datetime": {"datetime": "2021-09-23 21:02:55", "elapsed": 203.717169, "delta": 1.09723}}
{"target": 0.9262863606880212, "params": {"C": 461.6485485391855, "epsilon": 0.905792366489505, "gamma": 0.04368291339057666, "lamda": 0.006823637035399659}, "datetime": {"datetime": "2021-09-23 21:02:56", "elapsed": 205.030566, "delta": 1.313397}}
{"target": 0.9047047954947998, "params": {"C": 462.17835796006284, "epsilon": 0.7779513838105001, "gamma": 0.04917607887155516, "lamda": 0.2067755782863813}, "datetime": {"datetime": "2021-09-23 21:02:57", "elapsed": 206.104419, "delta": 1.073853}}
{"target": 0.9094725989500465, "params": {"C": 428.5394967689445, "epsilon": 0.6538484239677366, "gamma": 0.036689217303910004, "lamda": 0.1580142410694586}, "datetime": {"datetime": "2021-09-23 21:03:00", "elapsed": 208.794158, "delta": 2.689739}}
{"target": 0.9251254191341772, "params": {"C": 432.337133155258, "epsilon": 0.15604013606188918, "gamma": 0.045199580805573555, "lamda": 0.10646564040672626}, "datetime": {"datetime": "2021-09-23 21:03:01", "elapsed": 209.736162, "delta": 0.942004}}
{"target": 0.9246796060693997, "params": {"C": 432.41999829346594, "epsilon": 0.11335449624211287, "gamma": 0.04825608553595663, "lamda": 0.14779839572443695}, "datetime": {"datetime": "2021-09-23 21:03:02", "elapsed": 211.333232, "delta": 1.59707}}
{"target": 0.9212289935225878, "params": {"C": 432.3859921170798, "epsilon": 0.26443617898052685, "gamma": 0.04631989317892991, "lamda": 0.008919467511892999}, "datetime": {"datetime": "2021-09-23 21:03:04", "elapsed": 213.14342, "delta": 1.810188}}
{"target": 0.9206869910121345, "params": {"C": 432.36307028033815, "epsilon": 0.23646229729844664, "gamma": 0.046557089400904174, "lamda": 0.15863094448805404}, "datetime": {"datetime": "2021-09-23 21:03:06", "elapsed": 214.707941, "delta": 1.564521}}
{"target": 0.9144856440097668, "params": {"C": 461.5938003965394, "epsilon": 0.8250489245997905, "gamma": 0.03211829231726701, "lamda": 0.06860859874925714}, "datetime": {"datetime": "2021-09-23 21:03:08", "elapsed": 217.064571, "delta": 2.35663}}
{"target": 0.9111508827136108, "params": {"C": 461.6217477840456, "epsilon": 0.9567495958432443, "gamma": 0.06107324372669186, "lamda": 0.09148814739538402}, "datetime": {"datetime": "2021-09-23 21:03:10", "elapsed": 218.671167, "delta": 1.606596}}
{"target": 0.9254001452480867, "params": {"C": 461.7472543854531, "epsilon": 0.7767431848921669, "gamma": 0.05133618584942751, "lamda": 0.009200214391371362}, "datetime": {"datetime": "2021-09-23 21:03:12", "elapsed": 220.823618, "delta": 2.152451}}
{"target": 0.9010959335766779, "params": {"C": 439.1630982968695, "epsilon": 0.8689558899552464, "gamma": 0.05492564117350407, "lamda": 0.22109825300748143}, "datetime": {"datetime": "2021-09-23 21:03:13", "elapsed": 222.086612, "delta": 1.262994}}
{"target": 0.896772317189947, "params": {"C": 483.09885037424556, "epsilon": 0.4501279224740865, "gamma": 0.07937823935940569, "lamda": 0.34181160608517963}, "datetime": {"datetime": "2021-09-23 21:03:15", "elapsed": 223.884533, "delta": 1.797921}}
{"target": 0.9220906992125476, "params": {"C": 432.4220974506679, "epsilon": 0.13592858165999405, "gamma": 0.03, "lamda": 0.041651543887112404}, "datetime": {"datetime": "2021-09-23 21:03:17", "elapsed": 225.629356, "delta": 1.744823}}
{"target": 0.8943846675488627, "params": {"C": 469.7470980925085, "epsilon": 0.8179732043622379, "gamma": 0.06398244030488293, "lamda": 0.29216842233352747}, "datetime": {"datetime": "2021-09-23 21:03:18", "elapsed": 227.100769, "delta": 1.471413}}
{"target": 0.9257671923634345, "params": {"C": 432.2157863574498, "epsilon": 0.17706766249136635, "gamma": 0.035368803412026195, "lamda": 0.05479080285299319}, "datetime": {"datetime": "2021-09-23 21:03:20", "elapsed": 228.562352, "delta": 1.461583}}
{"target": 0.917931882364836, "params": {"C": 461.77728001551935, "epsilon": 0.8614190527264953, "gamma": 0.06702603351847383, "lamda": 0.024541451534678307}, "datetime": {"datetime": "2021-09-23 21:03:21", "elapsed": 230.288506, "delta": 1.726154}}
{"target": 0.9131412480487152, "params": {"C": 459.43028263034086, "epsilon": 0.7517455768417639, "gamma": 0.07709184536251998, "lamda": 0.028410943211721836}, "datetime": {"datetime": "2021-09-23 21:03:23", "elapsed": 231.929351, "delta": 1.640845}}
{"target": 0.9114962161722836, "params": {"C": 405.5732653992442, "epsilon": 0.5248416812960333, "gamma": 0.07235326427555511, "lamda": 0.1074237885057579}, "datetime": {"datetime": "2021-09-23 21:03:24", "elapsed": 232.969768, "delta": 1.040417}}
{"target": 0.9183522376324151, "params": {"C": 432.25022056266897, "epsilon": 0.2934665636998597, "gamma": 0.06524376820621339, "lamda": 0.09319142261806349}, "datetime": {"datetime": "2021-09-23 21:03:25", "elapsed": 234.419802, "delta": 1.450034}}
{"target": 0.920605070698222, "params": {"C": 432.48239532686597, "epsilon": 0.23375328945460838, "gamma": 0.05527961217294287, "lamda": 0.13434791796544907}, "datetime": {"datetime": "2021-09-23 21:03:27", "elapsed": 236.017542, "delta": 1.59774}}
{"target": 0.9218901418401109, "params": {"C": 432.22309379165256, "epsilon": 0.10228542785731921, "gamma": 0.06129394355370462, "lamda": 0.10427735997965323}, "datetime": {"datetime": "2021-09-23 21:03:29", "elapsed": 237.553543, "delta": 1.536001}}
{"target": 0.9106120717401872, "params": {"C": 457.8466498304098, "epsilon": 0.23435641908216923, "gamma": 0.07683550430741568, "lamda": 0.19575192802480082}, "datetime": {"datetime": "2021-09-23 21:03:30", "elapsed": 238.600542, "delta": 1.046999}}
{"target": 0.9212423547407049, "params": {"C": 464.22251490042356, "epsilon": 0.4785583387215042, "gamma": 0.056980083943169876, "lamda": 0.056764854826753586}, "datetime": {"datetime": "2021-09-23 21:03:31", "elapsed": 239.686546, "delta": 1.086004}}
{"target": 0.916493898202557, "params": {"C": 450.46676214431176, "epsilon": 0.2098862450273653, "gamma": 0.032244930674334434, "lamda": 0.22761631835359566}, "datetime": {"datetime": "2021-09-23 21:03:32", "elapsed": 240.775474, "delta": 1.088928}}
{"target": 0.9229812801474235, "params": {"C": 432.33852266506176, "epsilon": 0.0540710677568271, "gamma": 0.0361354192395235, "lamda": 0.06484429999967402}, "datetime": {"datetime": "2021-09-23 21:03:34", "elapsed": 242.844439, "delta": 2.068965}}
{"target": 0.9155004553033107, "params": {"C": 492.0240450527195, "epsilon": 0.5735154209906408, "gamma": 0.04644382753065261, "lamda": 0.12252642915079322}, "datetime": {"datetime": "2021-09-23 21:03:35", "elapsed": 243.972444, "delta": 1.128005}}
{"target": 0.9254100094934672, "params": {"C": 461.69443094002276, "epsilon": 0.6591578112078317, "gamma": 0.038056747633201056, "lamda": 0.02039158331455699}, "datetime": {"datetime": "2021-09-23 21:03:37", "elapsed": 245.789194, "delta": 1.81675}}
{"target": 0.9161957366430169, "params": {"C": 432.29369109823307, "epsilon": 0.15159452160222536, "gamma": 0.03, "lamda": 0.005}, "datetime": {"datetime": "2021-09-23 21:03:39", "elapsed": 247.988013, "delta": 2.198819}}
{"target": 0.9134132944556492, "params": {"C": 432.1164648184748, "epsilon": 0.14223106408263392, "gamma": 0.06994544367585388, "lamda": 0.025463339747465594}, "datetime": {"datetime": "2021-09-23 21:03:42", "elapsed": 250.504944, "delta": 2.516931}}
{"target": 0.9039605515950437, "params": {"C": 461.79933775027564, "epsilon": 0.739588565625293, "gamma": 0.0693929799179118, "lamda": 0.17452768834909002}, "datetime": {"datetime": "2021-09-23 21:03:44", "elapsed": 252.657819, "delta": 2.152875}}
{"target": 0.9267721718372989, "params": {"C": 439.9289462815385, "epsilon": 0.4079940866834201, "gamma": 0.04713926512016867, "lamda": 0.02121924359339318}, "datetime": {"datetime": "2021-09-23 21:03:45", "elapsed": 254.091847, "delta": 1.434028}}
{"target": 0.9206145375520662, "params": {"C": 464.3877886547393, "epsilon": 0.05100740868446711, "gamma": 0.06196990096956468, "lamda": 0.23529696327024963}, "datetime": {"datetime": "2021-09-23 21:03:47", "elapsed": 256.388137, "delta": 2.29629}}
{"target": 0.9264845112863443, "params": {"C": 461.66680624789615, "epsilon": 0.5619458671103934, "gamma": 0.0451417674822506, "lamda": 0.010724652905692779}, "datetime": {"datetime": "2021-09-23 21:03:50", "elapsed": 258.47795, "delta": 2.089813}}
{"target": 0.9078698278220035, "params": {"C": 461.57441647203945, "epsilon": 0.5381102020907828, "gamma": 0.07797818888324554, "lamda": 0.12484611224045507}, "datetime": {"datetime": "2021-09-23 21:03:52", "elapsed": 260.564919, "delta": 2.086969}}
{"target": 0.9200486798812751, "params": {"C": 461.78798738524006, "epsilon": 0.5495871554169907, "gamma": 0.06421584504008332, "lamda": 0.03206039542872503}, "datetime": {"datetime": "2021-09-23 21:03:54", "elapsed": 263.432742, "delta": 2.867823}}
{"target": 0.9177262895793664, "params": {"C": 432.33030050706566, "epsilon": 0.047759473905061384, "gamma": 0.06813389767943401, "lamda": 0.1781825865148198}, "datetime": {"datetime": "2021-09-23 21:03:56", "elapsed": 265.107397, "delta": 1.674655}}
{"target": 0.9175862179131962, "params": {"C": 432.16264461832344, "epsilon": 0.23798229879622346, "gamma": 0.06533892575566472, "lamda": 0.13085494526125716}, "datetime": {"datetime": "2021-09-23 21:03:58", "elapsed": 267.008175, "delta": 1.900778}}
{"target": 0.9162919434137412, "params": {"C": 432.5448115406073, "epsilon": 0.14130967155948504, "gamma": 0.07183851984166531, "lamda": 0.09179415656250581}, "datetime": {"datetime": "2021-09-23 21:04:00", "elapsed": 268.998173, "delta": 1.989998}}
{"target": 0.9179502292469776, "params": {"C": 458.8347896562181, "epsilon": 0.6306722498829271, "gamma": 0.06675015356089772, "lamda": 0.012869908548940403}, "datetime": {"datetime": "2021-09-23 21:04:01", "elapsed": 270.450178, "delta": 1.452005}}
{"target": 0.8929296702331606, "params": {"C": 413.7442398747258, "epsilon": 0.9066557613141163, "gamma": 0.03541791611928001, "lamda": 0.28146315128805877}, "datetime": {"datetime": "2021-09-23 21:04:03", "elapsed": 271.718197, "delta": 1.268019}}
{"target": 0.9188878927025007, "params": {"C": 432.4646297092927, "epsilon": 0.15499860579372388, "gamma": 0.05664260545660335, "lamda": 0.23278945107270163}, "datetime": {"datetime": "2021-09-23 21:04:05", "elapsed": 273.771198, "delta": 2.053001}}
{"target": 0.922888941566233, "params": {"C": 440.73032906287216, "epsilon": 0.080843156322462, "gamma": 0.05640101566327273, "lamda": 0.18837265299367992}, "datetime": {"datetime": "2021-09-23 21:04:07", "elapsed": 276.099192, "delta": 2.327994}}
{"target": 0.9158011413518713, "params": {"C": 464.58192431240525, "epsilon": 0.44954602060603965, "gamma": 0.03252711913744282, "lamda": 0.11444022824495162}, "datetime": {"datetime": "2021-09-23 21:04:09", "elapsed": 278.134193, "delta": 2.035001}}
{"target": 0.920433491292642, "params": {"C": 440.70131912028904, "epsilon": 0.1135160695608414, "gamma": 0.05181506779294154, "lamda": 0.2785200653082281}, "datetime": {"datetime": "2021-09-23 21:04:11", "elapsed": 279.955195, "delta": 1.821002}}
{"target": 0.9226045091969791, "params": {"C": 487.59696049723357, "epsilon": 0.8695954284945514, "gamma": 0.03514624888143732, "lamda": 0.025182499409312397}, "datetime": {"datetime": "2021-09-23 21:04:12", "elapsed": 281.195192, "delta": 1.239997}}
{"target": 0.9224946388539751, "params": {"C": 436.11049752521404, "epsilon": 0.04293243332465948, "gamma": 0.055595877408069136, "lamda": 0.32056671013646065}, "datetime": {"datetime": "2021-09-23 21:04:13", "elapsed": 282.367194, "delta": 1.172002}}
{"target": 0.9111082927229247, "params": {"C": 469.9842356081863, "epsilon": 0.5328001993768217, "gamma": 0.06086332632632854, "lamda": 0.16367755871439896}, "datetime": {"datetime": "2021-09-23 21:04:15", "elapsed": 283.769197, "delta": 1.402003}}
{"target": 0.9076467930401835, "params": {"C": 487.564627357677, "epsilon": 0.8837964007495294, "gamma": 0.043164260495106486, "lamda": 0.14854815148950232}, "datetime": {"datetime": "2021-09-23 21:04:17", "elapsed": 285.929757, "delta": 2.16056}}
{"target": 0.917645878465467, "params": {"C": 439.84166926195354, "epsilon": 0.3702032508481091, "gamma": 0.06957820352123037, "lamda": 0.045993777714250866}, "datetime": {"datetime": "2021-09-23 21:04:19", "elapsed": 288.187719, "delta": 2.257962}}
{"target": 0.9241070716173934, "params": {"C": 464.2321819691846, "epsilon": 0.16259736578945413, "gamma": 0.03228498966910184, "lamda": 0.06816407262063601}, "datetime": {"datetime": "2021-09-23 21:04:21", "elapsed": 290.20476, "delta": 2.017041}}
{"target": 0.9045286936549888, "params": {"C": 428.6130128580603, "epsilon": 0.599686522097453, "gamma": 0.08, "lamda": 0.005}, "datetime": {"datetime": "2021-09-23 21:04:24", "elapsed": 292.58672, "delta": 2.38196}}
{"target": 0.9217853554178571, "params": {"C": 440.64943890966305, "epsilon": 0.0884057061649233, "gamma": 0.061034111738112524, "lamda": 0.1316599243801007}, "datetime": {"datetime": "2021-09-23 21:04:25", "elapsed": 294.31272, "delta": 1.726}}
{"target": 0.9213375358758766, "params": {"C": 428.59380023052324, "epsilon": 0.786976455600219, "gamma": 0.058107592853435454, "lamda": 0.0300765531950268}, "datetime": {"datetime": "2021-09-23 21:04:28", "elapsed": 296.539781, "delta": 2.227061}}
{"target": 0.9257010686818223, "params": {"C": 461.6790354916045, "epsilon": 0.8080102661526579, "gamma": 0.046852246163699464, "lamda": 0.007005357024358777}, "datetime": {"datetime": "2021-09-23 21:04:30", "elapsed": 298.775758, "delta": 2.235977}}
{"target": 0.9007698511506769, "params": {"C": 452.9329248218726, "epsilon": 0.4710866968149353, "gamma": 0.07222790741408874, "lamda": 0.30569193255718796}, "datetime": {"datetime": "2021-09-23 21:04:31", "elapsed": 300.018721, "delta": 1.242963}}
{"target": 0.9218493735908322, "params": {"C": 432.26946575090335, "epsilon": 0.1823404331104469, "gamma": 0.04946303148002621, "lamda": 0.16567039671330244}, "datetime": {"datetime": "2021-09-23 21:04:33", "elapsed": 302.032922, "delta": 2.014201}}
{"target": 0.9211089825595248, "params": {"C": 464.31839515006027, "epsilon": 0.45199679858548736, "gamma": 0.036871098034499124, "lamda": 0.07534534413605753}, "datetime": {"datetime": "2021-09-23 21:04:35", "elapsed": 304.404191, "delta": 2.371269}}
{"target": 0.9197732161181362, "params": {"C": 428.4940513404053, "epsilon": 0.7556570728290691, "gamma": 0.03, "lamda": 0.005}, "datetime": {"datetime": "2021-09-23 21:04:38", "elapsed": 306.63833, "delta": 2.234139}}
{"target": 0.9130710898198504, "params": {"C": 439.8064653725784, "epsilon": 0.24678481439262479, "gamma": 0.06779178511631179, "lamda": 0.2184258734082987}, "datetime": {"datetime": "2021-09-23 21:04:40", "elapsed": 309.088892, "delta": 2.450562}}
{"target": 0.9179355727364966, "params": {"C": 436.19973018702035, "epsilon": 0.10376429285793269, "gamma": 0.062226098539610475, "lamda": 0.28138460516011937}, "datetime": {"datetime": "2021-09-23 21:04:42", "elapsed": 311.177856, "delta": 2.088964}}
{"target": 0.9080746675216803, "params": {"C": 412.9035350464682, "epsilon": 0.3990254428055038, "gamma": 0.05984072148275445, "lamda": 0.2791863259240297}, "datetime": {"datetime": "2021-09-23 21:04:44", "elapsed": 312.76505, "delta": 1.587194}}
{"target": 0.9007530585415594, "params": {"C": 433.55317196885267, "epsilon": 0.5984587817127524, "gamma": 0.04928590549830665, "lamda": 0.32840789708172663}, "datetime": {"datetime": "2021-09-23 21:04:45", "elapsed": 314.252545, "delta": 1.487495}}
{"target": 0.9203705559473006, "params": {"C": 432.4576242499082, "epsilon": 0.031190827865211428, "gamma": 0.05817361804683266, "lamda": 0.10699206913337146}, "datetime": {"datetime": "2021-09-23 21:04:48", "elapsed": 316.586513, "delta": 2.333968}}
{"target": 0.9179721829493485, "params": {"C": 427.1999244196682, "epsilon": 0.9154118164113324, "gamma": 0.049049873071458805, "lamda": 0.05650913729412091}, "datetime": {"datetime": "2021-09-23 21:04:50", "elapsed": 318.912557, "delta": 2.326044}}
{"target": 0.9219979277111536, "params": {"C": 464.07306640090275, "epsilon": 0.19767526764936125, "gamma": 0.03522112273588841, "lamda": 0.1313392948438243}, "datetime": {"datetime": "2021-09-23 21:04:52", "elapsed": 320.661182, "delta": 1.748625}}
{"target": 0.922910213289724, "params": {"C": 461.73661526498387, "epsilon": 0.4263402949782681, "gamma": 0.03117717243848441, "lamda": 0.02896728886194575}, "datetime": {"datetime": "2021-09-23 21:04:54", "elapsed": 322.746966, "delta": 2.085784}}
{"target": 0.9192422488376003, "params": {"C": 440.7949604259457, "epsilon": 0.12656193948868305, "gamma": 0.06627339264562063, "lamda": 0.09476896907827093}, "datetime": {"datetime": "2021-09-23 21:04:56", "elapsed": 324.832886, "delta": 2.08592}}
{"target": 0.9187684908977967, "params": {"C": 435.31573317892514, "epsilon": 0.21658840424194875, "gamma": 0.04567979997774094, "lamda": 0.22527965668544148}, "datetime": {"datetime": "2021-09-23 21:04:57", "elapsed": 326.256544, "delta": 1.423658}}
