{"target": -1.9649090058171026, "params": {"C": 577.7800913029403, "epsilon": 0.2762027525945496, "gamma": 0.0411647607886851, "lamda": 0.06578288378081398}, "datetime": {"datetime": "2021-09-23 15:15:41", "elapsed": 112.662571, "delta": 0.905}}
{"target": -1.915693485961367, "params": {"C": 557.1484693511662, "epsilon": 0.3401847478708996, "gamma": 0.03093585043744452, "lamda": 0.019674168084734468}, "datetime": {"datetime": "2021-09-23 15:15:42", "elapsed": 113.711572, "delta": 1.049001}}
{"target": -1.997519974511181, "params": {"C": 557.0721762487469, "epsilon": 0.39619496144375177, "gamma": 0.0358570355646161, "lamda": 0.07225070528827363}, "datetime": {"datetime": "2021-09-23 15:15:43", "elapsed": 114.693568, "delta": 0.981996}}
{"target": -1.930121145059178, "params": {"C": 619.2053922056203, "epsilon": 0.4377158401767952, "gamma": 0.03921494730942376, "lamda": 0.015}, "datetime": {"datetime": "2021-09-23 15:15:44", "elapsed": 116.040571, "delta": 1.347003}}
{"target": -1.9913583165830602, "params": {"C": 619.1755532373506, "epsilon": 0.5136658133196096, "gamma": 0.044830194603247865, "lamda": 0.04171424988057075}, "datetime": {"datetime": "2021-09-23 15:15:45", "elapsed": 117.059567, "delta": 1.018996}}
{"target": -1.9173745614473925, "params": {"C": 619.1714446423646, "epsilon": 0.3722779568545855, "gamma": 0.03531680872356294, "lamda": 0.015}, "datetime": {"datetime": "2021-09-23 15:15:47", "elapsed": 118.553571, "delta": 1.494004}}
{"target": -2.0015758106905195, "params": {"C": 629.1531901529858, "epsilon": 0.15366661107353935, "gamma": 0.03943356725295635, "lamda": 0.18689581585637544}, "datetime": {"datetime": "2021-09-23 15:15:47", "elapsed": 119.394568, "delta": 0.840997}}
{"target": -1.9537618244024781, "params": {"C": 503.9561418623854, "epsilon": 0.14788431899568227, "gamma": 0.042195641919154515, "lamda": 0.11026186234059689}, "datetime": {"datetime": "2021-09-23 15:15:48", "elapsed": 120.42357, "delta": 1.029002}}
{"target": -1.9829417280103876, "params": {"C": 654.179998446383, "epsilon": 0.1279050836526286, "gamma": 0.03393906478143863, "lamda": 0.15710906083584142}, "datetime": {"datetime": "2021-09-23 15:15:49", "elapsed": 121.428571, "delta": 1.005001}}
{"target": -1.9374905015471995, "params": {"C": 500.6750810352558, "epsilon": 0.11585264960095899, "gamma": 0.04549039160116502, "lamda": 0.0998880908684894}, "datetime": {"datetime": "2021-09-23 15:15:50", "elapsed": 122.271574, "delta": 0.843003}}
{"target": -1.971548843580512, "params": {"C": 619.2594375681252, "epsilon": 0.3748834386173703, "gamma": 0.03774222689388303, "lamda": 0.05207693516133278}, "datetime": {"datetime": "2021-09-23 15:15:51", "elapsed": 123.340569, "delta": 1.068995}}
{"target": -1.9613337001615987, "params": {"C": 557.1312577187348, "epsilon": 0.2768104927169364, "gamma": 0.044542971132193146, "lamda": 0.059702759346780244}, "datetime": {"datetime": "2021-09-23 15:15:53", "elapsed": 124.869568, "delta": 1.528999}}
{"target": -2.0339997748567713, "params": {"C": 514.6058793396462, "epsilon": 0.7339880136980901, "gamma": 0.04812725865871445, "lamda": 0.07497182177500578}, "datetime": {"datetime": "2021-09-23 15:15:54", "elapsed": 125.716601, "delta": 0.847033}}
{"target": -2.049385862163698, "params": {"C": 598.7699221303639, "epsilon": 0.6428184602961131, "gamma": 0.030453521141477348, "lamda": 0.061769040830381136}, "datetime": {"datetime": "2021-09-23 15:15:55", "elapsed": 126.581571, "delta": 0.86497}}
{"target": -2.039331308447135, "params": {"C": 554.6757383494465, "epsilon": 0.6056836109335358, "gamma": 0.03244772524791977, "lamda": 0.06512869300431348}, "datetime": {"datetime": "2021-09-23 15:15:56", "elapsed": 127.588568, "delta": 1.006997}}
{"target": -2.09179163928914, "params": {"C": 627.8603165555176, "epsilon": 0.06165343419540761, "gamma": 0.04965376817536237, "lamda": 0.02042120742662533}, "datetime": {"datetime": "2021-09-23 15:15:57", "elapsed": 128.649575, "delta": 1.061007}}
{"target": -2.0394259490604583, "params": {"C": 656.4471824930965, "epsilon": 0.7067537079568224, "gamma": 0.04117541122210365, "lamda": 0.07477478970822657}, "datetime": {"datetime": "2021-09-23 15:15:57", "elapsed": 129.48857, "delta": 0.838995}}
{"target": -1.9614231162216826, "params": {"C": 622.7065907783058, "epsilon": 0.44718425967266473, "gamma": 0.04101161232108803, "lamda": 0.03684237178353478}, "datetime": {"datetime": "2021-09-23 15:15:58", "elapsed": 130.400571, "delta": 0.912001}}
{"target": -1.9257902595753846, "params": {"C": 504.029684251607, "epsilon": 0.10232221167222734, "gamma": 0.03312000938793421, "lamda": 0.10895771845859638}, "datetime": {"datetime": "2021-09-23 15:15:59", "elapsed": 131.428572, "delta": 1.028001}}
{"target": -2.010123596666141, "params": {"C": 555.701427447677, "epsilon": 0.7729501041281461, "gamma": 0.04036334152731128, "lamda": 0.04664041830821802}, "datetime": {"datetime": "2021-09-23 15:16:00", "elapsed": 132.258571, "delta": 0.829999}}
{"target": -2.0732625889146603, "params": {"C": 528.8049900650091, "epsilon": 0.48856384490574867, "gamma": 0.045605795724041664, "lamda": 0.1710054192328827}, "datetime": {"datetime": "2021-09-23 15:16:01", "elapsed": 133.195572, "delta": 0.937001}}
{"target": -1.9494746819804494, "params": {"C": 508.29150854230863, "epsilon": 0.22817642411310257, "gamma": 0.03, "lamda": 0.015}, "datetime": {"datetime": "2021-09-23 15:16:02", "elapsed": 134.417574, "delta": 1.222002}}
{"target": -1.9842740802069674, "params": {"C": 619.1365523907089, "epsilon": 0.34984286491923267, "gamma": 0.0348349623884583, "lamda": 0.06592329331851786}, "datetime": {"datetime": "2021-09-23 15:16:04", "elapsed": 135.499572, "delta": 1.081998}}
{"target": -1.917071867744763, "params": {"C": 627.9827066093973, "epsilon": 0.12374459792096715, "gamma": 0.03716959276785069, "lamda": 0.057959278164043546}, "datetime": {"datetime": "2021-09-23 15:16:05", "elapsed": 136.51657, "delta": 1.016998}}
{"target": -1.966296767460101, "params": {"C": 546.0564984170272, "epsilon": 0.04295654860140327, "gamma": 0.042567844924264235, "lamda": 0.10826187807079353}, "datetime": {"datetime": "2021-09-23 15:16:06", "elapsed": 137.687573, "delta": 1.171003}}
{"target": -2.0444446455094996, "params": {"C": 551.7028371812406, "epsilon": 0.0917558952235567, "gamma": 0.049727814885941066, "lamda": 0.031931723829421756}, "datetime": {"datetime": "2021-09-23 15:16:07", "elapsed": 138.559572, "delta": 0.871999}}
{"target": -1.9181957867640569, "params": {"C": 508.28682162188693, "epsilon": 0.08300256359594921, "gamma": 0.03873591422082124, "lamda": 0.07577327641424567}, "datetime": {"datetime": "2021-09-23 15:16:08", "elapsed": 139.94461, "delta": 1.385038}}
{"target": -2.053000704486274, "params": {"C": 518.937296595105, "epsilon": 0.31569744326549454, "gamma": 0.038664046878279304, "lamda": 0.18804970174086955}, "datetime": {"datetime": "2021-09-23 15:16:09", "elapsed": 140.77457, "delta": 0.82996}}
{"target": -1.9734226311661445, "params": {"C": 503.838814985425, "epsilon": 0.20686508479544363, "gamma": 0.047025799163537205, "lamda": 0.09465051464392006}, "datetime": {"datetime": "2021-09-23 15:16:10", "elapsed": 141.705106, "delta": 0.930536}}
{"target": -1.958068307140097, "params": {"C": 525.6017497323135, "epsilon": 0.14027837634604845, "gamma": 0.032335728114387764, "lamda": 0.12271309745131148}, "datetime": {"datetime": "2021-09-23 15:16:11", "elapsed": 142.638106, "delta": 0.933}}
{"target": -1.9424219397655456, "params": {"C": 632.676608218927, "epsilon": 0.03, "gamma": 0.03, "lamda": 0.13867406432543702}, "datetime": {"datetime": "2021-09-23 15:16:12", "elapsed": 143.845106, "delta": 1.207}}
{"target": -1.9717923320734223, "params": {"C": 500.6437246184318, "epsilon": 0.09187820984554267, "gamma": 0.04966262608878752, "lamda": 0.1615928543333744}, "datetime": {"datetime": "2021-09-23 15:16:13", "elapsed": 144.907107, "delta": 1.062001}}
{"target": -1.9354149113122578, "params": {"C": 500.77639024139495, "epsilon": 0.09474559367029242, "gamma": 0.043530822754539955, "lamda": 0.08252512442222341}, "datetime": {"datetime": "2021-09-23 15:16:14", "elapsed": 146.10111, "delta": 1.194003}}
{"target": -1.9989650194523496, "params": {"C": 627.9110325164522, "epsilon": 0.23791693995530525, "gamma": 0.04988487389129653, "lamda": 0.09648625519789522}, "datetime": {"datetime": "2021-09-23 15:16:15", "elapsed": 147.421107, "delta": 1.319997}}
{"target": -1.9370253973189335, "params": {"C": 500.7215917183063, "epsilon": 0.09673229969219689, "gamma": 0.035196430653866226, "lamda": 0.13558734165775133}, "datetime": {"datetime": "2021-09-23 15:16:17", "elapsed": 148.710148, "delta": 1.289041}}
{"target": -2.0103337837254975, "params": {"C": 635.8213468341755, "epsilon": 0.19447321160126815, "gamma": 0.04357375535004762, "lamda": 0.17797185578088498}, "datetime": {"datetime": "2021-09-23 15:16:18", "elapsed": 149.598108, "delta": 0.88796}}
{"target": -2.0348860798278268, "params": {"C": 630.0199104874373, "epsilon": 0.36600797241688854, "gamma": 0.03425687613010572, "lamda": 0.1141476945826166}, "datetime": {"datetime": "2021-09-23 15:16:18", "elapsed": 150.476105, "delta": 0.877997}}
{"target": -2.0434811164566384, "params": {"C": 621.7202759133108, "epsilon": 0.2975818454103778, "gamma": 0.04389527840966124, "lamda": 0.1940274018073676}, "datetime": {"datetime": "2021-09-23 15:16:20", "elapsed": 151.515106, "delta": 1.039001}}
{"target": -2.1357911695623812, "params": {"C": 669.4553589918041, "epsilon": 0.687772811959239, "gamma": 0.03505969862820443, "lamda": 0.16014632156799347}, "datetime": {"datetime": "2021-09-23 15:16:20", "elapsed": 152.394104, "delta": 0.878998}}
{"target": -2.0045720969502576, "params": {"C": 508.3328794526447, "epsilon": 0.0352291627324222, "gamma": 0.03491675415510607, "lamda": 0.03295257843809114}, "datetime": {"datetime": "2021-09-23 15:16:22", "elapsed": 153.70914, "delta": 1.315036}}
{"target": -1.9985338342586616, "params": {"C": 500.73574332328434, "epsilon": 0.11007227756520262, "gamma": 0.04670544957380934, "lamda": 0.040080416597574386}, "datetime": {"datetime": "2021-09-23 15:16:23", "elapsed": 154.907142, "delta": 1.198002}}
{"target": -1.9723531600684412, "params": {"C": 528.1857140173857, "epsilon": 0.4735870858434421, "gamma": 0.04834913627275206, "lamda": 0.03691301404074177}, "datetime": {"datetime": "2021-09-23 15:16:24", "elapsed": 155.835106, "delta": 0.927964}}
{"target": -2.004639580993058, "params": {"C": 679.727724897195, "epsilon": 0.49722040935306255, "gamma": 0.03353739207030659, "lamda": 0.05789158490883554}, "datetime": {"datetime": "2021-09-23 15:16:25", "elapsed": 156.763107, "delta": 0.928001}}
{"target": -1.9654098162057243, "params": {"C": 503.9664147641818, "epsilon": 0.054048458762241305, "gamma": 0.04625105965029315, "lamda": 0.10595755962579165}, "datetime": {"datetime": "2021-09-23 15:16:26", "elapsed": 157.819109, "delta": 1.056002}}
{"target": -1.9273417333350746, "params": {"C": 500.7984254659776, "epsilon": 0.06007572983320637, "gamma": 0.030809268875265545, "lamda": 0.14320147047718118}, "datetime": {"datetime": "2021-09-23 15:16:27", "elapsed": 158.885108, "delta": 1.065999}}
{"target": -1.9543039317104576, "params": {"C": 508.23476425017725, "epsilon": 0.1499239857719309, "gamma": 0.04864301605705833, "lamda": 0.08480522514041207}, "datetime": {"datetime": "2021-09-23 15:16:28", "elapsed": 159.990107, "delta": 1.104999}}
{"target": -1.9508714151973094, "params": {"C": 508.34712521177823, "epsilon": 0.10238675581575132, "gamma": 0.04762867358252282, "lamda": 0.08793383065017535}, "datetime": {"datetime": "2021-09-23 15:16:29", "elapsed": 161.215108, "delta": 1.225001}}
{"target": -1.9684444965162196, "params": {"C": 500.8211006847072, "epsilon": 0.15381300647850338, "gamma": 0.03857458521319472, "lamda": 0.13379908988514694}, "datetime": {"datetime": "2021-09-23 15:16:31", "elapsed": 162.526108, "delta": 1.311}}
{"target": -1.9357415653688488, "params": {"C": 504.12983117088095, "epsilon": 0.051081053382418126, "gamma": 0.04268472391159271, "lamda": 0.13335843117893642}, "datetime": {"datetime": "2021-09-23 15:16:32", "elapsed": 163.736105, "delta": 1.209997}}
{"target": -2.1392518129555387, "params": {"C": 545.6918521369846, "epsilon": 0.6172678646452165, "gamma": 0.03846319681269529, "lamda": 0.1952331574328539}, "datetime": {"datetime": "2021-09-23 15:16:33", "elapsed": 164.790105, "delta": 1.054}}
{"target": -1.971411469491134, "params": {"C": 654.0922135853558, "epsilon": 0.031940914395841485, "gamma": 0.04666012027403491, "lamda": 0.19079983065580786}, "datetime": {"datetime": "2021-09-23 15:16:34", "elapsed": 166.198106, "delta": 1.408001}}
{"target": -2.0063714942384725, "params": {"C": 500.6980282437678, "epsilon": 0.03068304734295177, "gamma": 0.041044312360236763, "lamda": 0.08344248922991392}, "datetime": {"datetime": "2021-09-23 15:16:36", "elapsed": 167.569112, "delta": 1.371006}}
{"target": -2.0523622153773906, "params": {"C": 578.22866702577, "epsilon": 0.06629686530507059, "gamma": 0.04458490296677467, "lamda": 0.028735636055091468}, "datetime": {"datetime": "2021-09-23 15:16:37", "elapsed": 169.150631, "delta": 1.581519}}
{"target": -1.9335048257702037, "params": {"C": 546.1869320295821, "epsilon": 0.045444865246904, "gamma": 0.034551697605549284, "lamda": 0.11052078405170672}, "datetime": {"datetime": "2021-09-23 15:16:38", "elapsed": 170.328629, "delta": 1.177998}}
{"target": -2.0946669883150735, "params": {"C": 590.4634384570742, "epsilon": 0.7083602840299935, "gamma": 0.04908698484751661, "lamda": 0.13806003916214804}, "datetime": {"datetime": "2021-09-23 15:16:39", "elapsed": 171.41563, "delta": 1.087001}}
{"target": -2.0020311828155344, "params": {"C": 628.0221170735003, "epsilon": 0.285938215050621, "gamma": 0.048857924314533854, "lamda": 0.016885254294642042}, "datetime": {"datetime": "2021-09-23 15:16:41", "elapsed": 172.642633, "delta": 1.227003}}
{"target": -2.0058527656013827, "params": {"C": 684.7197914378414, "epsilon": 0.2866795681990044, "gamma": 0.03764784601263791, "lamda": 0.1121573155285928}, "datetime": {"datetime": "2021-09-23 15:16:42", "elapsed": 173.600632, "delta": 0.957999}}
{"target": -1.9346930955474881, "params": {"C": 623.297097078371, "epsilon": 0.7252166208215658, "gamma": 0.035473165356230664, "lamda": 0.015854108484934015}, "datetime": {"datetime": "2021-09-23 15:16:43", "elapsed": 174.679631, "delta": 1.078999}}
{"target": -2.064810206842473, "params": {"C": 624.3567159201257, "epsilon": 0.6237346036433867, "gamma": 0.03767043154862206, "lamda": 0.10950248603286213}, "datetime": {"datetime": "2021-09-23 15:16:44", "elapsed": 175.604631, "delta": 0.925}}
{"target": -1.9156357305997307, "params": {"C": 571.0342121058331, "epsilon": 0.09878612269177207, "gamma": 0.03779825981434633, "lamda": 0.07474088276274045}, "datetime": {"datetime": "2021-09-23 15:16:45", "elapsed": 176.950634, "delta": 1.346003}}
{"target": -1.9116740950652176, "params": {"C": 564.674266310516, "epsilon": 0.13005247914191204, "gamma": 0.03607983232222942, "lamda": 0.0625218822158085}, "datetime": {"datetime": "2021-09-23 15:16:46", "elapsed": 177.930631, "delta": 0.979997}}
{"target": -1.9480781990590368, "params": {"C": 570.9833679388698, "epsilon": 0.1339442331287498, "gamma": 0.04585080374313365, "lamda": 0.08976421450839348}, "datetime": {"datetime": "2021-09-23 15:16:47", "elapsed": 179.053637, "delta": 1.123006}}
{"target": -2.0204880400922507, "params": {"C": 503.9906141922571, "epsilon": 0.06652707531750399, "gamma": 0.03951301985209263, "lamda": 0.018054576375485177}, "datetime": {"datetime": "2021-09-23 15:16:49", "elapsed": 180.671633, "delta": 1.617996}}
{"target": -1.952571632772234, "params": {"C": 564.7261405606763, "epsilon": 0.1938927514637154, "gamma": 0.03662283576036167, "lamda": 0.08695373349440505}, "datetime": {"datetime": "2021-09-23 15:16:50", "elapsed": 181.867634, "delta": 1.196001}}
{"target": -1.9577105707649363, "params": {"C": 508.2923547393808, "epsilon": 0.12642786748765447, "gamma": 0.03639755878191063, "lamda": 0.030302934408221918}, "datetime": {"datetime": "2021-09-23 15:16:51", "elapsed": 183.371632, "delta": 1.503998}}
{"target": -1.964836995499835, "params": {"C": 571.023669781339, "epsilon": 0.11572150218949147, "gamma": 0.041166331810327354, "lamda": 0.14501586332209865}, "datetime": {"datetime": "2021-09-23 15:16:53", "elapsed": 184.561631, "delta": 1.189999}}
{"target": -1.920408722895841, "params": {"C": 564.5887679965223, "epsilon": 0.11594941095919875, "gamma": 0.03941982986845582, "lamda": 0.07340394077671089}, "datetime": {"datetime": "2021-09-23 15:16:54", "elapsed": 186.189672, "delta": 1.628041}}
{"target": -2.0752652386142585, "params": {"C": 578.326196593739, "epsilon": 0.6959752940881854, "gamma": 0.039970256469401624, "lamda": 0.11621057419337737}, "datetime": {"datetime": "2021-09-23 15:16:55", "elapsed": 187.189667, "delta": 0.999995}}
{"target": -2.044739175026501, "params": {"C": 666.1977007484911, "epsilon": 0.3635036085619038, "gamma": 0.049751295743762275, "lamda": 0.17274720791331194}, "datetime": {"datetime": "2021-09-23 15:16:56", "elapsed": 188.309696, "delta": 1.120029}}
{"target": -2.0215327051418956, "params": {"C": 564.6785147574863, "epsilon": 0.17497345715821047, "gamma": 0.03153250479652491, "lamda": 0.17038126154167071}, "datetime": {"datetime": "2021-09-23 15:16:57", "elapsed": 189.49416, "delta": 1.184464}}
{"target": -2.0954854098728384, "params": {"C": 639.494196185017, "epsilon": 0.6555045024318795, "gamma": 0.04359297612195317, "lamda": 0.14949660286506983}, "datetime": {"datetime": "2021-09-23 15:16:59", "elapsed": 190.52517, "delta": 1.03101}}
{"target": -1.970217188264033, "params": {"C": 564.5862865390005, "epsilon": 0.19387783853598178, "gamma": 0.047977978016186085, "lamda": 0.0336932423405788}, "datetime": {"datetime": "2021-09-23 15:17:00", "elapsed": 191.866193, "delta": 1.341023}}
{"target": -1.9376794817175103, "params": {"C": 564.6674359704892, "epsilon": 0.09758255865601999, "gamma": 0.044229544073397915, "lamda": 0.09055094466005016}, "datetime": {"datetime": "2021-09-23 15:17:01", "elapsed": 192.993193, "delta": 1.127}}
{"target": -1.9743126344437927, "params": {"C": 623.3258669516014, "epsilon": 0.6470307315640504, "gamma": 0.049433787065234505, "lamda": 0.019344736667527035}, "datetime": {"datetime": "2021-09-23 15:17:02", "elapsed": 194.276828, "delta": 1.283635}}
{"target": -1.9953795199999804, "params": {"C": 511.1465307984883, "epsilon": 0.42281246865767597, "gamma": 0.046941305710222044, "lamda": 0.0629706351229499}, "datetime": {"datetime": "2021-09-23 15:17:03", "elapsed": 195.31783, "delta": 1.041002}}
{"target": -2.0368253317143186, "params": {"C": 571.1124517566254, "epsilon": 0.03214110158704433, "gamma": 0.04588737407747026, "lamda": 0.07544204937004106}, "datetime": {"datetime": "2021-09-23 15:17:05", "elapsed": 196.661513, "delta": 1.343683}}
{"target": -1.965934366957842, "params": {"C": 508.23071950087905, "epsilon": 0.06830989251698616, "gamma": 0.049070632195695366, "lamda": 0.11393510612857989}, "datetime": {"datetime": "2021-09-23 15:17:06", "elapsed": 198.040834, "delta": 1.379321}}
{"target": -2.037668819372008, "params": {"C": 564.5534448955854, "epsilon": 0.042917501843958705, "gamma": 0.030593043114972067, "lamda": 0.01691676050527622}, "datetime": {"datetime": "2021-09-23 15:17:08", "elapsed": 199.610397, "delta": 1.569563}}
{"target": -1.996489984407434, "params": {"C": 615.6932996608195, "epsilon": 0.1922210749415158, "gamma": 0.048734201722966275, "lamda": 0.10433951059389404}, "datetime": {"datetime": "2021-09-23 15:17:09", "elapsed": 200.653668, "delta": 1.043271}}
{"target": -1.9179972208301181, "params": {"C": 578.4012678040542, "epsilon": 0.045285584750217, "gamma": 0.036548874245120176, "lamda": 0.12355849489648679}, "datetime": {"datetime": "2021-09-23 15:17:10", "elapsed": 201.672933, "delta": 1.019265}}
{"target": -1.9793153898702531, "params": {"C": 600.9335242886235, "epsilon": 0.17279629759904258, "gamma": 0.030897972269733773, "lamda": 0.11926333897573467}, "datetime": {"datetime": "2021-09-23 15:17:11", "elapsed": 202.680728, "delta": 1.007795}}
{"target": -1.9906120558213527, "params": {"C": 500.84808998858733, "epsilon": 0.032513192959623516, "gamma": 0.03640140384476941, "lamda": 0.06601286352431025}, "datetime": {"datetime": "2021-09-23 15:17:12", "elapsed": 204.37923, "delta": 1.698502}}
{"target": -2.0062536386668137, "params": {"C": 684.048090105439, "epsilon": 0.46145038573483854, "gamma": 0.03657753101226105, "lamda": 0.07004402377948543}, "datetime": {"datetime": "2021-09-23 15:17:13", "elapsed": 205.373228, "delta": 0.993998}}
{"target": -1.9423175128886019, "params": {"C": 564.6582300000899, "epsilon": 0.19488720387630823, "gamma": 0.03448058288808813, "lamda": 0.07573248799614647}, "datetime": {"datetime": "2021-09-23 15:17:15", "elapsed": 206.677402, "delta": 1.304174}}
{"target": -1.925902007308394, "params": {"C": 503.91434730208226, "epsilon": 0.12221679965434981, "gamma": 0.04278057845917766, "lamda": 0.08950532397716517}, "datetime": {"datetime": "2021-09-23 15:17:16", "elapsed": 207.952448, "delta": 1.275046}}
{"target": -2.077334022763967, "params": {"C": 570.979444764959, "epsilon": 0.03475403400001908, "gamma": 0.0454260343806403, "lamda": 0.025957039762872197}, "datetime": {"datetime": "2021-09-23 15:17:18", "elapsed": 209.901369, "delta": 1.948921}}
{"target": -1.98838875113661, "params": {"C": 606.2005324981902, "epsilon": 0.15254163045211253, "gamma": 0.048752898964830496, "lamda": 0.11409081810579737}, "datetime": {"datetime": "2021-09-23 15:17:19", "elapsed": 211.463371, "delta": 1.562002}}
{"target": -2.094306554305093, "params": {"C": 587.9690095302367, "epsilon": 0.7904961194606811, "gamma": 0.03706997156854854, "lamda": 0.1106536444752257}, "datetime": {"datetime": "2021-09-23 15:17:20", "elapsed": 212.477259, "delta": 1.013888}}
