{"target": 0.9016700956579842, "params": {"C": 2177.810432442442, "epsilon": 0.9706437187470232, "gamma": 0.046747562496621535, "lamda": 0.19747547043438402}, "datetime": {"datetime": "2021-09-24 09:43:22", "elapsed": 135.783694, "delta": 0.982509}}
{"target": 0.9217065988239113, "params": {"C": 2171.0890710539197, "epsilon": 0.17998400187653382, "gamma": 0.054238940631976096, "lamda": 0.14901654730523006}, "datetime": {"datetime": "2021-09-24 09:43:22", "elapsed": 136.624953, "delta": 0.841259}}
{"target": 0.9153641493895663, "params": {"C": 2206.062600214314, "epsilon": 0.11898767229469398, "gamma": 0.07, "lamda": 0.08198703058006912}, "datetime": {"datetime": "2021-09-24 09:43:24", "elapsed": 137.865641, "delta": 1.240688}}
{"target": 0.9309657366024624, "params": {"C": 2219.234890113654, "epsilon": 0.5771251866924969, "gamma": 0.03158092023183888, "lamda": 0.008822648058223678}, "datetime": {"datetime": "2021-09-24 09:43:25", "elapsed": 139.165586, "delta": 1.299945}}
{"target": 0.9220919219707533, "params": {"C": 2132.143936561209, "epsilon": 0.21456019443536548, "gamma": 0.057313333815752765, "lamda": 0.10093952288296197}, "datetime": {"datetime": "2021-09-24 09:43:26", "elapsed": 140.321452, "delta": 1.155866}}
{"target": 0.902581668047146, "params": {"C": 2192.4647380826723, "epsilon": 0.8784011947375866, "gamma": 0.035864657870234413, "lamda": 0.18268796728063807}, "datetime": {"datetime": "2021-09-24 09:43:27", "elapsed": 141.279045, "delta": 0.957593}}
{"target": 0.9180077024383428, "params": {"C": 2206.1453190528528, "epsilon": 0.13372410027622306, "gamma": 0.06255792793811762, "lamda": 0.22847129824698714}, "datetime": {"datetime": "2021-09-24 09:43:28", "elapsed": 142.278554, "delta": 0.999509}}
{"target": 0.8795026114683641, "params": {"C": 2271.014781662265, "epsilon": 0.4492766887690173, "gamma": 0.016580179125591267, "lamda": 0.372529342562119}, "datetime": {"datetime": "2021-09-24 09:43:29", "elapsed": 143.184962, "delta": 0.906408}}
{"target": 0.9182161610477995, "params": {"C": 2146.0542024374067, "epsilon": 0.19917234948254656, "gamma": 0.06618898389239536, "lamda": 0.12409462870288111}, "datetime": {"datetime": "2021-09-24 09:43:30", "elapsed": 144.182643, "delta": 0.997681}}
{"target": 0.9170894832700469, "params": {"C": 2219.1443213944663, "epsilon": 0.6507954945441368, "gamma": 0.05100778250398615, "lamda": 0.08828903941001828}, "datetime": {"datetime": "2021-09-24 09:43:31", "elapsed": 145.418194, "delta": 1.235551}}
{"target": 0.906275640281266, "params": {"C": 2225.485088261453, "epsilon": 0.3693580054067216, "gamma": 0.02634467881683837, "lamda": 0.21723529157773994}, "datetime": {"datetime": "2021-09-24 09:43:32", "elapsed": 146.339348, "delta": 0.921154}}
{"target": 0.9251315187154311, "params": {"C": 2132.4838576604584, "epsilon": 0.22944958757810713, "gamma": 0.02323081584342244, "lamda": 0.008078036747332202}, "datetime": {"datetime": "2021-09-24 09:43:34", "elapsed": 147.781464, "delta": 1.442116}}
{"target": 0.9209460355868597, "params": {"C": 2177.7800913029405, "epsilon": 0.3401515195022249, "gamma": 0.0434942823660553, "lamda": 0.11052632772186367}, "datetime": {"datetime": "2021-09-24 09:43:34", "elapsed": 148.710822, "delta": 0.929358}}
{"target": 0.9148404605859806, "params": {"C": 2132.39671277607, "epsilon": 0.43834220626866993, "gamma": 0.06489314706260955, "lamda": 0.11643821737274229}, "datetime": {"datetime": "2021-09-24 09:43:36", "elapsed": 149.778406, "delta": 1.067584}}
{"target": 0.9164304479760491, "params": {"C": 2254.1338277334894, "epsilon": 0.11221828392654225, "gamma": 0.02459828739563067, "lamda": 0.23200685008716046}, "datetime": {"datetime": "2021-09-24 09:43:37", "elapsed": 150.96688, "delta": 1.188474}}
{"target": 0.9163874569515399, "params": {"C": 2219.2064969261564, "epsilon": 0.5333821886118552, "gamma": 0.07, "lamda": 0.05273526803541699}, "datetime": {"datetime": "2021-09-24 09:43:38", "elapsed": 151.992676, "delta": 1.025796}}
{"target": 0.9055382396767808, "params": {"C": 2132.4913932554173, "epsilon": 0.3710493856351551, "gamma": 0.010984242516350167, "lamda": 0.010987842408987928}, "datetime": {"datetime": "2021-09-24 09:43:39", "elapsed": 153.322912, "delta": 1.330236}}
{"target": 0.9196692861029202, "params": {"C": 2219.202027163006, "epsilon": 0.6373468948681238, "gamma": 0.021997383612886993, "lamda": 0.022791391043032454}, "datetime": {"datetime": "2021-09-24 09:43:41", "elapsed": 155.294684, "delta": 1.971772}}
{"target": 0.9146788825614072, "params": {"C": 2229.1531901529856, "epsilon": 0.18578780875497816, "gamma": 0.03830070175886905, "lamda": 0.371737462306453}, "datetime": {"datetime": "2021-09-24 09:43:42", "elapsed": 156.215344, "delta": 0.92066}}
{"target": 0.9264557458988419, "params": {"C": 2286.9458757845923, "epsilon": 0.8355559808426618, "gamma": 0.04859988639494354, "lamda": 0.011429990677623385}, "datetime": {"datetime": "2021-09-24 09:43:43", "elapsed": 157.329967, "delta": 1.114623}}
{"target": 0.9103341997439235, "params": {"C": 2286.9260008136853, "epsilon": 0.8485524283572761, "gamma": 0.033059206596657856, "lamda": 0.10088910560940814}, "datetime": {"datetime": "2021-09-24 09:43:44", "elapsed": 158.325808, "delta": 0.995841}}
{"target": 0.9211582309307021, "params": {"C": 2100.675081035256, "epsilon": 0.13815203910770157, "gamma": 0.05647117480349506, "lamda": 0.18408296354879608}, "datetime": {"datetime": "2021-09-24 09:43:45", "elapsed": 159.226917, "delta": 0.901109}}
{"target": 0.9214946319829403, "params": {"C": 2219.19009098293, "epsilon": 0.5418086510381613, "gamma": 0.058115983461079095, "lamda": 0.04407531145369703}, "datetime": {"datetime": "2021-09-24 09:43:46", "elapsed": 160.075386, "delta": 0.848469}}
{"target": 0.8976794981178634, "params": {"C": 2219.309936214396, "epsilon": 0.5846437689306236, "gamma": 0.01, "lamda": 0.001}, "datetime": {"datetime": "2021-09-24 09:43:48", "elapsed": 162.035906, "delta": 1.96052}}
{"target": 0.9066054105484423, "params": {"C": 2114.605879339646, "epsilon": 0.9168420432300616, "gamma": 0.06438177597614335, "lamda": 0.1303446318282557}, "datetime": {"datetime": "2021-09-24 09:43:49", "elapsed": 163.005295, "delta": 0.969389}}
{"target": 0.8792506735462944, "params": {"C": 2198.7699221303637, "epsilon": 0.8019920863470515, "gamma": 0.011360563424432047, "lamda": 0.10186944481795716}, "datetime": {"datetime": "2021-09-24 09:43:50", "elapsed": 164.064205, "delta": 1.05891}}
{"target": 0.9151848218371099, "params": {"C": 2155.2006894280867, "epsilon": 0.8461560554425004, "gamma": 0.05249546970659471, "lamda": 0.08083345637645656}, "datetime": {"datetime": "2021-09-24 09:43:51", "elapsed": 165.268193, "delta": 1.203988}}
{"target": 0.9090279904606607, "params": {"C": 2145.9951550381397, "epsilon": 0.15414795145441335, "gamma": 0.01228105960463272, "lamda": 0.025705050927184385}, "datetime": {"datetime": "2021-09-24 09:43:52", "elapsed": 166.474199, "delta": 1.206006}}
{"target": 0.9096224274807506, "params": {"C": 2256.4471824930965, "epsilon": 0.8825338918417113, "gamma": 0.04352623366631094, "lamda": 0.12991968158693193}, "datetime": {"datetime": "2021-09-24 09:43:53", "elapsed": 167.562705, "delta": 1.088506}}
{"target": 0.923587598522197, "params": {"C": 2222.706590778306, "epsilon": 0.5555438076395907, "gamma": 0.04303483696326408, "lamda": 0.048108682927731766}, "datetime": {"datetime": "2021-09-24 09:43:54", "elapsed": 168.417957, "delta": 0.855252}}
{"target": 0.9199163243840797, "params": {"C": 2206.113460701089, "epsilon": 0.16993246231555031, "gamma": 0.046540360877995963, "lamda": 0.02087009819651236}, "datetime": {"datetime": "2021-09-24 09:43:55", "elapsed": 169.6487, "delta": 1.230743}}
{"target": 0.915426853350278, "params": {"C": 2155.701427447677, "epsilon": 0.9659241571484438, "gamma": 0.04109002458193385, "lamda": 0.0692406859728594}, "datetime": {"datetime": "2021-09-24 09:43:56", "elapsed": 170.593683, "delta": 0.944983}}
{"target": 0.8990294432846726, "params": {"C": 2128.804990065009, "epsilon": 0.60767133708906, "gamma": 0.05681738717212499, "lamda": 0.3374657420211903}, "datetime": {"datetime": "2021-09-24 09:43:57", "elapsed": 171.423447, "delta": 0.829764}}
{"target": 0.9196913689768742, "params": {"C": 2132.491639261231, "epsilon": 0.2535961821529077, "gamma": 0.06471361836900814, "lamda": 0.06975705524704183}, "datetime": {"datetime": "2021-09-24 09:43:59", "elapsed": 172.991293, "delta": 1.567846}}
{"target": 0.9285113998951173, "params": {"C": 2132.7653709397637, "epsilon": 0.15949518640535218, "gamma": 0.03842623142262673, "lamda": 0.0783001732730314}, "datetime": {"datetime": "2021-09-24 09:44:00", "elapsed": 174.23204, "delta": 1.240747}}
{"target": 0.9090572230142332, "params": {"C": 2155.34987357921, "epsilon": 0.8210704571604245, "gamma": 0.06596153652254631, "lamda": 0.11400817504039643}, "datetime": {"datetime": "2021-09-24 09:44:01", "elapsed": 175.547068, "delta": 1.315028}}
{"target": 0.9161075301868709, "params": {"C": 2132.685061198851, "epsilon": 0.14821198222363632, "gamma": 0.016701603269756494, "lamda": 0.06416391985393216}, "datetime": {"datetime": "2021-09-24 09:44:03", "elapsed": 176.868495, "delta": 1.321427}}
{"target": 0.9022627708140142, "params": {"C": 2151.7028371812407, "epsilon": 0.10779638748941558, "gamma": 0.0691834446578232, "lamda": 0.03751760977264476}, "datetime": {"datetime": "2021-09-24 09:44:04", "elapsed": 178.024866, "delta": 1.156371}}
{"target": 0.9131028560502817, "params": {"C": 2206.2061690554833, "epsilon": 0.1541512641260157, "gamma": 0.015458231765088832, "lamda": 0.06798131962018017}, "datetime": {"datetime": "2021-09-24 09:44:05", "elapsed": 179.455907, "delta": 1.431041}}
{"target": 0.9036955699209536, "params": {"C": 2118.9372965951047, "epsilon": 0.3899045713864021, "gamma": 0.0359921406348379, "lamda": 0.37422611348436186}, "datetime": {"datetime": "2021-09-24 09:44:06", "elapsed": 180.428092, "delta": 0.972185}}
{"target": 0.9179588186197281, "params": {"C": 2132.8032774199246, "epsilon": 0.12376040382993353, "gamma": 0.022203999011101712, "lamda": 0.14185078989580674}, "datetime": {"datetime": "2021-09-24 09:44:07", "elapsed": 181.387542, "delta": 0.95945}}
{"target": 0.9025556130392196, "params": {"C": 2125.6017497323132, "epsilon": 0.1689221104619052, "gamma": 0.017007184343163298, "lamda": 0.23331095071931504}, "datetime": {"datetime": "2021-09-24 09:44:08", "elapsed": 182.582159, "delta": 1.194617}}
{"target": 0.9247921351786117, "params": {"C": 2146.243734062876, "epsilon": 0.10440576942509514, "gamma": 0.052026758279403236, "lamda": 0.151039208960207}, "datetime": {"datetime": "2021-09-24 09:44:09", "elapsed": 183.564992, "delta": 0.982833}}
{"target": 0.9122348891427722, "params": {"C": 2132.5601353195957, "epsilon": 0.2563188533196974, "gamma": 0.06919880729764537, "lamda": 0.027251919023444357}, "datetime": {"datetime": "2021-09-24 09:44:11", "elapsed": 184.986786, "delta": 1.421794}}
{"target": 0.910442540722737, "params": {"C": 2219.145091403148, "epsilon": 0.4647863564000826, "gamma": 0.012769899347972829, "lamda": 0.009687409651195827}, "datetime": {"datetime": "2021-09-24 09:44:12", "elapsed": 186.457121, "delta": 1.470335}}
{"target": 0.9008420653589597, "params": {"C": 2146.294340697445, "epsilon": 0.1477353888853361, "gamma": 0.013087856036687382, "lamda": 0.1540670365967339}, "datetime": {"datetime": "2021-09-24 09:44:13", "elapsed": 187.59728, "delta": 1.140159}}
{"target": 0.9225359391704, "params": {"C": 2104.1280715161492, "epsilon": 0.18045331307485665, "gamma": 0.04422864000197317, "lamda": 0.16436830094254937}, "datetime": {"datetime": "2021-09-24 09:44:15", "elapsed": 189.27165, "delta": 1.67437}}
{"target": 0.9127789598990402, "params": {"C": 2235.8213468341755, "epsilon": 0.23719352630289625, "gamma": 0.050721266050142856, "lamda": 0.35249065111661143}, "datetime": {"datetime": "2021-09-24 09:44:16", "elapsed": 190.343137, "delta": 1.071487}}
{"target": 0.8997270814961212, "params": {"C": 2230.0199104874373, "epsilon": 0.4532827704472492, "gamma": 0.022770628390317182, "lamda": 0.21483746020791367}, "datetime": {"datetime": "2021-09-24 09:44:17", "elapsed": 191.20461, "delta": 0.861473}}
{"target": 0.9058593119783914, "params": {"C": 2221.7202759133106, "epsilon": 0.36708362343904744, "gamma": 0.05168583522898372, "lamda": 0.38711855849264687}, "datetime": {"datetime": "2021-09-24 09:44:18", "elapsed": 192.186731, "delta": 0.982121}}
{"target": 0.8836408419237841, "params": {"C": 2269.455358991804, "epsilon": 0.8586228929876127, "gamma": 0.02517909588461329, "lamda": 0.3140453097601589}, "datetime": {"datetime": "2021-09-24 09:44:19", "elapsed": 193.188571, "delta": 1.00184}}
{"target": 0.9257427003291187, "params": {"C": 2145.9726006433602, "epsilon": 0.17670609487813663, "gamma": 0.04695838035050578, "lamda": 0.10072062944434662}, "datetime": {"datetime": "2021-09-24 09:44:20", "elapsed": 194.456858, "delta": 1.268287}}
{"target": 0.9196409615095723, "params": {"C": 2146.1925256966465, "epsilon": 0.1540780204552204, "gamma": 0.0650337099237136, "lamda": 0.09576219424013109}, "datetime": {"datetime": "2021-09-24 09:44:22", "elapsed": 195.829677, "delta": 1.372819}}
{"target": 0.9182471039358768, "params": {"C": 2128.1857140173856, "epsilon": 0.5888045107378427, "gamma": 0.06504740881825616, "lamda": 0.0482610410932755}, "datetime": {"datetime": "2021-09-24 09:44:23", "elapsed": 197.011003, "delta": 1.181326}}
{"target": 0.9039476355928263, "params": {"C": 2279.727724897195, "epsilon": 0.6185763598343774, "gamma": 0.02061217621091978, "lamda": 0.09350671556013719}, "datetime": {"datetime": "2021-09-24 09:44:24", "elapsed": 198.053626, "delta": 1.042623}}
{"target": 0.9242571308199489, "params": {"C": 2120.6428573526446, "epsilon": 0.14390770004376757, "gamma": 0.04834551239586066, "lamda": 0.14850622628340052}, "datetime": {"datetime": "2021-09-24 09:44:25", "elapsed": 199.091535, "delta": 1.037909}}
{"target": 0.9085961247192229, "params": {"C": 2146.139462136759, "epsilon": 0.09153533437405754, "gamma": 0.014158868268627198, "lamda": 0.14068119206096383}, "datetime": {"datetime": "2021-09-24 09:44:26", "elapsed": 200.570967, "delta": 1.479432}}
{"target": 0.9226140095436114, "params": {"C": 2146.2483031418255, "epsilon": 0.044616503059463075, "gamma": 0.023034633750517182, "lamda": 0.23601877665271792}, "datetime": {"datetime": "2021-09-24 09:44:28", "elapsed": 201.82474, "delta": 1.253773}}
{"target": 0.9187015355978125, "params": {"C": 2145.762945415932, "epsilon": 0.2629578260033355, "gamma": 0.0668357597416986, "lamda": 0.06653684262426314}, "datetime": {"datetime": "2021-09-24 09:44:29", "elapsed": 203.19286, "delta": 1.36812}}
{"target": 0.9074371352742725, "params": {"C": 2132.7995537768293, "epsilon": 0.233368035699603, "gamma": 0.012612085945955484, "lamda": 0.04469401758503133}, "datetime": {"datetime": "2021-09-24 09:44:30", "elapsed": 204.643967, "delta": 1.451107}}
{"target": 0.9219252474900491, "params": {"C": 2132.461469382031, "epsilon": 0.3034231905203032, "gamma": 0.059854635548154934, "lamda": 0.056414504784887236}, "datetime": {"datetime": "2021-09-24 09:44:32", "elapsed": 206.025478, "delta": 1.381511}}
{"target": 0.8884750249250596, "params": {"C": 2145.691852136985, "epsilon": 0.7698049723452728, "gamma": 0.03538959043808588, "lamda": 0.3897190800849119}, "datetime": {"datetime": "2021-09-24 09:44:33", "elapsed": 207.196256, "delta": 1.170778}}
{"target": 0.9210465043645187, "params": {"C": 2132.1576301650734, "epsilon": 0.25007306577179633, "gamma": 0.04862940486325663, "lamda": 0.017061758696860767}, "datetime": {"datetime": "2021-09-24 09:44:34", "elapsed": 208.527217, "delta": 1.330961}}
{"target": 0.9137228250070597, "params": {"C": 2254.167606436774, "epsilon": 0.04312924173876409, "gamma": 0.01415416154532923, "lamda": 0.14694851248246607}, "datetime": {"datetime": "2021-09-24 09:44:35", "elapsed": 209.730475, "delta": 1.203258}}
{"target": 0.919277744626837, "params": {"C": 2145.135703569308, "epsilon": 0.38291209323211245, "gamma": 0.037038324698333125, "lamda": 0.11201120587372725}, "datetime": {"datetime": "2021-09-24 09:44:37", "elapsed": 211.114518, "delta": 1.384043}}
{"target": 0.9174681366675792, "params": {"C": 2120.695462820819, "epsilon": 0.2211990294272179, "gamma": 0.0666373728431427, "lamda": 0.12934253446044616}, "datetime": {"datetime": "2021-09-24 09:44:38", "elapsed": 212.212248, "delta": 1.09773}}
{"target": 0.8938433603214351, "params": {"C": 2190.463438457074, "epsilon": 0.8845577604014204, "gamma": 0.06726095454254982, "lamda": 0.2664105709497139}, "datetime": {"datetime": "2021-09-24 09:44:39", "elapsed": 213.16776, "delta": 0.955512}}
{"target": 0.9205493819638852, "params": {"C": 2219.161041939738, "epsilon": 0.5773873619871119, "gamma": 0.026827704250050946, "lamda": 0.0016981365901174526}, "datetime": {"datetime": "2021-09-24 09:44:41", "elapsed": 215.219123, "delta": 2.051363}}
{"target": 0.912009253575826, "params": {"C": 2284.719791437841, "epsilon": 0.35334958591303156, "gamma": 0.03294353803791373, "lamda": 0.2105446967346407}, "datetime": {"datetime": "2021-09-24 09:44:42", "elapsed": 216.605091, "delta": 1.385968}}
{"target": 0.9284630917271729, "params": {"C": 2223.2970970783713, "epsilon": 0.905792366489505, "gamma": 0.026419496068691997, "lamda": 0.0028421042458847186}, "datetime": {"datetime": "2021-09-24 09:44:44", "elapsed": 217.972069, "delta": 1.366978}}
{"target": 0.901216758228393, "params": {"C": 2224.3567159201257, "epsilon": 0.7779513838105001, "gamma": 0.03301129464586619, "lamda": 0.20481887528168644}, "datetime": {"datetime": "2021-09-24 09:44:45", "elapsed": 219.617632, "delta": 1.645563}}
{"target": 0.9150572137031802, "params": {"C": 2233.572676483028, "epsilon": 0.13656645043040605, "gamma": 0.06589990340198226, "lamda": 0.05222561249056293}, "datetime": {"datetime": "2021-09-24 09:44:48", "elapsed": 222.307047, "delta": 2.689415}}
{"target": 0.9239217446071908, "params": {"C": 2164.674266310516, "epsilon": 0.15604013606188918, "gamma": 0.028239496966688267, "lamda": 0.10349314056274374}, "datetime": {"datetime": "2021-09-24 09:44:50", "elapsed": 223.928184, "delta": 1.621137}}
{"target": 0.9022379501954454, "params": {"C": 2132.1077852248104, "epsilon": 0.2592143080762515, "gamma": 0.016529795714242616, "lamda": 0.14764928975608896}, "datetime": {"datetime": "2021-09-24 09:44:52", "elapsed": 226.034932, "delta": 2.106748}}
{"target": 0.9151646505861798, "params": {"C": 2145.7818031279676, "epsilon": 0.04314597160266715, "gamma": 0.019322596885435465, "lamda": 0.017806007124956807}, "datetime": {"datetime": "2021-09-24 09:44:55", "elapsed": 228.871669, "delta": 2.836737}}
{"target": 0.9169866148900818, "params": {"C": 2253.2655617474625, "epsilon": 0.4889046577650781, "gamma": 0.049630438389016915, "lamda": 0.1214552521541905}, "datetime": {"datetime": "2021-09-24 09:44:57", "elapsed": 230.852333, "delta": 1.980664}}
{"target": 0.9221257994633182, "params": {"C": 2145.995385846163, "epsilon": 0.1080967450061236, "gamma": 0.02670986057814572, "lamda": 0.15869784370681025}, "datetime": {"datetime": "2021-09-24 09:44:58", "elapsed": 232.62822, "delta": 1.775887}}
{"target": 0.9134932101082458, "params": {"C": 2223.243495568091, "epsilon": 0.9567495958432443, "gamma": 0.04728789247203023, "lamda": 0.08836397673609678}, "datetime": {"datetime": "2021-09-24 09:45:01", "elapsed": 234.888864, "delta": 2.260644}}
{"target": 0.8925462842091465, "params": {"C": 2223.3278056816716, "epsilon": 0.8161761799949308, "gamma": 0.06576719466240875, "lamda": 0.003296626310466335}, "datetime": {"datetime": "2021-09-24 09:45:02", "elapsed": 236.578861, "delta": 1.689997}}
{"target": 0.9007092400755671, "params": {"C": 2178.326196593739, "epsilon": 0.8689558899552464, "gamma": 0.03991076940820488, "lamda": 0.21928658974679768}, "datetime": {"datetime": "2021-09-24 09:45:04", "elapsed": 238.494447, "delta": 1.915586}}
{"target": 0.9006355702390411, "params": {"C": 2266.197700748491, "epsilon": 0.4501279224740865, "gamma": 0.06925388723128682, "lamda": 0.34122235652654853}, "datetime": {"datetime": "2021-09-24 09:45:05", "elapsed": 239.676239, "delta": 1.181792}}
{"target": 0.9169828062625027, "params": {"C": 2286.9628328997487, "epsilon": 0.7401910009375051, "gamma": 0.06826519267333069, "lamda": 0.01733619693897756}, "datetime": {"datetime": "2021-09-24 09:45:07", "elapsed": 241.704052, "delta": 2.027813}}
{"target": 0.896976829624599, "params": {"C": 2239.494196185017, "epsilon": 0.8179732043622379, "gamma": 0.05077892836585951, "lamda": 0.2910764569900695}, "datetime": {"datetime": "2021-09-24 09:45:09", "elapsed": 242.880383, "delta": 1.176331}}
{"target": 0.9031143973409802, "params": {"C": 2254.308940512364, "epsilon": 0.03, "gamma": 0.01, "lamda": 0.23696878100980287}, "datetime": {"datetime": "2021-09-24 09:45:10", "elapsed": 244.527275, "delta": 1.646892}}
{"target": 0.9071021286404884, "params": {"C": 2145.232415395907, "epsilon": 0.3652056572801575, "gamma": 0.021175324264212356, "lamda": 0.12886655240499428}, "datetime": {"datetime": "2021-09-24 09:45:12", "elapsed": 246.265178, "delta": 1.737903}}
{"target": 0.9227658866544042, "params": {"C": 2104.046491568667, "epsilon": 0.1345416757995429, "gamma": 0.05083599102098861, "lamda": 0.18303792919817008}, "datetime": {"datetime": "2021-09-24 09:45:14", "elapsed": 247.886821, "delta": 1.621643}}
{"target": 0.9154894723750876, "params": {"C": 2111.146530798488, "epsilon": 0.5248416812960333, "gamma": 0.06082391713066613, "lamda": 0.1044609914273352}, "datetime": {"datetime": "2021-09-24 09:45:15", "elapsed": 249.284005, "delta": 1.397184}}
{"target": 0.8916091817724585, "params": {"C": 2223.350137604309, "epsilon": 0.9761945044400241, "gamma": 0.010887040794263177, "lamda": 0.030874591589974302}, "datetime": {"datetime": "2021-09-24 09:45:17", "elapsed": 251.687456, "delta": 2.403451}}
