{"target": -1.9589196582295074, "params": {"C": 464.0715348844055, "epsilon": 0.08109376892593559, "gamma": 0.046272646898415246, "lamda": 0.18117252712167364}, "datetime": {"datetime": "2021-09-23 15:57:05", "elapsed": 58.362593, "delta": 1.406998}}
{"target": -1.9721247510087154, "params": {"C": 419.7801175886623, "epsilon": 0.7261209673547777, "gamma": 0.043564159112968, "lamda": 0.032605595588736644}, "datetime": {"datetime": "2021-09-23 15:57:06", "elapsed": 59.766423, "delta": 1.40383}}
{"target": -2.0082372901542214, "params": {"C": 415.36805156602554, "epsilon": 0.64075344557202, "gamma": 0.04852832355541112, "lamda": 0.057928152894080716}, "datetime": {"datetime": "2021-09-23 15:57:07", "elapsed": 60.78039, "delta": 1.013967}}
{"target": -1.9397240816243169, "params": {"C": 444.7487919355292, "epsilon": 0.26950449428178036, "gamma": 0.04282801488331103, "lamda": 0.05608979502080855}, "datetime": {"datetime": "2021-09-23 15:57:08", "elapsed": 61.750619, "delta": 0.970229}}
{"target": -1.941581734955615, "params": {"C": 453.12940257944985, "epsilon": 0.08865296894768591, "gamma": 0.044476243860388225, "lamda": 0.07886485039923423}, "datetime": {"datetime": "2021-09-23 15:57:10", "elapsed": 63.450669, "delta": 1.70005}}
{"target": -1.9878991699192559, "params": {"C": 404.02289897910964, "epsilon": 0.16400447822586606, "gamma": 0.04989319567372522, "lamda": 0.15777925926985248}, "datetime": {"datetime": "2021-09-23 15:57:12", "elapsed": 65.229025, "delta": 1.778356}}
{"target": -2.0116264289008963, "params": {"C": 484.4672303808105, "epsilon": 0.5804343011050528, "gamma": 0.045198141787111, "lamda": 0.06760600745035215}, "datetime": {"datetime": "2021-09-23 15:57:13", "elapsed": 66.177024, "delta": 0.947999}}
{"target": -1.9161939535210848, "params": {"C": 466.3549384243423, "epsilon": 0.07048233311847313, "gamma": 0.034119401029364546, "lamda": 0.1333967955612827}, "datetime": {"datetime": "2021-09-23 15:57:14", "elapsed": 67.398791, "delta": 1.221767}}
{"target": -1.9438650152797692, "params": {"C": 402.04204658359134, "epsilon": 0.05040088520782243, "gamma": 0.03677539898661419, "lamda": 0.0833269937708776}, "datetime": {"datetime": "2021-09-23 15:57:15", "elapsed": 68.321781, "delta": 0.92299}}
{"target": -1.9547467778271757, "params": {"C": 404.215994123603, "epsilon": 0.23819587673207335, "gamma": 0.03048019267314769, "lamda": 0.016270495324032064}, "datetime": {"datetime": "2021-09-23 15:57:17", "elapsed": 70.357695, "delta": 2.035914}}
{"target": -1.9249746640118104, "params": {"C": 464.15979780534366, "epsilon": 0.25177633028052576, "gamma": 0.03, "lamda": 0.04021128355214028}, "datetime": {"datetime": "2021-09-23 15:57:19", "elapsed": 72.05917, "delta": 1.701475}}
{"target": -2.041374793641245, "params": {"C": 464.0847101341455, "epsilon": 0.3322156918042658, "gamma": 0.04713965823056503, "lamda": 0.18128094692593405}, "datetime": {"datetime": "2021-09-23 15:57:20", "elapsed": 73.254596, "delta": 1.195426}}
{"target": -1.9399166943054311, "params": {"C": 404.046092391562, "epsilon": 0.3244865606097011, "gamma": 0.03, "lamda": 0.015}, "datetime": {"datetime": "2021-09-23 15:57:23", "elapsed": 75.999671, "delta": 2.745075}}
{"target": -1.9803678831250873, "params": {"C": 463.9566301631406, "epsilon": 0.08138331953879949, "gamma": 0.031031597302165627, "lamda": 0.02887426788311607}, "datetime": {"datetime": "2021-09-23 15:57:24", "elapsed": 77.762032, "delta": 1.762361}}
{"target": -1.982909109133085, "params": {"C": 402.1677394271706, "epsilon": 0.15314899646972258, "gamma": 0.05, "lamda": 0.15563260464032805}, "datetime": {"datetime": "2021-09-23 15:57:26", "elapsed": 78.984894, "delta": 1.222862}}
{"target": -1.9104178643717795, "params": {"C": 440.4911653405082, "epsilon": 0.05747960373444873, "gamma": 0.03790630402744706, "lamda": 0.14119754846281768}, "datetime": {"datetime": "2021-09-23 15:57:27", "elapsed": 80.209526, "delta": 1.224632}}
{"target": -1.9595746428840424, "params": {"C": 440.4003842538712, "epsilon": 0.10565510312123286, "gamma": 0.04409544582484495, "lamda": 0.05523266655103647}, "datetime": {"datetime": "2021-09-23 15:57:29", "elapsed": 82.256206, "delta": 2.04668}}
{"target": -1.9651981248774988, "params": {"C": 440.63340862583544, "epsilon": 0.033967862098596244, "gamma": 0.03150297476393172, "lamda": 0.08752479508682494}, "datetime": {"datetime": "2021-09-23 15:57:30", "elapsed": 83.289419, "delta": 1.033213}}
{"target": -1.9993689024309915, "params": {"C": 423.1180872433146, "epsilon": 0.11110675629603052, "gamma": 0.03187184420300532, "lamda": 0.015}, "datetime": {"datetime": "2021-09-23 15:57:32", "elapsed": 85.231207, "delta": 1.941788}}
{"target": -1.998996533521834, "params": {"C": 440.51051487342505, "epsilon": 0.037076216887774315, "gamma": 0.037517320360089416, "lamda": 0.044481237677833366}, "datetime": {"datetime": "2021-09-23 15:57:33", "elapsed": 86.457203, "delta": 1.225996}}
{"target": -1.9290299002507036, "params": {"C": 464.1272266633774, "epsilon": 0.14436750451945468, "gamma": 0.043080772425360826, "lamda": 0.05463900199107139}, "datetime": {"datetime": "2021-09-23 15:57:34", "elapsed": 87.297296, "delta": 0.840093}}
{"target": -2.1057431561093662, "params": {"C": 423.2918837265283, "epsilon": 0.5935170874675838, "gamma": 0.03352550080050132, "lamda": 0.14176501457571544}, "datetime": {"datetime": "2021-09-23 15:57:35", "elapsed": 88.529294, "delta": 1.231998}}
{"target": -1.943016670295385, "params": {"C": 440.40607653146446, "epsilon": 0.03, "gamma": 0.03, "lamda": 0.15311554282674852}, "datetime": {"datetime": "2021-09-23 15:57:37", "elapsed": 90.28199, "delta": 1.752696}}
{"target": -1.9595395934469366, "params": {"C": 466.4282159923793, "epsilon": 0.07469957090879129, "gamma": 0.04715571939892413, "lamda": 0.08808931947938511}, "datetime": {"datetime": "2021-09-23 15:57:38", "elapsed": 91.269516, "delta": 0.987526}}
{"target": -1.9681253890852937, "params": {"C": 466.27471263171697, "epsilon": 0.09928534402482936, "gamma": 0.031210128753008912, "lamda": 0.18407778125704394}, "datetime": {"datetime": "2021-09-23 15:57:39", "elapsed": 92.69852, "delta": 1.429004}}
{"target": -1.9342462182414955, "params": {"C": 466.3615228607061, "epsilon": 0.06211262572575371, "gamma": 0.0440267961692088, "lamda": 0.17650414019518468}, "datetime": {"datetime": "2021-09-23 15:57:40", "elapsed": 93.812391, "delta": 1.113871}}
{"target": -1.9656390363996163, "params": {"C": 476.3577651126641, "epsilon": 0.33643168315639305, "gamma": 0.04621747277399402, "lamda": 0.05793163801596529}, "datetime": {"datetime": "2021-09-23 15:57:42", "elapsed": 94.920427, "delta": 1.108036}}
{"target": -2.0145659680675587, "params": {"C": 484.58786071119823, "epsilon": 0.2093845854024448, "gamma": 0.04853062592695204, "lamda": 0.1819647536225643}, "datetime": {"datetime": "2021-09-23 15:57:43", "elapsed": 96.165771, "delta": 1.245344}}
{"target": -1.929316115540898, "params": {"C": 401.98201815845266, "epsilon": 0.1685827596763934, "gamma": 0.034139174247376176, "lamda": 0.036834847903749676}, "datetime": {"datetime": "2021-09-23 15:57:44", "elapsed": 97.330334, "delta": 1.164563}}
{"target": -1.9429821544601433, "params": {"C": 463.9604315340246, "epsilon": 0.08832967155284033, "gamma": 0.03263462064853109, "lamda": 0.044854513672714647}, "datetime": {"datetime": "2021-09-23 15:57:45", "elapsed": 98.78233, "delta": 1.451996}}
{"target": -1.9736472008836166, "params": {"C": 463.9251225349836, "epsilon": 0.18932313442840018, "gamma": 0.035013538837656843, "lamda": 0.12759916409727062}, "datetime": {"datetime": "2021-09-23 15:57:47", "elapsed": 100.231185, "delta": 1.448855}}
{"target": -1.9570765588149246, "params": {"C": 423.0097441943984, "epsilon": 0.19181641557826493, "gamma": 0.04800867498750524, "lamda": 0.03811986333987929}, "datetime": {"datetime": "2021-09-23 15:57:48", "elapsed": 101.082049, "delta": 0.850864}}
{"target": -1.9108443071937957, "params": {"C": 464.07886631050746, "epsilon": 0.21048280009194073, "gamma": 0.038629843679532296, "lamda": 0.039064122478247615}, "datetime": {"datetime": "2021-09-23 15:57:49", "elapsed": 102.33005, "delta": 1.248001}}
{"target": -1.9112518519921344, "params": {"C": 464.03624414424667, "epsilon": 0.10051212170900738, "gamma": 0.03776354687589544, "lamda": 0.07192811178639005}, "datetime": {"datetime": "2021-09-23 15:57:50", "elapsed": 103.487721, "delta": 1.157671}}
{"target": -1.9610595289893638, "params": {"C": 404.1187219384793, "epsilon": 0.32408369134249204, "gamma": 0.03628980828391186, "lamda": 0.07221052528080724}, "datetime": {"datetime": "2021-09-23 15:57:51", "elapsed": 104.654765, "delta": 1.167044}}
{"target": -1.9404172645836966, "params": {"C": 439.19505304132366, "epsilon": 0.036361827787619885, "gamma": 0.030907971358991884, "lamda": 0.12924753553495918}, "datetime": {"datetime": "2021-09-23 15:57:52", "elapsed": 105.60183, "delta": 0.947065}}
{"target": -1.943965221015895, "params": {"C": 463.98126791169517, "epsilon": 0.08681022461611568, "gamma": 0.043284247045161456, "lamda": 0.1555480673889038}, "datetime": {"datetime": "2021-09-23 15:57:54", "elapsed": 107.251954, "delta": 1.650124}}
{"target": -2.144588304669284, "params": {"C": 436.37774185467777, "epsilon": 0.5808351731505828, "gamma": 0.0321826217851818, "lamda": 0.18450698884927114}, "datetime": {"datetime": "2021-09-23 15:57:55", "elapsed": 108.300954, "delta": 1.049}}
{"target": -1.9726365153583485, "params": {"C": 422.87178333570984, "epsilon": 0.09394540410123746, "gamma": 0.03863998480107135, "lamda": 0.03347971091122871}, "datetime": {"datetime": "2021-09-23 15:57:56", "elapsed": 109.67314, "delta": 1.372186}}
{"target": -1.9768123921672671, "params": {"C": 401.89970112648354, "epsilon": 0.07557177478420576, "gamma": 0.03579626391999805, "lamda": 0.036048221389584224}, "datetime": {"datetime": "2021-09-23 15:57:58", "elapsed": 111.792887, "delta": 2.119747}}
{"target": -1.9919787419237687, "params": {"C": 492.6978301503865, "epsilon": 0.7631999921612567, "gamma": 0.03172944279674344, "lamda": 0.0337775532565497}, "datetime": {"datetime": "2021-09-23 15:58:00", "elapsed": 113.20552, "delta": 1.412633}}
{"target": -2.050968639141754, "params": {"C": 443.12865332461774, "epsilon": 0.3606101637789485, "gamma": 0.036258535767421156, "lamda": 0.15068424012760417}, "datetime": {"datetime": "2021-09-23 15:58:01", "elapsed": 114.140912, "delta": 0.935392}}
{"target": -1.9841923911754413, "params": {"C": 403.11372027214077, "epsilon": 0.47706322519171296, "gamma": 0.031788592359490754, "lamda": 0.05497467175140798}, "datetime": {"datetime": "2021-09-23 15:58:02", "elapsed": 115.393656, "delta": 1.252744}}
{"target": -1.9917091439997967, "params": {"C": 422.9799571814775, "epsilon": 0.09246434130607434, "gamma": 0.04249867284636673, "lamda": 0.033825718382405744}, "datetime": {"datetime": "2021-09-23 15:58:04", "elapsed": 117.10451, "delta": 1.710854}}
{"target": -1.9605236330767901, "params": {"C": 464.06212738998016, "epsilon": 0.15434458999268438, "gamma": 0.04538028200770506, "lamda": 0.11486148060303106}, "datetime": {"datetime": "2021-09-23 15:58:05", "elapsed": 118.750779, "delta": 1.646269}}
{"target": -2.0455182679449497, "params": {"C": 464.2203281402753, "epsilon": 0.18055642690693058, "gamma": 0.05, "lamda": 0.015}, "datetime": {"datetime": "2021-09-23 15:58:07", "elapsed": 120.206114, "delta": 1.455335}}
{"target": -2.1146990258807614, "params": {"C": 426.38804405281365, "epsilon": 0.5922244134340762, "gamma": 0.03909066581996507, "lamda": 0.17829067520546898}, "datetime": {"datetime": "2021-09-23 15:58:09", "elapsed": 121.826574, "delta": 1.62046}}
{"target": -1.907951837238611, "params": {"C": 404.1763441292591, "epsilon": 0.14730541826654248, "gamma": 0.038084686937313525, "lamda": 0.06749603110794114}, "datetime": {"datetime": "2021-09-23 15:58:12", "elapsed": 125.758806, "delta": 3.932232}}
{"target": -1.9859476852018383, "params": {"C": 466.14663156974814, "epsilon": 0.11899492471709734, "gamma": 0.04944580465827188, "lamda": 0.17502210448401095}, "datetime": {"datetime": "2021-09-23 15:58:14", "elapsed": 127.515487, "delta": 1.756681}}
{"target": -1.9399088309535135, "params": {"C": 404.1044491448552, "epsilon": 0.1004296816730112, "gamma": 0.0321812022705049, "lamda": 0.04570007285642334}, "datetime": {"datetime": "2021-09-23 15:58:16", "elapsed": 129.662138, "delta": 2.146651}}
{"target": -2.0159923413646923, "params": {"C": 404.22754340385563, "epsilon": 0.08509884696771924, "gamma": 0.04415928477524443, "lamda": 0.026440183219862613}, "datetime": {"datetime": "2021-09-23 15:58:20", "elapsed": 132.886346, "delta": 3.224208}}
{"target": -1.9813966958484046, "params": {"C": 404.1409232407205, "epsilon": 0.1919808957499866, "gamma": 0.039553324085780675, "lamda": 0.14492349935206794}, "datetime": {"datetime": "2021-09-23 15:58:21", "elapsed": 134.406669, "delta": 1.520323}}
{"target": -1.909306804404716, "params": {"C": 463.9792537860802, "epsilon": 0.16066054381947867, "gamma": 0.03516675633400186, "lamda": 0.04645399447199258}, "datetime": {"datetime": "2021-09-23 15:58:22", "elapsed": 135.655252, "delta": 1.248583}}
{"target": -1.9714933304662594, "params": {"C": 401.9979948562159, "epsilon": 0.18191796290678566, "gamma": 0.03828649087755934, "lamda": 0.13746485631529565}, "datetime": {"datetime": "2021-09-23 15:58:25", "elapsed": 138.074205, "delta": 2.418953}}
{"target": -1.9401179304334897, "params": {"C": 428.5356935910546, "epsilon": 0.33894569387921303, "gamma": 0.044781831029396375, "lamda": 0.0228986575745328}, "datetime": {"datetime": "2021-09-23 15:58:27", "elapsed": 140.611782, "delta": 2.537577}}
{"target": -2.014172173547718, "params": {"C": 475.87604803730665, "epsilon": 0.4220555323474652, "gamma": 0.033364120119956486, "lamda": 0.07664041545004248}, "datetime": {"datetime": "2021-09-23 15:58:28", "elapsed": 141.751651, "delta": 1.139869}}
{"target": -1.9098018066727604, "params": {"C": 402.0881087706881, "epsilon": 0.2095354028204329, "gamma": 0.03966373083209146, "lamda": 0.04095190953801784}, "datetime": {"datetime": "2021-09-23 15:58:30", "elapsed": 143.451401, "delta": 1.69975}}
{"target": -1.9353742370402762, "params": {"C": 402.04993775078145, "epsilon": 0.2536597779586409, "gamma": 0.047367686533442865, "lamda": 0.047423455195827795}, "datetime": {"datetime": "2021-09-23 15:58:33", "elapsed": 145.912833, "delta": 2.461432}}
{"target": -1.925715725198271, "params": {"C": 464.14388922068446, "epsilon": 0.3339580427679768, "gamma": 0.04207369222040441, "lamda": 0.02533773616740182}, "datetime": {"datetime": "2021-09-23 15:58:35", "elapsed": 148.331609, "delta": 2.418776}}
{"target": -2.075903225770048, "params": {"C": 486.8421765754988, "epsilon": 0.6380056684026454, "gamma": 0.04683191579654182, "lamda": 0.13441896983329174}, "datetime": {"datetime": "2021-09-23 15:58:36", "elapsed": 149.534215, "delta": 1.202606}}
{"target": -2.0234460421346467, "params": {"C": 428.5916767496978, "epsilon": 0.39618335698761065, "gamma": 0.039721430571936354, "lamda": 0.1066633544548705}, "datetime": {"datetime": "2021-09-23 15:58:39", "elapsed": 152.164386, "delta": 2.630171}}
{"target": -2.0138242308353855, "params": {"C": 404.03712367752075, "epsilon": 0.21847618660787896, "gamma": 0.04920318226390654, "lamda": 0.018024213821136104}, "datetime": {"datetime": "2021-09-23 15:58:41", "elapsed": 154.707972, "delta": 2.543586}}
{"target": -2.0483914025420837, "params": {"C": 466.3061017525569, "epsilon": 0.03, "gamma": 0.05, "lamda": 0.0820643731967545}, "datetime": {"datetime": "2021-09-23 15:58:43", "elapsed": 156.198749, "delta": 1.490777}}
{"target": -1.989367027212471, "params": {"C": 407.532925235147, "epsilon": 0.43586646928216444, "gamma": 0.0481958431646972, "lamda": 0.06680187873452087}, "datetime": {"datetime": "2021-09-23 15:58:45", "elapsed": 157.857759, "delta": 1.65901}}
{"target": -1.9110096511898482, "params": {"C": 404.1444391410407, "epsilon": 0.18984559615952012, "gamma": 0.0404556681642318, "lamda": 0.04923981923778559}, "datetime": {"datetime": "2021-09-23 15:58:46", "elapsed": 159.212189, "delta": 1.35443}}
{"target": -1.9553753518340478, "params": {"C": 464.06381606514316, "epsilon": 0.28594865777080547, "gamma": 0.045893784285012236, "lamda": 0.06037602145069923}, "datetime": {"datetime": "2021-09-23 15:58:48", "elapsed": 161.374631, "delta": 2.162442}}
{"target": -2.057856933228275, "params": {"C": 409.49367990016276, "epsilon": 0.4950439650519086, "gamma": 0.03630974430144142, "lamda": 0.12175185738311498}, "datetime": {"datetime": "2021-09-23 15:58:49", "elapsed": 162.41863, "delta": 1.043999}}
{"target": -1.9925014783529333, "params": {"C": 464.2200906692416, "epsilon": 0.3904524361278977, "gamma": 0.04053506060047693, "lamda": 0.07495635141901653}, "datetime": {"datetime": "2021-09-23 15:58:51", "elapsed": 164.144883, "delta": 1.726253}}
{"target": -2.008231093246643, "params": {"C": 402.0605135331932, "epsilon": 0.14229694955354222, "gamma": 0.04848190559853569, "lamda": 0.028669458728491137}, "datetime": {"datetime": "2021-09-23 15:58:52", "elapsed": 165.589869, "delta": 1.444986}}
{"target": -1.9397638499516225, "params": {"C": 402.14508795853993, "epsilon": 0.22282678377000295, "gamma": 0.039400930139323886, "lamda": 0.0765962837119139}, "datetime": {"datetime": "2021-09-23 15:58:54", "elapsed": 166.985867, "delta": 1.395998}}
{"target": -1.9436592120981062, "params": {"C": 440.5476866580799, "epsilon": 0.03, "gamma": 0.03, "lamda": 0.15636132547161657}, "datetime": {"datetime": "2021-09-23 15:58:56", "elapsed": 169.104514, "delta": 2.118647}}
{"target": -1.9500894668017603, "params": {"C": 423.3069540993177, "epsilon": 0.3774606537914529, "gamma": 0.049342865759460314, "lamda": 0.036804458353640095}, "datetime": {"datetime": "2021-09-23 15:58:57", "elapsed": 170.514545, "delta": 1.410031}}
{"target": -1.9759663115462658, "params": {"C": 464.05919594560237, "epsilon": 0.03816762077743567, "gamma": 0.033897851718701834, "lamda": 0.06869708367688829}, "datetime": {"datetime": "2021-09-23 15:58:59", "elapsed": 172.185045, "delta": 1.6705}}
{"target": -1.9783381363413863, "params": {"C": 402.1420059328823, "epsilon": 0.3164799208175104, "gamma": 0.04674713804092021, "lamda": 0.01856058425807389}, "datetime": {"datetime": "2021-09-23 15:59:00", "elapsed": 173.485316, "delta": 1.300271}}
{"target": -1.9854933054242607, "params": {"C": 449.82218089240365, "epsilon": 0.536362942632, "gamma": 0.047698391389660456, "lamda": 0.04700654114645924}, "datetime": {"datetime": "2021-09-23 15:59:01", "elapsed": 174.604154, "delta": 1.118838}}
{"target": -1.9665933677906613, "params": {"C": 485.77850145271555, "epsilon": 0.2222845846868429, "gamma": 0.04228695608647466, "lamda": 0.09219633438250045}, "datetime": {"datetime": "2021-09-23 15:59:03", "elapsed": 176.372369, "delta": 1.768215}}
{"target": -1.9939530247298627, "params": {"C": 421.4036686254107, "epsilon": 0.27595858906030213, "gamma": 0.03147183861407799, "lamda": 0.09814604718649073}, "datetime": {"datetime": "2021-09-23 15:59:05", "elapsed": 177.866449, "delta": 1.49408}}
{"target": -1.951005841194267, "params": {"C": 402.015141310529, "epsilon": 0.08216680544186437, "gamma": 0.04953429704893029, "lamda": 0.15409769584935207}, "datetime": {"datetime": "2021-09-23 15:59:06", "elapsed": 179.169665, "delta": 1.303216}}
{"target": -1.9229957677299563, "params": {"C": 464.0446415447441, "epsilon": 0.1779042478725689, "gamma": 0.030168661448435066, "lamda": 0.044241625871815446}, "datetime": {"datetime": "2021-09-23 15:59:08", "elapsed": 180.934727, "delta": 1.765062}}
{"target": -1.942315896931439, "params": {"C": 477.1331224388407, "epsilon": 0.13789120415457717, "gamma": 0.03497065239629655, "lamda": 0.11342618023127266}, "datetime": {"datetime": "2021-09-23 15:59:09", "elapsed": 182.327435, "delta": 1.392708}}
{"target": -1.9444027953855254, "params": {"C": 477.2202485608677, "epsilon": 0.06389939288771157, "gamma": 0.046501994696552265, "lamda": 0.17424931925973647}, "datetime": {"datetime": "2021-09-23 15:59:11", "elapsed": 183.944621, "delta": 1.617186}}
{"target": -2.0239887838432984, "params": {"C": 477.1057194809079, "epsilon": 0.059686001421310614, "gamma": 0.0482432273099819, "lamda": 0.054880835140783686}, "datetime": {"datetime": "2021-09-23 15:59:12", "elapsed": 185.536717, "delta": 1.592096}}
{"target": -1.9888356379914558, "params": {"C": 453.1584373788662, "epsilon": 0.16383885853176242, "gamma": 0.046684841662708074, "lamda": 0.15325458355625338}, "datetime": {"datetime": "2021-09-23 15:59:13", "elapsed": 186.756718, "delta": 1.220001}}
{"target": -1.945037958561294, "params": {"C": 477.258212671896, "epsilon": 0.14051889687983937, "gamma": 0.04179031599024426, "lamda": 0.1069012464701058}, "datetime": {"datetime": "2021-09-23 15:59:15", "elapsed": 188.171499, "delta": 1.414781}}
{"target": -1.9679537878839208, "params": {"C": 477.21764378438525, "epsilon": 0.23617112517739058, "gamma": 0.044730565472895306, "lamda": 0.08625347535166794}, "datetime": {"datetime": "2021-09-23 15:59:17", "elapsed": 190.766917, "delta": 2.595418}}
{"target": -1.9129811530130894, "params": {"C": 463.97792246489524, "epsilon": 0.09840674790148633, "gamma": 0.03385311326455563, "lamda": 0.0920932709503325}, "datetime": {"datetime": "2021-09-23 15:59:20", "elapsed": 193.509511, "delta": 2.742594}}
{"target": -1.9433982274014956, "params": {"C": 427.6455704561621, "epsilon": 0.6621052413005464, "gamma": 0.04059117339587047, "lamda": 0.025586664063817748}, "datetime": {"datetime": "2021-09-23 15:59:22", "elapsed": 195.265657, "delta": 1.756146}}
{"target": -1.9864816494731365, "params": {"C": 444.66585820888014, "epsilon": 0.797471083420661, "gamma": 0.043348175143967174, "lamda": 0.03385308210411829}, "datetime": {"datetime": "2021-09-23 15:59:23", "elapsed": 196.739741, "delta": 1.474084}}
