{"target": 0.8701220988708087, "params": {"C": 1306.8145793403612, "epsilon": 0.14930646766890265, "gamma": 0.2236761636216697, "lamda": 0.08530261609751338}, "datetime": {"datetime": "2021-09-23 12:08:08", "elapsed": 365.382246, "delta": 2.350998}}
{"target": 0.9004393278993151, "params": {"C": 1306.0837340349096, "epsilon": 0.1396424304431022, "gamma": 0.12234650002810096, "lamda": 0.09591515628524044}, "datetime": {"datetime": "2021-09-23 12:08:11", "elapsed": 368.17141, "delta": 2.789164}}
{"target": 0.7330031279923428, "params": {"C": 1306.178086821343, "epsilon": 0.11998177714094388, "gamma": 0.6942633227563235, "lamda": 0.16409927451275977}, "datetime": {"datetime": "2021-09-23 12:08:13", "elapsed": 370.399413, "delta": 2.228003}}
{"target": 0.9172697962747804, "params": {"C": 1305.6054787394626, "epsilon": 0.15, "gamma": 0.05, "lamda": 0.08}, "datetime": {"datetime": "2021-09-23 12:08:16", "elapsed": 373.069047, "delta": 2.669634}}
{"target": 0.9052867041327285, "params": {"C": 1305.1165900704175, "epsilon": 0.14724424392242202, "gamma": 0.11651142580003494, "lamda": 0.13146980138898362}, "datetime": {"datetime": "2021-09-23 12:08:18", "elapsed": 375.523612, "delta": 2.454565}}
{"target": 0.8151129098889596, "params": {"C": 1305.3070825530413, "epsilon": 0.14053741953201523, "gamma": 0.4253960956344153, "lamda": 0.10663584771490735}, "datetime": {"datetime": "2021-09-23 12:08:21", "elapsed": 377.872668, "delta": 2.349056}}
{"target": 0.8348765406031762, "params": {"C": 1201.9232681400176, "epsilon": 0.14593876914703824, "gamma": 0.35471141105126563, "lamda": 0.10001816062513824}, "datetime": {"datetime": "2021-09-23 12:08:22", "elapsed": 379.109678, "delta": 1.23701}}
{"target": 0.861136858009314, "params": {"C": 1156.9836511910064, "epsilon": 0.14374577299717894, "gamma": 0.25753367154478635, "lamda": 0.08188511513077326}, "datetime": {"datetime": "2021-09-23 12:08:23", "elapsed": 380.342723, "delta": 1.233045}}
{"target": 0.9093954195180594, "params": {"C": 1307.545694547573, "epsilon": 0.1291122452839637, "gamma": 0.09750604176499686, "lamda": 0.10266676176314923}, "datetime": {"datetime": "2021-09-23 12:08:26", "elapsed": 382.59868, "delta": 2.255957}}
{"target": 0.7931991986549368, "params": {"C": 1303.4581487137416, "epsilon": 0.14132161159892354, "gamma": 0.4992062449565865, "lamda": 0.13283643030145828}, "datetime": {"datetime": "2021-09-23 12:08:27", "elapsed": 383.872199, "delta": 1.273519}}
{"target": 0.7689296851253891, "params": {"C": 1307.5436206742672, "epsilon": 0.15, "gamma": 0.5790149300116376, "lamda": 0.08}, "datetime": {"datetime": "2021-09-23 12:08:30", "elapsed": 386.687205, "delta": 2.815006}}
{"target": 0.9179602598693705, "params": {"C": 1307.9646104322237, "epsilon": 0.13986425791235835, "gamma": 0.07192791939310003, "lamda": 0.12664583827306838}, "datetime": {"datetime": "2021-09-23 12:08:33", "elapsed": 389.810637, "delta": 3.123432}}
{"target": 0.9181082053177749, "params": {"C": 1308.4663641342531, "epsilon": 0.08149306532489486, "gamma": 0.05393610405739624, "lamda": 0.14831423755363204}, "datetime": {"datetime": "2021-09-23 12:08:35", "elapsed": 392.090137, "delta": 2.2795}}
{"target": 0.8079350331596395, "params": {"C": 1308.3422915522883, "epsilon": 0.1307557036813127, "gamma": 0.44895815933872024, "lamda": 0.08026177669026441}, "datetime": {"datetime": "2021-09-23 12:08:38", "elapsed": 394.871091, "delta": 2.780954}}
{"target": 0.7341224774018056, "params": {"C": 1186.2411083555448, "epsilon": 0.11836945743506061, "gamma": 0.6916952098446821, "lamda": 0.1414632572663906}, "datetime": {"datetime": "2021-09-23 12:08:40", "elapsed": 397.197396, "delta": 2.326305}}
{"target": 0.9178457998849711, "params": {"C": 1308.9677135781026, "epsilon": 0.13120601937679188, "gamma": 0.05290652669463292, "lamda": 0.09857025895159174}, "datetime": {"datetime": "2021-09-23 12:08:43", "elapsed": 400.125717, "delta": 2.928321}}
{"target": 0.9142773119537939, "params": {"C": 1280.2225275019991, "epsilon": 0.11816085453054986, "gamma": 0.08660498654003912, "lamda": 0.1319412364210373}, "datetime": {"datetime": "2021-09-23 12:08:46", "elapsed": 402.723764, "delta": 2.598047}}
{"target": 0.9170426336177019, "params": {"C": 1279.7524864303582, "epsilon": 0.09356987701905778, "gamma": 0.05, "lamda": 0.16571496305327663}, "datetime": {"datetime": "2021-09-23 12:08:49", "elapsed": 405.66083, "delta": 2.937066}}
{"target": 0.7837479115578097, "params": {"C": 1279.9301467949563, "epsilon": 0.0879016157516607, "gamma": 0.5293776868846272, "lamda": 0.08703230785693222}, "datetime": {"datetime": "2021-09-23 12:08:51", "elapsed": 408.213643, "delta": 2.552813}}
{"target": 0.912909008514438, "params": {"C": 1280.7657820475129, "epsilon": 0.10894793330381593, "gamma": 0.08183784177004753, "lamda": 0.09883856659346203}, "datetime": {"datetime": "2021-09-23 12:08:53", "elapsed": 410.425486, "delta": 2.211843}}
{"target": 0.9115103747627715, "params": {"C": 1279.3025725046336, "epsilon": 0.137282499939892, "gamma": 0.09581205189755178, "lamda": 0.11679746157427948}, "datetime": {"datetime": "2021-09-23 12:08:56", "elapsed": 412.737413, "delta": 2.311927}}
{"target": 0.7897130012570003, "params": {"C": 1280.925979373832, "epsilon": 0.11936591332981264, "gamma": 0.5103803095108033, "lamda": 0.1441284239918889}, "datetime": {"datetime": "2021-09-23 12:08:58", "elapsed": 415.372001, "delta": 2.634588}}
{"target": 0.7979601108778148, "params": {"C": 1166.3980655214023, "epsilon": 0.10653170514328622, "gamma": 0.4826841018932272, "lamda": 0.16880995975837926}, "datetime": {"datetime": "2021-09-23 12:09:00", "elapsed": 416.659003, "delta": 1.287002}}
{"target": 0.916394035476901, "params": {"C": 1278.735074190822, "epsilon": 0.1287430314382811, "gamma": 0.08144680971564547, "lamda": 0.15090990410637317}, "datetime": {"datetime": "2021-09-23 12:09:02", "elapsed": 419.018001, "delta": 2.358998}}
{"target": 0.7991772087231583, "params": {"C": 1278.950425725696, "epsilon": 0.09967033984608684, "gamma": 0.478171853122272, "lamda": 0.10410912321374072}, "datetime": {"datetime": "2021-09-23 12:09:05", "elapsed": 422.026267, "delta": 3.008266}}
{"target": 0.8990735435577081, "params": {"C": 1265.6981370145559, "epsilon": 0.10465599314706447, "gamma": 0.13115683616504542, "lamda": 0.15731523853662888}, "datetime": {"datetime": "2021-09-23 12:09:08", "elapsed": 424.891928, "delta": 2.865661}}
{"target": 0.7628642274315042, "params": {"C": 1265.926921208999, "epsilon": 0.08714046215498374, "gamma": 0.5975195433728271, "lamda": 0.13920838495902244}, "datetime": {"datetime": "2021-09-23 12:09:10", "elapsed": 427.432965, "delta": 2.541037}}
{"target": 0.8931655075358033, "params": {"C": 1265.2649739999465, "epsilon": 0.1014122853691681, "gamma": 0.13263684503165427, "lamda": 0.09314638779008659}, "datetime": {"datetime": "2021-09-23 12:09:13", "elapsed": 430.338994, "delta": 2.906029}}
{"target": 0.7600165826131244, "params": {"C": 1264.9141033716473, "epsilon": 0.13310813973919858, "gamma": 0.6071638193119768, "lamda": 0.12398854643411819}, "datetime": {"datetime": "2021-09-23 12:09:16", "elapsed": 432.938841, "delta": 2.599847}}
{"target": 0.7321085581741684, "params": {"C": 1235.662136854455, "epsilon": 0.11573746141917601, "gamma": 0.6999181628873682, "lamda": 0.08498887907432401}, "datetime": {"datetime": "2021-09-23 12:09:18", "elapsed": 435.173168, "delta": 2.234327}}
{"target": 0.909920578368477, "params": {"C": 1216.9040950031972, "epsilon": 0.1359106012387285, "gamma": 0.10384849200411622, "lamda": 0.14560176660762994}, "datetime": {"datetime": "2021-09-23 12:09:20", "elapsed": 437.367865, "delta": 2.194697}}
{"target": 0.7653120032413998, "params": {"C": 1216.8557824374261, "epsilon": 0.1456239443529871, "gamma": 0.5900593761057417, "lamda": 0.11364824262749937}, "datetime": {"datetime": "2021-09-23 12:09:24", "elapsed": 441.428905, "delta": 4.06104}}
{"target": 0.9175941642970927, "params": {"C": 1217.3890742619428, "epsilon": 0.14881840084724846, "gamma": 0.057269036960667125, "lamda": 0.13735971140569203}, "datetime": {"datetime": "2021-09-23 12:09:27", "elapsed": 444.370392, "delta": 2.941487}}
{"target": 0.9173817490884556, "params": {"C": 1217.8365718954797, "epsilon": 0.08, "gamma": 0.05, "lamda": 0.17}, "datetime": {"datetime": "2021-09-23 12:09:30", "elapsed": 447.086391, "delta": 2.715999}}
{"target": 0.8217280665012187, "params": {"C": 1217.7697225465965, "epsilon": 0.13489344724321511, "gamma": 0.40208849223990983, "lamda": 0.1064594592909496}, "datetime": {"datetime": "2021-09-23 12:09:33", "elapsed": 449.670435, "delta": 2.584044}}
{"target": 0.7321751106840688, "params": {"C": 1301.6505949172124, "epsilon": 0.15, "gamma": 0.7, "lamda": 0.08}, "datetime": {"datetime": "2021-09-23 12:09:35", "elapsed": 452.227684, "delta": 2.557249}}
{"target": 0.9178149659620536, "params": {"C": 1290.2288908423384, "epsilon": 0.11992747774260587, "gamma": 0.053642658313160244, "lamda": 0.09340359736709544}, "datetime": {"datetime": "2021-09-23 12:09:38", "elapsed": 454.730747, "delta": 2.503063}}
{"target": 0.797607079821578, "params": {"C": 1290.1737800717676, "epsilon": 0.0826982927625904, "gamma": 0.48318127376269354, "lamda": 0.1633896826093929}, "datetime": {"datetime": "2021-09-23 12:09:41", "elapsed": 457.887764, "delta": 3.157017}}
{"target": 0.8791615578973468, "params": {"C": 1290.7839908439475, "epsilon": 0.12156557268523441, "gamma": 0.18949549578463898, "lamda": 0.10384754565856404}, "datetime": {"datetime": "2021-09-23 12:09:44", "elapsed": 460.824534, "delta": 2.93677}}
{"target": 0.9183315590110073, "params": {"C": 1289.6514692089115, "epsilon": 0.10109431631910785, "gamma": 0.056403351005429106, "lamda": 0.12912806196123533}, "datetime": {"datetime": "2021-09-23 12:09:47", "elapsed": 463.622892, "delta": 2.798358}}
{"target": 0.9176575280513639, "params": {"C": 1289.2798487688697, "epsilon": 0.10480126377087175, "gamma": 0.053774002777974, "lamda": 0.09863982104861503}, "datetime": {"datetime": "2021-09-23 12:09:50", "elapsed": 466.696052, "delta": 3.07316}}
{"target": 0.7816838298556541, "params": {"C": 1286.5155352352713, "epsilon": 0.13437149339299276, "gamma": 0.5368405863770584, "lamda": 0.130903413690992}, "datetime": {"datetime": "2021-09-23 12:09:51", "elapsed": 468.27923, "delta": 1.583178}}
{"target": 0.8070299091949524, "params": {"C": 1289.3692666817706, "epsilon": 0.09326064002902534, "gamma": 0.4508079843996187, "lamda": 0.08408250132441727}, "datetime": {"datetime": "2021-09-23 12:09:54", "elapsed": 470.851293, "delta": 2.572063}}
{"target": 0.7939691010977221, "params": {"C": 1324.083986159215, "epsilon": 0.08114669539938298, "gamma": 0.49468698780924475, "lamda": 0.08634182181942734}, "datetime": {"datetime": "2021-09-23 12:09:56", "elapsed": 473.558338, "delta": 2.707045}}
{"target": 0.9175688369437409, "params": {"C": 1216.3472464377423, "epsilon": 0.08820397845865637, "gamma": 0.053037757801064754, "lamda": 0.11306160879438132}, "datetime": {"datetime": "2021-09-23 12:10:00", "elapsed": 476.900601, "delta": 3.342263}}
{"target": 0.9153565777437671, "params": {"C": 1243.4067340356664, "epsilon": 0.1409956681920757, "gamma": 0.05192681094142764, "lamda": 0.16985737495370531}, "datetime": {"datetime": "2021-09-23 12:10:02", "elapsed": 479.46954, "delta": 2.568939}}
{"target": 0.9070035472933271, "params": {"C": 1215.9943435365326, "epsilon": 0.12756972804426436, "gamma": 0.11067030636540658, "lamda": 0.14213566653754575}, "datetime": {"datetime": "2021-09-23 12:10:05", "elapsed": 481.685158, "delta": 2.215618}}
{"target": 0.9156313337554298, "params": {"C": 1220.654871774392, "epsilon": 0.14820810319487504, "gamma": 0.08548979134211131, "lamda": 0.15526283670583385}, "datetime": {"datetime": "2021-09-23 12:10:08", "elapsed": 485.32737, "delta": 3.642212}}
{"target": 0.7848812413081085, "params": {"C": 1220.5648216351206, "epsilon": 0.09370776084147875, "gamma": 0.5258814883886646, "lamda": 0.16328549844544155}, "datetime": {"datetime": "2021-09-23 12:10:11", "elapsed": 487.752087, "delta": 2.424717}}
{"target": 0.9005423269452709, "params": {"C": 1221.2340803832203, "epsilon": 0.1261318275413056, "gamma": 0.1308528792942149, "lamda": 0.1604663434056619}, "datetime": {"datetime": "2021-09-23 12:10:13", "elapsed": 490.462347, "delta": 2.71026}}
{"target": 0.9172697962747804, "params": {"C": 1220.1785437887434, "epsilon": 0.15, "gamma": 0.05, "lamda": 0.08}, "datetime": {"datetime": "2021-09-23 12:10:16", "elapsed": 493.217612, "delta": 2.755265}}
{"target": 0.7973864333968833, "params": {"C": 1207.1370327897985, "epsilon": 0.11996871669559703, "gamma": 0.4845883492565407, "lamda": 0.12026025066919305}, "datetime": {"datetime": "2021-09-23 12:10:18", "elapsed": 494.67986, "delta": 1.462248}}
{"target": 0.9125797058044627, "params": {"C": 1219.6937191604968, "epsilon": 0.0979666685166182, "gamma": 0.07129004572814798, "lamda": 0.08049672577523134}, "datetime": {"datetime": "2021-09-23 12:10:21", "elapsed": 497.622218, "delta": 2.942358}}
{"target": 0.8173537554548046, "params": {"C": 1219.8344922813715, "epsilon": 0.09171744087201228, "gamma": 0.4166367725594991, "lamda": 0.11141766765788277}, "datetime": {"datetime": "2021-09-23 12:10:24", "elapsed": 500.916317, "delta": 3.294099}}
{"target": 0.8513457966827024, "params": {"C": 1346.0769724440697, "epsilon": 0.11201675328185243, "gamma": 0.29433450840656633, "lamda": 0.14422207598694567}, "datetime": {"datetime": "2021-09-23 12:10:25", "elapsed": 502.317315, "delta": 1.400998}}
{"target": 0.9144035404889572, "params": {"C": 1345.3071241858877, "epsilon": 0.08, "gamma": 0.05, "lamda": 0.08}, "datetime": {"datetime": "2021-09-23 12:10:28", "elapsed": 504.905564, "delta": 2.588249}}
{"target": 0.9173817490884556, "params": {"C": 1344.8175850188627, "epsilon": 0.08, "gamma": 0.05, "lamda": 0.17}, "datetime": {"datetime": "2021-09-23 12:10:32", "elapsed": 508.930722, "delta": 4.025158}}
{"target": 0.7883913361349216, "params": {"C": 1344.730223522389, "epsilon": 0.11737659995326297, "gamma": 0.5146977742583743, "lamda": 0.14538321871449272}, "datetime": {"datetime": "2021-09-23 12:10:35", "elapsed": 511.960019, "delta": 3.029297}}
{"target": 0.9183593375914914, "params": {"C": 1341.2915597224528, "epsilon": 0.09154111326454303, "gamma": 0.06366987745863859, "lamda": 0.1439170023180707}, "datetime": {"datetime": "2021-09-23 12:10:37", "elapsed": 514.48663, "delta": 2.526611}}
{"target": 0.8083205148451178, "params": {"C": 1237.4496275814017, "epsilon": 0.14559455950824676, "gamma": 0.4486714235051054, "lamda": 0.10829611499529887}, "datetime": {"datetime": "2021-09-23 12:10:39", "elapsed": 516.166666, "delta": 1.680036}}
{"target": 0.7946636615955738, "params": {"C": 1341.3778650112613, "epsilon": 0.13448246342005638, "gamma": 0.4937744264550326, "lamda": 0.08561217362554133}, "datetime": {"datetime": "2021-09-23 12:10:43", "elapsed": 519.663857, "delta": 3.497191}}
{"target": 0.896622853882374, "params": {"C": 1340.8164815857501, "epsilon": 0.09435286040005288, "gamma": 0.11356417594709356, "lamda": 0.08226021226206755}, "datetime": {"datetime": "2021-09-23 12:10:46", "elapsed": 523.036208, "delta": 3.372351}}
{"target": 0.9171680385655402, "params": {"C": 1232.6051051366255, "epsilon": 0.11067619976702336, "gamma": 0.05, "lamda": 0.13213137010516635}, "datetime": {"datetime": "2021-09-23 12:10:49", "elapsed": 526.556153, "delta": 3.519945}}
{"target": 0.9019809309370582, "params": {"C": 1159.314054170151, "epsilon": 0.1330033251168104, "gamma": 0.1280128452321735, "lamda": 0.16541334353285303}, "datetime": {"datetime": "2021-09-23 12:10:51", "elapsed": 528.135277, "delta": 1.579124}}
{"target": 0.7833065171926176, "params": {"C": 1232.629856612403, "epsilon": 0.09872414102908575, "gamma": 0.5313988644206165, "lamda": 0.1321126673704172}, "datetime": {"datetime": "2021-09-23 12:10:54", "elapsed": 531.132861, "delta": 2.997584}}
{"target": 0.9183720158301778, "params": {"C": 1232.2045950163647, "epsilon": 0.11910562130565153, "gamma": 0.05712342987766875, "lamda": 0.11838930644910116}, "datetime": {"datetime": "2021-09-23 12:10:57", "elapsed": 533.839465, "delta": 2.706604}}
{"target": 0.897137548202465, "params": {"C": 1231.7614663894685, "epsilon": 0.1073102711022309, "gamma": 0.13623967389523595, "lamda": 0.14632836855610276}, "datetime": {"datetime": "2021-09-23 12:11:00", "elapsed": 536.85121, "delta": 3.011745}}
{"target": 0.9116939548186132, "params": {"C": 1233.14108426835, "epsilon": 0.12248288561688395, "gamma": 0.08549626196307138, "lamda": 0.08832640286135865}, "datetime": {"datetime": "2021-09-23 12:11:03", "elapsed": 539.848137, "delta": 2.996927}}
{"target": 0.9047587585530541, "params": {"C": 1233.5384014218303, "epsilon": 0.14558292110580978, "gamma": 0.10794388824042025, "lamda": 0.0839217532613398}, "datetime": {"datetime": "2021-09-23 12:11:06", "elapsed": 543.109194, "delta": 3.261057}}
{"target": 0.7648590795872682, "params": {"C": 1260.0804180676496, "epsilon": 0.11257611978727591, "gamma": 0.5901360958470986, "lamda": 0.16321596863671406}, "datetime": {"datetime": "2021-09-23 12:11:09", "elapsed": 546.428207, "delta": 3.319013}}
{"target": 0.757455249766378, "params": {"C": 1257.9384543979154, "epsilon": 0.12410151299687029, "gamma": 0.6155590660906911, "lamda": 0.1264579912863122}, "datetime": {"datetime": "2021-09-23 12:11:12", "elapsed": 549.303597, "delta": 2.87539}}
{"target": 0.9144009688206434, "params": {"C": 1344.2227206871185, "epsilon": 0.08, "gamma": 0.05, "lamda": 0.08}, "datetime": {"datetime": "2021-09-23 12:11:15", "elapsed": 552.206022, "delta": 2.902425}}
{"target": 0.8665070289576039, "params": {"C": 1199.0771873747665, "epsilon": 0.12913201856695822, "gamma": 0.2391657329166672, "lamda": 0.11824673105225902}, "datetime": {"datetime": "2021-09-23 12:11:17", "elapsed": 553.88887, "delta": 1.682848}}
{"target": 0.8711359799234226, "params": {"C": 1343.8154428300986, "epsilon": 0.10661331414275795, "gamma": 0.2156681795959341, "lamda": 0.08594875990947759}, "datetime": {"datetime": "2021-09-23 12:11:20", "elapsed": 556.950451, "delta": 3.061581}}
{"target": 0.9177153026183396, "params": {"C": 1348.4049490554012, "epsilon": 0.1183288414938557, "gamma": 0.06349514446417753, "lamda": 0.09608280100083351}, "datetime": {"datetime": "2021-09-23 12:11:24", "elapsed": 560.738986, "delta": 3.788535}}
{"target": 0.7875565600249177, "params": {"C": 1348.5337158215539, "epsilon": 0.14360061865446722, "gamma": 0.5178293076870237, "lamda": 0.1057326355328681}, "datetime": {"datetime": "2021-09-23 12:11:27", "elapsed": 563.622946, "delta": 2.88396}}
{"target": 0.9180732260403084, "params": {"C": 1348.01969349596, "epsilon": 0.1091799376483741, "gamma": 0.07045078089559165, "lamda": 0.1481731285069604}, "datetime": {"datetime": "2021-09-23 12:11:29", "elapsed": 566.453518, "delta": 2.830572}}
{"target": 0.9173817490884556, "params": {"C": 1174.3577804248282, "epsilon": 0.08, "gamma": 0.05, "lamda": 0.17}, "datetime": {"datetime": "2021-09-23 12:11:32", "elapsed": 569.21665, "delta": 2.763132}}
{"target": 0.7965325965851433, "params": {"C": 1174.3601159016657, "epsilon": 0.14826327162902775, "gamma": 0.4877958131613544, "lamda": 0.0968090361408389}, "datetime": {"datetime": "2021-09-23 12:11:36", "elapsed": 572.820221, "delta": 3.603571}}
{"target": 0.9185165458517293, "params": {"C": 1174.8610417823327, "epsilon": 0.10579499510647959, "gamma": 0.06524468339984273, "lamda": 0.15001485337454007}, "datetime": {"datetime": "2021-09-23 12:11:39", "elapsed": 575.921394, "delta": 3.101173}}
{"target": 0.9181058506091501, "params": {"C": 1341.8287800242472, "epsilon": 0.1382432470207432, "gamma": 0.06525703378334008, "lamda": 0.1562240319673563}, "datetime": {"datetime": "2021-09-23 12:11:42", "elapsed": 578.906019, "delta": 2.984625}}
{"target": 0.8552733681738766, "params": {"C": 1342.2314207820755, "epsilon": 0.10354951152509051, "gamma": 0.27898782549713413, "lamda": 0.12193617500701778}, "datetime": {"datetime": "2021-09-23 12:11:45", "elapsed": 581.809314, "delta": 2.903295}}
{"target": 0.91621665890043, "params": {"C": 1173.9045523631519, "epsilon": 0.12231414812141704, "gamma": 0.08059315051969095, "lamda": 0.1378562617381235}, "datetime": {"datetime": "2021-09-23 12:11:48", "elapsed": 585.555621, "delta": 3.746307}}
{"target": 0.9177983482603429, "params": {"C": 1175.2400995272653, "epsilon": 0.14727730502622688, "gamma": 0.06582994650417492, "lamda": 0.16110565870513638}, "datetime": {"datetime": "2021-09-23 12:11:52", "elapsed": 589.077512, "delta": 3.521891}}
{"target": 0.7845181022285999, "params": {"C": 1175.0628706184, "epsilon": 0.14108196566838663, "gamma": 0.5278416305957707, "lamda": 0.09522384035640892}, "datetime": {"datetime": "2021-09-23 12:11:57", "elapsed": 593.797751, "delta": 4.720239}}
{"target": 0.7743071718924843, "params": {"C": 1299.0345974027775, "epsilon": 0.13988730458691334, "gamma": 0.5602772799371459, "lamda": 0.1367546310531628}, "datetime": {"datetime": "2021-09-23 12:11:59", "elapsed": 595.782104, "delta": 1.984353}}
{"target": 0.9173573997915624, "params": {"C": 1252.8775118465362, "epsilon": 0.14506526844272485, "gamma": 0.07499376359433535, "lamda": 0.11246519881302805}, "datetime": {"datetime": "2021-09-23 12:12:02", "elapsed": 598.920547, "delta": 3.138443}}
{"target": 0.9171327133119719, "params": {"C": 1231.1405893712508, "epsilon": 0.0981017099366489, "gamma": 0.07391793446291706, "lamda": 0.14441597031189396}, "datetime": {"datetime": "2021-09-23 12:12:04", "elapsed": 600.728336, "delta": 1.807789}}
{"target": 0.7758400676847049, "params": {"C": 1252.8617023020859, "epsilon": 0.08348549463251506, "gamma": 0.5557830974664962, "lamda": 0.11817343974182717}, "datetime": {"datetime": "2021-09-23 12:12:07", "elapsed": 604.178797, "delta": 3.450461}}
