{"target": 0.9031663548270021, "params": {"C": 1195.7858136301597, "epsilon": 0.4438792787024942, "gamma": 0.04835694648809192, "lamda": 0.3826743911968713}, "datetime": {"datetime": "2021-09-23 23:27:45", "elapsed": 6.025649, "delta": 0.353037}}
{"target": 0.8910577174619095, "params": {"C": 1155.7965658264413, "epsilon": 0.48302557696029136, "gamma": 0.018704373724292987, "lamda": 0.2352963091250836}, "datetime": {"datetime": "2021-09-23 23:27:45", "elapsed": 6.373665, "delta": 0.348016}}
{"target": 0.8995450310255141, "params": {"C": 1225.4699433340056, "epsilon": 0.840468156941798, "gamma": 0.04001073426486995, "lamda": 0.24049272285154935}, "datetime": {"datetime": "2021-09-23 23:27:46", "elapsed": 6.731628, "delta": 0.357963}}
{"target": 0.9141443037260455, "params": {"C": 1228.0099545625753, "epsilon": 0.28598520842260444, "gamma": 0.01935845146978839, "lamda": 0.06485631268236246}, "datetime": {"datetime": "2021-09-23 23:27:46", "elapsed": 7.092666, "delta": 0.361038}}
{"target": 0.9157157814939999, "params": {"C": 1112.7608426898794, "epsilon": 0.40481452294546694, "gamma": 0.06927688834063415, "lamda": 0.08784405548445551}, "datetime": {"datetime": "2021-09-23 23:27:46", "elapsed": 7.482667, "delta": 0.390001}}
{"target": 0.9152676545932069, "params": {"C": 1193.8822967732722, "epsilon": 0.9682829352450285, "gamma": 0.0368260001476184, "lamda": 0.06474426345499094}, "datetime": {"datetime": "2021-09-23 23:27:47", "elapsed": 7.913609, "delta": 0.430942}}
{"target": 0.9187557706932422, "params": {"C": 1206.2716533314333, "epsilon": 0.22088191272355492, "gamma": 0.06666630799997007, "lamda": 0.0801408866955507}, "datetime": {"datetime": "2021-09-23 23:27:47", "elapsed": 8.285609, "delta": 0.372}}
{"target": 0.9112235722864664, "params": {"C": 1162.1062240147312, "epsilon": 0.35527707611318426, "gamma": 0.06980865542978751, "lamda": 0.17967989838707407}, "datetime": {"datetime": "2021-09-23 23:27:48", "elapsed": 8.677111, "delta": 0.391502}}
{"target": 0.8886319228238259, "params": {"C": 1118.1313867402525, "epsilon": 0.28436264120703036, "gamma": 0.013817017265212093, "lamda": 0.23522559280818225}, "datetime": {"datetime": "2021-09-23 23:27:48", "elapsed": 9.026101, "delta": 0.34899}}
{"target": 0.890387363635433, "params": {"C": 1233.6031451071706, "epsilon": 0.9456452693573992, "gamma": 0.0638734341970012, "lamda": 0.30012222199821087}, "datetime": {"datetime": "2021-09-23 23:27:48", "elapsed": 9.404974, "delta": 0.378873}}
{"target": 0.9165954090912631, "params": {"C": 1241.9423018703249, "epsilon": 0.2319225994792417, "gamma": 0.04840015111077136, "lamda": 0.261808460219463}, "datetime": {"datetime": "2021-09-23 23:27:49", "elapsed": 9.796612, "delta": 0.391638}}
{"target": 0.8992348167360193, "params": {"C": 1218.4171906646159, "epsilon": 0.7848259921626908, "gamma": 0.060205643821522443, "lamda": 0.25429917482121994}, "datetime": {"datetime": "2021-09-23 23:27:49", "elapsed": 10.17461, "delta": 0.377998}}
{"target": 0.8992066378764063, "params": {"C": 1157.250705749311, "epsilon": 0.4917098986245436, "gamma": 0.01035607858425128, "lamda": 0.005911731269281357}, "datetime": {"datetime": "2021-09-23 23:27:50", "elapsed": 10.702707, "delta": 0.528097}}
{"target": 0.8653621492998834, "params": {"C": 1110.4290789066683, "epsilon": 0.6307830821623754, "gamma": 0.010354663744515885, "lamda": 0.23261716036577582}, "datetime": {"datetime": "2021-09-23 23:27:50", "elapsed": 11.069708, "delta": 0.367001}}
{"target": 0.926265835937511, "params": {"C": 1132.4512053319347, "epsilon": 0.25257844290657305, "gamma": 0.030772476628517974, "lamda": 0.008917478112143079}, "datetime": {"datetime": "2021-09-23 23:27:50", "elapsed": 11.633251, "delta": 0.563543}}
{"target": 0.9142458635547797, "params": {"C": 1235.6219709088532, "epsilon": 0.6616971550039416, "gamma": 0.05867078936891688, "lamda": 0.10218318542956042}, "datetime": {"datetime": "2021-09-23 23:27:51", "elapsed": 12.052258, "delta": 0.419007}}
{"target": 0.8828598320551279, "params": {"C": 1178.1850259231228, "epsilon": 0.8432943808149355, "gamma": 0.029580188503789788, "lamda": 0.38569796879367957}, "datetime": {"datetime": "2021-09-23 23:27:51", "elapsed": 12.460869, "delta": 0.408611}}
{"target": 0.8868726855332089, "params": {"C": 1103.8924087619769, "epsilon": 0.6798103780253164, "gamma": 0.028205701193274757, "lamda": 0.38711623056022165}, "datetime": {"datetime": "2021-09-23 23:27:52", "elapsed": 12.862474, "delta": 0.401605}}
{"target": 0.9249034586728528, "params": {"C": 1232.7282430923435, "epsilon": 0.05697677083400467, "gamma": 0.0430910027144322, "lamda": 0.3231812419854612}, "datetime": {"datetime": "2021-09-23 23:27:52", "elapsed": 13.314474, "delta": 0.452}}
{"target": 0.9183722092393907, "params": {"C": 1100.6241263305653, "epsilon": 0.5194409895162766, "gamma": 0.046616465768687214, "lamda": 0.09962233242153017}, "datetime": {"datetime": "2021-09-23 23:27:53", "elapsed": 13.73304, "delta": 0.418566}}
{"target": 0.9180214384881947, "params": {"C": 1228.143069768811, "epsilon": 0.0943648777378669, "gamma": 0.058817940695245735, "lamda": 0.3593937206570151}, "datetime": {"datetime": "2021-09-23 23:27:53", "elapsed": 14.163282, "delta": 0.430242}}
{"target": 0.9207489060862002, "params": {"C": 1145.9563184070807, "epsilon": 0.12128915587303771, "gamma": 0.06259442214987324, "lamda": 0.12843371876400358}, "datetime": {"datetime": "2021-09-23 23:27:53", "elapsed": 14.60174, "delta": 0.438458}}
{"target": 0.9113780853571322, "params": {"C": 1130.736103132051, "epsilon": 0.799390704162155, "gamma": 0.06558497066623334, "lamda": 0.09358558380939572}, "datetime": {"datetime": "2021-09-23 23:27:54", "elapsed": 15.024761, "delta": 0.423021}}
{"target": 0.9175112644455274, "params": {"C": 1146.1451423538776, "epsilon": 0.3430885385850887, "gamma": 0.06486823597840788, "lamda": 0.025713950465293275}, "datetime": {"datetime": "2021-09-23 23:27:54", "elapsed": 15.573944, "delta": 0.549183}}
{"target": 0.9191928650087174, "params": {"C": 1145.9902781573019, "epsilon": 0.2482443953968995, "gamma": 0.06560050046887074, "lamda": 0.05293778406992323}, "datetime": {"datetime": "2021-09-23 23:27:55", "elapsed": 15.9799, "delta": 0.405956}}
{"target": 0.9243439734134268, "params": {"C": 1132.5870623932174, "epsilon": 0.21532220244484737, "gamma": 0.033799332663239055, "lamda": 0.09717708344995189}, "datetime": {"datetime": "2021-09-23 23:27:55", "elapsed": 16.504582, "delta": 0.524682}}
{"target": 0.9128368465482399, "params": {"C": 1268.934460761621, "epsilon": 0.7234042494440275, "gamma": 0.055594425361332994, "lamda": 0.1144583620145433}, "datetime": {"datetime": "2021-09-23 23:27:56", "elapsed": 16.925574, "delta": 0.420992}}
{"target": 0.9161948144313734, "params": {"C": 1146.2399321975895, "epsilon": 0.17373421226827415, "gamma": 0.018396701405610408, "lamda": 0.04914753828407535}, "datetime": {"datetime": "2021-09-23 23:27:56", "elapsed": 17.485836, "delta": 0.560262}}
{"target": 0.9183419534334893, "params": {"C": 1121.5679911872653, "epsilon": 0.24427516443253638, "gamma": 0.04275698348917677, "lamda": 0.21002385089840356}, "datetime": {"datetime": "2021-09-23 23:27:57", "elapsed": 17.887824, "delta": 0.401988}}
{"target": 0.8962511507868682, "params": {"C": 1104.1681832883478, "epsilon": 0.03, "gamma": 0.05834860408576268, "lamda": 0.03457035619817479}, "datetime": {"datetime": "2021-09-23 23:27:57", "elapsed": 18.483867, "delta": 0.596043}}
{"target": 0.889732353649665, "params": {"C": 1252.8300442447226, "epsilon": 0.44106187790356255, "gamma": 0.014839190853576597, "lamda": 0.17093299945942966}, "datetime": {"datetime": "2021-09-23 23:27:58", "elapsed": 18.912866, "delta": 0.428999}}
{"target": 0.9250704683069891, "params": {"C": 1206.2790101819082, "epsilon": 0.18402745411763594, "gamma": 0.045899308368958426, "lamda": 0.11187738453900475}, "datetime": {"datetime": "2021-09-23 23:27:58", "elapsed": 19.391059, "delta": 0.478193}}
{"target": 0.88779369313499, "params": {"C": 1117.9888552573043, "epsilon": 0.9835929193096355, "gamma": 0.049771022444476544, "lamda": 0.34785205685630965}, "datetime": {"datetime": "2021-09-23 23:27:59", "elapsed": 19.826103, "delta": 0.435044}}
{"target": 0.9219560130667438, "params": {"C": 1254.2964996801434, "epsilon": 0.05532510331216224, "gamma": 0.05810917159184193, "lamda": 0.28889237328367456}, "datetime": {"datetime": "2021-09-23 23:27:59", "elapsed": 20.323295, "delta": 0.497192}}
{"target": 0.9239323143856243, "params": {"C": 1145.9932231976682, "epsilon": 0.17612107083780842, "gamma": 0.034366703034845784, "lamda": 0.12604027011730642}, "datetime": {"datetime": "2021-09-23 23:28:00", "elapsed": 20.834764, "delta": 0.511469}}
{"target": 0.9247576860747737, "params": {"C": 1180.9823306810163, "epsilon": 0.06461716314599386, "gamma": 0.033718912082341186, "lamda": 0.27317741533332024}, "datetime": {"datetime": "2021-09-23 23:28:00", "elapsed": 21.30272, "delta": 0.467956}}
{"target": 0.9030233769450831, "params": {"C": 1104.1424699898723, "epsilon": 0.15302249748024543, "gamma": 0.014702118775496407, "lamda": 0.16837800564361277}, "datetime": {"datetime": "2021-09-23 23:28:01", "elapsed": 21.761606, "delta": 0.458886}}
{"target": 0.9275304644193373, "params": {"C": 1145.9713427485474, "epsilon": 0.15187626869731968, "gamma": 0.046187880311690514, "lamda": 0.080043109648927}, "datetime": {"datetime": "2021-09-23 23:28:01", "elapsed": 22.285026, "delta": 0.52342}}
{"target": 0.9212109674642028, "params": {"C": 1146.059599345322, "epsilon": 0.206701325918707, "gamma": 0.028074604955698662, "lamda": 0.10600598105349189}, "datetime": {"datetime": "2021-09-23 23:28:02", "elapsed": 22.876814, "delta": 0.591788}}
{"target": 0.9098978931307062, "params": {"C": 1146.0582382128077, "epsilon": 0.21490263038718546, "gamma": 0.01593920544472562, "lamda": 0.010343603205263851}, "datetime": {"datetime": "2021-09-23 23:28:02", "elapsed": 23.419001, "delta": 0.542187}}
{"target": 0.9256493958116885, "params": {"C": 1132.4108642158346, "epsilon": 0.21075219979178333, "gamma": 0.04477962755796153, "lamda": 0.09199093322124191}, "datetime": {"datetime": "2021-09-23 23:28:03", "elapsed": 23.89978, "delta": 0.480779}}
{"target": 0.8837517794868405, "params": {"C": 1146.5837674530567, "epsilon": 0.7398851621344886, "gamma": 0.020576502401503948, "lamda": 0.27440130170654303}, "datetime": {"datetime": "2021-09-23 23:28:03", "elapsed": 24.332607, "delta": 0.432827}}
{"target": 0.9165599006850086, "params": {"C": 1254.2116370575661, "epsilon": 0.0736419481471001, "gamma": 0.07, "lamda": 0.23522151438281091}, "datetime": {"datetime": "2021-09-23 23:28:04", "elapsed": 24.93674, "delta": 0.604133}}
{"target": 0.9201369015389048, "params": {"C": 1132.5537672182948, "epsilon": 0.1682443723107514, "gamma": 0.056539201787289606, "lamda": 0.18225184027229918}, "datetime": {"datetime": "2021-09-23 23:28:04", "elapsed": 25.410698, "delta": 0.473958}}
{"target": 0.9170490300283513, "params": {"C": 1252.9201909070698, "epsilon": 0.33059077392340797, "gamma": 0.03606699074817514, "lamda": 0.15918311384564016}, "datetime": {"datetime": "2021-09-23 23:28:05", "elapsed": 25.891013, "delta": 0.480315}}
{"target": 0.910473840802238, "params": {"C": 1253.8427693791305, "epsilon": 0.2121562813519773, "gamma": 0.027446234016696852, "lamda": 0.2856791376981919}, "datetime": {"datetime": "2021-09-23 23:28:05", "elapsed": 26.33298, "delta": 0.441967}}
{"target": 0.9186313165907795, "params": {"C": 1252.7155302253282, "epsilon": 0.41602432813207946, "gamma": 0.05865241832198205, "lamda": 0.0935931003695684}, "datetime": {"datetime": "2021-09-23 23:28:06", "elapsed": 26.825978, "delta": 0.492998}}
{"target": 0.9081585749427695, "params": {"C": 1269.1757214223965, "epsilon": 0.25597798420827467, "gamma": 0.06559187778085611, "lamda": 0.3611023605156928}, "datetime": {"datetime": "2021-09-23 23:28:06", "elapsed": 27.266192, "delta": 0.440214}}
{"target": 0.9274576454681094, "params": {"C": 1132.5369113140362, "epsilon": 0.3266213904530866, "gamma": 0.04208929934294786, "lamda": 0.04551289924716526}, "datetime": {"datetime": "2021-09-23 23:28:07", "elapsed": 27.786191, "delta": 0.519999}}
{"target": 0.9027100399375452, "params": {"C": 1184.3158452018645, "epsilon": 0.7695819628835003, "gamma": 0.06045065778099424, "lamda": 0.21462818631946584}, "datetime": {"datetime": "2021-09-23 23:28:07", "elapsed": 28.245188, "delta": 0.458997}}
{"target": 0.9176623868965316, "params": {"C": 1104.0259324670787, "epsilon": 0.05590141793183216, "gamma": 0.0671179451781794, "lamda": 0.19980099509969493}, "datetime": {"datetime": "2021-09-23 23:28:08", "elapsed": 28.871755, "delta": 0.626567}}
{"target": 0.9061915377869969, "params": {"C": 1133.545168671707, "epsilon": 0.9535854434485915, "gamma": 0.0416379987196207, "lamda": 0.14838486730077582}, "datetime": {"datetime": "2021-09-23 23:28:08", "elapsed": 29.338346, "delta": 0.466591}}
{"target": 0.9223209257688147, "params": {"C": 1180.9513528319355, "epsilon": 0.1175338649280573, "gamma": 0.03399357942729108, "lamda": 0.21733398615348073}, "datetime": {"datetime": "2021-09-23 23:28:09", "elapsed": 29.878049, "delta": 0.539703}}
{"target": 0.9121124598529258, "params": {"C": 1132.4324468109796, "epsilon": 0.3402511247973783, "gamma": 0.020175490882908854, "lamda": 0.075155507189952}, "datetime": {"datetime": "2021-09-23 23:28:09", "elapsed": 30.414046, "delta": 0.535997}}
{"target": 0.9137515150339198, "params": {"C": 1132.529859234706, "epsilon": 0.18166017490228495, "gamma": 0.043553323288205256, "lamda": 0.0030923258630933537}, "datetime": {"datetime": "2021-09-23 23:28:10", "elapsed": 31.131925, "delta": 0.717879}}
{"target": 0.9043747075833091, "params": {"C": 1178.3901060826474, "epsilon": 0.03801425058959908, "gamma": 0.012723914076975658, "lamda": 0.2474041442078309}, "datetime": {"datetime": "2021-09-23 23:28:10", "elapsed": 31.603926, "delta": 0.472001}}
{"target": 0.9283565670161371, "params": {"C": 1132.6224987280834, "epsilon": 0.25462642537004915, "gamma": 0.035169803159957276, "lamda": 0.04930624824105255}, "datetime": {"datetime": "2021-09-23 23:28:11", "elapsed": 32.124924, "delta": 0.520998}}
{"target": 0.8697302408615195, "params": {"C": 1172.7554837093555, "epsilon": 0.723909244098786, "gamma": 0.016547865355545414, "lamda": 0.3665853435181578}, "datetime": {"datetime": "2021-09-23 23:28:11", "elapsed": 32.587181, "delta": 0.462257}}
{"target": 0.8865798559274992, "params": {"C": 1132.5524712107422, "epsilon": 0.2553897316402088, "gamma": 0.010693630487423254, "lamda": 0.16388717560666435}, "datetime": {"datetime": "2021-09-23 23:28:12", "elapsed": 33.097641, "delta": 0.51046}}
{"target": 0.9186859858945733, "params": {"C": 1132.6250708810264, "epsilon": 0.34111390793313345, "gamma": 0.023760716298079194, "lamda": 0.058347614132853}, "datetime": {"datetime": "2021-09-23 23:28:12", "elapsed": 33.627641, "delta": 0.53}}
{"target": 0.89908147951162, "params": {"C": 1285.395660300773, "epsilon": 0.9536415485667779, "gamma": 0.015188328390230318, "lamda": 0.04149861486142341}, "datetime": {"datetime": "2021-09-23 23:28:13", "elapsed": 34.195606, "delta": 0.567965}}
{"target": 0.9012856828532654, "params": {"C": 1186.2573066492355, "epsilon": 0.44648293359166236, "gamma": 0.028775607302263473, "lamda": 0.29363790168061665}, "datetime": {"datetime": "2021-09-23 23:28:14", "elapsed": 34.668599, "delta": 0.472993}}
{"target": 0.8963433801585771, "params": {"C": 1106.2274405442815, "epsilon": 0.5931835434233267, "gamma": 0.015365777078472266, "lamda": 0.08721564339898263}, "datetime": {"datetime": "2021-09-23 23:28:14", "elapsed": 35.190605, "delta": 0.522006}}
{"target": 0.9108185798848929, "params": {"C": 1132.5801774943334, "epsilon": 0.226244522775084, "gamma": 0.06353393951961091, "lamda": 0.021663734880561645}, "datetime": {"datetime": "2021-09-23 23:28:15", "elapsed": 35.869606, "delta": 0.679001}}
{"target": 0.9176850235873786, "params": {"C": 1133.8055627900155, "epsilon": 0.08333755853124372, "gamma": 0.06034625521770918, "lamda": 0.37110537972593094}, "datetime": {"datetime": "2021-09-23 23:28:15", "elapsed": 36.385786, "delta": 0.51618}}
{"target": 0.9053538036737815, "params": {"C": 1145.8926222314367, "epsilon": 0.17898418456627346, "gamma": 0.014904658353363492, "lamda": 0.006229724458738582}, "datetime": {"datetime": "2021-09-23 23:28:16", "elapsed": 37.118277, "delta": 0.732491}}
{"target": 0.8927917065868094, "params": {"C": 1152.7760881056274, "epsilon": 0.7382567286117583, "gamma": 0.037271997459895206, "lamda": 0.35317826706476824}, "datetime": {"datetime": "2021-09-23 23:28:16", "elapsed": 37.606374, "delta": 0.488097}}
{"target": 0.8866853319694176, "params": {"C": 1268.796743563221, "epsilon": 0.5589215072792493, "gamma": 0.010240462451368925, "lamda": 0.06773062234407044}, "datetime": {"datetime": "2021-09-23 23:28:17", "elapsed": 38.147276, "delta": 0.540902}}
{"target": 0.9126876901606047, "params": {"C": 1232.2932631394963, "epsilon": 0.14211048957868105, "gamma": 0.06833741397481563, "lamda": 0.34612875507632634}, "datetime": {"datetime": "2021-09-23 23:28:17", "elapsed": 38.631277, "delta": 0.484001}}
{"target": 0.9207208497130017, "params": {"C": 1132.6402519882204, "epsilon": 0.21302013094272135, "gamma": 0.02320888353608127, "lamda": 0.06998790201856508}, "datetime": {"datetime": "2021-09-23 23:28:18", "elapsed": 39.341597, "delta": 0.71032}}
{"target": 0.9200022144350679, "params": {"C": 1145.9973187221563, "epsilon": 0.07060299620920789, "gamma": 0.05245230906688825, "lamda": 0.061522816830720896}, "datetime": {"datetime": "2021-09-23 23:28:19", "elapsed": 39.938381, "delta": 0.596784}}
{"target": 0.9225775075782163, "params": {"C": 1181.047009125644, "epsilon": 0.13445892807224014, "gamma": 0.03929339370901095, "lamda": 0.21026934222046695}, "datetime": {"datetime": "2021-09-23 23:28:19", "elapsed": 40.549658, "delta": 0.611277}}
{"target": 0.924792317022948, "params": {"C": 1206.259933661818, "epsilon": 0.13787358880384795, "gamma": 0.023860586724929286, "lamda": 0.035843250177743285}, "datetime": {"datetime": "2021-09-23 23:28:20", "elapsed": 41.229383, "delta": 0.679725}}
{"target": 0.9123595134435115, "params": {"C": 1206.2598479839348, "epsilon": 0.09925300483551566, "gamma": 0.016880569754090025, "lamda": 0.14735401140291915}, "datetime": {"datetime": "2021-09-23 23:28:21", "elapsed": 41.80929, "delta": 0.579907}}
{"target": 0.9199226830355356, "params": {"C": 1181.0204609683667, "epsilon": 0.15240400059278175, "gamma": 0.0469415816858539, "lamda": 0.2648763353627797}, "datetime": {"datetime": "2021-09-23 23:28:21", "elapsed": 42.401255, "delta": 0.591965}}
{"target": 0.9007497147457623, "params": {"C": 1251.7520960746133, "epsilon": 0.5238881381520016, "gamma": 0.020092360359869454, "lamda": 0.13394338251117271}, "datetime": {"datetime": "2021-09-23 23:28:22", "elapsed": 42.915252, "delta": 0.513997}}
{"target": 0.9182094068049399, "params": {"C": 1232.6709758166626, "epsilon": 0.11668677495793814, "gamma": 0.0341436286184956, "lamda": 0.3432362536206436}, "datetime": {"datetime": "2021-09-23 23:28:22", "elapsed": 43.605352, "delta": 0.6901}}
{"target": 0.9156402828826359, "params": {"C": 1181.0174881384626, "epsilon": 0.05125617823125556, "gamma": 0.07, "lamda": 0.2020511531698051}, "datetime": {"datetime": "2021-09-23 23:28:23", "elapsed": 44.293006, "delta": 0.687654}}
{"target": 0.9214138865925443, "params": {"C": 1132.4462228767663, "epsilon": 0.11553621724029234, "gamma": 0.05826243842603866, "lamda": 0.06972481812311924}, "datetime": {"datetime": "2021-09-23 23:28:24", "elapsed": 44.925034, "delta": 0.632028}}
{"target": 0.8986041575960164, "params": {"C": 1273.6843531509976, "epsilon": 0.7959292186370986, "gamma": 0.06049574738962546, "lamda": 0.25855767007288327}, "datetime": {"datetime": "2021-09-23 23:28:24", "elapsed": 45.465535, "delta": 0.540501}}
{"target": 0.9214780572811132, "params": {"C": 1206.3782420534515, "epsilon": 0.16936017954994437, "gamma": 0.02231291773151456, "lamda": 0.0687665442724783}, "datetime": {"datetime": "2021-09-23 23:28:25", "elapsed": 46.09191, "delta": 0.626375}}
{"target": 0.887565924541999, "params": {"C": 1266.562897216854, "epsilon": 0.9391503991691993, "gamma": 0.019100082831807322, "lamda": 0.1600057032430177}, "datetime": {"datetime": "2021-09-23 23:28:26", "elapsed": 46.650737, "delta": 0.558827}}
{"target": 0.917655634977862, "params": {"C": 1232.744576788936, "epsilon": 0.07834097172128293, "gamma": 0.06397009573306096, "lamda": 0.3237634731685937}, "datetime": {"datetime": "2021-09-23 23:28:26", "elapsed": 47.188736, "delta": 0.537999}}
{"target": 0.9135134608981138, "params": {"C": 1115.065850470294, "epsilon": 0.5412863314333759, "gamma": 0.06458752949409159, "lamda": 0.11272405197337206}, "datetime": {"datetime": "2021-09-23 23:28:27", "elapsed": 47.761737, "delta": 0.573001}}
{"target": 0.9245937712606234, "params": {"C": 1132.3170133623616, "epsilon": 0.2500458751140632, "gamma": 0.03411871469450232, "lamda": 0.006960838527354433}, "datetime": {"datetime": "2021-09-23 23:28:27", "elapsed": 48.568354, "delta": 0.806617}}
{"target": 0.9169058357556658, "params": {"C": 1132.5583058316745, "epsilon": 0.11519857521392704, "gamma": 0.06981667467661393, "lamda": 0.11456429940568359}, "datetime": {"datetime": "2021-09-23 23:28:28", "elapsed": 49.218396, "delta": 0.650042}}
{"target": 0.900206913663381, "params": {"C": 1118.9873598003255, "epsilon": 0.6158346053251317, "gamma": 0.028929232904324254, "lamda": 0.23123778970736691}, "datetime": {"datetime": "2021-09-23 23:28:29", "elapsed": 49.754396, "delta": 0.536}}
{"target": 0.9167778494519601, "params": {"C": 1132.4607763326017, "epsilon": 0.0923214238103948, "gamma": 0.021341514880489236, "lamda": 0.1909392441732946}, "datetime": {"datetime": "2021-09-23 23:28:29", "elapsed": 50.379393, "delta": 0.624997}}
