{"target": -2.188474479599583, "params": {"C": 50.68991617764184, "epsilon": 0.2828138515371704, "gamma": 0.05075249140619663, "lamda": 0.3494065167556281}, "datetime": {"datetime": "2021-09-23 12:26:11", "elapsed": 340.471526, "delta": 2.19947}}
{"target": -2.0704272066692333, "params": {"C": 87.72099089226123, "epsilon": 0.8656967351196462, "gamma": 0.10382205265111756, "lamda": 0.05204384027823565}, "datetime": {"datetime": "2021-09-23 12:26:12", "elapsed": 341.640528, "delta": 1.169002}}
{"target": -2.9928746740877097, "params": {"C": 36.749392549961904, "epsilon": 0.014319073083850331, "gamma": 0.5124056306132214, "lamda": 0.7991041605729726}, "datetime": {"datetime": "2021-09-23 12:26:13", "elapsed": 342.92956, "delta": 1.289032}}
{"target": -3.3625144028506835, "params": {"C": 70.28439325210444, "epsilon": 0.5188323702860256, "gamma": 0.6176492600000442, "lamda": 0.4023136231789482}, "datetime": {"datetime": "2021-09-23 12:26:14", "elapsed": 344.122942, "delta": 1.193382}}
{"target": -2.6924090707722588, "params": {"C": 87.68898108410022, "epsilon": 0.8803222725245152, "gamma": 0.2640219246922276, "lamda": 0.36404962870382984}, "datetime": {"datetime": "2021-09-23 12:26:17", "elapsed": 346.736536, "delta": 2.613594}}
{"target": -2.2366156648261226, "params": {"C": 87.96323277150658, "epsilon": 0.8075630551448798, "gamma": 0.032287371068807656, "lamda": 0.10404884635431486}, "datetime": {"datetime": "2021-09-23 12:26:20", "elapsed": 349.94375, "delta": 3.207214}}
{"target": -2.0688712727477454, "params": {"C": 87.61555751227466, "epsilon": 0.6194461928493111, "gamma": 0.10265006883458101, "lamda": 0.08073624426967088}, "datetime": {"datetime": "2021-09-23 12:26:23", "elapsed": 352.407787, "delta": 2.464037}}
{"target": -2.873966309334276, "params": {"C": 87.69197948622858, "epsilon": 0.59486630748919, "gamma": 0.4680529718719677, "lamda": 0.038530522332834445}, "datetime": {"datetime": "2021-09-23 12:26:26", "elapsed": 355.387741, "delta": 2.979954}}
{"target": -3.780743147230239, "params": {"C": 87.74373604254133, "epsilon": 0.7067603164531527, "gamma": 0.001, "lamda": 0.2282644159710666}, "datetime": {"datetime": "2021-09-23 12:26:28", "elapsed": 357.837756, "delta": 2.450015}}
{"target": -2.5852867378915985, "params": {"C": 50.5550877169561, "epsilon": 0.37930988702673124, "gamma": 0.27333566608236803, "lamda": 0.46118007327173294}, "datetime": {"datetime": "2021-09-23 12:26:30", "elapsed": 359.977966, "delta": 2.14021}}
{"target": -2.137873065051683, "params": {"C": 87.44227343273181, "epsilon": 0.601425524324098, "gamma": 0.11584992668591397, "lamda": 0.02401766746307901}, "datetime": {"datetime": "2021-09-23 12:26:33", "elapsed": 362.489549, "delta": 2.511583}}
{"target": -4.005077884539352, "params": {"C": 53.40359557365388, "epsilon": 0.45527382486404167, "gamma": 0.844713590133493, "lamda": 0.7614841534800778}, "datetime": {"datetime": "2021-09-23 12:26:34", "elapsed": 363.910717, "delta": 1.421168}}
{"target": -2.589814410609726, "params": {"C": 44.280674737020945, "epsilon": 0.001, "gamma": 0.2962333677251718, "lamda": 0.863658616668722}, "datetime": {"datetime": "2021-09-23 12:26:38", "elapsed": 367.3588, "delta": 3.448083}}
{"target": -2.1738396323247833, "params": {"C": 50.75356930760867, "epsilon": 0.06683436743516874, "gamma": 0.06890245656621778, "lamda": 0.8653915756537007}, "datetime": {"datetime": "2021-09-23 12:26:41", "elapsed": 370.489404, "delta": 3.130604}}
{"target": -3.8651260780945322, "params": {"C": 50.87156583192523, "epsilon": 0.44323991008757246, "gamma": 0.001, "lamda": 0.48621563437441}, "datetime": {"datetime": "2021-09-23 12:26:43", "elapsed": 373.066408, "delta": 2.577004}}
{"target": -2.478438028899095, "params": {"C": 87.91989966502084, "epsilon": 0.9324171318017814, "gamma": 0.2194600665112319, "lamda": 0.001}, "datetime": {"datetime": "2021-09-23 12:26:46", "elapsed": 376.011441, "delta": 2.945033}}
{"target": -2.299521498182847, "params": {"C": 87.5968200285413, "epsilon": 0.4107055506258805, "gamma": 0.14084166755418498, "lamda": 0.001}, "datetime": {"datetime": "2021-09-23 12:26:49", "elapsed": 378.874139, "delta": 2.862698}}
{"target": -3.644788937570343, "params": {"C": 13.774499696003547, "epsilon": 0.38105816222958583, "gamma": 0.5972176152254338, "lamda": 0.6944484546787484}, "datetime": {"datetime": "2021-09-23 12:26:51", "elapsed": 380.327133, "delta": 1.452994}}
{"target": -2.159636866213107, "params": {"C": 50.77941726356005, "epsilon": 0.12287567181911864, "gamma": 0.07815246760080403, "lamda": 0.6153563736746341}, "datetime": {"datetime": "2021-09-23 12:26:53", "elapsed": 382.38557, "delta": 2.058437}}
{"target": -2.654620438699136, "params": {"C": 44.20604522620824, "epsilon": 0.001, "gamma": 0.007332945972548255, "lamda": 0.28714948665646983}, "datetime": {"datetime": "2021-09-23 12:26:56", "elapsed": 385.468901, "delta": 3.083331}}
{"target": -2.3944764050686715, "params": {"C": 52.77926324859358, "epsilon": 0.4556241753305226, "gamma": 0.206319664734658, "lamda": 0.27486168755371376}, "datetime": {"datetime": "2021-09-23 12:26:59", "elapsed": 388.561578, "delta": 3.092677}}
{"target": -2.313406801520431, "params": {"C": 50.57465870225621, "epsilon": 0.09202159982785749, "gamma": 0.1690963003544929, "lamda": 0.8330491242946844}, "datetime": {"datetime": "2021-09-23 12:27:01", "elapsed": 390.740018, "delta": 2.17844}}
{"target": -2.659998151871311, "params": {"C": 87.68141860106411, "epsilon": 0.976476674261083, "gamma": 0.3470399886725467, "lamda": 0.027509130084472037}, "datetime": {"datetime": "2021-09-23 12:27:04", "elapsed": 394.0735, "delta": 3.333482}}
{"target": -2.5153886249081814, "params": {"C": 91.57292695300649, "epsilon": 0.8435861212529039, "gamma": 0.16717009195494872, "lamda": 0.33449661586511104}, "datetime": {"datetime": "2021-09-23 12:27:06", "elapsed": 396.254876, "delta": 2.181376}}
{"target": -2.432809669444169, "params": {"C": 87.5508073516646, "epsilon": 0.7686976212819701, "gamma": 0.19692526522105927, "lamda": 0.001}, "datetime": {"datetime": "2021-09-23 12:27:09", "elapsed": 398.944704, "delta": 2.689828}}
{"target": -3.9542035258919017, "params": {"C": 21.72431182580257, "epsilon": 0.6596886575327346, "gamma": 0.9343762300681812, "lamda": 0.19428677647360576}, "datetime": {"datetime": "2021-09-23 12:27:10", "elapsed": 400.131699, "delta": 1.186995}}
{"target": -2.13017469140525, "params": {"C": 50.51365287636862, "epsilon": 0.13931446962501237, "gamma": 0.053738980203048584, "lamda": 0.12128248571681462}, "datetime": {"datetime": "2021-09-23 12:27:13", "elapsed": 403.12768, "delta": 2.995981}}
{"target": -2.3931166813980185, "params": {"C": 50.62410646412975, "epsilon": 0.16227186817370137, "gamma": 0.2279619509341178, "lamda": 0.28269960696045787}, "datetime": {"datetime": "2021-09-23 12:27:17", "elapsed": 407.127583, "delta": 3.999903}}
{"target": -2.342712425344398, "params": {"C": 51.19113129432965, "epsilon": 0.05973213070466622, "gamma": 0.19788407203609693, "lamda": 0.6971760269814776}, "datetime": {"datetime": "2021-09-23 12:27:21", "elapsed": 410.299434, "delta": 3.171851}}
{"target": -3.6691729010960734, "params": {"C": 50.76562539451437, "epsilon": 0.08983399411583512, "gamma": 0.001, "lamda": 0.1445713207544764}, "datetime": {"datetime": "2021-09-23 12:27:24", "elapsed": 413.872882, "delta": 3.573448}}
{"target": -2.572491717686911, "params": {"C": 44.5403201455071, "epsilon": 0.2761882791035154, "gamma": 0.25596366342447896, "lamda": 0.6528316153652995}, "datetime": {"datetime": "2021-09-23 12:27:27", "elapsed": 416.813023, "delta": 2.940141}}
{"target": -2.6466882905386684, "params": {"C": 50.80495249921981, "epsilon": 0.009391218809485343, "gamma": 0.3307070181009906, "lamda": 0.76623998427288}, "datetime": {"datetime": "2021-09-23 12:27:29", "elapsed": 419.157182, "delta": 2.344159}}
{"target": -2.1432225043396826, "params": {"C": 50.251915662473166, "epsilon": 0.42882283504807783, "gamma": 0.110965197154817, "lamda": 0.056911300788789754}, "datetime": {"datetime": "2021-09-23 12:27:33", "elapsed": 422.406188, "delta": 3.249006}}
{"target": -2.223903152809939, "params": {"C": 50.46426280061351, "epsilon": 0.5359456299980047, "gamma": 0.1114830019211081, "lamda": 0.23624724466466704}, "datetime": {"datetime": "2021-09-23 12:27:35", "elapsed": 424.940185, "delta": 2.533997}}
{"target": -2.5029268968164913, "params": {"C": 50.537652134123405, "epsilon": 0.30846893542724213, "gamma": 0.2632651318909478, "lamda": 0.03052267897474335}, "datetime": {"datetime": "2021-09-23 12:27:39", "elapsed": 429.239518, "delta": 4.299333}}
{"target": -3.7766839724476973, "params": {"C": 50.19213111060433, "epsilon": 0.5681207510812253, "gamma": 0.001, "lamda": 0.25510948858778987}, "datetime": {"datetime": "2021-09-23 12:27:42", "elapsed": 432.102099, "delta": 2.862581}}
{"target": -2.2677256037768827, "params": {"C": 22.737451373258022, "epsilon": 0.3146339391964627, "gamma": 0.08976597210295845, "lamda": 0.3048596825813405}, "datetime": {"datetime": "2021-09-23 12:27:44", "elapsed": 433.426459, "delta": 1.32436}}
{"target": -2.190568809596891, "params": {"C": 50.29890389419006, "epsilon": 0.18923078267303528, "gamma": 0.11669898065842074, "lamda": 0.03312120590368447}, "datetime": {"datetime": "2021-09-23 12:27:46", "elapsed": 435.780749, "delta": 2.35429}}
{"target": -3.7076076733903442, "params": {"C": 91.77090718107888, "epsilon": 0.7777218986214482, "gamma": 0.001, "lamda": 0.16060633164054336}, "datetime": {"datetime": "2021-09-23 12:27:48", "elapsed": 438.279112, "delta": 2.498363}}
{"target": -2.1017670435161895, "params": {"C": 50.449236172408575, "epsilon": 0.3189990409219118, "gamma": 0.07166651923985444, "lamda": 0.18656255512326148}, "datetime": {"datetime": "2021-09-23 12:27:51", "elapsed": 441.122447, "delta": 2.843335}}
{"target": -4.148597498426046, "params": {"C": 37.77768718685335, "epsilon": 0.7836696594647979, "gamma": 0.7587306113742278, "lamda": 0.9251956519760346}, "datetime": {"datetime": "2021-09-23 12:27:53", "elapsed": 442.419479, "delta": 1.297032}}
{"target": -3.5049497786864037, "params": {"C": 12.381912404391604, "epsilon": 0.694990640055928, "gamma": 0.5471445706131695, "lamda": 0.2615788956978796}, "datetime": {"datetime": "2021-09-23 12:27:54", "elapsed": 443.736221, "delta": 1.316742}}
{"target": -2.701268200373769, "params": {"C": 50.1867197830082, "epsilon": 0.3192673787033197, "gamma": 0.3816278049453954, "lamda": 0.1926428939939201}, "datetime": {"datetime": "2021-09-23 12:27:58", "elapsed": 447.780928, "delta": 4.044707}}
{"target": -2.38807745173802, "params": {"C": 87.40506640316711, "epsilon": 0.3849287532621446, "gamma": 0.2018210398406632, "lamda": 0.25184003991894394}, "datetime": {"datetime": "2021-09-23 12:28:02", "elapsed": 452.115689, "delta": 4.334761}}
{"target": -3.5109324299251115, "params": {"C": 88.18206293672777, "epsilon": 0.8893905749769755, "gamma": 0.001, "lamda": 0.001}, "datetime": {"datetime": "2021-09-23 12:28:05", "elapsed": 454.762288, "delta": 2.646599}}
{"target": -2.1130083525612524, "params": {"C": 51.059938030011416, "epsilon": 0.04139669833219925, "gamma": 0.06763933792480334, "lamda": 0.47614224861323967}, "datetime": {"datetime": "2021-09-23 12:28:08", "elapsed": 457.398424, "delta": 2.636136}}
{"target": -2.6069500945945747, "params": {"C": 91.38052683426864, "epsilon": 0.9701577957702957, "gamma": 0.31574111044202946, "lamda": 0.0255334747127804}, "datetime": {"datetime": "2021-09-23 12:28:11", "elapsed": 460.660446, "delta": 3.262022}}
{"target": -2.3022788663608553, "params": {"C": 50.4951301898927, "epsilon": 0.44505190281683304, "gamma": 0.026645901609941396, "lamda": 0.040567920996143536}, "datetime": {"datetime": "2021-09-23 12:28:15", "elapsed": 464.692675, "delta": 4.032229}}
{"target": -2.1435785555963363, "params": {"C": 53.10579635354481, "epsilon": 0.5112855592598989, "gamma": 0.04991272318708825, "lamda": 0.11985304633249268}, "datetime": {"datetime": "2021-09-23 12:28:18", "elapsed": 468.056382, "delta": 3.363707}}
{"target": -3.9028472237162988, "params": {"C": 22.578081159764047, "epsilon": 0.09851051748569253, "gamma": 0.001, "lamda": 0.3354093392445335}, "datetime": {"datetime": "2021-09-23 12:28:23", "elapsed": 472.419361, "delta": 4.362979}}
{"target": -4.41653758144908, "params": {"C": 11.452342409938732, "epsilon": 0.3327530271684771, "gamma": 0.9512822888928455, "lamda": 0.5129405684184668}, "datetime": {"datetime": "2021-09-23 12:28:24", "elapsed": 473.742324, "delta": 1.322963}}
{"target": -3.0828854301796382, "params": {"C": 40.95358405288752, "epsilon": 0.3541035670283476, "gamma": 0.503654135328462, "lamda": 0.47449364219945717}, "datetime": {"datetime": "2021-09-23 12:28:25", "elapsed": 474.944326, "delta": 1.202002}}
{"target": -2.86569998481438, "params": {"C": 91.69328046575889, "epsilon": 1.0, "gamma": 0.4056154198912543, "lamda": 0.19034326395662707}, "datetime": {"datetime": "2021-09-23 12:28:27", "elapsed": 477.226325, "delta": 2.281999}}
{"target": -2.4885876839857834, "params": {"C": 22.83663159469934, "epsilon": 0.4224181057779193, "gamma": 0.21971370475569535, "lamda": 0.4798349293110824}, "datetime": {"datetime": "2021-09-23 12:28:30", "elapsed": 480.197468, "delta": 2.971143}}
{"target": -3.01636815623238, "params": {"C": 26.70201772930872, "epsilon": 0.9420404339698741, "gamma": 0.46931799944648367, "lamda": 0.22320158293903444}, "datetime": {"datetime": "2021-09-23 12:28:32", "elapsed": 481.448472, "delta": 1.251004}}
{"target": -3.668882348775433, "params": {"C": 4.4569073395482075, "epsilon": 0.9107432460597397, "gamma": 0.31996328903575627, "lamda": 0.02192477795158323}, "datetime": {"datetime": "2021-09-23 12:28:33", "elapsed": 482.923337, "delta": 1.474865}}
{"target": -2.2691321213953914, "params": {"C": 22.849293115619716, "epsilon": 0.5047251877118915, "gamma": 0.1083719951684475, "lamda": 0.18475107396620988}, "datetime": {"datetime": "2021-09-23 12:28:37", "elapsed": 486.452474, "delta": 3.529137}}
{"target": -3.8169237479751357, "params": {"C": 76.96178361330209, "epsilon": 0.8761469998189231, "gamma": 0.6913954441717384, "lamda": 0.5874843763461868}, "datetime": {"datetime": "2021-09-23 12:28:38", "elapsed": 487.796475, "delta": 1.344001}}
{"target": -2.467126440068475, "params": {"C": 53.247677442071, "epsilon": 0.31466781867534177, "gamma": 0.26464486823524286, "lamda": 0.16330921067712093}, "datetime": {"datetime": "2021-09-23 12:28:42", "elapsed": 491.51248, "delta": 3.716005}}
{"target": -2.5041852743704416, "params": {"C": 50.38225797506375, "epsilon": 0.5753695799294701, "gamma": 0.2612847967626366, "lamda": 0.001}, "datetime": {"datetime": "2021-09-23 12:28:46", "elapsed": 496.217482, "delta": 4.705002}}
{"target": -3.938822120304358, "params": {"C": 36.547319525598, "epsilon": 0.8920271552011698, "gamma": 0.7413115521873399, "lamda": 0.5978344698135242}, "datetime": {"datetime": "2021-09-23 12:28:48", "elapsed": 497.896496, "delta": 1.679014}}
{"target": -2.4851782220620864, "params": {"C": 44.5707201829844, "epsilon": 0.013979551828095526, "gamma": 0.2526703048210991, "lamda": 0.7477728181615548}, "datetime": {"datetime": "2021-09-23 12:28:50", "elapsed": 499.634786, "delta": 1.73829}}
{"target": -2.3189900539523842, "params": {"C": 23.013424261681134, "epsilon": 0.2909625809910135, "gamma": 0.16917990559771104, "lamda": 0.11687713274928625}, "datetime": {"datetime": "2021-09-23 12:28:53", "elapsed": 502.963067, "delta": 3.328281}}
{"target": -2.3313402329258057, "params": {"C": 22.587391063117146, "epsilon": 0.6241838266222939, "gamma": 0.1634729091339502, "lamda": 0.21478951870159743}, "datetime": {"datetime": "2021-09-23 12:28:58", "elapsed": 507.925963, "delta": 4.962896}}
{"target": -3.0556212550904434, "params": {"C": 33.84955738715447, "epsilon": 0.8457995207426657, "gamma": 0.3687994247902337, "lamda": 0.5719940515379097}, "datetime": {"datetime": "2021-09-23 12:29:00", "elapsed": 509.566043, "delta": 1.64008}}
{"target": -3.5152210698051207, "params": {"C": 87.31777279310063, "epsilon": 0.36383327937009713, "gamma": 0.001, "lamda": 0.03240739063838648}, "datetime": {"datetime": "2021-09-23 12:29:04", "elapsed": 514.110735, "delta": 4.544692}}
{"target": -2.887481129396861, "params": {"C": 22.774083363806117, "epsilon": 0.3802643385893017, "gamma": 0.4606829543649437, "lamda": 0.26092836428184757}, "datetime": {"datetime": "2021-09-23 12:29:09", "elapsed": 518.357445, "delta": 4.24671}}
{"target": -3.097325779655684, "params": {"C": 51.23107790063557, "epsilon": 0.08513453984782315, "gamma": 0.0033262179234506135, "lamda": 0.6612604695055632}, "datetime": {"datetime": "2021-09-23 12:29:12", "elapsed": 521.882371, "delta": 3.524926}}
{"target": -3.459044423138204, "params": {"C": 99.12494282943099, "epsilon": 0.459476392020418, "gamma": 0.6703682797637744, "lamda": 0.4000031927939279}, "datetime": {"datetime": "2021-09-23 12:29:14", "elapsed": 523.52943, "delta": 1.647059}}
{"target": -4.007675667309503, "params": {"C": 22.719157783296737, "epsilon": 0.5697982219969108, "gamma": 0.001, "lamda": 0.39758342213039194}, "datetime": {"datetime": "2021-09-23 12:29:20", "elapsed": 529.320606, "delta": 5.791176}}
{"target": -4.1206478430686, "params": {"C": 9.117042433094076, "epsilon": 0.37964533483061336, "gamma": 0.6660021812174369, "lamda": 0.9867905533180096}, "datetime": {"datetime": "2021-09-23 12:29:21", "elapsed": 531.161804, "delta": 1.841198}}
{"target": -3.525861594991742, "params": {"C": 34.110686835889425, "epsilon": 0.3663691397611072, "gamma": 0.6006807121646578, "lamda": 0.9372419525943559}, "datetime": {"datetime": "2021-09-23 12:29:23", "elapsed": 533.000891, "delta": 1.839087}}
{"target": -2.3099750171295703, "params": {"C": 23.13035171367119, "epsilon": 0.36113694513798117, "gamma": 0.06718600251225522, "lamda": 0.41086509697011214}, "datetime": {"datetime": "2021-09-23 12:29:28", "elapsed": 537.951623, "delta": 4.950732}}
{"target": -2.528731983511705, "params": {"C": 22.716236497952668, "epsilon": 0.8004682526973687, "gamma": 0.3110558983294895, "lamda": 0.002497742704739916}, "datetime": {"datetime": "2021-09-23 12:29:33", "elapsed": 542.301924, "delta": 4.350301}}
{"target": -2.369094677883049, "params": {"C": 22.701069398499342, "epsilon": 0.2896161738503282, "gamma": 0.20357288392928358, "lamda": 0.04265029069214162}, "datetime": {"datetime": "2021-09-23 12:29:38", "elapsed": 547.410789, "delta": 5.108865}}
{"target": -2.2853541732393037, "params": {"C": 44.30355130603335, "epsilon": 0.1466827014959708, "gamma": 0.18493504334858069, "lamda": 0.09655420083810229}, "datetime": {"datetime": "2021-09-23 12:29:42", "elapsed": 551.825736, "delta": 4.414947}}
{"target": -2.5387450986036315, "params": {"C": 33.23180216450041, "epsilon": 0.8475307092889528, "gamma": 0.03342104818268064, "lamda": 0.4440816272071469}, "datetime": {"datetime": "2021-09-23 12:29:44", "elapsed": 553.682081, "delta": 1.856345}}
{"target": -2.4192650804460016, "params": {"C": 87.96319169477796, "epsilon": 0.6104484888950759, "gamma": 0.22715745783835498, "lamda": 0.05561693946513667}, "datetime": {"datetime": "2021-09-23 12:29:47", "elapsed": 557.250451, "delta": 3.56837}}
{"target": -2.6543384349792256, "params": {"C": 10.229957082702773, "epsilon": 0.3499324798792624, "gamma": 0.11391478682630896, "lamda": 0.7251521259629101}, "datetime": {"datetime": "2021-09-23 12:29:49", "elapsed": 559.067006, "delta": 1.816555}}
{"target": -2.353103042856104, "params": {"C": 22.98983172871622, "epsilon": 0.19282764172913022, "gamma": 0.21563780987475345, "lamda": 0.3523604524103216}, "datetime": {"datetime": "2021-09-23 12:29:54", "elapsed": 563.716113, "delta": 4.649107}}
{"target": -2.3367865213141066, "params": {"C": 50.942839338195256, "epsilon": 0.07418357004107161, "gamma": 0.19906779639706632, "lamda": 0.4926419600309496}, "datetime": {"datetime": "2021-09-23 12:29:58", "elapsed": 567.618126, "delta": 3.902013}}
{"target": -2.509705983905906, "params": {"C": 87.55960586881795, "epsilon": 0.5375026123324307, "gamma": 0.2693757302113706, "lamda": 0.15449262051211016}, "datetime": {"datetime": "2021-09-23 12:30:02", "elapsed": 571.376215, "delta": 3.758089}}
{"target": -2.2758930751417124, "params": {"C": 44.27278529380672, "epsilon": 0.7342160110059462, "gamma": 0.18672844823865467, "lamda": 0.06878061576877693}, "datetime": {"datetime": "2021-09-23 12:30:06", "elapsed": 575.78816, "delta": 4.411945}}
{"target": -2.55112770876471, "params": {"C": 60.42363150159067, "epsilon": 0.7166175512127568, "gamma": 0.20677045683988768, "lamda": 0.359247034479134}, "datetime": {"datetime": "2021-09-23 12:30:08", "elapsed": 577.767157, "delta": 1.978997}}
{"target": -2.638076479078607, "params": {"C": 23.134146843243762, "epsilon": 0.32670243733513227, "gamma": 0.29256628272027896, "lamda": 0.607268719885174}, "datetime": {"datetime": "2021-09-23 12:30:11", "elapsed": 581.282359, "delta": 3.515202}}
{"target": -3.639430857120545, "params": {"C": 50.35883142098952, "epsilon": 0.001, "gamma": 0.001, "lamda": 0.001}, "datetime": {"datetime": "2021-09-23 12:30:17", "elapsed": 587.179706, "delta": 5.897347}}
{"target": -2.249751230699404, "params": {"C": 53.08764316223885, "epsilon": 0.306949007278269, "gamma": 0.12706307602980257, "lamda": 0.001}, "datetime": {"datetime": "2021-09-23 12:30:23", "elapsed": 592.672438, "delta": 5.492732}}
{"target": -2.3123106438648016, "params": {"C": 22.423680619111376, "epsilon": 0.5325057260631955, "gamma": 0.15843574043371184, "lamda": 0.07228038843028087}, "datetime": {"datetime": "2021-09-23 12:30:27", "elapsed": 597.111217, "delta": 4.438779}}
{"target": -2.4251060329127787, "params": {"C": 22.29828701961371, "epsilon": 0.7018948607949199, "gamma": 0.23900577348007318, "lamda": 0.17806688484641184}, "datetime": {"datetime": "2021-09-23 12:30:32", "elapsed": 601.761451, "delta": 4.650234}}
