{"target": 0.9073262588998442, "params": {"C": 965.5547105462131, "epsilon": 0.17364123768877918, "gamma": 0.019863938898755637, "lamda": 0.22330730335511992}, "datetime": {"datetime": "2021-09-23 22:58:29", "elapsed": 39.506446, "delta": 0.622598}}
{"target": 0.8837517794868405, "params": {"C": 884.9378255897924, "epsilon": 0.7398851621344886, "gamma": 0.020576502401503948, "lamda": 0.27440130170654303}, "datetime": {"datetime": "2021-09-23 22:58:29", "elapsed": 40.040447, "delta": 0.534001}}
{"target": 0.8922158564255849, "params": {"C": 965.5635115693905, "epsilon": 0.13782481399177537, "gamma": 0.01, "lamda": 0.008420469373991653}, "datetime": {"datetime": "2021-09-23 22:58:30", "elapsed": 40.886491, "delta": 0.846044}}
{"target": 0.91459362668606, "params": {"C": 853.2554781443764, "epsilon": 0.13456288490745433, "gamma": 0.0266833575129386, "lamda": 0.2803430579613287}, "datetime": {"datetime": "2021-09-23 22:58:31", "elapsed": 41.535494, "delta": 0.649003}}
{"target": 0.9244370046819339, "params": {"C": 884.4298414292225, "epsilon": 0.1931667462205232, "gamma": 0.0549711918656363, "lamda": 0.062034919714179015}, "datetime": {"datetime": "2021-09-23 22:58:32", "elapsed": 42.205269, "delta": 0.669775}}
{"target": 0.910473840802238, "params": {"C": 965.3820770343477, "epsilon": 0.2121562813519773, "gamma": 0.027446234016696852, "lamda": 0.2856791376981919}, "datetime": {"datetime": "2021-09-23 22:58:32", "elapsed": 42.782374, "delta": 0.577105}}
{"target": 0.9186313165907795, "params": {"C": 964.5366476689961, "epsilon": 0.41602432813207946, "gamma": 0.05865241832198205, "lamda": 0.0935931003695684}, "datetime": {"datetime": "2021-09-23 22:58:33", "elapsed": 43.269374, "delta": 0.487}}
{"target": 0.9081585749427695, "params": {"C": 976.8817910667973, "epsilon": 0.25597798420827467, "gamma": 0.06559187778085611, "lamda": 0.3611023605156928}, "datetime": {"datetime": "2021-09-23 22:58:33", "elapsed": 43.774373, "delta": 0.504999}}
{"target": 0.9230658431073069, "params": {"C": 855.9870271491147, "epsilon": 0.35352457619588773, "gamma": 0.02600070803186176, "lamda": 0.03379011757018312}, "datetime": {"datetime": "2021-09-23 22:58:34", "elapsed": 44.373209, "delta": 0.598836}}
{"target": 0.9027100399375452, "params": {"C": 913.2368839013984, "epsilon": 0.7695819628835003, "gamma": 0.06045065778099424, "lamda": 0.21462818631946584}, "datetime": {"datetime": "2021-09-23 22:58:34", "elapsed": 44.848373, "delta": 0.475164}}
{"target": 0.9229553991475588, "params": {"C": 853.033695878138, "epsilon": 0.08430692561842555, "gamma": 0.04408905692523767, "lamda": 0.29786343071367494}, "datetime": {"datetime": "2021-09-23 22:58:35", "elapsed": 45.521413, "delta": 0.67304}}
{"target": 0.9265014381342802, "params": {"C": 965.6383569228877, "epsilon": 0.3369848178529776, "gamma": 0.03223352185326731, "lamda": 0.044093547131153224}, "datetime": {"datetime": "2021-09-23 22:58:35", "elapsed": 46.081373, "delta": 0.55996}}
{"target": 0.9257647766943463, "params": {"C": 884.5085695479701, "epsilon": 0.051625851591362584, "gamma": 0.02852585702525451, "lamda": 0.05844028463193498}, "datetime": {"datetime": "2021-09-23 22:58:36", "elapsed": 46.760069, "delta": 0.678696}}
{"target": 0.9242087642098762, "params": {"C": 965.7057316083677, "epsilon": 0.26207685977781164, "gamma": 0.04784973305416116, "lamda": 0.08802158898554271}, "datetime": {"datetime": "2021-09-23 22:58:37", "elapsed": 47.43567, "delta": 0.675601}}
{"target": 0.8945450401863353, "params": {"C": 855.919076068172, "epsilon": 0.2389885744176984, "gamma": 0.015227329555869612, "lamda": 0.23484404148554747}, "datetime": {"datetime": "2021-09-23 22:58:37", "elapsed": 48.00067, "delta": 0.565}}
{"target": 0.902363423550896, "params": {"C": 908.7925795619855, "epsilon": 0.03801425058959908, "gamma": 0.012723914076975658, "lamda": 0.2474041442078309}, "datetime": {"datetime": "2021-09-23 22:58:38", "elapsed": 48.511783, "delta": 0.511113}}
{"target": 0.8949671598449005, "params": {"C": 910.8648717660359, "epsilon": 0.17093592761276333, "gamma": 0.013990491871578754, "lamda": 0.25405513515863737}, "datetime": {"datetime": "2021-09-23 22:58:39", "elapsed": 49.140576, "delta": 0.628793}}
{"target": 0.8697302408615195, "params": {"C": 904.5666127820167, "epsilon": 0.723909244098786, "gamma": 0.016547865355545414, "lamda": 0.3665853435181578}, "datetime": {"datetime": "2021-09-23 22:58:39", "elapsed": 49.622576, "delta": 0.482}}
{"target": 0.9159083093721831, "params": {"C": 910.6171179418209, "epsilon": 0.044529591566407005, "gamma": 0.07, "lamda": 0.25777853457739913}, "datetime": {"datetime": "2021-09-23 22:58:40", "elapsed": 50.390164, "delta": 0.767588}}
{"target": 0.9271385457016142, "params": {"C": 852.9348291078807, "epsilon": 0.06970633219875769, "gamma": 0.03031239457989455, "lamda": 0.10925274099719064}, "datetime": {"datetime": "2021-09-23 22:58:40", "elapsed": 51.075243, "delta": 0.685079}}
{"target": 0.89908147951162, "params": {"C": 989.0467452255798, "epsilon": 0.9536415485667779, "gamma": 0.015188328390230318, "lamda": 0.04149861486142341}, "datetime": {"datetime": "2021-09-23 22:58:41", "elapsed": 51.744246, "delta": 0.669003}}
{"target": 0.9012856828532654, "params": {"C": 914.6929799869266, "epsilon": 0.44648293359166236, "gamma": 0.028775607302263473, "lamda": 0.29363790168061665}, "datetime": {"datetime": "2021-09-23 22:58:42", "elapsed": 52.323875, "delta": 0.579629}}
{"target": 0.8963433801585771, "params": {"C": 854.6705804082111, "epsilon": 0.5931835434233267, "gamma": 0.015365777078472266, "lamda": 0.08721564339898263}, "datetime": {"datetime": "2021-09-23 22:58:42", "elapsed": 52.860671, "delta": 0.536796}}
{"target": 0.8786658464923749, "params": {"C": 965.5767408886041, "epsilon": 0.4522709790756752, "gamma": 0.07, "lamda": 0.001}, "datetime": {"datetime": "2021-09-23 22:58:43", "elapsed": 54.113317, "delta": 1.252646}}
{"target": 0.9176850235873786, "params": {"C": 875.3541720925116, "epsilon": 0.08333755853124372, "gamma": 0.06034625521770918, "lamda": 0.37110537972593094}, "datetime": {"datetime": "2021-09-23 22:58:44", "elapsed": 54.655098, "delta": 0.541781}}
{"target": 0.9185914916309836, "params": {"C": 855.913016581382, "epsilon": 0.4709217375761615, "gamma": 0.02293982806952041, "lamda": 0.03695964968892426}, "datetime": {"datetime": "2021-09-23 22:58:45", "elapsed": 55.319062, "delta": 0.663964}}
{"target": 0.8927917065868094, "params": {"C": 889.5820660792206, "epsilon": 0.7382567286117583, "gamma": 0.037271997459895206, "lamda": 0.35317826706476824}, "datetime": {"datetime": "2021-09-23 22:58:45", "elapsed": 55.825061, "delta": 0.505999}}
{"target": 0.9234109998829108, "params": {"C": 852.9573414834496, "epsilon": 0.0515739578729197, "gamma": 0.056130569085360946, "lamda": 0.2002663231829902}, "datetime": {"datetime": "2021-09-23 22:58:46", "elapsed": 56.514296, "delta": 0.689235}}
{"target": 0.9126876901606047, "params": {"C": 949.2199473546223, "epsilon": 0.14211048957868105, "gamma": 0.06833741397481563, "lamda": 0.34612875507632634}, "datetime": {"datetime": "2021-09-23 22:58:46", "elapsed": 57.044553, "delta": 0.530257}}
{"target": 0.9203627084822719, "params": {"C": 856.1269315926017, "epsilon": 0.37199170091512046, "gamma": 0.06309708027353142, "lamda": 0.034799640896820694}, "datetime": {"datetime": "2021-09-23 22:58:47", "elapsed": 57.701153, "delta": 0.6566}}
{"target": 0.9244519380494586, "params": {"C": 884.5831315336318, "epsilon": 0.09573321170572785, "gamma": 0.04986594076196891, "lamda": 0.19203084657772784}, "datetime": {"datetime": "2021-09-23 22:58:48", "elapsed": 58.47596, "delta": 0.774807}}
{"target": 0.8769653760972261, "params": {"C": 884.5775684025066, "epsilon": 0.14217750124060977, "gamma": 0.01, "lamda": 0.001}, "datetime": {"datetime": "2021-09-23 22:58:50", "elapsed": 60.130014, "delta": 1.654054}}
{"target": 0.9187146584046874, "params": {"C": 852.9712229860907, "epsilon": 0.12922434198735433, "gamma": 0.02220570279043286, "lamda": 0.09301580131970988}, "datetime": {"datetime": "2021-09-23 22:58:50", "elapsed": 60.869407, "delta": 0.739393}}
{"target": 0.923315636971209, "params": {"C": 853.3115007736606, "epsilon": 0.04101950429248136, "gamma": 0.055675237699327695, "lamda": 0.22246136487268528}, "datetime": {"datetime": "2021-09-23 22:58:51", "elapsed": 61.567412, "delta": 0.698005}}
{"target": 0.9214148849978976, "params": {"C": 853.1080215807183, "epsilon": 0.131966981740545, "gamma": 0.039380796374320695, "lamda": 0.24394285479230948}, "datetime": {"datetime": "2021-09-23 22:58:52", "elapsed": 62.18101, "delta": 0.613598}}
{"target": 0.9007497147457623, "params": {"C": 963.81407205596, "epsilon": 0.5238881381520016, "gamma": 0.020092360359869454, "lamda": 0.13394338251117271}, "datetime": {"datetime": "2021-09-23 22:58:52", "elapsed": 62.768655, "delta": 0.587645}}
{"target": 0.9151879686530534, "params": {"C": 856.2359668853845, "epsilon": 0.33126274198736394, "gamma": 0.020588262677526246, "lamda": 0.05899692153566795}, "datetime": {"datetime": "2021-09-23 22:58:53", "elapsed": 63.414652, "delta": 0.645997}}
{"target": 0.9028030293860714, "params": {"C": 852.8446447885784, "epsilon": 0.11768015258482048, "gamma": 0.013856238232230112, "lamda": 0.18203351661614006}, "datetime": {"datetime": "2021-09-23 22:58:54", "elapsed": 64.229406, "delta": 0.814754}}
{"target": 0.9208051877871094, "params": {"C": 884.4272898040443, "epsilon": 0.29600360596653874, "gamma": 0.052540461269252346, "lamda": 0.1146010057855325}, "datetime": {"datetime": "2021-09-23 22:58:54", "elapsed": 64.937133, "delta": 0.707727}}
{"target": 0.8986041575960164, "params": {"C": 980.2632648632482, "epsilon": 0.7959292186370986, "gamma": 0.06049574738962546, "lamda": 0.25855767007288327}, "datetime": {"datetime": "2021-09-23 22:58:55", "elapsed": 65.587131, "delta": 0.649998}}
{"target": 0.9290759687416065, "params": {"C": 853.0438266698582, "epsilon": 0.0387416183104871, "gamma": 0.03833288099322947, "lamda": 0.10581024417609061}, "datetime": {"datetime": "2021-09-23 22:58:56", "elapsed": 66.384137, "delta": 0.797006}}
{"target": 0.921329883881674, "params": {"C": 884.5040925940432, "epsilon": 0.09699478433861415, "gamma": 0.061375197966763766, "lamda": 0.14325656104350687}, "datetime": {"datetime": "2021-09-23 22:58:57", "elapsed": 67.181046, "delta": 0.796909}}
{"target": 0.9262170294398652, "params": {"C": 884.5087146489321, "epsilon": 0.06509643975614363, "gamma": 0.05055774050116472, "lamda": 0.13016283066808287}, "datetime": {"datetime": "2021-09-23 22:58:57", "elapsed": 67.757049, "delta": 0.576003}}
{"target": 0.9135134608981138, "params": {"C": 861.2993878527205, "epsilon": 0.5412863314333759, "gamma": 0.06458752949409159, "lamda": 0.11272405197337206}, "datetime": {"datetime": "2021-09-23 22:58:58", "elapsed": 68.423048, "delta": 0.665999}}
{"target": 0.9275424911403172, "params": {"C": 965.7058710630288, "epsilon": 0.10673235794532265, "gamma": 0.03860194205502638, "lamda": 0.13450939110586435}, "datetime": {"datetime": "2021-09-23 22:58:59", "elapsed": 69.263772, "delta": 0.840724}}
{"target": 0.914695601755847, "params": {"C": 965.8032818346869, "epsilon": 0.13076247228020244, "gamma": 0.06619682640408464, "lamda": 0.3189790204721854}, "datetime": {"datetime": "2021-09-23 22:58:59", "elapsed": 70.002777, "delta": 0.739005}}
{"target": 0.900206913663381, "params": {"C": 864.2405198502441, "epsilon": 0.6158346053251317, "gamma": 0.028929232904324254, "lamda": 0.23123778970736691}, "datetime": {"datetime": "2021-09-23 22:59:00", "elapsed": 70.614239, "delta": 0.611462}}
{"target": 0.9235997709444286, "params": {"C": 884.4344110932634, "epsilon": 0.054637626863074315, "gamma": 0.025009936570045813, "lamda": 0.05772357705014342}, "datetime": {"datetime": "2021-09-23 22:59:01", "elapsed": 71.392832, "delta": 0.778593}}
{"target": 0.9183052378494609, "params": {"C": 965.6791631650349, "epsilon": 0.04482439043666671, "gamma": 0.06482526624883415, "lamda": 0.21379914418598778}, "datetime": {"datetime": "2021-09-23 22:59:02", "elapsed": 72.163878, "delta": 0.771046}}
{"target": 0.9244466850534637, "params": {"C": 911.1121500991408, "epsilon": 0.1512733964008509, "gamma": 0.05082071492914108, "lamda": 0.12546531757557308}, "datetime": {"datetime": "2021-09-23 22:59:02", "elapsed": 72.969175, "delta": 0.805297}}
{"target": 0.9230165494063843, "params": {"C": 911.0562620451772, "epsilon": 0.2568386416038643, "gamma": 0.05068596243535574, "lamda": 0.09987277590083013}, "datetime": {"datetime": "2021-09-23 22:59:03", "elapsed": 73.779177, "delta": 0.810002}}
{"target": 0.9177805266054758, "params": {"C": 884.9604311489766, "epsilon": 0.4677101742567653, "gamma": 0.06802859727838093, "lamda": 0.04802691288163459}, "datetime": {"datetime": "2021-09-23 22:59:04", "elapsed": 74.42085, "delta": 0.641673}}
{"target": 0.9294201743751529, "params": {"C": 910.9917934320075, "epsilon": 0.09396057583877294, "gamma": 0.040642858132838834, "lamda": 0.09489246914597733}, "datetime": {"datetime": "2021-09-23 22:59:05", "elapsed": 75.140991, "delta": 0.720141}}
{"target": 0.9253948332367364, "params": {"C": 965.7283620783334, "epsilon": 0.2928796442420566, "gamma": 0.031016961779502146, "lamda": 0.007926610797152782}, "datetime": {"datetime": "2021-09-23 22:59:05", "elapsed": 76.013992, "delta": 0.873001}}
{"target": 0.9160525785308689, "params": {"C": 924.7332713386055, "epsilon": 0.6678857848740779, "gamma": 0.06309517416898137, "lamda": 0.07003032387803912}, "datetime": {"datetime": "2021-09-23 22:59:06", "elapsed": 76.718793, "delta": 0.704801}}
{"target": 0.9194114633279187, "params": {"C": 978.6677521790733, "epsilon": 0.27222863265745145, "gamma": 0.046860868259423975, "lamda": 0.1674937157763118}, "datetime": {"datetime": "2021-09-23 22:59:07", "elapsed": 77.364565, "delta": 0.645772}}
{"target": 0.8917221391038676, "params": {"C": 882.105502938116, "epsilon": 0.3398439368681727, "gamma": 0.014415515842233988, "lamda": 0.18032579906708}, "datetime": {"datetime": "2021-09-23 22:59:07", "elapsed": 77.939564, "delta": 0.574999}}
{"target": 0.9291489216767603, "params": {"C": 911.0900658335217, "epsilon": 0.18023157643542168, "gamma": 0.035779466677178295, "lamda": 0.02490798193343712}, "datetime": {"datetime": "2021-09-23 22:59:08", "elapsed": 78.742864, "delta": 0.8033}}
{"target": 0.9267319856116479, "params": {"C": 911.0185851083196, "epsilon": 0.15191433161937715, "gamma": 0.028496630303588795, "lamda": 0.042938793691286246}, "datetime": {"datetime": "2021-09-23 22:59:09", "elapsed": 79.546518, "delta": 0.803654}}
{"target": 0.9166691512684418, "params": {"C": 910.9024782674469, "epsilon": 0.1571671151279095, "gamma": 0.06357785907140497, "lamda": 0.04553010043944496}, "datetime": {"datetime": "2021-09-23 22:59:10", "elapsed": 80.338517, "delta": 0.791999}}
{"target": 0.9010942286777367, "params": {"C": 855.9176665367485, "epsilon": 0.21755637648191406, "gamma": 0.014080689446794359, "lamda": 0.0024526514701413097}, "datetime": {"datetime": "2021-09-23 22:59:11", "elapsed": 81.347755, "delta": 1.009238}}
{"target": 0.88542344539623, "params": {"C": 855.783555985403, "epsilon": 0.39507993174867867, "gamma": 0.07, "lamda": 0.001}, "datetime": {"datetime": "2021-09-23 22:59:12", "elapsed": 82.407387, "delta": 1.059632}}
{"target": 0.9222125038490382, "params": {"C": 853.217795588063, "epsilon": 0.03375524182454476, "gamma": 0.05605124489746435, "lamda": 0.19805932576852744}, "datetime": {"datetime": "2021-09-23 22:59:13", "elapsed": 83.181016, "delta": 0.773629}}
{"target": 0.917169103598956, "params": {"C": 884.6205189934055, "epsilon": 0.13385483098734408, "gamma": 0.05678032742332516, "lamda": 0.3350035751581579}, "datetime": {"datetime": "2021-09-23 22:59:13", "elapsed": 84.02201, "delta": 0.840994}}
{"target": 0.9101963113067162, "params": {"C": 911.1850605494974, "epsilon": 0.3352120677343897, "gamma": 0.016532397807960605, "lamda": 0.038808719844974644}, "datetime": {"datetime": "2021-09-23 22:59:14", "elapsed": 84.899996, "delta": 0.877986}}
{"target": 0.9028681612617793, "params": {"C": 965.750047646598, "epsilon": 0.03349561015468577, "gamma": 0.013146466355072967, "lamda": 0.38319359547118353}, "datetime": {"datetime": "2021-09-23 22:59:15", "elapsed": 85.773993, "delta": 0.873997}}
{"target": 0.9254640755813491, "params": {"C": 891.4683556842431, "epsilon": 0.8262884208591298, "gamma": 0.04177352018761141, "lamda": 0.023832859251152878}, "datetime": {"datetime": "2021-09-23 22:59:16", "elapsed": 86.451998, "delta": 0.678005}}
{"target": 0.9195826842805815, "params": {"C": 916.9987873133202, "epsilon": 0.996814221971482, "gamma": 0.050044525431901535, "lamda": 0.041661512213747025}, "datetime": {"datetime": "2021-09-23 22:59:17", "elapsed": 87.186464, "delta": 0.734466}}
{"target": 0.91830360111069, "params": {"C": 911.1598388684004, "epsilon": 0.11847763480563799, "gamma": 0.05521755026803644, "lamda": 0.031352847855436}, "datetime": {"datetime": "2021-09-23 22:59:17", "elapsed": 88.101461, "delta": 0.914997}}
{"target": 0.9053418399742085, "params": {"C": 910.9731180014093, "epsilon": 0.036777328647061104, "gamma": 0.05833687490842452, "lamda": 0.0368467004450824}, "datetime": {"datetime": "2021-09-23 22:59:18", "elapsed": 88.946645, "delta": 0.845184}}
{"target": 0.9108390026557046, "params": {"C": 891.5052358897813, "epsilon": 0.7986137739149918, "gamma": 0.06328032822021447, "lamda": 0.10633538623506905}, "datetime": {"datetime": "2021-09-23 22:59:19", "elapsed": 89.861826, "delta": 0.915181}}
{"target": 0.9253481936057277, "params": {"C": 853.4470704878328, "epsilon": 0.03242016374713081, "gamma": 0.0501484112796184, "lamda": 0.16661641179075354}, "datetime": {"datetime": "2021-09-23 22:59:20", "elapsed": 90.803515, "delta": 0.941689}}
{"target": 0.9119220493038611, "params": {"C": 891.3753940959465, "epsilon": 0.8704292468149567, "gamma": 0.02614569833475077, "lamda": 0.05571129869313229}, "datetime": {"datetime": "2021-09-23 22:59:21", "elapsed": 91.666512, "delta": 0.862997}}
{"target": 0.9266581632246691, "params": {"C": 965.7116143206225, "epsilon": 0.11529128401577525, "gamma": 0.04593280170283932, "lamda": 0.12904550153765837}, "datetime": {"datetime": "2021-09-23 22:59:22", "elapsed": 92.320121, "delta": 0.653609}}
{"target": 0.9182681400359427, "params": {"C": 853.3795231680162, "epsilon": 0.14485732124254688, "gamma": 0.06519549618092733, "lamda": 0.17329812364120062}, "datetime": {"datetime": "2021-09-23 22:59:23", "elapsed": 93.181291, "delta": 0.86117}}
{"target": 0.9016112547572493, "params": {"C": 853.4052558535541, "epsilon": 0.033469340316525105, "gamma": 0.0595443179061629, "lamda": 0.002768542351379669}, "datetime": {"datetime": "2021-09-23 22:59:24", "elapsed": 94.165475, "delta": 0.984184}}
{"target": 0.9194286712997886, "params": {"C": 884.5258869376194, "epsilon": 0.2320847129384893, "gamma": 0.030795361287139576, "lamda": 0.1367343587035315}, "datetime": {"datetime": "2021-09-23 22:59:24", "elapsed": 95.000788, "delta": 0.835313}}
{"target": 0.895614643907171, "params": {"C": 911.055842444247, "epsilon": 0.06560737098891263, "gamma": 0.01, "lamda": 0.14949775690298928}, "datetime": {"datetime": "2021-09-23 22:59:25", "elapsed": 96.094793, "delta": 1.094005}}
{"target": 0.9262548679080869, "params": {"C": 965.649463520067, "epsilon": 0.13790011765466853, "gamma": 0.04041634052381177, "lamda": 0.1294045514104632}, "datetime": {"datetime": "2021-09-23 22:59:26", "elapsed": 96.861353, "delta": 0.76656}}
{"target": 0.9074203322593445, "params": {"C": 971.392799094917, "epsilon": 0.24953022686291432, "gamma": 0.03174120971822739, "lamda": 0.3959755288598539}, "datetime": {"datetime": "2021-09-23 22:59:27", "elapsed": 97.536313, "delta": 0.67496}}
{"target": 0.9202231134776425, "params": {"C": 866.6761545518311, "epsilon": 0.15940624080733246, "gamma": 0.048832562763475626, "lamda": 0.23117264300962911}, "datetime": {"datetime": "2021-09-23 22:59:28", "elapsed": 98.191316, "delta": 0.655003}}
{"target": 0.913647896850569, "params": {"C": 891.0649931862886, "epsilon": 0.8521469727564794, "gamma": 0.019353167449943268, "lamda": 0.002889736109050558}, "datetime": {"datetime": "2021-09-23 22:59:28", "elapsed": 98.899319, "delta": 0.708003}}
{"target": 0.916540621264739, "params": {"C": 856.105597366776, "epsilon": 0.36654360440452594, "gamma": 0.03390803247110803, "lamda": 0.1396445772838411}, "datetime": {"datetime": "2021-09-23 22:59:29", "elapsed": 99.707315, "delta": 0.807996}}
{"target": 0.9066236474304508, "params": {"C": 887.2953054248294, "epsilon": 0.6836189943343498, "gamma": 0.05884154412193709, "lamda": 0.19195156509524197}, "datetime": {"datetime": "2021-09-23 22:59:30", "elapsed": 100.363351, "delta": 0.656036}}
{"target": 0.9112451754240869, "params": {"C": 939.3040461377901, "epsilon": 0.5427503498020761, "gamma": 0.04374978539374783, "lamda": 0.1862258772591661}, "datetime": {"datetime": "2021-09-23 22:59:30", "elapsed": 101.068834, "delta": 0.705483}}
{"target": 0.916046710217279, "params": {"C": 853.0951860839853, "epsilon": 0.15298532728370873, "gamma": 0.0503287923481751, "lamda": 0.38930424016926496}, "datetime": {"datetime": "2021-09-23 22:59:31", "elapsed": 101.830832, "delta": 0.761998}}
{"target": 0.9267291774172421, "params": {"C": 853.5402133877615, "epsilon": 0.09238576685645516, "gamma": 0.04848382575864362, "lamda": 0.13307573034024778}, "datetime": {"datetime": "2021-09-23 22:59:32", "elapsed": 102.67708, "delta": 0.846248}}
{"target": 0.9130340633158636, "params": {"C": 911.1024914674942, "epsilon": 0.28920344334367454, "gamma": 0.06029402799460227, "lamda": 0.24350332892091306}, "datetime": {"datetime": "2021-09-23 22:59:33", "elapsed": 103.565473, "delta": 0.888393}}
{"target": 0.9188164429411099, "params": {"C": 950.768544685531, "epsilon": 0.14742843030751573, "gamma": 0.043074157575042855, "lamda": 0.3183593243230231}, "datetime": {"datetime": "2021-09-23 22:59:34", "elapsed": 104.280064, "delta": 0.714591}}
