{"target": 0.9147532348405703, "params": {"C": 1922.9937624331144, "epsilon": 0.7038447656198701, "gamma": 0.04280147571250267, "lamda": 0.10507505443789188}, "datetime": {"datetime": "2021-09-24 09:28:28", "elapsed": 302.682462, "delta": 1.523837}}
{"target": 0.919013611742265, "params": {"C": 2006.2785785040087, "epsilon": 0.12901398731058894, "gamma": 0.027378904527926705, "lamda": 0.19663140838974907}, "datetime": {"datetime": "2021-09-24 09:28:30", "elapsed": 304.723654, "delta": 2.041192}}
{"target": 0.9261386137401243, "params": {"C": 1904.3455834561867, "epsilon": 0.05781994719531321, "gamma": 0.048772566445852844, "lamda": 0.2231089077937803}, "datetime": {"datetime": "2021-09-24 09:28:33", "elapsed": 307.52489, "delta": 2.801236}}
{"target": 0.9180740934316826, "params": {"C": 2049.613296406327, "epsilon": 0.11089091339161226, "gamma": 0.0671893380463683, "lamda": 0.10657379518629714}, "datetime": {"datetime": "2021-09-24 09:28:35", "elapsed": 309.396205, "delta": 1.871315}}
{"target": 0.9202596528639666, "params": {"C": 2006.0880145653198, "epsilon": 0.0900239098634905, "gamma": 0.04567155022226856, "lamda": 0.03787887164593511}, "datetime": {"datetime": "2021-09-24 09:28:36", "elapsed": 311.143031, "delta": 1.746826}}
{"target": 0.914357000764924, "params": {"C": 1979.3343253358546, "epsilon": 0.34247662385980226, "gamma": 0.04833521569363582, "lamda": 0.2236747338830141}, "datetime": {"datetime": "2021-09-24 09:28:38", "elapsed": 312.632052, "delta": 1.489021}}
{"target": 0.9304558873959882, "params": {"C": 2006.4183669204078, "epsilon": 0.05794269078954423, "gamma": 0.037139254596431956, "lamda": 0.09537892555799843}, "datetime": {"datetime": "2021-09-24 09:28:40", "elapsed": 314.563071, "delta": 1.931019}}
{"target": 0.9265518895407975, "params": {"C": 1946.2891834980123, "epsilon": 0.12751597005812984, "gamma": 0.04833636990915651, "lamda": 0.10708010997028382}, "datetime": {"datetime": "2021-09-24 09:28:42", "elapsed": 316.629139, "delta": 2.066068}}
{"target": 0.9282080906882567, "params": {"C": 1945.9256220807767, "epsilon": 0.06260638920701721, "gamma": 0.044558066668048846, "lamda": 0.10830217615880826}, "datetime": {"datetime": "2021-09-24 09:28:44", "elapsed": 318.881459, "delta": 2.25232}}
{"target": 0.9109519970607133, "params": {"C": 1921.1158432524014, "epsilon": 0.3521225589123351, "gamma": 0.06707401134491564, "lamda": 0.20546875555452276}, "datetime": {"datetime": "2021-09-24 09:28:46", "elapsed": 320.719117, "delta": 1.837658}}
{"target": 0.9149829915008909, "params": {"C": 1980.7143112179547, "epsilon": 0.37285331333082794, "gamma": 0.040189437557264986, "lamda": 0.19011307631389732}, "datetime": {"datetime": "2021-09-24 09:28:48", "elapsed": 322.308141, "delta": 1.589024}}
{"target": 0.9303354715352329, "params": {"C": 1945.9530711555408, "epsilon": 0.10981748468977637, "gamma": 0.036033908415732, "lamda": 0.07526484297472116}, "datetime": {"datetime": "2021-09-24 09:28:49", "elapsed": 324.241015, "delta": 1.932874}}
{"target": 0.8993866046883058, "params": {"C": 1972.2204322658106, "epsilon": 0.7408649511284698, "gamma": 0.04927699645693644, "lamda": 0.28688367998786113}, "datetime": {"datetime": "2021-09-24 09:28:51", "elapsed": 325.793251, "delta": 1.552236}}
{"target": 0.9124691836501803, "params": {"C": 1951.9232681400176, "epsilon": 0.9437229438946725, "gamma": 0.038127207173962986, "lamda": 0.0897471787714462}, "datetime": {"datetime": "2021-09-24 09:28:53", "elapsed": 327.387835, "delta": 1.594584}}
{"target": 0.9286500566015746, "params": {"C": 1906.9836511910064, "epsilon": 0.9133342829609084, "gamma": 0.02915695429644182, "lamda": 0.009357343746428139}, "datetime": {"datetime": "2021-09-24 09:28:54", "elapsed": 329.158055, "delta": 1.77022}}
{"target": 0.9112298234713448, "params": {"C": 1945.2876115779438, "epsilon": 0.05080396200645276, "gamma": 0.06582959550161746, "lamda": 0.10509931296807659}, "datetime": {"datetime": "2021-09-24 09:28:56", "elapsed": 330.644264, "delta": 1.486209}}
{"target": 0.8999791921896837, "params": {"C": 2053.4581487137416, "epsilon": 0.8797423321565119, "gamma": 0.05146519184214646, "lamda": 0.23524150766979834}, "datetime": {"datetime": "2021-09-24 09:28:57", "elapsed": 332.17398, "delta": 1.529716}}
{"target": 0.9208255140117456, "params": {"C": 1932.5518895373805, "epsilon": 0.25048481984608745, "gamma": 0.06262525740576173, "lamda": 0.056808024446328}, "datetime": {"datetime": "2021-09-24 09:29:00", "elapsed": 335.190798, "delta": 3.016818}}
{"target": 0.9282770378624049, "params": {"C": 1904.3463818258601, "epsilon": 0.10096183328127661, "gamma": 0.04475969315361994, "lamda": 0.10166056731478279}, "datetime": {"datetime": "2021-09-24 09:29:03", "elapsed": 337.750598, "delta": 2.5598}}
{"target": 0.8989719822429352, "params": {"C": 1971.8127667183799, "epsilon": 0.8951615020471819, "gamma": 0.05446315628752793, "lamda": 0.23937532878438053}, "datetime": {"datetime": "2021-09-24 09:29:05", "elapsed": 339.619249, "delta": 1.868651}}
{"target": 0.9275397065880919, "params": {"C": 1945.9493431637416, "epsilon": 0.0789193806178829, "gamma": 0.023591835785412407, "lamda": 0.07960915892903822}, "datetime": {"datetime": "2021-09-24 09:29:09", "elapsed": 343.296061, "delta": 3.676812}}
{"target": 0.9171509800481923, "params": {"C": 1906.9685272671907, "epsilon": 0.9248910288760316, "gamma": 0.06488425054445326, "lamda": 0.038505684437635114}, "datetime": {"datetime": "2021-09-24 09:29:11", "elapsed": 345.627608, "delta": 2.331547}}
{"target": 0.9081659588366027, "params": {"C": 1946.1727700368895, "epsilon": 0.22204197113611912, "gamma": 0.014555030801426708, "lamda": 0.06746396078167821}, "datetime": {"datetime": "2021-09-24 09:29:13", "elapsed": 347.925286, "delta": 2.297678}}
{"target": 0.8969308582414117, "params": {"C": 1966.3627421962717, "epsilon": 0.8502758109313171, "gamma": 0.032090055542956984, "lamda": 0.22905468124487088}, "datetime": {"datetime": "2021-09-24 09:29:15", "elapsed": 349.797166, "delta": 1.87188}}
{"target": 0.9241231690374601, "params": {"C": 2006.2807777097444, "epsilon": 0.16031646293223087, "gamma": 0.0397254393318818, "lamda": 0.018167677935996204}, "datetime": {"datetime": "2021-09-24 09:29:18", "elapsed": 352.430472, "delta": 2.633306}}
{"target": 0.9230054843040335, "params": {"C": 1904.3165982568387, "epsilon": 0.062326270024096894, "gamma": 0.029594902605617555, "lamda": 0.28324678183581364}, "datetime": {"datetime": "2021-09-24 09:29:20", "elapsed": 355.229824, "delta": 2.799352}}
{"target": 0.9246781189910722, "params": {"C": 1946.3153062494464, "epsilon": 0.13131017837774267, "gamma": 0.04003702280064009, "lamda": 0.1665049856221803}, "datetime": {"datetime": "2021-09-24 09:29:23", "elapsed": 357.539948, "delta": 2.310124}}
{"target": 0.9144258014786437, "params": {"C": 2098.232207736224, "epsilon": 0.47516726752733274, "gamma": 0.05020229908491138, "lamda": 0.16036163556033758}, "datetime": {"datetime": "2021-09-24 09:29:24", "elapsed": 359.19966, "delta": 1.659712}}
{"target": 0.9240936015143393, "params": {"C": 1904.285709826754, "epsilon": 0.19331047465463372, "gamma": 0.05343085615627616, "lamda": 0.09305462245106674}, "datetime": {"datetime": "2021-09-24 09:29:28", "elapsed": 362.407828, "delta": 3.208168}}
{"target": 0.9044167910164839, "params": {"C": 1916.3980655214023, "epsilon": 0.397653628414109, "gamma": 0.04994007094399021, "lamda": 0.3947241549288147}, "datetime": {"datetime": "2021-09-24 09:29:29", "elapsed": 363.973021, "delta": 1.565193}}
{"target": 0.9225531892137587, "params": {"C": 1932.4887981126149, "epsilon": 0.24539981311577708, "gamma": 0.019525159124120332, "lamda": 0.027160320360313548}, "datetime": {"datetime": "2021-09-24 09:29:32", "elapsed": 366.616522, "delta": 2.643501}}
{"target": 0.9162127486019971, "params": {"C": 2006.41174586892, "epsilon": 0.04122097829590371, "gamma": 0.016625756137301075, "lamda": 0.2092510178394262}, "datetime": {"datetime": "2021-09-24 09:29:35", "elapsed": 369.717963, "delta": 3.101441}}
{"target": 0.9161535438814885, "params": {"C": 1973.7643706667618, "epsilon": 0.6334861572383768, "gamma": 0.06455174015080598, "lamda": 0.06897582647767024}, "datetime": {"datetime": "2021-09-24 09:29:37", "elapsed": 371.672598, "delta": 1.954635}}
{"target": 0.9168458012253076, "params": {"C": 1908.138707558913, "epsilon": 0.2246008471878481, "gamma": 0.06902529523945777, "lamda": 0.11763601575303176}, "datetime": {"datetime": "2021-09-24 09:29:39", "elapsed": 374.054035, "delta": 2.381437}}
{"target": 0.9204666431772609, "params": {"C": 2086.9544999116906, "epsilon": 0.7926792008432898, "gamma": 0.0293668459574317, "lamda": 0.0317688088005691}, "datetime": {"datetime": "2021-09-24 09:29:42", "elapsed": 377.076435, "delta": 3.0224}}
{"target": 0.8704485268906235, "params": {"C": 1965.1147518474756, "epsilon": 0.8519567447550392, "gamma": 0.0119472101010619, "lamda": 0.17796653579144306}, "datetime": {"datetime": "2021-09-24 09:29:44", "elapsed": 378.914099, "delta": 1.837664}}
{"target": 0.9047105563920584, "params": {"C": 1946.3602031469354, "epsilon": 0.057190925529429476, "gamma": 0.011085958039901506, "lamda": 0.15802430558718006}, "datetime": {"datetime": "2021-09-24 09:29:46", "elapsed": 381.067387, "delta": 2.153288}}
{"target": 0.8880519136946396, "params": {"C": 1918.646377944854, "epsilon": 0.3688033087916762, "gamma": 0.016781668878456994, "lamda": 0.29022592418338455}, "datetime": {"datetime": "2021-09-24 09:29:48", "elapsed": 382.834834, "delta": 1.767447}}
{"target": 0.929518193080927, "params": {"C": 1904.3258446695986, "epsilon": 0.08222030093473193, "gamma": 0.03815398545232449, "lamda": 0.11995283328436868}, "datetime": {"datetime": "2021-09-24 09:29:50", "elapsed": 385.217411, "delta": 2.382577}}
{"target": 0.9220649109927315, "params": {"C": 2006.2551064470056, "epsilon": 0.1210343676106572, "gamma": 0.0585599039643314, "lamda": 0.14947550862485168}, "datetime": {"datetime": "2021-09-24 09:29:52", "elapsed": 387.061011, "delta": 1.8436}}
{"target": 0.923001791184928, "params": {"C": 1904.2784669456541, "epsilon": 0.1271954106431177, "gamma": 0.05809584670266146, "lamda": 0.10617835490302605}, "datetime": {"datetime": "2021-09-24 09:29:54", "elapsed": 388.997988, "delta": 1.936977}}
{"target": 0.9237200675487537, "params": {"C": 2006.3148399501729, "epsilon": 0.12650070934719068, "gamma": 0.054754666483324846, "lamda": 0.13378095104859974}, "datetime": {"datetime": "2021-09-24 09:29:57", "elapsed": 391.835627, "delta": 2.837639}}
{"target": 0.919337174054981, "params": {"C": 1946.1727818827537, "epsilon": 0.1825644934736294, "gamma": 0.017508745637069573, "lamda": 0.036844479695507894}, "datetime": {"datetime": "2021-09-24 09:29:59", "elapsed": 393.91561, "delta": 2.079983}}
{"target": 0.9036795802031412, "params": {"C": 2099.4851078938864, "epsilon": 0.8831072397725472, "gamma": 0.04337153483686626, "lamda": 0.18964014059689782}, "datetime": {"datetime": "2021-09-24 09:30:01", "elapsed": 395.719318, "delta": 1.803708}}
{"target": 0.9193091024426349, "params": {"C": 1904.3709470981169, "epsilon": 0.08686398934877637, "gamma": 0.06465676458270378, "lamda": 0.20326379475028933}, "datetime": {"datetime": "2021-09-24 09:30:04", "elapsed": 398.715008, "delta": 2.99569}}
{"target": 0.9225975976918914, "params": {"C": 1904.1993188998724, "epsilon": 0.10232793546980141, "gamma": 0.03434107989177966, "lamda": 0.24104778113563283}, "datetime": {"datetime": "2021-09-24 09:30:07", "elapsed": 402.088978, "delta": 3.37397}}
{"target": 0.9016506792193129, "params": {"C": 1946.2416577441143, "epsilon": 0.11448908117495343, "gamma": 0.010092646299679044, "lamda": 0.08604435259804906}, "datetime": {"datetime": "2021-09-24 09:30:10", "elapsed": 404.743633, "delta": 2.654655}}
{"target": 0.9171121625532532, "params": {"C": 1972.2375784425667, "epsilon": 0.05339784462233184, "gamma": 0.06734014929384993, "lamda": 0.351705040715957}, "datetime": {"datetime": "2021-09-24 09:30:12", "elapsed": 407.175952, "delta": 2.432319}}
{"target": 0.902458170645866, "params": {"C": 2036.5155352352713, "epsilon": 0.7834335513028995, "gamma": 0.05493913105019002, "lamda": 0.22667180069673118}, "datetime": {"datetime": "2021-09-24 09:30:14", "elapsed": 408.818124, "delta": 1.642172}}
{"target": 0.8841160326286485, "params": {"C": 2087.0987875742576, "epsilon": 0.17476168428108405, "gamma": 0.011157392021976886, "lamda": 0.2997158021010983}, "datetime": {"datetime": "2021-09-24 09:30:16", "elapsed": 410.62447, "delta": 1.806346}}
{"target": 0.8930024530777552, "params": {"C": 1913.1617254240437, "epsilon": 0.6505484817007654, "gamma": 0.026287349512706185, "lamda": 0.2834987473726544}, "datetime": {"datetime": "2021-09-24 09:30:18", "elapsed": 412.396223, "delta": 1.771753}}
{"target": 0.9287113247841315, "params": {"C": 1946.0958229218618, "epsilon": 0.14065201494343882, "gamma": 0.04322852143263468, "lamda": 0.04829561745931166}, "datetime": {"datetime": "2021-09-24 09:30:20", "elapsed": 414.933068, "delta": 2.536845}}
{"target": 0.9190113009676338, "params": {"C": 1932.446379275616, "epsilon": 0.19782167302741424, "gamma": 0.018573820484408917, "lamda": 0.04847958808774736}, "datetime": {"datetime": "2021-09-24 09:30:22", "elapsed": 416.983635, "delta": 2.050567}}
{"target": 0.9076483037311004, "params": {"C": 1996.8314690374873, "epsilon": 0.8440658892790366, "gamma": 0.05473934145101867, "lamda": 0.1527903129318457}, "datetime": {"datetime": "2021-09-24 09:30:24", "elapsed": 418.715405, "delta": 1.73177}}
{"target": 0.9090614591714109, "params": {"C": 1983.9744343893851, "epsilon": 0.14928636525567002, "gamma": 0.018440113119797236, "lamda": 0.17450409823786034}, "datetime": {"datetime": "2021-09-24 09:30:26", "elapsed": 421.240897, "delta": 2.525492}}
{"target": 0.9097943932986384, "params": {"C": 1942.233894884236, "epsilon": 0.6603822751115254, "gamma": 0.0392572497899386, "lamda": 0.16250372686068973}, "datetime": {"datetime": "2021-09-24 09:30:28", "elapsed": 423.102687, "delta": 1.86179}}
{"target": 0.9291604894377635, "params": {"C": 1927.0234418534085, "epsilon": 0.2814343193264004, "gamma": 0.02616288357462973, "lamda": 0.012060021138080905}, "datetime": {"datetime": "2021-09-24 09:30:30", "elapsed": 425.060435, "delta": 1.957748}}
{"target": 0.9268276699025297, "params": {"C": 1945.9873552469812, "epsilon": 0.04685921332443682, "gamma": 0.023110954799479076, "lamda": 0.13514449157268443}, "datetime": {"datetime": "2021-09-24 09:30:32", "elapsed": 427.141679, "delta": 2.081244}}
{"target": 0.9108195484276262, "params": {"C": 1957.1370327897985, "epsilon": 0.583852217067559, "gamma": 0.050115847623680695, "lamda": 0.17948711130008912}, "datetime": {"datetime": "2021-09-24 09:30:34", "elapsed": 428.840996, "delta": 1.699317}}
{"target": 0.9278489536141675, "params": {"C": 1904.2109584128916, "epsilon": 0.04270761143999245, "gamma": 0.04494434016535508, "lamda": 0.23553119513237136}, "datetime": {"datetime": "2021-09-24 09:30:37", "elapsed": 431.411762, "delta": 2.570766}}
{"target": 0.9177400534810201, "params": {"C": 1972.253597281711, "epsilon": 0.06895904803450778, "gamma": 0.0671635335740396, "lamda": 0.2648262693939928}, "datetime": {"datetime": "2021-09-24 09:30:40", "elapsed": 434.723882, "delta": 3.31212}}
{"target": 0.903485611768392, "params": {"C": 2096.0769724440697, "epsilon": 0.47366072404852644, "gamma": 0.03255395462214459, "lamda": 0.28571787020879247}, "datetime": {"datetime": "2021-09-24 09:30:42", "elapsed": 436.667325, "delta": 1.943443}}
{"target": 0.9047958922247988, "params": {"C": 1961.953023181743, "epsilon": 0.589530441911254, "gamma": 0.02336424693851469, "lamda": 0.12176138367228462}, "datetime": {"datetime": "2021-09-24 09:30:44", "elapsed": 438.649488, "delta": 1.982163}}
{"target": 0.9172664810678903, "params": {"C": 1946.1574490539006, "epsilon": 0.1441255208932841, "gamma": 0.06010519327943263, "lamda": 0.0421737063338022}, "datetime": {"datetime": "2021-09-24 09:30:49", "elapsed": 443.469088, "delta": 4.8196}}
{"target": 0.8922962027878493, "params": {"C": 2021.1456593465327, "epsilon": 0.6931935352260036, "gamma": 0.022664626176245393, "lamda": 0.2218280859597452}, "datetime": {"datetime": "2021-09-24 09:30:51", "elapsed": 445.337779, "delta": 1.868691}}
{"target": 0.8965323671158967, "params": {"C": 2036.5352303559218, "epsilon": 0.5044468083110161, "gamma": 0.016431565556320946, "lamda": 0.11935481571268808}, "datetime": {"datetime": "2021-09-24 09:30:53", "elapsed": 447.522196, "delta": 2.184417}}
{"target": 0.9093270631544228, "params": {"C": 1987.4496275814017, "epsilon": 0.9389531817571337, "gamma": 0.04680043909277897, "lamda": 0.12644610981249163}, "datetime": {"datetime": "2021-09-24 09:30:55", "elapsed": 449.949735, "delta": 2.427539}}
{"target": 0.9184499734138617, "params": {"C": 1908.0826960698776, "epsilon": 0.1634933649567764, "gamma": 0.061591739097808226, "lamda": 0.19176564038997987}, "datetime": {"datetime": "2021-09-24 09:30:59", "elapsed": 454.196098, "delta": 4.246363}}
{"target": 0.9177085492638708, "params": {"C": 2006.0253044519518, "epsilon": 0.06472271730742582, "gamma": 0.06404129430608758, "lamda": 0.12376522348532423}, "datetime": {"datetime": "2021-09-24 09:31:03", "elapsed": 457.78746, "delta": 3.591362}}
{"target": 0.9119328889264582, "params": {"C": 1945.9491138714895, "epsilon": 0.059603640985094124, "gamma": 0.014588063864888274, "lamda": 0.16145830378510864}, "datetime": {"datetime": "2021-09-24 09:31:06", "elapsed": 460.952336, "delta": 3.164876}}
{"target": 0.868906802230051, "params": {"C": 1909.314054170151, "epsilon": 0.7644746480472299, "gamma": 0.017201185713739093, "lamda": 0.37966582299564844}, "datetime": {"datetime": "2021-09-24 09:31:08", "elapsed": 463.202532, "delta": 2.250196}}
{"target": 0.9225770264335706, "params": {"C": 1904.2495840846343, "epsilon": 0.11165150714539607, "gamma": 0.05316900506077714, "lamda": 0.2014072642300517}, "datetime": {"datetime": "2021-09-24 09:31:12", "elapsed": 466.469131, "delta": 3.266599}}
{"target": 0.9083440402071384, "params": {"C": 1960.3042543025072, "epsilon": 0.9743529651749532, "gamma": 0.06498682135430485, "lamda": 0.10479596368896968}, "datetime": {"datetime": "2021-09-24 09:31:14", "elapsed": 468.343363, "delta": 1.874232}}
{"target": 0.9207407310883015, "params": {"C": 1932.4905449588973, "epsilon": 0.1721886278802947, "gamma": 0.0627340513409368, "lamda": 0.09303560720239364}, "datetime": {"datetime": "2021-09-24 09:31:17", "elapsed": 471.337332, "delta": 2.993969}}
{"target": 0.9268385443268562, "params": {"C": 1946.0996204990176, "epsilon": 0.22189174610928164, "gamma": 0.04281772772622396, "lamda": 0.07407697198188798}, "datetime": {"datetime": "2021-09-24 09:31:19", "elapsed": 473.840834, "delta": 2.503502}}
{"target": 0.9181379356792163, "params": {"C": 2006.3809040608153, "epsilon": 0.17752898095313366, "gamma": 0.0293770858695512, "lamda": 0.1849924875783326}, "datetime": {"datetime": "2021-09-24 09:31:22", "elapsed": 477.245566, "delta": 3.404732}}
{"target": 0.9208295023829499, "params": {"C": 2019.123046442965, "epsilon": 0.5421430451130554, "gamma": 0.04698174747187249, "lamda": 0.06973431032408584}, "datetime": {"datetime": "2021-09-24 09:31:26", "elapsed": 480.460292, "delta": 3.214726}}
{"target": 0.9085415364835929, "params": {"C": 2018.6497551333366, "epsilon": 0.29973952925928715, "gamma": 0.03575004732854738, "lamda": 0.3549918123680863}, "datetime": {"datetime": "2021-09-24 09:31:28", "elapsed": 482.441917, "delta": 1.981625}}
{"target": 0.9295353227731173, "params": {"C": 1927.0057697958566, "epsilon": 0.2329266597484989, "gamma": 0.026070064241204567, "lamda": 0.016529675861063894}, "datetime": {"datetime": "2021-09-24 09:31:31", "elapsed": 485.295807, "delta": 2.85389}}
{"target": 0.9017079433997309, "params": {"C": 1949.0771873747665, "epsilon": 0.7108294001421352, "gamma": 0.027461452269230822, "lamda": 0.170560507665015}, "datetime": {"datetime": "2021-09-24 09:31:32", "elapsed": 487.235062, "delta": 1.939255}}
{"target": 0.8909391325970478, "params": {"C": 1922.2354507103205, "epsilon": 0.81795664420853, "gamma": 0.055097643738716215, "lamda": 0.3627801170554955}, "datetime": {"datetime": "2021-09-24 09:31:34", "elapsed": 489.136548, "delta": 1.901486}}
{"target": 0.9205221194564337, "params": {"C": 1904.2058538703823, "epsilon": 0.10598651016198377, "gamma": 0.0627843426648726, "lamda": 0.11439441423636174}, "datetime": {"datetime": "2021-09-24 09:31:38", "elapsed": 492.973667, "delta": 3.837119}}
{"target": 0.9071006013111371, "params": {"C": 2065.310711803752, "epsilon": 0.7984774829327275, "gamma": 0.0263469419871475, "lamda": 0.09439382039070471}, "datetime": {"datetime": "2021-09-24 09:31:40", "elapsed": 494.923246, "delta": 1.949579}}
{"target": 0.9267928669384601, "params": {"C": 2006.0898274703304, "epsilon": 0.06829884056404972, "gamma": 0.024107919812377837, "lamda": 0.1114505380519316}, "datetime": {"datetime": "2021-09-24 09:31:43", "elapsed": 497.559632, "delta": 2.636386}}
{"target": 0.888780097157545, "params": {"C": 1955.511579751843, "epsilon": 0.5667125977332578, "gamma": 0.019387129385400957, "lamda": 0.2476496770729437}, "datetime": {"datetime": "2021-09-24 09:31:45", "elapsed": 499.36763, "delta": 1.807998}}
{"target": 0.9164324914949076, "params": {"C": 1946.2673467224813, "epsilon": 0.06900363460648319, "gamma": 0.06871663905600527, "lamda": 0.1473187475467714}, "datetime": {"datetime": "2021-09-24 09:31:47", "elapsed": 501.927642, "delta": 2.560012}}
{"target": 0.9255450561387455, "params": {"C": 1945.9238399897445, "epsilon": 0.14608758740550204, "gamma": 0.05068582787135811, "lamda": 0.1030632219147533}, "datetime": {"datetime": "2021-09-24 09:31:50", "elapsed": 504.420275, "delta": 2.492633}}
{"target": 0.918165264679355, "params": {"C": 1945.9332547702354, "epsilon": 0.10380079334143105, "gamma": 0.06682630211377537, "lamda": 0.11035002554270454}, "datetime": {"datetime": "2021-09-24 09:31:53", "elapsed": 507.337975, "delta": 2.9177}}
