{"target": 0.9225692942566177, "params": {"C": 427.5231019744034, "epsilon": 0.6826687193545544, "gamma": 0.03, "lamda": 0.015}, "datetime": {"datetime": "2021-09-23 20:35:23", "elapsed": 501.092458, "delta": 3.550171}}
{"target": 0.9136017806904064, "params": {"C": 493.7946699803336, "epsilon": 0.20404893728738746, "gamma": 0.07640823726928164, "lamda": 0.11773931864829473}, "datetime": {"datetime": "2021-09-23 20:35:25", "elapsed": 503.527096, "delta": 2.434638}}
{"target": 0.898857099189645, "params": {"C": 468.25776761763564, "epsilon": 0.6280864273229202, "gamma": 0.06744927587515834, "lamda": 0.28931284044590133}, "datetime": {"datetime": "2021-09-23 20:35:27", "elapsed": 505.216582, "delta": 1.689486}}
{"target": 0.9141089137133265, "params": {"C": 493.54939378712885, "epsilon": 0.14491391432622136, "gamma": 0.030964493351647405, "lamda": 0.3781006617018363}, "datetime": {"datetime": "2021-09-23 20:35:28", "elapsed": 506.807803, "delta": 1.591221}}
{"target": 0.9011677434479461, "params": {"C": 406.5808627120218, "epsilon": 0.5226003411439065, "gamma": 0.04357279126058848, "lamda": 0.3583882016935774}, "datetime": {"datetime": "2021-09-23 20:35:30", "elapsed": 508.456253, "delta": 1.64845}}
{"target": 0.9250966630525445, "params": {"C": 493.718795627784, "epsilon": 0.17636412253737996, "gamma": 0.0507968947836486, "lamda": 0.0905265626142364}, "datetime": {"datetime": "2021-09-23 20:35:33", "elapsed": 511.482661, "delta": 3.026408}}
{"target": 0.9225125904205675, "params": {"C": 493.64887934485375, "epsilon": 0.19067238468076123, "gamma": 0.03306160345090482, "lamda": 0.10765671039598226}, "datetime": {"datetime": "2021-09-23 20:35:36", "elapsed": 514.128953, "delta": 2.646292}}
{"target": 0.9039383569830832, "params": {"C": 448.41573451874365, "epsilon": 0.6762172523142868, "gamma": 0.06728278454251556, "lamda": 0.19950702198482495}, "datetime": {"datetime": "2021-09-23 20:35:37", "elapsed": 515.771094, "delta": 1.642141}}
{"target": 0.9144392543140053, "params": {"C": 461.1255521802, "epsilon": 0.38059605995392065, "gamma": 0.07421855752392878, "lamda": 0.0778984224845635}, "datetime": {"datetime": "2021-09-23 20:35:40", "elapsed": 518.172812, "delta": 2.401718}}
{"target": 0.9093889681529862, "params": {"C": 421.116947442118, "epsilon": 0.5304065482844067, "gamma": 0.0543810414916155, "lamda": 0.21131405395346997}, "datetime": {"datetime": "2021-09-23 20:35:41", "elapsed": 519.771059, "delta": 1.598247}}
{"target": 0.9264678435150429, "params": {"C": 413.5117209267043, "epsilon": 0.22959219163023536, "gamma": 0.04346906964552477, "lamda": 0.0284438853432813}, "datetime": {"datetime": "2021-09-23 20:35:43", "elapsed": 521.511767, "delta": 1.740708}}
{"target": 0.9137417227873341, "params": {"C": 413.4296833894554, "epsilon": 0.2206120062489883, "gamma": 0.07604802654033428, "lamda": 0.052214087382218714}, "datetime": {"datetime": "2021-09-23 20:35:46", "elapsed": 524.451577, "delta": 2.93981}}
{"target": 0.9076637166221485, "params": {"C": 428.56851639489923, "epsilon": 0.4696558836515674, "gamma": 0.0634298730197339, "lamda": 0.23195801749509581}, "datetime": {"datetime": "2021-09-23 20:35:48", "elapsed": 526.163115, "delta": 1.711538}}
{"target": 0.9213139159923791, "params": {"C": 476.6091979758885, "epsilon": 0.05930759471508715, "gamma": 0.03568133437752685, "lamda": 0.41053585066440873}, "datetime": {"datetime": "2021-09-23 20:35:51", "elapsed": 529.543619, "delta": 3.380504}}
{"target": 0.9239121774478034, "params": {"C": 461.04699598009654, "epsilon": 0.525096038089887, "gamma": 0.03, "lamda": 0.015}, "datetime": {"datetime": "2021-09-23 20:35:55", "elapsed": 533.741328, "delta": 4.197709}}
{"target": 0.9066341753118254, "params": {"C": 498.0384862220349, "epsilon": 0.3821842861003767, "gamma": 0.048794962185120486, "lamda": 0.3610856317074294}, "datetime": {"datetime": "2021-09-23 20:35:57", "elapsed": 535.387859, "delta": 1.646531}}
{"target": 0.914278078500507, "params": {"C": 430.97651159087155, "epsilon": 0.4741633404862532, "gamma": 0.04113687244876224, "lamda": 0.1617901530853585}, "datetime": {"datetime": "2021-09-23 20:35:59", "elapsed": 537.10582, "delta": 1.717961}}
{"target": 0.9211179968056612, "params": {"C": 413.5465166151833, "epsilon": 0.3139103873243203, "gamma": 0.035132368937358535, "lamda": 0.08893369674837312}, "datetime": {"datetime": "2021-09-23 20:36:03", "elapsed": 541.020573, "delta": 3.914753}}
{"target": 0.9250491879326901, "params": {"C": 422.88457771737853, "epsilon": 0.15065159558174557, "gamma": 0.04690260538165731, "lamda": 0.10663839974955908}, "datetime": {"datetime": "2021-09-23 20:36:04", "elapsed": 542.632591, "delta": 1.612018}}
{"target": 0.9146612053894102, "params": {"C": 468.2676151779609, "epsilon": 0.4066227241231777, "gamma": 0.03535963796360079, "lamda": 0.15886487624223988}, "datetime": {"datetime": "2021-09-23 20:36:06", "elapsed": 544.398789, "delta": 1.766198}}
{"target": 0.9067908769988539, "params": {"C": 443.72481379070086, "epsilon": 0.7515401545907144, "gamma": 0.0606670325773158, "lamda": 0.16748461969688833}, "datetime": {"datetime": "2021-09-23 20:36:08", "elapsed": 546.085958, "delta": 1.687169}}
{"target": 0.917914528202206, "params": {"C": 413.57117157430065, "epsilon": 0.17283254706464465, "gamma": 0.06640686683324443, "lamda": 0.14690516438073925}, "datetime": {"datetime": "2021-09-23 20:36:11", "elapsed": 549.572927, "delta": 3.486969}}
{"target": 0.9147198272072573, "params": {"C": 493.4645211530973, "epsilon": 0.060589321043037755, "gamma": 0.06197497832291612, "lamda": 0.017193464545359898}, "datetime": {"datetime": "2021-09-23 20:36:15", "elapsed": 552.922552, "delta": 3.349625}}
{"target": 0.9167002531607553, "params": {"C": 493.81168933581216, "epsilon": 0.07458760922924831, "gamma": 0.060557349197852446, "lamda": 0.026401887822066355}, "datetime": {"datetime": "2021-09-23 20:36:18", "elapsed": 555.936306, "delta": 3.013754}}
{"target": 0.888879204346832, "params": {"C": 404.6570270850754, "epsilon": 0.6130365762849145, "gamma": 0.036000988094782575, "lamda": 0.4752830179270413}, "datetime": {"datetime": "2021-09-23 20:36:19", "elapsed": 557.545842, "delta": 1.609536}}
{"target": 0.9221540336439995, "params": {"C": 413.6687020639651, "epsilon": 0.19161989471269908, "gamma": 0.03185470406440906, "lamda": 0.025761576907085346}, "datetime": {"datetime": "2021-09-23 20:36:22", "elapsed": 560.546053, "delta": 3.000211}}
{"target": 0.9037726645948377, "params": {"C": 430.1521271512536, "epsilon": 0.7796410135924886, "gamma": 0.07582235112858737, "lamda": 0.14116802603797063}, "datetime": {"datetime": "2021-09-23 20:36:24", "elapsed": 562.281559, "delta": 1.735506}}
{"target": 0.9239928921580635, "params": {"C": 427.2995250501698, "epsilon": 0.2732391134032742, "gamma": 0.05658259252944858, "lamda": 0.028487813873861206}, "datetime": {"datetime": "2021-09-23 20:36:27", "elapsed": 565.3189, "delta": 3.037341}}
{"target": 0.9076097326257871, "params": {"C": 413.59134321338956, "epsilon": 0.23597645114277685, "gamma": 0.07852624862641025, "lamda": 0.016978134578954328}, "datetime": {"datetime": "2021-09-23 20:36:30", "elapsed": 568.217626, "delta": 2.898726}}
{"target": 0.9176133597703957, "params": {"C": 461.07932427934475, "epsilon": 0.6402770955186408, "gamma": 0.06814308918307074, "lamda": 0.03372344428684758}, "datetime": {"datetime": "2021-09-23 20:36:33", "elapsed": 571.551406, "delta": 3.33378}}
{"target": 0.9144871051434597, "params": {"C": 427.25137234655995, "epsilon": 0.7387859485745145, "gamma": 0.0741577693778569, "lamda": 0.017728432444092584}, "datetime": {"datetime": "2021-09-23 20:36:35", "elapsed": 573.343032, "delta": 1.791626}}
{"target": 0.9251411713406612, "params": {"C": 427.46164684887174, "epsilon": 0.529970008383522, "gamma": 0.039565549746483804, "lamda": 0.028038988509730998}, "datetime": {"datetime": "2021-09-23 20:36:38", "elapsed": 576.004457, "delta": 2.661425}}
{"target": 0.9241315578392483, "params": {"C": 493.4863983705593, "epsilon": 0.2662411551116801, "gamma": 0.033395587044663035, "lamda": 0.01575796945630406}, "datetime": {"datetime": "2021-09-23 20:36:40", "elapsed": 578.577311, "delta": 2.572854}}
{"target": 0.9083160993560643, "params": {"C": 424.5385936873832, "epsilon": 0.5704522042365404, "gamma": 0.04455121022435902, "lamda": 0.22110738400384022}, "datetime": {"datetime": "2021-09-23 20:36:42", "elapsed": 580.33315, "delta": 1.755839}}
{"target": 0.9145279378083783, "params": {"C": 427.31903611187903, "epsilon": 0.7537666132297132, "gamma": 0.06294182566266818, "lamda": 0.07565047242686873}, "datetime": {"datetime": "2021-09-23 20:36:45", "elapsed": 582.88336, "delta": 2.55021}}
{"target": 0.9135980332302558, "params": {"C": 493.5579543467194, "epsilon": 0.13339248304468837, "gamma": 0.06706135195583093, "lamda": 0.02383908367389237}, "datetime": {"datetime": "2021-09-23 20:36:47", "elapsed": 585.837055, "delta": 2.953695}}
{"target": 0.9136978041379641, "params": {"C": 482.655355901876, "epsilon": 0.6400285173795878, "gamma": 0.043622451655956254, "lamda": 0.12852381676564356}, "datetime": {"datetime": "2021-09-23 20:36:49", "elapsed": 587.556797, "delta": 1.719742}}
{"target": 0.9244857648175204, "params": {"C": 427.28752859932064, "epsilon": 0.09436676483970052, "gamma": 0.0346560816279729, "lamda": 0.12353040576201832}, "datetime": {"datetime": "2021-09-23 20:36:52", "elapsed": 590.241446, "delta": 2.684649}}
{"target": 0.9048823344199204, "params": {"C": 427.75578987592155, "epsilon": 0.45605020644804994, "gamma": 0.03782260782116746, "lamda": 0.31481226411122226}, "datetime": {"datetime": "2021-09-23 20:36:54", "elapsed": 591.89045, "delta": 1.649004}}
{"target": 0.9114461480985238, "params": {"C": 427.2224572433741, "epsilon": 0.7854729864006104, "gamma": 0.0663539292645378, "lamda": 0.09194107796702337}, "datetime": {"datetime": "2021-09-23 20:36:56", "elapsed": 594.713451, "delta": 2.823001}}
{"target": 0.922461331725321, "params": {"C": 476.68339520423774, "epsilon": 0.19085687714178587, "gamma": 0.03484402013694028, "lamda": 0.12274791815953047}, "datetime": {"datetime": "2021-09-23 20:36:59", "elapsed": 597.380036, "delta": 2.666585}}
{"target": 0.926531075283439, "params": {"C": 493.48910177549374, "epsilon": 0.03948217236984226, "gamma": 0.04507865382433209, "lamda": 0.24026780989268381}, "datetime": {"datetime": "2021-09-23 20:37:02", "elapsed": 600.328601, "delta": 2.948565}}
{"target": 0.8932293176506376, "params": {"C": 412.6316094682518, "epsilon": 0.7321729870756547, "gamma": 0.0746911291055652, "lamda": 0.29149404508428256}, "datetime": {"datetime": "2021-09-23 20:37:04", "elapsed": 601.921393, "delta": 1.592792}}
{"target": 0.9271227356593335, "params": {"C": 493.5513385519081, "epsilon": 0.057251889003255924, "gamma": 0.04670258238664649, "lamda": 0.12769418025122958}, "datetime": {"datetime": "2021-09-23 20:37:07", "elapsed": 605.601908, "delta": 3.680515}}
{"target": 0.9220982396528035, "params": {"C": 493.47218159728584, "epsilon": 0.106288552016453, "gamma": 0.030619332114973356, "lamda": 0.13906486929335282}, "datetime": {"datetime": "2021-09-23 20:37:10", "elapsed": 608.31949, "delta": 2.717582}}
{"target": 0.927117133132713, "params": {"C": 493.5126506279997, "epsilon": 0.03605868913885486, "gamma": 0.03716561539530399, "lamda": 0.20296013300394272}, "datetime": {"datetime": "2021-09-23 20:37:13", "elapsed": 611.321692, "delta": 3.002202}}
{"target": 0.8943213689497955, "params": {"C": 474.51729870138877, "epsilon": 0.6887603504560469, "gamma": 0.06925209845670353, "lamda": 0.3208444006753773}, "datetime": {"datetime": "2021-09-23 20:37:15", "elapsed": 613.065691, "delta": 1.743999}}
{"target": 0.9235690485647845, "params": {"C": 413.76083710055195, "epsilon": 0.20731874153774593, "gamma": 0.03234974919046107, "lamda": 0.05586314828259471}, "datetime": {"datetime": "2021-09-23 20:37:18", "elapsed": 616.072698, "delta": 3.007007}}
{"target": 0.9098737314201877, "params": {"C": 440.5702946856254, "epsilon": 0.2291188093031379, "gamma": 0.03183984111253208, "lamda": 0.3621305066807618}, "datetime": {"datetime": "2021-09-23 20:37:19", "elapsed": 617.821259, "delta": 1.748561}}
{"target": 0.9144929263428009, "params": {"C": 461.00606626395324, "epsilon": 0.5276591438940014, "gamma": 0.03161103466878589, "lamda": 0.10551793226221505}, "datetime": {"datetime": "2021-09-23 20:37:22", "elapsed": 620.4223, "delta": 2.601041}}
{"target": 0.9117637433330905, "params": {"C": 493.58897173813625, "epsilon": 0.1246028405171255, "gamma": 0.07900431664706073, "lamda": 0.20436856063778136}, "datetime": {"datetime": "2021-09-23 20:37:25", "elapsed": 623.210056, "delta": 2.787756}}
{"target": 0.9207603014525371, "params": {"C": 413.8263518585317, "epsilon": 0.1665900992281626, "gamma": 0.03285161329751868, "lamda": 0.14030307870956704}, "datetime": {"datetime": "2021-09-23 20:37:28", "elapsed": 626.636703, "delta": 3.426647}}
{"target": 0.923511882883959, "params": {"C": 427.256094838314, "epsilon": 0.06984597292009653, "gamma": 0.04865948329810864, "lamda": 0.2723927545474204}, "datetime": {"datetime": "2021-09-23 20:37:31", "elapsed": 629.348882, "delta": 2.712179}}
{"target": 0.9198552887993049, "params": {"C": 459.4989954533601, "epsilon": 0.25698731024755905, "gamma": 0.04092853503442879, "lamda": 0.16809903022446238}, "datetime": {"datetime": "2021-09-23 20:37:36", "elapsed": 633.990458, "delta": 4.641576}}
{"target": 0.9233014720379938, "params": {"C": 413.72172727738547, "epsilon": 0.11762664319998174, "gamma": 0.03, "lamda": 0.07327811898495475}, "datetime": {"datetime": "2021-09-23 20:37:39", "elapsed": 637.563712, "delta": 3.573254}}
{"target": 0.9179261074830042, "params": {"C": 432.41180091553804, "epsilon": 0.16373730292564748, "gamma": 0.03, "lamda": 0.19185618246069328}, "datetime": {"datetime": "2021-09-23 20:37:44", "elapsed": 641.954767, "delta": 4.391055}}
{"target": 0.9007857856840552, "params": {"C": 455.0752124436475, "epsilon": 0.377090432160204, "gamma": 0.032711453876961165, "lamda": 0.4096189129676009}, "datetime": {"datetime": "2021-09-23 20:37:45", "elapsed": 643.76558, "delta": 1.810813}}
{"target": 0.9162614552892112, "params": {"C": 427.2213251857659, "epsilon": 0.15698820692239301, "gamma": 0.03, "lamda": 0.27197176418995594}, "datetime": {"datetime": "2021-09-23 20:37:49", "elapsed": 647.463123, "delta": 3.697543}}
{"target": 0.9255476939402069, "params": {"C": 461.11898508746947, "epsilon": 0.2725151725272559, "gamma": 0.0468099549579037, "lamda": 0.0589050837429985}, "datetime": {"datetime": "2021-09-23 20:37:51", "elapsed": 649.263852, "delta": 1.800729}}
{"target": 0.911812427162751, "params": {"C": 418.4139138441937, "epsilon": 0.29970290498494934, "gamma": 0.07968834058661785, "lamda": 0.0945995625388026}, "datetime": {"datetime": "2021-09-23 20:37:53", "elapsed": 651.023358, "delta": 1.759506}}
{"target": 0.9090831493643685, "params": {"C": 491.71628447740795, "epsilon": 0.4883283833468234, "gamma": 0.06405787582355013, "lamda": 0.19691563812558338}, "datetime": {"datetime": "2021-09-23 20:37:55", "elapsed": 652.866908, "delta": 1.84355}}
{"target": 0.914777454464122, "params": {"C": 443.2619788919279, "epsilon": 0.19327135937817186, "gamma": 0.06233663729284774, "lamda": 0.27119847038012446}, "datetime": {"datetime": "2021-09-23 20:37:56", "elapsed": 654.659864, "delta": 1.792956}}
{"target": 0.9262042440267393, "params": {"C": 446.80748281911167, "epsilon": 0.15341655575477886, "gamma": 0.04906128851308587, "lamda": 0.06558306673937257}, "datetime": {"datetime": "2021-09-23 20:37:58", "elapsed": 656.634213, "delta": 1.974349}}
{"target": 0.925955067465481, "params": {"C": 427.2205553484263, "epsilon": 0.13075356406193112, "gamma": 0.035011771152231655, "lamda": 0.06627412594593823}, "datetime": {"datetime": "2021-09-23 20:38:00", "elapsed": 658.515793, "delta": 1.88158}}
{"target": 0.9125765314612789, "params": {"C": 418.38692179632693, "epsilon": 0.08025143133530083, "gamma": 0.07091184343894874, "lamda": 0.4581268676324337}, "datetime": {"datetime": "2021-09-23 20:38:02", "elapsed": 660.589217, "delta": 2.073424}}
{"target": 0.9269898869991626, "params": {"C": 446.73213576787145, "epsilon": 0.10583580377485875, "gamma": 0.039662897688421114, "lamda": 0.08570797411230004}, "datetime": {"datetime": "2021-09-23 20:38:06", "elapsed": 664.585484, "delta": 3.996267}}
{"target": 0.9099082909692331, "params": {"C": 446.8702029639155, "epsilon": 0.052023916799809874, "gamma": 0.07287228015729849, "lamda": 0.05305824919171171}, "datetime": {"datetime": "2021-09-23 20:38:09", "elapsed": 667.593205, "delta": 3.007721}}
{"target": 0.87996196097722, "params": {"C": 450.0258327756704, "epsilon": 0.7717858829960211, "gamma": 0.07509649763139556, "lamda": 0.4495605179330265}, "datetime": {"datetime": "2021-09-23 20:38:11", "elapsed": 669.451739, "delta": 1.858534}}
{"target": 0.9251302159525204, "params": {"C": 435.8104727791499, "epsilon": 0.06449314950337949, "gamma": 0.04497861615203863, "lamda": 0.22007109935046326}, "datetime": {"datetime": "2021-09-23 20:38:13", "elapsed": 671.330299, "delta": 1.87856}}
{"target": 0.9252561152978154, "params": {"C": 435.7251532435047, "epsilon": 0.07828542341743096, "gamma": 0.045141031193785985, "lamda": 0.1832415215858246}, "datetime": {"datetime": "2021-09-23 20:38:18", "elapsed": 676.459654, "delta": 5.129355}}
{"target": 0.9200182627442709, "params": {"C": 446.78257288972503, "epsilon": 0.14476435619739636, "gamma": 0.05785165130815876, "lamda": 0.19861253570173631}, "datetime": {"datetime": "2021-09-23 20:38:22", "elapsed": 680.581487, "delta": 4.121833}}
{"target": 0.921295929445713, "params": {"C": 446.73189853437333, "epsilon": 0.19221969309880887, "gamma": 0.03026925238607657, "lamda": 0.08145734519379938}, "datetime": {"datetime": "2021-09-23 20:38:27", "elapsed": 685.739469, "delta": 5.157982}}
{"target": 0.9064205902651533, "params": {"C": 489.56159788485394, "epsilon": 0.3403577128018024, "gamma": 0.03681278908174948, "lamda": 0.370510096338442}, "datetime": {"datetime": "2021-09-23 20:38:29", "elapsed": 687.708179, "delta": 1.96871}}
{"target": 0.922612905194849, "params": {"C": 435.76867362172703, "epsilon": 0.13032647518666218, "gamma": 0.058437795458638, "lamda": 0.10977401695080063}, "datetime": {"datetime": "2021-09-23 20:38:33", "elapsed": 691.388881, "delta": 3.680702}}
{"target": 0.9236721713824062, "params": {"C": 426.009428187124, "epsilon": 0.21171910125681298, "gamma": 0.04808948653254805, "lamda": 0.10862872042782029}, "datetime": {"datetime": "2021-09-23 20:38:35", "elapsed": 693.255097, "delta": 1.866216}}
{"target": 0.9184543911129862, "params": {"C": 435.8663810987627, "epsilon": 0.1436084061767563, "gamma": 0.03187469436084824, "lamda": 0.24927643568419283}, "datetime": {"datetime": "2021-09-23 20:38:38", "elapsed": 696.725246, "delta": 3.470149}}
{"target": 0.9183645738178465, "params": {"C": 446.757987558481, "epsilon": 0.09205731692834421, "gamma": 0.05704598693111888, "lamda": 0.017413885901374226}, "datetime": {"datetime": "2021-09-23 20:38:43", "elapsed": 701.20678, "delta": 4.481534}}
{"target": 0.919927568001055, "params": {"C": 426.0700256497866, "epsilon": 0.1825399607196612, "gamma": 0.06497864961206205, "lamda": 0.049078387246375525}, "datetime": {"datetime": "2021-09-23 20:38:47", "elapsed": 704.989138, "delta": 3.782358}}
{"target": 0.9181949220853538, "params": {"C": 446.63613413495443, "epsilon": 0.11970354162935938, "gamma": 0.06817032136366429, "lamda": 0.09044764061748245}, "datetime": {"datetime": "2021-09-23 20:38:51", "elapsed": 709.094519, "delta": 4.105381}}
{"target": 0.9076186612176661, "params": {"C": 481.42605726571963, "epsilon": 0.5940716203153862, "gamma": 0.05907516988785726, "lamda": 0.20310952427986956}, "datetime": {"datetime": "2021-09-23 20:38:53", "elapsed": 711.111594, "delta": 2.017075}}
{"target": 0.9161156630292555, "params": {"C": 456.7378279404527, "epsilon": 0.3980147154576066, "gamma": 0.04767148451785119, "lamda": 0.16499879603516032}, "datetime": {"datetime": "2021-09-23 20:38:55", "elapsed": 713.057649, "delta": 1.946055}}
{"target": 0.9110076270623031, "params": {"C": 493.6024990637384, "epsilon": 0.2471011812238334, "gamma": 0.046976267326620136, "lamda": 0.40171487820202767}, "datetime": {"datetime": "2021-09-23 20:38:57", "elapsed": 714.984274, "delta": 1.926625}}
{"target": 0.9201510294547538, "params": {"C": 435.7249430886041, "epsilon": 0.123905621166085, "gamma": 0.03820989144948329, "lamda": 0.2929342953941639}, "datetime": {"datetime": "2021-09-23 20:39:01", "elapsed": 719.518696, "delta": 4.534422}}
{"target": 0.9218997989798621, "params": {"C": 422.91407119843365, "epsilon": 0.18952147906420408, "gamma": 0.057174092270649984, "lamda": 0.11860055306995065}, "datetime": {"datetime": "2021-09-23 20:39:03", "elapsed": 721.553661, "delta": 2.034965}}
{"target": 0.9221011654488818, "params": {"C": 427.30613573761383, "epsilon": 0.03, "gamma": 0.03, "lamda": 0.19486507543860757}, "datetime": {"datetime": "2021-09-23 20:39:07", "elapsed": 725.534231, "delta": 3.98057}}
{"target": 0.9139590217252788, "params": {"C": 435.6388993586535, "epsilon": 0.05138449507924958, "gamma": 0.07424354246185952, "lamda": 0.23239905052395698}, "datetime": {"datetime": "2021-09-23 20:39:12", "elapsed": 729.890142, "delta": 4.355911}}
{"target": 0.923433678453135, "params": {"C": 496.5270200743757, "epsilon": 0.7835341850160545, "gamma": 0.03587843744164548, "lamda": 0.025218587212596514}, "datetime": {"datetime": "2021-09-23 20:39:13", "elapsed": 731.843178, "delta": 1.953036}}
{"target": 0.9039769032864549, "params": {"C": 459.5310399669752, "epsilon": 0.22312636425671514, "gamma": 0.08, "lamda": 0.015}, "datetime": {"datetime": "2021-09-23 20:39:18", "elapsed": 736.274176, "delta": 4.430998}}
