{"target": 0.9176194560127705, "params": {"C": 494.64173404261277, "epsilon": 0.22422801088293592, "gamma": 0.06579068333634902, "lamda": 0.09854997845291387}, "datetime": {"datetime": "2021-09-23 10:51:36", "elapsed": 32.300087, "delta": 0.512112}}
{"target": 0.9139532933422981, "params": {"C": 466.39325789482336, "epsilon": 0.2631499957800745, "gamma": 0.0632739326777727, "lamda": 0.1595317492224805}, "datetime": {"datetime": "2021-09-23 10:51:36", "elapsed": 32.818718, "delta": 0.518631}}
{"target": 0.9144620635036487, "params": {"C": 494.62566625584486, "epsilon": 0.14079079413466766, "gamma": 0.08785937093044768, "lamda": 0.1164679093638303}, "datetime": {"datetime": "2021-09-23 10:51:37", "elapsed": 33.346278, "delta": 0.52756}}
{"target": 0.9173329508056124, "params": {"C": 494.60718684461983, "epsilon": 0.23172684516318232, "gamma": 0.0763754053456628, "lamda": 0.09079692770900397}, "datetime": {"datetime": "2021-09-23 10:51:37", "elapsed": 33.923703, "delta": 0.577425}}
{"target": 0.9178980398003653, "params": {"C": 584.6654433158117, "epsilon": 0.32709610114745363, "gamma": 0.06259416419511515, "lamda": 0.0576875359841552}, "datetime": {"datetime": "2021-09-23 10:51:38", "elapsed": 34.439539, "delta": 0.515836}}
{"target": 0.9174213676442925, "params": {"C": 480.5701719816973, "epsilon": 0.18592823924716378, "gamma": 0.06938780365113173, "lamda": 0.1366785406267596}, "datetime": {"datetime": "2021-09-23 10:51:38", "elapsed": 34.96136, "delta": 0.521821}}
{"target": 0.9159990688035959, "params": {"C": 396.5388125714956, "epsilon": 0.2267624296126786, "gamma": 0.06268288853923613, "lamda": 0.07200991334554593}, "datetime": {"datetime": "2021-09-23 10:51:39", "elapsed": 35.477362, "delta": 0.516002}}
{"target": 0.9145282695658268, "params": {"C": 569.3137254267323, "epsilon": 0.3261653084634986, "gamma": 0.08418567308280368, "lamda": 0.11621513899359921}, "datetime": {"datetime": "2021-09-23 10:51:39", "elapsed": 36.146009, "delta": 0.668647}}
{"target": 0.9164671781549015, "params": {"C": 432.33753094019085, "epsilon": 0.1868612070074936, "gamma": 0.06378219463331539, "lamda": 0.14750544637971552}, "datetime": {"datetime": "2021-09-23 10:51:40", "elapsed": 36.682178, "delta": 0.536169}}
{"target": 0.9178770601018589, "params": {"C": 540.2950304502342, "epsilon": 0.11483678385878851, "gamma": 0.06450234676994522, "lamda": 0.14495361452143773}, "datetime": {"datetime": "2021-09-23 10:51:41", "elapsed": 37.252177, "delta": 0.569999}}
{"target": 0.9147916607535227, "params": {"C": 445.4148925109087, "epsilon": 0.26714362548987086, "gamma": 0.0736359987299476, "lamda": 0.15533153730099253}, "datetime": {"datetime": "2021-09-23 10:51:41", "elapsed": 37.768775, "delta": 0.516598}}
{"target": 0.9171096184476751, "params": {"C": 567.2365807413822, "epsilon": 0.21722557419113125, "gamma": 0.06012023122568446, "lamda": 0.06590558344112482}, "datetime": {"datetime": "2021-09-23 10:51:42", "elapsed": 38.336084, "delta": 0.567309}}
{"target": 0.9137998815947679, "params": {"C": 528.9079262964711, "epsilon": 0.10120601256313803, "gamma": 0.08916870698740781, "lamda": 0.15312304357027767}, "datetime": {"datetime": "2021-09-23 10:51:42", "elapsed": 38.859341, "delta": 0.523257}}
{"target": 0.9159824845436461, "params": {"C": 494.7234510711561, "epsilon": 0.18191239028073486, "gamma": 0.08008594010831468, "lamda": 0.16937060564784354}, "datetime": {"datetime": "2021-09-23 10:51:43", "elapsed": 39.45681, "delta": 0.597469}}
{"target": 0.9175676941115476, "params": {"C": 540.267939712018, "epsilon": 0.1319338199813951, "gamma": 0.0751215840725615, "lamda": 0.1413266591654164}, "datetime": {"datetime": "2021-09-23 10:51:43", "elapsed": 40.065717, "delta": 0.608907}}
{"target": 0.9160321275837406, "params": {"C": 584.6884321596448, "epsilon": 0.3272218116438938, "gamma": 0.08201245237192663, "lamda": 0.05864484279854307}, "datetime": {"datetime": "2021-09-23 10:51:44", "elapsed": 40.644726, "delta": 0.579009}}
{"target": 0.9171834334512912, "params": {"C": 480.5409555720977, "epsilon": 0.19749341892851216, "gamma": 0.0635429153030075, "lamda": 0.12136167494535793}, "datetime": {"datetime": "2021-09-23 10:51:44", "elapsed": 41.222999, "delta": 0.578273}}
{"target": 0.917932126389427, "params": {"C": 540.3296993577661, "epsilon": 0.11525444962100284, "gamma": 0.06471083917755088, "lamda": 0.16752327655680627}, "datetime": {"datetime": "2021-09-23 10:51:45", "elapsed": 41.78362, "delta": 0.560621}}
{"target": 0.9160183976637756, "params": {"C": 540.3252476642397, "epsilon": 0.07318099058173826, "gamma": 0.07385633652030213, "lamda": 0.1502664125775583}, "datetime": {"datetime": "2021-09-23 10:51:46", "elapsed": 42.448752, "delta": 0.665132}}
{"target": 0.9179772398361229, "params": {"C": 549.3397008783439, "epsilon": 0.20747401783612418, "gamma": 0.06504618017993473, "lamda": 0.08664892935813681}, "datetime": {"datetime": "2021-09-23 10:51:46", "elapsed": 42.975922, "delta": 0.52717}}
{"target": 0.915915350994507, "params": {"C": 492.6034286777906, "epsilon": 0.1890080826196146, "gamma": 0.0842340445286891, "lamda": 0.11631709188687399}, "datetime": {"datetime": "2021-09-23 10:51:47", "elapsed": 43.55838, "delta": 0.582458}}
{"target": 0.9141321425612705, "params": {"C": 515.3239133966359, "epsilon": 0.16137374928461967, "gamma": 0.08995115965647808, "lamda": 0.11791014370437124}, "datetime": {"datetime": "2021-09-23 10:51:48", "elapsed": 44.272869, "delta": 0.714489}}
{"target": 0.9147275776156788, "params": {"C": 548.571797434819, "epsilon": 0.21499698269963613, "gamma": 0.0884777612954677, "lamda": 0.09598901701135464}, "datetime": {"datetime": "2021-09-23 10:51:48", "elapsed": 44.88625, "delta": 0.613381}}
{"target": 0.9146842561377238, "params": {"C": 572.3685708085475, "epsilon": 0.283196792816512, "gamma": 0.08524787369481272, "lamda": 0.12568849313060254}, "datetime": {"datetime": "2021-09-23 10:51:49", "elapsed": 45.460663, "delta": 0.574413}}
{"target": 0.9167235606266186, "params": {"C": 549.3615673178052, "epsilon": 0.23412152287243834, "gamma": 0.06970881050568453, "lamda": 0.12894259864862317}, "datetime": {"datetime": "2021-09-23 10:51:49", "elapsed": 46.069717, "delta": 0.609054}}
{"target": 0.9164405870961456, "params": {"C": 564.8910420776967, "epsilon": 0.323062482242973, "gamma": 0.06455004141590366, "lamda": 0.09481381680545667}, "datetime": {"datetime": "2021-09-23 10:51:50", "elapsed": 46.669463, "delta": 0.599746}}
{"target": 0.9096056698863499, "params": {"C": 528.9657976933187, "epsilon": 0.07479249391340297, "gamma": 0.07456102203764314, "lamda": 0.06104774322413187}, "datetime": {"datetime": "2021-09-23 10:51:51", "elapsed": 47.316465, "delta": 0.647002}}
{"target": 0.9147504023049331, "params": {"C": 405.81914299380867, "epsilon": 0.2123168139041356, "gamma": 0.0872937647470458, "lamda": 0.0800012694152168}, "datetime": {"datetime": "2021-09-23 10:51:51", "elapsed": 47.859122, "delta": 0.542657}}
{"target": 0.9177540047583184, "params": {"C": 540.298567466154, "epsilon": 0.1524718888834756, "gamma": 0.06836271863210858, "lamda": 0.1582518660611666}, "datetime": {"datetime": "2021-09-23 10:51:52", "elapsed": 48.497777, "delta": 0.638655}}
{"target": 0.9171651315713771, "params": {"C": 549.356345905968, "epsilon": 0.18098374384966937, "gamma": 0.06382386637292907, "lamda": 0.07251257238528469}, "datetime": {"datetime": "2021-09-23 10:51:52", "elapsed": 49.206904, "delta": 0.709127}}
{"target": 0.9168252018033619, "params": {"C": 409.9367277903418, "epsilon": 0.2330673643688511, "gamma": 0.06946461645216212, "lamda": 0.11712963336696958}, "datetime": {"datetime": "2021-09-23 10:51:53", "elapsed": 49.781268, "delta": 0.574364}}
{"target": 0.917745302700508, "params": {"C": 494.7352903532567, "epsilon": 0.20021811153935984, "gamma": 0.07155932081089521, "lamda": 0.10379962157283067}, "datetime": {"datetime": "2021-09-23 10:51:54", "elapsed": 50.414413, "delta": 0.633145}}
{"target": 0.9174643606095574, "params": {"C": 494.6031037618776, "epsilon": 0.20361555839787046, "gamma": 0.0652423123056939, "lamda": 0.11796816716240319}, "datetime": {"datetime": "2021-09-23 10:51:54", "elapsed": 51.076414, "delta": 0.662001}}
{"target": 0.9177127269088003, "params": {"C": 584.603374485015, "epsilon": 0.3220384904592451, "gamma": 0.06337896869179216, "lamda": 0.04756269300305102}, "datetime": {"datetime": "2021-09-23 10:51:55", "elapsed": 51.719415, "delta": 0.643001}}
{"target": 0.915121169672007, "params": {"C": 584.6556566259287, "epsilon": 0.33182929863484956, "gamma": 0.06429334018897925, "lamda": 0.11247426449562191}, "datetime": {"datetime": "2021-09-23 10:51:56", "elapsed": 52.3758, "delta": 0.656385}}
{"target": 0.9125955336803943, "params": {"C": 438.94460360856715, "epsilon": 0.1918368526281718, "gamma": 0.08901429863919046, "lamda": 0.0597327421308379}, "datetime": {"datetime": "2021-09-23 10:51:56", "elapsed": 52.962831, "delta": 0.587031}}
{"target": 0.9143004890585317, "params": {"C": 548.5092076929145, "epsilon": 0.15550985855361715, "gamma": 0.08224748970361001, "lamda": 0.0737594536037488}, "datetime": {"datetime": "2021-09-23 10:51:57", "elapsed": 53.702108, "delta": 0.739277}}
{"target": 0.9142332774413444, "params": {"C": 488.58044312010304, "epsilon": 0.3317563707774614, "gamma": 0.0897921953188161, "lamda": 0.09905316628144879}, "datetime": {"datetime": "2021-09-23 10:51:58", "elapsed": 54.35144, "delta": 0.649332}}
{"target": 0.9148037282174507, "params": {"C": 494.6265798740477, "epsilon": 0.2475558370268052, "gamma": 0.08654758708449067, "lamda": 0.06662604131517516}, "datetime": {"datetime": "2021-09-23 10:51:58", "elapsed": 54.939417, "delta": 0.587977}}
{"target": 0.9161205741910112, "params": {"C": 570.1348530507026, "epsilon": 0.13742446476032155, "gamma": 0.07843043412971198, "lamda": 0.09715968539358139}, "datetime": {"datetime": "2021-09-23 10:51:59", "elapsed": 55.565875, "delta": 0.626458}}
{"target": 0.9163951904525833, "params": {"C": 434.9477041133625, "epsilon": 0.15624521954062542, "gamma": 0.06220775792111699, "lamda": 0.10117976161249373}, "datetime": {"datetime": "2021-09-23 10:51:59", "elapsed": 56.216707, "delta": 0.650832}}
{"target": 0.9157978921614475, "params": {"C": 584.6209464102278, "epsilon": 0.3097462518599233, "gamma": 0.08128346767990684, "lamda": 0.05253327055046385}, "datetime": {"datetime": "2021-09-23 10:52:00", "elapsed": 56.945708, "delta": 0.729001}}
{"target": 0.9150547227645858, "params": {"C": 549.3315101847769, "epsilon": 0.1737466213882137, "gamma": 0.08618544026254392, "lamda": 0.10631138304065876}, "datetime": {"datetime": "2021-09-23 10:52:01", "elapsed": 57.724708, "delta": 0.779}}
{"target": 0.9171603491823003, "params": {"C": 494.578951875676, "epsilon": 0.21430984712433107, "gamma": 0.07777416871972226, "lamda": 0.09285318304007838}, "datetime": {"datetime": "2021-09-23 10:52:02", "elapsed": 58.361228, "delta": 0.63652}}
{"target": 0.9168813635400614, "params": {"C": 494.7277572905553, "epsilon": 0.17198803129557094, "gamma": 0.06, "lamda": 0.1226430488234525}, "datetime": {"datetime": "2021-09-23 10:52:02", "elapsed": 59.219198, "delta": 0.85797}}
{"target": 0.9157643982960636, "params": {"C": 461.42665486242805, "epsilon": 0.32491945064163086, "gamma": 0.08471653777172833, "lamda": 0.0735819588423777}, "datetime": {"datetime": "2021-09-23 10:52:03", "elapsed": 59.857624, "delta": 0.638426}}
{"target": 0.9172700573939604, "params": {"C": 584.5708968128807, "epsilon": 0.34, "gamma": 0.06, "lamda": 0.045}, "datetime": {"datetime": "2021-09-23 10:52:04", "elapsed": 60.644086, "delta": 0.786462}}
{"target": 0.9142561017101071, "params": {"C": 488.5531611762721, "epsilon": 0.2854418640007028, "gamma": 0.08597822117479596, "lamda": 0.04851448619679348}, "datetime": {"datetime": "2021-09-23 10:52:05", "elapsed": 61.384087, "delta": 0.740001}}
{"target": 0.9176066004849661, "params": {"C": 530.5955679593233, "epsilon": 0.09364739248342058, "gamma": 0.06755135747836771, "lamda": 0.15337743683145738}, "datetime": {"datetime": "2021-09-23 10:52:05", "elapsed": 62.1647, "delta": 0.780613}}
{"target": 0.9169909937963827, "params": {"C": 530.7188419904955, "epsilon": 0.14879491685957946, "gamma": 0.07860788494094331, "lamda": 0.1521455015105947}, "datetime": {"datetime": "2021-09-23 10:52:06", "elapsed": 62.844675, "delta": 0.679975}}
{"target": 0.9165204632041495, "params": {"C": 448.05569795794037, "epsilon": 0.2916472924040877, "gamma": 0.0758867600938057, "lamda": 0.05215315139447145}, "datetime": {"datetime": "2021-09-23 10:52:07", "elapsed": 63.572259, "delta": 0.727584}}
{"target": 0.9166093899960109, "params": {"C": 483.7983022386483, "epsilon": 0.3391132370436084, "gamma": 0.08002226271595075, "lamda": 0.057738568989269115}, "datetime": {"datetime": "2021-09-23 10:52:08", "elapsed": 64.238699, "delta": 0.66644}}
{"target": 0.916718777458721, "params": {"C": 530.738008434995, "epsilon": 0.11993206236172656, "gamma": 0.08020939556374303, "lamda": 0.16836422944944607}, "datetime": {"datetime": "2021-09-23 10:52:08", "elapsed": 64.938643, "delta": 0.699944}}
{"target": 0.9126838934681516, "params": {"C": 492.44006654452915, "epsilon": 0.3212908810507836, "gamma": 0.06223943947603919, "lamda": 0.14779992931376235}, "datetime": {"datetime": "2021-09-23 10:52:09", "elapsed": 65.606615, "delta": 0.667972}}
{"target": 0.9157915148989468, "params": {"C": 549.322029133345, "epsilon": 0.2037739968623799, "gamma": 0.07269725372494765, "lamda": 0.05109767691283097}, "datetime": {"datetime": "2021-09-23 10:52:10", "elapsed": 66.500269, "delta": 0.893654}}
{"target": 0.9176766151120279, "params": {"C": 549.3907755734291, "epsilon": 0.22247848910678397, "gamma": 0.07150145976867565, "lamda": 0.07096597894520817}, "datetime": {"datetime": "2021-09-23 10:52:11", "elapsed": 67.404265, "delta": 0.903996}}
{"target": 0.9153150122413116, "params": {"C": 530.5589282280873, "epsilon": 0.14772980763086058, "gamma": 0.08584828910092691, "lamda": 0.13343020811507883}, "datetime": {"datetime": "2021-09-23 10:52:11", "elapsed": 68.187266, "delta": 0.783001}}
{"target": 0.9152190368505201, "params": {"C": 506.69783722394186, "epsilon": 0.2484496009046539, "gamma": 0.07812203136151498, "lamda": 0.04664666068330035}, "datetime": {"datetime": "2021-09-23 10:52:12", "elapsed": 68.885273, "delta": 0.698007}}
{"target": 0.9166961321090822, "params": {"C": 480.5169794944181, "epsilon": 0.17336292053710106, "gamma": 0.06535314221382978, "lamda": 0.1683007895063089}, "datetime": {"datetime": "2021-09-23 10:52:13", "elapsed": 69.639269, "delta": 0.753996}}
{"target": 0.9170197379280453, "params": {"C": 494.3289804572919, "epsilon": 0.13424208869778595, "gamma": 0.07685753884640388, "lamda": 0.12528432155723557}, "datetime": {"datetime": "2021-09-23 10:52:14", "elapsed": 70.362274, "delta": 0.723005}}
{"target": 0.9150291503893226, "params": {"C": 437.43759015964554, "epsilon": 0.16531120592639106, "gamma": 0.07686570364571885, "lamda": 0.05840838369299452}, "datetime": {"datetime": "2021-09-23 10:52:14", "elapsed": 71.125269, "delta": 0.762995}}
{"target": 0.9121875545100809, "params": {"C": 558.2392675788481, "epsilon": 0.33879594730023377, "gamma": 0.08824750416533125, "lamda": 0.1519371998788339}, "datetime": {"datetime": "2021-09-23 10:52:15", "elapsed": 71.813274, "delta": 0.688005}}
{"target": 0.9160128476416673, "params": {"C": 540.3263595132495, "epsilon": 0.13381799228817637, "gamma": 0.08302303975824481, "lamda": 0.14500468740691655}, "datetime": {"datetime": "2021-09-23 10:52:16", "elapsed": 72.632267, "delta": 0.818993}}
{"target": 0.9178891616694453, "params": {"C": 559.9499187328838, "epsilon": 0.13110635180720298, "gamma": 0.07087060485911369, "lamda": 0.16873920077063093}, "datetime": {"datetime": "2021-09-23 10:52:17", "elapsed": 73.307265, "delta": 0.674998}}
{"target": 0.9155890006413772, "params": {"C": 413.3466163725636, "epsilon": 0.10602029383296885, "gamma": 0.07941628138173781, "lamda": 0.11710922400051037}, "datetime": {"datetime": "2021-09-23 10:52:17", "elapsed": 74.040272, "delta": 0.733007}}
{"target": 0.9164092323230852, "params": {"C": 447.490990460804, "epsilon": 0.2988450336538654, "gamma": 0.06467658372497163, "lamda": 0.045592022590554684}, "datetime": {"datetime": "2021-09-23 10:52:18", "elapsed": 74.758943, "delta": 0.718671}}
{"target": 0.916938838781804, "params": {"C": 549.440506728239, "epsilon": 0.20269917996173015, "gamma": 0.06584653907820598, "lamda": 0.06065703205831448}, "datetime": {"datetime": "2021-09-23 10:52:19", "elapsed": 75.626949, "delta": 0.868006}}
{"target": 0.915806950623372, "params": {"C": 442.21342759476113, "epsilon": 0.2519351839899737, "gamma": 0.08442077206096854, "lamda": 0.10482191888948683}, "datetime": {"datetime": "2021-09-23 10:52:20", "elapsed": 76.34334, "delta": 0.716391}}
{"target": 0.9172806499162024, "params": {"C": 515.0256645929062, "epsilon": 0.21272432417171194, "gamma": 0.07687489269687392, "lamda": 0.10302815703607959}, "datetime": {"datetime": "2021-09-23 10:52:20", "elapsed": 77.041327, "delta": 0.697987}}
{"target": 0.9180418835066841, "params": {"C": 559.9059803378776, "epsilon": 0.14460474256800393, "gamma": 0.06444528810021662, "lamda": 0.12231661246798484}, "datetime": {"datetime": "2021-09-23 10:52:21", "elapsed": 77.813326, "delta": 0.771999}}
{"target": 0.9159255137686577, "params": {"C": 559.9065895851766, "epsilon": 0.10869042279535063, "gamma": 0.0792586980013544, "lamda": 0.12183614938106355}, "datetime": {"datetime": "2021-09-23 10:52:22", "elapsed": 78.650158, "delta": 0.836832}}
{"target": 0.9165887542807644, "params": {"C": 494.725356780071, "epsilon": 0.20285753731183676, "gamma": 0.07511207557721451, "lamda": 0.06767005205726705}, "datetime": {"datetime": "2021-09-23 10:52:23", "elapsed": 79.53215, "delta": 0.881992}}
{"target": 0.916843572812903, "params": {"C": 531.0759625597434, "epsilon": 0.10268626410621573, "gamma": 0.07653707878752142, "lamda": 0.1444233472189922}, "datetime": {"datetime": "2021-09-23 10:52:24", "elapsed": 80.264011, "delta": 0.731861}}
{"target": 0.9179366269440514, "params": {"C": 524.4781072171204, "epsilon": 0.1706779042429889, "gamma": 0.06921576743794787, "lamda": 0.10405396963886623}, "datetime": {"datetime": "2021-09-23 10:52:24", "elapsed": 80.964014, "delta": 0.700003}}
{"target": 0.9143640141830965, "params": {"C": 549.3526025858439, "epsilon": 0.24042996751893445, "gamma": 0.08709540056040327, "lamda": 0.06744661886698389}, "datetime": {"datetime": "2021-09-23 10:52:25", "elapsed": 81.798008, "delta": 0.833994}}
{"target": 0.9100985333262966, "params": {"C": 530.3431357922553, "epsilon": 0.1057617210292221, "gamma": 0.07987995124216268, "lamda": 0.05730264926412898}, "datetime": {"datetime": "2021-09-23 10:52:26", "elapsed": 82.668752, "delta": 0.870744}}
{"target": 0.9158062351161139, "params": {"C": 559.945627687031, "epsilon": 0.1785709086782508, "gamma": 0.08408543174003819, "lamda": 0.11247048668006553}, "datetime": {"datetime": "2021-09-23 10:52:27", "elapsed": 83.534499, "delta": 0.865747}}
{"target": 0.9173705753963141, "params": {"C": 524.4974574017456, "epsilon": 0.18301337685379176, "gamma": 0.07325696821166207, "lamda": 0.0842036764507223}, "datetime": {"datetime": "2021-09-23 10:52:28", "elapsed": 84.382271, "delta": 0.847772}}
{"target": 0.9156286984931447, "params": {"C": 515.0876398046674, "epsilon": 0.2128311260596639, "gamma": 0.075523685539604, "lamda": 0.05204540324647988}, "datetime": {"datetime": "2021-09-23 10:52:28", "elapsed": 85.155728, "delta": 0.773457}}
{"target": 0.9173683913018635, "params": {"C": 503.53295945605635, "epsilon": 0.10351746271327036, "gamma": 0.07262514309975282, "lamda": 0.1491285402429518}, "datetime": {"datetime": "2021-09-23 10:52:29", "elapsed": 86.003327, "delta": 0.847599}}
{"target": 0.9164415172429536, "params": {"C": 599.9365675141403, "epsilon": 0.3236769189731661, "gamma": 0.08084793708700755, "lamda": 0.07836113936623675}, "datetime": {"datetime": "2021-09-23 10:52:30", "elapsed": 86.780901, "delta": 0.777574}}
{"target": 0.915542542824615, "params": {"C": 471.70095406456403, "epsilon": 0.33182866398113015, "gamma": 0.07837378124831076, "lamda": 0.10655246567493233}, "datetime": {"datetime": "2021-09-23 10:52:31", "elapsed": 87.515898, "delta": 0.734997}}
{"target": 0.9141267840884932, "params": {"C": 464.64352460661576, "epsilon": 0.11174812423367438, "gamma": 0.08211947031598804, "lamda": 0.09137109877983397}, "datetime": {"datetime": "2021-09-23 10:52:32", "elapsed": 88.290025, "delta": 0.774127}}
{"target": 0.915169731350439, "params": {"C": 559.9805786581744, "epsilon": 0.10803158727317902, "gamma": 0.08550428224686049, "lamda": 0.16730935780708042}, "datetime": {"datetime": "2021-09-23 10:52:32", "elapsed": 89.212206, "delta": 0.922181}}
{"target": 0.9165329166590872, "params": {"C": 540.2543630260942, "epsilon": 0.09630265610194935, "gamma": 0.06434892719911668, "lamda": 0.11002877389381845}, "datetime": {"datetime": "2021-09-23 10:52:33", "elapsed": 90.144149, "delta": 0.931943}}
{"target": 0.915018260200399, "params": {"C": 524.4583374221371, "epsilon": 0.2014734928529956, "gamma": 0.08820106142241804, "lamda": 0.12205084767628469}, "datetime": {"datetime": "2021-09-23 10:52:34", "elapsed": 91.228233, "delta": 1.084084}}
{"target": 0.9165228065918116, "params": {"C": 487.0879749868057, "epsilon": 0.3061529098754107, "gamma": 0.0729323289351172, "lamda": 0.1019197892483202}, "datetime": {"datetime": "2021-09-23 10:52:35", "elapsed": 92.072847, "delta": 0.844614}}
{"target": 0.9153337513049677, "params": {"C": 451.5427691653845, "epsilon": 0.24783398579879026, "gamma": 0.08079502353295429, "lamda": 0.14069654691220562}, "datetime": {"datetime": "2021-09-23 10:52:36", "elapsed": 92.887591, "delta": 0.814744}}
