{"target": -2.072319566358247, "params": {"C": 342.8920334652311, "epsilon": 0.6291917669745072, "gamma": 0.04673521460717415, "lamda": 0.13244447955369848}, "datetime": {"datetime": "2021-09-23 14:29:22", "elapsed": 14.674907, "delta": 0.441022}}
{"target": -1.947089986529174, "params": {"C": 300.0754940245177, "epsilon": 0.39651198138236965, "gamma": 0.030118692861417093, "lamda": 0.017277369134879827}, "datetime": {"datetime": "2021-09-23 14:29:22", "elapsed": 15.243902, "delta": 0.568995}}
{"target": -2.085401772126842, "params": {"C": 267.3003552346679, "epsilon": 0.5069102817165249, "gamma": 0.03011822124817196, "lamda": 0.12239141520718927}, "datetime": {"datetime": "2021-09-23 14:29:23", "elapsed": 15.735237, "delta": 0.491335}}
{"target": -1.963538382312357, "params": {"C": 282.71584373235436, "epsilon": 0.20668598045160957, "gamma": 0.03692415887617266, "lamda": 0.018671011154753055}, "datetime": {"datetime": "2021-09-23 14:29:24", "elapsed": 16.412238, "delta": 0.677001}}
{"target": -1.9890045979922049, "params": {"C": 354.93537963619724, "epsilon": 0.5314503189206546, "gamma": 0.046223596456305624, "lamda": 0.06191450953500922}, "datetime": {"datetime": "2021-09-23 14:29:24", "elapsed": 16.945237, "delta": 0.532999}}
{"target": -2.1599760190310384, "params": {"C": 314.729518146186, "epsilon": 0.6756048177603097, "gamma": 0.03652672950126326, "lamda": 0.19336873239807195}, "datetime": {"datetime": "2021-09-23 14:29:25", "elapsed": 17.441227, "delta": 0.49599}}
{"target": -2.1257303004976165, "params": {"C": 262.7246861333838, "epsilon": 0.5458288567829831, "gamma": 0.03606856706442492, "lamda": 0.19402632244020301}, "datetime": {"datetime": "2021-09-23 14:29:25", "elapsed": 17.939233, "delta": 0.498006}}
{"target": -1.9265474140058425, "params": {"C": 316.77615437673165, "epsilon": 0.0785759826605933, "gamma": 0.04608468175465845, "lamda": 0.1551437456575091}, "datetime": {"datetime": "2021-09-23 14:29:26", "elapsed": 18.45423, "delta": 0.514997}}
{"target": -1.9991994283834793, "params": {"C": 292.44555192922485, "epsilon": 0.1284481636836886, "gamma": 0.03543960856380419, "lamda": 0.015}, "datetime": {"datetime": "2021-09-23 14:29:27", "elapsed": 19.329227, "delta": 0.874997}}
{"target": -1.9431484911910153, "params": {"C": 349.7001488381677, "epsilon": 0.08109376892593559, "gamma": 0.046272646898415246, "lamda": 0.18117252712167364}, "datetime": {"datetime": "2021-09-23 14:29:27", "elapsed": 19.865132, "delta": 0.535905}}
{"target": -1.982916768266013, "params": {"C": 349.8167543234591, "epsilon": 0.297363603219841, "gamma": 0.03139624857354163, "lamda": 0.08848370845772596}, "datetime": {"datetime": "2021-09-23 14:29:28", "elapsed": 20.452133, "delta": 0.587001}}
{"target": -1.9869918742291086, "params": {"C": 281.51527219243576, "epsilon": 0.64075344557202, "gamma": 0.04852832355541112, "lamda": 0.057928152894080716}, "datetime": {"datetime": "2021-09-23 14:29:28", "elapsed": 20.963134, "delta": 0.511001}}
{"target": -2.052338988135518, "params": {"C": 316.60316073862623, "epsilon": 0.2569938833021266, "gamma": 0.03383664352893134, "lamda": 0.19829718585509754}, "datetime": {"datetime": "2021-09-23 14:29:29", "elapsed": 21.749721, "delta": 0.786587}}
{"target": -1.940213365837543, "params": {"C": 349.6894298946503, "epsilon": 0.0967420897252899, "gamma": 0.04285152792842721, "lamda": 0.16435226672291448}, "datetime": {"datetime": "2021-09-23 14:29:29", "elapsed": 22.252722, "delta": 0.503001}}
{"target": -2.0105149838280334, "params": {"C": 349.47474984087034, "epsilon": 0.16717236833783528, "gamma": 0.0329746428571473, "lamda": 0.19819163419911623}, "datetime": {"datetime": "2021-09-23 14:29:30", "elapsed": 23.176721, "delta": 0.923999}}
{"target": -2.0116264289008963, "params": {"C": 378.25412253313476, "epsilon": 0.5804343011050528, "gamma": 0.045198141787111, "lamda": 0.06760600745035215}, "datetime": {"datetime": "2021-09-23 14:29:31", "elapsed": 23.68405, "delta": 0.507329}}
{"target": -1.9257165969043113, "params": {"C": 265.9237835923713, "epsilon": 0.20002402279848341, "gamma": 0.039084009595696474, "lamda": 0.0438562798053159}, "datetime": {"datetime": "2021-09-23 14:29:32", "elapsed": 24.406921, "delta": 0.722871}}
{"target": -1.9793527761511762, "params": {"C": 329.7796419582696, "epsilon": 0.21604998606851825, "gamma": 0.045703134500437594, "lamda": 0.13794229697826535}, "datetime": {"datetime": "2021-09-23 14:29:32", "elapsed": 24.933917, "delta": 0.526996}}
{"target": -1.963468514518802, "params": {"C": 265.83373440303444, "epsilon": 0.0467316633814953, "gamma": 0.04840731319209478, "lamda": 0.1325282617937936}, "datetime": {"datetime": "2021-09-23 14:29:33", "elapsed": 25.646236, "delta": 0.712319}}
{"target": -2.008505948121916, "params": {"C": 265.7561552452222, "epsilon": 0.38259426855396717, "gamma": 0.04785082153388591, "lamda": 0.12069741861974817}, "datetime": {"datetime": "2021-09-23 14:29:34", "elapsed": 26.437238, "delta": 0.791002}}
{"target": -1.9146166803087736, "params": {"C": 263.02526355333805, "epsilon": 0.13017434090699895, "gamma": 0.04297675212119682, "lamda": 0.10481971842216636}, "datetime": {"datetime": "2021-09-23 14:29:34", "elapsed": 27.121233, "delta": 0.683995}}
{"target": -1.9386612107520278, "params": {"C": 263.17907910311123, "epsilon": 0.07587484983709392, "gamma": 0.04303835926040538, "lamda": 0.08299489973614689}, "datetime": {"datetime": "2021-09-23 14:29:35", "elapsed": 27.825937, "delta": 0.704704}}
{"target": -1.9365995722326883, "params": {"C": 268.86076054205796, "epsilon": 0.1284262857710506, "gamma": 0.033185330278179805, "lamda": 0.1311259619218329}, "datetime": {"datetime": "2021-09-23 14:29:36", "elapsed": 28.524938, "delta": 0.699001}}
{"target": -1.935636317121066, "params": {"C": 269.0637998346459, "epsilon": 0.12607898726762834, "gamma": 0.03643913896662922, "lamda": 0.15598999302533006}, "datetime": {"datetime": "2021-09-23 14:29:36", "elapsed": 29.211936, "delta": 0.686998}}
{"target": -1.9283951305176266, "params": {"C": 316.68763147671143, "epsilon": 0.05747960373444873, "gamma": 0.03790630402744706, "lamda": 0.14119754846281768}, "datetime": {"datetime": "2021-09-23 14:29:37", "elapsed": 29.75096, "delta": 0.539024}}
{"target": -2.0199445496115267, "params": {"C": 349.62906173601, "epsilon": 0.05572422605166455, "gamma": 0.03, "lamda": 0.015}, "datetime": {"datetime": "2021-09-23 14:29:38", "elapsed": 30.637962, "delta": 0.887002}}
{"target": -1.922722610832784, "params": {"C": 349.60461335877744, "epsilon": 0.4008594567888544, "gamma": 0.0350953182524056, "lamda": 0.021501637168598847}, "datetime": {"datetime": "2021-09-23 14:29:39", "elapsed": 31.316962, "delta": 0.679}}
{"target": -1.9264664249141372, "params": {"C": 263.0880285196298, "epsilon": 0.06523068451481301, "gamma": 0.038788841706324406, "lamda": 0.19394120341614185}, "datetime": {"datetime": "2021-09-23 14:29:39", "elapsed": 32.105646, "delta": 0.788684}}
{"target": -1.9773637389071679, "params": {"C": 263.0981428457939, "epsilon": 0.2211133259856003, "gamma": 0.04160467936845635, "lamda": 0.1515671549448513}, "datetime": {"datetime": "2021-09-23 14:29:40", "elapsed": 32.633642, "delta": 0.527996}}
{"target": -2.031149898406756, "params": {"C": 269.0254628575851, "epsilon": 0.2942022228231582, "gamma": 0.03843243463198632, "lamda": 0.16988818645484727}, "datetime": {"datetime": "2021-09-23 14:29:40", "elapsed": 33.196644, "delta": 0.563002}}
{"target": -2.1057431561093662, "params": {"C": 292.60863721713963, "epsilon": 0.5935170874675838, "gamma": 0.03352550080050132, "lamda": 0.14176501457571544}, "datetime": {"datetime": "2021-09-23 14:29:41", "elapsed": 33.731462, "delta": 0.534818}}
{"target": -1.930536858722263, "params": {"C": 268.76110434588236, "epsilon": 0.22734834546362281, "gamma": 0.04786931354677715, "lamda": 0.048535001194809704}, "datetime": {"datetime": "2021-09-23 14:29:42", "elapsed": 34.497452, "delta": 0.76599}}
{"target": -1.9945566220792486, "params": {"C": 269.1018004289482, "epsilon": 0.06828426118873082, "gamma": 0.036233263069282894, "lamda": 0.02982718268153648}, "datetime": {"datetime": "2021-09-23 14:29:43", "elapsed": 35.34545, "delta": 0.847998}}
{"target": -2.008745810478874, "params": {"C": 349.48502580189364, "epsilon": 0.4466576718516594, "gamma": 0.03968132191031168, "lamda": 0.08706919374785267}, "datetime": {"datetime": "2021-09-23 14:29:43", "elapsed": 35.949985, "delta": 0.604535}}
{"target": -1.9174231384181777, "params": {"C": 316.7684209445912, "epsilon": 0.06790832101621619, "gamma": 0.0441472967975151, "lamda": 0.15359908362693547}, "datetime": {"datetime": "2021-09-23 14:29:44", "elapsed": 36.549982, "delta": 0.599997}}
{"target": -1.9512891947958295, "params": {"C": 366.90087115772974, "epsilon": 0.33643168315639305, "gamma": 0.04621747277399402, "lamda": 0.05793163801596529}, "datetime": {"datetime": "2021-09-23 14:29:44", "elapsed": 37.123979, "delta": 0.573997}}
{"target": -2.0145659680675587, "params": {"C": 378.4230049956775, "epsilon": 0.2093845854024448, "gamma": 0.04853062592695204, "lamda": 0.1819647536225643}, "datetime": {"datetime": "2021-09-23 14:29:45", "elapsed": 37.679724, "delta": 0.555745}}
{"target": -1.9491327657312152, "params": {"C": 268.793120415834, "epsilon": 0.41010127004153574, "gamma": 0.035560991929305126, "lamda": 0.05941890733315755}, "datetime": {"datetime": "2021-09-23 14:29:46", "elapsed": 38.370724, "delta": 0.691}}
{"target": -2.054545284820791, "params": {"C": 319.02109164130513, "epsilon": 0.6170908365157683, "gamma": 0.04681688592699808, "lamda": 0.11405066282982751}, "datetime": {"datetime": "2021-09-23 14:29:46", "elapsed": 38.904725, "delta": 0.534001}}
{"target": -1.953918425107612, "params": {"C": 262.9660143936582, "epsilon": 0.12107031289454795, "gamma": 0.04127274766629339, "lamda": 0.1970487245905183}, "datetime": {"datetime": "2021-09-23 14:29:47", "elapsed": 39.603577, "delta": 0.698852}}
{"target": -2.0141610133488115, "params": {"C": 262.98263358812966, "epsilon": 0.03353994532462654, "gamma": 0.04900518114574949, "lamda": 0.03165614303961266}, "datetime": {"datetime": "2021-09-23 14:29:48", "elapsed": 40.452572, "delta": 0.848995}}
{"target": -2.030543065042152, "params": {"C": 349.6232256807838, "epsilon": 0.3162986322579203, "gamma": 0.03227189417858055, "lamda": 0.12483090550687542}, "datetime": {"datetime": "2021-09-23 14:29:48", "elapsed": 41.061571, "delta": 0.608999}}
{"target": -1.9377727155575788, "params": {"C": 268.943745133694, "epsilon": 0.03862029280936033, "gamma": 0.04286694524450635, "lamda": 0.17636138475121393}, "datetime": {"datetime": "2021-09-23 14:29:49", "elapsed": 41.813439, "delta": 0.751868}}
{"target": -2.000490121800675, "params": {"C": 268.88548627195917, "epsilon": 0.2083101118319963, "gamma": 0.05, "lamda": 0.015}, "datetime": {"datetime": "2021-09-23 14:29:50", "elapsed": 42.745442, "delta": 0.932003}}
{"target": -1.9554887230722116, "params": {"C": 314.87307425785315, "epsilon": 0.036361827787619885, "gamma": 0.030907971358991884, "lamda": 0.12924753553495918}, "datetime": {"datetime": "2021-09-23 14:29:51", "elapsed": 43.32044, "delta": 0.574998}}
{"target": -1.9195661670791313, "params": {"C": 262.92876953034846, "epsilon": 0.21989497178894965, "gamma": 0.03627624355177444, "lamda": 0.05724065208754488}, "datetime": {"datetime": "2021-09-23 14:29:51", "elapsed": 43.920252, "delta": 0.599812}}
{"target": -2.144588304669284, "params": {"C": 310.92883859654887, "epsilon": 0.5808351731505828, "gamma": 0.0321826217851818, "lamda": 0.18450698884927114}, "datetime": {"datetime": "2021-09-23 14:29:52", "elapsed": 44.444543, "delta": 0.524291}}
{"target": -1.9869537090108256, "params": {"C": 262.76824800341933, "epsilon": 0.1541371891479112, "gamma": 0.030382733144886886, "lamda": 0.01562941471152407}, "datetime": {"datetime": "2021-09-23 14:29:52", "elapsed": 45.239545, "delta": 0.795002}}
{"target": -1.9590910236297845, "params": {"C": 268.66081225405964, "epsilon": 0.20732918413735593, "gamma": 0.04477036468017262, "lamda": 0.1278640839511156}, "datetime": {"datetime": "2021-09-23 14:29:53", "elapsed": 45.858344, "delta": 0.618799}}
{"target": -1.9833597351417789, "params": {"C": 389.7769622105411, "epsilon": 0.7631999921612567, "gamma": 0.03172944279674344, "lamda": 0.0337775532565497}, "datetime": {"datetime": "2021-09-23 14:29:54", "elapsed": 46.39534, "delta": 0.536996}}
{"target": -2.050968639141754, "params": {"C": 320.3801146544648, "epsilon": 0.3606101637789485, "gamma": 0.036258535767421156, "lamda": 0.15068424012760417}, "datetime": {"datetime": "2021-09-23 14:29:54", "elapsed": 46.914341, "delta": 0.519001}}
{"target": -1.9715020553851572, "params": {"C": 264.3592083809971, "epsilon": 0.47706322519171296, "gamma": 0.031788592359490754, "lamda": 0.05497467175140798}, "datetime": {"datetime": "2021-09-23 14:29:55", "elapsed": 47.449647, "delta": 0.535306}}
{"target": -2.0091890121161256, "params": {"C": 268.8050738684225, "epsilon": 0.23801902474176562, "gamma": 0.033632489356866066, "lamda": 0.15542675575804843}, "datetime": {"datetime": "2021-09-23 14:29:55", "elapsed": 48.210135, "delta": 0.760488}}
{"target": -1.974347983078196, "params": {"C": 265.7156902215107, "epsilon": 0.17733424370960502, "gamma": 0.033209049112569895, "lamda": 0.15421661752971838}, "datetime": {"datetime": "2021-09-23 14:29:56", "elapsed": 48.896131, "delta": 0.685996}}
{"target": -1.9644611216584922, "params": {"C": 268.8333517038544, "epsilon": 0.03768283923632673, "gamma": 0.042910264584100674, "lamda": 0.10208074977156376}, "datetime": {"datetime": "2021-09-23 14:29:57", "elapsed": 49.58937, "delta": 0.693239}}
{"target": -2.1146990258807614, "params": {"C": 296.94326167393916, "epsilon": 0.5922244134340762, "gamma": 0.03909066581996507, "lamda": 0.17829067520546898}, "datetime": {"datetime": "2021-09-23 14:29:57", "elapsed": 50.105373, "delta": 0.516003}}
{"target": -1.923673650209017, "params": {"C": 265.8468817809628, "epsilon": 0.14730541826654248, "gamma": 0.038084686937313525, "lamda": 0.06749603110794114}, "datetime": {"datetime": "2021-09-23 14:29:58", "elapsed": 50.946371, "delta": 0.840998}}
{"target": -1.9686024504100563, "params": {"C": 352.6052841976474, "epsilon": 0.11899492471709734, "gamma": 0.04944580465827188, "lamda": 0.17502210448401095}, "datetime": {"datetime": "2021-09-23 14:29:59", "elapsed": 51.47569, "delta": 0.529319}}
{"target": -1.9966804278668449, "params": {"C": 262.8167902538291, "epsilon": 0.2088420633715385, "gamma": 0.03264502186699096, "lamda": 0.1541384444187947}, "datetime": {"datetime": "2021-09-23 14:29:59", "elapsed": 52.161199, "delta": 0.685509}}
{"target": -2.0136321730684847, "params": {"C": 292.16795571831716, "epsilon": 0.059130093320360254, "gamma": 0.03, "lamda": 0.015}, "datetime": {"datetime": "2021-09-23 14:30:00", "elapsed": 53.092198, "delta": 0.930999}}
{"target": -1.979263402238723, "params": {"C": 292.2348950388848, "epsilon": 0.28637765586563707, "gamma": 0.046771115742037066, "lamda": 0.015}, "datetime": {"datetime": "2021-09-23 14:30:01", "elapsed": 53.860168, "delta": 0.76797}}
{"target": -1.9185814809923099, "params": {"C": 265.8402647381634, "epsilon": 0.28597746570734783, "gamma": 0.039681397913548674, "lamda": 0.039047751072069196}, "datetime": {"datetime": "2021-09-23 14:30:02", "elapsed": 54.55716, "delta": 0.696992}}
{"target": -1.9374997342822609, "params": {"C": 268.92127644438074, "epsilon": 0.4249843664722125, "gamma": 0.04709036925651221, "lamda": 0.024077027459291644}, "datetime": {"datetime": "2021-09-23 14:30:03", "elapsed": 55.441435, "delta": 0.884275}}
{"target": -1.9897236091361634, "params": {"C": 265.99247791493997, "epsilon": 0.2125521723677641, "gamma": 0.044563048511487874, "lamda": 0.17818120055770603}, "datetime": {"datetime": "2021-09-23 14:30:04", "elapsed": 56.434161, "delta": 0.992726}}
{"target": -2.0022699490881415, "params": {"C": 366.22646725222927, "epsilon": 0.4220555323474652, "gamma": 0.033364120119956486, "lamda": 0.07664041545004248}, "datetime": {"datetime": "2021-09-23 14:30:05", "elapsed": 57.337158, "delta": 0.902997}}
{"target": -1.9803015539465605, "params": {"C": 334.3050367658657, "epsilon": 0.2862516106153796, "gamma": 0.04792599948068766, "lamda": 0.10561019901594534}, "datetime": {"datetime": "2021-09-23 14:30:05", "elapsed": 58.262624, "delta": 0.925466}}
{"target": -1.9342277979282863, "params": {"C": 269.06143267035515, "epsilon": 0.03405770984592093, "gamma": 0.04070884310105442, "lamda": 0.19944597882569226}, "datetime": {"datetime": "2021-09-23 14:30:07", "elapsed": 59.700622, "delta": 1.437998}}
{"target": -1.9219960020059006, "params": {"C": 368.09866109245496, "epsilon": 0.12874291354817025, "gamma": 0.041766905699005825, "lamda": 0.1021719181486551}, "datetime": {"datetime": "2021-09-23 14:30:08", "elapsed": 61.050713, "delta": 1.350091}}
{"target": -2.075903225770048, "params": {"C": 381.57904720569826, "epsilon": 0.6380056684026454, "gamma": 0.04683191579654182, "lamda": 0.13441896983329174}, "datetime": {"datetime": "2021-09-23 14:30:09", "elapsed": 61.592112, "delta": 0.541399}}
{"target": -1.9679250272603213, "params": {"C": 367.96401251685745, "epsilon": 0.12368693672654722, "gamma": 0.043043679602435186, "lamda": 0.03524352692687641}, "datetime": {"datetime": "2021-09-23 14:30:10", "elapsed": 62.349619, "delta": 0.757507}}
{"target": -2.00773852686744, "params": {"C": 368.00215884849194, "epsilon": 0.18534873547684183, "gamma": 0.04557812893401455, "lamda": 0.19418974114829324}, "datetime": {"datetime": "2021-09-23 14:30:11", "elapsed": 63.371621, "delta": 1.022002}}
{"target": -1.954018529257477, "params": {"C": 368.2187334640608, "epsilon": 0.06419803972604526, "gamma": 0.04108428838141385, "lamda": 0.07221305207831363}, "datetime": {"datetime": "2021-09-23 14:30:12", "elapsed": 64.302068, "delta": 0.930447}}
{"target": -1.964646037301202, "params": {"C": 270.5460953292058, "epsilon": 0.43586646928216444, "gamma": 0.0481958431646972, "lamda": 0.06680187873452087}, "datetime": {"datetime": "2021-09-23 14:30:12", "elapsed": 64.914613, "delta": 0.612545}}
{"target": -1.9150295278067884, "params": {"C": 368.186607769539, "epsilon": 0.24177579938641297, "gamma": 0.04274363892663243, "lamda": 0.039113678818675196}, "datetime": {"datetime": "2021-09-23 14:30:13", "elapsed": 65.780837, "delta": 0.866224}}
{"target": -1.9786167443132279, "params": {"C": 368.2540141692815, "epsilon": 0.18565498262289973, "gamma": 0.046565724070378525, "lamda": 0.1457322182956779}, "datetime": {"datetime": "2021-09-23 14:30:14", "elapsed": 66.776839, "delta": 0.996002}}
{"target": -2.0561005668935652, "params": {"C": 273.2911518602279, "epsilon": 0.4950439650519086, "gamma": 0.03630974430144142, "lamda": 0.12175185738311498}, "datetime": {"datetime": "2021-09-23 14:30:15", "elapsed": 67.473465, "delta": 0.696626}}
{"target": -2.0249534923956523, "params": {"C": 368.115201879706, "epsilon": 0.3492993123123176, "gamma": 0.038726774085258195, "lamda": 0.12175282638626422}, "datetime": {"datetime": "2021-09-23 14:30:16", "elapsed": 68.343512, "delta": 0.870047}}
{"target": -1.9767738115357416, "params": {"C": 368.1266944050567, "epsilon": 0.20006040077035384, "gamma": 0.043203996068961414, "lamda": 0.019803065516829005}, "datetime": {"datetime": "2021-09-23 14:30:16", "elapsed": 69.193508, "delta": 0.849996}}
{"target": -1.955334394645013, "params": {"C": 368.09571223029036, "epsilon": 0.030664456840860763, "gamma": 0.04144171496173935, "lamda": 0.18972118254832837}, "datetime": {"datetime": "2021-09-23 14:30:17", "elapsed": 70.044495, "delta": 0.850987}}
{"target": -1.9591249217868807, "params": {"C": 265.8681647056843, "epsilon": 0.23475771673781126, "gamma": 0.03629637431926024, "lamda": 0.11278817164089863}, "datetime": {"datetime": "2021-09-23 14:30:18", "elapsed": 70.98549, "delta": 0.940995}}
{"target": -1.9324770855023203, "params": {"C": 292.62973573904475, "epsilon": 0.3774606537914529, "gamma": 0.049342865759460314, "lamda": 0.036804458353640095}, "datetime": {"datetime": "2021-09-23 14:30:19", "elapsed": 71.730651, "delta": 0.745161}}
{"target": -1.9225232433618096, "params": {"C": 268.68803526907334, "epsilon": 0.2940251388700641, "gamma": 0.040590622399766636, "lamda": 0.03301469132034765}, "datetime": {"datetime": "2021-09-23 14:30:20", "elapsed": 72.77565, "delta": 1.044999}}
{"target": -1.931713313865614, "params": {"C": 368.27610540872433, "epsilon": 0.3566306610501979, "gamma": 0.03293428094726418, "lamda": 0.015663388708354476}, "datetime": {"datetime": "2021-09-23 14:30:21", "elapsed": 73.807312, "delta": 1.031662}}
{"target": -1.9643883527898687, "params": {"C": 329.7510532493651, "epsilon": 0.536362942632, "gamma": 0.047698391389660456, "lamda": 0.04700654114645924}, "datetime": {"datetime": "2021-09-23 14:30:22", "elapsed": 74.516724, "delta": 0.709412}}
{"target": -1.9529188947156333, "params": {"C": 380.08990203380176, "epsilon": 0.2222845846868429, "gamma": 0.04228695608647466, "lamda": 0.09219633438250045}, "datetime": {"datetime": "2021-09-23 14:30:22", "elapsed": 75.253724, "delta": 0.737}}
{"target": -1.9813998240284887, "params": {"C": 289.965136075575, "epsilon": 0.27595858906030213, "gamma": 0.03147183861407799, "lamda": 0.09814604718649073}, "datetime": {"datetime": "2021-09-23 14:30:23", "elapsed": 75.974697, "delta": 0.720973}}
{"target": -1.9346920334793936, "params": {"C": 292.6074052482566, "epsilon": 0.2529047193587256, "gamma": 0.03155132747584183, "lamda": 0.05783827939375905}, "datetime": {"datetime": "2021-09-23 14:30:24", "elapsed": 76.825699, "delta": 0.851002}}
{"target": -1.9413520737818348, "params": {"C": 292.7409227919141, "epsilon": 0.23290751398434859, "gamma": 0.04205203902857783, "lamda": 0.024209580287117765}, "datetime": {"datetime": "2021-09-23 14:30:25", "elapsed": 77.770227, "delta": 0.944528}}
