{"target": -1.9551202908526417, "params": {"C": 231.16932245170506, "epsilon": 0.269321426727373, "gamma": 0.030104742561002783, "lamda": 0.04927541063611584}, "datetime": {"datetime": "2021-09-23 14:00:56", "elapsed": 102.168675, "delta": 1.153017}}
{"target": -1.9501191876213382, "params": {"C": 268.91825848539236, "epsilon": 0.16896215870476633, "gamma": 0.029840339660588255, "lamda": 0.04003232858675805}, "datetime": {"datetime": "2021-09-23 14:00:57", "elapsed": 103.197077, "delta": 1.028402}}
{"target": -1.9458939233143364, "params": {"C": 269.05931605419266, "epsilon": 0.19359021244634902, "gamma": 0.03110634722174723, "lamda": 0.09969532051035501}, "datetime": {"datetime": "2021-09-23 14:00:58", "elapsed": 104.106341, "delta": 0.909264}}
{"target": -2.0723074340024996, "params": {"C": 358.04277200587825, "epsilon": 0.20426626256128252, "gamma": 0.03449413981215159, "lamda": 0.29712537775703846}, "datetime": {"datetime": "2021-09-23 14:00:59", "elapsed": 105.148959, "delta": 1.042618}}
{"target": -1.9420983968420042, "params": {"C": 204.4583600093523, "epsilon": 0.13272454167179998, "gamma": 0.045888375175650406, "lamda": 0.17940903072116365}, "datetime": {"datetime": "2021-09-23 14:01:00", "elapsed": 106.092249, "delta": 0.94329}}
{"target": -1.9970925356257976, "params": {"C": 240.22865667322327, "epsilon": 0.6826321330128754, "gamma": 0.026235444966628843, "lamda": 0.016349811506464685}, "datetime": {"datetime": "2021-09-23 14:01:01", "elapsed": 107.109246, "delta": 1.016997}}
{"target": -2.0206344953538284, "params": {"C": 349.8743727312558, "epsilon": 0.05233139232537175, "gamma": 0.021162803649049926, "lamda": 0.20962065983996914}, "datetime": {"datetime": "2021-09-23 14:01:02", "elapsed": 108.344422, "delta": 1.235176}}
{"target": -2.077902719369604, "params": {"C": 234.69978128974975, "epsilon": 0.5488521913788138, "gamma": 0.05256102941462472, "lamda": 0.15139397506802998}, "datetime": {"datetime": "2021-09-23 14:01:03", "elapsed": 109.344472, "delta": 1.00005}}
{"target": -2.0517523976099095, "params": {"C": 310.9792676687589, "epsilon": 0.4370286281934007, "gamma": 0.04249985692916522, "lamda": 0.14730419804226147}, "datetime": {"datetime": "2021-09-23 14:01:04", "elapsed": 110.199575, "delta": 0.855103}}
{"target": -1.9995928271226897, "params": {"C": 268.91421708424457, "epsilon": 0.03690833810178569, "gamma": 0.023388462264050575, "lamda": 0.11093947715714512}, "datetime": {"datetime": "2021-09-23 14:01:05", "elapsed": 111.290837, "delta": 1.091262}}
{"target": -1.9297067920893334, "params": {"C": 204.38703281386546, "epsilon": 0.09449475925039823, "gamma": 0.04165762442380731, "lamda": 0.11669272834673253}, "datetime": {"datetime": "2021-09-23 14:01:06", "elapsed": 112.169505, "delta": 0.878668}}
{"target": -1.926450355011858, "params": {"C": 240.72155231370428, "epsilon": 0.6959594661471695, "gamma": 0.048692809508042015, "lamda": 0.022747986591157267}, "datetime": {"datetime": "2021-09-23 14:01:07", "elapsed": 113.192791, "delta": 1.023286}}
{"target": -1.9837532877361481, "params": {"C": 327.7938655387788, "epsilon": 0.12321638282143002, "gamma": 0.04204943838336189, "lamda": 0.24168523165930217}, "datetime": {"datetime": "2021-09-23 14:01:08", "elapsed": 114.056752, "delta": 0.863961}}
{"target": -1.9687639548137923, "params": {"C": 231.16098752341077, "epsilon": 0.27668262387518217, "gamma": 0.05179428409355245, "lamda": 0.11459252519550421}, "datetime": {"datetime": "2021-09-23 14:01:09", "elapsed": 115.138984, "delta": 1.082232}}
{"target": -1.959186221017361, "params": {"C": 240.7865650730104, "epsilon": 0.7623927528756205, "gamma": 0.05235557325274297, "lamda": 0.015606545189503877}, "datetime": {"datetime": "2021-09-23 14:01:10", "elapsed": 116.596135, "delta": 1.457151}}
{"target": -1.994775809194977, "params": {"C": 196.57910824156195, "epsilon": 0.43399539105543716, "gamma": 0.031181719914610828, "lamda": 0.07624766164598694}, "datetime": {"datetime": "2021-09-23 14:01:11", "elapsed": 117.561145, "delta": 0.96501}}
{"target": -2.003228908828317, "params": {"C": 204.4212697603882, "epsilon": 0.08047653384437607, "gamma": 0.05736785109448446, "lamda": 0.028667333667612163}, "datetime": {"datetime": "2021-09-23 14:01:13", "elapsed": 118.704059, "delta": 1.142914}}
{"target": -1.9595457090099264, "params": {"C": 268.9759359187135, "epsilon": 0.13342871487324398, "gamma": 0.05573741366765719, "lamda": 0.12406287594710179}, "datetime": {"datetime": "2021-09-23 14:01:13", "elapsed": 119.674932, "delta": 0.970873}}
{"target": -1.9121111549389886, "params": {"C": 311.04419408108015, "epsilon": 0.43733321135533776, "gamma": 0.040698247386138656, "lamda": 0.031063519401974132}, "datetime": {"datetime": "2021-09-23 14:01:14", "elapsed": 120.562165, "delta": 0.887233}}
{"target": -1.9154087251724339, "params": {"C": 269.12738071627524, "epsilon": 0.1798814162125766, "gamma": 0.039944782119019286, "lamda": 0.06734760898153258}, "datetime": {"datetime": "2021-09-23 14:01:15", "elapsed": 121.652259, "delta": 1.090094}}
{"target": -2.054289609201311, "params": {"C": 399.93354691957563, "epsilon": 0.7534489911456959, "gamma": 0.04779724944934341, "lamda": 0.09106339775501977}, "datetime": {"datetime": "2021-09-23 14:01:16", "elapsed": 122.524256, "delta": 0.871997}}
{"target": -2.1269960142445985, "params": {"C": 265.59147568668607, "epsilon": 0.7766965602424823, "gamma": 0.04449837499774768, "lamda": 0.1553396217388457}, "datetime": {"datetime": "2021-09-23 14:01:17", "elapsed": 123.470706, "delta": 0.94645}}
{"target": -1.9389768580029165, "params": {"C": 258.1979781593118, "epsilon": 0.14905946540714543, "gamma": 0.04949262708798406, "lamda": 0.12072610521802145}, "datetime": {"datetime": "2021-09-23 14:01:18", "elapsed": 124.450153, "delta": 0.979447}}
{"target": -1.9513171026133636, "params": {"C": 268.93107140387764, "epsilon": 0.29913962126667193, "gamma": 0.04688438137952496, "lamda": 0.022466603192566915}, "datetime": {"datetime": "2021-09-23 14:01:19", "elapsed": 125.544172, "delta": 1.094019}}
{"target": -1.9234806691636577, "params": {"C": 311.158379125019, "epsilon": 0.4643158698486831, "gamma": 0.03438728015455925, "lamda": 0.020587605755874053}, "datetime": {"datetime": "2021-09-23 14:01:20", "elapsed": 126.646893, "delta": 1.102721}}
{"target": -1.9707038684745284, "params": {"C": 204.39379908316226, "epsilon": 0.1302017937732453, "gamma": 0.058975976709043074, "lamda": 0.1934430517559393}, "datetime": {"datetime": "2021-09-23 14:01:22", "elapsed": 127.854892, "delta": 1.207999}}
{"target": -2.1145904182001956, "params": {"C": 281.7112118909393, "epsilon": 0.7034731133483936, "gamma": 0.037243105246822936, "lamda": 0.14477711948617006}, "datetime": {"datetime": "2021-09-23 14:01:23", "elapsed": 128.825892, "delta": 0.971}}
{"target": -2.0634998594955665, "params": {"C": 204.43991580015225, "epsilon": 0.05733630800414656, "gamma": 0.023447883403207536, "lamda": 0.20855756120042718}, "datetime": {"datetime": "2021-09-23 14:01:24", "elapsed": 129.938894, "delta": 1.113002}}
{"target": -2.2039575419795203, "params": {"C": 368.11625982849114, "epsilon": 0.36282788696097246, "gamma": 0.02438678608372751, "lamda": 0.280378101830085}, "datetime": {"datetime": "2021-09-23 14:01:25", "elapsed": 130.827896, "delta": 0.889002}}
{"target": -1.957495048321097, "params": {"C": 231.25579060464253, "epsilon": 0.27523025643879284, "gamma": 0.05688916386761214, "lamda": 0.07615584812009639}, "datetime": {"datetime": "2021-09-23 14:01:26", "elapsed": 132.066893, "delta": 1.238997}}
{"target": -1.9477353688369738, "params": {"C": 311.0622081583606, "epsilon": 0.3420554071927302, "gamma": 0.04374868949646697, "lamda": 0.021334820043436654}, "datetime": {"datetime": "2021-09-23 14:01:27", "elapsed": 133.423893, "delta": 1.357}}
{"target": -2.0630824863892463, "params": {"C": 318.0335970875981, "epsilon": 0.29938728264244907, "gamma": 0.030896452544558913, "lamda": 0.16945377969838565}, "datetime": {"datetime": "2021-09-23 14:01:28", "elapsed": 134.462894, "delta": 1.039001}}
{"target": -1.9669314279364738, "params": {"C": 258.23663495958607, "epsilon": 0.22209359892796907, "gamma": 0.05841642347966143, "lamda": 0.087791856723859}, "datetime": {"datetime": "2021-09-23 14:01:29", "elapsed": 135.670894, "delta": 1.208}}
{"target": -1.9540131243503198, "params": {"C": 265.5581004332343, "epsilon": 0.2762027525945496, "gamma": 0.04232952157737019, "lamda": 0.09323309122990261}, "datetime": {"datetime": "2021-09-23 14:01:30", "elapsed": 136.588893, "delta": 0.917999}}
{"target": -1.9970496394544957, "params": {"C": 311.10596102135514, "epsilon": 0.3541621859577686, "gamma": 0.03525311844392917, "lamda": 0.09728481986454528}, "datetime": {"datetime": "2021-09-23 14:01:31", "elapsed": 137.641943, "delta": 1.05305}}
{"target": -2.0009317351143316, "params": {"C": 231.0169069329008, "epsilon": 0.258091599069868, "gamma": 0.05730030239469065, "lamda": 0.025749474193393344}, "datetime": {"datetime": "2021-09-23 14:01:33", "elapsed": 138.730941, "delta": 1.088998}}
{"target": -2.019753300133566, "params": {"C": 311.08638529446574, "epsilon": 0.5003643065924344, "gamma": 0.06, "lamda": 0.015}, "datetime": {"datetime": "2021-09-23 14:01:34", "elapsed": 140.157941, "delta": 1.427}}
{"target": -1.978840803497683, "params": {"C": 349.9120421247925, "epsilon": 0.16794099381550334, "gamma": 0.048001849702084015, "lamda": 0.03547166406352798}, "datetime": {"datetime": "2021-09-23 14:01:35", "elapsed": 141.501557, "delta": 1.343616}}
{"target": -2.031700585595446, "params": {"C": 311.1070192491876, "epsilon": 0.40911950796962565, "gamma": 0.02, "lamda": 0.015}, "datetime": {"datetime": "2021-09-23 14:01:37", "elapsed": 143.073108, "delta": 1.571551}}
{"target": -2.0280359269933443, "params": {"C": 322.0685091682843, "epsilon": 0.15366661107353935, "gamma": 0.0388671345059127, "lamda": 0.27981247307603785}, "datetime": {"datetime": "2021-09-23 14:01:38", "elapsed": 143.95589, "delta": 0.882782}}
{"target": -1.9307250550241242, "params": {"C": 269.0173767840495, "epsilon": 0.2152372875450427, "gamma": 0.04189813370112341, "lamda": 0.0886233775030604}, "datetime": {"datetime": "2021-09-23 14:01:39", "elapsed": 145.166148, "delta": 1.210258}}
{"target": -2.0460679534120367, "params": {"C": 311.22985973710706, "epsilon": 0.514351671381904, "gamma": 0.021372482703484682, "lamda": 0.04715965801501446}, "datetime": {"datetime": "2021-09-23 14:01:40", "elapsed": 146.383927, "delta": 1.217779}}
{"target": -1.935989670627399, "params": {"C": 180.74258913878134, "epsilon": 0.11585264960095899, "gamma": 0.05098078320233003, "lamda": 0.14577354539199716}, "datetime": {"datetime": "2021-09-23 14:01:41", "elapsed": 147.535556, "delta": 1.151629}}
{"target": -2.027895297904618, "params": {"C": 349.7102490973916, "epsilon": 0.08433322505935184, "gamma": 0.022706104771834643, "lamda": 0.22171952050526406}, "datetime": {"datetime": "2021-09-23 14:01:43", "elapsed": 148.911491, "delta": 1.375935}}
{"target": -1.9762745719996393, "params": {"C": 269.12427742148907, "epsilon": 0.13128906239363514, "gamma": 0.05913160665968202, "lamda": 0.15498809575210543}, "datetime": {"datetime": "2021-09-23 14:01:44", "elapsed": 150.418868, "delta": 1.507377}}
{"target": -2.080004894569966, "params": {"C": 196.0664672736108, "epsilon": 0.7339880136980901, "gamma": 0.05625451731742889, "lamda": 0.10738902273446833}, "datetime": {"datetime": "2021-09-23 14:01:45", "elapsed": 151.568542, "delta": 1.149674}}
{"target": -2.1501745835550152, "params": {"C": 288.6469143434002, "epsilon": 0.6428184602961131, "gamma": 0.0209070422829547, "lamda": 0.08704960344139796}, "datetime": {"datetime": "2021-09-23 14:01:47", "elapsed": 152.75054, "delta": 1.181998}}
{"target": -1.9453935892653145, "params": {"C": 204.46626683342868, "epsilon": 0.21464778166316653, "gamma": 0.051901698980855185, "lamda": 0.11166677576509243}, "datetime": {"datetime": "2021-09-23 14:01:48", "elapsed": 153.928694, "delta": 1.178154}}
{"target": -1.9520555936375104, "params": {"C": 180.75094655885042, "epsilon": 0.09554929512561486, "gamma": 0.053278130490338665, "lamda": 0.08567758877126423}, "datetime": {"datetime": "2021-09-23 14:01:49", "elapsed": 155.179355, "delta": 1.250661}}
{"target": -2.0648262670341024, "params": {"C": 352.09190074240615, "epsilon": 0.7067537079568224, "gamma": 0.04235082244420729, "lamda": 0.1070854868478085}, "datetime": {"datetime": "2021-09-23 14:01:50", "elapsed": 156.251713, "delta": 1.072358}}
{"target": -1.9463320150330081, "params": {"C": 314.9772498561364, "epsilon": 0.44718425967266473, "gamma": 0.042023224642176046, "lamda": 0.048649059234094114}, "datetime": {"datetime": "2021-09-23 14:01:51", "elapsed": 157.267714, "delta": 1.016001}}
{"target": -1.9386485919032572, "params": {"C": 180.8496884360452, "epsilon": 0.08907741539008354, "gamma": 0.03880830186834039, "lamda": 0.12127992764496945}, "datetime": {"datetime": "2021-09-23 14:01:52", "elapsed": 158.492115, "delta": 1.224401}}
{"target": -2.0209914854648012, "params": {"C": 241.2715701924447, "epsilon": 0.7729501041281461, "gamma": 0.04072668305462256, "lamda": 0.06374334712347099}, "datetime": {"datetime": "2021-09-23 14:01:53", "elapsed": 159.466754, "delta": 0.974639}}
{"target": -2.1458406828170533, "params": {"C": 211.68548907150998, "epsilon": 0.48856384490574867, "gamma": 0.05121159144808332, "lamda": 0.25533267287227873}, "datetime": {"datetime": "2021-09-23 14:01:54", "elapsed": 160.395249, "delta": 0.928495}}
{"target": -2.000040273920267, "params": {"C": 180.6966065773123, "epsilon": 0.09635593627470401, "gamma": 0.02935165271354881, "lamda": 0.20238006878460224}, "datetime": {"datetime": "2021-09-23 14:01:55", "elapsed": 161.571053, "delta": 1.175804}}
{"target": -1.9773255024615919, "params": {"C": 258.2655521771277, "epsilon": 0.15763089222848356, "gamma": 0.03011032898364567, "lamda": 0.15387722323652037}, "datetime": {"datetime": "2021-09-23 14:01:57", "elapsed": 162.893746, "delta": 1.322693}}
{"target": -2.065082548517061, "params": {"C": 180.8398392068383, "epsilon": 0.1485005038503167, "gamma": 0.023438555459310326, "lamda": 0.18431567431909607}, "datetime": {"datetime": "2021-09-23 14:01:58", "elapsed": 164.285754, "delta": 1.392008}}
{"target": -1.9725481998926808, "params": {"C": 180.84803435117036, "epsilon": 0.11270653597843475, "gamma": 0.056909252032888935, "lamda": 0.053293707717253676}, "datetime": {"datetime": "2021-09-23 14:01:59", "elapsed": 165.597373, "delta": 1.311619}}
{"target": -2.0362726204056574, "params": {"C": 236.87312089936472, "epsilon": 0.0917558952235567, "gamma": 0.059455629771882124, "lamda": 0.04108400698046054}, "datetime": {"datetime": "2021-09-23 14:02:03", "elapsed": 168.963419, "delta": 3.366046}}
{"target": -1.9273804564518757, "params": {"C": 349.6424116158563, "epsilon": 0.050759032354836905, "gamma": 0.03628563589146787, "lamda": 0.1652014795663131}, "datetime": {"datetime": "2021-09-23 14:02:05", "elapsed": 171.609146, "delta": 2.645727}}
{"target": -2.1003649233882644, "params": {"C": 200.83102625461538, "epsilon": 0.31569744326549454, "gamma": 0.0373280937565586, "lamda": 0.28159008106025846}, "datetime": {"datetime": "2021-09-23 14:02:07", "elapsed": 173.416568, "delta": 1.807422}}
{"target": -2.03291464951771, "params": {"C": 204.32190430240038, "epsilon": 0.19735187829166762, "gamma": 0.024695352654417316, "lamda": 0.0858845698267572}, "datetime": {"datetime": "2021-09-23 14:02:09", "elapsed": 175.22101, "delta": 1.804442}}
{"target": -2.0328787689766923, "params": {"C": 208.16192470554475, "epsilon": 0.14027837634604845, "gamma": 0.02467145622877553, "lamda": 0.1809363933709393}, "datetime": {"datetime": "2021-09-23 14:02:11", "elapsed": 177.639191, "delta": 2.418181}}
{"target": -1.96329712935619, "params": {"C": 349.5972401368467, "epsilon": 0.15941246315666627, "gamma": 0.03969947452076292, "lamda": 0.15081723794451707}, "datetime": {"datetime": "2021-09-23 14:02:15", "elapsed": 181.571035, "delta": 3.931844}}
{"target": -2.0917128328311314, "params": {"C": 240.7271449075493, "epsilon": 0.6840071271061038, "gamma": 0.029421358676787267, "lamda": 0.09314840457414761}, "datetime": {"datetime": "2021-09-23 14:02:17", "elapsed": 183.287819, "delta": 1.716784}}
{"target": -2.0145170927622105, "params": {"C": 258.1529072498458, "epsilon": 0.20992669414564952, "gamma": 0.026797493914724156, "lamda": 0.13194242609045506}, "datetime": {"datetime": "2021-09-23 14:02:19", "elapsed": 185.480535, "delta": 2.192716}}
{"target": -1.9745388454156032, "params": {"C": 204.32181112897933, "epsilon": 0.043472267276109915, "gamma": 0.031849403809766114, "lamda": 0.14624633437848628}, "datetime": {"datetime": "2021-09-23 14:02:22", "elapsed": 188.318718, "delta": 2.838183}}
{"target": -1.985015674367527, "params": {"C": 269.0021779544558, "epsilon": 0.22045913588760757, "gamma": 0.026349788602297388, "lamda": 0.01656585445037954}, "datetime": {"datetime": "2021-09-23 14:02:26", "elapsed": 191.906399, "delta": 3.587681}}
{"target": -2.035593374618717, "params": {"C": 329.4034815175931, "epsilon": 0.19447321160126815, "gamma": 0.04714751070009523, "lamda": 0.2660647507975796}, "datetime": {"datetime": "2021-09-23 14:02:29", "elapsed": 195.635603, "delta": 3.729204}}
{"target": -2.102246092994261, "params": {"C": 323.0219015361811, "epsilon": 0.36600797241688854, "gamma": 0.028513752260211453, "lamda": 0.16774104300565257}, "datetime": {"datetime": "2021-09-23 14:02:31", "elapsed": 197.306902, "delta": 1.671299}}
{"target": -2.0849840397105863, "params": {"C": 313.892303504642, "epsilon": 0.2975818454103778, "gamma": 0.04779055681932247, "lamda": 0.2907989703518906}, "datetime": {"datetime": "2021-09-23 14:02:34", "elapsed": 199.790886, "delta": 2.483984}}
{"target": -2.233090966998592, "params": {"C": 366.40089489098455, "epsilon": 0.687772811959239, "gamma": 0.03011939725640886, "lamda": 0.2386037926858277}, "datetime": {"datetime": "2021-09-23 14:02:36", "elapsed": 202.298926, "delta": 2.50804}}
{"target": -2.0221224670431646, "params": {"C": 311.0238839278358, "epsilon": 0.4051567601546463, "gamma": 0.022864901742632844, "lamda": 0.05310909942946869}, "datetime": {"datetime": "2021-09-23 14:02:39", "elapsed": 205.00447, "delta": 2.705544}}
{"target": -1.9730677248143191, "params": {"C": 269.1130852445753, "epsilon": 0.20490234430653304, "gamma": 0.027324202598076146, "lamda": 0.09240969763657902}, "datetime": {"datetime": "2021-09-23 14:02:41", "elapsed": 207.281174, "delta": 2.276704}}
{"target": -1.9548360510742817, "params": {"C": 211.00428541912436, "epsilon": 0.4735870858434421, "gamma": 0.05669827254550411, "lamda": 0.04875788649519679}, "datetime": {"datetime": "2021-09-23 14:02:42", "elapsed": 208.524884, "delta": 1.24371}}
{"target": -2.0592758631475037, "params": {"C": 377.70049738691455, "epsilon": 0.49722040935306255, "gamma": 0.027074784140613185, "lamda": 0.08107622540009798}, "datetime": {"datetime": "2021-09-23 14:02:44", "elapsed": 209.882665, "delta": 1.357781}}
{"target": -1.927036230270848, "params": {"C": 202.70714308790926, "epsilon": 0.12042157632340313, "gamma": 0.04556367493057377, "lamda": 0.12036159020242893}, "datetime": {"datetime": "2021-09-23 14:02:45", "elapsed": 211.178407, "delta": 1.295742}}
{"target": -1.9356558765366565, "params": {"C": 268.8932554477437, "epsilon": 0.20573927811335282, "gamma": 0.042809636524547806, "lamda": 0.09802671411670454}, "datetime": {"datetime": "2021-09-23 14:02:46", "elapsed": 212.643185, "delta": 1.464778}}
{"target": -1.9672896256104004, "params": {"C": 202.65739609845627, "epsilon": 0.11478834155362758, "gamma": 0.032821133506228915, "lamda": 0.04865715166672771}, "datetime": {"datetime": "2021-09-23 14:02:48", "elapsed": 214.34216, "delta": 1.698975}}
{"target": -1.9555079809953766, "params": {"C": 202.73012620983476, "epsilon": 0.18797774621337812, "gamma": 0.03161147127304361, "lamda": 0.11578739601592541}, "datetime": {"datetime": "2021-09-23 14:02:50", "elapsed": 216.012819, "delta": 1.670659}}
{"target": -2.00057245237853, "params": {"C": 184.26613321066424, "epsilon": 0.36400380111124386, "gamma": 0.028310917393503988, "lamda": 0.08168959033982359}, "datetime": {"datetime": "2021-09-23 14:02:51", "elapsed": 217.551049, "delta": 1.53823}}
{"target": -1.940699363834326, "params": {"C": 204.51133841286187, "epsilon": 0.165327640433988, "gamma": 0.03545537223006462, "lamda": 0.13858543976627793}, "datetime": {"datetime": "2021-09-23 14:02:53", "elapsed": 218.789584, "delta": 1.238535}}
{"target": -2.2244097452375846, "params": {"C": 230.2610373506831, "epsilon": 0.6172678646452165, "gamma": 0.03692639362539059, "lamda": 0.2926564857749371}, "datetime": {"datetime": "2021-09-23 14:02:54", "elapsed": 219.862187, "delta": 1.072603}}
{"target": -2.0419096262698666, "params": {"C": 315.03532499759285, "epsilon": 0.49729772115623194, "gamma": 0.02508867911308902, "lamda": 0.06604694358873718}, "datetime": {"datetime": "2021-09-23 14:02:55", "elapsed": 221.587784, "delta": 1.725597}}
{"target": -1.9664125431362454, "params": {"C": 180.76783106814455, "epsilon": 0.03068304734295177, "gamma": 0.04208862472047352, "lamda": 0.1204384293541917}, "datetime": {"datetime": "2021-09-23 14:02:57", "elapsed": 223.553994, "delta": 1.96621}}
{"target": -1.9485403980735245, "params": {"C": 202.76524948123594, "epsilon": 0.1470640223715453, "gamma": 0.052387823282274135, "lamda": 0.15815619620144838}, "datetime": {"datetime": "2021-09-23 14:02:59", "elapsed": 225.65843, "delta": 2.104436}}
{"target": -1.9996748377360836, "params": {"C": 180.68356480655493, "epsilon": 0.14437496384722326, "gamma": 0.02989862652129273, "lamda": 0.09817901685755112}, "datetime": {"datetime": "2021-09-23 14:03:01", "elapsed": 227.219189, "delta": 1.560759}}
