{"target": -1.954971149325382, "params": {"C": 708.2386361545362, "epsilon": 0.14792023709248742, "gamma": 0.04617165255434294, "lamda": 0.05835854054089037}, "datetime": {"datetime": "2021-09-23 15:29:05", "elapsed": 54.985051, "delta": 0.761957}}
{"target": -2.057856933228275, "params": {"C": 718.9873598003255, "epsilon": 0.4950439650519086, "gamma": 0.03630974430144142, "lamda": 0.12175185738311498}, "datetime": {"datetime": "2021-09-23 15:29:06", "elapsed": 55.61305, "delta": 0.627999}}
{"target": -1.9301549843468309, "params": {"C": 704.2675695373171, "epsilon": 0.0425409259640306, "gamma": 0.03781755012541258, "lamda": 0.12257285345823346}, "datetime": {"datetime": "2021-09-23 15:29:06", "elapsed": 56.264057, "delta": 0.651007}}
{"target": -1.922919241667718, "params": {"C": 704.4166031349769, "epsilon": 0.07874241701737564, "gamma": 0.031506318703144416, "lamda": 0.1024447422259081}, "datetime": {"datetime": "2021-09-23 15:29:07", "elapsed": 56.938611, "delta": 0.674554}}
{"target": -1.9647104183543724, "params": {"C": 778.3442640977562, "epsilon": 0.08797914362177411, "gamma": 0.03279320082759514, "lamda": 0.15760365622423794}, "datetime": {"datetime": "2021-09-23 15:29:08", "elapsed": 57.78157, "delta": 0.842959}}
{"target": -1.924977438132909, "params": {"C": 778.4327970929294, "epsilon": 0.0951706224040623, "gamma": 0.032548091218680554, "lamda": 0.08574986487384283}, "datetime": {"datetime": "2021-09-23 15:29:09", "elapsed": 58.522569, "delta": 0.740999}}
{"target": -1.9906324413812404, "params": {"C": 746.6139081986354, "epsilon": 0.3774606537914529, "gamma": 0.049342865759460314, "lamda": 0.036804458353640095}, "datetime": {"datetime": "2021-09-23 15:29:09", "elapsed": 59.229568, "delta": 0.706999}}
{"target": -1.994056685167592, "params": {"C": 778.4434581982948, "epsilon": 0.10878824974743768, "gamma": 0.03133062382130948, "lamda": 0.17808180188562328}, "datetime": {"datetime": "2021-09-23 15:29:10", "elapsed": 60.146575, "delta": 0.917007}}
{"target": -1.9755264701405706, "params": {"C": 778.4461614555247, "epsilon": 0.043751878333057166, "gamma": 0.042071363871930674, "lamda": 0.08704896004539366}, "datetime": {"datetime": "2021-09-23 15:29:11", "elapsed": 60.866571, "delta": 0.719996}}
{"target": -1.9969247509002102, "params": {"C": 799.6443617848073, "epsilon": 0.536362942632, "gamma": 0.047698391389660456, "lamda": 0.04700654114645924}, "datetime": {"datetime": "2021-09-23 15:29:12", "elapsed": 61.52357, "delta": 0.656999}}
{"target": -1.9874119191717887, "params": {"C": 871.5570029054311, "epsilon": 0.2222845846868429, "gamma": 0.04228695608647466, "lamda": 0.09219633438250045}, "datetime": {"datetime": "2021-09-23 15:29:12", "elapsed": 62.156569, "delta": 0.632999}}
{"target": -2.0093713979053325, "params": {"C": 742.8073372508214, "epsilon": 0.27595858906030213, "gamma": 0.03147183861407799, "lamda": 0.09814604718649073}, "datetime": {"datetime": "2021-09-23 15:29:13", "elapsed": 62.862569, "delta": 0.706}}
{"target": -2.001670437792169, "params": {"C": 708.2229819221255, "epsilon": 0.21821070966535863, "gamma": 0.03133245152044566, "lamda": 0.11204959097250505}, "datetime": {"datetime": "2021-09-23 15:29:14", "elapsed": 63.538609, "delta": 0.67604}}
{"target": -1.9441187151654364, "params": {"C": 704.4783305421955, "epsilon": 0.12323461982796065, "gamma": 0.040490881128343, "lamda": 0.040293367079863446}, "datetime": {"datetime": "2021-09-23 15:29:15", "elapsed": 64.379571, "delta": 0.840962}}
{"target": -1.9664083812942856, "params": {"C": 828.1044808580492, "epsilon": 0.21807337220623424, "gamma": 0.03297148408557383, "lamda": 0.07010556377866879}, "datetime": {"datetime": "2021-09-23 15:29:15", "elapsed": 65.110631, "delta": 0.73106}}
{"target": -1.9825332232196489, "params": {"C": 704.3224011906341, "epsilon": 0.3319220439773084, "gamma": 0.04554501440084622, "lamda": 0.01521854124906374}, "datetime": {"datetime": "2021-09-23 15:29:16", "elapsed": 65.948593, "delta": 0.837962}}
{"target": -1.9772965697180112, "params": {"C": 704.1626456152712, "epsilon": 0.054534236961997766, "gamma": 0.04275655580897063, "lamda": 0.0729750953019099}, "datetime": {"datetime": "2021-09-23 15:29:17", "elapsed": 66.666593, "delta": 0.718}}
{"target": -2.004279851495137, "params": {"C": 704.4194480499488, "epsilon": 0.13512237060556276, "gamma": 0.0499770307941002, "lamda": 0.16120579429626736}, "datetime": {"datetime": "2021-09-23 15:29:18", "elapsed": 67.462127, "delta": 0.795534}}
{"target": -1.986408763004089, "params": {"C": 778.4114729700533, "epsilon": 0.18002633109873567, "gamma": 0.0433677956637008, "lamda": 0.10002813265366944}, "datetime": {"datetime": "2021-09-23 15:29:19", "elapsed": 68.546127, "delta": 1.084}}
{"target": -1.9973511648769857, "params": {"C": 757.0400885158363, "epsilon": 0.5074449029482379, "gamma": 0.04898259257604205, "lamda": 0.04711873453078396}, "datetime": {"datetime": "2021-09-23 15:29:20", "elapsed": 69.531843, "delta": 0.985716}}
{"target": -2.0390282816956904, "params": {"C": 745.8462254751971, "epsilon": 0.04701307056167538, "gamma": 0.03609256364305354, "lamda": 0.02890198888043527}, "datetime": {"datetime": "2021-09-23 15:29:21", "elapsed": 70.48484, "delta": 0.952997}}
{"target": -1.9820035312714228, "params": {"C": 755.2911409123242, "epsilon": 0.6621052413005464, "gamma": 0.04059117339587047, "lamda": 0.025586664063817748}, "datetime": {"datetime": "2021-09-23 15:29:21", "elapsed": 71.295143, "delta": 0.810303}}
{"target": -1.998040466800525, "params": {"C": 789.3317164177603, "epsilon": 0.797471083420661, "gamma": 0.043348175143967174, "lamda": 0.03385308210411829}, "datetime": {"datetime": "2021-09-23 15:29:22", "elapsed": 72.040773, "delta": 0.74563}}
{"target": -1.920435966863222, "params": {"C": 757.2897066323982, "epsilon": 0.34767639415263807, "gamma": 0.03, "lamda": 0.015}, "datetime": {"datetime": "2021-09-23 15:29:23", "elapsed": 73.060814, "delta": 1.020041}}
{"target": -2.0030835001087417, "params": {"C": 704.4470032736061, "epsilon": 0.05883756947010914, "gamma": 0.03995941492579117, "lamda": 0.04707881895853583}, "datetime": {"datetime": "2021-09-23 15:29:24", "elapsed": 74.02783, "delta": 0.967016}}
{"target": -1.969249929680936, "params": {"C": 704.4220313948948, "epsilon": 0.13249472166546788, "gamma": 0.0495331757360202, "lamda": 0.07098053516763103}, "datetime": {"datetime": "2021-09-23 15:29:25", "elapsed": 74.874456, "delta": 0.846626}}
{"target": -1.9694951350553127, "params": {"C": 704.2188354588383, "epsilon": 0.09787927404650895, "gamma": 0.048025878827008275, "lamda": 0.11855815757625184}, "datetime": {"datetime": "2021-09-23 15:29:26", "elapsed": 75.771745, "delta": 0.897289}}
{"target": -1.9415214116699777, "params": {"C": 832.7872230768573, "epsilon": 0.03425365636499276, "gamma": 0.03948500945474371, "lamda": 0.1555178981215461}, "datetime": {"datetime": "2021-09-23 15:29:27", "elapsed": 76.570412, "delta": 0.798667}}
{"target": -1.9517879442009871, "params": {"C": 704.2788280673274, "epsilon": 0.1616407630217628, "gamma": 0.03212951572467255, "lamda": 0.08560115257438783}, "datetime": {"datetime": "2021-09-23 15:29:28", "elapsed": 77.427906, "delta": 0.857494}}
{"target": -2.005023597622015, "params": {"C": 708.2748172191334, "epsilon": 0.2071345795106918, "gamma": 0.04696113766280569, "lamda": 0.01955539832538454}, "datetime": {"datetime": "2021-09-23 15:29:29", "elapsed": 78.439904, "delta": 1.011998}}
{"target": -1.9614123941070296, "params": {"C": 745.9763684654476, "epsilon": 0.11259115432189087, "gamma": 0.04722186440529336, "lamda": 0.08144330728524746}, "datetime": {"datetime": "2021-09-23 15:29:29", "elapsed": 79.148736, "delta": 0.708832}}
{"target": -1.9664513252018114, "params": {"C": 769.2886801289637, "epsilon": 0.13231256904103372, "gamma": 0.044374933507147635, "lamda": 0.09626484999236522}, "datetime": {"datetime": "2021-09-23 15:29:30", "elapsed": 79.932744, "delta": 0.784008}}
{"target": -2.1552823836924695, "params": {"C": 860.2278738846172, "epsilon": 0.7965662200784445, "gamma": 0.048831669443554174, "lamda": 0.17326705582067414}, "datetime": {"datetime": "2021-09-23 15:29:31", "elapsed": 80.566738, "delta": 0.633994}}
{"target": -1.9626191522355072, "params": {"C": 704.0305269473596, "epsilon": 0.11674128256838849, "gamma": 0.04493985664000107, "lamda": 0.05151796271658703}, "datetime": {"datetime": "2021-09-23 15:29:32", "elapsed": 81.411915, "delta": 0.845177}}
{"target": -2.028059930109022, "params": {"C": 861.8570654598893, "epsilon": 0.20426626256128252, "gamma": 0.0372470699060758, "lamda": 0.19813401714053375}, "datetime": {"datetime": "2021-09-23 15:29:32", "elapsed": 82.112581, "delta": 0.700666}}
{"target": -1.9322219064744879, "params": {"C": 704.413741852648, "epsilon": 0.06233375958429724, "gamma": 0.039207472009560936, "lamda": 0.09666062212225199}, "datetime": {"datetime": "2021-09-23 15:29:33", "elapsed": 82.88592, "delta": 0.773339}}
{"target": -1.939006527450466, "params": {"C": 754.7533242483848, "epsilon": 0.6826321330128754, "gamma": 0.03311772248331442, "lamda": 0.015876193434020934}, "datetime": {"datetime": "2021-09-23 15:29:34", "elapsed": 83.62442, "delta": 0.7385}}
{"target": -1.9613385979539035, "params": {"C": 828.023748474528, "epsilon": 0.2891328529132946, "gamma": 0.03160749451447924, "lamda": 0.04921544290597572}, "datetime": {"datetime": "2021-09-23 15:29:35", "elapsed": 84.406462, "delta": 0.782042}}
{"target": -2.037778297032729, "params": {"C": 749.7270738997726, "epsilon": 0.5488521913788138, "gamma": 0.04628051470731236, "lamda": 0.10353643995644052}, "datetime": {"datetime": "2021-09-23 15:29:35", "elapsed": 85.08998, "delta": 0.683518}}
{"target": -2.024259684673646, "params": {"C": 819.0720615170535, "epsilon": 0.4370286281934007, "gamma": 0.041249928464582614, "lamda": 0.1008816724133978}, "datetime": {"datetime": "2021-09-23 15:29:36", "elapsed": 85.932005, "delta": 0.842025}}
{"target": -1.996026346527529, "params": {"C": 704.0428677821486, "epsilon": 0.10936166230540306, "gamma": 0.0476746399897196, "lamda": 0.1442672571784399}, "datetime": {"datetime": "2021-09-23 15:29:37", "elapsed": 86.875817, "delta": 0.943812}}
{"target": -2.019771511877661, "params": {"C": 754.736795052393, "epsilon": 0.737935902986361, "gamma": 0.03629585804500781, "lamda": 0.049352595554879274}, "datetime": {"datetime": "2021-09-23 15:29:38", "elapsed": 87.814824, "delta": 0.939007}}
{"target": -1.9663035028448481, "params": {"C": 708.1369811651234, "epsilon": 0.15936458097103867, "gamma": 0.045635336422417835, "lamda": 0.03786839193632673}, "datetime": {"datetime": "2021-09-23 15:29:39", "elapsed": 88.758832, "delta": 0.944008}}
{"target": -1.9925208502512899, "params": {"C": 834.358059580708, "epsilon": 0.12321638282143002, "gamma": 0.04102471919168095, "lamda": 0.16214655388410842}, "datetime": {"datetime": "2021-09-23 15:29:40", "elapsed": 89.583031, "delta": 0.824199}}
{"target": -2.0085359688066013, "params": {"C": 828.074387825829, "epsilon": 0.3171184676559312, "gamma": 0.03614384495863192, "lamda": 0.10239987506552203}, "datetime": {"datetime": "2021-09-23 15:29:41", "elapsed": 90.37303, "delta": 0.789999}}
{"target": -1.9512777061146447, "params": {"C": 745.9689893740391, "epsilon": 0.04185740242215522, "gamma": 0.039832440555017445, "lamda": 0.10074109508490356}, "datetime": {"datetime": "2021-09-23 15:29:41", "elapsed": 91.327231, "delta": 0.954201}}
{"target": -2.0389813871315043, "params": {"C": 778.3559672842133, "epsilon": 0.12543109982743636, "gamma": 0.047512422133464766, "lamda": 0.02376056913326628}, "datetime": {"datetime": "2021-09-23 15:29:42", "elapsed": 92.349031, "delta": 1.0218}}
{"target": -1.973655334237634, "params": {"C": 780.8145106790203, "epsilon": 0.09215316313379782, "gamma": 0.04159315889082716, "lamda": 0.14883775452711778}, "datetime": {"datetime": "2021-09-23 15:29:43", "elapsed": 93.133048, "delta": 0.784017}}
{"target": -1.9700232017877337, "params": {"C": 745.7826602205437, "epsilon": 0.20816292439640843, "gamma": 0.048403089389928884, "lamda": 0.037192293611023455}, "datetime": {"datetime": "2021-09-23 15:29:44", "elapsed": 94.101048, "delta": 0.968}}
{"target": -1.9498077580900348, "params": {"C": 819.1310855282547, "epsilon": 0.43733321135533776, "gamma": 0.04034912369306933, "lamda": 0.025427196804790227}, "datetime": {"datetime": "2021-09-23 15:29:45", "elapsed": 94.916734, "delta": 0.815686}}
{"target": -1.9505636266478168, "params": {"C": 745.8643169618255, "epsilon": 0.12901255951136373, "gamma": 0.033630850647122526, "lamda": 0.10200726954522203}, "datetime": {"datetime": "2021-09-23 15:29:46", "elapsed": 95.877895, "delta": 0.961161}}
{"target": -2.0297639365932896, "params": {"C": 899.939588108705, "epsilon": 0.7534489911456959, "gamma": 0.04389862472467171, "lamda": 0.06437448626203038}, "datetime": {"datetime": "2021-09-23 15:29:47", "elapsed": 96.649911, "delta": 0.772016}}
{"target": -2.074109931616397, "params": {"C": 777.8104324424419, "epsilon": 0.7766965602424823, "gamma": 0.042249187498873846, "lamda": 0.10609764919889986}, "datetime": {"datetime": "2021-09-23 15:29:48", "elapsed": 97.44473, "delta": 0.794819}}
{"target": -1.9651985685032969, "params": {"C": 771.0890710539198, "epsilon": 0.14905946540714543, "gamma": 0.044746313543992035, "lamda": 0.08362922619415428}, "datetime": {"datetime": "2021-09-23 15:29:48", "elapsed": 98.260738, "delta": 0.816008}}
{"target": -1.9291948916268065, "params": {"C": 828.0136182191789, "epsilon": 0.1318612662802611, "gamma": 0.03895547759156421, "lamda": 0.05708161297928219}, "datetime": {"datetime": "2021-09-23 15:29:49", "elapsed": 99.162252, "delta": 0.901514}}
{"target": -1.9997254399547175, "params": {"C": 757.2644941689466, "epsilon": 0.40560854912164535, "gamma": 0.036922357828878344, "lamda": 0.07406026447862371}, "datetime": {"datetime": "2021-09-23 15:29:50", "elapsed": 100.236281, "delta": 1.074029}}
{"target": -1.9881833133000062, "params": {"C": 828.0112929483455, "epsilon": 0.182607936364991, "gamma": 0.03, "lamda": 0.09894120476443723}, "datetime": {"datetime": "2021-09-23 15:29:52", "elapsed": 101.404724, "delta": 1.168443}}
{"target": -2.0646115272954497, "params": {"C": 792.464738082672, "epsilon": 0.7034731133483936, "gamma": 0.03862155262341147, "lamda": 0.09924128808751388}, "datetime": {"datetime": "2021-09-23 15:29:52", "elapsed": 102.153438, "delta": 0.748714}}
{"target": -2.020495848544473, "params": {"C": 704.0491911440487, "epsilon": 0.047899195779611395, "gamma": 0.03945885915151873, "lamda": 0.04438684889237976}, "datetime": {"datetime": "2021-09-23 15:29:53", "elapsed": 102.981755, "delta": 0.828317}}
{"target": -1.9496546912727728, "params": {"C": 757.2905928888657, "epsilon": 0.45577123094349037, "gamma": 0.03004282678424767, "lamda": 0.02705901265129454}, "datetime": {"datetime": "2021-09-23 15:29:54", "elapsed": 103.814924, "delta": 0.833169}}
{"target": -1.930721875868534, "params": {"C": 754.7715529070565, "epsilon": 0.6216335947014143, "gamma": 0.03, "lamda": 0.015}, "datetime": {"datetime": "2021-09-23 15:29:55", "elapsed": 104.78793, "delta": 0.973006}}
{"target": -1.9334480431480707, "params": {"C": 827.9604362765997, "epsilon": 0.07452061059315257, "gamma": 0.03940035358508537, "lamda": 0.07925814983193369}, "datetime": {"datetime": "2021-09-23 15:29:56", "elapsed": 105.69269, "delta": 0.90476}}
{"target": -2.0155652145322906, "params": {"C": 825.4850882614528, "epsilon": 0.29938728264244907, "gamma": 0.035448226272279455, "lamda": 0.11525947103228543}, "datetime": {"datetime": "2021-09-23 15:29:57", "elapsed": 106.473924, "delta": 0.781234}}
{"target": -1.9531724910660624, "params": {"C": 778.3824214552236, "epsilon": 0.06854342566330568, "gamma": 0.04360418840725743, "lamda": 0.09234932753675486}, "datetime": {"datetime": "2021-09-23 15:29:57", "elapsed": 107.356166, "delta": 0.882242}}
{"target": -1.981699509571697, "params": {"C": 777.7800913029403, "epsilon": 0.2762027525945496, "gamma": 0.0411647607886851, "lamda": 0.06578288378081398}, "datetime": {"datetime": "2021-09-23 15:29:58", "elapsed": 108.144698, "delta": 0.788532}}
{"target": -1.9171120237744073, "params": {"C": 778.4871149636131, "epsilon": 0.10457475004113946, "gamma": 0.03552186507849846, "lamda": 0.06502782388560144}, "datetime": {"datetime": "2021-09-23 15:29:59", "elapsed": 109.010444, "delta": 0.865746}}
{"target": -1.9613708637313814, "params": {"C": 704.283097827973, "epsilon": 0.11500827732473132, "gamma": 0.046296550891956126, "lamda": 0.06096345212816763}, "datetime": {"datetime": "2021-09-23 15:30:00", "elapsed": 109.94966, "delta": 0.939216}}
{"target": -2.017118431267173, "params": {"C": 828.0213438397155, "epsilon": 0.03664993963136456, "gamma": 0.04655786126664406, "lamda": 0.09402228983061617}, "datetime": {"datetime": "2021-09-23 15:30:01", "elapsed": 111.201471, "delta": 1.251811}}
{"target": -1.984497912277449, "params": {"C": 778.5178014567717, "epsilon": 0.13264135154023166, "gamma": 0.04073497833574194, "lamda": 0.12718590465184615}, "datetime": {"datetime": "2021-09-23 15:30:02", "elapsed": 112.06208, "delta": 0.860609}}
{"target": -1.9888936230418996, "params": {"C": 827.9379282754918, "epsilon": 0.12565559595953446, "gamma": 0.04951729825027487, "lamda": 0.09305989014429426}, "datetime": {"datetime": "2021-09-23 15:30:03", "elapsed": 113.349825, "delta": 1.287745}}
{"target": -2.0015758106905195, "params": {"C": 829.1531901529858, "epsilon": 0.15366661107353935, "gamma": 0.03943356725295635, "lamda": 0.18689581585637544}, "datetime": {"datetime": "2021-09-23 15:30:04", "elapsed": 114.197254, "delta": 0.847429}}
{"target": -1.99111057048834, "params": {"C": 754.850480063234, "epsilon": 0.6394117705004071, "gamma": 0.04295002480308026, "lamda": 0.03639515951365627}, "datetime": {"datetime": "2021-09-23 15:30:06", "elapsed": 115.449772, "delta": 1.252518}}
{"target": -1.9358065516029932, "params": {"C": 778.4694856537908, "epsilon": 0.13711569177570448, "gamma": 0.03888977685997649, "lamda": 0.038729690228481925}, "datetime": {"datetime": "2021-09-23 15:30:07", "elapsed": 116.543377, "delta": 1.093605}}
{"target": -1.957503117228227, "params": {"C": 700.6750810352557, "epsilon": 0.11585264960095899, "gamma": 0.04549039160116502, "lamda": 0.0998880908684894}, "datetime": {"datetime": "2021-09-23 15:30:08", "elapsed": 117.399064, "delta": 0.855687}}
{"target": -1.9502923313282998, "params": {"C": 745.7931497451181, "epsilon": 0.15046685609936186, "gamma": 0.03, "lamda": 0.08111932305814669}, "datetime": {"datetime": "2021-09-23 15:30:09", "elapsed": 118.716233, "delta": 1.317169}}
{"target": -1.987870273599325, "params": {"C": 754.7050821647409, "epsilon": 0.5912753268879801, "gamma": 0.040443818211242696, "lamda": 0.03757887195440644}, "datetime": {"datetime": "2021-09-23 15:30:10", "elapsed": 120.346851, "delta": 1.630618}}
{"target": -2.0339997748567713, "params": {"C": 714.6058793396462, "epsilon": 0.7339880136980901, "gamma": 0.04812725865871445, "lamda": 0.07497182177500578}, "datetime": {"datetime": "2021-09-23 15:30:12", "elapsed": 121.383007, "delta": 1.036156}}
{"target": -2.049385862163698, "params": {"C": 798.7699221303639, "epsilon": 0.6428184602961131, "gamma": 0.030453521141477348, "lamda": 0.061769040830381136}, "datetime": {"datetime": "2021-09-23 15:30:12", "elapsed": 122.324005, "delta": 0.940998}}
{"target": -1.9811433447479023, "params": {"C": 757.1237021813224, "epsilon": 0.5493879881296555, "gamma": 0.040665723765096126, "lamda": 0.031584697459875466}, "datetime": {"datetime": "2021-09-23 15:30:13", "elapsed": 123.349408, "delta": 1.025403}}
{"target": -1.9831631983210125, "params": {"C": 757.3631718224946, "epsilon": 0.3137758745087593, "gamma": 0.033545463937948605, "lamda": 0.06743327781265926}, "datetime": {"datetime": "2021-09-23 15:30:15", "elapsed": 124.400405, "delta": 1.050997}}
{"target": -2.0394259490604583, "params": {"C": 856.4471824930965, "epsilon": 0.7067537079568224, "gamma": 0.04117541122210365, "lamda": 0.07477478970822657}, "datetime": {"datetime": "2021-09-23 15:30:16", "elapsed": 126.083084, "delta": 1.682679}}
{"target": -1.979084875318393, "params": {"C": 822.7065907783058, "epsilon": 0.44718425967266473, "gamma": 0.04101161232108803, "lamda": 0.03684237178353478}, "datetime": {"datetime": "2021-09-23 15:30:18", "elapsed": 127.779566, "delta": 1.696482}}
{"target": -1.9797067729670017, "params": {"C": 757.3009546168194, "epsilon": 0.3737213262622411, "gamma": 0.04767423741200687, "lamda": 0.016403105718475575}, "datetime": {"datetime": "2021-09-23 15:30:19", "elapsed": 129.260611, "delta": 1.481045}}
{"target": -2.010123596666141, "params": {"C": 755.701427447677, "epsilon": 0.7729501041281461, "gamma": 0.04036334152731128, "lamda": 0.04664041830821802}, "datetime": {"datetime": "2021-09-23 15:30:20", "elapsed": 130.129915, "delta": 0.869304}}
{"target": -2.0200394422677714, "params": {"C": 704.2643015511917, "epsilon": 0.030431663068216867, "gamma": 0.04709434915599483, "lamda": 0.11300229256258458}, "datetime": {"datetime": "2021-09-23 15:30:21", "elapsed": 130.964914, "delta": 0.834999}}
{"target": -1.961967610551983, "params": {"C": 778.386298982809, "epsilon": 0.034917886257465884, "gamma": 0.04507714502809229, "lamda": 0.18072244778623736}, "datetime": {"datetime": "2021-09-23 15:30:22", "elapsed": 131.899032, "delta": 0.934118}}
{"target": -1.944703285810222, "params": {"C": 832.7328721943336, "epsilon": 0.07847895023915477, "gamma": 0.03498409926995513, "lamda": 0.13320354500531945}, "datetime": {"datetime": "2021-09-23 15:30:23", "elapsed": 132.842688, "delta": 0.943656}}
{"target": -1.962878533267097, "params": {"C": 704.2905868756005, "epsilon": 0.11534617954697986, "gamma": 0.031246767619558333, "lamda": 0.12566758990051943}, "datetime": {"datetime": "2021-09-23 15:30:24", "elapsed": 133.738872, "delta": 0.896184}}
