{"target": 0.9072781798026387, "params": {"C": 174.8812732669934, "epsilon": 0.25079931511447606, "gamma": 0.052925574033347855, "lamda": 0.12873488557098986}, "datetime": {"datetime": "2021-09-23 09:58:07", "elapsed": 85.320712, "delta": 0.922664}}
{"target": 0.9039348575316143, "params": {"C": 173.29701667958074, "epsilon": 0.2653978658466538, "gamma": 0.05, "lamda": 0.18806618121845947}, "datetime": {"datetime": "2021-09-23 09:58:08", "elapsed": 86.245916, "delta": 0.925204}}
{"target": 0.9132916618355421, "params": {"C": 188.0552152736969, "epsilon": 0.1758474203985841, "gamma": 0.08734774726064087, "lamda": 0.14267143108763616}, "datetime": {"datetime": "2021-09-23 09:58:09", "elapsed": 87.221547, "delta": 0.975631}}
{"target": 0.9069213444926336, "params": {"C": 179.7827713820637, "epsilon": 0.19167095923600996, "gamma": 0.07587280923267334, "lamda": 0.029125249759947697}, "datetime": {"datetime": "2021-09-23 09:58:10", "elapsed": 87.960048, "delta": 0.738501}}
{"target": 0.9112935455729128, "params": {"C": 172.39486984002284, "epsilon": 0.2771360622368504, "gamma": 0.08707045411486994, "lamda": 0.03381470451840496}, "datetime": {"datetime": "2021-09-23 09:58:11", "elapsed": 88.987164, "delta": 1.027116}}
{"target": 0.9124898135277231, "params": {"C": 199.98489702717626, "epsilon": 0.2860951531993637, "gamma": 0.08474656181167926, "lamda": 0.1341776683500171}, "datetime": {"datetime": "2021-09-23 09:58:12", "elapsed": 89.732677, "delta": 0.745513}}
{"target": 0.9084492929543293, "params": {"C": 169.45260811061047, "epsilon": 0.293039232280222, "gamma": 0.08062296874718461, "lamda": 0.24671744297432988}, "datetime": {"datetime": "2021-09-23 09:58:12", "elapsed": 90.409175, "delta": 0.676498}}
{"target": 0.9137071398920532, "params": {"C": 167.77226776347996, "epsilon": 0.10556321693979669, "gamma": 0.08686578385998009, "lamda": 0.18611342632909722}, "datetime": {"datetime": "2021-09-23 09:58:13", "elapsed": 91.163569, "delta": 0.754394}}
{"target": 0.9108019657193198, "params": {"C": 174.93873180959315, "epsilon": 0.1743437216313428, "gamma": 0.1, "lamda": 0.13715173837903347}, "datetime": {"datetime": "2021-09-23 09:58:14", "elapsed": 92.288338, "delta": 1.124769}}
{"target": 0.9109339448350047, "params": {"C": 167.73791470582216, "epsilon": 0.12483094526279309, "gamma": 0.05983675703487772, "lamda": 0.1456546878547724}, "datetime": {"datetime": "2021-09-23 09:58:15", "elapsed": 93.266067, "delta": 0.977729}}
{"target": 0.9070628876730628, "params": {"C": 167.80596056755158, "epsilon": 0.08069968834114075, "gamma": 0.05520402030211482, "lamda": 0.20715801217830573}, "datetime": {"datetime": "2021-09-23 09:58:16", "elapsed": 94.627808, "delta": 1.361741}}
{"target": 0.9092269042321517, "params": {"C": 173.116184520668, "epsilon": 0.2711672935975721, "gamma": 0.07155388155852868, "lamda": 0.2282237986792942}, "datetime": {"datetime": "2021-09-23 09:58:17", "elapsed": 95.287372, "delta": 0.659564}}
{"target": 0.9142511445931331, "params": {"C": 167.71305327824462, "epsilon": 0.09032750584924866, "gamma": 0.0733484071610894, "lamda": 0.219633410655386}, "datetime": {"datetime": "2021-09-23 09:58:18", "elapsed": 96.152181, "delta": 0.864809}}
{"target": 0.9103450797386722, "params": {"C": 170.1198078329494, "epsilon": 0.0895574235276991, "gamma": 0.06174877842391768, "lamda": 0.34120909145388983}, "datetime": {"datetime": "2021-09-23 09:58:19", "elapsed": 96.835973, "delta": 0.683792}}
{"target": 0.9099880071280615, "params": {"C": 167.74745974014394, "epsilon": 0.17549493344267197, "gamma": 0.09661846560500442, "lamda": 0.22397151638235524}, "datetime": {"datetime": "2021-09-23 09:58:20", "elapsed": 97.775744, "delta": 0.939771}}
{"target": 0.910893307983449, "params": {"C": 167.66043730499177, "epsilon": 0.10581390267699836, "gamma": 0.09509200137107907, "lamda": 0.2758782966672584}, "datetime": {"datetime": "2021-09-23 09:58:20", "elapsed": 98.66284, "delta": 0.887096}}
{"target": 0.909836049124175, "params": {"C": 181.3712720653632, "epsilon": 0.1504663311789134, "gamma": 0.06362056568069865, "lamda": 0.27142960024384016}, "datetime": {"datetime": "2021-09-23 09:58:21", "elapsed": 99.404177, "delta": 0.741337}}
{"target": 0.911009253169068, "params": {"C": 167.72552911444333, "epsilon": 0.0713172304269004, "gamma": 0.1, "lamda": 0.17795008991270392}, "datetime": {"datetime": "2021-09-23 09:58:22", "elapsed": 100.394211, "delta": 0.990034}}
{"target": 0.9145451336088882, "params": {"C": 169.44502282573507, "epsilon": 0.14354108194382653, "gamma": 0.07791190197171274, "lamda": 0.1379765351709523}, "datetime": {"datetime": "2021-09-23 09:58:23", "elapsed": 101.145327, "delta": 0.751116}}
{"target": 0.9135039847289909, "params": {"C": 169.5014661832965, "epsilon": 0.17321251528721254, "gamma": 0.08826642205442788, "lamda": 0.12179303247289612}, "datetime": {"datetime": "2021-09-23 09:58:24", "elapsed": 102.034437, "delta": 0.88911}}
{"target": 0.9083346195528762, "params": {"C": 169.4955935402835, "epsilon": 0.12532153146382513, "gamma": 0.05888324563207319, "lamda": 0.11963841899840678}, "datetime": {"datetime": "2021-09-23 09:58:25", "elapsed": 102.951959, "delta": 0.917522}}
{"target": 0.9132198649282294, "params": {"C": 169.45877474148514, "epsilon": 0.1423869513037977, "gamma": 0.08052343755605725, "lamda": 0.19387317492773845}, "datetime": {"datetime": "2021-09-23 09:58:26", "elapsed": 104.409775, "delta": 1.457816}}
{"target": 0.9141543430876914, "params": {"C": 169.38386019925062, "epsilon": 0.1305662685225523, "gamma": 0.07348400849736943, "lamda": 0.16797833058875547}, "datetime": {"datetime": "2021-09-23 09:58:27", "elapsed": 105.396245, "delta": 0.98647}}
{"target": 0.9115612975472134, "params": {"C": 169.46788169139086, "epsilon": 0.203496573587008, "gamma": 0.07084431374069128, "lamda": 0.18379661195067687}, "datetime": {"datetime": "2021-09-23 09:58:28", "elapsed": 106.557894, "delta": 1.161649}}
{"target": 0.9101639071541437, "params": {"C": 182.28829753824644, "epsilon": 0.10693937733365462, "gamma": 0.07358391813239087, "lamda": 0.4646541195261154}, "datetime": {"datetime": "2021-09-23 09:58:29", "elapsed": 107.285162, "delta": 0.727268}}
{"target": 0.9139423452026748, "params": {"C": 169.4001531613652, "epsilon": 0.1693158960437481, "gamma": 0.07915386367278127, "lamda": 0.08427343566757267}, "datetime": {"datetime": "2021-09-23 09:58:30", "elapsed": 108.339416, "delta": 1.054254}}
{"target": 0.9095597820910937, "params": {"C": 169.44662463229145, "epsilon": 0.1948937091990632, "gamma": 0.08259769140982876, "lamda": 0.040242562158934785}, "datetime": {"datetime": "2021-09-23 09:58:31", "elapsed": 109.353618, "delta": 1.014202}}
{"target": 0.9128958142478181, "params": {"C": 150.16877025881394, "epsilon": 0.09564429793275399, "gamma": 0.08872597900291256, "lamda": 0.22996841807230384}, "datetime": {"datetime": "2021-09-23 09:58:32", "elapsed": 110.18949, "delta": 0.835872}}
{"target": 0.9133332929552744, "params": {"C": 169.40580710266562, "epsilon": 0.09779490261751103, "gamma": 0.07714860328793428, "lamda": 0.13361824661386368}, "datetime": {"datetime": "2021-09-23 09:58:33", "elapsed": 111.52079, "delta": 1.3313}}
{"target": 0.9122455197955563, "params": {"C": 169.39943481028126, "epsilon": 0.18712314926336138, "gamma": 0.08341898995140987, "lamda": 0.17937524808060895}, "datetime": {"datetime": "2021-09-23 09:58:35", "elapsed": 112.960716, "delta": 1.439926}}
{"target": 0.909518826549489, "params": {"C": 153.65146983491155, "epsilon": 0.28028213396176715, "gamma": 0.09531814664678613, "lamda": 0.16276183278771827}, "datetime": {"datetime": "2021-09-23 09:58:36", "elapsed": 113.687639, "delta": 0.726923}}
{"target": 0.9063860064686302, "params": {"C": 174.69248053259096, "epsilon": 0.25304966995857925, "gamma": 0.05113380285369337, "lamda": 0.127150007428974}, "datetime": {"datetime": "2021-09-23 09:58:36", "elapsed": 114.453456, "delta": 0.765817}}
{"target": 0.9117464960899826, "params": {"C": 169.36001659951535, "epsilon": 0.12677838380618062, "gamma": 0.09776638118610607, "lamda": 0.1355883822234144}, "datetime": {"datetime": "2021-09-23 09:58:37", "elapsed": 115.595958, "delta": 1.142502}}
{"target": 0.903205154010836, "params": {"C": 169.32402602216388, "epsilon": 0.19161670846051346, "gamma": 0.052344534457949, "lamda": 0.08010396395976249}, "datetime": {"datetime": "2021-09-23 09:58:38", "elapsed": 116.572095, "delta": 0.976137}}
{"target": 0.9118577114773377, "params": {"C": 189.11179562327413, "epsilon": 0.2721472114676222, "gamma": 0.07793852805525912, "lamda": 0.16223037872651386}, "datetime": {"datetime": "2021-09-23 09:58:39", "elapsed": 117.328524, "delta": 0.756429}}
{"target": 0.9131308660910331, "params": {"C": 180.67664769457645, "epsilon": 0.19461348016196478, "gamma": 0.07752903080272007, "lamda": 0.0599153703782911}, "datetime": {"datetime": "2021-09-23 09:58:40", "elapsed": 118.127384, "delta": 0.79886}}
{"target": 0.907818017011341, "params": {"C": 180.71891959201434, "epsilon": 0.20869799677103984, "gamma": 0.05153442844926323, "lamda": 0.09905940702682171}, "datetime": {"datetime": "2021-09-23 09:58:41", "elapsed": 119.103817, "delta": 0.976433}}
{"target": 0.9138077714568951, "params": {"C": 163.92535686191925, "epsilon": 0.29192016097334234, "gamma": 0.0759083538182782, "lamda": 0.08634361478811238}, "datetime": {"datetime": "2021-09-23 09:58:42", "elapsed": 119.883094, "delta": 0.779277}}
{"target": 0.9110866231452959, "params": {"C": 170.32234998764324, "epsilon": 0.07623814077202065, "gamma": 0.05955706039551626, "lamda": 0.2265293395284838}, "datetime": {"datetime": "2021-09-23 09:58:43", "elapsed": 120.728207, "delta": 0.845113}}
{"target": 0.9123310409562466, "params": {"C": 163.95348655119454, "epsilon": 0.28491926136521717, "gamma": 0.08343217905529068, "lamda": 0.04237616223206747}, "datetime": {"datetime": "2021-09-23 09:58:44", "elapsed": 121.718189, "delta": 0.989982}}
{"target": 0.9142307838204512, "params": {"C": 169.36562771523188, "epsilon": 0.08542762318588627, "gamma": 0.08064089092237868, "lamda": 0.2331828124318088}, "datetime": {"datetime": "2021-09-23 09:58:45", "elapsed": 122.954776, "delta": 1.236587}}
{"target": 0.9111946017281078, "params": {"C": 169.32512860437575, "epsilon": 0.120597036551499, "gamma": 0.09732307837212556, "lamda": 0.2033919119893291}, "datetime": {"datetime": "2021-09-23 09:58:46", "elapsed": 123.961627, "delta": 1.006851}}
{"target": 0.9033965464032322, "params": {"C": 169.43526518075845, "epsilon": 0.0712617161378538, "gamma": 0.05216267501424838, "lamda": 0.20997763414541332}, "datetime": {"datetime": "2021-09-23 09:58:47", "elapsed": 125.218959, "delta": 1.257332}}
{"target": 0.9057268919476278, "params": {"C": 162.92570929531016, "epsilon": 0.08844656610573773, "gamma": 0.09931953721485268, "lamda": 0.04666989292368355}, "datetime": {"datetime": "2021-09-23 09:58:48", "elapsed": 126.197264, "delta": 0.978305}}
{"target": 0.9119580302729166, "params": {"C": 169.43587956093828, "epsilon": 0.20092966707704024, "gamma": 0.0625488340487142, "lamda": 0.12830881921940596}, "datetime": {"datetime": "2021-09-23 09:58:49", "elapsed": 127.42095, "delta": 1.223686}}
{"target": 0.9065306444834043, "params": {"C": 154.73432414877624, "epsilon": 0.1553381973390438, "gamma": 0.07166011719569826, "lamda": 0.46776649280375077}, "datetime": {"datetime": "2021-09-23 09:58:50", "elapsed": 128.214898, "delta": 0.793948}}
{"target": 0.9122852627079567, "params": {"C": 169.36463467558548, "epsilon": 0.10084740043668163, "gamma": 0.07037660562505568, "lamda": 0.29796569482767793}, "datetime": {"datetime": "2021-09-23 09:58:51", "elapsed": 129.3479, "delta": 1.133002}}
{"target": 0.9082174822193577, "params": {"C": 156.40043743307837, "epsilon": 0.10294029423323525, "gamma": 0.05583932028596941, "lamda": 0.29153424663894284}, "datetime": {"datetime": "2021-09-23 09:58:52", "elapsed": 130.153782, "delta": 0.805882}}
{"target": 0.9116838792664992, "params": {"C": 169.40962326377144, "epsilon": 0.1545628053717905, "gamma": 0.08502995402831223, "lamda": 0.23106430229938726}, "datetime": {"datetime": "2021-09-23 09:58:53", "elapsed": 131.198103, "delta": 1.044321}}
{"target": 0.9058212810565893, "params": {"C": 180.63620478901936, "epsilon": 0.18113173010381844, "gamma": 0.1, "lamda": 0.02246093617743317}, "datetime": {"datetime": "2021-09-23 09:58:54", "elapsed": 132.295821, "delta": 1.097718}}
{"target": 0.9119184863546465, "params": {"C": 169.4558488484273, "epsilon": 0.17384934412467293, "gamma": 0.09305941546049887, "lamda": 0.15588003970103695}, "datetime": {"datetime": "2021-09-23 09:58:55", "elapsed": 133.506553, "delta": 1.210732}}
{"target": 0.9135353825583332, "params": {"C": 170.27156894396057, "epsilon": 0.07693529431750451, "gamma": 0.08869338223797776, "lamda": 0.22344895968551637}, "datetime": {"datetime": "2021-09-23 09:58:57", "elapsed": 134.778635, "delta": 1.272082}}
{"target": 0.912214826350217, "params": {"C": 188.08634486684485, "epsilon": 0.21030583384507298, "gamma": 0.08218954517225557, "lamda": 0.18343844897264489}, "datetime": {"datetime": "2021-09-23 09:58:58", "elapsed": 135.972258, "delta": 1.193623}}
{"target": 0.9101242654857271, "params": {"C": 183.95533670854388, "epsilon": 0.11912836190687232, "gamma": 0.08393438837511905, "lamda": 0.440583546133306}, "datetime": {"datetime": "2021-09-23 09:58:59", "elapsed": 136.743629, "delta": 0.771371}}
{"target": 0.9084842191194332, "params": {"C": 182.50497762185933, "epsilon": 0.17036601773491478, "gamma": 0.06064219032526432, "lamda": 0.26843080863094965}, "datetime": {"datetime": "2021-09-23 09:58:59", "elapsed": 137.539263, "delta": 0.795634}}
{"target": 0.9075812874400804, "params": {"C": 180.4300689783277, "epsilon": 0.14992704473297, "gamma": 0.0847381960241531, "lamda": 0.4838901270371699}, "datetime": {"datetime": "2021-09-23 09:59:00", "elapsed": 138.385679, "delta": 0.846416}}
{"target": 0.9029486690387363, "params": {"C": 192.36383974795103, "epsilon": 0.2664775931826298, "gamma": 0.06264924657051107, "lamda": 0.3925027808779932}, "datetime": {"datetime": "2021-09-23 09:59:01", "elapsed": 139.19697, "delta": 0.811291}}
{"target": 0.9133494565239285, "params": {"C": 169.56979917222122, "epsilon": 0.19433658376910937, "gamma": 0.0815611258136756, "lamda": 0.14132103836557378}, "datetime": {"datetime": "2021-09-23 09:59:02", "elapsed": 140.30345, "delta": 1.10648}}
{"target": 0.9118194532312546, "params": {"C": 188.09342450247212, "epsilon": 0.1151860632109395, "gamma": 0.09735388533141577, "lamda": 0.1265308927824748}, "datetime": {"datetime": "2021-09-23 09:59:03", "elapsed": 141.557828, "delta": 1.254378}}
{"target": 0.9114451971043737, "params": {"C": 157.04642850434644, "epsilon": 0.2025000386285606, "gamma": 0.09587284068188014, "lamda": 0.06010591354773052}, "datetime": {"datetime": "2021-09-23 09:59:04", "elapsed": 142.418445, "delta": 0.860617}}
{"target": 0.9116054646464362, "params": {"C": 194.93193122429875, "epsilon": 0.20955934305351218, "gamma": 0.05884348017576649, "lamda": 0.11669135605139964}, "datetime": {"datetime": "2021-09-23 09:59:05", "elapsed": 143.265923, "delta": 0.847478}}
{"target": 0.9143901470219329, "params": {"C": 188.07943596530475, "epsilon": 0.07486018759408354, "gamma": 0.0831962426867538, "lamda": 0.16591875874080378}, "datetime": {"datetime": "2021-09-23 09:59:06", "elapsed": 144.204562, "delta": 0.938639}}
{"target": 0.9053661554405076, "params": {"C": 188.0598810896831, "epsilon": 0.15375908977707903, "gamma": 0.05, "lamda": 0.23795240293762726}, "datetime": {"datetime": "2021-09-23 09:59:07", "elapsed": 145.202732, "delta": 0.99817}}
{"target": 0.9125736263610797, "params": {"C": 170.35212352083602, "epsilon": 0.07541873947916147, "gamma": 0.06270149310874362, "lamda": 0.2729661694396714}, "datetime": {"datetime": "2021-09-23 09:59:08", "elapsed": 146.394197, "delta": 1.191465}}
{"target": 0.9134114594555849, "params": {"C": 169.55587430048496, "epsilon": 0.23031087533087272, "gamma": 0.08857509539455492, "lamda": 0.09605058688167183}, "datetime": {"datetime": "2021-09-23 09:59:09", "elapsed": 147.496931, "delta": 1.102734}}
{"target": 0.9142689341175608, "params": {"C": 187.3944481615112, "epsilon": 0.09031723945204662, "gamma": 0.08637653698190637, "lamda": 0.16827716279757468}, "datetime": {"datetime": "2021-09-23 09:59:10", "elapsed": 148.398381, "delta": 0.90145}}
{"target": 0.9132763735176929, "params": {"C": 187.33803611786342, "epsilon": 0.09132394138305218, "gamma": 0.06258057639058115, "lamda": 0.20148872083802424}, "datetime": {"datetime": "2021-09-23 09:59:11", "elapsed": 149.538526, "delta": 1.140145}}
{"target": 0.9016474120410779, "params": {"C": 161.42296303424615, "epsilon": 0.24541767385506466, "gamma": 0.07115799203173824, "lamda": 0.4871424084269951}, "datetime": {"datetime": "2021-09-23 09:59:12", "elapsed": 150.350284, "delta": 0.811758}}
{"target": 0.9099817255607185, "params": {"C": 169.52460769126898, "epsilon": 0.22928889291132074, "gamma": 0.1, "lamda": 0.1436632472788065}, "datetime": {"datetime": "2021-09-23 09:59:14", "elapsed": 151.999591, "delta": 1.649307}}
{"target": 0.9003039238273902, "params": {"C": 187.362087511198, "epsilon": 0.07248601078977773, "gamma": 0.050395938941826465, "lamda": 0.14427842031496205}, "datetime": {"datetime": "2021-09-23 09:59:15", "elapsed": 153.604309, "delta": 1.604718}}
{"target": 0.9132257273980025, "params": {"C": 187.383340132959, "epsilon": 0.10604942600661205, "gamma": 0.08401596815995124, "lamda": 0.24675842735033796}, "datetime": {"datetime": "2021-09-23 09:59:17", "elapsed": 155.06042, "delta": 1.456111}}
{"target": 0.9090243821128883, "params": {"C": 187.37003410475995, "epsilon": 0.13683697909071832, "gamma": 0.054876974847869846, "lamda": 0.2065754204703921}, "datetime": {"datetime": "2021-09-23 09:59:18", "elapsed": 156.11052, "delta": 1.0501}}
{"target": 0.9046994827734485, "params": {"C": 172.61585961426854, "epsilon": 0.2726270978271409, "gamma": 0.09771746211879152, "lamda": 0.33292951103736146}, "datetime": {"datetime": "2021-09-23 09:59:19", "elapsed": 156.974993, "delta": 0.864473}}
{"target": 0.9122217886399657, "params": {"C": 187.39708935865008, "epsilon": 0.13177476063870125, "gamma": 0.09388415956143324, "lamda": 0.17478563230949648}, "datetime": {"datetime": "2021-09-23 09:59:20", "elapsed": 158.141277, "delta": 1.166284}}
{"target": 0.9116661888326845, "params": {"C": 196.17994785946036, "epsilon": 0.1466705203711312, "gamma": 0.06911961503159478, "lamda": 0.26306216458793413}, "datetime": {"datetime": "2021-09-23 09:59:21", "elapsed": 158.999105, "delta": 0.857828}}
{"target": 0.897575004242549, "params": {"C": 180.82427426959276, "epsilon": 0.27766210751813003, "gamma": 0.06368291339057666, "lamda": 0.003303784508011215}, "datetime": {"datetime": "2021-09-23 09:59:22", "elapsed": 160.09624, "delta": 1.097135}}
{"target": 0.908953607498979, "params": {"C": 181.08917898003142, "epsilon": 0.24734929719218043, "gamma": 0.06917607887155516, "lamda": 0.2559013001643146}, "datetime": {"datetime": "2021-09-23 09:59:23", "elapsed": 161.025491, "delta": 0.929251}}
{"target": 0.9121331538313426, "params": {"C": 187.45648456615285, "epsilon": 0.09574594148242614, "gamma": 0.09607636750836344, "lamda": 0.16596641707346443}, "datetime": {"datetime": "2021-09-23 09:59:24", "elapsed": 162.413464, "delta": 1.387973}}
{"target": 0.9102374817034389, "params": {"C": 166.168566577629, "epsilon": 0.09988580545797374, "gamma": 0.06519958080557356, "lamda": 0.12918064446318075}, "datetime": {"datetime": "2021-09-23 09:59:25", "elapsed": 163.340625, "delta": 0.927161}}
{"target": 0.9139412994669198, "params": {"C": 187.32519875372986, "epsilon": 0.09023804252388076, "gamma": 0.08444555373781285, "lamda": 0.23003777055222854}, "datetime": {"datetime": "2021-09-23 09:59:26", "elapsed": 164.533448, "delta": 1.192823}}
{"target": 0.9118524930792314, "params": {"C": 169.4392980534838, "epsilon": 0.12891545970666352, "gamma": 0.07794111675003551, "lamda": 0.08235694646960749}, "datetime": {"datetime": "2021-09-23 09:59:28", "elapsed": 166.145131, "delta": 1.611683}}
{"target": 0.9113063682953724, "params": {"C": 169.60873495521253, "epsilon": 0.21807898350336372, "gamma": 0.09691262525111176, "lamda": 0.12156913966198792}, "datetime": {"datetime": "2021-09-23 09:59:29", "elapsed": 167.34785, "delta": 1.202719}}
{"target": 0.9125200556220667, "params": {"C": 167.6822357581532, "epsilon": 0.13775170858513242, "gamma": 0.07279642486646981, "lamda": 0.22511225895088005}, "datetime": {"datetime": "2021-09-23 09:59:31", "elapsed": 168.836778, "delta": 1.488928}}
{"target": 0.9065999369194296, "params": {"C": 187.35275789668603, "epsilon": 0.07, "gamma": 0.05, "lamda": 0.25294824486973616}, "datetime": {"datetime": "2021-09-23 09:59:32", "elapsed": 170.255755, "delta": 1.418977}}
{"target": 0.9125233846336059, "params": {"C": 187.3416156348464, "epsilon": 0.09953499556200249, "gamma": 0.09396213251177621, "lamda": 0.1957659859290317}, "datetime": {"datetime": "2021-09-23 09:59:34", "elapsed": 171.910661, "delta": 1.654906}}
{"target": 0.9080076988208001, "params": {"C": 169.58154914843476, "epsilon": 0.2689276852471203, "gamma": 0.07492564117350407, "lamda": 0.27399500822970435}, "datetime": {"datetime": "2021-09-23 09:59:35", "elapsed": 172.771903, "delta": 0.861242}}
{"target": 0.9062224669864247, "params": {"C": 191.54942518712278, "epsilon": 0.16961796099901022, "gamma": 0.09937823935940569, "lamda": 0.4264911175607712}, "datetime": {"datetime": "2021-09-23 09:59:35", "elapsed": 173.657283, "delta": 0.88538}}
{"target": 0.9111473107271066, "params": {"C": 169.40992218472732, "epsilon": 0.14791132520873662, "gamma": 0.1, "lamda": 0.1256481516203724}, "datetime": {"datetime": "2021-09-23 09:59:37", "elapsed": 174.921856, "delta": 1.264573}}
