{"target": 0.9127998758736994, "params": {"C": 982.8921197590477, "epsilon": 0.1439578193303704, "gamma": 0.06813283965316862, "lamda": 0.048358879347612155}, "datetime": {"datetime": "2021-09-23 11:34:56", "elapsed": 265.043218, "delta": 1.629966}}
{"target": 0.9124341506329494, "params": {"C": 924.8123359051203, "epsilon": 0.12280673598800426, "gamma": 0.08792931399912751, "lamda": 0.1033267119836351}, "datetime": {"datetime": "2021-09-23 11:34:58", "elapsed": 266.654321, "delta": 1.611103}}
{"target": 0.9168003904683796, "params": {"C": 812.7426003499066, "epsilon": 0.1727184222242124, "gamma": 0.07984072148275445, "lamda": 0.13176782465950304}, "datetime": {"datetime": "2021-09-23 11:34:59", "elapsed": 267.823079, "delta": 1.168758}}
{"target": 0.9160892539824212, "params": {"C": 857.1393197330333, "epsilon": 0.22823079490973522, "gamma": 0.06928590549830665, "lamda": 0.1473442712283945}, "datetime": {"datetime": "2021-09-23 11:35:00", "elapsed": 268.977151, "delta": 1.154072}}
{"target": 0.9128631962030894, "params": {"C": 912.9263565207514, "epsilon": 0.2199373880480695, "gamma": 0.05056384705760446, "lamda": 0.14242457694392477}, "datetime": {"datetime": "2021-09-23 11:35:02", "elapsed": 270.646083, "delta": 1.668932}}
{"target": 0.914748883870599, "params": {"C": 843.9243163534964, "epsilon": 0.3202194792097717, "gamma": 0.08013465706119934, "lamda": 0.12422682886666042}, "datetime": {"datetime": "2021-09-23 11:35:03", "elapsed": 272.356118, "delta": 1.710035}}
{"target": 0.9126934262473417, "params": {"C": 920.5425526321254, "epsilon": 0.250670553598364, "gamma": 0.0954499498509773, "lamda": 0.1440189423794665}, "datetime": {"datetime": "2021-09-23 11:35:05", "elapsed": 273.552078, "delta": 1.19596}}
{"target": 0.9127764363682475, "params": {"C": 982.7797553534208, "epsilon": 0.2073516391392354, "gamma": 0.09654068057348868, "lamda": 0.14225013660629143}, "datetime": {"datetime": "2021-09-23 11:35:07", "elapsed": 275.547079, "delta": 1.995001}}
{"target": 0.9180946965000805, "params": {"C": 973.3255515753349, "epsilon": 0.21445232327142957, "gamma": 0.0702136399569202, "lamda": 0.09144201156350942}, "datetime": {"datetime": "2021-09-23 11:35:08", "elapsed": 277.276272, "delta": 1.729193}}
{"target": 0.9182721985729477, "params": {"C": 860.928826334689, "epsilon": 0.12193697850033626, "gamma": 0.06567979997774094, "lamda": 0.11470875211564603}, "datetime": {"datetime": "2021-09-23 11:35:10", "elapsed": 278.511418, "delta": 1.235146}}
{"target": 0.9114456944053422, "params": {"C": 830.0073438641167, "epsilon": 0.2480239614953337, "gamma": 0.09671552703043951, "lamda": 0.06918503209129201}, "datetime": {"datetime": "2021-09-23 11:35:11", "elapsed": 279.713053, "delta": 1.201635}}
{"target": 0.9133773530531999, "params": {"C": 973.3849732309961, "epsilon": 0.26818711798361583, "gamma": 0.05728306878227152, "lamda": 0.1440639414759612}, "datetime": {"datetime": "2021-09-23 11:35:13", "elapsed": 281.485047, "delta": 1.771994}}
{"target": 0.9137539730270727, "params": {"C": 973.2287264692557, "epsilon": 0.26571812954803253, "gamma": 0.05098852723793462, "lamda": 0.10884882962580952}, "datetime": {"datetime": "2021-09-23 11:35:15", "elapsed": 283.536086, "delta": 2.051039}}
{"target": 0.9182126265405273, "params": {"C": 860.9550149129653, "epsilon": 0.19432817973244526, "gamma": 0.06694854401836758, "lamda": 0.10576233266929802}, "datetime": {"datetime": "2021-09-23 11:35:17", "elapsed": 285.588057, "delta": 2.051971}}
{"target": 0.9183611464153181, "params": {"C": 936.6095755068584, "epsilon": 0.16895385512199862, "gamma": 0.06621626226271977, "lamda": 0.11295086800523657}, "datetime": {"datetime": "2021-09-23 11:35:18", "elapsed": 286.877086, "delta": 1.289029}}
{"target": 0.9172501229483283, "params": {"C": 936.645735292381, "epsilon": 0.24728398094419676, "gamma": 0.07235544791755412, "lamda": 0.10853446824969114}, "datetime": {"datetime": "2021-09-23 11:35:20", "elapsed": 288.740659, "delta": 1.863573}}
{"target": 0.9159772237884324, "params": {"C": 936.5324588428141, "epsilon": 0.22035279389721862, "gamma": 0.07607887979411508, "lamda": 0.1512530206908957}, "datetime": {"datetime": "2021-09-23 11:35:22", "elapsed": 290.742163, "delta": 2.001504}}
{"target": 0.9177342582510722, "params": {"C": 885.7119688716997, "epsilon": 0.07764213649972836, "gamma": 0.06827143968564899, "lamda": 0.16187867009114876}, "datetime": {"datetime": "2021-09-23 11:35:24", "elapsed": 293.001338, "delta": 2.259175}}
{"target": 0.9147114237682537, "params": {"C": 861.0030457820795, "epsilon": 0.1485571438582857, "gamma": 0.08857108955692163, "lamda": 0.13933815487118187}, "datetime": {"datetime": "2021-09-23 11:35:26", "elapsed": 294.782913, "delta": 1.781575}}
{"target": 0.9078383336572758, "params": {"C": 860.893211586367, "epsilon": 0.16436489406822602, "gamma": 0.09068622712692107, "lamda": 0.0570712574077365}, "datetime": {"datetime": "2021-09-23 11:35:28", "elapsed": 296.575596, "delta": 1.792683}}
{"target": 0.9174021852633673, "params": {"C": 936.7000080951251, "epsilon": 0.1698494401228709, "gamma": 0.05525722774233302, "lamda": 0.0627127470536284}, "datetime": {"datetime": "2021-09-23 11:35:29", "elapsed": 298.368175, "delta": 1.792579}}
{"target": 0.9129198951683044, "params": {"C": 936.6967601245547, "epsilon": 0.2117282584517847, "gamma": 0.05204843550410423, "lamda": 0.15669730820130534}, "datetime": {"datetime": "2021-09-23 11:35:32", "elapsed": 300.669082, "delta": 2.300907}}
{"target": 0.9128169491793924, "params": {"C": 936.564977617723, "epsilon": 0.12974072640194464, "gamma": 0.05316047725785583, "lamda": 0.04671484787962747}, "datetime": {"datetime": "2021-09-23 11:35:34", "elapsed": 302.643992, "delta": 1.97491}}
{"target": 0.9170900188699705, "params": {"C": 835.88157653382, "epsilon": 0.28998666375902193, "gamma": 0.07057475939248535, "lamda": 0.0969438097091884}, "datetime": {"datetime": "2021-09-23 11:35:35", "elapsed": 304.023948, "delta": 1.379956}}
{"target": 0.9152551505527312, "params": {"C": 860.9294628283913, "epsilon": 0.24218842017488015, "gamma": 0.07128940609687762, "lamda": 0.15964041365448234}, "datetime": {"datetime": "2021-09-23 11:35:37", "elapsed": 306.082927, "delta": 2.058979}}
{"target": 0.9129171163036056, "params": {"C": 864.870734799732, "epsilon": 0.28153234039589137, "gamma": 0.08792445502373514, "lamda": 0.1606400965935979}, "datetime": {"datetime": "2021-09-23 11:35:39", "elapsed": 307.563235, "delta": 1.480308}}
{"target": 0.9171665869428883, "params": {"C": 809.7182946155979, "epsilon": 0.25756503785295354, "gamma": 0.07733456309375222, "lamda": 0.07760496692916412}, "datetime": {"datetime": "2021-09-23 11:35:40", "elapsed": 308.875691, "delta": 1.312456}}
{"target": 0.9169723295070153, "params": {"C": 978.3514792148516, "epsilon": 0.3150315973108832, "gamma": 0.053502948336108455, "lamda": 0.0599799738296901}, "datetime": {"datetime": "2021-09-23 11:35:42", "elapsed": 310.657453, "delta": 1.781762}}
{"target": 0.9126444171613893, "params": {"C": 913.0597325599767, "epsilon": 0.20417536353936186, "gamma": 0.09614183068533531, "lamda": 0.16649771267538932}, "datetime": {"datetime": "2021-09-23 11:35:44", "elapsed": 313.261574, "delta": 2.604121}}
{"target": 0.9115532927033645, "params": {"C": 982.9345891791419, "epsilon": 0.2556561400043248, "gamma": 0.09819415469813887, "lamda": 0.159437650613029}, "datetime": {"datetime": "2021-09-23 11:35:46", "elapsed": 315.11453, "delta": 1.852956}}
{"target": 0.9162725629031774, "params": {"C": 923.7762530638995, "epsilon": 0.08066726692733826, "gamma": 0.06763201345949821, "lamda": 0.11968006948953537}, "datetime": {"datetime": "2021-09-23 11:35:48", "elapsed": 316.900565, "delta": 1.786035}}
{"target": 0.9160649058043147, "params": {"C": 870.2843997360436, "epsilon": 0.15697802932180063, "gamma": 0.08194601307802984, "lamda": 0.1147602549758816}, "datetime": {"datetime": "2021-09-23 11:35:49", "elapsed": 318.42657, "delta": 1.526005}}
{"target": 0.9145699311449762, "params": {"C": 870.2945237157721, "epsilon": 0.26794464439505894, "gamma": 0.05920768482947676, "lamda": 0.1330389306168926}, "datetime": {"datetime": "2021-09-23 11:35:51", "elapsed": 320.170386, "delta": 1.743816}}
{"target": 0.9165760280172859, "params": {"C": 858.4907484907658, "epsilon": 0.34, "gamma": 0.05, "lamda": 0.045}, "datetime": {"datetime": "2021-09-23 11:35:53", "elapsed": 322.29849, "delta": 2.128104}}
{"target": 0.9128499389888513, "params": {"C": 805.7742524547168, "epsilon": 0.1689779865709901, "gamma": 0.09628892887561855, "lamda": 0.15633446577660834}, "datetime": {"datetime": "2021-09-23 11:35:56", "elapsed": 324.777382, "delta": 2.478892}}
{"target": 0.9113672135780837, "params": {"C": 807.6995314963316, "epsilon": 0.15966298031580464, "gamma": 0.09756167612076304, "lamda": 0.10905662767998833}, "datetime": {"datetime": "2021-09-23 11:35:57", "elapsed": 326.264376, "delta": 1.486994}}
{"target": 0.9176938077864176, "params": {"C": 958.9902618194988, "epsilon": 0.22271233615069538, "gamma": 0.06509679538871722, "lamda": 0.10885538626972524}, "datetime": {"datetime": "2021-09-23 11:35:59", "elapsed": 327.562416, "delta": 1.29804}}
{"target": 0.9115277081269212, "params": {"C": 885.6099486228877, "epsilon": 0.1596156519293051, "gamma": 0.09864820076664788, "lamda": 0.12114591096921778}, "datetime": {"datetime": "2021-09-23 11:36:01", "elapsed": 329.739385, "delta": 2.176969}}
{"target": 0.9149377564686673, "params": {"C": 862.6369646857464, "epsilon": 0.26786962557184213, "gamma": 0.08273083038078036, "lamda": 0.13456255638717451}, "datetime": {"datetime": "2021-09-23 11:36:02", "elapsed": 331.139402, "delta": 1.400017}}
{"target": 0.9174910334288813, "params": {"C": 840.8175132505189, "epsilon": 0.32433525242429034, "gamma": 0.07343933931163582, "lamda": 0.07280300086824755}, "datetime": {"datetime": "2021-09-23 11:36:04", "elapsed": 332.519988, "delta": 1.380586}}
{"target": 0.9180707524162246, "params": {"C": 792.507425030332, "epsilon": 0.3158765529891189, "gamma": 0.06596412858036818, "lamda": 0.04761821545940731}, "datetime": {"datetime": "2021-09-23 11:36:05", "elapsed": 333.815077, "delta": 1.295089}}
{"target": 0.8982764470449474, "params": {"C": 833.6841824462897, "epsilon": 0.07579079354818789, "gamma": 0.09652466291801456, "lamda": 0.07761256671932223}, "datetime": {"datetime": "2021-09-23 11:36:06", "elapsed": 335.239037, "delta": 1.42396}}
{"target": 0.9146849825387601, "params": {"C": 949.9675098672722, "epsilon": 0.3065262161672765, "gamma": 0.08455432653512204, "lamda": 0.1183839309742476}, "datetime": {"datetime": "2021-09-23 11:36:08", "elapsed": 336.568044, "delta": 1.329007}}
{"target": 0.9179375610254427, "params": {"C": 792.4306598904766, "epsilon": 0.2730346340627978, "gamma": 0.05904671008967021, "lamda": 0.04769602777593736}, "datetime": {"datetime": "2021-09-23 11:36:10", "elapsed": 338.92252, "delta": 2.354476}}
{"target": 0.9082294047387313, "params": {"C": 917.6578138089467, "epsilon": 0.21019744991037084, "gamma": 0.09379814204666886, "lamda": 0.05060551859213616}, "datetime": {"datetime": "2021-09-23 11:36:13", "elapsed": 341.479263, "delta": 2.556743}}
{"target": 0.9141973508082297, "params": {"C": 862.1987242222583, "epsilon": 0.31081815005437025, "gamma": 0.0870526302396066, "lamda": 0.11967898771440492}, "datetime": {"datetime": "2021-09-23 11:36:14", "elapsed": 343.241879, "delta": 1.762616}}
{"target": 0.9148798274129036, "params": {"C": 792.4577348145676, "epsilon": 0.3039739074454402, "gamma": 0.07519338379074933, "lamda": 0.13461879526625617}, "datetime": {"datetime": "2021-09-23 11:36:16", "elapsed": 345.384132, "delta": 2.142253}}
{"target": 0.9148054359612952, "params": {"C": 885.7510645760734, "epsilon": 0.10076089024624017, "gamma": 0.07237218200777244, "lamda": 0.09370109706598474}, "datetime": {"datetime": "2021-09-23 11:36:19", "elapsed": 347.697769, "delta": 2.313637}}
{"target": 0.9076811580233286, "params": {"C": 936.6645641736872, "epsilon": 0.11825814479732848, "gamma": 0.1, "lamda": 0.10301694089941744}, "datetime": {"datetime": "2021-09-23 11:36:21", "elapsed": 349.975276, "delta": 2.277507}}
{"target": 0.9181682747711619, "params": {"C": 843.9408463711161, "epsilon": 0.2968097399432621, "gamma": 0.058740749653280654, "lamda": 0.05444437000559768}, "datetime": {"datetime": "2021-09-23 11:36:23", "elapsed": 351.699063, "delta": 1.723787}}
{"target": 0.9179376941910607, "params": {"C": 830.9894156983106, "epsilon": 0.27405699108629655, "gamma": 0.059479196255908605, "lamda": 0.04568160234671191}, "datetime": {"datetime": "2021-09-23 11:36:25", "elapsed": 354.312388, "delta": 2.613325}}
{"target": 0.9178180564395795, "params": {"C": 936.7144990713873, "epsilon": 0.26474834778521106, "gamma": 0.06913929882882786, "lamda": 0.0565333759748792}, "datetime": {"datetime": "2021-09-23 11:36:28", "elapsed": 357.036668, "delta": 2.72428}}
{"target": 0.9169622925993244, "params": {"C": 936.6250248418344, "epsilon": 0.28157554882676744, "gamma": 0.05034729070565322, "lamda": 0.05153168997302095}, "datetime": {"datetime": "2021-09-23 11:36:30", "elapsed": 359.266797, "delta": 2.230129}}
{"target": 0.9157086060070573, "params": {"C": 998.099623316441, "epsilon": 0.19391253838389677, "gamma": 0.08350191590409281, "lamda": 0.09492532442366465}, "datetime": {"datetime": "2021-09-23 11:36:32", "elapsed": 360.71346, "delta": 1.446663}}
{"target": 0.9163387532380055, "params": {"C": 978.1157400319721, "epsilon": 0.23687938861288807, "gamma": 0.05, "lamda": 0.045}, "datetime": {"datetime": "2021-09-23 11:36:35", "elapsed": 363.698207, "delta": 2.984747}}
{"target": 0.9157394553281841, "params": {"C": 802.6279204355073, "epsilon": 0.17233657698124688, "gamma": 0.08328339245332517, "lamda": 0.16834716633108227}, "datetime": {"datetime": "2021-09-23 11:36:36", "elapsed": 365.277975, "delta": 1.579768}}
{"target": 0.905800137422206, "params": {"C": 958.8470151144074, "epsilon": 0.08171987960473578, "gamma": 0.1, "lamda": 0.12438341656813369}, "datetime": {"datetime": "2021-09-23 11:36:39", "elapsed": 367.859484, "delta": 2.581509}}
{"target": 0.9147757058157285, "params": {"C": 924.7244042532374, "epsilon": 0.2550990346097187, "gamma": 0.05685222077663601, "lamda": 0.12644727225994368}, "datetime": {"datetime": "2021-09-23 11:36:42", "elapsed": 371.325721, "delta": 3.466237}}
{"target": 0.9113776965353142, "params": {"C": 864.2966984667689, "epsilon": 0.23798068294264096, "gamma": 0.09545978345900498, "lamda": 0.0662956849867388}, "datetime": {"datetime": "2021-09-23 11:36:44", "elapsed": 372.960949, "delta": 1.635228}}
{"target": 0.9178642825421733, "params": {"C": 792.4954156852135, "epsilon": 0.2084485771258145, "gamma": 0.061731795505072906, "lamda": 0.05741384046801051}, "datetime": {"datetime": "2021-09-23 11:36:46", "elapsed": 374.761023, "delta": 1.800074}}
{"target": 0.9182459295421246, "params": {"C": 792.4066811304339, "epsilon": 0.18691590622053333, "gamma": 0.06288799961172578, "lamda": 0.10613719241899677}, "datetime": {"datetime": "2021-09-23 11:36:49", "elapsed": 377.579088, "delta": 2.818065}}
{"target": 0.918311048338773, "params": {"C": 855.147610472554, "epsilon": 0.1277732159849431, "gamma": 0.06782022867134156, "lamda": 0.15072179972483984}, "datetime": {"datetime": "2021-09-23 11:36:50", "elapsed": 379.046546, "delta": 1.467458}}
{"target": 0.915696093053332, "params": {"C": 792.500142135857, "epsilon": 0.17801269054384863, "gamma": 0.058404082649436084, "lamda": 0.16649926407306162}, "datetime": {"datetime": "2021-09-23 11:36:52", "elapsed": 381.241611, "delta": 2.195065}}
{"target": 0.9168456156616523, "params": {"C": 805.0448562907181, "epsilon": 0.1643060756430439, "gamma": 0.0556513907320475, "lamda": 0.1356096253707345}, "datetime": {"datetime": "2021-09-23 11:36:54", "elapsed": 382.866658, "delta": 1.625047}}
{"target": 0.9145583905200191, "params": {"C": 792.4180983552739, "epsilon": 0.10481880186608769, "gamma": 0.08456060993452538, "lamda": 0.13976704238029913}, "datetime": {"datetime": "2021-09-23 11:36:57", "elapsed": 385.842256, "delta": 2.975598}}
{"target": 0.9164522903917312, "params": {"C": 936.6474325755922, "epsilon": 0.20343067590807443, "gamma": 0.05211502440059309, "lamda": 0.04925155126391047}, "datetime": {"datetime": "2021-09-23 11:37:00", "elapsed": 388.896616, "delta": 3.05436}}
{"target": 0.9165766058491241, "params": {"C": 858.6040305228477, "epsilon": 0.34, "gamma": 0.05, "lamda": 0.045}, "datetime": {"datetime": "2021-09-23 11:37:03", "elapsed": 392.3258, "delta": 3.429184}}
{"target": 0.9158778290713816, "params": {"C": 843.8668168676813, "epsilon": 0.21905148183793324, "gamma": 0.0510625876107987, "lamda": 0.04873750445077385}, "datetime": {"datetime": "2021-09-23 11:37:06", "elapsed": 395.201756, "delta": 2.875956}}
{"target": 0.9147044176661382, "params": {"C": 805.5381549742721, "epsilon": 0.13961013963630395, "gamma": 0.05, "lamda": 0.17}, "datetime": {"datetime": "2021-09-23 11:37:09", "elapsed": 397.926115, "delta": 2.724359}}
{"target": 0.9161052682155811, "params": {"C": 999.446490985928, "epsilon": 0.30746283993668844, "gamma": 0.07780961236405522, "lamda": 0.10409778840754944}, "datetime": {"datetime": "2021-09-23 11:37:10", "elapsed": 399.460225, "delta": 1.53411}}
{"target": 0.916846410779451, "params": {"C": 982.8651240138144, "epsilon": 0.2759564591903013, "gamma": 0.05, "lamda": 0.045}, "datetime": {"datetime": "2021-09-23 11:37:13", "elapsed": 402.337912, "delta": 2.877687}}
{"target": 0.915289346016618, "params": {"C": 792.6073752356735, "epsilon": 0.27454021229008985, "gamma": 0.08368867193979561, "lamda": 0.06211667402724613}, "datetime": {"datetime": "2021-09-23 11:37:16", "elapsed": 404.974629, "delta": 2.636717}}
{"target": 0.9099088738993637, "params": {"C": 792.4278154964428, "epsilon": 0.1917982626603675, "gamma": 0.08588673499505564, "lamda": 0.05024479609936637}, "datetime": {"datetime": "2021-09-23 11:37:19", "elapsed": 407.880605, "delta": 2.905976}}
{"target": 0.9166739214853141, "params": {"C": 792.3543782195201, "epsilon": 0.18919441608416734, "gamma": 0.07831403227397228, "lamda": 0.1434490695498833}, "datetime": {"datetime": "2021-09-23 11:37:21", "elapsed": 410.103072, "delta": 2.222467}}
{"target": 0.9147507203467429, "params": {"C": 931.7542003779166, "epsilon": 0.27971861737297204, "gamma": 0.08744927587515836, "lamda": 0.11569918568193333}, "datetime": {"datetime": "2021-09-23 11:37:23", "elapsed": 411.77863, "delta": 1.675558}}
{"target": 0.9173086583283765, "params": {"C": 986.131196642327, "epsilon": 0.11029448943906464, "gamma": 0.050964493351647405, "lamda": 0.1385826447685145}, "datetime": {"datetime": "2021-09-23 11:37:24", "elapsed": 413.314653, "delta": 1.536023}}
{"target": 0.9159670070200643, "params": {"C": 799.1488548308469, "epsilon": 0.24272998975175944, "gamma": 0.06357279126058848, "lamda": 0.13350211383855087}, "datetime": {"datetime": "2021-09-23 11:37:26", "elapsed": 414.806691, "delta": 1.492038}}
{"target": 0.9150900435933189, "params": {"C": 805.4103659326374, "epsilon": 0.14285160813180933, "gamma": 0.08575907324722765, "lamda": 0.12560891659306556}, "datetime": {"datetime": "2021-09-23 11:37:29", "elapsed": 417.599348, "delta": 2.792657}}
{"target": 0.9124919453177122, "params": {"C": 936.5733008668296, "epsilon": 0.205136502794062, "gamma": 0.09339378098637238, "lamda": 0.08207066872268594}, "datetime": {"datetime": "2021-09-23 11:37:31", "elapsed": 419.503953, "delta": 1.904605}}
{"target": 0.9151579197100078, "params": {"C": 889.0938292152988, "epsilon": 0.29659565990241227, "gamma": 0.08728278454251556, "lamda": 0.09255335618165592}, "datetime": {"datetime": "2021-09-23 11:37:32", "elapsed": 421.077482, "delta": 1.573529}}
{"target": 0.9136558212798539, "params": {"C": 978.206723929762, "epsilon": 0.16060710314538204, "gamma": 0.05, "lamda": 0.045}, "datetime": {"datetime": "2021-09-23 11:37:35", "elapsed": 423.863532, "delta": 2.78605}}
{"target": 0.9174666656262358, "params": {"C": 830.4014370005536, "epsilon": 0.24546723121661015, "gamma": 0.07438104149161551, "lamda": 0.09559640565811081}, "datetime": {"datetime": "2021-09-23 11:37:36", "elapsed": 425.387157, "delta": 1.523625}}
{"target": 0.9139493652226462, "params": {"C": 814.0501999924142, "epsilon": 0.1399868723898228, "gamma": 0.06346906964552478, "lamda": 0.04846491890290755}, "datetime": {"datetime": "2021-09-23 11:37:38", "elapsed": 427.259841, "delta": 1.872684}}
{"target": 0.9169912084990366, "params": {"C": 792.4932610252765, "epsilon": 0.2592941773433328, "gamma": 0.07846174187268248, "lamda": 0.08813601522105942}, "datetime": {"datetime": "2021-09-23 11:37:41", "elapsed": 429.634566, "delta": 2.374725}}
{"target": 0.9161143671794101, "params": {"C": 846.4223102490334, "epsilon": 0.22416505011158858, "gamma": 0.08342987301973391, "lamda": 0.10091701481832366}, "datetime": {"datetime": "2021-09-23 11:37:42", "elapsed": 431.203598, "delta": 1.569032}}
{"target": 0.913733047466768, "params": {"C": 936.5787059772189, "epsilon": 0.15912695812671265, "gamma": 0.05, "lamda": 0.17}, "datetime": {"datetime": "2021-09-23 11:37:45", "elapsed": 433.780907, "delta": 2.577309}}
{"target": 0.9156535800103714, "params": {"C": 830.4791561313702, "epsilon": 0.24757529424682614, "gamma": 0.08391214854657478, "lamda": 0.11900843485384902}, "datetime": {"datetime": "2021-09-23 11:37:48", "elapsed": 436.699888, "delta": 2.918981}}
{"target": 0.91748864102695, "params": {"C": 995.782745377375, "epsilon": 0.19349319123000225, "gamma": 0.06879496218512049, "lamda": 0.13419732775964677}, "datetime": {"datetime": "2021-09-23 11:37:49", "elapsed": 438.126824, "delta": 1.426936}}
{"target": 0.9182399745104475, "params": {"C": 851.5994999203738, "epsilon": 0.22574558692375116, "gamma": 0.061136872448762244, "lamda": 0.08283251368179342}, "datetime": {"datetime": "2021-09-23 11:37:51", "elapsed": 439.723177, "delta": 1.596353}}
