{"target": 0.9217830354926859, "params": {"C": 1678.1347756943044, "epsilon": 0.16718738078597228, "gamma": 0.03250151081712846, "lamda": 0.1577089649919458}, "datetime": {"datetime": "2021-09-24 08:49:47", "elapsed": 460.414997, "delta": 3.37314}}
{"target": 0.9268287469482754, "params": {"C": 1765.0338377848918, "epsilon": 0.29080397460219787, "gamma": 0.035655598571423815, "lamda": 0.054852866680682656}, "datetime": {"datetime": "2021-09-24 08:49:49", "elapsed": 462.117439, "delta": 1.702442}}
{"target": 0.9036795802031412, "params": {"C": 1799.4593632885808, "epsilon": 0.8831072397725472, "gamma": 0.04337153483686626, "lamda": 0.18964014059689782}, "datetime": {"datetime": "2021-09-24 08:49:51", "elapsed": 464.336678, "delta": 2.219239}}
{"target": 0.9265427128300924, "params": {"C": 1764.8797887267613, "epsilon": 0.03378500108610103, "gamma": 0.04172619176043918, "lamda": 0.11289194912639273}, "datetime": {"datetime": "2021-09-24 08:49:55", "elapsed": 467.856952, "delta": 3.520274}}
{"target": 0.9166597403321489, "params": {"C": 1623.946175053513, "epsilon": 0.14247987544162166, "gamma": 0.07, "lamda": 0.08674777215965605}, "datetime": {"datetime": "2021-09-24 08:49:57", "elapsed": 470.06438, "delta": 2.207428}}
{"target": 0.9213766919722116, "params": {"C": 1678.0021923030463, "epsilon": 0.09095886130317539, "gamma": 0.019274934653171295, "lamda": 0.04595123402988719}, "datetime": {"datetime": "2021-09-24 08:50:00", "elapsed": 473.117668, "delta": 3.053288}}
{"target": 0.9171121625532532, "params": {"C": 1665.849457364695, "epsilon": 0.05339784462233184, "gamma": 0.06734014929384993, "lamda": 0.351705040715957}, "datetime": {"datetime": "2021-09-24 08:50:02", "elapsed": 475.665483, "delta": 2.547815}}
{"target": 0.902458170645866, "params": {"C": 1733.3413119970348, "epsilon": 0.7834335513028995, "gamma": 0.05493913105019002, "lamda": 0.22667180069673118}, "datetime": {"datetime": "2021-09-24 08:50:05", "elapsed": 477.897946, "delta": 2.232463}}
{"target": 0.8841160326286485, "params": {"C": 1786.4537269529706, "epsilon": 0.17476168428108405, "gamma": 0.011157392021976886, "lamda": 0.2997158021010983}, "datetime": {"datetime": "2021-09-24 08:50:06", "elapsed": 479.784952, "delta": 1.887006}}
{"target": 0.8930024530777552, "params": {"C": 1603.8198116952458, "epsilon": 0.6505484817007654, "gamma": 0.026287349512706185, "lamda": 0.2834987473726544}, "datetime": {"datetime": "2021-09-24 08:50:08", "elapsed": 481.696514, "delta": 1.911562}}
{"target": 0.9232309402161522, "params": {"C": 1665.7672583440274, "epsilon": 0.06481750125879457, "gamma": 0.045372980848766356, "lamda": 0.3481491085804608}, "datetime": {"datetime": "2021-09-24 08:50:12", "elapsed": 485.235682, "delta": 3.539168}}
{"target": 0.9072699254552652, "params": {"C": 1718.8450850125728, "epsilon": 0.5701342547207555, "gamma": 0.02319566080922189, "lamda": 0.1005943029031627}, "datetime": {"datetime": "2021-09-24 08:50:14", "elapsed": 487.487935, "delta": 2.252253}}
{"target": 0.9076483037311004, "params": {"C": 1691.6730424893617, "epsilon": 0.8440658892790366, "gamma": 0.05473934145101867, "lamda": 0.1527903129318457}, "datetime": {"datetime": "2021-09-24 08:50:16", "elapsed": 489.609166, "delta": 2.121231}}
{"target": 0.9012682853870818, "params": {"C": 1665.7940971418493, "epsilon": 0.036154016590489106, "gamma": 0.01037425565277008, "lamda": 0.2540818423920267}, "datetime": {"datetime": "2021-09-24 08:50:18", "elapsed": 491.839553, "delta": 2.230387}}
{"target": 0.9097943932986384, "params": {"C": 1634.3455896284477, "epsilon": 0.6603822751115254, "gamma": 0.0392572497899386, "lamda": 0.16250372686068973}, "datetime": {"datetime": "2021-09-24 08:50:20", "elapsed": 493.714407, "delta": 1.874854}}
{"target": 0.9280981791947086, "params": {"C": 1618.374613946079, "epsilon": 0.2814343193264004, "gamma": 0.02616288357462973, "lamda": 0.012060021138080905}, "datetime": {"datetime": "2021-09-24 08:50:23", "elapsed": 496.34818, "delta": 2.633773}}
{"target": 0.9261901584631888, "params": {"C": 1678.082756192682, "epsilon": 0.18509373106539645, "gamma": 0.04534583564255029, "lamda": 0.09347490942509584}, "datetime": {"datetime": "2021-09-24 08:50:25", "elapsed": 498.628211, "delta": 2.280031}}
{"target": 0.9108195484276262, "params": {"C": 1649.9938844292885, "epsilon": 0.583852217067559, "gamma": 0.050115847623680695, "lamda": 0.17948711130008912}, "datetime": {"datetime": "2021-09-24 08:50:27", "elapsed": 500.557618, "delta": 1.929407}}
{"target": 0.9287161954245536, "params": {"C": 1785.979384276943, "epsilon": 0.06305738569537758, "gamma": 0.027987335327589277, "lamda": 0.12766536371055887}, "datetime": {"datetime": "2021-09-24 08:50:29", "elapsed": 502.586159, "delta": 2.028541}}
{"target": 0.8984091945904931, "params": {"C": 1730.3490758294863, "epsilon": 0.1458460320727389, "gamma": 0.010293726753586538, "lamda": 0.09718506303990698}, "datetime": {"datetime": "2021-09-24 08:50:34", "elapsed": 507.062232, "delta": 4.476073}}
{"target": 0.903485611768392, "params": {"C": 1795.8808210662733, "epsilon": 0.47366072404852644, "gamma": 0.03255395462214459, "lamda": 0.28571787020879247}, "datetime": {"datetime": "2021-09-24 08:50:35", "elapsed": 508.774998, "delta": 1.712766}}
{"target": 0.9047958922247988, "params": {"C": 1655.0506743408303, "epsilon": 0.589530441911254, "gamma": 0.02336424693851469, "lamda": 0.12176138367228462}, "datetime": {"datetime": "2021-09-24 08:50:38", "elapsed": 511.266964, "delta": 2.491966}}
{"target": 0.9152563512992297, "params": {"C": 1678.068514436704, "epsilon": 0.09602444434556773, "gamma": 0.05993567926561521, "lamda": 0.054020261951028894}, "datetime": {"datetime": "2021-09-24 08:50:41", "elapsed": 514.785198, "delta": 3.518234}}
{"target": 0.8922962027878493, "params": {"C": 1717.2029423138592, "epsilon": 0.6931935352260036, "gamma": 0.022664626176245393, "lamda": 0.2218280859597452}, "datetime": {"datetime": "2021-09-24 08:50:44", "elapsed": 516.987596, "delta": 2.202398}}
{"target": 0.8965323671158967, "params": {"C": 1733.361991873718, "epsilon": 0.5044468083110161, "gamma": 0.016431565556320946, "lamda": 0.11935481571268808}, "datetime": {"datetime": "2021-09-24 08:50:46", "elapsed": 519.034367, "delta": 2.046771}}
{"target": 0.9093270631544228, "params": {"C": 1681.8221089604717, "epsilon": 0.9389531817571337, "gamma": 0.04680043909277897, "lamda": 0.12644610981249163}, "datetime": {"datetime": "2021-09-24 08:50:48", "elapsed": 520.92525, "delta": 1.890883}}
{"target": 0.9002027705454209, "params": {"C": 1764.7287590154126, "epsilon": 0.31793757369826603, "gamma": 0.011846497055160282, "lamda": 0.05789785390261836}, "datetime": {"datetime": "2021-09-24 08:50:52", "elapsed": 525.009399, "delta": 4.084149}}
{"target": 0.9070554590542497, "params": {"C": 1624.1647582682513, "epsilon": 0.12608032320972162, "gamma": 0.012559632769670639, "lamda": 0.07209739947273898}, "datetime": {"datetime": "2021-09-24 08:50:56", "elapsed": 529.0225, "delta": 4.013101}}
{"target": 0.9153366183859484, "params": {"C": 1677.9831056937562, "epsilon": 0.15850490667311182, "gamma": 0.017825597232529956, "lamda": 0.08028974831577718}, "datetime": {"datetime": "2021-09-24 08:50:58", "elapsed": 531.726957, "delta": 2.704457}}
{"target": 0.868906802230051, "params": {"C": 1599.7797568786584, "epsilon": 0.7644746480472299, "gamma": 0.017201185713739093, "lamda": 0.37966582299564844}, "datetime": {"datetime": "2021-09-24 08:51:01", "elapsed": 534.168069, "delta": 2.441112}}
{"target": 0.9140492522522723, "params": {"C": 1752.0287276906956, "epsilon": 0.053609072748059636, "gamma": 0.01761053565590979, "lamda": 0.24660374236012492}, "datetime": {"datetime": "2021-09-24 08:51:03", "elapsed": 536.843958, "delta": 2.675889}}
{"target": 0.9083440402071384, "params": {"C": 1653.3194670176326, "epsilon": 0.9743529651749532, "gamma": 0.06498682135430485, "lamda": 0.10479596368896968}, "datetime": {"datetime": "2021-09-24 08:51:06", "elapsed": 539.607413, "delta": 2.763455}}
{"target": 0.9226468075822751, "params": {"C": 1764.8872832029567, "epsilon": 0.11086880422877252, "gamma": 0.058144398634871544, "lamda": 0.09437458142942133}, "datetime": {"datetime": "2021-09-24 08:51:09", "elapsed": 542.379662, "delta": 2.772249}}
{"target": 0.9120770282856532, "params": {"C": 1730.4432998063332, "epsilon": 0.12451808828303171, "gamma": 0.017140027356936982, "lamda": 0.12785027912371105}, "datetime": {"datetime": "2021-09-24 08:51:11", "elapsed": 544.661967, "delta": 2.282305}}
{"target": 0.9229930866702221, "params": {"C": 1701.5209647546749, "epsilon": 0.07241652185089685, "gamma": 0.057579398502956756, "lamda": 0.1572644716331403}, "datetime": {"datetime": "2021-09-24 08:51:15", "elapsed": 548.080047, "delta": 3.41808}}
{"target": 0.9208295023829499, "params": {"C": 1715.0791987651132, "epsilon": 0.5421430451130554, "gamma": 0.04698174747187249, "lamda": 0.06973431032408584}, "datetime": {"datetime": "2021-09-24 08:51:17", "elapsed": 549.991866, "delta": 1.911819}}
{"target": 0.9085415364835929, "params": {"C": 1714.5822428900035, "epsilon": 0.29973952925928715, "gamma": 0.03575004732854738, "lamda": 0.3549918123680863}, "datetime": {"datetime": "2021-09-24 08:51:19", "elapsed": 552.46698, "delta": 2.475114}}
{"target": 0.928408484791977, "params": {"C": 1618.3560582856494, "epsilon": 0.2329266597484989, "gamma": 0.026070064241204567, "lamda": 0.016529675861063894}, "datetime": {"datetime": "2021-09-24 08:51:22", "elapsed": 554.957767, "delta": 2.490787}}
{"target": 0.9017079433997309, "params": {"C": 1641.5310467435047, "epsilon": 0.7108294001421352, "gamma": 0.027461452269230822, "lamda": 0.170560507665015}, "datetime": {"datetime": "2021-09-24 08:51:25", "elapsed": 557.958902, "delta": 3.001135}}
{"target": 0.8909391325970478, "params": {"C": 1613.3472232458364, "epsilon": 0.81795664420853, "gamma": 0.055097643738716215, "lamda": 0.3627801170554955}, "datetime": {"datetime": "2021-09-24 08:51:27", "elapsed": 559.888565, "delta": 1.929663}}
{"target": 0.9274445069214127, "params": {"C": 1597.3802471491795, "epsilon": 0.8476622777539595, "gamma": 0.03693364083004896, "lamda": 0.01634510685719557}, "datetime": {"datetime": "2021-09-24 08:51:30", "elapsed": 563.244123, "delta": 3.355558}}
{"target": 0.9071006013111371, "params": {"C": 1763.5762473939396, "epsilon": 0.7984774829327275, "gamma": 0.0263469419871475, "lamda": 0.09439382039070471}, "datetime": {"datetime": "2021-09-24 08:51:32", "elapsed": 565.282927, "delta": 2.038804}}
{"target": 0.9205250943264194, "params": {"C": 1597.3980792651807, "epsilon": 0.9046372155754951, "gamma": 0.020204652018791527, "lamda": 0.010966109210206361}, "datetime": {"datetime": "2021-09-24 08:51:35", "elapsed": 568.244316, "delta": 2.961389}}
{"target": 0.888780097157545, "params": {"C": 1648.2871587394352, "epsilon": 0.5667125977332578, "gamma": 0.019387129385400957, "lamda": 0.2476496770729437}, "datetime": {"datetime": "2021-09-24 08:51:37", "elapsed": 570.394098, "delta": 2.149782}}
{"target": 0.9215214204574774, "params": {"C": 1786.0117669582396, "epsilon": 0.0882155226560234, "gamma": 0.060861922057727454, "lamda": 0.14754128008251327}, "datetime": {"datetime": "2021-09-24 08:51:40", "elapsed": 573.051724, "delta": 2.657626}}
{"target": 0.9291227011978721, "params": {"C": 1737.318348369984, "epsilon": 0.05437615947208681, "gamma": 0.041965104899913834, "lamda": 0.16188527209745068}, "datetime": {"datetime": "2021-09-24 08:51:42", "elapsed": 575.816809, "delta": 2.765085}}
{"target": 0.929194435457581, "params": {"C": 1623.9837729327946, "epsilon": 0.09538095406748594, "gamma": 0.026755120029405534, "lamda": 0.045722125533116144}, "datetime": {"datetime": "2021-09-24 08:51:47", "elapsed": 579.896036, "delta": 4.079227}}
{"target": 0.8976057302286338, "params": {"C": 1616.5263798833287, "epsilon": 0.9145555811212792, "gamma": 0.06362935492667825, "lamda": 0.2284662350281005}, "datetime": {"datetime": "2021-09-24 08:51:48", "elapsed": 581.745093, "delta": 1.849057}}
{"target": 0.8982066979177986, "params": {"C": 1638.6212964713704, "epsilon": 0.5930532098238764, "gamma": 0.01, "lamda": 0.001}, "datetime": {"datetime": "2021-09-24 08:51:52", "elapsed": 585.439613, "delta": 3.69452}}
{"target": 0.9020175999440945, "params": {"C": 1760.0694541236041, "epsilon": 0.4575696534335564, "gamma": 0.04351182075732465, "lamda": 0.3886494294453821}, "datetime": {"datetime": "2021-09-24 08:51:54", "elapsed": 587.482525, "delta": 2.042912}}
{"target": 0.9029509993344554, "params": {"C": 1737.2075009945581, "epsilon": 0.05858366397229729, "gamma": 0.010679689622297647, "lamda": 0.1312679243681304}, "datetime": {"datetime": "2021-09-24 08:51:57", "elapsed": 590.229112, "delta": 2.746587}}
{"target": 0.8982686239769646, "params": {"C": 1746.4863272729162, "epsilon": 0.859866934990085, "gamma": 0.05710251814804424, "lamda": 0.2526121976690217}, "datetime": {"datetime": "2021-09-24 08:51:59", "elapsed": 592.165401, "delta": 1.936289}}
{"target": 0.9192887109818425, "params": {"C": 1678.0564122358035, "epsilon": 0.15655015998123695, "gamma": 0.018295466741565746, "lamda": 0.04932375382885677}, "datetime": {"datetime": "2021-09-24 08:52:02", "elapsed": 595.24186, "delta": 3.076459}}
{"target": 0.8811710654555249, "params": {"C": 1675.1976188398132, "epsilon": 0.2808379805507062, "gamma": 0.012207809335038497, "lamda": 0.2865774683827298}, "datetime": {"datetime": "2021-09-24 08:52:04", "elapsed": 597.183176, "delta": 1.941316}}
{"target": 0.9160142908360842, "params": {"C": 1704.7799763320613, "epsilon": 0.03641568629750888, "gamma": 0.06689903657910932, "lamda": 0.2260672794354147}, "datetime": {"datetime": "2021-09-24 08:52:06", "elapsed": 599.251709, "delta": 2.068533}}
{"target": 0.9204007991594633, "params": {"C": 1737.3753591893967, "epsilon": 0.09195586195582758, "gamma": 0.06290400165976845, "lamda": 0.1321072588465265}, "datetime": {"datetime": "2021-09-24 08:52:09", "elapsed": 602.444062, "delta": 3.192353}}
{"target": 0.9084371611323324, "params": {"C": 1730.3318960695829, "epsilon": 0.10496822837857407, "gamma": 0.07, "lamda": 0.05321039706374708}, "datetime": {"datetime": "2021-09-24 08:52:12", "elapsed": 605.725027, "delta": 3.280965}}
{"target": 0.9216525843950137, "params": {"C": 1764.9818043325051, "epsilon": 0.1066995389306553, "gamma": 0.05981219532929916, "lamda": 0.09422088965353279}, "datetime": {"datetime": "2021-09-24 08:52:15", "elapsed": 608.656631, "delta": 2.931604}}
{"target": 0.9022745916370413, "params": {"C": 1618.3961818011712, "epsilon": 0.24430132422193224, "gamma": 0.05352671228206328, "lamda": 0.009232828490062208}, "datetime": {"datetime": "2021-09-24 08:52:21", "elapsed": 614.491645, "delta": 5.835014}}
{"target": 0.9171066474081024, "params": {"C": 1785.9549353288235, "epsilon": 0.12423455582624204, "gamma": 0.06955989299737664, "lamda": 0.14843535832281646}, "datetime": {"datetime": "2021-09-24 08:52:24", "elapsed": 617.379271, "delta": 2.887626}}
{"target": 0.9207438335341698, "params": {"C": 1618.3224559167293, "epsilon": 0.25057819011892, "gamma": 0.023631863479815662, "lamda": 0.004851112889649581}, "datetime": {"datetime": "2021-09-24 08:52:27", "elapsed": 620.550068, "delta": 3.170797}}
{"target": 0.8733795097883916, "params": {"C": 1705.6579461316599, "epsilon": 0.4672437911628543, "gamma": 0.013253744652353402, "lamda": 0.32564525004963457}, "datetime": {"datetime": "2021-09-24 08:52:29", "elapsed": 622.571458, "delta": 2.02139}}
{"target": 0.9162337997287249, "params": {"C": 1737.2283264191444, "epsilon": 0.04440563176071784, "gamma": 0.06550748332565506, "lamda": 0.1708118661499485}, "datetime": {"datetime": "2021-09-24 08:52:33", "elapsed": 626.273244, "delta": 3.701786}}
{"target": 0.9196852252681836, "params": {"C": 1786.4655415324576, "epsilon": 0.8008423099170624, "gamma": 0.03719646190409606, "lamda": 0.04867830172424418}, "datetime": {"datetime": "2021-09-24 08:52:35", "elapsed": 628.215811, "delta": 1.942567}}
{"target": 0.9169624054939669, "params": {"C": 1628.6692190728068, "epsilon": 0.3697556075784426, "gamma": 0.06962600870394142, "lamda": 0.066485000933984}, "datetime": {"datetime": "2021-09-24 08:52:37", "elapsed": 630.762078, "delta": 2.546267}}
{"target": 0.9123992193391149, "params": {"C": 1782.6041974025568, "epsilon": 0.6073747166836607, "gamma": 0.05086945098826015, "lamda": 0.15065843218991296}, "datetime": {"datetime": "2021-09-24 08:52:40", "elapsed": 632.917916, "delta": 2.155838}}
{"target": 0.9183854433267818, "params": {"C": 1680.8501556730487, "epsilon": 0.2356795046712035, "gamma": 0.04880396475141729, "lamda": 0.21176946326117455}, "datetime": {"datetime": "2021-09-24 08:52:42", "elapsed": 635.343828, "delta": 2.425912}}
{"target": 0.9304128754586272, "params": {"C": 1688.2957139201344, "epsilon": 0.18547280400277338, "gamma": 0.03287354621570304, "lamda": 0.042613698204143624}, "datetime": {"datetime": "2021-09-24 08:52:44", "elapsed": 637.566755, "delta": 2.222927}}
{"target": 0.8945654062194155, "params": {"C": 1788.6052066793402, "epsilon": 0.7625464369206273, "gamma": 0.0509488469855701, "lamda": 0.34302283005940093}, "datetime": {"datetime": "2021-09-24 08:52:47", "elapsed": 639.913331, "delta": 2.346576}}
{"target": 0.9179333306596842, "params": {"C": 1628.6125357722865, "epsilon": 0.0933037511626517, "gamma": 0.05909421212673848, "lamda": 0.3655517941965795}, "datetime": {"datetime": "2021-09-24 08:52:49", "elapsed": 642.144163, "delta": 2.230832}}
{"target": 0.9206061356580569, "params": {"C": 1618.3405829837595, "epsilon": 0.3105738005787584, "gamma": 0.06249675949913264, "lamda": 0.03897689941531229}, "datetime": {"datetime": "2021-09-24 08:52:55", "elapsed": 648.60082, "delta": 6.456657}}
{"target": 0.8970521796669236, "params": {"C": 1665.793964217856, "epsilon": 0.03756806174720817, "gamma": 0.010138059730382112, "lamda": 0.35586531438956676}, "datetime": {"datetime": "2021-09-24 08:52:58", "elapsed": 651.745386, "delta": 3.144566}}
{"target": 0.8846528980143238, "params": {"C": 1695.0542488289077, "epsilon": 0.9644575409170655, "gamma": 0.06411579715767467, "lamda": 0.3585044260933558}, "datetime": {"datetime": "2021-09-24 08:53:01", "elapsed": 654.558095, "delta": 2.812709}}
{"target": 0.9254689753830587, "params": {"C": 1665.2019928362147, "epsilon": 0.0734524091146469, "gamma": 0.02797433938244636, "lamda": 0.1697079765790409}, "datetime": {"datetime": "2021-09-24 08:53:04", "elapsed": 657.111459, "delta": 2.553364}}
{"target": 0.9186394963146673, "params": {"C": 1688.2892134004978, "epsilon": 0.18443555812758564, "gamma": 0.021283853989422744, "lamda": 0.08059813648321765}, "datetime": {"datetime": "2021-09-24 08:53:08", "elapsed": 661.418106, "delta": 4.306647}}
{"target": 0.9082106828857284, "params": {"C": 1764.790143066331, "epsilon": 0.35775802204547424, "gamma": 0.06253847659889816, "lamda": 0.011723053348246595}, "datetime": {"datetime": "2021-09-24 08:53:12", "elapsed": 665.27092, "delta": 3.852814}}
{"target": 0.92509412053759, "params": {"C": 1701.5289724426336, "epsilon": 0.14824808282212504, "gamma": 0.03290455298124458, "lamda": 0.12210679164284385}, "datetime": {"datetime": "2021-09-24 08:53:16", "elapsed": 669.187273, "delta": 3.916353}}
{"target": 0.8884780290699443, "params": {"C": 1778.0793555581934, "epsilon": 0.4209701057373354, "gamma": 0.01817534689809938, "lamda": 0.2934711926578111}, "datetime": {"datetime": "2021-09-24 08:53:18", "elapsed": 671.352437, "delta": 2.165164}}
{"target": 0.9308120106243234, "params": {"C": 1764.9697498855603, "epsilon": 0.06852598164514881, "gamma": 0.035821853655631536, "lamda": 0.09727588713765047}, "datetime": {"datetime": "2021-09-24 08:53:22", "elapsed": 675.278065, "delta": 3.925628}}
{"target": 0.9239538542278322, "params": {"C": 1644.6197991929605, "epsilon": 0.2589188678170241, "gamma": 0.03170738383905766, "lamda": 0.07802651433134082}, "datetime": {"datetime": "2021-09-24 08:53:24", "elapsed": 677.405174, "delta": 2.127109}}
{"target": 0.9104619684196229, "params": {"C": 1665.1811258249827, "epsilon": 0.11900303310934052, "gamma": 0.01780973412250885, "lamda": 0.17440055876186092}, "datetime": {"datetime": "2021-09-24 08:53:28", "elapsed": 681.113917, "delta": 3.708743}}
{"target": 0.9311424634457438, "params": {"C": 1688.2271385771398, "epsilon": 0.1710787008194228, "gamma": 0.03170125830671305, "lamda": 0.035133021766493674}, "datetime": {"datetime": "2021-09-24 08:53:31", "elapsed": 683.989412, "delta": 2.875495}}
{"target": 0.9162906414561769, "params": {"C": 1638.2822993819668, "epsilon": 0.2156383711821678, "gamma": 0.06355679208551093, "lamda": 0.03232904386489789}, "datetime": {"datetime": "2021-09-24 08:53:35", "elapsed": 687.906558, "delta": 3.917146}}
{"target": 0.9256605809887952, "params": {"C": 1678.1135266760796, "epsilon": 0.0976602646264208, "gamma": 0.05199784237164949, "lamda": 0.11682949773793883}, "datetime": {"datetime": "2021-09-24 08:53:38", "elapsed": 691.764143, "delta": 3.857585}}
{"target": 0.9096530792441379, "params": {"C": 1760.9947202580113, "epsilon": 0.7405837294882137, "gamma": 0.04489020386542871, "lamda": 0.15575402100550093}, "datetime": {"datetime": "2021-09-24 08:53:42", "elapsed": 695.550708, "delta": 3.786565}}
{"target": 0.913253932141533, "params": {"C": 1709.1494386749507, "epsilon": 0.4936029532388031, "gamma": 0.031205781421421427, "lamda": 0.12440107137737934}, "datetime": {"datetime": "2021-09-24 08:53:46", "elapsed": 699.728339, "delta": 4.177631}}
{"target": 0.9069925410560746, "params": {"C": 1786.5652480338506, "epsilon": 0.303491098424829, "gamma": 0.03037152079194417, "lamda": 0.319142755469297}, "datetime": {"datetime": "2021-09-24 08:53:49", "elapsed": 702.123309, "delta": 2.39497}}
{"target": 0.8865163520283688, "params": {"C": 1688.2084230280711, "epsilon": 0.237901713625958, "gamma": 0.06974083300360985, "lamda": 0.010045388042128046}, "datetime": {"datetime": "2021-09-24 08:53:54", "elapsed": 707.244095, "delta": 5.120786}}
