{"target": 0.9139639202869225, "params": {"C": 919.9520930129712, "epsilon": 0.15983355042308808, "gamma": 0.050083966283997305, "lamda": 0.16527460815293604}, "datetime": {"datetime": "2021-09-23 11:32:55", "elapsed": 143.475659, "delta": 1.198}}
{"target": 0.9171436175933073, "params": {"C": 805.3575938397378, "epsilon": 0.17017962296322536, "gamma": 0.07166011719569826, "lamda": 0.16192547414923616}, "datetime": {"datetime": "2021-09-23 11:32:55", "elapsed": 144.392694, "delta": 0.917035}}
{"target": 0.9169284408392016, "params": {"C": 942.0826633835827, "epsilon": 0.09733012118706047, "gamma": 0.060378722379054145, "lamda": 0.09314503402375002}, "datetime": {"datetime": "2021-09-23 11:32:57", "elapsed": 145.524659, "delta": 1.131965}}
{"target": 0.9178614380785087, "params": {"C": 812.5218809622369, "epsilon": 0.10866904105640662, "gamma": 0.05583932028596941, "lamda": 0.11777911989953478}, "datetime": {"datetime": "2021-09-23 11:32:57", "elapsed": 146.42966, "delta": 0.905001}}
{"target": 0.9173236107292176, "params": {"C": 885.6576248430631, "epsilon": 0.13239851717327022, "gamma": 0.0517955908134427, "lamda": 0.09970672435156475}, "datetime": {"datetime": "2021-09-23 11:32:59", "elapsed": 147.784694, "delta": 1.355034}}
{"target": 0.9159306971174941, "params": {"C": 885.7061590503289, "epsilon": 0.20416018614785453, "gamma": 0.05192239586563465, "lamda": 0.047680416362019876}, "datetime": {"datetime": "2021-09-23 11:33:00", "elapsed": 148.911657, "delta": 1.126963}}
{"target": 0.9166082305944766, "params": {"C": 942.1848507263478, "epsilon": 0.12632568785271986, "gamma": 0.053648386851061214, "lamda": 0.07438118964986899}, "datetime": {"datetime": "2021-09-23 11:33:01", "elapsed": 150.193209, "delta": 1.281552}}
{"target": 0.9120220670765912, "params": {"C": 843.8241035869274, "epsilon": 0.27799982379386334, "gamma": 0.09926962286984152, "lamda": 0.11053330180458978}, "datetime": {"datetime": "2021-09-23 11:33:02", "elapsed": 151.408211, "delta": 1.215002}}
{"target": 0.913361409202558, "params": {"C": 942.1080548587935, "epsilon": 0.1973059411687368, "gamma": 0.09055531960026895, "lamda": 0.08468718849962817}, "datetime": {"datetime": "2021-09-23 11:33:04", "elapsed": 152.93521, "delta": 1.526999}}
{"target": 0.9158274140126833, "params": {"C": 931.0079478467387, "epsilon": 0.12767242484719793, "gamma": 0.08393438837511905, "lamda": 0.15511611877086823}, "datetime": {"datetime": "2021-09-23 11:33:05", "elapsed": 153.85021, "delta": 0.915}}
{"target": 0.9179176262668157, "params": {"C": 924.7714037739951, "epsilon": 0.1878209773409869, "gamma": 0.06064219032526432, "lamda": 0.111991685528795}, "datetime": {"datetime": "2021-09-23 11:33:06", "elapsed": 154.775212, "delta": 0.925002}}
{"target": 0.915649385164085, "params": {"C": 915.8492966068092, "epsilon": 0.16382740033870394, "gamma": 0.0847381960241531, "lamda": 0.1659644606806538}, "datetime": {"datetime": "2021-09-23 11:33:07", "elapsed": 155.69621, "delta": 0.920998}}
{"target": 0.9136719231199811, "params": {"C": 967.1645109161894, "epsilon": 0.3006476093883046, "gamma": 0.06264924657051107, "lamda": 0.14307183889729286}, "datetime": {"datetime": "2021-09-23 11:33:08", "elapsed": 156.568208, "delta": 0.871998}}
{"target": 0.9164418939661175, "params": {"C": 831.0086785059982, "epsilon": 0.32314406096772863, "gamma": 0.0794650010155452, "lamda": 0.08594346617581533}, "datetime": {"datetime": "2021-09-23 11:33:09", "elapsed": 157.679251, "delta": 1.111043}}
{"target": 0.9155676493264724, "params": {"C": 831.0707632484988, "epsilon": 0.19433801348174262, "gamma": 0.054775683898525246, "lamda": 0.04520471758438695}, "datetime": {"datetime": "2021-09-23 11:33:10", "elapsed": 159.018212, "delta": 1.338961}}
{"target": 0.9100179149801414, "params": {"C": 815.2996425686897, "epsilon": 0.22554352360744076, "gamma": 0.09587284068188014, "lamda": 0.059806090568068765}, "datetime": {"datetime": "2021-09-23 11:33:11", "elapsed": 159.922211, "delta": 0.903999}}
{"target": 0.9181851237239556, "params": {"C": 978.2073042644846, "epsilon": 0.23383053314977517, "gamma": 0.05884348017576649, "lamda": 0.07398080061407807}, "datetime": {"datetime": "2021-09-23 11:33:12", "elapsed": 161.012208, "delta": 1.089997}}
{"target": 0.9179065834358517, "params": {"C": 913.006356761244, "epsilon": 0.19381793136821085, "gamma": 0.0716019225105038, "lamda": 0.11002022559378025}, "datetime": {"datetime": "2021-09-23 11:33:13", "elapsed": 161.941235, "delta": 0.929027}}
{"target": 0.9182127003187454, "params": {"C": 843.9493898479949, "epsilon": 0.30029093380651944, "gamma": 0.05942023390078999, "lamda": 0.050214816051289315}, "datetime": {"datetime": "2021-09-23 11:33:15", "elapsed": 163.530271, "delta": 1.589036}}
{"target": 0.9160744250894972, "params": {"C": 978.109776578149, "epsilon": 0.2754704396047751, "gamma": 0.0773682684285168, "lamda": 0.1176185245329161}, "datetime": {"datetime": "2021-09-23 11:33:16", "elapsed": 164.654235, "delta": 1.123964}}
{"target": 0.9164518005855099, "params": {"C": 978.2735100179505, "epsilon": 0.29458438903004214, "gamma": 0.07995071067391485, "lamda": 0.06266733916323756}, "datetime": {"datetime": "2021-09-23 11:33:17", "elapsed": 165.913338, "delta": 1.259103}}
{"target": 0.9139958894276032, "params": {"C": 924.8457848541294, "epsilon": 0.2565863896735423, "gamma": 0.056198402567421375, "lamda": 0.13500781154879107}, "datetime": {"datetime": "2021-09-23 11:33:18", "elapsed": 167.158338, "delta": 1.245}}
{"target": 0.9158193590025189, "params": {"C": 858.5063184658424, "epsilon": 0.25023683215146, "gamma": 0.05, "lamda": 0.045}, "datetime": {"datetime": "2021-09-23 11:33:19", "elapsed": 168.346518, "delta": 1.18818}}
{"target": 0.9139286618645754, "params": {"C": 834.1187410472585, "epsilon": 0.2759250953950759, "gamma": 0.07115799203173824, "lamda": 0.166779160427604}, "datetime": {"datetime": "2021-09-23 11:33:20", "elapsed": 169.205816, "delta": 0.859298}}
{"target": 0.9181313957573671, "params": {"C": 958.902639302279, "epsilon": 0.13389418460232835, "gamma": 0.07055598243519787, "lamda": 0.13613868941702334}, "datetime": {"datetime": "2021-09-23 11:33:22", "elapsed": 170.712445, "delta": 1.506629}}
{"target": 0.9170788128501848, "params": {"C": 958.9874231767703, "epsilon": 0.21405394604257919, "gamma": 0.07723170137383989, "lamda": 0.11436023266067122}, "datetime": {"datetime": "2021-09-23 11:33:23", "elapsed": 172.274453, "delta": 1.562008}}
{"target": 0.9060992052972935, "params": {"C": 805.7691661219744, "epsilon": 0.07, "gamma": 0.05, "lamda": 0.04536625140043277}, "datetime": {"datetime": "2021-09-23 11:33:25", "elapsed": 174.307298, "delta": 2.032845}}
{"target": 0.9069310430861341, "params": {"C": 812.5910090838136, "epsilon": 0.11455965598134524, "gamma": 0.0774370895065911, "lamda": 0.04582694414150344}, "datetime": {"datetime": "2021-09-23 11:33:27", "elapsed": 175.529976, "delta": 1.222678}}
{"target": 0.9118505498590314, "params": {"C": 882.2481963413547, "epsilon": 0.3078665931014263, "gamma": 0.09771746211879152, "lamda": 0.12814867510955946}, "datetime": {"datetime": "2021-09-23 11:33:28", "elapsed": 176.61698, "delta": 1.087004}}
{"target": 0.9157781695373433, "params": {"C": 978.251702212832, "epsilon": 0.2019826636254828, "gamma": 0.06182152771142155, "lamda": 0.15859213177979145}, "datetime": {"datetime": "2021-09-23 11:33:29", "elapsed": 178.225178, "delta": 1.608198}}
{"target": 0.9182353631178075, "params": {"C": 983.5737757956795, "epsilon": 0.1600045239139366, "gamma": 0.06911961503159478, "lamda": 0.11064683481661676}, "datetime": {"datetime": "2021-09-23 11:33:30", "elapsed": 179.194179, "delta": 0.969001}}
{"target": 0.918113737733438, "params": {"C": 917.544379359249, "epsilon": 0.3137772566517179, "gamma": 0.06368291339057666, "lamda": 0.04557710032765812}, "datetime": {"datetime": "2021-09-23 11:33:31", "elapsed": 180.157015, "delta": 0.962836}}
{"target": 0.9167292605267763, "params": {"C": 918.6834696141351, "epsilon": 0.27819265322560316, "gamma": 0.06917607887155516, "lamda": 0.10885303110328522}, "datetime": {"datetime": "2021-09-23 11:33:32", "elapsed": 181.307623, "delta": 1.150608}}
{"target": 0.9058851169173092, "params": {"C": 959.0388555552463, "epsilon": 0.13603170890605512, "gamma": 0.08449747014258074, "lamda": 0.05225201114722787}, "datetime": {"datetime": "2021-09-23 11:33:34", "elapsed": 182.936143, "delta": 1.62852}}
{"target": 0.9154269803912991, "params": {"C": 854.5248362838047, "epsilon": 0.10508333684196916, "gamma": 0.06519958080557356, "lamda": 0.07710937987554628}, "datetime": {"datetime": "2021-09-23 11:33:35", "elapsed": 183.855307, "delta": 0.919164}}
{"target": 0.9133854771272862, "params": {"C": 983.6592647081934, "epsilon": 0.1774777774659374, "gamma": 0.09434926431112585, "lamda": 0.1504058569432548}, "datetime": {"datetime": "2021-09-23 11:33:36", "elapsed": 185.383429, "delta": 1.528122}}
{"target": 0.9175941334820527, "params": {"C": 983.4976473674097, "epsilon": 0.21272935247930835, "gamma": 0.06647878358453818, "lamda": 0.11818263335523944}, "datetime": {"datetime": "2021-09-23 11:33:38", "elapsed": 186.853563, "delta": 1.470134}}
{"target": 0.9115788164992664, "params": {"C": 958.9279313254685, "epsilon": 0.20744751231390463, "gamma": 0.05, "lamda": 0.17}, "datetime": {"datetime": "2021-09-23 11:33:39", "elapsed": 188.439217, "delta": 1.585654}}
{"target": 0.9166280162095427, "params": {"C": 983.5398700618374, "epsilon": 0.0803354827072198, "gamma": 0.065615854891824, "lamda": 0.12118673421219894}, "datetime": {"datetime": "2021-09-23 11:33:41", "elapsed": 190.33796, "delta": 1.898743}}
{"target": 0.9116972832709926, "params": {"C": 983.5212883963543, "epsilon": 0.12040059796134175, "gamma": 0.051741407499766384, "lamda": 0.04514219058397287}, "datetime": {"datetime": "2021-09-23 11:33:43", "elapsed": 191.652878, "delta": 1.314918}}
{"target": 0.9128718945794219, "params": {"C": 919.831602779122, "epsilon": 0.1774420469185304, "gamma": 0.05, "lamda": 0.17}, "datetime": {"datetime": "2021-09-23 11:33:45", "elapsed": 193.635146, "delta": 1.982268}}
{"target": 0.9159246046895925, "params": {"C": 869.2006613382695, "epsilon": 0.3035238044205325, "gamma": 0.07492564117350407, "lamda": 0.11338552310363335}, "datetime": {"datetime": "2021-09-23 11:33:46", "elapsed": 194.65699, "delta": 1.021844}}
{"target": 0.91199694120168, "params": {"C": 963.6625283046279, "epsilon": 0.18694282378144678, "gamma": 0.09937823935940569, "lamda": 0.15158595129277835}, "datetime": {"datetime": "2021-09-23 11:33:47", "elapsed": 195.625708, "delta": 0.968718}}
{"target": 0.9134384015003454, "params": {"C": 983.5686403150007, "epsilon": 0.2439100705213084, "gamma": 0.093961092672314, "lamda": 0.09531390120061128}, "datetime": {"datetime": "2021-09-23 11:33:48", "elapsed": 196.910161, "delta": 1.284453}}
{"target": 0.9143340813338343, "params": {"C": 934.9562608988932, "epsilon": 0.2893327476059837, "gamma": 0.08398244030488292, "lamda": 0.13587608301693904}, "datetime": {"datetime": "2021-09-23 11:33:49", "elapsed": 197.824994, "delta": 0.914833}}
{"target": 0.9168674848244962, "params": {"C": 917.482674932335, "epsilon": 0.22161863220424197, "gamma": 0.07193155236843751, "lamda": 0.05881562772785913}, "datetime": {"datetime": "2021-09-23 11:33:50", "elapsed": 198.90545, "delta": 1.080456}}
{"target": 0.9176472936495106, "params": {"C": 917.4482691026036, "epsilon": 0.31808584810683455, "gamma": 0.07062992651733692, "lamda": 0.07536388980465883}, "datetime": {"datetime": "2021-09-23 11:33:51", "elapsed": 200.058881, "delta": 1.153431}}
{"target": 0.9157301389416059, "params": {"C": 812.4578903890344, "epsilon": 0.13655843038849866, "gamma": 0.08405232903911791, "lamda": 0.140933565539892}, "datetime": {"datetime": "2021-09-23 11:33:52", "elapsed": 201.433187, "delta": 1.374306}}
{"target": 0.9125696084754514, "params": {"C": 796.9825206083749, "epsilon": 0.20773943706178247, "gamma": 0.09235326427555511, "lamda": 0.07741259129929047}, "datetime": {"datetime": "2021-09-23 11:33:54", "elapsed": 202.476462, "delta": 1.043275}}
{"target": 0.9163498607097103, "params": {"C": 917.4993730510784, "epsilon": 0.258754405969832, "gamma": 0.07194672951477912, "lamda": 0.12497912511790246}, "datetime": {"datetime": "2021-09-23 11:33:55", "elapsed": 204.023005, "delta": 1.546543}}
{"target": 0.9091417602785561, "params": {"C": 805.6969967412119, "epsilon": 0.20383763111537223, "gamma": 0.09093425741122957, "lamda": 0.051521156634036835}, "datetime": {"datetime": "2021-09-23 11:33:56", "elapsed": 205.295208, "delta": 1.272203}}
{"target": 0.915049174767428, "params": {"C": 983.450502178233, "epsilon": 0.14335991926037162, "gamma": 0.08761064669976368, "lamda": 0.15206981122842644}, "datetime": {"datetime": "2021-09-23 11:33:58", "elapsed": 206.644237, "delta": 1.349029}}
{"target": 0.9097367069925519, "params": {"C": 909.370297135381, "epsilon": 0.12688271458988218, "gamma": 0.09683550430741569, "lamda": 0.10536453418506354}, "datetime": {"datetime": "2021-09-23 11:33:59", "elapsed": 207.656202, "delta": 1.011965}}
{"target": 0.9183154618994896, "params": {"C": 978.2765310421637, "epsilon": 0.290492348843131, "gamma": 0.06446654436733067, "lamda": 0.06076313703403197}, "datetime": {"datetime": "2021-09-23 11:34:00", "elapsed": 208.764248, "delta": 1.108046}}
{"target": 0.9176626985884837, "params": {"C": 893.5035386102703, "epsilon": 0.12007142902823571, "gamma": 0.05224493067433444, "lamda": 0.11544820201063154}, "datetime": {"datetime": "2021-09-23 11:34:01", "elapsed": 209.802851, "delta": 1.038603}}
{"target": 0.9132073791490668, "params": {"C": 978.305195743038, "epsilon": 0.21847869946607357, "gamma": 0.09296586468605317, "lamda": 0.08716299756819378}, "datetime": {"datetime": "2021-09-23 11:34:03", "elapsed": 211.590524, "delta": 1.787673}}
{"target": 0.9183451022988481, "params": {"C": 982.8516968633469, "epsilon": 0.221287797595333, "gamma": 0.06644382753065262, "lamda": 0.08219190795911177}, "datetime": {"datetime": "2021-09-23 11:34:04", "elapsed": 212.579202, "delta": 0.988678}}
{"target": 0.9097835708290681, "params": {"C": 978.2252257420894, "epsilon": 0.3250479478639244, "gamma": 0.05326479126815896, "lamda": 0.15193472327379293}, "datetime": {"datetime": "2021-09-23 11:34:05", "elapsed": 213.771346, "delta": 1.192144}}
{"target": 0.9180895485532, "params": {"C": 978.1359856055385, "epsilon": 0.17647640947676596, "gamma": 0.05603648098586037, "lamda": 0.08858760113511098}, "datetime": {"datetime": "2021-09-23 11:34:06", "elapsed": 215.21658, "delta": 1.445234}}
{"target": 0.9076125007353016, "params": {"C": 855.1791896242357, "epsilon": 0.07, "gamma": 0.1, "lamda": 0.17}, "datetime": {"datetime": "2021-09-23 11:34:08", "elapsed": 216.959358, "delta": 1.742778}}
{"target": 0.9174834532760723, "params": {"C": 982.9561345179341, "epsilon": 0.21003796618929874, "gamma": 0.07495962816822099, "lamda": 0.1076134873028255}, "datetime": {"datetime": "2021-09-23 11:34:10", "elapsed": 218.487451, "delta": 1.528093}}
{"target": 0.9142668514853979, "params": {"C": 969.4191190414867, "epsilon": 0.13062318696897918, "gamma": 0.08101352995868688, "lamda": 0.09317828587819386}, "datetime": {"datetime": "2021-09-23 11:34:11", "elapsed": 219.748472, "delta": 1.261021}}
{"target": 0.9162818281059236, "params": {"C": 982.8403166228748, "epsilon": 0.2964253793486753, "gamma": 0.07151937926770395, "lamda": 0.11085615131611333}, "datetime": {"datetime": "2021-09-23 11:34:13", "elapsed": 221.790876, "delta": 2.042404}}
{"target": 0.9168704328916693, "params": {"C": 805.8304140535633, "epsilon": 0.19994722801860526, "gamma": 0.07881414160432353, "lamda": 0.12214484086853257}, "datetime": {"datetime": "2021-09-23 11:34:15", "elapsed": 223.577892, "delta": 1.787016}}
{"target": 0.9156129187365704, "params": {"C": 982.8889265628549, "epsilon": 0.1464518133248588, "gamma": 0.08548480079508511, "lamda": 0.1515477436348806}, "datetime": {"datetime": "2021-09-23 11:34:16", "elapsed": 225.236941, "delta": 1.659049}}
{"target": 0.9143601757058152, "params": {"C": 978.1590649857256, "epsilon": 0.14927870821207612, "gamma": 0.09060989119184246, "lamda": 0.1663089128741041}, "datetime": {"datetime": "2021-09-23 11:34:18", "elapsed": 227.318627, "delta": 2.081686}}
{"target": 0.9175021043742503, "params": {"C": 982.9185187214448, "epsilon": 0.27657468449137224, "gamma": 0.06593063434502643, "lamda": 0.09173838639092588}, "datetime": {"datetime": "2021-09-23 11:34:20", "elapsed": 228.892374, "delta": 1.573747}}
{"target": 0.9168220002916941, "params": {"C": 958.9473843809474, "epsilon": 0.08148203781785192, "gamma": 0.07374967912386116, "lamda": 0.16100247871130544}, "datetime": {"datetime": "2021-09-23 11:34:22", "elapsed": 230.569176, "delta": 1.676802}}
{"target": 0.9177228948949976, "params": {"C": 843.9287937697934, "epsilon": 0.23149241496227305, "gamma": 0.07232627044481334, "lamda": 0.07237295761223278}, "datetime": {"datetime": "2021-09-23 11:34:23", "elapsed": 232.121763, "delta": 1.552587}}
{"target": 0.9114275072335668, "params": {"C": 911.4947977608689, "epsilon": 0.23719743037978386, "gamma": 0.08675015356089774, "lamda": 0.04749047738890519}, "datetime": {"datetime": "2021-09-23 11:34:24", "elapsed": 233.428639, "delta": 1.306876}}
{"target": 0.9121766616291765, "params": {"C": 814.5501157306605, "epsilon": 0.3140175830461973, "gamma": 0.055417916119280014, "lamda": 0.13248833901520846}, "datetime": {"datetime": "2021-09-23 11:34:26", "elapsed": 234.593544, "delta": 1.164905}}
{"target": 0.9091034522857004, "params": {"C": 844.0325939522567, "epsilon": 0.24313050256067492, "gamma": 0.09882868105937756, "lamda": 0.05684501826058702}, "datetime": {"datetime": "2021-09-23 11:34:27", "elapsed": 236.332465, "delta": 1.738921}}
{"target": 0.9184543039062536, "params": {"C": 885.6159292115715, "epsilon": 0.08188594199286468, "gamma": 0.06444739928623186, "lamda": 0.16977274331868758}, "datetime": {"datetime": "2021-09-23 11:34:29", "elapsed": 238.13442, "delta": 1.801955}}
{"target": 0.9087685549976975, "params": {"C": 942.2315266567587, "epsilon": 0.08322387102943118, "gamma": 0.09968927989583079, "lamda": 0.16129454642108265}, "datetime": {"datetime": "2021-09-23 11:34:31", "elapsed": 239.847219, "delta": 1.712799}}
{"target": 0.9178414604527814, "params": {"C": 917.5752136745954, "epsilon": 0.22212282005172035, "gamma": 0.06790106725592576, "lamda": 0.0629618570609704}, "datetime": {"datetime": "2021-09-23 11:34:33", "elapsed": 241.512556, "delta": 1.665337}}
{"target": 0.9177727417816158, "params": {"C": 973.3334650690522, "epsilon": 0.30370182030260706, "gamma": 0.05514624888143732, "lamda": 0.051386866901681136}, "datetime": {"datetime": "2021-09-23 11:34:34", "elapsed": 242.933984, "delta": 1.421428}}
{"target": 0.914908919482523, "params": {"C": 862.6375696792102, "epsilon": 0.07359974948212172, "gamma": 0.07559587740806914, "lamda": 0.14486288295457617}, "datetime": {"datetime": "2021-09-23 11:34:35", "elapsed": 244.309301, "delta": 1.375317}}
{"target": 0.9165466108640035, "params": {"C": 935.4661065576006, "epsilon": 0.2099546946718988, "gamma": 0.08086332632632855, "lamda": 0.0952144173146832}, "datetime": {"datetime": "2021-09-23 11:34:37", "elapsed": 245.548329, "delta": 1.239028}}
{"target": 0.9177701247428381, "params": {"C": 917.6341892591541, "epsilon": 0.304088860783211, "gamma": 0.06225498087846525, "lamda": 0.07283307362572067}, "datetime": {"datetime": "2021-09-23 11:34:39", "elapsed": 247.5553, "delta": 2.006971}}
{"target": 0.9119017206232847, "params": {"C": 917.6118747991584, "epsilon": 0.30259474244545614, "gamma": 0.09360734611028529, "lamda": 0.15104537724514844}, "datetime": {"datetime": "2021-09-23 11:34:40", "elapsed": 249.10687, "delta": 1.55157}}
{"target": 0.9181668589908363, "params": {"C": 978.0421728310881, "epsilon": 0.20091710948045644, "gamma": 0.06210782178261051, "lamda": 0.06522816057226262}, "datetime": {"datetime": "2021-09-23 11:34:42", "elapsed": 251.110867, "delta": 2.003997}}
{"target": 0.9150479859990437, "params": {"C": 942.0605737664799, "epsilon": 0.13273544004698684, "gamma": 0.05, "lamda": 0.17}, "datetime": {"datetime": "2021-09-23 11:34:44", "elapsed": 252.815189, "delta": 1.704322}}
{"target": 0.9174912914210375, "params": {"C": 912.9380846878536, "epsilon": 0.1545861748385951, "gamma": 0.07402892524510327, "lamda": 0.1532160036176884}, "datetime": {"datetime": "2021-09-23 11:34:45", "elapsed": 254.155161, "delta": 1.339972}}
{"target": 0.9123160379022909, "params": {"C": 978.0504550055851, "epsilon": 0.1100741216044561, "gamma": 0.06492036017028417, "lamda": 0.05593683155855314}, "datetime": {"datetime": "2021-09-23 11:34:47", "elapsed": 255.684189, "delta": 1.529028}}
{"target": 0.9062010313572869, "params": {"C": 913.0093106105485, "epsilon": 0.08045717689072301, "gamma": 0.08878231047478051, "lamda": 0.09728518945563557}, "datetime": {"datetime": "2021-09-23 11:34:48", "elapsed": 257.279195, "delta": 1.595006}}
{"target": 0.9139774151126888, "params": {"C": 898.8057883670261, "epsilon": 0.19277670942271397, "gamma": 0.09222790741408875, "lamda": 0.1401556748598696}, "datetime": {"datetime": "2021-09-23 11:34:49", "elapsed": 258.435245, "delta": 1.15605}}
{"target": 0.9169533758207151, "params": {"C": 983.5312150728462, "epsilon": 0.16644320515445993, "gamma": 0.07449003202815896, "lamda": 0.1668893128867489}, "datetime": {"datetime": "2021-09-23 11:34:51", "elapsed": 260.046207, "delta": 1.610962}}
{"target": 0.9127871164166707, "params": {"C": 978.0118310929929, "epsilon": 0.2333164517663625, "gamma": 0.0965407888275673, "lamda": 0.12729565679601937}, "datetime": {"datetime": "2021-09-23 11:34:53", "elapsed": 261.74025, "delta": 1.694043}}
{"target": 0.9124908921925977, "params": {"C": 923.8940327084101, "epsilon": 0.16307126031501706, "gamma": 0.09508916573123607, "lamda": 0.11392579866008477}, "datetime": {"datetime": "2021-09-23 11:34:54", "elapsed": 263.413252, "delta": 1.673002}}
