{"target": 0.9045544311368775, "params": {"C": 1247.3316991012277, "epsilon": 0.8203224586898195, "gamma": 0.03468971127098242, "lamda": 0.16680464059172936}, "datetime": {"datetime": "2021-09-24 08:09:14", "elapsed": 330.98916, "delta": 1.556003}}
{"target": 0.9276628288248132, "params": {"C": 1264.6888583814325, "epsilon": 0.11016972861609199, "gamma": 0.04679592675246724, "lamda": 0.07622951325467774}, "datetime": {"datetime": "2021-09-24 08:09:17", "elapsed": 333.181119, "delta": 2.191959}}
{"target": 0.8911959100377559, "params": {"C": 1274.298357953239, "epsilon": 0.789949519200054, "gamma": 0.055509346028482155, "lamda": 0.37012318832676455}, "datetime": {"datetime": "2021-09-24 08:09:18", "elapsed": 334.693964, "delta": 1.512845}}
{"target": 0.9147532348405703, "params": {"C": 1222.9937624331144, "epsilon": 0.7038447656198701, "gamma": 0.04280147571250267, "lamda": 0.10507505443789188}, "datetime": {"datetime": "2021-09-24 08:09:20", "elapsed": 336.217873, "delta": 1.523909}}
{"target": 0.9273553947928378, "params": {"C": 1354.333326984852, "epsilon": 0.062131361016896945, "gamma": 0.0403921680977428, "lamda": 0.21965468713938488}, "datetime": {"datetime": "2021-09-24 08:09:22", "elapsed": 338.293864, "delta": 2.075991}}
{"target": 0.924110676512005, "params": {"C": 1354.2950527751584, "epsilon": 0.039116425469274484, "gamma": 0.053476124055834975, "lamda": 0.20480763383782874}, "datetime": {"datetime": "2021-09-24 08:09:25", "elapsed": 341.499544, "delta": 3.20568}}
{"target": 0.9180952839443398, "params": {"C": 1322.7137138378007, "epsilon": 0.4628338610626308, "gamma": 0.0291569118745707, "lamda": 0.07146203123998597}, "datetime": {"datetime": "2021-09-24 08:09:27", "elapsed": 343.09409, "delta": 1.594546}}
{"target": 0.9178691320362479, "params": {"C": 1220.6105991193836, "epsilon": 0.10480435302997833, "gamma": 0.06637876471808356, "lamda": 0.0963534586139568}, "datetime": {"datetime": "2021-09-24 08:09:29", "elapsed": 345.327757, "delta": 2.233667}}
{"target": 0.914357000764924, "params": {"C": 1279.3343253358546, "epsilon": 0.34247662385980226, "gamma": 0.04833521569363582, "lamda": 0.2236747338830141}, "datetime": {"datetime": "2021-09-24 08:09:30", "elapsed": 346.996675, "delta": 1.668918}}
{"target": 0.9162220686902045, "params": {"C": 1323.2485487372487, "epsilon": 0.953543469750098, "gamma": 0.024164178280598372, "lamda": 0.0274361070011269}, "datetime": {"datetime": "2021-09-24 08:09:33", "elapsed": 349.108, "delta": 2.111325}}
{"target": 0.922956648773866, "params": {"C": 1332.6788724167832, "epsilon": 0.0928206006547583, "gamma": 0.038094633541469976, "lamda": 0.27223714200533944}, "datetime": {"datetime": "2021-09-24 08:09:35", "elapsed": 351.437577, "delta": 2.329577}}
{"target": 0.9170434417717697, "params": {"C": 1245.8999242025257, "epsilon": 0.2516065684631103, "gamma": 0.07, "lamda": 0.08096708135201647}, "datetime": {"datetime": "2021-09-24 08:09:37", "elapsed": 353.540208, "delta": 2.102631}}
{"target": 0.9109519970607133, "params": {"C": 1221.1158432524014, "epsilon": 0.3521225589123351, "gamma": 0.06707401134491564, "lamda": 0.20546875555452276}, "datetime": {"datetime": "2021-09-24 08:09:39", "elapsed": 355.165573, "delta": 1.625365}}
{"target": 0.9149829915008909, "params": {"C": 1280.7143112179547, "epsilon": 0.37285331333082794, "gamma": 0.040189437557264986, "lamda": 0.19011307631389732}, "datetime": {"datetime": "2021-09-24 08:09:40", "elapsed": 356.614711, "delta": 1.449138}}
{"target": 0.9241943467746588, "params": {"C": 1349.5291437748438, "epsilon": 0.11903294376009893, "gamma": 0.036907703219896996, "lamda": 0.18636237405795886}, "datetime": {"datetime": "2021-09-24 08:09:42", "elapsed": 358.667387, "delta": 2.052676}}
{"target": 0.8993866046883058, "params": {"C": 1272.2204322658106, "epsilon": 0.7408649511284698, "gamma": 0.04927699645693644, "lamda": 0.28688367998786113}, "datetime": {"datetime": "2021-09-24 08:09:44", "elapsed": 360.36376, "delta": 1.696373}}
{"target": 0.9124691836501803, "params": {"C": 1251.9232681400176, "epsilon": 0.9437229438946725, "gamma": 0.038127207173962986, "lamda": 0.0897471787714462}, "datetime": {"datetime": "2021-09-24 08:09:45", "elapsed": 361.94054, "delta": 1.57678}}
{"target": 0.9278170576887729, "params": {"C": 1206.9836511910064, "epsilon": 0.9133342829609084, "gamma": 0.02915695429644182, "lamda": 0.009357343746428139}, "datetime": {"datetime": "2021-09-24 08:09:47", "elapsed": 363.643455, "delta": 1.702915}}
{"target": 0.9112298234713448, "params": {"C": 1245.2876115779438, "epsilon": 0.05080396200645276, "gamma": 0.06582959550161746, "lamda": 0.10509931296807659}, "datetime": {"datetime": "2021-09-24 08:09:49", "elapsed": 365.263267, "delta": 1.619812}}
{"target": 0.8999791921896837, "params": {"C": 1353.4581487137416, "epsilon": 0.8797423321565119, "gamma": 0.05146519184214646, "lamda": 0.23524150766979834}, "datetime": {"datetime": "2021-09-24 08:09:50", "elapsed": 366.911004, "delta": 1.647737}}
{"target": 0.924618998858314, "params": {"C": 1232.748367323731, "epsilon": 0.24067458419372545, "gamma": 0.05430285048032761, "lamda": 0.04406276336797864}, "datetime": {"datetime": "2021-09-24 08:09:53", "elapsed": 369.535367, "delta": 2.624363}}
{"target": 0.9303937937918989, "params": {"C": 1264.6331013919146, "epsilon": 0.08771045258180744, "gamma": 0.034367027693490766, "lamda": 0.05228770300262186}, "datetime": {"datetime": "2021-09-24 08:09:56", "elapsed": 372.106101, "delta": 2.570734}}
{"target": 0.8989719822429352, "params": {"C": 1271.8127667183799, "epsilon": 0.8951615020471819, "gamma": 0.05446315628752793, "lamda": 0.23937532878438053}, "datetime": {"datetime": "2021-09-24 08:09:57", "elapsed": 373.828264, "delta": 1.722163}}
{"target": 0.9264419745678488, "params": {"C": 1272.1996726876284, "epsilon": 0.04042339173490873, "gamma": 0.0490554091864452, "lamda": 0.25675844392760977}, "datetime": {"datetime": "2021-09-24 08:10:00", "elapsed": 376.198415, "delta": 2.370151}}
{"target": 0.9171509800481923, "params": {"C": 1206.9685272671907, "epsilon": 0.9248910288760316, "gamma": 0.06488425054445326, "lamda": 0.038505684437635114}, "datetime": {"datetime": "2021-09-24 08:10:02", "elapsed": 378.579098, "delta": 2.380683}}
{"target": 0.9214907233436405, "params": {"C": 1264.6079602288594, "epsilon": 0.1290229779979165, "gamma": 0.05855327997505293, "lamda": 0.0651072485657485}, "datetime": {"datetime": "2021-09-24 08:10:04", "elapsed": 380.866268, "delta": 2.28717}}
{"target": 0.8969308582414117, "params": {"C": 1266.3627421962717, "epsilon": 0.8502758109313171, "gamma": 0.032090055542956984, "lamda": 0.22905468124487088}, "datetime": {"datetime": "2021-09-24 08:10:06", "elapsed": 382.524788, "delta": 1.65852}}
{"target": 0.9216095995697839, "params": {"C": 1264.6611683722135, "epsilon": 0.06558101625239224, "gamma": 0.054738782176555145, "lamda": 0.09425495318120232}, "datetime": {"datetime": "2021-09-24 08:10:09", "elapsed": 385.186197, "delta": 2.661409}}
{"target": 0.9222964065586783, "params": {"C": 1272.2081047527267, "epsilon": 0.057782998321873405, "gamma": 0.05033536307019061, "lamda": 0.38554094967450836}, "datetime": {"datetime": "2021-09-24 08:10:11", "elapsed": 387.956967, "delta": 2.77077}}
{"target": 0.9280667213571328, "params": {"C": 1349.571485307193, "epsilon": 0.05172369458418628, "gamma": 0.027954640450318896, "lamda": 0.15490283902304094}, "datetime": {"datetime": "2021-09-24 08:10:13", "elapsed": 390.044566, "delta": 2.087599}}
{"target": 0.9144258014786437, "params": {"C": 1398.2322077362242, "epsilon": 0.47516726752733274, "gamma": 0.05020229908491138, "lamda": 0.16036163556033758}, "datetime": {"datetime": "2021-09-24 08:10:15", "elapsed": 391.750157, "delta": 1.705591}}
{"target": 0.9290061687076608, "params": {"C": 1264.7578293405486, "epsilon": 0.17599777600493863, "gamma": 0.03713487450596634, "lamda": 0.06463504210491212}, "datetime": {"datetime": "2021-09-24 08:10:17", "elapsed": 394.010534, "delta": 2.260377}}
{"target": 0.9044167910164839, "params": {"C": 1216.3980655214023, "epsilon": 0.397653628414109, "gamma": 0.04994007094399021, "lamda": 0.3947241549288147}, "datetime": {"datetime": "2021-09-24 08:10:19", "elapsed": 395.675227, "delta": 1.664693}}
{"target": 0.9150799322547131, "params": {"C": 1299.655564928241, "epsilon": 0.6506228111269378, "gamma": 0.06542526778039978, "lamda": 0.07427044260429426}, "datetime": {"datetime": "2021-09-24 08:10:21", "elapsed": 397.459335, "delta": 1.784108}}
{"target": 0.9187576840824577, "params": {"C": 1220.6345204319264, "epsilon": 0.10355932003615308, "gamma": 0.06436272837576007, "lamda": 0.215140646041503}, "datetime": {"datetime": "2021-09-24 08:10:24", "elapsed": 400.129821, "delta": 2.670486}}
{"target": 0.9161535438814885, "params": {"C": 1273.7643706667618, "epsilon": 0.6334861572383768, "gamma": 0.06455174015080598, "lamda": 0.06897582647767024}, "datetime": {"datetime": "2021-09-24 08:10:25", "elapsed": 401.883109, "delta": 1.753288}}
{"target": 0.9215231092880437, "params": {"C": 1349.597590011204, "epsilon": 0.04453597327143758, "gamma": 0.021424197854009418, "lamda": 0.19313504082992883}, "datetime": {"datetime": "2021-09-24 08:10:28", "elapsed": 404.295468, "delta": 2.412359}}
{"target": 0.9205148950073451, "params": {"C": 1349.5191068530025, "epsilon": 0.03486814272401969, "gamma": 0.01970227682234539, "lamda": 0.08337480830419357}, "datetime": {"datetime": "2021-09-24 08:10:31", "elapsed": 407.357921, "delta": 3.062453}}
{"target": 0.8704485268906235, "params": {"C": 1265.1147518474756, "epsilon": 0.8519567447550392, "gamma": 0.0119472101010619, "lamda": 0.17796653579144306}, "datetime": {"datetime": "2021-09-24 08:10:33", "elapsed": 409.08907, "delta": 1.731149}}
{"target": 0.9109280010062267, "params": {"C": 1232.7124251591713, "epsilon": 0.3599882252176727, "gamma": 0.01740136556249345, "lamda": 0.05300860311024377}, "datetime": {"datetime": "2021-09-24 08:10:35", "elapsed": 411.59435, "delta": 2.50528}}
{"target": 0.8880519136946396, "params": {"C": 1218.646377944854, "epsilon": 0.3688033087916762, "gamma": 0.016781668878456994, "lamda": 0.29022592418338455}, "datetime": {"datetime": "2021-09-24 08:10:37", "elapsed": 413.265995, "delta": 1.671645}}
{"target": 0.9213484269985055, "params": {"C": 1204.0887811879263, "epsilon": 0.13657352366932068, "gamma": 0.051615415488896796, "lamda": 0.21497165623847947}, "datetime": {"datetime": "2021-09-24 08:10:39", "elapsed": 415.756346, "delta": 2.490351}}
{"target": 0.9258195405221978, "params": {"C": 1255.326677552168, "epsilon": 0.7579011602956106, "gamma": 0.033181408534139804, "lamda": 0.021038971709890726}, "datetime": {"datetime": "2021-09-24 08:10:41", "elapsed": 417.946284, "delta": 2.189938}}
{"target": 0.9052942168713929, "params": {"C": 1208.1239212741827, "epsilon": 0.14546756258667642, "gamma": 0.06518050749161777, "lamda": 0.02755953221596472}, "datetime": {"datetime": "2021-09-24 08:10:43", "elapsed": 419.751037, "delta": 1.804753}}
{"target": 0.9105107958322668, "params": {"C": 1349.5104889970835, "epsilon": 0.03555010642610554, "gamma": 0.06979530141023843, "lamda": 0.17176340049042443}, "datetime": {"datetime": "2021-09-24 08:10:46", "elapsed": 422.781676, "delta": 3.030639}}
{"target": 0.8983930478986513, "params": {"C": 1320.047740407254, "epsilon": 0.724843868544919, "gamma": 0.02235858599638965, "lamda": 0.14408365040758203}, "datetime": {"datetime": "2021-09-24 08:10:48", "elapsed": 424.474243, "delta": 1.692567}}
{"target": 0.9036795802031412, "params": {"C": 1399.4851078938864, "epsilon": 0.8831072397725472, "gamma": 0.04337153483686626, "lamda": 0.18964014059689782}, "datetime": {"datetime": "2021-09-24 08:10:50", "elapsed": 426.240977, "delta": 1.766734}}
{"target": 0.9230820121579145, "params": {"C": 1283.9255303910475, "epsilon": 0.12101794083838609, "gamma": 0.051063365623188424, "lamda": 0.1890385590763364}, "datetime": {"datetime": "2021-09-24 08:10:53", "elapsed": 429.668309, "delta": 3.427332}}
{"target": 0.9295749695407312, "params": {"C": 1264.7861833209388, "epsilon": 0.1251979073337588, "gamma": 0.03353067728751523, "lamda": 0.07679082969697018}, "datetime": {"datetime": "2021-09-24 08:10:55", "elapsed": 431.809871, "delta": 2.141562}}
{"target": 0.9045251595728454, "params": {"C": 1349.5566508913378, "epsilon": 0.1707671340554876, "gamma": 0.01838941711828361, "lamda": 0.23842919310212227}, "datetime": {"datetime": "2021-09-24 08:10:58", "elapsed": 434.825248, "delta": 3.015377}}
{"target": 0.9231302772934198, "params": {"C": 1245.8102397710031, "epsilon": 0.1546122456946995, "gamma": 0.023787554056583872, "lamda": 0.07728722375940096}, "datetime": {"datetime": "2021-09-24 08:11:01", "elapsed": 437.629979, "delta": 2.804731}}
{"target": 0.902458170645866, "params": {"C": 1336.5155352352713, "epsilon": 0.7834335513028995, "gamma": 0.05493913105019002, "lamda": 0.22667180069673118}, "datetime": {"datetime": "2021-09-24 08:11:03", "elapsed": 439.370074, "delta": 1.740095}}
{"target": 0.8841160326286485, "params": {"C": 1387.0987875742578, "epsilon": 0.17476168428108405, "gamma": 0.011157392021976886, "lamda": 0.2997158021010983}, "datetime": {"datetime": "2021-09-24 08:11:05", "elapsed": 441.238656, "delta": 1.868582}}
{"target": 0.8930024530777552, "params": {"C": 1213.1617254240437, "epsilon": 0.6505484817007654, "gamma": 0.026287349512706185, "lamda": 0.2834987473726544}, "datetime": {"datetime": "2021-09-24 08:11:07", "elapsed": 443.136311, "delta": 1.897655}}
{"target": 0.9232309402161522, "params": {"C": 1272.1592936609784, "epsilon": 0.06481750125879457, "gamma": 0.045372980848766356, "lamda": 0.3481491085804608}, "datetime": {"datetime": "2021-09-24 08:11:09", "elapsed": 445.885936, "delta": 2.749625}}
{"target": 0.9307009427641737, "params": {"C": 1264.5749856251184, "epsilon": 0.05539277192813462, "gamma": 0.034772396332933206, "lamda": 0.11893315001475019}, "datetime": {"datetime": "2021-09-24 08:11:12", "elapsed": 448.372927, "delta": 2.486991}}
{"target": 0.9076483037311004, "params": {"C": 1296.8314690374873, "epsilon": 0.8440658892790366, "gamma": 0.05473934145101867, "lamda": 0.1527903129318457}, "datetime": {"datetime": "2021-09-24 08:11:14", "elapsed": 450.292963, "delta": 1.920036}}
{"target": 0.9168975793245919, "params": {"C": 1332.8681337292544, "epsilon": 0.12125852098670423, "gamma": 0.07, "lamda": 0.1125007206689849}, "datetime": {"datetime": "2021-09-24 08:11:17", "elapsed": 453.089116, "delta": 2.796153}}
{"target": 0.9097943932986384, "params": {"C": 1242.233894884236, "epsilon": 0.6603822751115254, "gamma": 0.0392572497899386, "lamda": 0.16250372686068973}, "datetime": {"datetime": "2021-09-24 08:11:18", "elapsed": 454.888856, "delta": 1.79974}}
{"target": 0.9265833549064532, "params": {"C": 1227.0234418534085, "epsilon": 0.2814343193264004, "gamma": 0.02616288357462973, "lamda": 0.012060021138080905}, "datetime": {"datetime": "2021-09-24 08:11:20", "elapsed": 456.854303, "delta": 1.965447}}
{"target": 0.9023264736577817, "params": {"C": 1264.6144736143897, "epsilon": 0.11351485016793324, "gamma": 0.011801934152744427, "lamda": 0.11821252492150953}, "datetime": {"datetime": "2021-09-24 08:11:23", "elapsed": 459.189143, "delta": 2.33484}}
{"target": 0.9108195484276262, "params": {"C": 1257.1370327897985, "epsilon": 0.583852217067559, "gamma": 0.050115847623680695, "lamda": 0.17948711130008912}, "datetime": {"datetime": "2021-09-24 08:11:24", "elapsed": 460.935248, "delta": 1.746105}}
{"target": 0.9264770508576927, "params": {"C": 1319.2203990510486, "epsilon": 0.562798427636451, "gamma": 0.04279989611406187, "lamda": 0.007302110361628783}, "datetime": {"datetime": "2021-09-24 08:11:26", "elapsed": 462.834029, "delta": 1.898781}}
{"target": 0.9110870683526778, "params": {"C": 1354.3504736985287, "epsilon": 0.11638579212214943, "gamma": 0.020136735741297297, "lamda": 0.22888944972392417}, "datetime": {"datetime": "2021-09-24 08:11:30", "elapsed": 466.435177, "delta": 3.601148}}
{"target": 0.903485611768392, "params": {"C": 1396.0769724440697, "epsilon": 0.47366072404852644, "gamma": 0.03255395462214459, "lamda": 0.28571787020879247}, "datetime": {"datetime": "2021-09-24 08:11:32", "elapsed": 468.262988, "delta": 1.827811}}
{"target": 0.9047958922247988, "params": {"C": 1261.953023181743, "epsilon": 0.589530441911254, "gamma": 0.02336424693851469, "lamda": 0.12176138367228462}, "datetime": {"datetime": "2021-09-24 08:11:34", "elapsed": 470.153815, "delta": 1.890827}}
{"target": 0.9291468685910884, "params": {"C": 1264.832661852384, "epsilon": 0.19454226277268863, "gamma": 0.04201898255645867, "lamda": 0.0291827380798294}, "datetime": {"datetime": "2021-09-24 08:11:37", "elapsed": 473.327849, "delta": 3.174034}}
{"target": 0.8922962027878493, "params": {"C": 1321.1456593465327, "epsilon": 0.6931935352260036, "gamma": 0.022664626176245393, "lamda": 0.2218280859597452}, "datetime": {"datetime": "2021-09-24 08:11:39", "elapsed": 475.146673, "delta": 1.818824}}
{"target": 0.8965323671158967, "params": {"C": 1336.5352303559218, "epsilon": 0.5044468083110161, "gamma": 0.016431565556320946, "lamda": 0.11935481571268808}, "datetime": {"datetime": "2021-09-24 08:11:41", "elapsed": 477.052802, "delta": 1.906129}}
{"target": 0.9093270631544228, "params": {"C": 1287.4496275814017, "epsilon": 0.9389531817571337, "gamma": 0.04680043909277897, "lamda": 0.12644610981249163}, "datetime": {"datetime": "2021-09-24 08:11:42", "elapsed": 478.959323, "delta": 1.906521}}
{"target": 0.9207992855749194, "params": {"C": 1255.3773169153808, "epsilon": 0.727598121965162, "gamma": 0.056967362709485825, "lamda": 0.03964094508276882}, "datetime": {"datetime": "2021-09-24 08:11:46", "elapsed": 482.856789, "delta": 3.897466}}
{"target": 0.9219052363673068, "params": {"C": 1207.0461513411535, "epsilon": 0.876130090741223, "gamma": 0.042078026376060555, "lamda": 0.03635583101016245}, "datetime": {"datetime": "2021-09-24 08:11:49", "elapsed": 485.685658, "delta": 2.828869}}
{"target": 0.9265758863202356, "params": {"C": 1245.8630913187799, "epsilon": 0.10272325476931998, "gamma": 0.04957004531084889, "lamda": 0.08730994094631607}, "datetime": {"datetime": "2021-09-24 08:11:52", "elapsed": 488.354986, "delta": 2.669328}}
{"target": 0.868906802230051, "params": {"C": 1209.314054170151, "epsilon": 0.7644746480472299, "gamma": 0.017201185713739093, "lamda": 0.37966582299564844}, "datetime": {"datetime": "2021-09-24 08:11:54", "elapsed": 490.10132, "delta": 1.746334}}
{"target": 0.9184865292244333, "params": {"C": 1245.8280047531553, "epsilon": 0.17146922016812255, "gamma": 0.06693117633415727, "lamda": 0.11147548348097026}, "datetime": {"datetime": "2021-09-24 08:11:56", "elapsed": 493.038988, "delta": 2.937668}}
{"target": 0.9083440402071384, "params": {"C": 1260.3042543025072, "epsilon": 0.9743529651749532, "gamma": 0.06498682135430485, "lamda": 0.10479596368896968}, "datetime": {"datetime": "2021-09-24 08:11:59", "elapsed": 495.344815, "delta": 2.305827}}
{"target": 0.9134013273885273, "params": {"C": 1319.1095502142211, "epsilon": 0.5233419795808482, "gamma": 0.024048145515355498, "lamda": 0.06700162455372567}, "datetime": {"datetime": "2021-09-24 08:12:02", "elapsed": 498.460431, "delta": 3.115616}}
{"target": 0.9246676597884593, "params": {"C": 1354.2916883550556, "epsilon": 0.0458096324897644, "gamma": 0.05181879281660984, "lamda": 0.2995738096411959}, "datetime": {"datetime": "2021-09-24 08:12:04", "elapsed": 500.652878, "delta": 2.192447}}
{"target": 0.9299906456387168, "params": {"C": 1264.7004612519866, "epsilon": 0.1642012432781825, "gamma": 0.038546784086450375, "lamda": 0.030747205109839023}, "datetime": {"datetime": "2021-09-24 08:12:07", "elapsed": 503.825424, "delta": 3.172546}}
{"target": 0.9273389645276564, "params": {"C": 1232.8112037111853, "epsilon": 0.30781440309503705, "gamma": 0.04201975287282933, "lamda": 0.04956251739918615}, "datetime": {"datetime": "2021-09-24 08:12:09", "elapsed": 505.98464, "delta": 2.159216}}
{"target": 0.9093285133514466, "params": {"C": 1264.5887823782746, "epsilon": 0.034840731063012116, "gamma": 0.04888111160560623, "lamda": 0.037837767805861816}, "datetime": {"datetime": "2021-09-24 08:12:13", "elapsed": 509.095027, "delta": 3.110387}}
{"target": 0.9265644713454654, "params": {"C": 1227.0057697958566, "epsilon": 0.2329266597484989, "gamma": 0.026070064241204567, "lamda": 0.016529675861063894}, "datetime": {"datetime": "2021-09-24 08:12:16", "elapsed": 512.265823, "delta": 3.170796}}
{"target": 0.9017079433997309, "params": {"C": 1249.0771873747665, "epsilon": 0.7108294001421352, "gamma": 0.027461452269230822, "lamda": 0.170560507665015}, "datetime": {"datetime": "2021-09-24 08:12:18", "elapsed": 514.513596, "delta": 2.247773}}
{"target": 0.8909391325970478, "params": {"C": 1222.2354507103205, "epsilon": 0.81795664420853, "gamma": 0.055097643738716215, "lamda": 0.3627801170554955}, "datetime": {"datetime": "2021-09-24 08:12:20", "elapsed": 516.646028, "delta": 2.132432}}
{"target": 0.9259559978403163, "params": {"C": 1354.4011172188223, "epsilon": 0.044596940578461954, "gamma": 0.050563549936466036, "lamda": 0.20202516140374502}, "datetime": {"datetime": "2021-09-24 08:12:23", "elapsed": 519.892685, "delta": 3.246657}}
{"target": 0.9071006013111371, "params": {"C": 1365.310711803752, "epsilon": 0.7984774829327275, "gamma": 0.0263469419871475, "lamda": 0.09439382039070471}, "datetime": {"datetime": "2021-09-24 08:12:25", "elapsed": 521.954351, "delta": 2.061666}}
{"target": 0.9231708761223583, "params": {"C": 1204.1522203318602, "epsilon": 0.07826986229845487, "gamma": 0.0566995037377696, "lamda": 0.1907971107256923}, "datetime": {"datetime": "2021-09-24 08:12:29", "elapsed": 525.055904, "delta": 3.101553}}
{"target": 0.888780097157545, "params": {"C": 1255.511579751843, "epsilon": 0.5667125977332578, "gamma": 0.019387129385400957, "lamda": 0.2476496770729437}, "datetime": {"datetime": "2021-09-24 08:12:31", "elapsed": 527.26738, "delta": 2.211476}}
