{"target": 0.8001859770067387, "params": {"C": 175.42641286533492, "epsilon": 0.1405956921294524, "gamma": 0.47286190565429076, "lamda": 0.03869617471423754}, "datetime": {"datetime": "2021-09-23 08:27:16", "elapsed": 0.0, "delta": 0.0}}
{"target": 0.8293029357986654, "params": {"C": 164.60065261871637, "epsilon": 0.6349614630137853, "gamma": 0.3707112354356824, "lamda": 0.010970639027175669}, "datetime": {"datetime": "2021-09-23 08:27:17", "elapsed": 0.355827, "delta": 0.355827}}
{"target": 0.7908188233320966, "params": {"C": 165.1450288880827, "epsilon": 0.4753609768162465, "gamma": 0.5032949070817966, "lamda": 0.008023747481418781}, "datetime": {"datetime": "2021-09-23 08:27:17", "elapsed": 0.826292, "delta": 0.470465}}
{"target": 0.8835580265427274, "params": {"C": 166.9331457452074, "epsilon": 0.6482061519603324, "gamma": 0.1764988081701315, "lamda": 0.017453788425378758}, "datetime": {"datetime": "2021-09-23 08:27:17", "elapsed": 1.210454, "delta": 0.384162}}
{"target": 0.860826551778954, "params": {"C": 166.8352408161034, "epsilon": 0.6205195757939097, "gamma": 0.2441901696129366, "lamda": 0.005545144767549257}, "datetime": {"datetime": "2021-09-23 08:27:18", "elapsed": 1.644352, "delta": 0.433898}}
{"target": 0.8944312322969219, "params": {"C": 166.8777412556306, "epsilon": 0.6981940777529665, "gamma": 0.14934919037549457, "lamda": 0.03594965605355691}, "datetime": {"datetime": "2021-09-23 08:27:18", "elapsed": 1.964484, "delta": 0.320132}}
{"target": 0.9105243535310011, "params": {"C": 167.00313866747877, "epsilon": 0.9548429683531354, "gamma": 0.08, "lamda": 0.05}, "datetime": {"datetime": "2021-09-23 08:27:19", "elapsed": 2.447509, "delta": 0.483025}}
{"target": 0.8001859770067387, "params": {"C": 175.42641286533492, "epsilon": 0.1405956921294524, "gamma": 0.47286190565429076, "lamda": 0.03869617471423754}, "datetime": {"datetime": "2021-09-23 08:28:37", "elapsed": 0.0, "delta": 0.0}}
{"target": 0.8293029357986654, "params": {"C": 164.60065261871637, "epsilon": 0.6349614630137853, "gamma": 0.3707112354356824, "lamda": 0.010970639027175669}, "datetime": {"datetime": "2021-09-23 08:28:37", "elapsed": 0.362956, "delta": 0.362956}}
{"target": 0.7908188233320966, "params": {"C": 165.1450288880827, "epsilon": 0.4753609768162465, "gamma": 0.5032949070817966, "lamda": 0.008023747481418781}, "datetime": {"datetime": "2021-09-23 08:28:37", "elapsed": 0.79474, "delta": 0.431784}}
{"target": 0.8835580265427274, "params": {"C": 166.9331457452074, "epsilon": 0.6482061519603324, "gamma": 0.1764988081701315, "lamda": 0.017453788425378758}, "datetime": {"datetime": "2021-09-23 08:28:38", "elapsed": 1.157319, "delta": 0.362579}}
{"target": 0.860826551778954, "params": {"C": 166.8352408161034, "epsilon": 0.6205195757939097, "gamma": 0.2441901696129366, "lamda": 0.005545144767549257}, "datetime": {"datetime": "2021-09-23 08:28:38", "elapsed": 1.609657, "delta": 0.452338}}
{"target": 0.8944312322969219, "params": {"C": 166.8777412556306, "epsilon": 0.6981940777529665, "gamma": 0.14934919037549457, "lamda": 0.03594965605355691}, "datetime": {"datetime": "2021-09-23 08:28:39", "elapsed": 2.003683, "delta": 0.394026}}
{"target": 0.9105243535310011, "params": {"C": 167.00313866747877, "epsilon": 0.9548429683531354, "gamma": 0.08, "lamda": 0.05}, "datetime": {"datetime": "2021-09-23 08:28:39", "elapsed": 2.456716, "delta": 0.453033}}
{"target": 0.8964165771672818, "params": {"C": 167.71320643266745, "epsilon": 0.9435790936547431, "gamma": 0.09267296469852551, "lamda": 0.18791864111148587}, "datetime": {"datetime": "2021-09-23 08:48:44", "elapsed": 0.0, "delta": 0.0}}
{"target": 0.8972134083598644, "params": {"C": 175.42641286533492, "epsilon": 0.9020751949359401, "gamma": 0.09267296469852551, "lamda": 0.18791864111148587}, "datetime": {"datetime": "2021-09-23 09:14:15", "elapsed": 0.0, "delta": 0.0}}
{"target": 0.8977726773487408, "params": {"C": 169.9701402460518, "epsilon": 0.9224796645530848, "gamma": 0.08396125729519248, "lamda": 0.18381425073036445}, "datetime": {"datetime": "2021-09-23 09:14:15", "elapsed": 0.285301, "delta": 0.285301}}
{"target": 0.9075016298661605, "params": {"C": 175.42641286533492, "epsilon": 0.9020751949359401, "gamma": 0.09267296469852551, "lamda": 0.08618421353962366}, "datetime": {"datetime": "2021-09-23 09:14:36", "elapsed": 0.0, "delta": 0.0}}
{"target": 0.9076033186231943, "params": {"C": 169.9701402460518, "epsilon": 0.9224796645530848, "gamma": 0.08396125729519248, "lamda": 0.08682918917094273}, "datetime": {"datetime": "2021-09-23 09:14:36", "elapsed": 0.337876, "delta": 0.337876}}
{"target": 0.9101776621834117, "params": {"C": 164.60065261871637, "epsilon": 0.9190055295552666, "gamma": 0.08937778178824782, "lamda": 0.05229744769988137}, "datetime": {"datetime": "2021-09-23 09:14:36", "elapsed": 0.735748, "delta": 0.397872}}
{"target": 0.9086097938691992, "params": {"C": 164.5821647498856, "epsilon": 0.9330793879699802, "gamma": 0.09624896501046265, "lamda": 0.0586362180762688}, "datetime": {"datetime": "2021-09-23 09:14:37", "elapsed": 1.1067, "delta": 0.370952}}
{"target": 0.9099761175313025, "params": {"C": 166.9331457452074, "epsilon": 0.9194591147931621, "gamma": 0.08311286477968166, "lamda": 0.060221296964351814}, "datetime": {"datetime": "2021-09-23 09:14:37", "elapsed": 1.509445, "delta": 0.402745}}
{"target": 0.9085120116109469, "params": {"C": 160.40892017199522, "epsilon": 0.9064099900839088, "gamma": 0.09165114347587293, "lamda": 0.06805896519933119}, "datetime": {"datetime": "2021-09-23 09:14:37", "elapsed": 1.891447, "delta": 0.382002}}
{"target": 0.9063857738224372, "params": {"C": 172.20001231676432, "epsilon": 0.9922285217627984, "gamma": 0.09418943290921279, "lamda": 0.08629922228301527}, "datetime": {"datetime": "2021-09-23 09:14:38", "elapsed": 2.289544, "delta": 0.398097}}
{"target": 0.9063738684923044, "params": {"C": 176.50598974153684, "epsilon": 0.9532979485474569, "gamma": 0.0846235012135634, "lamda": 0.09834780791319314}, "datetime": {"datetime": "2021-09-23 09:14:38", "elapsed": 2.646953, "delta": 0.357409}}
{"target": 0.9088104815178086, "params": {"C": 175.28594627766938, "epsilon": 0.9408619971704038, "gamma": 0.0903878839027647, "lamda": 0.06865688666825688}, "datetime": {"datetime": "2021-09-23 09:14:39", "elapsed": 3.047326, "delta": 0.400373}}
{"target": 0.909775315261117, "params": {"C": 164.6211446796561, "epsilon": 0.9073142958921887, "gamma": 0.08567667266536803, "lamda": 0.06058892464076733}, "datetime": {"datetime": "2021-09-23 09:14:39", "elapsed": 3.41191, "delta": 0.364584}}
{"target": 0.9091311289272699, "params": {"C": 166.96518804751108, "epsilon": 0.9347928468586506, "gamma": 0.08237927362231112, "lamda": 0.06839293098483462}, "datetime": {"datetime": "2021-09-23 09:14:39", "elapsed": 3.838831, "delta": 0.426921}}
{"target": 0.9101056385212836, "params": {"C": 166.91094968261265, "epsilon": 0.9502672481160348, "gamma": 0.08005421557258925, "lamda": 0.05681117846552826}, "datetime": {"datetime": "2021-09-23 09:14:40", "elapsed": 4.334513, "delta": 0.495682}}
{"target": 0.9081814762201028, "params": {"C": 166.8946821067574, "epsilon": 0.9249738072255899, "gamma": 0.08207247694590245, "lamda": 0.07988908297557751}, "datetime": {"datetime": "2021-09-23 09:14:40", "elapsed": 4.789234, "delta": 0.454721}}
{"target": 0.9086570856060318, "params": {"C": 166.96740092485985, "epsilon": 0.9265699100830126, "gamma": 0.08027826058682325, "lamda": 0.07430430765914466}, "datetime": {"datetime": "2021-09-23 09:14:41", "elapsed": 5.191341, "delta": 0.402107}}
{"target": 0.9074551109973927, "params": {"C": 168.09847740143968, "epsilon": 0.904399037711033, "gamma": 0.09180871813681254, "lamda": 0.08464222774403474}, "datetime": {"datetime": "2021-09-23 09:14:41", "elapsed": 5.595327, "delta": 0.403986}}
{"target": 0.9089775350337762, "params": {"C": 166.94225768712536, "epsilon": 0.9483822213191297, "gamma": 0.09758406810968069, "lamda": 0.05096645259951009}, "datetime": {"datetime": "2021-09-23 09:14:42", "elapsed": 6.012729, "delta": 0.417402}}
{"target": 0.9102632786900936, "params": {"C": 164.6007872555233, "epsilon": 0.9153527756459332, "gamma": 0.08773935180880706, "lamda": 0.05292502160306814}, "datetime": {"datetime": "2021-09-23 09:14:42", "elapsed": 6.412397, "delta": 0.399668}}
{"target": 0.909538760827858, "params": {"C": 166.90521294725136, "epsilon": 0.9866249316183098, "gamma": 0.08426051879964763, "lamda": 0.05999009309416654}, "datetime": {"datetime": "2021-09-23 09:14:42", "elapsed": 6.882653, "delta": 0.470256}}
{"target": 0.9094255317181783, "params": {"C": 164.641690515671, "epsilon": 0.9504924793840152, "gamma": 0.08301717931796626, "lamda": 0.06361578740480373}, "datetime": {"datetime": "2021-09-23 09:14:43", "elapsed": 7.323664, "delta": 0.441011}}
{"target": 0.9080922248455936, "params": {"C": 161.27608426898794, "epsilon": 0.9386406724686048, "gamma": 0.09975896278021139, "lamda": 0.05697098509184224}, "datetime": {"datetime": "2021-09-23 09:14:43", "elapsed": 7.727914, "delta": 0.40425}}
{"target": 0.9091811961999665, "params": {"C": 166.88377981601468, "epsilon": 0.9575354533878349, "gamma": 0.09754941833305243, "lamda": 0.04794803633400629}, "datetime": {"datetime": "2021-09-23 09:14:44", "elapsed": 8.178599, "delta": 0.450685}}
{"target": 0.9061010310274966, "params": {"C": 166.93132902513378, "epsilon": 0.9720967911839186, "gamma": 0.08465401536212563, "lamda": 0.09807402306796123}, "datetime": {"datetime": "2021-09-23 09:14:44", "elapsed": 8.595477, "delta": 0.416878}}
{"target": 0.9093373200282537, "params": {"C": 166.91464462151527, "epsilon": 0.9146492772288353, "gamma": 0.09870760335991989, "lamda": 0.04576671552846475}, "datetime": {"datetime": "2021-09-23 09:14:45", "elapsed": 9.081278, "delta": 0.485801}}
{"target": 0.9056975614151958, "params": {"C": 164.60641975002196, "epsilon": 0.9095004295054615, "gamma": 0.0969464927786004, "lamda": 0.0961515006468414}, "datetime": {"datetime": "2021-09-23 09:14:45", "elapsed": 9.493003, "delta": 0.411725}}
{"target": 0.9107652767620067, "params": {"C": 164.64399480749861, "epsilon": 0.9176821848190656, "gamma": 0.08303172748277692, "lamda": 0.04781161240877388}, "datetime": {"datetime": "2021-09-23 09:14:46", "elapsed": 9.966922, "delta": 0.473919}}
{"target": 0.908920381052192, "params": {"C": 164.6759698396006, "epsilon": 0.9181121252574728, "gamma": 0.0933310243149142, "lamda": 0.06115488063109713}, "datetime": {"datetime": "2021-09-23 09:14:46", "elapsed": 10.448829, "delta": 0.481907}}
{"target": 0.9068199313631301, "params": {"C": 171.8417190664616, "epsilon": 0.9778171125940919, "gamma": 0.09673521460717416, "lamda": 0.07991592635380225}, "datetime": {"datetime": "2021-09-23 09:14:46", "elapsed": 10.863734, "delta": 0.414905}}
{"target": 0.9109410949978124, "params": {"C": 165.7250705749311, "epsilon": 0.947598958621087, "gamma": 0.0801186928614171, "lamda": 0.04567705568874805}, "datetime": {"datetime": "2021-09-23 09:14:47", "elapsed": 11.257314, "delta": 0.39358}}
{"target": 0.9095750790633627, "params": {"C": 165.7079731515108, "epsilon": 0.9679870534592917, "gamma": 0.08480849845843365, "lamda": 0.06018096773207425}, "datetime": {"datetime": "2021-09-23 09:14:47", "elapsed": 11.713822, "delta": 0.456508}}
{"target": 0.9106543154844465, "params": {"C": 163.24512053319347, "epsilon": 0.9229462312274818, "gamma": 0.08692415887617266, "lamda": 0.04609138169465631}, "datetime": {"datetime": "2021-09-23 09:14:48", "elapsed": 12.133342, "delta": 0.41952}}
{"target": 0.9086620772039294, "params": {"C": 173.56219709088532, "epsilon": 0.9651234180416435, "gamma": 0.09622359645630563, "lamda": 0.05894755688878653}, "datetime": {"datetime": "2021-09-23 09:14:48", "elapsed": 12.568889, "delta": 0.435547}}
{"target": 0.9104857290004352, "params": {"C": 165.7142119260444, "epsilon": 0.9197154664350445, "gamma": 0.08707485795007228, "lamda": 0.049515396539886944}, "datetime": {"datetime": "2021-09-23 09:14:49", "elapsed": 13.063532, "delta": 0.494643}}
{"target": 0.8840400967863521, "params": {"C": 188.5660321633373, "epsilon": 0.021731197410042098, "gamma": 0.15603778819115305, "lamda": 0.08618421353962366}, "datetime": {"datetime": "2021-09-23 09:26:18", "elapsed": 0.0, "delta": 0.0}}
{"target": 0.9101264261261797, "params": {"C": 174.92535061512953, "epsilon": 0.2255718488853168, "gamma": 0.10376754377115488, "lamda": 0.08682918917094273}, "datetime": {"datetime": "2021-09-23 09:26:19", "elapsed": 0.289865, "delta": 0.289865}}
{"target": 0.8872214156910251, "params": {"C": 158.45554182812677, "epsilon": 0.08925147435983626, "gamma": 0.1622431782041357, "lamda": 0.09743663404072152}, "datetime": {"datetime": "2021-09-23 09:26:19", "elapsed": 0.594734, "delta": 0.304869}}
{"target": 0.8971394731156901, "params": {"C": 161.50163154679095, "epsilon": 0.19086524025711354, "gamma": 0.1362666907294869, "lamda": 0.05229744769988137}, "datetime": {"datetime": "2021-09-23 09:26:19", "elapsed": 0.986371, "delta": 0.391637}}
{"target": 0.9038966621025546, "params": {"C": 174.94001374932247, "epsilon": 0.22481304487807977, "gamma": 0.12278611037354134, "lamda": 0.097006498628494}, "datetime": {"datetime": "2021-09-23 09:26:20", "elapsed": 1.351127, "delta": 0.364756}}
{"target": 0.9111456081486049, "params": {"C": 167.3328643630185, "epsilon": 0.19539655678368906, "gamma": 0.09867718867808997, "lamda": 0.060221296964351814}, "datetime": {"datetime": "2021-09-23 09:26:20", "elapsed": 1.75364, "delta": 0.402513}}
{"target": 0.8994071240519452, "params": {"C": 167.2973594416258, "epsilon": 0.15073549913483839, "gamma": 0.13126763476785, "lamda": 0.07434903858812354}, "datetime": {"datetime": "2021-09-23 09:26:21", "elapsed": 2.115117, "delta": 0.361477}}
{"target": 0.9120062066620761, "params": {"C": 174.93026166749027, "epsilon": 0.22096145298408873, "gamma": 0.09672372585718937, "lamda": 0.08304405148915707}, "datetime": {"datetime": "2021-09-23 09:26:21", "elapsed": 2.454251, "delta": 0.339134}}
{"target": 0.901650298375342, "params": {"C": 167.3969730719448, "epsilon": 0.2623171621256525, "gamma": 0.12614191141737427, "lamda": 0.050784577269051404}, "datetime": {"datetime": "2021-09-23 09:26:21", "elapsed": 2.839903, "delta": 0.385652}}
{"target": 0.8972441585315714, "params": {"C": 188.21486569417348, "epsilon": 0.4092113517323336, "gamma": 0.14232730341658817, "lamda": 0.06865688666825688}, "datetime": {"datetime": "2021-09-23 09:26:22", "elapsed": 3.182201, "delta": 0.342298}}
{"target": 0.9126312265755732, "params": {"C": 174.94434396461295, "epsilon": 0.21531648284396832, "gamma": 0.08472095157917724, "lamda": 0.050819454422087046}, "datetime": {"datetime": "2021-09-23 09:26:22", "elapsed": 3.572842, "delta": 0.390641}}
{"target": 0.9139674483121298, "params": {"C": 174.8932859714788, "epsilon": 0.18077116288523445, "gamma": 0.08504981409137777, "lamda": 0.0732576613732578}, "datetime": {"datetime": "2021-09-23 09:26:22", "elapsed": 3.952508, "delta": 0.379666}}
{"target": 0.9123812895624913, "params": {"C": 174.82959366810212, "epsilon": 0.24395985032401593, "gamma": 0.08, "lamda": 0.045}, "datetime": {"datetime": "2021-09-23 09:26:23", "elapsed": 4.388392, "delta": 0.435884}}
{"target": 0.9130926692290651, "params": {"C": 174.7222936133737, "epsilon": 0.16213216250541884, "gamma": 0.08891128158525692, "lamda": 0.07206195389135844}, "datetime": {"datetime": "2021-09-23 09:26:23", "elapsed": 4.82375, "delta": 0.435358}}
{"target": 0.8919354854501585, "params": {"C": 174.72499854449254, "epsilon": 0.28496576490778813, "gamma": 0.15625761049539627, "lamda": 0.0738637199079815}, "datetime": {"datetime": "2021-09-23 09:26:24", "elapsed": 5.217117, "delta": 0.393367}}
{"target": 0.8884929917522149, "params": {"C": 170.24619350359916, "epsilon": 0.0449463867332195, "gamma": 0.15085230882087527, "lamda": 0.08464222774403474}, "datetime": {"datetime": "2021-09-23 09:26:24", "elapsed": 5.598151, "delta": 0.381034}}
{"target": 0.9122421805761587, "params": {"C": 174.7944339927124, "epsilon": 0.14656341392173544, "gamma": 0.08884852703853131, "lamda": 0.07039831375354608}, "datetime": {"datetime": "2021-09-23 09:26:24", "elapsed": 5.982518, "delta": 0.384367}}
{"target": 0.9118057204998786, "params": {"C": 174.94106405768105, "epsilon": 0.20960301512773036, "gamma": 0.08671809118308603, "lamda": 0.04608059847944656}, "datetime": {"datetime": "2021-09-23 09:26:25", "elapsed": 6.376114, "delta": 0.393596}}
{"target": 0.9057534504286933, "params": {"C": 174.62135892511958, "epsilon": 0.07050756090290618, "gamma": 0.09169292286260818, "lamda": 0.04506771889428486}, "datetime": {"datetime": "2021-09-23 09:26:25", "elapsed": 6.841851, "delta": 0.465737}}
{"target": 0.9069163612578205, "params": {"C": 174.85370521169534, "epsilon": 0.04074207661641014, "gamma": 0.09038224550805844, "lamda": 0.0877855600972866}, "datetime": {"datetime": "2021-09-23 09:26:26", "elapsed": 7.295282, "delta": 0.453431}}
{"target": 0.8723527409088421, "params": {"C": 174.71483168380013, "epsilon": 0.0029362142714811435, "gamma": 0.19174455424405934, "lamda": 0.0735117843527902}, "datetime": {"datetime": "2021-09-23 09:26:26", "elapsed": 7.79986, "delta": 0.504578}}
{"target": 0.8998694844386999, "params": {"C": 173.47057419331804, "epsilon": 0.9673346931028696, "gamma": 0.1336520002952368, "lamda": 0.053786803233144116}, "datetime": {"datetime": "2021-09-23 09:26:27", "elapsed": 8.207372, "delta": 0.407512}}
{"target": 0.9099338743809776, "params": {"C": 174.4283864353474, "epsilon": 0.12478251133919449, "gamma": 0.08539545475196864, "lamda": 0.05962816069055012}, "datetime": {"datetime": "2021-09-23 09:26:27", "elapsed": 8.612419, "delta": 0.405047}}
{"target": 0.9134062127886668, "params": {"C": 174.924251527017, "epsilon": 0.23474921429496398, "gamma": 0.09013975779139762, "lamda": 0.0824421127206201}, "datetime": {"datetime": "2021-09-23 09:26:27", "elapsed": 8.986368, "delta": 0.373949}}
{"target": 0.9046208218814736, "params": {"C": 174.3362084937464, "epsilon": 0.24945834494636793, "gamma": 0.11750868706100132, "lamda": 0.04974219108735695}, "datetime": {"datetime": "2021-09-23 09:26:28", "elapsed": 9.400688, "delta": 0.41432}}
{"target": 0.9139365939022928, "params": {"C": 174.53769215024312, "epsilon": 0.21704926829975557, "gamma": 0.08451068489625962, "lamda": 0.06085280101853062}, "datetime": {"datetime": "2021-09-23 09:26:28", "elapsed": 9.840001, "delta": 0.439313}}
{"target": 0.8806819706081641, "params": {"C": 174.47157600007213, "epsilon": 0.25154206472599605, "gamma": 0.19044314775347546, "lamda": 0.0781909001793015}, "datetime": {"datetime": "2021-09-23 09:26:29", "elapsed": 10.26353, "delta": 0.423529}}
{"target": 0.8847847716810981, "params": {"C": 179.60429766615397, "epsilon": 0.7783929548149774, "gamma": 0.18041128764304487, "lamda": 0.07991592635380225}, "datetime": {"datetime": "2021-09-23 09:26:29", "elapsed": 10.635529, "delta": 0.371999}}
{"target": 0.9140954701804662, "params": {"C": 164.31267643732775, "epsilon": 0.47651359662465886, "gamma": 0.08071215716850257, "lamda": 0.04567705568874805}, "datetime": {"datetime": "2021-09-23 09:26:29", "elapsed": 11.021042, "delta": 0.385513}}
{"target": 0.9063613223664222, "params": {"C": 164.26201141172047, "epsilon": 0.3603424078888486, "gamma": 0.11541374171827931, "lamda": 0.06175307734691225}, "datetime": {"datetime": "2021-09-23 09:26:30", "elapsed": 11.45568, "delta": 0.434638}}
{"target": 0.912182417043103, "params": {"C": 164.19774670311577, "epsilon": 0.5330063078162528, "gamma": 0.08707372648728547, "lamda": 0.06017575758531411}, "datetime": {"datetime": "2021-09-23 09:26:30", "elapsed": 11.893265, "delta": 0.437585}}
{"target": 0.8939754755967773, "params": {"C": 164.34987198180602, "epsilon": 0.6606045374392883, "gamma": 0.15300225362707714, "lamda": 0.08159771435856465}, "datetime": {"datetime": "2021-09-23 09:26:31", "elapsed": 12.284038, "delta": 0.390773}}
{"target": 0.8902999338842777, "params": {"C": 164.08814721799635, "epsilon": 0.47664426261086806, "gamma": 0.1647036497161143, "lamda": 0.08853156804051346}, "datetime": {"datetime": "2021-09-23 09:26:31", "elapsed": 12.696493, "delta": 0.412455}}
{"target": 0.8891290320261516, "params": {"C": 164.41863802661854, "epsilon": 0.40990867819354393, "gamma": 0.16447386402321906, "lamda": 0.05169638556098051}, "datetime": {"datetime": "2021-09-23 09:26:32", "elapsed": 13.119886, "delta": 0.423393}}
{"target": 0.8872766601178712, "params": {"C": 174.2768214164211, "epsilon": 0.07220162042900789, "gamma": 0.15885399943736828, "lamda": 0.0944290581917904}, "datetime": {"datetime": "2021-09-23 09:26:32", "elapsed": 13.547811, "delta": 0.427925}}
{"target": 0.9141415696754214, "params": {"C": 175.01659319208278, "epsilon": 0.47744514049505754, "gamma": 0.08105814233623952, "lamda": 0.04652090867939601}, "datetime": {"datetime": "2021-09-23 09:26:32", "elapsed": 13.991734, "delta": 0.443923}}
{"target": 0.8804963456242956, "params": {"C": 182.03576744220274, "epsilon": 0.06728918851559694, "gamma": 0.17763588139049147, "lamda": 0.09440264319833541}, "datetime": {"datetime": "2021-09-23 09:26:33", "elapsed": 14.477075, "delta": 0.485341}}
{"target": 0.9123779216470621, "params": {"C": 175.15325255594053, "epsilon": 0.4154521272549426, "gamma": 0.09169849008045992, "lamda": 0.06326959106066785}, "datetime": {"datetime": "2021-09-23 09:26:33", "elapsed": 14.92781, "delta": 0.450735}}
{"target": 0.8789680282022637, "params": {"C": 175.09447070617435, "epsilon": 0.5036177872414477, "gamma": 0.19918873884555732, "lamda": 0.05426909243185556}, "datetime": {"datetime": "2021-09-23 09:26:34", "elapsed": 15.328441, "delta": 0.400631}}
{"target": 0.9114189833310992, "params": {"C": 174.96234537295288, "epsilon": 0.3798981589624515, "gamma": 0.09833061853808171, "lamda": 0.058470509499744194}, "datetime": {"datetime": "2021-09-23 09:26:34", "elapsed": 15.786418, "delta": 0.457977}}
