{"target": 0.9177805266054758, "params": {"C": 1746.6139081986353, "epsilon": 0.4677101742567653, "gamma": 0.06802859727838093, "lamda": 0.04802691288163459}, "datetime": {"datetime": "2021-09-24 09:06:51", "elapsed": 59.244171, "delta": 0.761003}}
{"target": 0.9050564787793642, "params": {"C": 1732.4352494760083, "epsilon": 0.3209150964114429, "gamma": 0.011828864022504475, "lamda": 0.006120352709070404}, "datetime": {"datetime": "2021-09-24 09:06:52", "elapsed": 60.218167, "delta": 0.973996}}
{"target": 0.9187156626633864, "params": {"C": 1746.0758570923072, "epsilon": 0.15489238207854306, "gamma": 0.06662566150907989, "lamda": 0.11270737731300792}, "datetime": {"datetime": "2021-09-24 09:06:52", "elapsed": 60.881599, "delta": 0.663432}}
{"target": 0.9160525785308689, "params": {"C": 1799.6443617848074, "epsilon": 0.6678857848740779, "gamma": 0.06309517416898137, "lamda": 0.07003032387803912}, "datetime": {"datetime": "2021-09-24 09:06:53", "elapsed": 61.534594, "delta": 0.652995}}
{"target": 0.9194114633279187, "params": {"C": 1871.557002905431, "epsilon": 0.27222863265745145, "gamma": 0.046860868259423975, "lamda": 0.1674937157763118}, "datetime": {"datetime": "2021-09-24 09:06:54", "elapsed": 62.186595, "delta": 0.652001}}
{"target": 0.8917221391038676, "params": {"C": 1742.8073372508213, "epsilon": 0.3398439368681727, "gamma": 0.014415515842233988, "lamda": 0.18032579906708}, "datetime": {"datetime": "2021-09-24 09:06:54", "elapsed": 62.832585, "delta": 0.64599}}
{"target": 0.9253970253886057, "params": {"C": 1731.9957145457493, "epsilon": 0.27312659752262225, "gamma": 0.03889012306042246, "lamda": 0.07581867262151518}, "datetime": {"datetime": "2021-09-24 09:06:55", "elapsed": 63.497414, "delta": 0.664829}}
{"target": 0.9188426180518767, "params": {"C": 1703.6454414790956, "epsilon": 0.05722863726526131, "gamma": 0.06539113437979668, "lamda": 0.25139976647980933}, "datetime": {"datetime": "2021-09-24 09:06:56", "elapsed": 64.229326, "delta": 0.731912}}
{"target": 0.9240602794518943, "params": {"C": 1703.7697070813826, "epsilon": 0.0977982697352454, "gamma": 0.04982380567116062, "lamda": 0.20133735013820028}, "datetime": {"datetime": "2021-09-24 09:06:56", "elapsed": 64.860021, "delta": 0.630695}}
{"target": 0.8926910485851794, "params": {"C": 1732.3650950192987, "epsilon": 0.5167661647891055, "gamma": 0.01189240498275908, "lamda": 0.06859974103144544}, "datetime": {"datetime": "2021-09-24 09:06:57", "elapsed": 65.697879, "delta": 0.837858}}
{"target": 0.9257564817151192, "params": {"C": 1746.3070958069711, "epsilon": 0.07256448855639405, "gamma": 0.050341871608151234, "lamda": 0.18324452348205333}, "datetime": {"datetime": "2021-09-24 09:06:58", "elapsed": 66.409609, "delta": 0.71173}}
{"target": 0.9158669378621863, "params": {"C": 1732.051930604798, "epsilon": 0.2183923630375976, "gamma": 0.025168778109642603, "lamda": 0.1389078259403641}, "datetime": {"datetime": "2021-09-24 09:06:58", "elapsed": 67.100272, "delta": 0.690663}}
{"target": 0.9282150676103036, "params": {"C": 1745.8234005314255, "epsilon": 0.07165722526153734, "gamma": 0.03679816619740263, "lamda": 0.170774549576778}, "datetime": {"datetime": "2021-09-24 09:06:59", "elapsed": 67.782699, "delta": 0.682427}}
{"target": 0.925261587500108, "params": {"C": 1745.794068859967, "epsilon": 0.15345360884632653, "gamma": 0.05022208841142368, "lamda": 0.10794639560700514}, "datetime": {"datetime": "2021-09-24 09:07:00", "elapsed": 68.559814, "delta": 0.777115}}
{"target": 0.9161886743979955, "params": {"C": 1732.601266574976, "epsilon": 0.3865255225361404, "gamma": 0.07, "lamda": 0.07737477259432239}, "datetime": {"datetime": "2021-09-24 09:07:01", "elapsed": 69.338266, "delta": 0.778452}}
{"target": 0.9254640755813491, "params": {"C": 1755.2911409123242, "epsilon": 0.8262884208591298, "gamma": 0.04177352018761141, "lamda": 0.023832859251152878}, "datetime": {"datetime": "2021-09-24 09:07:01", "elapsed": 70.018111, "delta": 0.679845}}
{"target": 0.9195826842805815, "params": {"C": 1789.3317164177604, "epsilon": 0.996814221971482, "gamma": 0.050044525431901535, "lamda": 0.041661512213747025}, "datetime": {"datetime": "2021-09-24 09:07:02", "elapsed": 70.703601, "delta": 0.68549}}
{"target": 0.9142334332694841, "params": {"C": 1755.2103621271383, "epsilon": 0.7887823326008158, "gamma": 0.03284649816188065, "lamda": 0.07638281073647088}, "datetime": {"datetime": "2021-09-24 09:07:03", "elapsed": 71.575388, "delta": 0.871787}}
{"target": 0.9110308914485222, "params": {"C": 1745.9638795323535, "epsilon": 0.05064066085580878, "gamma": 0.06787807838650863, "lamda": 0.11482323044344243}, "datetime": {"datetime": "2021-09-24 09:07:04", "elapsed": 72.36886, "delta": 0.793472}}
{"target": 0.9283689800371759, "params": {"C": 1745.7368187769298, "epsilon": 0.08649219780703889, "gamma": 0.02995522243886231, "lamda": 0.1137924385430607}, "datetime": {"datetime": "2021-09-24 09:07:04", "elapsed": 73.132999, "delta": 0.764139}}
{"target": 0.9131992353557684, "params": {"C": 1755.3977288967374, "epsilon": 0.7737514686478159, "gamma": 0.0534298830109151, "lamda": 0.0047962623695425085}, "datetime": {"datetime": "2021-09-24 09:07:05", "elapsed": 74.077268, "delta": 0.944269}}
{"target": 0.9186857628449846, "params": {"C": 1732.1029410250962, "epsilon": 0.33382211336033585, "gamma": 0.045906284055166856, "lamda": 0.15009258732893682}, "datetime": {"datetime": "2021-09-24 09:07:06", "elapsed": 74.93659, "delta": 0.859322}}
{"target": 0.9200758848031425, "params": {"C": 1703.8532786393887, "epsilon": 0.07835477562340984, "gamma": 0.021949330378928794, "lamda": 0.16666942914145302}, "datetime": {"datetime": "2021-09-24 09:07:07", "elapsed": 75.734073, "delta": 0.797483}}
{"target": 0.9185727331414797, "params": {"C": 1745.9637380452552, "epsilon": 0.24477449486077998, "gamma": 0.05846280870935761, "lamda": 0.15794210446058532}, "datetime": {"datetime": "2021-09-24 09:07:08", "elapsed": 76.546088, "delta": 0.812015}}
{"target": 0.896247074640645, "params": {"C": 1745.7761269639998, "epsilon": 0.05935408308603629, "gamma": 0.05297501633661366, "lamda": 0.028805444895037047}, "datetime": {"datetime": "2021-09-24 09:07:09", "elapsed": 77.430072, "delta": 0.883984}}
{"target": 0.8941737239963912, "params": {"C": 1703.5905518526263, "epsilon": 0.12958178476298032, "gamma": 0.011017070095867318, "lamda": 0.19234037285330066}, "datetime": {"datetime": "2021-09-24 09:07:09", "elapsed": 78.13673, "delta": 0.706658}}
{"target": 0.8844376889057658, "params": {"C": 1860.227873884617, "epsilon": 0.9956743291897288, "gamma": 0.06649500833066253, "lamda": 0.3423435420132378}, "datetime": {"datetime": "2021-09-24 09:07:10", "elapsed": 78.946164, "delta": 0.809434}}
{"target": 0.9147885121031145, "params": {"C": 1745.7724759672133, "epsilon": 0.08710429800479148, "gamma": 0.018671173550257044, "lamda": 0.173268879848803}, "datetime": {"datetime": "2021-09-24 09:07:11", "elapsed": 79.76423, "delta": 0.818066}}
{"target": 0.9074203322593445, "params": {"C": 1861.8570654598893, "epsilon": 0.24953022686291432, "gamma": 0.03174120971822739, "lamda": 0.3959755288598539}, "datetime": {"datetime": "2021-09-24 09:07:12", "elapsed": 80.386483, "delta": 0.622253}}
{"target": 0.9202231134776425, "params": {"C": 1722.2348727357748, "epsilon": 0.15940624080733246, "gamma": 0.048832562763475626, "lamda": 0.23117264300962911}, "datetime": {"datetime": "2021-09-24 09:07:12", "elapsed": 81.109116, "delta": 0.722633}}
{"target": 0.9205682164173743, "params": {"C": 1754.7533242483848, "epsilon": 0.8521469727564794, "gamma": 0.019353167449943268, "lamda": 0.002889736109050558}, "datetime": {"datetime": "2021-09-24 09:07:13", "elapsed": 81.924345, "delta": 0.815229}}
{"target": 0.9198709637254495, "params": {"C": 1732.0540175007495, "epsilon": 0.37548612931131886, "gamma": 0.05985813921071806, "lamda": 0.07894594856660794}, "datetime": {"datetime": "2021-09-24 09:07:14", "elapsed": 82.82435, "delta": 0.900005}}
{"target": 0.9066236474304508, "params": {"C": 1749.7270738997724, "epsilon": 0.6836189943343498, "gamma": 0.05884154412193709, "lamda": 0.19195156509524197}, "datetime": {"datetime": "2021-09-24 09:07:15", "elapsed": 83.513928, "delta": 0.689578}}
{"target": 0.9112451754240869, "params": {"C": 1819.0720615170535, "epsilon": 0.5427503498020761, "gamma": 0.04374978539374783, "lamda": 0.1862258772591661}, "datetime": {"datetime": "2021-09-24 09:07:15", "elapsed": 84.171086, "delta": 0.657158}}
{"target": 0.9102435545822215, "params": {"C": 1703.7162168191956, "epsilon": 0.038591478534671694, "gamma": 0.013963545998652007, "lamda": 0.24204762672559127}, "datetime": {"datetime": "2021-09-24 09:07:16", "elapsed": 85.08309, "delta": 0.912004}}
{"target": 0.906042667277414, "params": {"C": 1746.051515881813, "epsilon": 0.21796527174701097, "gamma": 0.050622738053763126, "lamda": 0.010734205994773906}, "datetime": {"datetime": "2021-09-24 09:07:17", "elapsed": 85.92357, "delta": 0.84048}}
{"target": 0.9160809558271374, "params": {"C": 1703.5816481124434, "epsilon": 0.1426424606614573, "gamma": 0.06628020081474528, "lamda": 0.24653552543758558}, "datetime": {"datetime": "2021-09-24 09:07:18", "elapsed": 86.78957, "delta": 0.866}}
{"target": 0.9188164429411099, "params": {"C": 1834.358059580708, "epsilon": 0.14742843030751573, "gamma": 0.043074157575042855, "lamda": 0.3183593243230231}, "datetime": {"datetime": "2021-09-24 09:07:19", "elapsed": 87.557311, "delta": 0.767741}}
{"target": 0.9090825503545429, "params": {"C": 1828.074387825829, "epsilon": 0.39169469302110815, "gamma": 0.028431534875895753, "lamda": 0.18950027108726103}, "datetime": {"datetime": "2021-09-24 09:07:20", "elapsed": 88.341172, "delta": 0.783861}}
{"target": 0.9256448053826307, "params": {"C": 1745.9643675234022, "epsilon": 0.1620834159535545, "gamma": 0.05075771182737911, "lamda": 0.048753326792461874}, "datetime": {"datetime": "2021-09-24 09:07:21", "elapsed": 89.305421, "delta": 0.964249}}
{"target": 0.9249818766923421, "params": {"C": 1833.6601293259575, "epsilon": 0.158477294067946, "gamma": 0.049759902484325366, "lamda": 0.04027005645109971}, "datetime": {"datetime": "2021-09-24 09:07:21", "elapsed": 90.134319, "delta": 0.828898}}
{"target": 0.9209996294469147, "params": {"C": 1703.8277328052463, "epsilon": 0.0858690313706211, "gamma": 0.029659356592730654, "lamda": 0.2672598128861497}, "datetime": {"datetime": "2021-09-24 09:07:22", "elapsed": 90.999555, "delta": 0.865236}}
{"target": 0.9115633370224334, "params": {"C": 1745.6949045160695, "epsilon": 0.09007178787397836, "gamma": 0.015246161751220486, "lamda": 0.12996389919411494}, "datetime": {"datetime": "2021-09-24 09:07:23", "elapsed": 91.894298, "delta": 0.894743}}
{"target": 0.9281443485485309, "params": {"C": 1819.1310855282547, "epsilon": 0.5431340454736073, "gamma": 0.041047371079207993, "lamda": 0.023488927162763792}, "datetime": {"datetime": "2021-09-24 09:07:24", "elapsed": 92.636273, "delta": 0.741975}}
{"target": 0.924881796080804, "params": {"C": 1745.926293616573, "epsilon": 0.16992231297720856, "gamma": 0.05032351006243487, "lamda": 0.10662896832981852}, "datetime": {"datetime": "2021-09-24 09:07:25", "elapsed": 93.722376, "delta": 1.086103}}
{"target": 0.9111657920326962, "params": {"C": 1899.939588108705, "epsilon": 0.9413578200147077, "gamma": 0.05169587417401512, "lamda": 0.1074887568570277}, "datetime": {"datetime": "2021-09-24 09:07:26", "elapsed": 94.679794, "delta": 0.957418}}
{"target": 0.9016700956579842, "params": {"C": 1777.8104324424419, "epsilon": 0.9706437187470232, "gamma": 0.046747562496621535, "lamda": 0.19747547043438402}, "datetime": {"datetime": "2021-09-24 09:07:27", "elapsed": 95.506582, "delta": 0.826788}}
{"target": 0.9217065988239113, "params": {"C": 1771.0890710539197, "epsilon": 0.17998400187653382, "gamma": 0.054238940631976096, "lamda": 0.14901654730523006}, "datetime": {"datetime": "2021-09-24 09:07:28", "elapsed": 96.296016, "delta": 0.789434}}
{"target": 0.9265150368449535, "params": {"C": 1746.2542995364759, "epsilon": 0.07634349837837731, "gamma": 0.049776777514314946, "lamda": 0.13874918314300544}, "datetime": {"datetime": "2021-09-24 09:07:29", "elapsed": 97.207027, "delta": 0.911011}}
{"target": 0.9257954469589301, "params": {"C": 1732.5628708107695, "epsilon": 0.4392762015414038, "gamma": 0.027297099429206294, "lamda": 0.003977343630809501}, "datetime": {"datetime": "2021-09-24 09:07:30", "elapsed": 98.251018, "delta": 1.043991}}
{"target": 0.921655911620135, "params": {"C": 1745.8856452768216, "epsilon": 0.0779372197974453, "gamma": 0.05214036009500102, "lamda": 0.06759124948413059}, "datetime": {"datetime": "2021-09-24 09:07:31", "elapsed": 99.304621, "delta": 1.053603}}
{"target": 0.902581668047146, "params": {"C": 1792.464738082672, "epsilon": 0.8784011947375866, "gamma": 0.035864657870234413, "lamda": 0.18268796728063807}, "datetime": {"datetime": "2021-09-24 09:07:31", "elapsed": 100.111519, "delta": 0.806898}}
{"target": 0.9209111249715946, "params": {"C": 1745.9823329407614, "epsilon": 0.2208375831781981, "gamma": 0.060370227747514646, "lamda": 0.10120998213296449}, "datetime": {"datetime": "2021-09-24 09:07:32", "elapsed": 100.89909, "delta": 0.787571}}
{"target": 0.8795026114683641, "params": {"C": 1871.0147816622648, "epsilon": 0.4492766887690173, "gamma": 0.016580179125591267, "lamda": 0.372529342562119}, "datetime": {"datetime": "2021-09-24 09:07:33", "elapsed": 101.645946, "delta": 0.746856}}
{"target": 0.9138255635982357, "params": {"C": 1745.850123258176, "epsilon": 0.06436600013091306, "gamma": 0.06999548082916543, "lamda": 0.1260324300866297}, "datetime": {"datetime": "2021-09-24 09:07:34", "elapsed": 102.666409, "delta": 1.020463}}
{"target": 0.9259786595784886, "params": {"C": 1703.9646697693822, "epsilon": 0.07123061287040366, "gamma": 0.029783409245034455, "lamda": 0.1837428754263776}, "datetime": {"datetime": "2021-09-24 09:07:35", "elapsed": 103.6683, "delta": 1.001891}}
{"target": 0.906275640281266, "params": {"C": 1825.4850882614528, "epsilon": 0.3693580054067216, "gamma": 0.02634467881683837, "lamda": 0.21723529157773994}, "datetime": {"datetime": "2021-09-24 09:07:36", "elapsed": 104.464836, "delta": 0.796536}}
{"target": 0.8967800538185192, "params": {"C": 1745.9874658459757, "epsilon": 0.17232224908341912, "gamma": 0.012478332367425682, "lamda": 0.16491872286929368}, "datetime": {"datetime": "2021-09-24 09:07:37", "elapsed": 105.279038, "delta": 0.814202}}
{"target": 0.9209460355868597, "params": {"C": 1777.7800913029403, "epsilon": 0.3401515195022249, "gamma": 0.0434942823660553, "lamda": 0.11052632772186367}, "datetime": {"datetime": "2021-09-24 09:07:37", "elapsed": 106.009048, "delta": 0.73001}}
{"target": 0.9282181012128493, "params": {"C": 1732.0387868701453, "epsilon": 0.3301377536583141, "gamma": 0.039785313087167845, "lamda": 0.0398957676307906}, "datetime": {"datetime": "2021-09-24 09:07:38", "elapsed": 106.911546, "delta": 0.902498}}
{"target": 0.911791327165564, "params": {"C": 1704.0169601033945, "epsilon": 0.032501283246979165, "gamma": 0.014360577167617072, "lamda": 0.17694436070516262}, "datetime": {"datetime": "2021-09-24 09:07:39", "elapsed": 107.818156, "delta": 0.90661}}
{"target": 0.9283721138319214, "params": {"C": 1746.1908324253798, "epsilon": 0.04752100914676115, "gamma": 0.03914975846634983, "lamda": 0.08002958901047409}, "datetime": {"datetime": "2021-09-24 09:07:40", "elapsed": 108.989319, "delta": 1.171163}}
{"target": 0.9230604203402907, "params": {"C": 1732.475516638736, "epsilon": 0.3117908730242569, "gamma": 0.05530867183613034, "lamda": 0.06600468271379743}, "datetime": {"datetime": "2021-09-24 09:07:41", "elapsed": 109.896689, "delta": 0.90737}}
{"target": 0.8889140559000298, "params": {"C": 1732.0349646882337, "epsilon": 0.31617782069534855, "gamma": 0.01, "lamda": 0.09462619641955301}, "datetime": {"datetime": "2021-09-24 09:07:42", "elapsed": 111.169772, "delta": 1.273083}}
{"target": 0.9146788825614072, "params": {"C": 1829.1531901529856, "epsilon": 0.18578780875497816, "gamma": 0.03830070175886905, "lamda": 0.371737462306453}, "datetime": {"datetime": "2021-09-24 09:07:43", "elapsed": 111.977311, "delta": 0.807539}}
{"target": 0.9242133012499979, "params": {"C": 1745.8099147713008, "epsilon": 0.14195232158401208, "gamma": 0.05325231929096391, "lamda": 0.1206118938049734}, "datetime": {"datetime": "2021-09-24 09:07:44", "elapsed": 112.713824, "delta": 0.736513}}
{"target": 0.9205868123616179, "params": {"C": 1806.1821977834973, "epsilon": 0.07795214287417358, "gamma": 0.06218080766466827, "lamda": 0.14522973876038178}, "datetime": {"datetime": "2021-09-24 09:07:45", "elapsed": 113.60058, "delta": 0.886756}}
{"target": 0.9211582309307021, "params": {"C": 1700.6750810352557, "epsilon": 0.13815203910770157, "gamma": 0.05647117480349506, "lamda": 0.18408296354879608}, "datetime": {"datetime": "2021-09-24 09:07:46", "elapsed": 114.466697, "delta": 0.866117}}
{"target": 0.9059280815475422, "params": {"C": 1829.130015253417, "epsilon": 0.18016221783449485, "gamma": 0.02464699919030533, "lamda": 0.3860218773559976}, "datetime": {"datetime": "2021-09-24 09:07:47", "elapsed": 115.254764, "delta": 0.788067}}
{"target": 0.925368247276281, "params": {"C": 1806.2219179628448, "epsilon": 0.151664022096487, "gamma": 0.04160867720782432, "lamda": 0.13413670852109152}, "datetime": {"datetime": "2021-09-24 09:07:48", "elapsed": 116.371512, "delta": 1.116748}}
{"target": 0.9066054105484423, "params": {"C": 1714.6058793396462, "epsilon": 0.9168420432300616, "gamma": 0.06438177597614335, "lamda": 0.1303446318282557}, "datetime": {"datetime": "2021-09-24 09:07:48", "elapsed": 117.135934, "delta": 0.764422}}
{"target": 0.8792506735462944, "params": {"C": 1798.7699221303637, "epsilon": 0.8019920863470515, "gamma": 0.011360563424432047, "lamda": 0.10186944481795716}, "datetime": {"datetime": "2021-09-24 09:07:49", "elapsed": 117.880813, "delta": 0.744879}}
{"target": 0.9201770212761585, "params": {"C": 1704.0451925214852, "epsilon": 0.10590321600075558, "gamma": 0.06062104527141215, "lamda": 0.21207193721020218}, "datetime": {"datetime": "2021-09-24 09:07:50", "elapsed": 118.717983, "delta": 0.83717}}
{"target": 0.9178137376881079, "params": {"C": 1732.5466810083603, "epsilon": 0.26292498988432034, "gamma": 0.024076414582648267, "lamda": 0.08554423439179125}, "datetime": {"datetime": "2021-09-24 09:07:51", "elapsed": 119.672379, "delta": 0.954396}}
{"target": 0.9096224274807506, "params": {"C": 1856.4471824930965, "epsilon": 0.8825338918417113, "gamma": 0.04352623366631094, "lamda": 0.12991968158693193}, "datetime": {"datetime": "2021-09-24 09:07:52", "elapsed": 120.57194, "delta": 0.899561}}
{"target": 0.923587598522197, "params": {"C": 1822.7065907783058, "epsilon": 0.5555438076395907, "gamma": 0.04303483696326408, "lamda": 0.048108682927731766}, "datetime": {"datetime": "2021-09-24 09:07:53", "elapsed": 121.365872, "delta": 0.793932}}
{"target": 0.916670319022209, "params": {"C": 1745.8663436451068, "epsilon": 0.12997296661087598, "gamma": 0.022276455673599288, "lamda": 0.15730817949868534}, "datetime": {"datetime": "2021-09-24 09:07:54", "elapsed": 122.327401, "delta": 0.961529}}
{"target": 0.915426853350278, "params": {"C": 1755.701427447677, "epsilon": 0.9659241571484438, "gamma": 0.04109002458193385, "lamda": 0.0692406859728594}, "datetime": {"datetime": "2021-09-24 09:07:54", "elapsed": 123.141397, "delta": 0.813996}}
{"target": 0.8990294432846726, "params": {"C": 1728.8049900650092, "epsilon": 0.60767133708906, "gamma": 0.05681738717212499, "lamda": 0.3374657420211903}, "datetime": {"datetime": "2021-09-24 09:07:55", "elapsed": 123.945158, "delta": 0.803761}}
{"target": 0.9196913689768742, "params": {"C": 1732.4916392612306, "epsilon": 0.2535961821529077, "gamma": 0.06471361836900814, "lamda": 0.06975705524704183}, "datetime": {"datetime": "2021-09-24 09:07:56", "elapsed": 125.032167, "delta": 1.087009}}
{"target": 0.9212916796904425, "params": {"C": 1832.6368800864084, "epsilon": 0.07111670155935992, "gamma": 0.031517312599459925, "lamda": 0.3359739624266563}, "datetime": {"datetime": "2021-09-24 09:07:58", "elapsed": 126.200131, "delta": 1.167964}}
{"target": 0.924717437833459, "params": {"C": 1703.7056950773504, "epsilon": 0.03259781485080836, "gamma": 0.04817878734835922, "lamda": 0.15943427255989795}, "datetime": {"datetime": "2021-09-24 09:07:59", "elapsed": 127.210817, "delta": 1.010686}}
{"target": 0.9265874900803792, "params": {"C": 1732.5140514334942, "epsilon": 0.3965179695294682, "gamma": 0.04630643338335937, "lamda": 0.03954299296927196}, "datetime": {"datetime": "2021-09-24 09:08:00", "elapsed": 128.285383, "delta": 1.074566}}
{"target": 0.9022627708140142, "params": {"C": 1751.7028371812407, "epsilon": 0.10779638748941558, "gamma": 0.0691834446578232, "lamda": 0.03751760977264476}, "datetime": {"datetime": "2021-09-24 09:08:00", "elapsed": 129.111832, "delta": 0.826449}}
{"target": 0.9249639276370382, "params": {"C": 1704.0060001133281, "epsilon": 0.11933258580415124, "gamma": 0.05144690537640038, "lamda": 0.13439767248645276}, "datetime": {"datetime": "2021-09-24 09:08:02", "elapsed": 130.186108, "delta": 1.074276}}
{"target": 0.9036955699209536, "params": {"C": 1718.937296595105, "epsilon": 0.3899045713864021, "gamma": 0.0359921406348379, "lamda": 0.37422611348436186}, "datetime": {"datetime": "2021-09-24 09:08:02", "elapsed": 130.998328, "delta": 0.81222}}
{"target": 0.9227387905026918, "params": {"C": 1703.5564006279603, "epsilon": 0.07157797828899853, "gamma": 0.05771395580801804, "lamda": 0.20631835449420524}, "datetime": {"datetime": "2021-09-24 09:08:03", "elapsed": 131.880254, "delta": 0.881926}}
{"target": 0.9025556130392196, "params": {"C": 1725.6017497323135, "epsilon": 0.1689221104619052, "gamma": 0.017007184343163298, "lamda": 0.23331095071931504}, "datetime": {"datetime": "2021-09-24 09:08:04", "elapsed": 132.663452, "delta": 0.783198}}
