{"target": -1.9782153399522855, "params": {"C": 250.5584523477885, "epsilon": 0.6021819195814393, "gamma": 0.036375216014777126, "lamda": 0.05333183601569606}, "datetime": {"datetime": "2021-09-23 13:44:03", "elapsed": 454.073548, "delta": 3.002617}}
{"target": -1.938850624836474, "params": {"C": 254.26145708862708, "epsilon": 0.4956038909521283, "gamma": 0.04175511284292374, "lamda": 0.04638475381635205}, "datetime": {"datetime": "2021-09-23 13:44:05", "elapsed": 456.835138, "delta": 2.76159}}
{"target": -2.0203330794790104, "params": {"C": 250.49450612507502, "epsilon": 0.4205150037118566, "gamma": 0.0239510897679724, "lamda": 0.05694221310185351}, "datetime": {"datetime": "2021-09-23 13:44:08", "elapsed": 459.920307, "delta": 3.085169}}
{"target": -2.0340354053784213, "params": {"C": 254.3101318444409, "epsilon": 0.43555997722696443, "gamma": 0.05278369140107146, "lamda": 0.12947070286439974}, "datetime": {"datetime": "2021-09-23 13:44:11", "elapsed": 462.734264, "delta": 2.813957}}
{"target": -2.1650266439340466, "params": {"C": 243.5195097862471, "epsilon": 0.5818914213669837, "gamma": 0.05378232593127098, "lamda": 0.23195493868050265}, "datetime": {"datetime": "2021-09-23 13:44:14", "elapsed": 465.025797, "delta": 2.291533}}
{"target": -1.9266888847154013, "params": {"C": 254.26548706275116, "epsilon": 0.6071987010585372, "gamma": 0.03569732894279631, "lamda": 0.028504360565987756}, "datetime": {"datetime": "2021-09-23 13:44:17", "elapsed": 468.202235, "delta": 3.176438}}
{"target": -2.0677391702786374, "params": {"C": 254.23982493345787, "epsilon": 0.6079563286534244, "gamma": 0.047325848416693655, "lamda": 0.13236561301719257}, "datetime": {"datetime": "2021-09-23 13:44:22", "elapsed": 473.088299, "delta": 4.886064}}
{"target": -1.9434005209291048, "params": {"C": 254.3659591691422, "epsilon": 0.562301820223262, "gamma": 0.03856120291232625, "lamda": 0.042461989264480346}, "datetime": {"datetime": "2021-09-23 13:44:27", "elapsed": 478.543424, "delta": 5.455125}}
{"target": -1.9624758473001949, "params": {"C": 254.355212792182, "epsilon": 0.7349861147598125, "gamma": 0.03587512983462854, "lamda": 0.03771109773729411}, "datetime": {"datetime": "2021-09-23 13:44:33", "elapsed": 484.521609, "delta": 5.978185}}
{"target": -2.011453440953849, "params": {"C": 199.539965848291, "epsilon": 0.7977412817935845, "gamma": 0.026205894755393148, "lamda": 0.02438421676311415}, "datetime": {"datetime": "2021-09-23 13:44:38", "elapsed": 489.390054, "delta": 4.868445}}
{"target": -2.124863700622433, "params": {"C": 195.48424205576188, "epsilon": 0.5521754403321666, "gamma": 0.04387257718620355, "lamda": 0.21283064022366693}, "datetime": {"datetime": "2021-09-23 13:44:40", "elapsed": 491.2127, "delta": 1.822646}}
{"target": -2.1999414815846836, "params": {"C": 220.2638063626232, "epsilon": 0.634415992458867, "gamma": 0.03542872439864532, "lamda": 0.24834493840073946}, "datetime": {"datetime": "2021-09-23 13:44:41", "elapsed": 492.881684, "delta": 1.668984}}
{"target": -2.0543062906102234, "params": {"C": 254.34775340318194, "epsilon": 0.4543217723941031, "gamma": 0.02, "lamda": 0.015}, "datetime": {"datetime": "2021-09-23 13:44:44", "elapsed": 495.965277, "delta": 3.083593}}
{"target": -2.0131325685786745, "params": {"C": 254.36523923176588, "epsilon": 0.6563966511158061, "gamma": 0.028943302556861138, "lamda": 0.04925044357009875}, "datetime": {"datetime": "2021-09-23 13:44:48", "elapsed": 499.384191, "delta": 3.418914}}
{"target": -2.204852073162875, "params": {"C": 255.65165728304675, "epsilon": 0.6676600794049836, "gamma": 0.056359959880781824, "lamda": 0.2407631886251836}, "datetime": {"datetime": "2021-09-23 13:44:49", "elapsed": 500.829184, "delta": 1.444993}}
{"target": -2.0756348299237835, "params": {"C": 182.74105326214644, "epsilon": 0.4, "gamma": 0.06, "lamda": 0.1805523236976347}, "datetime": {"datetime": "2021-09-23 13:44:52", "elapsed": 503.377145, "delta": 2.547961}}
{"target": -1.9562617894220453, "params": {"C": 212.86542490481264, "epsilon": 0.4314045253183785, "gamma": 0.05496554890938865, "lamda": 0.03135269460983105}, "datetime": {"datetime": "2021-09-23 13:44:55", "elapsed": 506.20338, "delta": 2.826235}}
{"target": -2.108894903770758, "params": {"C": 222.37887981471016, "epsilon": 0.47694367185235004, "gamma": 0.03254383998219275, "lamda": 0.17393595482367297}, "datetime": {"datetime": "2021-09-23 13:44:56", "elapsed": 507.615247, "delta": 1.411867}}
{"target": -2.005716412524043, "params": {"C": 205.12037797066978, "epsilon": 0.6637392022153092, "gamma": 0.05737242162435159, "lamda": 0.07014187316814578}, "datetime": {"datetime": "2021-09-23 13:44:58", "elapsed": 509.025687, "delta": 1.41044}}
{"target": -2.0035807057902417, "params": {"C": 250.7094948122892, "epsilon": 0.6201523921268252, "gamma": 0.06, "lamda": 0.015}, "datetime": {"datetime": "2021-09-23 13:45:00", "elapsed": 511.495764, "delta": 2.470077}}
{"target": -2.009712848694045, "params": {"C": 212.77587165574315, "epsilon": 0.4357775857689074, "gamma": 0.026226193763524596, "lamda": 0.018429512980340568}, "datetime": {"datetime": "2021-09-23 13:45:03", "elapsed": 514.420094, "delta": 2.92433}}
{"target": -2.0290759358859014, "params": {"C": 251.18063115993078, "epsilon": 0.4053187949722644, "gamma": 0.02299602617747147, "lamda": 0.022016597023209586}, "datetime": {"datetime": "2021-09-23 13:45:07", "elapsed": 518.209257, "delta": 3.789163}}
{"target": -2.1202919844806796, "params": {"C": 264.61929795731635, "epsilon": 0.5465983038844424, "gamma": 0.03297300981017581, "lamda": 0.16992797905193935}, "datetime": {"datetime": "2021-09-23 13:45:08", "elapsed": 519.620128, "delta": 1.410871}}
{"target": -1.941064430842743, "params": {"C": 254.1376881504105, "epsilon": 0.44093348001004457, "gamma": 0.046185596766593395, "lamda": 0.020198239153583472}, "datetime": {"datetime": "2021-09-23 13:45:11", "elapsed": 522.173823, "delta": 2.553695}}
{"target": -1.9646714204555686, "params": {"C": 199.5057423123925, "epsilon": 0.6822400663777934, "gamma": 0.03033199387293976, "lamda": 0.026605678440069315}, "datetime": {"datetime": "2021-09-23 13:45:13", "elapsed": 524.841829, "delta": 2.668006}}
{"target": -2.054317219840537, "params": {"C": 254.12159542562853, "epsilon": 0.40386336575204695, "gamma": 0.054758973698967595, "lamda": 0.15923219111674686}, "datetime": {"datetime": "2021-09-23 13:45:16", "elapsed": 527.753875, "delta": 2.912046}}
{"target": -1.9736582977889576, "params": {"C": 208.13164632292754, "epsilon": 0.6346997057205611, "gamma": 0.056346359291024384, "lamda": 0.019572004171718366}, "datetime": {"datetime": "2021-09-23 13:45:19", "elapsed": 530.129833, "delta": 2.375958}}
{"target": -1.9378604467568448, "params": {"C": 208.08917777800673, "epsilon": 0.5311901622119016, "gamma": 0.03325349304454933, "lamda": 0.02896278186238186}, "datetime": {"datetime": "2021-09-23 13:45:22", "elapsed": 533.204046, "delta": 3.074213}}
{"target": -1.9842418778728017, "params": {"C": 208.20966483034485, "epsilon": 0.46241394806205793, "gamma": 0.052910593021058966, "lamda": 0.09127800644255903}, "datetime": {"datetime": "2021-09-23 13:45:24", "elapsed": 535.488889, "delta": 2.284843}}
{"target": -2.0780715316777973, "params": {"C": 208.2062926396731, "epsilon": 0.5488485642709369, "gamma": 0.02, "lamda": 0.015}, "datetime": {"datetime": "2021-09-23 13:45:27", "elapsed": 537.988919, "delta": 2.50003}}
{"target": -2.097628892077548, "params": {"C": 199.46392247968, "epsilon": 0.7582995708492364, "gamma": 0.05511211303276614, "lamda": 0.11988710758653112}, "datetime": {"datetime": "2021-09-23 13:45:29", "elapsed": 540.217375, "delta": 2.228456}}
{"target": -2.040166004450088, "params": {"C": 223.14429255530197, "epsilon": 0.5349477781223922, "gamma": 0.02281789379384274, "lamda": 0.018152423072798983}, "datetime": {"datetime": "2021-09-23 13:45:31", "elapsed": 542.732026, "delta": 2.514651}}
{"target": -1.936239683387713, "params": {"C": 189.20550930223192, "epsilon": 0.6344212920405721, "gamma": 0.038724700403793055, "lamda": 0.038454306072760014}, "datetime": {"datetime": "2021-09-23 13:45:34", "elapsed": 545.078419, "delta": 2.346393}}
{"target": -2.242470329463875, "params": {"C": 224.57901477194346, "epsilon": 0.7133812450309501, "gamma": 0.05033956401898809, "lamda": 0.27865942023340323}, "datetime": {"datetime": "2021-09-23 13:45:35", "elapsed": 546.528059, "delta": 1.44964}}
{"target": -2.0326876017591453, "params": {"C": 193.7962574598686, "epsilon": 0.6778741301525237, "gamma": 0.04186765047500178, "lamda": 0.08933932459849418}, "datetime": {"datetime": "2021-09-23 13:45:37", "elapsed": 548.229414, "delta": 1.701355}}
{"target": -2.071317098644332, "params": {"C": 189.19356386168664, "epsilon": 0.6942383814881488, "gamma": 0.04661256022785391, "lamda": 0.12213148295884736}, "datetime": {"datetime": "2021-09-23 13:45:40", "elapsed": 551.037829, "delta": 2.808415}}
{"target": -1.986797549259707, "params": {"C": 189.31986088838036, "epsilon": 0.620070259437885, "gamma": 0.057846050820584125, "lamda": 0.0627373813799581}, "datetime": {"datetime": "2021-09-23 13:45:44", "elapsed": 555.706868, "delta": 4.669039}}
{"target": -1.9463467818818059, "params": {"C": 189.15884942991374, "epsilon": 0.45335973070798397, "gamma": 0.032949052145991684, "lamda": 0.0440751341359791}, "datetime": {"datetime": "2021-09-23 13:45:47", "elapsed": 558.811198, "delta": 3.10433}}
{"target": -2.0336348308795973, "params": {"C": 189.2391086894519, "epsilon": 0.5093404694208359, "gamma": 0.024995199394161522, "lamda": 0.05602821443897526}, "datetime": {"datetime": "2021-09-23 13:45:50", "elapsed": 561.30593, "delta": 2.494732}}
{"target": -2.053669147337132, "params": {"C": 189.13809503859994, "epsilon": 0.591413392616641, "gamma": 0.02370799345807738, "lamda": 0.03314345251494549}, "datetime": {"datetime": "2021-09-23 13:45:54", "elapsed": 565.218175, "delta": 3.912245}}
{"target": -1.9693013117995706, "params": {"C": 189.08012199578846, "epsilon": 0.40555031154503207, "gamma": 0.050013613298933196, "lamda": 0.0944315898747733}, "datetime": {"datetime": "2021-09-23 13:45:58", "elapsed": 569.129082, "delta": 3.910907}}
{"target": -1.919304373413801, "params": {"C": 208.11763060457665, "epsilon": 0.42849209286624934, "gamma": 0.0450745325412627, "lamda": 0.0364801786865427}, "datetime": {"datetime": "2021-09-23 13:46:03", "elapsed": 574.038479, "delta": 4.909397}}
{"target": -1.9991148137458208, "params": {"C": 189.05817885467155, "epsilon": 0.44902403158369525, "gamma": 0.06, "lamda": 0.015}, "datetime": {"datetime": "2021-09-23 13:46:14", "elapsed": 585.021458, "delta": 10.982979}}
{"target": -2.0973799074786816, "params": {"C": 192.6695059514409, "epsilon": 0.5328340449123032, "gamma": 0.05804934089661043, "lamda": 0.1610491111103734}, "datetime": {"datetime": "2021-09-23 13:46:17", "elapsed": 588.70662, "delta": 3.685162}}
{"target": -2.0350865424817486, "params": {"C": 180.37655434654255, "epsilon": 0.6123541185531639, "gamma": 0.037534389496671414, "lamda": 0.09414978550355588}, "datetime": {"datetime": "2021-09-23 13:46:21", "elapsed": 592.797269, "delta": 4.090649}}
{"target": -2.0224522363381148, "params": {"C": 189.16092910637946, "epsilon": 0.41465908182782296, "gamma": 0.056783089991645, "lamda": 0.13299851275342067}, "datetime": {"datetime": "2021-09-23 13:46:26", "elapsed": 597.293146, "delta": 4.495877}}
{"target": -2.172835618302456, "params": {"C": 223.33225935948636, "epsilon": 0.6931401860323587, "gamma": 0.046184664304624284, "lamda": 0.2192026285627579}, "datetime": {"datetime": "2021-09-23 13:46:29", "elapsed": 600.074883, "delta": 2.781737}}
{"target": -2.0446450264432854, "params": {"C": 211.1539608840106, "epsilon": 0.7767929665545041, "gamma": 0.038751471449308655, "lamda": 0.07839084197960441}, "datetime": {"datetime": "2021-09-23 13:46:31", "elapsed": 602.727641, "delta": 2.652758}}
{"target": -1.9650478797573374, "params": {"C": 184.1901907146039, "epsilon": 0.7642615599838798, "gamma": 0.03277130286429454, "lamda": 0.02096953124744867}, "datetime": {"datetime": "2021-09-23 13:46:33", "elapsed": 604.893101, "delta": 2.16546}}
{"target": -1.9654250216193503, "params": {"C": 199.646578403575, "epsilon": 0.5730104820154647, "gamma": 0.05655788651581209, "lamda": 0.024405485286947713}, "datetime": {"datetime": "2021-09-23 13:46:36", "elapsed": 607.44317, "delta": 2.550069}}
{"target": -2.151092548518669, "params": {"C": 272.07488922824496, "epsilon": 0.750409209136706, "gamma": 0.04764346122809763, "lamda": 0.1823153626212845}, "datetime": {"datetime": "2021-09-23 13:46:38", "elapsed": 609.095764, "delta": 1.652594}}
{"target": -2.2209619021737663, "params": {"C": 274.0368830881012, "epsilon": 0.6692897394652969, "gamma": 0.02, "lamda": 0.12490194766650918}, "datetime": {"datetime": "2021-09-23 13:46:41", "elapsed": 612.547421, "delta": 3.451657}}
{"target": -1.9972319918422787, "params": {"C": 199.74919737897736, "epsilon": 0.6117838594666042, "gamma": 0.04001857872998543, "lamda": 0.07046620560653188}, "datetime": {"datetime": "2021-09-23 13:46:44", "elapsed": 615.593459, "delta": 3.046038}}
{"target": -2.1603355113123697, "params": {"C": 223.0876600310279, "epsilon": 0.7567676297101782, "gamma": 0.04964210419168528, "lamda": 0.1852680919888432}, "datetime": {"datetime": "2021-09-23 13:46:46", "elapsed": 617.219622, "delta": 1.626163}}
{"target": -2.116699327912248, "params": {"C": 208.14748861705775, "epsilon": 0.4307379592610372, "gamma": 0.026824104463285765, "lamda": 0.15639570776063116}, "datetime": {"datetime": "2021-09-23 13:46:49", "elapsed": 620.613642, "delta": 3.39402}}
{"target": -1.9267861006629172, "params": {"C": 189.28089724421017, "epsilon": 0.699188077542072, "gamma": 0.04682703191850649, "lamda": 0.029928680607007412}, "datetime": {"datetime": "2021-09-23 13:46:52", "elapsed": 623.799985, "delta": 3.186343}}
{"target": -1.968215937233565, "params": {"C": 208.05067866406935, "epsilon": 0.4300141385130032, "gamma": 0.05463119820057616, "lamda": 0.022541285941831378}, "datetime": {"datetime": "2021-09-23 13:46:55", "elapsed": 626.976005, "delta": 3.17602}}
{"target": -2.167420257115927, "params": {"C": 219.81764531776298, "epsilon": 0.7382580663634297, "gamma": 0.03472670369530465, "lamda": 0.17789620088919345}, "datetime": {"datetime": "2021-09-23 13:46:57", "elapsed": 628.634408, "delta": 1.658403}}
{"target": -2.0907822802741345, "params": {"C": 189.3735989472022, "epsilon": 0.7887432922635205, "gamma": 0.03984769938014389, "lamda": 0.11722253300424315}, "datetime": {"datetime": "2021-09-23 13:47:03", "elapsed": 634.668516, "delta": 6.034108}}
{"target": -1.9252691723692474, "params": {"C": 184.2720501207999, "epsilon": 0.6922860300889709, "gamma": 0.0448154422182303, "lamda": 0.02960143438806058}, "datetime": {"datetime": "2021-09-23 13:47:07", "elapsed": 638.645614, "delta": 3.977098}}
{"target": -2.060797429002727, "params": {"C": 184.3226059567148, "epsilon": 0.5998801519578313, "gamma": 0.023556111791179488, "lamda": 0.03027945552364062}, "datetime": {"datetime": "2021-09-23 13:47:10", "elapsed": 641.482156, "delta": 2.836542}}
{"target": -2.060728317337965, "params": {"C": 298.9393246417345, "epsilon": 0.5835741309391064, "gamma": 0.04680153272327425, "lamda": 0.1288297396859554}, "datetime": {"datetime": "2021-09-23 13:47:12", "elapsed": 643.068716, "delta": 1.58656}}
{"target": -1.9916678317001975, "params": {"C": 203.45889691094516, "epsilon": 0.6711181063131466, "gamma": 0.0587644599912428, "lamda": 0.01503093277987648}, "datetime": {"datetime": "2021-09-23 13:47:15", "elapsed": 646.373343, "delta": 3.304627}}
{"target": -2.1936015903657156, "params": {"C": 189.83883931284132, "epsilon": 0.5516097436759213, "gamma": 0.04662671396266013, "lamda": 0.2962315392348676}, "datetime": {"datetime": "2021-09-23 13:47:16", "elapsed": 647.85657, "delta": 1.483227}}
{"target": -2.088619467551626, "params": {"C": 184.34430858573924, "epsilon": 0.6992134722288914, "gamma": 0.050128759982210266, "lamda": 0.13259910475859932}, "datetime": {"datetime": "2021-09-23 13:47:20", "elapsed": 651.345834, "delta": 3.489264}}
{"target": -1.9266868643345898, "params": {"C": 213.31153106077164, "epsilon": 0.6315961353988372, "gamma": 0.04311631250802653, "lamda": 0.03200107064649168}, "datetime": {"datetime": "2021-09-23 13:47:24", "elapsed": 655.399862, "delta": 4.054028}}
{"target": -1.9761420464970636, "params": {"C": 184.19664358236696, "epsilon": 0.6289324072998177, "gamma": 0.057394221476077895, "lamda": 0.01597762846983792}, "datetime": {"datetime": "2021-09-23 13:47:27", "elapsed": 658.342654, "delta": 2.942792}}
{"target": -1.9442459853840377, "params": {"C": 213.24225221956354, "epsilon": 0.6940068848952514, "gamma": 0.050687628096170126, "lamda": 0.01977087029612516}, "datetime": {"datetime": "2021-09-23 13:47:30", "elapsed": 661.924261, "delta": 3.581607}}
{"target": -1.9401316232571042, "params": {"C": 254.1893243814473, "epsilon": 0.5586592882990683, "gamma": 0.05092371723211196, "lamda": 0.0229970892352325}, "datetime": {"datetime": "2021-09-23 13:47:34", "elapsed": 665.816232, "delta": 3.891971}}
{"target": -1.9299547823096983, "params": {"C": 207.84739309816143, "epsilon": 0.5527370334917147, "gamma": 0.04923672142115494, "lamda": 0.03647456589156222}, "datetime": {"datetime": "2021-09-23 13:47:36", "elapsed": 667.827926, "delta": 2.011694}}
{"target": -2.045014401511936, "params": {"C": 254.43587154491127, "epsilon": 0.7994536503230455, "gamma": 0.0410115715844554, "lamda": 0.0752268290455977}, "datetime": {"datetime": "2021-09-23 13:47:40", "elapsed": 671.885763, "delta": 4.057837}}
{"target": -2.220754954992787, "params": {"C": 191.18782676691245, "epsilon": 0.5397127046563613, "gamma": 0.024521112585637994, "lamda": 0.22158994584527464}, "datetime": {"datetime": "2021-09-23 13:47:42", "elapsed": 673.809155, "delta": 1.923392}}
{"target": -1.9234060953712016, "params": {"C": 223.54683940991356, "epsilon": 0.5772794676434126, "gamma": 0.0427148981745472, "lamda": 0.018103976946416772}, "datetime": {"datetime": "2021-09-23 13:47:47", "elapsed": 678.706316, "delta": 4.897161}}
{"target": -1.9440191156734254, "params": {"C": 223.46340078905195, "epsilon": 0.4728938067704599, "gamma": 0.04686400757693428, "lamda": 0.016105352081969188}, "datetime": {"datetime": "2021-09-23 13:47:50", "elapsed": 681.588015, "delta": 2.881699}}
{"target": -1.9268463897330854, "params": {"C": 223.65605008924823, "epsilon": 0.4915105919933237, "gamma": 0.043477719050518476, "lamda": 0.0408441587751959}, "datetime": {"datetime": "2021-09-23 13:47:53", "elapsed": 684.574359, "delta": 2.986344}}
{"target": -2.0117339678545014, "params": {"C": 223.61583751341712, "epsilon": 0.4275074190769923, "gamma": 0.05059879008022896, "lamda": 0.12281948791387476}, "datetime": {"datetime": "2021-09-23 13:47:57", "elapsed": 688.254674, "delta": 3.680315}}
{"target": -1.961052513729708, "params": {"C": 199.33326836463658, "epsilon": 0.4411109858415559, "gamma": 0.05351288364612733, "lamda": 0.01779167429074767}, "datetime": {"datetime": "2021-09-23 13:47:59", "elapsed": 690.080899, "delta": 1.826225}}
{"target": -2.117955903039201, "params": {"C": 299.6910647363319, "epsilon": 0.7517967999062051, "gamma": 0.04224768989124417, "lamda": 0.1497429575692127}, "datetime": {"datetime": "2021-09-23 13:48:00", "elapsed": 691.79607, "delta": 1.715171}}
{"target": -1.9374277588186628, "params": {"C": 223.68837446740943, "epsilon": 0.5754953296731227, "gamma": 0.03361710742197217, "lamda": 0.021293081615805207}, "datetime": {"datetime": "2021-09-23 13:48:04", "elapsed": 694.992669, "delta": 3.196599}}
{"target": -1.9585414422823637, "params": {"C": 223.5483196044621, "epsilon": 0.49803533872068734, "gamma": 0.04676892037141977, "lamda": 0.060785783148369917}, "datetime": {"datetime": "2021-09-23 13:48:07", "elapsed": 698.527799, "delta": 3.53513}}
{"target": -1.9496450627571862, "params": {"C": 223.74303175615262, "epsilon": 0.40406924071760336, "gamma": 0.04500554942618568, "lamda": 0.06834365515229619}, "datetime": {"datetime": "2021-09-23 13:48:11", "elapsed": 702.268742, "delta": 3.740943}}
{"target": -2.009130894620577, "params": {"C": 223.7650285756111, "epsilon": 0.498784473887554, "gamma": 0.06, "lamda": 0.015}, "datetime": {"datetime": "2021-09-23 13:48:14", "elapsed": 705.906437, "delta": 3.637695}}
{"target": -2.139492956666166, "params": {"C": 261.90932114116276, "epsilon": 0.7106942479599586, "gamma": 0.04995942070012667, "lamda": 0.17619414335480799}, "datetime": {"datetime": "2021-09-23 13:48:16", "elapsed": 707.643764, "delta": 1.737327}}
{"target": -2.246306523832976, "params": {"C": 292.2592725445546, "epsilon": 0.4596955399097254, "gamma": 0.020771594681317923, "lamda": 0.22836843007221308}, "datetime": {"datetime": "2021-09-23 13:48:18", "elapsed": 709.314667, "delta": 1.670903}}
{"target": -2.0621580673192232, "params": {"C": 223.41651235309433, "epsilon": 0.5718161423324669, "gamma": 0.021361512058571504, "lamda": 0.01918899861693984}, "datetime": {"datetime": "2021-09-23 13:48:21", "elapsed": 712.604882, "delta": 3.290215}}
{"target": -2.033294998838093, "params": {"C": 253.69163927500279, "epsilon": 0.6613409842579916, "gamma": 0.02222547633785837, "lamda": 0.01655400906454988}, "datetime": {"datetime": "2021-09-23 13:48:25", "elapsed": 716.152896, "delta": 3.548014}}
{"target": -1.9322734167978317, "params": {"C": 223.52478181684674, "epsilon": 0.6651158282357008, "gamma": 0.0402000569176543, "lamda": 0.03358070879681607}, "datetime": {"datetime": "2021-09-23 13:48:28", "elapsed": 719.265069, "delta": 3.112173}}
{"target": -2.0854664348874667, "params": {"C": 238.09888142249235, "epsilon": 0.7356972739294997, "gamma": 0.04982622763401244, "lamda": 0.12342165209417548}, "datetime": {"datetime": "2021-09-23 13:48:30", "elapsed": 721.221797, "delta": 1.956728}}
