{"target": 0.910676929241088, "params": {"C": 173.35833321814198, "epsilon": 0.19043483251554874, "gamma": 0.0634359535119578, "lamda": 0.18422201385561582}, "datetime": {"datetime": "2021-09-23 09:57:09", "elapsed": 26.781054, "delta": 0.569721}}
{"target": 0.9123358386657189, "params": {"C": 170.32360396945535, "epsilon": 0.07730873372668123, "gamma": 0.061600576028043606, "lamda": 0.23410300205983678}, "datetime": {"datetime": "2021-09-23 09:57:09", "elapsed": 27.359006, "delta": 0.577952}}
{"target": 0.9113159746667561, "params": {"C": 188.11465393404129, "epsilon": 0.09990144654423502, "gamma": 0.09627968010842265, "lamda": 0.2556313137262182}, "datetime": {"datetime": "2021-09-23 09:57:10", "elapsed": 27.981021, "delta": 0.622015}}
{"target": 0.9122026318745442, "params": {"C": 188.16073881499858, "epsilon": 0.07373214377484312, "gamma": 0.0895756978823859, "lamda": 0.3456160816964131}, "datetime": {"datetime": "2021-09-23 09:57:10", "elapsed": 28.476618, "delta": 0.495597}}
{"target": 0.913415821788045, "params": {"C": 188.17888255633204, "epsilon": 0.16153154172203948, "gamma": 0.09054368193498505, "lamda": 0.11679939118900909}, "datetime": {"datetime": "2021-09-23 09:57:11", "elapsed": 28.961792, "delta": 0.485174}}
{"target": 0.908449281848211, "params": {"C": 192.29393035559912, "epsilon": 0.1235824086267043, "gamma": 0.0963265648173801, "lamda": 0.4513535786900518}, "datetime": {"datetime": "2021-09-23 09:57:11", "elapsed": 29.409971, "delta": 0.448179}}
{"target": 0.9138549631564938, "params": {"C": 188.25798767897453, "epsilon": 0.15274706843826663, "gamma": 0.08788986086947909, "lamda": 0.12669699359378236}, "datetime": {"datetime": "2021-09-23 09:57:12", "elapsed": 29.958428, "delta": 0.548457}}
{"target": 0.9083669917872431, "params": {"C": 171.07896130046612, "epsilon": 0.24536479532289182, "gamma": 0.0920422148174952, "lamda": 0.26816908514639964}, "datetime": {"datetime": "2021-09-23 09:57:12", "elapsed": 30.434496, "delta": 0.476068}}
{"target": 0.9145229545554101, "params": {"C": 170.2347578043986, "epsilon": 0.07784382362137707, "gamma": 0.07914393135618106, "lamda": 0.2324993755674158}, "datetime": {"datetime": "2021-09-23 09:57:13", "elapsed": 31.006807, "delta": 0.572311}}
{"target": 0.9109400735832675, "params": {"C": 182.01804941861087, "epsilon": 0.07971900192054199, "gamma": 0.08581416088690585, "lamda": 0.4430622997386966}, "datetime": {"datetime": "2021-09-23 09:57:13", "elapsed": 31.462628, "delta": 0.455821}}
{"target": 0.9106358479954891, "params": {"C": 170.15651584731287, "epsilon": 0.07465704861369066, "gamma": 0.0607167379968424, "lamda": 0.20801102195668913}, "datetime": {"datetime": "2021-09-23 09:57:14", "elapsed": 32.023007, "delta": 0.560379}}
{"target": 0.9107001562013286, "params": {"C": 170.27051936743487, "epsilon": 0.07, "gamma": 0.1, "lamda": 0.28754738299004934}, "datetime": {"datetime": "2021-09-23 09:57:15", "elapsed": 32.724526, "delta": 0.701519}}
{"target": 0.9128746672617613, "params": {"C": 188.26876989638998, "epsilon": 0.23383624599133798, "gamma": 0.08820754729881658, "lamda": 0.12128363760031104}, "datetime": {"datetime": "2021-09-23 09:57:15", "elapsed": 33.307061, "delta": 0.582535}}
{"target": 0.9077037762490074, "params": {"C": 169.59752652066183, "epsilon": 0.07190028622227608, "gamma": 0.052269928397479716, "lamda": 0.30915956882132234}, "datetime": {"datetime": "2021-09-23 09:57:16", "elapsed": 33.765227, "delta": 0.458166}}
{"target": 0.9115081399148517, "params": {"C": 188.36725208995256, "epsilon": 0.19189813233577374, "gamma": 0.060459153436829116, "lamda": 0.14144511220021483}, "datetime": {"datetime": "2021-09-23 09:57:16", "elapsed": 34.360594, "delta": 0.595367}}
{"target": 0.9003683454264259, "params": {"C": 168.18887092733888, "epsilon": 0.2345351815904338, "gamma": 0.05545655446295451, "lamda": 0.45821074289614216}, "datetime": {"datetime": "2021-09-23 09:57:17", "elapsed": 34.802272, "delta": 0.441678}}
{"target": 0.9146798558852312, "params": {"C": 170.2893323187574, "epsilon": 0.14366057960598408, "gamma": 0.08024576545192688, "lamda": 0.125848745813655}, "datetime": {"datetime": "2021-09-23 09:57:17", "elapsed": 35.419305, "delta": 0.617033}}
{"target": 0.9118808645301449, "params": {"C": 170.2412725941919, "epsilon": 0.12465209286208462, "gamma": 0.09621427062071836, "lamda": 0.17083956679493068}, "datetime": {"datetime": "2021-09-23 09:57:18", "elapsed": 36.034858, "delta": 0.615553}}
{"target": 0.9084704054879451, "params": {"C": 196.34891507519325, "epsilon": 0.28900778986634934, "gamma": 0.0543236069918586, "lamda": 0.051648643648747564}, "datetime": {"datetime": "2021-09-23 09:57:18", "elapsed": 36.544054, "delta": 0.509196}}
{"target": 0.9077679268380193, "params": {"C": 171.56432666230887, "epsilon": 0.16875368528462098, "gamma": 0.0656463394185529, "lamda": 0.3669807341820243}, "datetime": {"datetime": "2021-09-23 09:57:19", "elapsed": 37.029413, "delta": 0.485359}}
{"target": 0.9062410760582679, "params": {"C": 151.55686013607038, "epsilon": 0.2035383659663558, "gamma": 0.05447148089872689, "lamda": 0.10882357407541937}, "datetime": {"datetime": "2021-09-23 09:57:19", "elapsed": 37.530867, "delta": 0.501454}}
{"target": 0.9045148209257383, "params": {"C": 170.33031821396378, "epsilon": 0.08433544689594402, "gamma": 0.059400954980088856, "lamda": 0.12045540943143405}, "datetime": {"datetime": "2021-09-23 09:57:20", "elapsed": 38.194815, "delta": 0.663948}}
{"target": 0.9124534872891318, "params": {"C": 170.2922951684691, "epsilon": 0.22084336505134172, "gamma": 0.09033050301552206, "lamda": 0.12376383437952558}, "datetime": {"datetime": "2021-09-23 09:57:21", "elapsed": 38.811587, "delta": 0.616772}}
{"target": 0.9107995086780905, "params": {"C": 170.21345210686172, "epsilon": 0.16348119028183883, "gamma": 0.06196106073843415, "lamda": 0.0965575954863024}, "datetime": {"datetime": "2021-09-23 09:57:21", "elapsed": 39.498088, "delta": 0.686501}}
{"target": 0.9039335086981751, "params": {"C": 163.19402202640683, "epsilon": 0.23793716245433444, "gamma": 0.07272666454991268, "lamda": 0.4414434969055622}, "datetime": {"datetime": "2021-09-23 09:57:22", "elapsed": 39.968412, "delta": 0.470324}}
{"target": 0.9110742874641866, "params": {"C": 188.3159374030075, "epsilon": 0.15287245913933473, "gamma": 0.06450787293537907, "lamda": 0.23150341044543502}, "datetime": {"datetime": "2021-09-23 09:57:22", "elapsed": 40.63876, "delta": 0.670348}}
{"target": 0.9091995189897195, "params": {"C": 183.07331578487407, "epsilon": 0.0965828995908213, "gamma": 0.09861451164567969, "lamda": 0.43262718993254845}, "datetime": {"datetime": "2021-09-23 09:57:23", "elapsed": 41.1176, "delta": 0.47884}}
{"target": 0.9068806640212946, "params": {"C": 170.32699739738408, "epsilon": 0.18813144115547004, "gamma": 0.05628058768117394, "lamda": 0.23062509186048533}, "datetime": {"datetime": "2021-09-23 09:57:24", "elapsed": 41.719375, "delta": 0.601775}}
{"target": 0.9101577010376064, "params": {"C": 188.30464919438793, "epsilon": 0.20013658334080223, "gamma": 0.064611543391357, "lamda": 0.05448015948064862}, "datetime": {"datetime": "2021-09-23 09:57:24", "elapsed": 42.324562, "delta": 0.605187}}
{"target": 0.9067962483616696, "params": {"C": 170.30977150384416, "epsilon": 0.15969570842335373, "gamma": 0.07622018968717348, "lamda": 0.03667764593988728}, "datetime": {"datetime": "2021-09-23 09:57:25", "elapsed": 43.057956, "delta": 0.733394}}
{"target": 0.9121022680735951, "params": {"C": 188.14469591563113, "epsilon": 0.14013421830546313, "gamma": 0.09442094087814182, "lamda": 0.1703168666851195}, "datetime": {"datetime": "2021-09-23 09:57:25", "elapsed": 43.632637, "delta": 0.574681}}
{"target": 0.915040296903404, "params": {"C": 188.19027800843006, "epsilon": 0.08581495198628103, "gamma": 0.07739031838168223, "lamda": 0.16406047068195448}, "datetime": {"datetime": "2021-09-23 09:57:26", "elapsed": 44.283934, "delta": 0.651297}}
{"target": 0.9066866421916883, "params": {"C": 188.54127439837086, "epsilon": 0.11690638129737785, "gamma": 0.051713454448080814, "lamda": 0.27863305927352555}, "datetime": {"datetime": "2021-09-23 09:57:27", "elapsed": 44.847424, "delta": 0.56349}}
{"target": 0.9100813444544857, "params": {"C": 187.93802401865332, "epsilon": 0.18710749667521687, "gamma": 0.058410300299891214, "lamda": 0.16726252599768215}, "datetime": {"datetime": "2021-09-23 09:57:27", "elapsed": 45.355361, "delta": 0.507937}}
{"target": 0.9123494937235455, "params": {"C": 170.13273663713318, "epsilon": 0.08203521669360776, "gamma": 0.06787650194149769, "lamda": 0.3347296327743272}, "datetime": {"datetime": "2021-09-23 09:57:28", "elapsed": 46.12985, "delta": 0.774489}}
{"target": 0.9055605805252935, "params": {"C": 170.20532398913812, "epsilon": 0.10576638518491133, "gamma": 0.05, "lamda": 0.2880240921122523}, "datetime": {"datetime": "2021-09-23 09:57:29", "elapsed": 46.839641, "delta": 0.709791}}
{"target": 0.9106133033892043, "params": {"C": 170.15866807666993, "epsilon": 0.09572009367345241, "gamma": 0.07779624085138633, "lamda": 0.42034739757233175}, "datetime": {"datetime": "2021-09-23 09:57:29", "elapsed": 47.419268, "delta": 0.579627}}
{"target": 0.9068282091942879, "params": {"C": 193.4210882877494, "epsilon": 0.2516120827696213, "gamma": 0.09207978949135455, "lamda": 0.3231084645773653}, "datetime": {"datetime": "2021-09-23 09:57:30", "elapsed": 47.936319, "delta": 0.517051}}
{"target": 0.9072386909466725, "params": {"C": 173.55245268272836, "epsilon": 0.25239467350602063, "gamma": 0.05099619285304656, "lamda": 0.1017096044605693}, "datetime": {"datetime": "2021-09-23 09:57:30", "elapsed": 48.594762, "delta": 0.658443}}
{"target": 0.9091779496920915, "params": {"C": 188.2412346875691, "epsilon": 0.12067035493767961, "gamma": 0.05346726699857409, "lamda": 0.19547044428005475}, "datetime": {"datetime": "2021-09-23 09:57:31", "elapsed": 49.207701, "delta": 0.612939}}
{"target": 0.9092017800142249, "params": {"C": 170.2770395860013, "epsilon": 0.08874444635814424, "gamma": 0.09919157336399283, "lamda": 0.41686248058785264}, "datetime": {"datetime": "2021-09-23 09:57:32", "elapsed": 49.866165, "delta": 0.658464}}
{"target": 0.9114577668566642, "params": {"C": 153.7664626175735, "epsilon": 0.19123284147389324, "gamma": 0.095489607911743, "lamda": 0.1407250675055455}, "datetime": {"datetime": "2021-09-23 09:57:32", "elapsed": 50.398986, "delta": 0.532821}}
{"target": 0.907452214328205, "params": {"C": 170.27397369182455, "epsilon": 0.18272685524172994, "gamma": 0.05175535626851366, "lamda": 0.14367192129779288}, "datetime": {"datetime": "2021-09-23 09:57:33", "elapsed": 51.131884, "delta": 0.732898}}
{"target": 0.9115321144014996, "params": {"C": 188.31269327777406, "epsilon": 0.18956972973133177, "gamma": 0.09276679863706484, "lamda": 0.17114092692834978}, "datetime": {"datetime": "2021-09-23 09:57:34", "elapsed": 51.837503, "delta": 0.705619}}
{"target": 0.9075648658425448, "params": {"C": 154.74683995008138, "epsilon": 0.20890923631420646, "gamma": 0.06577436075360354, "lamda": 0.2889414964009426}, "datetime": {"datetime": "2021-09-23 09:57:34", "elapsed": 52.338567, "delta": 0.501064}}
{"target": 0.9115007425454363, "params": {"C": 188.1690223133209, "epsilon": 0.10696191794594123, "gamma": 0.05817563389072969, "lamda": 0.20533145308180129}, "datetime": {"datetime": "2021-09-23 09:57:35", "elapsed": 53.028909, "delta": 0.690342}}
{"target": 0.910138177132848, "params": {"C": 188.30966465051057, "epsilon": 0.28901117940038284, "gamma": 0.09789945299532334, "lamda": 0.15328654245654888}, "datetime": {"datetime": "2021-09-23 09:57:36", "elapsed": 53.713443, "delta": 0.684534}}
{"target": 0.9099204106416472, "params": {"C": 170.07504004115722, "epsilon": 0.07, "gamma": 0.1, "lamda": 0.3575288380924564}, "datetime": {"datetime": "2021-09-23 09:57:36", "elapsed": 54.426959, "delta": 0.713516}}
{"target": 0.9105087327991884, "params": {"C": 188.17940208684615, "epsilon": 0.2364994926579713, "gamma": 0.0995953369607061, "lamda": 0.1298831089913145}, "datetime": {"datetime": "2021-09-23 09:57:37", "elapsed": 55.163845, "delta": 0.736886}}
{"target": 0.9105507752317468, "params": {"C": 161.65347704965885, "epsilon": 0.1737869485351093, "gamma": 0.09835716439865078, "lamda": 0.05981310658630491}, "datetime": {"datetime": "2021-09-23 09:57:38", "elapsed": 55.779044, "delta": 0.615199}}
{"target": 0.9138813627499, "params": {"C": 188.0363489100212, "epsilon": 0.11203917758299708, "gamma": 0.08149901899866904, "lamda": 0.2118407238494647}, "datetime": {"datetime": "2021-09-23 09:57:38", "elapsed": 56.444546, "delta": 0.665502}}
{"target": 0.9113755923500091, "params": {"C": 188.19224185562246, "epsilon": 0.09278744623117349, "gamma": 0.09844762260376497, "lamda": 0.1340950323306246}, "datetime": {"datetime": "2021-09-23 09:57:39", "elapsed": 57.106988, "delta": 0.662442}}
{"target": 0.9125628939803134, "params": {"C": 174.91109044620183, "epsilon": 0.2212512685783896, "gamma": 0.09424597847415114, "lamda": 0.08733115693017925}, "datetime": {"datetime": "2021-09-23 09:57:40", "elapsed": 57.70381, "delta": 0.596822}}
{"target": 0.9135977299614879, "params": {"C": 192.88925072635777, "epsilon": 0.1274356551661998, "gamma": 0.08071739021618665, "lamda": 0.2092214640911769}, "datetime": {"datetime": "2021-09-23 09:57:40", "elapsed": 58.273995, "delta": 0.570185}}
{"target": 0.9071088824728886, "params": {"C": 160.70183431270536, "epsilon": 0.14346814997905127, "gamma": 0.053679596535194996, "lamda": 0.22526960835707496}, "datetime": {"datetime": "2021-09-23 09:57:41", "elapsed": 58.823838, "delta": 0.549843}}
{"target": 0.9116301174032033, "params": {"C": 187.97375659066466, "epsilon": 0.10561359302797108, "gamma": 0.05847179588615693, "lamda": 0.2063306380237855}, "datetime": {"datetime": "2021-09-23 09:57:41", "elapsed": 59.538723, "delta": 0.714885}}
{"target": 0.9142007713953755, "params": {"C": 192.8782493462147, "epsilon": 0.1355409044523715, "gamma": 0.06636599139641314, "lamda": 0.135819546920883}, "datetime": {"datetime": "2021-09-23 09:57:42", "elapsed": 60.33313, "delta": 0.794407}}
{"target": 0.911880701826193, "params": {"C": 192.8333348285598, "epsilon": 0.1681453425031843, "gamma": 0.09156715292349396, "lamda": 0.1852508862169137}, "datetime": {"datetime": "2021-09-23 09:57:43", "elapsed": 61.049734, "delta": 0.716604}}
{"target": 0.9123996130859444, "params": {"C": 192.89649686202335, "epsilon": 0.20946793693037763, "gamma": 0.0854867001118822, "lamda": 0.16570431758257304}, "datetime": {"datetime": "2021-09-23 09:57:44", "elapsed": 61.868976, "delta": 0.819242}}
{"target": 0.9051357759635364, "params": {"C": 192.85645551608366, "epsilon": 0.08776181038502509, "gamma": 0.05, "lamda": 0.17204340066147886}, "datetime": {"datetime": "2021-09-23 09:57:45", "elapsed": 62.734432, "delta": 0.865456}}
{"target": 0.9029777995369344, "params": {"C": 192.91475567598084, "epsilon": 0.15932005237956182, "gamma": 0.05114687637437699, "lamda": 0.07655158253837549}, "datetime": {"datetime": "2021-09-23 09:57:45", "elapsed": 63.565443, "delta": 0.831011}}
{"target": 0.9108103000441818, "params": {"C": 188.2391707591104, "epsilon": 0.09577299274635664, "gamma": 0.098843486294639, "lamda": 0.2572119475022343}, "datetime": {"datetime": "2021-09-23 09:57:46", "elapsed": 64.220891, "delta": 0.655448}}
{"target": 0.9132461685695017, "params": {"C": 188.03934741838424, "epsilon": 0.10123123636069016, "gamma": 0.0911871558344201, "lamda": 0.1646232620156581}, "datetime": {"datetime": "2021-09-23 09:57:47", "elapsed": 64.96822, "delta": 0.747329}}
{"target": 0.9099453696173425, "params": {"C": 192.9482418881141, "epsilon": 0.13066629297744742, "gamma": 0.05578894479392936, "lamda": 0.20085062162738881}, "datetime": {"datetime": "2021-09-23 09:57:47", "elapsed": 65.638982, "delta": 0.670762}}
{"target": 0.9079463971663027, "params": {"C": 163.82278522808105, "epsilon": 0.258810656492371, "gamma": 0.07647793348967617, "lamda": 0.029555380366730038}, "datetime": {"datetime": "2021-09-23 09:57:48", "elapsed": 66.287584, "delta": 0.648602}}
{"target": 0.9143958991741971, "params": {"C": 172.33292910444007, "epsilon": 0.29924460933344416, "gamma": 0.08337043785991793, "lamda": 0.05185236740516232}, "datetime": {"datetime": "2021-09-23 09:57:49", "elapsed": 66.905227, "delta": 0.617643}}
{"target": 0.9129845371802225, "params": {"C": 188.05325344053614, "epsilon": 0.07314014406596207, "gamma": 0.06381208730013507, "lamda": 0.19937959545594605}, "datetime": {"datetime": "2021-09-23 09:57:49", "elapsed": 67.628744, "delta": 0.723517}}
{"target": 0.9079795607913124, "params": {"C": 172.3272139727014, "epsilon": 0.2606060213236129, "gamma": 0.056268225372852865, "lamda": 0.06486976492960386}, "datetime": {"datetime": "2021-09-23 09:57:50", "elapsed": 68.429502, "delta": 0.800758}}
{"target": 0.910940266458415, "params": {"C": 188.2263982335879, "epsilon": 0.18747364771037517, "gamma": 0.1, "lamda": 0.1308313375375712}, "datetime": {"datetime": "2021-09-23 09:57:51", "elapsed": 69.239328, "delta": 0.809826}}
{"target": 0.9126812157756063, "params": {"C": 192.88713559304273, "epsilon": 0.14686338493810847, "gamma": 0.0628231411002028, "lamda": 0.16830870940164921}, "datetime": {"datetime": "2021-09-23 09:57:52", "elapsed": 70.041676, "delta": 0.802348}}
{"target": 0.912697885551783, "params": {"C": 188.17651928375193, "epsilon": 0.08423818518797586, "gamma": 0.09317820618132142, "lamda": 0.21678250203269767}, "datetime": {"datetime": "2021-09-23 09:57:53", "elapsed": 70.738328, "delta": 0.696652}}
{"target": 0.9098478804995016, "params": {"C": 188.3137415744354, "epsilon": 0.2938881173431396, "gamma": 0.099611900717208, "lamda": 0.1487708123284832}, "datetime": {"datetime": "2021-09-23 09:57:53", "elapsed": 71.33261, "delta": 0.594282}}
{"target": 0.9098994790799702, "params": {"C": 192.89440145214212, "epsilon": 0.17551508918541467, "gamma": 0.1, "lamda": 0.23289964393768806}, "datetime": {"datetime": "2021-09-23 09:57:54", "elapsed": 72.233778, "delta": 0.901168}}
{"target": 0.9147696990328001, "params": {"C": 188.08860210645773, "epsilon": 0.07801028590392431, "gamma": 0.08014700661782145, "lamda": 0.17077145524481277}, "datetime": {"datetime": "2021-09-23 09:57:55", "elapsed": 72.876478, "delta": 0.6427}}
{"target": 0.9142191207422538, "params": {"C": 188.08224192118217, "epsilon": 0.12447981121772513, "gamma": 0.07595674735733829, "lamda": 0.18883336194941605}, "datetime": {"datetime": "2021-09-23 09:57:56", "elapsed": 73.781321, "delta": 0.904843}}
{"target": 0.8998897256838202, "params": {"C": 190.0569684711543, "epsilon": 0.29897432547797687, "gamma": 0.09707917360888545, "lamda": 0.42789330191630487}, "datetime": {"datetime": "2021-09-23 09:57:56", "elapsed": 74.368877, "delta": 0.587556}}
{"target": 0.9123834748603955, "params": {"C": 188.01578876419336, "epsilon": 0.18366339500412132, "gamma": 0.07842544245742382, "lamda": 0.201699752658685}, "datetime": {"datetime": "2021-09-23 09:57:57", "elapsed": 75.209342, "delta": 0.840465}}
{"target": 0.9086359253997668, "params": {"C": 190.46426636497233, "epsilon": 0.1220535589468766, "gamma": 0.0681176747651895, "lamda": 0.4949668894763586}, "datetime": {"datetime": "2021-09-23 09:57:58", "elapsed": 75.784002, "delta": 0.57466}}
{"target": 0.9124140219303964, "params": {"C": 188.20754030702815, "epsilon": 0.1617668949228469, "gamma": 0.07688540412416921, "lamda": 0.22243873791160673}, "datetime": {"datetime": "2021-09-23 09:57:58", "elapsed": 76.411501, "delta": 0.627499}}
{"target": 0.8955579049049002, "params": {"C": 163.6883310620962, "epsilon": 0.26494206570514456, "gamma": 0.05779430620828606, "lamda": 0.003363354181494307}, "datetime": {"datetime": "2021-09-23 09:57:59", "elapsed": 77.295274, "delta": 0.883773}}
{"target": 0.9103439790070087, "params": {"C": 172.40051388973185, "epsilon": 0.29482339822059395, "gamma": 0.09839882601628266, "lamda": 0.11432609530507959}, "datetime": {"datetime": "2021-09-23 09:58:00", "elapsed": 78.109165, "delta": 0.813891}}
{"target": 0.909523821962043, "params": {"C": 162.43176847494314, "epsilon": 0.22498182339886644, "gamma": 0.0907012867682809, "lamda": 0.23980910020683144}, "datetime": {"datetime": "2021-09-23 09:58:01", "elapsed": 78.716955, "delta": 0.60779}}
{"target": 0.9113504428590022, "params": {"C": 179.76801537926337, "epsilon": 0.19157997984997682, "gamma": 0.07812482116145653, "lamda": 0.23264840288802974}, "datetime": {"datetime": "2021-09-23 09:58:01", "elapsed": 79.375651, "delta": 0.658696}}
{"target": 0.9111065532547352, "params": {"C": 192.85585538422276, "epsilon": 0.1580879221853337, "gamma": 0.1, "lamda": 0.1286682774881211}, "datetime": {"datetime": "2021-09-23 09:58:02", "elapsed": 80.254578, "delta": 0.878927}}
{"target": 0.9130050801889186, "params": {"C": 174.8698244258748, "epsilon": 0.1768424505350224, "gamma": 0.08971331811371511, "lamda": 0.13573356381032242}, "datetime": {"datetime": "2021-09-23 09:58:03", "elapsed": 81.221949, "delta": 0.967371}}
{"target": 0.9098992422322862, "params": {"C": 174.88451973534123, "epsilon": 0.13554707464387694, "gamma": 0.0653329394014337, "lamda": 0.08392228867182684}, "datetime": {"datetime": "2021-09-23 09:58:04", "elapsed": 82.117943, "delta": 0.895994}}
{"target": 0.9112836779125448, "params": {"C": 183.589514895177, "epsilon": 0.09784385460899858, "gamma": 0.07756179797920237, "lamda": 0.39789800209821685}, "datetime": {"datetime": "2021-09-23 09:58:05", "elapsed": 82.775122, "delta": 0.657179}}
{"target": 0.9108796241895111, "params": {"C": 182.01859695645726, "epsilon": 0.15576265916995347, "gamma": 0.0653596123965798, "lamda": 0.23674344679835402}, "datetime": {"datetime": "2021-09-23 09:58:05", "elapsed": 83.46039, "delta": 0.685268}}
{"target": 0.911560155764814, "params": {"C": 170.25853843603693, "epsilon": 0.14125226476159702, "gamma": 0.09854366326798773, "lamda": 0.09800621661091106}, "datetime": {"datetime": "2021-09-23 09:58:06", "elapsed": 84.398048, "delta": 0.937658}}
