{"target": 0.91149834232002, "params": {"C": 261.8144738589576, "epsilon": 0.33915243496297504, "gamma": 0.06738159830113939, "lamda": 0.16977662734785162}, "datetime": {"datetime": "2021-09-23 10:20:38", "elapsed": 296.87736, "delta": 1.923568}}
{"target": 0.9137520311488392, "params": {"C": 299.4777075526573, "epsilon": 0.2848999899604283, "gamma": 0.07693173834039095, "lamda": 0.16502085887064744}, "datetime": {"datetime": "2021-09-23 10:20:40", "elapsed": 298.944764, "delta": 2.067404}}
{"target": 0.9139012258568628, "params": {"C": 255.4062838587616, "epsilon": 0.2888569337043689, "gamma": 0.06151554579691881, "lamda": 0.06767893140084487}, "datetime": {"datetime": "2021-09-23 10:20:43", "elapsed": 301.463094, "delta": 2.51833}}
{"target": 0.9141693463040453, "params": {"C": 285.1779460816917, "epsilon": 0.20720883428499245, "gamma": 0.06535498589028169, "lamda": 0.15191503864760908}, "datetime": {"datetime": "2021-09-23 10:20:45", "elapsed": 303.537418, "delta": 2.074324}}
{"target": 0.9124757695069131, "params": {"C": 125.80707009293646, "epsilon": 0.1727184222242124, "gamma": 0.07790443288965267, "lamda": 0.13176782465950304}, "datetime": {"datetime": "2021-09-23 10:20:46", "elapsed": 304.683433, "delta": 1.146015}}
{"target": 0.9121886730601269, "params": {"C": 167.10634393770533, "epsilon": 0.22823079490973522, "gamma": 0.07157154329898399, "lamda": 0.1473442712283945}, "datetime": {"datetime": "2021-09-23 10:20:48", "elapsed": 306.004451, "delta": 1.321018}}
{"target": 0.9149993267935131, "params": {"C": 251.80039949734996, "epsilon": 0.17363522760110472, "gamma": 0.06938532529384826, "lamda": 0.12661580554803586}, "datetime": {"datetime": "2021-09-23 10:20:50", "elapsed": 308.063493, "delta": 2.059042}}
{"target": 0.9153800478899058, "params": {"C": 244.99627735932947, "epsilon": 0.17807414216227624, "gamma": 0.07808734735690616, "lamda": 0.10521978337103532}, "datetime": {"datetime": "2021-09-23 10:20:52", "elapsed": 310.162454, "delta": 2.098961}}
{"target": 0.9150607238963616, "params": {"C": 244.59716836840988, "epsilon": 0.14168652337638865, "gamma": 0.08214761439383743, "lamda": 0.09355944856165349}, "datetime": {"datetime": "2021-09-23 10:20:53", "elapsed": 311.722923, "delta": 1.560469}}
{"target": 0.9047151562627586, "params": {"C": 274.65007735308006, "epsilon": 0.0862852848695094, "gamma": 0.06164176214607755, "lamda": 0.04579196480156829}, "datetime": {"datetime": "2021-09-23 10:20:56", "elapsed": 314.341361, "delta": 2.618438}}
{"target": 0.91480786207365, "params": {"C": 274.4090522738072, "epsilon": 0.1494455290742501, "gamma": 0.08210192100390468, "lamda": 0.1650301673436711}, "datetime": {"datetime": "2021-09-23 10:20:58", "elapsed": 316.935406, "delta": 2.594045}}
{"target": 0.9124081018375574, "params": {"C": 170.63146635785023, "epsilon": 0.12193697850033626, "gamma": 0.06940787998664455, "lamda": 0.11470875211564603}, "datetime": {"datetime": "2021-09-23 10:21:00", "elapsed": 318.268431, "delta": 1.333025}}
{"target": 0.9128380485749913, "params": {"C": 141.86729661778298, "epsilon": 0.2480239614953337, "gamma": 0.0880293162182637, "lamda": 0.06918503209129201}, "datetime": {"datetime": "2021-09-23 10:21:01", "elapsed": 319.642549, "delta": 1.374118}}
{"target": 0.901972902148211, "params": {"C": 274.40492596205263, "epsilon": 0.07, "gamma": 0.06, "lamda": 0.046730532189548216}, "datetime": {"datetime": "2021-09-23 10:21:04", "elapsed": 322.244838, "delta": 2.602289}}
{"target": 0.9134667996884634, "params": {"C": 255.2698970694016, "epsilon": 0.25612907998461476, "gamma": 0.08264243837817647, "lamda": 0.1619731779318919}, "datetime": {"datetime": "2021-09-23 10:21:06", "elapsed": 324.385334, "delta": 2.140496}}
{"target": 0.9124717133088881, "params": {"C": 283.9092570297829, "epsilon": 0.22100331475473625, "gamma": 0.060244925122354895, "lamda": 0.1659851501765649}, "datetime": {"datetime": "2021-09-23 10:21:08", "elapsed": 326.826361, "delta": 2.441027}}
{"target": 0.9141195399326799, "params": {"C": 254.76375829833202, "epsilon": 0.2155736013199291, "gamma": 0.07937260331204662, "lamda": 0.16310215473898487}, "datetime": {"datetime": "2021-09-23 10:21:10", "elapsed": 328.937218, "delta": 2.110857}}
{"target": 0.9080076518594429, "params": {"C": 251.89340954161483, "epsilon": 0.1258349991697142, "gamma": 0.0633177533514297, "lamda": 0.04656338814782374}, "datetime": {"datetime": "2021-09-23 10:21:13", "elapsed": 331.10604, "delta": 2.168822}}
{"target": 0.9123799522532184, "params": {"C": 255.0156780964796, "epsilon": 0.12941805724297015, "gamma": 0.07852275726076946, "lamda": 0.048184853396052454}, "datetime": {"datetime": "2021-09-23 10:21:15", "elapsed": 333.310531, "delta": 2.204491}}
{"target": 0.9151192442763612, "params": {"C": 274.5110962235717, "epsilon": 0.17274547609939492, "gamma": 0.07776067612060958, "lamda": 0.15161085205459388}, "datetime": {"datetime": "2021-09-23 10:21:18", "elapsed": 336.198994, "delta": 2.888463}}
{"target": 0.913636614023699, "params": {"C": 254.91601355470758, "epsilon": 0.27418911456235434, "gamma": 0.07408751952327197, "lamda": 0.1511273791391363}, "datetime": {"datetime": "2021-09-23 10:21:20", "elapsed": 338.247272, "delta": 2.048278}}
{"target": 0.9141690575793742, "params": {"C": 244.92310502120898, "epsilon": 0.22328417929630592, "gamma": 0.061209747639596704, "lamda": 0.05953004447208188}, "datetime": {"datetime": "2021-09-23 10:21:22", "elapsed": 340.818756, "delta": 2.571484}}
{"target": 0.913090874377505, "params": {"C": 254.44473677000695, "epsilon": 0.27558377007596635, "gamma": 0.08223250235877719, "lamda": 0.16551351388353902}, "datetime": {"datetime": "2021-09-23 10:21:24", "elapsed": 342.826746, "delta": 2.00799}}
{"target": 0.9117020214740412, "params": {"C": 244.90820626184941, "epsilon": 0.2938210675988744, "gamma": 0.06661472331309323, "lamda": 0.1696541916241568}, "datetime": {"datetime": "2021-09-23 10:21:27", "elapsed": 344.992126, "delta": 2.16538}}
{"target": 0.915410610315158, "params": {"C": 227.96319902498266, "epsilon": 0.2071176540979014, "gamma": 0.07668922462928163, "lamda": 0.0888320156789547}, "datetime": {"datetime": "2021-09-23 10:21:29", "elapsed": 347.070807, "delta": 2.078681}}
{"target": 0.912282162304273, "params": {"C": 299.4377464435082, "epsilon": 0.19244214160859435, "gamma": 0.0888915547900471, "lamda": 0.04662996099963769}, "datetime": {"datetime": "2021-09-23 10:21:31", "elapsed": 349.385759, "delta": 2.314952}}
{"target": 0.9126467624514873, "params": {"C": 251.70234954533436, "epsilon": 0.24033207449297417, "gamma": 0.09, "lamda": 0.17}, "datetime": {"datetime": "2021-09-23 10:21:33", "elapsed": 351.77364, "delta": 2.387881}}
{"target": 0.9112756702419353, "params": {"C": 174.29835795323908, "epsilon": 0.28153234039589137, "gamma": 0.08275467301424108, "lamda": 0.1606400965935979}, "datetime": {"datetime": "2021-09-23 10:21:35", "elapsed": 353.345934, "delta": 1.572294}}
{"target": 0.9104539713311293, "params": {"C": 122.99376243311436, "epsilon": 0.25756503785295354, "gamma": 0.07640073785625133, "lamda": 0.07760496692916412}, "datetime": {"datetime": "2021-09-23 10:21:36", "elapsed": 354.800165, "delta": 1.454231}}
{"target": 0.9148276916930312, "params": {"C": 222.5904366020241, "epsilon": 0.23737580536310018, "gamma": 0.0744984384269815, "lamda": 0.09665231888692843}, "datetime": {"datetime": "2021-09-23 10:21:39", "elapsed": 357.318286, "delta": 2.518121}}
{"target": 0.9110134715886254, "params": {"C": 284.09401336705207, "epsilon": 0.10027663898598324, "gamma": 0.08757133861620536, "lamda": 0.05598116902698953}, "datetime": {"datetime": "2021-09-23 10:21:42", "elapsed": 360.272826, "delta": 2.95454}}
{"target": 0.9152010092382828, "params": {"C": 252.1038454425011, "epsilon": 0.12658959042297066, "gamma": 0.07843721257733488, "lamda": 0.16358170290792168}, "datetime": {"datetime": "2021-09-23 10:21:44", "elapsed": 362.390541, "delta": 2.117715}}
{"target": 0.9150744700646761, "params": {"C": 255.4375171240693, "epsilon": 0.1130425789662498, "gamma": 0.06722374269398401, "lamda": 0.16998809310633864}, "datetime": {"datetime": "2021-09-23 10:21:46", "elapsed": 364.82555, "delta": 2.435009}}
{"target": 0.9107660116210847, "params": {"C": 289.02733768570056, "epsilon": 0.07819676470982209, "gamma": 0.08173406668762777, "lamda": 0.05902617018127235}, "datetime": {"datetime": "2021-09-23 10:21:49", "elapsed": 367.259651, "delta": 2.434101}}
{"target": 0.913567795193077, "params": {"C": 222.6952399463397, "epsilon": 0.14691241556997997, "gamma": 0.08760407512367521, "lamda": 0.16641638309707102}, "datetime": {"datetime": "2021-09-23 10:21:51", "elapsed": 369.335863, "delta": 2.076212}}
{"target": 0.9158013694052909, "params": {"C": 245.1251673977983, "epsilon": 0.24900973483512973, "gamma": 0.07265628951645614, "lamda": 0.055254467001463844}, "datetime": {"datetime": "2021-09-23 10:21:54", "elapsed": 372.431745, "delta": 3.095882}}
{"target": 0.9143489102429261, "params": {"C": 245.12888959246018, "epsilon": 0.1655185698433111, "gamma": 0.08523877075089983, "lamda": 0.1353960204774985}, "datetime": {"datetime": "2021-09-23 10:21:57", "elapsed": 375.349792, "delta": 2.918047}}
{"target": 0.9108760791454248, "params": {"C": 121.11584325240148, "epsilon": 0.15966298031580464, "gamma": 0.08853700567245781, "lamda": 0.10905662767998833}, "datetime": {"datetime": "2021-09-23 10:21:58", "elapsed": 376.765057, "delta": 1.415265}}
{"target": 0.9139294348779718, "params": {"C": 271.0702162766447, "epsilon": 0.3067329582608897, "gamma": 0.08107705232372162, "lamda": 0.1328783620201357}, "datetime": {"datetime": "2021-09-23 10:22:00", "elapsed": 378.110441, "delta": 1.345384}}
{"target": 0.902390360475022, "params": {"C": 255.42330048339102, "epsilon": 0.07236673033934647, "gamma": 0.061943029584305524, "lamda": 0.04563977939321401}, "datetime": {"datetime": "2021-09-23 10:22:02", "elapsed": 380.425585, "delta": 2.315144}}
{"target": 0.9122519760257913, "params": {"C": 172.22043226581062, "epsilon": 0.26786962557184213, "gamma": 0.07963849822846822, "lamda": 0.13456255638717451}, "datetime": {"datetime": "2021-09-23 10:22:03", "elapsed": 381.817391, "delta": 1.391806}}
{"target": 0.9136475676619245, "params": {"C": 151.92326814001763, "epsilon": 0.32433525242429034, "gamma": 0.0740636035869815, "lamda": 0.07280300086824755}, "datetime": {"datetime": "2021-09-23 10:22:05", "elapsed": 383.154435, "delta": 1.337044}}
{"target": 0.9015443577841952, "params": {"C": 106.98365119100647, "epsilon": 0.3158765529891189, "gamma": 0.06957847714822091, "lamda": 0.04761821545940731}, "datetime": {"datetime": "2021-09-23 10:22:06", "elapsed": 384.483871, "delta": 1.329436}}
{"target": 0.9141606551259219, "params": {"C": 255.57557824459224, "epsilon": 0.21915823990896383, "gamma": 0.0768352283387972, "lamda": 0.1623802930772017}, "datetime": {"datetime": "2021-09-23 10:22:08", "elapsed": 386.704365, "delta": 2.220494}}
{"target": 0.9140331132685701, "params": {"C": 253.4581487137416, "epsilon": 0.3065262161672765, "gamma": 0.08073259592107322, "lamda": 0.1183839309742476}, "datetime": {"datetime": "2021-09-23 10:22:10", "elapsed": 388.093402, "delta": 1.389037}}
{"target": 0.9065237345590046, "params": {"C": 283.8104338201768, "epsilon": 0.07, "gamma": 0.09, "lamda": 0.045}, "datetime": {"datetime": "2021-09-23 10:22:12", "elapsed": 390.918562, "delta": 2.82516}}
{"target": 0.9139096439484209, "params": {"C": 255.4698309258507, "epsilon": 0.23643799544122457, "gamma": 0.0840654900526646, "lamda": 0.14685018674336736}, "datetime": {"datetime": "2021-09-23 10:22:15", "elapsed": 393.613472, "delta": 2.69491}}
{"target": 0.9120358282537515, "params": {"C": 171.8127667183798, "epsilon": 0.31081815005437025, "gamma": 0.08223157814376396, "lamda": 0.11967898771440492}, "datetime": {"datetime": "2021-09-23 10:22:16", "elapsed": 394.966767, "delta": 1.353295}}
{"target": 0.9141301554282654, "params": {"C": 283.74526620226436, "epsilon": 0.24649863260936838, "gamma": 0.08162891374360996, "lamda": 0.16017307744228257}, "datetime": {"datetime": "2021-09-23 10:22:19", "elapsed": 397.712183, "delta": 2.745416}}
{"target": 0.9136858842711119, "params": {"C": 251.96762291629105, "epsilon": 0.21622024372504908, "gamma": 0.0694796424122787, "lamda": 0.16503350833143282}, "datetime": {"datetime": "2021-09-23 10:22:21", "elapsed": 399.898272, "delta": 2.186089}}
{"target": 0.9155832584694246, "params": {"C": 255.2394536527784, "epsilon": 0.07139726408900955, "gamma": 0.06702919297657285, "lamda": 0.1614000711685318}, "datetime": {"datetime": "2021-09-23 10:22:23", "elapsed": 401.967483, "delta": 2.069211}}
{"target": 0.9119829378619739, "params": {"C": 166.36274219627165, "epsilon": 0.2983241947953151, "gamma": 0.07104502777147849, "lamda": 0.1164457021443831}, "datetime": {"datetime": "2021-09-23 10:22:25", "elapsed": 403.280811, "delta": 1.313328}}
{"target": 0.9151483969761189, "params": {"C": 372.5584771920095, "epsilon": 0.07560302632703841, "gamma": 0.07900944704778826, "lamda": 0.1386004853173265}, "datetime": {"datetime": "2021-09-23 10:36:14", "elapsed": 0.0, "delta": 0.0}}
{"target": 0.915940712145595, "params": {"C": 339.8208414763109, "epsilon": 0.13069509429332887, "gamma": 0.06594188594278871, "lamda": 0.14006633902486984}, "datetime": {"datetime": "2021-09-23 10:36:15", "elapsed": 0.318028, "delta": 0.318028}}
{"target": 0.9155645892824105, "params": {"C": 300.29330038750425, "epsilon": 0.09385174982698277, "gamma": 0.08056079455103392, "lamda": 0.16417416827436707}, "datetime": {"datetime": "2021-09-23 10:36:15", "elapsed": 0.642064, "delta": 0.324036}}
{"target": 0.9147288937025327, "params": {"C": 280.47379195934974, "epsilon": 0.2082919111141597, "gamma": 0.0843786288495634, "lamda": 0.12156575835367352}, "datetime": {"datetime": "2021-09-23 10:36:15", "elapsed": 0.922027, "delta": 0.279963}}
{"target": 0.9090212712589103, "params": {"C": 340.9602156325601, "epsilon": 0.07523543816973531, "gamma": 0.07040200029675381, "lamda": 0.04758114798571196}, "datetime": {"datetime": "2021-09-23 10:36:16", "elapsed": 1.41804, "delta": 0.496013}}
{"target": 0.9153283262889356, "params": {"C": 339.818857428381, "epsilon": 0.19511786237194476, "gamma": 0.0673960392577922, "lamda": 0.1667969214513973}, "datetime": {"datetime": "2021-09-23 10:36:16", "elapsed": 1.808035, "delta": 0.389995}}
{"target": 0.91529233552726, "params": {"C": 339.28038499437923, "epsilon": 0.13119035481020497, "gamma": 0.06956302556336445, "lamda": 0.0611609327701632}, "datetime": {"datetime": "2021-09-23 10:36:17", "elapsed": 2.223036, "delta": 0.415001}}
{"target": 0.9152863122417746, "params": {"C": 299.74832659797795, "epsilon": 0.30904592551864246, "gamma": 0.07250864400006243, "lamda": 0.10039148282229403}, "datetime": {"datetime": "2021-09-23 10:36:17", "elapsed": 2.633028, "delta": 0.409992}}
{"target": 0.9141590375191905, "params": {"C": 300.8610233711656, "epsilon": 0.3013220481157479, "gamma": 0.080605455369085, "lamda": 0.14071241286119626}, "datetime": {"datetime": "2021-09-23 10:36:17", "elapsed": 2.989028, "delta": 0.356}}
{"target": 0.9104268742955648, "params": {"C": 299.15850120315775, "epsilon": 0.07, "gamma": 0.09, "lamda": 0.0869366477411378}, "datetime": {"datetime": "2021-09-23 10:36:18", "elapsed": 3.420068, "delta": 0.43104}}
{"target": 0.916035279789953, "params": {"C": 372.0063099338528, "epsilon": 0.24167543736474878, "gamma": 0.08207972935029272, "lamda": 0.09839413668477266}, "datetime": {"datetime": "2021-09-23 10:36:18", "elapsed": 3.854029, "delta": 0.433961}}
{"target": 0.9159882396260776, "params": {"C": 371.4944865287174, "epsilon": 0.14330467053948037, "gamma": 0.071522915751816, "lamda": 0.07504426855233919}, "datetime": {"datetime": "2021-09-23 10:36:19", "elapsed": 4.333026, "delta": 0.478997}}
{"target": 0.9110297137428398, "params": {"C": 370.95141224405097, "epsilon": 0.34, "gamma": 0.09, "lamda": 0.17}, "datetime": {"datetime": "2021-09-23 10:36:19", "elapsed": 4.765028, "delta": 0.432002}}
{"target": 0.9159517149336913, "params": {"C": 338.6868689393336, "epsilon": 0.08262752013899306, "gamma": 0.064829888054675, "lamda": 0.15747603818985634}, "datetime": {"datetime": "2021-09-23 10:36:20", "elapsed": 5.179035, "delta": 0.414007}}
{"target": 0.9126348560536196, "params": {"C": 339.258328548731, "epsilon": 0.12982156162913544, "gamma": 0.06130629193185911, "lamda": 0.05176421499770062}, "datetime": {"datetime": "2021-09-23 10:36:20", "elapsed": 5.641036, "delta": 0.462001}}
{"target": 0.9160629500232499, "params": {"C": 308.15177112950084, "epsilon": 0.10518101844664976, "gamma": 0.07632691326571356, "lamda": 0.14872053497682464}, "datetime": {"datetime": "2021-09-23 10:36:20", "elapsed": 6.018036, "delta": 0.377}}
{"target": 0.9155754890957644, "params": {"C": 328.590864408638, "epsilon": 0.08187740181978906, "gamma": 0.0777130772052188, "lamda": 0.13509597214553348}, "datetime": {"datetime": "2021-09-23 10:36:21", "elapsed": 6.44803, "delta": 0.429994}}
{"target": 0.9156417929378634, "params": {"C": 337.4714881780959, "epsilon": 0.18520351056667367, "gamma": 0.07917847324404595, "lamda": 0.1645721776932554}, "datetime": {"datetime": "2021-09-23 10:36:21", "elapsed": 6.864037, "delta": 0.416007}}
{"target": 0.9150836716292717, "params": {"C": 313.47793949586475, "epsilon": 0.19609990286523576, "gamma": 0.06435218686214648, "lamda": 0.11840109934996353}, "datetime": {"datetime": "2021-09-23 10:36:22", "elapsed": 7.257029, "delta": 0.392992}}
{"target": 0.9156206316105656, "params": {"C": 355.2819660004034, "epsilon": 0.2955942292518407, "gamma": 0.07500536713243497, "lamda": 0.12002904851239014}, "datetime": {"datetime": "2021-09-23 10:36:22", "elapsed": 7.679032, "delta": 0.422003}}
{"target": 0.9155001268554765, "params": {"C": 356.8059727375453, "epsilon": 0.14125361471557035, "gamma": 0.0646792257348942, "lamda": 0.06500511048946192}, "datetime": {"datetime": "2021-09-23 10:36:23", "elapsed": 8.115061, "delta": 0.436029}}
{"target": 0.9133535229768731, "params": {"C": 287.6565056139277, "epsilon": 0.1743298156652331, "gamma": 0.08963844417031708, "lamda": 0.07220678429964145}, "datetime": {"datetime": "2021-09-23 10:36:23", "elapsed": 8.550064, "delta": 0.435003}}
{"target": 0.9162134432550834, "params": {"C": 336.32937806396325, "epsilon": 0.33117153867645127, "gamma": 0.0734130000738092, "lamda": 0.0649700073480548}, "datetime": {"datetime": "2021-09-23 10:36:23", "elapsed": 9.034028, "delta": 0.483964}}
{"target": 0.9118136744291393, "params": {"C": 343.76299199886, "epsilon": 0.12313207879934004, "gamma": 0.08833315399998504, "lamda": 0.06979351086953342}, "datetime": {"datetime": "2021-09-23 10:36:24", "elapsed": 9.467035, "delta": 0.433007}}
{"target": 0.9138494933466166, "params": {"C": 317.2637344088387, "epsilon": 0.1605410418047008, "gamma": 0.08990432771489375, "lamda": 0.10097741177539914}, "datetime": {"datetime": "2021-09-23 10:36:24", "elapsed": 9.888031, "delta": 0.420996}}
{"target": 0.9148341314411086, "params": {"C": 290.87883204415147, "epsilon": 0.14080197229474042, "gamma": 0.061908508632606045, "lamda": 0.11837894511534532}, "datetime": {"datetime": "2021-09-23 10:36:25", "elapsed": 10.312064, "delta": 0.424033}}
{"target": 0.913164891747103, "params": {"C": 360.1618870643024, "epsilon": 0.3248703327077297, "gamma": 0.0869367170985006, "lamda": 0.1387099692976851}, "datetime": {"datetime": "2021-09-23 10:36:25", "elapsed": 10.726036, "delta": 0.413972}}
{"target": 0.9159099756987004, "params": {"C": 365.16538112219496, "epsilon": 0.1262052596488611, "gamma": 0.07920007555538568, "lamda": 0.12670691109632298}, "datetime": {"datetime": "2021-09-23 10:36:26", "elapsed": 11.148027, "delta": 0.421991}}
{"target": 0.914802581828712, "params": {"C": 351.0503143987695, "epsilon": 0.28010620400404795, "gamma": 0.08510282191076121, "lamda": 0.12435437807682329}, "datetime": {"datetime": "2021-09-23 10:36:26", "elapsed": 11.57203, "delta": 0.424003}}
{"target": 0.9141234023594007, "params": {"C": 314.35042344958663, "epsilon": 0.19851718827693485, "gamma": 0.06017803929212564, "lamda": 0.046538762928972854}, "datetime": {"datetime": "2021-09-23 10:36:26", "elapsed": 12.019026, "delta": 0.446996}}
{"target": 0.9132839944802226, "params": {"C": 286.25744734400104, "epsilon": 0.23722828060189832, "gamma": 0.06017733187225794, "lamda": 0.11756176703188465}, "datetime": {"datetime": "2021-09-23 10:36:27", "elapsed": 12.430029, "delta": 0.411003}}
{"target": 0.9129656191510823, "params": {"C": 299.4707231991609, "epsilon": 0.13195482431420077, "gamma": 0.07038623831425898, "lamda": 0.04748041294240071}, "datetime": {"datetime": "2021-09-23 10:36:27", "elapsed": 12.878035, "delta": 0.448006}}
{"target": 0.9153643795053906, "params": {"C": 361.3731825453119, "epsilon": 0.24583322871243735, "gamma": 0.08433539468445844, "lamda": 0.07669899292906028}, "datetime": {"datetime": "2021-09-23 10:36:28", "elapsed": 13.321029, "delta": 0.442994}}
{"target": 0.9132855481209879, "params": {"C": 326.9110155538737, "epsilon": 0.29638091012374496, "gamma": 0.06979009425189489, "lamda": 0.16551941378248106}, "datetime": {"datetime": "2021-09-23 10:36:28", "elapsed": 13.750031, "delta": 0.429002}}
{"target": 0.9137373849361913, "params": {"C": 282.3354452571861, "epsilon": 0.2508750536771499, "gamma": 0.06910285059663737, "lamda": 0.16596373137851556}, "datetime": {"datetime": "2021-09-23 10:36:29", "elapsed": 14.19203, "delta": 0.441999}}
{"target": 0.9157439566634802, "params": {"C": 359.6369458554061, "epsilon": 0.07750899806719719, "gamma": 0.07654550135721609, "lamda": 0.14593397305308936}, "datetime": {"datetime": "2021-09-23 10:36:29", "elapsed": 14.686032, "delta": 0.494002}}
{"target": 0.9156645173891669, "params": {"C": 280.37447579833923, "epsilon": 0.20623615172102547, "gamma": 0.0783082328843436, "lamda": 0.07589672068343677}, "datetime": {"datetime": "2021-09-23 10:36:30", "elapsed": 15.193026, "delta": 0.506994}}
