{"target": 0.9117987172566551, "params": {"C": 883.9657086834579, "epsilon": 0.05080396200645276, "gamma": 0.06582959550161746, "lamda": 0.10509931296807659}, "datetime": {"datetime": "2021-09-23 23:03:54", "elapsed": 364.266848, "delta": 2.067426}}
{"target": 0.8999791921896837, "params": {"C": 965.0936115353062, "epsilon": 0.8797423321565119, "gamma": 0.05146519184214646, "lamda": 0.23524150766979834}, "datetime": {"datetime": "2021-09-23 23:03:55", "elapsed": 365.945719, "delta": 1.678871}}
{"target": 0.9228572455113732, "params": {"C": 898.5807927099092, "epsilon": 0.0909426624113201, "gamma": 0.05556318013579876, "lamda": 0.2006077305330093}, "datetime": {"datetime": "2021-09-23 23:03:58", "elapsed": 368.143339, "delta": 2.19762}}
{"target": 0.919341181887248, "params": {"C": 853.2772803039538, "epsilon": 0.06424550993039509, "gamma": 0.05804601703713382, "lamda": 0.08705513059532667}, "datetime": {"datetime": "2021-09-23 23:04:01", "elapsed": 371.304078, "delta": 3.160739}}
{"target": 0.8989719822429352, "params": {"C": 903.8595750387849, "epsilon": 0.8951615020471819, "gamma": 0.05446315628752793, "lamda": 0.23937532878438053}, "datetime": {"datetime": "2021-09-23 23:04:02", "elapsed": 372.944707, "delta": 1.640629}}
{"target": 0.9078976401235472, "params": {"C": 965.7109202619374, "epsilon": 0.1689217717580575, "gamma": 0.0140812844094781, "lamda": 0.028470007838529585}, "datetime": {"datetime": "2021-09-23 23:04:05", "elapsed": 375.247991, "delta": 2.303284}}
{"target": 0.9205540670598888, "params": {"C": 853.1977368321371, "epsilon": 0.07283617536138522, "gamma": 0.060278273987467566, "lamda": 0.11472531496273272}, "datetime": {"datetime": "2021-09-23 23:04:07", "elapsed": 377.248104, "delta": 2.000113}}
{"target": 0.9214907233436405, "params": {"C": 898.4559701716445, "epsilon": 0.1290229779979165, "gamma": 0.05855327997505293, "lamda": 0.0651072485657485}, "datetime": {"datetime": "2021-09-23 23:04:09", "elapsed": 379.44861, "delta": 2.200506}}
{"target": 0.8969308582414117, "params": {"C": 899.7720566472037, "epsilon": 0.8502758109313171, "gamma": 0.032090055542956984, "lamda": 0.22905468124487088}, "datetime": {"datetime": "2021-09-23 23:04:10", "elapsed": 380.90955, "delta": 1.46094}}
{"target": 0.9225666909869795, "params": {"C": 898.49587627916, "epsilon": 0.06558101625239224, "gamma": 0.054738782176555145, "lamda": 0.09425495318120232}, "datetime": {"datetime": "2021-09-23 23:04:12", "elapsed": 383.060548, "delta": 2.150998}}
{"target": 0.9258563110307747, "params": {"C": 853.5544196786085, "epsilon": 0.05505328731500636, "gamma": 0.028853917245346986, "lamda": 0.15612247703102827}, "datetime": {"datetime": "2021-09-23 23:04:15", "elapsed": 385.60655, "delta": 2.546002}}
{"target": 0.9247400098840912, "params": {"C": 910.9528605892974, "epsilon": 0.18328413119763576, "gamma": 0.04730566557938048, "lamda": 0.1143416874600332}, "datetime": {"datetime": "2021-09-23 23:04:17", "elapsed": 387.51755, "delta": 1.911}}
{"target": 0.9144258014786437, "params": {"C": 998.6741558021681, "epsilon": 0.47516726752733274, "gamma": 0.05020229908491138, "lamda": 0.16036163556033758}, "datetime": {"datetime": "2021-09-23 23:04:18", "elapsed": 388.975553, "delta": 1.458003}}
{"target": 0.9218103534110611, "params": {"C": 898.568172351276, "epsilon": 0.1800059509821407, "gamma": 0.05474264108866558, "lamda": 0.14348728334369154}, "datetime": {"datetime": "2021-09-23 23:04:21", "elapsed": 391.68955, "delta": 2.713997}}
{"target": 0.9044167910164839, "params": {"C": 862.2985491410516, "epsilon": 0.397653628414109, "gamma": 0.04994007094399021, "lamda": 0.3947241549288147}, "datetime": {"datetime": "2021-09-23 23:04:23", "elapsed": 393.167931, "delta": 1.478381}}
{"target": 0.9204608674301771, "params": {"C": 884.5263950991014, "epsilon": 0.2563082234756773, "gamma": 0.0632928556961758, "lamda": 0.05342809977669495}, "datetime": {"datetime": "2021-09-23 23:04:25", "elapsed": 395.418545, "delta": 2.250614}}
{"target": 0.9021815693269983, "params": {"C": 912.9793741688426, "epsilon": 0.03834571757145103, "gamma": 0.011863784975156024, "lamda": 0.11977133845118357}, "datetime": {"datetime": "2021-09-23 23:04:28", "elapsed": 398.408065, "delta": 2.98952}}
{"target": 0.9161535438814885, "params": {"C": 905.3232780000714, "epsilon": 0.6334861572383768, "gamma": 0.06455174015080598, "lamda": 0.06897582647767024}, "datetime": {"datetime": "2021-09-23 23:04:29", "elapsed": 399.967566, "delta": 1.559501}}
{"target": 0.9185326001125469, "params": {"C": 855.1946218306124, "epsilon": 0.8871747119860605, "gamma": 0.05532745973213335, "lamda": 0.04864010820309125}, "datetime": {"datetime": "2021-09-23 23:04:31", "elapsed": 402.028661, "delta": 2.061095}}
{"target": 0.9149918867797353, "params": {"C": 965.6243134950001, "epsilon": 0.19263270286715786, "gamma": 0.06847563737153216, "lamda": 0.044037047474407724}, "datetime": {"datetime": "2021-09-23 23:04:34", "elapsed": 404.841854, "delta": 2.813193}}
{"target": 0.9281562029824323, "params": {"C": 853.5598282283102, "epsilon": 0.06357682966136428, "gamma": 0.04540822373770691, "lamda": 0.14927100995618345}, "datetime": {"datetime": "2021-09-23 23:04:36", "elapsed": 406.547398, "delta": 1.705544}}
{"target": 0.9257375512017261, "params": {"C": 898.5850225184279, "epsilon": 0.12539054781696912, "gamma": 0.050215192067256005, "lamda": 0.11698516079682393}, "datetime": {"datetime": "2021-09-23 23:04:38", "elapsed": 408.566693, "delta": 2.019295}}
{"target": 0.8880519136946396, "params": {"C": 863.9847834586405, "epsilon": 0.3688033087916762, "gamma": 0.016781668878456994, "lamda": 0.29022592418338455}, "datetime": {"datetime": "2021-09-23 23:04:40", "elapsed": 410.349604, "delta": 1.782911}}
{"target": 0.9203988774372663, "params": {"C": 965.6645116615903, "epsilon": 0.09783224020657824, "gamma": 0.06305333965823841, "lamda": 0.15972125984078675}, "datetime": {"datetime": "2021-09-23 23:04:42", "elapsed": 412.480463, "delta": 2.130859}}
{"target": 0.9092534538318752, "params": {"C": 965.7152658160516, "epsilon": 0.2267096525567542, "gamma": 0.06816451044280294, "lamda": 0.02435796814841543}, "datetime": {"datetime": "2021-09-23 23:04:44", "elapsed": 414.645715, "delta": 2.165252}}
{"target": 0.9131868985816429, "params": {"C": 853.1013304008832, "epsilon": 0.15958856236171018, "gamma": 0.06002041625378874, "lamda": 0.39854635815364475}, "datetime": {"datetime": "2021-09-23 23:04:46", "elapsed": 416.384092, "delta": 1.738377}}
{"target": 0.9174518316126675, "params": {"C": 912.9552560093089, "epsilon": 0.19548084182215403, "gamma": 0.024059630297491363, "lamda": 0.11840126080188733}, "datetime": {"datetime": "2021-09-23 23:04:48", "elapsed": 419.042954, "delta": 2.658862}}
{"target": 0.8983930478986513, "params": {"C": 940.0358053054404, "epsilon": 0.724843868544919, "gamma": 0.02235858599638965, "lamda": 0.14408365040758203}, "datetime": {"datetime": "2021-09-23 23:04:50", "elapsed": 420.603055, "delta": 1.560101}}
{"target": 0.9036795802031412, "params": {"C": 999.6138309204149, "epsilon": 0.8831072397725472, "gamma": 0.04337153483686626, "lamda": 0.18964014059689782}, "datetime": {"datetime": "2021-09-23 23:04:52", "elapsed": 422.183809, "delta": 1.580754}}
{"target": 0.913923824960782, "params": {"C": 910.6960029685049, "epsilon": 0.0869802272694457, "gamma": 0.022740001322436566, "lamda": 0.3077792744463963}, "datetime": {"datetime": "2021-09-23 23:04:54", "elapsed": 424.67463, "delta": 2.490821}}
{"target": 0.9237053381773951, "params": {"C": 884.4114818813599, "epsilon": 0.25615498325104313, "gamma": 0.05639909734884666, "lamda": 0.04567060786570109}, "datetime": {"datetime": "2021-09-23 23:04:57", "elapsed": 427.38544, "delta": 2.71081}}
{"target": 0.9210537900117723, "params": {"C": 898.4198070919218, "epsilon": 0.05029814976352704, "gamma": 0.02290473799058742, "lamda": 0.1379334768700708}, "datetime": {"datetime": "2021-09-23 23:05:00", "elapsed": 430.393078, "delta": 3.007638}}
{"target": 0.9171121625532532, "params": {"C": 904.178183831925, "epsilon": 0.05339784462233184, "gamma": 0.06734014929384993, "lamda": 0.351705040715957}, "datetime": {"datetime": "2021-09-23 23:05:02", "elapsed": 432.482658, "delta": 2.08958}}
{"target": 0.902458170645866, "params": {"C": 952.3866514264535, "epsilon": 0.7834335513028995, "gamma": 0.05493913105019002, "lamda": 0.22667180069673118}, "datetime": {"datetime": "2021-09-23 23:05:04", "elapsed": 434.295924, "delta": 1.813266}}
{"target": 0.8841160326286485, "params": {"C": 990.3240906806933, "epsilon": 0.17476168428108405, "gamma": 0.011157392021976886, "lamda": 0.2997158021010983}, "datetime": {"datetime": "2021-09-23 23:05:05", "elapsed": 436.000208, "delta": 1.704284}}
{"target": 0.8930024530777552, "params": {"C": 859.8712940680327, "epsilon": 0.6505484817007654, "gamma": 0.026287349512706185, "lamda": 0.2834987473726544}, "datetime": {"datetime": "2021-09-23 23:05:08", "elapsed": 438.167969, "delta": 2.167761}}
{"target": 0.9232309402161522, "params": {"C": 904.1194702457337, "epsilon": 0.06481750125879457, "gamma": 0.045372980848766356, "lamda": 0.3481491085804608}, "datetime": {"datetime": "2021-09-23 23:05:10", "elapsed": 440.773752, "delta": 2.605783}}
{"target": 0.9254326376741557, "params": {"C": 910.988642000307, "epsilon": 0.1166167789929363, "gamma": 0.04720307406174736, "lamda": 0.15212147020750102}, "datetime": {"datetime": "2021-09-23 23:05:12", "elapsed": 442.756367, "delta": 1.982615}}
{"target": 0.9076483037311004, "params": {"C": 922.6236017781155, "epsilon": 0.8440658892790366, "gamma": 0.05473934145101867, "lamda": 0.1527903129318457}, "datetime": {"datetime": "2021-09-23 23:05:14", "elapsed": 444.764462, "delta": 2.008095}}
{"target": 0.8965917489378872, "params": {"C": 904.1386408156067, "epsilon": 0.036154016590489106, "gamma": 0.01037425565277008, "lamda": 0.2540818423920267}, "datetime": {"datetime": "2021-09-23 23:05:17", "elapsed": 447.227536, "delta": 2.463074}}
{"target": 0.9097943932986384, "params": {"C": 881.6754211631769, "epsilon": 0.6603822751115254, "gamma": 0.0392572497899386, "lamda": 0.16250372686068973}, "datetime": {"datetime": "2021-09-23 23:05:19", "elapsed": 449.135694, "delta": 1.908158}}
{"target": 0.9242845641951272, "params": {"C": 870.2675813900564, "epsilon": 0.2814343193264004, "gamma": 0.02616288357462973, "lamda": 0.012060021138080905}, "datetime": {"datetime": "2021-09-23 23:05:21", "elapsed": 451.182835, "delta": 2.047141}}
{"target": 0.915666772492597, "params": {"C": 912.9861529064129, "epsilon": 0.11274586625003691, "gamma": 0.01818423135703267, "lamda": 0.04101758743782114}, "datetime": {"datetime": "2021-09-23 23:05:23", "elapsed": 453.526096, "delta": 2.343261}}
{"target": 0.9108195484276262, "params": {"C": 892.8527745923489, "epsilon": 0.583852217067559, "gamma": 0.050115847623680695, "lamda": 0.17948711130008912}, "datetime": {"datetime": "2021-09-23 23:05:25", "elapsed": 455.362821, "delta": 1.836725}}
{"target": 0.9251444631144845, "params": {"C": 884.5702143725507, "epsilon": 0.04655488434262317, "gamma": 0.05196148087866306, "lamda": 0.2609857629717108}, "datetime": {"datetime": "2021-09-23 23:05:27", "elapsed": 457.267823, "delta": 1.905002}}
{"target": 0.9289617948026009, "params": {"C": 965.6837555172764, "epsilon": 0.3035310043720004, "gamma": 0.03288701007762728, "lamda": 0.02745602729320512}, "datetime": {"datetime": "2021-09-23 23:05:30", "elapsed": 460.706609, "delta": 3.438786}}
{"target": 0.903485611768392, "params": {"C": 997.0577293330523, "epsilon": 0.47366072404852644, "gamma": 0.03255395462214459, "lamda": 0.28571787020879247}, "datetime": {"datetime": "2021-09-23 23:05:32", "elapsed": 462.556081, "delta": 1.849472}}
{"target": 0.9047958922247988, "params": {"C": 896.4647673863074, "epsilon": 0.589530441911254, "gamma": 0.02336424693851469, "lamda": 0.12176138367228462}, "datetime": {"datetime": "2021-09-23 23:05:34", "elapsed": 464.462488, "delta": 1.906407}}
{"target": 0.9230738426301023, "params": {"C": 884.3641858218017, "epsilon": 0.29121306098860866, "gamma": 0.02779923936355537, "lamda": 0.060374594558886635}, "datetime": {"datetime": "2021-09-23 23:05:37", "elapsed": 467.590453, "delta": 3.127965}}
{"target": 0.8922962027878493, "params": {"C": 940.8592445098996, "epsilon": 0.6931935352260036, "gamma": 0.022664626176245393, "lamda": 0.2218280859597452}, "datetime": {"datetime": "2021-09-23 23:05:39", "elapsed": 469.577781, "delta": 1.987328}}
{"target": 0.8965323671158967, "params": {"C": 952.4014227669413, "epsilon": 0.5044468083110161, "gamma": 0.016431565556320946, "lamda": 0.11935481571268808}, "datetime": {"datetime": "2021-09-23 23:05:41", "elapsed": 471.470907, "delta": 1.893126}}
{"target": 0.9093270631544228, "params": {"C": 915.5872206860513, "epsilon": 0.9389531817571337, "gamma": 0.04680043909277897, "lamda": 0.12644610981249163}, "datetime": {"datetime": "2021-09-23 23:05:43", "elapsed": 473.31916, "delta": 1.848253}}
{"target": 0.9220498636695813, "params": {"C": 965.6950966563173, "epsilon": 0.14840054653314083, "gamma": 0.059922698720514596, "lamda": 0.08339324665156224}, "datetime": {"datetime": "2021-09-23 23:05:46", "elapsed": 476.673158, "delta": 3.353998}}
{"target": 0.9219052363673068, "params": {"C": 855.2846135058652, "epsilon": 0.876130090741223, "gamma": 0.042078026376060555, "lamda": 0.03635583101016245}, "datetime": {"datetime": "2021-09-23 23:05:49", "elapsed": 479.815157, "delta": 3.141999}}
{"target": 0.8901172749896265, "params": {"C": 911.1516458398257, "epsilon": 0.18717116420499796, "gamma": 0.06508636100442401, "lamda": 0.002281262560040589}, "datetime": {"datetime": "2021-09-23 23:05:52", "elapsed": 482.601689, "delta": 2.786532}}
{"target": 0.868906802230051, "params": {"C": 856.9855406276131, "epsilon": 0.7644746480472299, "gamma": 0.017201185713739093, "lamda": 0.37966582299564844}, "datetime": {"datetime": "2021-09-23 23:05:54", "elapsed": 484.226684, "delta": 1.624995}}
{"target": 0.9279829707684939, "params": {"C": 853.5462899594538, "epsilon": 0.03840257694095921, "gamma": 0.043876946851977384, "lamda": 0.12442869152577384}, "datetime": {"datetime": "2021-09-23 23:05:56", "elapsed": 486.966386, "delta": 2.739702}}
{"target": 0.9083440402071384, "params": {"C": 895.2281907268804, "epsilon": 0.9743529651749532, "gamma": 0.06498682135430485, "lamda": 0.10479596368896968}, "datetime": {"datetime": "2021-09-23 23:05:58", "elapsed": 488.700045, "delta": 1.733659}}
{"target": 0.9227628470686778, "params": {"C": 853.2343320908606, "epsilon": 0.04839691888424835, "gamma": 0.05602360109681072, "lamda": 0.14927729607559986}, "datetime": {"datetime": "2021-09-23 23:06:01", "elapsed": 491.501283, "delta": 2.801238}}
{"target": 0.9063488095147595, "params": {"C": 898.5648998158606, "epsilon": 0.08503940296458418, "gamma": 0.013639810991695398, "lamda": 0.06175415398595866}, "datetime": {"datetime": "2021-09-23 23:06:03", "elapsed": 493.983833, "delta": 2.48255}}
{"target": 0.9136535638559515, "params": {"C": 853.5659458299057, "epsilon": 0.04512419976062493, "gamma": 0.057561123682890104, "lamda": 0.05934183192995092}, "datetime": {"datetime": "2021-09-23 23:06:07", "elapsed": 497.389634, "delta": 3.405801}}
{"target": 0.9288730964174302, "params": {"C": 891.4859463291963, "epsilon": 0.8280571824812709, "gamma": 0.041034969753782555, "lamda": 0.010096138168025012}, "datetime": {"datetime": "2021-09-23 23:06:09", "elapsed": 499.154789, "delta": 1.765155}}
{"target": 0.9083364044320998, "params": {"C": 911.0095433311532, "epsilon": 0.1816361969116239, "gamma": 0.05821607553652742, "lamda": 0.010843797951523685}, "datetime": {"datetime": "2021-09-23 23:06:11", "elapsed": 501.838874, "delta": 2.684085}}
{"target": 0.916424544386902, "params": {"C": 950.3373928950253, "epsilon": 0.25640731156381125, "gamma": 0.06921865952853345, "lamda": 0.1141998265817937}, "datetime": {"datetime": "2021-09-23 23:06:14", "elapsed": 504.154622, "delta": 2.315748}}
{"target": 0.9017079433997309, "params": {"C": 886.8078905310748, "epsilon": 0.7108294001421352, "gamma": 0.027461452269230822, "lamda": 0.170560507665015}, "datetime": {"datetime": "2021-09-23 23:06:16", "elapsed": 506.225298, "delta": 2.070676}}
{"target": 0.8909391325970478, "params": {"C": 866.6765880327403, "epsilon": 0.81795664420853, "gamma": 0.055097643738716215, "lamda": 0.3627801170554955}, "datetime": {"datetime": "2021-09-23 23:06:17", "elapsed": 507.939133, "delta": 1.713835}}
{"target": 0.9168237859337082, "params": {"C": 852.9846769634955, "epsilon": 0.09440366691181237, "gamma": 0.06749126425858783, "lamda": 0.25927467660691933}, "datetime": {"datetime": "2021-09-23 23:06:20", "elapsed": 510.687691, "delta": 2.748558}}
{"target": 0.9071006013111371, "params": {"C": 973.9830338528141, "epsilon": 0.7984774829327275, "gamma": 0.0263469419871475, "lamda": 0.09439382039070471}, "datetime": {"datetime": "2021-09-23 23:06:22", "elapsed": 512.565388, "delta": 1.877697}}
{"target": 0.8971979387973845, "params": {"C": 856.0524914052477, "epsilon": 0.25861780287889263, "gamma": 0.010739732002873054, "lamda": 0.04248080776245849}, "datetime": {"datetime": "2021-09-23 23:06:24", "elapsed": 515.081489, "delta": 2.516101}}
{"target": 0.888780097157545, "params": {"C": 891.6336848138824, "epsilon": 0.5667125977332578, "gamma": 0.019387129385400957, "lamda": 0.2476496770729437}, "datetime": {"datetime": "2021-09-23 23:06:26", "elapsed": 517.083927, "delta": 2.002438}}
{"target": 0.893854476172113, "params": {"C": 855.2597053923439, "epsilon": 0.970052710419554, "gamma": 0.013671049217071374, "lamda": 0.047741638553715826}, "datetime": {"datetime": "2021-09-23 23:06:29", "elapsed": 519.804801, "delta": 2.720874}}
{"target": 0.9242257630446089, "params": {"C": 912.9627920883141, "epsilon": 0.05450343380655459, "gamma": 0.054708257165074964, "lamda": 0.21136448605779978}, "datetime": {"datetime": "2021-09-23 23:06:31", "elapsed": 522.11741, "delta": 2.312609}}
{"target": 0.9270863110598979, "params": {"C": 898.6180892456721, "epsilon": 0.04815528233280708, "gamma": 0.048300973966098906, "lamda": 0.18294377587487978}, "datetime": {"datetime": "2021-09-23 23:06:35", "elapsed": 525.289888, "delta": 3.172478}}
{"target": 0.8976057302286338, "params": {"C": 868.9474142023777, "epsilon": 0.9145555811212792, "gamma": 0.06362935492667825, "lamda": 0.2284662350281005}, "datetime": {"datetime": "2021-09-23 23:06:36", "elapsed": 527.09354, "delta": 1.803652}}
{"target": 0.9187461550074068, "params": {"C": 965.6212214606255, "epsilon": 0.3034622111709826, "gamma": 0.06664158726232254, "lamda": 0.058710409994406916}, "datetime": {"datetime": "2021-09-23 23:06:40", "elapsed": 530.471724, "delta": 3.378184}}
{"target": 0.9020175999440945, "params": {"C": 971.4781815168601, "epsilon": 0.4575696534335564, "gamma": 0.04351182075732465, "lamda": 0.3886494294453821}, "datetime": {"datetime": "2021-09-23 23:06:42", "elapsed": 532.608482, "delta": 2.136758}}
{"target": 0.918511833056393, "params": {"C": 898.6209496914298, "epsilon": 0.14775549182006784, "gamma": 0.027169987918130918, "lamda": 0.17991939399425114}, "datetime": {"datetime": "2021-09-23 23:06:45", "elapsed": 535.675607, "delta": 3.067125}}
{"target": 0.8982686239769646, "params": {"C": 961.7759480520831, "epsilon": 0.859866934990085, "gamma": 0.05710251814804424, "lamda": 0.2526121976690217}, "datetime": {"datetime": "2021-09-23 23:06:47", "elapsed": 537.546847, "delta": 1.87124}}
{"target": 0.9162650760595961, "params": {"C": 912.9380735939053, "epsilon": 0.11964536131124925, "gamma": 0.07, "lamda": 0.09395491195331687}, "datetime": {"datetime": "2021-09-23 23:06:50", "elapsed": 540.654911, "delta": 3.108064}}
{"target": 0.8811710654555249, "params": {"C": 910.8554420284381, "epsilon": 0.2808379805507062, "gamma": 0.012207809335038497, "lamda": 0.2865774683827298}, "datetime": {"datetime": "2021-09-23 23:06:52", "elapsed": 542.749035, "delta": 2.094124}}
{"target": 0.9160142908360842, "params": {"C": 931.9856973800438, "epsilon": 0.03641568629750888, "gamma": 0.06689903657910932, "lamda": 0.2260672794354147}, "datetime": {"datetime": "2021-09-23 23:06:54", "elapsed": 544.715576, "delta": 1.966541}}
{"target": 0.9088256422591267, "params": {"C": 965.7441958843218, "epsilon": 0.37967891080015637, "gamma": 0.015302467544178883, "lamda": 0.008330639492622426}, "datetime": {"datetime": "2021-09-23 23:06:57", "elapsed": 547.769077, "delta": 3.053501}}
{"target": 0.9186483969894036, "params": {"C": 853.1481155593377, "epsilon": 0.03901301021994369, "gamma": 0.05789823695328961, "lamda": 0.11867391843574175}, "datetime": {"datetime": "2021-09-23 23:07:00", "elapsed": 550.670793, "delta": 2.901716}}
{"target": 0.9272290478522345, "params": {"C": 853.1638596996332, "epsilon": 0.05348532496440714, "gamma": 0.03413151240933951, "lamda": 0.22053496670855763}, "datetime": {"datetime": "2021-09-23 23:07:03", "elapsed": 553.416694, "delta": 2.745901}}
{"target": 0.925797459415256, "params": {"C": 898.6461979467841, "epsilon": 0.12314019501957446, "gamma": 0.0498100971234051, "lamda": 0.12043213737955515}, "datetime": {"datetime": "2021-09-23 23:07:07", "elapsed": 557.811271, "delta": 4.394577}}
{"target": 0.9202355024140254, "params": {"C": 853.0616556794112, "epsilon": 0.06505077658926262, "gamma": 0.022533262480700082, "lamda": 0.11200530058864566}, "datetime": {"datetime": "2021-09-23 23:07:10", "elapsed": 560.644538, "delta": 2.833267}}
{"target": 0.9184571963241518, "params": {"C": 853.1652059306127, "epsilon": 0.07449430711790767, "gamma": 0.06334970439185329, "lamda": 0.3086110773197182}, "datetime": {"datetime": "2021-09-23 23:07:13", "elapsed": 564.046825, "delta": 3.402287}}
{"target": 0.9199438538691482, "params": {"C": 853.1023076766498, "epsilon": 0.1467115882613988, "gamma": 0.05124539858475578, "lamda": 0.24369429803401083}, "datetime": {"datetime": "2021-09-23 23:07:15", "elapsed": 566.020923, "delta": 1.974098}}
