{"target": 0.9164651624780595, "params": {"C": 1117.4867577356981, "epsilon": 0.3279612277089443, "gamma": 0.08107324372669186, "lamda": 0.07236966689727342}, "datetime": {"datetime": "2021-09-23 11:47:45", "elapsed": 173.394542, "delta": 1.245997}}
{"target": 0.9141641278828044, "params": {"C": 1119.9147716262578, "epsilon": 0.20655601834720264, "gamma": 0.05, "lamda": 0.1256345382771527}, "datetime": {"datetime": "2021-09-23 11:47:47", "elapsed": 174.647563, "delta": 1.253021}}
{"target": 0.9159246046895925, "params": {"C": 1069.2006613382696, "epsilon": 0.3035238044205325, "gamma": 0.07492564117350407, "lamda": 0.11338552310363335}, "datetime": {"datetime": "2021-09-23 11:47:48", "elapsed": 175.683563, "delta": 1.036}}
{"target": 0.91199694120168, "params": {"C": 1163.6625283046278, "epsilon": 0.18694282378144678, "gamma": 0.09937823935940569, "lamda": 0.15158595129277835}, "datetime": {"datetime": "2021-09-23 11:47:49", "elapsed": 176.739619, "delta": 1.056056}}
{"target": 0.9140971627904508, "params": {"C": 1047.2991977888776, "epsilon": 0.24398641002442964, "gamma": 0.09016281470147507, "lamda": 0.08017176433516017}, "datetime": {"datetime": "2021-09-23 11:47:50", "elapsed": 177.677617, "delta": 0.937998}}
{"target": 0.9143340813338343, "params": {"C": 1134.956260898893, "epsilon": 0.2893327476059837, "gamma": 0.08398244030488292, "lamda": 0.13587608301693904}, "datetime": {"datetime": "2021-09-23 11:47:50", "elapsed": 178.629192, "delta": 0.951575}}
{"target": 0.9117347485607072, "params": {"C": 1176.0267064397865, "epsilon": 0.32589554308315727, "gamma": 0.09918696218700247, "lamda": 0.11248535995442896}, "datetime": {"datetime": "2021-09-23 11:47:51", "elapsed": 179.558192, "delta": 0.929}}
{"target": 0.9172297656375457, "params": {"C": 1183.5917324600707, "epsilon": 0.1643351908384144, "gamma": 0.0610927943930701, "lamda": 0.062330313001454835}, "datetime": {"datetime": "2021-09-23 11:47:53", "elapsed": 180.86419, "delta": 1.305998}}
{"target": 0.9184217351958589, "params": {"C": 1183.5262922493716, "epsilon": 0.17279018067666074, "gamma": 0.0631014056962617, "lamda": 0.10571660174821083}, "datetime": {"datetime": "2021-09-23 11:47:54", "elapsed": 181.925187, "delta": 1.060997}}
{"target": 0.9125696084754514, "params": {"C": 996.9825206083749, "epsilon": 0.20773943706178247, "gamma": 0.09235326427555511, "lamda": 0.07741259129929047}, "datetime": {"datetime": "2021-09-23 11:47:55", "elapsed": 182.948852, "delta": 1.023665}}
{"target": 0.917506027710081, "params": {"C": 1117.5579007030333, "epsilon": 0.26110114131952084, "gamma": 0.05359556149940465, "lamda": 0.06178324247789391}, "datetime": {"datetime": "2021-09-23 11:47:56", "elapsed": 184.220953, "delta": 1.272101}}
{"target": 0.9157730862432899, "params": {"C": 1167.9339130177277, "epsilon": 0.21172698679300372, "gamma": 0.06663958710325364, "lamda": 0.04554122835009901}, "datetime": {"datetime": "2021-09-23 11:47:57", "elapsed": 185.218705, "delta": 0.997752}}
{"target": 0.9170906459467939, "params": {"C": 1117.5812645784815, "epsilon": 0.29855493345284295, "gamma": 0.07715852217221017, "lamda": 0.0639092932067187}, "datetime": {"datetime": "2021-09-23 11:47:58", "elapsed": 186.424654, "delta": 1.205949}}
{"target": 0.9097367069925519, "params": {"C": 1109.370297135381, "epsilon": 0.12688271458988218, "gamma": 0.09683550430741569, "lamda": 0.10536453418506354}, "datetime": {"datetime": "2021-09-23 11:48:00", "elapsed": 187.639776, "delta": 1.215122}}
{"target": 0.9120435845941731, "params": {"C": 1075.2535865518264, "epsilon": 0.0932865329598403, "gamma": 0.07293716563311187, "lamda": 0.08434403669124785}, "datetime": {"datetime": "2021-09-23 11:48:01", "elapsed": 188.695953, "delta": 1.056177}}
{"target": 0.9177289300964415, "params": {"C": 1093.5035386102702, "epsilon": 0.12007142902823571, "gamma": 0.05224493067433444, "lamda": 0.11544820201063154}, "datetime": {"datetime": "2021-09-23 11:48:02", "elapsed": 189.694547, "delta": 0.998594}}
{"target": 0.9116578171951331, "params": {"C": 1183.5458699853652, "epsilon": 0.13325582263101954, "gamma": 0.08751327386396685, "lamda": 0.08668906867404318}, "datetime": {"datetime": "2021-09-23 11:48:03", "elapsed": 191.310132, "delta": 1.615585}}
{"target": 0.9183451022988481, "params": {"C": 1182.851696863347, "epsilon": 0.221287797595333, "gamma": 0.06644382753065262, "lamda": 0.08219190795911177}, "datetime": {"datetime": "2021-09-23 11:48:04", "elapsed": 192.309915, "delta": 0.999783}}
{"target": 0.9179957987155772, "params": {"C": 1119.8708520198484, "epsilon": 0.13981084455807222, "gamma": 0.05434424441336941, "lamda": 0.10413761814284926}, "datetime": {"datetime": "2021-09-23 11:48:05", "elapsed": 193.618094, "delta": 1.308179}}
{"target": 0.9117485593471458, "params": {"C": 1183.5451411317163, "epsilon": 0.19955610364777107, "gamma": 0.09493613407939294, "lamda": 0.08078063158043945}, "datetime": {"datetime": "2021-09-23 11:48:07", "elapsed": 194.972329, "delta": 1.354235}}
{"target": 0.9170656494346049, "params": {"C": 1119.9359178196946, "epsilon": 0.24686639670367716, "gamma": 0.05005854548941474, "lamda": 0.051458173487408554}, "datetime": {"datetime": "2021-09-23 11:48:08", "elapsed": 196.627231, "delta": 1.654902}}
{"target": 0.9178164917936488, "params": {"C": 1183.4913017295085, "epsilon": 0.1688400494197699, "gamma": 0.06918793332923116, "lamda": 0.13993551026513978}, "datetime": {"datetime": "2021-09-23 11:48:10", "elapsed": 198.098595, "delta": 1.471364}}
{"target": 0.9154834437335326, "params": {"C": 1079.5666852450045, "epsilon": 0.33666747046023887, "gamma": 0.06767492892137135, "lamda": 0.10963084086163899}, "datetime": {"datetime": "2021-09-23 11:48:11", "elapsed": 199.299821, "delta": 1.201226}}
{"target": 0.9181182246900779, "params": {"C": 1178.2536244906798, "epsilon": 0.2327717761671132, "gamma": 0.0694922152991576, "lamda": 0.08576133355707106}, "datetime": {"datetime": "2021-09-23 11:48:13", "elapsed": 200.706183, "delta": 1.406362}}
{"target": 0.9164249039782487, "params": {"C": 1182.8347741544271, "epsilon": 0.2536396558597419, "gamma": 0.07779020142703813, "lamda": 0.06172017156203671}, "datetime": {"datetime": "2021-09-23 11:48:14", "elapsed": 202.184431, "delta": 1.478248}}
{"target": 0.916846832912298, "params": {"C": 1085.9637218741302, "epsilon": 0.318501796483619, "gamma": 0.05, "lamda": 0.045}, "datetime": {"datetime": "2021-09-23 11:48:16", "elapsed": 203.674998, "delta": 1.490567}}
{"target": 0.9165816364678837, "params": {"C": 1198.7705417452482, "epsilon": 0.307770066234448, "gamma": 0.06108225335942282, "lamda": 0.09105598064146402}, "datetime": {"datetime": "2021-09-23 11:48:17", "elapsed": 204.928957, "delta": 1.253959}}
{"target": 0.9166256297417461, "params": {"C": 1183.5000423913086, "epsilon": 0.21870717090472708, "gamma": 0.061577581120672666, "lamda": 0.12820499728065593}, "datetime": {"datetime": "2021-09-23 11:48:18", "elapsed": 206.377958, "delta": 1.449001}}
{"target": 0.9167384606657936, "params": {"C": 1175.3828746179188, "epsilon": 0.16440075996148537, "gamma": 0.05813642873948633, "lamda": 0.05554912185452007}, "datetime": {"datetime": "2021-09-23 11:48:20", "elapsed": 207.632957, "delta": 1.254999}}
{"target": 0.9178407989418575, "params": {"C": 1122.6948548716741, "epsilon": 0.1527808145855143, "gamma": 0.06298845158206043, "lamda": 0.1486974076600721}, "datetime": {"datetime": "2021-09-23 11:48:21", "elapsed": 209.165965, "delta": 1.533008}}
{"target": 0.9114275072335668, "params": {"C": 1111.494797760869, "epsilon": 0.23719743037978386, "gamma": 0.08675015356089774, "lamda": 0.04749047738890519}, "datetime": {"datetime": "2021-09-23 11:48:22", "elapsed": 210.312958, "delta": 1.146993}}
{"target": 0.9121766616291765, "params": {"C": 1014.5501157306605, "epsilon": 0.3140175830461973, "gamma": 0.055417916119280014, "lamda": 0.13248833901520846}, "datetime": {"datetime": "2021-09-23 11:48:23", "elapsed": 211.573958, "delta": 1.261}}
{"target": 0.9181290466020493, "params": {"C": 1181.7687377499494, "epsilon": 0.32447946250975745, "gamma": 0.05863309461761789, "lamda": 0.04614428213416717}, "datetime": {"datetime": "2021-09-23 11:48:25", "elapsed": 212.82896, "delta": 1.255002}}
{"target": 0.9158466340796525, "params": {"C": 1178.2163990332917, "epsilon": 0.2061437099039207, "gamma": 0.08361362527269861, "lamda": 0.13451448483149053}, "datetime": {"datetime": "2021-09-23 11:48:27", "elapsed": 214.761959, "delta": 1.932999}}
{"target": 0.9176228686090679, "params": {"C": 1182.8140345723841, "epsilon": 0.18148140384114206, "gamma": 0.05617305389506251, "lamda": 0.10592188604481345}, "datetime": {"datetime": "2021-09-23 11:48:28", "elapsed": 216.462957, "delta": 1.700998}}
{"target": 0.9168954727889626, "params": {"C": 1183.594757547904, "epsilon": 0.17321635821733816, "gamma": 0.06701503090621469, "lamda": 0.16562625356089367}, "datetime": {"datetime": "2021-09-23 11:48:30", "elapsed": 217.959964, "delta": 1.497007}}
{"target": 0.9177727417816158, "params": {"C": 1173.3334650690522, "epsilon": 0.30370182030260706, "gamma": 0.05514624888143732, "lamda": 0.051386866901681136}, "datetime": {"datetime": "2021-09-23 11:48:31", "elapsed": 219.250019, "delta": 1.290055}}
{"target": 0.914908919482523, "params": {"C": 1062.6375696792102, "epsilon": 0.07359974948212172, "gamma": 0.07559587740806914, "lamda": 0.14486288295457617}, "datetime": {"datetime": "2021-09-23 11:48:32", "elapsed": 220.441552, "delta": 1.191533}}
{"target": 0.9165466108640035, "params": {"C": 1135.4661065576006, "epsilon": 0.2099546946718988, "gamma": 0.08086332632632855, "lamda": 0.0952144173146832}, "datetime": {"datetime": "2021-09-23 11:48:34", "elapsed": 221.73255, "delta": 1.290998}}
{"target": 0.9178200742019755, "params": {"C": 1182.8493785502571, "epsilon": 0.19649270374680397, "gamma": 0.06668608362853826, "lamda": 0.12084386874367822}, "datetime": {"datetime": "2021-09-23 11:48:35", "elapsed": 223.474076, "delta": 1.741526}}
{"target": 0.9168272271385882, "params": {"C": 1183.6258174025486, "epsilon": 0.17516592432775427, "gamma": 0.07917065127963008, "lamda": 0.10752920044595689}, "datetime": {"datetime": "2021-09-23 11:48:37", "elapsed": 225.058077, "delta": 1.584001}}
{"target": 0.9156117255302114, "params": {"C": 1183.5410683333546, "epsilon": 0.15414742591659436, "gamma": 0.08560382473217637, "lamda": 0.15716760557935552}, "datetime": {"datetime": "2021-09-23 11:48:39", "elapsed": 226.781075, "delta": 1.722998}}
{"target": 0.9171179278728827, "params": {"C": 1005.3583865770751, "epsilon": 0.20551502394903123, "gamma": 0.07743852834984408, "lamda": 0.11484976903178987}, "datetime": {"datetime": "2021-09-23 11:48:40", "elapsed": 228.477074, "delta": 1.695999}}
{"target": 0.9151455166652636, "params": {"C": 1171.6032875166638, "epsilon": 0.20411997824420738, "gamma": 0.0684037605849259, "lamda": 0.046045073693533764}, "datetime": {"datetime": "2021-09-23 11:48:42", "elapsed": 229.776081, "delta": 1.299007}}
{"target": 0.9135824812757141, "params": {"C": 1101.268219516428, "epsilon": 0.08052521140317404, "gamma": 0.06391140958186178, "lamda": 0.08350664427643999}, "datetime": {"datetime": "2021-09-23 11:48:43", "elapsed": 231.568075, "delta": 1.791994}}
{"target": 0.9107956746219705, "params": {"C": 1150.490236003705, "epsilon": 0.11981848222659233, "gamma": 0.09374910387854421, "lamda": 0.11022462009666137}, "datetime": {"datetime": "2021-09-23 11:48:45", "elapsed": 233.031628, "delta": 1.463553}}
{"target": 0.9139774151126888, "params": {"C": 1098.805788367026, "epsilon": 0.19277670942271397, "gamma": 0.09222790741408875, "lamda": 0.1401556748598696}, "datetime": {"datetime": "2021-09-23 11:48:46", "elapsed": 234.224623, "delta": 1.192995}}
{"target": 0.917802966130586, "params": {"C": 1096.6300485020884, "epsilon": 0.3388158201425788, "gamma": 0.07008641920674268, "lamda": 0.06652619048736733}, "datetime": {"datetime": "2021-09-23 11:48:47", "elapsed": 235.546623, "delta": 1.322}}
{"target": 0.9164948329773468, "params": {"C": 991.7443550150508, "epsilon": 0.2418447499055251, "gamma": 0.05, "lamda": 0.045}, "datetime": {"datetime": "2021-09-23 11:48:49", "elapsed": 237.578624, "delta": 2.032001}}
{"target": 0.9161565907257558, "params": {"C": 1012.5576651080175, "epsilon": 0.13903066489246926, "gamma": 0.05, "lamda": 0.13533860438973996}, "datetime": {"datetime": "2021-09-23 11:48:51", "elapsed": 239.208625, "delta": 1.630001}}
{"target": 0.9181312702432379, "params": {"C": 1124.7955364904724, "epsilon": 0.1508464392054787, "gamma": 0.0627257814082922, "lamda": 0.08383053462354267}, "datetime": {"datetime": "2021-09-23 11:48:53", "elapsed": 240.913624, "delta": 1.704999}}
{"target": 0.9167690697809792, "params": {"C": 1181.7731251580399, "epsilon": 0.31696917401822705, "gamma": 0.0680619488581763, "lamda": 0.09432996671440035}, "datetime": {"datetime": "2021-09-23 11:48:54", "elapsed": 242.459624, "delta": 1.546}}
{"target": 0.9168003904683796, "params": {"C": 1012.7426003499066, "epsilon": 0.1727184222242124, "gamma": 0.07984072148275445, "lamda": 0.13176782465950304}, "datetime": {"datetime": "2021-09-23 11:48:56", "elapsed": 243.647623, "delta": 1.187999}}
{"target": 0.9160892539824212, "params": {"C": 1057.1393197330333, "epsilon": 0.22823079490973522, "gamma": 0.06928590549830665, "lamda": 0.1473442712283945}, "datetime": {"datetime": "2021-09-23 11:48:57", "elapsed": 244.867659, "delta": 1.220036}}
{"target": 0.9164418110658044, "params": {"C": 1124.7233633869648, "epsilon": 0.1381047749448237, "gamma": 0.06106186462525265, "lamda": 0.06538625587895312}, "datetime": {"datetime": "2021-09-23 11:48:58", "elapsed": 246.424626, "delta": 1.556967}}
{"target": 0.9169842643755541, "params": {"C": 1124.7910179386095, "epsilon": 0.14596360677106843, "gamma": 0.07833857318721937, "lamda": 0.12665592744304122}, "datetime": {"datetime": "2021-09-23 11:49:00", "elapsed": 248.329282, "delta": 1.904656}}
{"target": 0.9126934262473417, "params": {"C": 1120.5425526321255, "epsilon": 0.250670553598364, "gamma": 0.0954499498509773, "lamda": 0.1440189423794665}, "datetime": {"datetime": "2021-09-23 11:49:01", "elapsed": 249.540685, "delta": 1.211403}}
{"target": 0.9150911892668913, "params": {"C": 1044.9165775269942, "epsilon": 0.17371403838911892, "gamma": 0.05100016214494906, "lamda": 0.1377800549428541}, "datetime": {"datetime": "2021-09-23 11:49:03", "elapsed": 251.290539, "delta": 1.749854}}
{"target": 0.9166766418795957, "params": {"C": 1183.605221612345, "epsilon": 0.1402709725796198, "gamma": 0.05, "lamda": 0.12007392287158893}, "datetime": {"datetime": "2021-09-23 11:49:05", "elapsed": 252.870836, "delta": 1.580297}}
{"target": 0.9182721985729477, "params": {"C": 1060.9288263346891, "epsilon": 0.12193697850033626, "gamma": 0.06567979997774094, "lamda": 0.11470875211564603}, "datetime": {"datetime": "2021-09-23 11:49:06", "elapsed": 254.167841, "delta": 1.297005}}
{"target": 0.9114456944053422, "params": {"C": 1030.0073438641166, "epsilon": 0.2480239614953337, "gamma": 0.09671552703043951, "lamda": 0.06918503209129201}, "datetime": {"datetime": "2021-09-23 11:49:07", "elapsed": 255.509968, "delta": 1.342127}}
{"target": 0.9120491223750293, "params": {"C": 1094.7896640187762, "epsilon": 0.3019619921003153, "gamma": 0.09440590849962822, "lamda": 0.05602602705151208}, "datetime": {"datetime": "2021-09-23 11:49:09", "elapsed": 256.83976, "delta": 1.329792}}
{"target": 0.8993650471156123, "params": {"C": 1124.776390328865, "epsilon": 0.13288840175922206, "gamma": 0.09542026000818686, "lamda": 0.04776302013216803}, "datetime": {"datetime": "2021-09-23 11:49:10", "elapsed": 258.586727, "delta": 1.746967}}
{"target": 0.9137033831017949, "params": {"C": 1191.9134033925543, "epsilon": 0.11366051165027732, "gamma": 0.08818561391878751, "lamda": 0.1344599932970943}, "datetime": {"datetime": "2021-09-23 11:49:12", "elapsed": 259.9309, "delta": 1.344173}}
{"target": 0.9183611464153181, "params": {"C": 1136.6095755068584, "epsilon": 0.16895385512199862, "gamma": 0.06621626226271977, "lamda": 0.11295086800523657}, "datetime": {"datetime": "2021-09-23 11:49:13", "elapsed": 261.258323, "delta": 1.327423}}
{"target": 0.9171397144534567, "params": {"C": 1178.2365833622825, "epsilon": 0.1992347049204024, "gamma": 0.05, "lamda": 0.06442292052604592}, "datetime": {"datetime": "2021-09-23 11:49:15", "elapsed": 263.302389, "delta": 2.044066}}
{"target": 0.9172582346680085, "params": {"C": 1182.8592037359729, "epsilon": 0.18535283565839045, "gamma": 0.07330740820777487, "lamda": 0.07910832957196222}, "datetime": {"datetime": "2021-09-23 11:49:17", "elapsed": 264.948932, "delta": 1.646543}}
{"target": 0.9175432740909027, "params": {"C": 1101.2463424305429, "epsilon": 0.07, "gamma": 0.05, "lamda": 0.16682985016921376}, "datetime": {"datetime": "2021-09-23 11:49:19", "elapsed": 267.273836, "delta": 2.324904}}
{"target": 0.9134485787476623, "params": {"C": 1136.5780602308696, "epsilon": 0.1581603749173881, "gamma": 0.0929109360819254, "lamda": 0.12712308593546293}, "datetime": {"datetime": "2021-09-23 11:49:21", "elapsed": 268.768419, "delta": 1.494583}}
{"target": 0.9168063579173337, "params": {"C": 1136.652534528137, "epsilon": 0.19584941289155214, "gamma": 0.07791848262639205, "lamda": 0.08685995026910658}, "datetime": {"datetime": "2021-09-23 11:49:23", "elapsed": 270.724093, "delta": 1.955674}}
{"target": 0.9162941537090161, "params": {"C": 1117.509748063159, "epsilon": 0.28668805371357153, "gamma": 0.07852884897321256, "lamda": 0.05589568340782547}, "datetime": {"datetime": "2021-09-23 11:49:24", "elapsed": 272.336026, "delta": 1.611933}}
{"target": 0.9179948179832339, "params": {"C": 1032.2075964166715, "epsilon": 0.15476592951255752, "gamma": 0.05444274134649442, "lamda": 0.08302048080347103}, "datetime": {"datetime": "2021-09-23 11:49:26", "elapsed": 273.656744, "delta": 1.320718}}
{"target": 0.9174473261905219, "params": {"C": 1060.9451552097482, "epsilon": 0.14268160367113358, "gamma": 0.05720675205565844, "lamda": 0.14774313909727332}, "datetime": {"datetime": "2021-09-23 11:49:27", "elapsed": 275.462049, "delta": 1.805305}}
{"target": 0.9170900188699705, "params": {"C": 1035.88157653382, "epsilon": 0.28998666375902193, "gamma": 0.07057475939248535, "lamda": 0.0969438097091884}, "datetime": {"datetime": "2021-09-23 11:49:29", "elapsed": 276.934989, "delta": 1.47294}}
{"target": 0.9120815310817166, "params": {"C": 1012.5173104181011, "epsilon": 0.14774285967397965, "gamma": 0.09195173980708875, "lamda": 0.09752383657270239}, "datetime": {"datetime": "2021-09-23 11:49:31", "elapsed": 279.012537, "delta": 2.077548}}
{"target": 0.9129171163036056, "params": {"C": 1064.870734799732, "epsilon": 0.28153234039589137, "gamma": 0.08792445502373514, "lamda": 0.1606400965935979}, "datetime": {"datetime": "2021-09-23 11:49:32", "elapsed": 280.493147, "delta": 1.48061}}
{"target": 0.9180837076118198, "params": {"C": 1136.6518201780975, "epsilon": 0.14480612900367623, "gamma": 0.05842727871492015, "lamda": 0.08169162535739727}, "datetime": {"datetime": "2021-09-23 11:49:35", "elapsed": 283.520839, "delta": 1.694016}}
{"target": 0.9163734179295511, "params": {"C": 1060.9550575981477, "epsilon": 0.11985650831586381, "gamma": 0.058740635146619105, "lamda": 0.06933132385026085}, "datetime": {"datetime": "2021-09-23 11:49:38", "elapsed": 286.087372, "delta": 2.566533}}
{"target": 0.9138651958111074, "params": {"C": 986.6383354332014, "epsilon": 0.14282298541991145, "gamma": 0.0901705988272044, "lamda": 0.12588103561780278}, "datetime": {"datetime": "2021-09-23 11:49:40", "elapsed": 287.639235, "delta": 1.551863}}
{"target": 0.9145606565822347, "params": {"C": 1000.5088575402981, "epsilon": 0.19762689886096627, "gamma": 0.08908652098256653, "lamda": 0.10366917377904712}, "datetime": {"datetime": "2021-09-23 11:49:41", "elapsed": 288.937258, "delta": 1.298023}}
{"target": 0.9160649058043147, "params": {"C": 1070.2843997360437, "epsilon": 0.15697802932180063, "gamma": 0.08194601307802984, "lamda": 0.1147602549758816}, "datetime": {"datetime": "2021-09-23 11:49:42", "elapsed": 290.390903, "delta": 1.453645}}
{"target": 0.9149657760948336, "params": {"C": 1136.635946399463, "epsilon": 0.14708156330985206, "gamma": 0.08576789718202135, "lamda": 0.11773877590458695}, "datetime": {"datetime": "2021-09-23 11:49:44", "elapsed": 292.096376, "delta": 1.705473}}
{"target": 0.9159287114625341, "params": {"C": 1136.6019822617022, "epsilon": 0.1980567323705884, "gamma": 0.05398925038685732, "lamda": 0.12365898872706069}, "datetime": {"datetime": "2021-09-23 11:49:46", "elapsed": 294.340006, "delta": 2.24363}}
{"target": 0.9176550270596808, "params": {"C": 1136.5900447699082, "epsilon": 0.13009330186807835, "gamma": 0.05207831594711727, "lamda": 0.08887519013138638}, "datetime": {"datetime": "2021-09-23 11:49:48", "elapsed": 296.178264, "delta": 1.838258}}
{"target": 0.9113672135780837, "params": {"C": 1007.6995314963316, "epsilon": 0.15966298031580464, "gamma": 0.09756167612076304, "lamda": 0.10905662767998833}, "datetime": {"datetime": "2021-09-23 11:49:49", "elapsed": 297.609748, "delta": 1.431484}}
{"target": 0.9174287272861855, "params": {"C": 1071.7678845593011, "epsilon": 0.165433396494148, "gamma": 0.07515786463105416, "lamda": 0.1042459512261583}, "datetime": {"datetime": "2021-09-23 11:49:51", "elapsed": 298.948657, "delta": 1.338909}}
{"target": 0.9148877572760079, "params": {"C": 1124.8301867213354, "epsilon": 0.1884849883007822, "gamma": 0.050211302748194825, "lamda": 0.12569463294746652}, "datetime": {"datetime": "2021-09-23 11:49:53", "elapsed": 300.916105, "delta": 1.967448}}
{"target": 0.9149377564686673, "params": {"C": 1062.6369646857463, "epsilon": 0.26786962557184213, "gamma": 0.08273083038078036, "lamda": 0.13456255638717451}, "datetime": {"datetime": "2021-09-23 11:49:54", "elapsed": 302.348329, "delta": 1.432224}}
