{"target": -2.049253950993174, "params": {"C": 271.90084295460565, "epsilon": 0.7891679100257949, "gamma": 0.020607209970478647, "lamda": 0.020460133023790225}, "datetime": {"datetime": "2021-09-23 13:36:37", "elapsed": 8.757794, "delta": 1.039152}}
{"target": -2.0068029075428573, "params": {"C": 182.88806699918013, "epsilon": 0.4, "gamma": 0.04139201245748099, "lamda": 0.12260523804308171}, "datetime": {"datetime": "2021-09-23 13:36:41", "elapsed": 12.445193, "delta": 3.687399}}
{"target": -2.1779846418144104, "params": {"C": 184.13916862247868, "epsilon": 0.6894412930209918, "gamma": 0.04745679260713815, "lamda": 0.22417577600464644}, "datetime": {"datetime": "2021-09-23 13:36:43", "elapsed": 14.923555, "delta": 2.478362}}
{"target": -2.106125697933828, "params": {"C": 182.06187189336265, "epsilon": 0.8, "gamma": 0.02, "lamda": 0.015}, "datetime": {"datetime": "2021-09-23 13:36:48", "elapsed": 19.429218, "delta": 4.505663}}
{"target": -1.9655223600204976, "params": {"C": 274.7030343551595, "epsilon": 0.7658266917119838, "gamma": 0.055076988290885504, "lamda": 0.028180993334655763}, "datetime": {"datetime": "2021-09-23 13:36:58", "elapsed": 29.275157, "delta": 9.845939}}
{"target": -2.108593482148971, "params": {"C": 275.60888568224766, "epsilon": 0.7019535494276714, "gamma": 0.058701691626971225, "lamda": 0.13111686348978616}, "datetime": {"datetime": "2021-09-23 13:37:05", "elapsed": 36.276861, "delta": 7.001704}}
{"target": -1.9818481762541063, "params": {"C": 273.9735139265614, "epsilon": 0.7710920698898763, "gamma": 0.04986676723691165, "lamda": 0.044606939391438685}, "datetime": {"datetime": "2021-09-23 13:37:07", "elapsed": 38.767186, "delta": 2.490325}}
{"target": -2.030681744456196, "params": {"C": 221.9219410655141, "epsilon": 0.7261670271906605, "gamma": 0.05356983268442518, "lamda": 0.07897207627260121}, "datetime": {"datetime": "2021-09-23 13:37:08", "elapsed": 39.639186, "delta": 0.872}}
{"target": -1.9989906495473848, "params": {"C": 223.28128788849014, "epsilon": 0.5192496810799616, "gamma": 0.03019755940921032, "lamda": 0.06110733751606566}, "datetime": {"datetime": "2021-09-23 13:37:09", "elapsed": 40.664187, "delta": 1.025001}}
{"target": -2.1690807993524026, "params": {"C": 224.56021177030362, "epsilon": 0.7742814479144084, "gamma": 0.043961051227209114, "lamda": 0.19407319445446686}, "datetime": {"datetime": "2021-09-23 13:37:10", "elapsed": 41.429012, "delta": 0.764825}}
{"target": -2.1057582145434903, "params": {"C": 220.49287701452332, "epsilon": 0.41741097171406116, "gamma": 0.058018919357488055, "lamda": 0.21360773504514408}, "datetime": {"datetime": "2021-09-23 13:37:11", "elapsed": 42.13501, "delta": 0.705998}}
{"target": -2.206015866543833, "params": {"C": 274.24957669459803, "epsilon": 0.41121937304581135, "gamma": 0.024695171862336683, "lamda": 0.2600680458828708}, "datetime": {"datetime": "2021-09-23 13:37:11", "elapsed": 42.774787, "delta": 0.639777}}
{"target": -2.1908374202452765, "params": {"C": 213.47793949586477, "epsilon": 0.5868146709114604, "gamma": 0.025802915816195322, "lamda": 0.18235450651791685}, "datetime": {"datetime": "2021-09-23 13:37:12", "elapsed": 43.424796, "delta": 0.650009}}
{"target": -2.1589638835047804, "params": {"C": 255.28196600040337, "epsilon": 0.73421367296569, "gamma": 0.04000715617657996, "lamda": 0.1860662306082495}, "datetime": {"datetime": "2021-09-23 13:37:12", "elapsed": 43.965796, "delta": 0.541}}
{"target": -2.0229545753484466, "params": {"C": 256.8059727375453, "epsilon": 0.5055609106897339, "gamma": 0.026238967646525592, "lamda": 0.060611651915973175}, "datetime": {"datetime": "2021-09-23 13:37:13", "elapsed": 44.757897, "delta": 0.792101}}
{"target": -1.9984816759063686, "params": {"C": 187.6565056139277, "epsilon": 0.5545626898744194, "gamma": 0.05951792556042276, "lamda": 0.07703146820318249}, "datetime": {"datetime": "2021-09-23 13:37:14", "elapsed": 45.45024, "delta": 0.692343}}
{"target": -2.021995112306725, "params": {"C": 236.32937806396328, "epsilon": 0.786920798039187, "gamma": 0.037884000098412265, "lamda": 0.06053161675356495}, "datetime": {"datetime": "2021-09-23 13:37:15", "elapsed": 46.462876, "delta": 1.012636}}
{"target": -1.989059584837884, "params": {"C": 243.76299199885997, "epsilon": 0.4787141908138371, "gamma": 0.05777753866664671, "lamda": 0.07152920478253619}, "datetime": {"datetime": "2021-09-23 13:37:16", "elapsed": 47.268301, "delta": 0.805425}}
{"target": -2.0890660463126047, "params": {"C": 217.2637344088387, "epsilon": 0.5341348767477049, "gamma": 0.059872436953191666, "lamda": 0.14262849884791}, "datetime": {"datetime": "2021-09-23 13:37:16", "elapsed": 47.904172, "delta": 0.635871}}
{"target": -2.202375613417001, "params": {"C": 190.87883204415147, "epsilon": 0.5048918108070228, "gamma": 0.022544678176808063, "lamda": 0.18230399486298732}, "datetime": {"datetime": "2021-09-23 13:37:17", "elapsed": 48.554824, "delta": 0.650652}}
{"target": -2.2239989969797747, "params": {"C": 260.1618870643024, "epsilon": 0.7775856780855255, "gamma": 0.05591562279800079, "lamda": 0.228658729998722}, "datetime": {"datetime": "2021-09-23 13:37:18", "elapsed": 49.41163, "delta": 0.856806}}
{"target": -2.094870958885862, "params": {"C": 265.16538112219496, "epsilon": 0.4832670513316461, "gamma": 0.04560010074051424, "lamda": 0.2012917572996164}, "datetime": {"datetime": "2021-09-23 13:37:19", "elapsed": 50.169627, "delta": 0.757997}}
{"target": -2.1680612670964323, "params": {"C": 251.05031439876953, "epsilon": 0.7112684503763673, "gamma": 0.05347042921434829, "lamda": 0.1959279820151571}, "datetime": {"datetime": "2021-09-23 13:37:19", "elapsed": 50.905647, "delta": 0.73602}}
{"target": -2.0827799381667584, "params": {"C": 214.3504234495866, "epsilon": 0.590395834484348, "gamma": 0.02023738572283419, "lamda": 0.018508379478058112}, "datetime": {"datetime": "2021-09-23 13:37:20", "elapsed": 51.670631, "delta": 0.764984}}
{"target": -2.2662626062276603, "params": {"C": 186.25744734400106, "epsilon": 0.6477456008917013, "gamma": 0.020236442496343925, "lamda": 0.18044082883269696}, "datetime": {"datetime": "2021-09-23 13:37:21", "elapsed": 52.456756, "delta": 0.786125}}
{"target": -1.949546233628632, "params": {"C": 199.4707231991609, "epsilon": 0.4917849249099271, "gamma": 0.033848317752345314, "lamda": 0.020655341508673628}, "datetime": {"datetime": "2021-09-23 13:37:22", "elapsed": 53.387022, "delta": 0.930266}}
{"target": -2.0393128088872827, "params": {"C": 261.3731825453119, "epsilon": 0.6604936721665738, "gamma": 0.05244719291261124, "lamda": 0.08727370387825743}, "datetime": {"datetime": "2021-09-23 13:37:23", "elapsed": 54.174021, "delta": 0.786999}}
{"target": -2.2726307845713722, "params": {"C": 226.91101555387374, "epsilon": 0.7353791261092518, "gamma": 0.03305345900252652, "lamda": 0.2897842634240568}, "datetime": {"datetime": "2021-09-23 13:37:23", "elapsed": 54.766648, "delta": 0.592627}}
{"target": -2.2571878178563187, "params": {"C": 182.33544525718614, "epsilon": 0.6679630424846665, "gamma": 0.03213713412884984, "lamda": 0.29079730754301547}, "datetime": {"datetime": "2021-09-23 13:37:24", "elapsed": 55.365169, "delta": 0.598521}}
{"target": -2.1056948249636296, "params": {"C": 259.6369458554061, "epsilon": 0.4111244415810329, "gamma": 0.04206066847628813, "lamda": 0.24512945856104368}, "datetime": {"datetime": "2021-09-23 13:37:24", "elapsed": 55.946166, "delta": 0.580997}}
{"target": -2.007038502118317, "params": {"C": 180.37447579833923, "epsilon": 0.6018313358830008, "gamma": 0.0444109771791248, "lamda": 0.08544452315823582}, "datetime": {"datetime": "2021-09-23 13:37:25", "elapsed": 56.7612, "delta": 0.815034}}
{"target": -2.13643635158939, "params": {"C": 256.8858418612866, "epsilon": 0.4265422176238627, "gamma": 0.05254529379683048, "lamda": 0.27099551475501077}, "datetime": {"datetime": "2021-09-23 13:37:26", "elapsed": 57.468196, "delta": 0.706996}}
{"target": -1.9607341784082635, "params": {"C": 203.73614110639477, "epsilon": 0.7616212817427417, "gamma": 0.04712831822593601, "lamda": 0.042122133744810504}, "datetime": {"datetime": "2021-09-23 13:37:27", "elapsed": 58.1832, "delta": 0.715004}}
{"target": -2.034602656513084, "params": {"C": 198.44166187923065, "epsilon": 0.7172745171802701, "gamma": 0.057056647110822215, "lamda": 0.08113255986385408}, "datetime": {"datetime": "2021-09-23 13:37:27", "elapsed": 58.960251, "delta": 0.777051}}
{"target": -1.9884976928312739, "params": {"C": 233.69855032263501, "epsilon": 0.5244179191074184, "gamma": 0.04565602976662205, "lamda": 0.07830049503205641}, "datetime": {"datetime": "2021-09-23 13:37:28", "elapsed": 59.776251, "delta": 0.816}}
{"target": -2.009527782737803, "params": {"C": 243.75528309533982, "epsilon": 0.43046907477801866, "gamma": 0.04895248772077644, "lamda": 0.11338639115557705}, "datetime": {"datetime": "2021-09-23 13:37:29", "elapsed": 60.575231, "delta": 0.79898}}
{"target": -2.1633076599331433, "params": {"C": 199.51614344833953, "epsilon": 0.5441512181433633, "gamma": 0.025950033638350512, "lamda": 0.1647748084106141}, "datetime": {"datetime": "2021-09-23 13:37:30", "elapsed": 61.50423, "delta": 0.928999}}
{"target": -2.050908241491907, "params": {"C": 281.36067645697267, "epsilon": 0.6859398966779495, "gamma": 0.05039628357422199, "lamda": 0.09604168715324521}, "datetime": {"datetime": "2021-09-23 13:37:31", "elapsed": 62.275229, "delta": 0.770999}}
{"target": -1.9394254229707615, "params": {"C": 199.3759074647073, "epsilon": 0.4985385283624657, "gamma": 0.03302940900681011, "lamda": 0.037492370124150014}, "datetime": {"datetime": "2021-09-23 13:37:32", "elapsed": 63.352942, "delta": 1.077713}}
{"target": -2.0672330301783948, "params": {"C": 192.94079471235918, "epsilon": 0.48836089254949955, "gamma": 0.0418379889927845, "lamda": 0.1643027506417168}, "datetime": {"datetime": "2021-09-23 13:37:33", "elapsed": 64.546941, "delta": 1.193999}}
{"target": -2.0330536467658864, "params": {"C": 203.8170380571924, "epsilon": 0.6742508254183631, "gamma": 0.052151261488856404, "lamda": 0.09134193476687938}, "datetime": {"datetime": "2021-09-23 13:37:34", "elapsed": 65.691591, "delta": 1.14465}}
{"target": -1.9804794738656666, "params": {"C": 203.62215486791652, "epsilon": 0.691277917211288, "gamma": 0.02969529815559671, "lamda": 0.0388312000412115}, "datetime": {"datetime": "2021-09-23 13:37:35", "elapsed": 66.870831, "delta": 1.17924}}
{"target": -1.9670455146106085, "params": {"C": 199.23363174554177, "epsilon": 0.4350555955149795, "gamma": 0.05470867070485565, "lamda": 0.017971847619339874}, "datetime": {"datetime": "2021-09-23 13:37:36", "elapsed": 67.933927, "delta": 1.063096}}
{"target": -2.078731367707661, "params": {"C": 281.38197490174963, "epsilon": 0.6860662524443708, "gamma": 0.02999005705270237, "lamda": 0.08383918712691718}, "datetime": {"datetime": "2021-09-23 13:37:37", "elapsed": 68.55803, "delta": 0.624103}}
{"target": -2.212638574834003, "params": {"C": 274.80731107997894, "epsilon": 0.6788862248893126, "gamma": 0.02050775986159486, "lamda": 0.12213942272315706}, "datetime": {"datetime": "2021-09-23 13:37:38", "elapsed": 69.637865, "delta": 1.079835}}
{"target": -2.1524844684794204, "params": {"C": 203.64914413968353, "epsilon": 0.8, "gamma": 0.06, "lamda": 0.14738964335219737}, "datetime": {"datetime": "2021-09-23 13:37:39", "elapsed": 70.419396, "delta": 0.781531}}
{"target": -2.0085173884904854, "params": {"C": 233.71138083885666, "epsilon": 0.5275203688706647, "gamma": 0.042047849462736514, "lamda": 0.08809704797665589}, "datetime": {"datetime": "2021-09-23 13:37:40", "elapsed": 71.267016, "delta": 0.84762}}
{"target": -1.9455936750315093, "params": {"C": 199.4004543809042, "epsilon": 0.4180708093146556, "gamma": 0.035037309716812536, "lamda": 0.02148212308668935}, "datetime": {"datetime": "2021-09-23 13:37:41", "elapsed": 72.437575, "delta": 1.170559}}
{"target": -1.942453261821038, "params": {"C": 233.5638091481121, "epsilon": 0.5156846156707642, "gamma": 0.05328922759594981, "lamda": 0.02876532239652556}, "datetime": {"datetime": "2021-09-23 13:37:42", "elapsed": 73.582316, "delta": 1.144741}}
{"target": -2.110559137705798, "params": {"C": 233.5757688177274, "epsilon": 0.4387658443012305, "gamma": 0.026639755813915512, "lamda": 0.14346219075423983}, "datetime": {"datetime": "2021-09-23 13:37:43", "elapsed": 74.381318, "delta": 0.799002}}
{"target": -2.0236680921234096, "params": {"C": 233.58191349962692, "epsilon": 0.6988308059282619, "gamma": 0.030868516394087706, "lamda": 0.055774082990944794}, "datetime": {"datetime": "2021-09-23 13:37:44", "elapsed": 75.366215, "delta": 0.984897}}
{"target": -2.0987384856274844, "params": {"C": 199.24026999122148, "epsilon": 0.5202722194008405, "gamma": 0.027272258664181696, "lamda": 0.11912347077424465}, "datetime": {"datetime": "2021-09-23 13:37:45", "elapsed": 76.45222, "delta": 1.086005}}
{"target": -2.2319250394201027, "params": {"C": 207.95026047183396, "epsilon": 0.6927361493338098, "gamma": 0.02705100160100263, "lamda": 0.21028664407610215}, "datetime": {"datetime": "2021-09-23 13:37:46", "elapsed": 77.207293, "delta": 0.755073}}
{"target": -1.935259900680431, "params": {"C": 233.44244153606837, "epsilon": 0.58907392401374, "gamma": 0.04716455420517783, "lamda": 0.03703234316124317}, "datetime": {"datetime": "2021-09-23 13:37:47", "elapsed": 78.152526, "delta": 0.945233}}
{"target": -2.0822019702794923, "params": {"C": 233.35160950728573, "epsilon": 0.6789058409510522, "gamma": 0.040548048243986806, "lamda": 0.1279184782662941}, "datetime": {"datetime": "2021-09-23 13:37:49", "elapsed": 80.601092, "delta": 2.448566}}
{"target": -2.142103174079219, "params": {"C": 273.8571491341564, "epsilon": 0.7898348438306482, "gamma": 0.051582119067630244, "lamda": 0.15859328913421294}, "datetime": {"datetime": "2021-09-23 13:37:51", "elapsed": 82.707481, "delta": 2.106389}}
{"target": -2.0880649962523252, "params": {"C": 214.362026508432, "epsilon": 0.6069633490255385, "gamma": 0.020064465324803146, "lamda": 0.020643061352749854}, "datetime": {"datetime": "2021-09-23 13:37:53", "elapsed": 84.516279, "delta": 1.808798}}
{"target": -2.0072651235153423, "params": {"C": 271.6293181351969, "epsilon": 0.5591852899513731, "gamma": 0.05243494554798803, "lamda": 0.08113792883540599}, "datetime": {"datetime": "2021-09-23 13:37:54", "elapsed": 85.479828, "delta": 0.963549}}
{"target": -2.1745010290778275, "params": {"C": 281.5054328534378, "epsilon": 0.4931867976116597, "gamma": 0.057061251853904066, "lamda": 0.27221597179692336}, "datetime": {"datetime": "2021-09-23 13:37:55", "elapsed": 86.302826, "delta": 0.822998}}
{"target": -2.085103639348786, "params": {"C": 203.71243650545526, "epsilon": 0.6119388361501622, "gamma": 0.02, "lamda": 0.015}, "datetime": {"datetime": "2021-09-23 13:37:56", "elapsed": 87.710578, "delta": 1.407752}}
{"target": -2.0716322748690232, "params": {"C": 233.35313239200318, "epsilon": 0.6668559539018262, "gamma": 0.03881432133233764, "lamda": 0.11270329818736759}, "datetime": {"datetime": "2021-09-23 13:37:57", "elapsed": 88.480577, "delta": 0.769999}}
{"target": -2.0272746692498433, "params": {"C": 274.5651705739632, "epsilon": 0.7274683238794836, "gamma": 0.04507445499600905, "lamda": 0.07071348023490355}, "datetime": {"datetime": "2021-09-23 13:37:58", "elapsed": 89.766578, "delta": 1.286001}}
{"target": -1.9717456365004893, "params": {"C": 233.39552660423706, "epsilon": 0.47928659069696566, "gamma": 0.052345680338360706, "lamda": 0.015126897266361038}, "datetime": {"datetime": "2021-09-23 13:37:59", "elapsed": 90.955623, "delta": 1.189045}}
{"target": -1.9492404354433739, "params": {"C": 274.11785044526806, "epsilon": 0.7917402528762417, "gamma": 0.051008121590252045, "lamda": 0.015}, "datetime": {"datetime": "2021-09-23 13:38:01", "elapsed": 92.257777, "delta": 1.302154}}
{"target": -1.962051547536177, "params": {"C": 274.1231976916428, "epsilon": 0.6535505255441605, "gamma": 0.04616758004386424, "lamda": 0.04265113501420072}, "datetime": {"datetime": "2021-09-23 13:38:02", "elapsed": 93.578, "delta": 1.320223}}
{"target": -1.9788957210834506, "params": {"C": 274.26227034532394, "epsilon": 0.7584296851932042, "gamma": 0.05776402268898473, "lamda": 0.030482051857340507}, "datetime": {"datetime": "2021-09-23 13:38:03", "elapsed": 94.791, "delta": 1.213}}
{"target": -2.188509500367198, "params": {"C": 227.0340636495884, "epsilon": 0.4033048456039584, "gamma": 0.02181594271798377, "lamda": 0.19100296014845064}, "datetime": {"datetime": "2021-09-23 13:38:04", "elapsed": 95.894982, "delta": 1.103982}}
{"target": -2.2115527846333625, "params": {"C": 274.227252870236, "epsilon": 0.790509158622051, "gamma": 0.05521902355610618, "lamda": 0.21394803889180758}, "datetime": {"datetime": "2021-09-23 13:38:06", "elapsed": 97.331034, "delta": 1.436052}}
{"target": -2.308580594381553, "params": {"C": 223.65329022561335, "epsilon": 0.6861481418964066, "gamma": 0.02436524357036361, "lamda": 0.27613238822725555}, "datetime": {"datetime": "2021-09-23 13:38:07", "elapsed": 97.978339, "delta": 0.647305}}
{"target": -2.0300564415578575, "params": {"C": 243.9259573160589, "epsilon": 0.5252480313935634, "gamma": 0.030576672651465332, "lamda": 0.07717909771210982}, "datetime": {"datetime": "2021-09-23 13:38:07", "elapsed": 98.883372, "delta": 0.905033}}
{"target": -1.9416509867823175, "params": {"C": 180.2086702730036, "epsilon": 0.6091023244490418, "gamma": 0.05441665488828627, "lamda": 0.037991129032319396}, "datetime": {"datetime": "2021-09-23 13:38:09", "elapsed": 100.126449, "delta": 1.243077}}
{"target": -2.0587528681902922, "params": {"C": 291.23739618046386, "epsilon": 0.7808831128110425, "gamma": 0.023458885593486876, "lamda": 0.043927582043873856}, "datetime": {"datetime": "2021-09-23 13:38:09", "elapsed": 100.905625, "delta": 0.779176}}
{"target": -2.174292923501811, "params": {"C": 231.75438398954128, "epsilon": 0.5717455396254278, "gamma": 0.03251707153484231, "lamda": 0.22402707262901184}, "datetime": {"datetime": "2021-09-23 13:38:10", "elapsed": 101.562708, "delta": 0.657083}}
{"target": -2.0919645300469925, "params": {"C": 183.73646432656892, "epsilon": 0.6322406364632276, "gamma": 0.02357718471898151, "lamda": 0.07658260242784473}, "datetime": {"datetime": "2021-09-23 13:38:11", "elapsed": 102.258705, "delta": 0.695997}}
{"target": -2.109858003675139, "params": {"C": 180.19678728670704, "epsilon": 0.7543433919245932, "gamma": 0.03868544108244415, "lamda": 0.1355771249819605}, "datetime": {"datetime": "2021-09-23 13:38:12", "elapsed": 103.349296, "delta": 1.090591}}
{"target": -2.0529766554884, "params": {"C": 180.24978950050584, "epsilon": 0.4803801644309511, "gamma": 0.02818127190034311, "lamda": 0.09879856442944047}, "datetime": {"datetime": "2021-09-23 13:38:13", "elapsed": 104.463299, "delta": 1.114003}}
{"target": -1.9335379751041695, "params": {"C": 180.05803873220276, "epsilon": 0.48227466534949787, "gamma": 0.05101262218888469, "lamda": 0.03489806153203735}, "datetime": {"datetime": "2021-09-23 13:38:14", "elapsed": 105.913803, "delta": 1.450504}}
{"target": -2.0971040516179986, "params": {"C": 180.03285122723733, "epsilon": 0.5302737037059458, "gamma": 0.052161615084675594, "lamda": 0.17991672130652747}, "datetime": {"datetime": "2021-09-23 13:38:15", "elapsed": 106.917676, "delta": 1.003873}}
{"target": -2.2489556737076133, "params": {"C": 243.7258799902675, "epsilon": 0.6295048407866657, "gamma": 0.020000432387755354, "lamda": 0.16156430481291625}, "datetime": {"datetime": "2021-09-23 13:38:17", "elapsed": 108.029447, "delta": 1.111771}}
{"target": -2.154112191493383, "params": {"C": 259.37595788369777, "epsilon": 0.4462311297231675, "gamma": 0.05889160931654375, "lamda": 0.26152053934023306}, "datetime": {"datetime": "2021-09-23 13:38:17", "elapsed": 108.866112, "delta": 0.836665}}
{"target": -2.0228863738127667, "params": {"C": 180.11134294948906, "epsilon": 0.5636931575216388, "gamma": 0.02668173188015769, "lamda": 0.04201388818851365}, "datetime": {"datetime": "2021-09-23 13:38:18", "elapsed": 109.863693, "delta": 0.997581}}
{"target": -1.9365747486450064, "params": {"C": 180.05621182277872, "epsilon": 0.4050643696884275, "gamma": 0.05428105300923164, "lamda": 0.05154633602588789}, "datetime": {"datetime": "2021-09-23 13:38:19", "elapsed": 110.738694, "delta": 0.875001}}
{"target": -2.0244816484852386, "params": {"C": 243.85412849762358, "epsilon": 0.4, "gamma": 0.06, "lamda": 0.015}, "datetime": {"datetime": "2021-09-23 13:38:21", "elapsed": 112.120262, "delta": 1.381568}}
{"target": -2.002110212029015, "params": {"C": 273.98447904112186, "epsilon": 0.6168729328374709, "gamma": 0.06, "lamda": 0.015}, "datetime": {"datetime": "2021-09-23 13:38:22", "elapsed": 113.298964, "delta": 1.178702}}
{"target": -1.9544333554333684, "params": {"C": 203.97864355714682, "epsilon": 0.7961156291700139, "gamma": 0.05283233483977462, "lamda": 0.03490458565278717}, "datetime": {"datetime": "2021-09-23 13:38:23", "elapsed": 114.548983, "delta": 1.250019}}
{"target": -2.1643316391844296, "params": {"C": 204.10260540322818, "epsilon": 0.7681209356510753, "gamma": 0.05427375814671247, "lamda": 0.17691144998512126}, "datetime": {"datetime": "2021-09-23 13:38:24", "elapsed": 115.680313, "delta": 1.13133}}
{"target": -2.059938426701643, "params": {"C": 180.25380431448247, "epsilon": 0.4834254753565304, "gamma": 0.025995337442475168, "lamda": 0.09057633734474735}, "datetime": {"datetime": "2021-09-23 13:38:25", "elapsed": 116.426314, "delta": 0.746001}}
{"target": -2.0203482256486045, "params": {"C": 187.83561046097194, "epsilon": 0.5602054246739084, "gamma": 0.055024710050356196, "lamda": 0.10027210731427753}, "datetime": {"datetime": "2021-09-23 13:38:26", "elapsed": 117.752294, "delta": 1.32598}}
{"target": -1.9275108332723463, "params": {"C": 180.36232195740047, "epsilon": 0.7371201240262462, "gamma": 0.04380383828514989, "lamda": 0.017736809189028757}, "datetime": {"datetime": "2021-09-23 13:38:27", "elapsed": 118.862297, "delta": 1.110003}}
