{"target": -2.024259684673646, "params": {"C": 519.0720615170535, "epsilon": 0.4370286281934007, "gamma": 0.041249928464582614, "lamda": 0.1008816724133978}, "datetime": {"datetime": "2021-09-23 14:51:03", "elapsed": 85.704577, "delta": 0.710003}}
{"target": -1.954858798493646, "params": {"C": 478.4784801073674, "epsilon": 0.09501720535898069, "gamma": 0.039782427572204376, "lamda": 0.17303071845157814}, "datetime": {"datetime": "2021-09-23 14:51:04", "elapsed": 86.53658, "delta": 0.832003}}
{"target": -1.9470254543066672, "params": {"C": 454.6661141624001, "epsilon": 0.6360472248051809, "gamma": 0.031526464361304025, "lamda": 0.025773774733097707}, "datetime": {"datetime": "2021-09-23 14:51:05", "elapsed": 87.499614, "delta": 0.963034}}
{"target": -1.9415615283213008, "params": {"C": 469.4734194900618, "epsilon": 0.27265256519681275, "gamma": 0.03, "lamda": 0.015}, "datetime": {"datetime": "2021-09-23 14:51:06", "elapsed": 88.841612, "delta": 1.341998}}
{"target": -1.976225037735014, "params": {"C": 534.358059580708, "epsilon": 0.12321638282143002, "gamma": 0.04102471919168095, "lamda": 0.16214655388410842}, "datetime": {"datetime": "2021-09-23 14:51:07", "elapsed": 89.735577, "delta": 0.893965}}
{"target": -1.9342648842469792, "params": {"C": 434.1350903146147, "epsilon": 0.0604498110114133, "gamma": 0.04202772957743313, "lamda": 0.19587269066057783}, "datetime": {"datetime": "2021-09-23 14:51:08", "elapsed": 90.856615, "delta": 1.121038}}
{"target": -1.9433501224238796, "params": {"C": 455.2605137027367, "epsilon": 0.7623927528756205, "gamma": 0.04617778662637149, "lamda": 0.015393722315993744}, "datetime": {"datetime": "2021-09-23 14:51:09", "elapsed": 91.876598, "delta": 1.019983}}
{"target": -1.9705998556030255, "params": {"C": 454.69893187611655, "epsilon": 0.7966559376227935, "gamma": 0.03877825284771488, "lamda": 0.028790271793669196}, "datetime": {"datetime": "2021-09-23 14:51:10", "elapsed": 92.955581, "delta": 1.078983}}
{"target": -2.0088639974279254, "params": {"C": 404.0195262598136, "epsilon": 0.0702289366231008, "gamma": 0.04174563086853074, "lamda": 0.018650628548555086}, "datetime": {"datetime": "2021-09-23 14:51:11", "elapsed": 94.055612, "delta": 1.100031}}
{"target": -1.9328863653451567, "params": {"C": 455.2059581368841, "epsilon": 0.6264737387722378, "gamma": 0.04501116577274078, "lamda": 0.019005113042506877}, "datetime": {"datetime": "2021-09-23 14:51:12", "elapsed": 95.176577, "delta": 1.120965}}
{"target": -1.9255053574888734, "params": {"C": 519.1310855282547, "epsilon": 0.43733321135533776, "gamma": 0.04034912369306933, "lamda": 0.025427196804790227}, "datetime": {"datetime": "2021-09-23 14:51:13", "elapsed": 95.967579, "delta": 0.791002}}
{"target": -1.9843266580636858, "params": {"C": 455.18237944263103, "epsilon": 0.7088407901616388, "gamma": 0.04570195483442123, "lamda": 0.035169266740345505}, "datetime": {"datetime": "2021-09-23 14:51:14", "elapsed": 96.922466, "delta": 0.954887}}
{"target": -2.0297639365932896, "params": {"C": 599.939588108705, "epsilon": 0.7534489911456959, "gamma": 0.04389862472467171, "lamda": 0.06437448626203038}, "datetime": {"datetime": "2021-09-23 14:51:15", "elapsed": 97.699201, "delta": 0.776735}}
{"target": -2.074109931616397, "params": {"C": 477.8104324424419, "epsilon": 0.7766965602424823, "gamma": 0.042249187498873846, "lamda": 0.10609764919889986}, "datetime": {"datetime": "2021-09-23 14:51:16", "elapsed": 98.520201, "delta": 0.821}}
{"target": -1.9338061802649587, "params": {"C": 471.0890710539198, "epsilon": 0.14905946540714543, "gamma": 0.044746313543992035, "lamda": 0.08362922619415428}, "datetime": {"datetime": "2021-09-23 14:51:17", "elapsed": 99.336893, "delta": 0.816692}}
{"target": -1.952032372843761, "params": {"C": 471.08422337162176, "epsilon": 0.21587420732836077, "gamma": 0.04963009890952251, "lamda": 0.05734040179441992}, "datetime": {"datetime": "2021-09-23 14:51:18", "elapsed": 100.413547, "delta": 1.076654}}
{"target": -1.9135156021138964, "params": {"C": 519.2348901136537, "epsilon": 0.4643158698486831, "gamma": 0.03719364007727963, "lamda": 0.01862704233276035}, "datetime": {"datetime": "2021-09-23 14:51:19", "elapsed": 101.541589, "delta": 1.128042}}
{"target": -1.9950441193440003, "params": {"C": 519.2536695315954, "epsilon": 0.35996871416900167, "gamma": 0.03910278083875322, "lamda": 0.07949257570366523}, "datetime": {"datetime": "2021-09-23 14:51:20", "elapsed": 102.518794, "delta": 0.977205}}
{"target": -2.0646115272954497, "params": {"C": 492.46473808267206, "epsilon": 0.7034731133483936, "gamma": 0.03862155262341147, "lamda": 0.09924128808751388}, "datetime": {"datetime": "2021-09-23 14:51:20", "elapsed": 103.247763, "delta": 0.728969}}
{"target": -2.021216965206765, "params": {"C": 519.1713003163785, "epsilon": 0.49848178252472275, "gamma": 0.04454032352124975, "lamda": 0.09016911866163868}, "datetime": {"datetime": "2021-09-23 14:51:21", "elapsed": 104.070082, "delta": 0.822319}}
{"target": -2.089137092494383, "params": {"C": 571.0147816622647, "epsilon": 0.36282788696097246, "gamma": 0.032193393041863756, "lamda": 0.18726297838093237}, "datetime": {"datetime": "2021-09-23 14:51:22", "elapsed": 104.813826, "delta": 0.743744}}
{"target": -1.9692108489831586, "params": {"C": 454.74628474922457, "epsilon": 0.604057349285012, "gamma": 0.05, "lamda": 0.015}, "datetime": {"datetime": "2021-09-23 14:51:23", "elapsed": 105.880847, "delta": 1.067021}}
{"target": -1.9464053071319, "params": {"C": 434.00987546004313, "epsilon": 0.2855509138431854, "gamma": 0.03811296038458059, "lamda": 0.01971259290760066}, "datetime": {"datetime": "2021-09-23 14:51:24", "elapsed": 106.918103, "delta": 1.037256}}
{"target": -2.0155652145322906, "params": {"C": 525.4850882614528, "epsilon": 0.29938728264244907, "gamma": 0.035448226272279455, "lamda": 0.11525947103228543}, "datetime": {"datetime": "2021-09-23 14:51:25", "elapsed": 107.729185, "delta": 0.811082}}
{"target": -1.9719848411703522, "params": {"C": 471.17983827935876, "epsilon": 0.17583458191731946, "gamma": 0.04764295531268504, "lamda": 0.11230353837049367}, "datetime": {"datetime": "2021-09-23 14:51:26", "elapsed": 108.857181, "delta": 1.127996}}
{"target": -1.953035204439023, "params": {"C": 477.78009130294026, "epsilon": 0.2762027525945496, "gamma": 0.0411647607886851, "lamda": 0.06578288378081398}, "datetime": {"datetime": "2021-09-23 14:51:27", "elapsed": 109.803127, "delta": 0.945946}}
{"target": -2.005967903435746, "params": {"C": 469.3753377352475, "epsilon": 0.19628676921997, "gamma": 0.04296376280982487, "lamda": 0.016356290033763717}, "datetime": {"datetime": "2021-09-23 14:51:28", "elapsed": 110.929126, "delta": 1.125999}}
{"target": -1.9577753866528882, "params": {"C": 471.009762256591, "epsilon": 0.11969085911252657, "gamma": 0.03604465863864589, "lamda": 0.029612642622433055}, "datetime": {"datetime": "2021-09-23 14:51:29", "elapsed": 112.016128, "delta": 1.087002}}
{"target": -1.956745850895651, "params": {"C": 469.480222707168, "epsilon": 0.17517169270827332, "gamma": 0.03820090334493078, "lamda": 0.10972894907767873}, "datetime": {"datetime": "2021-09-23 14:51:30", "elapsed": 113.244128, "delta": 1.228}}
{"target": -1.9301813935969883, "params": {"C": 454.6969188196742, "epsilon": 0.7048235832423984, "gamma": 0.03, "lamda": 0.015}, "datetime": {"datetime": "2021-09-23 14:51:32", "elapsed": 114.735873, "delta": 1.491745}}
{"target": -1.9212817222309575, "params": {"C": 519.3025704424209, "epsilon": 0.4864326319742656, "gamma": 0.03, "lamda": 0.015}, "datetime": {"datetime": "2021-09-23 14:51:34", "elapsed": 116.351223, "delta": 1.61535}}
{"target": -2.0015758106905195, "params": {"C": 529.1531901529858, "epsilon": 0.15366661107353935, "gamma": 0.03943356725295635, "lamda": 0.18689581585637544}, "datetime": {"datetime": "2021-09-23 14:51:34", "elapsed": 117.243521, "delta": 0.892298}}
{"target": -1.9580331034455785, "params": {"C": 455.136062055316, "epsilon": 0.5521006278987938, "gamma": 0.03114952252660411, "lamda": 0.03531113356583811}, "datetime": {"datetime": "2021-09-23 14:51:35", "elapsed": 118.232543, "delta": 0.989022}}
{"target": -1.9243481738987258, "params": {"C": 469.4053241471715, "epsilon": 0.4038720026652499, "gamma": 0.03979907357593779, "lamda": 0.030860727766609787}, "datetime": {"datetime": "2021-09-23 14:51:36", "elapsed": 119.124504, "delta": 0.891961}}
{"target": -1.929446400097216, "params": {"C": 400.6750810352558, "epsilon": 0.11585264960095899, "gamma": 0.04549039160116502, "lamda": 0.0998880908684894}, "datetime": {"datetime": "2021-09-23 14:51:37", "elapsed": 120.112481, "delta": 0.987977}}
{"target": -1.9446270272313435, "params": {"C": 400.6015155587062, "epsilon": 0.08022191073717089, "gamma": 0.04840141802022399, "lamda": 0.1337903692908623}, "datetime": {"datetime": "2021-09-23 14:51:38", "elapsed": 121.214435, "delta": 1.101954}}
{"target": -1.9769069111992332, "params": {"C": 519.258700602267, "epsilon": 0.537487177399245, "gamma": 0.05, "lamda": 0.015}, "datetime": {"datetime": "2021-09-23 14:51:40", "elapsed": 122.729635, "delta": 1.5152}}
{"target": -2.0339997748567713, "params": {"C": 414.6058793396462, "epsilon": 0.7339880136980901, "gamma": 0.04812725865871445, "lamda": 0.07497182177500578}, "datetime": {"datetime": "2021-09-23 14:51:41", "elapsed": 123.594508, "delta": 0.864873}}
{"target": -2.049385862163698, "params": {"C": 498.76992213036385, "epsilon": 0.6428184602961131, "gamma": 0.030453521141477348, "lamda": 0.061769040830381136}, "datetime": {"datetime": "2021-09-23 14:51:42", "elapsed": 124.527008, "delta": 0.9325}}
{"target": -1.9933685813352309, "params": {"C": 471.02433436592116, "epsilon": 0.1680485634579145, "gamma": 0.05, "lamda": 0.1406927093039861}, "datetime": {"datetime": "2021-09-23 14:51:43", "elapsed": 125.7026, "delta": 1.175592}}
{"target": -1.975743059478993, "params": {"C": 469.42497564508784, "epsilon": 0.2469664373395677, "gamma": 0.04990301559123522, "lamda": 0.0784553109664007}, "datetime": {"datetime": "2021-09-23 14:51:44", "elapsed": 126.847728, "delta": 1.145128}}
{"target": -2.0394259490604583, "params": {"C": 556.4471824930965, "epsilon": 0.7067537079568224, "gamma": 0.04117541122210365, "lamda": 0.07477478970822657}, "datetime": {"datetime": "2021-09-23 14:51:45", "elapsed": 127.741851, "delta": 0.894123}}
{"target": -1.950373692871326, "params": {"C": 522.7065907783058, "epsilon": 0.44718425967266473, "gamma": 0.04101161232108803, "lamda": 0.03684237178353478}, "datetime": {"datetime": "2021-09-23 14:51:46", "elapsed": 128.568761, "delta": 0.82691}}
{"target": -1.9397702347875234, "params": {"C": 433.88016950479005, "epsilon": 0.29972384513736133, "gamma": 0.03, "lamda": 0.015}, "datetime": {"datetime": "2021-09-23 14:51:47", "elapsed": 129.746518, "delta": 1.177757}}
{"target": -2.010123596666141, "params": {"C": 455.701427447677, "epsilon": 0.7729501041281461, "gamma": 0.04036334152731128, "lamda": 0.04664041830821802}, "datetime": {"datetime": "2021-09-23 14:51:48", "elapsed": 130.571252, "delta": 0.824734}}
{"target": -2.0732625889146603, "params": {"C": 428.80499006500906, "epsilon": 0.48856384490574867, "gamma": 0.045605795724041664, "lamda": 0.1710054192328827}, "datetime": {"datetime": "2021-09-23 14:51:49", "elapsed": 131.327293, "delta": 0.756041}}
{"target": -1.942504835346394, "params": {"C": 469.38614456546895, "epsilon": 0.30201998203345626, "gamma": 0.03602081352752021, "lamda": 0.01684527021318163}, "datetime": {"datetime": "2021-09-23 14:51:50", "elapsed": 132.474668, "delta": 1.147375}}
{"target": -1.921166504906978, "params": {"C": 400.6445787487312, "epsilon": 0.1862998842577143, "gamma": 0.03672943332029915, "lamda": 0.040469334724317796}, "datetime": {"datetime": "2021-09-23 14:51:51", "elapsed": 133.620169, "delta": 1.145501}}
{"target": -1.9550934712892942, "params": {"C": 400.76349018803484, "epsilon": 0.1485005038503167, "gamma": 0.03171927772965516, "lamda": 0.12490666578607992}, "datetime": {"datetime": "2021-09-23 14:51:52", "elapsed": 134.717569, "delta": 1.0974}}
{"target": -1.9686981916275617, "params": {"C": 400.723798549398, "epsilon": 0.09961442931366038, "gamma": 0.03290756523715783, "lamda": 0.029775981457371918}, "datetime": {"datetime": "2021-09-23 14:51:53", "elapsed": 136.004746, "delta": 1.287177}}
{"target": -2.0365993784964886, "params": {"C": 451.7028371812406, "epsilon": 0.0917558952235567, "gamma": 0.049727814885941066, "lamda": 0.031931723829421756}, "datetime": {"datetime": "2021-09-23 14:51:54", "elapsed": 136.983342, "delta": 0.978596}}
{"target": -1.9310287361501246, "params": {"C": 400.546230989059, "epsilon": 0.16124975277624723, "gamma": 0.03186579131435049, "lamda": 0.03881764203204374}, "datetime": {"datetime": "2021-09-23 14:51:56", "elapsed": 138.302903, "delta": 1.319561}}
{"target": -2.053000704486274, "params": {"C": 418.9372965951049, "epsilon": 0.31569744326549454, "gamma": 0.038664046878279304, "lamda": 0.18804970174086955}, "datetime": {"datetime": "2021-09-23 14:51:56", "elapsed": 139.219867, "delta": 0.916964}}
{"target": -1.9553338285048654, "params": {"C": 519.3663876553518, "epsilon": 0.40156831334043563, "gamma": 0.03474890167588569, "lamda": 0.04717077335382782}, "datetime": {"datetime": "2021-09-23 14:51:57", "elapsed": 140.188797, "delta": 0.96893}}
{"target": -1.9506895086449287, "params": {"C": 425.6017497323134, "epsilon": 0.14027837634604845, "gamma": 0.032335728114387764, "lamda": 0.12271309745131148}, "datetime": {"datetime": "2021-09-23 14:51:58", "elapsed": 141.093798, "delta": 0.905001}}
{"target": -2.031153630845449, "params": {"C": 469.4575449686492, "epsilon": 0.45098652275414286, "gamma": 0.03449922659206121, "lamda": 0.08959911522428247}, "datetime": {"datetime": "2021-09-23 14:51:59", "elapsed": 142.189003, "delta": 1.095205}}
{"target": -1.9555556001935301, "params": {"C": 400.5209560406223, "epsilon": 0.15326831781215117, "gamma": 0.03504946860173133, "lamda": 0.13378705580930952}, "datetime": {"datetime": "2021-09-23 14:52:01", "elapsed": 143.264007, "delta": 1.075004}}
{"target": -1.9420507889671375, "params": {"C": 434.0623231097373, "epsilon": 0.035492782327544097, "gamma": 0.030151011335971933, "lamda": 0.1807544295916637}, "datetime": {"datetime": "2021-09-23 14:52:02", "elapsed": 144.559494, "delta": 1.295487}}
{"target": -1.9565536083117065, "params": {"C": 400.7010993765381, "epsilon": 0.22702151444695162, "gamma": 0.031689616579003835, "lamda": 0.0882913646498141}, "datetime": {"datetime": "2021-09-23 14:52:03", "elapsed": 145.86511, "delta": 1.305616}}
{"target": -2.018866905060381, "params": {"C": 400.6140925793483, "epsilon": 0.20586853122153395, "gamma": 0.03717670574891263, "lamda": 0.18152397773462087}, "datetime": {"datetime": "2021-09-23 14:52:04", "elapsed": 147.221638, "delta": 1.356528}}
{"target": -2.0103337837254975, "params": {"C": 535.8213468341755, "epsilon": 0.19447321160126815, "gamma": 0.04357375535004762, "lamda": 0.17797185578088498}, "datetime": {"datetime": "2021-09-23 14:52:06", "elapsed": 148.25733, "delta": 1.035692}}
{"target": -2.0348860798278268, "params": {"C": 530.0199104874373, "epsilon": 0.36600797241688854, "gamma": 0.03425687613010572, "lamda": 0.1141476945826166}, "datetime": {"datetime": "2021-09-23 14:52:06", "elapsed": 149.098375, "delta": 0.841045}}
{"target": -2.0434811164566384, "params": {"C": 521.7202759133108, "epsilon": 0.2975818454103778, "gamma": 0.04389527840966124, "lamda": 0.1940274018073676}, "datetime": {"datetime": "2021-09-23 14:52:07", "elapsed": 149.928279, "delta": 0.829904}}
{"target": -2.1357911695623812, "params": {"C": 569.4553589918041, "epsilon": 0.687772811959239, "gamma": 0.03505969862820443, "lamda": 0.16014632156799347}, "datetime": {"datetime": "2021-09-23 14:52:08", "elapsed": 150.861289, "delta": 0.93301}}
{"target": -2.0330333784181365, "params": {"C": 400.6157174218559, "epsilon": 0.10875922530939765, "gamma": 0.04743344986893745, "lamda": 0.020293794379933186}, "datetime": {"datetime": "2021-09-23 14:52:09", "elapsed": 152.236661, "delta": 1.375372}}
{"target": -2.0236784088476, "params": {"C": 519.3296055026713, "epsilon": 0.4590618755618967, "gamma": 0.040726093454799835, "lamda": 0.09425119838109286}, "datetime": {"datetime": "2021-09-23 14:52:11", "elapsed": 153.715507, "delta": 1.478846}}
{"target": -1.9583214851265094, "params": {"C": 428.18571401738575, "epsilon": 0.4735870858434421, "gamma": 0.04834913627275206, "lamda": 0.03691301404074177}, "datetime": {"datetime": "2021-09-23 14:52:12", "elapsed": 154.687942, "delta": 0.972435}}
{"target": -2.004639580993058, "params": {"C": 579.727724897195, "epsilon": 0.49722040935306255, "gamma": 0.03353739207030659, "lamda": 0.05789158490883554}, "datetime": {"datetime": "2021-09-23 14:52:13", "elapsed": 155.636604, "delta": 0.948662}}
{"target": -1.919972993179211, "params": {"C": 420.6428573526448, "epsilon": 0.12042157632340313, "gamma": 0.04278183746528689, "lamda": 0.08339261118403282}, "datetime": {"datetime": "2021-09-23 14:52:14", "elapsed": 156.593725, "delta": 0.957121}}
{"target": -2.064672537903774, "params": {"C": 420.70755819933544, "epsilon": 0.11556765946199775, "gamma": 0.04985063479198161, "lamda": 0.015503253428901497}, "datetime": {"datetime": "2021-09-23 14:52:15", "elapsed": 157.780179, "delta": 1.186454}}
{"target": -1.943375505535671, "params": {"C": 420.5976328167784, "epsilon": 0.11478834155362758, "gamma": 0.03641056675311446, "lamda": 0.036847624766121495}, "datetime": {"datetime": "2021-09-23 14:52:16", "elapsed": 159.089076, "delta": 1.308897}}
{"target": -1.922445442440561, "params": {"C": 400.4930562163313, "epsilon": 0.19224328602573268, "gamma": 0.03456873108213227, "lamda": 0.07019808647839608}, "datetime": {"datetime": "2021-09-23 14:52:18", "elapsed": 160.295607, "delta": 1.206531}}
{"target": -1.941395497350622, "params": {"C": 420.53877510183594, "epsilon": 0.17386649957371342, "gamma": 0.03337442162020296, "lamda": 0.09498980467198481}, "datetime": {"datetime": "2021-09-23 14:52:19", "elapsed": 161.444608, "delta": 1.149001}}
{"target": -1.9319897441779497, "params": {"C": 400.42854253145873, "epsilon": 0.16316642931569683, "gamma": 0.04623533617118547, "lamda": 0.07778172183419212}, "datetime": {"datetime": "2021-09-23 14:52:20", "elapsed": 162.703154, "delta": 1.258546}}
{"target": -2.1392518129555387, "params": {"C": 445.6918521369846, "epsilon": 0.6172678646452165, "gamma": 0.03846319681269529, "lamda": 0.1952331574328539}, "datetime": {"datetime": "2021-09-23 14:52:21", "elapsed": 163.686421, "delta": 0.983267}}
{"target": -1.9605074428596339, "params": {"C": 420.64456596282224, "epsilon": 0.1851498523688385, "gamma": 0.04161088384330625, "lamda": 0.11282995678276846}, "datetime": {"datetime": "2021-09-23 14:52:22", "elapsed": 165.087871, "delta": 1.40145}}
{"target": -1.9497640277466814, "params": {"C": 420.5565400328255, "epsilon": 0.09513432652224446, "gamma": 0.03145848091171301, "lamda": 0.15847102607243385}, "datetime": {"datetime": "2021-09-23 14:52:24", "elapsed": 166.402321, "delta": 1.31445}}
{"target": -1.9533223994536444, "params": {"C": 420.5841696819816, "epsilon": 0.06943748172980407, "gamma": 0.04286595192538573, "lamda": 0.08496997931087372}, "datetime": {"datetime": "2021-09-23 14:52:25", "elapsed": 168.14775, "delta": 1.745429}}
{"target": -1.9635310065605973, "params": {"C": 400.58840043447117, "epsilon": 0.23986414799561442, "gamma": 0.0390623561952951, "lamda": 0.015703728391770224}, "datetime": {"datetime": "2021-09-23 14:52:27", "elapsed": 169.411379, "delta": 1.263629}}
{"target": -2.0946669883150735, "params": {"C": 490.4634384570742, "epsilon": 0.7083602840299935, "gamma": 0.04908698484751661, "lamda": 0.13806003916214804}, "datetime": {"datetime": "2021-09-23 14:52:28", "elapsed": 170.396358, "delta": 0.984979}}
{"target": -1.9127681245897672, "params": {"C": 400.67381590739694, "epsilon": 0.056984048797461155, "gamma": 0.03745982230050085, "lamda": 0.16740961590950487}, "datetime": {"datetime": "2021-09-23 14:52:29", "elapsed": 171.627358, "delta": 1.231}}
{"target": -2.0058527656013827, "params": {"C": 584.7197914378414, "epsilon": 0.2866795681990044, "gamma": 0.03764784601263791, "lamda": 0.1121573155285928}, "datetime": {"datetime": "2021-09-23 14:52:30", "elapsed": 172.512519, "delta": 0.885161}}
{"target": -1.9268853630875273, "params": {"C": 523.297097078371, "epsilon": 0.7252166208215658, "gamma": 0.035473165356230664, "lamda": 0.015854108484934015}, "datetime": {"datetime": "2021-09-23 14:52:31", "elapsed": 173.478519, "delta": 0.966}}
{"target": -2.064810206842473, "params": {"C": 524.3567159201257, "epsilon": 0.6237346036433867, "gamma": 0.03767043154862206, "lamda": 0.10950248603286213}, "datetime": {"datetime": "2021-09-23 14:52:32", "elapsed": 174.3874, "delta": 0.908881}}
{"target": -1.9446506516393962, "params": {"C": 400.4092150142683, "epsilon": 0.2599218134272352, "gamma": 0.04223024896512822, "lamda": 0.06903519352577503}, "datetime": {"datetime": "2021-09-23 14:52:33", "elapsed": 175.987627, "delta": 1.600227}}
{"target": -1.906298580744264, "params": {"C": 464.67426631051603, "epsilon": 0.13005247914191204, "gamma": 0.03607983232222942, "lamda": 0.0625218822158085}, "datetime": {"datetime": "2021-09-23 14:52:34", "elapsed": 176.976402, "delta": 0.988775}}
{"target": -1.9872202488188349, "params": {"C": 464.6453662675449, "epsilon": 0.1693814209773336, "gamma": 0.0432516715091015, "lamda": 0.14973984507364985}, "datetime": {"datetime": "2021-09-23 14:52:35", "elapsed": 178.140614, "delta": 1.164212}}
{"target": -1.944901436258445, "params": {"C": 420.67287846372443, "epsilon": 0.0714207759197805, "gamma": 0.04721249057185944, "lamda": 0.1723930816670266}, "datetime": {"datetime": "2021-09-23 14:52:37", "elapsed": 179.561579, "delta": 1.420965}}
