{"target": 0.9000217422358973, "params": {"C": 1083.6805103934123, "epsilon": 0.16120255822439053, "gamma": 0.011694709701444332, "lamda": 0.10730478963192647}, "datetime": {"datetime": "2021-09-23 23:14:15", "elapsed": 99.652884, "delta": 0.914086}}
{"target": 0.9050601992248536, "params": {"C": 995.1852680537241, "epsilon": 0.32457291701885715, "gamma": 0.01543303373614053, "lamda": 0.07576606202550804}, "datetime": {"datetime": "2021-09-23 23:14:16", "elapsed": 100.961988, "delta": 1.309104}}
{"target": 0.9146788825614072, "params": {"C": 1079.1531901529856, "epsilon": 0.18578780875497816, "gamma": 0.03830070175886905, "lamda": 0.371737462306453}, "datetime": {"datetime": "2021-09-23 23:14:17", "elapsed": 101.707265, "delta": 0.745277}}
{"target": 0.9232782972911681, "params": {"C": 995.2251203801791, "epsilon": 0.3910025274908353, "gamma": 0.04547459064641231, "lamda": 0.07104381736555329}, "datetime": {"datetime": "2021-09-23 23:14:17", "elapsed": 102.483444, "delta": 0.776179}}
{"target": 0.9138869967986731, "params": {"C": 1083.6088623235285, "epsilon": 0.21586174531862048, "gamma": 0.05109474405665779, "lamda": 0.009668580126449909}, "datetime": {"datetime": "2021-09-23 23:14:18", "elapsed": 103.398652, "delta": 0.915208}}
{"target": 0.9211582309307021, "params": {"C": 950.6750810352557, "epsilon": 0.13815203910770157, "gamma": 0.05647117480349506, "lamda": 0.18408296354879608}, "datetime": {"datetime": "2021-09-23 23:14:19", "elapsed": 104.174002, "delta": 0.77535}}
{"target": 0.9059280815475422, "params": {"C": 1079.130015253417, "epsilon": 0.18016221783449485, "gamma": 0.02464699919030533, "lamda": 0.3860218773559976}, "datetime": {"datetime": "2021-09-23 23:14:20", "elapsed": 104.928889, "delta": 0.754887}}
{"target": 0.91069827876649, "params": {"C": 954.0625468740758, "epsilon": 0.19880016153949018, "gamma": 0.01889725348210118, "lamda": 0.1228921189936874}, "datetime": {"datetime": "2021-09-23 23:14:21", "elapsed": 106.118676, "delta": 1.189787}}
{"target": 0.9066054105484423, "params": {"C": 964.6058793396462, "epsilon": 0.9168420432300616, "gamma": 0.06438177597614335, "lamda": 0.1303446318282557}, "datetime": {"datetime": "2021-09-23 23:14:22", "elapsed": 106.8951, "delta": 0.776424}}
{"target": 0.8792506735462944, "params": {"C": 1048.7699221303637, "epsilon": 0.8019920863470515, "gamma": 0.011360563424432047, "lamda": 0.10186944481795716}, "datetime": {"datetime": "2021-09-23 23:14:23", "elapsed": 107.64725, "delta": 0.75215}}
{"target": 0.9201770212761585, "params": {"C": 954.0451925214852, "epsilon": 0.10590321600075558, "gamma": 0.06062104527141215, "lamda": 0.21207193721020218}, "datetime": {"datetime": "2021-09-23 23:14:24", "elapsed": 108.522131, "delta": 0.874881}}
{"target": 0.9211646369369259, "params": {"C": 1104.3160788795894, "epsilon": 0.05784966509123134, "gamma": 0.060680803372699946, "lamda": 0.25373472456185364}, "datetime": {"datetime": "2021-09-23 23:14:24", "elapsed": 109.496146, "delta": 0.974015}}
{"target": 0.9096224274807506, "params": {"C": 1106.4471824930965, "epsilon": 0.8825338918417113, "gamma": 0.04352623366631094, "lamda": 0.12991968158693193}, "datetime": {"datetime": "2021-09-23 23:14:25", "elapsed": 110.315145, "delta": 0.818999}}
{"target": 0.923587598522197, "params": {"C": 1072.7065907783058, "epsilon": 0.5555438076395907, "gamma": 0.04303483696326408, "lamda": 0.048108682927731766}, "datetime": {"datetime": "2021-09-23 23:14:26", "elapsed": 111.101865, "delta": 0.78672}}
{"target": 0.9174835470184762, "params": {"C": 1069.1576654717799, "epsilon": 0.5347788104321648, "gamma": 0.027373805347201463, "lamda": 0.05800521793060925}, "datetime": {"datetime": "2021-09-23 23:14:27", "elapsed": 112.009334, "delta": 0.907469}}
{"target": 0.915426853350278, "params": {"C": 1005.701427447677, "epsilon": 0.9659241571484438, "gamma": 0.04109002458193385, "lamda": 0.0692406859728594}, "datetime": {"datetime": "2021-09-23 23:14:28", "elapsed": 112.826324, "delta": 0.81699}}
{"target": 0.8990294432846726, "params": {"C": 978.8049900650091, "epsilon": 0.60767133708906, "gamma": 0.05681738717212499, "lamda": 0.3374657420211903}, "datetime": {"datetime": "2021-09-23 23:14:29", "elapsed": 113.572964, "delta": 0.74664}}
{"target": 0.8990428137670887, "params": {"C": 1005.2093978178629, "epsilon": 0.7911194673593309, "gamma": 0.018811149088391436, "lamda": 0.08721060699856671}, "datetime": {"datetime": "2021-09-23 23:14:30", "elapsed": 114.626231, "delta": 1.053267}}
{"target": 0.9038213750833771, "params": {"C": 995.1243572855254, "epsilon": 0.40771329322915906, "gamma": 0.014820853531216115, "lamda": 0.06037702271111623}, "datetime": {"datetime": "2021-09-23 23:14:31", "elapsed": 115.591237, "delta": 0.965006}}
{"target": 0.9152732227963579, "params": {"C": 1104.2059991277333, "epsilon": 0.056507516809189064, "gamma": 0.01977126261960902, "lamda": 0.2840743875022121}, "datetime": {"datetime": "2021-09-23 23:14:32", "elapsed": 116.551733, "delta": 0.960496}}
{"target": 0.9122741316914896, "params": {"C": 982.4084393897739, "epsilon": 0.22025320291146705, "gamma": 0.019603580648801636, "lamda": 0.10490676110203277}, "datetime": {"datetime": "2021-09-23 23:14:33", "elapsed": 117.539122, "delta": 0.987389}}
{"target": 0.9024990619758235, "params": {"C": 1001.7028371812406, "epsilon": 0.10779638748941558, "gamma": 0.0691834446578232, "lamda": 0.03751760977264476}, "datetime": {"datetime": "2021-09-23 23:14:33", "elapsed": 118.327951, "delta": 0.788829}}
{"target": 0.9215385922498971, "params": {"C": 1104.2733769055142, "epsilon": 0.15108905561222746, "gamma": 0.06109608897080339, "lamda": 0.08894532877389051}, "datetime": {"datetime": "2021-09-23 23:14:34", "elapsed": 119.388437, "delta": 1.060486}}
{"target": 0.9036955699209536, "params": {"C": 968.937296595105, "epsilon": 0.3899045713864021, "gamma": 0.0359921406348379, "lamda": 0.37422611348436186}, "datetime": {"datetime": "2021-09-23 23:14:35", "elapsed": 120.224628, "delta": 0.836191}}
{"target": 0.9186606508906004, "params": {"C": 1027.8438234596556, "epsilon": 0.4139443486615373, "gamma": 0.04361285774806583, "lamda": 0.12109329541310207}, "datetime": {"datetime": "2021-09-23 23:14:36", "elapsed": 121.09644, "delta": 0.871812}}
{"target": 0.9025556130392196, "params": {"C": 975.6017497323135, "epsilon": 0.1689221104619052, "gamma": 0.017007184343163298, "lamda": 0.23331095071931504}, "datetime": {"datetime": "2021-09-23 23:14:37", "elapsed": 121.926939, "delta": 0.830499}}
{"target": 0.9246683452739286, "params": {"C": 1104.2261782677895, "epsilon": 0.26257623805614755, "gamma": 0.040607456621979114, "lamda": 0.08770611778041112}, "datetime": {"datetime": "2021-09-23 23:14:38", "elapsed": 123.060679, "delta": 1.13374}}
{"target": 0.9262127747064277, "params": {"C": 954.091075825121, "epsilon": 0.3338735479539312, "gamma": 0.03781194911592374, "lamda": 0.05451217753930357}, "datetime": {"datetime": "2021-09-23 23:14:39", "elapsed": 123.999753, "delta": 0.939074}}
{"target": 0.9055181985457215, "params": {"C": 1069.145091403148, "epsilon": 0.4647863564000826, "gamma": 0.012769899347972829, "lamda": 0.009687409651195827}, "datetime": {"datetime": "2021-09-23 23:14:40", "elapsed": 125.190879, "delta": 1.191126}}
{"target": 0.9164595977834709, "params": {"C": 954.1267473125982, "epsilon": 0.2745571553014232, "gamma": 0.020490002229214564, "lamda": 0.008571403680828298}, "datetime": {"datetime": "2021-09-23 23:14:41", "elapsed": 126.289745, "delta": 1.098866}}
{"target": 0.9183488670895835, "params": {"C": 982.3896836322026, "epsilon": 0.08695910459977088, "gamma": 0.06695882410629873, "lamda": 0.1830721855305845}, "datetime": {"datetime": "2021-09-23 23:14:42", "elapsed": 127.445746, "delta": 1.156001}}
{"target": 0.9127789598990402, "params": {"C": 1085.8213468341755, "epsilon": 0.23719352630289625, "gamma": 0.050721266050142856, "lamda": 0.35249065111661143}, "datetime": {"datetime": "2021-09-23 23:14:43", "elapsed": 128.240743, "delta": 0.794997}}
{"target": 0.8997270814961212, "params": {"C": 1080.0199104874373, "epsilon": 0.4532827704472492, "gamma": 0.022770628390317182, "lamda": 0.21483746020791367}, "datetime": {"datetime": "2021-09-23 23:14:44", "elapsed": 129.044806, "delta": 0.804063}}
{"target": 0.9058593119783914, "params": {"C": 1071.7202759133108, "epsilon": 0.36708362343904744, "gamma": 0.05168583522898372, "lamda": 0.38711855849264687}, "datetime": {"datetime": "2021-09-23 23:14:45", "elapsed": 129.848845, "delta": 0.804039}}
{"target": 0.8836408419237841, "params": {"C": 1119.4553589918041, "epsilon": 0.8586228929876127, "gamma": 0.02517909588461329, "lamda": 0.3140453097601589}, "datetime": {"datetime": "2021-09-23 23:14:46", "elapsed": 130.640843, "delta": 0.791998}}
{"target": 0.9188900594590655, "params": {"C": 954.1531155123762, "epsilon": 0.39130695085356604, "gamma": 0.06378022228023511, "lamda": 0.07020723599227287}, "datetime": {"datetime": "2021-09-23 23:14:47", "elapsed": 131.654498, "delta": 1.013655}}
{"target": 0.9281403581394019, "params": {"C": 954.1041601047568, "epsilon": 0.10062217644872584, "gamma": 0.039317047154570836, "lamda": 0.12857698367857862}, "datetime": {"datetime": "2021-09-23 23:14:48", "elapsed": 132.662793, "delta": 1.008295}}
{"target": 0.9182471039358768, "params": {"C": 978.1857140173857, "epsilon": 0.5888045107378427, "gamma": 0.06504740881825616, "lamda": 0.0482610410932755}, "datetime": {"datetime": "2021-09-23 23:14:49", "elapsed": 133.517875, "delta": 0.855082}}
{"target": 0.9039476355928263, "params": {"C": 1129.727724897195, "epsilon": 0.6185763598343774, "gamma": 0.02061217621091978, "lamda": 0.09350671556013719}, "datetime": {"datetime": "2021-09-23 23:14:49", "elapsed": 134.469708, "delta": 0.951833}}
{"target": 0.9242571308199489, "params": {"C": 970.6428573526448, "epsilon": 0.14390770004376757, "gamma": 0.04834551239586066, "lamda": 0.14850622628340052}, "datetime": {"datetime": "2021-09-23 23:14:50", "elapsed": 135.326632, "delta": 0.856924}}
{"target": 0.9100498214158993, "params": {"C": 1104.1536709786508, "epsilon": 0.25317615643592667, "gamma": 0.01873049160231373, "lamda": 0.10101258644662292}, "datetime": {"datetime": "2021-09-23 23:14:51", "elapsed": 136.311206, "delta": 0.984574}}
{"target": 0.9226352786486804, "params": {"C": 1104.340633298611, "epsilon": 0.3002069198885876, "gamma": 0.044249358026752124, "lamda": 0.1007565228804748}, "datetime": {"datetime": "2021-09-23 23:14:52", "elapsed": 137.295635, "delta": 0.984429}}
{"target": 0.9214595486786461, "params": {"C": 1082.65746784046, "epsilon": 0.06092500645563576, "gamma": 0.030319814308173522, "lamda": 0.35318108288765643}, "datetime": {"datetime": "2021-09-23 23:14:53", "elapsed": 138.323648, "delta": 1.028013}}
{"target": 0.9296365928851944, "params": {"C": 954.1326635865123, "epsilon": 0.04194431780128852, "gamma": 0.0375972051697099, "lamda": 0.12015303058259424}, "datetime": {"datetime": "2021-09-23 23:14:54", "elapsed": 139.407387, "delta": 1.083739}}
{"target": 0.9214952804112975, "params": {"C": 970.6798159295777, "epsilon": 0.1919636122153741, "gamma": 0.05337700915409865, "lamda": 0.15006986434056221}, "datetime": {"datetime": "2021-09-23 23:14:55", "elapsed": 140.40976, "delta": 1.002373}}
{"target": 0.8884750249250596, "params": {"C": 995.6918521369846, "epsilon": 0.7698049723452728, "gamma": 0.03538959043808588, "lamda": 0.3897190800849119}, "datetime": {"datetime": "2021-09-23 23:14:56", "elapsed": 141.30412, "delta": 0.89436}}
{"target": 0.9162536380098789, "params": {"C": 982.3849598881914, "epsilon": 0.3937595896438242, "gamma": 0.06826465263900945, "lamda": 0.08787497459136863}, "datetime": {"datetime": "2021-09-23 23:14:57", "elapsed": 142.338836, "delta": 1.034716}}
{"target": 0.9154226623486158, "params": {"C": 1104.2622588127629, "epsilon": 0.29877016734168094, "gamma": 0.03396504737926106, "lamda": 0.19116256838917323}, "datetime": {"datetime": "2021-09-23 23:14:58", "elapsed": 143.349727, "delta": 1.010891}}
{"target": 0.9159670779078306, "params": {"C": 995.0407111377446, "epsilon": 0.32754417968502947, "gamma": 0.07, "lamda": 0.09669083933326778}, "datetime": {"datetime": "2021-09-23 23:15:00", "elapsed": 144.664285, "delta": 1.314558}}
{"target": 0.9150254301792795, "params": {"C": 953.9791716018269, "epsilon": 0.04343130336202913, "gamma": 0.061003799008602845, "lamda": 0.11530276016506152}, "datetime": {"datetime": "2021-09-23 23:15:01", "elapsed": 145.74232, "delta": 1.078035}}
{"target": 0.8938433603214351, "params": {"C": 1040.4634384570743, "epsilon": 0.8845577604014204, "gamma": 0.06726095454254982, "lamda": 0.2664105709497139}, "datetime": {"datetime": "2021-09-23 23:15:02", "elapsed": 146.615074, "delta": 0.872754}}
{"target": 0.92356513220441, "params": {"C": 1072.7790809112355, "epsilon": 0.5194069381264909, "gamma": 0.054871887056496926, "lamda": 0.035065968611942874}, "datetime": {"datetime": "2021-09-23 23:15:03", "elapsed": 147.846898, "delta": 1.231824}}
{"target": 0.912009253575826, "params": {"C": 1134.7197914378414, "epsilon": 0.35334958591303156, "gamma": 0.03294353803791373, "lamda": 0.2105446967346407}, "datetime": {"datetime": "2021-09-23 23:15:04", "elapsed": 148.737518, "delta": 0.89062}}
{"target": 0.9242849680651437, "params": {"C": 1073.297097078371, "epsilon": 0.905792366489505, "gamma": 0.026419496068691997, "lamda": 0.0028421042458847186}, "datetime": {"datetime": "2021-09-23 23:15:05", "elapsed": 149.641502, "delta": 0.903984}}
{"target": 0.901216758228393, "params": {"C": 1074.3567159201257, "epsilon": 0.7779513838105001, "gamma": 0.03301129464586619, "lamda": 0.20481887528168644}, "datetime": {"datetime": "2021-09-23 23:15:05", "elapsed": 150.474839, "delta": 0.833337}}
{"target": 0.919420611509204, "params": {"C": 954.0224727375784, "epsilon": 0.35725564196655213, "gamma": 0.03542093421368528, "lamda": 0.11063123179841564}, "datetime": {"datetime": "2021-09-23 23:15:07", "elapsed": 151.784804, "delta": 1.309965}}
{"target": 0.9239217446071908, "params": {"C": 1014.674266310516, "epsilon": 0.15604013606188918, "gamma": 0.028239496966688267, "lamda": 0.10349314056274374}, "datetime": {"datetime": "2021-09-23 23:15:08", "elapsed": 152.674873, "delta": 0.890069}}
{"target": 0.9277841509845066, "params": {"C": 954.0637795881034, "epsilon": 0.058332415568390625, "gamma": 0.029934434320287306, "lamda": 0.05655198696695399}, "datetime": {"datetime": "2021-09-23 23:15:09", "elapsed": 153.781216, "delta": 1.106343}}
{"target": 0.9275266411547063, "params": {"C": 1030.8407048187282, "epsilon": 0.03777698667075189, "gamma": 0.03502450090642917, "lamda": 0.31417319730933785}, "datetime": {"datetime": "2021-09-23 23:15:10", "elapsed": 155.113612, "delta": 1.332396}}
{"target": 0.9186355606688107, "params": {"C": 1088.7497500835946, "epsilon": 0.08576029296853716, "gamma": 0.06423086874781381, "lamda": 0.25600111850151275}, "datetime": {"datetime": "2021-09-23 23:15:11", "elapsed": 155.992408, "delta": 0.878796}}
{"target": 0.9061333522651127, "params": {"C": 1104.2859408466593, "epsilon": 0.24534063139008622, "gamma": 0.016325792028287905, "lamda": 0.10371505720284763}, "datetime": {"datetime": "2021-09-23 23:15:12", "elapsed": 157.287417, "delta": 1.295009}}
{"target": 0.9274342355767736, "params": {"C": 1072.7700945490824, "epsilon": 0.5934016660160549, "gamma": 0.04622935327778627, "lamda": 0.018268564495604784}, "datetime": {"datetime": "2021-09-23 23:15:13", "elapsed": 158.489511, "delta": 1.202094}}
{"target": 0.9231797959331586, "params": {"C": 1030.8333671479684, "epsilon": 0.0900464077875251, "gamma": 0.04181780849095398, "lamda": 0.2785332957427922}, "datetime": {"datetime": "2021-09-23 23:15:15", "elapsed": 159.580324, "delta": 1.090813}}
{"target": 0.9007092400755671, "params": {"C": 1028.326196593739, "epsilon": 0.8689558899552464, "gamma": 0.03991076940820488, "lamda": 0.21928658974679768}, "datetime": {"datetime": "2021-09-23 23:15:16", "elapsed": 160.501405, "delta": 0.921081}}
{"target": 0.9006355702390411, "params": {"C": 1116.1977007484911, "epsilon": 0.4501279224740865, "gamma": 0.06925388723128682, "lamda": 0.34122235652654853}, "datetime": {"datetime": "2021-09-23 23:15:16", "elapsed": 161.418785, "delta": 0.91738}}
{"target": 0.916829001728978, "params": {"C": 954.0816940178893, "epsilon": 0.37765517134721527, "gamma": 0.04178729335154929, "lamda": 0.15882223076702784}, "datetime": {"datetime": "2021-09-23 23:15:18", "elapsed": 162.641817, "delta": 1.223032}}
{"target": 0.896976829624599, "params": {"C": 1089.494196185017, "epsilon": 0.8179732043622379, "gamma": 0.05077892836585951, "lamda": 0.2910764569900695}, "datetime": {"datetime": "2021-09-23 23:15:19", "elapsed": 163.581435, "delta": 0.939618}}
{"target": 0.8951050944245886, "params": {"C": 1104.232741531178, "epsilon": 0.12412738728725231, "gamma": 0.01, "lamda": 0.1438060664071724}, "datetime": {"datetime": "2021-09-23 23:15:20", "elapsed": 164.716467, "delta": 1.135032}}
{"target": 0.9192308686364644, "params": {"C": 1030.8145559940563, "epsilon": 0.05251490415579067, "gamma": 0.0644727052407621, "lamda": 0.23344960241827925}, "datetime": {"datetime": "2021-09-23 23:15:21", "elapsed": 165.843214, "delta": 1.126747}}
{"target": 0.9151079709995457, "params": {"C": 1030.9093268058086, "epsilon": 0.03149890590719961, "gamma": 0.06577256492769684, "lamda": 0.2188096180910517}, "datetime": {"datetime": "2021-09-23 23:15:22", "elapsed": 167.127724, "delta": 1.28451}}
{"target": 0.9154894723750876, "params": {"C": 961.1465307984884, "epsilon": 0.5248416812960333, "gamma": 0.06082391713066613, "lamda": 0.1044609914273352}, "datetime": {"datetime": "2021-09-23 23:15:23", "elapsed": 168.10596, "delta": 0.978236}}
{"target": 0.9117709548637543, "params": {"C": 1030.9294428603084, "epsilon": 0.08369521484320352, "gamma": 0.019817312999025033, "lamda": 0.28082134539900433}, "datetime": {"datetime": "2021-09-23 23:15:24", "elapsed": 169.39442, "delta": 1.28846}}
{"target": 0.8980226792681667, "params": {"C": 958.2078650965491, "epsilon": 0.26114421351733064, "gamma": 0.011317018052231925, "lamda": 0.06967605424000176}, "datetime": {"datetime": "2021-09-23 23:15:25", "elapsed": 170.355685, "delta": 0.961265}}
{"target": 0.9052923744650582, "params": {"C": 1031.0188228298855, "epsilon": 0.047877903056802396, "gamma": 0.014049940944102881, "lamda": 0.3168878617816547}, "datetime": {"datetime": "2021-09-23 23:15:27", "elapsed": 171.687856, "delta": 1.332171}}
{"target": 0.9149270391390918, "params": {"C": 1065.6932996608195, "epsilon": 0.23435641908216923, "gamma": 0.06620260516889882, "lamda": 0.19368359311872285}, "datetime": {"datetime": "2021-09-23 23:15:28", "elapsed": 172.633893, "delta": 0.946037}}
{"target": 0.9275203266652575, "params": {"C": 1033.9568246993733, "epsilon": 0.11365902581868549, "gamma": 0.03752459875973424, "lamda": 0.12658616511846316}, "datetime": {"datetime": "2021-09-23 23:15:29", "elapsed": 173.567083, "delta": 0.93319}}
{"target": 0.8906436177648571, "params": {"C": 1050.9335242886234, "epsilon": 0.2098862450273653, "gamma": 0.01269391680920132, "lamda": 0.2258706608179359}, "datetime": {"datetime": "2021-09-23 23:15:29", "elapsed": 174.495189, "delta": 0.928106}}
{"target": 0.9054247007982376, "params": {"C": 982.4748551523634, "epsilon": 0.1479281946804959, "gamma": 0.013984153745515208, "lamda": 0.09560225805328872}, "datetime": {"datetime": "2021-09-23 23:15:31", "elapsed": 176.210804, "delta": 1.715615}}
{"target": 0.9110641721290924, "params": {"C": 1134.0480901054389, "epsilon": 0.5735154209906408, "gamma": 0.02973259303678314, "lamda": 0.11971657020548479}, "datetime": {"datetime": "2021-09-23 23:15:32", "elapsed": 177.204461, "delta": 0.993657}}
{"target": 0.9163023726198692, "params": {"C": 1072.8214931618065, "epsilon": 0.6221439935296147, "gamma": 0.05117069511060278, "lamda": 0.10049575159962044}, "datetime": {"datetime": "2021-09-23 23:15:33", "elapsed": 178.387963, "delta": 1.183502}}
{"target": 0.926236591393705, "params": {"C": 1030.809988763703, "epsilon": 0.04229249958103905, "gamma": 0.04824832852069601, "lamda": 0.2874088594618149}, "datetime": {"datetime": "2021-09-23 23:15:35", "elapsed": 179.524704, "delta": 1.136741}}
{"target": 0.9210257496612131, "params": {"C": 970.6099302263481, "epsilon": 0.1994573189748831, "gamma": 0.053445802759709886, "lamda": 0.15485983762521324}, "datetime": {"datetime": "2021-09-23 23:15:36", "elapsed": 180.995156, "delta": 1.470452}}
{"target": 0.9180283182981646, "params": {"C": 954.2266487855392, "epsilon": 0.22406693380746617, "gamma": 0.06258378964992647, "lamda": 0.15328435994807502}, "datetime": {"datetime": "2021-09-23 23:15:37", "elapsed": 182.249655, "delta": 1.254499}}
{"target": 0.8953995863536954, "params": {"C": 1037.9690095302367, "epsilon": 0.988027579060858, "gamma": 0.031209914705645617, "lamda": 0.20730164403035167}, "datetime": {"datetime": "2021-09-23 23:15:38", "elapsed": 183.234415, "delta": 0.98476}}
{"target": 0.923597161823298, "params": {"C": 1033.910137365288, "epsilon": 0.10887158468365093, "gamma": 0.029888847907094583, "lamda": 0.16651290711982267}, "datetime": {"datetime": "2021-09-23 23:15:40", "elapsed": 184.530413, "delta": 1.295998}}
{"target": 0.9186074829318861, "params": {"C": 982.5363178570989, "epsilon": 0.24676996637127477, "gamma": 0.056109862356912, "lamda": 0.16897726019473244}, "datetime": {"datetime": "2021-09-23 23:15:41", "elapsed": 185.674835, "delta": 1.144422}}
{"target": 0.9254196439040481, "params": {"C": 1072.6736028123, "epsilon": 0.614650957704461, "gamma": 0.025696889270564204, "lamda": 0.009777865807563148}, "datetime": {"datetime": "2021-09-23 23:15:42", "elapsed": 187.136626, "delta": 1.461791}}
{"target": 0.9169991448447513, "params": {"C": 1073.3233166601576, "epsilon": 0.8971873272933404, "gamma": 0.06225420891367589, "lamda": 0.0468905032291187}, "datetime": {"datetime": "2021-09-23 23:15:44", "elapsed": 188.624773, "delta": 1.488147}}
