{"target": -2.050968639141754, "params": {"C": 586.2573066492355, "epsilon": 0.3606101637789485, "gamma": 0.036258535767421156, "lamda": 0.15068424012760417}, "datetime": {"datetime": "2021-09-23 15:14:27", "elapsed": 39.276106, "delta": 0.542518}}
{"target": -1.9937870241368496, "params": {"C": 506.22744054428154, "epsilon": 0.47706322519171296, "gamma": 0.031788592359490754, "lamda": 0.05497467175140798}, "datetime": {"datetime": "2021-09-23 15:14:28", "elapsed": 39.82711, "delta": 0.551004}}
{"target": -2.0019930920218174, "params": {"C": 545.959914362955, "epsilon": 0.09246434130607434, "gamma": 0.04249867284636673, "lamda": 0.033825718382405744}, "datetime": {"datetime": "2021-09-23 15:14:29", "elapsed": 40.657107, "delta": 0.829997}}
{"target": -1.9221729551670257, "params": {"C": 557.1786350452684, "epsilon": 0.40181160979722624, "gamma": 0.03, "lamda": 0.015}, "datetime": {"datetime": "2021-09-23 15:14:29", "elapsed": 41.433762, "delta": 0.776655}}
{"target": -2.024173928712672, "params": {"C": 569.200409231482, "epsilon": 0.10146375916129768, "gamma": 0.04766031571352593, "lamda": 0.03439775329331853}, "datetime": {"datetime": "2021-09-23 15:14:30", "elapsed": 42.194761, "delta": 0.760999}}
{"target": -2.1146990258807614, "params": {"C": 552.7760881056273, "epsilon": 0.5922244134340762, "gamma": 0.03909066581996507, "lamda": 0.17829067520546898}, "datetime": {"datetime": "2021-09-23 15:14:31", "elapsed": 42.754762, "delta": 0.560001}}
{"target": -1.966148154171626, "params": {"C": 569.3458261413715, "epsilon": 0.10205742543060632, "gamma": 0.032371588182547484, "lamda": 0.026288938412714066}, "datetime": {"datetime": "2021-09-23 15:14:32", "elapsed": 43.571754, "delta": 0.816992}}
{"target": -2.004379379783535, "params": {"C": 632.2932631394963, "epsilon": 0.11899492471709734, "gamma": 0.04944580465827188, "lamda": 0.17502210448401095}, "datetime": {"datetime": "2021-09-23 15:14:32", "elapsed": 44.150747, "delta": 0.578993}}
{"target": -1.9894150883996404, "params": {"C": 503.9034820748943, "epsilon": 0.14327151385505443, "gamma": 0.048111171126211605, "lamda": 0.15244799133049142}, "datetime": {"datetime": "2021-09-23 15:14:33", "elapsed": 44.905747, "delta": 0.755}}
{"target": -1.919493582409193, "params": {"C": 546.0034742279239, "epsilon": 0.05998811137779428, "gamma": 0.03522423138821396, "lamda": 0.14471098225814577}, "datetime": {"datetime": "2021-09-23 15:14:34", "elapsed": 45.659247, "delta": 0.7535}}
{"target": -1.9256249950786213, "params": {"C": 545.9423298956733, "epsilon": 0.17627765699119916, "gamma": 0.03, "lamda": 0.059854454090440296}, "datetime": {"datetime": "2021-09-23 15:14:35", "elapsed": 46.539248, "delta": 0.880001}}
{"target": -1.9120739567313425, "params": {"C": 627.9585075721604, "epsilon": 0.16066054381947867, "gamma": 0.03516675633400186, "lamda": 0.04645399447199258}, "datetime": {"datetime": "2021-09-23 15:14:35", "elapsed": 47.291925, "delta": 0.752677}}
{"target": -1.9116220352138429, "params": {"C": 627.9273976008033, "epsilon": 0.08416867540376372, "gamma": 0.03298427041814855, "lamda": 0.06718344331598555}, "datetime": {"datetime": "2021-09-23 15:14:36", "elapsed": 47.988923, "delta": 0.696998}}
{"target": -2.07753874275295, "params": {"C": 632.7389624506823, "epsilon": 0.04458971118399223, "gamma": 0.0465044746483792, "lamda": 0.030415500764154495}, "datetime": {"datetime": "2021-09-23 15:14:37", "elapsed": 48.839515, "delta": 0.850592}}
{"target": -2.0162368934411083, "params": {"C": 651.7520960746133, "epsilon": 0.4220555323474652, "gamma": 0.033364120119956486, "lamda": 0.07664041545004248}, "datetime": {"datetime": "2021-09-23 15:14:37", "elapsed": 49.45951, "delta": 0.619995}}
{"target": -1.9361466662752378, "params": {"C": 628.062504064498, "epsilon": 0.13327353588168234, "gamma": 0.030644688442810566, "lamda": 0.08398407532404976}, "datetime": {"datetime": "2021-09-23 15:14:38", "elapsed": 50.298511, "delta": 0.839001}}
{"target": -1.9174370089730617, "params": {"C": 503.868580875519, "epsilon": 0.2067430817048234, "gamma": 0.03085117647363331, "lamda": 0.04438326032830905}, "datetime": {"datetime": "2021-09-23 15:14:39", "elapsed": 51.266039, "delta": 0.967528}}
{"target": -1.9995623963197404, "params": {"C": 627.9863790390453, "epsilon": 0.13452618590423676, "gamma": 0.04923786294707198, "lamda": 0.13364326586194747}, "datetime": {"datetime": "2021-09-23 15:14:40", "elapsed": 51.978038, "delta": 0.711999}}
{"target": -2.075903225770048, "params": {"C": 673.6843531509976, "epsilon": 0.6380056684026454, "gamma": 0.04683191579654182, "lamda": 0.13441896983329174}, "datetime": {"datetime": "2021-09-23 15:14:41", "elapsed": 52.611039, "delta": 0.633001}}
{"target": -2.0056085117783486, "params": {"C": 503.94379943895564, "epsilon": 0.2448144751152298, "gamma": 0.03287349226857458, "lamda": 0.11780748784119517}, "datetime": {"datetime": "2021-09-23 15:14:41", "elapsed": 53.333037, "delta": 0.721998}}
{"target": -1.9276625357498554, "params": {"C": 545.8998404612922, "epsilon": 0.09207802523218855, "gamma": 0.03861358458871569, "lamda": 0.11951808351777747}, "datetime": {"datetime": "2021-09-23 15:14:42", "elapsed": 54.120039, "delta": 0.787002}}
{"target": -2.0277633112801325, "params": {"C": 627.9548347947532, "epsilon": 0.0381665553620958, "gamma": 0.036762537129059344, "lamda": 0.029165491533493366}, "datetime": {"datetime": "2021-09-23 15:14:43", "elapsed": 55.35108, "delta": 1.231041}}
{"target": -1.9985621746216484, "params": {"C": 515.065850470294, "epsilon": 0.43586646928216444, "gamma": 0.0481958431646972, "lamda": 0.06680187873452087}, "datetime": {"datetime": "2021-09-23 15:14:44", "elapsed": 55.996036, "delta": 0.644956}}
{"target": -1.978389317607282, "params": {"C": 545.9371799637623, "epsilon": 0.040946820362067086, "gamma": 0.0493359229928218, "lamda": 0.14902746384333054}, "datetime": {"datetime": "2021-09-23 15:14:45", "elapsed": 56.746037, "delta": 0.750001}}
{"target": -2.000897238909783, "params": {"C": 545.8621011042505, "epsilon": 0.16690794907145068, "gamma": 0.04500954822832144, "lamda": 0.16088090712339903}, "datetime": {"datetime": "2021-09-23 15:14:45", "elapsed": 57.464039, "delta": 0.718002}}
{"target": -2.057856933228275, "params": {"C": 518.9873598003255, "epsilon": 0.4950439650519086, "gamma": 0.03630974430144142, "lamda": 0.12175185738311498}, "datetime": {"datetime": "2021-09-23 15:14:46", "elapsed": 58.120039, "delta": 0.656}}
{"target": -1.936322787133376, "params": {"C": 569.1963476929716, "epsilon": 0.2570741001160809, "gamma": 0.03801973311901721, "lamda": 0.01921589268371289}, "datetime": {"datetime": "2021-09-23 15:14:47", "elapsed": 58.934037, "delta": 0.813998}}
{"target": -1.920897966586687, "params": {"C": 508.2612876340515, "epsilon": 0.18023960431442307, "gamma": 0.030604486132912764, "lamda": 0.03709441263656159}, "datetime": {"datetime": "2021-09-23 15:14:48", "elapsed": 59.730037, "delta": 0.796}}
{"target": -1.9456804270911738, "params": {"C": 627.8521370159456, "epsilon": 0.15705736779167773, "gamma": 0.043799792178983644, "lamda": 0.04666291610502511}, "datetime": {"datetime": "2021-09-23 15:14:48", "elapsed": 60.410045, "delta": 0.680008}}
{"target": -1.9176887743845414, "params": {"C": 546.0300425900239, "epsilon": 0.07749121254507499, "gamma": 0.03847251744193955, "lamda": 0.10552865659137887}, "datetime": {"datetime": "2021-09-23 15:14:49", "elapsed": 61.287039, "delta": 0.876994}}
{"target": -1.9653523265803141, "params": {"C": 546.6139081986354, "epsilon": 0.3774606537914529, "gamma": 0.049342865759460314, "lamda": 0.036804458353640095}, "datetime": {"datetime": "2021-09-23 15:14:50", "elapsed": 61.971039, "delta": 0.684}}
{"target": -1.9452603752503772, "params": {"C": 557.2288406925244, "epsilon": 0.2689309907739513, "gamma": 0.039613411050246586, "lamda": 0.018469443089677927}, "datetime": {"datetime": "2021-09-23 15:14:51", "elapsed": 62.964037, "delta": 0.992998}}
{"target": -1.926630597541772, "params": {"C": 546.1089936406122, "epsilon": 0.07711771345216176, "gamma": 0.033341568288136184, "lamda": 0.1317250413276847}, "datetime": {"datetime": "2021-09-23 15:14:52", "elapsed": 63.655038, "delta": 0.691001}}
{"target": -1.9969247509002102, "params": {"C": 599.6443617848073, "epsilon": 0.536362942632, "gamma": 0.047698391389660456, "lamda": 0.04700654114645924}, "datetime": {"datetime": "2021-09-23 15:14:52", "elapsed": 64.347039, "delta": 0.692001}}
{"target": -1.9874119191717887, "params": {"C": 671.5570029054311, "epsilon": 0.2222845846868429, "gamma": 0.04228695608647466, "lamda": 0.09219633438250045}, "datetime": {"datetime": "2021-09-23 15:14:53", "elapsed": 65.024037, "delta": 0.676998}}
{"target": -2.005772778344363, "params": {"C": 542.8073372508214, "epsilon": 0.27595858906030213, "gamma": 0.03147183861407799, "lamda": 0.09814604718649073}, "datetime": {"datetime": "2021-09-23 15:14:54", "elapsed": 65.680039, "delta": 0.656002}}
{"target": -1.9901433842367524, "params": {"C": 508.2229819221256, "epsilon": 0.21821070966535863, "gamma": 0.03133245152044566, "lamda": 0.11204959097250505}, "datetime": {"datetime": "2021-09-23 15:14:54", "elapsed": 66.412038, "delta": 0.731999}}
{"target": -1.9644924508879227, "params": {"C": 569.2860407304095, "epsilon": 0.25535296730016155, "gamma": 0.05, "lamda": 0.03566099569915642}, "datetime": {"datetime": "2021-09-23 15:14:55", "elapsed": 67.258037, "delta": 0.845999}}
{"target": -1.953049376456713, "params": {"C": 557.1333558277775, "epsilon": 0.45646134784539216, "gamma": 0.04752277704470272, "lamda": 0.02346586466422849}, "datetime": {"datetime": "2021-09-23 15:14:56", "elapsed": 67.983038, "delta": 0.725001}}
{"target": -1.947380357283577, "params": {"C": 628.0911742067444, "epsilon": 0.18717241066982054, "gamma": 0.04403240593062897, "lamda": 0.03908055952043761}, "datetime": {"datetime": "2021-09-23 15:14:57", "elapsed": 68.830036, "delta": 0.846998}}
{"target": -1.9397567707602308, "params": {"C": 508.35180204238253, "epsilon": 0.22629055575319887, "gamma": 0.0367306039886751, "lamda": 0.022966402333292793}, "datetime": {"datetime": "2021-09-23 15:14:58", "elapsed": 69.619037, "delta": 0.789001}}
{"target": -1.969815329825638, "params": {"C": 557.2388112003226, "epsilon": 0.3350241461996132, "gamma": 0.03984447244167145, "lamda": 0.06093487489428379}, "datetime": {"datetime": "2021-09-23 15:14:58", "elapsed": 70.480038, "delta": 0.861001}}
{"target": -1.927501384522975, "params": {"C": 503.8329827461695, "epsilon": 0.14706956518628486, "gamma": 0.04212533859616471, "lamda": 0.05333126124850818}, "datetime": {"datetime": "2021-09-23 15:14:59", "elapsed": 71.309039, "delta": 0.829001}}
{"target": -1.9635796140108839, "params": {"C": 578.445094988131, "epsilon": 0.08673630207353825, "gamma": 0.04032449532477618, "lamda": 0.18170792558556187}, "datetime": {"datetime": "2021-09-23 15:15:00", "elapsed": 71.982039, "delta": 0.673}}
{"target": -1.9490749696980736, "params": {"C": 627.854362423887, "epsilon": 0.11863111855115752, "gamma": 0.03494355364732778, "lamda": 0.12099985022245133}, "datetime": {"datetime": "2021-09-23 15:15:01", "elapsed": 72.717042, "delta": 0.735003}}
{"target": -1.9570536274492598, "params": {"C": 555.2911409123242, "epsilon": 0.6621052413005464, "gamma": 0.04059117339587047, "lamda": 0.025586664063817748}, "datetime": {"datetime": "2021-09-23 15:15:01", "elapsed": 73.458039, "delta": 0.740997}}
{"target": -1.998040466800525, "params": {"C": 589.3317164177603, "epsilon": 0.797471083420661, "gamma": 0.043348175143967174, "lamda": 0.03385308210411829}, "datetime": {"datetime": "2021-09-23 15:15:02", "elapsed": 74.138044, "delta": 0.680005}}
{"target": -2.0164049688721177, "params": {"C": 569.1671190667603, "epsilon": 0.27646475448774754, "gamma": 0.03231182009940241, "lamda": 0.11052287517007829}, "datetime": {"datetime": "2021-09-23 15:15:03", "elapsed": 74.959039, "delta": 0.820995}}
{"target": -1.9721118331023095, "params": {"C": 546.1818975638998, "epsilon": 0.11067032491480669, "gamma": 0.03379224391713017, "lamda": 0.17924274156385428}, "datetime": {"datetime": "2021-09-23 15:15:04", "elapsed": 75.816043, "delta": 0.857004}}
{"target": -1.9275079405464617, "params": {"C": 578.3077141018471, "epsilon": 0.0967261042365134, "gamma": 0.033433497297704375, "lamda": 0.1080695674611573}, "datetime": {"datetime": "2021-09-23 15:15:05", "elapsed": 76.803041, "delta": 0.986998}}
{"target": -1.9866715279117784, "params": {"C": 578.3731072846676, "epsilon": 0.15059437370297207, "gamma": 0.04790331226792734, "lamda": 0.12428199097967493}, "datetime": {"datetime": "2021-09-23 15:15:06", "elapsed": 77.71004, "delta": 0.906999}}
{"target": -1.9327649133201217, "params": {"C": 578.2857404236681, "epsilon": 0.04271004645104423, "gamma": 0.03089006262104329, "lamda": 0.11521679479973145}, "datetime": {"datetime": "2021-09-23 15:15:07", "elapsed": 78.663036, "delta": 0.952996}}
{"target": -1.9532578901695217, "params": {"C": 503.79190567346654, "epsilon": 0.21675628714849898, "gamma": 0.03, "lamda": 0.015}, "datetime": {"datetime": "2021-09-23 15:15:08", "elapsed": 79.660045, "delta": 0.997009}}
{"target": -1.9659243770795463, "params": {"C": 546.0631674736834, "epsilon": 0.04578918436689833, "gamma": 0.04987661065704088, "lamda": 0.19904540139281585}, "datetime": {"datetime": "2021-09-23 15:15:09", "elapsed": 80.605037, "delta": 0.944992}}
{"target": -1.9726717807524767, "params": {"C": 508.3577817180738, "epsilon": 0.22708960587444554, "gamma": 0.04795488685693196, "lamda": 0.026535878869022866}, "datetime": {"datetime": "2021-09-23 15:15:09", "elapsed": 81.39004, "delta": 0.785003}}
{"target": -2.0273882523876594, "params": {"C": 503.90963941436803, "epsilon": 0.170448399375114, "gamma": 0.04599850612847968, "lamda": 0.01662736139376897}, "datetime": {"datetime": "2021-09-23 15:15:10", "elapsed": 82.306038, "delta": 0.915998}}
{"target": -1.952564994924162, "params": {"C": 578.3250010953838, "epsilon": 0.05781014867142678, "gamma": 0.045407960259670165, "lamda": 0.19085336193175712}, "datetime": {"datetime": "2021-09-23 15:15:11", "elapsed": 83.176037, "delta": 0.869999}}
{"target": -2.001188307928358, "params": {"C": 503.8181497057856, "epsilon": 0.2710869752958125, "gamma": 0.043762039030618434, "lamda": 0.11174022146430765}, "datetime": {"datetime": "2021-09-23 15:15:12", "elapsed": 84.13704, "delta": 0.961003}}
{"target": -2.028059930109022, "params": {"C": 661.8570654598893, "epsilon": 0.20426626256128252, "gamma": 0.0372470699060758, "lamda": 0.19813401714053375}, "datetime": {"datetime": "2021-09-23 15:15:13", "elapsed": 84.85904, "delta": 0.722}}
{"target": -1.9190764904714654, "params": {"C": 569.2118259452571, "epsilon": 0.20959906755688731, "gamma": 0.036957136954401885, "lamda": 0.047215722760126116}, "datetime": {"datetime": "2021-09-23 15:15:14", "elapsed": 85.694036, "delta": 0.834996}}
{"target": -1.9266995359511325, "params": {"C": 554.7533242483848, "epsilon": 0.6826321330128754, "gamma": 0.03311772248331442, "lamda": 0.015876193434020934}, "datetime": {"datetime": "2021-09-23 15:15:15", "elapsed": 86.55204, "delta": 0.858004}}
{"target": -1.9321280644509489, "params": {"C": 508.1961639362991, "epsilon": 0.24843769201630908, "gamma": 0.0355433882481308, "lamda": 0.022388347061085966}, "datetime": {"datetime": "2021-09-23 15:15:15", "elapsed": 87.443036, "delta": 0.890996}}
{"target": -2.037778297032729, "params": {"C": 549.7270738997726, "epsilon": 0.5488521913788138, "gamma": 0.04628051470731236, "lamda": 0.10353643995644052}, "datetime": {"datetime": "2021-09-23 15:15:16", "elapsed": 88.201039, "delta": 0.758003}}
{"target": -2.024259684673646, "params": {"C": 619.0720615170535, "epsilon": 0.4370286281934007, "gamma": 0.041249928464582614, "lamda": 0.1008816724133978}, "datetime": {"datetime": "2021-09-23 15:15:17", "elapsed": 89.02504, "delta": 0.824001}}
{"target": -1.962172526342058, "params": {"C": 546.1074677522386, "epsilon": 0.11269524286408522, "gamma": 0.04984313325285851, "lamda": 0.07927826741289824}, "datetime": {"datetime": "2021-09-23 15:15:18", "elapsed": 89.84804, "delta": 0.823}}
{"target": -2.006302998094179, "params": {"C": 554.7174536168122, "epsilon": 0.7467383337028868, "gamma": 0.04984610655226526, "lamda": 0.04228696206814329}, "datetime": {"datetime": "2021-09-23 15:15:19", "elapsed": 90.73904, "delta": 0.891}}
{"target": -1.9704869902134365, "params": {"C": 554.7803835710109, "epsilon": 0.6388057306222137, "gamma": 0.04845646075707149, "lamda": 0.023768797048073578}, "datetime": {"datetime": "2021-09-23 15:15:20", "elapsed": 91.658039, "delta": 0.918999}}
{"target": -1.9903258617431736, "params": {"C": 634.358059580708, "epsilon": 0.12321638282143002, "gamma": 0.04102471919168095, "lamda": 0.16214655388410842}, "datetime": {"datetime": "2021-09-23 15:15:20", "elapsed": 92.42204, "delta": 0.764001}}
{"target": -1.9356100190418115, "params": {"C": 628.0204645227693, "epsilon": 0.16697536377306535, "gamma": 0.03713283147854487, "lamda": 0.026971984655196096}, "datetime": {"datetime": "2021-09-23 15:15:21", "elapsed": 93.410037, "delta": 0.987997}}
{"target": -1.9275002314276446, "params": {"C": 508.3163559666649, "epsilon": 0.17132782418288697, "gamma": 0.031120765112058774, "lamda": 0.06764930430226673}, "datetime": {"datetime": "2021-09-23 15:15:22", "elapsed": 94.32204, "delta": 0.912003}}
{"target": -1.9394846863691533, "params": {"C": 508.3552199018405, "epsilon": 0.1531978195354106, "gamma": 0.031151349492125793, "lamda": 0.025519181410671374}, "datetime": {"datetime": "2021-09-23 15:15:24", "elapsed": 95.562039, "delta": 1.239999}}
{"target": -1.980355515689873, "params": {"C": 654.3398059958445, "epsilon": 0.11297848666136806, "gamma": 0.03624804831224986, "lamda": 0.1655358151333461}, "datetime": {"datetime": "2021-09-23 15:15:24", "elapsed": 96.475039, "delta": 0.913}}
{"target": -1.9432969423590931, "params": {"C": 654.1834226483644, "epsilon": 0.04198533725229729, "gamma": 0.04204465238510493, "lamda": 0.1593599093870291}, "datetime": {"datetime": "2021-09-23 15:15:26", "elapsed": 97.509569, "delta": 1.03453}}
{"target": -1.9344665624438786, "params": {"C": 619.1310855282547, "epsilon": 0.43733321135533776, "gamma": 0.04034912369306933, "lamda": 0.025427196804790227}, "datetime": {"datetime": "2021-09-23 15:15:26", "elapsed": 98.36057, "delta": 0.851001}}
{"target": -2.0651331417280367, "params": {"C": 654.2196922741208, "epsilon": 0.03, "gamma": 0.04944159576516113, "lamda": 0.0810420484200622}, "datetime": {"datetime": "2021-09-23 15:15:27", "elapsed": 99.485573, "delta": 1.125003}}
{"target": -2.0297639365932896, "params": {"C": 699.939588108705, "epsilon": 0.7534489911456959, "gamma": 0.04389862472467171, "lamda": 0.06437448626203038}, "datetime": {"datetime": "2021-09-23 15:15:28", "elapsed": 100.358569, "delta": 0.872996}}
{"target": -2.074109931616397, "params": {"C": 577.8104324424419, "epsilon": 0.7766965602424823, "gamma": 0.042249187498873846, "lamda": 0.10609764919889986}, "datetime": {"datetime": "2021-09-23 15:15:29", "elapsed": 101.179572, "delta": 0.821003}}
{"target": -1.945503570388463, "params": {"C": 571.0890710539198, "epsilon": 0.14905946540714543, "gamma": 0.044746313543992035, "lamda": 0.08362922619415428}, "datetime": {"datetime": "2021-09-23 15:15:30", "elapsed": 101.976571, "delta": 0.796999}}
{"target": -1.979602553456875, "params": {"C": 578.2284116958532, "epsilon": 0.12699310207033027, "gamma": 0.04821552999090954, "lamda": 0.12881201078618149}, "datetime": {"datetime": "2021-09-23 15:15:31", "elapsed": 102.958582, "delta": 0.982011}}
{"target": -1.9768708151718373, "params": {"C": 628.1237827054607, "epsilon": 0.10839641074360688, "gamma": 0.04436495037031798, "lamda": 0.041930372211424524}, "datetime": {"datetime": "2021-09-23 15:15:32", "elapsed": 103.868568, "delta": 0.909986}}
{"target": -1.9227804966243176, "params": {"C": 627.9103469469043, "epsilon": 0.13350329518369214, "gamma": 0.03, "lamda": 0.07079121360977329}, "datetime": {"datetime": "2021-09-23 15:15:33", "elapsed": 105.196571, "delta": 1.328003}}
{"target": -2.0646115272954497, "params": {"C": 592.464738082672, "epsilon": 0.7034731133483936, "gamma": 0.03862155262341147, "lamda": 0.09924128808751388}, "datetime": {"datetime": "2021-09-23 15:15:34", "elapsed": 106.002569, "delta": 0.805998}}
{"target": -2.012136511085563, "params": {"C": 578.3898797989601, "epsilon": 0.04678204655459346, "gamma": 0.043793303231221915, "lamda": 0.06394565965421972}, "datetime": {"datetime": "2021-09-23 15:15:35", "elapsed": 107.050569, "delta": 1.048}}
{"target": -1.940882909942431, "params": {"C": 546.1021250268324, "epsilon": 0.08713336732979271, "gamma": 0.032813594942366305, "lamda": 0.14171867785716374}, "datetime": {"datetime": "2021-09-23 15:15:36", "elapsed": 107.865572, "delta": 0.815003}}
{"target": -1.9221791493456089, "params": {"C": 554.6920843800806, "epsilon": 0.6440258229786258, "gamma": 0.03, "lamda": 0.015}, "datetime": {"datetime": "2021-09-23 15:15:37", "elapsed": 108.93257, "delta": 1.066998}}
{"target": -1.9178284355618138, "params": {"C": 503.9646697693822, "epsilon": 0.06272945557753692, "gamma": 0.03659446974834482, "lamda": 0.09973040589944826}, "datetime": {"datetime": "2021-09-23 15:15:38", "elapsed": 109.87957, "delta": 0.947}}
{"target": -2.0155652145322906, "params": {"C": 625.4850882614528, "epsilon": 0.29938728264244907, "gamma": 0.035448226272279455, "lamda": 0.11525947103228543}, "datetime": {"datetime": "2021-09-23 15:15:39", "elapsed": 110.75157, "delta": 0.872}}
{"target": -1.9425107192084028, "params": {"C": 545.9874658459756, "epsilon": 0.14297745545797186, "gamma": 0.030826110789141895, "lamda": 0.09100241536546197}, "datetime": {"datetime": "2021-09-23 15:15:40", "elapsed": 111.757571, "delta": 1.006001}}
