{"target": 0.8926690022714093, "params": {"C": 777.894040527143, "epsilon": 0.2967384107343354, "gamma": 0.025972613983697317, "lamda": 0.13779298487870853}, "datetime": {"datetime": "2021-09-23 11:19:22", "elapsed": 65.358102, "delta": 0.718902}}
{"target": 0.8943644572793692, "params": {"C": 666.1804471230632, "epsilon": 0.21274292197675523, "gamma": 0.024730773007438867, "lamda": 0.13881724584951471}, "datetime": {"datetime": "2021-09-23 11:19:23", "elapsed": 66.368105, "delta": 1.010003}}
{"target": 0.9009444074872103, "params": {"C": 706.6169841575112, "epsilon": 0.264374439392704, "gamma": 0.029792085468732542, "lamda": 0.07547293133028207}, "datetime": {"datetime": "2021-09-23 11:19:24", "elapsed": 67.303913, "delta": 0.935808}}
{"target": 0.9159103240468497, "params": {"C": 749.1691949922277, "epsilon": 0.17745007071717678, "gamma": 0.050543681934985034, "lamda": 0.07400786352430087}, "datetime": {"datetime": "2021-09-23 11:19:26", "elapsed": 68.740063, "delta": 1.43615}}
{"target": 0.9173037442875625, "params": {"C": 766.8639005290761, "epsilon": 0.13290108838787026, "gamma": 0.05632656481738009, "lamda": 0.15781402271794887}, "datetime": {"datetime": "2021-09-23 11:19:28", "elapsed": 71.498813, "delta": 2.75875}}
{"target": 0.9134760672058538, "params": {"C": 666.544334102686, "epsilon": 0.20937939239299913, "gamma": 0.04817093408436264, "lamda": 0.056078057998627306}, "datetime": {"datetime": "2021-09-23 11:19:29", "elapsed": 72.487084, "delta": 0.988271}}
{"target": 0.9136230028776985, "params": {"C": 675.6395335920043, "epsilon": 0.2758630205964383, "gamma": 0.05204221481749519, "lamda": 0.11192612353366724}, "datetime": {"datetime": "2021-09-23 11:19:30", "elapsed": 73.364527, "delta": 0.877443}}
{"target": 0.9178133916035531, "params": {"C": 722.644975041568, "epsilon": 0.09282359467161194, "gamma": 0.056065941051951854, "lamda": 0.1665099426738363}, "datetime": {"datetime": "2021-09-23 11:19:31", "elapsed": 74.136528, "delta": 0.772001}}
{"target": 0.9098985781392221, "params": {"C": 706.4122174371067, "epsilon": 0.335294202349969, "gamma": 0.05760548580051325, "lamda": 0.1656545990294192}, "datetime": {"datetime": "2021-09-23 11:19:32", "elapsed": 75.185035, "delta": 1.048507}}
{"target": 0.9178027519265393, "params": {"C": 767.0388995135534, "epsilon": 0.18090807816309418, "gamma": 0.059917806114496444, "lamda": 0.0665607722630554}, "datetime": {"datetime": "2021-09-23 11:19:33", "elapsed": 76.299035, "delta": 1.114}}
{"target": 0.9091184041893869, "params": {"C": 766.9579803831452, "epsilon": 0.3135385506404509, "gamma": 0.0448290823643023, "lamda": 0.11481572414083867}, "datetime": {"datetime": "2021-09-23 11:19:34", "elapsed": 77.250056, "delta": 0.951021}}
{"target": 0.8796997023600673, "params": {"C": 767.1887309249071, "epsilon": 0.09935956463786491, "gamma": 0.014299094518637586, "lamda": 0.15005927897201737}, "datetime": {"datetime": "2021-09-23 11:19:35", "elapsed": 78.171053, "delta": 0.920997}}
{"target": 0.8706696504909563, "params": {"C": 669.2693640388459, "epsilon": 0.07223077078267191, "gamma": 0.012269928397479715, "lamda": 0.12219428076686431}, "datetime": {"datetime": "2021-09-23 11:19:36", "elapsed": 78.786514, "delta": 0.615461}}
{"target": 0.9067460430995492, "params": {"C": 722.5554342022409, "epsilon": 0.09787077717964968, "gamma": 0.04408215006748272, "lamda": 0.048492699702759906}, "datetime": {"datetime": "2021-09-23 11:19:36", "elapsed": 79.481905, "delta": 0.695391}}
{"target": 0.8742128802396802, "params": {"C": 663.2121449875572, "epsilon": 0.2631499957800745, "gamma": 0.015456554462954509, "lamda": 0.1595317492224805}, "datetime": {"datetime": "2021-09-23 11:19:37", "elapsed": 80.118576, "delta": 0.636671}}
{"target": 0.8717422975845146, "params": {"C": 766.8339136099455, "epsilon": 0.1663911097033562, "gamma": 0.012146626178419093, "lamda": 0.04743292145925053}, "datetime": {"datetime": "2021-09-23 11:19:38", "elapsed": 80.892496, "delta": 0.77392}}
{"target": 0.9177389798320322, "params": {"C": 666.5106621700418, "epsilon": 0.32393386252116657, "gamma": 0.06, "lamda": 0.045}, "datetime": {"datetime": "2021-09-23 11:19:39", "elapsed": 81.817496, "delta": 0.925}}
{"target": 0.8791863057510436, "params": {"C": 784.300334823331, "epsilon": 0.32709610114745363, "gamma": 0.014323606991858598, "lamda": 0.0576875359841552}, "datetime": {"datetime": "2021-09-23 11:19:39", "elapsed": 82.401499, "delta": 0.584003}}
{"target": 0.896063399746758, "params": {"C": 677.7266046479282, "epsilon": 0.18592823924716378, "gamma": 0.02564633941855289, "lamda": 0.1366785406267596}, "datetime": {"datetime": "2021-09-23 11:19:40", "elapsed": 83.061748, "delta": 0.660249}}
{"target": 0.8776469877806163, "params": {"C": 591.6944985851027, "epsilon": 0.2267624296126786, "gamma": 0.014471480898726886, "lamda": 0.07200991334554593}, "datetime": {"datetime": "2021-09-23 11:19:40", "elapsed": 83.706747, "delta": 0.644999}}
{"target": 0.9106340479966767, "params": {"C": 666.4837819319222, "epsilon": 0.2741291162537456, "gamma": 0.05392086952511774, "lamda": 0.1682379629165169}, "datetime": {"datetime": "2021-09-23 11:19:41", "elapsed": 84.474955, "delta": 0.768208}}
{"target": 0.9083645760607086, "params": {"C": 706.5958085638002, "epsilon": 0.2599706203675836, "gamma": 0.03766443690654091, "lamda": 0.08692714888889622}, "datetime": {"datetime": "2021-09-23 11:19:42", "elapsed": 85.021318, "delta": 0.546363}}
{"target": 0.8932383580316631, "params": {"C": 766.9749280201108, "epsilon": 0.17375541088982832, "gamma": 0.02349216602066046, "lamda": 0.16265684255669333}, "datetime": {"datetime": "2021-09-23 11:19:43", "elapsed": 85.735317, "delta": 0.713999}}
{"target": 0.8993485831517117, "params": {"C": 641.7342947135494, "epsilon": 0.26714362548987086, "gamma": 0.032726664549912673, "lamda": 0.15533153730099253}, "datetime": {"datetime": "2021-09-23 11:19:43", "elapsed": 86.361317, "delta": 0.626}}
{"target": 0.9084565958374264, "params": {"C": 722.5746818374032, "epsilon": 0.12638660641023003, "gamma": 0.037495953671901, "lamda": 0.15111351757684585}, "datetime": {"datetime": "2021-09-23 11:19:44", "elapsed": 87.003327, "delta": 0.64201}}
{"target": 0.918235762609798, "params": {"C": 727.2152578749585, "epsilon": 0.10120601256313803, "gamma": 0.058614511645679684, "lamda": 0.15312304357027767}, "datetime": {"datetime": "2021-09-23 11:19:44", "elapsed": 87.595327, "delta": 0.592}}
{"target": 0.9118814953873629, "params": {"C": 706.5902296689457, "epsilon": 0.177718407266436, "gamma": 0.04452420678990209, "lamda": 0.14107313912693686}, "datetime": {"datetime": "2021-09-23 11:19:45", "elapsed": 88.335325, "delta": 0.739998}}
{"target": 0.8768630660415528, "params": {"C": 727.2951240811141, "epsilon": 0.10435150125118241, "gamma": 0.013082251602379975, "lamda": 0.12617579588625938}, "datetime": {"datetime": "2021-09-23 11:19:46", "elapsed": 89.103819, "delta": 0.768494}}
{"target": 0.9077347728268861, "params": {"C": 666.4865348118739, "epsilon": 0.32621430669539153, "gamma": 0.043988993424696816, "lamda": 0.12188361297512078}, "datetime": {"datetime": "2021-09-23 11:19:47", "elapsed": 89.758894, "delta": 0.655075}}
{"target": 0.8659145028592492, "params": {"C": 666.4804604197702, "epsilon": 0.2706797046227586, "gamma": 0.010219474656649638, "lamda": 0.07086332208694138}, "datetime": {"datetime": "2021-09-23 11:19:47", "elapsed": 90.474309, "delta": 0.715415}}
{"target": 0.9148717664357666, "params": {"C": 663.8181137361827, "epsilon": 0.1148792221153838, "gamma": 0.05436397801901142, "lamda": 0.07847800330962404}, "datetime": {"datetime": "2021-09-23 11:19:48", "elapsed": 91.144492, "delta": 0.670183}}
{"target": 0.9150508011721546, "params": {"C": 663.8434914841702, "epsilon": 0.16972155932618554, "gamma": 0.050026655731412, "lamda": 0.08150013120701657}, "datetime": {"datetime": "2021-09-23 11:19:49", "elapsed": 92.014491, "delta": 0.869999}}
{"target": 0.8865463087696444, "params": {"C": 748.1335032802092, "epsilon": 0.20747401783612418, "gamma": 0.01841030029989121, "lamda": 0.08664892935813681}, "datetime": {"datetime": "2021-09-23 11:19:49", "elapsed": 92.65014, "delta": 0.635649}}
{"target": 0.9179275956875819, "params": {"C": 767.0903496775171, "epsilon": 0.1777834749759345, "gamma": 0.05921913565684607, "lamda": 0.07118574370128142}, "datetime": {"datetime": "2021-09-23 11:19:50", "elapsed": 93.343985, "delta": 0.693845}}
{"target": 0.8897549818588602, "params": {"C": 663.8096643222387, "epsilon": 0.14784321616465518, "gamma": 0.02126238630342002, "lamda": 0.12173241246165598}, "datetime": {"datetime": "2021-09-23 11:19:51", "elapsed": 94.268977, "delta": 0.924992}}
{"target": 0.8893339300284707, "params": {"C": 722.6339751982003, "epsilon": 0.10581524346423754, "gamma": 0.020375727859822848, "lamda": 0.1679007136437102}, "datetime": {"datetime": "2021-09-23 11:19:52", "elapsed": 94.954098, "delta": 0.685121}}
{"target": 0.912412135027785, "params": {"C": 771.7106796373223, "epsilon": 0.283196792816512, "gamma": 0.05207978949135454, "lamda": 0.12568849313060254}, "datetime": {"datetime": "2021-09-23 11:19:52", "elapsed": 95.646096, "delta": 0.691998}}
{"target": 0.8985088611954842, "params": {"C": 607.6297459011836, "epsilon": 0.33611667047765453, "gamma": 0.02875783496648853, "lamda": 0.08303120832753094}, "datetime": {"datetime": "2021-09-23 11:19:53", "elapsed": 96.560094, "delta": 0.913998}}
{"target": 0.9171089492694711, "params": {"C": 607.6728992474951, "epsilon": 0.2983897527877275, "gamma": 0.06, "lamda": 0.045}, "datetime": {"datetime": "2021-09-23 11:19:54", "elapsed": 97.373185, "delta": 0.813091}}
{"target": 0.918491980211134, "params": {"C": 727.1769278704099, "epsilon": 0.0996690550997082, "gamma": 0.06, "lamda": 0.16602006130197255}, "datetime": {"datetime": "2021-09-23 11:19:55", "elapsed": 98.225198, "delta": 0.852013}}
{"target": 0.9167332529883252, "params": {"C": 601.1957892555661, "epsilon": 0.2123168139041356, "gamma": 0.055489607911743, "lamda": 0.0800012694152168}, "datetime": {"datetime": "2021-09-23 11:19:56", "elapsed": 98.844368, "delta": 0.61917}}
{"target": 0.9173275701775881, "params": {"C": 767.0588339314476, "epsilon": 0.13595437763984158, "gamma": 0.05816782238122301, "lamda": 0.08092396894596934}, "datetime": {"datetime": "2021-09-23 11:19:56", "elapsed": 99.593317, "delta": 0.748949}}
{"target": 0.9170260457841082, "params": {"C": 663.8703684129085, "epsilon": 0.12157301729858248, "gamma": 0.06, "lamda": 0.09151285609493837}, "datetime": {"datetime": "2021-09-23 11:19:57", "elapsed": 100.446942, "delta": 0.853625}}
{"target": 0.8950716836609618, "params": {"C": 605.41141178535, "epsilon": 0.2330673643688511, "gamma": 0.025774360753603544, "lamda": 0.11712963336696958}, "datetime": {"datetime": "2021-09-23 11:19:58", "elapsed": 101.125594, "delta": 0.678652}}
{"target": 0.870222508780141, "params": {"C": 767.0631035170215, "epsilon": 0.17332206731300268, "gamma": 0.010591606774269565, "lamda": 0.08231884783856391}, "datetime": {"datetime": "2021-09-23 11:19:59", "elapsed": 101.773591, "delta": 0.647997}}
{"target": 0.9162388118915749, "params": {"C": 663.9004696760788, "epsilon": 0.11444027637571011, "gamma": 0.052357425126891004, "lamda": 0.12801476521391458}, "datetime": {"datetime": "2021-09-23 11:19:59", "elapsed": 102.502591, "delta": 0.729}}
{"target": 0.8915071382123665, "params": {"C": 663.8697537181433, "epsilon": 0.14078327049968817, "gamma": 0.02329087099794279, "lamda": 0.09086007405198916}, "datetime": {"datetime": "2021-09-23 11:20:00", "elapsed": 103.162249, "delta": 0.659658}}
{"target": 0.914513230301993, "params": {"C": 663.8486742660997, "epsilon": 0.08738905318528248, "gamma": 0.05481730285188595, "lamda": 0.09050606598979605}, "datetime": {"datetime": "2021-09-23 11:20:01", "elapsed": 103.83025, "delta": 0.668001}}
{"target": 0.9165512414115774, "params": {"C": 635.109951313533, "epsilon": 0.1918368526281718, "gamma": 0.05835716439865076, "lamda": 0.0597327421308379}, "datetime": {"datetime": "2021-09-23 11:20:01", "elapsed": 104.489852, "delta": 0.659602}}
{"target": 0.8914798102318878, "params": {"C": 610.249901944638, "epsilon": 0.25670060197956834, "gamma": 0.023017492759285715, "lamda": 0.08651865255228884}, "datetime": {"datetime": "2021-09-23 11:20:02", "elapsed": 105.242093, "delta": 0.752241}}
{"target": 0.9024167286675358, "params": {"C": 701.1613216067883, "epsilon": 0.27969525936931994, "gamma": 0.03720903690640527, "lamda": 0.1568513552612531}, "datetime": {"datetime": "2021-09-23 11:20:03", "elapsed": 105.832092, "delta": 0.589999}}
{"target": 0.9170605409697317, "params": {"C": 692.1176889186679, "epsilon": 0.2475558370268052, "gamma": 0.054245978474151135, "lamda": 0.06662604131517516}, "datetime": {"datetime": "2021-09-23 11:20:03", "elapsed": 106.408089, "delta": 0.575997}}
{"target": 0.9107593479657212, "params": {"C": 769.4237781233384, "epsilon": 0.13742446476032155, "gamma": 0.04071739021618664, "lamda": 0.09715968539358139}, "datetime": {"datetime": "2021-09-23 11:20:04", "elapsed": 107.107292, "delta": 0.699203}}
{"target": 0.876589126441376, "params": {"C": 631.017887544633, "epsilon": 0.15624521954062542, "gamma": 0.01367959653519499, "lamda": 0.10117976161249373}, "datetime": {"datetime": "2021-09-23 11:20:05", "elapsed": 107.722289, "delta": 0.614997}}
{"target": 0.8946940749069925, "params": {"C": 679.4343795033099, "epsilon": 0.08150367246037477, "gamma": 0.02952056594992524, "lamda": 0.06934537794640402}, "datetime": {"datetime": "2021-09-23 11:20:05", "elapsed": 108.47529, "delta": 0.753001}}
{"target": 0.914733458387784, "params": {"C": 727.2069937028282, "epsilon": 0.1392836001083468, "gamma": 0.04880619216599235, "lamda": 0.15865640331654063}, "datetime": {"datetime": "2021-09-23 11:20:06", "elapsed": 109.116088, "delta": 0.640798}}
{"target": 0.9082335508420536, "params": {"C": 663.8837852945228, "epsilon": 0.07323876404999383, "gamma": 0.04084091228251081, "lamda": 0.12829624760950595}, "datetime": {"datetime": "2021-09-23 11:20:07", "elapsed": 109.801331, "delta": 0.685243}}
{"target": 0.9169289831086879, "params": {"C": 767.1121201781208, "epsilon": 0.12530698571128765, "gamma": 0.0567205604312939, "lamda": 0.08417658728340825}, "datetime": {"datetime": "2021-09-23 11:20:07", "elapsed": 110.610328, "delta": 0.808997}}
{"target": 0.9151970322639889, "params": {"C": 658.1272895020097, "epsilon": 0.32491945064163086, "gamma": 0.05119422961954722, "lamda": 0.0735819588423777}, "datetime": {"datetime": "2021-09-23 11:20:08", "elapsed": 111.280365, "delta": 0.670037}}
{"target": 0.9122576870633893, "params": {"C": 767.0804849711143, "epsilon": 0.11286966684942767, "gamma": 0.05457939473685374, "lamda": 0.0500394368325387}, "datetime": {"datetime": "2021-09-23 11:20:09", "elapsed": 112.092405, "delta": 0.81204}}
{"target": 0.9182292110492605, "params": {"C": 663.8719495669061, "epsilon": 0.11595867561127259, "gamma": 0.06, "lamda": 0.16126718298627132}, "datetime": {"datetime": "2021-09-23 11:20:10", "elapsed": 112.959692, "delta": 0.867287}}
{"target": 0.9042419928531343, "params": {"C": 692.0868696877618, "epsilon": 0.2545039888765951, "gamma": 0.03310751373852254, "lamda": 0.08879122718056802}, "datetime": {"datetime": "2021-09-23 11:20:11", "elapsed": 113.78969, "delta": 0.829998}}
{"target": 0.9081332249485304, "params": {"C": 663.8139069264358, "epsilon": 0.19018842450842027, "gamma": 0.04136238226958309, "lamda": 0.04854492472381956}, "datetime": {"datetime": "2021-09-23 11:20:11", "elapsed": 114.609622, "delta": 0.819932}}
{"target": 0.9058917055139608, "params": {"C": 644.4379764807485, "epsilon": 0.2916472924040877, "gamma": 0.036477933489676165, "lamda": 0.05215315139447145}, "datetime": {"datetime": "2021-09-23 11:20:12", "elapsed": 115.410625, "delta": 0.801003}}
{"target": 0.9120581184853569, "params": {"C": 681.0315951490924, "epsilon": 0.3391132370436084, "gamma": 0.04337043785991794, "lamda": 0.057738568989269115}, "datetime": {"datetime": "2021-09-23 11:20:13", "elapsed": 116.158622, "delta": 0.747997}}
{"target": 0.916886708889538, "params": {"C": 607.6304541836, "epsilon": 0.2799390148362481, "gamma": 0.06, "lamda": 0.045}, "datetime": {"datetime": "2021-09-23 11:20:14", "elapsed": 116.861621, "delta": 0.702999}}
{"target": 0.8675914622307146, "params": {"C": 689.8791157479703, "epsilon": 0.3212908810507836, "gamma": 0.013732399126731984, "lamda": 0.14779992931376235}, "datetime": {"datetime": "2021-09-23 11:20:14", "elapsed": 117.499622, "delta": 0.638001}}
{"target": 0.912293932273899, "params": {"C": 601.1626873955214, "epsilon": 0.15690254111646018, "gamma": 0.047991694737354096, "lamda": 0.06589780951420637}, "datetime": {"datetime": "2021-09-23 11:20:15", "elapsed": 118.319623, "delta": 0.820001}}
{"target": 0.9181313199868173, "params": {"C": 727.1805763001951, "epsilon": 0.11151825268620796, "gamma": 0.06, "lamda": 0.11973705824529914}, "datetime": {"datetime": "2021-09-23 11:20:16", "elapsed": 119.26063, "delta": 0.941007}}
{"target": 0.9148347117567688, "params": {"C": 610.3214213120923, "epsilon": 0.32207923575458425, "gamma": 0.05021498455529902, "lamda": 0.07205890913048105}, "datetime": {"datetime": "2021-09-23 11:20:17", "elapsed": 120.000662, "delta": 0.740032}}
{"target": 0.9148129976382543, "params": {"C": 722.4452853542052, "epsilon": 0.0970300215891427, "gamma": 0.0473422543364164, "lamda": 0.162782486556723}, "datetime": {"datetime": "2021-09-23 11:20:18", "elapsed": 120.794623, "delta": 0.793961}}
{"target": 0.8874433541035964, "params": {"C": 601.1556736031541, "epsilon": 0.21250468754330473, "gamma": 0.02028908097670981, "lamda": 0.09381119249841897}, "datetime": {"datetime": "2021-09-23 11:20:18", "elapsed": 121.649622, "delta": 0.854999}}
{"target": 0.9118117419304509, "params": {"C": 722.4336155374256, "epsilon": 0.09846502014816355, "gamma": 0.042283118995697894, "lamda": 0.16633741071860306}, "datetime": {"datetime": "2021-09-23 11:20:19", "elapsed": 122.263623, "delta": 0.614001}}
{"target": 0.913798001621418, "params": {"C": 610.2978261276224, "epsilon": 0.2794458382949335, "gamma": 0.05916287985412347, "lamda": 0.13976080528906842}, "datetime": {"datetime": "2021-09-23 11:20:20", "elapsed": 123.012624, "delta": 0.749001}}
{"target": 0.9105726298891139, "params": {"C": 757.2449644259635, "epsilon": 0.33879594730023377, "gamma": 0.05707917360888544, "lamda": 0.1519371998788339}, "datetime": {"datetime": "2021-09-23 11:20:20", "elapsed": 123.673623, "delta": 0.660999}}
{"target": 0.9080082848189058, "params": {"C": 601.2492784203747, "epsilon": 0.21877341680101228, "gamma": 0.04030229799470261, "lamda": 0.060747288066476265}, "datetime": {"datetime": "2021-09-23 11:20:21", "elapsed": 124.632624, "delta": 0.959001}}
{"target": 0.9000503666437387, "params": {"C": 758.9963453693811, "epsilon": 0.13110635180720298, "gamma": 0.02811767476518949, "lamda": 0.16873920077063093}, "datetime": {"datetime": "2021-09-23 11:20:22", "elapsed": 125.303626, "delta": 0.671002}}
{"target": 0.9090031459650538, "params": {"C": 668.5217901667364, "epsilon": 0.32476235285567495, "gamma": 0.04900803437446073, "lamda": 0.139171992242758}, "datetime": {"datetime": "2021-09-23 11:20:23", "elapsed": 125.981622, "delta": 0.677996}}
{"target": 0.883903863926567, "params": {"C": 643.8598235670137, "epsilon": 0.2988450336538654, "gamma": 0.017794306208286054, "lamda": 0.045592022590554684}, "datetime": {"datetime": "2021-09-23 11:20:23", "elapsed": 126.678628, "delta": 0.697006}}
{"target": 0.9086226695354848, "params": {"C": 778.0595666366261, "epsilon": 0.1031995172251613, "gamma": 0.037139433096796126, "lamda": 0.15502678438500622}, "datetime": {"datetime": "2021-09-23 11:20:24", "elapsed": 127.469626, "delta": 0.790998}}
{"target": 0.9143365770650537, "params": {"C": 638.4566044422554, "epsilon": 0.2519351839899737, "gamma": 0.0507012867682809, "lamda": 0.10482191888948683}, "datetime": {"datetime": "2021-09-23 11:20:25", "elapsed": 128.19366, "delta": 0.724034}}
{"target": 0.9088351446782634, "params": {"C": 713.0024661308325, "epsilon": 0.21272432417171194, "gamma": 0.038124821161456525, "lamda": 0.10302815703607959}, "datetime": {"datetime": "2021-09-23 11:20:26", "elapsed": 128.876622, "delta": 0.682962}}
{"target": 0.9091794302008424, "params": {"C": 727.1298916435038, "epsilon": 0.07332444804200687, "gamma": 0.04122345815578493, "lamda": 0.13018248371454727}, "datetime": {"datetime": "2021-09-23 11:20:27", "elapsed": 130.022623, "delta": 1.146001}}
{"target": 0.9108781992872502, "params": {"C": 727.1329355381617, "epsilon": 0.15628722005393383, "gamma": 0.0406416026493601, "lamda": 0.12682526617244555}, "datetime": {"datetime": "2021-09-23 11:20:28", "elapsed": 130.934621, "delta": 0.911998}}
{"target": 0.8929426085170703, "params": {"C": 610.3503710105899, "epsilon": 0.29700469752960484, "gamma": 0.0252105236318035, "lamda": 0.12312811772743726}, "datetime": {"datetime": "2021-09-23 11:20:29", "elapsed": 131.793625, "delta": 0.859004}}
{"target": 0.9081755346938336, "params": {"C": 729.4349140492611, "epsilon": 0.10268626410621573, "gamma": 0.03756179797920237, "lamda": 0.1444233472189922}, "datetime": {"datetime": "2021-09-23 11:20:29", "elapsed": 132.531623, "delta": 0.737998}}
{"target": 0.8959044186068847, "params": {"C": 722.6799669127662, "epsilon": 0.1706779042429889, "gamma": 0.02535961239657979, "lamda": 0.10405396963886623}, "datetime": {"datetime": "2021-09-23 11:20:30", "elapsed": 133.293517, "delta": 0.761894}}
{"target": 0.9144521820712235, "params": {"C": 635.153727113231, "epsilon": 0.20890714965052182, "gamma": 0.04925579527171026, "lamda": 0.06956933777700246}, "datetime": {"datetime": "2021-09-23 11:20:31", "elapsed": 134.154517, "delta": 0.861}}
{"target": 0.9103010239758024, "params": {"C": 722.4988727790284, "epsilon": 0.07418599915597511, "gamma": 0.04188885089547745, "lamda": 0.14625599519309826}, "datetime": {"datetime": "2021-09-23 11:20:32", "elapsed": 135.045919, "delta": 0.891402}}
