{"target": 0.9155672474036061, "params": {"C": 954.1635504339487, "epsilon": 0.1930683342380555, "gamma": 0.025113533003242726, "lamda": 0.160264337879741}, "datetime": {"datetime": "2021-09-23 23:13:14", "elapsed": 39.219206, "delta": 0.56704}}
{"target": 0.8927917065868094, "params": {"C": 1002.7760881056273, "epsilon": 0.7382567286117583, "gamma": 0.037271997459895206, "lamda": 0.35317826706476824}, "datetime": {"datetime": "2021-09-23 23:13:15", "elapsed": 39.70617, "delta": 0.486964}}
{"target": 0.8866853319694176, "params": {"C": 1118.796743563221, "epsilon": 0.5589215072792493, "gamma": 0.010240462451368925, "lamda": 0.06773062234407044}, "datetime": {"datetime": "2021-09-23 23:13:15", "elapsed": 40.201167, "delta": 0.494997}}
{"target": 0.9126876901606047, "params": {"C": 1082.2932631394963, "epsilon": 0.14211048957868105, "gamma": 0.06833741397481563, "lamda": 0.34612875507632634}, "datetime": {"datetime": "2021-09-23 23:13:16", "elapsed": 40.739902, "delta": 0.538735}}
{"target": 0.9208895659128469, "params": {"C": 982.5457904095172, "epsilon": 0.27098593709039054, "gamma": 0.029751113394043863, "lamda": 0.09404455338686031}, "datetime": {"datetime": "2021-09-23 23:13:16", "elapsed": 41.276904, "delta": 0.537002}}
{"target": 0.9245761327832996, "params": {"C": 982.4447736862197, "epsilon": 0.23811961942039517, "gamma": 0.02948605001325024, "lamda": 0.0692570918426103}, "datetime": {"datetime": "2021-09-23 23:13:17", "elapsed": 41.852987, "delta": 0.576083}}
{"target": 0.8914571762079287, "params": {"C": 995.9900254471981, "epsilon": 0.21809565697391184, "gamma": 0.01, "lamda": 0.11203267656452257}, "datetime": {"datetime": "2021-09-23 23:13:17", "elapsed": 42.477556, "delta": 0.624569}}
{"target": 0.9029060507253173, "params": {"C": 958.1838686127237, "epsilon": 0.19571587338618618, "gamma": 0.01192188960224603, "lamda": 0.02406857943971472}, "datetime": {"datetime": "2021-09-23 23:13:18", "elapsed": 43.172612, "delta": 0.695056}}
{"target": 0.9199889603631961, "params": {"C": 982.4546358067911, "epsilon": 0.2789138461739197, "gamma": 0.04203377636363465, "lamda": 0.15411283207154738}, "datetime": {"datetime": "2021-09-23 23:13:19", "elapsed": 43.75365, "delta": 0.581038}}
{"target": 0.9240103047308026, "params": {"C": 1104.2527988398942, "epsilon": 0.05692594459460429, "gamma": 0.05449708362256058, "lamda": 0.24144356464980057}, "datetime": {"datetime": "2021-09-23 23:13:19", "elapsed": 44.318481, "delta": 0.564831}}
{"target": 0.9007497147457623, "params": {"C": 1101.7520960746133, "epsilon": 0.5238881381520016, "gamma": 0.020092360359869454, "lamda": 0.13394338251117271}, "datetime": {"datetime": "2021-09-23 23:13:20", "elapsed": 44.826719, "delta": 0.508238}}
{"target": 0.9098563898897476, "params": {"C": 1118.9339157767956, "epsilon": 0.7209878344564675, "gamma": 0.03044308077340671, "lamda": 0.10963361445999367}, "datetime": {"datetime": "2021-09-23 23:13:20", "elapsed": 45.35035, "delta": 0.523631}}
{"target": 0.9274610648880666, "params": {"C": 954.1626420130256, "epsilon": 0.0713139684423269, "gamma": 0.047455920008444584, "lamda": 0.13696928933786062}, "datetime": {"datetime": "2021-09-23 23:13:21", "elapsed": 46.084373, "delta": 0.734023}}
{"target": 0.9214138865925443, "params": {"C": 982.4462228767663, "epsilon": 0.11553621724029234, "gamma": 0.05826243842603866, "lamda": 0.06972481812311924}, "datetime": {"datetime": "2021-09-23 23:13:22", "elapsed": 46.687378, "delta": 0.603005}}
{"target": 0.8986041575960164, "params": {"C": 1123.6843531509976, "epsilon": 0.7959292186370986, "gamma": 0.06049574738962546, "lamda": 0.25855767007288327}, "datetime": {"datetime": "2021-09-23 23:13:22", "elapsed": 47.215421, "delta": 0.528043}}
{"target": 0.9290663136700824, "params": {"C": 954.058435559811, "epsilon": 0.0387416183104871, "gamma": 0.03833288099322947, "lamda": 0.10581024417609061}, "datetime": {"datetime": "2021-09-23 23:13:23", "elapsed": 47.894557, "delta": 0.679136}}
{"target": 0.887565924541999, "params": {"C": 1116.562897216854, "epsilon": 0.9391503991691993, "gamma": 0.019100082831807322, "lamda": 0.1600057032430177}, "datetime": {"datetime": "2021-09-23 23:13:23", "elapsed": 48.428596, "delta": 0.534039}}
{"target": 0.917655634977862, "params": {"C": 1082.744576788936, "epsilon": 0.07834097172128293, "gamma": 0.06397009573306096, "lamda": 0.3237634731685937}, "datetime": {"datetime": "2021-09-23 23:13:24", "elapsed": 48.993804, "delta": 0.565208}}
{"target": 0.9135134608981138, "params": {"C": 965.065850470294, "epsilon": 0.5412863314333759, "gamma": 0.06458752949409159, "lamda": 0.11272405197337206}, "datetime": {"datetime": "2021-09-23 23:13:25", "elapsed": 49.517804, "delta": 0.524}}
{"target": 0.9236620919079436, "params": {"C": 982.5635333019256, "epsilon": 0.14841946098192094, "gamma": 0.054747708744836455, "lamda": 0.1178157204697746}, "datetime": {"datetime": "2021-09-23 23:13:25", "elapsed": 50.178804, "delta": 0.661}}
{"target": 0.9259619376693798, "params": {"C": 982.3977309246525, "epsilon": 0.3287208206342853, "gamma": 0.03588001544547548, "lamda": 0.054967500890329216}, "datetime": {"datetime": "2021-09-23 23:13:26", "elapsed": 50.842336, "delta": 0.663532}}
{"target": 0.900206913663381, "params": {"C": 968.9873598003255, "epsilon": 0.6158346053251317, "gamma": 0.028929232904324254, "lamda": 0.23123778970736691}, "datetime": {"datetime": "2021-09-23 23:13:26", "elapsed": 51.385867, "delta": 0.543531}}
{"target": 0.9183376092537846, "params": {"C": 982.6544762857908, "epsilon": 0.2581118979053671, "gamma": 0.06216723644969042, "lamda": 0.1286988342860147}, "datetime": {"datetime": "2021-09-23 23:13:27", "elapsed": 52.020906, "delta": 0.635039}}
{"target": 0.9008279306273332, "params": {"C": 982.5964052021881, "epsilon": 0.17539996811113126, "gamma": 0.01314881459050736, "lamda": 0.13216456026408718}, "datetime": {"datetime": "2021-09-23 23:13:28", "elapsed": 52.727447, "delta": 0.706541}}
{"target": 0.9240506218290925, "params": {"C": 954.0744536188134, "epsilon": 0.05580708077980799, "gamma": 0.025656472628369183, "lamda": 0.1559971815167755}, "datetime": {"datetime": "2021-09-23 23:13:28", "elapsed": 53.35994, "delta": 0.632493}}
{"target": 0.911600966922979, "params": {"C": 1104.3184944273144, "epsilon": 0.0828664965632094, "gamma": 0.06308205961311132, "lamda": 0.05908817635816069}, "datetime": {"datetime": "2021-09-23 23:13:29", "elapsed": 54.044942, "delta": 0.685002}}
{"target": 0.9177805266054758, "params": {"C": 996.6139081986354, "epsilon": 0.4677101742567653, "gamma": 0.06802859727838093, "lamda": 0.04802691288163459}, "datetime": {"datetime": "2021-09-23 23:13:30", "elapsed": 54.60213, "delta": 0.557188}}
{"target": 0.9189606371483308, "params": {"C": 982.3694319693454, "epsilon": 0.2639090693000287, "gamma": 0.06641848096585319, "lamda": 0.05647590596069576}, "datetime": {"datetime": "2021-09-23 23:13:30", "elapsed": 55.269089, "delta": 0.666959}}
{"target": 0.9272216169867104, "params": {"C": 954.0272885360799, "epsilon": 0.10757515706545742, "gamma": 0.043832367096401564, "lamda": 0.13226113143407883}, "datetime": {"datetime": "2021-09-23 23:13:31", "elapsed": 55.843089, "delta": 0.574}}
{"target": 0.9160525785308689, "params": {"C": 1049.6443617848074, "epsilon": 0.6678857848740779, "gamma": 0.06309517416898137, "lamda": 0.07003032387803912}, "datetime": {"datetime": "2021-09-23 23:13:31", "elapsed": 56.436087, "delta": 0.592998}}
{"target": 0.9194114633279187, "params": {"C": 1121.557002905431, "epsilon": 0.27222863265745145, "gamma": 0.046860868259423975, "lamda": 0.1674937157763118}, "datetime": {"datetime": "2021-09-23 23:13:32", "elapsed": 56.996089, "delta": 0.560002}}
{"target": 0.8917221391038676, "params": {"C": 992.8073372508214, "epsilon": 0.3398439368681727, "gamma": 0.014415515842233988, "lamda": 0.18032579906708}, "datetime": {"datetime": "2021-09-23 23:13:33", "elapsed": 57.572297, "delta": 0.576208}}
{"target": 0.9218687900569436, "params": {"C": 982.3864071295974, "epsilon": 0.1306243928830592, "gamma": 0.025816386109153967, "lamda": 0.12717021999101052}, "datetime": {"datetime": "2021-09-23 23:13:33", "elapsed": 58.184866, "delta": 0.612569}}
{"target": 0.9285252927832611, "params": {"C": 982.4378281547965, "epsilon": 0.29926470194458066, "gamma": 0.04196045711522171, "lamda": 0.03915603621511553}, "datetime": {"datetime": "2021-09-23 23:13:34", "elapsed": 58.840255, "delta": 0.655389}}
{"target": 0.9113819486198601, "params": {"C": 982.5863199139624, "epsilon": 0.12886559324953334, "gamma": 0.06910649855647956, "lamda": 0.050099130381372974}, "datetime": {"datetime": "2021-09-23 23:13:34", "elapsed": 59.49722, "delta": 0.656965}}
{"target": 0.922269101010157, "params": {"C": 982.4991020853234, "epsilon": 0.17853789208254753, "gamma": 0.055283003466148346, "lamda": 0.12998908094293327}, "datetime": {"datetime": "2021-09-23 23:13:35", "elapsed": 60.159254, "delta": 0.662034}}
{"target": 0.913512931970778, "params": {"C": 1104.211438961816, "epsilon": 0.06739665114113155, "gamma": 0.06472968192994569, "lamda": 0.08701326065498753}, "datetime": {"datetime": "2021-09-23 23:13:36", "elapsed": 60.776269, "delta": 0.617015}}
{"target": 0.9226100867868646, "params": {"C": 1104.2030918300372, "epsilon": 0.18866539378934197, "gamma": 0.049137238208414556, "lamda": 0.14626826958284841}, "datetime": {"datetime": "2021-09-23 23:13:36", "elapsed": 61.475911, "delta": 0.699642}}
{"target": 0.9244136240353356, "params": {"C": 982.3697333910876, "epsilon": 0.13620264184009595, "gamma": 0.02503633481719246, "lamda": 0.045007733510045306}, "datetime": {"datetime": "2021-09-23 23:13:37", "elapsed": 62.161054, "delta": 0.685143}}
{"target": 0.9179532489973592, "params": {"C": 1104.3328020709293, "epsilon": 0.08578646020390548, "gamma": 0.06775303624866391, "lamda": 0.1660363612862236}, "datetime": {"datetime": "2021-09-23 23:13:38", "elapsed": 62.837399, "delta": 0.676345}}
{"target": 0.9150201868512828, "params": {"C": 954.2718922977975, "epsilon": 0.1399054067781712, "gamma": 0.01972550789911961, "lamda": 0.12526229112425938}, "datetime": {"datetime": "2021-09-23 23:13:39", "elapsed": 63.552362, "delta": 0.714963}}
{"target": 0.9254640755813491, "params": {"C": 1005.2911409123242, "epsilon": 0.8262884208591298, "gamma": 0.04177352018761141, "lamda": 0.023832859251152878}, "datetime": {"datetime": "2021-09-23 23:13:39", "elapsed": 64.144362, "delta": 0.592}}
{"target": 0.9195826842805815, "params": {"C": 1039.3317164177604, "epsilon": 0.996814221971482, "gamma": 0.050044525431901535, "lamda": 0.041661512213747025}, "datetime": {"datetime": "2021-09-23 23:13:40", "elapsed": 64.743362, "delta": 0.599}}
{"target": 0.9131632568778139, "params": {"C": 1005.3574281917444, "epsilon": 0.8570725475898907, "gamma": 0.049109186677554914, "lamda": 0.0015826805244696755}, "datetime": {"datetime": "2021-09-23 23:13:40", "elapsed": 65.46622, "delta": 0.722858}}
{"target": 0.9229639843816837, "params": {"C": 1104.1852685312986, "epsilon": 0.17535273359623718, "gamma": 0.05821611991455887, "lamda": 0.08013787133073288}, "datetime": {"datetime": "2021-09-23 23:13:41", "elapsed": 66.163181, "delta": 0.696961}}
{"target": 0.9286790626227529, "params": {"C": 954.1059860329149, "epsilon": 0.1613879170637376, "gamma": 0.0416259621562573, "lamda": 0.07074086212931507}, "datetime": {"datetime": "2021-09-23 23:13:42", "elapsed": 66.845924, "delta": 0.682743}}
{"target": 0.9279090964774261, "params": {"C": 954.0991920602623, "epsilon": 0.10198868073131241, "gamma": 0.04627208945259079, "lamda": 0.06729518256437468}, "datetime": {"datetime": "2021-09-23 23:13:43", "elapsed": 67.65451, "delta": 0.808586}}
{"target": 0.9159540285518788, "params": {"C": 958.2344138644579, "epsilon": 0.32013222565728616, "gamma": 0.02674487885240493, "lamda": 0.10826117743046579}, "datetime": {"datetime": "2021-09-23 23:13:43", "elapsed": 68.376914, "delta": 0.722404}}
{"target": 0.9250842776665498, "params": {"C": 982.4719496841973, "epsilon": 0.29131857069973843, "gamma": 0.027326480249759838, "lamda": 0.0407381699427289}, "datetime": {"datetime": "2021-09-23 23:13:44", "elapsed": 68.998914, "delta": 0.622}}
{"target": 0.9002811426597859, "params": {"C": 982.3143198359109, "epsilon": 0.15194357911410777, "gamma": 0.06941626516580622, "lamda": 0.024147313507418867}, "datetime": {"datetime": "2021-09-23 23:13:45", "elapsed": 69.742918, "delta": 0.744004}}
{"target": 0.9157409282552617, "params": {"C": 1049.3609337688495, "epsilon": 0.2607956519883421, "gamma": 0.043715077692807774, "lamda": 0.257267554410696}, "datetime": {"datetime": "2021-09-23 23:13:45", "elapsed": 70.400453, "delta": 0.657535}}
{"target": 0.9267960535712275, "params": {"C": 995.1786572949005, "epsilon": 0.37241433240221966, "gamma": 0.04373140729143769, "lamda": 0.04379956074803851}, "datetime": {"datetime": "2021-09-23 23:13:46", "elapsed": 71.027453, "delta": 0.627}}
{"target": 0.9167313016368325, "params": {"C": 954.1572125013212, "epsilon": 0.13261474413950555, "gamma": 0.07, "lamda": 0.09542975131052532}, "datetime": {"datetime": "2021-09-23 23:13:47", "elapsed": 71.886812, "delta": 0.859359}}
{"target": 0.9244517817297245, "params": {"C": 954.0305269473596, "epsilon": 0.139271485832905, "gamma": 0.054819569920003225, "lamda": 0.07976036283199042}, "datetime": {"datetime": "2021-09-23 23:13:48", "elapsed": 72.654215, "delta": 0.767403}}
{"target": 0.9074203322593445, "params": {"C": 1111.8570654598893, "epsilon": 0.24953022686291432, "gamma": 0.03174120971822739, "lamda": 0.3959755288598539}, "datetime": {"datetime": "2021-09-23 23:13:48", "elapsed": 73.234095, "delta": 0.57988}}
{"target": 0.9202231134776425, "params": {"C": 972.2348727357748, "epsilon": 0.15940624080733246, "gamma": 0.048832562763475626, "lamda": 0.23117264300962911}, "datetime": {"datetime": "2021-09-23 23:13:49", "elapsed": 73.908629, "delta": 0.674534}}
{"target": 0.9154724372823322, "params": {"C": 1004.7533242483848, "epsilon": 0.8521469727564794, "gamma": 0.019353167449943268, "lamda": 0.002889736109050558}, "datetime": {"datetime": "2021-09-23 23:13:50", "elapsed": 74.605422, "delta": 0.696793}}
{"target": 0.9235601417734967, "params": {"C": 1104.2712850367752, "epsilon": 0.22301319765144714, "gamma": 0.05597504313220697, "lamda": 0.07350884094562461}, "datetime": {"datetime": "2021-09-23 23:13:50", "elapsed": 75.368582, "delta": 0.76316}}
{"target": 0.9066236474304508, "params": {"C": 999.7270738997726, "epsilon": 0.6836189943343498, "gamma": 0.05884154412193709, "lamda": 0.19195156509524197}, "datetime": {"datetime": "2021-09-23 23:13:51", "elapsed": 76.006146, "delta": 0.637564}}
{"target": 0.9112451754240869, "params": {"C": 1069.0720615170535, "epsilon": 0.5427503498020761, "gamma": 0.04374978539374783, "lamda": 0.1862258772591661}, "datetime": {"datetime": "2021-09-23 23:13:52", "elapsed": 76.625149, "delta": 0.619003}}
{"target": 0.9247162740684595, "params": {"C": 954.106280359336, "epsilon": 0.2673507896096558, "gamma": 0.0341334875573536, "lamda": 0.07580786212169695}, "datetime": {"datetime": "2021-09-23 23:13:52", "elapsed": 77.362255, "delta": 0.737106}}
{"target": 0.922531111705869, "params": {"C": 982.491129626801, "epsilon": 0.07349346024985491, "gamma": 0.05730262012719528, "lamda": 0.12027609776170539}, "datetime": {"datetime": "2021-09-23 23:13:53", "elapsed": 78.094255, "delta": 0.732}}
{"target": 0.9245043596636767, "params": {"C": 1005.2014111942766, "epsilon": 0.86893595086072, "gamma": 0.05303921426206303, "lamda": 0.011847181227620178}, "datetime": {"datetime": "2021-09-23 23:13:54", "elapsed": 78.956213, "delta": 0.861958}}
{"target": 0.9188164429411099, "params": {"C": 1084.358059580708, "epsilon": 0.14742843030751573, "gamma": 0.043074157575042855, "lamda": 0.3183593243230231}, "datetime": {"datetime": "2021-09-23 23:13:55", "elapsed": 79.611255, "delta": 0.655042}}
{"target": 0.9145375311847402, "params": {"C": 1005.164423481366, "epsilon": 0.9038788650063224, "gamma": 0.033797016680390944, "lamda": 0.06709792726289263}, "datetime": {"datetime": "2021-09-23 23:13:55", "elapsed": 80.478355, "delta": 0.8671}}
{"target": 0.9198412197923449, "params": {"C": 995.1246475539726, "epsilon": 0.3672541935163368, "gamma": 0.04987562888300283, "lamda": 0.11385313824426552}, "datetime": {"datetime": "2021-09-23 23:13:56", "elapsed": 81.262431, "delta": 0.784076}}
{"target": 0.9255978587076885, "params": {"C": 1083.6601293259575, "epsilon": 0.158477294067946, "gamma": 0.049759902484325366, "lamda": 0.04027005645109971}, "datetime": {"datetime": "2021-09-23 23:13:57", "elapsed": 81.922017, "delta": 0.659586}}
{"target": 0.908682385106678, "params": {"C": 954.2237356796215, "epsilon": 0.2296048619437045, "gamma": 0.06437336209259305, "lamda": 0.01871409655334288}, "datetime": {"datetime": "2021-09-23 23:13:58", "elapsed": 82.658052, "delta": 0.736035}}
{"target": 0.9220413974839534, "params": {"C": 1005.2059581368841, "epsilon": 0.7814019826091826, "gamma": 0.05503349731822233, "lamda": 0.009638054616001323}, "datetime": {"datetime": "2021-09-23 23:13:59", "elapsed": 83.531852, "delta": 0.8738}}
{"target": 0.9281443485485309, "params": {"C": 1069.1310855282547, "epsilon": 0.5431340454736073, "gamma": 0.041047371079207993, "lamda": 0.023488927162763792}, "datetime": {"datetime": "2021-09-23 23:13:59", "elapsed": 84.217896, "delta": 0.686044}}
{"target": 0.9196938834879286, "params": {"C": 1102.6970624918026, "epsilon": 0.4376139820887217, "gamma": 0.0452438444260524, "lamda": 0.10230803864004533}, "datetime": {"datetime": "2021-09-23 23:14:00", "elapsed": 84.919076, "delta": 0.70118}}
{"target": 0.9111657920326962, "params": {"C": 1149.939588108705, "epsilon": 0.9413578200147077, "gamma": 0.05169587417401512, "lamda": 0.1074887568570277}, "datetime": {"datetime": "2021-09-23 23:14:01", "elapsed": 85.71965, "delta": 0.800574}}
{"target": 0.9016700956579842, "params": {"C": 1027.8104324424419, "epsilon": 0.9706437187470232, "gamma": 0.046747562496621535, "lamda": 0.19747547043438402}, "datetime": {"datetime": "2021-09-23 23:14:01", "elapsed": 86.465925, "delta": 0.746275}}
{"target": 0.9217065988239113, "params": {"C": 1021.0890710539198, "epsilon": 0.17998400187653382, "gamma": 0.054238940631976096, "lamda": 0.14901654730523006}, "datetime": {"datetime": "2021-09-23 23:14:02", "elapsed": 87.151925, "delta": 0.686}}
{"target": 0.9205085721045372, "params": {"C": 995.0534713732791, "epsilon": 0.37234981701141945, "gamma": 0.023711479609296003, "lamda": 0.04346522242864714}, "datetime": {"datetime": "2021-09-23 23:14:03", "elapsed": 87.970551, "delta": 0.818626}}
{"target": 0.9260032868145975, "params": {"C": 1082.6725359257591, "epsilon": 0.0539403836611065, "gamma": 0.034029317824033414, "lamda": 0.2757242587795708}, "datetime": {"datetime": "2021-09-23 23:14:04", "elapsed": 88.829872, "delta": 0.859321}}
{"target": 0.9166120431718509, "params": {"C": 1069.0410625596187, "epsilon": 0.5078297456274636, "gamma": 0.06787196860094846, "lamda": 0.020716685281295673}, "datetime": {"datetime": "2021-09-23 23:14:05", "elapsed": 89.701287, "delta": 0.871415}}
{"target": 0.902581668047146, "params": {"C": 1042.464738082672, "epsilon": 0.8784011947375866, "gamma": 0.035864657870234413, "lamda": 0.18268796728063807}, "datetime": {"datetime": "2021-09-23 23:14:05", "elapsed": 90.373596, "delta": 0.672309}}
{"target": 0.902926600600185, "params": {"C": 1082.7060224250788, "epsilon": 0.13860366507337435, "gamma": 0.017870101717892196, "lamda": 0.3074413414256206}, "datetime": {"datetime": "2021-09-23 23:14:06", "elapsed": 91.135638, "delta": 0.762042}}
{"target": 0.8795026114683641, "params": {"C": 1121.0147816622648, "epsilon": 0.4492766887690173, "gamma": 0.016580179125591267, "lamda": 0.372529342562119}, "datetime": {"datetime": "2021-09-23 23:14:07", "elapsed": 91.827637, "delta": 0.691999}}
{"target": 0.9275281861781075, "params": {"C": 1104.2440160263632, "epsilon": 0.15279836860873452, "gamma": 0.029162226287249293, "lamda": 0.06451985919577821}, "datetime": {"datetime": "2021-09-23 23:14:08", "elapsed": 92.653637, "delta": 0.826}}
{"target": 0.9192911266799098, "params": {"C": 995.2230786943547, "epsilon": 0.41304689776994596, "gamma": 0.06160003350540369, "lamda": 0.07176425515877484}, "datetime": {"datetime": "2021-09-23 23:14:09", "elapsed": 93.548596, "delta": 0.894959}}
{"target": 0.906275640281266, "params": {"C": 1075.4850882614528, "epsilon": 0.3693580054067216, "gamma": 0.02634467881683837, "lamda": 0.21723529157773994}, "datetime": {"datetime": "2021-09-23 23:14:09", "elapsed": 94.327652, "delta": 0.779056}}
{"target": 0.907774006739629, "params": {"C": 1083.6357047164252, "epsilon": 0.06715517862833562, "gamma": 0.059503764884928985, "lamda": 0.041542150507770034}, "datetime": {"datetime": "2021-09-23 23:14:10", "elapsed": 95.283692, "delta": 0.95604}}
{"target": 0.9209460355868597, "params": {"C": 1027.7800913029403, "epsilon": 0.3401515195022249, "gamma": 0.0434942823660553, "lamda": 0.11052632772186367}, "datetime": {"datetime": "2021-09-23 23:14:11", "elapsed": 95.994126, "delta": 0.710434}}
{"target": 0.9217308532830082, "params": {"C": 1082.77178916059, "epsilon": 0.053553765904645695, "gamma": 0.02427893217457711, "lamda": 0.24440920362410526}, "datetime": {"datetime": "2021-09-23 23:14:12", "elapsed": 96.840534, "delta": 0.846408}}
{"target": 0.9258552940596741, "params": {"C": 1030.928733654155, "epsilon": 0.03993760410202912, "gamma": 0.04740727281175782, "lamda": 0.33752475851461233}, "datetime": {"datetime": "2021-09-23 23:14:13", "elapsed": 97.712534, "delta": 0.872}}
{"target": 0.874422629364076, "params": {"C": 1069.1356811638777, "epsilon": 0.6097341666533348, "gamma": 0.07, "lamda": 0.001}, "datetime": {"datetime": "2021-09-23 23:14:14", "elapsed": 98.738798, "delta": 1.026264}}
