{"target": -2.4253101136229875, "params": {"C": 96.57966801104837, "epsilon": 0.1683332587427618, "gamma": 0.14955352933617083, "lamda": 0.26924375722771265}, "datetime": {"datetime": "2021-09-23 12:53:26", "elapsed": 30.055184, "delta": 1.460225}}
{"target": -2.2966284073878667, "params": {"C": 63.598540055189325, "epsilon": 0.13185253398176097, "gamma": 0.018906373618828215, "lamda": 0.3526319049927347}, "datetime": {"datetime": "2021-09-23 12:53:27", "elapsed": 30.569334, "delta": 0.51415}}
{"target": -2.5841059353704847, "params": {"C": 150.20235883037796, "epsilon": 0.472038133411693, "gamma": 0.1357046797930028, "lamda": 0.450058172874507}, "datetime": {"datetime": "2021-09-23 12:53:27", "elapsed": 31.044335, "delta": 0.475001}}
{"target": -2.2053106583700264, "params": {"C": 156.4567264027437, "epsilon": 0.10487564653622847, "gamma": 0.09960035259179982, "lamda": 0.3925395179735798}, "datetime": {"datetime": "2021-09-23 12:53:28", "elapsed": 31.693362, "delta": 0.649027}}
{"target": -2.482611762107314, "params": {"C": 138.8128929984619, "epsilon": 0.38930739184451824, "gamma": 0.127146502250219, "lamda": 0.3812661797441372}, "datetime": {"datetime": "2021-09-23 12:53:28", "elapsed": 32.164013, "delta": 0.470651}}
{"target": -2.3153603118871713, "params": {"C": 92.93802931198326, "epsilon": 0.238518803519224, "gamma": 0.010830850029919655, "lamda": 0.008373751955637925}, "datetime": {"datetime": "2021-09-23 12:53:29", "elapsed": 33.283154, "delta": 1.119141}}
{"target": -2.493829777710572, "params": {"C": 57.82180918000132, "epsilon": 0.3100626371123973, "gamma": 0.01082754873720373, "lamda": 0.34871598761679123}, "datetime": {"datetime": "2021-09-23 12:53:30", "elapsed": 34.042203, "delta": 0.759049}}
{"target": -1.9830203645819036, "params": {"C": 74.3384039989511, "epsilon": 0.11550169382513399, "gamma": 0.058469112133208594, "lamda": 0.012886138819984221}, "datetime": {"datetime": "2021-09-23 12:53:31", "elapsed": 35.150029, "delta": 1.107826}}
{"target": -2.3308822707108443, "params": {"C": 151.71647818163984, "epsilon": 0.3259658560278008, "gamma": 0.12356517519413936, "lamda": 0.15290157411605687}, "datetime": {"datetime": "2021-09-23 12:53:32", "elapsed": 35.724646, "delta": 0.574617}}
{"target": -2.3304788506676464, "params": {"C": 108.63876944234217, "epsilon": 0.41938545982129155, "gamma": 0.05568710650884283, "lamda": 0.5785290308456492}, "datetime": {"datetime": "2021-09-23 12:53:32", "elapsed": 36.197594, "delta": 0.472948}}
{"target": -2.2613413201971846, "params": {"C": 52.91930657148266, "epsilon": 0.3352838954996215, "gamma": 0.05247996945097443, "lamda": 0.5806582007658465}, "datetime": {"datetime": "2021-09-23 12:53:33", "elapsed": 36.67951, "delta": 0.481916}}
{"target": -2.172727644427023, "params": {"C": 149.54618231925764, "epsilon": 0.014877740872338483, "gamma": 0.08721233966700843, "lamda": 0.4846755988704041}, "datetime": {"datetime": "2021-09-23 12:53:33", "elapsed": 37.378512, "delta": 0.699002}}
{"target": -2.1292669698320648, "params": {"C": 50.468094747924056, "epsilon": 0.2527845915140433, "gamma": 0.0954384201269368, "lamda": 0.149057085515029}, "datetime": {"datetime": "2021-09-23 12:53:34", "elapsed": 37.931509, "delta": 0.552997}}
{"target": -2.3385592261317916, "params": {"C": 146.10730232660825, "epsilon": 0.034111416485768646, "gamma": 0.1239085282889067, "lamda": 0.5390396959236893}, "datetime": {"datetime": "2021-09-23 12:53:35", "elapsed": 38.583435, "delta": 0.651926}}
{"target": -2.1851401773722245, "params": {"C": 79.67017638299345, "epsilon": 0.45212254897407017, "gamma": 0.10494911379077601, "lamda": 0.058004063554882426}, "datetime": {"datetime": "2021-09-23 12:53:35", "elapsed": 39.309438, "delta": 0.726003}}
{"target": -2.3680996488907713, "params": {"C": 73.0520773490383, "epsilon": 0.39679996018238695, "gamma": 0.1396982648878778, "lamda": 0.13999439774894243}, "datetime": {"datetime": "2021-09-23 12:53:36", "elapsed": 39.958434, "delta": 0.648996}}
{"target": -2.1713585746571575, "params": {"C": 117.12318790329378, "epsilon": 0.15621135408650438, "gamma": 0.09979610418317718, "lamda": 0.1340420930673747}, "datetime": {"datetime": "2021-09-23 12:53:37", "elapsed": 40.633528, "delta": 0.675094}}
{"target": -2.26323645848703, "params": {"C": 129.6941038691748, "epsilon": 0.03901017078557827, "gamma": 0.11133370702271755, "lamda": 0.20778402913049354}, "datetime": {"datetime": "2021-09-23 12:53:37", "elapsed": 41.419535, "delta": 0.786007}}
{"target": -2.027439484731884, "params": {"C": 74.32051557599853, "epsilon": 0.06280946436797272, "gamma": 0.044897272434622396, "lamda": 0.02193655694673723}, "datetime": {"datetime": "2021-09-23 12:53:38", "elapsed": 42.447147, "delta": 1.027612}}
{"target": -2.3231902986508772, "params": {"C": 176.70084557121584, "epsilon": 0.35771002110574196, "gamma": 0.11638699250977697, "lamda": 0.1713297214203294}, "datetime": {"datetime": "2021-09-23 12:53:39", "elapsed": 42.996385, "delta": 0.549238}}
{"target": -2.164875058128722, "params": {"C": 74.38448468547423, "epsilon": 0.08916774799974882, "gamma": 0.02232703491828402, "lamda": 0.10411945841035848}, "datetime": {"datetime": "2021-09-23 12:53:40", "elapsed": 44.304325, "delta": 1.30794}}
{"target": -2.09937088873113, "params": {"C": 66.17599339044897, "epsilon": 0.11123021345550069, "gamma": 0.08643296147474576, "lamda": 0.3147977109978539}, "datetime": {"datetime": "2021-09-23 12:53:41", "elapsed": 44.821492, "delta": 0.517167}}
{"target": -2.3732526105012126, "params": {"C": 74.36980836103167, "epsilon": 0.1605821106200346, "gamma": 0.14671931825070697, "lamda": 0.027246993190146434}, "datetime": {"datetime": "2021-09-23 12:53:41", "elapsed": 45.43412, "delta": 0.612628}}
{"target": -2.1531484583522955, "params": {"C": 164.66811945001947, "epsilon": 0.22628074064409742, "gamma": 0.08139540553003007, "lamda": 0.2922446690240166}, "datetime": {"datetime": "2021-09-23 12:53:42", "elapsed": 45.941768, "delta": 0.507648}}
{"target": -2.093753796784276, "params": {"C": 145.97616172257813, "epsilon": 0.14389632952575587, "gamma": 0.02139961316419523, "lamda": 0.03434145377755041}, "datetime": {"datetime": "2021-09-23 12:53:43", "elapsed": 46.811424, "delta": 0.869656}}
{"target": -2.051702451779857, "params": {"C": 164.6208577353288, "epsilon": 0.2061884088768911, "gamma": 0.05807576316236272, "lamda": 0.3059520243393571}, "datetime": {"datetime": "2021-09-23 12:53:44", "elapsed": 48.08204, "delta": 1.270616}}
{"target": -2.2953684318854597, "params": {"C": 124.86383281405477, "epsilon": 0.10849448716163723, "gamma": 0.014451744662137698, "lamda": 0.4059112152243531}, "datetime": {"datetime": "2021-09-23 12:53:45", "elapsed": 48.728089, "delta": 0.646049}}
{"target": -2.237802879333215, "params": {"C": 56.06533648116255, "epsilon": 0.14914797565568896, "gamma": 0.118320025765015, "lamda": 0.10330165752687798}, "datetime": {"datetime": "2021-09-23 12:53:45", "elapsed": 49.386083, "delta": 0.657994}}
{"target": -2.097319484720409, "params": {"C": 117.13922604857083, "epsilon": 0.16008166016615413, "gamma": 0.0871674731195778, "lamda": 0.15463204118602417}, "datetime": {"datetime": "2021-09-23 12:53:46", "elapsed": 50.021083, "delta": 0.635}}
{"target": -2.307843144135658, "params": {"C": 146.0344893613803, "epsilon": 0.0742926608395792, "gamma": 0.010184028031181796, "lamda": 0.070245180023651}, "datetime": {"datetime": "2021-09-23 12:53:47", "elapsed": 50.819398, "delta": 0.798315}}
{"target": -1.9955406659519912, "params": {"C": 145.9922911746183, "epsilon": 0.1294071395043667, "gamma": 0.03333872294770461, "lamda": 0.1612405783179384}, "datetime": {"datetime": "2021-09-23 12:53:47", "elapsed": 51.552393, "delta": 0.732995}}
{"target": -2.421014090605578, "params": {"C": 124.7134508697491, "epsilon": 0.10460283895081356, "gamma": 0.01, "lamda": 0.431983514599801}, "datetime": {"datetime": "2021-09-23 12:53:48", "elapsed": 52.362632, "delta": 0.810239}}
{"target": -2.2479842004697246, "params": {"C": 163.22117832600486, "epsilon": 0.20978546933201417, "gamma": 0.10546334258679597, "lamda": 0.24658576350111652}, "datetime": {"datetime": "2021-09-23 12:53:49", "elapsed": 52.843547, "delta": 0.480915}}
{"target": -1.9389887868259599, "params": {"C": 146.07004037629588, "epsilon": 0.18135499821306597, "gamma": 0.051445168275447616, "lamda": 0.06957214034994715}, "datetime": {"datetime": "2021-09-23 12:53:49", "elapsed": 53.44655, "delta": 0.603003}}
{"target": -2.1989763117481322, "params": {"C": 84.93782558979245, "epsilon": 0.36618834629392766, "gamma": 0.034678505603509206, "lamda": 0.4114445607073165}, "datetime": {"datetime": "2021-09-23 12:53:50", "elapsed": 53.973549, "delta": 0.526999}}
{"target": -2.04158192366405, "params": {"C": 110.73671001928058, "epsilon": 0.018081865193282632, "gamma": 0.06796341578930432, "lamda": 0.4678407583291345}, "datetime": {"datetime": "2021-09-23 12:53:50", "elapsed": 54.558495, "delta": 0.584946}}
{"target": -2.287917621697063, "params": {"C": 146.03887676549192, "epsilon": 0.12372405215696876, "gamma": 0.11600093503610591, "lamda": 0.08273066019493545}, "datetime": {"datetime": "2021-09-23 12:53:52", "elapsed": 55.818222, "delta": 1.259727}}
{"target": -1.9508877805830287, "params": {"C": 146.11105960293537, "epsilon": 0.24919542152200644, "gamma": 0.05664635139636242, "lamda": 0.05663236178379936}, "datetime": {"datetime": "2021-09-23 12:53:52", "elapsed": 56.471232, "delta": 0.65301}}
{"target": -1.9977459830645565, "params": {"C": 165.3820770343478, "epsilon": 0.09470720040684194, "gamma": 0.05070787937229265, "lamda": 0.4283754473213457}, "datetime": {"datetime": "2021-09-23 12:53:53", "elapsed": 56.98122, "delta": 0.509988}}
{"target": -2.305254234414667, "params": {"C": 164.53664766899612, "epsilon": 0.19958364921433783, "gamma": 0.12352230941795808, "lamda": 0.1400056820084498}, "datetime": {"datetime": "2021-09-23 12:53:53", "elapsed": 57.543228, "delta": 0.562008}}
{"target": -2.474919248192549, "params": {"C": 176.8817910667973, "epsilon": 0.1172505300205454, "gamma": 0.13971438148866425, "lamda": 0.5416047968644109}, "datetime": {"datetime": "2021-09-23 12:53:54", "elapsed": 58.035223, "delta": 0.491995}}
{"target": -1.9461904971780424, "params": {"C": 146.05373487353268, "epsilon": 0.2500688314285588, "gamma": 0.05532125928476375, "lamda": 0.06480907947670457}, "datetime": {"datetime": "2021-09-23 12:53:55", "elapsed": 58.695225, "delta": 0.660002}}
{"target": -2.4513866165509257, "params": {"C": 113.23688390139836, "epsilon": 0.3814653602874914, "gamma": 0.12771820148898652, "lamda": 0.3217099839733334}, "datetime": {"datetime": "2021-09-23 12:53:55", "elapsed": 59.312224, "delta": 0.616999}}
{"target": -2.160930722942302, "params": {"C": 165.43088109116707, "epsilon": 0.07223644393800924, "gamma": 0.09495485513788363, "lamda": 0.38614623082707367}, "datetime": {"datetime": "2021-09-23 12:53:56", "elapsed": 60.07622, "delta": 0.763996}}
{"target": -2.1899822304705197, "params": {"C": 75.15887650378023, "epsilon": 0.4761228209080899, "gamma": 0.08382199701244827, "lamda": 0.22226199376733008}, "datetime": {"datetime": "2021-09-23 12:53:57", "elapsed": 60.64922, "delta": 0.573}}
{"target": -2.1301289970700794, "params": {"C": 146.03964530498334, "epsilon": 0.20397170510402574, "gamma": 0.020662519620251844, "lamda": 0.1135574057298108}, "datetime": {"datetime": "2021-09-23 12:53:57", "elapsed": 61.508222, "delta": 0.859002}}
{"target": -2.035527284820972, "params": {"C": 74.383822447757, "epsilon": 0.16073758963800294, "gamma": 0.042909468532382374, "lamda": 0.010019760667870338}, "datetime": {"datetime": "2021-09-23 12:53:59", "elapsed": 63.108221, "delta": 1.599999}}
{"target": -1.9401675347016536, "params": {"C": 145.99855884845476, "epsilon": 0.24882295396541326, "gamma": 0.04285076248697434, "lamda": 0.0640755920335344}, "datetime": {"datetime": "2021-09-23 12:54:00", "elapsed": 63.946222, "delta": 0.838001}}
{"target": -2.21926299158675, "params": {"C": 108.7925795619855, "epsilon": 0.005122794890938084, "gamma": 0.0163557995129432, "lamda": 0.37091499343481377}, "datetime": {"datetime": "2021-09-23 12:54:01", "elapsed": 65.152195, "delta": 1.205973}}
{"target": -2.2175442562583876, "params": {"C": 145.9997148189814, "epsilon": 0.3323438805669309, "gamma": 0.09926921593857972, "lamda": 0.023209662873935902}, "datetime": {"datetime": "2021-09-23 12:54:04", "elapsed": 68.024542, "delta": 2.872347}}
{"target": -2.3273381536797113, "params": {"C": 104.56661278201668, "epsilon": 0.35796980701576725, "gamma": 0.025278352496272628, "lamda": 0.5498361422741266}, "datetime": {"datetime": "2021-09-23 12:54:05", "elapsed": 68.797488, "delta": 0.772946}}
{"target": -2.1237464172664606, "params": {"C": 145.9606401581358, "epsilon": 0.25690572502516945, "gamma": 0.0854072912403023, "lamda": 0.049888690737816224}, "datetime": {"datetime": "2021-09-23 12:54:07", "elapsed": 70.79758, "delta": 2.000092}}
{"target": -2.0952789146308812, "params": {"C": 124.7916372055726, "epsilon": 0.069972382779652, "gamma": 0.08077526400049105, "lamda": 0.4895335909301193}, "datetime": {"datetime": "2021-09-23 12:54:08", "elapsed": 71.83458, "delta": 1.037}}
{"target": -2.0740683895842453, "params": {"C": 189.0467452255798, "epsilon": 0.4761516832317754, "gamma": 0.022106099577204073, "lamda": 0.061798672436071726}, "datetime": {"datetime": "2021-09-23 12:54:09", "elapsed": 72.751053, "delta": 0.916473}}
{"target": -2.103791926818371, "params": {"C": 114.69297998692663, "epsilon": 0.2152525606827212, "gamma": 0.053809750371948094, "lamda": 0.4403235666834319}, "datetime": {"datetime": "2021-09-23 12:54:10", "elapsed": 74.034052, "delta": 1.282999}}
{"target": -2.24101130666259, "params": {"C": 54.670580408211144, "epsilon": 0.2907201939878763, "gamma": 0.02252014651643528, "lamda": 0.1304315047518561}, "datetime": {"datetime": "2021-09-23 12:54:12", "elapsed": 75.828935, "delta": 1.794883}}
{"target": -2.129624575288343, "params": {"C": 110.79020879409642, "epsilon": 0.04084097293057061, "gamma": 0.0898757856084643, "lamda": 0.5014292376880697}, "datetime": {"datetime": "2021-09-23 12:54:14", "elapsed": 77.94287, "delta": 2.113935}}
{"target": -2.0439235970858602, "params": {"C": 56.130573488303455, "epsilon": 0.13973034792415828, "gamma": 0.05152674983599228, "lamda": 0.0899407838431433}, "datetime": {"datetime": "2021-09-23 12:54:15", "elapsed": 78.907373, "delta": 0.964503}}
{"target": -2.0052093654079575, "params": {"C": 145.92788184065432, "epsilon": 0.09289622265108302, "gamma": 0.03263156546326787, "lamda": 0.19792258312536049}, "datetime": {"datetime": "2021-09-23 12:54:16", "elapsed": 79.988373, "delta": 1.081}}
{"target": -2.3310689104339537, "params": {"C": 89.58206607922051, "epsilon": 0.3653506263683169, "gamma": 0.07363466073975547, "lamda": 0.5297087267463563}, "datetime": {"datetime": "2021-09-23 12:54:17", "elapsed": 81.558076, "delta": 1.569703}}
{"target": -2.3290238140240085, "params": {"C": 176.59755767241586, "epsilon": 0.27309467230138695, "gamma": 0.01056107905319416, "lamda": 0.10117955584987015}, "datetime": {"datetime": "2021-09-23 12:54:19", "elapsed": 83.060286, "delta": 1.50221}}
{"target": -2.4489434857572623, "params": {"C": 149.2199473546222, "epsilon": 0.0586733343296514, "gamma": 0.14612063260790312, "lamda": 0.5191256247887706}, "datetime": {"datetime": "2021-09-23 12:54:23", "elapsed": 86.726148, "delta": 3.665862}}
{"target": -2.2145893899198543, "params": {"C": 110.75460134561948, "epsilon": 0.0370286449247855, "gamma": 0.10521709206755127, "lamda": 0.5446393919756185}, "datetime": {"datetime": "2021-09-23 12:54:24", "elapsed": 88.118117, "delta": 1.391969}}
{"target": -1.99594002539053, "params": {"C": 146.06727862845327, "epsilon": 0.22483512880406098, "gamma": 0.03579734595326215, "lamda": 0.015012421290790983}, "datetime": {"datetime": "2021-09-23 12:54:27", "elapsed": 90.730991, "delta": 2.612874}}
{"target": -2.3169991679317645, "params": {"C": 146.12229258614408, "epsilon": 0.2670539399554064, "gamma": 0.1267206866662822, "lamda": 0.08673440323535711}, "datetime": {"datetime": "2021-09-23 12:54:28", "elapsed": 92.193248, "delta": 1.462257}}
{"target": -2.2803005731128523, "params": {"C": 56.13790145954273, "epsilon": 0.08624971218526487, "gamma": 0.014484409071907402, "lamda": 0.03563177715385743}, "datetime": {"datetime": "2021-09-23 12:54:31", "elapsed": 94.649957, "delta": 2.456709}}
{"target": -2.1016424853129334, "params": {"C": 145.9345884085032, "epsilon": 0.14545172726497138, "gamma": 0.021992587028866917, "lamda": 0.08051093731802082}, "datetime": {"datetime": "2021-09-23 12:54:33", "elapsed": 96.639683, "delta": 1.989726}}
{"target": -2.2817150167606086, "params": {"C": 145.94997648301688, "epsilon": 0.026216164934654205, "gamma": 0.011466364861834718, "lamda": 0.20063355669517954}, "datetime": {"datetime": "2021-09-23 12:54:36", "elapsed": 100.031575, "delta": 3.391892}}
{"target": -2.0345551302850837, "params": {"C": 163.8140720559599, "epsilon": 0.2550723514823183, "gamma": 0.033548840839695386, "lamda": 0.2005816694841916}, "datetime": {"datetime": "2021-09-23 12:54:38", "elapsed": 101.861576, "delta": 1.830001}}
{"target": -2.0179645740196097, "params": {"C": 56.171312658034026, "epsilon": 0.17140213108930483, "gamma": 0.06149431061010267, "lamda": 0.14706145943240173}, "datetime": {"datetime": "2021-09-23 12:54:40", "elapsed": 104.295203, "delta": 2.433627}}
{"target": -2.1927293439810414, "params": {"C": 164.6166530330962, "epsilon": 0.20463101554123783, "gamma": 0.08522937651811209, "lamda": 0.3495378921279776}, "datetime": {"datetime": "2021-09-23 12:54:41", "elapsed": 105.5564, "delta": 1.261197}}
{"target": -2.1426259628670965, "params": {"C": 165.44685135080766, "epsilon": 0.08959467859790227, "gamma": 0.020302932565634972, "lamda": 0.41055008513951996}, "datetime": {"datetime": "2021-09-23 12:54:43", "elapsed": 107.021853, "delta": 1.465453}}
{"target": -2.4908106938137324, "params": {"C": 180.26326486324814, "epsilon": 0.39501925783496106, "gamma": 0.12782341057579272, "lamda": 0.3876592590818473}, "datetime": {"datetime": "2021-09-23 12:54:44", "elapsed": 107.965854, "delta": 0.944001}}
{"target": -2.049874381683372, "params": {"C": 56.143108126747336, "epsilon": 0.1276425846607862, "gamma": 0.07636680132003294, "lamda": 0.1922456756434431}, "datetime": {"datetime": "2021-09-23 12:54:45", "elapsed": 109.279215, "delta": 1.313361}}
{"target": -2.1646570618655963, "params": {"C": 164.58676027016676, "epsilon": 0.1953032700763236, "gamma": 0.08071338269852045, "lamda": 0.35352142661430846}, "datetime": {"datetime": "2021-09-23 12:54:46", "elapsed": 110.017215, "delta": 0.738}}
{"target": -2.13526768113864, "params": {"C": 149.26128406665617, "epsilon": 0.009857238751066942, "gamma": 0.07795143617566799, "lamda": 0.07790078553003991}, "datetime": {"datetime": "2021-09-23 12:54:47", "elapsed": 111.02251, "delta": 1.005295}}
{"target": -2.3388670693141367, "params": {"C": 61.299387852720486, "epsilon": 0.26402255606727276, "gamma": 0.1373709021528804, "lamda": 0.16872608303771894}, "datetime": {"datetime": "2021-09-23 12:54:48", "elapsed": 111.673509, "delta": 0.650999}}
{"target": -2.058923279177059, "params": {"C": 146.0035882956912, "epsilon": 0.19703528263518374, "gamma": 0.025724376925344745, "lamda": 0.06211283204944234}, "datetime": {"datetime": "2021-09-23 12:54:49", "elapsed": 112.581149, "delta": 0.90764}}
{"target": -2.1125298321690136, "params": {"C": 145.99485592797913, "epsilon": 0.16885405323472608, "gamma": 0.022108413444836054, "lamda": 0.21617671115281653}, "datetime": {"datetime": "2021-09-23 12:54:49", "elapsed": 113.462597, "delta": 0.881448}}
{"target": -2.110681234286739, "params": {"C": 64.24051985024417, "epsilon": 0.3023726474816914, "gamma": 0.054168210110089925, "lamda": 0.3466452030945182}, "datetime": {"datetime": "2021-09-23 12:54:51", "elapsed": 114.924278, "delta": 1.461681}}
{"target": -2.137019466046582, "params": {"C": 165.40680867754838, "epsilon": 0.12395759166840672, "gamma": 0.07734783137329132, "lamda": 0.46694517340235325}, "datetime": {"datetime": "2021-09-23 12:54:52", "elapsed": 115.657177, "delta": 0.732899}}
{"target": -2.0368024808782126, "params": {"C": 163.2448867570437, "epsilon": 0.24801394470503788, "gamma": 0.0737086635394032, "lamda": 0.12045749183956973}, "datetime": {"datetime": "2021-09-23 12:54:52", "elapsed": 116.443178, "delta": 0.786001}}
{"target": -2.0231401630039483, "params": {"C": 146.13985738009458, "epsilon": 0.21572905064715792, "gamma": 0.030086946421065998, "lamda": 0.07619956707117595}, "datetime": {"datetime": "2021-09-23 12:54:54", "elapsed": 117.612392, "delta": 1.169214}}
{"target": -2.26582405237571, "params": {"C": 163.2456162963049, "epsilon": 0.19878100628954457, "gamma": 0.11595606262185239, "lamda": 0.15720655200180508}, "datetime": {"datetime": "2021-09-23 12:54:54", "elapsed": 118.475392, "delta": 0.863}}
{"target": -2.381569850161557, "params": {"C": 84.96043114897654, "epsilon": 0.2261725535609545, "gamma": 0.14540006031622213, "lamda": 0.07159930029097523}, "datetime": {"datetime": "2021-09-23 12:54:55", "elapsed": 119.380177, "delta": 0.904785}}
{"target": -2.182296209711113, "params": {"C": 163.265566586456, "epsilon": 0.26028297424726815, "gamma": 0.017530465440708864, "lamda": 0.1699351705763583}, "datetime": {"datetime": "2021-09-23 12:54:56", "elapsed": 120.559001, "delta": 1.178824}}
{"target": -2.026213048911617, "params": {"C": 165.39273802058443, "epsilon": 0.14508808012152555, "gamma": 0.04112423735281921, "lamda": 0.3635568814807148}, "datetime": {"datetime": "2021-09-23 12:54:57", "elapsed": 121.527598, "delta": 0.968597}}
{"target": -2.3422591252458513, "params": {"C": 124.7332713386055, "epsilon": 0.32914949139398436, "gamma": 0.13388873972762316, "lamda": 0.10463198998231937}, "datetime": {"datetime": "2021-09-23 12:54:58", "elapsed": 122.348596, "delta": 0.820998}}
