{"target": 0.9179769604571753, "params": {"C": 1043.8420546813225, "epsilon": 0.3182372646835292, "gamma": 0.06573964511251952, "lamda": 0.06821121321275626}, "datetime": {"datetime": "2021-09-23 11:46:14", "elapsed": 82.566895, "delta": 0.901249}}
{"target": 0.9104477800487186, "params": {"C": 1043.8889123388367, "epsilon": 0.2834773341142827, "gamma": 0.09614115189267872, "lamda": 0.050924862870319984}, "datetime": {"datetime": "2021-09-23 11:46:15", "elapsed": 83.465897, "delta": 0.899002}}
{"target": 0.9164703175906759, "params": {"C": 1129.4349140492611, "epsilon": 0.10268626410621573, "gamma": 0.07756179797920237, "lamda": 0.1444233472189922}, "datetime": {"datetime": "2021-09-23 11:46:16", "elapsed": 84.223897, "delta": 0.758}}
{"target": 0.918437029948031, "params": {"C": 1122.6799669127663, "epsilon": 0.1706779042429889, "gamma": 0.0653596123965798, "lamda": 0.10405396963886623}, "datetime": {"datetime": "2021-09-23 11:46:17", "elapsed": 84.986895, "delta": 0.762998}}
{"target": 0.9181757225518359, "params": {"C": 1030.9954407827158, "epsilon": 0.19326077994354462, "gamma": 0.05914628697473551, "lamda": 0.09387778531156034}, "datetime": {"datetime": "2021-09-23 11:46:18", "elapsed": 85.903894, "delta": 0.916999}}
{"target": 0.9034313358913322, "params": {"C": 1128.6846390254043, "epsilon": 0.1057617210292221, "gamma": 0.08313325207027114, "lamda": 0.05730264926412898}, "datetime": {"datetime": "2021-09-23 11:46:19", "elapsed": 86.691895, "delta": 0.788001}}
{"target": 0.9174362483576575, "params": {"C": 1150.3700393487143, "epsilon": 0.11532792884864065, "gamma": 0.05415941528309123, "lamda": 0.15989067452096217}, "datetime": {"datetime": "2021-09-23 11:46:19", "elapsed": 87.591898, "delta": 0.900003}}
{"target": 0.9180328229126699, "params": {"C": 1122.6508384866697, "epsilon": 0.15958463984735444, "gamma": 0.06442087926333068, "lamda": 0.13773212305311558}, "datetime": {"datetime": "2021-09-23 11:46:20", "elapsed": 88.470902, "delta": 0.879004}}
{"target": 0.9147352744953935, "params": {"C": 1113.0659169428739, "epsilon": 0.2128311260596639, "gamma": 0.07587280923267334, "lamda": 0.05204540324647988}, "datetime": {"datetime": "2021-09-23 11:46:21", "elapsed": 89.249895, "delta": 0.778993}}
{"target": 0.9179221424422381, "params": {"C": 1101.2361251573911, "epsilon": 0.10351746271327036, "gamma": 0.07104190516625472, "lamda": 0.1491285402429518}, "datetime": {"datetime": "2021-09-23 11:46:22", "elapsed": 90.070892, "delta": 0.820997}}
{"target": 0.9157361733648819, "params": {"C": 1199.935057216858, "epsilon": 0.3236769189731661, "gamma": 0.08474656181167926, "lamda": 0.07836113936623675}, "datetime": {"datetime": "2021-09-23 11:46:23", "elapsed": 90.930894, "delta": 0.860002}}
{"target": 0.9153333397010522, "params": {"C": 1068.646214875625, "epsilon": 0.33182866398113015, "gamma": 0.08062296874718461, "lamda": 0.10655246567493233}, "datetime": {"datetime": "2021-09-23 11:46:24", "elapsed": 91.787894, "delta": 0.857}}
{"target": 0.9105279724525986, "params": {"C": 1061.4207513829638, "epsilon": 0.11174812423367438, "gamma": 0.08686578385998009, "lamda": 0.09137109877983397}, "datetime": {"datetime": "2021-09-23 11:46:24", "elapsed": 92.613896, "delta": 0.826002}}
{"target": 0.9131759605188206, "params": {"C": 1159.0277352928929, "epsilon": 0.10803158727317902, "gamma": 0.09250713707810085, "lamda": 0.16730935780708042}, "datetime": {"datetime": "2021-09-23 11:46:25", "elapsed": 93.529894, "delta": 0.915998}}
{"target": 0.918336090673663, "params": {"C": 991.6917485132483, "epsilon": 0.18460287126883862, "gamma": 0.06110707605227509, "lamda": 0.07448993154319268}, "datetime": {"datetime": "2021-09-23 11:46:26", "elapsed": 94.4159, "delta": 0.886006}}
{"target": 0.9175072862927589, "params": {"C": 1122.6419207579615, "epsilon": 0.1903025999101809, "gamma": 0.056103202197333744, "lamda": 0.1035775028449473}, "datetime": {"datetime": "2021-09-23 11:46:27", "elapsed": 95.539897, "delta": 1.123997}}
{"target": 0.9165717181465906, "params": {"C": 1084.3995934388724, "epsilon": 0.3061529098754107, "gamma": 0.07155388155852868, "lamda": 0.1019197892483202}, "datetime": {"datetime": "2021-09-23 11:46:28", "elapsed": 96.372895, "delta": 0.832998}}
{"target": 0.914847934496338, "params": {"C": 1048.0080731931318, "epsilon": 0.24783398579879026, "gamma": 0.08465837255492384, "lamda": 0.14069654691220562}, "datetime": {"datetime": "2021-09-23 11:46:29", "elapsed": 97.214896, "delta": 0.842001}}
{"target": 0.9148469192626291, "params": {"C": 1168.8408902869346, "epsilon": 0.1867058824408605, "gamma": 0.05548348260465939, "lamda": 0.1613939043114408}, "datetime": {"datetime": "2021-09-23 11:46:30", "elapsed": 98.043896, "delta": 0.829}}
{"target": 0.9145401227407347, "params": {"C": 1024.49314115909, "epsilon": 0.24351922355424843, "gamma": 0.08751728485775352, "lamda": 0.13919465052919008}, "datetime": {"datetime": "2021-09-23 11:46:31", "elapsed": 98.893894, "delta": 0.849998}}
{"target": 0.9148616586051819, "params": {"C": 1013.3509166816922, "epsilon": 0.13873717303053962, "gamma": 0.08412371776990236, "lamda": 0.1099725533978635}, "datetime": {"datetime": "2021-09-23 11:46:32", "elapsed": 99.732902, "delta": 0.839008}}
{"target": 0.9184181184480833, "params": {"C": 1119.8964698810616, "epsilon": 0.16446047573176786, "gamma": 0.06362056568069865, "lamda": 0.11274288583262529}, "datetime": {"datetime": "2021-09-23 11:46:33", "elapsed": 100.641896, "delta": 0.908994}}
{"target": 0.9119740581268041, "params": {"C": 1122.6806039804335, "epsilon": 0.1535792212035011, "gamma": 0.07500612703887104, "lamda": 0.054544530841197134}, "datetime": {"datetime": "2021-09-23 11:46:34", "elapsed": 101.734901, "delta": 1.093005}}
{"target": 0.9152468061038131, "params": {"C": 1068.613598150661, "epsilon": 0.15633083532536157, "gamma": 0.07791190197171274, "lamda": 0.0793127593113608}, "datetime": {"datetime": "2021-09-23 11:46:34", "elapsed": 102.591898, "delta": 0.856997}}
{"target": 0.915930494441592, "params": {"C": 1161.0463293959958, "epsilon": 0.07894391600235252, "gamma": 0.05958430619394691, "lamda": 0.09910879746417282}, "datetime": {"datetime": "2021-09-23 11:46:35", "elapsed": 103.428892, "delta": 0.836994}}
{"target": 0.9171891178189024, "params": {"C": 1119.8632221750988, "epsilon": 0.18710371641474033, "gamma": 0.05863505244950801, "lamda": 0.12449569456611982}, "datetime": {"datetime": "2021-09-23 11:46:36", "elapsed": 104.386902, "delta": 0.95801}}
{"target": 0.917175039923138, "params": {"C": 1159.0090274018607, "epsilon": 0.16091606582348467, "gamma": 0.05839526909251707, "lamda": 0.14411300392449755}, "datetime": {"datetime": "2021-09-23 11:46:37", "elapsed": 105.43762, "delta": 1.050718}}
{"target": 0.9130516025493265, "params": {"C": 1030.6138783461902, "epsilon": 0.29301968404956735, "gamma": 0.09293397181562797, "lamda": 0.12962499881070366}, "datetime": {"datetime": "2021-09-23 11:46:38", "elapsed": 106.272114, "delta": 0.834494}}
{"target": 0.917087933855924, "params": {"C": 1030.9915758531831, "epsilon": 0.20669747179198772, "gamma": 0.06461055085568881, "lamda": 0.1311692505978652}, "datetime": {"datetime": "2021-09-23 11:46:39", "elapsed": 107.531379, "delta": 1.259265}}
{"target": 0.9177782249298386, "params": {"C": 1123.8396794144596, "epsilon": 0.11336361686994238, "gamma": 0.07358391813239087, "lamda": 0.16114582152457801}, "datetime": {"datetime": "2021-09-23 11:46:40", "elapsed": 108.340455, "delta": 0.809076}}
{"target": 0.9147534377420791, "params": {"C": 1185.9668164684367, "epsilon": 0.29422692250259663, "gamma": 0.08216657199578628, "lamda": 0.04826754093910507}, "datetime": {"datetime": "2021-09-23 11:46:41", "elapsed": 109.197452, "delta": 0.856997}}
{"target": 0.9142924955731788, "params": {"C": 1119.8937777817923, "epsilon": 0.16424698816425998, "gamma": 0.09093744342016244, "lamda": 0.15409420345395136}, "datetime": {"datetime": "2021-09-23 11:46:42", "elapsed": 110.061858, "delta": 0.864406}}
{"target": 0.909898940452621, "params": {"C": 985.7257121128999, "epsilon": 0.10010417583410251, "gamma": 0.08872597900291256, "lamda": 0.10235681815438473}, "datetime": {"datetime": "2021-09-23 11:46:43", "elapsed": 110.840303, "delta": 0.778445}}
{"target": 0.9171490697682676, "params": {"C": 1079.596567677927, "epsilon": 0.1989089490888809, "gamma": 0.051635135238428165, "lamda": 0.08210358888980476}, "datetime": {"datetime": "2021-09-23 11:46:44", "elapsed": 111.659299, "delta": 0.818996}}
{"target": 0.9164584739496993, "params": {"C": 1030.9486526217665, "epsilon": 0.15548229838665, "gamma": 0.07959528274674448, "lamda": 0.10923484296347664}, "datetime": {"datetime": "2021-09-23 11:46:44", "elapsed": 112.619929, "delta": 0.96063}}
{"target": 0.9131265592348691, "params": {"C": 1000.7013202901196, "epsilon": 0.3168529398681615, "gamma": 0.09531814664678613, "lamda": 0.08552150119932822}, "datetime": {"datetime": "2021-09-23 11:46:45", "elapsed": 113.368935, "delta": 0.749006}}
{"target": 0.9157034671529963, "params": {"C": 1091.1776662901411, "epsilon": 0.28488439516876696, "gamma": 0.05113380285369337, "lamda": 0.07660070326377104}, "datetime": {"datetime": "2021-09-23 11:46:46", "elapsed": 114.14283, "delta": 0.773895}}
{"target": 0.9144379078066853, "params": {"C": 1014.4353687118976, "epsilon": 0.3250385803512762, "gamma": 0.05028411268755082, "lamda": 0.07856436456575253}, "datetime": {"datetime": "2021-09-23 11:46:47", "elapsed": 115.057563, "delta": 0.914733}}
{"target": 0.9116661694744275, "params": {"C": 991.7173046864173, "epsilon": 0.18269803264003334, "gamma": 0.09427596720043116, "lamda": 0.08378589827851546}, "datetime": {"datetime": "2021-09-23 11:46:48", "elapsed": 116.065445, "delta": 1.007882}}
{"target": 0.9167935285845795, "params": {"C": 1153.1807211800788, "epsilon": 0.3073032482446001, "gamma": 0.07793852805525912, "lamda": 0.08538837142447742}, "datetime": {"datetime": "2021-09-23 11:46:49", "elapsed": 116.968768, "delta": 0.903323}}
{"target": 0.9155202920726493, "params": {"C": 1116.9095850866788, "epsilon": 0.21628538975535, "gamma": 0.07752903080272007, "lamda": 0.05975835931319917}, "datetime": {"datetime": "2021-09-23 11:46:50", "elapsed": 117.891774, "delta": 0.923006}}
{"target": 0.9118990821950739, "params": {"C": 1005.6417782993999, "epsilon": 0.32981618209084923, "gamma": 0.0879958527338762, "lamda": 0.16314804419938372}, "datetime": {"datetime": "2021-09-23 11:46:51", "elapsed": 118.819622, "delta": 0.927848}}
{"target": 0.9172843525151132, "params": {"C": 1044.8790345062528, "epsilon": 0.3305149715774019, "gamma": 0.0759083538182782, "lamda": 0.06637866101906623}, "datetime": {"datetime": "2021-09-23 11:46:52", "elapsed": 119.732232, "delta": 0.91261}}
{"target": 0.9141602500555606, "params": {"C": 1015.9653643198848, "epsilon": 0.23079511444747033, "gamma": 0.08901448931010417, "lamda": 0.15040906704924506}, "datetime": {"datetime": "2021-09-23 11:46:52", "elapsed": 120.583969, "delta": 0.851737}}
{"target": 0.9170127683860652, "params": {"C": 1044.9740132367451, "epsilon": 0.111500088423932, "gamma": 0.0507748250957856, "lamda": 0.14849296283515467}, "datetime": {"datetime": "2021-09-23 11:46:54", "elapsed": 121.697971, "delta": 1.114002}}
{"target": 0.917368850803016, "params": {"C": 1122.6643433440254, "epsilon": 0.20565263924353763, "gamma": 0.07103723492771742, "lamda": 0.12875099894155703}, "datetime": {"datetime": "2021-09-23 11:46:55", "elapsed": 122.831758, "delta": 1.133787}}
{"target": 0.9183829082248347, "params": {"C": 1150.4063708553858, "epsilon": 0.10926498004808587, "gamma": 0.058361797511306615, "lamda": 0.15033539552183528}, "datetime": {"datetime": "2021-09-23 11:46:56", "elapsed": 124.012338, "delta": 1.18058}}
{"target": 0.9161950649477621, "params": {"C": 991.6779473871618, "epsilon": 0.20225606118640407, "gamma": 0.05047095516773219, "lamda": 0.04876180983005676}, "datetime": {"datetime": "2021-09-23 11:46:57", "elapsed": 125.192846, "delta": 1.180508}}
{"target": 0.8936548147979714, "params": {"C": 1040.5805499698338, "epsilon": 0.0916546645589095, "gamma": 0.09931953721485268, "lamda": 0.05644035393879848}, "datetime": {"datetime": "2021-09-23 11:46:58", "elapsed": 126.134761, "delta": 0.941915}}
{"target": 0.9178295014022884, "params": {"C": 1119.9255032340945, "epsilon": 0.2175245134461016, "gamma": 0.056024862959726085, "lamda": 0.08028874959681499}, "datetime": {"datetime": "2021-09-23 11:46:59", "elapsed": 127.265891, "delta": 1.13113}}
{"target": 0.9171436175933073, "params": {"C": 1005.3575938397378, "epsilon": 0.17017962296322536, "gamma": 0.07166011719569826, "lamda": 0.16192547414923616}, "datetime": {"datetime": "2021-09-23 11:47:00", "elapsed": 128.245816, "delta": 0.979925}}
{"target": 0.9129772926879488, "params": {"C": 1075.7940204676913, "epsilon": 0.15135620275568673, "gamma": 0.09254157203037523, "lamda": 0.11459929646721488}, "datetime": {"datetime": "2021-09-23 11:47:01", "elapsed": 129.270974, "delta": 1.025158}}
{"target": 0.9182488847460994, "params": {"C": 1012.5218809622369, "epsilon": 0.10866904105640662, "gamma": 0.05583932028596941, "lamda": 0.11777911989953478}, "datetime": {"datetime": "2021-09-23 11:47:02", "elapsed": 130.430367, "delta": 1.159393}}
{"target": 0.9145636095363138, "params": {"C": 1154.0408148502834, "epsilon": 0.2714636260492314, "gamma": 0.055540313135028184, "lamda": 0.11671513009018582}, "datetime": {"datetime": "2021-09-23 11:47:04", "elapsed": 131.690363, "delta": 1.259996}}
{"target": 0.9107978807715711, "params": {"C": 1119.9215825071758, "epsilon": 0.1669073992851065, "gamma": 0.08842323130588126, "lamda": 0.06636380241036474}, "datetime": {"datetime": "2021-09-23 11:47:05", "elapsed": 132.925119, "delta": 1.234756}}
{"target": 0.9164277453072951, "params": {"C": 1012.4666884908609, "epsilon": 0.0910102593764274, "gamma": 0.06313972812082662, "lamda": 0.09715565918339646}, "datetime": {"datetime": "2021-09-23 11:47:06", "elapsed": 134.239374, "delta": 1.314255}}
{"target": 0.9166922176399835, "params": {"C": 1119.8914998826062, "epsilon": 0.26016681157593513, "gamma": 0.07777136216504817, "lamda": 0.10621625373287537}, "datetime": {"datetime": "2021-09-23 11:47:07", "elapsed": 135.546237, "delta": 1.306863}}
{"target": 0.917939162318836, "params": {"C": 1158.9646857936227, "epsilon": 0.1423529042748214, "gamma": 0.06880263764889212, "lamda": 0.1591711815903315}, "datetime": {"datetime": "2021-09-23 11:47:09", "elapsed": 136.905204, "delta": 1.358967}}
{"target": 0.9158274140126833, "params": {"C": 1131.0079478467387, "epsilon": 0.12767242484719793, "gamma": 0.08393438837511905, "lamda": 0.15511611877086823}, "datetime": {"datetime": "2021-09-23 11:47:10", "elapsed": 138.022055, "delta": 1.116851}}
{"target": 0.9179176262668157, "params": {"C": 1124.7714037739952, "epsilon": 0.1878209773409869, "gamma": 0.06064219032526432, "lamda": 0.111991685528795}, "datetime": {"datetime": "2021-09-23 11:47:11", "elapsed": 139.049028, "delta": 1.026973}}
{"target": 0.915649385164085, "params": {"C": 1115.8492966068093, "epsilon": 0.16382740033870394, "gamma": 0.0847381960241531, "lamda": 0.1659644606806538}, "datetime": {"datetime": "2021-09-23 11:47:12", "elapsed": 140.025267, "delta": 0.976239}}
{"target": 0.9136719231199811, "params": {"C": 1167.1645109161896, "epsilon": 0.3006476093883046, "gamma": 0.06264924657051107, "lamda": 0.14307183889729286}, "datetime": {"datetime": "2021-09-23 11:47:13", "elapsed": 141.122574, "delta": 1.097307}}
{"target": 0.9180927725583768, "params": {"C": 1012.5457210888362, "epsilon": 0.14063426337208826, "gamma": 0.05485569268040354, "lamda": 0.09497389004249228}, "datetime": {"datetime": "2021-09-23 11:47:14", "elapsed": 142.417933, "delta": 1.295359}}
{"target": 0.9170497952331919, "params": {"C": 1031.0629509538933, "epsilon": 0.19442609016389173, "gamma": 0.07819031448473387, "lamda": 0.09954513596387125}, "datetime": {"datetime": "2021-09-23 11:47:16", "elapsed": 143.71393, "delta": 1.295997}}
{"target": 0.9100179149801414, "params": {"C": 1015.2996425686897, "epsilon": 0.22554352360744076, "gamma": 0.09587284068188014, "lamda": 0.059806090568068765}, "datetime": {"datetime": "2021-09-23 11:47:17", "elapsed": 144.73203, "delta": 1.0181}}
{"target": 0.9181851237239556, "params": {"C": 1178.2073042644847, "epsilon": 0.23383053314977517, "gamma": 0.05884348017576649, "lamda": 0.07398080061407807}, "datetime": {"datetime": "2021-09-23 11:47:18", "elapsed": 145.800029, "delta": 1.067999}}
{"target": 0.9111753591708708, "params": {"C": 1007.1910716540931, "epsilon": 0.10170626702249203, "gamma": 0.08195459366321722, "lamda": 0.09121122377299515}, "datetime": {"datetime": "2021-09-23 11:47:19", "elapsed": 146.860859, "delta": 1.06083}}
{"target": 0.9122430709444665, "params": {"C": 1012.5123974974008, "epsilon": 0.10027762280819305, "gamma": 0.05424645716971547, "lamda": 0.05483057069546618}, "datetime": {"datetime": "2021-09-23 11:47:20", "elapsed": 148.248365, "delta": 1.387506}}
{"target": 0.9176277231226693, "params": {"C": 1012.5239628323745, "epsilon": 0.17986555430682663, "gamma": 0.07237673099050984, "lamda": 0.13240379303188607}, "datetime": {"datetime": "2021-09-23 11:47:21", "elapsed": 149.52603, "delta": 1.277665}}
{"target": 0.9157795191697375, "params": {"C": 1012.4940258771844, "epsilon": 0.1392833823351943, "gamma": 0.05, "lamda": 0.14481395482306508}, "datetime": {"datetime": "2021-09-23 11:47:23", "elapsed": 150.880399, "delta": 1.354369}}
{"target": 0.9076631143036321, "params": {"C": 1145.7961270944982, "epsilon": 0.09385067240022865, "gamma": 0.08637653698190637, "lamda": 0.08690309689318003}, "datetime": {"datetime": "2021-09-23 11:47:24", "elapsed": 151.953401, "delta": 1.073002}}
{"target": 0.9157679931350344, "params": {"C": 1178.1804471990868, "epsilon": 0.26659053629708196, "gamma": 0.06066622275511728, "lamda": 0.11837041808453083}, "datetime": {"datetime": "2021-09-23 11:47:25", "elapsed": 153.173171, "delta": 1.21977}}
{"target": 0.9139286618645754, "params": {"C": 1034.1187410472585, "epsilon": 0.2759250953950759, "gamma": 0.07115799203173824, "lamda": 0.166779160427604}, "datetime": {"datetime": "2021-09-23 11:47:26", "elapsed": 154.242506, "delta": 1.069335}}
{"target": 0.9179104778768603, "params": {"C": 1012.6007310653042, "epsilon": 0.10819159502411077, "gamma": 0.06502875294615781, "lamda": 0.11267244301032368}, "datetime": {"datetime": "2021-09-23 11:47:27", "elapsed": 155.531075, "delta": 1.288569}}
{"target": 0.9141519400543477, "params": {"C": 1012.5710579960008, "epsilon": 0.08909686893848373, "gamma": 0.08459248040529899, "lamda": 0.1535940266987077}, "datetime": {"datetime": "2021-09-23 11:47:29", "elapsed": 156.824397, "delta": 1.293322}}
{"target": 0.91782208534336, "params": {"C": 1101.2860337267398, "epsilon": 0.08045362120299974, "gamma": 0.06486332783814953, "lamda": 0.14428646434619688}, "datetime": {"datetime": "2021-09-23 11:47:30", "elapsed": 158.273296, "delta": 1.448899}}
{"target": 0.9162016942284074, "params": {"C": 1101.2097387382892, "epsilon": 0.07101675242838124, "gamma": 0.05840087771008615, "lamda": 0.10995500953769621}, "datetime": {"datetime": "2021-09-23 11:47:31", "elapsed": 159.459606, "delta": 1.18631}}
{"target": 0.9118505498590314, "params": {"C": 1082.2481963413547, "epsilon": 0.3078665931014263, "gamma": 0.09771746211879152, "lamda": 0.12814867510955946}, "datetime": {"datetime": "2021-09-23 11:47:32", "elapsed": 160.423881, "delta": 0.964275}}
{"target": 0.9133142847702848, "params": {"C": 1051.8088309547866, "epsilon": 0.14824627698700124, "gamma": 0.09441998674853366, "lamda": 0.16376852776099332}, "datetime": {"datetime": "2021-09-23 11:47:33", "elapsed": 161.441387, "delta": 1.017506}}
{"target": 0.9182353631178075, "params": {"C": 1183.5737757956795, "epsilon": 0.1600045239139366, "gamma": 0.06911961503159478, "lamda": 0.11064683481661676}, "datetime": {"datetime": "2021-09-23 11:47:34", "elapsed": 162.486401, "delta": 1.045014}}
{"target": 0.918113737733438, "params": {"C": 1117.544379359249, "epsilon": 0.3137772566517179, "gamma": 0.06368291339057666, "lamda": 0.04557710032765812}, "datetime": {"datetime": "2021-09-23 11:47:35", "elapsed": 163.417402, "delta": 0.931001}}
{"target": 0.9167292605267763, "params": {"C": 1118.6834696141352, "epsilon": 0.27819265322560316, "gamma": 0.06917607887155516, "lamda": 0.10885303110328522}, "datetime": {"datetime": "2021-09-23 11:47:36", "elapsed": 164.359005, "delta": 0.941603}}
{"target": 0.9163845601851478, "params": {"C": 1044.9248570763893, "epsilon": 0.10407153097912622, "gamma": 0.05, "lamda": 0.09093874030531607}, "datetime": {"datetime": "2021-09-23 11:47:38", "elapsed": 165.850761, "delta": 1.491756}}
{"target": 0.9150262830119914, "params": {"C": 1054.5248362838047, "epsilon": 0.10508333684196916, "gamma": 0.06519958080557356, "lamda": 0.07710937987554628}, "datetime": {"datetime": "2021-09-23 11:47:39", "elapsed": 166.798003, "delta": 0.947242}}
{"target": 0.9178542035821122, "params": {"C": 1101.2854114823558, "epsilon": 0.11405863552112858, "gamma": 0.052724941426023575, "lamda": 0.10809662663872183}, "datetime": {"datetime": "2021-09-23 11:47:40", "elapsed": 168.049635, "delta": 1.251632}}
{"target": 0.9104305528269502, "params": {"C": 1101.2781055522028, "epsilon": 0.12476949773229684, "gamma": 0.1, "lamda": 0.13599791533921068}, "datetime": {"datetime": "2021-09-23 11:47:41", "elapsed": 169.604802, "delta": 1.555167}}
{"target": 0.9080964854797178, "params": {"C": 1134.1559813398642, "epsilon": 0.08552090629021138, "gamma": 0.09519239062317818, "lamda": 0.12488756845285487}, "datetime": {"datetime": "2021-09-23 11:47:42", "elapsed": 170.60662, "delta": 1.001818}}
{"target": 0.9121077153168689, "params": {"C": 1012.5697192918728, "epsilon": 0.19457614386045802, "gamma": 0.09780191203858099, "lamda": 0.10831346123698934}, "datetime": {"datetime": "2021-09-23 11:47:44", "elapsed": 172.148545, "delta": 1.541925}}
