{"target": 0.9147161131539967, "params": {"C": 664.6445970825205, "epsilon": 0.4263613725529165, "gamma": 0.04116365170829408, "lamda": 0.1726199596478999}, "datetime": {"datetime": "2021-09-23 22:09:33", "elapsed": 5.010132, "delta": 0.394214}}
{"target": 0.9215025659571111, "params": {"C": 556.1445980658937, "epsilon": 0.24970575151699523, "gamma": 0.029538806038617985, "lamda": 0.07614434650662687}, "datetime": {"datetime": "2021-09-23 22:09:33", "elapsed": 5.690343, "delta": 0.680211}}
{"target": 0.915658557292589, "params": {"C": 663.25328742629, "epsilon": 0.4471411630965273, "gamma": 0.03651889915045838, "lamda": 0.13664776639560702}, "datetime": {"datetime": "2021-09-23 22:09:34", "elapsed": 6.040382, "delta": 0.350039}}
{"target": 0.8969631061132024, "params": {"C": 650.4460694921454, "epsilon": 0.2745572831340398, "gamma": 0.02215344086976446, "lamda": 0.38089384826327377}, "datetime": {"datetime": "2021-09-23 22:09:34", "elapsed": 6.378011, "delta": 0.337629}}
{"target": 0.8894015919532324, "params": {"C": 657.3818601794707, "epsilon": 0.2896058011055015, "gamma": 0.015435774900384742, "lamda": 0.2804854242243259}, "datetime": {"datetime": "2021-09-23 22:09:34", "elapsed": 6.797011, "delta": 0.419}}
{"target": 0.917834612351756, "params": {"C": 585.1897139118761, "epsilon": 0.15639106627129726, "gamma": 0.04265382653142713, "lamda": 0.3320759476460242}, "datetime": {"datetime": "2021-09-23 22:09:35", "elapsed": 7.210009, "delta": 0.412998}}
{"target": 0.9240121796423031, "params": {"C": 610.7385805107975, "epsilon": 0.07267066579701993, "gamma": 0.04542615441043764, "lamda": 0.2885863430885429}, "datetime": {"datetime": "2021-09-23 22:09:35", "elapsed": 7.671015, "delta": 0.461006}}
{"target": 0.9031663548270021, "params": {"C": 621.8393602226199, "epsilon": 0.4438792787024942, "gamma": 0.04835694648809192, "lamda": 0.3826743911968713}, "datetime": {"datetime": "2021-09-23 22:09:36", "elapsed": 8.144746, "delta": 0.473731}}
{"target": 0.8910577174619095, "params": {"C": 591.847424369831, "epsilon": 0.48302557696029136, "gamma": 0.018704373724292987, "lamda": 0.2352963091250836}, "datetime": {"datetime": "2021-09-23 22:09:37", "elapsed": 8.95444, "delta": 0.809694}}
{"target": 0.8995450310255141, "params": {"C": 644.1024575005042, "epsilon": 0.840468156941798, "gamma": 0.04001073426486995, "lamda": 0.24049272285154935}, "datetime": {"datetime": "2021-09-23 22:09:37", "elapsed": 9.516493, "delta": 0.562053}}
{"target": 0.9114640062392301, "params": {"C": 646.0074659219316, "epsilon": 0.28598520842260444, "gamma": 0.01935845146978839, "lamda": 0.06485631268236246}, "datetime": {"datetime": "2021-09-23 22:09:38", "elapsed": 9.899446, "delta": 0.382953}}
{"target": 0.9157157814939999, "params": {"C": 559.5706320174096, "epsilon": 0.40481452294546694, "gamma": 0.06927688834063415, "lamda": 0.08784405548445551}, "datetime": {"datetime": "2021-09-23 22:09:38", "elapsed": 10.346653, "delta": 0.447207}}
{"target": 0.9152676545932069, "params": {"C": 620.4117225799541, "epsilon": 0.9682829352450285, "gamma": 0.0368260001476184, "lamda": 0.06474426345499094}, "datetime": {"datetime": "2021-09-23 22:09:39", "elapsed": 10.889018, "delta": 0.542365}}
{"target": 0.9187557706932422, "params": {"C": 629.703739998575, "epsilon": 0.22088191272355492, "gamma": 0.06666630799997007, "lamda": 0.0801408866955507}, "datetime": {"datetime": "2021-09-23 22:09:39", "elapsed": 11.288016, "delta": 0.398998}}
{"target": 0.9112235722864664, "params": {"C": 596.5796680110484, "epsilon": 0.35527707611318426, "gamma": 0.06980865542978751, "lamda": 0.17967989838707407}, "datetime": {"datetime": "2021-09-23 22:09:40", "elapsed": 12.009019, "delta": 0.721003}}
{"target": 0.8886319228238259, "params": {"C": 563.5985400551893, "epsilon": 0.28436264120703036, "gamma": 0.013817017265212093, "lamda": 0.23522559280818225}, "datetime": {"datetime": "2021-09-23 22:09:40", "elapsed": 12.507798, "delta": 0.498779}}
{"target": 0.890387363635433, "params": {"C": 650.202358830378, "epsilon": 0.9456452693573992, "gamma": 0.0638734341970012, "lamda": 0.30012222199821087}, "datetime": {"datetime": "2021-09-23 22:09:41", "elapsed": 12.9078, "delta": 0.400002}}
{"target": 0.9165954090912631, "params": {"C": 656.4567264027437, "epsilon": 0.2319225994792417, "gamma": 0.04840015111077136, "lamda": 0.261808460219463}, "datetime": {"datetime": "2021-09-23 22:09:41", "elapsed": 13.285801, "delta": 0.378001}}
{"target": 0.8992348167360193, "params": {"C": 638.812892998462, "epsilon": 0.7848259921626908, "gamma": 0.060205643821522443, "lamda": 0.25429917482121994}, "datetime": {"datetime": "2021-09-23 22:09:41", "elapsed": 13.802802, "delta": 0.517001}}
{"target": 0.8844112940113821, "params": {"C": 592.9380293119833, "epsilon": 0.4917098986245436, "gamma": 0.01035607858425128, "lamda": 0.005911731269281357}, "datetime": {"datetime": "2021-09-23 22:09:42", "elapsed": 14.669806, "delta": 0.867004}}
{"target": 0.8653621492998834, "params": {"C": 557.8218091800013, "epsilon": 0.6307830821623754, "gamma": 0.010354663744515885, "lamda": 0.23261716036577582}, "datetime": {"datetime": "2021-09-23 22:09:43", "elapsed": 15.467522, "delta": 0.797716}}
{"target": 0.9213996626681809, "params": {"C": 574.3384039989511, "epsilon": 0.25257844290657305, "gamma": 0.030772476628517974, "lamda": 0.008917478112143079}, "datetime": {"datetime": "2021-09-23 22:09:44", "elapsed": 16.30985, "delta": 0.842328}}
{"target": 0.9142458635547797, "params": {"C": 651.7164781816399, "epsilon": 0.6616971550039416, "gamma": 0.05867078936891688, "lamda": 0.10218318542956042}, "datetime": {"datetime": "2021-09-23 22:09:45", "elapsed": 16.936888, "delta": 0.627038}}
{"target": 0.8828598320551279, "params": {"C": 608.6387694423422, "epsilon": 0.8432943808149355, "gamma": 0.029580188503789788, "lamda": 0.38569796879367957}, "datetime": {"datetime": "2021-09-23 22:09:45", "elapsed": 17.452852, "delta": 0.515964}}
{"target": 0.8868726855332089, "params": {"C": 552.9193065714827, "epsilon": 0.6798103780253164, "gamma": 0.028205701193274757, "lamda": 0.38711623056022165}, "datetime": {"datetime": "2021-09-23 22:09:46", "elapsed": 17.964854, "delta": 0.512002}}
{"target": 0.9248737900675766, "params": {"C": 649.5461823192577, "epsilon": 0.05697677083400467, "gamma": 0.0430910027144322, "lamda": 0.3231812419854612}, "datetime": {"datetime": "2021-09-23 22:09:46", "elapsed": 18.770911, "delta": 0.806057}}
{"target": 0.9183722092393907, "params": {"C": 550.468094747924, "epsilon": 0.5194409895162766, "gamma": 0.046616465768687214, "lamda": 0.09962233242153017}, "datetime": {"datetime": "2021-09-23 22:09:47", "elapsed": 19.208536, "delta": 0.437625}}
{"target": 0.9180214384881947, "params": {"C": 646.1073023266083, "epsilon": 0.0943648777378669, "gamma": 0.058817940695245735, "lamda": 0.3593937206570151}, "datetime": {"datetime": "2021-09-23 22:09:47", "elapsed": 19.829573, "delta": 0.621037}}
{"target": 0.9206114747699599, "params": {"C": 579.6701763829934, "epsilon": 0.9069316082261485, "gamma": 0.050692477338904016, "lamda": 0.03897098724273471}, "datetime": {"datetime": "2021-09-23 22:09:48", "elapsed": 20.421955, "delta": 0.592382}}
{"target": 0.9113780853571322, "params": {"C": 573.0520773490383, "epsilon": 0.799390704162155, "gamma": 0.06558497066623334, "lamda": 0.09358558380939572}, "datetime": {"datetime": "2021-09-23 22:09:49", "elapsed": 21.091569, "delta": 0.669614}}
{"target": 0.9224624720489265, "params": {"C": 617.1231879032938, "epsilon": 0.33171345383548945, "gamma": 0.04848404464993309, "lamda": 0.08962069304487898}, "datetime": {"datetime": "2021-09-23 22:09:50", "elapsed": 22.173518, "delta": 1.081949}}
{"target": 0.9247131143294421, "params": {"C": 629.6941038691748, "epsilon": 0.10388750633669525, "gamma": 0.05342873158116468, "lamda": 0.1387409476178079}, "datetime": {"datetime": "2021-09-23 22:09:51", "elapsed": 23.283044, "delta": 1.109526}}
{"target": 0.9220574247329637, "params": {"C": 584.4071059513419, "epsilon": 0.1860091073566148, "gamma": 0.04620317369869396, "lamda": 0.1670153547815606}, "datetime": {"datetime": "2021-09-23 22:09:52", "elapsed": 23.94767, "delta": 0.664626}}
{"target": 0.9128368465482399, "params": {"C": 676.7008455712158, "epsilon": 0.7234042494440275, "gamma": 0.055594425361332994, "lamda": 0.1144583620145433}, "datetime": {"datetime": "2021-09-23 22:09:52", "elapsed": 24.484369, "delta": 0.536699}}
{"target": 0.9155246629797211, "params": {"C": 656.4657593596345, "epsilon": 0.22143393082596188, "gamma": 0.0508233880436226, "lamda": 0.2943059357236201}, "datetime": {"datetime": "2021-09-23 22:09:53", "elapsed": 25.026369, "delta": 0.542}}
{"target": 0.9182949726757901, "params": {"C": 584.3869195061047, "epsilon": 0.20062067017799398, "gamma": 0.06080649165506695, "lamda": 0.1783045924836603}, "datetime": {"datetime": "2021-09-23 22:09:54", "elapsed": 26.21994, "delta": 1.193571}}
{"target": 0.9274893236718247, "params": {"C": 584.6851051332758, "epsilon": 0.05949246555376489, "gamma": 0.03394175967965393, "lamda": 0.1055815403891673}, "datetime": {"datetime": "2021-09-23 22:09:55", "elapsed": 26.99811, "delta": 0.77817}}
{"target": 0.9075264966365258, "params": {"C": 629.847946260627, "epsilon": 0.04058424045727163, "gamma": 0.01746198459290198, "lamda": 0.39547969386652054}, "datetime": {"datetime": "2021-09-23 22:09:56", "elapsed": 27.850076, "delta": 0.851966}}
{"target": 0.9167400394083145, "params": {"C": 584.6846899253379, "epsilon": 0.11199996666422109, "gamma": 0.06033343658629748, "lamda": 0.35878573418330856}, "datetime": {"datetime": "2021-09-23 22:09:56", "elapsed": 28.624428, "delta": 0.774352}}
{"target": 0.9259815978566313, "params": {"C": 553.4061561819049, "epsilon": 0.08779039524932611, "gamma": 0.04911507778121615, "lamda": 0.14764845943093302}, "datetime": {"datetime": "2021-09-23 22:09:57", "elapsed": 29.519427, "delta": 0.894999}}
{"target": 0.9168082807500997, "params": {"C": 584.4188518467348, "epsilon": 0.03875884868821152, "gamma": 0.024666935755511987, "lamda": 0.06223540180176673}, "datetime": {"datetime": "2021-09-23 22:09:58", "elapsed": 30.434399, "delta": 0.914972}}
{"target": 0.9050860988686038, "params": {"C": 553.2292566726139, "epsilon": 0.19258824438408015, "gamma": 0.07, "lamda": 0.001}, "datetime": {"datetime": "2021-09-23 22:10:00", "elapsed": 32.091239, "delta": 1.65684}}
{"target": 0.9238691424765773, "params": {"C": 610.7367480107623, "epsilon": 0.06461716314599386, "gamma": 0.033718912082341186, "lamda": 0.27317741533332024}, "datetime": {"datetime": "2021-09-23 22:10:00", "elapsed": 32.72431, "delta": 0.633071}}
{"target": 0.9200111075144485, "params": {"C": 553.2622149935032, "epsilon": 0.11826797210350704, "gamma": 0.046756489235164886, "lamda": 0.31391952350216695}, "datetime": {"datetime": "2021-09-23 22:10:01", "elapsed": 33.581316, "delta": 0.857006}}
{"target": 0.9181635000726069, "params": {"C": 552.8709488756098, "epsilon": 0.03905554496467148, "gamma": 0.06551457471545179, "lamda": 0.24503113379131483}, "datetime": {"datetime": "2021-09-23 22:10:02", "elapsed": 34.514041, "delta": 0.932725}}
{"target": 0.9227557629926622, "params": {"C": 553.6303110524256, "epsilon": 0.10193890883922287, "gamma": 0.0381795964430672, "lamda": 0.2575646273465437}, "datetime": {"datetime": "2021-09-23 22:10:03", "elapsed": 35.822652, "delta": 1.308611}}
{"target": 0.9246012355586628, "params": {"C": 629.4402408989154, "epsilon": 0.03, "gamma": 0.03574219940474319, "lamda": 0.08673987680526686}, "datetime": {"datetime": "2021-09-23 22:10:04", "elapsed": 36.6495, "delta": 0.826848}}
{"target": 0.9144427078290165, "params": {"C": 665.8426632713005, "epsilon": 0.29050476619056775, "gamma": 0.0457153871089187, "lamda": 0.2618461263888121}, "datetime": {"datetime": "2021-09-23 22:10:05", "elapsed": 37.303499, "delta": 0.653999}}
{"target": 0.9112568584744802, "params": {"C": 629.4423565152191, "epsilon": 0.1793467419637596, "gamma": 0.07, "lamda": 0.3166991550453315}, "datetime": {"datetime": "2021-09-23 22:10:06", "elapsed": 38.237096, "delta": 0.933597}}
{"target": 0.9247299285725525, "params": {"C": 665.4162053715929, "epsilon": 0.06333119162071142, "gamma": 0.04735050402223521, "lamda": 0.28086419990729355}, "datetime": {"datetime": "2021-09-23 22:10:07", "elapsed": 39.059525, "delta": 0.822429}}
{"target": 0.8675855836670459, "params": {"C": 665.5044714320783, "epsilon": 0.28351009618643347, "gamma": 0.01, "lamda": 0.4}, "datetime": {"datetime": "2021-09-23 22:10:07", "elapsed": 39.804528, "delta": 0.745003}}
{"target": 0.9229936207741612, "params": {"C": 665.2785312575377, "epsilon": 0.10603701391960264, "gamma": 0.05702050032583445, "lamda": 0.07179315462343028}, "datetime": {"datetime": "2021-09-23 22:10:08", "elapsed": 40.460523, "delta": 0.655995}}
{"target": 0.910473840802238, "params": {"C": 665.3820770343477, "epsilon": 0.2121562813519773, "gamma": 0.027446234016696852, "lamda": 0.2856791376981919}, "datetime": {"datetime": "2021-09-23 22:10:09", "elapsed": 41.029117, "delta": 0.568594}}
{"target": 0.9186313165907795, "params": {"C": 664.5366476689961, "epsilon": 0.41602432813207946, "gamma": 0.05865241832198205, "lamda": 0.0935931003695684}, "datetime": {"datetime": "2021-09-23 22:10:10", "elapsed": 42.061143, "delta": 1.032026}}
{"target": 0.9081585749427695, "params": {"C": 676.8817910667973, "epsilon": 0.25597798420827467, "gamma": 0.06559187778085611, "lamda": 0.3611023605156928}, "datetime": {"datetime": "2021-09-23 22:10:10", "elapsed": 42.624323, "delta": 0.56318}}
{"target": 0.9207350309295796, "params": {"C": 665.4744472607795, "epsilon": 0.08226746516509147, "gamma": 0.025306276098393414, "lamda": 0.12932771845383692}, "datetime": {"datetime": "2021-09-23 22:10:11", "elapsed": 43.497317, "delta": 0.872994}}
{"target": 0.9027100399375452, "params": {"C": 613.2368839013984, "epsilon": 0.7695819628835003, "gamma": 0.06045065778099424, "lamda": 0.21462818631946584}, "datetime": {"datetime": "2021-09-23 22:10:12", "elapsed": 44.020919, "delta": 0.523602}}
{"target": 0.9163505147892531, "params": {"C": 665.1133013987453, "epsilon": 0.12307843213271194, "gamma": 0.025377322081279075, "lamda": 0.23031636799865285}, "datetime": {"datetime": "2021-09-23 22:10:13", "elapsed": 45.257548, "delta": 1.236629}}
{"target": 0.9258562356550807, "params": {"C": 665.8865824719769, "epsilon": 0.0536294439356184, "gamma": 0.05100286309455524, "lamda": 0.11696681243240695}, "datetime": {"datetime": "2021-09-23 22:10:14", "elapsed": 46.157758, "delta": 0.90021}}
{"target": 0.9257416473135492, "params": {"C": 666.1111910990212, "epsilon": 0.05729708877984237, "gamma": 0.03927765789151973, "lamda": 0.2833729802087474}, "datetime": {"datetime": "2021-09-23 22:10:15", "elapsed": 46.957746, "delta": 0.799988}}
{"target": 0.9286285080648675, "params": {"C": 666.1782752614453, "epsilon": 0.07979787662523093, "gamma": 0.03705042238398166, "lamda": 0.059818906577957756}, "datetime": {"datetime": "2021-09-23 22:10:15", "elapsed": 47.733729, "delta": 0.775983}}
{"target": 0.9150746902587255, "params": {"C": 666.1590107870852, "epsilon": 0.3256714178310518, "gamma": 0.06300242050516794, "lamda": 0.16149166983760388}, "datetime": {"datetime": "2021-09-23 22:10:17", "elapsed": 48.882009, "delta": 1.14828}}
{"target": 0.9000101822476297, "params": {"C": 608.7925795619855, "epsilon": 0.03801425058959908, "gamma": 0.012723914076975658, "lamda": 0.2474041442078309}, "datetime": {"datetime": "2021-09-23 22:10:17", "elapsed": 49.471608, "delta": 0.589599}}
{"target": 0.9265735640881687, "params": {"C": 666.4073262592472, "epsilon": 0.06187080353871807, "gamma": 0.03367310414182915, "lamda": 0.16094863496194908}, "datetime": {"datetime": "2021-09-23 22:10:18", "elapsed": 50.476848, "delta": 1.00524}}
{"target": 0.8697302408615195, "params": {"C": 604.5666127820167, "epsilon": 0.723909244098786, "gamma": 0.016547865355545414, "lamda": 0.3665853435181578}, "datetime": {"datetime": "2021-09-23 22:10:19", "elapsed": 51.312494, "delta": 0.835646}}
{"target": 0.925339480960426, "params": {"C": 649.3701858892767, "epsilon": 0.06713606722642186, "gamma": 0.028875124616783696, "lamda": 0.09112775715805843}, "datetime": {"datetime": "2021-09-23 22:10:20", "elapsed": 52.1565, "delta": 0.844006}}
{"target": 0.9182188766126487, "params": {"C": 649.5852125215038, "epsilon": 0.298973361462159, "gamma": 0.05015509549529508, "lamda": 0.1694486881985251}, "datetime": {"datetime": "2021-09-23 22:10:21", "elapsed": 52.959909, "delta": 0.803409}}
{"target": 0.89908147951162, "params": {"C": 689.0467452255798, "epsilon": 0.9536415485667779, "gamma": 0.015188328390230318, "lamda": 0.04149861486142341}, "datetime": {"datetime": "2021-09-23 22:10:21", "elapsed": 53.696909, "delta": 0.737}}
{"target": 0.9012856828532654, "params": {"C": 614.6929799869266, "epsilon": 0.44648293359166236, "gamma": 0.028775607302263473, "lamda": 0.29363790168061665}, "datetime": {"datetime": "2021-09-23 22:10:22", "elapsed": 54.513062, "delta": 0.816153}}
{"target": 0.8963433801585771, "params": {"C": 554.6705804082111, "epsilon": 0.5931835434233267, "gamma": 0.015365777078472266, "lamda": 0.08721564339898263}, "datetime": {"datetime": "2021-09-23 22:10:23", "elapsed": 55.100061, "delta": 0.586999}}
{"target": 0.9207438955938383, "params": {"C": 649.197708167762, "epsilon": 0.11779082831995565, "gamma": 0.038071461214184456, "lamda": 0.28505556919579966}, "datetime": {"datetime": "2021-09-23 22:10:24", "elapsed": 56.108675, "delta": 1.008614}}
{"target": 0.9176850235873786, "params": {"C": 575.3541720925116, "epsilon": 0.08333755853124372, "gamma": 0.06034625521770918, "lamda": 0.37110537972593094}, "datetime": {"datetime": "2021-09-23 22:10:24", "elapsed": 56.660084, "delta": 0.551409}}
{"target": 0.86955626003714, "params": {"C": 553.6431866276162, "epsilon": 0.03, "gamma": 0.01, "lamda": 0.001}, "datetime": {"datetime": "2021-09-23 22:10:26", "elapsed": 58.810194, "delta": 2.15011}}
{"target": 0.9105677540428108, "params": {"C": 553.5557564323811, "epsilon": 0.050721534348298264, "gamma": 0.020361302885855137, "lamda": 0.39934244797759005}, "datetime": {"datetime": "2021-09-23 22:10:27", "elapsed": 59.699891, "delta": 0.889697}}
{"target": 0.9122176383086916, "params": {"C": 553.5264333494874, "epsilon": 0.22856081220508312, "gamma": 0.06457950595177195, "lamda": 0.2863207114031148}, "datetime": {"datetime": "2021-09-23 22:10:28", "elapsed": 60.768221, "delta": 1.06833}}
{"target": 0.9126876901606047, "params": {"C": 649.2199473546223, "epsilon": 0.14211048957868105, "gamma": 0.06833741397481563, "lamda": 0.34612875507632634}, "datetime": {"datetime": "2021-09-23 22:10:29", "elapsed": 61.762211, "delta": 0.99399}}
{"target": 0.8842776085517824, "params": {"C": 649.1238752745353, "epsilon": 0.03, "gamma": 0.01, "lamda": 0.05996353751773089}, "datetime": {"datetime": "2021-09-23 22:10:31", "elapsed": 62.973438, "delta": 1.211227}}
{"target": 0.9211154399368883, "params": {"C": 666.2940109571523, "epsilon": 0.19974291328167118, "gamma": 0.03293276733226108, "lamda": 0.005110180802708978}, "datetime": {"datetime": "2021-09-23 22:10:32", "elapsed": 64.076442, "delta": 1.103004}}
{"target": 0.9135632218589401, "params": {"C": 666.3066337989486, "epsilon": 0.12961714800511442, "gamma": 0.07, "lamda": 0.3062039598801098}, "datetime": {"datetime": "2021-09-23 22:10:33", "elapsed": 65.105136, "delta": 1.028694}}
{"target": 0.9190482767772034, "params": {"C": 649.6361149455349, "epsilon": 0.08640117761673002, "gamma": 0.06386479685628951, "lamda": 0.0983987101462422}, "datetime": {"datetime": "2021-09-23 22:10:34", "elapsed": 65.92078, "delta": 0.815644}}
{"target": 0.8710632161803378, "params": {"C": 666.3590361450467, "epsilon": 0.03, "gamma": 0.01, "lamda": 0.001}, "datetime": {"datetime": "2021-09-23 22:10:35", "elapsed": 67.440294, "delta": 1.519514}}
{"target": 0.9166800604236979, "params": {"C": 584.5711625028027, "epsilon": 0.13401786875996577, "gamma": 0.07, "lamda": 0.1566144410868965}, "datetime": {"datetime": "2021-09-23 22:10:36", "elapsed": 68.352291, "delta": 0.911997}}
{"target": 0.9007497147457623, "params": {"C": 663.81407205596, "epsilon": 0.5238881381520016, "gamma": 0.020092360359869454, "lamda": 0.13394338251117271}, "datetime": {"datetime": "2021-09-23 22:10:37", "elapsed": 68.938353, "delta": 0.586062}}
{"target": 0.9012665686582046, "params": {"C": 649.3643903059168, "epsilon": 0.15108714886770253, "gamma": 0.015919123420794927, "lamda": 0.24397201150107212}, "datetime": {"datetime": "2021-09-23 22:10:37", "elapsed": 69.80736, "delta": 0.869007}}
{"target": 0.9183341771269256, "params": {"C": 666.1022326482862, "epsilon": 0.13085380939361996, "gamma": 0.0590551722362175, "lamda": 0.029962125241732803}, "datetime": {"datetime": "2021-09-23 22:10:38", "elapsed": 70.643261, "delta": 0.835901}}
{"target": 0.890474164016763, "params": {"C": 666.1826420065951, "epsilon": 0.1229274615992161, "gamma": 0.01, "lamda": 0.16769132200118586}, "datetime": {"datetime": "2021-09-23 22:10:39", "elapsed": 71.666227, "delta": 1.022966}}
{"target": 0.8986041575960164, "params": {"C": 680.2632648632482, "epsilon": 0.7959292186370986, "gamma": 0.06049574738962546, "lamda": 0.25855767007288327}, "datetime": {"datetime": "2021-09-23 22:10:40", "elapsed": 72.27323, "delta": 0.607003}}
{"target": 0.8822916421576104, "params": {"C": 584.5750023673711, "epsilon": 0.03820319567365963, "gamma": 0.010031523065593809, "lamda": 0.06222450633874295}, "datetime": {"datetime": "2021-09-23 22:10:41", "elapsed": 73.339915, "delta": 1.066685}}
{"target": 0.9216508727954968, "params": {"C": 610.7755951874999, "epsilon": 0.0669485257771224, "gamma": 0.030220698278200835, "lamda": 0.28500945297391683}, "datetime": {"datetime": "2021-09-23 22:10:42", "elapsed": 74.054494, "delta": 0.714579}}
