{"target": 0.917526448904062, "params": {"C": 2206.1496900126076, "epsilon": 0.12075363782080258, "gamma": 0.06416459913549696, "lamda": 0.24252793574032852}, "datetime": {"datetime": "2021-09-24 09:45:21", "elapsed": 255.156859, "delta": 3.469403}}
{"target": 0.9003111918946025, "params": {"C": 2146.298595259601, "epsilon": 0.06370589161864626, "gamma": 0.0598343469901282, "lamda": 0.04323479554440641}, "datetime": {"datetime": "2021-09-24 09:45:23", "elapsed": 257.596294, "delta": 2.439435}}
{"target": 0.9149270391390918, "params": {"C": 2215.6932996608193, "epsilon": 0.23435641908216923, "gamma": 0.06620260516889882, "lamda": 0.19368359311872285}, "datetime": {"datetime": "2021-09-24 09:45:25", "elapsed": 259.437697, "delta": 1.841403}}
{"target": 0.9275203266652575, "params": {"C": 2183.956824699373, "epsilon": 0.11365902581868549, "gamma": 0.03752459875973424, "lamda": 0.12658616511846316}, "datetime": {"datetime": "2021-09-24 09:45:27", "elapsed": 261.159519, "delta": 1.721822}}
{"target": 0.8906436177648571, "params": {"C": 2200.9335242886236, "epsilon": 0.2098862450273653, "gamma": 0.01269391680920132, "lamda": 0.2258706608179359}, "datetime": {"datetime": "2021-09-24 09:45:28", "elapsed": 262.652623, "delta": 1.493104}}
{"target": 0.929690322601095, "params": {"C": 2145.978328304646, "epsilon": 0.05405171188757853, "gamma": 0.03750552878503089, "lamda": 0.0835540395005492}, "datetime": {"datetime": "2021-09-24 09:45:31", "elapsed": 265.603004, "delta": 2.950381}}
{"target": 0.9110641721290924, "params": {"C": 2284.048090105439, "epsilon": 0.5735154209906408, "gamma": 0.02973259303678314, "lamda": 0.11971657020548479}, "datetime": {"datetime": "2021-09-24 09:45:33", "elapsed": 267.495347, "delta": 1.892343}}
{"target": 0.8659409209224842, "params": {"C": 2145.891865942142, "epsilon": 0.04419392284351019, "gamma": 0.047871813806705826, "lamda": 0.0015471370806556684}, "datetime": {"datetime": "2021-09-24 09:45:36", "elapsed": 270.16056, "delta": 2.665213}}
{"target": 0.9279349841292571, "params": {"C": 2132.805656055901, "epsilon": 0.11633853523586034, "gamma": 0.045370379364475986, "lamda": 0.060669264688080565}, "datetime": {"datetime": "2021-09-24 09:45:38", "elapsed": 272.243913, "delta": 2.083353}}
{"target": 0.9299361760773968, "params": {"C": 2155.2915583023355, "epsilon": 0.9079397192956918, "gamma": 0.03005854154975353, "lamda": 0.007608850239136517}, "datetime": {"datetime": "2021-09-24 09:45:41", "elapsed": 275.593717, "delta": 3.349804}}
{"target": 0.9310433576105152, "params": {"C": 2132.2386674519375, "epsilon": 0.3309829703509348, "gamma": 0.028371438138160655, "lamda": 0.012358030033252598}, "datetime": {"datetime": "2021-09-24 09:45:44", "elapsed": 278.177032, "delta": 2.583315}}
{"target": 0.8953995863536954, "params": {"C": 2187.9690095302367, "epsilon": 0.988027579060858, "gamma": 0.031209914705645617, "lamda": 0.20730164403035167}, "datetime": {"datetime": "2021-09-24 09:45:46", "elapsed": 280.056497, "delta": 1.879465}}
{"target": 0.8964022047558211, "params": {"C": 2145.126333145321, "epsilon": 0.4145558765935128, "gamma": 0.06924506815422446, "lamda": 0.008001640775163646}, "datetime": {"datetime": "2021-09-24 09:45:48", "elapsed": 282.648884, "delta": 2.592387}}
{"target": 0.9207041781620904, "params": {"C": 2145.9321097409465, "epsilon": 0.3196043866210605, "gamma": 0.0592498699363638, "lamda": 0.08150492142916886}, "datetime": {"datetime": "2021-09-24 09:45:52", "elapsed": 285.946569, "delta": 3.297685}}
{"target": 0.9194528928124285, "params": {"C": 2132.222249605792, "epsilon": 0.4307198639720997, "gamma": 0.022273145780838163, "lamda": 0.03610941635812824}, "datetime": {"datetime": "2021-09-24 09:45:54", "elapsed": 288.519727, "delta": 2.573158}}
{"target": 0.9192413568756834, "params": {"C": 2120.659886289413, "epsilon": 0.08132369940778772, "gamma": 0.06516948911738524, "lamda": 0.1889356646393952}, "datetime": {"datetime": "2021-09-24 09:45:57", "elapsed": 291.412306, "delta": 2.892579}}
{"target": 0.9301512518893422, "params": {"C": 2155.21291598559, "epsilon": 0.88338208883209, "gamma": 0.0340123367545338, "lamda": 0.004965025923359608}, "datetime": {"datetime": "2021-09-24 09:46:00", "elapsed": 293.806194, "delta": 2.393888}}
{"target": 0.9202251000808064, "params": {"C": 2254.232678464686, "epsilon": 0.11846259949176055, "gamma": 0.04568803826587592, "lamda": 0.30834905351341474}, "datetime": {"datetime": "2021-09-24 09:46:02", "elapsed": 295.835111, "delta": 2.028917}}
{"target": 0.9295033420592662, "params": {"C": 2183.9070221306924, "epsilon": 0.06198327948139628, "gamma": 0.025151220599372314, "lamda": 0.08686502261222014}, "datetime": {"datetime": "2021-09-24 09:46:04", "elapsed": 297.811308, "delta": 1.976197}}
{"target": 0.9198994725303422, "params": {"C": 2217.6695793124363, "epsilon": 0.6306722498829271, "gamma": 0.05410018427307728, "lamda": 0.008949603825385368}, "datetime": {"datetime": "2021-09-24 09:46:05", "elapsed": 299.654704, "delta": 1.843396}}
{"target": 0.8712112751243352, "params": {"C": 2127.4884797494515, "epsilon": 0.9066557613141163, "gamma": 0.016501499343136012, "lamda": 0.28026277813654543}, "datetime": {"datetime": "2021-09-24 09:46:07", "elapsed": 301.186328, "delta": 1.531624}}
{"target": 0.9307462583540591, "params": {"C": 2132.366266557441, "epsilon": 0.45466299560635315, "gamma": 0.03284974177076371, "lamda": 0.014363517404510393}, "datetime": {"datetime": "2021-09-24 09:46:10", "elapsed": 303.796513, "delta": 2.610185}}
{"target": 0.9001559097259104, "params": {"C": 2132.3338866950585, "epsilon": 0.40794638129813365, "gamma": 0.01, "lamda": 0.02758018962939722}, "datetime": {"datetime": "2021-09-24 09:46:12", "elapsed": 306.434511, "delta": 2.637998}}
{"target": 0.9202632911295374, "params": {"C": 2183.8701217599523, "epsilon": 0.1301928569777616, "gamma": 0.024678487388219615, "lamda": 0.1365050649815918}, "datetime": {"datetime": "2021-09-24 09:46:14", "elapsed": 308.591249, "delta": 2.156738}}
{"target": 0.9170400310344833, "params": {"C": 2132.7182010826514, "epsilon": 0.20257073950241003, "gamma": 0.07, "lamda": 0.09534515849131009}, "datetime": {"datetime": "2021-09-24 09:46:18", "elapsed": 312.225244, "delta": 3.633995}}
{"target": 0.908882235400809, "params": {"C": 2275.193920994467, "epsilon": 0.8695954284945514, "gamma": 0.01617549865772478, "lamda": 0.021386879150166193}, "datetime": {"datetime": "2021-09-24 09:46:20", "elapsed": 314.64866, "delta": 2.423416}}
{"target": 0.9268940968272757, "params": {"C": 2172.220995050428, "epsilon": 0.04293243332465948, "gamma": 0.04071505288968297, "lamda": 0.3197623223910071}, "datetime": {"datetime": "2021-09-24 09:46:23", "elapsed": 317.042888, "delta": 2.394228}}
{"target": 0.9132858567715887, "params": {"C": 2239.9684712163726, "epsilon": 0.5328001993768217, "gamma": 0.04703599159159425, "lamda": 0.1612844200684688}, "datetime": {"datetime": "2021-09-24 09:46:25", "elapsed": 319.199344, "delta": 2.156456}}
{"target": 0.9192049935676784, "params": {"C": 2233.661392419318, "epsilon": 0.1108487362476593, "gamma": 0.06533470116872422, "lamda": 0.11147051460012303}, "datetime": {"datetime": "2021-09-24 09:46:28", "elapsed": 322.071064, "delta": 2.87172}}
{"target": 0.9068603419351943, "params": {"C": 2146.217212878044, "epsilon": 0.07596760101007835, "gamma": 0.013545442552122944, "lamda": 0.17681346992150918}, "datetime": {"datetime": "2021-09-24 09:46:30", "elapsed": 324.494655, "delta": 2.423591}}
{"target": 0.8939454185554655, "params": {"C": 2132.7667383487615, "epsilon": 0.04835136349562498, "gamma": 0.05233294085894006, "lamda": 0.03713281268316062}, "datetime": {"datetime": "2021-09-24 09:46:33", "elapsed": 326.975683, "delta": 2.481028}}
{"target": 0.9193067796512281, "params": {"C": 2155.2296720335567, "epsilon": 0.8683770489142909, "gamma": 0.06427315744294078, "lamda": 0.017471676999297702}, "datetime": {"datetime": "2021-09-24 09:46:35", "elapsed": 329.204773, "delta": 2.22909}}
{"target": 0.9183017939513937, "params": {"C": 2206.3004823361644, "epsilon": 0.14255366233777084, "gamma": 0.026049815588397827, "lamda": 0.1739932427327494}, "datetime": {"datetime": "2021-09-24 09:46:37", "elapsed": 331.295017, "delta": 2.090244}}
{"target": 0.9244148702450437, "params": {"C": 2206.1521414170143, "epsilon": 0.14862048816932044, "gamma": 0.04914113069080774, "lamda": 0.13737136796818014}, "datetime": {"datetime": "2021-09-24 09:46:42", "elapsed": 336.070246, "delta": 4.775229}}
{"target": 0.9205888196353296, "params": {"C": 2132.852261955506, "epsilon": 0.1428211231571272, "gamma": 0.03277422911136441, "lamda": 0.009132663466413577}, "datetime": {"datetime": "2021-09-24 09:46:45", "elapsed": 338.790545, "delta": 2.720299}}
{"target": 0.9044277007160951, "params": {"C": 2205.865849643745, "epsilon": 0.4710866968149353, "gamma": 0.06067348889690649, "lamda": 0.30473691415270376}, "datetime": {"datetime": "2021-09-24 09:46:48", "elapsed": 341.742151, "delta": 2.951606}}
{"target": 0.9132114105697869, "params": {"C": 2203.8419055833383, "epsilon": 0.9957457242159313, "gamma": 0.03410370304809121, "lamda": 0.06971160003567652}, "datetime": {"datetime": "2021-09-24 09:46:50", "elapsed": 344.318049, "delta": 2.575898}}
{"target": 0.920863496829257, "params": {"C": 2183.9297556291494, "epsilon": 0.1562678676453161, "gamma": 0.057360015601665204, "lamda": 0.04531908264368109}, "datetime": {"datetime": "2021-09-24 09:46:55", "elapsed": 349.208421, "delta": 4.890372}}
{"target": 0.9275167924625071, "params": {"C": 2254.2065730764534, "epsilon": 0.030149394784267647, "gamma": 0.034152360976756925, "lamda": 0.36886956433188245}, "datetime": {"datetime": "2021-09-24 09:46:58", "elapsed": 352.528939, "delta": 3.320518}}
{"target": 0.9142534866237615, "params": {"C": 2183.934791201844, "epsilon": 0.05392193403144614, "gamma": 0.0677104658510718, "lamda": 0.13448963003325234}, "datetime": {"datetime": "2021-09-24 09:47:03", "elapsed": 357.348401, "delta": 4.819462}}
{"target": 0.9261889963463663, "params": {"C": 2132.4104140204363, "epsilon": 0.42355279739247553, "gamma": 0.026596187766661068, "lamda": 0.02536624448002706}, "datetime": {"datetime": "2021-09-24 09:47:07", "elapsed": 361.239013, "delta": 3.890612}}
{"target": 0.9099842319946523, "params": {"C": 2125.8070700929366, "epsilon": 0.3990254428055038, "gamma": 0.04580886577930534, "lamda": 0.27796289631313376}, "datetime": {"datetime": "2021-09-24 09:47:09", "elapsed": 363.420172, "delta": 2.181159}}
{"target": 0.897013624402283, "params": {"C": 2167.1063439377053, "epsilon": 0.5984587817127524, "gamma": 0.03314308659796798, "lamda": 0.32768291376103525}, "datetime": {"datetime": "2021-09-24 09:47:12", "elapsed": 366.067543, "delta": 2.647371}}
{"target": 0.919462698185001, "params": {"C": 2206.0836075037755, "epsilon": 0.059829574750542805, "gamma": 0.06263686661214747, "lamda": 0.1513109762292796}, "datetime": {"datetime": "2021-09-24 09:47:15", "elapsed": 368.771992, "delta": 2.704449}}
{"target": 0.9200496744835508, "params": {"C": 2132.204201012378, "epsilon": 0.2223608704001088, "gamma": 0.06427901113197394, "lamda": 0.07146597252465448}, "datetime": {"datetime": "2021-09-24 09:47:18", "elapsed": 372.064912, "delta": 3.29292}}
{"target": 0.8963362367112583, "params": {"C": 2226.0860954717446, "epsilon": 0.6790756925570854, "gamma": 0.06453993982117275, "lamda": 0.317068464075257}, "datetime": {"datetime": "2021-09-24 09:47:20", "elapsed": 374.369597, "delta": 2.304685}}
{"target": 0.9252863323274257, "params": {"C": 2183.86813674571, "epsilon": 0.0893317051194738, "gamma": 0.024339025033242433, "lamda": 0.018260499812572363}, "datetime": {"datetime": "2021-09-24 09:47:24", "elapsed": 378.343666, "delta": 3.974069}}
{"target": 0.9136826608813882, "params": {"C": 2145.938260057121, "epsilon": 0.07140300448572674, "gamma": 0.015516865445069262, "lamda": 0.135460408109276}, "datetime": {"datetime": "2021-09-24 09:47:27", "elapsed": 381.733364, "delta": 3.389698}}
{"target": 0.9141357642376912, "params": {"C": 2170.63146635785, "epsilon": 0.21658840424194875, "gamma": 0.02881575997328912, "lamda": 0.22351033675314216}, "datetime": {"datetime": "2021-09-24 09:47:31", "elapsed": 384.85881, "delta": 3.125446}}
{"target": 0.9142539202895001, "params": {"C": 2141.867296617783, "epsilon": 0.6695675653721247, "gamma": 0.0660586324365274, "lamda": 0.0781986224354041}, "datetime": {"datetime": "2021-09-24 09:47:33", "elapsed": 387.540976, "delta": 2.682166}}
{"target": 0.910408097379568, "params": {"C": 2146.2037922755017, "epsilon": 0.041460464620888246, "gamma": 0.05958107125325414, "lamda": 0.09387297692534592}, "datetime": {"datetime": "2021-09-24 09:47:36", "elapsed": 390.718349, "delta": 3.177373}}
{"target": 0.9175671558622098, "params": {"C": 2232.7896781614, "epsilon": 0.10169029930566309, "gamma": 0.061364532302760816, "lamda": 0.32811550777121845}, "datetime": {"datetime": "2021-09-24 09:47:42", "elapsed": 395.816957, "delta": 5.098608}}
{"target": 0.9243136418343207, "params": {"C": 2132.185805445767, "epsilon": 0.3429846084613305, "gamma": 0.051228566096598996, "lamda": 0.058872583714750126}, "datetime": {"datetime": "2021-09-24 09:47:45", "elapsed": 399.533006, "delta": 3.716049}}
{"target": 0.9083471192397142, "params": {"C": 2241.032163262194, "epsilon": 0.3855008869197727, "gamma": 0.029459514715263722, "lamda": 0.21789917067271516}, "datetime": {"datetime": "2021-09-24 09:47:48", "elapsed": 401.999204, "delta": 2.466198}}
{"target": 0.9107212060298849, "params": {"C": 2206.068521109824, "epsilon": 0.10881294242061502, "gamma": 0.017127304134574493, "lamda": 0.16667704725659613}, "datetime": {"datetime": "2021-09-24 09:47:51", "elapsed": 404.860419, "delta": 2.861215}}
{"target": 0.910162749444408, "params": {"C": 2183.944257170641, "epsilon": 0.15888507760079398, "gamma": 0.016393837545594307, "lamda": 0.10825543931193711}, "datetime": {"datetime": "2021-09-24 09:47:54", "elapsed": 408.131325, "delta": 3.270906}}
{"target": 0.9300891879224, "params": {"C": 2183.8326210612868, "epsilon": 0.08103109648169785, "gamma": 0.03512400358656879, "lamda": 0.10793957472315915}, "datetime": {"datetime": "2021-09-24 09:47:58", "elapsed": 412.020672, "delta": 3.889347}}
{"target": 0.9175045995150579, "params": {"C": 2155.2421181712975, "epsilon": 0.9069453567696761, "gamma": 0.030234206863315793, "lamda": 0.03985315761487675}, "datetime": {"datetime": "2021-09-24 09:48:02", "elapsed": 415.87665, "delta": 3.855978}}
{"target": 0.9113193465389519, "params": {"C": 2132.2630600321127, "epsilon": 0.2963743413079638, "gamma": 0.019602737518180723, "lamda": 0.08632671839039475}, "datetime": {"datetime": "2021-09-24 09:48:05", "elapsed": 419.300035, "delta": 3.423385}}
{"target": 0.9237505705801115, "params": {"C": 2145.9825129694264, "epsilon": 0.23680038476691428, "gamma": 0.055500250892496564, "lamda": 0.06904542713623295}, "datetime": {"datetime": "2021-09-24 09:48:08", "elapsed": 422.644706, "delta": 3.344671}}
{"target": 0.9245304115565853, "params": {"C": 2206.3141827014406, "epsilon": 0.14209185805202657, "gamma": 0.04076128456952442, "lamda": 0.1586057269278171}, "datetime": {"datetime": "2021-09-24 09:48:11", "elapsed": 425.381514, "delta": 2.736808}}
{"target": 0.9254934425459376, "params": {"C": 2183.8031912680394, "epsilon": 0.1176591932892535, "gamma": 0.05105032011716946, "lamda": 0.1237747933665499}, "datetime": {"datetime": "2021-09-24 09:48:14", "elapsed": 428.407892, "delta": 3.026378}}
{"target": 0.9045544311368775, "params": {"C": 2147.331699101228, "epsilon": 0.8203224586898195, "gamma": 0.03468971127098242, "lamda": 0.16680464059172936}, "datetime": {"datetime": "2021-09-24 09:48:18", "elapsed": 431.831815, "delta": 3.423923}}
{"target": 0.8986457228017904, "params": {"C": 2254.2285065692286, "epsilon": 0.10803320493834212, "gamma": 0.012501429806092654, "lamda": 0.22280768385360916}, "datetime": {"datetime": "2021-09-24 09:48:21", "elapsed": 435.687659, "delta": 3.855844}}
{"target": 0.8911959100377559, "params": {"C": 2174.2983579532392, "epsilon": 0.789949519200054, "gamma": 0.055509346028482155, "lamda": 0.37012318832676455}, "datetime": {"datetime": "2021-09-24 09:48:24", "elapsed": 438.672019, "delta": 2.98436}}
{"target": 0.9147532348405703, "params": {"C": 2122.993762433114, "epsilon": 0.7038447656198701, "gamma": 0.04280147571250267, "lamda": 0.10507505443789188}, "datetime": {"datetime": "2021-09-24 09:48:28", "elapsed": 441.861616, "delta": 3.189597}}
{"target": 0.9184727295082089, "params": {"C": 2233.71218138225, "epsilon": 0.1682133704983689, "gamma": 0.023265377928423335, "lamda": 0.11298057899090239}, "datetime": {"datetime": "2021-09-24 09:48:31", "elapsed": 445.596852, "delta": 3.735236}}
{"target": 0.8678800444168144, "params": {"C": 2132.1929592324364, "epsilon": 0.3188810283965813, "gamma": 0.06391702303591082, "lamda": 0.0039665010591531085}, "datetime": {"datetime": "2021-09-24 09:48:37", "elapsed": 450.920574, "delta": 5.323722}}
{"target": 0.8898350848696774, "params": {"C": 2121.5817083010156, "epsilon": 0.23450280304934717, "gamma": 0.012274761050694508, "lamda": 0.19843363550269302}, "datetime": {"datetime": "2021-09-24 09:48:40", "elapsed": 454.06491, "delta": 3.144336}}
{"target": 0.9252641156585084, "params": {"C": 2183.9112752970427, "epsilon": 0.036066278078855735, "gamma": 0.03578155030444739, "lamda": 0.06500018254129611}, "datetime": {"datetime": "2021-09-24 09:48:44", "elapsed": 458.234735, "delta": 4.169825}}
{"target": 0.914357000764924, "params": {"C": 2179.3343253358544, "epsilon": 0.34247662385980226, "gamma": 0.04833521569363582, "lamda": 0.2236747338830141}, "datetime": {"datetime": "2021-09-24 09:48:47", "elapsed": 461.249108, "delta": 3.014373}}
{"target": 0.9237101505407008, "params": {"C": 2132.1306832211117, "epsilon": 0.29273933546758424, "gamma": 0.03300784421599852, "lamda": 0.07545488472643433}, "datetime": {"datetime": "2021-09-24 09:48:50", "elapsed": 464.391696, "delta": 3.142588}}
{"target": 0.9179742254604785, "params": {"C": 2206.1335025005433, "epsilon": 0.09607543426548751, "gamma": 0.06763656146695939, "lamda": 0.18178861293112522}, "datetime": {"datetime": "2021-09-24 09:48:53", "elapsed": 467.483633, "delta": 3.091937}}
{"target": 0.9184313685909722, "params": {"C": 2254.1548601721065, "epsilon": 0.11478563053562674, "gamma": 0.03479531397664597, "lamda": 0.3430019889684228}, "datetime": {"datetime": "2021-09-24 09:48:57", "elapsed": 471.37328, "delta": 3.889647}}
{"target": 0.9109519970607133, "params": {"C": 2121.1158432524016, "epsilon": 0.3521225589123351, "gamma": 0.06707401134491564, "lamda": 0.20546875555452276}, "datetime": {"datetime": "2021-09-24 09:49:01", "elapsed": 475.03377, "delta": 3.66049}}
{"target": 0.9149829915008909, "params": {"C": 2180.7143112179547, "epsilon": 0.37285331333082794, "gamma": 0.040189437557264986, "lamda": 0.19011307631389732}, "datetime": {"datetime": "2021-09-24 09:49:03", "elapsed": 477.501782, "delta": 2.468012}}
{"target": 0.9046241533088757, "params": {"C": 2146.075055039352, "epsilon": 0.24892127596110863, "gamma": 0.015281369285972433, "lamda": 0.10008746821065094}, "datetime": {"datetime": "2021-09-24 09:49:07", "elapsed": 481.088931, "delta": 3.587149}}
{"target": 0.8993866046883058, "params": {"C": 2172.220432265811, "epsilon": 0.7408649511284698, "gamma": 0.04927699645693644, "lamda": 0.28688367998786113}, "datetime": {"datetime": "2021-09-24 09:49:10", "elapsed": 483.911091, "delta": 2.82216}}
{"target": 0.9124691836501803, "params": {"C": 2151.9232681400176, "epsilon": 0.9437229438946725, "gamma": 0.038127207173962986, "lamda": 0.0897471787714462}, "datetime": {"datetime": "2021-09-24 09:49:13", "elapsed": 487.193831, "delta": 3.28274}}
{"target": 0.9286500566015746, "params": {"C": 2106.9836511910066, "epsilon": 0.9133342829609084, "gamma": 0.02915695429644182, "lamda": 0.009357343746428139}, "datetime": {"datetime": "2021-09-24 09:49:17", "elapsed": 490.980509, "delta": 3.786678}}
{"target": 0.9112298234713448, "params": {"C": 2145.287611577944, "epsilon": 0.05080396200645276, "gamma": 0.06582959550161746, "lamda": 0.10509931296807659}, "datetime": {"datetime": "2021-09-24 09:49:21", "elapsed": 495.452065, "delta": 4.471556}}
{"target": 0.8999791921896837, "params": {"C": 2253.4581487137416, "epsilon": 0.8797423321565119, "gamma": 0.05146519184214646, "lamda": 0.23524150766979834}, "datetime": {"datetime": "2021-09-24 09:49:25", "elapsed": 499.350272, "delta": 3.898207}}
{"target": 0.9114061907471269, "params": {"C": 2108.2374532994313, "epsilon": 0.23044475820065224, "gamma": 0.01335726502384482, "lamda": 0.030151414640993197}, "datetime": {"datetime": "2021-09-24 09:49:29", "elapsed": 503.72979, "delta": 4.379518}}
{"target": 0.9141042378350469, "params": {"C": 2146.218886453013, "epsilon": 0.12280694759891402, "gamma": 0.017139449271756785, "lamda": 0.10471106660545147}, "datetime": {"datetime": "2021-09-24 09:49:34", "elapsed": 508.722694, "delta": 4.992904}}
{"target": 0.8989719822429352, "params": {"C": 2171.81276671838, "epsilon": 0.8951615020471819, "gamma": 0.05446315628752793, "lamda": 0.23937532878438053}, "datetime": {"datetime": "2021-09-24 09:49:37", "elapsed": 511.312231, "delta": 2.589537}}
{"target": 0.9264300532591715, "params": {"C": 2132.277952761689, "epsilon": 0.3572155771400548, "gamma": 0.034728278241469006, "lamda": 0.04586125139920635}, "datetime": {"datetime": "2021-09-24 09:49:41", "elapsed": 515.098056, "delta": 3.785825}}
{"target": 0.9171509800481923, "params": {"C": 2106.9685272671904, "epsilon": 0.9248910288760316, "gamma": 0.06488425054445326, "lamda": 0.038505684437635114}, "datetime": {"datetime": "2021-09-24 09:49:45", "elapsed": 519.198535, "delta": 4.100479}}
{"target": 0.9244603722649926, "params": {"C": 2254.15156471946, "epsilon": 0.03401090672785133, "gamma": 0.027120852148358715, "lamda": 0.33996828110975597}, "datetime": {"datetime": "2021-09-24 09:49:49", "elapsed": 522.737436, "delta": 3.538901}}
