{"target": 0.9109566578366153, "params": {"C": 585.7295681737227, "epsilon": 0.09587940637357448, "gamma": 0.04592170797889732, "lamda": 0.09865248701962069}, "datetime": {"datetime": "2021-09-23 11:22:15", "elapsed": 237.897076, "delta": 1.003633}}
{"target": 0.9176369867933328, "params": {"C": 763.6673328374872, "epsilon": 0.13233455043328735, "gamma": 0.05626613839644543, "lamda": 0.14691667601337524}, "datetime": {"datetime": "2021-09-23 11:22:16", "elapsed": 238.96807, "delta": 1.070994}}
{"target": 0.9129144332196407, "params": {"C": 727.1435672402209, "epsilon": 0.12718362074079917, "gamma": 0.04897491062382075, "lamda": 0.06561785734839731}, "datetime": {"datetime": "2021-09-23 11:22:17", "elapsed": 240.149907, "delta": 1.181837}}
{"target": 0.915571783835201, "params": {"C": 596.9825206083749, "epsilon": 0.20773943706178247, "gamma": 0.0523532642755551, "lamda": 0.07741259129929047}, "datetime": {"datetime": "2021-09-23 11:22:18", "elapsed": 241.122943, "delta": 0.973036}}
{"target": 0.9000316645395677, "params": {"C": 763.6019635806815, "epsilon": 0.15543175971508352, "gamma": 0.028108410629183005, "lamda": 0.13666971225429642}, "datetime": {"datetime": "2021-09-23 11:22:19", "elapsed": 242.439409, "delta": 1.316466}}
{"target": 0.9119140091556197, "params": {"C": 675.6905784366185, "epsilon": 0.22936365657754387, "gamma": 0.043986946790606773, "lamda": 0.10560257418954885}, "datetime": {"datetime": "2021-09-23 11:22:20", "elapsed": 243.640877, "delta": 1.201468}}
{"target": 0.9007869052827916, "params": {"C": 763.6897228511841, "epsilon": 0.18152418343736418, "gamma": 0.029611813770966215, "lamda": 0.14300410740367897}, "datetime": {"datetime": "2021-09-23 11:22:22", "elapsed": 245.196672, "delta": 1.555795}}
{"target": 0.9175669222026863, "params": {"C": 709.370297135381, "epsilon": 0.12688271458988218, "gamma": 0.05683550430741568, "lamda": 0.10536453418506354}, "datetime": {"datetime": "2021-09-23 11:22:23", "elapsed": 246.426675, "delta": 1.230003}}
{"target": 0.9156248199332031, "params": {"C": 635.1527241988541, "epsilon": 0.19829194215988277, "gamma": 0.052404792979050714, "lamda": 0.06953966183655014}, "datetime": {"datetime": "2021-09-23 11:22:24", "elapsed": 247.524673, "delta": 1.097998}}
{"target": 0.8741363806575072, "params": {"C": 693.5035386102703, "epsilon": 0.12007142902823571, "gamma": 0.012244930674334433, "lamda": 0.11544820201063154}, "datetime": {"datetime": "2021-09-23 11:22:25", "elapsed": 248.489674, "delta": 0.965001}}
{"target": 0.9176964657198475, "params": {"C": 675.8488048722055, "epsilon": 0.11913055701721231, "gamma": 0.059336782916495724, "lamda": 0.10912171306543876}, "datetime": {"datetime": "2021-09-23 11:22:27", "elapsed": 250.095784, "delta": 1.60611}}
{"target": 0.8980426618310255, "params": {"C": 782.8516968633469, "epsilon": 0.221287797595333, "gamma": 0.026443827530652615, "lamda": 0.08219190795911177}, "datetime": {"datetime": "2021-09-23 11:22:28", "elapsed": 251.099792, "delta": 1.004008}}
{"target": 0.8975980390815446, "params": {"C": 709.3708407770475, "epsilon": 0.16003322192207547, "gamma": 0.026855966340572607, "lamda": 0.11532422598706066}, "datetime": {"datetime": "2021-09-23 11:22:29", "elapsed": 252.290787, "delta": 1.190995}}
{"target": 0.9173810334031901, "params": {"C": 692.1656334115338, "epsilon": 0.20898856470667088, "gamma": 0.05640423610756291, "lamda": 0.06827726397187571}, "datetime": {"datetime": "2021-09-23 11:22:30", "elapsed": 253.538815, "delta": 1.248028}}
{"target": 0.9173668106172702, "params": {"C": 727.1534759426904, "epsilon": 0.1771426679881929, "gamma": 0.0570768425490287, "lamda": 0.07014502988171661}, "datetime": {"datetime": "2021-09-23 11:22:32", "elapsed": 255.058701, "delta": 1.519886}}
{"target": 0.9078166988067683, "params": {"C": 615.3334306657451, "epsilon": 0.22176207766695863, "gamma": 0.03846141238529578, "lamda": 0.09567854953008906}, "datetime": {"datetime": "2021-09-23 11:22:33", "elapsed": 256.425009, "delta": 1.366308}}
{"target": 0.9106138415898251, "params": {"C": 769.4191190414867, "epsilon": 0.13062318696897918, "gamma": 0.04101352995868687, "lamda": 0.09317828587819386}, "datetime": {"datetime": "2021-09-23 11:22:34", "elapsed": 257.695826, "delta": 1.270817}}
{"target": 0.9138121872248749, "params": {"C": 709.3677485321284, "epsilon": 0.11831099756779853, "gamma": 0.05439542430252843, "lamda": 0.05998212158403417}, "datetime": {"datetime": "2021-09-23 11:22:37", "elapsed": 259.754259, "delta": 2.058433}}
{"target": 0.8852601755128396, "params": {"C": 709.3305431274259, "epsilon": 0.07298846781539606, "gamma": 0.019070251511916977, "lamda": 0.11258242848247411}, "datetime": {"datetime": "2021-09-23 11:22:39", "elapsed": 261.767089, "delta": 2.01283}}
{"target": 0.906700263016071, "params": {"C": 675.8869142853367, "epsilon": 0.10970849210522873, "gamma": 0.03990384939296598, "lamda": 0.07338141427469905}, "datetime": {"datetime": "2021-09-23 11:22:40", "elapsed": 263.126082, "delta": 1.358993}}
{"target": 0.9113301119248188, "params": {"C": 600.6988753705155, "epsilon": 0.3380757671810293, "gamma": 0.05516745267425635, "lamda": 0.13320404449247372}, "datetime": {"datetime": "2021-09-23 11:22:42", "elapsed": 264.773308, "delta": 1.647226}}
{"target": 0.869023377036634, "params": {"C": 727.1768390898482, "epsilon": 0.15610918446442712, "gamma": 0.010808943304759696, "lamda": 0.06860684837909954}, "datetime": {"datetime": "2021-09-23 11:22:43", "elapsed": 266.168884, "delta": 1.395576}}
{"target": 0.885019969856531, "params": {"C": 775.3828746179189, "epsilon": 0.16440075996148537, "gamma": 0.01813642873948633, "lamda": 0.05554912185452007}, "datetime": {"datetime": "2021-09-23 11:22:44", "elapsed": 267.338554, "delta": 1.16967}}
{"target": 0.9164957033002618, "params": {"C": 675.8167686170307, "epsilon": 0.126613232952931, "gamma": 0.056758570962656664, "lamda": 0.08657122963272783}, "datetime": {"datetime": "2021-09-23 11:22:46", "elapsed": 268.870947, "delta": 1.532393}}
{"target": 0.9129917041162949, "params": {"C": 711.4947977608689, "epsilon": 0.23719743037978386, "gamma": 0.04675015356089773, "lamda": 0.04749047738890519}, "datetime": {"datetime": "2021-09-23 11:22:47", "elapsed": 269.954874, "delta": 1.083927}}
{"target": 0.8743436881819195, "params": {"C": 614.5501157306605, "epsilon": 0.3140175830461973, "gamma": 0.015417916119280008, "lamda": 0.13248833901520846}, "datetime": {"datetime": "2021-09-23 11:22:48", "elapsed": 271.076911, "delta": 1.122037}}
{"target": 0.9151278803124935, "params": {"C": 692.1049491782998, "epsilon": 0.19581434689951108, "gamma": 0.05642231237043459, "lamda": 0.045050948019164594}, "datetime": {"datetime": "2021-09-23 11:22:49", "elapsed": 272.651094, "delta": 1.574183}}
{"target": 0.9133308796293411, "params": {"C": 706.5945381613546, "epsilon": 0.2776075030374434, "gamma": 0.06, "lamda": 0.15123202141852474}, "datetime": {"datetime": "2021-09-23 11:22:51", "elapsed": 274.305248, "delta": 1.654154}}
{"target": 0.887919848922593, "params": {"C": 692.1518420016208, "epsilon": 0.21015690980003102, "gamma": 0.020485765117145973, "lamda": 0.05518701181343233}, "datetime": {"datetime": "2021-09-23 11:22:53", "elapsed": 275.762249, "delta": 1.457001}}
{"target": 0.9177809347133179, "params": {"C": 722.6830591106556, "epsilon": 0.07, "gamma": 0.06, "lamda": 0.16545628410802266}, "datetime": {"datetime": "2021-09-23 11:22:54", "elapsed": 277.141244, "delta": 1.378995}}
{"target": 0.8811837379848478, "params": {"C": 773.3334650690522, "epsilon": 0.30370182030260706, "gamma": 0.015146248881437315, "lamda": 0.051386866901681136}, "datetime": {"datetime": "2021-09-23 11:22:55", "elapsed": 278.353075, "delta": 1.211831}}
{"target": 0.9043036977822313, "params": {"C": 662.6375696792102, "epsilon": 0.07359974948212172, "gamma": 0.03559587740806914, "lamda": 0.14486288295457617}, "datetime": {"datetime": "2021-09-23 11:22:56", "elapsed": 279.46802, "delta": 1.114945}}
{"target": 0.9111215837774609, "params": {"C": 735.4661065576006, "epsilon": 0.2099546946718988, "gamma": 0.04086332632632854, "lamda": 0.0952144173146832}, "datetime": {"datetime": "2021-09-23 11:22:57", "elapsed": 280.6124, "delta": 1.14438}}
{"target": 0.9181333650446813, "params": {"C": 727.173958645749, "epsilon": 0.1929810478153855, "gamma": 0.05981037649597816, "lamda": 0.09843165061748116}, "datetime": {"datetime": "2021-09-23 11:22:59", "elapsed": 282.314472, "delta": 1.702072}}
{"target": 0.9137932942532261, "params": {"C": 675.6897609028841, "epsilon": 0.2834876768551093, "gamma": 0.06, "lamda": 0.14097669503570423}, "datetime": {"datetime": "2021-09-23 11:23:01", "elapsed": 283.769268, "delta": 1.454796}}
{"target": 0.9165692834819196, "params": {"C": 722.4686987806112, "epsilon": 0.10223307681038102, "gamma": 0.05724831337798545, "lamda": 0.09880320817858936}, "datetime": {"datetime": "2021-09-23 11:23:02", "elapsed": 285.532486, "delta": 1.763218}}
{"target": 0.9048266288197684, "params": {"C": 722.4902171167253, "epsilon": 0.14572454716130262, "gamma": 0.03396043852702553, "lamda": 0.10212343844975408}, "datetime": {"datetime": "2021-09-23 11:23:04", "elapsed": 287.04776, "delta": 1.515274}}
{"target": 0.9178516714653362, "params": {"C": 663.9423957560891, "epsilon": 0.1662862409102361, "gamma": 0.06, "lamda": 0.12689133572479508}, "datetime": {"datetime": "2021-09-23 11:23:05", "elapsed": 288.663711, "delta": 1.615951}}
{"target": 0.9018261647875706, "params": {"C": 663.9734221275461, "epsilon": 0.13916366430853583, "gamma": 0.031033454724060668, "lamda": 0.157536355693279}, "datetime": {"datetime": "2021-09-23 11:23:07", "elapsed": 290.511483, "delta": 1.847772}}
{"target": 0.9181038367553289, "params": {"C": 722.4161786687082, "epsilon": 0.12588465245337344, "gamma": 0.05899908201299332, "lamda": 0.11196379160035683}, "datetime": {"datetime": "2021-09-23 11:23:09", "elapsed": 291.897039, "delta": 1.385556}}
{"target": 0.9146682631273175, "params": {"C": 698.8057883670261, "epsilon": 0.19277670942271397, "gamma": 0.05222790741408874, "lamda": 0.1401556748598696}, "datetime": {"datetime": "2021-09-23 11:23:10", "elapsed": 292.999046, "delta": 1.102007}}
{"target": 0.9011847867962419, "params": {"C": 696.6300485020885, "epsilon": 0.3388158201425788, "gamma": 0.030086419206742675, "lamda": 0.06652619048736733}, "datetime": {"datetime": "2021-09-23 11:23:11", "elapsed": 294.146671, "delta": 1.147625}}
{"target": 0.9095948859378187, "params": {"C": 722.425249995908, "epsilon": 0.11063366830233136, "gamma": 0.04513102031835175, "lamda": 0.060007687791063566}, "datetime": {"datetime": "2021-09-23 11:23:13", "elapsed": 295.862999, "delta": 1.716328}}
{"target": 0.915795531132772, "params": {"C": 597.0180312979239, "epsilon": 0.2539729866669182, "gamma": 0.052718410975164595, "lamda": 0.07102817584633968}, "datetime": {"datetime": "2021-09-23 11:23:14", "elapsed": 297.622912, "delta": 1.759913}}
{"target": 0.887088340152163, "params": {"C": 597.0093856639163, "epsilon": 0.1999831228633936, "gamma": 0.020704746588670622, "lamda": 0.05673510884052342}, "datetime": {"datetime": "2021-09-23 11:23:16", "elapsed": 299.713835, "delta": 2.090923}}
{"target": 0.8945378070562353, "params": {"C": 596.9783202955728, "epsilon": 0.27892077736893667, "gamma": 0.02620091988233434, "lamda": 0.12713134330096434}, "datetime": {"datetime": "2021-09-23 11:23:19", "elapsed": 301.822798, "delta": 2.108963}}
{"target": 0.908844595816155, "params": {"C": 612.7426003499066, "epsilon": 0.1727184222242124, "gamma": 0.03984072148275444, "lamda": 0.13176782465950304}, "datetime": {"datetime": "2021-09-23 11:23:20", "elapsed": 303.250799, "delta": 1.428001}}
{"target": 0.8981227224366861, "params": {"C": 657.1393197330333, "epsilon": 0.22823079490973522, "gamma": 0.029285905498306647, "lamda": 0.1473442712283945}, "datetime": {"datetime": "2021-09-23 11:23:22", "elapsed": 304.807337, "delta": 1.556538}}
{"target": 0.9174759838831593, "params": {"C": 675.8613881027793, "epsilon": 0.15898562002386327, "gamma": 0.06, "lamda": 0.14425278116921053}, "datetime": {"datetime": "2021-09-23 11:23:23", "elapsed": 306.616192, "delta": 1.808855}}
{"target": 0.8709917637796467, "params": {"C": 722.4276015345783, "epsilon": 0.09242629349141854, "gamma": 0.011421912305403627, "lamda": 0.11572183417704585}, "datetime": {"datetime": "2021-09-23 11:23:26", "elapsed": 308.737671, "delta": 2.121479}}
{"target": 0.9134062385640613, "params": {"C": 720.5425526321254, "epsilon": 0.250670553598364, "gamma": 0.05544994985097728, "lamda": 0.1440189423794665}, "datetime": {"datetime": "2021-09-23 11:23:27", "elapsed": 310.341349, "delta": 1.603678}}
{"target": 0.9170556591011813, "params": {"C": 727.233322431123, "epsilon": 0.2134062918094317, "gamma": 0.05462809110810765, "lamda": 0.09503438581369793}, "datetime": {"datetime": "2021-09-23 11:23:29", "elapsed": 312.319958, "delta": 1.978609}}
{"target": 0.9104855240615756, "params": {"C": 727.2137271668116, "epsilon": 0.23004304966459407, "gamma": 0.048292301345596804, "lamda": 0.16063754077490072}, "datetime": {"datetime": "2021-09-23 11:23:31", "elapsed": 314.679158, "delta": 2.3592}}
{"target": 0.8947072653448409, "params": {"C": 660.928826334689, "epsilon": 0.12193697850033626, "gamma": 0.025679799977740933, "lamda": 0.11470875211564603}, "datetime": {"datetime": "2021-09-23 11:23:33", "elapsed": 316.231471, "delta": 1.552313}}
{"target": 0.9172586881404579, "params": {"C": 630.0073438641167, "epsilon": 0.2480239614953337, "gamma": 0.05671552703043949, "lamda": 0.06918503209129201}, "datetime": {"datetime": "2021-09-23 11:23:35", "elapsed": 317.908186, "delta": 1.676715}}
{"target": 0.9170665781973966, "params": {"C": 694.7896640187763, "epsilon": 0.3019619921003153, "gamma": 0.05440590849962822, "lamda": 0.05602602705151208}, "datetime": {"datetime": "2021-09-23 11:23:36", "elapsed": 319.452998, "delta": 1.544812}}
{"target": 0.9174012586742358, "params": {"C": 629.9860960478735, "epsilon": 0.3000879977966372, "gamma": 0.05823564916246988, "lamda": 0.05246130385322896}, "datetime": {"datetime": "2021-09-23 11:23:38", "elapsed": 321.445391, "delta": 1.992393}}
{"target": 0.9137277339214636, "params": {"C": 709.4185746434957, "epsilon": 0.0844678046194371, "gamma": 0.05697062176555187, "lamda": 0.07547362216073647}, "datetime": {"datetime": "2021-09-23 11:23:40", "elapsed": 323.153014, "delta": 1.707623}}
{"target": 0.8972930266675945, "params": {"C": 736.6095755068584, "epsilon": 0.16895385512199862, "gamma": 0.026216262262719767, "lamda": 0.11295086800523657}, "datetime": {"datetime": "2021-09-23 11:23:41", "elapsed": 324.608699, "delta": 1.455685}}
{"target": 0.9172639746606887, "params": {"C": 675.9100206331959, "epsilon": 0.18213198266246633, "gamma": 0.055812297038823296, "lamda": 0.11314898252720598}, "datetime": {"datetime": "2021-09-23 11:23:44", "elapsed": 326.76375, "delta": 2.155051}}
{"target": 0.8887068818693847, "params": {"C": 630.0293056593634, "epsilon": 0.25960172131720444, "gamma": 0.021014622403054656, "lamda": 0.06450245411915581}, "datetime": {"datetime": "2021-09-23 11:23:46", "elapsed": 328.82768, "delta": 2.06393}}
{"target": 0.9150750579983169, "params": {"C": 615.241349719432, "epsilon": 0.19764250610596298, "gamma": 0.05620876853194996, "lamda": 0.04775027049270324}, "datetime": {"datetime": "2021-09-23 11:23:49", "elapsed": 332.260976, "delta": 3.433296}}
{"target": 0.8900796009803328, "params": {"C": 694.7729182567564, "epsilon": 0.3176368209303859, "gamma": 0.021423378805092798, "lamda": 0.05090030528644307}, "datetime": {"datetime": "2021-09-23 11:23:51", "elapsed": 334.055179, "delta": 1.794203}}
{"target": 0.9021707811966833, "params": {"C": 675.9085029004661, "epsilon": 0.11736881828313121, "gamma": 0.03135479269719393, "lamda": 0.16087304958290996}, "datetime": {"datetime": "2021-09-23 11:23:53", "elapsed": 336.153418, "delta": 2.098239}}
{"target": 0.9146113792413004, "params": {"C": 694.8073272459623, "epsilon": 0.2627941283212135, "gamma": 0.04845298513752421, "lamda": 0.08494930824498978}, "datetime": {"datetime": "2021-09-23 11:23:55", "elapsed": 338.609638, "delta": 2.45622}}
{"target": 0.9175676166075247, "params": {"C": 727.2186531796555, "epsilon": 0.23580252934037702, "gamma": 0.05802674216256022, "lamda": 0.05467653376780744}, "datetime": {"datetime": "2021-09-23 11:23:57", "elapsed": 340.638818, "delta": 2.02918}}
{"target": 0.9153158490959301, "params": {"C": 694.8029037334232, "epsilon": 0.3299659633637517, "gamma": 0.059441514104263085, "lamda": 0.09900532501859005}, "datetime": {"datetime": "2021-09-23 11:24:00", "elapsed": 342.84174, "delta": 2.202922}}
{"target": 0.9009286445978303, "params": {"C": 635.88157653382, "epsilon": 0.28998666375902193, "gamma": 0.03057475939248535, "lamda": 0.0969438097091884}, "datetime": {"datetime": "2021-09-23 11:24:02", "elapsed": 344.767927, "delta": 1.926187}}
{"target": 0.8782979875473516, "params": {"C": 675.910394709393, "epsilon": 0.1898765279179327, "gamma": 0.014513932033848256, "lamda": 0.10238317215905986}, "datetime": {"datetime": "2021-09-23 11:24:04", "elapsed": 347.519323, "delta": 2.751396}}
{"target": 0.908445067154236, "params": {"C": 664.870734799732, "epsilon": 0.28153234039589137, "gamma": 0.04792445502373512, "lamda": 0.1606400965935979}, "datetime": {"datetime": "2021-09-23 11:24:06", "elapsed": 349.197459, "delta": 1.678136}}
{"target": 0.9059807158145636, "params": {"C": 600.7444174136799, "epsilon": 0.33404185620594096, "gamma": 0.03729361439954651, "lamda": 0.08986831749517911}, "datetime": {"datetime": "2021-09-23 11:24:08", "elapsed": 350.928421, "delta": 1.730962}}
{"target": 0.9126207287161975, "params": {"C": 727.1601142490231, "epsilon": 0.2114480654360957, "gamma": 0.04993461664837764, "lamda": 0.14767596570113958}, "datetime": {"datetime": "2021-09-23 11:24:09", "elapsed": 352.684879, "delta": 1.756458}}
{"target": 0.9173556921878053, "params": {"C": 722.396919777482, "epsilon": 0.15662341999657892, "gamma": 0.0548962023575879, "lamda": 0.09200745794810203}, "datetime": {"datetime": "2021-09-23 11:24:12", "elapsed": 354.99922, "delta": 2.314341}}
{"target": 0.9138359668747382, "params": {"C": 615.279063905225, "epsilon": 0.16042409258832036, "gamma": 0.04938532475381908, "lamda": 0.07791543295078908}, "datetime": {"datetime": "2021-09-23 11:24:14", "elapsed": 356.72779, "delta": 1.72857}}
{"target": 0.9160855062538182, "params": {"C": 692.1558487334202, "epsilon": 0.24762639871704925, "gamma": 0.05679163812854962, "lamda": 0.1080667528276126}, "datetime": {"datetime": "2021-09-23 11:24:16", "elapsed": 358.822788, "delta": 2.094998}}
{"target": 0.9110432468794195, "params": {"C": 670.2843997360436, "epsilon": 0.15697802932180063, "gamma": 0.04194601307802985, "lamda": 0.1147602549758816}, "datetime": {"datetime": "2021-09-23 11:24:17", "elapsed": 360.097826, "delta": 1.275038}}
{"target": 0.9149700146873114, "params": {"C": 727.1897138688909, "epsilon": 0.21321890609533684, "gamma": 0.0486679278930017, "lamda": 0.06372838526724076}, "datetime": {"datetime": "2021-09-23 11:24:19", "elapsed": 361.813789, "delta": 1.715963}}
{"target": 0.9106109345150275, "params": {"C": 727.2259057856813, "epsilon": 0.24973611999115813, "gamma": 0.04044085080503798, "lamda": 0.08813745288469915}, "datetime": {"datetime": "2021-09-23 11:24:21", "elapsed": 363.831832, "delta": 2.018043}}
{"target": 0.916855638699091, "params": {"C": 722.3595132859352, "epsilon": 0.14688627288044287, "gamma": 0.05303260493566344, "lamda": 0.13389476464585776}, "datetime": {"datetime": "2021-09-23 11:24:22", "elapsed": 365.513825, "delta": 1.681993}}
{"target": 0.917394617302484, "params": {"C": 607.6995314963316, "epsilon": 0.15966298031580464, "gamma": 0.05756167612076303, "lamda": 0.10905662767998833}, "datetime": {"datetime": "2021-09-23 11:24:24", "elapsed": 366.796854, "delta": 1.283029}}
{"target": 0.9055919840360461, "params": {"C": 671.7678845593011, "epsilon": 0.165433396494148, "gamma": 0.03515786463105415, "lamda": 0.1042459512261583}, "datetime": {"datetime": "2021-09-23 11:24:25", "elapsed": 368.03982, "delta": 1.242966}}
{"target": 0.9165333629139705, "params": {"C": 666.5418781198957, "epsilon": 0.33339890184231225, "gamma": 0.056809266714654943, "lamda": 0.07379783247218254}, "datetime": {"datetime": "2021-09-23 11:24:27", "elapsed": 369.728813, "delta": 1.688993}}
{"target": 0.907901192308949, "params": {"C": 662.6369646857464, "epsilon": 0.26786962557184213, "gamma": 0.04273083038078036, "lamda": 0.13456255638717451}, "datetime": {"datetime": "2021-09-23 11:24:28", "elapsed": 371.030863, "delta": 1.30205}}
{"target": 0.9037981336515484, "params": {"C": 640.8175132505189, "epsilon": 0.32433525242429034, "gamma": 0.03343933931163582, "lamda": 0.07280300086824755}, "datetime": {"datetime": "2021-09-23 11:24:29", "elapsed": 372.290859, "delta": 1.259996}}
{"target": 0.8940603605301369, "params": {"C": 592.507425030332, "epsilon": 0.3158765529891189, "gamma": 0.02596412858036818, "lamda": 0.04761821545940731}, "datetime": {"datetime": "2021-09-23 11:24:30", "elapsed": 373.55382, "delta": 1.262961}}
{"target": 0.9130004361548391, "params": {"C": 633.6841824462897, "epsilon": 0.07579079354818789, "gamma": 0.05652466291801455, "lamda": 0.07761256671932223}, "datetime": {"datetime": "2021-09-23 11:24:32", "elapsed": 374.852884, "delta": 1.299064}}
{"target": 0.9088839730768321, "params": {"C": 749.9675098672722, "epsilon": 0.3065262161672765, "gamma": 0.04455432653512204, "lamda": 0.1183839309742476}, "datetime": {"datetime": "2021-09-23 11:24:33", "elapsed": 376.119967, "delta": 1.267083}}
{"target": 0.9016670826187263, "params": {"C": 607.6705239934819, "epsilon": 0.2664384974711197, "gamma": 0.03326223703515932, "lamda": 0.0477865671865826}, "datetime": {"datetime": "2021-09-23 11:24:35", "elapsed": 378.598966, "delta": 2.478999}}
