{"target": 0.9262966442304875, "params": {"C": 1745.952983349967, "epsilon": 0.11551787415254981, "gamma": 0.025500095976751035, "lamda": 0.08291561734802438}, "datetime": {"datetime": "2021-09-24 09:08:05", "elapsed": 133.773923, "delta": 1.110471}}
{"target": 0.9280505610870682, "params": {"C": 1732.0978043593327, "epsilon": 0.4162919814263838, "gamma": 0.02834554317011012, "lamda": 0.022539434336571615}, "datetime": {"datetime": "2021-09-24 09:08:06", "elapsed": 134.747402, "delta": 0.973479}}
{"target": 0.9243083634476489, "params": {"C": 1731.997209427015, "epsilon": 0.3909516548403019, "gamma": 0.05375899140262819, "lamda": 0.022812015474472643}, "datetime": {"datetime": "2021-09-24 09:08:07", "elapsed": 135.748227, "delta": 1.000825}}
{"target": 0.9284203843154114, "params": {"C": 1732.0942838190294, "epsilon": 0.1905136630209641, "gamma": 0.039483874157909986, "lamda": 0.0666225905983681}, "datetime": {"datetime": "2021-09-24 09:08:08", "elapsed": 136.730893, "delta": 0.982666}}
{"target": 0.9172855281356853, "params": {"C": 1819.1926214359814, "epsilon": 0.5936168626338036, "gamma": 0.05691030225455703, "lamda": 0.08394615468472912}, "datetime": {"datetime": "2021-09-24 09:08:09", "elapsed": 137.91574, "delta": 1.184847}}
{"target": 0.9127789598990402, "params": {"C": 1835.8213468341755, "epsilon": 0.23719352630289625, "gamma": 0.050721266050142856, "lamda": 0.35249065111661143}, "datetime": {"datetime": "2021-09-24 09:08:10", "elapsed": 138.802518, "delta": 0.886778}}
{"target": 0.8997270814961212, "params": {"C": 1830.0199104874373, "epsilon": 0.4532827704472492, "gamma": 0.022770628390317182, "lamda": 0.21483746020791367}, "datetime": {"datetime": "2021-09-24 09:08:11", "elapsed": 139.692281, "delta": 0.889763}}
{"target": 0.9058593119783914, "params": {"C": 1821.7202759133108, "epsilon": 0.36708362343904744, "gamma": 0.05168583522898372, "lamda": 0.38711855849264687}, "datetime": {"datetime": "2021-09-24 09:08:12", "elapsed": 140.57005, "delta": 0.877769}}
{"target": 0.8836408419237841, "params": {"C": 1869.4553589918041, "epsilon": 0.8586228929876127, "gamma": 0.02517909588461329, "lamda": 0.3140453097601589}, "datetime": {"datetime": "2021-09-24 09:08:13", "elapsed": 141.424722, "delta": 0.854672}}
{"target": 0.9175626214634268, "params": {"C": 1819.1052368882492, "epsilon": 0.6004321818502798, "gamma": 0.06687360665488291, "lamda": 0.01914409010974752}, "datetime": {"datetime": "2021-09-24 09:08:14", "elapsed": 142.45919, "delta": 1.034468}}
{"target": 0.9134943135867988, "params": {"C": 1703.9567215435973, "epsilon": 0.14189972687673386, "gamma": 0.022088543630062456, "lamda": 0.1929430624810223}, "datetime": {"datetime": "2021-09-24 09:08:15", "elapsed": 143.596559, "delta": 1.137369}}
{"target": 0.9182471039358768, "params": {"C": 1728.1857140173859, "epsilon": 0.5888045107378427, "gamma": 0.06504740881825616, "lamda": 0.0482610410932755}, "datetime": {"datetime": "2021-09-24 09:08:16", "elapsed": 144.420616, "delta": 0.824057}}
{"target": 0.9039476355928263, "params": {"C": 1879.727724897195, "epsilon": 0.6185763598343774, "gamma": 0.02061217621091978, "lamda": 0.09350671556013719}, "datetime": {"datetime": "2021-09-24 09:08:17", "elapsed": 145.288075, "delta": 0.867459}}
{"target": 0.9242571308199489, "params": {"C": 1720.6428573526448, "epsilon": 0.14390770004376757, "gamma": 0.04834551239586066, "lamda": 0.14850622628340052}, "datetime": {"datetime": "2021-09-24 09:08:17", "elapsed": 146.158466, "delta": 0.870391}}
{"target": 0.9176272739745491, "params": {"C": 1819.116488666238, "epsilon": 0.5239970221527691, "gamma": 0.031751294207288575, "lamda": 0.07815228247661853}, "datetime": {"datetime": "2021-09-24 09:08:19", "elapsed": 147.212636, "delta": 1.05417}}
{"target": 0.9302282310554792, "params": {"C": 1746.1618286115024, "epsilon": 0.04210177022428635, "gamma": 0.038324689559132465, "lamda": 0.16543081101980006}, "datetime": {"datetime": "2021-09-24 09:08:20", "elapsed": 148.490718, "delta": 1.278082}}
{"target": 0.9303056602532251, "params": {"C": 1732.0346339255323, "epsilon": 0.46374402381144875, "gamma": 0.0367660627861748, "lamda": 0.010658183347282281}, "datetime": {"datetime": "2021-09-24 09:08:21", "elapsed": 149.720612, "delta": 1.229894}}
{"target": 0.9127879146659205, "params": {"C": 1731.9947927453745, "epsilon": 0.24196836750569128, "gamma": 0.014667988346323556, "lamda": 0.010467048457100184}, "datetime": {"datetime": "2021-09-24 09:08:22", "elapsed": 151.034922, "delta": 1.31431}}
{"target": 0.9215639707084128, "params": {"C": 1732.0246501589852, "epsilon": 0.15075309954451388, "gamma": 0.05745421038437276, "lamda": 0.05126796673492571}, "datetime": {"datetime": "2021-09-24 09:08:24", "elapsed": 152.187404, "delta": 1.152482}}
{"target": 0.8884750249250596, "params": {"C": 1745.6918521369846, "epsilon": 0.7698049723452728, "gamma": 0.03538959043808588, "lamda": 0.3897190800849119}, "datetime": {"datetime": "2021-09-24 09:08:24", "elapsed": 153.151685, "delta": 0.964281}}
{"target": 0.9171527073655203, "params": {"C": 1746.113341444672, "epsilon": 0.060705049546147735, "gamma": 0.01685796941975415, "lamda": 0.11063469740647865}, "datetime": {"datetime": "2021-09-24 09:08:26", "elapsed": 154.343819, "delta": 1.192134}}
{"target": 0.9202791754231118, "params": {"C": 1806.2051623393784, "epsilon": 0.2200732898706361, "gamma": 0.04469251912471812, "lamda": 0.18075894472467297}, "datetime": {"datetime": "2021-09-24 09:08:27", "elapsed": 155.403707, "delta": 1.059888}}
{"target": 0.9220659312887187, "params": {"C": 1731.9737758898564, "epsilon": 0.4934344924624148, "gamma": 0.03930500634715428, "lamda": 0.06417554219606819}, "datetime": {"datetime": "2021-09-24 09:08:28", "elapsed": 156.670168, "delta": 1.266461}}
{"target": 0.9210789159775798, "params": {"C": 1732.115803807232, "epsilon": 0.2760659990292947, "gamma": 0.061389010163215706, "lamda": 0.06947242202207574}, "datetime": {"datetime": "2021-09-24 09:08:29", "elapsed": 157.873716, "delta": 1.203548}}
{"target": 0.8938433603214351, "params": {"C": 1790.4634384570743, "epsilon": 0.8845577604014204, "gamma": 0.06726095454254982, "lamda": 0.2664105709497139}, "datetime": {"datetime": "2021-09-24 09:08:30", "elapsed": 158.87464, "delta": 1.000924}}
{"target": 0.8981900551990174, "params": {"C": 1703.5074404397976, "epsilon": 0.056142201410742304, "gamma": 0.010249987391211593, "lamda": 0.23744029920360876}, "datetime": {"datetime": "2021-09-24 09:08:32", "elapsed": 160.187198, "delta": 1.312558}}
{"target": 0.912009253575826, "params": {"C": 1884.7197914378414, "epsilon": 0.35334958591303156, "gamma": 0.03294353803791373, "lamda": 0.2105446967346407}, "datetime": {"datetime": "2021-09-24 09:08:33", "elapsed": 161.204276, "delta": 1.017078}}
{"target": 0.9271916610772293, "params": {"C": 1823.297097078371, "epsilon": 0.905792366489505, "gamma": 0.026419496068691997, "lamda": 0.0028421042458847186}, "datetime": {"datetime": "2021-09-24 09:08:34", "elapsed": 162.196541, "delta": 0.992265}}
{"target": 0.901216758228393, "params": {"C": 1824.3567159201257, "epsilon": 0.7779513838105001, "gamma": 0.03301129464586619, "lamda": 0.20481887528168644}, "datetime": {"datetime": "2021-09-24 09:08:35", "elapsed": 163.27931, "delta": 1.082769}}
{"target": 0.9150572137031802, "params": {"C": 1833.5726764830276, "epsilon": 0.13656645043040605, "gamma": 0.06589990340198226, "lamda": 0.05222561249056293}, "datetime": {"datetime": "2021-09-24 09:08:36", "elapsed": 164.697757, "delta": 1.418447}}
{"target": 0.9239217446071908, "params": {"C": 1764.674266310516, "epsilon": 0.15604013606188918, "gamma": 0.028239496966688267, "lamda": 0.10349314056274374}, "datetime": {"datetime": "2021-09-24 09:08:37", "elapsed": 165.598001, "delta": 0.900244}}
{"target": 0.9256808516485316, "params": {"C": 1746.2036070445156, "epsilon": 0.0625203893612921, "gamma": 0.032754043998819045, "lamda": 0.24418769225148415}, "datetime": {"datetime": "2021-09-24 09:08:38", "elapsed": 166.734492, "delta": 1.136491}}
{"target": 0.9223126558943132, "params": {"C": 1806.282389372352, "epsilon": 0.14027469159639122, "gamma": 0.0324013931422951, "lamda": 0.17435352311588967}, "datetime": {"datetime": "2021-09-24 09:08:39", "elapsed": 168.073531, "delta": 1.339039}}
{"target": 0.9169866148900818, "params": {"C": 1853.2655617474622, "epsilon": 0.4889046577650781, "gamma": 0.049630438389016915, "lamda": 0.1214552521541905}, "datetime": {"datetime": "2021-09-24 09:08:40", "elapsed": 169.05617, "delta": 0.982639}}
{"target": 0.922758857024783, "params": {"C": 1732.1071634753278, "epsilon": 0.5046318192894207, "gamma": 0.0361814964549645, "lamda": 0.054033437593028366}, "datetime": {"datetime": "2021-09-24 09:08:42", "elapsed": 170.894067, "delta": 1.837897}}
{"target": 0.9190164217523589, "params": {"C": 1833.630822439184, "epsilon": 0.19364502309952403, "gamma": 0.02340229294924811, "lamda": 0.09461059989815732}, "datetime": {"datetime": "2021-09-24 09:08:44", "elapsed": 172.30141, "delta": 1.407343}}
{"target": 0.9158864169399166, "params": {"C": 1823.2499756941966, "epsilon": 0.9131943680751998, "gamma": 0.06942710611651237, "lamda": 0.035644596173606054}, "datetime": {"datetime": "2021-09-24 09:08:45", "elapsed": 173.700532, "delta": 1.399122}}
{"target": 0.9007092400755671, "params": {"C": 1778.326196593739, "epsilon": 0.8689558899552464, "gamma": 0.03991076940820488, "lamda": 0.21928658974679768}, "datetime": {"datetime": "2021-09-24 09:08:46", "elapsed": 174.58209, "delta": 0.881558}}
{"target": 0.9006355702390411, "params": {"C": 1866.1977007484911, "epsilon": 0.4501279224740865, "gamma": 0.06925388723128682, "lamda": 0.34122235652654853}, "datetime": {"datetime": "2021-09-24 09:08:47", "elapsed": 175.478864, "delta": 0.896774}}
{"target": 0.927860982183744, "params": {"C": 1746.1638255030894, "epsilon": 0.034843260856371065, "gamma": 0.045586490956057456, "lamda": 0.23906210615622625}, "datetime": {"datetime": "2021-09-24 09:08:48", "elapsed": 176.766187, "delta": 1.287323}}
{"target": 0.896976829624599, "params": {"C": 1839.494196185017, "epsilon": 0.8179732043622379, "gamma": 0.05077892836585951, "lamda": 0.2910764569900695}, "datetime": {"datetime": "2021-09-24 09:08:49", "elapsed": 177.896844, "delta": 1.130657}}
{"target": 0.9122577741148324, "params": {"C": 1854.2457012557268, "epsilon": 0.03, "gamma": 0.07, "lamda": 0.23402516586179978}, "datetime": {"datetime": "2021-09-24 09:08:50", "elapsed": 179.098559, "delta": 1.201715}}
{"target": 0.9199534192254113, "params": {"C": 1732.029333108263, "epsilon": 0.49045664175117176, "gamma": 0.04864637109091886, "lamda": 0.08598408328864549}, "datetime": {"datetime": "2021-09-24 09:08:52", "elapsed": 180.359565, "delta": 1.261006}}
{"target": 0.9233484595344549, "params": {"C": 1833.6746493348567, "epsilon": 0.0833305286751558, "gamma": 0.020587373714923016, "lamda": 0.0873635656112466}, "datetime": {"datetime": "2021-09-24 09:08:53", "elapsed": 181.595855, "delta": 1.23629}}
{"target": 0.9154894723750876, "params": {"C": 1711.1465307984884, "epsilon": 0.5248416812960333, "gamma": 0.06082391713066613, "lamda": 0.1044609914273352}, "datetime": {"datetime": "2021-09-24 09:08:54", "elapsed": 182.53284, "delta": 0.936985}}
{"target": 0.8977152502492828, "params": {"C": 1833.6853098363817, "epsilon": 0.07886867101249324, "gamma": 0.010925476029447972, "lamda": 0.006046125824799803}, "datetime": {"datetime": "2021-09-24 09:08:55", "elapsed": 183.894599, "delta": 1.361759}}
{"target": 0.9261742131028696, "params": {"C": 1704.1877173411556, "epsilon": 0.08517133440044673, "gamma": 0.05028883060796716, "lamda": 0.14030687294974734}, "datetime": {"datetime": "2021-09-24 09:08:56", "elapsed": 185.103518, "delta": 1.208919}}
{"target": 0.9196774339256101, "params": {"C": 1819.223094065663, "epsilon": 0.5157700322361027, "gamma": 0.06133957917063051, "lamda": 0.01764698011337782}, "datetime": {"datetime": "2021-09-24 09:08:58", "elapsed": 186.375156, "delta": 1.271638}}
{"target": 0.9149270391390918, "params": {"C": 1815.6932996608195, "epsilon": 0.23435641908216923, "gamma": 0.06620260516889882, "lamda": 0.19368359311872285}, "datetime": {"datetime": "2021-09-24 09:08:59", "elapsed": 187.548167, "delta": 1.173011}}
{"target": 0.9275203266652575, "params": {"C": 1783.9568246993733, "epsilon": 0.11365902581868549, "gamma": 0.03752459875973424, "lamda": 0.12658616511846316}, "datetime": {"datetime": "2021-09-24 09:09:00", "elapsed": 188.615287, "delta": 1.06712}}
{"target": 0.8906436177648571, "params": {"C": 1800.9335242886234, "epsilon": 0.2098862450273653, "gamma": 0.01269391680920132, "lamda": 0.2258706608179359}, "datetime": {"datetime": "2021-09-24 09:09:01", "elapsed": 189.576614, "delta": 0.961327}}
{"target": 0.9227575740483059, "params": {"C": 1783.8751925464187, "epsilon": 0.154987694504925, "gamma": 0.04635443765896415, "lamda": 0.17885028845575424}, "datetime": {"datetime": "2021-09-24 09:09:03", "elapsed": 191.378849, "delta": 1.802235}}
{"target": 0.9110641721290924, "params": {"C": 1884.0480901054389, "epsilon": 0.5735154209906408, "gamma": 0.02973259303678314, "lamda": 0.11971657020548479}, "datetime": {"datetime": "2021-09-24 09:09:04", "elapsed": 192.423355, "delta": 1.044506}}
{"target": 0.9061933774190033, "params": {"C": 1832.703952488078, "epsilon": 0.1148120405164842, "gamma": 0.020497813668750354, "lamda": 0.3885014017089636}, "datetime": {"datetime": "2021-09-24 09:09:05", "elapsed": 193.879991, "delta": 1.456636}}
{"target": 0.9227977851440394, "params": {"C": 1720.7191523305462, "epsilon": 0.14970327637675823, "gamma": 0.0488214385906852, "lamda": 0.1756509499980837}, "datetime": {"datetime": "2021-09-24 09:09:07", "elapsed": 195.180451, "delta": 1.30046}}
{"target": 0.9299361760773968, "params": {"C": 1755.2915583023355, "epsilon": 0.9079397192956918, "gamma": 0.03005854154975353, "lamda": 0.007608850239136517}, "datetime": {"datetime": "2021-09-24 09:09:08", "elapsed": 196.88362, "delta": 1.703169}}
{"target": 0.9251517454616638, "params": {"C": 1746.139760580014, "epsilon": 0.08488869562574715, "gamma": 0.05012398640829894, "lamda": 0.18617061790527764}, "datetime": {"datetime": "2021-09-24 09:09:10", "elapsed": 198.226751, "delta": 1.343131}}
{"target": 0.8953995863536954, "params": {"C": 1787.9690095302367, "epsilon": 0.988027579060858, "gamma": 0.031209914705645617, "lamda": 0.20730164403035167}, "datetime": {"datetime": "2021-09-24 09:09:11", "elapsed": 199.25574, "delta": 1.028989}}
{"target": 0.9036353628795647, "params": {"C": 1783.9995061484433, "epsilon": 0.15011523470421656, "gamma": 0.01612952054890773, "lamda": 0.2081852796018092}, "datetime": {"datetime": "2021-09-24 09:09:12", "elapsed": 200.553135, "delta": 1.297395}}
{"target": 0.9154818365040464, "params": {"C": 1732.0874255140457, "epsilon": 0.25177705313410137, "gamma": 0.06941223060093105, "lamda": 0.03850925357782987}, "datetime": {"datetime": "2021-09-24 09:09:13", "elapsed": 201.861132, "delta": 1.307997}}
{"target": 0.9255004672273496, "params": {"C": 1732.147018114514, "epsilon": 0.17747187914656667, "gamma": 0.048488596251149506, "lamda": 0.09880999602589435}, "datetime": {"datetime": "2021-09-24 09:09:14", "elapsed": 203.133407, "delta": 1.272275}}
{"target": 0.9192413568756834, "params": {"C": 1720.6598862894127, "epsilon": 0.08132369940778772, "gamma": 0.06516948911738524, "lamda": 0.1889356646393952}, "datetime": {"datetime": "2021-09-24 09:09:16", "elapsed": 204.730923, "delta": 1.597516}}
{"target": 0.9306002062110915, "params": {"C": 1755.21291598559, "epsilon": 0.88338208883209, "gamma": 0.0340123367545338, "lamda": 0.004965025923359608}, "datetime": {"datetime": "2021-09-24 09:09:18", "elapsed": 206.413372, "delta": 1.682449}}
{"target": 0.9175342702384208, "params": {"C": 1783.897442619205, "epsilon": 0.21167172187189176, "gamma": 0.06621547778087462, "lamda": 0.1369652743717619}, "datetime": {"datetime": "2021-09-24 09:09:19", "elapsed": 207.754124, "delta": 1.340752}}
{"target": 0.9286929462035807, "params": {"C": 1783.9070221306922, "epsilon": 0.06198327948139628, "gamma": 0.025151220599372314, "lamda": 0.08686502261222014}, "datetime": {"datetime": "2021-09-24 09:09:20", "elapsed": 209.148202, "delta": 1.394078}}
{"target": 0.9198994725303422, "params": {"C": 1817.6695793124363, "epsilon": 0.6306722498829271, "gamma": 0.05410018427307728, "lamda": 0.008949603825385368}, "datetime": {"datetime": "2021-09-24 09:09:22", "elapsed": 210.341743, "delta": 1.193541}}
{"target": 0.8712112751243352, "params": {"C": 1727.4884797494517, "epsilon": 0.9066557613141163, "gamma": 0.016501499343136012, "lamda": 0.28026277813654543}, "datetime": {"datetime": "2021-09-24 09:09:23", "elapsed": 211.628479, "delta": 1.286736}}
{"target": 0.9223955234624011, "params": {"C": 1783.8950703053151, "epsilon": 0.21624409965013813, "gamma": 0.05207961691173822, "lamda": 0.12309129619065022}, "datetime": {"datetime": "2021-09-24 09:09:24", "elapsed": 212.973748, "delta": 1.345269}}
{"target": 0.9250488642885408, "params": {"C": 1783.8358607199802, "epsilon": 0.05260710802146491, "gamma": 0.05199192290695707, "lamda": 0.15186963091083727}, "datetime": {"datetime": "2021-09-24 09:09:26", "elapsed": 214.964539, "delta": 1.990791}}
{"target": 0.9148409428945287, "params": {"C": 1755.2470264160784, "epsilon": 0.9011022027982545, "gamma": 0.051456586582740264, "lamda": 0.07890862874419897}, "datetime": {"datetime": "2021-09-24 09:09:28", "elapsed": 216.797711, "delta": 1.833172}}
{"target": 0.9251404754541073, "params": {"C": 1833.7020511117548, "epsilon": 0.07130023785648641, "gamma": 0.05253583858818292, "lamda": 0.17853350811780724}, "datetime": {"datetime": "2021-09-24 09:09:30", "elapsed": 218.542236, "delta": 1.744525}}
{"target": 0.908882235400809, "params": {"C": 1875.1939209944671, "epsilon": 0.8695954284945514, "gamma": 0.01617549865772478, "lamda": 0.021386879150166193}, "datetime": {"datetime": "2021-09-24 09:09:31", "elapsed": 219.889486, "delta": 1.34725}}
{"target": 0.9268940968272757, "params": {"C": 1772.220995050428, "epsilon": 0.04293243332465948, "gamma": 0.04071505288968297, "lamda": 0.3197623223910071}, "datetime": {"datetime": "2021-09-24 09:09:33", "elapsed": 221.219844, "delta": 1.330358}}
{"target": 0.9132858567715887, "params": {"C": 1839.9684712163726, "epsilon": 0.5328001993768217, "gamma": 0.04703599159159425, "lamda": 0.1612844200684688}, "datetime": {"datetime": "2021-09-24 09:09:34", "elapsed": 222.467647, "delta": 1.247803}}
{"target": 0.9170609420171079, "params": {"C": 1833.6919982805696, "epsilon": 0.13499726761293027, "gamma": 0.07, "lamda": 0.11955811423462444}, "datetime": {"datetime": "2021-09-24 09:09:36", "elapsed": 224.213625, "delta": 1.745978}}
{"target": 0.9284610388919521, "params": {"C": 1783.886961948497, "epsilon": 0.12190348315763756, "gamma": 0.044678809541214226, "lamda": 0.07735300072468348}, "datetime": {"datetime": "2021-09-24 09:09:37", "elapsed": 225.830178, "delta": 1.616553}}
{"target": 0.9167305512312133, "params": {"C": 1783.8709837976771, "epsilon": 0.1150557696891359, "gamma": 0.021285100135349858, "lamda": 0.15574190318625497}, "datetime": {"datetime": "2021-09-24 09:09:39", "elapsed": 227.693414, "delta": 1.863236}}
{"target": 0.9203906937547526, "params": {"C": 1703.494286792078, "epsilon": 0.1532121821099401, "gamma": 0.05553274729383427, "lamda": 0.19716320770151935}, "datetime": {"datetime": "2021-09-24 09:09:41", "elapsed": 229.227172, "delta": 1.533758}}
{"target": 0.918083023386324, "params": {"C": 1704.2294701674687, "epsilon": 0.10149563404868085, "gamma": 0.024991285378042384, "lamda": 0.22211903553675738}, "datetime": {"datetime": "2021-09-24 09:09:42", "elapsed": 230.478295, "delta": 1.251123}}
{"target": 0.917514008069575, "params": {"C": 1732.0252658389416, "epsilon": 0.21293245825026993, "gamma": 0.06920300455750547, "lamda": 0.08520756347412091}, "datetime": {"datetime": "2021-09-24 09:09:43", "elapsed": 231.933294, "delta": 1.454999}}
{"target": 0.9162066875838357, "params": {"C": 1783.9150706313367, "epsilon": 0.1954722457618543, "gamma": 0.06423250350174833, "lamda": 0.03684496711807125}, "datetime": {"datetime": "2021-09-24 09:09:45", "elapsed": 233.472328, "delta": 1.539034}}
{"target": 0.9044277007160951, "params": {"C": 1805.8658496437452, "epsilon": 0.4710866968149353, "gamma": 0.06067348889690649, "lamda": 0.30473691415270376}, "datetime": {"datetime": "2021-09-24 09:09:46", "elapsed": 234.730593, "delta": 1.258265}}
{"target": 0.9132114105697869, "params": {"C": 1803.841905583338, "epsilon": 0.9957457242159313, "gamma": 0.03410370304809121, "lamda": 0.06971160003567652}, "datetime": {"datetime": "2021-09-24 09:09:47", "elapsed": 235.896541, "delta": 1.165948}}
{"target": 0.8899862772193486, "params": {"C": 1746.225680774935, "epsilon": 0.10908171542627974, "gamma": 0.059474106446783845, "lamda": 0.018413516879663954}, "datetime": {"datetime": "2021-09-24 09:09:49", "elapsed": 237.836074, "delta": 1.939533}}
{"target": 0.9267987273157334, "params": {"C": 1783.8129053094922, "epsilon": 0.1781851909705861, "gamma": 0.03395691551705621, "lamda": 0.08511017490080851}, "datetime": {"datetime": "2021-09-24 09:09:51", "elapsed": 239.595924, "delta": 1.75985}}
{"target": 0.9142534866237615, "params": {"C": 1783.934791201844, "epsilon": 0.05392193403144614, "gamma": 0.0677104658510718, "lamda": 0.13448963003325234}, "datetime": {"datetime": "2021-09-24 09:09:53", "elapsed": 241.323871, "delta": 1.727947}}
{"target": 0.9259287619501596, "params": {"C": 1783.7751406811474, "epsilon": 0.1162491106511136, "gamma": 0.04708686602913436, "lamda": 0.14030882340212744}, "datetime": {"datetime": "2021-09-24 09:09:54", "elapsed": 242.987787, "delta": 1.663916}}
{"target": 0.9099842319946523, "params": {"C": 1725.8070700929366, "epsilon": 0.3990254428055038, "gamma": 0.04580886577930534, "lamda": 0.27796289631313376}, "datetime": {"datetime": "2021-09-24 09:09:55", "elapsed": 244.152409, "delta": 1.164622}}
