{"target": -2.059937715093023, "params": {"C": 530.7841592315642, "epsilon": 0.21815879778964484, "gamma": 0.06279868404677359, "lamda": 0.22226917365030213}, "datetime": {"datetime": "2021-09-23 13:48:46", "elapsed": 266.945834, "delta": 1.614546}}
{"target": -2.0829611321695505, "params": {"C": 451.4002864329352, "epsilon": 0.21803174765594918, "gamma": 0.04493884748353576, "lamda": 0.17343982866466517}, "datetime": {"datetime": "2021-09-23 13:48:47", "elapsed": 268.133447, "delta": 1.187613}}
{"target": -2.1491722083299973, "params": {"C": 417.69001278999673, "epsilon": 0.16793058686321968, "gamma": 0.10331781128249701, "lamda": 0.14538935820944346}, "datetime": {"datetime": "2021-09-23 13:48:49", "elapsed": 269.94667, "delta": 1.813223}}
{"target": -2.083627255393437, "params": {"C": 576.0721351581584, "epsilon": 0.5779121692278507, "gamma": 0.07617642056743576, "lamda": 0.0962852264651393}, "datetime": {"datetime": "2021-09-23 13:48:50", "elapsed": 271.357214, "delta": 1.410544}}
{"target": -2.0251775081453522, "params": {"C": 396.9873450001349, "epsilon": 0.2455736567808518, "gamma": 0.06464320588448469, "lamda": 0.10520227848044582}, "datetime": {"datetime": "2021-09-23 13:48:51", "elapsed": 272.733447, "delta": 1.376233}}
{"target": -2.2722078517870528, "params": {"C": 397.05702601167286, "epsilon": 0.23991467762343263, "gamma": 0.13727858810455495, "lamda": 0.07134410361957622}, "datetime": {"datetime": "2021-09-23 13:48:53", "elapsed": 274.175827, "delta": 1.44238}}
{"target": -2.22559159444353, "params": {"C": 464.11197153375053, "epsilon": 0.06325691210227546, "gamma": 0.043486301049974876, "lamda": 0.020756089541468833}, "datetime": {"datetime": "2021-09-23 13:48:55", "elapsed": 276.267126, "delta": 2.091299}}
{"target": -2.099727421437782, "params": {"C": 309.41535723688054, "epsilon": 0.5786314596584723, "gamma": 0.06072091088588347, "lamda": 0.1294332336313628}, "datetime": {"datetime": "2021-09-23 13:48:57", "elapsed": 278.004123, "delta": 1.736997}}
{"target": -2.2455628844846443, "params": {"C": 431.953514295355, "epsilon": 0.9881510060808492, "gamma": 0.07888484362701696, "lamda": 0.15994355079900247}, "datetime": {"datetime": "2021-09-23 13:48:58", "elapsed": 279.352904, "delta": 1.348781}}
{"target": -2.0187655232495385, "params": {"C": 309.4047077281675, "epsilon": 0.5676595777207062, "gamma": 0.05052770294929964, "lamda": 0.0250717568972881}, "datetime": {"datetime": "2021-09-23 13:49:00", "elapsed": 281.284291, "delta": 1.931387}}
{"target": -2.0303526852382974, "params": {"C": 309.41271756388926, "epsilon": 0.6558157252330178, "gamma": 0.056279389737319455, "lamda": 0.01529788426704869}, "datetime": {"datetime": "2021-09-23 13:49:02", "elapsed": 283.173932, "delta": 1.889641}}
{"target": -2.054585103553833, "params": {"C": 396.9535382385959, "epsilon": 0.19240607416818883, "gamma": 0.04, "lamda": 0.06697075633456939}, "datetime": {"datetime": "2021-09-23 13:49:04", "elapsed": 285.106967, "delta": 1.933035}}
{"target": -2.0274365483328207, "params": {"C": 464.03377512679845, "epsilon": 0.1392273248528873, "gamma": 0.04975064572979981, "lamda": 0.09264036926603374}, "datetime": {"datetime": "2021-09-23 13:49:06", "elapsed": 287.023494, "delta": 1.916527}}
{"target": -2.2549431964937314, "params": {"C": 569.5543906849326, "epsilon": 0.6434523898603658, "gamma": 0.1446250232499596, "lamda": 0.055426539754783316}, "datetime": {"datetime": "2021-09-23 13:49:08", "elapsed": 288.998943, "delta": 1.975449}}
{"target": -2.068362589587726, "params": {"C": 417.72779916270093, "epsilon": 0.16461073864951764, "gamma": 0.052739037320097784, "lamda": 0.25045356347414327}, "datetime": {"datetime": "2021-09-23 13:49:09", "elapsed": 290.740789, "delta": 1.741846}}
{"target": -2.08142411811, "params": {"C": 530.6158930029594, "epsilon": 0.33945530641504174, "gamma": 0.04931081397150941, "lamda": 0.013062652768610815}, "datetime": {"datetime": "2021-09-23 13:49:11", "elapsed": 292.633666, "delta": 1.892877}}
{"target": -2.2613215610291952, "params": {"C": 476.5043689686544, "epsilon": 0.6344797524614536, "gamma": 0.120850337833975, "lamda": 0.015777907542260043}, "datetime": {"datetime": "2021-09-23 13:49:13", "elapsed": 293.861575, "delta": 1.227909}}
{"target": -2.2835775218750576, "params": {"C": 341.23271962417743, "epsilon": 0.907618073053146, "gamma": 0.05191941546241602, "lamda": 0.21297294651528362}, "datetime": {"datetime": "2021-09-23 13:49:14", "elapsed": 295.152264, "delta": 1.290689}}
{"target": -2.0249160093215686, "params": {"C": 417.4179829779514, "epsilon": 0.07322075805897985, "gamma": 0.04619797830679977, "lamda": 0.1518727213952709}, "datetime": {"datetime": "2021-09-23 13:49:15", "elapsed": 296.61012, "delta": 1.457856}}
{"target": -2.0448721133069214, "params": {"C": 338.49942079231636, "epsilon": 0.18473450935226468, "gamma": 0.042341306606308665, "lamda": 0.08827989733673755}, "datetime": {"datetime": "2021-09-23 13:49:17", "elapsed": 298.455559, "delta": 1.845439}}
{"target": -2.026574267389572, "params": {"C": 338.27253808169405, "epsilon": 0.06860007456579875, "gamma": 0.07882830180185885, "lamda": 0.1393317437572994}, "datetime": {"datetime": "2021-09-23 13:49:19", "elapsed": 300.526563, "delta": 2.071004}}
{"target": -2.0607723205190713, "params": {"C": 309.3007184104922, "epsilon": 0.44874827183893046, "gamma": 0.063544377862059, "lamda": 0.12075216063251856}, "datetime": {"datetime": "2021-09-23 13:49:21", "elapsed": 302.41769, "delta": 1.891127}}
{"target": -2.0420229972274355, "params": {"C": 562.7908814917007, "epsilon": 0.8709398055203807, "gamma": 0.05132174753916209, "lamda": 0.024817531211900237}, "datetime": {"datetime": "2021-09-23 13:49:23", "elapsed": 303.966112, "delta": 1.548422}}
{"target": -2.117881315425841, "params": {"C": 408.33149257564213, "epsilon": 0.05279910926976608, "gamma": 0.0963109302977521, "lamda": 0.24168188845461666}, "datetime": {"datetime": "2021-09-23 13:49:24", "elapsed": 305.628145, "delta": 1.662033}}
{"target": -2.1707199807454187, "params": {"C": 509.9527068245589, "epsilon": 0.5376166921667513, "gamma": 0.10789931791792279, "lamda": 0.12649744817006503}, "datetime": {"datetime": "2021-09-23 13:49:26", "elapsed": 307.356246, "delta": 1.728101}}
{"target": -2.1549546239014314, "params": {"C": 562.693882073031, "epsilon": 0.8849943759995341, "gamma": 0.06896137308923428, "lamda": 0.11538978210621686}, "datetime": {"datetime": "2021-09-23 13:49:28", "elapsed": 309.399316, "delta": 2.04307}}
{"target": -2.0353007644462457, "params": {"C": 417.474052041419, "epsilon": 0.18863409260648178, "gamma": 0.05145957904926059, "lamda": 0.1339342353438223}, "datetime": {"datetime": "2021-09-23 13:49:30", "elapsed": 311.557091, "delta": 2.157775}}
{"target": -2.2434711739749313, "params": {"C": 485.0202995535865, "epsilon": 0.9068082547414106, "gamma": 0.12880000381899973, "lamda": 0.02411558718519606}, "datetime": {"datetime": "2021-09-23 13:49:33", "elapsed": 314.084434, "delta": 2.527343}}
{"target": -2.1424313023588266, "params": {"C": 309.39142067664915, "epsilon": 0.4454523264227033, "gamma": 0.04098174720604082, "lamda": 0.13915262188022198}, "datetime": {"datetime": "2021-09-23 13:49:35", "elapsed": 315.969818, "delta": 1.885384}}
{"target": -2.027755984571901, "params": {"C": 417.4655786689141, "epsilon": 0.3010353457898365, "gamma": 0.06670524030231827, "lamda": 0.03363895874301459}, "datetime": {"datetime": "2021-09-23 13:49:37", "elapsed": 318.356271, "delta": 2.386453}}
{"target": -2.101385650072754, "params": {"C": 338.47454523566796, "epsilon": 0.2379118567264116, "gamma": 0.04, "lamda": 0.16082310125124982}, "datetime": {"datetime": "2021-09-23 13:49:42", "elapsed": 323.227975, "delta": 4.871704}}
{"target": -2.1532975518670407, "params": {"C": 309.27099810293697, "epsilon": 0.5359329604195875, "gamma": 0.06443794878270417, "lamda": 0.19298033500314193}, "datetime": {"datetime": "2021-09-23 13:49:45", "elapsed": 326.73979, "delta": 3.511815}}
{"target": -2.2749167884447643, "params": {"C": 458.79877446561784, "epsilon": 0.4765394112807607, "gamma": 0.1329013963109952, "lamda": 0.23076116567489746}, "datetime": {"datetime": "2021-09-23 13:49:48", "elapsed": 329.623944, "delta": 2.884154}}
{"target": -2.0560515368695027, "params": {"C": 417.44956180330604, "epsilon": 0.287883429720851, "gamma": 0.042843828403123674, "lamda": 0.07132945725779241}, "datetime": {"datetime": "2021-09-23 13:49:53", "elapsed": 334.643385, "delta": 5.019441}}
{"target": -2.0545962801677238, "params": {"C": 309.31683486402693, "epsilon": 0.49140391568230335, "gamma": 0.04, "lamda": 0.03645411857531283}, "datetime": {"datetime": "2021-09-23 13:49:57", "elapsed": 338.434632, "delta": 3.791247}}
{"target": -2.052278239017632, "params": {"C": 463.8244333831272, "epsilon": 0.06425727324481144, "gamma": 0.04532708802196514, "lamda": 0.28406483931274656}, "datetime": {"datetime": "2021-09-23 13:50:00", "elapsed": 341.443684, "delta": 3.009052}}
{"target": -2.290826616505369, "params": {"C": 338.2932745724223, "epsilon": 0.19225736393309903, "gamma": 0.14775395826251278, "lamda": 0.09924146191221249}, "datetime": {"datetime": "2021-09-23 13:50:04", "elapsed": 345.429928, "delta": 3.986244}}
{"target": -2.0828054926656123, "params": {"C": 464.03934312591775, "epsilon": 0.22019194815223453, "gamma": 0.0712934318870021, "lamda": 0.023717279436383513}, "datetime": {"datetime": "2021-09-23 13:50:07", "elapsed": 348.020238, "delta": 2.59031}}
{"target": -2.195880391472747, "params": {"C": 338.71060513940466, "epsilon": 0.40522105679719955, "gamma": 0.10564958726205978, "lamda": 0.2113013532100471}, "datetime": {"datetime": "2021-09-23 13:50:09", "elapsed": 350.687419, "delta": 2.667181}}
{"target": -2.2413571630483786, "params": {"C": 400.659515906558, "epsilon": 0.6025983819012807, "gamma": 0.08242899209627463, "lamda": 0.24743870924987524}, "datetime": {"datetime": "2021-09-23 13:50:14", "elapsed": 355.04323, "delta": 4.355811}}
{"target": -2.0696479916538295, "params": {"C": 309.24936019698254, "epsilon": 0.4108067440625456, "gamma": 0.040527197255941304, "lamda": 0.07369179761342783}, "datetime": {"datetime": "2021-09-23 13:50:17", "elapsed": 357.914254, "delta": 2.871024}}
{"target": -2.0381150631863827, "params": {"C": 417.3020980947535, "epsilon": 0.08431684591575227, "gamma": 0.0746699455134911, "lamda": 0.26414994096048333}, "datetime": {"datetime": "2021-09-23 13:50:19", "elapsed": 360.279525, "delta": 2.365271}}
{"target": -2.3473442826666675, "params": {"C": 489.12914320761695, "epsilon": 0.6823841905719608, "gamma": 0.13998988967215, "lamda": 0.23972394632036223}, "datetime": {"datetime": "2021-09-23 13:50:21", "elapsed": 362.270993, "delta": 1.991468}}
{"target": -2.0498396064824447, "params": {"C": 562.8779119228325, "epsilon": 0.8720760591669403, "gamma": 0.05382424555011887, "lamda": 0.03384240058102424}, "datetime": {"datetime": "2021-09-23 13:50:24", "elapsed": 365.013556, "delta": 2.742563}}
{"target": -2.073053991115997, "params": {"C": 416.79979084089945, "epsilon": 0.7988495247316949, "gamma": 0.04, "lamda": 0.01}, "datetime": {"datetime": "2021-09-23 13:50:27", "elapsed": 367.993796, "delta": 2.98024}}
{"target": -2.0572372503511587, "params": {"C": 405.9471995367754, "epsilon": 0.22466481244564002, "gamma": 0.07449555995103005, "lamda": 0.1717243049082988}, "datetime": {"datetime": "2021-09-23 13:50:29", "elapsed": 370.607032, "delta": 2.613236}}
{"target": -2.2480788697083534, "params": {"C": 362.80094492667445, "epsilon": 0.672974085316742, "gamma": 0.1427741594669669, "lamda": 0.06610927445179746}, "datetime": {"datetime": "2021-09-23 13:50:31", "elapsed": 372.668385, "delta": 2.061353}}
{"target": -2.271439443942702, "params": {"C": 417.52104312729244, "epsilon": 0.3348241952560826, "gamma": 0.13053594267350663, "lamda": 0.04019585654144428}, "datetime": {"datetime": "2021-09-23 13:50:34", "elapsed": 375.054798, "delta": 2.386413}}
{"target": -2.0519188271850046, "params": {"C": 309.46914710736553, "epsilon": 0.52356762283477, "gamma": 0.07854235234740267, "lamda": 0.013466454226944138}, "datetime": {"datetime": "2021-09-23 13:50:38", "elapsed": 379.284185, "delta": 4.229387}}
{"target": -2.097517429828989, "params": {"C": 309.32840137074265, "epsilon": 0.39518294079292643, "gamma": 0.09655477166786432, "lamda": 0.032077889054498473}, "datetime": {"datetime": "2021-09-23 13:50:42", "elapsed": 383.395546, "delta": 4.111361}}
{"target": -2.0989316582550193, "params": {"C": 511.54824489329076, "epsilon": 0.39183592932266165, "gamma": 0.07567577697798347, "lamda": 0.16764601377214886}, "datetime": {"datetime": "2021-09-23 13:50:44", "elapsed": 385.70714, "delta": 2.311594}}
{"target": -2.1573378185819734, "params": {"C": 569.6390386241488, "epsilon": 0.5605989390024012, "gamma": 0.04, "lamda": 0.12261396308324347}, "datetime": {"datetime": "2021-09-23 13:50:47", "elapsed": 388.416069, "delta": 2.708929}}
{"target": -2.0660296809194825, "params": {"C": 416.8184838814342, "epsilon": 0.6721556180761461, "gamma": 0.04, "lamda": 0.0320002517286787}, "datetime": {"datetime": "2021-09-23 13:50:51", "elapsed": 392.276386, "delta": 3.860317}}
{"target": -2.1992390489900964, "params": {"C": 405.968322447537, "epsilon": 0.3157985455306444, "gamma": 0.04049616454594033, "lamda": 0.2752720948857436}, "datetime": {"datetime": "2021-09-23 13:50:55", "elapsed": 396.125675, "delta": 3.849289}}
{"target": -2.083753110653765, "params": {"C": 396.8882198516294, "epsilon": 0.2680339195055722, "gamma": 0.04115585536635664, "lamda": 0.12649379118151652}, "datetime": {"datetime": "2021-09-23 13:50:59", "elapsed": 399.820855, "delta": 3.69518}}
{"target": -2.0687263170339576, "params": {"C": 417.48548858565573, "epsilon": 0.10623984005917833, "gamma": 0.04, "lamda": 0.18707934786558605}, "datetime": {"datetime": "2021-09-23 13:51:02", "elapsed": 403.389558, "delta": 3.568703}}
{"target": -2.0462038622739893, "params": {"C": 417.38161159456183, "epsilon": 0.15382806694799442, "gamma": 0.04714266676245648, "lamda": 0.15378680942433373}, "datetime": {"datetime": "2021-09-23 13:51:06", "elapsed": 407.273446, "delta": 3.883888}}
{"target": -2.0764784087375396, "params": {"C": 309.39590976534174, "epsilon": 0.7660063381083669, "gamma": 0.08866558175065631, "lamda": 0.010867526321335181}, "datetime": {"datetime": "2021-09-23 13:51:09", "elapsed": 410.674926, "delta": 3.40148}}
{"target": -2.128994168280275, "params": {"C": 562.8577062673169, "epsilon": 0.9926025499978527, "gamma": 0.04169657572262278, "lamda": 0.055426313541673225}, "datetime": {"datetime": "2021-09-23 13:51:12", "elapsed": 413.418301, "delta": 2.743375}}
{"target": -2.18561682775623, "params": {"C": 370.9975486518417, "epsilon": 0.8221748044765224, "gamma": 0.08526447066346776, "lamda": 0.13050963852531708}, "datetime": {"datetime": "2021-09-23 13:51:15", "elapsed": 415.934424, "delta": 2.516123}}
{"target": -2.102285948617645, "params": {"C": 562.8493003190695, "epsilon": 0.8227124461965134, "gamma": 0.07560382372719376, "lamda": 0.08276527694179131}, "datetime": {"datetime": "2021-09-23 13:51:17", "elapsed": 418.092854, "delta": 2.15843}}
{"target": -2.386019258455577, "params": {"C": 411.44753692985864, "epsilon": 0.7921149880742803, "gamma": 0.12343380105221727, "lamda": 0.27828502409714717}, "datetime": {"datetime": "2021-09-23 13:51:18", "elapsed": 419.490923, "delta": 1.398069}}
{"target": -2.145179778832872, "params": {"C": 334.49064364967154, "epsilon": 0.7068979123660569, "gamma": 0.10013603880625488, "lamda": 0.08564352327566074}, "datetime": {"datetime": "2021-09-23 13:51:20", "elapsed": 421.007299, "delta": 1.516376}}
{"target": -2.068534675722617, "params": {"C": 417.38699404537294, "epsilon": 0.0538652993919083, "gamma": 0.04, "lamda": 0.3}, "datetime": {"datetime": "2021-09-23 13:51:22", "elapsed": 423.193403, "delta": 2.186104}}
{"target": -2.0027608625570976, "params": {"C": 338.42385579866686, "epsilon": 0.17767644044334158, "gamma": 0.05804158776378671, "lamda": 0.0847136448383514}, "datetime": {"datetime": "2021-09-23 13:51:25", "elapsed": 426.134281, "delta": 2.940878}}
{"target": -2.0565874609979846, "params": {"C": 397.01025250982474, "epsilon": 0.22005526452828206, "gamma": 0.07116060541980737, "lamda": 0.20178281569772732}, "datetime": {"datetime": "2021-09-23 13:51:28", "elapsed": 428.858621, "delta": 2.72434}}
{"target": -2.0496243199215995, "params": {"C": 417.7659889286883, "epsilon": 0.12765282540066192, "gamma": 0.04248031836957663, "lamda": 0.11207720485430946}, "datetime": {"datetime": "2021-09-23 13:51:31", "elapsed": 432.593803, "delta": 3.735182}}
{"target": -2.16860322487099, "params": {"C": 419.00148800378184, "epsilon": 0.3492552153664022, "gamma": 0.11028122877166566, "lamda": 0.17184379154404533}, "datetime": {"datetime": "2021-09-23 13:51:33", "elapsed": 434.49542, "delta": 1.901617}}
{"target": -2.0499799080201653, "params": {"C": 484.87282310587295, "epsilon": 0.9540224030516433, "gamma": 0.06596766018109701, "lamda": 0.029214213108588467}, "datetime": {"datetime": "2021-09-23 13:51:36", "elapsed": 437.7266, "delta": 3.23118}}
{"target": -2.084514634337572, "params": {"C": 464.07724210514135, "epsilon": 0.6654499948828345, "gamma": 0.04, "lamda": 0.04591472891559568}, "datetime": {"datetime": "2021-09-23 13:51:39", "elapsed": 440.716573, "delta": 2.989973}}
{"target": -2.0445437853366415, "params": {"C": 405.92888869625153, "epsilon": 0.11976873359407095, "gamma": 0.04711248283289426, "lamda": 0.1821457578787053}, "datetime": {"datetime": "2021-09-23 13:51:42", "elapsed": 443.703993, "delta": 2.98742}}
{"target": -2.2513771704114336, "params": {"C": 331.67376487860224, "epsilon": 0.3588017077895275, "gamma": 0.14463568746567868, "lamda": 0.15861137621757293}, "datetime": {"datetime": "2021-09-23 13:51:44", "elapsed": 445.002906, "delta": 1.298913}}
{"target": -2.1288434559717455, "params": {"C": 421.0714668269319, "epsilon": 0.37931874309030394, "gamma": 0.09534730218831913, "lamda": 0.14745060684468728}, "datetime": {"datetime": "2021-09-23 13:51:45", "elapsed": 446.23944, "delta": 1.236534}}
{"target": -2.269310478754899, "params": {"C": 405.96001120474415, "epsilon": 0.16235873635999595, "gamma": 0.14573794259276482, "lamda": 0.14529948489177535}, "datetime": {"datetime": "2021-09-23 13:51:46", "elapsed": 447.809992, "delta": 1.570552}}
{"target": -2.302940098173977, "params": {"C": 408.3306483987159, "epsilon": 0.7435364464776608, "gamma": 0.11200782683771679, "lamda": 0.2177851308182449}, "datetime": {"datetime": "2021-09-23 13:51:48", "elapsed": 449.124559, "delta": 1.314567}}
{"target": -2.1390974125330535, "params": {"C": 377.88490221002644, "epsilon": 0.9443031197308099, "gamma": 0.09156654648559881, "lamda": 0.0745029620143343}, "datetime": {"datetime": "2021-09-23 13:51:49", "elapsed": 450.463554, "delta": 1.338995}}
{"target": -2.025357383054956, "params": {"C": 310.4754767865097, "epsilon": 0.9142277439613113, "gamma": 0.07512108287680999, "lamda": 0.01607425986582496}, "datetime": {"datetime": "2021-09-23 13:51:51", "elapsed": 451.851551, "delta": 1.387997}}
{"target": -2.3622425156645965, "params": {"C": 367.93141736691575, "epsilon": 0.06058948817133469, "gamma": 0.142354258419632, "lamda": 0.08566115478882758}, "datetime": {"datetime": "2021-09-23 13:51:52", "elapsed": 453.219548, "delta": 1.367997}}
{"target": -2.304498145595584, "params": {"C": 530.1872230706124, "epsilon": 0.8809821019280942, "gamma": 0.11601951837726848, "lamda": 0.18025071986025443}, "datetime": {"datetime": "2021-09-23 13:51:53", "elapsed": 454.572547, "delta": 1.352999}}
{"target": -2.308777721870524, "params": {"C": 310.5201055780553, "epsilon": 0.8566145051003025, "gamma": 0.14605586930685474, "lamda": 0.14811190991571244}, "datetime": {"datetime": "2021-09-23 13:51:55", "elapsed": 456.650547, "delta": 2.078}}
{"target": -2.067551881529469, "params": {"C": 338.55141808225693, "epsilon": 0.1313879362980324, "gamma": 0.07981833856437011, "lamda": 0.26493366571839044}, "datetime": {"datetime": "2021-09-23 13:51:58", "elapsed": 458.894542, "delta": 2.243995}}
{"target": -2.3177496896255017, "params": {"C": 407.7191500775697, "epsilon": 0.8962423113044274, "gamma": 0.12151578652713452, "lamda": 0.18325525149741942}, "datetime": {"datetime": "2021-09-23 13:51:59", "elapsed": 460.272614, "delta": 1.378072}}
{"target": -2.076820839957051, "params": {"C": 338.212555987946, "epsilon": 0.09199535113217505, "gamma": 0.04, "lamda": 0.1011686869703763}, "datetime": {"datetime": "2021-09-23 13:52:01", "elapsed": 462.405156, "delta": 2.132542}}
{"target": -2.0293655031329365, "params": {"C": 310.35961453455235, "epsilon": 0.9266384306692758, "gamma": 0.07371688389949123, "lamda": 0.03397979737238261}, "datetime": {"datetime": "2021-09-23 13:52:03", "elapsed": 464.387612, "delta": 1.982456}}
{"target": -2.0826638700056126, "params": {"C": 405.83667863342873, "epsilon": 0.21191313519157964, "gamma": 0.05009277054722472, "lamda": 0.233938916092502}, "datetime": {"datetime": "2021-09-23 13:52:05", "elapsed": 466.281083, "delta": 1.893471}}
{"target": -2.235577238179126, "params": {"C": 399.54411329440745, "epsilon": 0.8518193592722313, "gamma": 0.0804984351620878, "lamda": 0.1757540289749688}, "datetime": {"datetime": "2021-09-23 13:52:06", "elapsed": 467.773705, "delta": 1.492622}}
{"target": -2.0502886183764524, "params": {"C": 310.4508767132092, "epsilon": 0.996533262513222, "gamma": 0.08319199319009124, "lamda": 0.022533117766352098}, "datetime": {"datetime": "2021-09-23 13:52:09", "elapsed": 469.976275, "delta": 2.20257}}
{"target": -2.050628336938474, "params": {"C": 309.41030532887055, "epsilon": 0.726028061933237, "gamma": 0.04142168293085561, "lamda": 0.0255787489531557}, "datetime": {"datetime": "2021-09-23 13:52:11", "elapsed": 472.601252, "delta": 2.624977}}
