{"target": -2.0458328040852045, "params": {"C": 70.40262388006663, "epsilon": 0.12547980606509387, "gamma": 0.07824553412821716, "lamda": 0.19708934112399312}, "datetime": {"datetime": "2021-09-23 12:29:23", "elapsed": 44.682945, "delta": 0.923994}}
{"target": -2.5527089377048497, "params": {"C": 71.06193365470376, "epsilon": 0.2059859704234926, "gamma": 0.1255964966492369, "lamda": 0.8309855552324888}, "datetime": {"datetime": "2021-09-23 12:29:23", "elapsed": 45.308617, "delta": 0.625672}}
{"target": -3.0663944714671953, "params": {"C": 77.15217084266953, "epsilon": 0.1886021907944591, "gamma": 0.2914797963780026, "lamda": 0.7137680665676533}, "datetime": {"datetime": "2021-09-23 12:29:24", "elapsed": 45.971615, "delta": 0.662998}}
{"target": -4.256076842206921, "params": {"C": 76.59418746153743, "epsilon": 0.39856526165355405, "gamma": 0.8110627650610011, "lamda": 0.2328308452862126}, "datetime": {"datetime": "2021-09-23 12:29:25", "elapsed": 46.768615, "delta": 0.797}}
{"target": -4.6244467795863065, "params": {"C": 84.74198210408622, "epsilon": 0.23373402703511997, "gamma": 0.9266047650512542, "lamda": 0.9026096695618472}, "datetime": {"datetime": "2021-09-23 12:29:26", "elapsed": 47.49144, "delta": 0.722825}}
{"target": -2.480264519283339, "params": {"C": 71.81042737251052, "epsilon": 0.2067189655558789, "gamma": 0.007288742488354795, "lamda": 0.14269427241689742}, "datetime": {"datetime": "2021-09-23 12:29:26", "elapsed": 48.355442, "delta": 0.864002}}
{"target": -4.609347139491336, "params": {"C": 42.73634337492292, "epsilon": 0.7626931762068215, "gamma": 0.841003452053554, "lamda": 0.5358735792810686}, "datetime": {"datetime": "2021-09-23 12:29:27", "elapsed": 48.883017, "delta": 0.527575}}
{"target": -2.0154524576612585, "params": {"C": 70.07830763781554, "epsilon": 0.008004761722755644, "gamma": 0.06905798270268822, "lamda": 0.06965531548320925}, "datetime": {"datetime": "2021-09-23 12:29:28", "elapsed": 50.12415, "delta": 1.241133}}
{"target": -2.285979928936168, "params": {"C": 48.576368638009086, "epsilon": 0.05085364404792599, "gamma": 0.13148451192352342, "lamda": 0.03806153988903689}, "datetime": {"datetime": "2021-09-23 12:29:29", "elapsed": 51.203497, "delta": 1.079347}}
{"target": -3.3418414594255372, "params": {"C": 70.1244688531437, "epsilon": 0.3566598685408044, "gamma": 0.001, "lamda": 0.06525981791034846}, "datetime": {"datetime": "2021-09-23 12:29:31", "elapsed": 52.652145, "delta": 1.448648}}
{"target": -3.2120298128395586, "params": {"C": 70.14007906397379, "epsilon": 0.08692160704044145, "gamma": 0.40505148228055926, "lamda": 0.16543329323277278}, "datetime": {"datetime": "2021-09-23 12:29:32", "elapsed": 53.616453, "delta": 0.964308}}
{"target": -3.27703616360923, "params": {"C": 72.12275777130266, "epsilon": 0.7517162511085826, "gamma": 0.001, "lamda": 0.001}, "datetime": {"datetime": "2021-09-23 12:29:33", "elapsed": 55.174226, "delta": 1.557773}}
{"target": -2.1018023916015154, "params": {"C": 39.803102510910435, "epsilon": 0.009253851895886064, "gamma": 0.0463531693816447, "lamda": 0.6179366918887795}, "datetime": {"datetime": "2021-09-23 12:29:34", "elapsed": 56.034578, "delta": 0.860352}}
{"target": -2.2422822013679102, "params": {"C": 49.09006682871483, "epsilon": 1.0, "gamma": 0.01847847834744531, "lamda": 0.001}, "datetime": {"datetime": "2021-09-23 12:29:36", "elapsed": 57.717544, "delta": 1.682966}}
{"target": -2.8996727838203107, "params": {"C": 37.013964436131005, "epsilon": 0.7156549843862755, "gamma": 0.11002195816983112, "lamda": 0.9163377397860643}, "datetime": {"datetime": "2021-09-23 12:29:36", "elapsed": 58.310544, "delta": 0.593}}
{"target": -2.9321463885107195, "params": {"C": 70.76238977086372, "epsilon": 0.10182459811192572, "gamma": 0.3080930843315997, "lamda": 0.0018077614696306054}, "datetime": {"datetime": "2021-09-23 12:29:38", "elapsed": 59.553318, "delta": 1.242774}}
{"target": -3.0490525024476143, "params": {"C": 67.25072968982357, "epsilon": 0.2818513797319446, "gamma": 0.22304619263934772, "lamda": 0.9772124719399694}, "datetime": {"datetime": "2021-09-23 12:29:38", "elapsed": 60.318157, "delta": 0.764839}}
{"target": -2.196895261776186, "params": {"C": 92.77085184888266, "epsilon": 0.9522555742455784, "gamma": 0.08738566769733477, "lamda": 0.10239878758536837}, "datetime": {"datetime": "2021-09-23 12:29:39", "elapsed": 61.23734, "delta": 0.919183}}
{"target": -3.329079881270422, "params": {"C": 43.69736679137157, "epsilon": 0.42993448521450595, "gamma": 0.3136138615826867, "lamda": 0.7336948966890626}, "datetime": {"datetime": "2021-09-23 12:29:40", "elapsed": 62.013636, "delta": 0.776296}}
{"target": -3.1753179391964643, "params": {"C": 4.082583069419355, "epsilon": 0.5810209895669107, "gamma": 0.09034018835656321, "lamda": 0.2168632274576031}, "datetime": {"datetime": "2021-09-23 12:29:41", "elapsed": 62.933637, "delta": 0.920001}}
{"target": -2.174649249539403, "params": {"C": 70.66683137024141, "epsilon": 0.25779296359847503, "gamma": 0.027528172323257508, "lamda": 0.33920385129786246}, "datetime": {"datetime": "2021-09-23 12:29:42", "elapsed": 63.766266, "delta": 0.832629}}
{"target": -2.717135352298121, "params": {"C": 20.959121728947117, "epsilon": 0.43338646592772617, "gamma": 0.1269470812894023, "lamda": 0.8202235274666865}, "datetime": {"datetime": "2021-09-23 12:29:43", "elapsed": 64.533265, "delta": 0.766999}}
{"target": -2.5748636878116735, "params": {"C": 51.45199912805775, "epsilon": 0.26114579594243553, "gamma": 0.15497768713239096, "lamda": 0.5539100500306853}, "datetime": {"datetime": "2021-09-23 12:29:44", "elapsed": 65.519607, "delta": 0.986342}}
{"target": -3.290538748649201, "params": {"C": 69.83128807740357, "epsilon": 0.001, "gamma": 0.001, "lamda": 0.26400139889851637}, "datetime": {"datetime": "2021-09-23 12:29:45", "elapsed": 67.119612, "delta": 1.600005}}
{"target": -2.0546357891620475, "params": {"C": 49.41359494043119, "epsilon": 0.8292632077575561, "gamma": 0.050153836891145644, "lamda": 0.001}, "datetime": {"datetime": "2021-09-23 12:29:47", "elapsed": 68.547309, "delta": 1.427697}}
{"target": -4.59313518453281, "params": {"C": 66.48516525405067, "epsilon": 0.11646224648361071, "gamma": 0.9723179426806802, "lamda": 0.8651193642136592}, "datetime": {"datetime": "2021-09-23 12:29:47", "elapsed": 69.308982, "delta": 0.761673}}
{"target": -4.473393793068276, "params": {"C": 19.967042258824854, "epsilon": 0.2639812323419948, "gamma": 0.8401813771835223, "lamda": 0.49819383253886024}, "datetime": {"datetime": "2021-09-23 12:29:48", "elapsed": 70.027154, "delta": 0.718172}}
{"target": -2.353850928597577, "params": {"C": 49.313962969643526, "epsilon": 0.888132877459354, "gamma": 0.07078090965764991, "lamda": 0.29724355074321657}, "datetime": {"datetime": "2021-09-23 12:29:50", "elapsed": 71.92672, "delta": 1.899566}}
{"target": -2.3985227064156973, "params": {"C": 71.10880680989429, "epsilon": 0.2681055943617936, "gamma": 0.07410560882993215, "lamda": 0.8161373529962144}, "datetime": {"datetime": "2021-09-23 12:29:51", "elapsed": 72.713721, "delta": 0.787001}}
{"target": -3.1578330665044354, "params": {"C": 49.26953202369052, "epsilon": 0.821928878830892, "gamma": 0.3725649426517684, "lamda": 0.1117062503518535}, "datetime": {"datetime": "2021-09-23 12:29:52", "elapsed": 74.052355, "delta": 1.338634}}
{"target": -2.91271312986826, "params": {"C": 39.64882383936976, "epsilon": 0.2015909924663415, "gamma": 0.2733968043899037, "lamda": 0.5258325575727024}, "datetime": {"datetime": "2021-09-23 12:29:53", "elapsed": 74.91636, "delta": 0.864005}}
{"target": -2.070067566181042, "params": {"C": 71.86659816578774, "epsilon": 0.23743159190165647, "gamma": 0.03657440298727716, "lamda": 0.1298435540924814}, "datetime": {"datetime": "2021-09-23 12:29:54", "elapsed": 75.80664, "delta": 0.89028}}
{"target": -2.65253108364167, "params": {"C": 76.11728755693355, "epsilon": 0.5096538659936594, "gamma": 0.1690377999918264, "lamda": 0.3338582434302294}, "datetime": {"datetime": "2021-09-23 12:29:55", "elapsed": 76.663636, "delta": 0.856996}}
{"target": -3.1253368341908887, "params": {"C": 71.77726773794492, "epsilon": 0.48929491435667916, "gamma": 0.3681878950118905, "lamda": 0.14310629349972065}, "datetime": {"datetime": "2021-09-23 12:29:56", "elapsed": 78.362687, "delta": 1.699051}}
{"target": -4.680016795978936, "params": {"C": 60.08127345841407, "epsilon": 0.3390828723530927, "gamma": 0.9983736165607202, "lamda": 0.5836978684853349}, "datetime": {"datetime": "2021-09-23 12:29:57", "elapsed": 79.068685, "delta": 0.705998}}
{"target": -2.4597712351215044, "params": {"C": 70.25847307408569, "epsilon": 0.04486528801291242, "gamma": 0.007000421871051036, "lamda": 0.27806400159982725}, "datetime": {"datetime": "2021-09-23 12:29:59", "elapsed": 80.570299, "delta": 1.501614}}
{"target": -3.5649564091225803, "params": {"C": 40.028389622424164, "epsilon": 0.001, "gamma": 0.001, "lamda": 0.8423740206396467}, "datetime": {"datetime": "2021-09-23 12:30:01", "elapsed": 82.541412, "delta": 1.971113}}
{"target": -4.639077306542421, "params": {"C": 56.36487803260382, "epsilon": 0.24802394602413697, "gamma": 0.9297804820357197, "lamda": 0.9016363342635001}, "datetime": {"datetime": "2021-09-23 12:30:01", "elapsed": 83.216027, "delta": 0.674615}}
{"target": -2.3896442724379288, "params": {"C": 72.67620273571679, "epsilon": 0.3963912904986747, "gamma": 0.15147793168852258, "lamda": 0.012011158034936183}, "datetime": {"datetime": "2021-09-23 12:30:03", "elapsed": 84.415175, "delta": 1.199148}}
{"target": -2.051210662079684, "params": {"C": 72.15865977003605, "epsilon": 0.06950437023596416, "gamma": 0.04199171791135216, "lamda": 0.26444217873697357}, "datetime": {"datetime": "2021-09-23 12:30:04", "elapsed": 85.487498, "delta": 1.072323}}
{"target": -5.032686567961735, "params": {"C": 8.457595982795523, "epsilon": 0.5275722114453016, "gamma": 0.9098823660766251, "lamda": 0.2807301451664127}, "datetime": {"datetime": "2021-09-23 12:30:05", "elapsed": 86.615754, "delta": 1.128256}}
{"target": -2.022859990944035, "params": {"C": 49.07182978881284, "epsilon": 0.10470651039970807, "gamma": 0.06280985834392061, "lamda": 0.03276487605845151}, "datetime": {"datetime": "2021-09-23 12:30:06", "elapsed": 88.040689, "delta": 1.424935}}
{"target": -2.2925928088802165, "params": {"C": 48.4721407823009, "epsilon": 0.4314667936445798, "gamma": 0.11782175791253544, "lamda": 0.20993224232374905}, "datetime": {"datetime": "2021-09-23 12:30:07", "elapsed": 88.825687, "delta": 0.784998}}
{"target": -3.6584042728107202, "params": {"C": 10.398743101161148, "epsilon": 0.604349248164749, "gamma": 0.3161717278569988, "lamda": 0.5774600298688208}, "datetime": {"datetime": "2021-09-23 12:30:08", "elapsed": 89.655687, "delta": 0.83}}
{"target": -2.848887986303824, "params": {"C": 48.874228977558644, "epsilon": 0.06051314952748768, "gamma": 0.2894975677866374, "lamda": 0.1604823911614316}, "datetime": {"datetime": "2021-09-23 12:30:09", "elapsed": 90.888684, "delta": 1.232997}}
{"target": -3.419731660509025, "params": {"C": 51.778949554821665, "epsilon": 0.12238729477084218, "gamma": 0.001, "lamda": 0.15637426224270148}, "datetime": {"datetime": "2021-09-23 12:30:11", "elapsed": 92.596684, "delta": 1.708}}
{"target": -2.040106972072303, "params": {"C": 71.92683201749044, "epsilon": 0.5684174539780439, "gamma": 0.040352870470254584, "lamda": 0.01068653701352128}, "datetime": {"datetime": "2021-09-23 12:30:12", "elapsed": 93.725743, "delta": 1.129059}}
{"target": -3.4728316029365636, "params": {"C": 39.819357820780034, "epsilon": 0.001, "gamma": 0.001, "lamda": 0.2997872248552414}, "datetime": {"datetime": "2021-09-23 12:30:14", "elapsed": 95.942549, "delta": 2.216806}}
{"target": -4.497944444566222, "params": {"C": 24.07388455832451, "epsilon": 0.45179635472423557, "gamma": 0.9671761446850423, "lamda": 0.11874407510965652}, "datetime": {"datetime": "2021-09-23 12:30:15", "elapsed": 97.243553, "delta": 1.301004}}
{"target": -2.252305722688144, "params": {"C": 71.96895210799072, "epsilon": 0.4060723273024953, "gamma": 0.08181588345934389, "lamda": 0.34756209510518976}, "datetime": {"datetime": "2021-09-23 12:30:17", "elapsed": 98.427991, "delta": 1.184438}}
{"target": -2.111834403863357, "params": {"C": 49.43074452898396, "epsilon": 0.021580908267610006, "gamma": 0.09181657066736097, "lamda": 0.03948815100648944}, "datetime": {"datetime": "2021-09-23 12:30:18", "elapsed": 99.650135, "delta": 1.222144}}
{"target": -4.397335733416224, "params": {"C": 50.32395908347963, "epsilon": 0.6579565969991792, "gamma": 0.8850346499135398, "lamda": 0.1738353221908799}, "datetime": {"datetime": "2021-09-23 12:30:19", "elapsed": 100.527227, "delta": 0.877092}}
{"target": -3.898800779641282, "params": {"C": 85.92071643818838, "epsilon": 0.25047051961318967, "gamma": 0.6147334565194091, "lamda": 0.41786020566550247}, "datetime": {"datetime": "2021-09-23 12:30:20", "elapsed": 101.713966, "delta": 1.186739}}
{"target": -2.11368316862363, "params": {"C": 49.37499662178913, "epsilon": 0.15722847231714862, "gamma": 0.06950691059911028, "lamda": 0.4751069434019832}, "datetime": {"datetime": "2021-09-23 12:30:21", "elapsed": 103.031967, "delta": 1.318001}}
{"target": -2.3366211276762408, "params": {"C": 49.422462382354574, "epsilon": 0.5697756021739241, "gamma": 0.01209579733866038, "lamda": 0.029045723705244553}, "datetime": {"datetime": "2021-09-23 12:30:23", "elapsed": 104.731964, "delta": 1.699997}}
{"target": -2.200359534681502, "params": {"C": 92.76958901281681, "epsilon": 0.9368862440210686, "gamma": 0.07898844908099291, "lamda": 0.12683622323857552}, "datetime": {"datetime": "2021-09-23 12:30:24", "elapsed": 105.68646, "delta": 0.954496}}
{"target": -2.874121078804325, "params": {"C": 51.50445342357861, "epsilon": 0.4357012136558171, "gamma": 0.28567671587593413, "lamda": 0.17301286235426183}, "datetime": {"datetime": "2021-09-23 12:30:25", "elapsed": 107.114457, "delta": 1.427997}}
{"target": -3.379568407009464, "params": {"C": 48.29680078963055, "epsilon": 0.22738009397927345, "gamma": 0.001, "lamda": 0.001}, "datetime": {"datetime": "2021-09-23 12:30:28", "elapsed": 109.7279, "delta": 2.613443}}
{"target": -2.820483969961142, "params": {"C": 93.06180263069095, "epsilon": 0.8057049767149074, "gamma": 0.2626876175960004, "lamda": 0.08997772860162036}, "datetime": {"datetime": "2021-09-23 12:30:29", "elapsed": 111.045613, "delta": 1.317713}}
{"target": -3.4006525726881263, "params": {"C": 49.201247097905494, "epsilon": 0.001, "gamma": 0.001, "lamda": 0.2898710833241113}, "datetime": {"datetime": "2021-09-23 12:30:31", "elapsed": 113.270485, "delta": 2.224872}}
{"target": -2.472838404083552, "params": {"C": 49.53305896212007, "epsilon": 0.3906308218659513, "gamma": 0.09356696964170406, "lamda": 0.6504674761612815}, "datetime": {"datetime": "2021-09-23 12:30:33", "elapsed": 114.733971, "delta": 1.463486}}
{"target": -2.585898567307442, "params": {"C": 49.71811989296024, "epsilon": 0.06377486590686711, "gamma": 0.19918687756328635, "lamda": 0.31085259606139815}, "datetime": {"datetime": "2021-09-23 12:30:34", "elapsed": 115.978105, "delta": 1.244134}}
{"target": -3.0433599433870673, "params": {"C": 49.41393934282513, "epsilon": 0.1977658101075228, "gamma": 0.3242869008272363, "lamda": 0.4287811377044584}, "datetime": {"datetime": "2021-09-23 12:30:35", "elapsed": 117.365106, "delta": 1.387001}}
{"target": -2.73858578529048, "params": {"C": 69.996660498496, "epsilon": 0.41492446001100985, "gamma": 0.1603371167079608, "lamda": 0.6124773339512082}, "datetime": {"datetime": "2021-09-23 12:30:37", "elapsed": 118.890397, "delta": 1.525291}}
{"target": -3.975332759457045, "params": {"C": 45.21919962679136, "epsilon": 0.996718977061351, "gamma": 0.6677413484411604, "lamda": 0.10280664336223878}, "datetime": {"datetime": "2021-09-23 12:30:38", "elapsed": 119.864671, "delta": 0.974274}}
{"target": -3.137598504372799, "params": {"C": 92.51726778832013, "epsilon": 0.9339711927428969, "gamma": 0.26879615259588563, "lamda": 0.3421620760479918}, "datetime": {"datetime": "2021-09-23 12:30:39", "elapsed": 121.382879, "delta": 1.518208}}
{"target": -2.2734723411083646, "params": {"C": 49.472259752319076, "epsilon": 0.06179472097725089, "gamma": 0.10590796601686607, "lamda": 0.7898222431239159}, "datetime": {"datetime": "2021-09-23 12:30:41", "elapsed": 123.148254, "delta": 1.765375}}
{"target": -2.628593736626697, "params": {"C": 49.20821579748092, "epsilon": 0.6062985653060279, "gamma": 0.023496361266003185, "lamda": 0.94692404133653}, "datetime": {"datetime": "2021-09-23 12:30:43", "elapsed": 124.770852, "delta": 1.622598}}
{"target": -3.562981818002015, "params": {"C": 39.528658499084024, "epsilon": 0.001, "gamma": 0.001, "lamda": 0.7504724798956377}, "datetime": {"datetime": "2021-09-23 12:30:45", "elapsed": 127.00071, "delta": 2.229858}}
{"target": -3.2757530880548926, "params": {"C": 73.21611334808539, "epsilon": 0.2861042114567298, "gamma": 0.001, "lamda": 0.001}, "datetime": {"datetime": "2021-09-23 12:30:47", "elapsed": 129.095183, "delta": 2.094473}}
{"target": -3.15216108754557, "params": {"C": 48.358105937982295, "epsilon": 0.27277674643709926, "gamma": 0.3523019356922314, "lamda": 0.38462985893759016}, "datetime": {"datetime": "2021-09-23 12:30:49", "elapsed": 130.604313, "delta": 1.50913}}
{"target": -2.0995511420048025, "params": {"C": 48.45501716983918, "epsilon": 0.7846372315350473, "gamma": 0.04153944062171031, "lamda": 0.001101073574927292}, "datetime": {"datetime": "2021-09-23 12:30:51", "elapsed": 132.476311, "delta": 1.871998}}
{"target": -3.5049954197778814, "params": {"C": 51.2232710201842, "epsilon": 0.001, "gamma": 0.001, "lamda": 0.8883571463333664}, "datetime": {"datetime": "2021-09-23 12:30:52", "elapsed": 134.332842, "delta": 1.856531}}
{"target": -3.7283159336439042, "params": {"C": 23.363435360975767, "epsilon": 0.3536514619276469, "gamma": 0.5626279314024376, "lamda": 0.10815980247441219}, "datetime": {"datetime": "2021-09-23 12:30:53", "elapsed": 135.236842, "delta": 0.904}}
{"target": -3.3739178891945976, "params": {"C": 49.728573322675025, "epsilon": 0.001, "gamma": 0.001, "lamda": 0.001}, "datetime": {"datetime": "2021-09-23 12:30:55", "elapsed": 137.041306, "delta": 1.804464}}
{"target": -3.020117660237352, "params": {"C": 71.27483936543794, "epsilon": 0.042648520755670306, "gamma": 0.33752433446919233, "lamda": 0.08429724320025543}, "datetime": {"datetime": "2021-09-23 12:30:57", "elapsed": 139.00609, "delta": 1.964784}}
{"target": -3.4325846548975445, "params": {"C": 81.11924740264521, "epsilon": 0.22709350168665093, "gamma": 0.362991141808486, "lamda": 0.9899236925588822}, "datetime": {"datetime": "2021-09-23 12:30:58", "elapsed": 139.849638, "delta": 0.843548}}
{"target": -4.412310296813427, "params": {"C": 12.006262004208539, "epsilon": 0.13427508718198466, "gamma": 0.6475621700118691, "lamda": 0.5772969182120788}, "datetime": {"datetime": "2021-09-23 12:30:59", "elapsed": 140.80591, "delta": 0.956272}}
{"target": -2.3627421437736458, "params": {"C": 28.102895502950474, "epsilon": 0.8477266245193019, "gamma": 0.1567302380415554, "lamda": 0.005731444543713052}, "datetime": {"datetime": "2021-09-23 12:31:00", "elapsed": 142.215604, "delta": 1.409694}}
{"target": -2.1508045669418756, "params": {"C": 72.01840408241043, "epsilon": 0.02177352898005127, "gamma": 0.026978651981205838, "lamda": 0.01573278128512266}, "datetime": {"datetime": "2021-09-23 12:31:02", "elapsed": 143.709708, "delta": 1.494104}}
{"target": -4.4920035251724775, "params": {"C": 25.614901580387393, "epsilon": 0.6741601807629025, "gamma": 0.8142117096302525, "lamda": 0.47909677576477877}, "datetime": {"datetime": "2021-09-23 12:31:03", "elapsed": 144.871845, "delta": 1.162137}}
{"target": -3.9286901050332865, "params": {"C": 59.94067045094151, "epsilon": 0.5290799994353341, "gamma": 0.5629339268059014, "lamda": 0.4647610310323481}, "datetime": {"datetime": "2021-09-23 12:31:04", "elapsed": 145.782847, "delta": 0.911002}}
{"target": -3.2181018252551286, "params": {"C": 49.277387976282256, "epsilon": 0.33473381198897995, "gamma": 0.002435331446266651, "lamda": 0.6202857711053623}, "datetime": {"datetime": "2021-09-23 12:31:05", "elapsed": 146.998845, "delta": 1.215998}}
{"target": -2.9398739466891675, "params": {"C": 49.22836730141231, "epsilon": 0.17681190453129741, "gamma": 0.32070964335431784, "lamda": 0.04260897118496194}, "datetime": {"datetime": "2021-09-23 12:31:07", "elapsed": 148.858846, "delta": 1.860001}}
{"target": -2.364377758160677, "params": {"C": 71.94986084467173, "epsilon": 0.3626321398280761, "gamma": 0.1448792232150082, "lamda": 0.01895440469192214}, "datetime": {"datetime": "2021-09-23 12:31:09", "elapsed": 150.420844, "delta": 1.561998}}
{"target": -3.274929050310325, "params": {"C": 72.77217759626048, "epsilon": 0.6507901198439809, "gamma": 0.001, "lamda": 0.001}, "datetime": {"datetime": "2021-09-23 12:31:10", "elapsed": 152.362844, "delta": 1.942}}
{"target": -2.4883250093366946, "params": {"C": 49.75701191332872, "epsilon": 0.1550690443570055, "gamma": 0.13640439143013194, "lamda": 0.7286432044077753}, "datetime": {"datetime": "2021-09-23 12:31:12", "elapsed": 153.785846, "delta": 1.423002}}
{"target": -2.5919074432549656, "params": {"C": 72.34368957924376, "epsilon": 0.016191219164113826, "gamma": 0.20278928607033095, "lamda": 0.06014369509751475}, "datetime": {"datetime": "2021-09-23 12:31:14", "elapsed": 155.455565, "delta": 1.669719}}
{"target": -3.903803955162445, "params": {"C": 67.16176401634895, "epsilon": 0.1333183678081217, "gamma": 0.6630023763640173, "lamda": 0.09932277291891882}, "datetime": {"datetime": "2021-09-23 12:31:14", "elapsed": 156.381202, "delta": 0.925637}}
{"target": -2.8186661387342054, "params": {"C": 72.23234692016338, "epsilon": 0.06977603315243933, "gamma": 0.25822635126769933, "lamda": 0.5027078419700796}, "datetime": {"datetime": "2021-09-23 12:31:17", "elapsed": 158.455183, "delta": 2.073981}}
