{"target": -1.9157636160834386, "params": {"C": 828.0308427506973, "epsilon": 0.17954854957444835, "gamma": 0.03387681849283129, "lamda": 0.03722304362766843}, "datetime": {"datetime": "2021-09-23 15:30:25", "elapsed": 134.722875, "delta": 0.984003}}
{"target": -2.0530072104681873, "params": {"C": 751.7028371812406, "epsilon": 0.0917558952235567, "gamma": 0.049727814885941066, "lamda": 0.031931723829421756}, "datetime": {"datetime": "2021-09-23 15:30:26", "elapsed": 135.629168, "delta": 0.906293}}
{"target": -1.9356065085176024, "params": {"C": 745.9239845778777, "epsilon": 0.1189473596159852, "gamma": 0.0403886889777091, "lamda": 0.07883332187252105}, "datetime": {"datetime": "2021-09-23 15:30:27", "elapsed": 136.614169, "delta": 0.985001}}
{"target": -2.053000704486274, "params": {"C": 718.937296595105, "epsilon": 0.31569744326549454, "gamma": 0.038664046878279304, "lamda": 0.18804970174086955}, "datetime": {"datetime": "2021-09-23 15:30:28", "elapsed": 137.435687, "delta": 0.821518}}
{"target": -2.002369173689584, "params": {"C": 784.4595539234339, "epsilon": 0.26201583748843993, "gamma": 0.047016628812150095, "lamda": 0.11800695877147803}, "datetime": {"datetime": "2021-09-23 15:30:28", "elapsed": 138.266685, "delta": 0.830998}}
{"target": -1.9737076432185514, "params": {"C": 725.6017497323135, "epsilon": 0.14027837634604845, "gamma": 0.032335728114387764, "lamda": 0.12271309745131148}, "datetime": {"datetime": "2021-09-23 15:30:29", "elapsed": 139.194685, "delta": 0.928}}
{"target": -1.9857948063024045, "params": {"C": 828.0136759192148, "epsilon": 0.17609342504281664, "gamma": 0.03291554036932664, "lamda": 0.016300405612227082}, "datetime": {"datetime": "2021-09-23 15:30:30", "elapsed": 140.273693, "delta": 1.079008}}
{"target": -1.9258140155137944, "params": {"C": 745.8677708417745, "epsilon": 0.07649688667825821, "gamma": 0.03333654880399071, "lamda": 0.10773931949750541}, "datetime": {"datetime": "2021-09-23 15:30:31", "elapsed": 141.253683, "delta": 0.97999}}
{"target": -2.085786490130571, "params": {"C": 828.0253773669233, "epsilon": 0.10169888428708251, "gamma": 0.04853649359505702, "lamda": 0.019834107269531193}, "datetime": {"datetime": "2021-09-23 15:30:32", "elapsed": 142.268694, "delta": 1.015011}}
{"target": -1.9525117365803908, "params": {"C": 828.0833989990876, "epsilon": 0.21356211751679058, "gamma": 0.04334570518124988, "lamda": 0.030754689275388294}, "datetime": {"datetime": "2021-09-23 15:30:34", "elapsed": 143.400687, "delta": 1.131993}}
{"target": -1.9628382923697956, "params": {"C": 778.5376582165893, "epsilon": 0.13288687204265204, "gamma": 0.04539453720011352, "lamda": 0.047075687910432686}, "datetime": {"datetime": "2021-09-23 15:30:35", "elapsed": 144.715687, "delta": 1.315}}
{"target": -2.0103337837254975, "params": {"C": 835.8213468341755, "epsilon": 0.19447321160126815, "gamma": 0.04357375535004762, "lamda": 0.17797185578088498}, "datetime": {"datetime": "2021-09-23 15:30:36", "elapsed": 145.632686, "delta": 0.916999}}
{"target": -2.0348860798278268, "params": {"C": 830.0199104874373, "epsilon": 0.36600797241688854, "gamma": 0.03425687613010572, "lamda": 0.1141476945826166}, "datetime": {"datetime": "2021-09-23 15:30:37", "elapsed": 146.569689, "delta": 0.937003}}
{"target": -2.0434811164566384, "params": {"C": 821.7202759133108, "epsilon": 0.2975818454103778, "gamma": 0.04389527840966124, "lamda": 0.1940274018073676}, "datetime": {"datetime": "2021-09-23 15:30:38", "elapsed": 147.627446, "delta": 1.057757}}
{"target": -2.1357911695623812, "params": {"C": 869.4553589918041, "epsilon": 0.687772811959239, "gamma": 0.03505969862820443, "lamda": 0.16014632156799347}, "datetime": {"datetime": "2021-09-23 15:30:39", "elapsed": 148.927019, "delta": 1.299573}}
{"target": -1.9344021436824719, "params": {"C": 704.3697614445882, "epsilon": 0.14062643123369606, "gamma": 0.04074796323641583, "lamda": 0.06839498218870299}, "datetime": {"datetime": "2021-09-23 15:30:40", "elapsed": 150.25202, "delta": 1.325001}}
{"target": -1.9706776312457261, "params": {"C": 780.9125859733995, "epsilon": 0.07764247952225996, "gamma": 0.04282729027757357, "lamda": 0.1636393916605996}, "datetime": {"datetime": "2021-09-23 15:30:42", "elapsed": 151.742023, "delta": 1.490003}}
{"target": -1.9929394621545957, "params": {"C": 728.1857140173857, "epsilon": 0.4735870858434421, "gamma": 0.04834913627275206, "lamda": 0.03691301404074177}, "datetime": {"datetime": "2021-09-23 15:30:43", "elapsed": 152.648017, "delta": 0.905994}}
{"target": -2.004639580993058, "params": {"C": 879.727724897195, "epsilon": 0.49722040935306255, "gamma": 0.03353739207030659, "lamda": 0.05789158490883554}, "datetime": {"datetime": "2021-09-23 15:30:44", "elapsed": 153.511023, "delta": 0.863006}}
{"target": -1.9420271422132749, "params": {"C": 720.6428573526448, "epsilon": 0.12042157632340313, "gamma": 0.04278183746528689, "lamda": 0.08339261118403282}, "datetime": {"datetime": "2021-09-23 15:30:45", "elapsed": 154.448015, "delta": 0.936992}}
{"target": -1.9452773215746317, "params": {"C": 704.3077751195998, "epsilon": 0.06585896006588204, "gamma": 0.04386676188088337, "lamda": 0.11803077016073915}, "datetime": {"datetime": "2021-09-23 15:30:46", "elapsed": 155.468024, "delta": 1.020009}}
{"target": -1.9281759659156683, "params": {"C": 781.0243181857262, "epsilon": 0.05557832938663132, "gamma": 0.039116738055233066, "lamda": 0.12920264065875034}, "datetime": {"datetime": "2021-09-23 15:30:47", "elapsed": 156.513017, "delta": 1.044993}}
{"target": -1.915293265957213, "params": {"C": 745.9284969412365, "epsilon": 0.07236645868036423, "gamma": 0.03305143869705693, "lamda": 0.09354023965386861}, "datetime": {"datetime": "2021-09-23 15:30:48", "elapsed": 157.752024, "delta": 1.239007}}
{"target": -1.9562040389021664, "params": {"C": 849.5777926460448, "epsilon": 0.0980185842525039, "gamma": 0.04455061479276255, "lamda": 0.07701658340190645}, "datetime": {"datetime": "2021-09-23 15:30:49", "elapsed": 158.712018, "delta": 0.959994}}
{"target": -2.0061654300926115, "params": {"C": 754.7675237312263, "epsilon": 0.6248991373259282, "gamma": 0.04250475782952401, "lamda": 0.055600778309236674}, "datetime": {"datetime": "2021-09-23 15:30:50", "elapsed": 159.853023, "delta": 1.141005}}
{"target": -2.1392518129555387, "params": {"C": 745.6918521369846, "epsilon": 0.6172678646452165, "gamma": 0.03846319681269529, "lamda": 0.1952331574328539}, "datetime": {"datetime": "2021-09-23 15:30:51", "elapsed": 160.774023, "delta": 0.921}}
{"target": -1.9401109871310196, "params": {"C": 757.1290438510806, "epsilon": 0.4719329539130984, "gamma": 0.04112936394204798, "lamda": 0.017009707451188537}, "datetime": {"datetime": "2021-09-23 15:30:52", "elapsed": 162.076537, "delta": 1.302514}}
{"target": -1.973380955905269, "params": {"C": 745.8849346279187, "epsilon": 0.09086096282789934, "gamma": 0.04881008343124147, "lamda": 0.07827277828739129}, "datetime": {"datetime": "2021-09-23 15:30:54", "elapsed": 163.458145, "delta": 1.381608}}
{"target": -1.951199284850554, "params": {"C": 778.482017986698, "epsilon": 0.06294907585780628, "gamma": 0.036905969483181096, "lamda": 0.05951572230442808}, "datetime": {"datetime": "2021-09-23 15:30:55", "elapsed": 164.793958, "delta": 1.335813}}
{"target": -1.9425433606768485, "params": {"C": 757.2199189325324, "epsilon": 0.36252223455304966, "gamma": 0.042176068865711104, "lamda": 0.021342088891283386}, "datetime": {"datetime": "2021-09-23 15:30:56", "elapsed": 165.948222, "delta": 1.154264}}
{"target": -2.0946669883150735, "params": {"C": 790.4634384570742, "epsilon": 0.7083602840299935, "gamma": 0.04908698484751661, "lamda": 0.13806003916214804}, "datetime": {"datetime": "2021-09-23 15:30:57", "elapsed": 166.895604, "delta": 0.947382}}
{"target": -1.9247299523131716, "params": {"C": 781.0265689104358, "epsilon": 0.06351894989183114, "gamma": 0.03665655512722103, "lamda": 0.0923158621915686}, "datetime": {"datetime": "2021-09-23 15:30:58", "elapsed": 168.214647, "delta": 1.319043}}
{"target": -2.0058527656013827, "params": {"C": 884.7197914378414, "epsilon": 0.2866795681990044, "gamma": 0.03764784601263791, "lamda": 0.1121573155285928}, "datetime": {"datetime": "2021-09-23 15:31:00", "elapsed": 169.429132, "delta": 1.214485}}
{"target": -1.9467506895819469, "params": {"C": 823.297097078371, "epsilon": 0.7252166208215658, "gamma": 0.035473165356230664, "lamda": 0.015854108484934015}, "datetime": {"datetime": "2021-09-23 15:31:01", "elapsed": 170.69613, "delta": 1.266998}}
{"target": -2.064810206842473, "params": {"C": 824.3567159201257, "epsilon": 0.6237346036433867, "gamma": 0.03767043154862206, "lamda": 0.10950248603286213}, "datetime": {"datetime": "2021-09-23 15:31:02", "elapsed": 172.047055, "delta": 1.350925}}
{"target": -1.9230170207571509, "params": {"C": 704.4071433142683, "epsilon": 0.058526724827123705, "gamma": 0.03274493890001498, "lamda": 0.12953430291511717}, "datetime": {"datetime": "2021-09-23 15:31:04", "elapsed": 173.754917, "delta": 1.707862}}
{"target": -1.9228100283816527, "params": {"C": 764.674266310516, "epsilon": 0.13005247914191204, "gamma": 0.03607983232222942, "lamda": 0.0625218822158085}, "datetime": {"datetime": "2021-09-23 15:31:06", "elapsed": 175.412709, "delta": 1.657792}}
{"target": -1.969949257702488, "params": {"C": 704.2587201717121, "epsilon": 0.05858345804568812, "gamma": 0.04924107230326302, "lamda": 0.1501550429761282}, "datetime": {"datetime": "2021-09-23 15:31:07", "elapsed": 177.187671, "delta": 1.774962}}
{"target": -1.981744461130974, "params": {"C": 704.3288385156195, "epsilon": 0.27894953373651565, "gamma": 0.03765446256182245, "lamda": 0.07107610161658923}, "datetime": {"datetime": "2021-09-23 15:31:09", "elapsed": 179.109688, "delta": 1.922017}}
{"target": -1.9607471588968381, "params": {"C": 832.801786459106, "epsilon": 0.088146108912045, "gamma": 0.04579319424180119, "lamda": 0.10811303606181541}, "datetime": {"datetime": "2021-09-23 15:31:11", "elapsed": 181.058198, "delta": 1.94851}}
{"target": -1.9747491518131552, "params": {"C": 764.6872422484018, "epsilon": 0.10646190877853919, "gamma": 0.037946161738480026, "lamda": 0.03150970356523694}, "datetime": {"datetime": "2021-09-23 15:31:13", "elapsed": 183.020335, "delta": 1.962137}}
{"target": -1.996659195543359, "params": {"C": 745.9484301594109, "epsilon": 0.11222719974887803, "gamma": 0.04985154157754779, "lamda": 0.12454525556306961}, "datetime": {"datetime": "2021-09-23 15:31:15", "elapsed": 184.418674, "delta": 1.398339}}
{"target": -1.955871632554214, "params": {"C": 708.1799601228748, "epsilon": 0.2637419643392079, "gamma": 0.03498304721075282, "lamda": 0.0591653938668976}, "datetime": {"datetime": "2021-09-23 15:31:17", "elapsed": 186.439002, "delta": 2.020328}}
{"target": -2.0752652386142585, "params": {"C": 778.326196593739, "epsilon": 0.6959752940881854, "gamma": 0.039970256469401624, "lamda": 0.11621057419337737}, "datetime": {"datetime": "2021-09-23 15:31:18", "elapsed": 187.751877, "delta": 1.312875}}
{"target": -2.044739175026501, "params": {"C": 866.1977007484911, "epsilon": 0.3635036085619038, "gamma": 0.049751295743762275, "lamda": 0.17274720791331194}, "datetime": {"datetime": "2021-09-23 15:31:19", "elapsed": 189.12188, "delta": 1.370003}}
{"target": -1.9248092055329287, "params": {"C": 704.5144868042645, "epsilon": 0.15314615512648655, "gamma": 0.03606463091630429, "lamda": 0.060091011244357326}, "datetime": {"datetime": "2021-09-23 15:31:21", "elapsed": 190.615521, "delta": 1.493641}}
{"target": -2.0954854098728384, "params": {"C": 839.494196185017, "epsilon": 0.6555045024318795, "gamma": 0.04359297612195317, "lamda": 0.14949660286506983}, "datetime": {"datetime": "2021-09-23 15:31:22", "elapsed": 191.952149, "delta": 1.336628}}
{"target": -1.9239896107568866, "params": {"C": 757.2569844244234, "epsilon": 0.3141881332282017, "gamma": 0.034669999627400784, "lamda": 0.016766928473776872}, "datetime": {"datetime": "2021-09-23 15:31:24", "elapsed": 194.060176, "delta": 2.108027}}
{"target": -1.948679638628959, "params": {"C": 764.6674359704892, "epsilon": 0.09758255865601999, "gamma": 0.044229544073397915, "lamda": 0.09055094466005016}, "datetime": {"datetime": "2021-09-23 15:31:26", "elapsed": 195.696536, "delta": 1.63636}}
{"target": -1.9862558892038091, "params": {"C": 764.641525217359, "epsilon": 0.14197849522581812, "gamma": 0.04478963901295789, "lamda": 0.10727191459930176}, "datetime": {"datetime": "2021-09-23 15:31:27", "elapsed": 197.259739, "delta": 1.563203}}
{"target": -1.9953795199999804, "params": {"C": 711.1465307984884, "epsilon": 0.42281246865767597, "gamma": 0.046941305710222044, "lamda": 0.0629706351229499}, "datetime": {"datetime": "2021-09-23 15:31:29", "elapsed": 198.71629, "delta": 1.456551}}
{"target": -2.043827416243989, "params": {"C": 708.1641054600609, "epsilon": 0.22217649558488795, "gamma": 0.05, "lamda": 0.015}, "datetime": {"datetime": "2021-09-23 15:31:31", "elapsed": 200.367346, "delta": 1.651056}}
{"target": -2.003561799751494, "params": {"C": 720.6056890321621, "epsilon": 0.08384240508345983, "gamma": 0.03947099682270697, "lamda": 0.03282270764909689}, "datetime": {"datetime": "2021-09-23 15:31:32", "elapsed": 201.837782, "delta": 1.470436}}
{"target": -1.953979822226968, "params": {"C": 828.05091172228, "epsilon": 0.21739450450351153, "gamma": 0.03143030208613648, "lamda": 0.05947793152642053}, "datetime": {"datetime": "2021-09-23 15:31:34", "elapsed": 203.77256, "delta": 1.934778}}
{"target": -1.996489984407434, "params": {"C": 815.6932996608195, "epsilon": 0.1922210749415158, "gamma": 0.048734201722966275, "lamda": 0.10433951059389404}, "datetime": {"datetime": "2021-09-23 15:31:35", "elapsed": 204.924558, "delta": 1.151998}}
{"target": -1.970461924802447, "params": {"C": 708.1803597615801, "epsilon": 0.25221542898340443, "gamma": 0.04085249888659322, "lamda": 0.06515182528079187}, "datetime": {"datetime": "2021-09-23 15:31:36", "elapsed": 206.212948, "delta": 1.28839}}
{"target": -1.9915521511673984, "params": {"C": 800.9335242886235, "epsilon": 0.17279629759904258, "gamma": 0.030897972269733773, "lamda": 0.11926333897573467}, "datetime": {"datetime": "2021-09-23 15:31:38", "elapsed": 207.691438, "delta": 1.47849}}
{"target": -1.9657166709096932, "params": {"C": 778.4600085266645, "epsilon": 0.13261099154654077, "gamma": 0.041512329324090366, "lamda": 0.10136907334050703}, "datetime": {"datetime": "2021-09-23 15:31:40", "elapsed": 209.50127, "delta": 1.809832}}
{"target": -2.0062536386668137, "params": {"C": 884.048090105439, "epsilon": 0.46145038573483854, "gamma": 0.03657753101226105, "lamda": 0.07004402377948543}, "datetime": {"datetime": "2021-09-23 15:31:41", "elapsed": 210.677521, "delta": 1.176251}}
{"target": -1.920338621879147, "params": {"C": 704.5604178648816, "epsilon": 0.16375454968946224, "gamma": 0.03457433865665353, "lamda": 0.05260765820398923}, "datetime": {"datetime": "2021-09-23 15:31:42", "elapsed": 212.049305, "delta": 1.371784}}
{"target": -1.9749652461084826, "params": {"C": 757.2534532724372, "epsilon": 0.5217838586022736, "gamma": 0.032881395451777665, "lamda": 0.03445708955275659}, "datetime": {"datetime": "2021-09-23 15:31:44", "elapsed": 213.7616, "delta": 1.712295}}
{"target": -1.9518276328472328, "params": {"C": 781.040900288963, "epsilon": 0.1078994599790172, "gamma": 0.037791358469006046, "lamda": 0.11520008138264216}, "datetime": {"datetime": "2021-09-23 15:31:47", "elapsed": 216.840212, "delta": 3.078612}}
{"target": -1.9440829368271537, "params": {"C": 781.0769745203944, "epsilon": 0.07131719067946597, "gamma": 0.03294318157592936, "lamda": 0.051801206210841964}, "datetime": {"datetime": "2021-09-23 15:31:50", "elapsed": 219.819419, "delta": 2.979207}}
{"target": -2.094306554305093, "params": {"C": 787.9690095302367, "epsilon": 0.7904961194606811, "gamma": 0.03706997156854854, "lamda": 0.1106536444752257}, "datetime": {"datetime": "2021-09-23 15:31:52", "elapsed": 222.283561, "delta": 2.464142}}
{"target": -1.9250326023558766, "params": {"C": 745.7537524150746, "epsilon": 0.08964297526881457, "gamma": 0.038271004085012904, "lamda": 0.0891378729530022}, "datetime": {"datetime": "2021-09-23 15:31:55", "elapsed": 225.141516, "delta": 2.857955}}
{"target": -1.97286843604998, "params": {"C": 745.7602625378757, "epsilon": 0.12134162838911872, "gamma": 0.03548179216577672, "lamda": 0.1352509742452649}, "datetime": {"datetime": "2021-09-23 15:31:59", "elapsed": 228.515919, "delta": 3.374403}}
{"target": -1.9784763571700823, "params": {"C": 745.7207473608498, "epsilon": 0.06449557045073981, "gamma": 0.044890790550029785, "lamda": 0.0731962171222562}, "datetime": {"datetime": "2021-09-23 15:32:01", "elapsed": 230.814256, "delta": 2.298337}}
{"target": -1.9515380999577483, "params": {"C": 764.7033049274394, "epsilon": 0.17208635460817118, "gamma": 0.04466267258928899, "lamda": 0.049373850458704106}, "datetime": {"datetime": "2021-09-23 15:32:04", "elapsed": 233.439002, "delta": 2.624746}}
{"target": -2.012050134204073, "params": {"C": 704.5504425156539, "epsilon": 0.14768702122227384, "gamma": 0.04156772298809849, "lamda": 0.018621202515016803}, "datetime": {"datetime": "2021-09-23 15:32:06", "elapsed": 235.992082, "delta": 2.55308}}
{"target": -1.931175650419168, "params": {"C": 877.100348481785, "epsilon": 0.29921698211238423, "gamma": 0.033254571495794534, "lamda": 0.030612700344689707}, "datetime": {"datetime": "2021-09-23 15:32:08", "elapsed": 238.057135, "delta": 2.065053}}
{"target": -1.9632326498921338, "params": {"C": 704.5179416491133, "epsilon": 0.23645086899945592, "gamma": 0.03253492315247686, "lamda": 0.06990633280589707}, "datetime": {"datetime": "2021-09-23 15:32:11", "elapsed": 240.423785, "delta": 2.36665}}
{"target": -1.961482771281876, "params": {"C": 817.6695793124362, "epsilon": 0.5068223014534576, "gamma": 0.044700061424359096, "lamda": 0.01868590653557968}, "datetime": {"datetime": "2021-09-23 15:32:13", "elapsed": 242.812785, "delta": 2.389}}
{"target": -2.1410013601506406, "params": {"C": 727.4884797494516, "epsilon": 0.725901996094711, "gamma": 0.032167166447712, "lamda": 0.14448274174250852}, "datetime": {"datetime": "2021-09-23 15:32:16", "elapsed": 245.437998, "delta": 2.625213}}
{"target": -1.9183535794432909, "params": {"C": 704.4593610449479, "epsilon": 0.03799887845690465, "gamma": 0.030858513196295456, "lamda": 0.14764197408977897}, "datetime": {"datetime": "2021-09-23 15:32:18", "elapsed": 248.103113, "delta": 2.665115}}
{"target": -1.938315547854176, "params": {"C": 704.5608399608225, "epsilon": 0.10241306119057347, "gamma": 0.03613883289892971, "lamda": 0.1096112897929386}, "datetime": {"datetime": "2021-09-23 15:32:21", "elapsed": 250.671615, "delta": 2.568502}}
{"target": -1.9262424429042233, "params": {"C": 704.6000231841742, "epsilon": 0.1277634514101835, "gamma": 0.03205141540782347, "lamda": 0.07294331129811035}, "datetime": {"datetime": "2021-09-23 15:32:23", "elapsed": 253.241016, "delta": 2.569401}}
{"target": -1.948906307304923, "params": {"C": 877.0373425700363, "epsilon": 0.3122632120216162, "gamma": 0.04221597353488004, "lamda": 0.02100755227637463}, "datetime": {"datetime": "2021-09-23 15:32:26", "elapsed": 255.680742, "delta": 2.439726}}
{"target": -1.9802784661888937, "params": {"C": 875.1939209944671, "epsilon": 0.6964829690111387, "gamma": 0.03205849955257493, "lamda": 0.02445256301448808}, "datetime": {"datetime": "2021-09-23 15:32:28", "elapsed": 257.509225, "delta": 1.828483}}
{"target": -1.9359965972705142, "params": {"C": 772.2209950504281, "epsilon": 0.040265952226791545, "gamma": 0.040238350963227656, "lamda": 0.16279706677277272}, "datetime": {"datetime": "2021-09-23 15:32:30", "elapsed": 259.997125, "delta": 2.4879}}
{"target": -1.9438029006975215, "params": {"C": 757.2654139854527, "epsilon": 0.31041995077090134, "gamma": 0.041381056005155126, "lamda": 0.020345783810637952}, "datetime": {"datetime": "2021-09-23 15:32:32", "elapsed": 262.070571, "delta": 2.073446}}
{"target": -1.9154935111888498, "params": {"C": 781.0765851014079, "epsilon": 0.1336806050197839, "gamma": 0.031770773667674265, "lamda": 0.051199474309633355}, "datetime": {"datetime": "2021-09-23 15:32:36", "elapsed": 265.457765, "delta": 3.387194}}
{"target": -1.9524080299979234, "params": {"C": 704.5410014042938, "epsilon": 0.1383844814693107, "gamma": 0.033855858283446776, "lamda": 0.10224022214297375}, "datetime": {"datetime": "2021-09-23 15:32:38", "elapsed": 267.986058, "delta": 2.528293}}
{"target": -1.9336362514764924, "params": {"C": 764.7008239780046, "epsilon": 0.11854049333852745, "gamma": 0.03105031657488654, "lamda": 0.08436043436986404}, "datetime": {"datetime": "2021-09-23 15:32:40", "elapsed": 270.361219, "delta": 2.375161}}
{"target": -1.9485682570852298, "params": {"C": 781.1137476495126, "epsilon": 0.10177614804252048, "gamma": 0.038667916518881865, "lamda": 0.04137431440819792}, "datetime": {"datetime": "2021-09-23 15:32:42", "elapsed": 272.006517, "delta": 1.645298}}
{"target": -1.9730772896455613, "params": {"C": 772.261192656125, "epsilon": 0.050582393330874165, "gamma": 0.04876428788588111, "lamda": 0.1600796484965611}, "datetime": {"datetime": "2021-09-23 15:32:44", "elapsed": 273.632198, "delta": 1.625681}}
{"target": -1.9886771414697961, "params": {"C": 877.0271891214023, "epsilon": 0.25971836853077557, "gamma": 0.03032131057646081, "lamda": 0.07757549030223018}, "datetime": {"datetime": "2021-09-23 15:32:46", "elapsed": 275.741695, "delta": 2.109497}}
{"target": -1.9999242674195454, "params": {"C": 877.1121299901412, "epsilon": 0.3290250827167913, "gamma": 0.030197585973891945, "lamda": 0.07053956822144011}, "datetime": {"datetime": "2021-09-23 15:32:48", "elapsed": 277.412889, "delta": 1.671194}}
{"target": -2.0398265854230813, "params": {"C": 805.8658496437452, "epsilon": 0.38014098613144354, "gamma": 0.0468911629656355, "lamda": 0.15583039879260702}, "datetime": {"datetime": "2021-09-23 15:32:49", "elapsed": 278.66043, "delta": 1.247541}}
