{"target": 0.9171937963456768, "params": {"C": 738.9068182083608, "epsilon": 0.17624089512592306, "gamma": 0.07286111626151977, "lamda": 0.15304512378734317}, "datetime": {"datetime": "2021-09-23 11:04:37", "elapsed": 63.044154, "delta": 0.657588}}
{"target": 0.9144108807079567, "params": {"C": 692.1176889186679, "epsilon": 0.2475558370268052, "gamma": 0.08654758708449067, "lamda": 0.06662604131517516}, "datetime": {"datetime": "2021-09-23 11:04:38", "elapsed": 63.838152, "delta": 0.793998}}
{"target": 0.9156509296103792, "params": {"C": 769.4237781233384, "epsilon": 0.13742446476032155, "gamma": 0.07843043412971198, "lamda": 0.09715968539358139}, "datetime": {"datetime": "2021-09-23 11:04:39", "elapsed": 64.491997, "delta": 0.653845}}
{"target": 0.918142659107783, "params": {"C": 631.017887544633, "epsilon": 0.15624521954062542, "gamma": 0.06220775792111699, "lamda": 0.10117976161249373}, "datetime": {"datetime": "2021-09-23 11:04:40", "elapsed": 65.189303, "delta": 0.697306}}
{"target": 0.917246272457249, "params": {"C": 748.1767493867609, "epsilon": 0.19480046075563498, "gamma": 0.06023985200441738, "lamda": 0.12395358007471369}, "datetime": {"datetime": "2021-09-23 11:04:40", "elapsed": 65.927302, "delta": 0.737999}}
{"target": 0.9150547227645858, "params": {"C": 748.1251175701287, "epsilon": 0.1737466213882137, "gamma": 0.08618544026254392, "lamda": 0.10631138304065876}, "datetime": {"datetime": "2021-09-23 11:04:41", "elapsed": 66.668208, "delta": 0.740906}}
{"target": 0.9170175144227213, "params": {"C": 630.9829396234552, "epsilon": 0.18824376909208512, "gamma": 0.06834991268686064, "lamda": 0.06131411811712045}, "datetime": {"datetime": "2021-09-23 11:04:42", "elapsed": 67.41489, "delta": 0.746682}}
{"target": 0.9179046152377539, "params": {"C": 748.1012284814033, "epsilon": 0.2563409035888111, "gamma": 0.06518114159904394, "lamda": 0.08841823925193228}, "datetime": {"datetime": "2021-09-23 11:04:42", "elapsed": 68.160914, "delta": 0.746024}}
{"target": 0.9157643982960636, "params": {"C": 658.1272895020097, "epsilon": 0.32491945064163086, "gamma": 0.08471653777172833, "lamda": 0.0735819588423777}, "datetime": {"datetime": "2021-09-23 11:04:43", "elapsed": 68.798365, "delta": 0.637451}}
{"target": 0.9167558705403553, "params": {"C": 749.3260858118538, "epsilon": 0.2029094251265451, "gamma": 0.06756029523640918, "lamda": 0.1458620952659114}, "datetime": {"datetime": "2021-09-23 11:04:44", "elapsed": 69.490381, "delta": 0.692016}}
{"target": 0.916893442353679, "params": {"C": 728.9749914796722, "epsilon": 0.12323399123678497, "gamma": 0.0746009671001601, "lamda": 0.11436696412544596}, "datetime": {"datetime": "2021-09-23 11:04:44", "elapsed": 70.182665, "delta": 0.692284}}
{"target": 0.9148249685004414, "params": {"C": 631.0273872330698, "epsilon": 0.12031340412230573, "gamma": 0.07170317947527408, "lamda": 0.07014877047512648}, "datetime": {"datetime": "2021-09-23 11:04:45", "elapsed": 70.848426, "delta": 0.665761}}
{"target": 0.917522641480114, "params": {"C": 748.1257424400881, "epsilon": 0.2700430694757202, "gamma": 0.07265876379660752, "lamda": 0.05938304342543187}, "datetime": {"datetime": "2021-09-23 11:04:46", "elapsed": 71.748427, "delta": 0.900001}}
{"target": 0.9167746483251642, "params": {"C": 644.4379764807485, "epsilon": 0.2916472924040877, "gamma": 0.0758867600938057, "lamda": 0.05215315139447145}, "datetime": {"datetime": "2021-09-23 11:04:47", "elapsed": 72.801039, "delta": 1.052612}}
{"target": 0.916532400075755, "params": {"C": 681.0315951490924, "epsilon": 0.3391132370436084, "gamma": 0.08002226271595075, "lamda": 0.057738568989269115}, "datetime": {"datetime": "2021-09-23 11:04:48", "elapsed": 73.813038, "delta": 1.011999}}
{"target": 0.916675259911476, "params": {"C": 750.381876704595, "epsilon": 0.08044459083261402, "gamma": 0.07461711453427006, "lamda": 0.1647817875187112}, "datetime": {"datetime": "2021-09-23 11:04:49", "elapsed": 75.068428, "delta": 1.25539}}
{"target": 0.9126838934681516, "params": {"C": 689.8791157479703, "epsilon": 0.3212908810507836, "gamma": 0.06223943947603919, "lamda": 0.14779992931376235}, "datetime": {"datetime": "2021-09-23 11:04:50", "elapsed": 75.753423, "delta": 0.684995}}
{"target": 0.9149698816322449, "params": {"C": 748.17297709692, "epsilon": 0.2143039062584439, "gamma": 0.07614827055468924, "lamda": 0.05032974897022184}, "datetime": {"datetime": "2021-09-23 11:04:51", "elapsed": 76.583344, "delta": 0.829921}}
{"target": 0.9182851118219519, "params": {"C": 644.962813834843, "epsilon": 0.1583213478947138, "gamma": 0.06224140981964679, "lamda": 0.12287049468142114}, "datetime": {"datetime": "2021-09-23 11:04:52", "elapsed": 77.384783, "delta": 0.801439}}
{"target": 0.9183007623894388, "params": {"C": 630.9752657112507, "epsilon": 0.1758709315987806, "gamma": 0.06780968767680663, "lamda": 0.10696273673011668}, "datetime": {"datetime": "2021-09-23 11:04:52", "elapsed": 78.067778, "delta": 0.682995}}
{"target": 0.916964995679322, "params": {"C": 631.0112514804133, "epsilon": 0.18976539343718812, "gamma": 0.07559045743027656, "lamda": 0.14322154800558679}, "datetime": {"datetime": "2021-09-23 11:04:53", "elapsed": 78.846061, "delta": 0.778283}}
{"target": 0.9132134051504013, "params": {"C": 630.939882951699, "epsilon": 0.14051994552427216, "gamma": 0.08953551859886297, "lamda": 0.10808288252279442}, "datetime": {"datetime": "2021-09-23 11:04:54", "elapsed": 79.661061, "delta": 0.815}}
{"target": 0.9170770632991069, "params": {"C": 691.8130038015131, "epsilon": 0.13424208869778595, "gamma": 0.07685753884640388, "lamda": 0.12528432155723557}, "datetime": {"datetime": "2021-09-23 11:04:55", "elapsed": 80.376355, "delta": 0.715294}}
{"target": 0.9178621951749544, "params": {"C": 591.641139313571, "epsilon": 0.22952711960816358, "gamma": 0.07194044604676814, "lamda": 0.09243589756524875}, "datetime": {"datetime": "2021-09-23 11:04:56", "elapsed": 81.19447, "delta": 0.818115}}
{"target": 0.9121875545100809, "params": {"C": 757.2449644259635, "epsilon": 0.33879594730023377, "gamma": 0.08824750416533125, "lamda": 0.1519371998788339}, "datetime": {"datetime": "2021-09-23 11:04:56", "elapsed": 81.914467, "delta": 0.719997}}
{"target": 0.9163920780304926, "params": {"C": 644.9523455859618, "epsilon": 0.1820237675145572, "gamma": 0.08209526980086455, "lamda": 0.11901890599884538}, "datetime": {"datetime": "2021-09-23 11:04:57", "elapsed": 82.791272, "delta": 0.876805}}
{"target": 0.9178891616694453, "params": {"C": 758.9963453693811, "epsilon": 0.13110635180720298, "gamma": 0.07087060485911369, "lamda": 0.16873920077063093}, "datetime": {"datetime": "2021-09-23 11:04:58", "elapsed": 83.478911, "delta": 0.687639}}
{"target": 0.917930785154338, "params": {"C": 748.183826978373, "epsilon": 0.18182143649978114, "gamma": 0.06852971428796636, "lamda": 0.1258043416026659}, "datetime": {"datetime": "2021-09-23 11:04:59", "elapsed": 84.259908, "delta": 0.780997}}
{"target": 0.9177793688161003, "params": {"C": 643.8598235670137, "epsilon": 0.2988450336538654, "gamma": 0.06467658372497163, "lamda": 0.045592022590554684}, "datetime": {"datetime": "2021-09-23 11:04:59", "elapsed": 85.058385, "delta": 0.798477}}
{"target": 0.9151977753860874, "params": {"C": 747.3716448227551, "epsilon": 0.16916727218611108, "gamma": 0.08572471085601721, "lamda": 0.10977838410955394}, "datetime": {"datetime": "2021-09-23 11:05:00", "elapsed": 85.893383, "delta": 0.834998}}
{"target": 0.915806950623372, "params": {"C": 638.4566044422554, "epsilon": 0.2519351839899737, "gamma": 0.08442077206096854, "lamda": 0.10482191888948683}, "datetime": {"datetime": "2021-09-23 11:05:01", "elapsed": 86.586243, "delta": 0.69286}}
{"target": 0.9172782326269255, "params": {"C": 713.0024661308325, "epsilon": 0.21272432417171194, "gamma": 0.07687489269687392, "lamda": 0.10302815703607959}, "datetime": {"datetime": "2021-09-23 11:05:02", "elapsed": 87.356454, "delta": 0.770211}}
{"target": 0.9178791607001057, "params": {"C": 631.0022077659263, "epsilon": 0.20363090088542762, "gamma": 0.07169831732289256, "lamda": 0.10549467946605631}, "datetime": {"datetime": "2021-09-23 11:05:02", "elapsed": 88.160458, "delta": 0.804004}}
{"target": 0.9178646834314598, "params": {"C": 591.6500823222062, "epsilon": 0.27001154358544854, "gamma": 0.06293773622047705, "lamda": 0.08185456336338161}, "datetime": {"datetime": "2021-09-23 11:05:03", "elapsed": 88.928459, "delta": 0.768001}}
{"target": 0.9182030595609928, "params": {"C": 644.8655863570918, "epsilon": 0.1606620955908285, "gamma": 0.06121106162252051, "lamda": 0.12170091536765112}, "datetime": {"datetime": "2021-09-23 11:05:04", "elapsed": 89.801424, "delta": 0.872965}}
{"target": 0.9167244070371549, "params": {"C": 729.4349140492611, "epsilon": 0.10268626410621573, "gamma": 0.07653707878752142, "lamda": 0.1444233472189922}, "datetime": {"datetime": "2021-09-23 11:05:05", "elapsed": 90.608266, "delta": 0.806842}}
{"target": 0.9182169617202548, "params": {"C": 722.6799669127662, "epsilon": 0.1706779042429889, "gamma": 0.06921576743794787, "lamda": 0.10405396963886623}, "datetime": {"datetime": "2021-09-23 11:05:06", "elapsed": 91.365501, "delta": 0.757235}}
{"target": 0.9171219034910538, "params": {"C": 644.8831043356683, "epsilon": 0.15909299457831022, "gamma": 0.06378871422381692, "lamda": 0.1667398402743743}, "datetime": {"datetime": "2021-09-23 11:05:07", "elapsed": 92.275184, "delta": 0.909683}}
{"target": 0.9164857895992584, "params": {"C": 591.6916996932265, "epsilon": 0.2311862819122897, "gamma": 0.0806486410931707, "lamda": 0.11199479894951252}, "datetime": {"datetime": "2021-09-23 11:05:07", "elapsed": 93.176794, "delta": 0.90161}}
{"target": 0.9183248462248123, "params": {"C": 644.9821221023963, "epsilon": 0.12020470184285748, "gamma": 0.06852300103817494, "lamda": 0.13698327162348628}, "datetime": {"datetime": "2021-09-23 11:05:09", "elapsed": 94.203794, "delta": 1.027}}
{"target": 0.9181538394710419, "params": {"C": 644.9513016587647, "epsilon": 0.09159720301558558, "gamma": 0.06223401504879354, "lamda": 0.1588036281664737}, "datetime": {"datetime": "2021-09-23 11:05:09", "elapsed": 95.058188, "delta": 0.854394}}
{"target": 0.9154565974978598, "params": {"C": 713.0659169428739, "epsilon": 0.2128311260596639, "gamma": 0.075523685539604, "lamda": 0.05204540324647988}, "datetime": {"datetime": "2021-09-23 11:05:10", "elapsed": 95.814189, "delta": 0.756001}}
{"target": 0.9116236970343148, "params": {"C": 644.883343321634, "epsilon": 0.14088021220967667, "gamma": 0.08904179557883073, "lamda": 0.08333497316414175}, "datetime": {"datetime": "2021-09-23 11:05:11", "elapsed": 97.044578, "delta": 1.230389}}
{"target": 0.9164415172429536, "params": {"C": 799.935057216858, "epsilon": 0.3236769189731661, "gamma": 0.08084793708700755, "lamda": 0.07836113936623675}, "datetime": {"datetime": "2021-09-23 11:05:12", "elapsed": 97.922275, "delta": 0.877697}}
{"target": 0.915542542824615, "params": {"C": 668.646214875625, "epsilon": 0.33182866398113015, "gamma": 0.07837378124831076, "lamda": 0.10655246567493233}, "datetime": {"datetime": "2021-09-23 11:05:13", "elapsed": 98.684318, "delta": 0.762043}}
{"target": 0.9132279946993216, "params": {"C": 661.4207513829638, "epsilon": 0.11174812423367438, "gamma": 0.08211947031598804, "lamda": 0.09137109877983397}, "datetime": {"datetime": "2021-09-23 11:05:14", "elapsed": 99.448555, "delta": 0.764237}}
{"target": 0.9176400758251497, "params": {"C": 644.8463531386836, "epsilon": 0.20081301049955178, "gamma": 0.0703347516278339, "lamda": 0.12298871553867267}, "datetime": {"datetime": "2021-09-23 11:05:15", "elapsed": 100.381718, "delta": 0.933163}}
{"target": 0.9141758946913323, "params": {"C": 728.9223643902822, "epsilon": 0.0928756233641757, "gamma": 0.08494446224996052, "lamda": 0.15036231686604867}, "datetime": {"datetime": "2021-09-23 11:05:16", "elapsed": 101.271623, "delta": 0.889905}}
{"target": 0.9181333695682433, "params": {"C": 645.0108200499035, "epsilon": 0.10170662308863113, "gamma": 0.060432395725885796, "lamda": 0.16897441398148944}, "datetime": {"datetime": "2021-09-23 11:05:17", "elapsed": 102.267245, "delta": 0.995622}}
{"target": 0.9165228065918116, "params": {"C": 684.3995934388724, "epsilon": 0.3061529098754107, "gamma": 0.0729323289351172, "lamda": 0.1019197892483202}, "datetime": {"datetime": "2021-09-23 11:05:17", "elapsed": 103.069387, "delta": 0.802142}}
{"target": 0.9153337513049677, "params": {"C": 648.0080731931318, "epsilon": 0.24783398579879026, "gamma": 0.08079502353295429, "lamda": 0.14069654691220562}, "datetime": {"datetime": "2021-09-23 11:05:18", "elapsed": 103.811424, "delta": 0.742037}}
{"target": 0.9178277537227848, "params": {"C": 644.8775601349226, "epsilon": 0.15216799860063557, "gamma": 0.0651347359529364, "lamda": 0.1540831127634985}, "datetime": {"datetime": "2021-09-23 11:05:19", "elapsed": 104.603095, "delta": 0.791671}}
{"target": 0.9152807286932942, "params": {"C": 624.4931411590901, "epsilon": 0.24351922355424843, "gamma": 0.0825103709146521, "lamda": 0.13919465052919008}, "datetime": {"datetime": "2021-09-23 11:05:20", "elapsed": 105.446405, "delta": 0.84331}}
{"target": 0.9168723464191134, "params": {"C": 591.5974256641445, "epsilon": 0.25800781787327, "gamma": 0.06559983599013051, "lamda": 0.11142622729750408}, "datetime": {"datetime": "2021-09-23 11:05:21", "elapsed": 106.385407, "delta": 0.939002}}
{"target": 0.9183023689353592, "params": {"C": 719.8964698810618, "epsilon": 0.16446047573176786, "gamma": 0.06817233940841919, "lamda": 0.11274288583262529}, "datetime": {"datetime": "2021-09-23 11:05:22", "elapsed": 107.19834, "delta": 0.812933}}
{"target": 0.9134647311781813, "params": {"C": 722.6806039804336, "epsilon": 0.1535792212035011, "gamma": 0.07500367622332262, "lamda": 0.054544530841197134}, "datetime": {"datetime": "2021-09-23 11:05:23", "elapsed": 108.246952, "delta": 1.048612}}
{"target": 0.9160073448172509, "params": {"C": 668.6135981506608, "epsilon": 0.15633083532536157, "gamma": 0.07674714118302764, "lamda": 0.0793127593113608}, "datetime": {"datetime": "2021-09-23 11:05:23", "elapsed": 109.073363, "delta": 0.826411}}
{"target": 0.9150588005489091, "params": {"C": 761.0463293959958, "epsilon": 0.07894391600235252, "gamma": 0.06575058371636815, "lamda": 0.09910879746417282}, "datetime": {"datetime": "2021-09-23 11:05:24", "elapsed": 109.907368, "delta": 0.834005}}
{"target": 0.9174206239926691, "params": {"C": 722.6709177000732, "epsilon": 0.15734263776048085, "gamma": 0.06096189204056832, "lamda": 0.1509916192560789}, "datetime": {"datetime": "2021-09-23 11:05:25", "elapsed": 110.730061, "delta": 0.822693}}
{"target": 0.9169356206282052, "params": {"C": 645.0269914910114, "epsilon": 0.08017916316560685, "gamma": 0.06406345594923903, "lamda": 0.13101277468294154}, "datetime": {"datetime": "2021-09-23 11:05:26", "elapsed": 111.868126, "delta": 1.138065}}
{"target": 0.9180949119336963, "params": {"C": 784.3374982457553, "epsilon": 0.3095309170234911, "gamma": 0.06, "lamda": 0.045}, "datetime": {"datetime": "2021-09-23 11:05:27", "elapsed": 112.848129, "delta": 0.980003}}
{"target": 0.9144922434437859, "params": {"C": 750.3508316157827, "epsilon": 0.21409937673072518, "gamma": 0.06, "lamda": 0.17}, "datetime": {"datetime": "2021-09-23 11:05:28", "elapsed": 114.028275, "delta": 1.180146}}
{"target": 0.917685626526488, "params": {"C": 723.8396794144596, "epsilon": 0.11336361686994238, "gamma": 0.07415035087943453, "lamda": 0.16114582152457801}, "datetime": {"datetime": "2021-09-23 11:05:29", "elapsed": 114.982211, "delta": 0.953936}}
{"target": 0.9176518826650647, "params": {"C": 719.8585271925353, "epsilon": 0.16527200958899183, "gamma": 0.06668196753338147, "lamda": 0.14995910930388726}, "datetime": {"datetime": "2021-09-23 11:05:31", "elapsed": 116.245679, "delta": 1.263468}}
{"target": 0.9158102513761018, "params": {"C": 719.8937777817923, "epsilon": 0.16424698816425998, "gamma": 0.08456246605209745, "lamda": 0.15409420345395136}, "datetime": {"datetime": "2021-09-23 11:05:32", "elapsed": 117.410679, "delta": 1.165}}
{"target": 0.9132002464427835, "params": {"C": 585.7257121128999, "epsilon": 0.10010417583410251, "gamma": 0.08323558740174752, "lamda": 0.10235681815438473}, "datetime": {"datetime": "2021-09-23 11:05:33", "elapsed": 118.615682, "delta": 1.205003}}
{"target": 0.9182260088622616, "params": {"C": 728.9589837694884, "epsilon": 0.12499695042311318, "gamma": 0.06682657141218724, "lamda": 0.11121619100185019}, "datetime": {"datetime": "2021-09-23 11:05:34", "elapsed": 119.891545, "delta": 1.275863}}
{"target": 0.9167997519594038, "params": {"C": 645.0001472379085, "epsilon": 0.1504202148005783, "gamma": 0.07957613041603115, "lamda": 0.15546129145881513}, "datetime": {"datetime": "2021-09-23 11:05:36", "elapsed": 121.461333, "delta": 1.569788}}
{"target": 0.9151837722175273, "params": {"C": 600.7013202901196, "epsilon": 0.3168529398681615, "gamma": 0.08719088798807167, "lamda": 0.08552150119932822}, "datetime": {"datetime": "2021-09-23 11:05:37", "elapsed": 122.730577, "delta": 1.269244}}
{"target": 0.9177168929659226, "params": {"C": 691.1776662901411, "epsilon": 0.28488439516876696, "gamma": 0.06068028171221602, "lamda": 0.07660070326377104}, "datetime": {"datetime": "2021-09-23 11:05:38", "elapsed": 123.826081, "delta": 1.095504}}
{"target": 0.918504382387957, "params": {"C": 748.2081347105152, "epsilon": 0.14112179387965518, "gamma": 0.06100798023166616, "lamda": 0.10901313450627752}, "datetime": {"datetime": "2021-09-23 11:05:39", "elapsed": 125.168838, "delta": 1.342757}}
{"target": 0.9176695949193918, "params": {"C": 748.2355233379783, "epsilon": 0.15420935677730258, "gamma": 0.0710246729278837, "lamda": 0.15627531206908735}, "datetime": {"datetime": "2021-09-23 11:05:41", "elapsed": 126.604841, "delta": 1.436003}}
{"target": 0.9169358805554363, "params": {"C": 753.1807211800788, "epsilon": 0.3073032482446001, "gamma": 0.07676311683315547, "lamda": 0.08538837142447742}, "datetime": {"datetime": "2021-09-23 11:05:42", "elapsed": 127.934356, "delta": 1.329515}}
{"target": 0.9158984985030906, "params": {"C": 716.9095850866788, "epsilon": 0.21628538975535, "gamma": 0.07651741848163203, "lamda": 0.05975835931319917}, "datetime": {"datetime": "2021-09-23 11:05:43", "elapsed": 129.146591, "delta": 1.212235}}
{"target": 0.9124397525687773, "params": {"C": 605.6417782993999, "epsilon": 0.32981618209084923, "gamma": 0.0827975116403257, "lamda": 0.16314804419938372}, "datetime": {"datetime": "2021-09-23 11:05:45", "elapsed": 130.476467, "delta": 1.329876}}
{"target": 0.9173332109268932, "params": {"C": 644.8790345062528, "epsilon": 0.3305149715774019, "gamma": 0.07554501229096693, "lamda": 0.06637866101906623}, "datetime": {"datetime": "2021-09-23 11:05:46", "elapsed": 131.592622, "delta": 1.116155}}
{"target": 0.9165736470695104, "params": {"C": 738.8545426353041, "epsilon": 0.17952032979189003, "gamma": 0.0664286599027251, "lamda": 0.16810377057352288}, "datetime": {"datetime": "2021-09-23 11:05:47", "elapsed": 132.61663, "delta": 1.024008}}
{"target": 0.9171617190302926, "params": {"C": 644.9522378627221, "epsilon": 0.11965732356151765, "gamma": 0.07782628178004031, "lamda": 0.16952169892230354}, "datetime": {"datetime": "2021-09-23 11:05:48", "elapsed": 133.883283, "delta": 1.266653}}
{"target": 0.9172924339179229, "params": {"C": 722.6643433440254, "epsilon": 0.20565263924353763, "gamma": 0.07262234095663045, "lamda": 0.12875099894155703}, "datetime": {"datetime": "2021-09-23 11:05:50", "elapsed": 135.848916, "delta": 1.965633}}
{"target": 0.9129361835725258, "params": {"C": 591.6909462349915, "epsilon": 0.28490410607724637, "gamma": 0.08857941275512046, "lamda": 0.04861231492022347}, "datetime": {"datetime": "2021-09-23 11:05:52", "elapsed": 137.416644, "delta": 1.567728}}
{"target": 0.918275852792777, "params": {"C": 604.5014628783126, "epsilon": 0.19315199054562388, "gamma": 0.06786605807241347, "lamda": 0.0988660906686174}, "datetime": {"datetime": "2021-09-23 11:05:54", "elapsed": 139.2679, "delta": 1.851256}}
{"target": 0.9032253141482628, "params": {"C": 640.5805499698337, "epsilon": 0.0916546645589095, "gamma": 0.08959172232891159, "lamda": 0.05644035393879848}, "datetime": {"datetime": "2021-09-23 11:05:55", "elapsed": 140.504335, "delta": 1.236435}}
{"target": 0.9173917342591625, "params": {"C": 748.2396914881815, "epsilon": 0.2064456840601951, "gamma": 0.06488474875880569, "lamda": 0.1246850174627754}, "datetime": {"datetime": "2021-09-23 11:05:56", "elapsed": 141.953496, "delta": 1.449161}}
{"target": 0.9170901397666019, "params": {"C": 605.3575938397378, "epsilon": 0.17017962296322536, "gamma": 0.07299607031741895, "lamda": 0.16192547414923616}, "datetime": {"datetime": "2021-09-23 11:05:58", "elapsed": 143.79223, "delta": 1.838734}}
{"target": 0.9150352083235831, "params": {"C": 675.7940204676913, "epsilon": 0.15135620275568673, "gamma": 0.08552494321822514, "lamda": 0.11459929646721488}, "datetime": {"datetime": "2021-09-23 11:06:00", "elapsed": 145.543426, "delta": 1.751196}}
{"target": 0.9176552818098314, "params": {"C": 612.5218809622369, "epsilon": 0.10866904105640662, "gamma": 0.06350359217158165, "lamda": 0.11777911989953478}, "datetime": {"datetime": "2021-09-23 11:06:01", "elapsed": 146.953985, "delta": 1.410559}}
{"target": 0.9171990515665441, "params": {"C": 719.8416355174656, "epsilon": 0.14978645731208587, "gamma": 0.07493187848599393, "lamda": 0.10354430223986669}, "datetime": {"datetime": "2021-09-23 11:06:04", "elapsed": 149.235319, "delta": 2.281334}}
{"target": 0.9129358603629188, "params": {"C": 719.9215825071758, "epsilon": 0.1669073992851065, "gamma": 0.08305393878352874, "lamda": 0.06636380241036474}, "datetime": {"datetime": "2021-09-23 11:06:05", "elapsed": 150.805804, "delta": 1.570485}}
