{"target": -1.920988505946653, "params": {"C": 298.6902415579971, "epsilon": 0.7205700480851812, "gamma": 0.03632259075373496, "lamda": 0.020425112043167232}, "datetime": {"datetime": "2021-09-23 14:38:08", "elapsed": 540.319157, "delta": 2.989371}}
{"target": -1.9272361641300289, "params": {"C": 260.2840268866976, "epsilon": 0.3853166291211828, "gamma": 0.04682770854353685, "lamda": 0.04671562263082807}, "datetime": {"datetime": "2021-09-23 14:38:12", "elapsed": 544.366005, "delta": 4.046848}}
{"target": -1.9480675509303758, "params": {"C": 368.1302056676795, "epsilon": 0.04879067285244498, "gamma": 0.03886224723593741, "lamda": 0.08751803787461307}, "datetime": {"datetime": "2021-09-23 14:38:14", "elapsed": 546.498305, "delta": 2.1323}}
{"target": -1.9225476567393696, "params": {"C": 260.3288745231836, "epsilon": 0.3232718988648704, "gamma": 0.03570572334522609, "lamda": 0.04771379765020116}, "datetime": {"datetime": "2021-09-23 14:38:17", "elapsed": 550.10468, "delta": 3.606375}}
{"target": -1.9586919299683523, "params": {"C": 314.4589420480516, "epsilon": 0.4943265999961982, "gamma": 0.04233369181058061, "lamda": 0.05181573741869007}, "datetime": {"datetime": "2021-09-23 14:38:20", "elapsed": 552.882566, "delta": 2.777886}}
{"target": -2.0471238416974185, "params": {"C": 294.35403116233647, "epsilon": 0.5704522042365404, "gamma": 0.03582048408974361, "lamda": 0.0936182804963102}, "datetime": {"datetime": "2021-09-23 14:38:22", "elapsed": 554.769016, "delta": 1.88645}}
{"target": -1.9402911425671552, "params": {"C": 314.81363883965366, "epsilon": 0.37123283433115584, "gamma": 0.04223074038713763, "lamda": 0.01662050866073032}, "datetime": {"datetime": "2021-09-23 14:38:25", "elapsed": 557.509707, "delta": 2.740691}}
{"target": -1.9587347071514813, "params": {"C": 309.80116853127123, "epsilon": 0.13782918982181375, "gamma": 0.05, "lamda": 0.14554935199590052}, "datetime": {"datetime": "2021-09-23 14:38:29", "elapsed": 561.640047, "delta": 4.13034}}
{"target": -2.016240055077525, "params": {"C": 375.71749826262646, "epsilon": 0.6400285173795878, "gamma": 0.0354489806623825, "lamda": 0.05830289917864754}, "datetime": {"datetime": "2021-09-23 14:38:31", "elapsed": 563.975525, "delta": 2.335478}}
{"target": -1.986725658712922, "params": {"C": 314.74317926992853, "epsilon": 0.32058165416868034, "gamma": 0.04997369158752722, "lamda": 0.01908914434774537}, "datetime": {"datetime": "2021-09-23 14:38:35", "elapsed": 567.334041, "delta": 3.358516}}
{"target": -2.068093045906121, "params": {"C": 298.85810582629017, "epsilon": 0.45605020644804994, "gamma": 0.033129043128466984, "lamda": 0.12936137909397138}, "datetime": {"datetime": "2021-09-23 14:38:36", "elapsed": 569.133039, "delta": 1.798998}}
{"target": -1.9668474137026752, "params": {"C": 264.8190659771162, "epsilon": 0.7495202226431569, "gamma": 0.0494369288385359, "lamda": 0.03830716358742066}, "datetime": {"datetime": "2021-09-23 14:38:39", "elapsed": 571.883797, "delta": 2.750758}}
{"target": -1.9333434492567998, "params": {"C": 314.5678960153476, "epsilon": 0.512422325758966, "gamma": 0.031263372144906064, "lamda": 0.02444676554256961}, "datetime": {"datetime": "2021-09-23 14:38:42", "elapsed": 574.810441, "delta": 2.926644}}
{"target": -1.9856653770831596, "params": {"C": 260.5316246356913, "epsilon": 0.03917816686259443, "gamma": 0.05, "lamda": 0.10518933896124281}, "datetime": {"datetime": "2021-09-23 14:38:45", "elapsed": 577.992841, "delta": 3.1824}}
{"target": -2.079417889142255, "params": {"C": 277.6842532555525, "epsilon": 0.7321729870756547, "gamma": 0.04787645164222608, "lamda": 0.1204668007022521}, "datetime": {"datetime": "2021-09-23 14:38:47", "elapsed": 579.934942, "delta": 1.942101}}
{"target": -1.945153728233972, "params": {"C": 345.6846128760917, "epsilon": 0.5547502123597537, "gamma": 0.049490728484939114, "lamda": 0.025984511707229808}, "datetime": {"datetime": "2021-09-23 14:38:51", "elapsed": 584.01432, "delta": 4.079378}}
{"target": -1.9257276187640862, "params": {"C": 368.1850023370451, "epsilon": 0.2984267888356774, "gamma": 0.032428311255909725, "lamda": 0.02621121042662931}, "datetime": {"datetime": "2021-09-23 14:38:55", "elapsed": 587.50625, "delta": 3.49193}}
{"target": -1.9418088607542852, "params": {"C": 298.5363900397058, "epsilon": 0.7438349793685655, "gamma": 0.049560465750832484, "lamda": 0.019483228500106236}, "datetime": {"datetime": "2021-09-23 14:39:00", "elapsed": 592.380913, "delta": 4.874663}}
{"target": -2.0834280499516797, "params": {"C": 364.3242181819443, "epsilon": 0.6887603504560469, "gamma": 0.045700839382681414, "lamda": 0.13166229716483463}, "datetime": {"datetime": "2021-09-23 14:39:02", "elapsed": 595.035174, "delta": 2.654261}}
{"target": -1.9509391005860057, "params": {"C": 279.75212324808933, "epsilon": 0.38792817019706527, "gamma": 0.03, "lamda": 0.015}, "datetime": {"datetime": "2021-09-23 14:39:07", "elapsed": 600.095768, "delta": 5.060594}}
{"target": -2.0183179373669895, "params": {"C": 316.79841255987554, "epsilon": 0.2291188093031379, "gamma": 0.03073593644501283, "lamda": 0.1474106056411153}, "datetime": {"datetime": "2021-09-23 14:39:09", "elapsed": 602.194051, "delta": 2.098283}}
{"target": -1.9209275607304925, "params": {"C": 260.2152066851399, "epsilon": 0.3564864484791347, "gamma": 0.03690791387051925, "lamda": 0.031171233557343362}, "datetime": {"datetime": "2021-09-23 14:39:13", "elapsed": 606.222453, "delta": 4.028402}}
{"target": -1.9464819892134348, "params": {"C": 260.27223264466136, "epsilon": 0.2739926441965928, "gamma": 0.04152225086787161, "lamda": 0.01996913908337182}, "datetime": {"datetime": "2021-09-23 14:39:17", "elapsed": 610.168748, "delta": 3.946295}}
{"target": -2.0773259463330844, "params": {"C": 346.30093904205563, "epsilon": 0.7854783235729659, "gamma": 0.03510091593923368, "lamda": 0.08966859460931281}, "datetime": {"datetime": "2021-09-23 14:39:21", "elapsed": 614.021048, "delta": 3.8523}}
{"target": -2.0236252127686924, "params": {"C": 309.7147603268815, "epsilon": 0.29278758127749144, "gamma": 0.03, "lamda": 0.12009018540026176}, "datetime": {"datetime": "2021-09-23 14:39:24", "elapsed": 617.224532, "delta": 3.203484}}
{"target": -1.9123192276656504, "params": {"C": 275.48157066091875, "epsilon": 0.19889274024805506, "gamma": 0.040364229447813586, "lamda": 0.06757407176955098}, "datetime": {"datetime": "2021-09-23 14:39:29", "elapsed": 621.800421, "delta": 4.575889}}
{"target": -1.9633180126980327, "params": {"C": 275.4696872191795, "epsilon": 0.16029052353995157, "gamma": 0.03, "lamda": 0.13415128379990013}, "datetime": {"datetime": "2021-09-23 14:39:32", "elapsed": 625.180951, "delta": 3.38053}}
{"target": -1.9368655365163143, "params": {"C": 314.692355845081, "epsilon": 0.4963796606542551, "gamma": 0.030289294065898444, "lamda": 0.01801826313028239}, "datetime": {"datetime": "2021-09-23 14:39:37", "elapsed": 629.864093, "delta": 4.683142}}
{"target": -1.9330899893926288, "params": {"C": 268.9386072883719, "epsilon": 0.039254430055705836, "gamma": 0.04109127079360729, "lamda": 0.18539168420970598}, "datetime": {"datetime": "2021-09-23 14:39:39", "elapsed": 631.784085, "delta": 1.919992}}
{"target": -1.9619915329998008, "params": {"C": 263.11792393468795, "epsilon": 0.04776597099247093, "gamma": 0.047974648930864734, "lamda": 0.12420524578293211}, "datetime": {"datetime": "2021-09-23 14:39:43", "elapsed": 635.488326, "delta": 3.704241}}
{"target": -1.9380673926860854, "params": {"C": 298.61678489953414, "epsilon": 0.7801472188270362, "gamma": 0.03990320517831597, "lamda": 0.02549149928655449}, "datetime": {"datetime": "2021-09-23 14:39:45", "elapsed": 637.502767, "delta": 2.014441}}
{"target": -1.933248510049055, "params": {"C": 285.7794793818712, "epsilon": 0.29970290498494934, "gamma": 0.04987533623464714, "lamda": 0.04536271973129584}, "datetime": {"datetime": "2021-09-23 14:39:47", "elapsed": 639.478692, "delta": 1.975925}}
{"target": -2.0160691752217503, "params": {"C": 388.40279826837116, "epsilon": 0.4883283833468234, "gamma": 0.043623150329420046, "lamda": 0.08439050114068646}, "datetime": {"datetime": "2021-09-23 14:39:49", "elapsed": 641.583117, "delta": 2.104425}}
{"target": -1.95154682377851, "params": {"C": 320.5667704486991, "epsilon": 0.19327135937817186, "gamma": 0.042934654917139096, "lamda": 0.11272518973262478}, "datetime": {"datetime": "2021-09-23 14:39:51", "elapsed": 643.508153, "delta": 1.925036}}
{"target": -1.9385898967128607, "params": {"C": 325.5304759467563, "epsilon": 0.15341655575477886, "gamma": 0.03762451540523434, "lamda": 0.03429457184903902}, "datetime": {"datetime": "2021-09-23 14:39:53", "elapsed": 645.768799, "delta": 2.260646}}
{"target": -2.107216908758254, "params": {"C": 392.4034711195601, "epsilon": 0.611505934462766, "gamma": 0.0436496156618567, "lamda": 0.1735820139373162}, "datetime": {"datetime": "2021-09-23 14:39:55", "elapsed": 647.729093, "delta": 1.960294}}
{"target": -1.9696318483629343, "params": {"C": 264.35176678604125, "epsilon": 0.4780092030541412, "gamma": 0.03547644377579489, "lamda": 0.06090674802709369}, "datetime": {"datetime": "2021-09-23 14:39:57", "elapsed": 649.751706, "delta": 2.022613}}
{"target": -1.9628220649944679, "params": {"C": 275.5074976164248, "epsilon": 0.2904571028921483, "gamma": 0.041096064395239114, "lamda": 0.09736405571653584}, "datetime": {"datetime": "2021-09-23 14:40:01", "elapsed": 654.161514, "delta": 4.409808}}
{"target": -1.9748185064438204, "params": {"C": 260.2887169243777, "epsilon": 0.34213858313640466, "gamma": 0.04624148886597683, "lamda": 0.09959074513866106}, "datetime": {"datetime": "2021-09-23 14:40:05", "elapsed": 657.585561, "delta": 3.424047}}
{"target": -2.1559316664566004, "params": {"C": 330.03616588593854, "epsilon": 0.7717858829960211, "gamma": 0.04803859905255822, "lamda": 0.18076019756208228}, "datetime": {"datetime": "2021-09-23 14:40:07", "elapsed": 659.488707, "delta": 1.903146}}
{"target": -1.9345892233812618, "params": {"C": 310.13466189080987, "epsilon": 0.06449314950337949, "gamma": 0.03599144646081545, "lamda": 0.09322299665945506}, "datetime": {"datetime": "2021-09-23 14:40:09", "elapsed": 661.613826, "delta": 2.125119}}
{"target": -1.9811784453267374, "params": {"C": 285.8466372818541, "epsilon": 0.2696371655498778, "gamma": 0.048328482857732065, "lamda": 0.12494370429911641}, "datetime": {"datetime": "2021-09-23 14:40:13", "elapsed": 666.112328, "delta": 4.498502}}
{"target": -1.9431591729579392, "params": {"C": 275.3876787849517, "epsilon": 0.21765785756228812, "gamma": 0.03365866724530091, "lamda": 0.027522735249908323}, "datetime": {"datetime": "2021-09-23 14:40:18", "elapsed": 670.39819, "delta": 4.285862}}
{"target": -1.9300808653143775, "params": {"C": 260.3455457359119, "epsilon": 0.4516677904161628, "gamma": 0.03616465476206713, "lamda": 0.018937165565800586}, "datetime": {"datetime": "2021-09-23 14:40:22", "elapsed": 674.486684, "delta": 4.088494}}
{"target": -2.057357519332411, "params": {"C": 385.3862370387955, "epsilon": 0.3403577128018024, "gamma": 0.032725115632699794, "lamda": 0.15060694396414798}, "datetime": {"datetime": "2021-09-23 14:40:24", "elapsed": 676.417233, "delta": 1.930549}}
{"target": -2.0211158553883983, "params": {"C": 292.7177800241108, "epsilon": 0.07956977242540003, "gamma": 0.05, "lamda": 0.016346022304386195}, "datetime": {"datetime": "2021-09-23 14:40:27", "elapsed": 680.152444, "delta": 3.735211}}
{"target": -1.9195793548444973, "params": {"C": 296.4131994619736, "epsilon": 0.21171910125681298, "gamma": 0.03723579461301922, "lamda": 0.05071404799824073}, "datetime": {"datetime": "2021-09-23 14:40:29", "elapsed": 682.264315, "delta": 2.111871}}
{"target": -1.9851221589787476, "params": {"C": 262.90246398658167, "epsilon": 0.030309299411429666, "gamma": 0.05, "lamda": 0.16438703337319657}, "datetime": {"datetime": "2021-09-23 14:40:33", "elapsed": 685.831199, "delta": 3.566884}}
{"target": -1.9833901808214254, "params": {"C": 296.3783763333353, "epsilon": 0.11814983069393983, "gamma": 0.037209545472907654, "lamda": 0.021210695216990767}, "datetime": {"datetime": "2021-09-23 14:40:37", "elapsed": 689.500592, "delta": 3.669393}}
{"target": -1.9132388465373134, "params": {"C": 285.6899023694542, "epsilon": 0.34028335055928527, "gamma": 0.04381392417341818, "lamda": 0.04132187751340982}, "datetime": {"datetime": "2021-09-23 14:40:41", "elapsed": 693.294363, "delta": 3.793771}}
{"target": -1.9172218876985694, "params": {"C": 285.79642923584515, "epsilon": 0.37246507092274284, "gamma": 0.04149511824277996, "lamda": 0.029216227893498647}, "datetime": {"datetime": "2021-09-23 14:40:45", "elapsed": 697.469472, "delta": 4.175109}}
{"target": -2.03632508904057, "params": {"C": 373.9964801720075, "epsilon": 0.5940716203153862, "gamma": 0.0416300679551429, "lamda": 0.08675311750881622}, "datetime": {"datetime": "2021-09-23 14:40:47", "elapsed": 699.577136, "delta": 2.107664}}
{"target": -1.9437142523311035, "params": {"C": 368.12179792331585, "epsilon": 0.05016081026815698, "gamma": 0.03383251389468419, "lamda": 0.09357751855006288}, "datetime": {"datetime": "2021-09-23 14:40:49", "elapsed": 701.821918, "delta": 2.244782}}
{"target": -2.0258305407788666, "params": {"C": 391.0434986892338, "epsilon": 0.2471011812238334, "gamma": 0.03679050693064805, "lamda": 0.16250979890180434}, "datetime": {"datetime": "2021-09-23 14:40:51", "elapsed": 703.847917, "delta": 2.025999}}
{"target": -1.9598161445154694, "params": {"C": 285.7181838284779, "epsilon": 0.4417567259616122, "gamma": 0.03648794565385791, "lamda": 0.0603379818453648}, "datetime": {"datetime": "2021-09-23 14:40:56", "elapsed": 709.104023, "delta": 5.256106}}
{"target": -1.924459682320286, "params": {"C": 345.7890286630182, "epsilon": 0.45535756045006637, "gamma": 0.03592900427791517, "lamda": 0.018334040129934843}, "datetime": {"datetime": "2021-09-23 14:40:59", "elapsed": 711.3471, "delta": 2.243077}}
{"target": -1.9891979774384023, "params": {"C": 285.6351278036133, "epsilon": 0.3178698422591636, "gamma": 0.042875457336529796, "lamda": 0.1168310330154058}, "datetime": {"datetime": "2021-09-23 14:41:02", "elapsed": 714.878329, "delta": 3.531229}}
{"target": -1.9215759546093993, "params": {"C": 345.76802441285406, "epsilon": 0.5141536246263452, "gamma": 0.042360679605596516, "lamda": 0.027968177702842042}, "datetime": {"datetime": "2021-09-23 14:41:07", "elapsed": 719.355975, "delta": 4.477646}}
{"target": -1.9347549463767866, "params": {"C": 395.137828104126, "epsilon": 0.7835341850160545, "gamma": 0.032351374976658194, "lamda": 0.01889781161717599}, "datetime": {"datetime": "2021-09-23 14:41:09", "elapsed": 721.455862, "delta": 2.099887}}
{"target": -1.9912731572175577, "params": {"C": 343.43532752799246, "epsilon": 0.41001368623207973, "gamma": 0.05, "lamda": 0.015}, "datetime": {"datetime": "2021-09-23 14:41:13", "elapsed": 725.588393, "delta": 4.132531}}
{"target": -1.9203068062183912, "params": {"C": 285.7449370771139, "epsilon": 0.34506850278306544, "gamma": 0.03578733588903034, "lamda": 0.04380278481331276}, "datetime": {"datetime": "2021-09-23 14:41:16", "elapsed": 729.125391, "delta": 3.536998}}
{"target": -2.0109672086614356, "params": {"C": 260.63640091630236, "epsilon": 0.6489117168610952, "gamma": 0.04514851739184979, "lamda": 0.07287019836440284}, "datetime": {"datetime": "2021-09-23 14:41:18", "elapsed": 731.222394, "delta": 2.097003}}
{"target": -2.1127988163823717, "params": {"C": 353.2190451760276, "epsilon": 0.6950265168934103, "gamma": 0.04143508708264085, "lamda": 0.15481088998127773}, "datetime": {"datetime": "2021-09-23 14:41:21", "elapsed": 733.435923, "delta": 2.213529}}
{"target": -2.0448869669171135, "params": {"C": 349.5469131444005, "epsilon": 0.5052268073588652, "gamma": 0.041802416957502364, "lamda": 0.11525949425941595}, "datetime": {"datetime": "2021-09-23 14:41:23", "elapsed": 735.652923, "delta": 2.217}}
{"target": -2.1289222264103027, "params": {"C": 272.8353130538864, "epsilon": 0.7560590524499446, "gamma": 0.03262387312331876, "lamda": 0.1295597013274002}, "datetime": {"datetime": "2021-09-23 14:41:25", "elapsed": 737.843924, "delta": 2.191001}}
{"target": -1.9396864358492267, "params": {"C": 305.25895464749306, "epsilon": 0.20557489983191804, "gamma": 0.03, "lamda": 0.06464692520765614}, "datetime": {"datetime": "2021-09-23 14:41:29", "elapsed": 741.672374, "delta": 3.82845}}
{"target": -2.0603396588691023, "params": {"C": 355.9529438235737, "epsilon": 0.3722303528536074, "gamma": 0.045233525660772635, "lamda": 0.19767710638740488}, "datetime": {"datetime": "2021-09-23 14:41:31", "elapsed": 743.742134, "delta": 2.06976}}
{"target": -1.9983185649517998, "params": {"C": 268.296219200288, "epsilon": 0.035191638329869525, "gamma": 0.04203776911688058, "lamda": 0.04495967900248324}, "datetime": {"datetime": "2021-09-23 14:41:33", "elapsed": 746.041972, "delta": 2.299838}}
{"target": -1.9692862423319157, "params": {"C": 275.5113724458165, "epsilon": 0.1925194872485914, "gamma": 0.03655442904696927, "lamda": 0.018435993769338497}, "datetime": {"datetime": "2021-09-23 14:41:37", "elapsed": 749.534156, "delta": 3.492184}}
{"target": -2.1321105453400775, "params": {"C": 380.8104576528457, "epsilon": 0.6361564316839065, "gamma": 0.032220938266782795, "lamda": 0.15478063155230942}, "datetime": {"datetime": "2021-09-23 14:41:39", "elapsed": 751.722496, "delta": 2.18834}}
{"target": -1.927222657223254, "params": {"C": 260.389943404457, "epsilon": 0.10987042854036812, "gamma": 0.04375969117214636, "lamda": 0.14382728633478953}, "datetime": {"datetime": "2021-09-23 14:41:41", "elapsed": 753.866782, "delta": 2.144286}}
{"target": -1.9233669970853744, "params": {"C": 285.6927321358762, "epsilon": 0.24856357336038454, "gamma": 0.04095302649344199, "lamda": 0.03870270821565662}, "datetime": {"datetime": "2021-09-23 14:41:46", "elapsed": 759.048972, "delta": 5.18219}}
{"target": -1.9212191120975954, "params": {"C": 267.3071809886449, "epsilon": 0.29049184278269025, "gamma": 0.04775886916317902, "lamda": 0.047934861854607824}, "datetime": {"datetime": "2021-09-23 14:41:48", "elapsed": 761.226651, "delta": 2.177679}}
{"target": -1.9156758767979654, "params": {"C": 345.7108078225061, "epsilon": 0.4803555028047751, "gamma": 0.03851437078236361, "lamda": 0.029050268003546768}, "datetime": {"datetime": "2021-09-23 14:41:54", "elapsed": 766.643825, "delta": 5.417174}}
{"target": -1.9262406643408674, "params": {"C": 267.3526085794383, "epsilon": 0.21952346625711763, "gamma": 0.03694659615360968, "lamda": 0.04245824203062186}, "datetime": {"datetime": "2021-09-23 14:41:58", "elapsed": 770.425013, "delta": 3.781188}}
{"target": -1.9914357903247604, "params": {"C": 349.9153648132473, "epsilon": 0.04399494742839363, "gamma": 0.04241683938102872, "lamda": 0.060164946980772196}, "datetime": {"datetime": "2021-09-23 14:42:00", "elapsed": 772.72157, "delta": 2.296557}}
{"target": -1.9352860890541406, "params": {"C": 345.899677667523, "epsilon": 0.510181406094189, "gamma": 0.03, "lamda": 0.015}, "datetime": {"datetime": "2021-09-23 14:42:04", "elapsed": 776.692916, "delta": 3.971346}}
{"target": -2.0893984211085996, "params": {"C": 298.68932999747466, "epsilon": 0.5976757201955119, "gamma": 0.03625314840621484, "lamda": 0.1368491425875102}, "datetime": {"datetime": "2021-09-23 14:42:06", "elapsed": 778.983904, "delta": 2.290988}}
{"target": -1.932543903125571, "params": {"C": 296.3526801072247, "epsilon": 0.2551239785475405, "gamma": 0.03201619526472951, "lamda": 0.06023599608135442}, "datetime": {"datetime": "2021-09-23 14:42:11", "elapsed": 783.346872, "delta": 4.362968}}
{"target": -1.9343489920255643, "params": {"C": 320.1161816708094, "epsilon": 0.05578968432900795, "gamma": 0.03632527293602561, "lamda": 0.10583263317360991}, "datetime": {"datetime": "2021-09-23 14:42:13", "elapsed": 785.649567, "delta": 2.302695}}
{"target": -1.9426021810218255, "params": {"C": 356.6436168202236, "epsilon": 0.09809783637437741, "gamma": 0.031261147730197204, "lamda": 0.15460697262898332}, "datetime": {"datetime": "2021-09-23 14:42:15", "elapsed": 787.792732, "delta": 2.143165}}
{"target": -2.0324544507344995, "params": {"C": 343.51649571224755, "epsilon": 0.4507355737617066, "gamma": 0.03219280480006935, "lamda": 0.08956968462683736}, "datetime": {"datetime": "2021-09-23 14:42:19", "elapsed": 791.883091, "delta": 4.090359}}
{"target": -1.916972681667292, "params": {"C": 367.63760049495966, "epsilon": 0.10330488956335575, "gamma": 0.03772943486853222, "lamda": 0.11978613907693289}, "datetime": {"datetime": "2021-09-23 14:42:21", "elapsed": 794.029469, "delta": 2.146378}}
{"target": -1.9177048415102025, "params": {"C": 298.32728993265323, "epsilon": 0.6733910817255688, "gamma": 0.04003075755308929, "lamda": 0.016428834234208715}, "datetime": {"datetime": "2021-09-23 14:42:24", "elapsed": 796.460462, "delta": 2.430993}}
{"target": -1.9614866346787712, "params": {"C": 296.4289861244998, "epsilon": 0.28234601960508604, "gamma": 0.042618534799828266, "lamda": 0.015982046757471252}, "datetime": {"datetime": "2021-09-23 14:42:28", "elapsed": 800.359543, "delta": 3.899081}}
{"target": -1.9769801064377504, "params": {"C": 367.6194304083548, "epsilon": 0.13038216461672128, "gamma": 0.04450641040859478, "lamda": 0.1966445468990043}, "datetime": {"datetime": "2021-09-23 14:42:31", "elapsed": 804.172216, "delta": 3.812673}}
{"target": -1.9503825041103264, "params": {"C": 367.592791262617, "epsilon": 0.12430326582894209, "gamma": 0.04981256125463593, "lamda": 0.06995250009682241}, "datetime": {"datetime": "2021-09-23 14:42:35", "elapsed": 808.145991, "delta": 3.973775}}
{"target": -1.9449596021681057, "params": {"C": 345.76623352146515, "epsilon": 0.6236058044849004, "gamma": 0.03976767825751927, "lamda": 0.03244297522451803}, "datetime": {"datetime": "2021-09-23 14:42:38", "elapsed": 810.382985, "delta": 2.236994}}
