{"target": -2.110467876136808, "params": {"C": 155.85364063469177, "epsilon": 0.015196063321614335, "gamma": 0.10197002561856021, "lamda": 0.35349774015125834}, "datetime": {"datetime": "2021-09-23 13:08:32", "elapsed": 275.16258, "delta": 1.967964}}
{"target": -2.2004036738951727, "params": {"C": 238.2521844843272, "epsilon": 0.6196304924052002, "gamma": 0.120850337833975, "lamda": 0.0217550532756325}, "datetime": {"datetime": "2021-09-23 13:08:33", "elapsed": 276.587588, "delta": 1.425008}}
{"target": -2.4620761783019436, "params": {"C": 170.61635981208872, "epsilon": 0.9038650572709301, "gamma": 0.05191941546241602, "lamda": 0.4229449601517839}, "datetime": {"datetime": "2021-09-23 13:08:34", "elapsed": 278.004569, "delta": 1.416981}}
{"target": -2.0255024675554245, "params": {"C": 166.65236600474947, "epsilon": 0.06839847901989506, "gamma": 0.06814098928459474, "lamda": 0.4993397878029034}, "datetime": {"datetime": "2021-09-23 13:08:36", "elapsed": 279.306728, "delta": 1.302159}}
{"target": -2.031335601356674, "params": {"C": 155.91102852766863, "epsilon": 0.4100499299156642, "gamma": 0.05424001257104449, "lamda": 0.1061601613493477}, "datetime": {"datetime": "2021-09-23 13:08:38", "elapsed": 281.872792, "delta": 2.566064}}
{"target": -2.102037816281664, "params": {"C": 155.90545849007762, "epsilon": 0.2670602961427947, "gamma": 0.04, "lamda": 0.16131705790286918}, "datetime": {"datetime": "2021-09-23 13:08:41", "elapsed": 284.591127, "delta": 2.718335}}
{"target": -2.160513096050471, "params": {"C": 155.89764389787237, "epsilon": 0.5037006268015064, "gamma": 0.07459844384060901, "lamda": 0.2063128574199137}, "datetime": {"datetime": "2021-09-23 13:08:44", "elapsed": 287.155136, "delta": 2.564009}}
{"target": -2.0406313623336634, "params": {"C": 281.39544074585035, "epsilon": 0.8656967351196462, "gamma": 0.05132174753916209, "lamda": 0.040146011775934964}, "datetime": {"datetime": "2021-09-23 13:08:45", "elapsed": 288.538453, "delta": 1.383317}}
{"target": -2.0908558416422576, "params": {"C": 204.16574628782107, "epsilon": 0.014319073083850331, "gamma": 0.0963109302977521, "lamda": 0.48135280754559945}, "datetime": {"datetime": "2021-09-23 13:08:47", "elapsed": 290.277951, "delta": 1.739498}}
{"target": -2.2584217944227505, "params": {"C": 254.97635341227945, "epsilon": 0.5188323702860256, "gamma": 0.10789931791792279, "lamda": 0.24701204972530474}, "datetime": {"datetime": "2021-09-23 13:08:48", "elapsed": 291.745795, "delta": 1.467844}}
{"target": -2.0666902192698102, "params": {"C": 156.04030792611871, "epsilon": 0.4265204202203925, "gamma": 0.09917513990013574, "lamda": 0.07429831952180485}, "datetime": {"datetime": "2021-09-23 13:08:51", "elapsed": 294.382827, "delta": 2.637032}}
{"target": -2.1793402593487063, "params": {"C": 281.2930703759191, "epsilon": 0.7826119744916369, "gamma": 0.06771035430011835, "lamda": 0.1545432630312857}, "datetime": {"datetime": "2021-09-23 13:08:53", "elapsed": 296.61792, "delta": 2.235093}}
{"target": -2.224261794203739, "params": {"C": 281.47309331220026, "epsilon": 0.9717346632821044, "gamma": 0.13256058573510157, "lamda": 0.05664226089708329}, "datetime": {"datetime": "2021-09-23 13:08:55", "elapsed": 298.800263, "delta": 2.182343}}
{"target": -2.0358760478471107, "params": {"C": 155.95369595321128, "epsilon": 0.08864718499062996, "gamma": 0.09193115190329879, "lamda": 0.2245646886950818}, "datetime": {"datetime": "2021-09-23 13:08:57", "elapsed": 300.738072, "delta": 1.937809}}
{"target": -2.2105559477564434, "params": {"C": 166.5921572567748, "epsilon": 0.054344926128446484, "gamma": 0.13164845115805052, "lamda": 0.5724270222608798}, "datetime": {"datetime": "2021-09-23 13:08:59", "elapsed": 302.701751, "delta": 1.963679}}
{"target": -2.012471556665131, "params": {"C": 213.04621313873764, "epsilon": 0.08616888278139298, "gamma": 0.07077734672355837, "lamda": 0.32768444651610606}, "datetime": {"datetime": "2021-09-23 13:09:01", "elapsed": 304.893003, "delta": 2.191252}}
{"target": -2.242158427957661, "params": {"C": 155.93281643043295, "epsilon": 0.34168145600660177, "gamma": 0.15, "lamda": 0.09972860211226432}, "datetime": {"datetime": "2021-09-23 13:09:04", "elapsed": 307.24522, "delta": 2.352217}}
{"target": -2.400685370612789, "params": {"C": 229.39938723280892, "epsilon": 0.45527382486404167, "gamma": 0.1329013963109952, "lamda": 0.4591347853385845}, "datetime": {"datetime": "2021-09-23 13:09:05", "elapsed": 308.488511, "delta": 1.243291}}
{"target": -2.0298684760080925, "params": {"C": 212.89994005363405, "epsilon": 0.01621616274488716, "gamma": 0.07660870523719424, "lamda": 0.3365229648267233}, "datetime": {"datetime": "2021-09-23 13:09:07", "elapsed": 310.522132, "delta": 2.033621}}
{"target": -2.0050505062054453, "params": {"C": 155.77416199871215, "epsilon": 0.20929919045563544, "gamma": 0.059431577549612744, "lamda": 0.16329302815767205}, "datetime": {"datetime": "2021-09-23 13:09:09", "elapsed": 312.966329, "delta": 2.444197}}
{"target": -2.009986009957652, "params": {"C": 212.94859363059942, "epsilon": 0.03739088157983486, "gamma": 0.08028433353550976, "lamda": 0.40766173193004956}, "datetime": {"datetime": "2021-09-23 13:09:11", "elapsed": 314.887802, "delta": 1.921473}}
{"target": -2.1547612430321594, "params": {"C": 212.88196057795508, "epsilon": 0.10926801233989225, "gamma": 0.10570161722387808, "lamda": 0.44854525160812814}, "datetime": {"datetime": "2021-09-23 13:09:13", "elapsed": 316.991622, "delta": 2.10382}}
{"target": -2.1983168557872084, "params": {"C": 213.13086656596212, "epsilon": 0.13687199231573105, "gamma": 0.12620326073521027, "lamda": 0.2799134377037172}, "datetime": {"datetime": "2021-09-23 13:09:16", "elapsed": 319.475081, "delta": 2.483459}}
{"target": -2.3042532859080684, "params": {"C": 169.35530256970233, "epsilon": 0.38105816222958583, "gamma": 0.10564958726205978, "lamda": 0.41954413239285443}, "datetime": {"datetime": "2021-09-23 13:09:17", "elapsed": 320.773127, "delta": 1.298046}}
{"target": -2.41047822582237, "params": {"C": 200.329757953279, "epsilon": 0.5864539411660202, "gamma": 0.08242899209627463, "lamda": 0.49306496019802204}, "datetime": {"datetime": "2021-09-23 13:09:18", "elapsed": 322.113677, "delta": 1.34055}}
{"target": -1.994716241068769, "params": {"C": 212.99183627228268, "epsilon": 0.04283304385291834, "gamma": 0.06799073992238648, "lamda": 0.29958883426840033}, "datetime": {"datetime": "2021-09-23 13:09:21", "elapsed": 324.361005, "delta": 2.247328}}
{"target": -2.0660184936831207, "params": {"C": 198.73008397559818, "epsilon": 0.2073051376500048, "gamma": 0.08707012629332744, "lamda": 0.20806196388771}, "datetime": {"datetime": "2021-09-23 13:09:23", "elapsed": 326.789548, "delta": 2.428543}}
{"target": -2.5186363584053346, "params": {"C": 244.56457160380847, "epsilon": 0.6694810483139467, "gamma": 0.13998988967215, "lamda": 0.4773694080310818}, "datetime": {"datetime": "2021-09-23 13:09:25", "elapsed": 328.154549, "delta": 1.365001}}
{"target": -2.0609521198655667, "params": {"C": 156.12536557804376, "epsilon": 0.530326719960785, "gamma": 0.0449887154929391, "lamda": 0.07917813594752685}, "datetime": {"datetime": "2021-09-23 13:09:27", "elapsed": 330.434584, "delta": 2.280035}}
{"target": -2.0183894180466515, "params": {"C": 155.77184735983752, "epsilon": 0.12741779414086907, "gamma": 0.07444566768317136, "lamda": 0.30130391612713453}, "datetime": {"datetime": "2021-09-23 13:09:30", "elapsed": 333.604584, "delta": 3.17}}
{"target": -2.098255738393945, "params": {"C": 202.9735997683877, "epsilon": 0.19316682045124414, "gamma": 0.07449555995103005, "lamda": 0.3390253099858493}, "datetime": {"datetime": "2021-09-23 13:09:31", "elapsed": 334.973577, "delta": 1.368993}}
{"target": -2.262187351423254, "params": {"C": 181.40047246333722, "epsilon": 0.6596886575327346, "gamma": 0.1427741594669669, "lamda": 0.12415335147089827}, "datetime": {"datetime": "2021-09-23 13:09:33", "elapsed": 336.417584, "delta": 1.444007}}
{"target": -2.0852660508608984, "params": {"C": 213.04039548573905, "epsilon": 0.11400506271477727, "gamma": 0.07500128018281177, "lamda": 0.47292817817361116}, "datetime": {"datetime": "2021-09-23 13:09:35", "elapsed": 338.853419, "delta": 2.435835}}
{"target": -2.260502147091812, "params": {"C": 198.7762532586925, "epsilon": 0.0770001177012445, "gamma": 0.14830122985426522, "lamda": 0.21063151586907958}, "datetime": {"datetime": "2021-09-23 13:09:38", "elapsed": 341.380356, "delta": 2.526937}}
{"target": -2.010586030521392, "params": {"C": 155.84247073359447, "epsilon": 0.5141195082928792, "gamma": 0.05429788254872581, "lamda": 0.043472687079313996}, "datetime": {"datetime": "2021-09-23 13:09:41", "elapsed": 344.381075, "delta": 3.000719}}
{"target": -2.061842561968898, "params": {"C": 156.02651819465444, "epsilon": 0.6176006538859227, "gamma": 0.07730379210192309, "lamda": 0.012133605915824033}, "datetime": {"datetime": "2021-09-23 13:09:43", "elapsed": 346.855049, "delta": 2.473974}}
{"target": -2.0377783337467092, "params": {"C": 166.67863937086423, "epsilon": 0.011332470664824932, "gamma": 0.07550891367649595, "lamda": 0.44490740948573876}, "datetime": {"datetime": "2021-09-23 13:09:46", "elapsed": 349.187011, "delta": 2.331962}}
{"target": -2.2097573657091614, "params": {"C": 155.95081181914895, "epsilon": 0.5001775655738118, "gamma": 0.1282605877764664, "lamda": 0.023917020087643424}, "datetime": {"datetime": "2021-09-23 13:09:49", "elapsed": 352.186332, "delta": 2.999321}}
{"target": -2.126829617682883, "params": {"C": 156.13443136920606, "epsilon": 0.7162609674943954, "gamma": 0.11453860584844641, "lamda": 0.0425467356721407}, "datetime": {"datetime": "2021-09-23 13:09:52", "elapsed": 355.162148, "delta": 2.975816}}
{"target": -2.010568002005003, "params": {"C": 155.84794396886073, "epsilon": 0.6690690260462071, "gamma": 0.06650659247965122, "lamda": 0.022613719618739044}, "datetime": {"datetime": "2021-09-23 13:09:54", "elapsed": 357.957377, "delta": 2.795229}}
{"target": -2.0398069588601633, "params": {"C": 155.74778188550258, "epsilon": 0.6651611990131452, "gamma": 0.09268322788131439, "lamda": 0.03516259756609639}, "datetime": {"datetime": "2021-09-23 13:09:57", "elapsed": 360.65773, "delta": 2.700353}}
{"target": -2.037705689789443, "params": {"C": 155.88716050587712, "epsilon": 0.10335277253787434, "gamma": 0.0480198716739208, "lamda": 0.27798141037004687}, "datetime": {"datetime": "2021-09-23 13:09:59", "elapsed": 362.672423, "delta": 2.014693}}
{"target": -2.116636872724406, "params": {"C": 154.8685293358728, "epsilon": 0.0045477048000857855, "gamma": 0.06851732685858807, "lamda": 0.2007737102280077}, "datetime": {"datetime": "2021-09-23 13:10:01", "elapsed": 364.391998, "delta": 1.719575}}
{"target": -2.014545812130645, "params": {"C": 156.10134049840795, "epsilon": 0.04235179278464841, "gamma": 0.07865825868975232, "lamda": 0.2237316401887995}, "datetime": {"datetime": "2021-09-23 13:10:03", "elapsed": 366.97805, "delta": 2.586052}}
{"target": -2.1446159689693682, "params": {"C": 156.09881219522012, "epsilon": 0.062450230806963235, "gamma": 0.12087191216098864, "lamda": 0.35983736009867145}, "datetime": {"datetime": "2021-09-23 13:10:06", "elapsed": 369.216369, "delta": 2.238319}}
{"target": -2.1030508943863775, "params": {"C": 156.14857012409868, "epsilon": 0.025644593237226284, "gamma": 0.06237354169859702, "lamda": 0.06721164500500318}, "datetime": {"datetime": "2021-09-23 13:10:09", "elapsed": 372.326922, "delta": 3.110553}}
{"target": -2.592744968331433, "params": {"C": 205.72376846492932, "epsilon": 0.7836696594647979, "gamma": 0.12343380105221727, "lamda": 0.5558212559217821}, "datetime": {"datetime": "2021-09-23 13:10:10", "elapsed": 373.857656, "delta": 1.530734}}
{"target": -2.2219789081362378, "params": {"C": 167.24532182483577, "epsilon": 0.694990640055928, "gamma": 0.10013603880625488, "lamda": 0.16389544390565464}, "datetime": {"datetime": "2021-09-23 13:10:12", "elapsed": 375.536916, "delta": 1.67926}}
{"target": -2.0427315433689746, "params": {"C": 155.9581132532519, "epsilon": 0.7470989968736897, "gamma": 0.051864060919869816, "lamda": 0.06175211688679483}, "datetime": {"datetime": "2021-09-23 13:10:15", "elapsed": 378.596897, "delta": 3.059981}}
{"target": -2.184371553250639, "params": {"C": 155.86492009362982, "epsilon": 0.8416120563850659, "gamma": 0.07998055693765199, "lamda": 0.13513797330925637}, "datetime": {"datetime": "2021-09-23 13:10:19", "elapsed": 382.933596, "delta": 4.336699}}
{"target": -2.080900707831261, "params": {"C": 154.83496885189683, "epsilon": 0.26249022916629833, "gamma": 0.10359781000378679, "lamda": 0.06644062283785757}, "datetime": {"datetime": "2021-09-23 13:10:21", "elapsed": 384.680136, "delta": 1.74654}}
{"target": -2.0294846591003792, "params": {"C": 156.20997303445844, "epsilon": 0.3175991868167929, "gamma": 0.04842834722095699, "lamda": 0.07866401924299427}, "datetime": {"datetime": "2021-09-23 13:10:24", "elapsed": 387.901499, "delta": 3.221363}}
{"target": -2.145811741292435, "params": {"C": 156.26782593278656, "epsilon": 0.2752774701832972, "gamma": 0.1093202384152768, "lamda": 0.21825276934166346}, "datetime": {"datetime": "2021-09-23 13:10:27", "elapsed": 390.556144, "delta": 2.654645}}
{"target": -2.0878468310698977, "params": {"C": 156.38607791435265, "epsilon": 0.47645484676437877, "gamma": 0.09679719467887057, "lamda": 0.10544438723230987}, "datetime": {"datetime": "2021-09-23 13:10:30", "elapsed": 393.457651, "delta": 2.901507}}
{"target": -2.149323474599235, "params": {"C": 242.5884327174797, "epsilon": 0.921258615153166, "gamma": 0.073832298373741, "lamda": 0.10293597113745521}, "datetime": {"datetime": "2021-09-23 13:10:33", "elapsed": 396.362668, "delta": 2.905017}}
{"target": -2.0166276397349887, "params": {"C": 156.36348784629544, "epsilon": 0.30789149176142155, "gamma": 0.05231891792011632, "lamda": 0.09307216087207734}, "datetime": {"datetime": "2021-09-23 13:10:36", "elapsed": 399.820489, "delta": 3.457821}}
{"target": -2.29441125308337, "params": {"C": 165.83688243930112, "epsilon": 0.3327530271684771, "gamma": 0.14463568746567868, "lamda": 0.3123472826495449}, "datetime": {"datetime": "2021-09-23 13:10:38", "elapsed": 401.288114, "delta": 1.467625}}
{"target": -2.2048603456912077, "params": {"C": 210.53573341346595, "epsilon": 0.3541035670283476, "gamma": 0.09534730218831913, "lamda": 0.2896408897874672}, "datetime": {"datetime": "2021-09-23 13:10:39", "elapsed": 402.663757, "delta": 1.375643}}
{"target": -2.154027997339921, "params": {"C": 156.231835710873, "epsilon": 0.17376111586091092, "gamma": 0.0998742607475217, "lamda": 0.014516128406766641}, "datetime": {"datetime": "2021-09-23 13:10:42", "elapsed": 405.549453, "delta": 2.885696}}
{"target": -2.4737682336022497, "params": {"C": 204.16532419935794, "epsilon": 0.7331176146158158, "gamma": 0.11200782683771679, "lamda": 0.43273526614746377}, "datetime": {"datetime": "2021-09-23 13:10:43", "elapsed": 406.998655, "delta": 1.449202}}
{"target": -2.2340324363419484, "params": {"C": 188.94245110501322, "epsilon": 0.9420404339698741, "gamma": 0.09156654648559881, "lamda": 0.14123016409812844}, "datetime": {"datetime": "2021-09-23 13:10:45", "elapsed": 408.473218, "delta": 1.474563}}
{"target": -1.9915482723612257, "params": {"C": 155.23773839325486, "epsilon": 0.9107432460597397, "gamma": 0.07512108287680999, "lamda": 0.022357976968402506}, "datetime": {"datetime": "2021-09-23 13:10:46", "elapsed": 410.077892, "delta": 1.604674}}
{"target": -2.274594232366969, "params": {"C": 155.31737272758988, "epsilon": 0.9577419609020278, "gamma": 0.1401843971362073, "lamda": 0.10223392667592936}, "datetime": {"datetime": "2021-09-23 13:10:49", "elapsed": 412.329241, "delta": 2.251349}}
{"target": -2.470031104582995, "params": {"C": 265.0936115353062, "epsilon": 0.8761469998189231, "gamma": 0.11601951837726848, "lamda": 0.35637215419844864}, "datetime": {"datetime": "2021-09-23 13:10:50", "elapsed": 413.798913, "delta": 1.469672}}
{"target": -2.01631773800685, "params": {"C": 155.18418131893716, "epsilon": 0.7522281460323519, "gamma": 0.05990276219727445, "lamda": 0.022725251102424335}, "datetime": {"datetime": "2021-09-23 13:10:53", "elapsed": 416.74842, "delta": 2.949507}}
{"target": -2.2260660599089985, "params": {"C": 156.24946447268815, "epsilon": 0.3556941906498647, "gamma": 0.12042068546776608, "lamda": 0.010832772284368828}, "datetime": {"datetime": "2021-09-23 13:10:56", "elapsed": 420.022387, "delta": 3.273967}}
{"target": -2.4883579804274825, "params": {"C": 203.85957503878484, "epsilon": 0.8920271552011698, "gamma": 0.12151578652713452, "lamda": 0.3624848220119912}, "datetime": {"datetime": "2021-09-23 13:10:58", "elapsed": 421.352867, "delta": 1.33048}}
{"target": -2.0389724710931993, "params": {"C": 247.84505812646114, "epsilon": 0.13676324623040995, "gamma": 0.051558008126704774, "lamda": 0.23114085260315664}, "datetime": {"datetime": "2021-09-23 13:10:59", "elapsed": 422.794225, "delta": 1.441358}}
{"target": -2.116875249534081, "params": {"C": 155.14670441219067, "epsilon": 0.8945431022274952, "gamma": 0.04125061903993158, "lamda": 0.06355198692428042}, "datetime": {"datetime": "2021-09-23 13:11:02", "elapsed": 425.487115, "delta": 2.69289}}
{"target": -2.0341016754339565, "params": {"C": 155.2959208035758, "epsilon": 0.6491142785829757, "gamma": 0.06943986417744505, "lamda": 0.016067517909485907}, "datetime": {"datetime": "2021-09-23 13:11:05", "elapsed": 428.375118, "delta": 2.888003}}
{"target": -2.396443291381984, "params": {"C": 199.77205664720373, "epsilon": 0.8457995207426657, "gamma": 0.0804984351620878, "lamda": 0.3472237141214882}, "datetime": {"datetime": "2021-09-23 13:11:06", "elapsed": 430.103121, "delta": 1.728003}}
{"target": -2.0174728954257755, "params": {"C": 156.56771756156638, "epsilon": 0.29080881435689654, "gamma": 0.08725554225632393, "lamda": 0.09833814386273357}, "datetime": {"datetime": "2021-09-23 13:11:09", "elapsed": 433.048061, "delta": 2.94494}}
{"target": -2.1356529637040422, "params": {"C": 156.47813053837857, "epsilon": 0.3481311703520521, "gamma": 0.04, "lamda": 0.18176661265385013}, "datetime": {"datetime": "2021-09-23 13:11:13", "elapsed": 436.298127, "delta": 3.250066}}
{"target": -2.1189770298076227, "params": {"C": 156.46793737423798, "epsilon": 0.21569229680034646, "gamma": 0.10826095438211, "lamda": 0.04624481791434185}, "datetime": {"datetime": "2021-09-23 13:11:15", "elapsed": 439.095575, "delta": 2.797448}}
{"target": -2.2456912726348666, "params": {"C": 298.6741558021682, "epsilon": 0.459476392020418, "gamma": 0.11370421498900418, "lamda": 0.24564753127969716}, "datetime": {"datetime": "2021-09-23 13:11:17", "elapsed": 440.722794, "delta": 1.627219}}
{"target": -2.253673816541633, "params": {"C": 156.6790129412479, "epsilon": 0.34409785084672034, "gamma": 0.13933174598504924, "lamda": 0.02987383533957056}, "datetime": {"datetime": "2021-09-23 13:11:20", "elapsed": 443.750849, "delta": 3.028055}}
{"target": -2.4011131661633796, "params": {"C": 162.29854914105164, "epsilon": 0.37964533483061336, "gamma": 0.11322346339731537, "lamda": 0.5921986250827084}, "datetime": {"datetime": "2021-09-23 13:11:22", "elapsed": 445.275288, "delta": 1.524439}}
{"target": -2.0364273798067507, "params": {"C": 154.7883707815093, "epsilon": 0.3164505199548465, "gamma": 0.09347580441238974, "lamda": 0.054727653816043775}, "datetime": {"datetime": "2021-09-23 13:11:23", "elapsed": 446.913161, "delta": 1.637873}}
{"target": -2.1441067807282277, "params": {"C": 156.1257150812955, "epsilon": 0.39590469259251565, "gamma": 0.04, "lamda": 0.1735789465020624}, "datetime": {"datetime": "2021-09-23 13:11:27", "elapsed": 450.525604, "delta": 3.612443}}
{"target": -2.288598331405894, "params": {"C": 155.19270987335247, "epsilon": 0.6980609228292178, "gamma": 0.14499189061545592, "lamda": 0.15446393992992408}, "datetime": {"datetime": "2021-09-23 13:11:29", "elapsed": 452.757099, "delta": 2.231495}}
{"target": -2.1140934926192743, "params": {"C": 198.7192444430708, "epsilon": 0.40241372300582867, "gamma": 0.10842888611238158, "lamda": 0.059400871417338755}, "datetime": {"datetime": "2021-09-23 13:11:32", "elapsed": 455.742567, "delta": 2.985468}}
{"target": -2.0112028545881855, "params": {"C": 155.36653740514484, "epsilon": 0.7447924719139142, "gamma": 0.05459714560933793, "lamda": 0.030201318585851303}, "datetime": {"datetime": "2021-09-23 13:11:35", "elapsed": 459.057618, "delta": 3.315051}}
{"target": -2.3543771522350596, "params": {"C": 198.83606388560668, "epsilon": 0.8475307092889528, "gamma": 0.04356988518528015, "lamda": 0.27167983989210875}, "datetime": {"datetime": "2021-09-23 13:11:37", "elapsed": 460.672716, "delta": 1.615098}}
{"target": -2.0165123391488944, "params": {"C": 191.15811001437385, "epsilon": 0.9358185250274378, "gamma": 0.07427172593476743, "lamda": 0.013725446391209113}, "datetime": {"datetime": "2021-09-23 13:11:41", "elapsed": 464.542115, "delta": 3.869399}}
{"target": -2.2584041234280634, "params": {"C": 163.98478345864058, "epsilon": 0.3499324798792624, "gamma": 0.05243305961050449, "lamda": 0.43767743174986684}, "datetime": {"datetime": "2021-09-23 13:11:42", "elapsed": 466.077216, "delta": 1.535101}}
{"target": -2.035055614862101, "params": {"C": 156.06625306265596, "epsilon": 0.14306564812911068, "gamma": 0.05162483776019536, "lamda": 0.11669914187688056}, "datetime": {"datetime": "2021-09-23 13:11:48", "elapsed": 471.360406, "delta": 5.28319}}
{"target": -2.018543914578722, "params": {"C": 156.60317345943704, "epsilon": 0.09167465630449859, "gamma": 0.05433963178726016, "lamda": 0.2588858272911338}, "datetime": {"datetime": "2021-09-23 13:11:51", "elapsed": 474.54289, "delta": 3.182484}}
{"target": -2.0920099305366815, "params": {"C": 156.5527726409073, "epsilon": 0.2220374976854382, "gamma": 0.04189016182827153, "lamda": 0.197509178935051}, "datetime": {"datetime": "2021-09-23 13:11:54", "elapsed": 477.570249, "delta": 3.027359}}
