{"target": 0.9234126443103927, "params": {"C": 958.184691954397, "epsilon": 0.21587746346779443, "gamma": 0.032788739020543876, "lamda": 0.10419825802860698}, "datetime": {"datetime": "2021-09-23 23:17:58", "elapsed": 323.344902, "delta": 1.943943}}
{"target": 0.9057332533964986, "params": {"C": 1104.391566742699, "epsilon": 0.28855164717307125, "gamma": 0.01862712244292645, "lamda": 0.0019730213241554045}, "datetime": {"datetime": "2021-09-23 23:18:00", "elapsed": 324.985632, "delta": 1.64073}}
{"target": 0.9278078944466138, "params": {"C": 982.4483892813024, "epsilon": 0.0661423048122409, "gamma": 0.04210128519464639, "lamda": 0.18962329051865465}, "datetime": {"datetime": "2021-09-23 23:18:02", "elapsed": 327.142051, "delta": 2.156419}}
{"target": 0.8983930478986513, "params": {"C": 1070.047740407254, "epsilon": 0.724843868544919, "gamma": 0.02235858599638965, "lamda": 0.14408365040758203}, "datetime": {"datetime": "2021-09-23 23:18:04", "elapsed": 328.521051, "delta": 1.379}}
{"target": 0.9036795802031412, "params": {"C": 1149.4851078938864, "epsilon": 0.8831072397725472, "gamma": 0.04337153483686626, "lamda": 0.18964014059689782}, "datetime": {"datetime": "2021-09-23 23:18:05", "elapsed": 329.913896, "delta": 1.392845}}
{"target": 0.9058825371031689, "params": {"C": 982.509298208088, "epsilon": 0.3328332685687442, "gamma": 0.05349440913971779, "lamda": 0.001651155634343366}, "datetime": {"datetime": "2021-09-23 23:18:08", "elapsed": 332.568896, "delta": 2.655}}
{"target": 0.9174223189175119, "params": {"C": 954.1613155137452, "epsilon": 0.11471711776804132, "gamma": 0.06755484744506053, "lamda": 0.1977221631341241}, "datetime": {"datetime": "2021-09-23 23:18:09", "elapsed": 334.42242, "delta": 1.853524}}
{"target": 0.9195922702580483, "params": {"C": 958.1739891812591, "epsilon": 0.24915650467047903, "gamma": 0.04385582207364303, "lamda": 0.18092199689907218}, "datetime": {"datetime": "2021-09-23 23:18:12", "elapsed": 336.607117, "delta": 2.184697}}
{"target": 0.9278315937041097, "params": {"C": 1104.2120381843806, "epsilon": 0.16662016311862454, "gamma": 0.042319999337231934, "lamda": 0.024905477792015008}, "datetime": {"datetime": "2021-09-23 23:18:14", "elapsed": 338.552428, "delta": 1.945311}}
{"target": 0.902458170645866, "params": {"C": 1086.5155352352713, "epsilon": 0.7834335513028995, "gamma": 0.05493913105019002, "lamda": 0.22667180069673118}, "datetime": {"datetime": "2021-09-23 23:18:15", "elapsed": 339.923425, "delta": 1.370997}}
{"target": 0.8841160326286485, "params": {"C": 1137.0987875742578, "epsilon": 0.17476168428108405, "gamma": 0.011157392021976886, "lamda": 0.2997158021010983}, "datetime": {"datetime": "2021-09-23 23:18:16", "elapsed": 341.433083, "delta": 1.509658}}
{"target": 0.8930024530777552, "params": {"C": 963.1617254240437, "epsilon": 0.6505484817007654, "gamma": 0.026287349512706185, "lamda": 0.2834987473726544}, "datetime": {"datetime": "2021-09-23 23:18:18", "elapsed": 342.910045, "delta": 1.476962}}
{"target": 0.9219717348304954, "params": {"C": 954.1098455367209, "epsilon": 0.18983434474132205, "gamma": 0.05942140093207336, "lamda": 0.09399180273630602}, "datetime": {"datetime": "2021-09-23 23:18:20", "elapsed": 344.922182, "delta": 2.012137}}
{"target": 0.921157481372483, "params": {"C": 954.0996915747995, "epsilon": 0.45833904795821323, "gamma": 0.06130410992576477, "lamda": 0.03855725233985578}, "datetime": {"datetime": "2021-09-23 23:18:22", "elapsed": 346.64032, "delta": 1.718138}}
{"target": 0.9076483037311004, "params": {"C": 1046.8314690374873, "epsilon": 0.8440658892790366, "gamma": 0.05473934145101867, "lamda": 0.1527903129318457}, "datetime": {"datetime": "2021-09-23 23:18:23", "elapsed": 348.10126, "delta": 1.46094}}
{"target": 0.9050615524969821, "params": {"C": 982.4140340778413, "epsilon": 0.24354733642398546, "gamma": 0.06929139725135099, "lamda": 0.01922099371219226}, "datetime": {"datetime": "2021-09-23 23:18:25", "elapsed": 350.132613, "delta": 2.031353}}
{"target": 0.9097943932986384, "params": {"C": 992.233894884236, "epsilon": 0.6603822751115254, "gamma": 0.0392572497899386, "lamda": 0.16250372686068973}, "datetime": {"datetime": "2021-09-23 23:18:27", "elapsed": 351.665948, "delta": 1.533335}}
{"target": 0.9254237352053477, "params": {"C": 977.0234418534086, "epsilon": 0.2814343193264004, "gamma": 0.02616288357462973, "lamda": 0.012060021138080905}, "datetime": {"datetime": "2021-09-23 23:18:28", "elapsed": 353.319571, "delta": 1.653623}}
{"target": 0.9005039029513444, "params": {"C": 1014.6144736143897, "epsilon": 0.11351485016793324, "gamma": 0.011801934152744427, "lamda": 0.11821252492150953}, "datetime": {"datetime": "2021-09-23 23:18:30", "elapsed": 355.106351, "delta": 1.78678}}
{"target": 0.9108195484276262, "params": {"C": 1007.1370327897985, "epsilon": 0.583852217067559, "gamma": 0.050115847623680695, "lamda": 0.17948711130008912}, "datetime": {"datetime": "2021-09-23 23:18:32", "elapsed": 356.581206, "delta": 1.474855}}
{"target": 0.9181728982802259, "params": {"C": 1104.2586238236797, "epsilon": 0.09918841526839894, "gamma": 0.06409658750190853, "lamda": 0.25163981856826145}, "datetime": {"datetime": "2021-09-23 23:18:33", "elapsed": 358.047744, "delta": 1.466538}}
{"target": 0.9295980347660902, "params": {"C": 1104.2450073563684, "epsilon": 0.3035310043720004, "gamma": 0.03288701007762728, "lamda": 0.02745602729320512}, "datetime": {"datetime": "2021-09-23 23:18:36", "elapsed": 361.097763, "delta": 3.050019}}
{"target": 0.903485611768392, "params": {"C": 1146.0769724440697, "epsilon": 0.47366072404852644, "gamma": 0.03255395462214459, "lamda": 0.28571787020879247}, "datetime": {"datetime": "2021-09-23 23:18:38", "elapsed": 362.517314, "delta": 1.419551}}
{"target": 0.9047958922247988, "params": {"C": 1011.9530231817431, "epsilon": 0.589530441911254, "gamma": 0.02336424693851469, "lamda": 0.12176138367228462}, "datetime": {"datetime": "2021-09-23 23:18:39", "elapsed": 364.116908, "delta": 1.599594}}
{"target": 0.9002654596642484, "params": {"C": 954.1396223978776, "epsilon": 0.03915626886930662, "gamma": 0.06888927951538659, "lamda": 0.07940198954968511}, "datetime": {"datetime": "2021-09-23 23:18:42", "elapsed": 366.776449, "delta": 2.659541}}
{"target": 0.8922962027878493, "params": {"C": 1071.1456593465327, "epsilon": 0.6931935352260036, "gamma": 0.022664626176245393, "lamda": 0.2218280859597452}, "datetime": {"datetime": "2021-09-23 23:18:43", "elapsed": 368.261825, "delta": 1.485376}}
{"target": 0.8965323671158967, "params": {"C": 1086.5352303559218, "epsilon": 0.5044468083110161, "gamma": 0.016431565556320946, "lamda": 0.11935481571268808}, "datetime": {"datetime": "2021-09-23 23:18:45", "elapsed": 369.673644, "delta": 1.411819}}
{"target": 0.9093270631544228, "params": {"C": 1037.4496275814017, "epsilon": 0.9389531817571337, "gamma": 0.04680043909277897, "lamda": 0.12644610981249163}, "datetime": {"datetime": "2021-09-23 23:18:46", "elapsed": 371.221926, "delta": 1.548282}}
{"target": 0.9252908251772449, "params": {"C": 982.5462376112051, "epsilon": 0.2106989263510624, "gamma": 0.04938945375557154, "lamda": 0.08441200214682582}, "datetime": {"datetime": "2021-09-23 23:18:49", "elapsed": 374.076014, "delta": 2.854088}}
{"target": 0.9172524579959273, "params": {"C": 1022.254376661944, "epsilon": 0.054102816280786045, "gamma": 0.0680458642622944, "lamda": 0.3059334086486803}, "datetime": {"datetime": "2021-09-23 23:18:51", "elapsed": 376.34704, "delta": 2.271026}}
{"target": 0.9240277425046182, "params": {"C": 954.0730278922869, "epsilon": 0.4005533173390091, "gamma": 0.0440708532244108, "lamda": 0.006573835209045581}, "datetime": {"datetime": "2021-09-23 23:18:54", "elapsed": 378.615925, "delta": 2.268885}}
{"target": 0.868906802230051, "params": {"C": 959.3140541701508, "epsilon": 0.7644746480472299, "gamma": 0.017201185713739093, "lamda": 0.37966582299564844}, "datetime": {"datetime": "2021-09-23 23:18:55", "elapsed": 380.065006, "delta": 1.449081}}
{"target": 0.9213464449321012, "params": {"C": 954.1300303005031, "epsilon": 0.2378813313974555, "gamma": 0.06128360934863404, "lamda": 0.052290877625354455}, "datetime": {"datetime": "2021-09-23 23:18:57", "elapsed": 382.020212, "delta": 1.955206}}
{"target": 0.9083440402071384, "params": {"C": 1010.3042543025072, "epsilon": 0.9743529651749532, "gamma": 0.06498682135430485, "lamda": 0.10479596368896968}, "datetime": {"datetime": "2021-09-23 23:18:59", "elapsed": 383.670216, "delta": 1.650004}}
{"target": 0.9266145770604708, "params": {"C": 1104.4543865371359, "epsilon": 0.32687262701566877, "gamma": 0.0457370439988061, "lamda": 0.048827978320378225}, "datetime": {"datetime": "2021-09-23 23:19:01", "elapsed": 386.02205, "delta": 2.351834}}
{"target": 0.9246676597884593, "params": {"C": 1104.2916883550556, "epsilon": 0.0458096324897644, "gamma": 0.05181879281660984, "lamda": 0.2995738096411959}, "datetime": {"datetime": "2021-09-23 23:19:03", "elapsed": 387.653479, "delta": 1.631429}}
{"target": 0.9267741588476248, "params": {"C": 1022.1860046606666, "epsilon": 0.039875414662188816, "gamma": 0.038998476011531016, "lamda": 0.34549744040585034}, "datetime": {"datetime": "2021-09-23 23:19:05", "elapsed": 389.892815, "delta": 2.239336}}
{"target": 0.9172490758925047, "params": {"C": 954.0760001618876, "epsilon": 0.3774113711914596, "gamma": 0.036236947337813796, "lamda": 0.1368235634908286}, "datetime": {"datetime": "2021-09-23 23:19:07", "elapsed": 391.561726, "delta": 1.668911}}
{"target": 0.9085415364835929, "params": {"C": 1068.6497551333366, "epsilon": 0.29973952925928715, "gamma": 0.03575004732854738, "lamda": 0.3549918123680863}, "datetime": {"datetime": "2021-09-23 23:19:08", "elapsed": 393.242929, "delta": 1.681203}}
{"target": 0.9083534010592057, "params": {"C": 954.12495871241, "epsilon": 0.10501440405366885, "gamma": 0.015010170478413002, "lamda": 0.0790296047987163}, "datetime": {"datetime": "2021-09-23 23:19:10", "elapsed": 395.387965, "delta": 2.145036}}
{"target": 0.9017079433997309, "params": {"C": 999.0771873747664, "epsilon": 0.7108294001421352, "gamma": 0.027461452269230822, "lamda": 0.170560507665015}, "datetime": {"datetime": "2021-09-23 23:19:12", "elapsed": 397.057036, "delta": 1.669071}}
{"target": 0.8909391325970478, "params": {"C": 972.2354507103204, "epsilon": 0.81795664420853, "gamma": 0.055097643738716215, "lamda": 0.3627801170554955}, "datetime": {"datetime": "2021-09-23 23:19:14", "elapsed": 398.689764, "delta": 1.632728}}
{"target": 0.9242621657269333, "params": {"C": 1104.3589139057756, "epsilon": 0.2671809954317824, "gamma": 0.052150750581295036, "lamda": 0.0721571177691133}, "datetime": {"datetime": "2021-09-23 23:19:16", "elapsed": 401.313492, "delta": 2.623728}}
{"target": 0.9071006013111371, "params": {"C": 1115.310711803752, "epsilon": 0.7984774829327275, "gamma": 0.0263469419871475, "lamda": 0.09439382039070471}, "datetime": {"datetime": "2021-09-23 23:19:18", "elapsed": 402.927257, "delta": 1.613765}}
{"target": 0.9170997197165873, "params": {"C": 957.0457897763627, "epsilon": 0.9046372155754951, "gamma": 0.020204652018791527, "lamda": 0.010966109210206361}, "datetime": {"datetime": "2021-09-23 23:19:20", "elapsed": 405.470168, "delta": 2.542911}}
{"target": 0.888780097157545, "params": {"C": 1005.5115797518431, "epsilon": 0.5667125977332578, "gamma": 0.019387129385400957, "lamda": 0.2476496770729437}, "datetime": {"datetime": "2021-09-23 23:19:22", "elapsed": 407.091559, "delta": 1.621391}}
{"target": 0.9174448259941759, "params": {"C": 1104.2600121557705, "epsilon": 0.2803862033815355, "gamma": 0.019186516894928934, "lamda": 0.026433884190774883}, "datetime": {"datetime": "2021-09-23 23:19:24", "elapsed": 409.24493, "delta": 2.153371}}
{"target": 0.9123683629502868, "params": {"C": 1090.3754382542206, "epsilon": 0.30798654193828323, "gamma": 0.03952316539223437, "lamda": 0.28396853933553823}, "datetime": {"datetime": "2021-09-23 23:19:26", "elapsed": 410.875667, "delta": 1.630737}}
{"target": 0.9187318736554141, "params": {"C": 1104.41558997587, "epsilon": 0.29727199851711594, "gamma": 0.06485430730695972, "lamda": 0.08661602005380319}, "datetime": {"datetime": "2021-09-23 23:19:29", "elapsed": 413.531689, "delta": 2.656022}}
{"target": 0.8976057302286338, "params": {"C": 975.2632189365036, "epsilon": 0.9145555811212792, "gamma": 0.06362935492667825, "lamda": 0.2284662350281005}, "datetime": {"datetime": "2021-09-23 23:19:30", "elapsed": 415.126679, "delta": 1.59499}}
{"target": 0.9256855457391037, "params": {"C": 982.4280843045342, "epsilon": 0.30877259842432747, "gamma": 0.02632555491457987, "lamda": 0.014994706524981638}, "datetime": {"datetime": "2021-09-23 23:19:33", "elapsed": 418.279198, "delta": 3.152519}}
{"target": 0.9020175999440945, "params": {"C": 1111.9709086891469, "epsilon": 0.4575696534335564, "gamma": 0.04351182075732465, "lamda": 0.3886494294453821}, "datetime": {"datetime": "2021-09-23 23:19:35", "elapsed": 419.958443, "delta": 1.679245}}
{"target": 0.9264327543140187, "params": {"C": 1072.6740268287833, "epsilon": 0.5499397907898717, "gamma": 0.04513437616018131, "lamda": 0.029965062400906038}, "datetime": {"datetime": "2021-09-23 23:19:37", "elapsed": 421.876057, "delta": 1.917614}}
{"target": 0.8982686239769646, "params": {"C": 1099.0345974027775, "epsilon": 0.859866934990085, "gamma": 0.05710251814804424, "lamda": 0.2526121976690217}, "datetime": {"datetime": "2021-09-23 23:19:39", "elapsed": 423.554524, "delta": 1.678467}}
{"target": 0.8994428834988281, "params": {"C": 954.0612991205068, "epsilon": 0.08973423968623617, "gamma": 0.011408547983738351, "lamda": 0.12756278627751563}, "datetime": {"datetime": "2021-09-23 23:19:41", "elapsed": 425.867808, "delta": 2.313284}}
{"target": 0.8811710654555249, "params": {"C": 1031.1405893712508, "epsilon": 0.2808379805507062, "gamma": 0.012207809335038497, "lamda": 0.2865774683827298}, "datetime": {"datetime": "2021-09-23 23:19:43", "elapsed": 427.511683, "delta": 1.643875}}
{"target": 0.9160142908360842, "params": {"C": 1059.3142631733917, "epsilon": 0.03641568629750888, "gamma": 0.06689903657910932, "lamda": 0.2260672794354147}, "datetime": {"datetime": "2021-09-23 23:19:44", "elapsed": 429.225605, "delta": 1.713922}}
{"target": 0.9246934169774823, "params": {"C": 982.5051555659443, "epsilon": 0.05620310883611511, "gamma": 0.02688358143393408, "lamda": 0.18557594822004278}, "datetime": {"datetime": "2021-09-23 23:19:46", "elapsed": 431.41888, "delta": 2.193275}}
{"target": 0.9163424196236156, "params": {"C": 1104.2211731928649, "epsilon": 0.21329921530763388, "gamma": 0.0684999939711998, "lamda": 0.04685171500701523}, "datetime": {"datetime": "2021-09-23 23:19:49", "elapsed": 433.894262, "delta": 2.475382}}
{"target": 0.9288846079050019, "params": {"C": 982.3085496816896, "epsilon": 0.06635376824064643, "gamma": 0.0426214598752598, "lamda": 0.08655003920998525}, "datetime": {"datetime": "2021-09-23 23:19:51", "elapsed": 435.980022, "delta": 2.08576}}
{"target": 0.9294713044546056, "params": {"C": 1014.6414745404202, "epsilon": 0.14125500415601444, "gamma": 0.03535930293163715, "lamda": 0.0683124852221366}, "datetime": {"datetime": "2021-09-23 23:19:54", "elapsed": 439.321593, "delta": 3.341571}}
{"target": 0.9014552534412865, "params": {"C": 982.4321455755293, "epsilon": 0.2594009345805557, "gamma": 0.011992401830175529, "lamda": 0.04088044343379052}, "datetime": {"datetime": "2021-09-23 23:19:56", "elapsed": 441.475061, "delta": 2.153468}}
{"target": 0.9230880595581549, "params": {"C": 958.1766871999067, "epsilon": 0.2608742343090832, "gamma": 0.052279534814348376, "lamda": 0.09201049387197241}, "datetime": {"datetime": "2021-09-23 23:19:59", "elapsed": 443.633577, "delta": 2.158516}}
{"target": 0.9228320428996689, "params": {"C": 1014.6818482226497, "epsilon": 0.1083989374312621, "gamma": 0.024002239019777903, "lamda": 0.08764545784975547}, "datetime": {"datetime": "2021-09-23 23:20:00", "elapsed": 445.339943, "delta": 1.706366}}
{"target": 0.9204817768679897, "params": {"C": 1104.4181359872653, "epsilon": 0.3819606778539606, "gamma": 0.06255696235910953, "lamda": 0.05301694794884707}, "datetime": {"datetime": "2021-09-23 23:20:03", "elapsed": 447.523957, "delta": 2.184014}}
{"target": 0.9196852252681836, "params": {"C": 1137.1100395547214, "epsilon": 0.8008423099170624, "gamma": 0.03719646190409606, "lamda": 0.04867830172424418}, "datetime": {"datetime": "2021-09-23 23:20:04", "elapsed": 449.194301, "delta": 1.670344}}
{"target": 0.9169624054939669, "params": {"C": 986.8278276883874, "epsilon": 0.3697556075784426, "gamma": 0.06962600870394142, "lamda": 0.066485000933984}, "datetime": {"datetime": "2021-09-23 23:20:06", "elapsed": 450.842722, "delta": 1.648421}}
{"target": 0.9123992193391149, "params": {"C": 1133.432568954816, "epsilon": 0.6073747166836607, "gamma": 0.05086945098826015, "lamda": 0.15065843218991296}, "datetime": {"datetime": "2021-09-23 23:20:07", "elapsed": 452.493242, "delta": 1.65052}}
{"target": 0.9183854433267818, "params": {"C": 1036.5239577838558, "epsilon": 0.2356795046712035, "gamma": 0.04880396475141729, "lamda": 0.21176946326117455}, "datetime": {"datetime": "2021-09-23 23:20:09", "elapsed": 454.157269, "delta": 1.664027}}
{"target": 0.9294826468016258, "params": {"C": 1043.6149656382233, "epsilon": 0.18547280400277338, "gamma": 0.03287354621570304, "lamda": 0.042613698204143624}, "datetime": {"datetime": "2021-09-23 23:20:11", "elapsed": 455.918353, "delta": 1.761084}}
{"target": 0.8945654062194155, "params": {"C": 1139.147815885086, "epsilon": 0.7625464369206273, "gamma": 0.0509488469855701, "lamda": 0.34302283005940093}, "datetime": {"datetime": "2021-09-23 23:20:13", "elapsed": 457.524331, "delta": 1.605978}}
{"target": 0.9179333306596842, "params": {"C": 986.7738435926539, "epsilon": 0.0933037511626517, "gamma": 0.05909421212673848, "lamda": 0.3655517941965795}, "datetime": {"datetime": "2021-09-23 23:20:14", "elapsed": 459.277022, "delta": 1.752691}}
{"target": 0.9230305631755906, "params": {"C": 1104.1948865727977, "epsilon": 0.12617142994880132, "gamma": 0.022793803572951944, "lamda": 0.03588849924251754}, "datetime": {"datetime": "2021-09-23 23:20:17", "elapsed": 462.457261, "delta": 3.180239}}
{"target": 0.898205642353374, "params": {"C": 1002.071810378806, "epsilon": 0.6377038732659773, "gamma": 0.013458487468038127, "lamda": 0.048967217133610005}, "datetime": {"datetime": "2021-09-23 23:20:19", "elapsed": 464.205039, "delta": 1.747778}}
{"target": 0.8846528980143238, "params": {"C": 1050.0516655513406, "epsilon": 0.9644575409170655, "gamma": 0.06411579715767467, "lamda": 0.3585044260933558}, "datetime": {"datetime": "2021-09-23 23:20:21", "elapsed": 465.953045, "delta": 1.748006}}
{"target": 0.9251238788873467, "params": {"C": 1021.6209455582998, "epsilon": 0.0734524091146469, "gamma": 0.02797433938244636, "lamda": 0.1697079765790409}, "datetime": {"datetime": "2021-09-23 23:20:23", "elapsed": 467.701047, "delta": 1.748002}}
{"target": 0.9180885585578905, "params": {"C": 1014.6530759750799, "epsilon": 0.11582288690444273, "gamma": 0.06203040793346872, "lamda": 0.06330040971721161}, "datetime": {"datetime": "2021-09-23 23:20:26", "elapsed": 470.597198, "delta": 2.896151}}
{"target": 0.9173917796438256, "params": {"C": 956.9507019579854, "epsilon": 0.9077818688805852, "gamma": 0.0678542577795797, "lamda": 0.01993560420432214}, "datetime": {"datetime": "2021-09-23 23:20:29", "elapsed": 473.625969, "delta": 3.028771}}
{"target": 0.9177391737380209, "params": {"C": 1104.2006563994, "epsilon": 0.1669026107168549, "gamma": 0.06789914957084998, "lamda": 0.13115749347757513}, "datetime": {"datetime": "2021-09-23 23:20:30", "elapsed": 475.413429, "delta": 1.78746}}
{"target": 0.8884781667211614, "params": {"C": 1129.123195769708, "epsilon": 0.4209701057373354, "gamma": 0.01817534689809938, "lamda": 0.2934711926578111}, "datetime": {"datetime": "2021-09-23 23:20:32", "elapsed": 477.193269, "delta": 1.77984}}
{"target": 0.9207160882707113, "params": {"C": 1014.584098731684, "epsilon": 0.06883902679669851, "gamma": 0.05277184537936668, "lamda": 0.060367108764224936}, "datetime": {"datetime": "2021-09-23 23:20:35", "elapsed": 479.630163, "delta": 2.436894}}
{"target": 0.9239538542278322, "params": {"C": 1002.018856374248, "epsilon": 0.2589188678170241, "gamma": 0.03170738383905766, "lamda": 0.07802651433134082}, "datetime": {"datetime": "2021-09-23 23:20:36", "elapsed": 481.477771, "delta": 1.847608}}
{"target": 0.9167237184880139, "params": {"C": 954.065798385997, "epsilon": 0.1171858291702383, "gamma": 0.07, "lamda": 0.10888996553670321}, "datetime": {"datetime": "2021-09-23 23:20:39", "elapsed": 484.283237, "delta": 2.805466}}
{"target": 0.9272603227982932, "params": {"C": 982.4951257814566, "epsilon": 0.2199131388852403, "gamma": 0.02865325612781451, "lamda": 0.024681357263034717}, "datetime": {"datetime": "2021-09-23 23:20:42", "elapsed": 486.725041, "delta": 2.441804}}
{"target": 0.9108753011115749, "params": {"C": 982.5035836909464, "epsilon": 0.22196362428132133, "gamma": 0.019329637323615496, "lamda": 0.11532578009185629}, "datetime": {"datetime": "2021-09-23 23:20:44", "elapsed": 489.049108, "delta": 2.324067}}
{"target": 0.9246682101807304, "params": {"C": 1104.3319893883581, "epsilon": 0.31273336477033664, "gamma": 0.0389615038550951, "lamda": 0.07290597014271534}, "datetime": {"datetime": "2021-09-23 23:20:48", "elapsed": 492.614764, "delta": 3.565656}}
{"target": 0.9096530792441379, "params": {"C": 1112.8521145314394, "epsilon": 0.7405837294882137, "gamma": 0.04489020386542871, "lamda": 0.15575402100550093}, "datetime": {"datetime": "2021-09-23 23:20:49", "elapsed": 494.436306, "delta": 1.821542}}
{"target": 0.913253932141533, "params": {"C": 1063.4756558809054, "epsilon": 0.4936029532388031, "gamma": 0.031205781421421427, "lamda": 0.12440107137737934}, "datetime": {"datetime": "2021-09-23 23:20:51", "elapsed": 496.278551, "delta": 1.842245}}
