{"target": 0.9177677633894541, "params": {"C": 663.9057671211441, "epsilon": 0.1974355097040882, "gamma": 0.06, "lamda": 0.1086880819823769}, "datetime": {"datetime": "2021-09-23 11:24:38", "elapsed": 381.263087, "delta": 2.664121}}
{"target": 0.909936991300336, "params": {"C": 662.1987242222583, "epsilon": 0.31081815005437025, "gamma": 0.0470526302396066, "lamda": 0.11967898771440492}, "datetime": {"datetime": "2021-09-23 11:24:39", "elapsed": 382.559126, "delta": 1.296039}}
{"target": 0.9146208817321345, "params": {"C": 666.3847660806521, "epsilon": 0.3027547633146886, "gamma": 0.056893724545991384, "lamda": 0.10941470601023369}, "datetime": {"datetime": "2021-09-23 11:24:41", "elapsed": 384.649196, "delta": 2.09007}}
{"target": 0.9161922829071212, "params": {"C": 663.8658058192066, "epsilon": 0.21853246353357927, "gamma": 0.05897867497773905, "lamda": 0.128821147753984}, "datetime": {"datetime": "2021-09-23 11:24:43", "elapsed": 386.465156, "delta": 1.81596}}
{"target": 0.9177411320303385, "params": {"C": 727.1447808235841, "epsilon": 0.24210611845138716, "gamma": 0.056197107267573675, "lamda": 0.07099522109164258}, "datetime": {"datetime": "2021-09-23 11:24:45", "elapsed": 388.174311, "delta": 1.709155}}
{"target": 0.8969253530584016, "params": {"C": 656.339947860992, "epsilon": 0.2983241947953151, "gamma": 0.028408379619130814, "lamda": 0.1164457021443831}, "datetime": {"datetime": "2021-09-23 11:24:46", "elapsed": 389.527097, "delta": 1.352786}}
{"target": 0.91548168478124, "params": {"C": 722.3579074730018, "epsilon": 0.07548251047356742, "gamma": 0.05114165124839273, "lamda": 0.14516111338549875}, "datetime": {"datetime": "2021-09-23 11:24:49", "elapsed": 391.854748, "delta": 2.327651}}
{"target": 0.8952358051293045, "params": {"C": 663.9036345129467, "epsilon": 0.22261901930069436, "gamma": 0.026308641442549206, "lamda": 0.1465578786492608}, "datetime": {"datetime": "2021-09-23 11:24:51", "elapsed": 393.838248, "delta": 1.9835}}
{"target": 0.9159976123677285, "params": {"C": 722.372835866805, "epsilon": 0.10831288912519818, "gamma": 0.05384753300229299, "lamda": 0.09716924813469886}, "datetime": {"datetime": "2021-09-23 11:24:52", "elapsed": 395.616771, "delta": 1.778523}}
{"target": 0.9133740215162357, "params": {"C": 798.099623316441, "epsilon": 0.19391253838389677, "gamma": 0.04350191590409282, "lamda": 0.09492532442366465}, "datetime": {"datetime": "2021-09-23 11:24:54", "elapsed": 396.969938, "delta": 1.353167}}
{"target": 0.9154356399672272, "params": {"C": 778.1247274389287, "epsilon": 0.09322984882404714, "gamma": 0.06, "lamda": 0.08576812457734642}, "datetime": {"datetime": "2021-09-23 11:24:56", "elapsed": 399.643944, "delta": 2.674006}}
{"target": 0.9100032603058881, "params": {"C": 602.6279204355073, "epsilon": 0.17233657698124688, "gamma": 0.04328339245332517, "lamda": 0.16834716633108227}, "datetime": {"datetime": "2021-09-23 11:24:58", "elapsed": 400.992901, "delta": 1.348957}}
{"target": 0.9171191699464304, "params": {"C": 694.786705940078, "epsilon": 0.25541453798294694, "gamma": 0.06, "lamda": 0.045}, "datetime": {"datetime": "2021-09-23 11:25:00", "elapsed": 402.96207, "delta": 1.969169}}
{"target": 0.9178825200200489, "params": {"C": 629.961727978237, "epsilon": 0.2562990057559544, "gamma": 0.06, "lamda": 0.06805200212500928}, "datetime": {"datetime": "2021-09-23 11:25:02", "elapsed": 405.297068, "delta": 2.334998}}
{"target": 0.9171275004057301, "params": {"C": 664.2966984667689, "epsilon": 0.23798068294264096, "gamma": 0.05545978345900497, "lamda": 0.0662956849867388}, "datetime": {"datetime": "2021-09-23 11:25:03", "elapsed": 406.696738, "delta": 1.39967}}
{"target": 0.9131054760050568, "params": {"C": 629.9391425386252, "epsilon": 0.3068982251001977, "gamma": 0.04607362125503022, "lamda": 0.062813859860511}, "datetime": {"datetime": "2021-09-23 11:25:05", "elapsed": 408.614964, "delta": 1.918226}}
{"target": 0.9159769407243917, "params": {"C": 694.7621850142727, "epsilon": 0.2879954781688787, "gamma": 0.056889606688398896, "lamda": 0.09490320266476462}, "datetime": {"datetime": "2021-09-23 11:25:08", "elapsed": 410.756027, "delta": 2.141063}}
{"target": 0.9049722581543383, "params": {"C": 727.1539997478789, "epsilon": 0.21096315487595513, "gamma": 0.03533086978413956, "lamda": 0.13469248584048507}, "datetime": {"datetime": "2021-09-23 11:25:09", "elapsed": 412.151118, "delta": 1.395091}}
{"target": 0.9173722921476528, "params": {"C": 709.4194634070263, "epsilon": 0.12261311563500797, "gamma": 0.0579111745677444, "lamda": 0.09739793851341826}, "datetime": {"datetime": "2021-09-23 11:25:11", "elapsed": 413.928591, "delta": 1.777473}}
{"target": 0.87938887852625, "params": {"C": 605.0448562907181, "epsilon": 0.1643060756430439, "gamma": 0.015651390732047493, "lamda": 0.1356096253707345}, "datetime": {"datetime": "2021-09-23 11:25:12", "elapsed": 415.622621, "delta": 1.69403}}
{"target": 0.8983089324566309, "params": {"C": 607.648624370694, "epsilon": 0.162035841347293, "gamma": 0.028598928509133315, "lamda": 0.13136366531511567}, "datetime": {"datetime": "2021-09-23 11:25:15", "elapsed": 418.053587, "delta": 2.430966}}
{"target": 0.9130670974255563, "params": {"C": 629.9896504749964, "epsilon": 0.25358311217844465, "gamma": 0.05002179801673539, "lamda": 0.11816587679260325}, "datetime": {"datetime": "2021-09-23 11:25:19", "elapsed": 421.809586, "delta": 3.755999}}
{"target": 0.905468874591274, "params": {"C": 600.6916990166573, "epsilon": 0.2731587114033302, "gamma": 0.037636551301211636, "lamda": 0.1198613799397035}, "datetime": {"datetime": "2021-09-23 11:25:21", "elapsed": 424.654379, "delta": 2.844793}}
{"target": 0.9164738939460726, "params": {"C": 664.3123050887841, "epsilon": 0.28579990412424894, "gamma": 0.05587251183654223, "lamda": 0.08437690617821102}, "datetime": {"datetime": "2021-09-23 11:25:24", "elapsed": 427.14185, "delta": 2.487471}}
{"target": 0.9104297042707796, "params": {"C": 675.7450036242553, "epsilon": 0.24035618553253746, "gamma": 0.048196336422425504, "lamda": 0.15423870141509083}, "datetime": {"datetime": "2021-09-23 11:25:27", "elapsed": 430.066302, "delta": 2.924452}}
{"target": 0.9058087312437715, "params": {"C": 799.446490985928, "epsilon": 0.30746283993668844, "gamma": 0.03780961236405521, "lamda": 0.10409778840754944}, "datetime": {"datetime": "2021-09-23 11:25:29", "elapsed": 431.860637, "delta": 1.794335}}
{"target": 0.9145714751817055, "params": {"C": 664.235775112409, "epsilon": 0.2491467690183376, "gamma": 0.050887923631058554, "lamda": 0.046849500526856394}, "datetime": {"datetime": "2021-09-23 11:25:32", "elapsed": 434.959059, "delta": 3.098422}}
{"target": 0.8878901504340619, "params": {"C": 664.2826868862412, "epsilon": 0.27156579146222304, "gamma": 0.02005632177352175, "lamda": 0.10743015410644584}, "datetime": {"datetime": "2021-09-23 11:25:35", "elapsed": 438.335661, "delta": 3.376602}}
{"target": 0.9140752523632152, "params": {"C": 722.3867029324501, "epsilon": 0.1979179263107371, "gamma": 0.05352460002564803, "lamda": 0.15532941461781877}, "datetime": {"datetime": "2021-09-23 11:25:38", "elapsed": 440.932197, "delta": 2.596536}}
{"target": 0.9156570419328268, "params": {"C": 727.0745652365985, "epsilon": 0.17014508309888288, "gamma": 0.04997808222464377, "lamda": 0.08101118664652848}, "datetime": {"datetime": "2021-09-23 11:25:40", "elapsed": 443.530736, "delta": 2.598539}}
{"target": 0.9113142589511796, "params": {"C": 731.7542003779166, "epsilon": 0.27971861737297204, "gamma": 0.04744927587515834, "lamda": 0.11569918568193333}, "datetime": {"datetime": "2021-09-23 11:25:42", "elapsed": 445.513734, "delta": 1.982998}}
{"target": 0.8710443398925778, "params": {"C": 786.131196642327, "epsilon": 0.11029448943906464, "gamma": 0.010964493351647406, "lamda": 0.1385826447685145}, "datetime": {"datetime": "2021-09-23 11:25:44", "elapsed": 447.583739, "delta": 2.070005}}
{"target": 0.8920913155460314, "params": {"C": 599.1488548308469, "epsilon": 0.24272998975175944, "gamma": 0.023572791260588484, "lamda": 0.13350211383855087}, "datetime": {"datetime": "2021-09-23 11:25:46", "elapsed": 449.524738, "delta": 1.940999}}
{"target": 0.9145096584574336, "params": {"C": 694.8620561635038, "epsilon": 0.29080780522377053, "gamma": 0.05508300337876749, "lamda": 0.10815480589379714}, "datetime": {"datetime": "2021-09-23 11:25:50", "elapsed": 452.925374, "delta": 3.400636}}
{"target": 0.9148175727299854, "params": {"C": 607.7439912014282, "epsilon": 0.13853969861336518, "gamma": 0.04986549260944409, "lamda": 0.11893418671376348}, "datetime": {"datetime": "2021-09-23 11:25:52", "elapsed": 455.18276, "delta": 2.257386}}
{"target": 0.9125868108071422, "params": {"C": 689.0938292152988, "epsilon": 0.29659565990241227, "gamma": 0.047282784542515555, "lamda": 0.09255335618165592}, "datetime": {"datetime": "2021-09-23 11:25:54", "elapsed": 457.078893, "delta": 1.896133}}
{"target": 0.8967352912978538, "params": {"C": 722.3332490221553, "epsilon": 0.19370558951264832, "gamma": 0.0256850614268634, "lamda": 0.12637816152944467}, "datetime": {"datetime": "2021-09-23 11:25:56", "elapsed": 459.602141, "delta": 2.523248}}
{"target": 0.9045781890993414, "params": {"C": 630.4014370005536, "epsilon": 0.24546723121661015, "gamma": 0.0343810414916155, "lamda": 0.09559640565811081}, "datetime": {"datetime": "2021-09-23 11:25:58", "elapsed": 461.560964, "delta": 1.958823}}
{"target": 0.8876048757897725, "params": {"C": 614.0501999924142, "epsilon": 0.1399868723898228, "gamma": 0.02346906964552477, "lamda": 0.04846491890290755}, "datetime": {"datetime": "2021-09-23 11:26:00", "elapsed": 463.596005, "delta": 2.035041}}
{"target": 0.9061334741295477, "params": {"C": 607.7001882540092, "epsilon": 0.165747190869892, "gamma": 0.039369815416761426, "lamda": 0.05631579174403553}, "datetime": {"datetime": "2021-09-23 11:26:03", "elapsed": 466.228069, "delta": 2.632064}}
{"target": 0.9117070679132153, "params": {"C": 646.4223102490334, "epsilon": 0.22416505011158858, "gamma": 0.04342987301973391, "lamda": 0.10091701481832366}, "datetime": {"datetime": "2021-09-23 11:26:05", "elapsed": 468.052368, "delta": 1.824299}}
{"target": 0.9151479863766092, "params": {"C": 722.4528779977311, "epsilon": 0.17031182728172511, "gamma": 0.05354446567482747, "lamda": 0.1571883999042641}, "datetime": {"datetime": "2021-09-23 11:26:07", "elapsed": 470.697882, "delta": 2.645514}}
{"target": 0.9151390262225384, "params": {"C": 722.3085729548926, "epsilon": 0.0866178332328461, "gamma": 0.051946392024182664, "lamda": 0.11406111368274151}, "datetime": {"datetime": "2021-09-23 11:26:11", "elapsed": 473.846649, "delta": 3.148767}}
{"target": 0.8999631156556465, "params": {"C": 795.782745377375, "epsilon": 0.19349319123000225, "gamma": 0.02879496218512049, "lamda": 0.13419732775964677}, "datetime": {"datetime": "2021-09-23 11:26:12", "elapsed": 475.664924, "delta": 1.818275}}
{"target": 0.8893804986873727, "params": {"C": 651.5994999203738, "epsilon": 0.22574558692375116, "gamma": 0.02113687244876224, "lamda": 0.08283251368179342}, "datetime": {"datetime": "2021-09-23 11:26:14", "elapsed": 477.687927, "delta": 2.023003}}
{"target": 0.867935312240824, "params": {"C": 615.2812927407583, "epsilon": 0.19843382890835984, "gamma": 0.012472152472636567, "lamda": 0.045}, "datetime": {"datetime": "2021-09-23 11:26:18", "elapsed": 481.675923, "delta": 3.987996}}
{"target": 0.9178851624653679, "params": {"C": 663.8690032420275, "epsilon": 0.11479808837601432, "gamma": 0.057887965886945746, "lamda": 0.16580705511879232}, "datetime": {"datetime": "2021-09-23 11:26:20", "elapsed": 483.580648, "delta": 1.904725}}
{"target": 0.8811588044638078, "params": {"C": 731.7753726326159, "epsilon": 0.2020625136535818, "gamma": 0.015359637963600788, "lamda": 0.08207857635109275}, "datetime": {"datetime": "2021-09-23 11:26:22", "elapsed": 485.675312, "delta": 2.094664}}
{"target": 0.9096099065758113, "params": {"C": 753.1823170505222, "epsilon": 0.31134236527546705, "gamma": 0.04014782940838979, "lamda": 0.07861436567188723}, "datetime": {"datetime": "2021-09-23 11:26:24", "elapsed": 487.576498, "delta": 1.901186}}
{"target": 0.9115469338800102, "params": {"C": 727.2510413969298, "epsilon": 0.18122985699020216, "gamma": 0.046123925310168255, "lamda": 0.048189321424409015}, "datetime": {"datetime": "2021-09-23 11:26:29", "elapsed": 491.859169, "delta": 4.282671}}
{"target": 0.9178967148973863, "params": {"C": 722.3857018064971, "epsilon": 0.12273635208928325, "gamma": 0.06, "lamda": 0.16999999985689876}, "datetime": {"datetime": "2021-09-23 11:26:32", "elapsed": 495.68371, "delta": 3.824541}}
{"target": 0.9181674183931696, "params": {"C": 722.3261689464487, "epsilon": 0.11416177139746687, "gamma": 0.06, "lamda": 0.16849546584558944}, "datetime": {"datetime": "2021-09-23 11:26:35", "elapsed": 498.558285, "delta": 2.874575}}
{"target": 0.9166861068199651, "params": {"C": 719.0277660405482, "epsilon": 0.21863507073901717, "gamma": 0.052823146185714834, "lamda": 0.06719229541678592}, "datetime": {"datetime": "2021-09-23 11:26:38", "elapsed": 500.731059, "delta": 2.172774}}
{"target": 0.914935872607269, "params": {"C": 719.0256583261574, "epsilon": 0.2272703241373594, "gamma": 0.05295747201927916, "lamda": 0.11936441761309427}, "datetime": {"datetime": "2021-09-23 11:26:40", "elapsed": 503.378059, "delta": 2.647}}
{"target": 0.9160540454187176, "params": {"C": 649.8270733751951, "epsilon": 0.3328611346363272, "gamma": 0.05582235112858737, "lamda": 0.07751753248401305}, "datetime": {"datetime": "2021-09-23 11:26:42", "elapsed": 505.244055, "delta": 1.865996}}
{"target": 0.9133508733783551, "params": {"C": 629.9530900129776, "epsilon": 0.21422112625130163, "gamma": 0.04642255452426327, "lamda": 0.09603734811157547}, "datetime": {"datetime": "2021-09-23 11:26:45", "elapsed": 508.435695, "delta": 3.19164}}
{"target": 0.9156685197376002, "params": {"C": 663.9221432213898, "epsilon": 0.1710216362077744, "gamma": 0.05962644541935839, "lamda": 0.05272938439930151}, "datetime": {"datetime": "2021-09-23 11:26:48", "elapsed": 511.16621, "delta": 2.730515}}
{"target": 0.913592959692097, "params": {"C": 615.2158580808795, "epsilon": 0.16129395250095557, "gamma": 0.04723764743198117, "lamda": 0.10653061558807188}, "datetime": {"datetime": "2021-09-23 11:26:51", "elapsed": 513.824031, "delta": 2.657821}}
{"target": 0.9136459057229801, "params": {"C": 709.4248154793213, "epsilon": 0.1398410254040219, "gamma": 0.06, "lamda": 0.045}, "datetime": {"datetime": "2021-09-23 11:26:53", "elapsed": 516.667174, "delta": 2.843143}}
{"target": 0.9029506755054262, "params": {"C": 712.5484867683369, "epsilon": 0.14508213701031702, "gamma": 0.031458372773789475, "lamda": 0.1558996905915057}, "datetime": {"datetime": "2021-09-23 11:26:56", "elapsed": 518.78713, "delta": 2.119956}}
{"target": 0.9157624302116492, "params": {"C": 629.9819506500166, "epsilon": 0.21009540891211734, "gamma": 0.06, "lamda": 0.045}, "datetime": {"datetime": "2021-09-23 11:26:58", "elapsed": 521.449689, "delta": 2.662559}}
{"target": 0.8940060778292224, "params": {"C": 637.7579764278739, "epsilon": 0.25950921447255315, "gamma": 0.024551210224359018, "lamda": 0.09812045979480419}, "datetime": {"datetime": "2021-09-23 11:27:01", "elapsed": 524.270823, "delta": 2.821134}}
{"target": 0.9081570051572065, "params": {"C": 608.9031095135945, "epsilon": 0.289328138078663, "gamma": 0.04758136978226351, "lamda": 0.15833963566901488}, "datetime": {"datetime": "2021-09-23 11:27:03", "elapsed": 526.53934, "delta": 2.268517}}
{"target": 0.9120080606954373, "params": {"C": 722.4282338217664, "epsilon": 0.22878916593583223, "gamma": 0.04693699276171497, "lamda": 0.1258764904774538}, "datetime": {"datetime": "2021-09-23 11:27:07", "elapsed": 529.733675, "delta": 3.194335}}
{"target": 0.9046182705291735, "params": {"C": 778.3771526717925, "epsilon": 0.09304487567530835, "gamma": 0.03573713436486186, "lamda": 0.09297156422039296}, "datetime": {"datetime": "2021-09-23 11:27:09", "elapsed": 531.790297, "delta": 2.056622}}
{"target": 0.9174363943789261, "params": {"C": 719.034416679922, "epsilon": 0.1585677697210774, "gamma": 0.05445311708622835, "lamda": 0.11551735194762819}, "datetime": {"datetime": "2021-09-23 11:27:11", "elapsed": 534.5284, "delta": 2.738103}}
{"target": 0.8838343249074474, "params": {"C": 644.6749482332314, "epsilon": 0.21939422823503052, "gamma": 0.017822607821167465, "lamda": 0.1222712020905212}, "datetime": {"datetime": "2021-09-23 11:27:13", "elapsed": 536.583262, "delta": 2.054862}}
{"target": 0.8775359090868367, "params": {"C": 719.0436191922086, "epsilon": 0.18615226405209584, "gamma": 0.013984944795270867, "lamda": 0.106650289023465}, "datetime": {"datetime": "2021-09-23 11:27:17", "elapsed": 540.020708, "delta": 3.437446}}
{"target": 0.9176413676320531, "params": {"C": 719.0091958674616, "epsilon": 0.16245167522357687, "gamma": 0.059679256570611974, "lamda": 0.07479353743413109}, "datetime": {"datetime": "2021-09-23 11:27:20", "elapsed": 543.058772, "delta": 3.038064}}
{"target": 0.9179113409838954, "params": {"C": 719.0032473780025, "epsilon": 0.13258901531640754, "gamma": 0.05935601741938189, "lamda": 0.15385833929547404}, "datetime": {"datetime": "2021-09-23 11:27:23", "elapsed": 546.172301, "delta": 3.113529}}
{"target": 0.9130797374701989, "params": {"C": 612.1579603567413, "epsilon": 0.31621650196159323, "gamma": 0.0546911291055652, "lamda": 0.11626135182584602}, "datetime": {"datetime": "2021-09-23 11:27:25", "elapsed": 548.0513, "delta": 1.878999}}
{"target": 0.9174318036374793, "params": {"C": 719.0497875090367, "epsilon": 0.11187662982054472, "gamma": 0.05516215598954407, "lamda": 0.12594308686324596}, "datetime": {"datetime": "2021-09-23 11:27:28", "elapsed": 551.3333, "delta": 3.282}}
{"target": 0.9059430210344235, "params": {"C": 759.1187268408328, "epsilon": 0.189014233429959, "gamma": 0.03792651729777054, "lamda": 0.16644405684379138}, "datetime": {"datetime": "2021-09-23 11:27:30", "elapsed": 553.6513, "delta": 2.318}}
{"target": 0.9160726360342822, "params": {"C": 615.1919940438083, "epsilon": 0.2275399402896324, "gamma": 0.05292102091863442, "lamda": 0.07751689685694983}, "datetime": {"datetime": "2021-09-23 11:27:34", "elapsed": 557.342305, "delta": 3.691005}}
{"target": 0.9108958686497127, "params": {"C": 745.2121922079858, "epsilon": 0.30099388912095154, "gamma": 0.04925209845670353, "lamda": 0.1238258764627261}, "datetime": {"datetime": "2021-09-23 11:27:36", "elapsed": 559.53934, "delta": 2.197035}}
{"target": 0.9156343124497213, "params": {"C": 718.9651216917043, "epsilon": 0.2167442923879061, "gamma": 0.05925388455749754, "lamda": 0.14222554937242035}, "datetime": {"datetime": "2021-09-23 11:27:40", "elapsed": 562.720929, "delta": 3.181589}}
{"target": 0.8712993083581071, "params": {"C": 672.2261335740945, "epsilon": 0.1398208811842172, "gamma": 0.011839841112532081, "lamda": 0.13446662543318602}, "datetime": {"datetime": "2021-09-23 11:27:42", "elapsed": 565.011496, "delta": 2.290567}}
{"target": 0.9154385660258064, "params": {"C": 702.5128329113961, "epsilon": 0.07178580958796639, "gamma": 0.05741586381592443, "lamda": 0.11550979932187176}, "datetime": {"datetime": "2021-09-23 11:27:44", "elapsed": 567.516928, "delta": 2.505432}}
{"target": 0.9159992688059222, "params": {"C": 727.1091498770156, "epsilon": 0.2048996711750831, "gamma": 0.06, "lamda": 0.04513456238789852}, "datetime": {"datetime": "2021-09-23 11:27:48", "elapsed": 571.297039, "delta": 3.780111}}
{"target": 0.9128313450267417, "params": {"C": 950.8339383023504, "epsilon": 0.07560302632703841, "gamma": 0.08168241174631377, "lamda": 0.1386004853173265}, "datetime": {"datetime": "2021-09-23 11:30:31", "elapsed": 0.0, "delta": 0.0}}
{"target": 0.9182865009379152, "params": {"C": 892.1790076450569, "epsilon": 0.13069509429332887, "gamma": 0.0599031432379812, "lamda": 0.14006633902486984}, "datetime": {"datetime": "2021-09-23 11:30:31", "elapsed": 0.291003, "delta": 0.291003}}
{"target": 0.9149003819245267, "params": {"C": 821.3588298609451, "epsilon": 0.09385174982698277, "gamma": 0.08426799091838987, "lamda": 0.16417416827436707}, "datetime": {"datetime": "2021-09-23 11:30:32", "elapsed": 0.604963, "delta": 0.31396}}
{"target": 0.9144059929887721, "params": {"C": 785.8488772605016, "epsilon": 0.2082919111141597, "gamma": 0.09063104808260568, "lamda": 0.12156575835367352}, "datetime": {"datetime": "2021-09-23 11:30:32", "elapsed": 0.919964, "delta": 0.315001}}
{"target": 0.9158475395110366, "params": {"C": 882.2001777354806, "epsilon": 0.15934141885707026, "gamma": 0.052694947460293545, "lamda": 0.1458750236166002}, "datetime": {"datetime": "2021-09-23 11:30:33", "elapsed": 1.482145, "delta": 0.562181}}
{"target": 0.9184347109838806, "params": {"C": 893.1403313849596, "epsilon": 0.11293469598110997, "gamma": 0.06166231758534199, "lamda": 0.11880816091421831}, "datetime": {"datetime": "2021-09-23 11:30:33", "elapsed": 1.905107, "delta": 0.422962}}
{"target": 0.9140649269403213, "params": {"C": 911.720478310579, "epsilon": 0.3213145385375822, "gamma": 0.07158272446722228, "lamda": 0.14204485740594858}, "datetime": {"datetime": "2021-09-23 11:30:33", "elapsed": 2.374144, "delta": 0.469037}}
{"target": 0.8834418649190076, "params": {"C": 1000.0, "epsilon": 0.07, "gamma": 0.1, "lamda": 0.045}, "datetime": {"datetime": "2021-09-23 11:30:34", "elapsed": 2.875104, "delta": 0.50096}}
{"target": 0.9094364088379843, "params": {"C": 847.9019401407606, "epsilon": 0.34, "gamma": 0.1, "lamda": 0.045}, "datetime": {"datetime": "2021-09-23 11:30:34", "elapsed": 3.473502, "delta": 0.598398}}
{"target": 0.9162532005728183, "params": {"C": 803.6174401912828, "epsilon": 0.34, "gamma": 0.05, "lamda": 0.045}, "datetime": {"datetime": "2021-09-23 11:30:35", "elapsed": 4.010502, "delta": 0.537}}
