{"target": 0.9212609938801125, "params": {"C": 1764.995431218326, "epsilon": 0.1420527722838526, "gamma": 0.0377421771976769, "lamda": 0.22788187483477415}, "datetime": {"datetime": "2021-09-24 08:43:05", "elapsed": 58.525399, "delta": 0.958886}}
{"target": 0.9126876901606047, "params": {"C": 1728.907926296471, "epsilon": 0.14211048957868105, "gamma": 0.06833741397481563, "lamda": 0.34612875507632634}, "datetime": {"datetime": "2021-09-24 08:43:06", "elapsed": 59.067876, "delta": 0.542477}}
{"target": 0.9208895659128469, "params": {"C": 1624.173079929993, "epsilon": 0.27098593709039054, "gamma": 0.029751113394043863, "lamda": 0.09404455338686031}, "datetime": {"datetime": "2021-09-24 08:43:07", "elapsed": 60.066465, "delta": 0.998589}}
{"target": 0.8987256497526532, "params": {"C": 1638.6012478578123, "epsilon": 0.7454702793690009, "gamma": 0.01, "lamda": 0.001}, "datetime": {"datetime": "2021-09-24 08:43:08", "elapsed": 61.278537, "delta": 1.212072}}
{"target": 0.9208955229607805, "params": {"C": 1638.4638870788306, "epsilon": 0.5979871952660344, "gamma": 0.06172776618476564, "lamda": 0.02335714807243689}, "datetime": {"datetime": "2021-09-24 08:43:09", "elapsed": 62.175606, "delta": 0.897069}}
{"target": 0.9217230076050565, "params": {"C": 1737.1773408388026, "epsilon": 0.03623776147234399, "gamma": 0.05876367306371374, "lamda": 0.2776494214483065}, "datetime": {"datetime": "2021-09-24 08:43:11", "elapsed": 63.880454, "delta": 1.704848}}
{"target": 0.9274972798827968, "params": {"C": 1749.4723320494495, "epsilon": 0.3948839725407104, "gamma": 0.04593244847612891, "lamda": 0.031135182249819655}, "datetime": {"datetime": "2021-09-24 08:43:11", "elapsed": 64.728429, "delta": 0.847975}}
{"target": 0.9122020267851655, "params": {"C": 1749.4490308124714, "epsilon": 0.5074342146775567, "gamma": 0.0460051864940342, "lamda": 0.18600075667182464}, "datetime": {"datetime": "2021-09-24 08:43:12", "elapsed": 65.711716, "delta": 0.983287}}
{"target": 0.9007497147457623, "params": {"C": 1749.3397008783438, "epsilon": 0.5238881381520016, "gamma": 0.020092360359869454, "lamda": 0.13394338251117271}, "datetime": {"datetime": "2021-09-24 08:43:13", "elapsed": 66.540284, "delta": 0.828568}}
{"target": 0.8765053612258973, "params": {"C": 1638.5693326421458, "epsilon": 0.5714406920633907, "gamma": 0.01, "lamda": 0.12529917288389913}, "datetime": {"datetime": "2021-09-24 08:43:14", "elapsed": 67.348136, "delta": 0.807852}}
{"target": 0.9272394976322311, "params": {"C": 1749.3945569816476, "epsilon": 0.4869431432934809, "gamma": 0.040275517880306776, "lamda": 0.031880287376944184}, "datetime": {"datetime": "2021-09-24 08:43:15", "elapsed": 68.513416, "delta": 1.16528}}
{"target": 0.8995331848838654, "params": {"C": 1749.5017718291288, "epsilon": 0.4767724310491406, "gamma": 0.06958332693345254, "lamda": 0.007927218891227335}, "datetime": {"datetime": "2021-09-24 08:43:16", "elapsed": 69.330912, "delta": 0.817496}}
{"target": 0.8986041575960164, "params": {"C": 1772.3685708085475, "epsilon": 0.7959292186370986, "gamma": 0.06049574738962546, "lamda": 0.25855767007288327}, "datetime": {"datetime": "2021-09-24 08:43:17", "elapsed": 70.196312, "delta": 0.8654}}
{"target": 0.9246283841950032, "params": {"C": 1764.8632603437757, "epsilon": 0.1975675239646928, "gamma": 0.05383447766333105, "lamda": 0.07488490928439895}, "datetime": {"datetime": "2021-09-24 08:43:18", "elapsed": 71.197917, "delta": 1.001605}}
{"target": 0.8963245311566688, "params": {"C": 1749.4595751963643, "epsilon": 0.275355355685721, "gamma": 0.011076540250258518, "lamda": 0.07875915470041632}, "datetime": {"datetime": "2021-09-24 08:43:19", "elapsed": 72.098808, "delta": 0.900891}}
{"target": 0.917655634977862, "params": {"C": 1729.3818056283828, "epsilon": 0.07834097172128293, "gamma": 0.06397009573306096, "lamda": 0.3237634731685937}, "datetime": {"datetime": "2021-09-24 08:43:20", "elapsed": 72.883918, "delta": 0.78511}}
{"target": 0.9135134608981138, "params": {"C": 1605.8191429938088, "epsilon": 0.5412863314333759, "gamma": 0.06458752949409159, "lamda": 0.11272405197337206}, "datetime": {"datetime": "2021-09-24 08:43:20", "elapsed": 73.596965, "delta": 0.713047}}
{"target": 0.917464065220117, "params": {"C": 1764.966219839308, "epsilon": 0.15960617728756313, "gamma": 0.06757849484405444, "lamda": 0.1543811391285584}, "datetime": {"datetime": "2021-09-24 08:43:21", "elapsed": 74.463409, "delta": 0.866444}}
{"target": 0.9174162940497295, "params": {"C": 1737.1349369503378, "epsilon": 0.1936717010645052, "gamma": 0.027133419304021807, "lamda": 0.15667901775851958}, "datetime": {"datetime": "2021-09-24 08:43:22", "elapsed": 75.596429, "delta": 1.13302}}
{"target": 0.900206913663381, "params": {"C": 1609.9367277903418, "epsilon": 0.6158346053251317, "gamma": 0.028929232904324254, "lamda": 0.23123778970736691}, "datetime": {"datetime": "2021-09-24 08:43:23", "elapsed": 76.241763, "delta": 0.645334}}
{"target": 0.9229842785665735, "params": {"C": 1764.8854829554043, "epsilon": 0.28140187532333183, "gamma": 0.046616182919485966, "lamda": 0.10047150367952198}, "datetime": {"datetime": "2021-09-24 08:43:24", "elapsed": 77.212458, "delta": 0.970695}}
{"target": 0.9146606842205971, "params": {"C": 1764.8816583165199, "epsilon": 0.07994358785286042, "gamma": 0.015421563195722502, "lamda": 0.0608292284685228}, "datetime": {"datetime": "2021-09-24 08:43:25", "elapsed": 78.138884, "delta": 0.926426}}
{"target": 0.9221593419133971, "params": {"C": 1764.8764413306503, "epsilon": 0.06122759808067593, "gamma": 0.05598447199988292, "lamda": 0.30277418622602115}, "datetime": {"datetime": "2021-09-24 08:43:26", "elapsed": 79.835401, "delta": 1.696517}}
{"target": 0.9211513681188661, "params": {"C": 1624.0239054214305, "epsilon": 0.14168658464547015, "gamma": 0.06003728339098144, "lamda": 0.06540859131441408}, "datetime": {"datetime": "2021-09-24 08:43:27", "elapsed": 80.853697, "delta": 1.018296}}
{"target": 0.9177805266054758, "params": {"C": 1638.9446036085671, "epsilon": 0.4677101742567653, "gamma": 0.06802859727838093, "lamda": 0.04802691288163459}, "datetime": {"datetime": "2021-09-24 08:43:29", "elapsed": 81.950971, "delta": 1.097274}}
{"target": 0.9189606371483308, "params": {"C": 1623.9879035678127, "epsilon": 0.2639090693000287, "gamma": 0.06641848096585319, "lamda": 0.05647590596069576}, "datetime": {"datetime": "2021-09-24 08:43:29", "elapsed": 82.730432, "delta": 0.779461}}
{"target": 0.9257660696495056, "params": {"C": 1764.9597427503238, "epsilon": 0.0650410974958012, "gamma": 0.04247915823115584, "lamda": 0.26023282203422055}, "datetime": {"datetime": "2021-09-24 08:43:31", "elapsed": 83.874979, "delta": 1.144547}}
{"target": 0.9160525785308689, "params": {"C": 1694.6265798740478, "epsilon": 0.6678857848740779, "gamma": 0.06309517416898137, "lamda": 0.07003032387803912}, "datetime": {"datetime": "2021-09-24 08:43:31", "elapsed": 84.53746, "delta": 0.662481}}
{"target": 0.9194114633279187, "params": {"C": 1770.1348530507025, "epsilon": 0.27222863265745145, "gamma": 0.046860868259423975, "lamda": 0.1674937157763118}, "datetime": {"datetime": "2021-09-24 08:43:32", "elapsed": 85.244608, "delta": 0.707148}}
{"target": 0.8917221391038676, "params": {"C": 1634.9477041133625, "epsilon": 0.3398439368681727, "gamma": 0.014415515842233988, "lamda": 0.18032579906708}, "datetime": {"datetime": "2021-09-24 08:43:33", "elapsed": 85.961118, "delta": 0.71651}}
{"target": 0.9208502902130701, "params": {"C": 1729.251121946819, "epsilon": 0.06626187905545039, "gamma": 0.030340215988380742, "lamda": 0.35159755964569395}, "datetime": {"datetime": "2021-09-24 08:43:34", "elapsed": 87.236244, "delta": 1.275126}}
{"target": 0.9236464337441039, "params": {"C": 1764.8929055998537, "epsilon": 0.10577497770312289, "gamma": 0.03261412683197288, "lamda": 0.19589050992930446}, "datetime": {"datetime": "2021-09-24 08:43:35", "elapsed": 88.110204, "delta": 0.87396}}
{"target": 0.9077773961060952, "params": {"C": 1737.0207208977886, "epsilon": 0.06776862167505811, "gamma": 0.012968689358293968, "lamda": 0.15733823724996648}, "datetime": {"datetime": "2021-09-24 08:43:36", "elapsed": 89.45593, "delta": 1.345726}}
{"target": 0.922269101010157, "params": {"C": 1624.1240571895896, "epsilon": 0.17853789208254753, "gamma": 0.055283003466148346, "lamda": 0.12998908094293327}, "datetime": {"datetime": "2021-09-24 08:43:37", "elapsed": 90.277911, "delta": 0.821981}}
{"target": 0.9010763946453179, "params": {"C": 1765.1487108391123, "epsilon": 0.08539581705314964, "gamma": 0.012222308615611608, "lamda": 0.1997451416759077}, "datetime": {"datetime": "2021-09-24 08:43:38", "elapsed": 91.324951, "delta": 1.04704}}
{"target": 0.9291102038988991, "params": {"C": 1624.1479214697904, "epsilon": 0.16761213694253707, "gamma": 0.04144303119546722, "lamda": 0.03624256996946368}, "datetime": {"datetime": "2021-09-24 08:43:40", "elapsed": 93.315328, "delta": 1.990377}}
{"target": 0.9011297263655719, "params": {"C": 1638.283763236701, "epsilon": 0.1917107420510817, "gamma": 0.016431305802315742, "lamda": 0.21318523315029944}, "datetime": {"datetime": "2021-09-24 08:43:41", "elapsed": 94.145265, "delta": 0.829937}}
{"target": 0.9193389690488016, "params": {"C": 1751.9979683734366, "epsilon": 0.14929983358833632, "gamma": 0.03182440030069807, "lamda": 0.22146738638214872}, "datetime": {"datetime": "2021-09-24 08:43:42", "elapsed": 95.320263, "delta": 1.174998}}
{"target": 0.9210743480799898, "params": {"C": 1737.272055504326, "epsilon": 0.15200561036242696, "gamma": 0.06100769382052526, "lamda": 0.12433951208298712}, "datetime": {"datetime": "2021-09-24 08:43:43", "elapsed": 96.111803, "delta": 0.79154}}
{"target": 0.9254640755813491, "params": {"C": 1648.0556979579403, "epsilon": 0.8262884208591298, "gamma": 0.04177352018761141, "lamda": 0.023832859251152878}, "datetime": {"datetime": "2021-09-24 08:43:44", "elapsed": 97.039311, "delta": 0.927508}}
{"target": 0.9195826583507204, "params": {"C": 1683.7983022386484, "epsilon": 0.996814221971482, "gamma": 0.050044525431901535, "lamda": 0.041661512213747025}, "datetime": {"datetime": "2021-09-24 08:43:45", "elapsed": 98.292277, "delta": 1.252966}}
{"target": 0.8481192082303035, "params": {"C": 1638.351170462707, "epsilon": 0.6848367507738997, "gamma": 0.07, "lamda": 0.001}, "datetime": {"datetime": "2021-09-24 08:43:46", "elapsed": 99.417519, "delta": 1.125242}}
{"target": 0.9164290711267334, "params": {"C": 1638.4775998472778, "epsilon": 0.7875717781421241, "gamma": 0.04577894739623106, "lamda": 0.0802953916477624}, "datetime": {"datetime": "2021-09-24 08:43:47", "elapsed": 100.571363, "delta": 1.153844}}
{"target": 0.9215185736765432, "params": {"C": 1737.2994650239816, "epsilon": 0.09691622476432002, "gamma": 0.029030738105646617, "lamda": 0.21916361355672806}, "datetime": {"datetime": "2021-09-24 08:43:48", "elapsed": 101.675982, "delta": 1.104619}}
{"target": 0.889621433818795, "params": {"C": 1749.4346477770891, "epsilon": 0.40894326571348727, "gamma": 0.011519338609589341, "lamda": 0.10050637766041354}, "datetime": {"datetime": "2021-09-24 08:43:49", "elapsed": 102.748249, "delta": 1.072267}}
{"target": 0.9291342564004301, "params": {"C": 1765.0139347754457, "epsilon": 0.0588156097513253, "gamma": 0.040162202751196724, "lamda": 0.0869529132958664}, "datetime": {"datetime": "2021-09-24 08:43:51", "elapsed": 104.219032, "delta": 1.470783}}
{"target": 0.918295799840021, "params": {"C": 1763.9011185285967, "epsilon": 0.08248284657295155, "gamma": 0.058408841926688666, "lamda": 0.37260896274736}, "datetime": {"datetime": "2021-09-24 08:43:52", "elapsed": 104.999354, "delta": 0.780322}}
{"target": 0.9257053734831803, "params": {"C": 1737.2359991733842, "epsilon": 0.03202660093241566, "gamma": 0.04346751145441065, "lamda": 0.1287327738252964}, "datetime": {"datetime": "2021-09-24 08:43:53", "elapsed": 106.103068, "delta": 1.103714}}
{"target": 0.9157409282552617, "params": {"C": 1694.328980457292, "epsilon": 0.2607956519883421, "gamma": 0.043715077692807774, "lamda": 0.257267554410696}, "datetime": {"datetime": "2021-09-24 08:43:54", "elapsed": 107.310128, "delta": 1.20706}}
{"target": 0.924600557178079, "params": {"C": 1737.2816047662825, "epsilon": 0.09647765592143318, "gamma": 0.0479665728838273, "lamda": 0.19901309853441143}, "datetime": {"datetime": "2021-09-24 08:43:55", "elapsed": 108.075731, "delta": 0.765603}}
{"target": 0.9171067222231194, "params": {"C": 1624.2331144416603, "epsilon": 0.2362463627167301, "gamma": 0.017268665164145783, "lamda": 0.03534907299524423}, "datetime": {"datetime": "2021-09-24 08:43:56", "elapsed": 108.989333, "delta": 0.913602}}
{"target": 0.9099875485483905, "params": {"C": 1648.0583648554234, "epsilon": 0.8880657324420447, "gamma": 0.03672574166064837, "lamda": 0.11160629382955263}, "datetime": {"datetime": "2021-09-24 08:43:57", "elapsed": 110.062808, "delta": 1.073475}}
{"target": 0.9074203322593445, "params": {"C": 1759.9499187328838, "epsilon": 0.24953022686291432, "gamma": 0.03174120971822739, "lamda": 0.3959755288598539}, "datetime": {"datetime": "2021-09-24 08:43:57", "elapsed": 110.773734, "delta": 0.710926}}
{"target": 0.9202231134776425, "params": {"C": 1613.3466163725636, "epsilon": 0.15940624080733246, "gamma": 0.048832562763475626, "lamda": 0.23117264300962911}, "datetime": {"datetime": "2021-09-24 08:43:58", "elapsed": 111.736207, "delta": 0.962473}}
{"target": 0.9202994791956742, "params": {"C": 1647.4909904608041, "epsilon": 0.8521469727564794, "gamma": 0.019353167449943268, "lamda": 0.002889736109050558}, "datetime": {"datetime": "2021-09-24 08:43:59", "elapsed": 112.637938, "delta": 0.901731}}
{"target": 0.9119629456535097, "params": {"C": 1764.9312634542316, "epsilon": 0.31025512175166736, "gamma": 0.06880450400180595, "lamda": 0.19464496210216536}, "datetime": {"datetime": "2021-09-24 08:44:00", "elapsed": 113.790426, "delta": 1.152488}}
{"target": 0.9066236474304508, "params": {"C": 1642.2134275947612, "epsilon": 0.6836189943343498, "gamma": 0.05884154412193709, "lamda": 0.19195156509524197}, "datetime": {"datetime": "2021-09-24 08:44:01", "elapsed": 114.488184, "delta": 0.697758}}
{"target": 0.9112451754240869, "params": {"C": 1715.0256645929062, "epsilon": 0.5427503498020761, "gamma": 0.04374978539374783, "lamda": 0.1862258772591661}, "datetime": {"datetime": "2021-09-24 08:44:02", "elapsed": 115.384827, "delta": 0.896643}}
{"target": 0.9267592701414441, "params": {"C": 1764.8275962534942, "epsilon": 0.12392614626584815, "gamma": 0.04330843889713591, "lamda": 0.12784366765905472}, "datetime": {"datetime": "2021-09-24 08:44:03", "elapsed": 116.283595, "delta": 0.898768}}
{"target": 0.8593048496331305, "params": {"C": 1624.096471248171, "epsilon": 0.08008808163269995, "gamma": 0.0660247444072914, "lamda": 0.010347739970959589}, "datetime": {"datetime": "2021-09-24 08:44:04", "elapsed": 117.428581, "delta": 1.144986}}
{"target": 0.9056992979716748, "params": {"C": 1624.1051862197428, "epsilon": 0.2681900363471349, "gamma": 0.018772200767804954, "lamda": 0.14673284049899793}, "datetime": {"datetime": "2021-09-24 08:44:05", "elapsed": 118.409665, "delta": 0.981084}}
{"target": 0.9188164429411099, "params": {"C": 1731.0759625597434, "epsilon": 0.14742843030751573, "gamma": 0.043074157575042855, "lamda": 0.3183593243230231}, "datetime": {"datetime": "2021-09-24 08:44:06", "elapsed": 119.142203, "delta": 0.732538}}
{"target": 0.9176880566170749, "params": {"C": 1751.9813238217832, "epsilon": 0.037368620876687825, "gamma": 0.06330327816871972, "lamda": 0.2023353944793099}, "datetime": {"datetime": "2021-09-24 08:44:07", "elapsed": 120.343507, "delta": 1.201304}}
{"target": 0.9256448053826307, "params": {"C": 1638.2625858995723, "epsilon": 0.1620834159535545, "gamma": 0.05075771182737911, "lamda": 0.048753326792461874}, "datetime": {"datetime": "2021-09-24 08:44:08", "elapsed": 121.221923, "delta": 0.878416}}
{"target": 0.9249818766923421, "params": {"C": 1730.3431357922555, "epsilon": 0.158477294067946, "gamma": 0.049759902484325366, "lamda": 0.04027005645109971}, "datetime": {"datetime": "2021-09-24 08:44:09", "elapsed": 122.432038, "delta": 1.210115}}
{"target": 0.9097539711706026, "params": {"C": 1737.284052430534, "epsilon": 0.05726277435291273, "gamma": 0.06583659605419401, "lamda": 0.08620101173963457}, "datetime": {"datetime": "2021-09-24 08:44:10", "elapsed": 123.386242, "delta": 0.954204}}
{"target": 0.9260717614362213, "params": {"C": 1751.8925937807826, "epsilon": 0.0450984118632836, "gamma": 0.046133957155314785, "lamda": 0.31234920997526816}, "datetime": {"datetime": "2021-09-24 08:44:11", "elapsed": 124.593303, "delta": 1.207061}}
{"target": 0.9281443485485309, "params": {"C": 1715.0876398046673, "epsilon": 0.5431340454736073, "gamma": 0.041047371079207993, "lamda": 0.023488927162763792}, "datetime": {"datetime": "2021-09-24 08:44:12", "elapsed": 125.548651, "delta": 0.955348}}
{"target": 0.9148470292025067, "params": {"C": 1751.9232740093864, "epsilon": 0.11300461593605597, "gamma": 0.07, "lamda": 0.2809313352037847}, "datetime": {"datetime": "2021-09-24 08:44:13", "elapsed": 126.605808, "delta": 1.057157}}
{"target": 0.9111657920326962, "params": {"C": 1799.9365675141403, "epsilon": 0.9413578200147077, "gamma": 0.05169587417401512, "lamda": 0.1074887568570277}, "datetime": {"datetime": "2021-09-24 08:44:14", "elapsed": 127.448733, "delta": 0.842925}}
{"target": 0.9016700956579842, "params": {"C": 1671.700954064564, "epsilon": 0.9706437187470232, "gamma": 0.046747562496621535, "lamda": 0.19747547043438402}, "datetime": {"datetime": "2021-09-24 08:44:15", "elapsed": 128.441632, "delta": 0.992899}}
{"target": 0.9217065988239113, "params": {"C": 1664.6435246066158, "epsilon": 0.17998400187653382, "gamma": 0.054238940631976096, "lamda": 0.14901654730523006}, "datetime": {"datetime": "2021-09-24 08:44:16", "elapsed": 129.245425, "delta": 0.803793}}
{"target": 0.9052478425156827, "params": {"C": 1701.6017112963468, "epsilon": 0.053496529127586186, "gamma": 0.0115423075640145, "lamda": 0.10482991039757304}, "datetime": {"datetime": "2021-09-24 08:44:17", "elapsed": 130.356093, "delta": 1.110668}}
{"target": 0.9125109185714524, "params": {"C": 1648.0120161947648, "epsilon": 0.7725848189210703, "gamma": 0.06978463912298956, "lamda": 0.010151745224476594}, "datetime": {"datetime": "2021-09-24 08:44:18", "elapsed": 131.561561, "delta": 1.205468}}
{"target": 0.9229637256825544, "params": {"C": 1701.5411093713387, "epsilon": 0.14140335487868588, "gamma": 0.044005149018635004, "lamda": 0.19359472549782702}, "datetime": {"datetime": "2021-09-24 08:44:20", "elapsed": 132.933079, "delta": 1.371518}}
{"target": 0.902581668047146, "params": {"C": 1687.0879749868056, "epsilon": 0.8784011947375866, "gamma": 0.035864657870234413, "lamda": 0.18268796728063807}, "datetime": {"datetime": "2021-09-24 08:44:20", "elapsed": 133.766413, "delta": 0.833334}}
{"target": 0.9209111249715946, "params": {"C": 1638.2814495877994, "epsilon": 0.2208375831781981, "gamma": 0.060370227747514646, "lamda": 0.10120998213296449}, "datetime": {"datetime": "2021-09-24 08:44:21", "elapsed": 134.741974, "delta": 0.975561}}
{"target": 0.8795026114683641, "params": {"C": 1769.5655207453779, "epsilon": 0.4492766887690173, "gamma": 0.016580179125591267, "lamda": 0.372529342562119}, "datetime": {"datetime": "2021-09-24 08:44:22", "elapsed": 135.645542, "delta": 0.903568}}
{"target": 0.9220681680358606, "params": {"C": 1701.5679213247097, "epsilon": 0.20761570024947473, "gamma": 0.052580402393367254, "lamda": 0.13203475254151978}, "datetime": {"datetime": "2021-09-24 08:44:23", "elapsed": 136.630807, "delta": 0.985265}}
{"target": 0.9092768047630005, "params": {"C": 1764.8153428164644, "epsilon": 0.21023785554087615, "gamma": 0.017651871862234228, "lamda": 0.11104092241571127}, "datetime": {"datetime": "2021-09-24 08:44:24", "elapsed": 137.765292, "delta": 1.134485}}
{"target": 0.906275640281266, "params": {"C": 1721.7593426745254, "epsilon": 0.3693580054067216, "gamma": 0.02634467881683837, "lamda": 0.21723529157773994}, "datetime": {"datetime": "2021-09-24 08:44:26", "elapsed": 138.896684, "delta": 1.131392}}
{"target": 0.9187914591038933, "params": {"C": 1764.7657232098911, "epsilon": 0.07591991615985377, "gamma": 0.06554102128154951, "lamda": 0.22782952205803275}, "datetime": {"datetime": "2021-09-24 08:44:27", "elapsed": 140.011907, "delta": 1.115223}}
{"target": 0.9209460355868597, "params": {"C": 1671.6690958680872, "epsilon": 0.3401515195022249, "gamma": 0.0434942823660553, "lamda": 0.11052632772186367}, "datetime": {"datetime": "2021-09-24 08:44:28", "elapsed": 141.078134, "delta": 1.066227}}
{"target": 0.9207034701711758, "params": {"C": 1765.0238465802915, "epsilon": 0.08631228322772816, "gamma": 0.061987295068620225, "lamda": 0.1919881063522832}, "datetime": {"datetime": "2021-09-24 08:44:29", "elapsed": 142.479389, "delta": 1.401255}}
{"target": 0.9220592206322981, "params": {"C": 1624.0704640717215, "epsilon": 0.21599347973481975, "gamma": 0.05619682378938671, "lamda": 0.03487210286842591}, "datetime": {"datetime": "2021-09-24 08:44:30", "elapsed": 143.472174, "delta": 0.992785}}
{"target": 0.8970301092191135, "params": {"C": 1715.1545716513808, "epsilon": 0.5786742030045743, "gamma": 0.04430845742679132, "lamda": 0.001}, "datetime": {"datetime": "2021-09-24 08:44:32", "elapsed": 144.875766, "delta": 1.403592}}
{"target": 0.9213202126551112, "params": {"C": 1764.8936518957123, "epsilon": 0.1461125536327702, "gamma": 0.05964220253155863, "lamda": 0.1388478160211484}, "datetime": {"datetime": "2021-09-24 08:44:33", "elapsed": 146.120542, "delta": 1.244776}}
{"target": 0.9171789267793766, "params": {"C": 1714.9811051609495, "epsilon": 0.5274386377299682, "gamma": 0.06940974963928702, "lamda": 0.039609315032177426}, "datetime": {"datetime": "2021-09-24 08:44:34", "elapsed": 147.624394, "delta": 1.503852}}
