{"target": -2.1090908678238303, "params": {"C": 207.17256694676632, "epsilon": 0.03793553189936858, "gamma": 0.07513452808522038, "lamda": 0.14153675887097028}, "datetime": {"datetime": "2021-09-23 13:20:04", "elapsed": 323.635786, "delta": 1.640044}}
{"target": -2.1404953136615803, "params": {"C": 272.07488922824496, "epsilon": 0.354128518451453, "gamma": 0.058376057149170865, "lamda": 0.2997296521800807}, "datetime": {"datetime": "2021-09-23 13:20:05", "elapsed": 325.225784, "delta": 1.589998}}
{"target": -1.9536355809304524, "params": {"C": 271.58865542515287, "epsilon": 0.12005130651902209, "gamma": 0.051270388707547736, "lamda": 0.16267529936752442}, "datetime": {"datetime": "2021-09-23 13:20:08", "elapsed": 327.889292, "delta": 2.663508}}
{"target": -2.112668062891805, "params": {"C": 192.38799516135828, "epsilon": 0.03286254160568365, "gamma": 0.07660937872478164, "lamda": 0.20768874614322114}, "datetime": {"datetime": "2021-09-23 13:20:11", "elapsed": 330.338338, "delta": 2.449046}}
{"target": -2.1575917749847924, "params": {"C": 223.0876600310279, "epsilon": 0.3600100574819147, "gamma": 0.06187368233544925, "lamda": 0.3047544723318911}, "datetime": {"datetime": "2021-09-23 13:20:12", "elapsed": 331.979388, "delta": 1.64105}}
{"target": -2.071829026136663, "params": {"C": 213.27492915033437, "epsilon": 0.20955559085838157, "gamma": 0.020730975189284368, "lamda": 0.04210623380422332}, "datetime": {"datetime": "2021-09-23 13:20:15", "elapsed": 334.332557, "delta": 2.353169}}
{"target": -2.2147569444505457, "params": {"C": 230.36189387549896, "epsilon": 0.07288364946953096, "gamma": 0.013233406053123405, "lamda": 0.2428105387364452}, "datetime": {"datetime": "2021-09-23 13:20:17", "elapsed": 336.524768, "delta": 2.192211}}
{"target": -1.9266752033319348, "params": {"C": 251.43663507142276, "epsilon": 0.2418335410325926, "gamma": 0.04361853564212213, "lamda": 0.03829045037571738}, "datetime": {"datetime": "2021-09-23 13:20:19", "elapsed": 338.680772, "delta": 2.156004}}
{"target": -2.122142200126914, "params": {"C": 219.81764531776298, "epsilon": 0.3428887113861725, "gamma": 0.03577173146678315, "lamda": 0.29220932432020646}, "datetime": {"datetime": "2021-09-23 13:20:20", "elapsed": 340.228769, "delta": 1.547997}}
{"target": -2.0335975337803145, "params": {"C": 218.79670102332807, "epsilon": 0.04357214021998467, "gamma": 0.06219524587264767, "lamda": 0.12835501827790255}, "datetime": {"datetime": "2021-09-23 13:20:23", "elapsed": 342.538292, "delta": 2.309523}}
{"target": -1.9852048125010107, "params": {"C": 271.55886812249736, "epsilon": 0.12467522750229258, "gamma": 0.025413514638822958, "lamda": 0.12114978611328941}, "datetime": {"datetime": "2021-09-23 13:20:26", "elapsed": 345.999295, "delta": 3.461003}}
{"target": -1.9816940646486048, "params": {"C": 213.19359348264203, "epsilon": 0.3850306073110511, "gamma": 0.061615148751737334, "lamda": 0.07286619721922219}, "datetime": {"datetime": "2021-09-23 13:20:29", "elapsed": 348.681291, "delta": 2.681996}}
{"target": -2.01886670568641, "params": {"C": 298.9393246417345, "epsilon": 0.19980607111867332, "gamma": 0.05690268226572995, "lamda": 0.20871025876381882}, "datetime": {"datetime": "2021-09-23 13:20:31", "elapsed": 350.407293, "delta": 1.726002}}
{"target": -2.024330353362526, "params": {"C": 251.42896643508226, "epsilon": 0.20641413729571703, "gamma": 0.06407303515926739, "lamda": 0.03868405109011516}, "datetime": {"datetime": "2021-09-23 13:20:34", "elapsed": 353.714648, "delta": 3.307355}}
{"target": -2.118606424516164, "params": {"C": 189.83883931284132, "epsilon": 0.17023901290022717, "gamma": 0.05659674943465525, "lamda": 0.49358700536459926}, "datetime": {"datetime": "2021-09-23 13:20:36", "elapsed": 355.539666, "delta": 1.825018}}
{"target": -2.025147052500596, "params": {"C": 271.574564996978, "epsilon": 0.10610975238535165, "gamma": 0.06685976882281264, "lamda": 0.12772777404487287}, "datetime": {"datetime": "2021-09-23 13:20:39", "elapsed": 358.399076, "delta": 2.85941}}
{"target": -1.9443767381096184, "params": {"C": 213.31153106077164, "epsilon": 0.24422642524392432, "gamma": 0.050453546889046436, "lamda": 0.04393164653876654}, "datetime": {"datetime": "2021-09-23 13:20:41", "elapsed": 361.260892, "delta": 2.861816}}
{"target": -2.0490250949880773, "params": {"C": 224.2586224000571, "epsilon": 0.2601957506991746, "gamma": 0.07364369684260696, "lamda": 0.09762725774854653}, "datetime": {"datetime": "2021-09-23 13:20:44", "elapsed": 363.311636, "delta": 2.050744}}
{"target": -2.161852469734719, "params": {"C": 253.99266227371976, "epsilon": 0.38589928019418307, "gamma": 0.014517861059544671, "lamda": 0.06343772582629036}, "datetime": {"datetime": "2021-09-23 13:20:46", "elapsed": 365.860245, "delta": 2.548609}}
{"target": -2.0202661507374824, "params": {"C": 228.60574906990797, "epsilon": 0.03, "gamma": 0.06385739785113563, "lamda": 0.3389191482293166}, "datetime": {"datetime": "2021-09-23 13:20:50", "elapsed": 369.571054, "delta": 3.710809}}
{"target": -2.360278847298133, "params": {"C": 219.06885110848535, "epsilon": 0.3435298923292418, "gamma": 0.01227174511790555, "lamda": 0.23010969889436061}, "datetime": {"datetime": "2021-09-23 13:20:52", "elapsed": 371.410805, "delta": 1.839751}}
{"target": -1.9991094017484066, "params": {"C": 251.44745501064477, "epsilon": 0.246279809427646, "gamma": 0.053523364222562736, "lamda": 0.018432931788482758}, "datetime": {"datetime": "2021-09-23 13:20:55", "elapsed": 374.335101, "delta": 2.924296}}
{"target": -2.218093814014021, "params": {"C": 191.18782676691245, "epsilon": 0.15923425180713421, "gamma": 0.017911947024866495, "lamda": 0.36656534643844985}, "datetime": {"datetime": "2021-09-23 13:20:57", "elapsed": 376.326281, "delta": 1.99118}}
{"target": -1.9313836719048392, "params": {"C": 213.13603478308772, "epsilon": 0.17829901502426596, "gamma": 0.038420720871472934, "lamda": 0.04997566835342638}, "datetime": {"datetime": "2021-09-23 13:20:59", "elapsed": 378.814651, "delta": 2.48837}}
{"target": -2.17523972789419, "params": {"C": 187.31481271024867, "epsilon": 0.153676110683183, "gamma": 0.022646594059442138, "lamda": 0.4258186553503185}, "datetime": {"datetime": "2021-09-23 13:21:01", "elapsed": 380.56967, "delta": 1.755019}}
{"target": -2.0516273830292793, "params": {"C": 251.43363217419036, "epsilon": 0.2000104139566952, "gamma": 0.06214761446280014, "lamda": 0.02293721331558661}, "datetime": {"datetime": "2021-09-23 13:21:03", "elapsed": 382.839245, "delta": 2.269575}}
{"target": -1.9853702955094368, "params": {"C": 213.2799129193581, "epsilon": 0.25074278004727224, "gamma": 0.0637879667183248, "lamda": 0.06418645960006968}, "datetime": {"datetime": "2021-09-23 13:21:06", "elapsed": 385.947243, "delta": 3.107998}}
{"target": -2.0336664660304855, "params": {"C": 266.9008424277121, "epsilon": 0.13017622494255532, "gamma": 0.039027964504823695, "lamda": 0.3584716787080339}, "datetime": {"datetime": "2021-09-23 13:21:08", "elapsed": 387.955244, "delta": 2.008001}}
{"target": -2.0822438467183564, "params": {"C": 299.6910647363319, "epsilon": 0.35541203991323966, "gamma": 0.048933457309677304, "lamda": 0.24429941902129182}, "datetime": {"datetime": "2021-09-23 13:21:10", "elapsed": 389.961915, "delta": 2.006671}}
{"target": -1.9361053326646236, "params": {"C": 213.37579659789742, "epsilon": 0.25466800105976034, "gamma": 0.03306253995137893, "lamda": 0.07176512945994837}, "datetime": {"datetime": "2021-09-23 13:21:13", "elapsed": 392.770794, "delta": 2.808879}}
{"target": -1.997401469311309, "params": {"C": 213.1174642492053, "epsilon": 0.139962962041067, "gamma": 0.05843233873518367, "lamda": 0.046206014957164906}, "datetime": {"datetime": "2021-09-23 13:21:16", "elapsed": 395.926689, "delta": 3.155895}}
{"target": -1.9841250220569346, "params": {"C": 213.18411754921624, "epsilon": 0.32448368329494903, "gamma": 0.06299542750122708, "lamda": 0.07383610738091138}, "datetime": {"datetime": "2021-09-23 13:21:20", "elapsed": 399.493308, "delta": 3.566619}}
{"target": -2.2192944631849496, "params": {"C": 213.310387449387, "epsilon": 0.31308166487019096, "gamma": 0.013555010256305853, "lamda": 0.049496157341927124}, "datetime": {"datetime": "2021-09-23 13:21:23", "elapsed": 402.469404, "delta": 2.976096}}
{"target": -2.130219568529092, "params": {"C": 261.90932114116276, "epsilon": 0.3173921793629616, "gamma": 0.06242898622522169, "lamda": 0.28931284044590133}, "datetime": {"datetime": "2021-09-23 13:21:24", "elapsed": 404.22748, "delta": 1.758076}}
{"target": -2.279057276193238, "params": {"C": 292.2592725445546, "epsilon": 0.08521837441649598, "gamma": 0.011350290692306367, "lamda": 0.3781006617018363}, "datetime": {"datetime": "2021-09-23 13:21:26", "elapsed": 406.048814, "delta": 1.821334}}
{"target": -2.158927745404921, "params": {"C": 187.89703525442616, "epsilon": 0.26670406003018887, "gamma": 0.029001907764823878, "lamda": 0.3583882016935774}, "datetime": {"datetime": "2021-09-23 13:21:28", "elapsed": 408.181449, "delta": 2.132635}}
{"target": -1.93064784962901, "params": {"C": 213.35497437304974, "epsilon": 0.24048910972600773, "gamma": 0.05081548901788462, "lamda": 0.062445817696109546}, "datetime": {"datetime": "2021-09-23 13:21:31", "elapsed": 410.715103, "delta": 2.533654}}
{"target": -2.0415606685053755, "params": {"C": 213.35021460445716, "epsilon": 0.28461954134887135, "gamma": 0.06708970225733776, "lamda": 0.023898735722911898}, "datetime": {"datetime": "2021-09-23 13:21:34", "elapsed": 413.443574, "delta": 2.728471}}
{"target": -2.0880133836799484, "params": {"C": 238.09888142249235, "epsilon": 0.3405199783847871, "gamma": 0.06219589835952179, "lamda": 0.19950702198482495}, "datetime": {"datetime": "2021-09-23 13:21:36", "elapsed": 415.506801, "delta": 2.063227}}
{"target": -1.9205190532495404, "params": {"C": 213.15332543678232, "epsilon": 0.18134576770207964, "gamma": 0.04666457559552194, "lamda": 0.08342317719680589}, "datetime": {"datetime": "2021-09-23 13:21:39", "elapsed": 418.36676, "delta": 2.859959}}
{"target": -2.0264783923250036, "params": {"C": 205.34033693054158, "epsilon": 0.2704550946301695, "gamma": 0.04413345808826171, "lamda": 0.21131405395346997}, "datetime": {"datetime": "2021-09-23 13:21:40", "elapsed": 420.199389, "delta": 1.832629}}
{"target": -1.9921459090406095, "params": {"C": 196.21406511204512, "epsilon": 0.1259079362379053, "gamma": 0.028856697503734687, "lamda": 0.0284438853432813}, "datetime": {"datetime": "2021-09-23 13:21:43", "elapsed": 422.344238, "delta": 2.144849}}
{"target": -1.9683787862086575, "params": {"C": 213.18675842296, "epsilon": 0.34156947218869527, "gamma": 0.05961660811369494, "lamda": 0.042127936513821906}, "datetime": {"datetime": "2021-09-23 13:21:45", "elapsed": 424.997661, "delta": 2.653423}}
{"target": -2.0387060591519406, "params": {"C": 214.28221967387913, "epsilon": 0.24126321681958435, "gamma": 0.056801822227627474, "lamda": 0.23195801749509581}, "datetime": {"datetime": "2021-09-23 13:21:47", "elapsed": 426.743615, "delta": 1.745954}}
{"target": -1.9778171257397257, "params": {"C": 236.31430704508617, "epsilon": 0.37143800245939484, "gamma": 0.05313384072398365, "lamda": 0.09593390766296112}, "datetime": {"datetime": "2021-09-23 13:21:49", "elapsed": 428.754426, "delta": 2.010811}}
{"target": -1.9779027019273407, "params": {"C": 213.15134954769024, "epsilon": 0.1556594177527788, "gamma": 0.02973799191464121, "lamda": 0.07125325429635959}, "datetime": {"datetime": "2021-09-23 13:21:53", "elapsed": 432.663162, "delta": 3.908736}}
{"target": -2.0860240465166138, "params": {"C": 297.64618346644187, "epsilon": 0.19923141020407711, "gamma": 0.03631294705916869, "lamda": 0.3610856317074294}, "datetime": {"datetime": "2021-09-23 13:21:54", "elapsed": 434.179837, "delta": 1.516675}}
{"target": -2.0564184351795958, "params": {"C": 217.17181390904585, "epsilon": 0.24342913763625154, "gamma": 0.02559162142826714, "lamda": 0.1617901530853585}, "datetime": {"datetime": "2021-09-23 13:21:56", "elapsed": 436.009098, "delta": 1.829261}}
{"target": -2.1778792676725582, "params": {"C": 213.38128290640532, "epsilon": 0.24116180482745464, "gamma": 0.015634576480572614, "lamda": 0.05033177457409633}, "datetime": {"datetime": "2021-09-23 13:21:59", "elapsed": 438.785328, "delta": 2.77623}}
{"target": -2.171314643668136, "params": {"C": 252.6873956079196, "epsilon": 0.28297072993156835, "gamma": 0.024775397205619627, "lamda": 0.2834251170187379}, "datetime": {"datetime": "2021-09-23 13:22:01", "elapsed": 440.569488, "delta": 1.78416}}
{"target": -2.128227537109023, "params": {"C": 261.9211382135531, "epsilon": 0.21097455574750099, "gamma": 0.017503493149041104, "lamda": 0.15886487624223988}, "datetime": {"datetime": "2021-09-23 13:22:03", "elapsed": 442.456068, "delta": 1.88658}}
{"target": -2.0460568185973838, "params": {"C": 232.469776548841, "epsilon": 0.3767141002578758, "gamma": 0.05293384560824214, "lamda": 0.16748461969688833}, "datetime": {"datetime": "2021-09-23 13:22:05", "elapsed": 444.361965, "delta": 1.905897}}
{"target": -1.9386206445773126, "params": {"C": 230.3382655422172, "epsilon": 0.0764491987185893, "gamma": 0.04963863829864144, "lamda": 0.2115438852114805}, "datetime": {"datetime": "2021-09-23 13:22:08", "elapsed": 447.595365, "delta": 3.2334}}
{"target": -2.1139313344571806, "params": {"C": 271.57003894964123, "epsilon": 0.09240897519281858, "gamma": 0.017112410391519443, "lamda": 0.1564398704327235}, "datetime": {"datetime": "2021-09-23 13:22:11", "elapsed": 450.956008, "delta": 3.360643}}
{"target": -1.9294428101813144, "params": {"C": 271.6406895737135, "epsilon": 0.13623519515912252, "gamma": 0.03650021446186394, "lamda": 0.13298616425930523}, "datetime": {"datetime": "2021-09-23 13:22:14", "elapsed": 453.901684, "delta": 2.945676}}
{"target": -2.355344102105954, "params": {"C": 185.5884325020905, "epsilon": 0.3101604327602835, "gamma": 0.018401383332695607, "lamda": 0.4752830179270413}, "datetime": {"datetime": "2021-09-23 13:22:20", "elapsed": 459.328407, "delta": 5.426723}}
{"target": -1.9849584996667502, "params": {"C": 213.18198387151364, "epsilon": 0.31101445823033136, "gamma": 0.047814299926088315, "lamda": 0.13290450220829236}, "datetime": {"datetime": "2021-09-23 13:22:25", "elapsed": 464.583594, "delta": 5.255187}}
{"target": -2.1095349222223905, "params": {"C": 216.1825525815043, "epsilon": 0.39021711042755947, "gamma": 0.07415129158002233, "lamda": 0.14116802603797063}, "datetime": {"datetime": "2021-09-23 13:22:28", "elapsed": 468.298681, "delta": 3.715087}}
{"target": -2.148676057920201, "params": {"C": 213.31651159056938, "epsilon": 0.26152097161068155, "gamma": 0.01634863488726099, "lamda": 0.027508231023376545}, "datetime": {"datetime": "2021-09-23 13:22:32", "elapsed": 471.924492, "delta": 3.625811}}
{"target": -1.9770612612153886, "params": {"C": 226.5671641152679, "epsilon": 0.15919640454073186, "gamma": 0.02952853738589465, "lamda": 0.14813536964196178}, "datetime": {"datetime": "2021-09-23 13:22:35", "elapsed": 474.662407, "delta": 2.737915}}
{"target": -1.943127309782343, "params": {"C": 271.6603684717212, "epsilon": 0.12643387283535318, "gamma": 0.0406422298852972, "lamda": 0.16601075198357224}, "datetime": {"datetime": "2021-09-23 13:22:38", "elapsed": 477.421749, "delta": 2.759342}}
{"target": -1.9363425946524713, "params": {"C": 213.30575150345112, "epsilon": 0.27637818430995675, "gamma": 0.04630917923901107, "lamda": 0.08563101418020237}, "datetime": {"datetime": "2021-09-23 13:22:40", "elapsed": 479.483572, "delta": 2.061823}}
{"target": -2.0561912498138475, "params": {"C": 251.18985308000197, "epsilon": 0.13289033590302704, "gamma": 0.04004172188330528, "lamda": 0.44529079949504224}, "datetime": {"datetime": "2021-09-23 13:22:41", "elapsed": 481.303223, "delta": 1.819651}}
{"target": -2.2308153150819887, "params": {"C": 253.65599176862267, "epsilon": 0.23173496375484523, "gamma": 0.012322101156510877, "lamda": 0.04991978733403148}, "datetime": {"datetime": "2021-09-23 13:22:44", "elapsed": 483.928759, "delta": 2.625536}}
{"target": -2.08612796617051, "params": {"C": 209.44631242485985, "epsilon": 0.28969781242535053, "gamma": 0.03037169431410263, "lamda": 0.22110738400384022}, "datetime": {"datetime": "2021-09-23 13:22:46", "elapsed": 485.865996, "delta": 1.937237}}
{"target": -2.229542490533662, "params": {"C": 193.34127042619224, "epsilon": 0.33056078181150106, "gamma": 0.06261391769516891, "lamda": 0.45475778639577774}, "datetime": {"datetime": "2021-09-23 13:22:48", "elapsed": 487.820707, "delta": 1.954711}}
{"target": -2.1356119993556235, "params": {"C": 192.36831337893327, "epsilon": 0.07439007315080069, "gamma": 0.018606011009711435, "lamda": 0.1902646643670472}, "datetime": {"datetime": "2021-09-23 13:22:52", "elapsed": 491.453609, "delta": 3.632902}}
{"target": -2.044456061973226, "params": {"C": 279.1864270822512, "epsilon": 0.3231305862733084, "gamma": 0.029071432318338752, "lamda": 0.12852381676564356}, "datetime": {"datetime": "2021-09-23 13:22:54", "elapsed": 493.580575, "delta": 2.126966}}
{"target": -1.990229486324128, "params": {"C": 232.6974741033879, "epsilon": 0.07734659979957988, "gamma": 0.027933125438215363, "lamda": 0.10563490918372605}, "datetime": {"datetime": "2021-09-23 13:22:56", "elapsed": 496.238561, "delta": 2.657986}}
{"target": -2.202367952935259, "params": {"C": 213.30694785110586, "epsilon": 0.2347254238776344, "gamma": 0.020951650949634453, "lamda": 0.31481226411122226}, "datetime": {"datetime": "2021-09-23 13:22:58", "elapsed": 498.164179, "delta": 1.925618}}
{"target": -2.0514023050702, "params": {"C": 192.32811429649834, "epsilon": 0.05544015344041469, "gamma": 0.06844598216740451, "lamda": 0.1453215452930371}, "datetime": {"datetime": "2021-09-23 13:23:01", "elapsed": 500.981462, "delta": 2.817283}}
{"target": -2.0321554875158414, "params": {"C": 264.2252629525323, "epsilon": 0.1360361036259431, "gamma": 0.044443692957606765, "lamda": 0.3589592520745264}, "datetime": {"datetime": "2021-09-23 13:23:03", "elapsed": 502.920448, "delta": 1.938986}}
{"target": -1.9664180674394023, "params": {"C": 213.1293580564262, "epsilon": 0.20374291095049257, "gamma": 0.043769454394011933, "lamda": 0.018894743548169033}, "datetime": {"datetime": "2021-09-23 13:23:06", "elapsed": 505.748891, "delta": 2.828443}}
{"target": -2.1917268902866147, "params": {"C": 195.15793136190214, "epsilon": 0.36740779898440545, "gamma": 0.07256758074779128, "lamda": 0.29149404508428256}, "datetime": {"datetime": "2021-09-23 13:23:08", "elapsed": 507.644071, "delta": 1.89518}}
{"target": -1.9384971966528795, "params": {"C": 213.19143348379384, "epsilon": 0.17933506466361027, "gamma": 0.05111771801275503, "lamda": 0.1125941037365274}, "datetime": {"datetime": "2021-09-23 13:23:11", "elapsed": 511.058238, "delta": 3.414167}}
{"target": -2.116101705865564, "params": {"C": 277.1825452134881, "epsilon": 0.1930935791447586, "gamma": 0.04909712421687876, "lamda": 0.48620294055391056}, "datetime": {"datetime": "2021-09-23 13:23:16", "elapsed": 515.807954, "delta": 4.749716}}
{"target": -1.9929550645849834, "params": {"C": 213.23441824733072, "epsilon": 0.23275186551408683, "gamma": 0.02604678563709841, "lamda": 0.022933274965025174}, "datetime": {"datetime": "2021-09-23 13:23:21", "elapsed": 520.452905, "delta": 4.644951}}
{"target": -2.171745278100065, "params": {"C": 269.4207584416665, "epsilon": 0.3465471813879706, "gamma": 0.06495293783938495, "lamda": 0.3208444006753773}, "datetime": {"datetime": "2021-09-23 13:23:25", "elapsed": 524.538436, "delta": 4.085531}}
{"target": -1.9341278710389662, "params": {"C": 230.36935092922118, "epsilon": 0.08447493802066203, "gamma": 0.03492968234670197, "lamda": 0.14110565459370963}, "datetime": {"datetime": "2021-09-23 13:23:29", "elapsed": 528.606656, "delta": 4.06822}}
{"target": -2.2921156024723928, "params": {"C": 228.68435362275048, "epsilon": 0.12568046680800132, "gamma": 0.012575777557544915, "lamda": 0.3621305066807618}, "datetime": {"datetime": "2021-09-23 13:23:31", "elapsed": 531.302951, "delta": 2.696295}}
{"target": -2.1036067253855726, "params": {"C": 245.58855790403504, "epsilon": 0.032447220546472456, "gamma": 0.0763822093422942, "lamda": 0.28857802136886246}, "datetime": {"datetime": "2021-09-23 13:23:34", "elapsed": 534.285032, "delta": 2.982081}}
{"target": -2.0021856895886887, "params": {"C": 271.64272067385684, "epsilon": 0.08708694329945302, "gamma": 0.023941174850525847, "lamda": 0.1508464832027141}, "datetime": {"datetime": "2021-09-23 13:23:39", "elapsed": 538.783784, "delta": 4.498752}}
{"target": -2.0906683078391644, "params": {"C": 272.5584771920095, "epsilon": 0.4083007797437606, "gamma": 0.04534592939705101, "lamda": 0.22840910652350438}, "datetime": {"datetime": "2021-09-23 13:36:29", "elapsed": 0.0, "delta": 0.0}}
{"target": -2.18242478575556, "params": {"C": 239.82084147631085, "epsilon": 0.4899186582123391, "gamma": 0.02792251459038496, "lamda": 0.23175125297670324}, "datetime": {"datetime": "2021-09-23 13:36:30", "elapsed": 1.759606, "delta": 1.759606}}
{"target": -2.140112410046376, "params": {"C": 200.29330038750425, "epsilon": 0.4353359256696041, "gamma": 0.04741439273471189, "lamda": 0.2867171036655569}, "datetime": {"datetime": "2021-09-23 13:36:31", "elapsed": 2.688033, "delta": 0.928427}}
{"target": -2.129364809404695, "params": {"C": 180.47379195934974, "epsilon": 0.6048769053543107, "gamma": 0.05250483846608453, "lamda": 0.1895699290463756}, "datetime": {"datetime": "2021-09-23 13:36:32", "elapsed": 3.617256, "delta": 0.929223}}
{"target": -2.05954018238056, "params": {"C": 271.46370502814534, "epsilon": 0.4321415340660234, "gamma": 0.05880398288047947, "lamda": 0.13966600817804975}, "datetime": {"datetime": "2021-09-23 13:36:34", "elapsed": 5.860421, "delta": 2.243165}}
{"target": -2.4093271139679127, "params": {"C": 269.6454346866647, "epsilon": 0.8, "gamma": 0.02, "lamda": 0.3}, "datetime": {"datetime": "2021-09-23 13:36:36", "elapsed": 7.718642, "delta": 1.858221}}
