{"target": -2.003177411962774, "params": {"C": 199.32772597963026, "epsilon": 0.4555855793816741, "gamma": 0.06, "lamda": 0.015}, "datetime": {"datetime": "2021-09-23 13:40:25", "elapsed": 236.13162, "delta": 2.112435}}
{"target": -2.0189168991709265, "params": {"C": 213.4208564686062, "epsilon": 0.7859481060405954, "gamma": 0.04072668305462256, "lamda": 0.06374334712347099}, "datetime": {"datetime": "2021-09-23 13:40:26", "elapsed": 237.87493, "delta": 1.74331}}
{"target": -1.9804623892303823, "params": {"C": 199.40837984438187, "epsilon": 0.5705590993278014, "gamma": 0.05803100243016969, "lamda": 0.021892433872062807}, "datetime": {"datetime": "2021-09-23 13:40:28", "elapsed": 239.180929, "delta": 1.305999}}
{"target": -1.953085485272869, "params": {"C": 199.41925586385995, "epsilon": 0.6751998096406864, "gamma": 0.05456261730147979, "lamda": 0.02268187504409444}, "datetime": {"datetime": "2021-09-23 13:40:30", "elapsed": 241.862462, "delta": 2.681533}}
{"target": -1.9883637798868268, "params": {"C": 251.41965311209273, "epsilon": 0.4331892298613435, "gamma": 0.056845536076916225, "lamda": 0.01982374344805148}, "datetime": {"datetime": "2021-09-23 13:40:33", "elapsed": 244.005147, "delta": 2.142685}}
{"target": -2.0686456688782404, "params": {"C": 253.71554604427493, "epsilon": 0.6215284439768409, "gamma": 0.040512930800603114, "lamda": 0.12282624764983673}, "datetime": {"datetime": "2021-09-23 13:40:34", "elapsed": 245.810676, "delta": 1.805529}}
{"target": -2.066862380272078, "params": {"C": 251.38441347708687, "epsilon": 0.6285897091758801, "gamma": 0.02, "lamda": 0.015}, "datetime": {"datetime": "2021-09-23 13:40:37", "elapsed": 247.997321, "delta": 2.186645}}
{"target": -1.963373803811412, "params": {"C": 211.02170230874438, "epsilon": 0.4320809845317178, "gamma": 0.059455629771882124, "lamda": 0.04108400698046054}, "datetime": {"datetime": "2021-09-23 13:40:38", "elapsed": 249.596603, "delta": 1.599282}}
{"target": -1.9954474971204519, "params": {"C": 233.63379113441997, "epsilon": 0.516151141635642, "gamma": 0.05789819273293384, "lamda": 0.01581989986522868}, "datetime": {"datetime": "2021-09-23 13:40:41", "elapsed": 252.228186, "delta": 2.631583}}
{"target": -2.191600508993769, "params": {"C": 191.36237795706293, "epsilon": 0.5484142562418154, "gamma": 0.0373280937565586, "lamda": 0.28159008106025846}, "datetime": {"datetime": "2021-09-23 13:40:42", "elapsed": 253.572437, "delta": 1.344251}}
{"target": -2.02099686301052, "params": {"C": 212.94279930703647, "epsilon": 0.6373493946216211, "gamma": 0.02462880529266439, "lamda": 0.03045639148217932}, "datetime": {"datetime": "2021-09-23 13:40:45", "elapsed": 256.053535, "delta": 2.481098}}
{"target": -2.1649142391446863, "params": {"C": 195.36104983938804, "epsilon": 0.4572874682317135, "gamma": 0.02467145622877553, "lamda": 0.1809363933709393}, "datetime": {"datetime": "2021-09-23 13:40:46", "elapsed": 257.359786, "delta": 1.306251}}
{"target": -2.0174700751179095, "params": {"C": 210.97090749448017, "epsilon": 0.5349228421358365, "gamma": 0.040036462848816304, "lamda": 0.09364377920561857}, "datetime": {"datetime": "2021-09-23 13:40:48", "elapsed": 259.833623, "delta": 2.473837}}
{"target": -1.9334933725274077, "params": {"C": 253.51812115836893, "epsilon": 0.61116020050446, "gamma": 0.04376833755170398, "lamda": 0.015}, "datetime": {"datetime": "2021-09-23 13:40:51", "elapsed": 262.538001, "delta": 2.704378}}
{"target": -1.9224186394721343, "params": {"C": 199.51082392421245, "epsilon": 0.5952307176307043, "gamma": 0.040984675315942354, "lamda": 0.026207554657573927}, "datetime": {"datetime": "2021-09-23 13:40:54", "elapsed": 265.929703, "delta": 3.391702}}
{"target": -2.1091209046559682, "params": {"C": 253.51964047057834, "epsilon": 0.6408640107647801, "gamma": 0.0329205426904693, "lamda": 0.13227800468061174}, "datetime": {"datetime": "2021-09-23 13:40:57", "elapsed": 268.305638, "delta": 2.375935}}
{"target": -1.9556985824246618, "params": {"C": 253.56248215370124, "epsilon": 0.5462172189606268, "gamma": 0.04849092309175841, "lamda": 0.015402812200415669}, "datetime": {"datetime": "2021-09-23 13:41:00", "elapsed": 271.161241, "delta": 2.855603}}
{"target": -2.1441768521858027, "params": {"C": 261.49280810050533, "epsilon": 0.4854406294032562, "gamma": 0.04714751070009523, "lamda": 0.2660647507975796}, "datetime": {"datetime": "2021-09-23 13:41:02", "elapsed": 273.024809, "delta": 1.863568}}
{"target": -2.1535552074203523, "params": {"C": 258.01194629246237, "epsilon": 0.5745495960607214, "gamma": 0.028513752260211453, "lamda": 0.16774104300565257}, "datetime": {"datetime": "2021-09-23 13:41:04", "elapsed": 275.028255, "delta": 2.003446}}
{"target": -2.1849301484714156, "params": {"C": 253.0321655479865, "epsilon": 0.5390035560573392, "gamma": 0.04779055681932247, "lamda": 0.2907989703518906}, "datetime": {"datetime": "2021-09-23 13:41:05", "elapsed": 276.573615, "delta": 1.54536}}
{"target": -2.246170221218048, "params": {"C": 281.6732153950825, "epsilon": 0.7417001620567476, "gamma": 0.03011939725640886, "lamda": 0.2386037926858277}, "datetime": {"datetime": "2021-09-23 13:41:07", "elapsed": 278.833244, "delta": 2.259629}}
{"target": -1.9932527862389922, "params": {"C": 199.56856374019674, "epsilon": 0.6879148233891226, "gamma": 0.03499854029269824, "lamda": 0.0540543857816155}, "datetime": {"datetime": "2021-09-23 13:41:09", "elapsed": 280.975901, "delta": 2.142657}}
{"target": -2.00423210926575, "params": {"C": 210.9273550425699, "epsilon": 0.41912010790328913, "gamma": 0.05502933121848981, "lamda": 0.11506516845916374}, "datetime": {"datetime": "2021-09-23 13:41:13", "elapsed": 284.017644, "delta": 3.041743}}
{"target": -1.9664975246558416, "params": {"C": 196.91142841043145, "epsilon": 0.6304348497888012, "gamma": 0.05669827254550411, "lamda": 0.04875788649519679}, "datetime": {"datetime": "2021-09-23 13:41:14", "elapsed": 285.812221, "delta": 1.794577}}
{"target": -2.085692114278828, "params": {"C": 287.836634938317, "epsilon": 0.6427119009626299, "gamma": 0.027074784140613185, "lamda": 0.08107622540009798}, "datetime": {"datetime": "2021-09-23 13:41:16", "elapsed": 287.673566, "delta": 1.861345}}
{"target": -2.017368075966401, "params": {"C": 182.89798200461382, "epsilon": 0.4096487677702042, "gamma": 0.036756019897928816, "lamda": 0.11882677251567109}, "datetime": {"datetime": "2021-09-23 13:41:19", "elapsed": 290.28025, "delta": 2.606684}}
{"target": -1.9667020526834242, "params": {"C": 233.44484684260095, "epsilon": 0.6451924364382766, "gamma": 0.05822516551651992, "lamda": 0.026793855226654686}, "datetime": {"datetime": "2021-09-23 13:41:23", "elapsed": 294.237244, "delta": 3.956994}}
{"target": -1.9623912904726257, "params": {"C": 253.44329350319077, "epsilon": 0.5595249514875852, "gamma": 0.028143531368778375, "lamda": 0.023075814584216793}, "datetime": {"datetime": "2021-09-23 13:41:26", "elapsed": 297.308295, "delta": 3.071051}}
{"target": -2.067209299165591, "params": {"C": 196.88445160559849, "epsilon": 0.7409524555779712, "gamma": 0.05638890657200109, "lamda": 0.09895422702257896}, "datetime": {"datetime": "2021-09-23 13:41:28", "elapsed": 299.952078, "delta": 2.643783}}
{"target": -2.022987022342711, "params": {"C": 196.92423064961508, "epsilon": 0.5088911061268526, "gamma": 0.05722267084999165, "lamda": 0.10682910449483383}, "datetime": {"datetime": "2021-09-23 13:41:32", "elapsed": 303.073373, "delta": 3.121295}}
{"target": -2.05926783682868, "params": {"C": 197.0371135055269, "epsilon": 0.6336089586024252, "gamma": 0.02305355054250648, "lamda": 0.052921780603954166}, "datetime": {"datetime": "2021-09-23 13:41:35", "elapsed": 306.687791, "delta": 3.614418}}
{"target": -2.2536200338481023, "params": {"C": 207.41511128219076, "epsilon": 0.7050742154001125, "gamma": 0.03692639362539059, "lamda": 0.2926564857749371}, "datetime": {"datetime": "2021-09-23 13:41:37", "elapsed": 308.897775, "delta": 2.209984}}
{"target": -2.0423487962218787, "params": {"C": 211.08564288953247, "epsilon": 0.4046241097523666, "gamma": 0.06, "lamda": 0.13901332194349264}, "datetime": {"datetime": "2021-09-23 13:41:42", "elapsed": 313.657043, "delta": 4.759268}}
{"target": -1.9406706446832942, "params": {"C": 199.0924450396861, "epsilon": 0.4031696155975528, "gamma": 0.039779359255076516, "lamda": 0.0653002122498267}, "datetime": {"datetime": "2021-09-23 13:41:46", "elapsed": 317.822597, "delta": 4.165554}}
{"target": -2.0389407087005456, "params": {"C": 198.9737091093947, "epsilon": 0.4557732308604139, "gamma": 0.0592892921705897, "lamda": 0.12609902215247498}, "datetime": {"datetime": "2021-09-23 13:41:52", "elapsed": 323.504561, "delta": 5.681964}}
{"target": -1.9867037326188899, "params": {"C": 199.02418027264656, "epsilon": 0.49644677502277773, "gamma": 0.05880811493115158, "lamda": 0.021373914214506275}, "datetime": {"datetime": "2021-09-23 13:41:55", "elapsed": 326.550851, "delta": 3.04629}}
{"target": -2.1992260297388726, "params": {"C": 234.27806307424453, "epsilon": 0.7523949527428538, "gamma": 0.058173969695033204, "lamda": 0.20457897924979557}, "datetime": {"datetime": "2021-09-23 13:41:57", "elapsed": 328.150191, "delta": 1.59934}}
{"target": -1.9537936083875123, "params": {"C": 251.490851732926, "epsilon": 0.5659009943188683, "gamma": 0.05199798324267013, "lamda": 0.020276630370751062}, "datetime": {"datetime": "2021-09-23 13:41:59", "elapsed": 330.658321, "delta": 2.50813}}
{"target": -2.1025891108854005, "params": {"C": 290.8318748627048, "epsilon": 0.5333400354280543, "gamma": 0.03529569202527581, "lamda": 0.16467478338188618}, "datetime": {"datetime": "2021-09-23 13:42:01", "elapsed": 332.350742, "delta": 1.692421}}
{"target": -1.9424358068099297, "params": {"C": 253.97825824702267, "epsilon": 0.7611514913358783, "gamma": 0.030946330712461327, "lamda": 0.016315788747060512}, "datetime": {"datetime": "2021-09-23 13:42:02", "elapsed": 333.796167, "delta": 1.445425}}
{"target": -2.1406775157261517, "params": {"C": 254.6140295520754, "epsilon": 0.7084335603342269, "gamma": 0.03534086309724412, "lamda": 0.16058491091549026}, "datetime": {"datetime": "2021-09-23 13:42:04", "elapsed": 335.634411, "delta": 1.838244}}
{"target": -2.2141080198127643, "params": {"C": 254.06592195830433, "epsilon": 0.7273824513555635, "gamma": 0.020309593181689015, "lamda": 0.11345093871547897}, "datetime": {"datetime": "2021-09-23 13:42:09", "elapsed": 340.144798, "delta": 4.510387}}
{"target": -2.017047644078184, "params": {"C": 218.8045597863096, "epsilon": 0.4519753138399543, "gamma": 0.03215966464445884, "lamda": 0.08820938611624551}, "datetime": {"datetime": "2021-09-23 13:42:11", "elapsed": 342.951466, "delta": 2.806668}}
{"target": -1.9210957416835988, "params": {"C": 253.87948718652706, "epsilon": 0.6841615843500661, "gamma": 0.03780330394713126, "lamda": 0.019382561963019518}, "datetime": {"datetime": "2021-09-23 13:42:14", "elapsed": 345.726425, "delta": 2.774959}}
{"target": -1.9594227290000468, "params": {"C": 199.13935984044375, "epsilon": 0.46834174145471363, "gamma": 0.05905097830658064, "lamda": 0.039111974678564906}, "datetime": {"datetime": "2021-09-23 13:42:18", "elapsed": 349.283389, "delta": 3.556964}}
{"target": -1.9365346523229245, "params": {"C": 253.91998583519933, "epsilon": 0.6000030249765413, "gamma": 0.05109560946020898, "lamda": 0.024439155404769528}, "datetime": {"datetime": "2021-09-23 13:42:21", "elapsed": 352.83551, "delta": 3.552121}}
{"target": -2.104878291210241, "params": {"C": 253.9125604758473, "epsilon": 0.727855226639089, "gamma": 0.021694633853813608, "lamda": 0.060894811755793116}, "datetime": {"datetime": "2021-09-23 13:42:27", "elapsed": 358.107089, "delta": 5.271579}}
{"target": -1.9931895818372956, "params": {"C": 253.84876886272315, "epsilon": 0.5223261793562951, "gamma": 0.03386840673136012, "lamda": 0.06500653007672982}, "datetime": {"datetime": "2021-09-23 13:42:31", "elapsed": 362.354903, "delta": 4.247814}}
{"target": -1.92106901903338, "params": {"C": 253.81251983656023, "epsilon": 0.5714472880385584, "gamma": 0.04074746186896118, "lamda": 0.019689121883284876}, "datetime": {"datetime": "2021-09-23 13:42:35", "elapsed": 366.445503, "delta": 4.0906}}
{"target": -2.1451395840768104, "params": {"C": 226.99571795624342, "epsilon": 0.7459611917341222, "gamma": 0.03994051293880325, "lamda": 0.17091899267628402}, "datetime": {"datetime": "2021-09-23 13:42:38", "elapsed": 369.029563, "delta": 2.58406}}
{"target": -2.197725171965838, "params": {"C": 279.71862044909466, "epsilon": 0.5732486278243656, "gamma": 0.05950259148752454, "lamda": 0.25801596894753465}, "datetime": {"datetime": "2021-09-23 13:42:39", "elapsed": 370.537238, "delta": 1.507675}}
{"target": -1.9759962302246088, "params": {"C": 253.85656609770209, "epsilon": 0.6412772547081288, "gamma": 0.05677464037491414, "lamda": 0.01682797836290301}, "datetime": {"datetime": "2021-09-23 13:42:42", "elapsed": 373.113065, "delta": 2.575827}}
{"target": -2.186838165312409, "params": {"C": 263.6965177110102, "epsilon": 0.7249374038607167, "gamma": 0.04718595224390633, "lamda": 0.22219746927862105}, "datetime": {"datetime": "2021-09-23 13:42:43", "elapsed": 374.429701, "delta": 1.316636}}
{"target": -1.9324076820151024, "params": {"C": 253.78066487737095, "epsilon": 0.7156830855895114, "gamma": 0.033163681294927964, "lamda": 0.015505549266016534}, "datetime": {"datetime": "2021-09-23 13:42:45", "elapsed": 376.698587, "delta": 2.268886}}
{"target": -1.9971447381583889, "params": {"C": 180.33033189316768, "epsilon": 0.8, "gamma": 0.06, "lamda": 0.015}, "datetime": {"datetime": "2021-09-23 13:42:48", "elapsed": 379.223175, "delta": 2.524588}}
{"target": -1.9618137955911594, "params": {"C": 253.5846939788675, "epsilon": 0.7466483152092565, "gamma": 0.055582906056666465, "lamda": 0.027357422980128367}, "datetime": {"datetime": "2021-09-23 13:42:50", "elapsed": 381.604076, "delta": 2.380901}}
{"target": -2.011575024446282, "params": {"C": 186.68791847909299, "epsilon": 0.6040584252767148, "gamma": 0.05388261142044408, "lamda": 0.08890070816238227}, "datetime": {"datetime": "2021-09-23 13:42:52", "elapsed": 383.182308, "delta": 1.578232}}
{"target": -2.000389605364621, "params": {"C": 196.81445571949774, "epsilon": 0.5784310598283156, "gamma": 0.06, "lamda": 0.015}, "datetime": {"datetime": "2021-09-23 13:42:55", "elapsed": 386.065115, "delta": 2.882807}}
{"target": -1.969816327524593, "params": {"C": 253.9976817553118, "epsilon": 0.4457713569414763, "gamma": 0.05396853836840135, "lamda": 0.02160195290058313}, "datetime": {"datetime": "2021-09-23 13:42:56", "elapsed": 387.926826, "delta": 1.861711}}
{"target": -1.9258498307484921, "params": {"C": 253.98881630579692, "epsilon": 0.5460212763275438, "gamma": 0.04397852516598781, "lamda": 0.034113875854666006}, "datetime": {"datetime": "2021-09-23 13:42:58", "elapsed": 389.922655, "delta": 1.995829}}
{"target": -2.0770828607982796, "params": {"C": 249.41597979649168, "epsilon": 0.4842706882813069, "gamma": 0.05746840344593254, "lamda": 0.15263113794194488}, "datetime": {"datetime": "2021-09-23 13:43:00", "elapsed": 391.3249, "delta": 1.402245}}
{"target": -1.9804411607164984, "params": {"C": 203.99473877547703, "epsilon": 0.795094101828671, "gamma": 0.04465893006037219, "lamda": 0.048594947477085114}, "datetime": {"datetime": "2021-09-23 13:43:02", "elapsed": 393.075149, "delta": 1.750249}}
{"target": -2.199835516228195, "params": {"C": 240.5601145731741, "epsilon": 0.4741798948566455, "gamma": 0.021795944539467548, "lamda": 0.17562190058423988}, "datetime": {"datetime": "2021-09-23 13:43:03", "elapsed": 394.253944, "delta": 1.178795}}
{"target": -2.0505669957234396, "params": {"C": 253.9798339145051, "epsilon": 0.47338058010656137, "gamma": 0.05796389159286455, "lamda": 0.12095406401844058}, "datetime": {"datetime": "2021-09-23 13:43:05", "elapsed": 396.628444, "delta": 2.3745}}
{"target": -2.0730995507704555, "params": {"C": 290.4288540632634, "epsilon": 0.6241300705116045, "gamma": 0.03315506202452209, "lamda": 0.09979755014677483}, "datetime": {"datetime": "2021-09-23 13:43:07", "elapsed": 398.085875, "delta": 1.457431}}
{"target": -1.9680554380737592, "params": {"C": 253.7674885068093, "epsilon": 0.46830139478577965, "gamma": 0.05818901205623159, "lamda": 0.037287293516526446}, "datetime": {"datetime": "2021-09-23 13:43:08", "elapsed": 399.942018, "delta": 1.856143}}
{"target": -1.9327101262276052, "params": {"C": 253.91659734806757, "epsilon": 0.4922934825874115, "gamma": 0.034212803642608494, "lamda": 0.020108075011805705}, "datetime": {"datetime": "2021-09-23 13:43:10", "elapsed": 401.5788, "delta": 1.636782}}
{"target": -2.006813689595171, "params": {"C": 211.10997257221652, "epsilon": 0.5189468166279074, "gamma": 0.06, "lamda": 0.015}, "datetime": {"datetime": "2021-09-23 13:43:12", "elapsed": 403.699086, "delta": 2.120286}}
{"target": -1.9960973501006773, "params": {"C": 253.6684516901795, "epsilon": 0.443301525510501, "gamma": 0.05815392399184323, "lamda": 0.019189646745009507}, "datetime": {"datetime": "2021-09-23 13:43:14", "elapsed": 405.368984, "delta": 1.669898}}
{"target": -2.047115429732102, "params": {"C": 236.32773004093855, "epsilon": 0.7749220566846553, "gamma": 0.03530355136132164, "lamda": 0.07194299999172783}, "datetime": {"datetime": "2021-09-23 13:43:15", "elapsed": 406.438844, "delta": 1.06986}}
{"target": -1.9851338162801249, "params": {"C": 253.73686651016433, "epsilon": 0.5305465783146165, "gamma": 0.05770776864357745, "lamda": 0.018328843820947707}, "datetime": {"datetime": "2021-09-23 13:43:17", "elapsed": 408.28405, "delta": 1.845206}}
{"target": -1.9946623473768033, "params": {"C": 253.70560846430968, "epsilon": 0.7727758150070643, "gamma": 0.03744827388603282, "lamda": 0.04810487573057819}, "datetime": {"datetime": "2021-09-23 13:43:19", "elapsed": 410.420008, "delta": 2.135958}}
{"target": -2.0646287140305266, "params": {"C": 253.44200044671143, "epsilon": 0.7344854861321315, "gamma": 0.020250412155119912, "lamda": 0.016402875521936703}, "datetime": {"datetime": "2021-09-23 13:43:21", "elapsed": 412.722053, "delta": 2.302045}}
{"target": -2.020796110285909, "params": {"C": 253.47318556659206, "epsilon": 0.43976537935429333, "gamma": 0.06, "lamda": 0.015}, "datetime": {"datetime": "2021-09-23 13:43:24", "elapsed": 415.78931, "delta": 3.067257}}
{"target": -1.971078129123462, "params": {"C": 254.11241567625456, "epsilon": 0.5276663725596626, "gamma": 0.05745432791854081, "lamda": 0.04640704427523476}, "datetime": {"datetime": "2021-09-23 13:43:27", "elapsed": 418.076829, "delta": 2.287519}}
{"target": -1.9377292572654006, "params": {"C": 199.4663069160291, "epsilon": 0.7708428910866022, "gamma": 0.04798991302332689, "lamda": 0.03288372573588104}, "datetime": {"datetime": "2021-09-23 13:43:29", "elapsed": 420.268482, "delta": 2.191653}}
{"target": -1.9651693309516411, "params": {"C": 254.21894025510994, "epsilon": 0.40295023932325447, "gamma": 0.03786705971075194, "lamda": 0.0733516520722862}, "datetime": {"datetime": "2021-09-23 13:43:31", "elapsed": 422.497114, "delta": 2.228632}}
{"target": -1.933280761001134, "params": {"C": 250.60174758746172, "epsilon": 0.647699896858939, "gamma": 0.049400122848718184, "lamda": 0.020678288446703833}, "datetime": {"datetime": "2021-09-23 13:43:33", "elapsed": 424.091138, "delta": 1.594024}}
{"target": -2.2771348608664996, "params": {"C": 196.49308784967099, "epsilon": 0.7615075304388109, "gamma": 0.024334332895424006, "lamda": 0.21447341295467526}, "datetime": {"datetime": "2021-09-23 13:43:34", "elapsed": 425.599031, "delta": 1.507893}}
{"target": -1.9505257782079288, "params": {"C": 250.49746824359295, "epsilon": 0.6565383610945962, "gamma": 0.048035888866468576, "lamda": 0.015}, "datetime": {"datetime": "2021-09-23 13:43:37", "elapsed": 428.663216, "delta": 3.064185}}
{"target": -2.071182306040334, "params": {"C": 250.56810881466154, "epsilon": 0.7999999038183427, "gamma": 0.020000027521500062, "lamda": 0.015}, "datetime": {"datetime": "2021-09-23 13:43:41", "elapsed": 432.03601, "delta": 3.372794}}
{"target": -2.0630259838123366, "params": {"C": 250.60409449637046, "epsilon": 0.6756848643524953, "gamma": 0.05111337891948578, "lamda": 0.10786971039428232}, "datetime": {"datetime": "2021-09-23 13:43:43", "elapsed": 434.825396, "delta": 2.789386}}
{"target": -2.097253905829152, "params": {"C": 199.36797217620378, "epsilon": 0.8, "gamma": 0.02, "lamda": 0.015}, "datetime": {"datetime": "2021-09-23 13:43:47", "elapsed": 438.145156, "delta": 3.31976}}
{"target": -2.0112705726436, "params": {"C": 285.11635259668026, "epsilon": 0.7462249189668253, "gamma": 0.024116999105149854, "lamda": 0.029562056535832992}, "datetime": {"datetime": "2021-09-23 13:43:48", "elapsed": 439.632097, "delta": 1.486941}}
{"target": -2.1051543455137525, "params": {"C": 223.33259703025686, "epsilon": 0.4053329621957359, "gamma": 0.040476701926455305, "lamda": 0.24268737313643363}, "datetime": {"datetime": "2021-09-23 13:43:50", "elapsed": 441.09155, "delta": 1.459453}}
{"target": -2.0658703715426046, "params": {"C": 263.9810827298236, "epsilon": 0.6073402884028131, "gamma": 0.04469066106106283, "lamda": 0.1294888714774777}, "datetime": {"datetime": "2021-09-23 13:43:51", "elapsed": 442.595657, "delta": 1.504107}}
{"target": -1.943662065178047, "params": {"C": 250.47652641771674, "epsilon": 0.5235278259418013, "gamma": 0.04670655564915202, "lamda": 0.01707839195510974}, "datetime": {"datetime": "2021-09-23 13:43:54", "elapsed": 445.886247, "delta": 3.29059}}
{"target": -2.0076782691503543, "params": {"C": 250.64242036122465, "epsilon": 0.4919068215888137, "gamma": 0.024080048211208113, "lamda": 0.025685675186586418}, "datetime": {"datetime": "2021-09-23 13:43:57", "elapsed": 448.149534, "delta": 2.263287}}
{"target": -2.006009408818375, "params": {"C": 250.38717982565717, "epsilon": 0.5904992948725122, "gamma": 0.06, "lamda": 0.015}, "datetime": {"datetime": "2021-09-23 13:44:00", "elapsed": 451.070931, "delta": 2.921397}}
