{"target": 0.911901873763683, "params": {"C": 712.9423395876184, "epsilon": 0.06363717555754114, "gamma": 0.018285319725004634, "lamda": 0.14669880393136436}, "datetime": {"datetime": "2021-09-23 22:31:13", "elapsed": 358.874703, "delta": 2.170574}}
{"target": 0.918216010145644, "params": {"C": 750.2936127383934, "epsilon": 0.16027048243121778, "gamma": 0.023546053230438745, "lamda": 0.11001193414645821}, "datetime": {"datetime": "2021-09-23 22:31:15", "elapsed": 360.868397, "delta": 1.993694}}
{"target": 0.9237505705801115, "params": {"C": 684.4868847270698, "epsilon": 0.23680038476691428, "gamma": 0.055500250892496564, "lamda": 0.06904542713623295}, "datetime": {"datetime": "2021-09-23 22:31:17", "elapsed": 363.164215, "delta": 2.295818}}
{"target": 0.9214172280255923, "params": {"C": 749.6128987159282, "epsilon": 0.1223588108480193, "gamma": 0.04411551100707252, "lamda": 0.26416110078283633}, "datetime": {"datetime": "2021-09-23 22:31:19", "elapsed": 365.15459, "delta": 1.990375}}
{"target": 0.918414322614767, "params": {"C": 684.4355453079107, "epsilon": 0.14720059532369015, "gamma": 0.024524455036744386, "lamda": 0.1258740304246015}, "datetime": {"datetime": "2021-09-23 22:31:21", "elapsed": 367.000466, "delta": 1.845876}}
{"target": 0.9045544311368775, "params": {"C": 685.4987743259209, "epsilon": 0.8203224586898195, "gamma": 0.03468971127098242, "lamda": 0.16680464059172936}, "datetime": {"datetime": "2021-09-23 22:31:23", "elapsed": 369.310511, "delta": 2.310045}}
{"target": 0.9263642528240263, "params": {"C": 652.9741003998475, "epsilon": 0.06702539162295651, "gamma": 0.04866792624112885, "lamda": 0.1826852733548731}, "datetime": {"datetime": "2021-09-23 22:31:26", "elapsed": 371.880255, "delta": 2.569744}}
{"target": 0.8911959100377559, "params": {"C": 705.7237684649293, "epsilon": 0.789949519200054, "gamma": 0.055509346028482155, "lamda": 0.37012318832676455}, "datetime": {"datetime": "2021-09-23 22:31:27", "elapsed": 373.44939, "delta": 1.569135}}
{"target": 0.9147532348405703, "params": {"C": 667.2453218248357, "epsilon": 0.7038447656198701, "gamma": 0.04280147571250267, "lamda": 0.10507505443789188}, "datetime": {"datetime": "2021-09-23 22:31:29", "elapsed": 374.900348, "delta": 1.450958}}
{"target": 0.9235477707626403, "params": {"C": 683.838870890459, "epsilon": 0.33745662727879056, "gamma": 0.031032343210943558, "lamda": 0.057585266229346385}, "datetime": {"datetime": "2021-09-23 22:31:31", "elapsed": 376.922846, "delta": 2.022498}}
{"target": 0.9240268803689501, "params": {"C": 684.7751952624275, "epsilon": 0.08520408680064911, "gamma": 0.03109183182896414, "lamda": 0.18409291063761996}, "datetime": {"datetime": "2021-09-23 22:31:34", "elapsed": 380.758937, "delta": 3.836091}}
{"target": 0.9061927297774238, "params": {"C": 684.4880390547485, "epsilon": 0.1314575449479734, "gamma": 0.0687040432523853, "lamda": 0.022226513695147127}, "datetime": {"datetime": "2021-09-23 22:31:37", "elapsed": 383.504518, "delta": 2.745581}}
{"target": 0.9203055474127896, "params": {"C": 685.0065513861507, "epsilon": 0.34390746022108, "gamma": 0.0423160466756103, "lamda": 0.11777360936227307}, "datetime": {"datetime": "2021-09-23 22:31:39", "elapsed": 385.750653, "delta": 2.246135}}
{"target": 0.914357000764924, "params": {"C": 709.5007440018909, "epsilon": 0.34247662385980226, "gamma": 0.04833521569363582, "lamda": 0.2236747338830141}, "datetime": {"datetime": "2021-09-23 22:31:41", "elapsed": 387.536952, "delta": 1.786299}}
{"target": 0.9253646452187726, "params": {"C": 684.743390064075, "epsilon": 0.11173440746952963, "gamma": 0.046898300090286796, "lamda": 0.16107181723877376}, "datetime": {"datetime": "2021-09-23 22:31:43", "elapsed": 389.83271, "delta": 2.295758}}
{"target": 0.9260556068805976, "params": {"C": 685.1064330281295, "epsilon": 0.06860416067853928, "gamma": 0.03363311900807794, "lamda": 0.1804561776696503}, "datetime": {"datetime": "2021-09-23 22:31:46", "elapsed": 392.292266, "delta": 2.459556}}
{"target": 0.9099569025846053, "params": {"C": 684.4191929615198, "epsilon": 0.16128810020580345, "gamma": 0.016650889818154126, "lamda": 0.047293160512618754}, "datetime": {"datetime": "2021-09-23 22:31:50", "elapsed": 395.997199, "delta": 3.704933}}
{"target": 0.9109519970607133, "params": {"C": 665.8368824393011, "epsilon": 0.3521225589123351, "gamma": 0.06707401134491564, "lamda": 0.20546875555452276}, "datetime": {"datetime": "2021-09-23 22:31:52", "elapsed": 397.942214, "delta": 1.945015}}
{"target": 0.9149829915008909, "params": {"C": 710.5357334134659, "epsilon": 0.37285331333082794, "gamma": 0.040189437557264986, "lamda": 0.19011307631389732}, "datetime": {"datetime": "2021-09-23 22:31:53", "elapsed": 399.514372, "delta": 1.572158}}
{"target": 0.9171187446074177, "params": {"C": 684.7702284913504, "epsilon": 0.15797461624165562, "gamma": 0.026817513530621014, "lamda": 0.19112712629396592}, "datetime": {"datetime": "2021-09-23 22:31:55", "elapsed": 401.586702, "delta": 2.07233}}
{"target": 0.8993866046883058, "params": {"C": 704.165324199358, "epsilon": 0.7408649511284698, "gamma": 0.04927699645693644, "lamda": 0.28688367998786113}, "datetime": {"datetime": "2021-09-23 22:31:57", "elapsed": 403.660055, "delta": 2.073353}}
{"target": 0.9124691836501803, "params": {"C": 688.9424511050132, "epsilon": 0.9437229438946725, "gamma": 0.038127207173962986, "lamda": 0.0897471787714462}, "datetime": {"datetime": "2021-09-23 22:31:59", "elapsed": 405.162096, "delta": 1.502041}}
{"target": 0.9241644273933735, "params": {"C": 655.2377383932549, "epsilon": 0.9133342829609084, "gamma": 0.02915695429644182, "lamda": 0.009357343746428139}, "datetime": {"datetime": "2021-09-23 22:32:01", "elapsed": 407.356362, "delta": 2.194266}}
{"target": 0.9147320717299526, "params": {"C": 683.9657086834579, "epsilon": 0.05080396200645276, "gamma": 0.06582959550161746, "lamda": 0.10509931296807659}, "datetime": {"datetime": "2021-09-23 22:32:03", "elapsed": 409.090691, "delta": 1.734329}}
{"target": 0.8999791921896837, "params": {"C": 765.0936115353062, "epsilon": 0.8797423321565119, "gamma": 0.05146519184214646, "lamda": 0.23524150766979834}, "datetime": {"datetime": "2021-09-23 22:32:04", "elapsed": 410.759691, "delta": 1.669}}
{"target": 0.9207967902770018, "params": {"C": 684.6516685822525, "epsilon": 0.11608621797660594, "gamma": 0.062040395604824904, "lamda": 0.14871371997174326}, "datetime": {"datetime": "2021-09-23 22:32:08", "elapsed": 414.047431, "delta": 3.28774}}
{"target": 0.9159538652815624, "params": {"C": 739.3113277832528, "epsilon": 0.5364157487504756, "gamma": 0.027476314408313683, "lamda": 0.06792748842008427}, "datetime": {"datetime": "2021-09-23 22:32:10", "elapsed": 416.591225, "delta": 2.543794}}
{"target": 0.8989719822429352, "params": {"C": 703.8595750387849, "epsilon": 0.8951615020471819, "gamma": 0.05446315628752793, "lamda": 0.23937532878438053}, "datetime": {"datetime": "2021-09-23 22:32:12", "elapsed": 418.425569, "delta": 1.834344}}
{"target": 0.9278165526826129, "params": {"C": 729.7342514362851, "epsilon": 0.15121397963406566, "gamma": 0.046698481737079335, "lamda": 0.04706682588175515}, "datetime": {"datetime": "2021-09-23 22:32:15", "elapsed": 421.590639, "delta": 3.16507}}
{"target": 0.9280367546149675, "params": {"C": 765.666261579526, "epsilon": 0.18082628435407225, "gamma": 0.03969793459677661, "lamda": 0.07234915008873143}, "datetime": {"datetime": "2021-09-23 22:32:18", "elapsed": 424.543892, "delta": 2.953253}}
{"target": 0.9242009917446508, "params": {"C": 750.2627623475087, "epsilon": 0.22041567884761015, "gamma": 0.05382445898907189, "lamda": 0.07743725133411002}, "datetime": {"datetime": "2021-09-23 22:32:21", "elapsed": 427.791573, "delta": 3.247681}}
{"target": 0.8969308582414117, "params": {"C": 699.7720566472037, "epsilon": 0.8502758109313171, "gamma": 0.032090055542956984, "lamda": 0.22905468124487088}, "datetime": {"datetime": "2021-09-23 22:32:23", "elapsed": 429.281738, "delta": 1.490165}}
{"target": 0.9227605198860395, "params": {"C": 684.0213260961458, "epsilon": 0.46917948432708134, "gamma": 0.028119741856573753, "lamda": 0.03013218764792224}, "datetime": {"datetime": "2021-09-23 22:32:26", "elapsed": 432.364995, "delta": 3.083257}}
{"target": 0.9176263255563198, "params": {"C": 684.9396901407364, "epsilon": 0.08749659612314457, "gamma": 0.06808135081985346, "lamda": 0.1431004545812532}, "datetime": {"datetime": "2021-09-23 22:32:29", "elapsed": 435.254257, "delta": 2.889262}}
{"target": 0.9154098734821853, "params": {"C": 729.7810477780852, "epsilon": 0.09944652001312912, "gamma": 0.06266729847398057, "lamda": 0.04494324882251621}, "datetime": {"datetime": "2021-09-23 22:32:32", "elapsed": 438.12632, "delta": 2.872063}}
{"target": 0.9144258014786437, "params": {"C": 798.6741558021681, "epsilon": 0.47516726752733274, "gamma": 0.05020229908491138, "lamda": 0.16036163556033758}, "datetime": {"datetime": "2021-09-23 22:32:35", "elapsed": 441.362106, "delta": 3.235786}}
{"target": 0.9226099414909743, "params": {"C": 684.5936695474772, "epsilon": 0.09702769118484461, "gamma": 0.05885994692184857, "lamda": 0.11429763615857065}, "datetime": {"datetime": "2021-09-23 22:32:38", "elapsed": 444.428682, "delta": 3.066576}}
{"target": 0.9044167910164839, "params": {"C": 662.2985491410516, "epsilon": 0.397653628414109, "gamma": 0.04994007094399021, "lamda": 0.3947241549288147}, "datetime": {"datetime": "2021-09-23 22:32:40", "elapsed": 445.960086, "delta": 1.531404}}
{"target": 0.9150799322547131, "params": {"C": 724.7416736961807, "epsilon": 0.6506228111269378, "gamma": 0.06542526778039978, "lamda": 0.07427044260429426}, "datetime": {"datetime": "2021-09-23 22:32:41", "elapsed": 447.810535, "delta": 1.850449}}
{"target": 0.9207706743664473, "params": {"C": 750.2464325473279, "epsilon": 0.12535251771590544, "gamma": 0.06120284584382565, "lamda": 0.07239365674615558}, "datetime": {"datetime": "2021-09-23 22:32:45", "elapsed": 450.890471, "delta": 3.079936}}
{"target": 0.9161535438814885, "params": {"C": 705.3232780000714, "epsilon": 0.6334861572383768, "gamma": 0.06455174015080598, "lamda": 0.06897582647767024}, "datetime": {"datetime": "2021-09-23 22:32:46", "elapsed": 452.666505, "delta": 1.776034}}
{"target": 0.9168458012253076, "params": {"C": 656.1040306691847, "epsilon": 0.2246008471878481, "gamma": 0.06902529523945777, "lamda": 0.11763601575303176}, "datetime": {"datetime": "2021-09-23 22:32:48", "elapsed": 454.799991, "delta": 2.133486}}
{"target": 0.9150228756029992, "params": {"C": 765.6243134950001, "epsilon": 0.19263270286715786, "gamma": 0.06847563737153216, "lamda": 0.044037047474407724}, "datetime": {"datetime": "2021-09-23 22:32:53", "elapsed": 459.08767, "delta": 4.287679}}
{"target": 0.9121744739622075, "params": {"C": 749.5053400328444, "epsilon": 0.13012057959277934, "gamma": 0.02130666723783573, "lamda": 0.2151354074650506}, "datetime": {"datetime": "2021-09-23 22:32:54", "elapsed": 460.77897, "delta": 1.6913}}
{"target": 0.9178333460602063, "params": {"C": 656.1780225042191, "epsilon": 0.24029648338441018, "gamma": 0.06637112354999238, "lamda": 0.113841813690188}, "datetime": {"datetime": "2021-09-23 22:32:57", "elapsed": 463.125931, "delta": 2.346961}}
{"target": 0.8880519136946396, "params": {"C": 663.9847834586405, "epsilon": 0.3688033087916762, "gamma": 0.016781668878456994, "lamda": 0.29022592418338455}, "datetime": {"datetime": "2021-09-23 22:32:59", "elapsed": 465.216494, "delta": 2.090563}}
{"target": 0.9174794108521788, "params": {"C": 765.7058559862004, "epsilon": 0.09504118035753865, "gamma": 0.02601927879020119, "lamda": 0.273116730837253}, "datetime": {"datetime": "2021-09-23 22:33:01", "elapsed": 467.502053, "delta": 2.285559}}
{"target": 0.9234075566100081, "params": {"C": 656.1385189657976, "epsilon": 0.21587746346779443, "gamma": 0.032788739020543876, "lamda": 0.10419825802860698}, "datetime": {"datetime": "2021-09-23 22:33:04", "elapsed": 470.681202, "delta": 3.179149}}
{"target": 0.9080910684023621, "params": {"C": 750.2742415533476, "epsilon": 0.2132487202437105, "gamma": 0.06084077332081034, "lamda": 0.007303285749645049}, "datetime": {"datetime": "2021-09-23 22:33:06", "elapsed": 472.406426, "delta": 1.725224}}
{"target": 0.9237200675487537, "params": {"C": 729.7361299626295, "epsilon": 0.12650070934719068, "gamma": 0.054754666483324846, "lamda": 0.13378095104859974}, "datetime": {"datetime": "2021-09-23 22:33:09", "elapsed": 475.615831, "delta": 3.209405}}
{"target": 0.8983930478986513, "params": {"C": 740.0358053054404, "epsilon": 0.724843868544919, "gamma": 0.02235858599638965, "lamda": 0.14408365040758203}, "datetime": {"datetime": "2021-09-23 22:33:12", "elapsed": 478.190892, "delta": 2.575061}}
{"target": 0.9036795802031412, "params": {"C": 799.6138309204149, "epsilon": 0.8831072397725472, "gamma": 0.04337153483686626, "lamda": 0.18964014059689782}, "datetime": {"datetime": "2021-09-23 22:33:13", "elapsed": 479.751484, "delta": 1.560592}}
{"target": 0.9182254896029632, "params": {"C": 684.4814783082965, "epsilon": 0.18870126667377937, "gamma": 0.067903105875897, "lamda": 0.07980653845021243}, "datetime": {"datetime": "2021-09-23 22:33:17", "elapsed": 483.001527, "delta": 3.250043}}
{"target": 0.9270288028262199, "params": {"C": 653.0090079574652, "epsilon": 0.06414606307536078, "gamma": 0.04700602191270129, "lamda": 0.17051702551248454}, "datetime": {"datetime": "2021-09-23 22:33:19", "elapsed": 485.66475, "delta": 2.663223}}
{"target": 0.9219301861174898, "params": {"C": 713.013074480782, "epsilon": 0.1613003161351136, "gamma": 0.03468761703843003, "lamda": 0.17454320184869396}, "datetime": {"datetime": "2021-09-23 22:33:23", "elapsed": 489.120426, "delta": 3.455676}}
{"target": 0.9171121625532532, "params": {"C": 704.178183831925, "epsilon": 0.05339784462233184, "gamma": 0.06734014929384993, "lamda": 0.351705040715957}, "datetime": {"datetime": "2021-09-23 22:33:25", "elapsed": 491.807952, "delta": 2.687526}}
{"target": 0.902458170645866, "params": {"C": 752.3866514264535, "epsilon": 0.7834335513028995, "gamma": 0.05493913105019002, "lamda": 0.22667180069673118}, "datetime": {"datetime": "2021-09-23 22:33:28", "elapsed": 494.016478, "delta": 2.208526}}
{"target": 0.8841160326286485, "params": {"C": 790.3240906806933, "epsilon": 0.17476168428108405, "gamma": 0.011157392021976886, "lamda": 0.2997158021010983}, "datetime": {"datetime": "2021-09-23 22:33:30", "elapsed": 496.024516, "delta": 2.008038}}
{"target": 0.8930024530777552, "params": {"C": 659.8712940680327, "epsilon": 0.6505484817007654, "gamma": 0.026287349512706185, "lamda": 0.2834987473726544}, "datetime": {"datetime": "2021-09-23 22:33:32", "elapsed": 498.176008, "delta": 2.151492}}
{"target": 0.9283125662888758, "params": {"C": 733.2322442680577, "epsilon": 0.6748036521700385, "gamma": 0.040560915838308696, "lamda": 0.01576064384798482}, "datetime": {"datetime": "2021-09-23 22:33:35", "elapsed": 501.297059, "delta": 3.121051}}
{"target": 0.9268685934075699, "params": {"C": 749.3321058004792, "epsilon": 0.07131946095924005, "gamma": 0.033354029572627134, "lamda": 0.15583097709745372}, "datetime": {"datetime": "2021-09-23 22:33:37", "elapsed": 503.744748, "delta": 2.447689}}
{"target": 0.9076483037311004, "params": {"C": 722.6236017781155, "epsilon": 0.8440658892790366, "gamma": 0.05473934145101867, "lamda": 0.1527903129318457}, "datetime": {"datetime": "2021-09-23 22:33:39", "elapsed": 505.677982, "delta": 1.933234}}
{"target": 0.925368429735157, "params": {"C": 685.0381138991017, "epsilon": 0.3490098605215374, "gamma": 0.044428379676794284, "lamda": 0.05901235848047107}, "datetime": {"datetime": "2021-09-23 22:33:42", "elapsed": 508.375823, "delta": 2.697841}}
{"target": 0.9097943932986384, "params": {"C": 681.6754211631769, "epsilon": 0.6603822751115254, "gamma": 0.0392572497899386, "lamda": 0.16250372686068973}, "datetime": {"datetime": "2021-09-23 22:33:44", "elapsed": 510.184189, "delta": 1.808366}}
{"target": 0.9214932998507231, "params": {"C": 670.2675813900564, "epsilon": 0.2814343193264004, "gamma": 0.02616288357462973, "lamda": 0.012060021138080905}, "datetime": {"datetime": "2021-09-23 22:33:46", "elapsed": 512.556912, "delta": 2.372723}}
{"target": 0.9262931457519794, "params": {"C": 704.1820368175191, "epsilon": 0.05859403765511177, "gamma": 0.040433393869263236, "lamda": 0.26178390244687594}, "datetime": {"datetime": "2021-09-23 22:33:48", "elapsed": 514.589773, "delta": 2.032861}}
{"target": 0.9108195484276262, "params": {"C": 692.8527745923489, "epsilon": 0.583852217067559, "gamma": 0.050115847623680695, "lamda": 0.17948711130008912}, "datetime": {"datetime": "2021-09-23 22:33:50", "elapsed": 516.361607, "delta": 1.771834}}
{"target": 0.9274013360314832, "params": {"C": 739.4152992882865, "epsilon": 0.562798427636451, "gamma": 0.04279989611406187, "lamda": 0.007302110361628783}, "datetime": {"datetime": "2021-09-23 22:33:52", "elapsed": 518.063386, "delta": 1.701779}}
{"target": 0.9220438330732442, "params": {"C": 684.5780853470727, "epsilon": 0.06431223097044508, "gamma": 0.05918120818778612, "lamda": 0.22382774153226329}, "datetime": {"datetime": "2021-09-23 22:33:55", "elapsed": 521.310359, "delta": 3.246973}}
{"target": 0.903485611768392, "params": {"C": 797.0577293330523, "epsilon": 0.47366072404852644, "gamma": 0.03255395462214459, "lamda": 0.28571787020879247}, "datetime": {"datetime": "2021-09-23 22:33:57", "elapsed": 522.933377, "delta": 1.623018}}
{"target": 0.9047958922247988, "params": {"C": 696.4647673863074, "epsilon": 0.589530441911254, "gamma": 0.02336424693851469, "lamda": 0.12176138367228462}, "datetime": {"datetime": "2021-09-23 22:33:58", "elapsed": 524.801372, "delta": 1.867995}}
{"target": 0.9278613504703201, "params": {"C": 749.2825103950295, "epsilon": 0.06969097774161176, "gamma": 0.04607701215341122, "lamda": 0.1292841394424949}, "datetime": {"datetime": "2021-09-23 22:34:01", "elapsed": 527.836373, "delta": 3.035001}}
{"target": 0.8922962027878493, "params": {"C": 740.8592445098996, "epsilon": 0.6931935352260036, "gamma": 0.022664626176245393, "lamda": 0.2218280859597452}, "datetime": {"datetime": "2021-09-23 22:34:03", "elapsed": 529.420374, "delta": 1.584001}}
{"target": 0.8965323671158967, "params": {"C": 752.4014227669413, "epsilon": 0.5044468083110161, "gamma": 0.016431565556320946, "lamda": 0.11935481571268808}, "datetime": {"datetime": "2021-09-23 22:34:05", "elapsed": 531.255111, "delta": 1.834737}}
{"target": 0.9093270631544228, "params": {"C": 715.5872206860513, "epsilon": 0.9389531817571337, "gamma": 0.04680043909277897, "lamda": 0.12644610981249163}, "datetime": {"datetime": "2021-09-23 22:34:07", "elapsed": 532.845696, "delta": 1.590585}}
{"target": 0.9220498636695813, "params": {"C": 765.6950966563173, "epsilon": 0.14840054653314083, "gamma": 0.059922698720514596, "lamda": 0.08339324665156224}, "datetime": {"datetime": "2021-09-23 22:34:10", "elapsed": 536.307788, "delta": 3.462092}}
{"target": 0.9145700229870629, "params": {"C": 685.1550064716554, "epsilon": 0.08340213749343126, "gamma": 0.02112531948544153, "lamda": 0.19494334513611516}, "datetime": {"datetime": "2021-09-23 22:34:12", "elapsed": 538.634756, "delta": 2.326968}}
{"target": 0.9219205249919012, "params": {"C": 749.3635768152036, "epsilon": 0.04181275038684404, "gamma": 0.047651324159229354, "lamda": 0.052216035114358544}, "datetime": {"datetime": "2021-09-23 22:34:15", "elapsed": 541.299478, "delta": 2.664722}}
{"target": 0.868906802230051, "params": {"C": 656.9855406276131, "epsilon": 0.7644746480472299, "gamma": 0.017201185713739093, "lamda": 0.37966582299564844}, "datetime": {"datetime": "2021-09-23 22:34:17", "elapsed": 542.965061, "delta": 1.665583}}
{"target": 0.9183002636454339, "params": {"C": 749.5898094790198, "epsilon": 0.10506070463514548, "gamma": 0.057857973740335085, "lamda": 0.3349367187129328}, "datetime": {"datetime": "2021-09-23 22:34:19", "elapsed": 545.482434, "delta": 2.517373}}
{"target": 0.9083440402071384, "params": {"C": 695.2281907268804, "epsilon": 0.9743529651749532, "gamma": 0.06498682135430485, "lamda": 0.10479596368896968}, "datetime": {"datetime": "2021-09-23 22:34:21", "elapsed": 547.507719, "delta": 2.025285}}
{"target": 0.9192890258877178, "params": {"C": 729.8267934869934, "epsilon": 0.06644923401223589, "gamma": 0.06184662788948695, "lamda": 0.11174845454282067}, "datetime": {"datetime": "2021-09-23 22:34:24", "elapsed": 550.265366, "delta": 2.757647}}
{"target": 0.9246676597884593, "params": {"C": 765.7187662662916, "epsilon": 0.0458096324897644, "gamma": 0.05181879281660984, "lamda": 0.2995738096411959}, "datetime": {"datetime": "2021-09-23 22:34:26", "elapsed": 551.927942, "delta": 1.662576}}
{"target": 0.904403550764337, "params": {"C": 653.3675236890595, "epsilon": 0.1952850813189168, "gamma": 0.015492049794619423, "lamda": 0.10014624938322177}, "datetime": {"datetime": "2021-09-23 22:34:28", "elapsed": 554.693649, "delta": 2.765707}}
{"target": 0.9282071191285761, "params": {"C": 691.4859463291963, "epsilon": 0.8280571824812709, "gamma": 0.041034969753782555, "lamda": 0.010096138168025012}, "datetime": {"datetime": "2021-09-23 22:34:30", "elapsed": 556.765966, "delta": 2.072317}}
{"target": 0.9085415364835929, "params": {"C": 738.9873163500025, "epsilon": 0.29973952925928715, "gamma": 0.03575004732854738, "lamda": 0.3549918123680863}, "datetime": {"datetime": "2021-09-23 22:34:32", "elapsed": 558.467618, "delta": 1.701652}}
{"target": 0.916142201592373, "params": {"C": 704.2174040863778, "epsilon": 0.08152394707546085, "gamma": 0.024611337998296588, "lamda": 0.31693900030318534}, "datetime": {"datetime": "2021-09-23 22:34:35", "elapsed": 561.141122, "delta": 2.673504}}
{"target": 0.9017079433997309, "params": {"C": 686.8078905310748, "epsilon": 0.7108294001421352, "gamma": 0.027461452269230822, "lamda": 0.170560507665015}, "datetime": {"datetime": "2021-09-23 22:34:37", "elapsed": 562.917578, "delta": 1.776456}}
