{"target": 0.928510463204992, "params": {"C": 794.5583762841893, "epsilon": 0.30750314238999243, "gamma": 0.041131809591657784, "lamda": 0.03816742241685042}, "datetime": {"datetime": "2021-09-23 22:49:19", "elapsed": 221.458839, "delta": 1.349714}}
{"target": 0.896976829624599, "params": {"C": 866.7218079017593, "epsilon": 0.8179732043622379, "gamma": 0.05077892836585951, "lamda": 0.2910764569900695}, "datetime": {"datetime": "2021-09-23 22:49:20", "elapsed": 222.572836, "delta": 1.113997}}
{"target": 0.9230610647648305, "params": {"C": 790.3732674377186, "epsilon": 0.12297416363839718, "gamma": 0.053106049574676795, "lamda": 0.17225873856662927}, "datetime": {"datetime": "2021-09-23 22:49:21", "elapsed": 223.618452, "delta": 1.045616}}
{"target": 0.9113967985527687, "params": {"C": 815.337206833617, "epsilon": 0.09721366062927383, "gamma": 0.017887663235422194, "lamda": 0.14699418555763002}, "datetime": {"datetime": "2021-09-23 22:49:23", "elapsed": 225.252204, "delta": 1.633752}}
{"target": 0.9275275145298338, "params": {"C": 794.5308082248455, "epsilon": 0.2694540199204091, "gamma": 0.04722814310705159, "lamda": 0.0258202528496813}, "datetime": {"datetime": "2021-09-23 22:49:24", "elapsed": 226.675205, "delta": 1.423001}}
{"target": 0.9154894723750876, "params": {"C": 796.1305919391685, "epsilon": 0.5248416812960333, "gamma": 0.06082391713066613, "lamda": 0.1044609914273352}, "datetime": {"datetime": "2021-09-23 22:49:26", "elapsed": 228.038206, "delta": 1.363001}}
{"target": 0.8935355692217287, "params": {"C": 794.5389400225837, "epsilon": 0.2840539133267553, "gamma": 0.01, "lamda": 0.05194660226683957}, "datetime": {"datetime": "2021-09-23 22:49:28", "elapsed": 229.783738, "delta": 1.745532}}
{"target": 0.9262108264180213, "params": {"C": 874.9117819437298, "epsilon": 0.048084730877314796, "gamma": 0.03994508042857536, "lamda": 0.31960758411032086}, "datetime": {"datetime": "2021-09-23 22:49:29", "elapsed": 231.516738, "delta": 1.733}}
{"target": 0.9149238440945769, "params": {"C": 794.5302339728233, "epsilon": 0.30871079714108945, "gamma": 0.07, "lamda": 0.031096121075170954}, "datetime": {"datetime": "2021-09-23 22:49:31", "elapsed": 233.405737, "delta": 1.888999}}
{"target": 0.9149270391390918, "params": {"C": 853.6313148134507, "epsilon": 0.23435641908216923, "gamma": 0.06620260516889882, "lamda": 0.19368359311872285}, "datetime": {"datetime": "2021-09-23 22:49:32", "elapsed": 234.636738, "delta": 1.231001}}
{"target": 0.9274755061335441, "params": {"C": 836.1762535846553, "epsilon": 0.11365902581868549, "gamma": 0.03752459875973424, "lamda": 0.12658616511846316}, "datetime": {"datetime": "2021-09-23 22:49:34", "elapsed": 235.848735, "delta": 1.211997}}
{"target": 0.8906436177648571, "params": {"C": 845.513438358743, "epsilon": 0.2098862450273653, "gamma": 0.01269391680920132, "lamda": 0.2258706608179359}, "datetime": {"datetime": "2021-09-23 22:49:35", "elapsed": 237.069771, "delta": 1.221036}}
{"target": 0.9253185016524486, "params": {"C": 815.2531228556775, "epsilon": 0.19313011732796298, "gamma": 0.052646115046008364, "lamda": 0.06764320547471771}, "datetime": {"datetime": "2021-09-23 22:49:37", "elapsed": 239.134737, "delta": 2.064966}}
{"target": 0.9110641721290924, "params": {"C": 891.2264495579914, "epsilon": 0.5735154209906408, "gamma": 0.02973259303678314, "lamda": 0.11971657020548479}, "datetime": {"datetime": "2021-09-23 22:49:38", "elapsed": 240.286732, "delta": 1.151995}}
{"target": 0.9148700796908215, "params": {"C": 874.885743888856, "epsilon": 0.11255633291431484, "gamma": 0.06776634442175687, "lamda": 0.3213090670112119}, "datetime": {"datetime": "2021-09-23 22:49:40", "elapsed": 242.025121, "delta": 1.738389}}
{"target": 0.9164972426246647, "params": {"C": 815.232433767345, "epsilon": 0.08746472376617465, "gamma": 0.020295063844287003, "lamda": 0.09571151682679205}, "datetime": {"datetime": "2021-09-23 22:49:41", "elapsed": 243.624127, "delta": 1.599006}}
{"target": 0.9123696081758995, "params": {"C": 834.5375070571906, "epsilon": 0.37622740609211536, "gamma": 0.02109446736030824, "lamda": 0.07470096497612963}, "datetime": {"datetime": "2021-09-23 22:49:43", "elapsed": 245.550079, "delta": 1.925952}}
{"target": 0.9118142435651745, "params": {"C": 792.2624955151061, "epsilon": 0.048969221257315315, "gamma": 0.0176696704674014, "lamda": 0.16385004100007794}, "datetime": {"datetime": "2021-09-23 22:49:45", "elapsed": 247.002087, "delta": 1.452008}}
{"target": 0.8953995863536954, "params": {"C": 838.3829552416302, "epsilon": 0.988027579060858, "gamma": 0.031209914705645617, "lamda": 0.20730164403035167}, "datetime": {"datetime": "2021-09-23 22:49:46", "elapsed": 248.16178, "delta": 1.159693}}
{"target": 0.9019638096554563, "params": {"C": 794.4015284781676, "epsilon": 0.40170970178302734, "gamma": 0.013255151832445113, "lamda": 0.03820634988894851}, "datetime": {"datetime": "2021-09-23 22:49:48", "elapsed": 249.983489, "delta": 1.821709}}
{"target": 0.9188539569004955, "params": {"C": 874.4264889502906, "epsilon": 0.14501381439567002, "gamma": 0.06566106574722229, "lamda": 0.1405293554808382}, "datetime": {"datetime": "2021-09-23 22:49:49", "elapsed": 251.449706, "delta": 1.466217}}
{"target": 0.9276923689348755, "params": {"C": 815.2410827605709, "epsilon": 0.16947842056090243, "gamma": 0.04766933211648758, "lamda": 0.05575912369932728}, "datetime": {"datetime": "2021-09-23 22:49:51", "elapsed": 253.047706, "delta": 1.598}}
{"target": 0.9212858993429067, "params": {"C": 874.3806650224043, "epsilon": 0.13173357358908588, "gamma": 0.05975016207833405, "lamda": 0.1507136919615408}, "datetime": {"datetime": "2021-09-23 22:49:53", "elapsed": 254.751537, "delta": 1.703831}}
{"target": 0.918364689906804, "params": {"C": 834.4968569032766, "epsilon": 0.06224099372217116, "gamma": 0.06551914809392631, "lamda": 0.2927139401915087}, "datetime": {"datetime": "2021-09-23 22:49:54", "elapsed": 256.293288, "delta": 1.541751}}
{"target": 0.9155639725096718, "params": {"C": 887.4051916649818, "epsilon": 0.3691434709727437, "gamma": 0.019763714487383593, "lamda": 0.03467279695962808}, "datetime": {"datetime": "2021-09-23 22:49:56", "elapsed": 257.754379, "delta": 1.461091}}
{"target": 0.9256568636013114, "params": {"C": 792.312931234078, "epsilon": 0.04196984709144948, "gamma": 0.0482642875527697, "lamda": 0.10417110211535727}, "datetime": {"datetime": "2021-09-23 22:49:57", "elapsed": 259.614388, "delta": 1.860009}}
{"target": 0.9218883179173671, "params": {"C": 854.7182686218399, "epsilon": 0.6306722498829271, "gamma": 0.05410018427307728, "lamda": 0.008949603825385368}, "datetime": {"datetime": "2021-09-23 22:49:59", "elapsed": 260.885385, "delta": 1.270997}}
{"target": 0.8712112751243352, "params": {"C": 805.1186638621984, "epsilon": 0.9066557613141163, "gamma": 0.016501499343136012, "lamda": 0.28026277813654543}, "datetime": {"datetime": "2021-09-23 22:50:00", "elapsed": 262.196334, "delta": 1.310949}}
{"target": 0.9175017425690241, "params": {"C": 815.3382799313637, "epsilon": 0.17074891818664145, "gamma": 0.021663395988935387, "lamda": 0.07647458677123693}, "datetime": {"datetime": "2021-09-23 22:50:02", "elapsed": 263.950315, "delta": 1.753981}}
{"target": 0.9181357625938049, "params": {"C": 807.7950806671688, "epsilon": 0.5439128991439389, "gamma": 0.031036003273153468, "lamda": 0.06784569602775874}, "datetime": {"datetime": "2021-09-23 22:50:04", "elapsed": 266.179397, "delta": 2.229082}}
{"target": 0.9199591502376359, "params": {"C": 836.1285669679738, "epsilon": 0.1301928569777616, "gamma": 0.024678487388219615, "lamda": 0.1365050649815918}, "datetime": {"datetime": "2021-09-23 22:50:06", "elapsed": 267.879041, "delta": 1.699644}}
{"target": 0.9200341332370735, "params": {"C": 872.2613856170685, "epsilon": 0.1362991283505228, "gamma": 0.060298515050734657, "lamda": 0.1829652818004485}, "datetime": {"datetime": "2021-09-23 22:50:08", "elapsed": 270.06199, "delta": 2.182949}}
{"target": 0.9081571558390239, "params": {"C": 886.356656546957, "epsilon": 0.8695954284945514, "gamma": 0.01617549865772478, "lamda": 0.021386879150166193}, "datetime": {"datetime": "2021-09-23 22:50:09", "elapsed": 271.645332, "delta": 1.583342}}
{"target": 0.9268774303271942, "params": {"C": 829.7215472777355, "epsilon": 0.04293243332465948, "gamma": 0.04071505288968297, "lamda": 0.3197623223910071}, "datetime": {"datetime": "2021-09-23 22:50:11", "elapsed": 273.00733, "delta": 1.361998}}
{"target": 0.9132858567715887, "params": {"C": 866.9826591690049, "epsilon": 0.5328001993768217, "gamma": 0.04703599159159425, "lamda": 0.1612844200684688}, "datetime": {"datetime": "2021-09-23 22:50:12", "elapsed": 274.595528, "delta": 1.588198}}
{"target": 0.9151723655322954, "params": {"C": 792.2573021657655, "epsilon": 0.057801543330766446, "gamma": 0.06816003291474733, "lamda": 0.1418073513051213}, "datetime": {"datetime": "2021-09-23 22:50:14", "elapsed": 276.363358, "delta": 1.76783}}
{"target": 0.9178836186160321, "params": {"C": 794.6101044926144, "epsilon": 0.2735194545755813, "gamma": 0.06857998600354362, "lamda": 0.05858068630577918}, "datetime": {"datetime": "2021-09-23 22:50:16", "elapsed": 278.290183, "delta": 1.926825}}
{"target": 0.9010288759929778, "params": {"C": 825.5854531879025, "epsilon": 0.14153802407580732, "gamma": 0.013150949724659616, "lamda": 0.15059358547878787}, "datetime": {"datetime": "2021-09-23 22:50:18", "elapsed": 280.310013, "delta": 2.01983}}
{"target": 0.9176496753403417, "params": {"C": 794.5553302863342, "epsilon": 0.23593348010533371, "gamma": 0.0487307674189139, "lamda": 0.004750862472976302}, "datetime": {"datetime": "2021-09-23 22:50:20", "elapsed": 282.35243, "delta": 2.042417}}
{"target": 0.9200131602195529, "params": {"C": 874.4017052809706, "epsilon": 0.14848398270090063, "gamma": 0.02276345020055546, "lamda": 0.07151674041224124}, "datetime": {"datetime": "2021-09-23 22:50:22", "elapsed": 284.285344, "delta": 1.932914}}
{"target": 0.9244992118813286, "params": {"C": 794.590104092327, "epsilon": 0.36677535281452267, "gamma": 0.047366564258595305, "lamda": 0.06120658287066707}, "datetime": {"datetime": "2021-09-23 22:50:24", "elapsed": 286.530527, "delta": 2.245183}}
{"target": 0.924961288880052, "params": {"C": 815.2381312833578, "epsilon": 0.14569866588618566, "gamma": 0.02994011538421129, "lamda": 0.09951080188075521}, "datetime": {"datetime": "2021-09-23 22:50:26", "elapsed": 288.416003, "delta": 1.885476}}
{"target": 0.9044277007160951, "params": {"C": 848.2262173040599, "epsilon": 0.4710866968149353, "gamma": 0.06067348889690649, "lamda": 0.30473691415270376}, "datetime": {"datetime": "2021-09-23 22:50:28", "elapsed": 289.954207, "delta": 1.538204}}
{"target": 0.9132114105697869, "params": {"C": 847.1130480708359, "epsilon": 0.9957457242159313, "gamma": 0.03410370304809121, "lamda": 0.06971160003567652}, "datetime": {"datetime": "2021-09-23 22:50:29", "elapsed": 291.388208, "delta": 1.434001}}
{"target": 0.915506158787059, "params": {"C": 874.3641541091936, "epsilon": 0.06385013642743616, "gamma": 0.06328646780387412, "lamda": 0.09295922621795455}, "datetime": {"datetime": "2021-09-23 22:50:32", "elapsed": 293.779854, "delta": 2.391646}}
{"target": 0.9260588137437779, "params": {"C": 792.2773282538238, "epsilon": 0.0787455589666867, "gamma": 0.035020653793068755, "lamda": 0.032893444585115526}, "datetime": {"datetime": "2021-09-23 22:50:33", "elapsed": 295.438758, "delta": 1.658904}}
{"target": 0.9224545033513406, "params": {"C": 794.5974720469646, "epsilon": 0.3284298651709412, "gamma": 0.04196654549580643, "lamda": 0.09458126167465643}, "datetime": {"datetime": "2021-09-23 22:50:35", "elapsed": 297.551387, "delta": 2.112629}}
{"target": 0.9228401992062311, "params": {"C": 792.3376606035715, "epsilon": 0.1307419456217654, "gamma": 0.027816204617688266, "lamda": 0.12424227733051278}, "datetime": {"datetime": "2021-09-23 22:50:37", "elapsed": 299.288674, "delta": 1.737287}}
{"target": 0.9099842319946523, "params": {"C": 804.193888551115, "epsilon": 0.3990254428055038, "gamma": 0.04580886577930534, "lamda": 0.27796289631313376}, "datetime": {"datetime": "2021-09-23 22:50:38", "elapsed": 300.577553, "delta": 1.288879}}
{"target": 0.897013624402283, "params": {"C": 826.9084891657379, "epsilon": 0.5984587817127524, "gamma": 0.03314308659796798, "lamda": 0.32768291376103525}, "datetime": {"datetime": "2021-09-23 22:50:40", "elapsed": 301.923872, "delta": 1.346319}}
{"target": 0.9055520700405519, "params": {"C": 792.3038498976414, "epsilon": 0.10959074733767118, "gamma": 0.015017325542104647, "lamda": 0.14436812400277643}, "datetime": {"datetime": "2021-09-23 22:50:42", "elapsed": 303.962848, "delta": 2.038976}}
{"target": 0.9196993655487005, "params": {"C": 820.4480729085961, "epsilon": 0.8089515774191031, "gamma": 0.030039778213127977, "lamda": 0.035413037870381595}, "datetime": {"datetime": "2021-09-23 22:50:44", "elapsed": 306.114325, "delta": 2.151477}}
{"target": 0.8963362367112583, "params": {"C": 859.3473525094596, "epsilon": 0.6790756925570854, "gamma": 0.06453993982117275, "lamda": 0.317068464075257}, "datetime": {"datetime": "2021-09-23 22:50:45", "elapsed": 307.399326, "delta": 1.285001}}
{"target": 0.9201990598497086, "params": {"C": 825.5334060230086, "epsilon": 0.14910313419963223, "gamma": 0.06277669734782354, "lamda": 0.07131387919154743}, "datetime": {"datetime": "2021-09-23 22:50:48", "elapsed": 309.843149, "delta": 2.443823}}
{"target": 0.9098711549383275, "params": {"C": 792.2900797706138, "epsilon": 0.13341495748856314, "gamma": 0.06681169201067548, "lamda": 0.032085176585440967}, "datetime": {"datetime": "2021-09-23 22:50:49", "elapsed": 311.551149, "delta": 1.708}}
{"target": 0.9141357642376912, "params": {"C": 828.8473064968176, "epsilon": 0.21658840424194875, "gamma": 0.02881575997328912, "lamda": 0.22351033675314216}, "datetime": {"datetime": "2021-09-23 22:50:51", "elapsed": 313.334145, "delta": 1.782996}}
{"target": 0.9142539202895001, "params": {"C": 813.0270131397806, "epsilon": 0.6695675653721247, "gamma": 0.0660586324365274, "lamda": 0.0781986224354041}, "datetime": {"datetime": "2021-09-23 22:50:53", "elapsed": 314.901725, "delta": 1.56758}}
{"target": 0.9182230558690642, "params": {"C": 846.1714560096065, "epsilon": 0.8633449345826142, "gamma": 0.06328709019955386, "lamda": 0.036195078348426564}, "datetime": {"datetime": "2021-09-23 22:50:55", "elapsed": 316.856559, "delta": 1.954834}}
{"target": 0.91881954967777, "params": {"C": 815.1696998121338, "epsilon": 0.18519973537445045, "gamma": 0.06672323333472796, "lamda": 0.08471979564321262}, "datetime": {"datetime": "2021-09-23 22:50:57", "elapsed": 318.796993, "delta": 1.940434}}
{"target": 0.9243541649750121, "params": {"C": 794.6032480584063, "epsilon": 0.34619733563712063, "gamma": 0.05256343394511701, "lamda": 0.01850555058221233}, "datetime": {"datetime": "2021-09-23 22:50:59", "elapsed": 320.913202, "delta": 2.116209}}
{"target": 0.9083471192397142, "params": {"C": 867.5676897942067, "epsilon": 0.3855008869197727, "gamma": 0.029459514715263722, "lamda": 0.21789917067271516}, "datetime": {"datetime": "2021-09-23 22:51:00", "elapsed": 322.625554, "delta": 1.712352}}
{"target": 0.9211337937507269, "params": {"C": 794.4664378576678, "epsilon": 0.26978507353224157, "gamma": 0.06052149999535087, "lamda": 0.07821440664422406}, "datetime": {"datetime": "2021-09-23 22:51:03", "elapsed": 325.002193, "delta": 2.376639}}
{"target": 0.9151943764073392, "params": {"C": 792.3108006172223, "epsilon": 0.061334426923084016, "gamma": 0.018994636997006147, "lamda": 0.06387361030149051}, "datetime": {"datetime": "2021-09-23 22:51:05", "elapsed": 327.29003, "delta": 2.287837}}
{"target": 0.925270537670205, "params": {"C": 792.2636197229004, "epsilon": 0.08122029731559392, "gamma": 0.05129368126865596, "lamda": 0.07333220210057768}, "datetime": {"datetime": "2021-09-23 22:51:07", "elapsed": 329.691229, "delta": 2.401199}}
{"target": 0.9130563076820704, "params": {"C": 836.1577156975869, "epsilon": 0.06363717555754114, "gamma": 0.018285319725004634, "lamda": 0.14669880393136436}, "datetime": {"datetime": "2021-09-23 22:51:10", "elapsed": 331.874871, "delta": 2.183642}}
{"target": 0.9217683583352948, "params": {"C": 820.4244268384282, "epsilon": 0.7782703757592973, "gamma": 0.05939900170327111, "lamda": 0.01668418073258864}, "datetime": {"datetime": "2021-09-23 22:51:12", "elapsed": 333.973158, "delta": 2.098287}}
{"target": 0.9181044359866493, "params": {"C": 836.1813519761536, "epsilon": 0.08098242435307781, "gamma": 0.06535724530656944, "lamda": 0.11685576539065747}, "datetime": {"datetime": "2021-09-23 22:51:14", "elapsed": 335.832493, "delta": 1.859335}}
{"target": 0.9128512975012494, "params": {"C": 874.0390503915133, "epsilon": 0.4187174894181155, "gamma": 0.03308460995553855, "lamda": 0.166735159672804}, "datetime": {"datetime": "2021-09-23 22:51:15", "elapsed": 337.489743, "delta": 1.65725}}
{"target": 0.9168326395829051, "params": {"C": 874.4379750108285, "epsilon": 0.2325396154604384, "gamma": 0.06478093042105477, "lamda": 0.16039022600971348}, "datetime": {"datetime": "2021-09-23 22:51:17", "elapsed": 339.41731, "delta": 1.927567}}
{"target": 0.9045544311368775, "params": {"C": 816.0324345056753, "epsilon": 0.8203224586898195, "gamma": 0.03468971127098242, "lamda": 0.16680464059172936}, "datetime": {"datetime": "2021-09-23 22:51:19", "elapsed": 340.965559, "delta": 1.548249}}
{"target": 0.9210720901998093, "params": {"C": 794.5504837971687, "epsilon": 0.3706177786105237, "gamma": 0.040236165966872975, "lamda": 0.09799809727532273}, "datetime": {"datetime": "2021-09-23 22:51:21", "elapsed": 342.95377, "delta": 1.988211}}
{"target": 0.8911959100377559, "params": {"C": 830.8640968742815, "epsilon": 0.789949519200054, "gamma": 0.055509346028482155, "lamda": 0.37012318832676455}, "datetime": {"datetime": "2021-09-23 22:51:22", "elapsed": 344.38992, "delta": 1.43615}}
{"target": 0.9147532348405703, "params": {"C": 802.6465693382129, "epsilon": 0.7038447656198701, "gamma": 0.04280147571250267, "lamda": 0.10507505443789188}, "datetime": {"datetime": "2021-09-23 22:51:24", "elapsed": 345.872925, "delta": 1.483005}}
{"target": 0.9032065580477562, "params": {"C": 792.288857314747, "epsilon": 0.1735347636928639, "gamma": 0.013381512904930002, "lamda": 0.01933519614733559}, "datetime": {"datetime": "2021-09-23 22:51:26", "elapsed": 348.137919, "delta": 2.264994}}
{"target": 0.9090343835827636, "params": {"C": 794.5618798202954, "epsilon": 0.28809034197550065, "gamma": 0.0612025750652523, "lamda": 0.007866051637457168}, "datetime": {"datetime": "2021-09-23 22:51:29", "elapsed": 351.294437, "delta": 3.156518}}
{"target": 0.9192101958014749, "params": {"C": 792.2501633450079, "epsilon": 0.1773577197868334, "gamma": 0.02319793178821729, "lamda": 0.07496837027441954}, "datetime": {"datetime": "2021-09-23 22:51:32", "elapsed": 353.769038, "delta": 2.474601}}
{"target": 0.9219755955837842, "params": {"C": 872.2641727294779, "epsilon": 0.18724656512070806, "gamma": 0.03046448123561296, "lamda": 0.12479985297329622}, "datetime": {"datetime": "2021-09-23 22:51:33", "elapsed": 355.681951, "delta": 1.912913}}
{"target": 0.914357000764924, "params": {"C": 833.63387893472, "epsilon": 0.34247662385980226, "gamma": 0.04833521569363582, "lamda": 0.2236747338830141}, "datetime": {"datetime": "2021-09-23 22:51:35", "elapsed": 357.289879, "delta": 1.607928}}
{"target": 0.9227536502323861, "params": {"C": 836.2080581359108, "epsilon": 0.15049405660113743, "gamma": 0.05645227951931614, "lamda": 0.12594067468061343}, "datetime": {"datetime": "2021-09-23 22:51:37", "elapsed": 359.439418, "delta": 2.149539}}
{"target": 0.9219176610108414, "params": {"C": 855.4701531769862, "epsilon": 0.5076252973830014, "gamma": 0.05148656149872629, "lamda": 0.059131782838266485}, "datetime": {"datetime": "2021-09-23 22:51:40", "elapsed": 362.417628, "delta": 2.97821}}
{"target": 0.8938750659807189, "params": {"C": 815.1925618992623, "epsilon": 0.16585111787342963, "gamma": 0.01, "lamda": 0.08532378445681786}, "datetime": {"datetime": "2021-09-23 22:51:43", "elapsed": 364.877673, "delta": 2.460045}}
{"target": 0.9109519970607133, "params": {"C": 801.6137137888209, "epsilon": 0.3521225589123351, "gamma": 0.06707401134491564, "lamda": 0.20546875555452276}, "datetime": {"datetime": "2021-09-23 22:51:44", "elapsed": 366.54909, "delta": 1.671417}}
{"target": 0.9149829915008909, "params": {"C": 834.392871169875, "epsilon": 0.37285331333082794, "gamma": 0.040189437557264986, "lamda": 0.19011307631389732}, "datetime": {"datetime": "2021-09-23 22:51:46", "elapsed": 368.348555, "delta": 1.799465}}
{"target": 0.9156001770393741, "params": {"C": 815.2872169515273, "epsilon": 0.11677383696155152, "gamma": 0.020020891181888496, "lamda": 0.09075007572567101}, "datetime": {"datetime": "2021-09-23 22:51:48", "elapsed": 370.547413, "delta": 2.198858}}
{"target": 0.8993866046883058, "params": {"C": 829.7212377461958, "epsilon": 0.7408649511284698, "gamma": 0.04927699645693644, "lamda": 0.28688367998786113}, "datetime": {"datetime": "2021-09-23 22:51:50", "elapsed": 372.500836, "delta": 1.953423}}
{"target": 0.9124691836501803, "params": {"C": 818.5577974770097, "epsilon": 0.9437229438946725, "gamma": 0.038127207173962986, "lamda": 0.0897471787714462}, "datetime": {"datetime": "2021-09-23 22:51:52", "elapsed": 374.243407, "delta": 1.742571}}
{"target": 0.9253669255832715, "params": {"C": 793.8410081550536, "epsilon": 0.9133342829609084, "gamma": 0.02915695429644182, "lamda": 0.009357343746428139}, "datetime": {"datetime": "2021-09-23 22:51:54", "elapsed": 376.402957, "delta": 2.15955}}
{"target": 0.9121890720825545, "params": {"C": 814.9081863678691, "epsilon": 0.05080396200645276, "gamma": 0.06582959550161746, "lamda": 0.10509931296807659}, "datetime": {"datetime": "2021-09-23 22:51:56", "elapsed": 377.851953, "delta": 1.448996}}
