{"target": -2.0838134493404823, "params": {"C": 417.48171760020796, "epsilon": 0.2372038443823374, "gamma": 0.08002526122596662, "lamda": 0.19472578016352488}, "datetime": {"datetime": "2021-09-23 13:46:53", "elapsed": 153.920375, "delta": 0.874693}}
{"target": -2.0469316954983454, "params": {"C": 463.8051761480742, "epsilon": 0.040902545284202, "gamma": 0.06574123777522232, "lamda": 0.14482397525738053}, "datetime": {"datetime": "2021-09-23 13:46:54", "elapsed": 155.251599, "delta": 1.331224}}
{"target": -2.215026878961657, "params": {"C": 438.6971071240081, "epsilon": 0.8796547906681269, "gamma": 0.08741853942876308, "lamda": 0.14205391105610285}, "datetime": {"datetime": "2021-09-23 13:46:55", "elapsed": 156.265071, "delta": 1.013472}}
{"target": -2.054986472190238, "params": {"C": 309.2297717818453, "epsilon": 0.5482915795650003, "gamma": 0.07138651458392739, "lamda": 0.0847757092391374}, "datetime": {"datetime": "2021-09-23 13:46:56", "elapsed": 157.329071, "delta": 1.064}}
{"target": -2.2112242412364025, "params": {"C": 556.522172493397, "epsilon": 0.454954248678615, "gamma": 0.052063661730250656, "lamda": 0.2800338580025426}, "datetime": {"datetime": "2021-09-23 13:46:57", "elapsed": 158.197339, "delta": 0.868268}}
{"target": -2.2068985374014343, "params": {"C": 309.3191325946924, "epsilon": 0.6147021558866905, "gamma": 0.12585067790120025, "lamda": 0.06995838605743315}, "datetime": {"datetime": "2021-09-23 13:46:58", "elapsed": 159.266483, "delta": 1.069144}}
{"target": -2.0529307687902665, "params": {"C": 530.7220918786265, "epsilon": 0.2994362372159719, "gamma": 0.05383266520726807, "lamda": 0.10795514188770301}, "datetime": {"datetime": "2021-09-23 13:46:59", "elapsed": 160.80567, "delta": 1.539187}}
{"target": -2.0849382284076743, "params": {"C": 488.22763239217915, "epsilon": 0.37585946926850794, "gamma": 0.06996524449753701, "lamda": 0.16716349513169068}, "datetime": {"datetime": "2021-09-23 13:47:03", "elapsed": 164.177577, "delta": 3.371907}}
{"target": -2.23587704813612, "params": {"C": 458.5037025196163, "epsilon": 0.15750039746092437, "gamma": 0.13137816280006268, "lamda": 0.13698743747939143}, "datetime": {"datetime": "2021-09-23 13:47:05", "elapsed": 165.855601, "delta": 1.678024}}
{"target": -2.136446651271425, "params": {"C": 416.6701369544104, "epsilon": 0.3469540811568411, "gamma": 0.10140618433776803, "lamda": 0.08960560160235703}, "datetime": {"datetime": "2021-09-23 13:47:05", "elapsed": 166.67007, "delta": 0.814469}}
{"target": -2.0228125271764443, "params": {"C": 417.73067244541954, "epsilon": 0.13297631173960245, "gamma": 0.07037025793174154, "lamda": 0.0884219941990509}, "datetime": {"datetime": "2021-09-23 13:47:07", "elapsed": 167.819694, "delta": 1.149624}}
{"target": -2.14703080833962, "params": {"C": 417.80519917993183, "epsilon": 0.14036140494623495, "gamma": 0.1031663657839175, "lamda": 0.20117377354712326}, "datetime": {"datetime": "2021-09-23 13:47:08", "elapsed": 168.909678, "delta": 1.089984}}
{"target": -2.099131088140578, "params": {"C": 309.28581039141096, "epsilon": 0.6144870432569449, "gamma": 0.04, "lamda": 0.01}, "datetime": {"datetime": "2021-09-23 13:47:09", "elapsed": 170.387213, "delta": 1.477535}}
{"target": -2.110474973133238, "params": {"C": 464.0698519903258, "epsilon": 0.812413878886055, "gamma": 0.09239951553923173, "lamda": 0.055101620163935765}, "datetime": {"datetime": "2021-09-23 13:47:10", "elapsed": 171.40422, "delta": 1.017007}}
{"target": -2.0450410986968692, "params": {"C": 463.83329021248073, "epsilon": 0.12126086427928034, "gamma": 0.04955507769673595, "lamda": 0.2035032401177613}, "datetime": {"datetime": "2021-09-23 13:47:12", "elapsed": 172.820128, "delta": 1.415908}}
{"target": -2.1250551030105944, "params": {"C": 493.7297852294786, "epsilon": 0.19418174887090622, "gamma": 0.09188461989125993, "lamda": 0.279458305937021}, "datetime": {"datetime": "2021-09-23 13:47:12", "elapsed": 173.735493, "delta": 0.915365}}
{"target": -2.2012519015642944, "params": {"C": 580.4188136768886, "epsilon": 0.8372512800092323, "gamma": 0.1107664583907298, "lamda": 0.017580694978723763}, "datetime": {"datetime": "2021-09-23 13:47:13", "elapsed": 174.702109, "delta": 0.966616}}
{"target": -2.086824680356586, "params": {"C": 417.7042284806863, "epsilon": 0.17354683649957958, "gamma": 0.08889377272987067, "lamda": 0.047197892790593284}, "datetime": {"datetime": "2021-09-23 13:47:14", "elapsed": 175.806106, "delta": 1.103997}}
{"target": -2.2048962486498738, "params": {"C": 301.0126215528837, "epsilon": 0.14703706963236446, "gamma": 0.12519715380640759, "lamda": 0.14306781811817257}, "datetime": {"datetime": "2021-09-23 13:47:15", "elapsed": 176.64163, "delta": 0.835524}}
{"target": -2.2185327079343513, "params": {"C": 417.82115249006733, "epsilon": 0.14810066276731618, "gamma": 0.12965694203048023, "lamda": 0.20128859053890216}, "datetime": {"datetime": "2021-09-23 13:47:16", "elapsed": 177.537628, "delta": 0.895998}}
{"target": -2.0308172072399024, "params": {"C": 309.282747539917, "epsilon": 0.7837549001404266, "gamma": 0.06063792193921658, "lamda": 0.047892517463456186}, "datetime": {"datetime": "2021-09-23 13:47:17", "elapsed": 178.773234, "delta": 1.235606}}
{"target": -2.2709630339229196, "params": {"C": 321.9088190094693, "epsilon": 0.917699341753463, "gamma": 0.13969992262292946, "lamda": 0.10400988278244146}, "datetime": {"datetime": "2021-09-23 13:47:19", "elapsed": 179.886205, "delta": 1.112971}}
{"target": -2.1386422038586756, "params": {"C": 448.1548831955457, "epsilon": 0.8040334050445046, "gamma": 0.04249436627812542, "lamda": 0.0833136315719488}, "datetime": {"datetime": "2021-09-23 13:47:19", "elapsed": 180.7609, "delta": 0.874695}}
{"target": -2.0981025011018235, "params": {"C": 309.2123354574951, "epsilon": 0.7185360180136596, "gamma": 0.04613943059043066, "lamda": 0.07379296509391617}, "datetime": {"datetime": "2021-09-23 13:47:21", "elapsed": 181.998527, "delta": 1.237627}}
{"target": -2.0890526732302925, "params": {"C": 463.82760775936674, "epsilon": 0.16915613094172507, "gamma": 0.0900548777063556, "lamda": 0.05846968343781958}, "datetime": {"datetime": "2021-09-23 13:47:22", "elapsed": 183.445526, "delta": 1.446999}}
{"target": -2.1930238339400763, "params": {"C": 534.6707737396448, "epsilon": 0.8837448826474669, "gamma": 0.10146476172157004, "lamda": 0.1037010217047876}, "datetime": {"datetime": "2021-09-23 13:47:23", "elapsed": 184.608925, "delta": 1.163399}}
{"target": -2.1414211477386886, "params": {"C": 484.0598861674588, "epsilon": 0.5601258302412444, "gamma": 0.10056386776598414, "lamda": 0.04423939360662208}, "datetime": {"datetime": "2021-09-23 13:47:24", "elapsed": 185.442924, "delta": 0.833999}}
{"target": -2.224732553110734, "params": {"C": 309.1301962232266, "epsilon": 0.6023821495354558, "gamma": 0.13283628756762245, "lamda": 0.1017019444515154}, "datetime": {"datetime": "2021-09-23 13:47:25", "elapsed": 186.611972, "delta": 1.169048}}
{"target": -2.137349428702077, "params": {"C": 383.5521411715155, "epsilon": 0.9662754544974289, "gamma": 0.09699837840021205, "lamda": 0.05959849356423365}, "datetime": {"datetime": "2021-09-23 13:47:27", "elapsed": 187.86797, "delta": 1.255998}}
{"target": -2.317359881802234, "params": {"C": 343.2074850975136, "epsilon": 0.6117159624798945, "gamma": 0.12583187648222913, "lamda": 0.25454903555424857}, "datetime": {"datetime": "2021-09-23 13:47:27", "elapsed": 188.690396, "delta": 0.822426}}
{"target": -2.0296118987690694, "params": {"C": 309.40200606887913, "epsilon": 0.764198801870907, "gamma": 0.07883897522027705, "lamda": 0.026662874166176312}, "datetime": {"datetime": "2021-09-23 13:47:29", "elapsed": 189.878395, "delta": 1.187999}}
{"target": -2.0418130538796064, "params": {"C": 417.7520118895908, "epsilon": 0.21149606602279356, "gamma": 0.051792657382348804, "lamda": 0.13433411800236256}, "datetime": {"datetime": "2021-09-23 13:47:30", "elapsed": 191.472323, "delta": 1.593928}}
{"target": -2.313265760328968, "params": {"C": 309.3362040488255, "epsilon": 0.8041034882746536, "gamma": 0.14479118010210834, "lamda": 0.018380570614918455}, "datetime": {"datetime": "2021-09-23 13:47:31", "elapsed": 192.750674, "delta": 1.278351}}
{"target": -2.241494150658606, "params": {"C": 463.80847960616745, "epsilon": 0.15046680331936926, "gamma": 0.13598864811798028, "lamda": 0.16268177757100835}, "datetime": {"datetime": "2021-09-23 13:47:33", "elapsed": 194.065839, "delta": 1.315165}}
{"target": -2.407858663158194, "params": {"C": 377.554255771861, "epsilon": 0.11699436287612264, "gamma": 0.14850298187267585, "lamda": 0.03654162113801248}, "datetime": {"datetime": "2021-09-23 13:47:34", "elapsed": 195.105292, "delta": 1.039453}}
{"target": -2.323926670247868, "params": {"C": 463.92317871505867, "epsilon": 0.726877313405511, "gamma": 0.14879594582341862, "lamda": 0.02226883199794974}, "datetime": {"datetime": "2021-09-23 13:47:35", "elapsed": 196.615991, "delta": 1.510699}}
{"target": -2.2032775678812255, "params": {"C": 328.4059448926574, "epsilon": 0.39619421498035673, "gamma": 0.08765225783053615, "lamda": 0.2812671000262279}, "datetime": {"datetime": "2021-09-23 13:47:36", "elapsed": 197.705995, "delta": 1.090004}}
{"target": -2.0286615676153152, "params": {"C": 417.43000871976403, "epsilon": 0.19130014286404667, "gamma": 0.07144645463160101, "lamda": 0.07744316636041466}, "datetime": {"datetime": "2021-09-23 13:47:38", "elapsed": 199.143239, "delta": 1.437244}}
{"target": -2.040904401115094, "params": {"C": 338.40262459847014, "epsilon": 0.1774899237561124, "gamma": 0.05284650462913271, "lamda": 0.1788475581669207}, "datetime": {"datetime": "2021-09-23 13:47:39", "elapsed": 200.634835, "delta": 1.491596}}
{"target": -2.0420992527271187, "params": {"C": 530.7147188949416, "epsilon": 0.27027524331225405, "gamma": 0.06114748866681105, "lamda": 0.032106252729146106}, "datetime": {"datetime": "2021-09-23 13:47:41", "elapsed": 202.458156, "delta": 1.823321}}
{"target": -2.0410382759539365, "params": {"C": 338.4586221512904, "epsilon": 0.10511471287994034, "gamma": 0.04736433318884591, "lamda": 0.20345854642851688}, "datetime": {"datetime": "2021-09-23 13:47:43", "elapsed": 203.928211, "delta": 1.470055}}
{"target": -2.0391755477114644, "params": {"C": 338.43703078627016, "epsilon": 0.09925351292118322, "gamma": 0.08526814313888334, "lamda": 0.1340753214312012}, "datetime": {"datetime": "2021-09-23 13:47:44", "elapsed": 205.528946, "delta": 1.600735}}
{"target": -2.0115756970904677, "params": {"C": 338.3382170350872, "epsilon": 0.09027403908666091, "gamma": 0.07354089387483294, "lamda": 0.15505693733449682}, "datetime": {"datetime": "2021-09-23 13:47:46", "elapsed": 207.200735, "delta": 1.671789}}
{"target": -2.082658640648627, "params": {"C": 463.9850916361659, "epsilon": 0.8534770738099887, "gamma": 0.04082106493635024, "lamda": 0.03632849572840861}, "datetime": {"datetime": "2021-09-23 13:47:48", "elapsed": 208.871372, "delta": 1.670637}}
{"target": -2.1912215050040906, "params": {"C": 503.7320202512633, "epsilon": 0.24505751056781486, "gamma": 0.11465565442526188, "lamda": 0.2654693955484143}, "datetime": {"datetime": "2021-09-23 13:47:48", "elapsed": 209.72637, "delta": 0.854998}}
{"target": -2.104555280905982, "params": {"C": 495.02986573115595, "epsilon": 0.4589190305457312, "gamma": 0.06341281871558149, "lamda": 0.1654207104268044}, "datetime": {"datetime": "2021-09-23 13:47:49", "elapsed": 210.728089, "delta": 1.001719}}
{"target": -2.2478137204211883, "params": {"C": 482.58041386996626, "epsilon": 0.3736085345376139, "gamma": 0.1164240312531368, "lamda": 0.29063754877911674}, "datetime": {"datetime": "2021-09-23 13:47:50", "elapsed": 211.526113, "delta": 0.798024}}
{"target": -2.2903468642988574, "params": {"C": 554.1830384877062, "epsilon": 0.860080388936194, "gamma": 0.06782834245512437, "lamda": 0.23752666624171945}, "datetime": {"datetime": "2021-09-23 13:47:51", "elapsed": 212.484621, "delta": 0.958508}}
{"target": -2.069323555294306, "params": {"C": 338.39070220943535, "epsilon": 0.04510439817740622, "gamma": 0.043087491570852336, "lamda": 0.17916154428273054}, "datetime": {"datetime": "2021-09-23 13:47:53", "elapsed": 213.889141, "delta": 1.40452}}
{"target": -2.047241560436541, "params": {"C": 309.48151256378145, "epsilon": 0.6310732040419692, "gamma": 0.0812480384311924, "lamda": 0.05255065706969545}, "datetime": {"datetime": "2021-09-23 13:47:54", "elapsed": 215.036661, "delta": 1.14752}}
{"target": -2.258466045191328, "params": {"C": 342.2785710260787, "epsilon": 0.5930436394931227, "gamma": 0.1409202495001363, "lamda": 0.04435013011791954}, "datetime": {"datetime": "2021-09-23 13:47:55", "elapsed": 216.076309, "delta": 1.039648}}
{"target": -2.055595733429456, "params": {"C": 569.5915873457925, "epsilon": 0.6225085623103117, "gamma": 0.05945565638668626, "lamda": 0.0772354574246611}, "datetime": {"datetime": "2021-09-23 13:47:56", "elapsed": 217.07633, "delta": 1.000021}}
{"target": -2.1568179957694498, "params": {"C": 330.96428602896714, "epsilon": 0.15273339385774934, "gamma": 0.11030010605907786, "lamda": 0.11721003915334874}, "datetime": {"datetime": "2021-09-23 13:47:57", "elapsed": 218.173738, "delta": 1.097408}}
{"target": -2.1170055971336517, "params": {"C": 309.45639294290834, "epsilon": 0.7180310222688653, "gamma": 0.0521705158813314, "lamda": 0.11089976869127206}, "datetime": {"datetime": "2021-09-23 13:47:58", "elapsed": 219.635962, "delta": 1.462224}}
{"target": -2.194414521413259, "params": {"C": 417.5075866375021, "epsilon": 0.06202109928204859, "gamma": 0.057620612612282796, "lamda": 0.02660107341375581}, "datetime": {"datetime": "2021-09-23 13:48:00", "elapsed": 221.035143, "delta": 1.399181}}
{"target": -2.185662833440169, "params": {"C": 338.3841843885055, "epsilon": 0.1158139083621022, "gamma": 0.11637591908732549, "lamda": 0.20433920458140634}, "datetime": {"datetime": "2021-09-23 13:48:01", "elapsed": 222.395721, "delta": 1.360578}}
{"target": -2.1095802787813853, "params": {"C": 309.2991106928413, "epsilon": 0.7431336634716752, "gamma": 0.04627772250477316, "lamda": 0.08043973799650564}, "datetime": {"datetime": "2021-09-23 13:48:02", "elapsed": 223.526273, "delta": 1.130552}}
{"target": -2.011138933642299, "params": {"C": 338.27042105305924, "epsilon": 0.12418284409599117, "gamma": 0.06996055320648348, "lamda": 0.12873683210020903}, "datetime": {"datetime": "2021-09-23 13:48:04", "elapsed": 224.829728, "delta": 1.303455}}
{"target": -2.340662052814225, "params": {"C": 368.53777820547697, "epsilon": 0.77217811696027, "gamma": 0.08654758246982411, "lamda": 0.29252765219204124}, "datetime": {"datetime": "2021-09-23 13:48:04", "elapsed": 225.751739, "delta": 0.922011}}
{"target": -2.026791129957904, "params": {"C": 338.5126479980989, "epsilon": 0.17579233786350493, "gamma": 0.07306325648154718, "lamda": 0.16700006778395093}, "datetime": {"datetime": "2021-09-23 13:48:06", "elapsed": 226.897748, "delta": 1.146009}}
{"target": -2.2653167119797186, "params": {"C": 417.74468589249267, "epsilon": 0.06442119971354793, "gamma": 0.12146070010480409, "lamda": 0.09463636509843966}, "datetime": {"datetime": "2021-09-23 13:48:07", "elapsed": 228.2237, "delta": 1.325952}}
{"target": -2.041540736365587, "params": {"C": 417.48437064956903, "epsilon": 0.054064941514739825, "gamma": 0.045400999703309845, "lamda": 0.2572630565669938}, "datetime": {"datetime": "2021-09-23 13:48:08", "elapsed": 229.578203, "delta": 1.354503}}
{"target": -2.371933850384599, "params": {"C": 417.37874176378307, "epsilon": 0.15303936098123763, "gamma": 0.14634367833807121, "lamda": 0.05104613402567884}, "datetime": {"datetime": "2021-09-23 13:48:10", "elapsed": 230.931802, "delta": 1.353599}}
{"target": -2.3712655357837384, "params": {"C": 435.6951576856113, "epsilon": 0.8857478865828491, "gamma": 0.14497841666134131, "lamda": 0.202904926254178}, "datetime": {"datetime": "2021-09-23 13:48:11", "elapsed": 231.969801, "delta": 1.037999}}
{"target": -2.05696601822659, "params": {"C": 309.4340844646214, "epsilon": 0.6812484579804442, "gamma": 0.07914021825423177, "lamda": 0.05713651782723526}, "datetime": {"datetime": "2021-09-23 13:48:12", "elapsed": 233.711922, "delta": 1.742121}}
{"target": -2.1019313286283277, "params": {"C": 577.079687156762, "epsilon": 0.3600160850273301, "gamma": 0.0820631530695085, "lamda": 0.16230065677455088}, "datetime": {"datetime": "2021-09-23 13:48:14", "elapsed": 235.0115, "delta": 1.299578}}
{"target": -2.049506099757162, "params": {"C": 484.94564561755664, "epsilon": 0.9067635792061081, "gamma": 0.07010240945926866, "lamda": 0.011338872760166839}, "datetime": {"datetime": "2021-09-23 13:48:15", "elapsed": 236.220159, "delta": 1.208659}}
{"target": -2.2021112764887922, "params": {"C": 486.5350738801885, "epsilon": 0.7802405448021444, "gamma": 0.08218737351742134, "lamda": 0.15813903215962172}, "datetime": {"datetime": "2021-09-23 13:48:16", "elapsed": 237.283826, "delta": 1.063667}}
{"target": -2.1444434770626972, "params": {"C": 338.3043706394769, "epsilon": 0.09127502194538997, "gamma": 0.07238095895891117, "lamda": 0.028155303221342666}, "datetime": {"datetime": "2021-09-23 13:48:18", "elapsed": 238.859715, "delta": 1.575889}}
{"target": -2.0254184417448897, "params": {"C": 397.011399465774, "epsilon": 0.16474075321589032, "gamma": 0.07343907777226182, "lamda": 0.08449376131126736}, "datetime": {"datetime": "2021-09-23 13:48:19", "elapsed": 239.870717, "delta": 1.011002}}
{"target": -2.0635832947654213, "params": {"C": 463.8967426322069, "epsilon": 0.1055789572116202, "gamma": 0.04, "lamda": 0.141794103436633}, "datetime": {"datetime": "2021-09-23 13:48:20", "elapsed": 241.485307, "delta": 1.61459}}
{"target": -2.321171489652894, "params": {"C": 338.52496252516363, "epsilon": 0.10559162652734919, "gamma": 0.14525675000560231, "lamda": 0.10426075273235968}, "datetime": {"datetime": "2021-09-23 13:48:22", "elapsed": 242.905285, "delta": 1.419978}}
{"target": -2.0422502028477965, "params": {"C": 416.7916249645166, "epsilon": 0.7411520555664342, "gamma": 0.07726828238359197, "lamda": 0.02674550178345026}, "datetime": {"datetime": "2021-09-23 13:48:23", "elapsed": 244.012313, "delta": 1.107028}}
{"target": -2.106448964548601, "params": {"C": 397.03086337260265, "epsilon": 0.1353291330225943, "gamma": 0.08370388956164014, "lamda": 0.03588007585902007}, "datetime": {"datetime": "2021-09-23 13:48:25", "elapsed": 245.955956, "delta": 1.943643}}
{"target": -2.0373194183877223, "params": {"C": 417.3972980981249, "epsilon": 0.10203221891728748, "gamma": 0.0750902691072997, "lamda": 0.2209171541046845}, "datetime": {"datetime": "2021-09-23 13:48:26", "elapsed": 247.181661, "delta": 1.225705}}
{"target": -2.0552346214094057, "params": {"C": 338.30723387709486, "epsilon": 0.1410898815390039, "gamma": 0.04046983558715532, "lamda": 0.1224080535370634}, "datetime": {"datetime": "2021-09-23 13:48:27", "elapsed": 248.632149, "delta": 1.450488}}
{"target": -2.2575040715575962, "params": {"C": 417.48929489060856, "epsilon": 0.8703068601618934, "gamma": 0.09483641058170894, "lamda": 0.16865441360042938}, "datetime": {"datetime": "2021-09-23 13:48:28", "elapsed": 249.708126, "delta": 1.075977}}
{"target": -2.309709176527349, "params": {"C": 549.2965511227367, "epsilon": 0.4557967067784774, "gamma": 0.1486321265906925, "lamda": 0.2572794069992458}, "datetime": {"datetime": "2021-09-23 13:48:30", "elapsed": 250.915857, "delta": 1.207731}}
{"target": -2.0988494725916027, "params": {"C": 338.1845035478471, "epsilon": 0.11327219368919222, "gamma": 0.09529309720154022, "lamda": 0.16742558066244057}, "datetime": {"datetime": "2021-09-23 13:48:32", "elapsed": 252.962976, "delta": 2.047119}}
{"target": -2.3282335549547106, "params": {"C": 509.2412942775254, "epsilon": 0.81984976926572, "gamma": 0.11476136867074241, "lamda": 0.22083251259929862}, "datetime": {"datetime": "2021-09-23 13:48:33", "elapsed": 254.155485, "delta": 1.192509}}
{"target": -2.1267038773455162, "params": {"C": 309.53998904238745, "epsilon": 0.7210912153979445, "gamma": 0.09838623709268449, "lamda": 0.0529400821969902}, "datetime": {"datetime": "2021-09-23 13:48:34", "elapsed": 255.339139, "delta": 1.183654}}
{"target": -2.204005894559858, "params": {"C": 397.0011539557339, "epsilon": 0.12425877442828465, "gamma": 0.11826249240368852, "lamda": 0.12843121054818674}, "datetime": {"datetime": "2021-09-23 13:48:35", "elapsed": 256.534404, "delta": 1.195265}}
{"target": -2.1326130821508933, "params": {"C": 484.90254411121805, "epsilon": 0.8684864303252097, "gamma": 0.08195085195821092, "lamda": 0.0910117798519547}, "datetime": {"datetime": "2021-09-23 13:48:37", "elapsed": 257.909905, "delta": 1.375501}}
{"target": -2.22498341392305, "params": {"C": 316.7197961977325, "epsilon": 0.5297402206641154, "gamma": 0.13317718140622123, "lamda": 0.08519721181435388}, "datetime": {"datetime": "2021-09-23 13:48:38", "elapsed": 259.000301, "delta": 1.090396}}
{"target": -2.025911089409581, "params": {"C": 417.6205641434871, "epsilon": 0.10915979092386513, "gamma": 0.05896119200818571, "lamda": 0.21689974131128736}, "datetime": {"datetime": "2021-09-23 13:48:40", "elapsed": 260.976283, "delta": 1.975982}}
{"target": -2.0391120927890167, "params": {"C": 417.57573330108664, "epsilon": 0.17290352926164357, "gamma": 0.05351283388365297, "lamda": 0.16587646433201855}, "datetime": {"datetime": "2021-09-23 13:48:41", "elapsed": 262.289291, "delta": 1.313008}}
{"target": -2.0906463116664513, "params": {"C": 569.66845001039, "epsilon": 0.6565389789485685, "gamma": 0.07899662055975223, "lamda": 0.08372802950928551}, "datetime": {"datetime": "2021-09-23 13:48:42", "elapsed": 263.746958, "delta": 1.457667}}
{"target": -2.2462108643052905, "params": {"C": 473.5399494912292, "epsilon": 0.24224965187513658, "gamma": 0.14303810947631448, "lamda": 0.15004571930934743}, "datetime": {"datetime": "2021-09-23 13:48:44", "elapsed": 265.331288, "delta": 1.58433}}
