{"target": 0.9216275561269142, "params": {"C": 2206.1387872829114, "epsilon": 0.23463794899537913, "gamma": 0.05732455652381396, "lamda": 0.10237165195531525}, "datetime": {"datetime": "2021-09-24 09:54:44", "elapsed": 817.75443, "delta": 5.221477}}
{"target": 0.898205642353374, "params": {"C": 2152.071810378806, "epsilon": 0.6377038732659773, "gamma": 0.013458487468038127, "lamda": 0.048967217133610005}, "datetime": {"datetime": "2021-09-24 09:54:47", "elapsed": 820.870324, "delta": 3.115894}}
{"target": 0.8846528980143238, "params": {"C": 2200.0516655513406, "epsilon": 0.9644575409170655, "gamma": 0.06411579715767467, "lamda": 0.3585044260933558}, "datetime": {"datetime": "2021-09-24 09:54:50", "elapsed": 824.244382, "delta": 3.374058}}
{"target": 0.9254689753830587, "params": {"C": 2171.6209455583, "epsilon": 0.0734524091146469, "gamma": 0.02797433938244636, "lamda": 0.1697079765790409}, "datetime": {"datetime": "2021-09-24 09:54:53", "elapsed": 827.266235, "delta": 3.021853}}
{"target": 0.9186394963146673, "params": {"C": 2193.608774667141, "epsilon": 0.18443555812758564, "gamma": 0.021283853989422744, "lamda": 0.08059813648321765}, "datetime": {"datetime": "2021-09-24 09:54:59", "elapsed": 833.435742, "delta": 6.169507}}
{"target": 0.9244760359740739, "params": {"C": 2146.045620061199, "epsilon": 0.07799938369341955, "gamma": 0.05287667237048312, "lamda": 0.10035550336904273}, "datetime": {"datetime": "2021-09-24 09:55:04", "elapsed": 837.932303, "delta": 4.496561}}
{"target": 0.92728111870949, "params": {"C": 2172.166930184538, "epsilon": 0.03822623113023102, "gamma": 0.04546667166800755, "lamda": 0.2896695155986736}, "datetime": {"datetime": "2021-09-24 09:55:09", "elapsed": 843.032139, "delta": 5.099836}}
{"target": 0.8884781667211614, "params": {"C": 2279.1231957697078, "epsilon": 0.4209701057373354, "gamma": 0.01817534689809938, "lamda": 0.2934711926578111}, "datetime": {"datetime": "2021-09-24 09:55:13", "elapsed": 846.909364, "delta": 3.877225}}
{"target": 0.9179086737145518, "params": {"C": 2104.1147125454027, "epsilon": 0.12282765679879092, "gamma": 0.02108868395198153, "lamda": 0.12553713557011137}, "datetime": {"datetime": "2021-09-24 09:55:18", "elapsed": 852.01761, "delta": 5.108246}}
{"target": 0.9239538542278322, "params": {"C": 2152.018856374248, "epsilon": 0.2589188678170241, "gamma": 0.03170738383905766, "lamda": 0.07802651433134082}, "datetime": {"datetime": "2021-09-24 09:55:21", "elapsed": 855.608969, "delta": 3.591359}}
{"target": 0.9257935817042966, "params": {"C": 2132.7575370956297, "epsilon": 0.11730473148963798, "gamma": 0.02818366213454175, "lamda": 0.10791410216173593}, "datetime": {"datetime": "2021-09-24 09:55:27", "elapsed": 860.863134, "delta": 5.254165}}
{"target": 0.9311131057242165, "params": {"C": 2193.5496557877523, "epsilon": 0.1710787008194228, "gamma": 0.03170125830671305, "lamda": 0.035133021766493674}, "datetime": {"datetime": "2021-09-24 09:55:32", "elapsed": 865.88627, "delta": 5.023136}}
{"target": 0.9305127041830015, "params": {"C": 2193.60178544879, "epsilon": 0.24158291381877894, "gamma": 0.02787198592339977, "lamda": 0.013823807025572926}, "datetime": {"datetime": "2021-09-24 09:55:37", "elapsed": 871.263682, "delta": 5.377412}}
{"target": 0.9097511588203839, "params": {"C": 2104.177265630655, "epsilon": 0.16816736719078806, "gamma": 0.020009989991268823, "lamda": 0.18300208654953598}, "datetime": {"datetime": "2021-09-24 09:55:42", "elapsed": 876.496652, "delta": 5.23297}}
{"target": 0.9096530792441379, "params": {"C": 2262.8521145314394, "epsilon": 0.7405837294882137, "gamma": 0.04489020386542871, "lamda": 0.15575402100550093}, "datetime": {"datetime": "2021-09-24 09:55:45", "elapsed": 879.553156, "delta": 3.056504}}
{"target": 0.913253932141533, "params": {"C": 2213.4756558809054, "epsilon": 0.4936029532388031, "gamma": 0.031205781421421427, "lamda": 0.12440107137737934}, "datetime": {"datetime": "2021-09-24 09:55:48", "elapsed": 882.252982, "delta": 2.699826}}
{"target": 0.9069925410560746, "params": {"C": 2287.2049981274768, "epsilon": 0.303491098424829, "gamma": 0.03037152079194417, "lamda": 0.319142755469297}, "datetime": {"datetime": "2021-09-24 09:55:51", "elapsed": 885.662306, "delta": 3.409324}}
{"target": 0.8861888029490375, "params": {"C": 2193.531831455306, "epsilon": 0.237901713625958, "gamma": 0.06974083300360985, "lamda": 0.010045388042128046}, "datetime": {"datetime": "2021-09-24 09:55:57", "elapsed": 891.513969, "delta": 5.851663}}
{"target": 0.9144125402880257, "params": {"C": 2199.6316024437797, "epsilon": 0.674018300359642, "gamma": 0.06478819672043534, "lamda": 0.08031807688387645}, "datetime": {"datetime": "2021-09-24 09:56:01", "elapsed": 895.285114, "delta": 3.771145}}
{"target": 0.9133178572017502, "params": {"C": 2193.5670317246877, "epsilon": 0.09126045502081612, "gamma": 0.05692736408110533, "lamda": 0.044712431899567744}, "datetime": {"datetime": "2021-09-24 09:56:05", "elapsed": 899.711452, "delta": 4.426338}}
{"target": 0.9234250090271826, "params": {"C": 2184.0086158122363, "epsilon": 0.14695322190071464, "gamma": 0.056985020657492086, "lamda": 0.09932697087566217}, "datetime": {"datetime": "2021-09-24 09:56:11", "elapsed": 904.779603, "delta": 5.068151}}
{"target": 0.9166987684439205, "params": {"C": 2293.0540401487515, "epsilon": 0.9792573499552895, "gamma": 0.01705412492997458, "lamda": 0.009406631541909297}, "datetime": {"datetime": "2021-09-24 09:56:14", "elapsed": 907.859293, "delta": 3.07969}}
{"target": 0.9248089886003839, "params": {"C": 2155.1936234301697, "epsilon": 0.9281770076682964, "gamma": 0.040635927208640156, "lamda": 0.022900588895505104}, "datetime": {"datetime": "2021-09-24 09:56:18", "elapsed": 912.342642, "delta": 4.483349}}
{"target": 0.902968623165699, "params": {"C": 2183.9156644565874, "epsilon": 0.07522746925589728, "gamma": 0.01, "lamda": 0.03381836605235922}, "datetime": {"datetime": "2021-09-24 09:56:23", "elapsed": 916.906314, "delta": 4.563672}}
{"target": 0.9105670840789212, "params": {"C": 2100.9091441661462, "epsilon": 0.809668006954886, "gamma": 0.055445552175549355, "lamda": 0.12581194133727966}, "datetime": {"datetime": "2021-09-24 09:56:25", "elapsed": 919.439501, "delta": 2.533187}}
{"target": 0.8945355688578673, "params": {"C": 2233.170064537182, "epsilon": 0.8677606771254649, "gamma": 0.044305261247922535, "lamda": 0.3025380816352963}, "datetime": {"datetime": "2021-09-24 09:56:28", "elapsed": 922.375242, "delta": 2.935741}}
{"target": 0.9072238103407272, "params": {"C": 2227.9241616348577, "epsilon": 0.6286623417377912, "gamma": 0.045407250872507104, "lamda": 0.21723534167301062}, "datetime": {"datetime": "2021-09-24 09:56:31", "elapsed": 925.681562, "delta": 3.30632}}
{"target": 0.8760649592304729, "params": {"C": 2118.336161505552, "epsilon": 0.9446458193200601, "gamma": 0.017871619369956283, "lamda": 0.24807740988990634}, "datetime": {"datetime": "2021-09-24 09:56:34", "elapsed": 928.421625, "delta": 2.740063}}
{"target": 0.9143123040337087, "params": {"C": 2179.3106900477924, "epsilon": 0.3337664139606963, "gamma": 0.05282880829230415, "lamda": 0.2205483057913983}, "datetime": {"datetime": "2021-09-24 09:56:37", "elapsed": 931.169768, "delta": 2.748143}}
{"target": 0.901160616152155, "params": {"C": 2237.0756340336766, "epsilon": 0.461121353594804, "gamma": 0.055700576982317895, "lamda": 0.3949900835058084}, "datetime": {"datetime": "2021-09-24 09:56:41", "elapsed": 935.044861, "delta": 3.875093}}
{"target": 0.9119836440406959, "params": {"C": 2111.8517417146973, "epsilon": 0.036540115818147326, "gamma": 0.046113307350641744, "lamda": 0.06561574011886925}, "datetime": {"datetime": "2021-09-24 09:56:44", "elapsed": 938.657093, "delta": 3.612232}}
{"target": 0.9141193540901813, "params": {"C": 2171.6234671383236, "epsilon": 0.05967067230164245, "gamma": 0.06967565306349152, "lamda": 0.13679257495257033}, "datetime": {"datetime": "2021-09-24 09:56:49", "elapsed": 943.245203, "delta": 4.58811}}
{"target": 0.872699345862356, "params": {"C": 2272.5863680754937, "epsilon": 0.7935996606927134, "gamma": 0.01666281480034839, "lamda": 0.3024728215641701}, "datetime": {"datetime": "2021-09-24 09:56:52", "elapsed": 946.506398, "delta": 3.261195}}
{"target": 0.9169828721870147, "params": {"C": 2206.2043106309757, "epsilon": 0.21488015081309153, "gamma": 0.06571236868805506, "lamda": 0.15952148955023498}, "datetime": {"datetime": "2021-09-24 09:56:56", "elapsed": 950.656046, "delta": 4.149648}}
{"target": 0.9220225892899958, "params": {"C": 2146.3033941150147, "epsilon": 0.05342713586832851, "gamma": 0.058710208033592344, "lamda": 0.26844155909736656}, "datetime": {"datetime": "2021-09-24 09:57:03", "elapsed": 956.997881, "delta": 6.341835}}
{"target": 0.9193249395941809, "params": {"C": 2110.4388299837783, "epsilon": 0.3581520616872852, "gamma": 0.06327660748953705, "lamda": 0.0720324858377758}, "datetime": {"datetime": "2021-09-24 09:57:06", "elapsed": 960.480329, "delta": 3.482448}}
{"target": 0.9181932018086486, "params": {"C": 2206.2225540805052, "epsilon": 0.15917204953798908, "gamma": 0.06769637898995622, "lamda": 0.11139190747155306}, "datetime": {"datetime": "2021-09-24 09:57:11", "elapsed": 965.463568, "delta": 4.983239}}
{"target": 0.9195923822282629, "params": {"C": 2206.131387130812, "epsilon": 0.2162283803857805, "gamma": 0.018188446142872024, "lamda": 0.038850202204751993}, "datetime": {"datetime": "2021-09-24 09:57:17", "elapsed": 971.642073, "delta": 6.178505}}
{"target": 0.9241190789975302, "params": {"C": 2228.450521161782, "epsilon": 0.047629998708495866, "gamma": 0.047250518143086166, "lamda": 0.09840980456934112}, "datetime": {"datetime": "2021-09-24 09:57:21", "elapsed": 975.413253, "delta": 3.77118}}
{"target": 0.9014705328506646, "params": {"C": 2222.961186198466, "epsilon": 0.6588622428724319, "gamma": 0.026845905880950982, "lamda": 0.17974358465181034}, "datetime": {"datetime": "2021-09-24 09:57:25", "elapsed": 979.273651, "delta": 3.860398}}
{"target": 0.8942166030814345, "params": {"C": 2155.270471424964, "epsilon": 0.7451239592073331, "gamma": 0.028759445218644528, "lamda": 0.2637989615806301}, "datetime": {"datetime": "2021-09-24 09:57:30", "elapsed": 983.94368, "delta": 4.670029}}
{"target": 0.9242339345746856, "params": {"C": 2136.2474479601674, "epsilon": 0.11528030171348005, "gamma": 0.029724457324067685, "lamda": 0.012769949634052358}, "datetime": {"datetime": "2021-09-24 09:57:35", "elapsed": 989.208759, "delta": 5.265079}}
{"target": 0.9259640031995043, "params": {"C": 2185.8802595297275, "epsilon": 0.062488303635243776, "gamma": 0.028975818808076828, "lamda": 0.19690389533119113}, "datetime": {"datetime": "2021-09-24 09:57:40", "elapsed": 993.881176, "delta": 4.672417}}
{"target": 0.8970759762513107, "params": {"C": 2238.0623097431767, "epsilon": 0.1157855860820079, "gamma": 0.01378344319059161, "lamda": 0.30209828150791534}, "datetime": {"datetime": "2021-09-24 09:57:45", "elapsed": 999.314096, "delta": 5.43292}}
{"target": 0.9236297592764511, "params": {"C": 2206.1550528453663, "epsilon": 0.1878485721346088, "gamma": 0.05485490513719459, "lamda": 0.09567907026534246}, "datetime": {"datetime": "2021-09-24 09:57:53", "elapsed": 1007.403554, "delta": 8.089458}}
{"target": 0.9212982643506566, "params": {"C": 2253.7680007070853, "epsilon": 0.12234512061877283, "gamma": 0.033188304605596644, "lamda": 0.22699821346862825}, "datetime": {"datetime": "2021-09-24 09:57:57", "elapsed": 1011.614676, "delta": 4.211122}}
{"target": 0.9084392470519206, "params": {"C": 2179.980180885015, "epsilon": 0.8606366171145389, "gamma": 0.03199760667053937, "lamda": 0.10938757450719948}, "datetime": {"datetime": "2021-09-24 09:58:01", "elapsed": 1015.162115, "delta": 3.547439}}
{"target": 0.9235783082038252, "params": {"C": 2206.728731834915, "epsilon": 0.2615533032202012, "gamma": 0.05577025507922758, "lamda": 0.06478943313252469}, "datetime": {"datetime": "2021-09-24 09:58:05", "elapsed": 1018.831121, "delta": 3.669006}}
{"target": 0.9209017143200642, "params": {"C": 2172.1817746762185, "epsilon": 0.09915754829209485, "gamma": 0.04767817480694982, "lamda": 0.3194276676515092}, "datetime": {"datetime": "2021-09-24 09:58:08", "elapsed": 1022.523658, "delta": 3.692537}}
{"target": 0.9256554838108277, "params": {"C": 2127.052309902283, "epsilon": 0.23712628571137095, "gamma": 0.021816340977656584, "lamda": 0.029073123846128618}, "datetime": {"datetime": "2021-09-24 09:58:13", "elapsed": 1027.630776, "delta": 5.107118}}
{"target": 0.921452906093511, "params": {"C": 2291.224605379792, "epsilon": 0.45911800944903236, "gamma": 0.060827986253878814, "lamda": 0.03552589640914555}, "datetime": {"datetime": "2021-09-24 09:58:17", "elapsed": 1031.429575, "delta": 3.798799}}
{"target": 0.906894550975275, "params": {"C": 2119.4640937689755, "epsilon": 0.9699703846417923, "gamma": 0.06088060444614128, "lamda": 0.12932098390609498}, "datetime": {"datetime": "2021-09-24 09:58:21", "elapsed": 1035.352896, "delta": 3.923321}}
{"target": 0.8897475765926268, "params": {"C": 2193.925071255657, "epsilon": 0.8569194013172342, "gamma": 0.03476742952868786, "lamda": 0.33279214649126493}, "datetime": {"datetime": "2021-09-24 09:58:25", "elapsed": 1038.823717, "delta": 3.470821}}
{"target": 0.9144310199671851, "params": {"C": 2212.4792458464685, "epsilon": 0.19560378803467024, "gamma": 0.032647761498657515, "lamda": 0.3001751693746094}, "datetime": {"datetime": "2021-09-24 09:58:28", "elapsed": 1042.56342, "delta": 3.739703}}
{"target": 0.9256936543298421, "params": {"C": 2183.831614298773, "epsilon": 0.10253501981708771, "gamma": 0.045716341124979146, "lamda": 0.1698714388921613}, "datetime": {"datetime": "2021-09-24 09:58:33", "elapsed": 1047.423854, "delta": 4.860434}}
{"target": 0.9104051357363898, "params": {"C": 2227.0051797652222, "epsilon": 0.8506995751052617, "gamma": 0.03917601461255663, "lamda": 0.11988809885253744}, "datetime": {"datetime": "2021-09-24 09:58:37", "elapsed": 1051.025489, "delta": 3.601635}}
{"target": 0.9152272410168975, "params": {"C": 2287.029157178813, "epsilon": 0.8187118906004188, "gamma": 0.06739578031728502, "lamda": 0.05272109766799909}, "datetime": {"datetime": "2021-09-24 09:58:43", "elapsed": 1056.784186, "delta": 5.758697}}
{"target": 0.9285986426385909, "params": {"C": 2233.7209252065404, "epsilon": 0.16042895901484158, "gamma": 0.03606342668014001, "lamda": 0.02190735578873173}, "datetime": {"datetime": "2021-09-24 09:58:49", "elapsed": 1063.322351, "delta": 6.538165}}
{"target": 0.926754504475249, "params": {"C": 2206.3267096838586, "epsilon": 0.09741757577998983, "gamma": 0.04926998310786636, "lamda": 0.11018767315770417}, "datetime": {"datetime": "2021-09-24 09:58:56", "elapsed": 1070.545986, "delta": 7.223635}}
{"target": 0.8997396795347412, "params": {"C": 2119.0328412297354, "epsilon": 0.47048699393754045, "gamma": 0.06675773236789372, "lamda": 0.3625052786903887}, "datetime": {"datetime": "2021-09-24 09:59:02", "elapsed": 1076.08615, "delta": 5.540164}}
{"target": 0.9149514787166911, "params": {"C": 2183.7850424763783, "epsilon": 0.06574805368092637, "gamma": 0.06972114710255858, "lamda": 0.13686286002126943}, "datetime": {"datetime": "2021-09-24 09:59:09", "elapsed": 1083.376907, "delta": 7.290757}}
{"target": 0.9022098796197862, "params": {"C": 2146.3158333573006, "epsilon": 0.04082448664572235, "gamma": 0.010253125273917738, "lamda": 0.22850662726968965}, "datetime": {"datetime": "2021-09-24 09:59:16", "elapsed": 1090.529333, "delta": 7.152426}}
{"target": 0.9133496803642365, "params": {"C": 2234.417234824059, "epsilon": 0.1977706541159066, "gamma": 0.05667885164642898, "lamda": 0.3569026124554637}, "datetime": {"datetime": "2021-09-24 09:59:20", "elapsed": 1094.637363, "delta": 4.10803}}
{"target": 0.9168166192383103, "params": {"C": 2265.6591118545366, "epsilon": 0.1492067987032285, "gamma": 0.036526803655391585, "lamda": 0.3584064672437641}, "datetime": {"datetime": "2021-09-24 09:59:25", "elapsed": 1099.092997, "delta": 4.455634}}
{"target": 0.8882226346867059, "params": {"C": 2229.077876866938, "epsilon": 0.3523486441743092, "gamma": 0.01696168795572843, "lamda": 0.30590524080959847}, "datetime": {"datetime": "2021-09-24 09:59:30", "elapsed": 1104.28744, "delta": 5.194443}}
{"target": 0.9248855839150621, "params": {"C": 2246.5127480813558, "epsilon": 0.9920213810858296, "gamma": 0.044281761418545666, "lamda": 0.0203778069503623}, "datetime": {"datetime": "2021-09-24 09:59:34", "elapsed": 1108.131776, "delta": 3.844336}}
{"target": 0.9177673838202763, "params": {"C": 2250.9180681782086, "epsilon": 0.5631827285891081, "gamma": 0.04924469076336146, "lamda": 0.09671364283886538}, "datetime": {"datetime": "2021-09-24 09:59:39", "elapsed": 1112.847667, "delta": 4.715891}}
{"target": 0.9045392604551962, "params": {"C": 2260.7207666147756, "epsilon": 0.4113750786131546, "gamma": 0.06638601842489804, "lamda": 0.30678725221408476}, "datetime": {"datetime": "2021-09-24 09:59:43", "elapsed": 1117.249793, "delta": 4.402126}}
{"target": 0.9168462683968571, "params": {"C": 2146.162749536466, "epsilon": 0.21608413638251744, "gamma": 0.025899178131063093, "lamda": 0.13565294470716327}, "datetime": {"datetime": "2021-09-24 09:59:52", "elapsed": 1126.324751, "delta": 9.074958}}
{"target": 0.9213415276323197, "params": {"C": 2145.71149343393, "epsilon": 0.2086777392144814, "gamma": 0.029386962596703828, "lamda": 0.11286290769655813}, "datetime": {"datetime": "2021-09-24 09:59:58", "elapsed": 1131.830282, "delta": 5.505531}}
{"target": 0.898803031297727, "params": {"C": 2193.341750877754, "epsilon": 0.5879825087183271, "gamma": 0.05887408108290103, "lamda": 0.3450430895882376}, "datetime": {"datetime": "2021-09-24 10:00:03", "elapsed": 1137.462915, "delta": 5.632633}}
{"target": 0.9133829307470483, "params": {"C": 2264.582080308825, "epsilon": 0.4613969789939957, "gamma": 0.06208653291472197, "lamda": 0.1453834328539021}, "datetime": {"datetime": "2021-09-24 10:00:08", "elapsed": 1141.993979, "delta": 4.531064}}
{"target": 0.9036445500876176, "params": {"C": 2253.655233361563, "epsilon": 0.7884600319173051, "gamma": 0.055963825702950235, "lamda": 0.20886066316783466}, "datetime": {"datetime": "2021-09-24 10:00:12", "elapsed": 1146.273284, "delta": 4.279305}}
{"target": 0.892333670660934, "params": {"C": 2281.704386330987, "epsilon": 0.5894125724785576, "gamma": 0.01627517357657593, "lamda": 0.13488874169321968}, "datetime": {"datetime": "2021-09-24 10:00:17", "elapsed": 1151.120596, "delta": 4.847312}}
{"target": 0.9091537257075775, "params": {"C": 2233.741906201203, "epsilon": 0.08106457549844534, "gamma": 0.05668240630966059, "lamda": 0.04160107985511529}, "datetime": {"datetime": "2021-09-24 10:00:24", "elapsed": 1158.39467, "delta": 7.274074}}
{"target": 0.9215952186169314, "params": {"C": 2168.5026783783333, "epsilon": 0.14116350758816582, "gamma": 0.028845391477605363, "lamda": 0.15338367086867397}, "datetime": {"datetime": "2021-09-24 10:00:29", "elapsed": 1162.929148, "delta": 4.534478}}
{"target": 0.9209119307769765, "params": {"C": 2206.398084201878, "epsilon": 0.0860979760549338, "gamma": 0.06177266723196564, "lamda": 0.13605479810139137}, "datetime": {"datetime": "2021-09-24 10:00:35", "elapsed": 1169.070463, "delta": 6.141315}}
{"target": 0.9063362224776894, "params": {"C": 2248.9941611894337, "epsilon": 0.3059107014825222, "gamma": 0.03489422628942402, "lamda": 0.39186309858435037}, "datetime": {"datetime": "2021-09-24 10:00:40", "elapsed": 1174.109937, "delta": 5.039474}}
{"target": 0.9265135707059783, "params": {"C": 2172.235039076518, "epsilon": 0.060781845107088894, "gamma": 0.03628805515461428, "lamda": 0.2448435042453805}, "datetime": {"datetime": "2021-09-24 10:00:46", "elapsed": 1180.369779, "delta": 6.259842}}
{"target": 0.9177228800370076, "params": {"C": 2183.918397864868, "epsilon": 0.10082552808259337, "gamma": 0.06547331330864492, "lamda": 0.08984850860624459}, "datetime": {"datetime": "2021-09-24 10:00:52", "elapsed": 1185.879284, "delta": 5.509505}}
{"target": 0.9211777387144162, "params": {"C": 2183.8374912873187, "epsilon": 0.08348359778516813, "gamma": 0.01875558528727933, "lamda": 0.08983310726915243}, "datetime": {"datetime": "2021-09-24 10:00:56", "elapsed": 1189.865595, "delta": 3.986311}}
{"target": 0.9083060670615296, "params": {"C": 2229.691995996246, "epsilon": 0.9978601281398866, "gamma": 0.06659982490395011, "lamda": 0.09844571587132123}, "datetime": {"datetime": "2021-09-24 10:01:00", "elapsed": 1194.4491, "delta": 4.583505}}
{"target": 0.8848556365685518, "params": {"C": 2111.680881069365, "epsilon": 0.8756261502040515, "gamma": 0.028170572992870506, "lamda": 0.331646235516188}, "datetime": {"datetime": "2021-09-24 10:01:04", "elapsed": 1198.047538, "delta": 3.598438}}
{"target": 0.9171676782324529, "params": {"C": 2172.2083446924, "epsilon": 0.08172675837652901, "gamma": 0.0677991604537133, "lamda": 0.2590139222578078}, "datetime": {"datetime": "2021-09-24 10:01:10", "elapsed": 1203.761398, "delta": 5.71386}}
{"target": 0.9146123926497091, "params": {"C": 2172.353859273044, "epsilon": 0.3633115388609215, "gamma": 0.05963051674671606, "lamda": 0.1713890386081548}, "datetime": {"datetime": "2021-09-24 10:01:14", "elapsed": 1208.205698, "delta": 4.4443}}
{"target": 0.8945670773296585, "params": {"C": 2279.9962260764873, "epsilon": 0.7841283469255622, "gamma": 0.034189860487037475, "lamda": 0.29243461807884064}, "datetime": {"datetime": "2021-09-24 10:01:18", "elapsed": 1212.341295, "delta": 4.135597}}
{"target": 0.9254030388050046, "params": {"C": 2254.264128653349, "epsilon": 0.05012939087861945, "gamma": 0.04801889409557653, "lamda": 0.29977274913290614}, "datetime": {"datetime": "2021-09-24 20:00:27", "elapsed": 0.0, "delta": 0.0}}
{"target": 0.9018684753678818, "params": {"C": 2199.7014024605182, "epsilon": 0.24805274616492223, "gamma": 0.02188377188557744, "lamda": 0.30445175416738457}, "datetime": {"datetime": "2021-09-24 20:00:27", "elapsed": 0.371491, "delta": 0.371491}}
