{"target": 0.8978554618954039, "params": {"C": 163.92535686191925, "epsilon": 0.9649053948363869, "gamma": 0.041935199032879567, "lamda": 0.05440661084838914}, "datetime": {"datetime": "2021-09-23 09:43:30", "elapsed": 138.614975, "delta": 0.845624}}
{"target": 0.9098773446473354, "params": {"C": 186.62858070507153, "epsilon": 0.8436622794068861, "gamma": 0.08, "lamda": 0.07549172689938784}, "datetime": {"datetime": "2021-09-23 09:43:31", "elapsed": 139.768348, "delta": 1.153373}}
{"target": 0.8987361237320528, "params": {"C": 150.1128075965757, "epsilon": 0.016024616513506056, "gamma": 0.06907744045894601, "lamda": 0.07781196445633626}, "datetime": {"datetime": "2021-09-23 09:43:33", "elapsed": 140.976777, "delta": 1.208429}}
{"target": 0.9144289249669548, "params": {"C": 161.96396206494828, "epsilon": 0.4291440232144752, "gamma": 0.08, "lamda": 0.045}, "datetime": {"datetime": "2021-09-23 09:43:34", "elapsed": 142.257482, "delta": 1.280705}}
{"target": 0.9117651221886476, "params": {"C": 153.71023567246536, "epsilon": 0.7044486200121871, "gamma": 0.07499677033823678, "lamda": 0.04992543280261239}, "datetime": {"datetime": "2021-09-23 09:43:35", "elapsed": 143.393054, "delta": 1.135572}}
{"target": 0.9134481790851361, "params": {"C": 184.42968845683527, "epsilon": 0.5798820766477715, "gamma": 0.08, "lamda": 0.048068323649912176}, "datetime": {"datetime": "2021-09-23 09:43:36", "elapsed": 144.675027, "delta": 1.281973}}
{"target": 0.9051267010638404, "params": {"C": 162.92570929531016, "epsilon": 0.08112225886796513, "gamma": 0.07892486879946721, "lamda": 0.05003375573307133}, "datetime": {"datetime": "2021-09-23 09:43:37", "elapsed": 145.529052, "delta": 0.854025}}
{"target": 0.8425947901194557, "params": {"C": 188.2587246815104, "epsilon": 0.5635986672494963, "gamma": 0.009177855817485488, "lamda": 0.04644632400146003}, "datetime": {"datetime": "2021-09-23 09:43:39", "elapsed": 147.140391, "delta": 1.611339}}
{"target": 0.8904700896963732, "params": {"C": 154.73432414877624, "epsilon": 0.3716646049639338, "gamma": 0.03522298516920324, "lamda": 0.09644720862566392}, "datetime": {"datetime": "2021-09-23 09:43:39", "elapsed": 147.931703, "delta": 0.791312}}
{"target": 0.8560750881611376, "params": {"C": 191.69243034105526, "epsilon": 0.09717523309324744, "gamma": 0.016053289651448102, "lamda": 0.05184324563552295}, "datetime": {"datetime": "2021-09-23 09:43:41", "elapsed": 149.109489, "delta": 1.177786}}
{"target": 0.9081737830253541, "params": {"C": 191.5427736751327, "epsilon": 0.30395158126098076, "gamma": 0.05091814880215372, "lamda": 0.07257315443813322}, "datetime": {"datetime": "2021-09-23 09:43:42", "elapsed": 150.265371, "delta": 1.155882}}
{"target": 0.8922677429975875, "params": {"C": 184.58908361832522, "epsilon": 0.6133253617295256, "gamma": 0.033830026391513224, "lamda": 0.08680314866237976}, "datetime": {"datetime": "2021-09-23 09:43:43", "elapsed": 151.723115, "delta": 1.457744}}
{"target": 0.9107197602005154, "params": {"C": 153.87452648835284, "epsilon": 0.6442498359181599, "gamma": 0.0685861448852087, "lamda": 0.05974645453055298}, "datetime": {"datetime": "2021-09-23 09:43:44", "elapsed": 152.782002, "delta": 1.058887}}
{"target": 0.9133009862158523, "params": {"C": 153.5986842710838, "epsilon": 0.5651357748020399, "gamma": 0.07838162685606595, "lamda": 0.04719647413140278}, "datetime": {"datetime": "2021-09-23 09:43:46", "elapsed": 154.161113, "delta": 1.379111}}
{"target": 0.8833191255925393, "params": {"C": 153.55220501531136, "epsilon": 0.7755275160016202, "gamma": 0.030358720326684973, "lamda": 0.04505809159618199}, "datetime": {"datetime": "2021-09-23 09:43:47", "elapsed": 155.497893, "delta": 1.33678}}
{"target": 0.9087443868718699, "params": {"C": 189.03168047331397, "epsilon": 0.2611765546990511, "gamma": 0.05474447644440181, "lamda": 0.061394697922055035}, "datetime": {"datetime": "2021-09-23 09:43:48", "elapsed": 156.94018, "delta": 1.442287}}
{"target": 0.910082726296938, "params": {"C": 183.95533670854388, "epsilon": 0.21438797193463233, "gamma": 0.054616333632688085, "lamda": 0.09345109225918202}, "datetime": {"datetime": "2021-09-23 09:43:49", "elapsed": 157.787803, "delta": 0.847623}}
{"target": 0.8648086083491948, "params": {"C": 182.50497762185933, "epsilon": 0.43693761616165155, "gamma": 0.017814660713917622, "lamda": 0.0744763416326698}, "datetime": {"datetime": "2021-09-23 09:43:50", "elapsed": 158.582083, "delta": 0.79428}}
{"target": 0.908559718229289, "params": {"C": 180.4300689783277, "epsilon": 0.3481613812532045, "gamma": 0.05588634971816189, "lamda": 0.09822436269948767}, "datetime": {"datetime": "2021-09-23 09:43:51", "elapsed": 159.368739, "delta": 0.786656}}
{"target": 0.8737484231184113, "params": {"C": 192.36383974795103, "epsilon": 0.8543961547367269, "gamma": 0.0209858095814075, "lamda": 0.08815160911480888}, "datetime": {"datetime": "2021-09-23 09:43:52", "elapsed": 160.199917, "delta": 0.831178}}
{"target": 0.9133844209378758, "params": {"C": 183.84071074546154, "epsilon": 0.18457959995150375, "gamma": 0.06345660498035884, "lamda": 0.09417522070279993}, "datetime": {"datetime": "2021-09-23 09:43:53", "elapsed": 161.540801, "delta": 1.340884}}
{"target": 0.9144839453431868, "params": {"C": 183.8898537210075, "epsilon": 0.36104661691048606, "gamma": 0.069935455238382, "lamda": 0.051192003817128344}, "datetime": {"datetime": "2021-09-23 09:43:55", "elapsed": 163.06126, "delta": 1.520459}}
{"target": 0.912738622001885, "params": {"C": 157.04642850434644, "epsilon": 0.5765110373475307, "gamma": 0.07347908827737061, "lamda": 0.05151467984995026}, "datetime": {"datetime": "2021-09-23 09:43:55", "elapsed": 163.906282, "delta": 0.845022}}
{"target": 0.8603735858812913, "params": {"C": 194.93193122429875, "epsilon": 0.6071729726541681, "gamma": 0.014972698677711043, "lamda": 0.05775155227019435}, "datetime": {"datetime": "2021-09-23 09:43:56", "elapsed": 164.741857, "delta": 0.835575}}
{"target": 0.9044574605005135, "params": {"C": 183.7373335627305, "epsilon": 0.36216149525695024, "gamma": 0.046329320628516094, "lamda": 0.07227427258581792}, "datetime": {"datetime": "2021-09-23 09:43:58", "elapsed": 166.333548, "delta": 1.591691}}
{"target": 0.8134493996293587, "params": {"C": 153.68447575392838, "epsilon": 0.6060797371355717, "gamma": 0.0037181578216516306, "lamda": 0.08443540214048559}, "datetime": {"datetime": "2021-09-23 09:44:00", "elapsed": 167.993021, "delta": 1.659473}}
{"target": 0.9148958548348682, "params": {"C": 179.5912192061799, "epsilon": 0.35079129064086356, "gamma": 0.08, "lamda": 0.045}, "datetime": {"datetime": "2021-09-23 09:44:01", "elapsed": 169.414279, "delta": 1.421258}}
{"target": 0.9124257422540232, "params": {"C": 184.14032728076754, "epsilon": 0.6378745758687349, "gamma": 0.07893350199842944, "lamda": 0.05538038465626666}, "datetime": {"datetime": "2021-09-23 09:44:02", "elapsed": 170.722854, "delta": 1.308575}}
{"target": 0.9097823824538717, "params": {"C": 153.8058634244222, "epsilon": 0.8572867068284057, "gamma": 0.07168060764654265, "lamda": 0.05573353858653103}, "datetime": {"datetime": "2021-09-23 09:44:04", "elapsed": 172.178719, "delta": 1.455865}}
{"target": 0.8908939062185424, "params": {"C": 153.88411130167148, "epsilon": 0.4638265281747025, "gamma": 0.039278551656813765, "lamda": 0.04892795999189033}, "datetime": {"datetime": "2021-09-23 09:44:05", "elapsed": 173.817616, "delta": 1.638897}}
{"target": 0.8898812629538807, "params": {"C": 161.42296303424615, "epsilon": 0.762922852961781, "gamma": 0.03442962741014641, "lamda": 0.09858283058814576}, "datetime": {"datetime": "2021-09-23 09:44:06", "elapsed": 174.65474, "delta": 0.837124}}
{"target": 0.9139962869422673, "params": {"C": 153.51372392524914, "epsilon": 0.4765735079344573, "gamma": 0.08, "lamda": 0.045}, "datetime": {"datetime": "2021-09-23 09:44:08", "elapsed": 176.342571, "delta": 1.687831}}
{"target": 0.909375753464569, "params": {"C": 165.77289945706562, "epsilon": 0.6457565501891597, "gamma": 0.08, "lamda": 0.09865704023189743}, "datetime": {"datetime": "2021-09-23 09:44:09", "elapsed": 177.9164, "delta": 1.573829}}
{"target": 0.9133619722928288, "params": {"C": 179.67616954437466, "epsilon": 0.32122182426534945, "gamma": 0.07847716597635405, "lamda": 0.09151248906908818}, "datetime": {"datetime": "2021-09-23 09:44:11", "elapsed": 179.592176, "delta": 1.675776}}
{"target": 0.8446088920822085, "params": {"C": 191.70965526959534, "epsilon": 0.30263478931726007, "gamma": 0.009415530179643295, "lamda": 0.052625390170806426}, "datetime": {"datetime": "2021-09-23 09:44:13", "elapsed": 181.075549, "delta": 1.483373}}
{"target": 0.9084505762821631, "params": {"C": 172.61585961426854, "epsilon": 0.8811063944752773, "gamma": 0.0763935901476906, "lamda": 0.08158541704820618}, "datetime": {"datetime": "2021-09-23 09:44:14", "elapsed": 181.98265, "delta": 0.907101}}
{"target": 0.8268925511457563, "params": {"C": 184.34814516476268, "epsilon": 0.5087211120596421, "gamma": 0.004863103329922113, "lamda": 0.05318978326813391}, "datetime": {"datetime": "2021-09-23 09:44:15", "elapsed": 183.734734, "delta": 1.752084}}
{"target": 0.8877371465209181, "params": {"C": 196.17994785946036, "epsilon": 0.33401673848156543, "gamma": 0.031208991749919743, "lamda": 0.07388460731931137}, "datetime": {"datetime": "2021-09-23 09:44:16", "elapsed": 184.605982, "delta": 0.871248}}
{"target": 0.8755809496077349, "params": {"C": 180.82427426959276, "epsilon": 0.9029758496113561, "gamma": 0.02261900315711113, "lamda": 0.04525392414416957}, "datetime": {"datetime": "2021-09-23 09:44:17", "elapsed": 185.547411, "delta": 0.941429}}
{"target": 0.889184044876204, "params": {"C": 181.08917898003142, "epsilon": 0.7713128169347315, "gamma": 0.03129820461705715, "lamda": 0.07309533368544549}, "datetime": {"datetime": "2021-09-23 09:44:18", "elapsed": 186.438889, "delta": 0.891478}}
{"target": 0.845872128458308, "params": {"C": 165.30589355496292, "epsilon": 0.6303191286761094, "gamma": 0.010916897502603981, "lamda": 0.08536028025707373}, "datetime": {"datetime": "2021-09-23 09:44:20", "elapsed": 188.265672, "delta": 1.826783}}
{"target": 0.8640266054423966, "params": {"C": 166.168566577629, "epsilon": 0.13080834631528587, "gamma": 0.025015337672806216, "lamda": 0.059128127145240364}, "datetime": {"datetime": "2021-09-23 09:44:21", "elapsed": 189.208811, "delta": 0.943139}}
{"target": 0.8325690402048339, "params": {"C": 183.85811484231317, "epsilon": 0.25812169825860687, "gamma": 0.006337894598529869, "lamda": 0.09568966959093805}, "datetime": {"datetime": "2021-09-23 09:44:22", "elapsed": 190.891684, "delta": 1.682873}}
{"target": 0.8799626564262466, "params": {"C": 188.21421843928647, "epsilon": 0.3119802861550689, "gamma": 0.026721220743448196, "lamda": 0.0831832255588503}, "datetime": {"datetime": "2021-09-23 09:44:25", "elapsed": 193.040767, "delta": 2.149083}}
{"target": 0.9110228791189197, "params": {"C": 184.12321246870818, "epsilon": 0.5328464709551854, "gamma": 0.08, "lamda": 0.1}, "datetime": {"datetime": "2021-09-23 09:44:26", "elapsed": 194.414228, "delta": 1.373461}}
{"target": 0.9116866761523887, "params": {"C": 183.9111017332376, "epsilon": 0.10961396885666869, "gamma": 0.07546995273532893, "lamda": 0.08471634634787839}, "datetime": {"datetime": "2021-09-23 09:44:28", "elapsed": 196.351557, "delta": 1.937329}}
{"target": 0.9040783714175423, "params": {"C": 191.7737711452245, "epsilon": 0.6781565146372874, "gamma": 0.04934898949858265, "lamda": 0.07251026656033305}, "datetime": {"datetime": "2021-09-23 09:44:30", "elapsed": 198.033418, "delta": 1.681861}}
{"target": 0.9123839306768968, "params": {"C": 183.7930448923865, "epsilon": 0.4527220856996868, "gamma": 0.07518218847628381, "lamda": 0.08021706842826423}, "datetime": {"datetime": "2021-09-23 09:44:32", "elapsed": 200.070942, "delta": 2.037524}}
{"target": 0.8960522949116144, "params": {"C": 169.58154914843476, "epsilon": 0.8650380763559703, "gamma": 0.040382513054136426, "lamda": 0.07508963016559868}, "datetime": {"datetime": "2021-09-23 09:44:33", "elapsed": 200.970933, "delta": 0.899991}}
{"target": 0.9048429548386387, "params": {"C": 180.68174465389512, "epsilon": 0.5473747385498119, "gamma": 0.04747169596119316, "lamda": 0.055135145413134315}, "datetime": {"datetime": "2021-09-23 09:44:33", "elapsed": 201.852634, "delta": 0.881701}}
{"target": 0.8662980417923274, "params": {"C": 179.73382976565426, "epsilon": 0.2518363703089605, "gamma": 0.02102241343508173, "lamda": 0.09245885662546208}, "datetime": {"datetime": "2021-09-23 09:44:35", "elapsed": 203.468881, "delta": 1.616247}}
{"target": 0.9044702771805597, "params": {"C": 184.87354904625425, "epsilon": 0.8125311661421398, "gamma": 0.05469225568171502, "lamda": 0.0849854765274532}, "datetime": {"datetime": "2021-09-23 09:44:36", "elapsed": 204.347297, "delta": 0.878416}}
{"target": 0.8576919239864147, "params": {"C": 161.59789597518454, "epsilon": 0.37642742466640366, "gamma": 0.015901855934655647, "lamda": 0.09028956318251961}, "datetime": {"datetime": "2021-09-23 09:44:37", "elapsed": 205.865422, "delta": 1.518125}}
{"target": 0.9120248922138872, "params": {"C": 153.80740152887824, "epsilon": 0.7428999747759079, "gamma": 0.08, "lamda": 0.045}, "datetime": {"datetime": "2021-09-23 09:44:39", "elapsed": 207.541079, "delta": 1.675657}}
{"target": 0.9116576947341841, "params": {"C": 153.70744127027282, "epsilon": 0.807230690369898, "gamma": 0.08, "lamda": 0.045}, "datetime": {"datetime": "2021-09-23 09:44:41", "elapsed": 209.353171, "delta": 1.812092}}
{"target": 0.9119561183158272, "params": {"C": 152.7866326996221, "epsilon": 0.5106359171285951, "gamma": 0.06791815755537706, "lamda": 0.059261540171687804}, "datetime": {"datetime": "2021-09-23 09:44:42", "elapsed": 210.271858, "delta": 0.918687}}
{"target": 0.9151112988643322, "params": {"C": 192.35309243978767, "epsilon": 0.14098278745724654, "gamma": 0.08, "lamda": 0.1}, "datetime": {"datetime": "2021-09-23 09:44:44", "elapsed": 212.0028, "delta": 1.730942}}
{"target": 0.911938776857761, "params": {"C": 191.70638236222445, "epsilon": 0.5174685508642721, "gamma": 0.08, "lamda": 0.08595981589358347}, "datetime": {"datetime": "2021-09-23 09:44:46", "elapsed": 213.99305, "delta": 1.99025}}
{"target": 0.9135912287611558, "params": {"C": 153.64538064817268, "epsilon": 0.45245151773975006, "gamma": 0.07842047970994279, "lamda": 0.05569149612868884}, "datetime": {"datetime": "2021-09-23 09:44:47", "elapsed": 215.591121, "delta": 1.598071}}
{"target": 0.9146465526010221, "params": {"C": 178.9233249152049, "epsilon": 0.211466043982564, "gamma": 0.07500009680571677, "lamda": 0.07156039504142796}, "datetime": {"datetime": "2021-09-23 09:44:48", "elapsed": 216.496871, "delta": 0.90575}}
{"target": 0.91156271267011, "params": {"C": 161.50262888487484, "epsilon": 0.5476729553222524, "gamma": 0.07027510003347445, "lamda": 0.06532069617028294}, "datetime": {"datetime": "2021-09-23 09:44:50", "elapsed": 218.085534, "delta": 1.588663}}
{"target": 0.8292323794458872, "params": {"C": 175.23338107215588, "epsilon": 0.18626428740447212, "gamma": 0.0045469904654484045, "lamda": 0.07599720888467788}, "datetime": {"datetime": "2021-09-23 09:44:51", "elapsed": 219.022586, "delta": 0.937052}}
{"target": 0.9105101167534073, "params": {"C": 189.16792697317342, "epsilon": 0.6909362884797461, "gamma": 0.0707059824557414, "lamda": 0.07662427607346159}, "datetime": {"datetime": "2021-09-23 09:44:52", "elapsed": 220.790079, "delta": 1.767493}}
{"target": 0.883707994302013, "params": {"C": 196.01202252635974, "epsilon": 0.5607648511027321, "gamma": 0.026981247498431133, "lamda": 0.06136443950200918}, "datetime": {"datetime": "2021-09-23 09:44:53", "elapsed": 221.761082, "delta": 0.971003}}
{"target": 0.8436640612795989, "params": {"C": 192.28925813278332, "epsilon": 0.11837085264775819, "gamma": 0.009040288710428966, "lamda": 0.046515290589169186}, "datetime": {"datetime": "2021-09-23 09:44:55", "elapsed": 223.562425, "delta": 1.801343}}
{"target": 0.904262353985523, "params": {"C": 183.78269050245976, "epsilon": 0.10627887582261183, "gamma": 0.06001626585554315, "lamda": 0.07723386420495566}, "datetime": {"datetime": "2021-09-23 09:44:57", "elapsed": 225.537178, "delta": 1.974753}}
{"target": 0.9099458037077458, "params": {"C": 165.19635422422496, "epsilon": 0.47461715561686424, "gamma": 0.06183160579830586, "lamda": 0.0759001601653932}, "datetime": {"datetime": "2021-09-23 09:44:59", "elapsed": 227.627719, "delta": 2.090541}}
{"target": 0.9141561359557775, "params": {"C": 161.40992042909716, "epsilon": 0.4733040461575157, "gamma": 0.08, "lamda": 0.045}, "datetime": {"datetime": "2021-09-23 09:45:01", "elapsed": 229.719123, "delta": 2.091404}}
{"target": 0.9118497519441904, "params": {"C": 179.8617615997564, "epsilon": 0.42181606146893524, "gamma": 0.08, "lamda": 0.1}, "datetime": {"datetime": "2021-09-23 09:45:03", "elapsed": 231.894537, "delta": 2.175414}}
{"target": 0.9139347488316628, "params": {"C": 188.5421925250614, "epsilon": 0.5495115468499894, "gamma": 0.08, "lamda": 0.045}, "datetime": {"datetime": "2021-09-23 09:45:05", "elapsed": 233.751427, "delta": 1.85689}}
{"target": 0.882835204092653, "params": {"C": 161.97274026414698, "epsilon": 0.49245679673504306, "gamma": 0.027978061127900068, "lamda": 0.09898070868982216}, "datetime": {"datetime": "2021-09-23 09:45:07", "elapsed": 235.640017, "delta": 1.88859}}
{"target": 0.8594677530715389, "params": {"C": 186.67632069003903, "epsilon": 0.7478517936293697, "gamma": 0.015245974008011542, "lamda": 0.045}, "datetime": {"datetime": "2021-09-23 09:45:09", "elapsed": 237.663612, "delta": 2.023595}}
{"target": 0.9123713465724931, "params": {"C": 161.4105110939398, "epsilon": 0.580590817449444, "gamma": 0.07539441286393574, "lamda": 0.056211417157571615}, "datetime": {"datetime": "2021-09-23 09:45:11", "elapsed": 239.85728, "delta": 2.193668}}
{"target": 0.737170258844037, "params": {"C": 161.42895323811283, "epsilon": 0.5014377540577796, "gamma": 0.001, "lamda": 0.1}, "datetime": {"datetime": "2021-09-23 09:45:13", "elapsed": 241.621999, "delta": 1.764719}}
{"target": 0.88739306342833, "params": {"C": 183.7160377070203, "epsilon": 0.6100054114849961, "gamma": 0.030100902502508648, "lamda": 0.06235674914397303}, "datetime": {"datetime": "2021-09-23 09:45:15", "elapsed": 243.243697, "delta": 1.621698}}
{"target": 0.8449719424738483, "params": {"C": 184.0833239172194, "epsilon": 0.5952585886979359, "gamma": 0.010216690924690332, "lamda": 0.0827952510892588}, "datetime": {"datetime": "2021-09-23 09:45:17", "elapsed": 245.401929, "delta": 2.158232}}
{"target": 0.9104802148930549, "params": {"C": 179.41739482810905, "epsilon": 0.6196304924052002, "gamma": 0.059065242626218414, "lamda": 0.046095810051118284}, "datetime": {"datetime": "2021-09-23 09:45:18", "elapsed": 246.384761, "delta": 0.982832}}
{"target": 0.8390999995393247, "params": {"C": 156.8721199373629, "epsilon": 0.9038650572709301, "gamma": 0.009560307468462415, "lamda": 0.08349486916669172}, "datetime": {"datetime": "2021-09-23 09:45:19", "elapsed": 247.448778, "delta": 1.064017}}
{"target": 0.9130687498470732, "params": {"C": 184.4337666804864, "epsilon": 0.6708724743330116, "gamma": 0.08, "lamda": 0.045}, "datetime": {"datetime": "2021-09-23 09:45:21", "elapsed": 249.194008, "delta": 1.74523}}
{"target": 0.910822023192251, "params": {"C": 153.51119965662932, "epsilon": 0.559453685353596, "gamma": 0.07850358145430382, "lamda": 0.07832987298167089}, "datetime": {"datetime": "2021-09-23 09:45:23", "elapsed": 250.981443, "delta": 1.787435}}
{"target": 0.9081147804147236, "params": {"C": 191.81937990852066, "epsilon": 0.8013900086371191, "gamma": 0.06155672744205573, "lamda": 0.07359945590351387}, "datetime": {"datetime": "2021-09-23 09:45:24", "elapsed": 252.55716, "delta": 1.575717}}
{"target": 0.8756987571240248, "params": {"C": 165.78066517085176, "epsilon": 0.557889915857734, "gamma": 0.02299270669758553, "lamda": 0.09851758192990862}, "datetime": {"datetime": "2021-09-23 09:45:26", "elapsed": 254.266182, "delta": 1.709022}}
{"target": 0.8416768977763183, "params": {"C": 193.79848024861678, "epsilon": 0.8656967351196462, "gamma": 0.009131073232670959, "lamda": 0.0478102214367397}, "datetime": {"datetime": "2021-09-23 09:45:27", "elapsed": 255.373238, "delta": 1.107056}}
{"target": 0.885991269212714, "params": {"C": 168.05524876260702, "epsilon": 0.014319073083850331, "gamma": 0.04144148630474924, "lamda": 0.0889396685000135}, "datetime": {"datetime": "2021-09-23 09:45:28", "elapsed": 256.609189, "delta": 1.235951}}
{"target": 0.9121603604511273, "params": {"C": 179.75340380353114, "epsilon": 0.4201182244245504, "gamma": 0.07744772969237046, "lamda": 0.09106771599315963}, "datetime": {"datetime": "2021-09-23 09:45:30", "elapsed": 258.864774, "delta": 2.255585}}
{"target": 0.8347428049731151, "params": {"C": 188.60172879707113, "epsilon": 0.5509545560233744, "gamma": 0.007030638221057259, "lamda": 0.06334779187502883}, "datetime": {"datetime": "2021-09-23 09:45:32", "elapsed": 260.889045, "delta": 2.024271}}
{"target": 0.9143961295021615, "params": {"C": 179.88709826567177, "epsilon": 0.3296576829333317, "gamma": 0.07933416379175548, "lamda": 0.06742644190828283}, "datetime": {"datetime": "2021-09-23 09:45:35", "elapsed": 263.269385, "delta": 2.38034}}
{"target": 0.8351061887818876, "params": {"C": 183.85667582905285, "epsilon": 0.4535639733938901, "gamma": 0.006872838169248693, "lamda": 0.04791525358260982}, "datetime": {"datetime": "2021-09-23 09:45:37", "elapsed": 265.282504, "delta": 2.013119}}
{"target": 0.9107307263429038, "params": {"C": 183.9054839750496, "epsilon": 0.17759452327881686, "gamma": 0.08, "lamda": 0.045}, "datetime": {"datetime": "2021-09-23 09:45:39", "elapsed": 267.332015, "delta": 2.049511}}
