{"target": -2.0179498947004095, "params": {"C": 803.8419055833381, "epsilon": 0.7966228944806878, "gamma": 0.03803456768269707, "lamda": 0.04685876192130364}, "datetime": {"datetime": "2021-09-23 15:32:50", "elapsed": 280.093187, "delta": 1.432757}}
{"target": -1.959487805411144, "params": {"C": 781.0616201067506, "epsilon": 0.13783038299042746, "gamma": 0.04585499551593154, "lamda": 0.07754096890874365}, "datetime": {"datetime": "2021-09-23 15:32:53", "elapsed": 283.058248, "delta": 2.965061}}
{"target": -1.9933092887864519, "params": {"C": 704.6239208030985, "epsilon": 0.13351876222279052, "gamma": 0.04498559845438907, "lamda": 0.1407357032533127}, "datetime": {"datetime": "2021-09-23 15:32:56", "elapsed": 285.615311, "delta": 2.557063}}
{"target": -1.9169335983592417, "params": {"C": 720.6857450994788, "epsilon": 0.06372665238436756, "gamma": 0.03497449503352168, "lamda": 0.10113775094172056}, "datetime": {"datetime": "2021-09-23 15:33:00", "elapsed": 289.819902, "delta": 4.204591}}
{"target": -1.9920141615159395, "params": {"C": 769.3031092223173, "epsilon": 0.21250643671893532, "gamma": 0.044278863483018266, "lamda": 0.10387733747130819}, "datetime": {"datetime": "2021-09-23 15:33:02", "elapsed": 291.725492, "delta": 1.90559}}
{"target": -2.0280943179073736, "params": {"C": 725.8070700929364, "epsilon": 0.32293772263942055, "gamma": 0.04193628859310178, "lamda": 0.14341638049606453}, "datetime": {"datetime": "2021-09-23 15:33:03", "elapsed": 293.095615, "delta": 1.370123}}
{"target": -2.082740812591543, "params": {"C": 767.1063439377053, "epsilon": 0.4812507854833189, "gamma": 0.03771436219932266, "lamda": 0.16646952141802385}, "datetime": {"datetime": "2021-09-23 15:33:05", "elapsed": 294.454618, "delta": 1.359003}}
{"target": -1.9915216459132392, "params": {"C": 720.6367247743879, "epsilon": 0.06323495417250057, "gamma": 0.04924322946439308, "lamda": 0.08592185517628417}, "datetime": {"datetime": "2021-09-23 15:33:06", "elapsed": 296.19472, "delta": 1.740102}}
{"target": -1.9719641173860936, "params": {"C": 769.3652617742232, "epsilon": 0.11595436006574167, "gamma": 0.04733691310697784, "lamda": 0.05469248716397626}, "datetime": {"datetime": "2021-09-23 15:33:08", "elapsed": 298.247962, "delta": 2.053242}}
{"target": -1.9332036060258269, "params": {"C": 704.0775519396254, "epsilon": 0.07520045211737303, "gamma": 0.04126571872181365, "lamda": 0.09950722172897067}, "datetime": {"datetime": "2021-09-23 15:33:10", "elapsed": 299.629962, "delta": 1.382}}
{"target": -1.932303571377803, "params": {"C": 720.7316405272371, "epsilon": 0.06131459387829497, "gamma": 0.03278006180359253, "lamda": 0.14147184683898056}, "datetime": {"datetime": "2021-09-23 15:33:12", "elapsed": 301.707098, "delta": 2.077136}}
{"target": -1.9528686817808758, "params": {"C": 720.7277696860916, "epsilon": 0.12764156189975323, "gamma": 0.03855307109116079, "lamda": 0.10443012635521325}, "datetime": {"datetime": "2021-09-23 15:33:14", "elapsed": 303.597083, "delta": 1.889985}}
{"target": -1.9867368077017908, "params": {"C": 770.6314663578503, "epsilon": 0.17811656831577377, "gamma": 0.03627191999109637, "lamda": 0.11816895313115612}, "datetime": {"datetime": "2021-09-23 15:33:15", "elapsed": 305.019875, "delta": 1.422792}}
{"target": -1.9987927435566863, "params": {"C": 741.8672966177829, "epsilon": 0.5376979642644701, "gamma": 0.0486862108121758, "lamda": 0.05079384749511218}, "datetime": {"datetime": "2021-09-23 15:33:17", "elapsed": 306.455381, "delta": 1.435506}}
{"target": -1.9969428225175092, "params": {"C": 802.1299200174664, "epsilon": 0.6915212367305288, "gamma": 0.04776236339985129, "lamda": 0.031318520036237876}, "datetime": {"datetime": "2021-09-23 15:33:18", "elapsed": 307.924163, "delta": 1.468782}}
{"target": -1.9642797578805224, "params": {"C": 704.5511208728714, "epsilon": 0.18366639951364788, "gamma": 0.038575219113094146, "lamda": 0.08646469182043592}, "datetime": {"datetime": "2021-09-23 15:33:20", "elapsed": 309.927685, "delta": 2.003522}}
{"target": -1.922384560850426, "params": {"C": 745.8085438540048, "epsilon": 0.08500132648396928, "gamma": 0.03, "lamda": 0.09247984444290468}, "datetime": {"datetime": "2021-09-23 15:33:22", "elapsed": 312.200556, "delta": 2.272871}}
{"target": -2.0167009664401077, "params": {"C": 841.0321632621939, "epsilon": 0.31220173497755155, "gamma": 0.03648650490508791, "lamda": 0.11556728464775012}, "datetime": {"datetime": "2021-09-23 15:33:24", "elapsed": 313.617872, "delta": 1.417316}}
{"target": -1.9558574781381446, "params": {"C": 781.0650519620358, "epsilon": 0.0647192526686595, "gamma": 0.044096565693207294, "lamda": 0.09725144962748478}, "datetime": {"datetime": "2021-09-23 15:33:26", "elapsed": 315.53726, "delta": 1.919388}}
{"target": -1.9143303145562718, "params": {"C": 708.1974379759638, "epsilon": 0.10550193134852864, "gamma": 0.03449707768932949, "lamda": 0.06453964585745751}, "datetime": {"datetime": "2021-09-23 15:33:27", "elapsed": 317.353818, "delta": 1.816558}}
{"target": -1.9379597353166875, "params": {"C": 708.2181242955206, "epsilon": 0.05381387229019878, "gamma": 0.039310771268538394, "lamda": 0.09146367156436239}, "datetime": {"datetime": "2021-09-23 15:33:30", "elapsed": 319.709888, "delta": 2.35607}}
{"target": -1.9395718791815268, "params": {"C": 828.0474894940377, "epsilon": 0.14911587552856137, "gamma": 0.032203649919419826, "lamda": 0.07265843815576886}, "datetime": {"datetime": "2021-09-23 15:33:32", "elapsed": 321.471574, "delta": 1.761686}}
{"target": -2.0252123438861576, "params": {"C": 708.2316171258768, "epsilon": 0.06736133322682253, "gamma": 0.034907970638172976, "lamda": 0.021226225308567995}, "datetime": {"datetime": "2021-09-23 15:33:33", "elapsed": 323.288881, "delta": 1.817307}}
{"target": -1.9726291747664129, "params": {"C": 720.7178670073553, "epsilon": 0.08222328097177951, "gamma": 0.038855803420509774, "lamda": 0.18347339160743775}, "datetime": {"datetime": "2021-09-23 15:33:35", "elapsed": 324.989574, "delta": 1.700693}}
{"target": -1.9825997114201646, "params": {"C": 708.1832134081096, "epsilon": 0.06263117942949518, "gamma": 0.042887700868664114, "lamda": 0.06099696951636131}, "datetime": {"datetime": "2021-09-23 15:33:37", "elapsed": 326.895543, "delta": 1.905969}}
{"target": -1.959675984872021, "params": {"C": 704.4529832311468, "epsilon": 0.08916170585820789, "gamma": 0.033979800726651924, "lamda": 0.15892952615101397}, "datetime": {"datetime": "2021-09-23 15:33:39", "elapsed": 328.670824, "delta": 1.775281}}
{"target": -2.053973088500632, "params": {"C": 747.3316991012279, "epsilon": 0.6573693744238773, "gamma": 0.038229903756994144, "lamda": 0.09187683836959883}, "datetime": {"datetime": "2021-09-23 15:33:41", "elapsed": 330.563829, "delta": 1.893005}}
{"target": -1.9489819427244965, "params": {"C": 854.2285065692288, "epsilon": 0.0919438843324984, "gamma": 0.030833809935364217, "lamda": 0.1178431616865105}, "datetime": {"datetime": "2021-09-23 15:33:43", "elapsed": 333.31573, "delta": 2.751901}}
{"target": -2.123292400123186, "params": {"C": 774.2983579532391, "epsilon": 0.633258896684579, "gamma": 0.04516978200949405, "lamda": 0.18614734295852492}, "datetime": {"datetime": "2021-09-23 15:33:46", "elapsed": 335.704627, "delta": 2.388897}}
{"target": -2.0081001513897156, "params": {"C": 722.9937624331144, "epsilon": 0.5649077005436083, "gamma": 0.04093382523750089, "lamda": 0.06325535105516289}, "datetime": {"datetime": "2021-09-23 15:33:48", "elapsed": 337.674081, "delta": 1.969454}}
{"target": -1.9321732478899842, "params": {"C": 778.3421523333102, "epsilon": 0.03, "gamma": 0.03, "lamda": 0.13450207605215128}, "datetime": {"datetime": "2021-09-23 15:33:51", "elapsed": 340.367975, "delta": 2.693894}}
{"target": -1.9954975179495071, "params": {"C": 720.6851713913973, "epsilon": 0.15141226044247552, "gamma": 0.0379003139219218, "lamda": 0.1605520661749142}, "datetime": {"datetime": "2021-09-23 15:33:54", "elapsed": 344.252372, "delta": 3.884397}}
{"target": -1.9304461031075484, "params": {"C": 708.224557122411, "epsilon": 0.09496081787808118, "gamma": 0.03083555618854148, "lamda": 0.09910254310815905}, "datetime": {"datetime": "2021-09-23 15:33:57", "elapsed": 346.8572, "delta": 2.604828}}
{"target": -1.9944346084012996, "params": {"C": 704.5246451315846, "epsilon": 0.049375941179454076, "gamma": 0.04698368907042314, "lamda": 0.08781809609247607}, "datetime": {"datetime": "2021-09-23 15:34:02", "elapsed": 351.737444, "delta": 4.880244}}
{"target": -2.0039783011900867, "params": {"C": 779.3343253358546, "epsilon": 0.2780484539918018, "gamma": 0.042778405231211944, "lamda": 0.11824517736430477}, "datetime": {"datetime": "2021-09-23 15:34:07", "elapsed": 357.120224, "delta": 5.38278}}
{"target": -1.9429136033838634, "params": {"C": 704.6203457002745, "epsilon": 0.17464092430029746, "gamma": 0.04359174651546531, "lamda": 0.0547480763164684}, "datetime": {"datetime": "2021-09-23 15:34:10", "elapsed": 360.107565, "delta": 2.987341}}
{"target": -1.986154578203255, "params": {"C": 781.0881774965918, "epsilon": 0.15979017961431952, "gamma": 0.03, "lamda": 0.015}, "datetime": {"datetime": "2021-09-23 15:34:14", "elapsed": 364.115703, "delta": 4.008138}}
{"target": -1.9527848157109482, "params": {"C": 708.148899608565, "epsilon": 0.10241321463282747, "gamma": 0.0459212313488976, "lamda": 0.09758734576148467}, "datetime": {"datetime": "2021-09-23 15:34:17", "elapsed": 366.388086, "delta": 2.272383}}
{"target": -2.002327077424583, "params": {"C": 721.1158432524015, "epsilon": 0.2857055364561836, "gamma": 0.04902467044830522, "lamda": 0.10980380896638273}, "datetime": {"datetime": "2021-09-23 15:34:19", "elapsed": 368.693801, "delta": 2.305715}}
{"target": -1.9498576763183948, "params": {"C": 720.7317898044716, "epsilon": 0.13607137918704748, "gamma": 0.03237161118854493, "lamda": 0.09718224996313506}, "datetime": {"datetime": "2021-09-23 15:34:21", "elapsed": 370.631259, "delta": 1.937458}}
{"target": -1.930015239224569, "params": {"C": 720.7884737467692, "epsilon": 0.06968448173950867, "gamma": 0.0400796501633904, "lamda": 0.09908794776959948}, "datetime": {"datetime": "2021-09-23 15:34:23", "elapsed": 372.982033, "delta": 2.350774}}
{"target": -2.0808651771644615, "params": {"C": 772.2204322658106, "epsilon": 0.5942948581122904, "gamma": 0.043092332152312146, "lamda": 0.1475525834530183}, "datetime": {"datetime": "2021-09-23 15:34:26", "elapsed": 375.634545, "delta": 2.652512}}
{"target": -2.0272497294011713, "params": {"C": 751.9232681400176, "epsilon": 0.7553264606174205, "gamma": 0.03937573572465433, "lamda": 0.05614844128500637}, "datetime": {"datetime": "2021-09-23 15:34:28", "elapsed": 377.984334, "delta": 2.349789}}
{"target": -1.9513176880523926, "params": {"C": 706.9836511910065, "epsilon": 0.7312035029689685, "gamma": 0.036385651432147274, "lamda": 0.01887495887992282}, "datetime": {"datetime": "2021-09-23 15:34:31", "elapsed": 380.435032, "delta": 2.450698}}
{"target": -2.0451786369925724, "params": {"C": 745.2876115779438, "epsilon": 0.04651448530409137, "gamma": 0.04860986516720582, "lamda": 0.0632665987445969}, "datetime": {"datetime": "2021-09-23 15:34:33", "elapsed": 382.986655, "delta": 2.551623}}
{"target": -2.079957359608144, "params": {"C": 853.4581487137416, "epsilon": 0.7045377275881589, "gamma": 0.043821730614048815, "lamda": 0.12360821784188644}, "datetime": {"datetime": "2021-09-23 15:34:36", "elapsed": 385.493322, "delta": 2.506667}}
{"target": -1.9710570704396078, "params": {"C": 720.7376308396722, "epsilon": 0.08203382994928757, "gamma": 0.0471226385187924, "lamda": 0.07448539455736158}, "datetime": {"datetime": "2021-09-23 15:34:39", "elapsed": 388.930499, "delta": 3.437177}}
{"target": -1.9654990573595146, "params": {"C": 769.2916390426433, "epsilon": 0.18387005406037726, "gamma": 0.0419743478582803, "lamda": 0.024105228793000737}, "datetime": {"datetime": "2021-09-23 15:34:43", "elapsed": 393.069809, "delta": 4.13931}}
{"target": -2.083466975336657, "params": {"C": 771.8127667183797, "epsilon": 0.7167776871920929, "gamma": 0.04482105209584264, "lamda": 0.1255249018173193}, "datetime": {"datetime": "2021-09-23 15:34:46", "elapsed": 396.168769, "delta": 3.09896}}
{"target": -1.983369563737709, "params": {"C": 854.2993452658908, "epsilon": 0.12937447556951737, "gamma": 0.043198443371709944, "lamda": 0.11281231370941408}, "datetime": {"datetime": "2021-09-23 15:34:51", "elapsed": 400.403759, "delta": 4.23499}}
{"target": -2.0404795076828313, "params": {"C": 877.0847555748757, "epsilon": 0.25637011363909246, "gamma": 0.05, "lamda": 0.015}, "datetime": {"datetime": "2021-09-23 15:34:54", "elapsed": 403.499466, "delta": 3.095707}}
{"target": -2.0360565037479748, "params": {"C": 746.0632148199697, "epsilon": 0.12014034919753634, "gamma": 0.04783148568185015, "lamda": 0.025824030568915385}, "datetime": {"datetime": "2021-09-23 15:34:57", "elapsed": 406.697353, "delta": 3.197887}}
{"target": -1.9489502552986981, "params": {"C": 828.0059122058475, "epsilon": 0.1306699409040607, "gamma": 0.043214689459026644, "lamda": 0.05274293684085635}, "datetime": {"datetime": "2021-09-23 15:35:00", "elapsed": 409.772312, "delta": 3.074959}}
{"target": -1.93671784439834, "params": {"C": 704.4007017795044, "epsilon": 0.03321328046614565, "gamma": 0.039184716542325776, "lamda": 0.1771154708006828}, "datetime": {"datetime": "2021-09-23 15:35:04", "elapsed": 413.699865, "delta": 3.927553}}
{"target": -1.9805579901730053, "params": {"C": 781.0210612721154, "epsilon": 0.10830392467839912, "gamma": 0.03342869176723592, "lamda": 0.027661530733424037}, "datetime": {"datetime": "2021-09-23 15:35:09", "elapsed": 418.777895, "delta": 5.07803}}
{"target": -1.990008502631412, "params": {"C": 704.2411275712714, "epsilon": 0.2611369944891529, "gamma": 0.04054469939947482, "lamda": 0.09027908472413995}, "datetime": {"datetime": "2021-09-23 15:35:15", "elapsed": 424.817147, "delta": 6.039252}}
{"target": -2.0044143931086733, "params": {"C": 898.2322077362243, "epsilon": 0.3833802020577797, "gamma": 0.04340076636163713, "lamda": 0.08888948014702368}, "datetime": {"datetime": "2021-09-23 15:35:19", "elapsed": 428.581798, "delta": 3.764651}}
{"target": -1.9391458208363304, "params": {"C": 704.6173398180783, "epsilon": 0.06549929195188745, "gamma": 0.04042090248356377, "lamda": 0.09179887928639811}, "datetime": {"datetime": "2021-09-23 15:35:38", "elapsed": 447.521676, "delta": 18.939878}}
{"target": -2.0502949603159535, "params": {"C": 716.3980655214021, "epsilon": 0.3218487565761484, "gamma": 0.04331335698133007, "lamda": 0.1975538061700018}, "datetime": {"datetime": "2021-09-23 15:35:40", "elapsed": 450.034401, "delta": 2.512725}}
{"target": -1.9135585142161318, "params": {"C": 720.8395214090893, "epsilon": 0.08982954552976669, "gamma": 0.034215098362477554, "lamda": 0.0720252039228188}, "datetime": {"datetime": "2021-09-23 15:35:44", "elapsed": 453.715006, "delta": 3.680605}}
{"target": -1.9282066279673677, "params": {"C": 720.8212352236292, "epsilon": 0.04372793782676698, "gamma": 0.03510468385444766, "lamda": 0.0984304477663082}, "datetime": {"datetime": "2021-09-23 15:35:48", "elapsed": 458.194674, "delta": 4.479668}}
{"target": -1.9963342647676356, "params": {"C": 773.7643706667618, "epsilon": 0.5090560217253094, "gamma": 0.04818391338360199, "lamda": 0.04651761378037342}, "datetime": {"datetime": "2021-09-23 15:35:51", "elapsed": 460.522948, "delta": 2.328274}}
{"target": -1.9445739935738964, "params": {"C": 720.7049362466411, "epsilon": 0.03533521725949037, "gamma": 0.04049272923855342, "lamda": 0.15468154784191518}, "datetime": {"datetime": "2021-09-23 15:35:55", "elapsed": 464.827673, "delta": 4.304725}}
{"target": -1.9223560738518728, "params": {"C": 720.799907753709, "epsilon": 0.06987982339492371, "gamma": 0.03462264161744853, "lamda": 0.0650796521225003}, "datetime": {"datetime": "2021-09-23 15:35:59", "elapsed": 469.016786, "delta": 4.189113}}
{"target": -1.9318755826362666, "params": {"C": 757.2722235749575, "epsilon": 0.30600504574232446, "gamma": 0.03934950974216092, "lamda": 0.027810698882086097}, "datetime": {"datetime": "2021-09-23 15:36:02", "elapsed": 472.271646, "delta": 3.25486}}
{"target": -1.9518727200125006, "params": {"C": 708.1852260833307, "epsilon": 0.13347221177710528, "gamma": 0.041002815288478094, "lamda": 0.03496677597209787}, "datetime": {"datetime": "2021-09-23 15:36:07", "elapsed": 477.119797, "delta": 4.848151}}
{"target": -2.0479026310482724, "params": {"C": 718.6463779448541, "epsilon": 0.29894695646349556, "gamma": 0.032260556292819, "lamda": 0.14910224554868706}, "datetime": {"datetime": "2021-09-23 15:36:10", "elapsed": 479.848444, "delta": 2.728647}}
{"target": -1.9779805776521464, "params": {"C": 757.2580231629784, "epsilon": 0.332698284507485, "gamma": 0.03, "lamda": 0.053069206745886194}, "datetime": {"datetime": "2021-09-23 15:36:14", "elapsed": 483.940917, "delta": 4.092473}}
{"target": -1.9579028340561284, "params": {"C": 720.7803766375584, "epsilon": 0.12713372457558347, "gamma": 0.03894809021688708, "lamda": 0.10984959852719926}, "datetime": {"datetime": "2021-09-23 15:36:17", "elapsed": 487.229959, "delta": 3.289042}}
{"target": -1.9887476596798659, "params": {"C": 708.1879628959293, "epsilon": 0.3290379462298735, "gamma": 0.03, "lamda": 0.06274170066743932}, "datetime": {"datetime": "2021-09-23 15:36:22", "elapsed": 491.435352, "delta": 4.205393}}
{"target": -1.9308133237829168, "params": {"C": 780.8751817224856, "epsilon": 0.06941528307547147, "gamma": 0.0377373858795273, "lamda": 0.08024191032331181}, "datetime": {"datetime": "2021-09-23 15:36:25", "elapsed": 494.996994, "delta": 3.561642}}
{"target": -1.9114996380910851, "params": {"C": 720.821527373924, "epsilon": 0.11565188033400983, "gamma": 0.0314118606791131, "lamda": 0.05547235503768291}, "datetime": {"datetime": "2021-09-23 15:36:28", "elapsed": 498.342189, "delta": 3.345195}}
{"target": -2.0627982870971295, "params": {"C": 899.4851078938865, "epsilon": 0.7072088398194447, "gamma": 0.04112384494562209, "lamda": 0.10246472684317316}, "datetime": {"datetime": "2021-09-23 15:36:31", "elapsed": 500.374006, "delta": 2.031817}}
{"target": -1.9791373991570604, "params": {"C": 704.6803676926535, "epsilon": 0.03893568712161243, "gamma": 0.04299033989358856, "lamda": 0.10153311539067018}, "datetime": {"datetime": "2021-09-23 15:36:34", "elapsed": 504.217578, "delta": 3.843572}}
{"target": -1.9140051407640022, "params": {"C": 772.2216633485318, "epsilon": 0.059035930789028815, "gamma": 0.03142488439336016, "lamda": 0.08982325822972374}, "datetime": {"datetime": "2021-09-23 15:36:39", "elapsed": 508.430673, "delta": 4.213095}}
{"target": -1.9520664711212128, "params": {"C": 708.1912335114963, "epsilon": 0.13918170783074868, "gamma": 0.045428682528374, "lamda": 0.07712841941641416}, "datetime": {"datetime": "2021-09-23 15:36:43", "elapsed": 512.440779, "delta": 4.010106}}
{"target": -1.9252352031009492, "params": {"C": 772.1630193155208, "epsilon": 0.08136283519576304, "gamma": 0.03425256808551868, "lamda": 0.10051839804954722}, "datetime": {"datetime": "2021-09-23 15:36:46", "elapsed": 515.86831, "delta": 3.427531}}
{"target": -2.060471216888801, "params": {"C": 836.5155352352713, "epsilon": 0.6280864273229202, "gamma": 0.04497971035006334, "lamda": 0.11963479480926133}, "datetime": {"datetime": "2021-09-23 15:36:49", "elapsed": 518.432147, "delta": 2.563837}}
{"target": -2.0024614666533775, "params": {"C": 887.0987875742577, "epsilon": 0.14491391432622136, "gamma": 0.030385797340658962, "lamda": 0.15350231425740146}, "datetime": {"datetime": "2021-09-23 15:36:51", "elapsed": 520.853693, "delta": 2.421546}}
{"target": -2.08517143374077, "params": {"C": 713.1617254240437, "epsilon": 0.5226003411439065, "gamma": 0.03542911650423539, "lamda": 0.14598312848105527}, "datetime": {"datetime": "2021-09-23 15:36:53", "elapsed": 523.301862, "delta": 2.448169}}
{"target": -1.9486952054921356, "params": {"C": 772.1592936609784, "epsilon": 0.057638635019867865, "gamma": 0.04179099361625545, "lamda": 0.17595885986813342}, "datetime": {"datetime": "2021-09-23 15:36:58", "elapsed": 528.257859, "delta": 4.955997}}
{"target": -2.068526141779868, "params": {"C": 772.2169146845372, "epsilon": 0.03617019752497316, "gamma": 0.04970979967542771, "lamda": 0.06850257891482833}, "datetime": {"datetime": "2021-09-23 15:37:02", "elapsed": 532.242744, "delta": 3.984885}}
{"target": -2.041361608851999, "params": {"C": 796.8314690374873, "epsilon": 0.6762172523142868, "gamma": 0.044913113817006224, "lamda": 0.08537896714885075}, "datetime": {"datetime": "2021-09-23 15:37:07", "elapsed": 536.448253, "delta": 4.205509}}
{"target": -1.9227093549011416, "params": {"C": 772.184854420809, "epsilon": 0.03488514719038826, "gamma": 0.03012475188425669, "lamda": 0.13234371138477424}, "datetime": {"datetime": "2021-09-23 15:37:10", "elapsed": 539.530273, "delta": 3.08202}}
{"target": -2.033479936108651, "params": {"C": 742.233894884236, "epsilon": 0.5304065482844067, "gamma": 0.0397524165966462, "lamda": 0.089882680374004}, "datetime": {"datetime": "2021-09-23 15:37:12", "elapsed": 542.117881, "delta": 2.587608}}
{"target": -1.9266731592712716, "params": {"C": 727.0234418534086, "epsilon": 0.22959219163023536, "gamma": 0.03538762785820991, "lamda": 0.020128079976303177}, "datetime": {"datetime": "2021-09-23 15:37:15", "elapsed": 544.686571, "delta": 2.56869}}
{"target": -1.9511899516297246, "params": {"C": 704.1033710880904, "epsilon": 0.03493603302747858, "gamma": 0.03732573793526408, "lamda": 0.10881289344982017}, "datetime": {"datetime": "2021-09-23 15:37:17", "elapsed": 547.189931, "delta": 2.50336}}
{"target": -2.02466589169415, "params": {"C": 757.1370327897985, "epsilon": 0.4696558836515674, "gamma": 0.04337194920789356, "lamda": 0.09775718193111901}, "datetime": {"datetime": "2021-09-23 15:37:20", "elapsed": 549.507815, "delta": 2.317884}}
