{"target": 0.9141443037260455, "params": {"C": 1828.0099545625753, "epsilon": 0.28598520842260444, "gamma": 0.01935845146978839, "lamda": 0.06485631268236246}, "datetime": {"datetime": "2021-09-24 09:05:59", "elapsed": 7.203861, "delta": 0.356863}}
{"target": 0.9157157814939999, "params": {"C": 1712.7608426898794, "epsilon": 0.40481452294546694, "gamma": 0.06927688834063415, "lamda": 0.08784405548445551}, "datetime": {"datetime": "2021-09-24 09:05:59", "elapsed": 7.58866, "delta": 0.384799}}
{"target": 0.9152676545932069, "params": {"C": 1793.8822967732722, "epsilon": 0.9682829352450285, "gamma": 0.0368260001476184, "lamda": 0.06474426345499094}, "datetime": {"datetime": "2021-09-24 09:05:59", "elapsed": 8.046956, "delta": 0.458296}}
{"target": 0.9187557706932422, "params": {"C": 1806.2716533314333, "epsilon": 0.22088191272355492, "gamma": 0.06666630799997007, "lamda": 0.0801408866955507}, "datetime": {"datetime": "2021-09-24 09:06:00", "elapsed": 8.414769, "delta": 0.367813}}
{"target": 0.9112235722864664, "params": {"C": 1762.1062240147312, "epsilon": 0.35527707611318426, "gamma": 0.06980865542978751, "lamda": 0.17967989838707407}, "datetime": {"datetime": "2021-09-24 09:06:00", "elapsed": 8.789265, "delta": 0.374496}}
{"target": 0.8886319228238259, "params": {"C": 1718.1313867402525, "epsilon": 0.28436264120703036, "gamma": 0.013817017265212093, "lamda": 0.23522559280818225}, "datetime": {"datetime": "2021-09-24 09:06:00", "elapsed": 9.171149, "delta": 0.381884}}
{"target": 0.890387363635433, "params": {"C": 1833.6031451071706, "epsilon": 0.9456452693573992, "gamma": 0.0638734341970012, "lamda": 0.30012222199821087}, "datetime": {"datetime": "2021-09-24 09:06:01", "elapsed": 9.610543, "delta": 0.439394}}
{"target": 0.9165954090912631, "params": {"C": 1841.9423018703249, "epsilon": 0.2319225994792417, "gamma": 0.04840015111077136, "lamda": 0.261808460219463}, "datetime": {"datetime": "2021-09-24 09:06:01", "elapsed": 9.98251, "delta": 0.371967}}
{"target": 0.8992348167360193, "params": {"C": 1818.4171906646159, "epsilon": 0.7848259921626908, "gamma": 0.060205643821522443, "lamda": 0.25429917482121994}, "datetime": {"datetime": "2021-09-24 09:06:02", "elapsed": 10.317362, "delta": 0.334852}}
{"target": 0.9025789683258884, "params": {"C": 1757.250705749311, "epsilon": 0.4917098986245436, "gamma": 0.01035607858425128, "lamda": 0.005911731269281357}, "datetime": {"datetime": "2021-09-24 09:06:02", "elapsed": 10.858646, "delta": 0.541284}}
{"target": 0.8653621492998834, "params": {"C": 1710.4290789066683, "epsilon": 0.6307830821623754, "gamma": 0.010354663744515885, "lamda": 0.23261716036577582}, "datetime": {"datetime": "2021-09-24 09:06:03", "elapsed": 11.257554, "delta": 0.398908}}
{"target": 0.9274413213037004, "params": {"C": 1732.4512053319347, "epsilon": 0.25257844290657305, "gamma": 0.030772476628517974, "lamda": 0.008917478112143079}, "datetime": {"datetime": "2021-09-24 09:06:03", "elapsed": 11.807293, "delta": 0.549739}}
{"target": 0.9142458635547797, "params": {"C": 1835.6219709088532, "epsilon": 0.6616971550039416, "gamma": 0.05867078936891688, "lamda": 0.10218318542956042}, "datetime": {"datetime": "2021-09-24 09:06:04", "elapsed": 12.253628, "delta": 0.446335}}
{"target": 0.8828598320551279, "params": {"C": 1778.1850259231228, "epsilon": 0.8432943808149355, "gamma": 0.029580188503789788, "lamda": 0.38569796879367957}, "datetime": {"datetime": "2021-09-24 09:06:04", "elapsed": 12.691277, "delta": 0.437649}}
{"target": 0.8868726855332089, "params": {"C": 1703.8924087619769, "epsilon": 0.6798103780253164, "gamma": 0.028205701193274757, "lamda": 0.38711623056022165}, "datetime": {"datetime": "2021-09-24 09:06:04", "elapsed": 13.159608, "delta": 0.468331}}
{"target": 0.9249034586728528, "params": {"C": 1832.7282430923435, "epsilon": 0.05697677083400467, "gamma": 0.0430910027144322, "lamda": 0.3231812419854612}, "datetime": {"datetime": "2021-09-24 09:06:05", "elapsed": 13.642053, "delta": 0.482445}}
{"target": 0.9183722092393907, "params": {"C": 1700.6241263305653, "epsilon": 0.5194409895162766, "gamma": 0.046616465768687214, "lamda": 0.09962233242153017}, "datetime": {"datetime": "2021-09-24 09:06:05", "elapsed": 14.063119, "delta": 0.421066}}
{"target": 0.9180214384881947, "params": {"C": 1828.143069768811, "epsilon": 0.0943648777378669, "gamma": 0.058817940695245735, "lamda": 0.3593937206570151}, "datetime": {"datetime": "2021-09-24 09:06:06", "elapsed": 14.507615, "delta": 0.444496}}
{"target": 0.9206114747699599, "params": {"C": 1739.5602351773246, "epsilon": 0.9069316082261485, "gamma": 0.050692477338904016, "lamda": 0.03897098724273471}, "datetime": {"datetime": "2021-09-24 09:06:06", "elapsed": 15.102662, "delta": 0.595047}}
{"target": 0.9113780853571322, "params": {"C": 1730.736103132051, "epsilon": 0.799390704162155, "gamma": 0.06558497066623334, "lamda": 0.09358558380939572}, "datetime": {"datetime": "2021-09-24 09:06:07", "elapsed": 15.556607, "delta": 0.453945}}
{"target": 0.9224624720489265, "params": {"C": 1789.4975838710584, "epsilon": 0.33171345383548945, "gamma": 0.04848404464993309, "lamda": 0.08962069304487898}, "datetime": {"datetime": "2021-09-24 09:06:07", "elapsed": 15.990466, "delta": 0.433859}}
{"target": 0.9246896024420914, "params": {"C": 1806.2588051588998, "epsilon": 0.10388750633669525, "gamma": 0.05342873158116468, "lamda": 0.1387409476178079}, "datetime": {"datetime": "2021-09-24 09:06:08", "elapsed": 16.43711, "delta": 0.446644}}
{"target": 0.9217381915394632, "params": {"C": 1732.524954019313, "epsilon": 0.4785893054893464, "gamma": 0.05885387223850375, "lamda": 0.04392545293528712}, "datetime": {"datetime": "2021-09-24 09:06:08", "elapsed": 17.045193, "delta": 0.608083}}
{"target": 0.9128368465482399, "params": {"C": 1868.934460761621, "epsilon": 0.7234042494440275, "gamma": 0.055594425361332994, "lamda": 0.1144583620145433}, "datetime": {"datetime": "2021-09-24 09:06:09", "elapsed": 17.468037, "delta": 0.422844}}
{"target": 0.9155246629797211, "params": {"C": 1841.954345812846, "epsilon": 0.22143393082596188, "gamma": 0.0508233880436226, "lamda": 0.2943059357236201}, "datetime": {"datetime": "2021-09-24 09:06:09", "elapsed": 17.90391, "delta": 0.435873}}
{"target": 0.9183419534334893, "params": {"C": 1721.5679911872653, "epsilon": 0.24427516443253638, "gamma": 0.04275698348917677, "lamda": 0.21002385089840356}, "datetime": {"datetime": "2021-09-24 09:06:10", "elapsed": 18.319415, "delta": 0.415505}}
{"target": 0.9310482077232187, "params": {"C": 1746.2468068443677, "epsilon": 0.05949246555376489, "gamma": 0.03394175967965393, "lamda": 0.1055815403891673}, "datetime": {"datetime": "2021-09-24 09:06:10", "elapsed": 18.887179, "delta": 0.567764}}
{"target": 0.9078364643758022, "params": {"C": 1746.316205865477, "epsilon": 0.3635132754150543, "gamma": 0.016583858755734957, "lamda": 0.062425997740112156}, "datetime": {"datetime": "2021-09-24 09:06:11", "elapsed": 19.517619, "delta": 0.63044}}
{"target": 0.920104006919864, "params": {"C": 1746.0907960566701, "epsilon": 0.08705040810999573, "gamma": 0.0326285109609734, "lamda": 0.33798693187600753}, "datetime": {"datetime": "2021-09-24 09:06:11", "elapsed": 20.051608, "delta": 0.533989}}
{"target": 0.9086426928829966, "params": {"C": 1852.8278103137718, "epsilon": 0.42886323970056983, "gamma": 0.030603898498155452, "lamda": 0.20413164893389565}, "datetime": {"datetime": "2021-09-24 09:06:12", "elapsed": 20.544088, "delta": 0.49248}}
{"target": 0.9267739911120056, "params": {"C": 1745.891802462313, "epsilon": 0.03875884868821152, "gamma": 0.024666935755511987, "lamda": 0.06223540180176673}, "datetime": {"datetime": "2021-09-24 09:06:13", "elapsed": 21.190527, "delta": 0.646439}}
{"target": 0.9168916038790466, "params": {"C": 1853.2524304828553, "epsilon": 0.4642197014113215, "gamma": 0.05093890266713711, "lamda": 0.12699995771554115}, "datetime": {"datetime": "2021-09-24 09:06:13", "elapsed": 21.716398, "delta": 0.525871}}
{"target": 0.9182933247216641, "params": {"C": 1732.6671371971404, "epsilon": 0.16579559678723435, "gamma": 0.060310863849960386, "lamda": 0.21239066047207764}, "datetime": {"datetime": "2021-09-24 09:06:14", "elapsed": 22.283517, "delta": 0.567119}}
{"target": 0.9256426578285927, "params": {"C": 1732.0839374093252, "epsilon": 0.2706235549070033, "gamma": 0.03361255726501571, "lamda": 0.06533264661172924}, "datetime": {"datetime": "2021-09-24 09:06:14", "elapsed": 22.911221, "delta": 0.627704}}
{"target": 0.9041606022215343, "params": {"C": 1732.230736795614, "epsilon": 0.32360433956102197, "gamma": 0.032884412245097, "lamda": 0.3969823073015533}, "datetime": {"datetime": "2021-09-24 09:06:15", "elapsed": 23.50606, "delta": 0.594839}}
{"target": 0.9244042010328097, "params": {"C": 1806.224748044911, "epsilon": 0.11233749989305704, "gamma": 0.033075982920832254, "lamda": 0.17256096431266876}, "datetime": {"datetime": "2021-09-24 09:06:15", "elapsed": 23.981681, "delta": 0.475621}}
{"target": 0.9161265239983953, "params": {"C": 1746.104905082686, "epsilon": 0.03097444946494837, "gamma": 0.033787145047346874, "lamda": 0.023111643039098906}, "datetime": {"datetime": "2021-09-24 09:06:16", "elapsed": 24.606393, "delta": 0.624712}}
{"target": 0.9195157752251173, "params": {"C": 1746.326515703299, "epsilon": 0.13695857450595056, "gamma": 0.03296471856629751, "lamda": 0.24695798951144907}, "datetime": {"datetime": "2021-09-24 09:06:17", "elapsed": 25.179138, "delta": 0.572745}}
{"target": 0.8509920303887242, "params": {"C": 1746.4381610280693, "epsilon": 0.03, "gamma": 0.07, "lamda": 0.026151589048573606}, "datetime": {"datetime": "2021-09-24 09:06:17", "elapsed": 25.988511, "delta": 0.809373}}
{"target": 0.9062108332240721, "params": {"C": 1746.2220367883128, "epsilon": 0.17763754600767614, "gamma": 0.015232773570011512, "lamda": 0.11621787036998829}, "datetime": {"datetime": "2021-09-24 09:06:18", "elapsed": 26.597844, "delta": 0.609333}}
{"target": 0.9252418267882516, "params": {"C": 1731.9871292270639, "epsilon": 0.33501286394070606, "gamma": 0.052612971865855944, "lamda": 0.03873049164049894}, "datetime": {"datetime": "2021-09-24 09:06:19", "elapsed": 27.206369, "delta": 0.608525}}
{"target": 0.9244370046819339, "params": {"C": 1745.9064552389634, "epsilon": 0.1931667462205232, "gamma": 0.0549711918656363, "lamda": 0.062034919714179015}, "datetime": {"datetime": "2021-09-24 09:06:19", "elapsed": 27.785412, "delta": 0.579043}}
{"target": 0.910473840802238, "params": {"C": 1853.8427693791305, "epsilon": 0.2121562813519773, "gamma": 0.027446234016696852, "lamda": 0.2856791376981919}, "datetime": {"datetime": "2021-09-24 09:06:20", "elapsed": 28.305196, "delta": 0.519784}}
{"target": 0.9186313165907795, "params": {"C": 1852.7155302253282, "epsilon": 0.41602432813207946, "gamma": 0.05865241832198205, "lamda": 0.0935931003695684}, "datetime": {"datetime": "2021-09-24 09:06:20", "elapsed": 28.834191, "delta": 0.528995}}
{"target": 0.9081585749427695, "params": {"C": 1869.1757214223965, "epsilon": 0.25597798420827467, "gamma": 0.06559187778085611, "lamda": 0.3611023605156928}, "datetime": {"datetime": "2021-09-24 09:06:21", "elapsed": 29.39491, "delta": 0.560719}}
{"target": 0.9274576454681094, "params": {"C": 1732.5369113140362, "epsilon": 0.3266213904530866, "gamma": 0.04208929934294786, "lamda": 0.04551289924716526}, "datetime": {"datetime": "2021-09-24 09:06:21", "elapsed": 29.989704, "delta": 0.594794}}
{"target": 0.9027100399375452, "params": {"C": 1784.3158452018645, "epsilon": 0.7695819628835003, "gamma": 0.06045065778099424, "lamda": 0.21462818631946584}, "datetime": {"datetime": "2021-09-24 09:06:22", "elapsed": 30.517489, "delta": 0.527785}}
{"target": 0.9267043016358756, "params": {"C": 1746.2188448925087, "epsilon": 0.061272955273489915, "gamma": 0.028248023839633346, "lamda": 0.17520975885122222}, "datetime": {"datetime": "2021-09-24 09:06:23", "elapsed": 31.32783, "delta": 0.810341}}
{"target": 0.9129746322645128, "params": {"C": 1732.4368932081854, "epsilon": 0.38369008034582053, "gamma": 0.06746869960883106, "lamda": 0.1500857590500847}, "datetime": {"datetime": "2021-09-24 09:06:23", "elapsed": 31.918459, "delta": 0.590629}}
{"target": 0.9200775903446553, "params": {"C": 1732.113224051341, "epsilon": 0.4319106839300082, "gamma": 0.03653818982663161, "lamda": 0.08780859723538345}, "datetime": {"datetime": "2021-09-24 09:06:24", "elapsed": 32.690948, "delta": 0.772489}}
{"target": 0.9229840614994056, "params": {"C": 1745.9631708889658, "epsilon": 0.12033793654794175, "gamma": 0.029005459700205266, "lamda": 0.1541202301488084}, "datetime": {"datetime": "2021-09-24 09:06:25", "elapsed": 33.605214, "delta": 0.914266}}
{"target": 0.898385181101529, "params": {"C": 1732.529859234706, "epsilon": 0.18166017490228495, "gamma": 0.043553323288205256, "lamda": 0.0030923258630933537}, "datetime": {"datetime": "2021-09-24 09:06:26", "elapsed": 34.331512, "delta": 0.726298}}
{"target": 0.9078052990201136, "params": {"C": 1778.3901060826474, "epsilon": 0.03801425058959908, "gamma": 0.012723914076975658, "lamda": 0.2474041442078309}, "datetime": {"datetime": "2021-09-24 09:06:26", "elapsed": 34.906053, "delta": 0.574541}}
{"target": 0.9247667395702884, "params": {"C": 1732.3973281625292, "epsilon": 0.403077712630435, "gamma": 0.029720247078422905, "lamda": 0.04055193278435778}, "datetime": {"datetime": "2021-09-24 09:06:27", "elapsed": 35.47112, "delta": 0.565067}}
{"target": 0.8697302408615195, "params": {"C": 1772.7554837093555, "epsilon": 0.723909244098786, "gamma": 0.016547865355545414, "lamda": 0.3665853435181578}, "datetime": {"datetime": "2021-09-24 09:06:27", "elapsed": 35.943613, "delta": 0.472493}}
{"target": 0.9146647405979551, "params": {"C": 1731.9327644744658, "epsilon": 0.3107100920565611, "gamma": 0.03419056255235845, "lamda": 0.19899603930614734}, "datetime": {"datetime": "2021-09-24 09:06:28", "elapsed": 36.521897, "delta": 0.578284}}
{"target": 0.9261563658516806, "params": {"C": 1832.731529802647, "epsilon": 0.043905264247669176, "gamma": 0.03844090631904327, "lamda": 0.3448758848313169}, "datetime": {"datetime": "2021-09-24 09:06:28", "elapsed": 37.033721, "delta": 0.511824}}
{"target": 0.89908147951162, "params": {"C": 1885.395660300773, "epsilon": 0.9536415485667779, "gamma": 0.015188328390230318, "lamda": 0.04149861486142341}, "datetime": {"datetime": "2021-09-24 09:06:29", "elapsed": 37.610976, "delta": 0.577255}}
{"target": 0.9012856828532654, "params": {"C": 1786.2573066492355, "epsilon": 0.44648293359166236, "gamma": 0.028775607302263473, "lamda": 0.29363790168061665}, "datetime": {"datetime": "2021-09-24 09:06:29", "elapsed": 38.101096, "delta": 0.49012}}
{"target": 0.8963433801585771, "params": {"C": 1706.2274405442815, "epsilon": 0.5931835434233267, "gamma": 0.015365777078472266, "lamda": 0.08721564339898263}, "datetime": {"datetime": "2021-09-24 09:06:30", "elapsed": 38.631714, "delta": 0.530618}}
{"target": 0.9102633353053101, "params": {"C": 1806.1296846446867, "epsilon": 0.07758368992943933, "gamma": 0.06012983297824234, "lamda": 0.05203725969016612}, "datetime": {"datetime": "2021-09-24 09:06:31", "elapsed": 39.263627, "delta": 0.631913}}
{"target": 0.9176850235873786, "params": {"C": 1733.8055627900155, "epsilon": 0.08333755853124372, "gamma": 0.06034625521770918, "lamda": 0.37110537972593094}, "datetime": {"datetime": "2021-09-24 09:06:31", "elapsed": 39.78048, "delta": 0.516853}}
{"target": 0.9155672474036061, "params": {"C": 1704.1635504339488, "epsilon": 0.1930683342380555, "gamma": 0.025113533003242726, "lamda": 0.160264337879741}, "datetime": {"datetime": "2021-09-24 09:06:32", "elapsed": 40.382343, "delta": 0.601863}}
{"target": 0.8927917065868094, "params": {"C": 1752.7760881056274, "epsilon": 0.7382567286117583, "gamma": 0.037271997459895206, "lamda": 0.35317826706476824}, "datetime": {"datetime": "2021-09-24 09:06:32", "elapsed": 40.872393, "delta": 0.49005}}
{"target": 0.9045012640059292, "params": {"C": 1732.268797037426, "epsilon": 0.17424515935799725, "gamma": 0.011384570683755587, "lamda": 0.057877203148412076}, "datetime": {"datetime": "2021-09-24 09:06:33", "elapsed": 41.599776, "delta": 0.727383}}
{"target": 0.9126876901606047, "params": {"C": 1832.2932631394963, "epsilon": 0.14211048957868105, "gamma": 0.06833741397481563, "lamda": 0.34612875507632634}, "datetime": {"datetime": "2021-09-24 09:06:33", "elapsed": 42.127894, "delta": 0.528118}}
{"target": 0.924808204134716, "params": {"C": 1832.5947098744898, "epsilon": 0.04207958021155386, "gamma": 0.03562162836855959, "lamda": 0.4}, "datetime": {"datetime": "2021-09-24 09:06:34", "elapsed": 42.786305, "delta": 0.658411}}
{"target": 0.9159886297112493, "params": {"C": 1854.2131512859578, "epsilon": 0.1337473268146004, "gamma": 0.024828653809389575, "lamda": 0.2108232159877563}, "datetime": {"datetime": "2021-09-24 09:06:35", "elapsed": 43.394113, "delta": 0.607808}}
{"target": 0.894846351101232, "params": {"C": 1745.9666111431077, "epsilon": 0.3363898347659121, "gamma": 0.01, "lamda": 0.001}, "datetime": {"datetime": "2021-09-24 09:06:36", "elapsed": 44.56838, "delta": 1.174267}}
{"target": 0.9203143839999214, "params": {"C": 1703.9720764308688, "epsilon": 0.062202050348000325, "gamma": 0.05471327954662633, "lamda": 0.08823743411077112}, "datetime": {"datetime": "2021-09-24 09:06:37", "elapsed": 45.359273, "delta": 0.790893}}
{"target": 0.9172908378036384, "params": {"C": 1703.915857756387, "epsilon": 0.06914674824080236, "gamma": 0.0674013103512452, "lamda": 0.2911460113936576}, "datetime": {"datetime": "2021-09-24 09:06:37", "elapsed": 45.991993, "delta": 0.63272}}
{"target": 0.9174651318571089, "params": {"C": 1781.1246976503808, "epsilon": 0.04458896222647919, "gamma": 0.0670356333688453, "lamda": 0.24650607724607432}, "datetime": {"datetime": "2021-09-24 09:06:38", "elapsed": 46.604385, "delta": 0.612392}}
{"target": 0.9007497147457623, "params": {"C": 1851.7520960746133, "epsilon": 0.5238881381520016, "gamma": 0.020092360359869454, "lamda": 0.13394338251117271}, "datetime": {"datetime": "2021-09-24 09:06:39", "elapsed": 47.179408, "delta": 0.575023}}
{"target": 0.9034291985007377, "params": {"C": 1832.6514138607113, "epsilon": 0.25635538545681036, "gamma": 0.025943420684914537, "lamda": 0.3666565827911797}, "datetime": {"datetime": "2021-09-24 09:06:39", "elapsed": 47.854405, "delta": 0.674997}}
{"target": 0.9198173721701778, "params": {"C": 1703.9047797985927, "epsilon": 0.06304136467481838, "gamma": 0.06239845690776418, "lamda": 0.2871926390633248}, "datetime": {"datetime": "2021-09-24 09:06:40", "elapsed": 48.480302, "delta": 0.625897}}
{"target": 0.9153939141811008, "params": {"C": 1704.099734142632, "epsilon": 0.042837888784366784, "gamma": 0.017550683247770663, "lamda": 0.03437546451231898}, "datetime": {"datetime": "2021-09-24 09:06:41", "elapsed": 49.274598, "delta": 0.794296}}
{"target": 0.8986041575960164, "params": {"C": 1873.6843531509976, "epsilon": 0.7959292186370986, "gamma": 0.06049574738962546, "lamda": 0.25855767007288327}, "datetime": {"datetime": "2021-09-24 09:06:41", "elapsed": 49.834435, "delta": 0.559837}}
{"target": 0.9237046817032589, "params": {"C": 1703.7745273665494, "epsilon": 0.042987321131719006, "gamma": 0.055189871105384425, "lamda": 0.2859506402750794}, "datetime": {"datetime": "2021-09-24 09:06:42", "elapsed": 50.570435, "delta": 0.736}}
{"target": 0.895045789490181, "params": {"C": 1854.369800962566, "epsilon": 0.07454421693406038, "gamma": 0.01097957709787781, "lamda": 0.30069361173661674}, "datetime": {"datetime": "2021-09-24 09:06:43", "elapsed": 51.370631, "delta": 0.800196}}
{"target": 0.926228126274695, "params": {"C": 1703.8324852286662, "epsilon": 0.0912077517889203, "gamma": 0.04628962647423204, "lamda": 0.1691632941235848}, "datetime": {"datetime": "2021-09-24 09:06:44", "elapsed": 52.276851, "delta": 0.90622}}
{"target": 0.9135134608981138, "params": {"C": 1715.065850470294, "epsilon": 0.5412863314333759, "gamma": 0.06458752949409159, "lamda": 0.11272405197337206}, "datetime": {"datetime": "2021-09-24 09:06:44", "elapsed": 52.860249, "delta": 0.583398}}
{"target": 0.8922311086279257, "params": {"C": 1854.1184363897908, "epsilon": 0.10112772969062028, "gamma": 0.011353245961582572, "lamda": 0.3031656592082997}, "datetime": {"datetime": "2021-09-24 09:06:45", "elapsed": 53.61342, "delta": 0.753171}}
{"target": 0.9102183487915458, "params": {"C": 1703.8248801453, "epsilon": 0.1812734000443963, "gamma": 0.02453883288061573, "lamda": 0.2704794262346363}, "datetime": {"datetime": "2021-09-24 09:06:46", "elapsed": 54.372076, "delta": 0.758656}}
{"target": 0.900206913663381, "params": {"C": 1718.9873598003255, "epsilon": 0.6158346053251317, "gamma": 0.028929232904324254, "lamda": 0.23123778970736691}, "datetime": {"datetime": "2021-09-24 09:06:46", "elapsed": 55.015265, "delta": 0.643189}}
{"target": 0.9287587308711764, "params": {"C": 1703.698874316479, "epsilon": 0.03616039797430378, "gamma": 0.025621982824696535, "lamda": 0.12616574762819568}, "datetime": {"datetime": "2021-09-24 09:06:47", "elapsed": 55.88282, "delta": 0.867555}}
{"target": 0.9146354179937698, "params": {"C": 1703.5721854570586, "epsilon": 0.12651052593002543, "gamma": 0.02269320012985555, "lamda": 0.20498233300685112}, "datetime": {"datetime": "2021-09-24 09:06:48", "elapsed": 56.718219, "delta": 0.835399}}
{"target": 0.916419454477962, "params": {"C": 1780.9857097332183, "epsilon": 0.15752795974542982, "gamma": 0.06857228775109361, "lamda": 0.17839476513498537}, "datetime": {"datetime": "2021-09-24 09:06:49", "elapsed": 57.583461, "delta": 0.865242}}
{"target": 0.9083540635165233, "params": {"C": 1703.78827554559, "epsilon": 0.04460436455206703, "gamma": 0.06371793061061182, "lamda": 0.09395431949910647}, "datetime": {"datetime": "2021-09-24 09:06:50", "elapsed": 58.483168, "delta": 0.899707}}
