{"target": -2.016844835605445, "params": {"C": 163.78558801110677, "epsilon": 0.3057020508127566, "gamma": 0.06997149850582882, "lamda": 0.10096343658630164}, "datetime": {"datetime": "2021-09-23 12:56:44", "elapsed": 227.605829, "delta": 1.585997}}
{"target": -2.288768405378196, "params": {"C": 151.86601012563165, "epsilon": 0.1075871851805621, "gamma": 0.1050162874503333, "lamda": 0.5286764411500006}, "datetime": {"datetime": "2021-09-23 12:56:46", "elapsed": 229.668651, "delta": 2.062822}}
{"target": -2.052133573838472, "params": {"C": 147.51493286557798, "epsilon": 0.21875062108574986, "gamma": 0.03979813291074009, "lamda": 0.3220241570539856}, "datetime": {"datetime": "2021-09-23 12:56:47", "elapsed": 230.691014, "delta": 1.022363}}
{"target": -2.3763636149651375, "params": {"C": 141.29020693498313, "epsilon": 0.17440693618153058, "gamma": 0.10726694886762865, "lamda": 0.5806616955816929}, "datetime": {"datetime": "2021-09-23 12:56:48", "elapsed": 231.629112, "delta": 0.938098}}
{"target": -2.257941722331798, "params": {"C": 177.0915192438531, "epsilon": 0.42727095216579253, "gamma": 0.04541789039743101, "lamda": 0.4709602519958274}, "datetime": {"datetime": "2021-09-23 12:56:49", "elapsed": 232.796112, "delta": 1.167}}
{"target": -2.191208535605128, "params": {"C": 163.7331142961679, "epsilon": 0.18895355430894364, "gamma": 0.01664823075018892, "lamda": 0.10658403777610939}, "datetime": {"datetime": "2021-09-23 12:56:51", "elapsed": 234.68985, "delta": 1.893738}}
{"target": -2.2031629119312073, "params": {"C": 145.9539412322959, "epsilon": 0.26269377440457536, "gamma": 0.09831287640546352, "lamda": 0.21038555479752438}, "datetime": {"datetime": "2021-09-23 12:56:52", "elapsed": 236.434201, "delta": 1.744351}}
{"target": -2.341738025355911, "params": {"C": 71.13928551303933, "epsilon": 0.28846747511152937, "gamma": 0.13844395390926437, "lamda": 0.07195078600218553}, "datetime": {"datetime": "2021-09-23 12:56:53", "elapsed": 237.451668, "delta": 1.017467}}
{"target": -2.009158435637592, "params": {"C": 184.79579367289625, "epsilon": 0.30378309645088075, "gamma": 0.03476174449214615, "lamda": 0.13987599654266208}, "datetime": {"datetime": "2021-09-23 12:56:55", "elapsed": 238.656822, "delta": 1.205154}}
{"target": -2.165724163162953, "params": {"C": 65.48214301448358, "epsilon": 0.0595978786823093, "gamma": 0.09947286225700817, "lamda": 0.22244418432019275}, "datetime": {"datetime": "2021-09-23 12:56:56", "elapsed": 239.900677, "delta": 1.243855}}
{"target": -2.2357723200645916, "params": {"C": 163.6404820342548, "epsilon": 0.19983858526825574, "gamma": 0.10954830956415938, "lamda": 0.0846685955451723}, "datetime": {"datetime": "2021-09-23 12:56:57", "elapsed": 241.543916, "delta": 1.643239}}
{"target": -2.0782205186725244, "params": {"C": 163.66597878363103, "epsilon": 0.17063955461716218, "gamma": 0.07185594353368911, "lamda": 0.015095045005743098}, "datetime": {"datetime": "2021-09-23 12:56:59", "elapsed": 243.455819, "delta": 1.911903}}
{"target": -2.2445103933728157, "params": {"C": 163.69821482804622, "epsilon": 0.3036652813404134, "gamma": 0.01315387127457978, "lamda": 0.025930299342063826}, "datetime": {"datetime": "2021-09-23 12:57:01", "elapsed": 245.025418, "delta": 1.569599}}
{"target": -2.0305082906110705, "params": {"C": 184.83172307999882, "epsilon": 0.34061384663562005, "gamma": 0.055384259341795875, "lamda": 0.1742005328749508}, "datetime": {"datetime": "2021-09-23 12:57:02", "elapsed": 246.519951, "delta": 1.494533}}
{"target": -2.1420922957437027, "params": {"C": 146.14646234990087, "epsilon": 0.14102998990374077, "gamma": 0.08698662873763692, "lamda": 0.07158437462361815}, "datetime": {"datetime": "2021-09-23 12:57:05", "elapsed": 249.062123, "delta": 2.542172}}
{"target": -2.3540888643232614, "params": {"C": 84.26888910273848, "epsilon": 0.3815800837116403, "gamma": 0.06924237768886704, "lamda": 0.5845657367690782}, "datetime": {"datetime": "2021-09-23 12:57:06", "elapsed": 249.992396, "delta": 0.930273}}
{"target": -2.0460430267498784, "params": {"C": 146.09877572398537, "epsilon": 0.2639141867109362, "gamma": 0.06975926756906281, "lamda": 0.004370973797703796}, "datetime": {"datetime": "2021-09-23 12:57:08", "elapsed": 251.622053, "delta": 1.629657}}
{"target": -2.0500190412837274, "params": {"C": 184.8362211020534, "epsilon": 0.345801938959489, "gamma": 0.024750530245780753, "lamda": 0.1080689383714348}, "datetime": {"datetime": "2021-09-23 12:57:09", "elapsed": 253.258229, "delta": 1.636176}}
{"target": -2.013964546194022, "params": {"C": 74.19131914565715, "epsilon": 0.17537892814015865, "gamma": 0.04762831797266254, "lamda": 0.08949701063943752}, "datetime": {"datetime": "2021-09-23 12:57:11", "elapsed": 255.255169, "delta": 1.99694}}
{"target": -2.1825515105020195, "params": {"C": 163.6430825247055, "epsilon": 0.2752477211985533, "gamma": 0.016708430454918752, "lamda": 0.13822701298417203}, "datetime": {"datetime": "2021-09-23 12:57:13", "elapsed": 256.641073, "delta": 1.385904}}
{"target": -2.5751380166775237, "params": {"C": 117.84757884280565, "epsilon": 0.44061270354671006, "gamma": 0.14360889393261625, "lamda": 0.399448451125009}, "datetime": {"datetime": "2021-09-23 12:57:13", "elapsed": 257.523948, "delta": 0.882875}}
{"target": -2.0412912097668388, "params": {"C": 163.77232357665542, "epsilon": 0.287849319490255, "gamma": 0.06768155469877744, "lamda": 0.1637348933169849}, "datetime": {"datetime": "2021-09-23 12:57:15", "elapsed": 259.201692, "delta": 1.677744}}
{"target": -2.056127433137533, "params": {"C": 188.53984357838104, "epsilon": 0.16734169419649766, "gamma": 0.06353492208846535, "lamda": 0.3155796324412275}, "datetime": {"datetime": "2021-09-23 12:57:16", "elapsed": 260.326559, "delta": 1.124867}}
{"target": -2.0052310823514556, "params": {"C": 142.47282280877832, "epsilon": 0.4515364854415082, "gamma": 0.04831215749361465, "lamda": 0.0037654647701377106}, "datetime": {"datetime": "2021-09-23 12:57:18", "elapsed": 261.713378, "delta": 1.386819}}
{"target": -2.176286930602967, "params": {"C": 143.26753694009426, "epsilon": 0.385770866516948, "gamma": 0.06369302084035443, "lamda": 0.30698372504694277}, "datetime": {"datetime": "2021-09-23 12:57:19", "elapsed": 262.727617, "delta": 1.014239}}
{"target": -2.0733977897096385, "params": {"C": 163.80391781790053, "epsilon": 0.2842637513917498, "gamma": 0.05832817647787856, "lamda": 0.2626345900645934}, "datetime": {"datetime": "2021-09-23 12:57:20", "elapsed": 264.407292, "delta": 1.679675}}
{"target": -1.9781035205997226, "params": {"C": 98.505699732887, "epsilon": 0.065839204015343, "gamma": 0.05255882625560595, "lamda": 0.15486814836361779}, "datetime": {"datetime": "2021-09-23 12:57:21", "elapsed": 265.439946, "delta": 1.032654}}
{"target": -2.1079713476122723, "params": {"C": 98.53181157115813, "epsilon": 0.060165239096063666, "gamma": 0.08412885500759348, "lamda": 0.13701479025459107}, "datetime": {"datetime": "2021-09-23 12:57:23", "elapsed": 266.802897, "delta": 1.362951}}
{"target": -2.146491429457136, "params": {"C": 56.17958762714241, "epsilon": 0.17720281832608517, "gamma": 0.10046285375173727, "lamda": 0.09802063194709174}, "datetime": {"datetime": "2021-09-23 12:57:24", "elapsed": 268.352657, "delta": 1.54976}}
{"target": -2.00635282695206, "params": {"C": 163.81983923166638, "epsilon": 0.26874440653327847, "gamma": 0.05711028622636755, "lamda": 0.18734318602207412}, "datetime": {"datetime": "2021-09-23 12:57:25", "elapsed": 269.378637, "delta": 1.02598}}
{"target": -1.9750764139745103, "params": {"C": 165.3191397626268, "epsilon": 0.06833606941760781, "gamma": 0.03821314214336604, "lamda": 0.4387268400761632}, "datetime": {"datetime": "2021-09-23 12:57:27", "elapsed": 271.201693, "delta": 1.823056}}
{"target": -2.1569209960284565, "params": {"C": 165.38192918353207, "epsilon": 0.029288915358632265, "gamma": 0.09158995098271513, "lamda": 0.4773640373361889}, "datetime": {"datetime": "2021-09-23 12:57:28", "elapsed": 272.383106, "delta": 1.181413}}
{"target": -2.0511208821624587, "params": {"C": 98.44157599739171, "epsilon": 0.056699683206026204, "gamma": 0.07593880907919072, "lamda": 0.1901024893256747}, "datetime": {"datetime": "2021-09-23 12:57:30", "elapsed": 274.131359, "delta": 1.748253}}
{"target": -2.270195666804096, "params": {"C": 108.74464744530428, "epsilon": 0.4325865866883175, "gamma": 0.07979179528581137, "lamda": 0.32870342671261105}, "datetime": {"datetime": "2021-09-23 12:57:31", "elapsed": 275.150397, "delta": 1.019038}}
{"target": -2.549174064272103, "params": {"C": 174.6482755613683, "epsilon": 0.21712766321089608, "gamma": 0.1482590702063359, "lamda": 0.5117598785949938}, "datetime": {"datetime": "2021-09-23 12:57:32", "elapsed": 276.027747, "delta": 0.87735}}
{"target": -1.9817913017544349, "params": {"C": 165.29495972743308, "epsilon": 0.08456586568259933, "gamma": 0.06140829322543145, "lamda": 0.32596009330687514}, "datetime": {"datetime": "2021-09-23 12:57:33", "elapsed": 277.47692, "delta": 1.449173}}
{"target": -2.4282259428649127, "params": {"C": 154.6206471387627, "epsilon": 0.406359411316244, "gamma": 0.10515083285367216, "lamda": 0.43647818981717196}, "datetime": {"datetime": "2021-09-23 12:57:34", "elapsed": 278.428324, "delta": 0.951404}}
{"target": -2.15652183489049, "params": {"C": 142.42989994021622, "epsilon": 0.489514488439508, "gamma": 0.0892166009280103, "lamda": 0.013987997472769069}, "datetime": {"datetime": "2021-09-23 12:57:36", "elapsed": 279.709828, "delta": 1.281504}}
{"target": -2.3753917984839212, "params": {"C": 146.01084199042833, "epsilon": 0.1544381003670324, "gamma": 0.13774773702273604, "lamda": 0.19274339836058352}, "datetime": {"datetime": "2021-09-23 12:57:37", "elapsed": 280.977579, "delta": 1.267751}}
{"target": -1.9533094779171374, "params": {"C": 184.7188827508699, "epsilon": 0.32650939444122856, "gamma": 0.03931321554283304, "lamda": 0.09343699048854738}, "datetime": {"datetime": "2021-09-23 12:57:38", "elapsed": 282.289983, "delta": 1.312404}}
{"target": -2.2938121766743564, "params": {"C": 58.35989809886623, "epsilon": 0.2555628855327017, "gamma": 0.12858913997155427, "lamda": 0.15632113750619994}, "datetime": {"datetime": "2021-09-23 12:57:39", "elapsed": 283.251022, "delta": 0.961039}}
{"target": -2.3975995629508056, "params": {"C": 56.15486851744019, "epsilon": 0.13582377045142624, "gamma": 0.01, "lamda": 0.16169587201811886}, "datetime": {"datetime": "2021-09-23 12:57:41", "elapsed": 284.699651, "delta": 1.448629}}
{"target": -1.9517497077119637, "params": {"C": 165.28793276519616, "epsilon": 0.04614110003018989, "gamma": 0.04906482647169902, "lamda": 0.3755519893735416}, "datetime": {"datetime": "2021-09-23 12:57:42", "elapsed": 286.302635, "delta": 1.602984}}
{"target": -2.1864022835077734, "params": {"C": 56.14015704006978, "epsilon": 0.1921989913959652, "gamma": 0.10673281418462763, "lamda": 0.1833814136514287}, "datetime": {"datetime": "2021-09-23 12:57:44", "elapsed": 287.681132, "delta": 1.378497}}
{"target": -2.399420933776806, "params": {"C": 136.7699747456146, "epsilon": 0.10612768363093036, "gamma": 0.1411394120607639, "lamda": 0.2902668478148245}, "datetime": {"datetime": "2021-09-23 12:57:45", "elapsed": 288.66341, "delta": 0.982278}}
{"target": -2.0116157219056867, "params": {"C": 165.3920796157821, "epsilon": 0.09360545843440914, "gamma": 0.03901650696862093, "lamda": 0.4394456379880379}, "datetime": {"datetime": "2021-09-23 12:57:46", "elapsed": 289.644163, "delta": 0.980753}}
{"target": -2.2418564911917116, "params": {"C": 125.70014321646762, "epsilon": 0.09353941883366525, "gamma": 0.016285805888136412, "lamda": 0.3385877840349463}, "datetime": {"datetime": "2021-09-23 12:57:47", "elapsed": 290.60932, "delta": 0.965157}}
{"target": -2.0795232551269933, "params": {"C": 98.50778399759267, "epsilon": 0.0133829513511925, "gamma": 0.027179173870665797, "lamda": 0.0917512296197588}, "datetime": {"datetime": "2021-09-23 12:57:49", "elapsed": 292.625977, "delta": 2.016657}}
{"target": -2.008976168880962, "params": {"C": 188.0360675790792, "epsilon": 0.28060226296322655, "gamma": 0.05604271708582732, "lamda": 0.1792236229400636}, "datetime": {"datetime": "2021-09-23 12:57:50", "elapsed": 293.684095, "delta": 1.058118}}
{"target": -1.928097103645171, "params": {"C": 184.76973765556212, "epsilon": 0.30892266605251295, "gamma": 0.036882872294062945, "lamda": 0.058495837700518756}, "datetime": {"datetime": "2021-09-23 12:57:51", "elapsed": 295.092693, "delta": 1.408598}}
{"target": -2.0328375424906553, "params": {"C": 184.7715704785709, "epsilon": 0.32281161783937823, "gamma": 0.02566179511663865, "lamda": 0.10710672368836004}, "datetime": {"datetime": "2021-09-23 12:57:53", "elapsed": 296.725785, "delta": 1.633092}}
{"target": -2.3593910903669193, "params": {"C": 98.46068234440264, "epsilon": 0.07720480701661099, "gamma": 0.01, "lamda": 0.14455201650848823}, "datetime": {"datetime": "2021-09-23 12:57:55", "elapsed": 298.592128, "delta": 1.866343}}
{"target": -1.9410026452784421, "params": {"C": 184.86328826468983, "epsilon": 0.2830399388664824, "gamma": 0.054681345964931634, "lamda": 0.0771296481485284}, "datetime": {"datetime": "2021-09-23 12:57:56", "elapsed": 300.142295, "delta": 1.550167}}
{"target": -2.2089683858544977, "params": {"C": 115.97675714767749, "epsilon": 0.4938409917024414, "gamma": 0.05948980097983977, "lamda": 0.310710989408974}, "datetime": {"datetime": "2021-09-23 12:57:57", "elapsed": 301.164703, "delta": 1.022408}}
{"target": -2.0897223812664985, "params": {"C": 184.80350889344632, "epsilon": 0.29129712912891076, "gamma": 0.08264009131283344, "lamda": 0.07917408438148342}, "datetime": {"datetime": "2021-09-23 12:57:59", "elapsed": 302.912697, "delta": 1.747994}}
{"target": -2.1592607349765536, "params": {"C": 184.67873124244332, "epsilon": 0.3812772692913192, "gamma": 0.019212768684187163, "lamda": 0.13514153728022785}, "datetime": {"datetime": "2021-09-23 12:58:01", "elapsed": 304.717487, "delta": 1.80479}}
{"target": -1.9810146445871952, "params": {"C": 98.51310555589353, "epsilon": 0.04034791893682842, "gamma": 0.062200394690561406, "lamda": 0.205607137899665}, "datetime": {"datetime": "2021-09-23 12:58:03", "elapsed": 306.733642, "delta": 2.016155}}
{"target": -2.146391335508428, "params": {"C": 184.86378740590456, "epsilon": 0.31439298238013746, "gamma": 0.017716018672240975, "lamda": 0.03036922879323366}, "datetime": {"datetime": "2021-09-23 12:58:05", "elapsed": 308.786046, "delta": 2.052404}}
{"target": -2.1528284535424467, "params": {"C": 184.6977363159355, "epsilon": 0.34380513209565705, "gamma": 0.0876538840244423, "lamda": 0.029059246385480318}, "datetime": {"datetime": "2021-09-23 12:58:06", "elapsed": 310.348355, "delta": 1.562309}}
{"target": -2.298003348119469, "params": {"C": 163.73826249671987, "epsilon": 0.32862919105165683, "gamma": 0.011998566288741973, "lamda": 0.11385062714696331}, "datetime": {"datetime": "2021-09-23 12:58:08", "elapsed": 311.83103, "delta": 1.482675}}
{"target": -2.076320302268246, "params": {"C": 184.7223085044689, "epsilon": 0.29541387625507826, "gamma": 0.0224558184522421, "lamda": 0.06050837538745736}, "datetime": {"datetime": "2021-09-23 12:58:09", "elapsed": 313.493336, "delta": 1.662306}}
{"target": -2.2889068718965406, "params": {"C": 138.2521844843272, "epsilon": 0.3100056213315264, "gamma": 0.11290042997051362, "lamda": 0.012934367647633675}, "datetime": {"datetime": "2021-09-23 12:58:11", "elapsed": 314.639398, "delta": 1.146062}}
{"target": -2.306427207156821, "params": {"C": 70.61635981208872, "epsilon": 0.4519806442224165, "gamma": 0.025170165133984023, "lamda": 0.4202441205608789}, "datetime": {"datetime": "2021-09-23 12:58:12", "elapsed": 315.711216, "delta": 1.071818}}
{"target": -1.964061159076883, "params": {"C": 146.04680911170155, "epsilon": 0.285022506002449, "gamma": 0.06259023038500852, "lamda": 0.08722507926600508}, "datetime": {"datetime": "2021-09-23 12:58:13", "elapsed": 316.824268, "delta": 1.113052}}
{"target": -2.0958191259933163, "params": {"C": 163.7532165603476, "epsilon": 0.36948578630566553, "gamma": 0.07874411408813586, "lamda": 0.1311131279198013}, "datetime": {"datetime": "2021-09-23 12:58:15", "elapsed": 319.017057, "delta": 2.192789}}
{"target": -2.1517821462516427, "params": {"C": 165.28229549618715, "epsilon": 0.06343995909287085, "gamma": 0.019234855234881793, "lamda": 0.31061992117013876}, "datetime": {"datetime": "2021-09-23 12:58:17", "elapsed": 320.717033, "delta": 1.699976}}
{"target": -2.1350193001113285, "params": {"C": 187.96409149253032, "epsilon": 0.2564732196213259, "gamma": 0.08472943937551308, "lamda": 0.18558954114398893}, "datetime": {"datetime": "2021-09-23 12:58:18", "elapsed": 322.080454, "delta": 1.363421}}
{"target": -2.047911924100853, "params": {"C": 181.39544074585035, "epsilon": 0.43291558641111455, "gamma": 0.02440949686802448, "lamda": 0.031605866192856005}, "datetime": {"datetime": "2021-09-23 12:58:19", "elapsed": 323.312419, "delta": 1.231965}}
{"target": -2.1389635776150007, "params": {"C": 104.16574628782107, "epsilon": 0.007652870339180496, "gamma": 0.08166845674259358, "lamda": 0.4795429351183289}, "datetime": {"datetime": "2021-09-23 12:58:21", "elapsed": 324.61289, "delta": 1.300471}}
{"target": -2.2154064786875094, "params": {"C": 154.97635341227945, "epsilon": 0.2596570097825093, "gamma": 0.0964173137137199, "lamda": 0.2416274877719619}, "datetime": {"datetime": "2021-09-23 12:58:22", "elapsed": 325.966394, "delta": 1.353504}}
{"target": -2.0138948703357222, "params": {"C": 163.75816610848645, "epsilon": 0.18988089548696666, "gamma": 0.06488875207124685, "lamda": 0.05008938465630498}, "datetime": {"datetime": "2021-09-23 12:58:24", "elapsed": 328.065425, "delta": 2.099031}}
{"target": -1.976096989464389, "params": {"C": 163.64151079016946, "epsilon": 0.13104924313845204, "gamma": 0.034310246454977794, "lamda": 0.0689036478304129}, "datetime": {"datetime": "2021-09-23 12:58:26", "elapsed": 329.660433, "delta": 1.595008}}
{"target": -2.0438016947703908, "params": {"C": 184.76473129059153, "epsilon": 0.40030519551865745, "gamma": 0.07148399271679225, "lamda": 0.09015027933648029}, "datetime": {"datetime": "2021-09-23 12:58:28", "elapsed": 331.576391, "delta": 1.915958}}
{"target": -2.1483688499580453, "params": {"C": 163.64133473156537, "epsilon": 0.22890867632894948, "gamma": 0.01882209115388644, "lamda": 0.0691348739424643}, "datetime": {"datetime": "2021-09-23 12:58:29", "elapsed": 333.38339, "delta": 1.806999}}
{"target": -2.0397239373897667, "params": {"C": 163.84204310977378, "epsilon": 0.3354592596804009, "gamma": 0.0508323899549163, "lamda": 0.20739789664138913}, "datetime": {"datetime": "2021-09-23 12:58:31", "elapsed": 334.960962, "delta": 1.577572}}
{"target": -2.008304743334213, "params": {"C": 146.08403393218083, "epsilon": 0.183237521544113, "gamma": 0.06255455106597883, "lamda": 0.004992097890157908}, "datetime": {"datetime": "2021-09-23 12:58:33", "elapsed": 336.971494, "delta": 2.010532}}
{"target": -2.0069967184633213, "params": {"C": 146.21014411169165, "epsilon": 0.2104869738156683, "gamma": 0.06435577372632777, "lamda": 0.00705359317483048}, "datetime": {"datetime": "2021-09-23 12:58:35", "elapsed": 338.792476, "delta": 1.820982}}
{"target": -2.4533176297606034, "params": {"C": 129.39938723280892, "epsilon": 0.22790954815531209, "gamma": 0.12823814075944845, "lamda": 0.4569859939284951}, "datetime": {"datetime": "2021-09-23 12:58:36", "elapsed": 340.009449, "delta": 1.216973}}
{"target": -2.0288556261751984, "params": {"C": 127.88142918750357, "epsilon": 0.49781146018943273, "gamma": 0.06624197377887947, "lamda": 0.10415350481546423}, "datetime": {"datetime": "2021-09-23 12:58:37", "elapsed": 341.53845, "delta": 1.529001}}
{"target": -2.220730849370463, "params": {"C": 165.2516965807484, "epsilon": 0.029352519768612577, "gamma": 0.10083378746752802, "lamda": 0.355656449346915}, "datetime": {"datetime": "2021-09-23 12:58:40", "elapsed": 344.265448, "delta": 2.726998}}
{"target": -2.0530270417868555, "params": {"C": 165.27836219019002, "epsilon": 0.11553289044577066, "gamma": 0.029273617916849168, "lamda": 0.3754308395425406}, "datetime": {"datetime": "2021-09-23 12:58:42", "elapsed": 346.234978, "delta": 1.96953}}
{"target": -1.9345727949843352, "params": {"C": 184.85258123283714, "epsilon": 0.2144974486149925, "gamma": 0.037421269969773845, "lamda": 0.10055747169398226}, "datetime": {"datetime": "2021-09-23 12:58:44", "elapsed": 348.390006, "delta": 2.155028}}
{"target": -1.9777213536643543, "params": {"C": 163.7562858579842, "epsilon": 0.21782393037418257, "gamma": 0.03372131456045471, "lamda": 0.041461405144109086}, "datetime": {"datetime": "2021-09-23 12:58:46", "elapsed": 350.546175, "delta": 2.156169}}
{"target": -2.2043935334646143, "params": {"C": 69.35530256970235, "epsilon": 0.1908388618143777, "gamma": 0.09355402015171244, "lamda": 0.4167914157683386}, "datetime": {"datetime": "2021-09-23 12:58:48", "elapsed": 352.031501, "delta": 1.485326}}
{"target": -2.2225801982236417, "params": {"C": 100.329757953279, "epsilon": 0.29343395059243654, "gamma": 0.06400053539525861, "lamda": 0.4914337477264664}, "datetime": {"datetime": "2021-09-23 12:58:50", "elapsed": 353.656589, "delta": 1.625088}}
{"target": -2.1167177686656387, "params": {"C": 184.75449556620794, "epsilon": 0.241269770832855, "gamma": 0.0199764346826085, "lamda": 0.15971642716607443}, "datetime": {"datetime": "2021-09-23 12:58:52", "elapsed": 355.756559, "delta": 2.09997}}
{"target": -1.948382962967662, "params": {"C": 184.894099120058, "epsilon": 0.22679897683954167, "gamma": 0.05784188185562187, "lamda": 0.08214933858258928}, "datetime": {"datetime": "2021-09-23 12:58:54", "elapsed": 358.325107, "delta": 2.568548}}
{"target": -2.5467193661121974, "params": {"C": 144.56457160380847, "epsilon": 0.33490594905771714, "gamma": 0.1372598595827364, "lamda": 0.47549877188240336}, "datetime": {"datetime": "2021-09-23 12:58:56", "elapsed": 359.988392, "delta": 1.663285}}
