{"target": 0.9139434797960054, "params": {"C": 195.03647413417647, "epsilon": 0.5254247801569722, "gamma": 0.08, "lamda": 0.048341777593832534}, "datetime": {"datetime": "2021-09-23 09:28:51", "elapsed": 152.087756, "delta": 1.261762}}
{"target": 0.8798660564430629, "params": {"C": 172.61585961426854, "epsilon": 0.8811063944752773, "gamma": 0.19452190908509964, "lamda": 0.08158541704820618}, "datetime": {"datetime": "2021-09-23 09:28:51", "elapsed": 152.934269, "delta": 0.846513}}
{"target": 0.8828641996907343, "params": {"C": 195.00518698536214, "epsilon": 0.5203282094019432, "gamma": 0.18947061607834315, "lamda": 0.07718558085719503}, "datetime": {"datetime": "2021-09-23 09:28:53", "elapsed": 154.361154, "delta": 1.426885}}
{"target": 0.902939128142098, "params": {"C": 196.17994785946036, "epsilon": 0.33401673848156543, "gamma": 0.12588707607582744, "lamda": 0.07388460731931137}, "datetime": {"datetime": "2021-09-23 09:28:54", "elapsed": 155.1979, "delta": 0.836746}}
{"target": 0.9064137306421312, "params": {"C": 180.82427426959276, "epsilon": 0.9029758496113561, "gamma": 0.11283899213738399, "lamda": 0.04525392414416957}, "datetime": {"datetime": "2021-09-23 09:28:54", "elapsed": 156.056238, "delta": 0.858338}}
{"target": 0.9022859839274124, "params": {"C": 181.08917898003142, "epsilon": 0.7713128169347315, "gamma": 0.12602258929173238, "lamda": 0.07309533368544549}, "datetime": {"datetime": "2021-09-23 09:28:55", "elapsed": 156.930978, "delta": 0.87474}}
{"target": 0.9122059533681096, "params": {"C": 175.74897693003558, "epsilon": 0.37115977972652753, "gamma": 0.08, "lamda": 0.1}, "datetime": {"datetime": "2021-09-23 09:28:57", "elapsed": 158.566317, "delta": 1.635339}}
{"target": 0.9044059527441152, "params": {"C": 166.168566577629, "epsilon": 0.13080834631528587, "gamma": 0.11647899393337653, "lamda": 0.059128127145240364}, "datetime": {"datetime": "2021-09-23 09:28:58", "elapsed": 159.509422, "delta": 0.943105}}
{"target": 0.9089422549802292, "params": {"C": 195.15413720909592, "epsilon": 0.6154083561489566, "gamma": 0.10333970236793802, "lamda": 0.07574818291477288}, "datetime": {"datetime": "2021-09-23 09:28:59", "elapsed": 160.719409, "delta": 1.209987}}
{"target": 0.9094036186320174, "params": {"C": 167.0066966157561, "epsilon": 0.6385412787033118, "gamma": 0.08, "lamda": 0.1}, "datetime": {"datetime": "2021-09-23 09:29:01", "elapsed": 162.187026, "delta": 1.467617}}
{"target": 0.9087054348080612, "params": {"C": 194.99932642299018, "epsilon": 0.6730377503268801, "gamma": 0.09539058880311638, "lamda": 0.09912522840113354}, "datetime": {"datetime": "2021-09-23 09:29:02", "elapsed": 163.46461, "delta": 1.277584}}
{"target": 0.9139047837712317, "params": {"C": 188.51028738228334, "epsilon": 0.4566313131559393, "gamma": 0.08466067877233736, "lamda": 0.050034933152393865}, "datetime": {"datetime": "2021-09-23 09:29:04", "elapsed": 165.160078, "delta": 1.695468}}
{"target": 0.913663019237738, "params": {"C": 187.38219993648957, "epsilon": 0.5857042041336634, "gamma": 0.08, "lamda": 0.045}, "datetime": {"datetime": "2021-09-23 09:29:05", "elapsed": 166.594843, "delta": 1.434765}}
{"target": 0.9128232920776729, "params": {"C": 194.86701946285035, "epsilon": 0.7243002679604871, "gamma": 0.08, "lamda": 0.045}, "datetime": {"datetime": "2021-09-23 09:29:07", "elapsed": 168.487732, "delta": 1.892889}}
{"target": 0.8976065983216398, "params": {"C": 169.58154914843476, "epsilon": 0.8650380763559703, "gamma": 0.13982153881640977, "lamda": 0.07508963016559868}, "datetime": {"datetime": "2021-09-23 09:29:08", "elapsed": 169.378694, "delta": 0.890962}}
{"target": 0.8800923183754144, "params": {"C": 191.54942518712278, "epsilon": 0.43368844799135303, "gamma": 0.19850777446257367, "lamda": 0.09189781856882248}, "datetime": {"datetime": "2021-09-23 09:29:09", "elapsed": 170.242728, "delta": 0.864034}}
{"target": 0.9108604411827013, "params": {"C": 194.7611416944058, "epsilon": 0.6344689940609506, "gamma": 0.0860212928776337, "lamda": 0.0856370872819879}, "datetime": {"datetime": "2021-09-23 09:29:10", "elapsed": 171.594283, "delta": 1.351555}}
{"target": 0.8904391426810282, "params": {"C": 184.87354904625425, "epsilon": 0.8125311661421398, "gamma": 0.16155785673171902, "lamda": 0.0849854765274532}, "datetime": {"datetime": "2021-09-23 09:29:11", "elapsed": 172.566928, "delta": 0.972645}}
{"target": 0.8869564383538848, "params": {"C": 194.7908328699812, "epsilon": 0.7361786845537919, "gamma": 0.17361431784407436, "lamda": 0.08735871547271361}, "datetime": {"datetime": "2021-09-23 09:29:13", "elapsed": 174.210518, "delta": 1.64359}}
{"target": 0.9111527246946907, "params": {"C": 194.7143690600167, "epsilon": 0.507316385353828, "gamma": 0.09541565295912768, "lamda": 0.0695843926580936}, "datetime": {"datetime": "2021-09-23 09:29:14", "elapsed": 175.739987, "delta": 1.529469}}
{"target": 0.9128791659421289, "params": {"C": 195.20206869464653, "epsilon": 0.42749788518841436, "gamma": 0.09122151662584901, "lamda": 0.05246108418042099}, "datetime": {"datetime": "2021-09-23 09:29:16", "elapsed": 177.43547, "delta": 1.695483}}
{"target": 0.8842503446240926, "params": {"C": 152.7866326996221, "epsilon": 0.5106359171285951, "gamma": 0.18164783426133224, "lamda": 0.059261540171687804}, "datetime": {"datetime": "2021-09-23 09:29:17", "elapsed": 178.360309, "delta": 0.924839}}
{"target": 0.9110468678896013, "params": {"C": 195.25565734744367, "epsilon": 0.5169648052732638, "gamma": 0.09259420859715402, "lamda": 0.08808661681259747}, "datetime": {"datetime": "2021-09-23 09:29:18", "elapsed": 180.028799, "delta": 1.66849}}
{"target": 0.8959769904605506, "params": {"C": 195.3298435781418, "epsilon": 0.4112717779165437, "gamma": 0.14643437095127793, "lamda": 0.06907829260934968}, "datetime": {"datetime": "2021-09-23 09:29:20", "elapsed": 181.474039, "delta": 1.44524}}
{"target": 0.9124446312377626, "params": {"C": 195.07989692456084, "epsilon": 0.3768594790517369, "gamma": 0.09297103008329345, "lamda": 0.06820965086653784}, "datetime": {"datetime": "2021-09-23 09:29:21", "elapsed": 182.767552, "delta": 1.293513}}
{"target": 0.9108482082461803, "params": {"C": 195.1613605614949, "epsilon": 0.5208874580709679, "gamma": 0.09997466447483017, "lamda": 0.04898083673964963}, "datetime": {"datetime": "2021-09-23 09:29:23", "elapsed": 184.109923, "delta": 1.342371}}
{"target": 0.9142225533162323, "params": {"C": 174.91977313669233, "epsilon": 0.22639931079622436, "gamma": 0.08584415914436397, "lamda": 0.08163650343597344}, "datetime": {"datetime": "2021-09-23 09:29:23", "elapsed": 185.060895, "delta": 0.950972}}
{"target": 0.914144514747979, "params": {"C": 175.23338107215588, "epsilon": 0.18626428740447212, "gamma": 0.08538783361840264, "lamda": 0.07599720888467788}, "datetime": {"datetime": "2021-09-23 09:29:24", "elapsed": 186.025617, "delta": 0.964722}}
{"target": 0.9116498585086169, "params": {"C": 195.08635276539133, "epsilon": 0.2635274538053855, "gamma": 0.09765288326989298, "lamda": 0.05581634598345221}, "datetime": {"datetime": "2021-09-23 09:29:26", "elapsed": 187.770877, "delta": 1.74526}}
{"target": 0.9051655565961334, "params": {"C": 196.01202252635974, "epsilon": 0.5607648511027321, "gamma": 0.11946518607356629, "lamda": 0.06136443950200918}, "datetime": {"datetime": "2021-09-23 09:29:27", "elapsed": 188.661842, "delta": 0.890965}}
{"target": 0.9126657504446921, "params": {"C": 194.5544136319685, "epsilon": 0.5363585803283787, "gamma": 0.08205023189247851, "lamda": 0.0666597403849759}, "datetime": {"datetime": "2021-09-23 09:29:29", "elapsed": 190.082866, "delta": 1.421024}}
{"target": 0.8885837304274604, "params": {"C": 194.57952939525507, "epsilon": 0.4589847730022773, "gamma": 0.17042219188596677, "lamda": 0.07394863403795134}, "datetime": {"datetime": "2021-09-23 09:29:30", "elapsed": 191.528355, "delta": 1.445489}}
{"target": 0.8994852926354902, "params": {"C": 194.5996240955464, "epsilon": 0.6610402892789069, "gamma": 0.13524075035089977, "lamda": 0.09216086164620742}, "datetime": {"datetime": "2021-09-23 09:29:32", "elapsed": 193.499755, "delta": 1.9714}}
{"target": 0.9105580353039213, "params": {"C": 194.9810301320405, "epsilon": 0.7941579397123297, "gamma": 0.08391200991286184, "lamda": 0.07365316706198745}, "datetime": {"datetime": "2021-09-23 09:29:33", "elapsed": 195.076246, "delta": 1.576491}}
{"target": 0.9027846868365971, "params": {"C": 190.45781648721862, "epsilon": 0.23582817402709716, "gamma": 0.12639665191056593, "lamda": 0.09923130805960456}, "datetime": {"datetime": "2021-09-23 09:29:35", "elapsed": 196.115302, "delta": 1.039056}}
{"target": 0.9148773578790315, "params": {"C": 195.18583517266893, "epsilon": 0.31863937141687704, "gamma": 0.08215180589770323, "lamda": 0.04977846027127496}, "datetime": {"datetime": "2021-09-23 09:29:36", "elapsed": 197.961525, "delta": 1.846223}}
{"target": 0.8962395047822705, "params": {"C": 195.187506187706, "epsilon": 0.1732148840626375, "gamma": 0.13964089008123043, "lamda": 0.07185197841094468}, "datetime": {"datetime": "2021-09-23 09:29:38", "elapsed": 199.276742, "delta": 1.315217}}
{"target": 0.9112337246223063, "params": {"C": 195.304532170583, "epsilon": 0.6328768794622855, "gamma": 0.09445554303109104, "lamda": 0.05557501625627609}, "datetime": {"datetime": "2021-09-23 09:29:39", "elapsed": 200.685866, "delta": 1.409124}}
{"target": 0.8994548007409641, "params": {"C": 195.23539061944678, "epsilon": 0.7682337807943417, "gamma": 0.1337847396310036, "lamda": 0.08429870341135581}, "datetime": {"datetime": "2021-09-23 09:29:41", "elapsed": 202.68981, "delta": 2.003944}}
{"target": 0.8877457402210102, "params": {"C": 195.1525240969316, "epsilon": 0.33782373857224085, "gamma": 0.1694285720969285, "lamda": 0.06827666816629371}, "datetime": {"datetime": "2021-09-23 09:29:43", "elapsed": 204.141175, "delta": 1.451365}}
{"target": 0.9137920929473906, "params": {"C": 194.44878897535867, "epsilon": 0.581623762839115, "gamma": 0.08, "lamda": 0.045}, "datetime": {"datetime": "2021-09-23 09:29:44", "elapsed": 205.666467, "delta": 1.525292}}
{"target": 0.9134598340363473, "params": {"C": 194.91912564649527, "epsilon": 0.28188843757685045, "gamma": 0.08820739866185748, "lamda": 0.08268111682357128}, "datetime": {"datetime": "2021-09-23 09:29:46", "elapsed": 207.266099, "delta": 1.599632}}
{"target": 0.8886296097905572, "params": {"C": 179.41739482810905, "epsilon": 0.6196304924052002, "gamma": 0.16820036854615456, "lamda": 0.046095810051118284}, "datetime": {"datetime": "2021-09-23 09:29:47", "elapsed": 208.244312, "delta": 0.978213}}
{"target": 0.9071471450488482, "params": {"C": 156.8721199373629, "epsilon": 0.9038650572709301, "gamma": 0.09300299868627203, "lamda": 0.08349486916669172}, "datetime": {"datetime": "2021-09-23 09:29:48", "elapsed": 209.266482, "delta": 1.02217}}
{"target": 0.9125949511756728, "params": {"C": 194.8689377978292, "epsilon": 0.1526324929189771, "gamma": 0.08636331859548096, "lamda": 0.05960631653400269}, "datetime": {"datetime": "2021-09-23 09:29:49", "elapsed": 210.977944, "delta": 1.711462}}
{"target": 0.87916577889145, "params": {"C": 194.89948939247364, "epsilon": 0.24342635420284658, "gamma": 0.18932326607848265, "lamda": 0.047604740795634995}, "datetime": {"datetime": "2021-09-23 09:29:51", "elapsed": 212.734084, "delta": 1.75614}}
{"target": 0.9132258662199031, "params": {"C": 195.00214223608165, "epsilon": 0.3176627727105502, "gamma": 0.08, "lamda": 0.1}, "datetime": {"datetime": "2021-09-23 09:29:53", "elapsed": 214.505694, "delta": 1.77161}}
{"target": 0.9114028941918496, "params": {"C": 194.83131463749478, "epsilon": 0.527573098191658, "gamma": 0.09745022186892764, "lamda": 0.04829223549327052}, "datetime": {"datetime": "2021-09-23 09:29:55", "elapsed": 216.31319, "delta": 1.807496}}
{"target": 0.9110037227840116, "params": {"C": 193.79848024861678, "epsilon": 0.8656967351196462, "gamma": 0.09235099731544956, "lamda": 0.0478102214367397}, "datetime": {"datetime": "2021-09-23 09:29:56", "elapsed": 217.415815, "delta": 1.102625}}
{"target": 0.8902791296964317, "params": {"C": 168.05524876260702, "epsilon": 0.014319073083850331, "gamma": 0.14143010577936593, "lamda": 0.0889396685000135}, "datetime": {"datetime": "2021-09-23 09:29:57", "elapsed": 218.612954, "delta": 1.197139}}
{"target": 0.8937615380369414, "params": {"C": 184.99211780409314, "epsilon": 0.5188323702860256, "gamma": 0.1540719831831885, "lamda": 0.06709434361846062}, "datetime": {"datetime": "2021-09-23 09:29:58", "elapsed": 219.628202, "delta": 1.015248}}
{"target": 0.9136537859876991, "params": {"C": 194.9116450104595, "epsilon": 0.39174001720343987, "gamma": 0.0886373688271393, "lamda": 0.05014605081589146}, "datetime": {"datetime": "2021-09-23 09:30:00", "elapsed": 221.681162, "delta": 2.05296}}
{"target": 0.9090683306624652, "params": {"C": 194.75173112997817, "epsilon": 0.10058456817217862, "gamma": 0.08418968170215929, "lamda": 0.05417714681460818}, "datetime": {"datetime": "2021-09-23 09:30:02", "elapsed": 223.390204, "delta": 1.709042}}
{"target": 0.8994425284852053, "params": {"C": 194.86466603283918, "epsilon": 0.014769780946614929, "gamma": 0.11354153304831328, "lamda": 0.06157475802165062}, "datetime": {"datetime": "2021-09-23 09:30:04", "elapsed": 225.25182, "delta": 1.861616}}
{"target": 0.9143111989689222, "params": {"C": 194.76229391160538, "epsilon": 0.2277606043880569, "gamma": 0.08352629657021605, "lamda": 0.09584551200983968}, "datetime": {"datetime": "2021-09-23 09:30:05", "elapsed": 226.856334, "delta": 1.604514}}
{"target": 0.9098396308685006, "params": {"C": 194.76923117040863, "epsilon": 0.36942447528121114, "gamma": 0.10207173003900466, "lamda": 0.09516749526527549}, "datetime": {"datetime": "2021-09-23 09:30:07", "elapsed": 228.422512, "delta": 1.566178}}
{"target": 0.9028730039525519, "params": {"C": 193.92485625226095, "epsilon": 0.9046414183997652, "gamma": 0.12397063220667484, "lamda": 0.06263225915646078}, "datetime": {"datetime": "2021-09-23 09:30:09", "elapsed": 230.319067, "delta": 1.896555}}
{"target": 0.9077450436434302, "params": {"C": 194.39364243424077, "epsilon": 0.6874432541287931, "gamma": 0.10650741345184925, "lamda": 0.07693650069537747}, "datetime": {"datetime": "2021-09-23 09:30:10", "elapsed": 231.967803, "delta": 1.648736}}
{"target": 0.8852710362013678, "params": {"C": 176.4664624109363, "epsilon": 0.45527382486404167, "gamma": 0.18134697779381298, "lamda": 0.08686849693834263}, "datetime": {"datetime": "2021-09-23 09:30:11", "elapsed": 233.02724, "delta": 1.059437}}
{"target": 0.9000656089931887, "params": {"C": 194.34331541837966, "epsilon": 0.49745215319082603, "gamma": 0.1338029792387166, "lamda": 0.05304904597516348}, "datetime": {"datetime": "2021-09-23 09:30:13", "elapsed": 234.647357, "delta": 1.620117}}
{"target": 0.9069796053226196, "params": {"C": 193.7334894152929, "epsilon": 0.9670209320572131, "gamma": 0.10302753999682412, "lamda": 0.07061273954877997}, "datetime": {"datetime": "2021-09-23 09:30:15", "elapsed": 236.590528, "delta": 1.943171}}
{"target": 0.895769016576337, "params": {"C": 193.73801347998327, "epsilon": 0.7638515837220939, "gamma": 0.14615468355792502, "lamda": 0.08375389876546563}, "datetime": {"datetime": "2021-09-23 09:30:17", "elapsed": 238.339005, "delta": 1.748477}}
{"target": 0.9076191625059846, "params": {"C": 174.54662759424392, "epsilon": 0.8315250237588689, "gamma": 0.08, "lamda": 0.1}, "datetime": {"datetime": "2021-09-23 09:30:19", "elapsed": 240.312501, "delta": 1.973496}}
{"target": 0.9086810433402078, "params": {"C": 182.57180926390683, "epsilon": 0.5739939810117759, "gamma": 0.10476667114192745, "lamda": 0.07332993556523375}, "datetime": {"datetime": "2021-09-23 09:30:20", "elapsed": 241.99827, "delta": 1.685769}}
{"target": 0.8941225169087162, "params": {"C": 156.4517675232341, "epsilon": 0.38105816222958583, "gamma": 0.1516177315586107, "lamda": 0.08317784285018134}, "datetime": {"datetime": "2021-09-23 09:30:21", "elapsed": 243.066876, "delta": 1.068606}}
{"target": 0.9022124880678721, "params": {"C": 166.77658598442633, "epsilon": 0.5864539411660202, "gamma": 0.12628617319593596, "lamda": 0.09003147934049358}, "datetime": {"datetime": "2021-09-23 09:30:23", "elapsed": 244.175219, "delta": 1.108343}}
{"target": 0.9150599454194936, "params": {"C": 194.99335935271066, "epsilon": 0.1756275139218797, "gamma": 0.08, "lamda": 0.1}, "datetime": {"datetime": "2021-09-23 09:30:24", "elapsed": 246.052019, "delta": 1.8768}}
{"target": 0.8808131760001052, "params": {"C": 182.63129530827308, "epsilon": 0.4316739296469319, "gamma": 0.19617690763508483, "lamda": 0.09545498715247971}, "datetime": {"datetime": "2021-09-23 09:30:26", "elapsed": 248.017402, "delta": 1.965383}}
{"target": 0.882318889948219, "params": {"C": 181.52152386793614, "epsilon": 0.6694810483139467, "gamma": 0.1890798796423455, "lamda": 0.08856833464696526}, "datetime": {"datetime": "2021-09-23 09:30:27", "elapsed": 249.049351, "delta": 1.031949}}
{"target": 0.9073698379105917, "params": {"C": 182.4108305981359, "epsilon": 0.5510626744155191, "gamma": 0.11145105228187979, "lamda": 0.05746249618535696}, "datetime": {"datetime": "2021-09-23 09:30:29", "elapsed": 250.928078, "delta": 1.878727}}
{"target": 0.9096156385376225, "params": {"C": 194.6283429273036, "epsilon": 0.1742035185849367, "gamma": 0.10465405922921002, "lamda": 0.08358360771683779}, "datetime": {"datetime": "2021-09-23 09:30:32", "elapsed": 253.20527, "delta": 2.277192}}
{"target": 0.9051082850598153, "params": {"C": 167.65786658946257, "epsilon": 0.19316682045124414, "gamma": 0.11763151994657825, "lamda": 0.07567185093088426}, "datetime": {"datetime": "2021-09-23 09:30:33", "elapsed": 254.364965, "delta": 1.159695}}
{"target": 0.8816494593862205, "params": {"C": 160.46682415444573, "epsilon": 0.6596886575327346, "gamma": 0.1921172648730548, "lamda": 0.055641414120168486}, "datetime": {"datetime": "2021-09-23 09:30:34", "elapsed": 255.491374, "delta": 1.126409}}
{"target": 0.9085999840273785, "params": {"C": 182.48863883173215, "epsilon": 0.7163181079454779, "gamma": 0.09757135775715138, "lamda": 0.08527219210238918}, "datetime": {"datetime": "2021-09-23 09:30:36", "elapsed": 257.434001, "delta": 1.942627}}
{"target": 0.9095499954268803, "params": {"C": 182.64808005878, "epsilon": 0.7002273851594571, "gamma": 0.09332034920255539, "lamda": 0.0809892261870499}, "datetime": {"datetime": "2021-09-23 09:30:38", "elapsed": 259.736918, "delta": 2.302917}}
{"target": 0.9124663045052258, "params": {"C": 182.379855497223, "epsilon": 0.38539348885257874, "gamma": 0.09429258139816057, "lamda": 0.04698323920164035}, "datetime": {"datetime": "2021-09-23 09:30:40", "elapsed": 262.04394, "delta": 2.307022}}
{"target": 0.8800914238095303, "params": {"C": 182.3783010486439, "epsilon": 0.4409581686892744, "gamma": 0.1984797488219684, "lamda": 0.0886738819342959}, "datetime": {"datetime": "2021-09-23 09:30:42", "elapsed": 263.966837, "delta": 1.922897}}
{"target": 0.9054421902962819, "params": {"C": 182.63601758809955, "epsilon": 0.8427391916721136, "gamma": 0.1151775001163895, "lamda": 0.06043016743444864}, "datetime": {"datetime": "2021-09-23 09:30:44", "elapsed": 265.877904, "delta": 1.911067}}
{"target": 0.9115190680454278, "params": {"C": 195.47032991253457, "epsilon": 0.5972731474302134, "gamma": 0.08250219058441731, "lamda": 0.08161422153086673}, "datetime": {"datetime": "2021-09-23 09:30:46", "elapsed": 267.67902, "delta": 1.801116}}
{"target": 0.8804281628792716, "params": {"C": 195.46871530722188, "epsilon": 0.6616261972097587, "gamma": 0.19589038431708072, "lamda": 0.08111434233033327}, "datetime": {"datetime": "2021-09-23 09:30:48", "elapsed": 269.901302, "delta": 2.222282}}
{"target": 0.9122566642768939, "params": {"C": 195.53372842202614, "epsilon": 0.49446348783092037, "gamma": 0.08, "lamda": 0.08544952327808893}, "datetime": {"datetime": "2021-09-23 09:30:50", "elapsed": 271.694932, "delta": 1.79363}}
{"target": 0.9147482738480268, "params": {"C": 195.00416541350802, "epsilon": 0.42544343331811674, "gamma": 0.08, "lamda": 0.045}, "datetime": {"datetime": "2021-09-23 09:30:52", "elapsed": 273.813664, "delta": 2.118732}}
{"target": 0.9106273937275057, "params": {"C": 195.656276539166, "epsilon": 0.4280771409335294, "gamma": 0.09780069149470648, "lamda": 0.08877908780493551}, "datetime": {"datetime": "2021-09-23 09:30:54", "elapsed": 275.91188, "delta": 2.098216}}
{"target": 0.9079953428887082, "params": {"C": 195.54285227410048, "epsilon": 0.3451443949185044, "gamma": 0.10973590664388365, "lamda": 0.05172362519087105}, "datetime": {"datetime": "2021-09-23 09:30:57", "elapsed": 278.118732, "delta": 2.206852}}
{"target": 0.9071673815607173, "params": {"C": 195.66529072818298, "epsilon": 0.5541041698370908, "gamma": 0.10887017213536432, "lamda": 0.09910125995252998}, "datetime": {"datetime": "2021-09-23 09:30:58", "elapsed": 279.924039, "delta": 1.805307}}
{"target": 0.8940489757519783, "params": {"C": 188.5660321633373, "epsilon": 0.021731197410042098, "gamma": 0.05105821055917576, "lamda": 0.08618421353962366}, "datetime": {"datetime": "2021-09-23 09:41:12", "elapsed": 0.0, "delta": 0.0}}
{"target": 0.8560752352810568, "params": {"C": 174.92535061512953, "epsilon": 0.2255718488853168, "gamma": 0.016646966316010297, "lamda": 0.08682918917094273}, "datetime": {"datetime": "2021-09-23 09:41:12", "elapsed": 0.284806, "delta": 0.284806}}
{"target": 0.8985652538648085, "params": {"C": 158.45554182812677, "epsilon": 0.08925147435983626, "gamma": 0.05514342565105598, "lamda": 0.09743663404072152}, "datetime": {"datetime": "2021-09-23 09:41:12", "elapsed": 0.65864, "delta": 0.373834}}
{"target": 0.8836699222487248, "params": {"C": 161.50163154679095, "epsilon": 0.19086524025711354, "gamma": 0.038042238063578884, "lamda": 0.05229744769988137}, "datetime": {"datetime": "2021-09-23 09:41:13", "elapsed": 1.065082, "delta": 0.406442}}
