{"target": -2.180630764427755, "params": {"C": 70.023230075977, "epsilon": 0.10323346111022311, "gamma": 0.08968950904163901, "lamda": 0.6091222646123772}, "datetime": {"datetime": "2021-09-23 12:34:08", "elapsed": 330.29785, "delta": 1.995822}}
{"target": -5.1189895612463285, "params": {"C": 6.517532745251712, "epsilon": 0.5106359171285951, "gamma": 0.8472182202255909, "lamda": 0.26004142966392946}, "datetime": {"datetime": "2021-09-23 12:34:09", "elapsed": 331.376693, "delta": 1.078843}}
{"target": -2.2093626848501278, "params": {"C": 48.67484261116578, "epsilon": 0.060509199886981016, "gamma": 0.02407345286118576, "lamda": 0.19844511579022533}, "datetime": {"datetime": "2021-09-23 12:34:11", "elapsed": 333.319536, "delta": 1.942843}}
{"target": -3.0111308363354095, "params": {"C": 85.23468552909321, "epsilon": 0.5253898511341137, "gamma": 0.3334589503230076, "lamda": 0.0053254969739912885}, "datetime": {"datetime": "2021-09-23 12:34:13", "elapsed": 334.516536, "delta": 1.197}}
{"target": -3.379176205360361, "params": {"C": 48.19907320342198, "epsilon": 0.9280743686033205, "gamma": 0.001, "lamda": 0.001}, "datetime": {"datetime": "2021-09-23 12:34:15", "elapsed": 336.683534, "delta": 2.166998}}
{"target": -3.539147682764759, "params": {"C": 69.78791914242088, "epsilon": 0.20136801276347363, "gamma": 0.001, "lamda": 0.6599580051440782}, "datetime": {"datetime": "2021-09-23 12:34:16", "elapsed": 338.204536, "delta": 1.521002}}
{"target": -3.381496187311415, "params": {"C": 42.5586282261898, "epsilon": 0.08716017195140909, "gamma": 0.4592845693495751, "lamda": 0.3154375412364528}, "datetime": {"datetime": "2021-09-23 12:34:18", "elapsed": 339.452535, "delta": 1.247999}}
{"target": -2.1415223421979506, "params": {"C": 50.96209452286863, "epsilon": 0.18626428740447212, "gamma": 0.04585371487320198, "lamda": 0.5640220304689673}, "datetime": {"datetime": "2021-09-23 12:34:19", "elapsed": 340.857065, "delta": 1.40453}}
{"target": -2.813719662987931, "params": {"C": 51.0038099109273, "epsilon": 0.43188203868851477, "gamma": 0.1797002489223328, "lamda": 0.6071953917625985}, "datetime": {"datetime": "2021-09-23 12:34:21", "elapsed": 343.123594, "delta": 2.266529}}
{"target": -3.1503817076571075, "params": {"C": 92.10380460219228, "epsilon": 0.5607648511027321, "gamma": 0.3295476740624393, "lamda": 0.2982377284092213}, "datetime": {"datetime": "2021-09-23 12:34:23", "elapsed": 344.653598, "delta": 1.530004}}
{"target": -2.243277928575932, "params": {"C": 50.61995988665779, "epsilon": 0.29149784991216154, "gamma": 0.053688053989857466, "lamda": 0.5993427513217564}, "datetime": {"datetime": "2021-09-23 12:34:25", "elapsed": 346.644617, "delta": 1.991019}}
{"target": -2.7271180108736495, "params": {"C": 50.53556176835485, "epsilon": 0.10172465315498773, "gamma": 0.00421447082986262, "lamda": 0.6982336328482169}, "datetime": {"datetime": "2021-09-23 12:34:27", "elapsed": 348.436601, "delta": 1.791984}}
{"target": -2.2705686770418336, "params": {"C": 50.833407176322844, "epsilon": 0.4276396950327923, "gamma": 0.025355304912345677, "lamda": 0.3357044707720763}, "datetime": {"datetime": "2021-09-23 12:34:29", "elapsed": 350.651604, "delta": 2.215003}}
{"target": -2.1628819076054198, "params": {"C": 50.817815302115434, "epsilon": 0.24232393627015733, "gamma": 0.07981086850589074, "lamda": 0.38922461127665914}, "datetime": {"datetime": "2021-09-23 12:34:31", "elapsed": 352.670587, "delta": 2.018983}}
{"target": -3.594270549883661, "params": {"C": 44.54465971746714, "epsilon": 0.9876696407028837, "gamma": 0.3541450798489995, "lamda": 0.5175296801662188}, "datetime": {"datetime": "2021-09-23 12:34:32", "elapsed": 353.794151, "delta": 1.123564}}
{"target": -2.688819342044372, "params": {"C": 50.626843113290974, "epsilon": 0.25387701695400017, "gamma": 0.2087100207312071, "lamda": 0.41901666560559486}, "datetime": {"datetime": "2021-09-23 12:34:34", "elapsed": 355.494887, "delta": 1.700736}}
{"target": -2.4210342898951946, "params": {"C": 50.67531949542426, "epsilon": 0.6262264622785716, "gamma": 0.06731789867766941, "lamda": 0.5069589450455834}, "datetime": {"datetime": "2021-09-23 12:34:36", "elapsed": 357.408248, "delta": 1.913361}}
{"target": -2.6619309557352593, "params": {"C": 48.81201885321917, "epsilon": 0.5450479630419467, "gamma": 0.07250185876550815, "lamda": 0.9705945527514106}, "datetime": {"datetime": "2021-09-23 12:34:37", "elapsed": 359.283463, "delta": 1.875215}}
{"target": -2.999460864996282, "params": {"C": 99.4338773617655, "epsilon": 0.8807492450674576, "gamma": 0.22242342212126787, "lamda": 0.3690793972865804}, "datetime": {"datetime": "2021-09-23 12:34:38", "elapsed": 360.375463, "delta": 1.092}}
{"target": -2.554709707267735, "params": {"C": 71.08214034109585, "epsilon": 0.19840706701502353, "gamma": 0.004309943659975212, "lamda": 0.03797579189210433}, "datetime": {"datetime": "2021-09-23 12:34:41", "elapsed": 362.784401, "delta": 2.408938}}
{"target": -3.0962294798324774, "params": {"C": 70.28626945709793, "epsilon": 0.35832565437932296, "gamma": 0.0029109002039124305, "lamda": 0.5652293771390173}, "datetime": {"datetime": "2021-09-23 12:34:43", "elapsed": 365.017945, "delta": 2.233544}}
{"target": -2.020377338832432, "params": {"C": 50.831934549467796, "epsilon": 0.10337618913722177, "gamma": 0.058347065237721756, "lamda": 0.02290366576666317}, "datetime": {"datetime": "2021-09-23 12:34:46", "elapsed": 367.521943, "delta": 2.503998}}
{"target": -4.044895153271555, "params": {"C": 59.24644175965593, "epsilon": 0.6196304924052002, "gamma": 0.7352680681467366, "lamda": 0.020903895292130284}, "datetime": {"datetime": "2021-09-23 12:34:47", "elapsed": 368.614943, "delta": 1.093}}
{"target": -2.8196479173702103, "params": {"C": 50.743925849852985, "epsilon": 0.16183226313991114, "gamma": 0.28233786838470226, "lamda": 0.013795415996054227}, "datetime": {"datetime": "2021-09-23 12:34:49", "elapsed": 371.112902, "delta": 2.497959}}
{"target": -2.504698877434881, "params": {"C": 91.60513970811627, "epsilon": 0.9425740112861025, "gamma": 0.1734892304600054, "lamda": 0.010145102816264052}, "datetime": {"datetime": "2021-09-23 12:34:50", "elapsed": 372.366058, "delta": 1.253156}}
{"target": -2.1926309221518694, "params": {"C": 50.798843337580344, "epsilon": 0.3456101695673586, "gamma": 0.11269532391648462, "lamda": 0.034302763699576085}, "datetime": {"datetime": "2021-09-23 12:34:53", "elapsed": 374.744666, "delta": 2.378608}}
{"target": -2.0312962266070245, "params": {"C": 50.872346509604206, "epsilon": 0.13448877224759467, "gamma": 0.058980580462835955, "lamda": 0.21833926547006238}, "datetime": {"datetime": "2021-09-23 12:34:55", "elapsed": 376.696056, "delta": 1.95139}}
{"target": -2.5073555447302573, "params": {"C": 70.07923217495856, "epsilon": 0.004968614263053078, "gamma": 0.16616486125558327, "lamda": 0.46114993852010505}, "datetime": {"datetime": "2021-09-23 12:34:57", "elapsed": 378.626544, "delta": 1.930488}}
{"target": -2.1844094769866795, "params": {"C": 87.72099089226123, "epsilon": 0.8656967351196462, "gamma": 0.10382205265111756, "lamda": 0.05204384027823565}, "datetime": {"datetime": "2021-09-23 12:34:58", "elapsed": 379.949212, "delta": 1.322668}}
{"target": -3.602960666209276, "params": {"C": 36.749392549961904, "epsilon": 0.014319073083850331, "gamma": 0.5124056306132214, "lamda": 0.7991041605729726}, "datetime": {"datetime": "2021-09-23 12:34:59", "elapsed": 381.231805, "delta": 1.282593}}
{"target": -4.011600504652568, "params": {"C": 70.28439325210444, "epsilon": 0.5188323702860256, "gamma": 0.6176492600000442, "lamda": 0.4023136231789482}, "datetime": {"datetime": "2021-09-23 12:35:01", "elapsed": 382.452804, "delta": 1.220999}}
{"target": -3.1266087542052334, "params": {"C": 87.68898108410022, "epsilon": 0.8803222725245152, "gamma": 0.2640219246922276, "lamda": 0.36404962870382984}, "datetime": {"datetime": "2021-09-23 12:35:02", "elapsed": 384.288644, "delta": 1.83584}}
{"target": -2.1041623476479203, "params": {"C": 87.96323277150658, "epsilon": 0.8075630551448798, "gamma": 0.032287371068807656, "lamda": 0.10404884635431486}, "datetime": {"datetime": "2021-09-23 12:35:04", "elapsed": 386.211946, "delta": 1.923302}}
{"target": -2.1803904499057167, "params": {"C": 87.61555751227466, "epsilon": 0.6194461928493111, "gamma": 0.10265006883458101, "lamda": 0.08073624426967088}, "datetime": {"datetime": "2021-09-23 12:35:06", "elapsed": 388.163539, "delta": 1.951593}}
{"target": -3.183110703634828, "params": {"C": 93.00657906073732, "epsilon": 1.0, "gamma": 0.001, "lamda": 0.001}, "datetime": {"datetime": "2021-09-23 12:35:09", "elapsed": 391.023537, "delta": 2.859998}}
{"target": -3.2084377182455537, "params": {"C": 87.44081306106116, "epsilon": 0.8008271461769976, "gamma": 0.001, "lamda": 0.001}, "datetime": {"datetime": "2021-09-23 12:35:12", "elapsed": 393.473537, "delta": 2.45}}
{"target": -3.440183733445611, "params": {"C": 50.64733948951947, "epsilon": 0.1963406645830129, "gamma": 0.001, "lamda": 0.14556501976196665}, "datetime": {"datetime": "2021-09-23 12:35:13", "elapsed": 395.225577, "delta": 1.75204}}
{"target": -2.0551354933269863, "params": {"C": 87.76425149049726, "epsilon": 0.34589539221159044, "gamma": 0.04528094821647233, "lamda": 0.2447887761777092}, "datetime": {"datetime": "2021-09-23 12:35:17", "elapsed": 398.391142, "delta": 3.165565}}
{"target": -4.59222147712979, "params": {"C": 53.40359557365388, "epsilon": 0.45527382486404167, "gamma": 0.844713590133493, "lamda": 0.7614841534800778}, "datetime": {"datetime": "2021-09-23 12:35:18", "elapsed": 399.649145, "delta": 1.258003}}
{"target": -2.2092645471688757, "params": {"C": 87.70194758106983, "epsilon": 0.5507482250903349, "gamma": 0.05704323175558198, "lamda": 0.30230172924546067}, "datetime": {"datetime": "2021-09-23 12:35:20", "elapsed": 401.867866, "delta": 2.218721}}
{"target": -2.6263335199057436, "params": {"C": 51.09807050925072, "epsilon": 0.02809940594836023, "gamma": 0.003993563219012971, "lamda": 0.04362445779253006}, "datetime": {"datetime": "2021-09-23 12:35:24", "elapsed": 405.92565, "delta": 4.057784}}
{"target": -3.417703611940331, "params": {"C": 50.99639751610818, "epsilon": 0.3080829189496461, "gamma": 0.001, "lamda": 0.06969810881139783}, "datetime": {"datetime": "2021-09-23 12:35:27", "elapsed": 408.637999, "delta": 2.712349}}
{"target": -2.106403297693363, "params": {"C": 87.8773739555726, "epsilon": 0.5432220244379039, "gamma": 0.0904147935112861, "lamda": 0.06713131031604902}, "datetime": {"datetime": "2021-09-23 12:35:30", "elapsed": 412.079583, "delta": 3.441584}}
{"target": -3.572336392595976, "params": {"C": 87.99595990410644, "epsilon": 0.5194993119044844, "gamma": 0.001, "lamda": 0.3029277507410505}, "datetime": {"datetime": "2021-09-23 12:35:33", "elapsed": 414.669761, "delta": 2.590178}}
{"target": -4.289013780893155, "params": {"C": 13.774499696003547, "epsilon": 0.38105816222958583, "gamma": 0.5972176152254338, "lamda": 0.6944484546787484}, "datetime": {"datetime": "2021-09-23 12:35:34", "elapsed": 415.965064, "delta": 1.295303}}
{"target": -2.460823127099607, "params": {"C": 87.5888817556262, "epsilon": 0.2980785062032355, "gamma": 0.005365967534435254, "lamda": 0.020981398211334656}, "datetime": {"datetime": "2021-09-23 12:35:36", "elapsed": 418.267834, "delta": 2.30277}}
{"target": -3.093322613767421, "params": {"C": 87.8632873551868, "epsilon": 0.43154075575882034, "gamma": 0.32883064544204843, "lamda": 0.28666598566444434}, "datetime": {"datetime": "2021-09-23 12:35:38", "elapsed": 420.124925, "delta": 1.857091}}
{"target": -2.3416675023045346, "params": {"C": 87.42616009036558, "epsilon": 0.36019557733796836, "gamma": 0.09323669457738928, "lamda": 0.42853006043150355}, "datetime": {"datetime": "2021-09-23 12:35:42", "elapsed": 423.539083, "delta": 3.414158}}
{"target": -2.457676114952509, "params": {"C": 87.67811226083732, "epsilon": 0.04578553733449143, "gamma": 0.15881584141336275, "lamda": 0.24504080272652023}, "datetime": {"datetime": "2021-09-23 12:35:44", "elapsed": 425.803955, "delta": 2.264872}}
{"target": -3.080677120075544, "params": {"C": 87.47679256989477, "epsilon": 0.33197775473113583, "gamma": 0.320076054335652, "lamda": 0.3720101681966737}, "datetime": {"datetime": "2021-09-23 12:35:47", "elapsed": 428.436009, "delta": 2.632054}}
{"target": -2.8427505584830906, "params": {"C": 88.1893575389506, "epsilon": 0.7666892815518342, "gamma": 0.27623281104926356, "lamda": 0.02631983140789063}, "datetime": {"datetime": "2021-09-23 12:35:49", "elapsed": 430.753526, "delta": 2.317517}}
{"target": -2.4505383886470304, "params": {"C": 48.83477248441962, "epsilon": 0.02065570658292072, "gamma": 0.006880832128741589, "lamda": 0.009281560070319717}, "datetime": {"datetime": "2021-09-23 12:35:51", "elapsed": 433.329891, "delta": 2.576365}}
{"target": -4.542649130659804, "params": {"C": 21.72431182580257, "epsilon": 0.6596886575327346, "gamma": 0.9343762300681812, "lamda": 0.19428677647360576}, "datetime": {"datetime": "2021-09-23 12:35:53", "elapsed": 434.741576, "delta": 1.411685}}
{"target": -3.441644799467524, "params": {"C": 87.63232518224743, "epsilon": 0.22030356937053158, "gamma": 0.001, "lamda": 0.42494590359816337}, "datetime": {"datetime": "2021-09-23 12:35:55", "elapsed": 437.182193, "delta": 2.440617}}
{"target": -2.347119797643839, "params": {"C": 87.83545458160185, "epsilon": 0.24722916277863066, "gamma": 0.13569876840681522, "lamda": 0.023478334927977955}, "datetime": {"datetime": "2021-09-23 12:35:58", "elapsed": 440.009642, "delta": 2.827449}}
{"target": -2.206185203743795, "params": {"C": 87.25289336382859, "epsilon": 0.41485854932526817, "gamma": 0.024355563045416796, "lamda": 0.2408042563945291}, "datetime": {"datetime": "2021-09-23 12:36:00", "elapsed": 442.302133, "delta": 2.292491}}
{"target": -2.593767531387167, "params": {"C": 87.38289992144786, "epsilon": 0.6349490587789098, "gamma": 0.15466135910693482, "lamda": 0.26660025770326806}, "datetime": {"datetime": "2021-09-23 12:36:03", "elapsed": 444.903558, "delta": 2.601425}}
{"target": -2.744895351682554, "params": {"C": 87.16850270390114, "epsilon": 0.4722119497122205, "gamma": 0.1803755794294782, "lamda": 0.4451258604176228}, "datetime": {"datetime": "2021-09-23 12:36:05", "elapsed": 447.354133, "delta": 2.450575}}
{"target": -2.347587728024762, "params": {"C": 50.83461429524996, "epsilon": 0.6310961992530197, "gamma": 0.10987144576909297, "lamda": 0.22831082171079495}, "datetime": {"datetime": "2021-09-23 12:36:08", "elapsed": 449.958436, "delta": 2.604303}}
{"target": -3.017993003275477, "params": {"C": 87.77928240532752, "epsilon": 0.5919715516366438, "gamma": 0.3403899829250824, "lamda": 0.03941545163568796}, "datetime": {"datetime": "2021-09-23 12:36:12", "elapsed": 453.760377, "delta": 3.801941}}
{"target": -2.031312406162306, "params": {"C": 87.05465314685019, "epsilon": 0.2907802810969549, "gamma": 0.03855274297610622, "lamda": 0.02265998200171489}, "datetime": {"datetime": "2021-09-23 12:36:16", "elapsed": 457.525774, "delta": 3.765397}}
{"target": -2.387556750700961, "params": {"C": 86.76376754715106, "epsilon": 0.19044918623171678, "gamma": 0.14540180375816894, "lamda": 0.03715326877978121}, "datetime": {"datetime": "2021-09-23 12:36:19", "elapsed": 460.588052, "delta": 3.062278}}
{"target": -2.0159030257920123, "params": {"C": 87.257034790019, "epsilon": 0.010171047549102887, "gamma": 0.06620354031763716, "lamda": 0.2414240066535081}, "datetime": {"datetime": "2021-09-23 12:36:21", "elapsed": 463.328936, "delta": 2.740884}}
{"target": -2.247741443317958, "params": {"C": 22.737451373258022, "epsilon": 0.3146339391964627, "gamma": 0.08976597210295845, "lamda": 0.3048596825813405}, "datetime": {"datetime": "2021-09-23 12:36:23", "elapsed": 465.013936, "delta": 1.685}}
{"target": -1.9994993983132598, "params": {"C": 87.0022072245462, "epsilon": 0.16601070327227396, "gamma": 0.06505897530515534, "lamda": 0.2589778917576592}, "datetime": {"datetime": "2021-09-23 12:36:26", "elapsed": 467.98577, "delta": 2.971834}}
{"target": -2.2415563108272964, "params": {"C": 165.6980964900119, "epsilon": 0.011355222730341348, "gamma": 0.09871075288967855, "lamda": 0.4495335256406285}, "datetime": {"datetime": "2021-09-23 12:52:56", "elapsed": 0.0, "delta": 0.0}}
{"target": -2.031049059042261, "params": {"C": 124.77605184538857, "epsilon": 0.11317352611989298, "gamma": 0.03772880106634736, "lamda": 0.4565578966071763}, "datetime": {"datetime": "2021-09-23 12:52:56", "elapsed": 0.365002, "delta": 0.365002}}
{"target": -2.216988436110032, "params": {"C": 75.36662548438032, "epsilon": 0.04508156727283112, "gamma": 0.1059503745714916, "lamda": 0.572082614370767}, "datetime": {"datetime": "2021-09-23 12:52:57", "elapsed": 1.443003, "delta": 1.078001}}
{"target": -2.3467004213347953, "params": {"C": 50.59223994918717, "epsilon": 0.2565839394295025, "gamma": 0.12376693463129587, "lamda": 0.3679031140308035}, "datetime": {"datetime": "2021-09-23 12:52:58", "elapsed": 1.785001, "delta": 0.341998}}
{"target": -2.489830717952741, "params": {"C": 114.5833047794164, "epsilon": 0.2174822435911917, "gamma": 0.01, "lamda": 0.500001742025307}, "datetime": {"datetime": "2021-09-23 12:52:58", "elapsed": 2.381825, "delta": 0.596824}}
{"target": -2.085030974431869, "params": {"C": 124.33027153663667, "epsilon": 0.1349492478145941, "gamma": 0.03444262846670183, "lamda": 0.5244221976796234}, "datetime": {"datetime": "2021-09-23 12:52:59", "elapsed": 2.963822, "delta": 0.581997}}
{"target": -2.2876731155376224, "params": {"C": 126.62954265268559, "epsilon": 0.4798519583197012, "gamma": 0.025048781883610916, "lamda": 0.35529085017051204}, "datetime": {"datetime": "2021-09-23 12:52:59", "elapsed": 3.368821, "delta": 0.404999}}
{"target": -2.4477907655487527, "params": {"C": 124.95791763677023, "epsilon": 0.4114130649824519, "gamma": 0.149235080414968, "lamda": 0.009297950546170074}, "datetime": {"datetime": "2021-09-23 12:53:00", "elapsed": 3.998595, "delta": 0.629774}}
{"target": -2.4784336996052105, "params": {"C": 141.50009237573227, "epsilon": 0.4612203235963641, "gamma": 0.1093260303644895, "lamda": 0.4507860754095662}, "datetime": {"datetime": "2021-09-23 12:53:00", "elapsed": 4.515628, "delta": 0.517033}}
{"target": -2.488229747980449, "params": {"C": 124.66124856921556, "epsilon": 0.1319645563584836, "gamma": 0.13871992338541647, "lamda": 0.5869985480105292}, "datetime": {"datetime": "2021-09-23 12:53:01", "elapsed": 5.512284, "delta": 0.996656}}
{"target": -2.13144610811146, "params": {"C": 164.64459708252048, "epsilon": 0.20490136588031477, "gamma": 0.08271518731935283, "lamda": 0.25864500207792485}, "datetime": {"datetime": "2021-09-23 12:53:02", "elapsed": 6.506759, "delta": 0.994475}}
{"target": -2.0317127847107397, "params": {"C": 56.14459806589364, "epsilon": 0.11402388660513467, "gamma": 0.05559054742344196, "lamda": 0.11381068560769295}, "datetime": {"datetime": "2021-09-23 12:53:05", "elapsed": 8.68001, "delta": 2.173251}}
{"target": -2.0595064161657706, "params": {"C": 163.25328742629, "epsilon": 0.21559117565481145, "gamma": 0.07187743135106954, "lamda": 0.20464163426307921}, "datetime": {"datetime": "2021-09-23 12:53:05", "elapsed": 9.241011, "delta": 0.561001}}
{"target": -2.0797215971700695, "params": {"C": 150.4460694921454, "epsilon": 0.12680833431328442, "gamma": 0.03835802869611706, "lamda": 0.5713168298488746}, "datetime": {"datetime": "2021-09-23 12:53:06", "elapsed": 9.913641, "delta": 0.67263}}
{"target": -2.1529894850905076, "params": {"C": 157.38186017947064, "epsilon": 0.134549788403758, "gamma": 0.022683474767564393, "lamda": 0.4205783686976722}, "datetime": {"datetime": "2021-09-23 12:53:08", "elapsed": 11.910894, "delta": 1.997253}}
{"target": -2.1070831022149523, "params": {"C": 85.18971391187603, "epsilon": 0.06601973409214158, "gamma": 0.08619226190666329, "lamda": 0.4980288036089436}, "datetime": {"datetime": "2021-09-23 12:53:10", "elapsed": 13.911351, "delta": 2.000457}}
{"target": -2.1765073240316535, "params": {"C": 110.73858051079753, "epsilon": 0.022951198178054584, "gamma": 0.0926610269576878, "lamda": 0.4327398985213965}, "datetime": {"datetime": "2021-09-23 12:53:11", "elapsed": 15.18155, "delta": 1.270199}}
{"target": -2.365011938605338, "params": {"C": 121.83936022261989, "epsilon": 0.21391315471396352, "gamma": 0.09949954180554779, "lamda": 0.5739898755060799}, "datetime": {"datetime": "2021-09-23 12:53:12", "elapsed": 16.22152, "delta": 1.03997}}
{"target": -2.1301744126218964, "params": {"C": 91.84742436983096, "epsilon": 0.23405130196204682, "gamma": 0.030310205356683634, "lamda": 0.3527380680850252}, "datetime": {"datetime": "2021-09-23 12:53:13", "elapsed": 17.311497, "delta": 1.089977}}
{"target": -2.287212068715394, "params": {"C": 144.10245750050422, "epsilon": 0.41793155702469814, "gamma": 0.08002504661802988, "lamda": 0.36053920047137356}, "datetime": {"datetime": "2021-09-23 12:53:21", "elapsed": 25.471671, "delta": 8.160174}}
{"target": -2.012592948905887, "params": {"C": 146.00746592193155, "epsilon": 0.13268723608544292, "gamma": 0.03183638676283957, "lamda": 0.09686448946550152}, "datetime": {"datetime": "2021-09-23 12:53:23", "elapsed": 27.114608, "delta": 1.642937}}
{"target": -2.3839485092702293, "params": {"C": 59.57063201740962, "epsilon": 0.19381695561833817, "gamma": 0.1483127394614797, "lamda": 0.13137491036388182}, "datetime": {"datetime": "2021-09-23 12:53:24", "elapsed": 27.597602, "delta": 0.482994}}
{"target": -2.044725190502477, "params": {"C": 120.41172257995409, "epsilon": 0.4836836955538858, "gamma": 0.07259400034444292, "lamda": 0.09669627521187862}, "datetime": {"datetime": "2021-09-23 12:53:24", "elapsed": 28.108601, "delta": 0.510999}}
{"target": -2.412555327044455, "params": {"C": 129.70373999857497, "epsilon": 0.09919595304026176, "gamma": 0.1422213853332635, "lamda": 0.11981050408680416}, "datetime": {"datetime": "2021-09-23 12:53:25", "elapsed": 28.594959, "delta": 0.486358}}
