{"target": -2.114216963208604, "params": {"C": 187.72009515123202, "epsilon": 0.7177247415072265, "gamma": 0.039530139157927205, "lamda": 0.1484239857511418}, "datetime": {"datetime": "2021-09-23 13:38:28", "elapsed": 119.912294, "delta": 1.049997}}
{"target": -2.077404996242907, "params": {"C": 187.6814603644651, "epsilon": 0.4088894289103391, "gamma": 0.021531724702436375, "lamda": 0.02584064653313533}, "datetime": {"datetime": "2021-09-23 13:38:30", "elapsed": 121.176293, "delta": 1.263999}}
{"target": -2.095571425198295, "params": {"C": 180.2597410183445, "epsilon": 0.6492907890712449, "gamma": 0.020158602543185987, "lamda": 0.015114629211585254}, "datetime": {"datetime": "2021-09-23 13:38:31", "elapsed": 122.308293, "delta": 1.132}}
{"target": -2.0088561928684907, "params": {"C": 233.53982665693783, "epsilon": 0.5750511055280481, "gamma": 0.049312166707654016, "lamda": 0.08657919563648081}, "datetime": {"datetime": "2021-09-23 13:38:32", "elapsed": 123.394297, "delta": 1.086004}}
{"target": -2.165215742866311, "params": {"C": 180.50423275392586, "epsilon": 0.758566662845643, "gamma": 0.021319209730760003, "lamda": 0.08789770119992728}, "datetime": {"datetime": "2021-09-23 13:38:33", "elapsed": 124.622296, "delta": 1.227999}}
{"target": -2.028918868244585, "params": {"C": 189.0395102821764, "epsilon": 0.6108397243024231, "gamma": 0.0563916863293944, "lamda": 0.09480289426669432}, "datetime": {"datetime": "2021-09-23 13:38:34", "elapsed": 125.369297, "delta": 0.747001}}
{"target": -1.97380733522491, "params": {"C": 203.90978446097296, "epsilon": 0.7613916924599169, "gamma": 0.04983189199500084, "lamda": 0.04937962611676675}, "datetime": {"datetime": "2021-09-23 13:38:35", "elapsed": 126.496292, "delta": 1.126995}}
{"target": -1.9437694158583576, "params": {"C": 180.13374971952928, "epsilon": 0.4635090825855137, "gamma": 0.05239792062475261, "lamda": 0.02202277052443291}, "datetime": {"datetime": "2021-09-23 13:38:36", "elapsed": 127.651294, "delta": 1.155002}}
{"target": -2.1541254016440936, "params": {"C": 191.39241588019533, "epsilon": 0.641581280546446, "gamma": 0.032619488602882836, "lamda": 0.1794555640766906}, "datetime": {"datetime": "2021-09-23 13:38:37", "elapsed": 128.32682, "delta": 0.675526}}
{"target": -1.9479090582940923, "params": {"C": 274.0487779856422, "epsilon": 0.7292271621587636, "gamma": 0.04824310691511027, "lamda": 0.03013660277965957}, "datetime": {"datetime": "2021-09-23 13:38:38", "elapsed": 129.422822, "delta": 1.096002}}
{"target": -1.9502061564843565, "params": {"C": 199.41936511413795, "epsilon": 0.5810053138419673, "gamma": 0.05166680314098249, "lamda": 0.02106882550640783}, "datetime": {"datetime": "2021-09-23 13:38:39", "elapsed": 130.467819, "delta": 1.044997}}
{"target": -1.96873371795134, "params": {"C": 223.144545330642, "epsilon": 0.6166198626394069, "gamma": 0.05858734127978603, "lamda": 0.04073855327513978}, "datetime": {"datetime": "2021-09-23 13:38:40", "elapsed": 131.713818, "delta": 1.245999}}
{"target": -2.0958982146127276, "params": {"C": 223.1701836505819, "epsilon": 0.5410877031529073, "gamma": 0.048103129574928453, "lamda": 0.18094406279957836}, "datetime": {"datetime": "2021-09-23 13:38:41", "elapsed": 132.84682, "delta": 1.133002}}
{"target": -1.9690199846606902, "params": {"C": 207.96834491918122, "epsilon": 0.5804990409306249, "gamma": 0.058685731518920606, "lamda": 0.04859065205831042}, "datetime": {"datetime": "2021-09-23 13:38:42", "elapsed": 133.753818, "delta": 0.906998}}
{"target": -1.9807642695140906, "params": {"C": 207.90118411271553, "epsilon": 0.4572489734101117, "gamma": 0.02846114025758928, "lamda": 0.051235149220814624}, "datetime": {"datetime": "2021-09-23 13:38:43", "elapsed": 134.699819, "delta": 0.946001}}
{"target": -2.008050214151792, "params": {"C": 208.01147266675508, "epsilon": 0.47328069150804375, "gamma": 0.058025203265153036, "lamda": 0.10000408476645851}, "datetime": {"datetime": "2021-09-23 13:38:44", "elapsed": 135.817825, "delta": 1.118006}}
{"target": -2.000360353519524, "params": {"C": 239.7866170708844, "epsilon": 0.6630456844841559, "gamma": 0.055396782779320905, "lamda": 0.06430737419859936}, "datetime": {"datetime": "2021-09-23 13:38:45", "elapsed": 136.592818, "delta": 0.774993}}
{"target": -2.0508946052608628, "params": {"C": 282.93420174325865, "epsilon": 0.4998880959412171, "gamma": 0.04457391217294931, "lamda": 0.13392408269736555}, "datetime": {"datetime": "2021-09-23 13:38:46", "elapsed": 137.40434, "delta": 0.811522}}
{"target": -2.168478324850206, "params": {"C": 205.68440235049283, "epsilon": 0.5277706956157414, "gamma": 0.022943677228155993, "lamda": 0.1430898564764857}, "datetime": {"datetime": "2021-09-23 13:38:47", "elapsed": 138.304596, "delta": 0.900256}}
{"target": -1.9254207929795804, "params": {"C": 223.26065516275736, "epsilon": 0.6723473680567006, "gamma": 0.04155640807645549, "lamda": 0.015}, "datetime": {"datetime": "2021-09-23 13:38:48", "elapsed": 139.657116, "delta": 1.35252}}
{"target": -2.0701285135646543, "params": {"C": 223.15567970258948, "epsilon": 0.768694075031351, "gamma": 0.04427095254712177, "lamda": 0.10564105937593148}, "datetime": {"datetime": "2021-09-23 13:38:49", "elapsed": 140.903119, "delta": 1.246003}}
{"target": -1.9900640998954657, "params": {"C": 223.419379600837, "epsilon": 0.6600619544782063, "gamma": 0.04634178820898502, "lamda": 0.06373616711010475}, "datetime": {"datetime": "2021-09-23 13:38:51", "elapsed": 141.990768, "delta": 1.087649}}
{"target": -2.0732425579971125, "params": {"C": 223.32724849683652, "epsilon": 0.7515080997416899, "gamma": 0.020949132047828653, "lamda": 0.03868838833012084}, "datetime": {"datetime": "2021-09-23 13:38:52", "elapsed": 143.124457, "delta": 1.133689}}
{"target": -1.9278128329614475, "params": {"C": 207.77466033376692, "epsilon": 0.518306420616226, "gamma": 0.03759254937308351, "lamda": 0.023408734552034627}, "datetime": {"datetime": "2021-09-23 13:38:53", "elapsed": 144.47881, "delta": 1.354353}}
{"target": -2.031769488528107, "params": {"C": 207.75348502805082, "epsilon": 0.41557168279870366, "gamma": 0.024143995504588116, "lamda": 0.059894669528875524}, "datetime": {"datetime": "2021-09-23 13:38:54", "elapsed": 145.638457, "delta": 1.159647}}
{"target": -2.0702964176125143, "params": {"C": 207.82523973193247, "epsilon": 0.5391194805706562, "gamma": 0.03575788025520117, "lamda": 0.13256973196621796}, "datetime": {"datetime": "2021-09-23 13:38:55", "elapsed": 146.617449, "delta": 0.978992}}
{"target": -1.946871835550007, "params": {"C": 207.85113008245017, "epsilon": 0.5497420449120627, "gamma": 0.05271231978081639, "lamda": 0.026180040466157406}, "datetime": {"datetime": "2021-09-23 13:38:57", "elapsed": 148.049225, "delta": 1.431776}}
{"target": -1.928167115350108, "params": {"C": 207.72823793281995, "epsilon": 0.676659592898593, "gamma": 0.04583591974661021, "lamda": 0.016380380253157092}, "datetime": {"datetime": "2021-09-23 13:38:58", "elapsed": 149.075118, "delta": 1.025893}}
{"target": -1.9330425091842443, "params": {"C": 213.1746845473945, "epsilon": 0.728366359117167, "gamma": 0.04118234679174093, "lamda": 0.031309185179394905}, "datetime": {"datetime": "2021-09-23 13:38:58", "elapsed": 149.940512, "delta": 0.865394}}
{"target": -1.97413781189286, "params": {"C": 233.5990298506562, "epsilon": 0.7986862771016421, "gamma": 0.04669635028793435, "lamda": 0.04404393729553358}, "datetime": {"datetime": "2021-09-23 13:39:00", "elapsed": 151.041512, "delta": 1.101}}
{"target": -2.0014554438880445, "params": {"C": 207.66201650386992, "epsilon": 0.5798740404626328, "gamma": 0.06, "lamda": 0.015}, "datetime": {"datetime": "2021-09-23 13:39:01", "elapsed": 152.458528, "delta": 1.417016}}
{"target": -1.9984874098920635, "params": {"C": 213.05729774792553, "epsilon": 0.7830135112237112, "gamma": 0.05875735054351279, "lamda": 0.049993423036156816}, "datetime": {"datetime": "2021-09-23 13:39:02", "elapsed": 153.740632, "delta": 1.282104}}
{"target": -2.1411951044262034, "params": {"C": 213.16664641368322, "epsilon": 0.6886716189515469, "gamma": 0.027636389460331673, "lamda": 0.12248753028138541}, "datetime": {"datetime": "2021-09-23 13:39:03", "elapsed": 154.941633, "delta": 1.201001}}
{"target": -1.9334218504065888, "params": {"C": 207.84110677426685, "epsilon": 0.6442633433503133, "gamma": 0.03423612321188979, "lamda": 0.02215294618011617}, "datetime": {"datetime": "2021-09-23 13:39:05", "elapsed": 156.615697, "delta": 1.674064}}
{"target": -2.046857308540162, "params": {"C": 207.77301073755447, "epsilon": 0.7735035570303622, "gamma": 0.039129670884946496, "lamda": 0.08235995424265216}, "datetime": {"datetime": "2021-09-23 13:39:06", "elapsed": 157.827323, "delta": 1.211626}}
{"target": -1.9586345229976296, "params": {"C": 213.16794497931858, "epsilon": 0.7482086678795368, "gamma": 0.05719305795206504, "lamda": 0.026873107274479648}, "datetime": {"datetime": "2021-09-23 13:39:07", "elapsed": 158.730966, "delta": 0.903643}}
{"target": -1.9916188923704972, "params": {"C": 213.34126991207683, "epsilon": 0.7619074360214382, "gamma": 0.027032077319012807, "lamda": 0.021574965313244952}, "datetime": {"datetime": "2021-09-23 13:39:09", "elapsed": 160.247427, "delta": 1.516461}}
{"target": -2.181681961775793, "params": {"C": 233.6541405175301, "epsilon": 0.7929286719097053, "gamma": 0.04055379560404768, "lamda": 0.19412232603164498}, "datetime": {"datetime": "2021-09-23 13:39:10", "elapsed": 161.341426, "delta": 1.093999}}
{"target": -2.061283270092991, "params": {"C": 207.78885952963932, "epsilon": 0.78723613531072, "gamma": 0.0337680472376089, "lamda": 0.08070029823937813}, "datetime": {"datetime": "2021-09-23 13:39:11", "elapsed": 162.174427, "delta": 0.833001}}
{"target": -2.090845526086864, "params": {"C": 207.6136921440703, "epsilon": 0.7404392733911335, "gamma": 0.02, "lamda": 0.015}, "datetime": {"datetime": "2021-09-23 13:39:12", "elapsed": 163.700427, "delta": 1.526}}
{"target": -1.9281061476884285, "params": {"C": 213.2202342700361, "epsilon": 0.6513321777480781, "gamma": 0.03424032280610517, "lamda": 0.024735332592883297}, "datetime": {"datetime": "2021-09-23 13:39:14", "elapsed": 164.983433, "delta": 1.283006}}
{"target": -2.191460388021017, "params": {"C": 277.1142392759336, "epsilon": 0.49052792860326366, "gamma": 0.03449413981215159, "lamda": 0.29712537775703846}, "datetime": {"datetime": "2021-09-23 13:39:14", "elapsed": 165.741425, "delta": 0.757992}}
{"target": -1.9813364253775025, "params": {"C": 243.93688961267856, "epsilon": 0.5264310421055756, "gamma": 0.041036130012426675, "lamda": 0.06892469078255499}, "datetime": {"datetime": "2021-09-23 13:39:15", "elapsed": 166.540427, "delta": 0.799002}}
{"target": -2.014471247167026, "params": {"C": 212.85199454903088, "epsilon": 0.739029679487208, "gamma": 0.026235444966628843, "lamda": 0.016349811506464685}, "datetime": {"datetime": "2021-09-23 13:39:16", "elapsed": 167.609428, "delta": 1.069001}}
{"target": -2.0507697734466754, "params": {"C": 223.31164281506835, "epsilon": 0.6179450862666709, "gamma": 0.034875603899061525, "lamda": 0.09573257918106148}, "datetime": {"datetime": "2021-09-23 13:39:17", "elapsed": 168.686426, "delta": 1.076998}}
{"target": -2.1062163959973472, "params": {"C": 209.8362443398635, "epsilon": 0.6695336059110721, "gamma": 0.05256102941462472, "lamda": 0.15139397506802998}, "datetime": {"datetime": "2021-09-23 13:39:18", "elapsed": 169.382425, "delta": 0.695999}}
{"target": -2.0852143339083784, "params": {"C": 251.44323691023214, "epsilon": 0.611443443217351, "gamma": 0.04249985692916522, "lamda": 0.14730419804226147}, "datetime": {"datetime": "2021-09-23 13:39:19", "elapsed": 170.115433, "delta": 0.733008}}
{"target": -1.9946943448822219, "params": {"C": 243.96600509853397, "epsilon": 0.5680503336268801, "gamma": 0.05965259844646689, "lamda": 0.017968018280169522}, "datetime": {"datetime": "2021-09-23 13:39:20", "elapsed": 171.079433, "delta": 0.964}}
{"target": -1.9716702902304106, "params": {"C": 243.98554651899678, "epsilon": 0.48162591962351636, "gamma": 0.058634015579302284, "lamda": 0.05023378409007013}, "datetime": {"datetime": "2021-09-23 13:39:21", "elapsed": 172.256427, "delta": 1.176994}}
{"target": -1.9998794501848067, "params": {"C": 274.2461263444751, "epsilon": 0.6343009574989406, "gamma": 0.06, "lamda": 0.015}, "datetime": {"datetime": "2021-09-23 13:39:22", "elapsed": 173.769427, "delta": 1.513}}
{"target": -2.1155229356950556, "params": {"C": 260.6148357484248, "epsilon": 0.44842409497217145, "gamma": 0.04204943838336189, "lamda": 0.24168523165930217}, "datetime": {"datetime": "2021-09-23 13:39:23", "elapsed": 174.579425, "delta": 0.809998}}
{"target": -1.9909528632958853, "params": {"C": 207.73292412178193, "epsilon": 0.6070214718513538, "gamma": 0.04229817505456586, "lamda": 0.06927968599653025}, "datetime": {"datetime": "2021-09-23 13:39:24", "elapsed": 175.770427, "delta": 1.191002}}
{"target": -2.0770003729600006, "params": {"C": 244.0365878153991, "epsilon": 0.559536067893755, "gamma": 0.06, "lamda": 0.1212387088009111}, "datetime": {"datetime": "2021-09-23 13:39:26", "elapsed": 177.149427, "delta": 1.379}}
{"target": -2.0182366107752143, "params": {"C": 223.3049048637702, "epsilon": 0.6221006835780285, "gamma": 0.042213922350072625, "lamda": 0.08211251591535752}, "datetime": {"datetime": "2021-09-23 13:39:26", "elapsed": 177.974428, "delta": 0.825001}}
{"target": -2.0720749012843593, "params": {"C": 233.47040966155078, "epsilon": 0.5206837597255034, "gamma": 0.020335173985401092, "lamda": 0.044401559938033255}, "datetime": {"datetime": "2021-09-23 13:39:28", "elapsed": 179.167425, "delta": 1.192997}}
{"target": -2.0437598246036477, "params": {"C": 233.28387178837266, "epsilon": 0.5024298723191896, "gamma": 0.022337520610514444, "lamda": 0.02949310586047682}, "datetime": {"datetime": "2021-09-23 13:39:29", "elapsed": 180.465425, "delta": 1.298}}
{"target": -1.926227917052944, "params": {"C": 251.4786513169528, "epsilon": 0.6116016682365392, "gamma": 0.040698247386138656, "lamda": 0.031063519401974132}, "datetime": {"datetime": "2021-09-23 13:39:30", "elapsed": 181.230431, "delta": 0.765006}}
{"target": -1.9485816358277914, "params": {"C": 251.59532999449846, "epsilon": 0.5874543495049722, "gamma": 0.030928518340866313, "lamda": 0.017563448766450614}, "datetime": {"datetime": "2021-09-23 13:39:31", "elapsed": 182.582421, "delta": 1.35199}}
{"target": -2.0574383011551327, "params": {"C": 299.96375286522306, "epsilon": 0.7758176577380238, "gamma": 0.04779724944934341, "lamda": 0.09106339775501977}, "datetime": {"datetime": "2021-09-23 13:39:32", "elapsed": 183.412432, "delta": 0.830011}}
{"target": -2.0083014988405403, "params": {"C": 251.56387917829443, "epsilon": 0.7285036185746362, "gamma": 0.03715622945448943, "lamda": 0.056778334010055186}, "datetime": {"datetime": "2021-09-23 13:39:33", "elapsed": 184.518428, "delta": 1.105996}}
{"target": -2.018914215447153, "params": {"C": 222.65344263235187, "epsilon": 0.46184907293877686, "gamma": 0.04949262708798406, "lamda": 0.12072610521802145}, "datetime": {"datetime": "2021-09-23 13:39:34", "elapsed": 185.315426, "delta": 0.796998}}
{"target": -1.9241011116595568, "params": {"C": 223.22009807595197, "epsilon": 0.5900220508281615, "gamma": 0.03493954851173301, "lamda": 0.026376157597563503}, "datetime": {"datetime": "2021-09-23 13:39:35", "elapsed": 186.659426, "delta": 1.344}}
{"target": -1.947649657444005, "params": {"C": 251.5687152014944, "epsilon": 0.49548166338983024, "gamma": 0.03412014543286292, "lamda": 0.048532066222734614}, "datetime": {"datetime": "2021-09-23 13:39:36", "elapsed": 187.763425, "delta": 1.103999}}
{"target": -1.9986663738935366, "params": {"C": 251.66892614510144, "epsilon": 0.4750557005630155, "gamma": 0.058624184083589964, "lamda": 0.018022254936622607}, "datetime": {"datetime": "2021-09-23 13:39:38", "elapsed": 188.990427, "delta": 1.227002}}
{"target": -2.124709890894151, "params": {"C": 235.47884284960324, "epsilon": 0.7498561627783863, "gamma": 0.037243105246822936, "lamda": 0.14477711948617006}, "datetime": {"datetime": "2021-09-23 13:39:38", "elapsed": 189.757433, "delta": 0.767006}}
{"target": -1.95772158293128, "params": {"C": 243.65448477543947, "epsilon": 0.4144808615680834, "gamma": 0.02973539998141801, "lamda": 0.017133135365705755}, "datetime": {"datetime": "2021-09-23 13:39:40", "elapsed": 191.681428, "delta": 1.923995}}
{"target": -2.2768222106723295, "params": {"C": 282.6088689973588, "epsilon": 0.5728976036160897, "gamma": 0.02438678608372751, "lamda": 0.280378101830085}, "datetime": {"datetime": "2021-09-23 13:39:41", "elapsed": 192.776427, "delta": 1.094999}}
{"target": -1.9356383703446265, "params": {"C": 251.42058918062247, "epsilon": 0.5427453915549543, "gamma": 0.042150158766531706, "lamda": 0.04046599340339563}, "datetime": {"datetime": "2021-09-23 13:39:43", "elapsed": 194.693428, "delta": 1.917001}}
{"target": -2.1301220782295407, "params": {"C": 255.29105295687168, "epsilon": 0.5399414455285451, "gamma": 0.030896452544558913, "lamda": 0.16945377969838565}, "datetime": {"datetime": "2021-09-23 13:39:47", "elapsed": 198.207135, "delta": 1.33836}}
{"target": -1.9380039989917202, "params": {"C": 251.35289876407245, "epsilon": 0.40396608280107527, "gamma": 0.034471348821339905, "lamda": 0.01957877780931341}, "datetime": {"datetime": "2021-09-23 13:39:49", "elapsed": 200.45871, "delta": 2.251575}}
{"target": -2.0133057995117705, "params": {"C": 226.66805478176417, "epsilon": 0.5278975338153505, "gamma": 0.04232952157737019, "lamda": 0.09323309122990261}, "datetime": {"datetime": "2021-09-23 13:39:50", "elapsed": 201.710073, "delta": 1.251363}}
{"target": -2.0759749797942884, "params": {"C": 251.64941598883416, "epsilon": 0.5748937672127455, "gamma": 0.0514818868365597, "lamda": 0.14415637574460022}, "datetime": {"datetime": "2021-09-23 13:39:52", "elapsed": 203.390496, "delta": 1.680423}}
{"target": -2.0311523271118284, "params": {"C": 251.29552358978663, "epsilon": 0.49250156387386795, "gamma": 0.03672059144228289, "lamda": 0.10171662807827456}, "datetime": {"datetime": "2021-09-23 13:39:54", "elapsed": 205.12349, "delta": 1.732994}}
{"target": -1.9734863578979784, "params": {"C": 213.09080352043418, "epsilon": 0.6147060073854929, "gamma": 0.030078620295764684, "lamda": 0.018396345964057148}, "datetime": {"datetime": "2021-09-23 13:39:56", "elapsed": 207.487117, "delta": 2.363627}}
{"target": -2.00554404598891, "params": {"C": 213.20272819450597, "epsilon": 0.5271120785753729, "gamma": 0.06, "lamda": 0.015}, "datetime": {"datetime": "2021-09-23 13:39:58", "elapsed": 209.824565, "delta": 2.337448}}
{"target": -1.963031639795199, "params": {"C": 233.47197217208506, "epsilon": 0.7327607852076065, "gamma": 0.02859004577613938, "lamda": 0.0256451736256954}, "datetime": {"datetime": "2021-09-23 13:40:01", "elapsed": 212.267514, "delta": 2.442949}}
{"target": -2.1540780030297753, "params": {"C": 257.49191409179144, "epsilon": 0.4642423953628776, "gamma": 0.0388671345059127, "lamda": 0.27981247307603785}, "datetime": {"datetime": "2021-09-23 13:40:02", "elapsed": 213.796399, "delta": 1.528885}}
{"target": -2.057690195756546, "params": {"C": 189.02779619661112, "epsilon": 0.6054456983556987, "gamma": 0.05641369717773417, "lamda": 0.11570966388482172}, "datetime": {"datetime": "2021-09-23 13:40:04", "elapsed": 215.199662, "delta": 1.403263}}
{"target": -1.9626493525047437, "params": {"C": 212.9049750696633, "epsilon": 0.5543488701631711, "gamma": 0.030456137599019144, "lamda": 0.04203758401999359}, "datetime": {"datetime": "2021-09-23 13:40:06", "elapsed": 217.116506, "delta": 1.916844}}
{"target": -2.0323376158379745, "params": {"C": 180.40504862115347, "epsilon": 0.4445987790134852, "gamma": 0.05098078320233003, "lamda": 0.14577354539199716}, "datetime": {"datetime": "2021-09-23 13:40:08", "elapsed": 219.388303, "delta": 2.271797}}
{"target": -1.9706852139889122, "params": {"C": 199.37732867305317, "epsilon": 0.5022480920011603, "gamma": 0.029986428535437135, "lamda": 0.04763899577321805}, "datetime": {"datetime": "2021-09-23 13:40:09", "elapsed": 220.731781, "delta": 1.343478}}
{"target": -2.065987112873465, "params": {"C": 212.82253163873872, "epsilon": 0.5706417779706148, "gamma": 0.043864109753616605, "lamda": 0.13802867300804417}, "datetime": {"datetime": "2021-09-23 13:40:12", "elapsed": 223.024679, "delta": 2.292898}}
{"target": -2.084673898183416, "params": {"C": 188.7635276037877, "epsilon": 0.7657080590639429, "gamma": 0.05625451731742889, "lamda": 0.10738902273446833}, "datetime": {"datetime": "2021-09-23 13:40:13", "elapsed": 224.4622, "delta": 1.437521}}
{"target": -2.1632661937257316, "params": {"C": 239.2619532782183, "epsilon": 0.718347252101877, "gamma": 0.0209070422829547, "lamda": 0.08704960344139796}, "datetime": {"datetime": "2021-09-23 13:40:14", "elapsed": 225.756679, "delta": 1.294479}}
{"target": -2.0323194493725465, "params": {"C": 213.005972290549, "epsilon": 0.4931761828581497, "gamma": 0.028270153949453414, "lamda": 0.0791026601876482}, "datetime": {"datetime": "2021-09-23 13:40:17", "elapsed": 228.129631, "delta": 2.372952}}
{"target": -1.9812365464249195, "params": {"C": 243.52795559769078, "epsilon": 0.4132320761505795, "gamma": 0.028728006058819856, "lamda": 0.05982042886339279}, "datetime": {"datetime": "2021-09-23 13:40:18", "elapsed": 229.959081, "delta": 1.82945}}
{"target": -2.071470655905627, "params": {"C": 273.8683094958579, "epsilon": 0.7515603677697779, "gamma": 0.04235082244420729, "lamda": 0.1070854868478085}, "datetime": {"datetime": "2021-09-23 13:40:21", "elapsed": 232.110721, "delta": 2.15164}}
{"target": -1.9645376096804312, "params": {"C": 253.6239544669835, "epsilon": 0.6167190959338519, "gamma": 0.042023224642176046, "lamda": 0.048649059234094114}, "datetime": {"datetime": "2021-09-23 13:40:23", "elapsed": 234.019185, "delta": 1.908464}}
