{"target": 0.9176437261966048, "params": {"C": 792.5721312304007, "epsilon": 0.1922712039146804, "gamma": 0.06508291629114968, "lamda": 0.060666226424582706}, "datetime": {"datetime": "2021-09-23 11:37:55", "elapsed": 443.483142, "delta": 3.759965}}
{"target": 0.9177696766861873, "params": {"C": 844.4510532781892, "epsilon": 0.28822607024125546, "gamma": 0.07146069711173547, "lamda": 0.05866857684517246}, "datetime": {"datetime": "2021-09-23 11:37:56", "elapsed": 445.394693, "delta": 1.911551}}
{"target": 0.9178595822334374, "params": {"C": 931.7753726326159, "epsilon": 0.2020625136535818, "gamma": 0.05535963796360079, "lamda": 0.08207857635109275}, "datetime": {"datetime": "2021-09-23 11:37:58", "elapsed": 447.289809, "delta": 1.895116}}
{"target": 0.9166170876429666, "params": {"C": 953.1823170505222, "epsilon": 0.31134236527546705, "gamma": 0.0801478294083898, "lamda": 0.07861436567188723}, "datetime": {"datetime": "2021-09-23 11:38:00", "elapsed": 449.472077, "delta": 2.182268}}
{"target": 0.915494741640635, "params": {"C": 851.5397433404962, "epsilon": 0.2028097596037796, "gamma": 0.05430958428065624, "lamda": 0.13098610884857353}, "datetime": {"datetime": "2021-09-23 11:38:04", "elapsed": 453.265307, "delta": 3.79323}}
{"target": 0.9182226126306032, "params": {"C": 805.3162595508768, "epsilon": 0.23006306023142384, "gamma": 0.0666632723204996, "lamda": 0.08747072759290245}, "datetime": {"datetime": "2021-09-23 11:38:07", "elapsed": 456.312538, "delta": 3.047231}}
{"target": 0.915705821572875, "params": {"C": 851.6304853591496, "epsilon": 0.2812656868155622, "gamma": 0.07580807070973501, "lamda": 0.12573634173166742}, "datetime": {"datetime": "2021-09-23 11:38:10", "elapsed": 459.004325, "delta": 2.691787}}
{"target": 0.9176262678741842, "params": {"C": 809.7205306208658, "epsilon": 0.259935025226022, "gamma": 0.07315998271732117, "lamda": 0.08771885667391262}, "datetime": {"datetime": "2021-09-23 11:38:12", "elapsed": 460.708729, "delta": 1.704404}}
{"target": 0.9170104025760546, "params": {"C": 805.2612308821296, "epsilon": 0.18008778105082968, "gamma": 0.06634231723713296, "lamda": 0.05884338623725842}, "datetime": {"datetime": "2021-09-23 11:38:15", "elapsed": 463.513057, "delta": 2.804328}}
{"target": 0.9129456729540759, "params": {"C": 849.8270733751951, "epsilon": 0.3328611346363272, "gamma": 0.09582235112858738, "lamda": 0.07751753248401305}, "datetime": {"datetime": "2021-09-23 11:38:16", "elapsed": 465.270058, "delta": 1.757001}}
{"target": 0.9061083680977333, "params": {"C": 973.3691404291976, "epsilon": 0.24058415038603068, "gamma": 0.1, "lamda": 0.045}, "datetime": {"datetime": "2021-09-23 11:38:19", "elapsed": 468.036057, "delta": 2.765999}}
{"target": 0.916176873679679, "params": {"C": 792.4307412147814, "epsilon": 0.34, "gamma": 0.05, "lamda": 0.045}, "datetime": {"datetime": "2021-09-23 11:38:22", "elapsed": 470.882059, "delta": 2.846002}}
{"target": 0.9168795622414089, "params": {"C": 980.5932740255031, "epsilon": 0.21881709480121442, "gamma": 0.05217077414888697, "lamda": 0.04798519314311851}, "datetime": {"datetime": "2021-09-23 11:38:24", "elapsed": 473.463057, "delta": 2.580998}}
{"target": 0.915967124567022, "params": {"C": 805.2522292988606, "epsilon": 0.22867950738513984, "gamma": 0.059377892278367816, "lamda": 0.12896701753115003}, "datetime": {"datetime": "2021-09-23 11:38:27", "elapsed": 475.960585, "delta": 2.497528}}
{"target": 0.9170802791325219, "params": {"C": 973.2780934225509, "epsilon": 0.1436048093074922, "gamma": 0.058871048668894345, "lamda": 0.06562951875237795}, "datetime": {"datetime": "2021-09-23 11:38:29", "elapsed": 478.349583, "delta": 2.388998}}
{"target": 0.9157432747644021, "params": {"C": 973.3003365841996, "epsilon": 0.2131809495234881, "gamma": 0.06676263305155056, "lamda": 0.16320765691257733}, "datetime": {"datetime": "2021-09-23 11:38:32", "elapsed": 481.196585, "delta": 2.847002}}
{"target": 0.9174095017490072, "params": {"C": 837.7579764278739, "epsilon": 0.25950921447255315, "gamma": 0.06455121022435903, "lamda": 0.09812045979480419}, "datetime": {"datetime": "2021-09-23 11:38:34", "elapsed": 483.002583, "delta": 1.805998}}
{"target": 0.9114515882348181, "params": {"C": 792.4044130908744, "epsilon": 0.22128441948561764, "gamma": 0.050508002446115335, "lamda": 0.16590421472318573}, "datetime": {"datetime": "2021-09-23 11:38:36", "elapsed": 485.442662, "delta": 2.440079}}
{"target": 0.9157991560544948, "params": {"C": 844.5238390671898, "epsilon": 0.24468870911063437, "gamma": 0.08263909809942248, "lamda": 0.07329988838571987}, "datetime": {"datetime": "2021-09-23 11:38:40", "elapsed": 488.607667, "delta": 3.165005}}
{"target": 0.9180245757270065, "params": {"C": 962.7090151890335, "epsilon": 0.2839061034967386, "gamma": 0.06362245165595626, "lamda": 0.07425871566124834}, "datetime": {"datetime": "2021-09-23 11:38:42", "elapsed": 490.559663, "delta": 1.951996}}
{"target": 0.9167680695714531, "params": {"C": 851.6210334717575, "epsilon": 0.15492789551588604, "gamma": 0.05007515893215569, "lamda": 0.09344287656763427}, "datetime": {"datetime": "2021-09-23 11:38:44", "elapsed": 493.316734, "delta": 2.757071}}
{"target": 0.9162803855332988, "params": {"C": 844.6749482332314, "epsilon": 0.21939422823503052, "gamma": 0.057822607821167465, "lamda": 0.1222712020905212}, "datetime": {"datetime": "2021-09-23 11:38:46", "elapsed": 495.167078, "delta": 1.850344}}
{"target": 0.916489876142974, "params": {"C": 973.3379124301417, "epsilon": 0.14603792202025992, "gamma": 0.05, "lamda": 0.12028081055255106}, "datetime": {"datetime": "2021-09-23 11:38:50", "elapsed": 498.904442, "delta": 3.737364}}
{"target": 0.917224180249011, "params": {"C": 893.1339225853396, "epsilon": 0.1630380737981074, "gamma": 0.07417524340945832, "lamda": 0.15912315497312368}, "datetime": {"datetime": "2021-09-23 11:38:52", "elapsed": 501.456247, "delta": 2.551805}}
{"target": 0.9137788638578354, "params": {"C": 805.3403595374328, "epsilon": 0.2682890836010591, "gamma": 0.08890113090819125, "lamda": 0.14163094085623115}, "datetime": {"datetime": "2021-09-23 11:38:55", "elapsed": 503.978138, "delta": 2.521891}}
{"target": 0.9128286185089256, "params": {"C": 812.1579603567413, "epsilon": 0.31621650196159323, "gamma": 0.09469112910556521, "lamda": 0.11626135182584602}, "datetime": {"datetime": "2021-09-23 11:38:57", "elapsed": 505.838246, "delta": 1.860108}}
{"target": 0.9138677245005156, "params": {"C": 962.7390602141229, "epsilon": 0.30586284036437883, "gamma": 0.06274134422922514, "lamda": 0.13802438539551243}, "datetime": {"datetime": "2021-09-23 11:39:00", "elapsed": 509.060633, "delta": 3.222387}}
{"target": 0.9129867575462691, "params": {"C": 936.6838061930332, "epsilon": 0.3382701679189943, "gamma": 0.05, "lamda": 0.08966087292592324}, "datetime": {"datetime": "2021-09-23 11:39:03", "elapsed": 512.012232, "delta": 2.951599}}
{"target": 0.9137669558964628, "params": {"C": 923.7755123642703, "epsilon": 0.15848291972329273, "gamma": 0.05, "lamda": 0.17}, "datetime": {"datetime": "2021-09-23 11:39:07", "elapsed": 515.861859, "delta": 3.849627}}
{"target": 0.9138300416762051, "params": {"C": 945.2121922079858, "epsilon": 0.30099388912095154, "gamma": 0.08925209845670354, "lamda": 0.1238258764627261}, "datetime": {"datetime": "2021-09-23 11:39:09", "elapsed": 517.789296, "delta": 1.927437}}
{"target": 0.9171681969603048, "params": {"C": 860.9152874932938, "epsilon": 0.08446411983293889, "gamma": 0.051122735378175625, "lamda": 0.15798715438261546}, "datetime": {"datetime": "2021-09-23 11:39:12", "elapsed": 520.61148, "delta": 2.822184}}
{"target": 0.9167466938965895, "params": {"C": 872.2261335740945, "epsilon": 0.1398208811842172, "gamma": 0.051839841112532085, "lamda": 0.13446662543318602}, "datetime": {"datetime": "2021-09-23 11:39:14", "elapsed": 522.582056, "delta": 1.970576}}
{"target": 0.9040068879542202, "params": {"C": 902.5128329113961, "epsilon": 0.07178580958796639, "gamma": 0.09741586381592443, "lamda": 0.11550979932187176}, "datetime": {"datetime": "2021-09-23 11:39:16", "elapsed": 524.616982, "delta": 2.034926}}
{"target": 0.9102327378936244, "params": {"C": 962.6654264269091, "epsilon": 0.21599403731401837, "gamma": 0.09968159972699678, "lamda": 0.0759119085047712}, "datetime": {"datetime": "2021-09-23 11:39:19", "elapsed": 528.092244, "delta": 3.475262}}
{"target": 0.9128313450267417, "params": {"C": 1150.8339383023504, "epsilon": 0.07560302632703841, "gamma": 0.08168241174631377, "lamda": 0.1386004853173265}, "datetime": {"datetime": "2021-09-23 11:44:52", "elapsed": 0.0, "delta": 0.0}}
{"target": 0.9182865009379152, "params": {"C": 1092.179007645057, "epsilon": 0.13069509429332887, "gamma": 0.0599031432379812, "lamda": 0.14006633902486984}, "datetime": {"datetime": "2021-09-23 11:44:52", "elapsed": 0.298999, "delta": 0.298999}}
{"target": 0.9149003819245267, "params": {"C": 1021.3588298609451, "epsilon": 0.09385174982698277, "gamma": 0.08426799091838987, "lamda": 0.16417416827436707}, "datetime": {"datetime": "2021-09-23 11:44:52", "elapsed": 0.599998, "delta": 0.300999}}
{"target": 0.9144059929887721, "params": {"C": 985.8488772605016, "epsilon": 0.2082919111141597, "gamma": 0.09063104808260568, "lamda": 0.12156575835367352}, "datetime": {"datetime": "2021-09-23 11:44:53", "elapsed": 0.899998, "delta": 0.3}}
{"target": 0.9158475395110366, "params": {"C": 1082.2001777354806, "epsilon": 0.15934141885707026, "gamma": 0.052694947460293545, "lamda": 0.1458750236166002}, "datetime": {"datetime": "2021-09-23 11:44:53", "elapsed": 1.367003, "delta": 0.467005}}
{"target": 0.91414278116763, "params": {"C": 1093.1375181438134, "epsilon": 0.09420720678099141, "gamma": 0.0646042086759693, "lamda": 0.07723878099836953}, "datetime": {"datetime": "2021-09-23 11:44:54", "elapsed": 1.750884, "delta": 0.383881}}
{"target": 0.9183199773901118, "params": {"C": 1092.2034350530885, "epsilon": 0.17304288628671524, "gamma": 0.060680727087850606, "lamda": 0.10524293356485359}, "datetime": {"datetime": "2021-09-23 11:44:54", "elapsed": 2.320535, "delta": 0.569651}}
{"target": 0.9091809223058975, "params": {"C": 1091.6337546141287, "epsilon": 0.2923646268221743, "gamma": 0.09845118436029324, "lamda": 0.047424010038798134}, "datetime": {"datetime": "2021-09-23 11:44:55", "elapsed": 2.737539, "delta": 0.417004}}
{"target": 0.917838065008278, "params": {"C": 1092.464985600604, "epsilon": 0.09116090766852479, "gamma": 0.052918884027124524, "lamda": 0.16241763109521545}, "datetime": {"datetime": "2021-09-23 11:44:55", "elapsed": 3.133536, "delta": 0.395997}}
{"target": 0.918267043237445, "params": {"C": 1081.5232704173786, "epsilon": 0.17136543680297972, "gamma": 0.06401351098321573, "lamda": 0.11727559532792782}, "datetime": {"datetime": "2021-09-23 11:44:55", "elapsed": 3.50923, "delta": 0.375694}}
{"target": 0.9151958534798529, "params": {"C": 1081.1178903533983, "epsilon": 0.2601905219543671, "gamma": 0.08737910259832371, "lamda": 0.10186149227384686}, "datetime": {"datetime": "2021-09-23 11:44:56", "elapsed": 3.856261, "delta": 0.347031}}
{"target": 0.9144603609312947, "params": {"C": 1081.8060909550225, "epsilon": 0.2954710642324464, "gamma": 0.06581667782995743, "lamda": 0.1401021403939135}, "datetime": {"datetime": "2021-09-23 11:44:56", "elapsed": 4.265256, "delta": 0.408995}}
{"target": 0.9144264626298193, "params": {"C": 1092.4401133809395, "epsilon": 0.3137582166935581, "gamma": 0.07880690711217125, "lamda": 0.13548711231207616}, "datetime": {"datetime": "2021-09-23 11:44:57", "elapsed": 4.681257, "delta": 0.416001}}
{"target": 0.9057516972738965, "params": {"C": 1092.3183813839964, "epsilon": 0.1037578361093631, "gamma": 0.08054832447495548, "lamda": 0.06212196754458006}, "datetime": {"datetime": "2021-09-23 11:44:57", "elapsed": 5.090255, "delta": 0.408998}}
{"target": 0.9156017562123804, "params": {"C": 1081.1187008415827, "epsilon": 0.2866118332827575, "gamma": 0.05529575277768404, "lamda": 0.0951654490643385}, "datetime": {"datetime": "2021-09-23 11:44:57", "elapsed": 5.525919, "delta": 0.435664}}
{"target": 0.9167628173852964, "params": {"C": 1081.1108231904957, "epsilon": 0.2695256770569842, "gamma": 0.05665713877388371, "lamda": 0.08750943566224866}, "datetime": {"datetime": "2021-09-23 11:44:58", "elapsed": 5.903062, "delta": 0.377143}}
{"target": 0.9140330781048269, "params": {"C": 1072.0586320654766, "epsilon": 0.08187740181978906, "gamma": 0.07952179534203137, "lamda": 0.13509597214553348}, "datetime": {"datetime": "2021-09-23 11:44:58", "elapsed": 6.350061, "delta": 0.446999}}
{"target": 0.9129255219961894, "params": {"C": 1081.5379384070202, "epsilon": 0.1861608920626974, "gamma": 0.07784067113522795, "lamda": 0.05253223315281442}, "datetime": {"datetime": "2021-09-23 11:44:59", "elapsed": 6.812247, "delta": 0.462186}}
{"target": 0.9169657771472666, "params": {"C": 1044.9813082634244, "epsilon": 0.19609990286523576, "gamma": 0.05725364477024416, "lamda": 0.11840109934996353}, "datetime": {"datetime": "2021-09-23 11:44:59", "elapsed": 7.239246, "delta": 0.426999}}
{"target": 0.9121129849333978, "params": {"C": 1081.4389955244505, "epsilon": 0.17957454122009647, "gamma": 0.09888893220755111, "lamda": 0.13924049608546032}, "datetime": {"datetime": "2021-09-23 11:45:00", "elapsed": 7.682856, "delta": 0.44361}}
{"target": 0.912193150951833, "params": {"C": 1092.4715394601756, "epsilon": 0.12841916208510396, "gamma": 0.09519347662441316, "lamda": 0.13631880061579066}, "datetime": {"datetime": "2021-09-23 11:45:00", "elapsed": 8.212, "delta": 0.529144}}
{"target": 0.9081200374476242, "params": {"C": 998.7179058916205, "epsilon": 0.1743298156652331, "gamma": 0.09939740695052847, "lamda": 0.07220678429964145}, "datetime": {"datetime": "2021-09-23 11:45:01", "elapsed": 8.705002, "delta": 0.493002}}
{"target": 0.9177172871234599, "params": {"C": 1085.9234690312676, "epsilon": 0.33117153867645127, "gamma": 0.07235500012301534, "lamda": 0.0649700073480548}, "datetime": {"datetime": "2021-09-23 11:45:01", "elapsed": 9.147, "delta": 0.441998}}
{"target": 0.9164513659441071, "params": {"C": 1081.5311388016478, "epsilon": 0.20830255729343863, "gamma": 0.06177467312133458, "lamda": 0.1388897055280104}, "datetime": {"datetime": "2021-09-23 11:45:01", "elapsed": 9.56361, "delta": 0.41661}}
{"target": 0.9101848676860718, "params": {"C": 1051.764190815836, "epsilon": 0.1605410418047008, "gamma": 0.09984054619148959, "lamda": 0.10097741177539914}, "datetime": {"datetime": "2021-09-23 11:45:02", "elapsed": 10.009058, "delta": 0.445448}}
{"target": 0.913917580650445, "params": {"C": 1092.1627265326558, "epsilon": 0.2294892888874502, "gamma": 0.05214669160731503, "lamda": 0.12971918896777823}, "datetime": {"datetime": "2021-09-23 11:45:02", "elapsed": 10.401054, "delta": 0.391996}}
{"target": 0.9149717052483823, "params": {"C": 1092.2003594974144, "epsilon": 0.1481261710377098, "gamma": 0.08821673269694166, "lamda": 0.16110542343245188}, "datetime": {"datetime": "2021-09-23 11:45:03", "elapsed": 10.825057, "delta": 0.424003}}
{"target": 0.9151369376891628, "params": {"C": 1021.3669589175693, "epsilon": 0.0856949359224749, "gamma": 0.07898504853283149, "lamda": 0.1447941227125869}, "datetime": {"datetime": "2021-09-23 11:45:03", "elapsed": 11.349068, "delta": 0.524011}}
{"target": 0.9136259015117364, "params": {"C": 1112.298479964462, "epsilon": 0.28010620400404795, "gamma": 0.09183803651793537, "lamda": 0.12435437807682329}, "datetime": {"datetime": "2021-09-23 11:45:04", "elapsed": 11.748478, "delta": 0.39941}}
{"target": 0.9160518180908267, "params": {"C": 1046.5445086805094, "epsilon": 0.19851718827693485, "gamma": 0.05029673215354274, "lamda": 0.046538762928972854}, "datetime": {"datetime": "2021-09-23 11:45:04", "elapsed": 12.165329, "delta": 0.416851}}
{"target": 0.9171750371824443, "params": {"C": 1044.9650003964157, "epsilon": 0.13326670154559817, "gamma": 0.06096305584558226, "lamda": 0.07474172554898531}, "datetime": {"datetime": "2021-09-23 11:45:04", "elapsed": 12.580329, "delta": 0.415}}
{"target": 0.9116788529734946, "params": {"C": 1019.8850457318299, "epsilon": 0.13195482431420077, "gamma": 0.06731039719043165, "lamda": 0.04748041294240071}, "datetime": {"datetime": "2021-09-23 11:45:05", "elapsed": 12.99233, "delta": 0.412001}}
{"target": 0.9138426110458953, "params": {"C": 1130.793618727017, "epsilon": 0.24583322871243735, "gamma": 0.09055899114076407, "lamda": 0.07669899292906028}, "datetime": {"datetime": "2021-09-23 11:45:05", "elapsed": 13.37733, "delta": 0.385}}
{"target": 0.9168451362152392, "params": {"C": 1081.5454518076829, "epsilon": 0.13228646266019403, "gamma": 0.07926599771301857, "lamda": 0.143761713525376}, "datetime": {"datetime": "2021-09-23 11:45:06", "elapsed": 13.863238, "delta": 0.485908}}
{"target": 0.9180081540699303, "params": {"C": 1081.5400575117994, "epsilon": 0.14584857389226563, "gamma": 0.06680390888232435, "lamda": 0.15368096724457186}, "datetime": {"datetime": "2021-09-23 11:45:06", "elapsed": 14.27024, "delta": 0.407002}}
{"target": 0.9158296286768032, "params": {"C": 1092.1298075310651, "epsilon": 0.14341620675355155, "gamma": 0.07615005118332593, "lamda": 0.08758600336988774}, "datetime": {"datetime": "2021-09-23 11:45:07", "elapsed": 14.746869, "delta": 0.476629}}
{"target": 0.9152627335679625, "params": {"C": 1085.8746327100714, "epsilon": 0.2830857457757323, "gamma": 0.07982722108382558, "lamda": 0.04902543104461478}, "datetime": {"datetime": "2021-09-23 11:45:07", "elapsed": 15.230858, "delta": 0.483989}}
{"target": 0.9122889300094065, "params": {"C": 1122.7538000014717, "epsilon": 0.0879159968961073, "gamma": 0.09068161724603811, "lamda": 0.1572787345416714}, "datetime": {"datetime": "2021-09-23 11:45:08", "elapsed": 15.7814, "delta": 0.550542}}
{"target": 0.9127831994205576, "params": {"C": 1092.1332568788844, "epsilon": 0.14568965672348033, "gamma": 0.0805126194268773, "lamda": 0.0708997819488264}, "datetime": {"datetime": "2021-09-23 11:45:08", "elapsed": 16.262573, "delta": 0.481173}}
{"target": 0.9124813106226776, "params": {"C": 1018.0413108669549, "epsilon": 0.28416029909668233, "gamma": 0.09632080888852779, "lamda": 0.0740055087122167}, "datetime": {"datetime": "2021-09-23 11:45:09", "elapsed": 16.757568, "delta": 0.494995}}
{"target": 0.9114711686684869, "params": {"C": 1092.146034717125, "epsilon": 0.07551313684567655, "gamma": 0.08671652008175516, "lamda": 0.14377250575352535}, "datetime": {"datetime": "2021-09-23 11:45:09", "elapsed": 17.329468, "delta": 0.5719}}
{"target": 0.9144483547492833, "params": {"C": 1092.2101642997259, "epsilon": 0.14512722951395873, "gamma": 0.08505407704922055, "lamda": 0.10243817290027947}, "datetime": {"datetime": "2021-09-23 11:45:10", "elapsed": 17.822549, "delta": 0.493081}}
{"target": 0.9145780275743374, "params": {"C": 1112.5828235413771, "epsilon": 0.21560398947280907, "gamma": 0.08801394865065557, "lamda": 0.08698185466465753}, "datetime": {"datetime": "2021-09-23 11:45:10", "elapsed": 18.304554, "delta": 0.482005}}
{"target": 0.9148768090500493, "params": {"C": 1166.6045453187426, "epsilon": 0.2630094302576159, "gamma": 0.0879953544677775, "lamda": 0.08054459962861632}, "datetime": {"datetime": "2021-09-23 11:45:11", "elapsed": 18.825547, "delta": 0.520993}}
{"target": 0.9165028396902362, "params": {"C": 1092.132621967867, "epsilon": 0.1647591486718996, "gamma": 0.061089134829469836, "lamda": 0.16996445987957592}, "datetime": {"datetime": "2021-09-23 11:45:11", "elapsed": 19.334587, "delta": 0.50904}}
{"target": 0.9163090801908222, "params": {"C": 1008.1855905263102, "epsilon": 0.12964360247091222, "gamma": 0.07729748624098064, "lamda": 0.1104836625621565}, "datetime": {"datetime": "2021-09-23 11:45:12", "elapsed": 19.972983, "delta": 0.638396}}
{"target": 0.9145504873293169, "params": {"C": 1021.6469363720307, "epsilon": 0.24111555891184108, "gamma": 0.08998179600057865, "lamda": 0.11464656951366803}, "datetime": {"datetime": "2021-09-23 11:45:12", "elapsed": 20.528985, "delta": 0.556002}}
{"target": 0.9159829656376797, "params": {"C": 1081.500921817052, "epsilon": 0.13973377233542048, "gamma": 0.05152890779859677, "lamda": 0.15245019458459103}, "datetime": {"datetime": "2021-09-23 11:45:13", "elapsed": 21.203984, "delta": 0.674999}}
{"target": 0.9168007704413257, "params": {"C": 1044.9860098093795, "epsilon": 0.19731352183125175, "gamma": 0.07189606530385098, "lamda": 0.06464736115256521}, "datetime": {"datetime": "2021-09-23 11:45:14", "elapsed": 21.83727, "delta": 0.633286}}
{"target": 0.9174761183449257, "params": {"C": 1085.9270913403523, "epsilon": 0.2986764645010403, "gamma": 0.060828779273902664, "lamda": 0.07766636963393123}, "datetime": {"datetime": "2021-09-23 11:45:15", "elapsed": 22.684826, "delta": 0.847556}}
{"target": 0.9154757511926911, "params": {"C": 1081.5585504554356, "epsilon": 0.16539445382212736, "gamma": 0.05, "lamda": 0.1290495174881582}, "datetime": {"datetime": "2021-09-23 11:45:15", "elapsed": 23.590496, "delta": 0.90567}}
{"target": 0.9150351260429732, "params": {"C": 1081.531273536417, "epsilon": 0.18317070805566768, "gamma": 0.08722893482191948, "lamda": 0.1586774732689365}, "datetime": {"datetime": "2021-09-23 11:45:16", "elapsed": 24.19535, "delta": 0.604854}}
{"target": 0.9154166502298797, "params": {"C": 1125.4590998989643, "epsilon": 0.3084990813596657, "gamma": 0.059202577979376066, "lamda": 0.10350090255381734}, "datetime": {"datetime": "2021-09-23 11:45:17", "elapsed": 24.64935, "delta": 0.454}}
{"target": 0.9181617244844728, "params": {"C": 1092.239059216633, "epsilon": 0.2003901484852313, "gamma": 0.06462331386604546, "lamda": 0.10461857723583551}, "datetime": {"datetime": "2021-09-23 11:45:17", "elapsed": 25.163945, "delta": 0.514595}}
{"target": 0.9162703589668989, "params": {"C": 1092.1718780329593, "epsilon": 0.15724966898594103, "gamma": 0.0543187814196774, "lamda": 0.14854654454687938}, "datetime": {"datetime": "2021-09-23 11:45:18", "elapsed": 25.752481, "delta": 0.588536}}
