{"target": 0.9150599681040295, "params": {"C": 1092.227349853834, "epsilon": 0.17943453836502152, "gamma": 0.05, "lamda": 0.12710276266220172}, "datetime": {"datetime": "2021-09-23 11:45:18", "elapsed": 26.397667, "delta": 0.645186}}
{"target": 0.9175230933122409, "params": {"C": 1001.3671984788157, "epsilon": 0.21102564584329733, "gamma": 0.07482377795095764, "lamda": 0.1051082886920245}, "datetime": {"datetime": "2021-09-23 11:45:19", "elapsed": 26.968463, "delta": 0.570796}}
{"target": 0.9175721502000656, "params": {"C": 1044.9717119808563, "epsilon": 0.15876865721866873, "gamma": 0.05582741254063616, "lamda": 0.12140511954747255}, "datetime": {"datetime": "2021-09-23 11:45:19", "elapsed": 27.523064, "delta": 0.554601}}
{"target": 0.9146343550304726, "params": {"C": 1035.0775500120358, "epsilon": 0.2675969008003216, "gamma": 0.05881375200125329, "lamda": 0.1306520368754834}, "datetime": {"datetime": "2021-09-23 11:45:20", "elapsed": 28.010263, "delta": 0.487199}}
{"target": 0.9120181920321193, "params": {"C": 1185.6506194107858, "epsilon": 0.08784067497699434, "gamma": 0.0815498338168601, "lamda": 0.11117592825959115}, "datetime": {"datetime": "2021-09-23 11:45:20", "elapsed": 28.603266, "delta": 0.593003}}
{"target": 0.9154772667228036, "params": {"C": 1001.3249529042878, "epsilon": 0.21822361146860594, "gamma": 0.08538842527560223, "lamda": 0.1301922438999369}, "datetime": {"datetime": "2021-09-23 11:45:21", "elapsed": 29.128264, "delta": 0.524998}}
{"target": 0.9173756794316057, "params": {"C": 1092.2263218332555, "epsilon": 0.2321608132679157, "gamma": 0.07071182499856907, "lamda": 0.11402900127365398}, "datetime": {"datetime": "2021-09-23 11:45:22", "elapsed": 29.644891, "delta": 0.516627}}
{"target": 0.9185310740841776, "params": {"C": 1150.380977082565, "epsilon": 0.12070329480931329, "gamma": 0.06453852834724738, "lamda": 0.13418519351447114}, "datetime": {"datetime": "2021-09-23 11:45:22", "elapsed": 30.136451, "delta": 0.49156}}
{"target": 0.9117358620452777, "params": {"C": 1149.1691949922279, "epsilon": 0.17745007071717678, "gamma": 0.09054368193498505, "lamda": 0.07400786352430087}, "datetime": {"datetime": "2021-09-23 11:45:23", "elapsed": 30.65345, "delta": 0.516999}}
{"target": 0.9125362570991133, "params": {"C": 1166.863900529076, "epsilon": 0.13290108838787026, "gamma": 0.0963265648173801, "lamda": 0.15781402271794887}, "datetime": {"datetime": "2021-09-23 11:45:23", "elapsed": 31.257451, "delta": 0.604001}}
{"target": 0.9155196454563946, "params": {"C": 1150.3348358048218, "epsilon": 0.12302644348944433, "gamma": 0.08437928497757716, "lamda": 0.14962335919782377}, "datetime": {"datetime": "2021-09-23 11:45:24", "elapsed": 31.877804, "delta": 0.620353}}
{"target": 0.9139132394451625, "params": {"C": 1075.6395335920042, "epsilon": 0.2758630205964383, "gamma": 0.0920422148174952, "lamda": 0.11192612353366724}, "datetime": {"datetime": "2021-09-23 11:45:24", "elapsed": 32.563965, "delta": 0.686161}}
{"target": 0.9171136682342611, "params": {"C": 1092.1378343299225, "epsilon": 0.1476177829028917, "gamma": 0.05134010704593824, "lamda": 0.11238171449136497}, "datetime": {"datetime": "2021-09-23 11:45:25", "elapsed": 33.132963, "delta": 0.568998}}
{"target": 0.916549935372835, "params": {"C": 1021.061056322085, "epsilon": 0.3270804842588863, "gamma": 0.07636499893301725, "lamda": 0.09117320404159643}, "datetime": {"datetime": "2021-09-23 11:45:26", "elapsed": 33.655565, "delta": 0.522602}}
{"target": 0.9172160140037042, "params": {"C": 1045.0039996026635, "epsilon": 0.1494777376346567, "gamma": 0.056734357661918686, "lamda": 0.1451509847665024}, "datetime": {"datetime": "2021-09-23 11:45:26", "elapsed": 34.184776, "delta": 0.529211}}
{"target": 0.9157259446997014, "params": {"C": 1001.3871427087922, "epsilon": 0.24858053268546076, "gamma": 0.08470142518549656, "lamda": 0.10814931333362744}, "datetime": {"datetime": "2021-09-23 11:45:27", "elapsed": 34.729368, "delta": 0.544592}}
{"target": 0.917534161800404, "params": {"C": 1092.2134641886282, "epsilon": 0.2097859096308477, "gamma": 0.052039761383666984, "lamda": 0.05958223688210525}, "datetime": {"datetime": "2021-09-23 11:45:27", "elapsed": 35.295369, "delta": 0.566001}}
{"target": 0.9167461170507512, "params": {"C": 1069.2693640388459, "epsilon": 0.07223077078267191, "gamma": 0.052269928397479716, "lamda": 0.12219428076686431}, "datetime": {"datetime": "2021-09-23 11:45:28", "elapsed": 35.805777, "delta": 0.510408}}
{"target": 0.9177628702768506, "params": {"C": 1044.913709176636, "epsilon": 0.18998602707137174, "gamma": 0.07355730148139408, "lamda": 0.10740156439255395}, "datetime": {"datetime": "2021-09-23 11:45:28", "elapsed": 36.348912, "delta": 0.543135}}
{"target": 0.9120496466814388, "params": {"C": 1063.2121449875572, "epsilon": 0.2631499957800745, "gamma": 0.05545655446295451, "lamda": 0.1595317492224805}, "datetime": {"datetime": "2021-09-23 11:45:29", "elapsed": 36.902754, "delta": 0.553842}}
{"target": 0.9179695934363892, "params": {"C": 1150.4020218083397, "epsilon": 0.12047558586668505, "gamma": 0.062445627931611264, "lamda": 0.09774670076799669}, "datetime": {"datetime": "2021-09-23 11:45:29", "elapsed": 37.467752, "delta": 0.564998}}
{"target": 0.912975486687508, "params": {"C": 1092.2591550062934, "epsilon": 0.2272921545100737, "gamma": 0.09064470482296788, "lamda": 0.06944075303175606}, "datetime": {"datetime": "2021-09-23 11:45:30", "elapsed": 38.084267, "delta": 0.616515}}
{"target": 0.917160421285865, "params": {"C": 1184.300334823331, "epsilon": 0.32709610114745363, "gamma": 0.0543236069918586, "lamda": 0.0576875359841552}, "datetime": {"datetime": "2021-09-23 11:45:30", "elapsed": 38.615266, "delta": 0.530999}}
{"target": 0.9175002586531993, "params": {"C": 1077.726604647928, "epsilon": 0.18592823924716378, "gamma": 0.0656463394185529, "lamda": 0.1366785406267596}, "datetime": {"datetime": "2021-09-23 11:45:31", "elapsed": 39.114266, "delta": 0.499}}
{"target": 0.9177007839545894, "params": {"C": 991.6944985851027, "epsilon": 0.2267624296126786, "gamma": 0.05447148089872689, "lamda": 0.07200991334554593}, "datetime": {"datetime": "2021-09-23 11:45:32", "elapsed": 39.652944, "delta": 0.538678}}
{"target": 0.9135713657474045, "params": {"C": 1168.5830998416545, "epsilon": 0.3261653084634986, "gamma": 0.09030945513800614, "lamda": 0.11621513899359921}, "datetime": {"datetime": "2021-09-23 11:45:32", "elapsed": 40.195014, "delta": 0.54207}}
{"target": 0.9157499807631885, "params": {"C": 1028.3455673911478, "epsilon": 0.1868612070074936, "gamma": 0.05630365772219231, "lamda": 0.14750544637971552}, "datetime": {"datetime": "2021-09-23 11:45:33", "elapsed": 40.733962, "delta": 0.538948}}
{"target": 0.9176925622556726, "params": {"C": 1150.3636236369887, "epsilon": 0.08601014786441344, "gamma": 0.05357192922785148, "lamda": 0.11856977257497248}, "datetime": {"datetime": "2021-09-23 11:45:33", "elapsed": 41.288962, "delta": 0.555}}
{"target": 0.9147936736796117, "params": {"C": 1041.7342947135494, "epsilon": 0.26714362548987086, "gamma": 0.07272666454991268, "lamda": 0.15533153730099253}, "datetime": {"datetime": "2021-09-23 11:45:34", "elapsed": 41.814293, "delta": 0.525331}}
{"target": 0.9170464061786826, "params": {"C": 1166.4564993304627, "epsilon": 0.21722557419113125, "gamma": 0.05020038537614077, "lamda": 0.06590558344112482}, "datetime": {"datetime": "2021-09-23 11:45:34", "elapsed": 42.353273, "delta": 0.53898}}
{"target": 0.9103571547987293, "params": {"C": 1127.2152578749585, "epsilon": 0.10120601256313803, "gamma": 0.09861451164567969, "lamda": 0.15312304357027767}, "datetime": {"datetime": "2021-09-23 11:45:35", "elapsed": 42.863273, "delta": 0.51}}
{"target": 0.9152602625093219, "params": {"C": 1044.9388631728984, "epsilon": 0.17508733284424333, "gamma": 0.06517814694074923, "lamda": 0.04878073124324904}, "datetime": {"datetime": "2021-09-23 11:45:35", "elapsed": 43.499283, "delta": 0.63601}}
{"target": 0.918529972325671, "params": {"C": 1044.9380862019932, "epsilon": 0.14513851722810367, "gamma": 0.06263578873773518, "lamda": 0.10944370864664484}, "datetime": {"datetime": "2021-09-23 11:45:36", "elapsed": 44.056098, "delta": 0.556815}}
{"target": 0.9112825129440639, "params": {"C": 1044.9201937548964, "epsilon": 0.14784335169783716, "gamma": 0.09747441568228032, "lamda": 0.11514462835982957}, "datetime": {"datetime": "2021-09-23 11:45:37", "elapsed": 44.682102, "delta": 0.626004}}
{"target": 0.9176769616137177, "params": {"C": 1044.9554303296616, "epsilon": 0.17916154557219394, "gamma": 0.05574958684111514, "lamda": 0.10323681876194994}, "datetime": {"datetime": "2021-09-23 11:45:37", "elapsed": 45.251742, "delta": 0.56964}}
{"target": 0.9105510489831189, "params": {"C": 1150.363595638137, "epsilon": 0.10242986255277794, "gamma": 0.09010190626850031, "lamda": 0.11033893065719742}, "datetime": {"datetime": "2021-09-23 11:45:38", "elapsed": 45.828207, "delta": 0.576465}}
{"target": 0.9183491663960874, "params": {"C": 1150.4456578532204, "epsilon": 0.1182271907756068, "gamma": 0.056821319349837106, "lamda": 0.11834195321855005}, "datetime": {"datetime": "2021-09-23 11:45:38", "elapsed": 46.399944, "delta": 0.571737}}
{"target": 0.9180991081159754, "params": {"C": 1148.1335032802092, "epsilon": 0.20747401783612418, "gamma": 0.058410300299891214, "lamda": 0.08664892935813681}, "datetime": {"datetime": "2021-09-23 11:45:39", "elapsed": 46.948119, "delta": 0.548175}}
{"target": 0.9143445991341665, "params": {"C": 1090.0463674558332, "epsilon": 0.1890080826196146, "gamma": 0.09039007421448185, "lamda": 0.11631709188687399}, "datetime": {"datetime": "2021-09-23 11:45:39", "elapsed": 47.540119, "delta": 0.592}}
{"target": 0.9110382306208646, "params": {"C": 1113.3078160965558, "epsilon": 0.16137374928461967, "gamma": 0.09991859942746348, "lamda": 0.11791014370437124}, "datetime": {"datetime": "2021-09-23 11:45:40", "elapsed": 48.102264, "delta": 0.562145}}
{"target": 0.9168975932006529, "params": {"C": 1150.4210544453717, "epsilon": 0.1471943888934738, "gamma": 0.05075326504523429, "lamda": 0.1144035870586577}, "datetime": {"datetime": "2021-09-23 11:45:41", "elapsed": 48.756266, "delta": 0.654002}}
{"target": 0.9135004979761127, "params": {"C": 1171.7106796373223, "epsilon": 0.283196792816512, "gamma": 0.09207978949135455, "lamda": 0.12568849313060254}, "datetime": {"datetime": "2021-09-23 11:45:41", "elapsed": 49.305264, "delta": 0.548998}}
{"target": 0.9179163025431875, "params": {"C": 1044.9636475100956, "epsilon": 0.0939240450312578, "gamma": 0.05300251708658166, "lamda": 0.1245929093362155}, "datetime": {"datetime": "2021-09-23 11:45:42", "elapsed": 49.973752, "delta": 0.668488}}
{"target": 0.9153767326204628, "params": {"C": 1164.055114508118, "epsilon": 0.323062482242973, "gamma": 0.05758340235983944, "lamda": 0.09481381680545667}, "datetime": {"datetime": "2021-09-23 11:45:42", "elapsed": 50.517414, "delta": 0.543662}}
{"target": 0.9031224559435036, "params": {"C": 1127.274507162207, "epsilon": 0.07479249391340297, "gamma": 0.07426837006273858, "lamda": 0.06104774322413187}, "datetime": {"datetime": "2021-09-23 11:45:43", "elapsed": 51.11341, "delta": 0.595996}}
{"target": 0.9118450684299626, "params": {"C": 1001.1957892555661, "epsilon": 0.2123168139041356, "gamma": 0.095489607911743, "lamda": 0.0800012694152168}, "datetime": {"datetime": "2021-09-23 11:45:44", "elapsed": 51.70607, "delta": 0.59266}}
{"target": 0.917785586537823, "params": {"C": 1150.4421417780616, "epsilon": 0.10208985945685811, "gamma": 0.0714761050732518, "lamda": 0.14656283508329343}, "datetime": {"datetime": "2021-09-23 11:45:44", "elapsed": 52.394744, "delta": 0.688674}}
{"target": 0.9162907969742677, "params": {"C": 1044.948462662006, "epsilon": 0.22802044227621504, "gamma": 0.054400558415469244, "lamda": 0.10279291226546891}, "datetime": {"datetime": "2021-09-23 11:45:45", "elapsed": 53.025741, "delta": 0.630997}}
{"target": 0.9171378426968123, "params": {"C": 1005.41141178535, "epsilon": 0.2330673643688511, "gamma": 0.06577436075360354, "lamda": 0.11712963336696958}, "datetime": {"datetime": "2021-09-23 11:45:45", "elapsed": 53.574744, "delta": 0.549003}}
{"target": 0.9177307171781883, "params": {"C": 1150.4164257711527, "epsilon": 0.1365301598205808, "gamma": 0.07405279691903263, "lamda": 0.1422339677383876}, "datetime": {"datetime": "2021-09-23 11:45:46", "elapsed": 54.209246, "delta": 0.634502}}
{"target": 0.9179569540539659, "params": {"C": 1148.1625683395139, "epsilon": 0.17730530029157454, "gamma": 0.07157066604032303, "lamda": 0.11632919909222666}, "datetime": {"datetime": "2021-09-23 11:45:47", "elapsed": 54.897857, "delta": 0.688611}}
{"target": 0.915161558126251, "params": {"C": 1148.1244700167929, "epsilon": 0.20802828636525028, "gamma": 0.08763368466652366, "lamda": 0.1197009587151706}, "datetime": {"datetime": "2021-09-23 11:45:47", "elapsed": 55.536853, "delta": 0.638996}}
{"target": 0.9142647735827942, "params": {"C": 1085.9091658327216, "epsilon": 0.3234401567769077, "gamma": 0.08769724468413177, "lamda": 0.11132119200871213}, "datetime": {"datetime": "2021-09-23 11:45:48", "elapsed": 56.216354, "delta": 0.679501}}
{"target": 0.907452466443949, "params": {"C": 1035.109951313533, "epsilon": 0.1918368526281718, "gamma": 0.09835716439865078, "lamda": 0.0597327421308379}, "datetime": {"datetime": "2021-09-23 11:45:49", "elapsed": 56.792391, "delta": 0.576037}}
{"target": 0.9167817726141245, "params": {"C": 1150.4066073283307, "epsilon": 0.08851669411487623, "gamma": 0.051848266656790085, "lamda": 0.09946730128555588}, "datetime": {"datetime": "2021-09-23 11:45:49", "elapsed": 57.426718, "delta": 0.634327}}
{"target": 0.9142812111886142, "params": {"C": 1101.1613216067883, "epsilon": 0.27969525936931994, "gamma": 0.07720903690640528, "lamda": 0.1568513552612531}, "datetime": {"datetime": "2021-09-23 11:45:50", "elapsed": 58.046393, "delta": 0.619675}}
{"target": 0.9120463394469617, "params": {"C": 1092.117688918668, "epsilon": 0.2475558370268052, "gamma": 0.09424597847415114, "lamda": 0.06662604131517516}, "datetime": {"datetime": "2021-09-23 11:45:51", "elapsed": 58.644205, "delta": 0.597812}}
{"target": 0.915043012570951, "params": {"C": 1169.4237781233385, "epsilon": 0.13742446476032155, "gamma": 0.08071739021618665, "lamda": 0.09715968539358139}, "datetime": {"datetime": "2021-09-23 11:45:51", "elapsed": 59.239204, "delta": 0.594999}}
{"target": 0.9177363517703938, "params": {"C": 1031.017887544633, "epsilon": 0.15624521954062542, "gamma": 0.053679596535194996, "lamda": 0.10117976161249373}, "datetime": {"datetime": "2021-09-23 11:45:52", "elapsed": 59.837, "delta": 0.597796}}
{"target": 0.9148332958783281, "params": {"C": 1148.176749386761, "epsilon": 0.19480046075563498, "gamma": 0.050399753340695644, "lamda": 0.12395358007471369}, "datetime": {"datetime": "2021-09-23 11:45:52", "elapsed": 60.524824, "delta": 0.687824}}
{"target": 0.9183127091634824, "params": {"C": 1148.190393569213, "epsilon": 0.14420788587407835, "gamma": 0.057887062523195705, "lamda": 0.09165817937481821}, "datetime": {"datetime": "2021-09-23 11:45:53", "elapsed": 61.186823, "delta": 0.661999}}
{"target": 0.9126516431117856, "params": {"C": 1045.003409351537, "epsilon": 0.12848983019329008, "gamma": 0.08820741739513371, "lamda": 0.1025432634313975}, "datetime": {"datetime": "2021-09-23 11:45:54", "elapsed": 61.874344, "delta": 0.687521}}
{"target": 0.9154791983408896, "params": {"C": 1077.7060318267072, "epsilon": 0.2217315836779751, "gamma": 0.07763251339050836, "lamda": 0.16067208840299413}, "datetime": {"datetime": "2021-09-23 11:45:55", "elapsed": 62.659691, "delta": 0.785347}}
{"target": 0.914143737228498, "params": {"C": 1058.1272895020097, "epsilon": 0.32491945064163086, "gamma": 0.09119422961954723, "lamda": 0.0735819588423777}, "datetime": {"datetime": "2021-09-23 11:45:55", "elapsed": 63.31069, "delta": 0.650999}}
{"target": 0.9125814013430456, "params": {"C": 1148.1389962565227, "epsilon": 0.19276074955204248, "gamma": 0.09033159578912754, "lamda": 0.0752893972189197}, "datetime": {"datetime": "2021-09-23 11:45:56", "elapsed": 63.981131, "delta": 0.670441}}
{"target": 0.9163520576173385, "params": {"C": 1148.1957492456513, "epsilon": 0.157420985920598, "gamma": 0.0799046197020738, "lamda": 0.10703817435252297}, "datetime": {"datetime": "2021-09-23 11:45:57", "elapsed": 64.705072, "delta": 0.723941}}
{"target": 0.9139680316750209, "params": {"C": 1031.02738723307, "epsilon": 0.12031340412230573, "gamma": 0.0695052991254568, "lamda": 0.07014877047512648}, "datetime": {"datetime": "2021-09-23 11:45:57", "elapsed": 65.397073, "delta": 0.692001}}
{"target": 0.9138077066891858, "params": {"C": 991.6899153291672, "epsilon": 0.2444787029688564, "gamma": 0.09255497504598444, "lamda": 0.09405638598562543}, "datetime": {"datetime": "2021-09-23 11:45:58", "elapsed": 66.081941, "delta": 0.684868}}
{"target": 0.916523372004273, "params": {"C": 1044.4379764807484, "epsilon": 0.2916472924040877, "gamma": 0.07647793348967617, "lamda": 0.05215315139447145}, "datetime": {"datetime": "2021-09-23 11:45:59", "elapsed": 66.737945, "delta": 0.656004}}
{"target": 0.9157474414043093, "params": {"C": 1081.0315951490923, "epsilon": 0.3391132370436084, "gamma": 0.08337043785991793, "lamda": 0.057738568989269115}, "datetime": {"datetime": "2021-09-23 11:45:59", "elapsed": 67.40012, "delta": 0.662175}}
{"target": 0.9167362238483264, "params": {"C": 1150.381876704595, "epsilon": 0.08044459083261402, "gamma": 0.07436185755711677, "lamda": 0.1647817875187112}, "datetime": {"datetime": "2021-09-23 11:46:00", "elapsed": 68.152349, "delta": 0.752229}}
{"target": 0.9103417766990567, "params": {"C": 1089.8791157479704, "epsilon": 0.3212908810507836, "gamma": 0.053732399126731986, "lamda": 0.14779992931376235}, "datetime": {"datetime": "2021-09-23 11:46:01", "elapsed": 68.909352, "delta": 0.757003}}
{"target": 0.9181931565614978, "params": {"C": 991.732297543342, "epsilon": 0.20204381710360214, "gamma": 0.057438536607302054, "lamda": 0.06685816218699407}, "datetime": {"datetime": "2021-09-23 11:46:02", "elapsed": 69.758642, "delta": 0.84929}}
{"target": 0.9152866882160294, "params": {"C": 1092.1421459382698, "epsilon": 0.1665236692267845, "gamma": 0.0864291700202093, "lamda": 0.12519293707645446}, "datetime": {"datetime": "2021-09-23 11:46:02", "elapsed": 70.591793, "delta": 0.833151}}
{"target": 0.9176671123876332, "params": {"C": 1148.1591156763618, "epsilon": 0.13078943128758463, "gamma": 0.055708229415972, "lamda": 0.0798214847054875}, "datetime": {"datetime": "2021-09-23 11:46:03", "elapsed": 71.376793, "delta": 0.785}}
{"target": 0.9138142279594587, "params": {"C": 1104.4763571578453, "epsilon": 0.2484496009046539, "gamma": 0.08020338560252498, "lamda": 0.04664666068330035}, "datetime": {"datetime": "2021-09-23 11:46:04", "elapsed": 72.14304, "delta": 0.766247}}
{"target": 0.9183569298613031, "params": {"C": 1148.136742740765, "epsilon": 0.1480925592114716, "gamma": 0.06638846395810236, "lamda": 0.10434273843917581}, "datetime": {"datetime": "2021-09-23 11:46:05", "elapsed": 72.999041, "delta": 0.856001}}
{"target": 0.9168014234726651, "params": {"C": 1091.813003801513, "epsilon": 0.13424208869778595, "gamma": 0.07809589807733981, "lamda": 0.12528432155723557}, "datetime": {"datetime": "2021-09-23 11:46:06", "elapsed": 73.697046, "delta": 0.698005}}
{"target": 0.912737450255751, "params": {"C": 1033.5670565920182, "epsilon": 0.16531120592639106, "gamma": 0.07810950607619808, "lamda": 0.05840838369299452}, "datetime": {"datetime": "2021-09-23 11:46:06", "elapsed": 74.436439, "delta": 0.739393}}
{"target": 0.9106573051555342, "params": {"C": 1157.2449644259634, "epsilon": 0.33879594730023377, "gamma": 0.09707917360888545, "lamda": 0.1519371998788339}, "datetime": {"datetime": "2021-09-23 11:46:07", "elapsed": 75.173072, "delta": 0.736633}}
{"target": 0.9159176126205649, "params": {"C": 1148.1108759019614, "epsilon": 0.14458233345470983, "gamma": 0.0511308461202947, "lamda": 0.14590726242077032}, "datetime": {"datetime": "2021-09-23 11:46:08", "elapsed": 76.044548, "delta": 0.871476}}
{"target": 0.9180163889891885, "params": {"C": 1158.996345369381, "epsilon": 0.13110635180720298, "gamma": 0.0681176747651895, "lamda": 0.16873920077063093}, "datetime": {"datetime": "2021-09-23 11:46:09", "elapsed": 76.779734, "delta": 0.735186}}
{"target": 0.9140875683176684, "params": {"C": 1008.9024881909579, "epsilon": 0.10602029383296885, "gamma": 0.08236046896956302, "lamda": 0.11710922400051037}, "datetime": {"datetime": "2021-09-23 11:46:09", "elapsed": 77.558045, "delta": 0.778311}}
{"target": 0.9180629775596341, "params": {"C": 1043.8598235670136, "epsilon": 0.2988450336538654, "gamma": 0.05779430620828606, "lamda": 0.045592022590554684}, "datetime": {"datetime": "2021-09-23 11:46:10", "elapsed": 78.380858, "delta": 0.822813}}
{"target": 0.9180073405114892, "params": {"C": 1043.88961126794, "epsilon": 0.30795715460169615, "gamma": 0.058654735680247455, "lamda": 0.057939505986727854}, "datetime": {"datetime": "2021-09-23 11:46:11", "elapsed": 79.310892, "delta": 0.930034}}
{"target": 0.9143815096615742, "params": {"C": 1038.4566044422554, "epsilon": 0.2519351839899737, "gamma": 0.0907012867682809, "lamda": 0.10482191888948683}, "datetime": {"datetime": "2021-09-23 11:46:12", "elapsed": 80.051455, "delta": 0.740563}}
{"target": 0.9170926735164009, "params": {"C": 1113.0024661308325, "epsilon": 0.21272432417171194, "gamma": 0.07812482116145653, "lamda": 0.10302815703607959}, "datetime": {"datetime": "2021-09-23 11:46:13", "elapsed": 80.809647, "delta": 0.758192}}
{"target": 0.9170084103221211, "params": {"C": 1148.1817494242946, "epsilon": 0.11408112409588272, "gamma": 0.07096925145912361, "lamda": 0.10839179063338696}, "datetime": {"datetime": "2021-09-23 11:46:14", "elapsed": 81.665646, "delta": 0.855999}}
