{"target": -2.110373029134539, "params": {"C": 459.73454611963285, "epsilon": 0.1644130189524344, "gamma": 0.04, "lamda": 0.22216892790705106}, "datetime": {"datetime": "2021-09-23 13:45:16", "elapsed": 56.890897, "delta": 0.865999}}
{"target": -2.073413393549631, "params": {"C": 463.94285266055306, "epsilon": 0.1419288666134934, "gamma": 0.08764156618675367, "lamda": 0.09890117505971052}, "datetime": {"datetime": "2021-09-23 13:45:16", "elapsed": 57.403897, "delta": 0.513}}
{"target": -2.1456117611200067, "params": {"C": 458.40590338798586, "epsilon": 0.29032923197326393, "gamma": 0.09804694066953303, "lamda": 0.20983734483479038}, "datetime": {"datetime": "2021-09-23 13:45:17", "elapsed": 57.971893, "delta": 0.567996}}
{"target": -2.035060912606406, "params": {"C": 417.58515912397104, "epsilon": 0.04793162944950012, "gamma": 0.04499384247445537, "lamda": 0.1890907313791252}, "datetime": {"datetime": "2021-09-23 13:45:17", "elapsed": 58.520897, "delta": 0.549004}}
{"target": -2.0378586311920732, "params": {"C": 417.5049979396525, "epsilon": 0.05728471229978262, "gamma": 0.05676024002495949, "lamda": 0.11223098527754011}, "datetime": {"datetime": "2021-09-23 13:45:18", "elapsed": 59.259894, "delta": 0.738997}}
{"target": -2.2967845726092735, "params": {"C": 409.13322556403335, "epsilon": 0.7267555405513758, "gamma": 0.052004419818499924, "lamda": 0.2757136581961548}, "datetime": {"datetime": "2021-09-23 13:45:18", "elapsed": 59.777893, "delta": 0.517999}}
{"target": -2.044487094670075, "params": {"C": 530.7935188023343, "epsilon": 0.2194687497482135, "gamma": 0.06738038144954478, "lamda": 0.1323723457817523}, "datetime": {"datetime": "2021-09-23 13:45:19", "elapsed": 60.359902, "delta": 0.582009}}
{"target": -2.2532623065853077, "params": {"C": 426.1184581072686, "epsilon": 0.17186556958648652, "gamma": 0.1429156370148304, "lamda": 0.28571607518620573}, "datetime": {"datetime": "2021-09-23 13:45:20", "elapsed": 60.891897, "delta": 0.531995}}
{"target": -2.067765066315915, "params": {"C": 578.0934904511596, "epsilon": 0.9541194707465018, "gamma": 0.049511935382088916, "lamda": 0.03943508348324007}, "datetime": {"datetime": "2021-09-23 13:45:20", "elapsed": 61.507893, "delta": 0.615996}}
{"target": -2.1588303964725184, "params": {"C": 429.38595997385323, "epsilon": 0.4521892951010267, "gamma": 0.07442194672081635, "lamda": 0.22269421425408226}, "datetime": {"datetime": "2021-09-23 13:45:21", "elapsed": 62.248504, "delta": 0.740611}}
{"target": -2.0622622003779125, "params": {"C": 309.3411608164223, "epsilon": 0.597377527511746, "gamma": 0.04983725797719915, "lamda": 0.07266299896166656}, "datetime": {"datetime": "2021-09-23 13:45:22", "elapsed": 62.815501, "delta": 0.566997}}
{"target": -2.085786112603704, "params": {"C": 417.55379462906313, "epsilon": 0.14786520592744398, "gamma": 0.09133884277671792, "lamda": 0.08766995562016174}, "datetime": {"datetime": "2021-09-23 13:45:22", "elapsed": 63.549734, "delta": 0.734233}}
{"target": -2.1810561276338283, "params": {"C": 360.4821870574155, "epsilon": 0.45550651380442153, "gamma": 0.053868046988823075, "lamda": 0.24781263560094}, "datetime": {"datetime": "2021-09-23 13:45:23", "elapsed": 64.077341, "delta": 0.527607}}
{"target": -2.346731598765754, "params": {"C": 568.9743923086507, "epsilon": 0.5766197998051428, "gamma": 0.1472316657954369, "lamda": 0.26217766500182177}, "datetime": {"datetime": "2021-09-23 13:45:24", "elapsed": 64.858345, "delta": 0.781004}}
{"target": -2.3141344708371023, "params": {"C": 379.164132158441, "epsilon": 0.7409551128528742, "gamma": 0.08999866200980788, "lamda": 0.2659691665383027}, "datetime": {"datetime": "2021-09-23 13:45:24", "elapsed": 65.398269, "delta": 0.539924}}
{"target": -2.273594241154738, "params": {"C": 463.96256620067504, "epsilon": 0.048077891494976474, "gamma": 0.09240879617875061, "lamda": 0.04112915988842903}, "datetime": {"datetime": "2021-09-23 13:45:25", "elapsed": 66.181873, "delta": 0.783604}}
{"target": -2.2587197579108227, "params": {"C": 498.4398947092444, "epsilon": 0.15095471133560187, "gamma": 0.1469519256204953, "lamda": 0.2608454610830442}, "datetime": {"datetime": "2021-09-23 13:45:25", "elapsed": 66.783867, "delta": 0.601994}}
{"target": -2.2229035345174872, "params": {"C": 357.4758856328026, "epsilon": 0.292714697746061, "gamma": 0.13240235384403146, "lamda": 0.15433054197824772}, "datetime": {"datetime": "2021-09-23 13:45:26", "elapsed": 67.453138, "delta": 0.669271}}
{"target": -2.034691799565805, "params": {"C": 416.7768845720983, "epsilon": 0.7367627838505701, "gamma": 0.06987056290333761, "lamda": 0.035956601224957904}, "datetime": {"datetime": "2021-09-23 13:45:27", "elapsed": 68.239613, "delta": 0.786475}}
{"target": -2.2817084632210345, "params": {"C": 311.384168551524, "epsilon": 0.9499829463597499, "gamma": 0.13767103071402118, "lamda": 0.018152242027659103}, "datetime": {"datetime": "2021-09-23 13:45:28", "elapsed": 68.953739, "delta": 0.714126}}
{"target": -2.3211665878398526, "params": {"C": 417.5876664388364, "epsilon": 0.04033593003051355, "gamma": 0.1392725461023919, "lamda": 0.21325127353153767}, "datetime": {"datetime": "2021-09-23 13:45:28", "elapsed": 69.697217, "delta": 0.743478}}
{"target": -2.1722419483928834, "params": {"C": 530.7140535890111, "epsilon": 0.18546708143779742, "gamma": 0.11213960362386355, "lamda": 0.1466677842740375}, "datetime": {"datetime": "2021-09-23 13:45:29", "elapsed": 70.397436, "delta": 0.700219}}
{"target": -2.133272123742587, "params": {"C": 595.1773404359467, "epsilon": 0.41513006275458136, "gamma": 0.09665700785797901, "lamda": 0.1383637373447235}, "datetime": {"datetime": "2021-09-23 13:45:30", "elapsed": 70.970433, "delta": 0.572997}}
{"target": -2.0690038137186653, "params": {"C": 527.6281441119198, "epsilon": 0.5287965078617748, "gamma": 0.05850266065976066, "lamda": 0.1066255161108774}, "datetime": {"datetime": "2021-09-23 13:45:30", "elapsed": 71.594839, "delta": 0.624406}}
{"target": -2.1221095042899423, "params": {"C": 463.9504999643808, "epsilon": 0.10946656935952681, "gamma": 0.09376938742148497, "lamda": 0.22140699892473525}, "datetime": {"datetime": "2021-09-23 13:45:31", "elapsed": 72.279082, "delta": 0.684243}}
{"target": -2.2682583416908613, "params": {"C": 479.03416199519415, "epsilon": 0.3648844419008698, "gamma": 0.14982091874041964, "lamda": 0.17915153339414128}, "datetime": {"datetime": "2021-09-23 13:45:32", "elapsed": 72.816084, "delta": 0.537002}}
{"target": -2.027330045857897, "params": {"C": 417.610696363858, "epsilon": 0.06583744013938236, "gamma": 0.06838122157922777, "lamda": 0.13272526735635498}, "datetime": {"datetime": "2021-09-23 13:45:32", "elapsed": 73.46463, "delta": 0.648546}}
{"target": -2.3265424917372393, "params": {"C": 560.5265297264963, "epsilon": 0.798033041125376, "gamma": 0.13257553688098, "lamda": 0.19719730406299787}, "datetime": {"datetime": "2021-09-23 13:45:33", "elapsed": 74.15548, "delta": 0.69085}}
{"target": -2.2639303768533323, "params": {"C": 467.77235767455704, "epsilon": 0.2773803685517232, "gamma": 0.14226812114507423, "lamda": 0.27144598291933436}, "datetime": {"datetime": "2021-09-23 13:45:33", "elapsed": 74.719488, "delta": 0.564008}}
{"target": -2.176385722026724, "params": {"C": 549.8443458252809, "epsilon": 0.9397777146416818, "gamma": 0.05668348519164676, "lamda": 0.12556805498865947}, "datetime": {"datetime": "2021-09-23 13:45:34", "elapsed": 75.32508, "delta": 0.605592}}
{"target": -2.2488930297255614, "params": {"C": 498.52256813331235, "epsilon": 0.057039978358766064, "gamma": 0.09339041413802486, "lamda": 0.04723076427998594}, "datetime": {"datetime": "2021-09-23 13:45:35", "elapsed": 75.937119, "delta": 0.612039}}
{"target": -2.239390252584806, "params": {"C": 322.59877570544097, "epsilon": 0.5460153383258154, "gamma": 0.14007713740583458, "lamda": 0.09120294504330298}, "datetime": {"datetime": "2021-09-23 13:45:35", "elapsed": 76.582118, "delta": 0.644999}}
{"target": -2.093440485995453, "params": {"C": 530.8495001554347, "epsilon": 0.1540972780688288, "gamma": 0.08724743116115395, "lamda": 0.2456257773932408}, "datetime": {"datetime": "2021-09-23 13:45:36", "elapsed": 77.51415, "delta": 0.932032}}
{"target": -2.0479220995435474, "params": {"C": 530.7532943190183, "epsilon": 0.20635194924459055, "gamma": 0.07610438843585239, "lamda": 0.07661059180848852}, "datetime": {"datetime": "2021-09-23 13:45:37", "elapsed": 78.404934, "delta": 0.890784}}
{"target": -2.170584946462178, "params": {"C": 328.48103970048834, "epsilon": 0.6197950733114704, "gamma": 0.0747035936579278, "lamda": 0.17734074941136943}, "datetime": {"datetime": "2021-09-23 13:45:38", "elapsed": 79.203931, "delta": 0.798997}}
{"target": -2.2335025195626463, "params": {"C": 530.7993013010491, "epsilon": 0.14641260941593986, "gamma": 0.11342668250516758, "lamda": 0.0565223649451011}, "datetime": {"datetime": "2021-09-23 13:45:39", "elapsed": 80.189895, "delta": 0.985964}}
{"target": -2.2081476008310785, "params": {"C": 350.75578655777304, "epsilon": 0.12696285390922715, "gamma": 0.12378760674889264, "lamda": 0.29495393610930243}, "datetime": {"datetime": "2021-09-23 13:45:40", "elapsed": 80.88589, "delta": 0.695995}}
{"target": -2.1844354433836877, "params": {"C": 420.9180641931962, "epsilon": 0.2898515245605028, "gamma": 0.11827087288717755, "lamda": 0.17370974518079746}, "datetime": {"datetime": "2021-09-23 13:45:41", "elapsed": 81.828279, "delta": 0.942389}}
{"target": -2.0206201669269865, "params": {"C": 417.64919563939407, "epsilon": 0.12125168507519454, "gamma": 0.05401450170274304, "lamda": 0.12090519358602388}, "datetime": {"datetime": "2021-09-23 13:45:41", "elapsed": 82.664286, "delta": 0.836007}}
{"target": -2.286047214755646, "params": {"C": 369.9208622979531, "epsilon": 0.4731976982334996, "gamma": 0.14638576167703168, "lamda": 0.04417996174354393}, "datetime": {"datetime": "2021-09-23 13:45:42", "elapsed": 83.53711, "delta": 0.872824}}
{"target": -2.0507619066622547, "params": {"C": 417.5524550602527, "epsilon": 0.19385537019066976, "gamma": 0.06217300712728378, "lamda": 0.2195526092661469}, "datetime": {"datetime": "2021-09-23 13:45:43", "elapsed": 84.767063, "delta": 1.229953}}
{"target": -2.071717541737214, "params": {"C": 530.7854760411689, "epsilon": 0.3172035208750792, "gamma": 0.06445475792007224, "lamda": 0.18552837333790867}, "datetime": {"datetime": "2021-09-23 13:45:44", "elapsed": 85.721571, "delta": 0.954508}}
{"target": -2.236860661423388, "params": {"C": 449.466542677211, "epsilon": 0.671309642761974, "gamma": 0.13734115264313249, "lamda": 0.060172415851206376}, "datetime": {"datetime": "2021-09-23 13:45:45", "elapsed": 86.656328, "delta": 0.934757}}
{"target": -2.1520551499930622, "params": {"C": 557.3355043581466, "epsilon": 0.279731430258921, "gamma": 0.10757825847561059, "lamda": 0.13101047011310882}, "datetime": {"datetime": "2021-09-23 13:45:46", "elapsed": 87.62995, "delta": 0.973622}}
{"target": -2.0837129416997255, "params": {"C": 364.2110058762321, "epsilon": 0.3466496694777792, "gamma": 0.04809511237742898, "lamda": 0.14033704694098545}, "datetime": {"datetime": "2021-09-23 13:45:47", "elapsed": 88.422256, "delta": 0.792306}}
{"target": -2.2038500936295877, "params": {"C": 578.0299234431825, "epsilon": 0.8924311177241717, "gamma": 0.11803938149299176, "lamda": 0.02747718767707613}, "datetime": {"datetime": "2021-09-23 13:45:48", "elapsed": 89.140263, "delta": 0.718007}}
{"target": -2.0767525184892173, "params": {"C": 578.0896636752025, "epsilon": 0.9393501444046305, "gamma": 0.04858731671562484, "lamda": 0.04652903377295985}, "datetime": {"datetime": "2021-09-23 13:45:49", "elapsed": 89.830763, "delta": 0.6905}}
{"target": -2.198950130456962, "params": {"C": 530.8039209011879, "epsilon": 0.35656349472558335, "gamma": 0.12150807557894391, "lamda": 0.07761794227019048}, "datetime": {"datetime": "2021-09-23 13:45:49", "elapsed": 90.64599, "delta": 0.815227}}
{"target": -2.095893438593769, "params": {"C": 458.4055080962122, "epsilon": 0.23318611457108362, "gamma": 0.09245775256028896, "lamda": 0.05920734861820289}, "datetime": {"datetime": "2021-09-23 13:45:50", "elapsed": 91.552831, "delta": 0.906841}}
{"target": -2.21726295628254, "params": {"C": 416.7522021872509, "epsilon": 0.7730589126804899, "gamma": 0.041112281743206566, "lamda": 0.14366705434347582}, "datetime": {"datetime": "2021-09-23 13:45:52", "elapsed": 93.236106, "delta": 1.683275}}
{"target": -2.1839150571034676, "params": {"C": 578.1667975170008, "epsilon": 0.9771051845892518, "gamma": 0.04, "lamda": 0.08725696033899928}, "datetime": {"datetime": "2021-09-23 13:45:53", "elapsed": 94.676248, "delta": 1.440142}}
{"target": -2.0686287058926243, "params": {"C": 417.5358676539489, "epsilon": 0.12851575850336588, "gamma": 0.08516218169108117, "lamda": 0.15482667900757732}, "datetime": {"datetime": "2021-09-23 13:45:55", "elapsed": 96.362834, "delta": 1.686586}}
{"target": -2.149389282581814, "params": {"C": 463.89022042234524, "epsilon": 0.8726112085153487, "gamma": 0.10454060201540982, "lamda": 0.06133642237438508}, "datetime": {"datetime": "2021-09-23 13:45:57", "elapsed": 98.157904, "delta": 1.79507}}
{"target": -2.024207525797571, "params": {"C": 463.8826401716069, "epsilon": 0.0486376223822019, "gamma": 0.05481548694458321, "lamda": 0.18558783157232842}, "datetime": {"datetime": "2021-09-23 13:45:58", "elapsed": 99.642009, "delta": 1.484105}}
{"target": -2.1267025646121116, "params": {"C": 382.93671136848627, "epsilon": 0.8280792618812006, "gamma": 0.09825145367728758, "lamda": 0.026595311235173766}, "datetime": {"datetime": "2021-09-23 13:46:00", "elapsed": 100.898286, "delta": 1.256277}}
{"target": -2.178113151521547, "params": {"C": 433.99757462664047, "epsilon": 0.9968470650439409, "gamma": 0.11341496329181947, "lamda": 0.03955348005510435}, "datetime": {"datetime": "2021-09-23 13:46:01", "elapsed": 101.962191, "delta": 1.063905}}
{"target": -2.0456140740951363, "params": {"C": 417.65235867298304, "epsilon": 0.19683606335169096, "gamma": 0.061865387637028375, "lamda": 0.1923063759000242}, "datetime": {"datetime": "2021-09-23 13:46:02", "elapsed": 103.767542, "delta": 1.805351}}
{"target": -2.1872280362861716, "params": {"C": 512.9705728886098, "epsilon": 0.34453780570418346, "gamma": 0.11743597724031846, "lamda": 0.08635545143401682}, "datetime": {"datetime": "2021-09-23 13:46:05", "elapsed": 106.159238, "delta": 2.391696}}
{"target": -2.0239707395415736, "params": {"C": 463.8210045950583, "epsilon": 0.11153392107293708, "gamma": 0.05800704102965118, "lamda": 0.12842031897362594}, "datetime": {"datetime": "2021-09-23 13:46:07", "elapsed": 108.178669, "delta": 2.019431}}
{"target": -2.098077971458107, "params": {"C": 417.5903896111682, "epsilon": 0.23412461335653806, "gamma": 0.08951393053379991, "lamda": 0.1158007017971729}, "datetime": {"datetime": "2021-09-23 13:46:10", "elapsed": 111.490329, "delta": 3.31166}}
{"target": -2.0345133376811853, "params": {"C": 417.42861063550225, "epsilon": 0.055846291679223975, "gamma": 0.0448953444157381, "lamda": 0.16709659725363307}, "datetime": {"datetime": "2021-09-23 13:46:16", "elapsed": 117.007047, "delta": 5.516718}}
{"target": -2.194991967077794, "params": {"C": 466.71119603420266, "epsilon": 0.6744874698832138, "gamma": 0.10644744832555492, "lamda": 0.013820252785256823}, "datetime": {"datetime": "2021-09-23 13:46:18", "elapsed": 118.83868, "delta": 1.831633}}
{"target": -2.0781925366816836, "params": {"C": 417.3632222242727, "epsilon": 0.11820801867819106, "gamma": 0.04360349128965948, "lamda": 0.04568105219024333}, "datetime": {"datetime": "2021-09-23 13:46:19", "elapsed": 120.796393, "delta": 1.957713}}
{"target": -2.0471192443789676, "params": {"C": 530.8851628558103, "epsilon": 0.256699210210334, "gamma": 0.062495556796565516, "lamda": 0.16416164959244384}, "datetime": {"datetime": "2021-09-23 13:46:22", "elapsed": 123.329332, "delta": 2.532939}}
{"target": -2.1326388449878957, "params": {"C": 367.76798594235083, "epsilon": 0.37888428773827926, "gamma": 0.10184091336763576, "lamda": 0.041107450167747285}, "datetime": {"datetime": "2021-09-23 13:46:24", "elapsed": 124.953377, "delta": 1.624045}}
{"target": -2.096817336913368, "params": {"C": 417.3217859065054, "epsilon": 0.0995925959207569, "gamma": 0.09279346529852316, "lamda": 0.1553256062739646}, "datetime": {"datetime": "2021-09-23 13:46:26", "elapsed": 127.082196, "delta": 2.128819}}
{"target": -2.048309371977601, "params": {"C": 417.44669160557487, "epsilon": 0.16964987271061124, "gamma": 0.06863204704766891, "lamda": 0.2347291310001192}, "datetime": {"datetime": "2021-09-23 13:46:27", "elapsed": 128.764415, "delta": 1.682219}}
{"target": -2.1319027932883907, "params": {"C": 542.785598189834, "epsilon": 0.25726702864783274, "gamma": 0.07985888448341688, "lamda": 0.2970749457878637}, "datetime": {"datetime": "2021-09-23 13:46:29", "elapsed": 130.283943, "delta": 1.519528}}
{"target": -2.1678862924680606, "params": {"C": 333.35230910366226, "epsilon": 0.16807215585055585, "gamma": 0.11119303173303863, "lamda": 0.17729339968118404}, "datetime": {"datetime": "2021-09-23 13:46:30", "elapsed": 131.57795, "delta": 1.294007}}
{"target": -2.0327783171289897, "params": {"C": 382.1299863725772, "epsilon": 0.8536712307692992, "gamma": 0.05714747365822932, "lamda": 0.011373492410086871}, "datetime": {"datetime": "2021-09-23 13:46:32", "elapsed": 133.283428, "delta": 1.705478}}
{"target": -2.0462592059443896, "params": {"C": 464.0127320452165, "epsilon": 0.7641703567914557, "gamma": 0.05522251027235547, "lamda": 0.01}, "datetime": {"datetime": "2021-09-23 13:46:33", "elapsed": 134.810168, "delta": 1.52674}}
{"target": -2.256569952058363, "params": {"C": 374.5906108496588, "epsilon": 0.6868806541865731, "gamma": 0.12954283089021798, "lamda": 0.14878685182360946}, "datetime": {"datetime": "2021-09-23 13:46:34", "elapsed": 135.555185, "delta": 0.745017}}
{"target": -2.1763017028083125, "params": {"C": 478.60809227558036, "epsilon": 0.5474642637216425, "gamma": 0.10187460655520435, "lamda": 0.14462532432370465}, "datetime": {"datetime": "2021-09-23 13:46:35", "elapsed": 136.580235, "delta": 1.02505}}
{"target": -2.0724442513415706, "params": {"C": 463.9181043222636, "epsilon": 0.726979222913859, "gamma": 0.04, "lamda": 0.01}, "datetime": {"datetime": "2021-09-23 13:46:37", "elapsed": 137.858989, "delta": 1.278754}}
{"target": -2.083684761087876, "params": {"C": 382.10519257858937, "epsilon": 0.922621385541437, "gamma": 0.07462721924754294, "lamda": 0.06385001465359454}, "datetime": {"datetime": "2021-09-23 13:46:38", "elapsed": 138.94483, "delta": 1.085841}}
{"target": -2.2872898063467653, "params": {"C": 382.17057535651645, "epsilon": 0.7990305212952274, "gamma": 0.14151053416389317, "lamda": 0.023745681859142366}, "datetime": {"datetime": "2021-09-23 13:46:39", "elapsed": 140.151854, "delta": 1.207024}}
{"target": -2.1337949777218457, "params": {"C": 501.537089371062, "epsilon": 0.15621782793321146, "gamma": 0.10063595555424522, "lamda": 0.24066216554806188}, "datetime": {"datetime": "2021-09-23 13:46:40", "elapsed": 141.103855, "delta": 0.952001}}
{"target": -2.0829127193833146, "params": {"C": 530.851452137628, "epsilon": 0.269972893750743, "gamma": 0.0557103826639052, "lamda": 0.22209506137030807}, "datetime": {"datetime": "2021-09-23 13:46:41", "elapsed": 142.177478, "delta": 1.073623}}
{"target": -2.013466567120553, "params": {"C": 417.41784695649767, "epsilon": 0.11436918959105277, "gamma": 0.05662062942154847, "lamda": 0.11403055929196097}, "datetime": {"datetime": "2021-09-23 13:46:42", "elapsed": 143.148119, "delta": 0.970641}}
{"target": -2.2387800517328733, "params": {"C": 500.4901939889362, "epsilon": 0.16715278588167853, "gamma": 0.1128931545545965, "lamda": 0.03854214629277924}, "datetime": {"datetime": "2021-09-23 13:46:43", "elapsed": 143.956562, "delta": 0.808443}}
{"target": -2.1040805178108797, "params": {"C": 416.857559309792, "epsilon": 0.7599248637527507, "gamma": 0.09310312400993903, "lamda": 0.02413005710037206}, "datetime": {"datetime": "2021-09-23 13:46:44", "elapsed": 144.977519, "delta": 1.020957}}
{"target": -2.0179682073740337, "params": {"C": 309.2358117300873, "epsilon": 0.6455112434068448, "gamma": 0.07535481688659451, "lamda": 0.023334409143703015}, "datetime": {"datetime": "2021-09-23 13:46:45", "elapsed": 146.02955, "delta": 1.052031}}
{"target": -2.126064259043341, "params": {"C": 478.696628292382, "epsilon": 0.5478440037676938, "gamma": 0.09692018031188132, "lamda": 0.026345335531833332}, "datetime": {"datetime": "2021-09-23 13:46:46", "elapsed": 146.890687, "delta": 0.861137}}
{"target": -2.0855247551501703, "params": {"C": 417.3903969539051, "epsilon": 0.2937972062974536, "gamma": 0.049311090161144475, "lamda": 0.17714995935231165}, "datetime": {"datetime": "2021-09-23 13:46:47", "elapsed": 148.305781, "delta": 1.415094}}
{"target": -2.2081365165212277, "params": {"C": 599.9093821630577, "epsilon": 0.9419623785712571, "gamma": 0.11644243598569437, "lamda": 0.08739784332966924}, "datetime": {"datetime": "2021-09-23 13:46:48", "elapsed": 149.523091, "delta": 1.21731}}
{"target": -2.372335914580613, "params": {"C": 416.72937048446687, "epsilon": 0.7623690725605055, "gamma": 0.14359921173649245, "lamda": 0.01}, "datetime": {"datetime": "2021-09-23 13:46:49", "elapsed": 150.811703, "delta": 1.288612}}
{"target": -2.203714397736183, "params": {"C": 406.6336065808797, "epsilon": 0.18843777505306442, "gamma": 0.12110472449195617, "lamda": 0.11758094916921481}, "datetime": {"datetime": "2021-09-23 13:46:50", "elapsed": 151.644705, "delta": 0.833002}}
{"target": -2.036699486768831, "params": {"C": 309.31780135687876, "epsilon": 0.688869835375332, "gamma": 0.08467179126326614, "lamda": 0.022821524673390256}, "datetime": {"datetime": "2021-09-23 13:46:52", "elapsed": 153.045682, "delta": 1.400977}}
