{"target": 0.9161535438814885, "params": {"C": 536.8821853333809, "epsilon": 0.6334861572383768, "gamma": 0.06455174015080598, "lamda": 0.06897582647767024}, "datetime": {"datetime": "2021-09-23 21:23:58", "elapsed": 400.095138, "delta": 1.709603}}
{"target": 0.8954631963096216, "params": {"C": 502.0152805567116, "epsilon": 0.15344796714785497, "gamma": 0.012324041578834273, "lamda": 0.06200606704177589}, "datetime": {"datetime": "2021-09-23 21:24:00", "elapsed": 402.29027, "delta": 2.195132}}
{"target": 0.9157427190040965, "params": {"C": 540.5234229520645, "epsilon": 0.047246747591264876, "gamma": 0.07, "lamda": 0.20575484183860945}, "datetime": {"datetime": "2021-09-23 21:24:03", "elapsed": 405.304702, "delta": 3.014432}}
{"target": 0.8704485268906235, "params": {"C": 532.5573759237378, "epsilon": 0.8519567447550392, "gamma": 0.0119472101010619, "lamda": 0.17796653579144306}, "datetime": {"datetime": "2021-09-23 21:24:04", "elapsed": 406.736528, "delta": 1.431826}}
{"target": 0.9178333460602063, "params": {"C": 504.1186816694795, "epsilon": 0.24029648338441018, "gamma": 0.06637112354999238, "lamda": 0.113841813690188}, "datetime": {"datetime": "2021-09-23 21:24:06", "elapsed": 408.577039, "delta": 1.840511}}
{"target": 0.8880519136946396, "params": {"C": 509.32318897242703, "epsilon": 0.3688033087916762, "gamma": 0.016781668878456994, "lamda": 0.29022592418338455}, "datetime": {"datetime": "2021-09-23 21:24:08", "elapsed": 410.151431, "delta": 1.574392}}
{"target": 0.9198146283642287, "params": {"C": 523.0828644463874, "epsilon": 0.2312214500694146, "gamma": 0.06427920642092357, "lamda": 0.08318978758408399}, "datetime": {"datetime": "2021-09-23 21:24:10", "elapsed": 412.550437, "delta": 2.399006}}
{"target": 0.9178802876937268, "params": {"C": 501.88917698163846, "epsilon": 0.09018680861234313, "gamma": 0.06721201148404536, "lamda": 0.0881051106764612}, "datetime": {"datetime": "2021-09-23 21:24:13", "elapsed": 415.03451, "delta": 2.484073}}
{"target": 0.9253583457952277, "params": {"C": 544.920517044742, "epsilon": 0.451713134379258, "gamma": 0.04219537095292788, "lamda": 0.04390779454616576}, "datetime": {"datetime": "2021-09-23 21:24:14", "elapsed": 416.493036, "delta": 1.458526}}
{"target": 0.9194022935197664, "params": {"C": 555.674711722431, "epsilon": 0.6839910371881452, "gamma": 0.06347535068945909, "lamda": 0.014170937137517096}, "datetime": {"datetime": "2021-09-23 21:24:17", "elapsed": 419.369623, "delta": 2.876587}}
{"target": 0.9248256034594828, "params": {"C": 553.0720267263252, "epsilon": 0.04848825971173125, "gamma": 0.034871828332450255, "lamda": 0.26589942738191685}, "datetime": {"datetime": "2021-09-23 21:24:19", "elapsed": 420.993414, "delta": 1.623791}}
{"target": 0.9036795802031412, "params": {"C": 599.7425539469432, "epsilon": 0.8831072397725472, "gamma": 0.04337153483686626, "lamda": 0.18964014059689782}, "datetime": {"datetime": "2021-09-23 21:24:20", "elapsed": 422.541877, "delta": 1.548463}}
{"target": 0.926305017321085, "params": {"C": 558.7855576022904, "epsilon": 0.6087511494044765, "gamma": 0.03317461737420314, "lamda": 0.013051115945378715}, "datetime": {"datetime": "2021-09-23 21:24:23", "elapsed": 425.447446, "delta": 2.905569}}
{"target": 0.9214875622610147, "params": {"C": 523.0388781162059, "epsilon": 0.17313554525173872, "gamma": 0.05944507442243577, "lamda": 0.032479137239665334}, "datetime": {"datetime": "2021-09-23 21:24:25", "elapsed": 427.745239, "delta": 2.297793}}
{"target": 0.9068970705894759, "params": {"C": 527.6092512013075, "epsilon": 0.8263544570214822, "gamma": 0.07, "lamda": 0.001}, "datetime": {"datetime": "2021-09-23 21:24:28", "elapsed": 430.548946, "delta": 2.803707}}
{"target": 0.9170460554638513, "params": {"C": 558.7848069902743, "epsilon": 0.5860915811913553, "gamma": 0.06678000899095043, "lamda": 0.055142272276770106}, "datetime": {"datetime": "2021-09-23 21:24:31", "elapsed": 432.963789, "delta": 2.414843}}
{"target": 0.902458170645866, "params": {"C": 568.2577676176356, "epsilon": 0.7834335513028995, "gamma": 0.05493913105019002, "lamda": 0.22667180069673118}, "datetime": {"datetime": "2021-09-23 21:24:32", "elapsed": 434.450255, "delta": 1.486466}}
{"target": 0.8841160326286485, "params": {"C": 593.5493937871289, "epsilon": 0.17476168428108405, "gamma": 0.011157392021976886, "lamda": 0.2997158021010983}, "datetime": {"datetime": "2021-09-23 21:24:34", "elapsed": 436.274761, "delta": 1.824506}}
{"target": 0.8930024530777552, "params": {"C": 506.5808627120218, "epsilon": 0.6505484817007654, "gamma": 0.026287349512706185, "lamda": 0.2834987473726544}, "datetime": {"datetime": "2021-09-23 21:24:36", "elapsed": 437.907515, "delta": 1.632754}}
{"target": 0.9232213271126607, "params": {"C": 536.0796468304892, "epsilon": 0.06481750125879457, "gamma": 0.045372980848766356, "lamda": 0.3481491085804608}, "datetime": {"datetime": "2021-09-23 21:24:38", "elapsed": 440.086517, "delta": 2.179002}}
{"target": 0.9261746471006719, "params": {"C": 566.3931753566377, "epsilon": 0.04631799169663528, "gamma": 0.04383361702745892, "lamda": 0.2782430993330529}, "datetime": {"datetime": "2021-09-23 21:24:40", "elapsed": 442.269513, "delta": 2.182996}}
{"target": 0.9076483037311004, "params": {"C": 548.4157345187436, "epsilon": 0.8440658892790366, "gamma": 0.05473934145101867, "lamda": 0.1527903129318457}, "datetime": {"datetime": "2021-09-23 21:24:42", "elapsed": 444.072518, "delta": 1.803005}}
{"target": 0.8892440878783618, "params": {"C": 536.0924272104045, "epsilon": 0.036154016590489106, "gamma": 0.01037425565277008, "lamda": 0.2540818423920267}, "datetime": {"datetime": "2021-09-23 21:24:44", "elapsed": 446.266057, "delta": 2.193539}}
{"target": 0.9097943932986384, "params": {"C": 521.116947442118, "epsilon": 0.6603822751115254, "gamma": 0.0392572497899386, "lamda": 0.16250372686068973}, "datetime": {"datetime": "2021-09-23 21:24:46", "elapsed": 448.010047, "delta": 1.74399}}
{"target": 0.9180962361338608, "params": {"C": 513.5117209267042, "epsilon": 0.2814343193264004, "gamma": 0.02616288357462973, "lamda": 0.012060021138080905}, "datetime": {"datetime": "2021-09-23 21:24:48", "elapsed": 449.924105, "delta": 1.914058}}
{"target": 0.9150202330410472, "params": {"C": 553.0574298207512, "epsilon": 0.2213248551320964, "gamma": 0.0603684191825666, "lamda": 0.008588176936623879}, "datetime": {"datetime": "2021-09-23 21:24:50", "elapsed": 452.108611, "delta": 2.184506}}
{"target": 0.9108195484276262, "params": {"C": 528.5685163948992, "epsilon": 0.583852217067559, "gamma": 0.050115847623680695, "lamda": 0.17948711130008912}, "datetime": {"datetime": "2021-09-23 21:24:51", "elapsed": 453.800806, "delta": 1.692195}}
{"target": 0.9259310042249389, "params": {"C": 559.6101995255243, "epsilon": 0.562798427636451, "gamma": 0.04279989611406187, "lamda": 0.007302110361628783}, "datetime": {"datetime": "2021-09-23 21:24:53", "elapsed": 455.513284, "delta": 1.712478}}
{"target": 0.9207096532731309, "params": {"C": 501.9680662947714, "epsilon": 0.1097443638081044, "gamma": 0.027629378869972084, "lamda": 0.11329324719309221}, "datetime": {"datetime": "2021-09-23 21:24:57", "elapsed": 459.073391, "delta": 3.560107}}
{"target": 0.903485611768392, "params": {"C": 598.0384862220349, "epsilon": 0.47366072404852644, "gamma": 0.03255395462214459, "lamda": 0.28571787020879247}, "datetime": {"datetime": "2021-09-23 21:24:58", "elapsed": 460.734783, "delta": 1.661392}}
{"target": 0.9047958922247988, "params": {"C": 530.9765115908715, "epsilon": 0.589530441911254, "gamma": 0.02336424693851469, "lamda": 0.12176138367228462}, "datetime": {"datetime": "2021-09-23 21:25:00", "elapsed": 462.425086, "delta": 1.690303}}
{"target": 0.9193201043788817, "params": {"C": 536.1011478851696, "epsilon": 0.11386118763993741, "gamma": 0.0403936328682272, "lamda": 0.37085168326117907}, "datetime": {"datetime": "2021-09-23 21:25:04", "elapsed": 465.964966, "delta": 3.53988}}
{"target": 0.8922962027878493, "params": {"C": 560.5728296732664, "epsilon": 0.6931935352260036, "gamma": 0.022664626176245393, "lamda": 0.2218280859597452}, "datetime": {"datetime": "2021-09-23 21:25:05", "elapsed": 467.730312, "delta": 1.765346}}
{"target": 0.8965323671158967, "params": {"C": 568.2676151779609, "epsilon": 0.5044468083110161, "gamma": 0.016431565556320946, "lamda": 0.11935481571268808}, "datetime": {"datetime": "2021-09-23 21:25:08", "elapsed": 469.980695, "delta": 2.250383}}
{"target": 0.9093270631544228, "params": {"C": 543.7248137907009, "epsilon": 0.9389531817571337, "gamma": 0.04680043909277897, "lamda": 0.12644610981249163}, "datetime": {"datetime": "2021-09-23 21:25:09", "elapsed": 471.666755, "delta": 1.68606}}
{"target": 0.9213263048378939, "params": {"C": 527.6582077226833, "epsilon": 0.723625524904668, "gamma": 0.03529496247625614, "lamda": 0.04302789601508307}, "datetime": {"datetime": "2021-09-23 21:25:13", "elapsed": 475.063674, "delta": 3.396919}}
{"target": 0.9229918591363603, "params": {"C": 544.921873435611, "epsilon": 0.5224026557759398, "gamma": 0.058196992047763234, "lamda": 0.026533970602471625}, "datetime": {"datetime": "2021-09-23 21:25:16", "elapsed": 478.555942, "delta": 3.492268}}
{"target": 0.9160643598765477, "params": {"C": 544.9072175103125, "epsilon": 0.47854290591696375, "gamma": 0.07, "lamda": 0.06540547018389754}, "datetime": {"datetime": "2021-09-23 21:25:19", "elapsed": 480.966769, "delta": 2.410827}}
{"target": 0.868906802230051, "params": {"C": 504.6570270850754, "epsilon": 0.7644746480472299, "gamma": 0.017201185713739093, "lamda": 0.37966582299564844}, "datetime": {"datetime": "2021-09-23 21:25:20", "elapsed": 482.496727, "delta": 1.529958}}
{"target": 0.9199690245994152, "params": {"C": 553.1042344731419, "epsilon": 0.15243427795243353, "gamma": 0.051466461751475616, "lamda": 0.23443430009463578}, "datetime": {"datetime": "2021-09-23 21:25:23", "elapsed": 485.163642, "delta": 2.666915}}
{"target": 0.9083440402071384, "params": {"C": 530.1521271512536, "epsilon": 0.9743529651749532, "gamma": 0.06498682135430485, "lamda": 0.10479596368896968}, "datetime": {"datetime": "2021-09-23 21:25:24", "elapsed": 486.808598, "delta": 1.644956}}
{"target": 0.9258770713918806, "params": {"C": 536.1455759472923, "epsilon": 0.03012277951610694, "gamma": 0.04082509735820476, "lamda": 0.37749470181431405}, "datetime": {"datetime": "2021-09-23 21:25:27", "elapsed": 489.68421, "delta": 2.875612}}
{"target": 0.9244679682884211, "params": {"C": 577.1458441775278, "epsilon": 0.0458096324897644, "gamma": 0.05181879281660984, "lamda": 0.2995738096411959}, "datetime": {"datetime": "2021-09-23 21:25:29", "elapsed": 491.596059, "delta": 1.911849}}
{"target": 0.9114569539895118, "params": {"C": 527.5717425469394, "epsilon": 0.7671016480883779, "gamma": 0.0245116179022363, "lamda": 0.057661432250096095}, "datetime": {"datetime": "2021-09-23 21:25:32", "elapsed": 494.573749, "delta": 2.97769}}
{"target": 0.9272454052618179, "params": {"C": 527.6572975527976, "epsilon": 0.8280571824812709, "gamma": 0.041034969753782555, "lamda": 0.010096138168025012}, "datetime": {"datetime": "2021-09-23 21:25:34", "elapsed": 496.283061, "delta": 1.709312}}
{"target": 0.9085415364835929, "params": {"C": 559.3248775666683, "epsilon": 0.29973952925928715, "gamma": 0.03575004732854738, "lamda": 0.3549918123680863}, "datetime": {"datetime": "2021-09-23 21:25:36", "elapsed": 498.086767, "delta": 1.803706}}
{"target": 0.9151033974815067, "params": {"C": 536.1449360575851, "epsilon": 0.08152394707546085, "gamma": 0.024611337998296588, "lamda": 0.31693900030318534}, "datetime": {"datetime": "2021-09-23 21:25:38", "elapsed": 500.542419, "delta": 2.455652}}
{"target": 0.9017079433997309, "params": {"C": 524.5385936873832, "epsilon": 0.7108294001421352, "gamma": 0.027461452269230822, "lamda": 0.170560507665015}, "datetime": {"datetime": "2021-09-23 21:25:40", "elapsed": 502.297979, "delta": 1.75556}}
{"target": 0.8909391325970478, "params": {"C": 511.1177253551602, "epsilon": 0.81795664420853, "gamma": 0.055097643738716215, "lamda": 0.3627801170554955}, "datetime": {"datetime": "2021-09-23 21:25:43", "elapsed": 505.469485, "delta": 3.171506}}
{"target": 0.8993702059764026, "params": {"C": 540.532351383485, "epsilon": 0.0378342802860457, "gamma": 0.01302947329253671, "lamda": 0.29228117356005867}, "datetime": {"datetime": "2021-09-23 21:25:46", "elapsed": 508.769188, "delta": 3.299703}}
{"target": 0.9071006013111371, "params": {"C": 582.655355901876, "epsilon": 0.7984774829327275, "gamma": 0.0263469419871475, "lamda": 0.09439382039070471}, "datetime": {"datetime": "2021-09-23 21:25:49", "elapsed": 511.33875, "delta": 2.569562}}
{"target": 0.9245314048787807, "params": {"C": 574.842066690536, "epsilon": 0.11299867837753051, "gamma": 0.0349854970963721, "lamda": 0.15564334495980686}, "datetime": {"datetime": "2021-09-23 21:25:51", "elapsed": 513.798556, "delta": 2.459806}}
{"target": 0.888780097157545, "params": {"C": 527.7557898759216, "epsilon": 0.5667125977332578, "gamma": 0.019387129385400957, "lamda": 0.2476496770729437}, "datetime": {"datetime": "2021-09-23 21:25:54", "elapsed": 515.882702, "delta": 2.084146}}
{"target": 0.9252940363085262, "params": {"C": 523.0642233835576, "epsilon": 0.13611808427004565, "gamma": 0.053143328732852206, "lamda": 0.07788841947552129}, "datetime": {"datetime": "2021-09-23 21:25:56", "elapsed": 518.842892, "delta": 2.96019}}
{"target": 0.9199282815026067, "params": {"C": 553.0594989110793, "epsilon": 0.0629653448526208, "gamma": 0.06303911910017765, "lamda": 0.2476439063837956}, "datetime": {"datetime": "2021-09-23 21:25:59", "elapsed": 521.54684, "delta": 2.703948}}
{"target": 0.9235352154000878, "params": {"C": 523.0861809887797, "epsilon": 0.2917809449873323, "gamma": 0.04565596331067218, "lamda": 0.09099257476154957}, "datetime": {"datetime": "2021-09-23 21:26:03", "elapsed": 524.966483, "delta": 3.419643}}
{"target": 0.8976057302286338, "params": {"C": 512.6316094682518, "epsilon": 0.9145555811212792, "gamma": 0.06362935492667825, "lamda": 0.2284662350281005}, "datetime": {"datetime": "2021-09-23 21:26:04", "elapsed": 526.539778, "delta": 1.573295}}
{"target": 0.9193503234313328, "params": {"C": 574.8190566056091, "epsilon": 0.15732347164969188, "gamma": 0.061865172906199126, "lamda": 0.16769857187153095}, "datetime": {"datetime": "2021-09-23 21:26:07", "elapsed": 529.558441, "delta": 3.018663}}
{"target": 0.9020175999440945, "params": {"C": 580.9854543445734, "epsilon": 0.4575696534335564, "gamma": 0.04351182075732465, "lamda": 0.3886494294453821}, "datetime": {"datetime": "2021-09-23 21:26:09", "elapsed": 531.121979, "delta": 1.563538}}
{"target": 0.9194697354819753, "params": {"C": 527.6797830357959, "epsilon": 0.7934305251635523, "gamma": 0.034003978034381266, "lamda": 0.04526278730444559}, "datetime": {"datetime": "2021-09-23 21:26:11", "elapsed": 533.077427, "delta": 1.955448}}
{"target": 0.8982686239769646, "params": {"C": 574.5172987013888, "epsilon": 0.859866934990085, "gamma": 0.05710251814804424, "lamda": 0.2526121976690217}, "datetime": {"datetime": "2021-09-23 21:26:12", "elapsed": 534.666621, "delta": 1.589194}}
{"target": 0.9201989272070588, "params": {"C": 527.6060608492127, "epsilon": 0.9191106137586288, "gamma": 0.033701468849247254, "lamda": 0.03531410976561637}, "datetime": {"datetime": "2021-09-23 21:26:15", "elapsed": 537.107204, "delta": 2.440583}}
{"target": 0.8811710654555249, "params": {"C": 540.5702946856254, "epsilon": 0.2808379805507062, "gamma": 0.012207809335038497, "lamda": 0.2865774683827298}, "datetime": {"datetime": "2021-09-23 21:26:16", "elapsed": 538.746658, "delta": 1.639454}}
{"target": 0.9170053066481766, "params": {"C": 554.6571315866959, "epsilon": 0.03641568629750888, "gamma": 0.06689903657910932, "lamda": 0.2260672794354147}, "datetime": {"datetime": "2021-09-23 21:26:18", "elapsed": 540.462485, "delta": 1.715827}}
{"target": 0.9200369305323575, "params": {"C": 544.9386005694402, "epsilon": 0.41953454257960876, "gamma": 0.05651702431856114, "lamda": 0.08048079494656431}, "datetime": {"datetime": "2021-09-23 21:26:21", "elapsed": 542.878848, "delta": 2.416363}}
{"target": 0.9153264438945613, "params": {"C": 536.1128437606668, "epsilon": 0.03, "gamma": 0.07, "lamda": 0.3549473749169126}, "datetime": {"datetime": "2021-09-23 21:26:23", "elapsed": 545.473863, "delta": 2.595015}}
{"target": 0.9221504427391038, "params": {"C": 504.1201848729447, "epsilon": 0.1501288048589705, "gamma": 0.06038017693563073, "lamda": 0.08540125384242178}, "datetime": {"datetime": "2021-09-23 21:26:25", "elapsed": 547.624704, "delta": 2.150841}}
{"target": 0.9239983346795877, "params": {"C": 527.5252376557919, "epsilon": 0.8963569641107136, "gamma": 0.03731335195792421, "lamda": 0.02234837746541665}, "datetime": {"datetime": "2021-09-23 21:26:29", "elapsed": 551.3768, "delta": 3.752096}}
{"target": 0.9070737935097813, "params": {"C": 501.9228450350387, "epsilon": 0.08284211753467086, "gamma": 0.016349986333272677, "lamda": 0.09592165320571304}, "datetime": {"datetime": "2021-09-23 21:26:31", "elapsed": 553.825081, "delta": 2.448281}}
{"target": 0.9228110178096984, "params": {"C": 545.0026680247518, "epsilon": 0.5280138604770949, "gamma": 0.05821276918629438, "lamda": 0.01936156223437024}, "datetime": {"datetime": "2021-09-23 21:26:35", "elapsed": 557.148399, "delta": 3.323318}}
{"target": 0.9189182755816133, "params": {"C": 523.263593395168, "epsilon": 0.11653938006924491, "gamma": 0.06676059893816272, "lamda": 0.11402911529028395}, "datetime": {"datetime": "2021-09-23 21:26:36", "elapsed": 558.754059, "delta": 1.60566}}
{"target": 0.916129802612664, "params": {"C": 544.9595238277273, "epsilon": 0.5617905293455223, "gamma": 0.07, "lamda": 0.05440705899145228}, "datetime": {"datetime": "2021-09-23 21:26:39", "elapsed": 561.476689, "delta": 2.72263}}
{"target": 0.9196852252681836, "params": {"C": 593.5550197773607, "epsilon": 0.8008423099170624, "gamma": 0.03719646190409606, "lamda": 0.04867830172424418}, "datetime": {"datetime": "2021-09-23 21:26:41", "elapsed": 563.211473, "delta": 1.734784}}
{"target": 0.9169624054939669, "params": {"C": 518.4139138441938, "epsilon": 0.3697556075784426, "gamma": 0.06962600870394142, "lamda": 0.066485000933984}, "datetime": {"datetime": "2021-09-23 21:26:43", "elapsed": 564.98103, "delta": 1.769557}}
{"target": 0.9123992193391149, "params": {"C": 591.716284477408, "epsilon": 0.6073747166836607, "gamma": 0.05086945098826015, "lamda": 0.15065843218991296}, "datetime": {"datetime": "2021-09-23 21:26:44", "elapsed": 566.742659, "delta": 1.761629}}
{"target": 0.9183854433267818, "params": {"C": 543.2619788919279, "epsilon": 0.2356795046712035, "gamma": 0.04880396475141729, "lamda": 0.21176946326117455}, "datetime": {"datetime": "2021-09-23 21:26:46", "elapsed": 568.635119, "delta": 1.89246}}
{"target": 0.9263074438394014, "params": {"C": 546.8074828191117, "epsilon": 0.18547280400277338, "gamma": 0.03287354621570304, "lamda": 0.042613698204143624}, "datetime": {"datetime": "2021-09-23 21:26:48", "elapsed": 570.450614, "delta": 1.815495}}
{"target": 0.8945654062194155, "params": {"C": 594.573907942543, "epsilon": 0.7625464369206273, "gamma": 0.0509488469855701, "lamda": 0.34302283005940093}, "datetime": {"datetime": "2021-09-23 21:26:50", "elapsed": 572.376229, "delta": 1.925615}}
{"target": 0.9179333306596842, "params": {"C": 518.3869217963269, "epsilon": 0.0933037511626517, "gamma": 0.05909421212673848, "lamda": 0.3655517941965795}, "datetime": {"datetime": "2021-09-23 21:26:52", "elapsed": 574.731155, "delta": 2.354926}}
{"target": 0.9148713690004331, "params": {"C": 503.5190031541445, "epsilon": 0.8985011734140185, "gamma": 0.0626733628435437, "lamda": 0.06073773219168355}, "datetime": {"datetime": "2021-09-23 21:26:56", "elapsed": 578.80956, "delta": 4.078405}}
{"target": 0.8910610978814822, "params": {"C": 536.0923639132648, "epsilon": 0.03756806174720817, "gamma": 0.010138059730382112, "lamda": 0.35586531438956676}, "datetime": {"datetime": "2021-09-23 21:27:00", "elapsed": 582.081835, "delta": 3.272275}}
{"target": 0.8846528980143238, "params": {"C": 550.0258327756703, "epsilon": 0.9644575409170655, "gamma": 0.06411579715767467, "lamda": 0.3585044260933558}, "datetime": {"datetime": "2021-09-23 21:27:02", "elapsed": 584.134488, "delta": 2.052653}}
{"target": 0.9211179655718383, "params": {"C": 535.8104727791499, "epsilon": 0.0734524091146469, "gamma": 0.02797433938244636, "lamda": 0.1697079765790409}, "datetime": {"datetime": "2021-09-23 21:27:04", "elapsed": 586.101401, "delta": 1.966913}}
{"target": 0.9247741397321534, "params": {"C": 501.9324638990466, "epsilon": 0.16869385308893045, "gamma": 0.0417515174715734, "lamda": 0.12181292963778054}, "datetime": {"datetime": "2021-09-23 21:27:07", "elapsed": 589.779587, "delta": 3.678186}}
{"target": 0.9102296999881108, "params": {"C": 523.0140217482026, "epsilon": 0.18739619786272765, "gamma": 0.018510516026931413, "lamda": 0.0614592304124585}, "datetime": {"datetime": "2021-09-23 21:27:11", "elapsed": 593.406124, "delta": 3.626537}}
{"target": 0.9075293628042966, "params": {"C": 504.0864187651105, "epsilon": 0.12466249335194714, "gamma": 0.01699622985936705, "lamda": 0.08949505392423916}, "datetime": {"datetime": "2021-09-23 21:27:14", "elapsed": 596.517827, "delta": 3.111703}}
{"target": 0.8884781667211614, "params": {"C": 589.561597884854, "epsilon": 0.4209701057373354, "gamma": 0.01817534689809938, "lamda": 0.2934711926578111}, "datetime": {"datetime": "2021-09-23 21:27:17", "elapsed": 598.952152, "delta": 2.434325}}
{"target": 0.8840731155950081, "params": {"C": 523.2350170162325, "epsilon": 0.03, "gamma": 0.01085699068863585, "lamda": 0.1265847449015541}, "datetime": {"datetime": "2021-09-23 21:27:20", "elapsed": 602.742413, "delta": 3.790261}}
