{"target": -2.64003143698876, "params": {"C": 52.6149991070466, "epsilon": 0.3182349116011197, "gamma": 0.31495984930833676, "lamda": 0.4569379897465913}, "datetime": {"datetime": "2021-09-23 12:21:28", "elapsed": 57.481144, "delta": 0.528247}}
{"target": -2.3677958529824834, "params": {"C": 52.779162056259516, "epsilon": 0.2608500733990623, "gamma": 0.21228508666060705, "lamda": 0.06704707117810625}, "datetime": {"datetime": "2021-09-23 12:21:28", "elapsed": 58.172145, "delta": 0.691001}}
{"target": -2.5083137608652226, "params": {"C": 92.86276541789044, "epsilon": 0.9113031347168468, "gamma": 0.15241278833273736, "lamda": 0.330955896456742}, "datetime": {"datetime": "2021-09-23 12:21:29", "elapsed": 59.257094, "delta": 1.084949}}
{"target": -2.089992742955998, "params": {"C": 52.470719731560855, "epsilon": 0.0463663892750657, "gamma": 0.07488983579844873, "lamda": 0.23331181913304308}, "datetime": {"datetime": "2021-09-23 12:21:30", "elapsed": 59.929054, "delta": 0.67196}}
{"target": -2.4000007606270533, "params": {"C": 76.11728755693355, "epsilon": 0.5096538659936594, "gamma": 0.1690377999918264, "lamda": 0.3338582434302294}, "datetime": {"datetime": "2021-09-23 12:21:31", "elapsed": 60.656649, "delta": 0.727595}}
{"target": -2.160824368884188, "params": {"C": 92.62919709196584, "epsilon": 0.7355099519868389, "gamma": 0.08397707517574478, "lamda": 0.14810007899902458}, "datetime": {"datetime": "2021-09-23 12:21:32", "elapsed": 61.770227, "delta": 1.113578}}
{"target": -4.121319887185845, "params": {"C": 60.08127345841407, "epsilon": 0.3390828723530927, "gamma": 0.9983736165607202, "lamda": 0.5836978684853349}, "datetime": {"datetime": "2021-09-23 12:21:32", "elapsed": 62.273889, "delta": 0.503662}}
{"target": -2.39339691679792, "params": {"C": 39.5906908809073, "epsilon": 0.001, "gamma": 0.2300831556217303, "lamda": 0.6393670077083159}, "datetime": {"datetime": "2021-09-23 12:21:34", "elapsed": 63.31184, "delta": 1.037951}}
{"target": -2.2295488885992105, "params": {"C": 92.87155058139832, "epsilon": 0.7123113720595586, "gamma": 0.14594207686185587, "lamda": 0.01782714447228988}, "datetime": {"datetime": "2021-09-23 12:21:35", "elapsed": 64.457843, "delta": 1.146003}}
{"target": -2.429308138964748, "params": {"C": 27.546116418204154, "epsilon": 0.3111290133886077, "gamma": 0.12186261780049722, "lamda": 0.7704128799249108}, "datetime": {"datetime": "2021-09-23 12:21:35", "elapsed": 64.980844, "delta": 0.523001}}
{"target": -2.1778269048413073, "params": {"C": 92.62754822159852, "epsilon": 0.38362926438164774, "gamma": 0.1351013754816633, "lamda": 0.04862473168256864}, "datetime": {"datetime": "2021-09-23 12:21:36", "elapsed": 65.882845, "delta": 0.902001}}
{"target": -3.6753911795105445, "params": {"C": 92.81485527264545, "epsilon": 0.5052781679656718, "gamma": 0.001, "lamda": 0.21889724448366302}, "datetime": {"datetime": "2021-09-23 12:21:37", "elapsed": 67.100423, "delta": 1.217578}}
{"target": -4.472283598535436, "params": {"C": 8.457595982795523, "epsilon": 0.5275722114453016, "gamma": 0.9098823660766251, "lamda": 0.2807301451664127}, "datetime": {"datetime": "2021-09-23 12:21:38", "elapsed": 67.672615, "delta": 0.572192}}
{"target": -2.59368224325655, "params": {"C": 92.60788792211527, "epsilon": 0.6727872412346204, "gamma": 0.3077991360437152, "lamda": 0.001}, "datetime": {"datetime": "2021-09-23 12:21:40", "elapsed": 69.298996, "delta": 1.626381}}
{"target": -2.1849329836847047, "params": {"C": 92.40562860400868, "epsilon": 0.5221854490143621, "gamma": 0.039254594180083285, "lamda": 0.001}, "datetime": {"datetime": "2021-09-23 12:21:41", "elapsed": 70.980789, "delta": 1.681793}}
{"target": -3.102388366965853, "params": {"C": 10.398743101161148, "epsilon": 0.604349248164749, "gamma": 0.3161717278569988, "lamda": 0.5774600298688208}, "datetime": {"datetime": "2021-09-23 12:21:42", "elapsed": 71.569395, "delta": 0.588606}}
{"target": -2.213422013215817, "params": {"C": 39.70243873363202, "epsilon": 0.001, "gamma": 0.06828210165742649, "lamda": 0.9010072530287818}, "datetime": {"datetime": "2021-09-23 12:21:43", "elapsed": 73.094528, "delta": 1.525133}}
{"target": -2.270972362787603, "params": {"C": 92.32768799274942, "epsilon": 0.3537535208783384, "gamma": 0.16065372979258222, "lamda": 0.21219229839323944}, "datetime": {"datetime": "2021-09-23 12:21:44", "elapsed": 74.238526, "delta": 1.143998}}
{"target": -2.697601924814318, "params": {"C": 52.26758456457392, "epsilon": 0.6718841920296793, "gamma": 0.37502233046286365, "lamda": 0.11985132842842533}, "datetime": {"datetime": "2021-09-23 12:21:45", "elapsed": 74.843512, "delta": 0.604986}}
{"target": -2.7422653692475936, "params": {"C": 93.02355112867897, "epsilon": 0.9383760323258449, "gamma": 0.39293967786042994, "lamda": 0.01272940959093347}, "datetime": {"datetime": "2021-09-23 12:21:46", "elapsed": 76.18851, "delta": 1.344998}}
{"target": -3.907732829790716, "params": {"C": 24.07388455832451, "epsilon": 0.45179635472423557, "gamma": 0.9671761446850423, "lamda": 0.11874407510965652}, "datetime": {"datetime": "2021-09-23 12:21:47", "elapsed": 76.78576, "delta": 0.59725}}
{"target": -3.495056475833408, "params": {"C": 92.47423573817939, "epsilon": 0.902556640807742, "gamma": 0.001, "lamda": 0.001}, "datetime": {"datetime": "2021-09-23 12:21:49", "elapsed": 78.501065, "delta": 1.715305}}
{"target": -2.868628756923769, "params": {"C": 92.5174872359636, "epsilon": 0.15236858794247932, "gamma": 0.4603161705584339, "lamda": 0.02225157016376513}, "datetime": {"datetime": "2021-09-23 12:21:50", "elapsed": 79.344274, "delta": 0.843209}}
{"target": -3.794777631821054, "params": {"C": 50.32395908347963, "epsilon": 0.6579565969991792, "gamma": 0.8850346499135398, "lamda": 0.1738353221908799}, "datetime": {"datetime": "2021-09-23 12:21:50", "elapsed": 79.878276, "delta": 0.534002}}
{"target": -3.2582154537265273, "params": {"C": 85.92071643818838, "epsilon": 0.25047051961318967, "gamma": 0.6147334565194091, "lamda": 0.41786020566550247}, "datetime": {"datetime": "2021-09-23 12:21:51", "elapsed": 80.634273, "delta": 0.755997}}
{"target": -2.4672806744919136, "params": {"C": 52.147138497847514, "epsilon": 0.5094577127770851, "gamma": 0.16084531305174604, "lamda": 0.4784287277835239}, "datetime": {"datetime": "2021-09-23 12:21:52", "elapsed": 82.107225, "delta": 1.472952}}
{"target": -2.6388448129497637, "params": {"C": 39.56270063311561, "epsilon": 0.10515033998494139, "gamma": 0.31848480915177363, "lamda": 0.9260339679438141}, "datetime": {"datetime": "2021-09-23 12:21:54", "elapsed": 83.306881, "delta": 1.199656}}
{"target": -3.80687311104831, "params": {"C": 39.400155769740024, "epsilon": 0.001, "gamma": 0.001, "lamda": 0.8500331418097941}, "datetime": {"datetime": "2021-09-23 12:21:55", "elapsed": 85.112011, "delta": 1.80513}}
{"target": -2.839065658990605, "params": {"C": 26.822824656964144, "epsilon": 0.22655196925059629, "gamma": 0.3814910209119688, "lamda": 0.7685157179024101}, "datetime": {"datetime": "2021-09-23 12:21:56", "elapsed": 86.16901, "delta": 1.056999}}
{"target": -3.652846052588147, "params": {"C": 52.68028816598629, "epsilon": 0.07819478325035964, "gamma": 0.001, "lamda": 0.05976781105467349}, "datetime": {"datetime": "2021-09-23 12:21:58", "elapsed": 87.7595, "delta": 1.59049}}
{"target": -2.4478861385204476, "params": {"C": 92.53840585583684, "epsilon": 0.174581971310972, "gamma": 0.01415188328272586, "lamda": 0.1469253946810089}, "datetime": {"datetime": "2021-09-23 12:21:59", "elapsed": 89.008437, "delta": 1.248937}}
{"target": -2.568639552578399, "params": {"C": 92.73597124143517, "epsilon": 0.8563573489984319, "gamma": 0.28669416993220953, "lamda": 0.16658804372152683}, "datetime": {"datetime": "2021-09-23 12:22:01", "elapsed": 90.903672, "delta": 1.895235}}
{"target": -2.3202651575751947, "params": {"C": 92.42739592359659, "epsilon": 0.6210098680951626, "gamma": 0.07069829457521455, "lamda": 0.3570702179718777}, "datetime": {"datetime": "2021-09-23 12:22:02", "elapsed": 92.201971, "delta": 1.298299}}
{"target": -2.673949938332984, "params": {"C": 92.37447283895484, "epsilon": 0.5050141182894585, "gamma": 0.3551828022095454, "lamda": 0.09263261406352924}, "datetime": {"datetime": "2021-09-23 12:22:04", "elapsed": 93.640454, "delta": 1.438483}}
{"target": -2.445755899608278, "params": {"C": 92.26040064728642, "epsilon": 0.4054784692084732, "gamma": 0.17054085806075323, "lamda": 0.4802843576643529}, "datetime": {"datetime": "2021-09-23 12:22:05", "elapsed": 94.625452, "delta": 0.984998}}
{"target": -2.1197854038297215, "params": {"C": 52.818243661631584, "epsilon": 0.5287868539632458, "gamma": 0.08850648674005224, "lamda": 0.15858678583954125}, "datetime": {"datetime": "2021-09-23 12:22:06", "elapsed": 95.812223, "delta": 1.186771}}
{"target": -3.3383169132986565, "params": {"C": 45.21919962679136, "epsilon": 0.996718977061351, "gamma": 0.6677413484411604, "lamda": 0.10280664336223878}, "datetime": {"datetime": "2021-09-23 12:22:07", "elapsed": 96.569882, "delta": 0.757659}}
{"target": -2.3388701493923296, "params": {"C": 92.06991434433338, "epsilon": 0.615681415727365, "gamma": 0.08225111255551244, "lamda": 0.3673326834503973}, "datetime": {"datetime": "2021-09-23 12:22:08", "elapsed": 97.840039, "delta": 1.270157}}
{"target": -2.108284764604464, "params": {"C": 93.1736070024153, "epsilon": 0.9427753348501158, "gamma": 0.049521313674146715, "lamda": 0.08395163674513474}, "datetime": {"datetime": "2021-09-23 12:22:10", "elapsed": 99.764306, "delta": 1.924267}}
{"target": -2.503668481749144, "params": {"C": 52.74855535342169, "epsilon": 0.25158642194199, "gamma": 0.2809082441124081, "lamda": 0.10778062329794483}, "datetime": {"datetime": "2021-09-23 12:22:11", "elapsed": 100.514301, "delta": 0.749995}}
{"target": -2.5034978940788877, "params": {"C": 39.86265758302335, "epsilon": 0.001, "gamma": 0.2582741581473915, "lamda": 0.8055836157782655}, "datetime": {"datetime": "2021-09-23 12:22:12", "elapsed": 102.032767, "delta": 1.518466}}
{"target": -2.638051269320717, "params": {"C": 92.8906644400853, "epsilon": 0.9137855706081996, "gamma": 0.23250810011402176, "lamda": 0.3424330328904939}, "datetime": {"datetime": "2021-09-23 12:22:13", "elapsed": 102.752585, "delta": 0.719818}}
{"target": -3.492584458141805, "params": {"C": 92.97526225664976, "epsilon": 1.0, "gamma": 0.001, "lamda": 0.001}, "datetime": {"datetime": "2021-09-23 12:22:14", "elapsed": 104.130422, "delta": 1.377837}}
{"target": -2.703418272913068, "params": {"C": 92.28901447555606, "epsilon": 0.6722186181660229, "gamma": 0.21060021266076195, "lamda": 0.5981512666362204}, "datetime": {"datetime": "2021-09-23 12:22:15", "elapsed": 105.12538, "delta": 0.994958}}
{"target": -2.6347491881097325, "params": {"C": 93.34703044291254, "epsilon": 0.7831797056659402, "gamma": 0.3174204696021121, "lamda": 0.1970805923347299}, "datetime": {"datetime": "2021-09-23 12:22:17", "elapsed": 106.428085, "delta": 1.302705}}
{"target": -3.058265670570138, "params": {"C": 23.363435360975767, "epsilon": 0.3536514619276469, "gamma": 0.5626279314024376, "lamda": 0.10815980247441219}, "datetime": {"datetime": "2021-09-23 12:22:17", "elapsed": 107.247939, "delta": 0.819854}}
{"target": -2.3481796885119226, "params": {"C": 92.02646586845215, "epsilon": 0.5947757580771248, "gamma": 0.18169365688563774, "lamda": 0.02274437101579811}, "datetime": {"datetime": "2021-09-23 12:22:19", "elapsed": 109.049698, "delta": 1.801759}}
{"target": -2.717934788268947, "params": {"C": 93.3644107067496, "epsilon": 0.941450644723089, "gamma": 0.010656561248980104, "lamda": 0.20653122035547886}, "datetime": {"datetime": "2021-09-23 12:22:21", "elapsed": 110.789698, "delta": 1.74}}
{"target": -2.8959011582068377, "params": {"C": 81.11924740264521, "epsilon": 0.22709350168665093, "gamma": 0.362991141808486, "lamda": 0.9899236925588822}, "datetime": {"datetime": "2021-09-23 12:22:22", "elapsed": 111.5367, "delta": 0.747002}}
{"target": -3.7607276248268855, "params": {"C": 12.006262004208539, "epsilon": 0.13427508718198466, "gamma": 0.6475621700118691, "lamda": 0.5772969182120788}, "datetime": {"datetime": "2021-09-23 12:22:23", "elapsed": 112.336699, "delta": 0.799999}}
{"target": -2.2742830521189448, "params": {"C": 28.102895502950474, "epsilon": 0.8477266245193019, "gamma": 0.1567302380415554, "lamda": 0.005731444543713052}, "datetime": {"datetime": "2021-09-23 12:22:24", "elapsed": 113.513701, "delta": 1.177002}}
{"target": -2.181352925376017, "params": {"C": 93.1568173866354, "epsilon": 0.6219809480331926, "gamma": 0.13887164383746112, "lamda": 0.04592446286753402}, "datetime": {"datetime": "2021-09-23 12:22:25", "elapsed": 115.2327, "delta": 1.718999}}
{"target": -3.8961234621692187, "params": {"C": 25.614901580387393, "epsilon": 0.6741601807629025, "gamma": 0.8142117096302525, "lamda": 0.47909677576477877}, "datetime": {"datetime": "2021-09-23 12:22:26", "elapsed": 115.880702, "delta": 0.648002}}
{"target": -3.2849722533000505, "params": {"C": 59.94067045094151, "epsilon": 0.5290799994353341, "gamma": 0.5629339268059014, "lamda": 0.4647610310323481}, "datetime": {"datetime": "2021-09-23 12:22:27", "elapsed": 116.676699, "delta": 0.795997}}
{"target": -3.5991739582612214, "params": {"C": 92.13953211938303, "epsilon": 0.43589294183457206, "gamma": 0.001, "lamda": 0.14084371139744417}, "datetime": {"datetime": "2021-09-23 12:22:29", "elapsed": 118.398451, "delta": 1.721752}}
{"target": -2.591227791914367, "params": {"C": 92.49637188542711, "epsilon": 0.363002663245141, "gamma": 0.3001912117630678, "lamda": 0.34773641977504516}, "datetime": {"datetime": "2021-09-23 12:22:30", "elapsed": 119.532698, "delta": 1.134247}}
{"target": -2.770207238672622, "params": {"C": 93.06571503007797, "epsilon": 0.6100386931005005, "gamma": 0.40634416171933, "lamda": 0.060863301509170534}, "datetime": {"datetime": "2021-09-23 12:22:31", "elapsed": 121.267764, "delta": 1.735066}}
{"target": -2.467678052144161, "params": {"C": 93.14338148487451, "epsilon": 0.8712041356486011, "gamma": 0.14348708184843362, "lamda": 0.31410792417502503}, "datetime": {"datetime": "2021-09-23 12:22:33", "elapsed": 122.375036, "delta": 1.107272}}
{"target": -2.5115204542413525, "params": {"C": 91.96988224881261, "epsilon": 0.9165913039176011, "gamma": 0.1677444848221682, "lamda": 0.30412377360751286}, "datetime": {"datetime": "2021-09-23 12:22:34", "elapsed": 123.515276, "delta": 1.14024}}
{"target": -2.211692901482145, "params": {"C": 52.760876761866015, "epsilon": 0.08146881026703122, "gamma": 0.054295296049593655, "lamda": 0.9286713418262313}, "datetime": {"datetime": "2021-09-23 12:22:35", "elapsed": 125.262246, "delta": 1.74697}}
{"target": -3.2488571192109745, "params": {"C": 67.16176401634895, "epsilon": 0.1333183678081217, "gamma": 0.6630023763640173, "lamda": 0.09932277291891882}, "datetime": {"datetime": "2021-09-23 12:22:36", "elapsed": 126.01225, "delta": 0.750004}}
{"target": -2.851024200467885, "params": {"C": 92.01604304945101, "epsilon": 0.5030853611231364, "gamma": 0.43195190010794515, "lamda": 0.22224025668172817}, "datetime": {"datetime": "2021-09-23 12:22:38", "elapsed": 127.849617, "delta": 1.837367}}
{"target": -2.535190840565489, "params": {"C": 52.17728686195234, "epsilon": 0.5386833997123821, "gamma": 0.1733354551823222, "lamda": 0.5290280713950093}, "datetime": {"datetime": "2021-09-23 12:22:39", "elapsed": 128.691615, "delta": 0.841998}}
{"target": -2.9626503741343595, "params": {"C": 59.96988733648607, "epsilon": 0.5294751664207564, "gamma": 0.5179387284688131, "lamda": 0.05730686274586723}, "datetime": {"datetime": "2021-09-23 12:22:40", "elapsed": 129.690786, "delta": 0.999171}}
{"target": -3.7043032135234633, "params": {"C": 52.588498911909895, "epsilon": 0.5617403201662724, "gamma": 0.001, "lamda": 0.15284020173947357}, "datetime": {"datetime": "2021-09-23 12:22:41", "elapsed": 130.968353, "delta": 1.277567}}
{"target": -3.5604190970586833, "params": {"C": 99.97009611380902, "epsilon": 0.9396046002007145, "gamma": 0.6952363049973517, "lamda": 0.2676222258149641}, "datetime": {"datetime": "2021-09-23 12:22:42", "elapsed": 131.794874, "delta": 0.826521}}
{"target": -2.4731568829701907, "params": {"C": 52.99070403436399, "epsilon": 0.5992331000502664, "gamma": 0.22637955615243777, "lamda": 0.2825449492944359}, "datetime": {"datetime": "2021-09-23 12:22:43", "elapsed": 133.211907, "delta": 1.417033}}
{"target": -2.4498383854781527, "params": {"C": 52.892013066841905, "epsilon": 0.5067354652838778, "gamma": 0.23772239141933907, "lamda": 0.014861465786812612}, "datetime": {"datetime": "2021-09-23 12:22:45", "elapsed": 134.96959, "delta": 1.757683}}
{"target": -2.269636481269181, "params": {"C": 93.31718489518235, "epsilon": 0.7641201990906155, "gamma": 0.028295901942407442, "lamda": 0.10491572206791834}, "datetime": {"datetime": "2021-09-23 12:22:47", "elapsed": 136.742055, "delta": 1.772465}}
{"target": -2.1031216184692254, "params": {"C": 92.45810090081594, "epsilon": 0.25491274057706353, "gamma": 0.08915549728966196, "lamda": 0.02665920492268201}, "datetime": {"datetime": "2021-09-23 12:22:48", "elapsed": 138.226598, "delta": 1.484543}}
{"target": -2.6030648947021224, "params": {"C": 92.3078149367573, "epsilon": 0.7530238102927086, "gamma": 0.28180082759712116, "lamda": 0.24975021992822574}, "datetime": {"datetime": "2021-09-23 12:22:50", "elapsed": 139.526392, "delta": 1.299794}}
{"target": -3.1238571023170922, "params": {"C": 46.77004535092268, "epsilon": 0.8747657665390196, "gamma": 0.43164655353940296, "lamda": 0.455902955672575}, "datetime": {"datetime": "2021-09-23 12:22:50", "elapsed": 140.232389, "delta": 0.705997}}
{"target": -2.208147510485514, "params": {"C": 52.017923312692886, "epsilon": 0.4066350372399527, "gamma": 0.04181159019904495, "lamda": 0.18405072792873728}, "datetime": {"datetime": "2021-09-23 12:22:52", "elapsed": 141.687148, "delta": 1.454759}}
{"target": -3.809075975173399, "params": {"C": 39.93478099258017, "epsilon": 0.001, "gamma": 0.001, "lamda": 0.9384439415801237}, "datetime": {"datetime": "2021-09-23 12:22:54", "elapsed": 143.694789, "delta": 2.007641}}
{"target": -2.2293892394408505, "params": {"C": 27.889476934608474, "epsilon": 0.8057287637481926, "gamma": 0.09471951091628669, "lamda": 0.14746002638282052}, "datetime": {"datetime": "2021-09-23 12:22:55", "elapsed": 145.28169, "delta": 1.586901}}
{"target": -2.136830413931881, "params": {"C": 52.65658877442795, "epsilon": 0.3647937651727503, "gamma": 0.05416640663423532, "lamda": 0.19055524613316882}, "datetime": {"datetime": "2021-09-23 12:22:56", "elapsed": 146.209688, "delta": 0.927998}}
{"target": -2.4390997701656385, "params": {"C": 28.133763204281312, "epsilon": 0.8932242973751364, "gamma": 0.03665980632817369, "lamda": 0.2884050543037313}, "datetime": {"datetime": "2021-09-23 12:22:58", "elapsed": 147.775012, "delta": 1.565324}}
{"target": -2.4961668589738384, "params": {"C": 27.967069455525664, "epsilon": 1.0, "gamma": 0.2597295117703476, "lamda": 0.16382503102007226}, "datetime": {"datetime": "2021-09-23 12:23:00", "elapsed": 149.788932, "delta": 2.01392}}
{"target": -3.100876826044648, "params": {"C": 39.50114519495543, "epsilon": 0.3204240907038378, "gamma": 0.5586798013948207, "lamda": 0.2752275724163955}, "datetime": {"datetime": "2021-09-23 12:23:01", "elapsed": 150.774932, "delta": 0.986}}
{"target": -3.8008666738379033, "params": {"C": 27.956906719657397, "epsilon": 1.0, "gamma": 0.001, "lamda": 0.015109707817088194}, "datetime": {"datetime": "2021-09-23 12:23:04", "elapsed": 154.237259, "delta": 3.462327}}
{"target": -2.058443097769919, "params": {"C": 92.37902256471695, "epsilon": 0.5503443437817428, "gamma": 0.053698895851653355, "lamda": 0.034265598023859804}, "datetime": {"datetime": "2021-09-23 12:23:06", "elapsed": 155.409462, "delta": 1.172203}}
{"target": -2.31719603416906, "params": {"C": 27.827781733630818, "epsilon": 0.6301694217955226, "gamma": 0.20215985881695986, "lamda": 0.11432043176670226}, "datetime": {"datetime": "2021-09-23 12:23:08", "elapsed": 157.843137, "delta": 2.433675}}
{"target": -4.191196346804499, "params": {"C": 22.0035997966178, "epsilon": 0.8261728309833992, "gamma": 0.8588207568762467, "lamda": 0.6773229904951437}, "datetime": {"datetime": "2021-09-23 12:23:09", "elapsed": 158.634185, "delta": 0.791048}}
{"target": -2.4466696712347358, "params": {"C": 28.071902272747053, "epsilon": 0.7206234394299602, "gamma": 0.24534192471397234, "lamda": 0.19855907770053}, "datetime": {"datetime": "2021-09-23 12:23:12", "elapsed": 161.727799, "delta": 3.093614}}
{"target": -3.0597330406329353, "params": {"C": 64.93082912572794, "epsilon": 0.16144538241878678, "gamma": 0.47220668428516965, "lamda": 0.9292374056244274}, "datetime": {"datetime": "2021-09-23 12:23:13", "elapsed": 163.113359, "delta": 1.38556}}
{"target": -2.0969631686468246, "params": {"C": 52.88472700867852, "epsilon": 0.3758797410137125, "gamma": 0.06926579750125804, "lamda": 0.1655032168308864}, "datetime": {"datetime": "2021-09-23 12:23:15", "elapsed": 165.190324, "delta": 2.076965}}
{"target": -2.1829147309409325, "params": {"C": 52.09251096829481, "epsilon": 0.6655161988908799, "gamma": 0.08606448822442773, "lamda": 0.18436977007377683}, "datetime": {"datetime": "2021-09-23 12:23:17", "elapsed": 166.966419, "delta": 1.776095}}
{"target": -5.83760505632565, "params": {"C": 1.334165112451609, "epsilon": 0.11238545058617927, "gamma": 0.7747450604781927, "lamda": 0.45939569068984276}, "datetime": {"datetime": "2021-09-23 12:23:18", "elapsed": 167.96863, "delta": 1.002211}}
{"target": -2.33916252381426, "params": {"C": 44.55841953541752, "epsilon": 0.4779631116288593, "gamma": 0.03367000206379462, "lamda": 0.2975318824073197}, "datetime": {"datetime": "2021-09-23 12:23:19", "elapsed": 168.960628, "delta": 0.991998}}
