{"target": -3.8750756586523405, "params": {"C": 68.57518994145927, "epsilon": 0.7769588842799965, "gamma": 0.7492365319856638, "lamda": 0.5660278919700111}, "datetime": {"datetime": "2021-09-23 12:30:34", "elapsed": 603.774581, "delta": 2.01313}}
{"target": -2.454955124311221, "params": {"C": 93.61389984925758, "epsilon": 0.15008961092453915, "gamma": 0.020270577165915158, "lamda": 0.748912496989968}, "datetime": {"datetime": "2021-09-23 12:30:36", "elapsed": 605.818869, "delta": 2.044288}}
{"target": -2.2649057999396276, "params": {"C": 22.491367020314936, "epsilon": 0.7811416827847262, "gamma": 0.08447077138894232, "lamda": 0.001}, "datetime": {"datetime": "2021-09-23 12:30:40", "elapsed": 610.168728, "delta": 4.349859}}
{"target": -2.2388092168745586, "params": {"C": 23.132002559732918, "epsilon": 0.5653580680792437, "gamma": 0.06556603027546573, "lamda": 0.0985715710580298}, "datetime": {"datetime": "2021-09-23 12:30:46", "elapsed": 615.856655, "delta": 5.687927}}
{"target": -2.5324085260087394, "params": {"C": 22.607362224773482, "epsilon": 0.49921675618533984, "gamma": 0.3148092684629595, "lamda": 0.0032348735656984014}, "datetime": {"datetime": "2021-09-23 12:30:51", "elapsed": 620.823785, "delta": 4.96713}}
{"target": -3.743235267929866, "params": {"C": 48.931577173556185, "epsilon": 0.8394039416389253, "gamma": 0.7459100351594609, "lamda": 0.38104642260379407}, "datetime": {"datetime": "2021-09-23 12:30:53", "elapsed": 622.591319, "delta": 1.767534}}
{"target": -2.3249721023896273, "params": {"C": 23.074482902094836, "epsilon": 0.8242434756034097, "gamma": 0.16915936867107562, "lamda": 0.15057149774414597}, "datetime": {"datetime": "2021-09-23 12:30:58", "elapsed": 627.539138, "delta": 4.947819}}
{"target": -3.1229787764334405, "params": {"C": 21.905777967696793, "epsilon": 0.6502287555014575, "gamma": 0.4881332090024777, "lamda": 0.4053664740196216}, "datetime": {"datetime": "2021-09-23 12:31:00", "elapsed": 629.499992, "delta": 1.960854}}
{"target": -2.448511437432818, "params": {"C": 23.14919441363772, "epsilon": 0.42977030833934365, "gamma": 0.25884193000087774, "lamda": 0.25430859581517085}, "datetime": {"datetime": "2021-09-23 12:31:05", "elapsed": 634.840319, "delta": 5.340327}}
{"target": -2.4923787558419623, "params": {"C": 93.65333819643537, "epsilon": 0.6599776245434626, "gamma": 0.1679833776067737, "lamda": 0.38250582900557306}, "datetime": {"datetime": "2021-09-23 12:31:10", "elapsed": 639.880322, "delta": 5.040003}}
{"target": -3.529856820842884, "params": {"C": 29.282831230950265, "epsilon": 0.5714106854128778, "gamma": 0.6689288629342834, "lamda": 0.4478887824280427}, "datetime": {"datetime": "2021-09-23 12:31:12", "elapsed": 641.852278, "delta": 1.971956}}
{"target": -3.4923521875391224, "params": {"C": 8.124289357140292, "epsilon": 0.8484442835379471, "gamma": 0.42690011552331597, "lamda": 0.31794763903500417}, "datetime": {"datetime": "2021-09-23 12:31:14", "elapsed": 643.778488, "delta": 1.92621}}
{"target": -2.443016916077976, "params": {"C": 53.36136742806401, "epsilon": 0.4196130292932347, "gamma": 0.011462357233054965, "lamda": 0.001}, "datetime": {"datetime": "2021-09-23 12:31:21", "elapsed": 650.449413, "delta": 6.670925}}
{"target": -2.971372004659431, "params": {"C": 98.05810135981456, "epsilon": 0.45792480755100823, "gamma": 0.3765233444587074, "lamda": 0.7138650434550968}, "datetime": {"datetime": "2021-09-23 12:31:23", "elapsed": 652.648459, "delta": 2.199046}}
{"target": -2.4563045387574776, "params": {"C": 31.66674647496282, "epsilon": 0.5772586716178792, "gamma": 0.2235147115262696, "lamda": 0.30335744934489306}, "datetime": {"datetime": "2021-09-23 12:31:25", "elapsed": 654.540123, "delta": 1.891664}}
{"target": -2.275251807342338, "params": {"C": 23.35409087238213, "epsilon": 0.31382494375234404, "gamma": 0.05074474188652789, "lamda": 0.22052213804089957}, "datetime": {"datetime": "2021-09-23 12:31:30", "elapsed": 659.890028, "delta": 5.349905}}
{"target": -2.6831781178277163, "params": {"C": 60.96710137653368, "epsilon": 0.6840209708152346, "gamma": 0.2118660258344858, "lamda": 0.5539003956736477}, "datetime": {"datetime": "2021-09-23 12:31:32", "elapsed": 661.66013, "delta": 1.770102}}
{"target": -2.2655447366550048, "params": {"C": 23.408779576984145, "epsilon": 0.1037236267813029, "gamma": 0.13067593751781878, "lamda": 0.39625382502728856}, "datetime": {"datetime": "2021-09-23 12:31:38", "elapsed": 667.413689, "delta": 5.753559}}
{"target": -3.427709814416788, "params": {"C": 44.28756565279382, "epsilon": 0.9371280706962645, "gamma": 0.6137273108947698, "lamda": 0.3150868764478174}, "datetime": {"datetime": "2021-09-23 12:31:39", "elapsed": 669.247571, "delta": 1.833882}}
{"target": -2.3194884269433103, "params": {"C": 23.36389708526839, "epsilon": 0.07592262177913679, "gamma": 0.03670883317312327, "lamda": 0.07610031360278978}, "datetime": {"datetime": "2021-09-23 12:31:45", "elapsed": 674.808886, "delta": 5.561315}}
{"target": -2.2673282384435485, "params": {"C": 23.3527149082074, "epsilon": 0.7065622097378014, "gamma": 0.1318686818310275, "lamda": 0.07086366653886374}, "datetime": {"datetime": "2021-09-23 12:31:51", "elapsed": 680.451845, "delta": 5.642959}}
{"target": -2.2797637133922524, "params": {"C": 23.151268576154266, "epsilon": 0.0026655202958682437, "gamma": 0.04841384554040888, "lamda": 0.2979463912369957}, "datetime": {"datetime": "2021-09-23 12:31:56", "elapsed": 685.694999, "delta": 5.243154}}
{"target": -3.0273792252864076, "params": {"C": 5.610456814224662, "epsilon": 0.7574331684527655, "gamma": 0.1208997421337559, "lamda": 0.9490881132146687}, "datetime": {"datetime": "2021-09-23 12:31:58", "elapsed": 687.762551, "delta": 2.067552}}
{"target": -2.318801236012913, "params": {"C": 23.474942813434897, "epsilon": 0.5126057125871943, "gamma": 0.06487682082842026, "lamda": 0.33765035713072555}, "datetime": {"datetime": "2021-09-23 12:32:03", "elapsed": 692.467255, "delta": 4.704704}}
{"target": -3.998120980009889, "params": {"C": 30.850605879741046, "epsilon": 0.9735861981544105, "gamma": 0.9165305755491757, "lamda": 0.26088011961223234}, "datetime": {"datetime": "2021-09-23 12:32:05", "elapsed": 694.647431, "delta": 2.180176}}
{"target": -2.3981174216509866, "params": {"C": 23.31356657694646, "epsilon": 0.12785399937476216, "gamma": 0.2512196177863117, "lamda": 0.18827511727538526}, "datetime": {"datetime": "2021-09-23 12:32:10", "elapsed": 699.779367, "delta": 5.131936}}
{"target": -2.893059434009942, "params": {"C": 91.31566459271012, "epsilon": 0.24822684013474303, "gamma": 0.4350756131524931, "lamda": 0.4916031022127905}, "datetime": {"datetime": "2021-09-23 12:32:12", "elapsed": 701.856825, "delta": 2.077458}}
{"target": -2.419942877308421, "params": {"C": 23.284701524524657, "epsilon": 0.7530434889355522, "gamma": 0.0861819645087941, "lamda": 0.42014369689422204}, "datetime": {"datetime": "2021-09-23 12:32:19", "elapsed": 708.47286, "delta": 6.616035}}
{"target": -2.537204129849125, "params": {"C": 93.46791693947036, "epsilon": 0.44342228534705963, "gamma": 0.17260738544425863, "lamda": 0.6141277502757649}, "datetime": {"datetime": "2021-09-23 12:32:23", "elapsed": 712.948928, "delta": 4.476068}}
{"target": -2.2481024878839144, "params": {"C": 23.200456188297448, "epsilon": 0.9858512859897222, "gamma": 0.10212688638420203, "lamda": 0.008999735172569742}, "datetime": {"datetime": "2021-09-23 12:32:30", "elapsed": 719.63838, "delta": 6.689452}}
{"target": -2.910977528250585, "params": {"C": 23.414562853653724, "epsilon": 0.8415803655990616, "gamma": 0.3989404038987431, "lamda": 0.3105489616329481}, "datetime": {"datetime": "2021-09-23 12:32:36", "elapsed": 725.396699, "delta": 5.758319}}
{"target": -2.7071164176322697, "params": {"C": 25.29320775050937, "epsilon": 0.7021840935484465, "gamma": 0.2917331802826932, "lamda": 0.4255387146800751}, "datetime": {"datetime": "2021-09-23 12:32:38", "elapsed": 727.639065, "delta": 2.242366}}
{"target": -2.339142357242725, "params": {"C": 23.496491754665996, "epsilon": 0.9718953457945413, "gamma": 0.03757020239022274, "lamda": 0.07804310681112896}, "datetime": {"datetime": "2021-09-23 12:32:43", "elapsed": 733.211235, "delta": 5.57217}}
{"target": -2.6162320100302265, "params": {"C": 51.24864968634414, "epsilon": 0.001, "gamma": 0.34103937430707804, "lamda": 0.4581312631423351}, "datetime": {"datetime": "2021-09-23 12:32:49", "elapsed": 739.155238, "delta": 5.944003}}
{"target": -2.584043189844516, "params": {"C": 82.82880234285727, "epsilon": 0.7924525829379326, "gamma": 0.2731765840860059, "lamda": 0.2348356555646967}, "datetime": {"datetime": "2021-09-23 12:32:51", "elapsed": 741.25646, "delta": 2.101222}}
{"target": -3.9022358572040274, "params": {"C": 23.52057876692282, "epsilon": 0.4880057365195987, "gamma": 0.001, "lamda": 0.001}, "datetime": {"datetime": "2021-09-23 12:32:59", "elapsed": 748.621815, "delta": 7.365355}}
{"target": -2.184956696421105, "params": {"C": 52.08719846888183, "epsilon": 0.3289822630331885, "gamma": 0.11663476033154015, "lamda": 0.035843344110105986}, "datetime": {"datetime": "2021-09-23 12:33:04", "elapsed": 753.96136, "delta": 5.339545}}
{"target": -3.348035006838679, "params": {"C": 23.276781254081083, "epsilon": 0.9820650279427805, "gamma": 0.004217940275814788, "lamda": 0.2984475793706212}, "datetime": {"datetime": "2021-09-23 12:33:10", "elapsed": 759.689413, "delta": 5.728053}}
{"target": -2.424928625487036, "params": {"C": 23.613002381049096, "epsilon": 0.35088008198731, "gamma": 0.15301423114326348, "lamda": 0.621060345024459}, "datetime": {"datetime": "2021-09-23 12:33:16", "elapsed": 765.390746, "delta": 5.701333}}
{"target": -2.6778124769498213, "params": {"C": 40.59070968812463, "epsilon": 0.7885420870896612, "gamma": 0.3899302979422335, "lamda": 0.029003667260211956}, "datetime": {"datetime": "2021-09-23 12:33:18", "elapsed": 768.214734, "delta": 2.823988}}
{"target": -4.3388193523365635, "params": {"C": 13.505293373569273, "epsilon": 0.9120010572578948, "gamma": 0.8939287595291927, "lamda": 0.5705207237921613}, "datetime": {"datetime": "2021-09-23 12:33:21", "elapsed": 770.354999, "delta": 2.140265}}
{"target": -3.975857328295816, "params": {"C": 23.383060390006968, "epsilon": 0.34153884247749555, "gamma": 0.001, "lamda": 0.5261971481782168}, "datetime": {"datetime": "2021-09-23 12:33:27", "elapsed": 776.633936, "delta": 6.278937}}
{"target": -2.5203057344680007, "params": {"C": 23.66169676693761, "epsilon": 0.14530018874355935, "gamma": 0.2958685955090589, "lamda": 0.4736010032007064}, "datetime": {"datetime": "2021-09-23 12:33:32", "elapsed": 781.808913, "delta": 5.174977}}
{"target": -2.1404892675705245, "params": {"C": 53.2099889434867, "epsilon": 0.7766286811653271, "gamma": 0.09959833958035386, "lamda": 0.014881262080120656}, "datetime": {"datetime": "2021-09-23 12:33:37", "elapsed": 786.700982, "delta": 4.892069}}
{"target": -4.034887689297401, "params": {"C": 74.77212571437485, "epsilon": 0.8556773897475206, "gamma": 0.7852569271649366, "lamda": 0.630976404690107}, "datetime": {"datetime": "2021-09-23 12:33:39", "elapsed": 788.765181, "delta": 2.064199}}
{"target": -2.106282081344171, "params": {"C": 53.46642076714732, "epsilon": 0.8490900466692657, "gamma": 0.059887504431748985, "lamda": 0.06791907185061621}, "datetime": {"datetime": "2021-09-23 12:33:44", "elapsed": 793.976303, "delta": 5.211122}}
{"target": -2.3935407104419597, "params": {"C": 41.16459173876914, "epsilon": 0.2593372603816036, "gamma": 0.037760025428390985, "lamda": 0.7160172704620227}, "datetime": {"datetime": "2021-09-23 12:33:46", "elapsed": 796.251622, "delta": 2.275319}}
{"target": -2.4405928051198997, "params": {"C": 53.32772568707027, "epsilon": 0.6736314647976955, "gamma": 0.20954225945947832, "lamda": 0.24958014792653244}, "datetime": {"datetime": "2021-09-23 12:33:54", "elapsed": 803.667449, "delta": 7.415827}}
{"target": -2.19917862838564, "params": {"C": 53.73091926400205, "epsilon": 0.6864630912767279, "gamma": 0.05842712259362588, "lamda": 0.20079669084131885}, "datetime": {"datetime": "2021-09-23 12:34:01", "elapsed": 811.268756, "delta": 7.601307}}
{"target": -2.124070818676914, "params": {"C": 127.1320643266746, "epsilon": 0.021731197410042098, "gamma": 0.10970130584189028, "lamda": 0.451794290697781}, "datetime": {"datetime": "2021-09-23 12:44:11", "elapsed": 0.0, "delta": 0.0}}
{"target": -2.1590326900840093, "params": {"C": 99.85070123025903, "epsilon": 0.2255718488853168, "gamma": 0.06178691512355863, "lamda": 0.45871312019738564}, "datetime": {"datetime": "2021-09-23 12:44:11", "elapsed": 0.270001, "delta": 0.270001}}
{"target": -2.1296630368538874, "params": {"C": 66.91108365625354, "epsilon": 0.08925147435983626, "gamma": 0.11538958002045768, "lamda": 0.5725020742550125}, "datetime": {"datetime": "2021-09-23 12:44:11", "elapsed": 0.636102, "delta": 0.366101}}
{"target": -2.343997161275629, "params": {"C": 50.39482663279144, "epsilon": 0.5126800711223909, "gamma": 0.12938830578173247, "lamda": 0.371390379429339}, "datetime": {"datetime": "2021-09-23 12:44:12", "elapsed": 1.003775, "delta": 0.367673}}
{"target": -2.0763439298733974, "params": {"C": 73.0032630935819, "epsilon": 0.19086524025711354, "gamma": 0.09157779983536299, "lamda": 0.08828171168963651}, "datetime": {"datetime": "2021-09-23 12:44:12", "elapsed": 1.432777, "delta": 0.429002}}
{"target": -2.61973840454906, "params": {"C": 147.15884014382124, "epsilon": 1.0, "gamma": 0.04, "lamda": 0.5724393702821584}, "datetime": {"datetime": "2021-09-23 12:44:13", "elapsed": 1.918777, "delta": 0.486}}
{"target": -2.6369739469618025, "params": {"C": 114.6304721079634, "epsilon": 1.0, "gamma": 0.04, "lamda": 0.6}, "datetime": {"datetime": "2021-09-23 12:44:13", "elapsed": 2.548598, "delta": 0.629821}}
{"target": -2.7381940204249213, "params": {"C": 79.870758666689, "epsilon": 1.0, "gamma": 0.15, "lamda": 0.6}, "datetime": {"datetime": "2021-09-23 12:44:14", "elapsed": 3.135429, "delta": 0.586831}}
{"target": -2.0651216141589437, "params": {"C": 70.23292161203818, "epsilon": 0.1408111993126107, "gamma": 0.10195383158028663, "lamda": 0.3027608401994177}, "datetime": {"datetime": "2021-09-23 12:44:15", "elapsed": 3.808433, "delta": 0.673004}}
{"target": -2.230779725776513, "params": {"C": 133.1699628736208, "epsilon": 0.9507564487102056, "gamma": 0.14321444901855487, "lamda": 0.062068999080057544}, "datetime": {"datetime": "2021-09-23 12:44:15", "elapsed": 4.460036, "delta": 0.651603}}
{"target": -2.176369801036508, "params": {"C": 93.5312145806972, "epsilon": 0.001, "gamma": 0.04, "lamda": 0.01}, "datetime": {"datetime": "2021-09-23 12:44:16", "elapsed": 5.28678, "delta": 0.826744}}
{"target": -2.169609689558875, "params": {"C": 59.80847167454634, "epsilon": 1.0, "gamma": 0.04, "lamda": 0.01}, "datetime": {"datetime": "2021-09-23 12:44:17", "elapsed": 6.102334, "delta": 0.815554}}
{"target": -2.1617309726058878, "params": {"C": 105.26225579302, "epsilon": 0.001, "gamma": 0.04, "lamda": 0.01}, "datetime": {"datetime": "2021-09-23 12:44:18", "elapsed": 6.940605, "delta": 0.838271}}
{"target": -2.3803914941535402, "params": {"C": 122.93784962979444, "epsilon": 0.9666438983990616, "gamma": 0.04986037210903886, "lamda": 0.29038454898078}, "datetime": {"datetime": "2021-09-23 12:44:18", "elapsed": 7.541607, "delta": 0.601002}}
{"target": -2.5520103835248706, "params": {"C": 89.12583273155039, "epsilon": 0.9744111733595653, "gamma": 0.058474395144006465, "lamda": 0.5406398811791335}, "datetime": {"datetime": "2021-09-23 12:44:19", "elapsed": 8.400607, "delta": 0.859}}
{"target": -2.1568029949087038, "params": {"C": 55.7218197580172, "epsilon": 0.018829588870173525, "gamma": 0.10960901485773772, "lamda": 0.5229135219633497}, "datetime": {"datetime": "2021-09-23 12:44:20", "elapsed": 9.062954, "delta": 0.662347}}
{"target": -2.7381940204249213, "params": {"C": 96.43005253435788, "epsilon": 1.0, "gamma": 0.15, "lamda": 0.6}, "datetime": {"datetime": "2021-09-23 12:44:20", "elapsed": 9.671955, "delta": 0.609001}}
{"target": -2.335571237435456, "params": {"C": 71.57994813379196, "epsilon": 0.7662915190771128, "gamma": 0.05083594872408216, "lamda": 0.30946434879179757}, "datetime": {"datetime": "2021-09-23 12:44:21", "elapsed": 10.359478, "delta": 0.687523}}
{"target": -2.249339421510457, "params": {"C": 77.89828291322064, "epsilon": 0.4675696406013723, "gamma": 0.055958018494537146, "lamda": 0.35645318893182787}, "datetime": {"datetime": "2021-09-23 12:44:22", "elapsed": 10.724478, "delta": 0.365}}
{"target": -2.219778952950808, "params": {"C": 133.2025621829643, "epsilon": 0.9466314258888812, "gamma": 0.1416364985443047, "lamda": 0.049607889224510045}, "datetime": {"datetime": "2021-09-23 12:44:22", "elapsed": 11.192479, "delta": 0.468001}}
{"target": -2.071195462934553, "params": {"C": 69.36769292883406, "epsilon": 0.09326704285806814, "gamma": 0.10528133729465916, "lamda": 0.38379101359513007}, "datetime": {"datetime": "2021-09-23 12:44:23", "elapsed": 12.057476, "delta": 0.864997}}
{"target": -2.208326681884354, "params": {"C": 74.17622773539927, "epsilon": 0.2841555665590771, "gamma": 0.14312521380942017, "lamda": 0.05036282941275167}, "datetime": {"datetime": "2021-09-23 12:44:24", "elapsed": 12.805011, "delta": 0.747535}}
{"target": -2.3679273917540855, "params": {"C": 68.13880358963614, "epsilon": 0.9595173976784345, "gamma": 0.04893825027066946, "lamda": 0.27938719822318114}, "datetime": {"datetime": "2021-09-23 12:44:24", "elapsed": 13.571018, "delta": 0.766007}}
{"target": -2.2507451985313964, "params": {"C": 69.83072614905026, "epsilon": 0.9900577751807125, "gamma": 0.15, "lamda": 0.01}, "datetime": {"datetime": "2021-09-23 12:44:25", "elapsed": 14.517009, "delta": 0.945991}}
{"target": -2.0936466238723415, "params": {"C": 134.66851235485305, "epsilon": 0.9821825101643706, "gamma": 0.04194576834200409, "lamda": 0.04577665317205217}, "datetime": {"datetime": "2021-09-23 12:44:26", "elapsed": 15.247099, "delta": 0.73009}}
{"target": -2.3051246651320825, "params": {"C": 134.27898913830563, "epsilon": 0.001, "gamma": 0.15, "lamda": 0.6}, "datetime": {"datetime": "2021-09-23 12:44:27", "elapsed": 16.183095, "delta": 0.935996}}
{"target": -2.2470400536962587, "params": {"C": 65.51723750121327, "epsilon": 0.001, "gamma": 0.15, "lamda": 0.6}, "datetime": {"datetime": "2021-09-23 12:44:28", "elapsed": 17.148076, "delta": 0.964981}}
{"target": -2.440799196996705, "params": {"C": 128.14204321128864, "epsilon": 0.9639728245010585, "gamma": 0.1101243770031464, "lamda": 0.3046919797795176}, "datetime": {"datetime": "2021-09-23 12:44:29", "elapsed": 17.95507, "delta": 0.806994}}
{"target": -2.095753502800495, "params": {"C": 125.92209646085489, "epsilon": 0.06045185545049009, "gamma": 0.11014714942485021, "lamda": 0.44440646886523766}, "datetime": {"datetime": "2021-09-23 12:44:30", "elapsed": 18.811434, "delta": 0.856364}}
{"target": -2.101577241457326, "params": {"C": 136.09232718990555, "epsilon": 1.0, "gamma": 0.04, "lamda": 0.01}, "datetime": {"datetime": "2021-09-23 12:44:30", "elapsed": 19.630205, "delta": 0.818771}}
{"target": -2.299530374181869, "params": {"C": 137.60069065450168, "epsilon": 1.0, "gamma": 0.15, "lamda": 0.01}, "datetime": {"datetime": "2021-09-23 12:44:32", "elapsed": 20.698276, "delta": 1.068071}}
{"target": -2.1973755275125897, "params": {"C": 57.48814446826181, "epsilon": 0.44281518932204494, "gamma": 0.07951705306151181, "lamda": 0.3012257909744084}, "datetime": {"datetime": "2021-09-23 12:44:32", "elapsed": 21.550573, "delta": 0.852297}}
{"target": -2.101619417571308, "params": {"C": 101.48771803775213, "epsilon": 0.11578971828095036, "gamma": 0.04408507666437525, "lamda": 0.33351298963091214}, "datetime": {"datetime": "2021-09-23 12:44:33", "elapsed": 22.39957, "delta": 0.848997}}
{"target": -2.018430133531, "params": {"C": 103.05965882412582, "epsilon": 0.1135490748936281, "gamma": 0.08532446994412812, "lamda": 0.17288007112284096}, "datetime": {"datetime": "2021-09-23 12:44:34", "elapsed": 23.398434, "delta": 0.998864}}
{"target": -2.686299582297953, "params": {"C": 103.78001363271848, "epsilon": 0.9485134741839216, "gamma": 0.13033869551978924, "lamda": 0.5918628136894246}, "datetime": {"datetime": "2021-09-23 12:44:35", "elapsed": 24.158042, "delta": 0.759608}}
{"target": -2.1188067828278663, "params": {"C": 102.3685007658415, "epsilon": 0.04738014402182165, "gamma": 0.11137023505159849, "lamda": 0.22397520344156713}, "datetime": {"datetime": "2021-09-23 12:44:36", "elapsed": 25.067745, "delta": 0.909703}}
{"target": -2.6115449673514974, "params": {"C": 135.3651111793535, "epsilon": 0.8575871143937813, "gamma": 0.14374258799656023, "lamda": 0.4948962735903294}, "datetime": {"datetime": "2021-09-23 12:44:37", "elapsed": 25.983338, "delta": 0.915593}}
{"target": -2.17475312423302, "params": {"C": 114.0715348844055, "epsilon": 0.06728918851559694, "gamma": 0.12949955794128384, "lamda": 0.539955627036689}, "datetime": {"datetime": "2021-09-23 12:44:37", "elapsed": 26.48034, "delta": 0.497002}}
{"target": -2.286568707842241, "params": {"C": 69.82464248792205, "epsilon": 0.20986724317556968, "gamma": 0.04, "lamda": 0.6}, "datetime": {"datetime": "2021-09-23 12:44:38", "elapsed": 27.287529, "delta": 0.807189}}
{"target": -2.257664121502354, "params": {"C": 65.36805156602553, "epsilon": 0.7933931066577246, "gamma": 0.1419057795547611, "lamda": 0.14690600112166283}, "datetime": {"datetime": "2021-09-23 12:44:39", "elapsed": 27.767517, "delta": 0.479988}}
{"target": -2.1090620276272194, "params": {"C": 102.865446641476, "epsilon": 0.010147467832850053, "gamma": 0.05764330946936458, "lamda": 0.47522210676184323}, "datetime": {"datetime": "2021-09-23 12:44:40", "elapsed": 28.758363, "delta": 0.990846}}
{"target": -2.151842968759143, "params": {"C": 102.77840220437557, "epsilon": 0.5300246438989747, "gamma": 0.09218067516530874, "lamda": 0.17705046661767618}, "datetime": {"datetime": "2021-09-23 12:44:40", "elapsed": 29.673489, "delta": 0.915126}}
