{"target": -2.016527876986745, "params": {"C": 428.76736618097766, "epsilon": 0.6369674939962509, "gamma": 0.04286314366334533, "lamda": 0.06363999840777901}, "datetime": {"datetime": "2021-09-23 16:04:40", "elapsed": 513.441395, "delta": 1.969233}}
{"target": -2.0178447668565322, "params": {"C": 458.75491489896166, "epsilon": 0.5192330517893397, "gamma": 0.037095179651795825, "lamda": 0.0714950272507233}, "datetime": {"datetime": "2021-09-23 16:04:42", "elapsed": 515.764818, "delta": 2.323423}}
{"target": -1.963204329324756, "params": {"C": 432.5310832080849, "epsilon": 0.10127991783916084, "gamma": 0.041299771139996076, "lamda": 0.04767203828913443}, "datetime": {"datetime": "2021-09-23 16:04:45", "elapsed": 517.858817, "delta": 2.093999}}
{"target": -2.053973088500632, "params": {"C": 423.6658495506139, "epsilon": 0.6573693744238773, "gamma": 0.038229903756994144, "lamda": 0.09187683836959883}, "datetime": {"datetime": "2021-09-23 16:04:46", "elapsed": 519.383816, "delta": 1.524999}}
{"target": -1.9341570837478037, "params": {"C": 404.12355530768826, "epsilon": 0.42126732900538794, "gamma": 0.03, "lamda": 0.015}, "datetime": {"datetime": "2021-09-23 16:04:48", "elapsed": 521.74882, "delta": 2.365004}}
{"target": -2.123292400123186, "params": {"C": 437.14917897661957, "epsilon": 0.633258896684579, "gamma": 0.04516978200949405, "lamda": 0.18614734295852492}, "datetime": {"datetime": "2021-09-23 16:04:50", "elapsed": 523.237817, "delta": 1.488997}}
{"target": -2.0068366699642004, "params": {"C": 411.4968812165572, "epsilon": 0.5649077005436083, "gamma": 0.04093382523750089, "lamda": 0.06325535105516289}, "datetime": {"datetime": "2021-09-23 16:04:51", "elapsed": 524.753817, "delta": 1.516}}
{"target": -1.9255907267199264, "params": {"C": 435.9287480723901, "epsilon": 0.05966163994243084, "gamma": 0.043024806140131704, "lamda": 0.16611088843629218}, "datetime": {"datetime": "2021-09-23 16:04:54", "elapsed": 527.441816, "delta": 2.687999}}
{"target": -1.9625042162753292, "params": {"C": 435.8820523396969, "epsilon": 0.0898292316469732, "gamma": 0.04842615986066669, "lamda": 0.07662339915300775}, "datetime": {"datetime": "2021-09-23 16:04:57", "elapsed": 530.515816, "delta": 3.074}}
{"target": -1.9791440304088266, "params": {"C": 458.93276422346145, "epsilon": 0.46095342887803825, "gamma": 0.03172708152764892, "lamda": 0.05273708466570065}, "datetime": {"datetime": "2021-09-23 16:04:59", "elapsed": 532.663818, "delta": 2.148002}}
{"target": -1.9272234109895654, "params": {"C": 428.5998072396243, "epsilon": 0.49063748303699706, "gamma": 0.03, "lamda": 0.015}, "datetime": {"datetime": "2021-09-23 16:05:02", "elapsed": 535.062583, "delta": 2.398765}}
{"target": -2.0039783011900867, "params": {"C": 439.6671626679273, "epsilon": 0.2780484539918018, "gamma": 0.042778405231211944, "lamda": 0.11824517736430477}, "datetime": {"datetime": "2021-09-23 16:05:03", "elapsed": 536.479029, "delta": 1.416446}}
{"target": -1.985305950082053, "params": {"C": 435.9277135699688, "epsilon": 0.12076280356942602, "gamma": 0.030799643848167035, "lamda": 0.18814921671489315}, "datetime": {"datetime": "2021-09-23 16:05:06", "elapsed": 538.887827, "delta": 2.408798}}
{"target": -1.9437482297904187, "params": {"C": 428.4950317408027, "epsilon": 0.4293414537568311, "gamma": 0.042198332524238574, "lamda": 0.01577523953273344}, "datetime": {"datetime": "2021-09-23 16:05:09", "elapsed": 542.155698, "delta": 3.267871}}
{"target": -1.9993670662902354, "params": {"C": 435.9798442758177, "epsilon": 0.04908746625170016, "gamma": 0.044539342912309814, "lamda": 0.07276182884087638}, "datetime": {"datetime": "2021-09-23 16:05:12", "elapsed": 545.346453, "delta": 3.190755}}
{"target": -1.9991282272779358, "params": {"C": 410.55792162620077, "epsilon": 0.2857055364561836, "gamma": 0.04902467044830522, "lamda": 0.10980380896638273}, "datetime": {"datetime": "2021-09-23 16:05:13", "elapsed": 546.686938, "delta": 1.340485}}
{"target": -1.955220410746589, "params": {"C": 463.8821094827688, "epsilon": 0.22852635930422052, "gamma": 0.03818221810115854, "lamda": 0.01910206838757271}, "datetime": {"datetime": "2021-09-23 16:05:15", "elapsed": 548.13491, "delta": 1.447972}}
{"target": -1.9503676188530958, "params": {"C": 428.6493390340843, "epsilon": 0.20312675877359196, "gamma": 0.030536594279876785, "lamda": 0.018827831349611565}, "datetime": {"datetime": "2021-09-23 16:05:17", "elapsed": 550.229184, "delta": 2.094274}}
{"target": -2.0808651771644615, "params": {"C": 436.1102161329053, "epsilon": 0.5942948581122904, "gamma": 0.043092332152312146, "lamda": 0.1475525834530183}, "datetime": {"datetime": "2021-09-23 16:05:18", "elapsed": 551.666487, "delta": 1.437303}}
{"target": -2.0272497294011713, "params": {"C": 425.9616340700088, "epsilon": 0.7553264606174205, "gamma": 0.03937573572465433, "lamda": 0.05614844128500637}, "datetime": {"datetime": "2021-09-23 16:05:20", "elapsed": 553.14849, "delta": 1.482003}}
{"target": -1.9253270695511189, "params": {"C": 403.49182559550326, "epsilon": 0.7312035029689685, "gamma": 0.036385651432147274, "lamda": 0.01887495887992282}, "datetime": {"datetime": "2021-09-23 16:05:21", "elapsed": 554.594691, "delta": 1.446201}}
{"target": -2.0304763339618166, "params": {"C": 422.6438057889719, "epsilon": 0.04651448530409137, "gamma": 0.04860986516720582, "lamda": 0.0632665987445969}, "datetime": {"datetime": "2021-09-23 16:05:23", "elapsed": 556.231076, "delta": 1.636385}}
{"target": -2.079957359608144, "params": {"C": 476.7290743568708, "epsilon": 0.7045377275881589, "gamma": 0.043821730614048815, "lamda": 0.12360821784188644}, "datetime": {"datetime": "2021-09-23 16:05:24", "elapsed": 557.634114, "delta": 1.403038}}
{"target": -2.057285790357303, "params": {"C": 403.5067018593518, "epsilon": 0.684992884299201, "gamma": 0.049282885328519044, "lamda": 0.10310587356692}, "datetime": {"datetime": "2021-09-23 16:05:27", "elapsed": 560.377405, "delta": 2.743291}}
{"target": -1.91922486030997, "params": {"C": 459.7025153019191, "epsilon": 0.13232037928641274, "gamma": 0.041206595065517736, "lamda": 0.05973780837889347}, "datetime": {"datetime": "2021-09-23 16:05:29", "elapsed": 562.797702, "delta": 2.420297}}
{"target": -2.083466975336657, "params": {"C": 435.9063833591899, "epsilon": 0.7167776871920929, "gamma": 0.04482105209584264, "lamda": 0.1255249018173193}, "datetime": {"datetime": "2021-09-23 16:05:31", "elapsed": 564.233399, "delta": 1.435697}}
{"target": -2.0129356770003315, "params": {"C": 459.6671831284585, "epsilon": 0.06676820118403792, "gamma": 0.03970403864505519, "lamda": 0.017150017472741252}, "datetime": {"datetime": "2021-09-23 16:05:34", "elapsed": 567.681994, "delta": 3.448595}}
{"target": -1.9515720426951273, "params": {"C": 459.7438043362146, "epsilon": 0.1510515014191829, "gamma": 0.033088165531703316, "lamda": 0.11686044148825968}, "datetime": {"datetime": "2021-09-23 16:05:37", "elapsed": 570.077641, "delta": 2.395647}}
{"target": -2.014880394017542, "params": {"C": 463.95267453478317, "epsilon": 0.2963925592765122, "gamma": 0.032542113423180564, "lamda": 0.10747285336768794}, "datetime": {"datetime": "2021-09-23 16:05:39", "elapsed": 572.294869, "delta": 2.217228}}
{"target": -1.9559045634439716, "params": {"C": 403.4961751891495, "epsilon": 0.7255099497966033, "gamma": 0.045833294437596706, "lamda": 0.02539688520245417}, "datetime": {"datetime": "2021-09-23 16:05:41", "elapsed": 573.928679, "delta": 1.63381}}
{"target": -1.9461554965008863, "params": {"C": 403.48362557106975, "epsilon": 0.7972193876408136, "gamma": 0.03785308967092568, "lamda": 0.022995264781983233}, "datetime": {"datetime": "2021-09-23 16:05:44", "elapsed": 577.47412, "delta": 3.545441}}
{"target": -1.9234243043563743, "params": {"C": 404.1231921485703, "epsilon": 0.14967288165982795, "gamma": 0.04391953429544317, "lamda": 0.08136500539285611}, "datetime": {"datetime": "2021-09-23 16:05:47", "elapsed": 580.486041, "delta": 3.011921}}
{"target": -2.0136917346988037, "params": {"C": 404.10724636534155, "epsilon": 0.49234291350129367, "gamma": 0.03475021141258207, "lamda": 0.07198863042808959}, "datetime": {"datetime": "2021-09-23 16:05:49", "elapsed": 582.742253, "delta": 2.256212}}
{"target": -2.0044143931086733, "params": {"C": 499.11610386811213, "epsilon": 0.3833802020577797, "gamma": 0.04340076636163713, "lamda": 0.08888948014702368}, "datetime": {"datetime": "2021-09-23 16:05:51", "elapsed": 584.340005, "delta": 1.597752}}
{"target": -1.9100742470652048, "params": {"C": 463.8580619550143, "epsilon": 0.10620768077788247, "gamma": 0.03467357211210461, "lamda": 0.08167484231101946}, "datetime": {"datetime": "2021-09-23 16:05:54", "elapsed": 587.616392, "delta": 3.276387}}
{"target": -2.0502949603159535, "params": {"C": 408.1990327607011, "epsilon": 0.3218487565761484, "gamma": 0.04331335698133007, "lamda": 0.1975538061700018}, "datetime": {"datetime": "2021-09-23 16:05:56", "elapsed": 589.40839, "delta": 1.791998}}
{"target": -1.9172796886936796, "params": {"C": 463.78240255342234, "epsilon": 0.130151973397876, "gamma": 0.032650246729791964, "lamda": 0.08033151591881035}, "datetime": {"datetime": "2021-09-23 16:05:59", "elapsed": 592.113375, "delta": 2.704985}}
{"target": -2.0008445866306466, "params": {"C": 463.8144548234818, "epsilon": 0.09874958137406376, "gamma": 0.04002102363919971, "lamda": 0.022629261164110973}, "datetime": {"datetime": "2021-09-23 16:06:03", "elapsed": 596.042428, "delta": 3.929053}}
{"target": -1.9786710938312262, "params": {"C": 436.8821853333809, "epsilon": 0.5090560217253094, "gamma": 0.04818391338360199, "lamda": 0.04651761378037342}, "datetime": {"datetime": "2021-09-23 16:06:04", "elapsed": 597.576029, "delta": 1.533601}}
{"target": -1.9354630856946073, "params": {"C": 463.78734130748194, "epsilon": 0.1712964492986627, "gamma": 0.04428918923167394, "lamda": 0.07736184862595502}, "datetime": {"datetime": "2021-09-23 16:06:07", "elapsed": 600.292224, "delta": 2.716195}}
{"target": -2.018595891548617, "params": {"C": 459.90388764183444, "epsilon": 0.2867958697129202, "gamma": 0.05, "lamda": 0.015}, "datetime": {"datetime": "2021-09-23 16:06:10", "elapsed": 603.444253, "delta": 3.152029}}
{"target": -1.9417076376314413, "params": {"C": 440.40366691272686, "epsilon": 0.11079758758686387, "gamma": 0.0430881032610795, "lamda": 0.05964570223706606}, "datetime": {"datetime": "2021-09-23 16:06:12", "elapsed": 605.056966, "delta": 1.612713}}
{"target": -1.9454665276570133, "params": {"C": 440.3979969262251, "epsilon": 0.18849815830297184, "gamma": 0.03774449049270589, "lamda": 0.09352928743364082}, "datetime": {"datetime": "2021-09-23 16:06:14", "elapsed": 607.772193, "delta": 2.715227}}
{"target": -2.0479026310482724, "params": {"C": 409.32318897242703, "epsilon": 0.29894695646349556, "gamma": 0.032260556292819, "lamda": 0.14910224554868706}, "datetime": {"datetime": "2021-09-23 16:06:16", "elapsed": 609.268222, "delta": 1.496029}}
{"target": -1.9334536600078762, "params": {"C": 440.43711168402655, "epsilon": 0.14558455234612638, "gamma": 0.04442537778217556, "lamda": 0.055008303345496064}, "datetime": {"datetime": "2021-09-23 16:06:20", "elapsed": 612.985752, "delta": 3.71753}}
{"target": -1.9563918347834515, "params": {"C": 463.7486761656269, "epsilon": 0.10051537471173537, "gamma": 0.03229760435947474, "lamda": 0.16309520294924984}, "datetime": {"datetime": "2021-09-23 16:06:23", "elapsed": 616.248747, "delta": 3.262995}}
{"target": -1.9199307380917574, "params": {"C": 463.92008621675933, "epsilon": 0.08478460819403119, "gamma": 0.032727607757453016, "lamda": 0.11457020759303378}, "datetime": {"datetime": "2021-09-23 16:06:26", "elapsed": 619.472539, "delta": 3.223792}}
{"target": -2.006712680299094, "params": {"C": 440.4114390741312, "epsilon": 0.16150372451776915, "gamma": 0.03363930155404523, "lamda": 0.18775270152849816}, "datetime": {"datetime": "2021-09-23 16:06:29", "elapsed": 622.285229, "delta": 2.81269}}
{"target": -1.9512441568917138, "params": {"C": 463.8490309208218, "epsilon": 0.08974782061680378, "gamma": 0.04904600917635791, "lamda": 0.1311463104417004}, "datetime": {"datetime": "2021-09-23 16:06:32", "elapsed": 625.433762, "delta": 3.148533}}
{"target": -2.0627982870971295, "params": {"C": 499.74255394694325, "epsilon": 0.7072088398194447, "gamma": 0.04112384494562209, "lamda": 0.10246472684317316}, "datetime": {"datetime": "2021-09-23 16:06:34", "elapsed": 626.982758, "delta": 1.548996}}
{"target": -1.9369920566482288, "params": {"C": 459.68098747472584, "epsilon": 0.18078126254529284, "gamma": 0.04136975271396595, "lamda": 0.0792496594359273}, "datetime": {"datetime": "2021-09-23 16:06:37", "elapsed": 630.18176, "delta": 3.199002}}
{"target": -1.9593288693137565, "params": {"C": 459.94936904918717, "epsilon": 0.1870478162552773, "gamma": 0.03, "lamda": 0.0933765636101849}, "datetime": {"datetime": "2021-09-23 16:06:40", "elapsed": 633.543761, "delta": 3.362001}}
{"target": -1.9686180736259566, "params": {"C": 428.52443061043846, "epsilon": 0.5341112423596713, "gamma": 0.05, "lamda": 0.015}, "datetime": {"datetime": "2021-09-23 16:06:44", "elapsed": 636.927283, "delta": 3.383522}}
{"target": -1.9987802907152528, "params": {"C": 435.85586772328793, "epsilon": 0.03, "gamma": 0.05, "lamda": 0.17412465934280663}, "datetime": {"datetime": "2021-09-23 16:06:46", "elapsed": 639.597285, "delta": 2.670002}}
{"target": -2.060471216888801, "params": {"C": 468.25776761763564, "epsilon": 0.6280864273229202, "gamma": 0.04497971035006334, "lamda": 0.11963479480926133}, "datetime": {"datetime": "2021-09-23 16:06:48", "elapsed": 641.201287, "delta": 1.604002}}
{"target": -1.986411805792284, "params": {"C": 493.54939378712885, "epsilon": 0.14491391432622136, "gamma": 0.030385797340658962, "lamda": 0.15350231425740146}, "datetime": {"datetime": "2021-09-23 16:06:49", "elapsed": 642.799287, "delta": 1.598}}
{"target": -2.08517143374077, "params": {"C": 406.5808627120218, "epsilon": 0.5226003411439065, "gamma": 0.03542911650423539, "lamda": 0.14598312848105527}, "datetime": {"datetime": "2021-09-23 16:06:51", "elapsed": 644.495281, "delta": 1.695994}}
{"target": -1.9313284005017721, "params": {"C": 440.41994975445516, "epsilon": 0.1009021570565787, "gamma": 0.04206376690423125, "lamda": 0.12669747103756035}, "datetime": {"datetime": "2021-09-23 16:06:55", "elapsed": 648.176286, "delta": 3.681005}}
{"target": -1.915868416618598, "params": {"C": 463.91034051759647, "epsilon": 0.1689816274304269, "gamma": 0.03253608110991073, "lamda": 0.059065132508206386}, "datetime": {"datetime": "2021-09-23 16:06:58", "elapsed": 650.920282, "delta": 2.743996}}
{"target": -2.041361608851999, "params": {"C": 448.41573451874365, "epsilon": 0.6762172523142868, "gamma": 0.044913113817006224, "lamda": 0.08537896714885075}, "datetime": {"datetime": "2021-09-23 16:06:59", "elapsed": 652.529284, "delta": 1.609002}}
{"target": -1.928424129363516, "params": {"C": 432.47276056469667, "epsilon": 0.1394378904595498, "gamma": 0.03343947421292436, "lamda": 0.09491552559875592}, "datetime": {"datetime": "2021-09-23 16:07:02", "elapsed": 655.260284, "delta": 2.731}}
{"target": -2.033479936108651, "params": {"C": 421.116947442118, "epsilon": 0.5304065482844067, "gamma": 0.0397524165966462, "lamda": 0.089882680374004}, "datetime": {"datetime": "2021-09-23 16:07:04", "elapsed": 656.876287, "delta": 1.616003}}
{"target": -1.9376825906528776, "params": {"C": 413.5117209267043, "epsilon": 0.22959219163023536, "gamma": 0.03538762785820991, "lamda": 0.020128079976303177}, "datetime": {"datetime": "2021-09-23 16:07:05", "elapsed": 658.607283, "delta": 1.730996}}
{"target": -1.9835217325482857, "params": {"C": 435.97458407827935, "epsilon": 0.03, "gamma": 0.05, "lamda": 0.2}, "datetime": {"datetime": "2021-09-23 16:07:08", "elapsed": 661.587283, "delta": 2.98}}
{"target": -2.02466589169415, "params": {"C": 428.56851639489923, "epsilon": 0.4696558836515674, "gamma": 0.04337194920789356, "lamda": 0.09775718193111901}, "datetime": {"datetime": "2021-09-23 16:07:10", "elapsed": 663.269284, "delta": 1.682001}}
{"target": -1.9899750239885656, "params": {"C": 428.4393641996326, "epsilon": 0.2809315971706632, "gamma": 0.04567846042197428, "lamda": 0.01666644231627608}, "datetime": {"datetime": "2021-09-23 16:07:13", "elapsed": 666.258284, "delta": 2.989}}
{"target": -2.046365927765257, "params": {"C": 459.77955028120425, "epsilon": 0.11844572840932294, "gamma": 0.04639561906667401, "lamda": 0.018481045255988485}, "datetime": {"datetime": "2021-09-23 16:07:17", "elapsed": 670.375285, "delta": 4.117001}}
{"target": -2.050812625300321, "params": {"C": 498.0384862220349, "epsilon": 0.3821842861003767, "gamma": 0.0375179848740482, "lamda": 0.14701204508427718}, "datetime": {"datetime": "2021-09-23 16:07:19", "elapsed": 671.901281, "delta": 1.525996}}
{"target": -2.0106457288346533, "params": {"C": 430.97651159087155, "epsilon": 0.4741633404862532, "gamma": 0.034454748979504894, "lamda": 0.07099212024905427}, "datetime": {"datetime": "2021-09-23 16:07:20", "elapsed": 673.590287, "delta": 1.689006}}
{"target": -1.9459675173731559, "params": {"C": 404.23270337070176, "epsilon": 0.1825637545809309, "gamma": 0.033944677289501915, "lamda": 0.10184228934036126}, "datetime": {"datetime": "2021-09-23 16:07:25", "elapsed": 677.863285, "delta": 4.272998}}
{"target": -1.9655610946738569, "params": {"C": 427.65165268752986, "epsilon": 0.6523484225398767, "gamma": 0.03858427884469418, "lamda": 0.03522949373085524}, "datetime": {"datetime": "2021-09-23 16:07:26", "elapsed": 679.591285, "delta": 1.728}}
{"target": -2.000179712595812, "params": {"C": 468.2676151779609, "epsilon": 0.4066227241231777, "gamma": 0.032143855185440315, "lamda": 0.06987629299961728}, "datetime": {"datetime": "2021-09-23 16:07:28", "elapsed": 681.397861, "delta": 1.806576}}
{"target": -1.9192068480540516, "params": {"C": 463.90308374920494, "epsilon": 0.1686859636482831, "gamma": 0.031465804399841764, "lamda": 0.05237756991947392}, "datetime": {"datetime": "2021-09-23 16:07:30", "elapsed": 683.059781, "delta": 1.66192}}
{"target": -1.9245468415676263, "params": {"C": 413.57117157430065, "epsilon": 0.17283254706464465, "gamma": 0.04456274673329777, "lamda": 0.06531434105244693}, "datetime": {"datetime": "2021-09-23 16:07:33", "elapsed": 686.461872, "delta": 3.402091}}
{"target": -1.9443605230115844, "params": {"C": 413.4696469460189, "epsilon": 0.14116180044575777, "gamma": 0.0360375112392046, "lamda": 0.02979748397728995}, "datetime": {"datetime": "2021-09-23 16:07:36", "elapsed": 689.605827, "delta": 3.143955}}
{"target": -1.9876010225326588, "params": {"C": 413.5709043733951, "epsilon": 0.2567031979980643, "gamma": 0.031356778541297106, "lamda": 0.10042242877500772}, "datetime": {"datetime": "2021-09-23 16:07:40", "elapsed": 692.914358, "delta": 3.308531}}
{"target": -1.9491516887032352, "params": {"C": 440.5466771100322, "epsilon": 0.031818707924116424, "gamma": 0.038567868899964476, "lamda": 0.1643073064789703}, "datetime": {"datetime": "2021-09-23 16:07:41", "elapsed": 694.598291, "delta": 1.683933}}
{"target": -1.9434379080253763, "params": {"C": 413.63336672087246, "epsilon": 0.10492435924862904, "gamma": 0.03173442563944167, "lamda": 0.04061137723408687}, "datetime": {"datetime": "2021-09-23 16:07:44", "elapsed": 697.560461, "delta": 2.96217}}
{"target": -2.0267995980750704, "params": {"C": 430.1521271512536, "epsilon": 0.7796410135924886, "gamma": 0.04832894045143495, "lamda": 0.06312594807633931}, "datetime": {"datetime": "2021-09-23 16:07:46", "elapsed": 699.385946, "delta": 1.825485}}
{"target": -1.9884337272848727, "params": {"C": 439.25709673039535, "epsilon": 0.10491883991389084, "gamma": 0.04772603315462774, "lamda": 0.04957127041256366}, "datetime": {"datetime": "2021-09-23 16:07:49", "elapsed": 702.065631, "delta": 2.679685}}
{"target": -1.9422852734608465, "params": {"C": 413.5608307491477, "epsilon": 0.12222709538966182, "gamma": 0.04605997225012021, "lamda": 0.11725856904529547}, "datetime": {"datetime": "2021-09-23 16:07:52", "elapsed": 704.92241, "delta": 2.856779}}
{"target": -2.0216366737747484, "params": {"C": 427.6172540978433, "epsilon": 0.7625908323864483, "gamma": 0.039446045217060244, "lamda": 0.052315251987399995}, "datetime": {"datetime": "2021-09-23 16:07:55", "elapsed": 708.071107, "delta": 3.148697}}
{"target": -1.9336871715707575, "params": {"C": 463.7026304441966, "epsilon": 0.1448177313655187, "gamma": 0.03, "lamda": 0.08549816737739668}, "datetime": {"datetime": "2021-09-23 16:07:58", "elapsed": 711.398705, "delta": 3.327598}}
{"target": -1.9968195294374045, "params": {"C": 413.51597590391356, "epsilon": 0.06183957796355666, "gamma": 0.03780557314032415, "lamda": 0.02674861673779468}, "datetime": {"datetime": "2021-09-23 16:08:01", "elapsed": 714.300702, "delta": 2.901997}}
{"target": -1.9673125963484068, "params": {"C": 413.46434763142895, "epsilon": 0.13750246176291175, "gamma": 0.030727002122934263, "lamda": 0.1443978896897788}, "datetime": {"datetime": "2021-09-23 16:08:04", "elapsed": 717.140313, "delta": 2.839611}}
{"target": -2.050595857602741, "params": {"C": 424.5385936873832, "epsilon": 0.5704522042365404, "gamma": 0.03582048408974361, "lamda": 0.0936182804963102}, "datetime": {"datetime": "2021-09-23 16:08:06", "elapsed": 718.862073, "delta": 1.72176}}
{"target": -1.9134306071449878, "params": {"C": 413.70636139642477, "epsilon": 0.14902496925784894, "gamma": 0.03486801497466432, "lamda": 0.07413167748523003}, "datetime": {"datetime": "2021-09-23 16:08:09", "elapsed": 721.890221, "delta": 3.028148}}
{"target": -1.9649197576905397, "params": {"C": 413.6285580636895, "epsilon": 0.17235333942749076, "gamma": 0.042622328179521614, "lamda": 0.12637089144865393}, "datetime": {"datetime": "2021-09-23 16:08:13", "elapsed": 726.445937, "delta": 4.555716}}
