{"target": -2.0614218411002483, "params": {"C": 199.88800959620932, "epsilon": 0.2338693197548781, "gamma": 0.04, "lamda": 0.08667108847054654}, "datetime": {"datetime": "2021-09-23 13:26:28", "elapsed": 16.136995, "delta": 0.510318}}
{"target": -2.234608996922192, "params": {"C": 199.76261974788315, "epsilon": 0.06551537023903592, "gamma": 0.12618713239148266, "lamda": 0.10541089449445623}, "datetime": {"datetime": "2021-09-23 13:26:29", "elapsed": 16.695996, "delta": 0.559001}}
{"target": -2.2927038689930925, "params": {"C": 103.89240876197687, "epsilon": 0.6831113019631997, "gamma": 0.07337711885433705, "lamda": 0.29063585679815607}, "datetime": {"datetime": "2021-09-23 13:26:29", "elapsed": 17.174993, "delta": 0.478997}}
{"target": -2.0469681940073476, "params": {"C": 199.8087545327672, "epsilon": 0.32599326457570926, "gamma": 0.08449144804447911, "lamda": 0.12172886951386847}, "datetime": {"datetime": "2021-09-23 13:26:30", "elapsed": 17.70159, "delta": 0.526597}}
{"target": -2.0778672851057998, "params": {"C": 198.3912733988994, "epsilon": 0.1224490519669432, "gamma": 0.09980889596443696, "lamda": 0.16906641271711012}, "datetime": {"datetime": "2021-09-23 13:26:30", "elapsed": 18.241591, "delta": 0.540001}}
{"target": -2.2000858225969773, "params": {"C": 228.143069768811, "epsilon": 0.10370132229727033, "gamma": 0.12949955794128384, "lamda": 0.2704866641366776}, "datetime": {"datetime": "2021-09-23 13:26:31", "elapsed": 18.737588, "delta": 0.495997}}
{"target": -2.006751782078334, "params": {"C": 200.08395751774546, "epsilon": 0.0852122900274103, "gamma": 0.07471359536164576, "lamda": 0.13139290838234527}, "datetime": {"datetime": "2021-09-23 13:26:31", "elapsed": 19.221598, "delta": 0.48401}}
{"target": -2.2272538581559407, "params": {"C": 130.73610313205106, "epsilon": 0.8014588412326482, "gamma": 0.1419057795547611, "lamda": 0.07729278021234273}, "datetime": {"datetime": "2021-09-23 13:26:31", "elapsed": 19.669741, "delta": 0.448143}}
{"target": -2.1348986755901236, "params": {"C": 200.07321175678493, "epsilon": 0.22955668156938572, "gamma": 0.11099766471334443, "lamda": 0.17065600501098804}, "datetime": {"datetime": "2021-09-23 13:26:32", "elapsed": 20.308863, "delta": 0.639122}}
{"target": -2.2182428826516514, "params": {"C": 200.23732149088488, "epsilon": 0.0712816997537615, "gamma": 0.1092666037899431, "lamda": 0.024440646167300538}, "datetime": {"datetime": "2021-09-23 13:26:33", "elapsed": 20.925866, "delta": 0.617003}}
{"target": -2.0830840262407944, "params": {"C": 198.75674015707938, "epsilon": 0.050003542263210396, "gamma": 0.09774950615158809, "lamda": 0.18654760763794867}, "datetime": {"datetime": "2021-09-23 13:26:33", "elapsed": 21.642359, "delta": 0.716493}}
{"target": -2.2064756281757614, "params": {"C": 268.9344607616211, "epsilon": 0.7262557520270787, "gamma": 0.12358977982911049, "lamda": 0.09246347113838986}, "datetime": {"datetime": "2021-09-23 13:26:34", "elapsed": 22.29053, "delta": 0.648171}}
{"target": -2.0375151606217266, "params": {"C": 200.04000333958464, "epsilon": 0.06786074570751574, "gamma": 0.08933219337848325, "lamda": 0.2739217057750741}, "datetime": {"datetime": "2021-09-23 13:26:35", "elapsed": 22.887197, "delta": 0.596667}}
{"target": -2.0639295657020527, "params": {"C": 121.56799118726529, "epsilon": 0.2520661421187989, "gamma": 0.10005446973015739, "lamda": 0.16192209714420308}, "datetime": {"datetime": "2021-09-23 13:26:35", "elapsed": 23.528816, "delta": 0.641619}}
{"target": -2.1859862573765247, "params": {"C": 198.19138664462923, "epsilon": 0.04959502030719982, "gamma": 0.11721355447378598, "lamda": 0.13853497557165712}, "datetime": {"datetime": "2021-09-23 13:26:36", "elapsed": 24.391886, "delta": 0.86307}}
{"target": -2.0775853957233053, "params": {"C": 121.56957130562381, "epsilon": 0.2622005216546935, "gamma": 0.08788491481144181, "lamda": 0.21866338701727017}, "datetime": {"datetime": "2021-09-23 13:26:37", "elapsed": 24.956487, "delta": 0.564601}}
{"target": -2.0498530253724545, "params": {"C": 200.01510921191618, "epsilon": 0.062437149121504304, "gamma": 0.05103676385183857, "lamda": 0.16839558904063648}, "datetime": {"datetime": "2021-09-23 13:26:37", "elapsed": 25.645048, "delta": 0.688561}}
{"target": -2.058201746990762, "params": {"C": 199.03968311342805, "epsilon": 0.1949835657756659, "gamma": 0.0780201962249882, "lamda": 0.24909486503977785}, "datetime": {"datetime": "2021-09-23 13:26:38", "elapsed": 26.186193, "delta": 0.541145}}
{"target": -2.179707950664949, "params": {"C": 199.00617599281804, "epsilon": 0.24102088929411558, "gamma": 0.1255375726187292, "lamda": 0.1003444695431619}, "datetime": {"datetime": "2021-09-23 13:26:39", "elapsed": 26.831192, "delta": 0.644999}}
{"target": -2.084507727449981, "params": {"C": 200.02213803031896, "epsilon": 0.055168835815635406, "gamma": 0.08803893054093853, "lamda": 0.06869072937612444}, "datetime": {"datetime": "2021-09-23 13:26:39", "elapsed": 27.592855, "delta": 0.761663}}
{"target": -2.001022984428322, "params": {"C": 180.98233068101635, "epsilon": 0.07426028517541661, "gamma": 0.08348467215095884, "lamda": 0.2078231840768493}, "datetime": {"datetime": "2021-09-23 13:26:40", "elapsed": 28.210762, "delta": 0.617907}}
{"target": -2.2050201890745913, "params": {"C": 199.72196675620722, "epsilon": 0.2099157264889911, "gamma": 0.13308424981937045, "lamda": 0.13499518698459012}, "datetime": {"datetime": "2021-09-23 13:26:41", "elapsed": 28.892763, "delta": 0.682001}}
{"target": -2.173154516675699, "params": {"C": 199.2262752063054, "epsilon": 0.09542751892095183, "gamma": 0.12407557103955588, "lamda": 0.2356637596248745}, "datetime": {"datetime": "2021-09-23 13:26:41", "elapsed": 29.651196, "delta": 0.758433}}
{"target": -2.084446680864475, "params": {"C": 199.80210536865312, "epsilon": 0.23678414441984846, "gamma": 0.04, "lamda": 0.1499577299570199}, "datetime": {"datetime": "2021-09-23 13:26:42", "elapsed": 30.361322, "delta": 0.710126}}
{"target": -1.9930411930577072, "params": {"C": 199.84242784021023, "epsilon": 0.1627224465935424, "gamma": 0.07829701923859052, "lamda": 0.1430215985153233}, "datetime": {"datetime": "2021-09-23 13:26:43", "elapsed": 30.976326, "delta": 0.615004}}
{"target": -1.9880155103227597, "params": {"C": 199.8767215281082, "epsilon": 0.09699586542026772, "gamma": 0.07030012748461495, "lamda": 0.15367448542143863}, "datetime": {"datetime": "2021-09-23 13:26:43", "elapsed": 31.571979, "delta": 0.595653}}
{"target": -2.2281598289953815, "params": {"C": 146.5837674530566, "epsilon": 0.7425667584011434, "gamma": 0.059390254402757234, "lamda": 0.2087127255511215}, "datetime": {"datetime": "2021-09-23 13:26:44", "elapsed": 32.057162, "delta": 0.485183}}
{"target": -2.013949339085444, "params": {"C": 180.98228002570744, "epsilon": 0.0728629069850728, "gamma": 0.0855426838344534, "lamda": 0.23601639384882972}, "datetime": {"datetime": "2021-09-23 13:26:45", "elapsed": 32.767929, "delta": 0.710767}}
{"target": -2.238920455279361, "params": {"C": 199.8080328571633, "epsilon": 0.3458743618140083, "gamma": 0.13788103746556074, "lamda": 0.04751966351246833}, "datetime": {"datetime": "2021-09-23 13:26:45", "elapsed": 33.381938, "delta": 0.614009}}
{"target": -2.078346592652181, "params": {"C": 199.8917249579714, "epsilon": 0.2152088585980874, "gamma": 0.044107025656014216, "lamda": 0.19536651707351557}, "datetime": {"datetime": "2021-09-23 13:26:46", "elapsed": 33.982285, "delta": 0.600347}}
{"target": -2.050332143164624, "params": {"C": 253.84276937913037, "epsilon": 0.22027838154422497, "gamma": 0.07198476236394422, "lamda": 0.21690964895357304}, "datetime": {"datetime": "2021-09-23 13:26:47", "elapsed": 34.761912, "delta": 0.779627}}
{"target": -2.206235015977875, "params": {"C": 252.71553022532817, "epsilon": 0.4220446958832952, "gamma": 0.12919610025696707, "lamda": 0.07729824337637801}, "datetime": {"datetime": "2021-09-23 13:26:47", "elapsed": 35.464912, "delta": 0.703}}
{"target": -2.261000193904539, "params": {"C": 269.1757214223964, "epsilon": 0.26364831426798313, "gamma": 0.1419184425982362, "lamda": 0.27172853270564135}, "datetime": {"datetime": "2021-09-23 13:26:48", "elapsed": 36.528964, "delta": 1.064052}}
{"target": -2.1753021236579517, "params": {"C": 199.83159641311985, "epsilon": 0.27973963078767283, "gamma": 0.10357244897917803, "lamda": 0.2525661739070524}, "datetime": {"datetime": "2021-09-23 13:26:50", "elapsed": 37.68781, "delta": 1.158846}}
{"target": -2.2897927612883553, "params": {"C": 184.31584520186448, "epsilon": 0.7719574065651138, "gamma": 0.1324928725984894, "lamda": 0.165268606598108}, "datetime": {"datetime": "2021-09-23 13:26:50", "elapsed": 38.64286, "delta": 0.95505}}
{"target": -1.9950421107950376, "params": {"C": 199.86959503285448, "epsilon": 0.1535468371644815, "gamma": 0.07050563406520549, "lamda": 0.17653075489137457}, "datetime": {"datetime": "2021-09-23 13:26:51", "elapsed": 39.417855, "delta": 0.774995}}
{"target": -2.212801846351558, "params": {"C": 133.545168671707, "epsilon": 0.9540639440315958, "gamma": 0.09800299765263794, "lamda": 0.11712183337650371}, "datetime": {"datetime": "2021-09-23 13:26:52", "elapsed": 40.035261, "delta": 0.617406}}
{"target": -2.021668962138638, "params": {"C": 181.00211581516126, "epsilon": 0.1097067595982465, "gamma": 0.05169694572678965, "lamda": 0.18962900379561887}, "datetime": {"datetime": "2021-09-23 13:26:53", "elapsed": 40.696283, "delta": 0.661022}}
{"target": -2.1827020456407835, "params": {"C": 199.9527396461333, "epsilon": 0.1867144561721074, "gamma": 0.1244493185047425, "lamda": 0.09250543241332894}, "datetime": {"datetime": "2021-09-23 13:26:53", "elapsed": 41.467266, "delta": 0.770983}}
{"target": -2.0210502435271174, "params": {"C": 199.65033477004084, "epsilon": 0.09412933685301528, "gamma": 0.05091970903713615, "lamda": 0.2670279172445338}, "datetime": {"datetime": "2021-09-23 13:26:54", "elapsed": 42.089254, "delta": 0.621988}}
{"target": -2.0750074923504505, "params": {"C": 178.39010608264732, "epsilon": 0.04793162944950012, "gamma": 0.04499384247445537, "lamda": 0.1890907313791252}, "datetime": {"datetime": "2021-09-23 13:26:55", "elapsed": 42.805071, "delta": 0.715817}}
{"target": -2.0535700511178177, "params": {"C": 199.88376141433062, "epsilon": 0.07973925679615537, "gamma": 0.04230593797013435, "lamda": 0.2793726468369022}, "datetime": {"datetime": "2021-09-23 13:26:55", "elapsed": 43.628785, "delta": 0.823714}}
{"target": -2.2967845726092735, "params": {"C": 172.75548370935556, "epsilon": 0.7267555405513758, "gamma": 0.052004419818499924, "lamda": 0.2757136581961548}, "datetime": {"datetime": "2021-09-23 13:26:56", "elapsed": 44.167101, "delta": 0.538316}}
{"target": -1.9914589024576925, "params": {"C": 200.09173005184235, "epsilon": 0.11469376842748061, "gamma": 0.07875580591169304, "lamda": 0.17251858313619486}, "datetime": {"datetime": "2021-09-23 13:26:57", "elapsed": 44.924813, "delta": 0.757712}}
{"target": -2.2382749642657944, "params": {"C": 200.17003375400338, "epsilon": 0.14200395039103708, "gamma": 0.1444210114974979, "lamda": 0.23561614395278088}, "datetime": {"datetime": "2021-09-23 13:26:58", "elapsed": 45.768263, "delta": 0.84345}}
{"target": -2.050410265152934, "params": {"C": 285.39566030077305, "epsilon": 0.9541194707465018, "gamma": 0.049511935382088916, "lamda": 0.03943508348324007}, "datetime": {"datetime": "2021-09-23 13:26:58", "elapsed": 46.613947, "delta": 0.845684}}
{"target": -2.1588303964725184, "params": {"C": 186.2573066492355, "epsilon": 0.4521892951010267, "gamma": 0.07442194672081635, "lamda": 0.22269421425408226}, "datetime": {"datetime": "2021-09-23 13:26:59", "elapsed": 47.33993, "delta": 0.725983}}
{"target": -2.0514840805169166, "params": {"C": 106.22744054428152, "epsilon": 0.597377527511746, "gamma": 0.04983725797719915, "lamda": 0.07266299896166656}, "datetime": {"datetime": "2021-09-23 13:27:00", "elapsed": 48.005136, "delta": 0.665206}}
{"target": -2.2126963071189563, "params": {"C": 199.89298986362982, "epsilon": 0.08267332465703173, "gamma": 0.13539432032871482, "lamda": 0.252714161023393}, "datetime": {"datetime": "2021-09-23 13:27:01", "elapsed": 48.747127, "delta": 0.741991}}
{"target": -2.0808319309768333, "params": {"C": 198.7526544491695, "epsilon": 0.04614838061039151, "gamma": 0.09641235579480421, "lamda": 0.16538480072058956}, "datetime": {"datetime": "2021-09-23 13:27:01", "elapsed": 49.613307, "delta": 0.86618}}
{"target": -2.0216883407480806, "params": {"C": 199.69346531766723, "epsilon": 0.11446476630662572, "gamma": 0.0777360544188801, "lamda": 0.2743807439965281}, "datetime": {"datetime": "2021-09-23 13:27:02", "elapsed": 50.379228, "delta": 0.765921}}
{"target": -2.3141344708371023, "params": {"C": 152.77608810562737, "epsilon": 0.7409551128528742, "gamma": 0.08999866200980788, "lamda": 0.2659691665383027}, "datetime": {"datetime": "2021-09-23 13:27:03", "elapsed": 50.974232, "delta": 0.595004}}
{"target": -2.0307477109781154, "params": {"C": 199.82126733786544, "epsilon": 0.10536799131617555, "gamma": 0.05444137989858055, "lamda": 0.12656893002564285}, "datetime": {"datetime": "2021-09-23 13:27:04", "elapsed": 51.918894, "delta": 0.944662}}
{"target": -2.2587197579108227, "params": {"C": 232.2932631394963, "epsilon": 0.15095471133560187, "gamma": 0.1469519256204953, "lamda": 0.2608454610830442}, "datetime": {"datetime": "2021-09-23 13:27:04", "elapsed": 52.677089, "delta": 0.758195}}
{"target": -2.2004047255956096, "params": {"C": 253.78405152076306, "epsilon": 0.3183974638028483, "gamma": 0.11965898409330727, "lamda": 0.21163380795978592}, "datetime": {"datetime": "2021-09-23 13:27:05", "elapsed": 53.466088, "delta": 0.788999}}
{"target": -2.053233767886401, "params": {"C": 199.60980501647543, "epsilon": 0.2099114259513742, "gamma": 0.06620846421313231, "lamda": 0.2652798262750605}, "datetime": {"datetime": "2021-09-23 13:27:06", "elapsed": 54.162758, "delta": 0.69667}}
{"target": -1.997526376398797, "params": {"C": 180.93743301530483, "epsilon": 0.11927952161837299, "gamma": 0.06042516027169556, "lamda": 0.23027705939485643}, "datetime": {"datetime": "2021-09-23 13:27:07", "elapsed": 54.941391, "delta": 0.778633}}
{"target": -2.0753296204458223, "params": {"C": 180.8000666927207, "epsilon": 0.08364446266797729, "gamma": 0.09816024980949317, "lamda": 0.2914242759115944}, "datetime": {"datetime": "2021-09-23 13:27:07", "elapsed": 55.665371, "delta": 0.72398}}
{"target": -2.074179188295715, "params": {"C": 180.91114517564077, "epsilon": 0.07202231801205101, "gamma": 0.042377386292032436, "lamda": 0.20330584351632727}, "datetime": {"datetime": "2021-09-23 13:27:08", "elapsed": 56.403468, "delta": 0.738097}}
{"target": -2.1876499037481225, "params": {"C": 199.09722332850683, "epsilon": 0.26899837134545995, "gamma": 0.04, "lamda": 0.3}, "datetime": {"datetime": "2021-09-23 13:27:09", "elapsed": 57.116462, "delta": 0.712994}}
{"target": -2.061466290527387, "params": {"C": 251.75209607461323, "epsilon": 0.5287965078617748, "gamma": 0.05850266065976066, "lamda": 0.1066255161108774}, "datetime": {"datetime": "2021-09-23 13:27:10", "elapsed": 57.724456, "delta": 0.607994}}
{"target": -1.9912725447876827, "params": {"C": 199.01426200929902, "epsilon": 0.09242590548392332, "gamma": 0.061049634659274835, "lamda": 0.2030508126207648}, "datetime": {"datetime": "2021-09-23 13:27:10", "elapsed": 58.411084, "delta": 0.686628}}
{"target": -2.0919136677011965, "params": {"C": 199.92555516657384, "epsilon": 0.21831994639878413, "gamma": 0.044742318359728576, "lamda": 0.22920912068861}, "datetime": {"datetime": "2021-09-23 13:27:11", "elapsed": 59.067087, "delta": 0.656003}}
{"target": -2.162416578904392, "params": {"C": 199.01724692121297, "epsilon": 0.11420925914583702, "gamma": 0.12105338792134249, "lamda": 0.21434728354842975}, "datetime": {"datetime": "2021-09-23 13:27:12", "elapsed": 59.719472, "delta": 0.652385}}
{"target": -2.3265424917372393, "params": {"C": 273.68435315099754, "epsilon": 0.798033041125376, "gamma": 0.13257553688098, "lamda": 0.19719730406299787}, "datetime": {"datetime": "2021-09-23 13:27:12", "elapsed": 60.327674, "delta": 0.608202}}
{"target": -2.058948756529398, "params": {"C": 199.81977051592872, "epsilon": 0.17821515523582668, "gamma": 0.04942998382803389, "lamda": 0.04759352005195901}, "datetime": {"datetime": "2021-09-23 13:27:13", "elapsed": 61.15168, "delta": 0.824006}}
{"target": -2.176385722026724, "params": {"C": 266.56289721685397, "epsilon": 0.9397777146416818, "gamma": 0.05668348519164676, "lamda": 0.12556805498865947}, "datetime": {"datetime": "2021-09-23 13:27:14", "elapsed": 61.747866, "delta": 0.596186}}
{"target": -2.004090360458952, "params": {"C": 199.8833887296542, "epsilon": 0.10639773452893841, "gamma": 0.0837664619918416, "lamda": 0.13017161654788428}, "datetime": {"datetime": "2021-09-23 13:27:14", "elapsed": 62.551337, "delta": 0.803471}}
{"target": -2.2030137521928017, "params": {"C": 115.06585047029398, "epsilon": 0.5460153383258154, "gamma": 0.14007713740583458, "lamda": 0.09120294504330298}, "datetime": {"datetime": "2021-09-23 13:27:15", "elapsed": 63.177519, "delta": 0.626182}}
{"target": -2.103455160317487, "params": {"C": 198.34819904083662, "epsilon": 0.16557956218117134, "gamma": 0.04154165571724924, "lamda": 0.275757036804265}, "datetime": {"datetime": "2021-09-23 13:27:16", "elapsed": 63.954917, "delta": 0.777398}}
{"target": -2.1590222200001876, "params": {"C": 180.90824869012363, "epsilon": 0.1862970129536084, "gamma": 0.1116016896794502, "lamda": 0.29694786101361786}, "datetime": {"datetime": "2021-09-23 13:27:17", "elapsed": 64.975584, "delta": 1.020667}}
{"target": -2.1558985234852392, "params": {"C": 118.98735980032555, "epsilon": 0.6197950733114704, "gamma": 0.0747035936579278, "lamda": 0.17734074941136943}, "datetime": {"datetime": "2021-09-23 13:27:18", "elapsed": 65.839784, "delta": 0.8642}}
{"target": -2.1579584394807596, "params": {"C": 253.89381489731488, "epsilon": 0.18267445474767388, "gamma": 0.10529155017219238, "lamda": 0.29421328259120455}, "datetime": {"datetime": "2021-09-23 13:27:19", "elapsed": 66.884666, "delta": 1.044882}}
{"target": -2.093664089300911, "params": {"C": 106.28967247200423, "epsilon": 0.5389803034114203, "gamma": 0.0503609623728664, "lamda": 0.1374799052259431}, "datetime": {"datetime": "2021-09-23 13:27:20", "elapsed": 68.010184, "delta": 1.125518}}
{"target": -1.9854981086959607, "params": {"C": 199.0405977535495, "epsilon": 0.11159608360331125, "gamma": 0.07093431740419515, "lamda": 0.14268473051217817}, "datetime": {"datetime": "2021-09-23 13:27:21", "elapsed": 69.122188, "delta": 1.112004}}
{"target": -2.044084479508872, "params": {"C": 199.11224115618742, "epsilon": 0.1154349144974463, "gamma": 0.09222716822262475, "lamda": 0.12934013028999697}, "datetime": {"datetime": "2021-09-23 13:27:22", "elapsed": 70.12389, "delta": 1.001702}}
{"target": -2.238325838246554, "params": {"C": 146.6139081986354, "epsilon": 0.4731976982334996, "gamma": 0.14638576167703168, "lamda": 0.04417996174354393}, "datetime": {"datetime": "2021-09-23 13:27:23", "elapsed": 70.94289, "delta": 0.819}}
{"target": -2.024836520328473, "params": {"C": 199.07221093705311, "epsilon": 0.14686718245212588, "gamma": 0.053765846005502695, "lamda": 0.21599879134556058}, "datetime": {"datetime": "2021-09-23 13:27:24", "elapsed": 71.831504, "delta": 0.888614}}
{"target": -2.2090515559295496, "params": {"C": 285.32259486293924, "epsilon": 0.907888744057609, "gamma": 0.12140685694088937, "lamda": 0.02242086819930538}, "datetime": {"datetime": "2021-09-23 13:27:24", "elapsed": 72.67422, "delta": 0.842716}}
{"target": -2.223004731890767, "params": {"C": 199.64436178480733, "epsilon": 0.671309642761974, "gamma": 0.13734115264313249, "lamda": 0.060172415851206376}, "datetime": {"datetime": "2021-09-23 13:27:25", "elapsed": 73.45822, "delta": 0.784}}
{"target": -2.143343825922409, "params": {"C": 271.5570029054311, "epsilon": 0.279731430258921, "gamma": 0.10757825847561059, "lamda": 0.13101047011310882}, "datetime": {"datetime": "2021-09-23 13:27:26", "elapsed": 74.098017, "delta": 0.639797}}
{"target": -2.059720512194485, "params": {"C": 142.8073372508214, "epsilon": 0.3466496694777792, "gamma": 0.04809511237742898, "lamda": 0.14033704694098545}, "datetime": {"datetime": "2021-09-23 13:27:27", "elapsed": 74.895117, "delta": 0.7971}}
{"target": -2.0251829753133825, "params": {"C": 199.01742598902672, "epsilon": 0.13525786491752856, "gamma": 0.05008629916509581, "lamda": 0.1474333502396256}, "datetime": {"datetime": "2021-09-23 13:27:28", "elapsed": 75.773694, "delta": 0.878577}}
{"target": -2.0905627362229215, "params": {"C": 199.71855187688237, "epsilon": 0.1906063028184359, "gamma": 0.04313637518151116, "lamda": 0.2339023252962962}, "datetime": {"datetime": "2021-09-23 13:27:28", "elapsed": 76.538128, "delta": 0.764434}}
{"target": -2.0677188729020086, "params": {"C": 106.3341981711871, "epsilon": 0.6225184511103639, "gamma": 0.10277482931283216, "lamda": 0.037930656394085056}, "datetime": {"datetime": "2021-09-23 13:27:29", "elapsed": 77.334128, "delta": 0.796}}
{"target": -2.058844182647176, "params": {"C": 199.02335042632512, "epsilon": 0.05085864681468745, "gamma": 0.059769521092909936, "lamda": 0.12242696569045518}, "datetime": {"datetime": "2021-09-23 13:27:30", "elapsed": 78.315841, "delta": 0.981713}}
{"target": -2.198924692694242, "params": {"C": 106.24514860373725, "epsilon": 0.5450404910859304, "gamma": 0.12027857347627334, "lamda": 0.010000920517179664}, "datetime": {"datetime": "2021-09-23 13:27:31", "elapsed": 79.260832, "delta": 0.944991}}
{"target": -2.007137247759406, "params": {"C": 199.91887353044697, "epsilon": 0.13985651702972737, "gamma": 0.05489865404099599, "lamda": 0.13981733211392355}, "datetime": {"datetime": "2021-09-23 13:27:32", "elapsed": 80.12151, "delta": 0.860678}}
