{"target": 0.9186313165907795, "params": {"C": 1529.0732953379922, "epsilon": 0.41602432813207946, "gamma": 0.05865241832198205, "lamda": 0.0935931003695684}, "datetime": {"datetime": "2021-09-24 08:20:43", "elapsed": 39.916832, "delta": 0.782042}}
{"target": 0.9081585749427695, "params": {"C": 1553.7635821335946, "epsilon": 0.25597798420827467, "gamma": 0.06559187778085611, "lamda": 0.3611023605156928}, "datetime": {"datetime": "2021-09-24 08:20:44", "elapsed": 40.604242, "delta": 0.68741}}
{"target": 0.8750230979664455, "params": {"C": 1348.3965498690538, "epsilon": 0.1838649409797814, "gamma": 0.06829153397030428, "lamda": 0.007431311862751934}, "datetime": {"datetime": "2021-09-24 08:20:45", "elapsed": 41.569356, "delta": 0.965114}}
{"target": 0.9027100399375452, "params": {"C": 1426.4737678027968, "epsilon": 0.7695819628835003, "gamma": 0.06045065778099424, "lamda": 0.21462818631946584}, "datetime": {"datetime": "2021-09-24 08:20:46", "elapsed": 42.346687, "delta": 0.777331}}
{"target": 0.9273535459797502, "params": {"C": 1369.1196325886954, "epsilon": 0.181896122586287, "gamma": 0.028138410649675684, "lamda": 0.057517530966324816}, "datetime": {"datetime": "2021-09-24 08:20:47", "elapsed": 43.187482, "delta": 0.840795}}
{"target": 0.9264653799983253, "params": {"C": 1348.7176261132543, "epsilon": 0.06789509368555122, "gamma": 0.030605911511155125, "lamda": 0.18876571211778886}, "datetime": {"datetime": "2021-09-24 08:20:48", "elapsed": 44.067544, "delta": 0.880062}}
{"target": 0.9283309430735287, "params": {"C": 1369.0171390959401, "epsilon": 0.051625851591362584, "gamma": 0.02852585702525451, "lamda": 0.05844028463193498}, "datetime": {"datetime": "2021-09-24 08:20:48", "elapsed": 44.993162, "delta": 0.925618}}
{"target": 0.9234997353223281, "params": {"C": 1348.668178158449, "epsilon": 0.15496656273796444, "gamma": 0.022681036368868774, "lamda": 0.058095154003335384}, "datetime": {"datetime": "2021-09-24 08:20:50", "elapsed": 46.284856, "delta": 1.291694}}
{"target": 0.9089707557331758, "params": {"C": 1348.7947888520591, "epsilon": 0.18166017490228495, "gamma": 0.043553323288205256, "lamda": 0.0030923258630933537}, "datetime": {"datetime": "2021-09-24 08:20:51", "elapsed": 47.352681, "delta": 1.067825}}
{"target": 0.9059253883361534, "params": {"C": 1417.585159123971, "epsilon": 0.03801425058959908, "gamma": 0.012723914076975658, "lamda": 0.2474041442078309}, "datetime": {"datetime": "2021-09-24 08:20:52", "elapsed": 48.060057, "delta": 0.707376}}
{"target": 0.9167357064063064, "params": {"C": 1369.0191130635992, "epsilon": 0.17628441908963333, "gamma": 0.06651648574583523, "lamda": 0.1868296801635248}, "datetime": {"datetime": "2021-09-24 08:20:52", "elapsed": 48.832704, "delta": 0.772647}}
{"target": 0.8697302408615195, "params": {"C": 1409.1332255640334, "epsilon": 0.723909244098786, "gamma": 0.016547865355545414, "lamda": 0.3665853435181578}, "datetime": {"datetime": "2021-09-24 08:20:53", "elapsed": 49.681999, "delta": 0.849295}}
{"target": 0.9220312929864989, "params": {"C": 1306.0092163987383, "epsilon": 0.06080648636686968, "gamma": 0.05556425982440877, "lamda": 0.3166661713944762}, "datetime": {"datetime": "2021-09-24 08:20:54", "elapsed": 50.581893, "delta": 0.899894}}
{"target": 0.9261563658516806, "params": {"C": 1499.0972947039706, "epsilon": 0.043905264247669176, "gamma": 0.03844090631904327, "lamda": 0.3448758848313169}, "datetime": {"datetime": "2021-09-24 08:20:55", "elapsed": 51.317346, "delta": 0.735453}}
{"target": 0.89908147951162, "params": {"C": 1578.0934904511596, "epsilon": 0.9536415485667779, "gamma": 0.015188328390230318, "lamda": 0.04149861486142341}, "datetime": {"datetime": "2021-09-24 08:20:56", "elapsed": 52.112123, "delta": 0.794777}}
{"target": 0.9012856828532654, "params": {"C": 1429.3859599738532, "epsilon": 0.44648293359166236, "gamma": 0.028775607302263473, "lamda": 0.29363790168061665}, "datetime": {"datetime": "2021-09-24 08:20:56", "elapsed": 52.791364, "delta": 0.679241}}
{"target": 0.8963433801585771, "params": {"C": 1309.3411608164222, "epsilon": 0.5931835434233267, "gamma": 0.015365777078472266, "lamda": 0.08721564339898263}, "datetime": {"datetime": "2021-09-24 08:20:57", "elapsed": 53.54199, "delta": 0.750626}}
{"target": 0.9214574652251908, "params": {"C": 1348.7295000078016, "epsilon": 0.06655095947351594, "gamma": 0.053125224671607865, "lamda": 0.3527619245928478}, "datetime": {"datetime": "2021-09-24 08:20:58", "elapsed": 54.484212, "delta": 0.942222}}
{"target": 0.9176850235873786, "params": {"C": 1350.7083441850232, "epsilon": 0.08333755853124372, "gamma": 0.06034625521770918, "lamda": 0.37110537972593094}, "datetime": {"datetime": "2021-09-24 08:20:59", "elapsed": 55.22394, "delta": 0.739728}}
{"target": 0.9162693597056515, "params": {"C": 1306.1730409231975, "epsilon": 0.28222799224622286, "gamma": 0.05202473830199976, "lamda": 0.2151077674018509}, "datetime": {"datetime": "2021-09-24 08:21:00", "elapsed": 56.054803, "delta": 0.830863}}
{"target": 0.9106382630079997, "params": {"C": 1531.5411621381797, "epsilon": 0.03, "gamma": 0.07, "lamda": 0.20661044260935593}, "datetime": {"datetime": "2021-09-24 08:21:01", "elapsed": 57.364905, "delta": 1.310102}}
{"target": 0.9223835618408782, "params": {"C": 1305.9658271867916, "epsilon": 0.14157662282594347, "gamma": 0.022474310818100182, "lamda": 0.07638275768137}, "datetime": {"datetime": "2021-09-24 08:21:02", "elapsed": 58.303524, "delta": 0.938619}}
{"target": 0.9126876901606047, "params": {"C": 1498.4398947092445, "epsilon": 0.14211048957868105, "gamma": 0.06833741397481563, "lamda": 0.34612875507632634}, "datetime": {"datetime": "2021-09-24 08:21:03", "elapsed": 59.079608, "delta": 0.776084}}
{"target": 0.9153445025372056, "params": {"C": 1498.951986304754, "epsilon": 0.03, "gamma": 0.07, "lamda": 0.4}, "datetime": {"datetime": "2021-09-24 08:21:03", "elapsed": 59.884736, "delta": 0.805128}}
{"target": 0.8478287131310966, "params": {"C": 1368.9203985776055, "epsilon": 0.11300534620448663, "gamma": 0.07, "lamda": 0.001}, "datetime": {"datetime": "2021-09-24 08:21:04", "elapsed": 60.88064, "delta": 0.995904}}
{"target": 0.8922786082851407, "params": {"C": 1369.0615455813531, "epsilon": 0.23716063183611644, "gamma": 0.01, "lamda": 0.09675136176395441}, "datetime": {"datetime": "2021-09-24 08:21:05", "elapsed": 61.937946, "delta": 1.057306}}
{"target": 0.9045103217284521, "params": {"C": 1312.2758029190854, "epsilon": 0.19571587338618618, "gamma": 0.01192188960224603, "lamda": 0.02406857943971472}, "datetime": {"datetime": "2021-09-24 08:21:06", "elapsed": 62.759885, "delta": 0.821939}}
{"target": 0.898390265877788, "params": {"C": 1369.0691785455722, "epsilon": 0.035852983130117075, "gamma": 0.0665335521314619, "lamda": 0.08632877225568149}, "datetime": {"datetime": "2021-09-24 08:21:07", "elapsed": 63.556325, "delta": 0.79644}}
{"target": 0.9211782340523733, "params": {"C": 1369.1012627766816, "epsilon": 0.18353658585083416, "gamma": 0.06025793456135397, "lamda": 0.05258004025588082}, "datetime": {"datetime": "2021-09-24 08:21:08", "elapsed": 64.384964, "delta": 0.828639}}
{"target": 0.9007497147457623, "params": {"C": 1527.62814411192, "epsilon": 0.5238881381520016, "gamma": 0.020092360359869454, "lamda": 0.13394338251117271}, "datetime": {"datetime": "2021-09-24 08:21:09", "elapsed": 65.084808, "delta": 0.699844}}
{"target": 0.9098563898897476, "params": {"C": 1553.4008736651933, "epsilon": 0.7209878344564675, "gamma": 0.03044308077340671, "lamda": 0.10963361445999367}, "datetime": {"datetime": "2021-09-24 08:21:09", "elapsed": 65.799206, "delta": 0.714398}}
{"target": 0.9165976445841997, "params": {"C": 1306.1938784622912, "epsilon": 0.2503838682831131, "gamma": 0.04673683572562356, "lamda": 0.24646684959617357}, "datetime": {"datetime": "2021-09-24 08:21:10", "elapsed": 66.424143, "delta": 0.624937}}
{"target": 0.9214138865925443, "params": {"C": 1348.6693343151494, "epsilon": 0.11553621724029234, "gamma": 0.05826243842603866, "lamda": 0.06972481812311924}, "datetime": {"datetime": "2021-09-24 08:21:11", "elapsed": 67.455391, "delta": 1.031248}}
{"target": 0.8986041575960164, "params": {"C": 1560.5265297264964, "epsilon": 0.7959292186370986, "gamma": 0.06049574738962546, "lamda": 0.25855767007288327}, "datetime": {"datetime": "2021-09-24 08:21:12", "elapsed": 68.225162, "delta": 0.769771}}
{"target": 0.9067194351882273, "params": {"C": 1348.743797748846, "epsilon": 0.052392500550691806, "gamma": 0.01393203952131451, "lamda": 0.27455097478681195}, "datetime": {"datetime": "2021-09-24 08:21:13", "elapsed": 69.005884, "delta": 0.780722}}
{"target": 0.887565924541999, "params": {"C": 1549.844345825281, "epsilon": 0.9391503991691993, "gamma": 0.019100082831807322, "lamda": 0.1600057032430177}, "datetime": {"datetime": "2021-09-24 08:21:13", "elapsed": 69.603714, "delta": 0.59783}}
{"target": 0.917655634977862, "params": {"C": 1499.1168651834041, "epsilon": 0.07834097172128293, "gamma": 0.06397009573306096, "lamda": 0.3237634731685937}, "datetime": {"datetime": "2021-09-24 08:21:14", "elapsed": 70.374749, "delta": 0.771035}}
{"target": 0.9135134608981138, "params": {"C": 1322.598775705441, "epsilon": 0.5412863314333759, "gamma": 0.06458752949409159, "lamda": 0.11272405197337206}, "datetime": {"datetime": "2021-09-24 08:21:15", "elapsed": 71.107508, "delta": 0.732759}}
{"target": 0.9228205429369185, "params": {"C": 1348.627046889116, "epsilon": 0.2243181633077992, "gamma": 0.053660633035756466, "lamda": 0.03011028911343971}, "datetime": {"datetime": "2021-09-24 08:21:15", "elapsed": 71.891229, "delta": 0.783721}}
{"target": 0.9252499004062694, "params": {"C": 1348.498790965742, "epsilon": 0.09292671067265415, "gamma": 0.03976365891903594, "lamda": 0.20869352434275126}, "datetime": {"datetime": "2021-09-24 08:21:16", "elapsed": 72.680307, "delta": 0.789078}}
{"target": 0.900206913663381, "params": {"C": 1328.4810397004883, "epsilon": 0.6158346053251317, "gamma": 0.028929232904324254, "lamda": 0.23123778970736691}, "datetime": {"datetime": "2021-09-24 08:21:17", "elapsed": 73.279627, "delta": 0.59932}}
{"target": 0.9200902271159532, "params": {"C": 1306.1110956187356, "epsilon": 0.06389317313022466, "gamma": 0.02305938495205833, "lamda": 0.22518380128758878}, "datetime": {"datetime": "2021-09-24 08:21:17", "elapsed": 73.933788, "delta": 0.654161}}
{"target": 0.9183052378494609, "params": {"C": 1531.3583263300698, "epsilon": 0.04482439043666671, "gamma": 0.06482526624883415, "lamda": 0.21379914418598778}, "datetime": {"datetime": "2021-09-24 08:21:18", "elapsed": 74.631361, "delta": 0.697573}}
{"target": 0.9260615775954534, "params": {"C": 1306.1116804282203, "epsilon": 0.05580708077980799, "gamma": 0.025656472628369183, "lamda": 0.1559971815167755}, "datetime": {"datetime": "2021-09-24 08:21:19", "elapsed": 75.331466, "delta": 0.700105}}
{"target": 0.9211513681188661, "params": {"C": 1348.605579173472, "epsilon": 0.14168658464547015, "gamma": 0.06003728339098144, "lamda": 0.06540859131441408}, "datetime": {"datetime": "2021-09-24 08:21:20", "elapsed": 76.456016, "delta": 1.12455}}
{"target": 0.9177805266054758, "params": {"C": 1369.9208622979531, "epsilon": 0.4677101742567653, "gamma": 0.06802859727838093, "lamda": 0.04802691288163459}, "datetime": {"datetime": "2021-09-24 08:21:21", "elapsed": 77.251529, "delta": 0.795513}}
{"target": 0.9157268058731868, "params": {"C": 1459.3802460878817, "epsilon": 0.17361972667488884, "gamma": 0.023680492291093123, "lamda": 0.1519955169691821}, "datetime": {"datetime": "2021-09-24 08:21:22", "elapsed": 78.307358, "delta": 1.055829}}
{"target": 0.9272216169867104, "params": {"C": 1306.0409328041198, "epsilon": 0.10757515706545742, "gamma": 0.043832367096401564, "lamda": 0.13226113143407883}, "datetime": {"datetime": "2021-09-24 08:21:23", "elapsed": 79.131435, "delta": 0.824077}}
{"target": 0.9160525785308689, "params": {"C": 1449.466542677211, "epsilon": 0.6678857848740779, "gamma": 0.06309517416898137, "lamda": 0.07003032387803912}, "datetime": {"datetime": "2021-09-24 08:21:23", "elapsed": 79.903315, "delta": 0.77188}}
{"target": 0.9194114633279187, "params": {"C": 1557.3355043581466, "epsilon": 0.27222863265745145, "gamma": 0.046860868259423975, "lamda": 0.1674937157763118}, "datetime": {"datetime": "2021-09-24 08:21:24", "elapsed": 80.673317, "delta": 0.770002}}
{"target": 0.8917221391038676, "params": {"C": 1364.211005876232, "epsilon": 0.3398439368681727, "gamma": 0.014415515842233988, "lamda": 0.18032579906708}, "datetime": {"datetime": "2021-09-24 08:21:25", "elapsed": 81.400572, "delta": 0.727255}}
{"target": 0.9218687900569436, "params": {"C": 1348.5796106943963, "epsilon": 0.1306243928830592, "gamma": 0.025816386109153967, "lamda": 0.12717021999101052}, "datetime": {"datetime": "2021-09-24 08:21:26", "elapsed": 82.204543, "delta": 0.803971}}
{"target": 0.9285252927832611, "params": {"C": 1348.6567422321948, "epsilon": 0.29926470194458066, "gamma": 0.04196045711522171, "lamda": 0.03915603621511553}, "datetime": {"datetime": "2021-09-24 08:21:26", "elapsed": 82.956597, "delta": 0.752054}}
{"target": 0.9132812473969476, "params": {"C": 1348.4862052589506, "epsilon": 0.05966021180536121, "gamma": 0.06924747438140733, "lamda": 0.12309803399362537}, "datetime": {"datetime": "2021-09-24 08:21:27", "elapsed": 83.781879, "delta": 0.825282}}
{"target": 0.9237605251798949, "params": {"C": 1306.0500317570772, "epsilon": 0.17234487315070826, "gamma": 0.054795115954735026, "lamda": 0.10029087553528679}, "datetime": {"datetime": "2021-09-24 08:21:28", "elapsed": 84.692552, "delta": 0.910673}}
{"target": 0.9231793381201822, "params": {"C": 1348.6702315452624, "epsilon": 0.1239855968338623, "gamma": 0.056878791207991136, "lamda": 0.12823900325762383}, "datetime": {"datetime": "2021-09-24 08:21:29", "elapsed": 85.455552, "delta": 0.763}}
{"target": 0.9204271990276965, "params": {"C": 1348.5767280903744, "epsilon": 0.1717434618220782, "gamma": 0.03473416907510321, "lamda": 0.19502295814003992}, "datetime": {"datetime": "2021-09-24 08:21:30", "elapsed": 86.173471, "delta": 0.717919}}
{"target": 0.903842165831133, "params": {"C": 1459.4239128519318, "epsilon": 0.044502631398274844, "gamma": 0.05452187348278945, "lamda": 0.04828072930497761}, "datetime": {"datetime": "2021-09-24 08:21:31", "elapsed": 87.248472, "delta": 1.075001}}
{"target": 0.924722709227729, "params": {"C": 1348.6688495888884, "epsilon": 0.2432030229706537, "gamma": 0.028437808249123418, "lamda": 0.06216201778378193}, "datetime": {"datetime": "2021-09-24 08:21:32", "elapsed": 88.109875, "delta": 0.861403}}
{"target": 0.9208877698907543, "params": {"C": 1305.9608624599546, "epsilon": 0.17691593712742007, "gamma": 0.047260397888470806, "lamda": 0.19948239142956975}, "datetime": {"datetime": "2021-09-24 08:21:33", "elapsed": 89.031977, "delta": 0.922102}}
{"target": 0.9254640755813491, "params": {"C": 1382.9367113684862, "epsilon": 0.8262884208591298, "gamma": 0.04177352018761141, "lamda": 0.023832859251152878}, "datetime": {"datetime": "2021-09-24 08:21:33", "elapsed": 89.987734, "delta": 0.955757}}
{"target": 0.9195827551333965, "params": {"C": 1433.9975746266405, "epsilon": 0.996814221971482, "gamma": 0.050044525431901535, "lamda": 0.041661512213747025}, "datetime": {"datetime": "2021-09-24 08:21:34", "elapsed": 90.940095, "delta": 0.952361}}
{"target": 0.9035792371132376, "params": {"C": 1383.0135703949275, "epsilon": 0.8499709516357355, "gamma": 0.047311337782235716, "lamda": 0.001001615032866965}, "datetime": {"datetime": "2021-09-24 08:21:36", "elapsed": 92.15879, "delta": 1.218695}}
{"target": 0.9227034999962287, "params": {"C": 1348.5884348316595, "epsilon": 0.10282758132414799, "gamma": 0.05522505454236037, "lamda": 0.1900769928434217}, "datetime": {"datetime": "2021-09-24 08:21:37", "elapsed": 93.23839, "delta": 1.0796}}
{"target": 0.9286926054255268, "params": {"C": 1306.1589790493724, "epsilon": 0.1613879170637376, "gamma": 0.0416259621562573, "lamda": 0.07074086212931507}, "datetime": {"datetime": "2021-09-24 08:21:38", "elapsed": 94.117453, "delta": 0.879063}}
{"target": 0.9274487099406211, "params": {"C": 1306.1487880903935, "epsilon": 0.10198868073131241, "gamma": 0.04627208945259079, "lamda": 0.06729518256437468}, "datetime": {"datetime": "2021-09-24 08:21:38", "elapsed": 94.977558, "delta": 0.860105}}
{"target": 0.9219306530690955, "params": {"C": 1306.090674915887, "epsilon": 0.15806213026390328, "gamma": 0.03927240371226478, "lamda": 0.1961771220916738}, "datetime": {"datetime": "2021-09-24 08:21:39", "elapsed": 95.801618, "delta": 0.82406}}
{"target": 0.9248639008132677, "params": {"C": 1348.5053673162377, "epsilon": 0.07342841503413985, "gamma": 0.05127091748006315, "lamda": 0.20819362897490154}, "datetime": {"datetime": "2021-09-24 08:21:40", "elapsed": 96.516649, "delta": 0.715031}}
{"target": 0.9246109118626998, "params": {"C": 1421.5227261708412, "epsilon": 0.045895836401241216, "gamma": 0.0372267028846463, "lamda": 0.39126330659398545}, "datetime": {"datetime": "2021-09-24 08:21:41", "elapsed": 97.298032, "delta": 0.781383}}
{"target": 0.9157409282552617, "params": {"C": 1449.0414006532742, "epsilon": 0.2607956519883421, "gamma": 0.043715077692807774, "lamda": 0.257267554410696}, "datetime": {"datetime": "2021-09-24 08:21:42", "elapsed": 98.126117, "delta": 0.828085}}
{"target": 0.9267960535712275, "params": {"C": 1367.7679859423508, "epsilon": 0.37241433240221966, "gamma": 0.04373140729143769, "lamda": 0.04379956074803851}, "datetime": {"datetime": "2021-09-24 08:21:43", "elapsed": 99.012127, "delta": 0.88601}}
{"target": 0.8966799391043948, "params": {"C": 1306.2005980537795, "epsilon": 0.12715787320295563, "gamma": 0.01, "lamda": 0.12358568761416473}, "datetime": {"datetime": "2021-09-24 08:21:43", "elapsed": 99.920125, "delta": 0.907998}}
{"target": 0.9192276040197441, "params": {"C": 1348.6940040835157, "epsilon": 0.10940425587399825, "gamma": 0.0603175004712009, "lamda": 0.24712301494821862}, "datetime": {"datetime": "2021-09-24 08:21:44", "elapsed": 100.952731, "delta": 1.032606}}
{"target": 0.9074203322593445, "params": {"C": 1542.785598189834, "epsilon": 0.24953022686291432, "gamma": 0.03174120971822739, "lamda": 0.3959755288598539}, "datetime": {"datetime": "2021-09-24 08:21:45", "elapsed": 101.789885, "delta": 0.837154}}
{"target": 0.9202231134776425, "params": {"C": 1333.3523091036623, "epsilon": 0.15940624080733246, "gamma": 0.048832562763475626, "lamda": 0.23117264300962911}, "datetime": {"datetime": "2021-09-24 08:21:46", "elapsed": 102.786369, "delta": 0.996484}}
{"target": 0.9193366138806355, "params": {"C": 1382.1299863725772, "epsilon": 0.8521469727564794, "gamma": 0.019353167449943268, "lamda": 0.002889736109050558}, "datetime": {"datetime": "2021-09-24 08:21:47", "elapsed": 103.836502, "delta": 1.050133}}
{"target": 0.9205719945600562, "params": {"C": 1531.3507545636924, "epsilon": 0.09653214376888063, "gamma": 0.0417395423878428, "lamda": 0.352142777952766}, "datetime": {"datetime": "2021-09-24 08:21:48", "elapsed": 104.914671, "delta": 1.078169}}
{"target": 0.9066236474304508, "params": {"C": 1374.5906108496588, "epsilon": 0.6836189943343498, "gamma": 0.05884154412193709, "lamda": 0.19195156509524197}, "datetime": {"datetime": "2021-09-24 08:21:49", "elapsed": 105.891336, "delta": 0.976665}}
{"target": 0.9112451754240869, "params": {"C": 1478.6080922755802, "epsilon": 0.5427503498020761, "gamma": 0.04374978539374783, "lamda": 0.1862258772591661}, "datetime": {"datetime": "2021-09-24 08:21:50", "elapsed": 106.890832, "delta": 0.999496}}
{"target": 0.9022843965958403, "params": {"C": 1306.0974313305057, "epsilon": 0.16537267221627236, "gamma": 0.011556838332173603, "lamda": 0.07393743135240823}, "datetime": {"datetime": "2021-09-24 08:21:51", "elapsed": 107.787553, "delta": 0.896721}}
{"target": 0.922531111705869, "params": {"C": 1348.7366944402015, "epsilon": 0.07349346024985491, "gamma": 0.05730262012719528, "lamda": 0.12027609776170539}, "datetime": {"datetime": "2021-09-24 08:21:52", "elapsed": 108.725156, "delta": 0.937603}}
{"target": 0.9034421391346085, "params": {"C": 1421.4399828380747, "epsilon": 0.16455459356809837, "gamma": 0.019808400063973004, "lamda": 0.3206645625189043}, "datetime": {"datetime": "2021-09-24 08:21:53", "elapsed": 109.789378, "delta": 1.064222}}
{"target": 0.9188164429411099, "params": {"C": 1501.537089371062, "epsilon": 0.14742843030751573, "gamma": 0.043074157575042855, "lamda": 0.3183593243230231}, "datetime": {"datetime": "2021-09-24 08:21:54", "elapsed": 110.696612, "delta": 0.907234}}
{"target": 0.9247815410058103, "params": {"C": 1348.5328215925606, "epsilon": 0.05233481828804236, "gamma": 0.037739129715611094, "lamda": 0.3483290609534471}, "datetime": {"datetime": "2021-09-24 08:21:55", "elapsed": 111.840848, "delta": 1.144236}}
{"target": 0.9171898719904318, "params": {"C": 1306.1920068756735, "epsilon": 0.18146532496450418, "gamma": 0.06981975146138968, "lamda": 0.08015997119637554}, "datetime": {"datetime": "2021-09-24 08:21:56", "elapsed": 112.910192, "delta": 1.069344}}
{"target": 0.9249818766923421, "params": {"C": 1500.4901939889362, "epsilon": 0.158477294067946, "gamma": 0.049759902484325366, "lamda": 0.04027005645109971}, "datetime": {"datetime": "2021-09-24 08:21:57", "elapsed": 113.812855, "delta": 0.902663}}
{"target": 0.916832843508015, "params": {"C": 1348.601735610619, "epsilon": 0.030937854296066873, "gamma": 0.0674770276771871, "lamda": 0.36884549344854073}, "datetime": {"datetime": "2021-09-24 08:21:58", "elapsed": 114.835008, "delta": 1.022153}}
{"target": 0.9219738401099021, "params": {"C": 1367.781612257746, "epsilon": 0.4384877429399826, "gamma": 0.050992554883458954, "lamda": 0.012282054084107059}, "datetime": {"datetime": "2021-09-24 08:21:59", "elapsed": 115.869224, "delta": 1.034216}}
