{"target": -2.6246770698669866, "params": {"C": 70.80751450172306, "epsilon": 0.08086528740442449, "gamma": 0.20288457917128475, "lamda": 0.41722592919253754}, "datetime": {"datetime": "2021-09-23 12:31:18", "elapsed": 160.355183, "delta": 1.9}}
{"target": -3.531618154688255, "params": {"C": 59.96988733648607, "epsilon": 0.5294751664207564, "gamma": 0.5179387284688131, "lamda": 0.05730686274586723}, "datetime": {"datetime": "2021-09-23 12:31:20", "elapsed": 161.790185, "delta": 1.435002}}
{"target": -2.5933070848106166, "params": {"C": 51.64861463569277, "epsilon": 0.253090371233884, "gamma": 0.18724147911638758, "lamda": 0.37038179430440393}, "datetime": {"datetime": "2021-09-23 12:31:21", "elapsed": 163.310939, "delta": 1.520754}}
{"target": -4.20179595912636, "params": {"C": 99.97009611380902, "epsilon": 0.9396046002007145, "gamma": 0.6952363049973517, "lamda": 0.2676222258149641}, "datetime": {"datetime": "2021-09-23 12:31:23", "elapsed": 164.45199, "delta": 1.141051}}
{"target": -2.7300429054395443, "params": {"C": 48.37672603038973, "epsilon": 0.7598077121086457, "gamma": 0.2154122381005824, "lamda": 0.1864818693742779}, "datetime": {"datetime": "2021-09-23 12:31:24", "elapsed": 166.203653, "delta": 1.751663}}
{"target": -3.4867401297553524, "params": {"C": 51.65984517651826, "epsilon": 0.053204079359745284, "gamma": 0.001, "lamda": 0.7104685997146382}, "datetime": {"datetime": "2021-09-23 12:31:26", "elapsed": 168.159874, "delta": 1.956221}}
{"target": -3.576481549208148, "params": {"C": 49.59517199813634, "epsilon": 1.0, "gamma": 0.001, "lamda": 0.15078699933034437}, "datetime": {"datetime": "2021-09-23 12:31:28", "elapsed": 169.733631, "delta": 1.573757}}
{"target": -2.375332004299012, "params": {"C": 51.466124325282415, "epsilon": 0.0010386436008713576, "gamma": 0.14681804291535813, "lamda": 0.317172688454814}, "datetime": {"datetime": "2021-09-23 12:31:29", "elapsed": 171.345365, "delta": 1.611734}}
{"target": -2.9718975155007, "params": {"C": 51.35264257835891, "epsilon": 0.001, "gamma": 0.309873752537534, "lamda": 0.5659755033171932}, "datetime": {"datetime": "2021-09-23 12:31:31", "elapsed": 173.113985, "delta": 1.76862}}
{"target": -3.7244142160477325, "params": {"C": 46.77004535092268, "epsilon": 0.8747657665390196, "gamma": 0.43164655353940296, "lamda": 0.455902955672575}, "datetime": {"datetime": "2021-09-23 12:31:32", "elapsed": 174.052725, "delta": 0.93874}}
{"target": -2.017028245599212, "params": {"C": 70.62004743393032, "epsilon": 0.05024576258476054, "gamma": 0.06722423795719916, "lamda": 0.3324049635900492}, "datetime": {"datetime": "2021-09-23 12:31:35", "elapsed": 176.420688, "delta": 2.367963}}
{"target": -2.1855157934490457, "params": {"C": 71.08592562236073, "epsilon": 0.2861958913412567, "gamma": 0.030026224701733707, "lamda": 0.39666596402725735}, "datetime": {"datetime": "2021-09-23 12:31:37", "elapsed": 178.389539, "delta": 1.968851}}
{"target": -2.147565991907567, "params": {"C": 71.29875181474509, "epsilon": 0.17259224151929237, "gamma": 0.0316738439869647, "lamda": 0.5051417256577488}, "datetime": {"datetime": "2021-09-23 12:31:38", "elapsed": 179.877846, "delta": 1.488307}}
{"target": -2.918149905752587, "params": {"C": 50.382387330545235, "epsilon": 0.32447436780354366, "gamma": 0.2021975082836518, "lamda": 0.7772243363372208}, "datetime": {"datetime": "2021-09-23 12:31:39", "elapsed": 180.784098, "delta": 0.906252}}
{"target": -2.3029272301207255, "params": {"C": 49.60067621002175, "epsilon": 0.0433881242772485, "gamma": 0.12516765677934683, "lamda": 0.5040781080305543}, "datetime": {"datetime": "2021-09-23 12:31:41", "elapsed": 183.113728, "delta": 2.32963}}
{"target": -3.14158746741098, "params": {"C": 73.0388481529701, "epsilon": 0.4416507794647809, "gamma": 0.34820707305819565, "lamda": 0.2651023802372266}, "datetime": {"datetime": "2021-09-23 12:31:43", "elapsed": 185.030216, "delta": 1.916488}}
{"target": -3.7208655535970165, "params": {"C": 39.50114519495543, "epsilon": 0.3204240907038378, "gamma": 0.5586798013948207, "lamda": 0.2752275724163955}, "datetime": {"datetime": "2021-09-23 12:31:44", "elapsed": 186.005223, "delta": 0.975007}}
{"target": -2.647229232597363, "params": {"C": 28.14309256776142, "epsilon": 0.8260627298424233, "gamma": 0.14702451788406795, "lamda": 0.3450210196402152}, "datetime": {"datetime": "2021-09-23 12:31:46", "elapsed": 187.417412, "delta": 1.412189}}
{"target": -2.4228206021673375, "params": {"C": 70.51546912884832, "epsilon": 0.08649280049971361, "gamma": 0.007128851401646745, "lamda": 0.08249299335698677}, "datetime": {"datetime": "2021-09-23 12:31:48", "elapsed": 189.410137, "delta": 1.992725}}
{"target": -2.243184826672715, "params": {"C": 49.32161558013331, "epsilon": 0.23212755023483586, "gamma": 0.01892692953192641, "lamda": 0.04738064410393669}, "datetime": {"datetime": "2021-09-23 12:31:49", "elapsed": 191.078549, "delta": 1.668412}}
{"target": -2.037414118696653, "params": {"C": 48.67420476168357, "epsilon": 0.9506734391876944, "gamma": 0.062380898120226506, "lamda": 0.03949077695554337}, "datetime": {"datetime": "2021-09-23 12:31:51", "elapsed": 192.720373, "delta": 1.641824}}
{"target": -2.048444118690378, "params": {"C": 70.90066852505144, "epsilon": 0.19313098576776197, "gamma": 0.039427235728051326, "lamda": 0.06495844084440994}, "datetime": {"datetime": "2021-09-23 12:31:52", "elapsed": 194.335121, "delta": 1.614748}}
{"target": -2.1475069748160722, "params": {"C": 72.40698206698731, "epsilon": 0.25506187850385925, "gamma": 0.029307370848645035, "lamda": 0.32069293716993674}, "datetime": {"datetime": "2021-09-23 12:31:54", "elapsed": 196.310524, "delta": 1.975403}}
{"target": -2.9930124753892047, "params": {"C": 72.4002209361436, "epsilon": 0.1186794762355018, "gamma": 0.0016207655151164986, "lamda": 0.11821931579913583}, "datetime": {"datetime": "2021-09-23 12:31:56", "elapsed": 198.239291, "delta": 1.928767}}
{"target": -2.531373564205738, "params": {"C": 70.53625824212487, "epsilon": 0.4432884395956799, "gamma": 0.17299372841406122, "lamda": 0.18858834177472933}, "datetime": {"datetime": "2021-09-23 12:31:59", "elapsed": 200.517851, "delta": 2.27856}}
{"target": -6.255475541183425, "params": {"C": 1.334165112451609, "epsilon": 0.11238545058617927, "gamma": 0.7747450604781927, "lamda": 0.45939569068984276}, "datetime": {"datetime": "2021-09-23 12:32:00", "elapsed": 201.94343, "delta": 1.425579}}
{"target": -2.5411945905294697, "params": {"C": 71.29405969262139, "epsilon": 0.1617147244309711, "gamma": 0.008259115322476633, "lamda": 0.5150884842996835}, "datetime": {"datetime": "2021-09-23 12:32:01", "elapsed": 203.350769, "delta": 1.407339}}
{"target": -2.591808644543619, "params": {"C": 71.42964991474693, "epsilon": 0.1454916567203573, "gamma": 0.18435489226652133, "lamda": 0.46476434190964155}, "datetime": {"datetime": "2021-09-23 12:32:03", "elapsed": 205.137782, "delta": 1.787013}}
{"target": -5.069832791262607, "params": {"C": 8.229910273124863, "epsilon": 0.9143558775121974, "gamma": 0.9064565700027867, "lamda": 0.32484783758503116}, "datetime": {"datetime": "2021-09-23 12:32:05", "elapsed": 206.742959, "delta": 1.605177}}
{"target": -2.338660453266784, "params": {"C": 49.891111454530105, "epsilon": 0.7960722621244376, "gamma": 0.02365338101679357, "lamda": 0.25355282048405814}, "datetime": {"datetime": "2021-09-23 12:32:06", "elapsed": 207.768958, "delta": 1.025999}}
{"target": -2.1612183051201246, "params": {"C": 71.33517325637435, "epsilon": 0.25579334595804604, "gamma": 0.09594547561202374, "lamda": 0.24275043430843235}, "datetime": {"datetime": "2021-09-23 12:32:08", "elapsed": 209.69905, "delta": 1.930092}}
{"target": -2.3014029308275057, "params": {"C": 71.32892006161158, "epsilon": 0.49410668288827064, "gamma": 0.04222179321168606, "lamda": 0.4894091231355343}, "datetime": {"datetime": "2021-09-23 12:32:09", "elapsed": 211.230895, "delta": 1.531845}}
{"target": -2.845936861251759, "params": {"C": 72.24034724785143, "epsilon": 0.5490412054378349, "gamma": 0.2453499676649424, "lamda": 0.23913291383590077}, "datetime": {"datetime": "2021-09-23 12:32:11", "elapsed": 212.990033, "delta": 1.759138}}
{"target": -3.6531025454678185, "params": {"C": 61.73976243526139, "epsilon": 0.5422559420947949, "gamma": 0.5510300354383468, "lamda": 0.1189488076310878}, "datetime": {"datetime": "2021-09-23 12:32:12", "elapsed": 214.100318, "delta": 1.110285}}
{"target": -2.8422212156317954, "params": {"C": 71.43829451808567, "epsilon": 0.3816610194068775, "gamma": 0.19670156820369003, "lamda": 0.5936752462181215}, "datetime": {"datetime": "2021-09-23 12:32:14", "elapsed": 215.591747, "delta": 1.491429}}
{"target": -3.6844396301213784, "params": {"C": 28.57220658660011, "epsilon": 0.9649053948363869, "gamma": 0.5186489092891986, "lamda": 0.1718582588643773}, "datetime": {"datetime": "2021-09-23 12:32:15", "elapsed": 217.069496, "delta": 1.477749}}
{"target": -4.681705904688281, "params": {"C": 15.25847008217949, "epsilon": 0.5959419234556401, "gamma": 0.7805094964158811, "lamda": 0.8434292638575667}, "datetime": {"datetime": "2021-09-23 12:32:17", "elapsed": 218.923776, "delta": 1.85428}}
{"target": -2.956915076363208, "params": {"C": 71.17951262292077, "epsilon": 0.3862241633291719, "gamma": 0.2564739075472399, "lamda": 0.44140736380751155}, "datetime": {"datetime": "2021-09-23 12:32:19", "elapsed": 221.272919, "delta": 2.349143}}
{"target": -2.912101234266846, "params": {"C": 49.955212744903804, "epsilon": 0.7903051608654895, "gamma": 0.16749963266228693, "lamda": 0.5417316622212494}, "datetime": {"datetime": "2021-09-23 12:32:22", "elapsed": 223.460351, "delta": 2.187432}}
{"target": -2.346900616961813, "params": {"C": 72.60494774592124, "epsilon": 0.05464957045517747, "gamma": 0.014409798694353274, "lamda": 0.4212257287304094}, "datetime": {"datetime": "2021-09-23 12:32:24", "elapsed": 225.39046, "delta": 1.930109}}
{"target": -2.791362608425634, "params": {"C": 72.52757507722, "epsilon": 0.14563600772741472, "gamma": 0.25660020249841603, "lamda": 0.2985225035503985}, "datetime": {"datetime": "2021-09-23 12:32:26", "elapsed": 228.032886, "delta": 2.642426}}
{"target": -2.1639544292766684, "params": {"C": 92.74014915178167, "epsilon": 0.6080497877146991, "gamma": 0.09496873090466276, "lamda": 0.02358231329485325}, "datetime": {"datetime": "2021-09-23 12:32:30", "elapsed": 231.663914, "delta": 3.631028}}
{"target": -3.1842917275919955, "params": {"C": 92.55593961827273, "epsilon": 0.8026645648426929, "gamma": 0.001, "lamda": 0.001}, "datetime": {"datetime": "2021-09-23 12:32:33", "elapsed": 234.757807, "delta": 3.093893}}
{"target": -3.5065682022310214, "params": {"C": 92.90774338901913, "epsilon": 0.5664037481810594, "gamma": 0.001, "lamda": 0.220388926444444}, "datetime": {"datetime": "2021-09-23 12:32:36", "elapsed": 237.425227, "delta": 2.66742}}
{"target": -3.2336023649398538, "params": {"C": 92.64537013112597, "epsilon": 0.39164135062323485, "gamma": 0.4111525129543116, "lamda": 0.016138037878771966}, "datetime": {"datetime": "2021-09-23 12:32:38", "elapsed": 240.184488, "delta": 2.759261}}
{"target": -3.7068778373229065, "params": {"C": 51.9683253493218, "epsilon": 0.49427924962420766, "gamma": 0.001, "lamda": 0.5013717542942072}, "datetime": {"datetime": "2021-09-23 12:32:41", "elapsed": 242.766834, "delta": 2.582346}}
{"target": -2.706818652239864, "params": {"C": 70.49627724452314, "epsilon": 0.1340656537140706, "gamma": 0.22387450029266806, "lamda": 0.4312036373514951}, "datetime": {"datetime": "2021-09-23 12:32:42", "elapsed": 244.307768, "delta": 1.540934}}
{"target": -3.6192671587827014, "params": {"C": 27.85517136580376, "epsilon": 0.7676548010036476, "gamma": 0.001, "lamda": 0.10525354443851419}, "datetime": {"datetime": "2021-09-23 12:32:45", "elapsed": 246.978806, "delta": 2.671038}}
{"target": -2.3688713864184634, "params": {"C": 72.00641425430102, "epsilon": 0.11425883539077958, "gamma": 0.14232694588756034, "lamda": 0.27432048053195207}, "datetime": {"datetime": "2021-09-23 12:32:47", "elapsed": 249.265452, "delta": 2.286646}}
{"target": -3.158844606468615, "params": {"C": 48.77995329492465, "epsilon": 0.9718702565052184, "gamma": 0.34483512210327955, "lamda": 0.15502625137573794}, "datetime": {"datetime": "2021-09-23 12:32:49", "elapsed": 251.017765, "delta": 1.752313}}
{"target": -2.873313678373765, "params": {"C": 49.971345835963454, "epsilon": 0.3464781107853344, "gamma": 0.004613220046103432, "lamda": 0.6434908412094333}, "datetime": {"datetime": "2021-09-23 12:32:51", "elapsed": 252.989988, "delta": 1.972223}}
{"target": -4.1799291360641355, "params": {"C": 68.23156668291689, "epsilon": 0.21438797193463233, "gamma": 0.6790090797348785, "lamda": 0.881048021216779}, "datetime": {"datetime": "2021-09-23 12:32:52", "elapsed": 254.017572, "delta": 1.027584}}
{"target": -2.9012047598890867, "params": {"C": 65.35985569128147, "epsilon": 0.43693761616165155, "gamma": 0.21363096269878104, "lamda": 0.5363975507461297}, "datetime": {"datetime": "2021-09-23 12:32:53", "elapsed": 255.178876, "delta": 1.161304}}
{"target": -4.351143259802748, "params": {"C": 61.25153657708887, "epsilon": 0.3481613812532045, "gamma": 0.6950691565625788, "lamda": 0.967747969759785}, "datetime": {"datetime": "2021-09-23 12:32:55", "elapsed": 256.788537, "delta": 1.609661}}
{"target": -3.427034823970506, "params": {"C": 84.88040270094304, "epsilon": 0.8543961547367269, "gamma": 0.25373194647881125, "lamda": 0.7847901364671647}, "datetime": {"datetime": "2021-09-23 12:32:56", "elapsed": 257.909537, "delta": 1.121}}
{"target": -3.4327142947558205, "params": {"C": 70.84378863700088, "epsilon": 0.42551771856120674, "gamma": 0.001, "lamda": 0.1663314582640733}, "datetime": {"datetime": "2021-09-23 12:32:58", "elapsed": 260.346755, "delta": 2.437218}}
{"target": -3.438723781348162, "params": {"C": 71.86980660581342, "epsilon": 0.4685539180743245, "gamma": 0.001, "lamda": 0.1682786391820148}, "datetime": {"datetime": "2021-09-23 12:33:00", "elapsed": 262.228225, "delta": 1.88147}}
{"target": -4.696086812433958, "params": {"C": 14.951928438605954, "epsilon": 0.5765110373475307, "gamma": 0.917539356823965, "lamda": 0.11933027582000558}, "datetime": {"datetime": "2021-09-23 12:33:02", "elapsed": 263.724697, "delta": 1.496472}}
{"target": -2.6420808041720383, "params": {"C": 89.96522382411153, "epsilon": 0.6071729726541681, "gamma": 0.17769273391181434, "lamda": 0.23261455850771193}, "datetime": {"datetime": "2021-09-23 12:33:03", "elapsed": 264.838059, "delta": 1.113362}}
{"target": -2.482170795076878, "params": {"C": 70.33938979960068, "epsilon": 0.32415925433681697, "gamma": 0.1499998846401145, "lamda": 0.31122496820947154}, "datetime": {"datetime": "2021-09-23 12:33:05", "elapsed": 266.650446, "delta": 1.812387}}
{"target": -3.5438735211274137, "params": {"C": 50.13688485101781, "epsilon": 0.6831159251236066, "gamma": 0.001, "lamda": 0.17072420730151314}, "datetime": {"datetime": "2021-09-23 12:33:07", "elapsed": 269.302185, "delta": 2.651739}}
{"target": -2.430511512783242, "params": {"C": 71.83287241369496, "epsilon": 0.09891955344955516, "gamma": 0.16594273944865423, "lamda": 0.001}, "datetime": {"datetime": "2021-09-23 12:33:10", "elapsed": 272.185938, "delta": 2.883753}}
{"target": -2.4260426199330074, "params": {"C": 49.28897494148909, "epsilon": 0.6272423702279644, "gamma": 0.11936536249573158, "lamda": 0.2747925957697792}, "datetime": {"datetime": "2021-09-23 12:33:13", "elapsed": 274.657167, "delta": 2.471229}}
{"target": -2.2955846381292506, "params": {"C": 49.024810644420704, "epsilon": 0.3680066997420644, "gamma": 0.014188227892949257, "lamda": 0.03803601688182247}, "datetime": {"datetime": "2021-09-23 12:33:15", "elapsed": 277.00127, "delta": 2.344103}}
{"target": -2.21137987502802, "params": {"C": 48.42647708231739, "epsilon": 0.9794749335283546, "gamma": 0.0881552111331964, "lamda": 0.11955719139649403}, "datetime": {"datetime": "2021-09-23 12:33:18", "elapsed": 280.057395, "delta": 3.056125}}
{"target": -4.037028897946558, "params": {"C": 23.617466807807393, "epsilon": 0.762922852961781, "gamma": 0.42373668079412985, "lamda": 0.974259050137411}, "datetime": {"datetime": "2021-09-23 12:33:19", "elapsed": 281.365304, "delta": 1.307909}}
{"target": -2.195415603761225, "params": {"C": 72.21695600398085, "epsilon": 0.29461377314023196, "gamma": 0.0709364265248233, "lamda": 0.4291601019536428}, "datetime": {"datetime": "2021-09-23 12:33:21", "elapsed": 283.136027, "delta": 1.770723}}
{"target": -2.765615908621074, "params": {"C": 48.58114955880258, "epsilon": 0.8634110002723582, "gamma": 0.005072768225373147, "lamda": 0.20922163097595292}, "datetime": {"datetime": "2021-09-23 12:33:23", "elapsed": 285.193214, "delta": 2.057187}}
{"target": -2.048654067628965, "params": {"C": 72.3710337346307, "epsilon": 0.031016014716918974, "gamma": 0.07130715039407748, "lamda": 0.5137886221773731}, "datetime": {"datetime": "2021-09-23 12:33:26", "elapsed": 287.724789, "delta": 2.531575}}
{"target": -2.4686587809573037, "params": {"C": 71.12823674440718, "epsilon": 0.12459695011047156, "gamma": 0.16389317257589647, "lamda": 0.30573158926428606}, "datetime": {"datetime": "2021-09-23 12:33:28", "elapsed": 289.972461, "delta": 2.247672}}
{"target": -4.918065861859289, "params": {"C": 45.779402036251724, "epsilon": 0.8811063944752773, "gamma": 0.9543948931334545, "lamda": 0.6655242114755994}, "datetime": {"datetime": "2021-09-23 12:33:29", "elapsed": 291.203461, "delta": 1.231}}
{"target": -2.900284503196592, "params": {"C": 92.7575921794884, "epsilon": 0.7809003280070506, "gamma": 0.2878886949233481, "lamda": 0.001}, "datetime": {"datetime": "2021-09-23 12:33:32", "elapsed": 293.624448, "delta": 2.420987}}
{"target": -3.3579333236427917, "params": {"C": 92.43629676173148, "epsilon": 0.33401673848156543, "gamma": 0.3830099083312635, "lamda": 0.5256495038544011}, "datetime": {"datetime": "2021-09-23 12:33:33", "elapsed": 295.03757, "delta": 1.413122}}
{"target": -2.816276575961973, "params": {"C": 62.032063053793685, "epsilon": 0.9029758496113561, "gamma": 0.2743846095437217, "lamda": 0.005612185818643694}, "datetime": {"datetime": "2021-09-23 12:33:35", "elapsed": 297.110887, "delta": 2.073317}}
{"target": -3.585810055548001, "params": {"C": 62.556574380462216, "epsilon": 0.7713128169347315, "gamma": 0.38413805585367206, "lamda": 0.5113134245774554}, "datetime": {"datetime": "2021-09-23 12:33:36", "elapsed": 298.290886, "delta": 1.179999}}
{"target": -3.6230235119229484, "params": {"C": 28.345712445471932, "epsilon": 0.9167760630725265, "gamma": 0.001, "lamda": 0.0025052818373082018}, "datetime": {"datetime": "2021-09-23 12:33:40", "elapsed": 302.185701, "delta": 3.894815}}
{"target": -2.8880142741756445, "params": {"C": 33.01376182370542, "epsilon": 0.13080834631528587, "gamma": 0.3046876244953596, "lamda": 0.2576181639653659}, "datetime": {"datetime": "2021-09-23 12:33:42", "elapsed": 303.781283, "delta": 1.595582}}
{"target": -2.686849826711758, "params": {"C": 72.0723441984547, "epsilon": 0.5263024658585133, "gamma": 0.1211439797105203, "lamda": 0.6613835188051863}, "datetime": {"datetime": "2021-09-23 12:33:44", "elapsed": 305.899829, "delta": 2.118546}}
{"target": -3.167508320199565, "params": {"C": 49.53473582058075, "epsilon": 0.15609458477562688, "gamma": 0.3028089160218642, "lamda": 0.9738016918789509}, "datetime": {"datetime": "2021-09-23 12:33:47", "elapsed": 308.684615, "delta": 2.784786}}
{"target": -4.397867209487772, "params": {"C": 69.68112629137936, "epsilon": 0.05842735327378208, "gamma": 0.9039439646510998, "lamda": 0.6394614470752161}, "datetime": {"datetime": "2021-09-23 12:33:48", "elapsed": 309.965311, "delta": 1.280696}}
{"target": -3.222979257663859, "params": {"C": 28.038228539711675, "epsilon": 0.8295186870791607, "gamma": 0.4294501316241455, "lamda": 0.00676933499418025}, "datetime": {"datetime": "2021-09-23 12:33:51", "elapsed": 312.881442, "delta": 2.916131}}
{"target": -2.278376842174902, "params": {"C": 71.0469406677084, "epsilon": 0.030050571719004784, "gamma": 0.12372381032853026, "lamda": 0.039666690982257044}, "datetime": {"datetime": "2021-09-23 12:33:54", "elapsed": 315.838977, "delta": 2.957535}}
{"target": -3.0246733757467217, "params": {"C": 49.06796048283758, "epsilon": 0.6994021481816839, "gamma": 0.1700842337903649, "lamda": 0.7442124831407815}, "datetime": {"datetime": "2021-09-23 12:33:57", "elapsed": 318.724146, "delta": 2.885169}}
{"target": -2.3262624458946113, "params": {"C": 51.163746302091816, "epsilon": 0.03681704803811652, "gamma": 0.016810306224908002, "lamda": 0.4925586097735413}, "datetime": {"datetime": "2021-09-23 12:33:59", "elapsed": 320.549777, "delta": 1.825631}}
{"target": -4.833454625427915, "params": {"C": 83.26786187050308, "epsilon": 0.43368844799135303, "gamma": 0.9875772224009256, "lamda": 0.8528349227318847}, "datetime": {"datetime": "2021-09-23 12:34:00", "elapsed": 321.626304, "delta": 1.076527}}
{"target": -2.0147529392777046, "params": {"C": 70.92926030113874, "epsilon": 0.17367005989966303, "gamma": 0.07128722060686268, "lamda": 0.09438045466089053}, "datetime": {"datetime": "2021-09-23 12:34:01", "elapsed": 323.027287, "delta": 1.400983}}
{"target": -2.20228120848388, "params": {"C": 71.30618091908684, "epsilon": 0.29754024029629017, "gamma": 0.06991735441017753, "lamda": 0.4437903034168196}, "datetime": {"datetime": "2021-09-23 12:34:03", "elapsed": 324.648537, "delta": 1.62125}}
{"target": -2.7099556784493712, "params": {"C": 48.89619693861949, "epsilon": 0.2209414760812748, "gamma": 0.1532070333088138, "lamda": 0.9520289780456952}, "datetime": {"datetime": "2021-09-23 12:34:04", "elapsed": 326.236349, "delta": 1.587812}}
{"target": -2.8215859722666905, "params": {"C": 71.25160575977043, "epsilon": 0.6014832969249798, "gamma": 0.010334188660143188, "lamda": 0.9047474591384662}, "datetime": {"datetime": "2021-09-23 12:34:06", "elapsed": 328.302028, "delta": 2.065679}}
