{"target": 0.9171378426968123, "params": {"C": 805.41141178535, "epsilon": 0.2330673643688511, "gamma": 0.06577436075360354, "lamda": 0.11712963336696958}, "datetime": {"datetime": "2021-09-23 11:31:32", "elapsed": 61.10224, "delta": 0.509994}}
{"target": 0.9121926085024696, "params": {"C": 949.5719203433002, "epsilon": 0.313191104832114, "gamma": 0.08881566840710757, "lamda": 0.1581505837030887}, "datetime": {"datetime": "2021-09-23 11:31:33", "elapsed": 61.785788, "delta": 0.683548}}
{"target": 0.9176705233597167, "params": {"C": 991.5413495243595, "epsilon": 0.31546564103167385, "gamma": 0.06417032708484259, "lamda": 0.07453037259205966}, "datetime": {"datetime": "2021-09-23 11:31:33", "elapsed": 62.356049, "delta": 0.570261}}
{"target": 0.9147452564524474, "params": {"C": 871.6579460051239, "epsilon": 0.14027074128264144, "gamma": 0.08557766949417162, "lamda": 0.11556454533655063}, "datetime": {"datetime": "2021-09-23 11:31:34", "elapsed": 62.935713, "delta": 0.579664}}
{"target": 0.917475508320044, "params": {"C": 870.2933578424612, "epsilon": 0.33445788054554815, "gamma": 0.05738853750310459, "lamda": 0.060892797329642326}, "datetime": {"datetime": "2021-09-23 11:31:35", "elapsed": 63.592754, "delta": 0.657041}}
{"target": 0.907452466443949, "params": {"C": 835.109951313533, "epsilon": 0.1918368526281718, "gamma": 0.09835716439865078, "lamda": 0.0597327421308379}, "datetime": {"datetime": "2021-09-23 11:31:35", "elapsed": 64.210355, "delta": 0.617601}}
{"target": 0.9182308261756782, "params": {"C": 980.6042191087058, "epsilon": 0.2900885349690375, "gamma": 0.06666421385682506, "lamda": 0.0653388481937165}, "datetime": {"datetime": "2021-09-23 11:31:36", "elapsed": 64.948391, "delta": 0.738036}}
{"target": 0.9137362658508479, "params": {"C": 980.6808972941141, "epsilon": 0.29539970997715503, "gamma": 0.08955102941173107, "lamda": 0.12700576011871378}, "datetime": {"datetime": "2021-09-23 11:31:37", "elapsed": 65.603857, "delta": 0.655466}}
{"target": 0.9120463394469617, "params": {"C": 892.1176889186679, "epsilon": 0.2475558370268052, "gamma": 0.09424597847415114, "lamda": 0.06662604131517516}, "datetime": {"datetime": "2021-09-23 11:31:37", "elapsed": 66.168233, "delta": 0.564376}}
{"target": 0.915043012570951, "params": {"C": 969.4237781233384, "epsilon": 0.13742446476032155, "gamma": 0.08071739021618665, "lamda": 0.09715968539358139}, "datetime": {"datetime": "2021-09-23 11:31:38", "elapsed": 66.722539, "delta": 0.554306}}
{"target": 0.9177363517703938, "params": {"C": 831.017887544633, "epsilon": 0.15624521954062542, "gamma": 0.053679596535194996, "lamda": 0.10117976161249373}, "datetime": {"datetime": "2021-09-23 11:31:38", "elapsed": 67.302903, "delta": 0.580364}}
{"target": 0.9118592303078814, "params": {"C": 884.3916447176683, "epsilon": 0.11526345402866567, "gamma": 0.09500373723158076, "lamda": 0.1407568376942191}, "datetime": {"datetime": "2021-09-23 11:31:39", "elapsed": 68.000894, "delta": 0.697991}}
{"target": 0.9107514803533029, "params": {"C": 931.2165320867298, "epsilon": 0.09759835325370489, "gamma": 0.09084784602400948, "lamda": 0.1207312274127015}, "datetime": {"datetime": "2021-09-23 11:31:40", "elapsed": 68.586149, "delta": 0.585255}}
{"target": 0.9148526974224612, "params": {"C": 855.1120904111095, "epsilon": 0.20766978422702756, "gamma": 0.05199765754797854, "lamda": 0.12591898555617997}, "datetime": {"datetime": "2021-09-23 11:31:40", "elapsed": 69.297389, "delta": 0.71124}}
{"target": 0.9181243690598777, "params": {"C": 805.5833302778248, "epsilon": 0.17011317348908428, "gamma": 0.06653397387293757, "lamda": 0.1266656639868368}, "datetime": {"datetime": "2021-09-23 11:31:41", "elapsed": 70.112389, "delta": 0.815}}
{"target": 0.9170302593532185, "params": {"C": 805.4396668632123, "epsilon": 0.09077023292677268, "gamma": 0.06683375752841896, "lamda": 0.11412520936807427}, "datetime": {"datetime": "2021-09-23 11:31:42", "elapsed": 70.909552, "delta": 0.797163}}
{"target": 0.914096213020855, "params": {"C": 884.5517674443561, "epsilon": 0.26149372268999493, "gamma": 0.08115071641346014, "lamda": 0.1642464307022908}, "datetime": {"datetime": "2021-09-23 11:31:43", "elapsed": 71.729557, "delta": 0.820005}}
{"target": 0.9163797533929988, "params": {"C": 861.2154292998796, "epsilon": 0.19799283728947706, "gamma": 0.0744822770256246, "lamda": 0.15856074403815673}, "datetime": {"datetime": "2021-09-23 11:31:43", "elapsed": 72.297516, "delta": 0.567959}}
{"target": 0.9165790668347529, "params": {"C": 907.1096466498016, "epsilon": 0.190199634482099, "gamma": 0.056615197052301634, "lamda": 0.12826793147702287}, "datetime": {"datetime": "2021-09-23 11:31:44", "elapsed": 72.890518, "delta": 0.593002}}
{"target": 0.9181225191472472, "params": {"C": 884.6121364561627, "epsilon": 0.10273348879376945, "gamma": 0.07030312180979921, "lamda": 0.16102483927165598}, "datetime": {"datetime": "2021-09-23 11:31:45", "elapsed": 73.689639, "delta": 0.799121}}
{"target": 0.916523372004273, "params": {"C": 844.4379764807485, "epsilon": 0.2916472924040877, "gamma": 0.07647793348967617, "lamda": 0.05215315139447145}, "datetime": {"datetime": "2021-09-23 11:31:45", "elapsed": 74.337654, "delta": 0.648015}}
{"target": 0.9157474414043093, "params": {"C": 881.0315951490924, "epsilon": 0.3391132370436084, "gamma": 0.08337043785991793, "lamda": 0.057738568989269115}, "datetime": {"datetime": "2021-09-23 11:31:46", "elapsed": 74.982413, "delta": 0.644759}}
{"target": 0.9184144213652998, "params": {"C": 884.5921327365347, "epsilon": 0.08593647925685126, "gamma": 0.057676066297995515, "lamda": 0.14827251155951565}, "datetime": {"datetime": "2021-09-23 11:31:47", "elapsed": 75.652446, "delta": 0.670033}}
{"target": 0.9122730172445805, "params": {"C": 893.1334770582354, "epsilon": 0.3096838692922557, "gamma": 0.09473408758077918, "lamda": 0.1336223411046759}, "datetime": {"datetime": "2021-09-23 11:31:48", "elapsed": 76.585456, "delta": 0.93301}}
{"target": 0.9173471292833772, "params": {"C": 830.7755611805615, "epsilon": 0.20885519414741832, "gamma": 0.07504127168712336, "lamda": 0.115815233535615}, "datetime": {"datetime": "2021-09-23 11:31:49", "elapsed": 77.540474, "delta": 0.955018}}
{"target": 0.9117463711686024, "params": {"C": 855.3268854381812, "epsilon": 0.08932803579733133, "gamma": 0.09179672591803778, "lamda": 0.1512482062245627}, "datetime": {"datetime": "2021-09-23 11:31:50", "elapsed": 78.501884, "delta": 0.96141}}
{"target": 0.912664376390444, "params": {"C": 830.8774325771486, "epsilon": 0.07326112665977744, "gamma": 0.07985083342971608, "lamda": 0.13325038357031588}, "datetime": {"datetime": "2021-09-23 11:31:50", "elapsed": 79.345664, "delta": 0.84378}}
{"target": 0.9164092401016906, "params": {"C": 805.4228372202857, "epsilon": 0.24815639908916232, "gamma": 0.06295321605344192, "lamda": 0.12073728661771949}, "datetime": {"datetime": "2021-09-23 11:31:51", "elapsed": 80.0536, "delta": 0.707936}}
{"target": 0.9159918688284341, "params": {"C": 830.9206964595038, "epsilon": 0.3284837842787119, "gamma": 0.05, "lamda": 0.057835172807264336}, "datetime": {"datetime": "2021-09-23 11:31:52", "elapsed": 81.120597, "delta": 1.066997}}
{"target": 0.9180632383711613, "params": {"C": 892.3518060811856, "epsilon": 0.15437196790940394, "gamma": 0.06902978872841001, "lamda": 0.13957347292204406}, "datetime": {"datetime": "2021-09-23 11:31:53", "elapsed": 82.100621, "delta": 0.980024}}
{"target": 0.9177296259123014, "params": {"C": 830.9292343942676, "epsilon": 0.3268569971427145, "gamma": 0.05552649950744357, "lamda": 0.049936423812463285}, "datetime": {"datetime": "2021-09-23 11:31:54", "elapsed": 82.756627, "delta": 0.656006}}
{"target": 0.917094200557758, "params": {"C": 831.0658467743201, "epsilon": 0.2991307281712474, "gamma": 0.05377649551750994, "lamda": 0.06262848862937195}, "datetime": {"datetime": "2021-09-23 11:31:55", "elapsed": 83.645626, "delta": 0.888999}}
{"target": 0.9119010106992658, "params": {"C": 830.648713041646, "epsilon": 0.1247740911500424, "gamma": 0.05014906130754548, "lamda": 0.04913970692156987}, "datetime": {"datetime": "2021-09-23 11:31:56", "elapsed": 84.587618, "delta": 0.941992}}
{"target": 0.9180163889891885, "params": {"C": 958.9963453693811, "epsilon": 0.13110635180720298, "gamma": 0.0681176747651895, "lamda": 0.16873920077063093}, "datetime": {"datetime": "2021-09-23 11:31:56", "elapsed": 85.254625, "delta": 0.667007}}
{"target": 0.9168330232490377, "params": {"C": 791.6619657047441, "epsilon": 0.33552629348604907, "gamma": 0.06877582811550767, "lamda": 0.08811936833944549}, "datetime": {"datetime": "2021-09-23 11:31:57", "elapsed": 85.922619, "delta": 0.667994}}
{"target": 0.9180304337010831, "params": {"C": 843.8598235670137, "epsilon": 0.2988450336538654, "gamma": 0.05779430620828606, "lamda": 0.045592022590554684}, "datetime": {"datetime": "2021-09-23 11:31:58", "elapsed": 86.663627, "delta": 0.741008}}
{"target": 0.9156544457383531, "params": {"C": 885.3918977702383, "epsilon": 0.31771297845005886, "gamma": 0.05828769455861131, "lamda": 0.09478231005898981}, "datetime": {"datetime": "2021-09-23 11:31:59", "elapsed": 87.583656, "delta": 0.920029}}
{"target": 0.9143815096615742, "params": {"C": 838.4566044422554, "epsilon": 0.2519351839899737, "gamma": 0.0907012867682809, "lamda": 0.10482191888948683}, "datetime": {"datetime": "2021-09-23 11:31:59", "elapsed": 88.36262, "delta": 0.778964}}
{"target": 0.9170926735164009, "params": {"C": 913.0024661308325, "epsilon": 0.21272432417171194, "gamma": 0.07812482116145653, "lamda": 0.10302815703607959}, "datetime": {"datetime": "2021-09-23 11:32:00", "elapsed": 89.036619, "delta": 0.673999}}
{"target": 0.9117779977062878, "params": {"C": 980.468668233291, "epsilon": 0.33972542259887095, "gamma": 0.09549597862154413, "lamda": 0.051056526783119074}, "datetime": {"datetime": "2021-09-23 11:32:01", "elapsed": 90.034618, "delta": 0.997999}}
{"target": 0.917263019397363, "params": {"C": 885.5574289548455, "epsilon": 0.17645931025102737, "gamma": 0.07260875152658208, "lamda": 0.15069779754542506}, "datetime": {"datetime": "2021-09-23 11:32:02", "elapsed": 90.947622, "delta": 0.913004}}
{"target": 0.8992879519004532, "params": {"C": 885.45006278365, "epsilon": 0.15395985350624716, "gamma": 0.1, "lamda": 0.045}, "datetime": {"datetime": "2021-09-23 11:32:03", "elapsed": 92.082655, "delta": 1.135033}}
{"target": 0.9158892639600527, "params": {"C": 885.6809640240399, "epsilon": 0.1919027956661291, "gamma": 0.08021671326980981, "lamda": 0.16364386995058014}, "datetime": {"datetime": "2021-09-23 11:32:04", "elapsed": 93.015646, "delta": 0.932991}}
{"target": 0.9154635696381659, "params": {"C": 805.7165755290105, "epsilon": 0.25508798225597734, "gamma": 0.05981335387042222, "lamda": 0.126099701703704}, "datetime": {"datetime": "2021-09-23 11:32:05", "elapsed": 94.047649, "delta": 1.032003}}
{"target": 0.9115895939350841, "params": {"C": 885.5475577735334, "epsilon": 0.32435713010779166, "gamma": 0.09509218069035265, "lamda": 0.14326795750911359}, "datetime": {"datetime": "2021-09-23 11:32:06", "elapsed": 95.177648, "delta": 1.129999}}
{"target": 0.9152263139124678, "params": {"C": 844.5005762029444, "epsilon": 0.32362765112282904, "gamma": 0.06325265415642368, "lamda": 0.11163832180339915}, "datetime": {"datetime": "2021-09-23 11:32:07", "elapsed": 95.99465, "delta": 0.817002}}
{"target": 0.9135671053971715, "params": {"C": 830.9325110694476, "epsilon": 0.22346549781739314, "gamma": 0.08983929317278444, "lamda": 0.07511750096808}, "datetime": {"datetime": "2021-09-23 11:32:08", "elapsed": 97.100646, "delta": 1.105996}}
{"target": 0.9114786535795497, "params": {"C": 831.165880272457, "epsilon": 0.15917109748739622, "gamma": 0.09994241461171913, "lamda": 0.13418188244272147}, "datetime": {"datetime": "2021-09-23 11:32:09", "elapsed": 98.09265, "delta": 0.992004}}
{"target": 0.9147352744953935, "params": {"C": 913.0659169428739, "epsilon": 0.2128311260596639, "gamma": 0.07587280923267334, "lamda": 0.05204540324647988}, "datetime": {"datetime": "2021-09-23 11:32:10", "elapsed": 98.889651, "delta": 0.797001}}
{"target": 0.9128203368497325, "params": {"C": 892.2867908627288, "epsilon": 0.07363996749665006, "gamma": 0.06386692927037571, "lamda": 0.08116120064850131}, "datetime": {"datetime": "2021-09-23 11:32:11", "elapsed": 99.826655, "delta": 0.937004}}
{"target": 0.9157361733648819, "params": {"C": 999.935057216858, "epsilon": 0.3236769189731661, "gamma": 0.08474656181167926, "lamda": 0.07836113936623675}, "datetime": {"datetime": "2021-09-23 11:32:12", "elapsed": 100.67665, "delta": 0.849995}}
{"target": 0.9026675689834267, "params": {"C": 805.550449290552, "epsilon": 0.08142138263000342, "gamma": 0.07706504505317838, "lamda": 0.04696818517634291}, "datetime": {"datetime": "2021-09-23 11:32:13", "elapsed": 101.956549, "delta": 1.279899}}
{"target": 0.9105279724525986, "params": {"C": 861.4207513829638, "epsilon": 0.11174812423367438, "gamma": 0.08686578385998009, "lamda": 0.09137109877983397}, "datetime": {"datetime": "2021-09-23 11:32:14", "elapsed": 102.872554, "delta": 0.916005}}
{"target": 0.9115003282259876, "params": {"C": 892.2588063004258, "epsilon": 0.20936434364904516, "gamma": 0.05, "lamda": 0.17}, "datetime": {"datetime": "2021-09-23 11:32:15", "elapsed": 104.032402, "delta": 1.159848}}
{"target": 0.9126990795399694, "params": {"C": 884.5636384699285, "epsilon": 0.1645696921260963, "gamma": 0.09408186567589533, "lamda": 0.11031794534603732}, "datetime": {"datetime": "2021-09-23 11:32:16", "elapsed": 105.141401, "delta": 1.108999}}
{"target": 0.9127613442787783, "params": {"C": 892.4528870484125, "epsilon": 0.142793184435456, "gamma": 0.09604894173310591, "lamda": 0.15612920900804741}, "datetime": {"datetime": "2021-09-23 11:32:17", "elapsed": 106.203082, "delta": 1.061681}}
{"target": 0.9165717181465906, "params": {"C": 884.3995934388724, "epsilon": 0.3061529098754107, "gamma": 0.07155388155852868, "lamda": 0.1019197892483202}, "datetime": {"datetime": "2021-09-23 11:32:18", "elapsed": 106.886916, "delta": 0.683834}}
{"target": 0.9181979242181043, "params": {"C": 885.6278753231159, "epsilon": 0.22363891045223905, "gamma": 0.06681409142091704, "lamda": 0.06885629139969084}, "datetime": {"datetime": "2021-09-23 11:32:19", "elapsed": 107.904283, "delta": 1.017367}}
{"target": 0.9164191994554354, "params": {"C": 855.1161706154708, "epsilon": 0.2160774984877221, "gamma": 0.05828682827354933, "lamda": 0.12306784408002386}, "datetime": {"datetime": "2021-09-23 11:32:20", "elapsed": 108.715289, "delta": 0.811006}}
{"target": 0.9160051017246824, "params": {"C": 855.1946499619534, "epsilon": 0.3087131236381716, "gamma": 0.08355296136989805, "lamda": 0.0800468365332876}, "datetime": {"datetime": "2021-09-23 11:32:21", "elapsed": 109.681344, "delta": 0.966055}}
{"target": 0.9159076574652419, "params": {"C": 855.2451015455629, "epsilon": 0.19479308015780689, "gamma": 0.08167499747606757, "lamda": 0.15372207745376698}, "datetime": {"datetime": "2021-09-23 11:32:22", "elapsed": 110.636954, "delta": 0.95561}}
{"target": 0.9184181184480833, "params": {"C": 919.8964698810618, "epsilon": 0.16446047573176786, "gamma": 0.06362056568069865, "lamda": 0.11274288583262529}, "datetime": {"datetime": "2021-09-23 11:32:23", "elapsed": 111.544053, "delta": 0.907099}}
{"target": 0.9123523237977488, "params": {"C": 855.1694371405608, "epsilon": 0.17481420477429996, "gamma": 0.08869637957058554, "lamda": 0.07507363635725571}, "datetime": {"datetime": "2021-09-23 11:32:24", "elapsed": 112.690316, "delta": 1.146263}}
{"target": 0.9152468061038131, "params": {"C": 868.6135981506608, "epsilon": 0.15633083532536157, "gamma": 0.07791190197171274, "lamda": 0.0793127593113608}, "datetime": {"datetime": "2021-09-23 11:32:25", "elapsed": 113.625775, "delta": 0.935459}}
{"target": 0.9131103285733618, "params": {"C": 855.0871449423275, "epsilon": 0.3321805784208872, "gamma": 0.09429841035244102, "lamda": 0.0653996805787405}, "datetime": {"datetime": "2021-09-23 11:32:26", "elapsed": 114.803555, "delta": 1.17778}}
{"target": 0.9123140532334226, "params": {"C": 805.6133983260727, "epsilon": 0.25780776272261796, "gamma": 0.09722146720455338, "lamda": 0.13761823190119393}, "datetime": {"datetime": "2021-09-23 11:32:27", "elapsed": 115.920173, "delta": 1.116618}}
{"target": 0.9173202330944461, "params": {"C": 805.470719574133, "epsilon": 0.18165389859555442, "gamma": 0.06297488208791092, "lamda": 0.13927987128679886}, "datetime": {"datetime": "2021-09-23 11:32:28", "elapsed": 117.36879, "delta": 1.448617}}
{"target": 0.9146902265277056, "params": {"C": 830.6874137017406, "epsilon": 0.28794406798620586, "gamma": 0.08599866623362808, "lamda": 0.12087094466839732}, "datetime": {"datetime": "2021-09-23 11:32:30", "elapsed": 118.655885, "delta": 1.287095}}
{"target": 0.9107280292136022, "params": {"C": 855.1534925518459, "epsilon": 0.26798516842638037, "gamma": 0.1, "lamda": 0.17}, "datetime": {"datetime": "2021-09-23 11:32:31", "elapsed": 120.226383, "delta": 1.570498}}
{"target": 0.9177782249298386, "params": {"C": 923.8396794144596, "epsilon": 0.11336361686994238, "gamma": 0.07358391813239087, "lamda": 0.16114582152457801}, "datetime": {"datetime": "2021-09-23 11:32:32", "elapsed": 121.076056, "delta": 0.849673}}
{"target": 0.9178706503747471, "params": {"C": 805.7620241126489, "epsilon": 0.1514137820420312, "gamma": 0.07049345463367607, "lamda": 0.10008494203088404}, "datetime": {"datetime": "2021-09-23 11:32:33", "elapsed": 122.005343, "delta": 0.929287}}
{"target": 0.9161288149665702, "params": {"C": 885.6627182811169, "epsilon": 0.3119604570059826, "gamma": 0.05455011656099169, "lamda": 0.07741297313634612}, "datetime": {"datetime": "2021-09-23 11:32:34", "elapsed": 122.807785, "delta": 0.802442}}
{"target": 0.909898940452621, "params": {"C": 785.7257121128999, "epsilon": 0.10010417583410251, "gamma": 0.08872597900291256, "lamda": 0.10235681815438473}, "datetime": {"datetime": "2021-09-23 11:32:35", "elapsed": 123.571553, "delta": 0.763768}}
{"target": 0.9172472646044249, "params": {"C": 855.1814652960227, "epsilon": 0.29464382584776705, "gamma": 0.0758120192595063, "lamda": 0.08117766358271347}, "datetime": {"datetime": "2021-09-23 11:32:35", "elapsed": 124.358809, "delta": 0.787256}}
{"target": 0.917187211722397, "params": {"C": 805.338355892813, "epsilon": 0.11653790134182299, "gamma": 0.07485340772307132, "lamda": 0.13033957939663288}, "datetime": {"datetime": "2021-09-23 11:32:37", "elapsed": 126.180197, "delta": 1.821388}}
{"target": 0.9131265592348691, "params": {"C": 800.7013202901196, "epsilon": 0.3168529398681615, "gamma": 0.09531814664678613, "lamda": 0.08552150119932822}, "datetime": {"datetime": "2021-09-23 11:32:39", "elapsed": 127.600274, "delta": 1.420077}}
{"target": 0.9157034671529963, "params": {"C": 891.1776662901411, "epsilon": 0.28488439516876696, "gamma": 0.05113380285369337, "lamda": 0.07660070326377104}, "datetime": {"datetime": "2021-09-23 11:32:40", "elapsed": 128.924897, "delta": 1.324623}}
{"target": 0.9106409263642365, "params": {"C": 919.841412499829, "epsilon": 0.24547285789286863, "gamma": 0.09836330468484626, "lamda": 0.06672302016534917}, "datetime": {"datetime": "2021-09-23 11:32:41", "elapsed": 130.02612, "delta": 1.101223}}
{"target": 0.9177208720699008, "params": {"C": 919.8614250184442, "epsilon": 0.10268639704691333, "gamma": 0.07292681176099566, "lamda": 0.15597414459116604}, "datetime": {"datetime": "2021-09-23 11:32:42", "elapsed": 131.287085, "delta": 1.260965}}
{"target": 0.9167935285845795, "params": {"C": 953.1807211800788, "epsilon": 0.3073032482446001, "gamma": 0.07793852805525912, "lamda": 0.08538837142447742}, "datetime": {"datetime": "2021-09-23 11:32:43", "elapsed": 132.299959, "delta": 1.012874}}
{"target": 0.9155202920726493, "params": {"C": 916.9095850866788, "epsilon": 0.21628538975535, "gamma": 0.07752903080272007, "lamda": 0.05975835931319917}, "datetime": {"datetime": "2021-09-23 11:32:44", "elapsed": 133.210958, "delta": 0.910999}}
{"target": 0.9139357437008173, "params": {"C": 805.6775761828106, "epsilon": 0.15503946461614912, "gamma": 0.05, "lamda": 0.17}, "datetime": {"datetime": "2021-09-23 11:32:46", "elapsed": 134.534108, "delta": 1.32315}}
{"target": 0.9172843525151132, "params": {"C": 844.8790345062528, "epsilon": 0.3305149715774019, "gamma": 0.0759083538182782, "lamda": 0.06637866101906623}, "datetime": {"datetime": "2021-09-23 11:32:47", "elapsed": 135.505853, "delta": 0.971745}}
{"target": 0.9158593618339345, "params": {"C": 858.5466995901825, "epsilon": 0.31673078112099534, "gamma": 0.08289173148257216, "lamda": 0.0610417173830682}, "datetime": {"datetime": "2021-09-23 11:32:47", "elapsed": 136.41828, "delta": 0.912427}}
{"target": 0.9118814304382481, "params": {"C": 858.5767534636751, "epsilon": 0.2993640573703584, "gamma": 0.05247538013211733, "lamda": 0.12854174216383432}, "datetime": {"datetime": "2021-09-23 11:32:49", "elapsed": 137.875011, "delta": 1.456731}}
{"target": 0.9168075062764032, "params": {"C": 805.3682714324314, "epsilon": 0.16529582427075296, "gamma": 0.06777771943438402, "lamda": 0.06372205341601504}, "datetime": {"datetime": "2021-09-23 11:32:50", "elapsed": 139.077015, "delta": 1.202004}}
{"target": 0.9124354403087217, "params": {"C": 919.8772938820524, "epsilon": 0.08814107267893868, "gamma": 0.051950235275687984, "lamda": 0.06609157752295054}, "datetime": {"datetime": "2021-09-23 11:32:51", "elapsed": 140.257656, "delta": 1.180641}}
{"target": 0.9124001011366069, "params": {"C": 892.1039084468281, "epsilon": 0.11677253366003143, "gamma": 0.09559573974245882, "lamda": 0.16177008653079253}, "datetime": {"datetime": "2021-09-23 11:32:52", "elapsed": 141.37266, "delta": 1.115004}}
{"target": 0.8945313999421074, "params": {"C": 840.5805499698337, "epsilon": 0.0916546645589095, "gamma": 0.09931953721485268, "lamda": 0.05644035393879848}, "datetime": {"datetime": "2021-09-23 11:32:53", "elapsed": 142.277659, "delta": 0.904999}}
