{"target": -2.285803458727357, "params": {"C": 126.48523354885111, "epsilon": 0.1581322639901066, "gamma": 0.14931688606743135, "lamda": 0.4691670311950838}, "datetime": {"datetime": "2021-09-23 12:44:41", "elapsed": 30.420485, "delta": 0.746996}}
{"target": -2.2757143051492847, "params": {"C": 134.46723038081055, "epsilon": 0.7151348919531788, "gamma": 0.12358977982911049, "lamda": 0.17777051024706905}, "datetime": {"datetime": "2021-09-23 12:44:42", "elapsed": 30.925526, "delta": 0.505041}}
{"target": -2.3085509509287596, "params": {"C": 69.79419310773088, "epsilon": 0.001, "gamma": 0.15, "lamda": 0.01}, "datetime": {"datetime": "2021-09-23 12:44:43", "elapsed": 31.897522, "delta": 0.971996}}
{"target": -2.1115441877760364, "params": {"C": 60.783995593632646, "epsilon": 0.22168132914237512, "gamma": 0.10005446973015739, "lamda": 0.3190828872933787}, "datetime": {"datetime": "2021-09-23 12:44:43", "elapsed": 32.290529, "delta": 0.393007}}
{"target": -2.0917686516380853, "params": {"C": 102.68461193726897, "epsilon": 0.007076922952212957, "gamma": 0.07425323007247425, "lamda": 0.07880532458291306}, "datetime": {"datetime": "2021-09-23 12:44:44", "elapsed": 33.334616, "delta": 1.044087}}
{"target": -2.179783144149769, "params": {"C": 70.66425496440337, "epsilon": 0.12735116973953997, "gamma": 0.14404778649288355, "lamda": 0.21265452035116908}, "datetime": {"datetime": "2021-09-23 12:44:45", "elapsed": 34.12085, "delta": 0.786234}}
{"target": -2.2976772575301587, "params": {"C": 68.9612419080268, "epsilon": 0.3028793076800026, "gamma": 0.042934851435637286, "lamda": 0.5136648322505206}, "datetime": {"datetime": "2021-09-23 12:44:46", "elapsed": 34.841428, "delta": 0.720578}}
{"target": -2.2516398805282356, "params": {"C": 102.82393826457667, "epsilon": 0.5454465512272568, "gamma": 0.11645734629476279, "lamda": 0.22631269584278188}, "datetime": {"datetime": "2021-09-23 12:44:46", "elapsed": 35.285629, "delta": 0.444201}}
{"target": -2.00168062317254, "params": {"C": 102.46181758799119, "epsilon": 0.471676059585778, "gamma": 0.08113892184674729, "lamda": 0.0762608865487236}, "datetime": {"datetime": "2021-09-23 12:44:47", "elapsed": 36.1808, "delta": 0.895171}}
{"target": -2.060575084552984, "params": {"C": 102.06079927190287, "epsilon": 0.2943328124261331, "gamma": 0.058357136274641556, "lamda": 0.012339358355722673}, "datetime": {"datetime": "2021-09-23 12:44:48", "elapsed": 37.279426, "delta": 1.098626}}
{"target": -2.270613131482288, "params": {"C": 101.95316231839685, "epsilon": 0.3464063493955772, "gamma": 0.05312811275940985, "lamda": 0.4741461918128427}, "datetime": {"datetime": "2021-09-23 12:44:49", "elapsed": 38.046424, "delta": 0.766998}}
{"target": -1.991277189669024, "params": {"C": 102.29696613693773, "epsilon": 0.8596912705606395, "gamma": 0.07216906506095327, "lamda": 0.03440316116275419}, "datetime": {"datetime": "2021-09-23 12:44:50", "elapsed": 39.233864, "delta": 1.18744}}
{"target": -2.093949946197212, "params": {"C": 101.9484784527611, "epsilon": 0.9736004756209278, "gamma": 0.10908674856089448, "lamda": 0.029940021693434342}, "datetime": {"datetime": "2021-09-23 12:44:51", "elapsed": 40.591798, "delta": 1.357934}}
{"target": -2.1796363790995574, "params": {"C": 102.75001208093462, "epsilon": 0.48325671324920266, "gamma": 0.1104544760466758, "lamda": 0.1837318557302771}, "datetime": {"datetime": "2021-09-23 12:44:52", "elapsed": 41.299389, "delta": 0.707591}}
{"target": -2.0282807805637018, "params": {"C": 102.6185734392138, "epsilon": 0.8394216154481855, "gamma": 0.08950310465527431, "lamda": 0.031014378459323984}, "datetime": {"datetime": "2021-09-23 12:44:53", "elapsed": 42.36238, "delta": 1.062991}}
{"target": -2.1638084743058363, "params": {"C": 103.36721892795558, "epsilon": 0.001, "gamma": 0.04, "lamda": 0.01}, "datetime": {"datetime": "2021-09-23 12:44:54", "elapsed": 43.621379, "delta": 1.258999}}
{"target": -2.4960238415753926, "params": {"C": 102.32952829773964, "epsilon": 0.9217081588158615, "gamma": 0.09380511197218458, "lamda": 0.4207731765561737}, "datetime": {"datetime": "2021-09-23 12:44:55", "elapsed": 44.481989, "delta": 0.86061}}
{"target": -1.9948335205042387, "params": {"C": 102.1757104994941, "epsilon": 0.5745420865927908, "gamma": 0.06838030807581497, "lamda": 0.049514883985140014}, "datetime": {"datetime": "2021-09-23 12:44:56", "elapsed": 45.343782, "delta": 0.861793}}
{"target": -2.0215616242279224, "params": {"C": 101.45349866768743, "epsilon": 0.6171839610813181, "gamma": 0.0627452966309196, "lamda": 0.03925175619310061}, "datetime": {"datetime": "2021-09-23 12:44:57", "elapsed": 46.396481, "delta": 1.052699}}
{"target": -2.0458474526080637, "params": {"C": 127.16781506698844, "epsilon": 0.015370771458806855, "gamma": 0.08490785141541643, "lamda": 0.43775694495666834}, "datetime": {"datetime": "2021-09-23 12:44:58", "elapsed": 47.129271, "delta": 0.73279}}
{"target": -2.125078896446085, "params": {"C": 126.92138468956519, "epsilon": 0.1886021907944591, "gamma": 0.07198476236394422, "lamda": 0.4309541133883038}, "datetime": {"datetime": "2021-09-23 12:44:59", "elapsed": 47.724272, "delta": 0.595001}}
{"target": -2.1844382325795864, "params": {"C": 126.35776511266408, "epsilon": 0.39856526165355405, "gamma": 0.12919610025696707, "lamda": 0.14691711583470013}, "datetime": {"datetime": "2021-09-23 12:44:59", "elapsed": 48.257266, "delta": 0.532994}}
{"target": -2.3365895382546897, "params": {"C": 134.5878607111982, "epsilon": 0.23373402703511997, "gamma": 0.1419184425982362, "lamda": 0.5424821872287185}, "datetime": {"datetime": "2021-09-23 12:45:00", "elapsed": 48.873306, "delta": 0.61604}}
{"target": -2.1054201780978348, "params": {"C": 127.41852148372728, "epsilon": 0.040516686070530765, "gamma": 0.04, "lamda": 0.2778553088487695}, "datetime": {"datetime": "2021-09-23 12:45:01", "elapsed": 49.822267, "delta": 0.948961}}
{"target": -2.430529239639446, "params": {"C": 92.15792260093224, "epsilon": 0.7626931762068215, "gamma": 0.1324928725984894, "lamda": 0.32589130307890934}, "datetime": {"datetime": "2021-09-23 12:45:01", "elapsed": 50.544273, "delta": 0.722006}}
{"target": -2.230413724233692, "params": {"C": 101.72310614182967, "epsilon": 0.6240432130093999, "gamma": 0.12830620226198572, "lamda": 0.1589320875144481}, "datetime": {"datetime": "2021-09-23 12:45:02", "elapsed": 51.195574, "delta": 0.651301}}
{"target": -2.052715397923503, "params": {"C": 101.25362809897302, "epsilon": 0.3697050257097467, "gamma": 0.05184279909538197, "lamda": 0.013257973867072326}, "datetime": {"datetime": "2021-09-23 12:45:03", "elapsed": 52.327578, "delta": 1.132004}}
{"target": -2.066425974051149, "params": {"C": 101.161300132096, "epsilon": 0.6627478115362148, "gamma": 0.0742635843645239, "lamda": 0.1070168981220739}, "datetime": {"datetime": "2021-09-23 12:45:04", "elapsed": 53.505159, "delta": 1.177581}}
{"target": -2.0945666950184494, "params": {"C": 127.06651265794149, "epsilon": 0.2536959143179963, "gamma": 0.1084906792055276, "lamda": 0.06679324424967883}, "datetime": {"datetime": "2021-09-23 12:45:05", "elapsed": 54.459351, "delta": 0.954192}}
{"target": -2.250511244738883, "params": {"C": 127.19500490807056, "epsilon": 0.46091486005981525, "gamma": 0.058487375724461714, "lamda": 0.3489291126332639}, "datetime": {"datetime": "2021-09-23 12:45:06", "elapsed": 55.208592, "delta": 0.749241}}
{"target": -2.1035950630850633, "params": {"C": 89.19505304132366, "epsilon": 0.009253851895886064, "gamma": 0.04499384247445537, "lamda": 0.3743570052195995}, "datetime": {"datetime": "2021-09-23 12:45:07", "elapsed": 55.84618, "delta": 0.637588}}
{"target": -2.1848072182752722, "params": {"C": 101.07171168259603, "epsilon": 0.2916828901616233, "gamma": 0.05681241375690388, "lamda": 0.40556513189400417}, "datetime": {"datetime": "2021-09-23 12:45:07", "elapsed": 56.497184, "delta": 0.651004}}
{"target": -2.4833822646794346, "params": {"C": 86.37774185467778, "epsilon": 0.7156549843862755, "gamma": 0.052004419818499924, "lamda": 0.5505898563301079}, "datetime": {"datetime": "2021-09-23 12:45:08", "elapsed": 57.097145, "delta": 0.599961}}
{"target": -2.0622916484297957, "params": {"C": 102.36263151942595, "epsilon": 0.6891085232748752, "gamma": 0.04922050834057596, "lamda": 0.029032529546776147}, "datetime": {"datetime": "2021-09-23 12:45:09", "elapsed": 58.163146, "delta": 1.066001}}
{"target": -2.119063619808229, "params": {"C": 69.35920682017688, "epsilon": 0.10431580664728583, "gamma": 0.12017625179246225, "lamda": 0.3961451607540631}, "datetime": {"datetime": "2021-09-23 12:45:10", "elapsed": 58.717802, "delta": 0.554656}}
{"target": -2.088512260758922, "params": {"C": 142.69783015038652, "epsilon": 0.9522555742455784, "gamma": 0.049511935382088916, "lamda": 0.06988516984521255}, "datetime": {"datetime": "2021-09-23 12:45:10", "elapsed": 59.456334, "delta": 0.738532}}
{"target": -2.2966811118423167, "params": {"C": 93.12865332461774, "epsilon": 0.42993448521450595, "gamma": 0.07442194672081635, "lamda": 0.44272271175830524}, "datetime": {"datetime": "2021-09-23 12:45:11", "elapsed": 59.939335, "delta": 0.483001}}
{"target": -2.1565193461137464, "params": {"C": 53.11372027214076, "epsilon": 0.5810209895669107, "gamma": 0.04983725797719915, "lamda": 0.13748679099097683}, "datetime": {"datetime": "2021-09-23 12:45:11", "elapsed": 60.541333, "delta": 0.601998}}
{"target": -2.217819585119558, "params": {"C": 102.28761045561225, "epsilon": 0.28252641248208743, "gamma": 0.13413473011280652, "lamda": 0.027815173170816825}, "datetime": {"datetime": "2021-09-23 12:45:13", "elapsed": 61.73202, "delta": 1.190687}}
{"target": -2.0291368556580447, "params": {"C": 102.48401952593326, "epsilon": 0.45870826462037695, "gamma": 0.08623357823130962, "lamda": 0.10288907248282018}, "datetime": {"datetime": "2021-09-23 12:45:13", "elapsed": 62.29002, "delta": 0.558}}
{"target": -2.0640465617046044, "params": {"C": 101.54433374184435, "epsilon": 0.2486312215841555, "gamma": 0.04866272359959084, "lamda": 0.027785347003486206}, "datetime": {"datetime": "2021-09-23 12:45:14", "elapsed": 63.520041, "delta": 1.230021}}
{"target": -2.185539214794731, "params": {"C": 69.36181988640675, "epsilon": 0.001, "gamma": 0.04, "lamda": 0.17663025282072478}, "datetime": {"datetime": "2021-09-23 12:45:15", "elapsed": 64.512253, "delta": 0.992212}}
{"target": -2.1180169734417618, "params": {"C": 103.17761735958464, "epsilon": 0.001, "gamma": 0.04, "lamda": 0.3585107735289886}, "datetime": {"datetime": "2021-09-23 12:45:17", "elapsed": 66.024195, "delta": 1.511942}}
{"target": -2.261869815046577, "params": {"C": 116.14663156974815, "epsilon": 0.11646224648361071, "gamma": 0.1469519256204953, "lamda": 0.5203407656517106}, "datetime": {"datetime": "2021-09-23 12:45:17", "elapsed": 66.589194, "delta": 0.564999}}
{"target": -2.1380316847731287, "params": {"C": 101.37300661460833, "epsilon": 0.4208546627084173, "gamma": 0.0648656489777131, "lamda": 0.24559787817514414}, "datetime": {"datetime": "2021-09-23 12:45:19", "elapsed": 67.919749, "delta": 1.330555}}
{"target": -2.1567981537921597, "params": {"C": 102.05338138107453, "epsilon": 0.8023397416397077, "gamma": 0.12062245308267666, "lamda": 0.015600098328852318}, "datetime": {"datetime": "2021-09-23 12:45:20", "elapsed": 69.214121, "delta": 1.294372}}
{"target": -2.103428568082645, "params": {"C": 127.3654623095324, "epsilon": 0.001, "gamma": 0.04, "lamda": 0.5526466555527767}, "datetime": {"datetime": "2021-09-23 12:45:22", "elapsed": 71.115625, "delta": 1.901504}}
{"target": -2.0629163220499045, "params": {"C": 127.23760853645948, "epsilon": 0.02256508927069956, "gamma": 0.06563852842943066, "lamda": 0.177794602020683}, "datetime": {"datetime": "2021-09-23 12:45:23", "elapsed": 72.145622, "delta": 1.029997}}
{"target": -2.0631465907228366, "params": {"C": 102.91415489674512, "epsilon": 0.2110768956741727, "gamma": 0.06032794497601124, "lamda": 0.016501495460759616}, "datetime": {"datetime": "2021-09-23 12:45:24", "elapsed": 73.378528, "delta": 1.232906}}
{"target": -2.052270248071661, "params": {"C": 101.79621619124265, "epsilon": 0.08080611730029304, "gamma": 0.0771955078708623, "lamda": 0.10266313104106753}, "datetime": {"datetime": "2021-09-23 12:45:26", "elapsed": 75.024926, "delta": 1.646398}}
{"target": -2.144797876995151, "params": {"C": 125.87604803730662, "epsilon": 0.5096538659936594, "gamma": 0.05850266065976066, "lamda": 0.20658294657040577}, "datetime": {"datetime": "2021-09-23 12:45:27", "elapsed": 75.724749, "delta": 0.699823}}
{"target": -2.117745925961646, "params": {"C": 101.51199273118519, "epsilon": 0.9015124704379862, "gamma": 0.04320901554020615, "lamda": 0.07007680395386089}, "datetime": {"datetime": "2021-09-23 12:45:27", "elapsed": 76.63939, "delta": 0.914641}}
{"target": -2.161418023825615, "params": {"C": 102.79103355880483, "epsilon": 0.5128009027068172, "gamma": 0.113048477200239, "lamda": 0.15137038373546216}, "datetime": {"datetime": "2021-09-23 12:45:28", "elapsed": 77.316811, "delta": 0.677421}}
{"target": -2.1567750143155644, "params": {"C": 101.26857129863882, "epsilon": 0.054675096908665344, "gamma": 0.1129223812884857, "lamda": 0.10071314189201365}, "datetime": {"datetime": "2021-09-23 12:45:29", "elapsed": 78.531815, "delta": 1.215004}}
{"target": -2.1098233157955666, "params": {"C": 126.85818615070818, "epsilon": 0.004868548411252415, "gamma": 0.07012487367744372, "lamda": 0.05558392499944356}, "datetime": {"datetime": "2021-09-23 12:45:31", "elapsed": 79.88463, "delta": 1.352815}}
{"target": -2.2545875969018194, "params": {"C": 70.42868811035508, "epsilon": 0.25025190854475776, "gamma": 0.046082022156281946, "lamda": 0.5313195716839895}, "datetime": {"datetime": "2021-09-23 12:45:32", "elapsed": 81.223042, "delta": 1.338412}}
{"target": -2.146640442071115, "params": {"C": 101.13663617904808, "epsilon": 0.963984509489792, "gamma": 0.12593924857449282, "lamda": 0.02582240645092517}, "datetime": {"datetime": "2021-09-23 12:45:33", "elapsed": 82.364006, "delta": 1.140964}}
{"target": -2.161431078659676, "params": {"C": 69.57280489122209, "epsilon": 0.015667070251585754, "gamma": 0.11041762465188945, "lamda": 0.36766643877489236}, "datetime": {"datetime": "2021-09-23 12:45:34", "elapsed": 83.168781, "delta": 0.804775}}
{"target": -2.214039438523432, "params": {"C": 57.53292523514699, "epsilon": 0.5275722114453016, "gamma": 0.14007713740583458, "lamda": 0.17520599163982334}, "datetime": {"datetime": "2021-09-23 12:45:35", "elapsed": 83.818747, "delta": 0.649966}}
{"target": -2.180494380750296, "params": {"C": 73.23317631622385, "epsilon": 0.30079607101890204, "gamma": 0.12221233154425518, "lamda": 0.2714554362714193}, "datetime": {"datetime": "2021-09-23 12:45:36", "elapsed": 84.882552, "delta": 1.063805}}
{"target": -2.0587430503648263, "params": {"C": 72.69550229523762, "epsilon": 0.15121356794980814, "gamma": 0.057762559964337074, "lamda": 0.06216541951856533}, "datetime": {"datetime": "2021-09-23 12:45:37", "elapsed": 86.087997, "delta": 1.205445}}
{"target": -2.2987366797076083, "params": {"C": 59.493679900162775, "epsilon": 0.604349248164749, "gamma": 0.0747035936579278, "lamda": 0.3504518694920964}, "datetime": {"datetime": "2021-09-23 12:45:37", "elapsed": 86.661997, "delta": 0.574}}
{"target": -2.092509945047395, "params": {"C": 102.61716137662202, "epsilon": 0.5902574306917913, "gamma": 0.04505225800551507, "lamda": 0.015270091122352428}, "datetime": {"datetime": "2021-09-23 12:45:39", "elapsed": 88.400512, "delta": 1.738515}}
{"target": -2.1537146481241933, "params": {"C": 72.80754046224081, "epsilon": 0.10361806640716416, "gamma": 0.13063555368450308, "lamda": 0.408759714073711}, "datetime": {"datetime": "2021-09-23 12:45:40", "elapsed": 89.495996, "delta": 1.095484}}
{"target": -2.089320187582564, "params": {"C": 72.76426151625665, "epsilon": 0.4421132166681811, "gamma": 0.11048680095899421, "lamda": 0.11650052916583725}, "datetime": {"datetime": "2021-09-23 12:45:42", "elapsed": 90.946192, "delta": 1.450196}}
{"target": -2.06290405656179, "params": {"C": 102.84334214904561, "epsilon": 0.9135957520139408, "gamma": 0.04814702336353882, "lamda": 0.023236920926027638}, "datetime": {"datetime": "2021-09-23 12:45:44", "elapsed": 92.870937, "delta": 1.924745}}
{"target": -2.1857678388071005, "params": {"C": 73.3069540993177, "epsilon": 0.45179635472423557, "gamma": 0.14638576167703168, "lamda": 0.07953854285755489}, "datetime": {"datetime": "2021-09-23 12:45:44", "elapsed": 93.550346, "delta": 0.679409}}
{"target": -2.1375412034963435, "params": {"C": 103.19814770679943, "epsilon": 0.3252155586209337, "gamma": 0.04, "lamda": 0.01}, "datetime": {"datetime": "2021-09-23 12:45:46", "elapsed": 95.208245, "delta": 1.657899}}
{"target": -2.0355785531559114, "params": {"C": 72.43360047584395, "epsilon": 0.2417922985533876, "gamma": 0.08457187087696262, "lamda": 0.17722473068848638}, "datetime": {"datetime": "2021-09-23 12:45:47", "elapsed": 96.241924, "delta": 1.033679}}
{"target": -2.211898087324697, "params": {"C": 99.82218089240367, "epsilon": 0.6579565969991792, "gamma": 0.13734115264313249, "lamda": 0.11207491500762676}, "datetime": {"datetime": "2021-09-23 12:45:48", "elapsed": 96.876519, "delta": 0.634595}}
{"target": -2.1448146706954145, "params": {"C": 135.77850145271555, "epsilon": 0.25047051961318967, "gamma": 0.10757825847561059, "lamda": 0.2561937150577041}, "datetime": {"datetime": "2021-09-23 12:45:48", "elapsed": 97.459717, "delta": 0.583198}}
{"target": -2.1743660891460057, "params": {"C": 72.38765534396546, "epsilon": 0.5277961793720849, "gamma": 0.07853590031151252, "lamda": 0.23353939890449957}, "datetime": {"datetime": "2021-09-23 12:45:49", "elapsed": 98.64672, "delta": 1.187003}}
{"target": -2.1855972539318245, "params": {"C": 72.35963089894706, "epsilon": 0.0298055549328122, "gamma": 0.1341012355296897, "lamda": 0.3603742034880858}, "datetime": {"datetime": "2021-09-23 12:45:50", "elapsed": 99.608279, "delta": 0.961559}}
{"target": -2.205515210252681, "params": {"C": 72.37098620148342, "epsilon": 0.030597036233397826, "gamma": 0.10863089534779383, "lamda": 0.010574422781587748}, "datetime": {"datetime": "2021-09-23 12:45:52", "elapsed": 101.287732, "delta": 1.679453}}
{"target": -2.29071789321163, "params": {"C": 100.94031914369657, "epsilon": 0.45998646177237484, "gamma": 0.15, "lamda": 0.01}, "datetime": {"datetime": "2021-09-23 12:45:53", "elapsed": 102.251729, "delta": 0.963997}}
{"target": -2.143571068466608, "params": {"C": 102.91451011251202, "epsilon": 0.001, "gamma": 0.04, "lamda": 0.17243551326595538}, "datetime": {"datetime": "2021-09-23 12:45:55", "elapsed": 103.771412, "delta": 1.519683}}
{"target": -2.019136383207628, "params": {"C": 125.6465371840008, "epsilon": 0.1441896458530924, "gamma": 0.08059534443942873, "lamda": 0.2732924444873922}, "datetime": {"datetime": "2021-09-23 12:45:56", "elapsed": 104.83199, "delta": 1.060578}}
{"target": -2.2291524637125555, "params": {"C": 125.64396486975843, "epsilon": 0.25865823998825704, "gamma": 0.05521204675401631, "lamda": 0.5084233319198846}, "datetime": {"datetime": "2021-09-23 12:45:57", "elapsed": 106.281112, "delta": 1.449122}}
{"target": -2.0512554358397295, "params": {"C": 125.65361590020764, "epsilon": 0.0856531695068768, "gamma": 0.06235712231868355, "lamda": 0.08228193095395156}, "datetime": {"datetime": "2021-09-23 12:45:59", "elapsed": 108.220056, "delta": 1.938944}}
{"target": -2.209822353518493, "params": {"C": 125.81998258724241, "epsilon": 0.03993443563761447, "gamma": 0.13748819630173165, "lamda": 0.2449093731858414}, "datetime": {"datetime": "2021-09-23 12:46:00", "elapsed": 109.333994, "delta": 1.113938}}
{"target": -2.0719120475560486, "params": {"C": 125.37663500895914, "epsilon": 0.1571464395715836, "gamma": 0.10400220004522143, "lamda": 0.14298701323602828}, "datetime": {"datetime": "2021-09-23 12:46:02", "elapsed": 110.805603, "delta": 1.471609}}
{"target": -2.129480667444791, "params": {"C": 102.4479941019171, "epsilon": 1.0, "gamma": 0.04, "lamda": 0.01}, "datetime": {"datetime": "2021-09-23 12:46:03", "elapsed": 112.199, "delta": 1.393397}}
{"target": -2.1432760583716366, "params": {"C": 94.66585820888017, "epsilon": 0.996718977061351, "gamma": 0.11341496329181947, "lamda": 0.07012604562935022}, "datetime": {"datetime": "2021-09-23 12:46:04", "elapsed": 113.03158, "delta": 0.83258}}
{"target": -2.190867106508912, "params": {"C": 72.62447617091311, "epsilon": 0.2960988770509854, "gamma": 0.04, "lamda": 0.2906277790500123}, "datetime": {"datetime": "2021-09-23 12:46:05", "elapsed": 114.511774, "delta": 1.480194}}
{"target": -2.0738648311403765, "params": {"C": 125.59614468886467, "epsilon": 0.22986884205907318, "gamma": 0.043987256287807364, "lamda": 0.07188522591717322}, "datetime": {"datetime": "2021-09-23 12:46:07", "elapsed": 115.711638, "delta": 1.199864}}
{"target": -2.072614873080106, "params": {"C": 125.5098852847279, "epsilon": 0.015089824638814801, "gamma": 0.0752372548389047, "lamda": 0.2793111608834035}, "datetime": {"datetime": "2021-09-23 12:46:08", "elapsed": 116.833275, "delta": 1.121637}}
{"target": -2.051335783296498, "params": {"C": 70.25957059488212, "epsilon": 0.30368976856550944, "gamma": 0.07562808531378654, "lamda": 0.06869611476845511}, "datetime": {"datetime": "2021-09-23 12:46:09", "elapsed": 118.323982, "delta": 1.490707}}
{"target": -2.268022047997885, "params": {"C": 70.14248984047443, "epsilon": 0.43945206481442617, "gamma": 0.15, "lamda": 0.24242135864737713}, "datetime": {"datetime": "2021-09-23 12:46:11", "elapsed": 119.938495, "delta": 1.614513}}
{"target": -2.1125795052502987, "params": {"C": 105.57039867806755, "epsilon": 0.6612635233472194, "gamma": 0.10644744832555492, "lamda": 0.017772238425177674}, "datetime": {"datetime": "2021-09-23 12:46:12", "elapsed": 120.7435, "delta": 0.805005}}
