{"target": 0.897013624402283, "params": {"C": 1767.1063439377053, "epsilon": 0.5984587817127524, "gamma": 0.03314308659796798, "lamda": 0.32768291376103525}, "datetime": {"datetime": "2021-09-24 09:09:57", "elapsed": 245.374608, "delta": 1.222199}}
{"target": 0.9176736697228449, "params": {"C": 1783.7951348347297, "epsilon": 0.1796785050830131, "gamma": 0.036670814370933176, "lamda": 0.0066277304426324}, "datetime": {"datetime": "2021-09-24 09:09:59", "elapsed": 247.288561, "delta": 1.913953}}
{"target": 0.9251169344527279, "params": {"C": 1732.5704082607463, "epsilon": 0.3771746723167617, "gamma": 0.03205378104349325, "lamda": 0.0045659031250616}, "datetime": {"datetime": "2021-09-24 09:10:01", "elapsed": 249.622349, "delta": 2.333788}}
{"target": 0.8963362367112583, "params": {"C": 1826.0860954717446, "epsilon": 0.6790756925570854, "gamma": 0.06453993982117275, "lamda": 0.317068464075257}, "datetime": {"datetime": "2021-09-24 09:10:02", "elapsed": 250.775129, "delta": 1.15278}}
{"target": 0.9244178345773406, "params": {"C": 1783.86813674571, "epsilon": 0.0893317051194738, "gamma": 0.024339025033242433, "lamda": 0.018260499812572363}, "datetime": {"datetime": "2021-09-24 09:10:04", "elapsed": 252.784782, "delta": 2.009653}}
{"target": 0.8936692611393208, "params": {"C": 1755.3280786888345, "epsilon": 0.9774585798715717, "gamma": 0.011566844677622494, "lamda": 0.03064476350913979}, "datetime": {"datetime": "2021-09-24 09:10:06", "elapsed": 254.602879, "delta": 1.818097}}
{"target": 0.9141357642376912, "params": {"C": 1770.6314663578503, "epsilon": 0.21658840424194875, "gamma": 0.02881575997328912, "lamda": 0.22351033675314216}, "datetime": {"datetime": "2021-09-24 09:10:07", "elapsed": 256.007555, "delta": 1.404676}}
{"target": 0.9142539202895001, "params": {"C": 1741.867296617783, "epsilon": 0.6695675653721247, "gamma": 0.0660586324365274, "lamda": 0.0781986224354041}, "datetime": {"datetime": "2021-09-24 09:10:09", "elapsed": 257.358088, "delta": 1.350533}}
{"target": 0.915676376761457, "params": {"C": 1783.8010975590441, "epsilon": 0.20297275400474266, "gamma": 0.025787837590538303, "lamda": 0.16022419853092815}, "datetime": {"datetime": "2021-09-24 09:10:10", "elapsed": 259.112509, "delta": 1.754421}}
{"target": 0.9220928267299701, "params": {"C": 1745.8456841936138, "epsilon": 0.06600581762431679, "gamma": 0.058424247220924125, "lamda": 0.24141273481116104}, "datetime": {"datetime": "2021-09-24 09:10:12", "elapsed": 261.03761, "delta": 1.925101}}
{"target": 0.8942883255320805, "params": {"C": 1783.9475664309914, "epsilon": 0.10562574262560215, "gamma": 0.05381236106898616, "lamda": 0.01708215126824322}, "datetime": {"datetime": "2021-09-24 09:10:14", "elapsed": 263.052182, "delta": 2.014572}}
{"target": 0.9083471192397142, "params": {"C": 1841.0321632621938, "epsilon": 0.3855008869197727, "gamma": 0.029459514715263722, "lamda": 0.21789917067271516}, "datetime": {"datetime": "2021-09-24 09:10:16", "elapsed": 264.295091, "delta": 1.242909}}
{"target": 0.9242181038354698, "params": {"C": 1783.756028793158, "epsilon": 0.03744214767085101, "gamma": 0.02089264968701993, "lamda": 0.13753533806789298}, "datetime": {"datetime": "2021-09-24 09:10:17", "elapsed": 265.89098, "delta": 1.595889}}
{"target": 0.9172920487135953, "params": {"C": 1783.8542678604379, "epsilon": 0.08362721791951298, "gamma": 0.06640526671110952, "lamda": 0.11056635398329086}, "datetime": {"datetime": "2021-09-24 09:10:19", "elapsed": 267.687529, "delta": 1.796549}}
{"target": 0.917830784294645, "params": {"C": 1783.750607886351, "epsilon": 0.03790653736159593, "gamma": 0.018156251574364415, "lamda": 0.04259180922928287}, "datetime": {"datetime": "2021-09-24 09:10:21", "elapsed": 270.125396, "delta": 2.437867}}
{"target": 0.8354749758864103, "params": {"C": 1732.0639917266828, "epsilon": 0.3618969070779676, "gamma": 0.07, "lamda": 0.001}, "datetime": {"datetime": "2021-09-24 09:10:24", "elapsed": 272.326519, "delta": 2.201123}}
{"target": 0.9142392133846734, "params": {"C": 1732.0382838057817, "epsilon": 0.4594805070732636, "gamma": 0.016703728179379023, "lamda": 0.025401976100379576}, "datetime": {"datetime": "2021-09-24 09:10:26", "elapsed": 274.214242, "delta": 1.887723}}
{"target": 0.8982350718610715, "params": {"C": 1745.928574292622, "epsilon": 0.20445335628345146, "gamma": 0.04275768429800654, "lamda": 0.0015206797019582598}, "datetime": {"datetime": "2021-09-24 09:10:28", "elapsed": 276.287649, "delta": 2.073407}}
{"target": 0.9202079223914944, "params": {"C": 1722.206594490249, "epsilon": 0.15432036299345203, "gamma": 0.05228636948022198, "lamda": 0.22113211627001497}, "datetime": {"datetime": "2021-09-24 09:10:29", "elapsed": 277.845032, "delta": 1.557383}}
{"target": 0.918449514199366, "params": {"C": 1732.5480276520384, "epsilon": 0.3186295812073089, "gamma": 0.06620852774177075, "lamda": 0.07578791861878222}, "datetime": {"datetime": "2021-09-24 09:10:31", "elapsed": 279.490804, "delta": 1.645772}}
{"target": 0.9045544311368775, "params": {"C": 1747.3316991012277, "epsilon": 0.8203224586898195, "gamma": 0.03468971127098242, "lamda": 0.16680464059172936}, "datetime": {"datetime": "2021-09-24 09:10:32", "elapsed": 280.935464, "delta": 1.44466}}
{"target": 0.9211204427775816, "params": {"C": 1783.7935732233277, "epsilon": 0.11374999727113409, "gamma": 0.023378964485582087, "lamda": 0.1238073781772849}, "datetime": {"datetime": "2021-09-24 09:10:34", "elapsed": 282.800441, "delta": 1.864977}}
{"target": 0.8911959100377559, "params": {"C": 1774.298357953239, "epsilon": 0.789949519200054, "gamma": 0.055509346028482155, "lamda": 0.37012318832676455}, "datetime": {"datetime": "2021-09-24 09:10:35", "elapsed": 284.166307, "delta": 1.365866}}
{"target": 0.9147532348405703, "params": {"C": 1722.9937624331144, "epsilon": 0.7038447656198701, "gamma": 0.04280147571250267, "lamda": 0.10507505443789188}, "datetime": {"datetime": "2021-09-24 09:10:37", "elapsed": 285.719467, "delta": 1.55316}}
{"target": 0.9171884840613101, "params": {"C": 1703.7096025440687, "epsilon": 0.057853143164605846, "gamma": 0.05845018929443283, "lamda": 0.09277505320435069}, "datetime": {"datetime": "2021-09-24 09:10:39", "elapsed": 287.961377, "delta": 2.24191}}
{"target": 0.9138558189488194, "params": {"C": 1783.8382647087128, "epsilon": 0.21242333595360288, "gamma": 0.01933307908601622, "lamda": 0.08942020816603966}, "datetime": {"datetime": "2021-09-24 09:10:42", "elapsed": 291.162718, "delta": 3.201341}}
{"target": 0.9241824185130724, "params": {"C": 1732.044944331568, "epsilon": 0.17327700530257156, "gamma": 0.027644110914801047, "lamda": 0.08703612284707334}, "datetime": {"datetime": "2021-09-24 09:10:45", "elapsed": 293.620427, "delta": 2.457709}}
{"target": 0.9132482177037902, "params": {"C": 1746.2731320424302, "epsilon": 0.08093820161384152, "gamma": 0.019408044341879684, "lamda": 0.23887706227944686}, "datetime": {"datetime": "2021-09-24 09:10:47", "elapsed": 295.588473, "delta": 1.968046}}
{"target": 0.914357000764924, "params": {"C": 1779.3343253358546, "epsilon": 0.34247662385980226, "gamma": 0.04833521569363582, "lamda": 0.2236747338830141}, "datetime": {"datetime": "2021-09-24 09:10:48", "elapsed": 297.052743, "delta": 1.46427}}
{"target": 0.9253646452187726, "params": {"C": 1746.3245200854335, "epsilon": 0.11173440746952963, "gamma": 0.046898300090286796, "lamda": 0.16107181723877376}, "datetime": {"datetime": "2021-09-24 09:10:50", "elapsed": 298.844075, "delta": 1.791332}}
{"target": 0.9189851852172897, "params": {"C": 1833.6251270419293, "epsilon": 0.07817351553409956, "gamma": 0.06563375471659126, "lamda": 0.17519987299840312}, "datetime": {"datetime": "2021-09-24 09:10:52", "elapsed": 300.937222, "delta": 2.093147}}
{"target": 0.9286190952440696, "params": {"C": 1755.2522852285438, "epsilon": 0.90506933132269, "gamma": 0.034969632683518756, "lamda": 0.012032072732114138}, "datetime": {"datetime": "2021-09-24 09:10:55", "elapsed": 303.237341, "delta": 2.300119}}
{"target": 0.9109519970607133, "params": {"C": 1721.1158432524014, "epsilon": 0.3521225589123351, "gamma": 0.06707401134491564, "lamda": 0.20546875555452276}, "datetime": {"datetime": "2021-09-24 09:10:56", "elapsed": 304.83662, "delta": 1.599279}}
{"target": 0.9149829915008909, "params": {"C": 1780.7143112179547, "epsilon": 0.37285331333082794, "gamma": 0.040189437557264986, "lamda": 0.19011307631389732}, "datetime": {"datetime": "2021-09-24 09:10:58", "elapsed": 306.223027, "delta": 1.386407}}
{"target": 0.9227223794002644, "params": {"C": 1745.887146284063, "epsilon": 0.08152726289150902, "gamma": 0.028388886626558717, "lamda": 0.21562207065717492}, "datetime": {"datetime": "2021-09-24 09:10:59", "elapsed": 307.949318, "delta": 1.726291}}
{"target": 0.8993866046883058, "params": {"C": 1772.2204322658106, "epsilon": 0.7408649511284698, "gamma": 0.04927699645693644, "lamda": 0.28688367998786113}, "datetime": {"datetime": "2021-09-24 09:11:01", "elapsed": 309.424376, "delta": 1.475058}}
{"target": 0.9124691836501803, "params": {"C": 1751.9232681400176, "epsilon": 0.9437229438946725, "gamma": 0.038127207173962986, "lamda": 0.0897471787714462}, "datetime": {"datetime": "2021-09-24 09:11:02", "elapsed": 311.00379, "delta": 1.579414}}
{"target": 0.9286500566015746, "params": {"C": 1706.9836511910064, "epsilon": 0.9133342829609084, "gamma": 0.02915695429644182, "lamda": 0.009357343746428139}, "datetime": {"datetime": "2021-09-24 09:11:04", "elapsed": 312.709721, "delta": 1.705931}}
{"target": 0.9112298234713448, "params": {"C": 1745.2876115779438, "epsilon": 0.05080396200645276, "gamma": 0.06582959550161746, "lamda": 0.10509931296807659}, "datetime": {"datetime": "2021-09-24 09:11:06", "elapsed": 314.242978, "delta": 1.533257}}
{"target": 0.8999791921896837, "params": {"C": 1853.4581487137416, "epsilon": 0.8797423321565119, "gamma": 0.05146519184214646, "lamda": 0.23524150766979834}, "datetime": {"datetime": "2021-09-24 09:11:07", "elapsed": 315.769391, "delta": 1.526413}}
{"target": 0.9207967902770018, "params": {"C": 1746.2022247763366, "epsilon": 0.11608621797660594, "gamma": 0.062040395604824904, "lamda": 0.14871371997174326}, "datetime": {"datetime": "2021-09-24 09:11:10", "elapsed": 318.190678, "delta": 2.421287}}
{"target": 0.9236913258922147, "params": {"C": 1703.7988582030387, "epsilon": 0.05668941389661697, "gamma": 0.05521084127530887, "lamda": 0.24532355491565072}, "datetime": {"datetime": "2021-09-24 09:11:12", "elapsed": 320.896773, "delta": 2.706095}}
{"target": 0.8989719822429352, "params": {"C": 1771.8127667183799, "epsilon": 0.8951615020471819, "gamma": 0.05446315628752793, "lamda": 0.23937532878438053}, "datetime": {"datetime": "2021-09-24 09:11:14", "elapsed": 322.459868, "delta": 1.563095}}
{"target": 0.9264419745678488, "params": {"C": 1772.1996726876284, "epsilon": 0.04042339173490873, "gamma": 0.0490554091864452, "lamda": 0.25675844392760977}, "datetime": {"datetime": "2021-09-24 09:11:16", "elapsed": 325.074743, "delta": 2.614875}}
{"target": 0.9171509800481923, "params": {"C": 1706.9685272671907, "epsilon": 0.9248910288760316, "gamma": 0.06488425054445326, "lamda": 0.038505684437635114}, "datetime": {"datetime": "2021-09-24 09:11:19", "elapsed": 327.552219, "delta": 2.477476}}
{"target": 0.9192907852363545, "params": {"C": 1732.5504711121082, "epsilon": 0.38666691047348334, "gamma": 0.026026857523175857, "lamda": 0.059896320743493624}, "datetime": {"datetime": "2021-09-24 09:11:21", "elapsed": 329.598965, "delta": 2.046746}}
{"target": 0.8969308582414117, "params": {"C": 1766.3627421962717, "epsilon": 0.8502758109313171, "gamma": 0.032090055542956984, "lamda": 0.22905468124487088}, "datetime": {"datetime": "2021-09-24 09:11:22", "elapsed": 331.175302, "delta": 1.576337}}
{"target": 0.918954924942739, "params": {"C": 1732.1790430623025, "epsilon": 0.20290085861294935, "gamma": 0.06631335370066048, "lamda": 0.08421291369672979}, "datetime": {"datetime": "2021-09-24 09:11:25", "elapsed": 333.363119, "delta": 2.187817}}
{"target": 0.9052965732038797, "params": {"C": 1783.8371209622385, "epsilon": 0.10301951553327428, "gamma": 0.06661603840825607, "lamda": 0.04066565821344453}, "datetime": {"datetime": "2021-09-24 09:11:28", "elapsed": 336.421097, "delta": 3.057978}}
{"target": 0.9057209795224735, "params": {"C": 1731.977009854125, "epsilon": 0.48237634495685744, "gamma": 0.05705690098711723, "lamda": 0.006451050920977241}, "datetime": {"datetime": "2021-09-24 09:11:30", "elapsed": 338.750622, "delta": 2.329525}}
{"target": 0.9144258014786437, "params": {"C": 1898.2322077362242, "epsilon": 0.47516726752733274, "gamma": 0.05020229908491138, "lamda": 0.16036163556033758}, "datetime": {"datetime": "2021-09-24 09:11:32", "elapsed": 340.300812, "delta": 1.55019}}
{"target": 0.9163920847204952, "params": {"C": 1732.5985149217122, "epsilon": 0.4115025721918335, "gamma": 0.057722200817534285, "lamda": 0.012653814751562964}, "datetime": {"datetime": "2021-09-24 09:11:34", "elapsed": 342.843858, "delta": 2.543046}}
{"target": 0.9044167910164839, "params": {"C": 1716.3980655214023, "epsilon": 0.397653628414109, "gamma": 0.04994007094399021, "lamda": 0.3947241549288147}, "datetime": {"datetime": "2021-09-24 09:11:36", "elapsed": 344.426476, "delta": 1.582618}}
{"target": 0.9150799322547131, "params": {"C": 1799.655564928241, "epsilon": 0.6506228111269378, "gamma": 0.06542526778039978, "lamda": 0.07427044260429426}, "datetime": {"datetime": "2021-09-24 09:11:37", "elapsed": 345.948242, "delta": 1.521766}}
{"target": 0.9207680487578815, "params": {"C": 1746.2795050282355, "epsilon": 0.03998983997975082, "gamma": 0.01928516998597364, "lamda": 0.1800238572905456}, "datetime": {"datetime": "2021-09-24 09:11:39", "elapsed": 348.125859, "delta": 2.177617}}
{"target": 0.9161535438814885, "params": {"C": 1773.7643706667618, "epsilon": 0.6334861572383768, "gamma": 0.06455174015080598, "lamda": 0.06897582647767024}, "datetime": {"datetime": "2021-09-24 09:11:41", "elapsed": 349.662086, "delta": 1.536227}}
{"target": 0.9218384862879747, "params": {"C": 1745.8245096226565, "epsilon": 0.0885460497505269, "gamma": 0.05959867786751391, "lamda": 0.1844082886334067}, "datetime": {"datetime": "2021-09-24 09:11:43", "elapsed": 352.049364, "delta": 2.387278}}
{"target": 0.9211307403480584, "params": {"C": 1745.9034255042893, "epsilon": 0.13542549627043748, "gamma": 0.055941139697455206, "lamda": 0.04840222629754398}, "datetime": {"datetime": "2021-09-24 09:11:46", "elapsed": 354.67868, "delta": 2.629316}}
{"target": 0.8704485268906235, "params": {"C": 1765.1147518474756, "epsilon": 0.8519567447550392, "gamma": 0.0119472101010619, "lamda": 0.17796653579144306}, "datetime": {"datetime": "2021-09-24 09:11:47", "elapsed": 356.106022, "delta": 1.427342}}
{"target": 0.917959958703696, "params": {"C": 1772.2434727345553, "epsilon": 0.0461721483016105, "gamma": 0.06650127361037127, "lamda": 0.2551125761631349}, "datetime": {"datetime": "2021-09-24 09:11:49", "elapsed": 357.775904, "delta": 1.669882}}
{"target": 0.8880519136946396, "params": {"C": 1718.646377944854, "epsilon": 0.3688033087916762, "gamma": 0.016781668878456994, "lamda": 0.29022592418338455}, "datetime": {"datetime": "2021-09-24 09:11:51", "elapsed": 359.180545, "delta": 1.404641}}
{"target": 0.9262281859809167, "params": {"C": 1704.0804047312095, "epsilon": 0.08579372413716728, "gamma": 0.05059309135335158, "lamda": 0.12294577991105199}, "datetime": {"datetime": "2021-09-24 09:11:53", "elapsed": 361.214716, "delta": 2.034171}}
{"target": 0.9220649109927315, "params": {"C": 1806.2551064470056, "epsilon": 0.1210343676106572, "gamma": 0.0585599039643314, "lamda": 0.14947550862485168}, "datetime": {"datetime": "2021-09-24 09:11:54", "elapsed": 362.749288, "delta": 1.534572}}
{"target": 0.896249505585373, "params": {"C": 1768.4697848840246, "epsilon": 0.5117726675575088, "gamma": 0.024840042753320583, "lamda": 0.273396414879476}, "datetime": {"datetime": "2021-09-24 09:11:56", "elapsed": 364.455055, "delta": 1.705767}}
{"target": 0.9174518316126675, "params": {"C": 1783.940341345745, "epsilon": 0.19548084182215403, "gamma": 0.024059630297491363, "lamda": 0.11840126080188733}, "datetime": {"datetime": "2021-09-24 09:11:58", "elapsed": 367.088777, "delta": 2.633722}}
{"target": 0.8983930478986513, "params": {"C": 1820.047740407254, "epsilon": 0.724843868544919, "gamma": 0.02235858599638965, "lamda": 0.14408365040758203}, "datetime": {"datetime": "2021-09-24 09:12:00", "elapsed": 368.816942, "delta": 1.728165}}
{"target": 0.9036795802031412, "params": {"C": 1899.4851078938864, "epsilon": 0.8831072397725472, "gamma": 0.04337153483686626, "lamda": 0.18964014059689782}, "datetime": {"datetime": "2021-09-24 09:12:02", "elapsed": 370.506665, "delta": 1.689723}}
{"target": 0.8752187924366301, "params": {"C": 1732.509298208088, "epsilon": 0.3328332685687442, "gamma": 0.05349440913971779, "lamda": 0.001651155634343366}, "datetime": {"datetime": "2021-09-24 09:12:05", "elapsed": 373.301236, "delta": 2.794571}}
{"target": 0.9240555299585231, "params": {"C": 1732.0799994629413, "epsilon": 0.4697891495668429, "gamma": 0.04904207143118132, "lamda": 0.012099287901761588}, "datetime": {"datetime": "2021-09-24 09:12:07", "elapsed": 375.857352, "delta": 2.556116}}
{"target": 0.9227937673049066, "params": {"C": 1732.0139248962373, "epsilon": 0.32092869584116235, "gamma": 0.05635309108756906, "lamda": 0.06326881986618332}, "datetime": {"datetime": "2021-09-24 09:12:10", "elapsed": 378.389562, "delta": 2.53221}}
{"target": 0.9171121625532532, "params": {"C": 1772.2375784425667, "epsilon": 0.05339784462233184, "gamma": 0.06734014929384993, "lamda": 0.351705040715957}, "datetime": {"datetime": "2021-09-24 09:12:12", "elapsed": 380.563103, "delta": 2.173541}}
{"target": 0.902458170645866, "params": {"C": 1836.5155352352713, "epsilon": 0.7834335513028995, "gamma": 0.05493913105019002, "lamda": 0.22667180069673118}, "datetime": {"datetime": "2021-09-24 09:12:13", "elapsed": 382.080475, "delta": 1.517372}}
{"target": 0.8841160326286485, "params": {"C": 1887.0987875742578, "epsilon": 0.17476168428108405, "gamma": 0.011157392021976886, "lamda": 0.2997158021010983}, "datetime": {"datetime": "2021-09-24 09:12:15", "elapsed": 383.778537, "delta": 1.698062}}
{"target": 0.8930024530777552, "params": {"C": 1713.1617254240437, "epsilon": 0.6505484817007654, "gamma": 0.026287349512706185, "lamda": 0.2834987473726544}, "datetime": {"datetime": "2021-09-24 09:12:17", "elapsed": 385.482979, "delta": 1.704442}}
{"target": 0.9272435302461027, "params": {"C": 1704.2159484482795, "epsilon": 0.12977245476811566, "gamma": 0.04438653613527808, "lamda": 0.10912674263537825}, "datetime": {"datetime": "2021-09-24 09:12:19", "elapsed": 387.76201, "delta": 2.279031}}
{"target": 0.8790975973636618, "params": {"C": 1745.8961008349083, "epsilon": 0.039297125629708794, "gamma": 0.049843967433768364, "lamda": 0.006254178132704152}, "datetime": {"datetime": "2021-09-24 09:12:21", "elapsed": 389.828774, "delta": 2.066764}}
{"target": 0.9076483037311004, "params": {"C": 1796.8314690374873, "epsilon": 0.8440658892790366, "gamma": 0.05473934145101867, "lamda": 0.1527903129318457}, "datetime": {"datetime": "2021-09-24 09:12:23", "elapsed": 391.49955, "delta": 1.670776}}
{"target": 0.9149475697801072, "params": {"C": 1783.8729450910755, "epsilon": 0.0849691081903139, "gamma": 0.015995802858754044, "lamda": 0.10929791255254669}, "datetime": {"datetime": "2021-09-24 09:12:25", "elapsed": 393.83061, "delta": 2.33106}}
{"target": 0.9097943932986384, "params": {"C": 1742.233894884236, "epsilon": 0.6603822751115254, "gamma": 0.0392572497899386, "lamda": 0.16250372686068973}, "datetime": {"datetime": "2021-09-24 09:12:27", "elapsed": 395.514136, "delta": 1.683526}}
{"target": 0.9285254995226457, "params": {"C": 1727.0234418534085, "epsilon": 0.2814343193264004, "gamma": 0.02616288357462973, "lamda": 0.012060021138080905}, "datetime": {"datetime": "2021-09-24 09:12:29", "elapsed": 397.554952, "delta": 2.040816}}
{"target": 0.9260630745482228, "params": {"C": 1755.2601807363267, "epsilon": 0.8446197709312768, "gamma": 0.04915575442345504, "lamda": 0.014062527849782357}, "datetime": {"datetime": "2021-09-24 09:12:31", "elapsed": 399.692371, "delta": 2.137419}}
{"target": 0.9108195484276262, "params": {"C": 1757.1370327897985, "epsilon": 0.583852217067559, "gamma": 0.050115847623680695, "lamda": 0.17948711130008912}, "datetime": {"datetime": "2021-09-24 09:12:33", "elapsed": 401.456489, "delta": 1.764118}}
{"target": 0.9219137036052993, "params": {"C": 1704.2284627918673, "epsilon": 0.1072138313942074, "gamma": 0.030562032784603094, "lamda": 0.21063566752197443}, "datetime": {"datetime": "2021-09-24 09:12:34", "elapsed": 403.159322, "delta": 1.702833}}
{"target": 0.9220438330732442, "params": {"C": 1746.104113796097, "epsilon": 0.06431223097044508, "gamma": 0.05918120818778612, "lamda": 0.22382774153226329}, "datetime": {"datetime": "2021-09-24 09:12:38", "elapsed": 407.078197, "delta": 3.918875}}
{"target": 0.903485611768392, "params": {"C": 1896.0769724440697, "epsilon": 0.47366072404852644, "gamma": 0.03255395462214459, "lamda": 0.28571787020879247}, "datetime": {"datetime": "2021-09-24 09:12:40", "elapsed": 408.727871, "delta": 1.649674}}
{"target": 0.9047958922247988, "params": {"C": 1761.953023181743, "epsilon": 0.589530441911254, "gamma": 0.02336424693851469, "lamda": 0.12176138367228462}, "datetime": {"datetime": "2021-09-24 09:12:42", "elapsed": 410.52417, "delta": 1.796299}}
{"target": 0.9225543986859663, "params": {"C": 1704.1885465981989, "epsilon": 0.14545252303474637, "gamma": 0.057504069100246705, "lamda": 0.12438077980790091}, "datetime": {"datetime": "2021-09-24 09:12:45", "elapsed": 414.018522, "delta": 3.494352}}
{"target": 0.8922962027878493, "params": {"C": 1821.1456593465327, "epsilon": 0.6931935352260036, "gamma": 0.022664626176245393, "lamda": 0.2218280859597452}, "datetime": {"datetime": "2021-09-24 09:12:47", "elapsed": 415.937906, "delta": 1.919384}}
