{"target": 0.89459440241151, "params": {"C": 853.056149322815, "epsilon": 0.9134372501170503, "gamma": 0.03749718725726454, "lamda": 0.26978345146589594}, "datetime": {"datetime": "2021-09-23 23:11:12", "elapsed": 802.593995, "delta": 2.124295}}
{"target": 0.9083060670615296, "params": {"C": 947.2689969971844, "epsilon": 0.9978601281398866, "gamma": 0.06659982490395011, "lamda": 0.09844571587132123}, "datetime": {"datetime": "2021-09-23 23:11:14", "elapsed": 804.634471, "delta": 2.040476}}
{"target": 0.8848556365685518, "params": {"C": 858.7606608020237, "epsilon": 0.8756261502040515, "gamma": 0.028170572992870506, "lamda": 0.331646235516188}, "datetime": {"datetime": "2021-09-23 23:11:16", "elapsed": 806.616727, "delta": 1.982256}}
{"target": 0.906997158120358, "params": {"C": 853.5885561490805, "epsilon": 0.09477334614110898, "gamma": 0.015158932152961971, "lamda": 0.12924371524665326}, "datetime": {"datetime": "2021-09-23 23:11:19", "elapsed": 809.826194, "delta": 3.209467}}
{"target": 0.9146123926497091, "params": {"C": 904.2653944547828, "epsilon": 0.3633115388609215, "gamma": 0.05963051674671606, "lamda": 0.1713890386081548}, "datetime": {"datetime": "2021-09-23 23:11:21", "elapsed": 812.050589, "delta": 2.224395}}
{"target": 0.8945670773296585, "params": {"C": 984.9971695573656, "epsilon": 0.7841283469255622, "gamma": 0.034189860487037475, "lamda": 0.29243461807884064}, "datetime": {"datetime": "2021-09-23 23:11:24", "elapsed": 814.212556, "delta": 2.161967}}
{"target": 0.9254030388050046, "params": {"C": 1104.2641286533492, "epsilon": 0.05012939087861945, "gamma": 0.04801889409557653, "lamda": 0.29977274913290614}, "datetime": {"datetime": "2021-09-23 23:12:35", "elapsed": 0.0, "delta": 0.0}}
{"target": 0.9018684753678818, "params": {"C": 1049.701402460518, "epsilon": 0.24805274616492223, "gamma": 0.02188377188557744, "lamda": 0.30445175416738457}, "datetime": {"datetime": "2021-09-23 23:12:35", "elapsed": 0.27882, "delta": 0.27882}}
{"target": 0.9184286531256303, "params": {"C": 983.8221673125071, "epsilon": 0.11568961974878995, "gamma": 0.05112158910206784, "lamda": 0.3814039451317797}, "datetime": {"datetime": "2021-09-23 23:12:36", "elapsed": 0.553143, "delta": 0.274323}}
{"target": 0.9065873958203501, "params": {"C": 950.7896532655828, "epsilon": 0.5268264954842033, "gamma": 0.05875725769912682, "lamda": 0.2453979006649259}, "datetime": {"datetime": "2021-09-23 23:12:36", "elapsed": 0.831413, "delta": 0.27827}}
{"target": 0.9090910920795383, "params": {"C": 1094.3510634863599, "epsilon": 0.31311978612551417, "gamma": 0.06506644735077662, "lamda": 0.28611573757567854}, "datetime": {"datetime": "2021-09-23 23:12:36", "elapsed": 1.130449, "delta": 0.299036}}
{"target": 0.9289397815026683, "params": {"C": 996.0065261871638, "epsilon": 0.2143536366860862, "gamma": 0.03813334536474346, "lamda": 0.05393966604095758}, "datetime": {"datetime": "2021-09-23 23:12:36", "elapsed": 1.458533, "delta": 0.328084}}
{"target": 0.8921174622199229, "params": {"C": 995.7066953143601, "epsilon": 0.4484072146808388, "gamma": 0.02332513033539814, "lamda": 0.3488141974956611}, "datetime": {"datetime": "2021-09-23 23:12:37", "elapsed": 1.772573, "delta": 0.31404}}
{"target": 0.9113802925212338, "params": {"C": 1019.331457452074, "epsilon": 0.21875341349367206, "gamma": 0.019338594339044984, "lamda": 0.11142359070502497}, "datetime": {"datetime": "2021-09-23 23:12:37", "elapsed": 2.132006, "delta": 0.359433}}
{"target": 0.9264371279071131, "params": {"C": 954.0892017199523, "epsilon": 0.0921769038139145, "gamma": 0.04495343042761878, "lamda": 0.16828231117332992}, "datetime": {"datetime": "2021-09-23 23:12:37", "elapsed": 2.471006, "delta": 0.339}}
{"target": 0.8932515169362125, "params": {"C": 1072.000123167643, "epsilon": 0.9246166610991446, "gamma": 0.052568298727638366, "lamda": 0.30060708528951074}, "datetime": {"datetime": "2021-09-23 23:12:38", "elapsed": 2.792007, "delta": 0.321001}}
{"target": 0.8867461124040971, "params": {"C": 1115.0598974153684, "epsilon": 0.5469901009103314, "gamma": 0.02387050364069023, "lamda": 0.38801409740661935}, "datetime": {"datetime": "2021-09-23 23:12:38", "elapsed": 3.14599, "delta": 0.353983}}
{"target": 0.9147161131539967, "params": {"C": 1102.859462776694, "epsilon": 0.4263613725529165, "gamma": 0.04116365170829408, "lamda": 0.1726199596478999}, "datetime": {"datetime": "2021-09-23 23:12:39", "elapsed": 3.584031, "delta": 0.438041}}
{"target": 0.9234008410092367, "params": {"C": 958.1927974211915, "epsilon": 0.24970575151699523, "gamma": 0.029538806038617985, "lamda": 0.07614434650662687}, "datetime": {"datetime": "2021-09-23 23:12:39", "elapsed": 3.920994, "delta": 0.336963}}
{"target": 0.915658557292589, "params": {"C": 1101.0043832350534, "epsilon": 0.4471411630965273, "gamma": 0.03651889915045838, "lamda": 0.13664776639560702}, "datetime": {"datetime": "2021-09-23 23:12:39", "elapsed": 4.269988, "delta": 0.348994}}
{"target": 0.8969631061132024, "params": {"C": 1083.928092656194, "epsilon": 0.2745572831340398, "gamma": 0.02215344086976446, "lamda": 0.38089384826327377}, "datetime": {"datetime": "2021-09-23 23:12:40", "elapsed": 4.59603, "delta": 0.326042}}
{"target": 0.8894015919532324, "params": {"C": 1093.1758135726275, "epsilon": 0.2896058011055015, "gamma": 0.015435774900384742, "lamda": 0.2804854242243259}, "datetime": {"datetime": "2021-09-23 23:12:40", "elapsed": 4.959031, "delta": 0.363001}}
{"target": 0.917834612351756, "params": {"C": 996.919618549168, "epsilon": 0.15639106627129726, "gamma": 0.04265382653142713, "lamda": 0.3320759476460242}, "datetime": {"datetime": "2021-09-23 23:12:40", "elapsed": 5.338998, "delta": 0.379967}}
{"target": 0.9240121796423031, "params": {"C": 1030.9847740143966, "epsilon": 0.07267066579701993, "gamma": 0.04542615441043764, "lamda": 0.2885863430885429}, "datetime": {"datetime": "2021-09-23 23:12:41", "elapsed": 5.67903, "delta": 0.340032}}
{"target": 0.9031663548270021, "params": {"C": 1045.7858136301597, "epsilon": 0.4438792787024942, "gamma": 0.04835694648809192, "lamda": 0.3826743911968713}, "datetime": {"datetime": "2021-09-23 23:12:41", "elapsed": 6.077031, "delta": 0.398001}}
{"target": 0.8910577174619095, "params": {"C": 1005.7965658264413, "epsilon": 0.48302557696029136, "gamma": 0.018704373724292987, "lamda": 0.2352963091250836}, "datetime": {"datetime": "2021-09-23 23:12:41", "elapsed": 6.432971, "delta": 0.35594}}
{"target": 0.8995450310255141, "params": {"C": 1075.4699433340056, "epsilon": 0.840468156941798, "gamma": 0.04001073426486995, "lamda": 0.24049272285154935}, "datetime": {"datetime": "2021-09-23 23:12:42", "elapsed": 6.761931, "delta": 0.32896}}
{"target": 0.9141443037260455, "params": {"C": 1078.0099545625753, "epsilon": 0.28598520842260444, "gamma": 0.01935845146978839, "lamda": 0.06485631268236246}, "datetime": {"datetime": "2021-09-23 23:12:42", "elapsed": 7.120972, "delta": 0.359041}}
{"target": 0.9157157814939999, "params": {"C": 962.7608426898795, "epsilon": 0.40481452294546694, "gamma": 0.06927688834063415, "lamda": 0.08784405548445551}, "datetime": {"datetime": "2021-09-23 23:12:43", "elapsed": 7.516928, "delta": 0.395956}}
{"target": 0.9152676545932069, "params": {"C": 1043.8822967732722, "epsilon": 0.9682829352450285, "gamma": 0.0368260001476184, "lamda": 0.06474426345499094}, "datetime": {"datetime": "2021-09-23 23:12:43", "elapsed": 7.970935, "delta": 0.454007}}
{"target": 0.9187557706932422, "params": {"C": 1056.2716533314333, "epsilon": 0.22088191272355492, "gamma": 0.06666630799997007, "lamda": 0.0801408866955507}, "datetime": {"datetime": "2021-09-23 23:12:43", "elapsed": 8.361221, "delta": 0.390286}}
{"target": 0.9112235722864664, "params": {"C": 1012.1062240147312, "epsilon": 0.35527707611318426, "gamma": 0.06980865542978751, "lamda": 0.17967989838707407}, "datetime": {"datetime": "2021-09-23 23:12:44", "elapsed": 8.733102, "delta": 0.371881}}
{"target": 0.8886319228238259, "params": {"C": 968.1313867402524, "epsilon": 0.28436264120703036, "gamma": 0.013817017265212093, "lamda": 0.23522559280818225}, "datetime": {"datetime": "2021-09-23 23:12:44", "elapsed": 9.107159, "delta": 0.374057}}
{"target": 0.890387363635433, "params": {"C": 1083.6031451071706, "epsilon": 0.9456452693573992, "gamma": 0.0638734341970012, "lamda": 0.30012222199821087}, "datetime": {"datetime": "2021-09-23 23:12:44", "elapsed": 9.472196, "delta": 0.365037}}
{"target": 0.9165954090912631, "params": {"C": 1091.9423018703249, "epsilon": 0.2319225994792417, "gamma": 0.04840015111077136, "lamda": 0.261808460219463}, "datetime": {"datetime": "2021-09-23 23:12:45", "elapsed": 9.832155, "delta": 0.359959}}
{"target": 0.8992348167360193, "params": {"C": 1068.4171906646159, "epsilon": 0.7848259921626908, "gamma": 0.060205643821522443, "lamda": 0.25429917482121994}, "datetime": {"datetime": "2021-09-23 23:12:45", "elapsed": 10.211155, "delta": 0.379}}
{"target": 0.8984610848822684, "params": {"C": 1007.250705749311, "epsilon": 0.4917098986245436, "gamma": 0.01035607858425128, "lamda": 0.005911731269281357}, "datetime": {"datetime": "2021-09-23 23:12:46", "elapsed": 10.729045, "delta": 0.51789}}
{"target": 0.8653621492998834, "params": {"C": 960.4290789066685, "epsilon": 0.6307830821623754, "gamma": 0.010354663744515885, "lamda": 0.23261716036577582}, "datetime": {"datetime": "2021-09-23 23:12:46", "elapsed": 11.104088, "delta": 0.375043}}
{"target": 0.9252837231824079, "params": {"C": 982.4512053319348, "epsilon": 0.25257844290657305, "gamma": 0.030772476628517974, "lamda": 0.008917478112143079}, "datetime": {"datetime": "2021-09-23 23:12:47", "elapsed": 11.700048, "delta": 0.59596}}
{"target": 0.9142458635547797, "params": {"C": 1085.6219709088532, "epsilon": 0.6616971550039416, "gamma": 0.05867078936891688, "lamda": 0.10218318542956042}, "datetime": {"datetime": "2021-09-23 23:12:47", "elapsed": 12.116054, "delta": 0.416006}}
{"target": 0.8828598320551279, "params": {"C": 1028.1850259231228, "epsilon": 0.8432943808149355, "gamma": 0.029580188503789788, "lamda": 0.38569796879367957}, "datetime": {"datetime": "2021-09-23 23:12:48", "elapsed": 12.541048, "delta": 0.424994}}
{"target": 0.8868726855332089, "params": {"C": 953.8924087619769, "epsilon": 0.6798103780253164, "gamma": 0.028205701193274757, "lamda": 0.38711623056022165}, "datetime": {"datetime": "2021-09-23 23:12:48", "elapsed": 12.936047, "delta": 0.394999}}
{"target": 0.9249034586728528, "params": {"C": 1082.7282430923435, "epsilon": 0.05697677083400467, "gamma": 0.0430910027144322, "lamda": 0.3231812419854612}, "datetime": {"datetime": "2021-09-23 23:12:48", "elapsed": 13.382046, "delta": 0.445999}}
{"target": 0.9183722092393907, "params": {"C": 950.6241263305654, "epsilon": 0.5194409895162766, "gamma": 0.046616465768687214, "lamda": 0.09962233242153017}, "datetime": {"datetime": "2021-09-23 23:12:49", "elapsed": 13.797046, "delta": 0.415}}
{"target": 0.9180214384881947, "params": {"C": 1078.143069768811, "epsilon": 0.0943648777378669, "gamma": 0.058817940695245735, "lamda": 0.3593937206570151}, "datetime": {"datetime": "2021-09-23 23:12:49", "elapsed": 14.206046, "delta": 0.409}}
{"target": 0.9207489060862002, "params": {"C": 995.9563184070807, "epsilon": 0.12128915587303771, "gamma": 0.06259442214987324, "lamda": 0.12843371876400358}, "datetime": {"datetime": "2021-09-23 23:12:50", "elapsed": 14.640046, "delta": 0.434}}
{"target": 0.9113780853571322, "params": {"C": 980.7361031320511, "epsilon": 0.799390704162155, "gamma": 0.06558497066623334, "lamda": 0.09358558380939572}, "datetime": {"datetime": "2021-09-23 23:12:50", "elapsed": 15.033087, "delta": 0.393041}}
{"target": 0.9175112644455274, "params": {"C": 996.1451423538776, "epsilon": 0.3430885385850887, "gamma": 0.06486823597840788, "lamda": 0.025713950465293275}, "datetime": {"datetime": "2021-09-23 23:12:51", "elapsed": 15.591054, "delta": 0.557967}}
{"target": 0.9191928650087174, "params": {"C": 995.9902781573019, "epsilon": 0.2482443953968995, "gamma": 0.06560050046887074, "lamda": 0.05293778406992323}, "datetime": {"datetime": "2021-09-23 23:12:51", "elapsed": 16.015046, "delta": 0.423992}}
{"target": 0.9273751820580273, "params": {"C": 954.1825470539114, "epsilon": 0.2017905490580809, "gamma": 0.04462384292777033, "lamda": 0.06920136213550365}, "datetime": {"datetime": "2021-09-23 23:12:52", "elapsed": 16.510046, "delta": 0.495}}
{"target": 0.9128368465482399, "params": {"C": 1118.934460761621, "epsilon": 0.7234042494440275, "gamma": 0.055594425361332994, "lamda": 0.1144583620145433}, "datetime": {"datetime": "2021-09-23 23:12:52", "elapsed": 16.957054, "delta": 0.447008}}
{"target": 0.915067950177589, "params": {"C": 996.2399321975894, "epsilon": 0.17373421226827415, "gamma": 0.018396701405610408, "lamda": 0.04914753828407535}, "datetime": {"datetime": "2021-09-23 23:12:53", "elapsed": 17.528084, "delta": 0.57103}}
{"target": 0.9183419534334893, "params": {"C": 971.5679911872653, "epsilon": 0.24427516443253638, "gamma": 0.04275698348917677, "lamda": 0.21002385089840356}, "datetime": {"datetime": "2021-09-23 23:12:53", "elapsed": 17.952091, "delta": 0.424007}}
{"target": 0.9173097882884895, "params": {"C": 954.1956426170523, "epsilon": 0.03813286175554801, "gamma": 0.048718003215646656, "lamda": 0.043963515842365825}, "datetime": {"datetime": "2021-09-23 23:12:54", "elapsed": 18.709048, "delta": 0.756957}}
{"target": 0.9186884626704864, "params": {"C": 954.0770053097733, "epsilon": 0.27925167011139984, "gamma": 0.05332417699513405, "lamda": 0.16105693865904153}, "datetime": {"datetime": "2021-09-23 23:12:54", "elapsed": 19.165046, "delta": 0.455998}}
{"target": 0.9217219328200225, "params": {"C": 954.3218050761972, "epsilon": 0.1561936502334922, "gamma": 0.048930256363590476, "lamda": 0.19471928459699664}, "datetime": {"datetime": "2021-09-23 23:12:55", "elapsed": 19.786048, "delta": 0.621002}}
{"target": 0.9086426928829966, "params": {"C": 1102.8278103137718, "epsilon": 0.42886323970056983, "gamma": 0.030603898498155452, "lamda": 0.20413164893389565}, "datetime": {"datetime": "2021-09-23 23:12:55", "elapsed": 20.21105, "delta": 0.425002}}
{"target": 0.9261914065156567, "params": {"C": 982.6127832942299, "epsilon": 0.2096323317741907, "gamma": 0.03201451644597731, "lamda": 0.07323334572969678}, "datetime": {"datetime": "2021-09-23 23:12:56", "elapsed": 20.826053, "delta": 0.615003}}
{"target": 0.8976460258948848, "params": {"C": 982.6292215103449, "epsilon": 0.4242351423145021, "gamma": 0.01751495049703232, "lamda": 0.1510989244926132}, "datetime": {"datetime": "2021-09-23 23:12:56", "elapsed": 21.352051, "delta": 0.525998}}
{"target": 0.9247576860747737, "params": {"C": 1030.9823306810163, "epsilon": 0.06461716314599386, "gamma": 0.033718912082341186, "lamda": 0.27317741533332024}, "datetime": {"datetime": "2021-09-23 23:12:57", "elapsed": 21.795049, "delta": 0.442998}}
{"target": 0.9197901350737284, "params": {"C": 982.3340906348403, "epsilon": 0.0738217125880398, "gamma": 0.03255596457521881, "lamda": 0.010074972321365089}, "datetime": {"datetime": "2021-09-23 23:12:58", "elapsed": 22.524596, "delta": 0.729547}}
{"target": 0.9256186891364109, "params": {"C": 1104.250743876002, "epsilon": 0.09850624414764729, "gamma": 0.052105122995214616, "lamda": 0.10648470680180021}, "datetime": {"datetime": "2021-09-23 23:12:58", "elapsed": 23.077593, "delta": 0.552997}}
{"target": 0.9056045614869279, "params": {"C": 1104.1264500455454, "epsilon": 0.281064024883523, "gamma": 0.029328309011330586, "lamda": 0.35850641583434234}, "datetime": {"datetime": "2021-09-23 23:12:59", "elapsed": 23.699597, "delta": 0.622004}}
{"target": 0.9196803083055102, "params": {"C": 996.1049050826861, "epsilon": 0.03097444946494837, "gamma": 0.033787145047346874, "lamda": 0.023111643039098906}, "datetime": {"datetime": "2021-09-23 23:12:59", "elapsed": 24.2716, "delta": 0.572003}}
{"target": 0.910379651201935, "params": {"C": 1104.4639186867712, "epsilon": 0.13173408114531782, "gamma": 0.022224184822209073, "lamda": 0.2900123018085503}, "datetime": {"datetime": "2021-09-23 23:13:00", "elapsed": 24.742592, "delta": 0.470992}}
{"target": 0.8845306645323547, "params": {"C": 1030.8576550431426, "epsilon": 0.2221907058695208, "gamma": 0.010139409632339733, "lamda": 0.18766746668173853}, "datetime": {"datetime": "2021-09-23 23:13:00", "elapsed": 25.345601, "delta": 0.603009}}
{"target": 0.9094466082953083, "params": {"C": 1104.117578208303, "epsilon": 0.03, "gamma": 0.07, "lamda": 0.1904481064933408}, "datetime": {"datetime": "2021-09-23 23:13:01", "elapsed": 26.011592, "delta": 0.665991}}
{"target": 0.91996579803968, "params": {"C": 982.4472098329202, "epsilon": 0.20016387701924468, "gamma": 0.041106929246008006, "lamda": 0.20291760694579408}, "datetime": {"datetime": "2021-09-23 23:13:02", "elapsed": 26.549595, "delta": 0.538003}}
{"target": 0.9079066887344587, "params": {"C": 954.0456126753584, "epsilon": 0.1410679754170444, "gamma": 0.022167338432702695, "lamda": 0.0015247778997841068}, "datetime": {"datetime": "2021-09-23 23:13:02", "elapsed": 27.479592, "delta": 0.929997}}
{"target": 0.910473840802238, "params": {"C": 1103.8427693791305, "epsilon": 0.2121562813519773, "gamma": 0.027446234016696852, "lamda": 0.2856791376981919}, "datetime": {"datetime": "2021-09-23 23:13:03", "elapsed": 27.939596, "delta": 0.460004}}
{"target": 0.9186313165907795, "params": {"C": 1102.7155302253282, "epsilon": 0.41602432813207946, "gamma": 0.05865241832198205, "lamda": 0.0935931003695684}, "datetime": {"datetime": "2021-09-23 23:13:03", "elapsed": 28.410596, "delta": 0.471}}
{"target": 0.9081585749427695, "params": {"C": 1119.1757214223965, "epsilon": 0.25597798420827467, "gamma": 0.06559187778085611, "lamda": 0.3611023605156928}, "datetime": {"datetime": "2021-09-23 23:13:04", "elapsed": 28.879589, "delta": 0.468993}}
{"target": 0.9029052397415673, "params": {"C": 954.1665194254693, "epsilon": 0.06174087712235941, "gamma": 0.013783284918616117, "lamda": 0.30656801135833917}, "datetime": {"datetime": "2021-09-23 23:13:04", "elapsed": 29.399594, "delta": 0.520005}}
{"target": 0.9027100399375452, "params": {"C": 1034.3158452018645, "epsilon": 0.7695819628835003, "gamma": 0.06045065778099424, "lamda": 0.21462818631946584}, "datetime": {"datetime": "2021-09-23 23:13:05", "elapsed": 29.830594, "delta": 0.431}}
{"target": 0.9159837215971931, "params": {"C": 954.2864118050286, "epsilon": 0.2948129227449812, "gamma": 0.07, "lamda": 0.10629521971756149}, "datetime": {"datetime": "2021-09-23 23:13:05", "elapsed": 30.424594, "delta": 0.594}}
{"target": 0.8796488228984952, "params": {"C": 996.0637077652676, "epsilon": 0.1620222792721663, "gamma": 0.01, "lamda": 0.001}, "datetime": {"datetime": "2021-09-23 23:13:07", "elapsed": 31.76361, "delta": 1.339016}}
{"target": 0.9056854364278786, "params": {"C": 1031.0021158151612, "epsilon": 0.1004328716773949, "gamma": 0.016380152214612538, "lamda": 0.24814473280845495}, "datetime": {"datetime": "2021-09-23 23:13:07", "elapsed": 32.252604, "delta": 0.488994}}
{"target": 0.9206799769440288, "params": {"C": 995.9867842571381, "epsilon": 0.17701136051904998, "gamma": 0.06203550443237594, "lamda": 0.06153998131204506}, "datetime": {"datetime": "2021-09-23 23:13:08", "elapsed": 32.779605, "delta": 0.527001}}
{"target": 0.9085658119111529, "params": {"C": 1104.2752922423895, "epsilon": 0.05384490717726495, "gamma": 0.016458556658299178, "lamda": 0.3492393131802708}, "datetime": {"datetime": "2021-09-23 23:13:08", "elapsed": 33.281601, "delta": 0.501996}}
{"target": 0.9032645500077736, "params": {"C": 1028.3901060826474, "epsilon": 0.03801425058959908, "gamma": 0.012723914076975658, "lamda": 0.2474041442078309}, "datetime": {"datetime": "2021-09-23 23:13:09", "elapsed": 33.794602, "delta": 0.513001}}
{"target": 0.9270316477755977, "params": {"C": 954.2155255773042, "epsilon": 0.18317402912420128, "gamma": 0.04752210900040585, "lamda": 0.07017015639431905}, "datetime": {"datetime": "2021-09-23 23:13:09", "elapsed": 34.297606, "delta": 0.503004}}
{"target": 0.8697302408615195, "params": {"C": 1022.7554837093555, "epsilon": 0.723909244098786, "gamma": 0.016547865355545414, "lamda": 0.3665853435181578}, "datetime": {"datetime": "2021-09-23 23:13:10", "elapsed": 34.780645, "delta": 0.483039}}
{"target": 0.9204537218327581, "params": {"C": 1104.2402149282623, "epsilon": 0.11423631426042151, "gamma": 0.05407854895834412, "lamda": 0.259269162988324}, "datetime": {"datetime": "2021-09-23 23:13:10", "elapsed": 35.294604, "delta": 0.513959}}
{"target": 0.9173246459197572, "params": {"C": 954.3069989366459, "epsilon": 0.2456447383843236, "gamma": 0.05070808610281612, "lamda": 0.22332011223092874}, "datetime": {"datetime": "2021-09-23 23:13:11", "elapsed": 35.834603, "delta": 0.539999}}
{"target": 0.89908147951162, "params": {"C": 1135.395660300773, "epsilon": 0.9536415485667779, "gamma": 0.015188328390230318, "lamda": 0.04149861486142341}, "datetime": {"datetime": "2021-09-23 23:13:11", "elapsed": 36.399599, "delta": 0.564996}}
{"target": 0.9012856828532654, "params": {"C": 1036.2573066492355, "epsilon": 0.44648293359166236, "gamma": 0.028775607302263473, "lamda": 0.29363790168061665}, "datetime": {"datetime": "2021-09-23 23:13:12", "elapsed": 36.888647, "delta": 0.489048}}
{"target": 0.8963433801585771, "params": {"C": 956.2274405442815, "epsilon": 0.5931835434233267, "gamma": 0.015365777078472266, "lamda": 0.08721564339898263}, "datetime": {"datetime": "2021-09-23 23:13:12", "elapsed": 37.43161, "delta": 0.542963}}
{"target": 0.9114933852305293, "params": {"C": 982.5801774943334, "epsilon": 0.226244522775084, "gamma": 0.06353393951961091, "lamda": 0.021663734880561645}, "datetime": {"datetime": "2021-09-23 23:13:13", "elapsed": 38.12264, "delta": 0.69103}}
{"target": 0.9176850235873786, "params": {"C": 983.8055627900155, "epsilon": 0.08333755853124372, "gamma": 0.06034625521770918, "lamda": 0.37110537972593094}, "datetime": {"datetime": "2021-09-23 23:13:14", "elapsed": 38.652166, "delta": 0.529526}}
