{"target": 0.9257231656849241, "params": {"C": 1904.280636033825, "epsilon": 0.07880509737616082, "gamma": 0.05176549572840236, "lamda": 0.13601149577105492}, "datetime": {"datetime": "2021-09-24 09:26:21", "elapsed": 175.581096, "delta": 1.163606}}
{"target": 0.8938433603214351, "params": {"C": 1990.4634384570743, "epsilon": 0.8845577604014204, "gamma": 0.06726095454254982, "lamda": 0.2664105709497139}, "datetime": {"datetime": "2021-09-24 09:26:22", "elapsed": 176.486902, "delta": 0.905806}}
{"target": 0.9178028186896926, "params": {"C": 2034.3786747035801, "epsilon": 0.1492043483072869, "gamma": 0.037403287297917386, "lamda": 0.33060460316251084}, "datetime": {"datetime": "2021-09-24 09:26:23", "elapsed": 177.447125, "delta": 0.960223}}
{"target": 0.912009253575826, "params": {"C": 2084.719791437841, "epsilon": 0.35334958591303156, "gamma": 0.03294353803791373, "lamda": 0.2105446967346407}, "datetime": {"datetime": "2021-09-24 09:26:24", "elapsed": 178.421523, "delta": 0.974398}}
{"target": 0.9279371730792564, "params": {"C": 2023.297097078371, "epsilon": 0.905792366489505, "gamma": 0.026419496068691997, "lamda": 0.0028421042458847186}, "datetime": {"datetime": "2021-09-24 09:26:25", "elapsed": 179.452375, "delta": 1.030852}}
{"target": 0.901216758228393, "params": {"C": 2024.3567159201257, "epsilon": 0.7779513838105001, "gamma": 0.03301129464586619, "lamda": 0.20481887528168644}, "datetime": {"datetime": "2021-09-24 09:26:26", "elapsed": 180.424243, "delta": 0.971868}}
{"target": 0.9230464607612336, "params": {"C": 2006.3718874468198, "epsilon": 0.16219891667538847, "gamma": 0.053338039592333276, "lamda": 0.04117078122560392}, "datetime": {"datetime": "2021-09-24 09:26:27", "elapsed": 181.839735, "delta": 1.415492}}
{"target": 0.9239217446071908, "params": {"C": 1964.674266310516, "epsilon": 0.15604013606188918, "gamma": 0.028239496966688267, "lamda": 0.10349314056274374}, "datetime": {"datetime": "2021-09-24 09:26:28", "elapsed": 182.812607, "delta": 0.972872}}
{"target": 0.9195253461009296, "params": {"C": 1904.4721616889083, "epsilon": 0.03883139751465379, "gamma": 0.06302330095228936, "lamda": 0.27568962506179046}, "datetime": {"datetime": "2021-09-24 09:26:30", "elapsed": 184.371485, "delta": 1.558878}}
{"target": 0.9247479401686801, "params": {"C": 2049.640496777865, "epsilon": 0.16639762971900154, "gamma": 0.04874018671268525, "lamda": 0.11928729011511484}, "datetime": {"datetime": "2021-09-24 09:26:31", "elapsed": 185.728254, "delta": 1.356769}}
{"target": 0.9169866148900818, "params": {"C": 2053.2655617474625, "epsilon": 0.4889046577650781, "gamma": 0.049630438389016915, "lamda": 0.1214552521541905}, "datetime": {"datetime": "2021-09-24 09:26:32", "elapsed": 186.686717, "delta": 0.958463}}
{"target": 0.9073700621866515, "params": {"C": 2006.3303162754626, "epsilon": 0.0833875790178447, "gamma": 0.06837735494091725, "lamda": 0.058812793598362875}, "datetime": {"datetime": "2021-09-24 09:26:33", "elapsed": 187.875552, "delta": 1.188835}}
{"target": 0.9282132303573737, "params": {"C": 1946.1108121848679, "epsilon": 0.18201606866326672, "gamma": 0.03834986356727789, "lamda": 0.02109851519364288}, "datetime": {"datetime": "2021-09-24 09:26:34", "elapsed": 189.044642, "delta": 1.16909}}
{"target": 0.9158864169399166, "params": {"C": 2023.2499756941966, "epsilon": 0.9131943680751998, "gamma": 0.06942710611651237, "lamda": 0.035644596173606054}, "datetime": {"datetime": "2021-09-24 09:26:36", "elapsed": 190.395901, "delta": 1.351259}}
{"target": 0.9007092400755671, "params": {"C": 1978.326196593739, "epsilon": 0.8689558899552464, "gamma": 0.03991076940820488, "lamda": 0.21928658974679768}, "datetime": {"datetime": "2021-09-24 09:26:37", "elapsed": 191.439211, "delta": 1.04331}}
{"target": 0.9006355702390411, "params": {"C": 2066.197700748491, "epsilon": 0.4501279224740865, "gamma": 0.06925388723128682, "lamda": 0.34122235652654853}, "datetime": {"datetime": "2021-09-24 09:26:38", "elapsed": 192.51896, "delta": 1.079749}}
{"target": 0.9310715022314935, "params": {"C": 2006.0520858456775, "epsilon": 0.03211031902180347, "gamma": 0.03213680951606993, "lamda": 0.11586514577578597}, "datetime": {"datetime": "2021-09-24 09:26:39", "elapsed": 193.492095, "delta": 0.973135}}
{"target": 0.896976829624599, "params": {"C": 2039.494196185017, "epsilon": 0.8179732043622379, "gamma": 0.05077892836585951, "lamda": 0.2910764569900695}, "datetime": {"datetime": "2021-09-24 09:26:40", "elapsed": 194.476769, "delta": 0.984674}}
{"target": 0.9209619441403597, "params": {"C": 2032.715092186575, "epsilon": 0.04824946173756156, "gamma": 0.060494709907194924, "lamda": 0.21110957391993862}, "datetime": {"datetime": "2021-09-24 09:26:41", "elapsed": 195.658964, "delta": 1.182195}}
{"target": 0.9241310683002841, "params": {"C": 1904.327893072708, "epsilon": 0.12857195368397906, "gamma": 0.04004747561809014, "lamda": 0.18195401282803367}, "datetime": {"datetime": "2021-09-24 09:26:42", "elapsed": 196.892312, "delta": 1.233348}}
{"target": 0.9174596672397305, "params": {"C": 1904.297652813757, "epsilon": 0.03831879120247576, "gamma": 0.06221469197883082, "lamda": 0.1774811020475106}, "datetime": {"datetime": "2021-09-24 09:26:43", "elapsed": 198.208126, "delta": 1.315814}}
{"target": 0.9154894723750876, "params": {"C": 1911.1465307984884, "epsilon": 0.5248416812960333, "gamma": 0.06082391713066613, "lamda": 0.1044609914273352}, "datetime": {"datetime": "2021-09-24 09:26:44", "elapsed": 199.263251, "delta": 1.055125}}
{"target": 0.9264070281874655, "params": {"C": 2006.370585177466, "epsilon": 0.10350997102925413, "gamma": 0.03926444936531913, "lamda": 0.1632042629312581}, "datetime": {"datetime": "2021-09-24 09:26:46", "elapsed": 200.481136, "delta": 1.217885}}
{"target": 0.8989613097417297, "params": {"C": 1908.207865096549, "epsilon": 0.26114421351733064, "gamma": 0.011317018052231925, "lamda": 0.06967605424000176}, "datetime": {"datetime": "2021-09-24 09:26:47", "elapsed": 201.630642, "delta": 1.149506}}
{"target": 0.9196134898708042, "params": {"C": 2006.3821890234904, "epsilon": 0.12871371652250577, "gamma": 0.021295804185782537, "lamda": 0.1022819633112189}, "datetime": {"datetime": "2021-09-24 09:26:48", "elapsed": 203.004915, "delta": 1.374273}}
{"target": 0.9149270391390918, "params": {"C": 2015.6932996608195, "epsilon": 0.23435641908216923, "gamma": 0.06620260516889882, "lamda": 0.19368359311872285}, "datetime": {"datetime": "2021-09-24 09:26:49", "elapsed": 204.068102, "delta": 1.063187}}
{"target": 0.9275203266652575, "params": {"C": 1983.9568246993733, "epsilon": 0.11365902581868549, "gamma": 0.03752459875973424, "lamda": 0.12658616511846316}, "datetime": {"datetime": "2021-09-24 09:26:50", "elapsed": 205.129415, "delta": 1.061313}}
{"target": 0.8906436177648571, "params": {"C": 2000.9335242886234, "epsilon": 0.2098862450273653, "gamma": 0.01269391680920132, "lamda": 0.2258706608179359}, "datetime": {"datetime": "2021-09-24 09:26:51", "elapsed": 206.074592, "delta": 0.945177}}
{"target": 0.9024711845558893, "params": {"C": 2006.2794193930213, "epsilon": 0.04598429925145993, "gamma": 0.010051051487083365, "lamda": 0.1530683273420804}, "datetime": {"datetime": "2021-09-24 09:26:53", "elapsed": 208.067, "delta": 1.992408}}
{"target": 0.9110641721290924, "params": {"C": 2084.048090105439, "epsilon": 0.5735154209906408, "gamma": 0.02973259303678314, "lamda": 0.11971657020548479}, "datetime": {"datetime": "2021-09-24 09:26:54", "elapsed": 209.072559, "delta": 1.005559}}
{"target": 0.9213266926209591, "params": {"C": 2006.176290167319, "epsilon": 0.10177297206489558, "gamma": 0.061209568438213034, "lamda": 0.15195951359316126}, "datetime": {"datetime": "2021-09-24 09:26:56", "elapsed": 210.34665, "delta": 1.274091}}
{"target": 0.9222563431217337, "params": {"C": 1945.8771523042637, "epsilon": 0.08746472376617465, "gamma": 0.020295063844287003, "lamda": 0.09571151682679205}, "datetime": {"datetime": "2021-09-24 09:26:57", "elapsed": 211.605609, "delta": 1.258959}}
{"target": 0.9273780004240444, "params": {"C": 1932.3973853018176, "epsilon": 0.19595394262943192, "gamma": 0.0377131802679695, "lamda": 0.07771529883024396}, "datetime": {"datetime": "2021-09-24 09:26:58", "elapsed": 213.20641, "delta": 1.600801}}
{"target": 0.9164106953621218, "params": {"C": 1908.17056084544, "epsilon": 0.18541947584234378, "gamma": 0.06641239282448082, "lamda": 0.04585813265191504}, "datetime": {"datetime": "2021-09-24 09:27:00", "elapsed": 214.47141, "delta": 1.265}}
{"target": 0.8953995863536954, "params": {"C": 1987.9690095302367, "epsilon": 0.988027579060858, "gamma": 0.031209914705645617, "lamda": 0.20730164403035167}, "datetime": {"datetime": "2021-09-24 09:27:01", "elapsed": 215.529419, "delta": 1.058009}}
{"target": 0.9304790475259914, "params": {"C": 1932.3690522027907, "epsilon": 0.19991946766839627, "gamma": 0.034834149227292444, "lamda": 0.020393636647516228}, "datetime": {"datetime": "2021-09-24 09:27:02", "elapsed": 216.925385, "delta": 1.395966}}
{"target": 0.9283032735210986, "params": {"C": 1904.2006009216168, "epsilon": 0.06091909650415633, "gamma": 0.03736675582225756, "lamda": 0.1949321971419073}, "datetime": {"datetime": "2021-09-24 09:27:04", "elapsed": 218.360909, "delta": 1.435524}}
{"target": 0.9221108649003498, "params": {"C": 1932.556416176203, "epsilon": 0.20194980395523512, "gamma": 0.02209505869582457, "lamda": 0.05527840971801416}, "datetime": {"datetime": "2021-09-24 09:27:05", "elapsed": 219.585242, "delta": 1.224333}}
{"target": 0.9237189404151342, "params": {"C": 1904.381271977032, "epsilon": 0.06988134866594799, "gamma": 0.05568507279172656, "lamda": 0.14177292902178987}, "datetime": {"datetime": "2021-09-24 09:27:06", "elapsed": 221.231952, "delta": 1.64671}}
{"target": 0.9170124241191326, "params": {"C": 1945.128154394366, "epsilon": 0.3443541348215683, "gamma": 0.07, "lamda": 0.060998686442758986}, "datetime": {"datetime": "2021-09-24 09:27:08", "elapsed": 222.865398, "delta": 1.633446}}
{"target": 0.9201684735794559, "params": {"C": 2019.1646474321974, "epsilon": 0.5757449217646384, "gamma": 0.03205621290709548, "lamda": 0.054385526665321274}, "datetime": {"datetime": "2021-09-24 09:27:09", "elapsed": 224.182919, "delta": 1.317521}}
{"target": 0.83997269611439, "params": {"C": 1932.4226504957016, "epsilon": 0.27599063186100814, "gamma": 0.06566657195942913, "lamda": 0.0020463388494749565}, "datetime": {"datetime": "2021-09-24 09:27:11", "elapsed": 225.772806, "delta": 1.589887}}
{"target": 0.9198994725303422, "params": {"C": 2017.6695793124363, "epsilon": 0.6306722498829271, "gamma": 0.05410018427307728, "lamda": 0.008949603825385368}, "datetime": {"datetime": "2021-09-24 09:27:12", "elapsed": 226.924067, "delta": 1.151261}}
{"target": 0.8712112751243352, "params": {"C": 1927.4884797494517, "epsilon": 0.9066557613141163, "gamma": 0.016501499343136012, "lamda": 0.28026277813654543}, "datetime": {"datetime": "2021-09-24 09:27:13", "elapsed": 228.10726, "delta": 1.183193}}
{"target": 0.9207116159102818, "params": {"C": 1904.383733081866, "epsilon": 0.06171080765945409, "gamma": 0.06028223895571385, "lamda": 0.14156499981518395}, "datetime": {"datetime": "2021-09-24 09:27:15", "elapsed": 229.293414, "delta": 1.186154}}
{"target": 0.9210723998053111, "params": {"C": 2006.1021339697218, "epsilon": 0.12705306056011084, "gamma": 0.06192169971328682, "lamda": 0.10237980220053851}, "datetime": {"datetime": "2021-09-24 09:27:16", "elapsed": 230.874336, "delta": 1.580922}}
{"target": 0.9232677671819698, "params": {"C": 1946.013605851968, "epsilon": 0.24967048516841409, "gamma": 0.0488667848257034, "lamda": 0.10377047515349642}, "datetime": {"datetime": "2021-09-24 09:27:17", "elapsed": 232.123114, "delta": 1.248778}}
{"target": 0.8894612623334475, "params": {"C": 1932.356301491495, "epsilon": 0.15775737822078661, "gamma": 0.06452455979028547, "lamda": 0.014578772074667061}, "datetime": {"datetime": "2021-09-24 09:27:19", "elapsed": 233.444541, "delta": 1.321427}}
{"target": 0.908882235400809, "params": {"C": 2075.193920994467, "epsilon": 0.8695954284945514, "gamma": 0.01617549865772478, "lamda": 0.021386879150166193}, "datetime": {"datetime": "2021-09-24 09:27:20", "elapsed": 234.750439, "delta": 1.305898}}
{"target": 0.9268940968272757, "params": {"C": 1972.220995050428, "epsilon": 0.04293243332465948, "gamma": 0.04071505288968297, "lamda": 0.3197623223910071}, "datetime": {"datetime": "2021-09-24 09:27:21", "elapsed": 235.949751, "delta": 1.199312}}
{"target": 0.9132858567715887, "params": {"C": 2039.9684712163726, "epsilon": 0.5328001993768217, "gamma": 0.04703599159159425, "lamda": 0.1612844200684688}, "datetime": {"datetime": "2021-09-24 09:27:22", "elapsed": 237.067898, "delta": 1.118147}}
{"target": 0.9151723655322954, "params": {"C": 1904.1041857559371, "epsilon": 0.057801543330766446, "gamma": 0.06816003291474733, "lamda": 0.1418073513051213}, "datetime": {"datetime": "2021-09-24 09:27:24", "elapsed": 238.794599, "delta": 1.726701}}
{"target": 0.9071217790049709, "params": {"C": 1904.2662998962005, "epsilon": 0.05436368468100544, "gamma": 0.012471169910924632, "lamda": 0.18493119257895133}, "datetime": {"datetime": "2021-09-24 09:27:26", "elapsed": 240.335213, "delta": 1.540614}}
{"target": 0.9119775369867915, "params": {"C": 1945.1727392190423, "epsilon": 0.374687931676416, "gamma": 0.02269305105014425, "lamda": 0.0948360656119474}, "datetime": {"datetime": "2021-09-24 09:27:28", "elapsed": 242.33559, "delta": 2.000377}}
{"target": 0.9160942161390868, "params": {"C": 1946.1993687352121, "epsilon": 0.14952375896308667, "gamma": 0.021053346928699944, "lamda": 0.12649923170846217}, "datetime": {"datetime": "2021-09-24 09:27:29", "elapsed": 244.023517, "delta": 1.687927}}
{"target": 0.9267818804835022, "params": {"C": 2073.584453503873, "epsilon": 0.511838440358819, "gamma": 0.032084512701911067, "lamda": 0.00433587522975978}, "datetime": {"datetime": "2021-09-24 09:27:31", "elapsed": 245.538351, "delta": 1.514834}}
{"target": 0.9153729786520846, "params": {"C": 2032.7079225699895, "epsilon": 0.08056654998610699, "gamma": 0.02241371015146093, "lamda": 0.2796618221410583}, "datetime": {"datetime": "2021-09-24 09:27:33", "elapsed": 247.551083, "delta": 2.012732}}
{"target": 0.9256949310355227, "params": {"C": 1946.0226713590184, "epsilon": 0.2054116658916157, "gamma": 0.04286470468027994, "lamda": 0.09611204978410727}, "datetime": {"datetime": "2021-09-24 09:27:34", "elapsed": 249.279062, "delta": 1.727979}}
{"target": 0.9044277007160951, "params": {"C": 2005.8658496437452, "epsilon": 0.4710866968149353, "gamma": 0.06067348889690649, "lamda": 0.30473691415270376}, "datetime": {"datetime": "2021-09-24 09:27:36", "elapsed": 250.46243, "delta": 1.183368}}
{"target": 0.9132115009166094, "params": {"C": 2003.841905583338, "epsilon": 0.9957457242159313, "gamma": 0.03410370304809121, "lamda": 0.06971160003567652}, "datetime": {"datetime": "2021-09-24 09:27:37", "elapsed": 251.85343, "delta": 1.391}}
{"target": 0.9165193634177647, "params": {"C": 1932.5008648198273, "epsilon": 0.1054192129414369, "gamma": 0.06382493203018003, "lamda": 0.06730325863864625}, "datetime": {"datetime": "2021-09-24 09:27:39", "elapsed": 253.95068, "delta": 2.09725}}
{"target": 0.9265074981738444, "params": {"C": 1932.5272533726852, "epsilon": 0.2536153756561282, "gamma": 0.022275246046510856, "lamda": 0.020103681915301787}, "datetime": {"datetime": "2021-09-24 09:27:41", "elapsed": 255.661934, "delta": 1.711254}}
{"target": 0.9262254512254322, "params": {"C": 1946.1335293429518, "epsilon": 0.17708140050379428, "gamma": 0.04834357487843718, "lamda": 0.08512228574416969}, "datetime": {"datetime": "2021-09-24 09:27:43", "elapsed": 257.567514, "delta": 1.90558}}
{"target": 0.9290978304293902, "params": {"C": 2006.4315941666712, "epsilon": 0.032685856581924, "gamma": 0.03878451164461775, "lamda": 0.13439908606659265}, "datetime": {"datetime": "2021-09-24 09:27:45", "elapsed": 259.553161, "delta": 1.985647}}
{"target": 0.9099842319946523, "params": {"C": 1925.8070700929366, "epsilon": 0.3990254428055038, "gamma": 0.04580886577930534, "lamda": 0.27796289631313376}, "datetime": {"datetime": "2021-09-24 09:27:46", "elapsed": 260.97359, "delta": 1.420429}}
{"target": 0.897013624402283, "params": {"C": 1967.1063439377053, "epsilon": 0.5984587817127524, "gamma": 0.03314308659796798, "lamda": 0.32768291376103525}, "datetime": {"datetime": "2021-09-24 09:27:48", "elapsed": 262.36314, "delta": 1.38955}}
{"target": 0.919462698185001, "params": {"C": 2006.0836075037757, "epsilon": 0.059829574750542805, "gamma": 0.06263686661214747, "lamda": 0.1513109762292796}, "datetime": {"datetime": "2021-09-24 09:27:49", "elapsed": 263.869358, "delta": 1.506218}}
{"target": 0.9218786382722693, "params": {"C": 2054.3054560730266, "epsilon": 0.04298463142387856, "gamma": 0.05907557222880003, "lamda": 0.27638231564722343}, "datetime": {"datetime": "2021-09-24 09:27:51", "elapsed": 265.610358, "delta": 1.741}}
{"target": 0.8963362367112583, "params": {"C": 2026.0860954717446, "epsilon": 0.6790756925570854, "gamma": 0.06453993982117275, "lamda": 0.317068464075257}, "datetime": {"datetime": "2021-09-24 09:27:52", "elapsed": 266.843297, "delta": 1.232939}}
{"target": 0.9264746213554341, "params": {"C": 1904.1262140672611, "epsilon": 0.10381287550116694, "gamma": 0.036706111551344275, "lamda": 0.15705218531881418}, "datetime": {"datetime": "2021-09-24 09:27:54", "elapsed": 268.644288, "delta": 1.800991}}
{"target": 0.9132513342440255, "params": {"C": 1904.1924547840713, "epsilon": 0.055114651188599394, "gamma": 0.014758269361193246, "lamda": 0.14651596459415853}, "datetime": {"datetime": "2021-09-24 09:27:56", "elapsed": 270.393155, "delta": 1.748867}}
{"target": 0.9141357642376912, "params": {"C": 1970.6314663578503, "epsilon": 0.21658840424194875, "gamma": 0.02881575997328912, "lamda": 0.22351033675314216}, "datetime": {"datetime": "2021-09-24 09:27:57", "elapsed": 271.966703, "delta": 1.573548}}
{"target": 0.9142539202895001, "params": {"C": 1941.867296617783, "epsilon": 0.6695675653721247, "gamma": 0.0660586324365274, "lamda": 0.0781986224354041}, "datetime": {"datetime": "2021-09-24 09:27:59", "elapsed": 273.419786, "delta": 1.453083}}
{"target": 0.9182230558690642, "params": {"C": 2002.1299200174662, "epsilon": 0.8633449345826142, "gamma": 0.06328709019955386, "lamda": 0.036195078348426564}, "datetime": {"datetime": "2021-09-24 09:28:00", "elapsed": 275.133481, "delta": 1.713695}}
{"target": 0.9197630357661647, "params": {"C": 1932.4788907332177, "epsilon": 0.08655916762269178, "gamma": 0.017612738761286908, "lamda": 0.06333388672591803}, "datetime": {"datetime": "2021-09-24 09:28:03", "elapsed": 277.293266, "delta": 2.159785}}
{"target": 0.9215005352039314, "params": {"C": 1904.1925909764516, "epsilon": 0.05132546891301878, "gamma": 0.0591787886297926, "lamda": 0.18016512105706464}, "datetime": {"datetime": "2021-09-24 09:28:04", "elapsed": 279.242758, "delta": 1.949492}}
{"target": 0.9083471192397142, "params": {"C": 2041.0321632621938, "epsilon": 0.3855008869197727, "gamma": 0.029459514715263722, "lamda": 0.21789917067271516}, "datetime": {"datetime": "2021-09-24 09:28:06", "elapsed": 280.820829, "delta": 1.578071}}
{"target": 0.9167118173214824, "params": {"C": 2019.2165515032605, "epsilon": 0.5875908429851665, "gamma": 0.05678938767755985, "lamda": 0.008785304337632392}, "datetime": {"datetime": "2021-09-24 09:28:08", "elapsed": 282.79759, "delta": 1.976761}}
{"target": 0.9296194950587637, "params": {"C": 2006.1358897998157, "epsilon": 0.08927252818850837, "gamma": 0.030797997773526452, "lamda": 0.09479736922367037}, "datetime": {"datetime": "2021-09-24 09:28:10", "elapsed": 284.689029, "delta": 1.891439}}
{"target": 0.9288754969646227, "params": {"C": 1946.196234378189, "epsilon": 0.10103038622290009, "gamma": 0.04199591695663441, "lamda": 0.1028535030789226}, "datetime": {"datetime": "2021-09-24 09:28:12", "elapsed": 286.972064, "delta": 2.283035}}
{"target": 0.9263370897647946, "params": {"C": 1932.5150300947043, "epsilon": 0.1872420928694987, "gamma": 0.024463170268252107, "lamda": 0.04649479888633071}, "datetime": {"datetime": "2021-09-24 09:28:14", "elapsed": 288.631799, "delta": 1.659735}}
{"target": 0.9206814606633368, "params": {"C": 1946.10892006381, "epsilon": 0.11725113728348788, "gamma": 0.025879926248407743, "lamda": 0.1603942814427147}, "datetime": {"datetime": "2021-09-24 09:28:16", "elapsed": 290.776911, "delta": 2.145112}}
{"target": 0.9237505705801115, "params": {"C": 1945.9825129694264, "epsilon": 0.23680038476691428, "gamma": 0.055500250892496564, "lamda": 0.06904542713623295}, "datetime": {"datetime": "2021-09-24 09:28:18", "elapsed": 292.680344, "delta": 1.903433}}
{"target": 0.9105476677615849, "params": {"C": 2006.3081594931566, "epsilon": 0.13206438064509374, "gamma": 0.014730328021307661, "lamda": 0.09022557594960412}, "datetime": {"datetime": "2021-09-24 09:28:20", "elapsed": 294.629451, "delta": 1.949107}}
{"target": 0.9266887680298108, "params": {"C": 1904.2928152671034, "epsilon": 0.14266069057836064, "gamma": 0.042710792119034655, "lamda": 0.11524611948821734}, "datetime": {"datetime": "2021-09-24 09:28:22", "elapsed": 296.354352, "delta": 1.724901}}
{"target": 0.9045544311368775, "params": {"C": 1947.3316991012277, "epsilon": 0.8203224586898195, "gamma": 0.03468971127098242, "lamda": 0.16680464059172936}, "datetime": {"datetime": "2021-09-24 09:28:23", "elapsed": 297.676603, "delta": 1.322251}}
{"target": 0.9145566190584927, "params": {"C": 1946.2072134635212, "epsilon": 0.08960728643844032, "gamma": 0.03552353173522024, "lamda": 0.010141233952902777}, "datetime": {"datetime": "2021-09-24 09:28:25", "elapsed": 299.642242, "delta": 1.965639}}
{"target": 0.8911959100377559, "params": {"C": 1974.298357953239, "epsilon": 0.789949519200054, "gamma": 0.055509346028482155, "lamda": 0.37012318832676455}, "datetime": {"datetime": "2021-09-24 09:28:26", "elapsed": 301.158625, "delta": 1.516383}}
