{"target": 0.9159316946787608, "params": {"C": 578.6846615914793, "epsilon": 0.22354265973125065, "gamma": 0.08344452082358905, "lamda": 0.08991553019674481}, "datetime": {"datetime": "2021-09-23 10:54:26", "elapsed": 202.647034, "delta": 1.711591}}
{"target": 0.9175334325058129, "params": {"C": 549.3673893637796, "epsilon": 0.2068689871723216, "gamma": 0.06087794227530881, "lamda": 0.09869126793329291}, "datetime": {"datetime": "2021-09-23 10:54:28", "elapsed": 204.436685, "delta": 1.789651}}
{"target": 0.9148531881982644, "params": {"C": 583.2444947486871, "epsilon": 0.19335036067648753, "gamma": 0.08118580251317561, "lamda": 0.06276994175642822}, "datetime": {"datetime": "2021-09-23 10:54:30", "elapsed": 206.276035, "delta": 1.83935}}
{"target": 0.9173491270298866, "params": {"C": 583.2265322417061, "epsilon": 0.24952965772504251, "gamma": 0.061565425634438654, "lamda": 0.0977308690876177}, "datetime": {"datetime": "2021-09-23 10:54:31", "elapsed": 208.216732, "delta": 1.940697}}
{"target": 0.9155941862937256, "params": {"C": 482.3674600067485, "epsilon": 0.33666747046023887, "gamma": 0.07060495735282281, "lamda": 0.10963084086163899}, "datetime": {"datetime": "2021-09-23 10:54:33", "elapsed": 209.415521, "delta": 1.198789}}
{"target": 0.9174922894503419, "params": {"C": 578.7395431212223, "epsilon": 0.22298911032584567, "gamma": 0.06, "lamda": 0.0985837782008081}, "datetime": {"datetime": "2021-09-23 10:54:35", "elapsed": 211.307675, "delta": 1.892154}}
{"target": 0.9180091000097199, "params": {"C": 583.9221699303744, "epsilon": 0.1716980773282705, "gamma": 0.06324706136317546, "lamda": 0.1222543287519702}, "datetime": {"datetime": "2021-09-23 10:54:36", "elapsed": 212.82005, "delta": 1.512375}}
{"target": 0.9174793437582046, "params": {"C": 521.676995899162, "epsilon": 0.19119225994629385, "gamma": 0.06206011031112393, "lamda": 0.11093774658440479}, "datetime": {"datetime": "2021-09-23 10:54:38", "elapsed": 214.689653, "delta": 1.869603}}
{"target": 0.9170486004822963, "params": {"C": 598.7991337976844, "epsilon": 0.307770066234448, "gamma": 0.06664935201565368, "lamda": 0.09105598064146402}, "datetime": {"datetime": "2021-09-23 10:54:40", "elapsed": 216.444559, "delta": 1.754906}}
{"target": 0.9177534326302947, "params": {"C": 583.9179323891303, "epsilon": 0.15266107831242626, "gamma": 0.07288407023970571, "lamda": 0.10757422339963835}, "datetime": {"datetime": "2021-09-23 10:54:42", "elapsed": 218.527158, "delta": 2.082599}}
{"target": 0.9159243630598799, "params": {"C": 575.9553659058743, "epsilon": 0.16440075996148537, "gamma": 0.06488185724369179, "lamda": 0.05554912185452007}, "datetime": {"datetime": "2021-09-23 10:54:43", "elapsed": 219.930255, "delta": 1.403097}}
{"target": 0.9150680706144186, "params": {"C": 583.2729590302979, "epsilon": 0.24155306178867944, "gamma": 0.08774269685240467, "lamda": 0.09502821310907579}, "datetime": {"datetime": "2021-09-23 10:54:45", "elapsed": 222.225839, "delta": 2.295584}}
{"target": 0.9141044070889809, "params": {"C": 513.5530582780581, "epsilon": 0.23719743037978386, "gamma": 0.08205009213653863, "lamda": 0.04749047738890519}, "datetime": {"datetime": "2021-09-23 10:54:47", "elapsed": 223.802715, "delta": 1.576876}}
{"target": 0.9140868319984545, "params": {"C": 418.86290373692424, "epsilon": 0.3140175830461973, "gamma": 0.063250749671568, "lamda": 0.13248833901520846}, "datetime": {"datetime": "2021-09-23 10:54:49", "elapsed": 225.512703, "delta": 1.709988}}
{"target": 0.9177441685255031, "params": {"C": 582.192720592974, "epsilon": 0.32447946250975745, "gamma": 0.06517985677057073, "lamda": 0.04614428213416717}, "datetime": {"datetime": "2021-09-23 10:54:50", "elapsed": 227.222883, "delta": 1.71018}}
{"target": 0.9165651642585928, "params": {"C": 583.9148700009731, "epsilon": 0.1838194655890843, "gamma": 0.07880050642492556, "lamda": 0.08665767974711062}, "datetime": {"datetime": "2021-09-23 10:54:52", "elapsed": 229.214398, "delta": 1.991515}}
{"target": 0.9149933170605565, "params": {"C": 599.52780399872, "epsilon": 0.26560009580308785, "gamma": 0.06182149823194113, "lamda": 0.13546729504002775}, "datetime": {"datetime": "2021-09-23 10:54:54", "elapsed": 230.636329, "delta": 1.421931}}
{"target": 0.9157701126619281, "params": {"C": 559.9105741925099, "epsilon": 0.19551683899255895, "gamma": 0.08147963273867212, "lamda": 0.15978141459540135}, "datetime": {"datetime": "2021-09-23 10:54:56", "elapsed": 232.34862, "delta": 1.712291}}
{"target": 0.9176904592396923, "params": {"C": 573.9536170441904, "epsilon": 0.30370182030260706, "gamma": 0.06308774932886238, "lamda": 0.051386866901681136}, "datetime": {"datetime": "2021-09-23 10:54:57", "elapsed": 233.843926, "delta": 1.495306}}
{"target": 0.9158519523307384, "params": {"C": 465.8320448029495, "epsilon": 0.07359974948212172, "gamma": 0.07535752644484148, "lamda": 0.14486288295457617}, "datetime": {"datetime": "2021-09-23 10:54:59", "elapsed": 235.375412, "delta": 1.531486}}
{"target": 0.9170297147052471, "params": {"C": 536.9668947771912, "epsilon": 0.2099546946718988, "gamma": 0.07851799579579712, "lamda": 0.0952144173146832}, "datetime": {"datetime": "2021-09-23 10:55:00", "elapsed": 236.893419, "delta": 1.518007}}
{"target": 0.9177601494944272, "params": {"C": 578.7167411143514, "epsilon": 0.1864514745824119, "gamma": 0.0737045995806544, "lamda": 0.10258651087390348}, "datetime": {"datetime": "2021-09-23 10:55:02", "elapsed": 238.900656, "delta": 2.007237}}
{"target": 0.9134140408237275, "params": {"C": 573.9187337404502, "epsilon": 0.29308578498786386, "gamma": 0.08770279616842538, "lamda": 0.047600057175093066}, "datetime": {"datetime": "2021-09-23 10:55:05", "elapsed": 241.443689, "delta": 2.543033}}
{"target": 0.9177585010749928, "params": {"C": 573.9842220906415, "epsilon": 0.2990486694954478, "gamma": 0.06528373533844242, "lamda": 0.07833087921124013}, "datetime": {"datetime": "2021-09-23 10:55:07", "elapsed": 243.936666, "delta": 2.492977}}
{"target": 0.9152646455433894, "params": {"C": 525.6249586369481, "epsilon": 0.15398228373394396, "gamma": 0.08684278230257912, "lamda": 0.14272511320707815}, "datetime": {"datetime": "2021-09-23 10:55:09", "elapsed": 245.706576, "delta": 1.76991}}
{"target": 0.9155680313640542, "params": {"C": 572.263676179067, "epsilon": 0.20411997824420738, "gamma": 0.07104225635095553, "lamda": 0.046045073693533764}, "datetime": {"datetime": "2021-09-23 10:55:11", "elapsed": 247.2468, "delta": 1.540224}}
{"target": 0.916801469989906, "params": {"C": 494.6183926024008, "epsilon": 0.20383540045168874, "gamma": 0.06, "lamda": 0.086833538762049}, "datetime": {"datetime": "2021-09-23 10:55:13", "elapsed": 249.453795, "delta": 2.206995}}
{"target": 0.9166695586142221, "params": {"C": 521.6748862789387, "epsilon": 0.1444063599710677, "gamma": 0.06703898324617878, "lamda": 0.08067581157255678}, "datetime": {"datetime": "2021-09-23 10:55:15", "elapsed": 251.613316, "delta": 2.159521}}
{"target": 0.9155770763973133, "params": {"C": 501.1591421259325, "epsilon": 0.19277670942271397, "gamma": 0.08533674444845324, "lamda": 0.1401556748598696}, "datetime": {"datetime": "2021-09-23 10:55:16", "elapsed": 253.092383, "delta": 1.479067}}
{"target": 0.9176053202404457, "params": {"C": 499.034000862505, "epsilon": 0.3388158201425788, "gamma": 0.0720518515240456, "lamda": 0.06652619048736733}, "datetime": {"datetime": "2021-09-23 10:55:18", "elapsed": 254.770147, "delta": 1.677764}}
{"target": 0.917026778344248, "params": {"C": 583.2310132823688, "epsilon": 0.21517148733178248, "gamma": 0.0773741149241316, "lamda": 0.11539520409194445}, "datetime": {"datetime": "2021-09-23 10:55:20", "elapsed": 257.008967, "delta": 2.23882}}
{"target": 0.9165230287378602, "params": {"C": 526.4463549714837, "epsilon": 0.24760921584760434, "gamma": 0.06493154030102471, "lamda": 0.12247775458111948}, "datetime": {"datetime": "2021-09-23 10:55:22", "elapsed": 259.066096, "delta": 2.057129}}
{"target": 0.916259548453165, "params": {"C": 525.5644766877418, "epsilon": 0.13140292441826792, "gamma": 0.07893201785521156, "lamda": 0.10828969690910221}, "datetime": {"datetime": "2021-09-23 10:55:24", "elapsed": 261.08729, "delta": 2.021194}}
{"target": 0.9172523775660952, "params": {"C": 582.1960713917068, "epsilon": 0.3186071706255592, "gamma": 0.06960341428543881, "lamda": 0.08494909771007923}, "datetime": {"datetime": "2021-09-23 10:55:27", "elapsed": 263.379042, "delta": 2.291752}}
{"target": 0.9168486841287562, "params": {"C": 417.09742359758326, "epsilon": 0.1727184222242124, "gamma": 0.07790443288965267, "lamda": 0.13176782465950304}, "datetime": {"datetime": "2021-09-23 10:55:28", "elapsed": 265.050473, "delta": 1.671431}}
{"target": 0.9160963248567836, "params": {"C": 460.4616611345906, "epsilon": 0.22823079490973522, "gamma": 0.07157154329898399, "lamda": 0.1473442712283945}, "datetime": {"datetime": "2021-09-23 10:55:30", "elapsed": 266.653549, "delta": 1.603076}}
{"target": 0.917514719940989, "params": {"C": 480.6038857012349, "epsilon": 0.13662736673303355, "gamma": 0.0742351202256073, "lamda": 0.13947674111471497}, "datetime": {"datetime": "2021-09-23 10:55:32", "elapsed": 268.592697, "delta": 1.939148}}
{"target": 0.9161663892433968, "params": {"C": 573.9660497479258, "epsilon": 0.33218801335765163, "gamma": 0.06613665303621656, "lamda": 0.09869130447600637}, "datetime": {"datetime": "2021-09-23 10:55:34", "elapsed": 270.836193, "delta": 2.243496}}
{"target": 0.9142779757424908, "params": {"C": 522.3904002453319, "epsilon": 0.250670553598364, "gamma": 0.08726996991058636, "lamda": 0.1440189423794665}, "datetime": {"datetime": "2021-09-23 10:55:36", "elapsed": 272.304963, "delta": 1.46877}}
{"target": 0.9151027038405855, "params": {"C": 480.5906087497371, "epsilon": 0.16075611309761645, "gamma": 0.08599648336179486, "lamda": 0.10458197067426375}, "datetime": {"datetime": "2021-09-23 10:55:38", "elapsed": 274.763111, "delta": 2.458148}}
{"target": 0.9175380992642308, "params": {"C": 583.9426228312045, "epsilon": 0.13149759684842127, "gamma": 0.06, "lamda": 0.11612878502059447}, "datetime": {"datetime": "2021-09-23 10:55:40", "elapsed": 276.739034, "delta": 1.975923}}
{"target": 0.916931141465519, "params": {"C": 464.16303967574277, "epsilon": 0.12193697850033626, "gamma": 0.06940787998664455, "lamda": 0.11470875211564603}, "datetime": {"datetime": "2021-09-23 10:55:42", "elapsed": 278.438648, "delta": 1.699614}}
{"target": 0.9146006351801094, "params": {"C": 433.9606614486721, "epsilon": 0.2480239614953337, "gamma": 0.0880293162182637, "lamda": 0.06918503209129201}, "datetime": {"datetime": "2021-09-23 10:55:44", "elapsed": 280.271533, "delta": 1.832885}}
{"target": 0.914780381244079, "params": {"C": 497.23641601833964, "epsilon": 0.3019619921003153, "gamma": 0.08664354509977693, "lamda": 0.05602602705151208}, "datetime": {"datetime": "2021-09-23 10:55:45", "elapsed": 281.854176, "delta": 1.582643}}
{"target": 0.9147999518264921, "params": {"C": 499.02179949669693, "epsilon": 0.32686587190268535, "gamma": 0.08388835091448132, "lamda": 0.11050595118554135}, "datetime": {"datetime": "2021-09-23 10:55:47", "elapsed": 284.101598, "delta": 2.247422}}
{"target": 0.9166657943083747, "params": {"C": 525.5905562890641, "epsilon": 0.07833071264632217, "gamma": 0.06454187811290778, "lamda": 0.14255595730348203}, "datetime": {"datetime": "2021-09-23 10:55:49", "elapsed": 286.083667, "delta": 1.982069}}
{"target": 0.9180113509498224, "params": {"C": 538.0837714253036, "epsilon": 0.16895385512199862, "gamma": 0.06972975735763186, "lamda": 0.11295086800523657}, "datetime": {"datetime": "2021-09-23 10:55:51", "elapsed": 287.775236, "delta": 1.691569}}
{"target": 0.9178869213090215, "params": {"C": 526.4910755916494, "epsilon": 0.20333403863588756, "gamma": 0.07042780546570769, "lamda": 0.08755150319676168}, "datetime": {"datetime": "2021-09-23 10:55:54", "elapsed": 290.296667, "delta": 2.521431}}
{"target": 0.9168041014720459, "params": {"C": 525.5660622617897, "epsilon": 0.1756453548651059, "gamma": 0.06522953847480895, "lamda": 0.1630472757194888}, "datetime": {"datetime": "2021-09-23 10:55:56", "elapsed": 292.415403, "delta": 2.118736}}
{"target": 0.9177185728924331, "params": {"C": 578.6766733425127, "epsilon": 0.19302391401372115, "gamma": 0.0671610809478865, "lamda": 0.12672799514658545}, "datetime": {"datetime": "2021-09-23 10:55:58", "elapsed": 295.117418, "delta": 2.702015}}
{"target": 0.918036586827119, "params": {"C": 538.0458448905391, "epsilon": 0.17443987391834237, "gamma": 0.06782073545976808, "lamda": 0.11320130492870652}, "datetime": {"datetime": "2021-09-23 10:56:01", "elapsed": 297.390761, "delta": 2.273343}}
{"target": 0.9167154568274699, "params": {"C": 480.562601190995, "epsilon": 0.14389105420918932, "gamma": 0.06, "lamda": 0.1501125834121201}, "datetime": {"datetime": "2021-09-23 10:56:03", "elapsed": 299.590054, "delta": 2.199293}}
{"target": 0.9178199665119093, "params": {"C": 574.0050785407868, "epsilon": 0.28914738774444737, "gamma": 0.0629283324231719, "lamda": 0.05737865460993376}, "datetime": {"datetime": "2021-09-23 10:56:05", "elapsed": 301.756399, "delta": 2.166345}}
{"target": 0.9162344301067787, "params": {"C": 436.109745337214, "epsilon": 0.15476592951255752, "gamma": 0.06266564480789664, "lamda": 0.08302048080347103}, "datetime": {"datetime": "2021-09-23 10:56:07", "elapsed": 304.039851, "delta": 2.283452}}
{"target": 0.9174634055021602, "params": {"C": 574.0003943871218, "epsilon": 0.3379194671868961, "gamma": 0.06046270246980621, "lamda": 0.06458030756106604}, "datetime": {"datetime": "2021-09-23 10:56:09", "elapsed": 305.98839, "delta": 1.948539}}
{"target": 0.9169596043704646, "params": {"C": 439.6982840562892, "epsilon": 0.28998666375902193, "gamma": 0.0723448556354912, "lamda": 0.0969438097091884}, "datetime": {"datetime": "2021-09-23 10:56:11", "elapsed": 307.699388, "delta": 1.710998}}
{"target": 0.9177144838455172, "params": {"C": 521.7396750058706, "epsilon": 0.11711608120330286, "gamma": 0.0671354109122341, "lamda": 0.13115731383916734}, "datetime": {"datetime": "2021-09-23 10:56:13", "elapsed": 309.736391, "delta": 2.037003}}
{"target": 0.913604096545273, "params": {"C": 468.01327585090104, "epsilon": 0.28153234039589137, "gamma": 0.08275467301424108, "lamda": 0.1606400965935979}, "datetime": {"datetime": "2021-09-23 10:56:15", "elapsed": 311.459958, "delta": 1.723567}}
{"target": 0.916924332987974, "params": {"C": 414.1434505547701, "epsilon": 0.25756503785295354, "gamma": 0.07640073785625133, "lamda": 0.07760496692916412}, "datetime": {"datetime": "2021-09-23 10:56:16", "elapsed": 313.026911, "delta": 1.566953}}
{"target": 0.9168237300933758, "params": {"C": 578.6831502980358, "epsilon": 0.1578318195521382, "gamma": 0.07963644646217247, "lamda": 0.14447511892988063}, "datetime": {"datetime": "2021-09-23 10:56:19", "elapsed": 315.405614, "delta": 2.378703}}
{"target": 0.9176010868293739, "params": {"C": 538.0492182668551, "epsilon": 0.13620404140163628, "gamma": 0.06162527875852347, "lamda": 0.13193686351683298}, "datetime": {"datetime": "2021-09-23 10:56:22", "elapsed": 318.615227, "delta": 3.209613}}
{"target": 0.915512390529688, "params": {"C": 391.6002346091735, "epsilon": 0.14282298541991145, "gamma": 0.08410235929632263, "lamda": 0.12588103561780278}, "datetime": {"datetime": "2021-09-23 10:56:24", "elapsed": 320.730994, "delta": 2.115767}}
{"target": 0.9157601983823765, "params": {"C": 538.0124083184752, "epsilon": 0.1662265422068751, "gamma": 0.07996141348602748, "lamda": 0.08046869306289246}, "datetime": {"datetime": "2021-09-23 10:56:27", "elapsed": 323.239556, "delta": 2.508562}}
{"target": 0.9167254145603592, "params": {"C": 473.3010416026473, "epsilon": 0.15697802932180063, "gamma": 0.07916760784681791, "lamda": 0.1147602549758816}, "datetime": {"datetime": "2021-09-23 10:56:29", "elapsed": 325.338847, "delta": 2.099291}}
{"target": 0.9162420126391714, "params": {"C": 538.1095290413359, "epsilon": 0.14708156330985206, "gamma": 0.08146073830921281, "lamda": 0.11773877590458695}, "datetime": {"datetime": "2021-09-23 10:56:31", "elapsed": 327.583296, "delta": 2.244449}}
{"target": 0.91739272379941, "params": {"C": 538.076354767244, "epsilon": 0.1980567323705884, "gamma": 0.06239355023211439, "lamda": 0.12365898872706069}, "datetime": {"datetime": "2021-09-23 10:56:33", "elapsed": 330.138948, "delta": 2.555652}}
{"target": 0.9163916194220357, "params": {"C": 538.0646948915382, "epsilon": 0.13009330186807835, "gamma": 0.061246989568270356, "lamda": 0.08887519013138638}, "datetime": {"datetime": "2021-09-23 10:56:36", "elapsed": 332.47829, "delta": 2.339342}}
{"target": 0.914540176461926, "params": {"C": 412.17163541502157, "epsilon": 0.15966298031580464, "gamma": 0.08853700567245781, "lamda": 0.10905662767998833}, "datetime": {"datetime": "2021-09-23 10:56:38", "elapsed": 334.280254, "delta": 1.801964}}
{"target": 0.9172251988089369, "params": {"C": 474.7500267788523, "epsilon": 0.165433396494148, "gamma": 0.0750947187786325, "lamda": 0.1042459512261583}, "datetime": {"datetime": "2021-09-23 10:56:39", "elapsed": 336.198382, "delta": 1.918128}}
{"target": 0.9156150443271662, "params": {"C": 578.7015386748996, "epsilon": 0.21624879547765163, "gamma": 0.06119604378966724, "lamda": 0.14991582344745552}, "datetime": {"datetime": "2021-09-23 10:56:42", "elapsed": 338.381454, "delta": 2.183072}}
{"target": 0.9152848942141137, "params": {"C": 465.8314538791011, "epsilon": 0.26786962557184213, "gamma": 0.07963849822846822, "lamda": 0.13456255638717451}, "datetime": {"datetime": "2021-09-23 10:56:44", "elapsed": 340.494757, "delta": 2.113303}}
{"target": 0.9172549776524094, "params": {"C": 444.5194315470185, "epsilon": 0.32433525242429034, "gamma": 0.0740636035869815, "lamda": 0.07280300086824755}, "datetime": {"datetime": "2021-09-23 10:56:46", "elapsed": 342.312982, "delta": 1.818225}}
{"target": 0.9165387403913543, "params": {"C": 397.3328337505568, "epsilon": 0.3158765529891189, "gamma": 0.06957847714822091, "lamda": 0.04761821545940731}, "datetime": {"datetime": "2021-09-23 10:56:48", "elapsed": 344.685076, "delta": 2.372094}}
{"target": 0.9085453728136273, "params": {"C": 437.55199215684104, "epsilon": 0.07579079354818789, "gamma": 0.08791479775080872, "lamda": 0.07761256671932223}, "datetime": {"datetime": "2021-09-23 10:56:50", "elapsed": 346.778904, "delta": 2.093828}}
{"target": 0.9151554320515037, "params": {"C": 551.1310561494287, "epsilon": 0.3065262161672765, "gamma": 0.08073259592107322, "lamda": 0.1183839309742476}, "datetime": {"datetime": "2021-09-23 10:56:52", "elapsed": 348.838315, "delta": 2.059411}}
{"target": 0.9177851673207263, "params": {"C": 521.7151517261399, "epsilon": 0.14633587703054285, "gamma": 0.07266244400655243, "lamda": 0.12725086267712105}, "datetime": {"datetime": "2021-09-23 10:56:55", "elapsed": 351.657494, "delta": 2.819179}}
{"target": 0.9169183510560555, "params": {"C": 526.5201288214937, "epsilon": 0.16859472269911352, "gamma": 0.07367265450601738, "lamda": 0.08060363892686946}, "datetime": {"datetime": "2021-09-23 10:56:58", "elapsed": 354.867444, "delta": 3.20995}}
{"target": 0.9148730678388993, "params": {"C": 465.4034050542988, "epsilon": 0.31081815005437025, "gamma": 0.08223157814376396, "lamda": 0.11967898771440492}, "datetime": {"datetime": "2021-09-23 10:57:00", "elapsed": 356.88052, "delta": 2.013076}}
{"target": 0.9151919189130738, "params": {"C": 483.56078251944825, "epsilon": 0.13596335357640293, "gamma": 0.08257275170032274, "lamda": 0.09991298247309177}, "datetime": {"datetime": "2021-09-23 10:57:02", "elapsed": 359.109753, "delta": 2.229233}}
{"target": 0.9153838484035074, "params": {"C": 538.0630336893678, "epsilon": 0.1856218316992252, "gamma": 0.08512998662830021, "lamda": 0.15939403353129428}, "datetime": {"datetime": "2021-09-23 10:57:05", "elapsed": 361.980387, "delta": 2.870634}}
{"target": 0.914901233461349, "params": {"C": 444.5286815511079, "epsilon": 0.3237207243601475, "gamma": 0.06788530893462301, "lamda": 0.12417350481276443}, "datetime": {"datetime": "2021-09-23 10:57:08", "elapsed": 364.348988, "delta": 2.368601}}
{"target": 0.9159645198769378, "params": {"C": 459.6808793060852, "epsilon": 0.2983241947953151, "gamma": 0.07104502777147849, "lamda": 0.1164457021443831}, "datetime": {"datetime": "2021-09-23 10:57:10", "elapsed": 366.273322, "delta": 1.924334}}
{"target": 0.9175075553836126, "params": {"C": 488.6075275001732, "epsilon": 0.3327219810729077, "gamma": 0.06879100253993112, "lamda": 0.05107782818916863}, "datetime": {"datetime": "2021-09-23 10:57:13", "elapsed": 369.49877, "delta": 3.225448}}
{"target": 0.9173779560866411, "params": {"C": 578.7044590807988, "epsilon": 0.14642856455768094, "gamma": 0.06068690982962309, "lamda": 0.0963369602516548}, "datetime": {"datetime": "2021-09-23 10:57:16", "elapsed": 372.659249, "delta": 3.160479}}
{"target": 0.9174656666991718, "params": {"C": 559.8426491771463, "epsilon": 0.12416494047766741, "gamma": 0.061367600832013196, "lamda": 0.11821444424124805}, "datetime": {"datetime": "2021-09-23 10:57:19", "elapsed": 375.724465, "delta": 3.065216}}
{"target": 0.9165413815593192, "params": {"C": 598.1438181230354, "epsilon": 0.19391253838389677, "gamma": 0.08010114954245569, "lamda": 0.09492532442366465}, "datetime": {"datetime": "2021-09-23 10:57:21", "elapsed": 377.810387, "delta": 2.085922}}
{"target": 0.9173424705170873, "params": {"C": 525.5467694502321, "epsilon": 0.13337410693668095, "gamma": 0.07647464928839143, "lamda": 0.1627157875922986}, "datetime": {"datetime": "2021-09-23 10:57:24", "elapsed": 380.97111, "delta": 3.160723}}
{"target": 0.916207851614105, "params": {"C": 407.2179687974723, "epsilon": 0.17233657698124688, "gamma": 0.0799700354719951, "lamda": 0.16834716633108227}, "datetime": {"datetime": "2021-09-23 10:57:26", "elapsed": 383.014502, "delta": 2.043392}}
