{"target": -2.0968290368416524, "params": {"C": 226.6502024016087, "epsilon": 0.14522388518803725, "gamma": 0.01930858596253705, "lamda": 0.13197352205730173}, "datetime": {"datetime": "2021-09-23 13:17:42", "elapsed": 181.41906, "delta": 1.287476}}
{"target": -2.1664847063703037, "params": {"C": 263.6965177110102, "epsilon": 0.33056709857116284, "gamma": 0.0575754164268361, "lamda": 0.36759920210572355}, "datetime": {"datetime": "2021-09-23 13:17:43", "elapsed": 182.505064, "delta": 1.086004}}
{"target": -2.2149253054618843, "params": {"C": 286.6195570826715, "epsilon": 0.38067167015099324, "gamma": 0.07886174706180345, "lamda": 0.27684319662318435}, "datetime": {"datetime": "2021-09-23 13:17:44", "elapsed": 183.62304, "delta": 1.117976}}
{"target": -1.9381814844268321, "params": {"C": 251.49671144296644, "epsilon": 0.21710640254838728, "gamma": 0.03606136627340156, "lamda": 0.10220660859302494}, "datetime": {"datetime": "2021-09-23 13:17:45", "elapsed": 185.027714, "delta": 1.404674}}
{"target": -1.995795047195599, "params": {"C": 213.24255448039412, "epsilon": 0.31493619708612, "gamma": 0.06389685500343051, "lamda": 0.0914648584822923}, "datetime": {"datetime": "2021-09-23 13:17:47", "elapsed": 186.317347, "delta": 1.289633}}
{"target": -2.022090384662462, "params": {"C": 186.68791847909299, "epsilon": 0.21875404338096116, "gamma": 0.06929456998577714, "lamda": 0.140760854241247}, "datetime": {"datetime": "2021-09-23 13:17:48", "elapsed": 187.346841, "delta": 1.029494}}
{"target": -2.0094089166931597, "params": {"C": 271.7177644136285, "epsilon": 0.0806334987987331, "gamma": 0.023976208364911163, "lamda": 0.19027943745498777}, "datetime": {"datetime": "2021-09-23 13:17:49", "elapsed": 188.569836, "delta": 1.222995}}
{"target": -1.9655647796076492, "params": {"C": 213.14738144239408, "epsilon": 0.3550259734953849, "gamma": 0.05112378827290686, "lamda": 0.09346621577440636}, "datetime": {"datetime": "2021-09-23 13:17:50", "elapsed": 190.231772, "delta": 1.661936}}
{"target": -2.2030879630754483, "params": {"C": 228.61129369793125, "epsilon": 0.03681940632063597, "gamma": 0.014724931101453363, "lamda": 0.3989739673285777}, "datetime": {"datetime": "2021-09-23 13:17:52", "elapsed": 191.493446, "delta": 1.261674}}
{"target": -2.075899092591026, "params": {"C": 249.41597979649168, "epsilon": 0.10795038666020888, "gamma": 0.07556970603038196, "lamda": 0.24921439263804657}, "datetime": {"datetime": "2021-09-23 13:17:53", "elapsed": 192.577452, "delta": 1.084006}}
{"target": -1.9308307588445022, "params": {"C": 230.374094819624, "epsilon": 0.06191117479681818, "gamma": 0.04211203188635662, "lamda": 0.16765486236204163}, "datetime": {"datetime": "2021-09-23 13:17:54", "elapsed": 193.582717, "delta": 1.005265}}
{"target": -2.2219041786584643, "params": {"C": 240.5601145731741, "epsilon": 0.09861640274239708, "gamma": 0.013142902944068207, "lamda": 0.28833902380125037}, "datetime": {"datetime": "2021-09-23 13:17:55", "elapsed": 194.640716, "delta": 1.057999}}
{"target": -2.0276585876869357, "params": {"C": 213.19156678262075, "epsilon": 0.2472926070915029, "gamma": 0.02404969361133577, "lamda": 0.03341959730649525}, "datetime": {"datetime": "2021-09-23 13:17:56", "elapsed": 196.227345, "delta": 1.586629}}
{"target": -2.016903800322849, "params": {"C": 290.4288540632634, "epsilon": 0.2373203152232341, "gamma": 0.033021358542913666, "lamda": 0.15930460288135367}, "datetime": {"datetime": "2021-09-23 13:17:57", "elapsed": 197.179859, "delta": 0.952514}}
{"target": -1.9426745757321182, "params": {"C": 192.3625786038301, "epsilon": 0.05182152863245778, "gamma": 0.03908517522771754, "lamda": 0.21138977573224485}, "datetime": {"datetime": "2021-09-23 13:17:59", "elapsed": 198.612481, "delta": 1.432622}}
{"target": -1.9425361632147773, "params": {"C": 192.34918700925869, "epsilon": 0.06432753962382812, "gamma": 0.04871186027092621, "lamda": 0.1800277855720647}, "datetime": {"datetime": "2021-09-23 13:18:00", "elapsed": 199.896634, "delta": 1.284153}}
{"target": -1.9906459137586732, "params": {"C": 251.47332668465089, "epsilon": 0.27156005618432766, "gamma": 0.061510083653607266, "lamda": 0.09649672871427147}, "datetime": {"datetime": "2021-09-23 13:18:02", "elapsed": 201.828901, "delta": 1.932267}}
{"target": -1.947467857000169, "params": {"C": 271.668394692821, "epsilon": 0.09675739844387497, "gamma": 0.03216680044706822, "lamda": 0.19303920375124578}, "datetime": {"datetime": "2021-09-23 13:18:04", "elapsed": 203.65176, "delta": 1.822859}}
{"target": -2.132839593955526, "params": {"C": 232.781405718142, "epsilon": 0.39543320026032724, "gamma": 0.034744900489919885, "lamda": 0.2657676625431593}, "datetime": {"datetime": "2021-09-23 13:18:05", "elapsed": 204.773761, "delta": 1.122001}}
{"target": -1.9483306579791368, "params": {"C": 230.34608241917283, "epsilon": 0.06008503745665035, "gamma": 0.033203655891610354, "lamda": 0.2161873683035438}, "datetime": {"datetime": "2021-09-23 13:18:07", "elapsed": 206.56993, "delta": 1.796169}}
{"target": -1.9923846291309781, "params": {"C": 213.23610305181342, "epsilon": 0.2530644264253812, "gamma": 0.027175642385445356, "lamda": 0.08549806728671827}, "datetime": {"datetime": "2021-09-23 13:18:08", "elapsed": 207.905441, "delta": 1.335511}}
{"target": -1.9644170342068255, "params": {"C": 253.60416168737996, "epsilon": 0.25301119005221706, "gamma": 0.02831303748232491, "lamda": 0.02566983688388002}, "datetime": {"datetime": "2021-09-23 13:18:10", "elapsed": 209.374445, "delta": 1.469004}}
{"target": -2.203748950119855, "params": {"C": 251.49196826233435, "epsilon": 0.3031797429476789, "gamma": 0.012709569365101012, "lamda": 0.06212746937025802}, "datetime": {"datetime": "2021-09-23 13:18:11", "elapsed": 211.200421, "delta": 1.825976}}
{"target": -1.9892134710175617, "params": {"C": 251.5030732447542, "epsilon": 0.20720946422933958, "gamma": 0.06081637683352831, "lamda": 0.1277347645559085}, "datetime": {"datetime": "2021-09-23 13:18:13", "elapsed": 212.979095, "delta": 1.778674}}
{"target": -2.0330425909181415, "params": {"C": 286.260209089071, "epsilon": 0.15936400439166512, "gamma": 0.02139100023528086, "lamda": 0.05593059279553789}, "datetime": {"datetime": "2021-09-23 13:18:15", "elapsed": 214.431604, "delta": 1.452509}}
{"target": -2.1556187651377807, "params": {"C": 213.21094725808763, "epsilon": 0.2977345323389252, "gamma": 0.01619271012966321, "lamda": 0.06626969747321426}, "datetime": {"datetime": "2021-09-23 13:18:16", "elapsed": 215.945963, "delta": 1.514359}}
{"target": -2.024465246389197, "params": {"C": 250.60174758746172, "epsilon": 0.2591224045945186, "gamma": 0.06145021498525683, "lamda": 0.02466305226895214}, "datetime": {"datetime": "2021-09-23 13:18:17", "elapsed": 217.186194, "delta": 1.240231}}
{"target": -2.335036925465373, "params": {"C": 196.49308784967099, "epsilon": 0.36439446565590006, "gamma": 0.01758508256699201, "lamda": 0.35445475537900883}, "datetime": {"datetime": "2021-09-23 13:18:18", "elapsed": 218.268193, "delta": 1.081999}}
{"target": -1.998445830702929, "params": {"C": 253.61347425851773, "epsilon": 0.2544756096879683, "gamma": 0.023122301419391762, "lamda": 0.018461607306600125}, "datetime": {"datetime": "2021-09-23 13:18:20", "elapsed": 219.47066, "delta": 1.202467}}
{"target": -2.0309449588240476, "params": {"C": 213.2621459276847, "epsilon": 0.31262334705116723, "gamma": 0.07054593269877446, "lamda": 0.055664746433787556}, "datetime": {"datetime": "2021-09-23 13:18:21", "elapsed": 221.115091, "delta": 1.644431}}
{"target": -2.372546003858872, "params": {"C": 299.7301737135542, "epsilon": 0.2980445757301574, "gamma": 0.01425016254119597, "lamda": 0.3660131047553077}, "datetime": {"datetime": "2021-09-23 13:18:22", "elapsed": 222.237035, "delta": 1.121944}}
{"target": -1.930831133307871, "params": {"C": 230.34809562097402, "epsilon": 0.09355429627593369, "gamma": 0.03817410347477777, "lamda": 0.16920614774349246}, "datetime": {"datetime": "2021-09-23 13:18:24", "elapsed": 223.59389, "delta": 1.356855}}
{"target": -2.098505159094632, "params": {"C": 285.11635259668026, "epsilon": 0.35025805004431343, "gamma": 0.01720474843401224, "lamda": 0.039781043578522815}, "datetime": {"datetime": "2021-09-23 13:18:25", "elapsed": 224.996895, "delta": 1.403005}}
{"target": -1.9428531478403632, "params": {"C": 223.33259703025686, "epsilon": 0.034932990031055676, "gamma": 0.045834228371296803, "lamda": 0.4024679858637555}, "datetime": {"datetime": "2021-09-23 13:18:26", "elapsed": 226.249799, "delta": 1.252904}}
{"target": -2.014402243743365, "params": {"C": 263.9810827298236, "epsilon": 0.22178976677260206, "gamma": 0.05320865685685996, "lamda": 0.20983193918097082}, "datetime": {"datetime": "2021-09-23 13:18:28", "elapsed": 227.429292, "delta": 1.179493}}
{"target": -1.9219012675105085, "params": {"C": 213.18132553393417, "epsilon": 0.1945594656041707, "gamma": 0.04216925081725963, "lamda": 0.07377526813254581}, "datetime": {"datetime": "2021-09-23 13:18:30", "elapsed": 229.442045, "delta": 2.012753}}
{"target": -2.01604147462867, "params": {"C": 230.38063232682453, "epsilon": 0.08733141923644977, "gamma": 0.06676171069343897, "lamda": 0.18462348018362112}, "datetime": {"datetime": "2021-09-23 13:18:31", "elapsed": 231.076302, "delta": 1.634257}}
{"target": -2.0480134596622164, "params": {"C": 230.3225902786062, "epsilon": 0.062443953386577614, "gamma": 0.023165950157908163, "lamda": 0.2030947945998337}, "datetime": {"datetime": "2021-09-23 13:18:33", "elapsed": 232.834683, "delta": 1.758381}}
{"target": -1.941020751532987, "params": {"C": 213.30514862087006, "epsilon": 0.2869425957952141, "gamma": 0.049564021243844195, "lamda": 0.0833515853600838}, "datetime": {"datetime": "2021-09-23 13:18:35", "elapsed": 234.4415, "delta": 1.606817}}
{"target": -1.9621024019064521, "params": {"C": 284.150672102324, "epsilon": 0.21379404426058046, "gamma": 0.03576526481889625, "lamda": 0.01905488593091101}, "datetime": {"datetime": "2021-09-23 13:18:36", "elapsed": 235.697454, "delta": 1.255954}}
{"target": -1.9332203049815184, "params": {"C": 230.39884044748848, "epsilon": 0.039539907314767295, "gamma": 0.0419656854973242, "lamda": 0.21075593561382733}, "datetime": {"datetime": "2021-09-23 13:18:37", "elapsed": 237.283529, "delta": 1.586075}}
{"target": -2.170646138163084, "params": {"C": 213.29501135316852, "epsilon": 0.27669558917822246, "gamma": 0.015205035452800903, "lamda": 0.10796691351734106}, "datetime": {"datetime": "2021-09-23 13:18:39", "elapsed": 238.724827, "delta": 1.441298}}
{"target": -2.1430220245645346, "params": {"C": 243.5195097862471, "epsilon": 0.19824956476445987, "gamma": 0.06911907037972424, "lamda": 0.38420401845629404}, "datetime": {"datetime": "2021-09-23 13:18:40", "elapsed": 239.759415, "delta": 1.034588}}
{"target": -1.9963105160958818, "params": {"C": 242.30514335000285, "epsilon": 0.3983772350102006, "gamma": 0.03812098688943975, "lamda": 0.09852161909098522}, "datetime": {"datetime": "2021-09-23 13:18:41", "elapsed": 240.848376, "delta": 1.088961}}
{"target": -1.9360023865057785, "params": {"C": 213.1807745972625, "epsilon": 0.17057695945341975, "gamma": 0.04863649468652771, "lamda": 0.06974795588415424}, "datetime": {"datetime": "2021-09-23 13:18:43", "elapsed": 242.7926, "delta": 1.944224}}
{"target": -1.945770407996929, "params": {"C": 272.54921069934267, "epsilon": 0.035584800899194885, "gamma": 0.04923462177972042, "lamda": 0.3368429578146172}, "datetime": {"datetime": "2021-09-23 13:18:45", "elapsed": 244.451847, "delta": 1.659247}}
{"target": -2.122253428458934, "params": {"C": 230.36087472110643, "epsilon": 0.039124861434675334, "gamma": 0.07732887682625042, "lamda": 0.17726183099280046}, "datetime": {"datetime": "2021-09-23 13:18:46", "elapsed": 246.240615, "delta": 1.788768}}
{"target": -1.9252885900160017, "params": {"C": 213.34048124912243, "epsilon": 0.3053924694102801, "gamma": 0.045662548728390887, "lamda": 0.039890302184106656}, "datetime": {"datetime": "2021-09-23 13:18:48", "elapsed": 248.0342, "delta": 1.793585}}
{"target": -2.0401475912639784, "params": {"C": 195.48424205576188, "epsilon": 0.17076228230725402, "gamma": 0.05177701007585623, "lamda": 0.35165915967887185}, "datetime": {"datetime": "2021-09-23 13:18:50", "elapsed": 249.312724, "delta": 1.278524}}
{"target": -2.127744826924327, "params": {"C": 220.2638063626232, "epsilon": 0.24683479302445194, "gamma": 0.03700026769762931, "lamda": 0.4120957723661707}, "datetime": {"datetime": "2021-09-23 13:18:51", "elapsed": 250.573746, "delta": 1.261022}}
{"target": -1.9652036203981735, "params": {"C": 253.608434771388, "epsilon": 0.2136532029907445, "gamma": 0.02846650597833077, "lamda": 0.04989926054543274}, "datetime": {"datetime": "2021-09-23 13:18:53", "elapsed": 252.593416, "delta": 2.01967}}
{"target": -1.969617889127853, "params": {"C": 230.37595303565394, "epsilon": 0.09813652927181925, "gamma": 0.02962370056657266, "lamda": 0.20409643777862635}, "datetime": {"datetime": "2021-09-23 13:18:55", "elapsed": 254.53133, "delta": 1.937914}}
{"target": -2.21327195689888, "params": {"C": 255.65165728304675, "epsilon": 0.2775855734496099, "gamma": 0.0736299297913682, "lamda": 0.39919349643233}, "datetime": {"datetime": "2021-09-23 13:18:56", "elapsed": 255.772357, "delta": 1.241027}}
{"target": -2.04342868399082, "params": {"C": 251.50216705189652, "epsilon": 0.2401899139529973, "gamma": 0.07179229921414627, "lamda": 0.09427915842979104}, "datetime": {"datetime": "2021-09-23 13:18:58", "elapsed": 257.483184, "delta": 1.710827}}
{"target": -1.9557689390962407, "params": {"C": 226.6986070081185, "epsilon": 0.14413900382115244, "gamma": 0.050614546114414544, "lamda": 0.1749275403684654}, "datetime": {"datetime": "2021-09-23 13:18:59", "elapsed": 259.257134, "delta": 1.77395}}
{"target": -1.9930439731975975, "params": {"C": 222.37887981471016, "epsilon": 0.10117289646342376, "gamma": 0.031951719968837305, "lamda": 0.28546995820870663}, "datetime": {"datetime": "2021-09-23 13:19:01", "elapsed": 260.639603, "delta": 1.382469}}
{"target": -2.0591113542076336, "params": {"C": 205.12037797066978, "epsilon": 0.273958762049161, "gamma": 0.0754017378426153, "lamda": 0.108837924514213}, "datetime": {"datetime": "2021-09-23 13:19:02", "elapsed": 262.08595, "delta": 1.446347}}
{"target": -2.045826868123846, "params": {"C": 241.2779520104798, "epsilon": 0.347873841026358, "gamma": 0.07216827189947951, "lamda": 0.05778098495986687}, "datetime": {"datetime": "2021-09-23 13:19:04", "elapsed": 263.505761, "delta": 1.419811}}
{"target": -1.9993116846005154, "params": {"C": 213.2042094364189, "epsilon": 0.14753227849279898, "gamma": 0.06459515051790454, "lamda": 0.08975701407528351}, "datetime": {"datetime": "2021-09-23 13:19:06", "elapsed": 265.443312, "delta": 1.937551}}
{"target": -1.9602600760999134, "params": {"C": 192.37790271329155, "epsilon": 0.039767469477083664, "gamma": 0.0355125561407276, "lamda": 0.17660539504708617}, "datetime": {"datetime": "2021-09-23 13:19:08", "elapsed": 267.731021, "delta": 2.287709}}
{"target": -2.042423165175505, "params": {"C": 264.61929795731635, "epsilon": 0.16560343109310918, "gamma": 0.03270276716780768, "lamda": 0.2786493678603179}, "datetime": {"datetime": "2021-09-23 13:19:09", "elapsed": 269.212761, "delta": 1.48174}}
{"target": -2.0316767884396882, "params": {"C": 251.50240443203955, "epsilon": 0.21668561415375037, "gamma": 0.022515499578943707, "lamda": 0.06440647729330515}, "datetime": {"datetime": "2021-09-23 13:19:12", "elapsed": 271.346278, "delta": 2.133517}}
{"target": -2.0539939898623367, "params": {"C": 213.31996275594184, "epsilon": 0.30740211944982654, "gamma": 0.07471136312658723, "lamda": 0.06379100368063162}, "datetime": {"datetime": "2021-09-23 13:19:14", "elapsed": 273.3533, "delta": 2.007022}}
{"target": -2.2086218755283418, "params": {"C": 230.42773563443515, "epsilon": 0.0788996519987225, "gamma": 0.013772456823271034, "lamda": 0.18715406814175684}, "datetime": {"datetime": "2021-09-23 13:19:16", "elapsed": 276.017053, "delta": 2.663753}}
{"target": -2.0974037763243234, "params": {"C": 230.35387167009478, "epsilon": 0.04283067521267034, "gamma": 0.019666206345838738, "lamda": 0.1921025561571722}, "datetime": {"datetime": "2021-09-23 13:19:18", "elapsed": 277.918056, "delta": 1.901003}}
{"target": -1.9659150942450758, "params": {"C": 226.66561905840703, "epsilon": 0.1704961761541688, "gamma": 0.04599129802700587, "lamda": 0.17888423432195907}, "datetime": {"datetime": "2021-09-23 13:19:20", "elapsed": 280.092054, "delta": 2.173998}}
{"target": -1.9971854689151216, "params": {"C": 213.2287714634316, "epsilon": 0.19376013943737014, "gamma": 0.027384647209391676, "lamda": 0.06936178825496621}, "datetime": {"datetime": "2021-09-23 13:19:23", "elapsed": 282.416054, "delta": 2.324}}
{"target": -1.9309719405509485, "params": {"C": 213.18953006675534, "epsilon": 0.1823368694629426, "gamma": 0.03836251885312693, "lamda": 0.05000229233977134}, "datetime": {"datetime": "2021-09-23 13:19:25", "elapsed": 284.69966, "delta": 2.283606}}
{"target": -1.9633899404917603, "params": {"C": 213.19742677669163, "epsilon": 0.2122944120011417, "gamma": 0.05404994256005905, "lamda": 0.05153473662806254}, "datetime": {"datetime": "2021-09-23 13:19:27", "elapsed": 286.866181, "delta": 2.166521}}
{"target": -2.064043317394892, "params": {"C": 208.3990194607367, "epsilon": 0.33146320589199296, "gamma": 0.03880466314947949, "lamda": 0.21654198167165095}, "datetime": {"datetime": "2021-09-23 13:19:29", "elapsed": 288.587114, "delta": 1.720933}}
{"target": -1.9705594551453454, "params": {"C": 218.8133150288595, "epsilon": 0.060580205760777356, "gamma": 0.052928581211211786, "lamda": 0.10644439581082381}, "datetime": {"datetime": "2021-09-23 13:19:31", "elapsed": 290.936271, "delta": 2.349157}}
{"target": -2.229759939801279, "params": {"C": 224.57901477194346, "epsilon": 0.3198776516536288, "gamma": 0.06309423703322918, "lamda": 0.4636835747831599}, "datetime": {"datetime": "2021-09-23 13:19:33", "elapsed": 292.727216, "delta": 1.790945}}
{"target": -1.979221692429925, "params": {"C": 193.7962574598686, "epsilon": 0.28703357039108446, "gamma": 0.04826838833125312, "lamda": 0.14150727168515675}, "datetime": {"datetime": "2021-09-23 13:19:35", "elapsed": 294.631422, "delta": 1.904206}}
{"target": -1.9543748905098592, "params": {"C": 226.62199051855555, "epsilon": 0.18286274898126956, "gamma": 0.04539456652580145, "lamda": 0.1496217303553857}, "datetime": {"datetime": "2021-09-23 13:19:37", "elapsed": 296.864785, "delta": 2.233363}}
{"target": -1.9479438641244788, "params": {"C": 213.30639323515035, "epsilon": 0.29206552921970474, "gamma": 0.032840986399832954, "lamda": 0.03645923395642}, "datetime": {"datetime": "2021-09-23 13:19:40", "elapsed": 299.691697, "delta": 2.826912}}
{"target": -2.0107016685253263, "params": {"C": 251.46956254146423, "epsilon": 0.2224737381614454, "gamma": 0.025044171710816007, "lamda": 0.10358189945647045}, "datetime": {"datetime": "2021-09-23 13:19:42", "elapsed": 301.88419, "delta": 2.192493}}
{"target": -2.114137263136618, "params": {"C": 271.6648615721671, "epsilon": 0.05280334281783519, "gamma": 0.017504325156996944, "lamda": 0.22239843105194024}, "datetime": {"datetime": "2021-09-23 13:19:44", "elapsed": 303.753801, "delta": 1.869611}}
{"target": -2.0045893840140865, "params": {"C": 227.60059520151273, "epsilon": 0.14919211425580087, "gamma": 0.054724418309241796, "lamda": 0.2856697893064206}, "datetime": {"datetime": "2021-09-23 13:19:45", "elapsed": 305.155806, "delta": 1.402005}}
{"target": -1.9394312660482504, "params": {"C": 226.66519766155608, "epsilon": 0.1308034121683653, "gamma": 0.04030960026492709, "lamda": 0.17249327519660324}, "datetime": {"datetime": "2021-09-23 13:19:47", "elapsed": 307.049092, "delta": 1.893286}}
{"target": -1.9406744432778178, "params": {"C": 226.5963989453953, "epsilon": 0.1456100732737661, "gamma": 0.04271061109237094, "lamda": 0.15829794416037246}, "datetime": {"datetime": "2021-09-23 13:19:50", "elapsed": 309.467234, "delta": 2.418142}}
{"target": -1.9241845936361677, "params": {"C": 271.59273379150284, "epsilon": 0.10463312780090743, "gamma": 0.037056462805434745, "lamda": 0.13292214502823907}, "datetime": {"datetime": "2021-09-23 13:19:52", "elapsed": 311.550877, "delta": 2.083643}}
{"target": -2.0904553683411433, "params": {"C": 192.6695059514409, "epsilon": 0.1528714915438804, "gamma": 0.07658634656906825, "lamda": 0.26353971539835475}, "datetime": {"datetime": "2021-09-23 13:19:54", "elapsed": 313.672727, "delta": 2.12185}}
{"target": -1.9911297891649538, "params": {"C": 228.42858673077274, "epsilon": 0.160779098899388, "gamma": 0.04522101048347582, "lamda": 0.24487429075749423}, "datetime": {"datetime": "2021-09-23 13:19:56", "elapsed": 315.375333, "delta": 1.702606}}
{"target": -1.9377580616891805, "params": {"C": 213.2693520982459, "epsilon": 0.24492113847117353, "gamma": 0.04974264748852257, "lamda": 0.03939608610005366}, "datetime": {"datetime": "2021-09-23 13:19:57", "elapsed": 317.231868, "delta": 1.856535}}
{"target": -2.1427824594786387, "params": {"C": 223.33225935948636, "epsilon": 0.30115467207993174, "gamma": 0.05582316253309252, "lamda": 0.36250271878223717}, "datetime": {"datetime": "2021-09-23 13:19:59", "elapsed": 318.92582, "delta": 1.693952}}
{"target": -2.0034584127421926, "params": {"C": 211.1539608840106, "epsilon": 0.37853349406291636, "gamma": 0.04281507503629015, "lamda": 0.1228756433688005}, "datetime": {"datetime": "2021-09-23 13:20:01", "elapsed": 320.365476, "delta": 1.439656}}
{"target": -1.9730931800749232, "params": {"C": 184.1901907146039, "epsilon": 0.36694194298508875, "gamma": 0.032349780012515456, "lamda": 0.025158675982500364}, "datetime": {"datetime": "2021-09-23 13:20:02", "elapsed": 321.995742, "delta": 1.630266}}
