{"target": 0.8965323671158967, "params": {"C": 1836.5352303559218, "epsilon": 0.5044468083110161, "gamma": 0.016431565556320946, "lamda": 0.11935481571268808}, "datetime": {"datetime": "2021-09-24 09:12:49", "elapsed": 418.043786, "delta": 2.10588}}
{"target": 0.9093270631544228, "params": {"C": 1787.4496275814017, "epsilon": 0.9389531817571337, "gamma": 0.04680043909277897, "lamda": 0.12644610981249163}, "datetime": {"datetime": "2021-09-24 09:12:51", "elapsed": 420.030253, "delta": 1.986467}}
{"target": 0.9227422260723243, "params": {"C": 1704.2160717214178, "epsilon": 0.06870788184400523, "gamma": 0.05655718231037726, "lamda": 0.12283159999481066}, "datetime": {"datetime": "2021-09-24 09:12:56", "elapsed": 424.210175, "delta": 4.179922}}
{"target": 0.9281900243247685, "params": {"C": 1703.9189071007388, "epsilon": 0.043595453662607975, "gamma": 0.04484116204244499, "lamda": 0.20578049081086525}, "datetime": {"datetime": "2021-09-24 09:12:59", "elapsed": 428.049512, "delta": 3.839337}}
{"target": 0.9215077967914065, "params": {"C": 1819.1714061951147, "epsilon": 0.5290160765055414, "gamma": 0.05766135870243509, "lamda": 0.04633723980253917}, "datetime": {"datetime": "2021-09-24 09:13:02", "elapsed": 430.768404, "delta": 2.718892}}
{"target": 0.868906802230051, "params": {"C": 1709.314054170151, "epsilon": 0.7644746480472299, "gamma": 0.017201185713739093, "lamda": 0.37966582299564844}, "datetime": {"datetime": "2021-09-24 09:13:04", "elapsed": 432.866832, "delta": 2.098428}}
{"target": 0.921128835175143, "params": {"C": 1746.1469984754747, "epsilon": 0.05114957388863847, "gamma": 0.022563522177314572, "lamda": 0.23277281535873784}, "datetime": {"datetime": "2021-09-24 09:13:07", "elapsed": 435.86979, "delta": 3.002958}}
{"target": 0.9083440402071384, "params": {"C": 1760.3042543025072, "epsilon": 0.9743529651749532, "gamma": 0.06498682135430485, "lamda": 0.10479596368896968}, "datetime": {"datetime": "2021-09-24 09:13:09", "elapsed": 438.088161, "delta": 2.218371}}
{"target": 0.9271242890360388, "params": {"C": 1704.268544174944, "epsilon": 0.10966232033828435, "gamma": 0.039323118784073935, "lamda": 0.14004318093687676}, "datetime": {"datetime": "2021-09-24 09:13:13", "elapsed": 441.552921, "delta": 3.46476}}
{"target": 0.9270003959430462, "params": {"C": 1745.887007967924, "epsilon": 0.1388225190051715, "gamma": 0.027931826388171162, "lamda": 0.07739239278963869}, "datetime": {"datetime": "2021-09-24 09:13:16", "elapsed": 444.291914, "delta": 2.738993}}
{"target": 0.9221242886540869, "params": {"C": 1745.8385921082347, "epsilon": 0.17934498627166853, "gamma": 0.05713757534884518, "lamda": 0.11892005248258801}, "datetime": {"datetime": "2021-09-24 09:13:19", "elapsed": 447.233316, "delta": 2.941402}}
{"target": 0.9208295023829499, "params": {"C": 1819.123046442965, "epsilon": 0.5421430451130554, "gamma": 0.04698174747187249, "lamda": 0.06973431032408584}, "datetime": {"datetime": "2021-09-24 09:13:20", "elapsed": 448.976926, "delta": 1.74361}}
{"target": 0.9085415364835929, "params": {"C": 1818.6497551333366, "epsilon": 0.29973952925928715, "gamma": 0.03575004732854738, "lamda": 0.3549918123680863}, "datetime": {"datetime": "2021-09-24 09:13:22", "elapsed": 450.840027, "delta": 1.863101}}
{"target": 0.930846548786035, "params": {"C": 1704.1510643897407, "epsilon": 0.07247202373421202, "gamma": 0.03559211564154518, "lamda": 0.09180314830125269}, "datetime": {"datetime": "2021-09-24 09:13:25", "elapsed": 453.427698, "delta": 2.587671}}
{"target": 0.9017079433997309, "params": {"C": 1749.0771873747665, "epsilon": 0.7108294001421352, "gamma": 0.027461452269230822, "lamda": 0.170560507665015}, "datetime": {"datetime": "2021-09-24 09:13:26", "elapsed": 455.171214, "delta": 1.743516}}
{"target": 0.8909391325970478, "params": {"C": 1722.2354507103205, "epsilon": 0.81795664420853, "gamma": 0.055097643738716215, "lamda": 0.3627801170554955}, "datetime": {"datetime": "2021-09-24 09:13:28", "elapsed": 456.874013, "delta": 1.702799}}
{"target": 0.8998169796683877, "params": {"C": 1727.0469455442121, "epsilon": 0.31103366346201866, "gamma": 0.04294640698006106, "lamda": 0.0017405702324397982}, "datetime": {"datetime": "2021-09-24 09:13:31", "elapsed": 459.889958, "delta": 3.015945}}
{"target": 0.9071006013111371, "params": {"C": 1865.310711803752, "epsilon": 0.7984774829327275, "gamma": 0.0263469419871475, "lamda": 0.09439382039070471}, "datetime": {"datetime": "2021-09-24 09:13:33", "elapsed": 461.885358, "delta": 1.9954}}
{"target": 0.9231708761223583, "params": {"C": 1704.1522203318602, "epsilon": 0.07826986229845487, "gamma": 0.0566995037377696, "lamda": 0.1907971107256923}, "datetime": {"datetime": "2021-09-24 09:13:36", "elapsed": 464.91433, "delta": 3.028972}}
{"target": 0.888780097157545, "params": {"C": 1755.511579751843, "epsilon": 0.5667125977332578, "gamma": 0.019387129385400957, "lamda": 0.2476496770729437}, "datetime": {"datetime": "2021-09-24 09:13:38", "elapsed": 466.924495, "delta": 2.010165}}
{"target": 0.9277262654808717, "params": {"C": 1727.0210026746788, "epsilon": 0.26935468397884943, "gamma": 0.0369905776842178, "lamda": 0.05327673186630272}, "datetime": {"datetime": "2021-09-24 09:13:41", "elapsed": 469.427945, "delta": 2.50345}}
{"target": 0.9227030867567576, "params": {"C": 1704.1251178047721, "epsilon": 0.1462844186016708, "gamma": 0.056294362093217774, "lamda": 0.1321808869520005}, "datetime": {"datetime": "2021-09-24 09:13:44", "elapsed": 472.830842, "delta": 3.402897}}
{"target": 0.9238542046998802, "params": {"C": 1703.732490831289, "epsilon": 0.10203496919957898, "gamma": 0.027273566203973518, "lamda": 0.14453308332436368}, "datetime": {"datetime": "2021-09-24 09:13:47", "elapsed": 476.131054, "delta": 3.300212}}
{"target": 0.8976057302286338, "params": {"C": 1725.2632189365036, "epsilon": 0.9145555811212792, "gamma": 0.06362935492667825, "lamda": 0.2284662350281005}, "datetime": {"datetime": "2021-09-24 09:13:49", "elapsed": 478.055846, "delta": 1.924792}}
{"target": 0.9279416989383836, "params": {"C": 1806.2964423644578, "epsilon": 0.14371821085469094, "gamma": 0.044908173840603735, "lamda": 0.08175036505022919}, "datetime": {"datetime": "2021-09-24 09:13:53", "elapsed": 481.96915, "delta": 3.913304}}
{"target": 0.9020175999440945, "params": {"C": 1861.9709086891469, "epsilon": 0.4575696534335564, "gamma": 0.04351182075732465, "lamda": 0.3886494294453821}, "datetime": {"datetime": "2021-09-24 09:13:55", "elapsed": 484.085183, "delta": 2.116033}}
{"target": 0.9313213005993608, "params": {"C": 1806.2726209326518, "epsilon": 0.0595123892441016, "gamma": 0.0317720429725117, "lamda": 0.09491361907151155}, "datetime": {"datetime": "2021-09-24 09:13:58", "elapsed": 486.750684, "delta": 2.665501}}
{"target": 0.8982686239769646, "params": {"C": 1849.0345974027775, "epsilon": 0.859866934990085, "gamma": 0.05710251814804424, "lamda": 0.2526121976690217}, "datetime": {"datetime": "2021-09-24 09:14:00", "elapsed": 488.686378, "delta": 1.935694}}
{"target": 0.9219152605844492, "params": {"C": 1783.7815368840356, "epsilon": 0.06667624183841707, "gamma": 0.05962059355644564, "lamda": 0.17532512077518217}, "datetime": {"datetime": "2021-09-24 09:14:03", "elapsed": 491.70009, "delta": 3.013712}}
{"target": 0.8811710654555249, "params": {"C": 1781.1405893712508, "epsilon": 0.2808379805507062, "gamma": 0.012207809335038497, "lamda": 0.2865774683827298}, "datetime": {"datetime": "2021-09-24 09:14:05", "elapsed": 493.729143, "delta": 2.029053}}
{"target": 0.9160142908360842, "params": {"C": 1809.3142631733917, "epsilon": 0.03641568629750888, "gamma": 0.06689903657910932, "lamda": 0.2260672794354147}, "datetime": {"datetime": "2021-09-24 09:14:07", "elapsed": 495.849963, "delta": 2.12082}}
{"target": 0.9218344062616677, "params": {"C": 1731.9809228913934, "epsilon": 0.4055793173252135, "gamma": 0.053109237255835766, "lamda": 0.07143558367370018}, "datetime": {"datetime": "2021-09-24 09:14:10", "elapsed": 499.03283, "delta": 3.182867}}
{"target": 0.92768064321837, "params": {"C": 1772.1674580543095, "epsilon": 0.03, "gamma": 0.04540127974368159, "lamda": 0.3047776655655768}, "datetime": {"datetime": "2021-09-24 09:14:14", "elapsed": 502.291425, "delta": 3.258595}}
{"target": 0.9280171349039321, "params": {"C": 1745.8950572030346, "epsilon": 0.03473097708736241, "gamma": 0.024791905081165178, "lamda": 0.15715838073116065}, "datetime": {"datetime": "2021-09-24 09:14:16", "elapsed": 504.928446, "delta": 2.637021}}
{"target": 0.9296475922525549, "params": {"C": 1732.4013620364144, "epsilon": 0.21945494361888632, "gamma": 0.03950957999917258, "lamda": 0.026146023747972754}, "datetime": {"datetime": "2021-09-24 09:14:20", "elapsed": 509.049104, "delta": 4.120658}}
{"target": 0.9058787872117072, "params": {"C": 1732.4321455755291, "epsilon": 0.2594009345805557, "gamma": 0.011992401830175529, "lamda": 0.04088044343379052}, "datetime": {"datetime": "2021-09-24 09:14:23", "elapsed": 511.804223, "delta": 2.755119}}
{"target": 0.9207489391462772, "params": {"C": 1726.973767539742, "epsilon": 0.25057819011892, "gamma": 0.023631863479815662, "lamda": 0.004851112889649581}, "datetime": {"datetime": "2021-09-24 09:14:26", "elapsed": 515.164266, "delta": 3.360043}}
{"target": 0.8733795097883916, "params": {"C": 1810.150424887295, "epsilon": 0.4672437911628543, "gamma": 0.013253744652353402, "lamda": 0.32564525004963457}, "datetime": {"datetime": "2021-09-24 09:14:28", "elapsed": 517.057703, "delta": 1.893437}}
{"target": 0.9173555827685285, "params": {"C": 1772.1752096263463, "epsilon": 0.09920330905955425, "gamma": 0.06261120317232481, "lamda": 0.3146891095375166}, "datetime": {"datetime": "2021-09-24 09:14:31", "elapsed": 519.753019, "delta": 2.695316}}
{"target": 0.912024755556875, "params": {"C": 1703.9539233067546, "epsilon": 0.15199755043368912, "gamma": 0.020993729457277004, "lamda": 0.18253882365936114}, "datetime": {"datetime": "2021-09-24 09:14:33", "elapsed": 521.632724, "delta": 1.879705}}
{"target": 0.9169624054939669, "params": {"C": 1736.8278276883875, "epsilon": 0.3697556075784426, "gamma": 0.06962600870394142, "lamda": 0.066485000933984}, "datetime": {"datetime": "2021-09-24 09:14:35", "elapsed": 523.681479, "delta": 2.048755}}
{"target": 0.9123992193391149, "params": {"C": 1883.432568954816, "epsilon": 0.6073747166836607, "gamma": 0.05086945098826015, "lamda": 0.15065843218991296}, "datetime": {"datetime": "2021-09-24 09:14:37", "elapsed": 525.627415, "delta": 1.945936}}
{"target": 0.9183854433267818, "params": {"C": 1786.5239577838558, "epsilon": 0.2356795046712035, "gamma": 0.04880396475141729, "lamda": 0.21176946326117455}, "datetime": {"datetime": "2021-09-24 09:14:39", "elapsed": 527.549169, "delta": 1.921754}}
{"target": 0.9304128754586272, "params": {"C": 1793.6149656382233, "epsilon": 0.18547280400277338, "gamma": 0.03287354621570304, "lamda": 0.042613698204143624}, "datetime": {"datetime": "2021-09-24 09:14:41", "elapsed": 529.653265, "delta": 2.104096}}
{"target": 0.8945654062194155, "params": {"C": 1889.147815885086, "epsilon": 0.7625464369206273, "gamma": 0.0509488469855701, "lamda": 0.34302283005940093}, "datetime": {"datetime": "2021-09-24 09:14:43", "elapsed": 531.736958, "delta": 2.083693}}
{"target": 0.9179333306596842, "params": {"C": 1736.7738435926537, "epsilon": 0.0933037511626517, "gamma": 0.05909421212673848, "lamda": 0.3655517941965795}, "datetime": {"datetime": "2021-09-24 09:14:46", "elapsed": 534.654754, "delta": 2.917796}}
{"target": 0.9037343802400871, "params": {"C": 1806.2086077254748, "epsilon": 0.035656518709307465, "gamma": 0.06732843922789615, "lamda": 0.10915571211389899}, "datetime": {"datetime": "2021-09-24 09:14:50", "elapsed": 538.918375, "delta": 4.263621}}
{"target": 0.914824427104899, "params": {"C": 1704.1675282689987, "epsilon": 0.11039808615216391, "gamma": 0.019643756549730062, "lamda": 0.158962585187071}, "datetime": {"datetime": "2021-09-24 09:14:53", "elapsed": 541.935281, "delta": 3.016906}}
{"target": 0.8846528980143238, "params": {"C": 1800.0516655513406, "epsilon": 0.9644575409170655, "gamma": 0.06411579715767467, "lamda": 0.3585044260933558}, "datetime": {"datetime": "2021-09-24 09:14:56", "elapsed": 544.276972, "delta": 2.341691}}
{"target": 0.9254689753830587, "params": {"C": 1771.6209455582998, "epsilon": 0.0734524091146469, "gamma": 0.02797433938244636, "lamda": 0.1697079765790409}, "datetime": {"datetime": "2021-09-24 09:14:58", "elapsed": 546.476654, "delta": 2.199682}}
{"target": 0.9186394963146673, "params": {"C": 1793.6087746671408, "epsilon": 0.18443555812758564, "gamma": 0.021283853989422744, "lamda": 0.08059813648321765}, "datetime": {"datetime": "2021-09-24 09:15:02", "elapsed": 550.224669, "delta": 3.748015}}
{"target": 0.9243454242914372, "params": {"C": 1727.0599459850487, "epsilon": 0.20101883425575842, "gamma": 0.021137845227583923, "lamda": 0.02506419280556908}, "datetime": {"datetime": "2021-09-24 09:15:06", "elapsed": 554.187667, "delta": 3.962998}}
{"target": 0.9291721484146839, "params": {"C": 1783.7356389905997, "epsilon": 0.07836389064830306, "gamma": 0.042394196450703636, "lamda": 0.09352296374341286}, "datetime": {"datetime": "2021-09-24 09:15:09", "elapsed": 557.412052, "delta": 3.224385}}
{"target": 0.8884781667211614, "params": {"C": 1879.123195769708, "epsilon": 0.4209701057373354, "gamma": 0.01817534689809938, "lamda": 0.2934711926578111}, "datetime": {"datetime": "2021-09-24 09:15:11", "elapsed": 559.627709, "delta": 2.215657}}
{"target": 0.9267728765122132, "params": {"C": 1720.6803453533628, "epsilon": 0.12467583896180057, "gamma": 0.047874940259383394, "lamda": 0.10640798189088554}, "datetime": {"datetime": "2021-09-24 09:15:14", "elapsed": 563.055464, "delta": 3.427755}}
{"target": 0.9239538542278322, "params": {"C": 1752.018856374248, "epsilon": 0.2589188678170241, "gamma": 0.03170738383905766, "lamda": 0.07802651433134082}, "datetime": {"datetime": "2021-09-24 09:15:17", "elapsed": 565.391705, "delta": 2.336241}}
{"target": 0.930840344183929, "params": {"C": 1745.8964377877155, "epsilon": 0.057353689114409974, "gamma": 0.029200786407446014, "lamda": 0.09371755699692197}, "datetime": {"datetime": "2021-09-24 09:15:20", "elapsed": 569.035031, "delta": 3.643326}}
{"target": 0.9219615660130952, "params": {"C": 1704.1395978277726, "epsilon": 0.11326607614124723, "gamma": 0.056370122669073666, "lamda": 0.0650757796163409}, "datetime": {"datetime": "2021-09-24 09:15:23", "elapsed": 572.110391, "delta": 3.07536}}
{"target": 0.929554463536415, "params": {"C": 1793.60178544879, "epsilon": 0.24158291381877894, "gamma": 0.02787198592339977, "lamda": 0.013823807025572926}, "datetime": {"datetime": "2021-09-24 09:15:28", "elapsed": 576.584583, "delta": 4.474192}}
{"target": 0.9055606708558769, "params": {"C": 1732.1264254671107, "epsilon": 0.2056997697157685, "gamma": 0.015176681002286918, "lamda": 0.1055032246499517}, "datetime": {"datetime": "2021-09-24 09:15:32", "elapsed": 580.497146, "delta": 3.912563}}
{"target": 0.9096530792441379, "params": {"C": 1862.8521145314394, "epsilon": 0.7405837294882137, "gamma": 0.04489020386542871, "lamda": 0.15575402100550093}, "datetime": {"datetime": "2021-09-24 09:15:34", "elapsed": 582.914121, "delta": 2.416975}}
{"target": 0.913253932141533, "params": {"C": 1813.4756558809054, "epsilon": 0.4936029532388031, "gamma": 0.031205781421421427, "lamda": 0.12440107137737934}, "datetime": {"datetime": "2021-09-24 09:15:37", "elapsed": 585.278367, "delta": 2.364246}}
{"target": 0.9069925410560746, "params": {"C": 1887.2049981274768, "epsilon": 0.303491098424829, "gamma": 0.03037152079194417, "lamda": 0.319142755469297}, "datetime": {"datetime": "2021-09-24 09:15:39", "elapsed": 587.673142, "delta": 2.394775}}
{"target": 0.9021740322510019, "params": {"C": 1732.5156674732268, "epsilon": 0.42947172116375987, "gamma": 0.012633764348356011, "lamda": 0.04208227128205162}, "datetime": {"datetime": "2021-09-24 09:15:43", "elapsed": 591.810471, "delta": 4.137329}}
{"target": 0.9144125402880257, "params": {"C": 1799.6316024437797, "epsilon": 0.674018300359642, "gamma": 0.06478819672043534, "lamda": 0.08031807688387645}, "datetime": {"datetime": "2021-09-24 09:15:46", "elapsed": 594.413147, "delta": 2.602676}}
{"target": 0.9222612864783976, "params": {"C": 1703.951280752064, "epsilon": 0.07545755821297241, "gamma": 0.05851720523330568, "lamda": 0.13168682188672123}, "datetime": {"datetime": "2021-09-24 09:15:49", "elapsed": 597.855765, "delta": 3.442618}}
{"target": 0.9246563062389987, "params": {"C": 1783.7201811041166, "epsilon": 0.14671842086902298, "gamma": 0.03142982979656965, "lamda": 0.12213116216843407}, "datetime": {"datetime": "2021-09-24 09:15:54", "elapsed": 602.241737, "delta": 4.385972}}
{"target": 0.9166987684439205, "params": {"C": 1893.0540401487515, "epsilon": 0.9792573499552895, "gamma": 0.01705412492997458, "lamda": 0.009406631541909297}, "datetime": {"datetime": "2021-09-24 09:15:56", "elapsed": 604.3742, "delta": 2.132463}}
{"target": 0.9248089886003839, "params": {"C": 1755.19362343017, "epsilon": 0.9281770076682964, "gamma": 0.040635927208640156, "lamda": 0.022900588895505104}, "datetime": {"datetime": "2021-09-24 09:15:59", "elapsed": 607.898856, "delta": 3.524656}}
{"target": 0.9275565519848112, "params": {"C": 1727.0264471222977, "epsilon": 0.213593531676933, "gamma": 0.04518652042545129, "lamda": 0.06139579173778428}, "datetime": {"datetime": "2021-09-24 09:16:02", "elapsed": 610.941497, "delta": 3.042641}}
{"target": 0.9105670840789212, "params": {"C": 1700.9091441661462, "epsilon": 0.809668006954886, "gamma": 0.055445552175549355, "lamda": 0.12581194133727966}, "datetime": {"datetime": "2021-09-24 09:16:05", "elapsed": 613.31344, "delta": 2.371943}}
{"target": 0.8945355688578673, "params": {"C": 1833.1700645371823, "epsilon": 0.8677606771254649, "gamma": 0.044305261247922535, "lamda": 0.3025380816352963}, "datetime": {"datetime": "2021-09-24 09:16:07", "elapsed": 615.723676, "delta": 2.410236}}
{"target": 0.9072238103407272, "params": {"C": 1827.924161634858, "epsilon": 0.6286623417377912, "gamma": 0.045407250872507104, "lamda": 0.21723534167301062}, "datetime": {"datetime": "2021-09-24 09:16:10", "elapsed": 618.243113, "delta": 2.519437}}
{"target": 0.8760649592304729, "params": {"C": 1718.3361615055521, "epsilon": 0.9446458193200601, "gamma": 0.017871619369956283, "lamda": 0.24807740988990634}, "datetime": {"datetime": "2021-09-24 09:16:12", "elapsed": 620.405247, "delta": 2.162134}}
{"target": 0.9143123040337087, "params": {"C": 1779.3106900477921, "epsilon": 0.3337664139606963, "gamma": 0.05282880829230415, "lamda": 0.2205483057913983}, "datetime": {"datetime": "2021-09-24 09:16:14", "elapsed": 622.517868, "delta": 2.112621}}
{"target": 0.901160616152155, "params": {"C": 1837.0756340336768, "epsilon": 0.461121353594804, "gamma": 0.055700576982317895, "lamda": 0.3949900835058084}, "datetime": {"datetime": "2021-09-24 09:16:16", "elapsed": 624.717617, "delta": 2.199749}}
{"target": 0.9152828960695034, "params": {"C": 1711.8517417146973, "epsilon": 0.036540115818147326, "gamma": 0.046113307350641744, "lamda": 0.06561574011886925}, "datetime": {"datetime": "2021-09-24 09:16:18", "elapsed": 627.079446, "delta": 2.361829}}
{"target": 0.9202780767691007, "params": {"C": 1704.041771671633, "epsilon": 0.1573539304869968, "gamma": 0.059840715670968374, "lamda": 0.16059630326526023}, "datetime": {"datetime": "2021-09-24 09:16:22", "elapsed": 630.668632, "delta": 3.589186}}
{"target": 0.872699345862356, "params": {"C": 1872.586368075494, "epsilon": 0.7935996606927134, "gamma": 0.01666281480034839, "lamda": 0.3024728215641701}, "datetime": {"datetime": "2021-09-24 09:16:24", "elapsed": 632.997887, "delta": 2.329255}}
{"target": 0.8932428833815732, "params": {"C": 1879.54082267969, "epsilon": 0.1674346162127828, "gamma": 0.01558223186774257, "lamda": 0.37083213878932997}, "datetime": {"datetime": "2021-09-24 09:16:26", "elapsed": 635.119114, "delta": 2.121227}}
{"target": 0.929900821844336, "params": {"C": 1704.152370177232, "epsilon": 0.04076167052364657, "gamma": 0.02748622834838394, "lamda": 0.110393509040345}, "datetime": {"datetime": "2021-09-24 09:16:31", "elapsed": 639.496705, "delta": 4.377591}}
{"target": 0.9193249395941809, "params": {"C": 1710.4388299837785, "epsilon": 0.3581520616872852, "gamma": 0.06327660748953705, "lamda": 0.0720324858377758}, "datetime": {"datetime": "2021-09-24 09:16:33", "elapsed": 641.689074, "delta": 2.192369}}
{"target": 0.927358351015836, "params": {"C": 1783.7567527183141, "epsilon": 0.1332200263135283, "gamma": 0.023959803362414735, "lamda": 0.04980540720827546}, "datetime": {"datetime": "2021-09-24 09:16:37", "elapsed": 645.304544, "delta": 3.61547}}
{"target": 0.9232018524764934, "params": {"C": 1783.6825731170693, "epsilon": 0.039325760194932426, "gamma": 0.04723980239878928, "lamda": 0.10979608377689319}, "datetime": {"datetime": "2021-09-24 09:16:40", "elapsed": 648.537228, "delta": 3.232684}}
{"target": 0.9241190789975302, "params": {"C": 1828.4505211617818, "epsilon": 0.047629998708495866, "gamma": 0.047250518143086166, "lamda": 0.09840980456934112}, "datetime": {"datetime": "2021-09-24 09:16:42", "elapsed": 650.771717, "delta": 2.234489}}
{"target": 0.9014705328506646, "params": {"C": 1822.9611861984658, "epsilon": 0.6588622428724319, "gamma": 0.026845905880950982, "lamda": 0.17974358465181034}, "datetime": {"datetime": "2021-09-24 09:16:44", "elapsed": 653.024261, "delta": 2.252544}}
{"target": 0.8942166030814345, "params": {"C": 1755.2704714249637, "epsilon": 0.7451239592073331, "gamma": 0.028759445218644528, "lamda": 0.2637989615806301}, "datetime": {"datetime": "2021-09-24 09:16:47", "elapsed": 655.303754, "delta": 2.279493}}
{"target": 0.9140362757677206, "params": {"C": 1745.923441971266, "epsilon": 0.06292502237733685, "gamma": 0.016160412266407485, "lamda": 0.16613613884349088}, "datetime": {"datetime": "2021-09-24 09:16:50", "elapsed": 658.845331, "delta": 3.541577}}
