{"target": -2.0541720131607963, "params": {"C": 409.5164206148677, "epsilon": 0.379664933331862, "gamma": 0.04891924412263124, "lamda": 0.1826152294679747}, "datetime": {"datetime": "2021-09-23 16:12:58", "elapsed": 1011.347125, "delta": 2.143952}}
{"target": -1.9603116365993718, "params": {"C": 453.34483492794857, "epsilon": 0.3114752115174241, "gamma": 0.044908641582940785, "lamda": 0.06253468449612402}, "datetime": {"datetime": "2021-09-23 16:13:04", "elapsed": 1016.92275, "delta": 5.575625}}
{"target": -2.0180303262345762, "params": {"C": 453.2724945243742, "epsilon": 0.20988004677940433, "gamma": 0.05, "lamda": 0.019800408893491512}, "datetime": {"datetime": "2021-09-23 16:13:08", "elapsed": 1021.71566, "delta": 4.79291}}
{"target": -1.9179882763799327, "params": {"C": 476.8335215402832, "epsilon": 0.2204748589170913, "gamma": 0.03987779858089162, "lamda": 0.04620510330813528}, "datetime": {"datetime": "2021-09-23 16:13:12", "elapsed": 1025.578578, "delta": 3.862918}}
{"target": -1.9781116163354873, "params": {"C": 482.8295559272683, "epsilon": 0.12462807732111954, "gamma": 0.03884226788513053, "lamda": 0.1807147780453543}, "datetime": {"datetime": "2021-09-23 16:13:14", "elapsed": 1027.71567, "delta": 2.137092}}
{"target": -2.048065026038623, "params": {"C": 464.538938433469, "epsilon": 0.28588500620022483, "gamma": 0.032320562651909475, "lamda": 0.15637210413477626}, "datetime": {"datetime": "2021-09-23 16:13:17", "elapsed": 1030.067022, "delta": 2.351352}}
{"target": -1.9596351897066981, "params": {"C": 473.2563740406778, "epsilon": 0.793666457150607, "gamma": 0.04142725380618189, "lamda": 0.023984697458188032}, "datetime": {"datetime": "2021-09-23 16:13:19", "elapsed": 1032.225419, "delta": 2.158397}}
{"target": -1.9882882182719366, "params": {"C": 475.4590340891043, "epsilon": 0.453248145374859, "gamma": 0.043081563587787156, "lamda": 0.05937850607817066}, "datetime": {"datetime": "2021-09-23 16:13:21", "elapsed": 1034.551562, "delta": 2.326143}}
{"target": -1.9398133319687354, "params": {"C": 426.3213804716873, "epsilon": 0.3033167239048452, "gamma": 0.03, "lamda": 0.015}, "datetime": {"datetime": "2021-09-23 16:13:26", "elapsed": 1038.900302, "delta": 4.34874}}
{"target": -1.9702967488756526, "params": {"C": 453.4231681335554, "epsilon": 0.20518906575068152, "gamma": 0.04382549045725054, "lamda": 0.10640839154664798}, "datetime": {"datetime": "2021-09-23 16:13:32", "elapsed": 1045.058043, "delta": 6.157741}}
{"target": -2.025894534528584, "params": {"C": 443.0165931316641, "epsilon": 0.04486442129236714, "gamma": 0.043903920280431996, "lamda": 0.041848268651869226}, "datetime": {"datetime": "2021-09-23 16:13:37", "elapsed": 1050.149601, "delta": 5.091558}}
{"target": -2.0721206277576925, "params": {"C": 446.6708754388769, "epsilon": 0.47293456877640405, "gamma": 0.04629136036096701, "lamda": 0.17451872574893218}, "datetime": {"datetime": "2021-09-23 16:13:39", "elapsed": 1052.501163, "delta": 2.351562}}
{"target": -1.918962414320283, "params": {"C": 425.9588538593997, "epsilon": 0.18177208845860277, "gamma": 0.03615608870038193, "lamda": 0.03994778850465526}, "datetime": {"datetime": "2021-09-23 16:13:44", "elapsed": 1057.534721, "delta": 5.033558}}
{"target": -2.054933974057224, "params": {"C": 476.8276166807816, "epsilon": 0.6320765201817783, "gamma": 0.04532127523431674, "lamda": 0.1113764979600236}, "datetime": {"datetime": "2021-09-23 16:13:47", "elapsed": 1059.906943, "delta": 2.372222}}
{"target": -2.0328814584324255, "params": {"C": 490.8521931654935, "epsilon": 0.47406977402937045, "gamma": 0.032091724525525306, "lamda": 0.07707873988282116}, "datetime": {"datetime": "2021-09-23 16:13:49", "elapsed": 1062.251139, "delta": 2.344196}}
{"target": -2.0013469523465455, "params": {"C": 400.36580416241276, "epsilon": 0.10788499037491218, "gamma": 0.03, "lamda": 0.015}, "datetime": {"datetime": "2021-09-23 16:13:54", "elapsed": 1067.007309, "delta": 4.75617}}
{"target": -1.911063820372451, "params": {"C": 434.2513391891666, "epsilon": 0.11824319674524504, "gamma": 0.03628179715920179, "lamda": 0.08565408298422227}, "datetime": {"datetime": "2021-09-23 16:13:56", "elapsed": 1069.390179, "delta": 2.38287}}
{"target": -1.9601898032066891, "params": {"C": 434.1902143378345, "epsilon": 0.08658195235930627, "gamma": 0.0469712990022384, "lamda": 0.07562465074306995}, "datetime": {"datetime": "2021-09-23 16:14:01", "elapsed": 1074.058904, "delta": 4.668725}}
{"target": -2.0402981224003587, "params": {"C": 474.4970805947168, "epsilon": 0.24902189705313618, "gamma": 0.03829807542980801, "lamda": 0.19622725122332035}, "datetime": {"datetime": "2021-09-23 16:14:03", "elapsed": 1076.2715, "delta": 2.212596}}
{"target": -1.9495120702806743, "params": {"C": 434.26653018965766, "epsilon": 0.19720000521146275, "gamma": 0.03887040334499867, "lamda": 0.09419444303688132}, "datetime": {"datetime": "2021-09-23 16:14:07", "elapsed": 1080.665504, "delta": 4.394004}}
{"target": -1.9200196755740317, "params": {"C": 434.2672146945345, "epsilon": 0.06576311006494542, "gamma": 0.04155248713584389, "lamda": 0.14714339607202642}, "datetime": {"datetime": "2021-09-23 16:14:13", "elapsed": 1086.223145, "delta": 5.557641}}
{"target": -1.9508974075711998, "params": {"C": 442.95303479618843, "epsilon": 0.08877796846630173, "gamma": 0.03767745687516189, "lamda": 0.1854921475991963}, "datetime": {"datetime": "2021-09-23 16:14:19", "elapsed": 1092.799381, "delta": 6.576236}}
{"target": -1.9252694343572536, "params": {"C": 435.8858235526912, "epsilon": 0.09178407876727249, "gamma": 0.0419590189776917, "lamda": 0.07945089302765908}, "datetime": {"datetime": "2021-09-23 16:14:22", "elapsed": 1095.05876, "delta": 2.259379}}
{"target": -2.1446307893917176, "params": {"C": 405.8404405346825, "epsilon": 0.7012702429454842, "gamma": 0.03605685766429017, "lamda": 0.1683071518057513}, "datetime": {"datetime": "2021-09-23 16:14:24", "elapsed": 1097.224824, "delta": 2.166064}}
{"target": -1.9530395278117818, "params": {"C": 434.3168062760858, "epsilon": 0.10180646458088424, "gamma": 0.05, "lamda": 0.10072465702969607}, "datetime": {"datetime": "2021-09-23 16:14:29", "elapsed": 1101.927021, "delta": 4.702197}}
{"target": -1.9341605339323535, "params": {"C": 435.9139376455976, "epsilon": 0.11435706119990519, "gamma": 0.03, "lamda": 0.10674272639648094}, "datetime": {"datetime": "2021-09-23 16:14:33", "elapsed": 1106.728885, "delta": 4.801864}}
{"target": -2.1006716319093606, "params": {"C": 489.9981130382438, "epsilon": 0.6286379661161681, "gamma": 0.03806328682901249, "lamda": 0.15012632667815917}, "datetime": {"datetime": "2021-09-23 16:14:36", "elapsed": 1109.119479, "delta": 2.390594}}
