{"target": 0.9135654620834194, "params": {"C": 527.6885879612519, "epsilon": 0.884120275724222, "gamma": 0.0689802900869543, "lamda": 0.055696595705028364}, "datetime": {"datetime": "2021-09-23 21:19:27", "elapsed": 128.980084, "delta": 1.269526}}
{"target": 0.906275640281266, "params": {"C": 562.7425441307264, "epsilon": 0.3693580054067216, "gamma": 0.02634467881683837, "lamda": 0.21723529157773994}, "datetime": {"datetime": "2021-09-23 21:19:28", "elapsed": 130.008089, "delta": 1.028005}}
{"target": 0.8944219478564109, "params": {"C": 522.9937329229879, "epsilon": 0.17232224908341912, "gamma": 0.012478332367425682, "lamda": 0.16491872286929368}, "datetime": {"datetime": "2021-09-23 21:19:29", "elapsed": 131.575779, "delta": 1.56769}}
{"target": 0.9209460355868597, "params": {"C": 538.8900456514701, "epsilon": 0.3401515195022249, "gamma": 0.0434942823660553, "lamda": 0.11052632772186367}, "datetime": {"datetime": "2021-09-23 21:19:30", "elapsed": 132.639625, "delta": 1.063846}}
{"target": 0.9204284360142486, "params": {"C": 559.4898074799637, "epsilon": 0.5884799359249557, "gamma": 0.02742209283452502, "lamda": 0.027436953416216277}, "datetime": {"datetime": "2021-09-23 21:19:32", "elapsed": 134.075573, "delta": 1.435948}}
{"target": 0.9140305302225239, "params": {"C": 502.11000857264605, "epsilon": 0.12989905722722028, "gamma": 0.022967820814159205, "lamda": 0.16120778058858504}, "datetime": {"datetime": "2021-09-23 21:19:33", "elapsed": 135.268963, "delta": 1.19339}}
{"target": 0.8954218209923651, "params": {"C": 559.5693051558111, "epsilon": 0.5939791878169329, "gamma": 0.01260810403355362, "lamda": 0.047572677502181845}, "datetime": {"datetime": "2021-09-23 21:19:34", "elapsed": 136.678764, "delta": 1.409801}}
{"target": 0.9245842922910831, "params": {"C": 523.0706803143546, "epsilon": 0.24847348865241728, "gamma": 0.04157097422216551, "lamda": 0.09032093829386593}, "datetime": {"datetime": "2021-09-23 21:19:36", "elapsed": 138.012783, "delta": 1.334019}}
{"target": 0.9146995021197402, "params": {"C": 540.5389673831082, "epsilon": 0.05107961890789186, "gamma": 0.06879858953707767, "lamda": 0.11049067884676446}, "datetime": {"datetime": "2021-09-23 21:19:37", "elapsed": 139.470591, "delta": 1.457808}}
{"target": 0.9146788825614072, "params": {"C": 564.5765950764928, "epsilon": 0.18578780875497816, "gamma": 0.03830070175886905, "lamda": 0.371737462306453}, "datetime": {"datetime": "2021-09-23 21:19:38", "elapsed": 140.574142, "delta": 1.103551}}
{"target": 0.916382431290202, "params": {"C": 540.5139917138603, "epsilon": 0.1193958057541399, "gamma": 0.024347299176204117, "lamda": 0.15785586310803468}, "datetime": {"datetime": "2021-09-23 21:19:40", "elapsed": 141.88714, "delta": 1.312998}}
{"target": 0.9262551349545938, "params": {"C": 552.9950705750217, "epsilon": 0.12886248379075463, "gamma": 0.049035461704277056, "lamda": 0.09781125478084912}, "datetime": {"datetime": "2021-09-23 21:19:41", "elapsed": 143.037833, "delta": 1.150693}}
{"target": 0.9211582309307021, "params": {"C": 500.3375405176279, "epsilon": 0.13815203910770157, "gamma": 0.05647117480349506, "lamda": 0.18408296354879608}, "datetime": {"datetime": "2021-09-23 21:19:43", "elapsed": 144.985844, "delta": 1.948011}}
{"target": 0.9198647229789063, "params": {"C": 501.9810904246822, "epsilon": 0.062417598283791724, "gamma": 0.05680441087487073, "lamda": 0.39672419260832814}, "datetime": {"datetime": "2021-09-23 21:19:44", "elapsed": 146.04663, "delta": 1.060786}}
{"target": 0.9118145810199502, "params": {"C": 559.6093730319908, "epsilon": 0.526357800987772, "gamma": 0.06261415070343367, "lamda": 0.001}, "datetime": {"datetime": "2021-09-23 21:19:46", "elapsed": 148.263529, "delta": 2.216899}}
{"target": 0.9066054105484423, "params": {"C": 507.3029396698231, "epsilon": 0.9168420432300616, "gamma": 0.06438177597614335, "lamda": 0.1303446318282557}, "datetime": {"datetime": "2021-09-23 21:19:48", "elapsed": 150.223893, "delta": 1.960364}}
{"target": 0.8792506735462944, "params": {"C": 549.3849610651819, "epsilon": 0.8019920863470515, "gamma": 0.011360563424432047, "lamda": 0.10186944481795716}, "datetime": {"datetime": "2021-09-23 21:19:49", "elapsed": 151.40396, "delta": 1.180067}}
{"target": 0.9248708330979957, "params": {"C": 553.0868434122457, "epsilon": 0.10134441362600906, "gamma": 0.04327101403106195, "lamda": 0.19651369569206384}, "datetime": {"datetime": "2021-09-23 21:19:51", "elapsed": 152.994856, "delta": 1.590896}}
{"target": 0.9243842364321477, "params": {"C": 553.1466418301351, "epsilon": 0.03579720374603436, "gamma": 0.02889782212297109, "lamda": 0.16534246831339794}, "datetime": {"datetime": "2021-09-23 21:19:52", "elapsed": 154.238102, "delta": 1.243246}}
{"target": 0.9096224274807506, "params": {"C": 578.2235912465483, "epsilon": 0.8825338918417113, "gamma": 0.04352623366631094, "lamda": 0.12991968158693193}, "datetime": {"datetime": "2021-09-23 21:19:53", "elapsed": 155.731863, "delta": 1.493761}}
{"target": 0.923587598522197, "params": {"C": 561.3532953891529, "epsilon": 0.5555438076395907, "gamma": 0.04303483696326408, "lamda": 0.048108682927731766}, "datetime": {"datetime": "2021-09-23 21:19:54", "elapsed": 156.761881, "delta": 1.030018}}
{"target": 0.8881179729517522, "params": {"C": 523.1742030071117, "epsilon": 0.09006715432667849, "gamma": 0.010508206697458247, "lamda": 0.09524113653102585}, "datetime": {"datetime": "2021-09-23 21:19:57", "elapsed": 158.906692, "delta": 2.144811}}
{"target": 0.915426853350278, "params": {"C": 527.8507137238385, "epsilon": 0.9659241571484438, "gamma": 0.04109002458193385, "lamda": 0.0692406859728594}, "datetime": {"datetime": "2021-09-23 21:19:58", "elapsed": 160.290851, "delta": 1.384159}}
{"target": 0.8990294432846726, "params": {"C": 514.4024950325046, "epsilon": 0.60767133708906, "gamma": 0.05681738717212499, "lamda": 0.3374657420211903}, "datetime": {"datetime": "2021-09-23 21:19:59", "elapsed": 161.381041, "delta": 1.09019}}
{"target": 0.9202448142494917, "params": {"C": 566.3133811413236, "epsilon": 0.03369152065471626, "gamma": 0.026853017350756934, "lamda": 0.3172294401873156}, "datetime": {"datetime": "2021-09-23 21:20:01", "elapsed": 163.064734, "delta": 1.683693}}
{"target": 0.9239583255132776, "params": {"C": 553.064519036123, "epsilon": 0.19948365399262522, "gamma": 0.0555220818395784, "lamda": 0.07980055854553934}, "datetime": {"datetime": "2021-09-23 21:20:02", "elapsed": 164.362509, "delta": 1.297775}}
{"target": 0.9242894917298532, "params": {"C": 553.0105981406421, "epsilon": 0.09211435448534226, "gamma": 0.05477593289005415, "lamda": 0.07402711376426271}, "datetime": {"datetime": "2021-09-23 21:20:03", "elapsed": 165.658122, "delta": 1.295613}}
{"target": 0.9238317371674729, "params": {"C": 553.12314954794, "epsilon": 0.0867424245543425, "gamma": 0.03654077419654339, "lamda": 0.23746128573559755}, "datetime": {"datetime": "2021-09-23 21:20:04", "elapsed": 166.808988, "delta": 1.150866}}
{"target": 0.9123373126640014, "params": {"C": 525.8514185906204, "epsilon": 0.10779638748941558, "gamma": 0.0691834446578232, "lamda": 0.03751760977264476}, "datetime": {"datetime": "2021-09-23 21:20:06", "elapsed": 168.056987, "delta": 1.247999}}
{"target": 0.9092277905347984, "params": {"C": 553.0244086297225, "epsilon": 0.12980740538501978, "gamma": 0.018394839564287772, "lamda": 0.11801318801462408}, "datetime": {"datetime": "2021-09-23 21:20:07", "elapsed": 169.446355, "delta": 1.389368}}
{"target": 0.9036955699209536, "params": {"C": 509.4686482975525, "epsilon": 0.3899045713864021, "gamma": 0.0359921406348379, "lamda": 0.37422611348436186}, "datetime": {"datetime": "2021-09-23 21:20:08", "elapsed": 170.400201, "delta": 0.953846}}
{"target": 0.9127212727201213, "params": {"C": 542.2297769617169, "epsilon": 0.3222796913815411, "gamma": 0.06104988643645028, "lamda": 0.22316095432334992}, "datetime": {"datetime": "2021-09-23 21:20:09", "elapsed": 171.354926, "delta": 0.954725}}
{"target": 0.9025556130392196, "params": {"C": 512.8008748661567, "epsilon": 0.1689221104619052, "gamma": 0.017007184343163298, "lamda": 0.23331095071931504}, "datetime": {"datetime": "2021-09-23 21:20:10", "elapsed": 172.473574, "delta": 1.118648}}
{"target": 0.9181942661515128, "params": {"C": 523.1464042413617, "epsilon": 0.05316175077787768, "gamma": 0.06577812221588654, "lamda": 0.13292194718026099}, "datetime": {"datetime": "2021-09-23 21:20:11", "elapsed": 173.654165, "delta": 1.180591}}
{"target": 0.918973341163429, "params": {"C": 552.9564480075821, "epsilon": 0.18027514622265875, "gamma": 0.025428054449035106, "lamda": 0.07821559279436972}, "datetime": {"datetime": "2021-09-23 21:20:12", "elapsed": 174.76397, "delta": 1.109805}}
{"target": 0.9158644050532565, "params": {"C": 540.5231590257144, "epsilon": 0.11896854000948207, "gamma": 0.06692096928410801, "lamda": 0.280750417156173}, "datetime": {"datetime": "2021-09-23 21:20:14", "elapsed": 176.250347, "delta": 1.486377}}
{"target": 0.927945746959432, "params": {"C": 553.0520345041131, "epsilon": 0.04931944005577985, "gamma": 0.0395647889336422, "lamda": 0.14639177811223894}, "datetime": {"datetime": "2021-09-23 21:20:15", "elapsed": 177.420902, "delta": 1.170555}}
{"target": 0.9236654806659554, "params": {"C": 552.9513432948179, "epsilon": 0.0804923479069834, "gamma": 0.056839453206527946, "lamda": 0.11563387382434935}, "datetime": {"datetime": "2021-09-23 21:20:17", "elapsed": 179.070613, "delta": 1.649711}}
{"target": 0.9127789598990402, "params": {"C": 567.9106734170878, "epsilon": 0.23719352630289625, "gamma": 0.050721266050142856, "lamda": 0.35249065111661143}, "datetime": {"datetime": "2021-09-23 21:20:18", "elapsed": 180.045613, "delta": 0.975}}
{"target": 0.8997270814961212, "params": {"C": 565.0099552437187, "epsilon": 0.4532827704472492, "gamma": 0.022770628390317182, "lamda": 0.21483746020791367}, "datetime": {"datetime": "2021-09-23 21:20:19", "elapsed": 180.939109, "delta": 0.893496}}
{"target": 0.9058593119783914, "params": {"C": 560.8601379566554, "epsilon": 0.36708362343904744, "gamma": 0.05168583522898372, "lamda": 0.38711855849264687}, "datetime": {"datetime": "2021-09-23 21:20:19", "elapsed": 181.788096, "delta": 0.848987}}
{"target": 0.8836408419237841, "params": {"C": 584.7276794959021, "epsilon": 0.8586228929876127, "gamma": 0.02517909588461329, "lamda": 0.3140453097601589}, "datetime": {"datetime": "2021-09-23 21:20:21", "elapsed": 183.014243, "delta": 1.226147}}
{"target": 0.9226858487718138, "params": {"C": 540.4609277862797, "epsilon": 0.14912299065139173, "gamma": 0.058880943028560465, "lamda": 0.1000598174299663}, "datetime": {"datetime": "2021-09-23 21:20:22", "elapsed": 184.061907, "delta": 1.047664}}
{"target": 0.9217647553686962, "params": {"C": 553.0407591779921, "epsilon": 0.049116622399393864, "gamma": 0.028116183394773286, "lamda": 0.21269182922927116}, "datetime": {"datetime": "2021-09-23 21:20:23", "elapsed": 185.208398, "delta": 1.146491}}
{"target": 0.9182471039358768, "params": {"C": 514.0928570086929, "epsilon": 0.5888045107378427, "gamma": 0.06504740881825616, "lamda": 0.0482610410932755}, "datetime": {"datetime": "2021-09-23 21:20:24", "elapsed": 186.386909, "delta": 1.178511}}
{"target": 0.9039476355928263, "params": {"C": 589.8638624485975, "epsilon": 0.6185763598343774, "gamma": 0.02061217621091978, "lamda": 0.09350671556013719}, "datetime": {"datetime": "2021-09-23 21:20:25", "elapsed": 187.514248, "delta": 1.127339}}
{"target": 0.9165178447378322, "params": {"C": 553.084351032212, "epsilon": 0.06655587939116214, "gamma": 0.06475938883597533, "lamda": 0.06843947980928339}, "datetime": {"datetime": "2021-09-23 21:20:26", "elapsed": 188.449666, "delta": 0.935418}}
{"target": 0.9207875913502513, "params": {"C": 523.2100706515055, "epsilon": 0.03872574402441668, "gamma": 0.05506325849981556, "lamda": 0.07488416395224}, "datetime": {"datetime": "2021-09-23 21:20:28", "elapsed": 189.873519, "delta": 1.423853}}
{"target": 0.9249853935574163, "params": {"C": 540.512159092863, "epsilon": 0.06222205130523686, "gamma": 0.03735021416569919, "lamda": 0.24730731688022373}, "datetime": {"datetime": "2021-09-23 21:20:29", "elapsed": 191.178374, "delta": 1.304855}}
{"target": 0.9204450817804593, "params": {"C": 552.9773624978328, "epsilon": 0.1678988657757688, "gamma": 0.04956726736397393, "lamda": 0.009443335494583979}, "datetime": {"datetime": "2021-09-23 21:20:30", "elapsed": 192.652275, "delta": 1.473901}}
{"target": 0.9244300145694156, "params": {"C": 574.7888963230224, "epsilon": 0.115685748993414, "gamma": 0.05365184437828765, "lamda": 0.13475468528303067}, "datetime": {"datetime": "2021-09-23 21:20:31", "elapsed": 193.705277, "delta": 1.053002}}
{"target": 0.925091119035841, "params": {"C": 523.0666101138729, "epsilon": 0.18496182231696928, "gamma": 0.03322453671822832, "lamda": 0.06136640268949759}, "datetime": {"datetime": "2021-09-23 21:20:32", "elapsed": 194.82747, "delta": 1.122193}}
{"target": 0.8884750249250596, "params": {"C": 522.8459260684923, "epsilon": 0.7698049723452728, "gamma": 0.03538959043808588, "lamda": 0.3897190800849119}, "datetime": {"datetime": "2021-09-23 21:20:34", "elapsed": 196.034157, "delta": 1.206687}}
{"target": 0.9042007070779674, "params": {"C": 545.0080392681036, "epsilon": 0.428567187978236, "gamma": 0.01609043098819401, "lamda": 0.04895205378226695}, "datetime": {"datetime": "2021-09-23 21:20:35", "elapsed": 197.185917, "delta": 1.15176}}
{"target": 0.9180025599516062, "params": {"C": 574.7796483439788, "epsilon": 0.05974039955525182, "gamma": 0.06565750817825732, "lamda": 0.1339722903376109}, "datetime": {"datetime": "2021-09-23 21:20:36", "elapsed": 198.453376, "delta": 1.267459}}
{"target": 0.9210891767855488, "params": {"C": 574.8574829269709, "epsilon": 0.08805310379909259, "gamma": 0.061351132505188644, "lamda": 0.09630935443327693}, "datetime": {"datetime": "2021-09-23 21:20:38", "elapsed": 199.870823, "delta": 1.417447}}
{"target": 0.9179550987996126, "params": {"C": 553.0998246490917, "epsilon": 0.16670371755762595, "gamma": 0.02671896270387114, "lamda": 0.012638894927840441}, "datetime": {"datetime": "2021-09-23 21:20:39", "elapsed": 201.242831, "delta": 1.372008}}
{"target": 0.8938433603214351, "params": {"C": 545.2317192285371, "epsilon": 0.8845577604014204, "gamma": 0.06726095454254982, "lamda": 0.2664105709497139}, "datetime": {"datetime": "2021-09-23 21:20:40", "elapsed": 202.117833, "delta": 0.875002}}
{"target": 0.9156809824997242, "params": {"C": 552.9057270418864, "epsilon": 0.13562698763415015, "gamma": 0.06959866870697487, "lamda": 0.06426156572958401}, "datetime": {"datetime": "2021-09-23 21:20:41", "elapsed": 203.668452, "delta": 1.550619}}
{"target": 0.912009253575826, "params": {"C": 592.3598957189207, "epsilon": 0.35334958591303156, "gamma": 0.03294353803791373, "lamda": 0.2105446967346407}, "datetime": {"datetime": "2021-09-23 21:20:42", "elapsed": 204.639776, "delta": 0.971324}}
{"target": 0.9181198041984213, "params": {"C": 561.6485485391855, "epsilon": 0.905792366489505, "gamma": 0.026419496068691997, "lamda": 0.0028421042458847186}, "datetime": {"datetime": "2021-09-23 21:20:43", "elapsed": 205.737466, "delta": 1.09769}}
{"target": 0.901216758228393, "params": {"C": 562.1783579600628, "epsilon": 0.7779513838105001, "gamma": 0.03301129464586619, "lamda": 0.20481887528168644}, "datetime": {"datetime": "2021-09-23 21:20:44", "elapsed": 206.724767, "delta": 0.987301}}
{"target": 0.9252014859482647, "params": {"C": 555.6207996898329, "epsilon": 0.7005282030877166, "gamma": 0.031688855874847315, "lamda": 0.012305142890649325}, "datetime": {"datetime": "2021-09-23 21:20:46", "elapsed": 208.510503, "delta": 1.785736}}
{"target": 0.9207413352795525, "params": {"C": 532.337133155258, "epsilon": 0.15604013606188918, "gamma": 0.028239496966688267, "lamda": 0.10349314056274374}, "datetime": {"datetime": "2021-09-23 21:20:47", "elapsed": 209.46569, "delta": 0.955187}}
{"target": 0.9262748112212216, "params": {"C": 555.5686203432717, "epsilon": 0.7313516344345832, "gamma": 0.04340241560854914, "lamda": 0.020790623679560718}, "datetime": {"datetime": "2021-09-23 21:20:49", "elapsed": 211.292144, "delta": 1.826454}}
{"target": 0.9158883655326453, "params": {"C": 574.795487381533, "epsilon": 0.12448222960609008, "gamma": 0.06947715472931694, "lamda": 0.07327516129925184}, "datetime": {"datetime": "2021-09-23 21:20:50", "elapsed": 212.722409, "delta": 1.430265}}
{"target": 0.9179887250367678, "params": {"C": 523.0323173670686, "epsilon": 0.25327795474777487, "gamma": 0.059132995386710435, "lamda": 0.16145610586877904}, "datetime": {"datetime": "2021-09-23 21:20:52", "elapsed": 213.955031, "delta": 1.232622}}
{"target": 0.9271681143514422, "params": {"C": 553.0831756980235, "epsilon": 0.13439075942975945, "gamma": 0.04767589020574298, "lamda": 0.051300396158823175}, "datetime": {"datetime": "2021-09-23 21:20:53", "elapsed": 215.538976, "delta": 1.583945}}
{"target": 0.9077582378224404, "params": {"C": 559.4904555069166, "epsilon": 0.5124178094098497, "gamma": 0.018890580968190955, "lamda": 0.06243985651325565}, "datetime": {"datetime": "2021-09-23 21:20:54", "elapsed": 216.808304, "delta": 1.269328}}
{"target": 0.8866943288938496, "params": {"C": 555.5744590808167, "epsilon": 0.6968361312984982, "gamma": 0.01, "lamda": 0.04586550043718097}, "datetime": {"datetime": "2021-09-23 21:20:56", "elapsed": 218.466709, "delta": 1.658405}}
{"target": 0.9007092400755671, "params": {"C": 539.1630982968695, "epsilon": 0.8689558899552464, "gamma": 0.03991076940820488, "lamda": 0.21928658974679768}, "datetime": {"datetime": "2021-09-23 21:20:57", "elapsed": 219.417968, "delta": 0.951259}}
{"target": 0.9006355702390411, "params": {"C": 583.0988503742456, "epsilon": 0.4501279224740865, "gamma": 0.06925388723128682, "lamda": 0.34122235652654853}, "datetime": {"datetime": "2021-09-23 21:20:58", "elapsed": 220.578021, "delta": 1.160053}}
{"target": 0.9243045056482575, "params": {"C": 553.0260429228388, "epsilon": 0.03211031902180347, "gamma": 0.03213680951606993, "lamda": 0.11586514577578597}, "datetime": {"datetime": "2021-09-23 21:21:00", "elapsed": 222.003699, "delta": 1.425678}}
{"target": 0.896976829624599, "params": {"C": 569.7470980925085, "epsilon": 0.8179732043622379, "gamma": 0.05077892836585951, "lamda": 0.2910764569900695}, "datetime": {"datetime": "2021-09-23 21:21:01", "elapsed": 223.109552, "delta": 1.105853}}
{"target": 0.9203163426364609, "params": {"C": 577.1113948157664, "epsilon": 0.10076091681317463, "gamma": 0.03230070797276594, "lamda": 0.28777547806240855}, "datetime": {"datetime": "2021-09-23 21:21:02", "elapsed": 224.750094, "delta": 1.640542}}
{"target": 0.9168641490298322, "params": {"C": 552.9795557221671, "epsilon": 0.12078254638874927, "gamma": 0.021649629277986544, "lamda": 0.049930973234737656}, "datetime": {"datetime": "2021-09-23 21:21:04", "elapsed": 226.020385, "delta": 1.270291}}
{"target": 0.9176886499976701, "params": {"C": 540.4546634029043, "epsilon": 0.03149890590719961, "gamma": 0.06577256492769684, "lamda": 0.2188096180910517}, "datetime": {"datetime": "2021-09-23 21:21:05", "elapsed": 227.493514, "delta": 1.473129}}
{"target": 0.9154894723750876, "params": {"C": 505.5732653992442, "epsilon": 0.5248416812960333, "gamma": 0.06082391713066613, "lamda": 0.1044609914273352}, "datetime": {"datetime": "2021-09-23 21:21:06", "elapsed": 228.552396, "delta": 1.058882}}
{"target": 0.8833459020953939, "params": {"C": 502.05304964149326, "epsilon": 0.030169336539272566, "gamma": 0.01074703609855928, "lamda": 0.14991978553115914}, "datetime": {"datetime": "2021-09-23 21:21:08", "elapsed": 230.023191, "delta": 1.470795}}
{"target": 0.8934950545001943, "params": {"C": 504.10393254827454, "epsilon": 0.26114421351733064, "gamma": 0.011317018052231925, "lamda": 0.06967605424000176}, "datetime": {"datetime": "2021-09-23 21:21:09", "elapsed": 231.303507, "delta": 1.280316}}
{"target": 0.8960679789042859, "params": {"C": 523.0927841495013, "epsilon": 0.22017703318979057, "gamma": 0.01162446769883924, "lamda": 0.05646856153138007}, "datetime": {"datetime": "2021-09-23 21:21:11", "elapsed": 232.923495, "delta": 1.619988}}
{"target": 0.9149270391390918, "params": {"C": 557.8466498304098, "epsilon": 0.23435641908216923, "gamma": 0.06620260516889882, "lamda": 0.19368359311872285}, "datetime": {"datetime": "2021-09-23 21:21:12", "elapsed": 234.045214, "delta": 1.121719}}
{"target": 0.9265512817792476, "params": {"C": 552.9743444119863, "epsilon": 0.10544351723952405, "gamma": 0.03438092150440821, "lamda": 0.04640206646861186}, "datetime": {"datetime": "2021-09-23 21:21:13", "elapsed": 235.193188, "delta": 1.147974}}
{"target": 0.8906436177648571, "params": {"C": 550.4667621443117, "epsilon": 0.2098862450273653, "gamma": 0.01269391680920132, "lamda": 0.2258706608179359}, "datetime": {"datetime": "2021-09-23 21:21:14", "elapsed": 236.197104, "delta": 1.003916}}
{"target": 0.9147090254552478, "params": {"C": 553.0173113078623, "epsilon": 0.0623553627886779, "gamma": 0.021623083841365902, "lamda": 0.1768842944778957}, "datetime": {"datetime": "2021-09-23 21:21:16", "elapsed": 238.071795, "delta": 1.874691}}
{"target": 0.9110641721290924, "params": {"C": 592.0240450527194, "epsilon": 0.5735154209906408, "gamma": 0.02973259303678314, "lamda": 0.11971657020548479}, "datetime": {"datetime": "2021-09-23 21:21:17", "elapsed": 239.15568, "delta": 1.083885}}
{"target": 0.9213314553207325, "params": {"C": 553.0881450836595, "epsilon": 0.10177297206489558, "gamma": 0.061209568438213034, "lamda": 0.15195951359316126}, "datetime": {"datetime": "2021-09-23 21:21:18", "elapsed": 240.569486, "delta": 1.413806}}
{"target": 0.9245303147071511, "params": {"C": 553.1172388375828, "epsilon": 0.04230151098786543, "gamma": 0.05373843443587823, "lamda": 0.15115895717839067}, "datetime": {"datetime": "2021-09-23 21:21:20", "elapsed": 242.133498, "delta": 1.564012}}
