{"target": 0.9063334085336825, "params": {"C": 1230.3103620202319, "epsilon": 0.14495039962653003, "gamma": 0.11658704482969129, "lamda": 0.1693139868058256}, "datetime": {"datetime": "2021-09-23 12:03:35", "elapsed": 92.44703, "delta": 1.063038}}
{"target": 0.8536135920568687, "params": {"C": 1311.8570654598893, "epsilon": 0.09584238750557114, "gamma": 0.2855297719474633, "lamda": 0.1690922245548543}, "datetime": {"datetime": "2021-09-23 12:03:36", "elapsed": 93.185992, "delta": 0.738962}}
{"target": 0.8014241777007156, "params": {"C": 1172.2348727357748, "epsilon": 0.08933859469743637, "gamma": 0.47068609660431915, "lamda": 0.13191864128036748}, "datetime": {"datetime": "2021-09-23 12:03:37", "elapsed": 93.932993, "delta": 0.747001}}
{"target": 0.8892341720674001, "params": {"C": 1204.7533242483848, "epsilon": 0.13933019391026139, "gamma": 0.15132598070771872, "lamda": 0.08042625626519938}, "datetime": {"datetime": "2021-09-23 12:03:38", "elapsed": 94.636992, "delta": 0.703999}}
{"target": 0.9178097493403691, "params": {"C": 1169.7078731293805, "epsilon": 0.149400957690757, "gamma": 0.05322542830289817, "lamda": 0.08099512538474088}, "datetime": {"datetime": "2021-09-23 12:03:38", "elapsed": 95.502987, "delta": 0.865995}}
{"target": 0.7686143163870816, "params": {"C": 1199.7270738997724, "epsilon": 0.12716838103443762, "gamma": 0.5791167279876517, "lamda": 0.12307178160043053}, "datetime": {"datetime": "2021-09-23 12:03:39", "elapsed": 96.242296, "delta": 0.739309}}
{"target": 0.8178699059168514, "params": {"C": 1269.0720615170535, "epsilon": 0.11700260256303642, "gamma": 0.4156226750989348, "lamda": 0.12178027306597732}, "datetime": {"datetime": "2021-09-23 12:03:40", "elapsed": 96.961356, "delta": 0.71906}}
{"target": 0.7952320182588998, "params": {"C": 1169.8355435580677, "epsilon": 0.10613603424089965, "gamma": 0.49143196682419843, "lamda": 0.09698247982645872}, "datetime": {"datetime": "2021-09-23 12:03:41", "elapsed": 97.837376, "delta": 0.87602}}
{"target": 0.9178138510012764, "params": {"C": 1224.2754365169922, "epsilon": 0.14321955005415998, "gamma": 0.05431661592394449, "lamda": 0.1137054452405056}, "datetime": {"datetime": "2021-09-23 12:03:42", "elapsed": 98.855469, "delta": 1.018093}}
{"target": 0.9152603990887902, "params": {"C": 1224.8765487776982, "epsilon": 0.11639817234128633, "gamma": 0.07242553184483526, "lamda": 0.0884243577540436}, "datetime": {"datetime": "2021-09-23 12:03:43", "elapsed": 99.865335, "delta": 1.009866}}
{"target": 0.9102561144519584, "params": {"C": 1225.3490084043087, "epsilon": 0.09969228426188076, "gamma": 0.09298436722902853, "lamda": 0.12178475238187453}, "datetime": {"datetime": "2021-09-23 12:03:44", "elapsed": 100.728334, "delta": 0.862999}}
{"target": 0.798918926933476, "params": {"C": 1225.0829297328776, "epsilon": 0.11688019702101002, "gamma": 0.4790406479826859, "lamda": 0.08184374953947941}, "datetime": {"datetime": "2021-09-23 12:03:45", "elapsed": 101.784578, "delta": 1.056244}}
{"target": 0.9178391020363115, "params": {"C": 1225.9237911482596, "epsilon": 0.14129657261162035, "gamma": 0.07058589021862191, "lamda": 0.1057387307272811}, "datetime": {"datetime": "2021-09-23 12:03:46", "elapsed": 102.63294, "delta": 0.848362}}
{"target": 0.9018341201024556, "params": {"C": 1250.7346220581776, "epsilon": 0.10055785060847822, "gamma": 0.1087829954502923, "lamda": 0.09631065164208773}, "datetime": {"datetime": "2021-09-23 12:03:46", "elapsed": 103.274039, "delta": 0.641099}}
{"target": 0.7955577508909878, "params": {"C": 1226.142481133147, "epsilon": 0.08286628277994644, "gamma": 0.4901092278149485, "lamda": 0.16119090107786577}, "datetime": {"datetime": "2021-09-23 12:03:47", "elapsed": 104.286853, "delta": 1.012814}}
{"target": 0.9179379421595852, "params": {"C": 1169.427733886458, "epsilon": 0.14285926035037463, "gamma": 0.06599955221926848, "lamda": 0.09057927668569964}, "datetime": {"datetime": "2021-09-23 12:03:48", "elapsed": 105.263774, "delta": 0.976921}}
{"target": 0.8258804776034208, "params": {"C": 1269.1310855282547, "epsilon": 0.11703029194139433, "gamma": 0.38634652002475317, "lamda": 0.08507269033746552}, "datetime": {"datetime": "2021-09-23 12:03:49", "elapsed": 105.985705, "delta": 0.721931}}
{"target": 0.8136789737335001, "params": {"C": 1153.0631769215265, "epsilon": 0.09826048133432648, "gamma": 0.4297616164660131, "lamda": 0.157883946204606}, "datetime": {"datetime": "2021-09-23 12:03:50", "elapsed": 107.013666, "delta": 1.027961}}
{"target": 0.7923879590276881, "params": {"C": 1349.939588108705, "epsilon": 0.14576809010415415, "gamma": 0.5017053035518303, "lamda": 0.10402002034369046}, "datetime": {"datetime": "2021-09-23 12:03:51", "elapsed": 107.67112, "delta": 0.657454}}
{"target": 0.8830841610796049, "params": {"C": 1154.6832514531188, "epsilon": 0.09128648557334877, "gamma": 0.16694628928635685, "lamda": 0.10079934166566293}, "datetime": {"datetime": "2021-09-23 12:03:52", "elapsed": 108.61772, "delta": 0.9466}}
{"target": 0.745449200132388, "params": {"C": 1154.5736638357869, "epsilon": 0.10457587267250527, "gamma": 0.6549233829479163, "lamda": 0.1324355823221722}, "datetime": {"datetime": "2021-09-23 12:03:53", "elapsed": 109.71934, "delta": 1.10162}}
{"target": 0.8184770867411082, "params": {"C": 1237.072308751626, "epsilon": 0.13073271435732178, "gamma": 0.4136266232837762, "lamda": 0.12332174111882875}, "datetime": {"datetime": "2021-09-23 12:03:54", "elapsed": 110.671808, "delta": 0.952468}}
{"target": 0.9168770807682849, "params": {"C": 1155.1035473537531, "epsilon": 0.10988682982820384, "gamma": 0.06058051782640855, "lamda": 0.08500408949908785}, "datetime": {"datetime": "2021-09-23 12:03:55", "elapsed": 111.651302, "delta": 0.979494}}
{"target": 0.9169996443620373, "params": {"C": 1294.3026479439309, "epsilon": 0.10515797173534946, "gamma": 0.07676896548315425, "lamda": 0.15356173729060407}, "datetime": {"datetime": "2021-09-23 12:03:56", "elapsed": 112.69496, "delta": 1.043658}}
{"target": 0.8417734355666883, "params": {"C": 1242.464738082672, "epsilon": 0.1412248284862176, "gamma": 0.33020046026087274, "lamda": 0.12098224825879055}, "datetime": {"datetime": "2021-09-23 12:03:56", "elapsed": 113.575584, "delta": 0.880624}}
{"target": 0.8609735571049639, "params": {"C": 1294.736143257854, "epsilon": 0.08386378607346785, "gamma": 0.25786140780103567, "lamda": 0.1381026113133141}, "datetime": {"datetime": "2021-09-23 12:03:58", "elapsed": 114.855832, "delta": 1.280248}}
{"target": 0.7870848852108427, "params": {"C": 1294.2184959476608, "epsilon": 0.08233021588420912, "gamma": 0.518408550121945, "lamda": 0.11651941417095213}, "datetime": {"datetime": "2021-09-23 12:03:59", "elapsed": 116.206757, "delta": 1.350925}}
{"target": 0.9009774953605699, "params": {"C": 1276.347547723398, "epsilon": 0.12878445926723098, "gamma": 0.11605416675172892, "lamda": 0.08780713521283745}, "datetime": {"datetime": "2021-09-23 12:04:00", "elapsed": 117.333762, "delta": 1.127005}}
{"target": 0.7382738734057364, "params": {"C": 1276.3738808506462, "epsilon": 0.14698471819169742, "gamma": 0.6767294966632438, "lamda": 0.15445597647905646}, "datetime": {"datetime": "2021-09-23 12:04:01", "elapsed": 118.574703, "delta": 1.240941}}
{"target": 0.9141693231233619, "params": {"C": 1225.6850035703142, "epsilon": 0.09321785666612317, "gamma": 0.0718832490487146, "lamda": 0.09705617504471353}, "datetime": {"datetime": "2021-09-23 12:04:03", "elapsed": 119.800699, "delta": 1.225996}}
{"target": 0.9182123184877315, "params": {"C": 1210.5654268117105, "epsilon": 0.12896026772927288, "gamma": 0.05745840437329825, "lamda": 0.09529905624277361}, "datetime": {"datetime": "2021-09-23 12:04:04", "elapsed": 121.276694, "delta": 1.475995}}
{"target": 0.8185216807146404, "params": {"C": 1227.7800913029403, "epsilon": 0.10238206841768634, "gamma": 0.4128547256322656, "lamda": 0.10470518670417978}, "datetime": {"datetime": "2021-09-23 12:04:05", "elapsed": 122.151703, "delta": 0.875009}}
{"target": 0.9173817490884556, "params": {"C": 1197.8080699614945, "epsilon": 0.08, "gamma": 0.05, "lamda": 0.17}, "datetime": {"datetime": "2021-09-23 12:04:07", "elapsed": 123.675703, "delta": 1.524}}
{"target": 0.8012805452336644, "params": {"C": 1198.0313582349495, "epsilon": 0.135138060348874, "gamma": 0.47184555780103826, "lamda": 0.1532267841731248}, "datetime": {"datetime": "2021-09-23 12:04:08", "elapsed": 125.013702, "delta": 1.337999}}
{"target": 0.9153140221594259, "params": {"C": 1197.4255660671286, "epsilon": 0.12723485928188835, "gamma": 0.05, "lamda": 0.17}, "datetime": {"datetime": "2021-09-23 12:04:09", "elapsed": 126.127703, "delta": 1.114001}}
{"target": 0.9159606568014071, "params": {"C": 1295.800191073421, "epsilon": 0.1332659856903962, "gamma": 0.07158009514735766, "lamda": 0.08224089829285837}, "datetime": {"datetime": "2021-09-23 12:04:10", "elapsed": 127.290694, "delta": 1.162991}}
{"target": 0.8425897349430455, "params": {"C": 1296.2238394741296, "epsilon": 0.0981929445566655, "gamma": 0.32563567645125563, "lamda": 0.11371467568914184}, "datetime": {"datetime": "2021-09-23 12:04:12", "elapsed": 128.768737, "delta": 1.478043}}
{"target": 0.9166805998930392, "params": {"C": 1295.3895809687467, "epsilon": 0.10888336715503005, "gamma": 0.06844974629717251, "lamda": 0.09941398583715406}, "datetime": {"datetime": "2021-09-23 12:04:13", "elapsed": 129.810461, "delta": 1.041724}}
{"target": 0.7886736110338761, "params": {"C": 1295.5606088519394, "epsilon": 0.11676194356139102, "gamma": 0.5138456623595046, "lamda": 0.11271363436010279}, "datetime": {"datetime": "2021-09-23 12:04:14", "elapsed": 130.918465, "delta": 1.108004}}
{"target": 0.9125943799796793, "params": {"C": 1243.0265785804606, "epsilon": 0.11697434415377511, "gamma": 0.09479582987143845, "lamda": 0.15917635225463583}, "datetime": {"datetime": "2021-09-23 12:04:15", "elapsed": 131.915467, "delta": 0.997002}}
{"target": 0.7765725664685645, "params": {"C": 1150.6750810352557, "epsilon": 0.08780478632735991, "gamma": 0.5534377270378631, "lamda": 0.121296909071157}, "datetime": {"datetime": "2021-09-23 12:04:16", "elapsed": 132.718484, "delta": 0.803017}}
{"target": 0.8924936635855464, "params": {"C": 1228.8759799001405, "epsilon": 0.11329413890474153, "gamma": 0.14350944943085747, "lamda": 0.10668308898358322}, "datetime": {"datetime": "2021-09-23 12:04:17", "elapsed": 133.783466, "delta": 1.064982}}
{"target": 0.768081887078603, "params": {"C": 1243.0424968674727, "epsilon": 0.14185713149487858, "gamma": 0.5807650320764295, "lamda": 0.12493645202161785}, "datetime": {"datetime": "2021-09-23 12:04:18", "elapsed": 135.307997, "delta": 1.524531}}
{"target": 0.7504230492326678, "params": {"C": 1164.6058793396462, "epsilon": 0.14399891033619, "gamma": 0.6391359064082196, "lamda": 0.10917548086351633}, "datetime": {"datetime": "2021-09-23 12:04:19", "elapsed": 136.225993, "delta": 0.917996}}
{"target": 0.918310029113581, "params": {"C": 1248.7699221303637, "epsilon": 0.13571076911782845, "gamma": 0.06473943709801383, "lamda": 0.10275250634991515}, "datetime": {"datetime": "2021-09-23 12:04:20", "elapsed": 136.96499, "delta": 0.738997}}
{"target": 0.9147907209603234, "params": {"C": 1310.7230549752933, "epsilon": 0.15, "gamma": 0.05, "lamda": 0.15691452339381637}, "datetime": {"datetime": "2021-09-23 12:04:21", "elapsed": 138.081751, "delta": 1.116761}}
{"target": 0.7740361064294927, "params": {"C": 1310.6966960597586, "epsilon": 0.10990392890195043, "gamma": 0.5621506982618708, "lamda": 0.08629135889860932}, "datetime": {"datetime": "2021-09-23 12:04:22", "elapsed": 139.348715, "delta": 1.266964}}
{"target": 0.9176337250950046, "params": {"C": 1310.2118175542598, "epsilon": 0.14004429059235204, "gamma": 0.07467942060182384, "lamda": 0.14644228155062905}, "datetime": {"datetime": "2021-09-23 12:04:24", "elapsed": 140.632721, "delta": 1.284006}}
{"target": 0.8199305158244162, "params": {"C": 1272.7065907783058, "epsilon": 0.11792584178842407, "gamma": 0.40787740043536075, "lamda": 0.09062601870550341}, "datetime": {"datetime": "2021-09-23 12:04:24", "elapsed": 141.493713, "delta": 0.860992}}
{"target": 0.9141853208316847, "params": {"C": 1309.6871275630936, "epsilon": 0.15, "gamma": 0.05, "lamda": 0.17}, "datetime": {"datetime": "2021-09-23 12:04:26", "elapsed": 142.672712, "delta": 1.178999}}
{"target": 0.8260280602843594, "params": {"C": 1205.701427447677, "epsilon": 0.1475409185571042, "gamma": 0.38680859963761666, "lamda": 0.09539263593372768}, "datetime": {"datetime": "2021-09-23 12:04:26", "elapsed": 143.43072, "delta": 0.758008}}
{"target": 0.7823751817387369, "params": {"C": 1309.3274575295577, "epsilon": 0.08860882666317241, "gamma": 0.5341493249215079, "lamda": 0.10034292794722287}, "datetime": {"datetime": "2021-09-23 12:04:28", "elapsed": 144.627721, "delta": 1.197001}}
{"target": 0.8927605233622039, "params": {"C": 1312.9550767543353, "epsilon": 0.08176936340497394, "gamma": 0.1428746037012487, "lamda": 0.14501991474483156}, "datetime": {"datetime": "2021-09-23 12:04:29", "elapsed": 145.850721, "delta": 1.223}}
{"target": 0.8002779677555851, "params": {"C": 1313.4629672558976, "epsilon": 0.10016919685893794, "gamma": 0.4748478121345183, "lamda": 0.1538696939144264}, "datetime": {"datetime": "2021-09-23 12:04:30", "elapsed": 147.272721, "delta": 1.422}}
{"target": 0.8059366204847436, "params": {"C": 1312.5471001916742, "epsilon": 0.10585715795971154, "gamma": 0.4563295989066757, "lamda": 0.13699782614013997}, "datetime": {"datetime": "2021-09-23 12:04:31", "elapsed": 148.342331, "delta": 1.06961}}
{"target": 0.9177641515700943, "params": {"C": 1311.2326753800576, "epsilon": 0.11777965637410326, "gamma": 0.07285706854664616, "lamda": 0.13964880871747376}, "datetime": {"datetime": "2021-09-23 12:04:33", "elapsed": 149.608544, "delta": 1.266213}}
{"target": 0.8867416630106147, "params": {"C": 1270.3604954297498, "epsilon": 0.112227543396763, "gamma": 0.15522727619594812, "lamda": 0.0867444651025056}, "datetime": {"datetime": "2021-09-23 12:04:34", "elapsed": 150.646557, "delta": 1.038013}}
{"target": 0.7905002933443561, "params": {"C": 1270.8950183711888, "epsilon": 0.11121809679827527, "gamma": 0.5077168871273608, "lamda": 0.1606610812439505}, "datetime": {"datetime": "2021-09-23 12:04:35", "elapsed": 152.12031, "delta": 1.473753}}
{"target": 0.882650475181505, "params": {"C": 1269.852106666221, "epsilon": 0.10227057106174398, "gamma": 0.17474684523642342, "lamda": 0.11222436404643749}, "datetime": {"datetime": "2021-09-23 12:04:36", "elapsed": 153.354922, "delta": 1.234612}}
{"target": 0.7983487644722932, "params": {"C": 1342.9790292722273, "epsilon": 0.10184877800924454, "gamma": 0.48130587683163545, "lamda": 0.16544765492932695}, "datetime": {"datetime": "2021-09-23 12:04:38", "elapsed": 154.599348, "delta": 1.244426}}
{"target": 0.7485334516682707, "params": {"C": 1270.0118254089411, "epsilon": 0.1186795084082396, "gamma": 0.6456258100200022, "lamda": 0.10192326662549345}, "datetime": {"datetime": "2021-09-23 12:04:39", "elapsed": 156.089505, "delta": 1.490157}}
{"target": 0.9172697962747804, "params": {"C": 1150.0, "epsilon": 0.15, "gamma": 0.05, "lamda": 0.08}, "datetime": {"datetime": "2021-09-23 12:04:40", "elapsed": 157.563462, "delta": 1.473957}}
{"target": 0.9096074380439773, "params": {"C": 1327.871846141955, "epsilon": 0.11449423611295674, "gamma": 0.10421433457471477, "lamda": 0.16592713877432266}, "datetime": {"datetime": "2021-09-23 12:04:42", "elapsed": 158.732025, "delta": 1.168563}}
{"target": 0.9156222994302123, "params": {"C": 1328.3792928542398, "epsilon": 0.12419239349538877, "gamma": 0.07901562906293315, "lamda": 0.10931947450998344}, "datetime": {"datetime": "2021-09-23 12:04:43", "elapsed": 160.199747, "delta": 1.467722}}
{"target": 0.7819241265782206, "params": {"C": 1328.1791512129791, "epsilon": 0.1349341429229122, "gamma": 0.5354189422296547, "lamda": 0.15869782512887798}, "datetime": {"datetime": "2021-09-23 12:04:45", "elapsed": 162.028331, "delta": 1.828584}}
{"target": 0.9181360906689462, "params": {"C": 1328.8603858216109, "epsilon": 0.1425373393553061, "gamma": 0.06308079511371882, "lamda": 0.14657870937498207}, "datetime": {"datetime": "2021-09-23 12:04:47", "elapsed": 163.85737, "delta": 1.829039}}
{"target": 0.7953184982305472, "params": {"C": 1285.8213468341755, "epsilon": 0.09495211014556984, "gamma": 0.4911470488765475, "lamda": 0.15928360551502513}, "datetime": {"datetime": "2021-09-23 12:04:48", "elapsed": 164.875372, "delta": 1.018002}}
{"target": 0.9032765902175036, "params": {"C": 1329.4105819334145, "epsilon": 0.08623450372382549, "gamma": 0.10872538031492163, "lamda": 0.1244038129751672}, "datetime": {"datetime": "2021-09-23 12:04:49", "elapsed": 166.350957, "delta": 1.475585}}
{"target": 0.7923088850636971, "params": {"C": 1271.7202759133108, "epsilon": 0.10432562231003435, "gamma": 0.5015965483139901, "lamda": 0.16709441169007072}, "datetime": {"datetime": "2021-09-23 12:04:50", "elapsed": 167.346964, "delta": 0.996007}}
{"target": 0.8740781885010731, "params": {"C": 1319.4553589918041, "epsilon": 0.1397975283599308, "gamma": 0.21444020541664394, "lamda": 0.15061172400605088}, "datetime": {"datetime": "2021-09-23 12:04:51", "elapsed": 168.211864, "delta": 0.8649}}
{"target": 0.78948185192651, "params": {"C": 1329.1887320285505, "epsilon": 0.11984318350322376, "gamma": 0.5112034817214158, "lamda": 0.13007392561584916}, "datetime": {"datetime": "2021-09-23 12:04:53", "elapsed": 169.825852, "delta": 1.613988}}
{"target": 0.9048346578475083, "params": {"C": 1327.3490619313316, "epsilon": 0.10884425331034438, "gamma": 0.11163024291700757, "lamda": 0.12990370329818599}, "datetime": {"datetime": "2021-09-23 12:04:54", "elapsed": 171.412818, "delta": 1.586966}}
{"target": 0.7483749052703952, "params": {"C": 1178.1857140173859, "epsilon": 0.12032609871304019, "gamma": 0.6463469288644417, "lamda": 0.09066038520900951}, "datetime": {"datetime": "2021-09-23 12:04:55", "elapsed": 172.35382, "delta": 0.941002}}
{"target": 0.8860432595242765, "params": {"C": 1329.727724897195, "epsilon": 0.12247458266846023, "gamma": 0.16496524228496426, "lamda": 0.10086617644213622}, "datetime": {"datetime": "2021-09-23 12:04:56", "elapsed": 173.402815, "delta": 1.048995}}
{"target": 0.9033913404542845, "params": {"C": 1326.7898763489284, "epsilon": 0.08333787368207607, "gamma": 0.10940737301570719, "lamda": 0.13248982173116783}, "datetime": {"datetime": "2021-09-23 12:04:58", "elapsed": 175.099817, "delta": 1.697002}}
{"target": 0.7595264801945357, "params": {"C": 1326.8709110697905, "epsilon": 0.0836536363585985, "gamma": 0.6087288531861209, "lamda": 0.0878840654787493}, "datetime": {"datetime": "2021-09-23 12:05:00", "elapsed": 177.097821, "delta": 1.998004}}
{"target": 0.8031094897278133, "params": {"C": 1150.0132989969609, "epsilon": 0.12788063993555374, "gamma": 0.46562193851638395, "lamda": 0.1606254926386223}, "datetime": {"datetime": "2021-09-23 12:05:02", "elapsed": 178.640098, "delta": 1.542277}}
{"target": 0.9181307632403322, "params": {"C": 1326.2157213191153, "epsilon": 0.12118576674025289, "gamma": 0.06121755400039401, "lamda": 0.09925658259747844}, "datetime": {"datetime": "2021-09-23 12:05:03", "elapsed": 180.187768, "delta": 1.54767}}
{"target": 0.9008885061829338, "params": {"C": 1325.6696137168665, "epsilon": 0.14477628329916437, "gamma": 0.12079849177234842, "lamda": 0.09146437544901483}, "datetime": {"datetime": "2021-09-23 12:05:05", "elapsed": 181.641354, "delta": 1.453586}}
{"target": 0.7870187739243668, "params": {"C": 1325.9288442431198, "epsilon": 0.142036313307245, "gamma": 0.5186534866514185, "lamda": 0.1678762760483558}, "datetime": {"datetime": "2021-09-23 12:05:06", "elapsed": 183.05765, "delta": 1.416296}}
{"target": 0.8431368337675389, "params": {"C": 1195.6918521369846, "epsilon": 0.1333879876950197, "gamma": 0.32505389641259697, "lamda": 0.16768099550787488}, "datetime": {"datetime": "2021-09-23 12:05:07", "elapsed": 183.994351, "delta": 0.936701}}
{"target": 0.9051583733176742, "params": {"C": 1325.1097414790668, "epsilon": 0.12658786383930082, "gamma": 0.1063783750863238, "lamda": 0.09467602530021771}, "datetime": {"datetime": "2021-09-23 12:05:09", "elapsed": 185.773959, "delta": 1.779608}}
{"target": 0.8574040128327464, "params": {"C": 1324.6239201522435, "epsilon": 0.08878443073846073, "gamma": 0.27093778427257287, "lamda": 0.15093354801909994}, "datetime": {"datetime": "2021-09-23 12:05:10", "elapsed": 187.436218, "delta": 1.662259}}
{"target": 0.909021718192881, "params": {"C": 1320.0047930878527, "epsilon": 0.08528496647272318, "gamma": 0.09447055050511799, "lamda": 0.13283404286286776}, "datetime": {"datetime": "2021-09-23 12:05:12", "elapsed": 189.206144, "delta": 1.769926}}
{"target": 0.801326108258924, "params": {"C": 1320.2884215771335, "epsilon": 0.09037968806414677, "gamma": 0.4706105776418888, "lamda": 0.10055320328932277}, "datetime": {"datetime": "2021-09-23 12:05:14", "elapsed": 190.87326, "delta": 1.667116}}
{"target": 0.7405146481988487, "params": {"C": 1240.4634384570743, "epsilon": 0.1416691167299994, "gamma": 0.6703270075442896, "lamda": 0.13986704607888284}, "datetime": {"datetime": "2021-09-23 12:05:15", "elapsed": 191.743218, "delta": 0.869958}}
{"target": 0.7696959594212857, "params": {"C": 1325.110123664578, "epsilon": 0.11223898956625213, "gamma": 0.5759651227942882, "lamda": 0.10614307970325687}, "datetime": {"datetime": "2021-09-23 12:05:16", "elapsed": 193.319259, "delta": 1.576041}}
{"target": 0.841286729172993, "params": {"C": 1309.943453362372, "epsilon": 0.14836323336140228, "gamma": 0.332051746697478, "lamda": 0.13991319646309214}, "datetime": {"datetime": "2021-09-23 12:05:18", "elapsed": 194.654197, "delta": 1.334938}}
{"target": 0.8687832781994821, "params": {"C": 1273.297097078371, "epsilon": 0.1432015109837787, "gamma": 0.2278778740774966, "lamda": 0.08041551223591385}, "datetime": {"datetime": "2021-09-23 12:05:19", "elapsed": 195.628231, "delta": 0.974034}}
