{"target": -2.0308668152424816, "params": {"C": 203.73662034059055, "epsilon": 0.3629405390056354, "gamma": 0.07092854105773735, "lamda": 0.07978357235299956}, "datetime": {"datetime": "2021-09-23 13:15:11", "elapsed": 31.295847, "delta": 0.542958}}
{"target": -1.9556548342801032, "params": {"C": 228.5682976610253, "epsilon": 0.044874700931162775, "gamma": 0.05281942650267309, "lamda": 0.3343647211260777}, "datetime": {"datetime": "2021-09-23 13:15:12", "elapsed": 31.835489, "delta": 0.539642}}
{"target": -2.0345297467890378, "params": {"C": 272.30566162747823, "epsilon": 0.0994822928868367, "gamma": 0.03035393968614633, "lamda": 0.36103855083614805}, "datetime": {"datetime": "2021-09-23 13:15:13", "elapsed": 32.346101, "delta": 0.510612}}
{"target": -2.021117965612158, "params": {"C": 271.6293181351969, "epsilon": 0.17724639320502003, "gamma": 0.06676115470897906, "lamda": 0.1275505104742874}, "datetime": {"datetime": "2021-09-23 13:15:13", "elapsed": 32.843794, "delta": 0.497693}}
{"target": -2.1398595402357077, "params": {"C": 281.5054328534378, "epsilon": 0.11619778779078517, "gamma": 0.07485719074433213, "lamda": 0.45271840814564157}, "datetime": {"datetime": "2021-09-23 13:15:14", "elapsed": 33.370002, "delta": 0.526208}}
{"target": -1.9965225533659514, "params": {"C": 228.62599394728446, "epsilon": 0.08791161882194413, "gamma": 0.04086719826101213, "lamda": 0.3978671249246379}, "datetime": {"datetime": "2021-09-23 13:15:14", "elapsed": 33.944992, "delta": 0.57499}}
{"target": -2.1441259227220115, "params": {"C": 230.5895071211187, "epsilon": 0.31210858378030426, "gamma": 0.06885910074449328, "lamda": 0.2746733593106289}, "datetime": {"datetime": "2021-09-23 13:15:15", "elapsed": 34.466453, "delta": 0.521461}}
{"target": -2.0486488901646207, "params": {"C": 228.60803317469367, "epsilon": 0.08465846632891955, "gamma": 0.06973512983602578, "lamda": 0.3409290989313198}, "datetime": {"datetime": "2021-09-23 13:15:15", "elapsed": 35.081774, "delta": 0.615321}}
{"target": -2.055193396985899, "params": {"C": 200.12710120302418, "epsilon": 0.38229547842884415, "gamma": 0.046910998506224155, "lamda": 0.19415203168139417}, "datetime": {"datetime": "2021-09-23 13:15:16", "elapsed": 35.579774, "delta": 0.498}}
{"target": -2.139135742751775, "params": {"C": 228.60126948909675, "epsilon": 0.05686614692849083, "gamma": 0.01744351091704796, "lamda": 0.31541402358922466}, "datetime": {"datetime": "2021-09-23 13:15:16", "elapsed": 36.083772, "delta": 0.503998}}
{"target": -2.074402293744208, "params": {"C": 272.55341045392186, "epsilon": 0.040869565726477104, "gamma": 0.020431714379023205, "lamda": 0.4208323176413963}, "datetime": {"datetime": "2021-09-23 13:15:17", "elapsed": 36.731255, "delta": 0.647483}}
{"target": -2.028599616034394, "params": {"C": 266.8992747296843, "epsilon": 0.12738934922328604, "gamma": 0.05597343467528093, "lamda": 0.343946419208453}, "datetime": {"datetime": "2021-09-23 13:15:17", "elapsed": 37.243256, "delta": 0.512001}}
{"target": -2.237605531208173, "params": {"C": 227.0340636495884, "epsilon": 0.0330569821836615, "gamma": 0.0131778997564716, "lamda": 0.31451380937543355}, "datetime": {"datetime": "2021-09-23 13:15:18", "elapsed": 37.803259, "delta": 0.560003}}
{"target": -2.046732260047635, "params": {"C": 208.14447403739717, "epsilon": 0.06215330841452433, "gamma": 0.025232239862525607, "lamda": 0.4441385619486165}, "datetime": {"datetime": "2021-09-23 13:15:19", "elapsed": 38.393291, "delta": 0.590032}}
{"target": -2.351675712825557, "params": {"C": 223.65329022561335, "epsilon": 0.29468703125417606, "gamma": 0.017639176248136317, "lamda": 0.4593831869832244}, "datetime": {"datetime": "2021-09-23 13:15:19", "elapsed": 38.986255, "delta": 0.592964}}
{"target": -2.00600920111578, "params": {"C": 228.58460874680136, "epsilon": 0.08621776815591276, "gamma": 0.054832140768281135, "lamda": 0.4197223604500363}, "datetime": {"datetime": "2021-09-23 13:15:20", "elapsed": 39.693257, "delta": 0.707002}}
{"target": -1.9763101729834296, "params": {"C": 271.7479154976382, "epsilon": 0.1465627656318193, "gamma": 0.05106447516836016, "lamda": 0.19793564839248667}, "datetime": {"datetime": "2021-09-23 13:15:21", "elapsed": 40.319252, "delta": 0.625995}}
{"target": -2.1187879435139587, "params": {"C": 291.23739618046386, "epsilon": 0.3823168793502142, "gamma": 0.016053049788602038, "lamda": 0.06422763961852218}, "datetime": {"datetime": "2021-09-23 13:15:21", "elapsed": 40.938291, "delta": 0.619039}}
{"target": -2.1000968256274803, "params": {"C": 231.75438398954128, "epsilon": 0.1888646241535207, "gamma": 0.03190487518597405, "lamda": 0.3707127376318272}, "datetime": {"datetime": "2021-09-23 13:15:22", "elapsed": 41.494254, "delta": 0.555963}}
{"target": -2.1681854183381652, "params": {"C": 183.73646432656892, "epsilon": 0.24482258872848545, "gamma": 0.01626007325821764, "lamda": 0.11979846378071822}, "datetime": {"datetime": "2021-09-23 13:15:22", "elapsed": 42.101266, "delta": 0.607012}}
{"target": -1.9851211308430354, "params": {"C": 256.87020076131773, "epsilon": 0.048193426065858816, "gamma": 0.05064507335786609, "lamda": 0.4732591113943682}, "datetime": {"datetime": "2021-09-23 13:15:23", "elapsed": 42.782255, "delta": 0.680989}}
{"target": -2.0370033148526936, "params": {"C": 200.28333767400932, "epsilon": 0.05034525428511358, "gamma": 0.06873729775399404, "lamda": 0.4648774665841516}, "datetime": {"datetime": "2021-09-23 13:15:24", "elapsed": 43.365257, "delta": 0.583002}}
{"target": -2.000253620634012, "params": {"C": 182.40271170719467, "epsilon": 0.12843536042622694, "gamma": 0.05163101849426363, "lamda": 0.34228857266242735}, "datetime": {"datetime": "2021-09-23 13:15:24", "elapsed": 43.936254, "delta": 0.570997}}
{"target": -2.164256188307982, "params": {"C": 211.6656528633764, "epsilon": 0.30015978307871194, "gamma": 0.041817330369877746, "lamda": 0.44308636472785107}, "datetime": {"datetime": "2021-09-23 13:15:25", "elapsed": 44.469257, "delta": 0.533003}}
{"target": -2.1942322415940474, "params": {"C": 208.1333457801836, "epsilon": 0.05772268229508438, "gamma": 0.015082106264515225, "lamda": 0.42695224239962487}, "datetime": {"datetime": "2021-09-23 13:15:25", "elapsed": 45.001254, "delta": 0.531997}}
{"target": -2.1144569425793485, "params": {"C": 259.37595788369777, "epsilon": 0.07276379499392989, "gamma": 0.07806031630395156, "lamda": 0.4345174090526774}, "datetime": {"datetime": "2021-09-23 13:15:26", "elapsed": 45.521256, "delta": 0.520002}}
{"target": -2.1630179485697796, "params": {"C": 182.41439164613922, "epsilon": 0.11593709538632369, "gamma": 0.019257576534468378, "lamda": 0.3797683542871104}, "datetime": {"datetime": "2021-09-23 13:15:26", "elapsed": 46.152297, "delta": 0.631041}}
{"target": -2.167076557764223, "params": {"C": 226.7380143829244, "epsilon": 0.2548523211479326, "gamma": 0.027882671226684454, "lamda": 0.3640881188092327}, "datetime": {"datetime": "2021-09-23 13:15:27", "elapsed": 46.738255, "delta": 0.585958}}
{"target": -1.9625645135454561, "params": {"C": 182.44304445125346, "epsilon": 0.09292641830763625, "gamma": 0.04930019508903484, "lamda": 0.3220581245470054}, "datetime": {"datetime": "2021-09-23 13:15:28", "elapsed": 47.377256, "delta": 0.639001}}
{"target": -1.9601637285566018, "params": {"C": 182.38368754832194, "epsilon": 0.08113840670481068, "gamma": 0.05114374427143511, "lamda": 0.3217202431858716}, "datetime": {"datetime": "2021-09-23 13:15:28", "elapsed": 47.998291, "delta": 0.621035}}
{"target": -1.9849563609666283, "params": {"C": 182.39759382745908, "epsilon": 0.10299954061754636, "gamma": 0.03900271807145767, "lamda": 0.33605651520496427}, "datetime": {"datetime": "2021-09-23 13:15:29", "elapsed": 48.625258, "delta": 0.626967}}
{"target": -1.9514161212116439, "params": {"C": 271.7518438922848, "epsilon": 0.1290130825997211, "gamma": 0.04194850953974468, "lamda": 0.17899395866359336}, "datetime": {"datetime": "2021-09-23 13:15:30", "elapsed": 49.330254, "delta": 0.704996}}
{"target": -2.094872354584419, "params": {"C": 271.05125764476793, "epsilon": 0.21839032073839237, "gamma": 0.021774420419847694, "lamda": 0.17659784590957084}, "datetime": {"datetime": "2021-09-23 13:15:30", "elapsed": 50.076256, "delta": 0.746002}}
{"target": -2.027199846833303, "params": {"C": 281.36034946607737, "epsilon": 0.29357267912257, "gamma": 0.03385026090230783, "lamda": 0.14704837847893965}, "datetime": {"datetime": "2021-09-23 13:15:31", "elapsed": 50.732785, "delta": 0.656529}}
{"target": -2.0216992573561026, "params": {"C": 228.55887546483982, "epsilon": 0.04665737006564712, "gamma": 0.06585930626857796, "lamda": 0.3649016319474431}, "datetime": {"datetime": "2021-09-23 13:15:32", "elapsed": 51.608788, "delta": 0.876003}}
{"target": -2.011661558150068, "params": {"C": 182.46732881662305, "epsilon": 0.14319337681153774, "gamma": 0.037185305146132115, "lamda": 0.2988138655505162}, "datetime": {"datetime": "2021-09-23 13:15:32", "elapsed": 52.28578, "delta": 0.676992}}
{"target": -2.1788550465608063, "params": {"C": 284.2106118905985, "epsilon": 0.32215856793373865, "gamma": 0.06891170528789636, "lamda": 0.3280713533467378}, "datetime": {"datetime": "2021-09-23 13:15:33", "elapsed": 52.821818, "delta": 0.536038}}
{"target": -2.12656636851996, "params": {"C": 182.3662796633734, "epsilon": 0.1332225399904351, "gamma": 0.02005722294001104, "lamda": 0.28452233298907925}, "datetime": {"datetime": "2021-09-23 13:15:34", "elapsed": 53.532812, "delta": 0.710994}}
{"target": -1.958624994925701, "params": {"C": 228.62047614999994, "epsilon": 0.04409376756446937, "gamma": 0.03359081465790097, "lamda": 0.36022452303847036}, "datetime": {"datetime": "2021-09-23 13:15:34", "elapsed": 54.196812, "delta": 0.664}}
{"target": -2.0328916111531896, "params": {"C": 182.39615803785904, "epsilon": 0.17754451067545723, "gamma": 0.05970134020810905, "lamda": 0.29090561261182213}, "datetime": {"datetime": "2021-09-23 13:15:35", "elapsed": 54.815809, "delta": 0.618997}}
{"target": -2.0545471680950653, "params": {"C": 189.0395102821764, "epsilon": 0.22502674497974132, "gamma": 0.0736854510764402, "lamda": 0.15080492533104123}, "datetime": {"datetime": "2021-09-23 13:15:36", "elapsed": 55.505857, "delta": 0.690048}}
{"target": -2.0148328321217734, "params": {"C": 199.45081875564637, "epsilon": 0.10412136126173784, "gamma": 0.06093740520838255, "lamda": 0.05038468726821618}, "datetime": {"datetime": "2021-09-23 13:15:36", "elapsed": 56.215814, "delta": 0.709957}}
{"target": -2.067875586221605, "params": {"C": 228.5960074123911, "epsilon": 0.1285684223774904, "gamma": 0.05807571345353438, "lamda": 0.434257656053565}, "datetime": {"datetime": "2021-09-23 13:15:37", "elapsed": 56.864852, "delta": 0.649038}}
{"target": -2.0977343232135186, "params": {"C": 191.39241588019533, "epsilon": 0.2534626845054626, "gamma": 0.03208410505504496, "lamda": 0.294862977463842}, "datetime": {"datetime": "2021-09-23 13:15:38", "elapsed": 57.512808, "delta": 0.647956}}
{"target": -2.099630481015537, "params": {"C": 228.63467604077175, "epsilon": 0.041052716135782374, "gamma": 0.07984508311492368, "lamda": 0.3933585619351642}, "datetime": {"datetime": "2021-09-23 13:15:38", "elapsed": 58.094809, "delta": 0.582001}}
{"target": -1.975286916731389, "params": {"C": 271.6857581416018, "epsilon": 0.1611769407380852, "gamma": 0.043938869851105455, "lamda": 0.19289269027064515}, "datetime": {"datetime": "2021-09-23 13:15:39", "elapsed": 58.70581, "delta": 0.611001}}
{"target": -2.058349732251888, "params": {"C": 182.4210195096891, "epsilon": 0.09300829944482208, "gamma": 0.07505375294379991, "lamda": 0.3023859376181968}, "datetime": {"datetime": "2021-09-23 13:15:40", "elapsed": 59.404842, "delta": 0.699032}}
{"target": -2.0158646708306307, "params": {"C": 271.75517889057, "epsilon": 0.12274146349510545, "gamma": 0.06451038107019902, "lamda": 0.2034679363902166}, "datetime": {"datetime": "2021-09-23 13:15:40", "elapsed": 60.114847, "delta": 0.710005}}
{"target": -2.0701726186586873, "params": {"C": 207.96834491918122, "epsilon": 0.196961612860828, "gamma": 0.07770003015811107, "lamda": 0.07216303946765107}, "datetime": {"datetime": "2021-09-23 13:15:41", "elapsed": 60.793808, "delta": 0.678961}}
{"target": -2.018940318313165, "params": {"C": 182.43760544647483, "epsilon": 0.08953650177598627, "gamma": 0.07012543329870448, "lamda": 0.2128351513667543}, "datetime": {"datetime": "2021-09-23 13:15:42", "elapsed": 61.452842, "delta": 0.659034}}
{"target": -2.179626486753564, "params": {"C": 244.83422601309118, "epsilon": 0.3173601702468458, "gamma": 0.048092651668967396, "lamda": 0.4489832584136621}, "datetime": {"datetime": "2021-09-23 13:15:42", "elapsed": 61.998815, "delta": 0.545973}}
{"target": -2.0448723475712653, "params": {"C": 239.7866170708844, "epsilon": 0.27331725814784413, "gamma": 0.0719443698638116, "lamda": 0.09890904030287963}, "datetime": {"datetime": "2021-09-23 13:15:43", "elapsed": 62.655292, "delta": 0.656477}}
{"target": -1.9793004961792573, "params": {"C": 282.93420174325865, "epsilon": 0.1223964887456258, "gamma": 0.05300434630266131, "lamda": 0.21737957932709578}, "datetime": {"datetime": "2021-09-23 13:15:43", "elapsed": 63.237161, "delta": 0.581869}}
{"target": -2.1962602645842764, "params": {"C": 205.68440235049283, "epsilon": 0.14818789344456074, "gamma": 0.015151435149272988, "lamda": 0.23297747505647565}, "datetime": {"datetime": "2021-09-23 13:15:44", "elapsed": 63.85716, "delta": 0.619999}}
{"target": -1.953912771569054, "params": {"C": 232.70756065301015, "epsilon": 0.045764291890143194, "gamma": 0.03732879232989534, "lamda": 0.10946006643204761}, "datetime": {"datetime": "2021-09-23 13:15:45", "elapsed": 64.519988, "delta": 0.662828}}
{"target": -1.9963677085202183, "params": {"C": 182.39762666696802, "epsilon": 0.1938624665771461, "gamma": 0.05392754193619104, "lamda": 0.23684881798702756}, "datetime": {"datetime": "2021-09-23 13:15:46", "elapsed": 65.461987, "delta": 0.941999}}
{"target": -1.9898587664584042, "params": {"C": 182.47030456267697, "epsilon": 0.08674708936582741, "gamma": 0.030757680134545835, "lamda": 0.2973957852578229}, "datetime": {"datetime": "2021-09-23 13:15:46", "elapsed": 66.223034, "delta": 0.761047}}
{"target": -2.0850981450398844, "params": {"C": 182.44410185206374, "epsilon": 0.08214272542182022, "gamma": 0.07751193896626679, "lamda": 0.3906291717939719}, "datetime": {"datetime": "2021-09-23 13:15:47", "elapsed": 66.97612, "delta": 0.753086}}
{"target": -2.061295874548514, "params": {"C": 220.81523134995888, "epsilon": 0.379334061990383, "gamma": 0.06767192146736611, "lamda": 0.12589800030842546}, "datetime": {"datetime": "2021-09-23 13:15:48", "elapsed": 67.579118, "delta": 0.602998}}
{"target": -1.9309984361458161, "params": {"C": 271.73436204210105, "epsilon": 0.12440970812939779, "gamma": 0.036090461989230826, "lamda": 0.14679958752541994}, "datetime": {"datetime": "2021-09-23 13:15:49", "elapsed": 68.36315, "delta": 0.784032}}
{"target": -2.016202712313973, "params": {"C": 199.51115596261207, "epsilon": 0.0991075437848983, "gamma": 0.06015323318655312, "lamda": 0.04050104588397652}, "datetime": {"datetime": "2021-09-23 13:15:50", "elapsed": 69.353712, "delta": 0.990562}}
{"target": -1.9932487337699127, "params": {"C": 271.6574263748336, "epsilon": 0.18152310146139003, "gamma": 0.04338309975289891, "lamda": 0.2082949193588518}, "datetime": {"datetime": "2021-09-23 13:15:50", "elapsed": 70.101748, "delta": 0.748036}}
{"target": -1.9422652453099125, "params": {"C": 271.75837592880487, "epsilon": 0.13291493057041343, "gamma": 0.04973562917617705, "lamda": 0.13018211244646544}, "datetime": {"datetime": "2021-09-23 13:15:51", "elapsed": 70.854528, "delta": 0.75278}}
{"target": -1.9226817608846274, "params": {"C": 213.1746845473945, "epsilon": 0.33373888218337944, "gamma": 0.04706910688554664, "lamda": 0.04275422741054923}, "datetime": {"datetime": "2021-09-23 13:15:52", "elapsed": 71.52818, "delta": 0.673652}}
{"target": -1.9641949031222683, "params": {"C": 233.5990298506562, "epsilon": 0.3987848063190189, "gamma": 0.05671861300388512, "lamda": 0.06442564767836417}, "datetime": {"datetime": "2021-09-23 13:15:52", "elapsed": 72.235135, "delta": 0.706955}}
{"target": -1.9495446288336324, "params": {"C": 271.7447004779003, "epsilon": 0.0805813561098755, "gamma": 0.053473274266724255, "lamda": 0.15513633842963742}, "datetime": {"datetime": "2021-09-23 13:15:53", "elapsed": 72.982636, "delta": 0.747501}}
{"target": -2.4183637811123972, "params": {"C": 238.5371808825881, "epsilon": 0.374361577736259, "gamma": 0.015225358777424779, "lamda": 0.413863725737398}, "datetime": {"datetime": "2021-09-23 13:15:54", "elapsed": 73.629386, "delta": 0.64675}}
{"target": -2.053704007279976, "params": {"C": 271.73368718608356, "epsilon": 0.12169013204043522, "gamma": 0.07228215292664283, "lamda": 0.15225890063272632}, "datetime": {"datetime": "2021-09-23 13:15:55", "elapsed": 74.658908, "delta": 1.029522}}
{"target": -2.0793100150977732, "params": {"C": 213.1652530151287, "epsilon": 0.3390496814043251, "gamma": 0.02067444817453388, "lamda": 0.03619614793269113}, "datetime": {"datetime": "2021-09-23 13:15:56", "elapsed": 75.657497, "delta": 0.998589}}
{"target": -1.9381702073943627, "params": {"C": 182.43626996635476, "epsilon": 0.07884844144087033, "gamma": 0.04415113766430891, "lamda": 0.25224537397108215}, "datetime": {"datetime": "2021-09-23 13:15:57", "elapsed": 76.448721, "delta": 0.791224}}
{"target": -1.9703552888445859, "params": {"C": 271.60981283546346, "epsilon": 0.19013913167785396, "gamma": 0.05237957070497726, "lamda": 0.14170418513309213}, "datetime": {"datetime": "2021-09-23 13:15:57", "elapsed": 77.120604, "delta": 0.671883}}
{"target": -1.9365703684316218, "params": {"C": 213.22387777904862, "epsilon": 0.3288682462040108, "gamma": 0.05107582286427623, "lamda": 0.06460577411821641}, "datetime": {"datetime": "2021-09-23 13:15:58", "elapsed": 77.8416, "delta": 0.720996}}
{"target": -1.9970794771240492, "params": {"C": 239.61656026130964, "epsilon": 0.1180354548821511, "gamma": 0.04933425730827574, "lamda": 0.32650316764207404}, "datetime": {"datetime": "2021-09-23 13:15:59", "elapsed": 78.555624, "delta": 0.714024}}
{"target": -2.09462991646741, "params": {"C": 228.5933664736419, "epsilon": 0.06745250506538344, "gamma": 0.07731609868132316, "lamda": 0.4206286651721201}, "datetime": {"datetime": "2021-09-23 13:15:59", "elapsed": 79.258685, "delta": 0.703061}}
{"target": -2.302359671293449, "params": {"C": 276.13672433077033, "epsilon": 0.3983500018558759, "gamma": 0.07591084305243961, "lamda": 0.4299163355298755}, "datetime": {"datetime": "2021-09-23 13:16:00", "elapsed": 79.973683, "delta": 0.714998}}
{"target": -1.9366599540176752, "params": {"C": 271.72159076977346, "epsilon": 0.08062518477845007, "gamma": 0.04412828625493373, "lamda": 0.09073346080193398}, "datetime": {"datetime": "2021-09-23 13:16:01", "elapsed": 80.967677, "delta": 0.993994}}
{"target": -2.071584371882385, "params": {"C": 277.1142392759336, "epsilon": 0.11373833395801887, "gamma": 0.03536474467126529, "lamda": 0.49510809899004793}, "datetime": {"datetime": "2021-09-23 13:16:02", "elapsed": 81.598678, "delta": 0.631001}}
{"target": -1.962841102502155, "params": {"C": 271.7525580824829, "epsilon": 0.14775543687014986, "gamma": 0.045486219049183894, "lamda": 0.1783197031946876}, "datetime": {"datetime": "2021-09-23 13:16:02", "elapsed": 82.239681, "delta": 0.641003}}
{"target": -2.0488866376971715, "params": {"C": 212.85199454903088, "epsilon": 0.34360245352566743, "gamma": 0.020912028691600477, "lamda": 0.01729704765135218}, "datetime": {"datetime": "2021-09-23 13:16:03", "elapsed": 83.218719, "delta": 0.979038}}
{"target": -1.9717894464344006, "params": {"C": 271.6316166191251, "epsilon": 0.1387349029758832, "gamma": 0.05350915883239129, "lamda": 0.18040962030764185}, "datetime": {"datetime": "2021-09-23 13:16:04", "elapsed": 84.082681, "delta": 0.863962}}
{"target": -2.1107830497529023, "params": {"C": 209.8362443398635, "epsilon": 0.2793185854677417, "gamma": 0.06698180147559327, "lamda": 0.24710904529120892}, "datetime": {"datetime": "2021-09-23 13:16:05", "elapsed": 84.728681, "delta": 0.646}}
{"target": -2.028430314703624, "params": {"C": 251.44323691023214, "epsilon": 0.22558518497604968, "gamma": 0.04937474962603914, "lamda": 0.24014924929998882}, "datetime": {"datetime": "2021-09-23 13:16:06", "elapsed": 85.395226, "delta": 0.666545}}
{"target": -2.2434873211432524, "params": {"C": 271.72182118393516, "epsilon": 0.13906842178860673, "gamma": 0.010845553289244522, "lamda": 0.12522144781885086}, "datetime": {"datetime": "2021-09-23 13:16:06", "elapsed": 86.228228, "delta": 0.833002}}
{"target": -1.9257238631623377, "params": {"C": 271.7188093941718, "epsilon": 0.10479440349316937, "gamma": 0.0403723170064323, "lamda": 0.14608383641525247}, "datetime": {"datetime": "2021-09-23 13:16:07", "elapsed": 87.064226, "delta": 0.835998}}
{"target": -2.02617850991733, "params": {"C": 271.7359192226918, "epsilon": 0.06806825742677519, "gamma": 0.06281057987643715, "lamda": 0.10416775547760894}, "datetime": {"datetime": "2021-09-23 13:16:08", "elapsed": 87.914227, "delta": 0.850001}}
{"target": -1.990706173339112, "params": {"C": 260.6148357484248, "epsilon": 0.07479228784925858, "gamma": 0.04858651717088333, "lamda": 0.4007625872096897}, "datetime": {"datetime": "2021-09-23 13:16:09", "elapsed": 88.623228, "delta": 0.709001}}
{"target": -2.0330336597246275, "params": {"C": 256.8446326954974, "epsilon": 0.16796601692557733, "gamma": 0.03150345735521171, "lamda": 0.24412940219880097}, "datetime": {"datetime": "2021-09-23 13:16:10", "elapsed": 89.34923, "delta": 0.726002}}
{"target": -2.050288696846909, "params": {"C": 213.15630822164204, "epsilon": 0.3819289851480254, "gamma": 0.06662225319230021, "lamda": 0.01603219093652414}, "datetime": {"datetime": "2021-09-23 13:16:11", "elapsed": 90.338226, "delta": 0.988996}}
