{"target": -2.893767265545107, "params": {"C": 175.42641286533492, "epsilon": 0.1405956921294524, "gamma": 0.47286190565429076, "lamda": 0.03869617471423754}, "datetime": {"datetime": "2021-09-23 08:34:30", "elapsed": 0.0, "delta": 0.0}}
{"target": -2.7196009694348358, "params": {"C": 164.60065261871637, "epsilon": 0.6349614630137853, "gamma": 0.3707112354356824, "lamda": 0.010970639027175669}, "datetime": {"datetime": "2021-09-23 08:34:31", "elapsed": 0.372636, "delta": 0.372636}}
{"target": -3.25433197208129, "params": {"C": 77.36074368340785, "epsilon": 0.021731197410042098, "gamma": 0.6340145866913491, "lamda": 0.7490550786560732}, "datetime": {"datetime": "2021-09-23 12:20:30", "elapsed": 0.0, "delta": 0.0}}
{"target": -2.470100998455397, "params": {"C": 50.35219421795645, "epsilon": 0.2255718488853168, "gamma": 0.19886480189486436, "lamda": 0.7607701814867598}, "datetime": {"datetime": "2021-09-23 12:20:31", "elapsed": 0.305, "delta": 0.305}}
{"target": -3.6619044532807954, "params": {"C": 17.74197281969101, "epsilon": 0.08925147435983626, "gamma": 0.6856744585494294, "lamda": 0.9534399528487416}, "datetime": {"datetime": "2021-09-23 12:20:31", "elapsed": 0.658247, "delta": 0.353247}}
{"target": -5.856940013975186, "params": {"C": 1.3908783664635307, "epsilon": 0.5126800711223909, "gamma": 0.8128083406904614, "lamda": 0.6129135407625588}, "datetime": {"datetime": "2021-09-23 12:20:31", "elapsed": 0.989249, "delta": 0.331002}}
{"target": -2.8249163183191475, "params": {"C": 23.773230462646076, "epsilon": 0.19086524025711354, "gamma": 0.46942020032297854, "lamda": 0.13354818640329982}, "datetime": {"datetime": "2021-09-23 12:20:32", "elapsed": 1.491896, "delta": 0.502647}}
{"target": -2.3027483343723096, "params": {"C": 26.821237178245102, "epsilon": 0.1981283463184944, "gamma": 0.08947030030429051, "lamda": 0.7407229319174509}, "datetime": {"datetime": "2021-09-23 12:20:32", "elapsed": 1.938901, "delta": 0.447005}}
{"target": -3.8945552096405587, "params": {"C": 38.245315988112445, "epsilon": 1.0, "gamma": 1.0, "lamda": 0.001}, "datetime": {"datetime": "2021-09-23 12:20:33", "elapsed": 2.638836, "delta": 0.699935}}
{"target": -3.666489135425138, "params": {"C": 59.591407633466375, "epsilon": 0.001, "gamma": 0.001, "lamda": 1.0}, "datetime": {"datetime": "2021-09-23 12:20:34", "elapsed": 3.716835, "delta": 1.077999}}
{"target": -3.594453950288114, "params": {"C": 90.9642150576466, "epsilon": 0.18575404825756248, "gamma": 0.8031958745513395, "lamda": 0.28601439936397094}, "datetime": {"datetime": "2021-09-23 12:20:35", "elapsed": 4.359836, "delta": 0.643001}}
{"target": -4.6371488458117724, "params": {"C": 100.0, "epsilon": 1.0, "gamma": 0.0010000000000000009, "lamda": 1.0}, "datetime": {"datetime": "2021-09-23 12:20:35", "elapsed": 4.975356, "delta": 0.61552}}
{"target": -3.888650243862898, "params": {"C": 30.688615041529694, "epsilon": 1.0, "gamma": 1.0, "lamda": 0.001}, "datetime": {"datetime": "2021-09-23 12:20:36", "elapsed": 5.720357, "delta": 0.745001}}
{"target": -3.9037404163602276, "params": {"C": 46.98585258352348, "epsilon": 0.001, "gamma": 1.0, "lamda": 0.001}, "datetime": {"datetime": "2021-09-23 12:20:37", "elapsed": 6.524054, "delta": 0.803697}}
{"target": -2.6205930264269526, "params": {"C": 52.78013777805198, "epsilon": 0.3379331919764081, "gamma": 0.02161412186632062, "lamda": 0.8560030413794951}, "datetime": {"datetime": "2021-09-23 12:20:37", "elapsed": 7.110424, "delta": 0.58637}}
{"target": -3.9150831304571416, "params": {"C": 71.2989646957119, "epsilon": 1.0, "gamma": 1.0, "lamda": 0.001}, "datetime": {"datetime": "2021-09-23 12:20:38", "elapsed": 7.79242, "delta": 0.681996}}
{"target": -4.735370407952074, "params": {"C": 82.89366421528179, "epsilon": 1.0, "gamma": 1.0, "lamda": 1.0}, "datetime": {"datetime": "2021-09-23 12:20:39", "elapsed": 8.520804, "delta": 0.728384}}
{"target": -4.394342193924621, "params": {"C": 25.784232437351793, "epsilon": 0.8216357190359735, "gamma": 0.8779458552200056, "lamda": 0.9273067217640945}, "datetime": {"datetime": "2021-09-23 12:20:39", "elapsed": 9.10195, "delta": 0.581146}}
{"target": -3.1652488568608628, "params": {"C": 41.08746313712636, "epsilon": 0.0449463867332195, "gamma": 0.5908454709337866, "lamda": 0.7210470093871038}, "datetime": {"datetime": "2021-09-23 12:20:40", "elapsed": 9.483951, "delta": 0.382001}}
{"target": -3.6706986019054852, "params": {"C": 48.41397774692913, "epsilon": 0.42725298909669246, "gamma": 0.6396431590267304, "lamda": 0.9566208441244972}, "datetime": {"datetime": "2021-09-23 12:20:40", "elapsed": 10.010878, "delta": 0.526927}}
{"target": -2.4733620462369212, "params": {"C": 28.619300084088433, "epsilon": 0.4675696406013723, "gamma": 0.14592782250947822, "lamda": 0.5876215860049085}, "datetime": {"datetime": "2021-09-23 12:20:41", "elapsed": 10.364874, "delta": 0.353996}}
{"target": -2.412943149093021, "params": {"C": 52.76566902174323, "epsilon": 0.31477022603864374, "gamma": 0.08504386008307803, "lamda": 0.8153783738048279}, "datetime": {"datetime": "2021-09-23 12:20:41", "elapsed": 10.748288, "delta": 0.383414}}
{"target": -3.171101458885515, "params": {"C": 52.85751393568997, "epsilon": 0.472035930548663, "gamma": 0.4965310744558787, "lamda": 0.568562329273974}, "datetime": {"datetime": "2021-09-23 12:20:42", "elapsed": 11.38729, "delta": 0.639002}}
{"target": -2.3324577755312537, "params": {"C": 52.47442723665553, "epsilon": 0.001, "gamma": 0.19427902421314594, "lamda": 0.7228692316602188}, "datetime": {"datetime": "2021-09-23 12:20:42", "elapsed": 12.269844, "delta": 0.882554}}
{"target": -2.9187574882971803, "params": {"C": 47.47173690276969, "epsilon": 0.9673346931028696, "gamma": 0.4476529024578464, "lamda": 0.160600298725654}, "datetime": {"datetime": "2021-09-23 12:20:43", "elapsed": 12.668196, "delta": 0.398352}}
{"target": -2.4630024957089947, "params": {"C": 27.55885801507182, "epsilon": 0.3045150543971914, "gamma": 0.13923439155663184, "lamda": 0.8052671612837676}, "datetime": {"datetime": "2021-09-23 12:20:44", "elapsed": 13.589195, "delta": 0.920999}}
{"target": -4.0597767979150685, "params": {"C": 31.742580887291926, "epsilon": 0.33600185467739285, "gamma": 0.9968141129059619, "lamda": 0.44837147490898993}, "datetime": {"datetime": "2021-09-23 12:20:44", "elapsed": 13.929238, "delta": 0.340043}}
{"target": -3.833902837358883, "params": {"C": 27.217561073215478, "epsilon": 0.05433874606839244, "gamma": 0.001, "lamda": 0.27879480685078584}, "datetime": {"datetime": "2021-09-23 12:20:45", "elapsed": 14.774387, "delta": 0.845149}}
{"target": -2.9442855536366164, "params": {"C": 27.15451387368607, "epsilon": 0.43372699477531484, "gamma": 0.3344236383185618, "lamda": 0.9037840192925753}, "datetime": {"datetime": "2021-09-23 12:20:46", "elapsed": 15.314391, "delta": 0.540004}}
{"target": -3.386036310229384, "params": {"C": 71.26143942581083, "epsilon": 0.20895946070078605, "gamma": 0.6403625159943431, "lamda": 0.6540016334818134}, "datetime": {"datetime": "2021-09-23 12:20:46", "elapsed": 15.720388, "delta": 0.405997}}
{"target": -4.098683994294006, "params": {"C": 59.616509378984865, "epsilon": 0.7783929548149774, "gamma": 0.8369239696283486, "lamda": 0.6352001895899717}, "datetime": {"datetime": "2021-09-23 12:20:46", "elapsed": 16.08839, "delta": 0.368002}}
{"target": -2.75845024447776, "params": {"C": 29.339099345908952, "epsilon": 0.47651359662465886, "gamma": 0.006928708427783818, "lamda": 0.013297793328351064}, "datetime": {"datetime": "2021-09-23 12:20:47", "elapsed": 16.84197, "delta": 0.75358}}
{"target": -3.2369075048696967, "params": {"C": 28.182981623099387, "epsilon": 0.5746939542876018, "gamma": 0.46975638451513785, "lamda": 0.6923932642254405}, "datetime": {"datetime": "2021-09-23 12:20:48", "elapsed": 17.363228, "delta": 0.521258}}
{"target": -2.784804126800097, "params": {"C": 52.80017211041679, "epsilon": 0.001, "gamma": 0.37948824006272763, "lamda": 1.0}, "datetime": {"datetime": "2021-09-23 12:20:48", "elapsed": 18.047225, "delta": 0.683997}}
{"target": -2.4844290653643823, "params": {"C": 52.2171996123011, "epsilon": 0.3795548926105639, "gamma": 0.10431873777074349, "lamda": 0.8008073945461327}, "datetime": {"datetime": "2021-09-23 12:20:49", "elapsed": 18.655087, "delta": 0.607862}}
{"target": -3.9279926721352076, "params": {"C": 26.482183002354486, "epsilon": 0.001, "gamma": 0.001, "lamda": 1.0}, "datetime": {"datetime": "2021-09-23 12:20:50", "elapsed": 19.72005, "delta": 1.064963}}
{"target": -3.056044597869905, "params": {"C": 52.377989999681645, "epsilon": 0.2897222711235019, "gamma": 0.4189912860003167, "lamda": 0.9529575522569353}, "datetime": {"datetime": "2021-09-23 12:20:51", "elapsed": 20.447179, "delta": 0.727129}}
{"target": -2.914075185788143, "params": {"C": 28.989180163246775, "epsilon": 0.6088712039776241, "gamma": 0.416282327870687, "lamda": 0.35889385516479105}, "datetime": {"datetime": "2021-09-23 12:20:51", "elapsed": 21.016705, "delta": 0.569526}}
{"target": -2.3344402487586886, "params": {"C": 52.417516045783366, "epsilon": 0.05082166080351699, "gamma": 0.024411502454140265, "lamda": 0.2633238046872829}, "datetime": {"datetime": "2021-09-23 12:20:52", "elapsed": 21.94927, "delta": 0.932565}}
{"target": -3.7178690943452337, "params": {"C": 64.43081953556145, "epsilon": 0.06728918851559694, "gamma": 0.8138187125758415, "lamda": 0.8983316464570378}, "datetime": {"datetime": "2021-09-23 12:20:53", "elapsed": 22.371539, "delta": 0.422269}}
{"target": -3.6821365275687867, "params": {"C": 51.97905005627321, "epsilon": 0.014486271369814695, "gamma": 0.001, "lamda": 0.49393240133250593}, "datetime": {"datetime": "2021-09-23 12:20:54", "elapsed": 23.344151, "delta": 0.972612}}
{"target": -4.140936328668198, "params": {"C": 16.214371050365276, "epsilon": 0.7933931066577246, "gamma": 0.9264897615927851, "lamda": 0.23281202562803588}, "datetime": {"datetime": "2021-09-23 12:20:54", "elapsed": 23.749152, "delta": 0.405001}}
{"target": -2.162919083627766, "params": {"C": 52.6847945480211, "epsilon": 0.08977486755264195, "gamma": 0.13664401553455505, "lamda": 0.45209364589294243}, "datetime": {"datetime": "2021-09-23 12:20:55", "elapsed": 24.724544, "delta": 0.975392}}
{"target": -3.259064918954232, "params": {"C": 52.719209510962116, "epsilon": 0.3427262903595917, "gamma": 0.005356772292147743, "lamda": 0.9206692445570301}, "datetime": {"datetime": "2021-09-23 12:20:55", "elapsed": 25.119542, "delta": 0.394998}}
{"target": -3.7596369673855263, "params": {"C": 52.953723182342145, "epsilon": 0.18657697039329946, "gamma": 0.001, "lamda": 0.6270432584094494}, "datetime": {"datetime": "2021-09-23 12:20:56", "elapsed": 25.935545, "delta": 0.816003}}
{"target": -3.6523830939929307, "params": {"C": 84.62255807700245, "epsilon": 0.7151348919531788, "gamma": 0.7601471822661943, "lamda": 0.28507244023190165}, "datetime": {"datetime": "2021-09-23 12:20:57", "elapsed": 26.346553, "delta": 0.411008}}
{"target": -2.238936841239082, "params": {"C": 52.47976688119839, "epsilon": 0.19705912220871022, "gamma": 0.1291661246733907, "lamda": 0.5292666145222807}, "datetime": {"datetime": "2021-09-23 12:20:57", "elapsed": 27.00094, "delta": 0.654387}}
{"target": -3.5464812835750448, "params": {"C": 11.676155637696318, "epsilon": 0.22168132914237512, "gamma": 0.5464037750947931, "lamda": 0.5243454311967547}, "datetime": {"datetime": "2021-09-23 12:20:58", "elapsed": 27.501554, "delta": 0.500614}}
{"target": -2.2151677430833305, "params": {"C": 52.42654915065577, "epsilon": 0.028671032134542453, "gamma": 0.14312290069525616, "lamda": 0.39568723184035015}, "datetime": {"datetime": "2021-09-23 12:20:58", "elapsed": 28.160555, "delta": 0.659001}}
{"target": -2.584175199602988, "params": {"C": 52.619521969977654, "epsilon": 0.2652149745610688, "gamma": 0.3036835298838941, "lamda": 0.4244904482614447}, "datetime": {"datetime": "2021-09-23 12:20:59", "elapsed": 28.731056, "delta": 0.570501}}
{"target": -2.3799535791687028, "params": {"C": 52.62515456835108, "epsilon": 0.001, "gamma": 0.2051986182550942, "lamda": 0.21014399541820172}, "datetime": {"datetime": "2021-09-23 12:21:00", "elapsed": 29.595055, "delta": 0.863999}}
{"target": -2.87942735857886, "params": {"C": 29.009883040004297, "epsilon": 0.6434152370134516, "gamma": 0.4151315590765787, "lamda": 0.296044689783355}, "datetime": {"datetime": "2021-09-23 12:21:00", "elapsed": 30.005063, "delta": 0.410008}}
{"target": -2.80944394290042, "params": {"C": 52.52393602415294, "epsilon": 0.01169232178236261, "gamma": 0.4222811002904901, "lamda": 0.5375620492867966}, "datetime": {"datetime": "2021-09-23 12:21:01", "elapsed": 30.630747, "delta": 0.625684}}
{"target": -2.528785160482424, "params": {"C": 27.034829491588567, "epsilon": 0.2942318586443096, "gamma": 0.02602531923660633, "lamda": 0.6724988327801231}, "datetime": {"datetime": "2021-09-23 12:21:01", "elapsed": 31.127949, "delta": 0.497202}}
{"target": -2.67044107975181, "params": {"C": 26.785553854540773, "epsilon": 0.567598584087828, "gamma": 0.1531234163335135, "lamda": 0.8183327957913674}, "datetime": {"datetime": "2021-09-23 12:21:02", "elapsed": 31.863549, "delta": 0.7356}}
{"target": -2.700063079022138, "params": {"C": 26.776307622607856, "epsilon": 0.3632796192290643, "gamma": 0.339578488717938, "lamda": 0.4636384819035645}, "datetime": {"datetime": "2021-09-23 12:21:03", "elapsed": 32.411206, "delta": 0.547657}}
{"target": -2.603474710882356, "params": {"C": 26.690593392070674, "epsilon": 0.512497815562274, "gamma": 0.12370313076085389, "lamda": 0.824386087113574}, "datetime": {"datetime": "2021-09-23 12:21:03", "elapsed": 32.837535, "delta": 0.426329}}
{"target": -3.243716831632037, "params": {"C": 52.912155289097285, "epsilon": 0.4834240811151912, "gamma": 0.5452167303478094, "lamda": 0.49544013408061693}, "datetime": {"datetime": "2021-09-23 12:21:04", "elapsed": 33.377533, "delta": 0.539998}}
{"target": -2.91609780635831, "params": {"C": 50.28812001961587, "epsilon": 0.5476726918922206, "gamma": 0.2815745079115195, "lamda": 0.9034062715286155}, "datetime": {"datetime": "2021-09-23 12:21:04", "elapsed": 34.179531, "delta": 0.801998}}
{"target": -2.6986210128214356, "params": {"C": 52.47192962233573, "epsilon": 0.6108943694660034, "gamma": 0.01439725517201592, "lamda": 0.44636155640729913}, "datetime": {"datetime": "2021-09-23 12:21:05", "elapsed": 34.873944, "delta": 0.694413}}
{"target": -3.942942107600763, "params": {"C": 27.281889818932715, "epsilon": 0.12645438350779586, "gamma": 0.001, "lamda": 0.9968678214265443}, "datetime": {"datetime": "2021-09-23 12:21:06", "elapsed": 35.944911, "delta": 1.070967}}
{"target": -2.6288189090592, "params": {"C": 27.434185703075094, "epsilon": 0.6449011626985474, "gamma": 0.14993333441906695, "lamda": 0.6757145656884713}, "datetime": {"datetime": "2021-09-23 12:21:07", "elapsed": 36.500213, "delta": 0.555302}}
{"target": -2.129966827675805, "params": {"C": 52.62890605036382, "epsilon": 0.3104286890092773, "gamma": 0.055849580991359074, "lamda": 0.2052161996223678}, "datetime": {"datetime": "2021-09-23 12:21:07", "elapsed": 37.049138, "delta": 0.548925}}
{"target": -3.190549876339929, "params": {"C": 41.06884557034587, "epsilon": 0.041161692514139495, "gamma": 0.6120943868024346, "lamda": 0.6588254771236115}, "datetime": {"datetime": "2021-09-23 12:21:08", "elapsed": 37.618483, "delta": 0.569345}}
{"target": -2.6206036832887314, "params": {"C": 77.15217084266953, "epsilon": 0.1886021907944591, "gamma": 0.2914797963780026, "lamda": 0.7137680665676533}, "datetime": {"datetime": "2021-09-23 12:21:08", "elapsed": 38.051488, "delta": 0.433005}}
{"target": -3.6439664818287905, "params": {"C": 76.59418746153743, "epsilon": 0.39856526165355405, "gamma": 0.8110627650610011, "lamda": 0.2328308452862126}, "datetime": {"datetime": "2021-09-23 12:21:09", "elapsed": 38.495479, "delta": 0.443991}}
{"target": -4.054436056891422, "params": {"C": 84.74198210408622, "epsilon": 0.23373402703511997, "gamma": 0.9266047650512542, "lamda": 0.9026096695618472}, "datetime": {"datetime": "2021-09-23 12:21:09", "elapsed": 38.943658, "delta": 0.448179}}
{"target": -3.753201070518769, "params": {"C": 26.63438102738812, "epsilon": 0.4061823109609273, "gamma": 0.0015541086684339156, "lamda": 0.4431915284820461}, "datetime": {"datetime": "2021-09-23 12:21:10", "elapsed": 39.963657, "delta": 1.019999}}
{"target": -4.022517579227818, "params": {"C": 42.73634337492292, "epsilon": 0.7626931762068215, "gamma": 0.841003452053554, "lamda": 0.5358735792810686}, "datetime": {"datetime": "2021-09-23 12:21:11", "elapsed": 40.390654, "delta": 0.426997}}
{"target": -3.8549499802509546, "params": {"C": 28.81228682143977, "epsilon": 0.44715248454855927, "gamma": 0.001, "lamda": 0.28578428920926313}, "datetime": {"datetime": "2021-09-23 12:21:11", "elapsed": 41.168348, "delta": 0.777694}}
{"target": -2.136258847717857, "params": {"C": 52.30593593014769, "epsilon": 0.460363840399456, "gamma": 0.08664445886556808, "lamda": 0.20285172754399716}, "datetime": {"datetime": "2021-09-23 12:21:12", "elapsed": 41.988997, "delta": 0.820649}}
{"target": -2.5084393218801218, "params": {"C": 52.301329032955095, "epsilon": 0.27213038577576787, "gamma": 0.2875228753045408, "lamda": 0.13466026515913873}, "datetime": {"datetime": "2021-09-23 12:21:13", "elapsed": 42.717198, "delta": 0.728201}}
{"target": -2.648381050710111, "params": {"C": 52.20657710639766, "epsilon": 0.6214650043076835, "gamma": 0.3507400091838537, "lamda": 0.14006961719163374}, "datetime": {"datetime": "2021-09-23 12:21:14", "elapsed": 43.810238, "delta": 1.09304}}
{"target": -2.363679252076038, "params": {"C": 52.5810513777247, "epsilon": 0.5216938112791855, "gamma": 0.21140344518332138, "lamda": 0.03994683069464868}, "datetime": {"datetime": "2021-09-23 12:21:15", "elapsed": 44.524196, "delta": 0.713958}}
{"target": -2.228231658794505, "params": {"C": 39.803102510910435, "epsilon": 0.009253851895886064, "gamma": 0.0463531693816447, "lamda": 0.6179366918887795}, "datetime": {"datetime": "2021-09-23 12:21:15", "elapsed": 45.279148, "delta": 0.754952}}
{"target": -2.4068534678438214, "params": {"C": 39.56286404701639, "epsilon": 0.19059514274417375, "gamma": 0.031644062796446076, "lamda": 0.7298070672100775}, "datetime": {"datetime": "2021-09-23 12:21:17", "elapsed": 46.333149, "delta": 1.054001}}
{"target": -2.7369944332024105, "params": {"C": 37.013964436131005, "epsilon": 0.7156549843862755, "gamma": 0.11002195816983112, "lamda": 0.9163377397860643}, "datetime": {"datetime": "2021-09-23 12:21:17", "elapsed": 46.813125, "delta": 0.479976}}
{"target": -3.8726301588579646, "params": {"C": 39.889888072165085, "epsilon": 0.3235381123432849, "gamma": 0.001, "lamda": 0.5974754723477743}, "datetime": {"datetime": "2021-09-23 12:21:18", "elapsed": 47.816889, "delta": 1.003764}}
{"target": -2.513581973294433, "params": {"C": 52.75099556327793, "epsilon": 0.31701314366435046, "gamma": 0.03247954704006663, "lamda": 0.888916973336777}, "datetime": {"datetime": "2021-09-23 12:21:19", "elapsed": 48.316885, "delta": 0.499996}}
{"target": -2.1458868683524623, "params": {"C": 92.77085184888266, "epsilon": 0.9522555742455784, "gamma": 0.08738566769733477, "lamda": 0.10239878758536837}, "datetime": {"datetime": "2021-09-23 12:21:19", "elapsed": 48.936965, "delta": 0.62008}}
{"target": -2.825674674301316, "params": {"C": 43.69736679137157, "epsilon": 0.42993448521450595, "gamma": 0.3136138615826867, "lamda": 0.7336948966890626}, "datetime": {"datetime": "2021-09-23 12:21:20", "elapsed": 49.712963, "delta": 0.775998}}
{"target": -2.940746168113241, "params": {"C": 4.082583069419355, "epsilon": 0.5810209895669107, "gamma": 0.09034018835656321, "lamda": 0.2168632274576031}, "datetime": {"datetime": "2021-09-23 12:21:21", "elapsed": 50.361967, "delta": 0.649004}}
{"target": -2.1652327880903797, "params": {"C": 52.44453227312382, "epsilon": 0.29314804818721135, "gamma": 0.12156113084982449, "lamda": 0.28917747565569063}, "datetime": {"datetime": "2021-09-23 12:21:22", "elapsed": 51.301353, "delta": 0.939386}}
{"target": -2.5568322607766545, "params": {"C": 20.959121728947117, "epsilon": 0.43338646592772617, "gamma": 0.1269470812894023, "lamda": 0.8202235274666865}, "datetime": {"datetime": "2021-09-23 12:21:22", "elapsed": 51.82595, "delta": 0.524597}}
{"target": -2.4591351314496617, "params": {"C": 52.45104051900447, "epsilon": 0.5465642586149255, "gamma": 0.23487627013400675, "lamda": 0.26523670591493653}, "datetime": {"datetime": "2021-09-23 12:21:23", "elapsed": 52.556954, "delta": 0.731004}}
{"target": -2.571034099616327, "params": {"C": 52.87680630728592, "epsilon": 0.20148273384865495, "gamma": 0.23041190469623088, "lamda": 0.936329417115852}, "datetime": {"datetime": "2021-09-23 12:21:24", "elapsed": 53.333322, "delta": 0.776368}}
{"target": -2.443287190803186, "params": {"C": 52.575680925173, "epsilon": 0.06598296812290283, "gamma": 0.022009895272385126, "lamda": 0.7078960070751333}, "datetime": {"datetime": "2021-09-23 12:21:24", "elapsed": 54.173324, "delta": 0.840002}}
{"target": -4.027377267121209, "params": {"C": 66.48516525405067, "epsilon": 0.11646224648361071, "gamma": 0.9723179426806802, "lamda": 0.8651193642136592}, "datetime": {"datetime": "2021-09-23 12:21:25", "elapsed": 54.722014, "delta": 0.54869}}
{"target": -2.1002858905728607, "params": {"C": 52.44542841645674, "epsilon": 0.001006244197863284, "gamma": 0.07230122355680647, "lamda": 0.4114680445949215}, "datetime": {"datetime": "2021-09-23 12:21:26", "elapsed": 55.592242, "delta": 0.870228}}
{"target": -2.430087709234024, "params": {"C": 52.44466041051811, "epsilon": 0.3473409013796062, "gamma": 0.013013364748499533, "lamda": 0.02159746970198514}, "datetime": {"datetime": "2021-09-23 12:21:27", "elapsed": 56.952897, "delta": 1.360655}}
