{"target": 0.9262403846854677, "params": {"C": 815.2804021378712, "epsilon": 0.1620834159535545, "gamma": 0.05075771182737911, "lamda": 0.048753326792461874}, "datetime": {"datetime": "2021-09-23 22:47:36", "elapsed": 118.445249, "delta": 0.975}}
{"target": 0.9259324172680569, "params": {"C": 863.5130711292766, "epsilon": 0.158477294067946, "gamma": 0.049759902484325366, "lamda": 0.04027005645109971}, "datetime": {"datetime": "2021-09-23 22:47:37", "elapsed": 119.360495, "delta": 0.915246}}
{"target": 0.9164885190818247, "params": {"C": 874.5044457482019, "epsilon": 0.054914734192639564, "gamma": 0.06853896474426098, "lamda": 0.18641592256291029}, "datetime": {"datetime": "2021-09-23 22:47:38", "elapsed": 120.357428, "delta": 0.996933}}
{"target": 0.9276174649257425, "params": {"C": 874.529447523784, "epsilon": 0.053833158596633346, "gamma": 0.043927772922318836, "lamda": 0.08268569480053622}, "datetime": {"datetime": "2021-09-23 22:47:39", "elapsed": 121.335147, "delta": 0.977719}}
{"target": 0.9281725092358728, "params": {"C": 855.5220970405401, "epsilon": 0.5431340454736073, "gamma": 0.041047371079207993, "lamda": 0.023488927162763792}, "datetime": {"datetime": "2021-09-23 22:47:40", "elapsed": 122.18415, "delta": 0.849003}}
{"target": 0.924881796080804, "params": {"C": 815.2594614891151, "epsilon": 0.16992231297720856, "gamma": 0.05032351006243487, "lamda": 0.10662896832981852}, "datetime": {"datetime": "2021-09-23 22:47:41", "elapsed": 123.314774, "delta": 1.130624}}
{"target": 0.9111657920326962, "params": {"C": 899.9667734597878, "epsilon": 0.9413578200147077, "gamma": 0.05169587417401512, "lamda": 0.1074887568570277}, "datetime": {"datetime": "2021-09-23 22:47:42", "elapsed": 124.151717, "delta": 0.836943}}
{"target": 0.9016700956579842, "params": {"C": 832.7957378433431, "epsilon": 0.9706437187470232, "gamma": 0.046747562496621535, "lamda": 0.19747547043438402}, "datetime": {"datetime": "2021-09-23 22:47:43", "elapsed": 125.030835, "delta": 0.879118}}
{"target": 0.9217065988239113, "params": {"C": 829.0989890796559, "epsilon": 0.17998400187653382, "gamma": 0.054238940631976096, "lamda": 0.14901654730523006}, "datetime": {"datetime": "2021-09-23 22:47:44", "elapsed": 125.826834, "delta": 0.795999}}
{"target": 0.9203135497879552, "params": {"C": 874.482383656475, "epsilon": 0.07623295399991867, "gamma": 0.06299039837200382, "lamda": 0.1680889385935537}, "datetime": {"datetime": "2021-09-23 22:47:45", "elapsed": 126.929815, "delta": 1.102981}}
{"target": 0.9110441236107731, "params": {"C": 807.7936852424588, "epsilon": 0.4743565966621828, "gamma": 0.016977044086512866, "lamda": 0.017693755275613152}, "datetime": {"datetime": "2021-09-23 22:47:46", "elapsed": 128.000813, "delta": 1.070998}}
{"target": 0.918527836421078, "params": {"C": 874.4739012236982, "epsilon": 0.12548691618855695, "gamma": 0.06610545327146737, "lamda": 0.08954538328326536}, "datetime": {"datetime": "2021-09-23 22:47:47", "elapsed": 129.052813, "delta": 1.052}}
{"target": 0.902581668047146, "params": {"C": 840.8556059454696, "epsilon": 0.8784011947375866, "gamma": 0.035864657870234413, "lamda": 0.18268796728063807}, "datetime": {"datetime": "2021-09-23 22:47:48", "elapsed": 130.024811, "delta": 0.971998}}
{"target": 0.8999215412353723, "params": {"C": 822.2366886104395, "epsilon": 0.6688850600919501, "gamma": 0.0515900470659086, "lamda": 0.3064633777437604}, "datetime": {"datetime": "2021-09-23 22:47:49", "elapsed": 130.868815, "delta": 0.844004}}
{"target": 0.8795026114683641, "params": {"C": 884.0581299142456, "epsilon": 0.4492766887690173, "gamma": 0.016580179125591267, "lamda": 0.372529342562119}, "datetime": {"datetime": "2021-09-23 22:47:50", "elapsed": 131.733812, "delta": 0.864997}}
{"target": 0.9003407884378838, "params": {"C": 810.2057931511623, "epsilon": 0.653383877213411, "gamma": 0.05502074182930422, "lamda": 0.3016693244891748}, "datetime": {"datetime": "2021-09-23 22:47:51", "elapsed": 132.840814, "delta": 1.107002}}
{"target": 0.9025942648156778, "params": {"C": 874.3952886429856, "epsilon": 0.05461443586087469, "gamma": 0.012948836952616134, "lamda": 0.04856103379241362}, "datetime": {"datetime": "2021-09-23 22:47:52", "elapsed": 134.001813, "delta": 1.160999}}
{"target": 0.906275640281266, "params": {"C": 859.016798543799, "epsilon": 0.3693580054067216, "gamma": 0.02634467881683837, "lamda": 0.21723529157773994}, "datetime": {"datetime": "2021-09-23 22:47:53", "elapsed": 134.874339, "delta": 0.872526}}
{"target": 0.9126291326934064, "params": {"C": 874.4430496557923, "epsilon": 0.07646103264004356, "gamma": 0.06871877382354828, "lamda": 0.08915315324886003}, "datetime": {"datetime": "2021-09-23 22:47:54", "elapsed": 136.011338, "delta": 1.136999}}
{"target": 0.9209460355868597, "params": {"C": 832.7790502166172, "epsilon": 0.3401515195022249, "gamma": 0.0434942823660553, "lamda": 0.11052632772186367}, "datetime": {"datetime": "2021-09-23 22:47:55", "elapsed": 136.907337, "delta": 0.895999}}
{"target": 0.9179014967049297, "params": {"C": 880.0702150398118, "epsilon": 0.06213184637882199, "gamma": 0.02150116743273629, "lamda": 0.17371528150563967}, "datetime": {"datetime": "2021-09-23 22:47:56", "elapsed": 137.825336, "delta": 0.917999}}
{"target": 0.9270943813869795, "params": {"C": 815.2717051602255, "epsilon": 0.18720132155553248, "gamma": 0.04901598205191932, "lamda": 0.04450148032096778}, "datetime": {"datetime": "2021-09-23 22:47:57", "elapsed": 138.991343, "delta": 1.166007}}
{"target": 0.9252688003334233, "params": {"C": 792.2262667068921, "epsilon": 0.08639467744939858, "gamma": 0.05236102884948018, "lamda": 0.08677525576734282}, "datetime": {"datetime": "2021-09-23 22:47:58", "elapsed": 139.929336, "delta": 0.937993}}
{"target": 0.9046644764036536, "params": {"C": 834.6257379731248, "epsilon": 0.07777120195320542, "gamma": 0.014413250816089213, "lamda": 0.19610343166052704}, "datetime": {"datetime": "2021-09-23 22:47:59", "elapsed": 140.982338, "delta": 1.053002}}
{"target": 0.9199729897970319, "params": {"C": 834.6180675005296, "epsilon": 0.054368438287424756, "gamma": 0.06298338991978573, "lamda": 0.27270008850543775}, "datetime": {"datetime": "2021-09-23 22:48:00", "elapsed": 142.154336, "delta": 1.171998}}
{"target": 0.9146788825614072, "params": {"C": 861.0342545841422, "epsilon": 0.18578780875497816, "gamma": 0.03830070175886905, "lamda": 0.371737462306453}, "datetime": {"datetime": "2021-09-23 22:48:01", "elapsed": 143.559145, "delta": 1.404809}}
{"target": 0.9090003967400025, "params": {"C": 794.3856389943664, "epsilon": 0.4461869793686808, "gamma": 0.057111640438579976, "lamda": 0.002118748279140459}, "datetime": {"datetime": "2021-09-23 22:48:02", "elapsed": 144.690343, "delta": 1.131198}}
{"target": 0.9246533286985417, "params": {"C": 874.9036200218807, "epsilon": 0.06989253205874875, "gamma": 0.04204682186922557, "lamda": 0.2851304467614417}, "datetime": {"datetime": "2021-09-23 22:48:04", "elapsed": 146.077915, "delta": 1.387572}}
{"target": 0.9211582309307021, "params": {"C": 790.3712945693907, "epsilon": 0.13815203910770157, "gamma": 0.05647117480349506, "lamda": 0.18408296354879608}, "datetime": {"datetime": "2021-09-23 22:48:05", "elapsed": 146.920537, "delta": 0.842622}}
{"target": 0.9059280815475422, "params": {"C": 861.0215083893794, "epsilon": 0.18016221783449485, "gamma": 0.02464699919030533, "lamda": 0.3860218773559976}, "datetime": {"datetime": "2021-09-23 22:48:06", "elapsed": 147.852824, "delta": 0.932287}}
{"target": 0.9274628458245311, "params": {"C": 792.2365065751856, "epsilon": 0.1433819481962607, "gamma": 0.03600741752015995, "lamda": 0.09536777979104542}, "datetime": {"datetime": "2021-09-23 22:48:07", "elapsed": 149.10326, "delta": 1.250436}}
{"target": 0.9066054105484423, "params": {"C": 798.0332336368054, "epsilon": 0.9168420432300616, "gamma": 0.06438177597614335, "lamda": 0.1303446318282557}, "datetime": {"datetime": "2021-09-23 22:48:08", "elapsed": 150.191962, "delta": 1.088702}}
{"target": 0.8792506735462944, "params": {"C": 844.3234571717, "epsilon": 0.8019920863470515, "gamma": 0.011360563424432047, "lamda": 0.10186944481795716}, "datetime": {"datetime": "2021-09-23 22:48:09", "elapsed": 151.056645, "delta": 0.864683}}
{"target": 0.8722015059726866, "params": {"C": 805.059956085157, "epsilon": 0.9462497145953255, "gamma": 0.010340935225060983, "lamda": 0.10813745169388207}, "datetime": {"datetime": "2021-09-23 22:48:10", "elapsed": 152.070405, "delta": 1.01376}}
{"target": 0.90168702658733, "params": {"C": 815.2973352709769, "epsilon": 0.15414795145441335, "gamma": 0.01228105960463272, "lamda": 0.025705050927184385}, "datetime": {"datetime": "2021-09-23 22:48:11", "elapsed": 153.277963, "delta": 1.207558}}
{"target": 0.9096224274807506, "params": {"C": 876.045950371203, "epsilon": 0.8825338918417113, "gamma": 0.04352623366631094, "lamda": 0.12991968158693193}, "datetime": {"datetime": "2021-09-23 22:48:12", "elapsed": 154.309541, "delta": 1.031578}}
{"target": 0.923587598522197, "params": {"C": 857.4886249280682, "epsilon": 0.5555438076395907, "gamma": 0.04303483696326408, "lamda": 0.048108682927731766}, "datetime": {"datetime": "2021-09-23 22:48:13", "elapsed": 155.188505, "delta": 0.878964}}
{"target": 0.8851076991522113, "params": {"C": 800.5609098276, "epsilon": 0.9634136912152731, "gamma": 0.055595023280651426, "lamda": 0.3781285570844328}, "datetime": {"datetime": "2021-09-23 22:48:14", "elapsed": 156.154503, "delta": 0.965998}}
{"target": 0.915426853350278, "params": {"C": 820.6357850962223, "epsilon": 0.9659241571484438, "gamma": 0.04109002458193385, "lamda": 0.0692406859728594}, "datetime": {"datetime": "2021-09-23 22:48:15", "elapsed": 157.301736, "delta": 1.147233}}
{"target": 0.8990294432846726, "params": {"C": 805.842744535755, "epsilon": 0.60767133708906, "gamma": 0.05681738717212499, "lamda": 0.3374657420211903}, "datetime": {"datetime": "2021-09-23 22:48:16", "elapsed": 158.294737, "delta": 0.993001}}
{"target": 0.9264217409803363, "params": {"C": 794.5016409215475, "epsilon": 0.2951698189043351, "gamma": 0.041915309378147796, "lamda": 0.06092648601100727}, "datetime": {"datetime": "2021-09-23 22:48:17", "elapsed": 159.528125, "delta": 1.233388}}
{"target": 0.9276135937799964, "params": {"C": 815.3117931110863, "epsilon": 0.19178355942198824, "gamma": 0.04594867014711069, "lamda": 0.06426534422698481}, "datetime": {"datetime": "2021-09-23 22:48:19", "elapsed": 160.778125, "delta": 1.25}}
{"target": 0.9199195433646207, "params": {"C": 874.4788050231713, "epsilon": 0.12838780845583825, "gamma": 0.02250272089170572, "lamda": 0.07470992511902164}, "datetime": {"datetime": "2021-09-23 22:48:20", "elapsed": 161.927689, "delta": 1.149564}}
{"target": 0.9162831377115018, "params": {"C": 855.5582770228388, "epsilon": 0.5665069941118294, "gamma": 0.021695753822703896, "lamda": 0.03556512523969537}, "datetime": {"datetime": "2021-09-23 22:48:21", "elapsed": 163.152456, "delta": 1.224767}}
{"target": 0.9062161173955174, "params": {"C": 818.4365604496824, "epsilon": 0.10779638748941558, "gamma": 0.0691834446578232, "lamda": 0.03751760977264476}, "datetime": {"datetime": "2021-09-23 22:48:22", "elapsed": 164.306052, "delta": 1.153596}}
{"target": 0.9249639276370382, "params": {"C": 792.2033000623304, "epsilon": 0.11933258580415124, "gamma": 0.05144690537640038, "lamda": 0.13439767248645276}, "datetime": {"datetime": "2021-09-23 22:48:23", "elapsed": 165.462677, "delta": 1.156625}}
{"target": 0.9036955699209536, "params": {"C": 800.4155131273077, "epsilon": 0.3899045713864021, "gamma": 0.0359921406348379, "lamda": 0.37422611348436186}, "datetime": {"datetime": "2021-09-23 22:48:24", "elapsed": 166.479677, "delta": 1.017}}
{"target": 0.9127212727201213, "params": {"C": 836.4527546578886, "epsilon": 0.3222796913815411, "gamma": 0.06104988643645028, "lamda": 0.22316095432334992}, "datetime": {"datetime": "2021-09-23 22:48:25", "elapsed": 167.596864, "delta": 1.117187}}
{"target": 0.9025556130392196, "params": {"C": 804.0809623527724, "epsilon": 0.1689221104619052, "gamma": 0.017007184343163298, "lamda": 0.23331095071931504}, "datetime": {"datetime": "2021-09-23 22:48:26", "elapsed": 168.579866, "delta": 0.983002}}
{"target": 0.9266522477167204, "params": {"C": 874.403824955866, "epsilon": 0.1485654690131264, "gamma": 0.04016123634105139, "lamda": 0.1141461141724929}, "datetime": {"datetime": "2021-09-23 22:48:28", "elapsed": 169.892864, "delta": 1.312998}}
{"target": 0.9226608416639629, "params": {"C": 874.5708280206378, "epsilon": 0.050452374842275396, "gamma": 0.05783833636950025, "lamda": 0.23383335522671567}, "datetime": {"datetime": "2021-09-23 22:48:29", "elapsed": 170.952865, "delta": 1.060001}}
{"target": 0.9287612098222181, "params": {"C": 792.2781185955647, "epsilon": 0.10271804476827598, "gamma": 0.0365337951889778, "lamda": 0.08782861378849668}, "datetime": {"datetime": "2021-09-23 22:48:30", "elapsed": 172.246865, "delta": 1.294}}
{"target": 0.9241465685202919, "params": {"C": 792.2047999019884, "epsilon": 0.16546006970649693, "gamma": 0.055580230842439474, "lamda": 0.08001011077987058}, "datetime": {"datetime": "2021-09-23 22:48:31", "elapsed": 173.403864, "delta": 1.156999}}
{"target": 0.9082597754487476, "params": {"C": 874.827398318696, "epsilon": 0.08461356607827178, "gamma": 0.018227957389328742, "lamda": 0.3027714152540579}, "datetime": {"datetime": "2021-09-23 22:48:33", "elapsed": 175.031867, "delta": 1.628003}}
{"target": 0.9127789598990402, "params": {"C": 864.7017407587965, "epsilon": 0.23719352630289625, "gamma": 0.050721266050142856, "lamda": 0.35249065111661143}, "datetime": {"datetime": "2021-09-23 22:48:34", "elapsed": 176.08987, "delta": 1.058003}}
{"target": 0.8997270814961212, "params": {"C": 861.5109507680905, "epsilon": 0.4532827704472492, "gamma": 0.022770628390317182, "lamda": 0.21483746020791367}, "datetime": {"datetime": "2021-09-23 22:48:35", "elapsed": 177.11987, "delta": 1.03}}
{"target": 0.9058593119783914, "params": {"C": 856.9461517523209, "epsilon": 0.36708362343904744, "gamma": 0.05168583522898372, "lamda": 0.38711855849264687}, "datetime": {"datetime": "2021-09-23 22:48:36", "elapsed": 178.529861, "delta": 1.409991}}
{"target": 0.8836408419237841, "params": {"C": 883.2004474454923, "epsilon": 0.8586228929876127, "gamma": 0.02517909588461329, "lamda": 0.3140453097601589}, "datetime": {"datetime": "2021-09-23 22:48:37", "elapsed": 179.461862, "delta": 0.932001}}
{"target": 0.921877230078501, "params": {"C": 794.5431301693377, "epsilon": 0.270905068376026, "gamma": 0.056711468234191084, "lamda": 0.0886120009212154}, "datetime": {"datetime": "2021-09-23 22:48:39", "elapsed": 181.093866, "delta": 1.632004}}
{"target": 0.9279556759984862, "params": {"C": 792.2572880576163, "epsilon": 0.10062217644872584, "gamma": 0.039317047154570836, "lamda": 0.12857698367857862}, "datetime": {"datetime": "2021-09-23 22:48:40", "elapsed": 182.274867, "delta": 1.181001}}
{"target": 0.9182471039358768, "params": {"C": 805.5021427095621, "epsilon": 0.5888045107378427, "gamma": 0.06504740881825616, "lamda": 0.0482610410932755}, "datetime": {"datetime": "2021-09-23 22:48:41", "elapsed": 183.283869, "delta": 1.009002}}
{"target": 0.9039476355928263, "params": {"C": 888.8502486934573, "epsilon": 0.6185763598343774, "gamma": 0.02061217621091978, "lamda": 0.09350671556013719}, "datetime": {"datetime": "2021-09-23 22:48:42", "elapsed": 184.30387, "delta": 1.020001}}
{"target": 0.9239005799708017, "params": {"C": 874.5942112967873, "epsilon": 0.05675641278349233, "gamma": 0.0554417710093495, "lamda": 0.21429824335058065}, "datetime": {"datetime": "2021-09-23 22:48:43", "elapsed": 185.353889, "delta": 1.050019}}
{"target": 0.9288923427536795, "params": {"C": 815.203316530929, "epsilon": 0.17843209342040164, "gamma": 0.03717965661572328, "lamda": 0.05529991211880692}, "datetime": {"datetime": "2021-09-23 22:48:44", "elapsed": 186.667887, "delta": 1.313998}}
{"target": 0.9289153739490619, "params": {"C": 792.255439611864, "epsilon": 0.1624039407222462, "gamma": 0.04238807868091616, "lamda": 0.05084800551827611}, "datetime": {"datetime": "2021-09-23 22:48:46", "elapsed": 188.270889, "delta": 1.603002}}
{"target": 0.9212112822585866, "params": {"C": 792.2493628275217, "epsilon": 0.19944427077651286, "gamma": 0.06187631787516789, "lamda": 0.07586812348904083}, "datetime": {"datetime": "2021-09-23 22:48:47", "elapsed": 189.558646, "delta": 1.287757}}
{"target": 0.9243827087271134, "params": {"C": 872.2677859553247, "epsilon": 0.115685748993414, "gamma": 0.05365184437828765, "lamda": 0.13475468528303067}, "datetime": {"datetime": "2021-09-23 22:48:48", "elapsed": 190.604644, "delta": 1.045998}}
{"target": 0.9232173908947798, "params": {"C": 874.3892409163647, "epsilon": 0.18362464779428522, "gamma": 0.054993247401130534, "lamda": 0.10673975592674122}, "datetime": {"datetime": "2021-09-23 22:48:50", "elapsed": 192.080776, "delta": 1.476132}}
{"target": 0.8884750249250596, "params": {"C": 815.1305186753416, "epsilon": 0.7698049723452728, "gamma": 0.03538959043808588, "lamda": 0.3897190800849119}, "datetime": {"datetime": "2021-09-23 22:48:51", "elapsed": 193.11358, "delta": 1.032804}}
{"target": 0.9220256484610868, "params": {"C": 815.2460257440446, "epsilon": 0.10892478909770789, "gamma": 0.05568230414715397, "lamda": 0.05550249157246182}, "datetime": {"datetime": "2021-09-23 22:48:52", "elapsed": 194.47751, "delta": 1.36393}}
{"target": 0.9181786513651164, "params": {"C": 815.1750595673539, "epsilon": 0.14693697434671665, "gamma": 0.025213086574190108, "lamda": 0.00885239795795044}, "datetime": {"datetime": "2021-09-23 22:48:54", "elapsed": 196.271113, "delta": 1.793603}}
{"target": 0.9209354137414256, "params": {"C": 815.2127727854892, "epsilon": 0.24034953005573506, "gamma": 0.060038004064670004, "lamda": 0.03583173537828652}, "datetime": {"datetime": "2021-09-23 22:48:56", "elapsed": 198.417522, "delta": 2.146409}}
{"target": 0.9066051834476145, "params": {"C": 792.2231323438572, "epsilon": 0.149104813438102, "gamma": 0.06371134629599472, "lamda": 0.01612914267135752}, "datetime": {"datetime": "2021-09-23 22:48:58", "elapsed": 199.809023, "delta": 1.391501}}
{"target": 0.8938433603214351, "params": {"C": 839.7548911513908, "epsilon": 0.8845577604014204, "gamma": 0.06726095454254982, "lamda": 0.2664105709497139}, "datetime": {"datetime": "2021-09-23 22:48:59", "elapsed": 200.787029, "delta": 0.978006}}
{"target": 0.912702655537137, "params": {"C": 863.5438518173153, "epsilon": 0.13161255540462008, "gamma": 0.05450423129319519, "lamda": 0.01312958012530468}, "datetime": {"datetime": "2021-09-23 22:49:00", "elapsed": 202.369354, "delta": 1.582325}}
{"target": 0.912009253575826, "params": {"C": 891.5958852908127, "epsilon": 0.35334958591303156, "gamma": 0.03294353803791373, "lamda": 0.2105446967346407}, "datetime": {"datetime": "2021-09-23 22:49:01", "elapsed": 203.50871, "delta": 1.139356}}
{"target": 0.922628052492695, "params": {"C": 857.8134033931041, "epsilon": 0.905792366489505, "gamma": 0.026419496068691997, "lamda": 0.0028421042458847186}, "datetime": {"datetime": "2021-09-23 22:49:02", "elapsed": 204.621611, "delta": 1.112901}}
{"target": 0.901216758228393, "params": {"C": 858.3961937560691, "epsilon": 0.7779513838105001, "gamma": 0.03301129464586619, "lamda": 0.20481887528168644}, "datetime": {"datetime": "2021-09-23 22:49:03", "elapsed": 205.630753, "delta": 1.009142}}
{"target": 0.9151190634376323, "params": {"C": 863.4649720656653, "epsilon": 0.13656645043040605, "gamma": 0.06589990340198226, "lamda": 0.05222561249056293}, "datetime": {"datetime": "2021-09-23 22:49:05", "elapsed": 207.140381, "delta": 1.509628}}
{"target": 0.9234743654106276, "params": {"C": 825.5708464707837, "epsilon": 0.15604013606188918, "gamma": 0.028239496966688267, "lamda": 0.10349314056274374}, "datetime": {"datetime": "2021-09-23 22:49:06", "elapsed": 208.176309, "delta": 1.035928}}
{"target": 0.9260120957341714, "params": {"C": 792.235078773457, "epsilon": 0.058332415568390625, "gamma": 0.029934434320287306, "lamda": 0.05655198696695399}, "datetime": {"datetime": "2021-09-23 22:49:07", "elapsed": 209.634033, "delta": 1.457724}}
{"target": 0.9247069428423191, "params": {"C": 872.2962306628988, "epsilon": 0.15750279748704, "gamma": 0.04959625286267713, "lamda": 0.12199874512045275}, "datetime": {"datetime": "2021-09-23 22:49:09", "elapsed": 211.196956, "delta": 1.562923}}
{"target": 0.9238204890740548, "params": {"C": 874.5356731926341, "epsilon": 0.10129979107965245, "gamma": 0.04166118593868838, "lamda": 0.2337054735957406}, "datetime": {"datetime": "2021-09-23 22:49:10", "elapsed": 212.368794, "delta": 1.171838}}
{"target": 0.9136967482845636, "params": {"C": 807.7506571429877, "epsilon": 0.5319525912654932, "gamma": 0.060656338139443794, "lamda": 0.006966558036333171}, "datetime": {"datetime": "2021-09-23 22:49:12", "elapsed": 214.318785, "delta": 1.949991}}
{"target": 0.9247678477759935, "params": {"C": 815.3043515952234, "epsilon": 0.07190091151086982, "gamma": 0.02709933317636689, "lamda": 0.09823810543628185}, "datetime": {"datetime": "2021-09-23 22:49:14", "elapsed": 216.107347, "delta": 1.788562}}
{"target": 0.9286848160506656, "params": {"C": 815.1993371883704, "epsilon": 0.13973857729906153, "gamma": 0.04421223546309792, "lamda": 0.06314104152671841}, "datetime": {"datetime": "2021-09-23 22:49:16", "elapsed": 217.727219, "delta": 1.619872}}
{"target": 0.9007092400755671, "params": {"C": 833.0794081265565, "epsilon": 0.8689558899552464, "gamma": 0.03991076940820488, "lamda": 0.21928658974679768}, "datetime": {"datetime": "2021-09-23 22:49:17", "elapsed": 219.122174, "delta": 1.394955}}
{"target": 0.9006355702390411, "params": {"C": 881.4087354116701, "epsilon": 0.4501279224740865, "gamma": 0.06925388723128682, "lamda": 0.34122235652654853}, "datetime": {"datetime": "2021-09-23 22:49:18", "elapsed": 220.109125, "delta": 0.986951}}
