{"target": 0.9146788825614072, "params": {"C": 1725.610849660635, "epsilon": 0.18578780875497816, "gamma": 0.03830070175886905, "lamda": 0.371737462306453}, "datetime": {"datetime": "2021-09-24 08:44:35", "elapsed": 148.426358, "delta": 0.801964}}
{"target": 0.9188349041765004, "params": {"C": 1748.2679731742253, "epsilon": 0.22834119142888776, "gamma": 0.051178321073312466, "lamda": 0.199363083688816}, "datetime": {"datetime": "2021-09-24 08:44:36", "elapsed": 149.546211, "delta": 1.119853}}
{"target": 0.9072362551222384, "params": {"C": 1624.0806629975061, "epsilon": 0.3487400739609293, "gamma": 0.05737505734199799, "lamda": 0.009465542373119275}, "datetime": {"datetime": "2021-09-24 08:44:37", "elapsed": 150.778559, "delta": 1.232348}}
{"target": 0.9211582309307021, "params": {"C": 1590.7088350870185, "epsilon": 0.13815203910770157, "gamma": 0.05647117480349506, "lamda": 0.18408296354879608}, "datetime": {"datetime": "2021-09-24 08:44:39", "elapsed": 151.992146, "delta": 1.213587}}
{"target": 0.9302794545894874, "params": {"C": 1765.0096074823475, "epsilon": 0.04004273872965844, "gamma": 0.03402415112999753, "lamda": 0.08808043765411419}, "datetime": {"datetime": "2021-09-24 08:44:40", "elapsed": 152.926421, "delta": 0.934275}}
{"target": 0.8891503584284703, "params": {"C": 1765.0836969953534, "epsilon": 0.05768455327335562, "gamma": 0.049851025479951815, "lamda": 0.015335818120854779}, "datetime": {"datetime": "2021-09-24 08:44:41", "elapsed": 154.510025, "delta": 1.583604}}
{"target": 0.9066054105484423, "params": {"C": 1605.3361733066286, "epsilon": 0.9168420432300616, "gamma": 0.06438177597614335, "lamda": 0.1303446318282557}, "datetime": {"datetime": "2021-09-24 08:44:42", "elapsed": 155.412765, "delta": 0.90274}}
{"target": 0.8792506735462944, "params": {"C": 1693.7084182368822, "epsilon": 0.8019920863470515, "gamma": 0.011360563424432047, "lamda": 0.10186944481795716}, "datetime": {"datetime": "2021-09-24 08:44:43", "elapsed": 156.39206, "delta": 0.979295}}
{"target": 0.9010399412549317, "params": {"C": 1737.1338735734626, "epsilon": 0.05327511565756951, "gamma": 0.0675128456919403, "lamda": 0.06731961367483501}, "datetime": {"datetime": "2021-09-24 08:44:44", "elapsed": 157.557982, "delta": 1.165922}}
{"target": 0.9225775365761497, "params": {"C": 1737.2420714420928, "epsilon": 0.1164445067662885, "gamma": 0.029449819824185486, "lamda": 0.17056873668806039}, "datetime": {"datetime": "2021-09-24 08:44:45", "elapsed": 158.75612, "delta": 1.198138}}
{"target": 0.9096224274807506, "params": {"C": 1754.2695416177512, "epsilon": 0.8825338918417113, "gamma": 0.04352623366631094, "lamda": 0.12991968158693193}, "datetime": {"datetime": "2021-09-24 08:44:47", "elapsed": 160.033275, "delta": 1.277155}}
{"target": 0.923587598522197, "params": {"C": 1718.8419203172211, "epsilon": 0.5555438076395907, "gamma": 0.04303483696326408, "lamda": 0.048108682927731766}, "datetime": {"datetime": "2021-09-24 08:44:48", "elapsed": 160.942515, "delta": 0.90924}}
{"target": 0.9300764853551955, "params": {"C": 1730.3380489952044, "epsilon": 0.097758647284592, "gamma": 0.03247523729142124, "lamda": 0.08563294528068897}, "datetime": {"datetime": "2021-09-24 08:44:49", "elapsed": 161.976027, "delta": 1.033512}}
{"target": 0.915426853350278, "params": {"C": 1648.486498820061, "epsilon": 0.9659241571484438, "gamma": 0.04109002458193385, "lamda": 0.0692406859728594}, "datetime": {"datetime": "2021-09-24 08:44:50", "elapsed": 163.23312, "delta": 1.257093}}
{"target": 0.8990294432846726, "params": {"C": 1620.2452395682594, "epsilon": 0.60767133708906, "gamma": 0.05681738717212499, "lamda": 0.3374657420211903}, "datetime": {"datetime": "2021-09-24 08:44:51", "elapsed": 164.123132, "delta": 0.890012}}
{"target": 0.9184314621019227, "params": {"C": 1737.1130117325506, "epsilon": 0.12828025579503044, "gamma": 0.030479113137332155, "lamda": 0.25966490820615595}, "datetime": {"datetime": "2021-09-24 08:44:52", "elapsed": 165.510314, "delta": 1.387182}}
{"target": 0.9252635442969676, "params": {"C": 1764.8128113442965, "epsilon": 0.05167394421339715, "gamma": 0.022067684953257116, "lamda": 0.12301803479686958}, "datetime": {"datetime": "2021-09-24 08:44:54", "elapsed": 166.898489, "delta": 1.388175}}
{"target": 0.921338143241994, "params": {"C": 1730.3266373509189, "epsilon": 0.20795303756680583, "gamma": 0.04825835804646438, "lamda": 0.16111622193433914}, "datetime": {"datetime": "2021-09-24 08:44:55", "elapsed": 167.976553, "delta": 1.078064}}
{"target": 0.900874714015276, "params": {"C": 1624.140491303147, "epsilon": 0.222525626464035, "gamma": 0.01, "lamda": 0.027112974419924385}, "datetime": {"datetime": "2021-09-24 08:44:56", "elapsed": 169.46818, "delta": 1.491627}}
{"target": 0.9022627708140142, "params": {"C": 1644.2879790403026, "epsilon": 0.10779638748941558, "gamma": 0.0691834446578232, "lamda": 0.03751760977264476}, "datetime": {"datetime": "2021-09-24 08:44:57", "elapsed": 170.506749, "delta": 1.038569}}
{"target": 0.9297616053038541, "params": {"C": 1737.209653306051, "epsilon": 0.04027328121933642, "gamma": 0.03920921148830668, "lamda": 0.19884529046314448}, "datetime": {"datetime": "2021-09-24 08:44:59", "elapsed": 172.461552, "delta": 1.954803}}
{"target": 0.9036955699209536, "params": {"C": 1609.8841614248602, "epsilon": 0.3899045713864021, "gamma": 0.0359921406348379, "lamda": 0.37422611348436186}, "datetime": {"datetime": "2021-09-24 08:45:00", "elapsed": 173.377644, "delta": 0.916092}}
{"target": 0.9162098338430291, "params": {"C": 1730.4439214277968, "epsilon": 0.1255143942322613, "gamma": 0.02073187473871123, "lamda": 0.1415210634496322}, "datetime": {"datetime": "2021-09-24 08:45:01", "elapsed": 174.547573, "delta": 1.169929}}
{"target": 0.9025556130392196, "params": {"C": 1616.8818372189291, "epsilon": 0.1689221104619052, "gamma": 0.017007184343163298, "lamda": 0.23331095071931504}, "datetime": {"datetime": "2021-09-24 08:45:02", "elapsed": 175.832544, "delta": 1.284971}}
{"target": 0.9158370852733531, "params": {"C": 1730.3874650817422, "epsilon": 0.1937503758091074, "gamma": 0.022439052049240227, "lamda": 0.11886363749734426}, "datetime": {"datetime": "2021-09-24 08:45:04", "elapsed": 177.089707, "delta": 1.257163}}
{"target": 0.9169179961389249, "params": {"C": 1764.9345353945503, "epsilon": 0.23652564267692394, "gamma": 0.07, "lamda": 0.057429157986091633}, "datetime": {"datetime": "2021-09-24 08:45:05", "elapsed": 178.674291, "delta": 1.584584}}
{"target": 0.9082444365588919, "params": {"C": 1715.1023459733053, "epsilon": 0.4647863564000826, "gamma": 0.012769899347972829, "lamda": 0.009687409651195827}, "datetime": {"datetime": "2021-09-24 08:45:07", "elapsed": 180.03947, "delta": 1.365179}}
{"target": 0.9170126583095092, "params": {"C": 1730.300169585439, "epsilon": 0.1361196300013856, "gamma": 0.07, "lamda": 0.10515003396555037}, "datetime": {"datetime": "2021-09-24 08:45:08", "elapsed": 181.450966, "delta": 1.411496}}
{"target": 0.916416508573095, "params": {"C": 1764.8856103387395, "epsilon": 0.15001182420618958, "gamma": 0.06351578561222614, "lamda": 0.26078958912047795}, "datetime": {"datetime": "2021-09-24 08:45:10", "elapsed": 183.347787, "delta": 1.896821}}
{"target": 0.9127789598990402, "params": {"C": 1732.6124141758844, "epsilon": 0.23719352630289625, "gamma": 0.050721266050142856, "lamda": 0.35249065111661143}, "datetime": {"datetime": "2021-09-24 08:45:11", "elapsed": 184.304968, "delta": 0.957181}}
{"target": 0.8997270814961212, "params": {"C": 1726.520906011809, "epsilon": 0.4532827704472492, "gamma": 0.022770628390317182, "lamda": 0.21483746020791367}, "datetime": {"datetime": "2021-09-24 08:45:12", "elapsed": 185.301601, "delta": 0.996633}}
{"target": 0.9058593119783914, "params": {"C": 1717.8062897089765, "epsilon": 0.36708362343904744, "gamma": 0.05168583522898372, "lamda": 0.38711855849264687}, "datetime": {"datetime": "2021-09-24 08:45:13", "elapsed": 186.419247, "delta": 1.117646}}
{"target": 0.8836408419237841, "params": {"C": 1767.9281269413943, "epsilon": 0.8586228929876127, "gamma": 0.02517909588461329, "lamda": 0.3140453097601589}, "datetime": {"datetime": "2021-09-24 08:45:14", "elapsed": 187.573239, "delta": 1.153992}}
{"target": 0.9173484732516411, "params": {"C": 1638.4942605481983, "epsilon": 0.6891447893242141, "gamma": 0.027047137802106658, "lamda": 0.04411284481141484}, "datetime": {"datetime": "2021-09-24 08:45:15", "elapsed": 188.78745, "delta": 1.214211}}
{"target": 0.9205639695355904, "params": {"C": 1752.0205544601808, "epsilon": 0.09386098721514466, "gamma": 0.048659149454694885, "lamda": 0.34145660275637224}, "datetime": {"datetime": "2021-09-24 08:45:17", "elapsed": 190.172583, "delta": 1.385133}}
{"target": 0.9182471039358768, "params": {"C": 1619.5949997182552, "epsilon": 0.5888045107378427, "gamma": 0.06504740881825616, "lamda": 0.0482610410932755}, "datetime": {"datetime": "2021-09-24 08:45:18", "elapsed": 191.215324, "delta": 1.042741}}
{"target": 0.9039476355928263, "params": {"C": 1778.7141111420547, "epsilon": 0.6185763598343774, "gamma": 0.02061217621091978, "lamda": 0.09350671556013719}, "datetime": {"datetime": "2021-09-24 08:45:19", "elapsed": 192.312835, "delta": 1.097511}}
{"target": 0.9242571308199489, "params": {"C": 1611.675000220277, "epsilon": 0.14390770004376757, "gamma": 0.04834551239586066, "lamda": 0.14850622628340052}, "datetime": {"datetime": "2021-09-24 08:45:20", "elapsed": 193.622172, "delta": 1.309337}}
{"target": 0.9176272739745491, "params": {"C": 1715.07231309955, "epsilon": 0.5239970221527691, "gamma": 0.031751294207288575, "lamda": 0.07815228247661853}, "datetime": {"datetime": "2021-09-24 08:45:22", "elapsed": 194.937705, "delta": 1.315533}}
{"target": 0.9267251464032816, "params": {"C": 1624.23172187445, "epsilon": 0.18131946280967398, "gamma": 0.048052867538495025, "lamda": 0.040094089326377896}, "datetime": {"datetime": "2021-09-24 08:45:23", "elapsed": 196.294356, "delta": 1.356651}}
{"target": 0.9167231751398446, "params": {"C": 1737.17118238602, "epsilon": 0.1301328443345982, "gamma": 0.06895488820944726, "lamda": 0.18393137821186878}, "datetime": {"datetime": "2021-09-24 08:45:25", "elapsed": 197.936095, "delta": 1.641739}}
{"target": 0.9278452607831953, "params": {"C": 1730.328280926239, "epsilon": 0.10304798328810985, "gamma": 0.024225548362205918, "lamda": 0.04562209939044916}, "datetime": {"datetime": "2021-09-24 08:45:26", "elapsed": 199.300219, "delta": 1.364124}}
{"target": 0.9076499002758888, "params": {"C": 1786.0203724308049, "epsilon": 0.17364744390995598, "gamma": 0.021152580139253398, "lamda": 0.2525133695365304}, "datetime": {"datetime": "2021-09-24 08:45:27", "elapsed": 200.850949, "delta": 1.55073}}
{"target": 0.8884750249250596, "params": {"C": 1637.9764447438338, "epsilon": 0.7698049723452728, "gamma": 0.03538959043808588, "lamda": 0.3897190800849119}, "datetime": {"datetime": "2021-09-24 08:45:29", "elapsed": 201.966136, "delta": 1.115187}}
{"target": 0.9195193938923178, "params": {"C": 1764.7857753382978, "epsilon": 0.08333087311818108, "gamma": 0.06200328316823299, "lamda": 0.10261595189117391}, "datetime": {"datetime": "2021-09-24 08:45:30", "elapsed": 203.179168, "delta": 1.213032}}
{"target": 0.915438121735544, "params": {"C": 1737.16667981491, "epsilon": 0.06742839224029201, "gamma": 0.019195908300340417, "lamda": 0.2204136539899985}, "datetime": {"datetime": "2021-09-24 08:45:32", "elapsed": 204.953425, "delta": 1.774257}}
{"target": 0.9186575117161337, "params": {"C": 1611.730465413907, "epsilon": 0.17747026194857005, "gamma": 0.058581734923411205, "lamda": 0.2014186746820278}, "datetime": {"datetime": "2021-09-24 08:45:33", "elapsed": 206.409944, "delta": 1.456519}}
{"target": 0.8912578586399478, "params": {"C": 1764.939704628835, "epsilon": 0.2062568791697667, "gamma": 0.010198263338893995, "lamda": 0.12638378459003705}, "datetime": {"datetime": "2021-09-24 08:45:35", "elapsed": 208.0442, "delta": 1.634256}}
{"target": 0.8938433603214351, "params": {"C": 1684.986610379928, "epsilon": 0.8845577604014204, "gamma": 0.06726095454254982, "lamda": 0.2664105709497139}, "datetime": {"datetime": "2021-09-24 08:45:36", "elapsed": 209.550168, "delta": 1.505968}}
{"target": 0.9180692766001367, "params": {"C": 1624.2559378834308, "epsilon": 0.22829372693393657, "gamma": 0.06319457420254036, "lamda": 0.14197978213174284}, "datetime": {"datetime": "2021-09-24 08:45:38", "elapsed": 211.480856, "delta": 1.930688}}
{"target": 0.912009253575826, "params": {"C": 1783.9557810097335, "epsilon": 0.35334958591303156, "gamma": 0.03294353803791373, "lamda": 0.2105446967346407}, "datetime": {"datetime": "2021-09-24 08:45:39", "elapsed": 212.543631, "delta": 1.062775}}
{"target": 0.9269155379895819, "params": {"C": 1719.4619519322896, "epsilon": 0.905792366489505, "gamma": 0.026419496068691997, "lamda": 0.0028421042458847186}, "datetime": {"datetime": "2021-09-24 08:45:40", "elapsed": 213.527598, "delta": 0.983967}}
{"target": 0.901216758228393, "params": {"C": 1720.574551716132, "epsilon": 0.7779513838105001, "gamma": 0.03301129464586619, "lamda": 0.20481887528168644}, "datetime": {"datetime": "2021-09-24 08:45:41", "elapsed": 214.60054, "delta": 1.072942}}
{"target": 0.9195502620720822, "params": {"C": 1785.959892459226, "epsilon": 0.054300107744970016, "gamma": 0.018462616173523825, "lamda": 0.14494585966526716}, "datetime": {"datetime": "2021-09-24 08:45:43", "elapsed": 216.679401, "delta": 2.078861}}
{"target": 0.9239217446071908, "params": {"C": 1657.9079796260419, "epsilon": 0.15604013606188918, "gamma": 0.028239496966688267, "lamda": 0.10349314056274374}, "datetime": {"datetime": "2021-09-24 08:45:44", "elapsed": 217.683238, "delta": 1.003837}}
{"target": 0.8967288580907484, "params": {"C": 1764.7728720153466, "epsilon": 0.1200580386025211, "gamma": 0.011586117646719872, "lamda": 0.19289052998966197}, "datetime": {"datetime": "2021-09-24 08:45:46", "elapsed": 218.902003, "delta": 1.218765}}
{"target": 0.9021384040332643, "params": {"C": 1730.2740814143986, "epsilon": 0.07353726120115828, "gamma": 0.010256286390000613, "lamda": 0.06517850585051203}, "datetime": {"datetime": "2021-09-24 08:45:48", "elapsed": 220.967064, "delta": 2.065061}}
{"target": 0.9106143326744066, "params": {"C": 1749.4436567977043, "epsilon": 0.5220793950171903, "gamma": 0.05671677363336074, "lamda": 0.18888608762815076}, "datetime": {"datetime": "2021-09-24 08:45:49", "elapsed": 222.016169, "delta": 1.049105}}
{"target": 0.9310897451623039, "params": {"C": 1657.921604360822, "epsilon": 0.126322144824913, "gamma": 0.033838485215440084, "lamda": 0.036607414716375894}, "datetime": {"datetime": "2021-09-24 08:45:50", "elapsed": 223.609791, "delta": 1.593622}}
{"target": 0.922864809566005, "params": {"C": 1765.0256407873644, "epsilon": 0.29887834539323677, "gamma": 0.025011763349844635, "lamda": 0.04738962668224491}, "datetime": {"datetime": "2021-09-24 08:45:52", "elapsed": 225.064947, "delta": 1.455156}}
{"target": 0.8778473998430674, "params": {"C": 1638.5339662673182, "epsilon": 0.6471371926348037, "gamma": 0.06026711762230638, "lamda": 0.001962519294518194}, "datetime": {"datetime": "2021-09-24 08:45:53", "elapsed": 226.79329, "delta": 1.728343}}
{"target": 0.9007092400755671, "params": {"C": 1672.242506423426, "epsilon": 0.8689558899552464, "gamma": 0.03991076940820488, "lamda": 0.21928658974679768}, "datetime": {"datetime": "2021-09-24 08:45:55", "elapsed": 227.909518, "delta": 1.116228}}
{"target": 0.9006355702390411, "params": {"C": 1764.5075857859156, "epsilon": 0.4501279224740865, "gamma": 0.06925388723128682, "lamda": 0.34122235652654853}, "datetime": {"datetime": "2021-09-24 08:45:56", "elapsed": 229.269729, "delta": 1.360211}}
{"target": 0.9181091311526272, "params": {"C": 1701.5219908315657, "epsilon": 0.189845717759847, "gamma": 0.06276233168127762, "lamda": 0.1687982129717172}, "datetime": {"datetime": "2021-09-24 08:45:57", "elapsed": 230.73805, "delta": 1.468321}}
{"target": 0.896976829624599, "params": {"C": 1736.4689059942677, "epsilon": 0.8179732043622379, "gamma": 0.05077892836585951, "lamda": 0.2910764569900695}, "datetime": {"datetime": "2021-09-24 08:45:59", "elapsed": 232.159516, "delta": 1.421466}}
{"target": 0.9151968113379529, "params": {"C": 1751.9414788168267, "epsilon": 0.053858717919711384, "gamma": 0.021152225040497935, "lamda": 0.3540087918841703}, "datetime": {"datetime": "2021-09-24 08:46:00", "elapsed": 233.636903, "delta": 1.477387}}
{"target": 0.9080215066672597, "params": {"C": 1638.3052016013798, "epsilon": 0.17821306766893233, "gamma": 0.012859248940479023, "lamda": 0.045016711028701334}, "datetime": {"datetime": "2021-09-24 08:46:02", "elapsed": 235.410433, "delta": 1.77353}}
{"target": 0.9162762189558498, "params": {"C": 1638.590152746113, "epsilon": 0.5742381966944237, "gamma": 0.06858159790054869, "lamda": 0.01900149038194094}, "datetime": {"datetime": "2021-09-24 08:46:04", "elapsed": 236.882979, "delta": 1.472546}}
{"target": 0.9154894723750876, "params": {"C": 1601.7038573384127, "epsilon": 0.5248416812960333, "gamma": 0.06082391713066613, "lamda": 0.1044609914273352}, "datetime": {"datetime": "2021-09-24 08:46:05", "elapsed": 238.06954, "delta": 1.186561}}
{"target": 0.9258954276659404, "params": {"C": 1638.2630403677647, "epsilon": 0.2311551399481618, "gamma": 0.024989706335402036, "lamda": 0.009135241897215231}, "datetime": {"datetime": "2021-09-24 08:46:06", "elapsed": 239.577104, "delta": 1.507564}}
{"target": 0.9231733570105154, "params": {"C": 1752.0235211087763, "epsilon": 0.03317923825347977, "gamma": 0.05576914425162556, "lamda": 0.29384052611087463}, "datetime": {"datetime": "2021-09-24 08:46:08", "elapsed": 241.192025, "delta": 1.614921}}
{"target": 0.9216164735403538, "params": {"C": 1765.038516107475, "epsilon": 0.35338178899763495, "gamma": 0.05762397000824855, "lamda": 0.06850771491095}, "datetime": {"datetime": "2021-09-24 08:46:10", "elapsed": 242.951854, "delta": 1.759829}}
{"target": 0.9149270391390918, "params": {"C": 1711.4779646438606, "epsilon": 0.23435641908216923, "gamma": 0.06620260516889882, "lamda": 0.19368359311872285}, "datetime": {"datetime": "2021-09-24 08:46:11", "elapsed": 244.252141, "delta": 1.300287}}
{"target": 0.9275203266652575, "params": {"C": 1678.1546659343421, "epsilon": 0.11365902581868549, "gamma": 0.03752459875973424, "lamda": 0.12658616511846316}, "datetime": {"datetime": "2021-09-24 08:46:12", "elapsed": 245.455297, "delta": 1.203156}}
{"target": 0.8906436177648571, "params": {"C": 1695.9802005030547, "epsilon": 0.2098862450273653, "gamma": 0.01269391680920132, "lamda": 0.2258706608179359}, "datetime": {"datetime": "2021-09-24 08:46:14", "elapsed": 246.887491, "delta": 1.432194}}
{"target": 0.917678028927925, "params": {"C": 1657.9108975966296, "epsilon": 0.0540710677568271, "gamma": 0.017362503087428198, "lamda": 0.06145031822751881}, "datetime": {"datetime": "2021-09-24 08:46:15", "elapsed": 248.792134, "delta": 1.904643}}
{"target": 0.9110641721290924, "params": {"C": 1783.2504946107108, "epsilon": 0.5735154209906408, "gamma": 0.02973259303678314, "lamda": 0.11971657020548479}, "datetime": {"datetime": "2021-09-24 08:46:17", "elapsed": 250.761536, "delta": 1.969402}}
{"target": 0.9262678982602874, "params": {"C": 1764.929491699185, "epsilon": 0.09040427654978425, "gamma": 0.05039635823961278, "lamda": 0.10507787843465241}, "datetime": {"datetime": "2021-09-24 08:46:19", "elapsed": 252.278501, "delta": 1.516965}}
{"target": 0.9286541271931897, "params": {"C": 1623.9667486167496, "epsilon": 0.1767687652360163, "gamma": 0.04249709049211228, "lamda": 0.03431597876906022}, "datetime": {"datetime": "2021-09-24 08:46:20", "elapsed": 253.845878, "delta": 1.567377}}
{"target": 0.9273780004240444, "params": {"C": 1624.0172545669084, "epsilon": 0.19595394262943192, "gamma": 0.0377131802679695, "lamda": 0.07771529883024396}, "datetime": {"datetime": "2021-09-24 08:46:23", "elapsed": 256.370996, "delta": 2.525118}}
{"target": 0.9182853301319771, "params": {"C": 1729.3244612633855, "epsilon": 0.05440193053448454, "gamma": 0.06395510244580037, "lamda": 0.36972388746671686}, "datetime": {"datetime": "2021-09-24 08:46:25", "elapsed": 258.052135, "delta": 1.681139}}
{"target": 0.8953995863536954, "params": {"C": 1682.3674600067484, "epsilon": 0.988027579060858, "gamma": 0.031209914705645617, "lamda": 0.20730164403035167}, "datetime": {"datetime": "2021-09-24 08:46:26", "elapsed": 259.518178, "delta": 1.466043}}
{"target": 0.9240464719591931, "params": {"C": 1737.2677992464553, "epsilon": 0.03948706927936475, "gamma": 0.05390638540087062, "lamda": 0.21798799004089958}, "datetime": {"datetime": "2021-09-24 08:46:28", "elapsed": 261.315409, "delta": 1.797231}}
{"target": 0.9007621632875855, "params": {"C": 1638.4668329228557, "epsilon": 0.7766485902509939, "gamma": 0.01, "lamda": 0.006230188532399518}, "datetime": {"datetime": "2021-09-24 08:46:30", "elapsed": 263.277367, "delta": 1.961958}}
{"target": 0.9246034382311968, "params": {"C": 1730.3761280012645, "epsilon": 0.12181897220514208, "gamma": 0.0484644552773423, "lamda": 0.044982346922715105}, "datetime": {"datetime": "2021-09-24 08:46:32", "elapsed": 265.129624, "delta": 1.852257}}
{"target": 0.9244069204172851, "params": {"C": 1657.9384701738113, "epsilon": 0.2089919012596442, "gamma": 0.053988017767866985, "lamda": 0.07513603423255644}, "datetime": {"datetime": "2021-09-24 08:46:34", "elapsed": 267.328884, "delta": 2.19926}}
{"target": 0.9184680203985673, "params": {"C": 1764.8804738482452, "epsilon": 0.043895820419686205, "gamma": 0.06324651468162282, "lamda": 0.18920265769071146}, "datetime": {"datetime": "2021-09-24 08:46:36", "elapsed": 269.118934, "delta": 1.79005}}
{"target": 0.90832001534054, "params": {"C": 1638.2530899475871, "epsilon": 0.2832461377809995, "gamma": 0.018288766606930858, "lamda": 0.1016419317691524}, "datetime": {"datetime": "2021-09-24 08:46:37", "elapsed": 270.737146, "delta": 1.618212}}
