{"target": 0.9174910334288813, "params": {"C": 1040.817513250519, "epsilon": 0.32433525242429034, "gamma": 0.07343933931163582, "lamda": 0.07280300086824755}, "datetime": {"datetime": "2021-09-23 11:49:56", "elapsed": 303.716642, "delta": 1.368313}}
{"target": 0.9180707524162246, "params": {"C": 992.507425030332, "epsilon": 0.3158765529891189, "gamma": 0.06596412858036818, "lamda": 0.04761821545940731}, "datetime": {"datetime": "2021-09-23 11:49:57", "elapsed": 305.044442, "delta": 1.3278}}
{"target": 0.8976114673537818, "params": {"C": 1033.6841824462897, "epsilon": 0.07579079354818789, "gamma": 0.09652466291801456, "lamda": 0.07761256671932223}, "datetime": {"datetime": "2021-09-23 11:49:58", "elapsed": 306.510441, "delta": 1.465999}}
{"target": 0.9146849825387601, "params": {"C": 1149.9675098672722, "epsilon": 0.3065262161672765, "gamma": 0.08455432653512204, "lamda": 0.1183839309742476}, "datetime": {"datetime": "2021-09-23 11:50:00", "elapsed": 308.006809, "delta": 1.496368}}
{"target": 0.9181341363802595, "params": {"C": 1182.9030970286337, "epsilon": 0.22625290471021026, "gamma": 0.06889425402694857, "lamda": 0.07413713022839058}, "datetime": {"datetime": "2021-09-23 11:50:02", "elapsed": 310.3396, "delta": 2.332791}}
{"target": 0.9119906152464118, "params": {"C": 1031.0085903344975, "epsilon": 0.1646065835278081, "gamma": 0.09700711578805246, "lamda": 0.11574612718744319}, "datetime": {"datetime": "2021-09-23 11:50:05", "elapsed": 312.800649, "delta": 2.461049}}
{"target": 0.9141973508082297, "params": {"C": 1062.1987242222583, "epsilon": 0.31081815005437025, "gamma": 0.0870526302396066, "lamda": 0.11967898771440492}, "datetime": {"datetime": "2021-09-23 11:50:06", "elapsed": 314.455645, "delta": 1.654996}}
{"target": 0.9130732912797507, "params": {"C": 1080.7884201984828, "epsilon": 0.13596335357640293, "gamma": 0.08762125283387125, "lamda": 0.09991298247309177}, "datetime": {"datetime": "2021-09-23 11:50:08", "elapsed": 316.012833, "delta": 1.557188}}
{"target": 0.9135891978184405, "params": {"C": 1060.9269201830152, "epsilon": 0.11565117966962393, "gamma": 0.09062905729897289, "lamda": 0.1502431185978793}, "datetime": {"datetime": "2021-09-23 11:50:10", "elapsed": 318.330533, "delta": 2.3177}}
{"target": 0.9159778526141144, "params": {"C": 1182.873846522458, "epsilon": 0.2446319194182522, "gamma": 0.0840361441212766, "lamda": 0.09505563282481014}, "datetime": {"datetime": "2021-09-23 11:50:12", "elapsed": 320.48476, "delta": 2.154227}}
{"target": 0.9159107877112987, "params": {"C": 1056.339947860992, "epsilon": 0.2983241947953151, "gamma": 0.06840837961913082, "lamda": 0.1164457021443831}, "datetime": {"datetime": "2021-09-23 11:50:14", "elapsed": 322.078758, "delta": 1.593998}}
{"target": 0.9164615086600637, "params": {"C": 1124.5169775502611, "epsilon": 0.13894054260745395, "gamma": 0.05363284953031408, "lamda": 0.1571494013164565}, "datetime": {"datetime": "2021-09-23 11:50:16", "elapsed": 323.773265, "delta": 1.694507}}
{"target": 0.9144980269403653, "params": {"C": 1060.9048978750848, "epsilon": 0.15474726748128034, "gamma": 0.08433362093597785, "lamda": 0.0937230337691141}, "datetime": {"datetime": "2021-09-23 11:50:18", "elapsed": 326.501266, "delta": 2.728001}}
{"target": 0.9168622659309106, "params": {"C": 1124.7658677975292, "epsilon": 0.1487395790461198, "gamma": 0.05, "lamda": 0.10744775619330439}, "datetime": {"datetime": "2021-09-23 11:50:21", "elapsed": 328.645262, "delta": 2.143996}}
{"target": 0.9157086060070573, "params": {"C": 1198.099623316441, "epsilon": 0.19391253838389677, "gamma": 0.08350191590409281, "lamda": 0.09492532442366465}, "datetime": {"datetime": "2021-09-23 11:50:22", "elapsed": 330.209264, "delta": 1.564002}}
{"target": 0.9161455046207629, "params": {"C": 1012.58812980923, "epsilon": 0.1238738618358698, "gamma": 0.05, "lamda": 0.0764211853099248}, "datetime": {"datetime": "2021-09-23 11:50:24", "elapsed": 332.396264, "delta": 2.187}}
{"target": 0.9157394553281841, "params": {"C": 1002.6279204355073, "epsilon": 0.17233657698124688, "gamma": 0.08328339245332517, "lamda": 0.16834716633108227}, "datetime": {"datetime": "2021-09-23 11:50:26", "elapsed": 333.965032, "delta": 1.568768}}
{"target": 0.9164094559713644, "params": {"C": 1056.9070471688508, "epsilon": 0.1687484161516506, "gamma": 0.08001404965789079, "lamda": 0.16214739146576024}, "datetime": {"datetime": "2021-09-23 11:50:28", "elapsed": 335.671525, "delta": 1.706493}}
{"target": 0.9131183757706272, "params": {"C": 992.4864890310257, "epsilon": 0.30491458579661346, "gamma": 0.09506594193299404, "lamda": 0.07876027719254658}, "datetime": {"datetime": "2021-09-23 11:50:30", "elapsed": 338.264681, "delta": 2.593156}}
{"target": 0.9113776965353142, "params": {"C": 1064.296698466769, "epsilon": 0.23798068294264096, "gamma": 0.09545978345900498, "lamda": 0.0662956849867388}, "datetime": {"datetime": "2021-09-23 11:50:32", "elapsed": 339.932225, "delta": 1.667544}}
{"target": 0.9111665377500718, "params": {"C": 1178.25159470593, "epsilon": 0.2796926124607937, "gamma": 0.09979059786657503, "lamda": 0.07087024700293869}, "datetime": {"datetime": "2021-09-23 11:50:34", "elapsed": 342.364526, "delta": 2.432301}}
{"target": 0.9172973350770265, "params": {"C": 1183.549767328449, "epsilon": 0.20406435455174926, "gamma": 0.0655909270341538, "lamda": 0.12954872615279966}, "datetime": {"datetime": "2021-09-23 11:50:37", "elapsed": 345.25397, "delta": 2.889444}}
{"target": 0.9137174964479894, "params": {"C": 1054.9983582360362, "epsilon": 0.2987920835916089, "gamma": 0.05162267508421825, "lamda": 0.1004406440449383}, "datetime": {"datetime": "2021-09-23 11:50:39", "elapsed": 347.019377, "delta": 1.765407}}
{"target": 0.9182334156116567, "params": {"C": 1182.9393837059806, "epsilon": 0.19273896430794718, "gamma": 0.06537043783965149, "lamda": 0.07508448564700405}, "datetime": {"datetime": "2021-09-23 11:50:41", "elapsed": 349.047034, "delta": 2.027657}}
{"target": 0.9168456156616523, "params": {"C": 1005.0448562907181, "epsilon": 0.1643060756430439, "gamma": 0.0556513907320475, "lamda": 0.1356096253707345}, "datetime": {"datetime": "2021-09-23 11:50:43", "elapsed": 350.736377, "delta": 1.689343}}
{"target": 0.9155774588161038, "params": {"C": 1183.5886040860144, "epsilon": 0.18866819012470817, "gamma": 0.05, "lamda": 0.11138931258020737}, "datetime": {"datetime": "2021-09-23 11:50:45", "elapsed": 352.894511, "delta": 2.158134}}
{"target": 0.9170499515434712, "params": {"C": 998.1057061058622, "epsilon": 0.16025013482286327, "gamma": 0.0590332814710301, "lamda": 0.1508810967397728}, "datetime": {"datetime": "2021-09-23 11:50:46", "elapsed": 354.360449, "delta": 1.465938}}
{"target": 0.9169952902892315, "params": {"C": 1058.6050187503265, "epsilon": 0.2041016703510592, "gamma": 0.06236670229443382, "lamda": 0.13033722270660275}, "datetime": {"datetime": "2021-09-23 11:50:48", "elapsed": 355.986764, "delta": 1.626315}}
{"target": 0.9177107113401298, "params": {"C": 1182.9225948394203, "epsilon": 0.18797181760528864, "gamma": 0.07297531213891541, "lamda": 0.11913139345629974}, "datetime": {"datetime": "2021-09-23 11:50:50", "elapsed": 358.527271, "delta": 2.540507}}
{"target": 0.9173304585045522, "params": {"C": 1114.051320937798, "epsilon": 0.2634101489764208, "gamma": 0.06029882166365805, "lamda": 0.08982570501490665}, "datetime": {"datetime": "2021-09-23 11:50:52", "elapsed": 360.182841, "delta": 1.65557}}
{"target": 0.9161052682155811, "params": {"C": 1199.446490985928, "epsilon": 0.30746283993668844, "gamma": 0.07780961236405522, "lamda": 0.10409778840754944}, "datetime": {"datetime": "2021-09-23 11:50:54", "elapsed": 361.750193, "delta": 1.567352}}
{"target": 0.9131505495065197, "params": {"C": 1182.815797860602, "epsilon": 0.21053953796462851, "gamma": 0.09408453645970948, "lamda": 0.09735039122892811}, "datetime": {"datetime": "2021-09-23 11:50:56", "elapsed": 364.269204, "delta": 2.519011}}
{"target": 0.9179072692841749, "params": {"C": 1149.5506667002242, "epsilon": 0.33516000074663527, "gamma": 0.05893363868094757, "lamda": 0.05569022188971545}, "datetime": {"datetime": "2021-09-23 11:50:58", "elapsed": 365.804105, "delta": 1.534901}}
{"target": 0.9169966538644594, "params": {"C": 1158.9800212807727, "epsilon": 0.11809378573637462, "gamma": 0.05, "lamda": 0.13171474028266167}, "datetime": {"datetime": "2021-09-23 11:51:00", "elapsed": 368.489009, "delta": 2.684904}}
{"target": 0.9093900017311864, "params": {"C": 1136.6384347722471, "epsilon": 0.15930656552029504, "gamma": 0.07781934731779407, "lamda": 0.04744371495623691}, "datetime": {"datetime": "2021-09-23 11:51:03", "elapsed": 370.966183, "delta": 2.477174}}
{"target": 0.9147507203467429, "params": {"C": 1131.7542003779165, "epsilon": 0.27971861737297204, "gamma": 0.08744927587515836, "lamda": 0.11569918568193333}, "datetime": {"datetime": "2021-09-23 11:51:04", "elapsed": 372.544518, "delta": 1.578335}}
{"target": 0.9173086583283765, "params": {"C": 1186.131196642327, "epsilon": 0.11029448943906464, "gamma": 0.050964493351647405, "lamda": 0.1385826447685145}, "datetime": {"datetime": "2021-09-23 11:51:06", "elapsed": 374.161908, "delta": 1.61739}}
{"target": 0.9159670070200643, "params": {"C": 999.1488548308469, "epsilon": 0.24272998975175944, "gamma": 0.06357279126058848, "lamda": 0.13350211383855087}, "datetime": {"datetime": "2021-09-23 11:51:08", "elapsed": 375.793561, "delta": 1.631653}}
{"target": 0.9153569545220175, "params": {"C": 1182.944825749702, "epsilon": 0.24531856249549955, "gamma": 0.05611782411479729, "lamda": 0.11886476590893393}, "datetime": {"datetime": "2021-09-23 11:51:10", "elapsed": 378.227591, "delta": 2.43403}}
{"target": 0.9183536942201058, "params": {"C": 1031.0094385090697, "epsilon": 0.22864500106929783, "gamma": 0.06253947257408221, "lamda": 0.07927861967789863}, "datetime": {"datetime": "2021-09-23 11:51:12", "elapsed": 380.331067, "delta": 2.103476}}
{"target": 0.9151579197100078, "params": {"C": 1089.0938292152987, "epsilon": 0.29659565990241227, "gamma": 0.08728278454251556, "lamda": 0.09255335618165592}, "datetime": {"datetime": "2021-09-23 11:51:14", "elapsed": 382.048788, "delta": 1.717721}}
{"target": 0.9117452103873184, "params": {"C": 1031.0281245087533, "epsilon": 0.23370432366561428, "gamma": 0.09769778211804077, "lamda": 0.08211501929626895}, "datetime": {"datetime": "2021-09-23 11:51:16", "elapsed": 383.924144, "delta": 1.875356}}
{"target": 0.9174666656262358, "params": {"C": 1030.4014370005536, "epsilon": 0.24546723121661015, "gamma": 0.07438104149161551, "lamda": 0.09559640565811081}, "datetime": {"datetime": "2021-09-23 11:51:18", "elapsed": 385.681949, "delta": 1.757805}}
{"target": 0.9136822934315233, "params": {"C": 1014.0501999924142, "epsilon": 0.1399868723898228, "gamma": 0.06346906964552478, "lamda": 0.04846491890290755}, "datetime": {"datetime": "2021-09-23 11:51:19", "elapsed": 387.352612, "delta": 1.670663}}
{"target": 0.9155858263791962, "params": {"C": 1150.3732384469204, "epsilon": 0.15561624505325092, "gamma": 0.05, "lamda": 0.13447349959670052}, "datetime": {"datetime": "2021-09-23 11:51:22", "elapsed": 389.735744, "delta": 2.383132}}
{"target": 0.9161143671794101, "params": {"C": 1046.4223102490334, "epsilon": 0.22416505011158858, "gamma": 0.08342987301973391, "lamda": 0.10091701481832366}, "datetime": {"datetime": "2021-09-23 11:51:23", "elapsed": 391.270159, "delta": 1.534415}}
{"target": 0.9174697647680847, "params": {"C": 1000.4719415331834, "epsilon": 0.29903899555079655, "gamma": 0.07131632209826406, "lamda": 0.08465811299236789}, "datetime": {"datetime": "2021-09-23 11:51:25", "elapsed": 392.891136, "delta": 1.620977}}
{"target": 0.9180745760239915, "params": {"C": 1182.8925296727239, "epsilon": 0.14216926493378465, "gamma": 0.055123668062791176, "lamda": 0.10573991953559374}, "datetime": {"datetime": "2021-09-23 11:51:28", "elapsed": 395.896404, "delta": 3.005268}}
{"target": 0.91748864102695, "params": {"C": 1195.782745377375, "epsilon": 0.19349319123000225, "gamma": 0.06879496218512049, "lamda": 0.13419732775964677}, "datetime": {"datetime": "2021-09-23 11:51:29", "elapsed": 397.470553, "delta": 1.574149}}
{"target": 0.9182399745104475, "params": {"C": 1051.5994999203738, "epsilon": 0.22574558692375116, "gamma": 0.061136872448762244, "lamda": 0.08283251368179342}, "datetime": {"datetime": "2021-09-23 11:51:31", "elapsed": 399.173203, "delta": 1.70265}}
{"target": 0.9177434183468012, "params": {"C": 1136.7063862345055, "epsilon": 0.148398155011896, "gamma": 0.06849072242960547, "lamda": 0.09018068514352114}, "datetime": {"datetime": "2021-09-23 11:51:34", "elapsed": 402.071942, "delta": 2.898739}}
{"target": 0.9162879229615666, "params": {"C": 1115.2315837975227, "epsilon": 0.2546002623824959, "gamma": 0.060553855146871165, "lamda": 0.11418173119039636}, "datetime": {"datetime": "2021-09-23 11:51:36", "elapsed": 403.760561, "delta": 1.688619}}
{"target": 0.9178595822334374, "params": {"C": 1131.775372632616, "epsilon": 0.2020625136535818, "gamma": 0.05535963796360079, "lamda": 0.08207857635109275}, "datetime": {"datetime": "2021-09-23 11:51:37", "elapsed": 405.417473, "delta": 1.656912}}
{"target": 0.916337609701698, "params": {"C": 1079.0083496500067, "epsilon": 0.3230075866746661, "gamma": 0.0806670325773158, "lamda": 0.08430015971569287}, "datetime": {"datetime": "2021-09-23 11:51:39", "elapsed": 407.066624, "delta": 1.649151}}
{"target": 0.915432850299225, "params": {"C": 1182.8189309958411, "epsilon": 0.16934832413148354, "gamma": 0.052938935273916285, "lamda": 0.14802821406954775}, "datetime": {"datetime": "2021-09-23 11:51:42", "elapsed": 410.262686, "delta": 3.196062}}
{"target": 0.9153084591059417, "params": {"C": 1005.3960516144123, "epsilon": 0.20114812254686407, "gamma": 0.08521496718416985, "lamda": 0.15064637529398495}, "datetime": {"datetime": "2021-09-23 11:51:45", "elapsed": 412.861649, "delta": 2.598963}}
{"target": 0.9152653220148643, "params": {"C": 1122.7160441780925, "epsilon": 0.17151341755965982, "gamma": 0.0862415181927616, "lamda": 0.11747206854873424}, "datetime": {"datetime": "2021-09-23 11:51:47", "elapsed": 415.095601, "delta": 2.233952}}
{"target": 0.9115663501724941, "params": {"C": 995.0126082329122, "epsilon": 0.27444139687912583, "gamma": 0.05600098809478258, "lamda": 0.16362964379562922}, "datetime": {"datetime": "2021-09-23 11:51:49", "elapsed": 416.815483, "delta": 1.719882}}
{"target": 0.916245545407478, "params": {"C": 1031.0233002397806, "epsilon": 0.18152630576950687, "gamma": 0.05494691324771281, "lamda": 0.04677053803392085}, "datetime": {"datetime": "2021-09-23 11:51:51", "elapsed": 418.845357, "delta": 2.029874}}
{"target": 0.9129456729540759, "params": {"C": 1049.8270733751951, "epsilon": 0.3328611346363272, "gamma": 0.09582235112858738, "lamda": 0.07751753248401305}, "datetime": {"datetime": "2021-09-23 11:51:53", "elapsed": 420.868314, "delta": 2.022957}}
{"target": 0.9168512744331617, "params": {"C": 1136.665850458887, "epsilon": 0.17975646776478382, "gamma": 0.05329177285646553, "lamda": 0.11056526665371975}, "datetime": {"datetime": "2021-09-23 11:51:55", "elapsed": 423.349689, "delta": 2.481375}}
{"target": 0.9175942360898132, "params": {"C": 1181.140079671037, "epsilon": 0.1368180649012819, "gamma": 0.07172550616378845, "lamda": 0.10638677455114996}, "datetime": {"datetime": "2021-09-23 11:51:57", "elapsed": 424.961752, "delta": 1.612063}}
{"target": 0.9113439874299009, "params": {"C": 1161.0575698789391, "epsilon": 0.33118065151300285, "gamma": 0.056026849590951604, "lamda": 0.13956970597389212}, "datetime": {"datetime": "2021-09-23 11:51:59", "elapsed": 426.949899, "delta": 1.988147}}
{"target": 0.918193530915187, "params": {"C": 1184.7802041528473, "epsilon": 0.1212328449697744, "gamma": 0.06204526936570637, "lamda": 0.16564457085744014}, "datetime": {"datetime": "2021-09-23 11:52:01", "elapsed": 428.797026, "delta": 1.847127}}
{"target": 0.9178084307618528, "params": {"C": 1112.548486768337, "epsilon": 0.14508213701031702, "gamma": 0.07145837277378948, "lamda": 0.1558996905915057}, "datetime": {"datetime": "2021-09-23 11:52:03", "elapsed": 431.241485, "delta": 2.444459}}
{"target": 0.9151942434535247, "params": {"C": 1043.8718569066295, "epsilon": 0.3379103028799311, "gamma": 0.05462223159909482, "lamda": 0.0834281502041939}, "datetime": {"datetime": "2021-09-23 11:52:06", "elapsed": 434.144354, "delta": 2.902869}}
{"target": 0.9174095017490072, "params": {"C": 1037.757976427874, "epsilon": 0.25950921447255315, "gamma": 0.06455121022435903, "lamda": 0.09812045979480419}, "datetime": {"datetime": "2021-09-23 11:52:08", "elapsed": 436.272506, "delta": 2.128152}}
{"target": 0.9128828062840141, "params": {"C": 1008.9031095135945, "epsilon": 0.289328138078663, "gamma": 0.08758136978226351, "lamda": 0.15833963566901488}, "datetime": {"datetime": "2021-09-23 11:52:11", "elapsed": 438.817003, "delta": 2.544497}}
{"target": 0.91162676454727, "params": {"C": 1061.5198428973995, "epsilon": 0.11723174149351559, "gamma": 0.09779173137169986, "lamda": 0.1583437738351546}, "datetime": {"datetime": "2021-09-23 11:52:13", "elapsed": 440.711674, "delta": 1.894671}}
{"target": 0.9180245757270065, "params": {"C": 1162.7090151890334, "epsilon": 0.2839061034967386, "gamma": 0.06362245165595626, "lamda": 0.07425871566124834}, "datetime": {"datetime": "2021-09-23 11:52:15", "elapsed": 443.029078, "delta": 2.317404}}
{"target": 0.9182901928063385, "params": {"C": 1030.952260260323, "epsilon": 0.19703491378167723, "gamma": 0.06074311080048842, "lamda": 0.06867452182161068}, "datetime": {"datetime": "2021-09-23 11:52:18", "elapsed": 445.709006, "delta": 2.679928}}
{"target": 0.9162803855332988, "params": {"C": 1044.6749482332314, "epsilon": 0.21939422823503052, "gamma": 0.057822607821167465, "lamda": 0.1222712020905212}, "datetime": {"datetime": "2021-09-23 11:52:19", "elapsed": 447.46903, "delta": 1.760024}}
{"target": 0.9158222828805409, "params": {"C": 1178.2335196984745, "epsilon": 0.21826486468917305, "gamma": 0.05125948696580677, "lamda": 0.0993018625641386}, "datetime": {"datetime": "2021-09-23 11:52:22", "elapsed": 449.821004, "delta": 2.351974}}
{"target": 0.9176549373159161, "params": {"C": 1135.9035961232871, "epsilon": 0.14737769724055308, "gamma": 0.07460263782686198, "lamda": 0.13364929177178514}, "datetime": {"datetime": "2021-09-23 11:52:24", "elapsed": 451.664998, "delta": 1.843994}}
{"target": 0.9174470748253123, "params": {"C": 1070.9798240701696, "epsilon": 0.2828492127269355, "gamma": 0.06946598087798966, "lamda": 0.04850396236989639}, "datetime": {"datetime": "2021-09-23 11:52:25", "elapsed": 453.456998, "delta": 1.792}}
{"target": 0.9128286185089256, "params": {"C": 1012.1579603567413, "epsilon": 0.31621650196159323, "gamma": 0.09469112910556521, "lamda": 0.11626135182584602}, "datetime": {"datetime": "2021-09-23 11:52:27", "elapsed": 455.271, "delta": 1.814002}}
{"target": 0.9150549112877393, "params": {"C": 1030.920159004795, "epsilon": 0.21725347559575142, "gamma": 0.0506949216158954, "lamda": 0.10967712803086538}, "datetime": {"datetime": "2021-09-23 11:52:30", "elapsed": 458.049999, "delta": 2.778999}}
{"target": 0.9161108464322023, "params": {"C": 1159.1187268408328, "epsilon": 0.189014233429959, "gamma": 0.07792651729777055, "lamda": 0.16644405684379138}, "datetime": {"datetime": "2021-09-23 11:52:32", "elapsed": 459.869001, "delta": 1.819002}}
{"target": 0.9174881767779495, "params": {"C": 1124.812470798219, "epsilon": 0.14138460767579497, "gamma": 0.051580970204731263, "lamda": 0.1027827669660881}, "datetime": {"datetime": "2021-09-23 11:52:34", "elapsed": 462.606999, "delta": 2.737998}}
{"target": 0.9138300416762051, "params": {"C": 1145.2121922079857, "epsilon": 0.30099388912095154, "gamma": 0.08925209845670354, "lamda": 0.1238258764627261}, "datetime": {"datetime": "2021-09-23 11:52:36", "elapsed": 464.296043, "delta": 1.689044}}
{"target": 0.9172248741727781, "params": {"C": 1060.964876464654, "epsilon": 0.11902952443895044, "gamma": 0.05, "lamda": 0.11820443927959016}, "datetime": {"datetime": "2021-09-23 11:52:39", "elapsed": 466.721998, "delta": 2.425955}}
{"target": 0.9167466938965895, "params": {"C": 1072.2261335740945, "epsilon": 0.1398208811842172, "gamma": 0.051839841112532085, "lamda": 0.13446662543318602}, "datetime": {"datetime": "2021-09-23 11:52:40", "elapsed": 468.43859, "delta": 1.716592}}
{"target": 0.9040068879542202, "params": {"C": 1102.5128329113961, "epsilon": 0.07178580958796639, "gamma": 0.09741586381592443, "lamda": 0.11550979932187176}, "datetime": {"datetime": "2021-09-23 11:52:42", "elapsed": 470.390202, "delta": 1.951612}}
{"target": 0.9121318734771953, "params": {"C": 1182.9105098184752, "epsilon": 0.15114103566090326, "gamma": 0.09296031430819884, "lamda": 0.10100857865928985}, "datetime": {"datetime": "2021-09-23 11:52:45", "elapsed": 472.686153, "delta": 2.295951}}
{"target": 0.9128313450267417, "params": {"C": 1304.2641286533492, "epsilon": 0.07560302632703841, "gamma": 0.08168241174631377, "lamda": 0.1386004853173265}, "datetime": {"datetime": "2021-09-23 11:54:57", "elapsed": 0.0, "delta": 0.0}}
{"target": 0.9182865009379152, "params": {"C": 1249.701402460518, "epsilon": 0.13069509429332887, "gamma": 0.0599031432379812, "lamda": 0.14006633902486984}, "datetime": {"datetime": "2021-09-23 11:54:57", "elapsed": 0.315002, "delta": 0.315002}}
{"target": 0.9149003819245267, "params": {"C": 1183.8221673125072, "epsilon": 0.09385174982698277, "gamma": 0.08426799091838987, "lamda": 0.16417416827436707}, "datetime": {"datetime": "2021-09-23 11:54:57", "elapsed": 0.626002, "delta": 0.311}}
{"target": 0.9144059929887721, "params": {"C": 1150.789653265583, "epsilon": 0.2082919111141597, "gamma": 0.09063104808260568, "lamda": 0.12156575835367352}, "datetime": {"datetime": "2021-09-23 11:54:58", "elapsed": 0.979999, "delta": 0.353997}}
