{"target": 0.9148330923244999, "params": {"C": 356.8858418612866, "epsilon": 0.0879159968961073, "gamma": 0.08440897034762286, "lamda": 0.1572787345416714}, "datetime": {"datetime": "2021-09-23 10:36:30", "elapsed": 15.629028, "delta": 0.436002}}
{"target": 0.9155500630586272, "params": {"C": 303.73614110639477, "epsilon": 0.31409436517635064, "gamma": 0.08034623866945201, "lamda": 0.056895672695092325}, "datetime": {"datetime": "2021-09-23 10:36:30", "elapsed": 16.090035, "delta": 0.461007}}
{"target": 0.9143346055510617, "params": {"C": 298.44166187923065, "epsilon": 0.28416029909668233, "gamma": 0.08779248533311666, "lamda": 0.0740055087122167}, "datetime": {"datetime": "2021-09-23 10:36:31", "elapsed": 16.52703, "delta": 0.436995}}
{"target": 0.9152721226152507, "params": {"C": 333.698550322635, "epsilon": 0.1539820953975074, "gamma": 0.07924202232496654, "lamda": 0.07276337501405983}, "datetime": {"datetime": "2021-09-23 10:36:31", "elapsed": 17.082027, "delta": 0.554997}}
{"target": 0.913554761708021, "params": {"C": 343.75528309533985, "epsilon": 0.0905666254751626, "gamma": 0.08171436579058233, "lamda": 0.08815192594542853}, "datetime": {"datetime": "2021-09-23 10:36:32", "elapsed": 17.612031, "delta": 0.530004}}
{"target": 0.9155373792445654, "params": {"C": 351.2090177905361, "epsilon": 0.21560398947280907, "gamma": 0.08280836919039333, "lamda": 0.08698185466465753}, "datetime": {"datetime": "2021-09-23 10:36:32", "elapsed": 18.064026, "delta": 0.451995}}
{"target": 0.9159396189054348, "params": {"C": 381.36067645697267, "epsilon": 0.2630094302576159, "gamma": 0.08279721268066649, "lamda": 0.08054459962861632}, "datetime": {"datetime": "2021-09-23 10:36:33", "elapsed": 18.518031, "delta": 0.454005}}
{"target": 0.915988043184311, "params": {"C": 326.7032992488653, "epsilon": 0.2884339198226108, "gamma": 0.06900104908861099, "lamda": 0.064345552270919}, "datetime": {"datetime": "2021-09-23 10:36:33", "elapsed": 19.079031, "delta": 0.561}}
{"target": 0.9159037977827132, "params": {"C": 292.94079471235915, "epsilon": 0.12964360247091222, "gamma": 0.07637849174458838, "lamda": 0.1104836625621565}, "datetime": {"datetime": "2021-09-23 10:36:34", "elapsed": 19.583031, "delta": 0.504}}
{"target": 0.915015893696866, "params": {"C": 300.45410402159854, "epsilon": 0.24111555891184108, "gamma": 0.08398907760034718, "lamda": 0.11464656951366803}, "datetime": {"datetime": "2021-09-23 10:36:34", "elapsed": 20.026029, "delta": 0.442998}}
{"target": 0.9138100958879751, "params": {"C": 364.0892003629514, "epsilon": 0.08272744688369119, "gamma": 0.07952422210059837, "lamda": 0.09364615568981839}, "datetime": {"datetime": "2021-09-23 10:36:35", "elapsed": 20.618131, "delta": 0.592102}}
{"target": 0.9124279564541483, "params": {"C": 356.57923425610096, "epsilon": 0.08031846596431336, "gamma": 0.08735833158040761, "lamda": 0.11523591197067523}, "datetime": {"datetime": "2021-09-23 10:36:36", "elapsed": 21.138126, "delta": 0.519995}}
{"target": 0.9128898362156004, "params": {"C": 290.79331315438264, "epsilon": 0.335433080632579, "gamma": 0.07988551122223828, "lamda": 0.1536629250802975}, "datetime": {"datetime": "2021-09-23 10:36:36", "elapsed": 21.620124, "delta": 0.481998}}
{"target": 0.9157610739808231, "params": {"C": 310.74211899021014, "epsilon": 0.2833959630065589, "gamma": 0.07864216564069638, "lamda": 0.06794533040834634}, "datetime": {"datetime": "2021-09-23 10:36:37", "elapsed": 22.131131, "delta": 0.511007}}
{"target": 0.914854287404498, "params": {"C": 302.1779162230046, "epsilon": 0.23093255210761204, "gamma": 0.06539497641709688, "lamda": 0.11681552413766536}, "datetime": {"datetime": "2021-09-23 10:36:37", "elapsed": 22.656896, "delta": 0.525765}}
{"target": 0.9154553198946623, "params": {"C": 358.39577668779395, "epsilon": 0.3084990813596657, "gamma": 0.06552154678762563, "lamda": 0.10350090255381734}, "datetime": {"datetime": "2021-09-23 10:36:38", "elapsed": 23.156904, "delta": 0.500008}}
{"target": 0.9160518537028146, "params": {"C": 395.691332100518, "epsilon": 0.2600503168318036, "gamma": 0.06829628607584672, "lamda": 0.12759844154975647}, "datetime": {"datetime": "2021-09-23 10:36:38", "elapsed": 23.660897, "delta": 0.503993}}
{"target": 0.9145351747567821, "params": {"C": 373.6316306623876, "epsilon": 0.33637093061764906, "gamma": 0.06851127251899132, "lamda": 0.1262806580339483}, "datetime": {"datetime": "2021-09-23 10:36:39", "elapsed": 24.197902, "delta": 0.537005}}
{"target": 0.9163724269504909, "params": {"C": 338.1020397878351, "epsilon": 0.15841975424013643, "gamma": 0.07256346851425081, "lamda": 0.0888905967412194}, "datetime": {"datetime": "2021-09-23 10:36:39", "elapsed": 24.680072, "delta": 0.48217}}
{"target": 0.9155548041086011, "params": {"C": 289.1351805463157, "epsilon": 0.21102564584329733, "gamma": 0.07489426677057458, "lamda": 0.1051082886920245}, "datetime": {"datetime": "2021-09-23 10:36:40", "elapsed": 25.177071, "delta": 0.496999}}
{"target": 0.9123007153528921, "params": {"C": 323.07880994878957, "epsilon": 0.07160378506406416, "gamma": 0.0852982763420113, "lamda": 0.10190275140127131}, "datetime": {"datetime": "2021-09-23 10:36:40", "elapsed": 25.716099, "delta": 0.539028}}
{"target": 0.9143262220166024, "params": {"C": 307.95026047183393, "epsilon": 0.2675969008003216, "gamma": 0.06528825120075198, "lamda": 0.1306520368754834}, "datetime": {"datetime": "2021-09-23 10:36:41", "elapsed": 26.232091, "delta": 0.515992}}
{"target": 0.9148265752648628, "params": {"C": 391.99104339206644, "epsilon": 0.08784067497699434, "gamma": 0.07892990029011605, "lamda": 0.11117592825959115}, "datetime": {"datetime": "2021-09-23 10:36:41", "elapsed": 26.72723, "delta": 0.495139}}
{"target": 0.9151690275757005, "params": {"C": 372.02171971380676, "epsilon": 0.2698606912948682, "gamma": 0.0827064609690141, "lamda": 0.052545891887369606}, "datetime": {"datetime": "2021-09-23 10:36:42", "elapsed": 27.275857, "delta": 0.548627}}
{"target": 0.9137221651344256, "params": {"C": 292.00772316245576, "epsilon": 0.1268994261275475, "gamma": 0.0887536736823188, "lamda": 0.10640030291604893}, "datetime": {"datetime": "2021-09-23 10:36:42", "elapsed": 27.835855, "delta": 0.559998}}
{"target": 0.9164888252118827, "params": {"C": 372.30566162747823, "epsilon": 0.12070329480931329, "gamma": 0.06872311700834842, "lamda": 0.13418519351447114}, "datetime": {"datetime": "2021-09-23 10:36:43", "elapsed": 28.355523, "delta": 0.519668}}
{"target": 0.9147095056170819, "params": {"C": 371.6293181351969, "epsilon": 0.17745007071717678, "gamma": 0.08432620916099101, "lamda": 0.07400786352430087}, "datetime": {"datetime": "2021-09-23 10:36:43", "elapsed": 28.858903, "delta": 0.50338}}
{"target": 0.9148825982324286, "params": {"C": 381.5054328534378, "epsilon": 0.13290108838787026, "gamma": 0.08779593889042805, "lamda": 0.15781402271794887}, "datetime": {"datetime": "2021-09-23 10:36:44", "elapsed": 29.365899, "delta": 0.506996}}
{"target": 0.912912240095587, "params": {"C": 293.0329705063541, "epsilon": 0.30341164472323656, "gamma": 0.06717965825346103, "lamda": 0.16042264551008031}, "datetime": {"datetime": "2021-09-23 10:36:44", "elapsed": 29.916902, "delta": 0.551003}}
{"target": 0.9150228328670356, "params": {"C": 330.5895071211187, "epsilon": 0.2758630205964383, "gamma": 0.08522532889049711, "lamda": 0.11192612353366724}, "datetime": {"datetime": "2021-09-23 10:36:45", "elapsed": 30.436521, "delta": 0.519619}}
{"target": 0.9144174254624222, "params": {"C": 351.2312424066088, "epsilon": 0.3186515073083901, "gamma": 0.06304194261083841, "lamda": 0.11687020026247447}, "datetime": {"datetime": "2021-09-23 10:36:45", "elapsed": 30.932073, "delta": 0.495552}}
{"target": 0.915439678143829, "params": {"C": 300.1271012030242, "epsilon": 0.3270804842588863, "gamma": 0.07581899935981035, "lamda": 0.09117320404159643}, "datetime": {"datetime": "2021-09-23 10:36:46", "elapsed": 31.474068, "delta": 0.541995}}
{"target": 0.9141667560345567, "params": {"C": 280.0052065011348, "epsilon": 0.3107624685101773, "gamma": 0.08838766229232745, "lamda": 0.08292931891724006}, "datetime": {"datetime": "2021-09-23 10:36:46", "elapsed": 32.013075, "delta": 0.539007}}
{"target": 0.9163553869143684, "params": {"C": 361.41640764162787, "epsilon": 0.11832136959704939, "gamma": 0.07252714812018893, "lamda": 0.10742898131284824}, "datetime": {"datetime": "2021-09-23 10:36:47", "elapsed": 32.582768, "delta": 0.569693}}
{"target": 0.9160551652506188, "params": {"C": 366.8992747296843, "epsilon": 0.14106790348726278, "gamma": 0.07970290057512039, "lamda": 0.1297800049506322}, "datetime": {"datetime": "2021-09-23 10:36:48", "elapsed": 33.130982, "delta": 0.548214}}
{"target": 0.9148835862645606, "params": {"C": 327.0340636495884, "epsilon": 0.07223077078267191, "gamma": 0.061361957038487826, "lamda": 0.12219428076686431}, "datetime": {"datetime": "2021-09-23 10:36:48", "elapsed": 33.700017, "delta": 0.569035}}
{"target": 0.9132584255932819, "params": {"C": 326.0180771278701, "epsilon": 0.24129187340872485, "gamma": 0.061041776354124624, "lamda": 0.16452235455102357}, "datetime": {"datetime": "2021-09-23 10:36:49", "elapsed": 34.230886, "delta": 0.530869}}
{"target": 0.9134920738086645, "params": {"C": 323.6532902256133, "epsilon": 0.2631499957800745, "gamma": 0.0632739326777727, "lamda": 0.1595317492224805}, "datetime": {"datetime": "2021-09-23 10:36:49", "elapsed": 34.762992, "delta": 0.532106}}
{"target": 0.9159530316790887, "params": {"C": 310.73334677889113, "epsilon": 0.22811307793637992, "gamma": 0.06779448064124917, "lamda": 0.06658278276220715}, "datetime": {"datetime": "2021-09-23 10:36:50", "elapsed": 35.338748, "delta": 0.575756}}
{"target": 0.9142036067483339, "params": {"C": 330.44738324290745, "epsilon": 0.10708719144619934, "gamma": 0.08806790100404466, "lamda": 0.16384313585612315}, "datetime": {"datetime": "2021-09-23 10:36:50", "elapsed": 35.906103, "delta": 0.567355}}
{"target": 0.9159162847884601, "params": {"C": 391.23739618046386, "epsilon": 0.32709610114745363, "gamma": 0.06259416419511515, "lamda": 0.0576875359841552}, "datetime": {"datetime": "2021-09-23 10:36:51", "elapsed": 36.454252, "delta": 0.548149}}
{"target": 0.915957972405163, "params": {"C": 331.7543839895413, "epsilon": 0.18592823924716378, "gamma": 0.06938780365113173, "lamda": 0.1366785406267596}, "datetime": {"datetime": "2021-09-23 10:36:52", "elapsed": 37.15438, "delta": 0.700128}}
{"target": 0.914895764540838, "params": {"C": 283.7364643265689, "epsilon": 0.2267624296126786, "gamma": 0.06268288853923613, "lamda": 0.07200991334554593}, "datetime": {"datetime": "2021-09-23 10:36:52", "elapsed": 37.821057, "delta": 0.666677}}
{"target": 0.9145282695658268, "params": {"C": 382.46498595813273, "epsilon": 0.3261653084634986, "gamma": 0.08418567308280368, "lamda": 0.11621513899359921}, "datetime": {"datetime": "2021-09-23 10:36:53", "elapsed": 38.446636, "delta": 0.625579}}
{"target": 0.9145496779541202, "params": {"C": 304.1928748229662, "epsilon": 0.1868612070074936, "gamma": 0.06378219463331539, "lamda": 0.14750544637971552}, "datetime": {"datetime": "2021-09-23 10:36:54", "elapsed": 39.160616, "delta": 0.71398}}
{"target": 0.9141946522778744, "params": {"C": 387.5897569234603, "epsilon": 0.2209243186951964, "gamma": 0.08924499976239189, "lamda": 0.15369726939733697}, "datetime": {"datetime": "2021-09-23 10:36:55", "elapsed": 40.117613, "delta": 0.956997}}
{"target": 0.914544977050515, "params": {"C": 311.6656528633764, "epsilon": 0.26714362548987086, "gamma": 0.0736359987299476, "lamda": 0.15533153730099253}, "datetime": {"datetime": "2021-09-23 10:36:55", "elapsed": 40.767279, "delta": 0.649666}}
{"target": 0.9153633643166951, "params": {"C": 381.27804613793273, "epsilon": 0.21722557419113125, "gamma": 0.06012023122568446, "lamda": 0.06590558344112482}, "datetime": {"datetime": "2021-09-23 10:36:56", "elapsed": 41.656277, "delta": 0.888998}}
{"target": 0.9138299327514333, "params": {"C": 359.37595788369777, "epsilon": 0.10120601256313803, "gamma": 0.08916870698740781, "lamda": 0.15312304357027767}, "datetime": {"datetime": "2021-09-23 10:36:57", "elapsed": 42.352803, "delta": 0.696526}}
{"target": 0.9148629016168068, "params": {"C": 302.99035425312104, "epsilon": 0.14107600874107967, "gamma": 0.08520064195746313, "lamda": 0.1072114405078654}, "datetime": {"datetime": "2021-09-23 10:36:58", "elapsed": 43.194047, "delta": 0.841244}}
{"target": 0.9152713722962025, "params": {"C": 326.7380143829244, "epsilon": 0.23408142354038328, "gamma": 0.06766400195429334, "lamda": 0.1349711646415548}, "datetime": {"datetime": "2021-09-23 10:36:58", "elapsed": 43.877044, "delta": 0.682997}}
{"target": 0.914430946693323, "params": {"C": 284.5536674206096, "epsilon": 0.3259327036636797, "gamma": 0.08663755383109668, "lamda": 0.04851389742571513}, "datetime": {"datetime": "2021-09-23 10:36:59", "elapsed": 44.451042, "delta": 0.573998}}
{"target": 0.915229862163229, "params": {"C": 291.8288618295515, "epsilon": 0.21691325216492047, "gamma": 0.07491969274025213, "lamda": 0.14034172653189533}, "datetime": {"datetime": "2021-09-23 10:36:59", "elapsed": 45.048335, "delta": 0.597293}}
{"target": 0.9158475794234658, "params": {"C": 387.5191927176313, "epsilon": 0.2420149875681371, "gamma": 0.0709994886166298, "lamda": 0.14534557427760225}, "datetime": {"datetime": "2021-09-23 10:37:00", "elapsed": 45.628667, "delta": 0.580332}}
{"target": 0.9167019550243919, "params": {"C": 398.0709361743787, "epsilon": 0.17550533014972602, "gamma": 0.07545191123399428, "lamda": 0.10032919713134633}, "datetime": {"datetime": "2021-09-23 10:37:01", "elapsed": 46.233352, "delta": 0.604685}}
{"target": 0.9161206585015103, "params": {"C": 371.05125764476793, "epsilon": 0.20747401783612418, "gamma": 0.06504618017993473, "lamda": 0.08664892935813681}, "datetime": {"datetime": "2021-09-23 10:37:01", "elapsed": 46.779628, "delta": 0.546276}}
{"target": 0.9153918023769351, "params": {"C": 338.6305306730232, "epsilon": 0.1890080826196146, "gamma": 0.0842340445286891, "lamda": 0.11631709188687399}, "datetime": {"datetime": "2021-09-23 10:37:02", "elapsed": 47.337536, "delta": 0.557908}}
{"target": 0.9141724744738913, "params": {"C": 351.61366479807765, "epsilon": 0.16137374928461967, "gamma": 0.08995115965647808, "lamda": 0.11791014370437124}, "datetime": {"datetime": "2021-09-23 10:37:02", "elapsed": 47.917538, "delta": 0.580002}}
{"target": 0.9153581329242826, "params": {"C": 301.0697514192037, "epsilon": 0.2237985081536834, "gamma": 0.06347608984482421, "lamda": 0.0562172309656616}, "datetime": {"datetime": "2021-09-23 10:37:03", "elapsed": 48.533688, "delta": 0.61615}}
{"target": 0.9146842561377238, "params": {"C": 384.2106118905985, "epsilon": 0.283196792816512, "gamma": 0.08524787369481272, "lamda": 0.12568849313060254}, "datetime": {"datetime": "2021-09-23 10:37:03", "elapsed": 49.093748, "delta": 0.56006}}
{"target": 0.9147129251138176, "params": {"C": 347.1089430698228, "epsilon": 0.13676322865517215, "gamma": 0.08789130576683843, "lamda": 0.15769223401695448}, "datetime": {"datetime": "2021-09-23 10:37:04", "elapsed": 49.764945, "delta": 0.671197}}
{"target": 0.9157196129241013, "params": {"C": 379.9377383301124, "epsilon": 0.323062482242973, "gamma": 0.06455004141590366, "lamda": 0.09481381680545667}, "datetime": {"datetime": "2021-09-23 10:37:05", "elapsed": 50.345526, "delta": 0.580581}}
{"target": 0.9117277836504156, "params": {"C": 359.40902725332495, "epsilon": 0.07479249391340297, "gamma": 0.07456102203764314, "lamda": 0.06104774322413187}, "datetime": {"datetime": "2021-09-23 10:37:05", "elapsed": 51.014416, "delta": 0.66889}}
{"target": 0.9144962753617834, "params": {"C": 289.03951028217637, "epsilon": 0.2123168139041356, "gamma": 0.0872937647470458, "lamda": 0.0800012694152168}, "datetime": {"datetime": "2021-09-23 10:37:06", "elapsed": 51.550721, "delta": 0.536305}}
{"target": 0.9155148927264681, "params": {"C": 350.107466761598, "epsilon": 0.08056884773689726, "gamma": 0.061565487747416374, "lamda": 0.14507112539410755}, "datetime": {"datetime": "2021-09-23 10:37:07", "elapsed": 52.260114, "delta": 0.709393}}
{"target": 0.9148468200959865, "params": {"C": 358.5178769032758, "epsilon": 0.28389704433406615, "gamma": 0.06216907436441993, "lamda": 0.11368618600821587}, "datetime": {"datetime": "2021-09-23 10:37:07", "elapsed": 52.932185, "delta": 0.672071}}
{"target": 0.9151728455672417, "params": {"C": 291.39241588019536, "epsilon": 0.2330673643688511, "gamma": 0.06946461645216212, "lamda": 0.11712963336696958}, "datetime": {"datetime": "2021-09-23 10:37:08", "elapsed": 53.49972, "delta": 0.567535}}
{"target": 0.9129209191648744, "params": {"C": 371.85409507533035, "epsilon": 0.313191104832114, "gamma": 0.08328940104426454, "lamda": 0.1581505837030887}, "datetime": {"datetime": "2021-09-23 10:37:09", "elapsed": 54.155908, "delta": 0.656188}}
{"target": 0.9167929439044942, "params": {"C": 395.27889275778205, "epsilon": 0.31546564103167385, "gamma": 0.06850219625090555, "lamda": 0.07453037259205966}, "datetime": {"datetime": "2021-09-23 10:37:09", "elapsed": 54.856381, "delta": 0.700473}}
{"target": 0.9155792489772898, "params": {"C": 328.3672256772785, "epsilon": 0.14027074128264144, "gamma": 0.08134660169650297, "lamda": 0.11556454533655063}, "datetime": {"datetime": "2021-09-23 10:37:10", "elapsed": 55.496114, "delta": 0.639733}}
{"target": 0.9152886242672474, "params": {"C": 327.6055950748621, "epsilon": 0.33445788054554815, "gamma": 0.06443312250186276, "lamda": 0.060892797329642326}, "datetime": {"datetime": "2021-09-23 10:37:11", "elapsed": 56.152002, "delta": 0.655888}}
{"target": 0.913160938613444, "params": {"C": 307.9683449191812, "epsilon": 0.1918368526281718, "gamma": 0.08901429863919046, "lamda": 0.0597327421308379}, "datetime": {"datetime": "2021-09-23 10:37:11", "elapsed": 56.732395, "delta": 0.580393}}
{"target": 0.9167811567496265, "params": {"C": 389.17444787462654, "epsilon": 0.2900885349690375, "gamma": 0.06999852831409503, "lamda": 0.0653388481937165}, "datetime": {"datetime": "2021-09-23 10:37:12", "elapsed": 57.434897, "delta": 0.702502}}
{"target": 0.9143243381557666, "params": {"C": 344.8342260130912, "epsilon": 0.27969525936931994, "gamma": 0.07632542214384316, "lamda": 0.1568513552612531}, "datetime": {"datetime": "2021-09-23 10:37:12", "elapsed": 58.019503, "delta": 0.584606}}
{"target": 0.9146035563780857, "params": {"C": 339.7866170708844, "epsilon": 0.2475558370268052, "gamma": 0.08654758708449067, "lamda": 0.06662604131517516}, "datetime": {"datetime": "2021-09-23 10:37:13", "elapsed": 58.636506, "delta": 0.617003}}
{"target": 0.915907851093242, "params": {"C": 382.93420174325865, "epsilon": 0.13742446476032155, "gamma": 0.07843043412971198, "lamda": 0.09715968539358139}, "datetime": {"datetime": "2021-09-23 10:37:14", "elapsed": 59.283641, "delta": 0.647135}}
{"target": 0.9150963079746569, "params": {"C": 305.68440235049286, "epsilon": 0.15624521954062542, "gamma": 0.06220775792111699, "lamda": 0.10117976161249373}, "datetime": {"datetime": "2021-09-23 10:37:14", "elapsed": 59.915605, "delta": 0.631964}}
{"target": 0.9132556560204885, "params": {"C": 332.70756065301015, "epsilon": 0.08150367246037477, "gamma": 0.07171233956995514, "lamda": 0.06934537794640402}, "datetime": {"datetime": "2021-09-23 10:37:15", "elapsed": 60.536036, "delta": 0.620431}}
{"target": 0.9144064132647712, "params": {"C": 361.609227211198, "epsilon": 0.09759835325370489, "gamma": 0.08450870761440568, "lamda": 0.1207312274127015}, "datetime": {"datetime": "2021-09-23 10:37:16", "elapsed": 61.201206, "delta": 0.66517}}
{"target": 0.9157786446193965, "params": {"C": 361.7567065784849, "epsilon": 0.18301493179552691, "gamma": 0.06494007498837491, "lamda": 0.1482365949191094}, "datetime": {"datetime": "2021-09-23 10:37:16", "elapsed": 61.816788, "delta": 0.615582}}
{"target": 0.9161646089265495, "params": {"C": 336.1713160067393, "epsilon": 0.19677638458691138, "gamma": 0.07543479072562292, "lamda": 0.09392060409683803}, "datetime": {"datetime": "2021-09-23 10:37:17", "elapsed": 62.504444, "delta": 0.687656}}
{"target": 0.9151902862357997, "params": {"C": 320.8152313499589, "epsilon": 0.32491945064163086, "gamma": 0.08471653777172833, "lamda": 0.0735819588423777}, "datetime": {"datetime": "2021-09-23 10:37:18", "elapsed": 63.10627, "delta": 0.601826}}
{"target": 0.91577422074864, "params": {"C": 362.2131910228136, "epsilon": 0.13779733153747503, "gamma": 0.06281724879312459, "lamda": 0.12489600493341273}, "datetime": {"datetime": "2021-09-23 10:37:18", "elapsed": 63.778595, "delta": 0.672325}}
{"target": 0.9155824843123472, "params": {"C": 322.5388442603979, "epsilon": 0.19799283728947706, "gamma": 0.07468936621537475, "lamda": 0.15856074403815673}, "datetime": {"datetime": "2021-09-23 10:37:19", "elapsed": 64.435595, "delta": 0.657}}
{"target": 0.9155787109574862, "params": {"C": 348.1542213859358, "epsilon": 0.190199634482099, "gamma": 0.06396911823138098, "lamda": 0.12826793147702287}, "datetime": {"datetime": "2021-09-23 10:37:20", "elapsed": 65.112595, "delta": 0.677}}
{"target": 0.9161071249171416, "params": {"C": 398.3029442547572, "epsilon": 0.11453000094029556, "gamma": 0.06260919798708835, "lamda": 0.14272780325030532}, "datetime": {"datetime": "2021-09-23 10:37:20", "elapsed": 65.852309, "delta": 0.739714}}
{"target": 0.9160000193809941, "params": {"C": 313.1746845473945, "epsilon": 0.2916472924040877, "gamma": 0.0758867600938057, "lamda": 0.05215315139447145}, "datetime": {"datetime": "2021-09-23 10:37:21", "elapsed": 66.484884, "delta": 0.632575}}
{"target": 0.9157251875667402, "params": {"C": 333.59902985065617, "epsilon": 0.3391132370436084, "gamma": 0.08002226271595075, "lamda": 0.057738568989269115}, "datetime": {"datetime": "2021-09-23 10:37:22", "elapsed": 67.106923, "delta": 0.622039}}
