{"target": -2.039569703759266, "params": {"C": 833.9280926561938, "epsilon": 0.2241331010445471, "gamma": 0.03405114695658815, "lamda": 0.1911412579666808}, "datetime": {"datetime": "2021-09-23 15:28:16", "elapsed": 5.509618, "delta": 0.35795}}
{"target": -2.0295533544111284, "params": {"C": 843.1758135726275, "epsilon": 0.23607883180539813, "gamma": 0.03181192496679491, "lamda": 0.1445859736378453}, "datetime": {"datetime": "2021-09-23 15:28:16", "elapsed": 5.867621, "delta": 0.358003}}
{"target": -1.9955153054753503, "params": {"C": 746.919618549168, "epsilon": 0.13033105260711225, "gamma": 0.04088460884380904, "lamda": 0.16850639176570043}, "datetime": {"datetime": "2021-09-23 15:28:16", "elapsed": 6.222621, "delta": 0.355}}
{"target": -1.9433624350802465, "params": {"C": 780.9847740143966, "epsilon": 0.06387259037495396, "gamma": 0.04180871813681254, "lamda": 0.1483420387753896}, "datetime": {"datetime": "2021-09-23 15:28:17", "elapsed": 6.609886, "delta": 0.387265}}
{"target": -2.0559384055501573, "params": {"C": 795.7858136301599, "epsilon": 0.35854334494940265, "gamma": 0.042785648829363976, "lamda": 0.19196682298601803}, "datetime": {"datetime": "2021-09-23 15:28:17", "elapsed": 6.955732, "delta": 0.345846}}
{"target": -2.0510601066326584, "params": {"C": 755.7965658264413, "epsilon": 0.38961824150456126, "gamma": 0.03290145790809766, "lamda": 0.12363362703794602}, "datetime": {"datetime": "2021-09-23 15:28:17", "elapsed": 7.335004, "delta": 0.379272}}
{"target": -2.080557768428826, "params": {"C": 825.4699433340056, "epsilon": 0.673361320458953, "gamma": 0.040003578088289984, "lamda": 0.12604299179833742}, "datetime": {"datetime": "2021-09-23 15:28:18", "elapsed": 7.720046, "delta": 0.385042}}
{"target": -1.9361429685716662, "params": {"C": 828.0099545625754, "epsilon": 0.23320475307773758, "gamma": 0.033119483823262796, "lamda": 0.04460756352440365}, "datetime": {"datetime": "2021-09-23 15:28:18", "elapsed": 8.133008, "delta": 0.412962}}
{"target": -1.9964040644086674, "params": {"C": 712.7608426898795, "epsilon": 0.3275331780082573, "gamma": 0.049758962780211385, "lamda": 0.055266040763469346}, "datetime": {"datetime": "2021-09-23 15:28:19", "elapsed": 8.517004, "delta": 0.383996}}
{"target": -2.008582891025042, "params": {"C": 793.8822967732722, "epsilon": 0.7748225362254351, "gamma": 0.03894200004920614, "lamda": 0.04455561087512111}, "datetime": {"datetime": "2021-09-23 15:28:19", "elapsed": 8.909862, "delta": 0.392858}}
{"target": -1.9735268552395702, "params": {"C": 806.2716533314333, "epsilon": 0.1815248173166364, "gamma": 0.04888876933332336, "lamda": 0.05169439608690946}, "datetime": {"datetime": "2021-09-23 15:28:19", "elapsed": 9.346817, "delta": 0.436955}}
{"target": -2.0004893005485855, "params": {"C": 762.1062240147312, "epsilon": 0.28820963773933184, "gamma": 0.04993621847659584, "lamda": 0.09784656942759072}, "datetime": {"datetime": "2021-09-23 15:28:20", "elapsed": 9.764818, "delta": 0.418001}}
{"target": -2.016738040800901, "params": {"C": 718.1313867402524, "epsilon": 0.23191673580351896, "gamma": 0.03127233908840403, "lamda": 0.12360083877071107}, "datetime": {"datetime": "2021-09-23 15:28:20", "elapsed": 10.171818, "delta": 0.407}}
{"target": -2.1216902983636734, "params": {"C": 833.6031451071706, "epsilon": 0.7568524303146364, "gamma": 0.047957811399000405, "lamda": 0.15369075456057396}, "datetime": {"datetime": "2021-09-23 15:28:21", "elapsed": 10.595411, "delta": 0.423593}}
{"target": -1.997280744843148, "params": {"C": 841.9423018703249, "epsilon": 0.1902890738134187, "gamma": 0.04280005037025712, "lamda": 0.13592622842255803}, "datetime": {"datetime": "2021-09-23 15:28:21", "elapsed": 10.982722, "delta": 0.387311}}
{"target": -2.072319566358247, "params": {"C": 818.4171906646159, "epsilon": 0.6291917669745072, "gamma": 0.04673521460717415, "lamda": 0.13244447955369848}, "datetime": {"datetime": "2021-09-23 15:28:22", "elapsed": 11.399721, "delta": 0.416999}}
{"target": -1.9173283952350677, "params": {"C": 757.250705749311, "epsilon": 0.39651198138236965, "gamma": 0.030118692861417093, "lamda": 0.017277369134879827}, "datetime": {"datetime": "2021-09-23 15:28:22", "elapsed": 11.848411, "delta": 0.44869}}
{"target": -2.0886805199284892, "params": {"C": 710.4290789066685, "epsilon": 0.5069102817165249, "gamma": 0.03011822124817196, "lamda": 0.12239141520718927}, "datetime": {"datetime": "2021-09-23 15:28:22", "elapsed": 12.26954, "delta": 0.421129}}
{"target": -1.9519092157996922, "params": {"C": 732.4512053319348, "epsilon": 0.20668598045160957, "gamma": 0.03692415887617266, "lamda": 0.018671011154753055}, "datetime": {"datetime": "2021-09-23 15:28:23", "elapsed": 12.771425, "delta": 0.501885}}
{"target": -2.0023428212200423, "params": {"C": 835.6219709088532, "epsilon": 0.5314503189206546, "gamma": 0.046223596456305624, "lamda": 0.06191450953500922}, "datetime": {"datetime": "2021-09-23 15:28:23", "elapsed": 13.227396, "delta": 0.455971}}
{"target": -2.1599760190310384, "params": {"C": 778.1850259231229, "epsilon": 0.6756048177603097, "gamma": 0.03652672950126326, "lamda": 0.19336873239807195}, "datetime": {"datetime": "2021-09-23 15:28:24", "elapsed": 13.6404, "delta": 0.413004}}
{"target": -2.1257303004976165, "params": {"C": 703.8924087619769, "epsilon": 0.5458288567829831, "gamma": 0.03606856706442492, "lamda": 0.19402632244020301}, "datetime": {"datetime": "2021-09-23 15:28:24", "elapsed": 14.0684, "delta": 0.428}}
{"target": -1.9417821855199946, "params": {"C": 832.7282430923435, "epsilon": 0.05141455004348824, "gamma": 0.04103033423814406, "lamda": 0.16438228011857225}, "datetime": {"datetime": "2021-09-23 15:28:25", "elapsed": 14.554391, "delta": 0.485991}}
{"target": -1.9920035474179214, "params": {"C": 700.6241263305654, "epsilon": 0.4185253215747763, "gamma": 0.042205488589562405, "lamda": 0.06072714661148641}, "datetime": {"datetime": "2021-09-23 15:28:25", "elapsed": 15.034424, "delta": 0.480033}}
{"target": -1.9948801932702656, "params": {"C": 828.143069768811, "epsilon": 0.08109376892593559, "gamma": 0.046272646898415246, "lamda": 0.18117252712167364}, "datetime": {"datetime": "2021-09-23 15:28:26", "elapsed": 15.499423, "delta": 0.464999}}
{"target": -2.0400150602016365, "params": {"C": 757.2175511750348, "epsilon": 0.3393748805581345, "gamma": 0.04246342418867757, "lamda": 0.16013919182779995}, "datetime": {"datetime": "2021-09-23 15:28:26", "elapsed": 15.945431, "delta": 0.446008}}
{"target": -2.0082372901542214, "params": {"C": 730.7361031320511, "epsilon": 0.64075344557202, "gamma": 0.04852832355541112, "lamda": 0.057928152894080716}, "datetime": {"datetime": "2021-09-23 15:28:27", "elapsed": 16.384808, "delta": 0.439377}}
{"target": -1.9794629348953596, "params": {"C": 789.4975838710584, "epsilon": 0.26950449428178036, "gamma": 0.04282801488331103, "lamda": 0.05608979502080855}, "datetime": {"datetime": "2021-09-23 15:28:27", "elapsed": 16.820694, "delta": 0.435886}}
{"target": -1.9543768524006162, "params": {"C": 806.2588051588997, "epsilon": 0.08865296894768591, "gamma": 0.044476243860388225, "lamda": 0.07886485039923423}, "datetime": {"datetime": "2021-09-23 15:28:27", "elapsed": 17.303952, "delta": 0.483258}}
{"target": -1.9186575224640505, "params": {"C": 757.2918863028968, "epsilon": 0.46747808367692684, "gamma": 0.03, "lamda": 0.015}, "datetime": {"datetime": "2021-09-23 15:28:28", "elapsed": 17.92391, "delta": 0.619958}}
{"target": -2.0116264289008963, "params": {"C": 868.934460761621, "epsilon": 0.5804343011050528, "gamma": 0.045198141787111, "lamda": 0.06760600745035215}, "datetime": {"datetime": "2021-09-23 15:28:29", "elapsed": 18.363952, "delta": 0.440042}}
{"target": -1.9704567606005527, "params": {"C": 746.0209557079916, "epsilon": 0.09905987651763672, "gamma": 0.04187500610201948, "lamda": 0.14059668218116667}, "datetime": {"datetime": "2021-09-23 15:28:29", "elapsed": 18.906351, "delta": 0.542399}}
{"target": -1.9903190132990458, "params": {"C": 721.5679911872653, "epsilon": 0.20009471815778662, "gamma": 0.040918994496392254, "lamda": 0.11191582059199162}, "datetime": {"datetime": "2021-09-23 15:28:29", "elapsed": 19.349348, "delta": 0.442997}}
{"target": -1.9986697929430888, "params": {"C": 708.0991156373642, "epsilon": 0.13780946384768838, "gamma": 0.03221840539715322, "lamda": 0.16858208614838377}, "datetime": {"datetime": "2021-09-23 15:28:30", "elapsed": 19.858387, "delta": 0.509039}}
{"target": -1.9197566929682963, "params": {"C": 757.1599015744989, "epsilon": 0.5034855688026917, "gamma": 0.03, "lamda": 0.015}, "datetime": {"datetime": "2021-09-23 15:28:31", "elapsed": 20.401926, "delta": 0.543539}}
{"target": -1.937073230404206, "params": {"C": 745.8383920884747, "epsilon": 0.19194620146618627, "gamma": 0.03794579252084045, "lamda": 0.05642376151660143}, "datetime": {"datetime": "2021-09-23 15:28:31", "elapsed": 20.938695, "delta": 0.536769}}
{"target": -1.961201647001936, "params": {"C": 769.3682832866527, "epsilon": 0.19335198492514738, "gamma": 0.040444403387597694, "lamda": 0.07100861041950694}, "datetime": {"datetime": "2021-09-23 15:28:32", "elapsed": 21.424283, "delta": 0.485588}}
{"target": -1.9760561612624257, "params": {"C": 769.1463146399548, "epsilon": 0.12858002725489678, "gamma": 0.0419826245219907, "lamda": 0.11373507284324248}, "datetime": {"datetime": "2021-09-23 15:28:32", "elapsed": 22.10329, "delta": 0.679007}}
{"target": -1.9856897171019903, "params": {"C": 708.3053552798705, "epsilon": 0.3785522360980067, "gamma": 0.03011079685327449, "lamda": 0.053733989687013345}, "datetime": {"datetime": "2021-09-23 15:28:33", "elapsed": 22.615167, "delta": 0.511877}}
{"target": -1.9308662479551073, "params": {"C": 780.9823306810164, "epsilon": 0.05747960373444873, "gamma": 0.03790630402744706, "lamda": 0.14119754846281768}, "datetime": {"datetime": "2021-09-23 15:28:33", "elapsed": 23.035013, "delta": 0.419846}}
{"target": -2.003828782303151, "params": {"C": 780.9512632868596, "epsilon": 0.12681486850306495, "gamma": 0.04912791898612345, "lamda": 0.038441134012622474}, "datetime": {"datetime": "2021-09-23 15:28:34", "elapsed": 23.697011, "delta": 0.661998}}
{"target": -1.9148941504031456, "params": {"C": 745.877094235506, "epsilon": 0.07811851444840377, "gamma": 0.03339578901043723, "lamda": 0.06751293807088331}, "datetime": {"datetime": "2021-09-23 15:28:34", "elapsed": 24.260051, "delta": 0.56304}}
{"target": -1.9994578241863568, "params": {"C": 745.8350640212682, "epsilon": 0.11236974848912083, "gamma": 0.04766489816232883, "lamda": 0.16359441152885518}, "datetime": {"datetime": "2021-09-23 15:28:35", "elapsed": 24.872529, "delta": 0.612478}}
{"target": -1.925809419923595, "params": {"C": 704.2360856986536, "epsilon": 0.10596399177274977, "gamma": 0.03404520367103143, "lamda": 0.08617175623794164}, "datetime": {"datetime": "2021-09-23 15:28:36", "elapsed": 25.382526, "delta": 0.509997}}
{"target": -1.992105638138845, "params": {"C": 704.1586509134706, "epsilon": 0.11521831529692024, "gamma": 0.035506509327375715, "lamda": 0.17871567590388293}, "datetime": {"datetime": "2021-09-23 15:28:36", "elapsed": 25.889501, "delta": 0.506975}}
{"target": -2.1057431561093662, "params": {"C": 746.5837674530566, "epsilon": 0.5935170874675838, "gamma": 0.03352550080050132, "lamda": 0.14176501457571544}, "datetime": {"datetime": "2021-09-23 15:28:37", "elapsed": 26.372487, "delta": 0.482986}}
{"target": -1.9338318623174704, "params": {"C": 780.8735711609362, "epsilon": 0.03, "gamma": 0.03, "lamda": 0.13252007436979585}, "datetime": {"datetime": "2021-09-23 15:28:37", "elapsed": 27.122901, "delta": 0.750414}}
{"target": -1.9244400077901804, "params": {"C": 704.3920785652573, "epsilon": 0.15706556685796622, "gamma": 0.032518848884135525, "lamda": 0.05885789093751332}, "datetime": {"datetime": "2021-09-23 15:28:38", "elapsed": 27.75091, "delta": 0.628009}}
{"target": -1.934640310930518, "params": {"C": 704.2660997535331, "epsilon": 0.271320976916522, "gamma": 0.03580229195997097, "lamda": 0.041848623970204044}, "datetime": {"datetime": "2021-09-23 15:28:38", "elapsed": 28.342994, "delta": 0.592084}}
{"target": -1.967383960279679, "params": {"C": 832.7230457214122, "epsilon": 0.06211262572575371, "gamma": 0.0440267961692088, "lamda": 0.17650414019518468}, "datetime": {"datetime": "2021-09-23 15:28:39", "elapsed": 28.906996, "delta": 0.564002}}
{"target": -1.9898390060973181, "params": {"C": 852.7155302253282, "epsilon": 0.33643168315639305, "gamma": 0.04621747277399402, "lamda": 0.05793163801596529}, "datetime": {"datetime": "2021-09-23 15:28:40", "elapsed": 29.475994, "delta": 0.568998}}
{"target": -2.0145659680675587, "params": {"C": 869.1757214223965, "epsilon": 0.2093845854024448, "gamma": 0.04853062592695204, "lamda": 0.1819647536225643}, "datetime": {"datetime": "2021-09-23 15:28:40", "elapsed": 30.058038, "delta": 0.582044}}
{"target": -2.009302325748075, "params": {"C": 704.3371453279941, "epsilon": 0.19751800906127873, "gamma": 0.03657959922655243, "lamda": 0.1616395430116866}, "datetime": {"datetime": "2021-09-23 15:28:41", "elapsed": 30.639, "delta": 0.580962}}
{"target": -2.054545284820791, "params": {"C": 784.3158452018645, "epsilon": 0.6170908365157683, "gamma": 0.04681688592699808, "lamda": 0.11405066282982751}, "datetime": {"datetime": "2021-09-23 15:28:41", "elapsed": 31.174002, "delta": 0.535002}}
{"target": -2.0722941001423276, "params": {"C": 704.1786107898668, "epsilon": 0.1646365461254195, "gamma": 0.05, "lamda": 0.015}, "datetime": {"datetime": "2021-09-23 15:28:42", "elapsed": 31.894032, "delta": 0.72003}}
{"target": -1.9695476485015604, "params": {"C": 746.0194883887968, "epsilon": 0.19181641557826493, "gamma": 0.04800867498750524, "lamda": 0.03811986333987929}, "datetime": {"datetime": "2021-09-23 15:28:43", "elapsed": 32.457995, "delta": 0.563963}}
{"target": -2.0006267606097365, "params": {"C": 757.1922340359374, "epsilon": 0.45914701681003767, "gamma": 0.03734549541231384, "lamda": 0.0667427230545175}, "datetime": {"datetime": "2021-09-23 15:28:43", "elapsed": 33.047997, "delta": 0.590002}}
{"target": -1.926988951337979, "params": {"C": 745.9631708889658, "epsilon": 0.10171155787826304, "gamma": 0.03633515323340176, "lamda": 0.08599559543240488}, "datetime": {"datetime": "2021-09-23 15:28:44", "elapsed": 33.682992, "delta": 0.634995}}
{"target": -1.9722676802794787, "params": {"C": 704.4492579161409, "epsilon": 0.21502413269087053, "gamma": 0.04799094314980348, "lamda": 0.05996365637573211}, "datetime": {"datetime": "2021-09-23 15:28:44", "elapsed": 34.274992, "delta": 0.592}}
{"target": -1.9209471792422743, "params": {"C": 778.3901060826473, "epsilon": 0.036361827787619885, "gamma": 0.030907971358991884, "lamda": 0.12924753553495918}, "datetime": {"datetime": "2021-09-23 15:28:45", "elapsed": 34.853001, "delta": 0.578009}}
{"target": -1.9493343440768642, "params": {"C": 778.3366652931018, "epsilon": 0.043863779657117304, "gamma": 0.03304731636817445, "lamda": 0.08021631819429284}, "datetime": {"datetime": "2021-09-23 15:28:46", "elapsed": 35.501032, "delta": 0.648031}}
{"target": -2.144588304669284, "params": {"C": 772.7554837093555, "epsilon": 0.5808351731505828, "gamma": 0.0321826217851818, "lamda": 0.18450698884927114}, "datetime": {"datetime": "2021-09-23 15:28:46", "elapsed": 36.022994, "delta": 0.521962}}
{"target": -1.9308244962922818, "params": {"C": 704.3626505380121, "epsilon": 0.27422018011991806, "gamma": 0.038914235067001715, "lamda": 0.0352655546853427}, "datetime": {"datetime": "2021-09-23 15:28:47", "elapsed": 36.642994, "delta": 0.62}}
{"target": -2.0008270227640597, "params": {"C": 757.2063815989789, "epsilon": 0.594259125969539, "gamma": 0.04953454828637105, "lamda": 0.04781559556429077}, "datetime": {"datetime": "2021-09-23 15:28:47", "elapsed": 37.303018, "delta": 0.660024}}
{"target": -2.003732466628907, "params": {"C": 885.395660300773, "epsilon": 0.7631999921612567, "gamma": 0.03172944279674344, "lamda": 0.0337775532565497}, "datetime": {"datetime": "2021-09-23 15:28:48", "elapsed": 37.917994, "delta": 0.614976}}
{"target": -2.050968639141754, "params": {"C": 786.2573066492355, "epsilon": 0.3606101637789485, "gamma": 0.036258535767421156, "lamda": 0.15068424012760417}, "datetime": {"datetime": "2021-09-23 15:28:49", "elapsed": 38.50303, "delta": 0.585036}}
{"target": -2.0034394688161563, "params": {"C": 706.2274405442815, "epsilon": 0.47706322519171296, "gamma": 0.031788592359490754, "lamda": 0.05497467175140798}, "datetime": {"datetime": "2021-09-23 15:28:49", "elapsed": 39.033031, "delta": 0.530001}}
{"target": -2.002063963808308, "params": {"C": 745.959914362955, "epsilon": 0.09246434130607434, "gamma": 0.04249867284636673, "lamda": 0.033825718382405744}, "datetime": {"datetime": "2021-09-23 15:28:50", "elapsed": 39.834992, "delta": 0.801961}}
{"target": -1.9171061287381554, "params": {"C": 757.3167453918207, "epsilon": 0.40379770880585514, "gamma": 0.03, "lamda": 0.015}, "datetime": {"datetime": "2021-09-23 15:28:51", "elapsed": 40.596032, "delta": 0.76104}}
{"target": -1.9882969564311046, "params": {"C": 745.8926222314367, "epsilon": 0.1482657959959078, "gamma": 0.03163488611778783, "lamda": 0.017424809586131924}, "datetime": {"datetime": "2021-09-23 15:28:51", "elapsed": 41.25303, "delta": 0.656998}}
{"target": -2.1146990258807614, "params": {"C": 752.7760881056273, "epsilon": 0.5922244134340762, "gamma": 0.03909066581996507, "lamda": 0.17829067520546898}, "datetime": {"datetime": "2021-09-23 15:28:52", "elapsed": 41.78503, "delta": 0.532}}
{"target": -2.0206404011951906, "params": {"C": 704.3575902768812, "epsilon": 0.1973063168389809, "gamma": 0.04941994732667854, "lamda": 0.020446589834443772}, "datetime": {"datetime": "2021-09-23 15:28:53", "elapsed": 42.494001, "delta": 0.708971}}
{"target": -2.004379379783535, "params": {"C": 832.2932631394963, "epsilon": 0.11899492471709734, "gamma": 0.04944580465827188, "lamda": 0.17502210448401095}, "datetime": {"datetime": "2021-09-23 15:28:53", "elapsed": 43.099996, "delta": 0.605995}}
{"target": -1.9590776818256785, "params": {"C": 832.7540918534871, "epsilon": 0.03, "gamma": 0.03, "lamda": 0.10410333774055912}, "datetime": {"datetime": "2021-09-23 15:28:54", "elapsed": 43.892995, "delta": 0.792999}}
{"target": -1.9740033643045443, "params": {"C": 746.0192104323135, "epsilon": 0.15578517846868936, "gamma": 0.039101582304395234, "lamda": 0.10418742502026124}, "datetime": {"datetime": "2021-09-23 15:28:55", "elapsed": 44.554034, "delta": 0.661039}}
{"target": -1.9415229799269067, "params": {"C": 704.3442222026042, "epsilon": 0.09713323533374238, "gamma": 0.03926160846108169, "lamda": 0.11708750530228779}, "datetime": {"datetime": "2021-09-23 15:28:55", "elapsed": 45.234, "delta": 0.679966}}
{"target": -1.9885839088809831, "params": {"C": 704.39166853171, "epsilon": 0.30519601017761167, "gamma": 0.043269818084907166, "lamda": 0.07169517170746274}, "datetime": {"datetime": "2021-09-23 15:28:56", "elapsed": 45.855026, "delta": 0.621026}}
{"target": -1.92947103599924, "params": {"C": 780.9111451756407, "epsilon": 0.055684567572165916, "gamma": 0.030432252053096805, "lamda": 0.13831579672593292}, "datetime": {"datetime": "2021-09-23 15:28:57", "elapsed": 46.55203, "delta": 0.697004}}
{"target": -1.986727470875343, "params": {"C": 757.3466128543316, "epsilon": 0.4442494174360515, "gamma": 0.043027509340281454, "lamda": 0.04494588005390038}, "datetime": {"datetime": "2021-09-23 15:28:57", "elapsed": 47.302995, "delta": 0.750965}}
{"target": -1.9595382194844249, "params": {"C": 746.01683526451, "epsilon": 0.14665064234078584, "gamma": 0.03272194651305366, "lamda": 0.09974574349755494}, "datetime": {"datetime": "2021-09-23 15:28:58", "elapsed": 47.854029, "delta": 0.551034}}
{"target": -1.9549774103159636, "params": {"C": 745.7955660095547, "epsilon": 0.1016340729045002, "gamma": 0.030161578130578768, "lamda": 0.035259165789500294}, "datetime": {"datetime": "2021-09-23 15:28:59", "elapsed": 48.601994, "delta": 0.747965}}
{"target": -1.9797988497759242, "params": {"C": 780.943152679849, "epsilon": 0.03, "gamma": 0.03, "lamda": 0.08473469689736757}, "datetime": {"datetime": "2021-09-23 15:29:00", "elapsed": 49.404092, "delta": 0.802098}}
{"target": -1.9890807915988933, "params": {"C": 745.9132682719229, "epsilon": 0.2032013744334596, "gamma": 0.048123652437168735, "lamda": 0.07119290169586495}, "datetime": {"datetime": "2021-09-23 15:29:00", "elapsed": 50.057091, "delta": 0.652999}}
{"target": -2.075903225770048, "params": {"C": 873.6843531509976, "epsilon": 0.6380056684026454, "gamma": 0.04683191579654182, "lamda": 0.13441896983329174}, "datetime": {"datetime": "2021-09-23 15:29:01", "elapsed": 50.605051, "delta": 0.54796}}
{"target": -1.983395506694464, "params": {"C": 704.3369144308338, "epsilon": 0.05266792482617737, "gamma": 0.030231970092906575, "lamda": 0.03901643210648448}, "datetime": {"datetime": "2021-09-23 15:29:01", "elapsed": 51.325056, "delta": 0.720005}}
{"target": -1.942082576781651, "params": {"C": 745.8998404612922, "epsilon": 0.09207802523218855, "gamma": 0.03861358458871569, "lamda": 0.11951808351777747}, "datetime": {"datetime": "2021-09-23 15:29:02", "elapsed": 52.073088, "delta": 0.748032}}
{"target": -1.9202020590619513, "params": {"C": 757.0961617909234, "epsilon": 0.5190677666920221, "gamma": 0.03, "lamda": 0.015}, "datetime": {"datetime": "2021-09-23 15:29:03", "elapsed": 52.901052, "delta": 0.827964}}
{"target": -1.9985621746216484, "params": {"C": 715.065850470294, "epsilon": 0.43586646928216444, "gamma": 0.0481958431646972, "lamda": 0.06680187873452087}, "datetime": {"datetime": "2021-09-23 15:29:04", "elapsed": 53.50805, "delta": 0.606998}}
{"target": -1.9597737513389832, "params": {"C": 780.8669711441223, "epsilon": 0.05695859790912601, "gamma": 0.03026242726890877, "lamda": 0.1937842359071596}, "datetime": {"datetime": "2021-09-23 15:29:04", "elapsed": 54.223094, "delta": 0.715044}}
