{"target": 0.9128368465482399, "params": {"C": 2068.9344607616213, "epsilon": 0.7234042494440275, "gamma": 0.055594425361332994, "lamda": 0.1144583620145433}, "datetime": {"datetime": "2021-09-24 09:23:46", "elapsed": 20.722388, "delta": 0.466307}}
{"target": 0.9155246629797211, "params": {"C": 2041.954345812846, "epsilon": 0.22143393082596188, "gamma": 0.0508233880436226, "lamda": 0.2943059357236201}, "datetime": {"datetime": "2021-09-24 09:23:46", "elapsed": 21.129537, "delta": 0.407149}}
{"target": 0.9183419534334893, "params": {"C": 1921.5679911872653, "epsilon": 0.24427516443253638, "gamma": 0.04275698348917677, "lamda": 0.21002385089840356}, "datetime": {"datetime": "2021-09-24 09:23:47", "elapsed": 21.606535, "delta": 0.476998}}
{"target": 0.9310482077232187, "params": {"C": 1946.2468068443677, "epsilon": 0.05949246555376489, "gamma": 0.03394175967965393, "lamda": 0.1055815403891673}, "datetime": {"datetime": "2021-09-24 09:23:47", "elapsed": 22.193199, "delta": 0.586664}}
{"target": 0.9078364643758022, "params": {"C": 1946.316205865477, "epsilon": 0.3635132754150543, "gamma": 0.016583858755734957, "lamda": 0.062425997740112156}, "datetime": {"datetime": "2021-09-24 09:23:48", "elapsed": 22.80555, "delta": 0.612351}}
{"target": 0.920104006919864, "params": {"C": 1946.0907960566701, "epsilon": 0.08705040810999573, "gamma": 0.0326285109609734, "lamda": 0.33798693187600753}, "datetime": {"datetime": "2021-09-24 09:23:49", "elapsed": 23.331578, "delta": 0.526028}}
{"target": 0.9086426928829966, "params": {"C": 2052.827810313772, "epsilon": 0.42886323970056983, "gamma": 0.030603898498155452, "lamda": 0.20413164893389565}, "datetime": {"datetime": "2021-09-24 09:23:49", "elapsed": 23.770738, "delta": 0.43916}}
{"target": 0.9270845050665918, "params": {"C": 1945.891802462313, "epsilon": 0.03875884868821152, "gamma": 0.024666935755511987, "lamda": 0.06223540180176673}, "datetime": {"datetime": "2021-09-24 09:23:50", "elapsed": 24.426637, "delta": 0.655899}}
{"target": 0.9168916038790466, "params": {"C": 2053.2524304828553, "epsilon": 0.4642197014113215, "gamma": 0.05093890266713711, "lamda": 0.12699995771554115}, "datetime": {"datetime": "2021-09-24 09:23:50", "elapsed": 24.95509, "delta": 0.528453}}
{"target": 0.9182933247216641, "params": {"C": 1932.6671371971404, "epsilon": 0.16579559678723435, "gamma": 0.060310863849960386, "lamda": 0.21239066047207764}, "datetime": {"datetime": "2021-09-24 09:23:51", "elapsed": 25.537996, "delta": 0.582906}}
{"target": 0.9256426578285927, "params": {"C": 1932.0839374093252, "epsilon": 0.2706235549070033, "gamma": 0.03361255726501571, "lamda": 0.06533264661172924}, "datetime": {"datetime": "2021-09-24 09:23:51", "elapsed": 26.171996, "delta": 0.634}}
{"target": 0.9041606022215343, "params": {"C": 1932.230736795614, "epsilon": 0.32360433956102197, "gamma": 0.032884412245097, "lamda": 0.3969823073015533}, "datetime": {"datetime": "2021-09-24 09:23:52", "elapsed": 26.768438, "delta": 0.596442}}
{"target": 0.9244042010328097, "params": {"C": 2006.224748044911, "epsilon": 0.11233749989305704, "gamma": 0.033075982920832254, "lamda": 0.17256096431266876}, "datetime": {"datetime": "2021-09-24 09:23:52", "elapsed": 27.247775, "delta": 0.479337}}
{"target": 0.9141364941853718, "params": {"C": 1946.104905082686, "epsilon": 0.03097444946494837, "gamma": 0.033787145047346874, "lamda": 0.023111643039098906}, "datetime": {"datetime": "2021-09-24 09:23:53", "elapsed": 27.854574, "delta": 0.606799}}
{"target": 0.9195157752251173, "params": {"C": 1946.326515703299, "epsilon": 0.13695857450595056, "gamma": 0.03296471856629751, "lamda": 0.24695798951144907}, "datetime": {"datetime": "2021-09-24 09:23:54", "elapsed": 28.302811, "delta": 0.448237}}
{"target": 0.9164592627265244, "params": {"C": 1904.2031947282326, "epsilon": 0.15201151135331065, "gamma": 0.036936445030112515, "lamda": 0.368554937082423}, "datetime": {"datetime": "2021-09-24 09:23:54", "elapsed": 29.002484, "delta": 0.699673}}
{"target": 0.9223865975085065, "params": {"C": 1932.2515719443925, "epsilon": 0.25118630033585226, "gamma": 0.05934497742415038, "lamda": 0.05311991451161611}, "datetime": {"datetime": "2021-09-24 09:23:55", "elapsed": 29.560483, "delta": 0.557999}}
{"target": 0.8829155842022935, "params": {"C": 2054.25700067344, "epsilon": 0.3121857204016468, "gamma": 0.014766564604601948, "lamda": 0.35013635707130214}, "datetime": {"datetime": "2021-09-24 09:23:55", "elapsed": 30.115781, "delta": 0.555298}}
{"target": 0.8985342984522331, "params": {"C": 1932.1183013639347, "epsilon": 0.5224338239309873, "gamma": 0.014084959243970192, "lamda": 0.06607325546251587}, "datetime": {"datetime": "2021-09-24 09:23:56", "elapsed": 30.623192, "delta": 0.507411}}
{"target": 0.910473840802238, "params": {"C": 2053.8427693791305, "epsilon": 0.2121562813519773, "gamma": 0.027446234016696852, "lamda": 0.2856791376981919}, "datetime": {"datetime": "2021-09-24 09:23:56", "elapsed": 31.150414, "delta": 0.527222}}
{"target": 0.9186313165907795, "params": {"C": 2052.715530225328, "epsilon": 0.41602432813207946, "gamma": 0.05865241832198205, "lamda": 0.0935931003695684}, "datetime": {"datetime": "2021-09-24 09:23:57", "elapsed": 31.613596, "delta": 0.463182}}
{"target": 0.9081585749427695, "params": {"C": 2069.1757214223962, "epsilon": 0.25597798420827467, "gamma": 0.06559187778085611, "lamda": 0.3611023605156928}, "datetime": {"datetime": "2021-09-24 09:23:57", "elapsed": 32.088995, "delta": 0.475399}}
{"target": 0.8702017479683566, "params": {"C": 1931.9560283753303, "epsilon": 0.09788670106442736, "gamma": 0.05892088390035641, "lamda": 0.011824007318421263}, "datetime": {"datetime": "2021-09-24 09:23:58", "elapsed": 32.677359, "delta": 0.588364}}
{"target": 0.9027100399375452, "params": {"C": 1984.3158452018645, "epsilon": 0.7695819628835003, "gamma": 0.06045065778099424, "lamda": 0.21462818631946584}, "datetime": {"datetime": "2021-09-24 09:23:58", "elapsed": 33.185179, "delta": 0.50782}}
{"target": 0.9270029783005618, "params": {"C": 1945.9205300464466, "epsilon": 0.11338145686235754, "gamma": 0.0363207884927318, "lamda": 0.13424414021929168}, "datetime": {"datetime": "2021-09-24 09:23:59", "elapsed": 33.895895, "delta": 0.710716}}
{"target": 0.9078687781694789, "params": {"C": 1946.111138952515, "epsilon": 0.30037341822383534, "gamma": 0.023607765239338066, "lamda": 0.18722304792608635}, "datetime": {"datetime": "2021-09-24 09:24:00", "elapsed": 34.455895, "delta": 0.56}}
{"target": 0.9146886429199657, "params": {"C": 1946.420126711916, "epsilon": 0.12163164957325678, "gamma": 0.015894296920073298, "lamda": 0.07809775057040172}, "datetime": {"datetime": "2021-09-24 09:24:00", "elapsed": 35.176498, "delta": 0.720603}}
{"target": 0.923099473731172, "params": {"C": 1932.5542891675689, "epsilon": 0.253297972935512, "gamma": 0.042186081657685774, "lamda": 0.11201342535670053}, "datetime": {"datetime": "2021-09-24 09:24:01", "elapsed": 35.845039, "delta": 0.668541}}
{"target": 0.9197891280084023, "params": {"C": 1945.7335025772854, "epsilon": 0.06973431828438138, "gamma": 0.04165488977696252, "lamda": 0.03585949784548336}, "datetime": {"datetime": "2021-09-24 09:24:02", "elapsed": 36.632946, "delta": 0.787907}}
{"target": 0.9080555727075129, "params": {"C": 1978.3901060826474, "epsilon": 0.03801425058959908, "gamma": 0.012723914076975658, "lamda": 0.2474041442078309}, "datetime": {"datetime": "2021-09-24 09:24:02", "elapsed": 37.119205, "delta": 0.486259}}
{"target": 0.9270316477755977, "params": {"C": 1904.215525577304, "epsilon": 0.18317402912420128, "gamma": 0.04752210900040585, "lamda": 0.07017015639431905}, "datetime": {"datetime": "2021-09-24 09:24:03", "elapsed": 37.756192, "delta": 0.636987}}
{"target": 0.8697302408615195, "params": {"C": 1972.7554837093555, "epsilon": 0.723909244098786, "gamma": 0.016547865355545414, "lamda": 0.3665853435181578}, "datetime": {"datetime": "2021-09-24 09:24:03", "elapsed": 38.267707, "delta": 0.511515}}
{"target": 0.8969276330729726, "params": {"C": 1903.9546400048848, "epsilon": 0.1863806149006154, "gamma": 0.01114819943466066, "lamda": 0.0023574944318816454}, "datetime": {"datetime": "2021-09-24 09:24:04", "elapsed": 39.261731, "delta": 0.994024}}
{"target": 0.9250736566858471, "params": {"C": 1904.412089683364, "epsilon": 0.0949117332914617, "gamma": 0.04775805334411608, "lamda": 0.18807792402588303}, "datetime": {"datetime": "2021-09-24 09:24:05", "elapsed": 39.949644, "delta": 0.687913}}
{"target": 0.89908147951162, "params": {"C": 2085.395660300773, "epsilon": 0.9536415485667779, "gamma": 0.015188328390230318, "lamda": 0.04149861486142341}, "datetime": {"datetime": "2021-09-24 09:24:06", "elapsed": 40.589318, "delta": 0.639674}}
{"target": 0.9012856828532654, "params": {"C": 1986.2573066492355, "epsilon": 0.44648293359166236, "gamma": 0.028775607302263473, "lamda": 0.29363790168061665}, "datetime": {"datetime": "2021-09-24 09:24:06", "elapsed": 41.260569, "delta": 0.671251}}
{"target": 0.8963433801585771, "params": {"C": 1906.2274405442815, "epsilon": 0.5931835434233267, "gamma": 0.015365777078472266, "lamda": 0.08721564339898263}, "datetime": {"datetime": "2021-09-24 09:24:07", "elapsed": 42.098767, "delta": 0.838198}}
{"target": 0.9107478749541719, "params": {"C": 1904.3805517404435, "epsilon": 0.2840694733594996, "gamma": 0.016757193596674973, "lamda": 0.061323328478657714}, "datetime": {"datetime": "2021-09-24 09:24:08", "elapsed": 42.860647, "delta": 0.76188}}
{"target": 0.9176850235873786, "params": {"C": 1933.8055627900155, "epsilon": 0.08333755853124372, "gamma": 0.06034625521770918, "lamda": 0.37110537972593094}, "datetime": {"datetime": "2021-09-24 09:24:09", "elapsed": 43.443038, "delta": 0.582391}}
{"target": 0.9085925410689617, "params": {"C": 1945.8926222314367, "epsilon": 0.17898418456627346, "gamma": 0.014904658353363492, "lamda": 0.006229724458738582}, "datetime": {"datetime": "2021-09-24 09:24:09", "elapsed": 44.275613, "delta": 0.832575}}
{"target": 0.8927917065868094, "params": {"C": 1952.7760881056274, "epsilon": 0.7382567286117583, "gamma": 0.037271997459895206, "lamda": 0.35317826706476824}, "datetime": {"datetime": "2021-09-24 09:24:10", "elapsed": 44.859878, "delta": 0.584265}}
{"target": 0.9071315354866553, "params": {"C": 1904.271503477851, "epsilon": 0.07639662840994554, "gamma": 0.013568576568262507, "lamda": 0.017540765403315457}, "datetime": {"datetime": "2021-09-24 09:24:11", "elapsed": 45.833775, "delta": 0.973897}}
{"target": 0.9126876901606047, "params": {"C": 2032.2932631394963, "epsilon": 0.14211048957868105, "gamma": 0.06833741397481563, "lamda": 0.34612875507632634}, "datetime": {"datetime": "2021-09-24 09:24:12", "elapsed": 46.649, "delta": 0.815225}}
{"target": 0.9208895659128469, "params": {"C": 1932.5457904095172, "epsilon": 0.27098593709039054, "gamma": 0.029751113394043863, "lamda": 0.09404455338686031}, "datetime": {"datetime": "2021-09-24 09:24:13", "elapsed": 47.304463, "delta": 0.655463}}
{"target": 0.9244519380494586, "params": {"C": 1946.1108420448425, "epsilon": 0.09573321170572785, "gamma": 0.04986594076196891, "lamda": 0.19203084657772784}, "datetime": {"datetime": "2021-09-24 09:24:13", "elapsed": 47.990468, "delta": 0.686005}}
{"target": 0.9064116925665813, "params": {"C": 1904.2179842176872, "epsilon": 0.25158426216674173, "gamma": 0.019803706288147642, "lamda": 0.16772363745130814}, "datetime": {"datetime": "2021-09-24 09:24:14", "elapsed": 48.828887, "delta": 0.838419}}
{"target": 0.9289611841087236, "params": {"C": 1946.1691362923245, "epsilon": 0.18367221653887017, "gamma": 0.040196940189428224, "lamda": 0.028182258645910487}, "datetime": {"datetime": "2021-09-24 09:24:15", "elapsed": 49.484813, "delta": 0.655926}}
{"target": 0.9276773110665977, "params": {"C": 1932.4815423122354, "epsilon": 0.06319097183283678, "gamma": 0.04120979396173446, "lamda": 0.07070315473333125}, "datetime": {"datetime": "2021-09-24 09:24:16", "elapsed": 50.319189, "delta": 0.834376}}
{"target": 0.9193599538762137, "params": {"C": 2032.8791733594971, "epsilon": 0.08552420645568513, "gamma": 0.029957655725309583, "lamda": 0.322986530781695}, "datetime": {"datetime": "2021-09-24 09:24:16", "elapsed": 50.994786, "delta": 0.675597}}
{"target": 0.9007497147457623, "params": {"C": 2051.7520960746133, "epsilon": 0.5238881381520016, "gamma": 0.020092360359869454, "lamda": 0.13394338251117271}, "datetime": {"datetime": "2021-09-24 09:24:17", "elapsed": 51.610266, "delta": 0.61548}}
{"target": 0.9065368998966765, "params": {"C": 1932.3354000702775, "epsilon": 0.21429556282760634, "gamma": 0.020139790358797486, "lamda": 0.20191980512314864}, "datetime": {"datetime": "2021-09-24 09:24:18", "elapsed": 52.291709, "delta": 0.681443}}
{"target": 0.900529416344315, "params": {"C": 1946.1264421945411, "epsilon": 0.09345046031683413, "gamma": 0.014548095464952096, "lamda": 0.32358273238260776}, "datetime": {"datetime": "2021-09-24 09:24:18", "elapsed": 52.927279, "delta": 0.63557}}
{"target": 0.9214138865925443, "params": {"C": 1932.4462228767663, "epsilon": 0.11553621724029234, "gamma": 0.05826243842603866, "lamda": 0.06972481812311924}, "datetime": {"datetime": "2021-09-24 09:24:19", "elapsed": 53.550985, "delta": 0.623706}}
{"target": 0.8986041575960164, "params": {"C": 2073.6843531509976, "epsilon": 0.7959292186370986, "gamma": 0.06049574738962546, "lamda": 0.25855767007288327}, "datetime": {"datetime": "2021-09-24 09:24:20", "elapsed": 54.372987, "delta": 0.822002}}
{"target": 0.9207330734201955, "params": {"C": 1945.8820977427056, "epsilon": 0.0329034412141188, "gamma": 0.060638426001945994, "lamda": 0.36584756096031523}, "datetime": {"datetime": "2021-09-24 09:24:20", "elapsed": 55.119556, "delta": 0.746569}}
{"target": 0.921329883881674, "params": {"C": 1946.0054567920577, "epsilon": 0.09699478433861415, "gamma": 0.061375197966763766, "lamda": 0.14325656104350687}, "datetime": {"datetime": "2021-09-24 09:24:21", "elapsed": 55.883191, "delta": 0.763635}}
{"target": 0.917655634977862, "params": {"C": 2032.744576788936, "epsilon": 0.07834097172128293, "gamma": 0.06397009573306096, "lamda": 0.3237634731685937}, "datetime": {"datetime": "2021-09-24 09:24:22", "elapsed": 56.508663, "delta": 0.625472}}
{"target": 0.9135134608981138, "params": {"C": 1915.065850470294, "epsilon": 0.5412863314333759, "gamma": 0.06458752949409159, "lamda": 0.11272405197337206}, "datetime": {"datetime": "2021-09-24 09:24:22", "elapsed": 57.172632, "delta": 0.663969}}
{"target": 0.9171623603598743, "params": {"C": 1945.9371799637622, "epsilon": 0.043790150326240354, "gamma": 0.06800776897846539, "lamda": 0.29006463823507506}, "datetime": {"datetime": "2021-09-24 09:24:23", "elapsed": 57.971085, "delta": 0.798453}}
{"target": 0.9169058357556658, "params": {"C": 1932.5583058316745, "epsilon": 0.11519857521392704, "gamma": 0.06981667467661393, "lamda": 0.11456429940568359}, "datetime": {"datetime": "2021-09-24 09:24:24", "elapsed": 58.71802, "delta": 0.746935}}
{"target": 0.900206913663381, "params": {"C": 1918.9873598003255, "epsilon": 0.6158346053251317, "gamma": 0.028929232904324254, "lamda": 0.23123778970736691}, "datetime": {"datetime": "2021-09-24 09:24:25", "elapsed": 59.331175, "delta": 0.613155}}
{"target": 0.928292187509892, "params": {"C": 1904.267569537317, "epsilon": 0.04579830933131127, "gamma": 0.03345265037623774, "lamda": 0.23300847853964946}, "datetime": {"datetime": "2021-09-24 09:24:25", "elapsed": 60.032395, "delta": 0.70122}}
{"target": 0.9145341457281017, "params": {"C": 1904.3215031606878, "epsilon": 0.12643758794503218, "gamma": 0.02548183451914402, "lamda": 0.2651404220825646}, "datetime": {"datetime": "2021-09-24 09:24:26", "elapsed": 60.837679, "delta": 0.805284}}
{"target": 0.9135623562670259, "params": {"C": 1945.957485995292, "epsilon": 0.09667442866471368, "gamma": 0.06995391031066488, "lamda": 0.3767030642618176}, "datetime": {"datetime": "2021-09-24 09:24:27", "elapsed": 61.619235, "delta": 0.781556}}
{"target": 0.9255221766773635, "params": {"C": 1932.3736138104432, "epsilon": 0.37304843980096336, "gamma": 0.03306163922994882, "lamda": 0.04697362618127186}, "datetime": {"datetime": "2021-09-24 09:24:28", "elapsed": 62.318182, "delta": 0.698947}}
{"target": 0.9177805266054758, "params": {"C": 1946.6139081986353, "epsilon": 0.4677101742567653, "gamma": 0.06802859727838093, "lamda": 0.04802691288163459}, "datetime": {"datetime": "2021-09-24 09:24:28", "elapsed": 62.957178, "delta": 0.638996}}
{"target": 0.9131204157144679, "params": {"C": 1946.2761320431339, "epsilon": 0.12997632423967803, "gamma": 0.0630619962799464, "lamda": 0.04133710317971695}, "datetime": {"datetime": "2021-09-24 09:24:29", "elapsed": 63.973388, "delta": 1.01621}}
{"target": 0.9187156626633864, "params": {"C": 1946.0758570923072, "epsilon": 0.15489238207854306, "gamma": 0.06662566150907989, "lamda": 0.11270737731300792}, "datetime": {"datetime": "2021-09-24 09:24:30", "elapsed": 64.686181, "delta": 0.712793}}
{"target": 0.9160525785308689, "params": {"C": 1999.6443617848074, "epsilon": 0.6678857848740779, "gamma": 0.06309517416898137, "lamda": 0.07003032387803912}, "datetime": {"datetime": "2021-09-24 09:24:31", "elapsed": 65.407785, "delta": 0.721604}}
{"target": 0.9194114633279187, "params": {"C": 2071.557002905431, "epsilon": 0.27222863265745145, "gamma": 0.046860868259423975, "lamda": 0.1674937157763118}, "datetime": {"datetime": "2021-09-24 09:24:31", "elapsed": 65.995797, "delta": 0.588012}}
{"target": 0.8917221391038676, "params": {"C": 1942.8073372508213, "epsilon": 0.3398439368681727, "gamma": 0.014415515842233988, "lamda": 0.18032579906708}, "datetime": {"datetime": "2021-09-24 09:24:32", "elapsed": 66.706801, "delta": 0.711004}}
{"target": 0.9270375249041988, "params": {"C": 2032.6728030055096, "epsilon": 0.03431614146123455, "gamma": 0.02702110048151385, "lamda": 0.25320234339531367}, "datetime": {"datetime": "2021-09-24 09:24:33", "elapsed": 67.411985, "delta": 0.705184}}
{"target": 0.9225660843028806, "params": {"C": 1908.0928578939497, "epsilon": 0.18874904112365948, "gamma": 0.05598093730061855, "lamda": 0.1120689503015192}, "datetime": {"datetime": "2021-09-24 09:24:33", "elapsed": 68.177578, "delta": 0.765593}}
{"target": 0.9149913336520137, "params": {"C": 2032.601176901731, "epsilon": 0.08669446324160876, "gamma": 0.02632942984326553, "lamda": 0.3787240447520309}, "datetime": {"datetime": "2021-09-24 09:24:34", "elapsed": 68.968638, "delta": 0.79106}}
{"target": 0.9304504249242392, "params": {"C": 2006.121130458405, "epsilon": 0.12221560501389772, "gamma": 0.03379087760024893, "lamda": 0.06537505490269256}, "datetime": {"datetime": "2021-09-24 09:24:35", "elapsed": 69.746138, "delta": 0.7775}}
{"target": 0.9268435796631331, "params": {"C": 1904.1626456152712, "epsilon": 0.060906766043036145, "gamma": 0.048269667426911876, "lamda": 0.1260381785160111}, "datetime": {"datetime": "2021-09-24 09:24:36", "elapsed": 70.47093, "delta": 0.724792}}
{"target": 0.9131401967540952, "params": {"C": 1932.5940946687238, "epsilon": 0.05275351019901828, "gamma": 0.024124069163503778, "lamda": 0.00448247539624479}, "datetime": {"datetime": "2021-09-24 09:24:37", "elapsed": 71.644821, "delta": 1.173891}}
{"target": 0.9197714593078681, "params": {"C": 2006.0431962066223, "epsilon": 0.04270677614536085, "gamma": 0.017463248342567954, "lamda": 0.10803894974733519}, "datetime": {"datetime": "2021-09-24 09:24:38", "elapsed": 72.559329, "delta": 0.914508}}
{"target": 0.9284972653185266, "params": {"C": 1946.3044381735797, "epsilon": 0.04627650964703622, "gamma": 0.02692574852679932, "lamda": 0.16107072842812123}, "datetime": {"datetime": "2021-09-24 09:24:39", "elapsed": 73.371195, "delta": 0.811866}}
{"target": 0.9164119602785702, "params": {"C": 1932.4288456303634, "epsilon": 0.30349125409393846, "gamma": 0.07, "lamda": 0.09112436868112103}, "datetime": {"datetime": "2021-09-24 09:24:40", "elapsed": 74.487697, "delta": 1.116502}}
{"target": 0.9254640755813491, "params": {"C": 1955.2911409123242, "epsilon": 0.8262884208591298, "gamma": 0.04177352018761141, "lamda": 0.023832859251152878}, "datetime": {"datetime": "2021-09-24 09:24:40", "elapsed": 75.264936, "delta": 0.777239}}
{"target": 0.9195827551333965, "params": {"C": 1989.3317164177604, "epsilon": 0.996814221971482, "gamma": 0.050044525431901535, "lamda": 0.041661512213747025}, "datetime": {"datetime": "2021-09-24 09:24:41", "elapsed": 76.072735, "delta": 0.807799}}
{"target": 0.9098820557570513, "params": {"C": 1946.0361471219944, "epsilon": 0.2766935187452415, "gamma": 0.013058401832932512, "lamda": 0.028804197902811343}, "datetime": {"datetime": "2021-09-24 09:24:42", "elapsed": 77.206048, "delta": 1.133313}}
{"target": 0.9211382897347998, "params": {"C": 1904.1438311646186, "epsilon": 0.08554009710389054, "gamma": 0.05764062845742545, "lamda": 0.2537464795866031}, "datetime": {"datetime": "2021-09-24 09:24:44", "elapsed": 78.326874, "delta": 1.120826}}
{"target": 0.9281078686539153, "params": {"C": 2006.2801829576736, "epsilon": 0.0982349810517743, "gamma": 0.026846115642560404, "lamda": 0.02443279979659092}, "datetime": {"datetime": "2021-09-24 09:24:45", "elapsed": 79.766042, "delta": 1.439168}}
{"target": 0.9131992333539376, "params": {"C": 1955.3977288967374, "epsilon": 0.7737514686478159, "gamma": 0.0534298830109151, "lamda": 0.0047962623695425085}, "datetime": {"datetime": "2021-09-24 09:24:46", "elapsed": 81.096411, "delta": 1.330369}}
{"target": 0.9128020716028356, "params": {"C": 1955.203909521505, "epsilon": 0.8343500137540861, "gamma": 0.048493283678231365, "lamda": 0.10705353728703766}, "datetime": {"datetime": "2021-09-24 09:24:48", "elapsed": 82.349963, "delta": 1.253552}}
{"target": 0.922156018629541, "params": {"C": 2011.1407973561352, "epsilon": 0.6710967143611639, "gamma": 0.046244062723029965, "lamda": 0.006256140901094733}, "datetime": {"datetime": "2021-09-24 09:24:48", "elapsed": 83.204629, "delta": 0.854666}}
