{"target": 0.9306141427803232, "params": {"C": 1396.949652087872, "epsilon": 0.08771045258180744, "gamma": 0.034367027693490766, "lamda": 0.05228770300262186}, "datetime": {"datetime": "2021-09-24 08:26:30", "elapsed": 386.354646, "delta": 2.621895}}
{"target": 0.8989719822429352, "params": {"C": 1407.7191500775698, "epsilon": 0.8951615020471819, "gamma": 0.05446315628752793, "lamda": 0.23937532878438053}, "datetime": {"datetime": "2021-09-24 08:26:32", "elapsed": 388.006408, "delta": 1.651762}}
{"target": 0.9251106488753964, "params": {"C": 1306.1673829514075, "epsilon": 0.17515040561103176, "gamma": 0.051534856698639844, "lamda": 0.09115107821858626}, "datetime": {"datetime": "2021-09-24 08:26:33", "elapsed": 389.621505, "delta": 1.615097}}
{"target": 0.9171509800481923, "params": {"C": 1310.4527909007859, "epsilon": 0.9248910288760316, "gamma": 0.06488425054445326, "lamda": 0.038505684437635114}, "datetime": {"datetime": "2021-09-24 08:26:36", "elapsed": 392.11301, "delta": 2.491505}}
{"target": 0.9214907233436405, "params": {"C": 1396.911940343289, "epsilon": 0.1290229779979165, "gamma": 0.05855327997505293, "lamda": 0.0651072485657485}, "datetime": {"datetime": "2021-09-24 08:26:38", "elapsed": 394.241775, "delta": 2.128765}}
{"target": 0.8969308582414117, "params": {"C": 1399.5441132944075, "epsilon": 0.8502758109313171, "gamma": 0.032090055542956984, "lamda": 0.22905468124487088}, "datetime": {"datetime": "2021-09-24 08:26:39", "elapsed": 395.865971, "delta": 1.624196}}
{"target": 0.9216095995697839, "params": {"C": 1396.99175255832, "epsilon": 0.06558101625239224, "gamma": 0.054738782176555145, "lamda": 0.09425495318120232}, "datetime": {"datetime": "2021-09-24 08:26:42", "elapsed": 398.173131, "delta": 2.30716}}
{"target": 0.9222964065586783, "params": {"C": 1408.31215712909, "epsilon": 0.057782998321873405, "gamma": 0.05033536307019061, "lamda": 0.38554094967450836}, "datetime": {"datetime": "2021-09-24 08:26:45", "elapsed": 401.356249, "delta": 3.183118}}
{"target": 0.9158738129701338, "params": {"C": 1524.3798259008902, "epsilon": 0.16056816979750188, "gamma": 0.06929001314323563, "lamda": 0.1921632487062584}, "datetime": {"datetime": "2021-09-24 08:26:47", "elapsed": 403.851015, "delta": 2.494766}}
{"target": 0.9144258014786437, "params": {"C": 1597.3483116043362, "epsilon": 0.47516726752733274, "gamma": 0.05020229908491138, "lamda": 0.16036163556033758}, "datetime": {"datetime": "2021-09-24 08:26:49", "elapsed": 405.500671, "delta": 1.649656}}
{"target": 0.9254828050258118, "params": {"C": 1434.2934857790206, "epsilon": 0.41800258856730055, "gamma": 0.023722693160072396, "lamda": 0.017322870519177795}, "datetime": {"datetime": "2021-09-24 08:26:51", "elapsed": 407.946074, "delta": 2.445403}}
{"target": 0.9044167910164839, "params": {"C": 1324.5970982821032, "epsilon": 0.397653628414109, "gamma": 0.04994007094399021, "lamda": 0.3947241549288147}, "datetime": {"datetime": "2021-09-24 08:26:53", "elapsed": 409.606601, "delta": 1.660527}}
{"target": 0.9150799322547131, "params": {"C": 1449.4833473923613, "epsilon": 0.6506228111269378, "gamma": 0.06542526778039978, "lamda": 0.07427044260429426}, "datetime": {"datetime": "2021-09-24 08:26:55", "elapsed": 411.289604, "delta": 1.683003}}
{"target": 0.9282493306660216, "params": {"C": 1434.2101167358644, "epsilon": 0.30717099952336546, "gamma": 0.04503414692418364, "lamda": 0.029802688279390716}, "datetime": {"datetime": "2021-09-24 08:26:57", "elapsed": 413.779738, "delta": 2.490134}}
{"target": 0.9161535438814885, "params": {"C": 1410.6465560001427, "epsilon": 0.6334861572383768, "gamma": 0.06455174015080598, "lamda": 0.06897582647767024}, "datetime": {"datetime": "2021-09-24 08:26:59", "elapsed": 415.489343, "delta": 1.709605}}
{"target": 0.9168458012253076, "params": {"C": 1312.2080613383694, "epsilon": 0.2246008471878481, "gamma": 0.06902529523945777, "lamda": 0.11763601575303176}, "datetime": {"datetime": "2021-09-24 08:27:01", "elapsed": 417.887266, "delta": 2.397923}}
{"target": 0.9041388620506299, "params": {"C": 1348.3535508579607, "epsilon": 0.06948282514604441, "gamma": 0.011945063510554422, "lamda": 0.10772655426078094}, "datetime": {"datetime": "2021-09-24 08:27:04", "elapsed": 420.617384, "delta": 2.730118}}
{"target": 0.8704485268906235, "params": {"C": 1397.6721277712134, "epsilon": 0.8519567447550392, "gamma": 0.0119472101010619, "lamda": 0.17796653579144306}, "datetime": {"datetime": "2021-09-24 08:27:06", "elapsed": 422.350178, "delta": 1.732794}}
{"target": 0.9268632877158722, "params": {"C": 1434.2039012912123, "epsilon": 0.3783891767163383, "gamma": 0.040097232509610774, "lamda": 0.04435774857720208}, "datetime": {"datetime": "2021-09-24 08:27:08", "elapsed": 424.595597, "delta": 2.245419}}
{"target": 0.8880519136946396, "params": {"C": 1327.969566917281, "epsilon": 0.3688033087916762, "gamma": 0.016781668878456994, "lamda": 0.29022592418338455}, "datetime": {"datetime": "2021-09-24 08:27:10", "elapsed": 426.357866, "delta": 1.762269}}
{"target": 0.9262281859809167, "params": {"C": 1306.1206070968144, "epsilon": 0.08579372413716728, "gamma": 0.05059309135335158, "lamda": 0.12294577991105199}, "datetime": {"datetime": "2021-09-24 08:27:12", "elapsed": 428.702224, "delta": 2.344358}}
{"target": 0.8950149823306441, "params": {"C": 1434.1740143022496, "epsilon": 0.34009393376201286, "gamma": 0.01, "lamda": 0.001}, "datetime": {"datetime": "2021-09-24 08:27:15", "elapsed": 431.644259, "delta": 2.942035}}
{"target": 0.896249505585373, "params": {"C": 1402.7046773260372, "epsilon": 0.5117726675575088, "gamma": 0.024840042753320583, "lamda": 0.273396414879476}, "datetime": {"datetime": "2021-09-24 08:27:17", "elapsed": 433.415809, "delta": 1.77155}}
{"target": 0.9105107958322668, "params": {"C": 1524.2657334956252, "epsilon": 0.03555010642610554, "gamma": 0.06979530141023843, "lamda": 0.17176340049042443}, "datetime": {"datetime": "2021-09-24 08:27:20", "elapsed": 436.61623, "delta": 3.200421}}
{"target": 0.8983930478986513, "params": {"C": 1480.0716106108807, "epsilon": 0.724843868544919, "gamma": 0.02235858599638965, "lamda": 0.14408365040758203}, "datetime": {"datetime": "2021-09-24 08:27:22", "elapsed": 438.555569, "delta": 1.939339}}
{"target": 0.9036795802031412, "params": {"C": 1599.2276618408298, "epsilon": 0.8831072397725472, "gamma": 0.04337153483686626, "lamda": 0.18964014059689782}, "datetime": {"datetime": "2021-09-24 08:27:24", "elapsed": 440.683861, "delta": 2.128292}}
{"target": 0.8902988772377199, "params": {"C": 1348.7639473121321, "epsilon": 0.3328332685687442, "gamma": 0.05349440913971779, "lamda": 0.001651155634343366}, "datetime": {"datetime": "2021-09-24 08:27:28", "elapsed": 444.138734, "delta": 3.454873}}
{"target": 0.9082801470394795, "params": {"C": 1524.2850962660189, "epsilon": 0.1700726413504228, "gamma": 0.017220219460154108, "lamda": 0.1392796174914597}, "datetime": {"datetime": "2021-09-24 08:27:30", "elapsed": 446.209522, "delta": 2.070788}}
{"target": 0.9118091151404848, "params": {"C": 1425.7985971412668, "epsilon": 0.05702098306715493, "gamma": 0.015279926156852749, "lamda": 0.16025805907933802}, "datetime": {"datetime": "2021-09-24 08:27:33", "elapsed": 449.007436, "delta": 2.797914}}
{"target": 0.9188485672864243, "params": {"C": 1348.6921629565704, "epsilon": 0.33441764416977926, "gamma": 0.02556583993941773, "lamda": 0.06957909024571196}, "datetime": {"datetime": "2021-09-24 08:27:35", "elapsed": 451.434232, "delta": 2.426796}}
{"target": 0.902458170645866, "params": {"C": 1504.773302852907, "epsilon": 0.7834335513028995, "gamma": 0.05493913105019002, "lamda": 0.22667180069673118}, "datetime": {"datetime": "2021-09-24 08:27:37", "elapsed": 453.211954, "delta": 1.777722}}
{"target": 0.8841160326286485, "params": {"C": 1580.6481813613866, "epsilon": 0.17476168428108405, "gamma": 0.011157392021976886, "lamda": 0.2997158021010983}, "datetime": {"datetime": "2021-09-24 08:27:39", "elapsed": 455.165396, "delta": 1.953442}}
{"target": 0.8930024530777552, "params": {"C": 1319.7425881360655, "epsilon": 0.6505484817007654, "gamma": 0.026287349512706185, "lamda": 0.2834987473726544}, "datetime": {"datetime": "2021-09-24 08:27:40", "elapsed": 456.985812, "delta": 1.820416}}
{"target": 0.9019914652176326, "params": {"C": 1434.2226096265524, "epsilon": 0.4707751210845209, "gamma": 0.012832662508855078, "lamda": 0.04087618031889613}, "datetime": {"datetime": "2021-09-24 08:27:43", "elapsed": 459.60128, "delta": 2.615468}}
{"target": 0.9308869812547611, "params": {"C": 1396.8624784376777, "epsilon": 0.05539277192813462, "gamma": 0.034772396332933206, "lamda": 0.11893315001475019}, "datetime": {"datetime": "2021-09-24 08:27:45", "elapsed": 461.852885, "delta": 2.251605}}
{"target": 0.9076483037311004, "params": {"C": 1445.247203556231, "epsilon": 0.8440658892790366, "gamma": 0.05473934145101867, "lamda": 0.1527903129318457}, "datetime": {"datetime": "2021-09-24 08:27:47", "elapsed": 463.733628, "delta": 1.880743}}
{"target": 0.9183331273748255, "params": {"C": 1348.4278797264974, "epsilon": 0.09559285574680239, "gamma": 0.06587492925115682, "lamda": 0.21709375528496072}, "datetime": {"datetime": "2021-09-24 08:27:50", "elapsed": 466.30449, "delta": 2.570862}}
{"target": 0.9097943932986384, "params": {"C": 1363.3508423263538, "epsilon": 0.6603822751115254, "gamma": 0.0392572497899386, "lamda": 0.16250372686068973}, "datetime": {"datetime": "2021-09-24 08:27:52", "elapsed": 468.257206, "delta": 1.952716}}
{"target": 0.9269101907584768, "params": {"C": 1340.5351627801128, "epsilon": 0.2814343193264004, "gamma": 0.02616288357462973, "lamda": 0.012060021138080905}, "datetime": {"datetime": "2021-09-24 08:27:54", "elapsed": 470.409976, "delta": 2.15277}}
{"target": 0.9141422120044502, "params": {"C": 1331.095945013676, "epsilon": 0.03910073225593336, "gamma": 0.06278393249389505, "lamda": 0.13925084384427902}, "datetime": {"datetime": "2021-09-24 08:27:57", "elapsed": 473.045024, "delta": 2.635048}}
{"target": 0.9108195484276262, "params": {"C": 1385.7055491846977, "epsilon": 0.583852217067559, "gamma": 0.050115847623680695, "lamda": 0.17948711130008912}, "datetime": {"datetime": "2021-09-24 08:27:59", "elapsed": 475.254376, "delta": 2.209352}}
{"target": 0.923191898592195, "params": {"C": 1369.2472009603057, "epsilon": 0.13539343989747588, "gamma": 0.0536485786740017, "lamda": 0.15104400331364318}, "datetime": {"datetime": "2021-09-24 08:28:01", "elapsed": 477.204404, "delta": 1.950028}}
{"target": 0.8984091945904931, "params": {"C": 1500.498679756409, "epsilon": 0.1458460320727389, "gamma": 0.010293726753586538, "lamda": 0.09718506303990698}, "datetime": {"datetime": "2021-09-24 08:28:04", "elapsed": 480.762161, "delta": 3.557757}}
{"target": 0.903485611768392, "params": {"C": 1594.1154586661046, "epsilon": 0.47366072404852644, "gamma": 0.03255395462214459, "lamda": 0.28571787020879247}, "datetime": {"datetime": "2021-09-24 08:28:06", "elapsed": 482.556167, "delta": 1.794006}}
{"target": 0.9047958922247988, "params": {"C": 1392.9295347726147, "epsilon": 0.589530441911254, "gamma": 0.02336424693851469, "lamda": 0.12176138367228462}, "datetime": {"datetime": "2021-09-24 08:28:08", "elapsed": 484.465668, "delta": 1.909501}}
{"target": 0.9152563512992297, "params": {"C": 1425.8121634810057, "epsilon": 0.09602444434556773, "gamma": 0.05993567926561521, "lamda": 0.054020261951028894}, "datetime": {"datetime": "2021-09-24 08:28:11", "elapsed": 487.891075, "delta": 3.425407}}
{"target": 0.8922962027878493, "params": {"C": 1481.718489019799, "epsilon": 0.6931935352260036, "gamma": 0.022664626176245393, "lamda": 0.2218280859597452}, "datetime": {"datetime": "2021-09-24 08:28:13", "elapsed": 489.687996, "delta": 1.796921}}
{"target": 0.8965323671158967, "params": {"C": 1504.8028455338826, "epsilon": 0.5044468083110161, "gamma": 0.016431565556320946, "lamda": 0.11935481571268808}, "datetime": {"datetime": "2021-09-24 08:28:15", "elapsed": 491.676601, "delta": 1.988605}}
{"target": 0.9093270631544228, "params": {"C": 1431.1744413721026, "epsilon": 0.9389531817571337, "gamma": 0.04680043909277897, "lamda": 0.12644610981249163}, "datetime": {"datetime": "2021-09-24 08:28:17", "elapsed": 493.631538, "delta": 1.954937}}
{"target": 0.9278474291617188, "params": {"C": 1434.2280444059622, "epsilon": 0.23030008185478246, "gamma": 0.04056200840917864, "lamda": 0.06116429142756962}, "datetime": {"datetime": "2021-09-24 08:28:21", "elapsed": 497.574145, "delta": 3.942607}}
{"target": 0.9255784969643733, "params": {"C": 1434.3019091241804, "epsilon": 0.26397100565897036, "gamma": 0.04951491952766656, "lamda": 0.06336408939704626}, "datetime": {"datetime": "2021-09-24 08:28:24", "elapsed": 500.421871, "delta": 2.847726}}
{"target": 0.9157223394943779, "params": {"C": 1434.2495115530037, "epsilon": 0.35891412328764366, "gamma": 0.07, "lamda": 0.030098582275751046}, "datetime": {"datetime": "2021-09-24 08:28:27", "elapsed": 503.571474, "delta": 3.149603}}
{"target": 0.868906802230051, "params": {"C": 1313.9710812552262, "epsilon": 0.7644746480472299, "gamma": 0.017201185713739093, "lamda": 0.37966582299564844}, "datetime": {"datetime": "2021-09-24 08:28:29", "elapsed": 505.368777, "delta": 1.797303}}
{"target": 0.9270890914180875, "params": {"C": 1396.9140340247789, "epsilon": 0.039104722585767096, "gamma": 0.04773164187074249, "lamda": 0.22717815598385704}, "datetime": {"datetime": "2021-09-24 08:28:32", "elapsed": 508.467263, "delta": 3.098486}}
{"target": 0.9083440402071384, "params": {"C": 1390.4563814537607, "epsilon": 0.9743529651749532, "gamma": 0.06498682135430485, "lamda": 0.10479596368896968}, "datetime": {"datetime": "2021-09-24 08:28:34", "elapsed": 510.585005, "delta": 2.117742}}
{"target": 0.9170662107408495, "params": {"C": 1306.0470258228768, "epsilon": 0.20231659117727713, "gamma": 0.06711229674460109, "lamda": 0.14581586149413112}, "datetime": {"datetime": "2021-09-24 08:28:37", "elapsed": 513.798414, "delta": 3.213409}}
{"target": 0.9244012521830487, "params": {"C": 1348.735797332906, "epsilon": 0.04322712704478984, "gamma": 0.031591887944676135, "lamda": 0.3621733473560091}, "datetime": {"datetime": "2021-09-24 08:28:39", "elapsed": 515.911848, "delta": 2.113434}}
{"target": 0.9207723981212147, "params": {"C": 1369.2931239095649, "epsilon": 0.24617443331614397, "gamma": 0.03325694385718146, "lamda": 0.12638041598601527}, "datetime": {"datetime": "2021-09-24 08:28:42", "elapsed": 518.037166, "delta": 2.125318}}
{"target": 0.927195061850474, "params": {"C": 1348.2213947553903, "epsilon": 0.04527551156702615, "gamma": 0.03901503126371018, "lamda": 0.06488697523556342}, "datetime": {"datetime": "2021-09-24 08:28:44", "elapsed": 520.071064, "delta": 2.033898}}
{"target": 0.9064501375481623, "params": {"C": 1396.8831735674116, "epsilon": 0.034840731063012116, "gamma": 0.04888111160560623, "lamda": 0.037837767805861816}, "datetime": {"datetime": "2021-09-24 08:28:46", "elapsed": 522.719701, "delta": 2.648637}}
{"target": 0.9183294205464079, "params": {"C": 1434.3072085102408, "epsilon": 0.25967178546634306, "gamma": 0.018816943732158416, "lamda": 0.008159632170495833}, "datetime": {"datetime": "2021-09-24 08:28:49", "elapsed": 525.459082, "delta": 2.739381}}
{"target": 0.9017079433997309, "params": {"C": 1373.6157810621496, "epsilon": 0.7108294001421352, "gamma": 0.027461452269230822, "lamda": 0.170560507665015}, "datetime": {"datetime": "2021-09-24 08:28:51", "elapsed": 527.426257, "delta": 1.967175}}
{"target": 0.8909391325970478, "params": {"C": 1333.3531760654805, "epsilon": 0.81795664420853, "gamma": 0.055097643738716215, "lamda": 0.3627801170554955}, "datetime": {"datetime": "2021-09-24 08:28:53", "elapsed": 529.328097, "delta": 1.90184}}
{"target": 0.9098735126446647, "params": {"C": 1340.5704183163182, "epsilon": 0.31103366346201866, "gamma": 0.04294640698006106, "lamda": 0.0017405702324397982}, "datetime": {"datetime": "2021-09-24 08:28:56", "elapsed": 532.805993, "delta": 3.477896}}
{"target": 0.9071006013111371, "params": {"C": 1547.9660677056281, "epsilon": 0.7984774829327275, "gamma": 0.0263469419871475, "lamda": 0.09439382039070471}, "datetime": {"datetime": "2021-09-24 08:28:58", "elapsed": 534.819569, "delta": 2.013576}}
{"target": 0.919453216670569, "params": {"C": 1310.568684664544, "epsilon": 0.9046372155754951, "gamma": 0.020204652018791527, "lamda": 0.010966109210206361}, "datetime": {"datetime": "2021-09-24 08:29:01", "elapsed": 537.786287, "delta": 2.966718}}
{"target": 0.888780097157545, "params": {"C": 1383.2673696277648, "epsilon": 0.5667125977332578, "gamma": 0.019387129385400957, "lamda": 0.2476496770729437}, "datetime": {"datetime": "2021-09-24 08:29:04", "elapsed": 540.132609, "delta": 2.346322}}
{"target": 0.925186540493101, "params": {"C": 1369.192670150673, "epsilon": 0.13611808427004565, "gamma": 0.053143328732852206, "lamda": 0.07788841947552129}, "datetime": {"datetime": "2021-09-24 08:29:06", "elapsed": 542.701143, "delta": 2.568534}}
{"target": 0.9107344594403555, "params": {"C": 1305.9551711796746, "epsilon": 0.0955454283633207, "gamma": 0.0667447583503015, "lamda": 0.05755931018767304}, "datetime": {"datetime": "2021-09-24 08:29:09", "elapsed": 545.397692, "delta": 2.696549}}
{"target": 0.9181369149019174, "params": {"C": 1370.3624934871912, "epsilon": 0.14840948623621547, "gamma": 0.04709246773925325, "lamda": 0.33664566625454373}, "datetime": {"datetime": "2021-09-24 08:29:11", "elapsed": 547.542349, "delta": 2.144657}}
{"target": 0.8976057302286338, "params": {"C": 1337.8948284047553, "epsilon": 0.9145555811212792, "gamma": 0.06362935492667825, "lamda": 0.2284662350281005}, "datetime": {"datetime": "2021-09-24 08:29:13", "elapsed": 549.509073, "delta": 1.966724}}
{"target": 0.9184844956321891, "params": {"C": 1421.5239473485888, "epsilon": 0.1040419225674382, "gamma": 0.05713400021340968, "lamda": 0.32314623902586126}, "datetime": {"datetime": "2021-09-24 08:29:17", "elapsed": 553.243123, "delta": 3.73405}}
{"target": 0.9020175999440945, "params": {"C": 1542.9563630337202, "epsilon": 0.4575696534335564, "gamma": 0.04351182075732465, "lamda": 0.3886494294453821}, "datetime": {"datetime": "2021-09-24 08:29:19", "elapsed": 555.56768, "delta": 2.324557}}
{"target": 0.9207348629964861, "params": {"C": 1434.2365266973386, "epsilon": 0.18007078311702596, "gamma": 0.019806441859607483, "lamda": 0.01957781633227494}, "datetime": {"datetime": "2021-09-24 08:29:22", "elapsed": 558.693706, "delta": 3.126026}}
{"target": 0.8982686239769646, "params": {"C": 1523.5518961041662, "epsilon": 0.859866934990085, "gamma": 0.05710251814804424, "lamda": 0.2526121976690217}, "datetime": {"datetime": "2021-09-24 08:29:24", "elapsed": 560.867786, "delta": 2.17408}}
{"target": 0.9000521662105341, "params": {"C": 1425.865001633956, "epsilon": 0.10551130768746717, "gamma": 0.01, "lamda": 0.05080799037879525}, "datetime": {"datetime": "2021-09-24 08:29:27", "elapsed": 563.920798, "delta": 3.053012}}
{"target": 0.8811710654555249, "params": {"C": 1421.7108840568762, "epsilon": 0.2808379805507062, "gamma": 0.012207809335038497, "lamda": 0.2865774683827298}, "datetime": {"datetime": "2021-09-24 08:29:29", "elapsed": 565.961542, "delta": 2.040744}}
{"target": 0.9160142908360842, "params": {"C": 1463.9713947600876, "epsilon": 0.03641568629750888, "gamma": 0.06689903657910932, "lamda": 0.2260672794354147}, "datetime": {"datetime": "2021-09-24 08:29:32", "elapsed": 568.132521, "delta": 2.170979}}
{"target": 0.922543364799709, "params": {"C": 1434.2704724988503, "epsilon": 0.22480312567586042, "gamma": 0.0413618902242288, "lamda": 0.1343461484353375}, "datetime": {"datetime": "2021-09-24 08:29:34", "elapsed": 570.917164, "delta": 2.784643}}
{"target": 0.9170812718169655, "params": {"C": 1500.445874925056, "epsilon": 0.2163990220398388, "gamma": 0.07, "lamda": 0.08762227378732441}, "datetime": {"datetime": "2021-09-24 08:29:37", "elapsed": 573.800103, "delta": 2.882939}}
{"target": 0.9261371127240442, "params": {"C": 1367.6842653315161, "epsilon": 0.40735027569215687, "gamma": 0.02553391713342185, "lamda": 0.023214662692801123}, "datetime": {"datetime": "2021-09-24 08:29:40", "elapsed": 576.434627, "delta": 2.634524}}
{"target": 0.9160944887731888, "params": {"C": 1500.5397898140668, "epsilon": 0.23451973752659697, "gamma": 0.07, "lamda": 0.12715677848836307}, "datetime": {"datetime": "2021-09-24 08:29:45", "elapsed": 581.310994, "delta": 4.876367}}
{"target": 0.9197330918774835, "params": {"C": 1331.0301174724607, "epsilon": 0.13581884718832507, "gamma": 0.019917143949011187, "lamda": 0.06577782080516832}, "datetime": {"datetime": "2021-09-24 08:29:48", "elapsed": 584.173174, "delta": 2.86218}}
{"target": 0.9114721384089669, "params": {"C": 1396.9465385477738, "epsilon": 0.09334632145424095, "gamma": 0.017677888099332788, "lamda": 0.19478921350125353}, "datetime": {"datetime": "2021-09-24 08:29:50", "elapsed": 586.82733, "delta": 2.654156}}
{"target": 0.8733795097883916, "params": {"C": 1465.2256373309424, "epsilon": 0.4672437911628543, "gamma": 0.013253744652353402, "lamda": 0.32564525004963457}, "datetime": {"datetime": "2021-09-24 08:29:52", "elapsed": 588.810853, "delta": 1.983523}}
{"target": 0.9169326564742679, "params": {"C": 1331.0377118686529, "epsilon": 0.080422949709606, "gamma": 0.06301197685985668, "lamda": 0.08633359078613453}, "datetime": {"datetime": "2021-09-24 08:29:55", "elapsed": 591.518203, "delta": 2.70735}}
{"target": 0.917913282830426, "params": {"C": 1396.8784671088656, "epsilon": 0.046943288467646144, "gamma": 0.018201177230769697, "lamda": 0.11598473042455575}, "datetime": {"datetime": "2021-09-24 08:29:58", "elapsed": 594.025247, "delta": 2.507044}}
{"target": 0.9169624054939669, "params": {"C": 1355.2417415325813, "epsilon": 0.3697556075784426, "gamma": 0.06962600870394142, "lamda": 0.066485000933984}, "datetime": {"datetime": "2021-09-24 08:30:00", "elapsed": 596.158901, "delta": 2.133654}}
