{"target": 0.9014705328506646, "params": {"C": 1222.9611861984658, "epsilon": 0.6588622428724319, "gamma": 0.026845905880950982, "lamda": 0.17974358465181034}, "datetime": {"datetime": "2021-09-23 23:36:50", "elapsed": 551.239256, "delta": 1.862587}}
{"target": 0.8942166030814345, "params": {"C": 1155.2704714249637, "epsilon": 0.7451239592073331, "gamma": 0.028759445218644528, "lamda": 0.2637989615806301}, "datetime": {"datetime": "2021-09-23 23:36:52", "elapsed": 553.204684, "delta": 1.965428}}
{"target": 0.9226440737376995, "params": {"C": 1127.1040298113305, "epsilon": 0.19890829320948233, "gamma": 0.05486583357048493, "lamda": 0.03644385951214646}, "datetime": {"datetime": "2021-09-23 23:36:55", "elapsed": 555.901338, "delta": 2.696654}}
{"target": 0.9259640031995043, "params": {"C": 1185.8802595297277, "epsilon": 0.062488303635243776, "gamma": 0.028975818808076828, "lamda": 0.19690389533119113}, "datetime": {"datetime": "2021-09-23 23:36:57", "elapsed": 557.857397, "delta": 1.956059}}
{"target": 0.8970759762513107, "params": {"C": 1238.0623097431767, "epsilon": 0.1157855860820079, "gamma": 0.01378344319059161, "lamda": 0.30209828150791534}, "datetime": {"datetime": "2021-09-23 23:36:59", "elapsed": 559.817194, "delta": 1.959797}}
{"target": 0.9281164430903922, "params": {"C": 1228.5175922190542, "epsilon": 0.07481796599957574, "gamma": 0.044641697387989884, "lamda": 0.14244419164609154}, "datetime": {"datetime": "2021-09-23 23:37:02", "elapsed": 563.064047, "delta": 3.246853}}
{"target": 0.9212982643506566, "params": {"C": 1253.7680007070853, "epsilon": 0.12234512061877283, "gamma": 0.033188304605596644, "lamda": 0.22699821346862825}, "datetime": {"datetime": "2021-09-23 23:37:04", "elapsed": 564.945091, "delta": 1.881044}}
{"target": 0.9084392470519206, "params": {"C": 1179.9801808850152, "epsilon": 0.8606366171145389, "gamma": 0.03199760667053937, "lamda": 0.10938757450719948}, "datetime": {"datetime": "2021-09-23 23:37:06", "elapsed": 566.862019, "delta": 1.916928}}
{"target": 0.9235783082038252, "params": {"C": 1206.728731834915, "epsilon": 0.2615533032202012, "gamma": 0.05577025507922758, "lamda": 0.06478943313252469}, "datetime": {"datetime": "2021-09-23 23:37:08", "elapsed": 568.951534, "delta": 2.089515}}
{"target": 0.9193768983056982, "params": {"C": 1258.314558821593, "epsilon": 0.09608883794612322, "gamma": 0.06411128295010039, "lamda": 0.10890718159129135}, "datetime": {"datetime": "2021-09-23 23:37:10", "elapsed": 570.949339, "delta": 1.997805}}
{"target": 0.9230582917885305, "params": {"C": 1127.1333845118288, "epsilon": 0.25914884506780267, "gamma": 0.043726951253753255, "lamda": 0.11005953359051526}, "datetime": {"datetime": "2021-09-23 23:37:13", "elapsed": 573.859965, "delta": 2.910626}}
{"target": 0.921452906093511, "params": {"C": 1291.2246053797921, "epsilon": 0.45911800944903236, "gamma": 0.060827986253878814, "lamda": 0.03552589640914555}, "datetime": {"datetime": "2021-09-23 23:37:15", "elapsed": 575.757596, "delta": 1.897631}}
{"target": 0.906894550975275, "params": {"C": 1119.4640937689758, "epsilon": 0.9699703846417923, "gamma": 0.06088060444614128, "lamda": 0.12932098390609498}, "datetime": {"datetime": "2021-09-23 23:37:17", "elapsed": 577.749914, "delta": 1.992318}}
{"target": 0.8897475765926268, "params": {"C": 1193.9250712556568, "epsilon": 0.8569194013172342, "gamma": 0.03476742952868786, "lamda": 0.33279214649126493}, "datetime": {"datetime": "2021-09-23 23:37:18", "elapsed": 579.627013, "delta": 1.877099}}
{"target": 0.9144310199671851, "params": {"C": 1212.4792458464683, "epsilon": 0.19560378803467024, "gamma": 0.032647761498657515, "lamda": 0.3001751693746094}, "datetime": {"datetime": "2021-09-23 23:37:21", "elapsed": 581.673039, "delta": 2.046026}}
{"target": 0.91994306012472, "params": {"C": 1228.4557811528568, "epsilon": 0.10220218440378882, "gamma": 0.022093336107775353, "lamda": 0.134877200094517}, "datetime": {"datetime": "2021-09-23 23:37:23", "elapsed": 584.237239, "delta": 2.5642}}
{"target": 0.9104051357363898, "params": {"C": 1227.0051797652225, "epsilon": 0.8506995751052617, "gamma": 0.03917601461255663, "lamda": 0.11988809885253744}, "datetime": {"datetime": "2021-09-23 23:37:25", "elapsed": 586.112241, "delta": 1.875002}}
{"target": 0.9193760744839092, "params": {"C": 1179.971003610223, "epsilon": 0.7587252446131074, "gamma": 0.038356318313058246, "lamda": 0.05494337435680421}, "datetime": {"datetime": "2021-09-23 23:37:28", "elapsed": 589.218519, "delta": 3.106278}}
{"target": 0.9264820853976811, "params": {"C": 1184.04947359947, "epsilon": 0.11356980365969059, "gamma": 0.032913547249162345, "lamda": 0.13113309814373802}, "datetime": {"datetime": "2021-09-23 23:37:32", "elapsed": 592.648904, "delta": 3.430385}}
{"target": 0.9217009880901693, "params": {"C": 1185.87364306856, "epsilon": 0.04300897814067003, "gamma": 0.056285781388199105, "lamda": 0.16209412091565814}, "datetime": {"datetime": "2021-09-23 23:37:35", "elapsed": 595.809504, "delta": 3.1606}}
{"target": 0.8997396795347412, "params": {"C": 1119.0328412297354, "epsilon": 0.47048699393754045, "gamma": 0.06675773236789372, "lamda": 0.3625052786903887}, "datetime": {"datetime": "2021-09-23 23:37:37", "elapsed": 597.744452, "delta": 1.934948}}
{"target": 0.9294826475825102, "params": {"C": 1228.518261747898, "epsilon": 0.09362370890200275, "gamma": 0.036115662698876796, "lamda": 0.10816151236910661}, "datetime": {"datetime": "2021-09-23 23:37:40", "elapsed": 601.250326, "delta": 3.505874}}
{"target": 0.9124406441581794, "params": {"C": 1167.0831103162352, "epsilon": 0.463874367935624, "gamma": 0.06776328592653585, "lamda": 0.1319219562920728}, "datetime": {"datetime": "2021-09-23 23:37:42", "elapsed": 603.327346, "delta": 2.07702}}
{"target": 0.9133496803642365, "params": {"C": 1234.4172348240593, "epsilon": 0.1977706541159066, "gamma": 0.05667885164642898, "lamda": 0.3569026124554637}, "datetime": {"datetime": "2021-09-23 23:37:44", "elapsed": 605.320303, "delta": 1.992957}}
{"target": 0.9168166192383103, "params": {"C": 1265.6591118545366, "epsilon": 0.1492067987032285, "gamma": 0.036526803655391585, "lamda": 0.3584064672437641}, "datetime": {"datetime": "2021-09-23 23:37:46", "elapsed": 607.4903, "delta": 2.169997}}
{"target": 0.8882226346867059, "params": {"C": 1229.077876866938, "epsilon": 0.3523486441743092, "gamma": 0.01696168795572843, "lamda": 0.30590524080959847}, "datetime": {"datetime": "2021-09-23 23:37:48", "elapsed": 609.565303, "delta": 2.075003}}
{"target": 0.9248855839150621, "params": {"C": 1246.5127480813558, "epsilon": 0.9920213810858296, "gamma": 0.044281761418545666, "lamda": 0.0203778069503623}, "datetime": {"datetime": "2021-09-23 23:37:50", "elapsed": 611.6149, "delta": 2.049597}}
{"target": 0.9177673838202763, "params": {"C": 1250.9180681782086, "epsilon": 0.5631827285891081, "gamma": 0.04924469076336146, "lamda": 0.09671364283886538}, "datetime": {"datetime": "2021-09-23 23:37:53", "elapsed": 613.918939, "delta": 2.304039}}
{"target": 0.9045392604551962, "params": {"C": 1260.7207666147758, "epsilon": 0.4113750786131546, "gamma": 0.06638601842489804, "lamda": 0.30678725221408476}, "datetime": {"datetime": "2021-09-23 23:37:55", "elapsed": 616.065578, "delta": 2.146639}}
{"target": 0.9212389807705714, "params": {"C": 1184.0347344065685, "epsilon": 0.140795385532407, "gamma": 0.03672906959912378, "lamda": 0.2255583623284227}, "datetime": {"datetime": "2021-09-23 23:37:59", "elapsed": 619.647174, "delta": 3.581596}}
{"target": 0.9199301373138306, "params": {"C": 1100.0517775325377, "epsilon": 0.3518582353067452, "gamma": 0.03523406540961768, "lamda": 0.10554376850827034}, "datetime": {"datetime": "2021-09-23 23:38:01", "elapsed": 621.663175, "delta": 2.016001}}
{"target": 0.898803031297727, "params": {"C": 1193.3417508777538, "epsilon": 0.5879825087183271, "gamma": 0.05887408108290103, "lamda": 0.3450430895882376}, "datetime": {"datetime": "2021-09-23 23:38:03", "elapsed": 623.835014, "delta": 2.171839}}
{"target": 0.9133829307470483, "params": {"C": 1264.582080308825, "epsilon": 0.4613969789939957, "gamma": 0.06208653291472197, "lamda": 0.1453834328539021}, "datetime": {"datetime": "2021-09-23 23:38:05", "elapsed": 625.980396, "delta": 2.145382}}
{"target": 0.9036445500876176, "params": {"C": 1253.6552333615632, "epsilon": 0.7884600319173051, "gamma": 0.055963825702950235, "lamda": 0.20886066316783466}, "datetime": {"datetime": "2021-09-23 23:38:07", "elapsed": 627.950706, "delta": 1.97031}}
{"target": 0.892333670660934, "params": {"C": 1281.7043863309868, "epsilon": 0.5894125724785576, "gamma": 0.01627517357657593, "lamda": 0.13488874169321968}, "datetime": {"datetime": "2021-09-23 23:38:09", "elapsed": 630.212627, "delta": 2.261921}}
{"target": 0.924388653413668, "params": {"C": 1228.5127542351443, "epsilon": 0.14176721493750533, "gamma": 0.03629359374531148, "lamda": 0.15339678997520542}, "datetime": {"datetime": "2021-09-23 23:38:12", "elapsed": 633.522068, "delta": 3.309441}}
{"target": 0.9215952186169314, "params": {"C": 1168.502678378333, "epsilon": 0.14116350758816582, "gamma": 0.028845391477605363, "lamda": 0.15338367086867397}, "datetime": {"datetime": "2021-09-23 23:38:15", "elapsed": 635.705072, "delta": 2.183004}}
{"target": 0.9112903878701787, "params": {"C": 1193.6555458442433, "epsilon": 0.21573572169594038, "gamma": 0.017151253977435096, "lamda": 0.08148883869325743}, "datetime": {"datetime": "2021-09-23 23:38:18", "elapsed": 638.845712, "delta": 3.14064}}
{"target": 0.9063362224776894, "params": {"C": 1248.9941611894337, "epsilon": 0.3059107014825222, "gamma": 0.03489422628942402, "lamda": 0.39186309858435037}, "datetime": {"datetime": "2021-09-23 23:38:20", "elapsed": 640.876716, "delta": 2.031004}}
{"target": 0.9265135707059783, "params": {"C": 1172.2350390765182, "epsilon": 0.060781845107088894, "gamma": 0.03628805515461428, "lamda": 0.2448435042453805}, "datetime": {"datetime": "2021-09-23 23:38:23", "elapsed": 644.153405, "delta": 3.276689}}
{"target": 0.9298114990904638, "params": {"C": 1193.514720875248, "epsilon": 0.12644152856077256, "gamma": 0.03193207591923489, "lamda": 0.061370637711013795}, "datetime": {"datetime": "2021-09-23 23:38:26", "elapsed": 647.077685, "delta": 2.92428}}
{"target": 0.89459440241151, "params": {"C": 1104.0748657637535, "epsilon": 0.9134372501170503, "gamma": 0.03749718725726454, "lamda": 0.26978345146589594}, "datetime": {"datetime": "2021-09-23 23:38:28", "elapsed": 649.131686, "delta": 2.054001}}
{"target": 0.9083060670615296, "params": {"C": 1229.6919959962459, "epsilon": 0.9978601281398866, "gamma": 0.06659982490395011, "lamda": 0.09844571587132123}, "datetime": {"datetime": "2021-09-23 23:38:30", "elapsed": 651.035892, "delta": 1.904206}}
{"target": 0.8848556365685518, "params": {"C": 1111.680881069365, "epsilon": 0.8756261502040515, "gamma": 0.028170572992870506, "lamda": 0.331646235516188}, "datetime": {"datetime": "2021-09-23 23:38:32", "elapsed": 653.054013, "delta": 2.018121}}
{"target": 0.9003267044545178, "params": {"C": 1180.845738730658, "epsilon": 0.06764207911976293, "gamma": 0.01161165365631527, "lamda": 0.22165357430095117}, "datetime": {"datetime": "2021-09-23 23:38:35", "elapsed": 656.147644, "delta": 3.093631}}
{"target": 0.9146123926497091, "params": {"C": 1172.3538592730438, "epsilon": 0.3633115388609215, "gamma": 0.05963051674671606, "lamda": 0.1713890386081548}, "datetime": {"datetime": "2021-09-23 23:38:37", "elapsed": 658.389561, "delta": 2.241917}}
{"target": 0.8945670773296585, "params": {"C": 1279.9962260764876, "epsilon": 0.7841283469255622, "gamma": 0.034189860487037475, "lamda": 0.29243461807884064}, "datetime": {"datetime": "2021-09-23 23:38:39", "elapsed": 660.561137, "delta": 2.171576}}
{"target": 0.9254030388050046, "params": {"C": 1354.2641286533492, "epsilon": 0.05012939087861945, "gamma": 0.04801889409557653, "lamda": 0.29977274913290614}, "datetime": {"datetime": "2021-09-24 08:03:43", "elapsed": 0.0, "delta": 0.0}}
{"target": 0.9018684753678818, "params": {"C": 1299.701402460518, "epsilon": 0.24805274616492223, "gamma": 0.02188377188557744, "lamda": 0.30445175416738457}, "datetime": {"datetime": "2021-09-24 08:03:44", "elapsed": 0.385621, "delta": 0.385621}}
{"target": 0.9184286531256303, "params": {"C": 1233.8221673125072, "epsilon": 0.11568961974878995, "gamma": 0.05112158910206784, "lamda": 0.3814039451317797}, "datetime": {"datetime": "2021-09-24 08:03:44", "elapsed": 0.706408, "delta": 0.320787}}
{"target": 0.9065873958203501, "params": {"C": 1200.789653265583, "epsilon": 0.5268264954842033, "gamma": 0.05875725769912682, "lamda": 0.2453979006649259}, "datetime": {"datetime": "2021-09-24 08:03:45", "elapsed": 1.056919, "delta": 0.350511}}
{"target": 0.9090910920795383, "params": {"C": 1344.3510634863599, "epsilon": 0.31311978612551417, "gamma": 0.06506644735077662, "lamda": 0.28611573757567854}, "datetime": {"datetime": "2021-09-24 08:03:45", "elapsed": 1.414358, "delta": 0.357439}}
{"target": 0.9289376546059349, "params": {"C": 1246.0065261871637, "epsilon": 0.2143536366860862, "gamma": 0.03813334536474346, "lamda": 0.05393966604095758}, "datetime": {"datetime": "2021-09-24 08:03:45", "elapsed": 1.899339, "delta": 0.484981}}
{"target": 0.8921174622199229, "params": {"C": 1245.70669531436, "epsilon": 0.4484072146808388, "gamma": 0.02332513033539814, "lamda": 0.3488141974956611}, "datetime": {"datetime": "2021-09-24 08:03:46", "elapsed": 2.304151, "delta": 0.404812}}
{"target": 0.9113802925212338, "params": {"C": 1269.3314574520741, "epsilon": 0.21875341349367206, "gamma": 0.019338594339044984, "lamda": 0.11142359070502497}, "datetime": {"datetime": "2021-09-24 08:03:46", "elapsed": 2.777422, "delta": 0.473271}}
{"target": 0.9264371279071131, "params": {"C": 1204.0892017199521, "epsilon": 0.0921769038139145, "gamma": 0.04495343042761878, "lamda": 0.16828231117332992}, "datetime": {"datetime": "2021-09-24 08:03:47", "elapsed": 3.285599, "delta": 0.508177}}
{"target": 0.8932515169362125, "params": {"C": 1322.000123167643, "epsilon": 0.9246166610991446, "gamma": 0.052568298727638366, "lamda": 0.30060708528951074}, "datetime": {"datetime": "2021-09-24 08:03:47", "elapsed": 3.706906, "delta": 0.421307}}
{"target": 0.8867461124040971, "params": {"C": 1365.0598974153684, "epsilon": 0.5469901009103314, "gamma": 0.02387050364069023, "lamda": 0.38801409740661935}, "datetime": {"datetime": "2021-09-24 08:03:48", "elapsed": 4.152115, "delta": 0.445209}}
{"target": 0.9147161131539967, "params": {"C": 1352.859462776694, "epsilon": 0.4263613725529165, "gamma": 0.04116365170829408, "lamda": 0.1726199596478999}, "datetime": {"datetime": "2021-09-24 08:03:48", "elapsed": 4.556359, "delta": 0.404244}}
{"target": 0.9234008410092367, "params": {"C": 1208.1927974211915, "epsilon": 0.24970575151699523, "gamma": 0.029538806038617985, "lamda": 0.07614434650662687}, "datetime": {"datetime": "2021-09-24 08:03:49", "elapsed": 5.06387, "delta": 0.507511}}
{"target": 0.915658557292589, "params": {"C": 1351.0043832350534, "epsilon": 0.4471411630965273, "gamma": 0.03651889915045838, "lamda": 0.13664776639560702}, "datetime": {"datetime": "2021-09-24 08:03:49", "elapsed": 5.503491, "delta": 0.439621}}
{"target": 0.8969631061132024, "params": {"C": 1333.928092656194, "epsilon": 0.2745572831340398, "gamma": 0.02215344086976446, "lamda": 0.38089384826327377}, "datetime": {"datetime": "2021-09-24 08:03:49", "elapsed": 5.997233, "delta": 0.493742}}
{"target": 0.8894015919532324, "params": {"C": 1343.1758135726275, "epsilon": 0.2896058011055015, "gamma": 0.015435774900384742, "lamda": 0.2804854242243259}, "datetime": {"datetime": "2021-09-24 08:03:50", "elapsed": 6.452006, "delta": 0.454773}}
{"target": 0.917834612351756, "params": {"C": 1246.919618549168, "epsilon": 0.15639106627129726, "gamma": 0.04265382653142713, "lamda": 0.3320759476460242}, "datetime": {"datetime": "2021-09-24 08:03:50", "elapsed": 6.936812, "delta": 0.484806}}
{"target": 0.9240121796423031, "params": {"C": 1280.9847740143966, "epsilon": 0.07267066579701993, "gamma": 0.04542615441043764, "lamda": 0.2885863430885429}, "datetime": {"datetime": "2021-09-24 08:03:51", "elapsed": 7.393735, "delta": 0.456923}}
{"target": 0.9031663548270021, "params": {"C": 1295.7858136301597, "epsilon": 0.4438792787024942, "gamma": 0.04835694648809192, "lamda": 0.3826743911968713}, "datetime": {"datetime": "2021-09-24 08:03:51", "elapsed": 7.818648, "delta": 0.424913}}
{"target": 0.8910577174619095, "params": {"C": 1255.7965658264413, "epsilon": 0.48302557696029136, "gamma": 0.018704373724292987, "lamda": 0.2352963091250836}, "datetime": {"datetime": "2021-09-24 08:03:52", "elapsed": 8.255418, "delta": 0.43677}}
{"target": 0.8995450310255141, "params": {"C": 1325.4699433340056, "epsilon": 0.840468156941798, "gamma": 0.04001073426486995, "lamda": 0.24049272285154935}, "datetime": {"datetime": "2021-09-24 08:03:52", "elapsed": 8.709495, "delta": 0.454077}}
{"target": 0.9141443037260455, "params": {"C": 1328.0099545625753, "epsilon": 0.28598520842260444, "gamma": 0.01935845146978839, "lamda": 0.06485631268236246}, "datetime": {"datetime": "2021-09-24 08:03:53", "elapsed": 9.175879, "delta": 0.466384}}
{"target": 0.9157157814939999, "params": {"C": 1212.7608426898794, "epsilon": 0.40481452294546694, "gamma": 0.06927688834063415, "lamda": 0.08784405548445551}, "datetime": {"datetime": "2021-09-24 08:03:53", "elapsed": 9.675934, "delta": 0.500055}}
{"target": 0.9152676545932069, "params": {"C": 1293.8822967732722, "epsilon": 0.9682829352450285, "gamma": 0.0368260001476184, "lamda": 0.06474426345499094}, "datetime": {"datetime": "2021-09-24 08:03:54", "elapsed": 10.237673, "delta": 0.561739}}
{"target": 0.9187557706932422, "params": {"C": 1306.2716533314333, "epsilon": 0.22088191272355492, "gamma": 0.06666630799997007, "lamda": 0.0801408866955507}, "datetime": {"datetime": "2021-09-24 08:03:54", "elapsed": 10.719187, "delta": 0.481514}}
{"target": 0.9112235722864664, "params": {"C": 1262.1062240147312, "epsilon": 0.35527707611318426, "gamma": 0.06980865542978751, "lamda": 0.17967989838707407}, "datetime": {"datetime": "2021-09-24 08:03:55", "elapsed": 11.212929, "delta": 0.493742}}
{"target": 0.8886319228238259, "params": {"C": 1218.1313867402525, "epsilon": 0.28436264120703036, "gamma": 0.013817017265212093, "lamda": 0.23522559280818225}, "datetime": {"datetime": "2021-09-24 08:03:55", "elapsed": 11.653856, "delta": 0.440927}}
{"target": 0.890387363635433, "params": {"C": 1333.6031451071706, "epsilon": 0.9456452693573992, "gamma": 0.0638734341970012, "lamda": 0.30012222199821087}, "datetime": {"datetime": "2021-09-24 08:03:56", "elapsed": 12.157053, "delta": 0.503197}}
{"target": 0.9165954090912631, "params": {"C": 1341.9423018703249, "epsilon": 0.2319225994792417, "gamma": 0.04840015111077136, "lamda": 0.261808460219463}, "datetime": {"datetime": "2021-09-24 08:03:56", "elapsed": 12.624476, "delta": 0.467423}}
{"target": 0.8992348167360193, "params": {"C": 1318.4171906646159, "epsilon": 0.7848259921626908, "gamma": 0.060205643821522443, "lamda": 0.25429917482121994}, "datetime": {"datetime": "2021-09-24 08:03:57", "elapsed": 13.059897, "delta": 0.435421}}
{"target": 0.9000681291895208, "params": {"C": 1257.250705749311, "epsilon": 0.4917098986245436, "gamma": 0.01035607858425128, "lamda": 0.005911731269281357}, "datetime": {"datetime": "2021-09-24 08:03:57", "elapsed": 13.635957, "delta": 0.57606}}
{"target": 0.8653621492998834, "params": {"C": 1210.4290789066683, "epsilon": 0.6307830821623754, "gamma": 0.010354663744515885, "lamda": 0.23261716036577582}, "datetime": {"datetime": "2021-09-24 08:03:58", "elapsed": 14.070151, "delta": 0.434194}}
{"target": 0.926950834260547, "params": {"C": 1232.4512053319347, "epsilon": 0.25257844290657305, "gamma": 0.030772476628517974, "lamda": 0.008917478112143079}, "datetime": {"datetime": "2021-09-24 08:03:58", "elapsed": 14.796384, "delta": 0.726233}}
{"target": 0.9142458635547797, "params": {"C": 1335.6219709088532, "epsilon": 0.6616971550039416, "gamma": 0.05867078936891688, "lamda": 0.10218318542956042}, "datetime": {"datetime": "2021-09-24 08:03:59", "elapsed": 15.399002, "delta": 0.602618}}
{"target": 0.8828598320551279, "params": {"C": 1278.1850259231228, "epsilon": 0.8432943808149355, "gamma": 0.029580188503789788, "lamda": 0.38569796879367957}, "datetime": {"datetime": "2021-09-24 08:03:59", "elapsed": 15.941675, "delta": 0.542673}}
{"target": 0.8868726855332089, "params": {"C": 1203.8924087619769, "epsilon": 0.6798103780253164, "gamma": 0.028205701193274757, "lamda": 0.38711623056022165}, "datetime": {"datetime": "2021-09-24 08:04:00", "elapsed": 16.451241, "delta": 0.509566}}
{"target": 0.9249034586728528, "params": {"C": 1332.7282430923435, "epsilon": 0.05697677083400467, "gamma": 0.0430910027144322, "lamda": 0.3231812419854612}, "datetime": {"datetime": "2021-09-24 08:04:00", "elapsed": 17.045922, "delta": 0.594681}}
{"target": 0.9183722092393907, "params": {"C": 1200.6241263305653, "epsilon": 0.5194409895162766, "gamma": 0.046616465768687214, "lamda": 0.09962233242153017}, "datetime": {"datetime": "2021-09-24 08:04:01", "elapsed": 17.605731, "delta": 0.559809}}
{"target": 0.9180214384881947, "params": {"C": 1328.143069768811, "epsilon": 0.0943648777378669, "gamma": 0.058817940695245735, "lamda": 0.3593937206570151}, "datetime": {"datetime": "2021-09-24 08:04:02", "elapsed": 18.153627, "delta": 0.547896}}
{"target": 0.9207489060862002, "params": {"C": 1245.9563184070807, "epsilon": 0.12128915587303771, "gamma": 0.06259442214987324, "lamda": 0.12843371876400358}, "datetime": {"datetime": "2021-09-24 08:04:02", "elapsed": 18.686725, "delta": 0.533098}}
{"target": 0.9113780853571322, "params": {"C": 1230.736103132051, "epsilon": 0.799390704162155, "gamma": 0.06558497066623334, "lamda": 0.09358558380939572}, "datetime": {"datetime": "2021-09-24 08:04:03", "elapsed": 19.269947, "delta": 0.583222}}
