{"target": -2.098294228792193, "params": {"C": 405.9207087222995, "epsilon": 0.19023023845423093, "gamma": 0.046607245491089216, "lamda": 0.25792069476063584}, "datetime": {"datetime": "2021-09-23 13:52:13", "elapsed": 474.359428, "delta": 1.758176}}
{"target": -2.17623616012545, "params": {"C": 597.3483116043363, "epsilon": 0.4805779142538551, "gamma": 0.11370421498900418, "lamda": 0.125826752662902}, "datetime": {"datetime": "2021-09-23 13:52:14", "elapsed": 475.732691, "delta": 1.373263}}
{"target": -2.041846750490207, "params": {"C": 530.8142551996004, "epsilon": 0.23848512602695607, "gamma": 0.048087587403073354, "lamda": 0.058291359533430745}, "datetime": {"datetime": "2021-09-23 13:52:17", "elapsed": 478.122389, "delta": 2.389698}}
{"target": -2.2585238295887775, "params": {"C": 324.5970982821033, "epsilon": 0.403863384822211, "gamma": 0.11322346339731537, "lamda": 0.2961654258881109}, "datetime": {"datetime": "2021-09-23 13:52:18", "elapsed": 479.403498, "delta": 1.281109}}
{"target": -2.0407962330982845, "params": {"C": 417.46332126557434, "epsilon": 0.28125032727605204, "gamma": 0.05027306701349847, "lamda": 0.09623377528257805}, "datetime": {"datetime": "2021-09-23 13:52:20", "elapsed": 481.325093, "delta": 1.921595}}
{"target": -2.0630389033914485, "params": {"C": 405.84768179161136, "epsilon": 0.09840025902486253, "gamma": 0.0811607188785406, "lamda": 0.2477818663717851}, "datetime": {"datetime": "2021-09-23 13:52:23", "elapsed": 484.408286, "delta": 3.083193}}
{"target": -2.1112267078505917, "params": {"C": 463.898638365103, "epsilon": 0.2620209374043139, "gamma": 0.06359380977188595, "lamda": 0.013877035078343643}, "datetime": {"datetime": "2021-09-23 13:52:26", "elapsed": 486.905553, "delta": 2.497267}}
{"target": -2.2029953971928515, "params": {"C": 310.38924366122467, "epsilon": 0.8883378592851733, "gamma": 0.12310034284224447, "lamda": 0.044625642553625215}, "datetime": {"datetime": "2021-09-23 13:52:28", "elapsed": 489.097867, "delta": 2.192314}}
{"target": -2.065954719851784, "params": {"C": 463.73872101008266, "epsilon": 0.07081116905990001, "gamma": 0.04268988472354979, "lamda": 0.08611494589927789}, "datetime": {"datetime": "2021-09-23 13:52:31", "elapsed": 492.435986, "delta": 3.338119}}
{"target": -2.2151218110476956, "params": {"C": 397.67212777121335, "epsilon": 0.853482963881276, "gamma": 0.04356988518528015, "lamda": 0.13862229418425687}, "datetime": {"datetime": "2021-09-23 13:52:33", "elapsed": 494.328981, "delta": 1.892995}}
{"target": -2.1025611621051437, "params": {"C": 417.3000654018405, "epsilon": 0.1611316466980886, "gamma": 0.045832067376626255, "lamda": 0.297483550291468}, "datetime": {"datetime": "2021-09-23 13:52:36", "elapsed": 496.945984, "delta": 2.617003}}
{"target": -2.1272872005330483, "params": {"C": 327.96956691728116, "epsilon": 0.37531049117526716, "gamma": 0.05243305961050449, "lamda": 0.22021433086010403}, "datetime": {"datetime": "2021-09-23 13:52:38", "elapsed": 498.964983, "delta": 2.018999}}
{"target": -2.0684632678586783, "params": {"C": 417.33237597317265, "epsilon": 0.04, "gamma": 0.04, "lamda": 0.20502175389541072}, "datetime": {"datetime": "2021-09-23 13:52:41", "elapsed": 502.067989, "delta": 3.103006}}
{"target": -2.0872740267521124, "params": {"C": 396.9211596395866, "epsilon": 0.21534723412701237, "gamma": 0.07786587277697941, "lamda": 0.23691782016594992}, "datetime": {"datetime": "2021-09-23 13:52:43", "elapsed": 504.708984, "delta": 2.640995}}
{"target": -2.1351140317034454, "params": {"C": 417.6888973511808, "epsilon": 0.2784259612642373, "gamma": 0.08749191533888251, "lamda": 0.25017573301459795}, "datetime": {"datetime": "2021-09-23 13:52:46", "elapsed": 507.137985, "delta": 2.429001}}
{"target": -2.0799101664658637, "params": {"C": 530.9158611635547, "epsilon": 0.18487969921976422, "gamma": 0.04181581599341123, "lamda": 0.15407353644454355}, "datetime": {"datetime": "2021-09-23 13:52:49", "elapsed": 510.247994, "delta": 3.110009}}
{"target": -2.116843242142052, "params": {"C": 480.07161061088084, "epsilon": 0.7276805296939405, "gamma": 0.0626574076600477, "lamda": 0.11399563563458343}, "datetime": {"datetime": "2021-09-23 13:52:51", "elapsed": 512.338257, "delta": 2.090263}}
{"target": -2.2465092298076503, "params": {"C": 599.2276618408298, "epsilon": 0.8843123197748921, "gamma": 0.10118114720092147, "lamda": 0.14710686910551468}, "datetime": {"datetime": "2021-09-23 13:52:53", "elapsed": 514.470021, "delta": 2.131764}}
{"target": -2.0140320327481676, "params": {"C": 309.1952849076233, "epsilon": 0.49576295238129825, "gamma": 0.07544576099563301, "lamda": 0.03332821601562843}, "datetime": {"datetime": "2021-09-23 13:52:57", "elapsed": 517.904651, "delta": 3.43463}}
{"target": -2.1392157637971074, "params": {"C": 417.19621970838955, "epsilon": 0.054835293476504926, "gamma": 0.1005367675081601, "lamda": 0.25378287650106607}, "datetime": {"datetime": "2021-09-23 13:52:59", "elapsed": 520.309322, "delta": 2.404671}}
{"target": -2.1846818541268447, "params": {"C": 417.35810575123026, "epsilon": 0.19615265133476759, "gamma": 0.11710860425166456, "lamda": 0.2464536471570875}, "datetime": {"datetime": "2021-09-23 13:53:02", "elapsed": 523.47689, "delta": 3.167568}}
{"target": -2.0546091488747997, "params": {"C": 382.00510389187144, "epsilon": 0.9443046668187127, "gamma": 0.042721043571949904, "lamda": 0.020126342283413447}, "datetime": {"datetime": "2021-09-23 13:53:05", "elapsed": 526.283141, "delta": 2.806251}}
{"target": -2.2853604053957532, "params": {"C": 504.7733028529069, "epsilon": 0.7856661951039006, "gamma": 0.12238840692534836, "lamda": 0.17402211078208532}, "datetime": {"datetime": "2021-09-23 13:53:07", "elapsed": 528.074265, "delta": 1.791124}}
{"target": -2.1088567324849907, "params": {"C": 580.6481813613866, "epsilon": 0.18326929578334092, "gamma": 0.04212188537362429, "lamda": 0.22711173586295366}, "datetime": {"datetime": "2021-09-23 13:53:09", "elapsed": 529.908908, "delta": 1.834643}}
{"target": -2.0589492329456256, "params": {"C": 310.26191256237826, "epsilon": 0.9580237529765818, "gamma": 0.04291983556477924, "lamda": 0.030986255208987117}, "datetime": {"datetime": "2021-09-23 13:53:11", "elapsed": 532.632956, "delta": 2.724048}}
{"target": -2.0984100545297792, "params": {"C": 309.1731557187369, "epsilon": 0.5726405810312996, "gamma": 0.04, "lamda": 0.01}, "datetime": {"datetime": "2021-09-23 13:53:15", "elapsed": 536.773421, "delta": 4.140465}}
{"target": -2.3196266888202057, "params": {"C": 309.25328822470095, "epsilon": 0.4529037806325595, "gamma": 0.14450257475057376, "lamda": 0.0208448416561701}, "datetime": {"datetime": "2021-09-23 13:53:19", "elapsed": 540.239346, "delta": 3.465925}}
{"target": -2.2422620531253594, "params": {"C": 445.2472035562309, "epsilon": 0.8456734574307991, "gamma": 0.12202212599353421, "lamda": 0.12032378634144171}, "datetime": {"datetime": "2021-09-23 13:53:22", "elapsed": 543.538299, "delta": 3.298953}}
{"target": -2.0182297585334665, "params": {"C": 310.3789255707783, "epsilon": 0.9737737634332464, "gamma": 0.06798997300632839, "lamda": 0.018643624921603826}, "datetime": {"datetime": "2021-09-23 13:53:26", "elapsed": 547.671238, "delta": 4.132939}}
{"target": -2.1649603422853136, "params": {"C": 363.3508423263539, "epsilon": 0.6638834887701693, "gamma": 0.0936382912815541, "lamda": 0.12738366112681707}, "datetime": {"datetime": "2021-09-23 13:53:29", "elapsed": 550.476123, "delta": 2.804885}}
{"target": -2.0654229801990396, "params": {"C": 340.53516278011284, "epsilon": 0.2888422129415921, "gamma": 0.0696319532201545, "lamda": 0.01803861185474552}, "datetime": {"datetime": "2021-09-23 13:53:32", "elapsed": 552.936048, "delta": 2.459925}}
{"target": -2.0299678509592938, "params": {"C": 405.8365280123674, "epsilon": 0.16200491112854704, "gamma": 0.051761156509111346, "lamda": 0.13978648607236663}, "datetime": {"datetime": "2021-09-23 13:53:35", "elapsed": 555.893822, "delta": 2.957774}}
{"target": -2.2025135896174173, "params": {"C": 385.70554918469776, "epsilon": 0.5881424003967594, "gamma": 0.11354572064341459, "lamda": 0.13972747437851088}, "datetime": {"datetime": "2021-09-23 13:53:37", "elapsed": 558.292613, "delta": 2.398791}}
{"target": -2.071888787703653, "params": {"C": 530.7748722590138, "epsilon": 0.23919109595431579, "gamma": 0.08291586377983562, "lamda": 0.1263990594134481}, "datetime": {"datetime": "2021-09-23 13:53:40", "elapsed": 560.854625, "delta": 2.562012}}
{"target": -2.0290300354654183, "params": {"C": 338.231579782116, "epsilon": 0.11883571824184419, "gamma": 0.051315687341488475, "lamda": 0.19241297172757266}, "datetime": {"datetime": "2021-09-23 13:53:45", "elapsed": 566.602257, "delta": 5.747632}}
{"target": -2.1746328950057445, "params": {"C": 594.1154586661047, "epsilon": 0.479086902151119, "gamma": 0.08134891680726508, "lamda": 0.21693780040238048}, "datetime": {"datetime": "2021-09-23 13:53:48", "elapsed": 569.098899, "delta": 2.496642}}
{"target": -2.0664851827447905, "params": {"C": 392.9295347726146, "epsilon": 0.5937620868400041, "gamma": 0.06450111938727693, "lamda": 0.09777143174176074}, "datetime": {"datetime": "2021-09-23 13:53:50", "elapsed": 571.790194, "delta": 2.691295}}
{"target": -2.128409343381239, "params": {"C": 382.02892386589394, "epsilon": 0.8403329411501613, "gamma": 0.09239903179019397, "lamda": 0.07026989355452952}, "datetime": {"datetime": "2021-09-23 13:53:55", "elapsed": 576.259161, "delta": 4.468967}}
{"target": -2.1739334418471308, "params": {"C": 481.718489019799, "epsilon": 0.6963564884710963, "gamma": 0.06321848132311655, "lamda": 0.17050161636171957}, "datetime": {"datetime": "2021-09-23 13:53:58", "elapsed": 578.868511, "delta": 2.60935}}
{"target": -2.0707669138432263, "params": {"C": 504.80284553388265, "epsilon": 0.5095556041016241, "gamma": 0.05179120351992173, "lamda": 0.09602229713453518}, "datetime": {"datetime": "2021-09-23 13:54:01", "elapsed": 581.910122, "delta": 3.041611}}
{"target": -2.207573674331135, "params": {"C": 431.1744413721025, "epsilon": 0.9395825303988128, "gamma": 0.10746747167009477, "lamda": 0.10117637054040744}, "datetime": {"datetime": "2021-09-23 13:54:04", "elapsed": 585.226643, "delta": 3.316521}}
{"target": -2.00385316105738, "params": {"C": 309.0858828496493, "epsilon": 0.49188346427445157, "gamma": 0.06480959915055569, "lamda": 0.037869071407302016}, "datetime": {"datetime": "2021-09-23 13:54:10", "elapsed": 590.854998, "delta": 5.628355}}
{"target": -2.0962727289890135, "params": {"C": 309.0057099947778, "epsilon": 0.49038717403874504, "gamma": 0.061146259222752464, "lamda": 0.14857326951975167}, "datetime": {"datetime": "2021-09-23 13:54:16", "elapsed": 597.20878, "delta": 6.353782}}
{"target": -2.0688671778059424, "params": {"C": 309.15052088472964, "epsilon": 0.8159867504564718, "gamma": 0.0867079243545947, "lamda": 0.03692839507736055}, "datetime": {"datetime": "2021-09-23 13:54:21", "elapsed": 602.782309, "delta": 5.573529}}
{"target": -2.3144052375609214, "params": {"C": 313.97108125522624, "epsilon": 0.7669027444591141, "gamma": 0.05320217380852167, "lamda": 0.28522077360585973}, "datetime": {"datetime": "2021-09-23 13:54:24", "elapsed": 605.763966, "delta": 2.981657}}
{"target": -2.132860496456263, "params": {"C": 464.54719350993605, "epsilon": 0.78486905046208, "gamma": 0.06489868240044709, "lamda": 0.1157488817957591}, "datetime": {"datetime": "2021-09-23 13:54:30", "elapsed": 611.142975, "delta": 5.379009}}
{"target": -2.2629765123127905, "params": {"C": 390.45638145376074, "epsilon": 0.97461736759583, "gamma": 0.1408091724828922, "lamda": 0.08544067536291028}, "datetime": {"datetime": "2021-09-23 13:54:34", "elapsed": 615.036052, "delta": 3.893077}}
{"target": -2.3524073375286902, "params": {"C": 562.8291802233713, "epsilon": 0.894826739363306, "gamma": 0.139232369661797, "lamda": 0.01}, "datetime": {"datetime": "2021-09-23 13:54:40", "elapsed": 621.079198, "delta": 6.043146}}
{"target": -2.030111336355393, "params": {"C": 530.7631453894958, "epsilon": 0.22742201911219392, "gamma": 0.05575546732121253, "lamda": 0.06379696371530556}, "datetime": {"datetime": "2021-09-23 13:54:44", "elapsed": 624.914788, "delta": 3.83559}}
{"target": -2.059963421890926, "params": {"C": 405.88581210256257, "epsilon": 0.20478530940545667, "gamma": 0.04173118841217303, "lamda": 0.09715172411889507}, "datetime": {"datetime": "2021-09-23 13:54:50", "elapsed": 631.695967, "delta": 6.781179}}
{"target": -2.0939224204695837, "params": {"C": 578.7630755621126, "epsilon": 0.22216122655919787, "gamma": 0.066499592604554, "lamda": 0.2898954043892611}, "datetime": {"datetime": "2021-09-23 13:54:53", "elapsed": 634.064059, "delta": 2.368092}}
{"target": -2.1319646968507437, "params": {"C": 340.64261240186806, "epsilon": 0.23686883923610683, "gamma": 0.061538501890289005, "lamda": 0.012691816625238958}, "datetime": {"datetime": "2021-09-23 13:54:56", "elapsed": 637.153669, "delta": 3.08961}}
{"target": -2.2423153911622706, "params": {"C": 392.8626793745884, "epsilon": 0.6609772138557275, "gamma": 0.11561537781903519, "lamda": 0.1693365429475}, "datetime": {"datetime": "2021-09-23 13:54:59", "elapsed": 640.600648, "delta": 3.446979}}
{"target": -2.145525656586045, "params": {"C": 373.6157810621496, "epsilon": 0.7138105403468555, "gamma": 0.07201266249358984, "lamda": 0.1332394667239457}, "datetime": {"datetime": "2021-09-23 13:55:02", "elapsed": 642.900284, "delta": 2.299636}}
{"target": -2.2374275986544236, "params": {"C": 310.2873506409904, "epsilon": 0.9712167745052613, "gamma": 0.0640295591975633, "lamda": 0.1686342054288734}, "datetime": {"datetime": "2021-09-23 13:55:04", "elapsed": 645.395075, "delta": 2.494791}}
{"target": -2.0687354835708036, "params": {"C": 405.75505289512625, "epsilon": 0.16397447646395125, "gamma": 0.08594989851559177, "lamda": 0.12405088966939577}, "datetime": {"datetime": "2021-09-23 13:55:07", "elapsed": 648.43495, "delta": 3.039875}}
{"target": -2.0828447137618986, "params": {"C": 547.9660677056281, "epsilon": 0.8005550346550705, "gamma": 0.06996939364310376, "lamda": 0.07788022033409614}, "datetime": {"datetime": "2021-09-23 13:55:09", "elapsed": 650.612212, "delta": 2.177262}}
{"target": -2.011532742047881, "params": {"C": 310.5686846645439, "epsilon": 0.9056203370644076, "gamma": 0.0587085287011178, "lamda": 0.01724353802245575}, "datetime": {"datetime": "2021-09-23 13:55:12", "elapsed": 653.724037, "delta": 3.111825}}
{"target": -2.160904895823762, "params": {"C": 383.26736962776465, "epsilon": 0.5711794781689974, "gamma": 0.057209737206568426, "lamda": 0.18926918885000918}, "datetime": {"datetime": "2021-09-23 13:55:14", "elapsed": 655.477334, "delta": 1.753297}}
{"target": -2.0729041432765856, "params": {"C": 310.5194107846877, "epsilon": 0.9703614453636823, "gamma": 0.04673025689796419, "lamda": 0.04397261950019445}, "datetime": {"datetime": "2021-09-23 13:55:18", "elapsed": 659.380456, "delta": 3.903122}}
{"target": -2.003324655265052, "params": {"C": 308.9896600392867, "epsilon": 0.3624540271127295, "gamma": 0.055662182329011684, "lamda": 0.04277961910636398}, "datetime": {"datetime": "2021-09-23 13:55:23", "elapsed": 663.935547, "delta": 4.555091}}
{"target": -2.275805176101513, "params": {"C": 309.05827548631225, "epsilon": 0.4409250625161669, "gamma": 0.14487792696171134, "lamda": 0.05086922226847116}, "datetime": {"datetime": "2021-09-23 13:55:26", "elapsed": 667.415434, "delta": 3.479887}}
{"target": -2.337966004732778, "params": {"C": 337.89482840475534, "epsilon": 0.915436451418998, "gamma": 0.13832048403224342, "lamda": 0.17532633623596275}, "datetime": {"datetime": "2021-09-23 13:55:28", "elapsed": 669.455568, "delta": 2.040134}}
{"target": -2.025677136335058, "params": {"C": 338.301619588076, "epsilon": 0.08849344510697185, "gamma": 0.049422713877962744, "lamda": 0.1962937781403895}, "datetime": {"datetime": "2021-09-23 13:55:32", "elapsed": 673.176508, "delta": 3.72094}}
{"target": -2.1169001247690495, "params": {"C": 308.85328957769156, "epsilon": 0.35554988564664775, "gamma": 0.09660782872433485, "lamda": 0.12220085168371457}, "datetime": {"datetime": "2021-09-23 13:55:35", "elapsed": 676.675766, "delta": 3.499258}}
{"target": -2.076116544083628, "params": {"C": 308.8987121232372, "epsilon": 0.30927012612123816, "gamma": 0.052096598736066445, "lamda": 0.018375663753229417}, "datetime": {"datetime": "2021-09-23 13:55:39", "elapsed": 679.888069, "delta": 3.212303}}
{"target": -2.327394475383183, "params": {"C": 523.5518961041662, "epsilon": 0.8613116057633832, "gamma": 0.12635461660474775, "lamda": 0.19287603339352455}, "datetime": {"datetime": "2021-09-23 13:55:41", "elapsed": 681.88948, "delta": 2.001411}}
{"target": -2.1040146952582752, "params": {"C": 308.97755414915054, "epsilon": 0.37655852650863597, "gamma": 0.06661011494982731, "lamda": 0.19559594345949957}, "datetime": {"datetime": "2021-09-23 13:55:44", "elapsed": 685.364384, "delta": 3.474904}}
{"target": -2.1310848851328106, "params": {"C": 421.7108840568762, "epsilon": 0.2882520219883278, "gamma": 0.04404765044757058, "lamda": 0.21756257100499157}, "datetime": {"datetime": "2021-09-23 13:55:46", "elapsed": 687.457856, "delta": 2.093472}}
{"target": -2.0646026755840987, "params": {"C": 463.7462298918157, "epsilon": 0.06881695730552727, "gamma": 0.04, "lamda": 0.2105636269683391}, "datetime": {"datetime": "2021-09-23 13:55:50", "elapsed": 690.898888, "delta": 3.441032}}
{"target": -2.0289110470071714, "params": {"C": 309.43869407830505, "epsilon": 0.8093487336843295, "gamma": 0.05866186443823416, "lamda": 0.042424566184919174}, "datetime": {"datetime": "2021-09-23 13:55:53", "elapsed": 694.315189, "delta": 3.416301}}
