{"target": 0.9270999972340601, "params": {"C": 2006.0062799204052, "epsilon": 0.15987927207241553, "gamma": 0.04447904576244653, "lamda": 0.034285647973046895}, "datetime": {"datetime": "2021-09-24 09:24:49", "elapsed": 84.165262, "delta": 0.960633}}
{"target": 0.9256463323358461, "params": {"C": 1932.3853477764674, "epsilon": 0.48828200631947427, "gamma": 0.03724428085014597, "lamda": 0.0392107923138298}, "datetime": {"datetime": "2021-09-24 09:24:50", "elapsed": 84.940559, "delta": 0.775297}}
{"target": 0.9267960535712275, "params": {"C": 1945.1786572949006, "epsilon": 0.37241433240221966, "gamma": 0.04373140729143769, "lamda": 0.04379956074803851}, "datetime": {"datetime": "2021-09-24 09:24:51", "elapsed": 85.625831, "delta": 0.685272}}
{"target": 0.8947340134908197, "params": {"C": 2006.2105525005013, "epsilon": 0.06838979475259332, "gamma": 0.06285356593853351, "lamda": 0.03707735697706902}, "datetime": {"datetime": "2021-09-24 09:24:52", "elapsed": 86.534448, "delta": 0.908617}}
{"target": 0.9268812544164391, "params": {"C": 1946.1977450326065, "epsilon": 0.07894999738012434, "gamma": 0.028268892670782135, "lamda": 0.1368561456615952}, "datetime": {"datetime": "2021-09-24 09:24:53", "elapsed": 87.372661, "delta": 0.838213}}
{"target": 0.9074203322593445, "params": {"C": 2061.8570654598893, "epsilon": 0.24953022686291432, "gamma": 0.03174120971822739, "lamda": 0.3959755288598539}, "datetime": {"datetime": "2021-09-24 09:24:53", "elapsed": 88.186976, "delta": 0.814315}}
{"target": 0.9202231134776425, "params": {"C": 1922.2348727357748, "epsilon": 0.15940624080733246, "gamma": 0.048832562763475626, "lamda": 0.23117264300962911}, "datetime": {"datetime": "2021-09-24 09:24:54", "elapsed": 89.178442, "delta": 0.991466}}
{"target": 0.921134223880008, "params": {"C": 1954.7533242483848, "epsilon": 0.8521469727564794, "gamma": 0.019353167449943268, "lamda": 0.002889736109050558}, "datetime": {"datetime": "2021-09-24 09:24:55", "elapsed": 90.158914, "delta": 0.980472}}
{"target": 0.9213119780084893, "params": {"C": 1945.8354850855985, "epsilon": 0.05936582807391186, "gamma": 0.060143531495355416, "lamda": 0.1721922445643092}, "datetime": {"datetime": "2021-09-24 09:24:56", "elapsed": 91.095713, "delta": 0.936799}}
{"target": 0.9066236474304508, "params": {"C": 1949.7270738997724, "epsilon": 0.6836189943343498, "gamma": 0.05884154412193709, "lamda": 0.19195156509524197}, "datetime": {"datetime": "2021-09-24 09:24:57", "elapsed": 91.947753, "delta": 0.85204}}
{"target": 0.9112451754240869, "params": {"C": 2019.0720615170535, "epsilon": 0.5427503498020761, "gamma": 0.04374978539374783, "lamda": 0.1862258772591661}, "datetime": {"datetime": "2021-09-24 09:24:58", "elapsed": 92.805718, "delta": 0.857965}}
{"target": 0.9167214362062576, "params": {"C": 1945.2269271242062, "epsilon": 0.49032952420573883, "gamma": 0.0651339625842565, "lamda": 0.01728082845453531}, "datetime": {"datetime": "2021-09-24 09:24:59", "elapsed": 93.753841, "delta": 0.948123}}
{"target": 0.9195172890370856, "params": {"C": 2006.099371666717, "epsilon": 0.20992061725817807, "gamma": 0.053059527923200664, "lamda": 0.1875068650854293}, "datetime": {"datetime": "2021-09-24 09:25:00", "elapsed": 94.915386, "delta": 1.161545}}
{"target": 0.9255142127566115, "params": {"C": 2006.4137905016914, "epsilon": 0.07300851603266745, "gamma": 0.05212312760198946, "lamda": 0.13648630571543544}, "datetime": {"datetime": "2021-09-24 09:25:01", "elapsed": 96.053515, "delta": 1.138129}}
{"target": 0.9188164429411099, "params": {"C": 2034.358059580708, "epsilon": 0.14742843030751573, "gamma": 0.043074157575042855, "lamda": 0.3183593243230231}, "datetime": {"datetime": "2021-09-24 09:25:02", "elapsed": 96.845592, "delta": 0.792077}}
{"target": 0.914898666128554, "params": {"C": 1932.3787327459688, "epsilon": 0.4519883341162805, "gamma": 0.06544756753921259, "lamda": 0.1094844275185234}, "datetime": {"datetime": "2021-09-24 09:25:03", "elapsed": 98.029603, "delta": 1.184011}}
{"target": 0.9171898719904318, "params": {"C": 1904.1280045837823, "epsilon": 0.18146532496450418, "gamma": 0.06981975146138968, "lamda": 0.08015997119637554}, "datetime": {"datetime": "2021-09-24 09:25:04", "elapsed": 99.198024, "delta": 1.168421}}
{"target": 0.9249818766923421, "params": {"C": 2033.6601293259575, "epsilon": 0.158477294067946, "gamma": 0.049759902484325366, "lamda": 0.04027005645109971}, "datetime": {"datetime": "2021-09-24 09:25:05", "elapsed": 100.032653, "delta": 0.834629}}
{"target": 0.9198042703455627, "params": {"C": 1945.0643858414346, "epsilon": 0.4039503902225927, "gamma": 0.06352835177202477, "lamda": 0.02854061084194581}, "datetime": {"datetime": "2021-09-24 09:25:06", "elapsed": 101.089489, "delta": 1.056836}}
{"target": 0.9251867988390353, "params": {"C": 2006.3724218170391, "epsilon": 0.16023511999509787, "gamma": 0.0467376412096933, "lamda": 0.1219550889331169}, "datetime": {"datetime": "2021-09-24 09:25:08", "elapsed": 102.320997, "delta": 1.231508}}
{"target": 0.9281443485485309, "params": {"C": 2019.1310855282547, "epsilon": 0.5431340454736073, "gamma": 0.041047371079207993, "lamda": 0.023488927162763792}, "datetime": {"datetime": "2021-09-24 09:25:08", "elapsed": 103.20719, "delta": 0.886193}}
{"target": 0.9125725580956847, "params": {"C": 1904.208437831753, "epsilon": 0.17300722781773661, "gamma": 0.03187184041480538, "lamda": 0.3818929050110443}, "datetime": {"datetime": "2021-09-24 09:25:09", "elapsed": 103.972685, "delta": 0.765495}}
{"target": 0.9111657920326962, "params": {"C": 2099.9395881087053, "epsilon": 0.9413578200147077, "gamma": 0.05169587417401512, "lamda": 0.1074887568570277}, "datetime": {"datetime": "2021-09-24 09:25:10", "elapsed": 105.117638, "delta": 1.144953}}
{"target": 0.9016700956579842, "params": {"C": 1977.8104324424419, "epsilon": 0.9706437187470232, "gamma": 0.046747562496621535, "lamda": 0.19747547043438402}, "datetime": {"datetime": "2021-09-24 09:25:11", "elapsed": 106.079456, "delta": 0.961818}}
{"target": 0.9217065988239113, "params": {"C": 1971.0890710539197, "epsilon": 0.17998400187653382, "gamma": 0.054238940631976096, "lamda": 0.14901654730523006}, "datetime": {"datetime": "2021-09-24 09:25:12", "elapsed": 106.825098, "delta": 0.745642}}
{"target": 0.8989400319327564, "params": {"C": 2006.0935623598177, "epsilon": 0.1941652479291421, "gamma": 0.01, "lamda": 0.0652179561043396}, "datetime": {"datetime": "2021-09-24 09:25:13", "elapsed": 107.877282, "delta": 1.052184}}
{"target": 0.9310370959678063, "params": {"C": 2019.2348901136536, "epsilon": 0.5771251866924969, "gamma": 0.03158092023183888, "lamda": 0.008822648058223678}, "datetime": {"datetime": "2021-09-24 09:25:14", "elapsed": 108.863201, "delta": 0.985919}}
{"target": 0.9178951853908476, "params": {"C": 2006.079245880543, "epsilon": 0.1027015966290885, "gamma": 0.022955279724392298, "lamda": 0.1840836715168625}, "datetime": {"datetime": "2021-09-24 09:25:15", "elapsed": 109.960853, "delta": 1.097652}}
{"target": 0.902581668047146, "params": {"C": 1992.464738082672, "epsilon": 0.8784011947375866, "gamma": 0.035864657870234413, "lamda": 0.18268796728063807}, "datetime": {"datetime": "2021-09-24 09:25:16", "elapsed": 110.913282, "delta": 0.952429}}
{"target": 0.9288064218136678, "params": {"C": 2006.35974522468, "epsilon": 0.06713920250264957, "gamma": 0.02728781077829822, "lamda": 0.1127001309143927}, "datetime": {"datetime": "2021-09-24 09:25:17", "elapsed": 111.983929, "delta": 1.070647}}
{"target": 0.8795026114683641, "params": {"C": 2071.014781662265, "epsilon": 0.4492766887690173, "gamma": 0.016580179125591267, "lamda": 0.372529342562119}, "datetime": {"datetime": "2021-09-24 09:25:18", "elapsed": 113.03617, "delta": 1.052241}}
{"target": 0.9161167609805649, "params": {"C": 1904.2247422702246, "epsilon": 0.031464801949185, "gamma": 0.06739177525874493, "lamda": 0.2818022685963861}, "datetime": {"datetime": "2021-09-24 09:25:20", "elapsed": 114.379148, "delta": 1.342978}}
{"target": 0.9274303964319522, "params": {"C": 1932.4739650755405, "epsilon": 0.047255486449368944, "gamma": 0.02309027346141206, "lamda": 0.08184389471752367}, "datetime": {"datetime": "2021-09-24 09:25:21", "elapsed": 115.486103, "delta": 1.106955}}
{"target": 0.906275640281266, "params": {"C": 2025.4850882614528, "epsilon": 0.3693580054067216, "gamma": 0.02634467881683837, "lamda": 0.21723529157773994}, "datetime": {"datetime": "2021-09-24 09:25:22", "elapsed": 116.459743, "delta": 0.97364}}
{"target": 0.8967800538185192, "params": {"C": 1945.9874658459757, "epsilon": 0.17232224908341912, "gamma": 0.012478332367425682, "lamda": 0.16491872286929368}, "datetime": {"datetime": "2021-09-24 09:25:23", "elapsed": 117.614721, "delta": 1.154978}}
{"target": 0.9209460355868597, "params": {"C": 1977.7800913029403, "epsilon": 0.3401515195022249, "gamma": 0.0434942823660553, "lamda": 0.11052632772186367}, "datetime": {"datetime": "2021-09-24 09:25:24", "elapsed": 118.480467, "delta": 0.865746}}
{"target": 0.9219308421527749, "params": {"C": 2032.77178916059, "epsilon": 0.053553765904645695, "gamma": 0.02427893217457711, "lamda": 0.24440920362410526}, "datetime": {"datetime": "2021-09-24 09:25:25", "elapsed": 119.441541, "delta": 0.961074}}
{"target": 0.9171602614013261, "params": {"C": 1904.220017145292, "epsilon": 0.12989905722722028, "gamma": 0.022967820814159205, "lamda": 0.16120778058858504}, "datetime": {"datetime": "2021-09-24 09:25:26", "elapsed": 120.436189, "delta": 0.994648}}
{"target": 0.892211580630634, "params": {"C": 2019.2084953937592, "epsilon": 0.5029272571414376, "gamma": 0.042511139876349885, "lamda": 0.001}, "datetime": {"datetime": "2021-09-24 09:25:27", "elapsed": 121.559153, "delta": 1.122964}}
{"target": 0.9207132097379486, "params": {"C": 1922.2302804938736, "epsilon": 0.13591550610333492, "gamma": 0.03709032348983296, "lamda": 0.24863572668273412}, "datetime": {"datetime": "2021-09-24 09:25:28", "elapsed": 122.295756, "delta": 0.736603}}
{"target": 0.9241862119412961, "params": {"C": 2019.1824643821817, "epsilon": 0.6194018404859458, "gamma": 0.02863205509771464, "lamda": 0.025898428719869984}, "datetime": {"datetime": "2021-09-24 09:25:29", "elapsed": 123.554839, "delta": 1.259083}}
{"target": 0.9146788825614072, "params": {"C": 2029.1531901529856, "epsilon": 0.18578780875497816, "gamma": 0.03830070175886905, "lamda": 0.371737462306453}, "datetime": {"datetime": "2021-09-24 09:25:30", "elapsed": 124.329808, "delta": 0.774969}}
{"target": 0.9264557458988419, "params": {"C": 2086.9458757845923, "epsilon": 0.8355559808426618, "gamma": 0.04859988639494354, "lamda": 0.011429990677623385}, "datetime": {"datetime": "2021-09-24 09:25:30", "elapsed": 125.25759, "delta": 0.927782}}
{"target": 0.8953720585363336, "params": {"C": 2019.299872488279, "epsilon": 0.6401573003122686, "gamma": 0.01205872405522702, "lamda": 0.046023521221020255}, "datetime": {"datetime": "2021-09-24 09:25:31", "elapsed": 126.256017, "delta": 0.998427}}
{"target": 0.9211582309307021, "params": {"C": 1900.6750810352557, "epsilon": 0.13815203910770157, "gamma": 0.05647117480349506, "lamda": 0.18408296354879608}, "datetime": {"datetime": "2021-09-24 09:25:32", "elapsed": 127.066026, "delta": 0.810009}}
{"target": 0.9121507690604053, "params": {"C": 1922.222574049785, "epsilon": 0.16823629655659245, "gamma": 0.02324873010699944, "lamda": 0.21726605523736725}, "datetime": {"datetime": "2021-09-24 09:25:33", "elapsed": 127.872108, "delta": 0.806082}}
{"target": 0.8895339506648798, "params": {"C": 1904.078286225482, "epsilon": 0.1357633467467096, "gamma": 0.010114595010048825, "lamda": 0.21025227162979174}, "datetime": {"datetime": "2021-09-24 09:25:34", "elapsed": 129.154381, "delta": 1.282273}}
{"target": 0.9066054105484423, "params": {"C": 1914.6058793396462, "epsilon": 0.9168420432300616, "gamma": 0.06438177597614335, "lamda": 0.1303446318282557}, "datetime": {"datetime": "2021-09-24 09:25:35", "elapsed": 130.028025, "delta": 0.873644}}
{"target": 0.8792506735462944, "params": {"C": 1998.7699221303637, "epsilon": 0.8019920863470515, "gamma": 0.011360563424432047, "lamda": 0.10186944481795716}, "datetime": {"datetime": "2021-09-24 09:25:36", "elapsed": 130.859025, "delta": 0.831}}
{"target": 0.9191190637211973, "params": {"C": 2006.4583556221828, "epsilon": 0.06345679657004935, "gamma": 0.017072921151853795, "lamda": 0.07726550561321636}, "datetime": {"datetime": "2021-09-24 09:25:37", "elapsed": 132.211808, "delta": 1.352783}}
{"target": 0.9081775461755338, "params": {"C": 1945.9951550381397, "epsilon": 0.15414795145441335, "gamma": 0.01228105960463272, "lamda": 0.025705050927184385}, "datetime": {"datetime": "2021-09-24 09:25:39", "elapsed": 133.338052, "delta": 1.126244}}
{"target": 0.9096224274807506, "params": {"C": 2056.4471824930965, "epsilon": 0.8825338918417113, "gamma": 0.04352623366631094, "lamda": 0.12991968158693193}, "datetime": {"datetime": "2021-09-24 09:25:39", "elapsed": 134.267289, "delta": 0.929237}}
{"target": 0.923587598522197, "params": {"C": 2022.7065907783058, "epsilon": 0.5555438076395907, "gamma": 0.04303483696326408, "lamda": 0.048108682927731766}, "datetime": {"datetime": "2021-09-24 09:25:40", "elapsed": 135.235577, "delta": 0.968288}}
{"target": 0.9101278965359343, "params": {"C": 1904.1071353015266, "epsilon": 0.056046949251346054, "gamma": 0.059633132889484804, "lamda": 0.06951591035225313}, "datetime": {"datetime": "2021-09-24 09:25:42", "elapsed": 136.465742, "delta": 1.230165}}
{"target": 0.915426853350278, "params": {"C": 1955.701427447677, "epsilon": 0.9659241571484438, "gamma": 0.04109002458193385, "lamda": 0.0692406859728594}, "datetime": {"datetime": "2021-09-24 09:25:43", "elapsed": 137.532862, "delta": 1.06712}}
{"target": 0.8990294432846726, "params": {"C": 1928.8049900650092, "epsilon": 0.60767133708906, "gamma": 0.05681738717212499, "lamda": 0.3374657420211903}, "datetime": {"datetime": "2021-09-24 09:25:44", "elapsed": 138.508574, "delta": 0.975712}}
{"target": 0.9255413700040321, "params": {"C": 1932.4945597671226, "epsilon": 0.22965473428786837, "gamma": 0.04042739687407225, "lamda": 0.08890689897396876}, "datetime": {"datetime": "2021-09-24 09:25:45", "elapsed": 139.893081, "delta": 1.384507}}
{"target": 0.9250656539540706, "params": {"C": 1946.1825621202163, "epsilon": 0.12959452002985772, "gamma": 0.021968760504717463, "lamda": 0.02114157915092359}, "datetime": {"datetime": "2021-09-24 09:25:47", "elapsed": 141.375436, "delta": 1.482355}}
{"target": 0.9224101083345827, "params": {"C": 2006.0211962812841, "epsilon": 0.09211435448534226, "gamma": 0.05477593289005415, "lamda": 0.07402711376426271}, "datetime": {"datetime": "2021-09-24 09:25:48", "elapsed": 142.560846, "delta": 1.18541}}
{"target": 0.9106931597647371, "params": {"C": 1932.4666278760358, "epsilon": 0.04816851075528388, "gamma": 0.07, "lamda": 0.13095203688486232}, "datetime": {"datetime": "2021-09-24 09:25:49", "elapsed": 144.107091, "delta": 1.546245}}
{"target": 0.9022627708140142, "params": {"C": 1951.7028371812407, "epsilon": 0.10779638748941558, "gamma": 0.0691834446578232, "lamda": 0.03751760977264476}, "datetime": {"datetime": "2021-09-24 09:25:50", "elapsed": 145.053294, "delta": 0.946203}}
{"target": 0.9265179140580181, "params": {"C": 1946.2228399033786, "epsilon": 0.12712801034280463, "gamma": 0.03864493982980794, "lamda": 0.13336744089118274}, "datetime": {"datetime": "2021-09-24 09:25:52", "elapsed": 146.698849, "delta": 1.645555}}
{"target": 0.9036955699209536, "params": {"C": 1918.937296595105, "epsilon": 0.3899045713864021, "gamma": 0.0359921406348379, "lamda": 0.37422611348436186}, "datetime": {"datetime": "2021-09-24 09:25:53", "elapsed": 147.781725, "delta": 1.082876}}
{"target": 0.9114787843446436, "params": {"C": 1946.2439596948816, "epsilon": 0.09973643441885918, "gamma": 0.017853785130091237, "lamda": 0.1879465573105753}, "datetime": {"datetime": "2021-09-24 09:25:54", "elapsed": 148.996817, "delta": 1.215092}}
{"target": 0.9025556130392196, "params": {"C": 1925.6017497323135, "epsilon": 0.1689221104619052, "gamma": 0.017007184343163298, "lamda": 0.23331095071931504}, "datetime": {"datetime": "2021-09-24 09:25:55", "elapsed": 149.936135, "delta": 0.939318}}
{"target": 0.9186257802757202, "params": {"C": 1932.5426990941842, "epsilon": 0.25929059252687947, "gamma": 0.06182099976605192, "lamda": 0.12425331717025502}, "datetime": {"datetime": "2021-09-24 09:25:56", "elapsed": 150.92028, "delta": 0.984145}}
{"target": 0.9121774198783039, "params": {"C": 1932.4144551657248, "epsilon": 0.4378709998817988, "gamma": 0.014946374881038602, "lamda": 0.003608676377205081}, "datetime": {"datetime": "2021-09-24 09:25:57", "elapsed": 152.185741, "delta": 1.265461}}
{"target": 0.927244112467509, "params": {"C": 1946.1384054896862, "epsilon": 0.21643526379202396, "gamma": 0.0405006215553362, "lamda": 0.07261830755737679}, "datetime": {"datetime": "2021-09-24 09:25:59", "elapsed": 153.378606, "delta": 1.192865}}
{"target": 0.9171166832865603, "params": {"C": 1946.1483976121003, "epsilon": 0.051690642271028056, "gamma": 0.01620429716333007, "lamda": 0.08806225831998245}, "datetime": {"datetime": "2021-09-24 09:26:00", "elapsed": 154.534315, "delta": 1.155709}}
{"target": 0.9237305464090596, "params": {"C": 2006.278267375272, "epsilon": 0.1635797052208228, "gamma": 0.03733418739944708, "lamda": 0.14868885007046664}, "datetime": {"datetime": "2021-09-24 09:26:01", "elapsed": 155.763356, "delta": 1.229041}}
{"target": 0.9127789598990402, "params": {"C": 2035.8213468341755, "epsilon": 0.23719352630289625, "gamma": 0.050721266050142856, "lamda": 0.35249065111661143}, "datetime": {"datetime": "2021-09-24 09:26:02", "elapsed": 156.645204, "delta": 0.881848}}
{"target": 0.8997270814961212, "params": {"C": 2030.0199104874373, "epsilon": 0.4532827704472492, "gamma": 0.022770628390317182, "lamda": 0.21483746020791367}, "datetime": {"datetime": "2021-09-24 09:26:03", "elapsed": 157.475, "delta": 0.829796}}
{"target": 0.9058593119783914, "params": {"C": 2021.7202759133108, "epsilon": 0.36708362343904744, "gamma": 0.05168583522898372, "lamda": 0.38711855849264687}, "datetime": {"datetime": "2021-09-24 09:26:04", "elapsed": 158.327034, "delta": 0.852034}}
{"target": 0.8836408419237841, "params": {"C": 2069.455358991804, "epsilon": 0.8586228929876127, "gamma": 0.02517909588461329, "lamda": 0.3140453097601589}, "datetime": {"datetime": "2021-09-24 09:26:04", "elapsed": 159.183294, "delta": 0.85626}}
{"target": 0.9175626214634268, "params": {"C": 2019.1052368882492, "epsilon": 0.6004321818502798, "gamma": 0.06687360665488291, "lamda": 0.01914409010974752}, "datetime": {"datetime": "2021-09-24 09:26:05", "elapsed": 160.240357, "delta": 1.057063}}
{"target": 0.9196409615095723, "params": {"C": 1946.1925256966463, "epsilon": 0.1540780204552204, "gamma": 0.0650337099237136, "lamda": 0.09576219424013109}, "datetime": {"datetime": "2021-09-24 09:26:06", "elapsed": 161.191124, "delta": 0.950767}}
{"target": 0.9182471039358768, "params": {"C": 1928.1857140173859, "epsilon": 0.5888045107378427, "gamma": 0.06504740881825616, "lamda": 0.0482610410932755}, "datetime": {"datetime": "2021-09-24 09:26:07", "elapsed": 162.029565, "delta": 0.838441}}
{"target": 0.9039476355928263, "params": {"C": 2079.727724897195, "epsilon": 0.6185763598343774, "gamma": 0.02061217621091978, "lamda": 0.09350671556013719}, "datetime": {"datetime": "2021-09-24 09:26:08", "elapsed": 162.922166, "delta": 0.892601}}
{"target": 0.9242571308199489, "params": {"C": 1920.6428573526448, "epsilon": 0.14390770004376757, "gamma": 0.04834551239586066, "lamda": 0.14850622628340052}, "datetime": {"datetime": "2021-09-24 09:26:09", "elapsed": 163.906161, "delta": 0.983995}}
{"target": 0.9176272739745491, "params": {"C": 2019.116488666238, "epsilon": 0.5239970221527691, "gamma": 0.031751294207288575, "lamda": 0.07815228247661853}, "datetime": {"datetime": "2021-09-24 09:26:10", "elapsed": 165.111531, "delta": 1.20537}}
{"target": 0.9281670057097682, "params": {"C": 1904.353708625252, "epsilon": 0.05013700933997782, "gamma": 0.027163677982417325, "lamda": 0.16002893736745508}, "datetime": {"datetime": "2021-09-24 09:26:12", "elapsed": 166.291011, "delta": 1.17948}}
{"target": 0.8961878559109966, "params": {"C": 2005.9547249956656, "epsilon": 0.1678988657757688, "gamma": 0.04956726736397393, "lamda": 0.009443335494583979}, "datetime": {"datetime": "2021-09-24 09:26:13", "elapsed": 167.510047, "delta": 1.219036}}
{"target": 0.9243827087271134, "params": {"C": 2049.577792646045, "epsilon": 0.115685748993414, "gamma": 0.05365184437828765, "lamda": 0.13475468528303067}, "datetime": {"datetime": "2021-09-24 09:26:14", "elapsed": 168.527228, "delta": 1.017181}}
{"target": 0.9275978986580369, "params": {"C": 2006.3386468005838, "epsilon": 0.09642133211730491, "gamma": 0.046834506158124276, "lamda": 0.10976024230482079}, "datetime": {"datetime": "2021-09-24 09:26:15", "elapsed": 169.652957, "delta": 1.125729}}
{"target": 0.8884750249250596, "params": {"C": 1945.6918521369846, "epsilon": 0.7698049723452728, "gamma": 0.03538959043808588, "lamda": 0.3897190800849119}, "datetime": {"datetime": "2021-09-24 09:26:16", "elapsed": 170.602373, "delta": 0.949416}}
{"target": 0.9210465093258416, "params": {"C": 1932.1576301650732, "epsilon": 0.25007306577179633, "gamma": 0.04862940486325663, "lamda": 0.017061758696860767}, "datetime": {"datetime": "2021-09-24 09:26:17", "elapsed": 171.699144, "delta": 1.096771}}
{"target": 0.9292100104190331, "params": {"C": 1904.4000996492562, "epsilon": 0.03399658412356769, "gamma": 0.04098036317962715, "lamda": 0.24445164999822525}, "datetime": {"datetime": "2021-09-24 09:26:18", "elapsed": 172.886792, "delta": 1.187648}}
{"target": 0.9212294661266547, "params": {"C": 1945.1466721788324, "epsilon": 0.42340581831334656, "gamma": 0.04855478162383416, "lamda": 0.08310715501394644}, "datetime": {"datetime": "2021-09-24 09:26:20", "elapsed": 174.41749, "delta": 1.530698}}
