{"target": 0.9237328426890875, "params": {"C": 1397.001153955734, "epsilon": 0.11513646999524595, "gamma": 0.05268863222019375, "lamda": 0.16394501037491901}, "datetime": {"datetime": "2021-09-24 08:23:54", "elapsed": 230.431068, "delta": 1.507495}}
{"target": 0.9178231063890502, "params": {"C": 1306.1316928840936, "epsilon": 0.08572846035357047, "gamma": 0.042678822537123545, "lamda": 0.017243122826201378}, "datetime": {"datetime": "2021-09-24 08:23:56", "elapsed": 232.032813, "delta": 1.601745}}
{"target": 0.9154894723750876, "params": {"C": 1316.7197961977324, "epsilon": 0.5248416812960333, "gamma": 0.06082391713066613, "lamda": 0.1044609914273352}, "datetime": {"datetime": "2021-09-24 08:23:57", "elapsed": 233.275872, "delta": 1.243059}}
{"target": 0.913007718709243, "params": {"C": 1369.2676601287385, "epsilon": 0.11156548999445742, "gamma": 0.06036044633304004, "lamda": 0.042106859859371}, "datetime": {"datetime": "2021-09-24 08:23:58", "elapsed": 234.983248, "delta": 1.707376}}
{"target": 0.8989613097417297, "params": {"C": 1312.3117976448236, "epsilon": 0.26114421351733064, "gamma": 0.011317018052231925, "lamda": 0.06967605424000176}, "datetime": {"datetime": "2021-09-24 08:24:00", "elapsed": 236.301533, "delta": 1.318285}}
{"target": 0.9028180355809945, "params": {"C": 1369.278352448504, "epsilon": 0.22017703318979057, "gamma": 0.01162446769883924, "lamda": 0.05646856153138007}, "datetime": {"datetime": "2021-09-24 08:24:02", "elapsed": 238.089008, "delta": 1.787475}}
{"target": 0.9149270391390918, "params": {"C": 1473.5399494912292, "epsilon": 0.23435641908216923, "gamma": 0.06620260516889882, "lamda": 0.19368359311872285}, "datetime": {"datetime": "2021-09-24 08:24:03", "elapsed": 239.314302, "delta": 1.225294}}
{"target": 0.9275203266652575, "params": {"C": 1425.93523704906, "epsilon": 0.11365902581868549, "gamma": 0.03752459875973424, "lamda": 0.12658616511846316}, "datetime": {"datetime": "2021-09-24 08:24:04", "elapsed": 240.564216, "delta": 1.249914}}
{"target": 0.8906436177648571, "params": {"C": 1451.4002864329352, "epsilon": 0.2098862450273653, "gamma": 0.01269391680920132, "lamda": 0.2258706608179359}, "datetime": {"datetime": "2021-09-24 08:24:05", "elapsed": 241.777548, "delta": 1.213332}}
{"target": 0.9300692391905501, "params": {"C": 1369.0826693806266, "epsilon": 0.12788503321367978, "gamma": 0.029959042551437075, "lamda": 0.043961763556668955}, "datetime": {"datetime": "2021-09-24 08:24:07", "elapsed": 243.920555, "delta": 2.143007}}
{"target": 0.9110641721290924, "params": {"C": 1576.0721351581583, "epsilon": 0.5735154209906408, "gamma": 0.02973259303678314, "lamda": 0.11971657020548479}, "datetime": {"datetime": "2021-09-24 08:24:09", "elapsed": 245.133591, "delta": 1.213036}}
{"target": 0.9308785810954538, "params": {"C": 1369.1258574181074, "epsilon": 0.12815538187657133, "gamma": 0.034015109129503646, "lamda": 0.05289620584660053}, "datetime": {"datetime": "2021-09-24 08:24:10", "elapsed": 246.739751, "delta": 1.60616}}
{"target": 0.9190823165014256, "params": {"C": 1369.3365189866454, "epsilon": 0.1609218457909128, "gamma": 0.06466251302025999, "lamda": 0.13853053857602876}, "datetime": {"datetime": "2021-09-24 08:24:12", "elapsed": 248.348537, "delta": 1.608786}}
{"target": 0.9256023274092016, "params": {"C": 1306.0399224312587, "epsilon": 0.12175400052279718, "gamma": 0.05192192168229724, "lamda": 0.07779896323479556}, "datetime": {"datetime": "2021-09-24 08:24:14", "elapsed": 250.27257, "delta": 1.924033}}
{"target": 0.9182853301319771, "params": {"C": 1499.0349446619794, "epsilon": 0.05440193053448454, "gamma": 0.06395510244580037, "lamda": 0.36972388746671686}, "datetime": {"datetime": "2021-09-24 08:24:15", "elapsed": 251.774377, "delta": 1.501807}}
{"target": 0.8953995863536954, "params": {"C": 1431.953514295355, "epsilon": 0.988027579060858, "gamma": 0.031209914705645617, "lamda": 0.20730164403035167}, "datetime": {"datetime": "2021-09-24 08:24:17", "elapsed": 253.039968, "delta": 1.265591}}
{"target": 0.923597161823298, "params": {"C": 1425.8652060479321, "epsilon": 0.10887158468365093, "gamma": 0.029888847907094583, "lamda": 0.16651290711982267}, "datetime": {"datetime": "2021-09-24 08:24:18", "elapsed": 254.718458, "delta": 1.67849}}
{"target": 0.9012991532839294, "params": {"C": 1369.1998634674505, "epsilon": 0.28937166023302396, "gamma": 0.012195300256740435, "lamda": 0.06130545872192762}, "datetime": {"datetime": "2021-09-24 08:24:20", "elapsed": 256.38694, "delta": 1.668482}}
{"target": 0.9123955934526718, "params": {"C": 1369.0867095623503, "epsilon": 0.16525213836509114, "gamma": 0.04829257443991747, "lamda": 0.011824233137477578}, "datetime": {"datetime": "2021-09-24 08:24:22", "elapsed": 258.033069, "delta": 1.646129}}
{"target": 0.9249026721848985, "params": {"C": 1369.2805642249264, "epsilon": 0.16557716109036458, "gamma": 0.025642347184809962, "lamda": 0.07077873897973329}, "datetime": {"datetime": "2021-09-24 08:24:23", "elapsed": 259.276949, "delta": 1.24388}}
{"target": 0.9209449630282569, "params": {"C": 1305.9264329474477, "epsilon": 0.12069505822677633, "gamma": 0.05856398921295179, "lamda": 0.18968356644595824}, "datetime": {"datetime": "2021-09-24 08:24:25", "elapsed": 261.121436, "delta": 1.844487}}
{"target": 0.9287701072309282, "params": {"C": 1331.0335252634673, "epsilon": 0.03257164526371503, "gamma": 0.03004440224273311, "lamda": 0.09128496570483412}, "datetime": {"datetime": "2021-09-24 08:24:26", "elapsed": 262.857696, "delta": 1.73626}}
{"target": 0.927260573620484, "params": {"C": 1425.8605331960384, "epsilon": 0.06198327948139628, "gamma": 0.025151220599372314, "lamda": 0.08686502261222014}, "datetime": {"datetime": "2021-09-24 08:24:28", "elapsed": 264.499278, "delta": 1.641582}}
{"target": 0.9198994725303422, "params": {"C": 1476.5043689686543, "epsilon": 0.6306722498829271, "gamma": 0.05410018427307728, "lamda": 0.008949603825385368}, "datetime": {"datetime": "2021-09-24 08:24:29", "elapsed": 265.822545, "delta": 1.323267}}
{"target": 0.8712112751243352, "params": {"C": 1341.2327196241774, "epsilon": 0.9066557613141163, "gamma": 0.016501499343136012, "lamda": 0.28026277813654543}, "datetime": {"datetime": "2021-09-24 08:24:31", "elapsed": 267.125917, "delta": 1.303372}}
{"target": 0.9202217418938985, "params": {"C": 1369.1043998128102, "epsilon": 0.17074891818664145, "gamma": 0.021663395988935387, "lamda": 0.07647458677123693}, "datetime": {"datetime": "2021-09-24 08:24:32", "elapsed": 268.454673, "delta": 1.328756}}
{"target": 0.8968017009619432, "params": {"C": 1305.9854189231974, "epsilon": 0.12343773827145767, "gamma": 0.010647119851589162, "lamda": 0.14926986296634215}, "datetime": {"datetime": "2021-09-24 08:24:34", "elapsed": 270.566603, "delta": 2.11193}}
{"target": 0.9202632911295374, "params": {"C": 1425.8051826399285, "epsilon": 0.1301928569777616, "gamma": 0.024678487388219615, "lamda": 0.1365050649815918}, "datetime": {"datetime": "2021-09-24 08:24:36", "elapsed": 272.432318, "delta": 1.865715}}
{"target": 0.915592592393123, "params": {"C": 1500.5934056745689, "epsilon": 0.1084123065814527, "gamma": 0.016573913346934255, "lamda": 0.051622594299377864}, "datetime": {"datetime": "2021-09-24 08:24:38", "elapsed": 274.287188, "delta": 1.85487}}
{"target": 0.908882235400809, "params": {"C": 1562.7908814917007, "epsilon": 0.8695954284945514, "gamma": 0.01617549865772478, "lamda": 0.021386879150166193}, "datetime": {"datetime": "2021-09-24 08:24:39", "elapsed": 275.916194, "delta": 1.629006}}
{"target": 0.9268940968272757, "params": {"C": 1408.3314925756422, "epsilon": 0.04293243332465948, "gamma": 0.04071505288968297, "lamda": 0.3197623223910071}, "datetime": {"datetime": "2021-09-24 08:24:41", "elapsed": 277.5625, "delta": 1.646306}}
{"target": 0.9132858567715887, "params": {"C": 1509.9527068245588, "epsilon": 0.5328001993768217, "gamma": 0.04703599159159425, "lamda": 0.1612844200684688}, "datetime": {"datetime": "2021-09-24 08:24:42", "elapsed": 278.996737, "delta": 1.434237}}
{"target": 0.9151723655322954, "params": {"C": 1306.156278633906, "epsilon": 0.057801543330766446, "gamma": 0.06816003291474733, "lamda": 0.1418073513051213}, "datetime": {"datetime": "2021-09-24 08:24:44", "elapsed": 280.930734, "delta": 1.933997}}
{"target": 0.9284610388919521, "params": {"C": 1425.8304429227455, "epsilon": 0.12190348315763756, "gamma": 0.044678809541214226, "lamda": 0.07735300072468348}, "datetime": {"datetime": "2021-09-24 08:24:46", "elapsed": 282.833473, "delta": 1.902739}}
{"target": 0.9017088038649477, "params": {"C": 1397.051235967007, "epsilon": 0.14153802407580732, "gamma": 0.013150949724659616, "lamda": 0.15059358547878787}, "datetime": {"datetime": "2021-09-24 08:24:48", "elapsed": 284.787249, "delta": 1.953776}}
{"target": 0.9249745726346584, "params": {"C": 1348.7041891686808, "epsilon": 0.2694015992410671, "gamma": 0.05282658658750698, "lamda": 0.03349505785079382}, "datetime": {"datetime": "2021-09-24 08:24:50", "elapsed": 286.636866, "delta": 1.849617}}
{"target": 0.9179796400637714, "params": {"C": 1408.3917889841875, "epsilon": 0.05592846952071161, "gamma": 0.06629286365764332, "lamda": 0.31390151216285345}, "datetime": {"datetime": "2021-09-24 08:24:52", "elapsed": 288.351477, "delta": 1.714611}}
{"target": 0.9183662173680603, "params": {"C": 1459.3725103681268, "epsilon": 0.07749502306792913, "gamma": 0.06679542930346959, "lamda": 0.20084041333622776}, "datetime": {"datetime": "2021-09-24 08:24:54", "elapsed": 290.348641, "delta": 1.997164}}
{"target": 0.9072356676342691, "params": {"C": 1331.0326081601263, "epsilon": 0.11016744613040495, "gamma": 0.01559134402754557, "lamda": 0.17769112011766272}, "datetime": {"datetime": "2021-09-24 08:24:56", "elapsed": 292.551037, "delta": 2.202396}}
{"target": 0.9044277007160951, "params": {"C": 1458.7987744656177, "epsilon": 0.4710866968149353, "gamma": 0.06067348889690649, "lamda": 0.30473691415270376}, "datetime": {"datetime": "2021-09-24 08:24:58", "elapsed": 294.058725, "delta": 1.507688}}
{"target": 0.9132115009166094, "params": {"C": 1455.7628583750072, "epsilon": 0.9957457242159313, "gamma": 0.03410370304809121, "lamda": 0.06971160003567652}, "datetime": {"datetime": "2021-09-24 08:24:59", "elapsed": 295.691365, "delta": 1.63264}}
{"target": 0.920863496829257, "params": {"C": 1425.8946334437242, "epsilon": 0.1562678676453161, "gamma": 0.057360015601665204, "lamda": 0.04531908264368109}, "datetime": {"datetime": "2021-09-24 08:25:01", "elapsed": 297.818792, "delta": 2.127427}}
{"target": 0.9248859853407256, "params": {"C": 1396.9111065731026, "epsilon": 0.11705052543751053, "gamma": 0.02810546935950585, "lamda": 0.12000990135033753}, "datetime": {"datetime": "2021-09-24 08:25:03", "elapsed": 299.83977, "delta": 2.020978}}
{"target": 0.9142534866237615, "params": {"C": 1425.902186802766, "epsilon": 0.05392193403144614, "gamma": 0.0677104658510718, "lamda": 0.13448963003325234}, "datetime": {"datetime": "2021-09-24 08:25:06", "elapsed": 302.281318, "delta": 2.441548}}
{"target": 0.9243044799905151, "params": {"C": 1434.2625103453447, "epsilon": 0.3137647415715552, "gamma": 0.022393817991656566, "lamda": 0.017588852059107367}, "datetime": {"datetime": "2021-09-24 08:25:08", "elapsed": 304.373872, "delta": 2.092554}}
{"target": 0.9099842319946523, "params": {"C": 1338.7106051394046, "epsilon": 0.3990254428055038, "gamma": 0.04580886577930534, "lamda": 0.27796289631313376}, "datetime": {"datetime": "2021-09-24 08:25:09", "elapsed": 305.907793, "delta": 1.533921}}
{"target": 0.897013624402283, "params": {"C": 1400.659515906558, "epsilon": 0.5984587817127524, "gamma": 0.03314308659796798, "lamda": 0.32768291376103525}, "datetime": {"datetime": "2021-09-24 08:25:11", "elapsed": 307.531552, "delta": 1.623759}}
{"target": 0.917401509123826, "params": {"C": 1330.9550871615818, "epsilon": 0.07186740980172149, "gamma": 0.06772968839317922, "lamda": 0.15396119035317507}, "datetime": {"datetime": "2021-09-24 08:25:13", "elapsed": 309.558578, "delta": 2.027026}}
{"target": 0.916507996443316, "params": {"C": 1425.9398825891349, "epsilon": 0.20862819836125585, "gamma": 0.026820314771347997, "lamda": 0.15656593540963284}, "datetime": {"datetime": "2021-09-24 08:25:16", "elapsed": 312.153372, "delta": 2.594794}}
{"target": 0.8963362367112583, "params": {"C": 1489.1291432076168, "epsilon": 0.6790756925570854, "gamma": 0.06453993982117275, "lamda": 0.317068464075257}, "datetime": {"datetime": "2021-09-24 08:25:17", "elapsed": 313.591995, "delta": 1.438623}}
{"target": 0.9224251823771251, "params": {"C": 1425.802205118565, "epsilon": 0.0893317051194738, "gamma": 0.024339025033242433, "lamda": 0.018260499812572363}, "datetime": {"datetime": "2021-09-24 08:25:19", "elapsed": 315.842975, "delta": 2.25098}}
{"target": 0.9232598958708721, "params": {"C": 1434.1614545496618, "epsilon": 0.2935981219839582, "gamma": 0.054684956095537404, "lamda": 0.07002433054869908}, "datetime": {"datetime": "2021-09-24 08:25:21", "elapsed": 317.768236, "delta": 1.925261}}
{"target": 0.9141357642376912, "params": {"C": 1405.9471995367753, "epsilon": 0.21658840424194875, "gamma": 0.02881575997328912, "lamda": 0.22351033675314216}, "datetime": {"datetime": "2021-09-24 08:25:23", "elapsed": 319.423592, "delta": 1.655356}}
{"target": 0.9142539202895001, "params": {"C": 1362.8009449266744, "epsilon": 0.6695675653721247, "gamma": 0.0660586324365274, "lamda": 0.0781986224354041}, "datetime": {"datetime": "2021-09-24 08:25:24", "elapsed": 320.912857, "delta": 1.489265}}
{"target": 0.9295027228946265, "params": {"C": 1348.7814967339484, "epsilon": 0.3779118181613774, "gamma": 0.029814977396327803, "lamda": 0.01184488540711516}, "datetime": {"datetime": "2021-09-24 08:25:26", "elapsed": 322.940919, "delta": 2.028062}}
{"target": 0.9218684360384783, "params": {"C": 1348.7417781302613, "epsilon": 0.38018749933116913, "gamma": 0.041096466694967596, "lamda": 0.08742224423983504}, "datetime": {"datetime": "2021-09-24 08:25:28", "elapsed": 324.932155, "delta": 1.991236}}
{"target": 0.9260369518922222, "params": {"C": 1369.2334479610176, "epsilon": 0.14278845843201143, "gamma": 0.039070822715152394, "lamda": 0.12862918227140713}, "datetime": {"datetime": "2021-09-24 08:25:31", "elapsed": 327.13516, "delta": 2.203005}}
{"target": 0.9083471192397142, "params": {"C": 1511.5482448932908, "epsilon": 0.3855008869197727, "gamma": 0.029459514715263722, "lamda": 0.21789917067271516}, "datetime": {"datetime": "2021-09-24 08:25:32", "elapsed": 328.596529, "delta": 1.461369}}
{"target": 0.9140577623584911, "params": {"C": 1396.9520554020269, "epsilon": 0.17867388401902606, "gamma": 0.018479384600484115, "lamda": 0.09116602019592787}, "datetime": {"datetime": "2021-09-24 08:25:34", "elapsed": 330.417438, "delta": 1.820909}}
{"target": 0.910162749444408, "params": {"C": 1425.9163857559615, "epsilon": 0.15888507760079398, "gamma": 0.016393837545594307, "lamda": 0.10825543931193711}, "datetime": {"datetime": "2021-09-24 08:25:36", "elapsed": 332.220195, "delta": 1.802757}}
{"target": 0.9207035670437298, "params": {"C": 1348.7452958865042, "epsilon": 0.11594263266496599, "gamma": 0.05955643333123858, "lamda": 0.19203870021777997}, "datetime": {"datetime": "2021-09-24 08:25:38", "elapsed": 334.630538, "delta": 2.410343}}
{"target": 0.9281615514504731, "params": {"C": 1396.9309253033093, "epsilon": 0.06918084447080419, "gamma": 0.045301331613708834, "lamda": 0.13651422957702122}, "datetime": {"datetime": "2021-09-24 08:25:40", "elapsed": 336.504814, "delta": 1.874276}}
{"target": 0.9224293696648466, "params": {"C": 1330.9761720226545, "epsilon": 0.14921810791342227, "gamma": 0.024338943305778855, "lamda": 0.0917996701606235}, "datetime": {"datetime": "2021-09-24 08:25:42", "elapsed": 338.383302, "delta": 1.878488}}
{"target": 0.9237505705801115, "params": {"C": 1368.9737694541395, "epsilon": 0.23680038476691428, "gamma": 0.055500250892496564, "lamda": 0.06904542713623295}, "datetime": {"datetime": "2021-09-24 08:25:44", "elapsed": 340.287718, "delta": 1.904416}}
{"target": 0.9284882208542152, "params": {"C": 1306.0886499094624, "epsilon": 0.035062510169611365, "gamma": 0.034537452984825266, "lamda": 0.0764631984321623}, "datetime": {"datetime": "2021-09-24 08:25:45", "elapsed": 341.8186, "delta": 1.530882}}
{"target": 0.918449514199366, "params": {"C": 1348.8220414780576, "epsilon": 0.3186295812073089, "gamma": 0.06620852774177075, "lamda": 0.07578791861878222}, "datetime": {"datetime": "2021-09-24 08:25:47", "elapsed": 343.630952, "delta": 1.812352}}
{"target": 0.9045544311368775, "params": {"C": 1370.9975486518417, "epsilon": 0.8203224586898195, "gamma": 0.03468971127098242, "lamda": 0.16680464059172936}, "datetime": {"datetime": "2021-09-24 08:25:49", "elapsed": 345.19849, "delta": 1.567538}}
{"target": 0.9276628288248132, "params": {"C": 1397.0332875721488, "epsilon": 0.11016972861609199, "gamma": 0.04679592675246724, "lamda": 0.07622951325467774}, "datetime": {"datetime": "2021-09-24 08:25:51", "elapsed": 347.307444, "delta": 2.108954}}
{"target": 0.8911959100377559, "params": {"C": 1411.4475369298586, "epsilon": 0.789949519200054, "gamma": 0.055509346028482155, "lamda": 0.37012318832676455}, "datetime": {"datetime": "2021-09-24 08:25:52", "elapsed": 348.913788, "delta": 1.606344}}
{"target": 0.9147532348405703, "params": {"C": 1334.4906436496715, "epsilon": 0.7038447656198701, "gamma": 0.04280147571250267, "lamda": 0.10507505443789188}, "datetime": {"datetime": "2021-09-24 08:25:54", "elapsed": 350.500319, "delta": 1.586531}}
{"target": 0.9184727295082089, "params": {"C": 1500.568272073375, "epsilon": 0.1682133704983689, "gamma": 0.023265377928423335, "lamda": 0.11298057899090239}, "datetime": {"datetime": "2021-09-24 08:25:56", "elapsed": 352.523535, "delta": 2.023216}}
{"target": 0.9200333379763316, "params": {"C": 1500.4591337702414, "epsilon": 0.22071963335393907, "gamma": 0.05059878985033203, "lamda": 0.17255142596757955}, "datetime": {"datetime": "2021-09-24 08:25:59", "elapsed": 355.90166, "delta": 3.378125}}
{"target": 0.9216883016083849, "params": {"C": 1306.1368091227487, "epsilon": 0.1773577197868334, "gamma": 0.02319793178821729, "lamda": 0.07496837027441954}, "datetime": {"datetime": "2021-09-24 08:26:01", "elapsed": 357.602239, "delta": 1.700579}}
{"target": 0.9219755955837842, "params": {"C": 1524.356834716758, "epsilon": 0.18724656512070806, "gamma": 0.03046448123561296, "lamda": 0.12479985297329622}, "datetime": {"datetime": "2021-09-24 08:26:03", "elapsed": 359.813505, "delta": 2.211266}}
{"target": 0.914357000764924, "params": {"C": 1419.0014880037818, "epsilon": 0.34247662385980226, "gamma": 0.04833521569363582, "lamda": 0.2236747338830141}, "datetime": {"datetime": "2021-09-24 08:26:05", "elapsed": 361.449716, "delta": 1.636211}}
{"target": 0.924131724089364, "params": {"C": 1348.8111365627285, "epsilon": 0.3971293259528438, "gamma": 0.05008648355721528, "lamda": 0.055230453998427825}, "datetime": {"datetime": "2021-09-24 08:26:07", "elapsed": 363.431067, "delta": 1.981351}}
{"target": 0.9177987989711535, "params": {"C": 1500.4144367787758, "epsilon": 0.1499911765650272, "gamma": 0.022097154328214522, "lamda": 0.11893729475664347}, "datetime": {"datetime": "2021-09-24 08:26:09", "elapsed": 365.765417, "delta": 2.33435}}
{"target": 0.9274895987888303, "params": {"C": 1348.419177687284, "epsilon": 0.05064714879443348, "gamma": 0.043760779795919434, "lamda": 0.09395349208295815}, "datetime": {"datetime": "2021-09-24 08:26:11", "elapsed": 367.815339, "delta": 2.049922}}
{"target": 0.9109519970607133, "params": {"C": 1331.6737648786022, "epsilon": 0.3521225589123351, "gamma": 0.06707401134491564, "lamda": 0.20546875555452276}, "datetime": {"datetime": "2021-09-24 08:26:13", "elapsed": 369.344758, "delta": 1.529419}}
{"target": 0.9149829915008909, "params": {"C": 1421.0714668269318, "epsilon": 0.37285331333082794, "gamma": 0.040189437557264986, "lamda": 0.19011307631389732}, "datetime": {"datetime": "2021-09-24 08:26:14", "elapsed": 370.974742, "delta": 1.629984}}
{"target": 0.8882165458647894, "params": {"C": 1484.9072271770483, "epsilon": 0.8704170660358563, "gamma": 0.013254711039340195, "lamda": 0.07501676272083752}, "datetime": {"datetime": "2021-09-24 08:26:17", "elapsed": 373.042303, "delta": 2.067561}}
{"target": 0.8993866046883058, "params": {"C": 1408.330648398716, "epsilon": 0.7408649511284698, "gamma": 0.04927699645693644, "lamda": 0.28688367998786113}, "datetime": {"datetime": "2021-09-24 08:26:18", "elapsed": 374.726139, "delta": 1.683836}}
{"target": 0.9124691836501803, "params": {"C": 1377.8849022100264, "epsilon": 0.9437229438946725, "gamma": 0.038127207173962986, "lamda": 0.0897471787714462}, "datetime": {"datetime": "2021-09-24 08:26:20", "elapsed": 376.431383, "delta": 1.705244}}
{"target": 0.928236040543834, "params": {"C": 1310.4754767865097, "epsilon": 0.9133342829609084, "gamma": 0.02915695429644182, "lamda": 0.009357343746428139}, "datetime": {"datetime": "2021-09-24 08:26:22", "elapsed": 378.197333, "delta": 1.76595}}
{"target": 0.9112298234713448, "params": {"C": 1367.9314173669159, "epsilon": 0.05080396200645276, "gamma": 0.06582959550161746, "lamda": 0.10509931296807659}, "datetime": {"datetime": "2021-09-24 08:26:23", "elapsed": 379.839559, "delta": 1.642226}}
{"target": 0.8999791921896837, "params": {"C": 1530.1872230706124, "epsilon": 0.8797423321565119, "gamma": 0.05146519184214646, "lamda": 0.23524150766979834}, "datetime": {"datetime": "2021-09-24 08:26:25", "elapsed": 381.377972, "delta": 1.538413}}
{"target": 0.923067432114983, "params": {"C": 1524.3100323802003, "epsilon": 0.13235314521383693, "gamma": 0.04262221845120867, "lamda": 0.2037214668300064}, "datetime": {"datetime": "2021-09-24 08:26:27", "elapsed": 383.732751, "delta": 2.354779}}
