{"target": -1.9381188433947822, "params": {"C": 512.7550560329149, "epsilon": 0.3283971953729088, "gamma": 0.035650484597527315, "lamda": 0.046247781581146064}, "datetime": {"datetime": "2021-09-23 15:19:54", "elapsed": 366.168825, "delta": 1.628176}}
{"target": -1.9524523676263765, "params": {"C": 571.9943688833137, "epsilon": 0.16063875480771259, "gamma": 0.04834765475681166, "lamda": 0.06632958047974513}, "datetime": {"datetime": "2021-09-23 15:19:56", "elapsed": 368.169548, "delta": 2.000723}}
{"target": -2.0479026310482724, "params": {"C": 518.6463779448541, "epsilon": 0.29894695646349556, "gamma": 0.032260556292819, "lamda": 0.14910224554868706}, "datetime": {"datetime": "2021-09-23 15:19:58", "elapsed": 369.735149, "delta": 1.565601}}
{"target": -1.9859443811425177, "params": {"C": 571.9501458295631, "epsilon": 0.09290670002477278, "gamma": 0.04974353349611984, "lamda": 0.17049686412307208}, "datetime": {"datetime": "2021-09-23 15:20:00", "elapsed": 371.991151, "delta": 2.256002}}
{"target": -1.9460245529937983, "params": {"C": 503.7588606935354, "epsilon": 0.13086079030131098, "gamma": 0.04719773599230154, "lamda": 0.0726132862746924}, "datetime": {"datetime": "2021-09-23 15:20:02", "elapsed": 374.097146, "delta": 2.105995}}
{"target": -1.9182933416208123, "params": {"C": 571.0448374623833, "epsilon": 0.14466030976884628, "gamma": 0.03754761889486032, "lamda": 0.06428771127871599}, "datetime": {"datetime": "2021-09-23 15:20:04", "elapsed": 375.626146, "delta": 1.529}}
{"target": -1.9282373827042336, "params": {"C": 503.8095929997659, "epsilon": 0.07220833965953241, "gamma": 0.030069419203102805, "lamda": 0.08688940576751217}, "datetime": {"datetime": "2021-09-23 15:20:06", "elapsed": 378.26915, "delta": 2.643004}}
{"target": -1.9395037476240418, "params": {"C": 546.1226730879118, "epsilon": 0.07723136236154948, "gamma": 0.044337653863582654, "lamda": 0.14255236748162414}, "datetime": {"datetime": "2021-09-23 15:20:08", "elapsed": 379.930146, "delta": 1.660996}}
{"target": -2.0627982870971295, "params": {"C": 699.4851078938865, "epsilon": 0.7072088398194447, "gamma": 0.04112384494562209, "lamda": 0.10246472684317316}, "datetime": {"datetime": "2021-09-23 15:20:10", "elapsed": 381.551148, "delta": 1.621002}}
{"target": -2.002267484709433, "params": {"C": 571.2795234807683, "epsilon": 0.24721243556484454, "gamma": 0.04773352775881721, "lamda": 0.01812692531224594}, "datetime": {"datetime": "2021-09-23 15:20:12", "elapsed": 384.192147, "delta": 2.640999}}
{"target": -1.9168780004371266, "params": {"C": 571.168915723433, "epsilon": 0.1881025388238096, "gamma": 0.03812459015671174, "lamda": 0.03978322411953371}, "datetime": {"datetime": "2021-09-23 15:20:15", "elapsed": 386.802706, "delta": 2.610559}}
{"target": -1.9862504600371222, "params": {"C": 557.2215675966671, "epsilon": 0.43111853633760383, "gamma": 0.05, "lamda": 0.015}, "datetime": {"datetime": "2021-09-23 15:20:18", "elapsed": 389.746726, "delta": 2.94402}}
{"target": -1.9833500494374057, "params": {"C": 571.2778641625124, "epsilon": 0.20573681691284462, "gamma": 0.03, "lamda": 0.10302881992983379}, "datetime": {"datetime": "2021-09-23 15:20:20", "elapsed": 392.112857, "delta": 2.366131}}
{"target": -2.060471216888801, "params": {"C": 636.5155352352713, "epsilon": 0.6280864273229202, "gamma": 0.04497971035006334, "lamda": 0.11963479480926133}, "datetime": {"datetime": "2021-09-23 15:20:22", "elapsed": 393.653715, "delta": 1.540858}}
{"target": -2.0024614666533775, "params": {"C": 687.0987875742577, "epsilon": 0.14491391432622136, "gamma": 0.030385797340658962, "lamda": 0.15350231425740146}, "datetime": {"datetime": "2021-09-23 15:20:23", "elapsed": 395.304521, "delta": 1.650806}}
{"target": -2.08517143374077, "params": {"C": 513.1617254240437, "epsilon": 0.5226003411439065, "gamma": 0.03542911650423539, "lamda": 0.14598312848105527}, "datetime": {"datetime": "2021-09-23 15:20:25", "elapsed": 396.9459, "delta": 1.641379}}
{"target": -1.944579425071977, "params": {"C": 578.2355527290798, "epsilon": 0.057065692332497836, "gamma": 0.04279084613938399, "lamda": 0.19290106963518555}, "datetime": {"datetime": "2021-09-23 15:20:27", "elapsed": 399.439238, "delta": 2.493338}}
{"target": -1.9322923043732745, "params": {"C": 512.7047312521413, "epsilon": 0.3359110243428301, "gamma": 0.03, "lamda": 0.015}, "datetime": {"datetime": "2021-09-23 15:20:30", "elapsed": 401.765569, "delta": 2.326331}}
{"target": -2.041361608851999, "params": {"C": 596.8314690374873, "epsilon": 0.6762172523142868, "gamma": 0.044913113817006224, "lamda": 0.08537896714885075}, "datetime": {"datetime": "2021-09-23 15:20:32", "elapsed": 403.509081, "delta": 1.743512}}
{"target": -2.0209433872026246, "params": {"C": 506.97408152669436, "epsilon": 0.6748992354984735, "gamma": 0.03934024419423367, "lamda": 0.05894285516075851}, "datetime": {"datetime": "2021-09-23 15:20:34", "elapsed": 405.868698, "delta": 2.359617}}
{"target": -2.033479936108651, "params": {"C": 542.233894884236, "epsilon": 0.5304065482844067, "gamma": 0.0397524165966462, "lamda": 0.089882680374004}, "datetime": {"datetime": "2021-09-23 15:20:36", "elapsed": 407.557126, "delta": 1.688428}}
{"target": -1.948514815552193, "params": {"C": 527.0234418534086, "epsilon": 0.22959219163023536, "gamma": 0.03538762785820991, "lamda": 0.020128079976303177}, "datetime": {"datetime": "2021-09-23 15:20:38", "elapsed": 409.523429, "delta": 1.966303}}
{"target": -2.058013995865535, "params": {"C": 546.14731650156, "epsilon": 0.03750403167898017, "gamma": 0.044424478793114244, "lamda": 0.04358055407619058}, "datetime": {"datetime": "2021-09-23 15:20:40", "elapsed": 411.560127, "delta": 2.036698}}
{"target": -2.02466589169415, "params": {"C": 557.1370327897985, "epsilon": 0.4696558836515674, "gamma": 0.04337194920789356, "lamda": 0.09775718193111901}, "datetime": {"datetime": "2021-09-23 15:20:41", "elapsed": 413.204782, "delta": 1.644655}}
{"target": -1.9440754449617903, "params": {"C": 627.9966785273333, "epsilon": 0.19024717167474234, "gamma": 0.03964644176796694, "lamda": 0.0703642123183689}, "datetime": {"datetime": "2021-09-23 15:20:44", "elapsed": 415.885086, "delta": 2.680304}}
{"target": -1.9330415148486448, "params": {"C": 503.81476191898196, "epsilon": 0.0623584589746035, "gamma": 0.04308742128733536, "lamda": 0.1428440950410077}, "datetime": {"datetime": "2021-09-23 15:20:47", "elapsed": 419.045406, "delta": 3.16032}}
{"target": -2.050812625300321, "params": {"C": 696.0769724440698, "epsilon": 0.3821842861003767, "gamma": 0.0375179848740482, "lamda": 0.14701204508427718}, "datetime": {"datetime": "2021-09-23 15:20:49", "elapsed": 420.695081, "delta": 1.649675}}
{"target": -2.0157321314356187, "params": {"C": 561.9530231817431, "epsilon": 0.4741633404862532, "gamma": 0.034454748979504894, "lamda": 0.07099212024905427}, "datetime": {"datetime": "2021-09-23 15:20:50", "elapsed": 422.486068, "delta": 1.790987}}
{"target": -1.9553688786777783, "params": {"C": 504.28954578235357, "epsilon": 0.10206861800762312, "gamma": 0.04889074797778836, "lamda": 0.11824550103893432}, "datetime": {"datetime": "2021-09-23 15:20:54", "elapsed": 426.219814, "delta": 3.733746}}
{"target": -1.9835732023764472, "params": {"C": 619.2523998135238, "epsilon": 0.3664231245889371, "gamma": 0.03868170860060921, "lamda": 0.05927667834366515}, "datetime": {"datetime": "2021-09-23 15:20:56", "elapsed": 427.819728, "delta": 1.599914}}
{"target": -2.0094153221175604, "params": {"C": 636.5352303559218, "epsilon": 0.4066227241231777, "gamma": 0.032143855185440315, "lamda": 0.06987629299961728}, "datetime": {"datetime": "2021-09-23 15:20:58", "elapsed": 429.618951, "delta": 1.799223}}
{"target": -1.9582708815077312, "params": {"C": 571.3089193503121, "epsilon": 0.13568508839499493, "gamma": 0.04371261513277537, "lamda": 0.11085466701406088}, "datetime": {"datetime": "2021-09-23 15:20:59", "elapsed": 431.296607, "delta": 1.677656}}
{"target": -1.9094073686540758, "params": {"C": 557.3147579327197, "epsilon": 0.3573184320598002, "gamma": 0.035357393070244214, "lamda": 0.01900922192552669}, "datetime": {"datetime": "2021-09-23 15:21:02", "elapsed": 434.420067, "delta": 3.12346}}
{"target": -2.0463545123334925, "params": {"C": 572.2189624244954, "epsilon": 0.03210277592346146, "gamma": 0.04807107181918116, "lamda": 0.07807214411218026}, "datetime": {"datetime": "2021-09-23 15:21:05", "elapsed": 437.445647, "delta": 3.02558}}
{"target": -1.9146526802986863, "params": {"C": 545.8780160787489, "epsilon": 0.09351539065881492, "gamma": 0.03799303832211732, "lamda": 0.07717560129770717}, "datetime": {"datetime": "2021-09-23 15:21:08", "elapsed": 440.123925, "delta": 2.678278}}
{"target": -2.157924390304878, "params": {"C": 509.3140541701508, "epsilon": 0.6130365762849145, "gamma": 0.03240039523791303, "lamda": 0.19057187281753124}, "datetime": {"datetime": "2021-09-23 15:21:10", "elapsed": 441.713546, "delta": 1.589621}}
{"target": -1.9887787450629342, "params": {"C": 557.3782914056133, "epsilon": 0.30758270884803274, "gamma": 0.0449356112496478, "lamda": 0.07365710547209155}, "datetime": {"datetime": "2021-09-23 15:21:12", "elapsed": 444.365127, "delta": 2.651581}}
{"target": -2.0267995980750704, "params": {"C": 560.3042543025072, "epsilon": 0.7796410135924886, "gamma": 0.04832894045143495, "lamda": 0.06312594807633931}, "datetime": {"datetime": "2021-09-23 15:21:14", "elapsed": 445.913868, "delta": 1.548741}}
{"target": -1.9535515521864457, "params": {"C": 512.7305497083612, "epsilon": 0.3850643235080824, "gamma": 0.031023927043377475, "lamda": 0.04477239195970689}, "datetime": {"datetime": "2021-09-23 15:21:16", "elapsed": 448.409838, "delta": 2.49597}}
{"target": -1.950951881601333, "params": {"C": 564.7531997544809, "epsilon": 0.0736910724564225, "gamma": 0.031213270330565132, "lamda": 0.04316921926667256}, "datetime": {"datetime": "2021-09-23 15:21:19", "elapsed": 450.754121, "delta": 2.344283}}
{"target": -1.9388980708547665, "params": {"C": 571.9643301948948, "epsilon": 0.12177055608998075, "gamma": 0.03, "lamda": 0.09562863442113012}, "datetime": {"datetime": "2021-09-23 15:21:21", "elapsed": 453.434178, "delta": 2.680057}}
{"target": -1.998180525976534, "params": {"C": 572.0989810050726, "epsilon": 0.10273268851164287, "gamma": 0.043231172840871294, "lamda": 0.03439044798343974}, "datetime": {"datetime": "2021-09-23 15:21:24", "elapsed": 456.145259, "delta": 2.711081}}
{"target": -1.963420450998923, "params": {"C": 571.342739682292, "epsilon": 0.1615325809984466, "gamma": 0.035736296554209616, "lamda": 0.02320770279477455}, "datetime": {"datetime": "2021-09-23 15:21:26", "elapsed": 458.486702, "delta": 2.341443}}
{"target": -1.9345183485761164, "params": {"C": 564.7583501391373, "epsilon": 0.1624240232374512, "gamma": 0.042114137451505315, "lamda": 0.046426234394495766}, "datetime": {"datetime": "2021-09-23 15:21:29", "elapsed": 460.635215, "delta": 2.148513}}
{"target": -2.050595857602741, "params": {"C": 549.0771873747664, "epsilon": 0.5704522042365404, "gamma": 0.03582048408974361, "lamda": 0.0936182804963102}, "datetime": {"datetime": "2021-09-23 15:21:30", "elapsed": 462.424636, "delta": 1.789421}}
{"target": -2.126033906405024, "params": {"C": 522.2354507103204, "epsilon": 0.6554913567428537, "gamma": 0.0450325479129054, "lamda": 0.182742660790142}, "datetime": {"datetime": "2021-09-23 15:21:32", "elapsed": 464.158511, "delta": 1.733875}}
{"target": -1.9403710994555614, "params": {"C": 571.146119765712, "epsilon": 0.16354340618197932, "gamma": 0.03, "lamda": 0.0749323363710776}, "datetime": {"datetime": "2021-09-23 15:21:36", "elapsed": 467.631952, "delta": 3.473441}}
{"target": -1.9483219952320026, "params": {"C": 654.2580098980475, "epsilon": 0.04483484900873075, "gamma": 0.043523314312321704, "lamda": 0.15398107087605833}, "datetime": {"datetime": "2021-09-23 15:21:38", "elapsed": 469.514028, "delta": 1.882076}}
{"target": -1.9495385835307781, "params": {"C": 571.9577562869202, "epsilon": 0.20384655027554172, "gamma": 0.03600281495940211, "lamda": 0.02119426416807837}, "datetime": {"datetime": "2021-09-23 15:21:40", "elapsed": 472.126962, "delta": 2.612934}}
{"target": -2.068093045906121, "params": {"C": 555.5115797518431, "epsilon": 0.45605020644804994, "gamma": 0.033129043128466984, "lamda": 0.12936137909397138}, "datetime": {"datetime": "2021-09-23 15:21:42", "elapsed": 473.871281, "delta": 1.744319}}
{"target": -2.0106717764555846, "params": {"C": 507.0129405231251, "epsilon": 0.7762274093021202, "gamma": 0.031223683072357122, "lamda": 0.03667218830184819}, "datetime": {"datetime": "2021-09-23 15:21:45", "elapsed": 476.871059, "delta": 2.999778}}
{"target": -2.0519927035467087, "params": {"C": 571.1731767229548, "epsilon": 0.15361357576421086, "gamma": 0.04977123202999577, "lamda": 0.017560279026157498}, "datetime": {"datetime": "2021-09-23 15:21:47", "elapsed": 479.337886, "delta": 2.466827}}
{"target": -1.9539151986829915, "params": {"C": 545.8237598713478, "epsilon": 0.10329442138839001, "gamma": 0.033642544993997756, "lamda": 0.032994586423854416}, "datetime": {"datetime": "2021-09-23 15:21:50", "elapsed": 481.651259, "delta": 2.313373}}
{"target": -2.079417889142255, "params": {"C": 525.2632189365036, "epsilon": 0.7321729870756547, "gamma": 0.04787645164222608, "lamda": 0.1204668007022521}, "datetime": {"datetime": "2021-09-23 15:21:51", "elapsed": 483.409925, "delta": 1.758666}}
{"target": -1.9617289242019595, "params": {"C": 578.2840500122912, "epsilon": 0.0895812372603174, "gamma": 0.03, "lamda": 0.1584347918332189}, "datetime": {"datetime": "2021-09-23 15:21:54", "elapsed": 486.310073, "delta": 2.900148}}
{"target": -2.062640414606947, "params": {"C": 661.9709086891468, "epsilon": 0.36941096200395707, "gamma": 0.04117060691910822, "lamda": 0.19473720412881124}, "datetime": {"datetime": "2021-09-23 15:21:56", "elapsed": 488.150933, "delta": 1.84086}}
{"target": -2.0316059875033576, "params": {"C": 572.0161093613747, "epsilon": 0.03655044142179239, "gamma": 0.04598500069687389, "lamda": 0.07202228154883046}, "datetime": {"datetime": "2021-09-23 15:22:00", "elapsed": 491.654033, "delta": 3.5031}}
{"target": -2.0834280499516797, "params": {"C": 649.0345974027775, "epsilon": 0.6887603504560469, "gamma": 0.045700839382681414, "lamda": 0.13166229716483463}, "datetime": {"datetime": "2021-09-23 15:22:01", "elapsed": 493.374118, "delta": 1.720085}}
{"target": -2.001126959413503, "params": {"C": 503.7840619312826, "epsilon": 0.03416348720355227, "gamma": 0.031007720688072758, "lamda": 0.040259576670574435}, "datetime": {"datetime": "2021-09-23 15:22:04", "elapsed": 496.02206, "delta": 2.647942}}
{"target": -2.0350082633032107, "params": {"C": 581.1405893712508, "epsilon": 0.2291188093031379, "gamma": 0.03073593644501283, "lamda": 0.1474106056411153}, "datetime": {"datetime": "2021-09-23 15:22:06", "elapsed": 497.765845, "delta": 1.743785}}
{"target": -2.009701659722697, "params": {"C": 609.3142631733917, "epsilon": 0.03509286438049674, "gamma": 0.048966345526369776, "lamda": 0.11935450299637021}, "datetime": {"datetime": "2021-09-23 15:22:08", "elapsed": 499.632242, "delta": 1.866397}}
{"target": -1.935127980287867, "params": {"C": 500.7418986552834, "epsilon": 0.03671011384827595, "gamma": 0.04238904891805653, "lamda": 0.19593905518396654}, "datetime": {"datetime": "2021-09-23 15:22:11", "elapsed": 503.008174, "delta": 3.375932}}
{"target": -1.923905941833513, "params": {"C": 503.8211987920875, "epsilon": 0.10181512872869307, "gamma": 0.03535306423559633, "lamda": 0.1079774195733083}, "datetime": {"datetime": "2021-09-23 15:22:15", "elapsed": 506.727741, "delta": 3.719567}}
{"target": -1.9709766734411782, "params": {"C": 545.8950572030346, "epsilon": 0.03375551789409181, "gamma": 0.03493063502705506, "lamda": 0.08740426174251809}, "datetime": {"datetime": "2021-09-23 15:22:17", "elapsed": 509.088437, "delta": 2.360696}}
{"target": -1.9302784054909792, "params": {"C": 546.2432917734213, "epsilon": 0.09415364768424793, "gamma": 0.03332492469626278, "lamda": 0.11877392996703254}, "datetime": {"datetime": "2021-09-23 15:22:21", "elapsed": 512.907547, "delta": 3.81911}}
{"target": -1.9288960054532212, "params": {"C": 627.9388208093625, "epsilon": 0.07022510361969775, "gamma": 0.031842363895810376, "lamda": 0.13250324788733955}, "datetime": {"datetime": "2021-09-23 15:22:23", "elapsed": 515.297456, "delta": 2.389909}}
{"target": -1.9309168087533588, "params": {"C": 564.707544983737, "epsilon": 0.1569616392087388, "gamma": 0.03, "lamda": 0.031704756355379594}, "datetime": {"datetime": "2021-09-23 15:22:27", "elapsed": 518.746612, "delta": 3.449156}}
{"target": -1.961591392164938, "params": {"C": 546.2978496714692, "epsilon": 0.04509103751406589, "gamma": 0.0485940587158655, "lamda": 0.1869156614482126}, "datetime": {"datetime": "2021-09-23 15:22:30", "elapsed": 521.551563, "delta": 2.804951}}
{"target": -1.91965264874652, "params": {"C": 546.2359656892239, "epsilon": 0.032612710145541984, "gamma": 0.03631007954776436, "lamda": 0.1773020019216438}, "datetime": {"datetime": "2021-09-23 15:22:32", "elapsed": 524.185997, "delta": 2.634434}}
{"target": -1.960787952556817, "params": {"C": 503.7432643282883, "epsilon": 0.08542329926994263, "gamma": 0.04399335826573119, "lamda": 0.18009496383972046}, "datetime": {"datetime": "2021-09-23 15:22:35", "elapsed": 526.9579, "delta": 2.771903}}
{"target": -1.9139737333847364, "params": {"C": 503.8118810392111, "epsilon": 0.07782741195941908, "gamma": 0.03314468664199445, "lamda": 0.09099065848268975}, "datetime": {"datetime": "2021-09-23 15:22:37", "elapsed": 528.824242, "delta": 1.866342}}
{"target": -2.0160691752217503, "params": {"C": 683.4325689548159, "epsilon": 0.4883283833468234, "gamma": 0.043623150329420046, "lamda": 0.08439050114068646}, "datetime": {"datetime": "2021-09-23 15:22:39", "elapsed": 530.705218, "delta": 1.880976}}
{"target": -1.9892110253163815, "params": {"C": 586.5239577838558, "epsilon": 0.19327135937817186, "gamma": 0.042934654917139096, "lamda": 0.11272518973262478}, "datetime": {"datetime": "2021-09-23 15:22:41", "elapsed": 532.52622, "delta": 1.821002}}
{"target": -1.9253261076916302, "params": {"C": 593.6149656382233, "epsilon": 0.15341655575477886, "gamma": 0.03762451540523434, "lamda": 0.03429457184903902}, "datetime": {"datetime": "2021-09-23 15:22:43", "elapsed": 534.583218, "delta": 2.056998}}
{"target": -1.969514699142236, "params": {"C": 572.2545828548268, "epsilon": 0.09729994199459484, "gamma": 0.03151404456124214, "lamda": 0.026016250330242657}, "datetime": {"datetime": "2021-09-23 15:22:45", "elapsed": 537.461218, "delta": 2.878}}
{"target": -1.9678923286775418, "params": {"C": 536.7738435926539, "epsilon": 0.08025143133530083, "gamma": 0.046364737375579494, "lamda": 0.18402777425154687}, "datetime": {"datetime": "2021-09-23 15:22:47", "elapsed": 539.326218, "delta": 1.865}}
{"target": -1.9199346989038095, "params": {"C": 627.9060268439626, "epsilon": 0.06637693015220819, "gamma": 0.031874297805849945, "lamda": 0.11810289768530761}, "datetime": {"datetime": "2021-09-23 15:22:51", "elapsed": 543.00822, "delta": 3.682002}}
{"target": -1.9339776979086758, "params": {"C": 504.1720790832772, "epsilon": 0.03855443182317771, "gamma": 0.0418428486928538, "lamda": 0.16912762547569016}, "datetime": {"datetime": "2021-09-23 15:22:54", "elapsed": 545.590226, "delta": 2.582006}}
{"target": -2.1559316664566004, "params": {"C": 600.0516655513408, "epsilon": 0.7717858829960211, "gamma": 0.04803859905255822, "lamda": 0.18076019756208228}, "datetime": {"datetime": "2021-09-23 15:22:55", "elapsed": 547.34822, "delta": 1.757994}}
{"target": -1.9126279306614042, "params": {"C": 571.6209455582998, "epsilon": 0.06449314950337949, "gamma": 0.03599144646081545, "lamda": 0.09322299665945506}, "datetime": {"datetime": "2021-09-23 15:22:57", "elapsed": 549.466216, "delta": 2.117996}}
{"target": -2.0280089073854377, "params": {"C": 593.6100572105676, "epsilon": 0.09220019694909151, "gamma": 0.04563009496862053, "lamda": 0.029989002918622984}, "datetime": {"datetime": "2021-09-23 15:23:02", "elapsed": 553.702219, "delta": 4.236003}}
{"target": -1.9388338393316895, "params": {"C": 593.5651457794501, "epsilon": 0.14476435619739636, "gamma": 0.041140660523263504, "lamda": 0.08503777135014684}, "datetime": {"datetime": "2021-09-23 15:23:05", "elapsed": 557.097217, "delta": 3.394998}}
{"target": -1.9336378683032005, "params": {"C": 593.5989177693972, "epsilon": 0.2045525791623771, "gamma": 0.03191775921970115, "lamda": 0.05895151765028143}, "datetime": {"datetime": "2021-09-23 15:23:09", "elapsed": 560.695219, "delta": 3.598002}}
{"target": -2.057357519332411, "params": {"C": 679.1231957697079, "epsilon": 0.3403577128018024, "gamma": 0.032725115632699794, "lamda": 0.15060694396414798}, "datetime": {"datetime": "2021-09-23 15:23:10", "elapsed": 562.431246, "delta": 1.736027}}
{"target": -1.9340378111179648, "params": {"C": 571.5768778123356, "epsilon": 0.12992692585248425, "gamma": 0.039231686594626086, "lamda": 0.09379884442784182}, "datetime": {"datetime": "2021-09-23 15:23:14", "elapsed": 565.717218, "delta": 3.285972}}
{"target": -1.9219214512595624, "params": {"C": 552.018856374248, "epsilon": 0.21171910125681298, "gamma": 0.03723579461301922, "lamda": 0.05071404799824073}, "datetime": {"datetime": "2021-09-23 15:23:16", "elapsed": 567.810218, "delta": 2.093}}
{"target": -1.9652651639292533, "params": {"C": 571.5911923986081, "epsilon": 0.10066373963754888, "gamma": 0.041405852976194764, "lamda": 0.16246002327487408}, "datetime": {"datetime": "2021-09-23 15:23:18", "elapsed": 570.460222, "delta": 2.650004}}
{"target": -1.9343608081600676, "params": {"C": 623.3598066035153, "epsilon": 0.7438075803723359, "gamma": 0.03588790031233422, "lamda": 0.015}, "datetime": {"datetime": "2021-09-23 15:23:21", "elapsed": 573.142221, "delta": 2.681999}}
