{"target": 0.8976057302286338, "params": {"C": 1925.2632189365036, "epsilon": 0.9145555811212792, "gamma": 0.06362935492667825, "lamda": 0.2284662350281005}, "datetime": {"datetime": "2021-09-24 09:31:54", "elapsed": 509.164681, "delta": 1.826706}}
{"target": 0.9279521502566798, "params": {"C": 2073.5471321411237, "epsilon": 0.48207431423054026, "gamma": 0.04378863694741741, "lamda": 0.025056361894405754}, "datetime": {"datetime": "2021-09-24 09:31:57", "elapsed": 512.154999, "delta": 2.990318}}
{"target": 0.9020175999440945, "params": {"C": 2061.9709086891467, "epsilon": 0.4575696534335564, "gamma": 0.04351182075732465, "lamda": 0.3886494294453821}, "datetime": {"datetime": "2021-09-24 09:32:00", "elapsed": 514.313967, "delta": 2.158968}}
{"target": 0.9242392610520321, "params": {"C": 1946.3346201962804, "epsilon": 0.15684843450023309, "gamma": 0.05162705907931784, "lamda": 0.12150564488614107}, "datetime": {"datetime": "2021-09-24 09:32:02", "elapsed": 516.746817, "delta": 2.43285}}
{"target": 0.8982686239769646, "params": {"C": 2049.0345974027773, "epsilon": 0.859866934990085, "gamma": 0.05710251814804424, "lamda": 0.2526121976690217}, "datetime": {"datetime": "2021-09-24 09:32:04", "elapsed": 518.908312, "delta": 2.161495}}
{"target": 0.924147708434691, "params": {"C": 1983.9426111098041, "epsilon": 0.08470101909201794, "gamma": 0.05298713181685015, "lamda": 0.0877859136243522}, "datetime": {"datetime": "2021-09-24 09:32:07", "elapsed": 521.912454, "delta": 3.004142}}
{"target": 0.8811710654555249, "params": {"C": 1981.1405893712508, "epsilon": 0.2808379805507062, "gamma": 0.012207809335038497, "lamda": 0.2865774683827298}, "datetime": {"datetime": "2021-09-24 09:32:09", "elapsed": 523.898153, "delta": 1.985699}}
{"target": 0.9160142908360842, "params": {"C": 2009.3142631733917, "epsilon": 0.03641568629750888, "gamma": 0.06689903657910932, "lamda": 0.2260672794354147}, "datetime": {"datetime": "2021-09-24 09:32:11", "elapsed": 526.021616, "delta": 2.123463}}
{"target": 0.9143179531056754, "params": {"C": 2023.3132812151728, "epsilon": 0.8532291543935941, "gamma": 0.025381254298567232, "lamda": 0.04195306520020197}, "datetime": {"datetime": "2021-09-24 09:32:14", "elapsed": 528.934739, "delta": 2.913123}}
{"target": 0.9292967407997156, "params": {"C": 1972.1778499165657, "epsilon": 0.030780158174042487, "gamma": 0.038527201529872296, "lamda": 0.2854982531472469}, "datetime": {"datetime": "2021-09-24 09:32:17", "elapsed": 532.032317, "delta": 3.097578}}
{"target": 0.920687394008852, "params": {"C": 1946.2564030708934, "epsilon": 0.03272934145472771, "gamma": 0.03992243002927583, "lamda": 0.06542928669371055}, "datetime": {"datetime": "2021-09-24 09:32:20", "elapsed": 534.424622, "delta": 2.392305}}
{"target": 0.91730414851206, "params": {"C": 1932.4064944864467, "epsilon": 0.19967561059567282, "gamma": 0.016598789877856523, "lamda": 0.015551177982320946}, "datetime": {"datetime": "2021-09-24 09:32:24", "elapsed": 538.678142, "delta": 4.25352}}
{"target": 0.9296464823809227, "params": {"C": 1927.0822779809494, "epsilon": 0.2408993321664786, "gamma": 0.03863002187105208, "lamda": 0.04015411710328146}, "datetime": {"datetime": "2021-09-24 09:32:26", "elapsed": 541.219741, "delta": 2.541599}}
{"target": 0.9060136624462897, "params": {"C": 1904.3406948994984, "epsilon": 0.15083953016770224, "gamma": 0.01480298055654615, "lamda": 0.1283679156089097}, "datetime": {"datetime": "2021-09-24 09:32:30", "elapsed": 545.098837, "delta": 3.879096}}
{"target": 0.9215669305996153, "params": {"C": 1945.1497963086779, "epsilon": 0.41783940624047033, "gamma": 0.04957017430793246, "lamda": 0.07941435132634997}, "datetime": {"datetime": "2021-09-24 09:32:32", "elapsed": 547.186269, "delta": 2.087432}}
{"target": 0.908593631443875, "params": {"C": 1946.0734058458618, "epsilon": 0.18145599412015279, "gamma": 0.013544374778557551, "lamda": 0.06309918557631675}, "datetime": {"datetime": "2021-09-24 09:32:35", "elapsed": 549.987602, "delta": 2.801333}}
{"target": 0.9127028490171406, "params": {"C": 2073.557204012258, "epsilon": 0.4378273787648178, "gamma": 0.06125456234700149, "lamda": 0.011406421793359309}, "datetime": {"datetime": "2021-09-24 09:32:38", "elapsed": 553.281119, "delta": 3.293517}}
{"target": 0.9169624054939669, "params": {"C": 1936.8278276883875, "epsilon": 0.3697556075784426, "gamma": 0.06962600870394142, "lamda": 0.066485000933984}, "datetime": {"datetime": "2021-09-24 09:32:40", "elapsed": 555.043735, "delta": 1.762616}}
{"target": 0.9123992193391149, "params": {"C": 2083.432568954816, "epsilon": 0.6073747166836607, "gamma": 0.05086945098826015, "lamda": 0.15065843218991296}, "datetime": {"datetime": "2021-09-24 09:32:42", "elapsed": 556.953364, "delta": 1.909629}}
{"target": 0.9183854433267818, "params": {"C": 1986.5239577838558, "epsilon": 0.2356795046712035, "gamma": 0.04880396475141729, "lamda": 0.21176946326117455}, "datetime": {"datetime": "2021-09-24 09:32:44", "elapsed": 559.0365, "delta": 2.083136}}
{"target": 0.9304128754586272, "params": {"C": 1993.6149656382233, "epsilon": 0.18547280400277338, "gamma": 0.03287354621570304, "lamda": 0.042613698204143624}, "datetime": {"datetime": "2021-09-24 09:32:46", "elapsed": 561.130392, "delta": 2.093892}}
{"target": 0.8945654062194155, "params": {"C": 2089.147815885086, "epsilon": 0.7625464369206273, "gamma": 0.0509488469855701, "lamda": 0.34302283005940093}, "datetime": {"datetime": "2021-09-24 09:32:48", "elapsed": 563.176902, "delta": 2.04651}}
{"target": 0.9179333306596842, "params": {"C": 1936.7738435926537, "epsilon": 0.0933037511626517, "gamma": 0.05909421212673848, "lamda": 0.3655517941965795}, "datetime": {"datetime": "2021-09-24 09:32:50", "elapsed": 565.202948, "delta": 2.026046}}
{"target": 0.9206061356580569, "params": {"C": 1926.9910314131043, "epsilon": 0.3105738005787584, "gamma": 0.06249675949913264, "lamda": 0.03897689941531229}, "datetime": {"datetime": "2021-09-24 09:32:55", "elapsed": 569.985654, "delta": 4.782706}}
{"target": 0.9096298994431894, "params": {"C": 1927.0144007544359, "epsilon": 0.2244561281932482, "gamma": 0.013682582236332595, "lamda": 0.0468752572239913}, "datetime": {"datetime": "2021-09-24 09:33:00", "elapsed": 574.516776, "delta": 4.531122}}
{"target": 0.8846528980143238, "params": {"C": 2000.0516655513406, "epsilon": 0.9644575409170655, "gamma": 0.06411579715767467, "lamda": 0.3585044260933558}, "datetime": {"datetime": "2021-09-24 09:33:04", "elapsed": 578.635678, "delta": 4.118902}}
{"target": 0.9254689753830587, "params": {"C": 1971.6209455582998, "epsilon": 0.0734524091146469, "gamma": 0.02797433938244636, "lamda": 0.1697079765790409}, "datetime": {"datetime": "2021-09-24 09:33:07", "elapsed": 581.798682, "delta": 3.163004}}
{"target": 0.927368764899127, "params": {"C": 1945.997283405941, "epsilon": 0.07270391946909574, "gamma": 0.04678429486989014, "lamda": 0.09856086897988027}, "datetime": {"datetime": "2021-09-24 09:33:12", "elapsed": 586.761168, "delta": 4.962486}}
{"target": 0.9012146225024483, "params": {"C": 1927.068585881731, "epsilon": 0.28010212338173657, "gamma": 0.05927510743911331, "lamda": 0.010171756198152054}, "datetime": {"datetime": "2021-09-24 09:33:15", "elapsed": 590.009859, "delta": 3.248691}}
{"target": 0.92509412053759, "params": {"C": 2006.2180689929844, "epsilon": 0.14824808282212504, "gamma": 0.03290455298124458, "lamda": 0.12210679164284385}, "datetime": {"datetime": "2021-09-24 09:33:19", "elapsed": 593.838142, "delta": 3.828283}}
{"target": 0.8884781667211614, "params": {"C": 2079.1231957697078, "epsilon": 0.4209701057373354, "gamma": 0.01817534689809938, "lamda": 0.2934711926578111}, "datetime": {"datetime": "2021-09-24 09:33:21", "elapsed": 595.78933, "delta": 1.951188}}
{"target": 0.9267719322309194, "params": {"C": 1932.3296760348394, "epsilon": 0.501869182824161, "gamma": 0.045371168743226435, "lamda": 0.03077191981696241}, "datetime": {"datetime": "2021-09-24 09:33:26", "elapsed": 601.004493, "delta": 5.215163}}
{"target": 0.9239538542278322, "params": {"C": 1952.018856374248, "epsilon": 0.2589188678170241, "gamma": 0.03170738383905766, "lamda": 0.07802651433134082}, "datetime": {"datetime": "2021-09-24 09:33:28", "elapsed": 603.125211, "delta": 2.120718}}
{"target": 0.9258835517256617, "params": {"C": 1932.297919705964, "epsilon": 0.45953736157346114, "gamma": 0.02528437345186421, "lamda": 0.021540341259966896}, "datetime": {"datetime": "2021-09-24 09:33:31", "elapsed": 605.744522, "delta": 2.619311}}
{"target": 0.8962514020963681, "params": {"C": 1945.9270639362521, "epsilon": 0.051716296729332756, "gamma": 0.06257607860645642, "lamda": 0.05063349060162726}, "datetime": {"datetime": "2021-09-24 09:33:34", "elapsed": 608.657692, "delta": 2.91317}}
{"target": 0.9300497164850643, "params": {"C": 1993.60178544879, "epsilon": 0.24158291381877894, "gamma": 0.02787198592339977, "lamda": 0.013823807025572926}, "datetime": {"datetime": "2021-09-24 09:33:37", "elapsed": 611.992756, "delta": 3.335064}}
{"target": 0.92699724335834, "params": {"C": 1946.132144030316, "epsilon": 0.21054301055458782, "gamma": 0.04845769473518706, "lamda": 0.04152309663960438}, "datetime": {"datetime": "2021-09-24 09:33:41", "elapsed": 615.766612, "delta": 3.773856}}
{"target": 0.9096530792441379, "params": {"C": 2062.8521145314394, "epsilon": 0.7405837294882137, "gamma": 0.04489020386542871, "lamda": 0.15575402100550093}, "datetime": {"datetime": "2021-09-24 09:33:43", "elapsed": 618.003528, "delta": 2.236916}}
{"target": 0.913253932141533, "params": {"C": 2013.4756558809054, "epsilon": 0.4936029532388031, "gamma": 0.031205781421421427, "lamda": 0.12440107137737934}, "datetime": {"datetime": "2021-09-24 09:33:46", "elapsed": 620.620065, "delta": 2.616537}}
{"target": 0.9069925410560746, "params": {"C": 2087.2049981274768, "epsilon": 0.303491098424829, "gamma": 0.03037152079194417, "lamda": 0.319142755469297}, "datetime": {"datetime": "2021-09-24 09:33:49", "elapsed": 623.542043, "delta": 2.921978}}
{"target": 0.9245982167991229, "params": {"C": 1926.98569639256, "epsilon": 0.23874641598837873, "gamma": 0.05278178036536067, "lamda": 0.0341420904947097}, "datetime": {"datetime": "2021-09-24 09:33:54", "elapsed": 628.362213, "delta": 4.82017}}
{"target": 0.9144125402880257, "params": {"C": 1999.6316024437797, "epsilon": 0.674018300359642, "gamma": 0.06478819672043534, "lamda": 0.08031807688387645}, "datetime": {"datetime": "2021-09-24 09:33:56", "elapsed": 631.096948, "delta": 2.734735}}
{"target": 0.9238504232428683, "params": {"C": 1932.105928743356, "epsilon": 0.31287012484374976, "gamma": 0.05080945879670735, "lamda": 0.07180738460632288}, "datetime": {"datetime": "2021-09-24 09:34:00", "elapsed": 634.480329, "delta": 3.383381}}
{"target": 0.9191485293253694, "params": {"C": 1972.1724276199602, "epsilon": 0.08732652971409974, "gamma": 0.03167457273423143, "lamda": 0.357715755599735}, "datetime": {"datetime": "2021-09-24 09:34:04", "elapsed": 639.036641, "delta": 4.556312}}
{"target": 0.9166987684439205, "params": {"C": 2093.0540401487515, "epsilon": 0.9792573499552895, "gamma": 0.01705412492997458, "lamda": 0.009406631541909297}, "datetime": {"datetime": "2021-09-24 09:34:06", "elapsed": 641.243466, "delta": 2.206825}}
{"target": 0.9247799104270665, "params": {"C": 1932.3120254946637, "epsilon": 0.22022403902661283, "gamma": 0.022878189142581905, "lamda": 0.040426307710583004}, "datetime": {"datetime": "2021-09-24 09:34:10", "elapsed": 644.28723, "delta": 3.043764}}
{"target": 0.9277243817612676, "params": {"C": 1983.914121971218, "epsilon": 0.13352673009845356, "gamma": 0.04237837811082373, "lamda": 0.10230300222355794}, "datetime": {"datetime": "2021-09-24 09:34:13", "elapsed": 647.988567, "delta": 3.701337}}
{"target": 0.9105670840789212, "params": {"C": 1900.9091441661462, "epsilon": 0.809668006954886, "gamma": 0.055445552175549355, "lamda": 0.12581194133727966}, "datetime": {"datetime": "2021-09-24 09:34:16", "elapsed": 650.495503, "delta": 2.506936}}
{"target": 0.8945355688578673, "params": {"C": 2033.1700645371823, "epsilon": 0.8677606771254649, "gamma": 0.044305261247922535, "lamda": 0.3025380816352963}, "datetime": {"datetime": "2021-09-24 09:34:18", "elapsed": 653.032263, "delta": 2.53676}}
{"target": 0.9072238103407272, "params": {"C": 2027.924161634858, "epsilon": 0.6286623417377912, "gamma": 0.045407250872507104, "lamda": 0.21723534167301062}, "datetime": {"datetime": "2021-09-24 09:34:21", "elapsed": 655.307433, "delta": 2.27517}}
{"target": 0.8760649592304729, "params": {"C": 1918.3361615055521, "epsilon": 0.9446458193200601, "gamma": 0.017871619369956283, "lamda": 0.24807740988990634}, "datetime": {"datetime": "2021-09-24 09:34:23", "elapsed": 657.664851, "delta": 2.357418}}
{"target": 0.9264362044068315, "params": {"C": 2006.1058954163677, "epsilon": 0.0455417936262162, "gamma": 0.043187556435655146, "lamda": 0.0970225361554205}, "datetime": {"datetime": "2021-09-24 09:34:26", "elapsed": 661.037817, "delta": 3.372966}}
{"target": 0.901160616152155, "params": {"C": 2037.0756340336768, "epsilon": 0.461121353594804, "gamma": 0.055700576982317895, "lamda": 0.3949900835058084}, "datetime": {"datetime": "2021-09-24 09:34:29", "elapsed": 663.681789, "delta": 2.643972}}
{"target": 0.9132418960748363, "params": {"C": 1911.8517417146973, "epsilon": 0.036540115818147326, "gamma": 0.046113307350641744, "lamda": 0.06561574011886925}, "datetime": {"datetime": "2021-09-24 09:34:31", "elapsed": 665.716901, "delta": 2.035112}}
{"target": 0.926178569412382, "params": {"C": 1993.6767661668298, "epsilon": 0.2023595856820918, "gamma": 0.03228807855601165, "lamda": 0.07686045256172591}, "datetime": {"datetime": "2021-09-24 09:34:34", "elapsed": 668.871572, "delta": 3.154671}}
{"target": 0.872699345862356, "params": {"C": 2072.5863680754937, "epsilon": 0.7935996606927134, "gamma": 0.01666281480034839, "lamda": 0.3024728215641701}, "datetime": {"datetime": "2021-09-24 09:34:36", "elapsed": 671.053081, "delta": 2.181509}}
{"target": 0.8932428833815732, "params": {"C": 2079.54082267969, "epsilon": 0.1674346162127828, "gamma": 0.01558223186774257, "lamda": 0.37083213878932997}, "datetime": {"datetime": "2021-09-24 09:34:39", "elapsed": 673.313274, "delta": 2.260193}}
{"target": 0.9196348518407675, "params": {"C": 1927.134008312595, "epsilon": 0.1974977702553474, "gamma": 0.02151418372074375, "lamda": 0.06961046753480875}, "datetime": {"datetime": "2021-09-24 09:34:42", "elapsed": 676.483201, "delta": 3.169927}}
{"target": 0.9193249395941809, "params": {"C": 1910.4388299837785, "epsilon": 0.3581520616872852, "gamma": 0.06327660748953705, "lamda": 0.0720324858377758}, "datetime": {"datetime": "2021-09-24 09:34:44", "elapsed": 678.581286, "delta": 2.098085}}
{"target": 0.9213812579299914, "params": {"C": 1932.392992108116, "epsilon": 0.2397364072868218, "gamma": 0.030012799334667738, "lamda": 0.10212673448366412}, "datetime": {"datetime": "2021-09-24 09:34:49", "elapsed": 684.168791, "delta": 5.587505}}
{"target": 0.9195593445943664, "params": {"C": 1932.410858131038, "epsilon": 0.5379612829383005, "gamma": 0.05579184564361157, "lamda": 0.0689013334156468}, "datetime": {"datetime": "2021-09-24 09:34:53", "elapsed": 687.564117, "delta": 3.395326}}
{"target": 0.9241190789975302, "params": {"C": 2028.4505211617818, "epsilon": 0.047629998708495866, "gamma": 0.047250518143086166, "lamda": 0.09840980456934112}, "datetime": {"datetime": "2021-09-24 09:34:55", "elapsed": 689.656541, "delta": 2.092424}}
{"target": 0.9180476610577405, "params": {"C": 1945.1630177257962, "epsilon": 0.4479943772181153, "gamma": 0.06720883204878648, "lamda": 0.0288812990812614}, "datetime": {"datetime": "2021-09-24 09:34:59", "elapsed": 693.486566, "delta": 3.830025}}
{"target": 0.8942166030814345, "params": {"C": 1955.2704714249637, "epsilon": 0.7451239592073331, "gamma": 0.028759445218644528, "lamda": 0.2637989615806301}, "datetime": {"datetime": "2021-09-24 09:35:01", "elapsed": 695.696618, "delta": 2.210052}}
{"target": 0.9226440737376995, "params": {"C": 1927.1040298113305, "epsilon": 0.19890829320948233, "gamma": 0.05486583357048493, "lamda": 0.03644385951214646}, "datetime": {"datetime": "2021-09-24 09:35:05", "elapsed": 699.910701, "delta": 4.214083}}
{"target": 0.9259640031995043, "params": {"C": 1985.8802595297277, "epsilon": 0.062488303635243776, "gamma": 0.028975818808076828, "lamda": 0.19690389533119113}, "datetime": {"datetime": "2021-09-24 09:35:08", "elapsed": 702.368754, "delta": 2.458053}}
{"target": 0.8970759762513107, "params": {"C": 2038.0623097431767, "epsilon": 0.1157855860820079, "gamma": 0.01378344319059161, "lamda": 0.30209828150791534}, "datetime": {"datetime": "2021-09-24 09:35:10", "elapsed": 704.921258, "delta": 2.552504}}
{"target": 0.9221209596094386, "params": {"C": 1932.33320485764, "epsilon": 0.44227096909670616, "gamma": 0.05412187848829553, "lamda": 0.06015752470911757}, "datetime": {"datetime": "2021-09-24 09:35:15", "elapsed": 709.43359, "delta": 4.512332}}
{"target": 0.9212982643506566, "params": {"C": 2053.7680007070853, "epsilon": 0.12234512061877283, "gamma": 0.033188304605596644, "lamda": 0.22699821346862825}, "datetime": {"datetime": "2021-09-24 09:35:17", "elapsed": 712.020572, "delta": 2.586982}}
{"target": 0.9084392470519206, "params": {"C": 1979.9801808850152, "epsilon": 0.8606366171145389, "gamma": 0.03199760667053937, "lamda": 0.10938757450719948}, "datetime": {"datetime": "2021-09-24 09:35:20", "elapsed": 714.465546, "delta": 2.444974}}
{"target": 0.9235783082038252, "params": {"C": 2006.728731834915, "epsilon": 0.2615533032202012, "gamma": 0.05577025507922758, "lamda": 0.06478943313252469}, "datetime": {"datetime": "2021-09-24 09:35:22", "elapsed": 716.754228, "delta": 2.288682}}
{"target": 0.9250201188219418, "params": {"C": 1993.6046660763557, "epsilon": 0.18293088400468163, "gamma": 0.0467199604037495, "lamda": 0.11122214068805251}, "datetime": {"datetime": "2021-09-24 09:35:25", "elapsed": 720.233762, "delta": 3.479534}}
{"target": 0.92502541537735, "params": {"C": 1972.1052881647424, "epsilon": 0.054560386252907454, "gamma": 0.04929614910473644, "lamda": 0.28433828618238044}, "datetime": {"datetime": "2021-09-24 09:35:29", "elapsed": 723.611343, "delta": 3.377581}}
{"target": 0.921452906093511, "params": {"C": 2091.224605379792, "epsilon": 0.45911800944903236, "gamma": 0.060827986253878814, "lamda": 0.03552589640914555}, "datetime": {"datetime": "2021-09-24 09:35:31", "elapsed": 725.92738, "delta": 2.316037}}
{"target": 0.906894550975275, "params": {"C": 1919.4640937689758, "epsilon": 0.9699703846417923, "gamma": 0.06088060444614128, "lamda": 0.12932098390609498}, "datetime": {"datetime": "2021-09-24 09:35:33", "elapsed": 728.248089, "delta": 2.320709}}
{"target": 0.92281704258398, "params": {"C": 1932.3833685935226, "epsilon": 0.2461654396458019, "gamma": 0.036889052987000966, "lamda": 0.11166124510628153}, "datetime": {"datetime": "2021-09-24 09:35:36", "elapsed": 730.419814, "delta": 2.171725}}
{"target": 0.9144310199671851, "params": {"C": 2012.4792458464683, "epsilon": 0.19560378803467024, "gamma": 0.032647761498657515, "lamda": 0.3001751693746094}, "datetime": {"datetime": "2021-09-24 09:35:38", "elapsed": 733.091622, "delta": 2.671808}}
{"target": 0.9176603545120177, "params": {"C": 2006.3773857632127, "epsilon": 0.11240285985463236, "gamma": 0.06858496724870997, "lamda": 0.12432019196837887}, "datetime": {"datetime": "2021-09-24 09:35:42", "elapsed": 736.548872, "delta": 3.45725}}
{"target": 0.9104051357363898, "params": {"C": 2027.0051797652225, "epsilon": 0.8506995751052617, "gamma": 0.03917601461255663, "lamda": 0.11988809885253744}, "datetime": {"datetime": "2021-09-24 09:35:44", "elapsed": 739.008365, "delta": 2.459493}}
{"target": 0.9284019425210838, "params": {"C": 1983.9582973012944, "epsilon": 0.14881789752680535, "gamma": 0.029519823246090066, "lamda": 0.06585096125291057}, "datetime": {"datetime": "2021-09-24 09:35:48", "elapsed": 742.555012, "delta": 3.546647}}
{"target": 0.9304798813541998, "params": {"C": 1904.3307733910904, "epsilon": 0.04675220616760407, "gamma": 0.03449868040263826, "lamda": 0.08002151655177485}, "datetime": {"datetime": "2021-09-24 09:35:52", "elapsed": 747.078302, "delta": 4.52329}}
{"target": 0.8206738504767694, "params": {"C": 1946.0893493511305, "epsilon": 0.14625520046455187, "gamma": 0.07, "lamda": 0.0017607136908190785}, "datetime": {"datetime": "2021-09-24 09:35:57", "elapsed": 752.096211, "delta": 5.017909}}
{"target": 0.8997396795347412, "params": {"C": 1919.0328412297354, "epsilon": 0.47048699393754045, "gamma": 0.06675773236789372, "lamda": 0.3625052786903887}, "datetime": {"datetime": "2021-09-24 09:36:00", "elapsed": 754.911072, "delta": 2.814861}}
{"target": 0.9231049910266788, "params": {"C": 1946.1622017614156, "epsilon": 0.09628663824451854, "gamma": 0.02405381600795002, "lamda": 0.125008356573795}, "datetime": {"datetime": "2021-09-24 09:36:05", "elapsed": 759.394741, "delta": 4.483669}}
{"target": 0.9169249670689189, "params": {"C": 1983.9031271446422, "epsilon": 0.0950416501278702, "gamma": 0.06979075823019372, "lamda": 0.1455938338180879}, "datetime": {"datetime": "2021-09-24 09:36:08", "elapsed": 763.264495, "delta": 3.869754}}
{"target": 0.9133496803642365, "params": {"C": 2034.4172348240593, "epsilon": 0.1977706541159066, "gamma": 0.05667885164642898, "lamda": 0.3569026124554637}, "datetime": {"datetime": "2021-09-24 09:36:11", "elapsed": 765.516525, "delta": 2.25203}}
{"target": 0.9168166192383103, "params": {"C": 2065.6591118545366, "epsilon": 0.1492067987032285, "gamma": 0.036526803655391585, "lamda": 0.3584064672437641}, "datetime": {"datetime": "2021-09-24 09:36:13", "elapsed": 767.915086, "delta": 2.398561}}
{"target": 0.8882226346867059, "params": {"C": 2029.077876866938, "epsilon": 0.3523486441743092, "gamma": 0.01696168795572843, "lamda": 0.30590524080959847}, "datetime": {"datetime": "2021-09-24 09:36:16", "elapsed": 770.482943, "delta": 2.567857}}
