{"target": -1.998573092938989, "params": {"C": 184.91038416056233, "epsilon": 0.27316602194901163, "gamma": 0.04557346469438021, "lamda": 0.17312144372312072}, "datetime": {"datetime": "2021-09-23 12:58:59", "elapsed": 362.867843, "delta": 2.879451}}
{"target": -2.094259888250746, "params": {"C": 184.78977620132952, "epsilon": 0.2328038231735044, "gamma": 0.020904177032188047, "lamda": 0.09106366603106689}, "datetime": {"datetime": "2021-09-23 12:59:02", "elapsed": 366.056713, "delta": 3.18887}}
{"target": -1.9661840454077393, "params": {"C": 102.97359976838769, "epsilon": 0.09698723063580664, "gamma": 0.05390343993767461, "lamda": 0.3350443401381758}, "datetime": {"datetime": "2021-09-23 12:59:03", "elapsed": 367.497995, "delta": 1.441282}}
{"target": -2.357924220165577, "params": {"C": 81.40047246333722, "epsilon": 0.33001465476359815, "gamma": 0.14080347568523058, "lamda": 0.11689467378147131}, "datetime": {"datetime": "2021-09-23 12:59:05", "elapsed": 369.047125, "delta": 1.54913}}
{"target": -1.9369923762712724, "params": {"C": 184.92608460010325, "epsilon": 0.339059407195341, "gamma": 0.04093110746250715, "lamda": 0.07541105431513849}, "datetime": {"datetime": "2021-09-23 12:59:07", "elapsed": 371.113595, "delta": 2.06647}}
{"target": -2.146327858590066, "params": {"C": 163.68583646894822, "epsilon": 0.097572082811469, "gamma": 0.08536231474297319, "lamda": 0.05056841961148039}, "datetime": {"datetime": "2021-09-23 12:59:10", "elapsed": 374.364229, "delta": 3.250634}}
{"target": -2.012474552630565, "params": {"C": 184.85161367800367, "epsilon": 0.24069846386016222, "gamma": 0.05804624742103751, "lamda": 0.20380853161928267}, "datetime": {"datetime": "2021-09-23 12:59:13", "elapsed": 377.285086, "delta": 2.920857}}
{"target": -2.0360970573698736, "params": {"C": 155.77412244664538, "epsilon": 0.18388138409584187, "gamma": 0.05540553433561534, "lamda": 0.32662055948109364}, "datetime": {"datetime": "2021-09-23 12:59:15", "elapsed": 379.103126, "delta": 1.81804}}
{"target": -2.044790614487429, "params": {"C": 184.87903722759776, "epsilon": 0.26528419085126864, "gamma": 0.024628999626625316, "lamda": 0.11941178264832625}, "datetime": {"datetime": "2021-09-23 12:59:18", "elapsed": 381.728257, "delta": 2.625131}}
{"target": -2.054321492086668, "params": {"C": 184.9235967691096, "epsilon": 0.2891683925321052, "gamma": 0.07621092921636724, "lamda": 0.09053073651226518}, "datetime": {"datetime": "2021-09-23 12:59:20", "elapsed": 384.407119, "delta": 2.678862}}
{"target": -2.0435475344605916, "params": {"C": 163.68597690369978, "epsilon": 0.416405657216988, "gamma": 0.06179373320766207, "lamda": 0.14369697881796262}, "datetime": {"datetime": "2021-09-23 12:59:23", "elapsed": 387.515985, "delta": 3.108866}}
{"target": -2.009341388029936, "params": {"C": 184.70169684900466, "epsilon": 0.2908734248528234, "gamma": 0.061173983814668834, "lamda": 0.15291262141009668}, "datetime": {"datetime": "2021-09-23 12:59:26", "elapsed": 389.644665, "delta": 2.12868}}
{"target": -2.106202198621547, "params": {"C": 184.8615042851205, "epsilon": 0.23185686444939527, "gamma": 0.08541685327053702, "lamda": 0.12624163865439175}, "datetime": {"datetime": "2021-09-23 12:59:28", "elapsed": 392.271669, "delta": 2.627004}}
{"target": -2.1689472728842074, "params": {"C": 103.00353884570274, "epsilon": 0.14705953138453287, "gamma": 0.09511726230908003, "lamda": 0.3469140274578251}, "datetime": {"datetime": "2021-09-23 12:59:30", "elapsed": 394.279669, "delta": 2.008}}
{"target": -2.035184008904458, "params": {"C": 164.59870507933644, "epsilon": 0.20096910022643263, "gamma": 0.06386408989625662, "lamda": 0.24981042767922204}, "datetime": {"datetime": "2021-09-23 12:59:32", "elapsed": 395.94867, "delta": 1.669001}}
{"target": -2.0586045154807784, "params": {"C": 146.0223627763969, "epsilon": 0.32044598671157254, "gamma": 0.029860395518451918, "lamda": 0.16891162658206405}, "datetime": {"datetime": "2021-09-23 12:59:34", "elapsed": 398.022106, "delta": 2.073436}}
{"target": -2.1236710451720726, "params": {"C": 85.49877432592086, "epsilon": 0.4075679452435257, "gamma": 0.06760932629895897, "lamda": 0.24991473612643078}, "datetime": {"datetime": "2021-09-23 12:59:35", "elapsed": 399.540062, "delta": 1.517956}}
{"target": -2.0868889626049256, "params": {"C": 184.87689952515046, "epsilon": 0.2579513632220637, "gamma": 0.030533757700044316, "lamda": 0.25439627610470195}, "datetime": {"datetime": "2021-09-23 12:59:38", "elapsed": 401.791084, "delta": 2.251022}}
{"target": -2.5296102931226456, "params": {"C": 105.72376846492932, "epsilon": 0.39194310317611025, "gamma": 0.11618847406645834, "lamda": 0.5551473428765212}, "datetime": {"datetime": "2021-09-23 12:59:39", "elapsed": 403.208686, "delta": 1.417602}}
{"target": -2.095579490927486, "params": {"C": 67.24532182483577, "epsilon": 0.34764797736527336, "gamma": 0.08653677666250621, "lamda": 0.15724300152455445}, "datetime": {"datetime": "2021-09-23 12:59:41", "elapsed": 404.575887, "delta": 1.367201}}
{"target": -2.0363313623703108, "params": {"C": 184.75119126537945, "epsilon": 0.33336655187019537, "gamma": 0.06312023257552636, "lamda": 0.15631567599387702}, "datetime": {"datetime": "2021-09-23 12:59:43", "elapsed": 406.799884, "delta": 2.223997}}
{"target": -1.988236729065629, "params": {"C": 184.76138786839286, "epsilon": 0.3576448029293466, "gamma": 0.029976947692621103, "lamda": 0.04421622762729565}, "datetime": {"datetime": "2021-09-23 12:59:46", "elapsed": 410.190887, "delta": 3.391003}}
{"target": -2.3826542883895696, "params": {"C": 102.99853053972323, "epsilon": 0.08628818703031256, "gamma": 0.010673954237240988, "lamda": 0.2508638932513518}, "datetime": {"datetime": "2021-09-23 12:59:49", "elapsed": 413.054525, "delta": 2.863638}}
{"target": -2.2263446432524754, "params": {"C": 163.77267847573268, "epsilon": 0.2422306589614685, "gamma": 0.10243155484701373, "lamda": 0.2101786632224942}, "datetime": {"datetime": "2021-09-23 12:59:52", "elapsed": 415.665424, "delta": 2.610899}}
{"target": -2.202698406226959, "params": {"C": 109.50074400189092, "epsilon": 0.16174828382066114, "gamma": 0.09944883661848357, "lamda": 0.33529114184442466}, "datetime": {"datetime": "2021-09-23 12:59:53", "elapsed": 417.335681, "delta": 1.670257}}
{"target": -2.150909188188887, "params": {"C": 184.9340046629398, "epsilon": 0.35270277428242197, "gamma": 0.09011692892461741, "lamda": 0.1261479034372405}, "datetime": {"datetime": "2021-09-23 12:59:56", "elapsed": 419.802932, "delta": 2.467251}}
{"target": -1.9983485013404902, "params": {"C": 184.97613221386092, "epsilon": 0.37010299644674594, "gamma": 0.026781356750763867, "lamda": 0.014908082706057271}, "datetime": {"datetime": "2021-09-23 12:59:59", "elapsed": 422.620642, "delta": 2.81771}}
{"target": -2.2241808565881995, "params": {"C": 102.96444434812575, "epsilon": 0.042463122982751456, "gamma": 0.019052250878229055, "lamda": 0.35657003092877404}, "datetime": {"datetime": "2021-09-23 13:00:02", "elapsed": 425.611682, "delta": 2.99104}}
{"target": -2.3885167751325334, "params": {"C": 65.8368824393011, "epsilon": 0.1667104710280982, "gamma": 0.1431726931381365, "lamda": 0.3079593598425041}, "datetime": {"datetime": "2021-09-23 13:00:04", "elapsed": 427.596292, "delta": 1.98461}}
{"target": -2.0930841943590566, "params": {"C": 110.53573341346593, "epsilon": 0.1773750550021476, "gamma": 0.08044202096695162, "lamda": 0.2849065982757506}, "datetime": {"datetime": "2021-09-23 13:00:06", "elapsed": 429.596655, "delta": 2.000363}}
{"target": -1.9326175744099903, "params": {"C": 184.8833836060033, "epsilon": 0.1469648782053707, "gamma": 0.04841470653791342, "lamda": 0.13896848200850417}, "datetime": {"datetime": "2021-09-23 13:00:08", "elapsed": 432.459931, "delta": 2.863276}}
{"target": -2.3913735745303484, "params": {"C": 104.16532419935795, "epsilon": 0.3666923820753675, "gamma": 0.101646325066185, "lamda": 0.43018377020734033}, "datetime": {"datetime": "2021-09-23 13:00:11", "elapsed": 434.819364, "delta": 2.359433}}
{"target": -2.0741214350439345, "params": {"C": 88.94245110501322, "epsilon": 0.4710492257767439, "gamma": 0.07563015007258028, "lamda": 0.13423198016064225}, "datetime": {"datetime": "2021-09-23 13:00:13", "elapsed": 436.805976, "delta": 1.986612}}
{"target": -2.0293519658773147, "params": {"C": 55.23773839325486, "epsilon": 0.45541629607989, "gamma": 0.0546995600250309, "lamda": 0.013546488481479834}, "datetime": {"datetime": "2021-09-23 13:00:14", "elapsed": 438.483376, "delta": 1.6774}}
{"target": -2.373103466500231, "params": {"C": 83.96570868345789, "epsilon": 0.01170224437239168, "gamma": 0.14026905617044075, "lamda": 0.15727941971899215}, "datetime": {"datetime": "2021-09-23 13:00:16", "elapsed": 440.481908, "delta": 1.998532}}
{"target": -2.401298486772865, "params": {"C": 165.0936115353062, "epsilon": 0.4381354883980406, "gamma": 0.10675211429834171, "lamda": 0.35265579722859447}, "datetime": {"datetime": "2021-09-23 13:00:18", "elapsed": 442.164953, "delta": 1.683045}}
{"target": -2.380472441346913, "params": {"C": 164.6035962570713, "epsilon": 0.16785152839472023, "gamma": 0.01, "lamda": 0.2761768452104131}, "datetime": {"datetime": "2021-09-23 13:00:21", "elapsed": 445.136104, "delta": 2.971151}}
{"target": -2.061853287318957, "params": {"C": 185.0146675224642, "epsilon": 0.41997606136638654, "gamma": 0.07573527478449114, "lamda": 0.03454619825988899}, "datetime": {"datetime": "2021-09-23 13:00:24", "elapsed": 448.210331, "delta": 3.074227}}
{"target": -2.437486570172342, "params": {"C": 103.85957503878484, "epsilon": 0.4460676180634472, "gamma": 0.11374736467089848, "lamda": 0.3588617091274284}, "datetime": {"datetime": "2021-09-23 13:00:26", "elapsed": 449.869075, "delta": 1.658744}}
{"target": -2.210006292942211, "params": {"C": 165.3060235865009, "epsilon": 0.05563378734758534, "gamma": 0.10284155371927273, "lamda": 0.4449940891815037}, "datetime": {"datetime": "2021-09-23 13:00:28", "elapsed": 452.259227, "delta": 2.390152}}
{"target": -2.213757147529432, "params": {"C": 184.8751479042157, "epsilon": 0.08183825708903514, "gamma": 0.10173026653244917, "lamda": 0.1512322081228573}, "datetime": {"datetime": "2021-09-23 13:00:31", "elapsed": 454.605333, "delta": 2.346106}}
{"target": -2.029512548986585, "params": {"C": 184.9581139209824, "epsilon": 0.15525102784910091, "gamma": 0.07101552470131113, "lamda": 0.18782123440900136}, "datetime": {"datetime": "2021-09-23 13:00:33", "elapsed": 457.029608, "delta": 2.424275}}
{"target": -2.1988023492313036, "params": {"C": 99.77205664720374, "epsilon": 0.4229769377883786, "gamma": 0.06154346293356628, "lamda": 0.3433678046758838}, "datetime": {"datetime": "2021-09-23 13:00:35", "elapsed": 458.943084, "delta": 1.913476}}
{"target": -1.9459856036234313, "params": {"C": 184.92835152502022, "epsilon": 0.17543780200520498, "gamma": 0.034558300645712296, "lamda": 0.13230953659199815}, "datetime": {"datetime": "2021-09-23 13:00:38", "elapsed": 461.951941, "delta": 3.008857}}
{"target": -2.010391810435439, "params": {"C": 184.88066036408233, "epsilon": 0.18847554438940978, "gamma": 0.035205834244184886, "lamda": 0.22233849685234397}, "datetime": {"datetime": "2021-09-23 13:00:41", "elapsed": 464.661516, "delta": 2.709575}}
{"target": -2.0783444699562112, "params": {"C": 184.8535511749656, "epsilon": 0.16062154331938097, "gamma": 0.07854742113946644, "lamda": 0.20180659681649327}, "datetime": {"datetime": "2021-09-23 13:00:43", "elapsed": 467.216317, "delta": 2.554801}}
{"target": -2.259038777373322, "params": {"C": 198.67415580216817, "epsilon": 0.23000872834653513, "gamma": 0.10380536453145987, "lamda": 0.240242154638201}, "datetime": {"datetime": "2021-09-23 13:00:45", "elapsed": 468.85319, "delta": 1.636873}}
{"target": -2.3829716672369927, "params": {"C": 184.84541921273376, "epsilon": 0.2901664650890002, "gamma": 0.01, "lamda": 0.19067383543839142}, "datetime": {"datetime": "2021-09-23 13:00:48", "elapsed": 472.401189, "delta": 3.547999}}
{"target": -2.3321629136876862, "params": {"C": 62.29854914105163, "epsilon": 0.19013315523571178, "gamma": 0.10319349886931047, "lamda": 0.5920796210585463}, "datetime": {"datetime": "2021-09-23 13:00:50", "elapsed": 473.90719, "delta": 1.506001}}
{"target": -1.9665747779067393, "params": {"C": 146.08840879756013, "epsilon": 0.1889646389237771, "gamma": 0.055405151784889584, "lamda": 0.02190719504323036}, "datetime": {"datetime": "2021-09-23 13:00:52", "elapsed": 475.716192, "delta": 1.809002}}
{"target": -2.0639365768114963, "params": {"C": 165.35766775827787, "epsilon": 0.005730445646263641, "gamma": 0.02654072729458879, "lamda": 0.4114043575982174}, "datetime": {"datetime": "2021-09-23 13:00:54", "elapsed": 478.20444, "delta": 2.488248}}
{"target": -2.3485216190510263, "params": {"C": 105.32327800007138, "epsilon": 0.3114531881051031, "gamma": 0.13728739368521392, "lamda": 0.10304892245645231}, "datetime": {"datetime": "2021-09-23 13:00:56", "elapsed": 479.815444, "delta": 1.611004}}
{"target": -2.029413459250109, "params": {"C": 146.20882966270744, "epsilon": 0.18468673031782842, "gamma": 0.029785106076928934, "lamda": 0.003937799936330005}, "datetime": {"datetime": "2021-09-23 13:00:58", "elapsed": 482.358276, "delta": 2.542832}}
{"target": -2.3242399909718765, "params": {"C": 110.75768700453766, "epsilon": 0.001, "gamma": 0.01, "lamda": 0.48392682061632336}, "datetime": {"datetime": "2021-09-23 13:01:02", "elapsed": 485.656514, "delta": 3.298238}}
{"target": -2.3695310157634375, "params": {"C": 98.83606388560668, "epsilon": 0.42384166560078823, "gamma": 0.0145434902358111, "lamda": 0.2666715662633443}, "datetime": {"datetime": "2021-09-23 13:01:03", "elapsed": 487.341912, "delta": 1.685398}}
{"target": -2.2307298539536133, "params": {"C": 146.17634246080684, "epsilon": 0.30302828438301677, "gamma": 0.015442121648779521, "lamda": 0.04886951602352043}, "datetime": {"datetime": "2021-09-23 13:01:06", "elapsed": 489.685687, "delta": 2.343775}}
{"target": -2.204454936807692, "params": {"C": 63.984783458640564, "epsilon": 0.17529159905881075, "gamma": 0.02582389404973299, "lamda": 0.4352013247765597}, "datetime": {"datetime": "2021-09-23 13:01:07", "elapsed": 491.250326, "delta": 1.564639}}
{"target": -2.0158743313775376, "params": {"C": 163.68526980716086, "epsilon": 0.2071924808439388, "gamma": 0.06691025480518963, "lamda": 0.0688591915037071}, "datetime": {"datetime": "2021-09-23 13:01:10", "elapsed": 493.612707, "delta": 2.362381}}
{"target": -2.017457266665641, "params": {"C": 184.88333377552135, "epsilon": 0.18148494548164895, "gamma": 0.06974901328134642, "lamda": 0.14398082140433574}, "datetime": {"datetime": "2021-09-23 13:01:12", "elapsed": 495.993658, "delta": 2.380951}}
{"target": -2.3281211286915116, "params": {"C": 74.27921556450553, "epsilon": 0.11664207703863635, "gamma": 0.010674399540041457, "lamda": 0.04611964646718778}, "datetime": {"datetime": "2021-09-23 13:01:14", "elapsed": 497.57137, "delta": 1.577712}}
{"target": -2.0742461717694614, "params": {"C": 184.911954122741, "epsilon": 0.1677590975047163, "gamma": 0.07829086343931424, "lamda": 0.08357101705647962}, "datetime": {"datetime": "2021-09-23 13:01:16", "elapsed": 500.136929, "delta": 2.565559}}
{"target": -2.0586008766498507, "params": {"C": 184.88869536489676, "epsilon": 0.24990799837551755, "gamma": 0.034578390376973356, "lamda": 0.25001883291218874}, "datetime": {"datetime": "2021-09-23 13:01:18", "elapsed": 501.622114, "delta": 1.485185}}
{"target": -2.2801212015102683, "params": {"C": 199.61383092041487, "epsilon": 0.4398665078829908, "gamma": 0.08786691461935459, "lamda": 0.2841966020489769}, "datetime": {"datetime": "2021-09-23 13:01:19", "elapsed": 503.23402, "delta": 1.611906}}
{"target": -2.176343149902643, "params": {"C": 184.9468842846714, "epsilon": 0.3855963374401881, "gamma": 0.09016419289686066, "lamda": 0.003918126238624298}, "datetime": {"datetime": "2021-09-23 13:01:22", "elapsed": 506.284214, "delta": 3.050194}}
{"target": -2.219593530377908, "params": {"C": 98.55309627596655, "epsilon": 0.00973812050395214, "gamma": 0.016453955342502467, "lamda": 0.1563983113982673}, "datetime": {"datetime": "2021-09-23 13:01:24", "elapsed": 508.551972, "delta": 2.267758}}
{"target": -2.1475769295774274, "params": {"C": 184.91633281947082, "epsilon": 0.1835165809073275, "gamma": 0.09073330691731997, "lamda": 0.2027903107520667}, "datetime": {"datetime": "2021-09-23 13:01:27", "elapsed": 511.323552, "delta": 2.77158}}
{"target": -1.9432107007329673, "params": {"C": 184.88001078306254, "epsilon": 0.17858489343045428, "gamma": 0.036584480535640056, "lamda": 0.05345516029640253}, "datetime": {"datetime": "2021-09-23 13:01:30", "elapsed": 513.712348, "delta": 2.388796}}
{"target": -2.410529448229202, "params": {"C": 152.38665142645345, "epsilon": 0.3885910743300483, "gamma": 0.11485797245044335, "lamda": 0.3397904977878245}, "datetime": {"datetime": "2021-09-23 13:01:31", "elapsed": 515.266934, "delta": 1.554586}}
{"target": -2.2833410182360647, "params": {"C": 190.3240906806933, "epsilon": 0.07547018603738241, "gamma": 0.012700581384612735, "lamda": 0.4494480337307215}, "datetime": {"datetime": "2021-09-23 13:01:33", "elapsed": 516.902559, "delta": 1.635625}}
{"target": -2.1629658960622478, "params": {"C": 59.87129406803271, "epsilon": 0.3202306106893628, "gamma": 0.048003815529647755, "lamda": 0.4251021295143358}, "datetime": {"datetime": "2021-09-23 13:01:34", "elapsed": 518.489742, "delta": 1.587183}}
{"target": -1.9494703233839143, "params": {"C": 184.86159538133793, "epsilon": 0.2515063312572916, "gamma": 0.05296159905304782, "lamda": 0.05218500582425692}, "datetime": {"datetime": "2021-09-23 13:01:37", "elapsed": 521.059262, "delta": 2.56952}}
{"target": -1.9857796671803014, "params": {"C": 184.95492669358703, "epsilon": 0.25547968761577083, "gamma": 0.05998542539692256, "lamda": 0.14108232697948822}, "datetime": {"datetime": "2021-09-23 13:01:39", "elapsed": 523.153774, "delta": 2.094512}}
{"target": -2.3490332670760865, "params": {"C": 122.62360177811544, "epsilon": 0.41978234922705077, "gamma": 0.11439179671904354, "lamda": 0.22887568282249515}, "datetime": {"datetime": "2021-09-23 13:01:41", "elapsed": 524.993381, "delta": 1.839607}}
{"target": -1.9858474882374253, "params": {"C": 184.81136561959502, "epsilon": 0.17689579295510657, "gamma": 0.03846149284716873, "lamda": 0.21059861685546674}, "datetime": {"datetime": "2021-09-23 13:01:44", "elapsed": 528.142381, "delta": 3.149}}
{"target": -2.120142242372231, "params": {"C": 81.67542116317696, "epsilon": 0.325289438433661, "gamma": 0.0782669161765234, "lamda": 0.243457975913667}, "datetime": {"datetime": "2021-09-23 13:01:46", "elapsed": 530.080384, "delta": 1.938003}}
{"target": -2.02024900975102, "params": {"C": 70.2675813900564, "epsilon": 0.13034610860193174, "gamma": 0.047713395007469364, "lamda": 0.017603891382732988}, "datetime": {"datetime": "2021-09-23 13:01:48", "elapsed": 531.990379, "delta": 1.909995}}
{"target": -2.184456260342276, "params": {"C": 74.29589218340224, "epsilon": 0.11082812519795165, "gamma": 0.10031152393842264, "lamda": 0.027408390794259777}, "datetime": {"datetime": "2021-09-23 13:01:51", "elapsed": 535.029415, "delta": 3.039036}}
{"target": -2.2454585346479106, "params": {"C": 92.85277459234888, "epsilon": 0.28591985187289887, "gamma": 0.10360364445525493, "lamda": 0.26895433500940696}, "datetime": {"datetime": "2021-09-23 13:01:53", "elapsed": 536.872415, "delta": 1.843}}
{"target": -1.9835263242632741, "params": {"C": 184.69937214885306, "epsilon": 0.2881765106202291, "gamma": 0.04384863110325734, "lamda": 0.14265912825584073}, "datetime": {"datetime": "2021-09-23 13:01:54", "elapsed": 538.546419, "delta": 1.674004}}
{"target": -2.1248713460244337, "params": {"C": 102.95884536115472, "epsilon": 0.08691820872865555, "gamma": 0.09178028199469451, "lamda": 0.3480050824757689}, "datetime": {"datetime": "2021-09-23 13:01:59", "elapsed": 542.903263, "delta": 4.356844}}
{"target": -2.1558970495913257, "params": {"C": 197.05772933305235, "epsilon": 0.22923371268063372, "gamma": 0.06262589411833737, "lamda": 0.42843359462422725}, "datetime": {"datetime": "2021-09-23 13:02:01", "elapsed": 544.783173, "delta": 1.87991}}
{"target": -2.0125284604290914, "params": {"C": 96.4647673863073, "epsilon": 0.2888409180553771, "gamma": 0.041183242856534276, "lamda": 0.1822934055631541}, "datetime": {"datetime": "2021-09-23 13:02:03", "elapsed": 546.846831, "delta": 2.063658}}
{"target": -2.0060720931856704, "params": {"C": 184.9905762268266, "epsilon": 0.23481330767821346, "gamma": 0.028623208568722948, "lamda": 0.06039816654053141}, "datetime": {"datetime": "2021-09-23 13:02:06", "elapsed": 550.101024, "delta": 3.254193}}
{"target": -2.128262282882205, "params": {"C": 140.8592445098995, "epsilon": 0.34216863306987194, "gamma": 0.039550794411239244, "lamda": 0.33251885586437935}, "datetime": {"datetime": "2021-09-23 13:02:08", "elapsed": 551.711922, "delta": 1.610898}}
{"target": -2.0781877796390944, "params": {"C": 152.40142276694132, "epsilon": 0.24507109004865674, "gamma": 0.025006986298082207, "lamda": 0.17868053787443647}, "datetime": {"datetime": "2021-09-23 13:02:10", "elapsed": 553.57669, "delta": 1.864768}}
{"target": -2.2367714000943746, "params": {"C": 115.58722068605125, "epsilon": 0.4685955027802162, "gamma": 0.09586769121648424, "lamda": 0.18932636535760022}, "datetime": {"datetime": "2021-09-23 13:02:11", "elapsed": 555.406263, "delta": 1.829573}}
{"target": -2.3366072024556073, "params": {"C": 146.08541405254238, "epsilon": 0.3043423128704633, "gamma": 0.010158707889607422, "lamda": 0.044470591038861196}, "datetime": {"datetime": "2021-09-23 13:02:16", "elapsed": 559.935913, "delta": 4.52965}}
{"target": -2.0081071193746594, "params": {"C": 184.99525197942054, "epsilon": 0.24671174021661357, "gamma": 0.06857793750751717, "lamda": 0.08241082343391656}, "datetime": {"datetime": "2021-09-23 13:02:20", "elapsed": 564.39658, "delta": 4.460667}}
