{"target": -43.940609428799846, "params": {"C": 154.69594611868075, "epsilon": 0.9871966301288395, "gamma": 0.07707593824747024, "lamda": 1.374134755938326}, "datetime": {"datetime": "2021-09-24 19:20:21", "elapsed": 162.085947, "delta": 0.907712}}
{"target": -44.2108957920948, "params": {"C": 226.33468597721122, "epsilon": 0.5897863694030017, "gamma": 0.0613538333413503, "lamda": 0.8779919354947566}, "datetime": {"datetime": "2021-09-24 19:20:22", "elapsed": 163.156221, "delta": 1.070274}}
{"target": -43.96134226206859, "params": {"C": 227.2454056134005, "epsilon": 0.9633120357927396, "gamma": 0.00422318264459975, "lamda": 0.9447587321461544}, "datetime": {"datetime": "2021-09-24 19:20:23", "elapsed": 164.111433, "delta": 0.955212}}
{"target": -44.22635063309086, "params": {"C": 165.64217222145967, "epsilon": 0.9029889302066758, "gamma": 0.08807002830986346, "lamda": 1.4492778353704376}, "datetime": {"datetime": "2021-09-24 19:20:24", "elapsed": 164.975623, "delta": 0.86419}}
{"target": -44.86865506538224, "params": {"C": 218.44849196626402, "epsilon": 0.8776838059406422, "gamma": 0.1151184659403566, "lamda": 1.909485859964585}, "datetime": {"datetime": "2021-09-24 19:20:25", "elapsed": 165.877545, "delta": 0.901922}}
{"target": -43.36791416108439, "params": {"C": 164.94960946905127, "epsilon": 0.688797986102973, "gamma": 0.0447773558445049, "lamda": 1.9021870449357867}, "datetime": {"datetime": "2021-09-24 19:20:26", "elapsed": 166.774301, "delta": 0.896756}}
{"target": -43.323424301443644, "params": {"C": 173.92749192836771, "epsilon": 0.5404470031419992, "gamma": 0.03241193139604142, "lamda": 1.4624273482680648}, "datetime": {"datetime": "2021-09-24 19:20:27", "elapsed": 167.704271, "delta": 0.92997}}
{"target": -43.30614900109678, "params": {"C": 177.66251507153646, "epsilon": 0.5980760296822325, "gamma": 0.011089843731770684, "lamda": 1.2605895987493176}, "datetime": {"datetime": "2021-09-24 19:20:28", "elapsed": 168.598797, "delta": 0.894526}}
{"target": -44.81989143381306, "params": {"C": 181.63158443892286, "epsilon": 0.5484447797033873, "gamma": 0.002613437498547448, "lamda": 1.6484335168171187}, "datetime": {"datetime": "2021-09-24 19:20:29", "elapsed": 169.837986, "delta": 1.239189}}
{"target": -44.693843113624446, "params": {"C": 225.23601397631452, "epsilon": 0.5582947382919159, "gamma": 0.0032866787989267263, "lamda": 1.9167259930752363}, "datetime": {"datetime": "2021-09-24 19:20:30", "elapsed": 170.800596, "delta": 0.96261}}
{"target": -43.86122799322217, "params": {"C": 213.25709183936783, "epsilon": 0.915892098597477, "gamma": 0.0046258551547654885, "lamda": 0.9914440370527339}, "datetime": {"datetime": "2021-09-24 19:20:31", "elapsed": 171.897948, "delta": 1.097352}}
{"target": -43.407867764899535, "params": {"C": 169.7674196526978, "epsilon": 0.689084927367181, "gamma": 0.009736071678156082, "lamda": 1.2361713737598867}, "datetime": {"datetime": "2021-09-24 19:20:32", "elapsed": 173.236623, "delta": 1.338675}}
{"target": -45.13015287815855, "params": {"C": 249.25213529545178, "epsilon": 0.5525658326208188, "gamma": 0.002059573945133379, "lamda": 1.4679854085141253}, "datetime": {"datetime": "2021-09-24 19:20:33", "elapsed": 174.148563, "delta": 0.91194}}
{"target": -43.38524500271139, "params": {"C": 235.0005503082703, "epsilon": 0.7151849859759687, "gamma": 0.046443169031123166, "lamda": 1.9231848787493264}, "datetime": {"datetime": "2021-09-24 19:20:34", "elapsed": 175.204568, "delta": 1.056005}}
{"target": -45.979208792787446, "params": {"C": 169.53690981540882, "epsilon": 0.6090145244380067, "gamma": 0.001857743235906637, "lamda": 1.5918535627517527}, "datetime": {"datetime": "2021-09-24 19:20:35", "elapsed": 176.318381, "delta": 1.113813}}
{"target": -43.937434765360585, "params": {"C": 200.6050777958992, "epsilon": 0.8511175824916283, "gamma": 0.07296328096934807, "lamda": 1.3072433536135795}, "datetime": {"datetime": "2021-09-24 19:20:37", "elapsed": 177.53756, "delta": 1.219179}}
{"target": -44.434087579642195, "params": {"C": 225.8120869716148, "epsilon": 0.5815420580335564, "gamma": 0.07661864302916788, "lamda": 1.0876373449432437}, "datetime": {"datetime": "2021-09-24 19:20:38", "elapsed": 178.481336, "delta": 0.943776}}
{"target": -44.95636343265896, "params": {"C": 158.34251559532322, "epsilon": 0.741467257582217, "gamma": 0.11793518479315175, "lamda": 1.9199040284697082}, "datetime": {"datetime": "2021-09-24 19:20:38", "elapsed": 179.368825, "delta": 0.887489}}
{"target": -44.28184756922079, "params": {"C": 213.26519324652244, "epsilon": 0.8642502628236464, "gamma": 0.07995315105277973, "lamda": 1.0039954545556256}, "datetime": {"datetime": "2021-09-24 19:20:40", "elapsed": 180.975151, "delta": 1.606326}}
{"target": -44.76076645204574, "params": {"C": 177.8011018152194, "epsilon": 0.7372239427228858, "gamma": 0.10935046141199041, "lamda": 1.7947674525380717}, "datetime": {"datetime": "2021-09-24 19:20:41", "elapsed": 181.875256, "delta": 0.900105}}
{"target": -44.89519468905406, "params": {"C": 185.89029231963954, "epsilon": 0.9208927646021042, "gamma": 0.11082251253272445, "lamda": 1.134533521202221}, "datetime": {"datetime": "2021-09-24 19:20:42", "elapsed": 182.856038, "delta": 0.980782}}
{"target": -44.8210149650129, "params": {"C": 217.83835896020602, "epsilon": 0.6538987871311539, "gamma": 0.11093211150429783, "lamda": 1.8853208927281626}, "datetime": {"datetime": "2021-09-24 19:20:43", "elapsed": 183.845185, "delta": 0.989147}}
{"target": -43.2361485846121, "params": {"C": 169.80913999993913, "epsilon": 0.6277146126874833, "gamma": 0.03213900070398803, "lamda": 1.5868492014892528}, "datetime": {"datetime": "2021-09-24 19:20:44", "elapsed": 185.406381, "delta": 1.561196}}
{"target": -43.34029609704949, "params": {"C": 142.66557102034787, "epsilon": 0.7364336061775533, "gamma": 0.03519194919997621, "lamda": 1.2122241819769903}, "datetime": {"datetime": "2021-09-24 19:20:46", "elapsed": 186.778275, "delta": 1.371894}}
{"target": -44.000593723841284, "params": {"C": 142.67942311801764, "epsilon": 0.7757402927685788, "gamma": 0.004738379007914704, "lamda": 1.3270133817793728}, "datetime": {"datetime": "2021-09-24 19:20:48", "elapsed": 188.616041, "delta": 1.837766}}
{"target": -43.26833346924366, "params": {"C": 142.76615900616508, "epsilon": 0.8554984567117405, "gamma": 0.019021341985637333, "lamda": 1.2635306280398821}, "datetime": {"datetime": "2021-09-24 19:20:49", "elapsed": 190.13333, "delta": 1.517289}}
{"target": -43.28040442095901, "params": {"C": 184.34427526246145, "epsilon": 0.7555386789959673, "gamma": 0.03864455726544095, "lamda": 1.9645824481860854}, "datetime": {"datetime": "2021-09-24 19:20:50", "elapsed": 191.275514, "delta": 1.142184}}
{"target": -43.42756850856531, "params": {"C": 167.35597098340358, "epsilon": 0.8873628988560299, "gamma": 0.014194366392919832, "lamda": 1.3314938327273866}, "datetime": {"datetime": "2021-09-24 19:20:51", "elapsed": 192.225189, "delta": 0.949675}}
{"target": -43.90985181983097, "params": {"C": 177.36760886298825, "epsilon": 0.5300649927257336, "gamma": 0.06450533503832646, "lamda": 1.4638518909836913}, "datetime": {"datetime": "2021-09-24 19:20:52", "elapsed": 193.291981, "delta": 1.066792}}
{"target": -43.56664880004094, "params": {"C": 189.48972369115364, "epsilon": 0.5405217393140652, "gamma": 0.047583624880527656, "lamda": 1.4047225379735249}, "datetime": {"datetime": "2021-09-24 19:20:53", "elapsed": 194.296419, "delta": 1.004438}}
{"target": -43.22851474493047, "params": {"C": 142.7574982622037, "epsilon": 0.8703458624093896, "gamma": 0.02370979612715441, "lamda": 1.356910356418894}, "datetime": {"datetime": "2021-09-24 19:20:55", "elapsed": 195.826366, "delta": 1.529947}}
{"target": -43.83888065175808, "params": {"C": 142.73373585327693, "epsilon": 0.8858674242455047, "gamma": 0.06931631749894787, "lamda": 1.2573001493361626}, "datetime": {"datetime": "2021-09-24 19:20:56", "elapsed": 197.122163, "delta": 1.295797}}
{"target": -43.24356453809796, "params": {"C": 235.22210733603086, "epsilon": 0.7707855088532382, "gamma": 0.03344240878185224, "lamda": 1.808110066013467}, "datetime": {"datetime": "2021-09-24 19:20:58", "elapsed": 198.606664, "delta": 1.484501}}
{"target": -43.83662940687091, "params": {"C": 173.85942199332908, "epsilon": 0.8962990278069807, "gamma": 0.06927845005755413, "lamda": 1.2465531773325529}, "datetime": {"datetime": "2021-09-24 19:20:59", "elapsed": 199.694449, "delta": 1.087785}}
{"target": -43.586923849129775, "params": {"C": 155.15301629197407, "epsilon": 0.6334421081780999, "gamma": 0.009813272524450488, "lamda": 1.884626637931886}, "datetime": {"datetime": "2021-09-24 19:21:00", "elapsed": 200.731646, "delta": 1.037197}}
{"target": -43.32088917457134, "params": {"C": 141.82970557442883, "epsilon": 0.8059684688523086, "gamma": 0.01955450998103754, "lamda": 1.5068019130073367}, "datetime": {"datetime": "2021-09-24 19:21:01", "elapsed": 201.865688, "delta": 1.134042}}
{"target": -43.42003932175618, "params": {"C": 145.06992706475856, "epsilon": 0.7377963271806474, "gamma": 0.0465336658112714, "lamda": 1.5506379794066851}, "datetime": {"datetime": "2021-09-24 19:21:02", "elapsed": 203.343058, "delta": 1.47737}}
{"target": -43.260598359676365, "params": {"C": 142.7618608769207, "epsilon": 0.8923097581029049, "gamma": 0.03597365039061614, "lamda": 1.308121023307623}, "datetime": {"datetime": "2021-09-24 19:21:04", "elapsed": 205.140585, "delta": 1.797527}}
{"target": -44.54786486657592, "params": {"C": 238.74478049385797, "epsilon": 0.7433224094406283, "gamma": 0.08716124448184036, "lamda": 1.0702369593912515}, "datetime": {"datetime": "2021-09-24 19:21:05", "elapsed": 206.182147, "delta": 1.041562}}
{"target": -43.564385622481275, "params": {"C": 161.8405167507392, "epsilon": 0.9753208362040544, "gamma": 0.053373005290132045, "lamda": 1.0038504180223002}, "datetime": {"datetime": "2021-09-24 19:21:06", "elapsed": 207.296873, "delta": 1.114726}}
{"target": -44.543675449231095, "params": {"C": 214.55505841876993, "epsilon": 0.9770623955160432, "gamma": 0.10251537097634995, "lamda": 1.6975424906367333}, "datetime": {"datetime": "2021-09-24 19:21:07", "elapsed": 208.425795, "delta": 1.128922}}
{"target": -43.38776643229431, "params": {"C": 235.27049848551587, "epsilon": 0.7450891161587218, "gamma": 0.046110175962406956, "lamda": 1.7798818593628891}, "datetime": {"datetime": "2021-09-24 19:21:09", "elapsed": 210.009289, "delta": 1.583494}}
{"target": -44.691439293412834, "params": {"C": 157.80852663719983, "epsilon": 0.701337038473494, "gamma": 0.09469032700781374, "lamda": 1.1496090566431918}, "datetime": {"datetime": "2021-09-24 19:21:10", "elapsed": 211.138289, "delta": 1.129}}
{"target": -43.274335800762714, "params": {"C": 223.65336008606747, "epsilon": 0.9503681207037149, "gamma": 0.021576870172272687, "lamda": 1.2695268489040041}, "datetime": {"datetime": "2021-09-24 19:21:11", "elapsed": 212.2769, "delta": 1.138611}}
{"target": -45.27041422827634, "params": {"C": 236.93820809560515, "epsilon": 0.6371938458563817, "gamma": 0.11740716627962995, "lamda": 1.2329203252932763}, "datetime": {"datetime": "2021-09-24 19:21:12", "elapsed": 213.358054, "delta": 1.081154}}
{"target": -43.34400863779354, "params": {"C": 200.6770518189096, "epsilon": 0.9631913100457011, "gamma": 0.04189173588845777, "lamda": 1.2476066033393565}, "datetime": {"datetime": "2021-09-24 19:21:14", "elapsed": 215.012864, "delta": 1.65481}}
{"target": -44.948831569823426, "params": {"C": 196.8818588837859, "epsilon": 0.8386713904268039, "gamma": 0.10556932454347234, "lamda": 1.0011696040477327}, "datetime": {"datetime": "2021-09-24 19:21:15", "elapsed": 216.066914, "delta": 1.05405}}
{"target": -43.1920892038644, "params": {"C": 183.7619710196104, "epsilon": 0.7044250102430314, "gamma": 0.028155668297343506, "lamda": 1.5805656369658487}, "datetime": {"datetime": "2021-09-24 19:21:16", "elapsed": 217.175914, "delta": 1.109}}
{"target": -43.81345570050513, "params": {"C": 204.75789322129938, "epsilon": 0.9792419996566315, "gamma": 0.06746324199865408, "lamda": 1.0917911978554122}, "datetime": {"datetime": "2021-09-24 19:21:17", "elapsed": 218.280312, "delta": 1.104398}}
{"target": -43.69655817181973, "params": {"C": 192.0963020811454, "epsilon": 0.6320021527141441, "gamma": 0.06195854816758786, "lamda": 1.576792397366379}, "datetime": {"datetime": "2021-09-24 19:21:19", "elapsed": 219.611445, "delta": 1.331133}}
{"target": -44.11182382226458, "params": {"C": 161.99112582040794, "epsilon": 0.804089758559055, "gamma": 0.07020625942083526, "lamda": 0.9214513231602085}, "datetime": {"datetime": "2021-09-24 19:21:20", "elapsed": 220.805857, "delta": 1.194412}}
{"target": -43.24447523688333, "params": {"C": 200.48560991537136, "epsilon": 0.8454411970928428, "gamma": 0.021551415050993658, "lamda": 1.3373520800990861}, "datetime": {"datetime": "2021-09-24 19:21:21", "elapsed": 222.414959, "delta": 1.609102}}
{"target": -44.34906693837691, "params": {"C": 238.3578961171723, "epsilon": 0.6735427696366492, "gamma": 0.07833191565185228, "lamda": 1.1089037439213785}, "datetime": {"datetime": "2021-09-24 19:21:23", "elapsed": 224.049228, "delta": 1.634269}}
{"target": -43.20579178035103, "params": {"C": 241.59256878712557, "epsilon": 0.7100119464946073, "gamma": 0.02847595958395037, "lamda": 1.8065238985432168}, "datetime": {"datetime": "2021-09-24 19:21:24", "elapsed": 225.179227, "delta": 1.129999}}
{"target": -43.59373710256122, "params": {"C": 169.81908918916787, "epsilon": 0.6627640095420011, "gamma": 0.005694125288712185, "lamda": 1.2233892296621816}, "datetime": {"datetime": "2021-09-24 19:21:26", "elapsed": 226.709533, "delta": 1.530306}}
{"target": -43.79770911861348, "params": {"C": 164.53471135983662, "epsilon": 0.8747645031163382, "gamma": 0.0679938018074627, "lamda": 1.2846526256639617}, "datetime": {"datetime": "2021-09-24 19:21:27", "elapsed": 227.861187, "delta": 1.151654}}
{"target": -43.43471742809293, "params": {"C": 226.40236771743963, "epsilon": 0.5717136211323879, "gamma": 0.03450245661476562, "lamda": 1.1128011620503142}, "datetime": {"datetime": "2021-09-24 19:21:28", "elapsed": 228.968971, "delta": 1.107784}}
{"target": -43.20230035291783, "params": {"C": 204.6250201319059, "epsilon": 0.7888095851254071, "gamma": 0.02290435371649382, "lamda": 0.8646620989639211}, "datetime": {"datetime": "2021-09-24 19:21:29", "elapsed": 230.10572, "delta": 1.136749}}
{"target": -44.441954474270005, "params": {"C": 186.43847049836603, "epsilon": 0.9586086471923166, "gamma": 0.09634523643367598, "lamda": 1.3061858877033123}, "datetime": {"datetime": "2021-09-24 19:21:30", "elapsed": 231.245342, "delta": 1.139622}}
{"target": -43.58319037507959, "params": {"C": 148.55874527589754, "epsilon": 0.6033511334490143, "gamma": 0.05497692212557003, "lamda": 1.5518213476453333}, "datetime": {"datetime": "2021-09-24 19:21:32", "elapsed": 232.787296, "delta": 1.541954}}
{"target": -44.528879839878634, "params": {"C": 170.8474740148664, "epsilon": 0.7978017227676288, "gamma": 0.09963707254127509, "lamda": 1.5562756116693142}, "datetime": {"datetime": "2021-09-24 19:21:33", "elapsed": 233.88169, "delta": 1.094394}}
{"target": -43.560845431304394, "params": {"C": 158.11563223638547, "epsilon": 0.9473009381170275, "gamma": 0.04946668888232316, "lamda": 0.8892487330359261}, "datetime": {"datetime": "2021-09-24 19:21:34", "elapsed": 234.998687, "delta": 1.116997}}
{"target": -43.72621417518385, "params": {"C": 148.46399307151933, "epsilon": 0.7440165221671821, "gamma": 0.061474545036265905, "lamda": 1.2383226502020976}, "datetime": {"datetime": "2021-09-24 19:21:36", "elapsed": 236.56024, "delta": 1.561553}}
{"target": -43.69170293198873, "params": {"C": 174.40043226329834, "epsilon": 0.9309908420516273, "gamma": 0.0574196471189402, "lamda": 0.9183699385853613}, "datetime": {"datetime": "2021-09-24 19:21:37", "elapsed": 238.123484, "delta": 1.563244}}
{"target": -43.46158616641096, "params": {"C": 213.31531702806345, "epsilon": 0.8590911177894652, "gamma": 0.007576277246473821, "lamda": 0.9246816265320551}, "datetime": {"datetime": "2021-09-24 19:21:39", "elapsed": 239.860321, "delta": 1.736837}}
{"target": -43.671521777149344, "params": {"C": 153.24021972920184, "epsilon": 0.9158387039865952, "gamma": 0.06565732274648099, "lamda": 1.6569056298583273}, "datetime": {"datetime": "2021-09-24 19:21:40", "elapsed": 241.064612, "delta": 1.204291}}
{"target": -43.76946542757353, "params": {"C": 200.6469224428593, "epsilon": 0.9288874911353417, "gamma": 0.06795603660773133, "lamda": 1.28567179526985}, "datetime": {"datetime": "2021-09-24 19:21:42", "elapsed": 242.668311, "delta": 1.603699}}
{"target": -43.32840255784144, "params": {"C": 200.56002257895804, "epsilon": 0.8914665807644997, "gamma": 0.018375938045977546, "lamda": 1.3258564024172892}, "datetime": {"datetime": "2021-09-24 19:21:43", "elapsed": 244.313144, "delta": 1.644833}}
{"target": -43.208180812117156, "params": {"C": 235.01589486079183, "epsilon": 0.7206395197430785, "gamma": 0.028928441743881178, "lamda": 1.8016091542956558}, "datetime": {"datetime": "2021-09-24 19:21:45", "elapsed": 246.365134, "delta": 2.05199}}
{"target": -43.71441854579211, "params": {"C": 167.8917282679594, "epsilon": 0.9308429103148186, "gamma": 0.06822023354939671, "lamda": 1.662971236259613}, "datetime": {"datetime": "2021-09-24 19:21:47", "elapsed": 247.748422, "delta": 1.383288}}
{"target": -43.32578718936611, "params": {"C": 231.5686878338185, "epsilon": 0.9379714944281742, "gamma": 0.042398719370035344, "lamda": 1.6501946029654406}, "datetime": {"datetime": "2021-09-24 19:21:48", "elapsed": 248.915603, "delta": 1.167181}}
{"target": -44.503131807335976, "params": {"C": 200.46825224501399, "epsilon": 0.8608819724355393, "gamma": 0.09101764199245367, "lamda": 1.0912440468513758}, "datetime": {"datetime": "2021-09-24 19:21:49", "elapsed": 250.056483, "delta": 1.14088}}
{"target": -43.5116423773557, "params": {"C": 204.57186494501275, "epsilon": 0.8094846365677563, "gamma": 0.04071708757472813, "lamda": 0.8566261072673951}, "datetime": {"datetime": "2021-09-24 19:21:51", "elapsed": 251.635215, "delta": 1.578732}}
{"target": -43.282293413805064, "params": {"C": 200.7308845573868, "epsilon": 0.8776248515784495, "gamma": 0.036185814409140066, "lamda": 1.234615614530079}, "datetime": {"datetime": "2021-09-24 19:21:53", "elapsed": 253.651759, "delta": 2.016544}}
{"target": -43.16313655758871, "params": {"C": 205.1121914341597, "epsilon": 0.6535926225913481, "gamma": 0.018750209308679433, "lamda": 1.0570355683051695}, "datetime": {"datetime": "2021-09-24 19:21:54", "elapsed": 254.883441, "delta": 1.231682}}
{"target": -43.62230701254982, "params": {"C": 142.63029812858647, "epsilon": 0.7897244701888697, "gamma": 0.057798901010651806, "lamda": 1.248369054576378}, "datetime": {"datetime": "2021-09-24 19:21:56", "elapsed": 256.876999, "delta": 1.993558}}
{"target": -43.362135723352104, "params": {"C": 169.55584368953743, "epsilon": 0.5740923769941412, "gamma": 0.013712172189523444, "lamda": 1.7269931194295274}, "datetime": {"datetime": "2021-09-24 19:21:57", "elapsed": 258.351456, "delta": 1.474457}}
{"target": -44.255689992103875, "params": {"C": 169.69953888502764, "epsilon": 0.64602289425841, "gamma": 0.0028944512800129127, "lamda": 1.1925294257316366}, "datetime": {"datetime": "2021-09-24 19:21:59", "elapsed": 259.918464, "delta": 1.567008}}
{"target": -44.024266717126, "params": {"C": 244.64811004900503, "epsilon": 0.8265305803584566, "gamma": 0.07749328344788453, "lamda": 1.4141703715307217}, "datetime": {"datetime": "2021-09-24 19:22:00", "elapsed": 261.195192, "delta": 1.276728}}
{"target": -43.743037781777176, "params": {"C": 169.55785402783272, "epsilon": 0.5368994432419414, "gamma": 0.06283608600607525, "lamda": 1.7629743323254363}, "datetime": {"datetime": "2021-09-24 19:22:02", "elapsed": 262.782979, "delta": 1.587787}}
{"target": -43.49229075471705, "params": {"C": 169.79254670234096, "epsilon": 0.6295011282960885, "gamma": 0.04958122284740373, "lamda": 1.5861827029772915}, "datetime": {"datetime": "2021-09-24 19:22:03", "elapsed": 264.070044, "delta": 1.287065}}
{"target": -43.39057373335769, "params": {"C": 183.72389351690185, "epsilon": 0.6597123234755446, "gamma": 0.013732258860869054, "lamda": 1.6042728787798008}, "datetime": {"datetime": "2021-09-24 19:22:05", "elapsed": 266.258425, "delta": 2.188381}}
{"target": -43.4906263675705, "params": {"C": 163.568196559501, "epsilon": 0.9171867523602439, "gamma": 0.04687198857196263, "lamda": 1.006477835836359}, "datetime": {"datetime": "2021-09-24 19:22:07", "elapsed": 267.474002, "delta": 1.215577}}
{"target": -44.12551725774279, "params": {"C": 200.67810394588435, "epsilon": 0.8201716191789565, "gamma": 0.0783616958691128, "lamda": 1.2504844771390848}, "datetime": {"datetime": "2021-09-24 19:22:09", "elapsed": 269.712587, "delta": 2.238585}}
{"target": -43.36734833332101, "params": {"C": 236.6125611332276, "epsilon": 0.6200137681901052, "gamma": 0.03918889760023397, "lamda": 1.531580211276856}, "datetime": {"datetime": "2021-09-24 19:22:10", "elapsed": 270.930778, "delta": 1.218191}}
{"target": -43.24179603704023, "params": {"C": 223.608040470829, "epsilon": 0.9242019605277376, "gamma": 0.034817680802740364, "lamda": 1.2956496138849494}, "datetime": {"datetime": "2021-09-24 19:22:12", "elapsed": 272.457756, "delta": 1.526978}}
{"target": -43.7830649029512, "params": {"C": 235.11189390453367, "epsilon": 0.7342079914164854, "gamma": 0.008149972814857406, "lamda": 1.8098132173786694}, "datetime": {"datetime": "2021-09-24 19:22:13", "elapsed": 274.24473, "delta": 1.786974}}
{"target": -43.320715692165024, "params": {"C": 228.99282082151632, "epsilon": 0.9448964523383185, "gamma": 0.041695251822032375, "lamda": 1.48661892446182}, "datetime": {"datetime": "2021-09-24 19:22:15", "elapsed": 275.456746, "delta": 1.212016}}
