{"target": -44.75054567006686, "params": {"C": 77.04819529145166, "epsilon": 0.6371029171540449, "gamma": 0.06105157460858864, "lamda": 0.2680946566621204}, "datetime": {"datetime": "2021-09-24 18:37:25", "elapsed": 136.810437, "delta": 0.90947}}
{"target": -43.783794794203445, "params": {"C": 52.45671949043782, "epsilon": 0.6175057504426487, "gamma": 0.01439063559597822, "lamda": 0.5674852432493326}, "datetime": {"datetime": "2021-09-24 18:37:26", "elapsed": 138.065844, "delta": 1.255407}}
{"target": -44.367816797194195, "params": {"C": 62.82714068292975, "epsilon": 0.9173128647383785, "gamma": 0.06100793927111534, "lamda": 0.7972072539711536}, "datetime": {"datetime": "2021-09-24 18:37:28", "elapsed": 139.222957, "delta": 1.157113}}
{"target": -45.68861857054894, "params": {"C": 77.80602060056508, "epsilon": 0.2389874007272982, "gamma": 0.09766714857333991, "lamda": 0.7378128570499392}, "datetime": {"datetime": "2021-09-24 18:37:28", "elapsed": 140.07163, "delta": 0.848673}}
{"target": -45.1096552816876, "params": {"C": 54.438843485764075, "epsilon": 0.969230648191203, "gamma": 0.09805264516071518, "lamda": 0.8426469974519103}, "datetime": {"datetime": "2021-09-24 18:37:29", "elapsed": 141.136886, "delta": 1.065256}}
{"target": -44.674940855329965, "params": {"C": 52.58287085871651, "epsilon": 0.6637969424401015, "gamma": 0.07625320758962204, "lamda": 0.6142751829162751}, "datetime": {"datetime": "2021-09-24 18:37:31", "elapsed": 142.172828, "delta": 1.035942}}
{"target": -44.30198513512548, "params": {"C": 52.19275684870077, "epsilon": 0.1298284914769722, "gamma": 0.06518394480138981, "lamda": 0.9537116961372963}, "datetime": {"datetime": "2021-09-24 18:37:32", "elapsed": 143.258172, "delta": 1.085344}}
{"target": -44.10263039680334, "params": {"C": 54.56722419926807, "epsilon": 0.8777067370150979, "gamma": 0.0435010479201642, "lamda": 0.8816085654056324}, "datetime": {"datetime": "2021-09-24 18:37:33", "elapsed": 144.424047, "delta": 1.165875}}
{"target": -43.915915285119006, "params": {"C": 52.31146719772817, "epsilon": 0.4086620791251908, "gamma": 0.02046268221816492, "lamda": 0.5913289761593593}, "datetime": {"datetime": "2021-09-24 18:37:34", "elapsed": 145.270047, "delta": 0.846}}
{"target": -48.58928763454397, "params": {"C": 62.845907021991756, "epsilon": 0.9751824207611475, "gamma": 0.001, "lamda": 0.6410572991611193}, "datetime": {"datetime": "2021-09-24 18:37:35", "elapsed": 146.393303, "delta": 1.123256}}
{"target": -43.57815285629572, "params": {"C": 53.367754504655124, "epsilon": 0.9575943970919494, "gamma": 0.00861574679925553, "lamda": 0.6024418811767497}, "datetime": {"datetime": "2021-09-24 18:37:36", "elapsed": 147.266249, "delta": 0.872946}}
{"target": -44.1153445536086, "params": {"C": 74.8398401890087, "epsilon": 0.9427832954682366, "gamma": 0.029799085630318457, "lamda": 0.5280624798930326}, "datetime": {"datetime": "2021-09-24 18:37:37", "elapsed": 148.428925, "delta": 1.162676}}
{"target": -44.610362421498714, "params": {"C": 54.42707972701597, "epsilon": 0.9001252118440964, "gamma": 0.07703455661966727, "lamda": 0.7147585401976959}, "datetime": {"datetime": "2021-09-24 18:37:38", "elapsed": 149.720479, "delta": 1.291554}}
{"target": -44.61819418661251, "params": {"C": 73.91127807675203, "epsilon": 0.4268042687260419, "gamma": 0.06399982482724573, "lamda": 0.824479303142106}, "datetime": {"datetime": "2021-09-24 18:37:39", "elapsed": 150.589915, "delta": 0.869436}}
{"target": -43.64578458024728, "params": {"C": 53.824437855990595, "epsilon": 0.8744113058362588, "gamma": 0.017425953920510624, "lamda": 0.8409641126109827}, "datetime": {"datetime": "2021-09-24 18:37:40", "elapsed": 151.435023, "delta": 0.845108}}
{"target": -43.58681357196608, "params": {"C": 62.88797551671358, "epsilon": 0.8814389636333622, "gamma": 0.013414688759762802, "lamda": 0.7320816957536662}, "datetime": {"datetime": "2021-09-24 18:37:41", "elapsed": 152.555892, "delta": 1.120869}}
{"target": -44.63192044182468, "params": {"C": 85.5725212767264, "epsilon": 0.6093910382259392, "gamma": 0.0586831729797722, "lamda": 0.5600844412667274}, "datetime": {"datetime": "2021-09-24 18:37:42", "elapsed": 153.625663, "delta": 1.069771}}
{"target": -44.71785737585121, "params": {"C": 52.53426202622381, "epsilon": 0.4370762879083337, "gamma": 0.07618423988071923, "lamda": 0.49106933317962326}, "datetime": {"datetime": "2021-09-24 18:37:43", "elapsed": 154.64235, "delta": 1.016687}}
{"target": -43.62806438061743, "params": {"C": 52.561276531060116, "epsilon": 0.5311130752482978, "gamma": 0.0074895250445666025, "lamda": 0.6960857929017047}, "datetime": {"datetime": "2021-09-24 18:37:44", "elapsed": 155.803336, "delta": 1.160986}}
{"target": -45.136266902264154, "params": {"C": 52.55606364432296, "epsilon": 0.5263714682945096, "gamma": 0.09230820699700777, "lamda": 0.67276626087063}, "datetime": {"datetime": "2021-09-24 18:37:46", "elapsed": 157.178098, "delta": 1.374762}}
{"target": -43.62794463498259, "params": {"C": 88.25613193672554, "epsilon": 0.28337124001979097, "gamma": 0.005709521470060336, "lamda": 0.20956475094353003}, "datetime": {"datetime": "2021-09-24 18:37:46", "elapsed": 158.11376, "delta": 0.935662}}
{"target": -43.66842146410395, "params": {"C": 54.12955503769816, "epsilon": 0.7884914317349663, "gamma": 0.007056645806111508, "lamda": 0.9921518311683103}, "datetime": {"datetime": "2021-09-24 18:37:48", "elapsed": 159.201462, "delta": 1.087702}}
{"target": -43.80072135793671, "params": {"C": 62.87983766066447, "epsilon": 0.8483610228284981, "gamma": 0.02214545019983247, "lamda": 0.7896500578119575}, "datetime": {"datetime": "2021-09-24 18:37:49", "elapsed": 160.593748, "delta": 1.392286}}
{"target": -46.27771620184203, "params": {"C": 99.84383864107814, "epsilon": 0.212493936311303, "gamma": 0.11286691185157376, "lamda": 0.9910784464848762}, "datetime": {"datetime": "2021-09-24 18:37:50", "elapsed": 161.41031, "delta": 0.816562}}
{"target": -44.107229429704546, "params": {"C": 52.69419607551253, "epsilon": 0.5948520596379863, "gamma": 0.05260058506957897, "lamda": 0.6497384440891442}, "datetime": {"datetime": "2021-09-24 18:37:51", "elapsed": 162.699663, "delta": 1.289353}}
{"target": -43.890881906126296, "params": {"C": 53.34875744779615, "epsilon": 0.960988736680125, "gamma": 0.03222717749013993, "lamda": 0.5386799272074773}, "datetime": {"datetime": "2021-09-24 18:37:53", "elapsed": 164.244927, "delta": 1.545264}}
{"target": -44.16094775570077, "params": {"C": 94.71631034854468, "epsilon": 0.386565405150006, "gamma": 0.020729706542849332, "lamda": 0.2719115202818939}, "datetime": {"datetime": "2021-09-24 18:37:53", "elapsed": 165.149568, "delta": 0.904641}}
{"target": -44.32222468592175, "params": {"C": 62.78226282464353, "epsilon": 0.9737855240546851, "gamma": 0.05579982868013842, "lamda": 0.7526381094511969}, "datetime": {"datetime": "2021-09-24 18:37:55", "elapsed": 166.721523, "delta": 1.571955}}
{"target": -43.87148980279045, "params": {"C": 52.390708642661934, "epsilon": 0.42463325133515895, "gamma": 0.02843713684671592, "lamda": 0.5854288333651378}, "datetime": {"datetime": "2021-09-24 18:37:56", "elapsed": 168.023909, "delta": 1.302386}}
{"target": -44.447226445446674, "params": {"C": 54.30322842095868, "epsilon": 0.6760721885363711, "gamma": 0.07137154119594327, "lamda": 0.886991468429685}, "datetime": {"datetime": "2021-09-24 18:37:58", "elapsed": 169.378734, "delta": 1.354825}}
{"target": -44.05282511904752, "params": {"C": 52.089667963137096, "epsilon": 0.09029524307175386, "gamma": 0.03415047298593052, "lamda": 0.9163339908365215}, "datetime": {"datetime": "2021-09-24 18:37:59", "elapsed": 170.897439, "delta": 1.518705}}
{"target": -43.630142590413094, "params": {"C": 61.95425025199124, "epsilon": 0.07457267862122391, "gamma": 0.00786554402956682, "lamda": 0.8411779108057356}, "datetime": {"datetime": "2021-09-24 18:38:00", "elapsed": 171.824359, "delta": 0.92692}}
{"target": -44.128918164674225, "params": {"C": 74.79945874076333, "epsilon": 0.9039065633719792, "gamma": 0.031895900616955915, "lamda": 0.42566442435664187}, "datetime": {"datetime": "2021-09-24 18:38:02", "elapsed": 173.332643, "delta": 1.508284}}
{"target": -44.05414434987856, "params": {"C": 56.027466306061456, "epsilon": 0.4224287558957587, "gamma": 0.03491692122086803, "lamda": 0.22514682186492382}, "datetime": {"datetime": "2021-09-24 18:38:03", "elapsed": 174.2963, "delta": 0.963657}}
{"target": -43.92978640323222, "params": {"C": 94.55873405786842, "epsilon": 0.6196567823024752, "gamma": 0.012920693935851862, "lamda": 0.03197855791286178}, "datetime": {"datetime": "2021-09-24 18:38:04", "elapsed": 175.357132, "delta": 1.060832}}
{"target": -44.090801285402165, "params": {"C": 52.34715413140392, "epsilon": 0.5538632907385035, "gamma": 0.003998467665604928, "lamda": 0.8074376369246474}, "datetime": {"datetime": "2021-09-24 18:38:05", "elapsed": 177.075456, "delta": 1.718324}}
{"target": -44.11101933155968, "params": {"C": 61.921484047115285, "epsilon": 0.12359286092356397, "gamma": 0.04961027488687575, "lamda": 0.8469899712121232}, "datetime": {"datetime": "2021-09-24 18:38:07", "elapsed": 178.662608, "delta": 1.587152}}
{"target": -44.48819474528995, "params": {"C": 89.2664020615625, "epsilon": 0.19516265053622406, "gamma": 0.060268366089408866, "lamda": 0.03657484367011493}, "datetime": {"datetime": "2021-09-24 18:38:08", "elapsed": 179.987508, "delta": 1.3249}}
{"target": -44.10838562899675, "params": {"C": 53.41231505431455, "epsilon": 0.9710496108019295, "gamma": 0.047050160164155544, "lamda": 0.5681812824003244}, "datetime": {"datetime": "2021-09-24 18:38:10", "elapsed": 181.446533, "delta": 1.459025}}
{"target": -43.5831711624699, "params": {"C": 62.14795866873989, "epsilon": 0.3949460408607995, "gamma": 0.007412933732622453, "lamda": 0.35105517480643483}, "datetime": {"datetime": "2021-09-24 18:38:11", "elapsed": 182.396985, "delta": 0.950452}}
{"target": -43.68179458480163, "params": {"C": 62.0812574600265, "epsilon": 0.39871798602788644, "gamma": 0.010760129564670054, "lamda": 0.380366779137058}, "datetime": {"datetime": "2021-09-24 18:38:12", "elapsed": 183.731435, "delta": 1.33445}}
{"target": -45.28116123688231, "params": {"C": 95.32927968331082, "epsilon": 0.5291542536984523, "gamma": 0.07773348205838122, "lamda": 0.8921904995587812}, "datetime": {"datetime": "2021-09-24 18:38:13", "elapsed": 184.760557, "delta": 1.029122}}
{"target": -43.58967389158528, "params": {"C": 94.82276346402276, "epsilon": 0.9883283161458245, "gamma": 0.011332171544570207, "lamda": 0.74003102786328}, "datetime": {"datetime": "2021-09-24 18:38:14", "elapsed": 185.729407, "delta": 0.96885}}
{"target": -45.164999807889174, "params": {"C": 62.11852480556014, "epsilon": 0.48106166437538295, "gamma": 0.09155601999989257, "lamda": 0.7099352779394318}, "datetime": {"datetime": "2021-09-24 18:38:15", "elapsed": 186.657991, "delta": 0.928584}}
{"target": -44.25306001343051, "params": {"C": 78.46903417804825, "epsilon": 0.03158536264338958, "gamma": 0.049411437333446995, "lamda": 0.912456457309339}, "datetime": {"datetime": "2021-09-24 18:38:16", "elapsed": 187.591164, "delta": 0.933173}}
{"target": -44.10327092852461, "params": {"C": 62.90639932308231, "epsilon": 0.872868714943099, "gamma": 0.03968759298903377, "lamda": 0.8690813387115196}, "datetime": {"datetime": "2021-09-24 18:38:17", "elapsed": 189.126305, "delta": 1.535141}}
{"target": -44.354653616133575, "params": {"C": 72.20390138303797, "epsilon": 0.6459910159017342, "gamma": 0.0480867236092883, "lamda": 0.664602208346791}, "datetime": {"datetime": "2021-09-24 18:38:18", "elapsed": 190.018303, "delta": 0.891998}}
{"target": -43.95285071875263, "params": {"C": 52.06437480128217, "epsilon": 0.22628181290059773, "gamma": 0.029776216242992436, "lamda": 0.7291193751232984}, "datetime": {"datetime": "2021-09-24 18:38:20", "elapsed": 191.76903, "delta": 1.750727}}
{"target": -44.28107284952223, "params": {"C": 62.17031768453437, "epsilon": 0.4436972493483079, "gamma": 0.051248487125225214, "lamda": 0.4084711603872703}, "datetime": {"datetime": "2021-09-24 18:38:22", "elapsed": 193.589828, "delta": 1.820798}}
{"target": -44.63540421011018, "params": {"C": 56.67997550849125, "epsilon": 0.9744188669974213, "gamma": 0.07707593824747024, "lamda": 0.47849778538561}, "datetime": {"datetime": "2021-09-24 18:38:23", "elapsed": 194.720551, "delta": 1.130723}}
{"target": -44.1485786700555, "params": {"C": 53.79025786553279, "epsilon": 0.9191925195177316, "gamma": 0.046194913863088424, "lamda": 0.7978287803148097}, "datetime": {"datetime": "2021-09-24 18:38:25", "elapsed": 196.376323, "delta": 1.655772}}
{"target": -45.14601145409814, "params": {"C": 62.09209322746261, "epsilon": 0.34690242741314226, "gamma": 0.0894138572408365, "lamda": 0.34716927878078946}, "datetime": {"datetime": "2021-09-24 18:38:26", "elapsed": 197.855073, "delta": 1.47875}}
{"target": -44.946351650690296, "params": {"C": 61.65553282793621, "epsilon": 0.8061718825529381, "gamma": 0.08807002830986346, "lamda": 0.5411107563224172}, "datetime": {"datetime": "2021-09-24 18:38:27", "elapsed": 198.932977, "delta": 1.077904}}
{"target": -45.547492603842564, "params": {"C": 85.65840543921092, "epsilon": 0.755612244269403, "gamma": 0.1151184659403566, "lamda": 0.9245790928154903}, "datetime": {"datetime": "2021-09-24 18:38:28", "elapsed": 199.906224, "delta": 0.973247}}
{"target": -44.11663186809258, "params": {"C": 61.34073157684148, "epsilon": 0.37821837623374016, "gamma": 0.0447773558445049, "lamda": 0.9184973551927443}, "datetime": {"datetime": "2021-09-24 18:38:29", "elapsed": 200.842407, "delta": 0.936183}}
{"target": -44.17645462863284, "params": {"C": 65.42158724016714, "epsilon": 0.08181311227771457, "gamma": 0.03241193139604142, "lamda": 0.552067587944365}, "datetime": {"datetime": "2021-09-24 18:38:30", "elapsed": 201.812934, "delta": 0.970527}}
{"target": -43.728211723996814, "params": {"C": 67.11932503251657, "epsilon": 0.19695590730510054, "gamma": 0.011089843731770684, "lamda": 0.38388628315786893}, "datetime": {"datetime": "2021-09-24 18:38:31", "elapsed": 202.766823, "delta": 0.953889}}
{"target": -44.297039128316705, "params": {"C": 68.92344747223767, "epsilon": 0.0977926698473678, "gamma": 0.002613437498547448, "lamda": 0.7070572278878642}, "datetime": {"datetime": "2021-09-24 18:38:32", "elapsed": 203.878323, "delta": 1.1115}}
{"target": -43.7695750578939, "params": {"C": 88.7436427165066, "epsilon": 0.11747288710724807, "gamma": 0.0032866787989267263, "lamda": 0.9306119337299407}, "datetime": {"datetime": "2021-09-24 18:38:33", "elapsed": 204.923045, "delta": 1.044722}}
{"target": -44.25782036720703, "params": {"C": 54.05045727373836, "epsilon": 0.9676901117774623, "gamma": 0.05819892961553581, "lamda": 0.7104361546430126}, "datetime": {"datetime": "2021-09-24 18:38:35", "elapsed": 206.649804, "delta": 1.726759}}
{"target": -44.13514064180145, "params": {"C": 88.31480939597098, "epsilon": 0.25491171633325505, "gamma": 0.032150102533951244, "lamda": 0.17930625227843752}, "datetime": {"datetime": "2021-09-24 18:38:36", "elapsed": 208.036905, "delta": 1.387101}}
{"target": -44.05153670517728, "params": {"C": 99.66006149793263, "epsilon": 0.106026533576396, "gamma": 0.002059573945133379, "lamda": 0.5566988416443949}, "datetime": {"datetime": "2021-09-24 18:38:37", "elapsed": 209.084607, "delta": 1.047702}}
{"target": -43.86441012977347, "params": {"C": 52.639118539519394, "epsilon": 0.5004908791889863, "gamma": 0.03220434619873943, "lamda": 0.6239697489996319}, "datetime": {"datetime": "2021-09-24 18:38:39", "elapsed": 210.433043, "delta": 1.348436}}
{"target": -43.76091254693325, "params": {"C": 75.38774363878477, "epsilon": 0.9706718908422677, "gamma": 0.026659259211887016, "lamda": 0.891808606715872}, "datetime": {"datetime": "2021-09-24 18:38:40", "elapsed": 211.842452, "delta": 1.409409}}
{"target": -44.645130317409134, "params": {"C": 94.83771322287096, "epsilon": 0.9679871125206206, "gamma": 0.07872597215886834, "lamda": 0.7768983096037789}, "datetime": {"datetime": "2021-09-24 18:38:41", "elapsed": 213.154179, "delta": 1.311727}}
{"target": -45.2647966885306, "params": {"C": 89.00549407800673, "epsilon": 0.1639210319510457, "gamma": 0.07661864302916788, "lamda": 0.2397738176739578}, "datetime": {"datetime": "2021-09-24 18:38:43", "elapsed": 214.250431, "delta": 1.096252}}
{"target": -45.602132477764165, "params": {"C": 58.33750708878328, "epsilon": 0.48345158064926963, "gamma": 0.11793518479315175, "lamda": 0.9332600317223843}, "datetime": {"datetime": "2021-09-24 18:38:44", "elapsed": 215.298239, "delta": 1.047808}}
{"target": -44.51594100257645, "params": {"C": 88.2855194984592, "epsilon": 0.3159021670712395, "gamma": 0.05150704213202913, "lamda": 0.24669601844765973}, "datetime": {"datetime": "2021-09-24 18:38:45", "elapsed": 216.908238, "delta": 1.609999}}
{"target": -45.60242667679402, "params": {"C": 67.18231900691791, "epsilon": 0.4749734375603259, "gamma": 0.10935046141199041, "lamda": 0.8289899798273482}, "datetime": {"datetime": "2021-09-24 18:38:46", "elapsed": 217.835965, "delta": 0.927727}}
{"target": -45.80207633848641, "params": {"C": 70.85922378165434, "epsilon": 0.8419437436750042, "gamma": 0.11082251253272445, "lamda": 0.27885005654175066}, "datetime": {"datetime": "2021-09-24 18:38:47", "elapsed": 219.050572, "delta": 1.214607}}
{"target": -45.969256251064685, "params": {"C": 85.3810722546391, "epsilon": 0.3084897766880455, "gamma": 0.11093211150429783, "lamda": 0.9044436338657416}, "datetime": {"datetime": "2021-09-24 18:38:48", "elapsed": 220.075129, "delta": 1.024557}}
{"target": -43.62291128908802, "params": {"C": 52.47811699017618, "epsilon": 0.379478742268382, "gamma": 0.010360430406944652, "lamda": 0.6116622970661958}, "datetime": {"datetime": "2021-09-24 18:38:50", "elapsed": 221.873719, "delta": 1.79859}}
{"target": -47.514780728756186, "params": {"C": 94.79628792840819, "epsilon": 1.0, "gamma": 0.001, "lamda": 0.6750024816973076}, "datetime": {"datetime": "2021-09-24 18:38:52", "elapsed": 223.486785, "delta": 1.613066}}
{"target": -44.69471555709579, "params": {"C": 53.364140714892386, "epsilon": 0.908321841900858, "gamma": 0.08226144248712837, "lamda": 0.6074037632165153}, "datetime": {"datetime": "2021-09-24 18:38:54", "elapsed": 225.265128, "delta": 1.778343}}
{"target": -43.55988058604175, "params": {"C": 53.76937639229434, "epsilon": 0.83603692538571, "gamma": 0.01050158829419972, "lamda": 0.816682770501115}, "datetime": {"datetime": "2021-09-24 18:38:56", "elapsed": 227.484927, "delta": 2.219799}}
{"target": -44.26346474898992, "params": {"C": 70.1564887556643, "epsilon": 0.5115662806339425, "gamma": 0.03864455726544095, "lamda": 0.9704883249510557}, "datetime": {"datetime": "2021-09-24 18:38:57", "elapsed": 228.446695, "delta": 0.961768}}
{"target": -43.84100230479117, "params": {"C": 62.43453226518344, "epsilon": 0.7749510719143478, "gamma": 0.014194366392919832, "lamda": 0.4429672361200949}, "datetime": {"datetime": "2021-09-24 18:38:58", "elapsed": 229.60195, "delta": 1.155255}}
{"target": -44.39153463249932, "params": {"C": 66.98527675590375, "epsilon": 0.061069855466015725, "gamma": 0.06450533503832646, "lamda": 0.5532545881621608}, "datetime": {"datetime": "2021-09-24 18:38:59", "elapsed": 230.702788, "delta": 1.100838}}
{"target": -44.144421553056944, "params": {"C": 72.4953289505244, "epsilon": 0.08196243514950231, "gamma": 0.047583624880527656, "lamda": 0.5039850547664396}, "datetime": {"datetime": "2021-09-24 18:39:00", "elapsed": 231.761102, "delta": 1.058314}}
{"target": -43.71059652348432, "params": {"C": 54.32735343138401, "epsilon": 0.7505500349245614, "gamma": 0.019175442076956598, "lamda": 0.9228683897908432}, "datetime": {"datetime": "2021-09-24 18:39:02", "elapsed": 233.191406, "delta": 1.430304}}
{"target": -43.87999381333293, "params": {"C": 52.53444332320372, "epsilon": 0.409126301359543, "gamma": 0.030473960510702357, "lamda": 0.6304942860869758}, "datetime": {"datetime": "2021-09-24 18:39:03", "elapsed": 234.890024, "delta": 1.698618}}
{"target": -43.56372912202196, "params": {"C": 53.74609626546023, "epsilon": 0.8534162169535509, "gamma": 0.013353719513050293, "lamda": 0.8986271642902629}, "datetime": {"datetime": "2021-09-24 18:39:05", "elapsed": 237.04077, "delta": 2.150746}}
{"target": -44.70445481163763, "params": {"C": 65.39064636060412, "epsilon": 0.7928054575583474, "gamma": 0.06927845005755413, "lamda": 0.37219043501234966}, "datetime": {"datetime": "2021-09-24 18:39:07", "elapsed": 238.286886, "delta": 1.246116}}
{"target": -43.644306172726445, "params": {"C": 56.88773467817003, "epsilon": 0.26761733213984357, "gamma": 0.009813272524450488, "lamda": 0.9038651460567438}, "datetime": {"datetime": "2021-09-24 18:39:08", "elapsed": 239.364528, "delta": 1.077642}}
{"target": -43.87034693359231, "params": {"C": 50.831684352013106, "epsilon": 0.6123250007669123, "gamma": 0.01955450998103754, "lamda": 0.5890426940133632}, "datetime": {"datetime": "2021-09-24 18:39:09", "elapsed": 240.612498, "delta": 1.24797}}
{"target": -47.99960163105934, "params": {"C": 62.13822325349316, "epsilon": 0.37108353083352735, "gamma": 0.001, "lamda": 0.4179246794782063}, "datetime": {"datetime": "2021-09-24 18:39:11", "elapsed": 242.427949, "delta": 1.815451}}
{"target": -44.00535521315068, "params": {"C": 62.02820336316495, "epsilon": 0.44716859872661535, "gamma": 0.025790369131138257, "lamda": 0.3535895528336531}, "datetime": {"datetime": "2021-09-24 18:39:13", "elapsed": 244.291874, "delta": 1.863925}}
{"target": -45.71786999396867, "params": {"C": 94.88399113357181, "epsilon": 0.4871581740623754, "gamma": 0.08716124448184036, "lamda": 0.22527494641276025}, "datetime": {"datetime": "2021-09-24 18:39:14", "elapsed": 245.489959, "delta": 1.198085}}
