{"target": -43.48590793977098, "params": {"C": 300.7443205831714, "epsilon": 0.8867247874445783, "gamma": 0.05174868526437579, "lamda": 1.373718206950191}, "datetime": {"datetime": "2021-09-24 19:33:48", "elapsed": 94.320747, "delta": 1.033644}}
{"target": -43.761445953453844, "params": {"C": 272.11979488634546, "epsilon": 0.869596210073843, "gamma": 0.07104437768857665, "lamda": 1.8649444913186024}, "datetime": {"datetime": "2021-09-24 19:33:48", "elapsed": 95.094857, "delta": 0.77411}}
{"target": -44.09691988720978, "params": {"C": 248.478536564153, "epsilon": 0.5848090623693443, "gamma": 0.00421649223773695, "lamda": 1.6926419287044507}, "datetime": {"datetime": "2021-09-24 19:33:49", "elapsed": 95.937665, "delta": 0.842808}}
{"target": -43.752022035484785, "params": {"C": 304.0403910445056, "epsilon": 0.77847975141505, "gamma": 0.06427136348482838, "lamda": 1.2928038680424334}, "datetime": {"datetime": "2021-09-24 19:33:50", "elapsed": 96.676143, "delta": 0.738478}}
{"target": -43.487312628093036, "params": {"C": 318.367583091466, "epsilon": 0.7566494976850663, "gamma": 0.010108819375310104, "lamda": 1.3597299129470035}, "datetime": {"datetime": "2021-09-24 19:33:51", "elapsed": 97.57852, "delta": 0.902377}}
{"target": -44.47660643523382, "params": {"C": 274.78249941353096, "epsilon": 0.7275896996587519, "gamma": 0.08354354557646086, "lamda": 1.058038528749768}, "datetime": {"datetime": "2021-09-24 19:33:52", "elapsed": 98.464992, "delta": 0.886472}}
{"target": -43.22301696742044, "params": {"C": 318.2831299029574, "epsilon": 0.766326195623849, "gamma": 0.021549957939276308, "lamda": 1.3985641966383706}, "datetime": {"datetime": "2021-09-24 19:33:53", "elapsed": 99.383034, "delta": 0.918042}}
{"target": -43.769871690320606, "params": {"C": 314.5464389684602, "epsilon": 0.749964619734279, "gamma": 0.05090784952063713, "lamda": 0.8097986205362726}, "datetime": {"datetime": "2021-09-24 19:33:53", "elapsed": 100.156766, "delta": 0.773732}}
{"target": -43.48327943557978, "params": {"C": 318.3007562976363, "epsilon": 0.7639435463766748, "gamma": 0.05064111765496464, "lamda": 1.461017414875244}, "datetime": {"datetime": "2021-09-24 19:33:54", "elapsed": 101.216126, "delta": 1.05936}}
{"target": -44.48490222651653, "params": {"C": 274.3480972848214, "epsilon": 0.7856922979673782, "gamma": 0.077300281242863, "lamda": 0.8}, "datetime": {"datetime": "2021-09-24 19:33:55", "elapsed": 102.151089, "delta": 0.934963}}
{"target": -43.95990660722911, "params": {"C": 318.2957968154211, "epsilon": 0.7445857197162983, "gamma": 0.0713301498833689, "lamda": 1.3247678568560532}, "datetime": {"datetime": "2021-09-24 19:33:56", "elapsed": 103.013921, "delta": 0.862832}}
{"target": -43.39012280024081, "params": {"C": 257.38951953206475, "epsilon": 0.8563467517383154, "gamma": 0.02700825760744996, "lamda": 1.9637400392976982}, "datetime": {"datetime": "2021-09-24 19:33:57", "elapsed": 103.747229, "delta": 0.733308}}
{"target": -43.33282470600831, "params": {"C": 269.58941823887596, "epsilon": 0.5246639785510101, "gamma": 0.03526175562034527, "lamda": 1.6680855199281204}, "datetime": {"datetime": "2021-09-24 19:33:58", "elapsed": 104.595763, "delta": 0.848534}}
{"target": -45.07258918563442, "params": {"C": 324.7331491733264, "epsilon": 0.7983041793376129, "gamma": 0.11976699907943218, "lamda": 1.4093040072435394}, "datetime": {"datetime": "2021-09-24 19:33:59", "elapsed": 105.313563, "delta": 0.7178}}
{"target": -43.73320330793244, "params": {"C": 299.50602964119366, "epsilon": 0.8183698284054279, "gamma": 0.06105157460858864, "lamda": 1.1216257505696015}, "datetime": {"datetime": "2021-09-24 19:33:59", "elapsed": 106.078326, "delta": 0.764763}}
{"target": -43.67896199208251, "params": {"C": 248.55131228733046, "epsilon": 0.6413543199395497, "gamma": 0.0633696538365794, "lamda": 1.711093946557111}, "datetime": {"datetime": "2021-09-24 19:34:00", "elapsed": 107.147345, "delta": 1.069019}}
{"target": -43.18997227663485, "params": {"C": 274.45755987812527, "epsilon": 0.9008504412032491, "gamma": 0.018601275623765155, "lamda": 0.9204294577703286}, "datetime": {"datetime": "2021-09-24 19:34:01", "elapsed": 107.960638, "delta": 0.813293}}
{"target": -44.576060338686936, "params": {"C": 301.17324532124314, "epsilon": 0.619112813176826, "gamma": 0.09766714857333991, "lamda": 1.6853439628562126}, "datetime": {"datetime": "2021-09-24 19:34:02", "elapsed": 108.794545, "delta": 0.833907}}
{"target": -43.29787037563581, "params": {"C": 313.27727219463617, "epsilon": 0.8654726904478343, "gamma": 0.0128010942116535, "lamda": 0.9700424682438378}, "datetime": {"datetime": "2021-09-24 19:34:03", "elapsed": 109.711764, "delta": 0.917219}}
{"target": -47.75730123446703, "params": {"C": 283.24408083799574, "epsilon": 0.6349887545337175, "gamma": 0.001, "lamda": 1.3573048272610415}, "datetime": {"datetime": "2021-09-24 19:34:04", "elapsed": 110.68121, "delta": 0.969446}}
{"target": -43.24911224517043, "params": {"C": 313.3699624875983, "epsilon": 0.8816665150236569, "gamma": 0.030173145995232943, "lamda": 1.0045290574539323}, "datetime": {"datetime": "2021-09-24 19:34:05", "elapsed": 111.630377, "delta": 0.949167}}
{"target": -44.08203689791611, "params": {"C": 300.54395101810303, "epsilon": 0.8374524202531441, "gamma": 0.08233201291741145, "lamda": 1.5707994291714646}, "datetime": {"datetime": "2021-09-24 19:34:06", "elapsed": 112.532585, "delta": 0.902208}}
{"target": -43.23995848771066, "params": {"C": 245.08522783500197, "epsilon": 0.7040350746372326, "gamma": 0.02046268221816492, "lamda": 1.5095457259638274}, "datetime": {"datetime": "2021-09-24 19:34:07", "elapsed": 113.318294, "delta": 0.785709}}
{"target": -47.4451259456268, "params": {"C": 274.7817562573907, "epsilon": 0.7290027360680922, "gamma": 0.001, "lamda": 1.0975788733979057}, "datetime": {"datetime": "2021-09-24 19:34:08", "elapsed": 114.560432, "delta": 1.242138}}
{"target": -43.84602438004213, "params": {"C": 247.40905991024127, "epsilon": 0.9787759745204951, "gamma": 0.00861574679925553, "lamda": 1.5228825456666664}, "datetime": {"datetime": "2021-09-24 19:34:09", "elapsed": 115.393273, "delta": 0.832841}}
{"target": -43.258551556378706, "params": {"C": 248.6556463610537, "epsilon": 0.6662656409114182, "gamma": 0.020269796926246374, "lamda": 1.64940030336537}, "datetime": {"datetime": "2021-09-24 19:34:10", "elapsed": 116.692306, "delta": 1.299033}}
{"target": -43.187371140511104, "params": {"C": 300.8475734123215, "epsilon": 0.7737889160259279, "gamma": 0.02481905045522648, "lamda": 1.1426003172755668}, "datetime": {"datetime": "2021-09-24 19:34:11", "elapsed": 117.594672, "delta": 0.902366}}
{"target": -43.653273733008355, "params": {"C": 292.60481176885446, "epsilon": 0.7131152496126336, "gamma": 0.06399982482724573, "lamda": 1.7893540991804453}, "datetime": {"datetime": "2021-09-24 19:34:12", "elapsed": 118.426959, "delta": 0.832287}}
{"target": -43.55693385170067, "params": {"C": 248.41376328317932, "epsilon": 0.9371427957138432, "gamma": 0.017425953920510624, "lamda": 1.809137848918071}, "datetime": {"datetime": "2021-09-24 19:34:12", "elapsed": 119.228732, "delta": 0.801773}}
{"target": -43.40862071349681, "params": {"C": 313.3142227462105, "epsilon": 0.8525498735972794, "gamma": 0.00982067959462745, "lamda": 1.0147578975007645}, "datetime": {"datetime": "2021-09-24 19:34:13", "elapsed": 120.152466, "delta": 0.923734}}
{"target": -43.235146104385734, "params": {"C": 243.96587907098535, "epsilon": 0.5548991512943748, "gamma": 0.010653126760341691, "lamda": 0.8736211090568147}, "datetime": {"datetime": "2021-09-24 19:34:14", "elapsed": 120.989794, "delta": 0.837328}}
{"target": -43.7367942478953, "params": {"C": 318.36674688917185, "epsilon": 0.7574653572283081, "gamma": 0.0651910311493924, "lamda": 1.419602365082138}, "datetime": {"datetime": "2021-09-24 19:34:15", "elapsed": 121.878691, "delta": 0.888897}}
{"target": -43.67015004150715, "params": {"C": 303.24682615105206, "epsilon": 0.8345291336763117, "gamma": 0.06532275238563326, "lamda": 1.6727651582263094}, "datetime": {"datetime": "2021-09-24 19:34:16", "elapsed": 122.690359, "delta": 0.811668}}
{"target": -43.19716203893231, "params": {"C": 248.7044104988429, "epsilon": 0.7042436292864749, "gamma": 0.02865707947576361, "lamda": 1.6518570974643842}, "datetime": {"datetime": "2021-09-24 19:34:17", "elapsed": 123.62692, "delta": 0.936561}}
{"target": -43.48996884291891, "params": {"C": 324.16349026079615, "epsilon": 0.6413269469568523, "gamma": 0.005709521470060336, "lamda": 1.0513828394161777}, "datetime": {"datetime": "2021-09-24 19:34:18", "elapsed": 124.483896, "delta": 0.856976}}
{"target": -43.20614337705209, "params": {"C": 326.3071713830437, "epsilon": 0.6424434275937809, "gamma": 0.021243249790303245, "lamda": 0.8832869368493297}, "datetime": {"datetime": "2021-09-24 19:34:19", "elapsed": 125.450895, "delta": 0.966999}}
{"target": -43.21049693545708, "params": {"C": 300.8579766134034, "epsilon": 0.8596387777303147, "gamma": 0.020708647414694994, "lamda": 1.165881144002582}, "datetime": {"datetime": "2021-09-24 19:34:20", "elapsed": 126.535947, "delta": 1.085052}}
{"target": -44.87673559790513, "params": {"C": 349.6564450103719, "epsilon": 0.6058528209766281, "gamma": 0.11286691185157376, "lamda": 1.9892930650883602}, "datetime": {"datetime": "2021-09-24 19:34:21", "elapsed": 127.39853, "delta": 0.862583}}
{"target": -43.52855830439817, "params": {"C": 248.41829963866033, "epsilon": 0.5468114437884152, "gamma": 0.008071276768243893, "lamda": 1.7062038467561136}, "datetime": {"datetime": "2021-09-24 19:34:22", "elapsed": 128.45605, "delta": 1.05752}}
{"target": -43.20839386296728, "params": {"C": 313.32058955847833, "epsilon": 0.9063182763979153, "gamma": 0.018633573552187616, "lamda": 0.9835630825485422}, "datetime": {"datetime": "2021-09-24 19:34:23", "elapsed": 129.421397, "delta": 0.965347}}
{"target": -43.16907093999121, "params": {"C": 338.3758827667983, "epsilon": 0.6929756782532562, "gamma": 0.020729706542849332, "lamda": 1.126206444982771}, "datetime": {"datetime": "2021-09-24 19:34:24", "elapsed": 130.29499, "delta": 0.873593}}
{"target": -43.17994846672735, "params": {"C": 313.33753341411335, "epsilon": 0.8641652060665107, "gamma": 0.022064566869914225, "lamda": 0.9383693254298118}, "datetime": {"datetime": "2021-09-24 19:34:25", "elapsed": 131.513538, "delta": 1.218548}}
{"target": -43.20476941376626, "params": {"C": 303.3321506745784, "epsilon": 0.730486881971911, "gamma": 0.015116520582785346, "lamda": 0.9261930020391432}, "datetime": {"datetime": "2021-09-24 19:34:26", "elapsed": 132.88613, "delta": 1.372592}}
{"target": -43.1704231780993, "params": {"C": 300.7930296087911, "epsilon": 0.7603939820139267, "gamma": 0.01992061120011046, "lamda": 1.0734734568209674}, "datetime": {"datetime": "2021-09-24 19:34:27", "elapsed": 133.905361, "delta": 1.019231}}
{"target": -43.338895060924635, "params": {"C": 313.3866400563294, "epsilon": 0.9733879532931421, "gamma": 0.037653299439110215, "lamda": 1.025468174400493}, "datetime": {"datetime": "2021-09-24 19:34:28", "elapsed": 134.948817, "delta": 1.043456}}
{"target": -43.56267481193973, "params": {"C": 266.29935055438074, "epsilon": 0.536823162473085, "gamma": 0.00786554402956682, "lamda": 1.8093944324101237}, "datetime": {"datetime": "2021-09-24 19:34:29", "elapsed": 135.82729, "delta": 0.878473}}
{"target": -48.50453472853882, "params": {"C": 300.9287401737609, "epsilon": 0.7243209964597096, "gamma": 0.001, "lamda": 1.4309624474258225}, "datetime": {"datetime": "2021-09-24 19:34:30", "elapsed": 137.009722, "delta": 1.182432}}
{"target": -43.38372333788508, "params": {"C": 253.26042587333518, "epsilon": 0.7109253032511305, "gamma": 0.03491692122086803, "lamda": 1.0700831945573643}, "datetime": {"datetime": "2021-09-24 19:34:31", "elapsed": 137.847005, "delta": 0.837283}}
{"target": -43.24464992266895, "params": {"C": 338.02921492731053, "epsilon": 0.809638029180418, "gamma": 0.012920693935851862, "lamda": 0.8382580953049646}, "datetime": {"datetime": "2021-09-24 19:34:32", "elapsed": 138.829127, "delta": 0.982122}}
{"target": -43.250400419712285, "params": {"C": 300.8455886961009, "epsilon": 0.8748968216783084, "gamma": 0.03387198216487494, "lamda": 1.2220874816670781}, "datetime": {"datetime": "2021-09-24 19:34:33", "elapsed": 140.050594, "delta": 1.221467}}
{"target": -44.30474157761768, "params": {"C": 303.3121853040959, "epsilon": 0.7582611441542988, "gamma": 0.07343827048567278, "lamda": 0.8830721694750858}, "datetime": {"datetime": "2021-09-24 19:34:35", "elapsed": 141.423497, "delta": 1.372903}}
{"target": -44.203435381644404, "params": {"C": 326.38608453543753, "epsilon": 0.597178503771884, "gamma": 0.060268366089408866, "lamda": 0.8437741898231202}, "datetime": {"datetime": "2021-09-24 19:34:36", "elapsed": 142.411057, "delta": 0.98756}}
{"target": -43.416249921536796, "params": {"C": 313.3822506252252, "epsilon": 0.9164564160777771, "gamma": 0.010545766604459529, "lamda": 1.0140910573444006}, "datetime": {"datetime": "2021-09-24 19:34:37", "elapsed": 143.446486, "delta": 1.035429}}
{"target": -43.507706798368545, "params": {"C": 266.72550907122775, "epsilon": 0.6971701906210208, "gamma": 0.007412933732622453, "lamda": 1.2211883286005818}, "datetime": {"datetime": "2021-09-24 19:34:38", "elapsed": 144.311538, "delta": 0.865052}}
{"target": -43.332674589840124, "params": {"C": 274.48703984702445, "epsilon": 0.8385272055648371, "gamma": 0.010877834342248364, "lamda": 0.945323000475091}, "datetime": {"datetime": "2021-09-24 19:34:39", "elapsed": 145.443406, "delta": 1.131868}}
{"target": -43.92631717281778, "params": {"C": 339.72441530328376, "epsilon": 0.7643414683175437, "gamma": 0.07773348205838122, "lamda": 1.8706156610366411}, "datetime": {"datetime": "2021-09-24 19:34:40", "elapsed": 146.413219, "delta": 0.969813}}
{"target": -43.75264406466234, "params": {"C": 338.6100796208501, "epsilon": 0.9941583163893015, "gamma": 0.011332171544570207, "lamda": 1.68800603403934}, "datetime": {"datetime": "2021-09-24 19:34:41", "elapsed": 147.368532, "delta": 0.955313}}
{"target": -44.342148393602784, "params": {"C": 266.6607545722323, "epsilon": 0.7402711032909824, "gamma": 0.09155601999989257, "lamda": 1.6518875222795462}, "datetime": {"datetime": "2021-09-24 19:34:41", "elapsed": 148.290213, "delta": 0.921681}}
{"target": -43.49064228145051, "params": {"C": 302.6318751917062, "epsilon": 0.5153079893110057, "gamma": 0.049411437333446995, "lamda": 1.8949372424954563}, "datetime": {"datetime": "2021-09-24 19:34:43", "elapsed": 149.300342, "delta": 1.010129}}
{"target": -43.79162840304322, "params": {"C": 303.38256094544806, "epsilon": 0.7137478645408065, "gamma": 0.055061888250617884, "lamda": 0.9564997935562087}, "datetime": {"datetime": "2021-09-24 19:34:44", "elapsed": 150.648726, "delta": 1.348384}}
{"target": -43.420261432598096, "params": {"C": 288.8485830426835, "epsilon": 0.8228183262771442, "gamma": 0.0480867236092883, "lamda": 1.5974823982559747}, "datetime": {"datetime": "2021-09-24 19:34:45", "elapsed": 151.513372, "delta": 0.864646}}
{"target": -43.80185993433766, "params": {"C": 313.3207513042872, "epsilon": 0.8617456535424043, "gamma": 0.061481632222257616, "lamda": 0.9758944023978849}, "datetime": {"datetime": "2021-09-24 19:34:46", "elapsed": 152.840693, "delta": 1.327321}}
{"target": -43.41154053768282, "params": {"C": 334.69461583053726, "epsilon": 0.5074718578963322, "gamma": 0.01133405916532854, "lamda": 1.8682881065954742}, "datetime": {"datetime": "2021-09-24 19:34:48", "elapsed": 154.352349, "delta": 1.511656}}
{"target": -43.940609428799846, "params": {"C": 254.69594611868075, "epsilon": 0.9871966301288395, "gamma": 0.07707593824747024, "lamda": 1.374134755938326}, "datetime": {"datetime": "2021-09-24 19:34:49", "elapsed": 155.339665, "delta": 0.987316}}
{"target": -43.44631271671818, "params": {"C": 300.8489001067121, "epsilon": 0.9130782834869715, "gamma": 0.013478168637151202, "lamda": 1.2918618563721331}, "datetime": {"datetime": "2021-09-24 19:34:50", "elapsed": 156.711601, "delta": 1.371936}}
{"target": -44.81107954749502, "params": {"C": 334.7573687065958, "epsilon": 0.5168779999501143, "gamma": 0.10446090213774771, "lamda": 1.814558243194331}, "datetime": {"datetime": "2021-09-24 19:34:51", "elapsed": 157.921662, "delta": 1.210061}}
{"target": -44.22635063309086, "params": {"C": 265.64217222145965, "epsilon": 0.9029889302066758, "gamma": 0.08807002830986346, "lamda": 1.4492778353704376}, "datetime": {"datetime": "2021-09-24 19:34:52", "elapsed": 158.85634, "delta": 0.934678}}
{"target": -44.86865506538224, "params": {"C": 318.448491966264, "epsilon": 0.8776838059406422, "gamma": 0.1151184659403566, "lamda": 1.909485859964585}, "datetime": {"datetime": "2021-09-24 19:34:53", "elapsed": 159.833589, "delta": 0.977249}}
{"target": -43.36791416108439, "params": {"C": 264.94960946905127, "epsilon": 0.688797986102973, "gamma": 0.0447773558445049, "lamda": 1.9021870449357867}, "datetime": {"datetime": "2021-09-24 19:34:54", "elapsed": 160.739784, "delta": 0.906195}}
{"target": -43.32497024073119, "params": {"C": 273.9274919283677, "epsilon": 0.5404470031419992, "gamma": 0.03241193139604142, "lamda": 1.4624273482680648}, "datetime": {"datetime": "2021-09-24 19:34:55", "elapsed": 161.579143, "delta": 0.839359}}
{"target": -43.307082854371515, "params": {"C": 277.66251507153646, "epsilon": 0.5980760296822325, "gamma": 0.011089843731770684, "lamda": 1.2605895987493176}, "datetime": {"datetime": "2021-09-24 19:34:56", "elapsed": 162.426522, "delta": 0.847379}}
{"target": -44.81989143381306, "params": {"C": 281.63158443892286, "epsilon": 0.5484447797033873, "gamma": 0.002613437498547448, "lamda": 1.6484335168171187}, "datetime": {"datetime": "2021-09-24 19:34:57", "elapsed": 163.381787, "delta": 0.955265}}
{"target": -44.693843113624446, "params": {"C": 325.23601397631455, "epsilon": 0.5582947382919159, "gamma": 0.0032866787989267263, "lamda": 1.9167259930752363}, "datetime": {"datetime": "2021-09-24 19:34:57", "elapsed": 164.284948, "delta": 0.903161}}
{"target": -43.86122799322217, "params": {"C": 313.25709183936783, "epsilon": 0.915892098597477, "gamma": 0.0046258551547654885, "lamda": 0.9914440370527339}, "datetime": {"datetime": "2021-09-24 19:34:59", "elapsed": 165.695327, "delta": 1.410379}}
{"target": -43.31269964846127, "params": {"C": 300.93768573531537, "epsilon": 0.746878738556543, "gamma": 0.03617406913169853, "lamda": 1.3254178953175688}, "datetime": {"datetime": "2021-09-24 19:35:00", "elapsed": 166.744844, "delta": 1.049517}}
{"target": -45.13015287815855, "params": {"C": 349.2521352954518, "epsilon": 0.5525658326208188, "gamma": 0.002059573945133379, "lamda": 1.4679854085141253}, "datetime": {"datetime": "2021-09-24 19:35:01", "elapsed": 167.654712, "delta": 0.909868}}
{"target": -43.698795274048656, "params": {"C": 326.32469375286564, "epsilon": 0.7002695247809316, "gamma": 0.0482443001956423, "lamda": 0.8654698593579232}, "datetime": {"datetime": "2021-09-24 19:35:02", "elapsed": 168.70833, "delta": 1.053618}}
{"target": -43.4999871640096, "params": {"C": 300.78556060172434, "epsilon": 0.943691977795514, "gamma": 0.0122094182125113, "lamda": 1.2872062895098124}, "datetime": {"datetime": "2021-09-24 19:35:03", "elapsed": 169.791464, "delta": 1.083134}}
{"target": -43.577566136437284, "params": {"C": 242.7217322791114, "epsilon": 0.9249683325338405, "gamma": 0.01022182164838055, "lamda": 1.327044557544025}, "datetime": {"datetime": "2021-09-24 19:35:04", "elapsed": 170.944215, "delta": 1.152751}}
{"target": -44.44744786746144, "params": {"C": 325.8120869716148, "epsilon": 0.5815420580335564, "gamma": 0.07661864302916788, "lamda": 1.0876373449432437}, "datetime": {"datetime": "2021-09-24 19:35:05", "elapsed": 171.862688, "delta": 0.918473}}
{"target": -44.95636343265896, "params": {"C": 258.3425155953232, "epsilon": 0.741467257582217, "gamma": 0.11793518479315175, "lamda": 1.9199040284697082}, "datetime": {"datetime": "2021-09-24 19:35:06", "elapsed": 172.856586, "delta": 0.993898}}
{"target": -43.42850471132362, "params": {"C": 245.0407879258765, "epsilon": 0.7006989867638524, "gamma": 0.04563350330893153, "lamda": 1.4853240285007603}, "datetime": {"datetime": "2021-09-24 19:35:07", "elapsed": 174.266362, "delta": 1.409776}}
{"target": -44.76076645204574, "params": {"C": 277.8011018152194, "epsilon": 0.7372239427228858, "gamma": 0.10935046141199041, "lamda": 1.7947674525380717}, "datetime": {"datetime": "2021-09-24 19:35:08", "elapsed": 175.196244, "delta": 0.929882}}
{"target": -44.89519468905406, "params": {"C": 285.89029231963957, "epsilon": 0.9208927646021042, "gamma": 0.11082251253272445, "lamda": 1.134533521202221}, "datetime": {"datetime": "2021-09-24 19:35:09", "elapsed": 176.157397, "delta": 0.961153}}
{"target": -44.8210149650129, "params": {"C": 317.83835896020605, "epsilon": 0.6538987871311539, "gamma": 0.11093211150429783, "lamda": 1.8853208927281626}, "datetime": {"datetime": "2021-09-24 19:35:10", "elapsed": 177.120109, "delta": 0.962712}}
{"target": -44.19134591838358, "params": {"C": 274.45549449686916, "epsilon": 0.9257623838693796, "gamma": 0.07503049063858769, "lamda": 0.8860081394566214}, "datetime": {"datetime": "2021-09-24 19:35:12", "elapsed": 178.587348, "delta": 1.467239}}
{"target": -43.4889077772314, "params": {"C": 313.3074226959453, "epsilon": 0.970697005185815, "gamma": 0.04917694007606422, "lamda": 1.0554692940997175}, "datetime": {"datetime": "2021-09-24 19:35:13", "elapsed": 179.998482, "delta": 1.411134}}
{"target": -43.9751838011854, "params": {"C": 270.57757838580216, "epsilon": 0.9006054029724044, "gamma": 0.07928268385441498, "lamda": 1.5658347689198928}, "datetime": {"datetime": "2021-09-24 19:35:15", "elapsed": 181.463323, "delta": 1.464841}}
