{"target": -44.12115302646183, "params": {"C": 391.9790246664188, "epsilon": 0.804089758559055, "gamma": 0.07020625942083526, "lamda": 0.9214513231602085}, "datetime": {"datetime": "2021-09-24 19:55:01", "elapsed": 198.942947, "delta": 1.041731}}
{"target": -43.658955756513805, "params": {"C": 410.2298431242603, "epsilon": 0.5512346580702672, "gamma": 0.052500323531515465, "lamda": 1.347505859775842}, "datetime": {"datetime": "2021-09-24 19:55:02", "elapsed": 200.183246, "delta": 1.240299}}
{"target": -44.34906693837691, "params": {"C": 572.4822999133164, "epsilon": 0.6735427696366492, "gamma": 0.07833191565185228, "lamda": 1.1089037439213785}, "datetime": {"datetime": "2021-09-24 19:55:04", "elapsed": 201.743493, "delta": 1.560247}}
{"target": -43.20579178035103, "params": {"C": 580.1278898604786, "epsilon": 0.7100119464946073, "gamma": 0.02847595958395037, "lamda": 1.8065238985432168}, "datetime": {"datetime": "2021-09-24 19:55:05", "elapsed": 202.840721, "delta": 1.097228}}
{"target": -43.17040185008915, "params": {"C": 442.24608620457514, "epsilon": 0.6414345700924369, "gamma": 0.022048597252299285, "lamda": 1.3075796996674924}, "datetime": {"datetime": "2021-09-24 19:55:06", "elapsed": 204.128098, "delta": 1.287377}}
{"target": -43.79770911861348, "params": {"C": 397.991135941432, "epsilon": 0.8747645031163382, "gamma": 0.0679938018074627, "lamda": 1.2846526256639617}, "datetime": {"datetime": "2021-09-24 19:55:07", "elapsed": 205.299328, "delta": 1.17123}}
{"target": -43.43544251359784, "params": {"C": 544.223778241221, "epsilon": 0.5717136211323879, "gamma": 0.03450245661476562, "lamda": 1.1128011620503142}, "datetime": {"datetime": "2021-09-24 19:55:09", "elapsed": 206.735322, "delta": 1.435994}}
{"target": -43.20371855480049, "params": {"C": 492.75004758450484, "epsilon": 0.7888095851254071, "gamma": 0.02290435371649382, "lamda": 0.8646620989639211}, "datetime": {"datetime": "2021-09-24 19:55:10", "elapsed": 208.142321, "delta": 1.406999}}
{"target": -44.441954474270005, "params": {"C": 449.76365754159247, "epsilon": 0.9586086471923166, "gamma": 0.09634523643367598, "lamda": 1.3061858877033123}, "datetime": {"datetime": "2021-09-24 19:55:12", "elapsed": 209.651321, "delta": 1.509}}
{"target": -43.50992804722622, "params": {"C": 580.1843944212349, "epsilon": 0.6626626769248374, "gamma": 0.04289508563379481, "lamda": 1.13921142480645}, "datetime": {"datetime": "2021-09-24 19:55:13", "elapsed": 211.393172, "delta": 1.741851}}
{"target": -44.528879839878634, "params": {"C": 412.9122113078661, "epsilon": 0.7978017227676288, "gamma": 0.09963707254127509, "lamda": 1.5562756116693142}, "datetime": {"datetime": "2021-09-24 19:55:15", "elapsed": 212.655945, "delta": 1.262773}}
{"target": -43.564572064891145, "params": {"C": 382.8187671041838, "epsilon": 0.9473009381170275, "gamma": 0.04946668888232316, "lamda": 0.8892487330359261}, "datetime": {"datetime": "2021-09-24 19:55:16", "elapsed": 213.939726, "delta": 1.283781}}
{"target": -43.73873859626361, "params": {"C": 360.0058018054093, "epsilon": 0.7440165221671821, "gamma": 0.061474545036265905, "lamda": 1.2383226502020976}, "datetime": {"datetime": "2021-09-24 19:55:17", "elapsed": 215.080429, "delta": 1.140703}}
{"target": -43.47595348553242, "params": {"C": 360.56106853559567, "epsilon": 0.6751155163194491, "gamma": 0.05072294925842915, "lamda": 1.7000298453457336}, "datetime": {"datetime": "2021-09-24 19:55:19", "elapsed": 216.857973, "delta": 1.777544}}
{"target": -43.86537089068391, "params": {"C": 553.4470086227843, "epsilon": 0.5389770934412546, "gamma": 0.00448058891893767, "lamda": 1.6131526594708947}, "datetime": {"datetime": "2021-09-24 19:55:20", "elapsed": 218.380171, "delta": 1.522198}}
{"target": -43.671521777149344, "params": {"C": 371.2950648144771, "epsilon": 0.9158387039865952, "gamma": 0.06565732274648099, "lamda": 1.6569056298583273}, "datetime": {"datetime": "2021-09-24 19:55:22", "elapsed": 219.771157, "delta": 1.390986}}
{"target": -43.73991492668024, "params": {"C": 352.0589757658242, "epsilon": 0.7182753124878845, "gamma": 0.006589888552026533, "lamda": 1.4989376287876275}, "datetime": {"datetime": "2021-09-24 19:55:23", "elapsed": 221.213946, "delta": 1.442789}}
{"target": -43.81777618186086, "params": {"C": 420.1683954559645, "epsilon": 0.5111617819437981, "gamma": 0.05820532776075755, "lamda": 1.4235613935166738}, "datetime": {"datetime": "2021-09-24 19:55:25", "elapsed": 222.879773, "delta": 1.665827}}
{"target": -43.50100434190643, "params": {"C": 553.4946610998888, "epsilon": 0.6122082105471636, "gamma": 0.05075273378717736, "lamda": 1.6687347959141334}, "datetime": {"datetime": "2021-09-24 19:55:27", "elapsed": 224.737026, "delta": 1.857253}}
{"target": -43.5807343883103, "params": {"C": 513.1975609135934, "epsilon": 0.8500004069839429, "gamma": 0.048586252615917966, "lamda": 0.9229353178121347}, "datetime": {"datetime": "2021-09-24 19:55:28", "elapsed": 226.394221, "delta": 1.657195}}
{"target": -43.32578718936611, "params": {"C": 556.4350803344802, "epsilon": 0.9379714944281742, "gamma": 0.042398719370035344, "lamda": 1.6501946029654406}, "datetime": {"datetime": "2021-09-24 19:55:30", "elapsed": 227.613158, "delta": 1.218937}}
{"target": -46.7210169129818, "params": {"C": 493.9519672665436, "epsilon": 0.9807937646086502, "gamma": 0.0020234379181607127, "lamda": 1.3373302440202939}, "datetime": {"datetime": "2021-09-24 19:55:31", "elapsed": 229.349836, "delta": 1.736678}}
{"target": -43.758388965831095, "params": {"C": 415.31344143153217, "epsilon": 0.5098024303399153, "gamma": 0.0590419159989731, "lamda": 1.5814832256706741}, "datetime": {"datetime": "2021-09-24 19:55:33", "elapsed": 230.717898, "delta": 1.368062}}
{"target": -44.73923908360438, "params": {"C": 580.1322058445231, "epsilon": 0.7381770694355158, "gamma": 0.0023824866595860174, "lamda": 1.092485234464085}, "datetime": {"datetime": "2021-09-24 19:55:35", "elapsed": 232.490967, "delta": 1.773069}}
{"target": -43.16313655758871, "params": {"C": 493.901543389832, "epsilon": 0.6535926225913481, "gamma": 0.018750209308679433, "lamda": 1.0570355683051695}, "datetime": {"datetime": "2021-09-24 19:55:36", "elapsed": 233.945356, "delta": 1.454389}}
{"target": -43.34126699232484, "params": {"C": 553.4957052459097, "epsilon": 0.5804129649225253, "gamma": 0.01382161685031631, "lamda": 1.6510257089885663}, "datetime": {"datetime": "2021-09-24 19:55:38", "elapsed": 235.699611, "delta": 1.754255}}
{"target": -44.57941594687377, "params": {"C": 465.13653290468596, "epsilon": 0.5384935587312507, "gamma": 0.09363473218941638, "lamda": 1.7030631112529824}, "datetime": {"datetime": "2021-09-24 19:55:39", "elapsed": 237.033839, "delta": 1.334228}}
{"target": -43.46719825606334, "params": {"C": 398.9781308453642, "epsilon": 0.6984720018300616, "gamma": 0.01594207127977708, "lamda": 1.942597284980704}, "datetime": {"datetime": "2021-09-24 19:55:41", "elapsed": 238.514367, "delta": 1.480528}}
{"target": -44.024266717126, "params": {"C": 587.3500782976482, "epsilon": 0.8265305803584566, "gamma": 0.07749328344788453, "lamda": 1.4141703715307217}, "datetime": {"datetime": "2021-09-24 19:55:42", "elapsed": 240.086155, "delta": 1.571788}}
{"target": -44.17757201633749, "params": {"C": 438.46838713053614, "epsilon": 0.7272029585319179, "gamma": 0.07261107960190478, "lamda": 1.036830260807372}, "datetime": {"datetime": "2021-09-24 19:55:44", "elapsed": 241.523946, "delta": 1.437791}}
{"target": -43.24196622990558, "params": {"C": 349.45573174395497, "epsilon": 0.6180930980588512, "gamma": 0.010611282278560973, "lamda": 0.865606455383636}, "datetime": {"datetime": "2021-09-24 19:55:46", "elapsed": 243.593242, "delta": 2.069296}}
{"target": -43.22557614568804, "params": {"C": 572.5824123161547, "epsilon": 0.7331722636188827, "gamma": 0.027698192914609444, "lamda": 1.1244471764400432}, "datetime": {"datetime": "2021-09-24 19:55:48", "elapsed": 245.861874, "delta": 2.268632}}
{"target": -43.4906263675705, "params": {"C": 395.706646413366, "epsilon": 0.9171867523602439, "gamma": 0.04687198857196263, "lamda": 1.006477835836359}, "datetime": {"datetime": "2021-09-24 19:55:49", "elapsed": 247.346074, "delta": 1.4842}}
{"target": -43.29749878801091, "params": {"C": 580.0896216423438, "epsilon": 0.7261897294181139, "gamma": 0.023278989104922015, "lamda": 1.8001485516284625}, "datetime": {"datetime": "2021-09-24 19:55:52", "elapsed": 249.990794, "delta": 2.64472}}
{"target": -43.36734833332101, "params": {"C": 568.3569626785379, "epsilon": 0.6200137681901052, "gamma": 0.03918889760023397, "lamda": 1.531580211276856}, "datetime": {"datetime": "2021-09-24 19:55:54", "elapsed": 251.769585, "delta": 1.778791}}
{"target": -44.695951166605134, "params": {"C": 595.2184799436036, "epsilon": 0.6194815974256013, "gamma": 0.002520745987764611, "lamda": 1.345905421455895}, "datetime": {"datetime": "2021-09-24 19:55:58", "elapsed": 255.624267, "delta": 3.854682}}
{"target": -43.23758913478212, "params": {"C": 409.9333999136925, "epsilon": 0.5231302450052691, "gamma": 0.017159235345077725, "lamda": 1.6989122384971056}, "datetime": {"datetime": "2021-09-24 19:56:00", "elapsed": 258.184796, "delta": 2.560529}}
{"target": -43.320715692165024, "params": {"C": 550.3466673963113, "epsilon": 0.9448964523383185, "gamma": 0.041695251822032375, "lamda": 1.48661892446182}, "datetime": {"datetime": "2021-09-24 19:56:02", "elapsed": 259.92415, "delta": 1.739354}}
{"target": -45.52595463972414, "params": {"C": 373.70309069642565, "epsilon": 0.5614539349691783, "gamma": 0.11823277873572598, "lamda": 1.1012044731961943}, "datetime": {"datetime": "2021-09-24 19:56:04", "elapsed": 261.914419, "delta": 1.990269}}
{"target": -43.64617403353213, "params": {"C": 373.6515053200056, "epsilon": 0.9822269122348926, "gamma": 0.06448412306466678, "lamda": 1.6853609668905039}, "datetime": {"datetime": "2021-09-24 19:56:06", "elapsed": 264.021005, "delta": 2.106586}}
{"target": -47.156442132943106, "params": {"C": 348.4619710795592, "epsilon": 0.9567905379887442, "gamma": 0.0019103190627343058, "lamda": 1.4575478672797626}, "datetime": {"datetime": "2021-09-24 19:56:08", "elapsed": 265.73135, "delta": 1.710345}}
{"target": -44.44415179094618, "params": {"C": 530.5471598390088, "epsilon": 0.5894495627626124, "gamma": 0.09245548557573527, "lamda": 1.7987687902501799}, "datetime": {"datetime": "2021-09-24 19:56:09", "elapsed": 267.233736, "delta": 1.502386}}
{"target": -44.85190416804517, "params": {"C": 342.62704402261267, "epsilon": 0.5039207520386264, "gamma": 0.10386138809878262, "lamda": 1.7498666520163917}, "datetime": {"datetime": "2021-09-24 19:56:11", "elapsed": 268.793574, "delta": 1.559838}}
{"target": -44.28871055309404, "params": {"C": 517.7410267367875, "epsilon": 0.8049187239947477, "gamma": 0.07996803904604641, "lamda": 1.0670307529407372}, "datetime": {"datetime": "2021-09-24 19:56:12", "elapsed": 270.22002, "delta": 1.426446}}
{"target": -44.587623867076665, "params": {"C": 498.74928456526516, "epsilon": 0.7954897413127372, "gamma": 0.09627659423307705, "lamda": 1.2443069577757464}, "datetime": {"datetime": "2021-09-24 19:56:14", "elapsed": 271.570248, "delta": 1.350228}}
{"target": -43.603050969979435, "params": {"C": 580.1143828432271, "epsilon": 0.7294991895295779, "gamma": 0.061477069167893486, "lamda": 1.7915375189257767}, "datetime": {"datetime": "2021-09-24 19:56:15", "elapsed": 273.376089, "delta": 1.805841}}
{"target": -43.62035633541085, "params": {"C": 393.94749231057324, "epsilon": 0.9032006100093093, "gamma": 0.06314290491383259, "lamda": 1.8965601144013766}, "datetime": {"datetime": "2021-09-24 19:56:17", "elapsed": 275.206116, "delta": 1.830027}}
{"target": -43.19709958620677, "params": {"C": 495.6157427137564, "epsilon": 0.7096093846991409, "gamma": 0.020468663670697676, "lamda": 1.334337318504619}, "datetime": {"datetime": "2021-09-24 19:56:19", "elapsed": 276.69273, "delta": 1.486614}}
{"target": -43.998392064842776, "params": {"C": 428.98881353154013, "epsilon": 0.5371457712752628, "gamma": 0.06445658177572555, "lamda": 1.3241157110661987}, "datetime": {"datetime": "2021-09-24 19:56:21", "elapsed": 279.111302, "delta": 2.418572}}
{"target": -44.314250200097696, "params": {"C": 463.22814510295314, "epsilon": 0.7379978654902167, "gamma": 0.003989029939059849, "lamda": 1.4691657608633804}, "datetime": {"datetime": "2021-09-24 19:56:23", "elapsed": 280.686121, "delta": 1.574819}}
{"target": -43.762550320190705, "params": {"C": 554.5161504174024, "epsilon": 0.8710933581240864, "gamma": 0.06309208510427168, "lamda": 1.0937533248871811}, "datetime": {"datetime": "2021-09-24 19:56:24", "elapsed": 282.1443, "delta": 1.458179}}
{"target": -44.89130751629109, "params": {"C": 570.129534717644, "epsilon": 0.6194317567649071, "gamma": 0.08704523703980122, "lamda": 0.9185733549205909}, "datetime": {"datetime": "2021-09-24 19:56:26", "elapsed": 283.679554, "delta": 1.535254}}
{"target": -44.234520768020396, "params": {"C": 382.9489129678111, "epsilon": 0.8401445627090136, "gamma": 0.0062080970516248946, "lamda": 1.803387599818614}, "datetime": {"datetime": "2021-09-24 19:56:27", "elapsed": 285.165912, "delta": 1.486358}}
{"target": -43.52379950586074, "params": {"C": 534.9927628823662, "epsilon": 0.7961950633418511, "gamma": 0.046534529856646814, "lamda": 1.0515081287719534}, "datetime": {"datetime": "2021-09-24 19:56:29", "elapsed": 287.030519, "delta": 1.864607}}
{"target": -44.021531328230175, "params": {"C": 432.26892746442803, "epsilon": 0.9588467603589261, "gamma": 0.08059741664892027, "lamda": 1.4325321076912578}, "datetime": {"datetime": "2021-09-24 19:56:31", "elapsed": 289.363921, "delta": 2.333402}}
{"target": -43.53638416486537, "params": {"C": 417.3900886723669, "epsilon": 0.8540052529681446, "gamma": 0.015506281587075895, "lamda": 1.774845347069985}, "datetime": {"datetime": "2021-09-24 19:56:33", "elapsed": 290.867986, "delta": 1.504065}}
{"target": -43.20541789726973, "params": {"C": 547.3628091172718, "epsilon": 0.7730841370235448, "gamma": 0.018224491332742978, "lamda": 1.1114480169704393}, "datetime": {"datetime": "2021-09-24 19:56:34", "elapsed": 292.366757, "delta": 1.498771}}
{"target": -44.773998375973335, "params": {"C": 499.976283464636, "epsilon": 0.5547385494486493, "gamma": 0.10215555716468218, "lamda": 1.6679191053603164}, "datetime": {"datetime": "2021-09-24 19:56:36", "elapsed": 293.803165, "delta": 1.436408}}
{"target": -43.56268564823506, "params": {"C": 525.243191607291, "epsilon": 0.8531733146774627, "gamma": 0.010002531806790324, "lamda": 1.3781675552658186}, "datetime": {"datetime": "2021-09-24 19:56:38", "elapsed": 295.966338, "delta": 2.163173}}
{"target": -43.79743915171306, "params": {"C": 577.6188817366738, "epsilon": 0.6953463457484799, "gamma": 0.05562805918961218, "lamda": 0.9936636800575791}, "datetime": {"datetime": "2021-09-24 19:56:39", "elapsed": 297.394999, "delta": 1.428661}}
{"target": -43.76944525709786, "params": {"C": 565.1332365900726, "epsilon": 0.8712794780688404, "gamma": 0.06800071440911586, "lamda": 1.3672286165713654}, "datetime": {"datetime": "2021-09-24 19:56:41", "elapsed": 298.78074, "delta": 1.385741}}
{"target": -44.54976146833187, "params": {"C": 450.6379510651928, "epsilon": 0.7188043679759768, "gamma": 0.003553834886363083, "lamda": 1.5225161031832395}, "datetime": {"datetime": "2021-09-24 19:56:42", "elapsed": 300.134636, "delta": 1.353896}}
{"target": -45.065089494056224, "params": {"C": 341.6094327073679, "epsilon": 0.719333396509559, "gamma": 0.11549969737201965, "lamda": 1.3247659173873831}, "datetime": {"datetime": "2021-09-24 19:56:44", "elapsed": 301.478156, "delta": 1.34352}}
{"target": -44.64973654923996, "params": {"C": 581.3078443382176, "epsilon": 0.6073425338846014, "gamma": 0.09651643875315757, "lamda": 1.5154240675391013}, "datetime": {"datetime": "2021-09-24 19:56:45", "elapsed": 302.786129, "delta": 1.307973}}
{"target": -44.64000228241175, "params": {"C": 373.1980991626562, "epsilon": 0.8681839006162754, "gamma": 0.10371241912557233, "lamda": 1.4090986437775443}, "datetime": {"datetime": "2021-09-24 19:56:46", "elapsed": 304.247648, "delta": 1.461519}}
{"target": -45.20716269316283, "params": {"C": 538.8151616318313, "epsilon": 0.8577142391903012, "gamma": 0.10948943741283469, "lamda": 0.8278994375950722}, "datetime": {"datetime": "2021-09-24 19:56:48", "elapsed": 305.621848, "delta": 1.3742}}
{"target": -44.32368335405213, "params": {"C": 579.7641429335517, "epsilon": 0.9093360330088397, "gamma": 0.006249705378485817, "lamda": 1.768795651468459}, "datetime": {"datetime": "2021-09-24 19:56:49", "elapsed": 307.063706, "delta": 1.441858}}
{"target": -43.57399013982015, "params": {"C": 346.2607860790203, "epsilon": 0.7360923361939414, "gamma": 0.05396455026573349, "lamda": 1.2961598612631189}, "datetime": {"datetime": "2021-09-24 19:56:51", "elapsed": 308.523974, "delta": 1.460268}}
{"target": -43.59858354378876, "params": {"C": 542.2696008527474, "epsilon": 0.8642485301768849, "gamma": 0.06187132312460719, "lamda": 1.9307649226397476}, "datetime": {"datetime": "2021-09-24 19:56:53", "elapsed": 310.552338, "delta": 2.028364}}
{"target": -43.76548039916004, "params": {"C": 406.463946867166, "epsilon": 0.9250391763248005, "gamma": 0.06227829454389009, "lamda": 0.993577672614526}, "datetime": {"datetime": "2021-09-24 19:56:54", "elapsed": 311.912007, "delta": 1.359669}}
{"target": -43.49839331302542, "params": {"C": 442.2687133277268, "epsilon": 0.6500714359344429, "gamma": 0.007413759144633725, "lamda": 1.2833475046777998}, "datetime": {"datetime": "2021-09-24 19:56:56", "elapsed": 314.180913, "delta": 2.268906}}
{"target": -43.80533212001936, "params": {"C": 348.04978335359516, "epsilon": 0.6876010909725669, "gamma": 0.07110960017678594, "lamda": 1.8811455807466597}, "datetime": {"datetime": "2021-09-24 19:56:58", "elapsed": 315.630178, "delta": 1.449265}}
{"target": -43.42349873383784, "params": {"C": 513.2420839392267, "epsilon": 0.9549285974515183, "gamma": 0.040015019913796496, "lamda": 0.9018538350196827}, "datetime": {"datetime": "2021-09-24 19:57:00", "elapsed": 318.074188, "delta": 2.44401}}
{"target": -43.36886742511885, "params": {"C": 580.1647155535237, "epsilon": 0.7669174562429388, "gamma": 0.04541329064898319, "lamda": 1.8115310096451402}, "datetime": {"datetime": "2021-09-24 19:57:02", "elapsed": 320.007693, "delta": 1.933505}}
{"target": -44.95055189627947, "params": {"C": 548.4543698080867, "epsilon": 0.5099759090211133, "gamma": 0.07996286763473634, "lamda": 0.9130203580689549}, "datetime": {"datetime": "2021-09-24 19:57:04", "elapsed": 321.66933, "delta": 1.661637}}
{"target": -43.229987701134775, "params": {"C": 374.48178087657027, "epsilon": 0.6201083355366422, "gamma": 0.0179797530561012, "lamda": 1.4731032544742355}, "datetime": {"datetime": "2021-09-24 19:57:05", "elapsed": 323.168887, "delta": 1.499557}}
{"target": -43.7166277058387, "params": {"C": 572.6016480740475, "epsilon": 0.7014859651301658, "gamma": 0.004909348375386867, "lamda": 1.1750203040836382}, "datetime": {"datetime": "2021-09-24 19:57:07", "elapsed": 325.255441, "delta": 2.086554}}
{"target": -43.31724463437708, "params": {"C": 580.147134303443, "epsilon": 0.6953272461120719, "gamma": 0.03078966488125567, "lamda": 1.0975226397324431}, "datetime": {"datetime": "2021-09-24 19:57:09", "elapsed": 327.20996, "delta": 1.954519}}
{"target": -45.199350313991296, "params": {"C": 368.74703335338506, "epsilon": 0.721048852287141, "gamma": 0.11328314440560236, "lamda": 1.0669502992869855}, "datetime": {"datetime": "2021-09-24 19:57:11", "elapsed": 328.812334, "delta": 1.602374}}
{"target": -43.248112444971845, "params": {"C": 483.17063552553896, "epsilon": 0.9110546973458857, "gamma": 0.036052489438545034, "lamda": 1.422885364178038}, "datetime": {"datetime": "2021-09-24 19:57:14", "elapsed": 331.774532, "delta": 2.962198}}
{"target": -43.976444403331136, "params": {"C": 570.144513213646, "epsilon": 0.5829025869566691, "gamma": 0.07041413103302598, "lamda": 1.5646204945936732}, "datetime": {"datetime": "2021-09-24 19:57:15", "elapsed": 333.377835, "delta": 1.603303}}
{"target": -44.42849566425773, "params": {"C": 578.3671974974702, "epsilon": 0.5239053406495551, "gamma": 0.09143489650654331, "lamda": 1.9938479798953128}, "datetime": {"datetime": "2021-09-24 19:57:17", "elapsed": 334.992097, "delta": 1.614262}}
{"target": -43.21767474336451, "params": {"C": 483.15439650517953, "epsilon": 0.8545718277701555, "gamma": 0.024610058657543028, "lamda": 1.3901916697202543}, "datetime": {"datetime": "2021-09-24 19:57:20", "elapsed": 337.666031, "delta": 2.673934}}
{"target": -44.390759059707506, "params": {"C": 432.27504015261746, "epsilon": 0.976144539654429, "gamma": 0.09681330177738692, "lamda": 1.7314883411680804}, "datetime": {"datetime": "2021-09-24 19:57:21", "elapsed": 339.406714, "delta": 1.740683}}
{"target": -43.43147985517862, "params": {"C": 483.6789318713095, "epsilon": 0.8830419937740606, "gamma": 0.04673457177765076, "lamda": 1.253638719760886}, "datetime": {"datetime": "2021-09-24 19:57:23", "elapsed": 341.04441, "delta": 1.637696}}
{"target": -43.29843623275196, "params": {"C": 443.43111258382896, "epsilon": 0.7189541954885286, "gamma": 0.03760396677007665, "lamda": 1.5205351214773497}, "datetime": {"datetime": "2021-09-24 19:57:26", "elapsed": 343.702995, "delta": 2.658585}}
{"target": -44.455404428440495, "params": {"C": 483.17805332106093, "epsilon": 0.8750741477914348, "gamma": 0.004263037275881879, "lamda": 1.4195803022554971}, "datetime": {"datetime": "2021-09-24 19:57:28", "elapsed": 345.959309, "delta": 2.256314}}
{"target": -43.587803578227046, "params": {"C": 483.1996815302747, "epsilon": 0.8082373227321311, "gamma": 0.008562585200720148, "lamda": 1.3549996692805117}, "datetime": {"datetime": "2021-09-24 19:57:30", "elapsed": 347.978089, "delta": 2.01878}}
