{"target": -44.37431752713473, "params": {"C": 86.7424103187946, "epsilon": 0.7466510090660812, "gamma": 0.052952562407875145, "lamda": 0.04496487895971878}, "datetime": {"datetime": "2021-09-24 18:36:07", "elapsed": 58.88895, "delta": 0.746881}}
{"target": -45.60637913486684, "params": {"C": 92.47991083874041, "epsilon": 0.370154736441895, "gamma": 0.08364018061249118, "lamda": 0.10528089830626229}, "datetime": {"datetime": "2021-09-24 18:36:08", "elapsed": 59.589877, "delta": 0.700927}}
{"target": -44.03392699302067, "params": {"C": 75.35134368069644, "epsilon": 0.9386879125975339, "gamma": 0.033768051027977884, "lamda": 0.8181992072573625}, "datetime": {"datetime": "2021-09-24 18:36:09", "elapsed": 60.166211, "delta": 0.576334}}
{"target": -43.92610893133782, "params": {"C": 54.26595863885905, "epsilon": 0.6901871182365528, "gamma": 0.03192111128181808, "lamda": 0.9326296384488691}, "datetime": {"datetime": "2021-09-24 18:36:09", "elapsed": 60.78655, "delta": 0.620339}}
{"target": -45.58251577718507, "params": {"C": 96.7151305580962, "epsilon": 0.08441948071245901, "gamma": 0.0788447789036657, "lamda": 0.3064396830418216}, "datetime": {"datetime": "2021-09-24 18:36:10", "elapsed": 61.34623, "delta": 0.55968}}
{"target": -45.84596156262363, "params": {"C": 89.15048272217153, "epsilon": 0.20911146995216337, "gamma": 0.0011868388009923384, "lamda": 0.0421699043510039}, "datetime": {"datetime": "2021-09-24 18:36:11", "elapsed": 62.423472, "delta": 1.077242}}
{"target": -43.99601415310955, "params": {"C": 52.29079643061118, "epsilon": 0.2657825229591239, "gamma": 0.04721530010310676, "lamda": 0.6344277528385429}, "datetime": {"datetime": "2021-09-24 18:36:11", "elapsed": 63.159573, "delta": 0.736101}}
{"target": -43.82892192651821, "params": {"C": 54.40600825581339, "epsilon": 0.982982975965173, "gamma": 0.005287531261360729, "lamda": 0.8050620501119841}, "datetime": {"datetime": "2021-09-24 18:36:12", "elapsed": 64.10912, "delta": 0.949547}}
{"target": -45.30519935920972, "params": {"C": 52.46785532761394, "epsilon": 0.5254346254213359, "gamma": 0.09908014882537924, "lamda": 0.4716696144994272}, "datetime": {"datetime": "2021-09-24 18:36:13", "elapsed": 64.759027, "delta": 0.649907}}
{"target": -44.78836600432983, "params": {"C": 70.57372071650413, "epsilon": 0.8082875694214983, "gamma": 0.06791633471980082, "lamda": 0.18820967249741347}, "datetime": {"datetime": "2021-09-24 18:36:14", "elapsed": 65.409184, "delta": 0.650157}}
{"target": -44.89982239856314, "params": {"C": 89.34158676941581, "epsilon": 0.23687520654378996, "gamma": 0.06815324054768608, "lamda": 0.07635724355537923}, "datetime": {"datetime": "2021-09-24 18:36:14", "elapsed": 66.075901, "delta": 0.666717}}
{"target": -44.60884297450821, "params": {"C": 74.68840601288653, "epsilon": 0.9457297166839619, "gamma": 0.06440384675272219, "lamda": 0.44491376265718363}, "datetime": {"datetime": "2021-09-24 18:36:15", "elapsed": 66.97762, "delta": 0.901719}}
{"target": -43.60606859667296, "params": {"C": 52.54114837370734, "epsilon": 0.6778237779819041, "gamma": 0.007977964647256211, "lamda": 0.5834810745130106}, "datetime": {"datetime": "2021-09-24 18:36:16", "elapsed": 67.657123, "delta": 0.679503}}
{"target": -43.6019082372646, "params": {"C": 52.03013946748995, "epsilon": 0.27715525699006993, "gamma": 0.009613676679603184, "lamda": 0.7708224829415725}, "datetime": {"datetime": "2021-09-24 18:36:17", "elapsed": 68.490539, "delta": 0.833416}}
{"target": -45.183888441042505, "params": {"C": 75.77624314916304, "epsilon": 0.5271296285388397, "gamma": 0.08350427446569325, "lamda": 0.8525758925378902}, "datetime": {"datetime": "2021-09-24 18:36:17", "elapsed": 69.020468, "delta": 0.529929}}
{"target": -44.792532219627546, "params": {"C": 62.03456542919933, "epsilon": 0.8035392882369734, "gamma": 0.07241627462408806, "lamda": 0.29218975072638276}, "datetime": {"datetime": "2021-09-24 18:36:18", "elapsed": 69.705601, "delta": 0.685133}}
{"target": -43.63013161114737, "params": {"C": 83.29052636115, "epsilon": 0.8187726190192052, "gamma": 0.00768931152509847, "lamda": 0.11371426929824069}, "datetime": {"datetime": "2021-09-24 18:36:19", "elapsed": 70.387313, "delta": 0.681712}}
{"target": -44.656432830821544, "params": {"C": 73.68742941178274, "epsilon": 0.24166898384032617, "gamma": 0.058817817974473864, "lamda": 0.6701064114425422}, "datetime": {"datetime": "2021-09-24 18:36:19", "elapsed": 70.94727, "delta": 0.559957}}
{"target": -43.71966466327884, "params": {"C": 88.20035670415439, "epsilon": 0.9525579914187, "gamma": 0.00411704238349068, "lamda": 0.03742796639392544}, "datetime": {"datetime": "2021-09-24 18:36:20", "elapsed": 71.598335, "delta": 0.651065}}
{"target": -44.005977332421516, "params": {"C": 52.24689962946076, "epsilon": 0.3201700460979639, "gamma": 0.049507500015006645, "lamda": 0.4398744279150993}, "datetime": {"datetime": "2021-09-24 18:36:21", "elapsed": 72.210237, "delta": 0.611902}}
{"target": -43.72665914613347, "params": {"C": 62.872930731065374, "epsilon": 0.986098089947728, "gamma": 0.021121722129744284, "lamda": 0.7653747105821508}, "datetime": {"datetime": "2021-09-24 18:36:21", "elapsed": 73.016024, "delta": 0.805787}}
{"target": -43.73001684052508, "params": {"C": 54.42193529282102, "epsilon": 0.8664201316438894, "gamma": 0.005763683093603651, "lamda": 0.7548429371007316}, "datetime": {"datetime": "2021-09-24 18:36:22", "elapsed": 74.041237, "delta": 1.025213}}
{"target": -44.753541862200045, "params": {"C": 60.13881563891412, "epsilon": 0.07657473335976057, "gamma": 0.08151236949570274, "lamda": 0.20980858953294668}, "datetime": {"datetime": "2021-09-24 18:36:23", "elapsed": 74.692475, "delta": 0.651238}}
{"target": -45.53466417381764, "params": {"C": 62.973181673705305, "epsilon": 0.9521117646829553, "gamma": 0.10919080523797707, "lamda": 0.709342674910382}, "datetime": {"datetime": "2021-09-24 18:36:24", "elapsed": 75.43308, "delta": 0.740605}}
{"target": -44.5464301500247, "params": {"C": 54.38191335685118, "epsilon": 0.7628166518926351, "gamma": 0.0032871091772578016, "lamda": 0.8498057463496584}, "datetime": {"datetime": "2021-09-24 18:36:24", "elapsed": 76.135766, "delta": 0.702686}}
{"target": -46.18864955483355, "params": {"C": 86.98924442848582, "epsilon": 0.3460983958712087, "gamma": 0.11063628025731338, "lamda": 0.09488966109858533}, "datetime": {"datetime": "2021-09-24 18:36:25", "elapsed": 76.773294, "delta": 0.637528}}
{"target": -44.2466672694383, "params": {"C": 86.88769208535541, "epsilon": 0.04591959557907669, "gamma": 0.029992314871640686, "lamda": 0.14044954199463844}, "datetime": {"datetime": "2021-09-24 18:36:26", "elapsed": 77.483914, "delta": 0.71062}}
{"target": -44.50924556023322, "params": {"C": 52.081764085000145, "epsilon": 0.32370655941384807, "gamma": 0.06780020454851432, "lamda": 0.675076354228499}, "datetime": {"datetime": "2021-09-24 18:36:27", "elapsed": 78.297252, "delta": 0.813338}}
{"target": -43.733361513992705, "params": {"C": 83.1862776241795, "epsilon": 0.8099947504250468, "gamma": 0.009213087590973328, "lamda": 0.12057903335619008}, "datetime": {"datetime": "2021-09-24 18:36:28", "elapsed": 79.388123, "delta": 1.090871}}
{"target": -46.699772274331494, "params": {"C": 83.25541417467976, "epsilon": 0.734653469817438, "gamma": 0.001, "lamda": 0.16995133915711474}, "datetime": {"datetime": "2021-09-24 18:36:29", "elapsed": 80.522445, "delta": 1.134322}}
{"target": -46.71612307178219, "params": {"C": 83.22911658866651, "epsilon": 0.8793802593387793, "gamma": 0.001, "lamda": 0.07401112174236658}, "datetime": {"datetime": "2021-09-24 18:36:30", "elapsed": 81.617213, "delta": 1.094768}}
{"target": -43.858328528168734, "params": {"C": 52.46336681987659, "epsilon": 0.6642439833665799, "gamma": 0.023800793218576647, "lamda": 0.6561576206453293}, "datetime": {"datetime": "2021-09-24 18:36:31", "elapsed": 82.374211, "delta": 0.756998}}
{"target": -44.026901892887, "params": {"C": 52.71081688194265, "epsilon": 0.368700496955721, "gamma": 0.0039010745409496987, "lamda": 0.7686553709686834}, "datetime": {"datetime": "2021-09-24 18:36:31", "elapsed": 82.974932, "delta": 0.600721}}
{"target": -44.87326430520489, "params": {"C": 54.28479474961947, "epsilon": 0.7404542434998199, "gamma": 0.0879726161939442, "lamda": 0.9814914055181696}, "datetime": {"datetime": "2021-09-24 18:36:32", "elapsed": 83.698545, "delta": 0.723613}}
{"target": -46.020359212956, "params": {"C": 82.1541128689538, "epsilon": 0.6519442003564528, "gamma": 0.10949589409571205, "lamda": 0.23571114835428814}, "datetime": {"datetime": "2021-09-24 18:36:33", "elapsed": 84.33843, "delta": 0.639885}}
{"target": -43.63431830057066, "params": {"C": 52.55983303412661, "epsilon": 0.6532681073296791, "gamma": 0.011080954663746059, "lamda": 0.6626763531346883}, "datetime": {"datetime": "2021-09-24 18:36:33", "elapsed": 85.069249, "delta": 0.730819}}
{"target": -44.311087214920235, "params": {"C": 52.52435101682912, "epsilon": 0.6029929355252716, "gamma": 0.06170187231934894, "lamda": 0.6168066284843183}, "datetime": {"datetime": "2021-09-24 18:36:34", "elapsed": 85.972439, "delta": 0.90319}}
{"target": -43.72068655387596, "params": {"C": 52.174250436509126, "epsilon": 0.08109032881385106, "gamma": 0.012554979978151009, "lamda": 0.9255190075992719}, "datetime": {"datetime": "2021-09-24 18:36:35", "elapsed": 86.919877, "delta": 0.947438}}
{"target": -44.22004872917578, "params": {"C": 85.61816126422976, "epsilon": 0.614276236143153, "gamma": 0.03408628782910846, "lamda": 0.48373071168567416}, "datetime": {"datetime": "2021-09-24 18:36:36", "elapsed": 87.605991, "delta": 0.686114}}
{"target": -43.89086372451922, "params": {"C": 62.8057937723211, "epsilon": 0.9984156356253107, "gamma": 0.02795383325055121, "lamda": 0.7071319990344496}, "datetime": {"datetime": "2021-09-24 18:36:37", "elapsed": 88.439437, "delta": 0.833446}}
{"target": -48.43743857793855, "params": {"C": 75.26702421209094, "epsilon": 1.0, "gamma": 0.001, "lamda": 0.8039970667806339}, "datetime": {"datetime": "2021-09-24 18:36:38", "elapsed": 89.373932, "delta": 0.934495}}
{"target": -44.41631377699651, "params": {"C": 86.74138436097653, "epsilon": 0.7456075452344111, "gamma": 0.0551468434307873, "lamda": 0.049657442829363144}, "datetime": {"datetime": "2021-09-24 18:36:39", "elapsed": 90.24681, "delta": 0.872878}}
{"target": -44.201577759556216, "params": {"C": 70.76683075088458, "epsilon": 0.14257969418133748, "gamma": 0.05185261315590304, "lamda": 0.3007848900723371}, "datetime": {"datetime": "2021-09-24 18:36:39", "elapsed": 90.958985, "delta": 0.712175}}
{"target": -44.5682010935972, "params": {"C": 62.80758199936679, "epsilon": 0.905698703579426, "gamma": 0.07023792569108071, "lamda": 0.6598589058132216}, "datetime": {"datetime": "2021-09-24 18:36:40", "elapsed": 91.749549, "delta": 0.790564}}
{"target": -43.89054776962717, "params": {"C": 62.59182712953496, "epsilon": 0.6705631888009477, "gamma": 0.017707565458325927, "lamda": 0.5538720765425983}, "datetime": {"datetime": "2021-09-24 18:36:41", "elapsed": 92.429494, "delta": 0.679945}}
{"target": -44.559040045181575, "params": {"C": 80.20968046524393, "epsilon": 0.3512305299651786, "gamma": 0.055833003337243184, "lamda": 0.6877819988685872}, "datetime": {"datetime": "2021-09-24 18:36:41", "elapsed": 93.045414, "delta": 0.61592}}
{"target": -48.959668036503984, "params": {"C": 52.5867585872827, "epsilon": 0.6237852436394588, "gamma": 0.001, "lamda": 0.5259364940732318}, "datetime": {"datetime": "2021-09-24 18:36:43", "elapsed": 94.176247, "delta": 1.130833}}
{"target": -44.12362973191471, "params": {"C": 75.20074597881535, "epsilon": 0.8842997081567896, "gamma": 0.03340751426987583, "lamda": 0.689129252402364}, "datetime": {"datetime": "2021-09-24 18:36:43", "elapsed": 95.094853, "delta": 0.918606}}
{"target": -43.56476862239657, "params": {"C": 54.484239793904706, "epsilon": 0.9864974027248179, "gamma": 0.012905662308596418, "lamda": 0.8174421782544581}, "datetime": {"datetime": "2021-09-24 18:36:45", "elapsed": 96.487003, "delta": 1.39215}}
{"target": -44.26247363007288, "params": {"C": 62.68793438083664, "epsilon": 0.9436196015945474, "gamma": 0.051402423551772915, "lamda": 0.2944289852370834}, "datetime": {"datetime": "2021-09-24 18:36:46", "elapsed": 97.268002, "delta": 0.780999}}
{"target": -49.342100176547106, "params": {"C": 54.24789755739207, "epsilon": 0.735334773738309, "gamma": 0.001, "lamda": 0.9992433164784419}, "datetime": {"datetime": "2021-09-24 18:36:46", "elapsed": 98.15137, "delta": 0.883368}}
{"target": -44.14974194593986, "params": {"C": 73.82108335807138, "epsilon": 0.707293870876429, "gamma": 0.03395124141853609, "lamda": 0.03132186993419379}, "datetime": {"datetime": "2021-09-24 18:36:48", "elapsed": 99.191206, "delta": 1.039836}}
{"target": -43.801340094080494, "params": {"C": 52.161259937577725, "epsilon": 0.1447688580179741, "gamma": 0.004996793100176873, "lamda": 0.9197741427028531}, "datetime": {"datetime": "2021-09-24 18:36:48", "elapsed": 100.074639, "delta": 0.883433}}
{"target": -43.69328071261975, "params": {"C": 52.10418108553411, "epsilon": 0.33364458606330283, "gamma": 0.012147109329714308, "lamda": 0.7497324170513949}, "datetime": {"datetime": "2021-09-24 18:36:49", "elapsed": 100.900238, "delta": 0.825599}}
{"target": -43.724885306933196, "params": {"C": 52.5718792436803, "epsilon": 0.701352469853726, "gamma": 0.014098924438969786, "lamda": 0.6349261068146229}, "datetime": {"datetime": "2021-09-24 18:36:50", "elapsed": 101.870441, "delta": 0.970203}}
{"target": -45.30641076004233, "params": {"C": 50.15991187153631, "epsilon": 0.9584561791022711, "gamma": 0.11001577179883532, "lamda": 0.7685542722683548}, "datetime": {"datetime": "2021-09-24 18:36:51", "elapsed": 102.696075, "delta": 0.825634}}
{"target": -43.56338005769297, "params": {"C": 54.48361974803228, "epsilon": 0.9270050795243118, "gamma": 0.01271130954265684, "lamda": 0.8625806638938442}, "datetime": {"datetime": "2021-09-24 18:36:52", "elapsed": 103.565054, "delta": 0.868979}}
{"target": -44.126572287477124, "params": {"C": 54.42204643654706, "epsilon": 0.8659966165047415, "gamma": 0.04325764823983622, "lamda": 0.8162028225909767}, "datetime": {"datetime": "2021-09-24 18:36:53", "elapsed": 104.636741, "delta": 1.071687}}
{"target": -43.78840191255704, "params": {"C": 54.38478882602386, "epsilon": 0.7658752342130424, "gamma": 0.02393423419684075, "lamda": 0.9781893389023488}, "datetime": {"datetime": "2021-09-24 18:36:54", "elapsed": 105.466657, "delta": 0.829916}}
{"target": -44.06005804389753, "params": {"C": 69.65240028482974, "epsilon": 0.3197881627227531, "gamma": 0.029056464889281118, "lamda": 0.4142876203111304}, "datetime": {"datetime": "2021-09-24 18:36:55", "elapsed": 106.162301, "delta": 0.695644}}
{"target": -44.25744358448197, "params": {"C": 54.25779194662512, "epsilon": 0.8377523698503087, "gamma": 0.05951409365066722, "lamda": 0.9526671804857845}, "datetime": {"datetime": "2021-09-24 18:36:55", "elapsed": 107.018086, "delta": 0.855785}}
{"target": -44.29718708690206, "params": {"C": 98.00809045292615, "epsilon": 0.27900994237799026, "gamma": 0.03287833261106987, "lamda": 0.011237000862262897}, "datetime": {"datetime": "2021-09-24 18:36:56", "elapsed": 108.058546, "delta": 1.04046}}
{"target": -43.91875863937264, "params": {"C": 52.510806919546496, "epsilon": 0.4731684821018242, "gamma": 0.03653523466117055, "lamda": 0.5848168191936839}, "datetime": {"datetime": "2021-09-24 18:36:57", "elapsed": 108.980826, "delta": 0.92228}}
{"target": -46.37917793980326, "params": {"C": 89.27136042665144, "epsilon": 0.18323257362371775, "gamma": 0.001, "lamda": 0.11567671848938237}, "datetime": {"datetime": "2021-09-24 18:36:59", "elapsed": 110.175255, "delta": 1.194429}}
{"target": -43.62465309368901, "params": {"C": 54.548103658821255, "epsilon": 0.958317533572217, "gamma": 0.018191861898965708, "lamda": 0.8828033919223014}, "datetime": {"datetime": "2021-09-24 18:37:00", "elapsed": 111.24142, "delta": 1.066165}}
{"target": -43.89206571829877, "params": {"C": 54.33934641322, "epsilon": 0.8229043903958065, "gamma": 0.032863926951133215, "lamda": 0.9943999867347013}, "datetime": {"datetime": "2021-09-24 18:37:00", "elapsed": 112.147843, "delta": 0.906423}}
{"target": -44.37658902303222, "params": {"C": 52.55423386518841, "epsilon": 0.4773110667972687, "gamma": 0.003251645970008843, "lamda": 0.532834484087594}, "datetime": {"datetime": "2021-09-24 18:37:01", "elapsed": 113.117089, "delta": 0.969246}}
{"target": -44.92681341490974, "params": {"C": 69.27038868144578, "epsilon": 0.9816166022355065, "gamma": 0.09899790096491419, "lamda": 0.9976869832499455}, "datetime": {"datetime": "2021-09-24 18:37:02", "elapsed": 113.873452, "delta": 0.756363}}
{"target": -43.881424365823875, "params": {"C": 52.60973357258299, "epsilon": 0.5886057212847687, "gamma": 0.03314149155407623, "lamda": 0.6565772593237021}, "datetime": {"datetime": "2021-09-24 18:37:03", "elapsed": 114.855433, "delta": 0.981981}}
{"target": -43.900331039645344, "params": {"C": 52.50195583118131, "epsilon": 0.7393111764050166, "gamma": 0.03484454842188199, "lamda": 0.5968927704297302}, "datetime": {"datetime": "2021-09-24 18:37:04", "elapsed": 115.751293, "delta": 0.89586}}
{"target": -45.32909727303915, "params": {"C": 60.81689269050502, "epsilon": 0.6952741522594751, "gamma": 0.10314040485447716, "lamda": 0.6659478189799481}, "datetime": {"datetime": "2021-09-24 18:37:05", "elapsed": 116.601187, "delta": 0.849894}}
{"target": -45.507022111431304, "params": {"C": 91.09335909232885, "epsilon": 0.7142056880836942, "gamma": 0.08178728644892727, "lamda": 0.05554669748897801}, "datetime": {"datetime": "2021-09-24 18:37:06", "elapsed": 117.772147, "delta": 1.17096}}
{"target": -44.32305797275792, "params": {"C": 54.41007815607815, "epsilon": 0.9688817274336529, "gamma": 0.06543190642415021, "lamda": 0.7557107014642507}, "datetime": {"datetime": "2021-09-24 18:37:07", "elapsed": 118.902478, "delta": 1.130331}}
{"target": -44.069613937989395, "params": {"C": 62.89282256708724, "epsilon": 0.9903770223283591, "gamma": 0.03637062649891249, "lamda": 0.7098985823216237}, "datetime": {"datetime": "2021-09-24 18:37:09", "elapsed": 120.18014, "delta": 1.277662}}
{"target": -43.915807753499514, "params": {"C": 75.40172936588768, "epsilon": 0.976705140343551, "gamma": 0.029574074227969892, "lamda": 0.8010301910360074}, "datetime": {"datetime": "2021-09-24 18:37:10", "elapsed": 121.506071, "delta": 1.325931}}
{"target": -43.750873709911865, "params": {"C": 75.45270160508846, "epsilon": 0.9859040536653146, "gamma": 0.02446978943714881, "lamda": 0.8565412129369524}, "datetime": {"datetime": "2021-09-24 18:37:11", "elapsed": 122.586762, "delta": 1.080691}}
{"target": -44.60945118083723, "params": {"C": 64.59990676652068, "epsilon": 0.7394532277275385, "gamma": 0.07104437768857665, "lamda": 0.8874649973912254}, "datetime": {"datetime": "2021-09-24 18:37:12", "elapsed": 123.376746, "delta": 0.789984}}
{"target": -43.946495554239576, "params": {"C": 52.208081615927426, "epsilon": 0.26558122968846626, "gamma": 0.030275896614486247, "lamda": 0.6478464781186409}, "datetime": {"datetime": "2021-09-24 18:37:13", "elapsed": 124.475249, "delta": 1.098503}}
{"target": -44.816252576807734, "params": {"C": 79.10926865659346, "epsilon": 0.5574025433272699, "gamma": 0.06427136348482838, "lamda": 0.4107288230463576}, "datetime": {"datetime": "2021-09-24 18:37:14", "elapsed": 125.283374, "delta": 0.808125}}
{"target": -43.54393869856354, "params": {"C": 62.91446338665234, "epsilon": 0.9195201619668414, "gamma": 0.009277172547325494, "lamda": 0.7614350288100409}, "datetime": {"datetime": "2021-09-24 18:37:15", "elapsed": 126.390204, "delta": 1.10683}}
{"target": -43.66983037543961, "params": {"C": 62.905875189086345, "epsilon": 0.9251397892238644, "gamma": 0.006145336167722746, "lamda": 0.8347793964396288}, "datetime": {"datetime": "2021-09-24 18:37:16", "elapsed": 127.344301, "delta": 0.954097}}
{"target": -43.75588332059109, "params": {"C": 54.302699749236965, "epsilon": 0.7924512597774169, "gamma": 0.021971940458353052, "lamda": 0.901344820279454}, "datetime": {"datetime": "2021-09-24 18:37:17", "elapsed": 128.648908, "delta": 1.304607}}
{"target": -44.30893010424903, "params": {"C": 83.88474498566373, "epsilon": 0.5004293102290893, "gamma": 0.05090784952063713, "lamda": 0.008264700561849149}, "datetime": {"datetime": "2021-09-24 18:37:18", "elapsed": 130.040298, "delta": 1.39139}}
{"target": -43.87602095226493, "params": {"C": 54.48583751400417, "epsilon": 0.9289116326057466, "gamma": 0.02854669631598181, "lamda": 0.7142629604182578}, "datetime": {"datetime": "2021-09-24 18:37:20", "elapsed": 131.349059, "delta": 1.308761}}
{"target": -43.88898993301638, "params": {"C": 74.78050872537692, "epsilon": 0.888423287876874, "gamma": 0.021167642558906876, "lamda": 0.5202329029688276}, "datetime": {"datetime": "2021-09-24 18:37:21", "elapsed": 132.410513, "delta": 1.061454}}
{"target": -43.66491295139313, "params": {"C": 52.56252120917632, "epsilon": 0.5314710210668532, "gamma": 0.010706125640496736, "lamda": 0.6070152568933154}, "datetime": {"datetime": "2021-09-24 18:37:22", "elapsed": 133.452631, "delta": 1.042118}}
{"target": -43.86732338617192, "params": {"C": 57.904327060029445, "epsilon": 0.7129808099731543, "gamma": 0.02700825760744996, "lamda": 0.969786387744807}, "datetime": {"datetime": "2021-09-24 18:37:23", "elapsed": 134.181786, "delta": 0.729155}}
{"target": -45.018121147159924, "params": {"C": 54.31398082812746, "epsilon": 0.7783511894433064, "gamma": 0.0936896029490242, "lamda": 0.8798703539015374}, "datetime": {"datetime": "2021-09-24 18:37:23", "elapsed": 135.090213, "delta": 0.908427}}
{"target": -46.28504293501725, "params": {"C": 88.51506780605746, "epsilon": 0.5970117503165505, "gamma": 0.11976699907943218, "lamda": 0.5078025640356792}, "datetime": {"datetime": "2021-09-24 18:37:24", "elapsed": 135.900967, "delta": 0.810754}}
