{"target": -44.00133858995266, "params": {"C": 62.19795391973014, "epsilon": 0.4168927998912719, "gamma": 0.03390117820032076, "lamda": 0.3307133500850635}, "datetime": {"datetime": "2021-09-24 18:39:16", "elapsed": 247.609372, "delta": 2.119413}}
{"target": -45.31042360137572, "params": {"C": 83.8886629176227, "epsilon": 0.9541706662410544, "gamma": 0.10251537097634995, "lamda": 0.7479772803230581}, "datetime": {"datetime": "2021-09-24 18:39:17", "elapsed": 248.790402, "delta": 1.18103}}
{"target": -44.2805600559382, "params": {"C": 54.11979498654702, "epsilon": 0.7827687589371445, "gamma": 0.06213976693648561, "lamda": 0.9946461755363266}, "datetime": {"datetime": "2021-09-24 18:39:19", "elapsed": 250.447994, "delta": 1.657592}}
{"target": -45.18908929784378, "params": {"C": 58.09478483509083, "epsilon": 0.403271402870041, "gamma": 0.09469032700781374, "lamda": 0.29141174644793943}, "datetime": {"datetime": "2021-09-24 18:39:20", "elapsed": 251.751989, "delta": 1.303995}}
{"target": -44.00260377715916, "params": {"C": 88.02425458457611, "epsilon": 0.9008355051660224, "gamma": 0.021576870172272687, "lamda": 0.39133324684926146}, "datetime": {"datetime": "2021-09-24 18:39:21", "elapsed": 253.063234, "delta": 1.311245}}
{"target": -46.30516215478664, "params": {"C": 94.0628218616387, "epsilon": 0.2751133040210508, "gamma": 0.11740716627962995, "lamda": 0.3608308610506225}, "datetime": {"datetime": "2021-09-24 18:39:23", "elapsed": 254.385818, "delta": 1.322584}}
{"target": -44.03753729572234, "params": {"C": 52.51015125150273, "epsilon": 0.7191594054231839, "gamma": 0.04630908304881101, "lamda": 0.6782405845703888}, "datetime": {"datetime": "2021-09-24 18:39:24", "elapsed": 255.856623, "delta": 1.470805}}
{"target": -45.861326519600624, "params": {"C": 75.85539040172085, "epsilon": 0.6776654380727544, "gamma": 0.10556932454347234, "lamda": 0.16772457257277323}, "datetime": {"datetime": "2021-09-24 18:39:26", "elapsed": 257.358734, "delta": 1.502111}}
{"target": -43.97338145513831, "params": {"C": 69.89180500891382, "epsilon": 0.4094411704655767, "gamma": 0.028155668297343506, "lamda": 0.6505063170017934}, "datetime": {"datetime": "2021-09-24 18:39:27", "elapsed": 258.583743, "delta": 1.225009}}
{"target": -44.89595426343853, "params": {"C": 79.43540600968154, "epsilon": 0.9585255153139497, "gamma": 0.06746324199865408, "lamda": 0.24323501561302213}, "datetime": {"datetime": "2021-09-24 18:39:28", "elapsed": 260.128013, "delta": 1.54427}}
{"target": -48.37930979719201, "params": {"C": 75.47082073889383, "epsilon": 1.0, "gamma": 0.001, "lamda": 0.7831869203465277}, "datetime": {"datetime": "2021-09-24 18:39:31", "elapsed": 262.369882, "delta": 2.241869}}
{"target": -44.464850318083, "params": {"C": 59.995966282003614, "epsilon": 0.6085713376009917, "gamma": 0.07020625942083526, "lamda": 0.10129931502324371}, "datetime": {"datetime": "2021-09-24 18:39:32", "elapsed": 263.593326, "delta": 1.223444}}
{"target": -45.248791521919536, "params": {"C": 52.11714571907948, "epsilon": 0.1062235266554715, "gamma": 0.0024038293563930606, "lamda": 0.9620849851824889}, "datetime": {"datetime": "2021-09-24 18:39:34", "elapsed": 265.241826, "delta": 1.6485}}
{"target": -44.331597721579335, "params": {"C": 51.99041402675708, "epsilon": 0.2652256832975371, "gamma": 0.06217544914512155, "lamda": 0.7326484664775798}, "datetime": {"datetime": "2021-09-24 18:39:36", "elapsed": 267.198979, "delta": 1.957153}}
{"target": -44.27437066935998, "params": {"C": 96.17844035778435, "epsilon": 0.4206038690962254, "gamma": 0.02847595958395037, "lamda": 0.8387860384611354}, "datetime": {"datetime": "2021-09-24 18:39:37", "elapsed": 268.463735, "delta": 1.264756}}
{"target": -43.917347203155565, "params": {"C": 52.36948639804482, "epsilon": 0.3635329839435708, "gamma": 0.037572256261811654, "lamda": 0.579937720826549}, "datetime": {"datetime": "2021-09-24 18:39:39", "elapsed": 270.215986, "delta": 1.752251}}
{"target": -44.59277615948828, "params": {"C": 61.15214152719846, "epsilon": 0.7497794772264438, "gamma": 0.0679938018074627, "lamda": 0.40393680033449597}, "datetime": {"datetime": "2021-09-24 18:39:40", "elapsed": 271.495068, "delta": 1.279082}}
{"target": -44.13665800960252, "params": {"C": 89.27380350792711, "epsilon": 0.1442838150225109, "gamma": 0.03450245661476562, "lamda": 0.2607415682784244}, "datetime": {"datetime": "2021-09-24 18:39:41", "elapsed": 272.713306, "delta": 1.218238}}
{"target": -44.16578312675513, "params": {"C": 79.37500915086632, "epsilon": 0.5780415510805633, "gamma": 0.02290435371649382, "lamda": 0.053979693961687183}, "datetime": {"datetime": "2021-09-24 18:39:43", "elapsed": 274.233369, "delta": 1.520063}}
{"target": -45.36706866113427, "params": {"C": 71.10839568107548, "epsilon": 0.9173000770902486, "gamma": 0.09634523643367598, "lamda": 0.42187939092878507}, "datetime": {"datetime": "2021-09-24 18:39:44", "elapsed": 275.633165, "delta": 1.399796}}
{"target": -43.69376257388553, "params": {"C": 53.80780151274263, "epsilon": 0.8499539323609512, "gamma": 0.00663949934712211, "lamda": 0.9127734764503482}, "datetime": {"datetime": "2021-09-24 18:39:46", "elapsed": 277.475498, "delta": 1.842333}}
{"target": -45.27477811621272, "params": {"C": 64.02157909766655, "epsilon": 0.5960078420897224, "gamma": 0.09963707254127509, "lamda": 0.6302666534234561}, "datetime": {"datetime": "2021-09-24 18:39:47", "elapsed": 278.93771, "delta": 1.462212}}
{"target": -49.3113035855459, "params": {"C": 54.445910702753565, "epsilon": 0.9335610684779432, "gamma": 0.001, "lamda": 0.7827641342105714}, "datetime": {"datetime": "2021-09-24 18:39:50", "elapsed": 281.177164, "delta": 2.239454}}
{"target": -44.31703307126307, "params": {"C": 53.847269577963324, "epsilon": 0.48854501129002975, "gamma": 0.061474545036265905, "lamda": 0.36533234828089783}, "datetime": {"datetime": "2021-09-24 18:39:51", "elapsed": 282.367113, "delta": 1.189949}}
{"target": -43.90116217837566, "params": {"C": 52.455915974007496, "epsilon": 0.4416143095076707, "gamma": 0.017673604296957066, "lamda": 0.5798513073183419}, "datetime": {"datetime": "2021-09-24 18:39:53", "elapsed": 284.253841, "delta": 1.886728}}
{"target": -44.3136382270096, "params": {"C": 53.74385072011454, "epsilon": 0.8557679040680628, "gamma": 0.06537694546209244, "lamda": 0.8482547241950037}, "datetime": {"datetime": "2021-09-24 18:39:54", "elapsed": 286.133184, "delta": 1.879343}}
{"target": -44.360709058613395, "params": {"C": 56.018281695091744, "epsilon": 0.831845730565217, "gamma": 0.06565732274648099, "lamda": 0.7141166160794512}, "datetime": {"datetime": "2021-09-24 18:39:56", "elapsed": 287.499163, "delta": 1.365979}}
{"target": -43.736003780696386, "params": {"C": 54.39988501846966, "epsilon": 0.8267810010798293, "gamma": 0.021983934725105517, "lamda": 0.9360738852864428}, "datetime": {"datetime": "2021-09-24 18:39:58", "elapsed": 289.323007, "delta": 1.823844}}
{"target": -44.10140798641508, "params": {"C": 53.338345665024825, "epsilon": 0.9390273133122647, "gamma": 0.04659645477804996, "lamda": 0.5861928511280808}, "datetime": {"datetime": "2021-09-24 18:39:59", "elapsed": 290.991087, "delta": 1.66808}}
{"target": -43.97523841625826, "params": {"C": 52.458171767290544, "epsilon": 0.5472716770809943, "gamma": 0.041294317398542155, "lamda": 0.5901856143673427}, "datetime": {"datetime": "2021-09-24 18:40:01", "elapsed": 292.911538, "delta": 1.920451}}
{"target": -44.02815103213561, "params": {"C": 54.47617109727468, "epsilon": 0.9697255665697337, "gamma": 0.04200228562376977, "lamda": 0.8944786007857457}, "datetime": {"datetime": "2021-09-24 18:40:03", "elapsed": 294.964311, "delta": 2.052773}}
{"target": -44.29029525148024, "params": {"C": 91.62213083355388, "epsilon": 0.876067045867492, "gamma": 0.042398719370035344, "lamda": 0.7085246529209532}, "datetime": {"datetime": "2021-09-24 18:40:05", "elapsed": 296.386322, "delta": 1.422011}}
{"target": -44.04897783036394, "params": {"C": 67.13419685090186, "epsilon": 0.1723632794393172, "gamma": 0.042230514973762553, "lamda": 0.4168964706378758}, "datetime": {"datetime": "2021-09-24 18:40:07", "elapsed": 298.352937, "delta": 1.966615}}
{"target": -44.04344826471149, "params": {"C": 53.79433134539444, "epsilon": 0.8002439076186046, "gamma": 0.038062310126957224, "lamda": 0.813175336660642}, "datetime": {"datetime": "2021-09-24 18:40:09", "elapsed": 300.24173, "delta": 1.888793}}
{"target": -44.33819083867135, "params": {"C": 62.91794850792668, "epsilon": 0.957700973089154, "gamma": 0.058484817666961834, "lamda": 0.7836367387827877}, "datetime": {"datetime": "2021-09-24 18:40:11", "elapsed": 302.18479, "delta": 1.94306}}
{"target": -44.05979392931408, "params": {"C": 79.59645065189078, "epsilon": 0.3078780599375135, "gamma": 0.018750209308679433, "lamda": 0.21427488729028257}, "datetime": {"datetime": "2021-09-24 18:40:12", "elapsed": 303.506876, "delta": 1.322086}}
{"target": -43.98484421057431, "params": {"C": 54.39550809349923, "epsilon": 0.9996642901221472, "gamma": 0.036969328736372715, "lamda": 0.8023118460139627}, "datetime": {"datetime": "2021-09-24 18:40:14", "elapsed": 305.411565, "delta": 1.904689}}
{"target": -43.959334356697966, "params": {"C": 62.95781721871418, "epsilon": 0.9084942636772272, "gamma": 0.031759950068151487, "lamda": 0.7881389478283782}, "datetime": {"datetime": "2021-09-24 18:40:16", "elapsed": 307.237868, "delta": 1.826303}}
{"target": -44.29091518152139, "params": {"C": 62.85104147111143, "epsilon": 0.8579644470798526, "gamma": 0.050008004931937675, "lamda": 0.73768501145966}, "datetime": {"datetime": "2021-09-24 18:40:17", "elapsed": 309.063342, "delta": 1.825474}}
{"target": -45.35972937056604, "params": {"C": 97.56732274954774, "epsilon": 0.6534080995561962, "gamma": 0.07749328344788453, "lamda": 0.5118574620779737}, "datetime": {"datetime": "2021-09-24 18:40:19", "elapsed": 310.386722, "delta": 1.32338}}
{"target": -43.86728909518752, "params": {"C": 52.06542442242896, "epsilon": 0.31406616811791893, "gamma": 0.0273563460191008, "lamda": 0.7597365797517233}, "datetime": {"datetime": "2021-09-24 18:40:21", "elapsed": 312.344842, "delta": 1.95812}}
{"target": -44.04927002776596, "params": {"C": 54.508622920428216, "epsilon": 0.988832123488568, "gamma": 0.042602414389334146, "lamda": 0.8480189721831322}, "datetime": {"datetime": "2021-09-24 18:40:23", "elapsed": 314.517176, "delta": 2.172334}}
{"target": -43.60555097422666, "params": {"C": 52.53368536613138, "epsilon": 0.34884966905798737, "gamma": 0.0097556412122576, "lamda": 0.603400415867017}, "datetime": {"datetime": "2021-09-24 18:40:25", "elapsed": 316.937818, "delta": 2.420642}}
{"target": -44.08136250792366, "params": {"C": 60.712816617955, "epsilon": 0.8345391312157674, "gamma": 0.04687198857196263, "lamda": 0.17214765671064608}, "datetime": {"datetime": "2021-09-24 18:40:27", "elapsed": 318.635236, "delta": 1.697418}}
{"target": -44.17149671925154, "params": {"C": 67.15148417839133, "epsilon": 0.18023494742898397, "gamma": 0.05118444383541515, "lamda": 0.3535826026688369}, "datetime": {"datetime": "2021-09-24 18:40:29", "elapsed": 320.834027, "delta": 2.198791}}
{"target": -44.36517227878222, "params": {"C": 93.91480051510345, "epsilon": 0.24078750884383024, "gamma": 0.03918889760023397, "lamda": 0.6096892110464401}, "datetime": {"datetime": "2021-09-24 18:40:31", "elapsed": 322.263674, "delta": 1.429647}}
{"target": -44.19189243779371, "params": {"C": 53.798266562263244, "epsilon": 0.8606581382103514, "gamma": 0.04871930684182963, "lamda": 0.7970102871867416}, "datetime": {"datetime": "2021-09-24 18:40:32", "elapsed": 324.005841, "delta": 1.742167}}
{"target": -47.81513674625846, "params": {"C": 94.84043965181206, "epsilon": 0.9923181446533124, "gamma": 0.001, "lamda": 0.7833300957746331}, "datetime": {"datetime": "2021-09-24 18:40:35", "elapsed": 326.588722, "delta": 2.582881}}
{"target": -44.41905440591998, "params": {"C": 90.45128219159832, "epsilon": 0.8899031117719604, "gamma": 0.041695251822032375, "lamda": 0.5722252188078115}, "datetime": {"datetime": "2021-09-24 18:40:36", "elapsed": 327.900501, "delta": 1.311779}}
{"target": -45.60251825089138, "params": {"C": 56.48136359546647, "epsilon": 0.12378496206841831, "gamma": 0.11823277873572598, "lamda": 0.25107862729072894}, "datetime": {"datetime": "2021-09-24 18:40:38", "elapsed": 329.400138, "delta": 1.499637}}
{"target": -44.05960153351506, "params": {"C": 52.45255952936529, "epsilon": 0.5082766146207599, "gamma": 0.0038514109394260595, "lamda": 0.590742509749152}, "datetime": {"datetime": "2021-09-24 18:40:40", "elapsed": 331.332674, "delta": 1.932536}}
{"target": -43.84666040968794, "params": {"C": 62.842942453822204, "epsilon": 0.9603654230986534, "gamma": 0.026475729077768618, "lamda": 0.7456114384854107}, "datetime": {"datetime": "2021-09-24 18:40:42", "elapsed": 333.235969, "delta": 1.903295}}
{"target": -45.709101929219955, "params": {"C": 86.64368458442479, "epsilon": 0.17972022639969948, "gamma": 0.09245548557573527, "lamda": 0.8323240944759625}, "datetime": {"datetime": "2021-09-24 18:40:43", "elapsed": 334.51065, "delta": 1.274681}}
{"target": -45.067864802340715, "params": {"C": 50.505200773579354, "epsilon": 0.008833662573175562, "gamma": 0.10386138809878262, "lamda": 0.7915763877926584}, "datetime": {"datetime": "2021-09-24 18:40:44", "elapsed": 335.956449, "delta": 1.445799}}
{"target": -45.37202083704671, "params": {"C": 84.18096668015144, "epsilon": 0.6102276105415059, "gamma": 0.07996803904604641, "lamda": 0.22260337488786927}, "datetime": {"datetime": "2021-09-24 18:40:46", "elapsed": 337.328834, "delta": 1.372385}}
{"target": -45.611051462233625, "params": {"C": 80.52870857024331, "epsilon": 0.591388503142849, "gamma": 0.09627659423307705, "lamda": 0.3703187725666407}, "datetime": {"datetime": "2021-09-24 18:40:47", "elapsed": 338.746214, "delta": 1.41738}}
{"target": -43.90757292936438, "params": {"C": 52.51227918690057, "epsilon": 0.5223847782414586, "gamma": 0.01886098433818749, "lamda": 0.5627042915104159}, "datetime": {"datetime": "2021-09-24 18:40:49", "elapsed": 340.61423, "delta": 1.868016}}
{"target": -43.84196820887433, "params": {"C": 52.55308999832635, "epsilon": 0.4792621390681307, "gamma": 0.015326326548705756, "lamda": 0.6098762706526799}, "datetime": {"datetime": "2021-09-24 18:40:51", "elapsed": 342.485544, "delta": 1.871314}}
{"target": -43.944923105388916, "params": {"C": 79.92610436803007, "epsilon": 0.41979955062888347, "gamma": 0.020468663670697676, "lamda": 0.44533657064397375}, "datetime": {"datetime": "2021-09-24 18:40:52", "elapsed": 344.05471, "delta": 1.569166}}
{"target": -43.69303322573364, "params": {"C": 52.17446234053577, "epsilon": 0.11642207829109195, "gamma": 0.011138793363412367, "lamda": 0.8753266673072221}, "datetime": {"datetime": "2021-09-24 18:40:55", "elapsed": 346.400362, "delta": 2.345652}}
{"target": -43.74342868362833, "params": {"C": 73.69772021210636, "epsilon": 0.476519735249453, "gamma": 0.003989029939059849, "lamda": 0.5576823702394116}, "datetime": {"datetime": "2021-09-24 18:40:56", "elapsed": 347.734156, "delta": 1.333794}}
{"target": -44.989485705677666, "params": {"C": 91.25310584950046, "epsilon": 0.7424445295319246, "gamma": 0.06309208510427168, "lamda": 0.24486995796224367}, "datetime": {"datetime": "2021-09-24 18:40:58", "elapsed": 349.346063, "delta": 1.611907}}
{"target": -45.785655726736806, "params": {"C": 94.25567975339305, "epsilon": 0.23962465001628447, "gamma": 0.08704523703980122, "lamda": 0.09890124798758235}, "datetime": {"datetime": "2021-09-24 18:40:59", "elapsed": 351.010993, "delta": 1.66493}}
{"target": -43.642868974171535, "params": {"C": 58.259406339963675, "epsilon": 0.6806088362926092, "gamma": 0.0062080970516248946, "lamda": 0.8361727175488601}, "datetime": {"datetime": "2021-09-24 18:41:01", "elapsed": 352.261267, "delta": 1.250274}}
{"target": -44.208213153917015, "params": {"C": 61.96436554316222, "epsilon": 0.06501169749953951, "gamma": 0.05616784658480512, "lamda": 0.8119995187858171}, "datetime": {"datetime": "2021-09-24 18:41:03", "elapsed": 354.184524, "delta": 1.923257}}
{"target": -43.62530562285246, "params": {"C": 75.43965588243215, "epsilon": 0.9678481924178135, "gamma": 0.016134961344944222, "lamda": 0.8959006038758507}, "datetime": {"datetime": "2021-09-24 18:41:05", "elapsed": 356.368492, "delta": 2.183968}}
{"target": -43.68312704757703, "params": {"C": 64.88270936007056, "epsilon": 0.7083024954303528, "gamma": 0.015506281587075895, "lamda": 0.8123898854460649}, "datetime": {"datetime": "2021-09-24 18:41:06", "elapsed": 357.963865, "delta": 1.595373}}
{"target": -43.995517315438995, "params": {"C": 89.87746329178303, "epsilon": 0.5466221057730426, "gamma": 0.018224491332742978, "lamda": 0.25961406014061855}, "datetime": {"datetime": "2021-09-24 18:41:08", "elapsed": 359.486915, "delta": 1.52305}}
{"target": -45.86644263124175, "params": {"C": 80.76466989704538, "epsilon": 0.11036762179840132, "gamma": 0.10215555716468218, "lamda": 0.7232935945414838}, "datetime": {"datetime": "2021-09-24 18:41:09", "elapsed": 361.071018, "delta": 1.584103}}
{"target": -43.686132346264344, "params": {"C": 54.44501858765584, "epsilon": 0.988367008686094, "gamma": 0.006377464077522859, "lamda": 0.6913765997719918}, "datetime": {"datetime": "2021-09-24 18:41:12", "elapsed": 363.69611, "delta": 2.625092}}
{"target": -44.67961741064716, "params": {"C": 95.6959387955142, "epsilon": 0.3913019988054627, "gamma": 0.05562805918961218, "lamda": 0.16147026140797774}, "datetime": {"datetime": "2021-09-24 18:41:14", "elapsed": 365.32673, "delta": 1.63062}}
{"target": -44.98309215539724, "params": {"C": 93.29485319039856, "epsilon": 0.7428163971815431, "gamma": 0.06800071440911586, "lamda": 0.4727432447580901}, "datetime": {"datetime": "2021-09-24 18:41:15", "elapsed": 366.899407, "delta": 1.572677}}
{"target": -43.82566102745202, "params": {"C": 71.27652905099862, "epsilon": 0.43817112721600154, "gamma": 0.003553834886363083, "lamda": 0.6021365429774344}, "datetime": {"datetime": "2021-09-24 18:41:17", "elapsed": 368.824636, "delta": 1.925229}}
{"target": -45.573644462369536, "params": {"C": 50.30950628987844, "epsilon": 0.4392281262260988, "gamma": 0.11549969737201965, "lamda": 0.4373612006630369}, "datetime": {"datetime": "2021-09-24 18:41:19", "elapsed": 370.268253, "delta": 1.443617}}
{"target": -45.92621450169472, "params": {"C": 96.40535468042646, "epsilon": 0.2154703827014335, "gamma": 0.09651643875315757, "lamda": 0.5962271042769561}, "datetime": {"datetime": "2021-09-24 18:41:20", "elapsed": 371.857436, "delta": 1.589183}}
{"target": -45.334190916637766, "params": {"C": 56.38424983897235, "epsilon": 0.7366314334313182, "gamma": 0.10371241912557233, "lamda": 0.5076314449276389}, "datetime": {"datetime": "2021-09-24 18:41:22", "elapsed": 373.316603, "delta": 1.459167}}
{"target": -46.22919748165378, "params": {"C": 88.23368492919832, "epsilon": 0.715713049902222, "gamma": 0.10948943741283469, "lamda": 0.02334720637609388}, "datetime": {"datetime": "2021-09-24 18:41:24", "elapsed": 375.398892, "delta": 2.082289}}
{"target": -43.58292467680816, "params": {"C": 96.10848902568304, "epsilon": 0.8188533939516617, "gamma": 0.006249705378485817, "lamda": 0.8073489765860935}, "datetime": {"datetime": "2021-09-24 18:41:25", "elapsed": 376.900562, "delta": 1.50167}}
{"target": -46.29050881653729, "params": {"C": 96.49812583640363, "epsilon": 0.5544339820547971, "gamma": 0.11363857046141941, "lamda": 0.49011626947146597}, "datetime": {"datetime": "2021-09-24 18:41:27", "elapsed": 378.296516, "delta": 1.395954}}
{"target": -43.73983134358015, "params": {"C": 52.51673987392528, "epsilon": 0.6812965379379797, "gamma": 0.014164124465002908, "lamda": 0.628378883636125}, "datetime": {"datetime": "2021-09-24 18:41:29", "elapsed": 381.09794, "delta": 2.801424}}
{"target": -44.44132987234284, "params": {"C": 62.78152824368576, "epsilon": 0.8502282742969514, "gamma": 0.06227829454389009, "lamda": 0.16139859570605372}, "datetime": {"datetime": "2021-09-24 18:41:31", "elapsed": 382.609475, "delta": 1.511535}}
{"target": -44.4518550341623, "params": {"C": 53.8244004457125, "epsilon": 0.8393254526073091, "gamma": 0.0720864768793887, "lamda": 0.8730960568878757}, "datetime": {"datetime": "2021-09-24 18:41:34", "elapsed": 385.389975, "delta": 2.7805}}
{"target": -44.56268378497061, "params": {"C": 51.54803526030676, "epsilon": 0.37582697976318863, "gamma": 0.07110960017678594, "lamda": 0.9009645551571542}, "datetime": {"datetime": "2021-09-24 18:41:35", "elapsed": 386.76469, "delta": 1.374715}}
{"target": -44.34608969637312, "params": {"C": 54.47989247907725, "epsilon": 0.881544433360331, "gamma": 0.06669324829193882, "lamda": 0.8259964190696336}, "datetime": {"datetime": "2021-09-24 18:41:38", "elapsed": 389.315106, "delta": 2.550416}}
{"target": -43.68128711139557, "params": {"C": 52.52905865347815, "epsilon": 0.35194080187626664, "gamma": 0.0118959366348801, "lamda": 0.6684887397019921}, "datetime": {"datetime": "2021-09-24 18:41:40", "elapsed": 391.489966, "delta": 2.17486}}
{"target": -45.55174613849918, "params": {"C": 90.08737880924744, "epsilon": 0.02093186622418456, "gamma": 0.07996286763473634, "lamda": 0.09427421336095662}, "datetime": {"datetime": "2021-09-24 18:41:42", "elapsed": 393.540283, "delta": 2.050317}}
{"target": -43.921569431127345, "params": {"C": 56.63111170703274, "epsilon": 0.2409764544022112, "gamma": 0.0179797530561012, "lamda": 0.5609632867906569}, "datetime": {"datetime": "2021-09-24 18:41:43", "elapsed": 394.996491, "delta": 1.456208}}
{"target": -44.296385513259416, "params": {"C": 52.525629066449945, "epsilon": 0.3438137495516013, "gamma": 0.05881671204332881, "lamda": 0.6300596446511852}, "datetime": {"datetime": "2021-09-24 18:41:46", "elapsed": 397.444086, "delta": 2.447595}}
