{"target": -44.64973654923996, "params": {"C": 342.09178029693817, "epsilon": 0.6073425338846014, "gamma": 0.09651643875315757, "lamda": 1.5154240675391013}, "datetime": {"datetime": "2021-09-24 19:37:18", "elapsed": 304.925524, "delta": 1.388298}}
{"target": -44.64000228241175, "params": {"C": 254.04534964573918, "epsilon": 0.8681839006162754, "gamma": 0.10371241912557233, "lamda": 1.4090986437775443}, "datetime": {"datetime": "2021-09-24 19:37:19", "elapsed": 306.290797, "delta": 1.365273}}
{"target": -45.20716269316283, "params": {"C": 324.1141068442363, "epsilon": 0.8577142391903012, "gamma": 0.10948943741283469, "lamda": 0.8278994375950722}, "datetime": {"datetime": "2021-09-24 19:37:21", "elapsed": 307.702541, "delta": 1.411744}}
{"target": -44.32368335405213, "params": {"C": 341.4386758565027, "epsilon": 0.9093360330088397, "gamma": 0.006249705378485817, "lamda": 1.768795651468459}, "datetime": {"datetime": "2021-09-24 19:37:22", "elapsed": 309.045051, "delta": 1.34251}}
{"target": -44.94536106147811, "params": {"C": 342.295876840088, "epsilon": 0.776993985012411, "gamma": 0.11363857046141941, "lamda": 1.3880783311988791}, "datetime": {"datetime": "2021-09-24 19:37:24", "elapsed": 310.417186, "delta": 1.372135}}
{"target": -43.45153203187233, "params": {"C": 305.12764430152663, "epsilon": 0.6529368178169401, "gamma": 0.03617536872279692, "lamda": 1.0134350872445688}, "datetime": {"datetime": "2021-09-24 19:37:26", "elapsed": 312.5465, "delta": 2.129314}}
{"target": -43.76548039916004, "params": {"C": 268.1193621361087, "epsilon": 0.9250391763248005, "gamma": 0.06227829454389009, "lamda": 0.993577672614526}, "datetime": {"datetime": "2021-09-24 19:37:27", "elapsed": 314.137159, "delta": 1.590659}}
{"target": -43.2267857740272, "params": {"C": 300.91934202609644, "epsilon": 0.8274335722335607, "gamma": 0.03208340086535147, "lamda": 1.2806433948994682}, "datetime": {"datetime": "2021-09-24 19:37:30", "elapsed": 316.555323, "delta": 2.418164}}
{"target": -43.80533212001936, "params": {"C": 243.40567757267488, "epsilon": 0.6876010909725669, "gamma": 0.07110960017678594, "lamda": 1.8811455807466597}, "datetime": {"datetime": "2021-09-24 19:37:31", "elapsed": 317.980953, "delta": 1.42563}}
{"target": -43.21525818006253, "params": {"C": 300.88791178947275, "epsilon": 0.8761249418205578, "gamma": 0.03239350333403075, "lamda": 1.3730389303934554}, "datetime": {"datetime": "2021-09-24 19:37:33", "elapsed": 320.129106, "delta": 2.148153}}
{"target": -43.20498112981395, "params": {"C": 274.86599024350073, "epsilon": 0.7078553103454355, "gamma": 0.01579125345389868, "lamda": 1.01226990611983}, "datetime": {"datetime": "2021-09-24 19:37:35", "elapsed": 322.03297, "delta": 1.903864}}
{"target": -44.94824039070355, "params": {"C": 328.19223338034436, "epsilon": 0.5099759090211133, "gamma": 0.07996286763473634, "lamda": 0.9130203580689549}, "datetime": {"datetime": "2021-09-24 19:37:37", "elapsed": 323.475126, "delta": 1.442156}}
{"target": -43.229987701134775, "params": {"C": 254.58844575547204, "epsilon": 0.6201083355366422, "gamma": 0.0179797530561012, "lamda": 1.4731032544742355}, "datetime": {"datetime": "2021-09-24 19:37:38", "elapsed": 324.94963, "delta": 1.474504}}
{"target": -43.7166277058387, "params": {"C": 338.40838956978934, "epsilon": 0.7014859651301658, "gamma": 0.004909348375386867, "lamda": 1.1750203040836382}, "datetime": {"datetime": "2021-09-24 19:37:40", "elapsed": 326.879314, "delta": 1.929684}}
{"target": -43.52818588526311, "params": {"C": 300.9234564945352, "epsilon": 0.8167588060184667, "gamma": 0.053073526835382204, "lamda": 1.3293006990416436}, "datetime": {"datetime": "2021-09-24 19:37:42", "elapsed": 328.975268, "delta": 2.095954}}
{"target": -45.199350313991296, "params": {"C": 252.16220641873983, "epsilon": 0.721048852287141, "gamma": 0.11328314440560236, "lamda": 1.0669502992869855}, "datetime": {"datetime": "2021-09-24 19:37:44", "elapsed": 330.390389, "delta": 1.415121}}
{"target": -44.132778234060716, "params": {"C": 300.8845240014821, "epsilon": 0.8744956453934218, "gamma": 0.08019341400443958, "lamda": 1.251634068324655}, "datetime": {"datetime": "2021-09-24 19:37:46", "elapsed": 333.109811, "delta": 2.719422}}
{"target": -43.976444403331136, "params": {"C": 337.3688325134656, "epsilon": 0.5829025869566691, "gamma": 0.07041413103302598, "lamda": 1.5646204945936732}, "datetime": {"datetime": "2021-09-24 19:37:48", "elapsed": 334.556714, "delta": 1.446903}}
{"target": -44.42849566425773, "params": {"C": 340.84766047969896, "epsilon": 0.5239053406495551, "gamma": 0.09143489650654331, "lamda": 1.9938479798953128}, "datetime": {"datetime": "2021-09-24 19:37:49", "elapsed": 336.000401, "delta": 1.443687}}
{"target": -43.24946930272418, "params": {"C": 300.9815590860387, "epsilon": 0.7792337220434997, "gamma": 0.017492441941237558, "lamda": 1.2255263409307275}, "datetime": {"datetime": "2021-09-24 19:37:52", "elapsed": 338.587364, "delta": 2.586963}}
{"target": -44.390759059707506, "params": {"C": 279.0394400645689, "epsilon": 0.976144539654429, "gamma": 0.09681330177738692, "lamda": 1.7314883411680804}, "datetime": {"datetime": "2021-09-24 19:37:53", "elapsed": 340.103402, "delta": 1.516038}}
{"target": -43.43147985517862, "params": {"C": 300.7872404070925, "epsilon": 0.8830419937740606, "gamma": 0.04673457177765076, "lamda": 1.253638719760886}, "datetime": {"datetime": "2021-09-24 19:37:55", "elapsed": 341.663004, "delta": 1.559602}}
{"target": -43.463186846173336, "params": {"C": 300.87892623802077, "epsilon": 0.7113707778539801, "gamma": 0.009187712259089046, "lamda": 1.284542620313793}, "datetime": {"datetime": "2021-09-24 19:37:58", "elapsed": 344.301699, "delta": 2.638695}}
{"target": -43.79381598164048, "params": {"C": 245.10478271682086, "epsilon": 0.6497938941618946, "gamma": 0.06493880316147854, "lamda": 1.4762670148224757}, "datetime": {"datetime": "2021-09-24 19:38:00", "elapsed": 346.449158, "delta": 2.147459}}
{"target": -44.150599413061535, "params": {"C": 300.95377766583846, "epsilon": 0.6934170653673497, "gamma": 0.07583214817632547, "lamda": 1.2810373660392316}, "datetime": {"datetime": "2021-09-24 19:38:01", "elapsed": 348.253578, "delta": 1.80442}}
{"target": -43.28624605251223, "params": {"C": 300.7849893136172, "epsilon": 0.9170670304373714, "gamma": 0.03905884653451315, "lamda": 1.5158220121118011}, "datetime": {"datetime": "2021-09-24 19:38:03", "elapsed": 349.795166, "delta": 1.541588}}
{"target": -43.5610806589471, "params": {"C": 248.09461738929187, "epsilon": 0.7706744599356496, "gamma": 0.059457631521826114, "lamda": 1.891843418687691}, "datetime": {"datetime": "2021-09-24 19:38:05", "elapsed": 351.388393, "delta": 1.593227}}
{"target": -43.2687005092771, "params": {"C": 286.99229406156593, "epsilon": 0.6684831066089211, "gamma": 0.03561576069792248, "lamda": 1.6094756261456746}, "datetime": {"datetime": "2021-09-24 19:38:06", "elapsed": 352.874388, "delta": 1.485995}}
{"target": -43.44509409259248, "params": {"C": 300.9446563885222, "epsilon": 0.7270791101588692, "gamma": 0.009179550786506098, "lamda": 1.2122658255951237}, "datetime": {"datetime": "2021-09-24 19:38:08", "elapsed": 354.8435, "delta": 1.969112}}
{"target": -43.22674667317823, "params": {"C": 334.7274822859161, "epsilon": 0.5592497312110669, "gamma": 0.03260178187738156, "lamda": 1.8761506058294217}, "datetime": {"datetime": "2021-09-24 19:38:10", "elapsed": 357.225826, "delta": 2.382326}}
{"target": -43.39428483220204, "params": {"C": 305.8298783662781, "epsilon": 0.6800395717634982, "gamma": 0.03886084347788621, "lamda": 1.2818482622831824}, "datetime": {"datetime": "2021-09-24 19:38:13", "elapsed": 359.723957, "delta": 2.498131}}
{"target": -44.68269353167074, "params": {"C": 316.6603934635598, "epsilon": 0.7768210029888583, "gamma": 0.10732260752019593, "lamda": 1.93852725643498}, "datetime": {"datetime": "2021-09-24 19:38:15", "elapsed": 361.297457, "delta": 1.5735}}
{"target": -43.62985107272029, "params": {"C": 300.8745243982629, "epsilon": 0.7386545369680613, "gamma": 0.056358320848851104, "lamda": 1.233672019249946}, "datetime": {"datetime": "2021-09-24 19:38:17", "elapsed": 363.858744, "delta": 2.561287}}
{"target": -44.25767336040373, "params": {"C": 241.86209462732404, "epsilon": 0.9961538904255935, "gamma": 0.08295824313221258, "lamda": 1.0110748917066312}, "datetime": {"datetime": "2021-09-24 19:38:19", "elapsed": 365.555552, "delta": 1.696808}}
{"target": -43.38026729946503, "params": {"C": 301.0244495506711, "epsilon": 0.7750106431520531, "gamma": 0.011516507949986366, "lamda": 1.182845973134431}, "datetime": {"datetime": "2021-09-24 19:38:22", "elapsed": 368.526034, "delta": 2.970482}}
{"target": -43.33824924841837, "params": {"C": 334.70234482830153, "epsilon": 0.5022995999380633, "gamma": 0.036713902873737894, "lamda": 1.819838816893771}, "datetime": {"datetime": "2021-09-24 19:38:25", "elapsed": 371.589482, "delta": 3.063448}}
{"target": -43.525709044374565, "params": {"C": 247.0524521178308, "epsilon": 0.5414879915022988, "gamma": 0.05187468397718502, "lamda": 1.813096052070954}, "datetime": {"datetime": "2021-09-24 19:38:26", "elapsed": 373.146786, "delta": 1.557304}}
{"target": -43.6229134988873, "params": {"C": 261.1334334678226, "epsilon": 0.8252036287046127, "gamma": 0.06319631756815634, "lamda": 1.9537327266297657}, "datetime": {"datetime": "2021-09-24 19:38:28", "elapsed": 374.770431, "delta": 1.623645}}
{"target": -43.456899222836526, "params": {"C": 300.8575312771001, "epsilon": 0.8972856157142495, "gamma": 0.013442044855307003, "lamda": 1.3368124825371588}, "datetime": {"datetime": "2021-09-24 19:38:30", "elapsed": 377.087186, "delta": 2.316755}}
{"target": -43.57653331315785, "params": {"C": 300.76499679016706, "epsilon": 0.7737135962313137, "gamma": 0.05274731706599121, "lamda": 1.1777207710306856}, "datetime": {"datetime": "2021-09-24 19:38:33", "elapsed": 379.452914, "delta": 2.365728}}
{"target": -43.38799957768974, "params": {"C": 269.6425785399172, "epsilon": 0.5258459327246588, "gamma": 0.011154052793109857, "lamda": 1.700382302406887}, "datetime": {"datetime": "2021-09-24 19:38:35", "elapsed": 381.875843, "delta": 2.422929}}
{"target": -43.225520094822954, "params": {"C": 333.86245794999974, "epsilon": 0.7608432509326648, "gamma": 0.01616939978721767, "lamda": 1.060888931866974}, "datetime": {"datetime": "2021-09-24 19:38:37", "elapsed": 383.396358, "delta": 1.520515}}
{"target": -43.45582235952749, "params": {"C": 300.9089369746498, "epsilon": 0.7991544507158148, "gamma": 0.04855038969428464, "lamda": 1.386171798282872}, "datetime": {"datetime": "2021-09-24 19:38:39", "elapsed": 385.823489, "delta": 2.427131}}
{"target": -43.391195108453424, "params": {"C": 305.80192784469097, "epsilon": 0.7483737334181588, "gamma": 0.04223799510580191, "lamda": 1.3535699584969012}, "datetime": {"datetime": "2021-09-24 19:38:42", "elapsed": 388.439984, "delta": 2.616495}}
{"target": -45.165887908701045, "params": {"C": 305.83265464540307, "epsilon": 0.5076598941807774, "gamma": 0.11802348645644517, "lamda": 1.76301439842659}, "datetime": {"datetime": "2021-09-24 19:38:43", "elapsed": 389.917962, "delta": 1.477978}}
{"target": -43.54776307731699, "params": {"C": 300.81331360272156, "epsilon": 0.8198432298711851, "gamma": 0.05534402639298192, "lamda": 1.3984583804650375}, "datetime": {"datetime": "2021-09-24 19:38:46", "elapsed": 392.894614, "delta": 2.976652}}
{"target": -43.28457561178065, "params": {"C": 300.8854883008022, "epsilon": 0.8502106209731848, "gamma": 0.01862998506148036, "lamda": 1.2921271833424322}, "datetime": {"datetime": "2021-09-24 19:38:49", "elapsed": 396.126499, "delta": 3.231885}}
{"target": -44.44854393433262, "params": {"C": 305.0913826233341, "epsilon": 0.6642368989151304, "gamma": 0.07956034167364821, "lamda": 1.0481315665701003}, "datetime": {"datetime": "2021-09-24 19:38:52", "elapsed": 398.668779, "delta": 2.54228}}
{"target": -48.366508923067066, "params": {"C": 313.34690136959506, "epsilon": 0.9526554193577905, "gamma": 0.001, "lamda": 1.0578663865143334}, "datetime": {"datetime": "2021-09-24 19:38:55", "elapsed": 401.301543, "delta": 2.632764}}
{"target": -43.797204548349264, "params": {"C": 274.3273549355863, "epsilon": 0.8723200694216735, "gamma": 0.07277929024219221, "lamda": 1.9343137585902401}, "datetime": {"datetime": "2021-09-24 19:38:56", "elapsed": 403.012697, "delta": 1.711154}}
{"target": -43.69736106137551, "params": {"C": 284.3807201169915, "epsilon": 0.7828235518094794, "gamma": 0.067286503885339, "lamda": 1.977520673013997}, "datetime": {"datetime": "2021-09-24 19:38:59", "elapsed": 405.386973, "delta": 2.374276}}
{"target": -43.87887875847898, "params": {"C": 346.85007361336494, "epsilon": 0.9920532663115219, "gamma": 0.07649331631865162, "lamda": 1.8235371356139203}, "datetime": {"datetime": "2021-09-24 19:39:00", "elapsed": 406.96909, "delta": 1.582117}}
{"target": -43.477655660490186, "params": {"C": 283.37467563138813, "epsilon": 0.8050542942537142, "gamma": 0.03675903884930932, "lamda": 0.8001378187059802}, "datetime": {"datetime": "2021-09-24 19:39:02", "elapsed": 408.659753, "delta": 1.690663}}
{"target": -44.26940710101528, "params": {"C": 313.42420013074724, "epsilon": 0.9682430558801842, "gamma": 0.08278247504758174, "lamda": 1.0146661592103603}, "datetime": {"datetime": "2021-09-24 19:39:04", "elapsed": 410.858286, "delta": 2.198533}}
{"target": -43.24904798934245, "params": {"C": 250.00361172851848, "epsilon": 0.6622467709834621, "gamma": 0.023628654924214443, "lamda": 0.9051743027287048}, "datetime": {"datetime": "2021-09-24 19:39:06", "elapsed": 412.552392, "delta": 1.694106}}
{"target": -43.72512914096199, "params": {"C": 242.6471821818911, "epsilon": 0.8987685012600752, "gamma": 0.06595383753342579, "lamda": 1.3205778956537397}, "datetime": {"datetime": "2021-09-24 19:39:09", "elapsed": 415.925561, "delta": 3.373169}}
{"target": -43.18064282749463, "params": {"C": 333.22770290799417, "epsilon": 0.546275665063531, "gamma": 0.025721466857384807, "lamda": 1.6852469324969481}, "datetime": {"datetime": "2021-09-24 19:39:11", "elapsed": 417.604693, "delta": 1.679132}}
{"target": -43.18409604455234, "params": {"C": 300.84261830828007, "epsilon": 0.8072372608267919, "gamma": 0.024935735592805763, "lamda": 1.1492243921005363}, "datetime": {"datetime": "2021-09-24 19:39:13", "elapsed": 420.213631, "delta": 2.608938}}
{"target": -43.17966007354663, "params": {"C": 300.95924391527916, "epsilon": 0.8045617654182102, "gamma": 0.024553326295796794, "lamda": 1.1734443867949362}, "datetime": {"datetime": "2021-09-24 19:39:16", "elapsed": 422.757262, "delta": 2.543631}}
{"target": -43.33174956115777, "params": {"C": 307.6735179959526, "epsilon": 0.6320396306016878, "gamma": 0.027495996736859925, "lamda": 0.9707941434287978}, "datetime": {"datetime": "2021-09-24 19:39:18", "elapsed": 424.4424, "delta": 1.685138}}
{"target": -43.33587744271524, "params": {"C": 269.53720768070394, "epsilon": 0.513419463419256, "gamma": 0.012490167475771367, "lamda": 1.700749146237436}, "datetime": {"datetime": "2021-09-24 19:39:20", "elapsed": 426.849426, "delta": 2.407026}}
{"target": -43.27899477730608, "params": {"C": 341.63003909663354, "epsilon": 0.7491240892540415, "gamma": 0.03858812986237643, "lamda": 1.7907986936135893}, "datetime": {"datetime": "2021-09-24 19:39:22", "elapsed": 429.149453, "delta": 2.300027}}
{"target": -48.89648076510699, "params": {"C": 318.29573368633845, "epsilon": 0.8202798868850126, "gamma": 0.001, "lamda": 1.392182910410669}, "datetime": {"datetime": "2021-09-24 19:39:25", "elapsed": 431.341169, "delta": 2.191716}}
{"target": -43.67862030303395, "params": {"C": 305.8769114217241, "epsilon": 0.70241429266588, "gamma": 0.059226946520746795, "lamda": 1.3183502718317}, "datetime": {"datetime": "2021-09-24 19:39:27", "elapsed": 433.440957, "delta": 2.099788}}
{"target": -44.096847343392156, "params": {"C": 274.8905478632611, "epsilon": 0.6836531847037002, "gamma": 0.06695122833585282, "lamda": 1.0066650142952274}, "datetime": {"datetime": "2021-09-24 19:39:29", "elapsed": 435.910761, "delta": 2.469804}}
{"target": -44.29437085020439, "params": {"C": 248.66640231820716, "epsilon": 0.7187525318705886, "gamma": 0.004583354789102686, "lamda": 1.6821300739072629}, "datetime": {"datetime": "2021-09-24 19:39:31", "elapsed": 438.168994, "delta": 2.258233}}
{"target": -43.32373481390511, "params": {"C": 338.35768146257954, "epsilon": 0.6897142561504739, "gamma": 0.03046445505212974, "lamda": 1.0706288417285796}, "datetime": {"datetime": "2021-09-24 19:39:34", "elapsed": 440.569327, "delta": 2.400333}}
{"target": -44.44948505351877, "params": {"C": 283.91609923052596, "epsilon": 0.7728816711789355, "gamma": 0.0862433639982964, "lamda": 1.1202952629305893}, "datetime": {"datetime": "2021-09-24 19:39:35", "elapsed": 442.280958, "delta": 1.711631}}
{"target": -43.21198597554625, "params": {"C": 338.37319843421284, "epsilon": 0.764023054352062, "gamma": 0.02719304617687185, "lamda": 1.1018842844484515}, "datetime": {"datetime": "2021-09-24 19:39:38", "elapsed": 444.684973, "delta": 2.404015}}
{"target": -44.362616298930504, "params": {"C": 335.8471184764866, "epsilon": 0.5499332551246581, "gamma": 0.08672018574218897, "lamda": 1.7708615947248951}, "datetime": {"datetime": "2021-09-24 19:39:40", "elapsed": 446.463219, "delta": 1.778246}}
{"target": -43.8538938829649, "params": {"C": 245.10107389929644, "epsilon": 0.6429426270680154, "gamma": 0.0668578984653579, "lamda": 1.4738772142719956}, "datetime": {"datetime": "2021-09-24 19:39:41", "elapsed": 448.168096, "delta": 1.704877}}
{"target": -43.601325064559425, "params": {"C": 305.80693221025524, "epsilon": 0.6954444918214362, "gamma": 0.05520235366834866, "lamda": 1.3305994066582625}, "datetime": {"datetime": "2021-09-24 19:39:44", "elapsed": 450.812585, "delta": 2.644489}}
{"target": -44.50444668597463, "params": {"C": 293.7888390020566, "epsilon": 0.6951221134796487, "gamma": 0.0765048634905126, "lamda": 0.8662772129673001}, "datetime": {"datetime": "2021-09-24 19:39:46", "elapsed": 452.461136, "delta": 1.648551}}
{"target": -43.82441591158244, "params": {"C": 300.83562364069996, "epsilon": 0.8290626889490906, "gamma": 0.006454610490982238, "lamda": 1.3922914901784518}, "datetime": {"datetime": "2021-09-24 19:39:49", "elapsed": 455.984932, "delta": 3.523796}}
{"target": -43.18626946649437, "params": {"C": 283.6997147799516, "epsilon": 0.7115440000519456, "gamma": 0.02693887130648023, "lamda": 1.5820578442612236}, "datetime": {"datetime": "2021-09-24 19:39:52", "elapsed": 458.61631, "delta": 2.631378}}
{"target": -43.345231625280775, "params": {"C": 334.73456154208304, "epsilon": 0.5000870875234944, "gamma": 0.03802106912903312, "lamda": 1.8919523682202655}, "datetime": {"datetime": "2021-09-24 19:39:54", "elapsed": 461.161075, "delta": 2.544765}}
{"target": -43.42906676309885, "params": {"C": 300.985279687198, "epsilon": 0.7643403338301831, "gamma": 0.04172861747699086, "lamda": 1.1649920741443611}, "datetime": {"datetime": "2021-09-24 19:39:57", "elapsed": 463.687123, "delta": 2.526048}}
{"target": -45.3053179305117, "params": {"C": 308.2979675541853, "epsilon": 0.707489579348523, "gamma": 0.1020987445260593, "lamda": 0.8032680994478446}, "datetime": {"datetime": "2021-09-24 19:39:59", "elapsed": 465.369365, "delta": 1.682242}}
{"target": -44.89508524346715, "params": {"C": 321.9339717019808, "epsilon": 0.7715425650815539, "gamma": 0.1002705119346048, "lamda": 1.0121530888604036}, "datetime": {"datetime": "2021-09-24 19:40:00", "elapsed": 467.093002, "delta": 1.723637}}
{"target": -49.04742999975471, "params": {"C": 242.66937908500498, "epsilon": 0.9019721785783089, "gamma": 0.001, "lamda": 1.3157784129414114}, "datetime": {"datetime": "2021-09-24 19:40:03", "elapsed": 469.570056, "delta": 2.477054}}
{"target": -44.24332643954503, "params": {"C": 258.7213089918829, "epsilon": 0.9112162559819824, "gamma": 0.09119415898391578, "lamda": 1.7529141261809897}, "datetime": {"datetime": "2021-09-24 19:40:04", "elapsed": 471.224497, "delta": 1.654441}}
{"target": -44.87450996154848, "params": {"C": 310.4955450744941, "epsilon": 0.9879727945687904, "gamma": 0.11443943942177401, "lamda": 1.4023306199108725}, "datetime": {"datetime": "2021-09-24 19:40:06", "elapsed": 473.134817, "delta": 1.91032}}
{"target": -43.36749551249686, "params": {"C": 248.53595636254832, "epsilon": 0.6191483508425724, "gamma": 0.014261700938920412, "lamda": 1.6741039623843936}, "datetime": {"datetime": "2021-09-24 19:40:09", "elapsed": 475.410462, "delta": 2.275645}}
{"target": -45.1886200843245, "params": {"C": 349.98636968071753, "epsilon": 0.6409846007961111, "gamma": 0.117146396910608, "lamda": 1.3325690377549888}, "datetime": {"datetime": "2021-09-24 19:40:10", "elapsed": 477.266519, "delta": 1.856057}}
{"target": -43.21273891876609, "params": {"C": 300.61679631458946, "epsilon": 0.8336404993002837, "gamma": 0.027278698650710167, "lamda": 1.5261403261100412}, "datetime": {"datetime": "2021-09-24 19:40:13", "elapsed": 480.027955, "delta": 2.761436}}
{"target": -43.265363093648055, "params": {"C": 269.5570544199968, "epsilon": 0.5339852701792275, "gamma": 0.01622651705608378, "lamda": 1.7338179881654407}, "datetime": {"datetime": "2021-09-24 19:40:16", "elapsed": 482.497165, "delta": 2.46921}}
{"target": -43.272584564019276, "params": {"C": 318.74883482652035, "epsilon": 0.5479899423397947, "gamma": 0.014110076287021954, "lamda": 1.5257751915273552}, "datetime": {"datetime": "2021-09-24 19:40:18", "elapsed": 484.325763, "delta": 1.828598}}
{"target": -44.2196431207199, "params": {"C": 339.67949058035083, "epsilon": 0.6753857294548168, "gamma": 0.07225412634918676, "lamda": 1.0409732560004135}, "datetime": {"datetime": "2021-09-24 19:40:19", "elapsed": 486.177707, "delta": 1.851944}}
