{"target": -43.44197736283735, "params": {"C": 144.84165598404746, "epsilon": 0.9419181411135696, "gamma": 0.011225616688392242, "lamda": 1.0890266203757244}, "datetime": {"datetime": "2021-09-24 19:10:52", "elapsed": 670.855268, "delta": 3.201509}}
{"target": -44.47284773671537, "params": {"C": 106.47773131088438, "epsilon": 0.8538322597671473, "gamma": 0.09192265081868221, "lamda": 1.1882267525999384}, "datetime": {"datetime": "2021-09-24 19:10:56", "elapsed": 674.659862, "delta": 3.804594}}
{"target": -43.344181805843725, "params": {"C": 143.17543696099284, "epsilon": 0.5086199046583199, "gamma": 0.015426509854031146, "lamda": 1.2706012784095764}, "datetime": {"datetime": "2021-09-24 19:11:01", "elapsed": 679.336409, "delta": 4.676547}}
{"target": -43.38780856623252, "params": {"C": 143.14597435341648, "epsilon": 0.8595852068161678, "gamma": 0.013692408087256077, "lamda": 1.2379331250676178}, "datetime": {"datetime": "2021-09-24 19:11:04", "elapsed": 682.559431, "delta": 3.223022}}
{"target": -43.5552399011099, "params": {"C": 112.79750258375923, "epsilon": 0.8960961568203009, "gamma": 0.008258542582846248, "lamda": 1.1161735091775977}, "datetime": {"datetime": "2021-09-24 19:11:07", "elapsed": 685.777783, "delta": 3.218352}}
{"target": -43.7572385369456, "params": {"C": 136.18655713429993, "epsilon": 0.5572080123434405, "gamma": 0.015789638201922807, "lamda": 0.8372336469838311}, "datetime": {"datetime": "2021-09-24 19:11:09", "elapsed": 687.796379, "delta": 2.018596}}
{"target": -43.28880256430545, "params": {"C": 110.66500006997589, "epsilon": 0.8571112014506629, "gamma": 0.02155457227517322, "lamda": 1.4396667686534648}, "datetime": {"datetime": "2021-09-24 19:11:12", "elapsed": 690.92712, "delta": 3.130741}}
{"target": -44.22776723234794, "params": {"C": 143.30522370388485, "epsilon": 0.553176910893032, "gamma": 0.06351540116718894, "lamda": 1.1436606756510432}, "datetime": {"datetime": "2021-09-24 19:11:15", "elapsed": 694.076466, "delta": 3.149346}}
{"target": -43.70532225980069, "params": {"C": 113.81133612832383, "epsilon": 0.68115689429209, "gamma": 0.05411042591410113, "lamda": 1.2959992876541055}, "datetime": {"datetime": "2021-09-24 19:11:17", "elapsed": 695.998265, "delta": 1.921799}}
{"target": -43.36602978337446, "params": {"C": 126.30828266794518, "epsilon": 0.8956055215236954, "gamma": 0.026506600216260588, "lamda": 0.8845093513893855}, "datetime": {"datetime": "2021-09-24 19:11:19", "elapsed": 698.017458, "delta": 2.019193}}
{"target": -43.2791449522178, "params": {"C": 106.42428234107001, "epsilon": 0.866897872129504, "gamma": 0.028596142712760016, "lamda": 1.151832904162363}, "datetime": {"datetime": "2021-09-24 19:11:23", "elapsed": 701.287457, "delta": 3.269999}}
{"target": -44.285283026224455, "params": {"C": 110.63471711456057, "epsilon": 0.8605361084949983, "gamma": 0.004524457535036575, "lamda": 1.3895234521794224}, "datetime": {"datetime": "2021-09-24 19:11:26", "elapsed": 704.559318, "delta": 3.271861}}
{"target": -43.33783669278657, "params": {"C": 107.93272824848663, "epsilon": 0.6518387336266706, "gamma": 0.02270935753070324, "lamda": 1.3489080564567935}, "datetime": {"datetime": "2021-09-24 19:11:30", "elapsed": 708.167405, "delta": 3.608087}}
{"target": -43.253948434887285, "params": {"C": 144.81891183039752, "epsilon": 0.941322432123855, "gamma": 0.019553880588261168, "lamda": 1.1377236187565558}, "datetime": {"datetime": "2021-09-24 19:11:33", "elapsed": 711.468151, "delta": 3.300746}}
{"target": -43.4698930503579, "params": {"C": 110.68353548408822, "epsilon": 0.8316771398709754, "gamma": 0.049481739009723996, "lamda": 1.3633737781747857}, "datetime": {"datetime": "2021-09-24 19:11:36", "elapsed": 714.615867, "delta": 3.147716}}
{"target": -43.968047070015054, "params": {"C": 128.76367943001395, "epsilon": 0.5844223653328469, "gamma": 0.00922477357074444, "lamda": 0.2124173583789482}, "datetime": {"datetime": "2021-09-24 19:11:38", "elapsed": 716.722368, "delta": 2.106501}}
{"target": -43.37334130941738, "params": {"C": 110.51001501286079, "epsilon": 0.8126205325782574, "gamma": 0.01433804601878303, "lamda": 1.3015179529174847}, "datetime": {"datetime": "2021-09-24 19:11:41", "elapsed": 720.151771, "delta": 3.429403}}
{"target": -43.41712501565722, "params": {"C": 143.21964853302794, "epsilon": 0.7663936851608136, "gamma": 0.010460673513059009, "lamda": 1.2007276922945203}, "datetime": {"datetime": "2021-09-24 19:11:47", "elapsed": 725.403488, "delta": 5.251717}}
{"target": -43.21155664241168, "params": {"C": 106.4957643923803, "epsilon": 0.7827948922629802, "gamma": 0.025284955559435135, "lamda": 1.3539665093654762}, "datetime": {"datetime": "2021-09-24 19:11:50", "elapsed": 728.555008, "delta": 3.15152}}
{"target": -43.476669159880046, "params": {"C": 143.25333090928785, "epsilon": 0.8011912616674488, "gamma": 0.00983309924513184, "lamda": 1.235751888085826}, "datetime": {"datetime": "2021-09-24 19:11:53", "elapsed": 731.700989, "delta": 3.145981}}
{"target": -44.370125101329286, "params": {"C": 110.53293271013084, "epsilon": 0.7347321814849157, "gamma": 0.003846582934101054, "lamda": 1.4684986213532891}, "datetime": {"datetime": "2021-09-24 19:11:56", "elapsed": 734.884171, "delta": 3.183182}}
{"target": -43.207835472949846, "params": {"C": 110.41347404822596, "epsilon": 0.731733014950374, "gamma": 0.02763381332078758, "lamda": 1.468542382291887}, "datetime": {"datetime": "2021-09-24 19:12:00", "elapsed": 738.450988, "delta": 3.566817}}
{"target": -45.62560963861473, "params": {"C": 110.17389922151308, "epsilon": 0.19937039843483395, "gamma": 0.08000342814212844, "lamda": 1.3647798897659895}, "datetime": {"datetime": "2021-09-24 19:12:02", "elapsed": 741.112708, "delta": 2.66172}}
{"target": -43.228179458965045, "params": {"C": 143.1131352933337, "epsilon": 0.614785256033021, "gamma": 0.017375494423516227, "lamda": 1.2576118052680936}, "datetime": {"datetime": "2021-09-24 19:12:06", "elapsed": 745.106206, "delta": 3.993498}}
{"target": -43.57951279090829, "params": {"C": 106.50377686169227, "epsilon": 0.8001774304125342, "gamma": 0.05636607134459184, "lamda": 1.4144436899736241}, "datetime": {"datetime": "2021-09-24 19:12:12", "elapsed": 750.230939, "delta": 5.124733}}
{"target": -44.56313515965281, "params": {"C": 106.52369456764178, "epsilon": 0.8052774548877315, "gamma": 0.09864327335988203, "lamda": 1.3362518438935873}, "datetime": {"datetime": "2021-09-24 19:12:16", "elapsed": 754.29301, "delta": 4.062071}}
{"target": -44.104264004810176, "params": {"C": 106.6141547883543, "epsilon": 0.22360507871276453, "gamma": 0.01902946891233102, "lamda": 0.8424020457161899}, "datetime": {"datetime": "2021-09-24 19:12:18", "elapsed": 756.572005, "delta": 2.278995}}
{"target": -44.41654581636717, "params": {"C": 111.74054848027487, "epsilon": 0.39179238187523946, "gamma": 0.03382669536145713, "lamda": 1.0721922622641822}, "datetime": {"datetime": "2021-09-24 19:12:20", "elapsed": 758.787221, "delta": 2.215216}}
{"target": -44.41376845796241, "params": {"C": 137.53011078142094, "epsilon": 0.3611799501628049, "gamma": 0.04477812333610544, "lamda": 1.1898035343526885}, "datetime": {"datetime": "2021-09-24 19:12:22", "elapsed": 761.066538, "delta": 2.279317}}
{"target": -43.29485878745876, "params": {"C": 110.3757446708956, "epsilon": 0.7871105191986609, "gamma": 0.03674447667805908, "lamda": 1.4090733606161105}, "datetime": {"datetime": "2021-09-24 19:12:24", "elapsed": 763.113185, "delta": 2.046647}}
{"target": -43.420286464994135, "params": {"C": 126.52332715461407, "epsilon": 0.8385107996513239, "gamma": 0.04132101817364638, "lamda": 1.1374486606412706}, "datetime": {"datetime": "2021-09-24 19:12:26", "elapsed": 765.069827, "delta": 1.956642}}
{"target": -43.675122404846256, "params": {"C": 143.15201491585174, "epsilon": 0.8468741533005123, "gamma": 0.06103171343101663, "lamda": 1.2071699054835148}, "datetime": {"datetime": "2021-09-24 19:12:30", "elapsed": 769.090974, "delta": 4.021147}}
{"target": -44.25328227314246, "params": {"C": 141.59468142520566, "epsilon": 0.8849292396806332, "gamma": 0.08158872840852886, "lamda": 1.0485636213022096}, "datetime": {"datetime": "2021-09-24 19:12:35", "elapsed": 773.905731, "delta": 4.814757}}
{"target": -43.24998110625945, "params": {"C": 200.5877692832033, "epsilon": 0.8540739113090524, "gamma": 0.03561766393064037, "lamda": 1.4129931262371955}, "datetime": {"datetime": "2021-09-24 19:17:39", "elapsed": 0.0, "delta": 0.0}}
{"target": -43.29330070996712, "params": {"C": 238.22416497824202, "epsilon": 0.948146544466719, "gamma": 0.015944651945196512, "lamda": 1.048691453765824}, "datetime": {"datetime": "2021-09-24 19:17:39", "elapsed": 0.263829, "delta": 0.263829}}
{"target": -43.97160104031309, "params": {"C": 145.6613923630913, "epsilon": 0.7204049218253182, "gamma": 0.004555269094549468, "lamda": 1.3481998692736532}, "datetime": {"datetime": "2021-09-24 19:17:40", "elapsed": 0.607524, "delta": 0.343695}}
{"target": -44.24210303638332, "params": {"C": 211.40584523762368, "epsilon": 0.6392436413239877, "gamma": 0.08147433333563561, "lamda": 1.509035380899621}, "datetime": {"datetime": "2021-09-24 19:17:40", "elapsed": 1.110504, "delta": 0.50298}}
{"target": -43.23300233483032, "params": {"C": 142.6380070614882, "epsilon": 0.7794270439954409, "gamma": 0.03185104118198838, "lamda": 1.2981214364120837}, "datetime": {"datetime": "2021-09-24 19:17:40", "elapsed": 1.32002, "delta": 0.209516}}
{"target": -43.50944374748894, "params": {"C": 174.39988038154297, "epsilon": 0.8409055884266539, "gamma": 0.04325613633013462, "lamda": 0.9178928228283262}, "datetime": {"datetime": "2021-09-24 19:17:41", "elapsed": 1.665304, "delta": 0.345284}}
{"target": -43.28358982476823, "params": {"C": 174.45384150167152, "epsilon": 0.8173227063272224, "gamma": 0.011818451417334837, "lamda": 0.8945536412902366}, "datetime": {"datetime": "2021-09-24 19:17:41", "elapsed": 2.028481, "delta": 0.363177}}
{"target": -44.198840579310044, "params": {"C": 142.56318314405547, "epsilon": 0.6969990859681069, "gamma": 0.07528166267448118, "lamda": 1.159643593068176}, "datetime": {"datetime": "2021-09-24 19:17:41", "elapsed": 2.444767, "delta": 0.416286}}
{"target": -43.47885258770742, "params": {"C": 174.5284894906296, "epsilon": 0.8117879020075451, "gamma": 0.03477676043713655, "lamda": 0.817316794620837}, "datetime": {"datetime": "2021-09-24 19:17:42", "elapsed": 3.097909, "delta": 0.653142}}
{"target": -44.39874354070516, "params": {"C": 241.9121900028286, "epsilon": 0.7326379107033687, "gamma": 0.07724542923429265, "lamda": 0.9346996372897292}, "datetime": {"datetime": "2021-09-24 19:17:42", "elapsed": 3.420054, "delta": 0.322145}}
{"target": -43.192554269807005, "params": {"C": 142.710306538498, "epsilon": 0.8867466505015676, "gamma": 0.02567035230250639, "lamda": 1.31719871856973}, "datetime": {"datetime": "2021-09-24 19:17:43", "elapsed": 3.779175, "delta": 0.359121}}
{"target": -43.50927448932451, "params": {"C": 142.73098499046174, "epsilon": 0.8320855232779449, "gamma": 0.05345121338744852, "lamda": 1.4538927843204434}, "datetime": {"datetime": "2021-09-24 19:17:43", "elapsed": 4.110623, "delta": 0.331448}}
{"target": -43.299041552704395, "params": {"C": 200.4821226164883, "epsilon": 0.8517169462346261, "gamma": 0.017750805523307846, "lamda": 1.2780430283190831}, "datetime": {"datetime": "2021-09-24 19:17:44", "elapsed": 4.729395, "delta": 0.618772}}
{"target": -44.37673038349422, "params": {"C": 192.33430196218345, "epsilon": 0.9467914355102501, "gamma": 0.08492087135178235, "lamda": 0.9614525080995788}, "datetime": {"datetime": "2021-09-24 19:17:44", "elapsed": 5.209671, "delta": 0.480276}}
{"target": -43.25952670568494, "params": {"C": 235.16386214122412, "epsilon": 0.7407227940973402, "gamma": 0.026689675633000814, "lamda": 1.8150414620883601}, "datetime": {"datetime": "2021-09-24 19:17:45", "elapsed": 5.583848, "delta": 0.374177}}
{"target": -44.13670997958543, "params": {"C": 200.63661789144538, "epsilon": 0.6576069566292726, "gamma": 0.074510422095858, "lamda": 1.3023057585533926}, "datetime": {"datetime": "2021-09-24 19:17:45", "elapsed": 5.929139, "delta": 0.345291}}
{"target": -43.209380802408326, "params": {"C": 148.68793672227673, "epsilon": 0.6434932408949836, "gamma": 0.023000525245592204, "lamda": 1.6912560221648438}, "datetime": {"datetime": "2021-09-24 19:17:45", "elapsed": 6.252004, "delta": 0.322865}}
{"target": -44.76279851381644, "params": {"C": 145.99678484855957, "epsilon": 0.9089769691377881, "gamma": 0.10601345792220954, "lamda": 1.1701031915847329}, "datetime": {"datetime": "2021-09-24 19:17:46", "elapsed": 6.624361, "delta": 0.372357}}
{"target": -49.85263165982607, "params": {"C": 200.45343318684732, "epsilon": 1.0, "gamma": 0.001, "lamda": 1.4351777324772768}, "datetime": {"datetime": "2021-09-24 19:17:46", "elapsed": 7.435159, "delta": 0.810798}}
{"target": -43.90624027736538, "params": {"C": 148.70799768102086, "epsilon": 0.5052506165757521, "gamma": 0.004389759293675384, "lamda": 1.7418218432219505}, "datetime": {"datetime": "2021-09-24 19:17:47", "elapsed": 7.783052, "delta": 0.347893}}
{"target": -44.43566586818401, "params": {"C": 174.5796658263061, "epsilon": 0.8650336662966268, "gamma": 0.07984698938570475, "lamda": 0.8116730272517247}, "datetime": {"datetime": "2021-09-24 19:17:47", "elapsed": 8.170737, "delta": 0.387685}}
{"target": -47.47251134501349, "params": {"C": 147.66541624896686, "epsilon": 0.9879270946458447, "gamma": 0.0024506516350865813, "lamda": 1.9444498928399605}, "datetime": {"datetime": "2021-09-24 19:17:48", "elapsed": 8.600817, "delta": 0.43008}}
{"target": -44.97364934534498, "params": {"C": 142.55665791528975, "epsilon": 0.877951370460857, "gamma": 0.1172767624895937, "lamda": 1.40027536276743}, "datetime": {"datetime": "2021-09-24 19:17:48", "elapsed": 9.036814, "delta": 0.435997}}
{"target": -44.33432687235772, "params": {"C": 222.63776948740912, "epsilon": 0.9228116489950913, "gamma": 0.09339459019775401, "lamda": 1.4842842812517358}, "datetime": {"datetime": "2021-09-24 19:17:48", "elapsed": 9.372708, "delta": 0.335894}}
{"target": -44.207560923649986, "params": {"C": 174.34891275479885, "epsilon": 0.5710197904593725, "gamma": 0.08141345924270108, "lamda": 1.7668057699591695}, "datetime": {"datetime": "2021-09-24 19:17:49", "elapsed": 10.349302, "delta": 0.976594}}
{"target": -44.829428129277495, "params": {"C": 200.50164362685402, "epsilon": 0.7536633209235222, "gamma": 0.10686609007183387, "lamda": 1.3148755793969449}, "datetime": {"datetime": "2021-09-24 19:17:50", "elapsed": 10.7713, "delta": 0.421998}}
{"target": -43.21066882795223, "params": {"C": 200.61095224841608, "epsilon": 0.8508705684687885, "gamma": 0.031674259016504135, "lamda": 1.2990947662284795}, "datetime": {"datetime": "2021-09-24 19:17:50", "elapsed": 11.407395, "delta": 0.636095}}
{"target": -43.40977970298269, "params": {"C": 162.81380241291902, "epsilon": 0.9124856970586996, "gamma": 0.026855167890559535, "lamda": 1.9037750660905264}, "datetime": {"datetime": "2021-09-24 19:17:51", "elapsed": 11.835219, "delta": 0.427824}}
{"target": -44.889560316486225, "params": {"C": 142.79914363158494, "epsilon": 0.7107500883616533, "gamma": 0.11000922932770005, "lamda": 1.371537244026403}, "datetime": {"datetime": "2021-09-24 19:17:51", "elapsed": 12.145025, "delta": 0.309806}}
{"target": -43.67179516321886, "params": {"C": 148.7357038053455, "epsilon": 0.6787661404234255, "gamma": 0.06438178379733446, "lamda": 1.7951371189430536}, "datetime": {"datetime": "2021-09-24 19:17:52", "elapsed": 12.598611, "delta": 0.453586}}
{"target": -44.09373775005058, "params": {"C": 148.81138655128632, "epsilon": 0.6197205296846806, "gamma": 0.07742454236443055, "lamda": 1.6552119108029477}, "datetime": {"datetime": "2021-09-24 19:17:52", "elapsed": 13.095073, "delta": 0.496462}}
{"target": -43.31977560030218, "params": {"C": 200.60172131321585, "epsilon": 0.8503375155731998, "gamma": 0.03928445154904592, "lamda": 1.3255624643668344}, "datetime": {"datetime": "2021-09-24 19:17:52", "elapsed": 13.405716, "delta": 0.310643}}
{"target": -44.9009857737715, "params": {"C": 200.7210137551587, "epsilon": 0.8967591653547105, "gamma": 0.11506718294700234, "lamda": 1.4747181343537559}, "datetime": {"datetime": "2021-09-24 19:17:53", "elapsed": 13.77149, "delta": 0.365774}}
{"target": -43.32527682612429, "params": {"C": 200.61235847200098, "epsilon": 0.847702368586462, "gamma": 0.04068792164532265, "lamda": 1.404503006611681}, "datetime": {"datetime": "2021-09-24 19:17:53", "elapsed": 14.188969, "delta": 0.417479}}
{"target": -43.23082310150071, "params": {"C": 169.60051532716113, "epsilon": 0.516525829340904, "gamma": 0.017672598558287192, "lamda": 1.7311975897944285}, "datetime": {"datetime": "2021-09-24 19:17:54", "elapsed": 14.529821, "delta": 0.340852}}
{"target": -43.80595576967334, "params": {"C": 200.4635543072581, "epsilon": 0.868838553278432, "gamma": 0.06454081999690214, "lamda": 1.0820717036717973}, "datetime": {"datetime": "2021-09-24 19:17:54", "elapsed": 15.016066, "delta": 0.486245}}
{"target": -43.46786875023043, "params": {"C": 193.6470320664979, "epsilon": 0.7777998345115912, "gamma": 0.03895884071903981, "lamda": 0.921264337040671}, "datetime": {"datetime": "2021-09-24 19:17:55", "elapsed": 15.479875, "delta": 0.463809}}
{"target": -43.5746439906782, "params": {"C": 148.57523968776226, "epsilon": 0.7410207518573929, "gamma": 0.05929225998636974, "lamda": 1.7170612098598625}, "datetime": {"datetime": "2021-09-24 19:17:55", "elapsed": 15.959832, "delta": 0.479957}}
{"target": -43.182046344619316, "params": {"C": 169.56807999067323, "epsilon": 0.5993803946284595, "gamma": 0.025898808246340138, "lamda": 1.574049045286165}, "datetime": {"datetime": "2021-09-24 19:17:55", "elapsed": 16.412011, "delta": 0.452179}}
{"target": -43.70361037159485, "params": {"C": 169.7330886938758, "epsilon": 0.5159001167879133, "gamma": 0.058080486844388934, "lamda": 1.6041436252405772}, "datetime": {"datetime": "2021-09-24 19:17:56", "elapsed": 16.872415, "delta": 0.460404}}
{"target": -45.02783357926802, "params": {"C": 169.53892698351675, "epsilon": 0.5315485983241228, "gamma": 0.10836390147949718, "lamda": 1.4683990078727898}, "datetime": {"datetime": "2021-09-24 19:17:56", "elapsed": 17.274232, "delta": 0.401817}}
{"target": -43.18628212623798, "params": {"C": 200.49772386270897, "epsilon": 0.8428014203368042, "gamma": 0.026722762849874154, "lamda": 1.282184534533903}, "datetime": {"datetime": "2021-09-24 19:17:57", "elapsed": 17.61734, "delta": 0.343108}}
{"target": -43.861125055233295, "params": {"C": 167.87607465517394, "epsilon": 0.9652791086044262, "gamma": 0.07570957744760543, "lamda": 1.6602435231144006}, "datetime": {"datetime": "2021-09-24 19:17:57", "elapsed": 18.004037, "delta": 0.386697}}
{"target": -43.525796250443435, "params": {"C": 169.56374017434806, "epsilon": 0.6861863203018228, "gamma": 0.05459882963341153, "lamda": 1.7149568935822055}, "datetime": {"datetime": "2021-09-24 19:17:58", "elapsed": 18.499894, "delta": 0.495857}}
{"target": -43.79337803759108, "params": {"C": 235.06558352086086, "epsilon": 0.6225082675884933, "gamma": 0.06789233066568752, "lamda": 1.7682675489810982}, "datetime": {"datetime": "2021-09-24 19:17:58", "elapsed": 18.903324, "delta": 0.40343}}
{"target": -43.35638041195706, "params": {"C": 169.68739068902755, "epsilon": 0.7415356411528651, "gamma": 0.042163505419765414, "lamda": 1.54138129515003}, "datetime": {"datetime": "2021-09-24 19:17:58", "elapsed": 19.393155, "delta": 0.489831}}
{"target": -49.971552459270434, "params": {"C": 235.1110107343868, "epsilon": 0.8617411625738353, "gamma": 0.001, "lamda": 1.7052783835248475}, "datetime": {"datetime": "2021-09-24 19:17:59", "elapsed": 19.839242, "delta": 0.446087}}
{"target": -43.865825001610695, "params": {"C": 235.28781307590873, "epsilon": 0.6515240002453254, "gamma": 0.07195816041499997, "lamda": 1.8213836380257904}, "datetime": {"datetime": "2021-09-24 19:18:00", "elapsed": 20.46126, "delta": 0.622018}}
{"target": -44.349578373104215, "params": {"C": 238.26843362165553, "epsilon": 0.79211687197993, "gamma": 0.08181683958937117, "lamda": 1.0679399426936211}, "datetime": {"datetime": "2021-09-24 19:18:00", "elapsed": 20.888592, "delta": 0.427332}}
{"target": -44.4362938600437, "params": {"C": 235.17959128156707, "epsilon": 0.5982400533670973, "gamma": 0.09493871933247715, "lamda": 1.9756639227555308}, "datetime": {"datetime": "2021-09-24 19:18:00", "elapsed": 21.364904, "delta": 0.476312}}
{"target": -43.38231521186548, "params": {"C": 203.36804789030737, "epsilon": 0.7827128562024099, "gamma": 0.03321920186966606, "lamda": 0.9159988382880565}, "datetime": {"datetime": "2021-09-24 19:18:01", "elapsed": 21.765667, "delta": 0.400763}}
{"target": -46.86590372171055, "params": {"C": 169.75345980148626, "epsilon": 0.5759306144728902, "gamma": 0.0015227426963913132, "lamda": 1.7789631755342619}, "datetime": {"datetime": "2021-09-24 19:18:02", "elapsed": 22.573607, "delta": 0.80794}}
{"target": -43.51413286944582, "params": {"C": 222.51770881831402, "epsilon": 0.7576757318558753, "gamma": 0.04559012725712613, "lamda": 1.0928381303315478}, "datetime": {"datetime": "2021-09-24 19:18:02", "elapsed": 22.981668, "delta": 0.408061}}
{"target": -49.0248735563291, "params": {"C": 169.5311381881717, "epsilon": 0.7488388669089725, "gamma": 0.001, "lamda": 1.5692108999922492}, "datetime": {"datetime": "2021-09-24 19:18:03", "elapsed": 23.560808, "delta": 0.57914}}
{"target": -43.49258860385428, "params": {"C": 169.56625998381716, "epsilon": 0.508381495304799, "gamma": 0.045734216392178895, "lamda": 1.6630561985946377}, "datetime": {"datetime": "2021-09-24 19:18:03", "elapsed": 24.136955, "delta": 0.576147}}
{"target": -43.203911351624185, "params": {"C": 169.7645156662408, "epsilon": 0.6567504977460776, "gamma": 0.021676584165655755, "lamda": 1.5532082405407945}, "datetime": {"datetime": "2021-09-24 19:18:04", "elapsed": 24.651911, "delta": 0.514956}}
