{"target": -43.9749257449025, "params": {"C": 561.8415598364029, "epsilon": 0.7807755864034189, "gamma": 0.06783191819588642, "lamda": 1.0547023133406375}, "datetime": {"datetime": "2021-09-24 20:01:12", "elapsed": 570.097229, "delta": 2.797491}}
{"target": -43.298402324245565, "params": {"C": 495.57345819287434, "epsilon": 0.6736451370527603, "gamma": 0.014450271966706677, "lamda": 1.363873023483701}, "datetime": {"datetime": "2021-09-24 20:01:15", "elapsed": 572.917254, "delta": 2.820025}}
{"target": -44.75442820035414, "params": {"C": 405.7168741580356, "epsilon": 0.5301298016245475, "gamma": 0.0730216079055536, "lamda": 0.846316934863808}, "datetime": {"datetime": "2021-09-24 20:01:17", "elapsed": 575.210308, "delta": 2.293054}}
{"target": -43.32351488457261, "params": {"C": 444.84427714350227, "epsilon": 0.798362756947944, "gamma": 0.04227753910499248, "lamda": 1.9168013252525646}, "datetime": {"datetime": "2021-09-24 20:01:21", "elapsed": 579.284702, "delta": 4.074394}}
{"target": -43.686160838982616, "params": {"C": 572.1450820507723, "epsilon": 0.8707733670754263, "gamma": 0.058716968157103866, "lamda": 1.0348975322246157}, "datetime": {"datetime": "2021-09-24 20:01:26", "elapsed": 583.548325, "delta": 4.263623}}
{"target": -43.29966368822652, "params": {"C": 513.2154898986817, "epsilon": 0.9293048067107527, "gamma": 0.012317098620905298, "lamda": 0.8804417302965547}, "datetime": {"datetime": "2021-09-24 20:01:28", "elapsed": 586.348257, "delta": 2.799932}}
{"target": -44.62348965637864, "params": {"C": 398.66987682140103, "epsilon": 0.9711714259228872, "gamma": 0.10013754221786678, "lamda": 1.0988525695107936}, "datetime": {"datetime": "2021-09-24 20:01:31", "elapsed": 588.525119, "delta": 2.176862}}
{"target": -44.90051798148139, "params": {"C": 464.1725254103598, "epsilon": 0.8319697524037097, "gamma": 0.11551592172440196, "lamda": 1.6799877489462824}, "datetime": {"datetime": "2021-09-24 20:01:33", "elapsed": 590.877886, "delta": 2.352767}}
{"target": -43.27089870830073, "params": {"C": 442.2304225747961, "epsilon": 0.7026331163482679, "gamma": 0.031313252644807464, "lamda": 1.2469791756096635}, "datetime": {"datetime": "2021-09-24 20:01:38", "elapsed": 595.826884, "delta": 4.948998}}
{"target": -43.252354788011715, "params": {"C": 590.5190801421647, "epsilon": 0.716207804991568, "gamma": 0.03328861101611967, "lamda": 1.4096113113373736}, "datetime": {"datetime": "2021-09-24 20:01:40", "elapsed": 597.760976, "delta": 1.934092}}
{"target": -43.885502871527784, "params": {"C": 430.3490705851925, "epsilon": 0.5760510786204189, "gamma": 0.06858120695909314, "lamda": 1.6815065876532311}, "datetime": {"datetime": "2021-09-24 20:01:42", "elapsed": 600.380751, "delta": 2.619775}}
{"target": -43.470393684704035, "params": {"C": 417.3806306663272, "epsilon": 0.8448407202956055, "gamma": 0.018019457550707836, "lamda": 1.772347975721196}, "datetime": {"datetime": "2021-09-24 20:01:45", "elapsed": 603.085822, "delta": 2.705071}}
{"target": -43.45198858686699, "params": {"C": 560.3522902456148, "epsilon": 0.5870254407749649, "gamma": 0.04620753519416986, "lamda": 1.637638855118806}, "datetime": {"datetime": "2021-09-24 20:01:49", "elapsed": 606.505981, "delta": 3.420159}}
{"target": -43.42497933548451, "params": {"C": 374.5418346057842, "epsilon": 0.5592821566498453, "gamma": 0.040007481428055956, "lamda": 1.4635554047577313}, "datetime": {"datetime": "2021-09-24 20:01:53", "elapsed": 611.107743, "delta": 4.601762}}
{"target": -43.26113568186416, "params": {"C": 550.3021620762586, "epsilon": 0.9078531468998127, "gamma": 0.036957109152993384, "lamda": 1.5581937364280647}, "datetime": {"datetime": "2021-09-24 20:01:58", "elapsed": 615.587645, "delta": 4.479902}}
{"target": -43.18714862462704, "params": {"C": 363.70429598469383, "epsilon": 0.6597271383521135, "gamma": 0.01446574332254335, "lamda": 0.8980206438265849}, "datetime": {"datetime": "2021-09-24 20:02:01", "elapsed": 619.272551, "delta": 3.684906}}
{"target": -43.3362277863303, "params": {"C": 443.4798643501357, "epsilon": 0.6669647076131098, "gamma": 0.03965769145011167, "lamda": 1.6044185676803555}, "datetime": {"datetime": "2021-09-24 20:02:04", "elapsed": 622.042475, "delta": 2.769924}}
{"target": -47.70448755820442, "params": {"C": 374.50018884694805, "epsilon": 0.5723062284489676, "gamma": 0.001, "lamda": 1.4829213187139862}, "datetime": {"datetime": "2021-09-24 20:02:07", "elapsed": 625.035185, "delta": 2.99271}}
{"target": -43.37328481903658, "params": {"C": 528.1700970983597, "epsilon": 0.7783823885602805, "gamma": 0.015789638201922807, "lamda": 1.4697515676915778}, "datetime": {"datetime": "2021-09-24 20:02:09", "elapsed": 627.188582, "delta": 2.153397}}
{"target": -43.50641435305184, "params": {"C": 442.2632149828502, "epsilon": 0.6532599889332731, "gamma": 0.047132404537775084, "lamda": 1.343601661491837}, "datetime": {"datetime": "2021-09-24 20:02:14", "elapsed": 631.785088, "delta": 4.596506}}
{"target": -43.534933771779436, "params": {"C": 550.2933426470677, "epsilon": 0.9701513139930908, "gamma": 0.01466787098373783, "lamda": 1.5120541513243375}, "datetime": {"datetime": "2021-09-24 20:02:17", "elapsed": 635.125825, "delta": 3.340737}}
{"target": -43.476179490361076, "params": {"C": 411.8189478672839, "epsilon": 0.8404188660120571, "gamma": 0.05411042591410113, "lamda": 1.8367885493599083}, "datetime": {"datetime": "2021-09-24 20:02:19", "elapsed": 637.259322, "delta": 2.133497}}
{"target": -43.29181882816767, "params": {"C": 476.8030698733149, "epsilon": 0.9477505112731208, "gamma": 0.026506600216260588, "lamda": 1.5075746527550253}, "datetime": {"datetime": "2021-09-24 20:02:22", "elapsed": 639.682907, "delta": 2.423585}}
{"target": -43.42565973803587, "params": {"C": 360.4573393562014, "epsilon": 0.5605709873811979, "gamma": 0.010504947685557195, "lamda": 1.6531051962362593}, "datetime": {"datetime": "2021-09-24 20:02:25", "elapsed": 642.660537, "delta": 2.97763}}
{"target": -43.40277808113575, "params": {"C": 444.84247255059347, "epsilon": 0.7829222696345324, "gamma": 0.023194565041164957, "lamda": 1.9928588411791008}, "datetime": {"datetime": "2021-09-24 20:02:30", "elapsed": 648.057714, "delta": 5.397177}}
{"target": -43.446447108873464, "params": {"C": 550.2425709294805, "epsilon": 0.906523529035677, "gamma": 0.016504365496924193, "lamda": 1.5010782775185776}, "datetime": {"datetime": "2021-09-24 20:02:34", "elapsed": 652.266015, "delta": 4.208301}}
{"target": -43.4417557755204, "params": {"C": 547.4065432113398, "epsilon": 0.7450340696788176, "gamma": 0.00883172382590203, "lamda": 1.1428617484144505}, "datetime": {"datetime": "2021-09-24 20:02:38", "elapsed": 655.928574, "delta": 3.662559}}
{"target": -43.266278398813355, "params": {"C": 374.47929466840515, "epsilon": 0.6306979350247502, "gamma": 0.03194595112355162, "lamda": 1.4345694960135231}, "datetime": {"datetime": "2021-09-24 20:02:41", "elapsed": 659.263215, "delta": 3.334641}}
{"target": -43.37754737018558, "params": {"C": 489.5711330360726, "epsilon": 0.7920031858522757, "gamma": 0.00922477357074444, "lamda": 0.969865211050562}, "datetime": {"datetime": "2021-09-24 20:02:44", "elapsed": 661.59746, "delta": 2.334245}}
{"target": -43.36970260621703, "params": {"C": 371.70473518278243, "epsilon": 0.8474296363637689, "gamma": 0.01613810836486104, "lamda": 1.3679014204803748}, "datetime": {"datetime": "2021-09-24 20:02:47", "elapsed": 665.193584, "delta": 3.596124}}
{"target": -43.50299295309887, "params": {"C": 513.1831524470176, "epsilon": 0.8283942886068684, "gamma": 0.006622067926891374, "lamda": 0.9404238852246594}, "datetime": {"datetime": "2021-09-24 20:02:51", "elapsed": 669.158221, "delta": 3.964637}}
{"target": -43.218690118056074, "params": {"C": 363.64024062235535, "epsilon": 0.6760627227893385, "gamma": 0.014150450846324172, "lamda": 0.982882514328943}, "datetime": {"datetime": "2021-09-24 20:02:54", "elapsed": 672.404971, "delta": 3.24675}}
{"target": -44.25331190237222, "params": {"C": 511.62123760741486, "epsilon": 0.9841654939581274, "gamma": 0.006562222196019957, "lamda": 1.6378650983277905}, "datetime": {"datetime": "2021-09-24 20:02:57", "elapsed": 674.968069, "delta": 2.563098}}
{"target": -43.70883936514733, "params": {"C": 572.4765466123422, "epsilon": 0.7394469550003218, "gamma": 0.0584398038665785, "lamda": 1.160925830343986}, "datetime": {"datetime": "2021-09-24 20:03:00", "elapsed": 677.748526, "delta": 2.780457}}
{"target": -43.30667290887318, "params": {"C": 550.2480895102914, "epsilon": 0.8945593797199967, "gamma": 0.04063647339788409, "lamda": 1.5566017645698147}, "datetime": {"datetime": "2021-09-24 20:03:04", "elapsed": 682.316335, "delta": 4.567809}}
{"target": -44.098209167867736, "params": {"C": 392.904275951868, "epsilon": 0.5992844837011181, "gamma": 0.08000342814212844, "lamda": 1.8918166995927643}, "datetime": {"datetime": "2021-09-24 20:03:07", "elapsed": 684.820888, "delta": 2.504553}}
{"target": -43.56234712925866, "params": {"C": 443.45330308705786, "epsilon": 0.7423221022756945, "gamma": 0.009815021081671222, "lamda": 1.5538465608401233}, "datetime": {"datetime": "2021-09-24 20:03:11", "elapsed": 688.472844, "delta": 3.651956}}
{"target": -43.39124480779875, "params": {"C": 550.2212318467257, "epsilon": 0.9563346101044123, "gamma": 0.02181461472478587, "lamda": 1.5595776471989917}, "datetime": {"datetime": "2021-09-24 20:03:15", "elapsed": 692.737683, "delta": 4.264839}}
{"target": -44.38993820760181, "params": {"C": 398.9444674950163, "epsilon": 0.7194391147646453, "gamma": 0.09538127457800616, "lamda": 1.8858783860332444}, "datetime": {"datetime": "2021-09-24 20:03:19", "elapsed": 697.0397, "delta": 4.302017}}
{"target": -43.207485116944845, "params": {"C": 374.3936048994423, "epsilon": 0.611413953309692, "gamma": 0.01902946891233102, "lamda": 1.473886562343775}, "datetime": {"datetime": "2021-09-24 20:03:23", "elapsed": 701.035611, "delta": 3.995911}}
{"target": -43.229417442815, "params": {"C": 401.05085209742924, "epsilon": 0.6955917827203401, "gamma": 0.03382669536145713, "lamda": 1.6577309918774707}, "datetime": {"datetime": "2021-09-24 20:03:26", "elapsed": 703.6455, "delta": 2.609889}}
{"target": -43.38526184200501, "params": {"C": 535.156576063389, "epsilon": 0.6802702453267292, "gamma": 0.04477812333610544, "lamda": 1.7518262825676554}, "datetime": {"datetime": "2021-09-24 20:03:28", "elapsed": 706.057361, "delta": 2.411861}}
{"target": -43.79204376448056, "params": {"C": 444.8556965484469, "epsilon": 0.7903409134804034, "gamma": 0.07230302078564435, "lamda": 1.961284211701001}, "datetime": {"datetime": "2021-09-24 20:03:32", "elapsed": 709.600639, "delta": 3.543278}}
{"target": -43.36494768254515, "params": {"C": 493.8850345861748, "epsilon": 0.6677102709516651, "gamma": 0.009192535578816021, "lamda": 1.1086993431918661}, "datetime": {"datetime": "2021-09-24 20:03:37", "elapsed": 714.609834, "delta": 5.009195}}
{"target": -44.00691208022694, "params": {"C": 495.59883766514264, "epsilon": 0.7239358785743644, "gamma": 0.07310210210268378, "lamda": 1.3640238793560773}, "datetime": {"datetime": "2021-09-24 20:03:40", "elapsed": 718.386824, "delta": 3.77699}}
{"target": -43.26964016415682, "params": {"C": 513.0954649179711, "epsilon": 0.8796958819014431, "gamma": 0.01431696642466097, "lamda": 0.9577759191293372}, "datetime": {"datetime": "2021-09-24 20:03:44", "elapsed": 722.358342, "delta": 3.971518}}
