{"target": -45.950998007215695, "params": {"C": 81.73627469237744, "epsilon": 0.40055752988755094, "gamma": 0.11428685689462705, "lamda": 0.6277054821365246}, "datetime": {"datetime": "2021-09-24 18:45:27", "elapsed": 619.017423, "delta": 1.98781}}
{"target": -45.68347820890813, "params": {"C": 84.9509151479209, "epsilon": 0.3562115082463736, "gamma": 0.09711148712214084, "lamda": 0.9290980209960688}, "datetime": {"datetime": "2021-09-24 18:45:30", "elapsed": 621.333902, "delta": 2.316479}}
{"target": -49.11871828813632, "params": {"C": 52.32165731525965, "epsilon": 0.5862179405389275, "gamma": 0.001, "lamda": 0.7632331081761085}, "datetime": {"datetime": "2021-09-24 18:45:34", "elapsed": 625.933949, "delta": 4.600047}}
{"target": -44.934096698811686, "params": {"C": 98.02666884391536, "epsilon": 0.7201971129563375, "gamma": 0.058014665134326605, "lamda": 0.23926187210536146}, "datetime": {"datetime": "2021-09-24 18:45:36", "elapsed": 627.98444, "delta": 2.050491}}
{"target": -44.49387985277696, "params": {"C": 76.73042185843323, "epsilon": 0.4853110476223774, "gamma": 0.05517457674023505, "lamda": 0.6675677058585776}, "datetime": {"datetime": "2021-09-24 18:45:38", "elapsed": 629.966069, "delta": 1.981629}}
{"target": -43.822147849467754, "params": {"C": 52.5076421950209, "epsilon": 0.3589596160152407, "gamma": 0.014854864395626326, "lamda": 0.5629254150908517}, "datetime": {"datetime": "2021-09-24 18:45:42", "elapsed": 633.212394, "delta": 3.246325}}
{"target": -43.970857914295195, "params": {"C": 61.92055275213653, "epsilon": 0.060658820687588544, "gamma": 0.021809211024300147, "lamda": 0.8708653952825729}, "datetime": {"datetime": "2021-09-24 18:45:45", "elapsed": 636.315505, "delta": 3.103111}}
{"target": -43.95664221240485, "params": {"C": 54.251778441322514, "epsilon": 0.6963820727450428, "gamma": 0.03336486071136266, "lamda": 0.9303534477047315}, "datetime": {"datetime": "2021-09-24 18:45:47", "elapsed": 638.553288, "delta": 2.237783}}
{"target": -47.08320696176177, "params": {"C": 52.56794495283037, "epsilon": 0.39940504295155865, "gamma": 0.0014977434010550533, "lamda": 0.7048267101716563}, "datetime": {"datetime": "2021-09-24 18:45:50", "elapsed": 641.830232, "delta": 3.276944}}
{"target": -44.91582762517824, "params": {"C": 95.34707716436615, "epsilon": 0.032318044071721654, "gamma": 0.0659439807880768, "lamda": 0.6927927588733648}, "datetime": {"datetime": "2021-09-24 18:45:52", "elapsed": 643.936566, "delta": 2.106334}}
{"target": -44.341447691427554, "params": {"C": 94.48966090423305, "epsilon": 0.6585227196480251, "gamma": 0.032581035950371096, "lamda": 0.6170138738536387}, "datetime": {"datetime": "2021-09-24 18:45:55", "elapsed": 646.202575, "delta": 2.266009}}
{"target": -44.003741884975064, "params": {"C": 77.77226272840355, "epsilon": 0.407860094427773, "gamma": 0.024821146104339845, "lamda": 0.6193304284544187}, "datetime": {"datetime": "2021-09-24 18:45:57", "elapsed": 648.175546, "delta": 1.972971}}
{"target": -43.83493656332839, "params": {"C": 56.37413187667707, "epsilon": 0.7292755194767427, "gamma": 0.004430835761793265, "lamda": 0.33775976123714163}, "datetime": {"datetime": "2021-09-24 18:45:59", "elapsed": 650.544244, "delta": 2.368698}}
{"target": -44.57245385149102, "params": {"C": 62.63786041500685, "epsilon": 0.061199343645845866, "gamma": 0.0730216079055536, "lamda": 0.03869358597526794}, "datetime": {"datetime": "2021-09-24 18:46:01", "elapsed": 652.771844, "delta": 2.2276}}
{"target": -43.80102226255777, "params": {"C": 62.88862665622918, "epsilon": 0.8231244497223691, "gamma": 0.02099725325027637, "lamda": 0.7459169183882468}, "datetime": {"datetime": "2021-09-24 18:46:05", "elapsed": 656.565205, "delta": 3.793361}}
{"target": -43.57049513235227, "params": {"C": 62.875091522860295, "epsilon": 0.9289855799053358, "gamma": 0.010432576518968058, "lamda": 0.8748786689249275}, "datetime": {"datetime": "2021-09-24 18:46:10", "elapsed": 661.783137, "delta": 5.217932}}
{"target": -44.106514782150654, "params": {"C": 54.2737398056555, "epsilon": 0.7760999314025101, "gamma": 0.04264148405420771, "lamda": 0.9551189151340516}, "datetime": {"datetime": "2021-09-24 18:46:13", "elapsed": 665.068596, "delta": 3.285459}}
{"target": -45.49743522208025, "params": {"C": 61.2826686195002, "epsilon": 0.9424005089939286, "gamma": 0.10013754221786678, "lamda": 0.24911890354486882}, "datetime": {"datetime": "2021-09-24 18:46:16", "elapsed": 667.249174, "delta": 2.180578}}
{"target": -45.97860755740197, "params": {"C": 73.87933180968457, "epsilon": 0.6642755653026122, "gamma": 0.11551592172440196, "lamda": 0.7333497918094898}, "datetime": {"datetime": "2021-09-24 18:46:18", "elapsed": 669.342949, "delta": 2.093775}}
{"target": -44.20693171369531, "params": {"C": 52.62972750025997, "epsilon": 0.5575651305550015, "gamma": 0.05625640220955892, "lamda": 0.6308564805471939}, "datetime": {"datetime": "2021-09-24 18:46:22", "elapsed": 673.879241, "delta": 4.536292}}
{"target": -44.30732290519083, "params": {"C": 98.17674618118552, "epsilon": 0.43298319437315286, "gamma": 0.03328861101611967, "lamda": 0.5080586251718664}, "datetime": {"datetime": "2021-09-24 18:46:24", "elapsed": 675.935449, "delta": 2.056208}}
{"target": -44.69040987432114, "params": {"C": 67.37482126638318, "epsilon": 0.1529500550835969, "gamma": 0.06858120695909314, "lamda": 0.7346153641620546}, "datetime": {"datetime": "2021-09-24 18:46:27", "elapsed": 678.523439, "delta": 2.58799}}
{"target": -44.040369218413815, "params": {"C": 62.90376239667694, "epsilon": 0.90566604588728, "gamma": 0.03371319141604501, "lamda": 0.7464711324536275}, "datetime": {"datetime": "2021-09-24 18:46:31", "elapsed": 682.781327, "delta": 4.257888}}
{"target": -44.05890396162643, "params": {"C": 52.4326753529094, "epsilon": 0.3889064544884008, "gamma": 0.047291587682019895, "lamda": 0.5932505235636906}, "datetime": {"datetime": "2021-09-24 18:46:36", "elapsed": 687.50838, "delta": 4.727053}}
{"target": -43.90476449056823, "params": {"C": 52.584034500394864, "epsilon": 0.5334737329698059, "gamma": 0.035502045561455704, "lamda": 0.5891389673333715}, "datetime": {"datetime": "2021-09-24 18:46:41", "elapsed": 692.338878, "delta": 4.830498}}
{"target": -43.911621299841734, "params": {"C": 52.08141161295943, "epsilon": 0.23442690966109692, "gamma": 0.024207925998296912, "lamda": 0.7734369663193406}, "datetime": {"datetime": "2021-09-24 18:46:46", "elapsed": 697.756432, "delta": 5.417554}}
{"target": -43.91552893326489, "params": {"C": 52.6699328659741, "epsilon": 0.5189583262434642, "gamma": 0.03631786763359341, "lamda": 0.6542580483432365}, "datetime": {"datetime": "2021-09-24 18:46:51", "elapsed": 702.249512, "delta": 4.49308}}
{"target": -47.569263295368344, "params": {"C": 52.6007271454656, "epsilon": 0.5348876611768185, "gamma": 0.0013426845892737932, "lamda": 0.5821367050129546}, "datetime": {"datetime": "2021-09-24 18:46:55", "elapsed": 706.613918, "delta": 4.364406}}
{"target": -44.27405036193436, "params": {"C": 62.85604681161851, "epsilon": 0.9622063879002226, "gamma": 0.053751239027408214, "lamda": 0.8173509068185404}, "datetime": {"datetime": "2021-09-24 18:46:59", "elapsed": 710.462617, "delta": 3.848699}}
{"target": -43.91813568492272, "params": {"C": 86.18655713429993, "epsilon": 0.5572080123434405, "gamma": 0.015789638201922807, "lamda": 0.5581704937790071}, "datetime": {"datetime": "2021-09-24 18:47:02", "elapsed": 713.208011, "delta": 2.745394}}
{"target": -43.68546812018057, "params": {"C": 52.56281773588111, "epsilon": 0.7249018255318934, "gamma": 0.012944659823907564, "lamda": 0.588547205579586}, "datetime": {"datetime": "2021-09-24 18:47:07", "elapsed": 718.781612, "delta": 5.573601}}
{"target": -43.92674890709654, "params": {"C": 62.92060302489477, "epsilon": 0.9588775828093516, "gamma": 0.029355793727678846, "lamda": 0.7296034019623696}, "datetime": {"datetime": "2021-09-24 18:47:11", "elapsed": 722.818808, "delta": 4.037196}}
{"target": -44.34469513361759, "params": {"C": 63.81133612832383, "epsilon": 0.68115689429209, "gamma": 0.05411042591410113, "lamda": 0.8640040587541437}, "datetime": {"datetime": "2021-09-24 18:47:14", "elapsed": 725.331678, "delta": 2.51287}}
{"target": -44.01874785312174, "params": {"C": 76.30828266794518, "epsilon": 0.8956055215236954, "gamma": 0.026506600216260588, "lamda": 0.5896865794081249}, "datetime": {"datetime": "2021-09-24 18:47:16", "elapsed": 727.879571, "delta": 2.547893}}
{"target": -43.79864970734059, "params": {"C": 52.43259194385337, "epsilon": 0.453169454368354, "gamma": 0.014252272084257545, "lamda": 0.6656045849356798}, "datetime": {"datetime": "2021-09-24 18:47:20", "elapsed": 731.377155, "delta": 3.497584}}
{"target": -43.86870063018644, "params": {"C": 52.38063801196908, "epsilon": 0.5660864840579669, "gamma": 0.02417474665616085, "lamda": 0.6881626353368191}, "datetime": {"datetime": "2021-09-24 18:47:25", "elapsed": 737.058101, "delta": 5.680946}}
{"target": -44.390381302377506, "params": {"C": 58.282315744337424, "epsilon": 0.6670575964785824, "gamma": 0.0032090298665736388, "lamda": 0.7924621800010205}, "datetime": {"datetime": "2021-09-24 18:47:30", "elapsed": 741.44552, "delta": 4.387419}}
{"target": -43.83819464402313, "params": {"C": 52.513920215505834, "epsilon": 0.7149931976012943, "gamma": 0.029229751271096813, "lamda": 0.5450961713234586}, "datetime": {"datetime": "2021-09-24 18:47:33", "elapsed": 744.981806, "delta": 3.536286}}
{"target": -44.305368626905114, "params": {"C": 52.57821602311207, "epsilon": 0.48038138578801415, "gamma": 0.058283487316897566, "lamda": 0.6362469344740591}, "datetime": {"datetime": "2021-09-24 18:47:37", "elapsed": 748.172898, "delta": 3.191092}}
{"target": -43.69507995904553, "params": {"C": 78.76367943001395, "epsilon": 0.5844223653328469, "gamma": 0.00922477357074444, "lamda": 0.14164018710788073}, "datetime": {"datetime": "2021-09-24 18:47:39", "elapsed": 750.648865, "delta": 2.475967}}
{"target": -43.97911402794109, "params": {"C": 54.45010559089157, "epsilon": 0.9911709462478201, "gamma": 0.03463263439390981, "lamda": 0.7261118593537813}, "datetime": {"datetime": "2021-09-24 18:47:43", "elapsed": 754.160071, "delta": 3.511206}}
{"target": -43.619699614156495, "params": {"C": 54.27807255114553, "epsilon": 0.9294216678335221, "gamma": 0.01924820611911843, "lamda": 0.974070026984819}, "datetime": {"datetime": "2021-09-24 18:47:48", "elapsed": 759.876805, "delta": 5.716734}}
{"target": -43.818264402708, "params": {"C": 62.107583886265296, "epsilon": 0.4139710734278285, "gamma": 0.012890969906915267, "lamda": 0.3429069258704173}, "datetime": {"datetime": "2021-09-24 18:47:53", "elapsed": 764.206404, "delta": 4.329599}}
{"target": -43.57712651602217, "params": {"C": 83.0040841552721, "epsilon": 0.9683626569283384, "gamma": 0.006562222196019957, "lamda": 0.6982510931816314}, "datetime": {"datetime": "2021-09-24 18:47:55", "elapsed": 766.477645, "delta": 2.271241}}
{"target": -44.09967977576947, "params": {"C": 96.12106198319137, "epsilon": 0.7902475004333612, "gamma": 0.03386300192565395, "lamda": 0.8086405363987522}, "datetime": {"datetime": "2021-09-24 18:47:58", "elapsed": 769.496244, "delta": 3.018599}}
{"target": -44.30504429680515, "params": {"C": 54.2836064771808, "epsilon": 0.9510537287276404, "gamma": 0.06674108781844144, "lamda": 0.9927967496427965}, "datetime": {"datetime": "2021-09-24 18:48:03", "elapsed": 774.218929, "delta": 4.722685}}
{"target": -44.98587342251192, "params": {"C": 60.173899221513075, "epsilon": 0.19937039843483395, "gamma": 0.08000342814212844, "lamda": 0.909856264935671}, "datetime": {"datetime": "2021-09-24 18:48:05", "elapsed": 776.430411, "delta": 2.211482}}
{"target": -43.81989236586321, "params": {"C": 52.5444217541425, "epsilon": 0.7239700203169867, "gamma": 0.004975610997640724, "lamda": 0.6367311708776606}, "datetime": {"datetime": "2021-09-24 18:48:09", "elapsed": 780.198084, "delta": 3.767673}}
{"target": -43.98105731170398, "params": {"C": 52.468344162760474, "epsilon": 0.6881116800899587, "gamma": 0.04337971631744424, "lamda": 0.5711454240494418}, "datetime": {"datetime": "2021-09-24 18:48:13", "elapsed": 784.878969, "delta": 4.680885}}
{"target": -43.56477760658534, "params": {"C": 62.90864672194234, "epsilon": 0.9938941898386932, "gamma": 0.010646641629496287, "lamda": 0.80230773189706}, "datetime": {"datetime": "2021-09-24 18:48:17", "elapsed": 788.781427, "delta": 3.902458}}
{"target": -43.78131496986653, "params": {"C": 53.72497270717663, "epsilon": 0.8527302942727535, "gamma": 0.024623599334289693, "lamda": 0.9213005014542844}, "datetime": {"datetime": "2021-09-24 18:48:21", "elapsed": 792.985071, "delta": 4.203644}}
{"target": -43.98081750677453, "params": {"C": 61.74054848027486, "epsilon": 0.39179238187523946, "gamma": 0.03382669536145713, "lamda": 0.7148043489819026}, "datetime": {"datetime": "2021-09-24 18:48:24", "elapsed": 795.342459, "delta": 2.357388}}
{"target": -44.41136566372514, "params": {"C": 87.53011078142096, "epsilon": 0.3611799501628049, "gamma": 0.04477812333610544, "lamda": 0.7932092499494988}, "datetime": {"datetime": "2021-09-24 18:48:26", "elapsed": 797.767036, "delta": 2.424577}}
{"target": -43.75582135519925, "params": {"C": 62.88044565248615, "epsilon": 0.9599518648346411, "gamma": 0.02315518212886968, "lamda": 0.8361544159769592}, "datetime": {"datetime": "2021-09-24 18:48:30", "elapsed": 801.944627, "delta": 4.177591}}
{"target": -44.420859515188134, "params": {"C": 62.854994655694895, "epsilon": 0.9730270123966505, "gamma": 0.06438294953475439, "lamda": 0.7518418555101768}, "datetime": {"datetime": "2021-09-24 18:48:36", "elapsed": 808.097066, "delta": 6.152439}}
{"target": -44.21501750328553, "params": {"C": 93.23549800713087, "epsilon": 0.029715639930173184, "gamma": 0.03479000168253903, "lamda": 0.23260131820392096}, "datetime": {"datetime": "2021-09-24 18:48:39", "elapsed": 810.650206, "delta": 2.55314}}
{"target": -43.78826121680201, "params": {"C": 54.275600755828755, "epsilon": 0.7212577766918273, "gamma": 0.02304341620215085, "lamda": 0.904166565564904}, "datetime": {"datetime": "2021-09-24 18:48:43", "elapsed": 814.296777, "delta": 3.646571}}
{"target": -44.06652056897193, "params": {"C": 127.53989512872877, "epsilon": 0.7084396747954868, "gamma": 0.03561766393064037, "lamda": 0.7662903250359747}, "datetime": {"datetime": "2021-09-24 18:59:41", "elapsed": 0.0, "delta": 0.0}}
{"target": -44.03071329936756, "params": {"C": 144.64734771738273, "epsilon": 0.8963967958445046, "gamma": 0.015944651945196512, "lamda": 0.3109435929194663}, "datetime": {"datetime": "2021-09-24 18:59:42", "elapsed": 0.400768, "delta": 0.400768}}
{"target": -43.530642236017506, "params": {"C": 102.57336016504149, "epsilon": 0.44136903380698583, "gamma": 0.004555269094549468, "lamda": 0.6853041532696271}, "datetime": {"datetime": "2021-09-24 18:59:42", "elapsed": 0.666395, "delta": 0.265627}}
{"target": -46.05591607270357, "params": {"C": 132.45720238073804, "epsilon": 0.27920879536532733, "gamma": 0.08147433333563561, "lamda": 0.8863351398427846}, "datetime": {"datetime": "2021-09-24 18:59:42", "elapsed": 0.913832, "delta": 0.247437}}
{"target": -44.39063286869353, "params": {"C": 101.19909411885827, "epsilon": 0.5592952339028912, "gamma": 0.03185104118198838, "lamda": 0.6227102853954034}, "datetime": {"datetime": "2021-09-24 18:59:43", "elapsed": 1.257979, "delta": 0.344147}}
{"target": -44.538575838376126, "params": {"C": 103.64554147954905, "epsilon": 0.17915609050695666, "gamma": 0.04288305921897718, "lamda": 0.8404565844897895}, "datetime": {"datetime": "2021-09-24 18:59:43", "elapsed": 1.67985, "delta": 0.421871}}
{"target": -44.01636874488803, "params": {"C": 149.45999017009635, "epsilon": 0.5787680451686003, "gamma": 0.07030358659370893, "lamda": 1.4320174425584673}, "datetime": {"datetime": "2021-09-24 18:59:43", "elapsed": 2.002197, "delta": 0.322347}}
{"target": -43.25973108658923, "params": {"C": 106.4697061498659, "epsilon": 0.8719578406851687, "gamma": 0.026170865816713865, "lamda": 1.144132993344069}, "datetime": {"datetime": "2021-09-24 18:59:44", "elapsed": 2.509022, "delta": 0.506825}}
{"target": -43.552213344180984, "params": {"C": 149.44069946241024, "epsilon": 0.5693284782152603, "gamma": 0.0458185306525666, "lamda": 1.3916857602679114}, "datetime": {"datetime": "2021-09-24 18:59:44", "elapsed": 2.913997, "delta": 0.404975}}
{"target": -46.075854390777245, "params": {"C": 146.32372272855847, "epsilon": 0.4658105455853305, "gamma": 0.07724542923429265, "lamda": 0.16846332164238717}, "datetime": {"datetime": "2021-09-24 18:59:45", "elapsed": 3.335842, "delta": 0.421845}}
{"target": -44.417445205331994, "params": {"C": 106.55697413724076, "epsilon": 0.865842183344346, "gamma": 0.09211038997807708, "lamda": 1.2546243512659998}, "datetime": {"datetime": "2021-09-24 18:59:45", "elapsed": 3.765525, "delta": 0.429683}}
{"target": -44.75642241981849, "params": {"C": 106.52853176314514, "epsilon": 0.9247497779189914, "gamma": 0.10367795470560405, "lamda": 1.0588187350066594}, "datetime": {"datetime": "2021-09-24 18:59:45", "elapsed": 4.051735, "delta": 0.28621}}
{"target": -43.977401899062485, "params": {"C": 106.41907530130067, "epsilon": 0.8107052680615642, "gamma": 0.07105422240294873, "lamda": 1.2150064204956306}, "datetime": {"datetime": "2021-09-24 18:59:46", "elapsed": 4.446959, "delta": 0.395224}}
{"target": -43.90287897544954, "params": {"C": 106.44889842342184, "epsilon": 0.9092912807476288, "gamma": 0.06943802844780544, "lamda": 1.1441507553585157}, "datetime": {"datetime": "2021-09-24 18:59:46", "elapsed": 4.806337, "delta": 0.359378}}
{"target": -43.615550121308004, "params": {"C": 143.2563009732837, "epsilon": 0.48196414260648573, "gamma": 0.026689675633000814, "lamda": 1.268817240821943}, "datetime": {"datetime": "2021-09-24 18:59:46", "elapsed": 5.071958, "delta": 0.265621}}
{"target": -43.31913496964203, "params": {"C": 106.46728730215162, "epsilon": 0.8767374671508197, "gamma": 0.016733169968326238, "lamda": 1.1591302753880486}, "datetime": {"datetime": "2021-09-24 18:59:47", "elapsed": 5.384491, "delta": 0.312533}}
{"target": -44.14564374272977, "params": {"C": 103.94906214648942, "epsilon": 0.28769949530817723, "gamma": 0.023000525245592204, "lamda": 1.1140957563708742}, "datetime": {"datetime": "2021-09-24 18:59:47", "elapsed": 5.669244, "delta": 0.284753}}
{"target": -46.28018003674797, "params": {"C": 102.7258112947998, "epsilon": 0.8181359843373007, "gamma": 0.10601345792220954, "lamda": 0.4626981475482841}, "datetime": {"datetime": "2021-09-24 18:59:47", "elapsed": 6.090598, "delta": 0.421354}}
{"target": -47.76772925248835, "params": {"C": 106.41632193652796, "epsilon": 0.7706335784347429, "gamma": 0.001, "lamda": 1.060935298062489}, "datetime": {"datetime": "2021-09-24 18:59:48", "elapsed": 6.553953, "delta": 0.463355}}
{"target": -44.61846425741494, "params": {"C": 102.55841631057649, "epsilon": 0.47934051423646223, "gamma": 0.04890478687708857, "lamda": 0.7716048190395957}, "datetime": {"datetime": "2021-09-24 18:59:48", "elapsed": 6.897731, "delta": 0.343778}}
{"target": -43.6222596803388, "params": {"C": 143.19760202342155, "epsilon": 0.42691754863893994, "gamma": 0.018302575646825876, "lamda": 1.2241546602361941}, "datetime": {"datetime": "2021-09-24 18:59:49", "elapsed": 7.210192, "delta": 0.312461}}
{"target": -46.290587783524515, "params": {"C": 103.48428011316676, "epsilon": 0.9758783351023976, "gamma": 0.0024506516350865813, "lamda": 1.430566995225547}, "datetime": {"datetime": "2021-09-24 18:59:49", "elapsed": 7.595474, "delta": 0.385282}}
{"target": -45.218044487530896, "params": {"C": 143.25816565018357, "epsilon": 0.4692674826755393, "gamma": 0.09072750424626866, "lamda": 1.1512510538734013}, "datetime": {"datetime": "2021-09-24 18:59:49", "elapsed": 7.943937, "delta": 0.348463}}
{"target": -44.795797856952994, "params": {"C": 137.56262249427687, "epsilon": 0.8457776746921924, "gamma": 0.09339459019775401, "lamda": 0.8553983278745655}, "datetime": {"datetime": "2021-09-24 18:59:50", "elapsed": 8.261238, "delta": 0.317301}}
{"target": -44.47266752946163, "params": {"C": 149.3338272429517, "epsilon": 0.640985315220989, "gamma": 0.08945957002292919, "lamda": 1.4020484464866856}, "datetime": {"datetime": "2021-09-24 18:59:50", "elapsed": 8.573739, "delta": 0.312501}}
{"target": -45.17860565386511, "params": {"C": 143.2723229672218, "epsilon": 0.35050650126806054, "gamma": 0.07402853045353641, "lamda": 1.2560851266358835}, "datetime": {"datetime": "2021-09-24 18:59:50", "elapsed": 8.917488, "delta": 0.343749}}
{"target": -46.05185735230809, "params": {"C": 102.58744515157062, "epsilon": 0.4056722110164404, "gamma": 0.001, "lamda": 0.6059855478506321}, "datetime": {"datetime": "2021-09-24 18:59:51", "elapsed": 9.334597, "delta": 0.417109}}
{"target": -43.191196991959764, "params": {"C": 110.36991018769045, "epsilon": 0.8251464227232818, "gamma": 0.026855167890559535, "lamda": 1.3797268513576504}, "datetime": {"datetime": "2021-09-24 18:59:51", "elapsed": 9.678299, "delta": 0.343702}}
{"target": -43.76545163687866, "params": {"C": 143.26338930549713, "epsilon": 0.5084914651439274, "gamma": 0.04700680626128699, "lamda": 1.3341630327993277}, "datetime": {"datetime": "2021-09-24 18:59:51", "elapsed": 10.053001, "delta": 0.374702}}
{"target": -43.65127437633207, "params": {"C": 110.35010086900253, "epsilon": 0.773554122693337, "gamma": 0.007358132022066095, "lamda": 1.392147214102349}, "datetime": {"datetime": "2021-09-24 18:59:52", "elapsed": 10.439229, "delta": 0.386228}}
{"target": -43.551012263048506, "params": {"C": 110.40680814943599, "epsilon": 0.7851747770145592, "gamma": 0.05509100435073543, "lamda": 1.4456446762240627}, "datetime": {"datetime": "2021-09-24 18:59:52", "elapsed": 10.892354, "delta": 0.453125}}
