{"target": -43.515871944960715, "params": {"C": 320.8384800539202, "epsilon": 0.8735643489693015, "gamma": 0.04238307417724559, "lamda": 0.8486130870612598}, "datetime": {"datetime": "2021-09-24 19:32:48", "elapsed": 34.850132, "delta": 0.452638}}
{"target": -43.44183581384891, "params": {"C": 300.85991001877034, "epsilon": 0.7970195307024173, "gamma": 0.010416132443440296, "lamda": 1.2104086200178592}, "datetime": {"datetime": "2021-09-24 19:32:49", "elapsed": 35.339481, "delta": 0.489349}}
{"target": -43.5526160616879, "params": {"C": 300.71171902076253, "epsilon": 0.8672656702875876, "gamma": 0.057087314397950624, "lamda": 1.4468293964089525}, "datetime": {"datetime": "2021-09-24 19:32:49", "elapsed": 36.062651, "delta": 0.72317}}
{"target": -43.239148481536716, "params": {"C": 274.37472485405317, "epsilon": 0.7716934396053552, "gamma": 0.02383751972304776, "lamda": 0.8143736704130655}, "datetime": {"datetime": "2021-09-24 19:32:50", "elapsed": 36.733467, "delta": 0.670816}}
{"target": -43.35314734060248, "params": {"C": 294.28826155669014, "epsilon": 0.6047502782707463, "gamma": 0.0374375477694723, "lamda": 1.5199364178105568}, "datetime": {"datetime": "2021-09-24 19:32:50", "elapsed": 37.238979, "delta": 0.505512}}
{"target": -45.739284649035554, "params": {"C": 248.418015868723, "epsilon": 0.583539070261861, "gamma": 0.002155336439247294, "lamda": 1.7794160813586177}, "datetime": {"datetime": "2021-09-24 19:32:51", "elapsed": 37.715061, "delta": 0.476082}}
{"target": -43.64751864122716, "params": {"C": 268.3660989962924, "epsilon": 0.9699875652034646, "gamma": 0.012531979782060856, "lamda": 1.6280750435537272}, "datetime": {"datetime": "2021-09-24 19:32:51", "elapsed": 38.164273, "delta": 0.449212}}
{"target": -44.0863627891619, "params": {"C": 242.76685909021026, "epsilon": 0.8562065523633462, "gamma": 0.07944344973014465, "lamda": 1.3375182066743383}, "datetime": {"datetime": "2021-09-24 19:32:52", "elapsed": 38.68775, "delta": 0.523477}}
{"target": -44.87648369731637, "params": {"C": 301.1389648143302, "epsilon": 0.5331376661719688, "gamma": 0.07884841670994716, "lamda": 0.8792851174769506}, "datetime": {"datetime": "2021-09-24 19:32:52", "elapsed": 39.152305, "delta": 0.464555}}
{"target": -44.296183941888316, "params": {"C": 274.4669757420831, "epsilon": 0.7346161708237939, "gamma": 0.06939767396216269, "lamda": 0.8183178181329519}, "datetime": {"datetime": "2021-09-24 19:32:53", "elapsed": 39.708443, "delta": 0.556138}}
{"target": -43.382399707671944, "params": {"C": 300.7636635976969, "epsilon": 0.8496474772632057, "gamma": 0.014969083669482214, "lamda": 1.3230604435195645}, "datetime": {"datetime": "2021-09-24 19:32:53", "elapsed": 40.269419, "delta": 0.560976}}
{"target": -43.23066365907834, "params": {"C": 248.38524379166662, "epsilon": 0.6040655677481289, "gamma": 0.03228818089490427, "lamda": 1.693969541877889}, "datetime": {"datetime": "2021-09-24 19:32:54", "elapsed": 40.920321, "delta": 0.650902}}
{"target": -44.72901987359691, "params": {"C": 246.56903257378673, "epsilon": 0.6905725721612079, "gamma": 0.10843538564964808, "lamda": 1.9971051641705118}, "datetime": {"datetime": "2021-09-24 19:32:55", "elapsed": 41.432801, "delta": 0.51248}}
{"target": -43.676862071144626, "params": {"C": 320.8333027013481, "epsilon": 0.8731987032362769, "gamma": 0.052952562407875145, "lamda": 0.8538432390755701}, "datetime": {"datetime": "2021-09-24 19:32:55", "elapsed": 41.902828, "delta": 0.470027}}
{"target": -44.66341720627443, "params": {"C": 333.4558038452289, "epsilon": 0.6847621303512987, "gamma": 0.08364018061249118, "lamda": 0.9262297009376086}, "datetime": {"datetime": "2021-09-24 19:32:56", "elapsed": 42.369399, "delta": 0.466571}}
{"target": -44.49377121803663, "params": {"C": 333.39047895429286, "epsilon": 0.6282218876599974, "gamma": 0.09410342444233027, "lamda": 1.6621245981480937}, "datetime": {"datetime": "2021-09-24 19:32:56", "elapsed": 42.893401, "delta": 0.524002}}
{"target": -48.28776321903592, "params": {"C": 242.6703890716314, "epsilon": 0.7815598770513661, "gamma": 0.0010938896306471717, "lamda": 1.3753263282675636}, "datetime": {"datetime": "2021-09-24 19:32:57", "elapsed": 43.563857, "delta": 0.670456}}
{"target": -44.513188503902974, "params": {"C": 342.77328722781164, "epsilon": 0.5417514918480776, "gamma": 0.0788447789036657, "lamda": 1.1676443840885948}, "datetime": {"datetime": "2021-09-24 19:32:57", "elapsed": 44.052442, "delta": 0.488585}}
{"target": -44.112476747139965, "params": {"C": 300.65321930312666, "epsilon": 0.8171648755852584, "gamma": 0.08180615230243286, "lamda": 1.48571539896989}, "datetime": {"datetime": "2021-09-24 19:32:58", "elapsed": 44.790635, "delta": 0.738193}}
{"target": -43.28485567819398, "params": {"C": 313.32790287349553, "epsilon": 0.9524046521243765, "gamma": 0.015380227222554908, "lamda": 0.9964989228933626}, "datetime": {"datetime": "2021-09-24 19:32:59", "elapsed": 45.307776, "delta": 0.517141}}
{"target": -43.27716554759136, "params": {"C": 300.8263497043308, "epsilon": 0.8647887389813564, "gamma": 0.03725872380212065, "lamda": 1.345121314034383}, "datetime": {"datetime": "2021-09-24 19:32:59", "elapsed": 46.002985, "delta": 0.695209}}
{"target": -44.294229464640395, "params": {"C": 300.8173645509942, "epsilon": 0.9282255284015126, "gamma": 0.08933055939166105, "lamda": 1.3096644714284993}, "datetime": {"datetime": "2021-09-24 19:33:00", "elapsed": 46.571487, "delta": 0.568502}}
{"target": -43.90623917174848, "params": {"C": 285.2621855763091, "epsilon": 0.9040478325432924, "gamma": 0.06791633471980082, "lamda": 1.0257541824151377}, "datetime": {"datetime": "2021-09-24 19:33:00", "elapsed": 47.068082, "delta": 0.496595}}
{"target": -43.711449383722076, "params": {"C": 313.28970996119494, "epsilon": 0.9325082640997461, "gamma": 0.05969100387520645, "lamda": 0.9684217448690202}, "datetime": {"datetime": "2021-09-24 19:33:01", "elapsed": 47.634847, "delta": 0.566765}}
{"target": -43.4510612045289, "params": {"C": 326.27356967122824, "epsilon": 0.5977621797635637, "gamma": 0.03016565527738887, "lamda": 0.8334907469062522}, "datetime": {"datetime": "2021-09-24 19:33:02", "elapsed": 48.318618, "delta": 0.683771}}
{"target": -44.71200636887289, "params": {"C": 339.38390396702425, "epsilon": 0.8890497265425994, "gamma": 0.10569851764040465, "lamda": 1.2991697770186645}, "datetime": {"datetime": "2021-09-24 19:33:02", "elapsed": 48.840681, "delta": 0.522063}}
{"target": -46.56191579777263, "params": {"C": 300.686784460522, "epsilon": 0.79041643455415, "gamma": 0.0018528358091877248, "lamda": 1.4524745308740767}, "datetime": {"datetime": "2021-09-24 19:33:03", "elapsed": 49.444568, "delta": 0.603887}}
{"target": -44.08395030871164, "params": {"C": 296.7077349281587, "epsilon": 0.7633281424118317, "gamma": 0.08350427446569325, "lamda": 1.8230733783833066}, "datetime": {"datetime": "2021-09-24 19:33:03", "elapsed": 49.928761, "delta": 0.484193}}
{"target": -43.964734934936104, "params": {"C": 266.47604394423854, "epsilon": 0.9016713154339207, "gamma": 0.07241627462408806, "lamda": 1.150542755147174}, "datetime": {"datetime": "2021-09-24 19:33:04", "elapsed": 50.44546, "delta": 0.516699}}
{"target": -43.524557839601194, "params": {"C": 318.35026445339827, "epsilon": 0.8101333160823635, "gamma": 0.009609432516367825, "lamda": 1.3160791688371565}, "datetime": {"datetime": "2021-09-24 19:33:04", "elapsed": 50.953409, "delta": 0.507949}}
{"target": -43.63644240295658, "params": {"C": 292.11234470592206, "epsilon": 0.6204549468670302, "gamma": 0.058817817974473864, "lamda": 1.6040881025413047}, "datetime": {"datetime": "2021-09-24 19:33:05", "elapsed": 51.441825, "delta": 0.488416}}
{"target": -43.87119566323985, "params": {"C": 324.0407847491397, "epsilon": 0.9762552509603103, "gamma": 0.00411704238349068, "lamda": 0.8447980394766582}, "datetime": {"datetime": "2021-09-24 19:33:05", "elapsed": 52.042392, "delta": 0.600567}}
{"target": -43.540885723884976, "params": {"C": 244.9431791848137, "epsilon": 0.6597447678167987, "gamma": 0.049507500015006645, "lamda": 1.3277820917072898}, "datetime": {"datetime": "2021-09-24 19:33:06", "elapsed": 52.548726, "delta": 0.506334}}
{"target": -44.591077149779395, "params": {"C": 300.77379632788814, "epsilon": 0.8357512569747891, "gamma": 0.003345799954037418, "lamda": 1.2653928564884325}, "datetime": {"datetime": "2021-09-24 19:33:06", "elapsed": 53.142708, "delta": 0.593982}}
{"target": -43.83698377164225, "params": {"C": 300.66631984894434, "epsilon": 0.859392694998782, "gamma": 0.07038912801023577, "lamda": 1.3728946308693586}, "datetime": {"datetime": "2021-09-24 19:33:07", "elapsed": 53.773694, "delta": 0.630986}}
{"target": -44.71241533220123, "params": {"C": 262.3053944056111, "epsilon": 0.537825191871752, "gamma": 0.08151236949570274, "lamda": 1.0516754749870347}, "datetime": {"datetime": "2021-09-24 19:33:07", "elapsed": 54.27447, "delta": 0.500776}}
{"target": -43.400648418436994, "params": {"C": 300.5292285072927, "epsilon": 0.8378887042819825, "gamma": 0.04588372988729836, "lamda": 1.4617164296819503}, "datetime": {"datetime": "2021-09-24 19:33:08", "elapsed": 54.876319, "delta": 0.601849}}
{"target": -43.578003142995165, "params": {"C": 334.7461120801556, "epsilon": 0.6087524641997202, "gamma": 0.05724964257814032, "lamda": 1.8060880467681353}, "datetime": {"datetime": "2021-09-24 19:33:09", "elapsed": 55.432896, "delta": 0.556577}}
{"target": -45.39050701701988, "params": {"C": 321.37633774266885, "epsilon": 0.6727219198554598, "gamma": 0.11063628025731338, "lamda": 0.9137589692152239}, "datetime": {"datetime": "2021-09-24 19:33:09", "elapsed": 55.979088, "delta": 0.546192}}
{"target": -43.43799011654664, "params": {"C": 321.1529225877819, "epsilon": 0.522482280069608, "gamma": 0.029992314871640686, "lamda": 0.9684362940229685}, "datetime": {"datetime": "2021-09-24 19:33:10", "elapsed": 56.508595, "delta": 0.529507}}
{"target": -43.25676172039964, "params": {"C": 274.7745950906352, "epsilon": 0.6725294181528326, "gamma": 0.02607823924264109, "lamda": 1.024606506945616}, "datetime": {"datetime": "2021-09-24 19:33:10", "elapsed": 57.160186, "delta": 0.651591}}
{"target": -44.45247515411169, "params": {"C": 274.7351325736542, "epsilon": 0.6902536637975087, "gamma": 0.08324235692941297, "lamda": 1.1345547971299688}, "datetime": {"datetime": "2021-09-24 19:33:11", "elapsed": 57.868704, "delta": 0.708518}}
{"target": -44.30219187193764, "params": {"C": 242.78612429854428, "epsilon": 0.7938159826542011, "gamma": 0.0821087125883519, "lamda": 1.1477930821396642}, "datetime": {"datetime": "2021-09-24 19:33:12", "elapsed": 58.444429, "delta": 0.575725}}
{"target": -43.240220899025786, "params": {"C": 242.64325728127739, "epsilon": 0.9176758600650413, "gamma": 0.02283095545962401, "lamda": 1.2834713440184562}, "datetime": {"datetime": "2021-09-24 19:33:12", "elapsed": 59.128767, "delta": 0.684338}}
{"target": -46.893233887790544, "params": {"C": 274.7033249774523, "epsilon": 0.6695228954014824, "gamma": 0.001, "lamda": 1.032027829063433}, "datetime": {"datetime": "2021-09-24 19:33:13", "elapsed": 59.923142, "delta": 0.794375}}
{"target": -44.52847056335509, "params": {"C": 245.96379714027384, "epsilon": 0.6840342827606212, "gamma": 0.0039010745409496987, "lamda": 1.7223586810305231}, "datetime": {"datetime": "2021-09-24 19:33:14", "elapsed": 60.513891, "delta": 0.590749}}
{"target": -43.633207409528914, "params": {"C": 242.63008955241867, "epsilon": 0.8265541493160573, "gamma": 0.059578348736273636, "lamda": 1.2830694155526654}, "datetime": {"datetime": "2021-09-24 19:33:14", "elapsed": 61.117613, "delta": 0.603722}}
{"target": -44.97410541668712, "params": {"C": 310.73904831169835, "epsilon": 0.8257978980763028, "gamma": 0.10949589409571205, "lamda": 1.082761654190565}, "datetime": {"datetime": "2021-09-24 19:33:15", "elapsed": 61.678094, "delta": 0.560481}}
{"target": -43.7117136858549, "params": {"C": 248.36479694669652, "epsilon": 0.5404454216897836, "gamma": 0.06085621653928887, "lamda": 1.7047889863668093}, "datetime": {"datetime": "2021-09-24 19:33:15", "elapsed": 62.279527, "delta": 0.601433}}
{"target": -43.413405871162794, "params": {"C": 300.8094700521586, "epsilon": 0.9303976781360519, "gamma": 0.04580433260894, "lamda": 1.2253115170115882}, "datetime": {"datetime": "2021-09-24 19:33:16", "elapsed": 62.91867, "delta": 0.639143}}
{"target": -43.38626701535629, "params": {"C": 334.74122679715856, "epsilon": 0.5031661568040193, "gamma": 0.039818243319005554, "lamda": 1.7887447218454207}, "datetime": {"datetime": "2021-09-24 19:33:17", "elapsed": 63.504387, "delta": 0.585717}}
{"target": -43.24129434942704, "params": {"C": 318.3599547813055, "epsilon": 0.8069450631347113, "gamma": 0.03408628782910846, "lamda": 1.3804148955123603}, "datetime": {"datetime": "2021-09-24 19:33:17", "elapsed": 64.067235, "delta": 0.562848}}
{"target": -44.139041330570514, "params": {"C": 269.75101613653186, "epsilon": 0.6997977897530501, "gamma": 0.07385790117430686, "lamda": 1.1885723148206508}, "datetime": {"datetime": "2021-09-24 19:33:18", "elapsed": 64.750967, "delta": 0.683732}}
{"target": -43.540272822323914, "params": {"C": 334.8081429528476, "epsilon": 0.510022806866654, "gamma": 0.0520473164082232, "lamda": 1.848653060818627}, "datetime": {"datetime": "2021-09-24 19:33:19", "elapsed": 65.422132, "delta": 0.671165}}
{"target": -43.72774805004645, "params": {"C": 320.83104559414835, "epsilon": 0.8726764490662717, "gamma": 0.0551468434307873, "lamda": 0.8594748788831241}, "datetime": {"datetime": "2021-09-24 19:33:19", "elapsed": 66.01302, "delta": 0.590888}}
{"target": -43.72190480368628, "params": {"C": 285.6870276519461, "epsilon": 0.5708607077984672, "gamma": 0.05185261315590304, "lamda": 1.1608579538821928}, "datetime": {"datetime": "2021-09-24 19:33:20", "elapsed": 66.571513, "delta": 0.558493}}
{"target": -46.868416112306505, "params": {"C": 274.3885721923919, "epsilon": 0.7798464739085149, "gamma": 0.001, "lamda": 0.8822590247454819}, "datetime": {"datetime": "2021-09-24 19:33:20", "elapsed": 67.289258, "delta": 0.717745}}
{"target": -43.36324154205527, "params": {"C": 267.7020196849769, "epsilon": 0.8351167111115854, "gamma": 0.017707565458325927, "lamda": 1.4645929511462326}, "datetime": {"datetime": "2021-09-24 19:33:21", "elapsed": 67.91177, "delta": 0.622512}}
{"target": -43.56184701121372, "params": {"C": 306.46129702353664, "epsilon": 0.6752905555381274, "gamma": 0.055833003337243184, "lamda": 1.625300928735178}, "datetime": {"datetime": "2021-09-24 19:33:22", "elapsed": 68.472132, "delta": 0.560362}}
{"target": -43.17655978699826, "params": {"C": 300.79544203924297, "epsilon": 0.7814163546084744, "gamma": 0.023454537493951686, "lamda": 1.155146485098952}, "datetime": {"datetime": "2021-09-24 19:33:22", "elapsed": 69.242898, "delta": 0.770766}}
{"target": -43.684210983303764, "params": {"C": 242.6608974779075, "epsilon": 0.955746529813009, "gamma": 0.0644800109077819, "lamda": 1.2787384225470344}, "datetime": {"datetime": "2021-09-24 19:33:23", "elapsed": 70.189008, "delta": 0.94611}}
{"target": -43.28463734436607, "params": {"C": 274.82526340773506, "epsilon": 0.6857288402735546, "gamma": 0.027974904945474863, "lamda": 1.0475714201651665}, "datetime": {"datetime": "2021-09-24 19:33:24", "elapsed": 71.115654, "delta": 0.926646}}
{"target": -43.498147112100106, "params": {"C": 267.9134556378406, "epsilon": 0.9717815823796534, "gamma": 0.051402423551772915, "lamda": 1.1532301052950296}, "datetime": {"datetime": "2021-09-24 19:33:25", "elapsed": 71.918914, "delta": 0.80326}}
{"target": -43.203499867783805, "params": {"C": 300.91182174113527, "epsilon": 0.7561180754750652, "gamma": 0.022080816155089632, "lamda": 1.3814076691158634}, "datetime": {"datetime": "2021-09-24 19:33:26", "elapsed": 73.074052, "delta": 1.155138}}
{"target": -43.39643071305776, "params": {"C": 292.40638338775705, "epsilon": 0.8535004358740885, "gamma": 0.03395124141853609, "lamda": 0.8374699909201246}, "datetime": {"datetime": "2021-09-24 19:33:27", "elapsed": 73.737869, "delta": 0.663817}}
{"target": -43.40419093868982, "params": {"C": 248.4251313643864, "epsilon": 0.6376985091830083, "gamma": 0.04489350617846652, "lamda": 1.7082930045285827}, "datetime": {"datetime": "2021-09-24 19:33:28", "elapsed": 74.465268, "delta": 0.727399}}
{"target": -44.675977954829904, "params": {"C": 300.59730910103906, "epsilon": 0.8305260955130463, "gamma": 0.10410977544747256, "lamda": 1.3760805989514178}, "datetime": {"datetime": "2021-09-24 19:33:28", "elapsed": 75.198627, "delta": 0.733359}}
{"target": -44.041937611364695, "params": {"C": 274.7973076600182, "epsilon": 0.6358543329521689, "gamma": 0.06391507360158558, "lamda": 1.0539482739036408}, "datetime": {"datetime": "2021-09-24 19:33:29", "elapsed": 76.122773, "delta": 0.924146}}
{"target": -44.7389679081552, "params": {"C": 240.35180611737988, "epsilon": 0.9792072968479835, "gamma": 0.11001577179883532, "lamda": 1.7222373504570716}, "datetime": {"datetime": "2021-09-24 19:33:30", "elapsed": 76.755577, "delta": 0.632804}}
{"target": -44.04020523699788, "params": {"C": 248.65265508979365, "epsilon": 0.6510315001325474, "gamma": 0.07747859662443218, "lamda": 1.7240389759978774}, "datetime": {"datetime": "2021-09-24 19:33:31", "elapsed": 77.488287, "delta": 0.73271}}
{"target": -43.65777926477935, "params": {"C": 274.41151580990925, "epsilon": 0.8597037945448687, "gamma": 0.04961177829799565, "lamda": 0.800091747770139}, "datetime": {"datetime": "2021-09-24 19:33:32", "elapsed": 78.362615, "delta": 0.874328}}
{"target": -44.6704805287792, "params": {"C": 248.40901131267975, "epsilon": 0.5940580693841729, "gamma": 0.10158744121286853, "lamda": 1.7431620721141101}, "datetime": {"datetime": "2021-09-24 19:33:32", "elapsed": 79.144203, "delta": 0.781588}}
{"target": -43.2331286102321, "params": {"C": 283.2352806266254, "epsilon": 0.6595536349963729, "gamma": 0.029056464889281118, "lamda": 1.2970748518585424}, "datetime": {"datetime": "2021-09-24 19:33:33", "elapsed": 79.766781, "delta": 0.622578}}
{"target": -43.30816171760626, "params": {"C": 334.7953666127459, "epsilon": 0.5677802391772613, "gamma": 0.01600683530376722, "lamda": 1.7711879629184741}, "datetime": {"datetime": "2021-09-24 19:33:34", "elapsed": 80.597069, "delta": 0.830288}}
{"target": -43.48881791487429, "params": {"C": 345.6177989964375, "epsilon": 0.6391441153042994, "gamma": 0.03287833261106987, "lamda": 0.8133657376084764}, "datetime": {"datetime": "2021-09-24 19:33:34", "elapsed": 81.282019, "delta": 0.68495}}
{"target": -43.541877948346524, "params": {"C": 334.6752825984994, "epsilon": 0.5295915138322556, "gamma": 0.00799450296814858, "lamda": 1.7887778161376378}, "datetime": {"datetime": "2021-09-24 19:33:35", "elapsed": 82.071971, "delta": 0.789952}}
{"target": -43.529369950192425, "params": {"C": 300.7197447956271, "epsilon": 0.8060515281063432, "gamma": 0.050461910760387536, "lamda": 1.1798191467659582}, "datetime": {"datetime": "2021-09-24 19:33:36", "elapsed": 83.011992, "delta": 0.940021}}
{"target": -43.70407398397719, "params": {"C": 334.7967014159388, "epsilon": 0.5787115608949147, "gamma": 0.006881147720807409, "lamda": 1.8426783872309376}, "datetime": {"datetime": "2021-09-24 19:33:37", "elapsed": 84.041654, "delta": 1.029662}}
{"target": -43.409780636408684, "params": {"C": 248.59356799474733, "epsilon": 0.6501142788242554, "gamma": 0.013490462163247997, "lamda": 1.6677447607975644}, "datetime": {"datetime": "2021-09-24 19:33:38", "elapsed": 85.072043, "delta": 1.030389}}
{"target": -43.612346903984694, "params": {"C": 300.79165297034535, "epsilon": 0.7298006982006731, "gamma": 0.05281727872682704, "lamda": 1.1407292854773248}, "datetime": {"datetime": "2021-09-24 19:33:39", "elapsed": 85.818241, "delta": 0.746198}}
{"target": -44.4638728772692, "params": {"C": 282.3948550991807, "epsilon": 0.9907991002179712, "gamma": 0.09899790096491419, "lamda": 1.9972241023101656}, "datetime": {"datetime": "2021-09-24 19:33:40", "elapsed": 86.565557, "delta": 0.747316}}
{"target": -44.45595258000912, "params": {"C": 283.2272322255924, "epsilon": 0.6817226051250826, "gamma": 0.08585540477362925, "lamda": 1.2422338031554392}, "datetime": {"datetime": "2021-09-24 19:33:41", "elapsed": 87.686858, "delta": 1.121301}}
{"target": -43.76481144895033, "params": {"C": 274.4686079661549, "epsilon": 0.8283047084150573, "gamma": 0.05616194399707427, "lamda": 0.8919457613695084}, "datetime": {"datetime": "2021-09-24 19:33:42", "elapsed": 88.647592, "delta": 0.960734}}
{"target": -44.59484596152703, "params": {"C": 263.79716391911103, "epsilon": 0.847484560690428, "gamma": 0.10314040485447716, "lamda": 1.5990972925051883}, "datetime": {"datetime": "2021-09-24 19:33:43", "elapsed": 89.420499, "delta": 0.772907}}
{"target": -44.4622317388141, "params": {"C": 330.40539000312344, "epsilon": 0.8569598038456928, "gamma": 0.08178728644892727, "lamda": 0.8665426912558992}, "datetime": {"datetime": "2021-09-24 19:33:43", "elapsed": 90.247465, "delta": 0.826966}}
{"target": -44.362277812457556, "params": {"C": 300.8712672388919, "epsilon": 0.7740726998952083, "gamma": 0.08802241941447271, "lamda": 1.3319204159044846}, "datetime": {"datetime": "2021-09-24 19:33:45", "elapsed": 91.454461, "delta": 1.206996}}
{"target": -43.20958851510733, "params": {"C": 274.8238017078511, "epsilon": 0.6497246827109907, "gamma": 0.014448259338279153, "lamda": 1.0050906285845638}, "datetime": {"datetime": "2021-09-24 19:33:46", "elapsed": 92.400013, "delta": 0.945552}}
{"target": -43.2076873372855, "params": {"C": 326.323113763939, "epsilon": 0.6636495067256517, "gamma": 0.01271370647731469, "lamda": 0.8311027395885825}, "datetime": {"datetime": "2021-09-24 19:33:46", "elapsed": 93.287103, "delta": 0.88709}}
