{"target": -43.828110675401376, "params": {"C": 595.1776045853805, "epsilon": 0.6515231383108244, "gamma": 0.06330178861833712, "lamda": 1.3174977055283783}, "datetime": {"datetime": "2021-09-24 19:52:25", "elapsed": 43.321172, "delta": 0.556962}}
{"target": -44.7502719746736, "params": {"C": 553.4493266295947, "epsilon": 0.5029876096324982, "gamma": 0.09747826851484685, "lamda": 1.6705060328514745}, "datetime": {"datetime": "2021-09-24 19:52:26", "elapsed": 43.928517, "delta": 0.607345}}
{"target": -43.58252899240679, "params": {"C": 373.61101929128364, "epsilon": 0.9895600839140282, "gamma": 0.016300015636406963, "lamda": 1.713329470484306}, "datetime": {"datetime": "2021-09-24 19:52:27", "elapsed": 44.577843, "delta": 0.649326}}
{"target": -44.08395030871164, "params": {"C": 474.03646437564777, "epsilon": 0.7633281424118317, "gamma": 0.08350427446569325, "lamda": 1.8230733783833066}, "datetime": {"datetime": "2021-09-24 19:52:27", "elapsed": 45.079313, "delta": 0.50147}}
{"target": -43.964734934936104, "params": {"C": 402.5797402318365, "epsilon": 0.9016713154339207, "gamma": 0.07241627462408806, "lamda": 1.150542755147174}, "datetime": {"datetime": "2021-09-24 19:52:28", "elapsed": 45.562228, "delta": 0.482915}}
{"target": -43.524557839601194, "params": {"C": 525.1915341625777, "epsilon": 0.8101333160823635, "gamma": 0.009609432516367825, "lamda": 1.3160791688371565}, "datetime": {"datetime": "2021-09-24 19:52:28", "elapsed": 46.07885, "delta": 0.516622}}
{"target": -43.63644240295658, "params": {"C": 463.17463294127026, "epsilon": 0.6204549468670302, "gamma": 0.058817817974473864, "lamda": 1.6040881025413047}, "datetime": {"datetime": "2021-09-24 19:52:29", "elapsed": 46.643347, "delta": 0.564497}}
{"target": -43.87119566323985, "params": {"C": 538.6418548616028, "epsilon": 0.9762552509603103, "gamma": 0.00411704238349068, "lamda": 0.8447980394766582}, "datetime": {"datetime": "2021-09-24 19:52:29", "elapsed": 47.241504, "delta": 0.598157}}
{"target": -43.540885723884976, "params": {"C": 351.68387807319596, "epsilon": 0.6597447678167987, "gamma": 0.049507500015006645, "lamda": 1.3277820917072898}, "datetime": {"datetime": "2021-09-24 19:52:30", "elapsed": 47.819172, "delta": 0.577668}}
{"target": -44.27271972238132, "params": {"C": 483.2704316016643, "epsilon": 0.8507481807959143, "gamma": 0.08838465286575717, "lamda": 1.4249141943690486}, "datetime": {"datetime": "2021-09-24 19:52:30", "elapsed": 48.453805, "delta": 0.634633}}
{"target": -43.77792937822543, "params": {"C": 435.9225193601605, "epsilon": 0.748592180056445, "gamma": 0.06914525941085928, "lamda": 1.6585678842283231}, "datetime": {"datetime": "2021-09-24 19:52:31", "elapsed": 49.078315, "delta": 0.62451}}
{"target": -44.72151480259585, "params": {"C": 392.7218413223534, "epsilon": 0.537825191871752, "gamma": 0.08151236949570274, "lamda": 1.0516754749870347}, "datetime": {"datetime": "2021-09-24 19:52:32", "elapsed": 49.6014, "delta": 0.523085}}
{"target": -43.432866523040516, "params": {"C": 553.4858679528303, "epsilon": 0.5665089933282614, "gamma": 0.04353676521508538, "lamda": 1.6150552880914293}, "datetime": {"datetime": "2021-09-24 19:52:32", "elapsed": 50.127526, "delta": 0.526126}}
{"target": -43.52239805386687, "params": {"C": 412.1990449646727, "epsilon": 0.9762892692475775, "gamma": 0.05695806372002827, "lamda": 1.526353754248966}, "datetime": {"datetime": "2021-09-24 19:52:33", "elapsed": 50.713143, "delta": 0.585617}}
{"target": -45.39050701701988, "params": {"C": 532.3440710281263, "epsilon": 0.6727219198554598, "gamma": 0.11063628025731338, "lamda": 0.9137589692152239}, "datetime": {"datetime": "2021-09-24 19:52:33", "elapsed": 51.230344, "delta": 0.517201}}
{"target": -43.43799011654664, "params": {"C": 531.8159988438481, "epsilon": 0.522482280069608, "gamma": 0.029992314871640686, "lamda": 0.9684362940229685}, "datetime": {"datetime": "2021-09-24 19:52:34", "elapsed": 51.732198, "delta": 0.501854}}
{"target": -43.436454630171916, "params": {"C": 572.1751713669601, "epsilon": 0.9792024755071457, "gamma": 0.046292305747781405, "lamda": 1.094516795274241}, "datetime": {"datetime": "2021-09-24 19:52:34", "elapsed": 52.371748, "delta": 0.63955}}
{"target": -43.23562758085734, "params": {"C": 580.1968684353358, "epsilon": 0.7340448812151081, "gamma": 0.028463240074796076, "lamda": 1.1309811450256932}, "datetime": {"datetime": "2021-09-24 19:52:35", "elapsed": 53.016907, "delta": 0.645159}}
{"target": -43.36030390639407, "params": {"C": 360.4401869546998, "epsilon": 0.6854438506998726, "gamma": 0.042452026737231224, "lamda": 1.6587396431223922}, "datetime": {"datetime": "2021-09-24 19:52:36", "elapsed": 53.765997, "delta": 0.74909}}
{"target": -43.52455180733587, "params": {"C": 580.1145579421634, "epsilon": 0.6543201686108602, "gamma": 0.0437100508552994, "lamda": 1.1461884561221383}, "datetime": {"datetime": "2021-09-24 19:52:37", "elapsed": 54.511955, "delta": 0.745958}}
{"target": -43.219876943670855, "params": {"C": 410.2706230782931, "epsilon": 0.5727091760806331, "gamma": 0.01564178704361306, "lamda": 1.324771335419201}, "datetime": {"datetime": "2021-09-24 19:52:37", "elapsed": 55.142749, "delta": 0.630794}}
{"target": -44.52847056335509, "params": {"C": 354.0962477861018, "epsilon": 0.6840342827606212, "gamma": 0.0039010745409496987, "lamda": 1.7223586810305231}, "datetime": {"datetime": "2021-09-24 19:52:38", "elapsed": 55.708005, "delta": 0.565256}}
{"target": -43.41214020482656, "params": {"C": 409.95611918194925, "epsilon": 0.5437562105433928, "gamma": 0.04101733708998428, "lamda": 1.6207024479215397}, "datetime": {"datetime": "2021-09-24 19:52:38", "elapsed": 56.3007, "delta": 0.592695}}
{"target": -44.97410541668712, "params": {"C": 507.2013869185597, "epsilon": 0.8257978980763028, "gamma": 0.10949589409571205, "lamda": 1.082761654190565}, "datetime": {"datetime": "2021-09-24 19:52:39", "elapsed": 56.942057, "delta": 0.641357}}
{"target": -43.383012495795064, "params": {"C": 346.2979126822409, "epsilon": 0.8362827604638974, "gamma": 0.043098886890323186, "lamda": 1.3172320054665088}, "datetime": {"datetime": "2021-09-24 19:52:40", "elapsed": 57.547782, "delta": 0.605725}}
{"target": -43.90345741467772, "params": {"C": 410.2328021022998, "epsilon": 0.503225620312092, "gamma": 0.06127996972047826, "lamda": 1.4340735563492837}, "datetime": {"datetime": "2021-09-24 19:52:40", "elapsed": 58.269658, "delta": 0.721876}}
{"target": -43.6530780220394, "params": {"C": 580.1597611266161, "epsilon": 0.8439871553020537, "gamma": 0.005998265453160918, "lamda": 1.0900109112813472}, "datetime": {"datetime": "2021-09-24 19:52:41", "elapsed": 58.949113, "delta": 0.679455}}
{"target": -43.24129434942704, "params": {"C": 525.2144385739947, "epsilon": 0.8069450631347113, "gamma": 0.03408628782910846, "lamda": 1.3804148955123603}, "datetime": {"datetime": "2021-09-24 19:52:42", "elapsed": 59.519698, "delta": 0.570585}}
{"target": -46.83806945497876, "params": {"C": 410.3243692529356, "epsilon": 0.5572967584890129, "gamma": 0.001, "lamda": 1.2171012496125206}, "datetime": {"datetime": "2021-09-24 19:52:42", "elapsed": 60.358412, "delta": 0.838714}}
{"target": -43.6924983144337, "params": {"C": 525.235192869747, "epsilon": 0.8485361060053246, "gamma": 0.06507486487736838, "lamda": 1.4475042752922778}, "datetime": {"datetime": "2021-09-24 19:52:43", "elapsed": 61.081161, "delta": 0.722749}}
{"target": -43.72774805004645, "params": {"C": 531.0551986770779, "epsilon": 0.8726764490662717, "gamma": 0.0551468434307873, "lamda": 0.8594748788831241}, "datetime": {"datetime": "2021-09-24 19:52:44", "elapsed": 61.636112, "delta": 0.554951}}
{"target": -43.72190480368628, "params": {"C": 447.9875199045998, "epsilon": 0.5708607077984672, "gamma": 0.05185261315590304, "lamda": 1.1608579538821928}, "datetime": {"datetime": "2021-09-24 19:52:44", "elapsed": 62.222287, "delta": 0.586175}}
{"target": -43.18088741136069, "params": {"C": 409.90007688477857, "epsilon": 0.5222739908259589, "gamma": 0.025209327554187932, "lamda": 1.6869371020304642}, "datetime": {"datetime": "2021-09-24 19:52:45", "elapsed": 62.987793, "delta": 0.765506}}
{"target": -43.36324154205527, "params": {"C": 405.4775010735818, "epsilon": 0.8351167111115854, "gamma": 0.017707565458325927, "lamda": 1.4645929511462326}, "datetime": {"datetime": "2021-09-24 19:52:46", "elapsed": 63.596183, "delta": 0.60839}}
{"target": -43.56184701121372, "params": {"C": 497.0903384192684, "epsilon": 0.6752905555381274, "gamma": 0.055833003337243184, "lamda": 1.625300928735178}, "datetime": {"datetime": "2021-09-24 19:52:46", "elapsed": 64.160279, "delta": 0.564096}}
{"target": -43.649180607677756, "params": {"C": 360.49934628611305, "epsilon": 0.7451885092053281, "gamma": 0.009225114013234063, "lamda": 1.7064589616475132}, "datetime": {"datetime": "2021-09-24 19:52:47", "elapsed": 64.999409, "delta": 0.83913}}
{"target": -43.31381638917614, "params": {"C": 542.2854008666745, "epsilon": 0.8719173250747123, "gamma": 0.03601620011171514, "lamda": 1.9839361580376553}, "datetime": {"datetime": "2021-09-24 19:52:48", "elapsed": 65.632524, "delta": 0.633115}}
{"target": -44.09495130423238, "params": {"C": 580.0720006378563, "epsilon": 0.7273438719015695, "gamma": 0.07268853182638065, "lamda": 1.163592913614443}, "datetime": {"datetime": "2021-09-24 19:52:49", "elapsed": 66.465813, "delta": 0.833289}}
{"target": -43.498147112100106, "params": {"C": 405.97725878035055, "epsilon": 0.9717815823796534, "gamma": 0.051402423551772915, "lamda": 1.1532301052950296}, "datetime": {"datetime": "2021-09-24 19:52:49", "elapsed": 67.073538, "delta": 0.607725}}
{"target": -43.45697605494745, "params": {"C": 346.2816700426863, "epsilon": 0.7561871840620928, "gamma": 0.04743049237516011, "lamda": 1.3611160507274684}, "datetime": {"datetime": "2021-09-24 19:52:50", "elapsed": 67.884074, "delta": 0.810536}}
{"target": -43.39643071305776, "params": {"C": 463.8696334619712, "epsilon": 0.8535004358740885, "gamma": 0.03395124141853609, "lamda": 0.8374699909201246}, "datetime": {"datetime": "2021-09-24 19:52:51", "elapsed": 68.470258, "delta": 0.586184}}
{"target": -45.00765027415958, "params": {"C": 346.23445692648767, "epsilon": 0.7951661537160339, "gamma": 0.11565423095190712, "lamda": 1.323789974076882}, "datetime": {"datetime": "2021-09-24 19:52:51", "elapsed": 69.194992, "delta": 0.724734}}
{"target": -44.51668601343526, "params": {"C": 391.04367742707575, "epsilon": 0.9207984893768391, "gamma": 0.09867562035858884, "lamda": 1.3031873947268977}, "datetime": {"datetime": "2021-09-24 19:52:52", "elapsed": 69.910874, "delta": 0.715882}}
{"target": -44.39725384599465, "params": {"C": 410.3026138924609, "epsilon": 0.584004349378172, "gamma": 0.08173498668122833, "lamda": 1.353213776234262}, "datetime": {"datetime": "2021-09-24 19:52:53", "elapsed": 70.743392, "delta": 0.832518}}
{"target": -44.7389679081552, "params": {"C": 340.8315417319888, "epsilon": 0.9792072968479835, "gamma": 0.11001577179883532, "lamda": 1.7222373504570716}, "datetime": {"datetime": "2021-09-24 19:52:54", "elapsed": 71.478164, "delta": 0.734772}}
{"target": -44.5841701246106, "params": {"C": 409.91796011600184, "epsilon": 0.5558040284738981, "gamma": 0.09391654432893293, "lamda": 1.655520713621184}, "datetime": {"datetime": "2021-09-24 19:52:54", "elapsed": 72.261752, "delta": 0.783588}}
{"target": -44.0093526902357, "params": {"C": 475.6824669944956, "epsilon": 0.9921912398658344, "gamma": 0.0742008722441449, "lamda": 1.0545524234219559}, "datetime": {"datetime": "2021-09-24 19:52:55", "elapsed": 72.98534, "delta": 0.723588}}
{"target": -44.51664978172247, "params": {"C": 412.2785789315036, "epsilon": 0.9116126696289042, "gamma": 0.10097692308648468, "lamda": 1.6192908848690044}, "datetime": {"datetime": "2021-09-24 19:52:56", "elapsed": 73.71396, "delta": 0.72862}}
{"target": -43.2331286102321, "params": {"C": 442.19248148111467, "epsilon": 0.6595536349963729, "gamma": 0.029056464889281118, "lamda": 1.2970748518585424}, "datetime": {"datetime": "2021-09-24 19:52:56", "elapsed": 74.341618, "delta": 0.627658}}
{"target": -44.12460701875883, "params": {"C": 542.2393351133771, "epsilon": 0.936376971090149, "gamma": 0.08664926148342643, "lamda": 1.955082364572275}, "datetime": {"datetime": "2021-09-24 19:52:57", "elapsed": 75.132116, "delta": 0.790498}}
{"target": -43.48881791487429, "params": {"C": 589.642070355216, "epsilon": 0.6391441153042994, "gamma": 0.03287833261106987, "lamda": 0.8133657376084764}, "datetime": {"datetime": "2021-09-24 19:52:58", "elapsed": 75.782798, "delta": 0.650682}}
{"target": -43.21911116115765, "params": {"C": 580.1452839452166, "epsilon": 0.6975687858852314, "gamma": 0.016173349506581617, "lamda": 1.1299653700826497}, "datetime": {"datetime": "2021-09-24 19:52:59", "elapsed": 76.570386, "delta": 0.787588}}
{"target": -43.47519916804415, "params": {"C": 360.4153017330698, "epsilon": 0.5899770865270036, "gamma": 0.010065959735049881, "lamda": 1.6810086204775407}, "datetime": {"datetime": "2021-09-24 19:53:00", "elapsed": 77.526742, "delta": 0.956356}}
{"target": -43.28153139256858, "params": {"C": 580.1618488594809, "epsilon": 0.7614862259903781, "gamma": 0.01291452310471964, "lamda": 1.0493337855925775}, "datetime": {"datetime": "2021-09-24 19:53:00", "elapsed": 78.407375, "delta": 0.880633}}
{"target": -48.95644516531736, "params": {"C": 360.39572487145574, "epsilon": 0.6755137351924392, "gamma": 0.001, "lamda": 1.7063228176657665}, "datetime": {"datetime": "2021-09-24 19:53:01", "elapsed": 79.239154, "delta": 0.831779}}
{"target": -45.15200911711071, "params": {"C": 410.1619817732567, "epsilon": 0.5970504482020078, "gamma": 0.002009527371343264, "lamda": 1.3406160468526573}, "datetime": {"datetime": "2021-09-24 19:53:02", "elapsed": 79.970855, "delta": 0.731701}}
{"target": -44.4638728772692, "params": {"C": 440.206021143518, "epsilon": 0.9907991002179712, "gamma": 0.09899790096491419, "lamda": 1.9972241023101656}, "datetime": {"datetime": "2021-09-24 19:53:03", "elapsed": 80.651098, "delta": 0.680243}}
{"target": -43.386975007804175, "params": {"C": 580.1888648698509, "epsilon": 0.8066201512130081, "gamma": 0.03717644178775931, "lamda": 1.0421483114505972}, "datetime": {"datetime": "2021-09-24 19:53:03", "elapsed": 81.424866, "delta": 0.773768}}
{"target": -43.240878013334545, "params": {"C": 493.92587098747936, "epsilon": 0.9936965027125259, "gamma": 0.02822617199826025, "lamda": 1.3805230651858855}, "datetime": {"datetime": "2021-09-24 19:53:04", "elapsed": 82.198115, "delta": 0.773249}}
{"target": -44.59484596152703, "params": {"C": 396.2478419906261, "epsilon": 0.847484560690428, "gamma": 0.10314040485447716, "lamda": 1.5990972925051883}, "datetime": {"datetime": "2021-09-24 19:53:05", "elapsed": 82.868881, "delta": 0.670766}}
{"target": -44.4622317388141, "params": {"C": 553.6854672801101, "epsilon": 0.8569598038456928, "gamma": 0.08178728644892727, "lamda": 0.8665426912558992}, "datetime": {"datetime": "2021-09-24 19:53:06", "elapsed": 83.523823, "delta": 0.654942}}
{"target": -44.71704483325063, "params": {"C": 580.2046027161001, "epsilon": 0.8034251479876346, "gamma": 0.09633751540733891, "lamda": 1.0621135334570293}, "datetime": {"datetime": "2021-09-24 19:53:06", "elapsed": 84.360373, "delta": 0.83655}}
{"target": -43.24534335386159, "params": {"C": 595.2074141569306, "epsilon": 0.5904248905990939, "gamma": 0.014643322810008491, "lamda": 1.318938655822865}, "datetime": {"datetime": "2021-09-24 19:53:07", "elapsed": 85.210349, "delta": 0.849976}}
{"target": -43.527520783008825, "params": {"C": 580.1922964220009, "epsilon": 0.7359039244058996, "gamma": 0.006704384755390385, "lamda": 1.1146574090137702}, "datetime": {"datetime": "2021-09-24 19:53:08", "elapsed": 85.936637, "delta": 0.726288}}
{"target": -43.7138083352846, "params": {"C": 360.4948127373704, "epsilon": 0.6737375352017096, "gamma": 0.007564411033280964, "lamda": 1.7355673443415316}, "datetime": {"datetime": "2021-09-24 19:53:09", "elapsed": 86.783256, "delta": 0.846619}}
{"target": -43.761445953453844, "params": {"C": 415.91951518590747, "epsilon": 0.869596210073843, "gamma": 0.07104437768857665, "lamda": 1.8649444913186024}, "datetime": {"datetime": "2021-09-24 19:53:09", "elapsed": 87.450021, "delta": 0.666765}}
{"target": -43.26024767262321, "params": {"C": 410.2184113588879, "epsilon": 0.55812861430562, "gamma": 0.028413906043252227, "lamda": 1.3763701507911814}, "datetime": {"datetime": "2021-09-24 19:53:10", "elapsed": 88.336464, "delta": 0.886443}}
{"target": -43.752022035484785, "params": {"C": 491.368197014286, "epsilon": 0.77847975141505, "gamma": 0.06427136348482838, "lamda": 1.2928038680424334}, "datetime": {"datetime": "2021-09-24 19:53:11", "elapsed": 89.001903, "delta": 0.665439}}
{"target": -43.487312628093036, "params": {"C": 525.2324691252832, "epsilon": 0.7566494976850663, "gamma": 0.010108819375310104, "lamda": 1.3597299129470035}, "datetime": {"datetime": "2021-09-24 19:53:12", "elapsed": 89.798267, "delta": 0.796364}}
{"target": -43.29531560622275, "params": {"C": 432.25890622386686, "epsilon": 0.920514973841462, "gamma": 0.03957105418335146, "lamda": 1.4359033241682626}, "datetime": {"datetime": "2021-09-24 19:53:13", "elapsed": 90.487204, "delta": 0.688937}}
{"target": -43.53796323500054, "params": {"C": 580.1428808823221, "epsilon": 0.6769628329352549, "gamma": 0.04652709512450722, "lamda": 1.1841191038599836}, "datetime": {"datetime": "2021-09-24 19:53:14", "elapsed": 91.460843, "delta": 0.973639}}
{"target": -43.769871690320606, "params": {"C": 516.2006739254514, "epsilon": 0.749964619734279, "gamma": 0.05090784952063713, "lamda": 0.8097986205362726}, "datetime": {"datetime": "2021-09-24 19:53:14", "elapsed": 92.157185, "delta": 0.696342}}
{"target": -44.10232494622562, "params": {"C": 435.92536604923805, "epsilon": 0.6907816937694133, "gamma": 0.00502813872007002, "lamda": 1.6808459482606186}, "datetime": {"datetime": "2021-09-24 19:53:15", "elapsed": 92.970159, "delta": 0.812974}}
{"target": -43.208302459925996, "params": {"C": 525.21071838971, "epsilon": 0.747643497471546, "gamma": 0.02952432430131559, "lamda": 1.2912942884856022}, "datetime": {"datetime": "2021-09-24 19:53:16", "elapsed": 93.774563, "delta": 0.804404}}
{"target": -44.766953099149674, "params": {"C": 497.85632511790675, "epsilon": 0.9393862994819622, "gamma": 0.10868706000481361, "lamda": 1.2939917731669919}, "datetime": {"datetime": "2021-09-24 19:53:16", "elapsed": 94.456715, "delta": 0.682152}}
{"target": -43.39012280024081, "params": {"C": 381.1025007121531, "epsilon": 0.8563467517383154, "gamma": 0.02700825760744996, "lamda": 1.9637400392976982}, "datetime": {"datetime": "2021-09-24 19:53:17", "elapsed": 95.183657, "delta": 0.726942}}
{"target": -43.5261405242135, "params": {"C": 539.5751710231326, "epsilon": 0.9776964851819837, "gamma": 0.05627757177168416, "lamda": 1.419473060543233}, "datetime": {"datetime": "2021-09-24 19:53:18", "elapsed": 95.9142, "delta": 0.730543}}
{"target": -45.07258918563442, "params": {"C": 540.2783525914988, "epsilon": 0.7983041793376129, "gamma": 0.11976699907943218, "lamda": 1.4093040072435394}, "datetime": {"datetime": "2021-09-24 19:53:19", "elapsed": 96.615946, "delta": 0.701746}}
{"target": -43.73320330793244, "params": {"C": 480.65061551554857, "epsilon": 0.8183698284054279, "gamma": 0.06105157460858864, "lamda": 1.1216257505696015}, "datetime": {"datetime": "2021-09-24 19:53:19", "elapsed": 97.388974, "delta": 0.773028}}
{"target": -44.01347032799841, "params": {"C": 589.5909137352373, "epsilon": 0.6487958907351703, "gamma": 0.05506633618545769, "lamda": 0.8015084338821137}, "datetime": {"datetime": "2021-09-24 19:53:20", "elapsed": 98.255366, "delta": 0.866392}}
{"target": -45.26787428464434, "params": {"C": 412.15202220672836, "epsilon": 0.94052593151259, "gamma": 0.003559829976362854, "lamda": 1.537155058274418}, "datetime": {"datetime": "2021-09-24 19:53:21", "elapsed": 99.032359, "delta": 0.776993}}
{"target": -44.576060338686936, "params": {"C": 484.5913071229384, "epsilon": 0.619112813176826, "gamma": 0.09766714857333991, "lamda": 1.6853439628562126}, "datetime": {"datetime": "2021-09-24 19:53:22", "elapsed": 99.816177, "delta": 0.783818}}
{"target": -43.29787037563581, "params": {"C": 513.2008251873218, "epsilon": 0.8654726904478343, "gamma": 0.0128010942116535, "lamda": 0.9700424682438378}, "datetime": {"datetime": "2021-09-24 19:53:23", "elapsed": 100.745728, "delta": 0.929551}}
{"target": -43.571618774737814, "params": {"C": 525.2107857335677, "epsilon": 0.7762723341327123, "gamma": 0.055275765200584866, "lamda": 1.3432432971273776}, "datetime": {"datetime": "2021-09-24 19:53:24", "elapsed": 101.562765, "delta": 0.817037}}
{"target": -43.22085759740923, "params": {"C": 363.9605724673452, "epsilon": 0.7189617237989261, "gamma": 0.016559986188600044, "lamda": 1.1327910146177822}, "datetime": {"datetime": "2021-09-24 19:53:24", "elapsed": 102.413308, "delta": 0.850543}}
{"target": -43.18795990344666, "params": {"C": 525.220400865204, "epsilon": 0.8265232567291793, "gamma": 0.027179612412557733, "lamda": 1.3570610271336974}, "datetime": {"datetime": "2021-09-24 19:53:25", "elapsed": 103.189833, "delta": 0.776525}}
{"target": -43.23995848771066, "params": {"C": 352.0196294281865, "epsilon": 0.7040350746372326, "gamma": 0.02046268221816492, "lamda": 1.5095457259638274}, "datetime": {"datetime": "2021-09-24 19:53:26", "elapsed": 103.904058, "delta": 0.714225}}
{"target": -43.241090667201945, "params": {"C": 572.1827113713081, "epsilon": 0.999589048844757, "gamma": 0.03270885464309609, "lamda": 1.0516558626714394}, "datetime": {"datetime": "2021-09-24 19:53:27", "elapsed": 104.762421, "delta": 0.858363}}
{"target": -43.84602438004213, "params": {"C": 357.51232342420667, "epsilon": 0.9787759745204951, "gamma": 0.00861574679925553, "lamda": 1.5228825456666664}, "datetime": {"datetime": "2021-09-24 19:53:28", "elapsed": 105.551663, "delta": 0.789242}}
