{"target": -44.76279851381644, "params": {"C": 354.174218732959, "epsilon": 0.9089769691377881, "gamma": 0.10601345792220954, "lamda": 1.1701031915847329}, "datetime": {"datetime": "2021-09-24 19:51:47", "elapsed": 4.579202, "delta": 0.287906}}
{"target": -44.27284888026155, "params": {"C": 423.7893940585126, "epsilon": 0.8775934292158867, "gamma": 0.09185612241163306, "lamda": 1.6801385365831796}, "datetime": {"datetime": "2021-09-24 19:51:47", "elapsed": 4.908517, "delta": 0.329315}}
{"target": -45.02280109471449, "params": {"C": 357.60601435791193, "epsilon": 0.9071000198879242, "gamma": 0.119891140660211, "lamda": 1.4136514146698362}, "datetime": {"datetime": "2021-09-24 19:51:47", "elapsed": 5.209043, "delta": 0.300526}}
{"target": -43.65924725859297, "params": {"C": 486.4280948690995, "epsilon": 0.758477382651009, "gamma": 0.04738685032543677, "lamda": 0.8321827003775109}, "datetime": {"datetime": "2021-09-24 19:51:48", "elapsed": 5.551851, "delta": 0.342808}}
{"target": -47.47251134501349, "params": {"C": 358.11825658846715, "epsilon": 0.9879270946458447, "gamma": 0.0024506516350865813, "lamda": 1.9444498928399605}, "datetime": {"datetime": "2021-09-24 19:51:48", "elapsed": 5.885634, "delta": 0.333783}}
{"target": -43.361537434687534, "params": {"C": 493.94025027045643, "epsilon": 0.9620939265608277, "gamma": 0.020433391336586552, "lamda": 1.4101749724713097}, "datetime": {"datetime": "2021-09-24 19:51:48", "elapsed": 6.216859, "delta": 0.331225}}
{"target": -44.33432687235772, "params": {"C": 535.3256369702397, "epsilon": 0.9228116489950913, "gamma": 0.09339459019775401, "lamda": 1.4842842812517358}, "datetime": {"datetime": "2021-09-24 19:51:49", "elapsed": 6.574856, "delta": 0.357997}}
{"target": -44.207560923649986, "params": {"C": 421.18833923861547, "epsilon": 0.5710197904593725, "gamma": 0.08141345924270108, "lamda": 1.7668057699591695}, "datetime": {"datetime": "2021-09-24 19:51:49", "elapsed": 6.907428, "delta": 0.332572}}
{"target": -43.64174644574081, "params": {"C": 506.45112766915173, "epsilon": 0.9208505984724864, "gamma": 0.05629278426769652, "lamda": 0.9771974990764062}, "datetime": {"datetime": "2021-09-24 19:51:49", "elapsed": 7.308255, "delta": 0.400827}}
{"target": -43.20920230487268, "params": {"C": 391.0699599221568, "epsilon": 0.9624229678012057, "gamma": 0.030120313913470826, "lamda": 1.289951541489963}, "datetime": {"datetime": "2021-09-24 19:51:50", "elapsed": 7.647256, "delta": 0.339001}}
{"target": -43.40977970298269, "params": {"C": 393.9235329759904, "epsilon": 0.9124856970586996, "gamma": 0.026855167890559535, "lamda": 1.9037750660905264}, "datetime": {"datetime": "2021-09-24 19:51:50", "elapsed": 7.977253, "delta": 0.329997}}
{"target": -43.317624374129295, "params": {"C": 542.2548767264263, "epsilon": 0.9162706699903165, "gamma": 0.036051344276461124, "lamda": 1.9101194790054679}, "datetime": {"datetime": "2021-09-24 19:51:50", "elapsed": 8.292849, "delta": 0.315596}}
{"target": -43.188788574395176, "params": {"C": 580.1251752254782, "epsilon": 0.7304964099123259, "gamma": 0.023782584337236727, "lamda": 1.104285973272536}, "datetime": {"datetime": "2021-09-24 19:51:51", "elapsed": 8.625111, "delta": 0.332262}}
{"target": -44.709957864405176, "params": {"C": 417.3930423282691, "epsilon": 0.7444447738587585, "gamma": 0.1080672127491986, "lamda": 1.9336736387501587}, "datetime": {"datetime": "2021-09-24 19:51:51", "elapsed": 8.928456, "delta": 0.303345}}
{"target": -43.528474035098384, "params": {"C": 345.3443282013924, "epsilon": 0.7277787963005893, "gamma": 0.04656888472078285, "lamda": 1.1328774508947534}, "datetime": {"datetime": "2021-09-24 19:51:51", "elapsed": 9.251821, "delta": 0.323365}}
{"target": -45.04083208500719, "params": {"C": 598.6121035242446, "epsilon": 0.8058109389693928, "gamma": 0.11093248757670023, "lamda": 1.0700728628156448}, "datetime": {"datetime": "2021-09-24 19:51:52", "elapsed": 9.64707, "delta": 0.395249}}
{"target": -44.852824612419354, "params": {"C": 542.2923231213863, "epsilon": 0.6870193911166347, "gamma": 0.09110934045544754, "lamda": 0.9461246644858642}, "datetime": {"datetime": "2021-09-24 19:51:52", "elapsed": 10.013733, "delta": 0.366663}}
{"target": -43.23082310150071, "params": {"C": 409.9648544096536, "epsilon": 0.516525829340904, "gamma": 0.017672598558287192, "lamda": 1.7311975897944285}, "datetime": {"datetime": "2021-09-24 19:51:52", "elapsed": 10.3518, "delta": 0.338067}}
{"target": -45.324287558246475, "params": {"C": 510.62546103808916, "epsilon": 0.6932791218434561, "gamma": 0.11370397161104238, "lamda": 0.9904314113517458}, "datetime": {"datetime": "2021-09-24 19:51:53", "elapsed": 10.670176, "delta": 0.318376}}
{"target": -43.47093417151755, "params": {"C": 466.80207579354055, "epsilon": 0.7777998345115912, "gamma": 0.03895884071903981, "lamda": 0.921264337040671}, "datetime": {"datetime": "2021-09-24 19:51:53", "elapsed": 11.013174, "delta": 0.342998}}
{"target": -45.08993087117546, "params": {"C": 568.5345840206656, "epsilon": 0.5485575396950251, "gamma": 0.10789258467762793, "lamda": 1.3890461816995998}, "datetime": {"datetime": "2021-09-24 19:51:53", "elapsed": 11.415996, "delta": 0.402822}}
{"target": -44.41159248649859, "params": {"C": 501.62702061187656, "epsilon": 0.768844004095742, "gamma": 0.08515261730465142, "lamda": 1.1382162682364914}, "datetime": {"datetime": "2021-09-24 19:51:54", "elapsed": 11.755201, "delta": 0.339205}}
{"target": -44.294605564035336, "params": {"C": 346.5617866667119, "epsilon": 0.7983279907795735, "gamma": 0.09291704215839117, "lamda": 1.9582592308504811}, "datetime": {"datetime": "2021-09-24 19:51:54", "elapsed": 12.086234, "delta": 0.331033}}
{"target": -44.13664662033609, "params": {"C": 396.1645589546988, "epsilon": 0.5468450828137519, "gamma": 0.06378045721240037, "lamda": 1.095832503872606}, "datetime": {"datetime": "2021-09-24 19:51:55", "elapsed": 12.48234, "delta": 0.396106}}
{"target": -44.13250557683604, "params": {"C": 460.8106215834547, "epsilon": 0.5884098372018363, "gamma": 0.07588333816105511, "lamda": 1.5438754929631915}, "datetime": {"datetime": "2021-09-24 19:51:55", "elapsed": 12.837377, "delta": 0.355037}}
{"target": -43.861125055233295, "params": {"C": 405.88890373041113, "epsilon": 0.9652791086044262, "gamma": 0.07570957744760543, "lamda": 1.6602435231144006}, "datetime": {"datetime": "2021-09-24 19:51:55", "elapsed": 13.231565, "delta": 0.394188}}
{"target": -45.230433450976435, "params": {"C": 484.666838361361, "epsilon": 0.6099641615845801, "gamma": 0.10086890841217852, "lamda": 0.9610165742468831}, "datetime": {"datetime": "2021-09-24 19:51:56", "elapsed": 13.620602, "delta": 0.389037}}
{"target": -44.20721755003517, "params": {"C": 445.968050420349, "epsilon": 0.7955204627681887, "gamma": 0.08186830490912475, "lamda": 1.3046452899809107}, "datetime": {"datetime": "2021-09-24 19:51:56", "elapsed": 14.064928, "delta": 0.444326}}
{"target": -45.511452636657005, "params": {"C": 582.4096415988886, "epsilon": 0.5506176629166941, "gamma": 0.1171955178252857, "lamda": 1.1162925988567896}, "datetime": {"datetime": "2021-09-24 19:51:57", "elapsed": 14.48021, "delta": 0.415282}}
{"target": -43.17713029895982, "params": {"C": 352.0410234056762, "epsilon": 0.5878636322229176, "gamma": 0.013602719082775945, "lamda": 0.8911887268097659}, "datetime": {"datetime": "2021-09-24 19:51:57", "elapsed": 14.955012, "delta": 0.474802}}
{"target": -46.62256240650822, "params": {"C": 359.93242958765995, "epsilon": 0.728599084109631, "gamma": 0.0021197331335174843, "lamda": 1.816454151675418}, "datetime": {"datetime": "2021-09-24 19:51:57", "elapsed": 15.321471, "delta": 0.366459}}
{"target": -45.28418507797534, "params": {"C": 590.6197886735401, "epsilon": 0.5830315366353744, "gamma": 0.11775319571680795, "lamda": 1.3373475834704}, "datetime": {"datetime": "2021-09-24 19:51:58", "elapsed": 15.727689, "delta": 0.406218}}
{"target": -43.65258835011595, "params": {"C": 432.1630086586563, "epsilon": 0.7196799835931404, "gamma": 0.05350801906417588, "lamda": 1.0975223730910546}, "datetime": {"datetime": "2021-09-24 19:51:58", "elapsed": 16.210001, "delta": 0.482312}}
{"target": -43.38231521186548, "params": {"C": 489.7790222861811, "epsilon": 0.7827128562024099, "gamma": 0.03321920186966606, "lamda": 0.9159988382880565}, "datetime": {"datetime": "2021-09-24 19:51:59", "elapsed": 16.590001, "delta": 0.38}}
{"target": -45.191194299738996, "params": {"C": 564.3868749253778, "epsilon": 0.5239643788773737, "gamma": 0.10783794491464307, "lamda": 1.3208365692568638}, "datetime": {"datetime": "2021-09-24 19:51:59", "elapsed": 16.981088, "delta": 0.391087}}
{"target": -43.51413286944582, "params": {"C": 535.0418572069241, "epsilon": 0.7576757318558753, "gamma": 0.04559012725712613, "lamda": 1.0928381303315478}, "datetime": {"datetime": "2021-09-24 19:51:59", "elapsed": 17.437373, "delta": 0.456285}}
{"target": -43.960832387782126, "params": {"C": 348.4219007465067, "epsilon": 0.7180807442934282, "gamma": 0.06794778213323106, "lamda": 1.1718502876606656}, "datetime": {"datetime": "2021-09-24 19:52:00", "elapsed": 17.829411, "delta": 0.392038}}
{"target": -44.17222721437273, "params": {"C": 456.31202384322086, "epsilon": 0.7094894578977508, "gamma": 0.08413925215976352, "lamda": 1.6937903886378523}, "datetime": {"datetime": "2021-09-24 19:52:00", "elapsed": 18.212319, "delta": 0.382908}}
{"target": -43.576203451196164, "params": {"C": 375.5063949316653, "epsilon": 0.6341745203775815, "gamma": 0.04246417508942825, "lamda": 0.9960429924059332}, "datetime": {"datetime": "2021-09-24 19:52:01", "elapsed": 18.644316, "delta": 0.431997}}
{"target": -43.90802782087894, "params": {"C": 527.6816903342013, "epsilon": 0.8510774502102199, "gamma": 0.07042705007857473, "lamda": 1.2205190331399187}, "datetime": {"datetime": "2021-09-24 19:52:01", "elapsed": 19.042318, "delta": 0.398002}}
{"target": -43.18794302993869, "params": {"C": 410.3146463577944, "epsilon": 0.657105269827781, "gamma": 0.02350606582640516, "lamda": 1.1895400949759267}, "datetime": {"datetime": "2021-09-24 19:52:01", "elapsed": 19.454635, "delta": 0.412317}}
{"target": -43.41744100238884, "params": {"C": 580.5648852403879, "epsilon": 0.9990659361085624, "gamma": 0.04904270121234942, "lamda": 1.469613298134132}, "datetime": {"datetime": "2021-09-24 19:52:02", "elapsed": 19.841505, "delta": 0.38687}}
{"target": -43.473318281194956, "params": {"C": 363.9481739673056, "epsilon": 0.7423863144176239, "gamma": 0.04217690075852432, "lamda": 1.0883424141967664}, "datetime": {"datetime": "2021-09-24 19:52:02", "elapsed": 20.301171, "delta": 0.459666}}
{"target": -43.299712017603525, "params": {"C": 544.0904636248647, "epsilon": 0.5910260143433528, "gamma": 0.0074237321480032335, "lamda": 0.8664120419736108}, "datetime": {"datetime": "2021-09-24 19:52:03", "elapsed": 20.740069, "delta": 0.438898}}
{"target": -44.37072686904257, "params": {"C": 489.77555920756015, "epsilon": 0.5468096078269263, "gamma": 0.07190242797065698, "lamda": 1.0853174385468463}, "datetime": {"datetime": "2021-09-24 19:52:03", "elapsed": 21.217337, "delta": 0.477268}}
{"target": -43.54168056716599, "params": {"C": 367.2949231855375, "epsilon": 0.8605508288665249, "gamma": 0.05608666591771576, "lamda": 1.4385961000484748}, "datetime": {"datetime": "2021-09-24 19:52:04", "elapsed": 21.643476, "delta": 0.426139}}
{"target": -43.87038209362894, "params": {"C": 401.7087529472998, "epsilon": 0.6034291195821265, "gamma": 0.07179771955141472, "lamda": 1.9242176460419462}, "datetime": {"datetime": "2021-09-24 19:52:04", "elapsed": 22.119446, "delta": 0.47597}}
{"target": -44.97874704078971, "params": {"C": 562.0378805851341, "epsilon": 0.5245509411255742, "gamma": 0.11256324120559737, "lamda": 1.8451126897694274}, "datetime": {"datetime": "2021-09-24 19:52:05", "elapsed": 22.572481, "delta": 0.453035}}
{"target": -44.94522014058982, "params": {"C": 371.01181398366316, "epsilon": 0.720421676473783, "gamma": 0.003241683205548508, "lamda": 1.6248849657286302}, "datetime": {"datetime": "2021-09-24 19:52:05", "elapsed": 22.980439, "delta": 0.407958}}
{"target": -45.038780467542175, "params": {"C": 440.80220637999076, "epsilon": 0.5608329350371313, "gamma": 0.09209196676247579, "lamda": 1.0145692255355296}, "datetime": {"datetime": "2021-09-24 19:52:05", "elapsed": 23.430495, "delta": 0.450056}}
{"target": -43.647931432423405, "params": {"C": 495.470021600396, "epsilon": 0.7345130323056621, "gamma": 0.06357280758771063, "lamda": 1.7129103155996401}, "datetime": {"datetime": "2021-09-24 19:52:06", "elapsed": 23.87649, "delta": 0.445995}}
{"target": -44.01016783990108, "params": {"C": 438.8726643291195, "epsilon": 0.8674601404951217, "gamma": 0.07359858820115524, "lamda": 1.1666008993236052}, "datetime": {"datetime": "2021-09-24 19:52:06", "elapsed": 24.287319, "delta": 0.410829}}
{"target": -43.183357089189, "params": {"C": 553.4675934057273, "epsilon": 0.567160028577683, "gamma": 0.02633739886028491, "lamda": 1.6739313253666857}, "datetime": {"datetime": "2021-09-24 19:52:07", "elapsed": 24.751507, "delta": 0.464188}}
{"target": -43.19519830709468, "params": {"C": 513.2159663481352, "epsilon": 0.9133161647066548, "gamma": 0.018638156704509534, "lamda": 0.9297111236968343}, "datetime": {"datetime": "2021-09-24 19:52:07", "elapsed": 25.180884, "delta": 0.429377}}
{"target": -43.30714153463104, "params": {"C": 412.2379061501142, "epsilon": 0.9249146377899042, "gamma": 0.0265492632742135, "lamda": 1.5837431647824003}, "datetime": {"datetime": "2021-09-24 19:52:08", "elapsed": 25.613378, "delta": 0.432494}}
{"target": -43.35862725717211, "params": {"C": 371.7029291818609, "epsilon": 0.8203313834075733, "gamma": 0.04217916010902187, "lamda": 1.3934286463670436}, "datetime": {"datetime": "2021-09-24 19:52:08", "elapsed": 26.028693, "delta": 0.415315}}
{"target": -43.45199865079735, "params": {"C": 595.2440380560629, "epsilon": 0.6069563149769153, "gamma": 0.041195702416260034, "lamda": 1.329001683613261}, "datetime": {"datetime": "2021-09-24 19:52:09", "elapsed": 26.506803, "delta": 0.47811}}
{"target": -44.41233732675084, "params": {"C": 453.29498742465705, "epsilon": 0.5088773972413636, "gamma": 0.08445472659326742, "lamda": 1.6633046772248479}, "datetime": {"datetime": "2021-09-24 19:52:09", "elapsed": 26.982885, "delta": 0.476082}}
{"target": -43.60074625586315, "params": {"C": 343.5437526869351, "epsilon": 0.7339332064145725, "gamma": 0.058029696186827365, "lamda": 1.4687686498359396}, "datetime": {"datetime": "2021-09-24 19:52:10", "elapsed": 27.499652, "delta": 0.516767}}
{"target": -43.411823659342936, "params": {"C": 556.9396614523537, "epsilon": 0.6395512642646929, "gamma": 0.03342116449181258, "lamda": 1.0194752391224047}, "datetime": {"datetime": "2021-09-24 19:52:10", "elapsed": 27.950571, "delta": 0.450919}}
{"target": -43.1821369084777, "params": {"C": 435.8671629504365, "epsilon": 0.6877200875397134, "gamma": 0.026214777973145233, "lamda": 1.6472605767885287}, "datetime": {"datetime": "2021-09-24 19:52:10", "elapsed": 28.402798, "delta": 0.452227}}
{"target": -43.41181237339318, "params": {"C": 435.22525033980344, "epsilon": 0.922369100731889, "gamma": 0.028355585770954643, "lamda": 1.947771107737944}, "datetime": {"datetime": "2021-09-24 19:52:11", "elapsed": 28.895763, "delta": 0.492965}}
{"target": -43.52925624776818, "params": {"C": 525.0741084281665, "epsilon": 0.8120235585590034, "gamma": 0.011708478311762669, "lamda": 1.521416163933751}, "datetime": {"datetime": "2021-09-24 19:52:11", "elapsed": 29.394761, "delta": 0.498998}}
{"target": -43.86618946004987, "params": {"C": 369.21283927311737, "epsilon": 0.5350836384112667, "gamma": 0.054781524223562396, "lamda": 1.1383065173992393}, "datetime": {"datetime": "2021-09-24 19:52:12", "elapsed": 29.829612, "delta": 0.434851}}
{"target": -43.551636023673936, "params": {"C": 449.7960386207362, "epsilon": 0.585732177000827, "gamma": 0.03710040982089369, "lamda": 0.9099887425559288}, "datetime": {"datetime": "2021-09-24 19:52:12", "elapsed": 30.334834, "delta": 0.505222}}
{"target": -43.515871944960715, "params": {"C": 531.0727710365386, "epsilon": 0.8735643489693015, "gamma": 0.04238307417724559, "lamda": 0.8486130870612598}, "datetime": {"datetime": "2021-09-24 19:52:13", "elapsed": 30.800937, "delta": 0.466103}}
{"target": -45.12158514258687, "params": {"C": 568.4167579368782, "epsilon": 0.771408622555976, "gamma": 0.1128796310475473, "lamda": 1.0749159192085114}, "datetime": {"datetime": "2021-09-24 19:52:13", "elapsed": 31.233085, "delta": 0.432148}}
{"target": -43.35131609948111, "params": {"C": 473.14107006546607, "epsilon": 0.7692493137133201, "gamma": 0.04194783731530922, "lamda": 1.49964093123741}, "datetime": {"datetime": "2021-09-24 19:52:14", "elapsed": 31.720075, "delta": 0.48699}}
{"target": -43.85636965352215, "params": {"C": 564.0297342770975, "epsilon": 0.6996984490290268, "gamma": 0.07127232796335127, "lamda": 1.6764825696994485}, "datetime": {"datetime": "2021-09-24 19:52:14", "elapsed": 32.190086, "delta": 0.470011}}
{"target": -43.35314734060248, "params": {"C": 468.317709133995, "epsilon": 0.6047502782707463, "gamma": 0.0374375477694723, "lamda": 1.5199364178105568}, "datetime": {"datetime": "2021-09-24 19:52:15", "elapsed": 32.68448, "delta": 0.494394}}
{"target": -44.097740191857596, "params": {"C": 367.0037923920388, "epsilon": 0.5259001954248573, "gamma": 0.05973358693378425, "lamda": 1.048801234934861}, "datetime": {"datetime": "2021-09-24 19:52:15", "elapsed": 33.148736, "delta": 0.464256}}
{"target": -43.64751864122716, "params": {"C": 407.0471430821457, "epsilon": 0.9699875652034646, "gamma": 0.012531979782060856, "lamda": 1.6280750435537272}, "datetime": {"datetime": "2021-09-24 19:52:16", "elapsed": 33.697789, "delta": 0.549053}}
{"target": -43.7583567616951, "params": {"C": 570.7047665497257, "epsilon": 0.8140036819992543, "gamma": 0.06834105160316123, "lamda": 1.545726636365126}, "datetime": {"datetime": "2021-09-24 19:52:16", "elapsed": 34.173336, "delta": 0.475547}}
{"target": -44.90364331250221, "params": {"C": 484.5102804702351, "epsilon": 0.5331376661719688, "gamma": 0.07884841670994716, "lamda": 0.8792851174769506}, "datetime": {"datetime": "2021-09-24 19:52:17", "elapsed": 34.667495, "delta": 0.494159}}
{"target": -43.17765347218356, "params": {"C": 410.17944961556395, "epsilon": 0.5722281286293067, "gamma": 0.02232806131718501, "lamda": 1.3754078067300894}, "datetime": {"datetime": "2021-09-24 19:52:17", "elapsed": 35.318526, "delta": 0.651031}}
{"target": -44.818800240808486, "params": {"C": 460.8089540689045, "epsilon": 0.6284628772121241, "gamma": 0.10642629050714242, "lamda": 1.5722162481975903}, "datetime": {"datetime": "2021-09-24 19:52:18", "elapsed": 35.839865, "delta": 0.521339}}
{"target": -44.10729783088364, "params": {"C": 410.18335203341115, "epsilon": 0.6639805023395478, "gamma": 0.07298885645073175, "lamda": 1.2622608753160538}, "datetime": {"datetime": "2021-09-24 19:52:19", "elapsed": 36.689861, "delta": 0.849996}}
{"target": -44.72901987359691, "params": {"C": 355.52680426531407, "epsilon": 0.6905725721612079, "gamma": 0.10843538564964808, "lamda": 1.9971051641705118}, "datetime": {"datetime": "2021-09-24 19:52:19", "elapsed": 37.160634, "delta": 0.470773}}
{"target": -43.676862071144626, "params": {"C": 531.0605336577319, "epsilon": 0.8731987032362769, "gamma": 0.052952562407875145, "lamda": 0.8538432390755701}, "datetime": {"datetime": "2021-09-24 19:52:20", "elapsed": 37.625118, "delta": 0.464484}}
{"target": -44.66341720627443, "params": {"C": 560.8955363614501, "epsilon": 0.6847621303512987, "gamma": 0.08364018061249118, "lamda": 0.9262297009376086}, "datetime": {"datetime": "2021-09-24 19:52:20", "elapsed": 38.129121, "delta": 0.504003}}
{"target": -44.49377121803663, "params": {"C": 560.7411320737832, "epsilon": 0.6282218876599974, "gamma": 0.09410342444233027, "lamda": 1.6621245981480937}, "datetime": {"datetime": "2021-09-24 19:52:21", "elapsed": 38.637965, "delta": 0.508844}}
{"target": -45.05924797187678, "params": {"C": 352.1330107206711, "epsilon": 0.5729892105343097, "gamma": 0.08958009746842045, "lamda": 0.9272627563028406}, "datetime": {"datetime": "2021-09-24 19:52:21", "elapsed": 39.193829, "delta": 0.555864}}
{"target": -44.513188503902974, "params": {"C": 582.9186789021003, "epsilon": 0.5417514918480776, "gamma": 0.0788447789036657, "lamda": 1.1676443840885948}, "datetime": {"datetime": "2021-09-24 19:52:22", "elapsed": 39.673811, "delta": 0.479982}}
{"target": -43.32831048448543, "params": {"C": 345.3477640804133, "epsilon": 0.7051724510566801, "gamma": 0.03241924931375786, "lamda": 1.1338494193097535}, "datetime": {"datetime": "2021-09-24 19:52:22", "elapsed": 40.176709, "delta": 0.502898}}
{"target": -44.202358939731525, "params": {"C": 564.9138235164556, "epsilon": 0.8248312146592736, "gamma": 0.08922437333502493, "lamda": 1.8047343723579685}, "datetime": {"datetime": "2021-09-24 19:52:23", "elapsed": 40.682753, "delta": 0.506044}}
{"target": -45.16959465868086, "params": {"C": 513.200424051765, "epsilon": 0.8851013306292629, "gamma": 0.11541525996783772, "lamda": 0.9477855988402337}, "datetime": {"datetime": "2021-09-24 19:52:23", "elapsed": 41.191214, "delta": 0.508461}}
{"target": -43.19606042216395, "params": {"C": 360.4543803006075, "epsilon": 0.6490819674287494, "gamma": 0.02915529495965028, "lamda": 1.710692026067247}, "datetime": {"datetime": "2021-09-24 19:52:24", "elapsed": 41.704411, "delta": 0.513197}}
{"target": -43.90623917174848, "params": {"C": 446.98334772582143, "epsilon": 0.9040478325432924, "gamma": 0.06791633471980082, "lamda": 1.0257541824151377}, "datetime": {"datetime": "2021-09-24 19:52:24", "elapsed": 42.205536, "delta": 0.501125}}
{"target": -44.97665649567923, "params": {"C": 360.4809110168501, "epsilon": 0.6034770325917804, "gamma": 0.11440942839204857, "lamda": 1.7420066074260938}, "datetime": {"datetime": "2021-09-24 19:52:25", "elapsed": 42.76421, "delta": 0.558674}}
