{"target": -44.02257647740385, "params": {"C": 36.180925734639494, "epsilon": 0.5691112055781112, "gamma": 0.061193182098859766, "lamda": 0.5688927092812615}, "datetime": {"datetime": "2021-09-24 18:05:18", "elapsed": 389.867577, "delta": 2.692552}}
{"target": -43.8369243595164, "params": {"C": 41.789688216882794, "epsilon": 0.876067045867492, "gamma": 0.042398719370035344, "lamda": 0.7085246529209532}, "datetime": {"datetime": "2021-09-24 18:05:19", "elapsed": 391.147111, "delta": 1.279534}}
{"target": -44.399332163779064, "params": {"C": 41.911930064223846, "epsilon": 0.6989020414551894, "gamma": 0.07044035299443986, "lamda": 0.5136344574949026}, "datetime": {"datetime": "2021-09-24 18:05:22", "elapsed": 393.680148, "delta": 2.533037}}
{"target": -44.134747558012194, "params": {"C": 36.05542722141187, "epsilon": 0.8196842731035752, "gamma": 0.06880369979384568, "lamda": 0.403276840376878}, "datetime": {"datetime": "2021-09-24 18:05:24", "elapsed": 395.942848, "delta": 2.2627}}
{"target": -44.72799638502265, "params": {"C": 25.306444005410615, "epsilon": 0.001, "gamma": 0.12, "lamda": 0.6443948031183225}, "datetime": {"datetime": "2021-09-24 18:05:27", "elapsed": 398.826378, "delta": 2.88353}}
{"target": -52.97625171832602, "params": {"C": 24.159124257593728, "epsilon": 0.36050567114400345, "gamma": 0.001, "lamda": 0.9177133046178261}, "datetime": {"datetime": "2021-09-24 18:05:30", "elapsed": 401.506841, "delta": 2.680463}}
{"target": -44.343282334812464, "params": {"C": 24.4804481884964, "epsilon": 0.005752898258573136, "gamma": 0.008121967884172292, "lamda": 0.9159524283805148}, "datetime": {"datetime": "2021-09-24 18:05:33", "elapsed": 404.59185, "delta": 3.085009}}
{"target": -44.447643756488446, "params": {"C": 36.08759861297411, "epsilon": 0.4665611425183165, "gamma": 0.09056106230161096, "lamda": 0.3586904959441797}, "datetime": {"datetime": "2021-09-24 18:05:35", "elapsed": 406.938854, "delta": 2.347004}}
{"target": -43.74617989763967, "params": {"C": 24.096090091864518, "epsilon": 0.040226256992802356, "gamma": 0.02885531295061082, "lamda": 0.5833554469881428}, "datetime": {"datetime": "2021-09-24 18:05:37", "elapsed": 409.370571, "delta": 2.431717}}
{"target": -43.77015485264245, "params": {"C": 27.55378404310289, "epsilon": 0.9607851637914162, "gamma": 0.02237918130868321, "lamda": 0.1574259775336975}, "datetime": {"datetime": "2021-09-24 18:05:40", "elapsed": 411.989597, "delta": 2.619026}}
{"target": -44.79548772790906, "params": {"C": 27.793590497181548, "epsilon": 0.9477121572861151, "gamma": 0.11795833485840082, "lamda": 0.2499923006089973}, "datetime": {"datetime": "2021-09-24 18:05:43", "elapsed": 414.641603, "delta": 2.652006}}
{"target": -45.18734766925838, "params": {"C": 44.778056114023414, "epsilon": 0.7777297490415231, "gamma": 0.12, "lamda": 0.0001}, "datetime": {"datetime": "2021-09-24 18:05:45", "elapsed": 417.234733, "delta": 2.59313}}
{"target": -52.31123798324756, "params": {"C": 27.240783773775846, "epsilon": 0.5201971412128842, "gamma": 0.001, "lamda": 0.19387309009403803}, "datetime": {"datetime": "2021-09-24 18:05:49", "elapsed": 420.433291, "delta": 3.198558}}
{"target": -43.912692609469715, "params": {"C": 11.498560285595895, "epsilon": 0.8345391312157674, "gamma": 0.04687198857196263, "lamda": 0.17214765671064608}, "datetime": {"datetime": "2021-09-24 18:05:50", "elapsed": 421.930291, "delta": 1.497}}
{"target": -43.82074659060624, "params": {"C": 27.39830358849821, "epsilon": 0.6650404865227202, "gamma": 0.05176883032498664, "lamda": 0.6037752409413073}, "datetime": {"datetime": "2021-09-24 18:05:53", "elapsed": 424.59629, "delta": 2.665999}}
{"target": -43.8831558697763, "params": {"C": 44.03650450480138, "epsilon": 0.24078750884383024, "gamma": 0.03918889760023397, "lamda": 0.6096892110464401}, "datetime": {"datetime": "2021-09-24 18:05:54", "elapsed": 425.987286, "delta": 1.390996}}
{"target": -50.081559981295484, "params": {"C": 41.64321561563633, "epsilon": 0.616921901933319, "gamma": 0.001, "lamda": 0.6125849037338212}, "datetime": {"datetime": "2021-09-24 18:05:57", "elapsed": 428.745525, "delta": 2.758239}}
{"target": -49.68784761457802, "params": {"C": 42.73358354378068, "epsilon": 0.6218969018185273, "gamma": 0.001, "lamda": 0.0001}, "datetime": {"datetime": "2021-09-24 18:05:59", "elapsed": 431.248448, "delta": 2.502923}}
{"target": -43.808333980837745, "params": {"C": 40.642256547766365, "epsilon": 0.8899031117719604, "gamma": 0.041695251822032375, "lamda": 0.5722252188078115}, "datetime": {"datetime": "2021-09-24 18:06:01", "elapsed": 432.738979, "delta": 1.490531}}
{"target": -47.055096241765334, "params": {"C": 7.3517363235571365, "epsilon": 0.12378496206841831, "gamma": 0.11823277873572598, "lamda": 0.25107862729072894}, "datetime": {"datetime": "2021-09-24 18:06:02", "elapsed": 434.33849, "delta": 1.599511}}
{"target": -43.754621543049275, "params": {"C": 20.346011317329513, "epsilon": 0.6226186850257304, "gamma": 0.024307020820850105, "lamda": 0.3020640886264004}, "datetime": {"datetime": "2021-09-24 18:06:06", "elapsed": 437.623795, "delta": 3.285305}}
{"target": -44.94401500275011, "params": {"C": 41.776005497069704, "epsilon": 0.30462134505651783, "gamma": 0.10590955379117371, "lamda": 0.3421879820793463}, "datetime": {"datetime": "2021-09-24 18:06:09", "elapsed": 440.536865, "delta": 2.91307}}
{"target": -43.78862359740254, "params": {"C": 43.102036021620954, "epsilon": 1.0, "gamma": 0.04720816791063167, "lamda": 0.016339648177162366}, "datetime": {"datetime": "2021-09-24 18:06:11", "elapsed": 443.104195, "delta": 2.56733}}
{"target": -54.45694680486002, "params": {"C": 1.4950967581077692, "epsilon": 0.008833662573175562, "gamma": 0.10386138809878262, "lamda": 0.7915763877926584}, "datetime": {"datetime": "2021-09-24 18:06:13", "elapsed": 444.705035, "delta": 1.60084}}
{"target": -44.181225994273184, "params": {"C": 34.49734734654841, "epsilon": 0.6102276105415059, "gamma": 0.07996803904604641, "lamda": 0.22260337488786927}, "datetime": {"datetime": "2021-09-24 18:06:14", "elapsed": 446.179144, "delta": 1.474109}}
{"target": -44.47327383225902, "params": {"C": 30.918134398838436, "epsilon": 0.591388503142849, "gamma": 0.09627659423307705, "lamda": 0.3703187725666407}, "datetime": {"datetime": "2021-09-24 18:06:16", "elapsed": 447.674339, "delta": 1.495195}}
{"target": -43.900203891764214, "params": {"C": 20.116637015915064, "epsilon": 0.7132925114138762, "gamma": 0.08984870687696757, "lamda": 0.018998507988789586}, "datetime": {"datetime": "2021-09-24 18:06:19", "elapsed": 450.914693, "delta": 3.240354}}
{"target": -43.841245283383614, "params": {"C": 41.98762340693904, "epsilon": 0.9942911536291831, "gamma": 0.044652291438726316, "lamda": 0.5332791685951208}, "datetime": {"datetime": "2021-09-24 18:06:22", "elapsed": 453.923064, "delta": 3.008371}}
{"target": -43.73866351291678, "params": {"C": 30.327582280669468, "epsilon": 0.41979955062888347, "gamma": 0.020468663670697676, "lamda": 0.44533657064397375}, "datetime": {"datetime": "2021-09-24 18:06:24", "elapsed": 455.689, "delta": 1.765936}}
{"target": -43.83597453784897, "params": {"C": 30.59372475246722, "epsilon": 0.5010764285822675, "gamma": 0.06004322482226632, "lamda": 0.444475927371404}, "datetime": {"datetime": "2021-09-24 18:06:27", "elapsed": 458.989304, "delta": 3.300304}}
{"target": -46.35057325257966, "params": {"C": 24.22376580786424, "epsilon": 0.476519735249453, "gamma": 0.003989029939059849, "lamda": 0.5576823702394116}, "datetime": {"datetime": "2021-09-24 18:06:29", "elapsed": 460.420265, "delta": 1.430961}}
{"target": -49.741818958204775, "params": {"C": 42.33985544814944, "epsilon": 0.8145707465212537, "gamma": 0.001, "lamda": 0.04794093440427065}, "datetime": {"datetime": "2021-09-24 18:06:31", "elapsed": 463.155836, "delta": 2.735571}}
{"target": -44.44682280943977, "params": {"C": 44.370566158325204, "epsilon": 0.23962465001628447, "gamma": 0.08704523703980122, "lamda": 0.09890124798758235}, "datetime": {"datetime": "2021-09-24 18:06:33", "elapsed": 464.75086, "delta": 1.595024}}
{"target": -48.89900486398516, "params": {"C": 9.094218213164403, "epsilon": 0.6806088362926092, "gamma": 0.0062080970516248946, "lamda": 0.8361727175488601}, "datetime": {"datetime": "2021-09-24 18:06:34", "elapsed": 466.220907, "delta": 1.470047}}
{"target": -43.88037235700253, "params": {"C": 30.424928266040123, "epsilon": 0.5464629436867855, "gamma": 0.056256453483552966, "lamda": 0.6508096207075309}, "datetime": {"datetime": "2021-09-24 18:06:37", "elapsed": 469.241206, "delta": 3.020299}}
{"target": -44.856013093920545, "params": {"C": 27.564115396846628, "epsilon": 0.5468064808616173, "gamma": 0.12, "lamda": 0.48251488343998916}, "datetime": {"datetime": "2021-09-24 18:06:41", "elapsed": 472.860754, "delta": 3.619548}}
{"target": -44.15615163522579, "params": {"C": 15.58505517286915, "epsilon": 0.7083024954303528, "gamma": 0.015506281587075895, "lamda": 0.8123898854460649}, "datetime": {"datetime": "2021-09-24 18:06:42", "elapsed": 474.29386, "delta": 1.433106}}
{"target": -43.772048913008696, "params": {"C": 40.079914025947375, "epsilon": 0.5466221057730426, "gamma": 0.018224491332742978, "lamda": 0.25961406014061855}, "datetime": {"datetime": "2021-09-24 18:06:44", "elapsed": 476.053063, "delta": 1.759203}}
{"target": -44.83303126774437, "params": {"C": 30.487386293110447, "epsilon": 0.2576274673508218, "gamma": 0.12, "lamda": 0.4893013756670979}, "datetime": {"datetime": "2021-09-24 18:06:47", "elapsed": 479.002477, "delta": 2.949414}}
{"target": -43.78759331962536, "params": {"C": 27.295840549511617, "epsilon": 0.990470495927517, "gamma": 0.02543444725830089, "lamda": 0.18859003909999894}, "datetime": {"datetime": "2021-09-24 18:06:50", "elapsed": 482.365905, "delta": 3.363428}}
{"target": -43.97477956440808, "params": {"C": 45.78202001960391, "epsilon": 0.3913019988054627, "gamma": 0.05562805918961218, "lamda": 0.16147026140797774}, "datetime": {"datetime": "2021-09-24 18:06:52", "elapsed": 483.911151, "delta": 1.545246}}
{"target": -44.37197563515932, "params": {"C": 43.42895612659059, "epsilon": 0.7428163971815431, "gamma": 0.06800071440911586, "lamda": 0.4727432447580901}, "datetime": {"datetime": "2021-09-24 18:06:54", "elapsed": 485.664474, "delta": 1.753323}}
{"target": -47.187018087687136, "params": {"C": 21.850998469978645, "epsilon": 0.43817112721600154, "gamma": 0.003553834886363083, "lamda": 0.6021365429774344}, "datetime": {"datetime": "2021-09-24 18:06:55", "elapsed": 487.143182, "delta": 1.478708}}
{"target": -55.51601755559527, "params": {"C": 1.303316164080873, "epsilon": 0.4392281262260988, "gamma": 0.11549969737201965, "lamda": 0.4373612006630369}, "datetime": {"datetime": "2021-09-24 18:06:57", "elapsed": 488.690478, "delta": 1.547296}}
{"target": -43.84705989867038, "params": {"C": 42.040722447570474, "epsilon": 0.6135589869266016, "gamma": 0.021459488117198753, "lamda": 0.32161907033313436}, "datetime": {"datetime": "2021-09-24 18:07:00", "elapsed": 492.010582, "delta": 3.320104}}
{"target": -46.372835866123104, "params": {"C": 7.256564842192903, "epsilon": 0.7366314334313182, "gamma": 0.10371241912557233, "lamda": 0.5076314449276389}, "datetime": {"datetime": "2021-09-24 18:07:02", "elapsed": 493.415575, "delta": 1.404993}}
{"target": -43.871737898691265, "params": {"C": 41.66353819362165, "epsilon": 0.5390304168107608, "gamma": 0.05435955950409128, "lamda": 0.08403862596504054}, "datetime": {"datetime": "2021-09-24 18:07:04", "elapsed": 496.140578, "delta": 2.725003}}
{"target": -44.35137102388242, "params": {"C": 39.834444756825654, "epsilon": 0.5733287713314076, "gamma": 0.08542993395685171, "lamda": 0.15349360448270163}, "datetime": {"datetime": "2021-09-24 18:07:07", "elapsed": 498.78059, "delta": 2.640012}}
{"target": -45.49054807306642, "params": {"C": 46.568163319675556, "epsilon": 0.5544339820547971, "gamma": 0.11363857046141941, "lamda": 0.49011626947146597}, "datetime": {"datetime": "2021-09-24 18:07:09", "elapsed": 500.674589, "delta": 1.893999}}
{"target": -43.75238358193661, "params": {"C": 20.419888566488506, "epsilon": 0.5395566964439571, "gamma": 0.0323482709492421, "lamda": 0.20155202325092048}, "datetime": {"datetime": "2021-09-24 18:07:10", "elapsed": 502.184589, "delta": 1.51}}
{"target": -43.940736057143475, "params": {"C": 13.525897678812049, "epsilon": 0.8502282742969514, "gamma": 0.06227829454389009, "lamda": 0.16139859570605372}, "datetime": {"datetime": "2021-09-24 18:07:12", "elapsed": 504.227589, "delta": 2.043}}
{"target": -45.411676323475106, "params": {"C": 43.148719487538315, "epsilon": 0.7293728207162403, "gamma": 0.11626725649413175, "lamda": 0.3574994765604785}, "datetime": {"datetime": "2021-09-24 18:07:15", "elapsed": 506.974648, "delta": 2.747059}}
{"target": -50.01604541247651, "params": {"C": 2.5170745551006273, "epsilon": 0.37582697976318863, "gamma": 0.07110960017678594, "lamda": 0.9009645551571542}, "datetime": {"datetime": "2021-09-24 18:07:17", "elapsed": 508.418638, "delta": 1.44399}}
{"target": -47.44302290873854, "params": {"C": 39.87053465556705, "epsilon": 0.9079205108109555, "gamma": 0.00176536925246758, "lamda": 0.11987779762218138}, "datetime": {"datetime": "2021-09-24 18:07:18", "elapsed": 510.295641, "delta": 1.877003}}
{"target": -43.72164599624181, "params": {"C": 20.229497441735326, "epsilon": 0.6242464761800965, "gamma": 0.041899490915490535, "lamda": 0.14181547229191652}, "datetime": {"datetime": "2021-09-24 18:07:23", "elapsed": 514.669097, "delta": 4.373456}}
{"target": -44.261664924033376, "params": {"C": 40.28563123306248, "epsilon": 0.02093186622418456, "gamma": 0.07996286763473634, "lamda": 0.09427421336095662}, "datetime": {"datetime": "2021-09-24 18:07:24", "elapsed": 516.269281, "delta": 1.600184}}
{"target": -46.084284445757525, "params": {"C": 7.498489472892084, "epsilon": 0.2409764544022112, "gamma": 0.0179797530561012, "lamda": 0.5609632867906569}, "datetime": {"datetime": "2021-09-24 18:07:26", "elapsed": 518.139539, "delta": 1.870258}}
{"target": -43.766878889076416, "params": {"C": 30.46059637811578, "epsilon": 0.45926751935990423, "gamma": 0.04772001480238034, "lamda": 0.5226876001314373}, "datetime": {"datetime": "2021-09-24 18:07:30", "elapsed": 521.893591, "delta": 3.754052}}
{"target": -43.622294783512544, "params": {"C": 20.23032659724544, "epsilon": 0.4221665188325663, "gamma": 0.061551469472900786, "lamda": 0.14148561493584969}, "datetime": {"datetime": "2021-09-24 18:07:34", "elapsed": 525.664743, "delta": 3.771152}}
{"target": -47.419675495651916, "params": {"C": 6.417710131984107, "epsilon": 0.4426556068697076, "gamma": 0.11328314440560236, "lamda": 0.22253633688088062}, "datetime": {"datetime": "2021-09-24 18:07:36", "elapsed": 527.531774, "delta": 1.867031}}
{"target": -43.84220072799957, "params": {"C": 20.096471823740806, "epsilon": 0.5505025385825313, "gamma": 0.021986878269139084, "lamda": 0.10359949513781418}, "datetime": {"datetime": "2021-09-24 18:07:41", "elapsed": 532.638773, "delta": 5.106999}}
{"target": -44.20345971426493, "params": {"C": 44.37338902872557, "epsilon": 0.1666393687394247, "gamma": 0.07041413103302598, "lamda": 0.6372200271201781}, "datetime": {"datetime": "2021-09-24 18:07:42", "elapsed": 534.317472, "delta": 1.678699}}
{"target": -44.24567596252373, "params": {"C": 39.73159333187086, "epsilon": 0.9902771520425934, "gamma": 0.07529077805384703, "lamda": 0.19482131207239076}, "datetime": {"datetime": "2021-09-24 18:07:47", "elapsed": 538.39694, "delta": 4.079468}}
{"target": -43.85043920621087, "params": {"C": 39.82739294753512, "epsilon": 1.0, "gamma": 0.02731826992267623, "lamda": 0.09674378816820275}, "datetime": {"datetime": "2021-09-24 18:07:52", "elapsed": 543.79747, "delta": 5.40053}}
{"target": -44.281806649152124, "params": {"C": 18.39029602876252, "epsilon": 0.9523367902295493, "gamma": 0.09681330177738692, "lamda": 0.7762626602783029}, "datetime": {"datetime": "2021-09-24 18:07:54", "elapsed": 545.766349, "delta": 1.968879}}
{"target": -43.73375809202491, "params": {"C": 28.07795254497756, "epsilon": 0.7663179035605729, "gamma": 0.04673457177765076, "lamda": 0.3780944632407582}, "datetime": {"datetime": "2021-09-24 18:07:56", "elapsed": 547.609649, "delta": 1.8433}}
{"target": -43.94928704003404, "params": {"C": 42.12315645116074, "epsilon": 0.5074575890604918, "gamma": 0.05329963552268608, "lamda": 0.3465976533635864}, "datetime": {"datetime": "2021-09-24 18:08:00", "elapsed": 552.080201, "delta": 4.470552}}
{"target": -43.69615494292917, "params": {"C": 24.538421641200138, "epsilon": 0.11225724984534305, "gamma": 0.021208446180070287, "lamda": 0.7963826273825297}, "datetime": {"datetime": "2021-09-24 18:08:05", "elapsed": 556.860824, "delta": 4.780623}}
{"target": -43.58823989593528, "params": {"C": 23.004219984854334, "epsilon": 0.20823520641060303, "gamma": 0.05369274238987765, "lamda": 0.5703657874574934}, "datetime": {"datetime": "2021-09-24 18:08:10", "elapsed": 561.997796, "delta": 5.136972}}
{"target": -44.597818855415106, "params": {"C": 20.07772368169191, "epsilon": 0.6906427268018659, "gamma": 0.008614078215346672, "lamda": 0.17368423556495047}, "datetime": {"datetime": "2021-09-24 18:08:14", "elapsed": 565.754831, "delta": 3.757035}}
{"target": -46.83101967570929, "params": {"C": 4.605784109775473, "epsilon": 0.5418075709514281, "gamma": 0.059457631521826114, "lamda": 0.9098785286215184}, "datetime": {"datetime": "2021-09-24 18:08:16", "elapsed": 567.446721, "delta": 1.69189}}
{"target": -43.64273867412569, "params": {"C": 19.906630088488313, "epsilon": 0.5235611585699704, "gamma": 0.05123250899110696, "lamda": 0.1073911034402299}, "datetime": {"datetime": "2021-09-24 18:08:20", "elapsed": 571.789335, "delta": 4.342614}}
{"target": -43.79983244324059, "params": {"C": 27.441588866710187, "epsilon": 0.7060404754730316, "gamma": 0.05630061036182689, "lamda": 0.43346335612931053}, "datetime": {"datetime": "2021-09-24 18:08:24", "elapsed": 576.166037, "delta": 4.376702}}
{"target": -43.84567947947902, "params": {"C": 42.28068337593172, "epsilon": 0.5544213599229177, "gamma": 0.027676280300701534, "lamda": 0.31650308933292276}, "datetime": {"datetime": "2021-09-24 18:08:28", "elapsed": 580.142208, "delta": 3.976171}}
{"target": -43.87863370259935, "params": {"C": 39.83243321095976, "epsilon": 0.9996151914341128, "gamma": 0.0478255728610985, "lamda": 0.19682538262050142}, "datetime": {"datetime": "2021-09-24 18:08:33", "elapsed": 584.999711, "delta": 4.857503}}
{"target": -43.79158653546572, "params": {"C": 24.399714293517963, "epsilon": 0.15654059061629627, "gamma": 0.029092996839076603, "lamda": 0.7595586079861559}, "datetime": {"datetime": "2021-09-24 18:08:37", "elapsed": 589.329148, "delta": 4.329437}}
{"target": -43.876039073639724, "params": {"C": 41.87295418821287, "epsilon": 0.2841725451567379, "gamma": 0.0431871146079628, "lamda": 0.19087937758573045}, "datetime": {"datetime": "2021-09-24 18:08:39", "elapsed": 591.137156, "delta": 1.808008}}
{"target": -52.5231811606544, "params": {"C": 1.8294785158079756, "epsilon": 0.9923154730703359, "gamma": 0.08295824313221258, "lamda": 0.17597815351455035}, "datetime": {"datetime": "2021-09-24 18:08:41", "elapsed": 592.804496, "delta": 1.66734}}
{"target": -44.85853733148487, "params": {"C": 27.420855266256467, "epsilon": 0.8234573472408098, "gamma": 0.005369830323641234, "lamda": 0.22784854787591238}, "datetime": {"datetime": "2021-09-24 18:08:46", "elapsed": 597.746813, "delta": 4.942317}}
{"target": -43.77204547156682, "params": {"C": 20.261366623649835, "epsilon": 0.46948652638613586, "gamma": 0.023000275709950835, "lamda": 0.24535832130524915}, "datetime": {"datetime": "2021-09-24 18:08:51", "elapsed": 603.288623, "delta": 5.54181}}
{"target": -47.27463855972797, "params": {"C": 4.141546852488261, "epsilon": 0.08389300702159282, "gamma": 0.05187468397718502, "lamda": 0.8442622853881225}, "datetime": {"datetime": "2021-09-24 18:08:53", "elapsed": 604.886658, "delta": 1.598035}}
{"target": -44.1608642855961, "params": {"C": 10.4139839993028, "epsilon": 0.6507568501518161, "gamma": 0.06319631756815634, "lamda": 0.9614477944642523}, "datetime": {"datetime": "2021-09-24 18:08:55", "elapsed": 606.712986, "delta": 1.826328}}
{"target": -43.63146218427006, "params": {"C": 19.818310291373518, "epsilon": 0.6339745099706527, "gamma": 0.056896718996779685, "lamda": 0.17497955258320735}, "datetime": {"datetime": "2021-09-24 18:09:00", "elapsed": 611.571203, "delta": 4.858217}}
{"target": -43.77564703261877, "params": {"C": 24.618345553422742, "epsilon": 0.35537044686770475, "gamma": 0.01597995708616977, "lamda": 0.640515037576824}, "datetime": {"datetime": "2021-09-24 18:09:04", "elapsed": 615.671953, "delta": 4.10075}}
{"target": -44.447580085074456, "params": {"C": 9.053800000641827, "epsilon": 0.9142073813656112, "gamma": 0.05677622853791668, "lamda": 0.07273575274292493}, "datetime": {"datetime": "2021-09-24 18:09:06", "elapsed": 617.706428, "delta": 2.034475}}
{"target": -43.74286708245982, "params": {"C": 42.811458541363514, "epsilon": 0.5221648153634644, "gamma": 0.01616939978721767, "lamda": 0.21748570247815605}, "datetime": {"datetime": "2021-09-24 18:09:07", "elapsed": 619.284079, "delta": 1.577651}}
{"target": -43.964198847977464, "params": {"C": 20.219746069079886, "epsilon": 0.3063470089331777, "gamma": 0.0889092480039635, "lamda": 0.2522267251311574}, "datetime": {"datetime": "2021-09-24 18:09:13", "elapsed": 624.843484, "delta": 5.559405}}
{"target": -43.83086966092819, "params": {"C": 24.53722014442806, "epsilon": 0.5189079746982177, "gamma": 0.0635841265802653, "lamda": 0.5741831752949887}, "datetime": {"datetime": "2021-09-24 18:09:17", "elapsed": 629.368445, "delta": 4.524961}}
{"target": -44.81072170962555, "params": {"C": 30.32545525113408, "epsilon": 0.01630446857319323, "gamma": 0.11802348645644517, "lamda": 0.8025317474889561}, "datetime": {"datetime": "2021-09-24 18:09:19", "elapsed": 631.092281, "delta": 1.723836}}
