{"target": -43.461087812164976, "params": {"C": 184.32021585852772, "epsilon": 0.7285309712342833, "gamma": 0.05192882388666261, "lamda": 1.9209811640521708}, "datetime": {"datetime": "2021-09-24 19:25:06", "elapsed": 446.999012, "delta": 1.988799}}
{"target": -44.08925945996262, "params": {"C": 142.7657826860795, "epsilon": 0.7992314577856657, "gamma": 0.004571136101929297, "lamda": 1.3351728598988792}, "datetime": {"datetime": "2021-09-24 19:25:11", "elapsed": 451.695478, "delta": 2.00687}}
{"target": -44.07227569800919, "params": {"C": 223.6330536361591, "epsilon": 0.9475119177109084, "gamma": 0.08053867022889898, "lamda": 1.3080298701097044}, "datetime": {"datetime": "2021-09-24 19:25:13", "elapsed": 454.272088, "delta": 2.57661}}
{"target": -44.44948505351877, "params": {"C": 183.91609923052596, "epsilon": 0.7728816711789355, "gamma": 0.0862433639982964, "lamda": 1.1202952629305893}, "datetime": {"datetime": "2021-09-24 19:25:15", "elapsed": 455.887742, "delta": 1.615654}}
{"target": -46.59672062019926, "params": {"C": 241.58162232031015, "epsilon": 0.7726376977724492, "gamma": 0.002252110810151816, "lamda": 1.8044720910712546}, "datetime": {"datetime": "2021-09-24 19:25:17", "elapsed": 458.139418, "delta": 2.251676}}
{"target": -43.626645908302095, "params": {"C": 213.3154751733862, "epsilon": 0.9443679848195536, "gamma": 0.05354504368193685, "lamda": 0.8886005186904661}, "datetime": {"datetime": "2021-09-24 19:25:19", "elapsed": 460.386487, "delta": 2.247069}}
{"target": -43.47507007252912, "params": {"C": 170.986586042567, "epsilon": 0.9017666268647156, "gamma": 0.050009456222770164, "lamda": 1.2549454343655397}, "datetime": {"datetime": "2021-09-24 19:25:21", "elapsed": 462.054719, "delta": 1.668232}}
{"target": -43.79444802341614, "params": {"C": 186.9872536673276, "epsilon": 0.6585813773771261, "gamma": 0.0676549567349128, "lamda": 1.6536461107136295}, "datetime": {"datetime": "2021-09-24 19:25:24", "elapsed": 464.457024, "delta": 2.402305}}
{"target": -44.49276984530632, "params": {"C": 193.7888390020566, "epsilon": 0.6951221134796487, "gamma": 0.0765048634905126, "lamda": 0.8662772129673001}, "datetime": {"datetime": "2021-09-24 19:25:25", "elapsed": 466.095168, "delta": 1.638144}}
{"target": -43.47111349425827, "params": {"C": 145.11513121831982, "epsilon": 0.7368237421017074, "gamma": 0.05018649792844299, "lamda": 1.5524379635200352}, "datetime": {"datetime": "2021-09-24 19:25:28", "elapsed": 468.58279, "delta": 2.487622}}
{"target": -43.18626946649437, "params": {"C": 183.69971477995156, "epsilon": 0.7115440000519456, "gamma": 0.02693887130648023, "lamda": 1.5820578442612236}, "datetime": {"datetime": "2021-09-24 19:25:29", "elapsed": 470.260805, "delta": 1.678015}}
{"target": -43.49311757776513, "params": {"C": 241.6087341290069, "epsilon": 0.6775044352462771, "gamma": 0.052782328908141156, "lamda": 1.8119176126622165}, "datetime": {"datetime": "2021-09-24 19:25:32", "elapsed": 472.86232, "delta": 2.601515}}
{"target": -43.58188856640781, "params": {"C": 223.6491714980252, "epsilon": 0.9306488769558655, "gamma": 0.010096292814803108, "lamda": 1.3171404837688347}, "datetime": {"datetime": "2021-09-24 19:25:35", "elapsed": 475.631659, "delta": 2.769339}}
{"target": -45.24087094356077, "params": {"C": 208.29796755418528, "epsilon": 0.707489579348523, "gamma": 0.1020987445260593, "lamda": 0.8032680994478446}, "datetime": {"datetime": "2021-09-24 19:25:36", "elapsed": 477.34347, "delta": 1.711811}}
{"target": -44.89508524346715, "params": {"C": 221.9339717019808, "epsilon": 0.7715425650815539, "gamma": 0.1002705119346048, "lamda": 1.0121530888604036}, "datetime": {"datetime": "2021-09-24 19:25:38", "elapsed": 479.034054, "delta": 1.690584}}
{"target": -43.18415717468844, "params": {"C": 183.79821537202974, "epsilon": 0.67156234794777, "gamma": 0.024566041495425486, "lamda": 1.6267697415464575}, "datetime": {"datetime": "2021-09-24 19:25:41", "elapsed": 481.660094, "delta": 2.62604}}
{"target": -44.24332643954503, "params": {"C": 158.7213089918829, "epsilon": 0.9112162559819824, "gamma": 0.09119415898391578, "lamda": 1.7529141261809897}, "datetime": {"datetime": "2021-09-24 19:25:42", "elapsed": 483.396365, "delta": 1.736271}}
{"target": -44.87450996154848, "params": {"C": 210.4955450744941, "epsilon": 0.9879727945687904, "gamma": 0.11443943942177401, "lamda": 1.4023306199108725}, "datetime": {"datetime": "2021-09-24 19:25:44", "elapsed": 485.345602, "delta": 1.949237}}
{"target": -43.3768778015089, "params": {"C": 183.78858716032403, "epsilon": 0.6727157809738069, "gamma": 0.04205657737076047, "lamda": 1.5605700095932562}, "datetime": {"datetime": "2021-09-24 19:25:48", "elapsed": 488.523498, "delta": 3.177896}}
{"target": -45.1886200843245, "params": {"C": 249.98636968071756, "epsilon": 0.6409846007961111, "gamma": 0.117146396910608, "lamda": 1.3325690377549888}, "datetime": {"datetime": "2021-09-24 19:25:50", "elapsed": 490.697673, "delta": 2.174175}}
{"target": -43.48625749615279, "params": {"C": 141.8838483856785, "epsilon": 0.83486304148634, "gamma": 0.013094124746387117, "lamda": 1.4825315209318601}, "datetime": {"datetime": "2021-09-24 19:25:53", "elapsed": 493.538366, "delta": 2.840693}}
{"target": -44.63788027640654, "params": {"C": 174.482556816205, "epsilon": 0.8212350147990048, "gamma": 0.08857321586385447, "lamda": 0.8870035919769912}, "datetime": {"datetime": "2021-09-24 19:25:55", "elapsed": 495.829471, "delta": 2.291105}}
{"target": -43.272584564019276, "params": {"C": 218.74883482652035, "epsilon": 0.5479899423397947, "gamma": 0.014110076287021954, "lamda": 1.5257751915273552}, "datetime": {"datetime": "2021-09-24 19:25:57", "elapsed": 497.651787, "delta": 1.822316}}
{"target": -44.2196431207199, "params": {"C": 239.67949058035086, "epsilon": 0.6753857294548168, "gamma": 0.07225412634918676, "lamda": 1.0409732560004135}, "datetime": {"datetime": "2021-09-24 19:25:59", "elapsed": 499.74894, "delta": 2.097153}}
{"target": -44.91293411904077, "params": {"C": 241.71516103869038, "epsilon": 0.7092908265559812, "gamma": 0.09814890695815923, "lamda": 1.0292831174297588}, "datetime": {"datetime": "2021-09-24 19:26:01", "elapsed": 501.893486, "delta": 2.144546}}
{"target": -43.74108527101793, "params": {"C": 215.64012932028234, "epsilon": 0.7963382143660663, "gamma": 0.05837570171990586, "lamda": 1.032117107476789}, "datetime": {"datetime": "2021-09-24 19:26:03", "elapsed": 503.95413, "delta": 2.060644}}
{"target": -43.55790500357621, "params": {"C": 145.06639435867538, "epsilon": 0.7224740523258263, "gamma": 0.05493664351287094, "lamda": 1.4792278880124297}, "datetime": {"datetime": "2021-09-24 19:26:07", "elapsed": 507.633224, "delta": 3.679094}}
{"target": -43.19522888900798, "params": {"C": 206.38566059826258, "epsilon": 0.8024794987404988, "gamma": 0.026714618600846837, "lamda": 1.505430083028712}, "datetime": {"datetime": "2021-09-24 19:26:09", "elapsed": 509.600477, "delta": 1.967253}}
{"target": -43.71728531767051, "params": {"C": 200.52204917286497, "epsilon": 0.9505011404360599, "gamma": 0.06562667182035528, "lamda": 1.2572904175997017}, "datetime": {"datetime": "2021-09-24 19:26:11", "elapsed": 512.419872, "delta": 2.819395}}
{"target": -43.740770745040294, "params": {"C": 169.54725393572798, "epsilon": 0.5085932792603143, "gamma": 0.05938315072603221, "lamda": 1.6115610272917}, "datetime": {"datetime": "2021-09-24 19:26:14", "elapsed": 515.031678, "delta": 2.611806}}
{"target": -43.52977575615612, "params": {"C": 145.54350855677268, "epsilon": 0.8573848085188807, "gamma": 0.05776622394568514, "lamda": 1.7511740412725905}, "datetime": {"datetime": "2021-09-24 19:26:16", "elapsed": 516.9799, "delta": 1.948222}}
{"target": -43.93789604992136, "params": {"C": 228.21901593922024, "epsilon": 0.8111654262435721, "gamma": 0.06892759662382271, "lamda": 1.1341759905985316}, "datetime": {"datetime": "2021-09-24 19:26:18", "elapsed": 519.153038, "delta": 2.173138}}
{"target": -43.51082318385721, "params": {"C": 213.1935727130405, "epsilon": 0.9111870132259796, "gamma": 0.044371014115826335, "lamda": 0.887777177244748}, "datetime": {"datetime": "2021-09-24 19:26:21", "elapsed": 521.623371, "delta": 2.470333}}
{"target": -43.32608062641426, "params": {"C": 207.93805843648994, "epsilon": 0.7961959357033093, "gamma": 0.030112786453004966, "lamda": 0.9134780024851051}, "datetime": {"datetime": "2021-09-24 19:26:23", "elapsed": 523.51037, "delta": 1.886999}}
{"target": -43.192896467869836, "params": {"C": 227.78773304285977, "epsilon": 0.7997313476316814, "gamma": 0.025554656760696293, "lamda": 1.0948519339926925}, "datetime": {"datetime": "2021-09-24 19:26:25", "elapsed": 525.884684, "delta": 2.374314}}
{"target": -43.23655449731923, "params": {"C": 213.12192533634982, "epsilon": 0.9412746550587701, "gamma": 0.016778187526040867, "lamda": 0.9312126711621189}, "datetime": {"datetime": "2021-09-24 19:26:28", "elapsed": 528.857127, "delta": 2.972443}}
{"target": -44.05359145581294, "params": {"C": 145.91787377432132, "epsilon": 0.6690819460366503, "gamma": 0.0739916700826072, "lamda": 1.3802408259977639}, "datetime": {"datetime": "2021-09-24 19:26:30", "elapsed": 530.778151, "delta": 1.921024}}
{"target": -43.68560756149802, "params": {"C": 149.29929541772978, "epsilon": 0.634864795441922, "gamma": 0.003622811117191698, "lamda": 0.8508113398355238}, "datetime": {"datetime": "2021-09-24 19:26:32", "elapsed": 532.773566, "delta": 1.995415}}
{"target": -44.95681147376338, "params": {"C": 209.81980432323036, "epsilon": 0.6999787436874629, "gamma": 0.11428685689462705, "lamda": 1.5532018987537048}, "datetime": {"datetime": "2021-09-24 19:26:34", "elapsed": 534.624557, "delta": 1.850991}}
{"target": -44.44861281359614, "params": {"C": 216.89201332542598, "epsilon": 0.6777835376608476, "gamma": 0.09711148712214084, "lamda": 1.9149091161068932}, "datetime": {"datetime": "2021-09-24 19:26:36", "elapsed": 536.492531, "delta": 1.867974}}
{"target": -43.80982436377775, "params": {"C": 184.01829873865984, "epsilon": 0.8566334019066412, "gamma": 0.07135082060975458, "lamda": 1.5447839410160356}, "datetime": {"datetime": "2021-09-24 19:26:39", "elapsed": 539.996533, "delta": 3.504002}}
{"target": -43.65544908355223, "params": {"C": 245.65867145661377, "epsilon": 0.8599585149931619, "gamma": 0.058014665134326605, "lamda": 1.087022948821316}, "datetime": {"datetime": "2021-09-24 19:26:41", "elapsed": 541.851885, "delta": 1.855352}}
{"target": -43.533797448129285, "params": {"C": 198.8069280885531, "epsilon": 0.7423979217329216, "gamma": 0.05517457674023505, "lamda": 1.6010413511654096}, "datetime": {"datetime": "2021-09-24 19:26:43", "elapsed": 543.827497, "delta": 1.975612}}
{"target": -43.99068409613594, "params": {"C": 227.75580140956066, "epsilon": 0.7517277208899096, "gamma": 0.06834333199129633, "lamda": 1.0920471860865413}, "datetime": {"datetime": "2021-09-24 19:26:46", "elapsed": 546.563612, "delta": 2.736115}}
{"target": -44.28336203809735, "params": {"C": 204.60088594526297, "epsilon": 0.7866397789011313, "gamma": 0.0023816189325513064, "lamda": 0.8264125083139177}, "datetime": {"datetime": "2021-09-24 19:26:49", "elapsed": 549.757644, "delta": 3.194032}}
{"target": -45.32783644854878, "params": {"C": 169.70300329800767, "epsilon": 0.5728244623888955, "gamma": 0.11463738555946797, "lamda": 1.1478376594199422}, "datetime": {"datetime": "2021-09-24 19:26:51", "elapsed": 551.625961, "delta": 1.868317}}
{"target": -43.24030269053547, "params": {"C": 227.73683314658194, "epsilon": 0.818994476193217, "gamma": 0.029957361274477488, "lamda": 1.0873287307722799}, "datetime": {"datetime": "2021-09-24 19:26:53", "elapsed": 554.413375, "delta": 2.787414}}
{"target": -43.89921840605361, "params": {"C": 239.76356976160554, "epsilon": 0.5156746967325934, "gamma": 0.0659439807880768, "lamda": 1.631314442092247}, "datetime": {"datetime": "2021-09-24 19:26:56", "elapsed": 556.510633, "delta": 2.097258}}
{"target": -43.22133210316997, "params": {"C": 237.8772539893127, "epsilon": 0.8290904502742868, "gamma": 0.032581035950371096, "lamda": 1.5403706856929356}, "datetime": {"datetime": "2021-09-24 19:26:57", "elapsed": 558.421452, "delta": 1.910819}}
{"target": -43.17632973389043, "params": {"C": 169.75118209862214, "epsilon": 0.6320484153136974, "gamma": 0.02184877677966807, "lamda": 1.2335894356500126}, "datetime": {"datetime": "2021-09-24 19:27:01", "elapsed": 561.57163, "delta": 3.150178}}
{"target": -44.437283156373695, "params": {"C": 213.09462486796312, "epsilon": 0.9649185459157623, "gamma": 0.002945069444242948, "lamda": 0.9040743974393765}, "datetime": {"datetime": "2021-09-24 19:27:04", "elapsed": 564.465717, "delta": 2.894087}}
{"target": -45.01774771363585, "params": {"C": 167.80329291301507, "epsilon": 0.5301298016245475, "gamma": 0.0730216079055536, "lamda": 0.846316934863808}, "datetime": {"datetime": "2021-09-24 19:27:05", "elapsed": 566.342206, "delta": 1.876489}}
{"target": -43.32351488457261, "params": {"C": 184.3571941760971, "epsilon": 0.798362756947944, "gamma": 0.04227753910499248, "lamda": 1.9168013252525646}, "datetime": {"datetime": "2021-09-24 19:27:08", "elapsed": 569.391727, "delta": 3.049521}}
{"target": -44.457578672577945, "params": {"C": 213.31233723881098, "epsilon": 0.816039567147467, "gamma": 0.002627252918184584, "lamda": 0.962968363563118}, "datetime": {"datetime": "2021-09-24 19:27:11", "elapsed": 572.414067, "delta": 3.02234}}
{"target": -43.29966368822652, "params": {"C": 213.28347649559606, "epsilon": 0.9293048067107527, "gamma": 0.012317098620905298, "lamda": 0.8804417302965547}, "datetime": {"datetime": "2021-09-24 19:27:15", "elapsed": 575.663697, "delta": 3.24963}}
{"target": -44.62348965637864, "params": {"C": 164.82187096290045, "epsilon": 0.9711714259228872, "gamma": 0.10013754221786678, "lamda": 1.0988525695107936}, "datetime": {"datetime": "2021-09-24 19:27:17", "elapsed": 577.628964, "delta": 1.965267}}
{"target": -44.90051798148139, "params": {"C": 192.53452998130606, "epsilon": 0.8319697524037097, "gamma": 0.11551592172440196, "lamda": 1.6799877489462824}, "datetime": {"datetime": "2021-09-24 19:27:19", "elapsed": 579.512961, "delta": 1.883997}}
{"target": -43.274064306430354, "params": {"C": 237.8349998518573, "epsilon": 0.8480555224483062, "gamma": 0.023961596282837363, "lamda": 1.5227996866006281}, "datetime": {"datetime": "2021-09-24 19:27:22", "elapsed": 583.01275, "delta": 3.499789}}
{"target": -43.252354788011715, "params": {"C": 245.98884159860813, "epsilon": 0.716207804991568, "gamma": 0.03328861101611967, "lamda": 1.4096113113373736}, "datetime": {"datetime": "2021-09-24 19:27:24", "elapsed": 584.842586, "delta": 1.829836}}
{"target": -43.885502871527784, "params": {"C": 178.22460678604298, "epsilon": 0.5760510786204189, "gamma": 0.06858120695909314, "lamda": 1.6815065876532311}, "datetime": {"datetime": "2021-09-24 19:27:26", "elapsed": 586.793011, "delta": 1.950425}}
{"target": -43.470393684704035, "params": {"C": 172.7379591280615, "epsilon": 0.8448407202956055, "gamma": 0.018019457550707836, "lamda": 1.772347975721196}, "datetime": {"datetime": "2021-09-24 19:27:28", "elapsed": 588.710457, "delta": 1.917446}}
{"target": -43.398344328057085, "params": {"C": 145.0783503091531, "epsilon": 0.690725249593062, "gamma": 0.0441029660046797, "lamda": 1.5624246005798712}, "datetime": {"datetime": "2021-09-24 19:27:30", "elapsed": 591.343378, "delta": 2.632921}}
{"target": -43.234376090777715, "params": {"C": 213.1837180734942, "epsilon": 0.9272590120719674, "gamma": 0.0167690000521778, "lamda": 0.937196208691325}, "datetime": {"datetime": "2021-09-24 19:27:33", "elapsed": 594.142248, "delta": 2.79887}}
{"target": -43.92155922471071, "params": {"C": 213.12438736107407, "epsilon": 0.922853679111511, "gamma": 0.06590294131204635, "lamda": 0.903403842120881}, "datetime": {"datetime": "2021-09-24 19:27:36", "elapsed": 597.163977, "delta": 3.021729}}
{"target": -43.482803942304706, "params": {"C": 234.9859613141843, "epsilon": 0.7540640163455055, "gamma": 0.015426509854031146, "lamda": 1.816468787313482}, "datetime": {"datetime": "2021-09-24 19:27:40", "elapsed": 600.765206, "delta": 3.601229}}
{"target": -43.507502644487424, "params": {"C": 142.6931966670356, "epsilon": 0.8525055287748584, "gamma": 0.009374945195049104, "lamda": 1.1922008199389245}, "datetime": {"datetime": "2021-09-24 19:27:42", "elapsed": 603.161709, "delta": 2.396503}}
{"target": -43.416609815546245, "params": {"C": 169.6002621209145, "epsilon": 0.5528631739421364, "gamma": 0.04286637940710232, "lamda": 1.6878042994384261}, "datetime": {"datetime": "2021-09-24 19:27:45", "elapsed": 606.431264, "delta": 3.269555}}
{"target": -43.37328481903658, "params": {"C": 219.61042569545987, "epsilon": 0.7783823885602805, "gamma": 0.015789638201922807, "lamda": 1.4697515676915778}, "datetime": {"datetime": "2021-09-24 19:27:48", "elapsed": 608.849652, "delta": 2.418388}}
{"target": -43.80651146261807, "params": {"C": 148.60430032419927, "epsilon": 0.6454282235427238, "gamma": 0.06697678496120216, "lamda": 1.5957850981174513}, "datetime": {"datetime": "2021-09-24 19:27:51", "elapsed": 611.956075, "delta": 3.106423}}
{"target": -43.37703798869505, "params": {"C": 213.140957852655, "epsilon": 0.8977274630612471, "gamma": 0.010683763125312225, "lamda": 0.9617311241076301}, "datetime": {"datetime": "2021-09-24 19:27:54", "elapsed": 614.853397, "delta": 2.897322}}
{"target": -43.476179490361076, "params": {"C": 170.38493948231243, "epsilon": 0.8404188660120571, "gamma": 0.05411042591410113, "lamda": 1.8367885493599083}, "datetime": {"datetime": "2021-09-24 19:27:56", "elapsed": 616.86123, "delta": 2.007833}}
{"target": -43.29181882816767, "params": {"C": 197.87822186947938, "epsilon": 0.9477505112731208, "gamma": 0.026506600216260588, "lamda": 1.5075746527550253}, "datetime": {"datetime": "2021-09-24 19:27:58", "elapsed": 619.106353, "delta": 2.245123}}
{"target": -43.38841387956213, "params": {"C": 142.8100790994881, "epsilon": 0.8908783980131756, "gamma": 0.04405352820253431, "lamda": 1.2754403883299166}, "datetime": {"datetime": "2021-09-24 19:28:01", "elapsed": 621.924575, "delta": 2.818222}}
{"target": -43.17214290942285, "params": {"C": 233.19892404014945, "epsilon": 0.5291241101341579, "gamma": 0.024156301292766774, "lamda": 1.7203530958329556}, "datetime": {"datetime": "2021-09-24 19:28:05", "elapsed": 625.916268, "delta": 3.991693}}
{"target": -44.337793772684186, "params": {"C": 241.64367959113656, "epsilon": 0.7382053843792108, "gamma": 0.09320805407803942, "lamda": 1.8145784637786424}, "datetime": {"datetime": "2021-09-24 19:28:09", "elapsed": 629.607124, "delta": 3.690856}}
{"target": -43.20370558945772, "params": {"C": 174.45754850616865, "epsilon": 0.8061224964270532, "gamma": 0.020186695769787388, "lamda": 0.842079754583717}, "datetime": {"datetime": "2021-09-24 19:28:12", "elapsed": 633.078899, "delta": 3.471775}}
{"target": -43.84284547928541, "params": {"C": 235.0290260167053, "epsilon": 0.7740985456225733, "gamma": 0.07390944509966456, "lamda": 1.823297754890832}, "datetime": {"datetime": "2021-09-24 19:28:15", "elapsed": 635.727747, "delta": 2.648848}}
{"target": -43.37754737018558, "params": {"C": 203.2800947460307, "epsilon": 0.7920031858522757, "gamma": 0.00922477357074444, "lamda": 0.969865211050562}, "datetime": {"datetime": "2021-09-24 19:28:17", "elapsed": 637.704592, "delta": 1.976845}}
{"target": -43.511643811275796, "params": {"C": 235.06519102912972, "epsilon": 0.7359678201254212, "gamma": 0.056109324960124406, "lamda": 1.9610012351480826}, "datetime": {"datetime": "2021-09-24 19:28:20", "elapsed": 640.613492, "delta": 2.9089}}
{"target": -43.42082709128333, "params": {"C": 200.74061843521866, "epsilon": 0.8830346893244087, "gamma": 0.013904415639542752, "lamda": 1.3016375596276926}, "datetime": {"datetime": "2021-09-24 19:28:23", "elapsed": 644.384515, "delta": 3.771023}}
{"target": -43.29905436346891, "params": {"C": 174.42852284235965, "epsilon": 0.8404913455573074, "gamma": 0.010560864751090068, "lamda": 0.8051016499224446}, "datetime": {"datetime": "2021-09-24 19:28:27", "elapsed": 647.511753, "delta": 3.127238}}
{"target": -44.25331190237222, "params": {"C": 212.60898514159862, "epsilon": 0.9841654939581274, "gamma": 0.006562222196019957, "lamda": 1.6378650983277905}, "datetime": {"datetime": "2021-09-24 19:28:29", "elapsed": 649.705795, "delta": 2.194042}}
{"target": -43.39443957389661, "params": {"C": 235.22376833643125, "epsilon": 0.7303592912790128, "gamma": 0.01791210343572269, "lamda": 1.774960998502142}, "datetime": {"datetime": "2021-09-24 19:28:32", "elapsed": 652.573264, "delta": 2.867469}}
{"target": -43.2890348504011, "params": {"C": 174.37873870024976, "epsilon": 0.788594543149873, "gamma": 0.011142262299420887, "lamda": 0.8820300116547245}, "datetime": {"datetime": "2021-09-24 19:28:36", "elapsed": 656.978149, "delta": 4.404885}}
{"target": -44.098209167867736, "params": {"C": 162.38257828732878, "epsilon": 0.5992844837011181, "gamma": 0.08000342814212844, "lamda": 1.8918166995927643}, "datetime": {"datetime": "2021-09-24 19:28:38", "elapsed": 659.286629, "delta": 2.30848}}
{"target": -43.42209310470597, "params": {"C": 145.08555668029783, "epsilon": 0.6535832237917799, "gamma": 0.044487491067424466, "lamda": 1.5134122922841513}, "datetime": {"datetime": "2021-09-24 19:28:42", "elapsed": 662.911415, "delta": 3.624786}}
{"target": -49.815659774995815, "params": {"C": 184.3163224249491, "epsilon": 0.7246092393842235, "gamma": 0.001, "lamda": 1.9468964987413182}, "datetime": {"datetime": "2021-09-24 19:28:46", "elapsed": 667.278717, "delta": 4.367302}}
{"target": -43.43785873311674, "params": {"C": 184.40090091323614, "epsilon": 0.7125745908912291, "gamma": 0.04995016087554629, "lamda": 1.9178341586598848}, "datetime": {"datetime": "2021-09-24 19:28:50", "elapsed": 670.449748, "delta": 3.171031}}
