{"target": -45.703466320555684, "params": {"C": 58.54939205330201, "epsilon": 1.0, "gamma": 0.12, "lamda": 0.0001}, "datetime": {"datetime": "2021-09-24 18:35:10", "elapsed": 1.871707, "delta": 0.564835}}
{"target": -45.7044063764593, "params": {"C": 98.69685883415372, "epsilon": 0.7744623853650999, "gamma": 0.0864845249632142, "lamda": 0.43343880697439946}, "datetime": {"datetime": "2021-09-24 18:35:11", "elapsed": 2.504271, "delta": 0.632564}}
{"target": -46.280389123265365, "params": {"C": 92.07784211609062, "epsilon": 0.9933839116226747, "gamma": 0.001, "lamda": 0.043298013077868396}, "datetime": {"datetime": "2021-09-24 18:35:11", "elapsed": 3.11223, "delta": 0.607959}}
{"target": -44.47425774122313, "params": {"C": 95.5248376750028, "epsilon": 0.21215014235810842, "gamma": 0.0017625014990797915, "lamda": 0.9704152662364338}, "datetime": {"datetime": "2021-09-24 18:35:12", "elapsed": 3.520809, "delta": 0.408579}}
{"target": -43.683185003793156, "params": {"C": 54.187392236694855, "epsilon": 0.7789942300733292, "gamma": 0.01954421795821638, "lamda": 0.9915285089981165}, "datetime": {"datetime": "2021-09-24 18:35:12", "elapsed": 4.052841, "delta": 0.532032}}
{"target": -44.12554545978235, "params": {"C": 54.6436469122648, "epsilon": 0.02414892022169307, "gamma": 0.0311700964014283, "lamda": 0.09287701019566576}, "datetime": {"datetime": "2021-09-24 18:35:13", "elapsed": 4.750703, "delta": 0.697862}}
{"target": -43.55455958473577, "params": {"C": 74.78620836545312, "epsilon": 0.947871295098, "gamma": 0.0055514621334984944, "lamda": 0.4695593333990895}, "datetime": {"datetime": "2021-09-24 18:35:14", "elapsed": 5.54541, "delta": 0.794707}}
{"target": -46.10504270972447, "params": {"C": 73.00220887412624, "epsilon": 0.001, "gamma": 0.12, "lamda": 0.0001}, "datetime": {"datetime": "2021-09-24 18:35:14", "elapsed": 6.08976, "delta": 0.54435}}
{"target": -43.75944598495555, "params": {"C": 75.84467572145164, "epsilon": 0.9202938932822481, "gamma": 0.024489609149627802, "lamda": 0.9027948695469227}, "datetime": {"datetime": "2021-09-24 18:35:15", "elapsed": 6.629116, "delta": 0.539356}}
{"target": -44.26263323865015, "params": {"C": 75.6800427392669, "epsilon": 0.10917298798879742, "gamma": 0.02742755860364426, "lamda": 0.0608108816569218}, "datetime": {"datetime": "2021-09-24 18:35:16", "elapsed": 7.218123, "delta": 0.589007}}
{"target": -49.202886797572866, "params": {"C": 65.64781340913937, "epsilon": 1.0, "gamma": 0.001, "lamda": 1.0}, "datetime": {"datetime": "2021-09-24 18:35:16", "elapsed": 7.697596, "delta": 0.479473}}
{"target": -45.611653024028975, "params": {"C": 86.68115851805976, "epsilon": 0.08306210580566052, "gamma": 0.08804643159220026, "lamda": 0.9338586296505171}, "datetime": {"datetime": "2021-09-24 18:35:17", "elapsed": 8.20628, "delta": 0.508684}}
{"target": -45.42891858209732, "params": {"C": 50.0, "epsilon": 1.0, "gamma": 0.12, "lamda": 1.0}, "datetime": {"datetime": "2021-09-24 18:35:17", "elapsed": 8.632392, "delta": 0.426112}}
{"target": -43.92250834408893, "params": {"C": 79.61392126008288, "epsilon": 0.9767945507451311, "gamma": 0.05116857444208148, "lamda": 0.9877672140168914}, "datetime": {"datetime": "2021-09-24 18:35:17", "elapsed": 9.115899, "delta": 0.483507}}
{"target": -49.655896520030105, "params": {"C": 55.99807142166049, "epsilon": 1.0, "gamma": 0.001, "lamda": 1.0}, "datetime": {"datetime": "2021-09-24 18:35:18", "elapsed": 9.511796, "delta": 0.395897}}
{"target": -45.31698276323782, "params": {"C": 53.624018562353776, "epsilon": 0.9419227680613314, "gamma": 0.10998545675351527, "lamda": 0.01871630477200258}, "datetime": {"datetime": "2021-09-24 18:35:18", "elapsed": 10.034833, "delta": 0.523037}}
{"target": -44.985894186065345, "params": {"C": 53.53773405367188, "epsilon": 0.1977451445686985, "gamma": 0.08544131667123908, "lamda": 0.9632110872796196}, "datetime": {"datetime": "2021-09-24 18:35:19", "elapsed": 10.561941, "delta": 0.527108}}
{"target": -43.8894782517328, "params": {"C": 74.80964724413437, "epsilon": 0.1514098421927574, "gamma": 0.012362367039438944, "lamda": 0.9595093963258587}, "datetime": {"datetime": "2021-09-24 18:35:19", "elapsed": 11.148263, "delta": 0.586322}}
{"target": -46.20751532368193, "params": {"C": 78.78201848277548, "epsilon": 0.001, "gamma": 0.11993506104115356, "lamda": 0.9270984534740646}, "datetime": {"datetime": "2021-09-24 18:35:20", "elapsed": 11.695687, "delta": 0.547424}}
{"target": -43.78121660783203, "params": {"C": 51.8587235910703, "epsilon": 0.09130622615670941, "gamma": 0.0051915451201923445, "lamda": 0.9729239184378404}, "datetime": {"datetime": "2021-09-24 18:35:21", "elapsed": 12.437525, "delta": 0.741838}}
{"target": -46.91816019341587, "params": {"C": 80.46480994343693, "epsilon": 1.0, "gamma": 0.001, "lamda": 0.17279136110950072}, "datetime": {"datetime": "2021-09-24 18:35:21", "elapsed": 12.966147, "delta": 0.528622}}
{"target": -44.340885692264095, "params": {"C": 52.07828807598136, "epsilon": 0.9606253479559754, "gamma": 0.06929748521813384, "lamda": 0.9268868968277452}, "datetime": {"datetime": "2021-09-24 18:35:22", "elapsed": 13.62228, "delta": 0.656133}}
{"target": -45.226523806437584, "params": {"C": 51.77382036559954, "epsilon": 0.03763396808161028, "gamma": 0.10963017840338748, "lamda": 0.0347664389535085}, "datetime": {"datetime": "2021-09-24 18:35:23", "elapsed": 14.238605, "delta": 0.616325}}
{"target": -43.61240909697197, "params": {"C": 54.31063395039915, "epsilon": 0.7748393011911496, "gamma": 0.016744840603065185, "lamda": 0.9743625242410606}, "datetime": {"datetime": "2021-09-24 18:35:23", "elapsed": 14.650246, "delta": 0.411641}}
{"target": -45.90336922788786, "params": {"C": 76.5291786943703, "epsilon": 0.026374058107655664, "gamma": 0.1083486743053763, "lamda": 0.9075267105197664}, "datetime": {"datetime": "2021-09-24 18:35:24", "elapsed": 15.221609, "delta": 0.571363}}
{"target": -44.07489535139891, "params": {"C": 75.58780128697853, "epsilon": 0.8991016895619167, "gamma": 0.029133115386906553, "lamda": 0.16418228494015394}, "datetime": {"datetime": "2021-09-24 18:35:24", "elapsed": 16.04405, "delta": 0.822441}}
{"target": -48.91034697702528, "params": {"C": 74.05222969738075, "epsilon": 1.0, "gamma": 0.001, "lamda": 1.0}, "datetime": {"datetime": "2021-09-24 18:35:25", "elapsed": 16.531727, "delta": 0.487677}}
{"target": -46.11739922340728, "params": {"C": 74.95563982011305, "epsilon": 0.3707832469559842, "gamma": 0.12, "lamda": 0.23847869902198376}, "datetime": {"datetime": "2021-09-24 18:35:26", "elapsed": 17.626036, "delta": 1.094309}}
{"target": -43.72156964734711, "params": {"C": 75.22379966494114, "epsilon": 0.9321515803047772, "gamma": 0.018570457079157998, "lamda": 0.7336079638757325}, "datetime": {"datetime": "2021-09-24 18:35:27", "elapsed": 18.642449, "delta": 1.016413}}
{"target": -43.98162699045486, "params": {"C": 63.45477969416415, "epsilon": 0.03401860702312612, "gamma": 0.017672598558287192, "lamda": 0.7760203916962075}, "datetime": {"datetime": "2021-09-24 18:35:28", "elapsed": 19.27778, "delta": 0.635331}}
{"target": -47.44301875649474, "params": {"C": 75.46166873511203, "epsilon": 0.3713291592020531, "gamma": 0.001, "lamda": 1.0}, "datetime": {"datetime": "2021-09-24 18:35:29", "elapsed": 20.210535, "delta": 0.932755}}
{"target": -47.382699175781305, "params": {"C": 75.15554433085836, "epsilon": 1.0, "gamma": 0.001, "lamda": 0.3380521550285591}, "datetime": {"datetime": "2021-09-24 18:35:29", "elapsed": 21.159699, "delta": 0.949164}}
{"target": -43.607604857021464, "params": {"C": 54.264693936530605, "epsilon": 0.9695585448442774, "gamma": 0.01750523074810018, "lamda": 0.98631738348094}, "datetime": {"datetime": "2021-09-24 18:35:30", "elapsed": 21.799218, "delta": 0.639519}}
{"target": -44.36723446454626, "params": {"C": 54.64382089825446, "epsilon": 0.033552876708382695, "gamma": 0.06867697867636872, "lamda": 0.13012333009393043}, "datetime": {"datetime": "2021-09-24 18:35:31", "elapsed": 22.293749, "delta": 0.494531}}
{"target": -45.8220305314969, "params": {"C": 74.80954589019326, "epsilon": 0.8028927863261677, "gamma": 0.11209518033631127, "lamda": 0.7289643840321728}, "datetime": {"datetime": "2021-09-24 18:35:32", "elapsed": 23.16652, "delta": 0.872771}}
{"target": -43.79233115963873, "params": {"C": 75.5173414237229, "epsilon": 0.9742060750370237, "gamma": 0.024454724051312656, "lamda": 0.8215762633600315}, "datetime": {"datetime": "2021-09-24 18:35:32", "elapsed": 23.816412, "delta": 0.649892}}
{"target": -44.132646927442096, "params": {"C": 77.5455827308966, "epsilon": 0.6619394823653657, "gamma": 0.03228981369470512, "lamda": 0.4985526552261305}, "datetime": {"datetime": "2021-09-24 18:35:33", "elapsed": 24.22266, "delta": 0.406248}}
{"target": -45.71820914227843, "params": {"C": 75.73819184440812, "epsilon": 0.9013738841572414, "gamma": 0.10435170429772304, "lamda": 0.618862593290151}, "datetime": {"datetime": "2021-09-24 18:35:33", "elapsed": 25.003911, "delta": 0.781251}}
{"target": -43.550760907995716, "params": {"C": 54.412348313288206, "epsilon": 0.9648261634369547, "gamma": 0.011116247221625734, "lamda": 0.7357047942308204}, "datetime": {"datetime": "2021-09-24 18:35:34", "elapsed": 25.919653, "delta": 0.915742}}
{"target": -43.713172651244, "params": {"C": 54.09628511183892, "epsilon": 0.9689294964321512, "gamma": 0.006081071719032044, "lamda": 0.7196946439708253}, "datetime": {"datetime": "2021-09-24 18:35:35", "elapsed": 26.700917, "delta": 0.781264}}
{"target": -45.3607331464873, "params": {"C": 54.30143224753905, "epsilon": 0.5946023270178571, "gamma": 0.10485850478517082, "lamda": 0.6233732665326204}, "datetime": {"datetime": "2021-09-24 18:35:36", "elapsed": 27.413509, "delta": 0.712592}}
{"target": -43.654630898416286, "params": {"C": 52.11854580214535, "epsilon": 0.3024902445125596, "gamma": 0.011104465373861672, "lamda": 0.7913631910666362}, "datetime": {"datetime": "2021-09-24 18:35:36", "elapsed": 28.074556, "delta": 0.661047}}
{"target": -44.98453649913515, "params": {"C": 51.736709269547084, "epsilon": 0.39318981634667605, "gamma": 0.08609678370422179, "lamda": 0.8387139546199848}, "datetime": {"datetime": "2021-09-24 18:35:37", "elapsed": 28.71522, "delta": 0.640664}}
{"target": -43.5956152919899, "params": {"C": 52.35366183963841, "epsilon": 0.5717588274157738, "gamma": 0.008090625486323168, "lamda": 0.7356509719530943}, "datetime": {"datetime": "2021-09-24 18:35:38", "elapsed": 29.53739, "delta": 0.82217}}
{"target": -48.82409117907553, "params": {"C": 52.1932965491941, "epsilon": 0.45558504538722233, "gamma": 0.001, "lamda": 0.45198156613082224}, "datetime": {"datetime": "2021-09-24 18:35:39", "elapsed": 30.271763, "delta": 0.734373}}
{"target": -44.54980690470403, "params": {"C": 52.337884644323935, "epsilon": 0.36449671473656126, "gamma": 0.07069721552781719, "lamda": 0.9393673184731758}, "datetime": {"datetime": "2021-09-24 18:35:39", "elapsed": 30.959263, "delta": 0.6875}}
{"target": -44.19253534639074, "params": {"C": 52.640590160058544, "epsilon": 0.6096944107681473, "gamma": 0.055838223433894316, "lamda": 0.58872776925572}, "datetime": {"datetime": "2021-09-24 18:35:40", "elapsed": 31.718666, "delta": 0.759403}}
{"target": -43.92844915150108, "params": {"C": 52.188536529400054, "epsilon": 0.6251761505740194, "gamma": 0.033856417611431426, "lamda": 0.986529409740618}, "datetime": {"datetime": "2021-09-24 18:35:41", "elapsed": 32.369402, "delta": 0.650736}}
{"target": -49.38162962149227, "params": {"C": 52.44266339961266, "epsilon": 0.7676286690264348, "gamma": 0.001, "lamda": 0.8789900453802866}, "datetime": {"datetime": "2021-09-24 18:35:41", "elapsed": 33.139728, "delta": 0.770326}}
{"target": -44.62116086777039, "params": {"C": 54.25120465018381, "epsilon": 0.8845383216363911, "gamma": 0.07826616329747171, "lamda": 0.8168582908684325}, "datetime": {"datetime": "2021-09-24 18:35:42", "elapsed": 33.799832, "delta": 0.660104}}
{"target": -48.32499356308179, "params": {"C": 52.064788058386206, "epsilon": 0.4530178601552312, "gamma": 0.001168833872858105, "lamda": 0.8625491607072834}, "datetime": {"datetime": "2021-09-24 18:35:43", "elapsed": 34.422138, "delta": 0.622306}}
{"target": -45.0370318739558, "params": {"C": 86.09263275657719, "epsilon": 0.7024527455200192, "gamma": 0.07042705007857473, "lamda": 0.35049748436383715}, "datetime": {"datetime": "2021-09-24 18:35:43", "elapsed": 34.953381, "delta": 0.531243}}
{"target": -44.045105472801154, "params": {"C": 63.522047376498925, "epsilon": 0.3148963291159063, "gamma": 0.02350606582640516, "lamda": 0.3246842841386908}, "datetime": {"datetime": "2021-09-24 18:35:44", "elapsed": 35.426886, "delta": 0.473505}}
{"target": -43.87629492864019, "params": {"C": 52.47151917458395, "epsilon": 0.5195755737549703, "gamma": 0.018195339183658198, "lamda": 0.6460687630311215}, "datetime": {"datetime": "2021-09-24 18:35:44", "elapsed": 36.084209, "delta": 0.657323}}
{"target": -43.974986643619886, "params": {"C": 54.40369634133272, "epsilon": 0.8913257648390623, "gamma": 0.0046307814477802856, "lamda": 0.8788320387561565}, "datetime": {"datetime": "2021-09-24 18:35:45", "elapsed": 36.709514, "delta": 0.625305}}
{"target": -43.50597529504586, "params": {"C": 89.24816608170475, "epsilon": 0.18286997665801896, "gamma": 0.0074237321480032335, "lamda": 0.0554378339745111}, "datetime": {"datetime": "2021-09-24 18:35:46", "elapsed": 37.290841, "delta": 0.581327}}
{"target": -43.6004618134389, "params": {"C": 75.35182616260289, "epsilon": 0.9569903051910601, "gamma": 0.012429548166481213, "lamda": 0.828521261527714}, "datetime": {"datetime": "2021-09-24 18:35:46", "elapsed": 38.011131, "delta": 0.72029}}
{"target": -43.985770038026125, "params": {"C": 52.1955369299929, "epsilon": 0.16164759420728547, "gamma": 0.02893806136608563, "lamda": 0.8663921237709802}, "datetime": {"datetime": "2021-09-24 18:35:47", "elapsed": 38.690825, "delta": 0.679694}}
{"target": -43.91068890941438, "params": {"C": 52.260756151464804, "epsilon": 0.2686537139183547, "gamma": 0.02630886022723037, "lamda": 0.7029008393912511}, "datetime": {"datetime": "2021-09-24 18:35:48", "elapsed": 39.257103, "delta": 0.566278}}
{"target": -46.28277025497656, "params": {"C": 92.6995924202181, "epsilon": 0.05005278036889727, "gamma": 0.11256324120559737, "lamda": 0.8709401487503755}, "datetime": {"datetime": "2021-09-24 18:35:48", "elapsed": 39.752862, "delta": 0.495759}}
{"target": -44.26218428269247, "params": {"C": 55.96381038147369, "epsilon": 0.44140250959461835, "gamma": 0.003241683205548508, "lamda": 0.6874353976933812}, "datetime": {"datetime": "2021-09-24 18:35:49", "elapsed": 40.261255, "delta": 0.508393}}
{"target": -49.167270066828166, "params": {"C": 54.26454402451605, "epsilon": 1.0, "gamma": 0.001, "lamda": 0.6296913103966821}, "datetime": {"datetime": "2021-09-24 18:35:49", "elapsed": 40.796604, "delta": 0.535349}}
{"target": -44.12564491095596, "params": {"C": 54.49522515823929, "epsilon": 0.906747025882385, "gamma": 0.043172319981528366, "lamda": 0.7875091739828468}, "datetime": {"datetime": "2021-09-24 18:35:50", "elapsed": 41.494741, "delta": 0.698137}}
{"target": -44.93399919124063, "params": {"C": 69.01397390944607, "epsilon": 0.7351853607092531, "gamma": 0.07359858820115524, "lamda": 0.305570199361394}, "datetime": {"datetime": "2021-09-24 18:35:50", "elapsed": 42.097019, "delta": 0.602278}}
{"target": -44.342974706083545, "params": {"C": 52.14288550951994, "epsilon": 0.2063632610052888, "gamma": 0.0033324228147545063, "lamda": 0.7147295890029997}, "datetime": {"datetime": "2021-09-24 18:35:51", "elapsed": 42.770943, "delta": 0.673924}}
{"target": -44.087554792595256, "params": {"C": 83.31076275925679, "epsilon": 0.8268056970838964, "gamma": 0.018638156704509534, "lamda": 0.10818179382038717}, "datetime": {"datetime": "2021-09-24 18:35:52", "elapsed": 43.369688, "delta": 0.598745}}
{"target": -43.92658891131557, "params": {"C": 63.89190502886811, "epsilon": 0.8499794463042285, "gamma": 0.0265492632742135, "lamda": 0.653153992054935}, "datetime": {"datetime": "2021-09-24 18:35:52", "elapsed": 43.881285, "delta": 0.511597}}
{"target": -44.020995650207, "params": {"C": 56.09671715035786, "epsilon": 0.6410221040483314, "gamma": 0.04217916010902187, "lamda": 0.4945744195853391}, "datetime": {"datetime": "2021-09-24 18:35:53", "elapsed": 44.387743, "delta": 0.506458}}
{"target": -49.49090959910025, "params": {"C": 54.11888343716639, "epsilon": 0.9301969872020848, "gamma": 0.001, "lamda": 0.8980289965966876}, "datetime": {"datetime": "2021-09-24 18:35:53", "elapsed": 45.116206, "delta": 0.728463}}
{"target": -44.659978585356114, "params": {"C": 75.40924510312095, "epsilon": 0.9040438916684816, "gamma": 0.07709254213959224, "lamda": 0.8701182215958178}, "datetime": {"datetime": "2021-09-24 18:35:54", "elapsed": 45.675388, "delta": 0.559182}}
{"target": -45.65286849493897, "params": {"C": 52.127778031031895, "epsilon": 0.25821794372824575, "gamma": 0.11553702407266862, "lamda": 0.8063600497915672}, "datetime": {"datetime": "2021-09-24 18:35:55", "elapsed": 46.272302, "delta": 0.596914}}
{"target": -44.151673195037255, "params": {"C": 91.71916566391417, "epsilon": 0.2798234260008564, "gamma": 0.03342116449181258, "lamda": 0.18297774299874361}, "datetime": {"datetime": "2021-09-24 18:35:55", "elapsed": 46.81971, "delta": 0.547408}}
{"target": -43.94026459012784, "params": {"C": 52.64239473500271, "epsilon": 0.6198343937393896, "gamma": 0.03915738104324939, "lamda": 0.6037841550406511}, "datetime": {"datetime": "2021-09-24 18:35:56", "elapsed": 47.303, "delta": 0.48329}}
{"target": -44.10992062226783, "params": {"C": 75.6984558188863, "epsilon": 0.08511033887865478, "gamma": 0.033828087800100305, "lamda": 0.07166926119917737}, "datetime": {"datetime": "2021-09-24 18:35:56", "elapsed": 48.026428, "delta": 0.723428}}
{"target": -43.72352207172632, "params": {"C": 85.59117469772431, "epsilon": 0.6244230700008887, "gamma": 0.011708478311762669, "lamda": 0.6012200185977981}, "datetime": {"datetime": "2021-09-24 18:35:57", "elapsed": 48.531486, "delta": 0.505058}}
{"target": -44.072941680794926, "params": {"C": 55.61785370636873, "epsilon": 0.07109710954571101, "gamma": 0.054781524223562396, "lamda": 0.2819939056229161}, "datetime": {"datetime": "2021-09-24 18:35:57", "elapsed": 49.060364, "delta": 0.528878}}
{"target": -44.610122954328965, "params": {"C": 54.3610445486367, "epsilon": 0.914674129439587, "gamma": 0.07848307229552405, "lamda": 0.9532249568209168}, "datetime": {"datetime": "2021-09-24 18:35:58", "elapsed": 49.725493, "delta": 0.665129}}
{"target": -44.22048229245599, "params": {"C": 86.7447636608728, "epsilon": 0.7473815692406643, "gamma": 0.04238307417724559, "lamda": 0.040606854793794674}, "datetime": {"datetime": "2021-09-24 18:35:59", "elapsed": 50.377059, "delta": 0.651566}}
{"target": -45.11348834581799, "params": {"C": 52.39722423068993, "epsilon": 0.5415942756153366, "gamma": 0.09403380299827774, "lamda": 0.7267295032659019}, "datetime": {"datetime": "2021-09-24 18:35:59", "elapsed": 50.971978, "delta": 0.594919}}
{"target": -44.15396284282949, "params": {"C": 89.23060615228981, "epsilon": 0.25734918370225807, "gamma": 0.03136366381237396, "lamda": 0.13359446999653002}, "datetime": {"datetime": "2021-09-24 18:36:00", "elapsed": 51.784925, "delta": 0.812947}}
{"target": -44.28314258742588, "params": {"C": 89.20425647362478, "epsilon": 0.1385787254798062, "gamma": 0.028205793476275554, "lamda": 0.1511615087541709}, "datetime": {"datetime": "2021-09-24 18:36:01", "elapsed": 52.50815, "delta": 0.723225}}
{"target": -44.122316875948876, "params": {"C": 74.67648252576826, "epsilon": 0.2102910559849512, "gamma": 0.0374375477694723, "lamda": 0.5999870201406464}, "datetime": {"datetime": "2021-09-24 18:36:01", "elapsed": 53.02056, "delta": 0.51241}}
{"target": -44.27649654048738, "params": {"C": 91.71953969165662, "epsilon": 0.30713290684169303, "gamma": 0.022499307264198107, "lamda": 0.21061281444688829}, "datetime": {"datetime": "2021-09-24 18:36:02", "elapsed": 53.565285, "delta": 0.544725}}
{"target": -43.571883940839555, "params": {"C": 62.89368136195109, "epsilon": 0.9400351552765223, "gamma": 0.012531979782060856, "lamda": 0.690093530041143}, "datetime": {"datetime": "2021-09-24 18:36:03", "elapsed": 54.214887, "delta": 0.649602}}
{"target": -48.88256556647848, "params": {"C": 52.23787397897376, "epsilon": 0.279024014008407, "gamma": 0.001, "lamda": 0.8226090962233424}, "datetime": {"datetime": "2021-09-24 18:36:03", "elapsed": 54.961509, "delta": 0.746622}}
{"target": -45.149452525184074, "params": {"C": 77.79043855196828, "epsilon": 0.06720905701159363, "gamma": 0.07884841670994716, "lamda": 0.06616432413766903}, "datetime": {"datetime": "2021-09-24 18:36:04", "elapsed": 55.622194, "delta": 0.660685}}
{"target": -43.72310597844918, "params": {"C": 52.54348476678995, "epsilon": 0.5421933983493963, "gamma": 0.01275402615652468, "lamda": 0.5566296370468239}, "datetime": {"datetime": "2021-09-24 18:36:05", "elapsed": 56.218479, "delta": 0.596285}}
{"target": -43.88284426591988, "params": {"C": 52.49507838127253, "epsilon": 0.425120317535941, "gamma": 0.028244586421833057, "lamda": 0.5487084820136003}, "datetime": {"datetime": "2021-09-24 18:36:05", "elapsed": 56.89663, "delta": 0.678151}}
{"target": -43.97260954877312, "params": {"C": 52.59427589023743, "epsilon": 0.4256323777966806, "gamma": 0.04202560746935769, "lamda": 0.5354559175968684}, "datetime": {"datetime": "2021-09-24 18:36:06", "elapsed": 57.640642, "delta": 0.744012}}
{"target": -45.39629662809925, "params": {"C": 52.98592389717578, "epsilon": 0.38176399917809334, "gamma": 0.10843538564964808, "lamda": 0.997587878045079}, "datetime": {"datetime": "2021-09-24 18:36:06", "elapsed": 58.142069, "delta": 0.501427}}
