{"target": -43.942514420992936, "params": {"C": 24.220141881250747, "epsilon": 0.6211415742699031, "gamma": 0.0725377991990417, "lamda": 0.5442502558372943}, "datetime": {"datetime": "2021-09-24 17:29:14", "elapsed": 507.761812, "delta": 3.215522}}
{"target": -47.6418919710345, "params": {"C": 40.28563123306248, "epsilon": 0.02093186622418456, "gamma": 0.33211320125826416, "lamda": 0.0950894480924049}, "datetime": {"datetime": "2021-09-24 17:29:16", "elapsed": 509.371298, "delta": 1.609486}}
{"target": -45.12863104328763, "params": {"C": 7.498489472892084, "epsilon": 0.2409764544022112, "gamma": 0.0722008132352479, "lamda": 0.5613584593498012}, "datetime": {"datetime": "2021-09-24 17:29:18", "elapsed": 510.992162, "delta": 1.620864}}
{"target": -44.311599606819755, "params": {"C": 24.10676419260838, "epsilon": 0.5112071263810245, "gamma": 0.09644058749112665, "lamda": 0.4610875742725698}, "datetime": {"datetime": "2021-09-24 17:29:21", "elapsed": 514.354477, "delta": 3.362315}}
{"target": -43.9164823755051, "params": {"C": 17.65242733091564, "epsilon": 0.2881540949488127, "gamma": 0.08309261236646116, "lamda": 0.44013371042220856}, "datetime": {"datetime": "2021-09-24 17:29:25", "elapsed": 518.183588, "delta": 3.829111}}
{"target": -57.81593403225505, "params": {"C": 6.417710131984107, "epsilon": 0.4426556068697076, "gamma": 0.471834361835257, "lamda": 0.2232361241564154}, "datetime": {"datetime": "2021-09-24 17:29:26", "elapsed": 519.880288, "delta": 1.6967}}
{"target": -43.681961949586444, "params": {"C": 39.693691089726215, "epsilon": 0.9305583409072595, "gamma": 0.009273962368397521, "lamda": 0.08856688101615175}, "datetime": {"datetime": "2021-09-24 17:29:31", "elapsed": 524.071417, "delta": 4.191129}}
{"target": -47.32047129904831, "params": {"C": 44.37338902872557, "epsilon": 0.1666393687394247, "gamma": 0.29207270071831903, "lamda": 0.6375465617492329}, "datetime": {"datetime": "2021-09-24 17:29:32", "elapsed": 525.592379, "delta": 1.520962}}
{"target": -45.870788501134314, "params": {"C": 24.278714998380043, "epsilon": 0.48996132570014245, "gamma": 0.17950670123515639, "lamda": 0.5024404599570274}, "datetime": {"datetime": "2021-09-24 17:29:35", "elapsed": 528.073379, "delta": 2.481}}
{"target": -49.68515595398816, "params": {"C": 42.75789487983906, "epsilon": 0.001, "gamma": 0.001, "lamda": 0.6254559023264102}, "datetime": {"datetime": "2021-09-24 17:29:39", "elapsed": 532.36504, "delta": 4.291661}}
{"target": -52.610048837320775, "params": {"C": 18.39029602876252, "epsilon": 0.9523367902295493, "gamma": 0.4027717444278662, "lamda": 0.7764640440224269}, "datetime": {"datetime": "2021-09-24 17:29:41", "elapsed": 534.029972, "delta": 1.664932}}
{"target": -44.32181008905985, "params": {"C": 30.1040417690869, "epsilon": 0.37209474188318736, "gamma": 0.091195873605457, "lamda": 0.5046643227549404}, "datetime": {"datetime": "2021-09-24 17:29:43", "elapsed": 536.750707, "delta": 2.720735}}
{"target": -45.954481626878895, "params": {"C": 40.07548226152013, "epsilon": 0.8156668607424561, "gamma": 0.1798574938000638, "lamda": 0.08690235890886083}, "datetime": {"datetime": "2021-09-24 17:29:46", "elapsed": 539.665089, "delta": 2.914382}}
{"target": -43.80117554431119, "params": {"C": 43.338307889333365, "epsilon": 0.34752963100975864, "gamma": 0.033207325960984115, "lamda": 0.9923940234685895}, "datetime": {"datetime": "2021-09-24 17:29:49", "elapsed": 542.712078, "delta": 3.046989}}
{"target": -43.921124973061524, "params": {"C": 24.134024181333796, "epsilon": 0.6997688273423952, "gamma": 0.010719009316592393, "lamda": 0.3336641494815077}, "datetime": {"datetime": "2021-09-24 17:29:53", "elapsed": 546.01663, "delta": 3.304552}}
{"target": -43.64213181659963, "params": {"C": 24.35131305558118, "epsilon": 0.7205313463412828, "gamma": 0.04541444343615818, "lamda": 0.2378006839552012}, "datetime": {"datetime": "2021-09-24 17:29:56", "elapsed": 549.457084, "delta": 3.440454}}
{"target": -54.12813428112999, "params": {"C": 4.605784109775473, "epsilon": 0.5418075709514281, "gamma": 0.24612905991085068, "lamda": 0.9099596460575027}, "datetime": {"datetime": "2021-09-24 17:29:58", "elapsed": 551.041581, "delta": 1.584497}}
{"target": -49.7533153746442, "params": {"C": 42.360339057758786, "epsilon": 0.001, "gamma": 0.001, "lamda": 0.888026184655052}, "datetime": {"datetime": "2021-09-24 17:30:01", "elapsed": 554.407138, "delta": 3.365557}}
{"target": -43.921507473695065, "params": {"C": 24.265737806200015, "epsilon": 0.7576227875625903, "gamma": 0.07309362882610371, "lamda": 0.3463761833774867}, "datetime": {"datetime": "2021-09-24 17:30:04", "elapsed": 557.263163, "delta": 2.856025}}
{"target": -44.54167518239763, "params": {"C": 24.223773171408617, "epsilon": 0.6102033349934896, "gamma": 0.11030777175432009, "lamda": 0.23373467016403146}, "datetime": {"datetime": "2021-09-24 17:30:07", "elapsed": 560.842413, "delta": 3.57925}}
{"target": -43.815512639619776, "params": {"C": 24.175653302841795, "epsilon": 0.7783573351422112, "gamma": 0.01618672079894367, "lamda": 0.13320195033625706}, "datetime": {"datetime": "2021-09-24 17:30:11", "elapsed": 564.170341, "delta": 3.327928}}
{"target": -44.17530657801295, "params": {"C": 39.60710891162478, "epsilon": 0.7873503262708478, "gamma": 0.07548287939071134, "lamda": 0.0273124904552517}, "datetime": {"datetime": "2021-09-24 17:30:13", "elapsed": 566.893107, "delta": 2.722766}}
{"target": -44.73865043250889, "params": {"C": 11.277673498814424, "epsilon": 0.15310209075642084, "gamma": 0.10240520832411358, "lamda": 0.7585253567875095}, "datetime": {"datetime": "2021-09-24 17:30:15", "elapsed": 568.442872, "delta": 1.549765}}
{"target": -59.37222822282341, "params": {"C": 1.8294785158079756, "epsilon": 0.9923154730703359, "gamma": 0.34467364136953005, "lamda": 0.1767198473457704}, "datetime": {"datetime": "2021-09-24 17:30:17", "elapsed": 570.198328, "delta": 1.755456}}
{"target": -46.094833156315644, "params": {"C": 30.17851647720942, "epsilon": 0.4872327833932914, "gamma": 0.19523044365542305, "lamda": 0.4197153385489256}, "datetime": {"datetime": "2021-09-24 17:30:21", "elapsed": 574.789659, "delta": 4.591331}}
{"target": -43.916048324359714, "params": {"C": 39.643617814648614, "epsilon": 0.8167495580136366, "gamma": 0.05159017276714066, "lamda": 0.2535543602987987}, "datetime": {"datetime": "2021-09-24 17:30:26", "elapsed": 579.614401, "delta": 4.824742}}
{"target": -53.4768466009192, "params": {"C": 4.141546852488261, "epsilon": 0.08389300702159282, "gamma": 0.2143316580219775, "lamda": 0.8444024633490693}, "datetime": {"datetime": "2021-09-24 17:30:28", "elapsed": 581.17272, "delta": 1.558319}}
{"target": -51.019034360591725, "params": {"C": 10.4139839993028, "epsilon": 0.6507568501518161, "gamma": 0.26180640728159676, "lamda": 0.9614824949192801}, "datetime": {"datetime": "2021-09-24 17:30:29", "elapsed": 582.905886, "delta": 1.733166}}
{"target": -48.46342019694186, "params": {"C": 20.36675267481626, "epsilon": 0.3207933723940769, "gamma": 0.2879019027090521, "lamda": 0.5861001625911005}, "datetime": {"datetime": "2021-09-24 17:30:33", "elapsed": 586.666942, "delta": 3.761056}}
{"target": -44.13924391957685, "params": {"C": 29.84690512448662, "epsilon": 0.25332481607067964, "gamma": 0.08393085450020633, "lamda": 0.21701829753276972}, "datetime": {"datetime": "2021-09-24 17:30:36", "elapsed": 589.785806, "delta": 3.118864}}
{"target": -47.1659566822155, "params": {"C": 48.91353023685828, "epsilon": 0.13343587139496835, "gamma": 0.2673249244571707, "lamda": 0.5800521729087241}, "datetime": {"datetime": "2021-09-24 17:30:38", "elapsed": 591.523252, "delta": 1.737446}}
{"target": -44.055498157811286, "params": {"C": 42.811458541363514, "epsilon": 0.5221648153634644, "gamma": 0.06460949994808082, "lamda": 0.2181900357792558}, "datetime": {"datetime": "2021-09-24 17:30:40", "elapsed": 593.080293, "delta": 1.557041}}
{"target": -53.81713059257918, "params": {"C": 20.48013606132648, "epsilon": 0.3343976031941926, "gamma": 0.001, "lamda": 0.45858113684265395}, "datetime": {"datetime": "2021-09-24 17:30:43", "elapsed": 596.092602, "delta": 3.012309}}
{"target": -43.730965388529896, "params": {"C": 39.654930289268755, "epsilon": 0.6156949026766253, "gamma": 0.007933172775303038, "lamda": 0.16936127461921932}, "datetime": {"datetime": "2021-09-24 17:30:46", "elapsed": 599.673986, "delta": 3.581384}}
{"target": -52.25944382925479, "params": {"C": 30.32545525113408, "epsilon": 0.01630446857319323, "gamma": 0.49171193060307683, "lamda": 0.8027094866901361}, "datetime": {"datetime": "2021-09-24 17:30:48", "elapsed": 601.347407, "delta": 1.673421}}
{"target": -45.74582376352644, "params": {"C": 39.69656480366194, "epsilon": 0.7059282123130248, "gamma": 0.15568299338862895, "lamda": 0.16279792800381426}, "datetime": {"datetime": "2021-09-24 17:30:52", "elapsed": 605.527193, "delta": 4.179786}}
{"target": -45.29298649641559, "params": {"C": 12.73102132931696, "epsilon": 0.18128967918932012, "gamma": 0.13217256139696865, "lamda": 0.08337237563224947}, "datetime": {"datetime": "2021-09-24 17:30:54", "elapsed": 607.317529, "delta": 1.790336}}
{"target": -44.80530329134197, "params": {"C": 39.87974950805884, "epsilon": 0.9570921068507352, "gamma": 0.08901311647465784, "lamda": 0.45306308492483965}, "datetime": {"datetime": "2021-09-24 17:30:56", "elapsed": 609.239778, "delta": 1.922249}}
{"target": -43.739231501553235, "params": {"C": 24.45103770233539, "epsilon": 0.5716650068786394, "gamma": 0.022016066265463947, "lamda": 0.5518209120133859}, "datetime": {"datetime": "2021-09-24 17:31:00", "elapsed": 613.106779, "delta": 3.867001}}
{"target": -50.233572191091284, "params": {"C": 39.755193299713014, "epsilon": 1.0, "gamma": 0.001, "lamda": 0.2671665447076161}, "datetime": {"datetime": "2021-09-24 17:31:02", "elapsed": 615.897035, "delta": 2.790256}}
{"target": -43.871020844276195, "params": {"C": 20.260599798602147, "epsilon": 0.3790371746156917, "gamma": 0.0716002900628905, "lamda": 0.644651438572661}, "datetime": {"datetime": "2021-09-24 17:31:06", "elapsed": 619.55115, "delta": 3.654115}}
{"target": -47.74754601797816, "params": {"C": 48.596850973226196, "epsilon": 0.9841224260904208, "gamma": 0.31756441044543837, "lamda": 0.8530946653985886}, "datetime": {"datetime": "2021-09-24 17:31:08", "elapsed": 621.363117, "delta": 1.811967}}
{"target": -45.37289097653954, "params": {"C": 20.321446417618354, "epsilon": 0.6104984799189211, "gamma": 0.15094756626727185, "lamda": 0.0011147340727284958}, "datetime": {"datetime": "2021-09-24 17:31:10", "elapsed": 623.096143, "delta": 1.733026}}
{"target": -43.6243616800828, "params": {"C": 24.452146521784048, "epsilon": 0.493213825625523, "gamma": 0.04660322586988078, "lamda": 0.3600042056765612}, "datetime": {"datetime": "2021-09-24 17:31:13", "elapsed": 626.477119, "delta": 3.380976}}
{"target": -50.199332836001474, "params": {"C": 39.51904050151809, "epsilon": 0.7396896414477211, "gamma": 0.001, "lamda": 0.169317320966107}, "datetime": {"datetime": "2021-09-24 17:31:16", "elapsed": 629.523376, "delta": 3.046257}}
{"target": -43.851050966264, "params": {"C": 39.78535351991372, "epsilon": 0.5752730355150606, "gamma": 0.037663671389395796, "lamda": 0.33631313771277394}, "datetime": {"datetime": "2021-09-24 17:31:20", "elapsed": 633.4624, "delta": 3.939024}}
{"target": -44.91278275354113, "params": {"C": 42.528704022651944, "epsilon": 0.0934587787969349, "gamma": 0.1046639660658405, "lamda": 0.7379680713037093}, "datetime": {"datetime": "2021-09-24 17:31:22", "elapsed": 635.231931, "delta": 1.769531}}
{"target": -44.96006087710667, "params": {"C": 24.409965834773644, "epsilon": 0.5827756855210746, "gamma": 0.1339742622128823, "lamda": 0.333453230463907}, "datetime": {"datetime": "2021-09-24 17:31:26", "elapsed": 638.966002, "delta": 3.734071}}
{"target": -47.03122895397429, "params": {"C": 27.495143378498028, "epsilon": 0.6419081478140722, "gamma": 0.26048348950033556, "lamda": 0.2867976087646869}, "datetime": {"datetime": "2021-09-24 17:31:27", "elapsed": 640.790597, "delta": 1.824595}}
{"target": -44.74135877665009, "params": {"C": 31.145476198197056, "epsilon": 0.2648151819421721, "gamma": 0.11210506194700086, "lamda": 0.1431861244044741}, "datetime": {"datetime": "2021-09-24 17:31:29", "elapsed": 642.59301, "delta": 1.802413}}
{"target": -43.83292405821372, "params": {"C": 29.915815461558406, "epsilon": 0.3229212582888029, "gamma": 0.008708547590726895, "lamda": 0.37248725822857787}, "datetime": {"datetime": "2021-09-24 17:31:33", "elapsed": 646.09955, "delta": 3.50654}}
{"target": -45.50959171161992, "params": {"C": 39.913857152208365, "epsilon": 0.48882468507599075, "gamma": 0.13384724281632865, "lamda": 0.32782998083966547}, "datetime": {"datetime": "2021-09-24 17:31:37", "elapsed": 650.081628, "delta": 3.982078}}
{"target": -52.90862737501207, "params": {"C": 24.37284449785743, "epsilon": 0.5399878232109226, "gamma": 0.001, "lamda": 0.180677142433174}, "datetime": {"datetime": "2021-09-24 17:31:40", "elapsed": 653.779306, "delta": 3.697678}}
{"target": -52.928528789549425, "params": {"C": 24.412473988612817, "epsilon": 0.40955405609440493, "gamma": 0.001, "lamda": 0.49471598897727104}, "datetime": {"datetime": "2021-09-24 17:31:44", "elapsed": 657.618754, "delta": 3.839448}}
{"target": -45.40453495586781, "params": {"C": 24.414261778426933, "epsilon": 0.7076248861379902, "gamma": 0.14837803957307336, "lamda": 0.5777241185937735}, "datetime": {"datetime": "2021-09-24 17:31:48", "elapsed": 661.570063, "delta": 3.951309}}
{"target": -46.079072414516844, "params": {"C": 39.7553611244576, "epsilon": 0.7324439397768395, "gamma": 0.16554629075338825, "lamda": 0.42904441879690863}, "datetime": {"datetime": "2021-09-24 17:31:52", "elapsed": 665.902516, "delta": 4.332453}}
{"target": -45.48958160229387, "params": {"C": 29.88656280916549, "epsilon": 0.3889125866058745, "gamma": 0.1597528416274603, "lamda": 0.32935579530617254}, "datetime": {"datetime": "2021-09-24 17:31:57", "elapsed": 670.19165, "delta": 4.289134}}
{"target": -50.8723370804964, "params": {"C": 20.56262602087065, "epsilon": 0.5462175790155132, "gamma": 0.35844906416092354, "lamda": 0.2676458063897157}, "datetime": {"datetime": "2021-09-24 17:31:59", "elapsed": 672.090095, "delta": 1.898445}}
{"target": -43.95456568988129, "params": {"C": 24.384880090816846, "epsilon": 0.8577626600698629, "gamma": 0.010189110801625014, "lamda": 0.310002541576885}, "datetime": {"datetime": "2021-09-24 17:32:03", "elapsed": 676.821054, "delta": 4.730959}}
{"target": -45.28951438713588, "params": {"C": 24.12610802046443, "epsilon": 0.7552075313345087, "gamma": 0.15149446387473103, "lamda": 0.22803331910389138}, "datetime": {"datetime": "2021-09-24 17:32:09", "elapsed": 681.965326, "delta": 5.144272}}
{"target": -47.21329827854919, "params": {"C": 14.803115600779854, "epsilon": 0.8037297204757019, "gamma": 0.2065102407996833, "lamda": 0.3797420741093119}, "datetime": {"datetime": "2021-09-24 17:32:10", "elapsed": 683.930958, "delta": 1.965632}}
{"target": -44.05344202964588, "params": {"C": 24.312023545110307, "epsilon": 0.9014009924990689, "gamma": 0.08456418110850293, "lamda": 0.14296404429407572}, "datetime": {"datetime": "2021-09-24 17:32:15", "elapsed": 688.387096, "delta": 4.456138}}
{"target": -48.43300854997845, "params": {"C": 24.96048282818885, "epsilon": 0.39085398273233807, "gamma": 0.3176128309392083, "lamda": 0.05617577979527731}, "datetime": {"datetime": "2021-09-24 17:32:17", "elapsed": 690.346602, "delta": 1.959506}}
{"target": -44.07387398546941, "params": {"C": 24.558382326575867, "epsilon": 0.6022464452395415, "gamma": 0.009226996684858494, "lamda": 0.431828523140466}, "datetime": {"datetime": "2021-09-24 17:32:22", "elapsed": 695.416497, "delta": 5.069895}}
{"target": -44.50152468864218, "params": {"C": 20.466236583796604, "epsilon": 0.42366491210378737, "gamma": 0.10976888052045071, "lamda": 0.6520631553474687}, "datetime": {"datetime": "2021-09-24 17:32:24", "elapsed": 697.237173, "delta": 1.820676}}
{"target": -43.865690957406706, "params": {"C": 20.20688894305341, "epsilon": 0.21589073156119756, "gamma": 0.07692958593362119, "lamda": 0.5807205639891541}, "datetime": {"datetime": "2021-09-24 17:32:28", "elapsed": 701.81417, "delta": 4.576997}}
{"target": -44.135499623367444, "params": {"C": 24.54501397842876, "epsilon": 0.793006612735377, "gamma": 0.0849978363908736, "lamda": 0.41746094456717725}, "datetime": {"datetime": "2021-09-24 17:32:32", "elapsed": 705.725253, "delta": 3.911083}}
{"target": -43.67556828352576, "params": {"C": 39.767064592082896, "epsilon": 0.5080429421811928, "gamma": 0.011634898104572518, "lamda": 0.1894715964191679}, "datetime": {"datetime": "2021-09-24 17:32:36", "elapsed": 709.820664, "delta": 4.095411}}
{"target": -49.62700247259759, "params": {"C": 37.49786012179145, "epsilon": 0.5435420450329447, "gamma": 0.41726878533922523, "lamda": 0.17761744647628588}, "datetime": {"datetime": "2021-09-24 17:32:38", "elapsed": 711.899785, "delta": 2.079121}}
{"target": -44.24778647246361, "params": {"C": 20.118242132928962, "epsilon": 0.3839472258711148, "gamma": 0.09693673065112936, "lamda": 0.5239773100996659}, "datetime": {"datetime": "2021-09-24 17:32:43", "elapsed": 716.245739, "delta": 4.345954}}
{"target": -54.8727694939047, "params": {"C": 9.339492187293294, "epsilon": 0.8226100794520008, "gamma": 0.3792091204451595, "lamda": 0.794301010045674}, "datetime": {"datetime": "2021-09-24 17:32:45", "elapsed": 718.150933, "delta": 1.905194}}
{"target": -51.61782922648911, "params": {"C": 32.40256098772919, "epsilon": 0.9759696435484431, "gamma": 0.4766830274913045, "lamda": 0.5024402410758014}, "datetime": {"datetime": "2021-09-24 17:32:47", "elapsed": 720.515356, "delta": 2.364423}}
{"target": -43.818421760456864, "params": {"C": 24.445327309768484, "epsilon": 0.7615548937729556, "gamma": 0.012689281670763185, "lamda": 0.44774655712811007}, "datetime": {"datetime": "2021-09-24 17:32:53", "elapsed": 726.359632, "delta": 5.844276}}
{"target": -49.86000608959739, "params": {"C": 49.99392831231964, "epsilon": 0.2826872323906298, "gamma": 0.4880340509108689, "lamda": 0.444363723931028}, "datetime": {"datetime": "2021-09-24 17:32:55", "elapsed": 728.290263, "delta": 1.930631}}
{"target": -43.69618570432908, "params": {"C": 17.778813991316067, "epsilon": 0.20100951340407633, "gamma": 0.05683658212187762, "lamda": 0.36319505467852703}, "datetime": {"datetime": "2021-09-24 17:32:57", "elapsed": 730.40066, "delta": 2.110397}}
{"target": -46.31060569202835, "params": {"C": 44.830161924460654, "epsilon": 0.5148896173170922, "gamma": 0.1754369124660462, "lamda": 0.3892237871855396}, "datetime": {"datetime": "2021-09-24 17:33:01", "elapsed": 734.450289, "delta": 4.049629}}
{"target": -43.804782222083176, "params": {"C": 36.0790264227227, "epsilon": 0.0968839047949097, "gamma": 0.05597418543885677, "lamda": 0.6052078469465231}, "datetime": {"datetime": "2021-09-24 17:33:03", "elapsed": 736.385286, "delta": 1.934997}}
{"target": -43.91131201592898, "params": {"C": 39.63775102806442, "epsilon": 0.460222004117288, "gamma": 0.05603571028627366, "lamda": 0.28470053470289336}, "datetime": {"datetime": "2021-09-24 17:33:07", "elapsed": 740.605933, "delta": 4.220647}}
{"target": -48.54093803809413, "params": {"C": 46.30948082632572, "epsilon": 0.4191630714588503, "gamma": 0.40837230732875174, "lamda": 0.19187819526027408}, "datetime": {"datetime": "2021-09-24 17:33:09", "elapsed": 742.552617, "delta": 1.946684}}
{"target": -46.47894699471061, "params": {"C": 44.852754015393806, "epsilon": 0.8442049452869689, "gamma": 0.19413608337383406, "lamda": 0.2801032385426503}, "datetime": {"datetime": "2021-09-24 17:33:14", "elapsed": 747.692065, "delta": 5.139448}}
{"target": -44.74595653567471, "params": {"C": 24.50147831798536, "epsilon": 0.8953271260044618, "gamma": 0.12174895078253706, "lamda": 0.22657011026337018}, "datetime": {"datetime": "2021-09-24 17:33:18", "elapsed": 751.557187, "delta": 3.865122}}
{"target": -51.76691971385417, "params": {"C": 30.15925214364182, "epsilon": 0.25299114297981157, "gamma": 0.001, "lamda": 0.43628748279214163}, "datetime": {"datetime": "2021-09-24 17:33:23", "elapsed": 755.979544, "delta": 4.422357}}
{"target": -43.6612637456539, "params": {"C": 20.40837390553364, "epsilon": 0.26173057152062335, "gamma": 0.05589538209727255, "lamda": 0.7480997606916053}, "datetime": {"datetime": "2021-09-24 17:33:26", "elapsed": 759.542507, "delta": 3.562963}}
{"target": -49.96286486922195, "params": {"C": 24.364860707993518, "epsilon": 0.6598953834128891, "gamma": 0.0017320343530259899, "lamda": 0.4931750463633678}, "datetime": {"datetime": "2021-09-24 17:33:31", "elapsed": 764.886851, "delta": 5.344344}}
{"target": -43.74681618473645, "params": {"C": 24.600431664113003, "epsilon": 0.7842365937598991, "gamma": 0.021404963399703904, "lamda": 0.5635019473063536}, "datetime": {"datetime": "2021-09-24 17:33:36", "elapsed": 769.249374, "delta": 4.362523}}
{"target": -47.252199746557466, "params": {"C": 40.29756164565265, "epsilon": 0.622708521634657, "gamma": 0.2858392497082986, "lamda": 0.2792015121732775}, "datetime": {"datetime": "2021-09-24 17:33:38", "elapsed": 771.281888, "delta": 2.032514}}
{"target": -45.549032907052535, "params": {"C": 24.535930372493286, "epsilon": 0.6120702295597263, "gamma": 0.1600312873693461, "lamda": 0.44116505747609164}, "datetime": {"datetime": "2021-09-24 17:33:42", "elapsed": 775.403085, "delta": 4.121197}}
{"target": -44.91763048834889, "params": {"C": 31.26331693989098, "epsilon": 0.592799479535212, "gamma": 0.1230779868911721, "lamda": 0.09547043706884997}, "datetime": {"datetime": "2021-09-24 17:33:44", "elapsed": 777.456347, "delta": 2.053262}}
{"target": -44.396991353992135, "params": {"C": 20.487620124266538, "epsilon": 0.3917847090577879, "gamma": 0.10318567953159224, "lamda": 0.8456729835020945}, "datetime": {"datetime": "2021-09-24 17:33:48", "elapsed": 781.566252, "delta": 4.109905}}
