{"target": -43.75043194712414, "params": {"C": 20.85021570895102, "epsilon": 0.9607408095333525, "gamma": 0.05857753591028826, "lamda": 0.3670586838250319}, "datetime": {"datetime": "2021-09-24 18:00:30", "elapsed": 101.666154, "delta": 1.268106}}
{"target": -52.15890423251618, "params": {"C": 27.889139163081303, "epsilon": 0.36313472238611527, "gamma": 0.001, "lamda": 0.0001}, "datetime": {"datetime": "2021-09-24 18:00:31", "elapsed": 103.010212, "delta": 1.344058}}
{"target": -44.32863599690075, "params": {"C": 21.07473403349936, "epsilon": 0.639654003400526, "gamma": 0.09931749768901578, "lamda": 0.5325624962973216}, "datetime": {"datetime": "2021-09-24 18:00:32", "elapsed": 104.242298, "delta": 1.232086}}
{"target": -53.71653097500204, "params": {"C": 21.075647274296795, "epsilon": 1.0, "gamma": 0.001, "lamda": 0.7493430094429288}, "datetime": {"datetime": "2021-09-24 18:00:33", "elapsed": 105.313999, "delta": 1.071701}}
{"target": -44.69824669835563, "params": {"C": 21.132922014025297, "epsilon": 0.8087094006567084, "gamma": 0.12, "lamda": 0.15320794714037667}, "datetime": {"datetime": "2021-09-24 18:00:35", "elapsed": 106.602326, "delta": 1.288327}}
{"target": -44.45024697801743, "params": {"C": 20.607808851690677, "epsilon": 0.7319803435557529, "gamma": 0.10617074744523838, "lamda": 0.49132405255179673}, "datetime": {"datetime": "2021-09-24 18:00:36", "elapsed": 107.6669, "delta": 1.064574}}
{"target": -44.71057364875105, "params": {"C": 32.51103061157472, "epsilon": 0.6519442003564528, "gamma": 0.10949589409571205, "lamda": 0.23571114835428814}, "datetime": {"datetime": "2021-09-24 18:00:37", "elapsed": 108.443291, "delta": 0.776391}}
{"target": -44.89208211996069, "params": {"C": 32.833684186632674, "epsilon": 0.42805161097720523, "gamma": 0.12, "lamda": 0.22935780938007252}, "datetime": {"datetime": "2021-09-24 18:00:38", "elapsed": 109.662159, "delta": 1.218868}}
{"target": -43.74175774731445, "params": {"C": 42.54718039030125, "epsilon": 0.7391883119463897, "gamma": 0.01604506996079137, "lamda": 0.13100247536672385}, "datetime": {"datetime": "2021-09-24 18:00:39", "elapsed": 110.729267, "delta": 1.067108}}
{"target": -46.04047542743608, "params": {"C": 20.36532139099436, "epsilon": 0.5983738488778487, "gamma": 0.0052131108810755805, "lamda": 0.9699706465973524}, "datetime": {"datetime": "2021-09-24 18:00:40", "elapsed": 111.980226, "delta": 1.250959}}
{"target": -43.82076106756367, "params": {"C": 35.90579803894516, "epsilon": 0.614276236143153, "gamma": 0.03408628782910846, "lamda": 0.48373071168567416}, "datetime": {"datetime": "2021-09-24 18:00:41", "elapsed": 112.788231, "delta": 0.808005}}
{"target": -51.205421856343335, "params": {"C": 33.339652801746155, "epsilon": 0.7012310442333471, "gamma": 0.001, "lamda": 0.2618566103894091}, "datetime": {"datetime": "2021-09-24 18:00:42", "elapsed": 114.111226, "delta": 1.322995}}
{"target": -43.74228719775816, "params": {"C": 20.62064790795992, "epsilon": 0.882242427303535, "gamma": 0.07307791977720132, "lamda": 0.11307125057916972}, "datetime": {"datetime": "2021-09-24 18:00:44", "elapsed": 115.85832, "delta": 1.747094}}
{"target": -43.82129199373066, "params": {"C": 42.46122656203687, "epsilon": 0.5907788278763223, "gamma": 0.018717597289753227, "lamda": 0.39313904181039605}, "datetime": {"datetime": "2021-09-24 18:00:46", "elapsed": 117.447015, "delta": 1.588695}}
{"target": -43.771619532117754, "params": {"C": 19.81979993548298, "epsilon": 0.5378987198597125, "gamma": 0.026251997396828868, "lamda": 0.007601890595544187}, "datetime": {"datetime": "2021-09-24 18:00:47", "elapsed": 118.901019, "delta": 1.454004}}
{"target": -55.58175247646775, "params": {"C": 14.326854002165248, "epsilon": 1.0, "gamma": 0.001, "lamda": 0.7494247082563589}, "datetime": {"datetime": "2021-09-24 18:00:48", "elapsed": 120.291018, "delta": 1.389999}}
{"target": -44.380740942178285, "params": {"C": 13.33999058694426, "epsilon": 0.6705631888009477, "gamma": 0.017707565458325927, "lamda": 0.5538720765425983}, "datetime": {"datetime": "2021-09-24 18:00:49", "elapsed": 120.99207, "delta": 0.701052}}
{"target": -43.83078789632181, "params": {"C": 30.60548685593905, "epsilon": 0.3512305299651786, "gamma": 0.055833003337243184, "lamda": 0.6877819988685872}, "datetime": {"datetime": "2021-09-24 18:00:50", "elapsed": 121.914071, "delta": 0.922001}}
{"target": -44.819922652453364, "params": {"C": 42.80841565564758, "epsilon": 0.6343469955853227, "gamma": 0.09650727603349377, "lamda": 0.2544081929441013}, "datetime": {"datetime": "2021-09-24 18:00:51", "elapsed": 123.356069, "delta": 1.441998}}
{"target": -43.72774629137375, "params": {"C": 20.329993335263353, "epsilon": 0.7546727624699499, "gamma": 0.07365445987587771, "lamda": 0.11594626938423264}, "datetime": {"datetime": "2021-09-24 18:00:53", "elapsed": 124.664603, "delta": 1.308534}}
{"target": -53.723104681097354, "params": {"C": 20.834979725938517, "epsilon": 0.6992728279800845, "gamma": 0.001, "lamda": 0.26984641554649336}, "datetime": {"datetime": "2021-09-24 18:00:54", "elapsed": 126.278811, "delta": 1.614208}}
{"target": -43.860472738623585, "params": {"C": 13.434175693219908, "epsilon": 0.9436196015945474, "gamma": 0.051402423551772915, "lamda": 0.2944289852370834}, "datetime": {"datetime": "2021-09-24 18:00:55", "elapsed": 127.255811, "delta": 0.977}}
{"target": -43.6353121440105, "params": {"C": 19.953314519501596, "epsilon": 0.7426532558484968, "gamma": 0.05182478486536932, "lamda": 0.17565406009126466}, "datetime": {"datetime": "2021-09-24 18:00:57", "elapsed": 128.712231, "delta": 1.45642}}
{"target": -43.77770608394849, "params": {"C": 24.344661690909955, "epsilon": 0.707293870876429, "gamma": 0.03395124141853609, "lamda": 0.03132186993419379}, "datetime": {"datetime": "2021-09-24 18:00:58", "elapsed": 129.640235, "delta": 0.928004}}
{"target": -43.61244571965254, "params": {"C": 20.189957546346996, "epsilon": 0.4936415985775244, "gamma": 0.06053583891639078, "lamda": 0.029514536621342378}, "datetime": {"datetime": "2021-09-24 18:00:59", "elapsed": 131.063201, "delta": 1.422966}}
{"target": -49.8570093975555, "params": {"C": 42.694921764455266, "epsilon": 0.9225308303328785, "gamma": 0.001, "lamda": 0.2927264727198291}, "datetime": {"datetime": "2021-09-24 18:01:01", "elapsed": 132.448232, "delta": 1.385031}}
{"target": -44.62688549198568, "params": {"C": 42.24695984318582, "epsilon": 0.7858707399617123, "gamma": 0.08387656014519328, "lamda": 0.3111855543185058}, "datetime": {"datetime": "2021-09-24 18:01:02", "elapsed": 133.977794, "delta": 1.529562}}
{"target": -55.85394579175191, "params": {"C": 1.156713634105585, "epsilon": 0.9584561791022711, "gamma": 0.11001577179883532, "lamda": 0.7685542722683548}, "datetime": {"datetime": "2021-09-24 18:01:03", "elapsed": 135.065803, "delta": 1.088009}}
{"target": -44.62743494131217, "params": {"C": 20.589337506821774, "epsilon": 0.996270323932061, "gamma": 0.11707873001093584, "lamda": 0.2981022988885179}, "datetime": {"datetime": "2021-09-24 18:01:05", "elapsed": 136.389231, "delta": 1.323428}}
{"target": -44.341647974481496, "params": {"C": 42.430525582281525, "epsilon": 0.533840824567236, "gamma": 0.08340981620491614, "lamda": 0.10645944220343653}, "datetime": {"datetime": "2021-09-24 18:01:06", "elapsed": 137.64411, "delta": 1.254879}}
{"target": -43.638679168090704, "params": {"C": 19.88114394687972, "epsilon": 0.4915427915706878, "gamma": 0.0511058604778887, "lamda": 0.27604104740817853}, "datetime": {"datetime": "2021-09-24 18:01:07", "elapsed": 138.984117, "delta": 1.340007}}
{"target": -43.74908810741677, "params": {"C": 20.259352279133147, "epsilon": 0.3197881627227531, "gamma": 0.029056464889281118, "lamda": 0.4142876203111304}, "datetime": {"datetime": "2021-09-24 18:01:08", "elapsed": 139.768923, "delta": 0.784806}}
{"target": -43.87684867655888, "params": {"C": 13.709854784097825, "epsilon": 0.8492980466427605, "gamma": 0.05537256769215172, "lamda": 0.48906378734120665}, "datetime": {"datetime": "2021-09-24 18:01:09", "elapsed": 141.29251, "delta": 1.523587}}
{"target": -44.06483124840208, "params": {"C": 48.04792864386762, "epsilon": 0.27900994237799026, "gamma": 0.03287833261106987, "lamda": 0.011237000862262897}, "datetime": {"datetime": "2021-09-24 18:01:10", "elapsed": 142.169235, "delta": 0.876725}}
{"target": -43.79157135329249, "params": {"C": 20.599832493654066, "epsilon": 0.8142582996639215, "gamma": 0.044803119755238464, "lamda": 0.6204194991760711}, "datetime": {"datetime": "2021-09-24 18:01:11", "elapsed": 142.949901, "delta": 0.780666}}
{"target": -44.05962071918311, "params": {"C": 20.401525982534622, "epsilon": 0.3623923693861331, "gamma": 0.09410736082784626, "lamda": 0.18204707631675865}, "datetime": {"datetime": "2021-09-24 18:01:13", "elapsed": 144.774205, "delta": 1.824304}}
{"target": -44.65653372609566, "params": {"C": 20.409794958647353, "epsilon": 1.0, "gamma": 0.12, "lamda": 0.0001}, "datetime": {"datetime": "2021-09-24 18:01:15", "elapsed": 146.478813, "delta": 1.704608}}
{"target": -44.751383582698864, "params": {"C": 20.305740790841103, "epsilon": 0.7361645038589076, "gamma": 0.12, "lamda": 0.6121900853041159}, "datetime": {"datetime": "2021-09-24 18:01:17", "elapsed": 148.619801, "delta": 2.140988}}
{"target": -44.4487578102413, "params": {"C": 14.010582926475418, "epsilon": 0.7032369343763982, "gamma": 0.10216340988957356, "lamda": 0.39642775104968286}, "datetime": {"datetime": "2021-09-24 18:01:18", "elapsed": 149.996223, "delta": 1.376422}}
{"target": -44.407586425763405, "params": {"C": 19.884980907816857, "epsilon": 0.9816166022355065, "gamma": 0.09899790096491419, "lamda": 0.9976869832499455}, "datetime": {"datetime": "2021-09-24 18:01:19", "elapsed": 150.944162, "delta": 0.947939}}
{"target": -50.354516698531945, "params": {"C": 39.48044623007312, "epsilon": 0.3827446475406219, "gamma": 0.001, "lamda": 0.9436465443479873}, "datetime": {"datetime": "2021-09-24 18:01:21", "elapsed": 152.78088, "delta": 1.836718}}
{"target": -44.707344812311064, "params": {"C": 39.17901321171726, "epsilon": 0.7868592036296327, "gamma": 0.09108285443948091, "lamda": 0.8328781075240779}, "datetime": {"datetime": "2021-09-24 18:01:22", "elapsed": 154.164596, "delta": 1.383716}}
{"target": -44.7070914188139, "params": {"C": 11.60055483669492, "epsilon": 0.6952741522594751, "gamma": 0.10314040485447716, "lamda": 0.6659478189799481}, "datetime": {"datetime": "2021-09-24 18:01:23", "elapsed": 154.958407, "delta": 0.793811}}
{"target": -44.276867555383284, "params": {"C": 41.27149191048227, "epsilon": 0.7142056880836942, "gamma": 0.08178728644892727, "lamda": 0.05554669748897801}, "datetime": {"datetime": "2021-09-24 18:01:24", "elapsed": 156.200783, "delta": 1.242376}}
{"target": -44.656600934759496, "params": {"C": 20.207687070128898, "epsilon": 0.10827610669256026, "gamma": 0.12, "lamda": 0.26221751414174527}, "datetime": {"datetime": "2021-09-24 18:01:26", "elapsed": 157.928242, "delta": 1.727459}}
{"target": -43.587806919714204, "params": {"C": 24.431160736310662, "epsilon": 0.06264373407956605, "gamma": 0.051683352175460655, "lamda": 0.6517754833098796}, "datetime": {"datetime": "2021-09-24 18:01:28", "elapsed": 160.324243, "delta": 2.396001}}
{"target": -43.76380598689239, "params": {"C": 24.541702390513944, "epsilon": 0.2900314669129665, "gamma": 0.06441550557674956, "lamda": 0.5072109540910665}, "datetime": {"datetime": "2021-09-24 18:01:30", "elapsed": 161.707242, "delta": 1.382999}}
{"target": -43.75197789683226, "params": {"C": 24.45931244478969, "epsilon": 0.23643538722392216, "gamma": 0.02334934959605957, "lamda": 0.8923960135536381}, "datetime": {"datetime": "2021-09-24 18:01:31", "elapsed": 163.188244, "delta": 1.481002}}
{"target": -45.22988261452941, "params": {"C": 42.4466317886596, "epsilon": 0.7463152819572988, "gamma": 0.10990872406858915, "lamda": 0.6618481041241147}, "datetime": {"datetime": "2021-09-24 18:01:33", "elapsed": 164.66925, "delta": 1.481006}}
{"target": -44.61657721163312, "params": {"C": 24.868938080954717, "epsilon": 0.1983767805471688, "gamma": 0.1140156654145864, "lamda": 0.5440786346775177}, "datetime": {"datetime": "2021-09-24 18:01:34", "elapsed": 166.238338, "delta": 1.569088}}
{"target": -43.832813712596, "params": {"C": 36.96267984239528, "epsilon": 0.5252167438167454, "gamma": 0.04832599383844683, "lamda": 0.30971959564724866}, "datetime": {"datetime": "2021-09-24 18:01:36", "elapsed": 167.725345, "delta": 1.487007}}
{"target": -44.02733827519197, "params": {"C": 24.444170667170063, "epsilon": 0.5096664074149951, "gamma": 0.07712337415586103, "lamda": 0.7358333532363418}, "datetime": {"datetime": "2021-09-24 18:01:37", "elapsed": 169.27234, "delta": 1.546995}}
{"target": -44.9290402902303, "params": {"C": 32.74590682967707, "epsilon": 0.71527936621207, "gamma": 0.12, "lamda": 0.0001}, "datetime": {"datetime": "2021-09-24 18:01:39", "elapsed": 171.070366, "delta": 1.798026}}
{"target": -44.87486741844996, "params": {"C": 14.692257596920882, "epsilon": 0.6677706140450052, "gamma": 0.12, "lamda": 0.8145969144110307}, "datetime": {"datetime": "2021-09-24 18:01:41", "elapsed": 172.82237, "delta": 1.752004}}
{"target": -43.59148247396003, "params": {"C": 34.207050085950456, "epsilon": 0.5004293102290893, "gamma": 0.05090784952063713, "lamda": 0.008264700561849149}, "datetime": {"datetime": "2021-09-24 18:01:42", "elapsed": 173.941455, "delta": 1.119085}}
{"target": -43.626709201530154, "params": {"C": 33.895979931450164, "epsilon": 0.6990623957639155, "gamma": 0.048465896782168706, "lamda": 0.024997337565203257}, "datetime": {"datetime": "2021-09-24 18:01:44", "elapsed": 175.463463, "delta": 1.522008}}
{"target": -43.69634529432317, "params": {"C": 33.87365546305826, "epsilon": 0.9260014771776816, "gamma": 0.018031236862745142, "lamda": 0.2573616135957405}, "datetime": {"datetime": "2021-09-24 18:01:45", "elapsed": 176.799984, "delta": 1.336521}}
{"target": -51.06700794010387, "params": {"C": 13.904616871648118, "epsilon": 1.0, "gamma": 0.002559704609310517, "lamda": 0.33488052996290596}, "datetime": {"datetime": "2021-09-24 18:01:46", "elapsed": 178.217039, "delta": 1.417055}}
{"target": -44.84231350367027, "params": {"C": 13.868793476517816, "epsilon": 0.7496611631675811, "gamma": 0.11690701733279443, "lamda": 0.6803445160023167}, "datetime": {"datetime": "2021-09-24 18:01:48", "elapsed": 179.820045, "delta": 1.603006}}
{"target": -44.96191573614948, "params": {"C": 33.82010346906734, "epsilon": 0.9708901553233753, "gamma": 0.12, "lamda": 0.0001}, "datetime": {"datetime": "2021-09-24 18:01:49", "elapsed": 181.250129, "delta": 1.430084}}
{"target": -44.26767104514962, "params": {"C": 34.141782240415054, "epsilon": 0.6894247829459654, "gamma": 0.0855732486721387, "lamda": 0.18193522087954075}, "datetime": {"datetime": "2021-09-24 18:01:51", "elapsed": 182.92322, "delta": 1.673091}}
{"target": -43.75047515634709, "params": {"C": 27.50723138562262, "epsilon": 0.6371029171540449, "gamma": 0.06105157460858864, "lamda": 0.2680946566621204}, "datetime": {"datetime": "2021-09-24 18:01:52", "elapsed": 183.780101, "delta": 0.856881}}
{"target": -51.14106353642638, "params": {"C": 33.95899302851811, "epsilon": 0.4421963439522091, "gamma": 0.001, "lamda": 0.15340875641418547}, "datetime": {"datetime": "2021-09-24 18:01:54", "elapsed": 185.431046, "delta": 1.650945}}
{"target": -43.87809915738118, "params": {"C": 36.793447693440605, "epsilon": 0.7538712862432967, "gamma": 0.05140498146414899, "lamda": 0.285102012979368}, "datetime": {"datetime": "2021-09-24 18:01:55", "elapsed": 187.070986, "delta": 1.63994}}
{"target": -44.409616392755495, "params": {"C": 28.249900188553777, "epsilon": 0.2389874007272982, "gamma": 0.09766714857333991, "lamda": 0.7378128570499392}, "datetime": {"datetime": "2021-09-24 18:01:56", "elapsed": 187.891794, "delta": 0.820808}}
{"target": -44.585366313289505, "params": {"C": 34.41570246934161, "epsilon": 0.5914565781163735, "gamma": 0.10045185696166017, "lamda": 0.028878657519020863}, "datetime": {"datetime": "2021-09-24 18:01:58", "elapsed": 189.759659, "delta": 1.867865}}
{"target": -50.61997998570949, "params": {"C": 36.951693569659014, "epsilon": 0.29730464785327154, "gamma": 0.001, "lamda": 0.09413860624853253}, "datetime": {"datetime": "2021-09-24 18:02:00", "elapsed": 191.561477, "delta": 1.801818}}
{"target": -45.3048192935161, "params": {"C": 36.95613025703146, "epsilon": 0.6992551525667507, "gamma": 0.12, "lamda": 0.4921580378437921}, "datetime": {"datetime": "2021-09-24 18:02:01", "elapsed": 193.063602, "delta": 1.502125}}
{"target": -44.345884073221725, "params": {"C": 13.485812613792058, "epsilon": 0.9476971675724402, "gamma": 0.09359890886584415, "lamda": 0.541836144192444}, "datetime": {"datetime": "2021-09-24 18:02:03", "elapsed": 194.463198, "delta": 1.399596}}
{"target": -49.760296248582385, "params": {"C": 3.2652378537736095, "epsilon": 0.4086620791251908, "gamma": 0.02046268221816492, "lamda": 0.5913289761593593}, "datetime": {"datetime": "2021-09-24 18:02:03", "elapsed": 195.317988, "delta": 0.85479}}
{"target": -43.875042895679236, "params": {"C": 13.522264126012994, "epsilon": 0.6613109953697798, "gamma": 0.0360335461516754, "lamda": 0.3242765955730693}, "datetime": {"datetime": "2021-09-24 18:02:05", "elapsed": 197.14707, "delta": 1.829082}}
{"target": -51.67582940793041, "params": {"C": 4.300399414562021, "epsilon": 0.9575943970919494, "gamma": 0.00861574679925553, "lamda": 0.6024418811767497}, "datetime": {"datetime": "2021-09-24 18:02:06", "elapsed": 198.374073, "delta": 1.227003}}
{"target": -44.064887054543235, "params": {"C": 13.158282884842858, "epsilon": 0.7905584116678177, "gamma": 0.0750139461888338, "lamda": 0.296422642617326}, "datetime": {"datetime": "2021-09-24 18:02:08", "elapsed": 200.294073, "delta": 1.92}}
{"target": -46.08278785280352, "params": {"C": 34.093417657816524, "epsilon": 0.8867271297379334, "gamma": 0.0029634123606248467, "lamda": 0.04212275570255537}, "datetime": {"datetime": "2021-09-24 18:02:10", "elapsed": 202.240683, "delta": 1.94661}}
{"target": -43.86598457852151, "params": {"C": 24.43305251521699, "epsilon": 0.4268042687260419, "gamma": 0.06399982482724573, "lamda": 0.824479303142106}, "datetime": {"datetime": "2021-09-24 18:02:11", "elapsed": 203.089689, "delta": 0.849006}}
{"target": -48.08758186912381, "params": {"C": 4.7479490988707855, "epsilon": 0.8744113058362588, "gamma": 0.017425953920510624, "lamda": 0.8409641126109827}, "datetime": {"datetime": "2021-09-24 18:02:12", "elapsed": 204.017684, "delta": 0.927995}}
{"target": -43.88246996081417, "params": {"C": 27.67907005343155, "epsilon": 0.7631458137134858, "gamma": 0.0626808240666073, "lamda": 0.494127817145368}, "datetime": {"datetime": "2021-09-24 18:02:14", "elapsed": 205.501682, "delta": 1.483998}}
{"target": -45.03507562021976, "params": {"C": 37.25640720259021, "epsilon": 0.6994815102568923, "gamma": 0.12, "lamda": 0.15659731952391068}, "datetime": {"datetime": "2021-09-24 18:02:15", "elapsed": 206.937438, "delta": 1.435756}}
{"target": -44.66039118452928, "params": {"C": 19.710615116855568, "epsilon": 0.8305625868873382, "gamma": 0.12, "lamda": 0.030196253013184318}, "datetime": {"datetime": "2021-09-24 18:02:17", "elapsed": 208.625437, "delta": 1.687999}}
{"target": -44.943034979522054, "params": {"C": 33.35377540535514, "epsilon": 0.22500550005225511, "gamma": 0.12, "lamda": 0.5791393722589632}, "datetime": {"datetime": "2021-09-24 18:02:18", "elapsed": 210.194438, "delta": 1.569001}}
{"target": -44.51432345094942, "params": {"C": 21.37337518920682, "epsilon": 0.6586303793604406, "gamma": 0.11105764477857273, "lamda": 0.34826150911766357}, "datetime": {"datetime": "2021-09-24 18:02:20", "elapsed": 211.803457, "delta": 1.609019}}
{"target": -44.1162764317048, "params": {"C": 38.49100929799103, "epsilon": 0.28337124001979097, "gamma": 0.005709521470060336, "lamda": 0.20956475094353003}, "datetime": {"datetime": "2021-09-24 18:02:21", "elapsed": 212.747457, "delta": 0.944}}
{"target": -44.6931674465225, "params": {"C": 21.4142846192168, "epsilon": 0.9734068890713048, "gamma": 0.12, "lamda": 0.1448631736619294}, "datetime": {"datetime": "2021-09-24 18:02:23", "elapsed": 214.905101, "delta": 2.157644}}
{"target": -53.94968881619434, "params": {"C": 19.887109552524088, "epsilon": 0.6928873038438736, "gamma": 0.001, "lamda": 0.5554209195374622}, "datetime": {"datetime": "2021-09-24 18:02:25", "elapsed": 216.822158, "delta": 1.917057}}
{"target": -45.54780243433836, "params": {"C": 49.84696186825657, "epsilon": 0.212493936311303, "gamma": 0.11286691185157376, "lamda": 0.9910784464848762}, "datetime": {"datetime": "2021-09-24 18:02:26", "elapsed": 217.683225, "delta": 0.861067}}
{"target": -43.74795481293161, "params": {"C": 24.70522253438208, "epsilon": 0.4638292215987101, "gamma": 0.05413196277711344, "lamda": 0.7092673391204373}, "datetime": {"datetime": "2021-09-24 18:02:27", "elapsed": 219.340217, "delta": 1.656992}}
{"target": -52.81857477537084, "params": {"C": 24.9709687319975, "epsilon": 0.307300563594837, "gamma": 0.001, "lamda": 0.8140500392086681}, "datetime": {"datetime": "2021-09-24 18:02:29", "elapsed": 221.127217, "delta": 1.787}}
{"target": -43.87287355890871, "params": {"C": 44.8219841415738, "epsilon": 0.386565405150006, "gamma": 0.020729706542849332, "lamda": 0.2719115202818939}, "datetime": {"datetime": "2021-09-24 18:02:30", "elapsed": 222.069224, "delta": 0.942007}}
{"target": -43.62992388166662, "params": {"C": 20.069239692057774, "epsilon": 0.38944501955900684, "gamma": 0.058901382501052604, "lamda": 0.1750459941174192}, "datetime": {"datetime": "2021-09-24 18:02:32", "elapsed": 224.159218, "delta": 2.089994}}
{"target": -44.49092557672168, "params": {"C": 25.188066398723933, "epsilon": 0.11807811261128294, "gamma": 0.1060454223364984, "lamda": 0.3825828586052223}, "datetime": {"datetime": "2021-09-24 18:02:34", "elapsed": 225.972218, "delta": 1.813}}
