{"target": -44.41416194911875, "params": {"C": 44.810786711070776, "epsilon": 0.9710915106281924, "gamma": 0.0037897218143513934, "lamda": 0.20244824945884762}, "datetime": {"datetime": "2021-09-24 17:59:10", "elapsed": 22.191765, "delta": 0.74034}}
{"target": -45.49334900656603, "params": {"C": 43.85724041639435, "epsilon": 0.8277522339514481, "gamma": 0.12, "lamda": 0.4873578896460208}, "datetime": {"datetime": "2021-09-24 17:59:11", "elapsed": 23.168394, "delta": 0.976629}}
{"target": -45.18989951035941, "params": {"C": 44.9279772509951, "epsilon": 0.001, "gamma": 0.12, "lamda": 0.0001}, "datetime": {"datetime": "2021-09-24 17:59:12", "elapsed": 24.130496, "delta": 0.962102}}
{"target": -44.1812804003861, "params": {"C": 39.87070602089021, "epsilon": 0.8420310836220676, "gamma": 0.07552287566669179, "lamda": 0.025108465940045878}, "datetime": {"datetime": "2021-09-24 17:59:13", "elapsed": 24.967402, "delta": 0.836906}}
{"target": -49.904640413495414, "params": {"C": 42.003065034487726, "epsilon": 0.1692591263834572, "gamma": 0.001, "lamda": 1.0}, "datetime": {"datetime": "2021-09-24 17:59:14", "elapsed": 25.916722, "delta": 0.94932}}
{"target": -44.96446427648179, "params": {"C": 40.372344954540196, "epsilon": 0.9369025244799309, "gamma": 0.10245082624906543, "lamda": 0.9886192320993222}, "datetime": {"datetime": "2021-09-24 17:59:15", "elapsed": 26.731406, "delta": 0.814684}}
{"target": -43.91033369732698, "params": {"C": 27.48315009447406, "epsilon": 0.009563855784665967, "gamma": 0.010451282192169786, "lamda": 0.9282406097405979}, "datetime": {"datetime": "2021-09-24 17:59:16", "elapsed": 27.532754, "delta": 0.801348}}
{"target": -43.81081525605178, "params": {"C": 37.78022801072215, "epsilon": 0.9990451123189497, "gamma": 0.03533704044714289, "lamda": 0.2342486891170586}, "datetime": {"datetime": "2021-09-24 17:59:16", "elapsed": 28.227499, "delta": 0.694745}}
{"target": -50.499831494199505, "params": {"C": 37.89875809152539, "epsilon": 0.23267892534276796, "gamma": 0.001, "lamda": 1.0}, "datetime": {"datetime": "2021-09-24 17:59:17", "elapsed": 29.030605, "delta": 0.803106}}
{"target": -53.40024747867065, "params": {"C": 22.308866171850386, "epsilon": 0.001, "gamma": 0.001, "lamda": 0.3065411623207188}, "datetime": {"datetime": "2021-09-24 17:59:18", "elapsed": 30.124336, "delta": 1.093731}}
{"target": -50.03410522567458, "params": {"C": 40.41606160025059, "epsilon": 0.2434009576973437, "gamma": 0.001, "lamda": 0.28541510121931796}, "datetime": {"datetime": "2021-09-24 17:59:19", "elapsed": 31.07803, "delta": 0.953694}}
{"target": -45.54509705479798, "params": {"C": 44.62082866757775, "epsilon": 0.42848661015355544, "gamma": 0.12, "lamda": 0.5832387752116116}, "datetime": {"datetime": "2021-09-24 17:59:21", "elapsed": 32.405921, "delta": 1.327891}}
{"target": -43.82574202563201, "params": {"C": 39.646385473848525, "epsilon": 0.7534891160809112, "gamma": 0.044647402261162504, "lamda": 0.8471660800529897}, "datetime": {"datetime": "2021-09-24 17:59:21", "elapsed": 33.353172, "delta": 0.947251}}
{"target": -45.1927233193575, "params": {"C": 39.153113759148816, "epsilon": 0.6040775570910103, "gamma": 0.12, "lamda": 0.26121876078439166}, "datetime": {"datetime": "2021-09-24 17:59:22", "elapsed": 34.264047, "delta": 0.910875}}
{"target": -44.22361911283139, "params": {"C": 28.246637236536586, "epsilon": 0.09850317282586749, "gamma": 0.08686885365630484, "lamda": 0.8811106304904897}, "datetime": {"datetime": "2021-09-24 17:59:23", "elapsed": 35.37908, "delta": 1.115033}}
{"target": -45.09477127612244, "params": {"C": 27.488976283943668, "epsilon": 0.771851200194918, "gamma": 0.12, "lamda": 1.0}, "datetime": {"datetime": "2021-09-24 17:59:24", "elapsed": 36.276241, "delta": 0.897161}}
{"target": -44.78097042628842, "params": {"C": 27.661674587233183, "epsilon": 0.08594737703242537, "gamma": 0.12, "lamda": 0.18077159716779914}, "datetime": {"datetime": "2021-09-24 17:59:25", "elapsed": 37.363796, "delta": 1.087555}}
{"target": -45.029489437115, "params": {"C": 36.967540849119146, "epsilon": 1.0, "gamma": 0.12, "lamda": 0.12090279617019209}, "datetime": {"datetime": "2021-09-24 17:59:27", "elapsed": 38.387821, "delta": 1.024025}}
{"target": -43.81485977116652, "params": {"C": 21.360713461212423, "epsilon": 0.9848702917097385, "gamma": 0.0635514666190738, "lamda": 0.4171872110922425}, "datetime": {"datetime": "2021-09-24 17:59:28", "elapsed": 39.466118, "delta": 1.078297}}
{"target": -49.53509600259398, "params": {"C": 43.583624552343394, "epsilon": 0.001, "gamma": 0.001, "lamda": 1.0}, "datetime": {"datetime": "2021-09-24 17:59:29", "elapsed": 40.684733, "delta": 1.218615}}
{"target": -44.143625816182194, "params": {"C": 20.785480570334133, "epsilon": 0.7051195986937611, "gamma": 0.0863925431548995, "lamda": 0.9139958447365882}, "datetime": {"datetime": "2021-09-24 17:59:30", "elapsed": 41.660863, "delta": 0.97613}}
{"target": -44.822397160634814, "params": {"C": 41.853675320109616, "epsilon": 0.9524064063280299, "gamma": 0.10317109486185168, "lamda": 0.01606895480807147}, "datetime": {"datetime": "2021-09-24 17:59:31", "elapsed": 42.518673, "delta": 0.85781}}
{"target": -44.85009652594812, "params": {"C": 39.8991001020266, "epsilon": 0.14112342287318103, "gamma": 0.10173826429742217, "lamda": 0.9072943434374825}, "datetime": {"datetime": "2021-09-24 17:59:31", "elapsed": 43.136921, "delta": 0.618248}}
{"target": -43.67861090671595, "params": {"C": 39.322670384712566, "epsilon": 0.1033686664010802, "gamma": 0.010915431166468658, "lamda": 0.9870626005308323}, "datetime": {"datetime": "2021-09-24 17:59:32", "elapsed": 44.087622, "delta": 0.950701}}
{"target": -44.11299603525282, "params": {"C": 36.37078010144564, "epsilon": 0.7024527455200192, "gamma": 0.07042705007857473, "lamda": 0.35049748436383715}, "datetime": {"datetime": "2021-09-24 17:59:33", "elapsed": 44.615651, "delta": 0.528029}}
{"target": -44.028196813112835, "params": {"C": 14.251606428968946, "epsilon": 0.3148963291159063, "gamma": 0.02350606582640516, "lamda": 0.3246842841386908}, "datetime": {"datetime": "2021-09-24 17:59:33", "elapsed": 45.140894, "delta": 0.525243}}
{"target": -44.903806945608345, "params": {"C": 14.39980686871971, "epsilon": 0.6787161960545779, "gamma": 0.12, "lamda": 1.0}, "datetime": {"datetime": "2021-09-24 17:59:34", "elapsed": 46.021884, "delta": 0.88099}}
{"target": -44.07026203623937, "params": {"C": 15.022628827553824, "epsilon": 0.5503160215152391, "gamma": 0.08346016305167246, "lamda": 0.19699231208455528}, "datetime": {"datetime": "2021-09-24 17:59:35", "elapsed": 46.776094, "delta": 0.75421}}
{"target": -43.801764519989455, "params": {"C": 39.46320276007066, "epsilon": 0.18286997665801896, "gamma": 0.0074237321480032335, "lamda": 0.0554378339745111}, "datetime": {"datetime": "2021-09-24 17:59:36", "elapsed": 47.538052, "delta": 0.761958}}
{"target": -44.66339593049113, "params": {"C": 20.696602341836407, "epsilon": 0.504443196132631, "gamma": 0.12, "lamda": 0.05911183234364599}, "datetime": {"datetime": "2021-09-24 17:59:36", "elapsed": 48.319057, "delta": 0.781005}}
{"target": -44.42654417029827, "params": {"C": 15.492340254116282, "epsilon": 0.8941691213301987, "gamma": 0.09990392155823806, "lamda": 0.9395174073571279}, "datetime": {"datetime": "2021-09-24 17:59:37", "elapsed": 49.015096, "delta": 0.696039}}
{"target": -55.08264507446182, "params": {"C": 15.79157049983476, "epsilon": 0.06797739789618815, "gamma": 0.001, "lamda": 0.4424147084312779}, "datetime": {"datetime": "2021-09-24 17:59:38", "elapsed": 49.913249, "delta": 0.898153}}
{"target": -45.07970655469827, "params": {"C": 42.845600571813726, "epsilon": 0.05005278036889727, "gamma": 0.11256324120559737, "lamda": 0.8709401487503755}, "datetime": {"datetime": "2021-09-24 17:59:39", "elapsed": 50.452207, "delta": 0.538958}}
{"target": -53.7350617698985, "params": {"C": 6.844534173844215, "epsilon": 0.44140250959461835, "gamma": 0.003241683205548508, "lamda": 0.6874353976933812}, "datetime": {"datetime": "2021-09-24 17:59:39", "elapsed": 51.028205, "delta": 0.575998}}
{"target": -43.94370399139301, "params": {"C": 14.554689061180415, "epsilon": 0.9834089417790693, "gamma": 0.07128208410572859, "lamda": 0.1964350583579825}, "datetime": {"datetime": "2021-09-24 17:59:40", "elapsed": 51.793215, "delta": 0.76501}}
{"target": -43.92120653325732, "params": {"C": 42.877813325160915, "epsilon": 0.9200820144921827, "gamma": 0.02939676944406529, "lamda": 0.06810296792922516}, "datetime": {"datetime": "2021-09-24 17:59:41", "elapsed": 52.700248, "delta": 0.907033}}
{"target": -43.8557766406058, "params": {"C": 19.633694431257144, "epsilon": 0.7351853607092531, "gamma": 0.07359858820115524, "lamda": 0.305570199361394}, "datetime": {"datetime": "2021-09-24 17:59:41", "elapsed": 53.235249, "delta": 0.535001}}
{"target": -44.08403071849823, "params": {"C": 20.08916689809186, "epsilon": 0.09865756878750087, "gamma": 0.09313670193204979, "lamda": 0.741013243375025}, "datetime": {"datetime": "2021-09-24 17:59:42", "elapsed": 54.036248, "delta": 0.800999}}
{"target": -43.731204721522396, "params": {"C": 33.644547504071646, "epsilon": 0.8268056970838964, "gamma": 0.018638156704509534, "lamda": 0.10818179382038717}, "datetime": {"datetime": "2021-09-24 17:59:43", "elapsed": 54.64521, "delta": 0.608962}}
{"target": -43.92028721717055, "params": {"C": 14.61406692829075, "epsilon": 0.8499794463042285, "gamma": 0.0265492632742135, "lamda": 0.653153992054935}, "datetime": {"datetime": "2021-09-24 17:59:43", "elapsed": 55.206207, "delta": 0.560997}}
{"target": -44.21717804760646, "params": {"C": 33.40061466896225, "epsilon": 0.8533803566618559, "gamma": 0.073907934282846, "lamda": 0.931700493245747}, "datetime": {"datetime": "2021-09-24 17:59:44", "elapsed": 55.791206, "delta": 0.584999}}
{"target": -43.87301107958687, "params": {"C": 32.92283254484077, "epsilon": 0.9714845011598875, "gamma": 0.024189519538779142, "lamda": 0.09371981780273665}, "datetime": {"datetime": "2021-09-24 17:59:45", "elapsed": 56.581794, "delta": 0.790588}}
{"target": -44.95134254921275, "params": {"C": 33.39986505386154, "epsilon": 0.001, "gamma": 0.12, "lamda": 0.0001}, "datetime": {"datetime": "2021-09-24 17:59:45", "elapsed": 57.349485, "delta": 0.767691}}
{"target": -49.33469452550755, "params": {"C": 45.39605477027749, "epsilon": 0.001, "gamma": 0.001, "lamda": 1.0}, "datetime": {"datetime": "2021-09-24 17:59:46", "elapsed": 58.234013, "delta": 0.884528}}
{"target": -43.934633053390435, "params": {"C": 41.88478235063588, "epsilon": 0.2798234260008564, "gamma": 0.03342116449181258, "lamda": 0.18297774299874361}, "datetime": {"datetime": "2021-09-24 17:59:47", "elapsed": 58.821035, "delta": 0.587022}}
{"target": -44.453924620889836, "params": {"C": 14.643206287388994, "epsilon": 0.8423374036499053, "gamma": 0.013897202781985342, "lamda": 0.6221332322633253}, "datetime": {"datetime": "2021-09-24 17:59:47", "elapsed": 59.345076, "delta": 0.524041}}
{"target": -43.88119249195602, "params": {"C": 14.024453552558949, "epsilon": 0.9329148610980252, "gamma": 0.0417739769932873, "lamda": 0.5854197258786985}, "datetime": {"datetime": "2021-09-24 17:59:48", "elapsed": 60.117071, "delta": 0.771995}}
{"target": -43.899194695505976, "params": {"C": 19.999808083529235, "epsilon": 0.8384699565886867, "gamma": 0.06513872495731912, "lamda": 0.8676494902252911}, "datetime": {"datetime": "2021-09-24 17:59:49", "elapsed": 60.833114, "delta": 0.716043}}
{"target": -45.33516608365286, "params": {"C": 6.505496632241351, "epsilon": 0.07109710954571101, "gamma": 0.054781524223562396, "lamda": 0.2819939056229161}, "datetime": {"datetime": "2021-09-24 17:59:50", "elapsed": 61.426076, "delta": 0.592962}}
{"target": -44.08656989951848, "params": {"C": 20.33355765099385, "epsilon": 0.9450441065541787, "gamma": 0.0866279235324446, "lamda": 0.38970822231835833}, "datetime": {"datetime": "2021-09-24 17:59:50", "elapsed": 62.350034, "delta": 0.923958}}
{"target": -43.797886010064516, "params": {"C": 37.00986838765535, "epsilon": 0.7473815692406643, "gamma": 0.04238307417724559, "lamda": 0.040606854793794674}, "datetime": {"datetime": "2021-09-24 17:59:51", "elapsed": 62.974059, "delta": 0.624025}}
{"target": -43.735693426183985, "params": {"C": 32.69038637977079, "epsilon": 0.898376453181138, "gamma": 0.03496354469124564, "lamda": 0.9548930653323937}, "datetime": {"datetime": "2021-09-24 17:59:52", "elapsed": 63.733057, "delta": 0.758998}}
{"target": -44.19573478191325, "params": {"C": 36.78848426104157, "epsilon": 0.07015376480928838, "gamma": 0.08013804777710044, "lamda": 0.18267076803873517}, "datetime": {"datetime": "2021-09-24 17:59:53", "elapsed": 64.650061, "delta": 0.917004}}
{"target": -44.5854352371464, "params": {"C": 32.79856292007762, "epsilon": 0.26067696167249577, "gamma": 0.1016139552292449, "lamda": 0.5986506597939688}, "datetime": {"datetime": "2021-09-24 17:59:53", "elapsed": 65.22858, "delta": 0.578519}}
{"target": -43.75411367180668, "params": {"C": 25.182952875252898, "epsilon": 0.2102910559849512, "gamma": 0.0374375477694723, "lamda": 0.5999870201406464}, "datetime": {"datetime": "2021-09-24 17:59:54", "elapsed": 65.779441, "delta": 0.550861}}
{"target": -44.247110561420634, "params": {"C": 27.665904254622554, "epsilon": 0.07561198186854952, "gamma": 0.09258195401468217, "lamda": 0.1780977860244439}, "datetime": {"datetime": "2021-09-24 17:59:55", "elapsed": 66.439481, "delta": 0.66004}}
{"target": -43.78331794127782, "params": {"C": 33.31069714520047, "epsilon": 0.4856494362012844, "gamma": 0.03040230972734342, "lamda": 0.551260830833457}, "datetime": {"datetime": "2021-09-24 17:59:56", "elapsed": 67.41427, "delta": 0.974789}}
{"target": -43.90160302895346, "params": {"C": 28.165254677521983, "epsilon": 0.0441985690517889, "gamma": 0.02825270049668933, "lamda": 0.09914941878412097}, "datetime": {"datetime": "2021-09-24 17:59:56", "elapsed": 68.314245, "delta": 0.899975}}
{"target": -51.39282689535114, "params": {"C": 32.46720972495803, "epsilon": 0.7590368087246853, "gamma": 0.001, "lamda": 0.41783300101070286}, "datetime": {"datetime": "2021-09-24 17:59:57", "elapsed": 69.265486, "delta": 0.951241}}
{"target": -44.912798632266835, "params": {"C": 36.76554236611063, "epsilon": 0.4449191336698079, "gamma": 0.10163904569969857, "lamda": 0.6710597451912517}, "datetime": {"datetime": "2021-09-24 17:59:58", "elapsed": 70.151201, "delta": 0.885715}}
{"target": -43.61497342654412, "params": {"C": 19.98425106659275, "epsilon": 0.21229137904047823, "gamma": 0.06213987750695251, "lamda": 0.13175330842433117}, "datetime": {"datetime": "2021-09-24 17:59:59", "elapsed": 71.23024, "delta": 1.079039}}
{"target": -54.09327273024672, "params": {"C": 19.48468908189364, "epsilon": 0.1855845390575041, "gamma": 0.001, "lamda": 0.5563139435506828}, "datetime": {"datetime": "2021-09-24 18:00:00", "elapsed": 72.219696, "delta": 0.989456}}
{"target": -44.52092538593088, "params": {"C": 20.39737866776545, "epsilon": 0.3509528828420788, "gamma": 0.11122981582972491, "lamda": 0.569622939235254}, "datetime": {"datetime": "2021-09-24 18:00:01", "elapsed": 73.250883, "delta": 1.031187}}
{"target": -43.712348433598756, "params": {"C": 37.007562112418704, "epsilon": 0.7466510090660812, "gamma": 0.052952562407875145, "lamda": 0.04496487895971878}, "datetime": {"datetime": "2021-09-24 18:00:02", "elapsed": 74.125879, "delta": 0.874996}}
{"target": -44.32804800017098, "params": {"C": 42.6303126219656, "epsilon": 0.370154736441895, "gamma": 0.08364018061249118, "lamda": 0.10528089830626229}, "datetime": {"datetime": "2021-09-24 18:00:03", "elapsed": 74.805645, "delta": 0.679766}}
{"target": -44.82039032510468, "params": {"C": 42.60121335236683, "epsilon": 0.25718733154467477, "gamma": 0.09410342444233027, "lamda": 0.718465321406899}, "datetime": {"datetime": "2021-09-24 18:00:04", "elapsed": 75.46554, "delta": 0.659895}}
{"target": -44.01087497420324, "params": {"C": 20.028259288240818, "epsilon": 0.9276785866723528, "gamma": 0.09348942345206215, "lamda": 0.04982063681474448}, "datetime": {"datetime": "2021-09-24 18:00:05", "elapsed": 76.724539, "delta": 1.258999}}
{"target": -43.916141229955066, "params": {"C": 39.887006358298315, "epsilon": 0.12333648682020308, "gamma": 0.05451852807824984, "lamda": 0.9186137193998114}, "datetime": {"datetime": "2021-09-24 18:00:05", "elapsed": 77.353374, "delta": 0.628835}}
{"target": -44.29590793568594, "params": {"C": 33.173226264708575, "epsilon": 0.5270096460723558, "gamma": 0.08954502370348244, "lamda": 0.034239733671552024}, "datetime": {"datetime": "2021-09-24 18:00:07", "elapsed": 78.45307, "delta": 1.099696}}
{"target": -44.363594329723895, "params": {"C": 33.29885327834346, "epsilon": 0.9931470063762932, "gamma": 0.07888618720460192, "lamda": 0.4565673185439696}, "datetime": {"datetime": "2021-09-24 18:00:08", "elapsed": 79.511676, "delta": 1.058606}}
{"target": -43.79200502202804, "params": {"C": 42.46712730676443, "epsilon": 0.8895164856106187, "gamma": 0.035071674184519404, "lamda": 0.4424822985167466}, "datetime": {"datetime": "2021-09-24 18:00:09", "elapsed": 80.412139, "delta": 0.900463}}
{"target": -51.38208522118583, "params": {"C": 33.00413900690948, "epsilon": 0.494922145169496, "gamma": 0.001, "lamda": 1.0}, "datetime": {"datetime": "2021-09-24 18:00:10", "elapsed": 81.50144, "delta": 1.089301}}
{"target": -52.20229353368056, "params": {"C": 27.89075142467834, "epsilon": 0.001, "gamma": 0.001, "lamda": 0.5366721200478001}, "datetime": {"datetime": "2021-09-24 18:00:11", "elapsed": 82.787778, "delta": 1.286338}}
{"target": -44.34002134406988, "params": {"C": 20.111342403427248, "epsilon": 0.6026772057174151, "gamma": 0.10290735028884704, "lamda": 0.3227882048702528}, "datetime": {"datetime": "2021-09-24 18:00:12", "elapsed": 83.834455, "delta": 1.046677}}
{"target": -45.0911838504406, "params": {"C": 33.678655738517755, "epsilon": 0.7066516197069503, "gamma": 0.11502523927560668, "lamda": 0.5321973684323338}, "datetime": {"datetime": "2021-09-24 18:00:13", "elapsed": 84.898765, "delta": 1.06431}}
{"target": -44.49214536051779, "params": {"C": 19.846753821397623, "epsilon": 0.9787243579502055, "gamma": 0.10812399315718695, "lamda": 0.46666420445556206}, "datetime": {"datetime": "2021-09-24 18:00:14", "elapsed": 86.227296, "delta": 1.328531}}
{"target": -44.90142467342864, "params": {"C": 14.310997629087927, "epsilon": 0.7007109692925854, "gamma": 0.12, "lamda": 0.46767098615218067}, "datetime": {"datetime": "2021-09-24 18:00:15", "elapsed": 87.378554, "delta": 1.151258}}
{"target": -45.007910427706975, "params": {"C": 36.67366722587826, "epsilon": 0.5071829565213173, "gamma": 0.12, "lamda": 0.06932859388870323}, "datetime": {"datetime": "2021-09-24 18:00:17", "elapsed": 88.478812, "delta": 1.100258}}
{"target": -44.06372817445389, "params": {"C": 12.793874120615348, "epsilon": 0.8035392882369734, "gamma": 0.07241627462408806, "lamda": 0.29218975072638276}, "datetime": {"datetime": "2021-09-24 18:00:17", "elapsed": 89.174805, "delta": 0.695993}}
{"target": -44.34792523424527, "params": {"C": 42.90163579410053, "epsilon": 0.8374693291611021, "gamma": 0.0691300505269597, "lamda": 0.5117235814085912}, "datetime": {"datetime": "2021-09-24 18:00:19", "elapsed": 90.411435, "delta": 1.23663}}
{"target": -43.70402611229262, "params": {"C": 24.21368082354709, "epsilon": 0.24166898384032617, "gamma": 0.058817817974473864, "lamda": 0.6701064114425422}, "datetime": {"datetime": "2021-09-24 18:00:19", "elapsed": 91.10283, "delta": 0.691395}}
{"target": -44.67323870955928, "params": {"C": 38.4363495700713, "epsilon": 0.9525579914187, "gamma": 0.00411704238349068, "lamda": 0.03742796639392544}, "datetime": {"datetime": "2021-09-24 18:00:20", "elapsed": 91.907033, "delta": 0.804203}}
{"target": -48.22353685534148, "params": {"C": 3.2019616368715482, "epsilon": 0.3201700460979639, "gamma": 0.049507500015006645, "lamda": 0.4398744279150993}, "datetime": {"datetime": "2021-09-24 18:00:21", "elapsed": 92.683457, "delta": 0.776424}}
{"target": -43.77311349098283, "params": {"C": 42.231274124386076, "epsilon": 0.6100406698069817, "gamma": 0.01730131467905736, "lamda": 0.16958106020964794}, "datetime": {"datetime": "2021-09-24 18:00:22", "elapsed": 93.877346, "delta": 1.193889}}
{"target": -43.8332316986875, "params": {"C": 39.26847958963722, "epsilon": 0.5898300744919986, "gamma": 0.04634271596173506, "lamda": 0.9285353726516604}, "datetime": {"datetime": "2021-09-24 18:00:23", "elapsed": 94.991472, "delta": 1.114126}}
{"target": -44.36725922549698, "params": {"C": 10.936039326135834, "epsilon": 0.07657473335976057, "gamma": 0.08151236949570274, "lamda": 0.20980858953294668}, "datetime": {"datetime": "2021-09-24 18:00:24", "elapsed": 95.862669, "delta": 0.871197}}
{"target": -43.88366903104689, "params": {"C": 33.098185115736584, "epsilon": 0.17126245149802294, "gamma": 0.02528407608602516, "lamda": 0.4327714028638783}, "datetime": {"datetime": "2021-09-24 18:00:25", "elapsed": 97.077028, "delta": 1.214359}}
{"target": -44.63524663650162, "params": {"C": 37.26384964227439, "epsilon": 0.7407197877004938, "gamma": 0.08678745484459117, "lamda": 0.4684851719323423}, "datetime": {"datetime": "2021-09-24 18:00:26", "elapsed": 97.996224, "delta": 0.919196}}
{"target": -44.8484894008719, "params": {"C": 37.24945953991611, "epsilon": 0.3460983958712087, "gamma": 0.11063628025731338, "lamda": 0.09488966109858533}, "datetime": {"datetime": "2021-09-24 18:00:27", "elapsed": 98.6395, "delta": 0.643276}}
{"target": -43.88710037607431, "params": {"C": 37.1499382436483, "epsilon": 0.04591959557907669, "gamma": 0.029992314871640686, "lamda": 0.14044954199463844}, "datetime": {"datetime": "2021-09-24 18:00:27", "elapsed": 99.28396, "delta": 0.64446}}
{"target": -43.70514891799037, "params": {"C": 24.663960725612196, "epsilon": 0.1514364489688669, "gamma": 0.020693124620786988, "lamda": 0.7509983555134174}, "datetime": {"datetime": "2021-09-24 18:00:29", "elapsed": 100.398048, "delta": 1.114088}}
