{"target": -46.32209354427348, "params": {"C": 143.39757997198635, "epsilon": 0.4823569660593504, "gamma": 0.001, "lamda": 1.1271978488496208}, "datetime": {"datetime": "2021-09-24 19:01:15", "elapsed": 94.034067, "delta": 0.769883}}
{"target": -46.65891335906923, "params": {"C": 136.98924442848582, "epsilon": 0.3460983958712087, "gamma": 0.11063628025731338, "lamda": 0.14228923160492862}, "datetime": {"datetime": "2021-09-24 19:01:16", "elapsed": 94.787081, "delta": 0.753014}}
{"target": -44.37979497786737, "params": {"C": 136.8876920853554, "epsilon": 0.04591959557907669, "gamma": 0.029992314871640686, "lamda": 0.2106313311708753}, "datetime": {"datetime": "2021-09-24 19:01:17", "elapsed": 95.540607, "delta": 0.753526}}
{"target": -44.30013994654212, "params": {"C": 110.50086485749175, "epsilon": 0.823422915212015, "gamma": 0.089484462168214, "lamda": 1.4071402649406624}, "datetime": {"datetime": "2021-09-24 19:01:18", "elapsed": 96.246251, "delta": 0.705644}}
{"target": -43.663191814464746, "params": {"C": 143.33000105923387, "epsilon": 0.4773260952187572, "gamma": 0.02470052530802667, "lamda": 1.1958719614120683}, "datetime": {"datetime": "2021-09-24 19:01:18", "elapsed": 96.98177, "delta": 0.735519}}
{"target": -45.47748413286939, "params": {"C": 101.26642013570195, "epsilon": 0.5880443333430936, "gamma": 0.0821087125883519, "lamda": 0.4348123699177352}, "datetime": {"datetime": "2021-09-24 19:01:19", "elapsed": 97.692897, "delta": 0.711127}}
{"target": -43.31965279579086, "params": {"C": 106.48947670839235, "epsilon": 0.9693831365662327, "gamma": 0.03988759027557865, "lamda": 1.2305643652827554}, "datetime": {"datetime": "2021-09-24 19:01:20", "elapsed": 98.452445, "delta": 0.759548}}
{"target": -44.830197234378936, "params": {"C": 105.9181844699205, "epsilon": 0.4401361033850209, "gamma": 0.05824216269994867, "lamda": 0.9628366335494964}, "datetime": {"datetime": "2021-09-24 19:01:21", "elapsed": 99.203998, "delta": 0.751553}}
{"target": -43.585069801730434, "params": {"C": 102.71081688194265, "epsilon": 0.368700496955721, "gamma": 0.0039010745409496987, "lamda": 1.1529714880647346}, "datetime": {"datetime": "2021-09-24 19:01:21", "elapsed": 99.874367, "delta": 0.670369}}
{"target": -43.534047570339624, "params": {"C": 106.53513151141792, "epsilon": 0.9405770383030593, "gamma": 0.05172434180653363, "lamda": 1.166387556460808}, "datetime": {"datetime": "2021-09-24 19:01:22", "elapsed": 100.577994, "delta": 0.703627}}
{"target": -46.862466352208145, "params": {"C": 132.1541128689538, "epsilon": 0.6519442003564528, "gamma": 0.10949589409571205, "lamda": 0.3535285042670235}, "datetime": {"datetime": "2021-09-24 19:01:23", "elapsed": 101.379556, "delta": 0.801562}}
{"target": -43.554803383909, "params": {"C": 143.2673738568098, "epsilon": 0.6371726666657106, "gamma": 0.04221941401982046, "lamda": 1.2097194146977737}, "datetime": {"datetime": "2021-09-24 19:01:23", "elapsed": 102.127876, "delta": 0.74832}}
{"target": -43.36117478897804, "params": {"C": 106.60748979358071, "epsilon": 0.932587691840152, "gamma": 0.041460986259348034, "lamda": 1.231730483751417}, "datetime": {"datetime": "2021-09-24 19:01:24", "elapsed": 102.860933, "delta": 0.733057}}
{"target": -43.86998665253657, "params": {"C": 149.48935361455824, "epsilon": 0.4991329774115836, "gamma": 0.05019082405531761, "lamda": 1.2793743873694474}, "datetime": {"datetime": "2021-09-24 19:01:25", "elapsed": 103.855133, "delta": 0.9942}}
{"target": -44.26117459010622, "params": {"C": 135.61816126422974, "epsilon": 0.614276236143153, "gamma": 0.03408628782910846, "lamda": 0.725570251482491}, "datetime": {"datetime": "2021-09-24 19:01:26", "elapsed": 104.533018, "delta": 0.677885}}
{"target": -43.248853075586496, "params": {"C": 106.65969750020734, "epsilon": 0.8881773644294177, "gamma": 0.02082800781122179, "lamda": 1.1945637572453065}, "datetime": {"datetime": "2021-09-24 19:01:27", "elapsed": 105.455523, "delta": 0.922505}}
{"target": -48.859863915009434, "params": {"C": 106.60331088397507, "epsilon": 0.9561166212031823, "gamma": 0.001, "lamda": 1.1753813894834015}, "datetime": {"datetime": "2021-09-24 19:01:28", "elapsed": 106.403079, "delta": 0.947556}}
{"target": -43.69099846545217, "params": {"C": 143.4595556122997, "epsilon": 0.4899283617627259, "gamma": 0.02799778276979212, "lamda": 1.2104746102138664}, "datetime": {"datetime": "2021-09-24 19:01:29", "elapsed": 107.256493, "delta": 0.853414}}
{"target": -44.956720334568, "params": {"C": 120.76683075088458, "epsilon": 0.14257969418133748, "gamma": 0.05185261315590304, "lamda": 0.4511423708565841}, "datetime": {"datetime": "2021-09-24 19:01:29", "elapsed": 108.073963, "delta": 0.81747}}
{"target": -43.93221067536588, "params": {"C": 143.2741686794888, "epsilon": 0.597342043375693, "gamma": 0.0630807269648604, "lamda": 1.291039138474108}, "datetime": {"datetime": "2021-09-24 19:01:30", "elapsed": 108.791096, "delta": 0.717133}}
{"target": -43.76223032144609, "params": {"C": 112.59182712953496, "epsilon": 0.6705631888009477, "gamma": 0.017707565458325927, "lamda": 0.8307858061868619}, "datetime": {"datetime": "2021-09-24 19:01:31", "elapsed": 109.750496, "delta": 0.9594}}
{"target": -44.956684164100935, "params": {"C": 130.20968046524393, "epsilon": 0.3512305299651786, "gamma": 0.055833003337243184, "lamda": 1.031657385841578}, "datetime": {"datetime": "2021-09-24 19:01:32", "elapsed": 110.424312, "delta": 0.673816}}
{"target": -43.23023766190744, "params": {"C": 106.58207830813696, "epsilon": 0.837764791952145, "gamma": 0.02209749294545211, "lamda": 1.2551086461304055}, "datetime": {"datetime": "2021-09-24 19:01:33", "elapsed": 111.178722, "delta": 0.75441}}
{"target": -44.3872901394437, "params": {"C": 106.65681804231629, "epsilon": 0.9224565734978375, "gamma": 0.0938663262196393, "lamda": 1.2863793108294748}, "datetime": {"datetime": "2021-09-24 19:01:33", "elapsed": 111.942125, "delta": 0.763403}}
{"target": -43.60424733270276, "params": {"C": 113.88800747827925, "epsilon": 0.8233257616863972, "gamma": 0.04232846068425582, "lamda": 1.050102605643405}, "datetime": {"datetime": "2021-09-24 19:01:35", "elapsed": 113.292387, "delta": 1.350262}}
{"target": -44.681111368391484, "params": {"C": 112.68793438083664, "epsilon": 0.9436196015945474, "gamma": 0.051402423551772915, "lamda": 0.44160819577667904}, "datetime": {"datetime": "2021-09-24 19:01:35", "elapsed": 114.116831, "delta": 0.824444}}
{"target": -43.983881246032475, "params": {"C": 113.61953267310291, "epsilon": 0.031935130163925796, "gamma": 0.010304510822179192, "lamda": 1.4268229451818897}, "datetime": {"datetime": "2021-09-24 19:01:36", "elapsed": 114.914829, "delta": 0.797998}}
{"target": -44.328858498231895, "params": {"C": 123.82108335807138, "epsilon": 0.707293870876429, "gamma": 0.03395124141853609, "lamda": 0.04693436615091235}, "datetime": {"datetime": "2021-09-24 19:01:37", "elapsed": 115.959698, "delta": 1.044869}}
{"target": -43.98342903223698, "params": {"C": 113.86431834143815, "epsilon": 0.8210272419327913, "gamma": 0.05199654058940702, "lamda": 0.8997545780497992}, "datetime": {"datetime": "2021-09-24 19:01:38", "elapsed": 116.785462, "delta": 0.825764}}
{"target": -43.994840927014, "params": {"C": 106.54550056578637, "epsilon": 0.8790965276911287, "gamma": 0.072650334823759, "lamda": 1.1703427172911411}, "datetime": {"datetime": "2021-09-24 19:01:39", "elapsed": 117.656605, "delta": 0.871143}}
{"target": -43.33786462765833, "params": {"C": 143.20983846507136, "epsilon": 0.532711480428261, "gamma": 0.020428174310996763, "lamda": 1.2690861313987123}, "datetime": {"datetime": "2021-09-24 19:01:40", "elapsed": 118.605059, "delta": 0.948454}}
{"target": -44.82970444964064, "params": {"C": 100.15991187153631, "epsilon": 0.9584561791022711, "gamma": 0.11001577179883532, "lamda": 1.1528198349588012}, "datetime": {"datetime": "2021-09-24 19:01:41", "elapsed": 119.526514, "delta": 0.921455}}
{"target": -43.53796824684791, "params": {"C": 106.55256141150026, "epsilon": 0.8590339571807488, "gamma": 0.009156732206554958, "lamda": 1.2032520974735108}, "datetime": {"datetime": "2021-09-24 19:01:42", "elapsed": 120.389611, "delta": 0.863097}}
{"target": -45.709006210328845, "params": {"C": 126.09278211432607, "epsilon": 0.9843980972519369, "gamma": 0.0742008722441449, "lamda": 0.31826931657549307}, "datetime": {"datetime": "2021-09-24 19:01:43", "elapsed": 121.243989, "delta": 0.854378}}
{"target": -43.79792767588991, "params": {"C": 143.26515288823475, "epsilon": 0.527561011739503, "gamma": 0.04750261335157668, "lamda": 1.2670967246233893}, "datetime": {"datetime": "2021-09-24 19:01:43", "elapsed": 122.105514, "delta": 0.861525}}
{"target": -44.37126716444543, "params": {"C": 119.65240028482974, "epsilon": 0.3197881627227531, "gamma": 0.029056464889281118, "lamda": 0.6214021419188563}, "datetime": {"datetime": "2021-09-24 19:01:44", "elapsed": 122.852612, "delta": 0.747098}}
{"target": -43.54851755337091, "params": {"C": 106.60763578074487, "epsilon": 0.829554880388762, "gamma": 0.0494949338013133, "lamda": 1.2357766759809434}, "datetime": {"datetime": "2021-09-24 19:01:45", "elapsed": 123.597223, "delta": 0.744611}}
{"target": -44.44886729032057, "params": {"C": 148.00809045292615, "epsilon": 0.27900994237799026, "gamma": 0.03287833261106987, "lamda": 0.016806058199128032}, "datetime": {"datetime": "2021-09-24 19:01:46", "elapsed": 124.866199, "delta": 1.268976}}
{"target": -43.78849991877136, "params": {"C": 119.99982907515721, "epsilon": 0.8142582996639215, "gamma": 0.044803119755238464, "lamda": 0.9306102678409731}, "datetime": {"datetime": "2021-09-24 19:01:47", "elapsed": 125.583021, "delta": 0.716822}}
{"target": -43.295448718049265, "params": {"C": 143.17572451427225, "epsilon": 0.5922032819065772, "gamma": 0.014238778527336727, "lamda": 1.2342024602757893}, "datetime": {"datetime": "2021-09-24 19:01:48", "elapsed": 126.410525, "delta": 0.827504}}
{"target": -43.71378625727991, "params": {"C": 113.91467829970374, "epsilon": 0.7944632798510715, "gamma": 0.038035824982322816, "lamda": 0.9769719025797845}, "datetime": {"datetime": "2021-09-24 19:01:49", "elapsed": 127.288109, "delta": 0.877584}}
{"target": -46.29481364759726, "params": {"C": 135.6320878534265, "epsilon": 0.614386918723515, "gamma": 0.001, "lamda": 0.85213888497117}, "datetime": {"datetime": "2021-09-24 19:01:50", "elapsed": 128.378275, "delta": 1.090166}}
{"target": -43.47792838527215, "params": {"C": 135.57140177649381, "epsilon": 0.6886140092003201, "gamma": 0.024400852847729738, "lamda": 0.9761180640261203}, "datetime": {"datetime": "2021-09-24 19:01:51", "elapsed": 129.221018, "delta": 0.842743}}
{"target": -44.46533784123571, "params": {"C": 119.27038868144578, "epsilon": 0.9816166022355065, "gamma": 0.09899790096491419, "lamda": 1.4965303592125145}, "datetime": {"datetime": "2021-09-24 19:01:51", "elapsed": 129.963997, "delta": 0.742979}}
{"target": -43.25951016612562, "params": {"C": 112.83699570858951, "epsilon": 0.9378818563499384, "gamma": 0.028962779317416636, "lamda": 1.0457722955786897}, "datetime": {"datetime": "2021-09-24 19:01:52", "elapsed": 130.896037, "delta": 0.93204}}
{"target": -43.522189859867076, "params": {"C": 112.8684467394495, "epsilon": 0.9324721362478755, "gamma": 0.044509068603587505, "lamda": 1.019239820828807}, "datetime": {"datetime": "2021-09-24 19:01:53", "elapsed": 131.829374, "delta": 0.933337}}
{"target": -45.21530153559647, "params": {"C": 110.81689269050501, "epsilon": 0.6952741522594751, "gamma": 0.10314040485447716, "lamda": 0.9989050241904432}, "datetime": {"datetime": "2021-09-24 19:01:54", "elapsed": 132.531534, "delta": 0.70216}}
{"target": -46.20981030761124, "params": {"C": 141.09335909232885, "epsilon": 0.7142056880836942, "gamma": 0.08178728644892727, "lamda": 0.08327281884560268}, "datetime": {"datetime": "2021-09-24 19:01:55", "elapsed": 133.480105, "delta": 0.948571}}
{"target": -44.21703710504907, "params": {"C": 106.66948739206882, "epsilon": 0.8487154566485196, "gamma": 0.08062915586203195, "lamda": 1.1765169518649778}, "datetime": {"datetime": "2021-09-24 19:01:56", "elapsed": 134.29654, "delta": 0.816435}}
{"target": -43.32331139192742, "params": {"C": 112.89282256708724, "epsilon": 0.9903770223283591, "gamma": 0.03637062649891249, "lamda": 1.0648333669608996}, "datetime": {"datetime": "2021-09-24 19:01:57", "elapsed": 135.226251, "delta": 0.929711}}
{"target": -44.30085232176098, "params": {"C": 143.1658097105263, "epsilon": 0.6070211946045598, "gamma": 0.002597904387849533, "lamda": 1.1660439397475566}, "datetime": {"datetime": "2021-09-24 19:01:57", "elapsed": 136.108654, "delta": 0.882403}}
{"target": -43.24268998917413, "params": {"C": 143.1491715236037, "epsilon": 0.6555054066947298, "gamma": 0.016302420134015443, "lamda": 1.2873171709337161}, "datetime": {"datetime": "2021-09-24 19:01:58", "elapsed": 137.022589, "delta": 0.913935}}
{"target": -43.964304262564006, "params": {"C": 114.59990676652068, "epsilon": 0.7394532277275385, "gamma": 0.07104437768857665, "lamda": 1.3311918687739763}, "datetime": {"datetime": "2021-09-24 19:01:59", "elapsed": 137.753295, "delta": 0.730706}}
{"target": -43.27383171841564, "params": {"C": 106.63013136250031, "epsilon": 0.8580628438827871, "gamma": 0.03247852898482023, "lamda": 1.2394209444978186}, "datetime": {"datetime": "2021-09-24 19:02:00", "elapsed": 138.766723, "delta": 1.013428}}
{"target": -45.32144672712029, "params": {"C": 129.10926865659346, "epsilon": 0.5574025433272699, "gamma": 0.06427136348482838, "lamda": 0.6160637680640382}, "datetime": {"datetime": "2021-09-24 19:02:01", "elapsed": 139.650857, "delta": 0.884134}}
{"target": -43.4260770984632, "params": {"C": 143.20288390196896, "epsilon": 0.6846466928567354, "gamma": 0.00939202977195112, "lamda": 1.2545557162528385}, "datetime": {"datetime": "2021-09-24 19:02:02", "elapsed": 140.525902, "delta": 0.875045}}
{"target": -43.373945205133076, "params": {"C": 110.48834970326531, "epsilon": 0.7682775181180285, "gamma": 0.04318671013705902, "lamda": 1.4951473448560197}, "datetime": {"datetime": "2021-09-24 19:02:03", "elapsed": 141.504267, "delta": 0.978365}}
{"target": -44.01689502035886, "params": {"C": 110.47654639261624, "epsilon": 0.744320228485295, "gamma": 0.0752110936611809, "lamda": 1.4291091169862598}, "datetime": {"datetime": "2021-09-24 19:02:04", "elapsed": 142.453414, "delta": 0.949147}}
{"target": -44.840128859199204, "params": {"C": 133.88474498566373, "epsilon": 0.5004293102290893, "gamma": 0.05090784952063713, "lamda": 0.012347459118629401}, "datetime": {"datetime": "2021-09-24 19:02:05", "elapsed": 143.867224, "delta": 1.41381}}
{"target": -43.203906301358046, "params": {"C": 143.13193575353705, "epsilon": 0.7382322975593149, "gamma": 0.01931182681017128, "lamda": 1.2347768399921668}, "datetime": {"datetime": "2021-09-24 19:02:06", "elapsed": 144.776105, "delta": 0.908881}}
{"target": -43.19893772866227, "params": {"C": 110.49666933706101, "epsilon": 0.815566649103541, "gamma": 0.027214307433767532, "lamda": 1.3481197879952524}, "datetime": {"datetime": "2021-09-24 19:02:07", "elapsed": 145.735899, "delta": 0.959794}}
{"target": -46.62286696326718, "params": {"C": 135.5759580682384, "epsilon": 0.6251384939578924, "gamma": 0.001, "lamda": 0.9601565592581391}, "datetime": {"datetime": "2021-09-24 19:02:08", "elapsed": 146.738657, "delta": 1.002758}}
{"target": -43.22543219419119, "params": {"C": 107.90432706002944, "epsilon": 0.7129808099731543, "gamma": 0.02700825760744996, "lamda": 1.4546780707855145}, "datetime": {"datetime": "2021-09-24 19:02:09", "elapsed": 147.517435, "delta": 0.778778}}
{"target": -44.77931472603113, "params": {"C": 113.89834505939828, "epsilon": 0.8495731683658456, "gamma": 0.09434709078808162, "lamda": 0.9308943648674204}, "datetime": {"datetime": "2021-09-24 19:02:10", "elapsed": 148.4883, "delta": 0.970865}}
{"target": -46.111294575486724, "params": {"C": 138.51506780605746, "epsilon": 0.5970117503165505, "gamma": 0.11976699907943218, "lamda": 0.7616792337204873}, "datetime": {"datetime": "2021-09-24 19:02:11", "elapsed": 149.39038, "delta": 0.90208}}
{"target": -45.16031233220086, "params": {"C": 127.04819529145166, "epsilon": 0.6371029171540449, "gamma": 0.06105157460858864, "lamda": 0.402105386066121}, "datetime": {"datetime": "2021-09-24 19:02:12", "elapsed": 150.345693, "delta": 0.955313}}
{"target": -44.57881769050002, "params": {"C": 143.13238152389812, "epsilon": 0.708274486085847, "gamma": 0.09177869114914398, "lamda": 1.2004143553812514}, "datetime": {"datetime": "2021-09-24 19:02:13", "elapsed": 151.320144, "delta": 0.974451}}
{"target": -43.497526451117665, "params": {"C": 106.48039942184111, "epsilon": 0.8992735305027699, "gamma": 0.010914417404851978, "lamda": 1.2318126749133311}, "datetime": {"datetime": "2021-09-24 19:02:14", "elapsed": 152.570751, "delta": 1.250607}}
{"target": -46.528502945200614, "params": {"C": 127.80602060056508, "epsilon": 0.2389874007272982, "gamma": 0.09766714857333991, "lamda": 1.1067061749066944}, "datetime": {"datetime": "2021-09-24 19:02:15", "elapsed": 153.45224, "delta": 0.881489}}
{"target": -44.025197542801294, "params": {"C": 110.4281495151468, "epsilon": 0.7752208979400286, "gamma": 0.07508776401203285, "lamda": 1.3551749848469758}, "datetime": {"datetime": "2021-09-24 19:02:16", "elapsed": 154.532877, "delta": 1.080637}}
{"target": -43.332313371871436, "params": {"C": 106.69485158876198, "epsilon": 0.8518888329393011, "gamma": 0.03516562468559158, "lamda": 1.2288539370667841}, "datetime": {"datetime": "2021-09-24 19:02:17", "elapsed": 155.896784, "delta": 1.363907}}
{"target": -43.47095170895261, "params": {"C": 106.61105226778028, "epsilon": 0.8816116690518134, "gamma": 0.012079342376449632, "lamda": 1.2883215283183513}, "datetime": {"datetime": "2021-09-24 19:02:18", "elapsed": 156.919349, "delta": 1.022565}}
{"target": -43.85280642867197, "params": {"C": 107.88921597749952, "epsilon": 0.6645692640941112, "gamma": 0.06612166676205886, "lamda": 1.461076010674944}, "datetime": {"datetime": "2021-09-24 19:02:19", "elapsed": 157.936689, "delta": 1.01734}}
{"target": -44.04767934967322, "params": {"C": 102.31146719772818, "epsilon": 0.4086620791251908, "gamma": 0.02046268221816492, "lamda": 0.8869730286442874}, "datetime": {"datetime": "2021-09-24 19:02:20", "elapsed": 159.134015, "delta": 1.197326}}
{"target": -45.94400102836506, "params": {"C": 106.62273977980465, "epsilon": 0.8396650589290757, "gamma": 0.00195241537973081, "lamda": 1.1913805793242005}, "datetime": {"datetime": "2021-09-24 19:02:22", "elapsed": 160.37964, "delta": 1.245625}}
{"target": -43.51925120220285, "params": {"C": 103.36775450465512, "epsilon": 0.9575943970919494, "gamma": 0.00861574679925553, "lamda": 0.903642941871194}, "datetime": {"datetime": "2021-09-24 19:02:23", "elapsed": 161.301336, "delta": 0.921696}}
{"target": -43.20196828477335, "params": {"C": 110.45797299573178, "epsilon": 0.7887626117455364, "gamma": 0.024545837016817014, "lamda": 1.4484142304850052}, "datetime": {"datetime": "2021-09-24 19:02:24", "elapsed": 162.286894, "delta": 0.985558}}
{"target": -43.91549287128486, "params": {"C": 106.56835399604459, "epsilon": 0.9357144218449969, "gamma": 0.07329178472402972, "lamda": 1.2365529922480372}, "datetime": {"datetime": "2021-09-24 19:02:25", "elapsed": 163.395198, "delta": 1.108304}}
{"target": -44.681368486023594, "params": {"C": 123.91127807675203, "epsilon": 0.4268042687260419, "gamma": 0.06399982482724573, "lamda": 1.2367101778006249}, "datetime": {"datetime": "2021-09-24 19:02:26", "elapsed": 164.579287, "delta": 1.184089}}
{"target": -43.32136280388194, "params": {"C": 103.8244378559906, "epsilon": 0.8744113058362588, "gamma": 0.017425953920510624, "lamda": 1.2614382163268456}, "datetime": {"datetime": "2021-09-24 19:02:27", "elapsed": 165.443009, "delta": 0.863722}}
{"target": -43.39218623655316, "params": {"C": 143.17207267375642, "epsilon": 0.5642215508469449, "gamma": 0.030630214740442384, "lamda": 1.3362271650365884}, "datetime": {"datetime": "2021-09-24 19:02:28", "elapsed": 166.462876, "delta": 1.019867}}
{"target": -43.27651102820097, "params": {"C": 106.47846061307948, "epsilon": 0.8239915981055091, "gamma": 0.025384706630955364, "lamda": 1.1802556615819744}, "datetime": {"datetime": "2021-09-24 19:02:29", "elapsed": 167.571552, "delta": 1.108676}}
{"target": -43.28230378507822, "params": {"C": 106.58658251369724, "epsilon": 0.8888414935364558, "gamma": 0.03479073882801216, "lamda": 1.2396215159110326}, "datetime": {"datetime": "2021-09-24 19:02:30", "elapsed": 168.693782, "delta": 1.12223}}
{"target": -44.11655218699803, "params": {"C": 128.7485573413873, "epsilon": 0.6693892090852707, "gamma": 0.06532275238563326, "lamda": 1.0909837173530346}, "datetime": {"datetime": "2021-09-24 19:02:31", "elapsed": 169.807066, "delta": 1.113284}}
{"target": -43.193581759761216, "params": {"C": 110.53066128088459, "epsilon": 0.7687913852784738, "gamma": 0.02449723180792184, "lamda": 1.4510283564254398}, "datetime": {"datetime": "2021-09-24 19:02:32", "elapsed": 171.069047, "delta": 1.261981}}
{"target": -43.61956835055401, "params": {"C": 138.25613193672552, "epsilon": 0.28337124001979097, "gamma": 0.005709521470060336, "lamda": 0.31430760070027075}, "datetime": {"datetime": "2021-09-24 19:02:33", "elapsed": 172.03871, "delta": 0.969663}}
{"target": -43.27699497119019, "params": {"C": 110.58421869893661, "epsilon": 0.8315510628573778, "gamma": 0.037113100179843206, "lamda": 1.3974553807193693}, "datetime": {"datetime": "2021-09-24 19:02:35", "elapsed": 173.470212, "delta": 1.431502}}
{"target": -43.493908007627304, "params": {"C": 143.28204263074196, "epsilon": 0.4881092832618519, "gamma": 0.013823080621015924, "lamda": 1.1421327447161536}, "datetime": {"datetime": "2021-09-24 19:02:37", "elapsed": 175.338978, "delta": 1.868766}}
