{"target": -43.41313235288133, "params": {"C": 142.7196122871197, "epsilon": 0.8067281855025881, "gamma": 0.0462345975282197, "lamda": 1.4531540898195627}, "datetime": {"datetime": "2021-09-24 19:18:58", "elapsed": 79.265551, "delta": 0.606989}}
{"target": -43.39423893602591, "params": {"C": 192.40638338775705, "epsilon": 0.8535004358740885, "gamma": 0.03395124141853609, "lamda": 0.8374699909201246}, "datetime": {"datetime": "2021-09-24 19:18:59", "elapsed": 79.917785, "delta": 0.652234}}
{"target": -49.40663173697612, "params": {"C": 235.16933632905972, "epsilon": 0.7851908118258732, "gamma": 0.0011990528093048052, "lamda": 1.956201597596186}, "datetime": {"datetime": "2021-09-24 19:19:00", "elapsed": 80.667709, "delta": 0.749924}}
{"target": -44.675977954829904, "params": {"C": 200.59730910103906, "epsilon": 0.8305260955130463, "gamma": 0.10410977544747256, "lamda": 1.3760805989514178}, "datetime": {"datetime": "2021-09-24 19:19:00", "elapsed": 81.37021, "delta": 0.702501}}
{"target": -45.31088702720703, "params": {"C": 235.13943592468632, "epsilon": 0.6410836696354103, "gamma": 0.002899787498602365, "lamda": 1.871328866341164}, "datetime": {"datetime": "2021-09-24 19:19:01", "elapsed": 82.443736, "delta": 1.073526}}
{"target": -44.7389679081552, "params": {"C": 140.35180611737988, "epsilon": 0.9792072968479835, "gamma": 0.11001577179883532, "lamda": 1.7222373504570716}, "datetime": {"datetime": "2021-09-24 19:19:02", "elapsed": 83.132885, "delta": 0.689149}}
{"target": -44.26146782704888, "params": {"C": 142.6685379227698, "epsilon": 0.7652635513873781, "gamma": 0.08325725753429927, "lamda": 1.2881084486020231}, "datetime": {"datetime": "2021-09-24 19:19:03", "elapsed": 83.911412, "delta": 0.778527}}
{"target": -44.0093526902357, "params": {"C": 197.40412065151736, "epsilon": 0.9921912398658344, "gamma": 0.0742008722441449, "lamda": 1.0545524234219559}, "datetime": {"datetime": "2021-09-24 19:19:04", "elapsed": 84.570314, "delta": 0.658902}}
{"target": -43.243486074182876, "params": {"C": 213.29494424502423, "epsilon": 0.8808845342841088, "gamma": 0.016787300933287987, "lamda": 1.020424575507328}, "datetime": {"datetime": "2021-09-24 19:19:04", "elapsed": 85.286237, "delta": 0.715923}}
{"target": -43.2331286102321, "params": {"C": 183.23528062662544, "epsilon": 0.6595536349963729, "gamma": 0.029056464889281118, "lamda": 1.2970748518585424}, "datetime": {"datetime": "2021-09-24 19:19:05", "elapsed": 85.935662, "delta": 0.649425}}
{"target": -43.36886620255021, "params": {"C": 170.56261299666852, "epsilon": 0.931467537528616, "gamma": 0.045374549728097055, "lamda": 1.5142292297095397}, "datetime": {"datetime": "2021-09-24 19:19:06", "elapsed": 86.626662, "delta": 0.691}}
{"target": -43.497248127380246, "params": {"C": 245.6177989964375, "epsilon": 0.6391441153042994, "gamma": 0.03287833261106987, "lamda": 0.8133657376084764}, "datetime": {"datetime": "2021-09-24 19:19:06", "elapsed": 87.270731, "delta": 0.644069}}
{"target": -43.36071193750333, "params": {"C": 183.99962396534585, "epsilon": 0.9070361860179788, "gamma": 0.044803119755238464, "lamda": 1.5444578447957649}, "datetime": {"datetime": "2021-09-24 19:19:07", "elapsed": 88.330327, "delta": 1.059596}}
{"target": -43.47519916804415, "params": {"C": 148.63724304091414, "epsilon": 0.5899770865270036, "gamma": 0.010065959735049881, "lamda": 1.6810086204775407}, "datetime": {"datetime": "2021-09-24 19:19:08", "elapsed": 89.034619, "delta": 0.704292}}
{"target": -43.24364624181997, "params": {"C": 235.0262673008807, "epsilon": 0.7491749325895609, "gamma": 0.0337362312563484, "lamda": 1.8484464532536773}, "datetime": {"datetime": "2021-09-24 19:19:09", "elapsed": 89.83262, "delta": 0.798001}}
{"target": -44.016063314646786, "params": {"C": 148.67071353307702, "epsilon": 0.6205426805474843, "gamma": 0.00459745885300073, "lamda": 1.621804468003376}, "datetime": {"datetime": "2021-09-24 19:19:10", "elapsed": 90.903758, "delta": 1.071138}}
{"target": -43.46918485440989, "params": {"C": 169.79522127593447, "epsilon": 0.6122810727395682, "gamma": 0.006862511882597793, "lamda": 1.2123075417318154}, "datetime": {"datetime": "2021-09-24 19:19:11", "elapsed": 91.703256, "delta": 0.799498}}
{"target": -44.4638728772692, "params": {"C": 182.3948550991807, "epsilon": 0.9907991002179712, "gamma": 0.09899790096491419, "lamda": 1.9972241023101656}, "datetime": {"datetime": "2021-09-24 19:19:12", "elapsed": 92.699785, "delta": 0.996529}}
{"target": -43.43019569692938, "params": {"C": 142.68472789214385, "epsilon": 0.7694215514646084, "gamma": 0.04586607765509198, "lamda": 1.3732198356300094}, "datetime": {"datetime": "2021-09-24 19:19:13", "elapsed": 93.551157, "delta": 0.851372}}
{"target": -43.82152350546186, "params": {"C": 169.81249457655392, "epsilon": 0.657320239850784, "gamma": 0.05907037188477245, "lamda": 1.1276285815186082}, "datetime": {"datetime": "2021-09-24 19:19:13", "elapsed": 94.415464, "delta": 0.864307}}
{"target": -44.59484596152703, "params": {"C": 163.79716391911103, "epsilon": 0.847484560690428, "gamma": 0.10314040485447716, "lamda": 1.5990972925051883}, "datetime": {"datetime": "2021-09-24 19:19:14", "elapsed": 95.087145, "delta": 0.671681}}
{"target": -44.4622317388141, "params": {"C": 230.40539000312344, "epsilon": 0.8569598038456928, "gamma": 0.08178728644892727, "lamda": 0.8665426912558992}, "datetime": {"datetime": "2021-09-24 19:19:15", "elapsed": 95.779415, "delta": 0.69227}}
{"target": -43.387499512309276, "params": {"C": 174.40445835375132, "epsilon": 0.8309709092093974, "gamma": 0.007940944906854057, "lamda": 0.8446776049584521}, "datetime": {"datetime": "2021-09-24 19:19:16", "elapsed": 96.94842, "delta": 1.169005}}
{"target": -43.18138898815024, "params": {"C": 142.75288201260057, "epsilon": 0.8443113685911527, "gamma": 0.026162733209664668, "lamda": 1.3050616516225064}, "datetime": {"datetime": "2021-09-24 19:19:17", "elapsed": 97.669311, "delta": 0.720891}}
{"target": -44.45341994016537, "params": {"C": 142.74638829073606, "epsilon": 0.9417606052042786, "gamma": 0.0044069489186960124, "lamda": 1.3598091639096852}, "datetime": {"datetime": "2021-09-24 19:19:18", "elapsed": 98.498902, "delta": 0.829591}}
{"target": -43.7516496017919, "params": {"C": 235.04491878887683, "epsilon": 0.7915357555090556, "gamma": 0.07026266646999609, "lamda": 1.9286917490793338}, "datetime": {"datetime": "2021-09-24 19:19:19", "elapsed": 99.48274, "delta": 0.983838}}
{"target": -43.761445953453844, "params": {"C": 172.11979488634546, "epsilon": 0.869596210073843, "gamma": 0.07104437768857665, "lamda": 1.8649444913186024}, "datetime": {"datetime": "2021-09-24 19:19:19", "elapsed": 100.182513, "delta": 0.699773}}
{"target": -43.72036065193132, "params": {"C": 200.5085713614762, "epsilon": 0.9905280918566641, "gamma": 0.06567838322162238, "lamda": 1.2042096777608637}, "datetime": {"datetime": "2021-09-24 19:19:20", "elapsed": 101.059292, "delta": 0.876779}}
{"target": -43.752022035484785, "params": {"C": 204.0403910445056, "epsilon": 0.77847975141505, "gamma": 0.06427136348482838, "lamda": 1.2928038680424334}, "datetime": {"datetime": "2021-09-24 19:19:21", "elapsed": 102.032305, "delta": 0.973013}}
{"target": -44.1699540243671, "params": {"C": 213.23144266488453, "epsilon": 0.9582917710451783, "gamma": 0.07500341410396225, "lamda": 0.8813108721620295}, "datetime": {"datetime": "2021-09-24 19:19:22", "elapsed": 102.851051, "delta": 0.818746}}
{"target": -43.24730949251213, "params": {"C": 213.2833407489632, "epsilon": 0.9993418987393596, "gamma": 0.03189842209371114, "lamda": 0.9759504522983579}, "datetime": {"datetime": "2021-09-24 19:19:23", "elapsed": 103.717992, "delta": 0.866941}}
{"target": -44.25308744476947, "params": {"C": 235.12236915816254, "epsilon": 0.6994447707822717, "gamma": 0.08797441924074462, "lamda": 1.75973447857122}, "datetime": {"datetime": "2021-09-24 19:19:24", "elapsed": 104.630685, "delta": 0.912693}}
{"target": -43.75684800938578, "params": {"C": 214.54643896846022, "epsilon": 0.749964619734279, "gamma": 0.05090784952063713, "lamda": 0.8097986205362726}, "datetime": {"datetime": "2021-09-24 19:19:24", "elapsed": 105.404381, "delta": 0.773696}}
{"target": -43.174043156769194, "params": {"C": 148.59617376855564, "epsilon": 0.663700059205636, "gamma": 0.024008124433062637, "lamda": 1.5561408352628816}, "datetime": {"datetime": "2021-09-24 19:19:26", "elapsed": 106.740898, "delta": 1.336517}}
{"target": -44.157926639185625, "params": {"C": 148.63802958750182, "epsilon": 0.5587194311538893, "gamma": 0.07664285453485696, "lamda": 1.5622325946428417}, "datetime": {"datetime": "2021-09-24 19:19:27", "elapsed": 107.614702, "delta": 0.873804}}
{"target": -43.578816368468324, "params": {"C": 174.41928671240518, "epsilon": 0.9223522021785295, "gamma": 0.05045183096695537, "lamda": 0.9073380337505813}, "datetime": {"datetime": "2021-09-24 19:19:28", "elapsed": 108.550327, "delta": 0.935625}}
{"target": -43.39012280024081, "params": {"C": 157.38951953206478, "epsilon": 0.8563467517383154, "gamma": 0.02700825760744996, "lamda": 1.9637400392976982}, "datetime": {"datetime": "2021-09-24 19:19:28", "elapsed": 109.280513, "delta": 0.730186}}
{"target": -43.583252482992265, "params": {"C": 235.0871617931698, "epsilon": 0.7437049482899842, "gamma": 0.06051153225727207, "lamda": 1.8643349131724516}, "datetime": {"datetime": "2021-09-24 19:19:29", "elapsed": 110.380597, "delta": 1.100084}}
{"target": -45.07258918563442, "params": {"C": 224.7331491733264, "epsilon": 0.7983041793376129, "gamma": 0.11976699907943218, "lamda": 1.4093040072435394}, "datetime": {"datetime": "2021-09-24 19:19:30", "elapsed": 111.19795, "delta": 0.817353}}
{"target": -43.73320330793244, "params": {"C": 199.50602964119363, "epsilon": 0.8183698284054279, "gamma": 0.06105157460858864, "lamda": 1.1216257505696015}, "datetime": {"datetime": "2021-09-24 19:19:31", "elapsed": 111.916975, "delta": 0.719025}}
{"target": -43.99721717095431, "params": {"C": 245.59615581106198, "epsilon": 0.6487958907351703, "gamma": 0.05506633618545769, "lamda": 0.8015084338821137}, "datetime": {"datetime": "2021-09-24 19:19:32", "elapsed": 112.748061, "delta": 0.831086}}
{"target": -43.18935614748921, "params": {"C": 169.72224980270695, "epsilon": 0.5959447122320782, "gamma": 0.020869492382432304, "lamda": 1.2018301986991857}, "datetime": {"datetime": "2021-09-24 19:19:33", "elapsed": 113.585586, "delta": 0.837525}}
{"target": -44.576060338686936, "params": {"C": 201.17324532124317, "epsilon": 0.619112813176826, "gamma": 0.09766714857333991, "lamda": 1.6853439628562126}, "datetime": {"datetime": "2021-09-24 19:19:34", "elapsed": 114.717816, "delta": 1.13223}}
{"target": -44.6343989220466, "params": {"C": 213.3062324807574, "epsilon": 0.9891458420480452, "gamma": 0.09879181907837446, "lamda": 1.0219849408377828}, "datetime": {"datetime": "2021-09-24 19:19:35", "elapsed": 115.758041, "delta": 1.040225}}
{"target": -43.21266166454477, "params": {"C": 200.6819587671061, "epsilon": 0.8876118972065798, "gamma": 0.032078467330938436, "lamda": 1.3116415173506937}, "datetime": {"datetime": "2021-09-24 19:19:36", "elapsed": 116.637911, "delta": 0.87987}}
{"target": -43.54350580325098, "params": {"C": 142.62164824593756, "epsilon": 0.7569685869449656, "gamma": 0.007258543367209942, "lamda": 1.1830824699040612}, "datetime": {"datetime": "2021-09-24 19:19:37", "elapsed": 117.524823, "delta": 0.886912}}
{"target": -43.93510129258493, "params": {"C": 148.63866618228786, "epsilon": 0.687378191237104, "gamma": 0.0723335666718669, "lamda": 1.5586241434180959}, "datetime": {"datetime": "2021-09-24 19:19:37", "elapsed": 118.37996, "delta": 0.855137}}
{"target": -43.23995848771066, "params": {"C": 145.08522783500197, "epsilon": 0.7040350746372326, "gamma": 0.02046268221816492, "lamda": 1.5095457259638274}, "datetime": {"datetime": "2021-09-24 19:19:38", "elapsed": 119.190902, "delta": 0.810942}}
{"target": -44.3772397210999, "params": {"C": 170.614100703119, "epsilon": 0.8881462891525944, "gamma": 0.004898282601548582, "lamda": 1.518449047437576}, "datetime": {"datetime": "2021-09-24 19:19:39", "elapsed": 120.166301, "delta": 0.975399}}
{"target": -43.84602438004213, "params": {"C": 147.40905991024127, "epsilon": 0.9787759745204951, "gamma": 0.00861574679925553, "lamda": 1.5228825456666664}, "datetime": {"datetime": "2021-09-24 19:19:40", "elapsed": 121.226539, "delta": 1.060238}}
{"target": -48.274827666772985, "params": {"C": 148.6351501121384, "epsilon": 0.6492146941592355, "gamma": 0.001, "lamda": 1.5064297405934137}, "datetime": {"datetime": "2021-09-24 19:19:42", "elapsed": 122.52208, "delta": 1.295541}}
{"target": -43.43083805029577, "params": {"C": 235.18998376621545, "epsilon": 0.714691982060256, "gamma": 0.04847160006803514, "lamda": 1.766470387987228}, "datetime": {"datetime": "2021-09-24 19:19:43", "elapsed": 123.554938, "delta": 1.032858}}
{"target": -43.653273733008355, "params": {"C": 192.60481176885446, "epsilon": 0.7131152496126336, "gamma": 0.06399982482724573, "lamda": 1.7893540991804453}, "datetime": {"datetime": "2021-09-24 19:19:44", "elapsed": 124.760415, "delta": 1.205477}}
{"target": -43.55693385170067, "params": {"C": 148.41376328317932, "epsilon": 0.9371427957138432, "gamma": 0.017425953920510624, "lamda": 1.809137848918071}, "datetime": {"datetime": "2021-09-24 19:19:45", "elapsed": 125.560588, "delta": 0.800173}}
{"target": -43.7468301976274, "params": {"C": 238.23667881700902, "epsilon": 0.9848898839499441, "gamma": 0.06375037938306462, "lamda": 1.021640124396926}, "datetime": {"datetime": "2021-09-24 19:19:46", "elapsed": 126.529588, "delta": 0.969}}
{"target": -44.84996389768135, "params": {"C": 169.77197260578896, "epsilon": 0.5870362766881019, "gamma": 0.09591126336335504, "lamda": 1.1988971102209902}, "datetime": {"datetime": "2021-09-24 19:19:47", "elapsed": 127.957296, "delta": 1.427708}}
{"target": -43.501551437168615, "params": {"C": 213.2066276917688, "epsilon": 0.9788839280905337, "gamma": 0.04871802352219191, "lamda": 0.9916490774492476}, "datetime": {"datetime": "2021-09-24 19:19:48", "elapsed": 128.945782, "delta": 0.988486}}
{"target": -43.67015004150715, "params": {"C": 203.24682615105206, "epsilon": 0.8345291336763117, "gamma": 0.06532275238563326, "lamda": 1.6727651582263094}, "datetime": {"datetime": "2021-09-24 19:19:49", "elapsed": 129.832176, "delta": 0.886394}}
{"target": -43.99913061179464, "params": {"C": 148.56492175182936, "epsilon": 0.7160287800702478, "gamma": 0.07568634636944001, "lamda": 1.5636338945234578}, "datetime": {"datetime": "2021-09-24 19:19:51", "elapsed": 131.479441, "delta": 1.647265}}
{"target": -43.48996884291891, "params": {"C": 224.16349026079618, "epsilon": 0.6413269469568523, "gamma": 0.005709521470060336, "lamda": 1.0513828394161777}, "datetime": {"datetime": "2021-09-24 19:19:51", "elapsed": 132.269773, "delta": 0.790332}}
{"target": -43.21232874169193, "params": {"C": 226.30717138304368, "epsilon": 0.6424434275937809, "gamma": 0.021243249790303245, "lamda": 0.8832869368493297}, "datetime": {"datetime": "2021-09-24 19:19:52", "elapsed": 133.303335, "delta": 1.033562}}
{"target": -43.9278819594972, "params": {"C": 226.28327588645976, "epsilon": 0.5975363261112185, "gamma": 0.05407843961979957, "lamda": 0.9201569405239487}, "datetime": {"datetime": "2021-09-24 19:19:54", "elapsed": 134.607142, "delta": 1.303807}}
{"target": -44.87673559790513, "params": {"C": 249.6564450103719, "epsilon": 0.6058528209766281, "gamma": 0.11286691185157376, "lamda": 1.9892930650883602}, "datetime": {"datetime": "2021-09-24 19:19:54", "elapsed": 135.403515, "delta": 0.796373}}
{"target": -43.256492852332684, "params": {"C": 142.70012650336392, "epsilon": 0.8318333599460348, "gamma": 0.03548180489974571, "lamda": 1.3731482092724008}, "datetime": {"datetime": "2021-09-24 19:19:55", "elapsed": 136.296899, "delta": 0.893384}}
{"target": -43.26755765068853, "params": {"C": 213.1426783196151, "epsilon": 0.9851405744124616, "gamma": 0.015534719345730169, "lamda": 0.9231975089358636}, "datetime": {"datetime": "2021-09-24 19:19:56", "elapsed": 137.229342, "delta": 0.932443}}
{"target": -43.16907093999121, "params": {"C": 238.37588276679833, "epsilon": 0.6929756782532562, "gamma": 0.020729706542849332, "lamda": 1.126206444982771}, "datetime": {"datetime": "2021-09-24 19:19:58", "elapsed": 138.548414, "delta": 1.319072}}
{"target": -43.900969914812904, "params": {"C": 167.86520269616815, "epsilon": 0.9807888982676123, "gamma": 0.07757244686771748, "lamda": 1.6304530450501393}, "datetime": {"datetime": "2021-09-24 19:19:58", "elapsed": 139.415484, "delta": 0.86707}}
{"target": -47.162083061046005, "params": {"C": 142.67399347254323, "epsilon": 0.7283243540104237, "gamma": 0.0011146171000746806, "lamda": 1.1246422769534645}, "datetime": {"datetime": "2021-09-24 19:20:00", "elapsed": 140.591728, "delta": 1.176244}}
{"target": -43.906582942006104, "params": {"C": 218.32356646653307, "epsilon": 0.8472040414489168, "gamma": 0.0059655101912723385, "lamda": 1.373171581461479}, "datetime": {"datetime": "2021-09-24 19:20:01", "elapsed": 141.649908, "delta": 1.05818}}
{"target": -43.294669520097656, "params": {"C": 169.55723769564833, "epsilon": 0.5628346984121353, "gamma": 0.03297058008992615, "lamda": 1.5604946950643424}, "datetime": {"datetime": "2021-09-24 19:20:02", "elapsed": 142.63692, "delta": 0.987012}}
{"target": -43.56267481193973, "params": {"C": 166.29935055438074, "epsilon": 0.536823162473085, "gamma": 0.00786554402956682, "lamda": 1.8093944324101237}, "datetime": {"datetime": "2021-09-24 19:20:03", "elapsed": 143.749921, "delta": 1.113001}}
{"target": -43.18450010425144, "params": {"C": 142.64318199308482, "epsilon": 0.8192689009637764, "gamma": 0.02192348891795384, "lamda": 1.202458492043134}, "datetime": {"datetime": "2021-09-24 19:20:04", "elapsed": 144.756421, "delta": 1.0065}}
{"target": -43.42015296090107, "params": {"C": 153.26042587333518, "epsilon": 0.7109253032511305, "gamma": 0.03491692122086803, "lamda": 1.0700831945573643}, "datetime": {"datetime": "2021-09-24 19:20:05", "elapsed": 145.644378, "delta": 0.887957}}
{"target": -43.24464992266895, "params": {"C": 238.02921492731053, "epsilon": 0.809638029180418, "gamma": 0.012920693935851862, "lamda": 0.8382580953049646}, "datetime": {"datetime": "2021-09-24 19:20:06", "elapsed": 146.515194, "delta": 0.870816}}
{"target": -48.892461819025186, "params": {"C": 200.6502090349459, "epsilon": 0.8514542209984561, "gamma": 0.001, "lamda": 1.341067442184448}, "datetime": {"datetime": "2021-09-24 19:20:07", "elapsed": 147.729437, "delta": 1.214243}}
{"target": -43.26016976501468, "params": {"C": 200.63658922612086, "epsilon": 0.9084970848523349, "gamma": 0.035795881803921466, "lamda": 1.2711429191015156}, "datetime": {"datetime": "2021-09-24 19:20:08", "elapsed": 148.975932, "delta": 1.246495}}
{"target": -43.359532890362686, "params": {"C": 234.9829117854684, "epsilon": 0.7026569194044459, "gamma": 0.044201017879394136, "lamda": 1.862156649203986}, "datetime": {"datetime": "2021-09-24 19:20:09", "elapsed": 149.943968, "delta": 0.968036}}
{"target": -43.46144540351502, "params": {"C": 213.32339233160786, "epsilon": 0.9440856248248981, "gamma": 0.04397896029647206, "lamda": 0.9536366961288223}, "datetime": {"datetime": "2021-09-24 19:20:10", "elapsed": 150.904047, "delta": 0.960079}}
{"target": -43.507706798368545, "params": {"C": 166.72550907122775, "epsilon": 0.6971701906210208, "gamma": 0.007412933732622453, "lamda": 1.2211883286005818}, "datetime": {"datetime": "2021-09-24 19:20:11", "elapsed": 151.792831, "delta": 0.888784}}
{"target": -43.23041909900905, "params": {"C": 213.26988933633032, "epsilon": 0.8756295212479515, "gamma": 0.028291597093111527, "lamda": 0.9702689277366663}, "datetime": {"datetime": "2021-09-24 19:20:12", "elapsed": 152.896918, "delta": 1.104087}}
{"target": -43.92631717281778, "params": {"C": 239.7244153032838, "epsilon": 0.7643414683175437, "gamma": 0.07773348205838122, "lamda": 1.8706156610366411}, "datetime": {"datetime": "2021-09-24 19:20:13", "elapsed": 153.804951, "delta": 0.908033}}
{"target": -43.75264406466234, "params": {"C": 238.6100796208501, "epsilon": 0.9941583163893015, "gamma": 0.011332171544570207, "lamda": 1.68800603403934}, "datetime": {"datetime": "2021-09-24 19:20:14", "elapsed": 154.83742, "delta": 1.032469}}
{"target": -44.342148393602784, "params": {"C": 166.6607545722323, "epsilon": 0.7402711032909824, "gamma": 0.09155601999989257, "lamda": 1.6518875222795462}, "datetime": {"datetime": "2021-09-24 19:20:15", "elapsed": 155.678619, "delta": 0.841199}}
{"target": -43.49064228145051, "params": {"C": 202.63187519170617, "epsilon": 0.5153079893110057, "gamma": 0.049411437333446995, "lamda": 1.8949372424954563}, "datetime": {"datetime": "2021-09-24 19:20:16", "elapsed": 156.627002, "delta": 0.948383}}
{"target": -43.38775764577153, "params": {"C": 218.38845719516013, "epsilon": 0.8446438086770764, "gamma": 0.04385081833709676, "lamda": 1.3307606399414453}, "datetime": {"datetime": "2021-09-24 19:20:17", "elapsed": 157.759244, "delta": 1.132242}}
{"target": -43.420261432598096, "params": {"C": 188.84858304268354, "epsilon": 0.8228183262771442, "gamma": 0.0480867236092883, "lamda": 1.5974823982559747}, "datetime": {"datetime": "2021-09-24 19:20:18", "elapsed": 158.691979, "delta": 0.932735}}
{"target": -43.76582614031575, "params": {"C": 221.15369716132858, "epsilon": 0.5347887269951563, "gamma": 0.04605256113666512, "lamda": 0.9811037270354102}, "datetime": {"datetime": "2021-09-24 19:20:19", "elapsed": 160.145984, "delta": 1.454005}}
{"target": -43.26889460256352, "params": {"C": 235.1955382216968, "epsilon": 0.6944467544608468, "gamma": 0.02337909663839844, "lamda": 1.7935404470693168}, "datetime": {"datetime": "2021-09-24 19:20:20", "elapsed": 161.178235, "delta": 1.032251}}
