{"target": -44.97159285442321, "params": {"C": 416.75908358739116, "epsilon": 0.8684525628345863, "gamma": 0.0021816413537692004, "lamda": 0.9380070757840807}, "datetime": {"datetime": "2021-09-24 19:57:32", "elapsed": 349.632749, "delta": 1.65466}}
{"target": -43.5610806589471, "params": {"C": 359.1327320110535, "epsilon": 0.7706744599356496, "gamma": 0.059457631521826114, "lamda": 1.891843418687691}, "datetime": {"datetime": "2021-09-24 19:57:33", "elapsed": 351.321158, "delta": 1.688409}}
{"target": -43.2687005092771, "params": {"C": 451.07269505461034, "epsilon": 0.6684831066089211, "gamma": 0.03561576069792248, "lamda": 1.6094756261456746}, "datetime": {"datetime": "2021-09-24 19:57:35", "elapsed": 353.071417, "delta": 1.750259}}
{"target": -43.172382413707695, "params": {"C": 572.5034587678741, "epsilon": 0.7298879237953435, "gamma": 0.02193595762751032, "lamda": 1.145536215861192}, "datetime": {"datetime": "2021-09-24 19:57:37", "elapsed": 355.238894, "delta": 2.167477}}
{"target": -43.20350825674643, "params": {"C": 346.3285849556749, "epsilon": 0.7771153134635911, "gamma": 0.029945419777877832, "lamda": 1.3366417770547199}, "datetime": {"datetime": "2021-09-24 19:57:40", "elapsed": 357.529955, "delta": 2.291061}}
{"target": -43.950575330103774, "params": {"C": 443.45047953627153, "epsilon": 0.737870231678206, "gamma": 0.07364839964302947, "lamda": 1.5086979529953888}, "datetime": {"datetime": "2021-09-24 19:57:42", "elapsed": 359.868074, "delta": 2.338119}}
{"target": -44.68269353167074, "params": {"C": 521.1972936411412, "epsilon": 0.7768210029888583, "gamma": 0.10732260752019593, "lamda": 1.93852725643498}, "datetime": {"datetime": "2021-09-24 19:57:44", "elapsed": 361.58679, "delta": 1.718716}}
{"target": -43.2196870160251, "params": {"C": 550.3397338161003, "epsilon": 0.8834476901315456, "gamma": 0.03102258674161255, "lamda": 1.4839200805722261}, "datetime": {"datetime": "2021-09-24 19:57:46", "elapsed": 364.058923, "delta": 2.472133}}
{"target": -44.25767336040373, "params": {"C": 344.401314573675, "epsilon": 0.9961538904255935, "gamma": 0.08295824313221258, "lamda": 1.0110748917066312}, "datetime": {"datetime": "2021-09-24 19:57:48", "elapsed": 365.872075, "delta": 1.813152}}
{"target": -43.32458670086933, "params": {"C": 398.9381979170666, "epsilon": 0.635629885649956, "gamma": 0.0410532019636125, "lamda": 1.8748870808267974}, "datetime": {"datetime": "2021-09-24 19:57:51", "elapsed": 368.604684, "delta": 2.732609}}
{"target": -43.16222601252193, "params": {"C": 493.92108953413106, "epsilon": 0.6404576058963722, "gamma": 0.01878087970825188, "lamda": 1.098601091372016}, "datetime": {"datetime": "2021-09-24 19:57:53", "elapsed": 371.041351, "delta": 2.436667}}
{"target": -43.525709044374565, "params": {"C": 356.66943227850913, "epsilon": 0.5414879915022988, "gamma": 0.05187468397718502, "lamda": 1.813096052070954}, "datetime": {"datetime": "2021-09-24 19:57:55", "elapsed": 372.553149, "delta": 1.511798}}
{"target": -43.6229134988873, "params": {"C": 389.95175183303525, "epsilon": 0.8252036287046127, "gamma": 0.06319631756815634, "lamda": 1.9537327266297657}, "datetime": {"datetime": "2021-09-24 19:57:56", "elapsed": 374.416112, "delta": 1.862963}}
{"target": -43.545592445201535, "params": {"C": 483.16151422056976, "epsilon": 0.8349069913926409, "gamma": 0.05496873128360335, "lamda": 1.357379656440735}, "datetime": {"datetime": "2021-09-24 19:57:59", "elapsed": 377.051339, "delta": 2.635227}}
{"target": -43.67565899103922, "params": {"C": 493.960269501878, "epsilon": 0.650397433636066, "gamma": 0.05197455118806284, "lamda": 1.097839875997363}, "datetime": {"datetime": "2021-09-24 19:58:01", "elapsed": 379.139433, "delta": 2.088094}}
{"target": -43.96155525942313, "params": {"C": 473.15911926092247, "epsilon": 0.7127981775661608, "gamma": 0.005143670442337182, "lamda": 1.4968937456644733}, "datetime": {"datetime": "2021-09-24 19:58:04", "elapsed": 381.589647, "delta": 2.450214}}
{"target": -43.225520094822954, "params": {"C": 561.8567187909084, "epsilon": 0.7608432509326648, "gamma": 0.01616939978721767, "lamda": 1.060888931866974}, "datetime": {"datetime": "2021-09-24 19:58:05", "elapsed": 383.100013, "delta": 1.510366}}
{"target": -43.193368237296376, "params": {"C": 572.19210419123, "epsilon": 0.8984174543618657, "gamma": 0.02034646821723577, "lamda": 1.041487720247184}, "datetime": {"datetime": "2021-09-24 19:58:07", "elapsed": 385.276469, "delta": 2.176456}}
{"target": -43.23896104145219, "params": {"C": 493.91387857667803, "epsilon": 0.6443599515950224, "gamma": 0.014522371198384468, "lamda": 1.1677259580328683}, "datetime": {"datetime": "2021-09-24 19:58:10", "elapsed": 387.770271, "delta": 2.493802}}
{"target": -45.165887908701045, "params": {"C": 495.604456434589, "epsilon": 0.5076598941807774, "gamma": 0.11802348645644517, "lamda": 1.76301439842659}, "datetime": {"datetime": "2021-09-24 19:58:11", "elapsed": 389.389689, "delta": 1.619418}}
{"target": -43.61437388049844, "params": {"C": 580.1210016524856, "epsilon": 0.7055645236306182, "gamma": 0.05246748062631897, "lamda": 1.1576216276175952}, "datetime": {"datetime": "2021-09-24 19:58:14", "elapsed": 392.174476, "delta": 2.784787}}
{"target": -43.50359014578793, "params": {"C": 572.5524247905205, "epsilon": 0.694402433090243, "gamma": 0.04255410077278685, "lamda": 1.0934981527276226}, "datetime": {"datetime": "2021-09-24 19:58:17", "elapsed": 395.197543, "delta": 3.023067}}
{"target": -43.53902658869527, "params": {"C": 492.75772158797906, "epsilon": 0.7696082118452996, "gamma": 0.04176069735748127, "lamda": 0.8823537241910344}, "datetime": {"datetime": "2021-09-24 19:58:20", "elapsed": 397.765618, "delta": 2.568075}}
{"target": -43.22108672204509, "params": {"C": 442.19838095404805, "epsilon": 0.6629901713286961, "gamma": 0.028839960355524993, "lamda": 1.3295333149948156}, "datetime": {"datetime": "2021-09-24 19:58:22", "elapsed": 399.912596, "delta": 2.146978}}
{"target": -43.797204548349264, "params": {"C": 421.137384393204, "epsilon": 0.8723200694216735, "gamma": 0.07277929024219221, "lamda": 1.9343137585902401}, "datetime": {"datetime": "2021-09-24 19:58:24", "elapsed": 401.639923, "delta": 1.727327}}
{"target": -43.40700058424107, "params": {"C": 493.91642995806546, "epsilon": 0.6942535907539537, "gamma": 0.03612342841719983, "lamda": 1.0730039167755083}, "datetime": {"datetime": "2021-09-24 19:58:26", "elapsed": 404.139485, "delta": 2.499562}}
{"target": -43.87887875847898, "params": {"C": 592.5547194497717, "epsilon": 0.9920532663115219, "gamma": 0.07649331631865162, "lamda": 1.8235371356139203}, "datetime": {"datetime": "2021-09-24 19:58:28", "elapsed": 405.966721, "delta": 1.827236}}
{"target": -43.477655660490186, "params": {"C": 442.52196058328104, "epsilon": 0.8050542942537142, "gamma": 0.03675903884930932, "lamda": 0.8001378187059802}, "datetime": {"datetime": "2021-09-24 19:58:30", "elapsed": 407.876434, "delta": 1.909713}}
{"target": -43.4680723631843, "params": {"C": 391.1093652507769, "epsilon": 0.9443116908028077, "gamma": 0.05002520785462162, "lamda": 1.2547277316611016}, "datetime": {"datetime": "2021-09-24 19:58:32", "elapsed": 410.355602, "delta": 2.479168}}
{"target": -43.24904798934245, "params": {"C": 363.64490044922553, "epsilon": 0.6622467709834621, "gamma": 0.023628654924214443, "lamda": 0.9051743027287048}, "datetime": {"datetime": "2021-09-24 19:58:34", "elapsed": 412.146009, "delta": 1.790407}}
{"target": -44.053604488780344, "params": {"C": 483.18251399799874, "epsilon": 0.8885136559729151, "gamma": 0.08058851105180131, "lamda": 1.4417976732429358}, "datetime": {"datetime": "2021-09-24 19:58:38", "elapsed": 415.770325, "delta": 3.624316}}
{"target": -43.18064282749463, "params": {"C": 560.3563886916226, "epsilon": 0.546275665063531, "gamma": 0.025721466857384807, "lamda": 1.6852469324969481}, "datetime": {"datetime": "2021-09-24 19:58:40", "elapsed": 417.92339, "delta": 2.153065}}
{"target": -43.16583364509215, "params": {"C": 363.6166831700569, "epsilon": 0.6664226035644442, "gamma": 0.01787518529922154, "lamda": 0.9435318112951763}, "datetime": {"datetime": "2021-09-24 19:58:43", "elapsed": 420.687697, "delta": 2.764307}}
{"target": -43.23330029991066, "params": {"C": 547.3851418835085, "epsilon": 0.8039839095474256, "gamma": 0.029038274083766757, "lamda": 1.0818790084641279}, "datetime": {"datetime": "2021-09-24 19:58:46", "elapsed": 423.501957, "delta": 2.81426}}
{"target": -43.33174956115777, "params": {"C": 499.9555879904334, "epsilon": 0.6320396306016878, "gamma": 0.027495996736859925, "lamda": 0.9707941434287978}, "datetime": {"datetime": "2021-09-24 19:58:48", "elapsed": 425.610811, "delta": 2.108854}}
{"target": -43.352612736293, "params": {"C": 542.2720002577983, "epsilon": 0.8249232538097505, "gamma": 0.044460211660795335, "lamda": 1.9948502706505307}, "datetime": {"datetime": "2021-09-24 19:58:50", "elapsed": 428.175062, "delta": 2.564251}}
{"target": -43.56311195145106, "params": {"C": 550.3552585084171, "epsilon": 0.8699532510158856, "gamma": 0.05844032834665165, "lamda": 1.4988709627099017}, "datetime": {"datetime": "2021-09-24 19:58:53", "elapsed": 430.775838, "delta": 2.600776}}
{"target": -43.25133631666215, "params": {"C": 525.2447693164795, "epsilon": 0.7850480268300771, "gamma": 0.018892822087670263, "lamda": 1.3083460920903183}, "datetime": {"datetime": "2021-09-24 19:58:55", "elapsed": 433.079185, "delta": 2.303347}}
{"target": -43.336550769219954, "params": {"C": 398.96418828327546, "epsilon": 0.7350233209744965, "gamma": 0.04318030885431024, "lamda": 1.9109464625464907}, "datetime": {"datetime": "2021-09-24 19:58:57", "elapsed": 435.339131, "delta": 2.259946}}
{"target": -43.32948852619619, "params": {"C": 360.520070402643, "epsilon": 0.6887869346740155, "gamma": 0.01792649930651004, "lamda": 1.6689074050678485}, "datetime": {"datetime": "2021-09-24 19:59:00", "elapsed": 438.420805, "delta": 3.081674}}
{"target": -43.45874298711399, "params": {"C": 371.66219149040074, "epsilon": 0.8197099118676556, "gamma": 0.04875245559859378, "lamda": 1.3550590267344926}, "datetime": {"datetime": "2021-09-24 19:59:03", "elapsed": 440.783724, "delta": 2.362919}}
{"target": -43.37827776346418, "params": {"C": 580.2034595619426, "epsilon": 0.7448019602038618, "gamma": 0.03501067207809514, "lamda": 1.045079010351426}, "datetime": {"datetime": "2021-09-24 19:59:06", "elapsed": 443.553071, "delta": 2.769347}}
{"target": -44.44948505351877, "params": {"C": 443.8016890903341, "epsilon": 0.7728816711789355, "gamma": 0.0862433639982964, "lamda": 1.1202952629305893}, "datetime": {"datetime": "2021-09-24 19:59:07", "elapsed": 445.378635, "delta": 1.825564}}
{"target": -43.59612817580705, "params": {"C": 580.1029214285326, "epsilon": 0.7121997832036687, "gamma": 0.04998943239629513, "lamda": 1.098495146077943}, "datetime": {"datetime": "2021-09-24 19:59:11", "elapsed": 448.524489, "delta": 3.145854}}
{"target": -43.70911047554101, "params": {"C": 363.60364487424454, "epsilon": 0.6125138139655052, "gamma": 0.04855466033633126, "lamda": 0.9792727476091463}, "datetime": {"datetime": "2021-09-24 19:59:14", "elapsed": 451.545316, "delta": 3.020827}}
{"target": -43.47507007252912, "params": {"C": 413.2410215551584, "epsilon": 0.9017666268647156, "gamma": 0.050009456222770164, "lamda": 1.2549454343655397}, "datetime": {"datetime": "2021-09-24 19:59:16", "elapsed": 453.821464, "delta": 2.276148}}
{"target": -43.59560368627096, "params": {"C": 360.471894236927, "epsilon": 0.7000791898020506, "gamma": 0.05937203407650203, "lamda": 1.6672307577315424}, "datetime": {"datetime": "2021-09-24 19:59:19", "elapsed": 457.08766, "delta": 3.266196}}
{"target": -44.50444668597463, "params": {"C": 467.1372558230429, "epsilon": 0.6951221134796487, "gamma": 0.0765048634905126, "lamda": 0.8662772129673001}, "datetime": {"datetime": "2021-09-24 19:59:21", "elapsed": 459.335474, "delta": 2.247814}}
{"target": -43.46994519818833, "params": {"C": 571.6756672552007, "epsilon": 0.7968250994369046, "gamma": 0.036308052588547066, "lamda": 0.8089775994470007}, "datetime": {"datetime": "2021-09-24 19:59:26", "elapsed": 463.842487, "delta": 4.507013}}
{"target": -43.32786049543641, "params": {"C": 442.19928540251277, "epsilon": 0.6282994511095121, "gamma": 0.03252216001646236, "lamda": 1.2698248936470398}, "datetime": {"datetime": "2021-09-24 19:59:29", "elapsed": 467.064927, "delta": 3.22244}}
{"target": -43.230562003254285, "params": {"C": 493.89072121155993, "epsilon": 0.630754819250801, "gamma": 0.02593619681082706, "lamda": 1.147638500163414}, "datetime": {"datetime": "2021-09-24 19:59:32", "elapsed": 470.220399, "delta": 3.155472}}
{"target": -43.33260959867717, "params": {"C": 537.6925795737795, "epsilon": 0.9491461260101324, "gamma": 0.04153367735200951, "lamda": 1.303100699981492}, "datetime": {"datetime": "2021-09-24 19:59:35", "elapsed": 473.33896, "delta": 3.118561}}
{"target": -45.3053179305117, "params": {"C": 501.43155967352885, "epsilon": 0.707489579348523, "gamma": 0.1020987445260593, "lamda": 0.8032680994478446}, "datetime": {"datetime": "2021-09-24 19:59:37", "elapsed": 475.284697, "delta": 1.945737}}
{"target": -44.89508524346715, "params": {"C": 533.6621149319546, "epsilon": 0.7715425650815539, "gamma": 0.1002705119346048, "lamda": 1.0121530888604036}, "datetime": {"datetime": "2021-09-24 19:59:39", "elapsed": 477.202567, "delta": 1.91787}}
{"target": -43.30084591797763, "params": {"C": 561.8773483403643, "epsilon": 0.7593087283493318, "gamma": 0.03155900052381702, "lamda": 1.0910785340112383}, "datetime": {"datetime": "2021-09-24 19:59:42", "elapsed": 480.434365, "delta": 3.231798}}
{"target": -44.24332643954503, "params": {"C": 384.25036670808686, "epsilon": 0.9112162559819824, "gamma": 0.09119415898391578, "lamda": 1.7529141261809897}, "datetime": {"datetime": "2021-09-24 19:59:44", "elapsed": 482.419064, "delta": 1.984699}}
{"target": -44.87450996154848, "params": {"C": 506.62583381244065, "epsilon": 0.9879727945687904, "gamma": 0.11443943942177401, "lamda": 1.4023306199108725}, "datetime": {"datetime": "2021-09-24 19:59:47", "elapsed": 484.625831, "delta": 2.206767}}
{"target": -43.3768778015089, "params": {"C": 443.5002969244022, "epsilon": 0.6727157809738069, "gamma": 0.04205657737076047, "lamda": 1.5605700095932562}, "datetime": {"datetime": "2021-09-24 19:59:50", "elapsed": 487.642145, "delta": 3.016314}}
{"target": -45.1886200843245, "params": {"C": 599.967782881696, "epsilon": 0.6409846007961111, "gamma": 0.117146396910608, "lamda": 1.3325690377549888}, "datetime": {"datetime": "2021-09-24 19:59:52", "elapsed": 489.674921, "delta": 2.032776}}
{"target": -43.44877080814906, "params": {"C": 349.4393171133325, "epsilon": 0.5710073682194143, "gamma": 0.030228209652451366, "lamda": 0.8779891789123856}, "datetime": {"datetime": "2021-09-24 19:59:55", "elapsed": 493.191637, "delta": 3.516716}}
{"target": -43.265363093648055, "params": {"C": 409.8621286290834, "epsilon": 0.5339852701792275, "gamma": 0.01622651705608378, "lamda": 1.7338179881654407}, "datetime": {"datetime": "2021-09-24 19:59:58", "elapsed": 495.81998, "delta": 2.628343}}
{"target": -43.272584564019276, "params": {"C": 526.1336095899571, "epsilon": 0.5479899423397947, "gamma": 0.014110076287021954, "lamda": 1.5257751915273552}, "datetime": {"datetime": "2021-09-24 20:00:00", "elapsed": 497.861781, "delta": 2.041801}}
{"target": -43.28035440613826, "params": {"C": 374.5052922033941, "epsilon": 0.5921903820347828, "gamma": 0.013816201243458257, "lamda": 1.4298090040695959}, "datetime": {"datetime": "2021-09-24 20:00:03", "elapsed": 500.631858, "delta": 2.770077}}
{"target": -44.91293411904077, "params": {"C": 580.4176533641773, "epsilon": 0.7092908265559812, "gamma": 0.09814890695815923, "lamda": 1.0292831174297588}, "datetime": {"datetime": "2021-09-24 20:00:05", "elapsed": 502.653291, "delta": 2.021433}}
{"target": -43.74108527101793, "params": {"C": 518.7857602115764, "epsilon": 0.7963382143660663, "gamma": 0.05837570171990586, "lamda": 1.032117107476789}, "datetime": {"datetime": "2021-09-24 20:00:07", "elapsed": 504.544825, "delta": 1.891534}}
{"target": -43.59712919932705, "params": {"C": 363.61329259634556, "epsilon": 0.6244586728375217, "gamma": 0.04161757208503126, "lamda": 0.9297417910578673}, "datetime": {"datetime": "2021-09-24 20:00:10", "elapsed": 508.379393, "delta": 3.834568}}
{"target": -43.22489230593735, "params": {"C": 429.04369007427033, "epsilon": 0.5107281892658859, "gamma": 0.024506756638280273, "lamda": 1.2952089281513426}, "datetime": {"datetime": "2021-09-24 20:00:13", "elapsed": 510.951272, "delta": 2.571879}}
{"target": -43.366455457001685, "params": {"C": 374.44194810225673, "epsilon": 0.5799882137463199, "gamma": 0.011266009619812254, "lamda": 1.491144328561015}, "datetime": {"datetime": "2021-09-24 20:00:16", "elapsed": 513.7756, "delta": 2.824328}}
{"target": -43.31021548733572, "params": {"C": 595.2352521697995, "epsilon": 0.5526856157411629, "gamma": 0.01051899815786019, "lamda": 1.310345246447643}, "datetime": {"datetime": "2021-09-24 20:00:20", "elapsed": 517.965019, "delta": 4.189419}}
{"target": -43.37162343390125, "params": {"C": 443.45880337442725, "epsilon": 0.6479778673443699, "gamma": 0.01379169755405468, "lamda": 1.5764204032558515}, "datetime": {"datetime": "2021-09-24 20:00:23", "elapsed": 520.917723, "delta": 2.952704}}
{"target": -43.93789604992136, "params": {"C": 548.5176740381569, "epsilon": 0.8111654262435721, "gamma": 0.06892759662382271, "lamda": 1.1341759905985316}, "datetime": {"datetime": "2021-09-24 20:00:25", "elapsed": 523.15537, "delta": 2.237647}}
{"target": -43.407069722153466, "params": {"C": 550.3008527720633, "epsilon": 0.910099397282176, "gamma": 0.04738567414318585, "lamda": 1.4796404994632404}, "datetime": {"datetime": "2021-09-24 20:00:28", "elapsed": 525.942166, "delta": 2.786796}}
{"target": -43.32608062641426, "params": {"C": 500.5808653953399, "epsilon": 0.7961959357033093, "gamma": 0.030112786453004966, "lamda": 0.9134780024851051}, "datetime": {"datetime": "2021-09-24 20:00:30", "elapsed": 527.944746, "delta": 2.00258}}
{"target": -43.28044349101883, "params": {"C": 363.6650889640978, "epsilon": 0.6666055577985385, "gamma": 0.025743722786031435, "lamda": 0.9550354400160852}, "datetime": {"datetime": "2021-09-24 20:00:33", "elapsed": 531.42086, "delta": 3.476114}}
{"target": -43.399763391655085, "params": {"C": 371.36323063954546, "epsilon": 0.6871541943553803, "gamma": 0.03636698771999074, "lamda": 1.119929232461829}, "datetime": {"datetime": "2021-09-24 20:00:36", "elapsed": 534.420428, "delta": 2.999568}}
{"target": -44.072460115044905, "params": {"C": 353.9877016483959, "epsilon": 0.6690819460366503, "gamma": 0.0739916700826072, "lamda": 1.3802408259977639}, "datetime": {"datetime": "2021-09-24 20:00:39", "elapsed": 536.653597, "delta": 2.233169}}
{"target": -43.602965153567624, "params": {"C": 361.9801528055431, "epsilon": 0.634864795441922, "gamma": 0.003622811117191698, "lamda": 0.8508113398355238}, "datetime": {"datetime": "2021-09-24 20:00:41", "elapsed": 538.650135, "delta": 1.996538}}
{"target": -44.95681147376338, "params": {"C": 505.02862840036266, "epsilon": 0.6999787436874629, "gamma": 0.11428685689462705, "lamda": 1.5532018987537048}, "datetime": {"datetime": "2021-09-24 20:00:43", "elapsed": 540.717093, "delta": 2.066958}}
{"target": -44.44861281359614, "params": {"C": 521.7447587691886, "epsilon": 0.6777835376608476, "gamma": 0.09711148712214084, "lamda": 1.9149091161068932}, "datetime": {"datetime": "2021-09-24 20:00:45", "elapsed": 543.070313, "delta": 2.35322}}
{"target": -43.85665802583845, "params": {"C": 363.6337373532274, "epsilon": 0.693946769000794, "gamma": 0.05594773181332682, "lamda": 0.9335938442890688}, "datetime": {"datetime": "2021-09-24 20:00:49", "elapsed": 547.434996, "delta": 4.364683}}
{"target": -43.65544908355223, "params": {"C": 589.7386779883599, "epsilon": 0.8599585149931619, "gamma": 0.058014665134326605, "lamda": 1.087022948821316}, "datetime": {"datetime": "2021-09-24 20:00:52", "elapsed": 549.678973, "delta": 2.243977}}
{"target": -43.533797448129285, "params": {"C": 478.9981936638528, "epsilon": 0.7423979217329216, "gamma": 0.05517457674023505, "lamda": 1.6010413511654096}, "datetime": {"datetime": "2021-09-24 20:00:54", "elapsed": 551.838469, "delta": 2.159496}}
{"target": -43.309445483968865, "params": {"C": 442.20316505321495, "epsilon": 0.7146653567046948, "gamma": 0.013949671785507402, "lamda": 1.2798427272303972}, "datetime": {"datetime": "2021-09-24 20:00:57", "elapsed": 554.851267, "delta": 3.012798}}
{"target": -43.29183631868711, "params": {"C": 492.7832604688926, "epsilon": 0.8267693669282344, "gamma": 0.027858178115352458, "lamda": 0.8564143131638189}, "datetime": {"datetime": "2021-09-24 20:01:00", "elapsed": 557.986768, "delta": 3.135501}}
{"target": -45.386174733806, "params": {"C": 410.2070987043818, "epsilon": 0.5728244623888955, "gamma": 0.11463738555946797, "lamda": 1.1478376594199422}, "datetime": {"datetime": "2021-09-24 20:01:02", "elapsed": 560.148374, "delta": 2.161606}}
{"target": -43.41882888991767, "params": {"C": 492.76807713473806, "epsilon": 0.7904407221322546, "gamma": 0.03330507391595677, "lamda": 0.8166973264647251}, "datetime": {"datetime": "2021-09-24 20:01:05", "elapsed": 563.128698, "delta": 2.980324}}
{"target": -43.89921840605361, "params": {"C": 575.804801254704, "epsilon": 0.5156746967325934, "gamma": 0.0659439807880768, "lamda": 1.631314442092247}, "datetime": {"datetime": "2021-09-24 20:01:07", "elapsed": 565.176347, "delta": 2.047649}}
{"target": -43.22133210316997, "params": {"C": 571.3462367020119, "epsilon": 0.8290904502742868, "gamma": 0.032581035950371096, "lamda": 1.5403706856929356}, "datetime": {"datetime": "2021-09-24 20:01:09", "elapsed": 567.299738, "delta": 2.123391}}
