{"target": -49.2045492479658, "params": {"C": 24.55438135464032, "epsilon": 0.22311528427744512, "gamma": 0.0019668017129814723, "lamda": 0.6239694394484888}, "datetime": {"datetime": "2021-09-24 18:09:24", "elapsed": 636.244199, "delta": 5.151918}}
{"target": -43.86165495468481, "params": {"C": 19.94762001420813, "epsilon": 0.3541339374183795, "gamma": 0.02110464351633664, "lamda": 0.18535486254883393}, "datetime": {"datetime": "2021-09-24 18:09:29", "elapsed": 640.925175, "delta": 4.680976}}
{"target": -47.91180184236177, "params": {"C": 27.41262958111284, "epsilon": 0.8410897114040413, "gamma": 0.0023053312968033908, "lamda": 0.22716081547460645}, "datetime": {"datetime": "2021-09-24 18:09:31", "elapsed": 643.147158, "delta": 2.221983}}
{"target": -43.96646854894076, "params": {"C": 19.84279042601201, "epsilon": 0.5660657750410674, "gamma": 0.016169645542134743, "lamda": 0.11946479899623702}, "datetime": {"datetime": "2021-09-24 18:09:36", "elapsed": 647.907614, "delta": 4.760456}}
{"target": -44.016345439073, "params": {"C": 16.291276289488444, "epsilon": 0.7448954987045036, "gamma": 0.07277929024219221, "lamda": 0.9452669393453177}, "datetime": {"datetime": "2021-09-24 18:09:38", "elapsed": 649.607467, "delta": 1.699853}}
{"target": -43.68892944979824, "params": {"C": 19.977642473354177, "epsilon": 0.4751294895405875, "gamma": 0.04528150969587144, "lamda": 0.19532285101788155}, "datetime": {"datetime": "2021-09-24 18:09:43", "elapsed": 654.505183, "delta": 4.897716}}
{"target": -44.47717270336481, "params": {"C": 48.596850973226196, "epsilon": 0.9841224260904208, "gamma": 0.07649331631865162, "lamda": 0.852962318250299}, "datetime": {"datetime": "2021-09-24 18:09:44", "elapsed": 656.314501, "delta": 1.809318}}
{"target": -43.73206910452197, "params": {"C": 20.321446417618354, "epsilon": 0.6104984799189211, "gamma": 0.03675903884930932, "lamda": 0.0002148374367579808}, "datetime": {"datetime": "2021-09-24 18:09:46", "elapsed": 658.329134, "delta": 2.014633}}
{"target": -43.902599562639466, "params": {"C": 27.496621016162436, "epsilon": 0.7618685538834247, "gamma": 0.06997155530145917, "lamda": 0.29283472334859106}, "datetime": {"datetime": "2021-09-24 18:09:51", "elapsed": 662.56249, "delta": 4.233356}}
{"target": -43.67893879138128, "params": {"C": 27.410606829122862, "epsilon": 0.675640820109772, "gamma": 0.05503438850463741, "lamda": 0.22585106708536853}, "datetime": {"datetime": "2021-09-24 18:09:55", "elapsed": 666.55524, "delta": 3.99275}}
{"target": -43.71553234019132, "params": {"C": 27.446866418246618, "epsilon": 0.7527478224505708, "gamma": 0.01772084195936098, "lamda": 0.14472204316579934}, "datetime": {"datetime": "2021-09-24 18:09:59", "elapsed": 670.961627, "delta": 4.406387}}
{"target": -43.86756848270948, "params": {"C": 42.528704022651944, "epsilon": 0.0934587787969349, "gamma": 0.025721466857384807, "lamda": 0.737732006503082}, "datetime": {"datetime": "2021-09-24 18:10:01", "elapsed": 672.80463, "delta": 1.843003}}
{"target": -43.65318669643709, "params": {"C": 27.412120577731727, "epsilon": 0.7338059128223218, "gamma": 0.0469498258196183, "lamda": 0.26026021199801536}, "datetime": {"datetime": "2021-09-24 18:10:07", "elapsed": 679.069021, "delta": 6.264391}}
{"target": -43.797319079766204, "params": {"C": 27.495143378498028, "epsilon": 0.6419081478140722, "gamma": 0.06288083216541068, "lamda": 0.2861550840878983}, "datetime": {"datetime": "2021-09-24 18:10:09", "elapsed": 680.954642, "delta": 1.885621}}
{"target": -43.87547289540553, "params": {"C": 31.145476198197056, "epsilon": 0.2648151819421721, "gamma": 0.027495996736859925, "lamda": 0.14241422001204568}, "datetime": {"datetime": "2021-09-24 18:10:11", "elapsed": 683.035812, "delta": 2.08117}}
{"target": -43.77437999579562, "params": {"C": 20.273262707928623, "epsilon": 0.5647562130892603, "gamma": 0.07293831406839145, "lamda": 0.21183349993821174}, "datetime": {"datetime": "2021-09-24 18:10:16", "elapsed": 687.455618, "delta": 4.419806}}
{"target": -43.83078592086062, "params": {"C": 20.18563645599131, "epsilon": 0.6146679186167926, "gamma": 0.08621143710010337, "lamda": 0.04347440813850923}, "datetime": {"datetime": "2021-09-24 18:10:20", "elapsed": 691.789299, "delta": 4.333681}}
{"target": -52.299489460590685, "params": {"C": 27.48483510445644, "epsilon": 0.767282838315091, "gamma": 0.001, "lamda": 0.2291841564816663}, "datetime": {"datetime": "2021-09-24 18:10:25", "elapsed": 696.517676, "delta": 4.728377}}
{"target": -44.039703039944435, "params": {"C": 20.263337281957842, "epsilon": 0.5710165889753394, "gamma": 0.094006326278899, "lamda": 0.09655378159214796}, "datetime": {"datetime": "2021-09-24 18:10:29", "elapsed": 700.411483, "delta": 3.893807}}
{"target": -43.720829892899324, "params": {"C": 20.120107814583545, "epsilon": 0.6372092198325227, "gamma": 0.03478166296381121, "lamda": 0.054522238903406704}, "datetime": {"datetime": "2021-09-24 18:10:33", "elapsed": 704.90619, "delta": 4.494707}}
{"target": -43.6260278480948, "params": {"C": 20.20879835356948, "epsilon": 0.5616604871055502, "gamma": 0.04979453478802586, "lamda": 0.17786959263697108}, "datetime": {"datetime": "2021-09-24 18:10:36", "elapsed": 708.169713, "delta": 3.263523}}
{"target": -44.59355487394359, "params": {"C": 20.17259851495632, "epsilon": 0.6170732960464106, "gamma": 0.00886503639885592, "lamda": 0.09170808410126849}, "datetime": {"datetime": "2021-09-24 18:10:40", "elapsed": 712.150504, "delta": 3.980791}}
{"target": -43.997845125428476, "params": {"C": 20.56262602087065, "epsilon": 0.5462175790155132, "gamma": 0.0862433639982964, "lamda": 0.2669860278369136}, "datetime": {"datetime": "2021-09-24 18:10:42", "elapsed": 714.002542, "delta": 1.852038}}
{"target": -43.77820843303643, "params": {"C": 27.38544816151943, "epsilon": 0.7577666775318781, "gamma": 0.06935956151480334, "lamda": 0.11801752091727559}, "datetime": {"datetime": "2021-09-24 18:10:47", "elapsed": 718.846328, "delta": 4.843786}}
{"target": -44.098604695167936, "params": {"C": 27.41146096527263, "epsilon": 0.7255701616858456, "gamma": 0.08216077508260947, "lamda": 0.18558642685489835}, "datetime": {"datetime": "2021-09-24 18:10:52", "elapsed": 723.942533, "delta": 5.096205}}
{"target": -43.8368164549462, "params": {"C": 14.803115600779854, "epsilon": 0.8037297204757019, "gamma": 0.050009456222770164, "lamda": 0.37918328318508604}, "datetime": {"datetime": "2021-09-24 18:10:54", "elapsed": 725.757991, "delta": 1.815458}}
{"target": -44.68307606184619, "params": {"C": 27.504454042889787, "epsilon": 0.7253517546199886, "gamma": 0.11168416000808677, "lamda": 0.3332056952916322}, "datetime": {"datetime": "2021-09-24 18:10:59", "elapsed": 730.424255, "delta": 4.666264}}
{"target": -43.750554503916916, "params": {"C": 24.96048282818885, "epsilon": 0.39085398273233807, "gamma": 0.0765048634905126, "lamda": 0.055325487705002785}, "datetime": {"datetime": "2021-09-24 18:11:00", "elapsed": 732.365091, "delta": 1.940836}}
{"target": -47.62215859179569, "params": {"C": 20.31468779053226, "epsilon": 0.5800255978477395, "gamma": 0.003369362087334185, "lamda": 0.19323740335844833}, "datetime": {"datetime": "2021-09-24 18:11:06", "elapsed": 738.241648, "delta": 5.876557}}
{"target": -44.215989108786175, "params": {"C": 41.61896901021752, "epsilon": 0.2724264165467727, "gamma": 0.07291935231952565, "lamda": 0.5248269762786874}, "datetime": {"datetime": "2021-09-24 18:11:08", "elapsed": 740.342277, "delta": 2.100629}}
{"target": -43.64939556418498, "params": {"C": 20.126621524434295, "epsilon": 0.4203104904656812, "gamma": 0.07171723765251287, "lamda": 0.11974653312856275}, "datetime": {"datetime": "2021-09-24 18:11:13", "elapsed": 744.597304, "delta": 4.255027}}
{"target": -43.63127206179955, "params": {"C": 19.89339884041461, "epsilon": 0.5476759204415074, "gamma": 0.05405583785383367, "lamda": 0.19837926046671686}, "datetime": {"datetime": "2021-09-24 18:11:18", "elapsed": 749.626055, "delta": 5.028751}}
{"target": -44.58388572183325, "params": {"C": 31.423640092318898, "epsilon": 0.415564179538349, "gamma": 0.1020987445260593, "lamda": 0.002823143864916501}, "datetime": {"datetime": "2021-09-24 18:11:20", "elapsed": 751.72367, "delta": 2.097615}}
{"target": -44.61118309071694, "params": {"C": 37.49786012179145, "epsilon": 0.5435420450329447, "gamma": 0.1002705119346048, "lamda": 0.1768765612929312}, "datetime": {"datetime": "2021-09-24 18:11:22", "elapsed": 753.573247, "delta": 1.849577}}
{"target": -44.020979822708554, "params": {"C": 20.057437031020857, "epsilon": 0.4935000266460499, "gamma": 0.09380962278786789, "lamda": 0.09158486809513267}, "datetime": {"datetime": "2021-09-24 18:11:26", "elapsed": 757.839492, "delta": 4.266245}}
{"target": -44.91649712792327, "params": {"C": 9.339492187293294, "epsilon": 0.8226100794520008, "gamma": 0.09119415898391578, "lamda": 0.7941156956403097}, "datetime": {"datetime": "2021-09-24 18:11:28", "elapsed": 759.592545, "delta": 1.753053}}
{"target": -45.101600605550956, "params": {"C": 32.40256098772919, "epsilon": 0.9759696435484431, "gamma": 0.11443943942177401, "lamda": 0.5019919890407346}, "datetime": {"datetime": "2021-09-24 18:11:30", "elapsed": 761.797564, "delta": 2.205019}}
{"target": -43.70217524195743, "params": {"C": 19.950556525461458, "epsilon": 0.4333197424108773, "gamma": 0.07690774162976134, "lamda": 0.12224337823664344}, "datetime": {"datetime": "2021-09-24 18:11:36", "elapsed": 767.561671, "delta": 5.764107}}
{"target": -44.31840357654428, "params": {"C": 28.255256891649896, "epsilon": 0.2499548077717325, "gamma": 0.0928876326957695, "lamda": 0.7363746565601976}, "datetime": {"datetime": "2021-09-24 18:11:38", "elapsed": 769.643252, "delta": 2.081581}}
{"target": -43.58682897160578, "params": {"C": 24.45824119512648, "epsilon": 0.0766848468195324, "gamma": 0.04578540046004231, "lamda": 0.7468743140622602}, "datetime": {"datetime": "2021-09-24 18:11:43", "elapsed": 775.169905, "delta": 5.526653}}
{"target": -43.83340664737011, "params": {"C": 20.141491864214494, "epsilon": 0.5781807492953646, "gamma": 0.08359858839477419, "lamda": 0.11597613116176553}, "datetime": {"datetime": "2021-09-24 18:11:48", "elapsed": 780.120717, "delta": 4.950812}}
{"target": -43.69487327312315, "params": {"C": 36.0790264227227, "epsilon": 0.0968839047949097, "gamma": 0.014110076287021954, "lamda": 0.6048521783401686}, "datetime": {"datetime": "2021-09-24 18:11:50", "elapsed": 782.31147, "delta": 2.190753}}
{"target": -43.95494395481903, "params": {"C": 20.050152469941743, "epsilon": 0.5254667664842342, "gamma": 0.08788765185216818, "lamda": 0.18666764685698153}, "datetime": {"datetime": "2021-09-24 18:11:55", "elapsed": 786.682296, "delta": 4.370826}}
{"target": -44.65035714347461, "params": {"C": 37.506225608208396, "epsilon": 0.5397942292894231, "gamma": 0.10200073122132673, "lamda": 0.18715517532420756}, "datetime": {"datetime": "2021-09-24 18:11:57", "elapsed": 788.813062, "delta": 2.130766}}
{"target": -44.14528244356693, "params": {"C": 27.44117471353937, "epsilon": 0.775609417169965, "gamma": 0.08188322034469492, "lamda": 0.37959644530614006}, "datetime": {"datetime": "2021-09-24 18:12:02", "elapsed": 794.166738, "delta": 5.353676}}
{"target": -44.212856086274, "params": {"C": 20.339220585086448, "epsilon": 0.5443095010244271, "gamma": 0.09747089688573116, "lamda": 0.28397007098816807}, "datetime": {"datetime": "2021-09-24 18:12:08", "elapsed": 800.365255, "delta": 6.198517}}
{"target": -44.3826806442583, "params": {"C": 20.20541917867711, "epsilon": 0.48174459115993057, "gamma": 0.10796404264565072, "lamda": 0.25656026638939416}, "datetime": {"datetime": "2021-09-24 18:12:13", "elapsed": 804.853251, "delta": 4.487996}}
{"target": -43.59830646549691, "params": {"C": 22.96642546413796, "epsilon": 0.11400991769955073, "gamma": 0.04784288207132239, "lamda": 0.5618883920336433}, "datetime": {"datetime": "2021-09-24 18:12:18", "elapsed": 809.780929, "delta": 4.927678}}
{"target": -44.13172501582477, "params": {"C": 24.47991337141198, "epsilon": 0.1526230146619446, "gamma": 0.08499469801653182, "lamda": 0.8532206708826443}, "datetime": {"datetime": "2021-09-24 18:12:24", "elapsed": 815.762796, "delta": 5.981867}}
{"target": -43.75854706485296, "params": {"C": 24.650884785328735, "epsilon": 0.5201624792483368, "gamma": 0.03576962600655316, "lamda": 0.5970355768437605}, "datetime": {"datetime": "2021-09-24 18:12:29", "elapsed": 820.813377, "delta": 5.050581}}
{"target": -44.12407965460163, "params": {"C": 40.29756164565265, "epsilon": 0.622708521634657, "gamma": 0.06892759662382271, "lamda": 0.27855214416622637}, "datetime": {"datetime": "2021-09-24 18:12:31", "elapsed": 822.907078, "delta": 2.093701}}
{"target": -43.7438707787591, "params": {"C": 19.864644369336837, "epsilon": 0.44660551461101167, "gamma": 0.03521406109616517, "lamda": 0.17752433830787762}, "datetime": {"datetime": "2021-09-24 18:12:36", "elapsed": 827.954343, "delta": 5.047265}}
{"target": -43.836190204403444, "params": {"C": 31.26331693989098, "epsilon": 0.592799479535212, "gamma": 0.030112786453004966, "lamda": 0.0946555455707138}, "datetime": {"datetime": "2021-09-24 18:12:38", "elapsed": 830.092672, "delta": 2.138329}}
{"target": -43.70026479406853, "params": {"C": 19.904830550774623, "epsilon": 0.6631408168477944, "gamma": 0.04446010839409687, "lamda": 0.22910778723658384}, "datetime": {"datetime": "2021-09-24 18:12:44", "elapsed": 836.259093, "delta": 6.166421}}
{"target": -44.19562434034831, "params": {"C": 20.261624137352918, "epsilon": 0.6793383437270624, "gamma": 0.10038840726159096, "lamda": 0.1051505727765887}, "datetime": {"datetime": "2021-09-24 18:12:53", "elapsed": 844.429863, "delta": 8.17077}}
{"target": -48.13897580068289, "params": {"C": 3.6361437721976855, "epsilon": 0.33882572818122725, "gamma": 0.0739916700826072, "lamda": 0.4835856682626367}, "datetime": {"datetime": "2021-09-24 18:12:55", "elapsed": 846.667659, "delta": 2.237796}}
{"target": -54.596128602824656, "params": {"C": 5.142413413352355, "epsilon": 0.27045986129296024, "gamma": 0.003622811117191698, "lamda": 0.04243854891795021}, "datetime": {"datetime": "2021-09-24 18:12:57", "elapsed": 848.666139, "delta": 1.99848}}
{"target": -44.9111488289467, "params": {"C": 32.10154919852988, "epsilon": 0.40055752988755094, "gamma": 0.11428685689462705, "lamda": 0.6277054821365246}, "datetime": {"datetime": "2021-09-24 18:12:59", "elapsed": 850.70232, "delta": 2.036181}}
{"target": -44.81540790732158, "params": {"C": 35.25189684496248, "epsilon": 0.3562115082463736, "gamma": 0.09711148712214084, "lamda": 0.9290980209960688}, "datetime": {"datetime": "2021-09-24 18:13:01", "elapsed": 853.151509, "delta": 2.449189}}
{"target": -43.79310541439739, "params": {"C": 20.33482923480465, "epsilon": 0.38286291958960217, "gamma": 0.022405487537670316, "lamda": 0.2261725315023396}, "datetime": {"datetime": "2021-09-24 18:13:08", "elapsed": 860.332753, "delta": 7.181244}}
{"target": -44.11026030575032, "params": {"C": 48.06613546703705, "epsilon": 0.7201971129563375, "gamma": 0.058014665134326605, "lamda": 0.23926187210536146}, "datetime": {"datetime": "2021-09-24 18:13:11", "elapsed": 862.689458, "delta": 2.356705}}
{"target": -43.808274009292774, "params": {"C": 27.195813421264564, "epsilon": 0.4853110476223774, "gamma": 0.05517457674023505, "lamda": 0.6675677058585776}, "datetime": {"datetime": "2021-09-24 18:13:13", "elapsed": 864.86356, "delta": 2.174102}}
{"target": -44.07959441604314, "params": {"C": 24.660962291205053, "epsilon": 0.38570395355423337, "gamma": 0.08296962427817951, "lamda": 0.5703632291027549}, "datetime": {"datetime": "2021-09-24 18:13:20", "elapsed": 871.598526, "delta": 6.734966}}
{"target": -44.44282484529501, "params": {"C": 20.319651237772554, "epsilon": 0.45582106159529306, "gamma": 0.11129953945808682, "lamda": 0.19043582840791656}, "datetime": {"datetime": "2021-09-24 18:13:26", "elapsed": 877.899492, "delta": 6.300966}}
{"target": -44.59397763323582, "params": {"C": 27.575798336383542, "epsilon": 0.5437083592469376, "gamma": 0.10541208704213262, "lamda": 0.4795195783952227}, "datetime": {"datetime": "2021-09-24 18:13:28", "elapsed": 879.838224, "delta": 1.938732}}
{"target": -44.22864154105778, "params": {"C": 19.91897679339626, "epsilon": 0.31279847497360175, "gamma": 0.10303517026554765, "lamda": 0.11157214552950745}, "datetime": {"datetime": "2021-09-24 18:13:34", "elapsed": 885.463001, "delta": 5.624777}}
{"target": -44.11796965468225, "params": {"C": 45.44013562107883, "epsilon": 0.032318044071721654, "gamma": 0.0659439807880768, "lamda": 0.6927927588733648}, "datetime": {"datetime": "2021-09-24 18:13:36", "elapsed": 887.72233, "delta": 2.259329}}
{"target": -43.80215017755553, "params": {"C": 44.599867686148386, "epsilon": 0.6585227196480251, "gamma": 0.032581035950371096, "lamda": 0.6170138738536387}, "datetime": {"datetime": "2021-09-24 18:13:38", "elapsed": 890.0874, "delta": 2.36507}}
{"target": -43.62356746778924, "params": {"C": 20.452785562762735, "epsilon": 0.4587451589886756, "gamma": 0.05895058645522536, "lamda": 0.2611117535342336}, "datetime": {"datetime": "2021-09-24 18:13:45", "elapsed": 896.499751, "delta": 6.412351}}
{"target": -44.42723743963232, "params": {"C": 19.930225164734367, "epsilon": 0.6584468973539718, "gamma": 0.11017079092253396, "lamda": 0.167262078838855}, "datetime": {"datetime": "2021-09-24 18:13:52", "elapsed": 903.672603, "delta": 7.172852}}
{"target": -44.13900966544414, "params": {"C": 13.38510320670671, "epsilon": 0.061199343645845866, "gamma": 0.0730216079055536, "lamda": 0.03869358597526794}, "datetime": {"datetime": "2021-09-24 18:13:54", "elapsed": 905.679072, "delta": 2.006469}}
{"target": -44.84378299290759, "params": {"C": 20.17219475227796, "epsilon": 0.32349809210719954, "gamma": 0.007768805195848237, "lamda": 0.12872064600393546}, "datetime": {"datetime": "2021-09-24 18:14:02", "elapsed": 914.086812, "delta": 8.40774}}
{"target": -43.70228213064598, "params": {"C": 24.59133074456576, "epsilon": 0.44710101011474185, "gamma": 0.048191369759769724, "lamda": 0.7005866172443667}, "datetime": {"datetime": "2021-09-24 18:14:08", "elapsed": 920.331822, "delta": 6.24501}}
{"target": -44.6562352068745, "params": {"C": 24.545467074996935, "epsilon": 0.3879688581605314, "gamma": 0.11597604353635203, "lamda": 0.574750395121753}, "datetime": {"datetime": "2021-09-24 18:14:15", "elapsed": 926.699197, "delta": 6.367375}}
{"target": -44.546618993501575, "params": {"C": 12.057015247110199, "epsilon": 0.9424005089939286, "gamma": 0.10013754221786678, "lamda": 0.24911890354486882}, "datetime": {"datetime": "2021-09-24 18:14:17", "elapsed": 929.28616, "delta": 2.586963}}
{"target": -44.80130761329213, "params": {"C": 24.401745173490887, "epsilon": 0.6642755653026122, "gamma": 0.11551592172440196, "lamda": 0.7333497918094898}, "datetime": {"datetime": "2021-09-24 18:14:20", "elapsed": 931.488202, "delta": 2.202042}}
{"target": -43.70501393658152, "params": {"C": 20.346634166869144, "epsilon": 0.37507553497445034, "gamma": 0.06695869526713245, "lamda": 0.3189240020078724}, "datetime": {"datetime": "2021-09-24 18:14:28", "elapsed": 939.576444, "delta": 8.088242}}
{"target": -43.89520937784182, "params": {"C": 48.21321125756181, "epsilon": 0.43298319437315286, "gamma": 0.03328861101611967, "lamda": 0.5080586251718664}, "datetime": {"datetime": "2021-09-24 18:14:30", "elapsed": 941.88926, "delta": 2.312816}}
{"target": -43.72689427127531, "params": {"C": 18.027324841055513, "epsilon": 0.1529500550835969, "gamma": 0.06858120695909314, "lamda": 0.7346153641620546}, "datetime": {"datetime": "2021-09-24 18:14:32", "elapsed": 944.138319, "delta": 2.249059}}
{"target": -43.76689225750943, "params": {"C": 27.408718888411904, "epsilon": 0.8578998258174609, "gamma": 0.03201827440904094, "lamda": 0.3878247724901145}, "datetime": {"datetime": "2021-09-24 18:14:35", "elapsed": 946.613775, "delta": 2.475456}}
{"target": -44.24126459592136, "params": {"C": 23.03758047664992, "epsilon": 0.11264788906681526, "gamma": 0.09531276311742351, "lamda": 0.6082499479032932}, "datetime": {"datetime": "2021-09-24 18:14:40", "elapsed": 952.378204, "delta": 5.764429}}
{"target": -52.316859460765805, "params": {"C": 27.394747416756164, "epsilon": 0.6284832382044486, "gamma": 0.001, "lamda": 0.49827405311473855}, "datetime": {"datetime": "2021-09-24 18:14:47", "elapsed": 958.824456, "delta": 6.446252}}
{"target": -44.80653130171167, "params": {"C": 24.635847694116247, "epsilon": 0.47628889001524205, "gamma": 0.12, "lamda": 0.6407469336262697}, "datetime": {"datetime": "2021-09-24 18:14:55", "elapsed": 966.757112, "delta": 7.932656}}
{"target": -44.20892696945303, "params": {"C": 77.53989512872877, "epsilon": 0.7084396747954868, "gamma": 0.03561766393064037, "lamda": 0.5108765224371432}, "datetime": {"datetime": "2021-09-24 18:35:08", "elapsed": 0.0, "delta": 0.0}}
{"target": -43.973783842868144, "params": {"C": 94.64734771738273, "epsilon": 0.8963967958445046, "gamma": 0.015944651945196512, "lamda": 0.20732215385037292}, "datetime": {"datetime": "2021-09-24 18:35:09", "elapsed": 0.369685, "delta": 0.369685}}
{"target": -43.857618152740216, "params": {"C": 52.57336016504149, "epsilon": 0.44136903380698583, "gamma": 0.004555269094549468, "lamda": 0.4568875410722716}, "datetime": {"datetime": "2021-09-24 18:35:09", "elapsed": 0.714161, "delta": 0.344476}}
{"target": -45.384852082161174, "params": {"C": 82.45720238073804, "epsilon": 0.27920879536532733, "gamma": 0.08147433333563561, "lamda": 0.5909037311346091}, "datetime": {"datetime": "2021-09-24 18:35:09", "elapsed": 0.973652, "delta": 0.259491}}
{"target": -43.907716721565436, "params": {"C": 51.19909411885827, "epsilon": 0.5592952339028912, "gamma": 0.03185104118198838, "lamda": 0.41515968689036864}, "datetime": {"datetime": "2021-09-24 18:35:10", "elapsed": 1.306872, "delta": 0.33322}}
