{"target": -52.421935903781, "params": {"C": 1.8150506649728446, "epsilon": 0.6123250007669123, "gamma": 0.07880420571880449, "lamda": 0.5894125925786077}, "datetime": {"datetime": "2021-09-24 17:26:02", "elapsed": 315.650295, "delta": 1.263808}}
{"target": -45.57440281830268, "params": {"C": 42.39569757753608, "epsilon": 0.17269674420192857, "gamma": 0.0026784248525775754, "lamda": 0.720208366736902}, "datetime": {"datetime": "2021-09-24 17:26:04", "elapsed": 317.824389, "delta": 2.174094}}
{"target": -45.08915962878698, "params": {"C": 42.79673659951223, "epsilon": 0.7564923472109097, "gamma": 0.10467483256566106, "lamda": 0.7140494522243792}, "datetime": {"datetime": "2021-09-24 17:26:07", "elapsed": 320.349108, "delta": 2.524719}}
{"target": -50.31106232504788, "params": {"C": 42.29056482577695, "epsilon": 1.0, "gamma": 0.001, "lamda": 0.6666948693959519}, "datetime": {"datetime": "2021-09-24 17:26:10", "elapsed": 323.210416, "delta": 2.861308}}
{"target": -55.92360572425068, "params": {"C": 13.280295533458998, "epsilon": 0.6593430532471799, "gamma": 0.001, "lamda": 0.41582651918135133}, "datetime": {"datetime": "2021-09-24 17:26:12", "elapsed": 325.496745, "delta": 2.286329}}
{"target": -50.32349927708079, "params": {"C": 34.210889659270244, "epsilon": 0.9541706662410544, "gamma": 0.42668210182519856, "lamda": 0.7482041234550806}, "datetime": {"datetime": "2021-09-24 17:26:13", "elapsed": 326.729965, "delta": 1.23322}}
{"target": -43.931088336772234, "params": {"C": 42.58238148671664, "epsilon": 0.12946683830016392, "gamma": 0.0338809764868933, "lamda": 0.645067460022977}, "datetime": {"datetime": "2021-09-24 17:26:16", "elapsed": 329.685687, "delta": 2.955722}}
{"target": -55.327830855050706, "params": {"C": 8.932889138389012, "epsilon": 0.403271402870041, "gamma": 0.39386952249495005, "lamda": 0.29204953965545705}, "datetime": {"datetime": "2021-09-24 17:26:17", "elapsed": 330.912617, "delta": 1.22693}}
{"target": -44.019499451970404, "params": {"C": 13.110644991308131, "epsilon": 0.9031944190429402, "gamma": 0.07104949628994231, "lamda": 0.46884305777079227}, "datetime": {"datetime": "2021-09-24 17:26:20", "elapsed": 333.195641, "delta": 2.283024}}
{"target": -50.361414675509735, "params": {"C": 44.181565424405925, "epsilon": 0.2751133040210508, "gamma": 0.4891275291893727, "lamda": 0.36140617080665255}, "datetime": {"datetime": "2021-09-24 17:26:21", "elapsed": 334.327689, "delta": 1.132048}}
{"target": -44.276525202850806, "params": {"C": 13.458972937955938, "epsilon": 0.8179953408355077, "gamma": 0.09054252129265342, "lamda": 0.5209317319054849}, "datetime": {"datetime": "2021-09-24 17:26:23", "elapsed": 336.73841, "delta": 2.410721}}
{"target": -51.76921298086504, "params": {"C": 26.33828259368644, "epsilon": 0.6776654380727544, "gamma": 0.43948817602682944, "lamda": 0.16847369536973744}, "datetime": {"datetime": "2021-09-24 17:26:25", "elapsed": 338.004031, "delta": 1.265621}}
{"target": -44.589445609090774, "params": {"C": 20.49396890873554, "epsilon": 0.4094411704655767, "gamma": 0.11487124773423874, "lamda": 0.6508208927740691}, "datetime": {"datetime": "2021-09-24 17:26:26", "elapsed": 339.183659, "delta": 1.179628}}
{"target": -47.29501215029087, "params": {"C": 29.846697889487906, "epsilon": 0.9585255153139497, "gamma": 0.27969880468343183, "lamda": 0.24391617221463058}, "datetime": {"datetime": "2021-09-24 17:26:27", "elapsed": 340.413456, "delta": 1.229797}}
{"target": -44.79112278634926, "params": {"C": 13.167764940492946, "epsilon": 0.9062225726718316, "gamma": 0.1134848214882445, "lamda": 0.38439864375955646}, "datetime": {"datetime": "2021-09-24 17:26:30", "elapsed": 343.56979, "delta": 3.156334}}
{"target": -52.01229804114478, "params": {"C": 10.796046956363544, "epsilon": 0.6085713376009917, "gamma": 0.2912010374033344, "lamda": 0.10210822653087356}, "datetime": {"datetime": "2021-09-24 17:26:31", "elapsed": 344.805786, "delta": 1.235996}}
{"target": -43.92977833250909, "params": {"C": 13.227141633291929, "epsilon": 0.8253059433668494, "gamma": 0.030471870919000724, "lamda": 0.5360870117011268}, "datetime": {"datetime": "2021-09-24 17:26:34", "elapsed": 347.400851, "delta": 2.595065}}
{"target": -44.020238532091575, "params": {"C": 13.358691872121163, "epsilon": 0.936526927875647, "gamma": 0.02510808199258596, "lamda": 0.2975342148047144}, "datetime": {"datetime": "2021-09-24 17:26:37", "elapsed": 350.327819, "delta": 2.926968}}
{"target": -44.091569355953865, "params": {"C": 13.296601128468252, "epsilon": 0.786793006137537, "gamma": 0.07625909778398045, "lamda": 0.6528802145414364}, "datetime": {"datetime": "2021-09-24 17:26:40", "elapsed": 352.992058, "delta": 2.664239}}
{"target": -43.691894160896204, "params": {"C": 42.25156805439322, "epsilon": 0.6937798449195237, "gamma": 0.007491179740623055, "lamda": 0.2315172241117667}, "datetime": {"datetime": "2021-09-24 17:26:42", "elapsed": 355.216269, "delta": 2.224211}}
{"target": -51.15454683247266, "params": {"C": 11.929098696654492, "epsilon": 0.7497794772264438, "gamma": 0.2819235890917974, "lamda": 0.404473310865248}, "datetime": {"datetime": "2021-09-24 17:26:43", "elapsed": 356.468265, "delta": 1.251996}}
{"target": -45.36825655765808, "params": {"C": 39.48832743776857, "epsilon": 0.1442838150225109, "gamma": 0.14148509118292477, "lamda": 0.2614069674068866}, "datetime": {"datetime": "2021-09-24 17:26:44", "elapsed": 357.684125, "delta": 1.21586}}
{"target": -45.99945687504183, "params": {"C": 42.72197029513078, "epsilon": 0.7293673734752854, "gamma": 0.15926495107972885, "lamda": 0.5400882420792962}, "datetime": {"datetime": "2021-09-24 17:26:47", "elapsed": 360.029183, "delta": 2.345058}}
{"target": -51.76733059959917, "params": {"C": 21.68622776745396, "epsilon": 0.9173000770902486, "gamma": 0.4008090166420531, "lamda": 0.4223997515130076}, "datetime": {"datetime": "2021-09-24 17:26:48", "elapsed": 361.353181, "delta": 1.323998}}
{"target": -43.815394204215046, "params": {"C": 42.282528709998815, "epsilon": 0.7769241950159753, "gamma": 0.035304456776931635, "lamda": 0.9774359766842591}, "datetime": {"datetime": "2021-09-24 17:26:50", "elapsed": 363.732293, "delta": 2.379112}}
{"target": -53.89990240655161, "params": {"C": 14.741147515713223, "epsilon": 0.5960078420897224, "gamma": 0.41461259830332997, "lamda": 0.630599446714704}, "datetime": {"datetime": "2021-09-24 17:26:51", "elapsed": 364.923362, "delta": 1.191069}}
{"target": -49.50396616702465, "params": {"C": 9.069690723480791, "epsilon": 0.894707274357821, "gamma": 0.20423426682587612, "lamda": 0.07529957025240844}, "datetime": {"datetime": "2021-09-24 17:26:53", "elapsed": 366.589364, "delta": 1.666002}}
{"target": -54.24005723778365, "params": {"C": 4.770324186404059, "epsilon": 0.48854501129002975, "gamma": 0.2545865375890478, "lamda": 0.36590360629324625}, "datetime": {"datetime": "2021-09-24 17:26:54", "elapsed": 367.816369, "delta": 1.227005}}
{"target": -43.93293314593792, "params": {"C": 13.439572073316684, "epsilon": 0.8977415490062289, "gamma": 0.029260732089378058, "lamda": 0.38290479324294013}, "datetime": {"datetime": "2021-09-24 17:26:57", "elapsed": 369.996452, "delta": 2.180083}}
{"target": -44.99989276072362, "params": {"C": 20.377875565471626, "epsilon": 0.45007378189056785, "gamma": 0.1342689636131096, "lamda": 0.5026831783685607}, "datetime": {"datetime": "2021-09-24 17:26:59", "elapsed": 372.511508, "delta": 2.515056}}
{"target": -44.27301551357999, "params": {"C": 13.339951979561386, "epsilon": 0.9232178561791785, "gamma": 0.09014716719995293, "lamda": 0.45499666517105924}, "datetime": {"datetime": "2021-09-24 17:27:01", "elapsed": 374.709687, "delta": 2.198179}}
{"target": -45.510562647615735, "params": {"C": 42.38861252707195, "epsilon": 0.5417455907398894, "gamma": 0.1279960545521341, "lamda": 0.3146104914487743}, "datetime": {"datetime": "2021-09-24 17:27:03", "elapsed": 376.709683, "delta": 1.999996}}
{"target": -43.88112899936555, "params": {"C": 39.80365815046098, "epsilon": 0.7733524305055425, "gamma": 0.0330368595480347, "lamda": 0.10471570270136835}, "datetime": {"datetime": "2021-09-24 17:27:06", "elapsed": 379.154335, "delta": 2.444652}}
{"target": -43.817499286646154, "params": {"C": 39.99274461436266, "epsilon": 0.8189430455912818, "gamma": 0.043484099553852816, "lamda": 0.03328595146796021}, "datetime": {"datetime": "2021-09-24 17:27:09", "elapsed": 382.214841, "delta": 3.060506}}
{"target": -46.07444704838156, "params": {"C": 14.64238592160034, "epsilon": 0.001, "gamma": 0.16348458518172748, "lamda": 0.7107368412690657}, "datetime": {"datetime": "2021-09-24 17:27:12", "elapsed": 385.142303, "delta": 2.927462}}
{"target": -46.196281079886006, "params": {"C": 41.789688216882794, "epsilon": 0.876067045867492, "gamma": 0.17459631063569445, "lamda": 0.7087870069687292}, "datetime": {"datetime": "2021-09-24 17:27:13", "elapsed": 386.415408, "delta": 1.273105}}
{"target": -46.67697840314912, "params": {"C": 39.94993891379419, "epsilon": 0.7981866339504686, "gamma": 0.002156528509830521, "lamda": 0.197368456819114}, "datetime": {"datetime": "2021-09-24 17:27:16", "elapsed": 389.728073, "delta": 3.312665}}
{"target": -54.48752484351509, "params": {"C": 17.900610936971034, "epsilon": 0.29426195770045377, "gamma": 0.001, "lamda": 0.3553697315950498}, "datetime": {"datetime": "2021-09-24 17:27:19", "elapsed": 392.122565, "delta": 2.394492}}
{"target": -44.99997424072219, "params": {"C": 39.849714644748566, "epsilon": 0.8732498395873975, "gamma": 0.11383444813090064, "lamda": 0.001}, "datetime": {"datetime": "2021-09-24 17:27:21", "elapsed": 394.503353, "delta": 2.380788}}
{"target": -43.964962470998735, "params": {"C": 30.00452163885296, "epsilon": 0.3078780599375135, "gamma": 0.07543154995824401, "lamda": 0.2149821106140537}, "datetime": {"datetime": "2021-09-24 17:27:22", "elapsed": 395.922877, "delta": 1.419524}}
{"target": -50.47625151591472, "params": {"C": 42.35283956673793, "epsilon": 0.8987256586580759, "gamma": 0.001, "lamda": 0.9393633331148381}, "datetime": {"datetime": "2021-09-24 17:27:25", "elapsed": 398.875935, "delta": 2.953058}}
{"target": -47.1305379909177, "params": {"C": 42.333228824476016, "epsilon": 0.5586772581722762, "gamma": 0.0018047787138356034, "lamda": 0.1662173258577358}, "datetime": {"datetime": "2021-09-24 17:27:28", "elapsed": 401.735022, "delta": 2.859087}}
{"target": -49.72902281753608, "params": {"C": 42.470500587985285, "epsilon": 0.009444653396112817, "gamma": 0.001, "lamda": 0.5403276120617676}, "datetime": {"datetime": "2021-09-24 17:27:31", "elapsed": 404.845489, "delta": 3.110467}}
{"target": -44.3791354657175, "params": {"C": 42.18792654530348, "epsilon": 0.7856241289638987, "gamma": 0.07561310449982848, "lamda": 0.8674509678372632}, "datetime": {"datetime": "2021-09-24 17:27:35", "elapsed": 408.007363, "delta": 3.161874}}
{"target": -44.612526182541345, "params": {"C": 42.52475583733399, "epsilon": 0.48832142550926616, "gamma": 0.08029530000088189, "lamda": 0.9902464971162778}, "datetime": {"datetime": "2021-09-24 17:27:37", "elapsed": 410.02207, "delta": 2.014707}}
{"target": -43.921844831710395, "params": {"C": 28.852514819153363, "epsilon": 0.05639606549599387, "gamma": 0.07643509871482783, "lamda": 0.5343577942270267}, "datetime": {"datetime": "2021-09-24 17:27:38", "elapsed": 411.520774, "delta": 1.498704}}
{"target": -46.24739015818404, "params": {"C": 42.20217531042466, "epsilon": 0.7134037862497565, "gamma": 0.1781839034995411, "lamda": 0.9455443645011709}, "datetime": {"datetime": "2021-09-24 17:27:41", "elapsed": 414.00833, "delta": 2.487556}}
{"target": -47.94074864978754, "params": {"C": 11.498560285595895, "epsilon": 0.8345391312157674, "gamma": 0.1933539688857929, "lamda": 0.17289279833376883}, "datetime": {"datetime": "2021-09-24 17:27:42", "elapsed": 415.344572, "delta": 1.336242}}
{"target": -44.84095549895016, "params": {"C": 42.50490865298493, "epsilon": 0.767185231203912, "gamma": 0.097174921641962, "lamda": 0.23096159760412918}, "datetime": {"datetime": "2021-09-24 17:27:45", "elapsed": 418.821814, "delta": 3.477242}}
{"target": -46.072755861477894, "params": {"C": 44.03650450480138, "epsilon": 0.24078750884383024, "gamma": 0.16113663783627521, "lamda": 0.6100405258879825}, "datetime": {"datetime": "2021-09-24 17:27:47", "elapsed": 420.171059, "delta": 1.349245}}
{"target": -43.896184438061645, "params": {"C": 17.688173945690345, "epsilon": 0.18460538497519857, "gamma": 0.08543645838354363, "lamda": 0.3168175093472264}, "datetime": {"datetime": "2021-09-24 17:27:50", "elapsed": 423.897166, "delta": 3.726107}}
{"target": -50.404490245426295, "params": {"C": 42.662180122841285, "epsilon": 0.892820391975702, "gamma": 0.001, "lamda": 0.9021311443692859}, "datetime": {"datetime": "2021-09-24 17:27:54", "elapsed": 426.960069, "delta": 3.062903}}
{"target": -46.10662234669967, "params": {"C": 40.642256547766365, "epsilon": 0.8899031117719604, "gamma": 0.171646476127682, "lamda": 0.5726102546144652}, "datetime": {"datetime": "2021-09-24 17:27:55", "elapsed": 428.337066, "delta": 1.376997}}
{"target": -57.69274391358605, "params": {"C": 7.3517363235571365, "epsilon": 0.12378496206841831, "gamma": 0.4925895511691367, "lamda": 0.2517527239358318}, "datetime": {"datetime": "2021-09-24 17:27:56", "elapsed": 429.798065, "delta": 1.460999}}
{"target": -43.971029791510084, "params": {"C": 17.640805745360346, "epsilon": 0.15349994523633656, "gamma": 0.02011383820783629, "lamda": 0.4869520726286282}, "datetime": {"datetime": "2021-09-24 17:28:00", "elapsed": 433.036769, "delta": 3.238704}}
{"target": -43.870373208116696, "params": {"C": 42.652132236898055, "epsilon": 0.8708673163400799, "gamma": 0.0228123858112209, "lamda": 0.4423857363941808}, "datetime": {"datetime": "2021-09-24 17:28:03", "elapsed": 436.000772, "delta": 2.964003}}
{"target": -44.257638053760566, "params": {"C": 20.378208206412726, "epsilon": 0.2750598946386204, "gamma": 0.09846947009936576, "lamda": 0.567849892787795}, "datetime": {"datetime": "2021-09-24 17:28:05", "elapsed": 438.910805, "delta": 2.910033}}
{"target": -60.50946031496231, "params": {"C": 1.4950967581077692, "epsilon": 0.008833662573175562, "gamma": 0.43232632488481115, "lamda": 0.7917639878036461}, "datetime": {"datetime": "2021-09-24 17:28:07", "elapsed": 440.317383, "delta": 1.406578}}
{"target": -47.908543525335425, "params": {"C": 34.49734734654841, "epsilon": 0.6102276105415059, "gamma": 0.3321348864199761, "lamda": 0.2233031018231637}, "datetime": {"datetime": "2021-09-24 17:28:08", "elapsed": 441.621043, "delta": 1.30366}}
{"target": -50.14654338971575, "params": {"C": 30.918134398838436, "epsilon": 0.591388503142849, "gamma": 0.40052118085970967, "lamda": 0.3708855423483089}, "datetime": {"datetime": "2021-09-24 17:28:09", "elapsed": 442.948008, "delta": 1.326965}}
{"target": -46.510439127316026, "params": {"C": 17.726401207839125, "epsilon": 0.06675748975784616, "gamma": 0.00530000252294592, "lamda": 0.3805731100619642}, "datetime": {"datetime": "2021-09-24 17:28:12", "elapsed": 445.832571, "delta": 2.884563}}
{"target": -50.20903759369021, "params": {"C": 39.89568979078215, "epsilon": 0.6959615678191771, "gamma": 0.001, "lamda": 0.001}, "datetime": {"datetime": "2021-09-24 17:28:15", "elapsed": 448.54461, "delta": 2.712039}}
{"target": -44.17772635787185, "params": {"C": 30.327582280669468, "epsilon": 0.41979955062888347, "gamma": 0.08263750564435413, "lamda": 0.4458358176550953}, "datetime": {"datetime": "2021-09-24 17:28:17", "elapsed": 450.024137, "delta": 1.479527}}
{"target": -45.918850462181716, "params": {"C": 39.78739283159377, "epsilon": 0.9329495995289363, "gamma": 0.15989758498386095, "lamda": 0.20166464242731125}, "datetime": {"datetime": "2021-09-24 17:28:20", "elapsed": 453.374049, "delta": 3.349912}}
{"target": -43.818693960793, "params": {"C": 24.22376580786424, "epsilon": 0.476519735249453, "gamma": 0.013533831425133314, "lamda": 0.5580804959187641}, "datetime": {"datetime": "2021-09-24 17:28:21", "elapsed": 454.788672, "delta": 1.414623}}
{"target": -44.157106293486805, "params": {"C": 40.014604230657774, "epsilon": 0.9649731768699443, "gamma": 0.07445286018616006, "lamda": 0.052766787978087655}, "datetime": {"datetime": "2021-09-24 17:28:25", "elapsed": 458.517066, "delta": 3.728394}}
{"target": -47.91997151980549, "params": {"C": 44.370566158325204, "epsilon": 0.23962465001628447, "gamma": 0.3618115401921076, "lamda": 0.09971231797139189}, "datetime": {"datetime": "2021-09-24 17:28:27", "elapsed": 460.2235, "delta": 1.706434}}
{"target": -44.86357741917453, "params": {"C": 9.094218213164403, "epsilon": 0.6806088362926092, "gamma": 0.022838995199670777, "lamda": 0.8363201768489962}, "datetime": {"datetime": "2021-09-24 17:28:28", "elapsed": 461.581419, "delta": 1.357919}}
{"target": -44.088938592224686, "params": {"C": 30.15961002058531, "epsilon": 0.36151369754324564, "gamma": 0.07895751854100702, "lamda": 0.32584141363628527}, "datetime": {"datetime": "2021-09-24 17:28:31", "elapsed": 464.781019, "delta": 3.1996}}
{"target": -51.60937901843045, "params": {"C": 30.112131755482, "epsilon": 0.41646536322147387, "gamma": 0.0010412799252799783, "lamda": 0.18454255697669228}, "datetime": {"datetime": "2021-09-24 17:28:36", "elapsed": 469.248087, "delta": 4.467068}}
{"target": -43.909649289696446, "params": {"C": 15.58505517286915, "epsilon": 0.7083024954303528, "gamma": 0.06182886144496531, "lamda": 0.8125587514357625}, "datetime": {"datetime": "2021-09-24 17:28:37", "elapsed": 470.679057, "delta": 1.43097}}
{"target": -44.185431578031036, "params": {"C": 40.079914025947375, "epsilon": 0.5466221057730426, "gamma": 0.0732270686978046, "lamda": 0.26028047412789074}, "datetime": {"datetime": "2021-09-24 17:28:39", "elapsed": 472.179768, "delta": 1.500711}}
{"target": -45.249813840512154, "params": {"C": 30.047280080210808, "epsilon": 0.25770919146421023, "gamma": 0.1463342038214625, "lamda": 0.34325793191426174}, "datetime": {"datetime": "2021-09-24 17:28:42", "elapsed": 475.650312, "delta": 3.470544}}
{"target": -47.72825636848665, "params": {"C": 47.9406784751945, "epsilon": 0.19050559113024235, "gamma": 0.3490691392123334, "lamda": 0.5387273931144594}, "datetime": {"datetime": "2021-09-24 17:28:44", "elapsed": 477.133963, "delta": 1.483651}}
{"target": -46.71546494831098, "params": {"C": 45.78202001960391, "epsilon": 0.3913019988054627, "gamma": 0.2300706011396343, "lamda": 0.16222501364793457}, "datetime": {"datetime": "2021-09-24 17:28:45", "elapsed": 478.531012, "delta": 1.397049}}
{"target": -47.32589328397747, "params": {"C": 43.42895612659059, "epsilon": 0.7428163971815431, "gamma": 0.28195257554746905, "lamda": 0.47321782329566153}, "datetime": {"datetime": "2021-09-24 17:28:47", "elapsed": 479.997282, "delta": 1.46627}}
{"target": -43.98224294091765, "params": {"C": 21.850998469978645, "epsilon": 0.43817112721600154, "gamma": 0.011708937884833431, "lamda": 0.6024946559000469}, "datetime": {"datetime": "2021-09-24 17:28:48", "elapsed": 481.524957, "delta": 1.527675}}
{"target": -60.870512866720304, "params": {"C": 1.303316164080873, "epsilon": 0.4392281262260988, "gamma": 0.48112898309779667, "lamda": 0.43786762622499636}, "datetime": {"datetime": "2021-09-24 17:28:50", "elapsed": 483.046484, "delta": 1.521527}}
{"target": -45.480727702930245, "params": {"C": 30.25921312911471, "epsilon": 0.2890328777344048, "gamma": 0.15957191275149524, "lamda": 0.39959443764907693}, "datetime": {"datetime": "2021-09-24 17:28:53", "elapsed": 486.649136, "delta": 3.602652}}
{"target": -56.785801657276025, "params": {"C": 7.256564842192903, "epsilon": 0.7366314334313182, "gamma": 0.4317016566694168, "lamda": 0.5080746209448057}, "datetime": {"datetime": "2021-09-24 17:28:55", "elapsed": 488.148045, "delta": 1.498909}}
{"target": -45.65080837810708, "params": {"C": 42.246048881761716, "epsilon": 0.7152124490217941, "gamma": 0.13142269017553046, "lamda": 0.3694854684757489}, "datetime": {"datetime": "2021-09-24 17:28:57", "elapsed": 490.854789, "delta": 2.706744}}
{"target": -43.68266892638629, "params": {"C": 24.258910437512544, "epsilon": 0.5263990459949974, "gamma": 0.04258914727760072, "lamda": 0.4015235111820272}, "datetime": {"datetime": "2021-09-24 17:29:00", "elapsed": 493.613926, "delta": 2.759137}}
{"target": -49.92748916680561, "params": {"C": 46.568163319675556, "epsilon": 0.5544339820547971, "gamma": 0.47332476185082595, "lamda": 0.49057521072306687}, "datetime": {"datetime": "2021-09-24 17:29:02", "elapsed": 495.116976, "delta": 1.50305}}
{"target": -43.77555955973316, "params": {"C": 42.59632105631296, "epsilon": 0.715254763268407, "gamma": 0.04685257776079281, "lamda": 0.020152870628937492}, "datetime": {"datetime": "2021-09-24 17:29:03", "elapsed": 496.782514, "delta": 1.665538}}
{"target": -49.54140878886328, "params": {"C": 13.525897678812049, "epsilon": 0.8502282742969514, "gamma": 0.2579568821630349, "lamda": 0.16215341245159282}, "datetime": {"datetime": "2021-09-24 17:29:05", "elapsed": 498.404606, "delta": 1.622092}}
{"target": -46.694302090261075, "params": {"C": 43.039543597807565, "epsilon": 0.4340137199318927, "gamma": 0.0019490335715709795, "lamda": 0.07987605035170373}, "datetime": {"datetime": "2021-09-24 17:29:08", "elapsed": 501.480368, "delta": 3.075762}}
{"target": -57.774245600250545, "params": {"C": 2.5170745551006273, "epsilon": 0.37582697976318863, "gamma": 0.29498899569929565, "lamda": 0.9010536959715942}, "datetime": {"datetime": "2021-09-24 17:29:09", "elapsed": 502.875789, "delta": 1.395421}}
{"target": -44.49689763464337, "params": {"C": 39.87053465556705, "epsilon": 0.9079205108109555, "gamma": 0.004209405520851449, "lamda": 0.12066998682324152}, "datetime": {"datetime": "2021-09-24 17:29:11", "elapsed": 504.54629, "delta": 1.670501}}
