{"target": -44.91293411904077, "params": {"C": 341.7151610386904, "epsilon": 0.7092908265559812, "gamma": 0.09814890695815923, "lamda": 1.0292831174297588}, "datetime": {"datetime": "2021-09-24 19:40:21", "elapsed": 488.000097, "delta": 1.82239}}
{"target": -43.74108527101793, "params": {"C": 315.6401293202823, "epsilon": 0.7963382143660663, "gamma": 0.05837570171990586, "lamda": 1.032117107476789}, "datetime": {"datetime": "2021-09-24 19:40:23", "elapsed": 489.804294, "delta": 1.804197}}
{"target": -43.89396454109929, "params": {"C": 300.95691610529695, "epsilon": 0.7721654567910308, "gamma": 0.06703526129465591, "lamda": 1.1644883137753563}, "datetime": {"datetime": "2021-09-24 19:40:26", "elapsed": 492.459352, "delta": 2.655058}}
{"target": -43.19522888900798, "params": {"C": 306.3856605982626, "epsilon": 0.8024794987404988, "gamma": 0.026714618600846837, "lamda": 1.505430083028712}, "datetime": {"datetime": "2021-09-24 19:40:28", "elapsed": 494.311777, "delta": 1.852425}}
{"target": -43.17788568640267, "params": {"C": 334.6713478827712, "epsilon": 0.5292178815302787, "gamma": 0.025518640980421593, "lamda": 1.8394912938619097}, "datetime": {"datetime": "2021-09-24 19:40:30", "elapsed": 496.632328, "delta": 2.320551}}
{"target": -43.42741437265174, "params": {"C": 300.8976888079306, "epsilon": 0.8196989951592857, "gamma": 0.04301793477793567, "lamda": 1.1521159354597803}, "datetime": {"datetime": "2021-09-24 19:40:33", "elapsed": 500.156616, "delta": 3.524288}}
{"target": -43.52977575615612, "params": {"C": 245.54350855677268, "epsilon": 0.8573848085188807, "gamma": 0.05776622394568514, "lamda": 1.7511740412725905}, "datetime": {"datetime": "2021-09-24 19:40:35", "elapsed": 502.084592, "delta": 1.927976}}
{"target": -43.93789604992136, "params": {"C": 328.21901593922024, "epsilon": 0.8111654262435721, "gamma": 0.06892759662382271, "lamda": 1.1341759905985316}, "datetime": {"datetime": "2021-09-24 19:40:37", "elapsed": 503.914191, "delta": 1.829599}}
{"target": -43.96687369401042, "params": {"C": 300.8296305251964, "epsilon": 0.894264755410708, "gamma": 0.07615090920762883, "lamda": 1.368418356873405}, "datetime": {"datetime": "2021-09-24 19:40:39", "elapsed": 506.159327, "delta": 2.245136}}
{"target": -43.32608062641426, "params": {"C": 307.93805843648994, "epsilon": 0.7961959357033093, "gamma": 0.030112786453004966, "lamda": 0.9134780024851051}, "datetime": {"datetime": "2021-09-24 19:40:41", "elapsed": 508.086334, "delta": 1.927007}}
{"target": -43.80252741298302, "params": {"C": 243.95460848501406, "epsilon": 0.5764649358627457, "gamma": 0.048090672847052734, "lamda": 0.8957790759732883}, "datetime": {"datetime": "2021-09-24 19:40:44", "elapsed": 510.562243, "delta": 2.475909}}
{"target": -43.959917546770185, "params": {"C": 300.86061237879835, "epsilon": 0.8300896838053771, "gamma": 0.07177618203661351, "lamda": 1.2186232910962729}, "datetime": {"datetime": "2021-09-24 19:40:46", "elapsed": 513.272131, "delta": 2.709888}}
{"target": -44.072460115044905, "params": {"C": 245.91787377432132, "epsilon": 0.6690819460366503, "gamma": 0.0739916700826072, "lamda": 1.3802408259977639}, "datetime": {"datetime": "2021-09-24 19:40:48", "elapsed": 515.247843, "delta": 1.975712}}
{"target": -43.603173578587125, "params": {"C": 249.29929541772978, "epsilon": 0.634864795441922, "gamma": 0.003622811117191698, "lamda": 0.8508113398355238}, "datetime": {"datetime": "2021-09-24 19:40:50", "elapsed": 517.09772, "delta": 1.849877}}
{"target": -44.95681147376338, "params": {"C": 309.81980432323036, "epsilon": 0.6999787436874629, "gamma": 0.11428685689462705, "lamda": 1.5532018987537048}, "datetime": {"datetime": "2021-09-24 19:40:52", "elapsed": 519.086216, "delta": 1.988496}}
{"target": -44.44861281359614, "params": {"C": 316.892013325426, "epsilon": 0.6777835376608476, "gamma": 0.09711148712214084, "lamda": 1.9149091161068932}, "datetime": {"datetime": "2021-09-24 19:40:54", "elapsed": 521.090663, "delta": 2.004447}}
{"target": -43.42938444601312, "params": {"C": 300.7597475390441, "epsilon": 0.8131253484349421, "gamma": 0.010691115092813605, "lamda": 1.1809447449199304}, "datetime": {"datetime": "2021-09-24 19:40:58", "elapsed": 524.580539, "delta": 3.489876}}
{"target": -43.65544908355223, "params": {"C": 345.6586714566138, "epsilon": 0.8599585149931619, "gamma": 0.058014665134326605, "lamda": 1.087022948821316}, "datetime": {"datetime": "2021-09-24 19:41:00", "elapsed": 526.45579, "delta": 1.875251}}
{"target": -43.533797448129285, "params": {"C": 298.8069280885531, "epsilon": 0.7423979217329216, "gamma": 0.05517457674023505, "lamda": 1.6010413511654096}, "datetime": {"datetime": "2021-09-24 19:41:02", "elapsed": 528.412211, "delta": 1.956421}}
{"target": -43.35004498682882, "params": {"C": 300.8888476608359, "epsilon": 0.8241584981381433, "gamma": 0.014812521684633637, "lamda": 1.2682118193161382}, "datetime": {"datetime": "2021-09-24 19:41:04", "elapsed": 531.018656, "delta": 2.606445}}
{"target": -43.421059094308056, "params": {"C": 304.60464704926744, "epsilon": 0.7622614194177262, "gamma": 0.03457717761186451, "lamda": 0.8872388599361553}, "datetime": {"datetime": "2021-09-24 19:41:07", "elapsed": 534.07407, "delta": 3.055414}}
{"target": -45.386174733806, "params": {"C": 269.7030032980077, "epsilon": 0.5728244623888955, "gamma": 0.11463738555946797, "lamda": 1.1478376594199422}, "datetime": {"datetime": "2021-09-24 19:41:09", "elapsed": 536.099281, "delta": 2.025211}}
{"target": -43.498989943917145, "params": {"C": 326.3482859960607, "epsilon": 0.6370943464295957, "gamma": 0.03539809713138663, "lamda": 0.8927118346287936}, "datetime": {"datetime": "2021-09-24 19:41:12", "elapsed": 538.839885, "delta": 2.740604}}
{"target": -43.89921840605361, "params": {"C": 339.76356976160554, "epsilon": 0.5156746967325934, "gamma": 0.0659439807880768, "lamda": 1.631314442092247}, "datetime": {"datetime": "2021-09-24 19:41:14", "elapsed": 540.920435, "delta": 2.08055}}
{"target": -43.22133210316997, "params": {"C": 337.8772539893127, "epsilon": 0.8290904502742868, "gamma": 0.032581035950371096, "lamda": 1.5403706856929356}, "datetime": {"datetime": "2021-09-24 19:41:16", "elapsed": 542.943207, "delta": 2.022772}}
{"target": -43.178304126311794, "params": {"C": 301.0989780024878, "epsilon": 0.7036336808947813, "gamma": 0.024821146104339845, "lamda": 1.5431508292282252}, "datetime": {"datetime": "2021-09-24 19:41:18", "elapsed": 544.863298, "delta": 1.920091}}
{"target": -44.08972770147784, "params": {"C": 254.02309012868955, "epsilon": 0.8645022620003717, "gamma": 0.004430835761793265, "lamda": 1.2052322367082409}, "datetime": {"datetime": "2021-09-24 19:41:20", "elapsed": 546.960465, "delta": 2.097167}}
{"target": -44.730177044969196, "params": {"C": 267.80329291301507, "epsilon": 0.5301298016245475, "gamma": 0.0730216079055536, "lamda": 0.846316934863808}, "datetime": {"datetime": "2021-09-24 19:41:22", "elapsed": 548.895342, "delta": 1.934877}}
{"target": -43.57440124959782, "params": {"C": 300.88001199566185, "epsilon": 0.7399528900942448, "gamma": 0.00631800983702751, "lamda": 1.1517549827058442}, "datetime": {"datetime": "2021-09-24 19:41:25", "elapsed": 551.84349, "delta": 2.948148}}
{"target": -44.457578672577945, "params": {"C": 313.312337238811, "epsilon": 0.816039567147467, "gamma": 0.002627252918184584, "lamda": 0.962968363563118}, "datetime": {"datetime": "2021-09-24 19:41:29", "elapsed": 555.527741, "delta": 3.684251}}
{"target": -43.787778525920686, "params": {"C": 300.78716171200625, "epsilon": 0.8476467531922072, "gamma": 0.06768413818432871, "lamda": 1.3261913098754468}, "datetime": {"datetime": "2021-09-24 19:41:32", "elapsed": 558.514116, "delta": 2.986375}}
{"target": -44.62348965637864, "params": {"C": 264.82187096290045, "epsilon": 0.9711714259228872, "gamma": 0.10013754221786678, "lamda": 1.0988525695107936}, "datetime": {"datetime": "2021-09-24 19:41:34", "elapsed": 560.628808, "delta": 2.114692}}
{"target": -44.90051798148139, "params": {"C": 292.5345299813061, "epsilon": 0.8319697524037097, "gamma": 0.11551592172440196, "lamda": 1.6799877489462824}, "datetime": {"datetime": "2021-09-24 19:41:36", "elapsed": 562.632604, "delta": 2.003796}}
{"target": -43.528926303267184, "params": {"C": 300.95585828604675, "epsilon": 0.7873306720179045, "gamma": 0.0515151808107308, "lamda": 1.2581015082444413}, "datetime": {"datetime": "2021-09-24 19:41:39", "elapsed": 565.954976, "delta": 3.322372}}
{"target": -43.252354788011715, "params": {"C": 345.98884159860813, "epsilon": 0.716207804991568, "gamma": 0.03328861101611967, "lamda": 1.4096113113373736}, "datetime": {"datetime": "2021-09-24 19:41:41", "elapsed": 567.846891, "delta": 1.891915}}
{"target": -43.885502871527784, "params": {"C": 278.224606786043, "epsilon": 0.5760510786204189, "gamma": 0.06858120695909314, "lamda": 1.6815065876532311}, "datetime": {"datetime": "2021-09-24 19:41:43", "elapsed": 569.859458, "delta": 2.012567}}
{"target": -43.470393684704035, "params": {"C": 272.7379591280615, "epsilon": 0.8448407202956055, "gamma": 0.018019457550707836, "lamda": 1.772347975721196}, "datetime": {"datetime": "2021-09-24 19:41:45", "elapsed": 571.873908, "delta": 2.01445}}
{"target": -43.60699984532039, "params": {"C": 300.81213087653134, "epsilon": 0.736812267995532, "gamma": 0.0051342554520448554, "lamda": 1.0338688621379077}, "datetime": {"datetime": "2021-09-24 19:41:48", "elapsed": 574.806318, "delta": 2.93241}}
{"target": -43.336432998687, "params": {"C": 300.89739449773276, "epsilon": 0.8315686989777779, "gamma": 0.014814034770680117, "lamda": 1.2238316158868001}, "datetime": {"datetime": "2021-09-24 19:41:52", "elapsed": 578.345295, "delta": 3.538977}}
{"target": -43.18599092338518, "params": {"C": 301.0192139083837, "epsilon": 0.7637926633066634, "gamma": 0.025468383615502844, "lamda": 1.2152297002436188}, "datetime": {"datetime": "2021-09-24 19:41:55", "elapsed": 581.942061, "delta": 3.596766}}
{"target": -43.572262114316246, "params": {"C": 242.60981592608925, "epsilon": 0.8877400329970313, "gamma": 0.0562510921334686, "lamda": 1.247602626561255}, "datetime": {"datetime": "2021-09-24 19:41:59", "elapsed": 585.510773, "delta": 3.568712}}
{"target": -43.77478152448995, "params": {"C": 300.9155033976082, "epsilon": 0.7861847889984885, "gamma": 0.0057035015192963895, "lamda": 1.263096501269982}, "datetime": {"datetime": "2021-09-24 19:42:01", "elapsed": 587.974213, "delta": 2.46344}}
{"target": -43.416609815546245, "params": {"C": 269.6002621209145, "epsilon": 0.5528631739421364, "gamma": 0.04286637940710232, "lamda": 1.6878042994384261}, "datetime": {"datetime": "2021-09-24 19:42:04", "elapsed": 590.442258, "delta": 2.468045}}
{"target": -43.37328481903658, "params": {"C": 319.61042569545987, "epsilon": 0.7783823885602805, "gamma": 0.015789638201922807, "lamda": 1.4697515676915778}, "datetime": {"datetime": "2021-09-24 19:42:06", "elapsed": 592.456258, "delta": 2.014}}
{"target": -44.000578720866024, "params": {"C": 334.7112553787162, "epsilon": 0.5435648589089462, "gamma": 0.07386180898597068, "lamda": 1.8686283525300798}, "datetime": {"datetime": "2021-09-24 19:42:08", "elapsed": 595.055697, "delta": 2.599439}}
{"target": -43.92009959051955, "params": {"C": 318.2911627989105, "epsilon": 0.722013888461718, "gamma": 0.07047162339860798, "lamda": 1.4002721618618852}, "datetime": {"datetime": "2021-09-24 19:42:11", "elapsed": 597.802124, "delta": 2.746427}}
{"target": -43.476179490361076, "params": {"C": 270.3849394823124, "epsilon": 0.8404188660120571, "gamma": 0.05411042591410113, "lamda": 1.8367885493599083}, "datetime": {"datetime": "2021-09-24 19:42:13", "elapsed": 599.789595, "delta": 1.987471}}
{"target": -43.29181882816767, "params": {"C": 297.8782218694794, "epsilon": 0.9477505112731208, "gamma": 0.026506600216260588, "lamda": 1.5075746527550253}, "datetime": {"datetime": "2021-09-24 19:42:15", "elapsed": 601.886026, "delta": 2.096431}}
{"target": -43.97091646303523, "params": {"C": 245.094279967061, "epsilon": 0.7146957578496166, "gamma": 0.07349255309759718, "lamda": 1.49207796883126}, "datetime": {"datetime": "2021-09-24 19:42:17", "elapsed": 604.285069, "delta": 2.399043}}
{"target": -43.17214290942285, "params": {"C": 333.19892404014945, "epsilon": 0.5291241101341579, "gamma": 0.024156301292766774, "lamda": 1.7203530958329556}, "datetime": {"datetime": "2021-09-24 19:42:22", "elapsed": 608.453824, "delta": 4.168755}}
{"target": -43.536528180075656, "params": {"C": 303.334833469522, "epsilon": 0.7421977746525874, "gamma": 0.004918524331740879, "lamda": 0.8857278589764381}, "datetime": {"datetime": "2021-09-24 19:42:25", "elapsed": 611.527117, "delta": 3.073293}}
{"target": -43.4417557755204, "params": {"C": 327.7489221278745, "epsilon": 0.7450340696788176, "gamma": 0.00883172382590203, "lamda": 1.1428617484144505}, "datetime": {"datetime": "2021-09-24 19:42:27", "elapsed": 614.275151, "delta": 2.748034}}
{"target": -43.54725771237667, "params": {"C": 242.64030605547876, "epsilon": 0.7481525746568543, "gamma": 0.05208116714452693, "lamda": 1.2810808304867851}, "datetime": {"datetime": "2021-09-24 19:42:30", "elapsed": 616.943353, "delta": 2.668202}}
{"target": -43.37754737018558, "params": {"C": 303.2800947460307, "epsilon": 0.7920031858522757, "gamma": 0.00922477357074444, "lamda": 0.969865211050562}, "datetime": {"datetime": "2021-09-24 19:42:32", "elapsed": 618.791674, "delta": 1.848321}}
{"target": -43.36621293019325, "params": {"C": 300.8057430323362, "epsilon": 0.9166250792271631, "gamma": 0.018237819258113252, "lamda": 1.376407333218311}, "datetime": {"datetime": "2021-09-24 19:42:35", "elapsed": 621.517876, "delta": 2.726202}}
{"target": -43.32385544162068, "params": {"C": 334.7774740437119, "epsilon": 0.5540409389051745, "gamma": 0.03778857349649341, "lamda": 1.8193682091080865}, "datetime": {"datetime": "2021-09-24 19:42:38", "elapsed": 624.958605, "delta": 3.440729}}
{"target": -43.38083057189666, "params": {"C": 304.5662865944429, "epsilon": 0.7712164049390848, "gamma": 0.03153701638662332, "lamda": 0.8632820669315394}, "datetime": {"datetime": "2021-09-24 19:42:41", "elapsed": 627.559473, "delta": 2.600868}}
{"target": -44.25331190237222, "params": {"C": 312.6089851415986, "epsilon": 0.9841654939581274, "gamma": 0.006562222196019957, "lamda": 1.6378650983277905}, "datetime": {"datetime": "2021-09-24 19:42:43", "elapsed": 629.445755, "delta": 1.886282}}
{"target": -43.70883936514733, "params": {"C": 338.35546202829863, "epsilon": 0.7394469550003218, "gamma": 0.0584398038665785, "lamda": 1.160925830343986}, "datetime": {"datetime": "2021-09-24 19:42:45", "elapsed": 631.893741, "delta": 2.447986}}
{"target": -43.564998403716295, "params": {"C": 284.36099866772906, "epsilon": 0.7890096691882311, "gamma": 0.01538477577327426, "lamda": 1.9919322218214965}, "datetime": {"datetime": "2021-09-24 19:42:49", "elapsed": 635.560841, "delta": 3.6671}}
{"target": -44.098209167867736, "params": {"C": 262.3825782873288, "epsilon": 0.5992844837011181, "gamma": 0.08000342814212844, "lamda": 1.8918166995927643}, "datetime": {"datetime": "2021-09-24 19:42:51", "elapsed": 637.602409, "delta": 2.041568}}
{"target": -43.56234712925866, "params": {"C": 283.7687051522168, "epsilon": 0.7423221022756945, "gamma": 0.009815021081671222, "lamda": 1.5538465608401233}, "datetime": {"datetime": "2021-09-24 19:42:54", "elapsed": 640.456322, "delta": 2.853913}}
{"target": -43.19204433262573, "params": {"C": 313.39408777169626, "epsilon": 0.9542170897786123, "gamma": 0.02617466484022536, "lamda": 0.9858667649915209}, "datetime": {"datetime": "2021-09-24 19:42:57", "elapsed": 643.716732, "delta": 3.26041}}
{"target": -43.199170217375844, "params": {"C": 248.3889660782582, "epsilon": 0.6179397425090046, "gamma": 0.030207891042629904, "lamda": 1.7341704266270315}, "datetime": {"datetime": "2021-09-24 19:43:00", "elapsed": 646.652036, "delta": 2.935304}}
{"target": -43.74861885393807, "params": {"C": 338.36910243558185, "epsilon": 0.7234616776564377, "gamma": 0.004516022748372366, "lamda": 1.0969556473591493}, "datetime": {"datetime": "2021-09-24 19:43:03", "elapsed": 649.910153, "delta": 3.258117}}
{"target": -43.229417442815, "params": {"C": 265.8292066566047, "epsilon": 0.6955917827203401, "gamma": 0.03382669536145713, "lamda": 1.6577309918774707}, "datetime": {"datetime": "2021-09-24 19:43:05", "elapsed": 651.843837, "delta": 1.933684}}
{"target": -43.38526184200501, "params": {"C": 322.56624371912613, "epsilon": 0.6802702453267292, "gamma": 0.04477812333610544, "lamda": 1.7518262825676554}, "datetime": {"datetime": "2021-09-24 19:43:07", "elapsed": 653.908405, "delta": 2.064568}}
{"target": -43.72483635894268, "params": {"C": 300.8946359221938, "epsilon": 0.773889680460108, "gamma": 0.06079123563632284, "lamda": 1.1864750700320505}, "datetime": {"datetime": "2021-09-24 19:43:10", "elapsed": 657.234209, "delta": 3.325804}}
{"target": -46.771941757165315, "params": {"C": 305.1478966698967, "epsilon": 0.6392803070268005, "gamma": 0.001, "lamda": 1.0450394471873776}, "datetime": {"datetime": "2021-09-24 19:43:15", "elapsed": 661.743281, "delta": 4.509072}}
{"target": -43.49197901088796, "params": {"C": 335.11809561568793, "epsilon": 0.5143721921572438, "gamma": 0.03479000168253903, "lamda": 1.0790294847931845}, "datetime": {"datetime": "2021-09-24 19:43:17", "elapsed": 663.734518, "delta": 1.991237}}
{"target": -43.26964016415682, "params": {"C": 313.2326966960647, "epsilon": 0.8796958819014431, "gamma": 0.01431696642466097, "lamda": 0.9577759191293372}, "datetime": {"datetime": "2021-09-24 19:43:20", "elapsed": 666.505496, "delta": 2.770978}}
{"target": -43.24998110625945, "params": {"C": 483.2074546693896, "epsilon": 0.8540739113090524, "gamma": 0.03561766393064037, "lamda": 1.4129931262371955}, "datetime": {"datetime": "2021-09-24 19:51:42", "elapsed": 0.0, "delta": 0.0}}
{"target": -43.29330070996712, "params": {"C": 572.1662081303903, "epsilon": 0.948146544466719, "gamma": 0.015944651945196512, "lamda": 1.048691453765824}, "datetime": {"datetime": "2021-09-24 19:51:42", "elapsed": 0.246638, "delta": 0.246638}}
{"target": -43.97160104031309, "params": {"C": 353.3814728582158, "epsilon": 0.7204049218253182, "gamma": 0.004555269094549468, "lamda": 1.3481998692736532}, "datetime": {"datetime": "2021-09-24 19:51:42", "elapsed": 0.455498, "delta": 0.20886}}
{"target": -44.24210303638332, "params": {"C": 508.77745237983777, "epsilon": 0.6392436413239877, "gamma": 0.08147433333563561, "lamda": 1.509035380899621}, "datetime": {"datetime": "2021-09-24 19:51:43", "elapsed": 0.669644, "delta": 0.214146}}
{"target": -43.23300233483032, "params": {"C": 346.235289418063, "epsilon": 0.7794270439954409, "gamma": 0.03185104118198838, "lamda": 1.2981214364120837}, "datetime": {"datetime": "2021-09-24 19:51:43", "elapsed": 0.874469, "delta": 0.204825}}
{"target": -43.511969399105816, "params": {"C": 421.30880817455613, "epsilon": 0.8409055884266539, "gamma": 0.04325613633013462, "lamda": 0.9178928228283262}, "datetime": {"datetime": "2021-09-24 19:51:43", "elapsed": 1.144594, "delta": 0.270125}}
{"target": -44.90458685773652, "params": {"C": 346.3053221617241, "epsilon": 0.6424937206380694, "gamma": 0.09659383707365472, "lamda": 1.1021937256188417}, "datetime": {"datetime": "2021-09-24 19:51:44", "elapsed": 1.469186, "delta": 0.324592}}
{"target": -43.36878142631335, "params": {"C": 373.64247197930274, "epsilon": 0.9359148351777621, "gamma": 0.026170865816713865, "lamda": 1.7152874138361776}, "datetime": {"datetime": "2021-09-24 19:51:44", "elapsed": 1.738842, "delta": 0.269656}}
{"target": -44.209413057626215, "params": {"C": 537.830044735712, "epsilon": 0.7507923036720182, "gamma": 0.08357461334689388, "lamda": 1.4719601457884028}, "datetime": {"datetime": "2021-09-24 19:51:44", "elapsed": 2.018771, "delta": 0.279929}}
{"target": -44.39874354070516, "params": {"C": 580.883358188504, "epsilon": 0.7326379107033687, "gamma": 0.07724542923429265, "lamda": 0.9346996372897292}, "datetime": {"datetime": "2021-09-24 19:51:44", "elapsed": 2.324543, "delta": 0.305772}}
{"target": -43.85829091553465, "params": {"C": 392.35648143660603, "epsilon": 0.7501025294579031, "gamma": 0.0752122267128599, "lamda": 1.9921615875070668}, "datetime": {"datetime": "2021-09-24 19:51:45", "elapsed": 2.581043, "delta": 0.2565}}
{"target": -44.62324268216018, "params": {"C": 399.4725280653235, "epsilon": 0.8769493357426992, "gamma": 0.10518571810016096, "lamda": 1.7366682496087245}, "datetime": {"datetime": "2021-09-24 19:51:45", "elapsed": 2.879669, "delta": 0.298626}}
{"target": -45.395043156626194, "params": {"C": 573.7778371682367, "epsilon": 0.5856917246734388, "gamma": 0.10696545534310328, "lamda": 0.9813359688182661}, "datetime": {"datetime": "2021-09-24 19:51:45", "elapsed": 3.158073, "delta": 0.278404}}
{"target": -44.37673038349422, "params": {"C": 463.69925918334263, "epsilon": 0.9467914355102501, "gamma": 0.08492087135178235, "lamda": 0.9614525080995788}, "datetime": {"datetime": "2021-09-24 19:51:46", "elapsed": 3.457695, "delta": 0.299622}}
{"target": -43.25952670568494, "params": {"C": 564.9327650610752, "epsilon": 0.7407227940973402, "gamma": 0.026689675633000814, "lamda": 1.8150414620883601}, "datetime": {"datetime": "2021-09-24 19:51:46", "elapsed": 3.727398, "delta": 0.269703}}
{"target": -44.60402409310348, "params": {"C": 562.869142626845, "epsilon": 0.6915824394811008, "gamma": 0.09376810313570694, "lamda": 1.3005685776339106}, "datetime": {"datetime": "2021-09-24 19:51:46", "elapsed": 4.011419, "delta": 0.284021}}
{"target": -43.209380802408326, "params": {"C": 360.535123161745, "epsilon": 0.6434932408949836, "gamma": 0.023000525245592204, "lamda": 1.6912560221648438}, "datetime": {"datetime": "2021-09-24 19:51:46", "elapsed": 4.291296, "delta": 0.279877}}
