{"target": -44.17209790374718, "params": {"C": 171.2042353812506, "epsilon": 0.8305853244968315, "gamma": 0.07091460025632772, "lamda": 0.8459602886197215}, "datetime": {"datetime": "2021-09-24 19:28:52", "elapsed": 672.766978, "delta": 2.31723}}
{"target": -43.229417442815, "params": {"C": 165.8292066566047, "epsilon": 0.6955917827203401, "gamma": 0.03382669536145713, "lamda": 1.6577309918774707}, "datetime": {"datetime": "2021-09-24 19:28:54", "elapsed": 674.949394, "delta": 2.182416}}
{"target": -43.38526184200501, "params": {"C": 222.56624371912613, "epsilon": 0.6802702453267292, "gamma": 0.04477812333610544, "lamda": 1.7518262825676554}, "datetime": {"datetime": "2021-09-24 19:28:56", "elapsed": 677.124095, "delta": 2.174701}}
{"target": -43.188564323273475, "params": {"C": 174.4256197458293, "epsilon": 0.8561222245551351, "gamma": 0.019519718236073225, "lamda": 0.812095526676333}, "datetime": {"datetime": "2021-09-24 19:28:58", "elapsed": 679.247252, "delta": 2.123157}}
{"target": -43.3142140234845, "params": {"C": 198.35131974015093, "epsilon": 0.919174574400062, "gamma": 0.04132101817364638, "lamda": 1.7099395911524264}, "datetime": {"datetime": "2021-09-24 19:29:01", "elapsed": 681.466799, "delta": 2.219547}}
{"target": -43.4933287439366, "params": {"C": 235.11809561568793, "epsilon": 0.5143721921572438, "gamma": 0.03479000168253903, "lamda": 1.0790294847931845}, "datetime": {"datetime": "2021-09-24 19:29:03", "elapsed": 683.671318, "delta": 2.204519}}
{"target": -43.26964016415682, "params": {"C": 213.2326966960647, "epsilon": 0.8796958819014431, "gamma": 0.01431696642466097, "lamda": 0.9577759191293372}, "datetime": {"datetime": "2021-09-24 19:29:06", "elapsed": 686.743213, "delta": 3.071895}}
{"target": -43.24998110625945, "params": {"C": 300.58776928320333, "epsilon": 0.8540739113090524, "gamma": 0.03561766393064037, "lamda": 1.4129931262371955}, "datetime": {"datetime": "2021-09-24 19:32:13", "elapsed": 0.0, "delta": 0.0}}
{"target": -43.29330070996712, "params": {"C": 338.224164978242, "epsilon": 0.948146544466719, "gamma": 0.015944651945196512, "lamda": 1.048691453765824}, "datetime": {"datetime": "2021-09-24 19:32:13", "elapsed": 0.28671, "delta": 0.28671}}
{"target": -43.97160104031309, "params": {"C": 245.6613923630913, "epsilon": 0.7204049218253182, "gamma": 0.004555269094549468, "lamda": 1.3481998692736532}, "datetime": {"datetime": "2021-09-24 19:32:14", "elapsed": 0.517621, "delta": 0.230911}}
{"target": -44.24210303638332, "params": {"C": 311.4058452376237, "epsilon": 0.6392436413239877, "gamma": 0.08147433333563561, "lamda": 1.509035380899621}, "datetime": {"datetime": "2021-09-24 19:32:14", "elapsed": 0.775011, "delta": 0.25739}}
{"target": -43.23300233483032, "params": {"C": 242.6380070614882, "epsilon": 0.7794270439954409, "gamma": 0.03185104118198838, "lamda": 1.2981214364120837}, "datetime": {"datetime": "2021-09-24 19:32:14", "elapsed": 1.00049, "delta": 0.225479}}
{"target": -43.511969399105816, "params": {"C": 274.39988038154297, "epsilon": 0.8409055884266539, "gamma": 0.04325613633013462, "lamda": 0.9178928228283262}, "datetime": {"datetime": "2021-09-24 19:32:15", "elapsed": 1.36435, "delta": 0.36386}}
{"target": -43.28183993630016, "params": {"C": 274.4538415016715, "epsilon": 0.8173227063272224, "gamma": 0.011818451417334837, "lamda": 0.8945536412902366}, "datetime": {"datetime": "2021-09-24 19:32:15", "elapsed": 1.715579, "delta": 0.351229}}
{"target": -44.2004517236506, "params": {"C": 242.56318314405547, "epsilon": 0.6969990859681069, "gamma": 0.07528166267448118, "lamda": 1.159643593068176}, "datetime": {"datetime": "2021-09-24 19:32:15", "elapsed": 2.032246, "delta": 0.316667}}
{"target": -43.43367102596977, "params": {"C": 274.52848949062957, "epsilon": 0.8117879020075451, "gamma": 0.03477676043713655, "lamda": 0.817316794620837}, "datetime": {"datetime": "2021-09-24 19:32:16", "elapsed": 2.402096, "delta": 0.36985}}
{"target": -44.39874354070516, "params": {"C": 341.9121900028286, "epsilon": 0.7326379107033687, "gamma": 0.07724542923429265, "lamda": 0.9346996372897292}, "datetime": {"datetime": "2021-09-24 19:32:16", "elapsed": 2.738799, "delta": 0.336703}}
{"target": -43.192554269807005, "params": {"C": 242.710306538498, "epsilon": 0.8867466505015676, "gamma": 0.02567035230250639, "lamda": 1.31719871856973}, "datetime": {"datetime": "2021-09-24 19:32:16", "elapsed": 3.024049, "delta": 0.28525}}
{"target": -43.50927448932451, "params": {"C": 242.73098499046174, "epsilon": 0.8320855232779449, "gamma": 0.05345121338744852, "lamda": 1.4538927843204434}, "datetime": {"datetime": "2021-09-24 19:32:17", "elapsed": 3.356241, "delta": 0.332192}}
{"target": -45.022294338466075, "params": {"C": 300.4899889875256, "epsilon": 0.7156792156178582, "gamma": 0.11497320595890219, "lamda": 1.3908212450649025}, "datetime": {"datetime": "2021-09-24 19:32:17", "elapsed": 3.720183, "delta": 0.363942}}
{"target": -44.37673038349422, "params": {"C": 292.3343019621834, "epsilon": 0.9467914355102501, "gamma": 0.08492087135178235, "lamda": 0.9614525080995788}, "datetime": {"datetime": "2021-09-24 19:32:17", "elapsed": 4.059299, "delta": 0.339116}}
{"target": -43.25952670568494, "params": {"C": 335.1638621412241, "epsilon": 0.7407227940973402, "gamma": 0.026689675633000814, "lamda": 1.8150414620883601}, "datetime": {"datetime": "2021-09-24 19:32:18", "elapsed": 4.360185, "delta": 0.300886}}
{"target": -43.36177260052723, "params": {"C": 300.5925885472066, "epsilon": 0.819492105864715, "gamma": 0.0177426260967952, "lamda": 1.4891032867047684}, "datetime": {"datetime": "2021-09-24 19:32:18", "elapsed": 4.692332, "delta": 0.332147}}
{"target": -43.209380802408326, "params": {"C": 248.68793672227673, "epsilon": 0.6434932408949836, "gamma": 0.023000525245592204, "lamda": 1.6912560221648438}, "datetime": {"datetime": "2021-09-24 19:32:18", "elapsed": 4.993049, "delta": 0.300717}}
{"target": -44.76279851381644, "params": {"C": 245.99678484855957, "epsilon": 0.9089769691377881, "gamma": 0.10601345792220954, "lamda": 1.1701031915847329}, "datetime": {"datetime": "2021-09-24 19:32:19", "elapsed": 5.309556, "delta": 0.316507}}
{"target": -43.602417766186484, "params": {"C": 248.61331081660705, "epsilon": 0.7248006067247736, "gamma": 0.059041150663302254, "lamda": 1.5508766265953176}, "datetime": {"datetime": "2021-09-24 19:32:19", "elapsed": 5.648297, "delta": 0.338741}}
{"target": -43.50206513788854, "params": {"C": 300.7870752743968, "epsilon": 0.9082093104192452, "gamma": 0.05455204842303561, "lamda": 1.5257421481347064}, "datetime": {"datetime": "2021-09-24 19:32:19", "elapsed": 5.963792, "delta": 0.315495}}
{"target": -43.425341277116864, "params": {"C": 300.61809383765456, "epsilon": 0.8227553942189333, "gamma": 0.048174409549477944, "lamda": 1.563536263593606}, "datetime": {"datetime": "2021-09-24 19:32:19", "elapsed": 6.279888, "delta": 0.316096}}
{"target": -47.47251134501349, "params": {"C": 247.66541624896686, "epsilon": 0.9879270946458447, "gamma": 0.0024506516350865813, "lamda": 1.9444498928399605}, "datetime": {"datetime": "2021-09-24 19:32:20", "elapsed": 6.61201, "delta": 0.332122}}
{"target": -44.49283552277299, "params": {"C": 249.0408508716369, "epsilon": 0.701683444217884, "gamma": 0.09774948515006518, "lamda": 1.7129768302997488}, "datetime": {"datetime": "2021-09-24 19:32:20", "elapsed": 6.965973, "delta": 0.353963}}
{"target": -44.33432687235772, "params": {"C": 322.6377694874091, "epsilon": 0.9228116489950913, "gamma": 0.09339459019775401, "lamda": 1.4842842812517358}, "datetime": {"datetime": "2021-09-24 19:32:20", "elapsed": 7.282081, "delta": 0.316108}}
{"target": -44.207560923649986, "params": {"C": 274.34891275479885, "epsilon": 0.5710197904593725, "gamma": 0.08141345924270108, "lamda": 1.7668057699591695}, "datetime": {"datetime": "2021-09-24 19:32:21", "elapsed": 7.59852, "delta": 0.316439}}
{"target": -43.42466091990091, "params": {"C": 248.57254898701103, "epsilon": 0.5570560351667777, "gamma": 0.046811549978820775, "lamda": 1.968088188391986}, "datetime": {"datetime": "2021-09-24 19:32:21", "elapsed": 7.968099, "delta": 0.369579}}
{"target": -49.823782765108675, "params": {"C": 242.40610355929178, "epsilon": 1.0, "gamma": 0.001, "lamda": 1.425700349346195}, "datetime": {"datetime": "2021-09-24 19:32:22", "elapsed": 8.384942, "delta": 0.416843}}
{"target": -43.40977970298269, "params": {"C": 262.813802412919, "epsilon": 0.9124856970586996, "gamma": 0.026855167890559535, "lamda": 1.9037750660905264}, "datetime": {"datetime": "2021-09-24 19:32:22", "elapsed": 8.701455, "delta": 0.316513}}
{"target": -44.63649379460844, "params": {"C": 242.8612058703346, "epsilon": 0.8072921078256591, "gamma": 0.09791067731576573, "lamda": 1.2123619027602413}, "datetime": {"datetime": "2021-09-24 19:32:22", "elapsed": 9.055539, "delta": 0.354084}}
{"target": -43.173066515763935, "params": {"C": 274.72806497773973, "epsilon": 0.7190537079444699, "gamma": 0.01877386712746221, "lamda": 1.0800838524177814}, "datetime": {"datetime": "2021-09-24 19:32:23", "elapsed": 9.440952, "delta": 0.385413}}
{"target": -43.765447689219066, "params": {"C": 274.50156425276805, "epsilon": 0.6257007187372293, "gamma": 0.05825485426898979, "lamda": 1.2562771314156236}, "datetime": {"datetime": "2021-09-24 19:32:23", "elapsed": 9.862751, "delta": 0.421799}}
{"target": -43.93131028883888, "params": {"C": 335.16511427270456, "epsilon": 0.7490588818620336, "gamma": 0.07644337316759987, "lamda": 1.755902362488516}, "datetime": {"datetime": "2021-09-24 19:32:23", "elapsed": 10.145232, "delta": 0.282481}}
{"target": -43.454389647797186, "params": {"C": 334.8754926748853, "epsilon": 0.6712279911136918, "gamma": 0.015981173711048444, "lamda": 1.9755503693571155}, "datetime": {"datetime": "2021-09-24 19:32:24", "elapsed": 10.530737, "delta": 0.385505}}
{"target": -50.99453147034285, "params": {"C": 335.11950916953106, "epsilon": 0.9257579178594599, "gamma": 0.001, "lamda": 2.0}, "datetime": {"datetime": "2021-09-24 19:32:24", "elapsed": 10.947537, "delta": 0.4168}}
{"target": -43.23082310150071, "params": {"C": 269.60051532716113, "epsilon": 0.516525829340904, "gamma": 0.017672598558287192, "lamda": 1.7311975897944285}, "datetime": {"datetime": "2021-09-24 19:32:25", "elapsed": 11.301843, "delta": 0.354306}}
{"target": -45.96899721030949, "params": {"C": 335.2816785408339, "epsilon": 0.5258166971070887, "gamma": 0.0018608384743745037, "lamda": 1.832684403803249}, "datetime": {"datetime": "2021-09-24 19:32:25", "elapsed": 11.719428, "delta": 0.417585}}
{"target": -43.47093417151755, "params": {"C": 293.6470320664979, "epsilon": 0.7777998345115912, "gamma": 0.03895884071903981, "lamda": 0.921264337040671}, "datetime": {"datetime": "2021-09-24 19:32:25", "elapsed": 12.072717, "delta": 0.353289}}
{"target": -43.4555598981525, "params": {"C": 274.56080969926916, "epsilon": 0.6310715163579436, "gamma": 0.035517650885418736, "lamda": 1.008396248981169}, "datetime": {"datetime": "2021-09-24 19:32:26", "elapsed": 12.504506, "delta": 0.431789}}
{"target": -43.513795337399, "params": {"C": 262.7690470216964, "epsilon": 0.9218004420476991, "gamma": 0.020644920660650847, "lamda": 1.9047570727206256}, "datetime": {"datetime": "2021-09-24 19:32:26", "elapsed": 12.874496, "delta": 0.36999}}
{"target": -43.81360355186853, "params": {"C": 274.68026401218606, "epsilon": 0.973902327455346, "gamma": 0.06624594764827998, "lamda": 1.0300015643968687}, "datetime": {"datetime": "2021-09-24 19:32:27", "elapsed": 13.526651, "delta": 0.652155}}
{"target": -43.25676119134946, "params": {"C": 248.40948509144243, "epsilon": 0.5862760617656471, "gamma": 0.01884786462785819, "lamda": 1.7479187388997584}, "datetime": {"datetime": "2021-09-24 19:32:27", "elapsed": 14.034987, "delta": 0.508336}}
{"target": -43.21321323318838, "params": {"C": 300.6002820079725, "epsilon": 0.8308005417244073, "gamma": 0.03228981369470512, "lamda": 1.3982030065720137}, "datetime": {"datetime": "2021-09-24 19:32:28", "elapsed": 14.420602, "delta": 0.385615}}
{"target": -43.861125055233295, "params": {"C": 267.87607465517397, "epsilon": 0.9652791086044262, "gamma": 0.07570957744760543, "lamda": 1.6602435231144006}, "datetime": {"datetime": "2021-09-24 19:32:28", "elapsed": 14.823461, "delta": 0.402859}}
{"target": -44.139034643411286, "params": {"C": 248.54080283017916, "epsilon": 0.7951110047901893, "gamma": 0.08648430686622649, "lamda": 1.839912364263122}, "datetime": {"datetime": "2021-09-24 19:32:29", "elapsed": 15.346348, "delta": 0.522887}}
{"target": -43.19275820246764, "params": {"C": 300.80691108099694, "epsilon": 0.8925438679103008, "gamma": 0.027964446158773814, "lamda": 1.266838826760517}, "datetime": {"datetime": "2021-09-24 19:32:29", "elapsed": 15.838173, "delta": 0.491825}}
{"target": -43.19668547974828, "params": {"C": 334.74066337296523, "epsilon": 0.5407749214210404, "gamma": 0.021613253905577452, "lamda": 1.8280412860250574}, "datetime": {"datetime": "2021-09-24 19:32:30", "elapsed": 16.337207, "delta": 0.499034}}
{"target": -48.7178190306181, "params": {"C": 334.9472835151183, "epsilon": 0.624893429829224, "gamma": 0.001, "lamda": 1.73864883329925}, "datetime": {"datetime": "2021-09-24 19:32:30", "elapsed": 16.873131, "delta": 0.535924}}
{"target": -44.216649644430035, "params": {"C": 334.4730375617916, "epsilon": 0.6713017129942014, "gamma": 0.08771329230224312, "lamda": 1.9411472951017805}, "datetime": {"datetime": "2021-09-24 19:32:31", "elapsed": 17.344189, "delta": 0.471058}}
{"target": -43.45202748195747, "params": {"C": 248.46527469743657, "epsilon": 0.5146122717637489, "gamma": 0.04081214013630621, "lamda": 1.5239947407037047}, "datetime": {"datetime": "2021-09-24 19:32:31", "elapsed": 17.792958, "delta": 0.448769}}
{"target": -44.74883653452161, "params": {"C": 334.6488995862179, "epsilon": 0.5893825154165406, "gamma": 0.10705194988481369, "lamda": 1.9618320273314485}, "datetime": {"datetime": "2021-09-24 19:32:31", "elapsed": 18.246134, "delta": 0.453176}}
{"target": -43.38231521186548, "params": {"C": 303.36804789030737, "epsilon": 0.7827128562024099, "gamma": 0.03321920186966606, "lamda": 0.9159988382880565}, "datetime": {"datetime": "2021-09-24 19:32:32", "elapsed": 18.647004, "delta": 0.40087}}
{"target": -43.22191413723855, "params": {"C": 300.9327031113577, "epsilon": 0.6993244686743154, "gamma": 0.03046642540122408, "lamda": 1.378039324216807}, "datetime": {"datetime": "2021-09-24 19:32:32", "elapsed": 19.095087, "delta": 0.448083}}
{"target": -43.51413286944582, "params": {"C": 322.517708818314, "epsilon": 0.7576757318558753, "gamma": 0.04559012725712613, "lamda": 1.0928381303315478}, "datetime": {"datetime": "2021-09-24 19:32:33", "elapsed": 19.450956, "delta": 0.355869}}
{"target": -43.45171274614059, "params": {"C": 301.06443755450334, "epsilon": 0.7948139051482925, "gamma": 0.04481115806670257, "lamda": 1.1790738732735835}, "datetime": {"datetime": "2021-09-24 19:32:33", "elapsed": 20.019673, "delta": 0.568717}}
{"target": -47.32800981261479, "params": {"C": 248.70387569165445, "epsilon": 0.5, "gamma": 0.001, "lamda": 1.5395057372263576}, "datetime": {"datetime": "2021-09-24 19:32:34", "elapsed": 20.46774, "delta": 0.448067}}
{"target": -43.20053261750449, "params": {"C": 300.73403345330064, "epsilon": 0.7721066250433501, "gamma": 0.02664694166255199, "lamda": 1.1329681963943334}, "datetime": {"datetime": "2021-09-24 19:32:34", "elapsed": 20.986412, "delta": 0.518672}}
{"target": -43.90802782087894, "params": {"C": 319.4037920644698, "epsilon": 0.8510774502102199, "gamma": 0.07042705007857473, "lamda": 1.2205190331399187}, "datetime": {"datetime": "2021-09-24 19:32:35", "elapsed": 21.385604, "delta": 0.399192}}
{"target": -43.18794302993869, "params": {"C": 269.74850422829763, "epsilon": 0.657105269827781, "gamma": 0.02350606582640516, "lamda": 1.1895400949759267}, "datetime": {"datetime": "2021-09-24 19:32:35", "elapsed": 21.791624, "delta": 0.40602}}
{"target": -44.73038014921395, "params": {"C": 300.7841447069417, "epsilon": 0.6846977008668189, "gamma": 0.09940292349039981, "lamda": 1.3290358806354852}, "datetime": {"datetime": "2021-09-24 19:32:35", "elapsed": 22.277689, "delta": 0.486065}}
{"target": -45.717789720104406, "params": {"C": 300.9939440820801, "epsilon": 0.9160594823474637, "gamma": 0.002669234012550533, "lamda": 1.3944406181827798}, "datetime": {"datetime": "2021-09-24 19:32:36", "elapsed": 22.893387, "delta": 0.615698}}
{"target": -43.299712017603525, "params": {"C": 326.34596537975045, "epsilon": 0.5910260143433528, "gamma": 0.0074237321480032335, "lamda": 0.8664120419736108}, "datetime": {"datetime": "2021-09-24 19:32:37", "elapsed": 23.348546, "delta": 0.455159}}
{"target": -45.03416279116882, "params": {"C": 300.6234614101564, "epsilon": 0.910811754128168, "gamma": 0.11664197822802494, "lamda": 1.1520454472160166}, "datetime": {"datetime": "2021-09-24 19:32:37", "elapsed": 23.796852, "delta": 0.448306}}
{"target": -43.371687504302365, "params": {"C": 248.38556403064143, "epsilon": 0.7062238421285603, "gamma": 0.042069459171294135, "lamda": 1.5244366918020422}, "datetime": {"datetime": "2021-09-24 19:32:37", "elapsed": 24.272352, "delta": 0.4755}}
{"target": -44.33347303642195, "params": {"C": 301.0173746726994, "epsilon": 0.5855074644009868, "gamma": 0.07684169449017045, "lamda": 1.2289607246590848}, "datetime": {"datetime": "2021-09-24 19:32:38", "elapsed": 24.986188, "delta": 0.713836}}
{"target": -44.97874704078971, "params": {"C": 333.9391033244798, "epsilon": 0.5245509411255742, "gamma": 0.11256324120559737, "lamda": 1.8451126897694274}, "datetime": {"datetime": "2021-09-24 19:32:39", "elapsed": 25.43715, "delta": 0.450962}}
{"target": -44.94522014058982, "params": {"C": 253.12038283924213, "epsilon": 0.720421676473783, "gamma": 0.003241683205548508, "lamda": 1.6248849657286302}, "datetime": {"datetime": "2021-09-24 19:32:39", "elapsed": 25.855133, "delta": 0.417983}}
{"target": -44.95824204536739, "params": {"C": 248.32117846615364, "epsilon": 0.5091879646043607, "gamma": 0.10543435154481345, "lamda": 1.6101984371528069}, "datetime": {"datetime": "2021-09-24 19:32:40", "elapsed": 26.359523, "delta": 0.50439}}
{"target": -43.95017408934986, "params": {"C": 300.9052145982605, "epsilon": 0.8601631961043027, "gamma": 0.0703834306322077, "lamda": 1.1238661054758081}, "datetime": {"datetime": "2021-09-24 19:32:40", "elapsed": 26.963482, "delta": 0.603959}}
{"target": -44.01016783990108, "params": {"C": 281.8307426007813, "epsilon": 0.8674601404951217, "gamma": 0.07359858820115524, "lamda": 1.1666008993236052}, "datetime": {"datetime": "2021-09-24 19:32:41", "elapsed": 27.396025, "delta": 0.432543}}
{"target": -47.63147250718313, "params": {"C": 274.5743706720331, "epsilon": 0.8044653482488492, "gamma": 0.001, "lamda": 1.0435586097322456}, "datetime": {"datetime": "2021-09-24 19:32:41", "elapsed": 28.002761, "delta": 0.606736}}
{"target": -43.19519830709468, "params": {"C": 313.2836780703649, "epsilon": 0.9133161647066548, "gamma": 0.018638156704509534, "lamda": 0.9297111236968343}, "datetime": {"datetime": "2021-09-24 19:32:42", "elapsed": 28.43527, "delta": 0.432509}}
{"target": -43.30714153463104, "params": {"C": 270.56219106350983, "epsilon": 0.9249146377899042, "gamma": 0.0265492632742135, "lamda": 1.5837431647824003}, "datetime": {"datetime": "2021-09-24 19:32:42", "elapsed": 28.842976, "delta": 0.407706}}
{"target": -43.35862725717211, "params": {"C": 253.4127777307873, "epsilon": 0.8203313834075733, "gamma": 0.04217916010902187, "lamda": 1.3934286463670436}, "datetime": {"datetime": "2021-09-24 19:32:43", "elapsed": 29.316371, "delta": 0.473395}}
{"target": -43.180785510996195, "params": {"C": 248.51746793021928, "epsilon": 0.6597077870819283, "gamma": 0.02621543407565303, "lamda": 1.6708315195164098}, "datetime": {"datetime": "2021-09-24 19:32:43", "elapsed": 29.881158, "delta": 0.564787}}
{"target": -43.684733670347114, "params": {"C": 274.8455925449747, "epsilon": 0.7265726914116417, "gamma": 0.0574803577761691, "lamda": 1.1813970784243504}, "datetime": {"datetime": "2021-09-24 19:32:44", "elapsed": 30.509242, "delta": 0.628084}}
{"target": -49.3890162386729, "params": {"C": 248.46568361040144, "epsilon": 0.7896057492626933, "gamma": 0.001, "lamda": 1.6252359938847625}, "datetime": {"datetime": "2021-09-24 19:32:44", "elapsed": 31.164453, "delta": 0.655211}}
{"target": -43.411823659342936, "params": {"C": 331.78216446061117, "epsilon": 0.6395512642646929, "gamma": 0.03342116449181258, "lamda": 1.0194752391224047}, "datetime": {"datetime": "2021-09-24 19:32:45", "elapsed": 31.6191, "delta": 0.454647}}
{"target": -43.640606638017665, "params": {"C": 274.6953939122998, "epsilon": 0.6170171417854906, "gamma": 0.0483821420763044, "lamda": 1.0884591227633698}, "datetime": {"datetime": "2021-09-24 19:32:45", "elapsed": 32.192089, "delta": 0.572989}}
{"target": -43.482200275250705, "params": {"C": 300.80166287467387, "epsilon": 0.8880444508753161, "gamma": 0.053071272095409155, "lamda": 1.5569538989607414}, "datetime": {"datetime": "2021-09-24 19:32:46", "elapsed": 32.652302, "delta": 0.460213}}
{"target": -43.52925624776818, "params": {"C": 318.30058433499346, "epsilon": 0.8120235585590034, "gamma": 0.011708478311762669, "lamda": 1.521416163933751}, "datetime": {"datetime": "2021-09-24 19:32:46", "elapsed": 33.100373, "delta": 0.448071}}
{"target": -43.86618946004987, "params": {"C": 252.3592781540112, "epsilon": 0.5350836384112667, "gamma": 0.054781524223562396, "lamda": 1.1383065173992393}, "datetime": {"datetime": "2021-09-24 19:32:47", "elapsed": 33.601527, "delta": 0.501154}}
{"target": -44.46704118650528, "params": {"C": 248.4783764014407, "epsilon": 0.5765998670163439, "gamma": 0.09077877139662768, "lamda": 1.6726028171940732}, "datetime": {"datetime": "2021-09-24 19:32:48", "elapsed": 34.397494, "delta": 0.795967}}
