{"target": -43.507773194088166, "params": {"C": 39.53085701949344, "epsilon": 0.001, "gamma": 0.011179661251343846, "lamda": 0.001}, "datetime": {"datetime": "2021-09-24 17:23:43", "elapsed": 176.659127, "delta": 1.493114}}
{"target": -43.66378669085763, "params": {"C": 42.24751683188108, "epsilon": 0.9261254043692266, "gamma": 0.018699335455677427, "lamda": 0.8044439663564991}, "datetime": {"datetime": "2021-09-24 17:23:45", "elapsed": 178.126305, "delta": 1.467178}}
{"target": -45.861847689667755, "params": {"C": 42.248928292849946, "epsilon": 0.9501964446048338, "gamma": 0.1474728735091272, "lamda": 0.9562326907721401}, "datetime": {"datetime": "2021-09-24 17:23:46", "elapsed": 179.488093, "delta": 1.361788}}
{"target": -43.70967328464974, "params": {"C": 42.6129439716812, "epsilon": 0.26513466827211374, "gamma": 0.014201399414586369, "lamda": 0.43369958615215953}, "datetime": {"datetime": "2021-09-24 17:23:48", "elapsed": 181.1213, "delta": 1.633207}}
{"target": -51.22375378122967, "params": {"C": 38.7447664499363, "epsilon": 0.5970117503165505, "gamma": 0.4990229625263585, "lamda": 0.5082455860302466}, "datetime": {"datetime": "2021-09-24 17:23:48", "elapsed": 181.893245, "delta": 0.771945}}
{"target": -46.88210466929259, "params": {"C": 27.50723138562262, "epsilon": 0.6371029171540449, "gamma": 0.25281290529147676, "lamda": 0.2687534373491932}, "datetime": {"datetime": "2021-09-24 17:23:49", "elapsed": 182.827965, "delta": 0.93472}}
{"target": -45.529514701283524, "params": {"C": 42.75166794905621, "epsilon": 0.17683053255048042, "gamma": 0.1343011336462745, "lamda": 0.5394987978975995}, "datetime": {"datetime": "2021-09-24 17:23:51", "elapsed": 184.171949, "delta": 1.343984}}
{"target": -49.674879008647295, "params": {"C": 42.818026057699726, "epsilon": 0.1767370405403353, "gamma": 0.001, "lamda": 0.289002831158847}, "datetime": {"datetime": "2021-09-24 17:23:53", "elapsed": 186.301356, "delta": 2.129407}}
{"target": -50.69138410658622, "params": {"C": 28.249900188553777, "epsilon": 0.2389874007272982, "gamma": 0.4063521608243413, "lamda": 0.738048849077797}, "datetime": {"datetime": "2021-09-24 17:23:54", "elapsed": 187.149394, "delta": 0.848038}}
{"target": -46.74840010329081, "params": {"C": 10.940110809443684, "epsilon": 0.7660856622893266, "gamma": 0.00868715668384595, "lamda": 0.9157986012389449}, "datetime": {"datetime": "2021-09-24 17:23:55", "elapsed": 188.63836, "delta": 1.488966}}
{"target": -44.925817414312824, "params": {"C": 33.83048892653025, "epsilon": 0.7189368800735763, "gamma": 0.11968073305697352, "lamda": 0.07598235936988688}, "datetime": {"datetime": "2021-09-24 17:23:57", "elapsed": 190.168362, "delta": 1.530002}}
{"target": -45.08751952456943, "params": {"C": 39.659184628014685, "epsilon": 0.1040703512310181, "gamma": 0.11983892753059273, "lamda": 0.07911595624691785}, "datetime": {"datetime": "2021-09-24 17:23:59", "elapsed": 192.037451, "delta": 1.869089}}
{"target": -44.65615598451968, "params": {"C": 11.244481820152078, "epsilon": 0.9854715723565667, "gamma": 0.018264527431537954, "lamda": 0.9591680889589262}, "datetime": {"datetime": "2021-09-24 17:24:00", "elapsed": 193.788034, "delta": 1.750583}}
{"target": -48.92409164512734, "params": {"C": 3.2652378537736095, "epsilon": 0.4086620791251908, "gamma": 0.08261242375516215, "lamda": 0.5916968168648864}, "datetime": {"datetime": "2021-09-24 17:24:01", "elapsed": 194.805991, "delta": 1.017957}}
{"target": -44.75323245357091, "params": {"C": 33.76321723321938, "epsilon": 0.8416771766906145, "gamma": 0.10388211887067396, "lamda": 0.2916194020010529}, "datetime": {"datetime": "2021-09-24 17:24:03", "elapsed": 196.512489, "delta": 1.706498}}
{"target": -47.21060283885431, "params": {"C": 4.300399414562021, "epsilon": 0.9575943970919494, "gamma": 0.03293493825906311, "lamda": 0.6027997192674998}, "datetime": {"datetime": "2021-09-24 17:24:04", "elapsed": 197.468923, "delta": 0.956434}}
{"target": -47.16813658070986, "params": {"C": 33.70963777230915, "epsilon": 0.8978466559865224, "gamma": 0.28365947618316867, "lamda": 0.17442378030020753}, "datetime": {"datetime": "2021-09-24 17:24:05", "elapsed": 198.932144, "delta": 1.463221}}
{"target": -44.06740419340511, "params": {"C": 42.59962437453024, "epsilon": 0.35739711219057985, "gamma": 0.06021374383093573, "lamda": 0.5566674448296874}, "datetime": {"datetime": "2021-09-24 17:24:07", "elapsed": 200.727152, "delta": 1.795008}}
{"target": -47.38691802017897, "params": {"C": 24.43305251521699, "epsilon": 0.4268042687260419, "gamma": 0.2651757360402993, "lamda": 0.8246372875677207}, "datetime": {"datetime": "2021-09-24 17:24:08", "elapsed": 201.606859, "delta": 0.879707}}
{"target": -46.956181762093, "params": {"C": 4.7479490988707855, "epsilon": 0.8744113058362588, "gamma": 0.06987857988516641, "lamda": 0.8411072592242941}, "datetime": {"datetime": "2021-09-24 17:24:09", "elapsed": 202.687309, "delta": 1.08045}}
{"target": -51.16276174979661, "params": {"C": 33.666517716374685, "epsilon": 0.6534762247496587, "gamma": 0.001, "lamda": 0.21832946902836797}, "datetime": {"datetime": "2021-09-24 17:24:11", "elapsed": 204.206788, "delta": 1.519479}}
{"target": -45.425333302382995, "params": {"C": 42.73209168086502, "epsilon": 0.6933907035715098, "gamma": 0.1357280385730724, "lamda": 0.08394466550917597}, "datetime": {"datetime": "2021-09-24 17:24:12", "elapsed": 205.448572, "delta": 1.241784}}
{"target": -50.28476020021498, "params": {"C": 39.25381608214902, "epsilon": 0.20978948632661465, "gamma": 0.001, "lamda": 0.15983562168921}, "datetime": {"datetime": "2021-09-24 17:24:13", "elapsed": 206.773892, "delta": 1.32532}}
{"target": -43.85121997634843, "params": {"C": 33.775154441074335, "epsilon": 0.9865803082264859, "gamma": 0.023045750077070083, "lamda": 0.0622410134563526}, "datetime": {"datetime": "2021-09-24 17:24:15", "elapsed": 208.780865, "delta": 2.006973}}
{"target": -44.22752161997951, "params": {"C": 13.237958988917926, "epsilon": 0.6731764519343572, "gamma": 0.08607366700108855, "lamda": 0.742484429902042}, "datetime": {"datetime": "2021-09-24 17:24:17", "elapsed": 210.335148, "delta": 1.554283}}
{"target": -43.87974386912799, "params": {"C": 38.49100929799103, "epsilon": 0.28337124001979097, "gamma": 0.020748329525715193, "lamda": 0.2102762138139679}, "datetime": {"datetime": "2021-09-24 17:24:18", "elapsed": 211.751383, "delta": 1.416235}}
{"target": -49.96721126210907, "params": {"C": 42.1884751892025, "epsilon": 0.3159249534125779, "gamma": 0.001, "lamda": 1.0}, "datetime": {"datetime": "2021-09-24 17:24:20", "elapsed": 213.947632, "delta": 2.196249}}
{"target": -45.629966783582404, "params": {"C": 39.46825432956009, "epsilon": 0.001, "gamma": 0.16959448280519637, "lamda": 0.001}, "datetime": {"datetime": "2021-09-24 17:24:22", "elapsed": 215.873579, "delta": 1.925947}}
{"target": -49.61965558454779, "params": {"C": 49.84696186825657, "epsilon": 0.212493936311303, "gamma": 0.4700889833103807, "lamda": 0.9910864766860599}, "datetime": {"datetime": "2021-09-24 17:24:23", "elapsed": 216.863959, "delta": 0.99038}}
{"target": -43.83881770044257, "params": {"C": 33.935265771913095, "epsilon": 0.9043783234110703, "gamma": 0.05920507145464276, "lamda": 0.1595088632334767}, "datetime": {"datetime": "2021-09-24 17:24:25", "elapsed": 218.831103, "delta": 1.967144}}
{"target": -45.23581472893278, "params": {"C": 13.420867678125045, "epsilon": 0.770685429918075, "gamma": 0.13093810320589586, "lamda": 0.7951029440499073}, "datetime": {"datetime": "2021-09-24 17:24:27", "elapsed": 220.271935, "delta": 1.440832}}
{"target": -44.48545131026163, "params": {"C": 44.8219841415738, "epsilon": 0.386565405150006, "gamma": 0.08373213079732619, "lamda": 0.27256686544815684}, "datetime": {"datetime": "2021-09-24 17:24:28", "elapsed": 221.172697, "delta": 0.900762}}
{"target": -45.380809501700675, "params": {"C": 33.883442016772904, "epsilon": 0.9063963743147695, "gamma": 0.15471837991961562, "lamda": 0.001}, "datetime": {"datetime": "2021-09-24 17:24:30", "elapsed": 223.147793, "delta": 1.975096}}
{"target": -44.746725829813386, "params": {"C": 44.83638227133213, "epsilon": 0.6684769857102374, "gamma": 0.09130868362028875, "lamda": 0.22851463693265145}, "datetime": {"datetime": "2021-09-24 17:24:31", "elapsed": 224.749427, "delta": 1.601634}}
{"target": -55.872682810391325, "params": {"C": 13.398447506674374, "epsilon": 0.5522339809892727, "gamma": 0.001, "lamda": 0.7051695252388896}, "datetime": {"datetime": "2021-09-24 17:24:33", "elapsed": 226.34439, "delta": 1.594963}}
{"target": -44.36977187755132, "params": {"C": 13.189956249416369, "epsilon": 0.8363164491754373, "gamma": 0.017635693226070424, "lamda": 0.6560704194681047}, "datetime": {"datetime": "2021-09-24 17:24:34", "elapsed": 227.74939, "delta": 1.405}}
{"target": -45.457380287345856, "params": {"C": 13.19571223693194, "epsilon": 0.7220208323647136, "gamma": 0.1375406329145219, "lamda": 0.5460099737310428}, "datetime": {"datetime": "2021-09-24 17:24:36", "elapsed": 229.501397, "delta": 1.752007}}
{"target": -51.148384818836476, "params": {"C": 33.77903894767847, "epsilon": 1.0, "gamma": 0.001, "lamda": 0.2531011726599523}, "datetime": {"datetime": "2021-09-24 17:24:38", "elapsed": 231.212432, "delta": 1.711035}}
{"target": -48.16491339436425, "params": {"C": 6.906916979940223, "epsilon": 0.4224287558957587, "gamma": 0.14322305621187517, "lamda": 0.2258442594690058}, "datetime": {"datetime": "2021-09-24 17:24:39", "elapsed": 232.183392, "delta": 0.97096}}
{"target": -43.84215337671547, "params": {"C": 44.667559376711054, "epsilon": 0.6196567823024752, "gamma": 0.05098677541168134, "lamda": 0.032849864341383046}, "datetime": {"datetime": "2021-09-24 17:24:40", "elapsed": 233.299516, "delta": 1.116124}}
{"target": -48.81089745800728, "params": {"C": 13.38537040486924, "epsilon": 0.800149676870028, "gamma": 0.2396769644633407, "lamda": 0.6183227673764036}, "datetime": {"datetime": "2021-09-24 17:24:42", "elapsed": 235.067543, "delta": 1.768027}}
{"target": -49.415440747988335, "params": {"C": 44.79204282723332, "epsilon": 0.4946184491047706, "gamma": 0.001, "lamda": 0.10201920132968312}, "datetime": {"datetime": "2021-09-24 17:24:44", "elapsed": 237.120604, "delta": 2.053061}}
{"target": -44.71162814191256, "params": {"C": 13.202762306107783, "epsilon": 0.8172331793274044, "gamma": 0.1088646732953064, "lamda": 0.8483451300832725}, "datetime": {"datetime": "2021-09-24 17:24:46", "elapsed": 238.966077, "delta": 1.845473}}
{"target": -45.45389060416655, "params": {"C": 44.73797499984831, "epsilon": 0.7753817339225884, "gamma": 0.13484708975882123, "lamda": 0.04815151705615227}, "datetime": {"datetime": "2021-09-24 17:24:47", "elapsed": 240.899503, "delta": 1.933426}}
{"target": -43.9914958720151, "params": {"C": 12.904999495365091, "epsilon": 0.3949460408607995, "gamma": 0.027891209517467264, "lamda": 0.35163928355998436}, "datetime": {"datetime": "2021-09-24 17:24:48", "elapsed": 241.944264, "delta": 1.044761}}
{"target": -45.90896985964637, "params": {"C": 33.95780421876097, "epsilon": 0.7837105945229466, "gamma": 0.1744734717836014, "lamda": 0.24398798960540502}, "datetime": {"datetime": "2021-09-24 17:24:50", "elapsed": 243.891814, "delta": 1.94755}}
{"target": -45.676278802703756, "params": {"C": 42.62367747586061, "epsilon": 0.5165249937290576, "gamma": 0.13287012550218508, "lamda": 0.4548857724938075}, "datetime": {"datetime": "2021-09-24 17:24:52", "elapsed": 245.535655, "delta": 1.643841}}
{"target": -43.9800699707001, "params": {"C": 44.926308194742305, "epsilon": 0.9883283161458245, "gamma": 0.04432566051042466, "lamda": 0.7402650233377505}, "datetime": {"datetime": "2021-09-24 17:24:53", "elapsed": 246.625353, "delta": 1.089698}}
{"target": -53.62701429024612, "params": {"C": 12.876154309448935, "epsilon": 0.48106166437538295, "gamma": 0.380726504033163, "lamda": 0.7101963622977222}, "datetime": {"datetime": "2021-09-24 17:24:54", "elapsed": 247.613976, "delta": 0.988623}}
{"target": -46.069659085539755, "params": {"C": 28.89965349448729, "epsilon": 0.03158536264338958, "gamma": 0.20400258175958028, "lamda": 0.9125352543774674}, "datetime": {"datetime": "2021-09-24 17:24:55", "elapsed": 248.659866, "delta": 1.04589}}
{"target": -51.20246931916048, "params": {"C": 33.776823753294195, "epsilon": 0.8450746735668306, "gamma": 0.001, "lamda": 0.001}, "datetime": {"datetime": "2021-09-24 17:24:57", "elapsed": 250.537936, "delta": 1.87807}}
{"target": -46.220354946215075, "params": {"C": 22.75982335537721, "epsilon": 0.6459910159017342, "gamma": 0.19844768975659546, "lamda": 0.6649040965480989}, "datetime": {"datetime": "2021-09-24 17:24:58", "elapsed": 251.56732, "delta": 1.029384}}
{"target": -44.47110161886648, "params": {"C": 34.039400198697315, "epsilon": 1.0, "gamma": 0.0970671030394189, "lamda": 0.07494321551779796}, "datetime": {"datetime": "2021-09-24 17:25:00", "elapsed": 253.527299, "delta": 1.959979}}
{"target": -45.48208918058442, "params": {"C": 42.413659363769945, "epsilon": 0.33045578106079376, "gamma": 0.12403050973083542, "lamda": 0.5888900661976103}, "datetime": {"datetime": "2021-09-24 17:25:02", "elapsed": 255.122357, "delta": 1.595058}}
{"target": -54.21801850488124, "params": {"C": 7.5463759983214285, "epsilon": 0.9744188669974213, "gamma": 0.32000750576040043, "lamda": 0.47896718431865626}, "datetime": {"datetime": "2021-09-24 17:25:03", "elapsed": 256.2064, "delta": 1.084043}}
{"target": -49.95326032149662, "params": {"C": 42.4243720831414, "epsilon": 0.8503198760444868, "gamma": 0.001, "lamda": 0.41238959377253565}, "datetime": {"datetime": "2021-09-24 17:25:04", "elapsed": 257.9294, "delta": 1.723}}
{"target": -43.71051419131955, "params": {"C": 39.86386250051476, "epsilon": 0.9266974475138937, "gamma": 0.014515698652565339, "lamda": 0.12151164451167343}, "datetime": {"datetime": "2021-09-24 17:25:06", "elapsed": 259.016361, "delta": 1.086961}}
{"target": -43.61287842921858, "params": {"C": 42.36276227612145, "epsilon": 0.9189567934327795, "gamma": 0.011356954692131285, "lamda": 0.7954653669230143}, "datetime": {"datetime": "2021-09-24 17:25:08", "elapsed": 260.956402, "delta": 1.940041}}
{"target": -51.28114896438182, "params": {"C": 35.9452373304267, "epsilon": 0.755612244269403, "gamma": 0.4795303739851928, "lamda": 0.9246469784205169}, "datetime": {"datetime": "2021-09-24 17:25:08", "elapsed": 261.945358, "delta": 0.988956}}
{"target": -45.173305669684034, "params": {"C": 42.53001759561817, "epsilon": 0.7906533507167669, "gamma": 0.11222809081880794, "lamda": 0.7562438017376921}, "datetime": {"datetime": "2021-09-24 17:25:10", "elapsed": 263.7604, "delta": 1.815042}}
{"target": -45.15255611705584, "params": {"C": 16.113155495363802, "epsilon": 0.08181311227771457, "gamma": 0.13271893921533334, "lamda": 0.5524707674331639}, "datetime": {"datetime": "2021-09-24 17:25:11", "elapsed": 264.743356, "delta": 0.982956}}
{"target": -43.73158306498569, "params": {"C": 17.77693853186624, "epsilon": 0.19695590730510054, "gamma": 0.043309512791206484, "lamda": 0.384440840958807}, "datetime": {"datetime": "2021-09-24 17:25:12", "elapsed": 265.832356, "delta": 1.089}}
{"target": -43.65467069331333, "params": {"C": 42.512549709503254, "epsilon": 0.6142375116170785, "gamma": 0.010098865323861696, "lamda": 0.19319342236678003}, "datetime": {"datetime": "2021-09-24 17:25:14", "elapsed": 267.895394, "delta": 2.063038}}
{"target": -44.43674583732113, "params": {"C": 42.56264435230445, "epsilon": 0.01721241209026318, "gamma": 0.08805622875134811, "lamda": 0.6954102014968357}, "datetime": {"datetime": "2021-09-24 17:25:16", "elapsed": 269.933009, "delta": 2.037615}}
{"target": -50.25591813825643, "params": {"C": 39.54414313271421, "epsilon": 0.04186045093454331, "gamma": 0.001, "lamda": 0.15303466987293735}, "datetime": {"datetime": "2021-09-24 17:25:19", "elapsed": 272.267972, "delta": 2.334963}}
{"target": -55.472198135013834, "params": {"C": 14.58334529545508, "epsilon": 0.18965159015398197, "gamma": 0.001, "lamda": 0.5846274036524097}, "datetime": {"datetime": "2021-09-24 17:25:20", "elapsed": 273.946034, "delta": 1.678062}}
{"target": -43.790703782061215, "params": {"C": 49.66686026797397, "epsilon": 0.106026533576396, "gamma": 0.00544308738337442, "lamda": 0.5570978525880093}, "datetime": {"datetime": "2021-09-24 17:25:22", "elapsed": 275.00423, "delta": 1.058196}}
{"target": -44.60293363790786, "params": {"C": 34.04561882530552, "epsilon": 0.8211615585857315, "gamma": 0.10353644869210797, "lamda": 0.07802277189666126}, "datetime": {"datetime": "2021-09-24 17:25:24", "elapsed": 277.348195, "delta": 2.343965}}
{"target": -44.08444819572642, "params": {"C": 42.68071992521134, "epsilon": 0.8156103754463627, "gamma": 0.060738355793859264, "lamda": 0.25735521060941813}, "datetime": {"datetime": "2021-09-24 17:25:26", "elapsed": 279.595249, "delta": 2.247054}}
{"target": -44.08078915056882, "params": {"C": 42.64710611539065, "epsilon": 0.6778185495127639, "gamma": 0.06058714246054343, "lamda": 0.307992702279005}, "datetime": {"datetime": "2021-09-24 17:25:28", "elapsed": 281.847538, "delta": 2.252289}}
{"target": -47.497952976932105, "params": {"C": 39.225384196446605, "epsilon": 0.1639210319510457, "gamma": 0.31808994009709896, "lamda": 0.2404580896652504}, "datetime": {"datetime": "2021-09-24 17:25:29", "elapsed": 282.880538, "delta": 1.033}}
{"target": -56.95337080684372, "params": {"C": 9.17075694700762, "epsilon": 0.48345158064926963, "gamma": 0.4913416572418716, "lamda": 0.933320103701032}, "datetime": {"datetime": "2021-09-24 17:25:30", "elapsed": 283.893544, "delta": 1.013006}}
{"target": -44.82425656856073, "params": {"C": 38.381305200741586, "epsilon": 1.0, "gamma": 0.10825451176760825, "lamda": 0.09894541228898052}, "datetime": {"datetime": "2021-09-24 17:25:33", "elapsed": 286.160581, "delta": 2.267037}}
{"target": -53.98194515263034, "params": {"C": 17.838672626779555, "epsilon": 0.4749734375603259, "gamma": 0.45534353146708584, "lamda": 0.8291439042379447}, "datetime": {"datetime": "2021-09-24 17:25:34", "elapsed": 287.18164, "delta": 1.021059}}
{"target": -53.2881438245102, "params": {"C": 21.442039306021254, "epsilon": 0.8419437436750042, "gamma": 0.4615162500321807, "lamda": 0.279499156400849}, "datetime": {"datetime": "2021-09-24 17:25:35", "elapsed": 288.26173, "delta": 1.08009}}
{"target": -44.82640972353592, "params": {"C": 42.76163416051379, "epsilon": 0.8939061168238089, "gamma": 0.08735436820344655, "lamda": 0.4365525976526804}, "datetime": {"datetime": "2021-09-24 17:25:37", "elapsed": 290.598599, "delta": 2.336869}}
{"target": -49.25241264523212, "params": {"C": 14.489358751777923, "epsilon": 0.20245467504999015, "gamma": 0.2609741982289854, "lamda": 0.5608572447510457}, "datetime": {"datetime": "2021-09-24 17:25:39", "elapsed": 292.717296, "delta": 2.118697}}
{"target": -45.9406017292284, "params": {"C": 14.505544660355705, "epsilon": 0.15025804564185907, "gamma": 0.15789309875053886, "lamda": 0.7583995394248174}, "datetime": {"datetime": "2021-09-24 17:25:41", "elapsed": 294.784245, "delta": 2.066949}}
{"target": -45.269494759836185, "params": {"C": 42.576229661298655, "epsilon": 0.11901580225096028, "gamma": 0.1240036662612946, "lamda": 0.4679242233782243}, "datetime": {"datetime": "2021-09-24 17:25:44", "elapsed": 297.404336, "delta": 2.620091}}
{"target": -44.826924087391795, "params": {"C": 33.6369618793296, "epsilon": 1.0, "gamma": 0.11434953063222683, "lamda": 0.04915795616902435}, "datetime": {"datetime": "2021-09-24 17:25:47", "elapsed": 300.239296, "delta": 2.83496}}
{"target": -45.61522259582045, "params": {"C": 20.753358980551006, "epsilon": 0.5115662806339425, "gamma": 0.15885406786096667, "lamda": 0.9705148881149162}, "datetime": {"datetime": "2021-09-24 17:25:48", "elapsed": 301.304293, "delta": 1.064997}}
{"target": -43.88435299486032, "params": {"C": 13.18584161987977, "epsilon": 0.7749510719143478, "gamma": 0.05632763722745376, "lamda": 0.4434686157455494}, "datetime": {"datetime": "2021-09-24 17:25:49", "elapsed": 302.418152, "delta": 1.113859}}
{"target": -48.47682786033972, "params": {"C": 17.645571220785676, "epsilon": 0.061069855466015725, "gamma": 0.26729548053886476, "lamda": 0.553656699243923}, "datetime": {"datetime": "2021-09-24 17:25:50", "elapsed": 303.524009, "delta": 1.105857}}
{"target": -46.1346624438478, "params": {"C": 23.0454223715139, "epsilon": 0.08196243514950231, "gamma": 0.19633805727212858, "lamda": 0.5044315128629595}, "datetime": {"datetime": "2021-09-24 17:25:51", "elapsed": 304.692438, "delta": 1.168429}}
{"target": -45.12918265183192, "params": {"C": 39.56720183280692, "epsilon": 0.23633076699522196, "gamma": 0.12312277981150152, "lamda": 0.001}, "datetime": {"datetime": "2021-09-24 17:25:53", "elapsed": 306.775424, "delta": 2.082986}}
{"target": -46.16186121887766, "params": {"C": 42.27467038913306, "epsilon": 0.8679128361164233, "gamma": 0.17165582650929134, "lamda": 0.7122546902481588}, "datetime": {"datetime": "2021-09-24 17:25:56", "elapsed": 309.57612, "delta": 2.800696}}
{"target": -43.97706612267142, "params": {"C": 13.354215987239803, "epsilon": 0.7920932321279203, "gamma": 0.027403217883715546, "lamda": 0.35528911771346156}, "datetime": {"datetime": "2021-09-24 17:25:59", "elapsed": 312.06233, "delta": 2.48621}}
{"target": -49.66776877139551, "params": {"C": 16.082833433392047, "epsilon": 0.7928054575583474, "gamma": 0.28731047545142446, "lamda": 0.37275552012935026}, "datetime": {"datetime": "2021-09-24 17:26:00", "elapsed": 313.244943, "delta": 1.182613}}
{"target": -44.78596900837234, "params": {"C": 7.749979984606626, "epsilon": 0.26761733213984357, "gamma": 0.03795649571177138, "lamda": 0.903951676078295}, "datetime": {"datetime": "2021-09-24 17:26:01", "elapsed": 314.386487, "delta": 1.141544}}
