{"target": -43.75794710031148, "params": {"C": 106.62230648418974, "epsilon": 0.9355942399157338, "gamma": 0.007257759948766899, "lamda": 1.2759505328168526}, "datetime": {"datetime": "2021-09-24 19:07:26", "elapsed": 464.391094, "delta": 2.509933}}
{"target": -44.504067923080335, "params": {"C": 112.92431183205261, "epsilon": 0.9871251845327347, "gamma": 0.09678190297401487, "lamda": 1.099502382625713}, "datetime": {"datetime": "2021-09-24 19:07:28", "elapsed": 466.524135, "delta": 2.133041}}
{"target": -45.60019582542436, "params": {"C": 148.89135738454925, "epsilon": 0.13343587139496835, "gamma": 0.06451235673427518, "lamda": 0.869489743889685}, "datetime": {"datetime": "2021-09-24 19:07:29", "elapsed": 468.056166, "delta": 1.532031}}
{"target": -44.187862410505424, "params": {"C": 142.66475361363624, "epsilon": 0.5221648153634644, "gamma": 0.01616939978721767, "lamda": 0.32618942408939516}, "datetime": {"datetime": "2021-09-24 19:07:31", "elapsed": 469.534391, "delta": 1.478225}}
{"target": -43.36671053090452, "params": {"C": 112.83665536536903, "epsilon": 0.9577782397820521, "gamma": 0.0377584529864129, "lamda": 1.0729582245332239}, "datetime": {"datetime": "2021-09-24 19:07:32", "elapsed": 471.127838, "delta": 1.593447}}
{"target": -43.410536254087354, "params": {"C": 106.53196467543226, "epsilon": 0.8887236244264504, "gamma": 0.03884064536806497, "lamda": 1.1529850518321685}, "datetime": {"datetime": "2021-09-24 19:07:35", "elapsed": 473.847334, "delta": 2.719496}}
{"target": -46.65113232940567, "params": {"C": 129.92393392972866, "epsilon": 0.01630446857319323, "gamma": 0.11802348645644517, "lamda": 1.2037877468333686}, "datetime": {"datetime": "2021-09-24 19:07:37", "elapsed": 475.464458, "delta": 1.617124}}
{"target": -43.36450031978174, "params": {"C": 107.88956964065655, "epsilon": 0.7364558915602095, "gamma": 0.039070138238465814, "lamda": 1.4568822581553236}, "datetime": {"datetime": "2021-09-24 19:07:39", "elapsed": 478.131042, "delta": 2.666584}}
{"target": -43.84768948564796, "params": {"C": 100.83158461265651, "epsilon": 0.6368828585013703, "gamma": 0.020052619048711546, "lamda": 0.8725382629255354}, "datetime": {"datetime": "2021-09-24 19:07:41", "elapsed": 479.654229, "delta": 1.523187}}
{"target": -43.458112466804444, "params": {"C": 112.86759987009907, "epsilon": 0.9897152372550756, "gamma": 0.04607984796410323, "lamda": 1.0652230143283983}, "datetime": {"datetime": "2021-09-24 19:07:43", "elapsed": 481.189135, "delta": 1.534906}}
{"target": -43.781165128583254, "params": {"C": 110.48992937186117, "epsilon": 0.8632769547976858, "gamma": 0.06781200431661943, "lamda": 1.3055744373102254}, "datetime": {"datetime": "2021-09-24 19:07:45", "elapsed": 483.742186, "delta": 2.553051}}
{"target": -43.948958424209714, "params": {"C": 115.60334315253922, "epsilon": 0.7448954987045036, "gamma": 0.07277929024219221, "lamda": 1.417897672091251}, "datetime": {"datetime": "2021-09-24 19:07:47", "elapsed": 485.315253, "delta": 1.573067}}
{"target": -43.60507744899541, "params": {"C": 143.273817513511, "epsilon": 0.6657762213212016, "gamma": 0.05129282328808082, "lamda": 1.2488165741005952}, "datetime": {"datetime": "2021-09-24 19:07:49", "elapsed": 487.899538, "delta": 2.584285}}
{"target": -43.963683550521495, "params": {"C": 148.56821527880226, "epsilon": 0.9841224260904208, "gamma": 0.07649331631865162, "lamda": 1.279436124756099}, "datetime": {"datetime": "2021-09-24 19:07:51", "elapsed": 489.396981, "delta": 1.497443}}
{"target": -44.43369858349071, "params": {"C": 119.71576165063098, "epsilon": 0.6104984799189211, "gamma": 0.03675903884930932, "lamda": 0.0002722618975830537}, "datetime": {"datetime": "2021-09-24 19:07:53", "elapsed": 491.175618, "delta": 1.778637}}
{"target": -43.24417225319223, "params": {"C": 110.49315333263573, "epsilon": 0.7122267361402598, "gamma": 0.020696724407710827, "lamda": 1.4869223235976745}, "datetime": {"datetime": "2021-09-24 19:07:55", "elapsed": 493.531144, "delta": 2.355526}}
{"target": -44.30593682323207, "params": {"C": 104.54709624023567, "epsilon": 0.32516904842495714, "gamma": 0.023628654924214443, "lamda": 0.13155911388565353}, "datetime": {"datetime": "2021-09-24 19:07:57", "elapsed": 495.326995, "delta": 1.795851}}
{"target": -43.20268371684098, "params": {"C": 143.09149582009073, "epsilon": 0.6247741529244414, "gamma": 0.02283104448848195, "lamda": 1.306703059823585}, "datetime": {"datetime": "2021-09-24 19:07:59", "elapsed": 497.52528, "delta": 2.198285}}
{"target": -44.420954035906746, "params": {"C": 142.3762285945428, "epsilon": 0.0934587787969349, "gamma": 0.025721466857384807, "lamda": 1.1065848950434771}, "datetime": {"datetime": "2021-09-24 19:08:00", "elapsed": 499.158567, "delta": 1.633287}}
{"target": -43.399280414835964, "params": {"C": 143.07178384484774, "epsilon": 0.6596722126948505, "gamma": 0.03768507601654463, "lamda": 1.2935139712676305}, "datetime": {"datetime": "2021-09-24 19:08:03", "elapsed": 502.075272, "delta": 2.916705}}
{"target": -44.877123490878475, "params": {"C": 131.42413199168672, "epsilon": 0.8845448822443065, "gamma": 0.10941414022357475, "lamda": 1.0753639849864831}, "datetime": {"datetime": "2021-09-24 19:08:05", "elapsed": 503.676264, "delta": 1.600992}}
{"target": -44.34980528020326, "params": {"C": 130.76068999816027, "epsilon": 0.2648151819421721, "gamma": 0.027495996736859925, "lamda": 0.2135784464407114}, "datetime": {"datetime": "2021-09-24 19:08:07", "elapsed": 505.410208, "delta": 1.733944}}
{"target": -43.61121048443168, "params": {"C": 107.84469513059145, "epsilon": 0.704533325512574, "gamma": 0.05313744171608465, "lamda": 1.4071073819379563}, "datetime": {"datetime": "2021-09-24 19:08:09", "elapsed": 507.917904, "delta": 2.507696}}
{"target": -43.40555524064458, "params": {"C": 110.5939210102632, "epsilon": 0.876925807077902, "gamma": 0.046869980672300214, "lamda": 1.4676521481611131}, "datetime": {"datetime": "2021-09-24 19:08:12", "elapsed": 510.336033, "delta": 2.418129}}
{"target": -43.480971036261884, "params": {"C": 110.40364054572758, "epsilon": 0.7441734335065934, "gamma": 0.04744116413621048, "lamda": 1.4113580564750265}, "datetime": {"datetime": "2021-09-24 19:08:14", "elapsed": 512.500688, "delta": 2.164655}}
{"target": -43.21100695711614, "params": {"C": 110.51333750476661, "epsilon": 0.8667850597593235, "gamma": 0.031444628304432495, "lamda": 1.3449892728726405}, "datetime": {"datetime": "2021-09-24 19:08:16", "elapsed": 514.820002, "delta": 2.319314}}
{"target": -44.14540455291311, "params": {"C": 143.2466759120219, "epsilon": 0.718450325892103, "gamma": 0.0746758879968327, "lamda": 1.1705196509583904}, "datetime": {"datetime": "2021-09-24 19:08:19", "elapsed": 517.494634, "delta": 2.674632}}
{"target": -43.43899290242528, "params": {"C": 106.59947614993203, "epsilon": 0.7432415748038397, "gamma": 0.01088827518159501, "lamda": 1.2401766217517294}, "datetime": {"datetime": "2021-09-24 19:08:21", "elapsed": 519.935263, "delta": 2.440629}}
{"target": -43.457877187271784, "params": {"C": 112.82669892368773, "epsilon": 0.946362695764347, "gamma": 0.046688217901832606, "lamda": 1.1246803950880941}, "datetime": {"datetime": "2021-09-24 19:08:24", "elapsed": 523.028868, "delta": 3.093605}}
{"target": -45.906487080132386, "params": {"C": 119.9618632866027, "epsilon": 0.5462175790155132, "gamma": 0.0862433639982964, "lamda": 0.40044238739132587}, "datetime": {"datetime": "2021-09-24 19:08:26", "elapsed": 524.626193, "delta": 1.597325}}
{"target": -44.16581564359808, "params": {"C": 107.90896966310774, "epsilon": 0.6950608952570865, "gamma": 0.07870823881684984, "lamda": 1.4325963267105386}, "datetime": {"datetime": "2021-09-24 19:08:29", "elapsed": 527.221509, "delta": 2.595316}}
{"target": -43.50173534965434, "params": {"C": 110.52008530150128, "epsilon": 0.7096785807339243, "gamma": 0.045351504285722856, "lamda": 1.3903645257305155}, "datetime": {"datetime": "2021-09-24 19:08:31", "elapsed": 529.46857, "delta": 2.247061}}
{"target": -44.587185191062964, "params": {"C": 114.08481183753047, "epsilon": 0.8037297204757019, "gamma": 0.050009456222770164, "lamda": 0.5687438808373944}, "datetime": {"datetime": "2021-09-24 19:08:32", "elapsed": 531.129948, "delta": 1.661378}}
{"target": -43.44546821575777, "params": {"C": 110.5270312866936, "epsilon": 0.7655842726692852, "gamma": 0.04609673318558142, "lamda": 1.4076294407916827}, "datetime": {"datetime": "2021-09-24 19:08:35", "elapsed": 533.843293, "delta": 2.713345}}
{"target": -46.02545641935662, "params": {"C": 124.4494722736621, "epsilon": 0.39085398273233807, "gamma": 0.0765048634905126, "lamda": 0.08294099310804448}, "datetime": {"datetime": "2021-09-24 19:08:37", "elapsed": 535.494652, "delta": 1.651359}}
{"target": -43.20953317813899, "params": {"C": 143.16939380412964, "epsilon": 0.6092170164407029, "gamma": 0.01819059080468076, "lamda": 1.289831222310437}, "datetime": {"datetime": "2021-09-24 19:08:40", "elapsed": 538.594581, "delta": 3.099929}}
{"target": -44.33763441355611, "params": {"C": 145.54408809849446, "epsilon": 0.6356606189109395, "gamma": 0.04074472358018923, "lamda": 0.6564665723174078}, "datetime": {"datetime": "2021-09-24 19:08:41", "elapsed": 540.10029, "delta": 1.505709}}
{"target": -46.19863620382378, "params": {"C": 107.8229905810633, "epsilon": 0.7168832001348341, "gamma": 0.0018125073365393457, "lamda": 1.393054559540025}, "datetime": {"datetime": "2021-09-24 19:08:43", "elapsed": 541.732621, "delta": 1.632331}}
{"target": -43.54988265464153, "params": {"C": 110.60550621808794, "epsilon": 0.7882888135764373, "gamma": 0.05573380688174493, "lamda": 1.470242867458311}, "datetime": {"datetime": "2021-09-24 19:08:46", "elapsed": 544.542352, "delta": 2.809731}}
{"target": -46.86536366594168, "params": {"C": 131.04453070644786, "epsilon": 0.415564179538349, "gamma": 0.1020987445260593, "lamda": 0.004184851968185079}, "datetime": {"datetime": "2021-09-24 19:08:48", "elapsed": 546.461474, "delta": 1.919122}}
{"target": -46.48814690456032, "params": {"C": 137.24271440999127, "epsilon": 0.5435420450329447, "gamma": 0.1002705119346048, "lamda": 0.2652736816514326}, "datetime": {"datetime": "2021-09-24 19:08:50", "elapsed": 548.235053, "delta": 1.773579}}
{"target": -44.54923520930029, "params": {"C": 110.58150434399677, "epsilon": 0.8971249762498676, "gamma": 0.003797915724906257, "lamda": 1.301949881352243}, "datetime": {"datetime": "2021-09-24 19:08:52", "elapsed": 551.031281, "delta": 2.796228}}
{"target": -44.479512643381995, "params": {"C": 108.50968590540133, "epsilon": 0.8226100794520008, "gamma": 0.09119415898391578, "lamda": 1.1911632482157222}, "datetime": {"datetime": "2021-09-24 19:08:54", "elapsed": 552.750206, "delta": 1.718925}}
{"target": -45.23217841265952, "params": {"C": 132.0434295793155, "epsilon": 0.9759696435484431, "gamma": 0.11443943942177401, "lamda": 0.7529630806702649}, "datetime": {"datetime": "2021-09-24 19:08:56", "elapsed": 554.789203, "delta": 2.038997}}
{"target": -43.315290785540064, "params": {"C": 112.92706951012893, "epsilon": 0.9206740831100625, "gamma": 0.029193153047992488, "lamda": 1.0078762174230238}, "datetime": {"datetime": "2021-09-24 19:08:59", "elapsed": 558.060449, "delta": 3.271246}}
{"target": -47.32384606081247, "params": {"C": 149.99380440032616, "epsilon": 0.2826872323906298, "gamma": 0.117146396910608, "lamda": 0.6657669164405895}, "datetime": {"datetime": "2021-09-24 19:09:01", "elapsed": 559.951332, "delta": 1.890883}}
{"target": -44.36301638200311, "params": {"C": 113.52655841634807, "epsilon": 0.32899079467046194, "gamma": 0.03054150300621363, "lamda": 0.4946549316937922}, "datetime": {"datetime": "2021-09-24 19:09:03", "elapsed": 561.846626, "delta": 1.895294}}
{"target": -43.3519931276222, "params": {"C": 110.62087296313923, "epsilon": 0.8349169859100088, "gamma": 0.04254699562355179, "lamda": 1.4285093316186175}, "datetime": {"datetime": "2021-09-24 19:09:06", "elapsed": 564.318759, "delta": 2.472133}}
{"target": -44.08420836723176, "params": {"C": 135.7949249211456, "epsilon": 0.0968839047949097, "gamma": 0.014110076287021954, "lamda": 0.9072585081432332}, "datetime": {"datetime": "2021-09-24 19:09:07", "elapsed": 566.025154, "delta": 1.706395}}
{"target": -43.42471389200296, "params": {"C": 103.89842129417909, "epsilon": 0.8932810116797155, "gamma": 0.043443384005452355, "lamda": 1.2360675144566424}, "datetime": {"datetime": "2021-09-24 19:09:10", "elapsed": 568.634301, "delta": 2.609147}}
{"target": -46.52222637985668, "params": {"C": 146.23416410849563, "epsilon": 0.4191630714588503, "gamma": 0.09814890695815923, "lamda": 0.28668478986074586}, "datetime": {"datetime": "2021-09-24 19:09:12", "elapsed": 570.491156, "delta": 1.856855}}
{"target": -45.19992505047536, "params": {"C": 134.3818769637647, "epsilon": 0.5930837523034005, "gamma": 0.05837570171990586, "lamda": 0.2902270412536964}, "datetime": {"datetime": "2021-09-24 19:09:14", "elapsed": 572.325549, "delta": 1.834393}}
{"target": -43.74309236998598, "params": {"C": 103.85900699893408, "epsilon": 0.8777308692251329, "gamma": 0.06360273982139024, "lamda": 1.2334764562517095}, "datetime": {"datetime": "2021-09-24 19:09:17", "elapsed": 576.04483, "delta": 3.719281}}
{"target": -46.411080676350764, "params": {"C": 143.14484364816465, "epsilon": 0.6673932535584116, "gamma": 0.001357249996137085, "lamda": 1.2119370888039425}, "datetime": {"datetime": "2021-09-24 19:09:20", "elapsed": 578.596066, "delta": 2.551236}}
{"target": -43.19605832762858, "params": {"C": 143.15442465695656, "epsilon": 0.8170479390000822, "gamma": 0.02846083167059556, "lamda": 1.2391237592541073}, "datetime": {"datetime": "2021-09-24 19:09:23", "elapsed": 581.265297, "delta": 2.669231}}
{"target": -43.71934733928658, "params": {"C": 114.9051860192253, "epsilon": 0.6790957614708132, "gamma": 0.04698090524159813, "lamda": 1.2157769280817674}, "datetime": {"datetime": "2021-09-24 19:09:25", "elapsed": 584.072011, "delta": 2.806714}}
{"target": -43.466860339674774, "params": {"C": 112.78011380128616, "epsilon": 0.8953430354870605, "gamma": 0.04060514380901245, "lamda": 1.0653174169899404}, "datetime": {"datetime": "2021-09-24 19:09:28", "elapsed": 586.852486, "delta": 2.780475}}
{"target": -45.68861760274538, "params": {"C": 140.09955269964556, "epsilon": 0.622708521634657, "gamma": 0.06892759662382271, "lamda": 0.41779214024894784}, "datetime": {"datetime": "2021-09-24 19:09:30", "elapsed": 588.774565, "delta": 1.922079}}
{"target": -43.99649470458361, "params": {"C": 143.22180895772368, "epsilon": 0.6191746041717782, "gamma": 0.06602716607671263, "lamda": 1.2513170082277354}, "datetime": {"datetime": "2021-09-24 19:09:33", "elapsed": 591.599156, "delta": 2.824591}}
{"target": -44.44268492750421, "params": {"C": 130.88093565294997, "epsilon": 0.592799479535212, "gamma": 0.030112786453004966, "lamda": 0.14193804660617423}, "datetime": {"datetime": "2021-09-24 19:09:35", "elapsed": 593.59326, "delta": 1.994104}}
{"target": -46.61081066260853, "params": {"C": 105.9974752034578, "epsilon": 0.4423226594683497, "gamma": 0.001, "lamda": 1.0815119877550041}, "datetime": {"datetime": "2021-09-24 19:09:38", "elapsed": 596.675595, "delta": 3.082335}}
{"target": -43.87765422414785, "params": {"C": 112.78980223278354, "epsilon": 0.9197524012290798, "gamma": 0.066080229754012, "lamda": 1.02715090992961}, "datetime": {"datetime": "2021-09-24 19:09:41", "elapsed": 600.033051, "delta": 3.357456}}
{"target": -45.247360637947565, "params": {"C": 102.68994262469151, "epsilon": 0.33882572818122725, "gamma": 0.0739916700826072, "lamda": 0.7253526790950383}, "datetime": {"datetime": "2021-09-24 19:09:43", "elapsed": 601.898062, "delta": 1.865011}}
{"target": -43.69352590011646, "params": {"C": 104.22695246260444, "epsilon": 0.27045986129296024, "gamma": 0.003622811117191698, "lamda": 0.06360994051608512}, "datetime": {"datetime": "2021-09-24 19:09:45", "elapsed": 603.883704, "delta": 1.985642}}
{"target": -46.397875018564285, "params": {"C": 131.73627469237744, "epsilon": 0.40055752988755094, "gamma": 0.11428685689462705, "lamda": 0.9415396066172349}, "datetime": {"datetime": "2021-09-24 19:09:47", "elapsed": 605.819579, "delta": 1.935875}}
{"target": -45.55956013634736, "params": {"C": 134.9509151479209, "epsilon": 0.3562115082463736, "gamma": 0.09711148712214084, "lamda": 1.3936434860406075}, "datetime": {"datetime": "2021-09-24 19:09:49", "elapsed": 607.872268, "delta": 2.052689}}
{"target": -43.83128279401942, "params": {"C": 107.89394868962101, "epsilon": 0.6298161938585631, "gamma": 0.05844109764734881, "lamda": 1.396867353630395}, "datetime": {"datetime": "2021-09-24 19:09:53", "elapsed": 611.504919, "delta": 3.632651}}
{"target": -45.28347117840631, "params": {"C": 148.02666884391536, "epsilon": 0.7201971129563375, "gamma": 0.058014665134326605, "lamda": 0.35885476744757644}, "datetime": {"datetime": "2021-09-24 19:09:55", "elapsed": 613.371589, "delta": 1.86667}}
{"target": -44.56462353269399, "params": {"C": 126.73042185843323, "epsilon": 0.4853110476223774, "gamma": 0.05517457674023505, "lamda": 1.0013349355108316}, "datetime": {"datetime": "2021-09-24 19:09:57", "elapsed": 615.638012, "delta": 2.266423}}
{"target": -44.51543986953553, "params": {"C": 110.60038502377223, "epsilon": 0.7378514502715597, "gamma": 0.003295856204637891, "lamda": 1.360207709966858}, "datetime": {"datetime": "2021-09-24 19:10:00", "elapsed": 619.085478, "delta": 3.447466}}
{"target": -48.042491880889, "params": {"C": 112.88350046395237, "epsilon": 0.8986786978689709, "gamma": 0.001, "lamda": 1.0052063666465496}, "datetime": {"datetime": "2021-09-24 19:10:04", "elapsed": 622.805722, "delta": 3.720244}}
{"target": -46.48155193594993, "params": {"C": 113.50136513545803, "epsilon": 0.14650327585301323, "gamma": 0.11463738555946797, "lamda": 0.4348680878033094}, "datetime": {"datetime": "2021-09-24 19:10:06", "elapsed": 624.609284, "delta": 1.803562}}
{"target": -43.41366926629605, "params": {"C": 112.91453249858239, "epsilon": 0.9854813000543822, "gamma": 0.039053475912013046, "lamda": 1.01055130498572}, "datetime": {"datetime": "2021-09-24 19:10:09", "elapsed": 627.722582, "delta": 3.113298}}
{"target": -45.931856808406806, "params": {"C": 145.34707716436617, "epsilon": 0.032318044071721654, "gamma": 0.0659439807880768, "lamda": 1.039173776411801}, "datetime": {"datetime": "2021-09-24 19:10:11", "elapsed": 629.834714, "delta": 2.112132}}
{"target": -43.7297912315224, "params": {"C": 144.48966090423306, "epsilon": 0.6585227196480251, "gamma": 0.032581035950371096, "lamda": 0.9255016595590285}, "datetime": {"datetime": "2021-09-24 19:10:13", "elapsed": 631.768911, "delta": 1.934197}}
{"target": -43.55100613426481, "params": {"C": 110.57965109787058, "epsilon": 0.7987987589548542, "gamma": 0.055110241985034, "lamda": 1.422599689146846}, "datetime": {"datetime": "2021-09-24 19:10:16", "elapsed": 634.710835, "delta": 2.941924}}
{"target": -43.32661422804215, "params": {"C": 110.52883281845713, "epsilon": 0.7153371026532976, "gamma": 0.035677176765745576, "lamda": 1.4515679716771708}, "datetime": {"datetime": "2021-09-24 19:10:19", "elapsed": 637.724218, "delta": 3.013383}}
{"target": -45.82281939225965, "params": {"C": 112.63786041500684, "epsilon": 0.061199343645845866, "gamma": 0.0730216079055536, "lamda": 0.0579923088351879}, "datetime": {"datetime": "2021-09-24 19:10:21", "elapsed": 639.648148, "delta": 1.92393}}
{"target": -43.41338370074439, "params": {"C": 107.85072245117928, "epsilon": 0.7268901473620049, "gamma": 0.04108376940776326, "lamda": 1.4402152452730774}, "datetime": {"datetime": "2021-09-24 19:10:24", "elapsed": 643.161302, "delta": 3.513154}}
{"target": -43.353223913123166, "params": {"C": 106.50230440760248, "epsilon": 0.8103112580355915, "gamma": 0.036276625303796786, "lamda": 1.2885616848120334}, "datetime": {"datetime": "2021-09-24 19:10:28", "elapsed": 646.281198, "delta": 3.119896}}
{"target": -43.67159303108903, "params": {"C": 143.2514942923803, "epsilon": 0.6807545325867272, "gamma": 0.005336804154282836, "lamda": 1.2371099050079373}, "datetime": {"datetime": "2021-09-24 19:10:31", "elapsed": 649.878066, "delta": 3.596868}}
{"target": -46.27373699195514, "params": {"C": 111.2826686195002, "epsilon": 0.9424005089939286, "gamma": 0.10013754221786678, "lamda": 0.3736408075076995}, "datetime": {"datetime": "2021-09-24 19:10:33", "elapsed": 651.922841, "delta": 2.044775}}
{"target": -45.26204247043681, "params": {"C": 123.87933180968457, "epsilon": 0.6642755653026122, "gamma": 0.11551592172440196, "lamda": 1.1000113538704408}, "datetime": {"datetime": "2021-09-24 19:10:35", "elapsed": 653.962406, "delta": 2.039565}}
{"target": -43.847976962409824, "params": {"C": 113.90508336340137, "epsilon": 0.8664104174268308, "gamma": 0.06181156400945456, "lamda": 1.0147817514454422}, "datetime": {"datetime": "2021-09-24 19:10:40", "elapsed": 658.667757, "delta": 4.705351}}
{"target": -44.516047693959, "params": {"C": 148.17674618118554, "epsilon": 0.43298319437315286, "gamma": 0.03328861101611967, "lamda": 0.7620633382291053}, "datetime": {"datetime": "2021-09-24 19:10:42", "elapsed": 660.390013, "delta": 1.722256}}
{"target": -45.34639786089063, "params": {"C": 117.37482126638318, "epsilon": 0.1529500550835969, "gamma": 0.06858120695909314, "lamda": 1.1019097756842342}, "datetime": {"datetime": "2021-09-24 19:10:44", "elapsed": 662.304617, "delta": 1.914604}}
{"target": -43.32296617872037, "params": {"C": 114.88089051275523, "epsilon": 0.6899917591506198, "gamma": 0.018019457550707836, "lamda": 1.215453940653518}, "datetime": {"datetime": "2021-09-24 19:10:46", "elapsed": 664.217338, "delta": 1.912721}}
{"target": -43.22084885803833, "params": {"C": 112.79805353848487, "epsilon": 0.9593909686318002, "gamma": 0.021765228344081868, "lamda": 1.1161229755311353}, "datetime": {"datetime": "2021-09-24 19:10:49", "elapsed": 667.653759, "delta": 3.436421}}
