{"target": -44.892010086722124, "params": {"C": 103.84726957796333, "epsilon": 0.48854501129002975, "gamma": 0.061474545036265905, "lamda": 0.5479667858651052}, "datetime": {"datetime": "2021-09-24 19:04:39", "elapsed": 297.780197, "delta": 1.661521}}
{"target": -43.64868401582173, "params": {"C": 112.92351026267677, "epsilon": 0.9099463808043693, "gamma": 0.05494538612816774, "lamda": 1.0580247872126631}, "datetime": {"datetime": "2021-09-24 19:04:40", "elapsed": 299.085111, "delta": 1.304914}}
{"target": -44.08936950746431, "params": {"C": 103.38110586791234, "epsilon": 0.9310797502297511, "gamma": 0.06624493495179533, "lamda": 0.9187205319190747}, "datetime": {"datetime": "2021-09-24 19:04:42", "elapsed": 301.075752, "delta": 1.990641}}
{"target": -43.97536436294804, "params": {"C": 106.01828169509174, "epsilon": 0.831845730565217, "gamma": 0.06565732274648099, "lamda": 1.071160628520421}, "datetime": {"datetime": "2021-09-24 19:04:44", "elapsed": 302.348959, "delta": 1.273207}}
{"target": -43.660419715991914, "params": {"C": 107.8400325186621, "epsilon": 0.7395738858498642, "gamma": 0.0070594988511497765, "lamda": 1.4075989710623422}, "datetime": {"datetime": "2021-09-24 19:04:46", "elapsed": 304.223187, "delta": 1.874228}}
{"target": -43.61479471299685, "params": {"C": 143.4181328694152, "epsilon": 0.4771153086618503, "gamma": 0.024604477299975204, "lamda": 1.2393747983015282}, "datetime": {"datetime": "2021-09-24 19:04:48", "elapsed": 306.209497, "delta": 1.98631}}
{"target": -43.638020475533715, "params": {"C": 143.21081828795616, "epsilon": 0.6504966712778825, "gamma": 0.005409983344138974, "lamda": 1.2612688421192628}, "datetime": {"datetime": "2021-09-24 19:04:50", "elapsed": 308.580757, "delta": 2.37126}}
{"target": -44.39871072326804, "params": {"C": 111.96809236757437, "epsilon": 0.09155120887379839, "gamma": 0.032222763861777685, "lamda": 1.2422093555755418}, "datetime": {"datetime": "2021-09-24 19:04:51", "elapsed": 309.966765, "delta": 1.386008}}
{"target": -43.423869548465476, "params": {"C": 141.62213083355388, "epsilon": 0.876067045867492, "gamma": 0.042398719370035344, "lamda": 1.0627724041565534}, "datetime": {"datetime": "2021-09-24 19:04:53", "elapsed": 311.470509, "delta": 1.503744}}
{"target": -43.24843674356087, "params": {"C": 110.50868576854398, "epsilon": 0.7882778706930196, "gamma": 0.03484172082607766, "lamda": 1.4613532011093187}, "datetime": {"datetime": "2021-09-24 19:04:54", "elapsed": 312.797714, "delta": 1.327205}}
{"target": -43.20759053091475, "params": {"C": 110.57835827093417, "epsilon": 0.8194670077586659, "gamma": 0.031267082422786883, "lamda": 1.4654824822948271}, "datetime": {"datetime": "2021-09-24 19:04:56", "elapsed": 314.630255, "delta": 1.832541}}
{"target": -43.226465026774044, "params": {"C": 110.55695805294854, "epsilon": 0.857963444767535, "gamma": 0.02384763692824542, "lamda": 1.3817900504087273}, "datetime": {"datetime": "2021-09-24 19:04:58", "elapsed": 316.524682, "delta": 1.894427}}
{"target": -44.23375465540629, "params": {"C": 129.5964506518908, "epsilon": 0.3078780599375135, "gamma": 0.018750209308679433, "lamda": 0.32137304075076994}, "datetime": {"datetime": "2021-09-24 19:04:59", "elapsed": 317.952779, "delta": 1.428097}}
{"target": -43.49256336247673, "params": {"C": 110.37981469720754, "epsilon": 0.766203599364665, "gamma": 0.011280318581942818, "lamda": 1.4632482097269632}, "datetime": {"datetime": "2021-09-24 19:05:01", "elapsed": 319.896395, "delta": 1.943616}}
{"target": -43.5443841148634, "params": {"C": 143.365794964465, "epsilon": 0.5594245456434932, "gamma": 0.029246606024755477, "lamda": 1.1830918158300257}, "datetime": {"datetime": "2021-09-24 19:05:03", "elapsed": 321.783158, "delta": 1.886763}}
{"target": -44.474223544735175, "params": {"C": 110.55653115254725, "epsilon": 0.748050583719881, "gamma": 0.09262607213288133, "lamda": 1.3620692496227151}, "datetime": {"datetime": "2021-09-24 19:05:05", "elapsed": 323.78839, "delta": 2.005232}}
{"target": -45.01213660264625, "params": {"C": 147.56732274954774, "epsilon": 0.6534080995561962, "gamma": 0.07749328344788453, "lamda": 0.7677617835491076}, "datetime": {"datetime": "2021-09-24 19:05:07", "elapsed": 325.392614, "delta": 1.604224}}
{"target": -43.404087958002094, "params": {"C": 110.59773388767638, "epsilon": 0.7680884129734986, "gamma": 0.0441899094005847, "lamda": 1.44624148706822}, "datetime": {"datetime": "2021-09-24 19:05:09", "elapsed": 327.405356, "delta": 2.012742}}
{"target": -44.36798386559668, "params": {"C": 128.420933488932, "epsilon": 0.05639606549599387, "gamma": 0.01898953255924752, "lamda": 0.8008841397008181}, "datetime": {"datetime": "2021-09-24 19:05:10", "elapsed": 328.779142, "delta": 1.373786}}
{"target": -43.4358182539782, "params": {"C": 110.64279493204377, "epsilon": 0.8120418626103093, "gamma": 0.046131385185769085, "lamda": 1.3541585431515941}, "datetime": {"datetime": "2021-09-24 19:05:12", "elapsed": 331.030647, "delta": 2.251505}}
{"target": -44.25540486783608, "params": {"C": 143.18484244389035, "epsilon": 0.6501590680064867, "gamma": 0.07939631655456221, "lamda": 1.3153832938118246}, "datetime": {"datetime": "2021-09-24 19:05:16", "elapsed": 334.731616, "delta": 2.225259}}
{"target": -44.69805586138943, "params": {"C": 143.91480051510345, "epsilon": 0.24078750884383024, "gamma": 0.03918889760023397, "lamda": 0.9145142990784635}, "datetime": {"datetime": "2021-09-24 19:05:17", "elapsed": 336.042776, "delta": 1.31116}}
{"target": -43.354204879193965, "params": {"C": 110.5479431282448, "epsilon": 0.8055245902734025, "gamma": 0.042082789869100065, "lamda": 1.4414271004636119}, "datetime": {"datetime": "2021-09-24 19:05:19", "elapsed": 337.716027, "delta": 1.673251}}
{"target": -43.195482770557014, "params": {"C": 144.8591432657871, "epsilon": 0.961299710768652, "gamma": 0.028271686142490548, "lamda": 1.1240921879539896}, "datetime": {"datetime": "2021-09-24 19:05:21", "elapsed": 340.007688, "delta": 2.291661}}
{"target": -43.5721550244637, "params": {"C": 140.45128219159832, "epsilon": 0.8899031117719604, "gamma": 0.041695251822032375, "lamda": 0.8583164373335699}, "datetime": {"datetime": "2021-09-24 19:05:23", "elapsed": 341.688933, "delta": 1.681245}}
{"target": -46.44996914736139, "params": {"C": 106.48136359546646, "epsilon": 0.12378496206841831, "gamma": 0.11823277873572598, "lamda": 0.3765804911224766}, "datetime": {"datetime": "2021-09-24 19:05:25", "elapsed": 343.673702, "delta": 1.984769}}
{"target": -43.430385839005744, "params": {"C": 107.95414603016678, "epsilon": 0.7106161620595728, "gamma": 0.04012265231508031, "lamda": 1.4169212898966184}, "datetime": {"datetime": "2021-09-24 19:05:28", "elapsed": 346.272641, "delta": 2.598939}}
{"target": -46.49060329399393, "params": {"C": 112.87660712596343, "epsilon": 0.9862907473816128, "gamma": 0.0017455531971897484, "lamda": 1.079575876290578}, "datetime": {"datetime": "2021-09-24 19:05:30", "elapsed": 348.945539, "delta": 2.672898}}
{"target": -46.49540200479901, "params": {"C": 136.6436845844248, "epsilon": 0.17972022639969948, "gamma": 0.09245548557573527, "lamda": 1.2484777570802041}, "datetime": {"datetime": "2021-09-24 19:05:33", "elapsed": 351.16612, "delta": 2.220581}}
{"target": -46.35297361040535, "params": {"C": 100.50520077357936, "epsilon": 0.008833662573175562, "gamma": 0.10386138809878262, "lamda": 1.187354159466155}, "datetime": {"datetime": "2021-09-24 19:05:35", "elapsed": 353.564658, "delta": 2.398538}}
{"target": -45.88619719369657, "params": {"C": 134.18096668015144, "epsilon": 0.6102276105415059, "gamma": 0.07996803904604641, "lamda": 0.3338661886131764}, "datetime": {"datetime": "2021-09-24 19:05:37", "elapsed": 355.770715, "delta": 2.206057}}
{"target": -46.2988771048323, "params": {"C": 130.5287085702433, "epsilon": 0.591388503142849, "gamma": 0.09627659423307705, "lamda": 0.5554466716398684}, "datetime": {"datetime": "2021-09-24 19:05:39", "elapsed": 357.619882, "delta": 1.849167}}
{"target": -43.58472721202321, "params": {"C": 143.2190575980954, "epsilon": 0.6773627404920592, "gamma": 0.05044653919970506, "lamda": 1.2442011037219802}, "datetime": {"datetime": "2021-09-24 19:05:42", "elapsed": 360.208757, "delta": 2.588875}}
{"target": -43.54508594819292, "params": {"C": 107.95906488492278, "epsilon": 0.6806414326232552, "gamma": 0.008044675459192109, "lamda": 1.3761808056464238}, "datetime": {"datetime": "2021-09-24 19:05:44", "elapsed": 362.598435, "delta": 2.389678}}
{"target": -44.19345771400804, "params": {"C": 129.92610436803008, "epsilon": 0.41979955062888347, "gamma": 0.020468663670697676, "lamda": 0.6679771200208983}, "datetime": {"datetime": "2021-09-24 19:05:46", "elapsed": 364.449899, "delta": 1.851464}}
{"target": -43.53650226024941, "params": {"C": 110.52342319232135, "epsilon": 0.8606043104750932, "gamma": 0.010024771110352132, "lamda": 1.3045172549136796}, "datetime": {"datetime": "2021-09-24 19:05:48", "elapsed": 367.082321, "delta": 2.632422}}
{"target": -43.507947885998625, "params": {"C": 123.69772021210636, "epsilon": 0.476519735249453, "gamma": 0.003989029939059849, "lamda": 0.83650143726582}, "datetime": {"datetime": "2021-09-24 19:05:50", "elapsed": 368.860531, "delta": 1.77821}}
{"target": -45.44880394520668, "params": {"C": 141.25310584950046, "epsilon": 0.7424445295319246, "gamma": 0.06309208510427168, "lamda": 0.3672671766652358}, "datetime": {"datetime": "2021-09-24 19:05:52", "elapsed": 370.582295, "delta": 1.721764}}
{"target": -46.492966017444964, "params": {"C": 144.25567975339305, "epsilon": 0.23962465001628447, "gamma": 0.08704523703980122, "lamda": 0.14830681253782851}, "datetime": {"datetime": "2021-09-24 19:05:54", "elapsed": 372.310956, "delta": 1.728661}}
{"target": -43.620562394381565, "params": {"C": 108.25940633996368, "epsilon": 0.6806088362926092, "gamma": 0.0062080970516248946, "lamda": 1.2542508841399493}, "datetime": {"datetime": "2021-09-24 19:05:55", "elapsed": 374.114996, "delta": 1.80404}}
{"target": -43.839370633419136, "params": {"C": 106.49872254567059, "epsilon": 0.8938653415727259, "gamma": 0.06653644694629378, "lamda": 1.1361174202470923}, "datetime": {"datetime": "2021-09-24 19:05:58", "elapsed": 376.519859, "delta": 2.404863}}
{"target": -44.05300673049231, "params": {"C": 138.74568486381997, "epsilon": 0.09493335456227389, "gamma": 0.01148950423878502, "lamda": 1.3773412105317542}, "datetime": {"datetime": "2021-09-24 19:06:00", "elapsed": 378.436015, "delta": 1.916156}}
{"target": -43.34088419919314, "params": {"C": 114.88270936007056, "epsilon": 0.7083024954303528, "gamma": 0.015506281587075895, "lamda": 1.2185754467252254}, "datetime": {"datetime": "2021-09-24 19:06:02", "elapsed": 380.299292, "delta": 1.863277}}
{"target": -44.16213363187871, "params": {"C": 139.87746329178304, "epsilon": 0.5466221057730426, "gamma": 0.018224491332742978, "lamda": 0.38938406721163493}, "datetime": {"datetime": "2021-09-24 19:06:04", "elapsed": 382.307458, "delta": 2.008166}}
{"target": -46.38217783255295, "params": {"C": 130.7646698970454, "epsilon": 0.11036762179840132, "gamma": 0.10215555716468218, "lamda": 1.0849265551082823}, "datetime": {"datetime": "2021-09-24 19:06:05", "elapsed": 383.811254, "delta": 1.503796}}
{"target": -46.17072383548256, "params": {"C": 147.8986515053005, "epsilon": 0.19050559113024235, "gamma": 0.0840064680686727, "lamda": 0.8074446615939717}, "datetime": {"datetime": "2021-09-24 19:06:07", "elapsed": 385.44559, "delta": 1.634336}}
{"target": -45.399401409393356, "params": {"C": 145.6959387955142, "epsilon": 0.3913019988054627, "gamma": 0.05562805918961218, "lamda": 0.242163461431969}, "datetime": {"datetime": "2021-09-24 19:06:08", "elapsed": 387.143682, "delta": 1.698092}}
{"target": -44.690709088613524, "params": {"C": 143.29485319039856, "epsilon": 0.7428163971815431, "gamma": 0.06800071440911586, "lamda": 0.7090885016628256}, "datetime": {"datetime": "2021-09-24 19:06:10", "elapsed": 388.671372, "delta": 1.52769}}
{"target": -43.566286294553024, "params": {"C": 121.27652905099862, "epsilon": 0.43817112721600154, "gamma": 0.003553834886363083, "lamda": 0.9031849193037841}, "datetime": {"datetime": "2021-09-24 19:06:12", "elapsed": 390.231006, "delta": 1.559634}}
{"target": -46.4692083096369, "params": {"C": 100.30950628987844, "epsilon": 0.4392281262260988, "gamma": 0.11549969737201965, "lamda": 0.6560136662411132}, "datetime": {"datetime": "2021-09-24 19:06:13", "elapsed": 391.784197, "delta": 1.553191}}
{"target": -46.704214673603175, "params": {"C": 146.40535468042646, "epsilon": 0.2154703827014335, "gamma": 0.09651643875315757, "lamda": 0.8943204657515816}, "datetime": {"datetime": "2021-09-24 19:06:15", "elapsed": 393.45834, "delta": 1.674143}}
{"target": -45.610401173792056, "params": {"C": 106.38424983897235, "epsilon": 0.7366314334313182, "gamma": 0.10371241912557233, "lamda": 0.7614225465016157}, "datetime": {"datetime": "2021-09-24 19:06:16", "elapsed": 395.066299, "delta": 1.607959}}
{"target": -46.74156752720623, "params": {"C": 138.23368492919832, "epsilon": 0.715713049902222, "gamma": 0.10948943741283469, "lamda": 0.03497197204070728}, "datetime": {"datetime": "2021-09-24 19:06:19", "elapsed": 397.166784, "delta": 2.100485}}
{"target": -43.69452884553239, "params": {"C": 146.10848902568304, "epsilon": 0.8188533939516617, "gamma": 0.006249705378485817, "lamda": 1.2110138313646182}, "datetime": {"datetime": "2021-09-24 19:06:20", "elapsed": 399.145404, "delta": 1.97862}}
{"target": -46.189796269774476, "params": {"C": 146.49812583640363, "epsilon": 0.5544339820547971, "gamma": 0.11363857046141941, "lamda": 0.7351489074709989}, "datetime": {"datetime": "2021-09-24 19:06:22", "elapsed": 400.895361, "delta": 1.749957}}
{"target": -44.414433921081105, "params": {"C": 119.81621282294745, "epsilon": 0.5395566964439571, "gamma": 0.0323482709492421, "lamda": 0.3022881084849041}, "datetime": {"datetime": "2021-09-24 19:06:24", "elapsed": 402.615968, "delta": 1.720607}}
{"target": -45.08387054159, "params": {"C": 112.78152824368576, "epsilon": 0.8502282742969514, "gamma": 0.06227829454389009, "lamda": 0.24205595929543952}, "datetime": {"datetime": "2021-09-24 19:06:26", "elapsed": 404.294245, "delta": 1.678277}}
{"target": -43.89009818428936, "params": {"C": 110.3958834687904, "epsilon": 0.8072299623797463, "gamma": 0.07273858090377344, "lamda": 1.434536489858153}, "datetime": {"datetime": "2021-09-24 19:06:27", "elapsed": 405.789065, "delta": 1.49482}}
{"target": -44.983957935052665, "params": {"C": 101.54803526030676, "epsilon": 0.37582697976318863, "gamma": 0.07110960017678594, "lamda": 1.3514418804682624}, "datetime": {"datetime": "2021-09-24 19:06:28", "elapsed": 407.160977, "delta": 1.371912}}
{"target": -44.86539623185547, "params": {"C": 143.24527012033263, "epsilon": 0.40456204680435376, "gamma": 0.07931236551618771, "lamda": 1.363406737237283}, "datetime": {"datetime": "2021-09-24 19:06:30", "elapsed": 408.474276, "delta": 1.313299}}
{"target": -43.32606096000144, "params": {"C": 106.48284602969447, "epsilon": 0.9457595345883415, "gamma": 0.03845872507846038, "lamda": 1.1925171194175355}, "datetime": {"datetime": "2021-09-24 19:06:32", "elapsed": 410.37786, "delta": 1.903584}}
{"target": -46.53397141771372, "params": {"C": 140.08737880924744, "epsilon": 0.02093186622418456, "gamma": 0.07996286763473634, "lamda": 0.1413660292230211}, "datetime": {"datetime": "2021-09-24 19:06:33", "elapsed": 411.890763, "delta": 1.512903}}
{"target": -44.07694558185713, "params": {"C": 106.63111170703274, "epsilon": 0.2409764544022112, "gamma": 0.0179797530561012, "lamda": 0.8414229761549217}, "datetime": {"datetime": "2021-09-24 19:06:35", "elapsed": 413.270615, "delta": 1.379852}}
{"target": -43.594542137207895, "params": {"C": 106.52214873866113, "epsilon": 0.8624112493008015, "gamma": 0.007336084730753833, "lamda": 1.1197378782071865}, "datetime": {"datetime": "2021-09-24 19:06:37", "elapsed": 415.413881, "delta": 2.143266}}
{"target": -44.15876333650001, "params": {"C": 143.36806754386834, "epsilon": 0.43754153906894266, "gamma": 0.048042725122691324, "lamda": 1.226664079500961}, "datetime": {"datetime": "2021-09-24 19:06:39", "elapsed": 417.720064, "delta": 2.306183}}
{"target": -46.28536325592854, "params": {"C": 105.52827564488175, "epsilon": 0.4426556068697076, "gamma": 0.11328314440560236, "lamda": 0.33376562825045786}, "datetime": {"datetime": "2021-09-24 19:06:41", "elapsed": 419.182329, "delta": 1.462265}}
{"target": -43.21308515746801, "params": {"C": 110.43955695073599, "epsilon": 0.7272359081230884, "gamma": 0.02651350054582658, "lamda": 1.4328450996472684}, "datetime": {"datetime": "2021-09-24 19:06:43", "elapsed": 421.947538, "delta": 2.765209}}
{"target": -45.63075502698548, "params": {"C": 144.25856023339344, "epsilon": 0.1666393687394247, "gamma": 0.07041413103302598, "lamda": 0.9558118998675419}, "datetime": {"datetime": "2021-09-24 19:06:45", "elapsed": 423.384392, "delta": 1.436854}}
{"target": -46.33705833091048, "params": {"C": 145.83984567259043, "epsilon": 0.04876287061781093, "gamma": 0.09143489650654331, "lamda": 1.492310487537483}, "datetime": {"datetime": "2021-09-24 19:06:46", "elapsed": 424.848326, "delta": 1.463934}}
{"target": -43.56379851571456, "params": {"C": 106.66102264069589, "epsilon": 0.9253427607763985, "gamma": 0.054941447346056264, "lamda": 1.2203083967059625}, "datetime": {"datetime": "2021-09-24 19:06:49", "elapsed": 427.568694, "delta": 2.720368}}
{"target": -44.49288211011493, "params": {"C": 117.74520002934952, "epsilon": 0.9523367902295493, "gamma": 0.09681330177738692, "lamda": 1.1643828024316698}, "datetime": {"datetime": "2021-09-24 19:06:50", "elapsed": 429.129307, "delta": 1.560613}}
{"target": -44.50257505588025, "params": {"C": 127.63056382140567, "epsilon": 0.7663179035605729, "gamma": 0.04673457177765076, "lamda": 0.5671105964744607}, "datetime": {"datetime": "2021-09-24 19:06:52", "elapsed": 430.708679, "delta": 1.579372}}
{"target": -43.28165506477666, "params": {"C": 110.60822965287709, "epsilon": 0.8506367101949779, "gamma": 0.020000684765174342, "lamda": 1.3542772351511518}, "datetime": {"datetime": "2021-09-24 19:06:54", "elapsed": 432.836387, "delta": 2.127708}}
{"target": -47.19417917765217, "params": {"C": 143.25509017665564, "epsilon": 0.5711696587989297, "gamma": 0.001, "lamda": 1.2775572080402535}, "datetime": {"datetime": "2021-09-24 19:06:57", "elapsed": 435.214149, "delta": 2.377762}}
{"target": -44.30488533318117, "params": {"C": 106.6298355828539, "epsilon": 0.8971862287261083, "gamma": 0.08781151613525398, "lamda": 1.2335417677035716}, "datetime": {"datetime": "2021-09-24 19:06:59", "elapsed": 437.216118, "delta": 2.001969}}
{"target": -43.8818999319283, "params": {"C": 114.76136222834445, "epsilon": 0.7371682205435034, "gamma": 0.0021816413537692004, "lamda": 0.17259734414045214}, "datetime": {"datetime": "2021-09-24 19:07:00", "elapsed": 438.847304, "delta": 1.631186}}
{"target": -44.182916318785736, "params": {"C": 103.67937154058721, "epsilon": 0.5418075709514281, "gamma": 0.059457631521826114, "lamda": 1.3648132864080562}, "datetime": {"datetime": "2021-09-24 19:07:02", "elapsed": 440.305472, "delta": 1.458168}}
{"target": -44.54519089243922, "params": {"C": 121.36013366434815, "epsilon": 0.3376292470046243, "gamma": 0.03561576069792248, "lamda": 1.0118770763799145}, "datetime": {"datetime": "2021-09-24 19:07:03", "elapsed": 442.019769, "delta": 1.714297}}
{"target": -43.263350221738534, "params": {"C": 106.57962940973037, "epsilon": 0.7907329285300408, "gamma": 0.028428698564830355, "lamda": 1.281540535805187}, "datetime": {"datetime": "2021-09-24 19:07:05", "elapsed": 444.043107, "delta": 2.023338}}
{"target": -43.66203257652853, "params": {"C": 143.30307490323776, "epsilon": 0.5088935653968711, "gamma": 0.031683580191931106, "lamda": 1.237032091562798}, "datetime": {"datetime": "2021-09-24 19:07:08", "elapsed": 446.807774, "delta": 2.764667}}
{"target": -43.55875953790091, "params": {"C": 143.21497590635516, "epsilon": 0.5114124878912747, "gamma": 0.027314412346770546, "lamda": 1.249163067571741}, "datetime": {"datetime": "2021-09-24 19:07:11", "elapsed": 449.228356, "delta": 2.420582}}
{"target": -45.01786147511555, "params": {"C": 134.84563339252716, "epsilon": 0.5540883639717388, "gamma": 0.10732260752019593, "lamda": 1.4231641932723555}, "datetime": {"datetime": "2021-09-24 19:07:12", "elapsed": 450.88891, "delta": 1.660554}}
{"target": -44.254395184580886, "params": {"C": 110.48742193756574, "epsilon": 0.15310209075642084, "gamma": 0.025182805191522075, "lamda": 1.1374496322778636}, "datetime": {"datetime": "2021-09-24 19:07:14", "elapsed": 452.336335, "delta": 1.447425}}
{"target": -45.499968074596765, "params": {"C": 100.84640664878364, "epsilon": 0.9923154730703359, "gamma": 0.08295824313221258, "lamda": 0.26392602505898}, "datetime": {"datetime": "2021-09-24 19:07:15", "elapsed": 453.927282, "delta": 1.590947}}
{"target": -43.34451044607865, "params": {"C": 143.14011313225163, "epsilon": 0.5491522708876784, "gamma": 0.01310154558017199, "lamda": 1.2226510672841813}, "datetime": {"datetime": "2021-09-24 19:07:18", "elapsed": 456.224391, "delta": 2.297109}}
{"target": -43.201874043492104, "params": {"C": 143.24428028156396, "epsilon": 0.6649042394692231, "gamma": 0.020940853525898133, "lamda": 1.1931860701956196}, "datetime": {"datetime": "2021-09-24 19:07:20", "elapsed": 458.838714, "delta": 2.614323}}
{"target": -44.880173474699255, "params": {"C": 103.20566005355946, "epsilon": 0.08389300702159282, "gamma": 0.05187468397718502, "lamda": 1.2663856404176868}, "datetime": {"datetime": "2021-09-24 19:07:22", "elapsed": 460.300536, "delta": 1.461822}}
{"target": -43.8114773123427, "params": {"C": 109.60610612173755, "epsilon": 0.6507568501518161, "gamma": 0.06319631756815634, "lamda": 1.4421697638933215}, "datetime": {"datetime": "2021-09-24 19:07:23", "elapsed": 461.881161, "delta": 1.580625}}
