{"target": -44.853279942788845, "params": {"C": 20.262064237696983, "epsilon": 0.26428303775980844, "gamma": 0.126808659760902, "lamda": 0.7164625194880931}, "datetime": {"datetime": "2021-09-24 17:33:54", "elapsed": 787.225577, "delta": 5.659325}}
{"target": -56.76790806467139, "params": {"C": 3.6361437721976855, "epsilon": 0.33882572818122725, "gamma": 0.30707431404387386, "lamda": 0.4840504876431384}, "datetime": {"datetime": "2021-09-24 17:33:56", "elapsed": 789.419054, "delta": 2.193477}}
{"target": -49.044790205328404, "params": {"C": 5.142413413352355, "epsilon": 0.27045986129296024, "gamma": 0.011998174348560143, "lamda": 0.04330044041307356}, "datetime": {"datetime": "2021-09-24 17:33:58", "elapsed": 791.564135, "delta": 2.145081}}
{"target": -51.7049881838342, "params": {"C": 32.10154919852988, "epsilon": 0.40055752988755094, "gamma": 0.4760432066421756, "lamda": 0.6280405807124593}, "datetime": {"datetime": "2021-09-24 17:34:00", "elapsed": 793.891039, "delta": 2.326904}}
{"target": -49.60389127013764, "params": {"C": 35.25189684496248, "epsilon": 0.3562115082463736, "gamma": 0.4040221182684729, "lamda": 0.9291618391589885}, "datetime": {"datetime": "2021-09-24 17:34:02", "elapsed": 795.840813, "delta": 1.949774}}
{"target": -44.86648047774503, "params": {"C": 24.46772657445734, "epsilon": 0.5770440173273462, "gamma": 0.12124732387674386, "lamda": 0.6756572715655449}, "datetime": {"datetime": "2021-09-24 17:34:08", "elapsed": 801.090313, "delta": 5.2495}}
{"target": -43.80408963138556, "params": {"C": 24.54077732694716, "epsilon": 0.6332540158737099, "gamma": 0.03190266042302629, "lamda": 0.680504789777071}, "datetime": {"datetime": "2021-09-24 17:34:12", "elapsed": 805.579987, "delta": 4.489674}}
{"target": -43.74820608206604, "params": {"C": 24.054976497988438, "epsilon": 0.5568132060562232, "gamma": 0.040583133266378066, "lamda": 0.6331978527443746}, "datetime": {"datetime": "2021-09-24 17:34:17", "elapsed": 810.380268, "delta": 4.800281}}
{"target": -43.65603170952213, "params": {"C": 39.65270533819816, "epsilon": 0.41536731665154, "gamma": 0.013031493331127016, "lamda": 0.14642822656215237}, "datetime": {"datetime": "2021-09-24 17:34:23", "elapsed": 816.148751, "delta": 5.768483}}
{"target": -43.7556671968988, "params": {"C": 29.95270942124493, "epsilon": 0.47239093061672865, "gamma": 0.04782060830267254, "lamda": 0.5115226735567895}, "datetime": {"datetime": "2021-09-24 17:34:28", "elapsed": 821.799272, "delta": 5.650521}}
{"target": -55.265613985459446, "params": {"C": 14.23133783274887, "epsilon": 0.14650327585301323, "gamma": 0.47751307053928166, "lamda": 0.2905748514671018}, "datetime": {"datetime": "2021-09-24 17:34:30", "elapsed": 823.782939, "delta": 1.983667}}
{"target": -46.0094397471606, "params": {"C": 39.69614327480925, "epsilon": 0.32266553226475525, "gamma": 0.18617408576625066, "lamda": 0.20335104322560404}, "datetime": {"datetime": "2021-09-24 17:34:36", "elapsed": 828.972538, "delta": 5.189599}}
{"target": -44.760397007115785, "params": {"C": 24.142526151698448, "epsilon": 0.5106737983506332, "gamma": 0.11688911818581749, "lamda": 0.7033595451984916}, "datetime": {"datetime": "2021-09-24 17:34:40", "elapsed": 833.44781, "delta": 4.475272}}
{"target": -45.71076686907492, "params": {"C": 44.599867686148386, "epsilon": 0.6585227196480251, "gamma": 0.13342804150617796, "lamda": 0.6173585958393689}, "datetime": {"datetime": "2021-09-24 17:34:42", "elapsed": 835.45529, "delta": 2.00748}}
{"target": -43.89303358936628, "params": {"C": 24.03876471828799, "epsilon": 0.6973339281581987, "gamma": 0.01092161418673369, "lamda": 0.5131222468471536}, "datetime": {"datetime": "2021-09-24 17:34:46", "elapsed": 839.766694, "delta": 4.311404}}
{"target": -45.04694387523685, "params": {"C": 29.90324234443298, "epsilon": 0.3347265431597698, "gamma": 0.1307103319840483, "lamda": 0.5649954806148507}, "datetime": {"datetime": "2021-09-24 17:34:51", "elapsed": 844.74077, "delta": 4.974076}}
{"target": -51.37872814484869, "params": {"C": 13.38510320670671, "epsilon": 0.061199343645845866, "gamma": 0.3030065743266492, "lamda": 0.03955884827412008}, "datetime": {"datetime": "2021-09-24 17:34:53", "elapsed": 846.94815, "delta": 2.20738}}
{"target": -45.24580823994694, "params": {"C": 39.7017473863797, "epsilon": 0.9831916391818071, "gamma": 0.13369388088280726, "lamda": 0.00949718768286062}, "datetime": {"datetime": "2021-09-24 17:34:58", "elapsed": 851.77165, "delta": 4.8235}}
{"target": -52.9091804420673, "params": {"C": 24.482933797744572, "epsilon": 0.9279037874882309, "gamma": 0.001, "lamda": 0.49608015886237017}, "datetime": {"datetime": "2021-09-24 17:35:03", "elapsed": 856.753868, "delta": 4.982218}}
{"target": -43.875682991670125, "params": {"C": 24.70887663430631, "epsilon": 0.7276420310163152, "gamma": 0.06373532590752459, "lamda": 0.6342144526879825}, "datetime": {"datetime": "2021-09-24 17:35:09", "elapsed": 862.150679, "delta": 5.396811}}
{"target": -54.68213783210669, "params": {"C": 12.057015247110199, "epsilon": 0.9424005089939286, "gamma": 0.4167112064429876, "lamda": 0.2497947641177357}, "datetime": {"datetime": "2021-09-24 17:35:11", "elapsed": 864.527906, "delta": 2.377227}}
{"target": -53.0326964709824, "params": {"C": 24.401745173490887, "epsilon": 0.6642755653026122, "gamma": 0.4811970163065259, "lamda": 0.73358980099778}, "datetime": {"datetime": "2021-09-24 17:35:13", "elapsed": 866.804151, "delta": 2.276245}}
{"target": -46.25651796249332, "params": {"C": 24.083873716210075, "epsilon": 0.6771440098664238, "gamma": 0.20147703572610914, "lamda": 0.5974709034795423}, "datetime": {"datetime": "2021-09-24 17:35:19", "elapsed": 872.555204, "delta": 5.751053}}
{"target": -45.92029880129008, "params": {"C": 48.21321125756181, "epsilon": 0.43298319437315286, "gamma": 0.13639509997515728, "lamda": 0.5085014166883634}, "datetime": {"datetime": "2021-09-24 17:35:21", "elapsed": 874.723815, "delta": 2.168611}}
{"target": -49.000249444961796, "params": {"C": 18.027324841055513, "epsilon": 0.1529500550835969, "gamma": 0.2843867417864494, "lamda": 0.7348542342213148}, "datetime": {"datetime": "2021-09-24 17:35:23", "elapsed": 876.842937, "delta": 2.119122}}
{"target": -43.99650204810967, "params": {"C": 15.583272702500125, "epsilon": 0.6899917591506198, "gamma": 0.07236730519162363, "lamda": 0.8104796897878956}, "datetime": {"datetime": "2021-09-24 17:35:26", "elapsed": 878.982408, "delta": 2.139471}}
{"target": -44.63537234836917, "params": {"C": 20.217627076139944, "epsilon": 0.5654880968357856, "gamma": 0.11694918905071586, "lamda": 0.5434728286113528}, "datetime": {"datetime": "2021-09-24 17:35:31", "elapsed": 884.144465, "delta": 5.162057}}
{"target": -44.749964049907575, "params": {"C": 30.058657751784185, "epsilon": 0.4737673401979178, "gamma": 0.10600694896179803, "lamda": 0.6761477350357394}, "datetime": {"datetime": "2021-09-24 17:35:35", "elapsed": 888.233954, "delta": 4.089489}}
{"target": -52.873173883404206, "params": {"C": 24.63963435561108, "epsilon": 0.6201568743179234, "gamma": 0.001, "lamda": 0.5675727393421429}, "datetime": {"datetime": "2021-09-24 17:35:41", "elapsed": 894.251141, "delta": 6.017187}}
{"target": -45.36477157094331, "params": {"C": 24.775001333737094, "epsilon": 0.8624464629971996, "gamma": 0.13970957482508253, "lamda": 0.8009751693243545}, "datetime": {"datetime": "2021-09-24 17:35:47", "elapsed": 900.579897, "delta": 6.328756}}
{"target": -43.8401270372422, "params": {"C": 24.5662593259097, "epsilon": 0.6609154388822304, "gamma": 0.05971630620133366, "lamda": 0.8613360786712222}, "datetime": {"datetime": "2021-09-24 17:35:52", "elapsed": 905.041948, "delta": 4.462051}}
{"target": -45.90905611189184, "params": {"C": 24.621418207354832, "epsilon": 0.6312456523242093, "gamma": 0.17773228290791812, "lamda": 0.7741340786925356}, "datetime": {"datetime": "2021-09-24 17:35:56", "elapsed": 909.569473, "delta": 4.527525}}
{"target": -43.817292871842184, "params": {"C": 24.699900284786054, "epsilon": 0.909902428203135, "gamma": 0.04439182253669599, "lamda": 0.661488056430288}, "datetime": {"datetime": "2021-09-24 17:36:01", "elapsed": 914.913988, "delta": 5.344515}}
{"target": -43.8966935309781, "params": {"C": 24.592158570292273, "epsilon": 0.7903737505854278, "gamma": 0.06529268572352974, "lamda": 0.7316961357436556}, "datetime": {"datetime": "2021-09-24 17:36:07", "elapsed": 920.483823, "delta": 5.569835}}
{"target": -43.66343076140173, "params": {"C": 24.462533905728048, "epsilon": 0.7267532146767973, "gamma": 0.04478597155424961, "lamda": 0.3127922962882344}, "datetime": {"datetime": "2021-09-24 17:36:12", "elapsed": 925.504778, "delta": 5.020955}}
{"target": -47.82583240601823, "params": {"C": 14.535109405757355, "epsilon": 0.68115689429209, "gamma": 0.22370674395912996, "lamda": 0.8641264673421237}, "datetime": {"datetime": "2021-09-24 17:36:14", "elapsed": 927.783535, "delta": 2.278757}}
{"target": -44.772203037844655, "params": {"C": 26.782117014586266, "epsilon": 0.8956055215236954, "gamma": 0.10795624796566415, "lamda": 0.5900558984185585}, "datetime": {"datetime": "2021-09-24 17:36:17", "elapsed": 930.451342, "delta": 2.667807}}
{"target": -44.45698157223603, "params": {"C": 12.812052823479382, "epsilon": 0.27737770194736117, "gamma": 0.01741098965633757, "lamda": 0.24758767773116244}, "datetime": {"datetime": "2021-09-24 17:36:24", "elapsed": 937.809778, "delta": 7.358436}}
{"target": -51.94638086518012, "params": {"C": 24.044249744136675, "epsilon": 0.5478829075355676, "gamma": 0.0012230603299490529, "lamda": 0.26640062663323044}, "datetime": {"datetime": "2021-09-24 17:36:31", "elapsed": 944.340045, "delta": 6.530267}}
{"target": -53.8222722631841, "params": {"C": 20.329119225013198, "epsilon": 0.4078715766087262, "gamma": 0.001, "lamda": 0.8183091758080137}, "datetime": {"datetime": "2021-09-24 17:36:37", "elapsed": 950.766526, "delta": 6.426481}}
{"target": -46.375596241910294, "params": {"C": 12.90551941161125, "epsilon": 0.34091850484327935, "gamma": 0.16390803639385176, "lamda": 0.23081445581271198}, "datetime": {"datetime": "2021-09-24 17:36:42", "elapsed": 955.718655, "delta": 4.952129}}
{"target": -45.78236512610045, "params": {"C": 24.682811720290456, "epsilon": 0.8210127092833069, "gamma": 0.1698471746367121, "lamda": 0.601647223484208}, "datetime": {"datetime": "2021-09-24 17:36:46", "elapsed": 959.597412, "delta": 3.878757}}
{"target": -43.75546517877339, "params": {"C": 29.188405841413676, "epsilon": 0.5844223653328469, "gamma": 0.03548875640169308, "lamda": 0.14241278819959283}, "datetime": {"datetime": "2021-09-24 17:36:49", "elapsed": 962.061363, "delta": 2.463951}}
{"target": -45.93720441476601, "params": {"C": 20.657315883977034, "epsilon": 0.4018861575053383, "gamma": 0.1808650511331154, "lamda": 0.796334794743624}, "datetime": {"datetime": "2021-09-24 17:36:54", "elapsed": 967.896859, "delta": 5.835496}}
{"target": -50.15564162167037, "params": {"C": 39.77660199057007, "epsilon": 0.3728141339510729, "gamma": 0.001, "lamda": 0.30938942317593204}, "datetime": {"datetime": "2021-09-24 17:37:02", "elapsed": 975.063679, "delta": 7.16682}}
{"target": -46.218812898821774, "params": {"C": 24.344541357278118, "epsilon": 0.7416017061218309, "gamma": 0.20393850118616333, "lamda": 0.2619013492638262}, "datetime": {"datetime": "2021-09-24 17:37:06", "elapsed": 979.676518, "delta": 4.612839}}
{"target": -45.13647500353116, "params": {"C": 39.546971014497416, "epsilon": 0.465165783749813, "gamma": 0.12246678221544186, "lamda": 0.15457043361726341}, "datetime": {"datetime": "2021-09-24 17:37:11", "elapsed": 984.3846, "delta": 4.708082}}
{"target": -47.63245578368545, "params": {"C": 20.50252394068983, "epsilon": 0.2827656180513308, "gamma": 0.2612254461205862, "lamda": 0.8762081935401485}, "datetime": {"datetime": "2021-09-24 17:37:15", "elapsed": 988.456869, "delta": 4.072269}}
{"target": -48.596277894812125, "params": {"C": 24.410330753865367, "epsilon": 0.6629878028970428, "gamma": 0.002351841661395006, "lamda": 0.8520405716113338}, "datetime": {"datetime": "2021-09-24 17:37:19", "elapsed": 992.770447, "delta": 4.313578}}
{"target": -53.04940874526291, "params": {"C": 10.970421237082816, "epsilon": 0.19937039843483395, "gamma": 0.332283282713631, "lamda": 0.9099374024109764}, "datetime": {"datetime": "2021-09-24 17:37:21", "elapsed": 994.913849, "delta": 2.143402}}
{"target": -54.57044359982749, "params": {"C": 17.526479861062928, "epsilon": 0.2395346514593582, "gamma": 0.001, "lamda": 0.37503016697085134}, "datetime": {"datetime": "2021-09-24 17:37:26", "elapsed": 999.054006, "delta": 4.140157}}
{"target": -44.25544095924272, "params": {"C": 42.68194765004096, "epsilon": 0.4508640196691454, "gamma": 0.07416663708229854, "lamda": 0.2769681587709408}, "datetime": {"datetime": "2021-09-24 17:37:31", "elapsed": 1004.586733, "delta": 5.532727}}
{"target": -43.773624069993666, "params": {"C": 24.41463281664208, "epsilon": 0.8378555365327357, "gamma": 0.030035922977592906, "lamda": 0.04196195393302382}, "datetime": {"datetime": "2021-09-24 17:37:37", "elapsed": 1010.079208, "delta": 5.492475}}
{"target": -45.2119586344585, "params": {"C": 7.481871692587207, "epsilon": 0.22360507871276453, "gamma": 0.07660256291809393, "lamda": 0.5620105631511926}, "datetime": {"datetime": "2021-09-24 17:37:39", "elapsed": 1012.263137, "delta": 2.183929}}
{"target": -45.53416727808496, "params": {"C": 12.505737510669363, "epsilon": 0.39179238187523946, "gamma": 0.13865143685182446, "lamda": 0.7150610507379945}, "datetime": {"datetime": "2021-09-24 17:37:41", "elapsed": 1014.351678, "delta": 2.088541}}
{"target": -43.84972997055838, "params": {"C": 39.78683956515731, "epsilon": 0.6625961772540311, "gamma": 0.0393534833819835, "lamda": 0.25351187640931133}, "datetime": {"datetime": "2021-09-24 17:37:45", "elapsed": 1018.452582, "delta": 4.100904}}
{"target": -45.09542923943815, "params": {"C": 39.69588829369565, "epsilon": 0.9294432391910915, "gamma": 0.003347471406839677, "lamda": 0.0884004557687792}, "datetime": {"datetime": "2021-09-24 17:37:47", "elapsed": 1020.657106, "delta": 2.204524}}
{"target": -45.831299556349094, "params": {"C": 39.674968180453526, "epsilon": 0.9813635936993035, "gamma": 0.15540474464232126, "lamda": 0.17497666369704745}, "datetime": {"datetime": "2021-09-24 17:37:56", "elapsed": 1029.457128, "delta": 8.800022}}
{"target": -45.08242588656536, "params": {"C": 39.65456612426226, "epsilon": 0.841894822816994, "gamma": 0.12048449219265774, "lamda": 0.039992155519843045}, "datetime": {"datetime": "2021-09-24 17:38:03", "elapsed": 1035.981316, "delta": 6.524188}}
{"target": -44.813445206231975, "params": {"C": 39.62048999347181, "epsilon": 0.9449749155771822, "gamma": 0.10656484541640453, "lamda": 0.09010346373760432}, "datetime": {"datetime": "2021-09-24 17:38:11", "elapsed": 1044.533982, "delta": 8.552666}}
{"target": -43.77100123549489, "params": {"C": 27.9890972261542, "epsilon": 0.7084396747954868, "gamma": 0.03561766393064037, "lamda": 0.5108765224371432}, "datetime": {"datetime": "2021-09-24 17:58:48", "elapsed": 0.0, "delta": 0.0}}
{"target": -43.760986451444495, "params": {"C": 44.75440076303508, "epsilon": 0.8963967958445046, "gamma": 0.015944651945196512, "lamda": 0.20732215385037292}, "datetime": {"datetime": "2021-09-24 17:58:48", "elapsed": 0.384998, "delta": 0.384998}}
{"target": -55.43684926355177, "params": {"C": 3.5218929617406642, "epsilon": 0.44136903380698583, "gamma": 0.004555269094549468, "lamda": 0.4568875410722716}, "datetime": {"datetime": "2021-09-24 17:58:49", "elapsed": 0.79427, "delta": 0.409272}}
{"target": -44.20266831576154, "params": {"C": 32.80805833312328, "epsilon": 0.27920879536532733, "gamma": 0.08147433333563561, "lamda": 0.5909037311346091}, "datetime": {"datetime": "2021-09-24 17:58:49", "elapsed": 1.151016, "delta": 0.356746}}
{"target": -51.119285871177254, "params": {"C": 2.1751122364811026, "epsilon": 0.5592952339028912, "gamma": 0.03185104118198838, "lamda": 0.41515968689036864}, "datetime": {"datetime": "2021-09-24 17:58:50", "elapsed": 1.502109, "delta": 0.351093}}
{"target": -44.858123279887984, "params": {"C": 30.396473344122874, "epsilon": 1.0, "gamma": 0.12, "lamda": 0.0001}, "datetime": {"datetime": "2021-09-24 17:58:51", "elapsed": 2.432708, "delta": 0.930599}}
{"target": -43.857579748382236, "params": {"C": 41.09894211407812, "epsilon": 0.702754699188075, "gamma": 0.03525367260395978, "lamda": 0.3301714475487167}, "datetime": {"datetime": "2021-09-24 17:58:51", "elapsed": 3.240669, "delta": 0.807961}}
{"target": -43.9806297393715, "params": {"C": 37.00712352937104, "epsilon": 0.9690773019128408, "gamma": 0.054434384449427886, "lamda": 0.9701053861729906}, "datetime": {"datetime": "2021-09-24 17:58:52", "elapsed": 3.913855, "delta": 0.673186}}
{"target": -44.683591968853385, "params": {"C": 23.23414960435738, "epsilon": 0.001, "gamma": 0.12, "lamda": 1.0}, "datetime": {"datetime": "2021-09-24 17:58:53", "elapsed": 4.629519, "delta": 0.715664}}
{"target": -45.372742132261166, "params": {"C": 49.557092005642254, "epsilon": 0.001, "gamma": 0.12, "lamda": 1.0}, "datetime": {"datetime": "2021-09-24 17:58:53", "elapsed": 5.194793, "delta": 0.565274}}
{"target": -54.46373885678523, "params": {"C": 17.892849714388305, "epsilon": 1.0, "gamma": 0.001, "lamda": 0.0001}, "datetime": {"datetime": "2021-09-24 17:58:54", "elapsed": 6.078167, "delta": 0.883374}}
{"target": -52.627189281304325, "params": {"C": 25.36544425518658, "epsilon": 1.0, "gamma": 0.001, "lamda": 0.0001}, "datetime": {"datetime": "2021-09-24 17:58:55", "elapsed": 6.851075, "delta": 0.772908}}
{"target": -43.99724045928921, "params": {"C": 42.96010654601372, "epsilon": 1.0, "gamma": 0.051357950026149346, "lamda": 0.9947384976338864}, "datetime": {"datetime": "2021-09-24 17:58:56", "elapsed": 7.444075, "delta": 0.593}}
{"target": -50.86955737606519, "params": {"C": 35.163477440101936, "epsilon": 0.001, "gamma": 0.001, "lamda": 0.0001}, "datetime": {"datetime": "2021-09-24 17:58:56", "elapsed": 8.190471, "delta": 0.746396}}
{"target": -44.00576886868413, "params": {"C": 38.950014626004275, "epsilon": 0.9966312339321948, "gamma": 0.054232008177175904, "lamda": 0.8727672364669006}, "datetime": {"datetime": "2021-09-24 17:58:57", "elapsed": 8.770397, "delta": 0.579926}}
{"target": -45.281565670472794, "params": {"C": 46.63179478413312, "epsilon": 0.001, "gamma": 0.12, "lamda": 1.0}, "datetime": {"datetime": "2021-09-24 17:58:58", "elapsed": 9.463399, "delta": 0.693002}}
{"target": -44.79586260587891, "params": {"C": 29.38997398173533, "epsilon": 0.001, "gamma": 0.12, "lamda": 1.0}, "datetime": {"datetime": "2021-09-24 17:58:58", "elapsed": 10.150313, "delta": 0.686914}}
{"target": -45.15273974286347, "params": {"C": 43.100039108141935, "epsilon": 0.001, "gamma": 0.12, "lamda": 0.0001}, "datetime": {"datetime": "2021-09-24 17:58:59", "elapsed": 10.781936, "delta": 0.631623}}
{"target": -45.27064910095938, "params": {"C": 10.853693812498028, "epsilon": 0.001, "gamma": 0.12, "lamda": 1.0}, "datetime": {"datetime": "2021-09-24 17:59:00", "elapsed": 11.467933, "delta": 0.685997}}
{"target": -57.666510518675594, "params": {"C": 8.706971699919483, "epsilon": 1.0, "gamma": 0.001, "lamda": 0.0001}, "datetime": {"datetime": "2021-09-24 17:59:01", "elapsed": 12.670935, "delta": 1.203002}}
{"target": -45.003250173086606, "params": {"C": 13.122164362111173, "epsilon": 0.001, "gamma": 0.12, "lamda": 1.0}, "datetime": {"datetime": "2021-09-24 17:59:02", "elapsed": 13.388931, "delta": 0.717996}}
{"target": -49.06787438126282, "params": {"C": 48.00162398369674, "epsilon": 1.0, "gamma": 0.001, "lamda": 0.0001}, "datetime": {"datetime": "2021-09-24 17:59:02", "elapsed": 14.113442, "delta": 0.724511}}
{"target": -44.656206563011395, "params": {"C": 21.341081061753957, "epsilon": 0.001, "gamma": 0.12, "lamda": 1.0}, "datetime": {"datetime": "2021-09-24 17:59:03", "elapsed": 14.73432, "delta": 0.620878}}
{"target": -45.0676865774102, "params": {"C": 38.34394772122245, "epsilon": 0.001, "gamma": 0.12, "lamda": 0.0001}, "datetime": {"datetime": "2021-09-24 17:59:03", "elapsed": 15.36532, "delta": 0.631}}
{"target": -45.12934058127861, "params": {"C": 31.663005655558802, "epsilon": 1.0, "gamma": 0.12, "lamda": 1.0}, "datetime": {"datetime": "2021-09-24 17:59:04", "elapsed": 15.925112, "delta": 0.559792}}
{"target": -43.79375742707254, "params": {"C": 44.440073326223136, "epsilon": 0.027859182083328833, "gamma": 0.0063173313961982815, "lamda": 0.9959447807402322}, "datetime": {"datetime": "2021-09-24 17:59:05", "elapsed": 16.598708, "delta": 0.673596}}
{"target": -56.23412566653644, "params": {"C": 12.32859563654055, "epsilon": 1.0, "gamma": 0.001, "lamda": 0.0001}, "datetime": {"datetime": "2021-09-24 17:59:06", "elapsed": 17.590204, "delta": 0.991496}}
{"target": -44.04845894090147, "params": {"C": 22.179768655047365, "epsilon": 0.9222323707342206, "gamma": 0.08790892010095099, "lamda": 0.13188095578995168}, "datetime": {"datetime": "2021-09-24 17:59:07", "elapsed": 18.436374, "delta": 0.84617}}
{"target": -44.121956864487885, "params": {"C": 15.003212469035935, "epsilon": 0.08192979812929885, "gamma": 0.020123025387400555, "lamda": 0.924828232083488}, "datetime": {"datetime": "2021-09-24 17:59:07", "elapsed": 19.142261, "delta": 0.705887}}
{"target": -43.857641567519416, "params": {"C": 39.87956337909599, "epsilon": 0.12291033449776097, "gamma": 0.04405123612018244, "lamda": 0.9186705791064697}, "datetime": {"datetime": "2021-09-24 17:59:08", "elapsed": 19.778216, "delta": 0.635955}}
{"target": -51.66468103927493, "params": {"C": 31.5386601501868, "epsilon": 0.001, "gamma": 0.001, "lamda": 0.0001}, "datetime": {"datetime": "2021-09-24 17:59:09", "elapsed": 20.64668, "delta": 0.868464}}
{"target": -52.02213236699007, "params": {"C": 29.033035428121188, "epsilon": 1.0, "gamma": 0.001, "lamda": 0.0001}, "datetime": {"datetime": "2021-09-24 17:59:10", "elapsed": 21.451425, "delta": 0.804745}}
