{"target": -43.90802782087894, "params": {"C": 219.4037920644698, "epsilon": 0.8510774502102199, "gamma": 0.07042705007857473, "lamda": 1.2205190331399187}, "datetime": {"datetime": "2021-09-24 19:18:04", "elapsed": 25.039864, "delta": 0.387953}}
{"target": -43.18689400463597, "params": {"C": 169.74850422829763, "epsilon": 0.657105269827781, "gamma": 0.02350606582640516, "lamda": 1.1895400949759267}, "datetime": {"datetime": "2021-09-24 19:18:05", "elapsed": 25.466658, "delta": 0.426794}}
{"target": -44.44324996916273, "params": {"C": 169.72230638175063, "epsilon": 0.6916150307592908, "gamma": 0.0909842646019561, "lamda": 1.4587359870281786}, "datetime": {"datetime": "2021-09-24 19:18:05", "elapsed": 25.92211, "delta": 0.455452}}
{"target": -45.023674683630375, "params": {"C": 169.49868506055583, "epsilon": 0.6159548995869153, "gamma": 0.11678605497063166, "lamda": 1.743469442773883}, "datetime": {"datetime": "2021-09-24 19:18:06", "elapsed": 26.561494, "delta": 0.639384}}
{"target": -43.30832544193852, "params": {"C": 226.34596537975045, "epsilon": 0.5910260143433528, "gamma": 0.0074237321480032335, "lamda": 0.8664120419736108}, "datetime": {"datetime": "2021-09-24 19:18:06", "elapsed": 26.981654, "delta": 0.42016}}
{"target": -43.578247321049226, "params": {"C": 148.64544732413157, "epsilon": 0.7349348043736844, "gamma": 0.00945675556396008, "lamda": 1.5693824735026047}, "datetime": {"datetime": "2021-09-24 19:18:07", "elapsed": 27.470803, "delta": 0.489149}}
{"target": -44.89240033778193, "params": {"C": 169.66721046522963, "epsilon": 0.6263907411401608, "gamma": 0.11066599470752066, "lamda": 1.658646470167461}, "datetime": {"datetime": "2021-09-24 19:18:07", "elapsed": 27.858079, "delta": 0.387276}}
{"target": -43.87038209362894, "params": {"C": 166.1075493238576, "epsilon": 0.6034291195821265, "gamma": 0.07179771955141472, "lamda": 1.9242176460419462}, "datetime": {"datetime": "2021-09-24 19:18:08", "elapsed": 28.723164, "delta": 0.865085}}
{"target": -44.97874704078971, "params": {"C": 233.9391033244798, "epsilon": 0.5245509411255742, "gamma": 0.11256324120559737, "lamda": 1.8451126897694274}, "datetime": {"datetime": "2021-09-24 19:18:08", "elapsed": 29.115622, "delta": 0.392458}}
{"target": -44.94522014058982, "params": {"C": 153.12038283924213, "epsilon": 0.720421676473783, "gamma": 0.003241683205548508, "lamda": 1.6248849657286302}, "datetime": {"datetime": "2021-09-24 19:18:09", "elapsed": 29.545675, "delta": 0.430053}}
{"target": -49.41108015997479, "params": {"C": 148.69890201402524, "epsilon": 0.7595670074172451, "gamma": 0.001, "lamda": 1.6962311391928002}, "datetime": {"datetime": "2021-09-24 19:18:09", "elapsed": 30.317883, "delta": 0.772208}}
{"target": -43.245068774755964, "params": {"C": 148.62817046711024, "epsilon": 0.5698016137983666, "gamma": 0.03159998874955242, "lamda": 1.6245926360180891}, "datetime": {"datetime": "2021-09-24 19:18:10", "elapsed": 30.773773, "delta": 0.45589}}
{"target": -44.01016783990108, "params": {"C": 181.83074260078135, "epsilon": 0.8674601404951217, "gamma": 0.07359858820115524, "lamda": 1.1666008993236052}, "datetime": {"datetime": "2021-09-24 19:18:10", "elapsed": 31.209444, "delta": 0.435671}}
{"target": -43.258258365398994, "params": {"C": 142.70020071653093, "epsilon": 0.8230897551253408, "gamma": 0.035184742443202556, "lamda": 1.34312368916716}, "datetime": {"datetime": "2021-09-24 19:18:11", "elapsed": 31.709446, "delta": 0.500002}}
{"target": -43.19519830709468, "params": {"C": 213.2836780703649, "epsilon": 0.9133161647066548, "gamma": 0.018638156704509534, "lamda": 0.9297111236968343}, "datetime": {"datetime": "2021-09-24 19:18:11", "elapsed": 32.125252, "delta": 0.415806}}
{"target": -43.30714153463104, "params": {"C": 170.56219106350986, "epsilon": 0.9249146377899042, "gamma": 0.0265492632742135, "lamda": 1.5837431647824003}, "datetime": {"datetime": "2021-09-24 19:18:12", "elapsed": 32.568686, "delta": 0.443434}}
{"target": -43.35862725717211, "params": {"C": 153.4127777307873, "epsilon": 0.8203313834075733, "gamma": 0.04217916010902187, "lamda": 1.3934286463670436}, "datetime": {"datetime": "2021-09-24 19:18:12", "elapsed": 33.039884, "delta": 0.471198}}
{"target": -44.20927256560796, "params": {"C": 148.66140468180208, "epsilon": 0.6083069644988154, "gamma": 0.08172648812145629, "lamda": 1.678181808618414}, "datetime": {"datetime": "2021-09-24 19:18:13", "elapsed": 33.901216, "delta": 0.861332}}
{"target": -46.97280635331763, "params": {"C": 169.6696954505651, "epsilon": 0.5969229497228966, "gamma": 0.0013319156448130328, "lamda": 1.5556979389520988}, "datetime": {"datetime": "2021-09-24 19:18:14", "elapsed": 34.562268, "delta": 0.661052}}
{"target": -43.60074625586315, "params": {"C": 141.49927998293407, "epsilon": 0.7339332064145725, "gamma": 0.058029696186827365, "lamda": 1.4687686498359396}, "datetime": {"datetime": "2021-09-24 19:18:14", "elapsed": 34.982644, "delta": 0.420376}}
{"target": -43.411823659342936, "params": {"C": 231.78216446061117, "epsilon": 0.6395512642646929, "gamma": 0.03342116449181258, "lamda": 1.0194752391224047}, "datetime": {"datetime": "2021-09-24 19:18:14", "elapsed": 35.41122, "delta": 0.428576}}
{"target": -43.411418603949336, "params": {"C": 174.46511813474672, "epsilon": 0.8656661011114877, "gamma": 0.0355235511630239, "lamda": 0.8538023342105912}, "datetime": {"datetime": "2021-09-24 19:18:15", "elapsed": 35.976884, "delta": 0.565664}}
{"target": -44.8264759820567, "params": {"C": 142.683394020883, "epsilon": 0.867700164769367, "gamma": 0.11041098810243229, "lamda": 1.340561663230754}, "datetime": {"datetime": "2021-09-24 19:18:16", "elapsed": 36.564808, "delta": 0.587924}}
{"target": -43.52925624776818, "params": {"C": 218.3005843349935, "epsilon": 0.8120235585590034, "gamma": 0.011708478311762669, "lamda": 1.521416163933751}, "datetime": {"datetime": "2021-09-24 19:18:16", "elapsed": 36.986094, "delta": 0.421286}}
{"target": -44.03507836208605, "params": {"C": 152.3592781540112, "epsilon": 0.5350836384112667, "gamma": 0.054781524223562396, "lamda": 1.1383065173992393}, "datetime": {"datetime": "2021-09-24 19:18:17", "elapsed": 37.501578, "delta": 0.515484}}
{"target": -43.23389268472276, "params": {"C": 142.6617213807573, "epsilon": 0.8364683921919089, "gamma": 0.03219551554003045, "lamda": 1.2379672162163957}, "datetime": {"datetime": "2021-09-24 19:18:17", "elapsed": 38.048736, "delta": 0.547158}}
{"target": -43.515871944960715, "params": {"C": 220.8384800539202, "epsilon": 0.8735643489693015, "gamma": 0.04238307417724559, "lamda": 0.8486130870612598}, "datetime": {"datetime": "2021-09-24 19:18:18", "elapsed": 38.537029, "delta": 0.488293}}
{"target": -43.378368487123375, "params": {"C": 213.33636061877135, "epsilon": 0.9639197216429698, "gamma": 0.010085508711930292, "lamda": 0.8607109143285605}, "datetime": {"datetime": "2021-09-24 19:18:18", "elapsed": 39.126357, "delta": 0.589328}}
{"target": -43.301964823254444, "params": {"C": 169.52561441691222, "epsilon": 0.5683090046083477, "gamma": 0.0148572525524789, "lamda": 1.651860946075114}, "datetime": {"datetime": "2021-09-24 19:18:19", "elapsed": 39.641243, "delta": 0.514886}}
{"target": -43.19219429475706, "params": {"C": 235.16719612009385, "epsilon": 0.6537508605999507, "gamma": 0.02756819313652286, "lamda": 1.8186107115815566}, "datetime": {"datetime": "2021-09-24 19:18:19", "elapsed": 40.265917, "delta": 0.624674}}
{"target": -43.35314734060248, "params": {"C": 194.28826155669017, "epsilon": 0.6047502782707463, "gamma": 0.0374375477694723, "lamda": 1.5199364178105568}, "datetime": {"datetime": "2021-09-24 19:18:20", "elapsed": 40.974046, "delta": 0.708129}}
{"target": -43.48571584959733, "params": {"C": 148.60894954452337, "epsilon": 0.5937262593208146, "gamma": 0.04859317430572651, "lamda": 1.624294725029098}, "datetime": {"datetime": "2021-09-24 19:18:20", "elapsed": 41.416876, "delta": 0.44283}}
{"target": -43.64751864122716, "params": {"C": 168.36609899629238, "epsilon": 0.9699875652034646, "gamma": 0.012531979782060856, "lamda": 1.6280750435537272}, "datetime": {"datetime": "2021-09-24 19:18:21", "elapsed": 41.859772, "delta": 0.442896}}
{"target": -43.818540576390276, "params": {"C": 169.83007061034752, "epsilon": 0.673299536443293, "gamma": 0.06721492628425842, "lamda": 1.5203497733477094}, "datetime": {"datetime": "2021-09-24 19:18:21", "elapsed": 42.415777, "delta": 0.556005}}
{"target": -44.910943077369616, "params": {"C": 201.13896481433022, "epsilon": 0.5331376661719688, "gamma": 0.07884841670994716, "lamda": 0.8792851174769506}, "datetime": {"datetime": "2021-09-24 19:18:22", "elapsed": 42.916573, "delta": 0.500796}}
{"target": -44.32789472759381, "params": {"C": 174.4669757420831, "epsilon": 0.7346161708237939, "gamma": 0.06939767396216269, "lamda": 0.8183178181329519}, "datetime": {"datetime": "2021-09-24 19:18:22", "elapsed": 43.443024, "delta": 0.526451}}
{"target": -43.17766020010473, "params": {"C": 142.67400002888598, "epsilon": 0.7469316073239922, "gamma": 0.0227324759441438, "lamda": 1.1846799735310647}, "datetime": {"datetime": "2021-09-24 19:18:23", "elapsed": 44.037906, "delta": 0.594882}}
{"target": -43.40888911931988, "params": {"C": 235.19100813170718, "epsilon": 0.6579253463916446, "gamma": 0.04596218409332318, "lamda": 1.7451093001008346}, "datetime": {"datetime": "2021-09-24 19:18:24", "elapsed": 44.644878, "delta": 0.606972}}
{"target": -44.72901987359691, "params": {"C": 146.56903257378673, "epsilon": 0.6905725721612079, "gamma": 0.10843538564964808, "lamda": 1.9971051641705118}, "datetime": {"datetime": "2021-09-24 19:18:24", "elapsed": 45.206387, "delta": 0.561509}}
{"target": -48.40042043042767, "params": {"C": 235.1725628135079, "epsilon": 0.5663809870665142, "gamma": 0.001, "lamda": 1.7732565095782735}, "datetime": {"datetime": "2021-09-24 19:18:25", "elapsed": 45.93257, "delta": 0.726183}}
{"target": -44.65631003924969, "params": {"C": 233.4558038452289, "epsilon": 0.6847621303512987, "gamma": 0.08364018061249118, "lamda": 0.9262297009376086}, "datetime": {"datetime": "2021-09-24 19:18:26", "elapsed": 46.474233, "delta": 0.541663}}
{"target": -44.49377121803663, "params": {"C": 233.39047895429286, "epsilon": 0.6282218876599974, "gamma": 0.09410342444233027, "lamda": 1.6621245981480937}, "datetime": {"datetime": "2021-09-24 19:18:26", "elapsed": 47.158577, "delta": 0.684344}}
{"target": -43.8836044796805, "params": {"C": 169.5071052272545, "epsilon": 0.5922545524317138, "gamma": 0.06773403862219397, "lamda": 1.5811714698815753}, "datetime": {"datetime": "2021-09-24 19:18:27", "elapsed": 47.72535, "delta": 0.566773}}
{"target": -44.513188503902974, "params": {"C": 242.77328722781164, "epsilon": 0.5417514918480776, "gamma": 0.0788447789036657, "lamda": 1.1676443840885948}, "datetime": {"datetime": "2021-09-24 19:18:27", "elapsed": 48.266614, "delta": 0.541264}}
{"target": -43.95566304052909, "params": {"C": 235.21114280292528, "epsilon": 0.6394310094911793, "gamma": 0.07391993373149433, "lamda": 1.732203701479707}, "datetime": {"datetime": "2021-09-24 19:18:28", "elapsed": 48.782372, "delta": 0.515758}}
{"target": -43.28485567819398, "params": {"C": 213.3279028734955, "epsilon": 0.9524046521243765, "gamma": 0.015380227222554908, "lamda": 0.9964989228933626}, "datetime": {"datetime": "2021-09-24 19:18:28", "elapsed": 49.370017, "delta": 0.587645}}
{"target": -44.20493355392348, "params": {"C": 169.7837511629232, "epsilon": 0.7540939867835657, "gamma": 0.08510029495283562, "lamda": 1.5717206986406613}, "datetime": {"datetime": "2021-09-24 19:18:29", "elapsed": 49.968468, "delta": 0.598451}}
{"target": -43.25274845323058, "params": {"C": 235.08782135181633, "epsilon": 0.695233816686267, "gamma": 0.026366322395080743, "lamda": 1.8907720941366282}, "datetime": {"datetime": "2021-09-24 19:18:30", "elapsed": 50.540471, "delta": 0.572003}}
{"target": -43.772198858060634, "params": {"C": 148.61270018023004, "epsilon": 0.5894877008179484, "gamma": 0.0646642070780965, "lamda": 1.6397096804068463}, "datetime": {"datetime": "2021-09-24 19:18:30", "elapsed": 51.050062, "delta": 0.509591}}
{"target": -43.69685225395519, "params": {"C": 235.23256693272032, "epsilon": 0.7503176775679848, "gamma": 0.009827924991462074, "lamda": 1.8802366696478965}, "datetime": {"datetime": "2021-09-24 19:18:31", "elapsed": 51.608704, "delta": 0.558642}}
{"target": -45.80489987572617, "params": {"C": 142.7689168584145, "epsilon": 0.7643267984913527, "gamma": 0.0018346881786123772, "lamda": 1.197764736264654}, "datetime": {"datetime": "2021-09-24 19:18:31", "elapsed": 52.278619, "delta": 0.669915}}
{"target": -44.71200636887289, "params": {"C": 239.38390396702425, "epsilon": 0.8890497265425994, "gamma": 0.10569851764040465, "lamda": 1.2991697770186645}, "datetime": {"datetime": "2021-09-24 19:18:32", "elapsed": 52.81767, "delta": 0.539051}}
{"target": -44.54635066481277, "params": {"C": 213.3785108131171, "epsilon": 0.931728955995172, "gamma": 0.08970641136289546, "lamda": 0.9251307998225159}, "datetime": {"datetime": "2021-09-24 19:18:33", "elapsed": 53.55191, "delta": 0.73424}}
{"target": -44.08395030871164, "params": {"C": 196.70773492815866, "epsilon": 0.7633281424118317, "gamma": 0.08350427446569325, "lamda": 1.8230733783833066}, "datetime": {"datetime": "2021-09-24 19:18:33", "elapsed": 54.109526, "delta": 0.557616}}
{"target": -43.964734934936104, "params": {"C": 166.47604394423854, "epsilon": 0.9016713154339207, "gamma": 0.07241627462408806, "lamda": 1.150542755147174}, "datetime": {"datetime": "2021-09-24 19:18:34", "elapsed": 54.664579, "delta": 0.555053}}
{"target": -43.524557839601194, "params": {"C": 218.35026445339827, "epsilon": 0.8101333160823635, "gamma": 0.009609432516367825, "lamda": 1.3160791688371565}, "datetime": {"datetime": "2021-09-24 19:18:34", "elapsed": 55.285228, "delta": 0.620649}}
{"target": -43.63644240295658, "params": {"C": 192.11234470592206, "epsilon": 0.6204549468670302, "gamma": 0.058817817974473864, "lamda": 1.6040881025413047}, "datetime": {"datetime": "2021-09-24 19:18:35", "elapsed": 55.936697, "delta": 0.651469}}
{"target": -43.87119566323985, "params": {"C": 224.04078474913965, "epsilon": 0.9762552509603103, "gamma": 0.00411704238349068, "lamda": 0.8447980394766582}, "datetime": {"datetime": "2021-09-24 19:18:36", "elapsed": 56.526721, "delta": 0.590024}}
{"target": -43.54242067484117, "params": {"C": 144.9431791848137, "epsilon": 0.6597447678167987, "gamma": 0.049507500015006645, "lamda": 1.3277820917072898}, "datetime": {"datetime": "2021-09-24 19:18:36", "elapsed": 57.098275, "delta": 0.571554}}
{"target": -48.54528578203926, "params": {"C": 142.63939952292037, "epsilon": 0.8868318552063881, "gamma": 0.0010834307491666036, "lamda": 1.281552894751588}, "datetime": {"datetime": "2021-09-24 19:18:37", "elapsed": 57.907519, "delta": 0.809244}}
{"target": -44.374704167066916, "params": {"C": 166.13012418852054, "epsilon": 0.5825554812826452, "gamma": 0.09094864966594036, "lamda": 1.924340334592715}, "datetime": {"datetime": "2021-09-24 19:18:38", "elapsed": 58.45319, "delta": 0.545671}}
{"target": -44.76567342210563, "params": {"C": 162.30539440561105, "epsilon": 0.537825191871752, "gamma": 0.08151236949570274, "lamda": 1.0516754749870347}, "datetime": {"datetime": "2021-09-24 19:18:39", "elapsed": 59.479894, "delta": 1.026704}}
{"target": -43.336211375416504, "params": {"C": 169.53287719604745, "epsilon": 0.5303282156829534, "gamma": 0.01328156478257634, "lamda": 1.7276185142067455}, "datetime": {"datetime": "2021-09-24 19:18:39", "elapsed": 60.145664, "delta": 0.66577}}
{"target": -43.698076819408605, "params": {"C": 174.50543415573355, "epsilon": 0.8194567825845807, "gamma": 0.05529748158490732, "lamda": 0.9383318123323859}, "datetime": {"datetime": "2021-09-24 19:18:40", "elapsed": 60.84582, "delta": 0.700156}}
{"target": -45.342459721257775, "params": {"C": 221.37633774266882, "epsilon": 0.6727219198554598, "gamma": 0.11063628025731338, "lamda": 0.9137589692152239}, "datetime": {"datetime": "2021-09-24 19:18:40", "elapsed": 61.423622, "delta": 0.577802}}
{"target": -43.505258164788344, "params": {"C": 221.15292258778192, "epsilon": 0.522482280069608, "gamma": 0.029992314871640686, "lamda": 0.9684362940229685}, "datetime": {"datetime": "2021-09-24 19:18:41", "elapsed": 62.191113, "delta": 0.767491}}
{"target": -43.5944238969097, "params": {"C": 213.22499901522787, "epsilon": 0.9055246459142814, "gamma": 0.05265590984144487, "lamda": 0.9682788371635248}, "datetime": {"datetime": "2021-09-24 19:18:42", "elapsed": 62.818566, "delta": 0.627453}}
{"target": -44.12414993709578, "params": {"C": 235.20108157200042, "epsilon": 0.7187702445190185, "gamma": 0.08451086092348228, "lamda": 1.8686335117810824}, "datetime": {"datetime": "2021-09-24 19:18:43", "elapsed": 63.530169, "delta": 0.711603}}
{"target": -44.277056173204926, "params": {"C": 142.78612429854428, "epsilon": 0.7938159826542011, "gamma": 0.0821087125883519, "lamda": 1.1477930821396642}, "datetime": {"datetime": "2021-09-24 19:18:43", "elapsed": 64.183284, "delta": 0.653115}}
{"target": -43.248858645064566, "params": {"C": 235.09074113904092, "epsilon": 0.7621819187598659, "gamma": 0.03241039969121162, "lamda": 1.9223213405385329}, "datetime": {"datetime": "2021-09-24 19:18:44", "elapsed": 64.914882, "delta": 0.731598}}
{"target": -43.338558529162164, "params": {"C": 200.5323370550943, "epsilon": 0.9178320589019552, "gamma": 0.04051818135120454, "lamda": 1.2360300039974739}, "datetime": {"datetime": "2021-09-24 19:18:45", "elapsed": 65.584252, "delta": 0.66937}}
{"target": -44.52847056335509, "params": {"C": 145.96379714027384, "epsilon": 0.6840342827606212, "gamma": 0.0039010745409496987, "lamda": 1.7223586810305231}, "datetime": {"datetime": "2021-09-24 19:18:46", "elapsed": 66.622956, "delta": 1.038704}}
{"target": -43.20444135443587, "params": {"C": 142.76888743171904, "epsilon": 0.9106227024457572, "gamma": 0.030432712125146123, "lamda": 1.2599169237112942}, "datetime": {"datetime": "2021-09-24 19:18:46", "elapsed": 67.281006, "delta": 0.65805}}
{"target": -44.97410541668712, "params": {"C": 210.73904831169835, "epsilon": 0.8257978980763028, "gamma": 0.10949589409571205, "lamda": 1.082761654190565}, "datetime": {"datetime": "2021-09-24 19:18:47", "elapsed": 67.830276, "delta": 0.54927}}
{"target": -43.36989025628117, "params": {"C": 235.0603431712717, "epsilon": 0.6967995322064799, "gamma": 0.018688152847789265, "lamda": 1.826734301828652}, "datetime": {"datetime": "2021-09-24 19:18:48", "elapsed": 68.545044, "delta": 0.714768}}
{"target": -43.246669045152174, "params": {"C": 213.20830083411118, "epsilon": 0.9587757198350115, "gamma": 0.02956057230529042, "lamda": 0.9060518457273857}, "datetime": {"datetime": "2021-09-24 19:18:48", "elapsed": 69.260756, "delta": 0.715712}}
{"target": -43.59156391291843, "params": {"C": 200.65426543220394, "epsilon": 0.7993541238242877, "gamma": 0.05687197712986236, "lamda": 1.3240540800476048}, "datetime": {"datetime": "2021-09-24 19:18:49", "elapsed": 69.926425, "delta": 0.665669}}
{"target": -43.24129434942704, "params": {"C": 218.35995478130548, "epsilon": 0.8069450631347113, "gamma": 0.03408628782910846, "lamda": 1.3804148955123603}, "datetime": {"datetime": "2021-09-24 19:18:50", "elapsed": 70.52811, "delta": 0.601685}}
{"target": -44.20150720350024, "params": {"C": 142.6439244446467, "epsilon": 0.8498678169068682, "gamma": 0.08089467682527016, "lamda": 1.1638616496573913}, "datetime": {"datetime": "2021-09-24 19:18:51", "elapsed": 71.569579, "delta": 1.041469}}
{"target": -43.6924983144337, "params": {"C": 218.368735444893, "epsilon": 0.8485361060053246, "gamma": 0.06507486487736838, "lamda": 1.4475042752922778}, "datetime": {"datetime": "2021-09-24 19:18:51", "elapsed": 72.307088, "delta": 0.737509}}
{"target": -43.72774805004645, "params": {"C": 220.83104559414835, "epsilon": 0.8726764490662717, "gamma": 0.0551468434307873, "lamda": 0.8594748788831241}, "datetime": {"datetime": "2021-09-24 19:18:52", "elapsed": 72.924626, "delta": 0.617538}}
{"target": -43.72547141189385, "params": {"C": 185.68702765194607, "epsilon": 0.5708607077984672, "gamma": 0.05185261315590304, "lamda": 1.1608579538821928}, "datetime": {"datetime": "2021-09-24 19:18:53", "elapsed": 73.59175, "delta": 0.667124}}
{"target": -43.19752264987317, "params": {"C": 148.63435305993045, "epsilon": 0.6028258027354114, "gamma": 0.020488361678642996, "lamda": 1.5646616920388978}, "datetime": {"datetime": "2021-09-24 19:18:53", "elapsed": 74.337725, "delta": 0.745975}}
{"target": -43.36324154205527, "params": {"C": 167.7020196849769, "epsilon": 0.8351167111115854, "gamma": 0.017707565458325927, "lamda": 1.4645929511462326}, "datetime": {"datetime": "2021-09-24 19:18:54", "elapsed": 74.964634, "delta": 0.626909}}
{"target": -43.56184701121372, "params": {"C": 206.46129702353664, "epsilon": 0.6752905555381274, "gamma": 0.055833003337243184, "lamda": 1.625300928735178}, "datetime": {"datetime": "2021-09-24 19:18:55", "elapsed": 75.570547, "delta": 0.605913}}
{"target": -48.52653589022243, "params": {"C": 200.55635459306916, "epsilon": 0.8464863465212329, "gamma": 0.001, "lamda": 1.2350733793882944}, "datetime": {"datetime": "2021-09-24 19:18:56", "elapsed": 76.6407, "delta": 1.070153}}
{"target": -43.47309785663092, "params": {"C": 235.11184793766313, "epsilon": 0.6615877473355808, "gamma": 0.051066393549274426, "lamda": 1.8136987844563939}, "datetime": {"datetime": "2021-09-24 19:18:56", "elapsed": 77.267748, "delta": 0.627048}}
{"target": -43.383369851261676, "params": {"C": 235.21693473179096, "epsilon": 0.6765786116384678, "gamma": 0.0178040395347623, "lamda": 1.8615290273391358}, "datetime": {"datetime": "2021-09-24 19:18:57", "elapsed": 77.952323, "delta": 0.684575}}
{"target": -43.498147112100106, "params": {"C": 167.9134556378406, "epsilon": 0.9717815823796534, "gamma": 0.051402423551772915, "lamda": 1.1532301052950296}, "datetime": {"datetime": "2021-09-24 19:18:58", "elapsed": 78.658562, "delta": 0.706239}}
