{"target": -43.89577642402785, "params": {"C": 44.890382033097865, "epsilon": 0.6505199710849348, "gamma": 0.029197720478061774, "lamda": 0.17138418599206107}, "datetime": {"datetime": "2021-09-24 18:02:36", "elapsed": 227.598062, "delta": 1.625844}}
{"target": -43.71850983474189, "params": {"C": 33.02305908565443, "epsilon": 0.44326227227639503, "gamma": 0.012477140233032365, "lamda": 0.47833356876884003}, "datetime": {"datetime": "2021-09-24 18:02:37", "elapsed": 229.251058, "delta": 1.652996}}
{"target": -43.725431919445064, "params": {"C": 42.182619961495064, "epsilon": 0.35436134162103866, "gamma": 0.007405980361049639, "lamda": 0.3086643924817569}, "datetime": {"datetime": "2021-09-24 18:02:39", "elapsed": 231.040082, "delta": 1.789024}}
{"target": -43.720903104388285, "params": {"C": 24.464521302276903, "epsilon": 0.5841796901000575, "gamma": 0.03952526423894812, "lamda": 0.33619982962691225}, "datetime": {"datetime": "2021-09-24 18:02:41", "elapsed": 232.502721, "delta": 1.462639}}
{"target": -45.13485421355833, "params": {"C": 6.906916979940223, "epsilon": 0.4224287558957587, "gamma": 0.03491692122086803, "lamda": 0.22514682186492382}, "datetime": {"datetime": "2021-09-24 18:02:42", "elapsed": 233.529508, "delta": 1.026787}}
{"target": -43.75940437894666, "params": {"C": 24.694379333992877, "epsilon": 0.523300794673642, "gamma": 0.05939951094937291, "lamda": 0.47824024804339127}, "datetime": {"datetime": "2021-09-24 18:02:43", "elapsed": 235.064604, "delta": 1.535096}}
{"target": -52.959776217237234, "params": {"C": 24.25274546927883, "epsilon": 0.4054156614816711, "gamma": 0.001, "lamda": 0.4301614970145622}, "datetime": {"datetime": "2021-09-24 18:02:45", "elapsed": 236.68085, "delta": 1.616246}}
{"target": -44.693941753628486, "params": {"C": 24.232397474694608, "epsilon": 0.09811535175854424, "gamma": 0.12, "lamda": 0.8449588941560201}, "datetime": {"datetime": "2021-09-24 18:02:47", "elapsed": 238.6773, "delta": 1.99645}}
{"target": -46.36304560202978, "params": {"C": 24.682593572160325, "epsilon": 0.5746426109754547, "gamma": 0.0038707584302017776, "lamda": 0.18506624912706496}, "datetime": {"datetime": "2021-09-24 18:02:49", "elapsed": 240.694782, "delta": 2.017482}}
{"target": -49.78912464959623, "params": {"C": 42.11597779763378, "epsilon": 0.36839507565054086, "gamma": 0.001, "lamda": 0.038012696143522824}, "datetime": {"datetime": "2021-09-24 18:02:51", "elapsed": 242.942768, "delta": 2.247986}}
{"target": -46.54581724021754, "params": {"C": 12.904999495365091, "epsilon": 0.3949460408607995, "gamma": 0.007412933732622453, "lamda": 0.35105517480643483}, "datetime": {"datetime": "2021-09-24 18:02:52", "elapsed": 243.943487, "delta": 1.000719}}
{"target": -44.83130601231773, "params": {"C": 24.5522422640824, "epsilon": 0.739167031920811, "gamma": 0.12, "lamda": 0.5006457076926021}, "datetime": {"datetime": "2021-09-24 18:02:54", "elapsed": 245.801051, "delta": 1.857564}}
{"target": -44.118612185532314, "params": {"C": 41.99180298207705, "epsilon": 0.3707284659379283, "gamma": 0.06694579522807978, "lamda": 0.4504173820519747}, "datetime": {"datetime": "2021-09-24 18:02:57", "elapsed": 248.705125, "delta": 2.904074}}
{"target": -43.59457004219015, "params": {"C": 44.926308194742305, "epsilon": 0.9883283161458245, "gamma": 0.011332171544570207, "lamda": 0.74003102786328}, "datetime": {"datetime": "2021-09-24 18:02:58", "elapsed": 249.756993, "delta": 1.051868}}
{"target": -44.3176847074131, "params": {"C": 12.876154309448935, "epsilon": 0.48106166437538295, "gamma": 0.09155601999989257, "lamda": 0.7099352779394318}, "datetime": {"datetime": "2021-09-24 18:02:59", "elapsed": 250.729928, "delta": 0.972935}}
{"target": -43.64748613479032, "params": {"C": 28.89965349448729, "epsilon": 0.03158536264338958, "gamma": 0.049411437333446995, "lamda": 0.912456457309339}, "datetime": {"datetime": "2021-09-24 18:03:00", "elapsed": 251.763318, "delta": 1.03339}}
{"target": -44.722007091134145, "params": {"C": 24.640844881652608, "epsilon": 0.043072859162470806, "gamma": 0.12, "lamda": 0.5208484437259345}, "datetime": {"datetime": "2021-09-24 18:03:02", "elapsed": 253.665746, "delta": 1.902428}}
{"target": -43.77918321733968, "params": {"C": 22.75982335537721, "epsilon": 0.6459910159017342, "gamma": 0.0480867236092883, "lamda": 0.664602208346791}, "datetime": {"datetime": "2021-09-24 18:03:03", "elapsed": 254.70665, "delta": 1.040904}}
{"target": -43.83533024051551, "params": {"C": 44.85483663349174, "epsilon": 0.7967613046596428, "gamma": 0.01818149184480755, "lamda": 0.46190189796436754}, "datetime": {"datetime": "2021-09-24 18:03:05", "elapsed": 257.109645, "delta": 2.402995}}
{"target": -44.710342191064505, "params": {"C": 44.63341677318918, "epsilon": 0.6984777779265531, "gamma": 0.08403734700146459, "lamda": 0.35113708748174316}, "datetime": {"datetime": "2021-09-24 18:03:07", "elapsed": 258.91725, "delta": 1.807605}}
{"target": -45.240505900461194, "params": {"C": 7.5463759983214285, "epsilon": 0.9744188669974213, "gamma": 0.07707593824747024, "lamda": 0.47849778538561}, "datetime": {"datetime": "2021-09-24 18:03:08", "elapsed": 260.133487, "delta": 1.216237}}
{"target": -44.095903162261656, "params": {"C": 42.22682366672726, "epsilon": 0.5041340804049321, "gamma": 0.059778714117319096, "lamda": 0.49496702696042233}, "datetime": {"datetime": "2021-09-24 18:03:10", "elapsed": 261.741989, "delta": 1.608502}}
{"target": -44.489080880341106, "params": {"C": 39.86386250051476, "epsilon": 0.9266974475138937, "gamma": 0.00422318264459975, "lamda": 0.12072021356078305}, "datetime": {"datetime": "2021-09-24 18:03:11", "elapsed": 263.10506, "delta": 1.363071}}
{"target": -45.00254343097795, "params": {"C": 42.41544549298878, "epsilon": 0.2575600441213925, "gamma": 0.10706094172337474, "lamda": 0.4377026443950047}, "datetime": {"datetime": "2021-09-24 18:03:13", "elapsed": 264.954261, "delta": 1.849201}}
{"target": -45.116651098187, "params": {"C": 35.9452373304267, "epsilon": 0.755612244269403, "gamma": 0.1151184659403566, "lamda": 0.9245790928154903}, "datetime": {"datetime": "2021-09-24 18:03:14", "elapsed": 266.006546, "delta": 1.052285}}
{"target": -44.440495886340145, "params": {"C": 13.631972175116005, "epsilon": 0.5892732619055524, "gamma": 0.01637341927741852, "lamda": 0.5300346375217225}, "datetime": {"datetime": "2021-09-24 18:03:16", "elapsed": 267.874333, "delta": 1.867787}}
{"target": -43.70447279956443, "params": {"C": 25.425878683394522, "epsilon": 0.17808337071890296, "gamma": 0.019424812498577224, "lamda": 0.5483987443996712}, "datetime": {"datetime": "2021-09-24 18:03:18", "elapsed": 269.719485, "delta": 1.845152}}
{"target": -44.47963876014753, "params": {"C": 17.77693853186624, "epsilon": 0.19695590730510054, "gamma": 0.011089843731770684, "lamda": 0.38388628315786893}, "datetime": {"datetime": "2021-09-24 18:03:19", "elapsed": 270.754158, "delta": 1.034673}}
{"target": -44.707263558057754, "params": {"C": 19.623360279930374, "epsilon": 1.0, "gamma": 0.12, "lamda": 0.2835224321679858}, "datetime": {"datetime": "2021-09-24 18:03:21", "elapsed": 273.091169, "delta": 2.337011}}
{"target": -43.946030163071775, "params": {"C": 39.09777076417495, "epsilon": 0.001, "gamma": 0.03387397503224845, "lamda": 1.0}, "datetime": {"datetime": "2021-09-24 18:03:24", "elapsed": 275.404501, "delta": 2.313332}}
{"target": -44.83234272032281, "params": {"C": 45.09505728075693, "epsilon": 0.8538901774130709, "gamma": 0.08780706462927808, "lamda": 0.5609301775037333}, "datetime": {"datetime": "2021-09-24 18:03:26", "elapsed": 277.722618, "delta": 2.318117}}
{"target": -44.584608594698494, "params": {"C": 12.971388521729322, "epsilon": 0.8004953696912036, "gamma": 0.10368594143943245, "lamda": 0.552951976408868}, "datetime": {"datetime": "2021-09-24 18:03:28", "elapsed": 279.843922, "delta": 2.121304}}
{"target": -45.918622266490615, "params": {"C": 49.66686026797397, "epsilon": 0.106026533576396, "gamma": 0.002059573945133379, "lamda": 0.5566988416443949}, "datetime": {"datetime": "2021-09-24 18:03:29", "elapsed": 280.953923, "delta": 1.110001}}
{"target": -44.723117249387286, "params": {"C": 25.314664282577827, "epsilon": 0.3797627404053997, "gamma": 0.12, "lamda": 0.4639961294645571}, "datetime": {"datetime": "2021-09-24 18:03:31", "elapsed": 283.003065, "delta": 2.049142}}
{"target": -45.33858114590757, "params": {"C": 44.730409961874784, "epsilon": 1.0, "gamma": 0.12, "lamda": 0.5664359176400718}, "datetime": {"datetime": "2021-09-24 18:03:33", "elapsed": 284.754891, "delta": 1.751826}}
{"target": -44.666381615437444, "params": {"C": 24.506421870249405, "epsilon": 0.2603189941099439, "gamma": 0.11732309890869916, "lamda": 0.7370136458528468}, "datetime": {"datetime": "2021-09-24 18:03:35", "elapsed": 286.519728, "delta": 1.764837}}
{"target": -44.17409303031948, "params": {"C": 39.225384196446605, "epsilon": 0.1639210319510457, "gamma": 0.07661864302916788, "lamda": 0.2397738176739578}, "datetime": {"datetime": "2021-09-24 18:03:36", "elapsed": 287.639648, "delta": 1.11992}}
{"target": -45.83983410496415, "params": {"C": 9.17075694700762, "epsilon": 0.48345158064926963, "gamma": 0.11793518479315175, "lamda": 0.9332600317223843}, "datetime": {"datetime": "2021-09-24 18:03:37", "elapsed": 288.78189, "delta": 1.142242}}
{"target": -43.70579793303874, "params": {"C": 41.86238777175788, "epsilon": 0.08403940681979319, "gamma": 0.015457591663547085, "lamda": 0.35719289136530186}, "datetime": {"datetime": "2021-09-24 18:03:39", "elapsed": 291.055341, "delta": 2.273451}}
{"target": -44.51356343469788, "params": {"C": 17.838672626779555, "epsilon": 0.4749734375603259, "gamma": 0.10935046141199041, "lamda": 0.8289899798273482}, "datetime": {"datetime": "2021-09-24 18:03:40", "elapsed": 292.169116, "delta": 1.113775}}
{"target": -44.50888939134273, "params": {"C": 21.442039306021254, "epsilon": 0.8419437436750042, "gamma": 0.11082251253272445, "lamda": 0.27885005654175066}, "datetime": {"datetime": "2021-09-24 18:03:41", "elapsed": 293.322927, "delta": 1.153811}}
{"target": -44.26531114097812, "params": {"C": 41.60029425644557, "epsilon": 0.2473505649228261, "gamma": 0.08067992653162563, "lamda": 0.18773083782262837}, "datetime": {"datetime": "2021-09-24 18:03:43", "elapsed": 295.364326, "delta": 2.041399}}
{"target": -44.53407099254299, "params": {"C": 43.043192836542154, "epsilon": 0.7382501263589006, "gamma": 0.09148585791568986, "lamda": 0.0001}, "datetime": {"datetime": "2021-09-24 18:03:46", "elapsed": 298.035455, "delta": 2.671129}}
{"target": -44.42534566984581, "params": {"C": 28.617036527087027, "epsilon": 0.04446563306277394, "gamma": 0.09731020988662555, "lamda": 0.883833461383873}, "datetime": {"datetime": "2021-09-24 18:03:48", "elapsed": 300.088973, "delta": 2.053518}}
{"target": -44.71200587144419, "params": {"C": 24.40735139597467, "epsilon": 0.8429442480421655, "gamma": 0.12, "lamda": 0.22804342578299452}, "datetime": {"datetime": "2021-09-24 18:03:50", "elapsed": 302.313195, "delta": 2.224222}}
{"target": -44.33610082027699, "params": {"C": 39.42809100485337, "epsilon": 0.8721491551345599, "gamma": 0.005006254198050535, "lamda": 1.0}, "datetime": {"datetime": "2021-09-24 18:03:53", "elapsed": 305.030891, "delta": 2.717696}}
{"target": -43.819226878248145, "params": {"C": 20.753358980551006, "epsilon": 0.5115662806339425, "gamma": 0.03864455726544095, "lamda": 0.9704883249510557}, "datetime": {"datetime": "2021-09-24 18:03:54", "elapsed": 306.068554, "delta": 1.037663}}
{"target": -44.65522580196728, "params": {"C": 13.18584161987977, "epsilon": 0.7749510719143478, "gamma": 0.014194366392919832, "lamda": 0.4429672361200949}, "datetime": {"datetime": "2021-09-24 18:03:55", "elapsed": 307.271131, "delta": 1.202577}}
{"target": -43.729025284849364, "params": {"C": 17.645571220785676, "epsilon": 0.061069855466015725, "gamma": 0.06450533503832646, "lamda": 0.5532545881621608}, "datetime": {"datetime": "2021-09-24 18:03:57", "elapsed": 308.431017, "delta": 1.159886}}
{"target": -43.61144434689697, "params": {"C": 23.0454223715139, "epsilon": 0.08196243514950231, "gamma": 0.047583624880527656, "lamda": 0.5039850547664396}, "datetime": {"datetime": "2021-09-24 18:03:58", "elapsed": 309.526514, "delta": 1.095497}}
{"target": -43.752111482295994, "params": {"C": 23.021028444818153, "epsilon": 0.4053123157491704, "gamma": 0.03819973919078641, "lamda": 0.6143847603044016}, "datetime": {"datetime": "2021-09-24 18:04:00", "elapsed": 311.863928, "delta": 2.337414}}
{"target": -44.187163071302926, "params": {"C": 23.178758218216593, "epsilon": 0.21914799434568, "gamma": 0.08971188700770155, "lamda": 0.7409941250541883}, "datetime": {"datetime": "2021-09-24 18:04:02", "elapsed": 313.8863, "delta": 2.022372}}
{"target": -43.854985210188566, "params": {"C": 23.17416180005284, "epsilon": 0.2973645864736453, "gamma": 0.07530686313615056, "lamda": 0.36906033079131534}, "datetime": {"datetime": "2021-09-24 18:04:04", "elapsed": 315.933534, "delta": 2.047234}}
{"target": -43.863764139177704, "params": {"C": 16.082833433392047, "epsilon": 0.7928054575583474, "gamma": 0.06927845005755413, "lamda": 0.37219043501234966}, "datetime": {"datetime": "2021-09-24 18:04:05", "elapsed": 317.110569, "delta": 1.177035}}
{"target": -47.71419588584915, "params": {"C": 7.749979984606626, "epsilon": 0.26761733213984357, "gamma": 0.009813272524450488, "lamda": 0.9038651460567438}, "datetime": {"datetime": "2021-09-24 18:04:07", "elapsed": 318.391783, "delta": 1.281214}}
{"target": -53.30899831225234, "params": {"C": 1.8150506649728446, "epsilon": 0.6123250007669123, "gamma": 0.01955450998103754, "lamda": 0.5890426940133632}, "datetime": {"datetime": "2021-09-24 18:04:08", "elapsed": 319.674232, "delta": 1.282449}}
{"target": -44.30391228578226, "params": {"C": 23.062416984771897, "epsilon": 0.6273666421800906, "gamma": 0.09688490342005539, "lamda": 0.4346448206051263}, "datetime": {"datetime": "2021-09-24 18:04:10", "elapsed": 321.557059, "delta": 1.882827}}
{"target": -44.685815003274094, "params": {"C": 22.868934451499772, "epsilon": 0.33792547876043305, "gamma": 0.12, "lamda": 0.39758185885226616}, "datetime": {"datetime": "2021-09-24 18:04:12", "elapsed": 323.875108, "delta": 2.318049}}
{"target": -50.6282967634532, "params": {"C": 38.98802926920081, "epsilon": 0.5857148274720977, "gamma": 0.001, "lamda": 1.0}, "datetime": {"datetime": "2021-09-24 18:04:14", "elapsed": 325.98096, "delta": 2.105852}}
{"target": -44.85234924204217, "params": {"C": 23.027883235895363, "epsilon": 0.6500997719788729, "gamma": 0.12, "lamda": 0.7950455186216259}, "datetime": {"datetime": "2021-09-24 18:04:16", "elapsed": 328.298799, "delta": 2.317839}}
{"target": -44.873153951443285, "params": {"C": 34.210889659270244, "epsilon": 0.9541706662410544, "gamma": 0.10251537097634995, "lamda": 0.7479772803230581}, "datetime": {"datetime": "2021-09-24 18:04:18", "elapsed": 329.514867, "delta": 1.216068}}
{"target": -53.153180108683905, "params": {"C": 23.335544393125915, "epsilon": 0.06805429581388026, "gamma": 0.001, "lamda": 0.5045542926547442}, "datetime": {"datetime": "2021-09-24 18:04:20", "elapsed": 332.059781, "delta": 2.544914}}
{"target": -45.08722477833065, "params": {"C": 8.932889138389012, "epsilon": 0.403271402870041, "gamma": 0.09469032700781374, "lamda": 0.29141174644793943}, "datetime": {"datetime": "2021-09-24 18:04:21", "elapsed": 333.240399, "delta": 1.180618}}
{"target": -43.611423786316784, "params": {"C": 22.88661987771876, "epsilon": 0.14398022427911378, "gamma": 0.04507605313687618, "lamda": 0.6199706054642169}, "datetime": {"datetime": "2021-09-24 18:04:24", "elapsed": 335.940905, "delta": 2.700506}}
{"target": -45.263623415284414, "params": {"C": 44.181565424405925, "epsilon": 0.2751133040210508, "gamma": 0.11740716627962995, "lamda": 0.3608308610506225}, "datetime": {"datetime": "2021-09-24 18:04:25", "elapsed": 337.216335, "delta": 1.27543}}
{"target": -50.51212310420534, "params": {"C": 39.43618203009294, "epsilon": 0.8098329350494784, "gamma": 0.001, "lamda": 0.6740102271260265}, "datetime": {"datetime": "2021-09-24 18:04:28", "elapsed": 339.969811, "delta": 2.753476}}
{"target": -44.51024355084112, "params": {"C": 26.33828259368644, "epsilon": 0.6776654380727544, "gamma": 0.10556932454347234, "lamda": 0.16772457257277323}, "datetime": {"datetime": "2021-09-24 18:04:29", "elapsed": 341.238032, "delta": 1.268221}}
{"target": -43.781277737633836, "params": {"C": 20.49396890873554, "epsilon": 0.4094411704655767, "gamma": 0.028155668297343506, "lamda": 0.6505063170017934}, "datetime": {"datetime": "2021-09-24 18:04:31", "elapsed": 342.519327, "delta": 1.281295}}
{"target": -43.91494145758543, "params": {"C": 29.846697889487906, "epsilon": 0.9585255153139497, "gamma": 0.06746324199865408, "lamda": 0.24323501561302213}, "datetime": {"datetime": "2021-09-24 18:04:32", "elapsed": 343.885703, "delta": 1.366376}}
{"target": -44.72756849404269, "params": {"C": 22.940371116228565, "epsilon": 0.2791057779586071, "gamma": 0.12, "lamda": 0.8732116912078169}, "datetime": {"datetime": "2021-09-24 18:04:34", "elapsed": 346.270396, "delta": 2.384693}}
{"target": -44.19315231459875, "params": {"C": 10.796046956363544, "epsilon": 0.6085713376009917, "gamma": 0.07020625942083526, "lamda": 0.10129931502324371}, "datetime": {"datetime": "2021-09-24 18:04:36", "elapsed": 347.564369, "delta": 1.293973}}
{"target": -43.96628076397245, "params": {"C": 39.83347455850307, "epsilon": 0.9090001904143841, "gamma": 0.049695061777546984, "lamda": 0.9378219224762814}, "datetime": {"datetime": "2021-09-24 18:04:38", "elapsed": 349.89543, "delta": 2.331061}}
{"target": -44.44558747923805, "params": {"C": 20.78630420479048, "epsilon": 0.4243821841202493, "gamma": 0.10610785653105177, "lamda": 0.7099816961877682}, "datetime": {"datetime": "2021-09-24 18:04:40", "elapsed": 352.296661, "delta": 2.401231}}
{"target": -43.66114663716222, "params": {"C": 41.70196338723801, "epsilon": 0.4731964304686793, "gamma": 0.008783154345704211, "lamda": 0.3203254799467198}, "datetime": {"datetime": "2021-09-24 18:04:43", "elapsed": 355.263847, "delta": 2.967186}}
{"target": -44.229213493348134, "params": {"C": 41.62979723577771, "epsilon": 0.2689806900633099, "gamma": 0.07367282980131577, "lamda": 0.5250542568173545}, "datetime": {"datetime": "2021-09-24 18:04:46", "elapsed": 357.717795, "delta": 2.453948}}
{"target": -44.066542964139295, "params": {"C": 11.929098696654492, "epsilon": 0.7497794772264438, "gamma": 0.0679938018074627, "lamda": 0.40393680033449597}, "datetime": {"datetime": "2021-09-24 18:04:47", "elapsed": 359.04779, "delta": 1.329995}}
{"target": -43.94729320951838, "params": {"C": 39.48832743776857, "epsilon": 0.1442838150225109, "gamma": 0.03450245661476562, "lamda": 0.2607415682784244}, "datetime": {"datetime": "2021-09-24 18:04:48", "elapsed": 360.352796, "delta": 1.305006}}
{"target": -45.16823740222419, "params": {"C": 41.416969067190905, "epsilon": 0.5250062203550302, "gamma": 0.11385751888892356, "lamda": 0.3348006782257544}, "datetime": {"datetime": "2021-09-24 18:04:51", "elapsed": 363.050431, "delta": 2.697635}}
{"target": -44.292282342915556, "params": {"C": 21.68622776745396, "epsilon": 0.9173000770902486, "gamma": 0.09634523643367598, "lamda": 0.42187939092878507}, "datetime": {"datetime": "2021-09-24 18:04:52", "elapsed": 364.310886, "delta": 1.260455}}
{"target": -44.66036083886063, "params": {"C": 19.756452287928262, "epsilon": 0.33841993711025864, "gamma": 0.12, "lamda": 0.11262372159480881}, "datetime": {"datetime": "2021-09-24 18:04:55", "elapsed": 366.732001, "delta": 2.421115}}
{"target": -44.3743933811766, "params": {"C": 14.741147515713223, "epsilon": 0.5960078420897224, "gamma": 0.09963707254127509, "lamda": 0.6302666534234561}, "datetime": {"datetime": "2021-09-24 18:04:56", "elapsed": 368.034642, "delta": 1.302641}}
{"target": -44.37974410419897, "params": {"C": 9.069690723480791, "epsilon": 0.894707274357821, "gamma": 0.04946668888232316, "lamda": 0.07446650680218538}, "datetime": {"datetime": "2021-09-24 18:04:58", "elapsed": 369.648316, "delta": 1.613674}}
{"target": -46.79606570490204, "params": {"C": 4.770324186404059, "epsilon": 0.48854501129002975, "gamma": 0.061474545036265905, "lamda": 0.36533234828089783}, "datetime": {"datetime": "2021-09-24 18:04:59", "elapsed": 371.023549, "delta": 1.375233}}
{"target": -49.560613446571345, "params": {"C": 45.015980925515024, "epsilon": 0.5333398808306269, "gamma": 0.001, "lamda": 0.42308441375848105}, "datetime": {"datetime": "2021-09-24 18:05:02", "elapsed": 373.768536, "delta": 2.744987}}
{"target": -43.88409336736558, "params": {"C": 44.61228760518751, "epsilon": 0.5880131756932621, "gamma": 0.019360810373816543, "lamda": 0.05117303512756124}, "datetime": {"datetime": "2021-09-24 18:05:05", "elapsed": 376.472082, "delta": 2.703546}}
{"target": -45.15003802548219, "params": {"C": 44.680603071581096, "epsilon": 0.2755975946669428, "gamma": 0.11445526893204372, "lamda": 0.15733483997467207}, "datetime": {"datetime": "2021-09-24 18:05:07", "elapsed": 378.823428, "delta": 2.351346}}
{"target": -43.76721430527561, "params": {"C": 27.416228650281123, "epsilon": 0.8630305109454005, "gamma": 0.032888975473332194, "lamda": 0.3942048241401202}, "datetime": {"datetime": "2021-09-24 18:05:10", "elapsed": 381.750297, "delta": 2.926869}}
{"target": -43.87823225532871, "params": {"C": 27.298584057448515, "epsilon": 0.6260664684037016, "gamma": 0.06476994304368901, "lamda": 0.4527205101527061}, "datetime": {"datetime": "2021-09-24 18:05:12", "elapsed": 383.922416, "delta": 2.172119}}
{"target": -43.80604740370694, "params": {"C": 27.289846495758287, "epsilon": 0.7956049960006192, "gamma": 0.06951156326687355, "lamda": 0.1370424149970032}, "datetime": {"datetime": "2021-09-24 18:05:15", "elapsed": 387.175025, "delta": 3.252609}}
