{"target": -43.803275351357264, "params": {"C": 318.3286526623757, "epsilon": 0.8329722838177482, "gamma": 0.06903650363313991, "lamda": 1.4053416149527838}, "datetime": {"datetime": "2021-09-24 19:35:16", "elapsed": 183.088011, "delta": 1.624688}}
{"target": -43.28040442095901, "params": {"C": 284.34427526246145, "epsilon": 0.7555386789959673, "gamma": 0.03864455726544095, "lamda": 1.9645824481860854}, "datetime": {"datetime": "2021-09-24 19:35:17", "elapsed": 184.069857, "delta": 0.981846}}
{"target": -43.42756850856531, "params": {"C": 267.35597098340355, "epsilon": 0.8873628988560299, "gamma": 0.014194366392919832, "lamda": 1.3314938327273866}, "datetime": {"datetime": "2021-09-24 19:35:18", "elapsed": 185.056251, "delta": 0.986394}}
{"target": -43.92439359579981, "params": {"C": 277.3676088629883, "epsilon": 0.5300649927257336, "gamma": 0.06450533503832646, "lamda": 1.4638518909836913}, "datetime": {"datetime": "2021-09-24 19:35:19", "elapsed": 186.112714, "delta": 1.056463}}
{"target": -43.569035069838264, "params": {"C": 289.48972369115364, "epsilon": 0.5405217393140652, "gamma": 0.047583624880527656, "lamda": 1.4047225379735249}, "datetime": {"datetime": "2021-09-24 19:35:20", "elapsed": 187.083315, "delta": 0.970601}}
{"target": -43.3847063419928, "params": {"C": 300.98905942621076, "epsilon": 0.701300396729959, "gamma": 0.0114130708762837, "lamda": 1.3054856914276805}, "datetime": {"datetime": "2021-09-24 19:35:22", "elapsed": 188.408709, "delta": 1.325394}}
{"target": -47.631328911870966, "params": {"C": 300.7808747974403, "epsilon": 0.7488162419758542, "gamma": 0.001, "lamda": 1.119667988119374}, "datetime": {"datetime": "2021-09-24 19:35:23", "elapsed": 190.006535, "delta": 1.597826}}
{"target": -43.470618752663015, "params": {"C": 274.458265666542, "epsilon": 0.8800761639028672, "gamma": 0.008045535039160834, "lamda": 0.9618630609710481}, "datetime": {"datetime": "2021-09-24 19:35:25", "elapsed": 191.652862, "delta": 1.646327}}
{"target": -43.83662940687091, "params": {"C": 273.8594219933291, "epsilon": 0.8962990278069807, "gamma": 0.06927845005755413, "lamda": 1.2465531773325529}, "datetime": {"datetime": "2021-09-24 19:35:26", "elapsed": 192.686673, "delta": 1.033811}}
{"target": -43.586923849129775, "params": {"C": 255.15301629197407, "epsilon": 0.6334421081780999, "gamma": 0.009813272524450488, "lamda": 1.884626637931886}, "datetime": {"datetime": "2021-09-24 19:35:27", "elapsed": 193.820275, "delta": 1.133602}}
{"target": -43.32088917457134, "params": {"C": 241.82970557442883, "epsilon": 0.8059684688523086, "gamma": 0.01955450998103754, "lamda": 1.5068019130073367}, "datetime": {"datetime": "2021-09-24 19:35:28", "elapsed": 194.891265, "delta": 1.07099}}
{"target": -44.03576896517084, "params": {"C": 300.82941350472004, "epsilon": 0.9188615197004788, "gamma": 0.005004402466899199, "lamda": 1.211291848984428}, "datetime": {"datetime": "2021-09-24 19:35:29", "elapsed": 196.195496, "delta": 1.304231}}
{"target": -44.40879041671921, "params": {"C": 300.77611662825336, "epsilon": 0.7790285651192044, "gamma": 0.08457645895555621, "lamda": 1.1069343021934903}, "datetime": {"datetime": "2021-09-24 19:35:31", "elapsed": 197.764682, "delta": 1.569186}}
{"target": -44.54786486657592, "params": {"C": 338.744780493858, "epsilon": 0.7433224094406283, "gamma": 0.08716124448184036, "lamda": 1.0702369593912515}, "datetime": {"datetime": "2021-09-24 19:35:32", "elapsed": 198.796662, "delta": 1.03198}}
{"target": -43.18748802497581, "params": {"C": 334.7600482036922, "epsilon": 0.5216820715418953, "gamma": 0.02182684142575937, "lamda": 1.8632535795910419}, "datetime": {"datetime": "2021-09-24 19:35:33", "elapsed": 200.198579, "delta": 1.401917}}
{"target": -44.543675449231095, "params": {"C": 314.55505841876993, "epsilon": 0.9770623955160432, "gamma": 0.10251537097634995, "lamda": 1.6975424906367333}, "datetime": {"datetime": "2021-09-24 19:35:35", "elapsed": 201.294808, "delta": 1.096229}}
{"target": -44.052873695626054, "params": {"C": 313.33396793616487, "epsilon": 0.9018135551587922, "gamma": 0.07251942658864383, "lamda": 1.0035782017251142}, "datetime": {"datetime": "2021-09-24 19:35:36", "elapsed": 202.684601, "delta": 1.389793}}
{"target": -44.726561177577544, "params": {"C": 257.8085266371998, "epsilon": 0.701337038473494, "gamma": 0.09469032700781374, "lamda": 1.1496090566431918}, "datetime": {"datetime": "2021-09-24 19:35:37", "elapsed": 203.805173, "delta": 1.120572}}
{"target": -43.274335800762714, "params": {"C": 323.65336008606744, "epsilon": 0.9503681207037149, "gamma": 0.021576870172272687, "lamda": 1.2695268489040041}, "datetime": {"datetime": "2021-09-24 19:35:38", "elapsed": 204.869838, "delta": 1.064665}}
{"target": -45.27041422827634, "params": {"C": 336.93820809560515, "epsilon": 0.6371938458563817, "gamma": 0.11740716627962995, "lamda": 1.2329203252932763}, "datetime": {"datetime": "2021-09-24 19:35:39", "elapsed": 205.925349, "delta": 1.055511}}
{"target": -43.362295296980484, "params": {"C": 300.5579337751254, "epsilon": 0.8251983962311598, "gamma": 0.04342895417493576, "lamda": 1.486639969510031}, "datetime": {"datetime": "2021-09-24 19:35:40", "elapsed": 207.239097, "delta": 1.313748}}
{"target": -44.948831569823426, "params": {"C": 296.88185888378587, "epsilon": 0.8386713904268039, "gamma": 0.10556932454347234, "lamda": 1.0011696040477327}, "datetime": {"datetime": "2021-09-24 19:35:42", "elapsed": 208.327359, "delta": 1.088262}}
{"target": -43.1920892038644, "params": {"C": 283.76197101961037, "epsilon": 0.7044250102430314, "gamma": 0.028155668297343506, "lamda": 1.5805656369658487}, "datetime": {"datetime": "2021-09-24 19:35:43", "elapsed": 209.440276, "delta": 1.112917}}
{"target": -43.81345570050513, "params": {"C": 304.75789322129935, "epsilon": 0.9792419996566315, "gamma": 0.06746324199865408, "lamda": 1.0917911978554122}, "datetime": {"datetime": "2021-09-24 19:35:44", "elapsed": 210.558527, "delta": 1.118251}}
{"target": -43.38688258062069, "params": {"C": 248.39850849252232, "epsilon": 0.5796498657149943, "gamma": 0.012828446841553577, "lamda": 1.7124204635673013}, "datetime": {"datetime": "2021-09-24 19:35:45", "elapsed": 212.167105, "delta": 1.608578}}
{"target": -44.12115302646183, "params": {"C": 261.99112582040794, "epsilon": 0.804089758559055, "gamma": 0.07020625942083526, "lamda": 0.9214513231602085}, "datetime": {"datetime": "2021-09-24 19:35:46", "elapsed": 213.259251, "delta": 1.092146}}
{"target": -43.8181113396208, "params": {"C": 300.8415697603309, "epsilon": 0.8502330122935292, "gamma": 0.0660509189663414, "lamda": 1.1527457056821306}, "datetime": {"datetime": "2021-09-24 19:35:48", "elapsed": 214.622701, "delta": 1.36345}}
{"target": -43.54195165980568, "params": {"C": 300.82210968309005, "epsilon": 0.7509973594464849, "gamma": 0.045711669125723525, "lamda": 1.0355242677261094}, "datetime": {"datetime": "2021-09-24 19:35:49", "elapsed": 216.040744, "delta": 1.418043}}
{"target": -43.20579178035103, "params": {"C": 341.5925687871256, "epsilon": 0.7100119464946073, "gamma": 0.02847595958395037, "lamda": 1.8065238985432168}, "datetime": {"datetime": "2021-09-24 19:35:50", "elapsed": 217.164764, "delta": 1.12402}}
{"target": -43.21149217584919, "params": {"C": 300.84641073062085, "epsilon": 0.8855091364597147, "gamma": 0.03076139931482794, "lamda": 1.3959440952470537}, "datetime": {"datetime": "2021-09-24 19:35:52", "elapsed": 218.610105, "delta": 1.445341}}
{"target": -43.79770911861348, "params": {"C": 264.5347113598366, "epsilon": 0.8747645031163382, "gamma": 0.0679938018074627, "lamda": 1.2846526256639617}, "datetime": {"datetime": "2021-09-24 19:35:53", "elapsed": 219.708845, "delta": 1.09874}}
{"target": -43.43544251359784, "params": {"C": 326.40236771743963, "epsilon": 0.5717136211323879, "gamma": 0.03450245661476562, "lamda": 1.1128011620503142}, "datetime": {"datetime": "2021-09-24 19:35:54", "elapsed": 220.849485, "delta": 1.14064}}
{"target": -43.20371855480049, "params": {"C": 304.6250201319059, "epsilon": 0.7888095851254071, "gamma": 0.02290435371649382, "lamda": 0.8646620989639211}, "datetime": {"datetime": "2021-09-24 19:35:55", "elapsed": 222.051844, "delta": 1.202359}}
{"target": -44.441954474270005, "params": {"C": 286.43847049836603, "epsilon": 0.9586086471923166, "gamma": 0.09634523643367598, "lamda": 1.3061858877033123}, "datetime": {"datetime": "2021-09-24 19:35:56", "elapsed": 223.195612, "delta": 1.143768}}
{"target": -43.55541583562254, "params": {"C": 300.81483763643155, "epsilon": 0.7381219753465378, "gamma": 0.05035758360923774, "lamda": 1.1899992898693394}, "datetime": {"datetime": "2021-09-24 19:35:58", "elapsed": 224.56887, "delta": 1.373258}}
{"target": -44.528879839878634, "params": {"C": 270.8474740148664, "epsilon": 0.7978017227676288, "gamma": 0.09963707254127509, "lamda": 1.5562756116693142}, "datetime": {"datetime": "2021-09-24 19:35:59", "elapsed": 225.644951, "delta": 1.076081}}
{"target": -44.343624359335394, "params": {"C": 334.7756543496121, "epsilon": 0.5164306547030146, "gamma": 0.0034299705000886676, "lamda": 1.830868110310086}, "datetime": {"datetime": "2021-09-24 19:36:01", "elapsed": 227.407653, "delta": 1.762702}}
{"target": -43.73873859626361, "params": {"C": 248.46399307151933, "epsilon": 0.7440165221671821, "gamma": 0.061474545036265905, "lamda": 1.2383226502020976}, "datetime": {"datetime": "2021-09-24 19:36:02", "elapsed": 228.527417, "delta": 1.119764}}
{"target": -43.47595348553242, "params": {"C": 248.69891361121356, "epsilon": 0.6751155163194491, "gamma": 0.05072294925842915, "lamda": 1.7000298453457336}, "datetime": {"datetime": "2021-09-24 19:36:03", "elapsed": 230.175546, "delta": 1.648129}}
{"target": -43.827052313779426, "params": {"C": 326.33103301321665, "epsilon": 0.6435538951057754, "gamma": 0.04998140789383106, "lamda": 0.8444633718020527}, "datetime": {"datetime": "2021-09-24 19:36:05", "elapsed": 231.559945, "delta": 1.384399}}
{"target": -43.671521777149344, "params": {"C": 253.24021972920184, "epsilon": 0.9158387039865952, "gamma": 0.06565732274648099, "lamda": 1.6569056298583273}, "datetime": {"datetime": "2021-09-24 19:36:06", "elapsed": 232.788521, "delta": 1.228576}}
{"target": -43.212858937598774, "params": {"C": 341.6351320630386, "epsilon": 0.7019885238766557, "gamma": 0.03095727682726821, "lamda": 1.7890452754273112}, "datetime": {"datetime": "2021-09-24 19:36:08", "elapsed": 234.297964, "delta": 1.509443}}
{"target": -43.31057152129179, "params": {"C": 318.3297572289793, "epsilon": 0.7785103081750254, "gamma": 0.017413094202687506, "lamda": 1.4038827496281994}, "datetime": {"datetime": "2021-09-24 19:36:09", "elapsed": 235.797753, "delta": 1.499789}}
{"target": -43.21536967274072, "params": {"C": 313.3679440607642, "epsilon": 0.8984081157440427, "gamma": 0.01760868990412969, "lamda": 0.954296641562494}, "datetime": {"datetime": "2021-09-24 19:36:11", "elapsed": 237.57848, "delta": 1.780727}}
{"target": -43.17911798909568, "params": {"C": 318.31415094677385, "epsilon": 0.7909995964799035, "gamma": 0.025680157898821145, "lamda": 1.3587551484377909}, "datetime": {"datetime": "2021-09-24 19:36:13", "elapsed": 239.478678, "delta": 1.900198}}
{"target": -43.32578718936611, "params": {"C": 331.5686878338185, "epsilon": 0.9379714944281742, "gamma": 0.042398719370035344, "lamda": 1.6501946029654406}, "datetime": {"datetime": "2021-09-24 19:36:14", "elapsed": 240.674163, "delta": 1.195485}}
{"target": -43.45165842207124, "params": {"C": 248.6536777434081, "epsilon": 0.6545656617965286, "gamma": 0.048405614689498444, "lamda": 1.6699415080781996}, "datetime": {"datetime": "2021-09-24 19:36:16", "elapsed": 242.415919, "delta": 1.741756}}
{"target": -43.758388965831095, "params": {"C": 271.8633790671867, "epsilon": 0.5098024303399153, "gamma": 0.0590419159989731, "lamda": 1.5814832256706741}, "datetime": {"datetime": "2021-09-24 19:36:17", "elapsed": 243.630817, "delta": 1.214898}}
{"target": -43.44818515697452, "params": {"C": 304.59109753765495, "epsilon": 0.8096351498807439, "gamma": 0.03767381536737843, "lamda": 0.8891033268811679}, "datetime": {"datetime": "2021-09-24 19:36:18", "elapsed": 245.164254, "delta": 1.533437}}
{"target": -43.16313655758871, "params": {"C": 305.11219143415974, "epsilon": 0.6535926225913481, "gamma": 0.018750209308679433, "lamda": 1.0570355683051695}, "datetime": {"datetime": "2021-09-24 19:36:20", "elapsed": 246.3962, "delta": 1.231946}}
{"target": -43.466489588798616, "params": {"C": 242.61615107052856, "epsilon": 0.9269809870583283, "gamma": 0.013499273287921821, "lamda": 1.3227832693923278}, "datetime": {"datetime": "2021-09-24 19:36:21", "elapsed": 248.035531, "delta": 1.639331}}
{"target": -44.57941594687377, "params": {"C": 292.9423793058287, "epsilon": 0.5384935587312507, "gamma": 0.09363473218941638, "lamda": 1.7030631112529824}, "datetime": {"datetime": "2021-09-24 19:36:22", "elapsed": 249.253963, "delta": 1.218432}}
{"target": -43.50862877122585, "params": {"C": 313.3416342315894, "epsilon": 0.9135012834173468, "gamma": 0.045509626203771684, "lamda": 0.925725039038345}, "datetime": {"datetime": "2021-09-24 19:36:24", "elapsed": 250.679528, "delta": 1.425565}}
{"target": -44.024266717126, "params": {"C": 344.648110049005, "epsilon": 0.8265305803584566, "gamma": 0.07749328344788453, "lamda": 1.4141703715307217}, "datetime": {"datetime": "2021-09-24 19:36:25", "elapsed": 251.942404, "delta": 1.262876}}
{"target": -44.77082893201821, "params": {"C": 300.8369827824951, "epsilon": 0.7534303017685005, "gamma": 0.09913811490941102, "lamda": 1.1476172427875064}, "datetime": {"datetime": "2021-09-24 19:36:27", "elapsed": 253.761553, "delta": 1.819149}}
{"target": -43.18025914699803, "params": {"C": 300.87799816864003, "epsilon": 0.7411922882462719, "gamma": 0.023738835435648538, "lamda": 1.1908039698898305}, "datetime": {"datetime": "2021-09-24 19:36:29", "elapsed": 255.509361, "delta": 1.747808}}
{"target": -43.22557614568804, "params": {"C": 338.400251364527, "epsilon": 0.7331722636188827, "gamma": 0.027698192914609444, "lamda": 1.1244471764400432}, "datetime": {"datetime": "2021-09-24 19:36:31", "elapsed": 257.535327, "delta": 2.025966}}
{"target": -43.4906263675705, "params": {"C": 263.56819655950096, "epsilon": 0.9171867523602439, "gamma": 0.04687198857196263, "lamda": 1.006477835836359}, "datetime": {"datetime": "2021-09-24 19:36:32", "elapsed": 258.761506, "delta": 1.226179}}
{"target": -43.30005931974521, "params": {"C": 242.67018193955965, "epsilon": 0.9527823329190516, "gamma": 0.0212153060934444, "lamda": 1.3097171941907413}, "datetime": {"datetime": "2021-09-24 19:36:34", "elapsed": 260.727554, "delta": 1.966048}}
{"target": -43.36734833332101, "params": {"C": 336.6125611332276, "epsilon": 0.6200137681901052, "gamma": 0.03918889760023397, "lamda": 1.531580211276856}, "datetime": {"datetime": "2021-09-24 19:36:35", "elapsed": 261.985175, "delta": 1.257621}}
{"target": -43.390169405312044, "params": {"C": 300.9051150429725, "epsilon": 0.8667388096905237, "gamma": 0.013102680445211904, "lamda": 1.1941290562034839}, "datetime": {"datetime": "2021-09-24 19:36:37", "elapsed": 263.617307, "delta": 1.632132}}
{"target": -43.61539346072262, "params": {"C": 318.26998228451936, "epsilon": 0.7939691284886484, "gamma": 0.05996473123374543, "lamda": 1.4306263323480075}, "datetime": {"datetime": "2021-09-24 19:36:39", "elapsed": 265.443766, "delta": 1.826459}}
{"target": -43.320715692165024, "params": {"C": 328.9928208215163, "epsilon": 0.9448964523383185, "gamma": 0.041695251822032375, "lamda": 1.48661892446182}, "datetime": {"datetime": "2021-09-24 19:36:40", "elapsed": 266.6384, "delta": 1.194634}}
{"target": -45.52595463972414, "params": {"C": 254.25899991002623, "epsilon": 0.5614539349691783, "gamma": 0.11823277873572598, "lamda": 1.1012044731961943}, "datetime": {"datetime": "2021-09-24 19:36:41", "elapsed": 267.94111, "delta": 1.30271}}
{"target": -43.230442854878845, "params": {"C": 300.91622944241095, "epsilon": 0.7504411011029615, "gamma": 0.018596459330592674, "lamda": 1.268501095427582}, "datetime": {"datetime": "2021-09-24 19:36:43", "elapsed": 269.530651, "delta": 1.589541}}
{"target": -43.43543194870232, "params": {"C": 283.7783644991127, "epsilon": 0.6879118383532947, "gamma": 0.04671431640847892, "lamda": 1.550593501612297}, "datetime": {"datetime": "2021-09-24 19:36:44", "elapsed": 271.229309, "delta": 1.698658}}
{"target": -44.44415179094618, "params": {"C": 320.6161060857345, "epsilon": 0.5894495627626124, "gamma": 0.09245548557573527, "lamda": 1.7987687902501799}, "datetime": {"datetime": "2021-09-24 19:36:46", "elapsed": 272.49742, "delta": 1.268111}}
{"target": -44.85190416804517, "params": {"C": 241.11144170187458, "epsilon": 0.5039207520386264, "gamma": 0.10386138809878262, "lamda": 1.7498666520163917}, "datetime": {"datetime": "2021-09-24 19:36:47", "elapsed": 273.789822, "delta": 1.292402}}
{"target": -44.28871055309404, "params": {"C": 315.19812669633313, "epsilon": 0.8049187239947477, "gamma": 0.07996803904604641, "lamda": 1.0670307529407372}, "datetime": {"datetime": "2021-09-24 19:36:48", "elapsed": 275.014986, "delta": 1.225164}}
{"target": -44.587623867076665, "params": {"C": 307.16315885453525, "epsilon": 0.7954897413127372, "gamma": 0.09627659423307705, "lamda": 1.2443069577757464}, "datetime": {"datetime": "2021-09-24 19:36:49", "elapsed": 276.239214, "delta": 1.224228}}
{"target": -43.95692400716418, "params": {"C": 341.6089799478506, "epsilon": 0.7046377153107863, "gamma": 0.07674171633197496, "lamda": 1.7939050397904215}, "datetime": {"datetime": "2021-09-24 19:36:51", "elapsed": 277.980414, "delta": 1.7412}}
{"target": -43.6138665019509, "params": {"C": 300.79186916017693, "epsilon": 0.8303130739528168, "gamma": 0.0572265619159291, "lamda": 1.2060500460875887}, "datetime": {"datetime": "2021-09-24 19:36:53", "elapsed": 279.750169, "delta": 1.769755}}
{"target": -43.19709958620677, "params": {"C": 305.8374296096662, "epsilon": 0.7096093846991409, "gamma": 0.020468663670697676, "lamda": 1.334337318504619}, "datetime": {"datetime": "2021-09-24 19:36:54", "elapsed": 281.036867, "delta": 1.286698}}
{"target": -43.56704562700322, "params": {"C": 305.86000564528644, "epsilon": 0.6566225541786399, "gamma": 0.00687603585955864, "lamda": 1.360815256088213}, "datetime": {"datetime": "2021-09-24 19:36:56", "elapsed": 283.224834, "delta": 2.187967}}
{"target": -44.314250200097696, "params": {"C": 292.134984466634, "epsilon": 0.7379978654902167, "gamma": 0.003989029939059849, "lamda": 1.4691657608633804}, "datetime": {"datetime": "2021-09-24 19:36:58", "elapsed": 284.49256, "delta": 1.267726}}
{"target": -43.762550320190705, "params": {"C": 330.75683286890103, "epsilon": 0.8710933581240864, "gamma": 0.06309208510427168, "lamda": 1.0937533248871811}, "datetime": {"datetime": "2021-09-24 19:36:59", "elapsed": 285.854925, "delta": 1.362365}}
{"target": -44.89130751629109, "params": {"C": 337.3624954574647, "epsilon": 0.6194317567649071, "gamma": 0.08704523703980122, "lamda": 0.9185733549205909}, "datetime": {"datetime": "2021-09-24 19:37:00", "elapsed": 287.178228, "delta": 1.323303}}
{"target": -44.234520768020396, "params": {"C": 258.1706939479201, "epsilon": 0.8401445627090136, "gamma": 0.0062080970516248946, "lamda": 1.803387599818614}, "datetime": {"datetime": "2021-09-24 19:37:02", "elapsed": 288.423969, "delta": 1.245741}}
{"target": -43.401077729990995, "params": {"C": 274.4708004790226, "epsilon": 0.8262697120545386, "gamma": 0.007582172553130157, "lamda": 0.8432507041714383}, "datetime": {"datetime": "2021-09-24 19:37:03", "elapsed": 290.224814, "delta": 1.800845}}
{"target": -43.1952365011303, "params": {"C": 300.9005106019892, "epsilon": 0.886630900282438, "gamma": 0.028587097881370347, "lamda": 1.259848224964455}, "datetime": {"datetime": "2021-09-24 19:37:05", "elapsed": 292.276704, "delta": 2.05189}}
{"target": -43.53638416486537, "params": {"C": 272.74196059215524, "epsilon": 0.8540052529681446, "gamma": 0.015506281587075895, "lamda": 1.774845347069985}, "datetime": {"datetime": "2021-09-24 19:37:07", "elapsed": 293.579835, "delta": 1.303131}}
{"target": -43.20541789726973, "params": {"C": 327.7304192419227, "epsilon": 0.7730841370235448, "gamma": 0.018224491332742978, "lamda": 1.1114480169704393}, "datetime": {"datetime": "2021-09-24 19:37:08", "elapsed": 294.983984, "delta": 1.404149}}
{"target": -44.773998375973335, "params": {"C": 307.68227377349984, "epsilon": 0.5547385494486493, "gamma": 0.10215555716468218, "lamda": 1.6679191053603164}, "datetime": {"datetime": "2021-09-24 19:37:10", "elapsed": 296.346738, "delta": 1.362754}}
{"target": -43.75008982741646, "params": {"C": 300.9383297325453, "epsilon": 0.8615520232459711, "gamma": 0.06528641397181179, "lamda": 1.2348524491420303}, "datetime": {"datetime": "2021-09-24 19:37:11", "elapsed": 298.223599, "delta": 1.876861}}
{"target": -43.79743915171306, "params": {"C": 340.53106535013126, "epsilon": 0.6953463457484799, "gamma": 0.05562805918961218, "lamda": 0.9936636800575791}, "datetime": {"datetime": "2021-09-24 19:37:13", "elapsed": 299.546667, "delta": 1.323068}}
{"target": -43.76944525709786, "params": {"C": 335.24867701887683, "epsilon": 0.8712794780688404, "gamma": 0.06800071440911586, "lamda": 1.3672286165713654}, "datetime": {"datetime": "2021-09-24 19:37:14", "elapsed": 300.877217, "delta": 1.33055}}
{"target": -44.54976146833187, "params": {"C": 286.80836391219697, "epsilon": 0.7188043679759768, "gamma": 0.003553834886363083, "lamda": 1.5225161031832395}, "datetime": {"datetime": "2021-09-24 19:37:15", "elapsed": 302.223198, "delta": 1.345981}}
{"target": -45.065089494056224, "params": {"C": 240.68091383773256, "epsilon": 0.719333396509559, "gamma": 0.11549969737201965, "lamda": 1.3247659173873831}, "datetime": {"datetime": "2021-09-24 19:37:17", "elapsed": 303.537226, "delta": 1.314028}}
