{"target": -48.24113084685787, "params": {"C": 28.234629780928916, "epsilon": 0.06720905701159363, "gamma": 0.327439999481207, "lamda": 0.06700486029956132}, "datetime": {"datetime": "2021-09-24 17:21:54", "elapsed": 67.329309, "delta": 0.601402}}
{"target": -45.42405377464282, "params": {"C": 42.12592964632185, "epsilon": 0.7417651897541645, "gamma": 0.12412066813738017, "lamda": 0.24010699003930502}, "datetime": {"datetime": "2021-09-24 17:21:55", "elapsed": 68.430745, "delta": 1.101436}}
{"target": -49.39412289090476, "params": {"C": 44.15851338253605, "epsilon": 1.0, "gamma": 0.001, "lamda": 0.001}, "datetime": {"datetime": "2021-09-24 17:21:57", "elapsed": 69.973273, "delta": 1.542528}}
{"target": -43.67352370632663, "params": {"C": 42.91533644735215, "epsilon": 0.36381797475575056, "gamma": 0.01398880686561036, "lamda": 0.11234569363935647}, "datetime": {"datetime": "2021-09-24 17:21:58", "elapsed": 71.143088, "delta": 1.169815}}
{"target": -58.926232958158884, "params": {"C": 3.926205419232264, "epsilon": 0.38176399917809334, "gamma": 0.4515063650350789, "lamda": 0.997590049171951}, "datetime": {"datetime": "2021-09-24 17:21:58", "elapsed": 71.935809, "delta": 0.792721}}
{"target": -46.1819637390395, "params": {"C": 37.007562112418704, "epsilon": 0.7466510090660812, "gamma": 0.2188515011893252, "lamda": 0.0458244965304121}, "datetime": {"datetime": "2021-09-24 17:21:59", "elapsed": 72.748451, "delta": 0.812642}}
{"target": -47.796028504570295, "params": {"C": 42.6303126219656, "epsilon": 0.370154736441895, "gamma": 0.34753319433305124, "lamda": 0.10608622603055907}, "datetime": {"datetime": "2021-09-24 17:22:00", "elapsed": 73.490976, "delta": 0.742525}}
{"target": -48.54586864156139, "params": {"C": 42.60121335236683, "epsilon": 0.25718733154467477, "gamma": 0.39140847728338496, "lamda": 0.718718727958288}, "datetime": {"datetime": "2021-09-24 17:22:01", "elapsed": 74.060243, "delta": 0.569267}}
{"target": -44.20965640284629, "params": {"C": 14.230454360580037, "epsilon": 0.30386831790469726, "gamma": 0.08961044728901754, "lamda": 0.32509759222684087}, "datetime": {"datetime": "2021-09-24 17:22:01", "elapsed": 74.796214, "delta": 0.735971}}
{"target": -47.586523784111655, "params": {"C": 46.78082794693428, "epsilon": 0.08441948071245901, "gamma": 0.32742474515066544, "lamda": 0.30706394975375517}, "datetime": {"datetime": "2021-09-24 17:22:02", "elapsed": 75.563749, "delta": 0.767535}}
{"target": -49.782332060869024, "params": {"C": 42.926615750804274, "epsilon": 0.5513132817048498, "gamma": 0.001, "lamda": 0.32913885248601066}, "datetime": {"datetime": "2021-09-24 17:22:03", "elapsed": 76.944553, "delta": 1.380804}}
{"target": -49.89844314928825, "params": {"C": 42.105081325206164, "epsilon": 1.0, "gamma": 0.001, "lamda": 0.21052977084823407}, "datetime": {"datetime": "2021-09-24 17:22:05", "elapsed": 78.101735, "delta": 1.157182}}
{"target": -45.97546224322483, "params": {"C": 14.602285849786554, "epsilon": 0.7437968643179799, "gamma": 0.16199921985664106, "lamda": 0.8776296802084076}, "datetime": {"datetime": "2021-09-24 17:22:06", "elapsed": 79.337845, "delta": 1.23611}}
{"target": -43.817812986690974, "params": {"C": 42.26235147386587, "epsilon": 0.16066725540325733, "gamma": 0.020304780675432392, "lamda": 0.8809950623824523}, "datetime": {"datetime": "2021-09-24 17:22:07", "elapsed": 80.40967, "delta": 1.071825}}
{"target": -48.05192612168771, "params": {"C": 21.16224630217404, "epsilon": 0.8082875694214983, "gamma": 0.28159874811076147, "lamda": 0.18894035686060212}, "datetime": {"datetime": "2021-09-24 17:22:08", "elapsed": 81.201059, "delta": 0.791389}}
{"target": -44.14015841317405, "params": {"C": 42.481134058581766, "epsilon": 0.9028587945352075, "gamma": 0.06402590034983735, "lamda": 0.6495534668051997}, "datetime": {"datetime": "2021-09-24 17:22:09", "elapsed": 82.196694, "delta": 0.995635}}
{"target": -43.84079648493059, "params": {"C": 42.395717777057925, "epsilon": 0.3719049943137448, "gamma": 0.032056369219769926, "lamda": 0.7412671552642701}, "datetime": {"datetime": "2021-09-24 17:22:10", "elapsed": 83.518302, "delta": 1.321608}}
{"target": -46.6081844783247, "params": {"C": 42.24617115129988, "epsilon": 0.14294716231890728, "gamma": 0.21767561921267065, "lamda": 1.0}, "datetime": {"datetime": "2021-09-24 17:22:11", "elapsed": 84.821322, "delta": 1.30302}}
{"target": -43.869201495831135, "params": {"C": 43.43061581603446, "epsilon": 0.23750125505083322, "gamma": 0.039402740541470437, "lamda": 0.8967855580125823}, "datetime": {"datetime": "2021-09-24 17:22:13", "elapsed": 85.956984, "delta": 1.135662}}
{"target": -48.053202608897394, "params": {"C": 14.727047931052955, "epsilon": 0.9963345131921622, "gamma": 0.23098585219785422, "lamda": 0.7787523882757376}, "datetime": {"datetime": "2021-09-24 17:22:14", "elapsed": 87.046988, "delta": 1.090004}}
{"target": -51.48300359075749, "params": {"C": 12.793874120615348, "epsilon": 0.8035392882369734, "gamma": 0.3004682440119323, "lamda": 0.2928268436600224}, "datetime": {"datetime": "2021-09-24 17:22:14", "elapsed": 87.740844, "delta": 0.693856}}
{"target": -43.80720147957878, "params": {"C": 35.901481438331956, "epsilon": 0.6206463655325622, "gamma": 0.0371017380308197, "lamda": 0.43063590805693286}, "datetime": {"datetime": "2021-09-24 17:22:15", "elapsed": 88.592866, "delta": 0.852022}}
{"target": -46.93376696599026, "params": {"C": 24.21368082354709, "epsilon": 0.24166898384032617, "gamma": 0.24344614427951644, "lamda": 0.6704033453656363}, "datetime": {"datetime": "2021-09-24 17:22:16", "elapsed": 89.30328, "delta": 0.710414}}
{"target": -43.682071582722564, "params": {"C": 38.4363495700713, "epsilon": 0.9525579914187, "gamma": 0.014070623103881089, "lamda": 0.038294367864317946}, "datetime": {"datetime": "2021-09-24 17:22:17", "elapsed": 90.00867, "delta": 0.70539}}
{"target": -54.414843961136064, "params": {"C": 3.2019616368715482, "epsilon": 0.3201700460979639, "gamma": 0.20440539922259088, "lamda": 0.4403785913463188}, "datetime": {"datetime": "2021-09-24 17:22:17", "elapsed": 90.675669, "delta": 0.666999}}
{"target": -43.77166653997335, "params": {"C": 42.424536260530324, "epsilon": 0.7750388709326094, "gamma": 0.025407274745964565, "lamda": 0.8492408163446302}, "datetime": {"datetime": "2021-09-24 17:22:18", "elapsed": 91.74252, "delta": 1.066851}}
{"target": -51.97868126155451, "params": {"C": 17.642893097578966, "epsilon": 0.07568393812891502, "gamma": 0.3673699446888513, "lamda": 0.3771023375845872}, "datetime": {"datetime": "2021-09-24 17:22:19", "elapsed": 92.384316, "delta": 0.641796}}
{"target": -53.27325180847502, "params": {"C": 10.936039326135834, "epsilon": 0.07657473335976057, "gamma": 0.33861069225508966, "lamda": 0.21051983292670642}, "datetime": {"datetime": "2021-09-24 17:22:20", "elapsed": 93.042358, "delta": 0.658042}}
{"target": -43.71458236663771, "params": {"C": 42.52032363696596, "epsilon": 0.16665044920113017, "gamma": 0.015091982986790948, "lamda": 0.7399596548159765}, "datetime": {"datetime": "2021-09-24 17:22:21", "elapsed": 94.500791, "delta": 1.458433}}
{"target": -55.57970202254119, "params": {"C": 14.270052417389232, "epsilon": 0.36161522280841757, "gamma": 0.001, "lamda": 0.5668206360501522}, "datetime": {"datetime": "2021-09-24 17:22:22", "elapsed": 95.555471, "delta": 1.05468}}
{"target": -50.65343150944182, "params": {"C": 37.24945953991611, "epsilon": 0.3460983958712087, "gamma": 0.46073532645713766, "lamda": 0.09570434187167393}, "datetime": {"datetime": "2021-09-24 17:22:23", "elapsed": 96.233437, "delta": 0.677966}}
{"target": -45.08162031045194, "params": {"C": 37.1499382436483, "epsilon": 0.04591959557907669, "gamma": 0.12257281614242607, "lamda": 0.14122321477412123}, "datetime": {"datetime": "2021-09-24 17:22:23", "elapsed": 96.945439, "delta": 0.712002}}
{"target": -49.6934633538955, "params": {"C": 42.71920367680825, "epsilon": 0.3813952890869136, "gamma": 0.001, "lamda": 0.001}, "datetime": {"datetime": "2021-09-24 17:22:25", "elapsed": 98.425796, "delta": 1.480357}}
{"target": -44.1221494682661, "params": {"C": 14.562554623684298, "epsilon": 0.09762934354319103, "gamma": 0.08418951035265505, "lamda": 0.6721333044512893}, "datetime": {"datetime": "2021-09-24 17:22:26", "elapsed": 99.688957, "delta": 1.263161}}
{"target": -50.40451113879191, "params": {"C": 38.629329779698004, "epsilon": 0.8564034485422979, "gamma": 0.001, "lamda": 0.009039185508622729}, "datetime": {"datetime": "2021-09-24 17:22:28", "elapsed": 101.307557, "delta": 1.6186}}
{"target": -50.076229393273856, "params": {"C": 42.36204420608545, "epsilon": 0.6022849130269543, "gamma": 0.001, "lamda": 0.76158430254991}, "datetime": {"datetime": "2021-09-24 17:22:29", "elapsed": 102.878771, "delta": 1.571214}}
{"target": -46.58974519476124, "params": {"C": 42.33883999260958, "epsilon": 0.8571835470179051, "gamma": 0.21336744248955028, "lamda": 0.24407015743700808}, "datetime": {"datetime": "2021-09-24 17:22:31", "elapsed": 104.02216, "delta": 1.143389}}
{"target": -50.704250248696965, "params": {"C": 3.6566005443037986, "epsilon": 0.368700496955721, "gamma": 0.013165010049864704, "lamda": 0.7688636019579105}, "datetime": {"datetime": "2021-09-24 17:22:32", "elapsed": 105.091889, "delta": 1.069729}}
{"target": -46.57205748656552, "params": {"C": 14.528556117097102, "epsilon": 0.08967534456464903, "gamma": 0.18081587118313458, "lamda": 0.5025749073359193}, "datetime": {"datetime": "2021-09-24 17:22:33", "elapsed": 106.414968, "delta": 1.323079}}
{"target": -51.204255667688585, "params": {"C": 32.51103061157472, "epsilon": 0.6519442003564528, "gamma": 0.4559533710400026, "lamda": 0.23639907711364522}, "datetime": {"datetime": "2021-09-24 17:22:34", "elapsed": 107.298414, "delta": 0.883446}}
{"target": -49.8778867496648, "params": {"C": 42.57569205838489, "epsilon": 0.29778848895231186, "gamma": 0.001, "lamda": 0.8601186355506566}, "datetime": {"datetime": "2021-09-24 17:22:35", "elapsed": 108.39234, "delta": 1.093926}}
{"target": -43.88696918570164, "params": {"C": 42.409213402040216, "epsilon": 0.029363795152636974, "gamma": 0.01949535254847243, "lamda": 0.6886180858563167}, "datetime": {"datetime": "2021-09-24 17:22:36", "elapsed": 109.837281, "delta": 1.444941}}
{"target": -45.805870574036696, "params": {"C": 42.554421957925584, "epsilon": 0.8398076770498417, "gamma": 0.1460808232597574, "lamda": 0.5296220831124471}, "datetime": {"datetime": "2021-09-24 17:22:37", "elapsed": 110.90406, "delta": 1.066779}}
{"target": -45.580018667954306, "params": {"C": 35.90579803894516, "epsilon": 0.614276236143153, "gamma": 0.13973998005651364, "lamda": 0.4841954005140399}, "datetime": {"datetime": "2021-09-24 17:22:38", "elapsed": 111.732101, "delta": 0.828041}}
{"target": -44.360772437484734, "params": {"C": 42.2199097055676, "epsilon": 0.20044675492873698, "gamma": 0.07925371706971888, "lamda": 0.7409750286539114}, "datetime": {"datetime": "2021-09-24 17:22:40", "elapsed": 113.224022, "delta": 1.491921}}
{"target": -44.77049247197873, "params": {"C": 42.49498959268935, "epsilon": 0.9354795172123681, "gamma": 0.0920561097497011, "lamda": 0.8766070552564645}, "datetime": {"datetime": "2021-09-24 17:22:41", "elapsed": 114.638818, "delta": 1.414796}}
{"target": -46.29426939583179, "params": {"C": 37.006556673757004, "epsilon": 0.7456075452344111, "gamma": 0.22805273001649468, "lamda": 0.0505128366702008}, "datetime": {"datetime": "2021-09-24 17:22:42", "elapsed": 115.585704, "delta": 0.946886}}
{"target": -45.02902019728813, "params": {"C": 42.405052902546984, "epsilon": 0.11442547606868896, "gamma": 0.10815107781389689, "lamda": 0.8485152523793902}, "datetime": {"datetime": "2021-09-24 17:22:43", "elapsed": 116.802718, "delta": 1.217014}}
{"target": -46.84951011280674, "params": {"C": 43.49020292130598, "epsilon": 0.2562203800222122, "gamma": 0.23330697376548346, "lamda": 0.9084448936028584}, "datetime": {"datetime": "2021-09-24 17:22:45", "elapsed": 118.051593, "delta": 1.248875}}
{"target": -43.993745800328455, "params": {"C": 13.33999058694426, "epsilon": 0.6705631888009477, "gamma": 0.07105945515718183, "lamda": 0.5542736318292386}, "datetime": {"datetime": "2021-09-24 17:22:46", "elapsed": 119.012456, "delta": 0.960863}}
{"target": -46.5771909548535, "params": {"C": 30.60548685593905, "epsilon": 0.3512305299651786, "gamma": 0.23092998878390208, "lamda": 0.6880630231720357}, "datetime": {"datetime": "2021-09-24 17:22:46", "elapsed": 119.939157, "delta": 0.926701}}
{"target": -43.684880509413595, "params": {"C": 42.62263250955063, "epsilon": 0.02271138709990329, "gamma": 0.01509215785464164, "lamda": 0.54118398592162}, "datetime": {"datetime": "2021-09-24 17:22:49", "elapsed": 122.010554, "delta": 2.071397}}
{"target": -43.76440063645431, "params": {"C": 42.629694424669076, "epsilon": 0.7382773500138631, "gamma": 0.02393477541652378, "lamda": 0.8679302829029997}, "datetime": {"datetime": "2021-09-24 17:22:50", "elapsed": 123.430603, "delta": 1.420049}}
{"target": -46.42392879742676, "params": {"C": 42.51934973109911, "epsilon": 0.670645767844803, "gamma": 0.1906681489761399, "lamda": 0.9257448872417514}, "datetime": {"datetime": "2021-09-24 17:22:52", "elapsed": 125.305026, "delta": 1.874423}}
{"target": -47.828150984515396, "params": {"C": 13.434175693219908, "epsilon": 0.9436196015945474, "gamma": 0.21235133909524945, "lamda": 0.29506406265811214}, "datetime": {"datetime": "2021-09-24 17:22:53", "elapsed": 126.566454, "delta": 1.261428}}
{"target": -48.18948658184804, "params": {"C": 14.379612453936529, "epsilon": 0.001, "gamma": 0.004326643295442478, "lamda": 0.7617673485618531}, "datetime": {"datetime": "2021-09-24 17:22:55", "elapsed": 128.552868, "delta": 1.986414}}
{"target": -45.02138422445215, "params": {"C": 24.344661690909955, "epsilon": 0.707293870876429, "gamma": 0.13917369300713875, "lamda": 0.03219376744100369}, "datetime": {"datetime": "2021-09-24 17:22:56", "elapsed": 129.497931, "delta": 0.945063}}
{"target": -43.86438832317773, "params": {"C": 42.33249610480231, "epsilon": 0.6317732550571686, "gamma": 0.029497964534384177, "lamda": 0.3249165579889738}, "datetime": {"datetime": "2021-09-24 17:22:57", "elapsed": 130.619097, "delta": 1.121166}}
{"target": -44.02055279363574, "params": {"C": 42.47464911453764, "epsilon": 0.18156956776415958, "gamma": 0.06285810157224367, "lamda": 0.5753672463500576}, "datetime": {"datetime": "2021-09-24 17:22:58", "elapsed": 131.784152, "delta": 1.165055}}
{"target": -43.711438158976335, "params": {"C": 42.52721060437141, "epsilon": 0.5142984347694739, "gamma": 0.015383952982782612, "lamda": 0.33340252551129657}, "datetime": {"datetime": "2021-09-24 17:23:00", "elapsed": 133.353112, "delta": 1.56896}}
{"target": -60.884806348078264, "params": {"C": 1.156713634105585, "epsilon": 0.9584561791022711, "gamma": 0.4581333624169649, "lamda": 0.7687625942555121}, "datetime": {"datetime": "2021-09-24 17:23:01", "elapsed": 134.721112, "delta": 1.368}}
{"target": -43.90919768076467, "params": {"C": 38.24609216578238, "epsilon": 1.0, "gamma": 0.025099986973260796, "lamda": 0.0646237879857181}, "datetime": {"datetime": "2021-09-24 17:23:04", "elapsed": 137.425754, "delta": 2.704642}}
{"target": -49.75517417969636, "params": {"C": 43.53163916555795, "epsilon": 0.34713780188425675, "gamma": 0.001, "lamda": 0.7251336315974403}, "datetime": {"datetime": "2021-09-24 17:23:05", "elapsed": 138.557595, "delta": 1.131841}}
{"target": -47.03050161601669, "params": {"C": 38.29243186231414, "epsilon": 0.928733069244345, "gamma": 0.27073786856424015, "lamda": 0.12546595781779374}, "datetime": {"datetime": "2021-09-24 17:23:06", "elapsed": 139.906727, "delta": 1.349132}}
{"target": -44.678735258052406, "params": {"C": 20.259352279133147, "epsilon": 0.3197881627227531, "gamma": 0.11864853764496873, "lamda": 0.4148148141722365}, "datetime": {"datetime": "2021-09-24 17:23:07", "elapsed": 140.84929, "delta": 0.942563}}
{"target": -47.03493198862005, "params": {"C": 14.327452587792367, "epsilon": 0.6560510135968469, "gamma": 0.19365776976988444, "lamda": 0.18192666214139208}, "datetime": {"datetime": "2021-09-24 17:23:09", "elapsed": 142.489503, "delta": 1.640213}}
{"target": -45.50527548748935, "params": {"C": 48.04792864386762, "epsilon": 0.27900994237799026, "gamma": 0.1346746888480997, "lamda": 0.012126976559056542}, "datetime": {"datetime": "2021-09-24 17:23:10", "elapsed": 143.375701, "delta": 0.886198}}
{"target": -46.0373033670653, "params": {"C": 20.599832493654066, "epsilon": 0.8142582996639215, "gamma": 0.1846786282173445, "lamda": 0.6207611557924743}, "datetime": {"datetime": "2021-09-24 17:23:11", "elapsed": 144.348914, "delta": 0.973213}}
{"target": -45.762928330300284, "params": {"C": 43.26078371136943, "epsilon": 0.23082400209203247, "gamma": 0.13828721420020795, "lamda": 0.8026546484159593}, "datetime": {"datetime": "2021-09-24 17:23:12", "elapsed": 145.922349, "delta": 1.573435}}
{"target": -50.80832359219416, "params": {"C": 35.803407993251554, "epsilon": 0.6256576081000095, "gamma": 0.001, "lamda": 0.24258530736108497}, "datetime": {"datetime": "2021-09-24 17:23:14", "elapsed": 147.564814, "delta": 1.642465}}
{"target": -44.01397852951986, "params": {"C": 42.65286119855377, "epsilon": 0.8702681430547556, "gamma": 0.05532613134506595, "lamda": 0.7476070557563774}, "datetime": {"datetime": "2021-09-24 17:23:16", "elapsed": 149.125262, "delta": 1.560448}}
{"target": -50.80935872296254, "params": {"C": 36.077520787465815, "epsilon": 0.650810104858815, "gamma": 0.001, "lamda": 0.4982539186613219}, "datetime": {"datetime": "2021-09-24 17:23:17", "elapsed": 150.788765, "delta": 1.663503}}
{"target": -52.41451333907359, "params": {"C": 19.884980907816857, "epsilon": 0.9816166022355065, "gamma": 0.4119323746343881, "lamda": 0.9976890651732129}, "datetime": {"datetime": "2021-09-24 17:23:18", "elapsed": 151.769888, "delta": 0.981123}}
{"target": -46.42496714930394, "params": {"C": 43.01985980818049, "epsilon": 0.43653372730115075, "gamma": 0.22703304731126478, "lamda": 0.029470629422721075}, "datetime": {"datetime": "2021-09-24 17:23:20", "elapsed": 153.64056, "delta": 1.870672}}
{"target": -44.18536749359062, "params": {"C": 10.983915156215081, "epsilon": 0.9891312994418342, "gamma": 0.030691292151809404, "lamda": 0.929592009011268}, "datetime": {"datetime": "2021-09-24 17:23:22", "elapsed": 155.285479, "delta": 1.644919}}
{"target": -55.12355716325031, "params": {"C": 11.60055483669492, "epsilon": 0.6952741522594751, "gamma": 0.42930304220490845, "lamda": 0.6662484960105692}, "datetime": {"datetime": "2021-09-24 17:23:23", "elapsed": 156.190482, "delta": 0.905003}}
{"target": -47.73777803122542, "params": {"C": 41.27149191048227, "epsilon": 0.7142056880836942, "gamma": 0.33976349527743455, "lamda": 0.056396790470536085}, "datetime": {"datetime": "2021-09-24 17:23:24", "elapsed": 157.080477, "delta": 0.889995}}
{"target": -50.47761272926137, "params": {"C": 11.000870063327653, "epsilon": 0.9327834229557171, "gamma": 0.25660311570262206, "lamda": 0.860582346732203}, "datetime": {"datetime": "2021-09-24 17:23:25", "elapsed": 158.297377, "delta": 1.2169}}
{"target": -43.67868966658293, "params": {"C": 38.383911231105955, "epsilon": 0.9730158381419837, "gamma": 0.010646814235778068, "lamda": 0.20662841728832104}, "datetime": {"datetime": "2021-09-24 17:23:26", "elapsed": 159.666889, "delta": 1.369512}}
{"target": -50.85569062831428, "params": {"C": 35.76163595380709, "epsilon": 0.5693540741209643, "gamma": 0.001, "lamda": 0.5541153258144051}, "datetime": {"datetime": "2021-09-24 17:23:28", "elapsed": 161.306726, "delta": 1.639837}}
{"target": -45.70143988916137, "params": {"C": 42.301744179633026, "epsilon": 0.31540511072053157, "gamma": 0.1328553482378007, "lamda": 0.8525220288958859}, "datetime": {"datetime": "2021-09-24 17:23:30", "elapsed": 163.051872, "delta": 1.745146}}
{"target": -45.20096041523846, "params": {"C": 14.626170401287476, "epsilon": 0.27889616380342924, "gamma": 0.13070165647268767, "lamda": 0.696051607357176}, "datetime": {"datetime": "2021-09-24 17:23:31", "elapsed": 164.602964, "delta": 1.551092}}
{"target": -49.60217232044024, "params": {"C": 43.40105025359686, "epsilon": 0.03516675947937097, "gamma": 0.001, "lamda": 0.8707588158500071}, "datetime": {"datetime": "2021-09-24 17:23:33", "elapsed": 166.131518, "delta": 1.528554}}
{"target": -47.81980548985657, "params": {"C": 38.24938870120873, "epsilon": 0.8129288236452125, "gamma": 0.0016798349110497522, "lamda": 0.19538565544191827}, "datetime": {"datetime": "2021-09-24 17:23:34", "elapsed": 167.420369, "delta": 1.288851}}
{"target": -44.19010733707342, "params": {"C": 42.66842651657621, "epsilon": 0.6935272279920529, "gamma": 0.004503796003187961, "lamda": 0.6305942821851344}, "datetime": {"datetime": "2021-09-24 17:23:36", "elapsed": 168.97606, "delta": 1.555691}}
{"target": -43.882134645537064, "params": {"C": 39.32541639137562, "epsilon": 0.04548330507767279, "gamma": 0.038207915366899214, "lamda": 0.026510312474434923}, "datetime": {"datetime": "2021-09-24 17:23:37", "elapsed": 170.450145, "delta": 1.474085}}
{"target": -44.92193474471473, "params": {"C": 39.41934230906201, "epsilon": 0.060837947972275486, "gamma": 0.11069508817670959, "lamda": 0.20141319014214057}, "datetime": {"datetime": "2021-09-24 17:23:39", "elapsed": 172.348463, "delta": 1.898318}}
{"target": -46.035961608816365, "params": {"C": 34.207050085950456, "epsilon": 0.5004293102290893, "gamma": 0.21027745303191536, "lamda": 0.009157351596446945}, "datetime": {"datetime": "2021-09-24 17:23:40", "elapsed": 173.440956, "delta": 1.092493}}
{"target": -46.005832147278745, "params": {"C": 39.35980703717863, "epsilon": 0.17131190370135507, "gamma": 0.20443025902014747, "lamda": 0.001}, "datetime": {"datetime": "2021-09-24 17:23:42", "elapsed": 175.166013, "delta": 1.725057}}
