{"target": -45.19430232363211, "params": {"C": 149.51570785844496, "epsilon": 0.5818709438930143, "gamma": 0.0019839644470128993, "lamda": 1.3783547257362698}, "datetime": {"datetime": "2021-09-24 18:59:53", "elapsed": 11.25177, "delta": 0.359416}}
{"target": -45.33186356090216, "params": {"C": 110.42864228174145, "epsilon": 0.9279287869500618, "gamma": 0.0030027115017178642, "lamda": 1.3596299306335742}, "datetime": {"datetime": "2021-09-24 18:59:53", "elapsed": 11.798603, "delta": 0.546833}}
{"target": -44.17437439462969, "params": {"C": 127.55107203272772, "epsilon": 0.6957093324357511, "gamma": 0.04068792164532265, "lamda": 0.7556783830140504}, "datetime": {"datetime": "2021-09-24 18:59:54", "elapsed": 12.208761, "delta": 0.410158}}
{"target": -44.285165067203216, "params": {"C": 113.45477969416416, "epsilon": 0.03401860702312612, "gamma": 0.017672598558287192, "lamda": 1.164019387443886}, "datetime": {"datetime": "2021-09-24 18:59:54", "elapsed": 12.703293, "delta": 0.494532}}
{"target": -43.91736514866754, "params": {"C": 102.49141006648433, "epsilon": 0.4281011972527095, "gamma": 0.01593073832431156, "lamda": 0.7096545562598406}, "datetime": {"datetime": "2021-09-24 18:59:54", "elapsed": 13.109563, "delta": 0.40627}}
{"target": -44.58553770788308, "params": {"C": 124.38501457568087, "epsilon": 0.5560440693541592, "gamma": 0.03895884071903981, "lamda": 0.15167031593941865}, "datetime": {"datetime": "2021-09-24 18:59:55", "elapsed": 13.531423, "delta": 0.42186}}
{"target": -44.69304140714411, "params": {"C": 110.35232665066947, "epsilon": 0.8855753088916872, "gamma": 0.10693250071902488, "lamda": 1.375833345134354}, "datetime": {"datetime": "2021-09-24 18:59:55", "elapsed": 13.954613, "delta": 0.42319}}
{"target": -43.343074891802424, "params": {"C": 143.19227273966135, "epsilon": 0.5335462499046268, "gamma": 0.01550372929785302, "lamda": 1.2141174558552952}, "datetime": {"datetime": "2021-09-24 18:59:56", "elapsed": 14.355638, "delta": 0.401025}}
{"target": -44.67334031979103, "params": {"C": 143.14227224483966, "epsilon": 0.47242889438333274, "gamma": 0.07162045225795226, "lamda": 1.1658341719434653}, "datetime": {"datetime": "2021-09-24 18:59:56", "elapsed": 14.730585, "delta": 0.374947}}
{"target": -44.60412892241927, "params": {"C": 110.3717084718205, "epsilon": 0.7109871294303338, "gamma": 0.09665323487536312, "lamda": 1.3734879120605814}, "datetime": {"datetime": "2021-09-24 18:59:56", "elapsed": 15.058745, "delta": 0.32816}}
{"target": -43.65547883817095, "params": {"C": 110.35313827371824, "epsilon": 0.8336481395944114, "gamma": 0.06361022688750965, "lamda": 1.452064541770631}, "datetime": {"datetime": "2021-09-24 18:59:57", "elapsed": 15.55871, "delta": 0.499965}}
{"target": -44.08470031136133, "params": {"C": 112.67094302507907, "epsilon": 0.9306276589916436, "gamma": 0.07570957744760543, "lamda": 1.0753327169327414}, "datetime": {"datetime": "2021-09-24 18:59:57", "elapsed": 15.912722, "delta": 0.354012}}
{"target": -47.235760112895136, "params": {"C": 110.3031922404778, "epsilon": 0.8586161658880246, "gamma": 0.0016874801587704786, "lamda": 1.4684882075082355}, "datetime": {"datetime": "2021-09-24 18:59:58", "elapsed": 16.255725, "delta": 0.343003}}
{"target": -44.33353350486728, "params": {"C": 143.2128630488727, "epsilon": 0.5556708343778354, "gamma": 0.07404534952613921, "lamda": 1.2227686346259903}, "datetime": {"datetime": "2021-09-24 18:59:58", "elapsed": 16.695562, "delta": 0.439837}}
{"target": -43.508693863658934, "params": {"C": 143.25106677302654, "epsilon": 0.49202331038058633, "gamma": 0.01947043663774148, "lamda": 1.1977309562852285}, "datetime": {"datetime": "2021-09-24 18:59:58", "elapsed": 17.137194, "delta": 0.441632}}
{"target": -44.70822529625962, "params": {"C": 110.3227702235952, "epsilon": 0.7701695389446944, "gamma": 0.10637159214910652, "lamda": 1.4427243807070533}, "datetime": {"datetime": "2021-09-24 18:59:59", "elapsed": 17.520328, "delta": 0.383134}}
{"target": -43.28289630076116, "params": {"C": 106.52337839274405, "epsilon": 0.8444575383675984, "gamma": 0.019772082566731738, "lamda": 1.1554701431329981}, "datetime": {"datetime": "2021-09-24 18:59:59", "elapsed": 18.111316, "delta": 0.590988}}
{"target": -43.497314733167606, "params": {"C": 143.35845324147633, "epsilon": 0.5118441296364213, "gamma": 0.023906319283573608, "lamda": 1.229597953656302}, "datetime": {"datetime": "2021-09-24 19:00:00", "elapsed": 18.620443, "delta": 0.509127}}
{"target": -43.74496860596588, "params": {"C": 149.44612506131688, "epsilon": 0.5631126875392372, "gamma": 0.05321488214435344, "lamda": 1.2965662316945508}, "datetime": {"datetime": "2021-09-24 19:00:00", "elapsed": 19.107941, "delta": 0.487498}}
{"target": -44.484229882819044, "params": {"C": 128.8036581319579, "epsilon": 0.5658602866924152, "gamma": 0.03321920186966606, "lamda": 0.1450888812902132}, "datetime": {"datetime": "2021-09-24 19:00:01", "elapsed": 19.732901, "delta": 0.62496}}
{"target": -44.13267839831294, "params": {"C": 149.35246739056865, "epsilon": 0.46561078545320844, "gamma": 0.06354206768218353, "lamda": 1.3901340974802479}, "datetime": {"datetime": "2021-09-24 19:00:02", "elapsed": 20.169724, "delta": 0.436823}}
{"target": -44.82080046490265, "params": {"C": 137.50804946287002, "epsilon": 0.5158361122480389, "gamma": 0.04559012725712613, "lamda": 0.3661232597369071}, "datetime": {"datetime": "2021-09-24 19:00:02", "elapsed": 20.938476, "delta": 0.768752}}
{"target": -44.06626410329996, "params": {"C": 106.50183833060409, "epsilon": 0.7847354528663594, "gamma": 0.07330612329848353, "lamda": 1.206886995213892}, "datetime": {"datetime": "2021-09-24 19:00:10", "elapsed": 28.458852, "delta": 7.520376}}
{"target": -44.98887300121933, "params": {"C": 149.41514180836788, "epsilon": 0.5423756782799236, "gamma": 0.10316118382612513, "lamda": 1.3573350108185356}, "datetime": {"datetime": "2021-09-24 19:00:13", "elapsed": 31.206429, "delta": 2.747577}}
{"target": -43.77452219097629, "params": {"C": 106.36754339101986, "epsilon": 0.8700214375207699, "gamma": 0.06408598028092775, "lamda": 1.1944496348839455}, "datetime": {"datetime": "2021-09-24 19:00:13", "elapsed": 32.077408, "delta": 0.870979}}
{"target": -45.423610882367186, "params": {"C": 136.0926327565772, "epsilon": 0.7024527455200192, "gamma": 0.07042705007857473, "lamda": 0.5257137481721366}, "datetime": {"datetime": "2021-09-24 19:00:16", "elapsed": 34.339246, "delta": 2.261838}}
{"target": -44.20000812447079, "params": {"C": 113.52204737649893, "epsilon": 0.3148963291159063, "gamma": 0.02350606582640516, "lamda": 0.4869926570453269}, "datetime": {"datetime": "2021-09-24 19:00:17", "elapsed": 35.504084, "delta": 1.164838}}
{"target": -47.40252784281801, "params": {"C": 149.39644419357882, "epsilon": 0.5788449310839683, "gamma": 0.001, "lamda": 1.348436254747524}, "datetime": {"datetime": "2021-09-24 19:00:18", "elapsed": 36.614254, "delta": 1.11017}}
{"target": -43.21949599532973, "params": {"C": 110.39191948211817, "epsilon": 0.7760469241562552, "gamma": 0.03070256587753655, "lamda": 1.4121586949182041}, "datetime": {"datetime": "2021-09-24 19:00:19", "elapsed": 37.874451, "delta": 1.260197}}
{"target": -43.75311462781169, "params": {"C": 139.24816608170477, "epsilon": 0.18286997665801896, "gamma": 0.0074237321480032335, "lamda": 0.08310951813018222}, "datetime": {"datetime": "2021-09-24 19:00:20", "elapsed": 38.599555, "delta": 0.725104}}
{"target": -43.941432912977405, "params": {"C": 143.22799809464513, "epsilon": 0.44253630435583646, "gamma": 0.04574630296200412, "lamda": 1.3616286896208354}, "datetime": {"datetime": "2021-09-24 19:00:21", "elapsed": 39.259566, "delta": 0.660011}}
{"target": -44.51547109650915, "params": {"C": 139.1942126207753, "epsilon": 0.19456037321825523, "gamma": 0.039013769886065815, "lamda": 0.04328388190399592}, "datetime": {"datetime": "2021-09-24 19:00:21", "elapsed": 40.124503, "delta": 0.864937}}
{"target": -45.381418036722415, "params": {"C": 111.86706787448072, "epsilon": 0.2076513809250888, "gamma": 0.07179771955141472, "lamda": 1.4052783727485958}, "datetime": {"datetime": "2021-09-24 19:00:22", "elapsed": 40.785165, "delta": 0.660662}}
{"target": -46.839370828285375, "params": {"C": 142.6995924202181, "epsilon": 0.05005278036889727, "gamma": 0.11256324120559737, "lamda": 1.306403769487637}, "datetime": {"datetime": "2021-09-24 19:00:23", "elapsed": 42.08986, "delta": 1.304695}}
{"target": -43.70473604275607, "params": {"C": 105.96381038147369, "epsilon": 0.44140250959461835, "gamma": 0.003241683205548508, "lamda": 1.0311374667469773}, "datetime": {"datetime": "2021-09-24 19:00:24", "elapsed": 42.964339, "delta": 0.874479}}
{"target": -43.46596198624871, "params": {"C": 143.357511448919, "epsilon": 0.4655766087223796, "gamma": 0.01006306853265946, "lamda": 1.2562433977607328}, "datetime": {"datetime": "2021-09-24 19:00:27", "elapsed": 45.493714, "delta": 2.529375}}
{"target": -44.497891642594155, "params": {"C": 102.60437701107067, "epsilon": 0.490171148928499, "gamma": 0.03838055453468907, "lamda": 0.6966662336090779}, "datetime": {"datetime": "2021-09-24 19:00:28", "elapsed": 46.40553, "delta": 0.911816}}
{"target": -45.581440000380866, "params": {"C": 119.01397390944607, "epsilon": 0.7351853607092531, "gamma": 0.07359858820115524, "lamda": 0.45832057407956284}, "datetime": {"datetime": "2021-09-24 19:00:29", "elapsed": 47.268099, "delta": 0.862569}}
{"target": -43.558780776341166, "params": {"C": 149.4809296691779, "epsilon": 0.5554954728024991, "gamma": 0.03641315054648426, "lamda": 1.2344519622712182}, "datetime": {"datetime": "2021-09-24 19:00:29", "elapsed": 48.086284, "delta": 0.818185}}
{"target": -44.20092377603068, "params": {"C": 133.3107627592568, "epsilon": 0.8268056970838964, "gamma": 0.018638156704509534, "lamda": 0.16222809536073476}, "datetime": {"datetime": "2021-09-24 19:00:30", "elapsed": 48.915053, "delta": 0.828769}}
{"target": -43.40296463257475, "params": {"C": 113.89190502886811, "epsilon": 0.8499794463042285, "gamma": 0.0265492632742135, "lamda": 0.9797136440476016}, "datetime": {"datetime": "2021-09-24 19:00:31", "elapsed": 49.90635, "delta": 0.991297}}
{"target": -44.46666354243139, "params": {"C": 106.09671715035786, "epsilon": 0.6410221040483314, "gamma": 0.04217916010902187, "lamda": 0.7418363555716072}, "datetime": {"datetime": "2021-09-24 19:00:32", "elapsed": 50.541429, "delta": 0.635079}}
{"target": -44.29190368561152, "params": {"C": 143.3417009818348, "epsilon": 0.4510761328401104, "gamma": 0.059167221636878486, "lamda": 1.2861280082940463}, "datetime": {"datetime": "2021-09-24 19:00:33", "elapsed": 51.322426, "delta": 0.780997}}
{"target": -43.47463336333635, "params": {"C": 143.29974234788972, "epsilon": 0.5487200347184147, "gamma": 0.030022460008303133, "lamda": 1.2752571834532975}, "datetime": {"datetime": "2021-09-24 19:00:34", "elapsed": 52.259934, "delta": 0.937508}}
{"target": -44.797768635045905, "params": {"C": 100.68149090133366, "epsilon": 0.46839854641631573, "gamma": 0.058029696186827365, "lamda": 0.8360050815741049}, "datetime": {"datetime": "2021-09-24 19:00:35", "elapsed": 53.64754, "delta": 1.387606}}
{"target": -44.57199979948796, "params": {"C": 141.71916566391417, "epsilon": 0.2798234260008564, "gamma": 0.03342116449181258, "lamda": 0.2744257592997455}, "datetime": {"datetime": "2021-09-24 19:00:40", "elapsed": 58.805652, "delta": 5.158112}}
{"target": -43.420706836491036, "params": {"C": 113.92163906876428, "epsilon": 0.8423374036499053, "gamma": 0.013897202781985342, "lamda": 0.9331809531670784}, "datetime": {"datetime": "2021-09-24 19:00:41", "elapsed": 59.64465, "delta": 0.838998}}
{"target": -43.855863584020426, "params": {"C": 143.14960071902382, "epsilon": 0.5316634309890415, "gamma": 0.053259279629355886, "lamda": 1.2842076192682952}, "datetime": {"datetime": "2021-09-24 19:00:42", "elapsed": 60.329466, "delta": 0.684816}}
{"target": -43.53208591175252, "params": {"C": 135.5911746977243, "epsilon": 0.6244230700008887, "gamma": 0.011708478311762669, "lamda": 0.9018100869035276}, "datetime": {"datetime": "2021-09-24 19:00:42", "elapsed": 61.035761, "delta": 0.706295}}
{"target": -44.64727663666762, "params": {"C": 105.61785370636872, "epsilon": 0.07109710954571101, "gamma": 0.054781524223562396, "lamda": 0.4229549545392658}, "datetime": {"datetime": "2021-09-24 19:00:43", "elapsed": 61.644931, "delta": 0.60917}}
{"target": -43.273156103735104, "params": {"C": 110.44864552865526, "epsilon": 0.7498470133339645, "gamma": 0.03296709067164866, "lamda": 1.3957942433962178}, "datetime": {"datetime": "2021-09-24 19:00:44", "elapsed": 62.168401, "delta": 0.52347}}
{"target": -44.679131890690634, "params": {"C": 136.74476366087282, "epsilon": 0.7473815692406643, "gamma": 0.04238307417724559, "lamda": 0.06086230773598623}, "datetime": {"datetime": "2021-09-24 19:00:44", "elapsed": 62.917451, "delta": 0.74905}}
{"target": -44.39295770183521, "params": {"C": 135.52962342065533, "epsilon": 0.6375092353143073, "gamma": 0.05943679469817615, "lamda": 0.8959645449365552}, "datetime": {"datetime": "2021-09-24 19:00:45", "elapsed": 63.497238, "delta": 0.579787}}
{"target": -43.63146368098034, "params": {"C": 143.36940145894886, "epsilon": 0.5782630461758692, "gamma": 0.04214057633612911, "lamda": 1.2331808013772136}, "datetime": {"datetime": "2021-09-24 19:00:45", "elapsed": 64.132717, "delta": 0.635479}}
{"target": -43.3403881516946, "params": {"C": 106.57685337079945, "epsilon": 0.8846668673630825, "gamma": 0.01570832779018364, "lamda": 1.1840279201867387}, "datetime": {"datetime": "2021-09-24 19:00:46", "elapsed": 64.884209, "delta": 0.751492}}
{"target": -44.56227860312529, "params": {"C": 124.67648252576826, "epsilon": 0.2102910559849512, "gamma": 0.0374375477694723, "lamda": 0.8999605275617117}, "datetime": {"datetime": "2021-09-24 19:00:47", "elapsed": 65.719329, "delta": 0.83512}}
{"target": -44.21015823175146, "params": {"C": 143.26022910693098, "epsilon": 0.41131917989641636, "gamma": 0.05338612389968776, "lamda": 1.3658545124520955}, "datetime": {"datetime": "2021-09-24 19:00:50", "elapsed": 68.498292, "delta": 2.778963}}
{"target": -43.391465594847354, "params": {"C": 112.89368136195108, "epsilon": 0.9400351552765223, "gamma": 0.012531979782060856, "lamda": 1.0351247981885294}, "datetime": {"datetime": "2021-09-24 19:00:51", "elapsed": 69.592963, "delta": 1.094671}}
{"target": -44.13428934407685, "params": {"C": 110.36815424312658, "epsilon": 0.801121370425079, "gamma": 0.08119393518892691, "lamda": 1.3816648219731338}, "datetime": {"datetime": "2021-09-24 19:00:52", "elapsed": 70.287458, "delta": 0.694495}}
{"target": -46.2520890942022, "params": {"C": 127.79043855196828, "epsilon": 0.06720905701159363, "gamma": 0.07884841670994716, "lamda": 0.09919978975306508}, "datetime": {"datetime": "2021-09-24 19:00:53", "elapsed": 71.616979, "delta": 1.329521}}
{"target": -43.28759409140785, "params": {"C": 143.21170743787914, "epsilon": 0.585321232217487, "gamma": 0.01396469871172093, "lamda": 1.3125442630295514}, "datetime": {"datetime": "2021-09-24 19:00:54", "elapsed": 72.545786, "delta": 0.928807}}
{"target": -47.018608784621335, "params": {"C": 143.36913711480355, "epsilon": 0.5326705637242104, "gamma": 0.001, "lamda": 1.2968666133907916}, "datetime": {"datetime": "2021-09-24 19:00:55", "elapsed": 73.40191, "delta": 0.856124}}
{"target": -43.687938390154464, "params": {"C": 143.38884198973633, "epsilon": 0.564637396697995, "gamma": 0.03610318742348862, "lamda": 1.1492862555618863}, "datetime": {"datetime": "2021-09-24 19:00:56", "elapsed": 74.326729, "delta": 0.924819}}
{"target": -45.666917535647, "params": {"C": 102.98592389717578, "epsilon": 0.38176399917809334, "gamma": 0.10843538564964808, "lamda": 1.496381696449459}, "datetime": {"datetime": "2021-09-24 19:00:57", "elapsed": 75.187067, "delta": 0.860338}}
{"target": -43.435862634720046, "params": {"C": 143.32181504777583, "epsilon": 0.5159701118545921, "gamma": 0.018102854640688868, "lamda": 1.182830664982086}, "datetime": {"datetime": "2021-09-24 19:00:57", "elapsed": 76.076945, "delta": 0.889878}}
{"target": -46.26935473928811, "params": {"C": 142.4799108387404, "epsilon": 0.370154736441895, "gamma": 0.08364018061249118, "lamda": 0.15787660703026582}, "datetime": {"datetime": "2021-09-24 19:00:58", "elapsed": 76.782571, "delta": 0.705626}}
{"target": -46.48231308106282, "params": {"C": 142.45021770649677, "epsilon": 0.25718733154467477, "gamma": 0.09410342444233027, "lamda": 1.0776839039686048}, "datetime": {"datetime": "2021-09-24 19:00:59", "elapsed": 77.406464, "delta": 0.623893}}
{"target": -43.21908225962857, "params": {"C": 106.5273255952381, "epsilon": 0.9792564140365606, "gamma": 0.031252600361352384, "lamda": 1.1758775732793643}, "datetime": {"datetime": "2021-09-24 19:01:00", "elapsed": 78.19745, "delta": 0.790986}}
{"target": -46.26062076683635, "params": {"C": 146.7151305580962, "epsilon": 0.08441948071245901, "gamma": 0.0788447789036657, "lamda": 0.45962484307873613}, "datetime": {"datetime": "2021-09-24 19:01:00", "elapsed": 78.920714, "delta": 0.723264}}
{"target": -44.44778132084983, "params": {"C": 101.17675203020183, "epsilon": 0.5734265782308402, "gamma": 0.0353639850489663, "lamda": 0.6391787844043377}, "datetime": {"datetime": "2021-09-24 19:01:01", "elapsed": 79.551365, "delta": 0.630651}}
{"target": -43.22849886030062, "params": {"C": 143.13948387629364, "epsilon": 0.614946118443463, "gamma": 0.0199913060137288, "lamda": 1.2261360525422371}, "datetime": {"datetime": "2021-09-24 19:01:02", "elapsed": 80.266139, "delta": 0.714774}}
{"target": -44.71203620279561, "params": {"C": 143.11915109937036, "epsilon": 0.6172777347991784, "gamma": 0.09217628273551702, "lamda": 1.2367272154733069}, "datetime": {"datetime": "2021-09-24 19:01:02", "elapsed": 80.984464, "delta": 0.718325}}
{"target": -44.48912809000653, "params": {"C": 149.46090383336934, "epsilon": 0.5882710852315899, "gamma": 0.08278809379398556, "lamda": 1.2570272704827732}, "datetime": {"datetime": "2021-09-24 19:01:03", "elapsed": 81.63314, "delta": 0.648676}}
{"target": -45.29374774142136, "params": {"C": 120.57372071650413, "epsilon": 0.8082875694214983, "gamma": 0.06791633471980082, "lamda": 0.28227391517038747}, "datetime": {"datetime": "2021-09-24 19:01:04", "elapsed": 82.442893, "delta": 0.809753}}
{"target": -43.6116050037346, "params": {"C": 113.95524322933994, "epsilon": 0.8395558891795323, "gamma": 0.005954187754059757, "lamda": 0.9934125952144041}, "datetime": {"datetime": "2021-09-24 19:01:05", "elapsed": 83.237951, "delta": 0.795058}}
{"target": -44.64636479480649, "params": {"C": 106.50441995645828, "epsilon": 0.9624510514757811, "gamma": 0.10415546482406775, "lamda": 1.17887264290327}, "datetime": {"datetime": "2021-09-24 19:01:05", "elapsed": 83.987913, "delta": 0.749962}}
{"target": -45.739462300470734, "params": {"C": 145.17450180319284, "epsilon": 0.7783213536321137, "gamma": 0.10569851764040465, "lamda": 0.6240206237919125}, "datetime": {"datetime": "2021-09-24 19:01:06", "elapsed": 84.775046, "delta": 0.787133}}
{"target": -43.213948264148954, "params": {"C": 143.23486166686445, "epsilon": 0.6250959688260525, "gamma": 0.0225133427146214, "lamda": 1.2698012900728026}, "datetime": {"datetime": "2021-09-24 19:01:07", "elapsed": 85.695007, "delta": 0.919961}}
{"target": -44.70597210205306, "params": {"C": 125.77624314916304, "epsilon": 0.5271296285388397, "gamma": 0.08350427446569325, "lamda": 1.2788564668642681}, "datetime": {"datetime": "2021-09-24 19:01:08", "elapsed": 86.29653, "delta": 0.601523}}
{"target": -45.438943404979476, "params": {"C": 112.03456542919933, "epsilon": 0.8035392882369734, "gamma": 0.07241627462408806, "lamda": 0.43824923203770527}, "datetime": {"datetime": "2021-09-24 19:01:08", "elapsed": 86.982408, "delta": 0.685878}}
{"target": -43.89413282721479, "params": {"C": 133.29052636115, "epsilon": 0.8187726190192052, "gamma": 0.00768931152509847, "lamda": 0.17052708522895407}, "datetime": {"datetime": "2021-09-24 19:01:09", "elapsed": 88.092283, "delta": 1.109875}}
{"target": -45.066656493537735, "params": {"C": 123.68742941178274, "epsilon": 0.24166898384032617, "gamma": 0.058817817974473864, "lamda": 1.0051431208347525}, "datetime": {"datetime": "2021-09-24 19:01:10", "elapsed": 88.798261, "delta": 0.705978}}
{"target": -43.69219365855578, "params": {"C": 138.2003567041544, "epsilon": 0.9525579914187, "gamma": 0.00411704238349068, "lamda": 0.056093816175866354}, "datetime": {"datetime": "2021-09-24 19:01:11", "elapsed": 89.735482, "delta": 0.937221}}
{"target": -44.6739279464907, "params": {"C": 102.24689962946076, "epsilon": 0.3201700460979639, "gamma": 0.049507500015006645, "lamda": 0.6597836327931367}, "datetime": {"datetime": "2021-09-24 19:01:12", "elapsed": 90.403223, "delta": 0.667741}}
{"target": -43.5013163575482, "params": {"C": 143.3279511806869, "epsilon": 0.4664330111672248, "gamma": 0.006288855984750614, "lamda": 1.1553836860815154}, "datetime": {"datetime": "2021-09-24 19:01:12", "elapsed": 91.104682, "delta": 0.701459}}
{"target": -43.52196616962693, "params": {"C": 143.42688832936435, "epsilon": 0.4903942805807103, "gamma": 0.019767488322011622, "lamda": 1.192497717584709}, "datetime": {"datetime": "2021-09-24 19:01:13", "elapsed": 91.821924, "delta": 0.717242}}
{"target": -45.92853927874581, "params": {"C": 110.13881563891411, "epsilon": 0.07657473335976057, "gamma": 0.08151236949570274, "lamda": 0.3146733707775445}, "datetime": {"datetime": "2021-09-24 19:01:14", "elapsed": 92.603962, "delta": 0.782038}}
{"target": -43.20501863966897, "params": {"C": 110.49965998022829, "epsilon": 0.7656069497730723, "gamma": 0.027430975295881517, "lamda": 1.4120017881554987}, "datetime": {"datetime": "2021-09-24 19:01:15", "elapsed": 93.264184, "delta": 0.660222}}
