{"target": -46.648703746197924, "params": {"C": 149.84383864107815, "epsilon": 0.212493936311303, "gamma": 0.11286691185157376, "lamda": 1.4866172236050263}, "datetime": {"datetime": "2021-09-24 19:02:38", "elapsed": 176.318306, "delta": 0.979328}}
{"target": -44.284731993894525, "params": {"C": 107.87544957192603, "epsilon": 0.6634910592918781, "gamma": 0.08291920863717601, "lamda": 1.4653510772881395}, "datetime": {"datetime": "2021-09-24 19:02:39", "elapsed": 177.454447, "delta": 1.136141}}
{"target": -43.1912835633803, "params": {"C": 106.64083096171863, "epsilon": 0.9055560370884507, "gamma": 0.025223855547398963, "lamda": 1.247219992969185}, "datetime": {"datetime": "2021-09-24 19:02:40", "elapsed": 178.732887, "delta": 1.27844}}
{"target": -44.32355916978097, "params": {"C": 144.71631034854468, "epsilon": 0.386565405150006, "gamma": 0.020729706542849332, "lamda": 0.4078308723580485}, "datetime": {"datetime": "2021-09-24 19:02:41", "elapsed": 179.781142, "delta": 1.048255}}
{"target": -43.65847461903146, "params": {"C": 110.55166082324804, "epsilon": 0.86566904929159, "gamma": 0.06326987987859423, "lamda": 1.3556497227395539}, "datetime": {"datetime": "2021-09-24 19:02:42", "elapsed": 181.15341, "delta": 1.372268}}
{"target": -43.17161033333829, "params": {"C": 143.0997416194434, "epsilon": 0.6678497244066596, "gamma": 0.021412794729074144, "lamda": 1.2808023392639232}, "datetime": {"datetime": "2021-09-24 19:02:44", "elapsed": 182.537443, "delta": 1.384033}}
{"target": -43.74963518103092, "params": {"C": 103.84818928248616, "epsilon": 0.9295270512781856, "gamma": 0.007005719119295878, "lamda": 1.2366675064939967}, "datetime": {"datetime": "2021-09-24 19:02:45", "elapsed": 183.77847, "delta": 1.241027}}
{"target": -43.43572598902499, "params": {"C": 143.38433109463642, "epsilon": 0.49785337048651, "gamma": 0.010188787278043423, "lamda": 1.2220093091680724}, "datetime": {"datetime": "2021-09-24 19:02:46", "elapsed": 184.717662, "delta": 0.939192}}
{"target": -43.79217396744137, "params": {"C": 111.95425025199124, "epsilon": 0.07457267862122391, "gamma": 0.00786554402956682, "lamda": 1.2617589243099538}, "datetime": {"datetime": "2021-09-24 19:02:47", "elapsed": 185.770948, "delta": 1.053286}}
{"target": -43.54551968442283, "params": {"C": 135.58467731053, "epsilon": 0.7241391181516136, "gamma": 0.005412022295078578, "lamda": 0.954005419132579}, "datetime": {"datetime": "2021-09-24 19:02:48", "elapsed": 186.954696, "delta": 1.183748}}
{"target": -44.37347722247092, "params": {"C": 106.02746630606146, "epsilon": 0.4224287558957587, "gamma": 0.03491692122086803, "lamda": 0.33768148626382566}, "datetime": {"datetime": "2021-09-24 19:02:49", "elapsed": 187.936869, "delta": 0.982173}}
{"target": -44.1957140774473, "params": {"C": 144.55873405786843, "epsilon": 0.6196567823024752, "gamma": 0.012920693935851862, "lamda": 0.04791943095659704}, "datetime": {"datetime": "2021-09-24 19:02:51", "elapsed": 189.165953, "delta": 1.229084}}
{"target": -43.303280523279994, "params": {"C": 107.93912660897281, "epsilon": 0.6882480193959601, "gamma": 0.018022747520481688, "lamda": 1.411099163283386}, "datetime": {"datetime": "2021-09-24 19:02:52", "elapsed": 190.601025, "delta": 1.435072}}
{"target": -44.34875968225941, "params": {"C": 110.42778843577923, "epsilon": 0.8454672078987863, "gamma": 0.09313063257178501, "lamda": 1.4926073521905465}, "datetime": {"datetime": "2021-09-24 19:02:54", "elapsed": 192.182473, "delta": 1.581448}}
{"target": -43.73834657240136, "params": {"C": 143.2087496146347, "epsilon": 0.7681764455020076, "gamma": 0.06298029397500392, "lamda": 1.2513826171389821}, "datetime": {"datetime": "2021-09-24 19:02:55", "elapsed": 193.220761, "delta": 1.038288}}
{"target": -43.18792398123824, "params": {"C": 110.65130167850363, "epsilon": 0.8618797400401735, "gamma": 0.026884779689020658, "lamda": 1.3838948550733585}, "datetime": {"datetime": "2021-09-24 19:02:56", "elapsed": 194.459535, "delta": 1.238774}}
{"target": -43.73640376820458, "params": {"C": 112.14795866873989, "epsilon": 0.3949460408607995, "gamma": 0.007412933732622453, "lamda": 0.5265503117233439}, "datetime": {"datetime": "2021-09-24 19:02:57", "elapsed": 195.455467, "delta": 0.995932}}
{"target": -48.40324117546018, "params": {"C": 107.93582504666293, "epsilon": 0.6705091862837737, "gamma": 0.001, "lamda": 1.4695775821019987}, "datetime": {"datetime": "2021-09-24 19:02:58", "elapsed": 196.938995, "delta": 1.483528}}
{"target": -44.385833048809424, "params": {"C": 145.3292796833108, "epsilon": 0.5291542536984523, "gamma": 0.07773348205838122, "lamda": 1.3382803583240483}, "datetime": {"datetime": "2021-09-24 19:02:59", "elapsed": 197.909776, "delta": 0.970781}}
{"target": -43.47261998715128, "params": {"C": 144.82276346402276, "epsilon": 0.9883283161458245, "gamma": 0.011332171544570207, "lamda": 1.1100335420463383}, "datetime": {"datetime": "2021-09-24 19:03:00", "elapsed": 198.97513, "delta": 1.065354}}
{"target": -45.45710915374885, "params": {"C": 112.11852480556014, "epsilon": 0.48106166437538295, "gamma": 0.09155601999989257, "lamda": 1.0648884122225761}, "datetime": {"datetime": "2021-09-24 19:03:01", "elapsed": 199.97731, "delta": 1.00218}}
{"target": -44.916929731939526, "params": {"C": 128.46903417804825, "epsilon": 0.03158536264338958, "gamma": 0.049411437333446995, "lamda": 1.3686803083491124}, "datetime": {"datetime": "2021-09-24 19:03:03", "elapsed": 201.326836, "delta": 1.349526}}
{"target": -43.70655352211952, "params": {"C": 143.2609855129482, "epsilon": 0.5413399759888152, "gamma": 0.03748793954675356, "lamda": 1.198750962770259}, "datetime": {"datetime": "2021-09-24 19:03:04", "elapsed": 202.582232, "delta": 1.255396}}
{"target": -44.04658999492447, "params": {"C": 122.20390138303797, "epsilon": 0.6459910159017342, "gamma": 0.0480867236092883, "lamda": 0.9968865409534471}, "datetime": {"datetime": "2021-09-24 19:03:05", "elapsed": 203.600362, "delta": 1.01813}}
{"target": -43.53011177019603, "params": {"C": 143.12296513633694, "epsilon": 0.6022732548264488, "gamma": 0.006521430089838768, "lamda": 1.324541132800404}, "datetime": {"datetime": "2021-09-24 19:03:07", "elapsed": 205.305067, "delta": 1.704705}}
{"target": -43.21827229422898, "params": {"C": 110.48443002465258, "epsilon": 0.6946570240312108, "gamma": 0.023619687418839033, "lamda": 1.4246054523971698}, "datetime": {"datetime": "2021-09-24 19:03:08", "elapsed": 206.636111, "delta": 1.331044}}
{"target": -44.633731129436924, "params": {"C": 106.67997550849125, "epsilon": 0.9744188669974213, "gamma": 0.07707593824747024, "lamda": 0.7177206003599124}, "datetime": {"datetime": "2021-09-24 19:03:09", "elapsed": 207.666343, "delta": 1.030232}}
{"target": -44.00325500377273, "params": {"C": 103.78973619391535, "epsilon": 0.9100404038990909, "gamma": 0.07626001394529908, "lamda": 1.260320973402371}, "datetime": {"datetime": "2021-09-24 19:03:10", "elapsed": 208.810495, "delta": 1.144152}}
{"target": -43.45004141724121, "params": {"C": 149.4396639037679, "epsilon": 0.6013519681941802, "gamma": 0.04140117568781187, "lamda": 1.3916010333553956}, "datetime": {"datetime": "2021-09-24 19:03:11", "elapsed": 209.873079, "delta": 1.062584}}
{"target": -44.98372206038706, "params": {"C": 111.65553282793621, "epsilon": 0.8061718825529381, "gamma": 0.08807002830986346, "lamda": 0.8116431877267664}, "datetime": {"datetime": "2021-09-24 19:03:12", "elapsed": 210.925513, "delta": 1.052434}}
{"target": -44.97822166983115, "params": {"C": 135.65840543921092, "epsilon": 0.755612244269403, "gamma": 0.1151184659403566, "lamda": 1.386864867800734}, "datetime": {"datetime": "2021-09-24 19:03:13", "elapsed": 211.937618, "delta": 1.012105}}
{"target": -44.336406952288186, "params": {"C": 111.34073157684148, "epsilon": 0.37821837623374016, "gamma": 0.0447773558445049, "lamda": 1.3777419572493221}, "datetime": {"datetime": "2021-09-24 19:03:14", "elapsed": 212.87171, "delta": 0.934092}}
{"target": -44.33361764232943, "params": {"C": 115.42158724016714, "epsilon": 0.08181311227771457, "gamma": 0.03241193139604142, "lamda": 0.8280789830560586}, "datetime": {"datetime": "2021-09-24 19:03:15", "elapsed": 213.888874, "delta": 1.017164}}
{"target": -44.010395707254894, "params": {"C": 117.11932503251657, "epsilon": 0.19695590730510054, "gamma": 0.011089843731770684, "lamda": 0.5757986159700846}, "datetime": {"datetime": "2021-09-24 19:03:16", "elapsed": 214.925652, "delta": 1.036778}}
{"target": -43.75988322074932, "params": {"C": 118.92344747223767, "epsilon": 0.0977926698473678, "gamma": 0.002613437498547448, "lamda": 1.0605711932283304}, "datetime": {"datetime": "2021-09-24 19:03:17", "elapsed": 215.981815, "delta": 1.056163}}
{"target": -43.602361714899736, "params": {"C": 138.7436427165066, "epsilon": 0.11747288710724807, "gamma": 0.0032866787989267263, "lamda": 1.3959144308446225}, "datetime": {"datetime": "2021-09-24 19:03:18", "elapsed": 216.979943, "delta": 0.998128}}
{"target": -43.3992746600314, "params": {"C": 106.4811321235146, "epsilon": 0.8631420809998721, "gamma": 0.03964561205344889, "lamda": 1.2207354999442486}, "datetime": {"datetime": "2021-09-24 19:03:20", "elapsed": 218.281645, "delta": 1.301702}}
{"target": -44.009671673373795, "params": {"C": 135.58291684300806, "epsilon": 0.732130234903532, "gamma": 0.06297200309665008, "lamda": 1.0024958028683624}, "datetime": {"datetime": "2021-09-24 19:03:21", "elapsed": 219.669716, "delta": 1.388071}}
{"target": -43.78147986130789, "params": {"C": 149.66006149793265, "epsilon": 0.106026533576396, "gamma": 0.002059573945133379, "lamda": 0.835026095191947}, "datetime": {"datetime": "2021-09-24 19:03:22", "elapsed": 220.804063, "delta": 1.134347}}
{"target": -43.34945186289293, "params": {"C": 112.89980569188991, "epsilon": 0.8938537294551303, "gamma": 0.031606336029945246, "lamda": 1.0465842288505964}, "datetime": {"datetime": "2021-09-24 19:03:23", "elapsed": 222.114105, "delta": 1.310042}}
{"target": -43.35559420064128, "params": {"C": 143.24938302116595, "epsilon": 0.7264477427598721, "gamma": 0.01175848534989878, "lamda": 1.2144210558825286}, "datetime": {"datetime": "2021-09-24 19:03:25", "elapsed": 223.386554, "delta": 1.272449}}
{"target": -43.198228707704224, "params": {"C": 110.53940925468063, "epsilon": 0.8014953625551235, "gamma": 0.0278669618943378, "lamda": 1.399557030832906}, "datetime": {"datetime": "2021-09-24 19:03:26", "elapsed": 224.581243, "delta": 1.194689}}
{"target": -46.06500009701921, "params": {"C": 139.00549407800673, "epsilon": 0.1639210319510457, "gamma": 0.07661864302916788, "lamda": 0.3596227114003094}, "datetime": {"datetime": "2021-09-24 19:03:27", "elapsed": 225.664162, "delta": 1.082919}}
{"target": -45.52686176505822, "params": {"C": 108.33750708878328, "epsilon": 0.48345158064926963, "gamma": 0.11793518479315175, "lamda": 1.3998867102514294}, "datetime": {"datetime": "2021-09-24 19:03:28", "elapsed": 226.710236, "delta": 1.046074}}
{"target": -47.98756225925857, "params": {"C": 143.13356075275402, "epsilon": 0.7128058994867971, "gamma": 0.001, "lamda": 1.280706309261619}, "datetime": {"datetime": "2021-09-24 19:03:30", "elapsed": 228.684294, "delta": 1.974058}}
{"target": -45.556195028705744, "params": {"C": 117.18231900691791, "epsilon": 0.4749734375603259, "gamma": 0.10935046141199041, "lamda": 1.243476418384878}, "datetime": {"datetime": "2021-09-24 19:03:31", "elapsed": 229.673835, "delta": 0.989541}}
{"target": -46.466948304738374, "params": {"C": 120.85922378165434, "epsilon": 0.8419437436750042, "gamma": 0.11082251253272445, "lamda": 0.41823902370934274}, "datetime": {"datetime": "2021-09-24 19:03:32", "elapsed": 230.795379, "delta": 1.121544}}
{"target": -46.10173827485695, "params": {"C": 135.3810722546391, "epsilon": 0.3084897766880455, "gamma": 0.11093211150429783, "lamda": 1.3566606725024761}, "datetime": {"datetime": "2021-09-24 19:03:33", "elapsed": 231.879784, "delta": 1.084405}}
{"target": -48.692259363105514, "params": {"C": 110.4701905336517, "epsilon": 0.7822164005217772, "gamma": 0.0010212199834812522, "lamda": 1.405116345285318}, "datetime": {"datetime": "2021-09-24 19:03:35", "elapsed": 233.802972, "delta": 1.923188}}
{"target": -43.63849043498123, "params": {"C": 143.24594099959685, "epsilon": 0.597427881861332, "gamma": 0.0467318530540189, "lamda": 1.2540136052209054}, "datetime": {"datetime": "2021-09-24 19:03:37", "elapsed": 235.373977, "delta": 1.571005}}
{"target": -43.336483190343515, "params": {"C": 143.201659775913, "epsilon": 0.5763769958197233, "gamma": 0.01154100004147007, "lamda": 1.2565454362818314}, "datetime": {"datetime": "2021-09-24 19:03:38", "elapsed": 237.151342, "delta": 1.777365}}
{"target": -44.12748231819825, "params": {"C": 110.4267595995242, "epsilon": 0.7405883871170988, "gamma": 0.07818631353690704, "lamda": 1.3787166301683373}, "datetime": {"datetime": "2021-09-24 19:03:41", "elapsed": 239.417896, "delta": 2.266554}}
{"target": -43.704131356658245, "params": {"C": 120.1564887556643, "epsilon": 0.5115662806339425, "gamma": 0.03864455726544095, "lamda": 1.455731011695258}, "datetime": {"datetime": "2021-09-24 19:03:42", "elapsed": 240.778012, "delta": 1.360116}}
{"target": -43.690476265580735, "params": {"C": 112.43453226518344, "epsilon": 0.7749510719143478, "gamma": 0.014194366392919832, "lamda": 0.6644229997565061}, "datetime": {"datetime": "2021-09-24 19:03:44", "elapsed": 242.197429, "delta": 1.419417}}
{"target": -45.43488495397709, "params": {"C": 116.98527675590375, "epsilon": 0.061069855466015725, "gamma": 0.06450533503832646, "lamda": 0.8298595427386989}, "datetime": {"datetime": "2021-09-24 19:03:45", "elapsed": 243.690633, "delta": 1.493204}}
{"target": -44.8305137983506, "params": {"C": 122.4953289505244, "epsilon": 0.08196243514950231, "gamma": 0.047583624880527656, "lamda": 0.755952778922075}, "datetime": {"datetime": "2021-09-24 19:03:46", "elapsed": 245.07777, "delta": 1.387137}}
{"target": -45.79953670249628, "params": {"C": 139.35754752854547, "epsilon": 0.46712505603189725, "gamma": 0.08292730090530857, "lamda": 0.7617799705839323}, "datetime": {"datetime": "2021-09-24 19:03:48", "elapsed": 246.693864, "delta": 1.616094}}
{"target": -43.23724029300067, "params": {"C": 112.84414848775396, "epsilon": 0.9692668659943823, "gamma": 0.020804336082935734, "lamda": 1.1101053544877713}, "datetime": {"datetime": "2021-09-24 19:03:50", "elapsed": 248.566495, "delta": 1.872631}}
{"target": -43.27226251575162, "params": {"C": 110.55358818011727, "epsilon": 0.7707329109787384, "gamma": 0.0336721384607047, "lamda": 1.3796619181593566}, "datetime": {"datetime": "2021-09-24 19:03:52", "elapsed": 250.708758, "delta": 2.142263}}
{"target": -45.124750267113804, "params": {"C": 115.39064636060412, "epsilon": 0.7928054575583474, "gamma": 0.06927845005755413, "lamda": 0.5582542589009133}, "datetime": {"datetime": "2021-09-24 19:03:53", "elapsed": 251.945273, "delta": 1.236515}}
{"target": -43.60090009596291, "params": {"C": 106.88773467817003, "epsilon": 0.26761733213984357, "gamma": 0.009813272524450488, "lamda": 1.3557929118616963}, "datetime": {"datetime": "2021-09-24 19:03:55", "elapsed": 253.340272, "delta": 1.394999}}
{"target": -43.84881862519609, "params": {"C": 100.83168435201311, "epsilon": 0.6123250007669123, "gamma": 0.01955450998103754, "lamda": 0.8835434910997534}, "datetime": {"datetime": "2021-09-24 19:03:56", "elapsed": 254.649021, "delta": 1.308749}}
{"target": -43.7721567251544, "params": {"C": 112.88168722211765, "epsilon": 0.9231518296439847, "gamma": 0.06205392053215318, "lamda": 1.048977558242928}, "datetime": {"datetime": "2021-09-24 19:03:58", "elapsed": 256.516355, "delta": 1.867334}}
{"target": -44.05227363128789, "params": {"C": 143.32422176351446, "epsilon": 0.5711198193164163, "gamma": 0.06359454346511766, "lamda": 1.2221666304525156}, "datetime": {"datetime": "2021-09-24 19:04:00", "elapsed": 258.800527, "delta": 2.284172}}
{"target": -46.24692339346813, "params": {"C": 144.8839911335718, "epsilon": 0.4871581740623754, "gamma": 0.08716124448184036, "lamda": 0.33787367949244834}, "datetime": {"datetime": "2021-09-24 19:04:02", "elapsed": 260.357457, "delta": 1.55693}}
{"target": -44.78206652713025, "params": {"C": 109.92750761397235, "epsilon": 0.9506910307357008, "gamma": 0.053373005290132045, "lamda": 0.2548960349930399}, "datetime": {"datetime": "2021-09-24 19:04:03", "elapsed": 262.044747, "delta": 1.68729}}
{"target": -44.65746395754673, "params": {"C": 133.8886629176227, "epsilon": 0.9541706662410544, "gamma": 0.10251537097634995, "lamda": 1.1219533180883636}, "datetime": {"datetime": "2021-09-24 19:04:05", "elapsed": 263.620078, "delta": 1.575331}}
{"target": -43.772743972043244, "params": {"C": 143.1665370247682, "epsilon": 0.566787343848907, "gamma": 0.052446358903805536, "lamda": 1.2651998366537445}, "datetime": {"datetime": "2021-09-24 19:04:07", "elapsed": 265.460172, "delta": 1.840094}}
{"target": -45.88847236532051, "params": {"C": 108.09478483509083, "epsilon": 0.403271402870041, "gamma": 0.09469032700781374, "lamda": 0.43708218671593596}, "datetime": {"datetime": "2021-09-24 19:04:08", "elapsed": 266.948026, "delta": 1.487854}}
{"target": -43.72903005243326, "params": {"C": 138.0242545845761, "epsilon": 0.9008355051660224, "gamma": 0.021576870172272687, "lamda": 0.5869694338925966}, "datetime": {"datetime": "2021-09-24 19:04:10", "elapsed": 268.37806, "delta": 1.430034}}
{"target": -47.17137742180358, "params": {"C": 144.0628218616387, "epsilon": 0.2751133040210508, "gamma": 0.11740716627962995, "lamda": 0.5412143299228209}, "datetime": {"datetime": "2021-09-24 19:04:11", "elapsed": 269.696812, "delta": 1.318752}}
{"target": -43.67109712474345, "params": {"C": 110.47091327622017, "epsilon": 0.7727389012476188, "gamma": 0.06337921644035267, "lamda": 1.4791449088038289}, "datetime": {"datetime": "2021-09-24 19:04:13", "elapsed": 271.28229, "delta": 1.585478}}
{"target": -46.48744308986636, "params": {"C": 125.85539040172085, "epsilon": 0.6776654380727544, "gamma": 0.10556932454347234, "lamda": 0.2515452409259952}, "datetime": {"datetime": "2021-09-24 19:04:14", "elapsed": 272.725439, "delta": 1.443149}}
{"target": -44.30537523505145, "params": {"C": 119.89180500891382, "epsilon": 0.4094411704655767, "gamma": 0.028155668297343506, "lamda": 0.9757419990708971}, "datetime": {"datetime": "2021-09-24 19:04:15", "elapsed": 274.032907, "delta": 1.307468}}
{"target": -45.407156380402014, "params": {"C": 129.43540600968154, "epsilon": 0.9585255153139497, "gamma": 0.06746324199865408, "lamda": 0.3648146813861105}, "datetime": {"datetime": "2021-09-24 19:04:17", "elapsed": 275.501444, "delta": 1.468537}}
{"target": -43.93685743954283, "params": {"C": 102.59911454884067, "epsilon": 0.4421469084566684, "gamma": 0.016512209040579786, "lamda": 0.668715685726622}, "datetime": {"datetime": "2021-09-24 19:04:18", "elapsed": 276.811188, "delta": 1.309744}}
{"target": -45.46521820821378, "params": {"C": 109.99596628200362, "epsilon": 0.6085713376009917, "gamma": 0.07020625942083526, "lamda": 0.1519040330066639}, "datetime": {"datetime": "2021-09-24 19:04:19", "elapsed": 278.12055, "delta": 1.309362}}
{"target": -43.20853826646293, "params": {"C": 110.55199627703661, "epsilon": 0.8404799158815344, "gamma": 0.03138904028562686, "lamda": 1.4337809783585298}, "datetime": {"datetime": "2021-09-24 19:04:21", "elapsed": 279.824797, "delta": 1.704247}}
{"target": -43.44444891959188, "params": {"C": 106.61776531539911, "epsilon": 0.8535766519292972, "gamma": 0.012227327260322857, "lamda": 1.2657957509552118}, "datetime": {"datetime": "2021-09-24 19:04:24", "elapsed": 282.244581, "delta": 2.419784}}
{"target": -43.819125752723956, "params": {"C": 146.17844035778435, "epsilon": 0.4206038690962254, "gamma": 0.02847595958395037, "lamda": 1.2581709961874756}, "datetime": {"datetime": "2021-09-24 19:04:25", "elapsed": 283.445558, "delta": 1.200977}}
{"target": -43.7154068516644, "params": {"C": 110.52048471991154, "epsilon": 0.7386001449204675, "gamma": 0.06439695365435628, "lamda": 1.4850167557344172}, "datetime": {"datetime": "2021-09-24 19:04:26", "elapsed": 285.112721, "delta": 1.667163}}
{"target": -45.05914267541548, "params": {"C": 111.15214152719847, "epsilon": 0.7497794772264438, "gamma": 0.0679938018074627, "lamda": 0.6058753943611466}, "datetime": {"datetime": "2021-09-24 19:04:28", "elapsed": 286.810821, "delta": 1.6981}}
{"target": -44.5099229509675, "params": {"C": 139.2738035079271, "epsilon": 0.1442838150225109, "gamma": 0.03450245661476562, "lamda": 0.39107538579938866}, "datetime": {"datetime": "2021-09-24 19:04:30", "elapsed": 288.459145, "delta": 1.648324}}
{"target": -44.352300359059335, "params": {"C": 129.3750091508663, "epsilon": 0.5780415510805633, "gamma": 0.02290435371649382, "lamda": 0.08092223519665427}, "datetime": {"datetime": "2021-09-24 19:04:31", "elapsed": 289.983251, "delta": 1.524106}}
{"target": -45.34290242033804, "params": {"C": 121.10839568107548, "epsilon": 0.9173000770902486, "gamma": 0.09634523643367598, "lamda": 0.632790177471832}, "datetime": {"datetime": "2021-09-24 19:04:33", "elapsed": 291.351641, "delta": 1.36839}}
{"target": -43.57129573351621, "params": {"C": 106.44484328587997, "epsilon": 0.8381664645480195, "gamma": 0.05023476856872728, "lamda": 1.2000376737296736}, "datetime": {"datetime": "2021-09-24 19:04:35", "elapsed": 293.225174, "delta": 1.873533}}
{"target": -45.48320703692675, "params": {"C": 114.02157909766655, "epsilon": 0.5960078420897224, "gamma": 0.09963707254127509, "lamda": 0.9453814916190036}, "datetime": {"datetime": "2021-09-24 19:04:36", "elapsed": 294.510122, "delta": 1.284948}}
{"target": -44.778621830037345, "params": {"C": 108.23437828926612, "epsilon": 0.894707274357821, "gamma": 0.04946668888232316, "lamda": 0.11165347890048789}, "datetime": {"datetime": "2021-09-24 19:04:37", "elapsed": 296.118676, "delta": 1.608554}}
