{"target": -44.622462667461186, "params": {"C": 52.63503879773599, "epsilon": 0.6132030663089806, "gamma": 0.0743492146341467, "lamda": 0.660094958091328}, "datetime": {"datetime": "2021-09-24 18:41:48", "elapsed": 399.804113, "delta": 2.360027}}
{"target": -45.56714721342784, "params": {"C": 55.528275644881745, "epsilon": 0.4426556068697076, "gamma": 0.11328314440560236, "lamda": 0.22253633688088062}, "datetime": {"datetime": "2021-09-24 18:41:50", "elapsed": 401.514029, "delta": 1.709916}}
{"target": -44.227768468237635, "params": {"C": 75.48246809432949, "epsilon": 0.9746846311557013, "gamma": 0.05861087245063368, "lamda": 0.8669875061773661}, "datetime": {"datetime": "2021-09-24 18:41:53", "elapsed": 404.583236, "delta": 3.069207}}
{"target": -45.24449772943059, "params": {"C": 94.25856023339344, "epsilon": 0.1666393687394247, "gamma": 0.07041413103302598, "lamda": 0.6372200271201781}, "datetime": {"datetime": "2021-09-24 18:41:54", "elapsed": 406.133084, "delta": 1.549848}}
{"target": -45.866032405085605, "params": {"C": 95.83984567259043, "epsilon": 0.04876287061781093, "gamma": 0.09143489650654331, "lamda": 0.9948738292477695}, "datetime": {"datetime": "2021-09-24 18:41:56", "elapsed": 407.621335, "delta": 1.488251}}
{"target": -44.42051722497033, "params": {"C": 52.17624281936688, "epsilon": 0.05721865709069633, "gamma": 0.07356789546669865, "lamda": 0.8837817075136105}, "datetime": {"datetime": "2021-09-24 18:41:59", "elapsed": 410.442129, "delta": 2.820794}}
{"target": -45.23981808102396, "params": {"C": 67.74520002934952, "epsilon": 0.9523367902295493, "gamma": 0.09681330177738692, "lamda": 0.7762626602783029}, "datetime": {"datetime": "2021-09-24 18:42:00", "elapsed": 412.005487, "delta": 1.563358}}
{"target": -44.32830543782228, "params": {"C": 77.63056382140567, "epsilon": 0.7663179035605729, "gamma": 0.04673457177765076, "lamda": 0.3780944632407582}, "datetime": {"datetime": "2021-09-24 18:42:02", "elapsed": 413.652257, "delta": 1.64677}}
{"target": -44.44594652735472, "params": {"C": 52.49296568760878, "epsilon": 0.67638107105189, "gamma": 0.06933118823876872, "lamda": 0.6467431974023209}, "datetime": {"datetime": "2021-09-24 18:42:05", "elapsed": 416.475803, "delta": 2.823546}}
{"target": -43.9713339654495, "params": {"C": 54.48788012098411, "epsilon": 0.9021907237245659, "gamma": 0.03630385189201286, "lamda": 0.8877858068875764}, "datetime": {"datetime": "2021-09-24 18:42:07", "elapsed": 418.949628, "delta": 2.473825}}
{"target": -43.90718147846909, "params": {"C": 52.43866194571666, "epsilon": 0.40569396592872126, "gamma": 0.022214141835046948, "lamda": 0.5099880159284332}, "datetime": {"datetime": "2021-09-24 18:42:09", "elapsed": 421.132927, "delta": 2.183299}}
{"target": -43.833385041666666, "params": {"C": 95.52576488802198, "epsilon": 0.21011069800014354, "gamma": 0.009325079473933441, "lamda": 0.9839935485876751}, "datetime": {"datetime": "2021-09-24 18:42:11", "elapsed": 422.860729, "delta": 1.727802}}
{"target": -44.23153465057346, "params": {"C": 53.67937154058722, "epsilon": 0.5418075709514281, "gamma": 0.059457631521826114, "lamda": 0.9098785286215184}, "datetime": {"datetime": "2021-09-24 18:42:13", "elapsed": 424.358722, "delta": 1.497993}}
{"target": -44.102298434274324, "params": {"C": 71.36013366434815, "epsilon": 0.3376292470046243, "gamma": 0.03561576069792248, "lamda": 0.6745955654858834}, "datetime": {"datetime": "2021-09-24 18:42:14", "elapsed": 425.986072, "delta": 1.62735}}
{"target": -43.651227918340616, "params": {"C": 52.598865663542384, "epsilon": 0.4203188797257235, "gamma": 0.0064490387711539626, "lamda": 0.5842388683285463}, "datetime": {"datetime": "2021-09-24 18:42:17", "elapsed": 428.220827, "delta": 2.234755}}
{"target": -47.43237528924293, "params": {"C": 52.51244381353686, "epsilon": 0.5276447111698478, "gamma": 0.001395106693908091, "lamda": 0.6216166260929047}, "datetime": {"datetime": "2021-09-24 18:42:19", "elapsed": 430.959098, "delta": 2.738271}}
{"target": -43.53158996589564, "params": {"C": 74.73955258548604, "epsilon": 0.9103753892405374, "gamma": 0.006617204727432045, "lamda": 0.43583790853595633}, "datetime": {"datetime": "2021-09-24 18:42:22", "elapsed": 433.787794, "delta": 2.828696}}
{"target": -45.86535356026367, "params": {"C": 84.84563339252716, "epsilon": 0.5540883639717388, "gamma": 0.10732260752019593, "lamda": 0.9487778364244471}, "datetime": {"datetime": "2021-09-24 18:42:24", "elapsed": 435.588155, "delta": 1.800361}}
{"target": -43.86603309762676, "params": {"C": 52.3967127974634, "epsilon": 0.46935928437911456, "gamma": 0.0319397209675459, "lamda": 0.6395201710222443}, "datetime": {"datetime": "2021-09-24 18:42:27", "elapsed": 438.86788, "delta": 3.279725}}
{"target": -44.76824122578283, "params": {"C": 50.84640664878365, "epsilon": 0.9923154730703359, "gamma": 0.08295824313221258, "lamda": 0.17597815351455035}, "datetime": {"datetime": "2021-09-24 18:42:29", "elapsed": 440.704681, "delta": 1.836801}}
{"target": -43.72076060902479, "params": {"C": 54.32430607419946, "epsilon": 0.8334301598867843, "gamma": 0.006290104788600123, "lamda": 0.9576780795161138}, "datetime": {"datetime": "2021-09-24 18:42:32", "elapsed": 443.678805, "delta": 2.974124}}
{"target": -44.035248185123, "params": {"C": 54.37432038392462, "epsilon": 0.7917089527153143, "gamma": 0.0379769864226812, "lamda": 0.9226539993325962}, "datetime": {"datetime": "2021-09-24 18:42:35", "elapsed": 446.72053, "delta": 3.041725}}
{"target": -44.01700651953142, "params": {"C": 53.20566005355945, "epsilon": 0.08389300702159282, "gamma": 0.05187468397718502, "lamda": 0.8442622853881225}, "datetime": {"datetime": "2021-09-24 18:42:37", "elapsed": 448.30414, "delta": 1.58361}}
{"target": -44.37639766069355, "params": {"C": 59.606106121737554, "epsilon": 0.6507568501518161, "gamma": 0.06319631756815634, "lamda": 0.9614477944642523}, "datetime": {"datetime": "2021-09-24 18:42:38", "elapsed": 449.884238, "delta": 1.580098}}
{"target": -43.627753514067955, "params": {"C": 54.17512397429998, "epsilon": 0.8380619659975204, "gamma": 0.00817039727692712, "lamda": 0.9819241502320004}, "datetime": {"datetime": "2021-09-24 18:42:41", "elapsed": 452.381086, "delta": 2.496848}}
{"target": -46.45306088124105, "params": {"C": 88.27454337691012, "epsilon": 0.23833060446756413, "gamma": 0.001, "lamda": 0.21953963059588721}, "datetime": {"datetime": "2021-09-24 18:42:43", "elapsed": 454.733431, "delta": 2.352345}}
{"target": -43.57789105438484, "params": {"C": 62.885669658755724, "epsilon": 0.9609563848700667, "gamma": 0.012602009099291722, "lamda": 0.8057706689156806}, "datetime": {"datetime": "2021-09-24 18:42:46", "elapsed": 457.33503, "delta": 2.601599}}
{"target": -44.029919896704385, "params": {"C": 92.66475361363624, "epsilon": 0.5221648153634644, "gamma": 0.01616939978721767, "lamda": 0.21748570247815605}, "datetime": {"datetime": "2021-09-24 18:42:47", "elapsed": 459.117364, "delta": 1.782334}}
{"target": -44.24573243366057, "params": {"C": 75.42616398916199, "epsilon": 0.9731970155179088, "gamma": 0.06020552369681592, "lamda": 0.8726659857834}, "datetime": {"datetime": "2021-09-24 18:42:50", "elapsed": 461.605467, "delta": 2.488103}}
{"target": -43.87950791970024, "params": {"C": 52.614590575638495, "epsilon": 0.5490076905883928, "gamma": 0.021256156732910775, "lamda": 0.6931898762263966}, "datetime": {"datetime": "2021-09-24 18:42:53", "elapsed": 464.703407, "delta": 3.09794}}
{"target": -46.183263414817965, "params": {"C": 79.92393392972865, "epsilon": 0.01630446857319323, "gamma": 0.11802348645644517, "lamda": 0.8025317474889561}, "datetime": {"datetime": "2021-09-24 18:42:55", "elapsed": 466.382382, "delta": 1.678975}}
{"target": -44.30642364318156, "params": {"C": 52.59883160008925, "epsilon": 0.4108627659859485, "gamma": 0.05830440224249242, "lamda": 0.6175402049883038}, "datetime": {"datetime": "2021-09-24 18:42:58", "elapsed": 469.760628, "delta": 3.378246}}
{"target": -44.2864219359877, "params": {"C": 62.87926172937147, "epsilon": 0.9175134722777052, "gamma": 0.051826892130447576, "lamda": 0.7938843864125498}, "datetime": {"datetime": "2021-09-24 18:43:02", "elapsed": 473.284206, "delta": 3.523578}}
{"target": -43.876135091150005, "params": {"C": 52.36043610440876, "epsilon": 0.40523032873680065, "gamma": 0.029670505207832036, "lamda": 0.6291811957654282}, "datetime": {"datetime": "2021-09-24 18:43:04", "elapsed": 476.13043, "delta": 2.846224}}
{"target": -43.577506253299454, "params": {"C": 53.75598995410337, "epsilon": 0.8186872671981279, "gamma": 0.009364751261119991, "lamda": 0.9298592644002938}, "datetime": {"datetime": "2021-09-24 18:43:07", "elapsed": 478.583169, "delta": 2.452739}}
{"target": -44.64998804886054, "params": {"C": 65.60334315253922, "epsilon": 0.7448954987045036, "gamma": 0.07277929024219221, "lamda": 0.9452669393453177}, "datetime": {"datetime": "2021-09-24 18:43:09", "elapsed": 480.546779, "delta": 1.96361}}
{"target": -43.98444932880605, "params": {"C": 52.20438355959769, "epsilon": 0.10706909954475399, "gamma": 0.028571015472792147, "lamda": 0.8977749638477744}, "datetime": {"datetime": "2021-09-24 18:43:12", "elapsed": 483.623436, "delta": 3.076657}}
{"target": -44.39400181016238, "params": {"C": 98.56821527880224, "epsilon": 0.9841224260904208, "gamma": 0.07649331631865162, "lamda": 0.852962318250299}, "datetime": {"datetime": "2021-09-24 18:43:14", "elapsed": 485.378069, "delta": 1.754633}}
{"target": -44.03373675735089, "params": {"C": 69.71576165063098, "epsilon": 0.6104984799189211, "gamma": 0.03675903884930932, "lamda": 0.0002148374367579808}, "datetime": {"datetime": "2021-09-24 18:43:16", "elapsed": 487.196651, "delta": 1.818582}}
{"target": -45.964645615561274, "params": {"C": 54.33051345277274, "epsilon": 0.771029878200534, "gamma": 0.002129980503129501, "lamda": 0.9561524908519476}, "datetime": {"datetime": "2021-09-24 18:43:18", "elapsed": 489.623781, "delta": 2.42713}}
{"target": -43.9615085467616, "params": {"C": 54.547096240235675, "epsilon": 0.32516904842495714, "gamma": 0.023628654924214443, "lamda": 0.08773648774869322}, "datetime": {"datetime": "2021-09-24 18:43:20", "elapsed": 491.691535, "delta": 2.067754}}
{"target": -44.12036136208043, "params": {"C": 54.42415958983324, "epsilon": 0.7789586346385704, "gamma": 0.04374745131948533, "lamda": 0.9573388723862278}, "datetime": {"datetime": "2021-09-24 18:43:23", "elapsed": 494.922465, "delta": 3.23093}}
{"target": -44.238349261796586, "params": {"C": 92.3762285945428, "epsilon": 0.0934587787969349, "gamma": 0.025721466857384807, "lamda": 0.737732006503082}, "datetime": {"datetime": "2021-09-24 18:43:25", "elapsed": 496.664702, "delta": 1.742237}}
{"target": -43.57807087957626, "params": {"C": 75.39861803982411, "epsilon": 0.9595202641372077, "gamma": 0.009924149389318902, "lamda": 0.8487737601788177}, "datetime": {"datetime": "2021-09-24 18:43:28", "elapsed": 499.72616, "delta": 3.061458}}
{"target": -43.73934442693853, "params": {"C": 52.1300025089365, "epsilon": 0.2964862140192782, "gamma": 0.013289058896681201, "lamda": 0.7309472222684388}, "datetime": {"datetime": "2021-09-24 18:43:31", "elapsed": 502.545761, "delta": 2.819601}}
{"target": -44.27429313700802, "params": {"C": 80.76068999816026, "epsilon": 0.2648151819421721, "gamma": 0.027495996736859925, "lamda": 0.14241422001204568}, "datetime": {"datetime": "2021-09-24 18:43:33", "elapsed": 504.598039, "delta": 2.052278}}
{"target": -43.86270803295693, "params": {"C": 52.67846653624334, "epsilon": 0.5712546643525087, "gamma": 0.03249077678703436, "lamda": 0.6035812238030566}, "datetime": {"datetime": "2021-09-24 18:43:36", "elapsed": 507.235548, "delta": 2.637509}}
{"target": -43.58097512905259, "params": {"C": 56.88205920453716, "epsilon": 0.23314406763660867, "gamma": 0.008376215820595088, "lamda": 0.9367115334486499}, "datetime": {"datetime": "2021-09-24 18:43:38", "elapsed": 509.897914, "delta": 2.662366}}
{"target": -44.04836282723749, "params": {"C": 62.946287426293146, "epsilon": 0.9341371666532446, "gamma": 0.03467996711707584, "lamda": 0.7373179188206264}, "datetime": {"datetime": "2021-09-24 18:43:41", "elapsed": 512.573876, "delta": 2.675962}}
{"target": -43.713391351870726, "params": {"C": 54.14423600517763, "epsilon": 0.7917853140052807, "gamma": 0.020205279860848368, "lamda": 0.9289555373729396}, "datetime": {"datetime": "2021-09-24 18:43:44", "elapsed": 515.762583, "delta": 3.188707}}
{"target": -44.45075309762534, "params": {"C": 52.05454670950568, "epsilon": 0.28555450637367336, "gamma": 0.06537289080408988, "lamda": 0.7630733362795875}, "datetime": {"datetime": "2021-09-24 18:43:47", "elapsed": 518.598192, "delta": 2.835609}}
{"target": -43.89945873194407, "params": {"C": 52.01227209147849, "epsilon": 0.22536010655764335, "gamma": 0.02110112861528359, "lamda": 0.7762122835116786}, "datetime": {"datetime": "2021-09-24 18:43:50", "elapsed": 521.413547, "delta": 2.815355}}
{"target": -44.40672433232843, "params": {"C": 52.573427840627936, "epsilon": 0.5828980518902613, "gamma": 0.0033431558600757606, "lamda": 0.6888233071831888}, "datetime": {"datetime": "2021-09-24 18:43:53", "elapsed": 524.723517, "delta": 3.30997}}
{"target": -45.274657167853334, "params": {"C": 69.9618632866027, "epsilon": 0.5462175790155132, "gamma": 0.0862433639982964, "lamda": 0.2669860278369136}, "datetime": {"datetime": "2021-09-24 18:43:55", "elapsed": 526.522607, "delta": 1.79909}}
{"target": -43.77415970732705, "params": {"C": 54.31057078156984, "epsilon": 0.8563458803559596, "gamma": 0.025544647040953796, "lamda": 0.9367103837351183}, "datetime": {"datetime": "2021-09-24 18:43:58", "elapsed": 529.295523, "delta": 2.772916}}
{"target": -44.07738561454112, "params": {"C": 52.60997481224343, "epsilon": 0.4669789468725659, "gamma": 0.04762120406784703, "lamda": 0.5886693442392487}, "datetime": {"datetime": "2021-09-24 18:44:00", "elapsed": 531.817782, "delta": 2.522259}}
{"target": -43.91525263337401, "params": {"C": 52.30466073146252, "epsilon": 0.4052224551039905, "gamma": 0.03495709440945698, "lamda": 0.5845430212167437}, "datetime": {"datetime": "2021-09-24 18:44:02", "elapsed": 533.738839, "delta": 1.921057}}
{"target": -43.59060888438337, "params": {"C": 52.57081012588519, "epsilon": 0.4021930602730479, "gamma": 0.008301928434884635, "lamda": 0.6565488248613642}, "datetime": {"datetime": "2021-09-24 18:44:05", "elapsed": 536.582334, "delta": 2.843495}}
{"target": -44.946008283875244, "params": {"C": 74.4494722736621, "epsilon": 0.39085398273233807, "gamma": 0.0765048634905126, "lamda": 0.055325487705002785}, "datetime": {"datetime": "2021-09-24 18:44:07", "elapsed": 538.406253, "delta": 1.823919}}
{"target": -44.217039514326785, "params": {"C": 54.172552412937634, "epsilon": 0.8037481947001952, "gamma": 0.054853069706880885, "lamda": 0.9699520899418704}, "datetime": {"datetime": "2021-09-24 18:44:11", "elapsed": 542.333026, "delta": 3.926773}}
{"target": -43.87538946486439, "params": {"C": 52.54817352697811, "epsilon": 0.4099795834546338, "gamma": 0.016410285665048648, "lamda": 0.5852086148520129}, "datetime": {"datetime": "2021-09-24 18:44:14", "elapsed": 545.530322, "delta": 3.197296}}
{"target": -44.1806614528414, "params": {"C": 54.33703940075255, "epsilon": 0.777211988182987, "gamma": 0.05076993193802966, "lamda": 0.9895139666781637}, "datetime": {"datetime": "2021-09-24 18:44:17", "elapsed": 548.626974, "delta": 3.096652}}
{"target": -43.841152680500734, "params": {"C": 52.491582912326606, "epsilon": 0.6673138121219379, "gamma": 0.0287020123837869, "lamda": 0.6038940615587598}, "datetime": {"datetime": "2021-09-24 18:44:20", "elapsed": 551.69225, "delta": 3.065276}}
{"target": -46.00177406776124, "params": {"C": 81.04453070644786, "epsilon": 0.415564179538349, "gamma": 0.1020987445260593, "lamda": 0.002823143864916501}, "datetime": {"datetime": "2021-09-24 18:44:22", "elapsed": 553.612536, "delta": 1.920286}}
{"target": -45.900370553457584, "params": {"C": 87.24271440999127, "epsilon": 0.5435420450329447, "gamma": 0.1002705119346048, "lamda": 0.1768765612929312}, "datetime": {"datetime": "2021-09-24 18:44:24", "elapsed": 555.648416, "delta": 2.03588}}
{"target": -43.527941424679234, "params": {"C": 74.74404638502304, "epsilon": 0.9384511064865171, "gamma": 0.007400678980881907, "lamda": 0.46441308233993395}, "datetime": {"datetime": "2021-09-24 18:44:27", "elapsed": 558.99252, "delta": 3.344104}}
{"target": -45.03788859349764, "params": {"C": 58.50968590540132, "epsilon": 0.8226100794520008, "gamma": 0.09119415898391578, "lamda": 0.7941156956403097}, "datetime": {"datetime": "2021-09-24 18:44:29", "elapsed": 560.747022, "delta": 1.754502}}
{"target": -46.07909863998533, "params": {"C": 82.0434295793155, "epsilon": 0.9759696435484431, "gamma": 0.11443943942177401, "lamda": 0.5019919890407346}, "datetime": {"datetime": "2021-09-24 18:44:31", "elapsed": 562.901666, "delta": 2.154644}}
{"target": -48.72746359416445, "params": {"C": 62.911172787180924, "epsilon": 0.8845228791235327, "gamma": 0.001, "lamda": 0.7974594887086165}, "datetime": {"datetime": "2021-09-24 18:44:35", "elapsed": 566.353292, "delta": 3.451626}}
{"target": -46.34624084962667, "params": {"C": 99.99380440032616, "epsilon": 0.2826872323906298, "gamma": 0.117146396910608, "lamda": 0.4438631507093443}, "datetime": {"datetime": "2021-09-24 18:44:37", "elapsed": 568.537954, "delta": 2.184662}}
{"target": -43.764899444355635, "params": {"C": 74.7658903042351, "epsilon": 0.9317526533611427, "gamma": 0.012061034602065, "lamda": 0.39428903031572116}, "datetime": {"datetime": "2021-09-24 18:44:40", "elapsed": 571.826987, "delta": 3.289033}}
{"target": -43.5873586814638, "params": {"C": 62.87514207711554, "epsilon": 0.9579672991639426, "gamma": 0.013008328568998088, "lamda": 0.8933177987394879}, "datetime": {"datetime": "2021-09-24 18:44:43", "elapsed": 574.765373, "delta": 2.938386}}
{"target": -43.962170902595886, "params": {"C": 74.83897082836447, "epsilon": 0.9385275857926517, "gamma": 0.023829356916799733, "lamda": 0.5280345750542332}, "datetime": {"datetime": "2021-09-24 18:44:46", "elapsed": 577.188804, "delta": 2.423431}}
{"target": -45.25016864497519, "params": {"C": 95.30885935470494, "epsilon": 0.3514206874507239, "gamma": 0.07225412634918676, "lamda": 0.2008909655623445}, "datetime": {"datetime": "2021-09-24 18:44:47", "elapsed": 579.131764, "delta": 1.94296}}
{"target": -46.00745309532598, "params": {"C": 96.23416410849563, "epsilon": 0.4191630714588503, "gamma": 0.09814890695815923, "lamda": 0.1911501575983464}, "datetime": {"datetime": "2021-09-24 18:44:50", "elapsed": 581.268263, "delta": 2.136499}}
{"target": -44.47292947046659, "params": {"C": 53.82717116807322, "epsilon": 0.8352293267742839, "gamma": 0.0728545031708096, "lamda": 0.870628286705449}, "datetime": {"datetime": "2021-09-24 18:44:52", "elapsed": 583.607186, "delta": 2.338923}}
{"target": -43.864302672486254, "params": {"C": 52.459195580502985, "epsilon": 0.6225444360639201, "gamma": 0.02462683734273634, "lamda": 0.6178188723745193}, "datetime": {"datetime": "2021-09-24 18:44:56", "elapsed": 587.605829, "delta": 3.998643}}
{"target": -44.0632918367892, "params": {"C": 80.17530027193754, "epsilon": 0.6053540384835168, "gamma": 0.026714618600846837, "lamda": 0.5878996166836743}, "datetime": {"datetime": "2021-09-24 18:44:58", "elapsed": 589.580577, "delta": 1.974748}}
{"target": -43.774928136286974, "params": {"C": 53.7882858166018, "epsilon": 0.8868633637788808, "gamma": 0.023658424577757735, "lamda": 0.8724601785477261}, "datetime": {"datetime": "2021-09-24 18:45:01", "elapsed": 592.734663, "delta": 3.154086}}
{"target": -44.308471998965686, "params": {"C": 64.9051860192253, "epsilon": 0.6790957614708132, "gamma": 0.04698090524159813, "lamda": 0.8105242685438758}, "datetime": {"datetime": "2021-09-24 18:45:05", "elapsed": 596.91378, "delta": 4.179117}}
{"target": -44.206835495491745, "params": {"C": 52.51977661671485, "epsilon": 0.7150548474207236, "gamma": 0.05776622394568514, "lamda": 0.7926657698903858}, "datetime": {"datetime": "2021-09-24 18:45:07", "elapsed": 598.947652, "delta": 2.033872}}
{"target": -45.14439432345335, "params": {"C": 90.09955269964556, "epsilon": 0.622708521634657, "gamma": 0.06892759662382271, "lamda": 0.27855214416622637}, "datetime": {"datetime": "2021-09-24 18:45:09", "elapsed": 601.074611, "delta": 2.126959}}
{"target": -43.92158741569066, "params": {"C": 52.39261012594487, "epsilon": 0.4541714053790734, "gamma": 0.037258228418147694, "lamda": 0.5365618373356423}, "datetime": {"datetime": "2021-09-24 18:45:12", "elapsed": 603.623205, "delta": 2.548594}}
{"target": -44.18102944524306, "params": {"C": 80.88093565294997, "epsilon": 0.592799479535212, "gamma": 0.030112786453004966, "lamda": 0.0946555455707138}, "datetime": {"datetime": "2021-09-24 18:45:14", "elapsed": 605.988277, "delta": 2.365072}}
{"target": -44.1580209194667, "params": {"C": 54.47204074289936, "epsilon": 0.8504189575077554, "gamma": 0.047523659266436556, "lamda": 0.885879962669695}, "datetime": {"datetime": "2021-09-24 18:45:17", "elapsed": 608.823941, "delta": 2.835664}}
{"target": -43.918461469811234, "params": {"C": 52.453924651535644, "epsilon": 0.4023988917405612, "gamma": 0.03588882632100246, "lamda": 0.5575391100522299}, "datetime": {"datetime": "2021-09-24 18:45:21", "elapsed": 612.343662, "delta": 3.519721}}
{"target": -44.58508255786605, "params": {"C": 52.68994262469152, "epsilon": 0.33882572818122725, "gamma": 0.0739916700826072, "lamda": 0.4835856682626367}, "datetime": {"datetime": "2021-09-24 18:45:23", "elapsed": 614.931026, "delta": 2.587364}}
{"target": -44.33570890059914, "params": {"C": 54.226952462604444, "epsilon": 0.27045986129296024, "gamma": 0.003622811117191698, "lamda": 0.04243854891795021}, "datetime": {"datetime": "2021-09-24 18:45:25", "elapsed": 617.029613, "delta": 2.098587}}
