{"target": -45.47683854846143, "params": {"C": 154.25899991002623, "epsilon": 0.5614539349691783, "gamma": 0.11823277873572598, "lamda": 1.1012044731961943}, "datetime": {"datetime": "2021-09-24 19:22:16", "elapsed": 276.818166, "delta": 1.36142}}
{"target": -43.713213123264644, "params": {"C": 235.22844089411214, "epsilon": 0.7769956343066291, "gamma": 0.009032156901419536, "lamda": 1.738351525352265}, "datetime": {"datetime": "2021-09-24 19:22:18", "elapsed": 278.496568, "delta": 1.678402}}
{"target": -43.364471741627874, "params": {"C": 223.6561537313405, "epsilon": 0.9776925035914183, "gamma": 0.04400888907683613, "lamda": 1.3220758052735375}, "datetime": {"datetime": "2021-09-24 19:22:19", "elapsed": 280.211178, "delta": 1.71461}}
{"target": -44.44415179094618, "params": {"C": 220.61610608573451, "epsilon": 0.5894495627626124, "gamma": 0.09245548557573527, "lamda": 1.7987687902501799}, "datetime": {"datetime": "2021-09-24 19:22:21", "elapsed": 281.573277, "delta": 1.362099}}
{"target": -44.807597708816225, "params": {"C": 141.11144170187458, "epsilon": 0.5039207520386264, "gamma": 0.10386138809878262, "lamda": 1.7498666520163917}, "datetime": {"datetime": "2021-09-24 19:22:22", "elapsed": 282.947976, "delta": 1.374699}}
{"target": -44.28871055309404, "params": {"C": 215.19812669633316, "epsilon": 0.8049187239947477, "gamma": 0.07996803904604641, "lamda": 1.0670307529407372}, "datetime": {"datetime": "2021-09-24 19:22:23", "elapsed": 284.41542, "delta": 1.467444}}
{"target": -44.587623867076665, "params": {"C": 207.16315885453525, "epsilon": 0.7954897413127372, "gamma": 0.09627659423307705, "lamda": 1.2443069577757464}, "datetime": {"datetime": "2021-09-24 19:22:25", "elapsed": 285.591372, "delta": 1.175952}}
{"target": -43.56191759677752, "params": {"C": 223.6311151524455, "epsilon": 0.9907609126198529, "gamma": 0.05727778192220516, "lamda": 1.2434701385663347}, "datetime": {"datetime": "2021-09-24 19:22:26", "elapsed": 287.378238, "delta": 1.786866}}
{"target": -43.72183437261549, "params": {"C": 241.587059893986, "epsilon": 0.7318763824724301, "gamma": 0.06712950376904869, "lamda": 1.7574819399451662}, "datetime": {"datetime": "2021-09-24 19:22:28", "elapsed": 289.099989, "delta": 1.721751}}
{"target": -43.19709958620677, "params": {"C": 205.83742960966617, "epsilon": 0.7096093846991409, "gamma": 0.020468663670697676, "lamda": 1.334337318504619}, "datetime": {"datetime": "2021-09-24 19:22:29", "elapsed": 290.415063, "delta": 1.315074}}
{"target": -43.20503066033629, "params": {"C": 183.70670018289758, "epsilon": 0.7187348418929552, "gamma": 0.03088326501336575, "lamda": 1.5898986965576474}, "datetime": {"datetime": "2021-09-24 19:22:31", "elapsed": 292.191356, "delta": 1.776293}}
{"target": -44.314250200097696, "params": {"C": 192.134984466634, "epsilon": 0.7379978654902167, "gamma": 0.003989029939059849, "lamda": 1.4691657608633804}, "datetime": {"datetime": "2021-09-24 19:22:33", "elapsed": 293.53661, "delta": 1.345254}}
{"target": -43.762550320190705, "params": {"C": 230.75683286890103, "epsilon": 0.8710933581240864, "gamma": 0.06309208510427168, "lamda": 1.0937533248871811}, "datetime": {"datetime": "2021-09-24 19:22:34", "elapsed": 294.945617, "delta": 1.409007}}
{"target": -44.85829531099638, "params": {"C": 237.36249545746472, "epsilon": 0.6194317567649071, "gamma": 0.08704523703980122, "lamda": 0.9185733549205909}, "datetime": {"datetime": "2021-09-24 19:22:35", "elapsed": 296.400901, "delta": 1.455284}}
{"target": -44.234520768020396, "params": {"C": 158.17069394792009, "epsilon": 0.8401445627090136, "gamma": 0.0062080970516248946, "lamda": 1.803387599818614}, "datetime": {"datetime": "2021-09-24 19:22:37", "elapsed": 297.653919, "delta": 1.253018}}
{"target": -43.372350868347844, "params": {"C": 183.70963092997613, "epsilon": 0.6855001051385805, "gamma": 0.04200455437247567, "lamda": 1.558464319326934}, "datetime": {"datetime": "2021-09-24 19:22:39", "elapsed": 299.584849, "delta": 1.93093}}
{"target": -43.401205001751215, "params": {"C": 204.04815584973332, "epsilon": 0.7919378192107204, "gamma": 0.04323075997460638, "lamda": 1.3002770595765591}, "datetime": {"datetime": "2021-09-24 19:22:40", "elapsed": 300.94848, "delta": 1.363631}}
{"target": -43.53638416486537, "params": {"C": 172.74196059215524, "epsilon": 0.8540052529681446, "gamma": 0.015506281587075895, "lamda": 1.774845347069985}, "datetime": {"datetime": "2021-09-24 19:22:42", "elapsed": 302.650116, "delta": 1.701636}}
{"target": -43.20541789726973, "params": {"C": 227.73041924192268, "epsilon": 0.7730841370235448, "gamma": 0.018224491332742978, "lamda": 1.1114480169704393}, "datetime": {"datetime": "2021-09-24 19:22:43", "elapsed": 304.047392, "delta": 1.397276}}
{"target": -44.773998375973335, "params": {"C": 207.68227377349984, "epsilon": 0.5547385494486493, "gamma": 0.10215555716468218, "lamda": 1.6679191053603164}, "datetime": {"datetime": "2021-09-24 19:22:45", "elapsed": 305.586465, "delta": 1.539073}}
{"target": -43.18603142374788, "params": {"C": 205.11306753305695, "epsilon": 0.6801011892950419, "gamma": 0.021741543199214914, "lamda": 1.0533370082733025}, "datetime": {"datetime": "2021-09-24 19:22:46", "elapsed": 306.955709, "delta": 1.369244}}
{"target": -43.79743915171306, "params": {"C": 240.53106535013123, "epsilon": 0.6953463457484799, "gamma": 0.05562805918961218, "lamda": 0.9936636800575791}, "datetime": {"datetime": "2021-09-24 19:22:47", "elapsed": 308.340329, "delta": 1.38462}}
{"target": -43.76944525709786, "params": {"C": 235.24867701887683, "epsilon": 0.8712794780688404, "gamma": 0.06800071440911586, "lamda": 1.3672286165713654}, "datetime": {"datetime": "2021-09-24 19:22:49", "elapsed": 309.895121, "delta": 1.554792}}
{"target": -44.54976146833187, "params": {"C": 186.80836391219697, "epsilon": 0.7188043679759768, "gamma": 0.003553834886363083, "lamda": 1.5225161031832395}, "datetime": {"datetime": "2021-09-24 19:22:50", "elapsed": 311.222558, "delta": 1.327437}}
{"target": -45.02360852051529, "params": {"C": 140.68091383773256, "epsilon": 0.719333396509559, "gamma": 0.11549969737201965, "lamda": 1.3247659173873831}, "datetime": {"datetime": "2021-09-24 19:22:52", "elapsed": 312.597042, "delta": 1.374484}}
{"target": -44.64973654923996, "params": {"C": 242.0917802969382, "epsilon": 0.6073425338846014, "gamma": 0.09651643875315757, "lamda": 1.5154240675391013}, "datetime": {"datetime": "2021-09-24 19:22:53", "elapsed": 314.033928, "delta": 1.436886}}
{"target": -44.64000228241175, "params": {"C": 154.04534964573918, "epsilon": 0.8681839006162754, "gamma": 0.10371241912557233, "lamda": 1.4090986437775443}, "datetime": {"datetime": "2021-09-24 19:22:54", "elapsed": 315.335908, "delta": 1.30198}}
{"target": -45.20716269316283, "params": {"C": 224.1141068442363, "epsilon": 0.8577142391903012, "gamma": 0.10948943741283469, "lamda": 0.8278994375950722}, "datetime": {"datetime": "2021-09-24 19:22:56", "elapsed": 316.97141, "delta": 1.635502}}
{"target": -44.32368335405213, "params": {"C": 241.4386758565027, "epsilon": 0.9093360330088397, "gamma": 0.006249705378485817, "lamda": 1.768795651468459}, "datetime": {"datetime": "2021-09-24 19:22:57", "elapsed": 318.422069, "delta": 1.450659}}
{"target": -44.94536106147811, "params": {"C": 242.29587684008797, "epsilon": 0.776993985012411, "gamma": 0.11363857046141941, "lamda": 1.3880783311988791}, "datetime": {"datetime": "2021-09-24 19:22:59", "elapsed": 320.076067, "delta": 1.653998}}
{"target": -43.328121002565716, "params": {"C": 183.5956682104844, "epsilon": 0.7695478961180966, "gamma": 0.0323482709492421, "lamda": 1.0417666045615608}, "datetime": {"datetime": "2021-09-24 19:23:00", "elapsed": 321.385024, "delta": 1.308957}}
{"target": -43.76548039916004, "params": {"C": 168.1193621361087, "epsilon": 0.9250391763248005, "gamma": 0.06227829454389009, "lamda": 0.993577672614526}, "datetime": {"datetime": "2021-09-24 19:23:02", "elapsed": 323.264128, "delta": 1.879104}}
{"target": -43.375171427957774, "params": {"C": 204.06018784413487, "epsilon": 0.7956932327864132, "gamma": 0.04146466256647451, "lamda": 1.3051425025545522}, "datetime": {"datetime": "2021-09-24 19:23:04", "elapsed": 324.925998, "delta": 1.66187}}
{"target": -43.80533212001936, "params": {"C": 143.40567757267488, "epsilon": 0.6876010909725669, "gamma": 0.07110960017678594, "lamda": 1.8811455807466597}, "datetime": {"datetime": "2021-09-24 19:23:05", "elapsed": 326.287335, "delta": 1.361337}}
{"target": -43.238437667087865, "params": {"C": 200.6491981854781, "epsilon": 0.9082407004947344, "gamma": 0.03414272666057288, "lamda": 1.2695544613925358}, "datetime": {"datetime": "2021-09-24 19:23:07", "elapsed": 327.720655, "delta": 1.43332}}
{"target": -43.36886742511885, "params": {"C": 241.60814888802926, "epsilon": 0.7669174562429388, "gamma": 0.04541329064898319, "lamda": 1.8115310096451402}, "datetime": {"datetime": "2021-09-24 19:23:09", "elapsed": 329.533521, "delta": 1.812866}}
{"target": -44.93486364357875, "params": {"C": 228.19223338034436, "epsilon": 0.5099759090211133, "gamma": 0.07996286763473634, "lamda": 0.9130203580689549}, "datetime": {"datetime": "2021-09-24 19:23:10", "elapsed": 330.943802, "delta": 1.410281}}
{"target": -43.229987701134775, "params": {"C": 154.58844575547204, "epsilon": 0.6201083355366422, "gamma": 0.0179797530561012, "lamda": 1.4731032544742355}, "datetime": {"datetime": "2021-09-24 19:23:11", "elapsed": 332.400559, "delta": 1.456757}}
{"target": -43.7166277058387, "params": {"C": 238.40838956978934, "epsilon": 0.7014859651301658, "gamma": 0.004909348375386867, "lamda": 1.1750203040836382}, "datetime": {"datetime": "2021-09-24 19:23:14", "elapsed": 334.639289, "delta": 2.23873}}
{"target": -43.26652162711502, "params": {"C": 184.34971653247095, "epsilon": 0.714456251111197, "gamma": 0.026964653223974094, "lamda": 1.911746997897733}, "datetime": {"datetime": "2021-09-24 19:23:16", "elapsed": 336.543381, "delta": 1.904092}}
{"target": -45.13878403978293, "params": {"C": 152.16220641873983, "epsilon": 0.721048852287141, "gamma": 0.11328314440560236, "lamda": 1.0669502992869855}, "datetime": {"datetime": "2021-09-24 19:23:18", "elapsed": 338.479581, "delta": 1.9362}}
{"target": -44.47139131931569, "params": {"C": 200.72068247827144, "epsilon": 0.9317005753102585, "gamma": 0.09672161410194828, "lamda": 1.2899191235902847}, "datetime": {"datetime": "2021-09-24 19:23:21", "elapsed": 341.469208, "delta": 2.989627}}
{"target": -43.976444403331136, "params": {"C": 237.36883251346558, "epsilon": 0.5829025869566691, "gamma": 0.07041413103302598, "lamda": 1.5646204945936732}, "datetime": {"datetime": "2021-09-24 19:23:22", "elapsed": 343.359862, "delta": 1.890654}}
{"target": -44.42849566425773, "params": {"C": 240.84766047969896, "epsilon": 0.5239053406495551, "gamma": 0.09143489650654331, "lamda": 1.9938479798953128}, "datetime": {"datetime": "2021-09-24 19:23:24", "elapsed": 344.962987, "delta": 1.603125}}
{"target": -43.45268382911423, "params": {"C": 241.520791831775, "epsilon": 0.7256537409944164, "gamma": 0.05049357187821618, "lamda": 1.8109296597363012}, "datetime": {"datetime": "2021-09-24 19:23:27", "elapsed": 347.833692, "delta": 2.870705}}
{"target": -44.390759059707506, "params": {"C": 179.03944006456894, "epsilon": 0.976144539654429, "gamma": 0.09681330177738692, "lamda": 1.7314883411680804}, "datetime": {"datetime": "2021-09-24 19:23:29", "elapsed": 349.73238, "delta": 1.898688}}
{"target": -43.43147985517862, "params": {"C": 200.7872404070925, "epsilon": 0.8830419937740606, "gamma": 0.04673457177765076, "lamda": 1.253638719760886}, "datetime": {"datetime": "2021-09-24 19:23:30", "elapsed": 351.381969, "delta": 1.649589}}
{"target": -43.17047217526254, "params": {"C": 213.2417559914908, "epsilon": 0.9971018080971987, "gamma": 0.022014184196185813, "lamda": 0.9220671140699404}, "datetime": {"datetime": "2021-09-24 19:23:33", "elapsed": 353.569456, "delta": 2.187487}}
{"target": -43.58770021352464, "params": {"C": 235.04103275703028, "epsilon": 0.6961666621086651, "gamma": 0.06065977060579596, "lamda": 1.8783550531859914}, "datetime": {"datetime": "2021-09-24 19:23:36", "elapsed": 356.513114, "delta": 2.943658}}
{"target": -43.595139971134174, "params": {"C": 200.50695405149486, "epsilon": 0.8989667131017487, "gamma": 0.059473525707466314, "lamda": 1.347764910143633}, "datetime": {"datetime": "2021-09-24 19:23:38", "elapsed": 358.672525, "delta": 2.159411}}
{"target": -44.97159285442321, "params": {"C": 172.4749969023578, "epsilon": 0.8684525628345863, "gamma": 0.0021816413537692004, "lamda": 0.9380070757840807}, "datetime": {"datetime": "2021-09-24 19:23:39", "elapsed": 360.368371, "delta": 1.695846}}
{"target": -43.5610806589471, "params": {"C": 148.09461738929187, "epsilon": 0.7706744599356496, "gamma": 0.059457631521826114, "lamda": 1.891843418687691}, "datetime": {"datetime": "2021-09-24 19:23:41", "elapsed": 362.185923, "delta": 1.817552}}
{"target": -43.2687005092771, "params": {"C": 186.99229406156593, "epsilon": 0.6684831066089211, "gamma": 0.03561576069792248, "lamda": 1.6094756261456746}, "datetime": {"datetime": "2021-09-24 19:23:44", "elapsed": 364.811642, "delta": 2.625719}}
{"target": -43.51575063862132, "params": {"C": 241.53582343519685, "epsilon": 0.7931758376996674, "gamma": 0.056214005054936636, "lamda": 1.8032710675754238}, "datetime": {"datetime": "2021-09-24 19:23:46", "elapsed": 367.088468, "delta": 2.276826}}
{"target": -44.03134916070161, "params": {"C": 235.04864369190747, "epsilon": 0.7365376931963613, "gamma": 0.006719297837392511, "lamda": 1.9023069259862804}, "datetime": {"datetime": "2021-09-24 19:23:50", "elapsed": 370.497173, "delta": 3.408705}}
{"target": -43.74450007687415, "params": {"C": 235.20844318696288, "epsilon": 0.6531594814852084, "gamma": 0.06715426924017126, "lamda": 1.8054290531357582}, "datetime": {"datetime": "2021-09-24 19:23:53", "elapsed": 373.795832, "delta": 3.298659}}
{"target": -44.68269353167074, "params": {"C": 216.66039346355976, "epsilon": 0.7768210029888583, "gamma": 0.10732260752019593, "lamda": 1.93852725643498}, "datetime": {"datetime": "2021-09-24 19:23:55", "elapsed": 376.130837, "delta": 2.335005}}
{"target": -43.569470745320274, "params": {"C": 231.75561144292686, "epsilon": 0.6417280005789479, "gamma": 0.0431871146079628, "lamda": 1.0289581489177684}, "datetime": {"datetime": "2021-09-24 19:23:57", "elapsed": 377.797085, "delta": 1.666248}}
{"target": -44.24633511217423, "params": {"C": 141.86209462732404, "epsilon": 0.9961538904255935, "gamma": 0.08295824313221258, "lamda": 1.0110748917066312}, "datetime": {"datetime": "2021-09-24 19:23:59", "elapsed": 379.609605, "delta": 1.81252}}
{"target": -43.56358705856002, "params": {"C": 226.31834358849852, "epsilon": 0.6667311396545982, "gamma": 0.03780648214644441, "lamda": 0.8293617035263781}, "datetime": {"datetime": "2021-09-24 19:24:03", "elapsed": 383.629384, "delta": 4.019779}}
{"target": -43.22798084075572, "params": {"C": 200.53158130771834, "epsilon": 0.9596396271529238, "gamma": 0.034344365637862785, "lamda": 1.3155195651759892}, "datetime": {"datetime": "2021-09-24 19:24:06", "elapsed": 387.125343, "delta": 3.495959}}
{"target": -43.52396345113891, "params": {"C": 147.0524521178308, "epsilon": 0.5414879915022988, "gamma": 0.05187468397718502, "lamda": 1.813096052070954}, "datetime": {"datetime": "2021-09-24 19:24:08", "elapsed": 389.125797, "delta": 2.000454}}
{"target": -43.6229134988873, "params": {"C": 161.1334334678226, "epsilon": 0.8252036287046127, "gamma": 0.06319631756815634, "lamda": 1.9537327266297657}, "datetime": {"datetime": "2021-09-24 19:24:10", "elapsed": 391.367698, "delta": 2.241901}}
{"target": -44.120168583343464, "params": {"C": 200.7559037445632, "epsilon": 0.9490901203111025, "gamma": 0.005196876717370303, "lamda": 1.2887413221680595}, "datetime": {"datetime": "2021-09-24 19:24:13", "elapsed": 393.803354, "delta": 2.435656}}
{"target": -43.92366856530478, "params": {"C": 241.58644676582244, "epsilon": 0.7295687705634908, "gamma": 0.0765431682020873, "lamda": 1.8386859841190033}, "datetime": {"datetime": "2021-09-24 19:24:15", "elapsed": 396.322521, "delta": 2.519167}}
{"target": -43.28509353899965, "params": {"C": 148.654377680182, "epsilon": 0.5997882260097988, "gamma": 0.033708693565013624, "lamda": 1.5568022466724871}, "datetime": {"datetime": "2021-09-24 19:24:17", "elapsed": 397.836664, "delta": 1.514143}}
{"target": -43.225520094822954, "params": {"C": 233.86245794999974, "epsilon": 0.7608432509326648, "gamma": 0.01616939978721767, "lamda": 1.060888931866974}, "datetime": {"datetime": "2021-09-24 19:24:18", "elapsed": 399.251878, "delta": 1.415214}}
{"target": -43.88770535601851, "params": {"C": 183.7367896071577, "epsilon": 0.6932886943199167, "gamma": 0.0714746065023032, "lamda": 1.6124603635911285}, "datetime": {"datetime": "2021-09-24 19:24:21", "elapsed": 401.661096, "delta": 2.409218}}
{"target": -43.79034919220404, "params": {"C": 223.60603420223268, "epsilon": 0.9800320201771647, "gamma": 0.007505476267559255, "lamda": 1.2961602430098649}, "datetime": {"datetime": "2021-09-24 19:24:24", "elapsed": 404.447503, "delta": 2.786407}}
{"target": -45.165887908701045, "params": {"C": 205.83265464540304, "epsilon": 0.5076598941807774, "gamma": 0.11802348645644517, "lamda": 1.76301439842659}, "datetime": {"datetime": "2021-09-24 19:24:25", "elapsed": 405.964316, "delta": 1.516813}}
{"target": -43.51616440865587, "params": {"C": 204.62642812622522, "epsilon": 0.8407244884944928, "gamma": 0.005639429834454289, "lamda": 0.8399640725496195}, "datetime": {"datetime": "2021-09-24 19:24:28", "elapsed": 409.437205, "delta": 3.472889}}
{"target": -44.38492832828249, "params": {"C": 205.87337879342363, "epsilon": 0.6928881868634507, "gamma": 0.08604743098652105, "lamda": 1.341490973603804}, "datetime": {"datetime": "2021-09-24 19:24:31", "elapsed": 411.920692, "delta": 2.483487}}
{"target": -43.31458753881041, "params": {"C": 227.28107032421372, "epsilon": 0.9785245780033709, "gamma": 0.021989099920810187, "lamda": 1.343018720630438}, "datetime": {"datetime": "2021-09-24 19:24:33", "elapsed": 413.669745, "delta": 1.749053}}
{"target": -47.86186388365554, "params": {"C": 213.19003385822685, "epsilon": 1.0, "gamma": 0.001, "lamda": 0.8914810863672616}, "datetime": {"datetime": "2021-09-24 19:24:36", "elapsed": 416.678518, "delta": 3.008773}}
{"target": -43.797204548349264, "params": {"C": 174.3273549355863, "epsilon": 0.8723200694216735, "gamma": 0.07277929024219221, "lamda": 1.9343137585902401}, "datetime": {"datetime": "2021-09-24 19:24:37", "elapsed": 418.21509, "delta": 1.536572}}
{"target": -43.19807050318034, "params": {"C": 145.03855020743185, "epsilon": 0.7448340153227091, "gamma": 0.02387772095746243, "lamda": 1.4824731714804749}, "datetime": {"datetime": "2021-09-24 19:24:40", "elapsed": 420.778122, "delta": 2.563032}}
{"target": -43.87887875847898, "params": {"C": 246.85007361336494, "epsilon": 0.9920532663115219, "gamma": 0.07649331631865162, "lamda": 1.8235371356139203}, "datetime": {"datetime": "2021-09-24 19:24:42", "elapsed": 422.502927, "delta": 1.724805}}
{"target": -43.510989439066165, "params": {"C": 183.37467563138813, "epsilon": 0.8050542942537142, "gamma": 0.03675903884930932, "lamda": 0.8001378187059802}, "datetime": {"datetime": "2021-09-24 19:24:43", "elapsed": 424.309589, "delta": 1.806662}}
{"target": -43.333538974474024, "params": {"C": 142.66417378613681, "epsilon": 0.7952993536867298, "gamma": 0.036846089136985775, "lamda": 1.209637154200105}, "datetime": {"datetime": "2021-09-24 19:24:46", "elapsed": 426.612631, "delta": 2.303042}}
{"target": -43.52458186845146, "params": {"C": 150.00361172851848, "epsilon": 0.6622467709834621, "gamma": 0.023628654924214443, "lamda": 0.9051743027287048}, "datetime": {"datetime": "2021-09-24 19:24:47", "elapsed": 428.205436, "delta": 1.592805}}
{"target": -43.36375022816988, "params": {"C": 184.289022691638, "epsilon": 0.7011977875384001, "gamma": 0.044802596247730676, "lamda": 1.9174724441044926}, "datetime": {"datetime": "2021-09-24 19:24:50", "elapsed": 430.512482, "delta": 2.307046}}
{"target": -43.18064282749463, "params": {"C": 233.22770290799417, "epsilon": 0.546275665063531, "gamma": 0.025721466857384807, "lamda": 1.6852469324969481}, "datetime": {"datetime": "2021-09-24 19:24:51", "elapsed": 432.067632, "delta": 1.55515}}
{"target": -43.666171650671586, "params": {"C": 200.5841322039683, "epsilon": 0.9170247268067717, "gamma": 0.06346870836202712, "lamda": 1.3035013027645443}, "datetime": {"datetime": "2021-09-24 19:24:54", "elapsed": 434.464622, "delta": 2.39699}}
{"target": -43.22531148998053, "params": {"C": 142.6684061974376, "epsilon": 0.8530099247386117, "gamma": 0.031823588962245936, "lamda": 1.2333717303340086}, "datetime": {"datetime": "2021-09-24 19:24:55", "elapsed": 435.979019, "delta": 1.514397}}
{"target": -43.33986243349515, "params": {"C": 207.67351799595258, "epsilon": 0.6320396306016878, "gamma": 0.027495996736859925, "lamda": 0.9707941434287978}, "datetime": {"datetime": "2021-09-24 19:24:57", "elapsed": 437.658469, "delta": 1.67945}}
{"target": -46.122772657819496, "params": {"C": 145.04336883250699, "epsilon": 0.7524563854412161, "gamma": 0.0021211818762778517, "lamda": 1.5314884773041755}, "datetime": {"datetime": "2021-09-24 19:24:59", "elapsed": 440.210621, "delta": 2.552152}}
{"target": -47.291004304031674, "params": {"C": 174.4277817413412, "epsilon": 0.8678506299726321, "gamma": 0.001, "lamda": 0.8882194295651495}, "datetime": {"datetime": "2021-09-24 19:25:02", "elapsed": 442.559986, "delta": 2.349365}}
{"target": -43.758045096864635, "params": {"C": 218.3597790609393, "epsilon": 0.8029315341295291, "gamma": 0.06588088072627891, "lamda": 1.3404421882418585}, "datetime": {"datetime": "2021-09-24 19:25:04", "elapsed": 445.010213, "delta": 2.450227}}
