{"target": -43.35592421040379, "params": {"C": 360.48300627375284, "epsilon": 0.6518616302961866, "gamma": 0.04143752931777811, "lamda": 1.6784063018028237}, "datetime": {"datetime": "2021-09-24 19:53:29", "elapsed": 106.457987, "delta": 0.906324}}
{"target": -43.359947139248746, "params": {"C": 435.87075130509066, "epsilon": 0.6297396325703135, "gamma": 0.040702975733062, "lamda": 1.644815453528928}, "datetime": {"datetime": "2021-09-24 19:53:29", "elapsed": 107.343614, "delta": 0.885627}}
{"target": -43.653273733008355, "params": {"C": 464.33864599911055, "epsilon": 0.7131152496126336, "gamma": 0.06399982482724573, "lamda": 1.7893540991804453}, "datetime": {"datetime": "2021-09-24 19:53:30", "elapsed": 108.098471, "delta": 0.754857}}
{"target": -43.55693385170067, "params": {"C": 359.8870768511511, "epsilon": 0.9371427957138432, "gamma": 0.017425953920510624, "lamda": 1.809137848918071}, "datetime": {"datetime": "2021-09-24 19:53:31", "elapsed": 108.92425, "delta": 0.825779}}
{"target": -43.7468301976274, "params": {"C": 572.1957862947486, "epsilon": 0.9848898839499441, "gamma": 0.06375037938306462, "lamda": 1.021640124396926}, "datetime": {"datetime": "2021-09-24 19:53:32", "elapsed": 109.801622, "delta": 0.877372}}
{"target": -43.225140122129766, "params": {"C": 349.37389598596536, "epsilon": 0.5548991512943748, "gamma": 0.010653126760341691, "lamda": 0.8736211090568147}, "datetime": {"datetime": "2021-09-24 19:53:33", "elapsed": 110.533626, "delta": 0.732004}}
{"target": -43.35649650324036, "params": {"C": 349.3893359799083, "epsilon": 0.6152222116603224, "gamma": 0.006658176444343248, "lamda": 0.9150654210722347}, "datetime": {"datetime": "2021-09-24 19:53:33", "elapsed": 111.34891, "delta": 0.815284}}
{"target": -43.67015004150715, "params": {"C": 489.492498175214, "epsilon": 0.8345291336763117, "gamma": 0.06532275238563326, "lamda": 1.6727651582263094}, "datetime": {"datetime": "2021-09-24 19:53:34", "elapsed": 112.170197, "delta": 0.821287}}
{"target": -44.156615033050166, "params": {"C": 595.2100964177473, "epsilon": 0.5775099131566944, "gamma": 0.07172285492938106, "lamda": 1.283605025035043}, "datetime": {"datetime": "2021-09-24 19:53:35", "elapsed": 113.136291, "delta": 0.966094}}
{"target": -43.48996884291891, "params": {"C": 538.9318860709727, "epsilon": 0.6413269469568523, "gamma": 0.005709521470060336, "lamda": 1.0513828394161777}, "datetime": {"datetime": "2021-09-24 19:53:36", "elapsed": 113.908948, "delta": 0.772657}}
{"target": -43.15494976539113, "params": {"C": 352.0067338939754, "epsilon": 0.5195616035601508, "gamma": 0.014320923709466186, "lamda": 0.8947564820666418}, "datetime": {"datetime": "2021-09-24 19:53:37", "elapsed": 114.74622, "delta": 0.837272}}
{"target": -43.22818722100856, "params": {"C": 580.1119624261504, "epsilon": 0.7169711993770445, "gamma": 0.016561883292689535, "lamda": 1.166083481092331}, "datetime": {"datetime": "2021-09-24 19:53:38", "elapsed": 115.792913, "delta": 1.046693}}
{"target": -44.87673559790513, "params": {"C": 599.1879609336063, "epsilon": 0.6058528209766281, "gamma": 0.11286691185157376, "lamda": 1.9892930650883602}, "datetime": {"datetime": "2021-09-24 19:53:39", "elapsed": 116.544786, "delta": 0.751873}}
{"target": -43.59778326763391, "params": {"C": 468.37165522222006, "epsilon": 0.627388775614816, "gamma": 0.05568103089236499, "lamda": 1.5096796833032178}, "datetime": {"datetime": "2021-09-24 19:53:40", "elapsed": 117.544698, "delta": 0.999912}}
{"target": -43.55383818974414, "params": {"C": 363.96286498663665, "epsilon": 0.683647354254463, "gamma": 0.04556957678885205, "lamda": 1.094921673765368}, "datetime": {"datetime": "2021-09-24 19:53:41", "elapsed": 118.563047, "delta": 1.018349}}
{"target": -43.16907093999121, "params": {"C": 572.5248138124324, "epsilon": 0.6929756782532562, "gamma": 0.020729706542849332, "lamda": 1.126206444982771}, "datetime": {"datetime": "2021-09-24 19:53:41", "elapsed": 119.378469, "delta": 0.815422}}
{"target": -47.771952218653645, "params": {"C": 513.2424514542624, "epsilon": 0.9001331250088433, "gamma": 0.001, "lamda": 0.9672307685134742}, "datetime": {"datetime": "2021-09-24 19:53:43", "elapsed": 120.718491, "delta": 1.340022}}
{"target": -44.797419933149875, "params": {"C": 542.25103028103, "epsilon": 0.9516950078934334, "gamma": 0.0054719299461048684, "lamda": 1.8884653672585827}, "datetime": {"datetime": "2021-09-24 19:53:44", "elapsed": 121.642446, "delta": 0.923955}}
{"target": -43.242205887149346, "params": {"C": 535.0013261430415, "epsilon": 0.7573786514232334, "gamma": 0.02855757543328977, "lamda": 1.0871448137270487}, "datetime": {"datetime": "2021-09-24 19:53:45", "elapsed": 122.620638, "delta": 0.978192}}
{"target": -43.1684144872054, "params": {"C": 513.1730333007879, "epsilon": 0.8426945122647197, "gamma": 0.020947602185306634, "lamda": 0.9703465877741945}, "datetime": {"datetime": "2021-09-24 19:53:46", "elapsed": 123.600175, "delta": 0.979537}}
{"target": -43.56267481193973, "params": {"C": 402.16210131035444, "epsilon": 0.536823162473085, "gamma": 0.00786554402956682, "lamda": 1.8093944324101237}, "datetime": {"datetime": "2021-09-24 19:53:46", "elapsed": 124.418569, "delta": 0.818394}}
{"target": -43.19502883991781, "params": {"C": 349.4096248757553, "epsilon": 0.6369969007670584, "gamma": 0.02002320428794655, "lamda": 0.8892716689820159}, "datetime": {"datetime": "2021-09-24 19:53:47", "elapsed": 125.385603, "delta": 0.967034}}
{"target": -43.38372333788508, "params": {"C": 371.34282479151955, "epsilon": 0.7109253032511305, "gamma": 0.03491692122086803, "lamda": 1.0700831945573643}, "datetime": {"datetime": "2021-09-24 19:53:48", "elapsed": 126.168686, "delta": 0.783083}}
{"target": -43.24464992266895, "params": {"C": 571.7054171009158, "epsilon": 0.809638029180418, "gamma": 0.012920693935851862, "lamda": 0.8382580953049646}, "datetime": {"datetime": "2021-09-24 19:53:49", "elapsed": 127.135752, "delta": 0.967066}}
{"target": -43.673870415680355, "params": {"C": 534.9798224509559, "epsilon": 0.7716129739675175, "gamma": 0.057059686172862126, "lamda": 1.1193963364432336}, "datetime": {"datetime": "2021-09-24 19:53:50", "elapsed": 128.222457, "delta": 1.086705}}
{"target": -44.51333616018008, "params": {"C": 352.01783753680223, "epsilon": 0.5238419024282177, "gamma": 0.06736948759657696, "lamda": 0.89810474349144}, "datetime": {"datetime": "2021-09-24 19:53:51", "elapsed": 129.247332, "delta": 1.024875}}
{"target": -43.691746509281536, "params": {"C": 349.3961477729407, "epsilon": 0.56218561438569, "gamma": 0.04351209254780778, "lamda": 0.9009931112265794}, "datetime": {"datetime": "2021-09-24 19:53:52", "elapsed": 130.205589, "delta": 0.958257}}
{"target": -43.282804134530664, "params": {"C": 580.1090199981608, "epsilon": 0.743309767710221, "gamma": 0.029804369169056988, "lamda": 1.0716309037677527}, "datetime": {"datetime": "2021-09-24 19:53:53", "elapsed": 131.15059, "delta": 0.945001}}
{"target": -43.507706798368545, "params": {"C": 403.16938507744743, "epsilon": 0.6971701906210208, "gamma": 0.007412933732622453, "lamda": 1.2211883286005818}, "datetime": {"datetime": "2021-09-24 19:53:54", "elapsed": 132.039838, "delta": 0.889248}}
{"target": -44.9570773516206, "params": {"C": 376.81167777675, "epsilon": 0.8643404059006472, "gamma": 0.10789239399353362, "lamda": 1.0161213180335502}, "datetime": {"datetime": "2021-09-24 19:53:55", "elapsed": 132.932062, "delta": 0.892224}}
{"target": -43.92631717281778, "params": {"C": 575.7122543532162, "epsilon": 0.7643414683175437, "gamma": 0.07773348205838122, "lamda": 1.8706156610366411}, "datetime": {"datetime": "2021-09-24 19:53:56", "elapsed": 133.766538, "delta": 0.834476}}
{"target": -43.75264406466234, "params": {"C": 573.0783700129184, "epsilon": 0.9941583163893015, "gamma": 0.011332171544570207, "lamda": 1.68800603403934}, "datetime": {"datetime": "2021-09-24 19:53:57", "elapsed": 134.682166, "delta": 0.915628}}
{"target": -44.342148393602784, "params": {"C": 403.01632898891273, "epsilon": 0.7402711032909824, "gamma": 0.09155601999989257, "lamda": 1.6518875222795462}, "datetime": {"datetime": "2021-09-24 19:53:58", "elapsed": 135.491061, "delta": 0.808895}}
{"target": -43.49064228145051, "params": {"C": 488.03897772585094, "epsilon": 0.5153079893110057, "gamma": 0.049411437333446995, "lamda": 1.8949372424954563}, "datetime": {"datetime": "2021-09-24 19:53:58", "elapsed": 136.328674, "delta": 0.837613}}
{"target": -44.51906293608568, "params": {"C": 542.3067653023238, "epsilon": 0.9084255478097991, "gamma": 0.006164921371026897, "lamda": 1.9431331721633092}, "datetime": {"datetime": "2021-09-24 19:54:00", "elapsed": 137.551837, "delta": 1.223163}}
{"target": -43.420261432598096, "params": {"C": 455.4602871917974, "epsilon": 0.8228183262771442, "gamma": 0.0480867236092883, "lamda": 1.5974823982559747}, "datetime": {"datetime": "2021-09-24 19:54:00", "elapsed": 138.445074, "delta": 0.893237}}
{"target": -43.19991863732679, "params": {"C": 513.1895982236323, "epsilon": 0.9082067126897148, "gamma": 0.025120910668935757, "lamda": 0.9126432539105984}, "datetime": {"datetime": "2021-09-24 19:54:02", "elapsed": 139.655325, "delta": 1.210251}}
{"target": -43.401230935691835, "params": {"C": 393.9040734610454, "epsilon": 0.8845987466993643, "gamma": 0.04857014062566358, "lamda": 1.9082947391417482}, "datetime": {"datetime": "2021-09-24 19:54:03", "elapsed": 140.617081, "delta": 0.961756}}
{"target": -43.940609428799846, "params": {"C": 374.73587264415454, "epsilon": 0.9871966301288395, "gamma": 0.07707593824747024, "lamda": 1.374134755938326}, "datetime": {"datetime": "2021-09-24 19:54:04", "elapsed": 141.533598, "delta": 0.916517}}
{"target": -43.188498462063315, "params": {"C": 572.4912127318231, "epsilon": 0.6661170526480151, "gamma": 0.017436373423630993, "lamda": 1.1376007061488935}, "datetime": {"datetime": "2021-09-24 19:54:05", "elapsed": 142.586032, "delta": 1.052434}}
{"target": -44.167790941458165, "params": {"C": 435.82524997718866, "epsilon": 0.5989681029518158, "gamma": 0.07964362941440582, "lamda": 1.6700691851520644}, "datetime": {"datetime": "2021-09-24 19:54:06", "elapsed": 143.720504, "delta": 1.134472}}
{"target": -44.22635063309086, "params": {"C": 400.60877070526834, "epsilon": 0.9029889302066758, "gamma": 0.08807002830986346, "lamda": 1.4492778353704376}, "datetime": {"datetime": "2021-09-24 19:54:07", "elapsed": 144.576336, "delta": 0.855832}}
{"target": -44.86865506538224, "params": {"C": 525.4237082838968, "epsilon": 0.8776838059406422, "gamma": 0.1151184659403566, "lamda": 1.909485859964585}, "datetime": {"datetime": "2021-09-24 19:54:08", "elapsed": 145.531647, "delta": 0.955311}}
{"target": -43.36791416108439, "params": {"C": 398.9718041995757, "epsilon": 0.688797986102973, "gamma": 0.0447773558445049, "lamda": 1.9021870449357867}, "datetime": {"datetime": "2021-09-24 19:54:08", "elapsed": 146.388316, "delta": 0.856669}}
{"target": -43.32497024073119, "params": {"C": 420.19225364886915, "epsilon": 0.5404470031419992, "gamma": 0.03241193139604142, "lamda": 1.4624273482680648}, "datetime": {"datetime": "2021-09-24 19:54:09", "elapsed": 147.255448, "delta": 0.867132}}
{"target": -43.307082854371515, "params": {"C": 429.02049016908614, "epsilon": 0.5980760296822325, "gamma": 0.011089843731770684, "lamda": 1.2605895987493176}, "datetime": {"datetime": "2021-09-24 19:54:10", "elapsed": 148.12589, "delta": 0.870442}}
{"target": -44.81989143381306, "params": {"C": 438.40192685563585, "epsilon": 0.5484447797033873, "gamma": 0.002613437498547448, "lamda": 1.6484335168171187}, "datetime": {"datetime": "2021-09-24 19:54:11", "elapsed": 149.083152, "delta": 0.957262}}
{"target": -44.693843113624446, "params": {"C": 541.4669421258343, "epsilon": 0.5582947382919159, "gamma": 0.0032866787989267263, "lamda": 1.9167259930752363}, "datetime": {"datetime": "2021-09-24 19:54:12", "elapsed": 150.110802, "delta": 1.02765}}
{"target": -43.56021115097314, "params": {"C": 493.9126422786136, "epsilon": 0.9781832920561584, "gamma": 0.058753907639010575, "lamda": 1.4043397939827362}, "datetime": {"datetime": "2021-09-24 19:54:13", "elapsed": 151.408346, "delta": 1.297544}}
{"target": -43.62148106040383, "params": {"C": 463.8802311611687, "epsilon": 0.816032889488117, "gamma": 0.04746721789553361, "lamda": 0.8434139936925406}, "datetime": {"datetime": "2021-09-24 19:54:15", "elapsed": 152.469051, "delta": 1.060705}}
{"target": -45.13015287815855, "params": {"C": 598.2323197892497, "epsilon": 0.5525658326208188, "gamma": 0.002059573945133379, "lamda": 1.4679854085141253}, "datetime": {"datetime": "2021-09-24 19:54:15", "elapsed": 153.442189, "delta": 0.973138}}
{"target": -43.27914078583994, "params": {"C": 346.23893649075376, "epsilon": 0.7056366745054421, "gamma": 0.032628715812369216, "lamda": 1.2936889529870383}, "datetime": {"datetime": "2021-09-24 19:54:17", "elapsed": 154.471825, "delta": 1.029636}}
{"target": -43.32394505120759, "params": {"C": 488.0621903655085, "epsilon": 0.5234399067261797, "gamma": 0.014960288017555279, "lamda": 1.8716879728649147}, "datetime": {"datetime": "2021-09-24 19:54:18", "elapsed": 155.570145, "delta": 1.09832}}
{"target": -43.44171215006392, "params": {"C": 346.26646479587714, "epsilon": 0.7693191459926791, "gamma": 0.01104076225053223, "lamda": 1.3070694813519799}, "datetime": {"datetime": "2021-09-24 19:54:19", "elapsed": 156.714835, "delta": 1.14469}}
{"target": -44.44744786746144, "params": {"C": 542.8285692056351, "epsilon": 0.5815420580335564, "gamma": 0.07661864302916788, "lamda": 1.0876373449432437}, "datetime": {"datetime": "2021-09-24 19:54:20", "elapsed": 157.621201, "delta": 0.906366}}
{"target": -44.95636343265896, "params": {"C": 383.35503686167306, "epsilon": 0.741467257582217, "gamma": 0.11793518479315175, "lamda": 1.9199040284697082}, "datetime": {"datetime": "2021-09-24 19:54:21", "elapsed": 158.608366, "delta": 0.987165}}
{"target": -43.36940643006203, "params": {"C": 352.0331265281864, "epsilon": 0.6110936118338479, "gamma": 0.0264868704544953, "lamda": 0.8420626266042122}, "datetime": {"datetime": "2021-09-24 19:54:22", "elapsed": 159.918119, "delta": 1.309753}}
{"target": -44.76076645204574, "params": {"C": 429.3480588359731, "epsilon": 0.7372239427228858, "gamma": 0.10935046141199041, "lamda": 1.7947674525380717}, "datetime": {"datetime": "2021-09-24 19:54:23", "elapsed": 160.784384, "delta": 0.866265}}
{"target": -44.89519468905406, "params": {"C": 448.46796366460256, "epsilon": 0.9208927646021042, "gamma": 0.11082251253272445, "lamda": 1.134533521202221}, "datetime": {"datetime": "2021-09-24 19:54:24", "elapsed": 161.730921, "delta": 0.946537}}
{"target": -44.8210149650129, "params": {"C": 523.9815757241233, "epsilon": 0.6538987871311539, "gamma": 0.11093211150429783, "lamda": 1.8853208927281626}, "datetime": {"datetime": "2021-09-24 19:54:25", "elapsed": 162.713658, "delta": 0.982737}}
{"target": -43.52546708733357, "params": {"C": 360.4272001107474, "epsilon": 0.5916028083872833, "gamma": 0.0515071864585754, "lamda": 1.6517481232443962}, "datetime": {"datetime": "2021-09-24 19:54:26", "elapsed": 164.101615, "delta": 1.387957}}
{"target": -43.557538655144505, "params": {"C": 435.8680171221463, "epsilon": 0.7024180181878861, "gamma": 0.05645089977057363, "lamda": 1.645528137982533}, "datetime": {"datetime": "2021-09-24 19:54:27", "elapsed": 165.388569, "delta": 1.286954}}
{"target": -43.22686723579327, "params": {"C": 346.23526377353295, "epsilon": 0.7405088522127108, "gamma": 0.0310282429143108, "lamda": 1.3270357111001325}, "datetime": {"datetime": "2021-09-24 19:54:29", "elapsed": 166.839151, "delta": 1.450582}}
{"target": -43.97532577544603, "params": {"C": 352.01086147075404, "epsilon": 0.6862359868258148, "gamma": 0.07385698847107132, "lamda": 1.5640489089804959}, "datetime": {"datetime": "2021-09-24 19:54:31", "elapsed": 168.598132, "delta": 1.758981}}
{"target": -43.28040442095901, "params": {"C": 444.8137415294543, "epsilon": 0.7555386789959673, "gamma": 0.03864455726544095, "lamda": 1.9645824481860854}, "datetime": {"datetime": "2021-09-24 19:54:32", "elapsed": 169.699128, "delta": 1.100996}}
{"target": -43.42756850856531, "params": {"C": 404.6595677789539, "epsilon": 0.8873628988560299, "gamma": 0.014194366392919832, "lamda": 1.3314938327273866}, "datetime": {"datetime": "2021-09-24 19:54:33", "elapsed": 170.712462, "delta": 1.013334}}
{"target": -43.92439359579981, "params": {"C": 428.3234391306995, "epsilon": 0.5300649927257336, "gamma": 0.06450533503832646, "lamda": 1.4638518909836913}, "datetime": {"datetime": "2021-09-24 19:54:34", "elapsed": 171.820935, "delta": 1.108473}}
{"target": -43.569035069838264, "params": {"C": 456.9757105427268, "epsilon": 0.5405217393140652, "gamma": 0.047583624880527656, "lamda": 1.4047225379735249}, "datetime": {"datetime": "2021-09-24 19:54:35", "elapsed": 172.839609, "delta": 1.018674}}
{"target": -43.72118361063177, "params": {"C": 466.783371341204, "epsilon": 0.7545060547185647, "gamma": 0.05395486036032784, "lamda": 0.9561073524959771}, "datetime": {"datetime": "2021-09-24 19:54:36", "elapsed": 174.2471, "delta": 1.407491}}
{"target": -43.550908016190725, "params": {"C": 525.0726531974677, "epsilon": 0.7544359060556974, "gamma": 0.010075747307380343, "lamda": 1.528610701803951}, "datetime": {"datetime": "2021-09-24 19:54:38", "elapsed": 175.508438, "delta": 1.261338}}
{"target": -44.132963267601575, "params": {"C": 580.130965800408, "epsilon": 0.7783580481687452, "gamma": 0.07469063465565884, "lamda": 1.1227630413229366}, "datetime": {"datetime": "2021-09-24 19:54:39", "elapsed": 177.290199, "delta": 1.781761}}
{"target": -43.83662940687091, "params": {"C": 420.0313610751415, "epsilon": 0.8962990278069807, "gamma": 0.06927845005755413, "lamda": 1.2465531773325529}, "datetime": {"datetime": "2021-09-24 19:54:40", "elapsed": 178.397187, "delta": 1.106988}}
{"target": -43.586923849129775, "params": {"C": 375.81622032648414, "epsilon": 0.6334421081780999, "gamma": 0.009813272524450488, "lamda": 1.884626637931886}, "datetime": {"datetime": "2021-09-24 19:54:42", "elapsed": 179.458412, "delta": 1.061225}}
{"target": -43.32088917457134, "params": {"C": 344.3247586304682, "epsilon": 0.8059684688523086, "gamma": 0.01955450998103754, "lamda": 1.5068019130073367}, "datetime": {"datetime": "2021-09-24 19:54:43", "elapsed": 180.526929, "delta": 1.068517}}
{"target": -44.282010515377905, "params": {"C": 410.1555415586913, "epsilon": 0.564566896344336, "gamma": 0.07777192205680585, "lamda": 1.3944551783583443}, "datetime": {"datetime": "2021-09-24 19:54:44", "elapsed": 181.963394, "delta": 1.436465}}
{"target": -43.52303433186539, "params": {"C": 346.2619608998586, "epsilon": 0.7422917319749177, "gamma": 0.05048564152208274, "lamda": 1.2965391300711564}, "datetime": {"datetime": "2021-09-24 19:54:46", "elapsed": 183.633226, "delta": 1.669832}}
{"target": -44.54786486657592, "params": {"C": 573.3967538945734, "epsilon": 0.7433224094406283, "gamma": 0.08716124448184036, "lamda": 1.0702369593912515}, "datetime": {"datetime": "2021-09-24 19:54:47", "elapsed": 184.725682, "delta": 1.092456}}
{"target": -43.169285412425346, "params": {"C": 429.0172699320541, "epsilon": 0.5617266119202906, "gamma": 0.01810243712108595, "lamda": 1.3026849848651798}, "datetime": {"datetime": "2021-09-24 19:54:48", "elapsed": 186.124826, "delta": 1.399144}}
{"target": -44.543675449231095, "params": {"C": 516.221047171638, "epsilon": 0.9770623955160432, "gamma": 0.10251537097634995, "lamda": 1.6975424906367333}, "datetime": {"datetime": "2021-09-24 19:54:49", "elapsed": 187.205781, "delta": 1.080955}}
{"target": -43.61599438484968, "params": {"C": 525.2198166746538, "epsilon": 0.7397621663982741, "gamma": 0.05622431557354959, "lamda": 1.2615155797982112}, "datetime": {"datetime": "2021-09-24 19:54:51", "elapsed": 188.606187, "delta": 1.400406}}
{"target": -44.726561177577544, "params": {"C": 382.0928811424723, "epsilon": 0.701337038473494, "gamma": 0.09469032700781374, "lamda": 1.1496090566431918}, "datetime": {"datetime": "2021-09-24 19:54:52", "elapsed": 189.663908, "delta": 1.057721}}
{"target": -43.274335800762714, "params": {"C": 537.7261238397958, "epsilon": 0.9503681207037149, "gamma": 0.021576870172272687, "lamda": 1.2695268489040041}, "datetime": {"datetime": "2021-09-24 19:54:53", "elapsed": 190.735107, "delta": 1.071199}}
{"target": -45.27041422827634, "params": {"C": 569.1266736805212, "epsilon": 0.6371938458563817, "gamma": 0.11740716627962995, "lamda": 1.2329203252932763}, "datetime": {"datetime": "2021-09-24 19:54:54", "elapsed": 191.790154, "delta": 1.055047}}
{"target": -43.35996836818713, "params": {"C": 391.062153191969, "epsilon": 0.9224707532721282, "gamma": 0.01665683602767842, "lamda": 1.2669600774236043}, "datetime": {"datetime": "2021-09-24 19:54:55", "elapsed": 193.169896, "delta": 1.379742}}
{"target": -44.948831569823426, "params": {"C": 474.4480300889485, "epsilon": 0.8386713904268039, "gamma": 0.10556932454347234, "lamda": 1.0011696040477327}, "datetime": {"datetime": "2021-09-24 19:54:56", "elapsed": 194.287387, "delta": 1.117491}}
{"target": -43.1920892038644, "params": {"C": 443.43738604635183, "epsilon": 0.7044250102430314, "gamma": 0.028155668297343506, "lamda": 1.5805656369658487}, "datetime": {"datetime": "2021-09-24 19:54:57", "elapsed": 195.348896, "delta": 1.061509}}
{"target": -43.81345570050513, "params": {"C": 493.064111250344, "epsilon": 0.9792419996566315, "gamma": 0.06746324199865408, "lamda": 1.0917911978554122}, "datetime": {"datetime": "2021-09-24 19:54:58", "elapsed": 196.43488, "delta": 1.085984}}
{"target": -43.298240530606485, "params": {"C": 513.1440364639373, "epsilon": 0.8459614843085201, "gamma": 0.030458911033612906, "lamda": 0.9423104615506593}, "datetime": {"datetime": "2021-09-24 19:55:00", "elapsed": 197.901216, "delta": 1.466336}}
