{"target": -45.42306215418384, "params": {"C": 27.9890972261542, "epsilon": 0.7084396747954868, "gamma": 0.14616146471755923, "lamda": 0.5113167775924653}, "datetime": {"datetime": "2021-09-24 17:20:47", "elapsed": 0.0, "delta": 0.0}}
{"target": -44.1523101513653, "params": {"C": 44.75440076303508, "epsilon": 0.8963967958445046, "gamma": 0.0636670699214543, "lamda": 0.20803563526004856}, "datetime": {"datetime": "2021-09-24 17:20:47", "elapsed": 0.398001, "delta": 0.398001}}
{"target": -50.19500880318505, "params": {"C": 3.5218929617406642, "epsilon": 0.44136903380698583, "gamma": 0.015908229228404912, "lamda": 0.45737639117031637}, "datetime": {"datetime": "2021-09-24 17:20:47", "elapsed": 0.86404, "delta": 0.466039}}
{"target": -48.219640886186035, "params": {"C": 32.80805833312328, "epsilon": 0.27920879536532733, "gamma": 0.3384511960880855, "lamda": 0.5912719545989344}, "datetime": {"datetime": "2021-09-24 17:20:48", "elapsed": 1.178038, "delta": 0.313998}}
{"target": -53.44280827856158, "params": {"C": 2.1751122364811026, "epsilon": 0.5592952339028912, "gamma": 0.13036697100682523, "lamda": 0.4156860958130596}, "datetime": {"datetime": "2021-09-24 17:20:48", "elapsed": 1.60604, "delta": 0.428002}}
{"target": -43.857851231364904, "params": {"C": 43.13537867742622, "epsilon": 0.29491565226315136, "gamma": 0.053092436831393336, "lamda": 0.08653976450479509}, "datetime": {"datetime": "2021-09-24 17:20:49", "elapsed": 2.309039, "delta": 0.702999}}
{"target": -51.505585580579506, "params": {"C": 40.22043604195818, "epsilon": 1.0, "gamma": 0.5, "lamda": 1.0}, "datetime": {"datetime": "2021-09-24 17:20:50", "elapsed": 3.403591, "delta": 1.094552}}
{"target": -50.61713763139132, "params": {"C": 44.17943068895398, "epsilon": 0.001, "gamma": 0.5, "lamda": 1.0}, "datetime": {"datetime": "2021-09-24 17:20:51", "elapsed": 3.989837, "delta": 0.586246}}
{"target": -46.18523899910864, "params": {"C": 43.07242870399738, "epsilon": 0.2905302619731816, "gamma": 0.18928150666047922, "lamda": 0.24933475288186494}, "datetime": {"datetime": "2021-09-24 17:20:51", "elapsed": 4.719804, "delta": 0.729967}}
{"target": -49.52903217064607, "params": {"C": 43.49004545082617, "epsilon": 0.4135867753760067, "gamma": 0.001, "lamda": 0.001}, "datetime": {"datetime": "2021-09-24 17:20:53", "elapsed": 5.982861, "delta": 1.263057}}
{"target": -44.2509011042156, "params": {"C": 43.06651846349295, "epsilon": 0.19974454023091193, "gamma": 0.07504509313429632, "lamda": 0.007794769200223087}, "datetime": {"datetime": "2021-09-24 17:20:53", "elapsed": 6.54386, "delta": 0.560999}}
{"target": -45.360292206105356, "params": {"C": 43.0725255838325, "epsilon": 0.1841729088123916, "gamma": 0.13519179873161458, "lamda": 0.08203632153581894}, "datetime": {"datetime": "2021-09-24 17:20:54", "elapsed": 6.972899, "delta": 0.429039}}
{"target": -46.09673593844521, "params": {"C": 42.97884188901855, "epsilon": 0.18136825207945298, "gamma": 0.1984712320429196, "lamda": 0.045380081631517154}, "datetime": {"datetime": "2021-09-24 17:20:54", "elapsed": 7.457865, "delta": 0.484966}}
{"target": -49.73414587010336, "params": {"C": 24.312552692245347, "epsilon": 0.8936892881494798, "gamma": 0.35290348575243186, "lamda": 0.13540921299289937}, "datetime": {"datetime": "2021-09-24 17:20:55", "elapsed": 7.987861, "delta": 0.529996}}
{"target": -45.28844758884603, "params": {"C": 43.39117495381802, "epsilon": 0.48196414260648573, "gamma": 0.10872393395686897, "lamda": 0.8460220171885598}, "datetime": {"datetime": "2021-09-24 17:20:55", "elapsed": 8.443089, "delta": 0.455228}}
{"target": -49.45706242325263, "params": {"C": 45.13390778378883, "epsilon": 1.0, "gamma": 0.001, "lamda": 0.11584186198983072}, "datetime": {"datetime": "2021-09-24 17:20:56", "elapsed": 9.129202, "delta": 0.686113}}
{"target": -47.61990782888655, "params": {"C": 4.87008090355963, "epsilon": 0.28769949530817723, "gamma": 0.09325430334076058, "lamda": 0.7429706384522323}, "datetime": {"datetime": "2021-09-24 17:20:56", "elapsed": 9.633121, "delta": 0.503919}}
{"target": -58.92756152287576, "params": {"C": 3.6712950689038055, "epsilon": 0.8181359843373007, "gamma": 0.44135055044691224, "lamda": 0.30911090699429017}, "datetime": {"datetime": "2021-09-24 17:20:57", "elapsed": 10.070121, "delta": 0.437}}
{"target": -45.27227453445659, "params": {"C": 44.39987293794793, "epsilon": 1.0, "gamma": 0.10983229648736367, "lamda": 0.46699768322136076}, "datetime": {"datetime": "2021-09-24 17:20:57", "elapsed": 10.638867, "delta": 0.568746}}
{"target": -46.374209180066345, "params": {"C": 44.54780008717327, "epsilon": 0.558564255585807, "gamma": 0.2033799700589062, "lamda": 0.12944596717437654}, "datetime": {"datetime": "2021-09-24 17:20:58", "elapsed": 11.396017, "delta": 0.75715}}
{"target": -44.525497301745894, "params": {"C": 43.333649982953126, "epsilon": 0.42691754863893994, "gamma": 0.0735544978803875, "lamda": 0.8162747553676631}, "datetime": {"datetime": "2021-09-24 17:20:58", "elapsed": 11.889037, "delta": 0.49302}}
{"target": -52.40070215469766, "params": {"C": 4.414594510903425, "epsilon": 0.9758783351023976, "gamma": 0.007082984587463899, "lamda": 0.953754535789267}, "datetime": {"datetime": "2021-09-24 17:20:59", "elapsed": 12.814488, "delta": 0.925451}}
{"target": -43.69666355845013, "params": {"C": 42.73697144163444, "epsilon": 0.7681751863436946, "gamma": 0.01427002656299391, "lamda": 0.5034382076095693}, "datetime": {"datetime": "2021-09-24 17:21:00", "elapsed": 13.417818, "delta": 0.60333}}
{"target": -49.06764411487927, "params": {"C": 37.811370044391325, "epsilon": 0.8457776746921924, "gamma": 0.3884361387283971, "lamda": 0.5706666641420701}, "datetime": {"datetime": "2021-09-24 17:21:00", "elapsed": 13.936642, "delta": 0.518824}}
{"target": -51.49696558448198, "params": {"C": 16.300879318046764, "epsilon": 0.14289754133782617, "gamma": 0.33819593413536, "lamda": 0.8058658034910084}, "datetime": {"datetime": "2021-09-24 17:21:01", "elapsed": 14.483638, "delta": 0.546996}}
{"target": -43.806634048813656, "params": {"C": 42.617932258078845, "epsilon": 0.7138290937026234, "gamma": 0.0518940630570516, "lamda": 0.02299552812244709}, "datetime": {"datetime": "2021-09-24 17:21:02", "elapsed": 15.364469, "delta": 0.880831}}
{"target": -43.93345512194617, "params": {"C": 42.61924227745393, "epsilon": 0.7376445711938051, "gamma": 0.03366642075258708, "lamda": 0.07789997339385818}, "datetime": {"datetime": "2021-09-24 17:21:03", "elapsed": 16.127823, "delta": 0.763354}}
{"target": -44.946259641821506, "params": {"C": 11.162511983936648, "epsilon": 0.8251464227232818, "gamma": 0.1094178888856236, "lamda": 0.9198927425203632}, "datetime": {"datetime": "2021-09-24 17:21:03", "elapsed": 16.644539, "delta": 0.516716}}
{"target": -43.77558654141808, "params": {"C": 42.546407041372866, "epsilon": 0.487371024780285, "gamma": 0.03538559018337811, "lamda": 0.8723629503642897}, "datetime": {"datetime": "2021-09-24 17:21:04", "elapsed": 17.716798, "delta": 1.072259}}
{"target": -49.53682421942325, "params": {"C": 42.60057430430371, "epsilon": 1.0, "gamma": 0.40287241177822336, "lamda": 1.0}, "datetime": {"datetime": "2021-09-24 17:21:05", "elapsed": 18.376972, "delta": 0.660174}}
{"target": -49.78558145137572, "params": {"C": 42.24039018582248, "epsilon": 0.2769577232603622, "gamma": 0.001, "lamda": 0.3306918865305225}, "datetime": {"datetime": "2021-09-24 17:21:06", "elapsed": 19.372205, "delta": 0.995233}}
{"target": -43.81485982253553, "params": {"C": 42.74602442507803, "epsilon": 0.8256100982183712, "gamma": 0.019671472725199184, "lamda": 0.5508410279870106}, "datetime": {"datetime": "2021-09-24 17:21:06", "elapsed": 19.852796, "delta": 0.480591}}
{"target": -55.263757526756514, "params": {"C": 11.052059645298613, "epsilon": 0.10083072496130752, "gamma": 0.0013949243171050463, "lamda": 0.9999997576208147}, "datetime": {"datetime": "2021-09-24 17:21:07", "elapsed": 20.527801, "delta": 0.675005}}
{"target": -52.910029255547336, "params": {"C": 11.751171681940582, "epsilon": 0.9966649667098307, "gamma": 0.33678117279415576, "lamda": 0.8833585674926615}, "datetime": {"datetime": "2021-09-24 17:21:08", "elapsed": 21.34849, "delta": 0.820689}}
{"target": -44.009192279326825, "params": {"C": 14.18568410028087, "epsilon": 0.03401860702312612, "gamma": 0.07091282924861604, "lamda": 0.7762219935038618}, "datetime": {"datetime": "2021-09-24 17:21:09", "elapsed": 21.956717, "delta": 0.608227}}
{"target": -55.63766936924372, "params": {"C": 14.00770311912265, "epsilon": 0.001, "gamma": 0.001, "lamda": 0.208075037501223}, "datetime": {"datetime": "2021-09-24 17:21:10", "elapsed": 22.964313, "delta": 1.007596}}
{"target": -48.230418829270576, "params": {"C": 14.556845688010531, "epsilon": 0.11106047570791884, "gamma": 0.2332285844304659, "lamda": 1.0}, "datetime": {"datetime": "2021-09-24 17:21:10", "elapsed": 23.602206, "delta": 0.637893}}
{"target": -49.628376584607075, "params": {"C": 43.010104497802544, "epsilon": 0.8767498329483867, "gamma": 0.001, "lamda": 0.001}, "datetime": {"datetime": "2021-09-24 17:21:11", "elapsed": 24.413475, "delta": 0.811269}}
{"target": -50.078791862095535, "params": {"C": 42.93975943519789, "epsilon": 0.549779795652643, "gamma": 0.001, "lamda": 0.9123428605393648}, "datetime": {"datetime": "2021-09-24 17:21:12", "elapsed": 25.236894, "delta": 0.823419}}
{"target": -45.5732657718769, "params": {"C": 42.23770405681136, "epsilon": 0.8584915321587706, "gamma": 0.12818079685605824, "lamda": 0.5392375173145999}, "datetime": {"datetime": "2021-09-24 17:21:13", "elapsed": 26.358276, "delta": 1.121382}}
{"target": -48.14057129072215, "params": {"C": 42.62667899283556, "epsilon": 0.8909591326763803, "gamma": 0.36984196328059743, "lamda": 0.29215010819106735}, "datetime": {"datetime": "2021-09-24 17:21:14", "elapsed": 27.533441, "delta": 1.175165}}
{"target": -45.14487578348675, "params": {"C": 27.994671076278664, "epsilon": 0.6619394823653657, "gamma": 0.1322068658290576, "lamda": 0.4990040029712015}, "datetime": {"datetime": "2021-09-24 17:21:15", "elapsed": 28.044592, "delta": 0.511151}}
{"target": -55.69942011840734, "params": {"C": 13.932647637954787, "epsilon": 0.1558747811050109, "gamma": 0.001, "lamda": 1.0}, "datetime": {"datetime": "2021-09-24 17:21:15", "elapsed": 28.800205, "delta": 0.755613}}
{"target": -45.494120354672354, "params": {"C": 42.21723739426918, "epsilon": 0.4880655871852543, "gamma": 0.1220350957193559, "lamda": 0.912930775249556}, "datetime": {"datetime": "2021-09-24 17:21:16", "elapsed": 29.47398, "delta": 0.673775}}
{"target": -46.125387682654114, "params": {"C": 42.509846579526716, "epsilon": 0.6023158619981449, "gamma": 0.16880108530245527, "lamda": 0.6290701404706743}, "datetime": {"datetime": "2021-09-24 17:21:17", "elapsed": 30.240872, "delta": 0.766892}}
{"target": -47.70651427935657, "params": {"C": 44.70631539376715, "epsilon": 0.8039637088533428, "gamma": 0.3260835170187886, "lamda": 0.5722037143557599}, "datetime": {"datetime": "2021-09-24 17:21:18", "elapsed": 31.010804, "delta": 0.769932}}
{"target": -44.84009273442172, "params": {"C": 43.35659440923103, "epsilon": 0.1185689813440388, "gamma": 0.10043230891854144, "lamda": 0.6614161655350772}, "datetime": {"datetime": "2021-09-24 17:21:18", "elapsed": 31.754625, "delta": 0.743821}}
{"target": -43.8897232392038, "params": {"C": 44.365382956723806, "epsilon": 0.9328484317815084, "gamma": 0.005601449695344572, "lamda": 0.009942485071629429}, "datetime": {"datetime": "2021-09-24 17:21:19", "elapsed": 32.593008, "delta": 0.838383}}
{"target": -48.23200777119323, "params": {"C": 44.38091213603009, "epsilon": 0.9622253049441386, "gamma": 0.3839377823000819, "lamda": 0.13710628288330812}, "datetime": {"datetime": "2021-09-24 17:21:20", "elapsed": 33.462566, "delta": 0.869558}}
{"target": -43.83429512263236, "params": {"C": 42.303963270997535, "epsilon": 0.987932580201471, "gamma": 0.019293555863898693, "lamda": 0.11250469437616223}, "datetime": {"datetime": "2021-09-24 17:21:21", "elapsed": 34.235953, "delta": 0.773387}}
{"target": -47.5417425263312, "params": {"C": 41.95659672421369, "epsilon": 0.9817847021468286, "gamma": 0.32412846658136063, "lamda": 0.04190241869906757}, "datetime": {"datetime": "2021-09-24 17:21:22", "elapsed": 35.108928, "delta": 0.872975}}
{"target": -44.0306350475024, "params": {"C": 42.47190745298835, "epsilon": 0.14678196963620252, "gamma": 0.06162339537292643, "lamda": 0.9913321681152807}, "datetime": {"datetime": "2021-09-24 17:21:22", "elapsed": 35.851923, "delta": 0.742995}}
{"target": -44.41878967604021, "params": {"C": 10.792566166086985, "epsilon": 1.0, "gamma": 0.08131074157533283, "lamda": 0.8141558994221616}, "datetime": {"datetime": "2021-09-24 17:21:23", "elapsed": 36.535925, "delta": 0.684002}}
{"target": -48.294956379679135, "params": {"C": 10.877438013693865, "epsilon": 0.7968272312309433, "gamma": 0.19954232909841388, "lamda": 0.5071721336675001}, "datetime": {"datetime": "2021-09-24 17:21:24", "elapsed": 37.274965, "delta": 0.73904}}
{"target": -46.15340607581159, "params": {"C": 42.71346304758739, "epsilon": 0.01605816349726441, "gamma": 0.19830841510174282, "lamda": 0.7700266653232563}, "datetime": {"datetime": "2021-09-24 17:21:25", "elapsed": 38.101926, "delta": 0.826961}}
{"target": -50.051390719398185, "params": {"C": 10.395683985046805, "epsilon": 0.985630135044417, "gamma": 0.23881713975779326, "lamda": 0.9328330214741621}, "datetime": {"datetime": "2021-09-24 17:21:25", "elapsed": 38.789929, "delta": 0.688003}}
{"target": -47.33916504705698, "params": {"C": 36.37078010144564, "epsilon": 0.7024527455200192, "gamma": 0.2921268738588974, "lamda": 0.35108209508898225}, "datetime": {"datetime": "2021-09-24 17:21:26", "elapsed": 39.283924, "delta": 0.493995}}
{"target": -44.279724618762096, "params": {"C": 14.251606428968946, "epsilon": 0.3148963291159063, "gamma": 0.09537417518803508, "lamda": 0.32529212906745886}, "datetime": {"datetime": "2021-09-24 17:21:26", "elapsed": 39.943959, "delta": 0.660035}}
{"target": -44.10830623799219, "params": {"C": 14.431982362524549, "epsilon": 0.19489571556513513, "gamma": 0.08395245411818593, "lamda": 0.5826837220296079}, "datetime": {"datetime": "2021-09-24 17:21:27", "elapsed": 40.951308, "delta": 1.007349}}
{"target": -44.02099361150844, "params": {"C": 14.405756266182289, "epsilon": 0.6065963704382575, "gamma": 0.0786005697422271, "lamda": 0.33598864156465114}, "datetime": {"datetime": "2021-09-24 17:21:28", "elapsed": 41.906819, "delta": 0.955511}}
{"target": -43.86478938584033, "params": {"C": 39.46320276007066, "epsilon": 0.18286997665801896, "gamma": 0.027936490267677427, "lamda": 0.056288024943030895}, "datetime": {"datetime": "2021-09-24 17:21:29", "elapsed": 42.56654, "delta": 0.659721}}
{"target": -53.351104936594425, "params": {"C": 14.30851703998176, "epsilon": 0.6206793215862109, "gamma": 0.3865636717961156, "lamda": 0.5943612127593075}, "datetime": {"datetime": "2021-09-24 17:21:30", "elapsed": 43.465929, "delta": 0.899389}}
{"target": -55.45548416602541, "params": {"C": 14.584449457735136, "epsilon": 0.3673900717059261, "gamma": 0.001, "lamda": 0.223035022484869}, "datetime": {"datetime": "2021-09-24 17:21:31", "elapsed": 44.170698, "delta": 0.704769}}
{"target": -45.285171729340405, "params": {"C": 14.309835067590404, "epsilon": 0.832940639196061, "gamma": 0.009717687386687029, "lamda": 0.24800177363311232}, "datetime": {"datetime": "2021-09-24 17:21:32", "elapsed": 45.019594, "delta": 0.848896}}
{"target": -50.12469149965372, "params": {"C": 42.845600571813726, "epsilon": 0.05005278036889727, "gamma": 0.4688156080806142, "lamda": 0.8710563142330484}, "datetime": {"datetime": "2021-09-24 17:21:32", "elapsed": 45.649259, "delta": 0.629665}}
{"target": -48.09773801519655, "params": {"C": 6.844534173844215, "epsilon": 0.44140250959461835, "gamma": 0.01039999932410677, "lamda": 0.6877167339690847}, "datetime": {"datetime": "2021-09-24 17:21:33", "elapsed": 46.408696, "delta": 0.759437}}
{"target": -46.686388918171865, "params": {"C": 14.18711790244583, "epsilon": 0.5928783286634753, "gamma": 0.0064066961504035715, "lamda": 0.2799432018137549}, "datetime": {"datetime": "2021-09-24 17:21:34", "elapsed": 47.360152, "delta": 0.951456}}
{"target": -43.91827664341783, "params": {"C": 42.71988064160915, "epsilon": 0.5443547777263432, "gamma": 0.032852237719427566, "lamda": 0.14331582464925846}, "datetime": {"datetime": "2021-09-24 17:21:35", "elapsed": 48.396287, "delta": 1.036135}}
{"target": -49.26061514702168, "params": {"C": 19.633694431257144, "epsilon": 0.7351853607092531, "gamma": 0.3054260127090459, "lamda": 0.3061952486869013}, "datetime": {"datetime": "2021-09-24 17:21:36", "elapsed": 49.026347, "delta": 0.63006}}
{"target": -48.870482283177765, "params": {"C": 14.226403850360011, "epsilon": 0.09397488975582106, "gamma": 0.24806623435256983, "lamda": 0.5911250789584288}, "datetime": {"datetime": "2021-09-24 17:21:37", "elapsed": 50.029735, "delta": 1.003388}}
{"target": -44.061468622024066, "params": {"C": 33.644547504071646, "epsilon": 0.8268056970838964, "gamma": 0.07496168231554838, "lamda": 0.10898451047761454}, "datetime": {"datetime": "2021-09-24 17:21:37", "elapsed": 50.716739, "delta": 0.687004}}
{"target": -44.58610622847053, "params": {"C": 14.61406692829075, "epsilon": 0.8499794463042285, "gamma": 0.10813514599859274, "lamda": 0.6534661846813481}, "datetime": {"datetime": "2021-09-24 17:21:38", "elapsed": 51.41108, "delta": 0.694341}}
{"target": -49.312445728921226, "params": {"C": 6.974782807350704, "epsilon": 0.6410221040483314, "gamma": 0.1736756377680833, "lamda": 0.4950293481005638}, "datetime": {"datetime": "2021-09-24 17:21:39", "elapsed": 51.980833, "delta": 0.569753}}
{"target": -46.78014545782045, "params": {"C": 42.52223998716135, "epsilon": 0.3245794612765285, "gamma": 0.22769975622136246, "lamda": 0.874964329672648}, "datetime": {"datetime": "2021-09-24 17:21:39", "elapsed": 52.732448, "delta": 0.751615}}
{"target": -43.933153199965474, "params": {"C": 42.365658299656104, "epsilon": 0.7154890904777519, "gamma": 0.054409988018677184, "lamda": 0.1630901019134466}, "datetime": {"datetime": "2021-09-24 17:21:40", "elapsed": 53.59775, "delta": 0.865302}}
{"target": -55.478075879758734, "params": {"C": 14.568133807080738, "epsilon": 0.8747258157693552, "gamma": 0.001, "lamda": 0.4024920931612889}, "datetime": {"datetime": "2021-09-24 17:21:41", "elapsed": 54.545626, "delta": 0.947876}}
{"target": -45.40544422881244, "params": {"C": 41.88478235063588, "epsilon": 0.2798234260008564, "gamma": 0.13695093345726453, "lamda": 0.18371313656940183}, "datetime": {"datetime": "2021-09-24 17:21:42", "elapsed": 55.145842, "delta": 0.600216}}
{"target": -44.54058090302409, "params": {"C": 43.38349589586009, "epsilon": 0.1460549322376895, "gamma": 0.0874786942930821, "lamda": 0.6676259348502466}, "datetime": {"datetime": "2021-09-24 17:21:42", "elapsed": 55.868705, "delta": 0.722863}}
{"target": -46.12349597178107, "params": {"C": 42.5392300926196, "epsilon": 0.5802989752239001, "gamma": 0.1852389359318343, "lamda": 0.1312489337766525}, "datetime": {"datetime": "2021-09-24 17:21:43", "elapsed": 56.887322, "delta": 1.018617}}
{"target": -49.593170908424675, "params": {"C": 44.5099161423316, "epsilon": 0.8891116215569345, "gamma": 0.001, "lamda": 0.20855180216102853}, "datetime": {"datetime": "2021-09-24 17:21:44", "elapsed": 57.718202, "delta": 0.83088}}
{"target": -51.94060214414514, "params": {"C": 6.505496632241351, "epsilon": 0.07109710954571101, "gamma": 0.2265208452735936, "lamda": 0.2826401757348667}, "datetime": {"datetime": "2021-09-24 17:21:45", "elapsed": 58.367457, "delta": 0.649255}}
{"target": -49.743057207306514, "params": {"C": 42.42033461745002, "epsilon": 0.8381384267653839, "gamma": 0.001, "lamda": 0.001}, "datetime": {"datetime": "2021-09-24 17:21:46", "elapsed": 59.426611, "delta": 1.059154}}
{"target": -45.71196369318208, "params": {"C": 37.00986838765535, "epsilon": 0.7473815692406643, "gamma": 0.17453070600374415, "lamda": 0.04147039497849873}, "datetime": {"datetime": "2021-09-24 17:21:47", "elapsed": 60.139037, "delta": 0.712426}}
{"target": -44.03792495769231, "params": {"C": 42.30792025707758, "epsilon": 0.882650948605637, "gamma": 0.05626258454795896, "lamda": 0.28510520895446173}, "datetime": {"datetime": "2021-09-24 17:21:48", "elapsed": 61.0978, "delta": 0.958763}}
{"target": -44.039601207980276, "params": {"C": 42.58714471257093, "epsilon": 0.9316539125192183, "gamma": 0.05426845805698631, "lamda": 0.33628831439116375}, "datetime": {"datetime": "2021-09-24 17:21:49", "elapsed": 62.078056, "delta": 0.980256}}
{"target": -44.34454923134072, "params": {"C": 14.460670011963959, "epsilon": 0.2433472439544719, "gamma": 0.09897201357958396, "lamda": 0.554188666646923}, "datetime": {"datetime": "2021-09-24 17:21:49", "elapsed": 62.951582, "delta": 0.873526}}
{"target": -45.30992989566079, "params": {"C": 25.182952875252898, "epsilon": 0.2102910559849512, "gamma": 0.15379274232745108, "lamda": 0.6003470678272885}, "datetime": {"datetime": "2021-09-24 17:21:50", "elapsed": 63.712727, "delta": 0.761145}}
{"target": -52.96490697070316, "params": {"C": 6.089176258499617, "epsilon": 0.05274859045886495, "gamma": 0.24728621747864152, "lamda": 0.20812702808327174}, "datetime": {"datetime": "2021-09-24 17:21:51", "elapsed": 64.59208, "delta": 0.879353}}
{"target": -43.721998947553935, "params": {"C": 42.39625907025555, "epsilon": 0.3323563639557501, "gamma": 0.015277288041942751, "lamda": 0.9459229248860772}, "datetime": {"datetime": "2021-09-24 17:21:52", "elapsed": 65.814867, "delta": 1.222787}}
{"target": -44.06408195769552, "params": {"C": 42.54981316546272, "epsilon": 0.7347282704032569, "gamma": 0.056525789914251647, "lamda": 0.3649291521573173}, "datetime": {"datetime": "2021-09-24 17:21:53", "elapsed": 66.727907, "delta": 0.91304}}
