{"target": -20.87762012857238, "params": {"C": 83.46269874004454, "epsilon": 0.07203244934421581, "gamma": 0.05056615534585719}, "datetime": {"datetime": "2023-07-30 16:59:15", "elapsed": 0.0, "delta": 0.0}}
{"target": -21.728009886779233, "params": {"C": 60.53628126910478, "epsilon": 0.014675589081711305, "gamma": 0.5070760441055492}, "datetime": {"datetime": "2023-07-30 17:01:45", "elapsed": 149.949914, "delta": 149.949914}}
{"target": -26.523468757580105, "params": {"C": 37.33341625439642, "epsilon": 0.034556072704304774, "gamma": 2.013998997441816}, "datetime": {"datetime": "2023-07-30 17:06:30", "elapsed": 434.804824, "delta": 284.85491}}
{"target": -31.72658324359373, "params": {"C": 107.80946512727105, "epsilon": 0.041919451440329485, "gamma": 3.4418365269639595}, "datetime": {"datetime": "2023-07-30 17:11:49", "elapsed": 753.609137, "delta": 318.804313}}
{"target": -19.847441697998917, "params": {"C": 40.97000472133034, "epsilon": 0.08781174363909455, "gamma": 0.1855685863297345}, "datetime": {"datetime": "2023-07-30 17:12:23", "elapsed": 787.616655, "delta": 34.007518}}
{"target": -31.924776900229062, "params": {"C": 134.1264552846626, "epsilon": 0.0417304802367127, "gamma": 2.815514650806471}, "datetime": {"datetime": "2023-07-30 17:20:26", "elapsed": 1270.489816, "delta": 482.873161}}
{"target": -20.169382700922323, "params": {"C": 40.74995601562952, "epsilon": 0.07305472930745699, "gamma": 0.3123902433885532}, "datetime": {"datetime": "2023-07-30 17:21:18", "elapsed": 1322.541755, "delta": 52.051939}}
{"target": -25.852359186905588, "params": {"C": 48.827002053116736, "epsilon": 0.0, "gamma": 1.4725700994780675}, "datetime": {"datetime": "2023-07-30 17:29:35", "elapsed": 1819.821457, "delta": 497.279702}}
{"target": -20.013713275141196, "params": {"C": 77.09719150434601, "epsilon": 0.05617553275910749, "gamma": 0.17293889810704446}, "datetime": {"datetime": "2023-07-30 17:30:34", "elapsed": 1878.207924, "delta": 58.386467}}
{"target": -20.420117594948792, "params": {"C": 69.54978115181919, "epsilon": 0.03717919660729007, "gamma": 0.29989878525967667}, "datetime": {"datetime": "2023-07-30 17:32:05", "elapsed": 1969.23627, "delta": 91.028346}}
{"target": -32.07492709374872, "params": {"C": 73.77603673358435, "epsilon": 0.1, "gamma": 5.0}, "datetime": {"datetime": "2023-07-30 17:34:14", "elapsed": 2098.3356, "delta": 129.09933}}
{"target": -19.99952275239501, "params": {"C": 65.50073426245855, "epsilon": 0.09733250210550848, "gamma": 0.18706407889340493}, "datetime": {"datetime": "2023-07-30 17:35:01", "elapsed": 2145.112348, "delta": 46.776748}}
{"target": -31.94236548321323, "params": {"C": 63.67008926402981, "epsilon": 0.1, "gamma": 5.0}, "datetime": {"datetime": "2023-07-30 17:37:06", "elapsed": 2270.500489, "delta": 125.388141}}
{"target": -29.670629916436912, "params": {"C": 80.33675003533277, "epsilon": 0.0, "gamma": 2.0862947287915676}, "datetime": {"datetime": "2023-07-30 17:47:20", "elapsed": 2884.628751, "delta": 614.128262}}
{"target": -26.2564100159304, "params": {"C": 67.48751103511911, "epsilon": 0.0, "gamma": 1.3311371807395893}, "datetime": {"datetime": "2023-07-30 17:58:12", "elapsed": 3536.433621, "delta": 651.80487}}
{"target": -20.358267231140008, "params": {"C": 63.58953968403788, "epsilon": 0.03370924973791406, "gamma": 0.2992273285039052}, "datetime": {"datetime": "2023-07-30 17:59:34", "elapsed": 3618.72177, "delta": 82.288149}}
{"target": -26.299010358985008, "params": {"C": 42.590104025213876, "epsilon": 0.0, "gamma": 1.697398170148396}, "datetime": {"datetime": "2023-07-30 18:06:40", "elapsed": 4044.195887, "delta": 425.474117}}
{"target": -20.026626660054323, "params": {"C": 71.75326707742781, "epsilon": 0.09141302126945587, "gamma": 0.16911620645684589}, "datetime": {"datetime": "2023-07-30 18:07:26", "elapsed": 4090.949306, "delta": 46.753419}}
{"target": -20.828370784122203, "params": {"C": 74.728618678547, "epsilon": 0.029582231789710055, "gamma": 0.05}, "datetime": {"datetime": "2023-07-30 18:07:56", "elapsed": 4120.060445, "delta": 29.111139}}
{"target": -20.940737829469946, "params": {"C": 86.24088603420095, "epsilon": 0.1, "gamma": 0.05}, "datetime": {"datetime": "2023-07-30 18:08:22", "elapsed": 4146.712324, "delta": 26.651879}}
{"target": -30.568133003410836, "params": {"C": 85.77304978931076, "epsilon": 0.055050703576982045, "gamma": 2.8766069636812817}, "datetime": {"datetime": "2023-07-30 18:14:01", "elapsed": 4485.29313, "delta": 338.580806}}
{"target": -20.938417806557993, "params": {"C": 89.30007373965303, "epsilon": 0.1, "gamma": 0.05}, "datetime": {"datetime": "2023-07-30 18:14:28", "elapsed": 4512.250752, "delta": 26.957622}}
{"target": -20.94574723612255, "params": {"C": 92.28014632698678, "epsilon": 0.1, "gamma": 0.05}, "datetime": {"datetime": "2023-07-30 18:14:55", "elapsed": 4539.688449, "delta": 27.437697}}
