{"target": -20.87762012857238, "params": {"C": 83.46269874004454, "epsilon": 0.07203244934421581, "gamma": 0.05056615534585719}}
{"target": -21.728009886779233, "params": {"C": 60.53628126910478, "epsilon": 0.014675589081711305, "gamma": 0.5070760441055492}}
{"target": -26.523468757580105, "params": {"C": 37.33341625439642, "epsilon": 0.034556072704304774, "gamma": 2.013998997441816}}
{"target": -31.72658324359373, "params": {"C": 107.80946512727105, "epsilon": 0.041919451440329485, "gamma": 3.4418365269639595}}
{"target": -19.847441697998917, "params": {"C": 40.97000472133034, "epsilon": 0.08781174363909455, "gamma": 0.1855685863297345}}
{"target": -31.924776900229062, "params": {"C": 134.1264552846626, "epsilon": 0.0417304802367127, "gamma": 2.815514650806471}}
{"target": -20.169382700922323, "params": {"C": 40.74995601562952, "epsilon": 0.07305472930745699, "gamma": 0.3123902433885532}}
{"target": -25.852359186905588, "params": {"C": 48.827002053116736, "epsilon": 0.0, "gamma": 1.4725700994780675}}
{"target": -20.013713275141196, "params": {"C": 77.09719150434601, "epsilon": 0.05617553275910749, "gamma": 0.17293889810704446}}
{"target": -20.420117594948792, "params": {"C": 69.54978115181919, "epsilon": 0.03717919660729007, "gamma": 0.29989878525967667}}
{"target": -32.07492709374872, "params": {"C": 73.77603673358435, "epsilon": 0.1, "gamma": 5.0}}
{"target": -19.99952275239501, "params": {"C": 65.50073426245855, "epsilon": 0.09733250210550848, "gamma": 0.18706407889340493}}
{"target": -31.94236548321323, "params": {"C": 63.67008926402981, "epsilon": 0.1, "gamma": 5.0}}
{"target": -29.670629916436912, "params": {"C": 80.33675003533277, "epsilon": 0.0, "gamma": 2.0862947287915676}}
{"target": -26.2564100159304, "params": {"C": 67.48751103511911, "epsilon": 0.0, "gamma": 1.3311371807395893}}
{"target": -20.358267231140008, "params": {"C": 63.58953968403788, "epsilon": 0.03370924973791406, "gamma": 0.2992273285039052}}
{"target": -26.299010358985008, "params": {"C": 42.590104025213876, "epsilon": 0.0, "gamma": 1.697398170148396}}
{"target": -20.026626660054323, "params": {"C": 71.75326707742781, "epsilon": 0.09141302126945587, "gamma": 0.16911620645684589}}
{"target": -20.828370784122203, "params": {"C": 74.728618678547, "epsilon": 0.029582231789710055, "gamma": 0.05}}
{"target": -20.940737829469946, "params": {"C": 86.24088603420095, "epsilon": 0.1, "gamma": 0.05}}
{"target": -30.568133003410836, "params": {"C": 85.77304978931076, "epsilon": 0.055050703576982045, "gamma": 2.8766069636812817}}
{"target": -20.938417806557993, "params": {"C": 89.30007373965303, "epsilon": 0.1, "gamma": 0.05}}
{"target": -20.94574723612255, "params": {"C": 92.28014632698678, "epsilon": 0.1, "gamma": 0.05}}
{"target": -28.61432016997931, "params": {"C": 83.46269874004454, "epsilon": 0.7231212485077365, "gamma": 0.010113231069171438}}
{"target": -20.349572721217786, "params": {"C": 60.53628126910478, "epsilon": 0.15528833190894192, "gamma": 0.10141520882110981}}
{"target": -22.49882676463767, "params": {"C": 37.33341625439642, "epsilon": 0.35210511977261727, "gamma": 0.40279979948836325}}
{"target": -25.674136322413066, "params": {"C": 107.80946512727105, "epsilon": 0.4250025692592619, "gamma": 0.6883673053927919}}
{"target": -30.946510994114284, "params": {"C": 40.97000472133034, "epsilon": 0.879336262027036, "gamma": 0.0371137172659469}}
{"target": -25.272334357341258, "params": {"C": 134.1264552846626, "epsilon": 0.4231317543434557, "gamma": 0.5631029301612941}}
{"target": -20.037865365868413, "params": {"C": 64.97908902448317, "epsilon": 0.08020084959279428, "gamma": 0.21742688617185296}}
{"target": -26.414150726808288, "params": {"C": 65.18431870248334, "epsilon": 0.7028981503892645, "gamma": 0.0805838801684492}}
{"target": -22.881158165064594, "params": {"C": 65.27274450044689, "epsilon": 0.01, "gamma": 0.669098313169289}}
{"target": -23.446932372990364, "params": {"C": 45.58022211413343, "epsilon": 0.16403409741433528, "gamma": 0.9478304165663957}}
{"target": -27.18211011677977, "params": {"C": 145.27858477105593, "epsilon": 0.731325893712185, "gamma": 0.20274115126645248}}
{"target": -21.55413204316315, "params": {"C": 64.27606292421089, "epsilon": 0.15636689545223298, "gamma": 0.042382291263872524}}
{"target": -28.837331733129357, "params": {"C": 191.09357055068494, "epsilon": 0.6674307016836272, "gamma": 0.4760134335298905}}
{"target": -32.42687548375031, "params": {"C": 97.79767130268316, "epsilon": 0.8427668869949512, "gamma": 0.9792777539809313}}
{"target": -23.325068938676534, "params": {"C": 64.11534915290315, "epsilon": 0.01, "gamma": 0.750107562541279}}
{"target": -20.010921468959324, "params": {"C": 71.0735588326216, "epsilon": 0.07467377559963785, "gamma": 0.2094770993483373}}
{"target": -21.77837540777522, "params": {"C": 70.3383736771567, "epsilon": 0.11350156654726094, "gamma": 0.4771116750808829}}
{"target": -27.477387265184717, "params": {"C": 71.43109862868863, "epsilon": 0.8088535327362224, "gamma": 0.1153082726372358}}
{"target": -27.53888695591793, "params": {"C": 54.87269349005916, "epsilon": 0.7667049197874473, "gamma": 0.07620184020371187}}
{"target": -23.126877229512978, "params": {"C": 71.35382476964634, "epsilon": 0.020215700628181045, "gamma": 0.6897882080377852}}
{"target": -20.177018094387662, "params": {"C": 119.68058347711215, "epsilon": 0.12157503673640543, "gamma": 0.1256097345875835}}
{"target": -27.35192868359381, "params": {"C": 122.76356967750492, "epsilon": 0.561817976684748, "gamma": 0.657070851098762}}
{"target": -21.518022902974664, "params": {"C": 3.460851739349549, "epsilon": 0.2657732686277081, "gamma": 0.8025788586373197}}
