{"target": 0.46759881048787977, "params": {"C": 246.46051259368542, "epsilon": 0.7569253832997493, "gamma": 0.01102263468285318, "lamda": 1.0773517684586889}, "datetime": {"datetime": "2021-09-23 18:56:36", "elapsed": 421.743115, "delta": 1.527044}}
{"target": 0.46500380005066644, "params": {"C": 229.66243878333415, "epsilon": 0.78342459667813, "gamma": 0.015729186386894738, "lamda": 1.02667839107583}, "datetime": {"datetime": "2021-09-23 18:56:38", "elapsed": 423.649459, "delta": 1.906344}}
{"target": 0.4681738467075698, "params": {"C": 217.35248185004684, "epsilon": 0.744567370373321, "gamma": 0.007101722864691624, "lamda": 0.6684782844057645}, "datetime": {"datetime": "2021-09-23 18:56:40", "elapsed": 425.918783, "delta": 2.269324}}
{"target": 0.4677314396327531, "params": {"C": 212.2692968436916, "epsilon": 0.9105657938583923, "gamma": 0.012275605112179509, "lamda": 0.7262263909329818}, "datetime": {"datetime": "2021-09-23 18:56:42", "elapsed": 427.562341, "delta": 1.643558}}
{"target": 0.4570735772014124, "params": {"C": 205.5588626775801, "epsilon": 0.9436979311985144, "gamma": 0.023790684891131755, "lamda": 1.0393661054788774}, "datetime": {"datetime": "2021-09-23 18:56:44", "elapsed": 429.103219, "delta": 1.540878}}
{"target": 0.46074094218004624, "params": {"C": 212.99180337931375, "epsilon": 0.7691547598390469, "gamma": 0.019730347623951604, "lamda": 0.9128355128816303}, "datetime": {"datetime": "2021-09-23 18:56:46", "elapsed": 431.399617, "delta": 2.296398}}
{"target": 0.4681457632831022, "params": {"C": 241.327677950938, "epsilon": 0.9376734483297096, "gamma": 0.011811225827978125, "lamda": 0.6021453214384914}, "datetime": {"datetime": "2021-09-23 18:56:48", "elapsed": 433.099957, "delta": 1.70034}}
{"target": 0.46627598124698033, "params": {"C": 244.9291384539767, "epsilon": 0.8793687360763855, "gamma": 0.005746156602941258, "lamda": 0.6498001496714546}, "datetime": {"datetime": "2021-09-23 18:56:50", "elapsed": 435.165547, "delta": 2.06559}}
{"target": 0.4679476690509262, "params": {"C": 213.87789493796078, "epsilon": 0.8659935869278117, "gamma": 0.008911303910583732, "lamda": 0.8518102508707104}, "datetime": {"datetime": "2021-09-23 18:56:51", "elapsed": 436.792326, "delta": 1.626779}}
{"target": 0.449750523516141, "params": {"C": 217.66800723203835, "epsilon": 0.7550101048268005, "gamma": 0.02713674458130049, "lamda": 0.8085142150403735}, "datetime": {"datetime": "2021-09-23 18:56:53", "elapsed": 438.861215, "delta": 2.068889}}
{"target": 0.46345974819617286, "params": {"C": 235.09385956355513, "epsilon": 0.7859752191561701, "gamma": 0.017301318913430987, "lamda": 0.910976317213283}, "datetime": {"datetime": "2021-09-23 18:56:55", "elapsed": 440.547376, "delta": 1.686161}}
{"target": 0.46089110396489386, "params": {"C": 204.5377565495689, "epsilon": 0.7666965919501065, "gamma": 0.019331991705405685, "lamda": 0.8495548969245266}, "datetime": {"datetime": "2021-09-23 18:56:58", "elapsed": 443.041597, "delta": 2.494221}}
{"target": 0.45198970520447024, "params": {"C": 206.3158047341259, "epsilon": 0.9735738910684368, "gamma": 0.0273455645527826, "lamda": 0.8205590294943994}, "datetime": {"datetime": "2021-09-23 18:56:59", "elapsed": 444.667058, "delta": 1.625461}}
{"target": 0.44734434600247663, "params": {"C": 232.52528308827988, "epsilon": 0.8294203680457939, "gamma": 0.029432939491977134, "lamda": 0.7980504098697344}, "datetime": {"datetime": "2021-09-23 18:57:01", "elapsed": 446.957755, "delta": 2.290697}}
{"target": 0.46197804098195305, "params": {"C": 240.4927271722867, "epsilon": 0.8322380371443988, "gamma": 0.01896325864888527, "lamda": 1.0815090955877154}, "datetime": {"datetime": "2021-09-23 18:57:03", "elapsed": 448.571417, "delta": 1.613662}}
{"target": 0.46756352315143823, "params": {"C": 205.02445004438917, "epsilon": 0.9952965562891092, "gamma": 0.009539602575065432, "lamda": 0.8110546654127893}, "datetime": {"datetime": "2021-09-23 18:57:05", "elapsed": 450.284775, "delta": 1.713358}}
{"target": 0.45554243189704724, "params": {"C": 237.25864935069438, "epsilon": 0.9566598768010572, "gamma": 0.024626049228351765, "lamda": 0.8598945576061758}, "datetime": {"datetime": "2021-09-23 18:57:06", "elapsed": 451.806814, "delta": 1.522039}}
{"target": 0.4323748158594727, "params": {"C": 220.95449732304618, "epsilon": 0.7674411985692753, "gamma": 0.02901846769452664, "lamda": 0.4521231390827373}, "datetime": {"datetime": "2021-09-23 18:57:08", "elapsed": 453.632175, "delta": 1.825361}}
{"target": 0.46494029336854537, "params": {"C": 220.2851473428127, "epsilon": 0.7775787568713524, "gamma": 0.0059199205562660406, "lamda": 0.9152264522525675}, "datetime": {"datetime": "2021-09-23 18:57:10", "elapsed": 455.256114, "delta": 1.623939}}
{"target": 0.4465475569592673, "params": {"C": 227.32856579334793, "epsilon": 0.7019842328755181, "gamma": 0.028707931907962215, "lamda": 0.8166509564737332}, "datetime": {"datetime": "2021-09-23 18:57:11", "elapsed": 456.948177, "delta": 1.692063}}
{"target": 0.46493315476364794, "params": {"C": 231.77876324620146, "epsilon": 0.7076456532760252, "gamma": 0.0053273872410067435, "lamda": 0.8619718269665578}, "datetime": {"datetime": "2021-09-23 18:57:13", "elapsed": 458.614138, "delta": 1.665961}}
{"target": 0.46505498072222873, "params": {"C": 221.5657238138035, "epsilon": 0.8504497678966665, "gamma": 0.01565179658493158, "lamda": 0.9238182666264613}, "datetime": {"datetime": "2021-09-23 18:57:15", "elapsed": 460.840177, "delta": 2.226039}}
{"target": 0.4678903317931653, "params": {"C": 244.96585297039547, "epsilon": 0.8930174820511115, "gamma": 0.012151358140201761, "lamda": 0.6000762873092085}, "datetime": {"datetime": "2021-09-23 18:57:17", "elapsed": 462.907136, "delta": 2.066959}}
{"target": 0.46460466233743325, "params": {"C": 223.74616871671935, "epsilon": 0.8502671779366169, "gamma": 0.014401413418665108, "lamda": 0.5803671881670267}, "datetime": {"datetime": "2021-09-23 18:57:20", "elapsed": 465.110345, "delta": 2.203209}}
{"target": 0.4652810664989725, "params": {"C": 234.05421388821176, "epsilon": 0.8076174280570052, "gamma": 0.006752493759255063, "lamda": 0.9983916175661613}, "datetime": {"datetime": "2021-09-23 18:57:22", "elapsed": 467.192053, "delta": 2.081708}}
{"target": 0.46891910024806804, "params": {"C": 244.947972287268, "epsilon": 0.9248622296464281, "gamma": 0.010180888132865901, "lamda": 0.6234572912470733}, "datetime": {"datetime": "2021-09-23 18:57:24", "elapsed": 469.941649, "delta": 2.749596}}
{"target": 0.4644648475305727, "params": {"C": 227.53760622182375, "epsilon": 0.8352300385039755, "gamma": 0.006355726938480584, "lamda": 0.9788707081009085}, "datetime": {"datetime": "2021-09-23 18:57:26", "elapsed": 471.619543, "delta": 1.677894}}
{"target": 0.46646283152014034, "params": {"C": 243.80016321889804, "epsilon": 0.9564593282072436, "gamma": 0.005515426487647316, "lamda": 0.524719989255259}, "datetime": {"datetime": "2021-09-23 18:57:29", "elapsed": 474.072826, "delta": 2.453283}}
{"target": 0.4629467891502622, "params": {"C": 246.77750988868038, "epsilon": 0.938404838118679, "gamma": 0.01633185912670669, "lamda": 0.5276714188490194}, "datetime": {"datetime": "2021-09-23 18:57:30", "elapsed": 475.719297, "delta": 1.646471}}
{"target": 0.4376522225301491, "params": {"C": 209.20695692209685, "epsilon": 0.8050790538902399, "gamma": 0.029844170293308922, "lamda": 0.5566798260829313}, "datetime": {"datetime": "2021-09-23 18:57:32", "elapsed": 477.527004, "delta": 1.807707}}
{"target": 0.4569573944514326, "params": {"C": 245.85814223870398, "epsilon": 0.8785695000052558, "gamma": 0.02202893791177506, "lamda": 0.6938044634672769}, "datetime": {"datetime": "2021-09-23 18:57:34", "elapsed": 479.196262, "delta": 1.669258}}
{"target": 0.4581261064243193, "params": {"C": 221.63098944596396, "epsilon": 0.7636122179395475, "gamma": 0.021168318646423868, "lamda": 0.7933587747362494}, "datetime": {"datetime": "2021-09-23 18:57:35", "elapsed": 480.85259, "delta": 1.656328}}
{"target": 0.46018699088020887, "params": {"C": 223.40374140955583, "epsilon": 0.7480843723719918, "gamma": 0.014530644256542932, "lamda": 0.5177917389290561}, "datetime": {"datetime": "2021-09-23 18:57:37", "elapsed": 482.507302, "delta": 1.654712}}
{"target": 0.45884704446462266, "params": {"C": 247.28695397127146, "epsilon": 0.9265607536867919, "gamma": 0.02206201957732087, "lamda": 1.007180048968949}, "datetime": {"datetime": "2021-09-23 18:57:39", "elapsed": 484.298299, "delta": 1.790997}}
{"target": 0.45408714546316764, "params": {"C": 209.19346089816347, "epsilon": 0.7195784797410263, "gamma": 0.025455921719474365, "lamda": 1.0438813689919215}, "datetime": {"datetime": "2021-09-23 18:57:40", "elapsed": 485.934074, "delta": 1.635775}}
{"target": 0.46623941018199155, "params": {"C": 213.8508610133189, "epsilon": 0.8744182619760148, "gamma": 0.006933511372235263, "lamda": 0.8525742577625415}, "datetime": {"datetime": "2021-09-23 18:57:43", "elapsed": 488.372067, "delta": 2.437993}}
{"target": 0.46718866189179464, "params": {"C": 213.0179525947015, "epsilon": 0.8879496515255599, "gamma": 0.006441036445015886, "lamda": 0.5281420830497406}, "datetime": {"datetime": "2021-09-23 18:57:45", "elapsed": 490.12024, "delta": 1.748173}}
{"target": 0.45302147746819277, "params": {"C": 225.0129163878352, "epsilon": 0.9890074868815666, "gamma": 0.027548248815697778, "lamda": 1.0324006941370458}, "datetime": {"datetime": "2021-09-23 18:57:46", "elapsed": 491.93124, "delta": 1.811}}
{"target": 0.4669445392688961, "params": {"C": 217.90523638957495, "epsilon": 0.713438889416901, "gamma": 0.012489308076019315, "lamda": 0.7248375558305178}, "datetime": {"datetime": "2021-09-23 18:57:48", "elapsed": 493.685376, "delta": 1.754136}}
{"target": 0.469064778065038, "params": {"C": 237.92953091157455, "epsilon": 0.8285998536059619, "gamma": 0.009794158652616826, "lamda": 0.6350707535046077}, "datetime": {"datetime": "2021-09-23 18:57:51", "elapsed": 496.784997, "delta": 3.099621}}
{"target": 0.4690769889045967, "params": {"C": 244.9252923948945, "epsilon": 0.9355234808609599, "gamma": 0.009606582835379632, "lamda": 0.6071893777580213}, "datetime": {"datetime": "2021-09-23 18:57:54", "elapsed": 499.81257, "delta": 3.027573}}
{"target": 0.458987062643896, "params": {"C": 223.66237981778255, "epsilon": 0.9840093482031416, "gamma": 0.02131744071892519, "lamda": 0.7496905255925395}, "datetime": {"datetime": "2021-09-23 18:57:56", "elapsed": 501.68404, "delta": 1.87147}}
{"target": 0.4675189150861755, "params": {"C": 244.78079894242697, "epsilon": 0.8209185894032995, "gamma": 0.00840639454087474, "lamda": 0.9264568301443039}, "datetime": {"datetime": "2021-09-23 18:57:58", "elapsed": 503.677758, "delta": 1.993718}}
{"target": 0.4682800328885507, "params": {"C": 216.2547244942067, "epsilon": 0.7927237001781579, "gamma": 0.011520174700393277, "lamda": 0.7790748860500676}, "datetime": {"datetime": "2021-09-23 18:58:01", "elapsed": 506.369327, "delta": 2.691569}}
{"target": 0.46266101623336653, "params": {"C": 213.004714093562, "epsilon": 0.7707996498403167, "gamma": 0.014044743266274026, "lamda": 0.5754817902640891}, "datetime": {"datetime": "2021-09-23 18:58:03", "elapsed": 508.114246, "delta": 1.744919}}
{"target": 0.4691348854693099, "params": {"C": 237.92201007217153, "epsilon": 0.8497471543485138, "gamma": 0.008531952093322949, "lamda": 0.6104125990794}, "datetime": {"datetime": "2021-09-23 18:58:05", "elapsed": 510.574069, "delta": 2.459823}}
{"target": 0.46254456534369703, "params": {"C": 229.99596292148152, "epsilon": 0.9349271575640831, "gamma": 0.01773508255334221, "lamda": 0.6661898070683341}, "datetime": {"datetime": "2021-09-23 18:58:08", "elapsed": 513.100776, "delta": 2.526707}}
{"target": 0.45843876265172745, "params": {"C": 244.9323907247289, "epsilon": 0.953136026386858, "gamma": 0.020571130677527805, "lamda": 0.6004197571833978}, "datetime": {"datetime": "2021-09-23 18:58:10", "elapsed": 515.404057, "delta": 2.303281}}
{"target": 0.4682829076123969, "params": {"C": 224.94528826839908, "epsilon": 0.7655634896215698, "gamma": 0.010268312829592298, "lamda": 0.9369942143206212}, "datetime": {"datetime": "2021-09-23 18:58:13", "elapsed": 518.821213, "delta": 3.417156}}
{"target": 0.46054013234096236, "params": {"C": 240.71302863285982, "epsilon": 0.9197681637592414, "gamma": 0.019537584943928626, "lamda": 0.7021055480039489}, "datetime": {"datetime": "2021-09-23 18:58:15", "elapsed": 520.647219, "delta": 1.826006}}
{"target": 0.4663519842200441, "params": {"C": 228.36891397022634, "epsilon": 0.8433823566717947, "gamma": 0.013835742258925594, "lamda": 0.6510293142739263}, "datetime": {"datetime": "2021-09-23 18:58:17", "elapsed": 522.945475, "delta": 2.298256}}
{"target": 0.46677643432721894, "params": {"C": 246.8012495318692, "epsilon": 0.7845848758014935, "gamma": 0.01348813366331007, "lamda": 0.9682776718171506}, "datetime": {"datetime": "2021-09-23 18:58:19", "elapsed": 524.839252, "delta": 1.893777}}
{"target": 0.46840762553605075, "params": {"C": 210.74143269381543, "epsilon": 0.8080913157787086, "gamma": 0.007663726083437098, "lamda": 0.7160745122090586}, "datetime": {"datetime": "2021-09-23 18:58:22", "elapsed": 527.118404, "delta": 2.279152}}
{"target": 0.46018703407318373, "params": {"C": 203.94691906098868, "epsilon": 0.9342335511826667, "gamma": 0.02073990243589088, "lamda": 1.0870594200449288}, "datetime": {"datetime": "2021-09-23 18:58:24", "elapsed": 529.20643, "delta": 2.088026}}
{"target": 0.4580335649036703, "params": {"C": 241.33031634270432, "epsilon": 0.9216558220841959, "gamma": 0.020501875065400528, "lamda": 0.5825300206722115}, "datetime": {"datetime": "2021-09-23 18:58:27", "elapsed": 532.033455, "delta": 2.827025}}
{"target": 0.46053780397161603, "params": {"C": 239.53473069090066, "epsilon": 0.8434296226627966, "gamma": 0.005, "lamda": 1.0143781723008547}, "datetime": {"datetime": "2021-09-23 18:58:30", "elapsed": 535.355828, "delta": 3.322373}}
{"target": 0.46894907646943507, "params": {"C": 248.26351003718784, "epsilon": 0.9935847474088524, "gamma": 0.007939218720822741, "lamda": 0.4636950137900778}, "datetime": {"datetime": "2021-09-23 18:58:32", "elapsed": 537.232424, "delta": 1.876596}}
{"target": 0.454534188247971, "params": {"C": 203.2680202475611, "epsilon": 0.8980869833257864, "gamma": 0.0255124022254541, "lamda": 0.9202267160051674}, "datetime": {"datetime": "2021-09-23 18:58:34", "elapsed": 539.906479, "delta": 2.674055}}
{"target": 0.46374965346303765, "params": {"C": 215.49889789821316, "epsilon": 0.8695566806261678, "gamma": 0.015966066321552563, "lamda": 0.6305013579459153}, "datetime": {"datetime": "2021-09-23 18:58:37", "elapsed": 542.657656, "delta": 2.751177}}
{"target": 0.45428216753302186, "params": {"C": 200.22728604153656, "epsilon": 0.9411344351406864, "gamma": 0.023935646739812227, "lamda": 0.6533277239830371}, "datetime": {"datetime": "2021-09-23 18:58:39", "elapsed": 544.585347, "delta": 1.927691}}
{"target": 0.4616167670427229, "params": {"C": 233.29251613429557, "epsilon": 0.9591012403480819, "gamma": 0.019293858853301055, "lamda": 0.9412274512855705}, "datetime": {"datetime": "2021-09-23 18:58:41", "elapsed": 546.497914, "delta": 1.912567}}
{"target": 0.46071134892041443, "params": {"C": 231.98104040871448, "epsilon": 0.885153301568389, "gamma": 0.019753021196877957, "lamda": 0.8022630879384886}, "datetime": {"datetime": "2021-09-23 18:58:43", "elapsed": 548.667764, "delta": 2.16985}}
{"target": 0.4666868968331309, "params": {"C": 204.584040376388, "epsilon": 0.9828801503051732, "gamma": 0.00827984140414845, "lamda": 0.8525070587178927}, "datetime": {"datetime": "2021-09-23 18:58:45", "elapsed": 550.730633, "delta": 2.062869}}
{"target": 0.466819344158639, "params": {"C": 231.78127661282923, "epsilon": 0.7132975686706179, "gamma": 0.013619059272391643, "lamda": 0.8558738231560118}, "datetime": {"datetime": "2021-09-23 18:58:47", "elapsed": 552.938943, "delta": 2.20831}}
{"target": 0.45670373616588933, "params": {"C": 234.26890850841917, "epsilon": 0.833336501111795, "gamma": 0.024041907075965787, "lamda": 1.091838481901693}, "datetime": {"datetime": "2021-09-23 18:58:50", "elapsed": 555.10926, "delta": 2.170317}}
{"target": 0.4510338923813171, "params": {"C": 202.9629354286743, "epsilon": 0.7020227162324166, "gamma": 0.020047211396100724, "lamda": 0.5552637370357519}, "datetime": {"datetime": "2021-09-23 18:58:52", "elapsed": 557.200691, "delta": 2.091431}}
{"target": 0.4685716665536638, "params": {"C": 216.2672530597012, "epsilon": 0.8143759811575922, "gamma": 0.00843370314972583, "lamda": 0.7786457018516508}, "datetime": {"datetime": "2021-09-23 18:58:55", "elapsed": 559.998552, "delta": 2.797861}}
{"target": 0.46578823400630076, "params": {"C": 243.14659201887346, "epsilon": 0.9361648435132103, "gamma": 0.007776172833478496, "lamda": 0.9411211378864928}, "datetime": {"datetime": "2021-09-23 18:58:57", "elapsed": 562.064216, "delta": 2.065664}}
{"target": 0.4561879040014625, "params": {"C": 229.65037870823713, "epsilon": 0.7829070123210408, "gamma": 0.024069618053686244, "lamda": 1.0247923941853092}, "datetime": {"datetime": "2021-09-23 18:58:58", "elapsed": 563.817694, "delta": 1.753478}}
{"target": 0.4620414666595224, "params": {"C": 221.60929762876185, "epsilon": 0.8323367430060198, "gamma": 0.0187645426832656, "lamda": 0.9268933164932609}, "datetime": {"datetime": "2021-09-23 18:59:02", "elapsed": 566.980029, "delta": 3.162335}}
{"target": 0.44235009809407766, "params": {"C": 202.6097074959446, "epsilon": 0.8014903283568923, "gamma": 0.027198586453973765, "lamda": 0.5657170821918653}, "datetime": {"datetime": "2021-09-23 18:59:04", "elapsed": 569.116056, "delta": 2.136027}}
{"target": 0.46772039980761904, "params": {"C": 217.3287190800396, "epsilon": 0.7523897597023239, "gamma": 0.006539328944190432, "lamda": 0.6786482232954822}, "datetime": {"datetime": "2021-09-23 18:59:07", "elapsed": 572.064641, "delta": 2.948585}}
{"target": 0.45978177394375375, "params": {"C": 244.94046483905146, "epsilon": 0.8788733224107314, "gamma": 0.019531149200438216, "lamda": 0.6425399010516323}, "datetime": {"datetime": "2021-09-23 18:59:09", "elapsed": 574.286937, "delta": 2.222296}}
{"target": 0.45344515312290046, "params": {"C": 232.11263029044545, "epsilon": 0.7054525769201533, "gamma": 0.0205210492262859, "lamda": 0.6086876515540645}, "datetime": {"datetime": "2021-09-23 18:59:11", "elapsed": 576.443551, "delta": 2.156614}}
{"target": 0.45581106091276, "params": {"C": 203.81068145867437, "epsilon": 0.8517482170290934, "gamma": 0.02326998731898541, "lamda": 0.7654147012821704}, "datetime": {"datetime": "2021-09-23 18:59:13", "elapsed": 578.516454, "delta": 2.072903}}
{"target": 0.4669566540387816, "params": {"C": 213.81761785624096, "epsilon": 0.9211723585177318, "gamma": 0.01281643550776855, "lamda": 0.8781186090912521}, "datetime": {"datetime": "2021-09-23 18:59:15", "elapsed": 580.824933, "delta": 2.308479}}
{"target": 0.4579226047353293, "params": {"C": 209.06186199004185, "epsilon": 0.7263753510454062, "gamma": 0.0132185238850282, "lamda": 0.4691741034138698}, "datetime": {"datetime": "2021-09-23 18:59:18", "elapsed": 583.495881, "delta": 2.670948}}
{"target": 0.46704561768837716, "params": {"C": 221.47006488243193, "epsilon": 0.7100479289593538, "gamma": 0.012906591170032011, "lamda": 0.7691416841234944}, "datetime": {"datetime": "2021-09-23 18:59:20", "elapsed": 585.577805, "delta": 2.081924}}
{"target": 0.4664191207988013, "params": {"C": 234.51557743579414, "epsilon": 0.7265316245614457, "gamma": 0.0065764346627465034, "lamda": 0.9405109849126442}, "datetime": {"datetime": "2021-09-23 18:59:23", "elapsed": 588.101813, "delta": 2.524008}}
{"target": 0.4688946626721029, "params": {"C": 233.2194442448011, "epsilon": 0.8328598585308884, "gamma": 0.008239390791780302, "lamda": 0.5811164715540791}, "datetime": {"datetime": "2021-09-23 18:59:25", "elapsed": 590.712784, "delta": 2.610971}}
{"target": 0.4658303188147852, "params": {"C": 238.44200017677133, "epsilon": 0.7285603465831256, "gamma": 0.014661793585665269, "lamda": 0.8181675156757102}, "datetime": {"datetime": "2021-09-23 18:59:28", "elapsed": 593.256253, "delta": 2.543469}}
{"target": 0.46626608914609, "params": {"C": 219.9950452212538, "epsilon": 0.9568979228189296, "gamma": 0.014165669446058068, "lamda": 0.6265712366658638}, "datetime": {"datetime": "2021-09-23 18:59:31", "elapsed": 595.991613, "delta": 2.73536}}
{"target": 0.447035766425101, "params": {"C": 226.68218295872873, "epsilon": 0.7716144236763509, "gamma": 0.024070939616344822, "lamda": 0.5539176228975966}, "datetime": {"datetime": "2021-09-23 18:59:33", "elapsed": 598.25014, "delta": 2.258527}}
{"target": 0.443553226290605, "params": {"C": 239.57863970539825, "epsilon": 0.7204398467874608, "gamma": 0.02754636789587516, "lamda": 0.6257886416900736}, "datetime": {"datetime": "2021-09-23 18:59:35", "elapsed": 600.819687, "delta": 2.569547}}
{"target": 0.4650655331037187, "params": {"C": 232.50010303438296, "epsilon": 0.848211086369889, "gamma": 0.005772465868442284, "lamda": 0.7988100346206393}, "datetime": {"datetime": "2021-09-23 18:59:38", "elapsed": 603.829726, "delta": 3.010039}}
{"target": 0.44417885547449243, "params": {"C": 247.80615134494803, "epsilon": 0.8327169101388759, "gamma": 0.026178327605782835, "lamda": 0.5062451946514903}, "datetime": {"datetime": "2021-09-23 18:59:40", "elapsed": 605.960954, "delta": 2.131228}}
{"target": 0.45172671336656667, "params": {"C": 204.86602344224394, "epsilon": 0.9907124900953996, "gamma": 0.026200251852558865, "lamda": 0.6590442093708315}, "datetime": {"datetime": "2021-09-23 18:59:43", "elapsed": 608.044955, "delta": 2.084001}}
{"target": 0.4648927347759966, "params": {"C": 223.4812678139142, "epsilon": 0.9557482684486291, "gamma": 0.015319762303619939, "lamda": 0.990513521852938}, "datetime": {"datetime": "2021-09-23 18:59:45", "elapsed": 610.200951, "delta": 2.155996}}
