{"target": -44.44627534991211, "params": {"C": 82.00777245928508, "epsilon": 0.27544329399027656, "gamma": 0.06033727078425768, "lamda": 0.2440242025934397}, "datetime": {"datetime": "2021-09-24 18:55:19", "elapsed": 117.523854, "delta": 1.074607}}
{"target": -45.41195338307663, "params": {"C": 63.95202913983894, "epsilon": 0.4218755366230431, "gamma": 0.001, "lamda": 0.877784278454371}, "datetime": {"datetime": "2021-09-24 18:55:20", "elapsed": 118.782093, "delta": 1.258239}}
{"target": -45.88420105534379, "params": {"C": 51.572729287605924, "epsilon": 0.6182545551759921, "gamma": 0.001, "lamda": 0.30876905866417975}, "datetime": {"datetime": "2021-09-24 18:55:22", "elapsed": 120.236016, "delta": 1.453923}}
{"target": -43.87913442753028, "params": {"C": 54.57728619228935, "epsilon": 0.3349609241154064, "gamma": 0.04537495398338316, "lamda": 0.818380015831761}, "datetime": {"datetime": "2021-09-24 18:55:23", "elapsed": 121.380073, "delta": 1.144057}}
{"target": -44.7821731070741, "params": {"C": 83.95533670854388, "epsilon": 0.21438797193463233, "gamma": 0.06819008898273571, "lamda": 1.321512496300252}, "datetime": {"datetime": "2021-09-24 18:55:24", "elapsed": 122.15529, "delta": 0.775217}}
{"target": -43.26464400822682, "params": {"C": 82.50497762185933, "epsilon": 0.43693761616165155, "gamma": 0.02207153684402335, "lamda": 0.8043642928613097}, "datetime": {"datetime": "2021-09-24 18:55:25", "elapsed": 122.960888, "delta": 0.805598}}
{"target": -44.700099037842264, "params": {"C": 80.43006897832771, "epsilon": 0.3481613812532045, "gamma": 0.06978162812782314, "lamda": 1.4516058124824}, "datetime": {"datetime": "2021-09-24 18:55:25", "elapsed": 123.746893, "delta": 0.786005}}
{"target": -42.82476997976118, "params": {"C": 92.36383974795103, "epsilon": 0.8543961547367269, "gamma": 0.02604550820961193, "lamda": 1.177077492056336}, "datetime": {"datetime": "2021-09-24 18:55:26", "elapsed": 124.582013, "delta": 0.83512}}
{"target": -44.5362568608448, "params": {"C": 51.52374317239425, "epsilon": 0.6231639668453176, "gamma": 0.060960207135838856, "lamda": 0.35188770358072174}, "datetime": {"datetime": "2021-09-24 18:55:27", "elapsed": 125.683327, "delta": 1.101314}}
{"target": -42.85139675411327, "params": {"C": 74.90370580219133, "epsilon": 0.2234533246911586, "gamma": 0.00934100766137751, "lamda": 1.1108687446085523}, "datetime": {"datetime": "2021-09-24 18:55:28", "elapsed": 126.857788, "delta": 1.174461}}
{"target": -45.62430182171351, "params": {"C": 57.046428504346444, "epsilon": 0.5765110373475307, "gamma": 0.09182822455012267, "lamda": 0.17855463809228067}, "datetime": {"datetime": "2021-09-24 18:55:30", "elapsed": 127.983142, "delta": 1.125354}}
{"target": -43.11275697600415, "params": {"C": 94.93193122429875, "epsilon": 0.6071729726541681, "gamma": 0.018510090748017637, "lamda": 0.3485377609640242}, "datetime": {"datetime": "2021-09-24 18:55:30", "elapsed": 128.886446, "delta": 0.903304}}
{"target": -44.55100782969544, "params": {"C": 55.16071433816119, "epsilon": 0.11831318798322042, "gamma": 0.06427009545317008, "lamda": 0.5551649954857579}, "datetime": {"datetime": "2021-09-24 18:55:31", "elapsed": 129.78697, "delta": 0.900524}}
{"target": -43.648397240460476, "params": {"C": 94.94926753209049, "epsilon": 0.6080407829665039, "gamma": 0.03601842352210246, "lamda": 0.36236417356207434}, "datetime": {"datetime": "2021-09-24 18:55:32", "elapsed": 130.8729, "delta": 1.08593}}
{"target": -43.18183562628462, "params": {"C": 51.60337047366344, "epsilon": 0.5724078090351048, "gamma": 0.019743232785851703, "lamda": 0.32804986328030333}, "datetime": {"datetime": "2021-09-24 18:55:34", "elapsed": 132.206463, "delta": 1.333563}}
{"target": -44.92875221314566, "params": {"C": 61.70794470645654, "epsilon": 0.7619785925997716, "gamma": 0.07959950937386395, "lamda": 0.988189940020979}, "datetime": {"datetime": "2021-09-24 18:55:35", "elapsed": 133.269439, "delta": 1.062976}}
{"target": -45.03550553209829, "params": {"C": 87.3944481615112, "epsilon": 0.08924748788084597, "gamma": 0.07302554322417462, "lamda": 0.503501937943015}, "datetime": {"datetime": "2021-09-24 18:55:36", "elapsed": 134.232263, "delta": 0.962824}}
{"target": -43.31953132618729, "params": {"C": 63.98702014413177, "epsilon": 0.4687067766516617, "gamma": 0.026456937269640723, "lamda": 0.885535210864173}, "datetime": {"datetime": "2021-09-24 18:55:37", "elapsed": 135.423354, "delta": 1.191091}}
{"target": -43.609193130144725, "params": {"C": 61.42296303424616, "epsilon": 0.762922852961781, "gamma": 0.0428928242228417, "lamda": 1.461375691847827}, "datetime": {"datetime": "2021-09-24 18:55:38", "elapsed": 136.320379, "delta": 0.897025}}
{"target": -42.9319465718602, "params": {"C": 54.49057017808806, "epsilon": 0.3059538606568689, "gamma": 0.008519827710181125, "lamda": 0.8686778737648505}, "datetime": {"datetime": "2021-09-24 18:55:39", "elapsed": 137.660024, "delta": 1.339645}}
{"target": -43.97867577385963, "params": {"C": 61.776381798696846, "epsilon": 0.7039310631138663, "gamma": 0.05021785955821073, "lamda": 1.0135944353666249}, "datetime": {"datetime": "2021-09-24 18:55:41", "elapsed": 139.224095, "delta": 1.564071}}
{"target": -42.890258024913436, "params": {"C": 92.7748372599203, "epsilon": 0.4563124938375943, "gamma": 0.017747084461407332, "lamda": 1.427088527670342}, "datetime": {"datetime": "2021-09-24 18:55:42", "elapsed": 140.672557, "delta": 1.448462}}
{"target": -43.65432092576519, "params": {"C": 63.67041012472842, "epsilon": 0.20210541924061626, "gamma": 0.04098503767004415, "lamda": 0.8777843121360739}, "datetime": {"datetime": "2021-09-24 18:55:43", "elapsed": 141.792999, "delta": 1.120442}}
{"target": -45.416948269057, "params": {"C": 72.61585961426854, "epsilon": 0.8811063944752773, "gamma": 0.0954805749952072, "lamda": 0.9981189119138373}, "datetime": {"datetime": "2021-09-24 18:55:44", "elapsed": 142.727538, "delta": 0.934539}}
{"target": -44.20993549196118, "params": {"C": 91.62393281998474, "epsilon": 0.9247923725179177, "gamma": 0.05610034434541297, "lamda": 0.6565525041458273}, "datetime": {"datetime": "2021-09-24 18:55:46", "elapsed": 144.016908, "delta": 1.28937}}
{"target": -43.80674803796098, "params": {"C": 96.17994785946036, "epsilon": 0.33401673848156543, "gamma": 0.038856837762557654, "lamda": 0.7882368431208683}, "datetime": {"datetime": "2021-09-24 18:55:47", "elapsed": 144.957365, "delta": 0.940457}}
{"target": -43.35499772957695, "params": {"C": 80.82427426959276, "epsilon": 0.9029758496113561, "gamma": 0.028092168513341793, "lamda": 0.007920587129276175}, "datetime": {"datetime": "2021-09-24 18:55:48", "elapsed": 145.91236, "delta": 0.954995}}
{"target": -43.72257642736711, "params": {"C": 81.08917898003142, "epsilon": 0.7713128169347315, "gamma": 0.038968636165679214, "lamda": 0.7667255489905964}, "datetime": {"datetime": "2021-09-24 18:55:48", "elapsed": 146.901183, "delta": 0.988823}}
{"target": -42.91694285568618, "params": {"C": 54.52556477963866, "epsilon": 0.28700585229961156, "gamma": 0.007967592216739535, "lamda": 0.8586883460365555}, "datetime": {"datetime": "2021-09-24 18:55:50", "elapsed": 148.160746, "delta": 1.259563}}
{"target": -43.42090475402157, "params": {"C": 66.16856657762901, "epsilon": 0.13080834631528587, "gamma": 0.03109516999503564, "lamda": 0.38605568346755104}, "datetime": {"datetime": "2021-09-24 18:55:51", "elapsed": 149.176402, "delta": 1.015656}}
{"target": -43.33052730310171, "params": {"C": 74.97450956595617, "epsilon": 0.34357290384982986, "gamma": 0.02592360780674551, "lamda": 1.06797644966707}, "datetime": {"datetime": "2021-09-24 18:55:52", "elapsed": 150.12538, "delta": 0.948978}}
{"target": -42.562127769998256, "params": {"C": 91.66400904786892, "epsilon": 0.9393212141740962, "gamma": 0.007039185813468561, "lamda": 0.6140418214290343}, "datetime": {"datetime": "2021-09-24 18:55:53", "elapsed": 151.516415, "delta": 1.391035}}
{"target": -42.67435156600142, "params": {"C": 61.757312988430414, "epsilon": 0.6884418695257385, "gamma": 0.006982406100767802, "lamda": 1.050622413522376}, "datetime": {"datetime": "2021-09-24 18:55:54", "elapsed": 152.722077, "delta": 1.205662}}
{"target": -43.29105271217218, "params": {"C": 92.71803831708598, "epsilon": 0.46244871709825025, "gamma": 0.03017276871171022, "lamda": 1.420583170880689}, "datetime": {"datetime": "2021-09-24 18:55:56", "elapsed": 154.092581, "delta": 1.370504}}
{"target": -43.09833492910067, "params": {"C": 56.38428939305125, "epsilon": 0.1786367818922263, "gamma": 0.016273637796969036, "lamda": 0.8817477935696487}, "datetime": {"datetime": "2021-09-24 18:55:57", "elapsed": 155.306596, "delta": 1.214015}}
{"target": -43.12315471907405, "params": {"C": 82.03164341912256, "epsilon": 0.29858322960037004, "gamma": 0.0035362272948614637, "lamda": 0.2576482958409247}, "datetime": {"datetime": "2021-09-24 18:55:58", "elapsed": 156.751833, "delta": 1.445237}}
{"target": -43.989747137489594, "params": {"C": 69.58154914843476, "epsilon": 0.8650380763559703, "gamma": 0.05035276952353805, "lamda": 0.8210791930587713}, "datetime": {"datetime": "2021-09-24 18:55:59", "elapsed": 157.763813, "delta": 1.01198}}
{"target": -45.48877642400502, "params": {"C": 91.54942518712276, "epsilon": 0.43368844799135303, "gamma": 0.09876891393162326, "lamda": 1.279178727902998}, "datetime": {"datetime": "2021-09-24 18:56:00", "elapsed": 158.729259, "delta": 0.965446}}
{"target": -43.912465575246, "params": {"C": 54.5089821941291, "epsilon": 0.3088977442510769, "gamma": 0.046084203817165534, "lamda": 0.8721941321572867}, "datetime": {"datetime": "2021-09-24 18:56:01", "elapsed": 159.836345, "delta": 1.107086}}
{"target": -44.40524054352196, "params": {"C": 84.87354904625424, "epsilon": 0.8125311661421398, "gamma": 0.06828523180366819, "lamda": 1.0907859875391333}, "datetime": {"datetime": "2021-09-24 18:56:02", "elapsed": 160.698562, "delta": 0.862217}}
{"target": -45.59241785487911, "params": {"C": 94.42481545111313, "epsilon": 0.9478135094076818, "gamma": 0.09839018513026489, "lamda": 0.8102844365735121}, "datetime": {"datetime": "2021-09-24 18:56:03", "elapsed": 161.603285, "delta": 0.904723}}
{"target": -42.67744041255395, "params": {"C": 74.37831148382469, "epsilon": 0.9797500437582808, "gamma": 0.020764971529299667, "lamda": 1.2575530227694975}, "datetime": {"datetime": "2021-09-24 18:56:04", "elapsed": 162.757561, "delta": 1.154276}}
{"target": -43.2255836376148, "params": {"C": 92.75127539583312, "epsilon": 0.4788955501358727, "gamma": 0.028798730461320858, "lamda": 1.4049326910405662}, "datetime": {"datetime": "2021-09-24 18:56:05", "elapsed": 163.908599, "delta": 1.151038}}
{"target": -45.405820955986655, "params": {"C": 52.786632699622075, "epsilon": 0.5106359171285951, "gamma": 0.08485946326559911, "lamda": 0.38969179486109135}, "datetime": {"datetime": "2021-09-24 18:56:06", "elapsed": 164.889367, "delta": 0.980768}}
{"target": -42.7087179451542, "params": {"C": 74.39663242281844, "epsilon": 0.8962375059378471, "gamma": 0.0199776112570135, "lamda": 1.2250902894588611}, "datetime": {"datetime": "2021-09-24 18:56:08", "elapsed": 165.935349, "delta": 1.045982}}
{"target": -43.07931703847961, "params": {"C": 74.99686984214895, "epsilon": 0.3227720663496769, "gamma": 0.01651144516244163, "lamda": 1.1856893788270941}, "datetime": {"datetime": "2021-09-24 18:56:09", "elapsed": 167.217913, "delta": 1.282564}}
{"target": -44.19345099578371, "params": {"C": 74.37636177834602, "epsilon": 0.9578190756639731, "gamma": 0.062465524213687194, "lamda": 1.2003853592047706}, "datetime": {"datetime": "2021-09-24 18:56:10", "elapsed": 168.450417, "delta": 1.232504}}
{"target": -45.52021137699834, "params": {"C": 78.92332491520487, "epsilon": 0.211466043982564, "gamma": 0.09373429852868305, "lamda": 0.7248914939472821}, "datetime": {"datetime": "2021-09-24 18:56:11", "elapsed": 169.448366, "delta": 0.997949}}
{"target": -43.926271537774696, "params": {"C": 70.98920617484333, "epsilon": 0.08716017195140909, "gamma": 0.0464155879535615, "lamda": 0.47281368800144424}, "datetime": {"datetime": "2021-09-24 18:56:12", "elapsed": 170.45006, "delta": 1.001694}}
{"target": -42.82858327871554, "params": {"C": 75.23338107215588, "epsilon": 0.18626428740447212, "gamma": 0.005444962735182178, "lamda": 0.8458148385114935}, "datetime": {"datetime": "2021-09-24 18:56:13", "elapsed": 171.334677, "delta": 0.884617}}
{"target": -43.33251439880196, "params": {"C": 96.34135292452603, "epsilon": 0.948888573103544, "gamma": 0.03222773687535261, "lamda": 0.05913441265430018}, "datetime": {"datetime": "2021-09-24 18:56:15", "elapsed": 173.108766, "delta": 1.774089}}
{"target": -43.596356267039006, "params": {"C": 96.01202252635974, "epsilon": 0.5607648511027321, "gamma": 0.03355877851069218, "lamda": 0.4470053602456684}, "datetime": {"datetime": "2021-09-24 18:56:16", "elapsed": 174.033154, "delta": 0.924388}}
{"target": -43.531460299269234, "params": {"C": 74.9282859787063, "epsilon": 0.2603002433542831, "gamma": 0.033760958361206156, "lamda": 1.1002453369579221}, "datetime": {"datetime": "2021-09-24 18:56:17", "elapsed": 175.244745, "delta": 1.211591}}
{"target": -44.45103516089884, "params": {"C": 51.54201795793052, "epsilon": 0.6456303902044604, "gamma": 0.0017536017987054506, "lamda": 0.3890601849833315}, "datetime": {"datetime": "2021-09-24 18:56:18", "elapsed": 176.735917, "delta": 1.491172}}
{"target": -43.850984005265225, "params": {"C": 92.77677682789911, "epsilon": 0.4511892135936222, "gamma": 0.04856460830274126, "lamda": 1.4436664774322931}, "datetime": {"datetime": "2021-09-24 18:56:20", "elapsed": 178.389188, "delta": 1.653271}}
{"target": -42.91426097965465, "params": {"C": 61.760471356616634, "epsilon": 0.7358485287184584, "gamma": 0.004359942184366403, "lamda": 1.0316809744372624}, "datetime": {"datetime": "2021-09-24 18:56:21", "elapsed": 179.802273, "delta": 1.413085}}
{"target": -43.827397729677614, "params": {"C": 90.45781648721862, "epsilon": 0.23582817402709716, "gamma": 0.0392772378262169, "lamda": 1.4790496505699497}, "datetime": {"datetime": "2021-09-24 18:56:22", "elapsed": 180.77402, "delta": 0.971747}}
{"target": -44.42218989602686, "params": {"C": 74.4208172248292, "epsilon": 0.9607929767247145, "gamma": 0.06842249381048951, "lamda": 1.2988343604507113}, "datetime": {"datetime": "2021-09-24 18:56:24", "elapsed": 182.467345, "delta": 1.693325}}
{"target": -42.9315248458258, "params": {"C": 74.89761086251957, "epsilon": 0.18454411919260885, "gamma": 0.014662870012198178, "lamda": 1.1377645664849345}, "datetime": {"datetime": "2021-09-24 18:56:25", "elapsed": 183.570366, "delta": 1.103021}}
{"target": -42.601935527676524, "params": {"C": 68.16008065732662, "epsilon": 0.685418773006634, "gamma": 0.010126547579892536, "lamda": 1.3345874337669026}, "datetime": {"datetime": "2021-09-24 18:56:26", "elapsed": 184.8728, "delta": 1.302434}}
{"target": -43.89796769856757, "params": {"C": 51.63849816239467, "epsilon": 0.6360643526954258, "gamma": 0.04663075295844111, "lamda": 0.3326663470227807}, "datetime": {"datetime": "2021-09-24 18:56:28", "elapsed": 186.643577, "delta": 1.770777}}
{"target": -42.75025082570854, "params": {"C": 74.35062176400265, "epsilon": 0.861986138937409, "gamma": 0.021159210795820428, "lamda": 1.2657920657834152}, "datetime": {"datetime": "2021-09-24 18:56:29", "elapsed": 187.822066, "delta": 1.178489}}
{"target": -42.910320682465105, "params": {"C": 94.27508712044626, "epsilon": 0.3502828118574958, "gamma": 0.017110128904182932, "lamda": 0.12750506927940475}, "datetime": {"datetime": "2021-09-24 18:56:30", "elapsed": 188.886069, "delta": 1.064003}}
{"target": -43.27404494982987, "params": {"C": 51.55897550431439, "epsilon": 0.5450965055735361, "gamma": 0.022041380765057916, "lamda": 0.31111457617429034}, "datetime": {"datetime": "2021-09-24 18:56:32", "elapsed": 190.487546, "delta": 1.601477}}
{"target": -45.09640440317536, "params": {"C": 79.41739482810905, "epsilon": 0.6196304924052002, "gamma": 0.0737653040505775, "lamda": 0.03086580484775105}, "datetime": {"datetime": "2021-09-24 18:56:33", "elapsed": 191.689787, "delta": 1.202241}}
{"target": -42.80154540308818, "params": {"C": 56.87211993736291, "epsilon": 0.9038650572709301, "gamma": 0.011727473916174416, "lamda": 1.0501601614703797}, "datetime": {"datetime": "2021-09-24 18:56:34", "elapsed": 192.71393, "delta": 1.024143}}
{"target": -42.92103375160472, "params": {"C": 94.22305134436589, "epsilon": 0.3779191998028132, "gamma": 0.017162238818725365, "lamda": 0.1266176572188057}, "datetime": {"datetime": "2021-09-24 18:56:36", "elapsed": 194.342826, "delta": 1.628896}}
{"target": -44.36712641303861, "params": {"C": 87.97959921329932, "epsilon": 0.5122005695439132, "gamma": 0.001, "lamda": 0.5030749025496091}, "datetime": {"datetime": "2021-09-24 18:56:38", "elapsed": 196.05032, "delta": 1.707494}}
{"target": -42.21117151170541, "params": {"C": 99.88757238064758, "epsilon": 0.724720354471425, "gamma": 0.007010944165405729, "lamda": 1.0858838021200128}, "datetime": {"datetime": "2021-09-24 18:56:39", "elapsed": 197.141946, "delta": 1.091626}}
{"target": -42.93517021001793, "params": {"C": 56.361377386446144, "epsilon": 0.1845212626355411, "gamma": 0.005217814597448068, "lamda": 0.914957840203456}, "datetime": {"datetime": "2021-09-24 18:56:40", "elapsed": 198.529984, "delta": 1.388038}}
{"target": -42.94771588446108, "params": {"C": 93.79848024861678, "epsilon": 0.8656967351196462, "gamma": 0.011189572785245884, "lamda": 0.0775913078849602}, "datetime": {"datetime": "2021-09-24 18:56:41", "elapsed": 199.901747, "delta": 1.371763}}
{"target": -44.141869965524116, "params": {"C": 68.05524876260702, "epsilon": 0.014319073083850331, "gamma": 0.0516798372679769, "lamda": 1.1985556923912772}, "datetime": {"datetime": "2021-09-24 18:56:43", "elapsed": 200.960969, "delta": 1.059222}}
{"target": -44.630526519027015, "params": {"C": 84.99211780409314, "epsilon": 0.5188323702860256, "gamma": 0.06210938612613051, "lamda": 0.6031712924376811}, "datetime": {"datetime": "2021-09-24 18:56:44", "elapsed": 201.984651, "delta": 1.023682}}
{"target": -43.173714491256966, "params": {"C": 75.02175017877944, "epsilon": 0.30468236712725194, "gamma": 0.019733915885423062, "lamda": 1.1723019680247506}, "datetime": {"datetime": "2021-09-24 18:56:45", "elapsed": 203.842514, "delta": 1.857863}}
{"target": -44.09011368594749, "params": {"C": 91.63533615452113, "epsilon": 0.9933279241171484, "gamma": 0.05211449965709413, "lamda": 0.5923210280026993}, "datetime": {"datetime": "2021-09-24 18:56:47", "elapsed": 205.685914, "delta": 1.8434}}
{"target": -43.20339866494127, "params": {"C": 91.66690460154695, "epsilon": 0.9919189265947126, "gamma": 0.02263003494700929, "lamda": 0.5774804907622594}, "datetime": {"datetime": "2021-09-24 18:56:49", "elapsed": 207.578283, "delta": 1.892369}}
{"target": -43.24085487504362, "params": {"C": 68.11783221002679, "epsilon": 0.686250820369464, "gamma": 0.030117844835371187, "lamda": 1.3343037712227004}, "datetime": {"datetime": "2021-09-24 18:56:51", "elapsed": 209.040914, "delta": 1.462631}}
{"target": -43.58757180139284, "params": {"C": 93.39611337596833, "epsilon": 0.4972439195035672, "gamma": 0.03743944595815326, "lamda": 0.013532523732856919}, "datetime": {"datetime": "2021-09-24 18:56:52", "elapsed": 210.394503, "delta": 1.353589}}
{"target": -42.51889568566007, "params": {"C": 99.8854136019571, "epsilon": 0.7634119599118754, "gamma": 0.01591132105686079, "lamda": 1.0826449193075318}, "datetime": {"datetime": "2021-09-24 18:56:54", "elapsed": 212.263997, "delta": 1.869494}}
{"target": -43.56679652127934, "params": {"C": 68.23595022193942, "epsilon": 0.7216688249249342, "gamma": 0.04134654616508808, "lamda": 1.3053767700990884}, "datetime": {"datetime": "2021-09-24 18:56:55", "elapsed": 213.839049, "delta": 1.575052}}
{"target": -45.07859275718302, "params": {"C": 76.4664624109363, "epsilon": 0.45527382486404167, "gamma": 0.0846112566798957, "lamda": 1.1421068529195562}, "datetime": {"datetime": "2021-09-24 18:56:57", "elapsed": 215.021063, "delta": 1.182014}}
{"target": -43.76379317416786, "params": {"C": 75.96047639583452, "epsilon": 0.9956185345275417, "gamma": 0.040771110029350494, "lamda": 0.25914207632450903}, "datetime": {"datetime": "2021-09-24 18:56:58", "elapsed": 216.21639, "delta": 1.195327}}
{"target": -43.16367113886653, "params": {"C": 51.640891229786426, "epsilon": 0.5836366330634487, "gamma": 0.01742708055495298, "lamda": 0.29751909514797137}, "datetime": {"datetime": "2021-09-24 18:57:00", "elapsed": 218.671554, "delta": 2.455164}}
{"target": -43.240426005616804, "params": {"C": 99.8835513103057, "epsilon": 0.7427737462130058, "gamma": 0.035550684583866426, "lamda": 1.055743054315338}, "datetime": {"datetime": "2021-09-24 18:57:02", "elapsed": 220.275695, "delta": 1.604141}}
{"target": -44.0341014346838, "params": {"C": 87.93726769611914, "epsilon": 0.5565030625982148, "gamma": 0.04545716713460452, "lamda": 0.5091866793460196}, "datetime": {"datetime": "2021-09-24 18:57:03", "elapsed": 221.650714, "delta": 1.375019}}
{"target": -43.16381443898913, "params": {"C": 63.67692092992617, "epsilon": 0.16248001930698655, "gamma": 0.021916434507683713, "lamda": 0.945301078497639}, "datetime": {"datetime": "2021-09-24 18:57:05", "elapsed": 223.416503, "delta": 1.765789}}
{"target": -44.47409074933835, "params": {"C": 56.45176752323411, "epsilon": 0.38105816222958583, "gamma": 0.06008462853585381, "lamda": 1.0415197533167606}, "datetime": {"datetime": "2021-09-24 18:57:06", "elapsed": 224.575366, "delta": 1.158863}}
{"target": -43.638183031331714, "params": {"C": 66.77658598442633, "epsilon": 0.5864539411660202, "gamma": 0.03918609288664717, "lamda": 1.2283125005709068}, "datetime": {"datetime": "2021-09-24 18:57:07", "elapsed": 225.613887, "delta": 1.038521}}
