{"target": -42.99602519709031, "params": {"C": 124.79780357804037, "epsilon": 0.7249218896485932, "gamma": 0.032251782870368784, "lamda": 1.116672204246462}, "datetime": {"datetime": "2021-09-24 19:13:13", "elapsed": 77.508562, "delta": 0.674822}}
{"target": -43.10825253821024, "params": {"C": 140.46426636497233, "epsilon": 0.45842387505571136, "gamma": 0.03687299603507519, "lamda": 1.6828632168744153}, "datetime": {"datetime": "2021-09-24 19:13:14", "elapsed": 78.071292, "delta": 0.56273}}
{"target": -44.59848893360085, "params": {"C": 105.55871818394371, "epsilon": 0.39338594697436363, "gamma": 0.06507372855973477, "lamda": 0.981108572614937}, "datetime": {"datetime": "2021-09-24 19:13:14", "elapsed": 78.673541, "delta": 0.602249}}
{"target": -42.70492522205117, "params": {"C": 113.6883310620962, "epsilon": 0.893301939102614, "gamma": 0.016432726292406392, "lamda": 0.009046771050819295}, "datetime": {"datetime": "2021-09-24 19:13:15", "elapsed": 79.34487, "delta": 0.671329}}
{"target": -42.994134546128734, "params": {"C": 124.3997898974255, "epsilon": 0.9264838763463166, "gamma": 0.03128488752001162, "lamda": 1.467140806573234}, "datetime": {"datetime": "2021-09-24 19:13:16", "elapsed": 80.142466, "delta": 0.797596}}
{"target": -44.91348685225711, "params": {"C": 112.43176847494313, "epsilon": 0.7716838103443762, "gamma": 0.08158854780119619, "lamda": 0.814099521545905}, "datetime": {"datetime": "2021-09-24 19:13:16", "elapsed": 80.708204, "delta": 0.565738}}
{"target": -44.118264993906436, "params": {"C": 129.76801537926337, "epsilon": 0.6700260256303643, "gamma": 0.056687145899683926, "lamda": 0.7897187104343939}, "datetime": {"datetime": "2021-09-24 19:13:17", "elapsed": 81.346976, "delta": 0.638772}}
{"target": -44.06447842859769, "params": {"C": 124.45619740563143, "epsilon": 0.8783026088596049, "gamma": 0.061244446461221014, "lamda": 1.4418544657992958}, "datetime": {"datetime": "2021-09-24 19:13:18", "elapsed": 82.159236, "delta": 0.81226}}
{"target": -44.35188014122303, "params": {"C": 124.36546217710949, "epsilon": 0.8961077283601389, "gamma": 0.06934319602587083, "lamda": 1.3443680783771614}, "datetime": {"datetime": "2021-09-24 19:13:18", "elapsed": 82.879905, "delta": 0.720669}}
{"target": -42.38310890181263, "params": {"C": 124.8746266128548, "epsilon": 0.9014066727110308, "gamma": 0.017772018982444328, "lamda": 1.0605939438529879}, "datetime": {"datetime": "2021-09-24 19:13:19", "elapsed": 83.538441, "delta": 0.658536}}
{"target": -44.04339546438376, "params": {"C": 133.589514895177, "epsilon": 0.3847421662013, "gamma": 0.0555723599988207, "lamda": 1.352362135400542}, "datetime": {"datetime": "2021-09-24 19:13:20", "elapsed": 84.16026, "delta": 0.621819}}
{"target": -43.4867094157502, "params": {"C": 132.01859695645726, "epsilon": 0.5610167887781192, "gamma": 0.03141203254522799, "lamda": 0.8036615553314699}, "datetime": {"datetime": "2021-09-24 19:13:20", "elapsed": 84.821699, "delta": 0.661439}}
{"target": -42.837827254247124, "params": {"C": 124.77226968642785, "epsilon": 0.8713964405506316, "gamma": 0.029014638627213766, "lamda": 1.0357677715538522}, "datetime": {"datetime": "2021-09-24 19:13:21", "elapsed": 85.537052, "delta": 0.715353}}
{"target": -43.738353325343354, "params": {"C": 124.72812867109779, "epsilon": 0.6534204183767436, "gamma": 0.0014200395354483537, "lamda": 1.0536172169870037}, "datetime": {"datetime": "2021-09-24 19:13:22", "elapsed": 86.124409, "delta": 0.587357}}
{"target": -42.6532904759174, "params": {"C": 124.67805706727754, "epsilon": 0.9904611808239079, "gamma": 0.024359806126384446, "lamda": 1.0181902589036593}, "datetime": {"datetime": "2021-09-24 19:13:23", "elapsed": 87.008219, "delta": 0.88381}}
{"target": -44.02079650211422, "params": {"C": 124.84549158390185, "epsilon": 0.9107607547386254, "gamma": 0.0015981649063572315, "lamda": 0.9747196901331373}, "datetime": {"datetime": "2021-09-24 19:13:23", "elapsed": 87.875116, "delta": 0.866897}}
{"target": -44.56061301160795, "params": {"C": 129.7827713820637, "epsilon": 0.6703029194139434, "gamma": 0.05222816228069319, "lamda": 0.09676112092615459}, "datetime": {"datetime": "2021-09-24 19:13:24", "elapsed": 88.628962, "delta": 0.753846}}
{"target": -42.2854986566582, "params": {"C": 124.69247168236188, "epsilon": 0.9626073009160709, "gamma": 0.01422251211064338, "lamda": 1.0407509390487424}, "datetime": {"datetime": "2021-09-24 19:13:25", "elapsed": 89.278208, "delta": 0.649246}}
{"target": -44.68454423706414, "params": {"C": 149.98489702717626, "epsilon": 0.9576809010415417, "gamma": 0.06979819238712494, "lamda": 0.4544446062658899}, "datetime": {"datetime": "2021-09-24 19:13:26", "elapsed": 89.981363, "delta": 0.703155}}
{"target": -44.096859622889724, "params": {"C": 119.45260811061047, "epsilon": 0.9788150547658929, "gamma": 0.06163347811942553, "lamda": 0.8376211134536803}, "datetime": {"datetime": "2021-09-24 19:13:26", "elapsed": 90.698305, "delta": 0.716942}}
{"target": -44.863169481239595, "params": {"C": 117.77226776347995, "epsilon": 0.40823587764285946, "gamma": 0.07399425204276056, "lamda": 0.6312759746155034}, "datetime": {"datetime": "2021-09-24 19:13:27", "elapsed": 91.40395, "delta": 0.705645}}
{"target": -44.272229565110784, "params": {"C": 124.98641367881682, "epsilon": 0.4247600555313689, "gamma": 0.001, "lamda": 1.3066149002428626}, "datetime": {"datetime": "2021-09-24 19:13:28", "elapsed": 92.261544, "delta": 0.857594}}
{"target": -42.15936638691614, "params": {"C": 124.95104699312688, "epsilon": 0.7828110009331014, "gamma": 0.010428520075649362, "lamda": 0.9850013936872485}, "datetime": {"datetime": "2021-09-24 19:13:29", "elapsed": 93.126282, "delta": 0.864738}}
{"target": -45.44884452504644, "params": {"C": 124.79251320133629, "epsilon": 0.8423398317842556, "gamma": 0.001, "lamda": 1.088093994873166}, "datetime": {"datetime": "2021-09-24 19:13:30", "elapsed": 94.286469, "delta": 1.160187}}
{"target": -43.490136920592, "params": {"C": 123.11618452066801, "epsilon": 0.9122482848621758, "gamma": 0.04367668548588678, "lamda": 0.7746537754631682}, "datetime": {"datetime": "2021-09-24 19:13:31", "elapsed": 94.960353, "delta": 0.673884}}
{"target": -44.30589939065058, "params": {"C": 114.65304027747251, "epsilon": 0.7610510742931598, "gamma": 0.06962357765874919, "lamda": 1.301707465630699}, "datetime": {"datetime": "2021-09-24 19:13:31", "elapsed": 95.629107, "delta": 0.668754}}
{"target": -42.17161737818179, "params": {"C": 142.75369541556617, "epsilon": 0.6025708063281567, "gamma": 0.011857295557225592, "lamda": 1.583025947401103}, "datetime": {"datetime": "2021-09-24 19:13:32", "elapsed": 96.232862, "delta": 0.603755}}
{"target": -44.52387508614121, "params": {"C": 109.18445143234653, "epsilon": 0.7498646536591625, "gamma": 0.07528422401835196, "lamda": 1.2812936899927516}, "datetime": {"datetime": "2021-09-24 19:13:33", "elapsed": 96.916902, "delta": 0.68404}}
{"target": -42.027439245294765, "params": {"C": 124.73675694259418, "epsilon": 0.650243557552391, "gamma": 0.006140754317493186, "lamda": 1.173774138380683}, "datetime": {"datetime": "2021-09-24 19:13:33", "elapsed": 97.820298, "delta": 0.903396}}
{"target": -43.25431607159037, "params": {"C": 131.3712720653632, "epsilon": 0.5448975296749538, "gamma": 0.027968720047783314, "lamda": 0.9217613042370429}, "datetime": {"datetime": "2021-09-24 19:13:34", "elapsed": 98.478908, "delta": 0.65861}}
{"target": -44.86704858670982, "params": {"C": 124.90653105309896, "epsilon": 0.7820908291864123, "gamma": 0.001, "lamda": 0.9558726686080847}, "datetime": {"datetime": "2021-09-24 19:13:35", "elapsed": 99.431936, "delta": 0.953028}}
{"target": -44.50719453863779, "params": {"C": 119.44502282573507, "epsilon": 0.5238206841768633, "gamma": 0.05626556590399123, "lamda": 0.46737902456001595}, "datetime": {"datetime": "2021-09-24 19:13:36", "elapsed": 100.130613, "delta": 0.698677}}
{"target": -43.35372968928796, "params": {"C": 140.9410068362781, "epsilon": 0.3231879303764695, "gamma": 0.01997692626401488, "lamda": 0.736446775133037}, "datetime": {"datetime": "2021-09-24 19:13:36", "elapsed": 100.822419, "delta": 0.691806}}
{"target": -43.95062037114969, "params": {"C": 141.65348194774856, "epsilon": 0.9816120748517893, "gamma": 0.0012679768729942247, "lamda": 0.7090117214978621}, "datetime": {"datetime": "2021-09-24 19:13:37", "elapsed": 101.678328, "delta": 0.855909}}
{"target": -42.38341852207701, "params": {"C": 124.9653184701902, "epsilon": 0.805556234672526, "gamma": 0.01640352286163139, "lamda": 1.0068564835640772}, "datetime": {"datetime": "2021-09-24 19:13:38", "elapsed": 102.651122, "delta": 0.972794}}
{"target": -42.71394651997738, "params": {"C": 124.948399789573, "epsilon": 0.7120315534134473, "gamma": 0.019373724780269885, "lamda": 0.8666366122078933}, "datetime": {"datetime": "2021-09-24 19:13:39", "elapsed": 103.60269, "delta": 0.951568}}
{"target": -42.82068649871612, "params": {"C": 124.84466736699595, "epsilon": 0.7111759602066197, "gamma": 0.002573365025329699, "lamda": 1.0917855341093987}, "datetime": {"datetime": "2021-09-24 19:13:40", "elapsed": 104.787577, "delta": 1.184887}}
{"target": -43.61471272097351, "params": {"C": 132.28829753824644, "epsilon": 0.41242419188503576, "gamma": 0.04769615790213393, "lamda": 1.579654006162064}, "datetime": {"datetime": "2021-09-24 19:13:41", "elapsed": 105.569342, "delta": 0.781765}}
{"target": -45.070901600981315, "params": {"C": 146.7364689461481, "epsilon": 0.8813290583400653, "gamma": 0.06468981255165683, "lamda": 0.04541241644431612}, "datetime": {"datetime": "2021-09-24 19:13:42", "elapsed": 106.639258, "delta": 1.069916}}
{"target": -42.760027332785995, "params": {"C": 124.65274694161461, "epsilon": 0.612763732058407, "gamma": 0.024002911363882547, "lamda": 1.144613165470698}, "datetime": {"datetime": "2021-09-24 19:13:43", "elapsed": 107.49458, "delta": 0.855322}}
{"target": -44.96233395175253, "params": {"C": 100.16877025881395, "epsilon": 0.37804786327359907, "gamma": 0.07767743842576685, "lamda": 0.7805938723543973}, "datetime": {"datetime": "2021-09-24 19:13:44", "elapsed": 108.223927, "delta": 0.729347}}
{"target": -43.314894941852224, "params": {"C": 100.97047728805859, "epsilon": 0.7866915852772969, "gamma": 0.04092765088950974, "lamda": 1.659587968697603}, "datetime": {"datetime": "2021-09-24 19:13:45", "elapsed": 108.944643, "delta": 0.720716}}
{"target": -42.890694827248716, "params": {"C": 124.97326600530394, "epsilon": 0.8931406553815116, "gamma": 0.030538352368029487, "lamda": 1.0833899388784822}, "datetime": {"datetime": "2021-09-24 19:13:45", "elapsed": 109.78978, "delta": 0.845137}}
{"target": -45.2820777524082, "params": {"C": 103.65146983491155, "epsilon": 0.9399891033619001, "gamma": 0.09072993036063653, "lamda": 0.5517682443012693}, "datetime": {"datetime": "2021-09-24 19:13:46", "elapsed": 110.594662, "delta": 0.804882}}
{"target": -42.66456947812135, "params": {"C": 124.69248053259096, "epsilon": 0.8571076911782844, "gamma": 0.0032449296503128766, "lamda": 0.430516758761176}, "datetime": {"datetime": "2021-09-24 19:13:47", "elapsed": 111.377863, "delta": 0.783201}}
{"target": -44.12414981259982, "params": {"C": 142.72339831292774, "epsilon": 0.6190837705180031, "gamma": 0.06488171741686771, "lamda": 1.5865892039331142}, "datetime": {"datetime": "2021-09-24 19:13:48", "elapsed": 112.647064, "delta": 1.269201}}
{"target": -44.0014200591245, "params": {"C": 124.88320120537769, "epsilon": 0.8068665696050159, "gamma": 0.057283800286356, "lamda": 0.8553989104900286}, "datetime": {"datetime": "2021-09-24 19:13:49", "elapsed": 113.656792, "delta": 1.009728}}
{"target": -44.10556261881481, "params": {"C": 139.11179562327413, "epsilon": 0.9152306435971111, "gamma": 0.05631828554941305, "lamda": 0.5499587444014971}, "datetime": {"datetime": "2021-09-24 19:13:50", "elapsed": 114.607078, "delta": 0.950286}}
{"target": -44.5867492611201, "params": {"C": 130.67664769457645, "epsilon": 0.6792584178842407, "gamma": 0.055507480989385724, "lamda": 0.20159561978500318}, "datetime": {"datetime": "2021-09-24 19:13:51", "elapsed": 115.445582, "delta": 0.838504}}
{"target": -44.820591080636675, "params": {"C": 104.80041355799996, "epsilon": 0.9735975091244238, "gamma": 0.07623178841307485, "lamda": 1.6068682167580233}, "datetime": {"datetime": "2021-09-24 19:13:52", "elapsed": 116.190989, "delta": 0.745407}}
{"target": -44.389186864191466, "params": {"C": 113.92535686191925, "epsilon": 0.9754091855710418, "gamma": 0.052298540560190857, "lamda": 0.2915787605711482}, "datetime": {"datetime": "2021-09-24 19:13:53", "elapsed": 117.014306, "delta": 0.823317}}
{"target": -44.657424626270256, "params": {"C": 107.20124751625227, "epsilon": 0.7168762226415897, "gamma": 0.07824868883400624, "lamda": 1.433720039333339}, "datetime": {"datetime": "2021-09-24 19:13:53", "elapsed": 117.724556, "delta": 0.71025}}
{"target": -43.0676004932796, "params": {"C": 124.36468801483835, "epsilon": 0.8209065990195481, "gamma": 0.03412026273376424, "lamda": 1.4772892834063955}, "datetime": {"datetime": "2021-09-24 19:13:54", "elapsed": 118.769361, "delta": 1.044805}}
{"target": -42.44276607793132, "params": {"C": 124.8802997904698, "epsilon": 0.7735724910908198, "gamma": 0.015149821068244331, "lamda": 0.8860332270286108}, "datetime": {"datetime": "2021-09-24 19:13:56", "elapsed": 119.971278, "delta": 1.201917}}
{"target": -42.55172865051776, "params": {"C": 124.73208669169307, "epsilon": 0.618326100608994, "gamma": 0.01871410992789846, "lamda": 1.1501160793956922}, "datetime": {"datetime": "2021-09-24 19:13:56", "elapsed": 120.866757, "delta": 0.895479}}
{"target": -42.40858797996318, "params": {"C": 124.96493079436972, "epsilon": 0.7365464484267787, "gamma": 0.013697261264662672, "lamda": 0.9027180489213137}, "datetime": {"datetime": "2021-09-24 19:13:58", "elapsed": 121.975378, "delta": 1.108621}}
{"target": -45.8645358213222, "params": {"C": 112.92570929531016, "epsilon": 0.35614172293050606, "gamma": 0.09865268368540828, "lamda": 0.156497290736149}, "datetime": {"datetime": "2021-09-24 19:13:59", "elapsed": 122.915954, "delta": 0.940576}}
{"target": -42.68330395335539, "params": {"C": 124.70939521041025, "epsilon": 0.7098698653326709, "gamma": 0.023646063141252758, "lamda": 1.086772626254376}, "datetime": {"datetime": "2021-09-24 19:14:00", "elapsed": 124.064813, "delta": 1.148859}}
{"target": -43.415409351236555, "params": {"C": 104.73432414877622, "epsilon": 0.5597249484231768, "gamma": 0.043887032047482545, "lamda": 1.590251044636418}, "datetime": {"datetime": "2021-09-24 19:14:00", "elapsed": 124.851791, "delta": 0.786978}}
{"target": -45.18594979328758, "params": {"C": 121.11488848085845, "epsilon": 0.5109234886258545, "gamma": 0.08523231262014296, "lamda": 0.9469936375823848}, "datetime": {"datetime": "2021-09-24 19:14:01", "elapsed": 125.694068, "delta": 0.842277}}
{"target": -42.89436722458499, "params": {"C": 106.40043743307835, "epsilon": 0.4002530694054986, "gamma": 0.012561854166219438, "lamda": 0.9902137976744768}, "datetime": {"datetime": "2021-09-24 19:14:02", "elapsed": 126.555303, "delta": 0.861235}}
{"target": -43.4330785969493, "params": {"C": 114.31344018344288, "epsilon": 0.6164484529482007, "gamma": 0.03228772195418157, "lamda": 0.007662227140551326}, "datetime": {"datetime": "2021-09-24 19:14:03", "elapsed": 127.462135, "delta": 0.906832}}
{"target": -43.805173272760406, "params": {"C": 124.36273346334453, "epsilon": 0.868849138359578, "gamma": 0.05407216503154435, "lamda": 1.4534111161169176}, "datetime": {"datetime": "2021-09-24 19:14:04", "elapsed": 128.576568, "delta": 1.114433}}
{"target": -44.35837096693881, "params": {"C": 124.71683678986426, "epsilon": 0.6127432970739877, "gamma": 0.06734637286037014, "lamda": 1.1548682641876615}, "datetime": {"datetime": "2021-09-24 19:14:05", "elapsed": 129.752024, "delta": 1.175456}}
{"target": -42.85609457847674, "params": {"C": 124.78184793756374, "epsilon": 0.981446885870219, "gamma": 0.02918690287759133, "lamda": 1.0669441497196837}, "datetime": {"datetime": "2021-09-24 19:14:07", "elapsed": 130.985942, "delta": 1.233918}}
{"target": -42.484417039577856, "params": {"C": 124.78582894824703, "epsilon": 0.9716567768094546, "gamma": 0.020260752123880295, "lamda": 1.0020653173392013}, "datetime": {"datetime": "2021-09-24 19:14:08", "elapsed": 132.257885, "delta": 1.271943}}
{"target": -44.37570689941964, "params": {"C": 133.95533670854388, "epsilon": 0.4495211014556983, "gamma": 0.06819008898273571, "lamda": 1.4976982863336412}, "datetime": {"datetime": "2021-09-24 19:14:09", "elapsed": 133.028691, "delta": 0.770806}}
{"target": -42.889282250889856, "params": {"C": 132.50497762185933, "epsilon": 0.6054617931062622, "gamma": 0.02207153684402335, "lamda": 0.9115509897073817}, "datetime": {"datetime": "2021-09-24 19:14:09", "elapsed": 133.797529, "delta": 0.768838}}
{"target": -44.299479456358306, "params": {"C": 130.4300689783277, "epsilon": 0.5432562231003435, "gamma": 0.06978162812782314, "lamda": 1.6451489495714462}, "datetime": {"datetime": "2021-09-24 19:14:10", "elapsed": 134.532116, "delta": 0.734587}}
{"target": -42.765719949351165, "params": {"C": 142.36383974795103, "epsilon": 0.897975283599308, "gamma": 0.02604550820961193, "lamda": 1.3339924342920046}, "datetime": {"datetime": "2021-09-24 19:14:11", "elapsed": 135.305796, "delta": 0.77368}}
{"target": -43.09740298694718, "params": {"C": 124.74210852994395, "epsilon": 0.6576950547935041, "gamma": 0.03519287708204194, "lamda": 1.237697048343111}, "datetime": {"datetime": "2021-09-24 19:14:12", "elapsed": 136.382168, "delta": 1.076372}}
{"target": -44.36552908712557, "params": {"C": 118.18004479776917, "epsilon": 0.9307382653189475, "gamma": 0.06668425300390438, "lamda": 1.5874349919445425}, "datetime": {"datetime": "2021-09-24 19:14:13", "elapsed": 137.43405, "delta": 1.051882}}
{"target": -45.46858522012407, "params": {"C": 107.04642850434644, "epsilon": 0.7032609871304019, "gamma": 0.09182822455012267, "lamda": 0.2022443830011907}, "datetime": {"datetime": "2021-09-24 19:14:14", "elapsed": 138.365787, "delta": 0.931737}}
{"target": -43.29101761749921, "params": {"C": 144.93193122429875, "epsilon": 0.7247458266846023, "gamma": 0.018510090748017637, "lamda": 0.39490704194654913}, "datetime": {"datetime": "2021-09-24 19:14:15", "elapsed": 139.317221, "delta": 0.951434}}
{"target": -44.736563943400256, "params": {"C": 105.1607143381612, "epsilon": 0.38220143302127557, "gamma": 0.06427009545317008, "lamda": 0.6291029535225501}, "datetime": {"datetime": "2021-09-24 19:14:16", "elapsed": 140.130674, "delta": 0.813453}}
{"target": -42.534923808606194, "params": {"C": 124.67856390798542, "epsilon": 0.7298974825236215, "gamma": 0.020558441441739583, "lamda": 1.1332330432157915}, "datetime": {"datetime": "2021-09-24 19:14:17", "elapsed": 141.214085, "delta": 1.083411}}
{"target": -42.72741313315721, "params": {"C": 124.72677353495286, "epsilon": 0.7147820881896461, "gamma": 0.025586270522228838, "lamda": 1.143280670703863}, "datetime": {"datetime": "2021-09-24 19:14:18", "elapsed": 142.26314, "delta": 1.049055}}
{"target": -42.565707086460854, "params": {"C": 125.03751544827126, "epsilon": 0.8129593677258757, "gamma": 0.021963035812766585, "lamda": 1.0640874854509683}, "datetime": {"datetime": "2021-09-24 19:14:19", "elapsed": 143.46993, "delta": 1.20679}}
{"target": -44.854215742475006, "params": {"C": 137.3944481615112, "epsilon": 0.36183507659318537, "gamma": 0.07302554322417462, "lamda": 0.570546892972103}, "datetime": {"datetime": "2021-09-24 19:14:20", "elapsed": 144.315826, "delta": 0.845896}}
{"target": -43.13591711387617, "params": {"C": 124.93744246592958, "epsilon": 0.6985202964404613, "gamma": 0.032423364183142164, "lamda": 0.9122599672985994}, "datetime": {"datetime": "2021-09-24 19:14:21", "elapsed": 145.285724, "delta": 0.969898}}
{"target": -43.415387256224825, "params": {"C": 111.42296303424615, "epsilon": 0.8338798769501967, "gamma": 0.0428928242228417, "lamda": 1.6562223485319931}, "datetime": {"datetime": "2021-09-24 19:14:22", "elapsed": 146.176204, "delta": 0.89048}}
{"target": -42.10265993244335, "params": {"C": 124.88195779218658, "epsilon": 0.8714172424389623, "gamma": 0.009633665829963608, "lamda": 1.0954018924038842}, "datetime": {"datetime": "2021-09-24 19:14:23", "elapsed": 147.300196, "delta": 1.123992}}
{"target": -42.87299905043634, "params": {"C": 119.53780731253656, "epsilon": 0.32858982483636145, "gamma": 0.0023691779219056743, "lamda": 1.0064719807722258}, "datetime": {"datetime": "2021-09-24 19:14:24", "elapsed": 148.607559, "delta": 1.307363}}
{"target": -46.74102399298821, "params": {"C": 118.17306059861428, "epsilon": 0.847516278093013, "gamma": 0.001, "lamda": 1.5567385475935684}, "datetime": {"datetime": "2021-09-24 19:14:25", "elapsed": 149.859933, "delta": 1.252374}}
{"target": -42.417045878912546, "params": {"C": 124.71966568669751, "epsilon": 0.5862103253056349, "gamma": 0.01401655283411116, "lamda": 1.1338552062175604}, "datetime": {"datetime": "2021-09-24 19:14:27", "elapsed": 150.997763, "delta": 1.13783}}
{"target": -45.492090805787726, "params": {"C": 122.61585961426854, "epsilon": 0.916691167299994, "gamma": 0.0954805749952072, "lamda": 1.1311567920891323}, "datetime": {"datetime": "2021-09-24 19:14:28", "elapsed": 151.964013, "delta": 0.96625}}
{"target": -43.13574228804106, "params": {"C": 125.5506801919556, "epsilon": 0.3640846232675097, "gamma": 0.02110793481348087, "lamda": 0.20731064306790176}, "datetime": {"datetime": "2021-09-24 19:14:29", "elapsed": 152.931253, "delta": 0.96724}}
{"target": -43.542747532833566, "params": {"C": 146.17994785946036, "epsilon": 0.5333450619990949, "gamma": 0.038856837762557654, "lamda": 0.893271778827455}, "datetime": {"datetime": "2021-09-24 19:14:29", "elapsed": 153.86547, "delta": 0.934217}}
