{"target": -43.85492265705303, "params": {"C": 288.89004565147013, "epsilon": 0.5238206841768633, "gamma": 0.05626556590399123, "lamda": 1.084302904287241}, "datetime": {"datetime": "2021-09-24 19:54:01", "elapsed": 82.820755, "delta": 0.657739}}
{"target": -41.831597304203655, "params": {"C": 278.5742346755831, "epsilon": 0.5819861344280904, "gamma": 0.005632459665350378, "lamda": 0.7353720828033959}, "datetime": {"datetime": "2021-09-24 19:54:01", "elapsed": 83.620877, "delta": 0.800122}}
{"target": -42.90864515220719, "params": {"C": 333.2697985250048, "epsilon": 0.915440523800102, "gamma": 0.030202564730372014, "lamda": 1.2277287846431926}, "datetime": {"datetime": "2021-09-24 19:54:02", "elapsed": 84.452234, "delta": 0.831357}}
{"target": -44.74445031805993, "params": {"C": 278.6002059371129, "epsilon": 0.5948923407284864, "gamma": 0.07161610656362753, "lamda": 0.7450701590363493}, "datetime": {"datetime": "2021-09-24 19:54:03", "elapsed": 85.263053, "delta": 0.810819}}
{"target": -43.444688217688736, "params": {"C": 326.89854137146745, "epsilon": 0.38252394451004174, "gamma": 0.0465484261121874, "lamda": 1.6814354608786033}, "datetime": {"datetime": "2021-09-24 19:54:04", "elapsed": 85.921504, "delta": 0.658451}}
{"target": -42.54025080666463, "params": {"C": 325.87676471298187, "epsilon": 0.6644948825241378, "gamma": 0.0032070042702738587, "lamda": 1.2132178279223476}, "datetime": {"datetime": "2021-09-24 19:54:05", "elapsed": 86.811946, "delta": 0.890442}}
{"target": -43.447986594170345, "params": {"C": 314.5765950764929, "epsilon": 0.41242419188503576, "gamma": 0.04769615790213393, "lamda": 2.000833201075274}, "datetime": {"datetime": "2021-09-24 19:54:05", "elapsed": 87.483333, "delta": 0.671387}}
{"target": -44.19190913097736, "params": {"C": 343.4729378922962, "epsilon": 0.8813290583400653, "gamma": 0.06468981255165683, "lamda": 0.7365964585179767}, "datetime": {"datetime": "2021-09-24 19:54:06", "elapsed": 88.17078, "delta": 0.687447}}
{"target": -45.95358709285988, "params": {"C": 270.1871318508289, "epsilon": 0.5732988039698721, "gamma": 0.001, "lamda": 1.8509771215979391}, "datetime": {"datetime": "2021-09-24 19:54:07", "elapsed": 89.171653, "delta": 1.000873}}
{"target": -44.91848099209768, "params": {"C": 250.3375405176279, "epsilon": 0.37804786327359907, "gamma": 0.07767743842576685, "lamda": 1.342396363329109}, "datetime": {"datetime": "2021-09-24 19:54:08", "elapsed": 89.864559, "delta": 0.692906}}
{"target": -42.16535279325018, "params": {"C": 293.9984035711288, "epsilon": 0.6342083865267282, "gamma": 0.004237567772087756, "lamda": 1.1155601955658134}, "datetime": {"datetime": "2021-09-24 19:54:08", "elapsed": 90.551857, "delta": 0.687298}}
{"target": -43.07042202591932, "params": {"C": 299.86262877152245, "epsilon": 0.4569900105752089, "gamma": 0.03662498864507459, "lamda": 1.701902132965689}, "datetime": {"datetime": "2021-09-24 19:54:09", "elapsed": 91.38036, "delta": 0.828503}}
{"target": -45.26320688759887, "params": {"C": 257.3029396698231, "epsilon": 0.9399891033619001, "gamma": 0.09072993036063653, "lamda": 1.153840813432476}, "datetime": {"datetime": "2021-09-24 19:54:10", "elapsed": 92.06144, "delta": 0.68108}}
{"target": -42.66277836313709, "params": {"C": 299.3849610651819, "epsilon": 0.8571076911782844, "gamma": 0.0032449296503128766, "lamda": 1.0539278765542357}, "datetime": {"datetime": "2021-09-24 19:54:11", "elapsed": 92.801667, "delta": 0.740227}}
{"target": -41.94087754508516, "params": {"C": 253.0707784858317, "epsilon": 0.7947658464682934, "gamma": 0.006525487531387589, "lamda": 1.007966038384423}, "datetime": {"datetime": "2021-09-24 19:54:12", "elapsed": 93.719289, "delta": 0.917622}}
{"target": -43.228640309143955, "params": {"C": 273.2942113035996, "epsilon": 0.7660048627414375, "gamma": 0.03885638976481331, "lamda": 1.6436679388283562}, "datetime": {"datetime": "2021-09-24 19:54:12", "elapsed": 94.572189, "delta": 0.8529}}
{"target": -43.83967862423006, "params": {"C": 328.22359124654827, "epsilon": 0.9152306435971111, "gamma": 0.05631828554941305, "lamda": 1.152349759954147}, "datetime": {"datetime": "2021-09-24 19:54:13", "elapsed": 95.288946, "delta": 0.716757}}
{"target": -43.83038775896486, "params": {"C": 311.3532953891529, "epsilon": 0.6792584178842407, "gamma": 0.055507480989385724, "lamda": 0.8652936243078307}, "datetime": {"datetime": "2021-09-24 19:54:14", "elapsed": 96.020632, "delta": 0.731686}}
{"target": -45.039242601214006, "params": {"C": 259.60082711599995, "epsilon": 0.9735975091244238, "gamma": 0.07623178841307485, "lamda": 2.0232580950330976}, "datetime": {"datetime": "2021-09-24 19:54:15", "elapsed": 96.826594, "delta": 0.805962}}
{"target": -43.67812859342654, "params": {"C": 277.8507137238385, "epsilon": 0.9754091855710418, "gamma": 0.052298540560190857, "lamda": 0.9394410034135418}, "datetime": {"datetime": "2021-09-24 19:54:15", "elapsed": 97.655098, "delta": 0.828504}}
{"target": -44.80223708313599, "params": {"C": 264.40249503250453, "epsilon": 0.7168762226415897, "gamma": 0.07824868883400624, "lamda": 1.880581550951545}, "datetime": {"datetime": "2021-09-24 19:54:16", "elapsed": 98.422733, "delta": 0.767635}}
{"target": -42.235218129064805, "params": {"C": 325.8761927311716, "epsilon": 0.5986908956701406, "gamma": 0.00392051930312445, "lamda": 1.182091389161308}, "datetime": {"datetime": "2021-09-24 19:54:17", "elapsed": 99.319782, "delta": 0.897049}}
{"target": -42.02856080870696, "params": {"C": 294.02517149146706, "epsilon": 0.6471814644672683, "gamma": 0.01009568530575549, "lamda": 1.1705333571564456}, "datetime": {"datetime": "2021-09-24 19:54:18", "elapsed": 100.407365, "delta": 1.087583}}
{"target": -41.992073002008134, "params": {"C": 294.03795102648894, "epsilon": 0.6236729437996615, "gamma": 0.009583839288834793, "lamda": 1.1469203025560346}, "datetime": {"datetime": "2021-09-24 19:54:19", "elapsed": 101.266517, "delta": 0.859152}}
{"target": -42.33764431809355, "params": {"C": 270.1599601593829, "epsilon": 0.6216956645627345, "gamma": 0.01505355795145498, "lamda": 1.7900804224759885}, "datetime": {"datetime": "2021-09-24 19:54:20", "elapsed": 102.13497, "delta": 0.868453}}
{"target": -47.18133573234043, "params": {"C": 275.8514185906203, "epsilon": 0.35614172293050606, "gamma": 0.09865268368540828, "lamda": 0.828131964114543}, "datetime": {"datetime": "2021-09-24 19:54:21", "elapsed": 102.906174, "delta": 0.771204}}
{"target": -44.92558047848197, "params": {"C": 342.7455586183986, "epsilon": 0.9792145166311051, "gamma": 0.001, "lamda": 0.8147859802455976}, "datetime": {"datetime": "2021-09-24 19:54:22", "elapsed": 103.877306, "delta": 0.971132}}
{"target": -43.36703227690353, "params": {"C": 259.4686482975525, "epsilon": 0.5597249484231768, "gamma": 0.043887032047482545, "lamda": 2.0095653104714453}, "datetime": {"datetime": "2021-09-24 19:54:22", "elapsed": 104.658526, "delta": 0.78122}}
{"target": -45.0079479534592, "params": {"C": 292.22977696171694, "epsilon": 0.5109234886258545, "gamma": 0.08523231262014296, "lamda": 1.4795121204328066}, "datetime": {"datetime": "2021-09-24 19:54:23", "elapsed": 105.385103, "delta": 0.726577}}
{"target": -42.097569381785654, "params": {"C": 262.80087486615673, "epsilon": 0.4002530694054986, "gamma": 0.012561854166219438, "lamda": 1.5151261428747897}, "datetime": {"datetime": "2021-09-24 19:54:24", "elapsed": 106.173699, "delta": 0.788596}}
{"target": -42.27755104406833, "params": {"C": 328.62363481408534, "epsilon": 0.8223131045720813, "gamma": 0.011969820007355796, "lamda": 1.5032094570100814}, "datetime": {"datetime": "2021-09-24 19:54:25", "elapsed": 107.003739, "delta": 0.83004}}
{"target": -42.452377496452854, "params": {"C": 342.65389725420926, "epsilon": 0.9063852770768461, "gamma": 0.002863815481111048, "lamda": 0.7376675053967763}, "datetime": {"datetime": "2021-09-24 19:54:26", "elapsed": 107.892455, "delta": 0.888716}}
{"target": -43.09094671171728, "params": {"C": 299.38009370689923, "epsilon": 0.799461427806557, "gamma": 0.03677735541671789, "lamda": 1.0499144455254088}, "datetime": {"datetime": "2021-09-24 19:54:27", "elapsed": 108.803023, "delta": 0.910568}}
{"target": -43.35079768748012, "params": {"C": 325.88135528618227, "epsilon": 0.607907231291389, "gamma": 0.04361294499519555, "lamda": 1.1635143969555761}, "datetime": {"datetime": "2021-09-24 19:54:28", "elapsed": 109.709298, "delta": 0.906275}}
{"target": -42.138358525527416, "params": {"C": 277.9471632884091, "epsilon": 0.6857276994395792, "gamma": 0.007699993457611563, "lamda": 1.549205534732942}, "datetime": {"datetime": "2021-09-24 19:54:29", "elapsed": 110.749288, "delta": 1.03999}}
{"target": -44.23479398061211, "params": {"C": 317.91067341708776, "epsilon": 0.4495211014556983, "gamma": 0.06819008898273571, "lamda": 1.9333005302337245}, "datetime": {"datetime": "2021-09-24 19:54:29", "elapsed": 111.570384, "delta": 0.821096}}
{"target": -42.5270836226151, "params": {"C": 315.00995524371865, "epsilon": 0.6054617931062622, "gamma": 0.02207153684402335, "lamda": 1.450306877922504}, "datetime": {"datetime": "2021-09-24 19:54:30", "elapsed": 112.390403, "delta": 0.820019}}
{"target": -44.332932116511124, "params": {"C": 310.8601379566554, "epsilon": 0.5432562231003435, "gamma": 0.06978162812782314, "lamda": 2.0548019596233225}, "datetime": {"datetime": "2021-09-24 19:54:31", "elapsed": 113.298684, "delta": 0.908281}}
{"target": -42.858282910675406, "params": {"C": 334.72767949590207, "epsilon": 0.897975283599308, "gamma": 0.02604550820961193, "lamda": 1.7984045956496801}, "datetime": {"datetime": "2021-09-24 19:54:32", "elapsed": 114.186035, "delta": 0.887351}}
{"target": -42.536453984008816, "params": {"C": 293.9937605204645, "epsilon": 0.6739191503876526, "gamma": 0.022783359786370756, "lamda": 1.1532664048683146}, "datetime": {"datetime": "2021-09-24 19:54:33", "elapsed": 115.152396, "delta": 0.966361}}
{"target": -42.437704144435415, "params": {"C": 262.8113921942357, "epsilon": 0.3928672794519613, "gamma": 0.020805044524714093, "lamda": 1.4950379836003838}, "datetime": {"datetime": "2021-09-24 19:54:34", "elapsed": 116.133844, "delta": 0.981448}}
{"target": -45.46467359563197, "params": {"C": 264.0928570086929, "epsilon": 0.7032609871304019, "gamma": 0.09182822455012267, "lamda": 0.8658282143623701}, "datetime": {"datetime": "2021-09-24 19:54:35", "elapsed": 116.933373, "delta": 0.799529}}
{"target": -42.34800538350334, "params": {"C": 339.8638624485975, "epsilon": 0.7247458266846023, "gamma": 0.018510090748017637, "lamda": 1.0245849668776743}, "datetime": {"datetime": "2021-09-24 19:54:36", "elapsed": 117.769075, "delta": 0.835702}}
{"target": -44.28097060718544, "params": {"C": 260.3214286763224, "epsilon": 0.38220143302127557, "gamma": 0.06427009545317008, "lamda": 1.2175657062575458}, "datetime": {"datetime": "2021-09-24 19:54:36", "elapsed": 118.641486, "delta": 0.872411}}
{"target": -42.84882312923703, "params": {"C": 300.0620566709863, "epsilon": 0.374527621420606, "gamma": 0.030665474738866598, "lamda": 1.8581621197571463}, "datetime": {"datetime": "2021-09-24 19:54:37", "elapsed": 119.667349, "delta": 1.025863}}
{"target": -42.67038826654299, "params": {"C": 294.06450322699567, "epsilon": 0.6987168566362489, "gamma": 0.0027885499720047098, "lamda": 1.1344634231420911}, "datetime": {"datetime": "2021-09-24 19:54:39", "elapsed": 120.748573, "delta": 1.081224}}
{"target": -43.78283637313721, "params": {"C": 335.4928778930817, "epsilon": 0.565312229251931, "gamma": 0.05487740095804154, "lamda": 1.9645128240932834}, "datetime": {"datetime": "2021-09-24 19:54:40", "elapsed": 121.745518, "delta": 0.996945}}
{"target": -44.85864718843221, "params": {"C": 324.7888963230224, "epsilon": 0.36183507659318537, "gamma": 0.07302554322417462, "lamda": 1.1693146852036165}, "datetime": {"datetime": "2021-09-24 19:54:40", "elapsed": 122.611097, "delta": 0.865579}}
{"target": -43.37995736976339, "params": {"C": 278.6981275015194, "epsilon": 0.560915866232215, "gamma": 0.041322175688079346, "lamda": 0.7429277897867416}, "datetime": {"datetime": "2021-09-24 19:54:41", "elapsed": 123.515327, "delta": 0.90423}}
{"target": -43.51516856775771, "params": {"C": 272.8459260684923, "epsilon": 0.8338798769501967, "gamma": 0.0428928242228417, "lamda": 2.0639265967891647}, "datetime": {"datetime": "2021-09-24 19:54:42", "elapsed": 124.370819, "delta": 0.855492}}
{"target": -42.2032153283583, "params": {"C": 262.78007369091114, "epsilon": 0.4005381806167954, "gamma": 0.0036636712742690847, "lamda": 1.5651756681953533}, "datetime": {"datetime": "2021-09-24 19:54:43", "elapsed": 125.395762, "delta": 1.024943}}
{"target": -42.55099631292861, "params": {"C": 342.64788293586935, "epsilon": 0.8929742454192608, "gamma": 0.022989884056698547, "lamda": 0.7006804626612173}, "datetime": {"datetime": "2021-09-24 19:54:44", "elapsed": 126.56474, "delta": 1.168978}}
{"target": -41.88885402993608, "params": {"C": 253.09204268699474, "epsilon": 0.7019179704383314, "gamma": 0.006803148721809275, "lamda": 0.9772821576448212}, "datetime": {"datetime": "2021-09-24 19:54:46", "elapsed": 127.746839, "delta": 1.182099}}
{"target": -42.42255499567646, "params": {"C": 328.6011228385868, "epsilon": 0.867468025372844, "gamma": 0.015696696462265843, "lamda": 1.5050865697474207}, "datetime": {"datetime": "2021-09-24 19:54:47", "elapsed": 128.842592, "delta": 1.095753}}
{"target": -45.708961893141, "params": {"C": 295.2317192285371, "epsilon": 0.916691167299994, "gamma": 0.0954805749952072, "lamda": 1.6312651612270663}, "datetime": {"datetime": "2021-09-24 19:54:48", "elapsed": 129.709956, "delta": 0.867364}}
{"target": -42.29648740116992, "params": {"C": 253.04739546559443, "epsilon": 0.737083981339442, "gamma": 0.017071861678020526, "lamda": 1.043364910752091}, "datetime": {"datetime": "2021-09-24 19:54:48", "elapsed": 130.577123, "delta": 0.867167}}
{"target": -43.15555053006439, "params": {"C": 342.3598957189207, "epsilon": 0.5333450619990949, "gamma": 0.038856837762557654, "lamda": 1.4352445499461077}, "datetime": {"datetime": "2021-09-24 19:54:49", "elapsed": 131.473115, "delta": 0.895992}}
{"target": -42.77633458011957, "params": {"C": 311.6485485391855, "epsilon": 0.9320151098377871, "gamma": 0.028092168513341793, "lamda": 0.7064635236697709}, "datetime": {"datetime": "2021-09-24 19:54:50", "elapsed": 132.309372, "delta": 0.836257}}
{"target": -43.21935834724492, "params": {"C": 312.17835796006284, "epsilon": 0.839758730584897, "gamma": 0.038968636165679214, "lamda": 1.4151539483567945}, "datetime": {"datetime": "2021-09-24 19:54:51", "elapsed": 133.191255, "delta": 0.881883}}
{"target": -42.949313003261665, "params": {"C": 271.35186418250214, "epsilon": 0.4699047712959622, "gamma": 0.03271622534218294, "lamda": 1.2823739466434558}, "datetime": {"datetime": "2021-09-24 19:54:52", "elapsed": 134.278956, "delta": 1.087701}}
{"target": -42.94417732434344, "params": {"C": 282.337133155258, "epsilon": 0.39095679921992, "gamma": 0.03109516999503564, "lamda": 1.0596250546061183}, "datetime": {"datetime": "2021-09-24 19:54:53", "elapsed": 135.159411, "delta": 0.880455}}
{"target": -43.460693531207774, "params": {"C": 328.6396021550101, "epsilon": 0.8465277158864182, "gamma": 0.04500403479064247, "lamda": 1.4924811175764061}, "datetime": {"datetime": "2021-09-24 19:54:54", "elapsed": 136.242087, "delta": 1.082676}}
{"target": -42.359863974846775, "params": {"C": 299.9174608614251, "epsilon": 0.5777729359850099, "gamma": 0.005742623645514428, "lamda": 1.8853928262722028}, "datetime": {"datetime": "2021-09-24 19:54:55", "elapsed": 137.368227, "delta": 1.12614}}
{"target": -45.48649672324167, "params": {"C": 319.37487504179734, "epsilon": 0.34023938667832576, "gamma": 0.09048093343389278, "lamda": 1.5947407666719746}, "datetime": {"datetime": "2021-09-24 19:54:56", "elapsed": 138.251799, "delta": 0.883572}}
{"target": -42.93557230791904, "params": {"C": 335.43607663417197, "epsilon": 0.6233374394081833, "gamma": 0.03017276871171022, "lamda": 2.0258281782741596}, "datetime": {"datetime": "2021-09-24 19:54:58", "elapsed": 139.779065, "delta": 1.527266}}
{"target": -42.246506660596395, "params": {"C": 262.76857878610247, "epsilon": 0.42447021754210046, "gamma": 0.016273637796969036, "lamda": 1.5225796604386312}, "datetime": {"datetime": "2021-09-24 19:54:59", "elapsed": 140.845467, "delta": 1.066402}}
{"target": -43.53563943340143, "params": {"C": 294.04243496384896, "epsilon": 0.70024150127374, "gamma": 0.0490551439067111, "lamda": 1.189299571555768}, "datetime": {"datetime": "2021-09-24 19:55:00", "elapsed": 141.931672, "delta": 1.086205}}
{"target": -43.683921340835056, "params": {"C": 289.1630982968695, "epsilon": 0.9054320855347138, "gamma": 0.05035276952353805, "lamda": 1.4659178587606936}, "datetime": {"datetime": "2021-09-24 19:55:01", "elapsed": 142.776322, "delta": 0.84465}}
{"target": -45.72588249959266, "params": {"C": 333.09885037424556, "epsilon": 0.6031850986926397, "gamma": 0.09876891393162326, "lamda": 1.8937626544791177}, "datetime": {"datetime": "2021-09-24 19:55:02", "elapsed": 143.679441, "delta": 0.903119}}
{"target": -42.46677578481646, "params": {"C": 262.7881739045079, "epsilon": 0.4572398344488076, "gamma": 0.0030225191994885767, "lamda": 1.5436346020103089}, "datetime": {"datetime": "2021-09-24 19:55:03", "elapsed": 144.803561, "delta": 1.12412}}
{"target": -44.44563987560054, "params": {"C": 319.7470980925085, "epsilon": 0.868640456756254, "gamma": 0.06828523180366819, "lamda": 1.7178121297897175}, "datetime": {"datetime": "2021-09-24 19:55:04", "elapsed": 145.794604, "delta": 0.991043}}
{"target": -42.17558147577818, "params": {"C": 325.9391099951539, "epsilon": 0.6185639642107118, "gamma": 0.014064419901605743, "lamda": 1.1825115219220077}, "datetime": {"datetime": "2021-09-24 19:55:05", "elapsed": 146.827676, "delta": 1.033072}}
{"target": -43.34373892662611, "params": {"C": 262.80351268796505, "epsilon": 0.41745002652900937, "gamma": 0.04355426154831368, "lamda": 1.5482869561152037}, "datetime": {"datetime": "2021-09-24 19:55:06", "elapsed": 147.959921, "delta": 1.132245}}
{"target": -42.8858939955686, "params": {"C": 335.50255079166624, "epsilon": 0.6348617468419528, "gamma": 0.028798730461320858, "lamda": 2.0112113191839844}, "datetime": {"datetime": "2021-09-24 19:55:07", "elapsed": 148.974927, "delta": 1.015006}}
{"target": -45.033752898467604, "params": {"C": 255.57326539924415, "epsilon": 0.6571022442342508, "gamma": 0.08485946326559911, "lamda": 1.0630210225520533}, "datetime": {"datetime": "2021-09-24 19:55:08", "elapsed": 149.96223, "delta": 0.987303}}
{"target": -43.30860663460375, "params": {"C": 342.7808934053511, "epsilon": 0.9379559033418161, "gamma": 0.04197197137625462, "lamda": 0.7416364769470694}, "datetime": {"datetime": "2021-09-24 19:55:09", "elapsed": 151.452229, "delta": 1.489999}}
{"target": -44.805716592027856, "params": {"C": 294.0241586101455, "epsilon": 0.6406281337901305, "gamma": 0.07997972832323336, "lamda": 1.105681465930316}, "datetime": {"datetime": "2021-09-24 19:55:11", "elapsed": 153.257231, "delta": 1.805002}}
{"target": -43.06821762128519, "params": {"C": 339.8894833367966, "epsilon": 0.7495596721499977, "gamma": 0.03609695850377702, "lamda": 1.0559284183206887}, "datetime": {"datetime": "2021-09-24 19:55:13", "elapsed": 154.936231, "delta": 1.679}}
{"target": -45.54283544318578, "params": {"C": 307.8466498304098, "epsilon": 0.44747370449228707, "gamma": 0.09373429852868305, "lamda": 1.3760827828727118}, "datetime": {"datetime": "2021-09-24 19:55:14", "elapsed": 156.149237, "delta": 1.213006}}
{"target": -43.57081009713061, "params": {"C": 291.97841234968666, "epsilon": 0.3603724928588452, "gamma": 0.0464155879535615, "lamda": 1.1406532109419758}, "datetime": {"datetime": "2021-09-24 19:55:15", "elapsed": 157.137191, "delta": 0.987954}}
{"target": -41.92420397418491, "params": {"C": 300.46676214431176, "epsilon": 0.42981481599912963, "gamma": 0.005444962735182178, "lamda": 1.4890198625190734}, "datetime": {"datetime": "2021-09-24 19:55:16", "elapsed": 158.160639, "delta": 1.023448}}
{"target": -42.497343059386935, "params": {"C": 293.9450762535689, "epsilon": 0.650112714063523, "gamma": 0.021995606085815297, "lamda": 1.1362523030232423}, "datetime": {"datetime": "2021-09-24 19:55:18", "elapsed": 159.77847, "delta": 1.617831}}
{"target": -42.975644528560906, "params": {"C": 342.0240450527195, "epsilon": 0.6922276233953077, "gamma": 0.03355877851069218, "lamda": 1.1165493691420518}, "datetime": {"datetime": "2021-09-24 19:55:19", "elapsed": 160.73289, "delta": 0.95442}}
{"target": -43.63671230411563, "params": {"C": 333.3275931247412, "epsilon": 0.9371156894112798, "gamma": 0.05018892281848081, "lamda": 1.2549986798241526}, "datetime": {"datetime": "2021-09-24 19:55:20", "elapsed": 162.047323, "delta": 1.314433}}
{"target": -43.44843636675706, "params": {"C": 253.08403591586105, "epsilon": 0.7516929661092315, "gamma": 0.0017536017987054506, "lamda": 1.0624311267355997}, "datetime": {"datetime": "2021-09-24 19:55:21", "elapsed": 163.372633, "delta": 1.32531}}
{"target": -43.59262370046633, "params": {"C": 335.5535536557982, "epsilon": 0.6154478974129485, "gamma": 0.04856460830274126, "lamda": 2.047386970250307}, "datetime": {"datetime": "2021-09-24 19:55:23", "elapsed": 164.886857, "delta": 1.514224}}
{"target": -42.04819171890346, "params": {"C": 300.03670476228274, "epsilon": 0.43336562897968023, "gamma": 0.010291209002298355, "lamda": 1.8356124470803417}, "datetime": {"datetime": "2021-09-24 19:55:24", "elapsed": 166.216006, "delta": 1.329149}}
{"target": -43.17037047120509, "params": {"C": 330.91563297443724, "epsilon": 0.46454426608505306, "gamma": 0.0392772378262169, "lamda": 2.0804332960626617}, "datetime": {"datetime": "2021-09-24 19:55:25", "elapsed": 167.255394, "delta": 1.039388}}
