{"target": -42.38167192961265, "params": {"C": 299.92852633835014, "epsilon": 0.43917067542130517, "gamma": 0.01879481077434984, "lamda": 1.8512206773974917}, "datetime": {"datetime": "2021-09-24 20:01:04", "elapsed": 506.422558, "delta": 2.930633}}
{"target": -43.10391106836297, "params": {"C": 328.6453006800367, "epsilon": 0.7913599441426507, "gamma": 0.035359268566500617, "lamda": 1.5083242171113094}, "datetime": {"datetime": "2021-09-24 20:01:08", "elapsed": 510.063785, "delta": 3.641227}}
{"target": -43.90866414961344, "params": {"C": 331.42605726571963, "epsilon": 0.8127923821048966, "gamma": 0.058568836377957366, "lamda": 1.2429965649315822}, "datetime": {"datetime": "2021-09-24 20:01:10", "elapsed": 511.97651, "delta": 1.912725}}
{"target": -43.065438572636175, "params": {"C": 306.7378279404527, "epsilon": 0.6345588322341877, "gamma": 0.03598953934534536, "lamda": 1.1329862153592258}, "datetime": {"datetime": "2021-09-24 20:01:12", "elapsed": 514.071138, "delta": 2.094628}}
{"target": -43.0080151393241, "params": {"C": 343.6024990637384, "epsilon": 0.4973647102034849, "gamma": 0.034613009306707875, "lamda": 1.8162903700677087}, "datetime": {"datetime": "2021-09-24 20:01:14", "elapsed": 516.026472, "delta": 1.955334}}
{"target": -42.7981770429031, "params": {"C": 299.8765690146365, "epsilon": 0.4471537800144186, "gamma": 0.02918007637227618, "lamda": 1.8062437786398513}, "datetime": {"datetime": "2021-09-24 20:01:18", "elapsed": 519.907708, "delta": 3.881236}}
{"target": -44.37284525707945, "params": {"C": 257.89383812197735, "epsilon": 0.8465449527595554, "gamma": 0.06333001364612789, "lamda": 2.0721279816352314}, "datetime": {"datetime": "2021-09-24 20:01:20", "elapsed": 522.048331, "delta": 2.140623}}
{"target": -44.13337310986573, "params": {"C": 342.9322630657898, "epsilon": 0.41384934549155655, "gamma": 0.06546774094505459, "lamda": 2.0273514183737538}, "datetime": {"datetime": "2021-09-24 20:01:23", "elapsed": 524.96645, "delta": 2.918119}}
{"target": -43.26436040648243, "params": {"C": 262.7295367605887, "epsilon": 0.3930366276703543, "gamma": 0.0014944203252715035, "lamda": 1.6095191458543079}, "datetime": {"datetime": "2021-09-24 20:01:27", "elapsed": 528.755434, "delta": 3.788984}}
{"target": -42.128164818331456, "params": {"C": 346.5270200743757, "epsilon": 0.9850310772873223, "gamma": 0.012639306134458059, "lamda": 0.729496952778629}, "datetime": {"datetime": "2021-09-24 20:01:29", "elapsed": 530.684652, "delta": 1.929218}}
{"target": -43.82277701700448, "params": {"C": 253.12280548749123, "epsilon": 0.7122266868967209, "gamma": 0.001276421561822182, "lamda": 0.9711738274384014}, "datetime": {"datetime": "2021-09-24 20:01:32", "elapsed": 533.712576, "delta": 3.027924}}
{"target": -42.54162031299383, "params": {"C": 299.9846193193, "epsilon": 0.43914583104455435, "gamma": 0.0032297829214272145, "lamda": 1.82504841117988}, "datetime": {"datetime": "2021-09-24 20:01:35", "elapsed": 536.681418, "delta": 2.968842}}
{"target": -44.55034576693987, "params": {"C": 250.45457208307312, "epsilon": 0.8626470153282682, "gamma": 0.07598516108965643, "lamda": 1.1379366362711567}, "datetime": {"datetime": "2021-09-24 20:01:37", "elapsed": 538.680085, "delta": 1.998667}}
{"target": -44.04300775143961, "params": {"C": 316.58503226859114, "epsilon": 0.9045695608121911, "gamma": 0.05760368105907218, "lamda": 1.7580283566150745}, "datetime": {"datetime": "2021-09-24 20:01:39", "elapsed": 540.833475, "delta": 2.15339}}
{"target": -43.94851415583059, "params": {"C": 313.96208081742896, "epsilon": 0.732024370326241, "gamma": 0.05942196393963672, "lamda": 1.458720497098283}, "datetime": {"datetime": "2021-09-24 20:01:41", "elapsed": 543.144622, "delta": 2.311147}}
{"target": -42.43668824111198, "params": {"C": 259.168080752776, "epsilon": 0.9600536840454041, "gamma": 0.013988171960427866, "lamda": 1.5669382803154608}, "datetime": {"datetime": "2021-09-24 20:01:44", "elapsed": 545.815923, "delta": 2.671301}}
{"target": -42.65783204907521, "params": {"C": 254.6767856743512, "epsilon": 0.8362979223557174, "gamma": 0.00875415684817068, "lamda": 2.0566155921556595}, "datetime": {"datetime": "2021-09-24 20:01:46", "elapsed": 547.954156, "delta": 2.138233}}
{"target": -44.6890377317516, "params": {"C": 318.53781701683835, "epsilon": 0.6111185025941885, "gamma": 0.07640595202082452, "lamda": 2.0824213456344154}, "datetime": {"datetime": "2021-09-24 20:01:48", "elapsed": 550.20274, "delta": 2.248584}}
{"target": -44.609724118714546, "params": {"C": 255.9258708573486, "epsilon": 0.3047196712089723, "gamma": 0.06058695712855887, "lamda": 0.9267218951539271}, "datetime": {"datetime": "2021-09-24 20:01:50", "elapsed": 552.371079, "delta": 2.168339}}
{"target": -42.687358969187116, "params": {"C": 325.8663027804662, "epsilon": 0.657364361060401, "gamma": 0.02631919489769849, "lamda": 1.1640563272937072}, "datetime": {"datetime": "2021-09-24 20:01:52", "elapsed": 554.446817, "delta": 2.075738}}
{"target": -42.396421389323336, "params": {"C": 336.2931840377469, "epsilon": 0.8510513015308241, "gamma": 0.011993644420574847, "lamda": 1.757799373909369}, "datetime": {"datetime": "2021-09-24 20:01:55", "elapsed": 556.858957, "delta": 2.41214}}
{"target": -42.04421983876659, "params": {"C": 339.77041133984505, "epsilon": 0.399179619947369, "gamma": 0.010210682581775241, "lamda": 1.9976566273309824}, "datetime": {"datetime": "2021-09-24 20:01:57", "elapsed": 558.839078, "delta": 1.980121}}
{"target": -42.57076934636818, "params": {"C": 325.9206918282593, "epsilon": 0.530237976309584, "gamma": 0.02353668729301835, "lamda": 1.2012998051831776}, "datetime": {"datetime": "2021-09-24 20:02:00", "elapsed": 562.396819, "delta": 3.557741}}
{"target": -45.522361756482105, "params": {"C": 255.2194149918892, "epsilon": 0.536810766166082, "gamma": 0.08890640235773613, "lamda": 0.9492367924132483}, "datetime": {"datetime": "2021-09-24 20:02:02", "elapsed": 564.319773, "delta": 1.922954}}
{"target": -42.66425185022521, "params": {"C": 342.8189947957641, "epsilon": 0.991398385536157, "gamma": 0.025660563552093063, "lamda": 0.7575800678259907}, "datetime": {"datetime": "2021-09-24 20:02:06", "elapsed": 567.943088, "delta": 3.623315}}
{"target": -42.392307791592835, "params": {"C": 299.9277598106019, "epsilon": 0.4467591933369619, "gamma": 0.01881314231464396, "lamda": 1.9091271864016932}, "datetime": {"datetime": "2021-09-24 20:02:08", "elapsed": 570.133625, "delta": 2.190537}}
{"target": -44.52898398949003, "params": {"C": 314.2252605808909, "epsilon": 0.3127226794803578, "gamma": 0.062463354936092175, "lamda": 1.0417887879626004}, "datetime": {"datetime": "2021-09-24 20:02:10", "elapsed": 572.428839, "delta": 2.295214}}
{"target": -43.17033546686788, "params": {"C": 337.5892295559454, "epsilon": 0.9645705053946059, "gamma": 0.03860763292344221, "lamda": 0.7859720786280034}, "datetime": {"datetime": "2021-09-24 20:02:12", "elapsed": 574.605709, "delta": 2.17687}}
{"target": -43.01192236416228, "params": {"C": 277.6352357124819, "epsilon": 0.8160688365413744, "gamma": 0.03195308461076347, "lamda": 1.6221016195811582}, "datetime": {"datetime": "2021-09-24 20:02:15", "elapsed": 576.934373, "delta": 2.328664}}
{"target": -43.16409059860544, "params": {"C": 338.5722006017213, "epsilon": 0.5407302375237781, "gamma": 0.03663964632932048, "lamda": 0.8175245411368532}, "datetime": {"datetime": "2021-09-24 20:02:17", "elapsed": 579.254722, "delta": 2.320349}}
{"target": -42.9655201979297, "params": {"C": 292.94012976486385, "epsilon": 0.3234451675718254, "gamma": 0.03231010103332677, "lamda": 1.3873820888813724}, "datetime": {"datetime": "2021-09-24 20:02:19", "elapsed": 581.409915, "delta": 2.155193}}
{"target": -41.88071904658329, "params": {"C": 319.0311548715883, "epsilon": 0.3619071239767067, "gamma": 0.0072426812644761545, "lamda": 1.7564851982733873}, "datetime": {"datetime": "2021-09-24 20:02:21", "elapsed": 583.633462, "delta": 2.223547}}
{"target": -42.14747681714888, "params": {"C": 316.4388884896022, "epsilon": 0.6100063365720729, "gamma": 0.01382798753545, "lamda": 0.9824047079626319}, "datetime": {"datetime": "2021-09-24 20:02:24", "elapsed": 585.907978, "delta": 2.274516}}
{"target": -43.20562856141305, "params": {"C": 326.88400035354266, "epsilon": 0.36664080869395976, "gamma": 0.03926070259923446, "lamda": 1.492976187609222}, "datetime": {"datetime": "2021-09-24 20:02:26", "elapsed": 588.296872, "delta": 2.388894}}
{"target": -43.120725092643596, "params": {"C": 289.9900904425076, "epsilon": 0.8994284865775022, "gamma": 0.037296051006389955, "lamda": 1.0803072789726298}, "datetime": {"datetime": "2021-09-24 20:02:28", "elapsed": 590.453677, "delta": 2.156805}}
{"target": -45.0598028467313, "params": {"C": 303.36436591745746, "epsilon": 0.4671003219114854, "gamma": 0.0765209208807255, "lamda": 0.9238225723948235}, "datetime": {"datetime": "2021-09-24 20:02:31", "elapsed": 592.858046, "delta": 2.404369}}
{"target": -42.37148250891196, "params": {"C": 342.818345214, "epsilon": 0.9255136955091492, "gamma": 0.018874188711039273, "lamda": 0.8444068889356978}, "datetime": {"datetime": "2021-09-24 20:02:33", "elapsed": 595.403913, "delta": 2.545867}}
{"target": -42.577982013335124, "params": {"C": 277.7265633783115, "epsilon": 0.6822698016343671, "gamma": 0.02197268744582189, "lamda": 1.573360805069124}, "datetime": {"datetime": "2021-09-24 20:02:37", "elapsed": 599.229775, "delta": 3.825862}}
{"target": -45.34614291873841, "params": {"C": 345.61230268989607, "epsilon": 0.609672790324044, "gamma": 0.08486617731890005, "lamda": 0.8211434961724404}, "datetime": {"datetime": "2021-09-24 20:02:40", "elapsed": 601.786041, "delta": 2.556266}}
{"target": -44.99808649422521, "params": {"C": 259.7320468844879, "epsilon": 0.9783291435559325, "gamma": 0.08495299733613311, "lamda": 1.1502490663371754}, "datetime": {"datetime": "2021-09-24 20:02:42", "elapsed": 604.149122, "delta": 2.363081}}
{"target": -43.45798289203234, "params": {"C": 296.9625356278284, "epsilon": 0.8967459597134679, "gamma": 0.04186625872233496, "lamda": 1.8641829701447892}, "datetime": {"datetime": "2021-09-24 20:02:44", "elapsed": 606.454213, "delta": 2.305091}}
{"target": -43.130656221437235, "params": {"C": 306.23962292323415, "epsilon": 0.41950788827244245, "gamma": 0.0383688064727849, "lamda": 1.7497374364021383}, "datetime": {"datetime": "2021-09-24 20:02:47", "elapsed": 609.085056, "delta": 2.630843}}
{"target": -43.32360019393811, "params": {"C": 325.919445210049, "epsilon": 0.5634872834042608, "gamma": 0.042923234007644404, "lamda": 1.2420153064076018}, "datetime": {"datetime": "2021-09-24 20:02:50", "elapsed": 612.42286, "delta": 3.337804}}
{"target": -43.55013619407264, "params": {"C": 313.5025898826112, "epsilon": 0.8922574253336939, "gamma": 0.04914042411071844, "lamda": 1.1171512240439911}, "datetime": {"datetime": "2021-09-24 20:02:52", "elapsed": 614.562124, "delta": 2.139264}}
{"target": -44.622757462985085, "params": {"C": 325.84843034466945, "epsilon": 0.625377297937527, "gamma": 0.001, "lamda": 1.1535626375173555}, "datetime": {"datetime": "2021-09-24 20:02:56", "elapsed": 617.843333, "delta": 3.281209}}
{"target": -43.823449552981046, "params": {"C": 325.89118705419963, "epsilon": 0.6674003452601074, "gamma": 0.0013619876564349774, "lamda": 1.0950988065101885}, "datetime": {"datetime": "2021-09-24 20:03:00", "elapsed": 622.002893, "delta": 4.15956}}
{"target": -43.10630228822174, "params": {"C": 305.1179024739818, "epsilon": 0.6048423672448713, "gamma": 0.03612670160841513, "lamda": 1.812365994329194}, "datetime": {"datetime": "2021-09-24 20:03:04", "elapsed": 626.449247, "delta": 4.446354}}
{"target": -45.52027893412856, "params": {"C": 259.5164206148677, "epsilon": 0.6178772121198746, "gamma": 0.09465025840702462, "lamda": 1.968439574352241}, "datetime": {"datetime": "2021-09-24 20:03:06", "elapsed": 628.569799, "delta": 2.120552}}
{"target": -43.36382902252061, "params": {"C": 339.7346188479796, "epsilon": 0.4082650289000142, "gamma": 0.0454313840172932, "lamda": 2.02382350438919}, "datetime": {"datetime": "2021-09-24 20:03:11", "elapsed": 633.003317, "delta": 4.433518}}
{"target": -43.75455572255898, "params": {"C": 286.38259672380866, "epsilon": 0.8586378200575058, "gamma": 0.04920403171139453, "lamda": 1.9587081593871398}, "datetime": {"datetime": "2021-09-24 20:03:15", "elapsed": 636.712241, "delta": 3.708924}}
{"target": -44.62860348294736, "params": {"C": 317.20861741202964, "epsilon": 0.4210716060630254, "gamma": 0.07802010521660781, "lamda": 1.9487810963349603}, "datetime": {"datetime": "2021-09-24 20:03:17", "elapsed": 639.173892, "delta": 2.461651}}
{"target": -43.352568959071775, "params": {"C": 332.8295559272683, "epsilon": 0.3860255248373814, "gamma": 0.04476922603139612, "lamda": 1.954057779802681}, "datetime": {"datetime": "2021-09-24 20:03:19", "elapsed": 641.465124, "delta": 2.291232}}
{"target": -42.19438887613798, "params": {"C": 314.538938433469, "epsilon": 0.5326227329092953, "gamma": 0.012486785126951911, "lamda": 1.7698429502091175}, "datetime": {"datetime": "2021-09-24 20:03:22", "elapsed": 644.303577, "delta": 2.838453}}
{"target": -43.89086796729076, "params": {"C": 323.2563740406778, "epsilon": 0.994242233773279, "gamma": 0.057564906340600346, "lamda": 0.7679923050889905}, "datetime": {"datetime": "2021-09-24 20:03:25", "elapsed": 646.781754, "delta": 2.478177}}
{"target": -44.20315650793889, "params": {"C": 325.4590340891043, "epsilon": 0.6847710412498718, "gamma": 0.0657537397595464, "lamda": 1.0358373432942645}, "datetime": {"datetime": "2021-09-24 20:03:27", "elapsed": 649.238228, "delta": 2.456474}}
{"target": -45.411517118020775, "params": {"C": 330.3603833073879, "epsilon": 0.5752191288960908, "gamma": 0.09403693040108176, "lamda": 1.772937727066964}, "datetime": {"datetime": "2021-09-24 20:03:29", "elapsed": 651.613847, "delta": 2.375619}}
{"target": -43.36726800762833, "params": {"C": 253.12921930702626, "epsilon": 0.7997211657749419, "gamma": 0.04430371665936942, "lamda": 1.002939696154129}, "datetime": {"datetime": "2021-09-24 20:03:33", "elapsed": 654.923847, "delta": 3.31}}
{"target": -43.34800244932345, "params": {"C": 250.02588876626885, "epsilon": 0.5322688296028059, "gamma": 0.042636207925869175, "lamda": 1.0668202403798959}, "datetime": {"datetime": "2021-09-24 20:03:35", "elapsed": 657.109772, "delta": 2.185925}}
{"target": -44.94169032467106, "params": {"C": 296.6708754388769, "epsilon": 0.7026677897967308, "gamma": 0.08164223378678669, "lamda": 1.9071687353973248}, "datetime": {"datetime": "2021-09-24 20:03:37", "elapsed": 659.321279, "delta": 2.211507}}
{"target": -45.10539643720876, "params": {"C": 332.29104015441254, "epsilon": 0.6113174075214401, "gamma": 0.08694277930929124, "lamda": 1.206608536329481}, "datetime": {"datetime": "2021-09-24 20:03:40", "elapsed": 661.698441, "delta": 2.377162}}
{"target": -44.669093932440646, "params": {"C": 326.8276166807816, "epsilon": 0.8473422910743438, "gamma": 0.07684031240986788, "lamda": 1.4293356602380163}, "datetime": {"datetime": "2021-09-24 20:03:42", "elapsed": 664.279814, "delta": 2.581373}}
{"target": -42.10991109065084, "params": {"C": 340.8521931654935, "epsilon": 0.7036997945721549, "gamma": 0.01135403640135028, "lamda": 1.1697850585727005}, "datetime": {"datetime": "2021-09-24 20:03:45", "elapsed": 667.029914, "delta": 2.7501}}
{"target": -41.90721100576452, "params": {"C": 342.61379967369624, "epsilon": 0.875137560854655, "gamma": 0.00579661877791519, "lamda": 0.7683200497384493}, "datetime": {"datetime": "2021-09-24 20:03:48", "elapsed": 670.010723, "delta": 2.980809}}
{"target": -42.952675631882755, "params": {"C": 284.2513391891666, "epsilon": 0.38022108795022275, "gamma": 0.032094895938048845, "lamda": 1.234679546907628}, "datetime": {"datetime": "2021-09-24 20:03:50", "elapsed": 672.404947, "delta": 2.394224}}
{"target": -42.551740582764886, "params": {"C": 271.4206674012171, "epsilon": 0.6171678730127961, "gamma": 0.023049965291756916, "lamda": 1.2995165077074387}, "datetime": {"datetime": "2021-09-24 20:03:54", "elapsed": 675.674068, "delta": 3.269121}}
{"target": -43.271880234315795, "params": {"C": 324.4970805947168, "epsilon": 0.4991108155028511, "gamma": 0.042075473377549626, "lamda": 2.071449468717019}, "datetime": {"datetime": "2021-09-24 20:03:56", "elapsed": 677.940571, "delta": 2.266503}}
{"target": -44.85501363666306, "params": {"C": 342.0235067878832, "epsilon": 0.7042320078676785, "gamma": 0.001, "lamda": 1.1028336852839444}, "datetime": {"datetime": "2021-09-24 20:04:00", "elapsed": 681.839517, "delta": 3.898946}}
{"target": -42.09643454229276, "params": {"C": 274.52511123410966, "epsilon": 0.8054086701272449, "gamma": 0.007359787389431423, "lamda": 1.2477553784065423}, "datetime": {"datetime": "2021-09-24 20:04:02", "elapsed": 684.644964, "delta": 2.805447}}
{"target": -43.59627758576639, "params": {"C": 252.0374328818767, "epsilon": 0.9375320361669435, "gamma": 0.04637035897448649, "lamda": 1.643099829704898}, "datetime": {"datetime": "2021-09-24 20:04:05", "elapsed": 686.875514, "delta": 2.23055}}
{"target": -45.43079637270601, "params": {"C": 314.8459979981229, "epsilon": 0.9984557625751758, "gamma": 0.09438971109151767, "lamda": 1.0419147925309518}, "datetime": {"datetime": "2021-09-24 20:04:07", "elapsed": 688.805784, "delta": 1.93027}}
{"target": -43.04763779716357, "params": {"C": 255.84044053468247, "epsilon": 0.9102456754049857, "gamma": 0.03098144543823633, "lamda": 1.8601622298813614}, "datetime": {"datetime": "2021-09-24 20:04:09", "elapsed": 690.901319, "delta": 2.095535}}
{"target": -41.881569954660726, "params": {"C": 253.09548303783285, "epsilon": 0.6694208168474678, "gamma": 0.006663765932881448, "lamda": 0.9940467673980743}, "datetime": {"datetime": "2021-09-24 20:04:12", "elapsed": 693.958232, "delta": 3.056913}}
{"target": -44.93445019082837, "params": {"C": 286.1769296365219, "epsilon": 0.5405341002089123, "gamma": 0.0828903526320815, "lamda": 1.297856275818087}, "datetime": {"datetime": "2021-09-24 20:04:14", "elapsed": 696.274571, "delta": 2.316339}}
{"target": -43.361062576814504, "params": {"C": 339.9981130382438, "epsilon": 0.84421633283288, "gamma": 0.04091326980361183, "lamda": 1.7225776072941776}, "datetime": {"datetime": "2021-09-24 20:04:16", "elapsed": 698.449132, "delta": 2.174561}}
{"target": -44.14454182893687, "params": {"C": 465.6980964900119, "epsilon": 0.31452636455158106, "gamma": 0.06373117525770126, "lamda": 1.7483254355540567}, "datetime": {"datetime": "2021-09-24 20:04:23", "elapsed": 0.0, "delta": 0.0}}
{"target": -42.44850980044733, "params": {"C": 424.77605184538857, "epsilon": 0.45735765187159333, "gamma": 0.020608223611202774, "lamda": 1.7647429970785422}, "datetime": {"datetime": "2021-09-24 20:04:24", "elapsed": 0.231432, "delta": 0.231432}}
{"target": -44.27052853477436, "params": {"C": 375.36662548438034, "epsilon": 0.36183786992180716, "gamma": 0.06885062201841192, "lamda": 2.034750684672911}, "datetime": {"datetime": "2021-09-24 20:04:24", "elapsed": 0.453514, "delta": 0.222082}}
{"target": -44.80206329583564, "params": {"C": 350.59223994918716, "epsilon": 0.6585345843700436, "gamma": 0.08144947520355925, "lamda": 1.5575364935611433}, "datetime": {"datetime": "2021-09-24 20:04:24", "elapsed": 0.683301, "delta": 0.229787}}
{"target": -45.28642306370557, "params": {"C": 458.26329761476995, "epsilon": 0.5043132477194432, "gamma": 0.09185963812878141, "lamda": 1.700406096756767}, "datetime": {"datetime": "2021-09-24 20:04:24", "elapsed": 0.918301, "delta": 0.235}}
{"target": -43.654159600481684, "params": {"C": 384.50489464037287, "epsilon": 0.4330387068868663, "gamma": 0.04742001985182671, "lamda": 0.8857532141787985}, "datetime": {"datetime": "2021-09-24 20:04:25", "elapsed": 1.18567, "delta": 0.267369}}
{"target": -42.35368635559096, "params": {"C": 423.9257981592016, "epsilon": 0.5159437757734949, "gamma": 0.01606336743724536, "lamda": 2.0668688270886166}, "datetime": {"datetime": "2021-09-24 20:04:25", "elapsed": 1.627613, "delta": 0.441943}}
{"target": -48.28738040162088, "params": {"C": 411.85166976209473, "epsilon": 0.3, "gamma": 0.1, "lamda": 0.7}, "datetime": {"datetime": "2021-09-24 20:04:26", "elapsed": 2.180097, "delta": 0.552484}}
{"target": -48.61110746507234, "params": {"C": 433.88161245914364, "epsilon": 1.0, "gamma": 0.001, "lamda": 2.1}, "datetime": {"datetime": "2021-09-24 20:04:26", "elapsed": 2.703151, "delta": 0.523054}}
{"target": -46.322749367531834, "params": {"C": 391.4979837597814, "epsilon": 1.0, "gamma": 0.1, "lamda": 2.1}, "datetime": {"datetime": "2021-09-24 20:04:27", "elapsed": 3.203272, "delta": 0.500121}}
{"target": -43.01632821831005, "params": {"C": 472.92427498782587, "epsilon": 0.6187195914997149, "gamma": 0.03246604069235447, "lamda": 2.0123916561076443}, "datetime": {"datetime": "2021-09-24 20:04:27", "elapsed": 3.688996, "delta": 0.485724}}
{"target": -48.28738040162088, "params": {"C": 478.55964821184705, "epsilon": 0.3, "gamma": 0.1, "lamda": 0.7}, "datetime": {"datetime": "2021-09-24 20:04:28", "elapsed": 4.206738, "delta": 0.517742}}
{"target": -43.45133406794406, "params": {"C": 469.8821846401798, "epsilon": 0.7417591323049879, "gamma": 0.04512578928094036, "lamda": 0.7741051367820557}, "datetime": {"datetime": "2021-09-24 20:04:28", "elapsed": 4.746492, "delta": 0.539754}}
{"target": -44.50189291140328, "params": {"C": 420.4347493821514, "epsilon": 1.0, "gamma": 0.001, "lamda": 0.7}, "datetime": {"datetime": "2021-09-24 20:04:29", "elapsed": 5.242592, "delta": 0.4961}}
{"target": -44.501892921555566, "params": {"C": 367.69424328743844, "epsilon": 1.0, "gamma": 0.001, "lamda": 0.7}, "datetime": {"datetime": "2021-09-24 20:04:29", "elapsed": 5.743811, "delta": 0.501219}}
