{"target": -44.675351979284976, "params": {"C": 137.25864935069438, "epsilon": 0.8988730458691334, "gamma": 0.07871915494427299, "lamda": 1.072401312881373}, "datetime": {"datetime": "2021-09-24 19:19:31", "elapsed": 455.636806, "delta": 1.627511}}
{"target": -42.2191178497327, "params": {"C": 124.98350813638528, "epsilon": 0.7856730753385776, "gamma": 0.004811668204134209, "lamda": 1.1037888425372158}, "datetime": {"datetime": "2021-09-24 19:19:34", "elapsed": 458.427561, "delta": 2.790755}}
{"target": -42.2804343888725, "params": {"C": 120.2851473428127, "epsilon": 0.48101709936648895, "gamma": 0.0046428854028135215, "lamda": 1.2170303728878644}, "datetime": {"datetime": "2021-09-24 19:19:36", "elapsed": 460.167602, "delta": 1.740041}}
{"target": -45.74701800776118, "params": {"C": 127.32856579334793, "epsilon": 0.3046298767095425, "gamma": 0.09488341035553038, "lamda": 0.9593691923828811}, "datetime": {"datetime": "2021-09-24 19:19:37", "elapsed": 461.852346, "delta": 1.684744}}
{"target": -44.64644671981059, "params": {"C": 124.85010634869093, "epsilon": 0.989510041688237, "gamma": 0.0015018291393825108, "lamda": 1.0557856925660307}, "datetime": {"datetime": "2021-09-24 19:19:40", "elapsed": 464.886917, "delta": 3.034571}}
{"target": -42.65736022411875, "params": {"C": 124.86500188105661, "epsilon": 0.9343242169388366, "gamma": 0.02424105582352997, "lamda": 1.117004305834538}, "datetime": {"datetime": "2021-09-24 19:19:44", "elapsed": 468.027796, "delta": 3.140879}}
{"target": -44.29246183452655, "params": {"C": 111.58954269805744, "epsilon": 0.7863885538781892, "gamma": 0.06798020465339007, "lamda": 1.1437314233333553}, "datetime": {"datetime": "2021-09-24 19:19:47", "elapsed": 471.093331, "delta": 3.065535}}
{"target": -42.29032675580814, "params": {"C": 124.69638565529056, "epsilon": 0.7682645089261398, "gamma": 0.014125471350330949, "lamda": 1.1427194158353164}, "datetime": {"datetime": "2021-09-24 19:19:51", "elapsed": 475.319448, "delta": 4.226117}}
{"target": -42.32103633054877, "params": {"C": 124.98703273045908, "epsilon": 0.8217796334630729, "gamma": 0.015450019064754905, "lamda": 1.1269361438896524}, "datetime": {"datetime": "2021-09-24 19:19:54", "elapsed": 478.254875, "delta": 2.935427}}
{"target": -42.66053385090701, "params": {"C": 124.95219626850852, "epsilon": 0.9117188115463655, "gamma": 0.0038552383129086196, "lamda": 1.1365913240787375}, "datetime": {"datetime": "2021-09-24 19:19:58", "elapsed": 482.255378, "delta": 4.000503}}
{"target": -42.01544255381489, "params": {"C": 127.53760622182375, "epsilon": 0.6155367565092763, "gamma": 0.006368678676383112, "lamda": 1.3833866662514513}, "datetime": {"datetime": "2021-09-24 19:20:00", "elapsed": 483.97911, "delta": 1.723732}}
{"target": -42.71034038011126, "params": {"C": 116.26235648353632, "epsilon": 0.8812125315558348, "gamma": 0.020464061486839245, "lamda": 0.7773242280449104}, "datetime": {"datetime": "2021-09-24 19:20:03", "elapsed": 486.970615, "delta": 2.991505}}
{"target": -44.37337052686347, "params": {"C": 146.77750988868038, "epsilon": 0.8562779556102511, "gamma": 0.045874162141758504, "lamda": 0.20402113942228287}, "datetime": {"datetime": "2021-09-24 19:20:04", "elapsed": 488.84151, "delta": 1.870895}}
{"target": -45.691766080285284, "params": {"C": 109.20695692209686, "epsilon": 0.5451844590772266, "gamma": 0.09938291436150334, "lamda": 0.27984465309984663}, "datetime": {"datetime": "2021-09-24 19:20:06", "elapsed": 490.711819, "delta": 1.870309}}
{"target": -44.58758269893197, "params": {"C": 145.85814223870398, "epsilon": 0.7166621666789303, "gamma": 0.06843459413062924, "lamda": 0.6382673591244664}, "datetime": {"datetime": "2021-09-24 19:20:08", "elapsed": 492.467315, "delta": 1.755496}}
{"target": -44.62672517977548, "params": {"C": 121.63098944596396, "epsilon": 0.4484285085256108, "gamma": 0.06502654183983853, "lamda": 0.8984870127336732}, "datetime": {"datetime": "2021-09-24 19:20:10", "elapsed": 494.19683, "delta": 1.729515}}
{"target": -43.78382602653738, "params": {"C": 123.40374140955583, "epsilon": 0.4121968688679808, "gamma": 0.038741351255910016, "lamda": 0.17819717606225569}, "datetime": {"datetime": "2021-09-24 19:20:12", "elapsed": 496.094986, "delta": 1.898156}}
{"target": -44.32093657675514, "params": {"C": 147.28695397127146, "epsilon": 0.8286417586025145, "gamma": 0.06856559752619065, "lamda": 1.4573829279972985}, "datetime": {"datetime": "2021-09-24 19:20:13", "elapsed": 497.817549, "delta": 1.722563}}
{"target": -44.956177878860856, "params": {"C": 109.19346089816347, "epsilon": 0.34568311939572804, "gamma": 0.08200545000911849, "lamda": 1.5533145321804225}, "datetime": {"datetime": "2021-09-24 19:20:15", "elapsed": 499.632931, "delta": 1.815382}}
{"target": -42.306730007988804, "params": {"C": 106.81590745027655, "epsilon": 0.9490944237318155, "gamma": 0.006854982883462743, "lamda": 1.2419451508968258}, "datetime": {"datetime": "2021-09-24 19:20:19", "elapsed": 503.829541, "delta": 4.19661}}
{"target": -42.78751222085881, "params": {"C": 113.0179525947015, "epsilon": 0.7385491868929732, "gamma": 0.00670650432226291, "lamda": 0.20525138323309122}, "datetime": {"datetime": "2021-09-24 19:20:21", "elapsed": 505.900533, "delta": 2.070992}}
{"target": -45.409901113993214, "params": {"C": 125.01291638783519, "epsilon": 0.9743508027236554, "gamma": 0.0902910653101632, "lamda": 1.5233058143674474}, "datetime": {"datetime": "2021-09-24 19:20:23", "elapsed": 507.636812, "delta": 1.736279}}
{"target": -43.58565514667733, "params": {"C": 117.90523638957494, "epsilon": 0.3313574086394359, "gamma": 0.030657659981036492, "lamda": 0.7193830882400765}, "datetime": {"datetime": "2021-09-24 19:20:25", "elapsed": 509.447922, "delta": 1.81111}}
{"target": -43.29300078558369, "params": {"C": 118.11632495385264, "epsilon": 0.7326860348182166, "gamma": 0.041601927796624395, "lamda": 1.5835823684232397}, "datetime": {"datetime": "2021-09-24 19:20:29", "elapsed": 512.970731, "delta": 3.522809}}
{"target": -42.83200053402035, "params": {"C": 124.79646617479565, "epsilon": 0.7817574374598522, "gamma": 0.026800802617079615, "lamda": 0.9401102770244923}, "datetime": {"datetime": "2021-09-24 19:20:32", "elapsed": 516.619634, "delta": 3.648903}}
{"target": -44.285742763780895, "params": {"C": 123.66237981778255, "epsilon": 0.9626884791406638, "gamma": 0.06561706524694376, "lamda": 0.7843449276641915}, "datetime": {"datetime": "2021-09-24 19:20:34", "elapsed": 518.613553, "delta": 1.993919}}
{"target": -42.26966665195199, "params": {"C": 144.78079894242697, "epsilon": 0.5821433752743658, "gamma": 0.014489322381863973, "lamda": 1.2463848529464185}, "datetime": {"datetime": "2021-09-24 19:20:36", "elapsed": 520.427963, "delta": 1.81441}}
{"target": -42.06861168240405, "params": {"C": 124.95115698737672, "epsilon": 0.8715484475467528, "gamma": 0.006396466553719121, "lamda": 1.0512496398213516}, "datetime": {"datetime": "2021-09-24 19:20:40", "elapsed": 523.909902, "delta": 3.481939}}
{"target": -43.74699832501004, "params": {"C": 113.004714093562, "epsilon": 0.46519918296073903, "gamma": 0.03681718333444514, "lamda": 0.3289900948595189}, "datetime": {"datetime": "2021-09-24 19:20:41", "elapsed": 525.816617, "delta": 1.906715}}
{"target": -46.696430997694904, "params": {"C": 124.2824502777313, "epsilon": 0.898437680679479, "gamma": 0.001, "lamda": 1.4546209465511377}, "datetime": {"datetime": "2021-09-24 19:20:45", "elapsed": 529.184981, "delta": 3.368364}}
{"target": -42.42394598763606, "params": {"C": 125.00076313350036, "epsilon": 0.8113086325685768, "gamma": 0.01697544192406677, "lamda": 0.9603484759209436}, "datetime": {"datetime": "2021-09-24 19:20:48", "elapsed": 532.232606, "delta": 3.047625}}
{"target": -42.35430198317885, "params": {"C": 124.99307981332474, "epsilon": 0.8812772635108146, "gamma": 0.016715447612516296, "lamda": 1.135821154349137}, "datetime": {"datetime": "2021-09-24 19:20:51", "elapsed": 535.069831, "delta": 2.837225}}
{"target": -44.82058813798718, "params": {"C": 124.84346433676964, "epsilon": 0.8145738383225833, "gamma": 0.001, "lamda": 0.9022487946758032}, "datetime": {"datetime": "2021-09-24 19:20:55", "elapsed": 539.181788, "delta": 4.111957}}
{"target": -44.14518109887314, "params": {"C": 140.71302863285982, "epsilon": 0.8127923821048966, "gamma": 0.058568836377957366, "lamda": 0.6599651170133987}, "datetime": {"datetime": "2021-09-24 19:20:57", "elapsed": 541.037794, "delta": 1.856006}}
{"target": -43.847505615035985, "params": {"C": 128.36891397022634, "epsilon": 0.6345588322341877, "gamma": 0.03598953934534536, "lamda": 0.5264596999252318}, "datetime": {"datetime": "2021-09-24 19:20:59", "elapsed": 542.935262, "delta": 1.897468}}
{"target": -43.095800024329606, "params": {"C": 146.8012495318692, "epsilon": 0.4973647102034849, "gamma": 0.034613009306707875, "lamda": 1.3556980991035978}, "datetime": {"datetime": "2021-09-24 19:21:00", "elapsed": 544.704212, "delta": 1.76895}}
{"target": -43.78106950490432, "params": {"C": 116.30973591718501, "epsilon": 0.8548728754235928, "gamma": 0.04969655359460477, "lamda": 0.7571118005865227}, "datetime": {"datetime": "2021-09-24 19:21:05", "elapsed": 548.996805, "delta": 4.292593}}
{"target": -44.195717236531635, "params": {"C": 103.94691906098868, "epsilon": 0.8465449527595554, "gamma": 0.06333001364612789, "lamda": 1.6661753148558984}, "datetime": {"datetime": "2021-09-24 19:21:06", "elapsed": 550.77225, "delta": 1.775445}}
{"target": -42.20600391609023, "params": {"C": 124.26121094183961, "epsilon": 0.814268209480423, "gamma": 0.009911518874064548, "lamda": 1.4524445913120358}, "datetime": {"datetime": "2021-09-24 19:21:09", "elapsed": 553.743038, "delta": 2.970788}}
{"target": -42.57654260352074, "params": {"C": 111.62590834436696, "epsilon": 0.7826180683477528, "gamma": 0.020853427871201084, "lamda": 1.1402707996413506}, "datetime": {"datetime": "2021-09-24 19:21:13", "elapsed": 557.542827, "delta": 3.799789}}
{"target": -42.71215913808916, "params": {"C": 148.26351003718784, "epsilon": 0.9850310772873223, "gamma": 0.012639306134458059, "lamda": 0.03679665912206491}, "datetime": {"datetime": "2021-09-24 19:21:15", "elapsed": 559.423297, "delta": 1.88047}}
{"target": -42.19941103032426, "params": {"C": 124.7243281107425, "epsilon": 0.6459745233367808, "gamma": 0.011419223274239356, "lamda": 1.2085302335408905}, "datetime": {"datetime": "2021-09-24 19:21:18", "elapsed": 562.700497, "delta": 3.2772}}
{"target": -42.53812493394041, "params": {"C": 124.96615668677674, "epsilon": 0.8108965773530896, "gamma": 0.02127573180784367, "lamda": 1.0795007285346296}, "datetime": {"datetime": "2021-09-24 19:21:22", "elapsed": 565.992942, "delta": 3.292445}}
{"target": -44.9031649383313, "params": {"C": 100.22728604153656, "epsilon": 0.8626470153282682, "gamma": 0.07598516108965643, "lamda": 0.5324673893033537}, "datetime": {"datetime": "2021-09-24 19:21:23", "elapsed": 567.82261, "delta": 1.829668}}
{"target": -43.91221241152498, "params": {"C": 133.29251613429557, "epsilon": 0.9045695608121911, "gamma": 0.05760368105907218, "lamda": 1.284992984206437}, "datetime": {"datetime": "2021-09-24 19:21:25", "elapsed": 569.636883, "delta": 1.814273}}
{"target": -44.06917792100525, "params": {"C": 131.98104040871448, "epsilon": 0.732024370326241, "gamma": 0.05942196393963672, "lamda": 0.9217615175499876}, "datetime": {"datetime": "2021-09-24 19:21:27", "elapsed": 571.535015, "delta": 1.898132}}
{"target": -42.341158698237386, "params": {"C": 104.584040376388, "epsilon": 0.9600536840454041, "gamma": 0.013988171960427866, "lamda": 1.0530915273256913}, "datetime": {"datetime": "2021-09-24 19:21:29", "elapsed": 573.414626, "delta": 1.879611}}
{"target": -43.01608973389354, "params": {"C": 124.86913159977404, "epsilon": 0.7652210288596036, "gamma": 0.032003606454566125, "lamda": 1.006407361850616}, "datetime": {"datetime": "2021-09-24 19:21:31", "elapsed": 575.221192, "delta": 1.806566}}
{"target": -44.569782176749854, "params": {"C": 134.26890850841917, "epsilon": 0.6111185025941885, "gamma": 0.07640595202082452, "lamda": 1.678667047309194}, "datetime": {"datetime": "2021-09-24 19:21:33", "elapsed": 577.098028, "delta": 1.876836}}
{"target": -44.643617493767216, "params": {"C": 102.9629354286743, "epsilon": 0.3047196712089723, "gamma": 0.06058695712855887, "lamda": 0.2761432141903731}, "datetime": {"datetime": "2021-09-24 19:21:35", "elapsed": 579.443041, "delta": 2.345013}}
{"target": -42.650073691929705, "params": {"C": 124.35653997934344, "epsilon": 0.9194381228636817, "gamma": 0.0054651709792272775, "lamda": 1.4467040469505545}, "datetime": {"datetime": "2021-09-24 19:21:39", "elapsed": 583.218398, "delta": 3.775357}}
{"target": -42.21853476745566, "params": {"C": 143.14659201887346, "epsilon": 0.8510513015308241, "gamma": 0.011993644420574847, "lamda": 1.2847150973371553}, "datetime": {"datetime": "2021-09-24 19:21:41", "elapsed": 585.220732, "delta": 2.002334}}
{"target": -42.16679731432963, "params": {"C": 144.88520566992253, "epsilon": 0.399179619947369, "gamma": 0.010210682581775241, "lamda": 1.5757990070252421}, "datetime": {"datetime": "2021-09-24 19:21:43", "elapsed": 587.068132, "delta": 1.8474}}
{"target": -43.05877752860651, "params": {"C": 106.80366903569109, "epsilon": 0.9762204649074613, "gamma": 0.03401176486840938, "lamda": 1.2194842484856718}, "datetime": {"datetime": "2021-09-24 19:21:47", "elapsed": 590.918198, "delta": 3.850066}}
{"target": -45.37892458555049, "params": {"C": 102.6097074959446, "epsilon": 0.536810766166082, "gamma": 0.08890640235773613, "lamda": 0.30346665022150643}, "datetime": {"datetime": "2021-09-24 19:21:48", "elapsed": 592.840038, "delta": 1.92184}}
{"target": -43.02452084908718, "params": {"C": 142.87605322556144, "epsilon": 0.7193260053147766, "gamma": 0.0032300401344272614, "lamda": 1.5180616754595608}, "datetime": {"datetime": "2021-09-24 19:21:53", "elapsed": 597.518443, "delta": 4.678405}}
{"target": -44.532482008981866, "params": {"C": 124.90751158055882, "epsilon": 0.7341054687624846, "gamma": 0.001, "lamda": 0.8839215312267267}, "datetime": {"datetime": "2021-09-24 19:21:56", "elapsed": 600.756058, "delta": 3.237615}}
{"target": -44.76014749042751, "params": {"C": 132.11263029044545, "epsilon": 0.3127226794803578, "gamma": 0.062463354936092175, "lamda": 0.41578510767747007}, "datetime": {"datetime": "2021-09-24 19:21:58", "elapsed": 602.788696, "delta": 2.032638}}
{"target": -43.07748085606184, "params": {"C": 130.74029654961646, "epsilon": 0.7538181134130951, "gamma": 0.02879574470356912, "lamda": 0.7621161662241247}, "datetime": {"datetime": "2021-09-24 19:22:00", "elapsed": 604.749717, "delta": 1.961021}}
{"target": -42.982387427581074, "params": {"C": 113.81761785624096, "epsilon": 0.8160688365413744, "gamma": 0.03195308461076347, "lamda": 1.1200361797631342}, "datetime": {"datetime": "2021-09-24 19:22:02", "elapsed": 606.769128, "delta": 2.019411}}
{"target": -43.88817123542465, "params": {"C": 144.28610030086065, "epsilon": 0.5407302375237781, "gamma": 0.03663964632932048, "lamda": 0.1436244252796526}, "datetime": {"datetime": "2021-09-24 19:22:05", "elapsed": 608.962717, "delta": 2.193589}}
{"target": -43.72007514874298, "params": {"C": 121.47006488243193, "epsilon": 0.3234451675718254, "gamma": 0.03231010103332677, "lamda": 0.8351872635781799}, "datetime": {"datetime": "2021-09-24 19:22:07", "elapsed": 611.050506, "delta": 2.087789}}
{"target": -42.36301923110631, "params": {"C": 134.51557743579414, "epsilon": 0.3619071239767067, "gamma": 0.0072426812644761545, "lamda": 1.2831202513332034}, "datetime": {"datetime": "2021-09-24 19:22:09", "elapsed": 613.104449, "delta": 2.053943}}
{"target": -43.025885761556935, "params": {"C": 133.2194442448011, "epsilon": 0.6100063365720729, "gamma": 0.01382798753545, "lamda": 0.3437182848775083}, "datetime": {"datetime": "2021-09-24 19:22:11", "elapsed": 615.271634, "delta": 2.167185}}
{"target": -43.89238734221885, "params": {"C": 138.44200017677133, "epsilon": 0.36664080869395976, "gamma": 0.03926070259923446, "lamda": 0.9633332448200486}, "datetime": {"datetime": "2021-09-24 19:22:13", "elapsed": 617.298024, "delta": 2.02639}}
{"target": -43.77453819469487, "params": {"C": 119.99504522125379, "epsilon": 0.8994284865775022, "gamma": 0.037296051006389955, "lamda": 0.4625300478389271}, "datetime": {"datetime": "2021-09-24 19:22:15", "elapsed": 619.472765, "delta": 2.174741}}
{"target": -45.08661018509677, "params": {"C": 126.68218295872873, "epsilon": 0.4671003219114854, "gamma": 0.0765209208807255, "lamda": 0.2726246789277179}, "datetime": {"datetime": "2021-09-24 19:22:17", "elapsed": 621.516489, "delta": 2.043724}}
{"target": -42.09677955082188, "params": {"C": 124.65843826061659, "epsilon": 0.5874821917698363, "gamma": 0.0077512222366304786, "lamda": 1.2171466026216418}, "datetime": {"datetime": "2021-09-24 19:22:19", "elapsed": 623.675744, "delta": 2.159255}}
{"target": -42.259927176503425, "params": {"C": 124.29703683601038, "epsilon": 0.8655202258993189, "gamma": 0.007657591924552135, "lamda": 1.3814045791571932}, "datetime": {"datetime": "2021-09-24 19:22:23", "elapsed": 627.114508, "delta": 3.438764}}
{"target": -45.581228050224446, "params": {"C": 147.80615134494803, "epsilon": 0.609672790324044, "gamma": 0.08486617731890005, "lamda": 0.14801628571212602}, "datetime": {"datetime": "2021-09-24 19:22:25", "elapsed": 629.15917, "delta": 2.044662}}
{"target": -45.058866165884254, "params": {"C": 104.86602344224394, "epsilon": 0.9783291435559325, "gamma": 0.08495299733613311, "lamda": 0.5474094026477578}, "datetime": {"datetime": "2021-09-24 19:22:27", "elapsed": 631.349472, "delta": 2.190302}}
{"target": -42.63105636964577, "params": {"C": 124.41200152247296, "epsilon": 0.8940008932837509, "gamma": 0.0048901734821924555, "lamda": 1.3606135879970958}, "datetime": {"datetime": "2021-09-24 19:22:29", "elapsed": 633.236656, "delta": 1.887184}}
{"target": -43.49178465783775, "params": {"C": 128.11981146161708, "epsilon": 0.41950788827244245, "gamma": 0.0383688064727849, "lamda": 1.2749313603194519}, "datetime": {"datetime": "2021-09-24 19:22:31", "elapsed": 635.386979, "delta": 2.150323}}
{"target": -42.3656090886633, "params": {"C": 124.29394458810621, "epsilon": 0.8014598846171608, "gamma": 0.006650722886797725, "lamda": 1.5063499538315557}, "datetime": {"datetime": "2021-09-24 19:22:36", "elapsed": 640.140809, "delta": 4.75383}}
{"target": -44.00295636154967, "params": {"C": 131.7512949413056, "epsilon": 0.8922574253336939, "gamma": 0.04914042411071844, "lamda": 0.5072428068933863}, "datetime": {"datetime": "2021-09-24 19:22:38", "elapsed": 642.153508, "delta": 2.012699}}
{"target": -42.765028573205, "params": {"C": 142.84646903361022, "epsilon": 0.6815343386030163, "gamma": 0.027100675757231765, "lamda": 1.4734251789417583}, "datetime": {"datetime": "2021-09-24 19:22:41", "elapsed": 645.633182, "delta": 3.479674}}
{"target": -43.04663634174729, "params": {"C": 124.27337562049257, "epsilon": 0.9502622180401565, "gamma": 0.03225372291758142, "lamda": 1.534482356822422}, "datetime": {"datetime": "2021-09-24 19:22:45", "elapsed": 649.207728, "delta": 3.574546}}
{"target": -43.11232696123189, "params": {"C": 127.55895123699091, "epsilon": 0.6048423672448713, "gamma": 0.03612670160841513, "lamda": 1.3509355888323578}, "datetime": {"datetime": "2021-09-24 19:22:49", "elapsed": 653.606865, "delta": 4.399137}}
{"target": -45.429295468240475, "params": {"C": 104.75821030743383, "epsilon": 0.6178772121198746, "gamma": 0.09465025840702462, "lamda": 1.5403420263031837}, "datetime": {"datetime": "2021-09-24 19:22:51", "elapsed": 655.665845, "delta": 2.05898}}
{"target": -42.27502535598766, "params": {"C": 124.97854888738213, "epsilon": 0.856845151339104, "gamma": 0.01344649735241979, "lamda": 0.9750884294477783}, "datetime": {"datetime": "2021-09-24 19:22:56", "elapsed": 660.256473, "delta": 4.590628}}
{"target": -44.66422660268885, "params": {"C": 116.22981748573216, "epsilon": 0.8938063085933213, "gamma": 0.001, "lamda": 0.7434359204509342}, "datetime": {"datetime": "2021-09-24 19:23:00", "elapsed": 664.016183, "delta": 3.75971}}
{"target": -44.767068242096464, "params": {"C": 133.60430870601482, "epsilon": 0.4210716060630254, "gamma": 0.07802010521660781, "lamda": 1.5164850590522123}, "datetime": {"datetime": "2021-09-24 19:23:02", "elapsed": 666.448066, "delta": 2.431883}}
{"target": -43.54536927263714, "params": {"C": 141.41477796363415, "epsilon": 0.3860255248373814, "gamma": 0.04476922603139612, "lamda": 1.5228886913462536}, "datetime": {"datetime": "2021-09-24 19:23:04", "elapsed": 668.797931, "delta": 2.349865}}
{"target": -42.27917572876598, "params": {"C": 132.2694692167345, "epsilon": 0.5326227329092953, "gamma": 0.012486785126951911, "lamda": 1.2993308374323504}, "datetime": {"datetime": "2021-09-24 19:23:07", "elapsed": 670.928371, "delta": 2.13044}}
{"target": -44.76462931168448, "params": {"C": 136.6281870203389, "epsilon": 0.994242233773279, "gamma": 0.057564906340600346, "lamda": 0.08351351881871065}, "datetime": {"datetime": "2021-09-24 19:23:09", "elapsed": 672.916057, "delta": 1.987686}}
{"target": -44.69424445687208, "params": {"C": 137.72951704455215, "epsilon": 0.6847710412498718, "gamma": 0.0657537397595464, "lamda": 0.40856260446925385}, "datetime": {"datetime": "2021-09-24 19:23:11", "elapsed": 675.085328, "delta": 2.169271}}
{"target": -45.43892004731741, "params": {"C": 140.18019165369395, "epsilon": 0.5752191288960908, "gamma": 0.09403693040108176, "lamda": 1.3030865702048369}, "datetime": {"datetime": "2021-09-24 19:23:13", "elapsed": 677.158567, "delta": 2.073239}}
{"target": -42.36094236959498, "params": {"C": 124.33561883283417, "epsilon": 0.9673015686254256, "gamma": 0.01195751957092249, "lamda": 1.4798668710707097}, "datetime": {"datetime": "2021-09-24 19:23:18", "elapsed": 682.166419, "delta": 5.007852}}
