{"target": 0.39463574066634644, "params": {"C": 99.98968175942525, "epsilon": 0.9050295975120447, "gamma": 0.06622733244393977, "lamda": 0.7157368621176915}, "datetime": {"datetime": "2021-09-23 18:03:30", "elapsed": 367.841222, "delta": 1.974374}}
{"target": 0.434389263150909, "params": {"C": 27.458551177941636, "epsilon": 0.3499324798792624, "gamma": 0.01218975364945404, "lamda": 0.7251521259629101}, "datetime": {"datetime": "2021-09-23 18:03:32", "elapsed": 369.503655, "delta": 1.662433}}
{"target": 0.42405899066560115, "params": {"C": 88.51722585269121, "epsilon": 0.4553719614320839, "gamma": 0.03506047893874982, "lamda": 0.9431918014917838}, "datetime": {"datetime": "2021-09-23 18:03:34", "elapsed": 372.086056, "delta": 2.582401}}
{"target": 0.415974593642363, "params": {"C": 99.86721118243834, "epsilon": 0.9157739611377964, "gamma": 0.05040291989803838, "lamda": 0.734420110138172}, "datetime": {"datetime": "2021-09-23 18:03:37", "elapsed": 374.537971, "delta": 2.451915}}
{"target": 0.4384992897983182, "params": {"C": 47.3879139536099, "epsilon": 0.4971761802989189, "gamma": 0.02548607054297896, "lamda": 0.6830150838711693}, "datetime": {"datetime": "2021-09-23 18:03:39", "elapsed": 376.558085, "delta": 2.020114}}
{"target": 0.4364699271987561, "params": {"C": 42.28899083428479, "epsilon": 0.380064233986433, "gamma": 0.006588594823630314, "lamda": 0.6752056479344904}, "datetime": {"datetime": "2021-09-23 18:03:42", "elapsed": 379.734331, "delta": 3.176246}}
{"target": 0.4420772126693391, "params": {"C": 80.7113406024148, "epsilon": 0.5056675785772025, "gamma": 0.0069328898549470734, "lamda": 0.27822819474497135}, "datetime": {"datetime": "2021-09-23 18:03:44", "elapsed": 381.415389, "delta": 1.681058}}
{"target": 0.3963023084694687, "params": {"C": 99.7940431575546, "epsilon": 0.8796125077657471, "gamma": 0.056063032480829326, "lamda": 0.4733095249531351}, "datetime": {"datetime": "2021-09-23 18:03:46", "elapsed": 383.265088, "delta": 1.849699}}
{"target": 0.3890442945603153, "params": {"C": 90.05042990209755, "epsilon": 0.8255331078513792, "gamma": 0.05617412801124937, "lamda": 0.08003802407068394}, "datetime": {"datetime": "2021-09-23 18:03:49", "elapsed": 386.200752, "delta": 2.935664}}
{"target": 0.4519655945875716, "params": {"C": 99.7281592817272, "epsilon": 0.9477661745660391, "gamma": 0.017654665099145442, "lamda": 0.6310174648299367}, "datetime": {"datetime": "2021-09-23 18:03:52", "elapsed": 389.399522, "delta": 3.19877}}
{"target": 0.39507960722198665, "params": {"C": 88.50680554419054, "epsilon": 0.4785394609183098, "gamma": 0.05677899645030131, "lamda": 0.816054039239349}, "datetime": {"datetime": "2021-09-23 18:03:54", "elapsed": 391.823915, "delta": 2.424393}}
{"target": 0.4186069141110026, "params": {"C": 54.424003622043614, "epsilon": 0.42696542151615, "gamma": 0.04567910556273035, "lamda": 0.7242743621364173}, "datetime": {"datetime": "2021-09-23 18:03:56", "elapsed": 394.123022, "delta": 2.299107}}
{"target": 0.382122546987834, "params": {"C": 74.6062140941085, "epsilon": 0.7769588842799965, "gamma": 0.07514956623281352, "lamda": 0.5660278919700111}, "datetime": {"datetime": "2021-09-23 18:03:58", "elapsed": 396.075092, "delta": 1.95207}}
{"target": 0.4358046659721253, "params": {"C": 94.8395150297031, "epsilon": 0.15008961092453915, "gamma": 0.0029096968362618625, "lamda": 0.748912496989968}, "datetime": {"datetime": "2021-09-23 18:04:01", "elapsed": 398.224109, "delta": 2.149017}}
{"target": 0.4300991554732405, "params": {"C": 25.264690169617445, "epsilon": 0.6401009620815099, "gamma": 0.0278741266959652, "lamda": 0.7083088937976986}, "datetime": {"datetime": "2021-09-23 18:04:04", "elapsed": 401.634045, "delta": 3.409936}}
{"target": 0.4444942156552212, "params": {"C": 80.67317825285586, "epsilon": 0.49829738932630324, "gamma": 0.009225249692857547, "lamda": 0.30503557679502025}, "datetime": {"datetime": "2021-09-23 18:04:08", "elapsed": 405.696125, "delta": 4.06208}}
{"target": 0.44557326649488194, "params": {"C": 49.10738839125621, "epsilon": 0.6723338996238158, "gamma": 0.00805591670241794, "lamda": 0.9655204237568078}, "datetime": {"datetime": "2021-09-23 18:04:10", "elapsed": 407.937383, "delta": 2.241258}}
{"target": 0.3883311119104288, "params": {"C": 58.7325876149949, "epsilon": 0.8394039416389253, "gamma": 0.0748199133941808, "lamda": 0.38104642260379407}, "datetime": {"datetime": "2021-09-23 18:04:12", "elapsed": 409.860523, "delta": 1.92314}}
{"target": 0.4382398879059278, "params": {"C": 70.34282621640256, "epsilon": 0.34354800984846423, "gamma": 0.003432914836360101, "lamda": 0.6201149735276436}, "datetime": {"datetime": "2021-09-23 18:04:14", "elapsed": 411.960586, "delta": 2.100063}}
{"target": 0.41666556663339516, "params": {"C": 36.893557953694376, "epsilon": 0.6502287555014575, "gamma": 0.049274462153398695, "lamda": 0.4053664740196216}, "datetime": {"datetime": "2021-09-23 18:04:16", "elapsed": 413.853417, "delta": 1.892831}}
{"target": 0.42605524993667254, "params": {"C": 30.80937674136342, "epsilon": 0.2599514278423443, "gamma": 0.02766875789813905, "lamda": 0.028691631872037153}, "datetime": {"datetime": "2021-09-23 18:04:18", "elapsed": 415.618566, "delta": 1.765149}}
{"target": 0.4587845338783654, "params": {"C": 87.80660620591073, "epsilon": 0.8679825307158922, "gamma": 0.010674111929908948, "lamda": 0.8636975356373819}, "datetime": {"datetime": "2021-09-23 18:04:20", "elapsed": 417.636461, "delta": 2.017895}}
{"target": 0.39988291224980543, "params": {"C": 42.854813115919406, "epsilon": 0.5714106854128778, "gamma": 0.06719114857907314, "lamda": 0.4478887824280427}, "datetime": {"datetime": "2021-09-23 18:04:22", "elapsed": 419.243218, "delta": 1.606757}}
{"target": 0.45827093150203424, "params": {"C": 99.85494696995704, "epsilon": 0.9804031995872667, "gamma": 0.007855869989299123, "lamda": 0.65116048262524}, "datetime": {"datetime": "2021-09-23 18:04:23", "elapsed": 420.977033, "delta": 1.733815}}
{"target": 0.43082952420442, "params": {"C": 70.26832747463467, "epsilon": 0.31632008243191667, "gamma": 0.03172909181319938, "lamda": 0.5463498511632771}, "datetime": {"datetime": "2021-09-23 18:04:27", "elapsed": 424.862567, "delta": 3.885534}}
{"target": 0.4146983996877397, "params": {"C": 98.43078897762793, "epsilon": 0.45792480755100823, "gamma": 0.03821402512653857, "lamda": 0.7138650434550968}, "datetime": {"datetime": "2021-09-23 18:04:29", "elapsed": 426.477437, "delta": 1.61487}}
{"target": 0.4356665284439514, "params": {"C": 44.781209272697225, "epsilon": 0.5772586716178792, "gamma": 0.02305100744854924, "lamda": 0.30335744934489306}, "datetime": {"datetime": "2021-09-23 18:04:31", "elapsed": 428.290354, "delta": 1.812917}}
{"target": 0.42563769516981287, "params": {"C": 99.79304991803451, "epsilon": 0.9426707522131426, "gamma": 0.0014556314893438376, "lamda": 0.5964852214583367}, "datetime": {"datetime": "2021-09-23 18:04:34", "elapsed": 431.455836, "delta": 3.165482}}
{"target": 0.439966837736281, "params": {"C": 68.45826373861307, "epsilon": 0.6840209708152346, "gamma": 0.0218966331908049, "lamda": 0.5539003956736477}, "datetime": {"datetime": "2021-09-23 18:04:36", "elapsed": 433.217509, "delta": 1.761673}}
{"target": 0.445326543230646, "params": {"C": 74.61409214236872, "epsilon": 0.48963130051825265, "gamma": 0.011612083167929561, "lamda": 0.2973319821979333}, "datetime": {"datetime": "2021-09-23 18:04:37", "elapsed": 435.140319, "delta": 1.92281}}
{"target": 0.44072751501419594, "params": {"C": 42.34962897852065, "epsilon": 0.41322375395531435, "gamma": 0.01717252568786482, "lamda": 0.6152596841588248}, "datetime": {"datetime": "2021-09-23 18:04:39", "elapsed": 436.960308, "delta": 1.819989}}
{"target": 0.4256514778500742, "params": {"C": 90.7895046355818, "epsilon": 0.3043688614153238, "gamma": 0.03334505597945301, "lamda": 0.158994105797311}, "datetime": {"datetime": "2021-09-23 18:04:43", "elapsed": 440.796475, "delta": 3.836167}}
{"target": 0.400532676268732, "params": {"C": 59.88616721971198, "epsilon": 0.2555738259567374, "gamma": 0.001, "lamda": 0.7095682445623032}, "datetime": {"datetime": "2021-09-23 18:04:46", "elapsed": 443.851505, "delta": 3.05503}}
{"target": 0.4254531295797296, "params": {"C": 99.85128236830985, "epsilon": 0.8104135000387405, "gamma": 0.0014397297397817212, "lamda": 0.6762247209068468}, "datetime": {"datetime": "2021-09-23 18:04:49", "elapsed": 446.420584, "delta": 2.569079}}
{"target": 0.436279642431902, "params": {"C": 23.725621668060334, "epsilon": 0.7574331684527655, "gamma": 0.012881956427669504, "lamda": 0.9490881132146687}, "datetime": {"datetime": "2021-09-23 18:04:50", "elapsed": 447.985377, "delta": 1.564793}}
{"target": 0.44500830196282304, "params": {"C": 99.8163785552087, "epsilon": 0.8937428944089202, "gamma": 0.025446096958272785, "lamda": 0.701840829563337}, "datetime": {"datetime": "2021-09-23 18:04:53", "elapsed": 450.657083, "delta": 2.671706}}
{"target": 0.37882117656092495, "params": {"C": 44.121701721002864, "epsilon": 0.9735861981544105, "gamma": 0.09172825523460301, "lamda": 0.26088011961223234}, "datetime": {"datetime": "2021-09-23 18:04:55", "elapsed": 452.529231, "delta": 1.872148}}
{"target": 0.38509030198635075, "params": {"C": 49.14726274938873, "epsilon": 0.7241834488868699, "gamma": 0.001, "lamda": 0.9099281191457366}, "datetime": {"datetime": "2021-09-23 18:04:58", "elapsed": 455.696452, "delta": 3.167221}}
{"target": 0.434297073467647, "params": {"C": 88.4173202847046, "epsilon": 0.45727237901736445, "gamma": 0.025453100270237946, "lamda": 0.8588067219133365}, "datetime": {"datetime": "2021-09-23 18:05:01", "elapsed": 458.199744, "delta": 2.503292}}
{"target": 0.3998144773182509, "params": {"C": 59.83586854155718, "epsilon": 0.378846686852279, "gamma": 0.001, "lamda": 0.8377365127861504}, "datetime": {"datetime": "2021-09-23 18:05:04", "elapsed": 461.502098, "delta": 3.302354}}
{"target": 0.44574217132830396, "params": {"C": 99.98024011191589, "epsilon": 0.9822039185047935, "gamma": 0.01971830622876588, "lamda": 0.48881844493405}, "datetime": {"datetime": "2021-09-23 18:05:07", "elapsed": 464.176519, "delta": 2.674421}}
{"target": 0.4170422107983084, "params": {"C": 67.45990205333466, "epsilon": 0.27880390693817303, "gamma": 0.04348757809210317, "lamda": 0.8873103272073137}, "datetime": {"datetime": "2021-09-23 18:05:09", "elapsed": 466.586595, "delta": 2.410076}}
{"target": 0.44547651671613664, "params": {"C": 87.71809471529993, "epsilon": 0.9283154291226151, "gamma": 0.028730921835381954, "lamda": 0.8637795903055016}, "datetime": {"datetime": "2021-09-23 18:05:11", "elapsed": 469.098267, "delta": 2.511672}}
{"target": 0.4337672825699507, "params": {"C": 39.63087494990656, "epsilon": 0.7021840935484465, "gamma": 0.029811396244230858, "lamda": 0.4255387146800751}, "datetime": {"datetime": "2021-09-23 18:05:13", "elapsed": 471.087687, "delta": 1.98942}}
{"target": 0.39678842976594164, "params": {"C": 28.89418028412816, "epsilon": 0.812514110891053, "gamma": 0.07541111216888174, "lamda": 0.9068103682667669}, "datetime": {"datetime": "2021-09-23 18:05:15", "elapsed": 473.041066, "delta": 1.953379}}
{"target": 0.4551701210802602, "params": {"C": 87.815726303531, "epsilon": 0.9067506081922614, "gamma": 0.0062968493413245955, "lamda": 0.817036631146603}, "datetime": {"datetime": "2021-09-23 18:05:18", "elapsed": 476.161849, "delta": 3.120783}}
{"target": 0.43247914758328754, "params": {"C": 86.12428472150083, "epsilon": 0.7924525829379326, "gamma": 0.02797245427879338, "lamda": 0.2348356555646967}, "datetime": {"datetime": "2021-09-23 18:05:21", "elapsed": 478.283245, "delta": 2.121396}}
{"target": 0.45824059548620333, "params": {"C": 99.83186431981923, "epsilon": 0.9841471054526536, "gamma": 0.01119202577374943, "lamda": 0.6290304133911802}, "datetime": {"datetime": "2021-09-23 18:05:23", "elapsed": 481.029204, "delta": 2.745959}}
{"target": 0.44185583357212477, "params": {"C": 42.20463190073724, "epsilon": 0.5537586444696129, "gamma": 0.016488763485911582, "lamda": 0.6185514471074455}, "datetime": {"datetime": "2021-09-23 18:05:25", "elapsed": 482.978944, "delta": 1.94974}}
{"target": 0.3843846908535453, "params": {"C": 49.09276170349898, "epsilon": 0.7274275800908093, "gamma": 0.001, "lamda": 0.9674308418589096}, "datetime": {"datetime": "2021-09-23 18:05:28", "elapsed": 485.769908, "delta": 2.790964}}
{"target": 0.4055018853113572, "params": {"C": 76.15017530168821, "epsilon": 0.28729747979004633, "gamma": 0.04971322289718671, "lamda": 0.709485139840107}, "datetime": {"datetime": "2021-09-23 18:05:30", "elapsed": 487.499359, "delta": 1.729451}}
{"target": 0.41410157977794193, "params": {"C": 72.05629009913575, "epsilon": 0.4407518433284425, "gamma": 0.04450426705590248, "lamda": 0.5250744592072238}, "datetime": {"datetime": "2021-09-23 18:05:33", "elapsed": 490.321421, "delta": 2.822062}}
{"target": 0.3862999025314877, "params": {"C": 30.105287574601434, "epsilon": 0.9120010572578948, "gamma": 0.0894884356290191, "lamda": 0.5705207237921613}, "datetime": {"datetime": "2021-09-23 18:05:35", "elapsed": 492.178295, "delta": 1.856874}}
{"target": 0.4561454317261904, "params": {"C": 99.60747288375401, "epsilon": 0.9506865621854576, "gamma": 0.01243883706561881, "lamda": 0.5948230166449583}, "datetime": {"datetime": "2021-09-23 18:05:38", "elapsed": 495.693439, "delta": 3.515144}}
{"target": 0.39828444464037804, "params": {"C": 84.78836347565871, "epsilon": 0.44135266369084825, "gamma": 0.05629450424958567, "lamda": 0.9715809022955807}, "datetime": {"datetime": "2021-09-23 18:05:40", "elapsed": 497.368581, "delta": 1.675142}}
{"target": 0.44329817510518976, "params": {"C": 87.6495250531784, "epsilon": 0.9281101920227196, "gamma": 0.030396737969727295, "lamda": 0.851152457535608}, "datetime": {"datetime": "2021-09-23 18:05:42", "elapsed": 500.076538, "delta": 2.707957}}
{"target": 0.3806899988880015, "params": {"C": 79.613838961111, "epsilon": 0.8556773897475206, "gamma": 0.07871915494427299, "lamda": 0.630976404690107}, "datetime": {"datetime": "2021-09-23 18:05:44", "elapsed": 501.839261, "delta": 1.762723}}
{"target": 0.44057168733026375, "params": {"C": 87.84589977600375, "epsilon": 0.9224717977001405, "gamma": 0.03362673684275786, "lamda": 0.8898719308107444}, "datetime": {"datetime": "2021-09-23 18:05:47", "elapsed": 504.319803, "delta": 2.480542}}
{"target": 0.43398993608312597, "params": {"C": 52.45623574850032, "epsilon": 0.2593372603816036, "gamma": 0.0046428854028135215, "lamda": 0.7160172704620227}, "datetime": {"datetime": "2021-09-23 18:05:49", "elapsed": 506.317667, "delta": 1.997864}}
{"target": 0.3617353212554085, "params": {"C": 63.725705269356695, "epsilon": 0.00760749547547564, "gamma": 0.09488341035553038, "lamda": 0.5645143161803992}, "datetime": {"datetime": "2021-09-23 18:05:51", "elapsed": 508.262844, "delta": 1.945177}}
{"target": 0.42536016227109874, "params": {"C": 42.25758651095721, "epsilon": 0.4317217382170155, "gamma": 0.04007529599564446, "lamda": 0.6661267691303907}, "datetime": {"datetime": "2021-09-23 18:05:54", "elapsed": 511.304054, "delta": 3.04121}}
{"target": 0.4350911287320419, "params": {"C": 87.7950638266291, "epsilon": 0.8550789251676726, "gamma": 0.03186961448344342, "lamda": 0.7254968594796762}, "datetime": {"datetime": "2021-09-23 18:05:56", "elapsed": 514.061316, "delta": 2.757262}}
{"target": 0.4271755666163679, "params": {"C": 42.282078255017275, "epsilon": 0.5615062973488345, "gamma": 0.03821937481696498, "lamda": 0.6267342161530851}, "datetime": {"datetime": "2021-09-23 18:05:59", "elapsed": 516.692732, "delta": 2.631416}}
{"target": 0.4559510800491988, "params": {"C": 99.9214505168444, "epsilon": 0.9730061285544072, "gamma": 0.007991787186103627, "lamda": 0.567925718661133}, "datetime": {"datetime": "2021-09-23 18:06:03", "elapsed": 520.526159, "delta": 3.833427}}
{"target": 0.45382498727336873, "params": {"C": 87.77536043985421, "epsilon": 0.9295112727479459, "gamma": 0.018776974819764366, "lamda": 0.8192540315794762}, "datetime": {"datetime": "2021-09-23 18:06:05", "elapsed": 523.088087, "delta": 2.561928}}
{"target": 0.4400217269289425, "params": {"C": 99.86125018824161, "epsilon": 0.9891156534529407, "gamma": 0.026773945797843177, "lamda": 0.5629667915513906}, "datetime": {"datetime": "2021-09-23 18:06:10", "elapsed": 527.289453, "delta": 4.201366}}
{"target": 0.42496341619779054, "params": {"C": 38.70892332287007, "epsilon": 0.692091797062853, "gamma": 0.04116833629520787, "lamda": 0.7750811822500562}, "datetime": {"datetime": "2021-09-23 18:06:12", "elapsed": 529.856011, "delta": 2.566558}}
{"target": 0.429781031238639, "params": {"C": 49.06680310761084, "epsilon": 0.7207787255060804, "gamma": 0.0030625511850359633, "lamda": 0.8790602186091899}, "datetime": {"datetime": "2021-09-23 18:06:15", "elapsed": 532.906287, "delta": 3.050276}}
{"target": 0.43801302326888103, "params": {"C": 88.4552874572307, "epsilon": 0.4377389758026329, "gamma": 0.022604994227955862, "lamda": 0.9467901779151152}, "datetime": {"datetime": "2021-09-23 18:06:17", "elapsed": 534.781346, "delta": 1.875059}}
{"target": 0.37888568990479454, "params": {"C": 34.73113107535497, "epsilon": 0.35091324945449914, "gamma": 0.09938291436150334, "lamda": 0.16495868654899754}, "datetime": {"datetime": "2021-09-23 18:06:19", "elapsed": 536.947763, "delta": 2.166417}}
{"target": 0.37474576068825927, "params": {"C": 93.37302758192638, "epsilon": 0.5956364350175021, "gamma": 0.06843459413062924, "lamda": 0.37570870615970686}, "datetime": {"datetime": "2021-09-23 18:06:21", "elapsed": 538.96642, "delta": 2.018657}}
{"target": 0.3987265726169389, "params": {"C": 54.609583113542335, "epsilon": 0.2128286857386931, "gamma": 0.06502654183983853, "lamda": 0.5287160245561738}, "datetime": {"datetime": "2021-09-23 18:06:23", "elapsed": 540.902571, "delta": 1.936151}}
{"target": 0.42393623026565797, "params": {"C": 57.44598625528933, "epsilon": 0.16112095999873258, "gamma": 0.038741351255910016, "lamda": 0.10519068798481072}, "datetime": {"datetime": "2021-09-23 18:06:26", "elapsed": 543.477308, "delta": 2.574737}}
{"target": 0.39276689937227605, "params": {"C": 95.65912635403433, "epsilon": 0.7554473097770171, "gamma": 0.06856559752619065, "lamda": 0.8573428752615075}, "datetime": {"datetime": "2021-09-23 18:06:28", "elapsed": 545.467065, "delta": 1.989757}}
{"target": 0.3908685709663393, "params": {"C": 34.709537437061535, "epsilon": 0.06619633753761758, "gamma": 0.08200545000911849, "lamda": 0.9137499809583531}, "datetime": {"datetime": "2021-09-23 18:06:30", "elapsed": 547.616313, "delta": 2.149248}}
{"target": 0.38264513955492396, "params": {"C": 42.23749468283982, "epsilon": 0.3551366266120299, "gamma": 0.001, "lamda": 0.6377872902571509}, "datetime": {"datetime": "2021-09-23 18:06:34", "elapsed": 551.459984, "delta": 3.843671}}
{"target": 0.4264202671714149, "params": {"C": 40.828724151522394, "epsilon": 0.6268723395801147, "gamma": 0.00670650432226291, "lamda": 0.12109837071798595}, "datetime": {"datetime": "2021-09-23 18:06:36", "elapsed": 553.624539, "delta": 2.164555}}
{"target": 0.38085197230144574, "params": {"C": 60.0206662205363, "epsilon": 0.9633949313156169, "gamma": 0.0902910653101632, "lamda": 0.8961050668352443}, "datetime": {"datetime": "2021-09-23 18:06:38", "elapsed": 556.092573, "delta": 2.468034}}
{"target": 0.4281945930097697, "params": {"C": 48.64837822331991, "epsilon": 0.04575150175828067, "gamma": 0.030657659981036492, "lamda": 0.42340418196105734}, "datetime": {"datetime": "2021-09-23 18:06:41", "elapsed": 558.311434, "delta": 2.218861}}
{"target": 0.43867069664748026, "params": {"C": 42.35271086753961, "epsilon": 0.36406083918712573, "gamma": 0.022834325228012785, "lamda": 0.7276995089166166}, "datetime": {"datetime": "2021-09-23 18:06:46", "elapsed": 563.221627, "delta": 4.910193}}
{"target": 0.4393956954689996, "params": {"C": 42.28888758423033, "epsilon": 0.344122909883985, "gamma": 0.009029079556410212, "lamda": 0.7177459661581248}, "datetime": {"datetime": "2021-09-23 18:06:49", "elapsed": 566.902513, "delta": 3.680886}}
{"target": 0.456278073526711, "params": {"C": 87.67566287239534, "epsilon": 0.8776822504163169, "gamma": 0.014206685601333494, "lamda": 0.8141049481426935}, "datetime": {"datetime": "2021-09-23 18:06:54", "elapsed": 571.357068, "delta": 4.454555}}
{"target": 0.44527263313813814, "params": {"C": 91.64927830788316, "epsilon": 0.40365890271298777, "gamma": 0.014489322381863973, "lamda": 0.7332774974063991}, "datetime": {"datetime": "2021-09-23 18:06:56", "elapsed": 573.428066, "delta": 2.070998}}
{"target": 0.4409854985966425, "params": {"C": 99.89206001802559, "epsilon": 0.9906294546348179, "gamma": 0.02719069970497778, "lamda": 0.5895604130718106}, "datetime": {"datetime": "2021-09-23 18:06:59", "elapsed": 576.906503, "delta": 3.478437}}
{"target": 0.42286803456207445, "params": {"C": 40.80754254969919, "epsilon": 0.23676283396825476, "gamma": 0.03681718333444514, "lamda": 0.19385585919049994}, "datetime": {"datetime": "2021-09-23 18:07:01", "elapsed": 579.048343, "delta": 2.14184}}
{"target": 0.40659850133453856, "params": {"C": 42.22766399451203, "epsilon": 0.5126748447420395, "gamma": 0.06026754514983516, "lamda": 0.6077638415296253}, "datetime": {"datetime": "2021-09-23 18:07:04", "elapsed": 582.083097, "delta": 3.034754}}
{"target": 0.44135129986189026, "params": {"C": 72.00125343506578, "epsilon": 0.3925559794264764, "gamma": 0.004672838448930104, "lamda": 0.4922442796482106}, "datetime": {"datetime": "2021-09-23 18:07:08", "elapsed": 585.356404, "delta": 3.273307}}
{"target": 0.4584238136274461, "params": {"C": 99.7866858719867, "epsilon": 0.8473343872946412, "gamma": 0.008500728238213542, "lamda": 0.7319871234707314}, "datetime": {"datetime": "2021-09-23 18:07:11", "elapsed": 588.313684, "delta": 2.95728}}
