{"target": 0.441510143394242, "params": {"C": 207.04642850434644, "epsilon": 0.8728261373416009, "gamma": 0.027936420340940064, "lamda": 0.5269916709539576}, "datetime": {"datetime": "2021-09-23 18:51:58", "elapsed": 143.679445, "delta": 1.022084}}
{"target": 0.4692468657820149, "params": {"C": 244.93193122429875, "epsilon": 0.8820339257219724, "gamma": 0.00942174008788324, "lamda": 0.600700163193206}, "datetime": {"datetime": "2021-09-23 18:51:59", "elapsed": 144.636444, "delta": 0.956999}}
{"target": 0.45527824562681485, "params": {"C": 205.1607143381612, "epsilon": 0.7352291855805466, "gamma": 0.020977296831608604, "lamda": 0.6902983636195749}, "datetime": {"datetime": "2021-09-23 18:52:00", "elapsed": 145.503452, "delta": 0.867008}}
{"target": 0.4663881297999778, "params": {"C": 244.9492675320905, "epsilon": 0.8822945294193705, "gamma": 0.013843036242955166, "lamda": 0.606695605613975}, "datetime": {"datetime": "2021-09-23 18:52:01", "elapsed": 146.514449, "delta": 1.010997}}
{"target": 0.4624247961053721, "params": {"C": 221.58601331052876, "epsilon": 0.8040570293488711, "gamma": 0.01829180443353978, "lamda": 0.900541429186092}, "datetime": {"datetime": "2021-09-23 18:52:02", "elapsed": 147.603507, "delta": 1.089058}}
{"target": 0.4685025493036261, "params": {"C": 232.49600525024238, "epsilon": 0.8242886398950015, "gamma": 0.009513657753110822, "lamda": 0.8259164479576864}, "datetime": {"datetime": "2021-09-23 18:52:03", "elapsed": 148.764506, "delta": 1.160999}}
{"target": 0.4525002379580584, "params": {"C": 237.3944481615112, "epsilon": 0.7265007471113651, "gamma": 0.023188268490953186, "lamda": 0.6678961038445362}, "datetime": {"datetime": "2021-09-23 18:52:04", "elapsed": 149.90651, "delta": 1.142004}}
{"target": 0.4542741495519672, "params": {"C": 228.99224827682377, "epsilon": 0.8806365780196621, "gamma": 0.022848167141757674, "lamda": 0.6011248559470912}, "datetime": {"datetime": "2021-09-23 18:52:05", "elapsed": 150.870797, "delta": 0.964287}}
{"target": 0.46450038380563863, "params": {"C": 211.42296303424615, "epsilon": 0.9288056615500844, "gamma": 0.015578996015869116, "lamda": 1.0832516342235408}, "datetime": {"datetime": "2021-09-23 18:52:06", "elapsed": 151.850651, "delta": 0.979854}}
{"target": 0.46543053207841134, "params": {"C": 206.39003684545557, "epsilon": 0.7430877916929123, "gamma": 0.005672644261179062, "lamda": 0.8516887030906999}, "datetime": {"datetime": "2021-09-23 18:52:08", "elapsed": 153.009217, "delta": 1.158566}}
{"target": 0.46392787399369506, "params": {"C": 240.93391613030965, "epsilon": 0.7066750775769985, "gamma": 0.016090254888062802, "lamda": 0.7505788927781675}, "datetime": {"datetime": "2021-09-23 18:52:09", "elapsed": 154.414183, "delta": 1.404966}}
{"target": 0.4622298373416466, "params": {"C": 240.95795626916856, "epsilon": 0.7274632612176307, "gamma": 0.017351482005949416, "lamda": 0.7201076824895067}, "datetime": {"datetime": "2021-09-23 18:52:11", "elapsed": 156.032508, "delta": 1.618325}}
{"target": 0.4653540511147781, "params": {"C": 231.38797758447348, "epsilon": 0.820062882336558, "gamma": 0.01529280045198722, "lamda": 0.8073843586169702}, "datetime": {"datetime": "2021-09-23 18:52:12", "elapsed": 157.113758, "delta": 1.08125}}
{"target": 0.450528456046177, "params": {"C": 222.61585961426854, "epsilon": 0.9642962145571403, "gamma": 0.028858731059395758, "lamda": 0.8823731105697095}, "datetime": {"datetime": "2021-09-23 18:52:13", "elapsed": 157.968945, "delta": 0.855187}}
{"target": 0.46220708144519473, "params": {"C": 232.50078080974131, "epsilon": 0.7994119535795634, "gamma": 0.018214082715314266, "lamda": 0.8150429547544862}, "datetime": {"datetime": "2021-09-23 18:52:14", "elapsed": 159.196821, "delta": 1.227876}}
{"target": 0.46599561472239115, "params": {"C": 246.17994785946036, "epsilon": 0.8000050265710407, "gamma": 0.014559807515797385, "lamda": 0.7913635410464073}, "datetime": {"datetime": "2021-09-23 18:52:15", "elapsed": 160.187813, "delta": 0.990992}}
{"target": 0.4660609559931991, "params": {"C": 230.82427426959276, "epsilon": 0.9708636185019088, "gamma": 0.01184145669528833, "lamda": 0.4530009217038222}, "datetime": {"datetime": "2021-09-23 18:52:16", "elapsed": 161.177528, "delta": 0.989715}}
{"target": 0.46597127787948056, "params": {"C": 231.08917898003142, "epsilon": 0.9313251702506702, "gamma": 0.014588039435777578, "lamda": 0.7820357617370832}, "datetime": {"datetime": "2021-09-23 18:52:17", "elapsed": 162.123176, "delta": 0.945648}}
{"target": 0.4611573992183212, "params": {"C": 222.03947059278147, "epsilon": 0.845157616449256, "gamma": 0.019732261509388196, "lamda": 0.9886479536674477}, "datetime": {"datetime": "2021-09-23 18:52:18", "elapsed": 163.131113, "delta": 1.007937}}
{"target": 0.4650970686223874, "params": {"C": 216.168566577629, "epsilon": 0.7389814853799657, "gamma": 0.012599790402786776, "lamda": 0.6169687753528407}, "datetime": {"datetime": "2021-09-23 18:52:19", "elapsed": 164.092006, "delta": 0.960893}}
{"target": 0.4670799948944515, "params": {"C": 233.32030041377385, "epsilon": 0.9642906722578146, "gamma": 0.005854800102733547, "lamda": 0.4744685685959675}, "datetime": {"datetime": "2021-09-23 18:52:20", "elapsed": 165.059875, "delta": 0.967869}}
{"target": 0.4631007658041959, "params": {"C": 239.52202102555708, "epsilon": 0.804506235178827, "gamma": 0.005632168227284646, "lamda": 0.9971996561033118}, "datetime": {"datetime": "2021-09-23 18:52:21", "elapsed": 166.275185, "delta": 1.21531}}
{"target": 0.44930126925344716, "params": {"C": 234.68743752089867, "epsilon": 0.7172454514335681, "gamma": 0.027596195311589085, "lamda": 0.8654153559548454}, "datetime": {"datetime": "2021-09-23 18:52:22", "elapsed": 167.340975, "delta": 1.06579}}
{"target": 0.45861950623255365, "params": {"C": 245.4939262776451, "epsilon": 0.921100727196179, "gamma": 0.020008166039215715, "lamda": 0.5748393795681367}, "datetime": {"datetime": "2021-09-23 18:52:23", "elapsed": 168.836611, "delta": 1.495636}}
{"target": 0.4688015715439948, "params": {"C": 240.92268457515286, "epsilon": 0.7103801539017872, "gamma": 0.007449530047057163, "lamda": 0.722510598971898}, "datetime": {"datetime": "2021-09-23 18:52:24", "elapsed": 169.925994, "delta": 1.089383}}
{"target": 0.44309731308380074, "params": {"C": 219.84788693224544, "epsilon": 0.9734190238875181, "gamma": 0.029273130996718435, "lamda": 0.5242544516081932}, "datetime": {"datetime": "2021-09-23 18:52:26", "elapsed": 171.325071, "delta": 1.399077}}
{"target": 0.4633462075143294, "params": {"C": 219.58154914843476, "epsilon": 0.9594708938005916, "gamma": 0.017462820586752033, "lamda": 0.8056047201388936}, "datetime": {"datetime": "2021-09-23 18:52:27", "elapsed": 172.336674, "delta": 1.011603}}
{"target": 0.4493997378971243, "params": {"C": 241.54942518712278, "epsilon": 0.8299364708682742, "gamma": 0.029689119679702843, "lamda": 1.0042469467224475}, "datetime": {"datetime": "2021-09-23 18:52:28", "elapsed": 173.320446, "delta": 0.983772}}
{"target": 0.4677673039938539, "params": {"C": 223.7253786191952, "epsilon": 0.8517448523145512, "gamma": 0.0065278691306322285, "lamda": 0.5685071632840502}, "datetime": {"datetime": "2021-09-23 18:52:29", "elapsed": 174.727968, "delta": 1.407522}}
{"target": 0.4587925690708753, "params": {"C": 234.87354904625425, "epsilon": 0.9437030528955375, "gamma": 0.02199122015244146, "lamda": 0.9225556316880832}, "datetime": {"datetime": "2021-09-23 18:52:30", "elapsed": 175.856096, "delta": 1.128128}}
{"target": 0.44894303743257413, "params": {"C": 244.42481545111315, "epsilon": 0.9843283812035081, "gamma": 0.029593481093501232, "lamda": 0.8009238717630307}, "datetime": {"datetime": "2021-09-23 18:52:31", "elapsed": 176.829903, "delta": 0.973807}}
{"target": 0.464589708356985, "params": {"C": 211.12488932087712, "epsilon": 0.9952062026490114, "gamma": 0.005069687002634747, "lamda": 0.5846927744006712}, "datetime": {"datetime": "2021-09-23 18:52:33", "elapsed": 177.981434, "delta": 1.151531}}
{"target": 0.4672920000525125, "params": {"C": 220.56262766661496, "epsilon": 0.7945193515066846, "gamma": 0.009668072641803527, "lamda": 0.5537219102663317}, "datetime": {"datetime": "2021-09-23 18:52:34", "elapsed": 179.032677, "delta": 1.051243}}
{"target": 0.44818000545655423, "params": {"C": 202.7866326996221, "epsilon": 0.853043818957536, "gamma": 0.02617663213777755, "lamda": 0.6185454747563105}, "datetime": {"datetime": "2021-09-23 18:52:35", "elapsed": 180.147461, "delta": 1.114784}}
{"target": 0.4662385785613936, "params": {"C": 236.81977964028837, "epsilon": 0.8696098559592584, "gamma": 0.013127588338475382, "lamda": 1.072522369237889}, "datetime": {"datetime": "2021-09-23 18:52:36", "elapsed": 181.145981, "delta": 0.99852}}
{"target": 0.4656872605734407, "params": {"C": 232.49748334822704, "epsilon": 0.8279825535673885, "gamma": 0.005874066443128566, "lamda": 0.7768883165113367}, "datetime": {"datetime": "2021-09-23 18:52:37", "elapsed": 182.419247, "delta": 1.273266}}
{"target": 0.465370976549487, "params": {"C": 223.7020157473164, "epsilon": 0.849240599135412, "gamma": 0.005, "lamda": 0.5759703456588154}, "datetime": {"datetime": "2021-09-23 18:52:38", "elapsed": 183.93994, "delta": 1.520693}}
{"target": 0.44719701255328315, "params": {"C": 228.9233249152049, "epsilon": 0.7632030162109802, "gamma": 0.02841775215370784, "lamda": 0.7638955777623305}, "datetime": {"datetime": "2021-09-23 18:52:40", "elapsed": 184.982005, "delta": 1.042065}}
{"target": 0.4612456263643465, "params": {"C": 220.98920617484333, "epsilon": 0.7258739255109337, "gamma": 0.016468582816555933, "lamda": 0.6545889907944888}, "datetime": {"datetime": "2021-09-23 18:52:41", "elapsed": 186.073421, "delta": 1.091416}}
{"target": 0.46644060075159555, "params": {"C": 225.23338107215588, "epsilon": 0.7556349211424841, "gamma": 0.006122465337167217, "lamda": 0.8163306504552841}, "datetime": {"datetime": "2021-09-23 18:52:42", "elapsed": 187.094551, "delta": 1.02113}}
{"target": 0.4534913588008034, "params": {"C": 217.31780061083577, "epsilon": 0.7307894381588641, "gamma": 0.021842862294796952, "lamda": 0.6595285553161588}, "datetime": {"datetime": "2021-09-23 18:52:43", "elapsed": 188.653033, "delta": 1.558482}}
{"target": 0.4670483565038862, "params": {"C": 246.01202252635974, "epsilon": 0.8680975528837034, "gamma": 0.013221913765326308, "lamda": 0.6433979213873813}, "datetime": {"datetime": "2021-09-23 18:52:44", "elapsed": 189.608282, "delta": 0.955249}}
{"target": 0.4670053155333239, "params": {"C": 224.9282859787063, "epsilon": 0.7778679409472321, "gamma": 0.013272969283132867, "lamda": 0.9266574176268509}, "datetime": {"datetime": "2021-09-23 18:52:45", "elapsed": 190.928228, "delta": 1.319946}}
{"target": 0.4520139576329809, "params": {"C": 206.38727595619227, "epsilon": 0.7331633432085858, "gamma": 0.02550881844610167, "lamda": 0.824554446646028}, "datetime": {"datetime": "2021-09-23 18:52:47", "elapsed": 192.381191, "delta": 1.452963}}
{"target": 0.45666334113835927, "params": {"C": 242.36417925502568, "epsilon": 0.9658761317800175, "gamma": 0.02408657185428779, "lamda": 0.9710714453216427}, "datetime": {"datetime": "2021-09-23 18:52:48", "elapsed": 193.806836, "delta": 1.425645}}
{"target": 0.4687669262624784, "params": {"C": 216.2701850523958, "epsilon": 0.7696728080122521, "gamma": 0.008145064206003855, "lamda": 0.7572584429118523}, "datetime": {"datetime": "2021-09-23 18:52:50", "elapsed": 195.245363, "delta": 1.438527}}
{"target": 0.46641258019499887, "params": {"C": 221.99225238255917, "epsilon": 0.9962971894002653, "gamma": 0.013837464460685674, "lamda": 0.7860803724805228}, "datetime": {"datetime": "2021-09-23 18:52:51", "elapsed": 196.28598, "delta": 1.040617}}
{"target": 0.4689956130605679, "params": {"C": 244.92820428495992, "epsilon": 0.8771011167568393, "gamma": 0.010245122591515506, "lamda": 0.6204849844413693}, "datetime": {"datetime": "2021-09-23 18:52:52", "elapsed": 197.804337, "delta": 1.518357}}
{"target": 0.4606906891872119, "params": {"C": 248.7634297189552, "epsilon": 0.8359364917864911, "gamma": 0.015241497108226695, "lamda": 0.4727620331472574}, "datetime": {"datetime": "2021-09-23 18:52:54", "elapsed": 199.178841, "delta": 1.374504}}
{"target": 0.4668927848198491, "params": {"C": 216.26615334338223, "epsilon": 0.7962972375139493, "gamma": 0.013497007486485808, "lamda": 0.7543674246039802}, "datetime": {"datetime": "2021-09-23 18:52:55", "elapsed": 200.48904, "delta": 1.310199}}
{"target": 0.468980248667226, "params": {"C": 244.94407638691334, "epsilon": 0.879732618253577, "gamma": 0.008219270048000472, "lamda": 0.6379248215240405}, "datetime": {"datetime": "2021-09-23 18:52:56", "elapsed": 201.891843, "delta": 1.402803}}
{"target": 0.45755397891084704, "params": {"C": 247.2369649850671, "epsilon": 0.8657826532733606, "gamma": 0.021498260979123714, "lamda": 0.6922827813410382}, "datetime": {"datetime": "2021-09-23 18:52:58", "elapsed": 202.984828, "delta": 1.092985}}
{"target": 0.4677610698529895, "params": {"C": 244.27508712044624, "epsilon": 0.8048897332905393, "gamma": 0.009068214369743165, "lamda": 0.5048554336435044}, "datetime": {"datetime": "2021-09-23 18:52:59", "elapsed": 204.098134, "delta": 1.113306}}
{"target": 0.467333507108316, "params": {"C": 239.514020865613, "epsilon": 0.8375895316770502, "gamma": 0.009721041034663768, "lamda": 1.009420303420504}, "datetime": {"datetime": "2021-09-23 18:53:00", "elapsed": 205.78414, "delta": 1.686006}}
{"target": 0.44721243115971365, "params": {"C": 229.41739482810905, "epsilon": 0.8857749226442042, "gamma": 0.023375076780448863, "lamda": 0.462950482422307}, "datetime": {"datetime": "2021-09-23 18:53:01", "elapsed": 206.843136, "delta": 1.058996}}
{"target": 0.4657404421068453, "params": {"C": 206.8721199373629, "epsilon": 0.9711306478291082, "gamma": 0.007708958059640004, "lamda": 0.904939362879084}, "datetime": {"datetime": "2021-09-23 18:53:03", "elapsed": 208.075196, "delta": 1.23206}}
{"target": 0.46603714931181517, "params": {"C": 242.75378052971155, "epsilon": 0.8393443567374902, "gamma": 0.014004928016043715, "lamda": 1.0477551613722367}, "datetime": {"datetime": "2021-09-23 18:53:04", "elapsed": 209.268188, "delta": 1.192992}}
{"target": 0.46496092372029685, "params": {"C": 237.98169364760446, "epsilon": 0.8562695940782213, "gamma": 0.005, "lamda": 0.6378931360492909}, "datetime": {"datetime": "2021-09-23 18:53:05", "elapsed": 210.898694, "delta": 1.630506}}
{"target": 0.4644341897557098, "params": {"C": 249.88757238064758, "epsilon": 0.9173334397812087, "gamma": 0.006517915193284275, "lamda": 0.9204299342081443}, "datetime": {"datetime": "2021-09-23 18:53:07", "elapsed": 212.11915, "delta": 1.220456}}
{"target": 0.4515146771901085, "params": {"C": 208.20233303089782, "epsilon": 0.7894696351936668, "gamma": 0.023591766934406462, "lamda": 0.6427929583762128}, "datetime": {"datetime": "2021-09-23 18:53:08", "elapsed": 213.20204, "delta": 1.08289}}
{"target": 0.46877906865406604, "params": {"C": 243.79848024861678, "epsilon": 0.9596686892251189, "gamma": 0.007573124440718657, "lamda": 0.4832117078887419}, "datetime": {"datetime": "2021-09-23 18:53:09", "elapsed": 214.566968, "delta": 1.364928}}
{"target": 0.4628492629304941, "params": {"C": 218.05524876260702, "epsilon": 0.7039997216468019, "gamma": 0.01779793870403457, "lamda": 0.969286991363796}, "datetime": {"datetime": "2021-09-23 18:53:10", "elapsed": 215.85218, "delta": 1.285212}}
{"target": 0.45909556445228283, "params": {"C": 234.99211780409314, "epsilon": 0.8555052163021097, "gamma": 0.02043166316316427, "lamda": 0.7111149700363528}, "datetime": {"datetime": "2021-09-23 18:53:13", "elapsed": 218.286704, "delta": 2.434524}}
{"target": 0.465465736842001, "params": {"C": 210.7061043230559, "epsilon": 0.798389029441583, "gamma": 0.015044567508749565, "lamda": 0.7616349052725817}, "datetime": {"datetime": "2021-09-23 18:53:15", "elapsed": 220.771439, "delta": 2.484735}}
{"target": 0.4418652859228478, "params": {"C": 243.79017470010717, "epsilon": 0.9478730944309598, "gamma": 0.028085663473687815, "lamda": 0.46352029731048394}, "datetime": {"datetime": "2021-09-23 18:53:17", "elapsed": 222.519628, "delta": 1.748189}}
{"target": 0.4591457441478072, "params": {"C": 245.9939161648723, "epsilon": 0.8480297213852801, "gamma": 0.01971121072283832, "lamda": 0.6306032540307437}, "datetime": {"datetime": "2021-09-23 18:53:19", "elapsed": 224.296097, "delta": 1.776469}}
{"target": 0.4561518792239285, "params": {"C": 216.28634956543175, "epsilon": 0.7914042267852195, "gamma": 0.022502903766139417, "lamda": 0.7530543324768768}, "datetime": {"datetime": "2021-09-23 18:53:20", "elapsed": 225.942043, "delta": 1.645946}}
{"target": 0.46141752773324307, "params": {"C": 243.39611337596833, "epsilon": 0.8490221980491193, "gamma": 0.014201880292462943, "lamda": 0.4554343832063756}, "datetime": {"datetime": "2021-09-23 18:53:22", "elapsed": 227.153582, "delta": 1.211539}}
{"target": 0.4687662646301428, "params": {"C": 216.24363456132312, "epsilon": 0.7904176393712614, "gamma": 0.010483387493061158, "lamda": 0.7435956261552962}, "datetime": {"datetime": "2021-09-23 18:53:23", "elapsed": 228.781859, "delta": 1.628277}}
{"target": 0.46566244475260565, "params": {"C": 201.52374333292624, "epsilon": 0.8637177775803931, "gamma": 0.012726450618270112, "lamda": 0.5852773406187204}, "datetime": {"datetime": "2021-09-23 18:53:25", "elapsed": 230.305207, "delta": 1.523348}}
{"target": 0.45355120823803785, "params": {"C": 226.4664624109363, "epsilon": 0.8364185660252377, "gamma": 0.02611395370704437, "lamda": 0.944809509271322}, "datetime": {"datetime": "2021-09-23 18:53:26", "elapsed": 231.752113, "delta": 1.446906}}
{"target": 0.4651967199388647, "params": {"C": 225.96047639583452, "epsilon": 0.9986842446028654, "gamma": 0.015043209603371337, "lamda": 0.5619361905343101}, "datetime": {"datetime": "2021-09-23 18:53:27", "elapsed": 232.950347, "delta": 1.198234}}
{"target": 0.4671867679300631, "params": {"C": 223.72826585105787, "epsilon": 0.8316777330586602, "gamma": 0.006022090111121035, "lamda": 0.584830970024712}, "datetime": {"datetime": "2021-09-23 18:53:30", "elapsed": 235.057194, "delta": 2.106847}}
{"target": 0.44609930353116733, "params": {"C": 207.24531899161826, "epsilon": 0.7233103963383832, "gamma": 0.028652545483868967, "lamda": 0.7788661394053834}, "datetime": {"datetime": "2021-09-23 18:53:31", "elapsed": 236.519036, "delta": 1.461842}}
{"target": 0.46530173117344453, "params": {"C": 232.4761002072811, "epsilon": 0.81598469336451, "gamma": 0.005895683333473477, "lamda": 0.8316758009917131}, "datetime": {"datetime": "2021-09-23 18:53:33", "elapsed": 238.322836, "delta": 1.8038}}
{"target": 0.46629829032571823, "params": {"C": 232.03427264610963, "epsilon": 0.8002295535302093, "gamma": 0.006057420874617077, "lamda": 0.7742190477454258}, "datetime": {"datetime": "2021-09-23 18:53:34", "elapsed": 239.838572, "delta": 1.515736}}
{"target": 0.4606625718581221, "params": {"C": 206.4517675232341, "epsilon": 0.8141315802491249, "gamma": 0.01992036074137722, "lamda": 0.901192688229416}, "datetime": {"datetime": "2021-09-23 18:53:36", "elapsed": 241.189489, "delta": 1.350917}}
{"target": 0.46567648369246606, "params": {"C": 216.77658598442633, "epsilon": 0.8758119943441502, "gamma": 0.014642952749153323, "lamda": 0.9821902103876514}, "datetime": {"datetime": "2021-09-23 18:53:37", "elapsed": 242.33077, "delta": 1.141281}}
{"target": 0.46900231527267, "params": {"C": 244.94637805420155, "epsilon": 0.9058865678881253, "gamma": 0.010199557324820339, "lamda": 0.6040499939993944}, "datetime": {"datetime": "2021-09-23 18:53:39", "elapsed": 244.048986, "delta": 1.718216}}
{"target": 0.4671377839927172, "params": {"C": 244.9614440361097, "epsilon": 0.9027860699929177, "gamma": 0.013126441847485164, "lamda": 0.6255904378790875}, "datetime": {"datetime": "2021-09-23 18:53:41", "elapsed": 246.12686, "delta": 2.077874}}
{"target": 0.4521195850781674, "params": {"C": 231.52152386793614, "epsilon": 0.9007450595537377, "gamma": 0.02772497492548864, "lamda": 0.9648985003732258}, "datetime": {"datetime": "2021-09-23 18:53:42", "elapsed": 247.37832, "delta": 1.25146}}
{"target": 0.46902684601836453, "params": {"C": 243.81298532047208, "epsilon": 0.9600237684896689, "gamma": 0.00814187398866338, "lamda": 0.5034398633712612}, "datetime": {"datetime": "2021-09-23 18:53:44", "elapsed": 249.49927, "delta": 2.12095}}
{"target": 0.4638079216898048, "params": {"C": 231.39106030730932, "epsilon": 0.7919811170237225, "gamma": 0.005, "lamda": 0.7992442432559694}, "datetime": {"datetime": "2021-09-23 18:53:46", "elapsed": 251.30227, "delta": 1.803}}
{"target": 0.46743863003401176, "params": {"C": 217.65786658946257, "epsilon": 0.7577077538892625, "gamma": 0.012839899988870467, "lamda": 0.8124855110013595}, "datetime": {"datetime": "2021-09-23 18:53:47", "elapsed": 252.678801, "delta": 1.376531}}
{"target": 0.4446000670350633, "params": {"C": 210.46682415444573, "epsilon": 0.8978044016614819, "gamma": 0.028357763515219746, "lamda": 0.5757621668747185}, "datetime": {"datetime": "2021-09-23 18:53:49", "elapsed": 253.97971, "delta": 1.300909}}
{"target": 0.4455106238219454, "params": {"C": 225.5324800043666, "epsilon": 0.9577355467781281, "gamma": 0.02720295424981411, "lamda": 0.5073353406678628}, "datetime": {"datetime": "2021-09-23 18:53:50", "elapsed": 255.563621, "delta": 1.583911}}
{"target": 0.4652624878514371, "params": {"C": 217.32208132340216, "epsilon": 0.7612218801589586, "gamma": 0.005, "lamda": 0.65170507917175}, "datetime": {"datetime": "2021-09-23 18:53:52", "elapsed": 257.541646, "delta": 1.978025}}
{"target": 0.45455619705537187, "params": {"C": 232.0230738631416, "epsilon": 0.7872052455938455, "gamma": 0.023787904244525232, "lamda": 0.775226444844102}, "datetime": {"datetime": "2021-09-23 18:53:54", "elapsed": 259.479344, "delta": 1.937698}}
