{"target": -43.1477357740125, "params": {"C": 384.89169586800534, "epsilon": 0.900541839036268, "gamma": 0.03506357894226993, "lamda": 1.6401177114714587}, "datetime": {"datetime": "2021-09-24 20:05:16", "elapsed": 52.293159, "delta": 0.73226}}
{"target": -42.25050633460447, "params": {"C": 408.29597468642083, "epsilon": 0.9493087417885389, "gamma": 0.014407648055482888, "lamda": 0.94359233918122}, "datetime": {"datetime": "2021-09-24 20:05:16", "elapsed": 52.894588, "delta": 0.601429}}
{"target": -42.25248659868964, "params": {"C": 354.70118918696005, "epsilon": 0.8062499683520883, "gamma": 0.01544464422297142, "lamda": 1.024647056654206}, "datetime": {"datetime": "2021-09-24 20:05:17", "elapsed": 53.447116, "delta": 0.552528}}
{"target": -45.92062164495828, "params": {"C": 384.9604311489765, "epsilon": 0.6158733216285934, "gamma": 0.09674718550932852, "lamda": 0.8650067118653845}, "datetime": {"datetime": "2021-09-24 20:05:17", "elapsed": 53.946745, "delta": 0.499629}}
{"target": -44.497770659881844, "params": {"C": 354.662817291142, "epsilon": 0.9335083888631548, "gamma": 0.07471528123982724, "lamda": 0.9636811195195578}, "datetime": {"datetime": "2021-09-24 20:05:18", "elapsed": 54.481034, "delta": 0.534289}}
{"target": -44.56285273347891, "params": {"C": 488.99194614720443, "epsilon": 0.9328355425420065, "gamma": 0.07426617124680043, "lamda": 0.7599628119966466}, "datetime": {"datetime": "2021-09-24 20:05:19", "elapsed": 55.178119, "delta": 0.697085}}
{"target": -45.202483957708914, "params": {"C": 424.7332713386055, "epsilon": 0.7603299478472727, "gamma": 0.08860703737881925, "lamda": 0.9422116627299618}, "datetime": {"datetime": "2021-09-24 20:05:19", "elapsed": 55.657376, "delta": 0.479257}}
{"target": -44.06549637589074, "params": {"C": 478.6677521790733, "epsilon": 0.47480416789712987, "gamma": 0.06182043262804955, "lamda": 1.2841884764081115}, "datetime": {"datetime": "2021-09-24 20:05:19", "elapsed": 56.166713, "delta": 0.509337}}
{"target": -41.932666769741054, "params": {"C": 382.10550293811605, "epsilon": 0.5235987173275474, "gamma": 0.00828560113968608, "lamda": 1.3292133300599298}, "datetime": {"datetime": "2021-09-24 20:05:20", "elapsed": 56.660458, "delta": 0.493745}}
{"target": -45.639787363610104, "params": {"C": 382.07388211453286, "epsilon": 0.46042046081789045, "gamma": 0.09566321003762641, "lamda": 1.3688921429109162}, "datetime": {"datetime": "2021-09-24 20:05:21", "elapsed": 57.219171, "delta": 0.558713}}
{"target": -42.3119923539177, "params": {"C": 354.68321064928654, "epsilon": 0.71566582223625, "gamma": 0.017808841734571097, "lamda": 0.9564783409606369}, "datetime": {"datetime": "2021-09-24 20:05:21", "elapsed": 57.817324, "delta": 0.598153}}
{"target": -42.363772572978675, "params": {"C": 382.1569352557845, "epsilon": 0.5888191411127426, "gamma": 0.018685206635309693, "lamda": 1.3094713920378451}, "datetime": {"datetime": "2021-09-24 20:05:22", "elapsed": 58.404508, "delta": 0.587184}}
{"target": -45.27317319305759, "params": {"C": 424.76028888884724, "epsilon": 0.4656275020491285, "gamma": 0.001, "lamda": 1.87233389306662}, "datetime": {"datetime": "2021-09-24 20:05:22", "elapsed": 59.008915, "delta": 0.604407}}
{"target": -44.777874469830785, "params": {"C": 354.6279548744722, "epsilon": 0.7787165090897348, "gamma": 0.001, "lamda": 0.975789967652403}, "datetime": {"datetime": "2021-09-24 20:05:23", "elapsed": 59.649741, "delta": 0.640826}}
{"target": -45.05478012691773, "params": {"C": 424.0056755177135, "epsilon": 0.5132125863905826, "gamma": 0.08682043082441018, "lamda": 1.9742234568267945}, "datetime": {"datetime": "2021-09-24 20:05:24", "elapsed": 60.260274, "delta": 0.610533}}
{"target": -42.827864077573985, "params": {"C": 382.0905333261763, "epsilon": 0.5581749415682302, "gamma": 0.029736312033995915, "lamda": 1.2434495119062818}, "datetime": {"datetime": "2021-09-24 20:05:24", "elapsed": 60.927183, "delta": 0.666909}}
{"target": -43.891836218051026, "params": {"C": 354.70152676883197, "epsilon": 0.7357356987917316, "gamma": 0.057945960141618486, "lamda": 1.0443519994835346}, "datetime": {"datetime": "2021-09-24 20:05:25", "elapsed": 61.673738, "delta": 0.746555}}
{"target": -42.754217693805764, "params": {"C": 489.0200029635877, "epsilon": 0.9466481442153067, "gamma": 0.027469745548792012, "lamda": 0.935301295590814}, "datetime": {"datetime": "2021-09-24 20:05:26", "elapsed": 62.325105, "delta": 0.651367}}
{"target": -43.732374495140974, "params": {"C": 391.46835568424314, "epsilon": 0.8746411284550422, "gamma": 0.05342630830955882, "lamda": 0.7801152956180802}, "datetime": {"datetime": "2021-09-24 20:05:26", "elapsed": 62.88058, "delta": 0.555475}}
{"target": -44.23884614096378, "params": {"C": 416.99878731332024, "epsilon": 0.9977009849278735, "gamma": 0.06707346696263752, "lamda": 0.8426719726798141}, "datetime": {"datetime": "2021-09-24 20:05:27", "elapsed": 63.480209, "delta": 0.599629}}
{"target": -44.686652322597354, "params": {"C": 424.10522441128046, "epsilon": 0.3996515727295497, "gamma": 0.07905607146620507, "lamda": 1.9597726448752348}, "datetime": {"datetime": "2021-09-24 20:05:28", "elapsed": 64.251437, "delta": 0.771228}}
{"target": -44.940511673031885, "params": {"C": 489.13263088961236, "epsilon": 0.9025953753185698, "gamma": 0.0010114982713607227, "lamda": 0.8959982820357699}, "datetime": {"datetime": "2021-09-24 20:05:28", "elapsed": 65.094139, "delta": 0.842702}}
{"target": -45.52498028327805, "params": {"C": 408.8017638422297, "epsilon": 0.3463246242941239, "gamma": 0.0919229702087235, "lamda": 1.61493724422693}, "datetime": {"datetime": "2021-09-24 20:05:29", "elapsed": 65.726722, "delta": 0.632583}}
{"target": -42.99809211375079, "params": {"C": 408.30733744911197, "epsilon": 0.9642117629697213, "gamma": 0.03409652006138997, "lamda": 0.8927948950370254}, "datetime": {"datetime": "2021-09-24 20:05:30", "elapsed": 66.493134, "delta": 0.766412}}
{"target": -44.88825893307672, "params": {"C": 354.66458154949726, "epsilon": 0.7273106580685951, "gamma": 0.08063898161578344, "lamda": 0.8994801688944608}, "datetime": {"datetime": "2021-09-24 20:05:30", "elapsed": 67.146347, "delta": 0.653213}}
{"target": -42.72511056101815, "params": {"C": 424.1651204312848, "epsilon": 0.485800838183556, "gamma": 0.02622934999319746, "lamda": 2.0148650518989215}, "datetime": {"datetime": "2021-09-24 20:05:31", "elapsed": 67.709094, "delta": 0.562747}}
{"target": -44.38644551690876, "params": {"C": 382.1534999642486, "epsilon": 0.5189822128637336, "gamma": 0.001, "lamda": 1.2866922641476768}, "datetime": {"datetime": "2021-09-24 20:05:32", "elapsed": 68.518201, "delta": 0.809107}}
{"target": -43.816500357805296, "params": {"C": 424.52070032663704, "epsilon": 0.4665535632905561, "gamma": 0.056629878193132824, "lamda": 1.5991844014410386}, "datetime": {"datetime": "2021-09-24 20:05:32", "elapsed": 69.071408, "delta": 0.553207}}
{"target": -42.548017005990694, "params": {"C": 404.5699712022019, "epsilon": 0.7728817472128977, "gamma": 0.01712354455346754, "lamda": 1.9729223831278215}, "datetime": {"datetime": "2021-09-24 20:05:33", "elapsed": 69.623326, "delta": 0.551918}}
{"target": -43.830295400818905, "params": {"C": 382.1262232364543, "epsilon": 0.5840597973598564, "gamma": 0.05659211753438151, "lamda": 1.2715938498179908}, "datetime": {"datetime": "2021-09-24 20:05:34", "elapsed": 70.290962, "delta": 0.667636}}
{"target": -43.97642285120577, "params": {"C": 384.981275129255, "epsilon": 0.8180033500994695, "gamma": 0.05829446539044706, "lamda": 1.6383046510492463}, "datetime": {"datetime": "2021-09-24 20:05:34", "elapsed": 70.973653, "delta": 0.682691}}
{"target": -43.09292981486223, "params": {"C": 471.392799094917, "epsilon": 0.45842387505571136, "gamma": 0.03687299603507519, "lamda": 2.0858790486310665}, "datetime": {"datetime": "2021-09-24 20:05:35", "elapsed": 71.510426, "delta": 0.536773}}
{"target": -44.189330935387275, "params": {"C": 366.67615455183113, "epsilon": 0.39338594697436363, "gamma": 0.06507372855973477, "lamda": 1.5076233088057163}, "datetime": {"datetime": "2021-09-24 20:05:35", "elapsed": 72.121371, "delta": 0.610945}}
{"target": -42.2565599594355, "params": {"C": 391.0649931862886, "epsilon": 0.893301939102614, "gamma": 0.016432726292406392, "lamda": 0.7066306530142125}, "datetime": {"datetime": "2021-09-24 20:05:36", "elapsed": 72.790499, "delta": 0.669128}}
{"target": -41.99929875775714, "params": {"C": 382.1000252866711, "epsilon": 0.5587444362502818, "gamma": 0.009742116737551824, "lamda": 1.2919210582319172}, "datetime": {"datetime": "2021-09-24 20:05:37", "elapsed": 73.492174, "delta": 0.701675}}
{"target": -44.81767024182332, "params": {"C": 387.2953054248294, "epsilon": 0.7716838103443762, "gamma": 0.08158854780119619, "lamda": 1.3700054915622526}, "datetime": {"datetime": "2021-09-24 20:05:37", "elapsed": 74.052432, "delta": 0.560258}}
{"target": -43.82990590848012, "params": {"C": 439.3040461377902, "epsilon": 0.6700260256303643, "gamma": 0.056687145899683926, "lamda": 1.3499153588040915}, "datetime": {"datetime": "2021-09-24 20:05:38", "elapsed": 74.653189, "delta": 0.600757}}
{"target": -42.68560792172405, "params": {"C": 423.9042869121124, "epsilon": 0.4579574626717925, "gamma": 0.025516655175145668, "lamda": 2.0380381585480234}, "datetime": {"datetime": "2021-09-24 20:05:39", "elapsed": 75.326556, "delta": 0.673367}}
{"target": -42.05707659567036, "params": {"C": 450.0516691485236, "epsilon": 0.3212400299749024, "gamma": 0.010446770302434828, "lamda": 0.7662787219479956}, "datetime": {"datetime": "2021-09-24 20:05:39", "elapsed": 76.071088, "delta": 0.744532}}
{"target": -45.45097836998708, "params": {"C": 359.67511718075406, "epsilon": 0.4583244745320767, "gamma": 0.001, "lamda": 2.002847991314059}, "datetime": {"datetime": "2021-09-24 20:05:40", "elapsed": 76.772651, "delta": 0.701563}}
{"target": -43.76947333716128, "params": {"C": 450.76854468553097, "epsilon": 0.3847421662013, "gamma": 0.0555723599988207, "lamda": 1.8135414888527126}, "datetime": {"datetime": "2021-09-24 20:05:41", "elapsed": 77.376882, "delta": 0.604231}}
{"target": -41.912433549969755, "params": {"C": 382.1395986114353, "epsilon": 0.5539446955899239, "gamma": 0.006668706817770932, "lamda": 1.3761316066695823}, "datetime": {"datetime": "2021-09-24 20:05:42", "elapsed": 78.254788, "delta": 0.877906}}
{"target": -42.54076779133003, "params": {"C": 488.97282918660585, "epsilon": 0.8998360467033923, "gamma": 0.02282914638468776, "lamda": 0.8762318416333096}, "datetime": {"datetime": "2021-09-24 20:05:42", "elapsed": 79.046028, "delta": 0.79124}}
{"target": -44.78877912618745, "params": {"C": 450.2450969944681, "epsilon": 0.3927155730387239, "gamma": 0.06660383909913685, "lamda": 0.8377896717582446}, "datetime": {"datetime": "2021-09-24 20:05:43", "elapsed": 79.737257, "delta": 0.691229}}
{"target": -44.90757873660707, "params": {"C": 382.0909662795423, "epsilon": 0.5824009554132905, "gamma": 0.001, "lamda": 1.3495676976212883}, "datetime": {"datetime": "2021-09-24 20:05:44", "elapsed": 80.477477, "delta": 0.74022}}
{"target": -42.32213584409514, "params": {"C": 384.88241485311886, "epsilon": 0.8166406210043438, "gamma": 0.012143576119930864, "lamda": 1.6312409883678476}, "datetime": {"datetime": "2021-09-24 20:05:45", "elapsed": 81.287413, "delta": 0.809936}}
{"target": -43.72064374741121, "params": {"C": 439.348314146191, "epsilon": 0.6703029194139434, "gamma": 0.05222816228069319, "lamda": 0.7789085163605747}, "datetime": {"datetime": "2021-09-24 20:05:45", "elapsed": 81.917745, "delta": 0.630332}}
{"target": -45.16475478065885, "params": {"C": 408.2894862745273, "epsilon": 0.8688561048764265, "gamma": 0.08834294976829667, "lamda": 0.898942508090322}, "datetime": {"datetime": "2021-09-24 20:05:46", "elapsed": 82.721547, "delta": 0.803802}}
{"target": -44.31972300856246, "params": {"C": 499.95469108152884, "epsilon": 0.9576809010415417, "gamma": 0.06979819238712494, "lamda": 1.0736447609018516}, "datetime": {"datetime": "2021-09-24 20:05:47", "elapsed": 83.365501, "delta": 0.643954}}
{"target": -44.10528821467834, "params": {"C": 408.3578243318314, "epsilon": 0.9788150547658929, "gamma": 0.06163347811942553, "lamda": 1.3893876155592422}, "datetime": {"datetime": "2021-09-24 20:05:47", "elapsed": 84.150915, "delta": 0.785414}}
{"target": -44.73684177795243, "params": {"C": 403.31680329043985, "epsilon": 0.40823587764285946, "gamma": 0.07399425204276056, "lamda": 1.2193563063341406}, "datetime": {"datetime": "2021-09-24 20:05:48", "elapsed": 84.818928, "delta": 0.668013}}
{"target": -45.22434880693535, "params": {"C": 488.97396098397496, "epsilon": 0.9186082461137266, "gamma": 0.08973340527898485, "lamda": 0.8692527391977154}, "datetime": {"datetime": "2021-09-24 20:05:49", "elapsed": 85.812558, "delta": 0.99363}}
{"target": -43.04998873936896, "params": {"C": 423.94636053933505, "epsilon": 0.4873574555151502, "gamma": 0.03515421383515041, "lamda": 2.0383096108980556}, "datetime": {"datetime": "2021-09-24 20:05:50", "elapsed": 86.580274, "delta": 0.767716}}
{"target": -43.84993833618992, "params": {"C": 384.91620717653024, "epsilon": 0.8490238458192949, "gamma": 0.05418628421714498, "lamda": 1.6707603835012352}, "datetime": {"datetime": "2021-09-24 20:05:51", "elapsed": 87.526257, "delta": 0.945983}}
{"target": -43.395523504597875, "params": {"C": 419.34855356200404, "epsilon": 0.9122482848621758, "gamma": 0.04367668548588678, "lamda": 1.3375016395811863}, "datetime": {"datetime": "2021-09-24 20:05:52", "elapsed": 88.262175, "delta": 0.735918}}
{"target": -42.14004010786248, "params": {"C": 424.0988725130787, "epsilon": 0.3772106043121339, "gamma": 0.012643352156261112, "lamda": 2.033056040148895}, "datetime": {"datetime": "2021-09-24 20:05:52", "elapsed": 89.074059, "delta": 0.811884}}
{"target": -42.26602540898739, "params": {"C": 478.2610862466985, "epsilon": 0.6025708063281567, "gamma": 0.011857295557225592, "lamda": 2.0036117282881367}, "datetime": {"datetime": "2021-09-24 20:05:53", "elapsed": 89.72475, "delta": 0.650691}}
{"target": -42.06342194367943, "params": {"C": 424.7726460500604, "epsilon": 0.4185751847537819, "gamma": 0.011198634821922876, "lamda": 1.703815551030721}, "datetime": {"datetime": "2021-09-24 20:05:54", "elapsed": 90.585318, "delta": 0.860568}}
{"target": -43.16245841794636, "params": {"C": 384.9105485266366, "epsilon": 0.7764616469521184, "gamma": 0.03635419651065606, "lamda": 1.6956105617579564}, "datetime": {"datetime": "2021-09-24 20:05:55", "elapsed": 91.482405, "delta": 0.897087}}
{"target": -42.75296017069724, "params": {"C": 444.1138161960896, "epsilon": 0.5448975296749538, "gamma": 0.027968720047783314, "lamda": 1.4587203213254032}, "datetime": {"datetime": "2021-09-24 20:05:55", "elapsed": 92.148302, "delta": 0.665897}}
{"target": -42.52201363665809, "params": {"C": 354.77851650859054, "epsilon": 0.7855135237743078, "gamma": 0.02248552298629689, "lamda": 0.9648841413698386}, "datetime": {"datetime": "2021-09-24 20:05:56", "elapsed": 92.961838, "delta": 0.813536}}
{"target": -43.85492265705303, "params": {"C": 408.3350684772052, "epsilon": 0.5238206841768633, "gamma": 0.05626556590399123, "lamda": 1.084302904287241}, "datetime": {"datetime": "2021-09-24 20:05:57", "elapsed": 93.646289, "delta": 0.684451}}
{"target": -43.442482012828975, "params": {"C": 424.68433246619713, "epsilon": 0.40503071168271376, "gamma": 0.04669944366375027, "lamda": 1.6828724927341057}, "datetime": {"datetime": "2021-09-24 20:05:58", "elapsed": 94.445068, "delta": 0.798779}}
{"target": -42.36461988885401, "params": {"C": 463.82054638498994, "epsilon": 0.6966251644922621, "gamma": 0.018628975454795898, "lamda": 1.1264087180421045}, "datetime": {"datetime": "2021-09-24 20:05:59", "elapsed": 95.295985, "delta": 0.850917}}
{"target": -42.56730800101855, "params": {"C": 424.10994217470073, "epsilon": 0.32606449712728724, "gamma": 0.023726519718221904, "lamda": 2.0514650748175915}, "datetime": {"datetime": "2021-09-24 20:05:59", "elapsed": 96.018127, "delta": 0.722142}}
{"target": -45.080343573558444, "params": {"C": 489.0011416089417, "epsilon": 0.9574951950256545, "gamma": 0.001, "lamda": 0.8731544870292617}, "datetime": {"datetime": "2021-09-24 20:06:00", "elapsed": 97.095572, "delta": 1.077445}}
{"target": -43.65870993294977, "params": {"C": 424.789400820651, "epsilon": 0.3595931727630453, "gamma": 0.05251166054879823, "lamda": 1.7057638394588406}, "datetime": {"datetime": "2021-09-24 20:06:01", "elapsed": 98.126652, "delta": 1.03108}}
{"target": -43.447986594170345, "params": {"C": 446.8648926147393, "epsilon": 0.41242419188503576, "gamma": 0.04769615790213393, "lamda": 2.000833201075274}, "datetime": {"datetime": "2021-09-24 20:06:02", "elapsed": 98.816167, "delta": 0.689515}}
{"target": -44.19190913097736, "params": {"C": 490.2094068384443, "epsilon": 0.8813290583400653, "gamma": 0.06468981255165683, "lamda": 0.7365964585179767}, "datetime": {"datetime": "2021-09-24 20:06:03", "elapsed": 99.526891, "delta": 0.710724}}
{"target": -44.81980729027031, "params": {"C": 382.1908710793426, "epsilon": 0.5340184484825444, "gamma": 0.08077439143726584, "lamda": 1.3582232163157764}, "datetime": {"datetime": "2021-09-24 20:06:04", "elapsed": 100.328224, "delta": 0.801333}}
{"target": -44.91848099209768, "params": {"C": 350.5063107764418, "epsilon": 0.37804786327359907, "gamma": 0.07767743842576685, "lamda": 1.342396363329109}, "datetime": {"datetime": "2021-09-24 20:06:04", "elapsed": 101.112496, "delta": 0.784272}}
{"target": -42.16535279325018, "params": {"C": 415.9976053566932, "epsilon": 0.6342083865267282, "gamma": 0.004237567772087756, "lamda": 1.1155601955658134}, "datetime": {"datetime": "2021-09-24 20:06:05", "elapsed": 101.851849, "delta": 0.739353}}
{"target": -43.07042202591932, "params": {"C": 424.7939431572837, "epsilon": 0.4569900105752089, "gamma": 0.03662498864507459, "lamda": 1.701902132965689}, "datetime": {"datetime": "2021-09-24 20:06:06", "elapsed": 102.931435, "delta": 1.079586}}
{"target": -45.26320688759887, "params": {"C": 360.95440950473466, "epsilon": 0.9399891033619001, "gamma": 0.09072993036063653, "lamda": 1.153840813432476}, "datetime": {"datetime": "2021-09-24 20:06:07", "elapsed": 103.651745, "delta": 0.72031}}
{"target": -42.66277836313709, "params": {"C": 424.07744159777286, "epsilon": 0.8571076911782844, "gamma": 0.0032449296503128766, "lamda": 1.0539278765542357}, "datetime": {"datetime": "2021-09-24 20:06:08", "elapsed": 104.417847, "delta": 0.766102}}
{"target": -42.67884928891591, "params": {"C": 423.8634618081299, "epsilon": 0.4875383260389192, "gamma": 0.02486923399065581, "lamda": 2.0787791277123997}, "datetime": {"datetime": "2021-09-24 20:06:09", "elapsed": 105.365305, "delta": 0.947458}}
{"target": -44.0196564030655, "params": {"C": 424.14209719540565, "epsilon": 0.5048703835541415, "gamma": 0.061892137895948204, "lamda": 2.091348741367004}, "datetime": {"datetime": "2021-09-24 20:06:10", "elapsed": 106.230148, "delta": 0.864843}}
{"target": -43.83967862423006, "params": {"C": 467.3353868698224, "epsilon": 0.9152306435971111, "gamma": 0.05631828554941305, "lamda": 1.152349759954147}, "datetime": {"datetime": "2021-09-24 20:06:10", "elapsed": 106.959296, "delta": 0.729148}}
{"target": -43.83038775896486, "params": {"C": 442.0299430837294, "epsilon": 0.6792584178842407, "gamma": 0.055507480989385724, "lamda": 0.8652936243078307}, "datetime": {"datetime": "2021-09-24 20:06:11", "elapsed": 107.660837, "delta": 0.701541}}
{"target": -42.160474279135116, "params": {"C": 478.2644571971508, "epsilon": 0.5637982652147597, "gamma": 0.009210491549379574, "lamda": 1.9633913239191563}, "datetime": {"datetime": "2021-09-24 20:06:12", "elapsed": 108.529333, "delta": 0.868496}}
{"target": -43.67812859342654, "params": {"C": 391.77607058575774, "epsilon": 0.9754091855710418, "gamma": 0.052298540560190857, "lamda": 0.9394410034135418}, "datetime": {"datetime": "2021-09-24 20:06:13", "elapsed": 109.282805, "delta": 0.753472}}
{"target": -44.80223708313599, "params": {"C": 371.6037425487568, "epsilon": 0.7168762226415897, "gamma": 0.07824868883400624, "lamda": 1.880581550951545}, "datetime": {"datetime": "2021-09-24 20:06:13", "elapsed": 110.033499, "delta": 0.750694}}
{"target": -44.13363985151637, "params": {"C": 424.01242381198523, "epsilon": 0.3725419875935888, "gamma": 0.06522741630447994, "lamda": 2.042325331894151}, "datetime": {"datetime": "2021-09-24 20:06:14", "elapsed": 110.881216, "delta": 0.847717}}
{"target": -42.02856080870696, "params": {"C": 416.0377572372006, "epsilon": 0.6471814644672683, "gamma": 0.01009568530575549, "lamda": 1.1705333571564456}, "datetime": {"datetime": "2021-09-24 20:06:15", "elapsed": 111.760759, "delta": 0.879543}}
{"target": -41.992073002008134, "params": {"C": 416.0569265397334, "epsilon": 0.6236729437996615, "gamma": 0.009583839288834793, "lamda": 1.1469203025560346}, "datetime": {"datetime": "2021-09-24 20:06:16", "elapsed": 112.582037, "delta": 0.821278}}
{"target": -45.788784812341994, "params": {"C": 354.52702667145314, "epsilon": 0.7185365910266859, "gamma": 0.09778917393002604, "lamda": 0.8759915418763381}, "datetime": {"datetime": "2021-09-24 20:06:17", "elapsed": 113.427923, "delta": 0.845886}}
{"target": -47.203440619277025, "params": {"C": 388.7771278859305, "epsilon": 0.35614172293050606, "gamma": 0.09865268368540828, "lamda": 0.828131964114543}, "datetime": {"datetime": "2021-09-24 20:06:18", "elapsed": 114.181382, "delta": 0.753459}}
{"target": -42.751587278731456, "params": {"C": 424.60085655583873, "epsilon": 0.46490313122077664, "gamma": 0.02766430178904529, "lamda": 1.848018115817805}, "datetime": {"datetime": "2021-09-24 20:06:18", "elapsed": 115.082752, "delta": 0.90137}}
{"target": -43.36703227690353, "params": {"C": 364.20297244632866, "epsilon": 0.5597249484231768, "gamma": 0.043887032047482545, "lamda": 2.0095653104714453}, "datetime": {"datetime": "2021-09-24 20:06:19", "elapsed": 115.800576, "delta": 0.717824}}
