{"target": -42.26418038550458, "params": {"C": 118.11679005033673, "epsilon": 0.7573103529443632, "gamma": 0.007680649837106417, "lamda": 1.578267650076953}, "datetime": {"datetime": "2021-09-24 19:16:32", "elapsed": 276.772561, "delta": 2.375296}}
{"target": -44.435006808430344, "params": {"C": 119.83358133396364, "epsilon": 0.5254985945380016, "gamma": 0.0642531058944991, "lamda": 0.9491813856321828}, "datetime": {"datetime": "2021-09-24 19:16:34", "elapsed": 278.084411, "delta": 1.31185}}
{"target": -42.11388351086777, "params": {"C": 111.6052371059647, "epsilon": 0.7593761308899762, "gamma": 0.008571516675085735, "lamda": 1.1233828485728465}, "datetime": {"datetime": "2021-09-24 19:16:36", "elapsed": 279.933258, "delta": 1.848847}}
{"target": -42.9903552400231, "params": {"C": 124.19388394500899, "epsilon": 0.9008913235312019, "gamma": 0.004093940225412032, "lamda": 1.4541667003982053}, "datetime": {"datetime": "2021-09-24 19:16:38", "elapsed": 282.370075, "delta": 2.436817}}
{"target": -42.24795560691718, "params": {"C": 124.25807032280582, "epsilon": 0.8767411586749396, "gamma": 0.008185632861751098, "lamda": 1.3918667495549772}, "datetime": {"datetime": "2021-09-24 19:16:40", "elapsed": 284.290282, "delta": 1.920207}}
{"target": -45.47500997082831, "params": {"C": 105.27896081310037, "epsilon": 0.5324595785965305, "gamma": 0.09517211871911081, "lamda": 0.8716576834264015}, "datetime": {"datetime": "2021-09-24 19:16:41", "elapsed": 285.507817, "delta": 1.217535}}
{"target": -44.14624935289548, "params": {"C": 120.17857780448864, "epsilon": 0.54741991683668, "gamma": 0.05081257196948723, "lamda": 0.8062709690659438}, "datetime": {"datetime": "2021-09-24 19:16:42", "elapsed": 286.719052, "delta": 1.211235}}
{"target": -42.197798244936614, "params": {"C": 106.82932049386955, "epsilon": 0.9331639374174241, "gamma": 0.010685345868070219, "lamda": 1.185125481010657}, "datetime": {"datetime": "2021-09-24 19:16:44", "elapsed": 288.747513, "delta": 2.028461}}
{"target": -44.17016674417031, "params": {"C": 118.05510806645265, "epsilon": 0.8129953255566276, "gamma": 0.06580704415394512, "lamda": 1.218334266414476}, "datetime": {"datetime": "2021-09-24 19:16:46", "elapsed": 290.061535, "delta": 1.314022}}
{"target": -44.18001596099574, "params": {"C": 112.9808170350044, "epsilon": 0.9593876914703823, "gamma": 0.04740989183703893, "lamda": 0.37889838780122076}, "datetime": {"datetime": "2021-09-24 19:16:47", "elapsed": 291.400058, "delta": 1.338523}}
{"target": -43.32534171029236, "params": {"C": 101.74591279775161, "epsilon": 0.9374577299717894, "gamma": 0.032608974589129, "lamda": 0.03658678452426417}, "datetime": {"datetime": "2021-09-24 19:16:48", "elapsed": 292.642763, "delta": 1.242705}}
{"target": -45.50710442595503, "params": {"C": 111.32190289448596, "epsilon": 0.3150131684582649, "gamma": 0.09311883257766881, "lamda": 0.44427000684902784}, "datetime": {"datetime": "2021-09-24 19:16:49", "elapsed": 293.893124, "delta": 1.250361}}
{"target": -44.30802657467163, "params": {"C": 138.3645371784354, "epsilon": 0.9132161159892354, "gamma": 0.06941756653954165, "lamda": 0.9984343898019734}, "datetime": {"datetime": "2021-09-24 19:16:51", "elapsed": 295.162916, "delta": 1.269792}}
{"target": -42.15548367437524, "params": {"C": 124.84493632990208, "epsilon": 0.7724376140598553, "gamma": 0.0048567135926121325, "lamda": 0.9041648738643988}, "datetime": {"datetime": "2021-09-24 19:16:53", "elapsed": 297.434882, "delta": 2.271966}}
{"target": -42.193568337578554, "params": {"C": 142.71503261261097, "epsilon": 0.6759607612123998, "gamma": 0.006906565240159523, "lamda": 1.575884418082394}, "datetime": {"datetime": "2021-09-24 19:16:55", "elapsed": 299.68988, "delta": 2.254998}}
{"target": -44.48255204446002, "params": {"C": 117.95319167959495, "epsilon": 0.9243433519928117, "gamma": 0.07436420787442108, "lamda": 1.0160368010141916}, "datetime": {"datetime": "2021-09-24 19:16:57", "elapsed": 300.938513, "delta": 1.248633}}
{"target": -42.21182994979149, "params": {"C": 124.99655809675941, "epsilon": 0.7692607663578233, "gamma": 0.011228355209108525, "lamda": 0.9830413378794541}, "datetime": {"datetime": "2021-09-24 19:16:58", "elapsed": 302.212205, "delta": 1.273692}}
{"target": -42.884238229341676, "params": {"C": 142.79649046310738, "epsilon": 0.6566984227662641, "gamma": 0.003208455596753975, "lamda": 1.5342070755919714}, "datetime": {"datetime": "2021-09-24 19:17:00", "elapsed": 304.382734, "delta": 2.170529}}
{"target": -42.89650970602934, "params": {"C": 124.72554511692053, "epsilon": 0.7794845199470293, "gamma": 0.030149715846492595, "lamda": 1.0861386738763004}, "datetime": {"datetime": "2021-09-24 19:17:02", "elapsed": 306.716091, "delta": 2.333357}}
{"target": -43.183660164872244, "params": {"C": 116.59068554906791, "epsilon": 0.8919516161360019, "gamma": 0.03744859164587902, "lamda": 0.9720899835464551}, "datetime": {"datetime": "2021-09-24 19:17:04", "elapsed": 308.111013, "delta": 1.394922}}
{"target": -42.015690215004796, "params": {"C": 142.80580906175564, "epsilon": 0.6332896966264698, "gamma": 0.00773825416496307, "lamda": 1.4510514917879236}, "datetime": {"datetime": "2021-09-24 19:17:06", "elapsed": 310.494379, "delta": 2.383366}}
{"target": -43.311738299359774, "params": {"C": 142.80783108627392, "epsilon": 0.6284430712581802, "gamma": 0.04366698001794381, "lamda": 1.4847574626860198}, "datetime": {"datetime": "2021-09-24 19:17:09", "elapsed": 313.60068, "delta": 3.106301}}
{"target": -42.552644827828345, "params": {"C": 142.73813177002583, "epsilon": 0.600471682384975, "gamma": 0.003639967012004544, "lamda": 1.5088525734032725}, "datetime": {"datetime": "2021-09-24 19:17:12", "elapsed": 315.924406, "delta": 2.323726}}
{"target": -44.58441997147898, "params": {"C": 149.55805193405607, "epsilon": 0.621254729143436, "gamma": 0.06733379349010378, "lamda": 0.67958500956645}, "datetime": {"datetime": "2021-09-24 19:17:13", "elapsed": 317.326893, "delta": 1.402487}}
{"target": -43.75751058952842, "params": {"C": 106.85822501379876, "epsilon": 0.9482949053012606, "gamma": 0.053930431847824034, "lamda": 1.137517078620794}, "datetime": {"datetime": "2021-09-24 19:17:16", "elapsed": 319.953329, "delta": 2.626436}}
{"target": -44.24318685512378, "params": {"C": 104.09951638035054, "epsilon": 0.5653170514328621, "gamma": 0.06690111705758385, "lamda": 1.6775346847720702}, "datetime": {"datetime": "2021-09-24 19:17:17", "elapsed": 321.182952, "delta": 1.229623}}
{"target": -42.25574375249853, "params": {"C": 124.62067590666226, "epsilon": 0.5914514667567887, "gamma": 0.00424315628748243, "lamda": 1.218269500904181}, "datetime": {"datetime": "2021-09-24 19:17:18", "elapsed": 322.447235, "delta": 1.264283}}
{"target": -42.16814272738072, "params": {"C": 124.83074245773017, "epsilon": 0.9344178598580741, "gamma": 0.01129553779751256, "lamda": 1.0535567490440112}, "datetime": {"datetime": "2021-09-24 19:17:20", "elapsed": 324.561552, "delta": 2.114317}}
{"target": -45.470611753241286, "params": {"C": 118.44109266669047, "epsilon": 0.7355054742957358, "gamma": 0.09101037124882985, "lamda": 0.29045095033975377}, "datetime": {"datetime": "2021-09-24 19:17:22", "elapsed": 325.900842, "delta": 1.33929}}
{"target": -42.93864148977738, "params": {"C": 124.41954496488913, "epsilon": 0.971567850737258, "gamma": 0.029655390448612963, "lamda": 1.4323498663979706}, "datetime": {"datetime": "2021-09-24 19:17:24", "elapsed": 328.148901, "delta": 2.248059}}
{"target": -42.537790224793305, "params": {"C": 124.20580988979978, "epsilon": 0.8888726743483608, "gamma": 0.02021470887848663, "lamda": 1.361919839187431}, "datetime": {"datetime": "2021-09-24 19:17:27", "elapsed": 331.318471, "delta": 3.16957}}
{"target": -42.30448145999815, "params": {"C": 116.2786879618689, "epsilon": 0.8931646611634303, "gamma": 0.004212896666752135, "lamda": 0.7545492338588015}, "datetime": {"datetime": "2021-09-24 19:17:28", "elapsed": 332.800392, "delta": 1.481921}}
{"target": -43.49910458800333, "params": {"C": 142.75748311956812, "epsilon": 0.724453373140789, "gamma": 0.047500814575339764, "lamda": 1.4974427865335578}, "datetime": {"datetime": "2021-09-24 19:17:31", "elapsed": 335.006067, "delta": 2.205675}}
{"target": -42.54087190480605, "params": {"C": 104.66159448621352, "epsilon": 0.5444972331486323, "gamma": 0.01218975364945404, "lamda": 1.2325660280390232}, "datetime": {"datetime": "2021-09-24 19:17:32", "elapsed": 336.322397, "delta": 1.31633}}
{"target": -43.04880216044635, "params": {"C": 142.823266157932, "epsilon": 0.618378751754213, "gamma": 0.03506047893874982, "lamda": 1.603386256991532}, "datetime": {"datetime": "2021-09-24 19:17:34", "elapsed": 338.304575, "delta": 1.982178}}
{"target": -42.17073576743323, "params": {"C": 116.29661037309295, "epsilon": 0.8562583066830884, "gamma": 0.005459312869638304, "lamda": 0.7938646429780767}, "datetime": {"datetime": "2021-09-24 19:17:36", "elapsed": 340.69881, "delta": 2.394235}}
{"target": -42.35263541423343, "params": {"C": 124.90757712180533, "epsilon": 0.8874300126320758, "gamma": 0.016683491009839423, "lamda": 1.098462672681876}, "datetime": {"datetime": "2021-09-24 19:17:38", "elapsed": 342.050641, "delta": 1.351831}}
{"target": -42.62618566982511, "params": {"C": 142.8664672812844, "epsilon": 0.6718681262143416, "gamma": 0.023564707141144666, "lamda": 1.517255553789033}, "datetime": {"datetime": "2021-09-24 19:17:40", "elapsed": 344.713587, "delta": 2.662946}}
{"target": -43.07601005856419, "params": {"C": 130.01193510181346, "epsilon": 0.8014337195684982, "gamma": 0.021391666894042927, "lamda": 0.6102709825626113}, "datetime": {"datetime": "2021-09-24 19:17:42", "elapsed": 346.625318, "delta": 1.911731}}
{"target": -43.84050502520413, "params": {"C": 149.87127697347162, "epsilon": 0.9156443998358588, "gamma": 0.056063032480829326, "lamda": 0.8042571400354119}, "datetime": {"datetime": "2021-09-24 19:17:44", "elapsed": 348.406548, "delta": 1.78123}}
{"target": -42.897184898932764, "params": {"C": 116.32385173889375, "epsilon": 0.8117361789373754, "gamma": 0.025316174877573625, "lamda": 0.8341697699680104}, "datetime": {"datetime": "2021-09-24 19:17:47", "elapsed": 351.390879, "delta": 2.984331}}
{"target": -42.830992754887696, "params": {"C": 118.24631905811593, "epsilon": 0.9072621588923007, "gamma": 0.026088917413143245, "lamda": 1.6249471046854989}, "datetime": {"datetime": "2021-09-24 19:17:50", "elapsed": 353.995686, "delta": 2.604807}}
{"target": -42.30851251989365, "params": {"C": 142.85989990806826, "epsilon": 0.713211460996855, "gamma": 0.014668764181209812, "lamda": 1.4760169736581676}, "datetime": {"datetime": "2021-09-24 19:17:52", "elapsed": 356.691455, "delta": 2.695769}}
{"target": -42.43031700412358, "params": {"C": 104.66812445172087, "epsilon": 0.5444056926852117, "gamma": 0.004402833996279451, "lamda": 1.149306621702303}, "datetime": {"datetime": "2021-09-24 19:17:55", "elapsed": 359.142249, "delta": 2.450794}}
{"target": -44.54540325351218, "params": {"C": 134.12888380881782, "epsilon": 0.8437149339299275, "gamma": 0.07514956623281352, "lamda": 0.9619433317888378}, "datetime": {"datetime": "2021-09-24 19:17:56", "elapsed": 360.661612, "delta": 1.519363}}
{"target": -42.45066017507985, "params": {"C": 146.77469689356442, "epsilon": 0.40446719484201943, "gamma": 0.0029096968362618625, "lamda": 1.2729753076936492}, "datetime": {"datetime": "2021-09-24 19:17:58", "elapsed": 362.198705, "delta": 1.537093}}
{"target": -42.87207835722006, "params": {"C": 103.2904313560109, "epsilon": 0.7478184919490058, "gamma": 0.0278741266959652, "lamda": 1.2039207312935833}, "datetime": {"datetime": "2021-09-24 19:17:59", "elapsed": 363.690257, "delta": 1.491552}}
{"target": -42.82901684471152, "params": {"C": 124.25526147919395, "epsilon": 0.949145875712502, "gamma": 0.026625706141617623, "lamda": 1.4499870715450438}, "datetime": {"datetime": "2021-09-24 19:18:02", "elapsed": 366.176594, "delta": 2.486337}}
{"target": -42.78411150976289, "params": {"C": 142.75934600890633, "epsilon": 0.6829305001205116, "gamma": 0.027067452722604374, "lamda": 1.6016671029915814}, "datetime": {"datetime": "2021-09-24 19:18:04", "elapsed": 368.452285, "delta": 2.275691}}
{"target": -44.72302674567381, "params": {"C": 124.20786725937181, "epsilon": 0.8874702293766243, "gamma": 0.0748199133941808, "lamda": 0.6473452172210673}, "datetime": {"datetime": "2021-09-24 19:18:06", "elapsed": 370.00687, "delta": 1.554585}}
{"target": -42.80158142054302, "params": {"C": 142.7940892756443, "epsilon": 0.6901367369504376, "gamma": 0.028036159298291556, "lamda": 1.454468877313354}, "datetime": {"datetime": "2021-09-24 19:18:08", "elapsed": 372.317448, "delta": 2.310578}}
{"target": -44.006767387085134, "params": {"C": 110.55847372105899, "epsilon": 0.7549150438949151, "gamma": 0.049274462153398695, "lamda": 0.6887063457050422}, "datetime": {"datetime": "2021-09-24 19:18:10", "elapsed": 373.920267, "delta": 1.602819}}
{"target": -43.2162684785922, "params": {"C": 106.75586046335214, "epsilon": 0.4814474469365776, "gamma": 0.02766875789813905, "lamda": 0.04809517772831944}, "datetime": {"datetime": "2021-09-24 19:18:11", "elapsed": 375.753636, "delta": 1.833369}}
{"target": -42.27791170755691, "params": {"C": 116.22020073980777, "epsilon": 0.8845429349168619, "gamma": 0.009795047377160752, "lamda": 0.7861484069545055}, "datetime": {"datetime": "2021-09-24 19:18:13", "elapsed": 377.873654, "delta": 2.120018}}
{"target": -44.5225643105241, "params": {"C": 114.28425819744963, "epsilon": 0.6996871669559703, "gamma": 0.06719114857907314, "lamda": 0.7610240654106553}, "datetime": {"datetime": "2021-09-24 19:18:15", "elapsed": 379.466489, "delta": 1.592835}}
{"target": -43.21239148484589, "params": {"C": 106.40607433707083, "epsilon": 0.4148023952075529, "gamma": 0.019590537148301647, "lamda": 1.0088281603702303}, "datetime": {"datetime": "2021-09-24 19:18:17", "elapsed": 381.03296, "delta": 1.566471}}
{"target": -43.956639840482055, "params": {"C": 124.18353653200985, "epsilon": 0.8681180410555263, "gamma": 0.05857256504011736, "lamda": 1.3878733770919032}, "datetime": {"datetime": "2021-09-24 19:18:20", "elapsed": 384.646238, "delta": 3.613278}}
{"target": -43.15814394241652, "params": {"C": 149.01924311101746, "epsilon": 0.6201675328185242, "gamma": 0.03821402512653857, "lamda": 1.2133700789091186}, "datetime": {"datetime": "2021-09-24 19:18:22", "elapsed": 386.02516, "delta": 1.378922}}
{"target": -43.39240482116324, "params": {"C": 115.48825579543576, "epsilon": 0.703784854987503, "gamma": 0.02305100744854924, "lamda": 0.5152195259629363}, "datetime": {"datetime": "2021-09-24 19:18:23", "elapsed": 387.703762, "delta": 1.678602}}
{"target": -42.695427497076125, "params": {"C": 116.24965433545869, "epsilon": 0.8439758483042039, "gamma": 0.01738391484250536, "lamda": 0.7441952278366033}, "datetime": {"datetime": "2021-09-24 19:18:27", "elapsed": 390.90273, "delta": 3.198968}}
{"target": -42.61897019170914, "params": {"C": 130.28641483663318, "epsilon": 0.7785932728435077, "gamma": 0.0218966331908049, "lamda": 0.9413180903398674}, "datetime": {"datetime": "2021-09-24 19:18:28", "elapsed": 392.463217, "delta": 1.560487}}
{"target": -42.847557108104915, "params": {"C": 134.13380758898046, "epsilon": 0.6423842946574343, "gamma": 0.011612083167929561, "lamda": 0.5049720097640528}, "datetime": {"datetime": "2021-09-24 19:18:30", "elapsed": 394.074848, "delta": 1.611631}}
{"target": -44.356451823097174, "params": {"C": 121.86240689535042, "epsilon": 0.9559455950824676, "gamma": 0.0617207245030853, "lamda": 0.5351677708556974}, "datetime": {"datetime": "2021-09-24 19:18:31", "elapsed": 395.793362, "delta": 1.718514}}
{"target": -42.878148438143974, "params": {"C": 104.67301996878729, "epsilon": 0.5853487787447107, "gamma": 0.02276213475648875, "lamda": 1.1875159053472917}, "datetime": {"datetime": "2021-09-24 19:18:35", "elapsed": 399.813576, "delta": 4.020214}}
{"target": -44.214794789774444, "params": {"C": 116.24416902194491, "epsilon": 0.8515398721145868, "gamma": 0.06274700290612927, "lamda": 0.8409502973113092}, "datetime": {"datetime": "2021-09-24 19:18:39", "elapsed": 403.137565, "delta": 3.323989}}
{"target": -42.29742082412863, "params": {"C": 124.24073376755075, "epsilon": 0.863856494810497, "gamma": 0.008050729854459494, "lamda": 1.4605829235708518}, "datetime": {"datetime": "2021-09-24 19:18:42", "elapsed": 405.981701, "delta": 2.844136}}
{"target": -42.343586196952984, "params": {"C": 102.3285135425377, "epsilon": 0.8300332511681039, "gamma": 0.012881956427669504, "lamda": 1.6134141184701922}, "datetime": {"datetime": "2021-09-24 19:18:43", "elapsed": 407.496891, "delta": 1.51519}}
{"target": -42.67444442909859, "params": {"C": 104.69596358107691, "epsilon": 0.5130505863817136, "gamma": 0.013040834182665202, "lamda": 1.1902899936659261}, "datetime": {"datetime": "2021-09-24 19:18:46", "elapsed": 410.56102, "delta": 3.064129}}
{"target": -45.43776072306609, "params": {"C": 115.07606357562679, "epsilon": 0.981491830538626, "gamma": 0.09172825523460301, "lamda": 0.44297830152270545}, "datetime": {"datetime": "2021-09-24 19:18:48", "elapsed": 412.252469, "delta": 1.691449}}
{"target": -46.67362789250425, "params": {"C": 118.12052446568788, "epsilon": 0.8090238696548826, "gamma": 0.001, "lamda": 1.6016928499771186}, "datetime": {"datetime": "2021-09-24 19:18:51", "elapsed": 415.431476, "delta": 3.179007}}
{"target": -42.09614126815532, "params": {"C": 142.80102702173437, "epsilon": 0.6700366682998258, "gamma": 0.009302302880195259, "lamda": 1.4971078398223658}, "datetime": {"datetime": "2021-09-24 19:18:53", "elapsed": 417.08613, "delta": 1.654654}}
{"target": -42.472143638341244, "params": {"C": 124.30791101732054, "epsilon": 0.9764235972824444, "gamma": 0.00765903242153352, "lamda": 1.4547930958737865}, "datetime": {"datetime": "2021-09-24 19:18:56", "elapsed": 420.236347, "delta": 3.150217}}
{"target": -43.623914656902855, "params": {"C": 142.76208188678316, "epsilon": 0.7052692601942965, "gamma": 0.050874308226282944, "lamda": 1.4832237500444403}, "datetime": {"datetime": "2021-09-24 19:18:57", "elapsed": 421.889949, "delta": 1.653602}}
{"target": -43.408958758918615, "params": {"C": 129.66243878333415, "epsilon": 0.4946573922489701, "gamma": 0.04348757809210317, "lamda": 1.508348594519746}, "datetime": {"datetime": "2021-09-24 19:18:59", "elapsed": 423.539361, "delta": 1.649412}}
{"target": -42.977731791578215, "params": {"C": 124.2510304131871, "epsilon": 0.8361313374009305, "gamma": 0.03204498890455602, "lamda": 1.3506179371011764}, "datetime": {"datetime": "2021-09-24 19:19:02", "elapsed": 426.050769, "delta": 2.511408}}
{"target": -43.30831885512294, "params": {"C": 112.2692968436916, "epsilon": 0.7913201856695822, "gamma": 0.029811396244230858, "lamda": 0.7230132895309785}, "datetime": {"datetime": "2021-09-24 19:19:03", "elapsed": 427.666842, "delta": 1.616073}}
{"target": -44.67295509268134, "params": {"C": 105.5588626775801, "epsilon": 0.8686285061298669, "gamma": 0.07541111216888174, "lamda": 1.54151232801325}, "datetime": {"datetime": "2021-09-24 19:19:05", "elapsed": 429.180046, "delta": 1.513204}}
{"target": -42.494855047200865, "params": {"C": 106.85999962094246, "epsilon": 0.9851220119455457, "gamma": 0.005520385075880716, "lamda": 1.2224455093962856}, "datetime": {"datetime": "2021-09-24 19:19:08", "elapsed": 431.942707, "delta": 2.762661}}
{"target": -43.58973465901285, "params": {"C": 141.327677950938, "epsilon": 0.8545713794359888, "gamma": 0.02797245427879338, "lamda": 0.3986844632676874}, "datetime": {"datetime": "2021-09-24 19:19:09", "elapsed": 433.540848, "delta": 1.598141}}
{"target": -42.4807838941353, "params": {"C": 124.29742190093798, "epsilon": 0.8420913791819795, "gamma": 0.018244565146657118, "lamda": 1.4578484172235}, "datetime": {"datetime": "2021-09-24 19:19:12", "elapsed": 436.284503, "delta": 2.743655}}
{"target": -42.526852651176, "params": {"C": 113.87789493796078, "epsilon": 0.6873183694982272, "gamma": 0.016488763485911582, "lamda": 1.0512701788143641}, "datetime": {"datetime": "2021-09-24 19:19:13", "elapsed": 437.893073, "delta": 1.60857}}
{"target": -42.47271990576152, "params": {"C": 118.13706947588818, "epsilon": 0.7312445966151909, "gamma": 0.01859079760628247, "lamda": 1.6056253744463553}, "datetime": {"datetime": "2021-09-24 19:19:16", "elapsed": 440.833694, "delta": 2.940621}}
{"target": -43.732495096094425, "params": {"C": 135.09385956355513, "epsilon": 0.5006088446977301, "gamma": 0.04971322289718671, "lamda": 1.2059211737621038}, "datetime": {"datetime": "2021-09-24 19:19:18", "elapsed": 442.419175, "delta": 1.585481}}
{"target": -43.884365351761296, "params": {"C": 124.26202150741803, "epsilon": 0.8323025715710781, "gamma": 0.056462166862664656, "lamda": 1.4709342693653085}, "datetime": {"datetime": "2021-09-24 19:19:21", "elapsed": 445.264757, "delta": 2.845582}}
{"target": -45.20073980550511, "params": {"C": 106.31580473412589, "epsilon": 0.938339079159686, "gamma": 0.0894884356290191, "lamda": 0.969584294016899}, "datetime": {"datetime": "2021-09-24 19:19:22", "elapsed": 446.773747, "delta": 1.50899}}
{"target": -42.5354207740812, "params": {"C": 124.88870495534675, "epsilon": 0.8222948642661765, "gamma": 0.02143513890199672, "lamda": 1.0890871669986988}, "datetime": {"datetime": "2021-09-24 19:19:25", "elapsed": 449.885423, "delta": 3.111676}}
{"target": -43.81179993176484, "params": {"C": 140.4927271722867, "epsilon": 0.6085554200035973, "gamma": 0.05629450424958567, "lamda": 1.6516676206208123}, "datetime": {"datetime": "2021-09-24 19:19:27", "elapsed": 451.398214, "delta": 1.512791}}
{"target": -43.05960238928434, "params": {"C": 142.77940295606442, "epsilon": 0.5608248951645698, "gamma": 0.03613359385798711, "lamda": 1.608177982011692}, "datetime": {"datetime": "2021-09-24 19:19:30", "elapsed": 454.009295, "delta": 2.611081}}
