{"target": 0.46792350868751054, "params": {"C": 684.9604311489766, "epsilon": 0.8353742806979686, "gamma": 0.01180285972783809, "lamda": 0.535358581114011}, "datetime": {"datetime": "2021-09-23 22:22:33", "elapsed": 91.465627, "delta": 0.750999}}
{"target": 0.4691526672342343, "params": {"C": 786.4680598432832, "epsilon": 0.9445428166322638, "gamma": 0.007999705662819006, "lamda": 0.5488132356649196}, "datetime": {"datetime": "2021-09-23 22:22:34", "elapsed": 92.089292, "delta": 0.623665}}
{"target": 0.46819497440568925, "params": {"C": 731.042782516364, "epsilon": 0.9329947326325776, "gamma": 0.009265084428768633, "lamda": 0.7684432526270075}, "datetime": {"datetime": "2021-09-23 22:22:34", "elapsed": 92.626287, "delta": 0.536995}}
{"target": 0.46845948157315065, "params": {"C": 724.7332713386055, "epsilon": 0.8972842633631168, "gamma": 0.011309517416898136, "lamda": 0.5519024991564204}, "datetime": {"datetime": "2021-09-23 22:22:35", "elapsed": 93.327549, "delta": 0.701262}}
{"target": 0.46931257243738156, "params": {"C": 778.6677521790733, "epsilon": 0.7749160719559127, "gamma": 0.009686086825942398, "lamda": 0.6251832449445953}, "datetime": {"datetime": "2021-09-23 22:22:36", "elapsed": 93.950548, "delta": 0.622999}}
{"target": 0.4680459712150741, "params": {"C": 682.105502938116, "epsilon": 0.795828021711806, "gamma": 0.006441551584223399, "lamda": 0.6348314278699849}, "datetime": {"datetime": "2021-09-23 22:22:36", "elapsed": 94.523083, "delta": 0.572535}}
{"target": 0.46966385046663917, "params": {"C": 715.8844508162626, "epsilon": 0.7127818582893053, "gamma": 0.008342467913991028, "lamda": 0.5584289070713697}, "datetime": {"datetime": "2021-09-23 22:22:37", "elapsed": 95.228287, "delta": 0.705204}}
{"target": 0.4687570674198581, "params": {"C": 752.0115340139976, "epsilon": 0.7306648369485609, "gamma": 0.010901741522881137, "lamda": 0.6817549457904837}, "datetime": {"datetime": "2021-09-23 22:22:37", "elapsed": 95.900285, "delta": 0.671998}}
{"target": 0.4676486294228187, "params": {"C": 752.1958832231062, "epsilon": 0.8255721464394743, "gamma": 0.006988014997674982, "lamda": 0.7477678278058626}, "datetime": {"datetime": "2021-09-23 22:22:38", "elapsed": 96.849754, "delta": 0.949469}}
{"target": 0.4693227274662999, "params": {"C": 720.2141450084241, "epsilon": 0.8408626495410126, "gamma": 0.009086958145124587, "lamda": 0.6174094498324113}, "datetime": {"datetime": "2021-09-23 22:22:39", "elapsed": 97.490756, "delta": 0.641002}}
{"target": 0.4686556143325976, "params": {"C": 701.0190391874486, "epsilon": 0.9832438340462565, "gamma": 0.010943307554345666, "lamda": 0.5685967012217065}, "datetime": {"datetime": "2021-09-23 22:22:40", "elapsed": 98.818411, "delta": 1.327655}}
{"target": 0.467923308162869, "params": {"C": 752.766488778517, "epsilon": 0.7753303683749723, "gamma": 0.006563449758624916, "lamda": 0.6917504118401906}, "datetime": {"datetime": "2021-09-23 22:22:42", "elapsed": 99.954413, "delta": 1.136002}}
{"target": 0.4686087380309013, "params": {"C": 703.1735553254974, "epsilon": 0.8422142636549745, "gamma": 0.008937873243074951, "lamda": 0.7725457856915762}, "datetime": {"datetime": "2021-09-23 22:22:42", "elapsed": 100.786955, "delta": 0.832542}}
{"target": 0.46775245522468656, "params": {"C": 735.1927767324197, "epsilon": 0.8335551494245544, "gamma": 0.006793823646276196, "lamda": 0.6998430355448549}, "datetime": {"datetime": "2021-09-23 22:22:43", "elapsed": 101.485958, "delta": 0.699003}}
{"target": 0.46774517621374334, "params": {"C": 797.8786803184465, "epsilon": 0.7494777788225506, "gamma": 0.006521839597417669, "lamda": 0.7345467278007328}, "datetime": {"datetime": "2021-09-23 22:22:44", "elapsed": 102.266385, "delta": 0.780427}}
{"target": 0.46940146547436257, "params": {"C": 691.4683556842431, "epsilon": 0.9462747693378752, "gamma": 0.00917735201876114, "lamda": 0.5171675633467315}, "datetime": {"datetime": "2021-09-23 22:22:45", "elapsed": 103.316567, "delta": 1.050182}}
{"target": 0.4690996958929117, "params": {"C": 716.9987873133202, "epsilon": 0.9990147078262315, "gamma": 0.010004452543190153, "lamda": 0.5305725655742459}, "datetime": {"datetime": "2021-09-23 22:22:46", "elapsed": 104.466459, "delta": 1.149892}}
{"target": 0.46775608787048295, "params": {"C": 693.0697689865515, "epsilon": 0.845883905802948, "gamma": 0.006359229631888702, "lamda": 0.6203030202930266}, "datetime": {"datetime": "2021-09-23 22:22:47", "elapsed": 105.189769, "delta": 0.72331}}
{"target": 0.46567530107710553, "params": {"C": 723.1714761032351, "epsilon": 0.9792120900564263, "gamma": 0.006447887895207838, "lamda": 0.7467198303530297}, "datetime": {"datetime": "2021-09-23 22:22:47", "elapsed": 105.922771, "delta": 0.733002}}
{"target": 0.4694647343887822, "params": {"C": 749.2730927329707, "epsilon": 0.7004244351899185, "gamma": 0.007261881705951677, "lamda": 0.5520376848292836}, "datetime": {"datetime": "2021-09-23 22:22:48", "elapsed": 106.734761, "delta": 0.81199}}
{"target": 0.46903677763423013, "params": {"C": 656.0876809547565, "epsilon": 0.7495467211965195, "gamma": 0.010380302229395125, "lamda": 0.638987677160338}, "datetime": {"datetime": "2021-09-23 22:22:49", "elapsed": 107.521761, "delta": 0.787}}
{"target": 0.46936384544333154, "params": {"C": 656.1758103983434, "epsilon": 0.7897316161826659, "gamma": 0.0076744878852404936, "lamda": 0.5806475018274179}, "datetime": {"datetime": "2021-09-23 22:22:50", "elapsed": 108.289821, "delta": 0.76806}}
{"target": 0.46934824250359, "params": {"C": 733.3555980171013, "epsilon": 0.8982773343385043, "gamma": 0.009624406272302996, "lamda": 0.5039519856399208}, "datetime": {"datetime": "2021-09-23 22:22:51", "elapsed": 109.192842, "delta": 0.903021}}
{"target": 0.468571284643597, "params": {"C": 733.3535448275368, "epsilon": 0.9062717936592266, "gamma": 0.011097213682653838, "lamda": 0.5234349354395537}, "datetime": {"datetime": "2021-09-23 22:22:52", "elapsed": 110.108119, "delta": 0.915277}}
{"target": 0.46925496480650264, "params": {"C": 724.5207003266371, "epsilon": 0.7713800985530954, "gamma": 0.009371507769280777, "lamda": 0.6926823717373655}, "datetime": {"datetime": "2021-09-23 22:22:52", "elapsed": 110.921901, "delta": 0.813782}}
{"target": 0.46944739777935507, "params": {"C": 683.8839929711754, "epsilon": 0.8059013399182122, "gamma": 0.00937314072914377, "lamda": 0.5321801208631869}, "datetime": {"datetime": "2021-09-23 22:22:53", "elapsed": 111.757935, "delta": 0.836034}}
{"target": 0.46769043870894045, "params": {"C": 770.170905413463, "epsilon": 0.9986621636669264, "gamma": 0.011649500833066253, "lamda": 0.7566492797092014}, "datetime": {"datetime": "2021-09-23 22:22:54", "elapsed": 112.387519, "delta": 0.629584}}
{"target": 0.469572180744257, "params": {"C": 674.3626736905828, "epsilon": 0.7774610128477766, "gamma": 0.008925613490688947, "lamda": 0.5166541220488452}, "datetime": {"datetime": "2021-09-23 22:22:56", "elapsed": 113.945614, "delta": 1.558095}}
{"target": 0.4686311468002847, "params": {"C": 771.392799094917, "epsilon": 0.7678959464524477, "gamma": 0.008174120971822739, "lamda": 0.7969740818495142}, "datetime": {"datetime": "2021-09-23 22:22:56", "elapsed": 114.669624, "delta": 0.72401}}
{"target": 0.46923097301259353, "params": {"C": 666.6761545518311, "epsilon": 0.7400225487032986, "gamma": 0.009883256276347563, "lamda": 0.6730621376012249}, "datetime": {"datetime": "2021-09-23 22:22:57", "elapsed": 115.548251, "delta": 0.878627}}
{"target": 0.4687534204855086, "params": {"C": 691.0649931862886, "epsilon": 0.954272259615406, "gamma": 0.006935316744994327, "lamda": 0.5014208542173313}, "datetime": {"datetime": "2021-09-23 22:22:58", "elapsed": 116.324994, "delta": 0.776743}}
{"target": 0.469223989918492, "params": {"C": 684.5032948424088, "epsilon": 0.720080600334777, "gamma": 0.006829104624083314, "lamda": 0.5385145804067621}, "datetime": {"datetime": "2021-09-23 22:22:59", "elapsed": 117.323448, "delta": 0.998454}}
{"target": 0.4686535271389002, "params": {"C": 687.2953054248294, "epsilon": 0.9021502044333041, "gamma": 0.01088415441219371, "lamda": 0.6435726053347685}, "datetime": {"datetime": "2021-09-23 22:23:00", "elapsed": 118.259904, "delta": 0.936456}}
{"target": 0.4691963128033533, "params": {"C": 739.3040461377901, "epsilon": 0.8585825824130132, "gamma": 0.009374978539374784, "lamda": 0.6392675768865911}, "datetime": {"datetime": "2021-09-23 22:23:02", "elapsed": 119.966387, "delta": 1.706483}}
{"target": 0.4687440267825571, "params": {"C": 715.8804438212229, "epsilon": 0.732236185240845, "gamma": 0.01051465335227476, "lamda": 0.5444314066858261}, "datetime": {"datetime": "2021-09-23 22:23:02", "elapsed": 120.890475, "delta": 0.924088}}
{"target": 0.4679107445773282, "params": {"C": 751.7759208354836, "epsilon": 0.7257407854452131, "gamma": 0.0118679800200907, "lamda": 0.6236780813239294}, "datetime": {"datetime": "2021-09-23 22:23:04", "elapsed": 121.959473, "delta": 1.068998}}
{"target": 0.4677473956743523, "params": {"C": 768.1946800001098, "epsilon": 0.9032512539796442, "gamma": 0.006177793655090675, "lamda": 0.5508161548838146}, "datetime": {"datetime": "2021-09-23 22:23:04", "elapsed": 122.744194, "delta": 0.784721}}
{"target": 0.46924358033344404, "params": {"C": 750.768544685531, "epsilon": 0.7363180712291285, "gamma": 0.009307415757504284, "lamda": 0.7386160333255813}, "datetime": {"datetime": "2021-09-23 22:23:05", "elapsed": 123.583958, "delta": 0.839764}}
{"target": 0.4690914443936193, "params": {"C": 746.0557908693718, "epsilon": 0.8118643380477654, "gamma": 0.007843153487589575, "lamda": 0.641729527133279}, "datetime": {"datetime": "2021-09-23 22:23:06", "elapsed": 124.348151, "delta": 0.764193}}
{"target": 0.46906817854486293, "params": {"C": 735.3326000359104, "epsilon": 0.7703041881085029, "gamma": 0.010298906782825426, "lamda": 0.6413244486140728}, "datetime": {"datetime": "2021-09-23 22:23:07", "elapsed": 125.600714, "delta": 1.252563}}
{"target": 0.46909135361360677, "params": {"C": 750.2450969944681, "epsilon": 0.7397352455880245, "gamma": 0.009975990248432536, "lamda": 0.5295263582339096}, "datetime": {"datetime": "2021-09-23 22:23:08", "elapsed": 126.378707, "delta": 0.777993}}
{"target": 0.4695042723304579, "params": {"C": 656.06679670605, "epsilon": 0.7214657648692606, "gamma": 0.008179272534097965, "lamda": 0.6357055254073803}, "datetime": {"datetime": "2021-09-23 22:23:09", "elapsed": 127.276895, "delta": 0.898188}}
{"target": 0.46929798342565276, "params": {"C": 764.6490545550212, "epsilon": 0.7998745734378092, "gamma": 0.009644499255730226, "lamda": 0.6224223898703991}, "datetime": {"datetime": "2021-09-23 22:23:10", "elapsed": 128.222044, "delta": 0.945149}}
{"target": 0.46951059708926735, "params": {"C": 739.348314146191, "epsilon": 0.8587012511774044, "gamma": 0.009104737107920799, "lamda": 0.5169089677915517}, "datetime": {"datetime": "2021-09-23 22:23:11", "elapsed": 129.105494, "delta": 0.88345}}
{"target": 0.4691524771012763, "params": {"C": 731.0949710400403, "epsilon": 0.737241625236967, "gamma": 0.008525028619950565, "lamda": 0.7499084965830844}, "datetime": {"datetime": "2021-09-23 22:23:13", "elapsed": 131.169868, "delta": 2.064374}}
{"target": 0.46893911792756193, "params": {"C": 799.9546910815288, "epsilon": 0.9818632433035179, "gamma": 0.010169587417401512, "lamda": 0.5800667344789682}, "datetime": {"datetime": "2021-09-23 22:23:14", "elapsed": 131.943869, "delta": 0.774001}}
{"target": 0.4687020034948697, "params": {"C": 708.3578243318315, "epsilon": 0.9909207377568112, "gamma": 0.009674756249662153, "lamda": 0.6477259176198376}, "datetime": {"datetime": "2021-09-23 22:23:14", "elapsed": 132.794183, "delta": 0.850314}}
{"target": 0.46899706927378426, "params": {"C": 703.3168032904398, "epsilon": 0.7463868047040826, "gamma": 0.01042389406319761, "lamda": 0.6112906370716016}, "datetime": {"datetime": "2021-09-23 22:23:15", "elapsed": 133.734382, "delta": 0.940199}}
{"target": 0.4691646544726118, "params": {"C": 656.1198406637945, "epsilon": 0.721061578231673, "gamma": 0.0071450989613329, "lamda": 0.6166836202480115}, "datetime": {"datetime": "2021-09-23 22:23:16", "elapsed": 134.931699, "delta": 1.197317}}
{"target": 0.4687369291609539, "params": {"C": 721.1348157407102, "epsilon": 0.8500681048767523, "gamma": 0.006920933703161502, "lamda": 0.5658925302806423}, "datetime": {"datetime": "2021-09-23 22:23:17", "elapsed": 135.870699, "delta": 0.939}}
{"target": 0.4681463299239268, "params": {"C": 724.5302856108509, "epsilon": 0.7686465212639465, "gamma": 0.011855607848571106, "lamda": 0.7120382385056315}, "datetime": {"datetime": "2021-09-23 22:23:19", "elapsed": 137.035701, "delta": 1.165002}}
{"target": 0.468748407767578, "params": {"C": 719.3485535620041, "epsilon": 0.9623921220837897, "gamma": 0.008586465787023441, "lamda": 0.6366074941959685}, "datetime": {"datetime": "2021-09-23 22:23:20", "elapsed": 138.510701, "delta": 1.475}}
{"target": 0.4686013620024013, "params": {"C": 693.9591208324175, "epsilon": 0.8975933175542113, "gamma": 0.01015900470659086, "lamda": 0.7296717125892935}, "datetime": {"datetime": "2021-09-23 22:23:21", "elapsed": 139.393701, "delta": 0.883}}
{"target": 0.46693093330899027, "params": {"C": 778.2610862466985, "epsilon": 0.8296732027120671, "gamma": 0.006658017912559127, "lamda": 0.779345370347458}, "datetime": {"datetime": "2021-09-23 22:23:22", "elapsed": 140.2297, "delta": 0.835999}}
{"target": 0.4685626013216885, "params": {"C": 677.5533542970396, "epsilon": 0.8927991372824983, "gamma": 0.010502074182930421, "lamda": 0.7260671612700562}, "datetime": {"datetime": "2021-09-23 22:23:23", "elapsed": 141.201699, "delta": 0.971999}}
{"target": 0.4691321793723222, "params": {"C": 669.7797093128086, "epsilon": 0.7763746367005995, "gamma": 0.010094846132388284, "lamda": 0.6559341281548725}, "datetime": {"datetime": "2021-09-23 22:23:24", "elapsed": 142.180702, "delta": 0.979003}}
{"target": 0.46890104890825157, "params": {"C": 744.1138161960896, "epsilon": 0.8049560841464087, "gamma": 0.007634467881683838, "lamda": 0.6625829259983007}, "datetime": {"datetime": "2021-09-23 22:23:25", "elapsed": 143.805701, "delta": 1.624999}}
{"target": 0.4692512033943923, "params": {"C": 760.4328159765244, "epsilon": 0.988199755644448, "gamma": 0.007953647355764091, "lamda": 0.5028976843267817}, "datetime": {"datetime": "2021-09-23 22:23:26", "elapsed": 144.70701, "delta": 0.901309}}
{"target": 0.46943573266121286, "params": {"C": 708.3350684772051, "epsilon": 0.7959231503615128, "gamma": 0.00934942823660553, "lamda": 0.5823506223472659}, "datetime": {"datetime": "2021-09-23 22:23:27", "elapsed": 145.562621, "delta": 0.855611}}
{"target": 0.46915608483406934, "params": {"C": 772.8230205088342, "epsilon": 0.7099376844470583, "gamma": 0.007150116743273629, "lamda": 0.6298611139140148}, "datetime": {"datetime": "2021-09-23 22:23:28", "elapsed": 146.44311, "delta": 0.880489}}
{"target": 0.4692932374503951, "params": {"C": 778.6775072663647, "epsilon": 0.7763763589836352, "gamma": 0.00964249119073745, "lamda": 0.6456310618413359}, "datetime": {"datetime": "2021-09-23 22:23:29", "elapsed": 147.680415, "delta": 1.237305}}
{"target": 0.46777076138385987, "params": {"C": 715.8924558719266, "epsilon": 0.7033744822801816, "gamma": 0.01159803983874027, "lamda": 0.557635706438726}, "datetime": {"datetime": "2021-09-23 22:23:30", "elapsed": 148.743859, "delta": 1.063444}}
{"target": 0.4682688103344578, "params": {"C": 681.8236360554815, "epsilon": 0.9477996489439637, "gamma": 0.011152076617875355, "lamda": 0.7030999971456888}, "datetime": {"datetime": "2021-09-23 22:23:32", "elapsed": 150.88527, "delta": 2.141411}}
{"target": 0.46926279508312196, "params": {"C": 662.9506754149331, "epsilon": 0.7714860085572607, "gamma": 0.009763130481425944, "lamda": 0.6475826140708795}, "datetime": {"datetime": "2021-09-23 22:23:34", "elapsed": 152.023497, "delta": 1.138227}}
{"target": 0.469038648911112, "params": {"C": 746.8648926147393, "epsilon": 0.7481817965221581, "gamma": 0.008830070175886905, "lamda": 0.7787499716589872}, "datetime": {"datetime": "2021-09-23 22:23:35", "elapsed": 152.97238, "delta": 0.948883}}
{"target": 0.46923733367678777, "params": {"C": 790.2094068384442, "epsilon": 0.9491410250028851, "gamma": 0.009859988639494353, "lamda": 0.5078420982538522}, "datetime": {"datetime": "2021-09-23 22:23:36", "elapsed": 154.071661, "delta": 1.099281}}
{"target": 0.46860841410107323, "params": {"C": 767.8804006861433, "epsilon": 0.8503582366340336, "gamma": 0.00643600969046723, "lamda": 0.5067329167795014}, "datetime": {"datetime": "2021-09-23 22:23:37", "elapsed": 155.18131, "delta": 1.109649}}
{"target": 0.4688819177448572, "params": {"C": 650.5063107764419, "epsilon": 0.7334490842601139, "gamma": 0.010647117480349506, "lamda": 0.6376563635705234}, "datetime": {"datetime": "2021-09-23 22:23:38", "elapsed": 156.231311, "delta": 1.050001}}
{"target": 0.4677896693580895, "params": {"C": 715.9976053566932, "epsilon": 0.843232165654312, "gamma": 0.006196216228611379, "lamda": 0.5890486133355315}, "datetime": {"datetime": "2021-09-23 22:23:39", "elapsed": 157.258982, "delta": 1.027671}}
{"target": 0.469390058932457, "params": {"C": 784.302089088584, "epsilon": 0.8095620365093026, "gamma": 0.007893325920606948, "lamda": 0.5798752558360136}, "datetime": {"datetime": "2021-09-23 22:23:41", "elapsed": 159.016128, "delta": 1.757146}}
{"target": 0.4683609988207862, "params": {"C": 660.9544095047346, "epsilon": 0.9742810442979573, "gamma": 0.011438177597614334, "lamda": 0.5972516028783877}, "datetime": {"datetime": "2021-09-23 22:23:41", "elapsed": 159.805125, "delta": 0.788997}}
{"target": 0.4672674442028748, "params": {"C": 724.0774415977729, "epsilon": 0.9387604390764077, "gamma": 0.006136056342443205, "lamda": 0.5758416878330506}, "datetime": {"datetime": "2021-09-23 22:23:42", "elapsed": 160.865311, "delta": 1.060186}}
{"target": 0.4667907554815335, "params": {"C": 670.5363037524867, "epsilon": 0.9833762003903068, "gamma": 0.006034093522506098, "lamda": 0.5805544749578061}, "datetime": {"datetime": "2021-09-23 22:23:43", "elapsed": 161.886312, "delta": 1.021001}}
{"target": 0.46931300455540037, "params": {"C": 726.7172177717075, "epsilon": 0.7830019776199084, "gamma": 0.007903109052238596, "lamda": 0.6221291705654509}, "datetime": {"datetime": "2021-09-23 22:23:45", "elapsed": 163.064378, "delta": 1.178066}}
{"target": 0.46906202924010354, "params": {"C": 767.3353868698224, "epsilon": 0.9636702758273334, "gamma": 0.009352623366631094, "lamda": 0.5969320914187458}, "datetime": {"datetime": "2021-09-23 22:23:46", "elapsed": 164.329196, "delta": 1.264818}}
{"target": 0.46944221831755617, "params": {"C": 742.0299430837293, "epsilon": 0.8625393219503888, "gamma": 0.009303483696326408, "lamda": 0.535420062351678}, "datetime": {"datetime": "2021-09-23 22:23:47", "elapsed": 165.382063, "delta": 1.052867}}
{"target": 0.46785239028700876, "params": {"C": 664.401240674, "epsilon": 0.9886846467676103, "gamma": 0.010559502328065143, "lamda": 0.783555306078521}, "datetime": {"datetime": "2021-09-23 22:23:48", "elapsed": 166.500251, "delta": 1.118188}}
{"target": 0.4692018148720014, "params": {"C": 691.7760705857578, "epsilon": 0.9894610795304466, "gamma": 0.009109002458193384, "lamda": 0.551308786445759}, "datetime": {"datetime": "2021-09-23 22:23:49", "elapsed": 167.505053, "delta": 1.004802}}
{"target": 0.46845787552856843, "params": {"C": 671.6037425487568, "epsilon": 0.878661238274967, "gamma": 0.010681738717212499, "lamda": 0.7529817609181881}, "datetime": {"datetime": "2021-09-23 22:23:51", "elapsed": 169.276076, "delta": 1.771023}}
{"target": 0.46800850351916523, "params": {"C": 796.102734900318, "epsilon": 0.9075825009813838, "gamma": 0.011978331719140355, "lamda": 0.5788893691202361}, "datetime": {"datetime": "2021-09-23 22:23:52", "elapsed": 170.263683, "delta": 0.987607}}
{"target": 0.4684464761993876, "params": {"C": 779.6861417255952, "epsilon": 0.8765167247735104, "gamma": 0.0093502660486897, "lamda": 0.7812437921028809}, "datetime": {"datetime": "2021-09-23 22:23:53", "elapsed": 171.213124, "delta": 0.949441}}
{"target": 0.46841782764455187, "params": {"C": 727.5792038736149, "epsilon": 0.8021141703394782, "gamma": 0.01116604523657756, "lamda": 0.7837100601392664}, "datetime": {"datetime": "2021-09-23 22:23:54", "elapsed": 172.311118, "delta": 1.097994}}
{"target": 0.4689518633084703, "params": {"C": 753.7786892249242, "epsilon": 0.8976638492997274, "gamma": 0.010066338266526462, "lamda": 0.6438610199813822}, "datetime": {"datetime": "2021-09-23 22:23:55", "elapsed": 173.568701, "delta": 1.257583}}
{"target": 0.467337724192494, "params": {"C": 688.7771278859304, "epsilon": 0.7240607383987883, "gamma": 0.01191834446578232, "lamda": 0.5274568494531163}, "datetime": {"datetime": "2021-09-23 22:23:56", "elapsed": 174.613451, "delta": 1.04475}}
{"target": 0.46884875657258773, "params": {"C": 686.6417389567949, "epsilon": 0.8756051513922463, "gamma": 0.010050387520384986, "lamda": 0.6933750589405628}, "datetime": {"datetime": "2021-09-23 22:23:58", "elapsed": 176.118315, "delta": 1.504864}}
{"target": 0.4686397750013106, "params": {"C": 664.2029724463287, "epsilon": 0.8113106921813614, "gamma": 0.00859921406348379, "lamda": 0.7806211379581669}, "datetime": {"datetime": "2021-09-23 22:23:59", "elapsed": 177.122329, "delta": 1.004014}}
{"target": 0.46862828838402937, "params": {"C": 713.3446654425753, "epsilon": 0.7903957808396519, "gamma": 0.011104988643645028, "lamda": 0.6670383115213158}, "datetime": {"datetime": "2021-09-23 22:24:00", "elapsed": 178.210327, "delta": 1.087998}}
{"target": 0.46838803940278073, "params": {"C": 669.201312299235, "epsilon": 0.7429656011737851, "gamma": 0.00670071843431633, "lamda": 0.6746698877588835}, "datetime": {"datetime": "2021-09-23 22:24:01", "elapsed": 179.176646, "delta": 0.966319}}
