{"target": -44.34062188069266, "params": {"C": 13.02391090681777, "epsilon": 0.7021840935484465, "gamma": 0.029811396244230858, "lamda": 0.6380205538592919}, "datetime": {"datetime": "2021-09-24 18:10:57", "elapsed": 574.698195, "delta": 2.114785}}
{"target": -48.343470199113334, "params": {"C": 6.447685424028499, "epsilon": 0.812514110891053, "gamma": 0.07541111216888174, "lamda": 1.3601689109428263}, "datetime": {"datetime": "2021-09-24 18:10:59", "elapsed": 576.236307, "delta": 1.538112}}
{"target": -46.5170968270555, "params": {"C": 43.92397982425853, "epsilon": 0.9033355972693154, "gamma": 0.001, "lamda": 0.13363850630990476}, "datetime": {"datetime": "2021-09-24 18:11:02", "elapsed": 580.010588, "delta": 3.774281}}
{"target": -43.42394619384684, "params": {"C": 41.501124391919255, "epsilon": 0.7924525829379326, "gamma": 0.02797245427879338, "lamda": 0.3518705182096901}, "datetime": {"datetime": "2021-09-24 18:11:04", "elapsed": 581.792284, "delta": 1.781696}}
{"target": -43.73639882930367, "params": {"C": 43.805092287746774, "epsilon": 0.911894745986683, "gamma": 0.03599966818075951, "lamda": 0.13283287299963406}, "datetime": {"datetime": "2021-09-24 18:11:08", "elapsed": 585.48735, "delta": 3.695066}}
{"target": -44.02907238248592, "params": {"C": 14.600337039201563, "epsilon": 0.5537586444696129, "gamma": 0.016488763485911582, "lamda": 0.9276362554695303}, "datetime": {"datetime": "2021-09-24 18:11:10", "elapsed": 587.316532, "delta": 1.829182}}
{"target": -44.34401594065702, "params": {"C": 47.97768486276394, "epsilon": 0.6383304825551881, "gamma": 0.0019765021932655435, "lamda": 0.2552250241665546}, "datetime": {"datetime": "2021-09-24 18:11:13", "elapsed": 590.638023, "delta": 3.321491}}
{"target": -44.0047023919139, "params": {"C": 25.723851811278447, "epsilon": 0.2739089941667283, "gamma": 0.005019062428261742, "lamda": 0.8787051725927048}, "datetime": {"datetime": "2021-09-24 18:11:16", "elapsed": 593.932101, "delta": 3.294078}}
{"target": -44.48906272011324, "params": {"C": 48.34900846495935, "epsilon": 0.9063565430141753, "gamma": 0.05960753021933491, "lamda": 0.28361566389771176}, "datetime": {"datetime": "2021-09-24 18:11:20", "elapsed": 597.266396, "delta": 3.334295}}
{"target": -48.85331812970807, "params": {"C": 7.189488639443378, "epsilon": 0.9120010572578948, "gamma": 0.0894884356290191, "lamda": 0.8555661310955455}, "datetime": {"datetime": "2021-09-24 18:11:21", "elapsed": 598.954975, "delta": 1.688579}}
{"target": -44.51509716973984, "params": {"C": 18.758129700988068, "epsilon": 0.8050061694419687, "gamma": 0.05131049590651668, "lamda": 1.3826786392885047}, "datetime": {"datetime": "2021-09-24 18:11:25", "elapsed": 602.916221, "delta": 3.961246}}
{"target": -44.35971259086549, "params": {"C": 40.68287262884096, "epsilon": 0.44135266369084825, "gamma": 0.05629450424958567, "lamda": 1.4573571296707462}, "datetime": {"datetime": "2021-09-24 18:11:27", "elapsed": 604.651227, "delta": 1.735006}}
{"target": -48.86581888578342, "params": {"C": 25.466517670299755, "epsilon": 0.22939179785457953, "gamma": 0.001, "lamda": 1.079505059428215}, "datetime": {"datetime": "2021-09-24 18:11:31", "elapsed": 608.572281, "delta": 3.921054}}
{"target": -45.061182833490534, "params": {"C": 37.51347636368048, "epsilon": 0.8556773897475206, "gamma": 0.07871915494427299, "lamda": 0.9462799105410115}, "datetime": {"datetime": "2021-09-24 18:11:34", "elapsed": 611.188794, "delta": 2.616513}}
{"target": -43.43818837109693, "params": {"C": 25.842602338241534, "epsilon": 0.4094773484167827, "gamma": 0.020442997823136265, "lamda": 1.246603873083805}, "datetime": {"datetime": "2021-09-24 18:11:37", "elapsed": 614.140429, "delta": 2.951635}}
{"target": -44.524914301289016, "params": {"C": 20.879444395956444, "epsilon": 0.2593372603816036, "gamma": 0.0046428854028135215, "lamda": 1.0738837721947667}, "datetime": {"datetime": "2021-09-24 18:11:38", "elapsed": 615.945978, "delta": 1.805549}}
{"target": -45.75340658164532, "params": {"C": 27.78199447748098, "epsilon": 0.00760749547547564, "gamma": 0.09488341035553038, "lamda": 0.8465535134678862}, "datetime": {"datetime": "2021-09-24 18:11:40", "elapsed": 617.836242, "delta": 1.890264}}
{"target": -44.42503953120351, "params": {"C": 38.38952098853699, "epsilon": 0.05251129588968637, "gamma": 0.05820876237974386, "lamda": 1.0499350995257004}, "datetime": {"datetime": "2021-09-24 18:11:43", "elapsed": 620.975619, "delta": 3.139377}}
{"target": -44.087906059632886, "params": {"C": 25.701148601433164, "epsilon": 0.17089529207567414, "gamma": 0.04040401279548086, "lamda": 0.89143923581291}, "datetime": {"datetime": "2021-09-24 18:11:48", "elapsed": 625.097222, "delta": 4.121603}}
{"target": -43.4204168468423, "params": {"C": 25.733999172407405, "epsilon": 0.11852682629145962, "gamma": 0.01136310570516346, "lamda": 0.9578578865955204}, "datetime": {"datetime": "2021-09-24 18:11:51", "elapsed": 628.117463, "delta": 3.020241}}
{"target": -43.37060360968695, "params": {"C": 25.883714392274264, "epsilon": 0.41342653080759706, "gamma": 0.008360200303539424, "lamda": 1.297251475093114}, "datetime": {"datetime": "2021-09-24 18:11:56", "elapsed": 633.31237, "delta": 5.194907}}
{"target": -44.4938324468948, "params": {"C": 42.7840636796582, "epsilon": 0.28212249555616653, "gamma": 0.05780982330874647, "lamda": 1.3573028518701684}, "datetime": {"datetime": "2021-09-24 18:11:59", "elapsed": 636.788638, "delta": 3.476268}}
{"target": -43.929852079277865, "params": {"C": 42.26531783568858, "epsilon": 0.6841912353319852, "gamma": 0.0029366814239569243, "lamda": 1.0752884232031499}, "datetime": {"datetime": "2021-09-24 18:12:04", "elapsed": 641.123184, "delta": 4.334546}}
{"target": -43.441246604225014, "params": {"C": 27.986854097387276, "epsilon": 0.45131602821823863, "gamma": 0.006368678676383112, "lamda": 1.2206572176050179}, "datetime": {"datetime": "2021-09-24 18:12:06", "elapsed": 643.210262, "delta": 2.087078}}
{"target": -46.14701977630308, "params": {"C": 48.057120684645135, "epsilon": 0.6356245117188003, "gamma": 0.001, "lamda": 0.20157403912386568}, "datetime": {"datetime": "2021-09-24 18:12:09", "elapsed": 646.735723, "delta": 3.525461}}
{"target": -43.92306417832349, "params": {"C": 46.84195969090677, "epsilon": 0.7948881109352013, "gamma": 0.045874162141758504, "lamda": 0.1801222413148923}, "datetime": {"datetime": "2021-09-24 18:12:11", "elapsed": 648.893997, "delta": 2.158274}}
{"target": -48.03317795758875, "params": {"C": 10.022817783654922, "epsilon": 0.35091324945449914, "gamma": 0.09938291436150334, "lamda": 0.24702009122817548}, "datetime": {"datetime": "2021-09-24 18:12:13", "elapsed": 650.639154, "delta": 1.745157}}
{"target": -44.866918828300214, "params": {"C": 45.940979393929915, "epsilon": 0.5956364350175021, "gamma": 0.06843459413062924, "lamda": 0.5632506011345352}, "datetime": {"datetime": "2021-09-24 18:12:15", "elapsed": 652.483608, "delta": 1.844454}}
{"target": -44.846781871880516, "params": {"C": 22.198369657044683, "epsilon": 0.2128286857386931, "gamma": 0.06502654183983853, "lamda": 0.7928381589686734}, "datetime": {"datetime": "2021-09-24 18:12:17", "elapsed": 654.628012, "delta": 2.144404}}
{"target": -44.04564258880266, "params": {"C": 23.93566658136471, "epsilon": 0.16112095999873258, "gamma": 0.038741351255910016, "lamda": 0.1573381794687}, "datetime": {"datetime": "2021-09-24 18:12:19", "elapsed": 656.432702, "delta": 1.80469}}
{"target": -44.59804390229553, "params": {"C": 47.34121489184603, "epsilon": 0.7554473097770171, "gamma": 0.06856559752619065, "lamda": 1.2859429129299298}, "datetime": {"datetime": "2021-09-24 18:12:21", "elapsed": 658.973125, "delta": 2.540423}}
{"target": -46.95280007665887, "params": {"C": 10.009591680200188, "epsilon": 0.06619633753761758, "gamma": 0.08200545000911849, "lamda": 1.3705818032598311}, "datetime": {"datetime": "2021-09-24 18:12:23", "elapsed": 660.793178, "delta": 1.820053}}
{"target": -43.08207064953274, "params": {"C": 42.82729782003669, "epsilon": 0.4214168210110159, "gamma": 0.0152356035917149, "lamda": 1.3656546541148922}, "datetime": {"datetime": "2021-09-24 18:12:28", "elapsed": 665.396122, "delta": 4.602944}}
{"target": -43.46677693234409, "params": {"C": 42.27848549387724, "epsilon": 0.7633281735757542, "gamma": 0.031180672937394342, "lamda": 1.075536663338524}, "datetime": {"datetime": "2021-09-24 18:12:31", "elapsed": 668.784935, "delta": 3.388813}}
{"target": -45.799551648671326, "params": {"C": 25.512658060078483, "epsilon": 0.9633949313156169, "gamma": 0.0902910653101632, "lamda": 1.344105600786818}, "datetime": {"datetime": "2021-09-24 18:12:33", "elapsed": 670.774383, "delta": 1.989448}}
{"target": -44.02773849290045, "params": {"C": 18.547131661783443, "epsilon": 0.04575150175828067, "gamma": 0.030657659981036492, "lamda": 0.6348176864460711}, "datetime": {"datetime": "2021-09-24 18:12:35", "elapsed": 672.959047, "delta": 2.184664}}
{"target": -43.423608816803075, "params": {"C": 31.824250506903894, "epsilon": 0.4558452925429672, "gamma": 0.024535391909026063, "lamda": 0.9440069449702178}, "datetime": {"datetime": "2021-09-24 18:12:41", "elapsed": 678.20298, "delta": 5.243933}}
{"target": -44.145460956783715, "params": {"C": 25.625698287507785, "epsilon": 0.48262577563255765, "gamma": 0.04665206151109952, "lamda": 1.1745431396949664}, "datetime": {"datetime": "2021-09-24 18:12:45", "elapsed": 682.873283, "delta": 4.670303}}
{"target": -43.80007215798093, "params": {"C": 25.471294159192166, "epsilon": 0.21498958998436088, "gamma": 0.028870522590042344, "lamda": 0.9582040830541578}, "datetime": {"datetime": "2021-09-24 18:12:50", "elapsed": 687.410142, "delta": 4.536859}}
{"target": -43.04845673322159, "params": {"C": 44.88518296357844, "epsilon": 0.40365890271298777, "gamma": 0.014489322381863973, "lamda": 1.0997827513635559}, "datetime": {"datetime": "2021-09-24 18:12:52", "elapsed": 689.261442, "delta": 1.8513}}
{"target": -43.41813084929164, "params": {"C": 48.06924860887015, "epsilon": 0.7352897624754977, "gamma": 0.03004697949345888, "lamda": 0.3022795984134344}, "datetime": {"datetime": "2021-09-24 18:12:55", "elapsed": 692.60642, "delta": 3.344978}}
{"target": -44.25961560389261, "params": {"C": 13.744619811690757, "epsilon": 0.23676283396825476, "gamma": 0.03681718333444514, "lamda": 0.29038031323979924}, "datetime": {"datetime": "2021-09-24 18:12:57", "elapsed": 694.606827, "delta": 2.000407}}
{"target": -43.44785572389091, "params": {"C": 48.433593987146594, "epsilon": 0.9699966885769538, "gamma": 0.029785851075847147, "lamda": 0.19846966462312945}, "datetime": {"datetime": "2021-09-24 18:13:01", "elapsed": 698.114202, "delta": 3.507375}}
{"target": -43.42079976607109, "params": {"C": 30.723133262618173, "epsilon": 0.7313868051801821, "gamma": 0.026425752745902177, "lamda": 0.8477321509926148}, "datetime": {"datetime": "2021-09-24 18:13:04", "elapsed": 702.019292, "delta": 3.90509}}
{"target": -43.37113179143731, "params": {"C": 25.787893104457265, "epsilon": 0.4580442404490371, "gamma": 0.017025145313999072, "lamda": 1.0700926125292747}, "datetime": {"datetime": "2021-09-24 18:13:10", "elapsed": 707.985915, "delta": 5.966623}}
{"target": -44.071653945977616, "params": {"C": 42.86169320480796, "epsilon": 0.4155503609288515, "gamma": 0.0025708722480292713, "lamda": 1.4166439631367367}, "datetime": {"datetime": "2021-09-24 18:13:15", "elapsed": 712.282492, "delta": 4.296577}}
{"target": -44.51075953737914, "params": {"C": 40.89876806020263, "epsilon": 0.7328279853182738, "gamma": 0.058568836377957366, "lamda": 0.5823941791660298}, "datetime": {"datetime": "2021-09-24 18:13:17", "elapsed": 714.934998, "delta": 2.652506}}
{"target": -43.90395098935648, "params": {"C": 28.80153569082181, "epsilon": 0.4784632477170766, "gamma": 0.03598953934534536, "lamda": 0.4646045263024853}, "datetime": {"datetime": "2021-09-24 18:13:19", "elapsed": 716.924529, "delta": 1.989531}}
{"target": -43.57735212356223, "params": {"C": 46.86522454123182, "epsilon": 0.28266763641897347, "gamma": 0.034613009306707875, "lamda": 1.1962280462367822}, "datetime": {"datetime": "2021-09-24 18:13:21", "elapsed": 718.809057, "delta": 1.884528}}
{"target": -43.997260524041955, "params": {"C": 25.450007749566286, "epsilon": 0.14470080624912537, "gamma": 0.035397836828286164, "lamda": 0.973950590755402}, "datetime": {"datetime": "2021-09-24 18:13:27", "elapsed": 724.831805, "delta": 6.022748}}
{"target": -48.597903745812786, "params": {"C": 4.867980679768905, "epsilon": 0.78099772543828, "gamma": 0.06333001364612789, "lamda": 1.4701570317651511}, "datetime": {"datetime": "2021-09-24 18:13:29", "elapsed": 726.846645, "delta": 2.01484}}
{"target": -45.618667332089636, "params": {"C": 25.730952746374232, "epsilon": 0.4856268807164653, "gamma": 0.08624067316546966, "lamda": 1.1253061575171457}, "datetime": {"datetime": "2021-09-24 18:13:33", "elapsed": 730.801813, "delta": 3.955168}}
{"target": -44.27114549965676, "params": {"C": 44.886482177101634, "epsilon": 0.3420669504703237, "gamma": 0.05296049886501722, "lamda": 1.0866198900930448}, "datetime": {"datetime": "2021-09-24 18:13:37", "elapsed": 734.659056, "delta": 3.857243}}
{"target": -43.25174063933157, "params": {"C": 48.2982398364441, "epsilon": 0.9786372088714785, "gamma": 0.012639306134458059, "lamda": 0.032582808725117894}, "datetime": {"datetime": "2021-09-24 18:13:39", "elapsed": 736.683091, "delta": 2.024035}}
{"target": -42.98013015830138, "params": {"C": 48.297562156593216, "epsilon": 0.8515899948602123, "gamma": 0.009489642769533912, "lamda": 0.38281117529643305}, "datetime": {"datetime": "2021-09-24 18:13:44", "elapsed": 741.098114, "delta": 4.415023}}
{"target": -45.53313635537943, "params": {"C": 30.715884461529978, "epsilon": 0.7211962849096252, "gamma": 0.08727954120579946, "lamda": 0.8345213965473801}, "datetime": {"datetime": "2021-09-24 18:13:47", "elapsed": 744.93301, "delta": 3.834896}}
{"target": -55.87522881955531, "params": {"C": 1.2227403207058252, "epsilon": 0.8039776690184857, "gamma": 0.07598516108965643, "lamda": 0.4699050126931885}, "datetime": {"datetime": "2021-09-24 18:13:50", "elapsed": 747.572516, "delta": 2.639506}}
{"target": -44.43969495135286, "params": {"C": 33.626665811609655, "epsilon": 0.8638071303591128, "gamma": 0.05760368105907218, "lamda": 1.1338460761185691}, "datetime": {"datetime": "2021-09-24 18:13:52", "elapsed": 749.338123, "delta": 1.765607}}
{"target": -44.53607290870341, "params": {"C": 32.34141960054018, "epsilon": 0.6175604942227355, "gamma": 0.05942196393963672, "lamda": 0.8133728751073758}, "datetime": {"datetime": "2021-09-24 18:13:54", "elapsed": 751.258004, "delta": 1.919881}}
{"target": -46.55149980245796, "params": {"C": 5.492359568860245, "epsilon": 0.9429909005162268, "gamma": 0.013988171960427866, "lamda": 0.9292432015663399}, "datetime": {"datetime": "2021-09-24 18:13:56", "elapsed": 753.356071, "delta": 2.098067}}
{"target": -43.823843962340625, "params": {"C": 48.306221867987304, "epsilon": 0.8009622340682093, "gamma": 0.043975346593904556, "lamda": 0.3320515668443703}, "datetime": {"datetime": "2021-09-24 18:14:02", "elapsed": 759.632816, "delta": 6.276745}}
{"target": -45.10948925125926, "params": {"C": 34.583530338250796, "epsilon": 0.4450105487022776, "gamma": 0.07640595202082452, "lamda": 1.4811782836471348}, "datetime": {"datetime": "2021-09-24 18:14:04", "elapsed": 761.717807, "delta": 2.084991}}
{"target": -49.050165256991114, "params": {"C": 3.9036767201008153, "epsilon": 0.007735645053947608, "gamma": 0.06058695712855887, "lamda": 0.24375437202552636}, "datetime": {"datetime": "2021-09-24 18:14:07", "elapsed": 764.574208, "delta": 2.856401}}
{"target": -44.98225894422822, "params": {"C": 42.28178166999199, "epsilon": 0.7406504518420802, "gamma": 0.07919373429186896, "lamda": 1.1216025897129647}, "datetime": {"datetime": "2021-09-24 18:14:11", "elapsed": 768.858311, "delta": 4.284103}}
{"target": -42.92012844947685, "params": {"C": 43.283660178496, "epsilon": 0.7874289288989903, "gamma": 0.011993644420574847, "lamda": 1.1336009010643884}, "datetime": {"datetime": "2021-09-24 18:14:14", "elapsed": 771.364126, "delta": 2.505815}}
{"target": -43.103349015295045, "params": {"C": 44.98750155652406, "epsilon": 0.14254348618203094, "gamma": 0.010210682581775241, "lamda": 1.3904194888351018}, "datetime": {"datetime": "2021-09-24 18:14:16", "elapsed": 773.596114, "delta": 2.231988}}
{"target": -43.30961919972552, "params": {"C": 42.759908249123086, "epsilon": 0.4190985026292453, "gamma": 0.025882654325063592, "lamda": 1.3335080035144964}, "datetime": {"datetime": "2021-09-24 18:14:22", "elapsed": 779.623178, "delta": 6.027064}}
{"target": -51.6873909666417, "params": {"C": 3.5575133460257153, "epsilon": 0.3389627934284514, "gamma": 0.08890640235773613, "lamda": 0.26786139416247096}, "datetime": {"datetime": "2021-09-24 18:14:24", "elapsed": 781.784531, "delta": 2.161353}}
{"target": -46.07181604107554, "params": {"C": 48.236414935811325, "epsilon": 0.9606750761343421, "gamma": 0.001, "lamda": 0.001}, "datetime": {"datetime": "2021-09-24 18:14:30", "elapsed": 787.071723, "delta": 5.287192}}
{"target": -46.852001057397295, "params": {"C": 42.89443433823304, "epsilon": 0.4076628519460953, "gamma": 0.001, "lamda": 1.3378272586927804}, "datetime": {"datetime": "2021-09-24 18:14:34", "elapsed": 791.586333, "delta": 4.51461}}
{"target": -44.53078407253124, "params": {"C": 32.47037768463656, "epsilon": 0.0191570811441107, "gamma": 0.062463354936092175, "lamda": 0.36695813796852716}, "datetime": {"datetime": "2021-09-24 18:14:36", "elapsed": 793.722206, "delta": 2.135873}}
{"target": -43.499791459195364, "params": {"C": 31.125490618624145, "epsilon": 0.6486632789995459, "gamma": 0.02879574470356912, "lamda": 0.6725203844437687}, "datetime": {"datetime": "2021-09-24 18:14:39", "elapsed": 796.250179, "delta": 2.527973}}
{"target": -44.268082453792424, "params": {"C": 14.541265499116136, "epsilon": 0.7375039538640471, "gamma": 0.03195308461076347, "lamda": 0.9883073769658259}, "datetime": {"datetime": "2021-09-24 18:14:41", "elapsed": 798.173886, "delta": 1.923707}}
{"target": -43.91961208870215, "params": {"C": 46.382877984039716, "epsilon": 0.9181719486023125, "gamma": 0.044877764795937594, "lamda": 0.12032154135041541}, "datetime": {"datetime": "2021-09-24 18:14:45", "elapsed": 802.846599, "delta": 4.672713}}
{"target": -43.910584393217505, "params": {"C": 22.04066358478328, "epsilon": 0.034459603434647976, "gamma": 0.03231010103332677, "lamda": 0.7369898223094123}, "datetime": {"datetime": "2021-09-24 18:14:47", "elapsed": 804.922043, "delta": 2.075444}}
{"target": -43.3367447184876, "params": {"C": 34.82526588707826, "epsilon": 0.08935030978961432, "gamma": 0.0072426812644761545, "lamda": 1.1321937944370053}, "datetime": {"datetime": "2021-09-24 18:14:50", "elapsed": 807.154008, "delta": 2.231965}}
{"target": -44.932575533685004, "params": {"C": 44.99224737380647, "epsilon": 0.1255949980503697, "gamma": 0.07067009555050122, "lamda": 1.4146611541531464}, "datetime": {"datetime": "2021-09-24 18:14:55", "elapsed": 812.331484, "delta": 5.177476}}
{"target": -43.88073074879444, "params": {"C": 38.673160173235885, "epsilon": 0.0961059541218083, "gamma": 0.03926070259923446, "lamda": 0.8500509323044455}, "datetime": {"datetime": "2021-09-24 18:14:57", "elapsed": 814.584894, "delta": 2.25341}}
{"target": -44.55675631072004, "params": {"C": 31.83279965347752, "epsilon": 0.3279914342071317, "gamma": 0.06002060741561514, "lamda": 0.7741840869087635}, "datetime": {"datetime": "2021-09-24 18:14:59", "elapsed": 816.878566, "delta": 2.293672}}
{"target": -45.045400868250105, "params": {"C": 27.148539299554155, "epsilon": 0.2394760308422485, "gamma": 0.0765209208807255, "lamda": 0.24065002572845742}, "datetime": {"datetime": "2021-09-24 18:15:01", "elapsed": 818.891193, "delta": 2.012627}}
{"target": -44.34264791254586, "params": {"C": 42.79564915306517, "epsilon": 0.48296377916106253, "gamma": 0.056624629413240056, "lamda": 1.3550941980721691}, "datetime": {"datetime": "2021-09-24 18:15:05", "elapsed": 823.02162, "delta": 4.130427}}
{"target": -43.06045621018451, "params": {"C": 42.436249325334806, "epsilon": 0.8229534489425564, "gamma": 0.015859799014845476, "lamda": 1.1338116592532947}, "datetime": {"datetime": "2021-09-24 18:15:10", "elapsed": 827.223354, "delta": 4.201734}}
{"target": -45.31142640878411, "params": {"C": 47.85002831804908, "epsilon": 0.442947310762457, "gamma": 0.08486617731890005, "lamda": 0.13071007197320597}, "datetime": {"datetime": "2021-09-24 18:15:12", "elapsed": 829.209849, "delta": 1.986495}}
{"target": -49.386136015910466, "params": {"C": 5.76870297339906, "epsilon": 0.9690725920176809, "gamma": 0.08495299733613311, "lamda": 0.4830881074567328}, "datetime": {"datetime": "2021-09-24 18:15:14", "elapsed": 831.393187, "delta": 2.183338}}
{"target": -44.003356931926525, "params": {"C": 24.011642457635926, "epsilon": 0.8526417339339349, "gamma": 0.04186625872233496, "lamda": 1.2475073373193135}, "datetime": {"datetime": "2021-09-24 18:15:16", "elapsed": 833.303993, "delta": 1.910806}}
{"target": -43.9408927171614, "params": {"C": 28.55741523238474, "epsilon": 0.17155482912024286, "gamma": 0.0383688064727849, "lamda": 1.1249688694048607}, "datetime": {"datetime": "2021-09-24 18:15:18", "elapsed": 835.513975, "delta": 2.209982}}
{"target": -44.343909840802915, "params": {"C": 47.85210854346423, "epsilon": 0.8777702203591271, "gamma": 0.0019799330485709876, "lamda": 0.18752719323095512}, "datetime": {"datetime": "2021-09-24 18:15:22", "elapsed": 839.107442, "delta": 3.593467}}
{"target": -44.14374493434629, "params": {"C": 32.11626904247949, "epsilon": 0.8462359541548005, "gamma": 0.04914042411071844, "lamda": 0.44764977488710184}, "datetime": {"datetime": "2021-09-24 18:15:24", "elapsed": 841.183795, "delta": 2.076353}}
