{"target": 0.39161193346257295, "params": {"C": 49.84095295521121, "epsilon": 0.5118242251167182, "gamma": 0.001, "lamda": 0.5708904544282773}, "datetime": {"datetime": "2021-09-23 17:37:07", "elapsed": 221.060324, "delta": 1.256843}}
{"target": 0.41354815651348786, "params": {"C": 80.3204083426903, "epsilon": 1.0, "gamma": 0.001, "lamda": 0.001}, "datetime": {"datetime": "2021-09-23 17:37:08", "elapsed": 222.475732, "delta": 1.415408}}
{"target": 0.3976232117134785, "params": {"C": 56.43845070483478, "epsilon": 0.560372258869586, "gamma": 0.001, "lamda": 0.5241143739113928}, "datetime": {"datetime": "2021-09-23 17:37:09", "elapsed": 223.88378, "delta": 1.408048}}
{"target": 0.413958196744323, "params": {"C": 76.41670477177159, "epsilon": 0.001, "gamma": 0.001, "lamda": 1.0}, "datetime": {"datetime": "2021-09-23 17:37:11", "elapsed": 225.46176, "delta": 1.57798}}
{"target": 0.4094103315055494, "params": {"C": 76.3728855684811, "epsilon": 1.0, "gamma": 0.001, "lamda": 0.4062634001265092}, "datetime": {"datetime": "2021-09-23 17:37:12", "elapsed": 226.508312, "delta": 1.046552}}
{"target": 0.39162460045845104, "params": {"C": 49.02961809366268, "epsilon": 0.001, "gamma": 0.001, "lamda": 0.001}, "datetime": {"datetime": "2021-09-23 17:37:14", "elapsed": 228.211178, "delta": 1.702866}}
{"target": 0.3960098710483938, "params": {"C": 75.44901315030302, "epsilon": 1.0, "gamma": 0.001, "lamda": 1.0}, "datetime": {"datetime": "2021-09-23 17:37:15", "elapsed": 229.40085, "delta": 1.189672}}
{"target": 0.3843824679079638, "params": {"C": 42.01518615899563, "epsilon": 0.001, "gamma": 0.001, "lamda": 0.001}, "datetime": {"datetime": "2021-09-23 17:37:17", "elapsed": 230.991749, "delta": 1.590899}}
{"target": 0.41651056994227975, "params": {"C": 91.44385953141769, "epsilon": 0.3570482003128691, "gamma": 0.001, "lamda": 0.001}, "datetime": {"datetime": "2021-09-23 17:37:18", "elapsed": 232.325259, "delta": 1.33351}}
{"target": 0.3839591760444673, "params": {"C": 57.35242233023785, "epsilon": 1.0, "gamma": 0.001, "lamda": 1.0}, "datetime": {"datetime": "2021-09-23 17:37:19", "elapsed": 233.845555, "delta": 1.520296}}
{"target": 0.38304157407043715, "params": {"C": 41.030238642607415, "epsilon": 1.0, "gamma": 0.001, "lamda": 0.001}, "datetime": {"datetime": "2021-09-23 17:37:21", "elapsed": 235.233651, "delta": 1.388096}}
{"target": 0.41482826711874154, "params": {"C": 90.86962991035891, "epsilon": 0.001, "gamma": 0.001, "lamda": 1.0}, "datetime": {"datetime": "2021-09-23 17:37:23", "elapsed": 237.136535, "delta": 1.902884}}
{"target": 0.39162840986355163, "params": {"C": 49.60866074898772, "epsilon": 0.001, "gamma": 0.001, "lamda": 1.0}, "datetime": {"datetime": "2021-09-23 17:37:25", "elapsed": 239.037877, "delta": 1.901342}}
{"target": 0.40151012594362967, "params": {"C": 89.70964406318897, "epsilon": 1.0, "gamma": 0.001, "lamda": 1.0}, "datetime": {"datetime": "2021-09-23 17:37:26", "elapsed": 240.317997, "delta": 1.28012}}
{"target": 0.3430485839726123, "params": {"C": 24.454576605240685, "epsilon": 0.001, "gamma": 0.001, "lamda": 1.0}, "datetime": {"datetime": "2021-09-23 17:37:27", "elapsed": 241.870504, "delta": 1.552507}}
{"target": 0.41741176330232643, "params": {"C": 98.32159758922143, "epsilon": 0.5518608692248521, "gamma": 0.001, "lamda": 0.001}, "datetime": {"datetime": "2021-09-23 17:37:29", "elapsed": 243.455492, "delta": 1.584988}}
{"target": 0.43984813593093786, "params": {"C": 67.46925461654786, "epsilon": 0.018889597635163513, "gamma": 0.009592378415923246, "lamda": 0.8213398254877186}, "datetime": {"datetime": "2021-09-23 17:37:31", "elapsed": 245.287191, "delta": 1.831699}}
{"target": 0.41161046440046567, "params": {"C": 72.14010256674163, "epsilon": 0.001, "gamma": 0.001, "lamda": 0.001}, "datetime": {"datetime": "2021-09-23 17:37:34", "elapsed": 248.267276, "delta": 2.980085}}
{"target": 0.4144821398521866, "params": {"C": 84.03839254919231, "epsilon": 0.6388668644230173, "gamma": 0.001, "lamda": 0.3827474418749758}, "datetime": {"datetime": "2021-09-23 17:37:36", "elapsed": 250.097427, "delta": 1.830151}}
{"target": 0.4285167077595705, "params": {"C": 68.15445157149122, "epsilon": 0.29714471759474737, "gamma": 0.034726949567585784, "lamda": 0.4061775069073121}, "datetime": {"datetime": "2021-09-23 17:37:37", "elapsed": 251.644018, "delta": 1.546591}}
{"target": 0.40998551362503255, "params": {"C": 75.3637823620555, "epsilon": 0.3972817866455229, "gamma": 0.001, "lamda": 0.4556110563725395}, "datetime": {"datetime": "2021-09-23 17:37:39", "elapsed": 253.662191, "delta": 2.018173}}
{"target": 0.40596569792496184, "params": {"C": 63.54428105948323, "epsilon": 0.001, "gamma": 0.001, "lamda": 1.0}, "datetime": {"datetime": "2021-09-23 17:37:41", "elapsed": 255.298377, "delta": 1.636186}}
{"target": 0.4032496627375082, "params": {"C": 70.38957888259505, "epsilon": 0.5322135404150344, "gamma": 0.001, "lamda": 1.0}, "datetime": {"datetime": "2021-09-23 17:37:42", "elapsed": 256.708819, "delta": 1.410442}}
{"target": 0.4137059127677858, "params": {"C": 82.92777813307563, "epsilon": 0.001, "gamma": 0.001, "lamda": 1.0}, "datetime": {"datetime": "2021-09-23 17:37:44", "elapsed": 258.509966, "delta": 1.801147}}
{"target": 0.391019671042105, "params": {"C": 67.18260452508041, "epsilon": 1.0, "gamma": 0.001, "lamda": 1.0}, "datetime": {"datetime": "2021-09-23 17:37:45", "elapsed": 259.817962, "delta": 1.307996}}
{"target": 0.4135809840670249, "params": {"C": 79.5082726320831, "epsilon": 0.001, "gamma": 0.001, "lamda": 0.001}, "datetime": {"datetime": "2021-09-23 17:37:47", "elapsed": 261.31696, "delta": 1.498998}}
{"target": 0.41733973645381595, "params": {"C": 96.71324081856555, "epsilon": 0.001, "gamma": 0.001, "lamda": 0.001}, "datetime": {"datetime": "2021-09-23 17:37:48", "elapsed": 262.884894, "delta": 1.567934}}
{"target": 0.40639885288746214, "params": {"C": 64.80593242920202, "epsilon": 0.001, "gamma": 0.001, "lamda": 1.0}, "datetime": {"datetime": "2021-09-23 17:37:50", "elapsed": 264.832785, "delta": 1.947891}}
{"target": 0.42046484082529767, "params": {"C": 78.15884050957666, "epsilon": 0.00805378713059463, "gamma": 0.03997000861409021, "lamda": 0.10872840077994758}, "datetime": {"datetime": "2021-09-23 17:37:52", "elapsed": 266.309099, "delta": 1.476314}}
{"target": 0.4071275401129275, "params": {"C": 66.6163537220005, "epsilon": 0.001, "gamma": 0.001, "lamda": 1.0}, "datetime": {"datetime": "2021-09-23 17:37:54", "elapsed": 268.300171, "delta": 1.991072}}
{"target": 0.4174916242471167, "params": {"C": 99.3828366118523, "epsilon": 1.0, "gamma": 0.001, "lamda": 0.001}, "datetime": {"datetime": "2021-09-23 17:37:55", "elapsed": 269.658637, "delta": 1.358466}}
{"target": 0.26535072408859783, "params": {"C": 12.716598228198128, "epsilon": 1.0, "gamma": 0.001, "lamda": 0.001}, "datetime": {"datetime": "2021-09-23 17:37:57", "elapsed": 271.62248, "delta": 1.963843}}
{"target": 0.38895874736832015, "params": {"C": 64.17686643173779, "epsilon": 1.0, "gamma": 0.001, "lamda": 1.0}, "datetime": {"datetime": "2021-09-23 17:37:59", "elapsed": 272.984715, "delta": 1.362235}}
{"target": 0.4069052607041239, "params": {"C": 69.18429000360317, "epsilon": 0.45394550050297244, "gamma": 0.001, "lamda": 0.5319636331829909}, "datetime": {"datetime": "2021-09-23 17:38:00", "elapsed": 274.554147, "delta": 1.569432}}
{"target": 0.39898034919330716, "params": {"C": 81.91124922401043, "epsilon": 1.0, "gamma": 0.001, "lamda": 1.0}, "datetime": {"datetime": "2021-09-23 17:38:02", "elapsed": 276.002318, "delta": 1.448171}}
{"target": 0.4401293928843383, "params": {"C": 70.63279003012578, "epsilon": 0.036263891659287194, "gamma": 0.0107854213403983, "lamda": 0.14840324314807674}, "datetime": {"datetime": "2021-09-23 17:38:03", "elapsed": 277.740352, "delta": 1.738034}}
{"target": 0.40725394716958907, "params": {"C": 71.1609061671512, "epsilon": 0.4483431311216092, "gamma": 0.001, "lamda": 0.34245308281290743}, "datetime": {"datetime": "2021-09-23 17:38:05", "elapsed": 279.225183, "delta": 1.484831}}
{"target": 0.4103244143175703, "params": {"C": 76.52051914364102, "epsilon": 0.3509979668764384, "gamma": 0.001, "lamda": 0.4815671953939528}, "datetime": {"datetime": "2021-09-23 17:38:06", "elapsed": 280.943625, "delta": 1.718442}}
{"target": 0.378544418443433, "params": {"C": 50.53079319966635, "epsilon": 1.0, "gamma": 0.001, "lamda": 1.0}, "datetime": {"datetime": "2021-09-23 17:38:09", "elapsed": 283.110352, "delta": 2.166727}}
{"target": 0.4438370985830219, "params": {"C": 86.6269420221933, "epsilon": 0.010988987300046556, "gamma": 0.020253155600350653, "lamda": 0.05521114729072446}, "datetime": {"datetime": "2021-09-23 17:38:11", "elapsed": 285.375938, "delta": 2.265586}}
{"target": 0.4345977030260637, "params": {"C": 87.23198301668354, "epsilon": 0.9034184149352701, "gamma": 0.02620632257700917, "lamda": 0.060870063984663096}, "datetime": {"datetime": "2021-09-23 17:38:13", "elapsed": 287.540084, "delta": 2.164146}}
{"target": 0.40212989717162584, "params": {"C": 87.97402598474757, "epsilon": 0.9905772339992817, "gamma": 0.04939433199125774, "lamda": 0.037254929333328794}, "datetime": {"datetime": "2021-09-23 17:38:15", "elapsed": 289.416427, "delta": 1.876343}}
{"target": 0.45135776650255366, "params": {"C": 86.91239480251491, "epsilon": 0.8664565022912274, "gamma": 0.022632376818374902, "lamda": 0.9229942658032452}, "datetime": {"datetime": "2021-09-23 17:38:16", "elapsed": 290.856585, "delta": 1.440158}}
{"target": 0.4588057025615091, "params": {"C": 87.97951516665621, "epsilon": 0.8836574045680056, "gamma": 0.011413947821208685, "lamda": 0.8599552162688228}, "datetime": {"datetime": "2021-09-23 17:38:18", "elapsed": 292.543378, "delta": 1.686793}}
{"target": 0.4379704847324112, "params": {"C": 86.97493438739882, "epsilon": 0.041182975658510326, "gamma": 0.006944130180423204, "lamda": 0.6288252223207114}, "datetime": {"datetime": "2021-09-23 17:38:20", "elapsed": 294.433275, "delta": 1.889897}}
{"target": 0.4011785593128061, "params": {"C": 88.63980698576422, "epsilon": 1.0, "gamma": 0.001, "lamda": 1.0}, "datetime": {"datetime": "2021-09-23 17:38:22", "elapsed": 296.120836, "delta": 1.687561}}
{"target": 0.4008369234695881, "params": {"C": 87.48535588962274, "epsilon": 1.0, "gamma": 0.001, "lamda": 1.0}, "datetime": {"datetime": "2021-09-23 17:38:24", "elapsed": 298.007256, "delta": 1.88642}}
{"target": 0.4387433749047772, "params": {"C": 87.61979416163454, "epsilon": 0.2044105416871417, "gamma": 0.022872100552319048, "lamda": 0.04448313397714487}, "datetime": {"datetime": "2021-09-23 17:38:25", "elapsed": 299.663248, "delta": 1.655992}}
{"target": 0.44245145081300064, "params": {"C": 88.16775791739401, "epsilon": 0.36797458431699237, "gamma": 0.018200564044108875, "lamda": 0.6353728595541925}, "datetime": {"datetime": "2021-09-23 17:38:27", "elapsed": 301.524351, "delta": 1.861103}}
{"target": 0.3726938108362954, "params": {"C": 35.89181142914276, "epsilon": 1.0, "gamma": 0.001, "lamda": 0.001}, "datetime": {"datetime": "2021-09-23 17:38:29", "elapsed": 303.136352, "delta": 1.612001}}
{"target": 0.41499089815683254, "params": {"C": 89.30235754002604, "epsilon": 0.001, "gamma": 0.001, "lamda": 1.0}, "datetime": {"datetime": "2021-09-23 17:38:30", "elapsed": 304.734351, "delta": 1.597999}}
{"target": 0.39651324442691815, "params": {"C": 76.37128556808791, "epsilon": 1.0, "gamma": 0.001, "lamda": 1.0}, "datetime": {"datetime": "2021-09-23 17:38:31", "elapsed": 305.907347, "delta": 1.172996}}
{"target": 0.41602643961955077, "params": {"C": 88.6405212248712, "epsilon": 0.001, "gamma": 0.001, "lamda": 0.001}, "datetime": {"datetime": "2021-09-23 17:38:33", "elapsed": 307.677349, "delta": 1.770002}}
{"target": 0.43414331127570616, "params": {"C": 86.3498334720543, "epsilon": 0.5335599162972522, "gamma": 0.0021470011159967044, "lamda": 0.7059649633268337}, "datetime": {"datetime": "2021-09-23 17:38:35", "elapsed": 309.344353, "delta": 1.667004}}
{"target": 0.44001733944195287, "params": {"C": 87.06163859203994, "epsilon": 0.331786396044575, "gamma": 0.008123972418127935, "lamda": 0.2603872317535095}, "datetime": {"datetime": "2021-09-23 17:38:37", "elapsed": 311.519354, "delta": 2.175001}}
{"target": 0.4137093956205816, "params": {"C": 77.61096644246476, "epsilon": 0.001, "gamma": 0.001, "lamda": 0.001}, "datetime": {"datetime": "2021-09-23 17:38:39", "elapsed": 313.161353, "delta": 1.641999}}
{"target": 0.39489580125392487, "params": {"C": 73.35490112205554, "epsilon": 1.0, "gamma": 0.001, "lamda": 1.0}, "datetime": {"datetime": "2021-09-23 17:38:41", "elapsed": 315.162353, "delta": 2.001}}
{"target": 0.41142137519048827, "params": {"C": 71.07613495381797, "epsilon": 0.001, "gamma": 0.001, "lamda": 0.001}, "datetime": {"datetime": "2021-09-23 17:38:42", "elapsed": 316.629352, "delta": 1.466999}}
{"target": 0.41093435020118996, "params": {"C": 69.89963344097907, "epsilon": 0.001, "gamma": 0.001, "lamda": 0.001}, "datetime": {"datetime": "2021-09-23 17:38:44", "elapsed": 318.320422, "delta": 1.69107}}
{"target": 0.41574071607981344, "params": {"C": 99.00934929747275, "epsilon": 0.001, "gamma": 0.001, "lamda": 1.0}, "datetime": {"datetime": "2021-09-23 17:38:46", "elapsed": 320.140813, "delta": 1.820391}}
{"target": 0.3896476029904339, "params": {"C": 65.17031411761492, "epsilon": 1.0, "gamma": 0.001, "lamda": 1.0}, "datetime": {"datetime": "2021-09-23 17:38:47", "elapsed": 321.44387, "delta": 1.303057}}
{"target": 0.4141908837014695, "params": {"C": 77.84210300575845, "epsilon": 0.001, "gamma": 0.001, "lamda": 0.9526502159402217}, "datetime": {"datetime": "2021-09-23 17:38:49", "elapsed": 323.049755, "delta": 1.605885}}
{"target": 0.3711833320321536, "params": {"C": 35.09375360889315, "epsilon": 0.001, "gamma": 0.001, "lamda": 0.001}, "datetime": {"datetime": "2021-09-23 17:38:51", "elapsed": 325.166093, "delta": 2.116338}}
{"target": 0.4139562165745102, "params": {"C": 78.79927391343838, "epsilon": 0.001, "gamma": 0.001, "lamda": 0.6111371687255892}, "datetime": {"datetime": "2021-09-23 17:38:53", "elapsed": 326.973091, "delta": 1.806998}}
{"target": 0.4136352443954199, "params": {"C": 78.83444232226526, "epsilon": 0.001, "gamma": 0.001, "lamda": 0.001}, "datetime": {"datetime": "2021-09-23 17:38:54", "elapsed": 328.728093, "delta": 1.755002}}
{"target": 0.021933020816927495, "params": {"C": 38.19426360091857, "epsilon": 1.0, "gamma": 1.0, "lamda": 0.001}, "datetime": {"datetime": "2021-09-23 17:38:56", "elapsed": 330.201867, "delta": 1.473774}}
{"target": 0.39529897999269925, "params": {"C": 53.470809824101444, "epsilon": 0.19838842017109254, "gamma": 0.001, "lamda": 1.0}, "datetime": {"datetime": "2021-09-23 17:38:57", "elapsed": 331.959251, "delta": 1.757384}}
{"target": 0.3834650394300242, "params": {"C": 56.73443442995424, "epsilon": 1.0, "gamma": 0.001, "lamda": 1.0}, "datetime": {"datetime": "2021-09-23 17:38:59", "elapsed": 333.548603, "delta": 1.589352}}
{"target": 0.42304644597190677, "params": {"C": 56.20001707772004, "epsilon": 0.06811634273078335, "gamma": 0.002920421137383533, "lamda": 0.8918196940010822}, "datetime": {"datetime": "2021-09-23 17:39:01", "elapsed": 334.987011, "delta": 1.438408}}
{"target": 0.40562330609641895, "params": {"C": 63.23052774122468, "epsilon": 1.0, "gamma": 0.001, "lamda": 0.001}, "datetime": {"datetime": "2021-09-23 17:39:02", "elapsed": 336.477351, "delta": 1.49034}}
{"target": 0.43319171354541797, "params": {"C": 78.0322314676038, "epsilon": 0.9391481530652535, "gamma": 0.03905670297976167, "lamda": 0.8744909697254176}, "datetime": {"datetime": "2021-09-23 17:39:04", "elapsed": 338.466509, "delta": 1.989158}}
{"target": 0.29450822201548543, "params": {"C": 16.238050109639598, "epsilon": 0.001, "gamma": 0.001, "lamda": 0.001}, "datetime": {"datetime": "2021-09-23 17:39:06", "elapsed": 340.780806, "delta": 2.314297}}
{"target": 0.37430168032782907, "params": {"C": 36.1314032273205, "epsilon": 0.001, "gamma": 0.001, "lamda": 1.0}, "datetime": {"datetime": "2021-09-23 17:39:08", "elapsed": 342.899927, "delta": 2.119121}}
{"target": 0.4069664489254675, "params": {"C": 65.11125875660535, "epsilon": 1.0, "gamma": 0.001, "lamda": 0.001}, "datetime": {"datetime": "2021-09-23 17:39:10", "elapsed": 344.696612, "delta": 1.796685}}
{"target": 0.41139879553233283, "params": {"C": 77.77318961282272, "epsilon": 0.4692398705798326, "gamma": 0.001, "lamda": 0.5486041391377108}, "datetime": {"datetime": "2021-09-23 17:39:12", "elapsed": 346.139005, "delta": 1.442393}}
{"target": 0.3633842427402204, "params": {"C": 36.469882506978735, "epsilon": 1.0, "gamma": 0.001, "lamda": 1.0}, "datetime": {"datetime": "2021-09-23 17:39:13", "elapsed": 347.880273, "delta": 1.741268}}
{"target": 0.347277297103489, "params": {"C": 28.22426083438925, "epsilon": 1.0, "gamma": 0.001, "lamda": 1.0}, "datetime": {"datetime": "2021-09-23 17:39:15", "elapsed": 349.794841, "delta": 1.914568}}
{"target": 0.41187617814779187, "params": {"C": 78.806068063256, "epsilon": 0.960052974950569, "gamma": 0.001300512102742874, "lamda": 0.8661245627500822}, "datetime": {"datetime": "2021-09-23 17:39:17", "elapsed": 351.275509, "delta": 1.480668}}
{"target": 0.3827226904124563, "params": {"C": 55.82469498394044, "epsilon": 1.0, "gamma": 0.001, "lamda": 1.0}, "datetime": {"datetime": "2021-09-23 17:39:19", "elapsed": 353.126636, "delta": 1.851127}}
{"target": 0.39806590093006755, "params": {"C": 55.516368305057696, "epsilon": 1.0, "gamma": 0.001, "lamda": 0.001}, "datetime": {"datetime": "2021-09-23 17:39:21", "elapsed": 354.976012, "delta": 1.849376}}
{"target": 0.40047628008709457, "params": {"C": 86.26533495912749, "epsilon": 1.0, "gamma": 0.001, "lamda": 1.0}, "datetime": {"datetime": "2021-09-23 17:39:22", "elapsed": 356.728855, "delta": 1.752843}}
{"target": 0.3650928710519731, "params": {"C": 31.860552863521534, "epsilon": 1.0, "gamma": 0.001, "lamda": 0.001}, "datetime": {"datetime": "2021-09-23 17:39:24", "elapsed": 358.531445, "delta": 1.80259}}
{"target": 0.4066730348612261, "params": {"C": 65.62102621865996, "epsilon": 0.001, "gamma": 0.001, "lamda": 1.0}, "datetime": {"datetime": "2021-09-23 17:39:26", "elapsed": 360.218431, "delta": 1.686986}}
{"target": 0.012728965027666628, "params": {"C": 16.18189223051307, "epsilon": 0.019118050377951473, "gamma": 0.8166300083916699, "lamda": 0.9634726070192173}, "datetime": {"datetime": "2021-09-23 17:39:27", "elapsed": 361.824129, "delta": 1.605698}}
{"target": 0.3483080708969445, "params": {"C": 26.636235634327946, "epsilon": 0.001, "gamma": 0.001, "lamda": 1.0}, "datetime": {"datetime": "2021-09-23 17:39:29", "elapsed": 363.888397, "delta": 2.064268}}
{"target": 0.40816816849295334, "params": {"C": 26.946054110799853, "epsilon": 0.9626721571852748, "gamma": 0.06129641644165434, "lamda": 0.9039385721376239}, "datetime": {"datetime": "2021-09-23 17:39:31", "elapsed": 365.358403, "delta": 1.470006}}
{"target": 0.35173899618022997, "params": {"C": 27.671214837208925, "epsilon": 0.001, "gamma": 0.001, "lamda": 1.0}, "datetime": {"datetime": "2021-09-23 17:39:33", "elapsed": 367.704403, "delta": 2.346}}
{"target": 0.3499307768847678, "params": {"C": 27.243806854575354, "epsilon": 1.0, "gamma": 0.001, "lamda": 0.001}, "datetime": {"datetime": "2021-09-23 17:39:36", "elapsed": 370.012404, "delta": 2.308001}}
{"target": 0.41078473613489386, "params": {"C": 69.65041072409758, "epsilon": 1.0, "gamma": 0.001, "lamda": 0.001}, "datetime": {"datetime": "2021-09-23 17:39:37", "elapsed": 371.717395, "delta": 1.704991}}
{"target": 0.021316846457678618, "params": {"C": 27.298181915737082, "epsilon": 0.9853260163750839, "gamma": 0.8575930276132839, "lamda": 0.9790538619344364}, "datetime": {"datetime": "2021-09-23 17:39:39", "elapsed": 373.667396, "delta": 1.950001}}
{"target": 0.35819067307861396, "params": {"C": 28.915404682737652, "epsilon": 1.0, "gamma": 0.001, "lamda": 0.001}, "datetime": {"datetime": "2021-09-23 17:39:41", "elapsed": 375.330404, "delta": 1.663008}}
{"target": 0.3765788687557311, "params": {"C": 37.12467525913467, "epsilon": 0.001, "gamma": 0.001, "lamda": 1.0}, "datetime": {"datetime": "2021-09-23 17:39:43", "elapsed": 377.050395, "delta": 1.719991}}
{"target": 0.34528302759352236, "params": {"C": 25.837645636929757, "epsilon": 0.001, "gamma": 0.001, "lamda": 0.001}, "datetime": {"datetime": "2021-09-23 17:39:45", "elapsed": 379.070397, "delta": 2.020002}}
{"target": 0.41315398322374397, "params": {"C": 86.82340598355165, "epsilon": 0.42161147430171814, "gamma": 0.001, "lamda": 1.0}, "datetime": {"datetime": "2021-09-23 17:39:48", "elapsed": 382.522124, "delta": 3.451727}}
{"target": 0.40277223791066685, "params": {"C": 59.55489654562887, "epsilon": 1.0, "gamma": 0.001, "lamda": 0.001}, "datetime": {"datetime": "2021-09-23 17:39:52", "elapsed": 386.092026, "delta": 3.569902}}
{"target": 0.341589972954493, "params": {"C": 26.195634145045105, "epsilon": 1.0, "gamma": 0.001, "lamda": 1.0}, "datetime": {"datetime": "2021-09-23 17:39:54", "elapsed": 388.220335, "delta": 2.128309}}
{"target": 0.433393845108784, "params": {"C": 57.66699354584604, "epsilon": 0.7123737268538927, "gamma": 0.004443978825438565, "lamda": 0.23654644299371638}, "datetime": {"datetime": "2021-09-23 17:39:57", "elapsed": 391.527954, "delta": 3.307619}}
{"target": 0.4495432572878778, "params": {"C": 86.92044897331982, "epsilon": 0.9698014784955505, "gamma": 0.01594315816371045, "lamda": 0.5592115052702132}, "datetime": {"datetime": "2021-09-23 17:40:00", "elapsed": 394.423375, "delta": 2.895421}}
{"target": 0.4176520914486199, "params": {"C": 58.71138657018511, "epsilon": 0.023051139521887084, "gamma": 0.04544764265515113, "lamda": 0.10125841362482557}, "datetime": {"datetime": "2021-09-23 17:40:03", "elapsed": 397.050133, "delta": 2.626758}}
