{"target": 0.4689215053128931, "params": {"C": 265.80579020204243, "epsilon": 0.7390900204962775, "gamma": 0.010442304421904521, "lamda": 0.7489292839443791}, "datetime": {"datetime": "2021-09-23 20:48:51", "elapsed": 5.033116, "delta": 0.313995}}
{"target": 0.46876249407769033, "params": {"C": 284.5416257079182, "epsilon": 0.7131971131330989, "gamma": 0.01090435906840627, "lamda": 0.7162303331492804}, "datetime": {"datetime": "2021-09-23 20:48:51", "elapsed": 5.344116, "delta": 0.311}}
{"target": 0.4682491633077558, "params": {"C": 292.68219749658795, "epsilon": 0.8280039006296374, "gamma": 0.011392824414681986, "lamda": 0.786973226463813}, "datetime": {"datetime": "2021-09-23 20:48:52", "elapsed": 5.674223, "delta": 0.330107}}
{"target": 0.46745579908713364, "params": {"C": 270.6881112045427, "epsilon": 0.8401110031835952, "gamma": 0.006450728954048831, "lamda": 0.6761626384399125}, "datetime": {"datetime": "2021-09-23 20:48:52", "elapsed": 5.989249, "delta": 0.315026}}
{"target": 0.46865561112353804, "params": {"C": 309.0084688337031, "epsilon": 0.9506602547242674, "gamma": 0.01000178904414499, "lamda": 0.6800697164297363}, "datetime": {"datetime": "2021-09-23 20:48:52", "elapsed": 6.318982, "delta": 0.329733}}
{"target": 0.46877370493391046, "params": {"C": 310.4054750094165, "epsilon": 0.7791706830173003, "gamma": 0.006559741911631398, "lamda": 0.5480122651747086}, "datetime": {"datetime": "2021-09-23 20:48:53", "elapsed": 6.625017, "delta": 0.306035}}
{"target": 0.4639995504349935, "params": {"C": 247.01846347943373, "epsilon": 0.8159220174058145, "gamma": 0.01487948139010569, "lamda": 0.5652962823191395}, "datetime": {"datetime": "2021-09-23 20:48:53", "elapsed": 6.93899, "delta": 0.313973}}
{"target": 0.4691850912002362, "params": {"C": 291.63526322529964, "epsilon": 0.9901905985293903, "gamma": 0.009471000024603066, "lamda": 0.5479280176353315}, "datetime": {"datetime": "2021-09-23 20:48:53", "elapsed": 7.269148, "delta": 0.330158}}
{"target": 0.4647905526185768, "params": {"C": 298.4494093322883, "epsilon": 0.7590356431103777, "gamma": 0.014444384666661678, "lamda": 0.5595044260868802}, "datetime": {"datetime": "2021-09-23 20:48:54", "elapsed": 7.594095, "delta": 0.324947}}
{"target": 0.4650351652799226, "params": {"C": 274.15842320810214, "epsilon": 0.8006011575607787, "gamma": 0.014968109238297916, "lamda": 0.634345788260958}, "datetime": {"datetime": "2021-09-23 20:48:54", "elapsed": 7.91485, "delta": 0.320755}}
{"target": 0.4665775334970984, "params": {"C": 249.97226270713884, "epsilon": 0.7786688581052671, "gamma": 0.005636169544202016, "lamda": 0.6761094682768288}, "datetime": {"datetime": "2021-09-23 20:48:54", "elapsed": 8.262736, "delta": 0.347886}}
{"target": 0.46645560414980103, "params": {"C": 313.48172980894384, "epsilon": 0.9831892585641441, "gamma": 0.013978905699500197, "lamda": 0.7249039263144443}, "datetime": {"datetime": "2021-09-23 20:48:55", "elapsed": 8.629775, "delta": 0.367039}}
{"target": 0.46845123314699366, "params": {"C": 318.0682660286787, "epsilon": 0.7624502884987345, "gamma": 0.01140002518512856, "lamda": 0.6960965866311752}, "datetime": {"datetime": "2021-09-23 20:48:55", "elapsed": 8.978538, "delta": 0.348763}}
{"target": 0.4669931031190321, "params": {"C": 305.1294548655387, "epsilon": 0.9334513377822755, "gamma": 0.013367607303587072, "lamda": 0.6904505073843759}, "datetime": {"datetime": "2021-09-23 20:48:55", "elapsed": 9.33893, "delta": 0.360392}}
{"target": 0.46617151070225404, "params": {"C": 271.48788816212107, "epsilon": 0.8427968758632609, "gamma": 0.005059346430708547, "lamda": 0.5036930310295349}, "datetime": {"datetime": "2021-09-23 20:48:56", "elapsed": 9.701584, "delta": 0.362654}}
{"target": 0.4644425383852171, "params": {"C": 245.73599339866763, "epsilon": 0.8858092006687759, "gamma": 0.005059110624085981, "lamda": 0.6741482408765231}, "datetime": {"datetime": "2021-09-23 20:48:56", "elapsed": 10.078863, "delta": 0.377279}}
{"target": 0.4680442628420842, "params": {"C": 257.84816293256415, "epsilon": 0.7688386936824453, "gamma": 0.008462079438086328, "lamda": 0.5059529910617617}, "datetime": {"datetime": "2021-09-23 20:48:57", "elapsed": 10.524706, "delta": 0.445843}}
{"target": 0.4670156192281715, "params": {"C": 314.59208399986926, "epsilon": 0.8953702541249303, "gamma": 0.01311179822815281, "lamda": 0.5760775830297447}, "datetime": {"datetime": "2021-09-23 20:48:57", "elapsed": 10.907318, "delta": 0.382612}}
{"target": 0.4674921430546076, "params": {"C": 283.0017642577176, "epsilon": 0.9515343445819389, "gamma": 0.00826336475063163, "lamda": 0.7892465930779546}, "datetime": {"datetime": "2021-09-23 20:48:57", "elapsed": 11.302272, "delta": 0.394954}}
{"target": 0.467695456912782, "params": {"C": 242.14082481908727, "epsilon": 0.9009722818634999, "gamma": 0.00803428353221246, "lamda": 0.7903129553084374}, "datetime": {"datetime": "2021-09-23 20:48:58", "elapsed": 11.686907, "delta": 0.384635}}
{"target": 0.4689480491746948, "params": {"C": 313.00053370078894, "epsilon": 0.7083433311857746, "gamma": 0.010515167119072032, "lamda": 0.7422415353274144}, "datetime": {"datetime": "2021-09-23 20:48:58", "elapsed": 12.112912, "delta": 0.426005}}
{"target": 0.4681662986483194, "params": {"C": 240.34326948181098, "epsilon": 0.8513735019122505, "gamma": 0.0111027442947812, "lamda": 0.5741521296402483}, "datetime": {"datetime": "2021-09-23 20:48:58", "elapsed": 12.477799, "delta": 0.364887}}
{"target": 0.46714302124977114, "params": {"C": 310.478688372846, "epsilon": 0.719906663217897, "gamma": 0.01313632344920762, "lamda": 0.7694689629000113}, "datetime": {"datetime": "2021-09-23 20:48:59", "elapsed": 12.838761, "delta": 0.360962}}
{"target": 0.4681317854153245, "params": {"C": 261.75812934752855, "epsilon": 0.9712159613070562, "gamma": 0.011782079556484002, "lamda": 0.5285496144682216}, "datetime": {"datetime": "2021-09-23 20:48:59", "elapsed": 13.312801, "delta": 0.47404}}
{"target": 0.4659425891469461, "params": {"C": 256.9048567226281, "epsilon": 0.9379558878852026, "gamma": 0.014264161777705554, "lamda": 0.5696132209093201}, "datetime": {"datetime": "2021-09-23 20:49:00", "elapsed": 13.768411, "delta": 0.45561}}
{"target": 0.4682701890460983, "params": {"C": 289.2236711290821, "epsilon": 0.7933134393305638, "gamma": 0.011414007441655513, "lamda": 0.5666321000337436}, "datetime": {"datetime": "2021-09-23 20:49:00", "elapsed": 14.330794, "delta": 0.562383}}
{"target": 0.4674765113133377, "params": {"C": 298.44234283739485, "epsilon": 0.722851806083514, "gamma": 0.01223812193019411, "lamda": 0.6035646222690285}, "datetime": {"datetime": "2021-09-23 20:49:01", "elapsed": 14.762793, "delta": 0.431999}}
{"target": 0.4674892829846562, "params": {"C": 305.2749329746581, "epsilon": 0.8617822105253433, "gamma": 0.012602789730131111, "lamda": 0.6007564511951781}, "datetime": {"datetime": "2021-09-23 20:49:01", "elapsed": 15.238804, "delta": 0.476011}}
{"target": 0.46752905499596387, "params": {"C": 332.9139534188916, "epsilon": 0.9144549225084622, "gamma": 0.012599070893555497, "lamda": 0.5853070391086792}, "datetime": {"datetime": "2021-09-23 20:49:02", "elapsed": 15.704219, "delta": 0.465415}}
{"target": 0.4691723018895744, "params": {"C": 282.8113576447932, "epsilon": 0.9427043553584564, "gamma": 0.008000349696203661, "lamda": 0.5464293254502056}, "datetime": {"datetime": "2021-09-23 20:49:02", "elapsed": 16.121119, "delta": 0.4169}}
{"target": 0.4689193479135835, "params": {"C": 251.8623951529959, "epsilon": 0.7662706694121246, "gamma": 0.010459497248196125, "lamda": 0.6571607901491756}, "datetime": {"datetime": "2021-09-23 20:49:02", "elapsed": 16.495453, "delta": 0.374334}}
{"target": 0.46728299718389155, "params": {"C": 258.74959535313195, "epsilon": 0.8901283987909345, "gamma": 0.012996359200115729, "lamda": 0.6671517668328033}, "datetime": {"datetime": "2021-09-23 20:49:03", "elapsed": 16.893455, "delta": 0.398002}}
{"target": 0.46695316771508044, "params": {"C": 324.0565243345973, "epsilon": 0.8271325395578029, "gamma": 0.005806531808929432, "lamda": 0.6277691725258869}, "datetime": {"datetime": "2021-09-23 20:49:03", "elapsed": 17.274496, "delta": 0.381041}}
{"target": 0.4657857565341792, "params": {"C": 310.1976314014259, "epsilon": 0.7114649621825704, "gamma": 0.014119443860135871, "lamda": 0.6685661887296206}, "datetime": {"datetime": "2021-09-23 20:49:04", "elapsed": 17.690032, "delta": 0.415536}}
{"target": 0.46769264815445366, "params": {"C": 249.89387039151742, "epsilon": 0.99492564514731, "gamma": 0.01162850374074609, "lamda": 0.760791020192714}, "datetime": {"datetime": "2021-09-23 20:49:04", "elapsed": 18.22587, "delta": 0.535838}}
{"target": 0.4685380372733823, "params": {"C": 268.1802757410259, "epsilon": 0.9371066255628432, "gamma": 0.011214055213565461, "lamda": 0.5550687929800312}, "datetime": {"datetime": "2021-09-23 20:49:05", "elapsed": 18.734033, "delta": 0.508163}}
{"target": 0.46767921018287373, "params": {"C": 260.32975653775424, "epsilon": 0.8788139467862356, "gamma": 0.006798325472365627, "lamda": 0.6723572579303969}, "datetime": {"datetime": "2021-09-23 20:49:05", "elapsed": 19.269212, "delta": 0.535179}}
{"target": 0.46745369470126963, "params": {"C": 311.8627952971445, "epsilon": 0.9649989792885174, "gamma": 0.006840515595875212, "lamda": 0.6404021661291617}, "datetime": {"datetime": "2021-09-23 20:49:06", "elapsed": 19.783796, "delta": 0.514584}}
{"target": 0.46816687570846904, "params": {"C": 346.0503877588082, "epsilon": 0.911167018702004, "gamma": 0.007765428691948907, "lamda": 0.6982362597194156}, "datetime": {"datetime": "2021-09-23 20:49:06", "elapsed": 20.254815, "delta": 0.471019}}
{"target": 0.4677152338019336, "params": {"C": 325.82899477385524, "epsilon": 0.9959677006862767, "gamma": 0.007837090839663774, "lamda": 0.695073579281476}, "datetime": {"datetime": "2021-09-23 20:49:07", "elapsed": 20.740775, "delta": 0.48596}}
{"target": 0.4694303188138387, "params": {"C": 293.26020313884885, "epsilon": 0.7982441713779294, "gamma": 0.009187822838083604, "lamda": 0.6053374321789265}, "datetime": {"datetime": "2021-09-23 20:49:07", "elapsed": 21.237741, "delta": 0.496966}}
{"target": 0.46906841654567744, "params": {"C": 248.37391550078945, "epsilon": 0.8566951620481081, "gamma": 0.009964755590191526, "lamda": 0.6442598928608588}, "datetime": {"datetime": "2021-09-23 20:49:08", "elapsed": 21.666475, "delta": 0.428734}}
{"target": 0.4661592446156688, "params": {"C": 279.48890911972376, "epsilon": 0.7017819834045157, "gamma": 0.01343275878067043, "lamda": 0.6365666033630512}, "datetime": {"datetime": "2021-09-23 20:49:08", "elapsed": 22.163354, "delta": 0.496879}}
{"target": 0.46704837393051546, "params": {"C": 265.6210720991811, "epsilon": 0.9195521120003574, "gamma": 0.006762750400250658, "lamda": 0.7055648885011602}, "datetime": {"datetime": "2021-09-23 20:49:09", "elapsed": 22.595523, "delta": 0.432169}}
{"target": 0.46844614793171746, "params": {"C": 342.6584564427276, "epsilon": 0.7198229721966604, "gamma": 0.01130996676337202, "lamda": 0.6588222278230188}, "datetime": {"datetime": "2021-09-23 20:49:09", "elapsed": 23.059227, "delta": 0.463704}}
{"target": 0.4673557059728193, "params": {"C": 324.35324307098955, "epsilon": 0.9220674347720759, "gamma": 0.012568820323004699, "lamda": 0.5181101405296871}, "datetime": {"datetime": "2021-09-23 20:49:10", "elapsed": 23.509199, "delta": 0.449972}}
{"target": 0.4652158226524349, "params": {"C": 251.00707956558443, "epsilon": 0.7632215845861638, "gamma": 0.014584557894106266, "lamda": 0.6473607269985174}, "datetime": {"datetime": "2021-09-23 20:49:10", "elapsed": 23.96289, "delta": 0.453691}}
{"target": 0.4690129512583491, "params": {"C": 324.61352315852173, "epsilon": 0.7563369942325703, "gamma": 0.007907705669449474, "lamda": 0.7140444644347308}, "datetime": {"datetime": "2021-09-23 20:49:10", "elapsed": 24.382445, "delta": 0.419555}}
{"target": 0.4667866293882913, "params": {"C": 323.99354162393047, "epsilon": 0.8193889674635297, "gamma": 0.013108736386997007, "lamda": 0.5696188724583221}, "datetime": {"datetime": "2021-09-23 20:49:11", "elapsed": 24.827447, "delta": 0.445002}}
{"target": 0.46619465254873893, "params": {"C": 333.046646782318, "epsilon": 0.7698900982087447, "gamma": 0.014265312963476016, "lamda": 0.7707536545230773}, "datetime": {"datetime": "2021-09-23 20:49:11", "elapsed": 25.263484, "delta": 0.436037}}
{"target": 0.4667990101402909, "params": {"C": 251.94688963082461, "epsilon": 0.9593462719147072, "gamma": 0.0073932194178203455, "lamda": 0.7770143492241928}, "datetime": {"datetime": "2021-09-23 20:49:12", "elapsed": 25.76618, "delta": 0.502696}}
{"target": 0.46695513648615083, "params": {"C": 286.37371486102546, "epsilon": 0.928736689551598, "gamma": 0.013408442963499037, "lamda": 0.6606226964808014}, "datetime": {"datetime": "2021-09-23 20:49:12", "elapsed": 26.242174, "delta": 0.475994}}
{"target": 0.46579300216006825, "params": {"C": 305.29530553939145, "epsilon": 0.9762794525648778, "gamma": 0.00601398087027947, "lamda": 0.6724884806299387}, "datetime": {"datetime": "2021-09-23 20:49:13", "elapsed": 26.683234, "delta": 0.44106}}
{"target": 0.46879789142389594, "params": {"C": 258.4498427694388, "epsilon": 0.9856449825098736, "gamma": 0.010272999786603449, "lamda": 0.6108156896998315}, "datetime": {"datetime": "2021-09-23 20:49:13", "elapsed": 27.173234, "delta": 0.49}}
{"target": 0.465893784604106, "params": {"C": 240.00477262604025, "epsilon": 0.9675138539001971, "gamma": 0.01446255409744248, "lamda": 0.5910303654013762}, "datetime": {"datetime": "2021-09-23 20:49:14", "elapsed": 27.640235, "delta": 0.467001}}
{"target": 0.46941809236098075, "params": {"C": 314.63170700482556, "epsilon": 0.7536904106633882, "gamma": 0.009175716040062978, "lamda": 0.6498295551508357}, "datetime": {"datetime": "2021-09-23 20:49:14", "elapsed": 28.090235, "delta": 0.45}}
{"target": 0.4683401038501115, "params": {"C": 319.6576685022106, "epsilon": 0.7789643372080697, "gamma": 0.01156763352504013, "lamda": 0.7034720118815173}, "datetime": {"datetime": "2021-09-23 20:49:15", "elapsed": 28.521233, "delta": 0.430998}}
{"target": 0.46669775585434214, "params": {"C": 283.11455834545603, "epsilon": 0.7024786342029687, "gamma": 0.005453985679495943, "lamda": 0.6852662738404743}, "datetime": {"datetime": "2021-09-23 20:49:15", "elapsed": 28.956682, "delta": 0.435449}}
{"target": 0.4637949052394481, "params": {"C": 282.18323736721425, "epsilon": 0.890324303787472, "gamma": 0.005347258784708209, "lamda": 0.7868536509224566}, "datetime": {"datetime": "2021-09-23 20:49:15", "elapsed": 29.397166, "delta": 0.440484}}
{"target": 0.46531338695763336, "params": {"C": 280.01551604014554, "epsilon": 0.9146111064223049, "gamma": 0.006091310892590902, "lamda": 0.7748761981339533}, "datetime": {"datetime": "2021-09-23 20:49:16", "elapsed": 29.810165, "delta": 0.412999}}
{"target": 0.4691824416390399, "params": {"C": 268.17223454731686, "epsilon": 0.8756811977070887, "gamma": 0.007598160213749722, "lamda": 0.5517986786292972}, "datetime": {"datetime": "2021-09-23 20:49:16", "elapsed": 30.260169, "delta": 0.450004}}
{"target": 0.4660835323535729, "params": {"C": 286.24343463933184, "epsilon": 0.741207990495777, "gamma": 0.014355967001348217, "lamda": 0.7852235260546956}, "datetime": {"datetime": "2021-09-23 20:49:17", "elapsed": 30.710419, "delta": 0.45025}}
{"target": 0.46700702677457717, "params": {"C": 341.9676131654252, "epsilon": 0.9856623346082818, "gamma": 0.005864721398371719, "lamda": 0.5304500863619724}, "datetime": {"datetime": "2021-09-23 20:49:17", "elapsed": 31.193488, "delta": 0.483069}}
{"target": 0.4687073920017054, "params": {"C": 287.44151865707954, "epsilon": 0.8288091547190708, "gamma": 0.008129267883710578, "lamda": 0.720028497504223}, "datetime": {"datetime": "2021-09-23 20:49:18", "elapsed": 31.625272, "delta": 0.431784}}
{"target": 0.4671567862014637, "params": {"C": 243.42509229935484, "epsilon": 0.8741804773474207, "gamma": 0.005894296179745378, "lamda": 0.5648237920293102}, "datetime": {"datetime": "2021-09-23 20:49:18", "elapsed": 32.088273, "delta": 0.463001}}
{"target": 0.4671951072665349, "params": {"C": 333.92623712828834, "epsilon": 0.9846281205149985, "gamma": 0.013061891027601226, "lamda": 0.6709163335846382}, "datetime": {"datetime": "2021-09-23 20:49:19", "elapsed": 32.643312, "delta": 0.555039}}
{"target": 0.46664124382849703, "params": {"C": 262.17680192105234, "epsilon": 0.8298457855638817, "gamma": 0.006260731544438462, "lamda": 0.7460130713113173}, "datetime": {"datetime": "2021-09-23 20:49:19", "elapsed": 33.115309, "delta": 0.471997}}
{"target": 0.46584868073108443, "params": {"C": 338.62394384650526, "epsilon": 0.867693687439107, "gamma": 0.014748333254130629, "lamda": 0.7608734465536088}, "datetime": {"datetime": "2021-09-23 20:49:20", "elapsed": 33.642276, "delta": 0.526967}}
{"target": 0.468339794842182, "params": {"C": 269.02684845809506, "epsilon": 0.9190484727665231, "gamma": 0.009545332909982534, "lamda": 0.7647956895223822}, "datetime": {"datetime": "2021-09-23 20:49:20", "elapsed": 34.095187, "delta": 0.452911}}
{"target": 0.4658766026632999, "params": {"C": 332.83820895977163, "epsilon": 0.8635839713234791, "gamma": 0.005040077075228154, "lamda": 0.5501734002586995}, "datetime": {"datetime": "2021-09-23 20:49:21", "elapsed": 34.565208, "delta": 0.470021}}
{"target": 0.4656267828838816, "params": {"C": 312.76129472672295, "epsilon": 0.7346733472923755, "gamma": 0.014722902329135937, "lamda": 0.7594953045686664}, "datetime": {"datetime": "2021-09-23 20:49:21", "elapsed": 35.067215, "delta": 0.502007}}
{"target": 0.46671479596428, "params": {"C": 261.0744913986943, "epsilon": 0.778973343045644, "gamma": 0.013400213985821044, "lamda": 0.649307457218877}, "datetime": {"datetime": "2021-09-23 20:49:22", "elapsed": 35.694087, "delta": 0.626872}}
{"target": 0.46805073730962155, "params": {"C": 282.84317985101404, "epsilon": 0.882312692822648, "gamma": 0.007554667318097778, "lamda": 0.7159307951397316}, "datetime": {"datetime": "2021-09-23 20:49:22", "elapsed": 36.277652, "delta": 0.583565}}
{"target": 0.46589827965497066, "params": {"C": 244.1741951355588, "epsilon": 0.9843696707374219, "gamma": 0.013879184610365563, "lamda": 0.5084333538217163}, "datetime": {"datetime": "2021-09-23 20:49:23", "elapsed": 36.943109, "delta": 0.665457}}
{"target": 0.46876382717167153, "params": {"C": 250.84312334375556, "epsilon": 0.8632369468499116, "gamma": 0.009973230913417376, "lamda": 0.7288201436765489}, "datetime": {"datetime": "2021-09-23 20:49:24", "elapsed": 37.586106, "delta": 0.642997}}
{"target": 0.46845124452744036, "params": {"C": 338.55925999116204, "epsilon": 0.8911277639645967, "gamma": 0.008666496205543269, "lamda": 0.7408293782662454}, "datetime": {"datetime": "2021-09-23 20:49:24", "elapsed": 38.19808, "delta": 0.611974}}
{"target": 0.46909284674016616, "params": {"C": 348.2316914931805, "epsilon": 0.8172281446108067, "gamma": 0.010150637077998091, "lamda": 0.6327900731152312}, "datetime": {"datetime": "2021-09-23 20:49:25", "elapsed": 38.840587, "delta": 0.642507}}
{"target": 0.4682627916566059, "params": {"C": 323.4636528410373, "epsilon": 0.8527489087068045, "gamma": 0.006682060059978242, "lamda": 0.5999574304595283}, "datetime": {"datetime": "2021-09-23 20:49:25", "elapsed": 39.431979, "delta": 0.591392}}
{"target": 0.46718012613458326, "params": {"C": 293.7446531169379, "epsilon": 0.8322312029106829, "gamma": 0.01307801484289637, "lamda": 0.6711610205284976}, "datetime": {"datetime": "2021-09-23 20:49:26", "elapsed": 40.013177, "delta": 0.581198}}
{"target": 0.46523627079993446, "params": {"C": 305.64585939823786, "epsilon": 0.8015263880940218, "gamma": 0.014983719885492693, "lamda": 0.674984344890491}, "datetime": {"datetime": "2021-09-23 20:49:27", "elapsed": 40.640443, "delta": 0.627266}}
{"target": 0.4677975476219116, "params": {"C": 259.31393880093674, "epsilon": 0.8708872312818704, "gamma": 0.006158696614941403, "lamda": 0.5269213543175878}, "datetime": {"datetime": "2021-09-23 20:49:27", "elapsed": 41.276443, "delta": 0.636}}
{"target": 0.4669540805125202, "params": {"C": 335.5263942330486, "epsilon": 0.93688532535168, "gamma": 0.013415957898270908, "lamda": 0.693652383513446}, "datetime": {"datetime": "2021-09-23 20:49:28", "elapsed": 41.874346, "delta": 0.597903}}
{"target": 0.46617112684518514, "params": {"C": 301.51653114733756, "epsilon": 0.7741813651724134, "gamma": 0.014297101922279475, "lamda": 0.7704613616406908}, "datetime": {"datetime": "2021-09-23 20:49:29", "elapsed": 42.682572, "delta": 0.808226}}
{"target": 0.4671371660183914, "params": {"C": 331.60959346926967, "epsilon": 0.9811805358255256, "gamma": 0.006516680471967887, "lamda": 0.619553160333096}, "datetime": {"datetime": "2021-09-23 20:49:29", "elapsed": 43.339573, "delta": 0.657001}}
{"target": 0.4686855340520041, "params": {"C": 312.7916083155479, "epsilon": 0.7053249932371144, "gamma": 0.009853674012547714, "lamda": 0.5385145837379165}, "datetime": {"datetime": "2021-09-23 20:49:30", "elapsed": 43.971543, "delta": 0.63197}}
{"target": 0.46579108962811544, "params": {"C": 248.28621775866168, "epsilon": 0.8581297932268173, "gamma": 0.0140979215823486, "lamda": 0.5840030465965204}, "datetime": {"datetime": "2021-09-23 20:49:31", "elapsed": 44.544804, "delta": 0.573261}}
{"target": 0.46634303430949253, "params": {"C": 304.26517786479815, "epsilon": 0.711743164152108, "gamma": 0.005521829249138792, "lamda": 0.7401707009458581}, "datetime": {"datetime": "2021-09-23 20:49:31", "elapsed": 45.097808, "delta": 0.553004}}
{"target": 0.4656264511971455, "params": {"C": 311.9747204946695, "epsilon": 0.9376633825934069, "gamma": 0.005723024788139978, "lamda": 0.6648468464197181}, "datetime": {"datetime": "2021-09-23 20:49:32", "elapsed": 45.861159, "delta": 0.763351}}
