{"target": -44.313625459376816, "params": {"C": 22.46683763421372, "epsilon": 0.4666045733562321, "gamma": 0.045803953920946695, "lamda": 0.39037366391945405}, "datetime": {"datetime": "2021-09-24 17:23:32", "elapsed": 180.102062, "delta": 2.093094}}
{"target": -60.99332546672431, "params": {"C": 4.578440438213316, "epsilon": 0.9143558775121974, "gamma": 0.4532751035349255, "lamda": 0.32484783758503116}, "datetime": {"datetime": "2021-09-24 17:23:33", "elapsed": 181.048616, "delta": 0.946554}}
{"target": -43.42468652623119, "params": {"C": 25.19863092193914, "epsilon": 0.7960722621244376, "gamma": 0.012315352479859851, "lamda": 0.25355282048405814}, "datetime": {"datetime": "2021-09-24 17:23:34", "elapsed": 182.083033, "delta": 1.034417}}
{"target": -45.31171466605182, "params": {"C": 11.216005467341976, "epsilon": 0.3996882722990879, "gamma": 0.05752430700781994, "lamda": 0.49507635198234456}, "datetime": {"datetime": "2021-09-24 17:23:36", "elapsed": 184.123157, "delta": 2.040124}}
{"target": -46.21301276951581, "params": {"C": 25.11086325762089, "epsilon": 0.8044205340462531, "gamma": 0.10554487616315598, "lamda": 0.3611084838507374}, "datetime": {"datetime": "2021-09-24 17:23:37", "elapsed": 185.464241, "delta": 1.341084}}
{"target": -51.69251426861667, "params": {"C": 39.329559710808645, "epsilon": 0.8790220185050202, "gamma": 0.27982650999148595, "lamda": 0.32378386442442353}, "datetime": {"datetime": "2021-09-24 17:23:38", "elapsed": 186.3519, "delta": 0.887659}}
{"target": -52.15447972860038, "params": {"C": 31.06311474068493, "epsilon": 0.5422559420947949, "gamma": 0.2757397274111462, "lamda": 0.1189488076310878}, "datetime": {"datetime": "2021-09-24 17:23:39", "elapsed": 187.348792, "delta": 0.996892}}
{"target": -43.570649038895745, "params": {"C": 25.194482433491483, "epsilon": 0.916850952805419, "gamma": 0.021448910999745913, "lamda": 0.19384710636019195}, "datetime": {"datetime": "2021-09-24 17:23:40", "elapsed": 188.707802, "delta": 1.35901}}
{"target": -54.73555917516801, "params": {"C": 14.646849724680862, "epsilon": 0.9649053948363869, "gamma": 0.25956537110641653, "lamda": 0.1718582588643773}, "datetime": {"datetime": "2021-09-24 17:23:41", "elapsed": 189.909108, "delta": 1.201306}}
{"target": -59.708416913169735, "params": {"C": 8.057222565927223, "epsilon": 0.5959419234556401, "gamma": 0.39036460331483946, "lamda": 0.8434292638575667}, "datetime": {"datetime": "2021-09-24 17:23:42", "elapsed": 190.689992, "delta": 0.780884}}
{"target": -44.02327617869219, "params": {"C": 25.30551106643079, "epsilon": 0.8929904965918309, "gamma": 0.038413169021977986, "lamda": 0.28450147360892025}, "datetime": {"datetime": "2021-09-24 17:23:45", "elapsed": 193.241089, "delta": 2.551097}}
{"target": -44.82611671673479, "params": {"C": 22.53104195612187, "epsilon": 0.6583261291691384, "gamma": 0.0035423620429839912, "lamda": 0.31168976389010183}, "datetime": {"datetime": "2021-09-24 17:23:46", "elapsed": 194.695185, "delta": 1.454096}}
{"target": -49.44935205051893, "params": {"C": 22.592149450217324, "epsilon": 0.5474288325623134, "gamma": 0.001, "lamda": 0.42190366935721857}, "datetime": {"datetime": "2021-09-24 17:23:49", "elapsed": 196.957338, "delta": 2.262153}}
{"target": -44.495361954204675, "params": {"C": 25.2079504006443, "epsilon": 0.9463739460423557, "gamma": 0.05733674785054968, "lamda": 0.3350066657857572}, "datetime": {"datetime": "2021-09-24 17:23:50", "elapsed": 198.761047, "delta": 1.803709}}
{"target": -59.897171418111405, "params": {"C": 13.66719510940396, "epsilon": 0.08112225886796513, "gamma": 0.4932089814042296, "lamda": 0.09243130867887749}, "datetime": {"datetime": "2021-09-24 17:23:51", "elapsed": 199.59498, "delta": 0.833933}}
{"target": -49.12025143119548, "params": {"C": 22.4236427638615, "epsilon": 0.5108879916164906, "gamma": 0.17385439960359958, "lamda": 0.24810155510236018}, "datetime": {"datetime": "2021-09-24 17:23:53", "elapsed": 201.278492, "delta": 1.683512}}
{"target": -56.64123384762615, "params": {"C": 5.639637665800701, "epsilon": 0.3716646049639338, "gamma": 0.21716796961306856, "lamda": 0.9354683894006954}, "datetime": {"datetime": "2021-09-24 17:23:54", "elapsed": 202.123456, "delta": 0.844964}}
{"target": -47.64315480206669, "params": {"C": 25.219017568373253, "epsilon": 0.8555342652063993, "gamma": 0.14309213637003712, "lamda": 0.2272544133622751}, "datetime": {"datetime": "2021-09-24 17:23:56", "elapsed": 204.172452, "delta": 2.048996}}
{"target": -48.93443089878921, "params": {"C": 25.24961221143023, "epsilon": 0.8114212096502279, "gamma": 0.001, "lamda": 0.39843988964375293}, "datetime": {"datetime": "2021-09-24 17:23:58", "elapsed": 205.962455, "delta": 1.790003}}
{"target": -46.29461120664373, "params": {"C": 46.42633351298007, "epsilon": 0.8211437088977064, "gamma": 0.001, "lamda": 0.16800691137170373}, "datetime": {"datetime": "2021-09-24 17:23:59", "elapsed": 207.666547, "delta": 1.704092}}
{"target": -48.95126366662054, "params": {"C": 25.069515003049197, "epsilon": 0.8806729348527796, "gamma": 0.001, "lamda": 0.25825910001053703}, "datetime": {"datetime": "2021-09-24 17:24:01", "elapsed": 209.651128, "delta": 1.984581}}
{"target": -49.45321573498092, "params": {"C": 22.437461944813244, "epsilon": 0.537217914427009, "gamma": 0.001, "lamda": 0.2716224286559692}, "datetime": {"datetime": "2021-09-24 17:24:04", "elapsed": 212.549836, "delta": 2.898708}}
{"target": -44.88385911463903, "params": {"C": 22.54447055348362, "epsilon": 0.34804396792021003, "gamma": 0.06831184169006967, "lamda": 0.3358058757702582}, "datetime": {"datetime": "2021-09-24 17:24:06", "elapsed": 214.367202, "delta": 1.817366}}
{"target": -52.96261698089941, "params": {"C": 11.24333121210315, "epsilon": 0.4260573801880274, "gamma": 0.001, "lamda": 0.650135453833048}, "datetime": {"datetime": "2021-09-24 17:24:08", "elapsed": 216.724956, "delta": 2.357754}}
{"target": -54.310114556031124, "params": {"C": 34.27622997437301, "epsilon": 0.21438797193463233, "gamma": 0.339665195983688, "lamda": 0.881048021216779}, "datetime": {"datetime": "2021-09-24 17:24:09", "elapsed": 217.643368, "delta": 0.918412}}
{"target": -46.12847125410953, "params": {"C": 32.85487806942214, "epsilon": 0.43693761616165155, "gamma": 0.10720905944613789, "lamda": 0.5363975507461297}, "datetime": {"datetime": "2021-09-24 17:24:10", "elapsed": 218.504141, "delta": 0.860773}}
{"target": -54.989322287531365, "params": {"C": 30.821467598761156, "epsilon": 0.3481613812532045, "gamma": 0.3476871963210479, "lamda": 0.967747969759785}, "datetime": {"datetime": "2021-09-24 17:24:11", "elapsed": 219.365637, "delta": 0.861496}}
{"target": -46.636863891866476, "params": {"C": 42.51656295299201, "epsilon": 0.8543961547367269, "gamma": 0.12723948077370054, "lamda": 0.7847901364671647}, "datetime": {"datetime": "2021-09-24 17:24:12", "elapsed": 220.266031, "delta": 0.900394}}
{"target": -46.129528022970405, "params": {"C": 46.435646436730984, "epsilon": 0.9138892151961608, "gamma": 0.001, "lamda": 0.001}, "datetime": {"datetime": "2021-09-24 17:24:14", "elapsed": 221.954942, "delta": 1.688911}}
{"target": -45.246413688416126, "params": {"C": 22.635374880299782, "epsilon": 0.5799432239047667, "gamma": 0.08091789288490998, "lamda": 0.22894888503262778}, "datetime": {"datetime": "2021-09-24 17:24:15", "elapsed": 223.348363, "delta": 1.393421}}
{"target": -60.43804352281869, "params": {"C": 7.905499934259512, "epsilon": 0.5765110373475307, "gamma": 0.45881095000516375, "lamda": 0.11933027582000558}, "datetime": {"datetime": "2021-09-24 17:24:16", "elapsed": 224.308975, "delta": 0.960612}}
{"target": -45.48405661662342, "params": {"C": 45.03329259981278, "epsilon": 0.6071729726541681, "gamma": 0.0892579321541495, "lamda": 0.23261455850771193}, "datetime": {"datetime": "2021-09-24 17:24:17", "elapsed": 225.348201, "delta": 1.039226}}
{"target": -59.173948250861685, "params": {"C": 6.0575000513979695, "epsilon": 0.11831318798322042, "gamma": 0.3199068447589078, "lamda": 0.3703201003937772}, "datetime": {"datetime": "2021-09-24 17:24:18", "elapsed": 226.654489, "delta": 1.306288}}
{"target": -48.938541111530085, "params": {"C": 25.297960252613038, "epsilon": 0.8243783068215808, "gamma": 0.001, "lamda": 0.14390398449919134}, "datetime": {"datetime": "2021-09-24 17:24:21", "elapsed": 229.216714, "delta": 2.562225}}
{"target": -48.27928293887375, "params": {"C": 22.590694778530544, "epsilon": 0.4664149024259353, "gamma": 0.15490069075447335, "lamda": 0.33559266165968926}, "datetime": {"datetime": "2021-09-24 17:24:23", "elapsed": 231.058643, "delta": 1.841929}}
{"target": -46.314592557220834, "params": {"C": 46.05488753223274, "epsilon": 1.0, "gamma": 0.001, "lamda": 0.1194706351392453}, "datetime": {"datetime": "2021-09-24 17:24:24", "elapsed": 232.655855, "delta": 1.597212}}
{"target": -46.67406553653827, "params": {"C": 18.558539581200804, "epsilon": 0.7939833374708467, "gamma": 0.1068218791100577, "lamda": 0.8478909950420687}, "datetime": {"datetime": "2021-09-24 17:24:26", "elapsed": 234.299201, "delta": 1.643346}}
{"target": -49.46292535920169, "params": {"C": 22.42557137267853, "epsilon": 0.3263631335987479, "gamma": 0.001, "lamda": 0.4302631665850245}, "datetime": {"datetime": "2021-09-24 17:24:28", "elapsed": 236.238793, "delta": 1.939592}}
{"target": -53.50178421135845, "params": {"C": 12.194503773561236, "epsilon": 0.762922852961781, "gamma": 0.21215676047674756, "lamda": 0.974259050137411}, "datetime": {"datetime": "2021-09-24 17:24:29", "elapsed": 237.170571, "delta": 0.931778}}
{"target": -52.97392475914409, "params": {"C": 11.215441018747216, "epsilon": 0.5085444591858238, "gamma": 0.001, "lamda": 0.4082179220344996}, "datetime": {"datetime": "2021-09-24 17:24:31", "elapsed": 239.294851, "delta": 2.12428}}
{"target": -49.87365684926874, "params": {"C": 32.396902776965206, "epsilon": 0.21441720184171492, "gamma": 0.21608373447484913, "lamda": 0.09347172952947903}, "datetime": {"datetime": "2021-09-24 17:24:32", "elapsed": 240.633523, "delta": 1.338672}}
{"target": -44.757879292415, "params": {"C": 11.581979962227757, "epsilon": 0.30259860692387935, "gamma": 0.04626896226939185, "lamda": 0.33295013025105014}, "datetime": {"datetime": "2021-09-24 17:24:34", "elapsed": 242.433491, "delta": 1.799968}}
{"target": -44.010183654483775, "params": {"C": 18.935090794981004, "epsilon": 0.6115480935766251, "gamma": 0.033147194755628884, "lamda": 0.9532002126694054}, "datetime": {"datetime": "2021-09-24 17:24:35", "elapsed": 243.914488, "delta": 1.480997}}
{"target": -58.66480829493832, "params": {"C": 23.163542421983177, "epsilon": 0.8811063944752773, "gamma": 0.47722027194553934, "lamda": 0.6655242114755994}, "datetime": {"datetime": "2021-09-24 17:24:36", "elapsed": 244.901486, "delta": 0.986998}}
{"target": -44.09324511951339, "params": {"C": 46.57437956314355, "epsilon": 0.9646271288882595, "gamma": 0.05149010234085626, "lamda": 0.17815159848895668}, "datetime": {"datetime": "2021-09-24 17:24:39", "elapsed": 246.997492, "delta": 2.096006}}
{"target": -48.81081513346276, "params": {"C": 46.25634890227114, "epsilon": 0.33401673848156543, "gamma": 0.19181375801531583, "lamda": 0.5256495038544011}, "datetime": {"datetime": "2021-09-24 17:24:40", "elapsed": 248.002575, "delta": 1.005083}}
{"target": -47.16781971619435, "params": {"C": 31.207788784200915, "epsilon": 0.9029758496113561, "gamma": 0.1375554756379551, "lamda": 0.005612185818643694}, "datetime": {"datetime": "2021-09-24 17:24:41", "elapsed": 248.989577, "delta": 0.987002}}
{"target": -49.26798254529724, "params": {"C": 31.467395400430796, "epsilon": 0.7713128169347315, "gamma": 0.19237726713812048, "lamda": 0.5113134245774554}, "datetime": {"datetime": "2021-09-24 17:24:41", "elapsed": 249.910632, "delta": 0.921055}}
{"target": -43.63969521085442, "params": {"C": 19.077818208729013, "epsilon": 0.74248339954703, "gamma": 0.021012758420444318, "lamda": 0.9373180854032565}, "datetime": {"datetime": "2021-09-24 17:24:44", "elapsed": 252.04571, "delta": 2.135078}}
{"target": -49.12039048726868, "params": {"C": 16.845195246076422, "epsilon": 0.13080834631528587, "gamma": 0.15269181643962407, "lamda": 0.2576181639653659}, "datetime": {"datetime": "2021-09-24 17:24:45", "elapsed": 253.049663, "delta": 1.003953}}
{"target": -44.84372213210456, "params": {"C": 19.03342048420171, "epsilon": 0.7178364422141645, "gamma": 0.06156509054015604, "lamda": 0.7908652598839244}, "datetime": {"datetime": "2021-09-24 17:24:46", "elapsed": 254.557139, "delta": 1.507476}}
{"target": -47.010257514036795, "params": {"C": 18.975532246616783, "epsilon": 0.7388006902437442, "gamma": 0.11485412393227588, "lamda": 0.9459844777756125}, "datetime": {"datetime": "2021-09-24 17:24:48", "elapsed": 256.563638, "delta": 2.006499}}
{"target": -57.02310181529274, "params": {"C": 34.99368877048069, "epsilon": 0.05842735327378208, "gamma": 0.45202005841931814, "lamda": 0.6394614470752161}, "datetime": {"datetime": "2021-09-24 17:24:49", "elapsed": 257.514304, "delta": 0.950666}}
{"target": -50.323134322398495, "params": {"C": 19.081527812220784, "epsilon": 0.606429730431277, "gamma": 0.001, "lamda": 0.8838161964332106}, "datetime": {"datetime": "2021-09-24 17:24:51", "elapsed": 259.488903, "delta": 1.974599}}
{"target": -43.7286261158271, "params": {"C": 18.997688113935183, "epsilon": 0.8164154428840823, "gamma": 0.010273513546801439, "lamda": 0.8605570358005897}, "datetime": {"datetime": "2021-09-24 17:24:53", "elapsed": 261.637855, "delta": 2.148952}}
{"target": -44.26544143494393, "params": {"C": 19.13986616494488, "epsilon": 0.8420903523334832, "gamma": 0.04434435806217109, "lamda": 0.8476862775502803}, "datetime": {"datetime": "2021-09-24 17:24:55", "elapsed": 263.29435, "delta": 1.656495}}
{"target": -53.10185439323065, "params": {"C": 20.189918165466068, "epsilon": 0.8650380763559703, "gamma": 0.24975789891157057, "lamda": 0.5475371006442378}, "datetime": {"datetime": "2021-09-24 17:24:56", "elapsed": 264.354199, "delta": 1.059849}}
{"target": -57.46731515647054, "params": {"C": 41.71843668338031, "epsilon": 0.43368844799135303, "gamma": 0.49379482880686876, "lamda": 0.8528349227318847}, "datetime": {"datetime": "2021-09-24 17:24:57", "elapsed": 265.304074, "delta": 0.949875}}
{"target": -49.39052890517242, "params": {"C": 22.642558598869652, "epsilon": 0.39767880964360547, "gamma": 0.001, "lamda": 0.20017931895939006}, "datetime": {"datetime": "2021-09-24 17:24:59", "elapsed": 267.48344, "delta": 2.179366}}
{"target": -54.4309870996192, "params": {"C": 35.17607806532915, "epsilon": 0.8125311661421398, "gamma": 0.34014475424273155, "lamda": 0.7272816554713769}, "datetime": {"datetime": "2021-09-24 17:25:00", "elapsed": 268.514402, "delta": 1.030962}}
{"target": -48.201723330227566, "params": {"C": 46.510706668204996, "epsilon": 0.9115911342149841, "gamma": 0.1739104908552205, "lamda": 0.20237609785587463}, "datetime": {"datetime": "2021-09-24 17:25:02", "elapsed": 270.285453, "delta": 1.771051}}
{"target": -50.334694090066634, "params": {"C": 19.06660763639135, "epsilon": 0.8495644244696442, "gamma": 0.001, "lamda": 0.7130222742750746}, "datetime": {"datetime": "2021-09-24 17:25:03", "elapsed": 271.741452, "delta": 1.455999}}
{"target": -48.908298301067134, "params": {"C": 25.28019132582179, "epsilon": 1.0, "gamma": 0.001, "lamda": 0.23885240885987538}, "datetime": {"datetime": "2021-09-24 17:25:05", "elapsed": 273.73746, "delta": 1.996008}}
{"target": -61.001507803611574, "params": {"C": 3.7309000456296353, "epsilon": 0.5106359171285951, "gamma": 0.42368557747003993, "lamda": 0.26004142966392946}, "datetime": {"datetime": "2021-09-24 17:25:06", "elapsed": 274.834454, "delta": 1.096994}}
{"target": -44.15218566545518, "params": {"C": 13.677786786113192, "epsilon": 0.016614374858248168, "gamma": 0.025421680717665547, "lamda": 0.950160989659712}, "datetime": {"datetime": "2021-09-24 17:25:08", "elapsed": 276.631495, "delta": 1.797041}}
{"target": -47.82177542534144, "params": {"C": 12.418245267801165, "epsilon": 0.6783472931745501, "gamma": 0.10810907202277582, "lamda": 0.6971726224935587}, "datetime": {"datetime": "2021-09-24 17:25:09", "elapsed": 277.708455, "delta": 1.07696}}
{"target": -45.56109143397125, "params": {"C": 46.59957046342361, "epsilon": 0.9918659961655526, "gamma": 0.09305504207082202, "lamda": 0.0675322819709076}, "datetime": {"datetime": "2021-09-24 17:25:12", "elapsed": 279.97049, "delta": 2.262035}}
{"target": -44.65068130209298, "params": {"C": 13.538009124115048, "epsilon": 0.03481135564713339, "gamma": 0.05074843967858667, "lamda": 0.9061776891630651}, "datetime": {"datetime": "2021-09-24 17:25:14", "elapsed": 282.315456, "delta": 2.344966}}
{"target": -49.00992141689833, "params": {"C": 20.20831061199328, "epsilon": 0.020831557357749074, "gamma": 0.16439441241574831, "lamda": 0.5872158724410287}, "datetime": {"datetime": "2021-09-24 17:25:15", "elapsed": 283.348455, "delta": 1.032999}}
{"target": -43.66484547453442, "params": {"C": 25.728713450712757, "epsilon": 0.18626428740447212, "gamma": 0.023404408129857644, "lamda": 0.5640220304689673}, "datetime": {"datetime": "2021-09-24 17:25:16", "elapsed": 284.386107, "delta": 1.037652}}
{"target": -46.25494273265239, "params": {"C": 46.65425633400572, "epsilon": 0.855461730423778, "gamma": 0.001, "lamda": 0.11999243824072241}, "datetime": {"datetime": "2021-09-24 17:25:19", "elapsed": 287.093108, "delta": 2.707001}}
{"target": -47.907528933207594, "params": {"C": 46.09178207583254, "epsilon": 0.5607648511027321, "gamma": 0.1651093987559131, "lamda": 0.2982377284092213}, "datetime": {"datetime": "2021-09-24 17:25:20", "elapsed": 288.11311, "delta": 1.020002}}
{"target": -52.05586555409273, "params": {"C": 13.613944546253459, "epsilon": 0.13473323558680983, "gamma": 0.001, "lamda": 1.0}, "datetime": {"datetime": "2021-09-24 17:25:21", "elapsed": 289.729323, "delta": 1.616213}}
{"target": -43.74690857624313, "params": {"C": 25.86807385978861, "epsilon": 0.26903366976783416, "gamma": 0.02625810003176327, "lamda": 0.6611261791159424}, "datetime": {"datetime": "2021-09-24 17:25:23", "elapsed": 291.810294, "delta": 2.080971}}
{"target": -43.70882341109494, "params": {"C": 25.714785543138785, "epsilon": 0.3617257832604647, "gamma": 0.026158095198827534, "lamda": 0.673831980812183}, "datetime": {"datetime": "2021-09-24 17:25:26", "elapsed": 293.988386, "delta": 2.178092}}
{"target": -45.61015781269291, "params": {"C": 25.75254164095988, "epsilon": 0.2749660447279279, "gamma": 0.09057388868235348, "lamda": 0.6226787539061417}, "datetime": {"datetime": "2021-09-24 17:25:27", "elapsed": 295.871637, "delta": 1.883251}}
{"target": -48.99145172606415, "params": {"C": 40.64866015747424, "epsilon": 0.23582817402709716, "gamma": 0.19393274419477002, "lamda": 0.9860377591189992}, "datetime": {"datetime": "2021-09-24 17:25:28", "elapsed": 296.839673, "delta": 0.968036}}
{"target": -45.47571798838455, "params": {"C": 19.107995155602836, "epsilon": 0.9038152560247499, "gamma": 0.07655707254300934, "lamda": 0.9751410192814747}, "datetime": {"datetime": "2021-09-24 17:25:31", "elapsed": 298.941683, "delta": 2.10201}}
{"target": -50.34188676282939, "params": {"C": 19.225222807818835, "epsilon": 0.8101840571025445, "gamma": 0.001, "lamda": 0.9766472200511357}, "datetime": {"datetime": "2021-09-24 17:25:32", "elapsed": 300.814644, "delta": 1.872961}}
{"target": -51.69720603029513, "params": {"C": 14.735943079163285, "epsilon": 0.325900639311124, "gamma": 0.001, "lamda": 0.6051926910486811}, "datetime": {"datetime": "2021-09-24 17:25:35", "elapsed": 303.03379, "delta": 2.219146}}
{"target": -44.585255479540045, "params": {"C": 25.813011650769393, "epsilon": 0.08421678090209599, "gamma": 0.05990618040099015, "lamda": 0.6536623084153182}, "datetime": {"datetime": "2021-09-24 17:25:37", "elapsed": 305.640696, "delta": 2.606906}}
{"target": -44.92154953371891, "params": {"C": 25.834832628542614, "epsilon": 0.2181549381900442, "gamma": 0.07265931222632542, "lamda": 0.4126066770445724}, "datetime": {"datetime": "2021-09-24 17:25:39", "elapsed": 307.652393, "delta": 2.011697}}
{"target": -45.087831412586134, "params": {"C": 25.850435697223148, "epsilon": 0.14467240787459573, "gamma": 0.07782576169611108, "lamda": 0.5482223712825599}, "datetime": {"datetime": "2021-09-24 17:25:41", "elapsed": 309.761382, "delta": 2.108989}}
{"target": -45.00533447991894, "params": {"C": 18.556943916792136, "epsilon": 0.6068273357722922, "gamma": 0.06572459923059279, "lamda": 0.8346306845877871}, "datetime": {"datetime": "2021-09-24 17:25:43", "elapsed": 311.649394, "delta": 1.888012}}
{"target": -55.65686636672247, "params": {"C": 29.829046931546873, "epsilon": 0.6196304924052002, "gamma": 0.36776653253775937, "lamda": 0.020903895292130284}, "datetime": {"datetime": "2021-09-24 17:25:44", "elapsed": 312.817392, "delta": 1.167998}}
{"target": -46.39533277274498, "params": {"C": 7.73467753861565, "epsilon": 0.9038650572709301, "gamma": 0.055070802870414486, "lamda": 0.7002068054095459}, "datetime": {"datetime": "2021-09-24 17:25:46", "elapsed": 314.109393, "delta": 1.292001}}
{"target": -45.40293049690669, "params": {"C": 45.84496813836058, "epsilon": 0.9425740112861025, "gamma": 0.0871582842838265, "lamda": 0.010145102816264052}, "datetime": {"datetime": "2021-09-24 17:25:47", "elapsed": 315.232394, "delta": 1.123001}}
{"target": -44.696735125754984, "params": {"C": 25.791220239611782, "epsilon": 0.37355892990737194, "gamma": 0.06287628040386709, "lamda": 0.5022336802548907}, "datetime": {"datetime": "2021-09-24 17:25:49", "elapsed": 317.386248, "delta": 2.153854}}
{"target": -43.98340060292654, "params": {"C": 25.900691953393505, "epsilon": 0.2266025854919604, "gamma": 0.03700045222188493, "lamda": 0.8528439978127861}, "datetime": {"datetime": "2021-09-24 17:25:51", "elapsed": 319.641535, "delta": 2.255287}}
