{"target": -44.606141480101286, "params": {"C": 41.503710015850245, "epsilon": 0.7391138875403724, "gamma": 0.06238742525898611, "lamda": 0.30663461690406923}, "datetime": {"datetime": "2021-09-24 18:47:40", "elapsed": 732.661058, "delta": 3.552877}}
{"target": -47.545977228759924, "params": {"C": 34.51840991937505, "epsilon": 0.5174887943057606, "gamma": 0.001, "lamda": 0.4419707125302047}, "datetime": {"datetime": "2021-09-24 18:47:45", "elapsed": 737.628717, "delta": 4.967659}}
{"target": -43.18048617115373, "params": {"C": 42.74618313501315, "epsilon": 0.261963227856289, "gamma": 0.01852447895292224, "lamda": 1.2705231826236412}, "datetime": {"datetime": "2021-09-24 18:47:47", "elapsed": 739.515841, "delta": 1.887124}}
{"target": -45.35232763972258, "params": {"C": 44.84988373288996, "epsilon": 0.41212474963534373, "gamma": 0.0874512270067259, "lamda": 1.031232684539163}, "datetime": {"datetime": "2021-09-24 18:47:51", "elapsed": 743.478645, "delta": 3.962804}}
{"target": -45.13584490065303, "params": {"C": 44.90290799496508, "epsilon": 0.689710826297734, "gamma": 0.07591113441655724, "lamda": 0.3394388225941174}, "datetime": {"datetime": "2021-09-24 18:47:55", "elapsed": 747.281888, "delta": 3.803243}}
{"target": -55.87522881955531, "params": {"C": 1.2227403207058252, "epsilon": 0.8039776690184857, "gamma": 0.07598516108965643, "lamda": 0.4699050126931885}, "datetime": {"datetime": "2021-09-24 18:47:57", "elapsed": 749.361015, "delta": 2.079127}}
{"target": -44.43969495135286, "params": {"C": 33.626665811609655, "epsilon": 0.8638071303591128, "gamma": 0.05760368105907218, "lamda": 1.1338460761185691}, "datetime": {"datetime": "2021-09-24 18:47:59", "elapsed": 751.448292, "delta": 2.087277}}
{"target": -44.53607290870341, "params": {"C": 32.34141960054018, "epsilon": 0.6175604942227355, "gamma": 0.05942196393963672, "lamda": 0.8133728751073758}, "datetime": {"datetime": "2021-09-24 18:48:01", "elapsed": 753.416154, "delta": 1.967862}}
{"target": -46.55149980245796, "params": {"C": 5.492359568860245, "epsilon": 0.9429909005162268, "gamma": 0.013988171960427866, "lamda": 0.9292432015663399}, "datetime": {"datetime": "2021-09-24 18:48:03", "elapsed": 755.356251, "delta": 1.940097}}
{"target": -42.82431616089518, "params": {"C": 46.847945769775265, "epsilon": 0.2663725527162928, "gamma": 0.005923826919876735, "lamda": 1.1240324070565175}, "datetime": {"datetime": "2021-09-24 18:48:07", "elapsed": 759.270969, "delta": 3.914718}}
{"target": -45.10948925125926, "params": {"C": 34.583530338250796, "epsilon": 0.4450105487022776, "gamma": 0.07640595202082452, "lamda": 1.4811782836471348}, "datetime": {"datetime": "2021-09-24 18:48:09", "elapsed": 761.264075, "delta": 1.993106}}
{"target": -49.050165256991114, "params": {"C": 3.9036767201008153, "epsilon": 0.007735645053947608, "gamma": 0.06058695712855887, "lamda": 0.24375437202552636}, "datetime": {"datetime": "2021-09-24 18:48:11", "elapsed": 763.44735, "delta": 2.183275}}
{"target": -43.547092510661024, "params": {"C": 48.097333087518784, "epsilon": 0.9728406475988091, "gamma": 0.03444709493733754, "lamda": 0.2519228643336413}, "datetime": {"datetime": "2021-09-24 18:48:16", "elapsed": 768.115928, "delta": 4.668578}}
{"target": -42.92012844947685, "params": {"C": 43.283660178496, "epsilon": 0.7874289288989903, "gamma": 0.011993644420574847, "lamda": 1.1336009010643884}, "datetime": {"datetime": "2021-09-24 18:48:18", "elapsed": 770.213913, "delta": 2.097985}}
{"target": -43.103349015295045, "params": {"C": 44.98750155652406, "epsilon": 0.14254348618203094, "gamma": 0.010210682581775241, "lamda": 1.3904194888351018}, "datetime": {"datetime": "2021-09-24 18:48:20", "elapsed": 772.210899, "delta": 1.996986}}
{"target": -43.52423666975684, "params": {"C": 46.77084990251128, "epsilon": 0.2597426482440817, "gamma": 0.003062828487614486, "lamda": 1.140491347356994}, "datetime": {"datetime": "2021-09-24 18:48:25", "elapsed": 777.484191, "delta": 5.273292}}
{"target": -51.6873909666417, "params": {"C": 3.5575133460257153, "epsilon": 0.3389627934284514, "gamma": 0.08890640235773613, "lamda": 0.26786139416247096}, "datetime": {"datetime": "2021-09-24 18:48:27", "elapsed": 779.502659, "delta": 2.018468}}
{"target": -46.18605189893603, "params": {"C": 48.373799613753455, "epsilon": 0.8304549351885272, "gamma": 0.001, "lamda": 0.409877012100468}, "datetime": {"datetime": "2021-09-24 18:48:35", "elapsed": 787.215539, "delta": 7.71288}}
{"target": -46.86699814244515, "params": {"C": 42.84066441351952, "epsilon": 0.3930353478872682, "gamma": 0.001, "lamda": 1.4058158491039672}, "datetime": {"datetime": "2021-09-24 18:48:39", "elapsed": 792.066433, "delta": 4.850894}}
{"target": -44.53078407253124, "params": {"C": 32.47037768463656, "epsilon": 0.0191570811441107, "gamma": 0.062463354936092175, "lamda": 0.36695813796852716}, "datetime": {"datetime": "2021-09-24 18:48:42", "elapsed": 794.156717, "delta": 2.090284}}
{"target": -47.831911552295054, "params": {"C": 32.757780223625545, "epsilon": 0.3675265629180474, "gamma": 0.001, "lamda": 0.9373194506732432}, "datetime": {"datetime": "2021-09-24 18:48:46", "elapsed": 798.711605, "delta": 4.554888}}
{"target": -44.268082453792424, "params": {"C": 14.541265499116136, "epsilon": 0.7375039538640471, "gamma": 0.03195308461076347, "lamda": 0.9883073769658259}, "datetime": {"datetime": "2021-09-24 18:48:48", "elapsed": 800.608278, "delta": 1.896673}}
{"target": -43.91961208870215, "params": {"C": 46.382877984039716, "epsilon": 0.9181719486023125, "gamma": 0.044877764795937594, "lamda": 0.12032154135041541}, "datetime": {"datetime": "2021-09-24 18:48:52", "elapsed": 805.075865, "delta": 4.467587}}
{"target": -43.910584393217505, "params": {"C": 22.04066358478328, "epsilon": 0.034459603434647976, "gamma": 0.03231010103332677, "lamda": 0.7369898223094123}, "datetime": {"datetime": "2021-09-24 18:48:55", "elapsed": 807.078994, "delta": 2.003129}}
{"target": -43.3367447184876, "params": {"C": 34.82526588707826, "epsilon": 0.08935030978961432, "gamma": 0.0072426812644761545, "lamda": 1.1321937944370053}, "datetime": {"datetime": "2021-09-24 18:48:56", "elapsed": 809.020036, "delta": 1.941042}}
{"target": -46.190151726412125, "params": {"C": 47.99029062481413, "epsilon": 0.938562400838629, "gamma": 0.001, "lamda": 0.30230856554520164}, "datetime": {"datetime": "2021-09-24 18:49:01", "elapsed": 813.653831, "delta": 4.633795}}
{"target": -43.88073074879444, "params": {"C": 38.673160173235885, "epsilon": 0.0961059541218083, "gamma": 0.03926070259923446, "lamda": 0.8500509323044455}, "datetime": {"datetime": "2021-09-24 18:49:03", "elapsed": 815.613956, "delta": 1.960125}}
{"target": -45.12889127130221, "params": {"C": 46.85386752756353, "epsilon": 0.27938090295357637, "gamma": 0.07752538742167263, "lamda": 1.1481597233402547}, "datetime": {"datetime": "2021-09-24 18:49:08", "elapsed": 820.493832, "delta": 4.879876}}
{"target": -45.045400868250105, "params": {"C": 27.148539299554155, "epsilon": 0.2394760308422485, "gamma": 0.0765209208807255, "lamda": 0.24065002572845742}, "datetime": {"datetime": "2021-09-24 18:49:10", "elapsed": 822.500571, "delta": 2.006739}}
{"target": -43.79923833021956, "params": {"C": 48.12397942217235, "epsilon": 0.6711490495676611, "gamma": 0.04248695983158215, "lamda": 0.25285645453139}, "datetime": {"datetime": "2021-09-24 18:49:13", "elapsed": 825.826427, "delta": 3.325856}}
{"target": -43.12821907973857, "params": {"C": 44.74274194013962, "epsilon": 0.6799805958188324, "gamma": 0.010292843672167727, "lamda": 0.3151790000975532}, "datetime": {"datetime": "2021-09-24 18:49:17", "elapsed": 829.152486, "delta": 3.326059}}
{"target": -45.31142640878411, "params": {"C": 47.85002831804908, "epsilon": 0.442947310762457, "gamma": 0.08486617731890005, "lamda": 0.13071007197320597}, "datetime": {"datetime": "2021-09-24 18:49:19", "elapsed": 831.158526, "delta": 2.00604}}
{"target": -49.386136015910466, "params": {"C": 5.76870297339906, "epsilon": 0.9690725920176809, "gamma": 0.08495299733613311, "lamda": 0.4830881074567328}, "datetime": {"datetime": "2021-09-24 18:49:21", "elapsed": 833.197037, "delta": 2.038511}}
{"target": -44.003356931926525, "params": {"C": 24.011642457635926, "epsilon": 0.8526417339339349, "gamma": 0.04186625872233496, "lamda": 1.2475073373193135}, "datetime": {"datetime": "2021-09-24 18:49:23", "elapsed": 835.126305, "delta": 1.929268}}
{"target": -43.9408927171614, "params": {"C": 28.55741523238474, "epsilon": 0.17155482912024286, "gamma": 0.0383688064727849, "lamda": 1.1249688694048607}, "datetime": {"datetime": "2021-09-24 18:49:25", "elapsed": 837.218061, "delta": 2.091756}}
{"target": -43.670295195443344, "params": {"C": 35.69417313032658, "epsilon": 0.4125135314107571, "gamma": 0.03617089098805666, "lamda": 0.8921802923049464}, "datetime": {"datetime": "2021-09-24 18:49:30", "elapsed": 842.205368, "delta": 4.987307}}
{"target": -44.14374493434629, "params": {"C": 32.11626904247949, "epsilon": 0.8462359541548005, "gamma": 0.04914042411071844, "lamda": 0.44764977488710184}, "datetime": {"datetime": "2021-09-24 18:49:32", "elapsed": 844.193316, "delta": 1.987948}}
{"target": -44.92651323099769, "params": {"C": 31.655937962217987, "epsilon": 0.3353445927470302, "gamma": 0.0688525828182886, "lamda": 0.8714489785795306}, "datetime": {"datetime": "2021-09-24 18:49:36", "elapsed": 848.225918, "delta": 4.032602}}
{"target": -44.8193673281515, "params": {"C": 47.900641923075824, "epsilon": 0.8957265199490618, "gamma": 0.06730378072240992, "lamda": 0.2516546593529585}, "datetime": {"datetime": "2021-09-24 18:49:40", "elapsed": 852.644197, "delta": 4.418279}}
{"target": -47.95766315704889, "params": {"C": 31.750501918580596, "epsilon": 0.2703561341003794, "gamma": 0.001, "lamda": 0.919202121553416}, "datetime": {"datetime": "2021-09-24 18:49:45", "elapsed": 857.408667, "delta": 4.76447}}
{"target": -50.122155220896126, "params": {"C": 5.663046101285153, "epsilon": 0.4546561927253639, "gamma": 0.09465025840702462, "lamda": 1.3591363728242922}, "datetime": {"datetime": "2021-09-24 18:49:47", "elapsed": 859.392646, "delta": 1.983979}}
{"target": -42.887130054962896, "params": {"C": 42.74611570345496, "epsilon": 0.3751066236297331, "gamma": 0.006010028740739041, "lamda": 1.4901973605015082}, "datetime": {"datetime": "2021-09-24 18:49:51", "elapsed": 864.024649, "delta": 4.632003}}
{"target": -43.26988121285414, "params": {"C": 25.61189892733638, "epsilon": 0.4490179096270276, "gamma": 0.010121744065182774, "lamda": 1.1590400032875086}, "datetime": {"datetime": "2021-09-24 18:49:55", "elapsed": 867.865454, "delta": 3.840805}}
{"target": -45.249383281216616, "params": {"C": 33.93222253189452, "epsilon": 0.17378647779566053, "gamma": 0.07802010521660781, "lamda": 1.3380877595757896}, "datetime": {"datetime": "2021-09-24 18:49:57", "elapsed": 869.921217, "delta": 2.055763}}
{"target": -43.9436274057103, "params": {"C": 41.58648240436146, "epsilon": 0.1237707133036343, "gamma": 0.04476922603139612, "lamda": 1.3437375799458706}, "datetime": {"datetime": "2021-09-24 18:49:59", "elapsed": 871.980592, "delta": 2.059375}}
{"target": -43.15630415899523, "params": {"C": 32.624079832399815, "epsilon": 0.33298587168055144, "gamma": 0.012486785126951911, "lamda": 1.1464961302596193}, "datetime": {"datetime": "2021-09-24 18:50:01", "elapsed": 874.072183, "delta": 2.091591}}
{"target": -44.37317405072725, "params": {"C": 36.89562327993214, "epsilon": 0.9917828450564369, "gamma": 0.057564906340600346, "lamda": 0.0738003323774263}, "datetime": {"datetime": "2021-09-24 18:50:03", "elapsed": 876.034341, "delta": 1.962158}}
{"target": -44.76464388936556, "params": {"C": 37.97492670366111, "epsilon": 0.5501232431551742, "gamma": 0.0657537397595464, "lamda": 0.3605858411415018}, "datetime": {"datetime": "2021-09-24 18:50:06", "elapsed": 878.115931, "delta": 2.08159}}
{"target": -45.578015016583564, "params": {"C": 40.37658782062006, "epsilon": 0.3937770139531355, "gamma": 0.09403693040108176, "lamda": 1.1498097520524135}, "datetime": {"datetime": "2021-09-24 18:50:08", "elapsed": 880.164913, "delta": 2.048982}}
{"target": -45.09167271819512, "params": {"C": 48.16446203776272, "epsilon": 0.918000570809304, "gamma": 0.07512781529229251, "lamda": 0.24766989159687114}, "datetime": {"datetime": "2021-09-24 18:50:13", "elapsed": 886.070213, "delta": 5.9053}}
{"target": -43.195306120478016, "params": {"C": 44.98253904130759, "epsilon": 0.7330439750185508, "gamma": 0.01062269082603792, "lamda": 0.2107406018975581}, "datetime": {"datetime": "2021-09-24 18:50:17", "elapsed": 889.924716, "delta": 3.854503}}
{"target": -45.52575792864734, "params": {"C": 23.868728965049687, "epsilon": 0.575664460009906, "gamma": 0.08164223378678669, "lamda": 1.293532810257564}, "datetime": {"datetime": "2021-09-24 18:50:19", "elapsed": 891.980656, "delta": 2.05594}}
{"target": -45.45636524876377, "params": {"C": 41.32260967566214, "epsilon": 0.44529441444845536, "gamma": 0.08694277930929124, "lamda": 0.54343299711278}, "datetime": {"datetime": "2021-09-24 18:50:22", "elapsed": 894.078318, "delta": 2.097662}}
{"target": -43.40589146309712, "params": {"C": 38.1798123913949, "epsilon": 0.5041717828090473, "gamma": 0.02159311948835013, "lamda": 0.49238990396824295}, "datetime": {"datetime": "2021-09-24 18:50:23", "elapsed": 896.019677, "delta": 1.941359}}
{"target": -43.04058225260976, "params": {"C": 45.5175746510918, "epsilon": 0.5771372782536898, "gamma": 0.01135403640135028, "lamda": 0.5040055734289131}, "datetime": {"datetime": "2021-09-24 18:50:26", "elapsed": 898.151116, "delta": 2.131439}}
{"target": -46.59489241460991, "params": {"C": 44.82832677472332, "epsilon": 0.39817542620386465, "gamma": 0.001, "lamda": 1.1219536382948754}, "datetime": {"datetime": "2021-09-24 18:50:30", "elapsed": 902.500848, "delta": 4.349732}}
{"target": -44.04825558188258, "params": {"C": 17.78315620269161, "epsilon": 0.11548695266038933, "gamma": 0.032094895938048845, "lamda": 0.5734890291532388}, "datetime": {"datetime": "2021-09-24 18:50:32", "elapsed": 904.688841, "delta": 2.187993}}
{"target": -44.56000781433462, "params": {"C": 42.762800224450785, "epsilon": 0.39049707205517126, "gamma": 0.06149863260008415, "lamda": 1.454000300456209}, "datetime": {"datetime": "2021-09-24 18:50:36", "elapsed": 908.360951, "delta": 3.67211}}
{"target": -43.85957002905593, "params": {"C": 37.50356949141124, "epsilon": 0.28515957812478315, "gamma": 0.042075473377549626, "lamda": 1.4694305382905792}, "datetime": {"datetime": "2021-09-24 18:50:38", "elapsed": 910.467385, "delta": 2.106434}}
{"target": -46.14926251981051, "params": {"C": 48.05376056521762, "epsilon": 0.6903208367792545, "gamma": 0.001, "lamda": 0.21450106935828994}, "datetime": {"datetime": "2021-09-24 18:50:42", "elapsed": 914.757063, "delta": 4.289678}}
{"target": -43.59528731863484, "params": {"C": 48.104748801393846, "epsilon": 0.7553885417258634, "gamma": 0.035235944204835855, "lamda": 0.2480194046792217}, "datetime": {"datetime": "2021-09-24 18:50:47", "elapsed": 919.978592, "delta": 5.221529}}
{"target": -43.6789808704002, "params": {"C": 32.83736374806975, "epsilon": 0.4605505962034139, "gamma": 0.0360137458086794, "lamda": 0.8868409757963124}, "datetime": {"datetime": "2021-09-24 18:50:52", "elapsed": 924.33367, "delta": 4.355078}}
{"target": -45.691940353472816, "params": {"C": 32.77453901908024, "epsilon": 0.9977961525894296, "gamma": 0.09438971109151767, "lamda": 0.3670930528599261}, "datetime": {"datetime": "2021-09-24 18:50:54", "elapsed": 926.339644, "delta": 2.005974}}
{"target": -47.62705958224047, "params": {"C": 3.8618158619944145, "epsilon": 0.8719077567565439, "gamma": 0.03098144543823633, "lamda": 1.2432022732801147}, "datetime": {"datetime": "2021-09-24 18:50:56", "elapsed": 928.360718, "delta": 2.021074}}
{"target": -44.33453229591888, "params": {"C": 43.294833682003386, "epsilon": 0.7679479602602661, "gamma": 0.05877762336149728, "lamda": 1.0899145187794352}, "datetime": {"datetime": "2021-09-24 18:51:00", "elapsed": 932.457115, "delta": 4.096397}}
{"target": -45.478052042486866, "params": {"C": 18.72669552189574, "epsilon": 0.3442765230124336, "gamma": 0.0828903526320815, "lamda": 0.6411332553223661}, "datetime": {"datetime": "2021-09-24 18:51:02", "elapsed": 934.69521, "delta": 2.238095}}
{"target": -43.69890516071235, "params": {"C": 45.09907538873944, "epsilon": 0.7776744521429244, "gamma": 0.04091326980361183, "lamda": 1.0958884523814088}, "datetime": {"datetime": "2021-09-24 18:51:04", "elapsed": 936.852017, "delta": 2.156807}}
{"target": -44.61544368116399, "params": {"C": 88.5660321633373, "epsilon": 0.021731197410042098, "gamma": 0.06373117525770126, "lamda": 1.123457019925379}, "datetime": {"datetime": "2021-09-24 18:53:22", "elapsed": 0.0, "delta": 0.0}}
{"target": -43.154085677218795, "params": {"C": 74.92535061512952, "epsilon": 0.2255718488853168, "gamma": 0.020608223611202774, "lamda": 1.141035537586239}, "datetime": {"datetime": "2021-09-24 18:53:22", "elapsed": 0.238903, "delta": 0.238903}}
{"target": -44.803840818605984, "params": {"C": 58.45554182812677, "epsilon": 0.08925147435983626, "gamma": 0.06885062201841192, "lamda": 1.4301366259462098}, "datetime": {"datetime": "2021-09-24 18:53:22", "elapsed": 0.522069, "delta": 0.283166}}
{"target": -45.125728610500495, "params": {"C": 50.197413316395725, "epsilon": 0.5126800711223909, "gamma": 0.08144947520355925, "lamda": 0.919176574177253}, "datetime": {"datetime": "2021-09-24 18:53:22", "elapsed": 0.753502, "delta": 0.231433}}
{"target": -45.31778199269559, "params": {"C": 86.08776587158998, "epsilon": 0.2925841921024625, "gamma": 0.09185963812878141, "lamda": 1.0721490993131382}, "datetime": {"datetime": "2021-09-24 18:53:23", "elapsed": 0.982019, "delta": 0.228517}}
{"target": -44.78960270798234, "params": {"C": 73.28658626153347, "epsilon": 0.9916468906563388, "gamma": 0.001815343083809315, "lamda": 1.2419636405211218}, "datetime": {"datetime": "2021-09-24 18:53:23", "elapsed": 1.744055, "delta": 0.762036}}
{"target": -42.882580666007925, "params": {"C": 63.04102887790157, "epsilon": 0.1981283463184944, "gamma": 0.009767327057181942, "lamda": 1.1109546295738326}, "datetime": {"datetime": "2021-09-24 18:53:24", "elapsed": 2.078217, "delta": 0.334162}}
{"target": -43.06660787657503, "params": {"C": 67.33286436301852, "epsilon": 0.19539655678368906, "gamma": 0.016408680659424222, "lamda": 0.41584952999206126}, "datetime": {"datetime": "2021-09-24 18:53:24", "elapsed": 2.439253, "delta": 0.361036}}
{"target": -44.40035891430043, "params": {"C": 51.02230042998806, "epsilon": 0.06503580093824804, "gamma": 0.05867316020557099, "lamda": 0.6294616151599538}, "datetime": {"datetime": "2021-09-24 18:53:24", "elapsed": 2.854647, "delta": 0.415394}}
{"target": -42.897072749078234, "params": {"C": 63.65725250526163, "epsilon": 0.2075034854009097, "gamma": 0.01073735199182788, "lamda": 0.9397155582048367}, "datetime": {"datetime": "2021-09-24 18:53:25", "elapsed": 3.407235, "delta": 0.552588}}
{"target": -44.53357229216076, "params": {"C": 65.6768937709115, "epsilon": 0.8134858758074387, "gamma": 0.07017128970842863, "lamda": 1.435381954810171}, "datetime": {"datetime": "2021-09-24 18:53:25", "elapsed": 3.906227, "delta": 0.498992}}
{"target": -45.17340728851732, "params": {"C": 63.05607354963625, "epsilon": 0.001, "gamma": 0.001, "lamda": 0.001}, "datetime": {"datetime": "2021-09-24 18:53:26", "elapsed": 4.587493, "delta": 0.681266}}
{"target": -43.308573704806086, "params": {"C": 63.70568225536407, "epsilon": 0.15365881681547314, "gamma": 0.02878071795430946, "lamda": 0.9248039695983513}, "datetime": {"datetime": "2021-09-24 18:53:27", "elapsed": 4.921052, "delta": 0.333559}}
{"target": -45.018435817318164, "params": {"C": 63.384891603692566, "epsilon": 0.3038551063480811, "gamma": 0.07760577632851909, "lamda": 1.092574613470271}, "datetime": {"datetime": "2021-09-24 18:53:27", "elapsed": 5.314052, "delta": 0.393}}
{"target": -45.26557951428722, "params": {"C": 63.70565228468652, "epsilon": 0.30487464615212506, "gamma": 0.001, "lamda": 0.8727842217143804}, "datetime": {"datetime": "2021-09-24 18:53:27", "elapsed": 5.770051, "delta": 0.455999}}
{"target": -44.808291703740196, "params": {"C": 63.06405248145335, "epsilon": 0.2237872364501129, "gamma": 0.06858034013302902, "lamda": 1.1323450473430405}, "datetime": {"datetime": "2021-09-24 18:53:28", "elapsed": 6.068582, "delta": 0.298531}}
{"target": -44.22696423757401, "params": {"C": 61.72990463729201, "epsilon": 0.13116976825260407, "gamma": 0.054878813776854767, "lamda": 1.244816655442081}, "datetime": {"datetime": "2021-09-24 18:53:28", "elapsed": 6.373376, "delta": 0.304794}}
{"target": -44.34766829646926, "params": {"C": 70.24619350359917, "epsilon": 0.0449463867332195, "gamma": 0.05945315477722209, "lamda": 1.0814308979692377}, "datetime": {"datetime": "2021-09-24 18:53:28", "elapsed": 6.727461, "delta": 0.354085}}
{"target": -43.750797715512036, "params": {"C": 63.660263429994025, "epsilon": 0.11650571784357631, "gamma": 0.04375824322566665, "lamda": 0.8892019434896664}, "datetime": {"datetime": "2021-09-24 18:53:29", "elapsed": 7.054722, "delta": 0.327261}}
{"target": -43.0304150880519, "params": {"C": 63.94914145661032, "epsilon": 0.4675696406013723, "gamma": 0.015362216645083429, "lamda": 0.8812259834047627}, "datetime": {"datetime": "2021-09-24 18:53:29", "elapsed": 7.36971, "delta": 0.314988}}
{"target": -45.31968110714502, "params": {"C": 63.70774398500011, "epsilon": 0.19671842128114653, "gamma": 0.08244504319958003, "lamda": 0.9125714300986072}, "datetime": {"datetime": "2021-09-24 18:53:29", "elapsed": 7.703893, "delta": 0.334183}}
{"target": -42.965933954196196, "params": {"C": 82.00248864064386, "epsilon": 0.2646383744476102, "gamma": 0.016441444925150844, "lamda": 0.24090128498962737}, "datetime": {"datetime": "2021-09-24 18:53:30", "elapsed": 8.112098, "delta": 0.408205}}
