{"target": -43.45552413253596, "params": {"C": 133.92350318401162, "epsilon": 0.4252776248812391, "gamma": 0.042339588796623494, "lamda": 1.449147775754179}, "datetime": {"datetime": "2021-09-24 19:28:57", "elapsed": 28.884446, "delta": 0.525464}}
{"target": -44.16870143565656, "params": {"C": 136.20803113736844, "epsilon": 0.48425012015216273, "gamma": 0.06601957189789731, "lamda": 1.7173600594075866}, "datetime": {"datetime": "2021-09-24 19:28:57", "elapsed": 29.37755, "delta": 0.493104}}
{"target": -42.3928800912794, "params": {"C": 119.59752652066183, "epsilon": 0.30578347980692716, "gamma": 0.005494458227009835, "lamda": 1.6263313692023718}, "datetime": {"datetime": "2021-09-24 19:28:58", "elapsed": 29.834405, "delta": 0.456855}}
{"target": -43.287310080236566, "params": {"C": 119.1741988032792, "epsilon": 0.744090042170768, "gamma": 0.004437861968611266, "lamda": 2.134268254612283}, "datetime": {"datetime": "2021-09-24 19:28:58", "elapsed": 30.335383, "delta": 0.500978}}
{"target": -42.48899793910101, "params": {"C": 118.18887092733888, "epsilon": 0.8007592483187116, "gamma": 0.01180397783664993, "lamda": 2.0743809906697663}, "datetime": {"datetime": "2021-09-24 19:28:59", "elapsed": 30.752292, "delta": 0.416909}}
{"target": -42.964337265758324, "params": {"C": 112.8055611578713, "epsilon": 0.7099227946498738, "gamma": 0.02672178611612226, "lamda": 0.9589933931464858}, "datetime": {"datetime": "2021-09-24 19:28:59", "elapsed": 31.222749, "delta": 0.470457}}
{"target": -45.37137005777079, "params": {"C": 121.0197430178781, "epsilon": 0.3961519778234797, "gamma": 0.09362407331334738, "lamda": 2.126117630273478}, "datetime": {"datetime": "2021-09-24 19:29:00", "elapsed": 31.666642, "delta": 0.443893}}
{"target": -42.04529546370469, "params": {"C": 146.34891507519325, "epsilon": 0.9665454474193242, "gamma": 0.009560741843880022, "lamda": 0.8522504318098624}, "datetime": {"datetime": "2021-09-24 19:29:00", "elapsed": 32.232217, "delta": 0.565575}}
{"target": -42.96315750697449, "params": {"C": 121.56432666230887, "epsilon": 0.6005546943444986, "gamma": 0.031979752048734725, "lamda": 1.8001424875211152}, "datetime": {"datetime": "2021-09-24 19:29:01", "elapsed": 32.717489, "delta": 0.485272}}
{"target": -42.37894800903297, "params": {"C": 101.55686013607038, "epsilon": 0.7064211138106481, "gamma": 0.009853532179479239, "lamda": 1.0241189601465512}, "datetime": {"datetime": "2021-09-24 19:29:01", "elapsed": 33.265817, "delta": 0.548328}}
{"target": -44.97945809813346, "params": {"C": 142.69374414922197, "epsilon": 0.964132281201663, "gamma": 0.08081272117325217, "lamda": 1.5545816679231907}, "datetime": {"datetime": "2021-09-24 19:29:02", "elapsed": 33.789165, "delta": 0.523348}}
{"target": -42.29627641379231, "params": {"C": 110.08036450956925, "epsilon": 0.6029734996490573, "gamma": 0.01348124228994077, "lamda": 1.9300653565565864}, "datetime": {"datetime": "2021-09-24 19:29:02", "elapsed": 34.289565, "delta": 0.5004}}
{"target": -45.77396573121092, "params": {"C": 144.8290653847751, "epsilon": 0.6912852706912499, "gamma": 0.09750849921589323, "lamda": 2.0043672327680437}, "datetime": {"datetime": "2021-09-24 19:29:03", "elapsed": 34.752955, "delta": 0.46339}}
{"target": -43.618278836507486, "params": {"C": 113.19402202640684, "epsilon": 0.8111131031218874, "gamma": 0.0459987958088271, "lamda": 2.0239784476119107}, "datetime": {"datetime": "2021-09-24 19:29:03", "elapsed": 35.207673, "delta": 0.454718}}
{"target": -43.5654972902149, "params": {"C": 142.1991858908053, "epsilon": 0.6816959330881179, "gamma": 0.0013967630447587276, "lamda": 0.9508670012934979}, "datetime": {"datetime": "2021-09-24 19:29:04", "elapsed": 35.639672, "delta": 0.431999}}
{"target": -45.604337101031426, "params": {"C": 133.07331578487407, "epsilon": 0.38090447701554303, "gamma": 0.09725673305844579, "lamda": 1.9974765228433322}, "datetime": {"datetime": "2021-09-24 19:29:04", "elapsed": 36.093549, "delta": 0.453877}}
{"target": -44.97196919411463, "params": {"C": 109.57931427213376, "epsilon": 0.4842711337731695, "gamma": 0.08416211845962833, "lamda": 1.4465372860943848}, "datetime": {"datetime": "2021-09-24 19:29:05", "elapsed": 36.559687, "delta": 0.466138}}
{"target": -42.79749749398746, "params": {"C": 119.47417265955183, "epsilon": 0.7253962832528454, "gamma": 0.02629120644916801, "lamda": 1.7796539756986578}, "datetime": {"datetime": "2021-09-24 19:29:05", "elapsed": 37.044842, "delta": 0.485155}}
{"target": -45.170780209452516, "params": {"C": 101.89736142525399, "epsilon": 0.963529231720651, "gamma": 0.08890392764261908, "lamda": 0.7421667691085816}, "datetime": {"datetime": "2021-09-24 19:29:06", "elapsed": 37.615124, "delta": 0.570282}}
{"target": -43.654576005660324, "params": {"C": 104.9286924289798, "epsilon": 0.6808862093164605, "gamma": 0.05023498604283203, "lamda": 1.8441007183827443}, "datetime": {"datetime": "2021-09-24 19:29:06", "elapsed": 38.052347, "delta": 0.437223}}
{"target": -43.21319553681421, "params": {"C": 144.79966363234638, "epsilon": 0.7459647825840591, "gamma": 0.03729831243487837, "lamda": 1.904146891331227}, "datetime": {"datetime": "2021-09-24 19:29:07", "elapsed": 38.532151, "delta": 0.479804}}
{"target": -43.64787912251278, "params": {"C": 149.19622340599113, "epsilon": 0.5735323374252156, "gamma": 0.05199130707218112, "lamda": 1.363950365576156}, "datetime": {"datetime": "2021-09-24 19:29:07", "elapsed": 38.984429, "delta": 0.452278}}
{"target": -42.38787721007012, "params": {"C": 137.93802401865332, "epsilon": 0.6564141203158774, "gamma": 0.017652394593784596, "lamda": 1.1997871522976418}, "datetime": {"datetime": "2021-09-24 19:29:08", "elapsed": 39.429165, "delta": 0.444736}}
{"target": -44.76907385357361, "params": {"C": 124.42938778042634, "epsilon": 0.60853947345826, "gamma": 0.08097234694467406, "lamda": 1.555805102642488}, "datetime": {"datetime": "2021-09-24 19:29:08", "elapsed": 39.847534, "delta": 0.418369}}
{"target": -45.71498723117045, "params": {"C": 129.83902699919904, "epsilon": 0.5368949055527176, "gamma": 0.09983882686637768, "lamda": 1.574921724452455}, "datetime": {"datetime": "2021-09-24 19:29:08", "elapsed": 40.316559, "delta": 0.469025}}
{"target": -42.65776837951172, "params": {"C": 108.77906309133488, "epsilon": 0.698736872991031, "gamma": 0.012471096487919896, "lamda": 0.8346067715879392}, "datetime": {"datetime": "2021-09-24 19:29:09", "elapsed": 40.848793, "delta": 0.532234}}
{"target": -45.094158132805944, "params": {"C": 143.4210882877494, "epsilon": 0.8527324258205866, "gamma": 0.084317983192882, "lamda": 1.6682619175672304}, "datetime": {"datetime": "2021-09-24 19:29:09", "elapsed": 41.302654, "delta": 0.453861}}
{"target": -45.34320506919959, "params": {"C": 127.96205961242617, "epsilon": 0.4730898520689648, "gamma": 0.09304130903056683, "lamda": 2.0523068082034537}, "datetime": {"datetime": "2021-09-24 19:29:10", "elapsed": 41.760855, "delta": 0.458201}}
{"target": -42.40979418256368, "params": {"C": 141.6407243042135, "epsilon": 0.9560879169262262, "gamma": 0.016015136672482083, "lamda": 1.29776580166548}, "datetime": {"datetime": "2021-09-24 19:29:10", "elapsed": 42.246448, "delta": 0.485593}}
{"target": -44.307228499043596, "params": {"C": 133.0870946888854, "epsilon": 0.3124249842199336, "gamma": 0.049051372724222386, "lamda": 0.8925729186895824}, "datetime": {"datetime": "2021-09-24 19:29:11", "elapsed": 42.761, "delta": 0.514552}}
{"target": -45.26561274626117, "params": {"C": 103.7664626175735, "epsilon": 0.6689695175292403, "gamma": 0.09106942366525114, "lamda": 1.1200152329826016}, "datetime": {"datetime": "2021-09-24 19:29:11", "elapsed": 43.224131, "delta": 0.463131}}
{"target": -42.113178062059134, "params": {"C": 129.21144448399917, "epsilon": 0.3274007163549188, "gamma": 0.0061661095664740425, "lamda": 1.9008535047292905}, "datetime": {"datetime": "2021-09-24 19:29:12", "elapsed": 43.764124, "delta": 0.539993}}
{"target": -42.32996420624828, "params": {"C": 132.7157820430316, "epsilon": 0.8545478927179493, "gamma": 0.008157945402585779, "lamda": 1.5242342320985904}, "datetime": {"datetime": "2021-09-24 19:29:12", "elapsed": 44.249623, "delta": 0.485499}}
{"target": -42.99083499622237, "params": {"C": 104.7468399500814, "epsilon": 0.7227672409562805, "gamma": 0.03223323429213502, "lamda": 1.565555600403635}, "datetime": {"datetime": "2021-09-24 19:29:13", "elapsed": 44.719201, "delta": 0.469578}}
{"target": -44.14454182893687, "params": {"C": 227.1320643266746, "epsilon": 0.31452636455158106, "gamma": 0.06373117525770126, "lamda": 1.7483254355540567}, "datetime": {"datetime": "2021-09-24 19:31:06", "elapsed": 0.0, "delta": 0.0}}
{"target": -42.44850980044733, "params": {"C": 199.85070123025903, "epsilon": 0.45735765187159333, "gamma": 0.020608223611202774, "lamda": 1.7647429970785422}, "datetime": {"datetime": "2021-09-24 19:31:07", "elapsed": 0.20911, "delta": 0.20911}}
{"target": -44.27052853477436, "params": {"C": 166.91108365625354, "epsilon": 0.36183786992180716, "gamma": 0.06885062201841192, "lamda": 2.034750684672911}, "datetime": {"datetime": "2021-09-24 19:31:07", "elapsed": 0.425993, "delta": 0.216883}}
{"target": -44.80206329583564, "params": {"C": 150.39482663279145, "epsilon": 0.6585345843700436, "gamma": 0.08144947520355925, "lamda": 1.5575364935611433}, "datetime": {"datetime": "2021-09-24 19:31:07", "elapsed": 0.626299, "delta": 0.200306}}
{"target": -45.28642306370557, "params": {"C": 222.17553174317996, "epsilon": 0.5043132477194432, "gamma": 0.09185963812878141, "lamda": 1.700406096756767}, "datetime": {"datetime": "2021-09-24 19:31:07", "elapsed": 0.848881, "delta": 0.222582}}
{"target": -43.92278544599197, "params": {"C": 173.0032630935819, "epsilon": 0.4330387068868663, "gamma": 0.04742001985182671, "lamda": 0.8857532141787985}, "datetime": {"datetime": "2021-09-24 19:31:08", "elapsed": 1.136153, "delta": 0.287272}}
{"target": -42.01039445401173, "params": {"C": 176.08205775580313, "epsilon": 0.4381279703933394, "gamma": 0.009767327057181942, "lamda": 1.7366487534378692}, "datetime": {"datetime": "2021-09-24 19:31:08", "elapsed": 1.430691, "delta": 0.294538}}
{"target": -42.501576479343285, "params": {"C": 176.229040287375, "epsilon": 0.402304644326585, "gamma": 0.002794655230739543, "lamda": 1.6819156594218343}, "datetime": {"datetime": "2021-09-24 19:31:08", "elapsed": 1.72916, "delta": 0.298469}}
{"target": -45.193470499006324, "params": {"C": 175.7618926694542, "epsilon": 0.7489065457624633, "gamma": 0.0883168193854669, "lamda": 1.6178842345184727}, "datetime": {"datetime": "2021-09-24 19:31:09", "elapsed": 2.026327, "delta": 0.297167}}
{"target": -44.656182244591754, "params": {"C": 211.00006158382152, "epsilon": 0.9455996523395889, "gamma": 0.0712376929006033, "lamda": 1.7512529308403886}, "datetime": {"datetime": "2021-09-24 19:31:09", "elapsed": 2.360327, "delta": 0.334}}
{"target": -43.66200413768727, "params": {"C": 176.02324097407734, "epsilon": 0.3, "gamma": 0.001, "lamda": 1.6271795820813142}, "datetime": {"datetime": "2021-09-24 19:31:09", "elapsed": 2.775602, "delta": 0.415275}}
{"target": -43.66637341223566, "params": {"C": 226.42973138834697, "epsilon": 0.5860339801928263, "gamma": 0.052420025318685226, "lamda": 1.302175297010175}, "datetime": {"datetime": "2021-09-24 19:31:10", "elapsed": 3.092602, "delta": 0.317}}
{"target": -44.07822838169588, "params": {"C": 176.2167252869201, "epsilon": 0.5690740363383893, "gamma": 0.06351959143891585, "lamda": 1.8175694481055842}, "datetime": {"datetime": "2021-09-24 19:31:10", "elapsed": 3.41601, "delta": 0.323408}}
{"target": -43.907750017316815, "params": {"C": 176.08852082433094, "epsilon": 0.46750891955184637, "gamma": 0.05918638039136852, "lamda": 1.6951529600517419}, "datetime": {"datetime": "2021-09-24 19:31:10", "elapsed": 3.750004, "delta": 0.333994}}
{"target": -42.514977706349875, "params": {"C": 216.9640463280969, "epsilon": 0.4764846373132246, "gamma": 0.021053177435111353, "lamda": 2.032960871099206}, "datetime": {"datetime": "2021-09-24 19:31:11", "elapsed": 4.08419, "delta": 0.334186}}
{"target": -42.04090903629383, "params": {"C": 221.58790678631377, "epsilon": 0.4873443925503619, "gamma": 0.00996902858563482, "lamda": 1.6806506113134243}, "datetime": {"datetime": "2021-09-24 19:31:11", "elapsed": 4.448197, "delta": 0.364007}}
{"target": -43.73842172653285, "params": {"C": 173.45980927458402, "epsilon": 0.39121004782464747, "gamma": 0.054878813776854767, "lamda": 1.8616699917404358}, "datetime": {"datetime": "2021-09-24 19:31:11", "elapsed": 4.798444, "delta": 0.350247}}
{"target": -43.96983913371847, "params": {"C": 190.49238700719835, "epsilon": 0.33079326397723086, "gamma": 0.05945315477722209, "lamda": 1.7090748880299753}, "datetime": {"datetime": "2021-09-24 19:31:12", "elapsed": 5.097662, "delta": 0.299218}}
{"target": -44.15345741516341, "params": {"C": 197.89290681507993, "epsilon": 0.5986757681358206, "gamma": 0.06428896170535166, "lamda": 2.0392083901644606}, "datetime": {"datetime": "2021-09-24 19:31:12", "elapsed": 5.426487, "delta": 0.328825}}
{"target": -42.2977726219814, "params": {"C": 177.89828291322064, "epsilon": 0.6269256740950556, "gamma": 0.015362216645083429, "lamda": 1.5220923127195916}, "datetime": {"datetime": "2021-09-24 19:31:12", "elapsed": 5.745924, "delta": 0.319437}}
{"target": -43.70098129061664, "params": {"C": 212.7349716670028, "epsilon": 0.8848739276899573, "gamma": 0.05051771153703542, "lamda": 1.5403253433387696}, "datetime": {"datetime": "2021-09-24 19:31:13", "elapsed": 6.046337, "delta": 0.300413}}
{"target": -42.421845488390936, "params": {"C": 214.00497728128772, "epsilon": 0.4847315937070341, "gamma": 0.016441444925150844, "lamda": 0.9240572374819735}, "datetime": {"datetime": "2021-09-24 19:31:13", "elapsed": 6.35933, "delta": 0.312993}}
{"target": -45.97305854245304, "params": {"C": 156.38042134493975, "epsilon": 0.5704847072802339, "gamma": 0.09880686576204636, "lamda": 1.0047159841559843}, "datetime": {"datetime": "2021-09-24 19:31:13", "elapsed": 6.676296, "delta": 0.316966}}
{"target": -43.392159821933916, "params": {"C": 196.94114838663606, "epsilon": 0.9771113965685772, "gamma": 0.04526290024357037, "lamda": 0.9236640822982138}, "datetime": {"datetime": "2021-09-24 19:31:14", "elapsed": 7.079868, "delta": 0.403572}}
{"target": -46.12471068048533, "params": {"C": 203.13582666571665, "epsilon": 0.43774983392421485, "gamma": 0.09449940819995063, "lamda": 0.9776873217387743}, "datetime": {"datetime": "2021-09-24 19:31:14", "elapsed": 7.409736, "delta": 0.329868}}
{"target": -45.78122428972421, "params": {"C": 181.05311200736557, "epsilon": 0.5347360343084835, "gamma": 0.09968428145914938, "lamda": 1.3269470118844704}, "datetime": {"datetime": "2021-09-24 19:31:14", "elapsed": 7.761738, "delta": 0.352002}}
{"target": -41.92633358843921, "params": {"C": 159.0656933701262, "epsilon": 0.48356066891228994, "gamma": 0.007298078487599953, "lamda": 1.5218441852918676}, "datetime": {"datetime": "2021-09-24 19:31:15", "elapsed": 8.138985, "delta": 0.377247}}
{"target": -45.495716353151195, "params": {"C": 216.8015725535853, "epsilon": 0.9607749366496694, "gamma": 0.08989116642505197, "lamda": 1.7495516561340732}, "datetime": {"datetime": "2021-09-24 19:31:15", "elapsed": 8.532954, "delta": 0.393969}}
{"target": -44.12458501131255, "params": {"C": 220.97115093516246, "epsilon": 0.4457173398303806, "gamma": 0.06436024933277275, "lamda": 1.6151174042788177}, "datetime": {"datetime": "2021-09-24 19:31:15", "elapsed": 8.896951, "delta": 0.363997}}
{"target": -45.03354124837787, "params": {"C": 209.20859533230794, "epsilon": 0.8447197881586428, "gamma": 0.08383931230551202, "lamda": 1.5887690344604208}, "datetime": {"datetime": "2021-09-24 19:31:16", "elapsed": 9.247951, "delta": 0.351}}
{"target": -42.85749718172454, "params": {"C": 178.6253528746555, "epsilon": 0.6331927103476087, "gamma": 0.0015875296640146127, "lamda": 0.717234144804496}, "datetime": {"datetime": "2021-09-24 19:31:16", "elapsed": 9.617156, "delta": 0.369205}}
{"target": -44.696268274975374, "params": {"C": 155.2145394533342, "epsilon": 0.7335548015604771, "gamma": 0.0015851951784512086, "lamda": 1.512691790757108}, "datetime": {"datetime": "2021-09-24 19:31:16", "elapsed": 9.961161, "delta": 0.344005}}
{"target": -43.75139695866161, "params": {"C": 166.2256026659674, "epsilon": 0.46062361859237233, "gamma": 0.03527458643705465, "lamda": 0.7277806249548879}, "datetime": {"datetime": "2021-09-24 19:31:17", "elapsed": 10.391157, "delta": 0.429996}}
{"target": -44.81569737690259, "params": {"C": 217.81098545442657, "epsilon": 0.7558639262915041, "gamma": 0.08130680245871284, "lamda": 1.0550287208054752}, "datetime": {"datetime": "2021-09-24 19:31:17", "elapsed": 10.701927, "delta": 0.31077}}
{"target": -45.090225980699465, "params": {"C": 216.8953706653749, "epsilon": 0.45756999881800753, "gamma": 0.08786937691866796, "lamda": 2.028262428812633}, "datetime": {"datetime": "2021-09-24 19:31:18", "elapsed": 11.124582, "delta": 0.422655}}
{"target": -43.02743109546904, "params": {"C": 151.94620438098843, "epsilon": 0.7689353243481665, "gamma": 0.031039406968903352, "lamda": 2.0547937914393746}, "datetime": {"datetime": "2021-09-24 19:31:18", "elapsed": 11.473697, "delta": 0.349115}}
{"target": -42.420097357391484, "params": {"C": 166.17311940617938, "epsilon": 0.4520358121849377, "gamma": 0.0056489020815068776, "lamda": 0.742135017116271}, "datetime": {"datetime": "2021-09-24 19:31:18", "elapsed": 11.879417, "delta": 0.40572}}
{"target": -42.30699989156233, "params": {"C": 199.8611846287156, "epsilon": 0.49603022345362585, "gamma": 0.016786676492953803, "lamda": 1.7527760496934992}, "datetime": {"datetime": "2021-09-24 19:31:19", "elapsed": 12.290419, "delta": 0.411002}}
{"target": -44.864340847033326, "params": {"C": 214.07153488440548, "epsilon": 0.3464488808417596, "gamma": 0.08154960214715547, "lamda": 1.9575218268667196}, "datetime": {"datetime": "2021-09-24 19:31:19", "elapsed": 12.663621, "delta": 0.373202}}
{"target": -44.28640719055642, "params": {"C": 169.78011758866228, "epsilon": 0.9328372430497978, "gamma": 0.06814258760919162, "lamda": 0.833231534185034}, "datetime": {"datetime": "2021-09-24 19:31:20", "elapsed": 13.095953, "delta": 0.432332}}
{"target": -45.334541611363505, "params": {"C": 165.36805156602554, "epsilon": 0.8552304050654727, "gamma": 0.09271520159928501, "lamda": 1.024861697576827}, "datetime": {"datetime": "2021-09-24 19:31:20", "elapsed": 13.522922, "delta": 0.426969}}
{"target": -44.56425080669345, "params": {"C": 159.03115590961926, "epsilon": 0.4582780000102773, "gamma": 0.001, "lamda": 1.5061869082562451}, "datetime": {"datetime": "2021-09-24 19:31:20", "elapsed": 14.003488, "delta": 0.480566}}
{"target": -41.959407602949994, "params": {"C": 159.12910894567364, "epsilon": 0.5400319822706395, "gamma": 0.007778131664215548, "lamda": 1.5251276000668135}, "datetime": {"datetime": "2021-09-24 19:31:21", "elapsed": 14.470834, "delta": 0.467346}}
{"target": -44.5916719308002, "params": {"C": 209.3408481587801, "epsilon": 0.6774918245591345, "gamma": 0.07626761832829801, "lamda": 1.1701967722441644}, "datetime": {"datetime": "2021-09-24 19:31:21", "elapsed": 14.821057, "delta": 0.350223}}
{"target": -44.56078723244309, "params": {"C": 234.46723038081055, "epsilon": 0.8003948191864116, "gamma": 0.07623080184619944, "lamda": 1.0980995158405027}, "datetime": {"datetime": "2021-09-24 19:31:22", "elapsed": 15.250052, "delta": 0.428995}}
{"target": -43.236403042752215, "params": {"C": 221.58591616411826, "epsilon": 0.5141075632262911, "gamma": 0.04149411888392449, "lamda": 1.6298338354937236}, "datetime": {"datetime": "2021-09-24 19:31:22", "elapsed": 15.694376, "delta": 0.444324}}
{"target": -43.79537633563326, "params": {"C": 160.78399559363265, "epsilon": 0.4546315619616242, "gamma": 0.05504902275714166, "lamda": 1.4334170206961527}, "datetime": {"datetime": "2021-09-24 19:31:23", "elapsed": 16.088294, "delta": 0.393918}}
{"target": -44.76068932029721, "params": {"C": 167.04508668466542, "epsilon": 0.7436329305121805, "gamma": 0.08016395608114574, "lamda": 1.4800415785530818}, "datetime": {"datetime": "2021-09-24 19:31:23", "elapsed": 16.481897, "delta": 0.393603}}
{"target": -44.0938583492826, "params": {"C": 151.94556095359354, "epsilon": 0.7825193327219158, "gamma": 0.05820600102784142, "lamda": 2.0852420035493915}, "datetime": {"datetime": "2021-09-24 19:31:23", "elapsed": 16.854845, "delta": 0.372948}}
{"target": -43.484432606770646, "params": {"C": 221.5959047880639, "epsilon": 0.42903254392585355, "gamma": 0.048297773181605996, "lamda": 1.725125532749233}, "datetime": {"datetime": "2021-09-24 19:31:24", "elapsed": 17.356698, "delta": 0.501853}}
{"target": -42.08115352938715, "params": {"C": 199.8192756128549, "epsilon": 0.5722083169170256, "gamma": 0.008296822121241339, "lamda": 1.7485636419848463}, "datetime": {"datetime": "2021-09-24 19:31:24", "elapsed": 17.782689, "delta": 0.425991}}
{"target": -43.011163487749855, "params": {"C": 159.13698228026715, "epsilon": 0.6184978504216135, "gamma": 0.034160022634139635, "lamda": 1.5485019540686982}, "datetime": {"datetime": "2021-09-24 19:31:25", "elapsed": 18.231515, "delta": 0.448826}}
{"target": -42.344194341134276, "params": {"C": 176.26674953591134, "epsilon": 0.43895827623078326, "gamma": 0.0035372043530451057, "lamda": 1.6377818089440264}, "datetime": {"datetime": "2021-09-24 19:31:25", "elapsed": 18.607422, "delta": 0.375907}}
{"target": -44.09254012952153, "params": {"C": 216.94319376721262, "epsilon": 0.47783765539553713, "gamma": 0.06439181321823749, "lamda": 2.0029809895451764}, "datetime": {"datetime": "2021-09-24 19:31:25", "elapsed": 18.981935, "delta": 0.374513}}
{"target": -43.42569259167808, "params": {"C": 159.1275825071518, "epsilon": 0.5736039259594777, "gamma": 0.046668119944199574, "lamda": 1.4847767873236872}, "datetime": {"datetime": "2021-09-24 19:31:26", "elapsed": 19.440933, "delta": 0.458998}}
