{"target": 0.45946918614140697, "params": {"C": 240.71302863285982, "epsilon": 0.8662802729320689, "gamma": 0.012048564557385757, "lamda": 0.35514187569473776}, "datetime": {"datetime": "2021-09-23 20:29:51", "elapsed": 678.344675, "delta": 2.054514}}
{"target": 0.45924892640579307, "params": {"C": 211.37157827253262, "epsilon": 0.881270432414505, "gamma": 0.0032300845690638714, "lamda": 0.5888269150249685}, "datetime": {"datetime": "2021-09-23 20:29:55", "elapsed": 681.986541, "delta": 3.641866}}
{"target": 0.46509806394541153, "params": {"C": 246.8012495318692, "epsilon": 0.6409747930024892, "gamma": 0.007450981584115652, "lamda": 0.518940105733631}, "datetime": {"datetime": "2021-09-23 20:29:57", "elapsed": 684.175845, "delta": 2.189304}}
{"target": 0.4450620379884255, "params": {"C": 219.5417753427467, "epsilon": 0.8839427176923924, "gamma": 0.0014255141858545792, "lamda": 0.5811007876719305}, "datetime": {"datetime": "2021-09-23 20:30:01", "elapsed": 688.691798, "delta": 4.515953}}
{"target": 0.4576008798622063, "params": {"C": 240.5318612428657, "epsilon": 0.7272359945227196, "gamma": 0.0183633379340469, "lamda": 0.5959306611954607}, "datetime": {"datetime": "2021-09-23 20:30:05", "elapsed": 691.988735, "delta": 3.296937}}
{"target": 0.455201068120234, "params": {"C": 211.8255218487094, "epsilon": 0.9189225306073185, "gamma": 0.0199052090981212, "lamda": 0.5081180577676676}, "datetime": {"datetime": "2021-09-23 20:30:09", "elapsed": 695.821356, "delta": 3.832621}}
{"target": 0.4589204917931091, "params": {"C": 200.9526445990038, "epsilon": 0.8145083096668916, "gamma": 0.003386970574107075, "lamda": 0.5806858222330299}, "datetime": {"datetime": "2021-09-23 20:30:13", "elapsed": 699.866325, "delta": 4.044969}}
{"target": 0.4591605877725937, "params": {"C": 210.88212984073536, "epsilon": 0.9075287407929502, "gamma": 0.019247303214415822, "lamda": 0.5923981892850829}, "datetime": {"datetime": "2021-09-23 20:30:17", "elapsed": 704.396856, "delta": 4.530531}}
{"target": 0.4534965399936526, "params": {"C": 211.837184558858, "epsilon": 0.8604618650535265, "gamma": 0.002353790448240675, "lamda": 0.49804795726195816}, "datetime": {"datetime": "2021-09-23 20:30:21", "elapsed": 707.863863, "delta": 3.467007}}
{"target": 0.46218946878384015, "params": {"C": 231.36119845124196, "epsilon": 0.9833335159646048, "gamma": 0.017299905775197195, "lamda": 0.5435694023249893}, "datetime": {"datetime": "2021-09-23 20:30:24", "elapsed": 711.015994, "delta": 3.152131}}
{"target": 0.4491210054593715, "params": {"C": 200.22728604153656, "epsilon": 0.9018907252344773, "gamma": 0.015391091522257292, "lamda": 0.32512475322033046}, "datetime": {"datetime": "2021-09-23 20:30:26", "elapsed": 712.977414, "delta": 1.96142}}
{"target": 0.457694163114178, "params": {"C": 242.37119754016624, "epsilon": 0.9449700837974921, "gamma": 0.019414470397503943, "lamda": 0.495445674427683}, "datetime": {"datetime": "2021-09-23 20:30:29", "elapsed": 716.589148, "delta": 3.611734}}
{"target": 0.46097565735863943, "params": {"C": 231.98104040871448, "epsilon": 0.808588835947315, "gamma": 0.01221229610962725, "lamda": 0.4167772848852237}, "datetime": {"datetime": "2021-09-23 20:30:32", "elapsed": 718.848742, "delta": 2.259594}}
{"target": 0.45842984416133814, "params": {"C": 204.584040376388, "epsilon": 0.9714669171752888, "gamma": 0.0034926794671528228, "lamda": 0.4476966515187031}, "datetime": {"datetime": "2021-09-23 20:30:34", "elapsed": 721.263942, "delta": 2.4152}}
{"target": 0.4629095725068473, "params": {"C": 242.31488611667507, "epsilon": 0.9235225220506549, "gamma": 0.015730695003532583, "lamda": 0.506356123877975}, "datetime": {"datetime": "2021-09-23 20:30:37", "elapsed": 724.578137, "delta": 3.314195}}
{"target": 0.4613724069816909, "params": {"C": 234.26890850841917, "epsilon": 0.7222275018529918, "gamma": 0.015471849377734, "lamda": 0.5949775273241187}, "datetime": {"datetime": "2021-09-23 20:30:39", "elapsed": 726.559744, "delta": 1.981607}}
{"target": 0.4414496117735073, "params": {"C": 202.9629354286743, "epsilon": 0.5033711937206945, "gamma": 0.012435880661036548, "lamda": 0.2647776843296935}, "datetime": {"datetime": "2021-09-23 20:30:42", "elapsed": 728.905711, "delta": 2.345967}}
{"target": 0.4616478292446047, "params": {"C": 211.7035992416585, "epsilon": 0.8848791113756287, "gamma": 0.01587063089084456, "lamda": 0.542071622648547}, "datetime": {"datetime": "2021-09-23 20:30:45", "elapsed": 731.927708, "delta": 3.021997}}
{"target": 0.4599008689024353, "params": {"C": 243.14659201887346, "epsilon": 0.8936080725220172, "gamma": 0.003109891353443657, "lamda": 0.502228392545534}, "datetime": {"datetime": "2021-09-23 20:30:47", "elapsed": 734.068548, "delta": 2.14084}}
{"target": 0.45901956078929207, "params": {"C": 211.71635139332358, "epsilon": 0.9852777934004614, "gamma": 0.019954135429708003, "lamda": 0.5796524455575522}, "datetime": {"datetime": "2021-09-23 20:30:51", "elapsed": 737.868359, "delta": 3.799811}}
{"target": 0.4593624206801368, "params": {"C": 216.77379663949395, "epsilon": 0.7914984726276084, "gamma": 0.016693094237597867, "lamda": 0.5618986527392498}, "datetime": {"datetime": "2021-09-23 20:30:55", "elapsed": 741.79515, "delta": 3.926791}}
{"target": 0.4328854514227455, "params": {"C": 202.6097074959446, "epsilon": 0.6691505472614871, "gamma": 0.017870925705020062, "lamda": 0.27121051211807096}, "datetime": {"datetime": "2021-09-23 20:30:57", "elapsed": 744.218588, "delta": 2.423438}}
{"target": 0.43777384312795153, "params": {"C": 211.82141627943392, "epsilon": 0.9504065208928264, "gamma": 0.001, "lamda": 0.47551676236911883}, "datetime": {"datetime": "2021-09-23 20:31:03", "elapsed": 749.936478, "delta": 5.71789}}
{"target": 0.46226194641686447, "params": {"C": 211.6096194079105, "epsilon": 0.940735020848058, "gamma": 0.015760214133403345, "lamda": 0.5248859069158884}, "datetime": {"datetime": "2021-09-23 20:31:08", "elapsed": 754.96591, "delta": 5.029432}}
{"target": 0.43940712628817813, "params": {"C": 232.11263029044545, "epsilon": 0.5090876282002557, "gamma": 0.012795997411977286, "lamda": 0.2976539394178858}, "datetime": {"datetime": "2021-09-23 20:31:10", "elapsed": 757.320149, "delta": 2.354239}}
{"target": 0.46391432907960073, "params": {"C": 219.51490653158055, "epsilon": 0.9247836089020011, "gamma": 0.015918727100016957, "lamda": 0.5949623985167478}, "datetime": {"datetime": "2021-09-23 20:31:14", "elapsed": 760.91342, "delta": 3.593271}}
{"target": 0.46545225797575185, "params": {"C": 213.81761785624096, "epsilon": 0.8686205975295531, "gamma": 0.006940490985904099, "lamda": 0.46345760559461663}, "datetime": {"datetime": "2021-09-23 20:31:16", "elapsed": 763.146755, "delta": 2.233335}}
{"target": 0.4617539028632863, "params": {"C": 211.53247820511038, "epsilon": 0.915426235091459, "gamma": 0.016770650778950794, "lamda": 0.5631083104784324}, "datetime": {"datetime": "2021-09-23 20:31:20", "elapsed": 767.063461, "delta": 3.916706}}
{"target": 0.452397132809771, "params": {"C": 221.47006488243193, "epsilon": 0.5167465482655895, "gamma": 0.0070090092892243295, "lamda": 0.39639488253753496}, "datetime": {"datetime": "2021-09-23 20:31:22", "elapsed": 769.400664, "delta": 2.337203}}
{"target": 0.44884354980549535, "params": {"C": 234.51557743579414, "epsilon": 0.5442193742690762, "gamma": 0.002198090343687343, "lamda": 0.5018529137923964}, "datetime": {"datetime": "2021-09-23 20:31:24", "elapsed": 771.52688, "delta": 2.126216}}
{"target": 0.45933015936913746, "params": {"C": 211.7583212217206, "epsilon": 0.9458393967691079, "gamma": 0.016636633832493846, "lamda": 0.475802703471822}, "datetime": {"datetime": "2021-09-23 20:31:27", "elapsed": 774.281148, "delta": 2.754268}}
{"target": 0.4565785316465891, "params": {"C": 238.44200017677133, "epsilon": 0.5476005776385426, "gamma": 0.008342963125105605, "lamda": 0.42656462503120623}, "datetime": {"datetime": "2021-09-23 20:31:29", "elapsed": 776.441641, "delta": 2.160493}}
{"target": 0.45734427200528094, "params": {"C": 249.0390748043257, "epsilon": 0.718933484877823, "gamma": 0.002902235006395488, "lamda": 0.49807458201688365}, "datetime": {"datetime": "2021-09-23 20:31:33", "elapsed": 780.688421, "delta": 4.24678}}
{"target": 0.4686076133411461, "params": {"C": 210.79122179994962, "epsilon": 0.9552224482428393, "gamma": 0.008490437849721965, "lamda": 0.547896884000858}, "datetime": {"datetime": "2021-09-23 20:31:38", "elapsed": 784.872479, "delta": 4.184058}}
{"target": 0.44174918979851396, "params": {"C": 211.4798471791701, "epsilon": 0.9730370809356554, "gamma": 0.0013461076673283844, "lamda": 0.5753598883551126}, "datetime": {"datetime": "2021-09-23 20:31:42", "elapsed": 788.81745, "delta": 3.944971}}
{"target": 0.4551856591481417, "params": {"C": 221.41474159432295, "epsilon": 1.0, "gamma": 0.01725436085537472, "lamda": 0.37460198669240097}, "datetime": {"datetime": "2021-09-23 20:31:46", "elapsed": 793.075068, "delta": 4.257618}}
{"target": 0.463993213985478, "params": {"C": 231.37698004069753, "epsilon": 0.941632781915306, "gamma": 0.015347801044892077, "lamda": 0.5351085658038963}, "datetime": {"datetime": "2021-09-23 20:31:51", "elapsed": 798.70756, "delta": 5.632492}}
{"target": 0.44993331636318734, "params": {"C": 204.86602344224394, "epsilon": 0.9845208168256661, "gamma": 0.01711219140794474, "lamda": 0.3286425903820501}, "datetime": {"datetime": "2021-09-23 20:31:54", "elapsed": 801.121299, "delta": 2.413739}}
{"target": 0.4667117397886287, "params": {"C": 211.81587341495037, "epsilon": 0.9235843632912875, "gamma": 0.005853089825394211, "lamda": 0.5450212942704665}, "datetime": {"datetime": "2021-09-23 20:32:00", "elapsed": 806.936124, "delta": 5.814825}}
{"target": 0.46025024832054817, "params": {"C": 228.11981146161708, "epsilon": 0.5853627773374589, "gamma": 0.008171791141241547, "lamda": 0.4999249818291823}, "datetime": {"datetime": "2021-09-23 20:32:02", "elapsed": 809.311007, "delta": 2.374883}}
{"target": 0.46301267805581237, "params": {"C": 219.49920280555767, "epsilon": 0.944397872859187, "gamma": 0.0041293146397680105, "lamda": 0.5197557007643343}, "datetime": {"datetime": "2021-09-23 20:32:07", "elapsed": 814.137311, "delta": 4.826304}}
{"target": 0.459237981503978, "params": {"C": 231.7512949413056, "epsilon": 0.9230410180954958, "gamma": 0.010239071293976266, "lamda": 0.3191860640125689}, "datetime": {"datetime": "2021-09-23 20:32:09", "elapsed": 816.573941, "delta": 2.43663}}
{"target": 0.46764945927159374, "params": {"C": 210.803959015298, "epsilon": 0.968631516364473, "gamma": 0.011759913613623794, "lamda": 0.5621723822098712}, "datetime": {"datetime": "2021-09-23 20:32:13", "elapsed": 820.747554, "delta": 4.173613}}
{"target": 0.4564340557349561, "params": {"C": 211.80707335109335, "epsilon": 0.9120012523359224, "gamma": 0.019883581889694486, "lamda": 0.5380713555511081}, "datetime": {"datetime": "2021-09-23 20:32:18", "elapsed": 825.380691, "delta": 4.633137}}
{"target": 0.4673604269063374, "params": {"C": 219.54299936448558, "epsilon": 0.9901869381546877, "gamma": 0.006415966350012346, "lamda": 0.5626762969968523}, "datetime": {"datetime": "2021-09-23 20:32:24", "elapsed": 831.179571, "delta": 5.79888}}
{"target": 0.45361414668778144, "params": {"C": 204.75821030743384, "epsilon": 0.7270551515141961, "gamma": 0.018973281916499673, "lamda": 0.5624113069577831}, "datetime": {"datetime": "2021-09-23 20:32:27", "elapsed": 834.385263, "delta": 3.205692}}
{"target": 0.46743222345656554, "params": {"C": 210.62211184335212, "epsilon": 0.983341617870981, "gamma": 0.01144257064486635, "lamda": 0.5274037740323241}, "datetime": {"datetime": "2021-09-23 20:32:33", "elapsed": 839.993777, "delta": 5.608514}}
{"target": 0.46737761047717286, "params": {"C": 211.76433598060925, "epsilon": 0.9327358529526214, "gamma": 0.006360082290393396, "lamda": 0.5590404684514428}, "datetime": {"datetime": "2021-09-23 20:32:37", "elapsed": 844.364487, "delta": 4.37071}}
{"target": 0.45519674333952986, "params": {"C": 233.60430870601482, "epsilon": 0.5864797186164468, "gamma": 0.01578163635470251, "lamda": 0.5567945989528458}, "datetime": {"datetime": "2021-09-23 20:32:40", "elapsed": 847.681597, "delta": 3.31711}}
{"target": 0.46278203313560917, "params": {"C": 241.41477796363415, "epsilon": 0.5614468034552724, "gamma": 0.009400154490874002, "lamda": 0.5583022228007659}, "datetime": {"datetime": "2021-09-23 20:32:43", "elapsed": 850.622731, "delta": 2.941134}}
{"target": 0.45631339255893244, "params": {"C": 232.2694692167345, "epsilon": 0.666159094935211, "gamma": 0.003204534519314003, "lamda": 0.5056694143454621}, "datetime": {"datetime": "2021-09-23 20:32:46", "elapsed": 853.566931, "delta": 2.9442}}
{"target": 0.44975919899786265, "params": {"C": 236.6281870203389, "epsilon": 0.9958873098380565, "gamma": 0.011855891115872794, "lamda": 0.21942637288256872}, "datetime": {"datetime": "2021-09-23 20:32:49", "elapsed": 856.131476, "delta": 2.564545}}
{"target": 0.4479902129762855, "params": {"C": 237.72951704455215, "epsilon": 0.7748364580356227, "gamma": 0.013427485408397794, "lamda": 0.2959535266555041}, "datetime": {"datetime": "2021-09-23 20:32:52", "elapsed": 858.873954, "delta": 2.742478}}
{"target": 0.45198182075637905, "params": {"C": 240.18019165369395, "epsilon": 0.6965850920686364, "gamma": 0.01885557250121771, "lamda": 0.5065536363048468}, "datetime": {"datetime": "2021-09-23 20:32:54", "elapsed": 861.685223, "delta": 2.811269}}
{"target": 0.4624516879611691, "params": {"C": 231.34757098904942, "epsilon": 0.9622651063232348, "gamma": 0.015289795550082589, "lamda": 0.4727098300132544}, "datetime": {"datetime": "2021-09-23 20:33:02", "elapsed": 869.138979, "delta": 7.453756}}
{"target": 0.4604020559016465, "params": {"C": 211.79815661192475, "epsilon": 0.942208495750303, "gamma": 0.017972770861562303, "lamda": 0.5537118308523785}, "datetime": {"datetime": "2021-09-23 20:33:06", "elapsed": 872.947801, "delta": 3.808822}}
{"target": 0.4592966236130299, "params": {"C": 223.33543771943846, "epsilon": 0.7876198498548078, "gamma": 0.016476792342918656, "lamda": 0.5449053529706642}, "datetime": {"datetime": "2021-09-23 20:33:08", "elapsed": 875.728159, "delta": 2.780358}}
{"target": 0.443475639327088, "params": {"C": 241.14552007720627, "epsilon": 0.7223695768010288, "gamma": 0.017494068756328623, "lamda": 0.3447452960941374}, "datetime": {"datetime": "2021-09-23 20:33:11", "elapsed": 878.022804, "delta": 2.294645}}
{"target": 0.4674352318370276, "params": {"C": 210.81612843575883, "epsilon": 0.7961534541758692, "gamma": 0.008808949946107047, "lamda": 0.5690090512730894}, "datetime": {"datetime": "2021-09-23 20:33:19", "elapsed": 886.304203, "delta": 8.281399}}
{"target": 0.45245169464719215, "params": {"C": 245.42609658274674, "epsilon": 0.7883569961229678, "gamma": 0.002987138299249044, "lamda": 0.33422430244934304}, "datetime": {"datetime": "2021-09-23 20:33:23", "elapsed": 889.90258, "delta": 3.598377}}
{"target": 0.46866545863952347, "params": {"C": 231.22073998440447, "epsilon": 0.9216211199731452, "gamma": 0.00810794224835708, "lamda": 0.5112045246641421}, "datetime": {"datetime": "2021-09-23 20:33:26", "elapsed": 892.896996, "delta": 2.994416}}
{"target": 0.45161845929582856, "params": {"C": 217.1256695945833, "epsilon": 0.557300777107302, "gamma": 0.006967707301241698, "lamda": 0.3527655848307508}, "datetime": {"datetime": "2021-09-23 20:33:29", "elapsed": 896.762786, "delta": 3.86579}}
{"target": 0.4612087477681118, "params": {"C": 210.69481455820315, "epsilon": 0.8816477266716752, "gamma": 0.01749972203027931, "lamda": 0.5987960005499311}, "datetime": {"datetime": "2021-09-23 20:33:35", "elapsed": 901.852209, "delta": 5.089423}}
{"target": 0.46643237543474947, "params": {"C": 237.2485402973584, "epsilon": 0.6422220110734651, "gamma": 0.008883171658317604, "lamda": 0.5918427053477195}, "datetime": {"datetime": "2021-09-23 20:33:38", "elapsed": 905.120627, "delta": 3.268418}}
{"target": 0.46836321833574657, "params": {"C": 213.08066956895155, "epsilon": 0.8600486194384096, "gamma": 0.007540445146808405, "lamda": 0.5953717449573834}, "datetime": {"datetime": "2021-09-23 20:33:43", "elapsed": 909.802826, "delta": 4.682199}}
{"target": 0.4676522928914244, "params": {"C": 211.79681113912523, "epsilon": 0.8868131863594348, "gamma": 0.006621362462366754, "lamda": 0.567960613609114}, "datetime": {"datetime": "2021-09-23 20:33:46", "elapsed": 913.761575, "delta": 3.958749}}
{"target": 0.45056163916735825, "params": {"C": 216.7673090374977, "epsilon": 0.7650956812262536, "gamma": 0.0018916926633184995, "lamda": 0.5423314886808694}, "datetime": {"datetime": "2021-09-23 20:33:52", "elapsed": 919.574533, "delta": 5.812958}}
{"target": 0.46386728724767345, "params": {"C": 211.80129956357212, "epsilon": 0.998075158025488, "gamma": 0.004492108855149509, "lamda": 0.4947356417863555}, "datetime": {"datetime": "2021-09-23 20:33:58", "elapsed": 925.282898, "delta": 5.708365}}
{"target": 0.46737637328917025, "params": {"C": 202.92022026734125, "epsilon": 0.9358897681464183, "gamma": 0.006754014781075659, "lamda": 0.531474922823246}, "datetime": {"datetime": "2021-09-23 20:34:01", "elapsed": 928.565475, "delta": 3.282577}}
{"target": 0.4660977001631551, "params": {"C": 211.49962973867505, "epsilon": 0.9537184970878159, "gamma": 0.012553873816029442, "lamda": 0.5241700917359766}, "datetime": {"datetime": "2021-09-23 20:34:06", "elapsed": 933.306312, "delta": 4.740837}}
{"target": 0.4430324466226696, "params": {"C": 218.08846481826095, "epsilon": 0.6718100715777946, "gamma": 0.01671633030312675, "lamda": 0.3708160788051677}, "datetime": {"datetime": "2021-09-23 20:34:10", "elapsed": 937.380835, "delta": 4.074523}}
{"target": 0.4685892350717412, "params": {"C": 244.9990565191219, "epsilon": 0.8887259520234857, "gamma": 0.008660122487561865, "lamda": 0.4921650306554793}, "datetime": {"datetime": "2021-09-23 20:34:13", "elapsed": 940.586476, "delta": 3.205641}}
{"target": 0.4684946738470581, "params": {"C": 324.84527075934204, "epsilon": 0.7062255848078204, "gamma": 0.011336482349262753, "lamda": 0.7246411647615836}, "datetime": {"datetime": "2021-09-23 20:48:46", "elapsed": 0.0, "delta": 0.0}}
{"target": 0.46818916633160423, "params": {"C": 294.83577135328494, "epsilon": 0.7674389936592543, "gamma": 0.00698062864759624, "lamda": 0.7281592136596877}, "datetime": {"datetime": "2021-09-23 20:48:46", "elapsed": 0.215581, "delta": 0.215581}}
{"target": 0.4681575073988645, "params": {"C": 258.6021920218789, "epsilon": 0.726501944252203, "gamma": 0.011853598183677972, "lamda": 0.786018003858481}, "datetime": {"datetime": "2021-09-23 20:48:46", "elapsed": 0.429562, "delta": 0.213981}}
{"target": 0.4671730315500673, "params": {"C": 240.43430929607058, "epsilon": 0.853657679015733, "gamma": 0.013126209616521133, "lamda": 0.6837578200488165}, "datetime": {"datetime": "2021-09-23 20:48:47", "elapsed": 0.671827, "delta": 0.242265}}
{"target": 0.4661835003274776, "params": {"C": 319.39308491749796, "epsilon": 0.78756282045119, "gamma": 0.014177741225129433, "lamda": 0.7143727350193072}, "datetime": {"datetime": "2021-09-23 20:48:47", "elapsed": 0.896825, "delta": 0.224998}}
{"target": 0.4682506157044908, "params": {"C": 265.3035894029401, "epsilon": 0.7570165886657998, "gamma": 0.009688890894123909, "lamda": 0.5398042601811711}, "datetime": {"datetime": "2021-09-23 20:48:47", "elapsed": 1.260827, "delta": 0.364002}}
{"target": 0.4667831129940523, "params": {"C": 268.69026353138344, "epsilon": 0.7591977015971454, "gamma": 0.00588558859163454, "lamda": 0.7221390185938291}, "datetime": {"datetime": "2021-09-23 20:48:48", "elapsed": 1.553829, "delta": 0.293002}}
{"target": 0.46484629295057467, "params": {"C": 324.7856313661301, "epsilon": 0.8007894949367771, "gamma": 0.014583773666848772, "lamda": 0.5521260503531651}, "datetime": {"datetime": "2021-09-23 20:48:48", "elapsed": 1.903831, "delta": 0.350002}}
{"target": 0.46771723783802, "params": {"C": 242.24906094597372, "epsilon": 0.7192299702517261, "gamma": 0.010825571737936463, "lamda": 0.6257761738145338}, "datetime": {"datetime": "2021-09-23 20:48:48", "elapsed": 2.240831, "delta": 0.337}}
{"target": 0.46769610056608923, "params": {"C": 307.1000677422037, "epsilon": 0.9766855652883952, "gamma": 0.012094716454606393, "lamda": 0.7252684851800832}, "datetime": {"datetime": "2021-09-23 20:48:49", "elapsed": 2.560829, "delta": 0.319998}}
{"target": 0.4673705672412475, "params": {"C": 330.78294357845255, "epsilon": 0.8598938456423705, "gamma": 0.007311750606781705, "lamda": 0.7909880431628717}, "datetime": {"datetime": "2021-09-23 20:48:49", "elapsed": 2.98483, "delta": 0.424001}}
{"target": 0.46907496629545764, "params": {"C": 324.07270452718166, "epsilon": 0.8225859915112113, "gamma": 0.010193941951382346, "lamda": 0.6290375636450375}, "datetime": {"datetime": "2021-09-23 20:48:49", "elapsed": 3.337832, "delta": 0.353002}}
{"target": 0.4684912116645835, "params": {"C": 244.50603858165533, "epsilon": 0.7679502324279366, "gamma": 0.008256467673102997, "lamda": 0.5564995086515991}, "datetime": {"datetime": "2021-09-23 20:48:50", "elapsed": 3.763561, "delta": 0.425729}}
{"target": 0.46934545143994555, "params": {"C": 323.05241077927934, "epsilon": 0.829012730854596, "gamma": 0.009419816525076397, "lamda": 0.6019908018012083}, "datetime": {"datetime": "2021-09-23 20:48:50", "elapsed": 4.08928, "delta": 0.325719}}
{"target": 0.4677770170378155, "params": {"C": 313.6604509609066, "epsilon": 0.7756362731342391, "gamma": 0.007025573478294076, "lamda": 0.7856344723784013}, "datetime": {"datetime": "2021-09-23 20:48:50", "elapsed": 4.390114, "delta": 0.300834}}
{"target": 0.4667556336191391, "params": {"C": 318.7466974649451, "epsilon": 0.7802904539501551, "gamma": 0.0059059624833974565, "lamda": 0.7101394167100195}, "datetime": {"datetime": "2021-09-23 20:48:51", "elapsed": 4.719121, "delta": 0.329007}}
