{"target": 0.42662026665327235, "params": {"C": 18.873895622974832, "epsilon": 0.7, "gamma": 0.03, "lamda": 1.1}, "datetime": {"datetime": "2021-09-23 18:45:34", "elapsed": 28.82762, "delta": 0.709232}}
{"target": 0.4056603653197648, "params": {"C": 16.315926334287127, "epsilon": 0.7, "gamma": 0.005, "lamda": 1.1}, "datetime": {"datetime": "2021-09-23 18:45:35", "elapsed": 29.6252, "delta": 0.79758}}
{"target": 0.43175120055302174, "params": {"C": 17.87430373786668, "epsilon": 0.9766215507630901, "gamma": 0.015614595245431576, "lamda": 1.0866523184571375}, "datetime": {"datetime": "2021-09-23 18:45:36", "elapsed": 30.526641, "delta": 0.901441}}
{"target": 0.4255955424322583, "params": {"C": 17.53638259485565, "epsilon": 0.7083801435523691, "gamma": 0.01655662229743133, "lamda": 0.480330713415417}, "datetime": {"datetime": "2021-09-23 18:45:37", "elapsed": 31.340259, "delta": 0.813618}}
{"target": 0.43800873959539954, "params": {"C": 27.739138085146635, "epsilon": 0.744934385177345, "gamma": 0.019004088016845826, "lamda": 1.0977022500165698}, "datetime": {"datetime": "2021-09-23 18:45:38", "elapsed": 31.985037, "delta": 0.644778}}
{"target": 0.4155806568870558, "params": {"C": 11.672546540796878, "epsilon": 0.7, "gamma": 0.03, "lamda": 1.1}, "datetime": {"datetime": "2021-09-23 18:45:38", "elapsed": 32.736933, "delta": 0.751896}}
{"target": 0.4322900195210848, "params": {"C": 30.0, "epsilon": 1.0, "gamma": 0.03, "lamda": 1.1}, "datetime": {"datetime": "2021-09-23 18:45:39", "elapsed": 33.442895, "delta": 0.705962}}
{"target": 0.420823622140547, "params": {"C": 15.072349461139336, "epsilon": 1.0, "gamma": 0.03, "lamda": 0.45}, "datetime": {"datetime": "2021-09-23 18:45:40", "elapsed": 34.160487, "delta": 0.717592}}
{"target": 0.4226159176945318, "params": {"C": 24.4856681058267, "epsilon": 1.0, "gamma": 0.005, "lamda": 1.1}, "datetime": {"datetime": "2021-09-23 18:45:40", "elapsed": 34.790655, "delta": 0.630168}}
{"target": 0.4326855610179652, "params": {"C": 27.561829367318584, "epsilon": 0.9957525111803431, "gamma": 0.0251364171807251, "lamda": 0.4696523327305945}, "datetime": {"datetime": "2021-09-23 18:45:41", "elapsed": 35.574269, "delta": 0.783614}}
{"target": 0.4161486908874308, "params": {"C": 23.71194478291924, "epsilon": 0.7209641797559551, "gamma": 0.005255205146705786, "lamda": 0.4661430656675647}, "datetime": {"datetime": "2021-09-23 18:45:42", "elapsed": 36.388547, "delta": 0.814278}}
{"target": 0.41135840048321726, "params": {"C": 19.747064749016563, "epsilon": 1.0, "gamma": 0.005, "lamda": 0.45}, "datetime": {"datetime": "2021-09-23 18:45:43", "elapsed": 37.192749, "delta": 0.804202}}
{"target": 0.42943495866983505, "params": {"C": 21.506798919703744, "epsilon": 0.9387568470563621, "gamma": 0.023643000605529995, "lamda": 0.46138164665651415}, "datetime": {"datetime": "2021-09-23 18:45:44", "elapsed": 38.083873, "delta": 0.891124}}
{"target": 0.425808621028962, "params": {"C": 22.329086853139238, "epsilon": 0.7064223939147526, "gamma": 0.009477581847307705, "lamda": 0.4500526351075181}, "datetime": {"datetime": "2021-09-23 18:45:45", "elapsed": 39.013863, "delta": 0.92999}}
{"target": 0.41308540973801844, "params": {"C": 19.447139000109402, "epsilon": 1.0, "gamma": 0.005, "lamda": 1.1}, "datetime": {"datetime": "2021-09-23 18:45:45", "elapsed": 39.860003, "delta": 0.84614}}
{"target": 0.4115330030356362, "params": {"C": 17.96733348227479, "epsilon": 0.7081975513952711, "gamma": 0.005447754282011404, "lamda": 1.0891747555781488}, "datetime": {"datetime": "2021-09-23 18:45:46", "elapsed": 40.66278, "delta": 0.802777}}
{"target": 0.4233019723584892, "params": {"C": 17.252544276095055, "epsilon": 0.9991942363650415, "gamma": 0.011385412201501006, "lamda": 0.5404251203417136}, "datetime": {"datetime": "2021-09-23 18:45:47", "elapsed": 41.32797, "delta": 0.66519}}
{"target": 0.4327980978647279, "params": {"C": 25.55622107213849, "epsilon": 0.7257115536067581, "gamma": 0.010228625394129135, "lamda": 0.5809438034616914}, "datetime": {"datetime": "2021-09-23 18:45:48", "elapsed": 42.203932, "delta": 0.875962}}
{"target": 0.3580244474653451, "params": {"C": 6.927782371460124, "epsilon": 0.7, "gamma": 0.005, "lamda": 1.1}, "datetime": {"datetime": "2021-09-23 18:45:49", "elapsed": 43.023872, "delta": 0.81994}}
{"target": 0.4190512014959825, "params": {"C": 13.563835031617986, "epsilon": 0.7, "gamma": 0.03, "lamda": 0.45}, "datetime": {"datetime": "2021-09-23 18:45:49", "elapsed": 43.846758, "delta": 0.822886}}
{"target": 0.40595566320412757, "params": {"C": 7.849528715608098, "epsilon": 0.972167284426753, "gamma": 0.014731930663983116, "lamda": 0.46288817960860845}, "datetime": {"datetime": "2021-09-23 18:45:50", "elapsed": 44.853409, "delta": 1.006651}}
{"target": 0.423156685561232, "params": {"C": 27.77205758583543, "epsilon": 0.7, "gamma": 0.005, "lamda": 0.6749606291141388}, "datetime": {"datetime": "2021-09-23 18:45:51", "elapsed": 45.619042, "delta": 0.765633}}
{"target": 0.4322911393616836, "params": {"C": 28.697278387923003, "epsilon": 0.999513547008321, "gamma": 0.0278043025419189, "lamda": 0.475527231386183}, "datetime": {"datetime": "2021-09-23 18:45:52", "elapsed": 46.335664, "delta": 0.716622}}
{"target": 0.4379003609921931, "params": {"C": 27.5639398840526, "epsilon": 0.9956221856880081, "gamma": 0.00938622828524732, "lamda": 1.0877276191108267}, "datetime": {"datetime": "2021-09-23 18:45:53", "elapsed": 47.260617, "delta": 0.924953}}
{"target": 0.4259837199155765, "params": {"C": 17.411946589717562, "epsilon": 1.0, "gamma": 0.03, "lamda": 1.1}, "datetime": {"datetime": "2021-09-23 18:45:53", "elapsed": 47.891562, "delta": 0.630945}}
{"target": 0.4369369257113911, "params": {"C": 28.48269198459863, "epsilon": 0.9966188126532536, "gamma": 0.021537420544284678, "lamda": 1.0842514362545104}, "datetime": {"datetime": "2021-09-23 18:45:54", "elapsed": 48.687715, "delta": 0.796153}}
{"target": 0.4271315266805049, "params": {"C": 18.526033020612026, "epsilon": 1.0, "gamma": 0.03, "lamda": 1.1}, "datetime": {"datetime": "2021-09-23 18:45:55", "elapsed": 49.425745, "delta": 0.73803}}
{"target": 0.4261770525092836, "params": {"C": 24.645046196881438, "epsilon": 0.7, "gamma": 0.03, "lamda": 0.45}, "datetime": {"datetime": "2021-09-23 18:45:56", "elapsed": 50.238523, "delta": 0.812778}}
{"target": 0.4223537225838525, "params": {"C": 16.828312883055638, "epsilon": 0.7, "gamma": 0.03, "lamda": 0.45}, "datetime": {"datetime": "2021-09-23 18:45:56", "elapsed": 50.888673, "delta": 0.65015}}
{"target": 0.4146086453453185, "params": {"C": 20.68592952545147, "epsilon": 0.7, "gamma": 0.005, "lamda": 1.1}, "datetime": {"datetime": "2021-09-23 18:45:57", "elapsed": 51.55375, "delta": 0.665077}}
{"target": 0.435056154936849, "params": {"C": 21.50530463538484, "epsilon": 0.968348371064506, "gamma": 0.014951424549400388, "lamda": 1.0744792652628055}, "datetime": {"datetime": "2021-09-23 18:45:58", "elapsed": 52.371622, "delta": 0.817872}}
{"target": 0.4199008670556761, "params": {"C": 14.622006233641827, "epsilon": 0.7, "gamma": 0.03, "lamda": 0.45}, "datetime": {"datetime": "2021-09-23 18:45:59", "elapsed": 53.213622, "delta": 0.842}}
{"target": 0.43239455099762814, "params": {"C": 28.7760291061721, "epsilon": 0.7, "gamma": 0.03, "lamda": 1.1}, "datetime": {"datetime": "2021-09-23 18:46:00", "elapsed": 53.950588, "delta": 0.736966}}
{"target": 0.43101395419501787, "params": {"C": 25.976329358651164, "epsilon": 0.9955458304255733, "gamma": 0.02659343016326253, "lamda": 0.4638913740166201}, "datetime": {"datetime": "2021-09-23 18:46:00", "elapsed": 54.819444, "delta": 0.868856}}
{"target": 0.41762071253739574, "params": {"C": 12.484649792792183, "epsilon": 0.7, "gamma": 0.03, "lamda": 1.1}, "datetime": {"datetime": "2021-09-23 18:46:01", "elapsed": 55.568437, "delta": 0.748993}}
{"target": 0.43353510165184517, "params": {"C": 26.217007524578, "epsilon": 0.9541427920154243, "gamma": 0.0270644979353436, "lamda": 1.0875918718895183}, "datetime": {"datetime": "2021-09-23 18:46:02", "elapsed": 56.269749, "delta": 0.701312}}
{"target": 0.4229323506853171, "params": {"C": 28.118380438915977, "epsilon": 1.0, "gamma": 0.005, "lamda": 0.45}, "datetime": {"datetime": "2021-09-23 18:46:03", "elapsed": 57.088789, "delta": 0.81904}}
{"target": 0.4367531787313874, "params": {"C": 26.92457195137996, "epsilon": 0.993377088815476, "gamma": 0.014350421073726145, "lamda": 0.4553086817110515}, "datetime": {"datetime": "2021-09-23 18:46:04", "elapsed": 58.010588, "delta": 0.921799}}
{"target": 0.43336643315676293, "params": {"C": 21.06866662172646, "epsilon": 0.9972860284916674, "gamma": 0.017750369738459563, "lamda": 0.664424898730489}, "datetime": {"datetime": "2021-09-23 18:46:04", "elapsed": 58.677669, "delta": 0.667081}}
{"target": 0.44031990005460564, "params": {"C": 29.573273532213992, "epsilon": 0.9634775777461828, "gamma": 0.01183454966765085, "lamda": 0.9742255823927966}, "datetime": {"datetime": "2021-09-23 18:46:05", "elapsed": 59.444674, "delta": 0.767005}}
{"target": 0.4341429315018388, "params": {"C": 29.560528935029062, "epsilon": 0.9905278018094414, "gamma": 0.006563189894097669, "lamda": 0.6367342426640319}, "datetime": {"datetime": "2021-09-23 18:46:06", "elapsed": 60.386525, "delta": 0.941851}}
{"target": 0.43949653059630056, "params": {"C": 29.49207664425424, "epsilon": 0.7230956785197665, "gamma": 0.010826723796960895, "lamda": 1.0807181409725237}, "datetime": {"datetime": "2021-09-23 18:46:07", "elapsed": 61.061368, "delta": 0.674843}}
{"target": 0.42662545318903944, "params": {"C": 21.442466867289266, "epsilon": 0.7, "gamma": 0.03, "lamda": 0.7183205701552869}, "datetime": {"datetime": "2021-09-23 18:46:07", "elapsed": 61.900891, "delta": 0.839523}}
{"target": 0.4312278058167983, "params": {"C": 22.301595962098155, "epsilon": 0.7596922279277676, "gamma": 0.026985499558606425, "lamda": 1.0819371823345028}, "datetime": {"datetime": "2021-09-23 18:46:08", "elapsed": 62.708753, "delta": 0.807862}}
{"target": 0.42771657082840675, "params": {"C": 27.17266323444454, "epsilon": 0.7, "gamma": 0.03, "lamda": 0.45}, "datetime": {"datetime": "2021-09-23 18:46:09", "elapsed": 63.461753, "delta": 0.753}}
{"target": 0.43099357788337544, "params": {"C": 25.625866534299153, "epsilon": 1.0, "gamma": 0.03, "lamda": 0.7870953673721515}, "datetime": {"datetime": "2021-09-23 18:46:10", "elapsed": 64.242323, "delta": 0.78057}}
{"target": 0.43218316448068983, "params": {"C": 29.47962095687024, "epsilon": 1.0, "gamma": 0.03, "lamda": 1.1}, "datetime": {"datetime": "2021-09-23 18:46:11", "elapsed": 65.066553, "delta": 0.82423}}
{"target": 0.43917353228156897, "params": {"C": 29.624353115649978, "epsilon": 0.7028680715965153, "gamma": 0.012947676497521696, "lamda": 0.8268429696445921}, "datetime": {"datetime": "2021-09-23 18:46:11", "elapsed": 65.812064, "delta": 0.745511}}
{"target": 0.43992298064391844, "params": {"C": 29.797054651411468, "epsilon": 0.9424543201361265, "gamma": 0.015158073411362768, "lamda": 0.8634029950753601}, "datetime": {"datetime": "2021-09-23 18:46:12", "elapsed": 66.652903, "delta": 0.840839}}
{"target": 0.4315916428999049, "params": {"C": 27.24200567115994, "epsilon": 1.0, "gamma": 0.03, "lamda": 0.6910101575850487}, "datetime": {"datetime": "2021-09-23 18:46:13", "elapsed": 67.327907, "delta": 0.675004}}
{"target": 0.42726407194648297, "params": {"C": 29.228392517727524, "epsilon": 0.7, "gamma": 0.005, "lamda": 0.8933616102528217}, "datetime": {"datetime": "2021-09-23 18:46:14", "elapsed": 68.077905, "delta": 0.749998}}
{"target": 0.41100811943299265, "params": {"C": 9.78495402951963, "epsilon": 1.0, "gamma": 0.03, "lamda": 1.1}, "datetime": {"datetime": "2021-09-23 18:46:14", "elapsed": 68.761907, "delta": 0.684002}}
{"target": 0.40821796422498424, "params": {"C": 8.646716108709928, "epsilon": 1.0, "gamma": 0.03, "lamda": 1.1}, "datetime": {"datetime": "2021-09-23 18:46:15", "elapsed": 69.520906, "delta": 0.758999}}
{"target": 0.4367358502007258, "params": {"C": 27.871838010931835, "epsilon": 0.9775781507101533, "gamma": 0.0215154621634089, "lamda": 1.0931914749354734}, "datetime": {"datetime": "2021-09-23 18:46:16", "elapsed": 70.450902, "delta": 0.929996}}
{"target": 0.4142231002701856, "params": {"C": 10.744804237781432, "epsilon": 0.721588898830789, "gamma": 0.02860536792691639, "lamda": 1.0969850041669804}, "datetime": {"datetime": "2021-09-23 18:46:17", "elapsed": 71.2669, "delta": 0.815998}}
{"target": 0.4318926599533546, "params": {"C": 27.324485327088514, "epsilon": 0.7, "gamma": 0.03, "lamda": 1.1}, "datetime": {"datetime": "2021-09-23 18:46:18", "elapsed": 72.212898, "delta": 0.945998}}
{"target": 0.42926569299398154, "params": {"C": 28.472115091044195, "epsilon": 0.8231704475997592, "gamma": 0.005524404573850634, "lamda": 0.8122337070146689}, "datetime": {"datetime": "2021-09-23 18:46:19", "elapsed": 73.133905, "delta": 0.921007}}
{"target": 0.42313105663076134, "params": {"C": 25.387450759538133, "epsilon": 0.7, "gamma": 0.005, "lamda": 1.1}, "datetime": {"datetime": "2021-09-23 18:46:20", "elapsed": 73.940905, "delta": 0.807}}
{"target": 0.4356844176977974, "params": {"C": 25.963973540284936, "epsilon": 0.7276491453631965, "gamma": 0.02163695567385968, "lamda": 1.0556014286417221}, "datetime": {"datetime": "2021-09-23 18:46:20", "elapsed": 74.678897, "delta": 0.737992}}
{"target": 0.35199751647537014, "params": {"C": 3.0230332775664994, "epsilon": 0.7, "gamma": 0.03, "lamda": 1.1}, "datetime": {"datetime": "2021-09-23 18:46:21", "elapsed": 75.443905, "delta": 0.765008}}
{"target": 0.42502853018252273, "params": {"C": 20.433345162897922, "epsilon": 1.0, "gamma": 0.03, "lamda": 0.45}, "datetime": {"datetime": "2021-09-23 18:46:22", "elapsed": 76.282907, "delta": 0.839002}}
{"target": 0.3913799032743399, "params": {"C": 11.58125130940411, "epsilon": 0.7, "gamma": 0.005, "lamda": 0.45}, "datetime": {"datetime": "2021-09-23 18:46:23", "elapsed": 77.19394, "delta": 0.911033}}
{"target": 0.41751190459102816, "params": {"C": 22.247256121227984, "epsilon": 1.0, "gamma": 0.005, "lamda": 0.7608138431433469}, "datetime": {"datetime": "2021-09-23 18:46:24", "elapsed": 77.951902, "delta": 0.757962}}
{"target": 0.45914658152542565, "params": {"C": 238.5660321633373, "epsilon": 0.7062255848078204, "gamma": 0.020841205873156885, "lamda": 0.9367225236500978}, "datetime": {"datetime": "2021-09-23 18:49:35", "elapsed": 0.0, "delta": 0.0}}
{"target": 0.46825309649928915, "params": {"C": 224.92535061512953, "epsilon": 0.7674389936592543, "gamma": 0.0099515716189906, "lamda": 0.9443449629293232}, "datetime": {"datetime": "2021-09-23 18:49:35", "elapsed": 0.310071, "delta": 0.310071}}
{"target": 0.45836438819369996, "params": {"C": 208.45554182812677, "epsilon": 0.726501944252203, "gamma": 0.022133995459194932, "lamda": 1.0697056750267089}, "datetime": {"datetime": "2021-09-23 18:49:35", "elapsed": 0.616072, "delta": 0.306001}}
{"target": 0.45390772590286554, "params": {"C": 200.1974133163957, "epsilon": 0.853657679015733, "gamma": 0.02531552404130284, "lamda": 0.8481419434391024}, "datetime": {"datetime": "2021-09-23 18:49:36", "elapsed": 1.188071, "delta": 0.571999}}
{"target": 0.4504191957944591, "params": {"C": 236.08776587158997, "epsilon": 0.78756282045119, "gamma": 0.027944353062823585, "lamda": 0.9144742592084989}, "datetime": {"datetime": "2021-09-23 18:49:36", "elapsed": 1.646073, "delta": 0.458002}}
{"target": 0.45728388186360525, "params": {"C": 211.50163154679095, "epsilon": 0.7570165886657998, "gamma": 0.01672222723530977, "lamda": 0.5362425637258708}, "datetime": {"datetime": "2021-09-23 18:49:37", "elapsed": 2.072128, "delta": 0.426055}}
{"target": 0.4669959203428139, "params": {"C": 213.04102887790157, "epsilon": 0.7591977015971454, "gamma": 0.007213971479086349, "lamda": 0.9313012069532964}, "datetime": {"datetime": "2021-09-23 18:49:37", "elapsed": 2.397127, "delta": 0.324999}}
{"target": 0.46833085904029703, "params": {"C": 217.3328643630185, "epsilon": 0.7583773443794861, "gamma": 0.008891080974602075, "lamda": 0.6298880550332487}, "datetime": {"datetime": "2021-09-23 18:49:37", "elapsed": 2.846131, "delta": 0.449004}}
{"target": 0.45758453737319105, "params": {"C": 201.02230042998806, "epsilon": 0.7192299702517261, "gamma": 0.019563929344841156, "lamda": 0.7225150432648233}, "datetime": {"datetime": "2021-09-23 18:49:38", "elapsed": 3.173134, "delta": 0.327003}}
{"target": 0.4679087058957839, "params": {"C": 216.27986377228362, "epsilon": 0.7670619630590874, "gamma": 0.0069165904559192635, "lamda": 0.7398019667023764}, "datetime": {"datetime": "2021-09-23 18:49:38", "elapsed": 3.646128, "delta": 0.472994}}
{"target": 0.4661432960258287, "params": {"C": 222.6544505427382, "epsilon": 0.7097090695255662, "gamma": 0.014309281274847898, "lamda": 0.8234134908832818}, "datetime": {"datetime": "2021-09-23 18:49:39", "elapsed": 4.120127, "delta": 0.473999}}
{"target": 0.4402752676935081, "params": {"C": 227.40807592332146, "epsilon": 0.7886414119963495, "gamma": 0.025916459097256025, "lamda": 0.47493252602937164}, "datetime": {"datetime": "2021-09-23 18:49:39", "elapsed": 4.759126, "delta": 0.638999}}
{"target": 0.46782369971807836, "params": {"C": 214.62178092476526, "epsilon": 0.9920087387162816, "gamma": 0.00975868646319188, "lamda": 0.4780034518813061}, "datetime": {"datetime": "2021-09-23 18:49:40", "elapsed": 5.333132, "delta": 0.574006}}
{"target": 0.45050042893478315, "params": {"C": 219.72674747678445, "epsilon": 1.0, "gamma": 0.03, "lamda": 1.1}, "datetime": {"datetime": "2021-09-23 18:49:40", "elapsed": 5.751131, "delta": 0.417999}}
{"target": 0.43813472540570575, "params": {"C": 223.8976898834875, "epsilon": 1.0, "gamma": 0.03, "lamda": 0.45}, "datetime": {"datetime": "2021-09-23 18:49:41", "elapsed": 6.308128, "delta": 0.556997}}
{"target": 0.4670627268489965, "params": {"C": 235.79395339315687, "epsilon": 0.7802904539501551, "gamma": 0.007264906208493641, "lamda": 0.9053020695383756}, "datetime": {"datetime": "2021-09-23 18:49:41", "elapsed": 6.66113, "delta": 0.353002}}
{"target": 0.4621301845882978, "params": {"C": 211.729904637292, "epsilon": 0.7390900204962775, "gamma": 0.0186057610547613, "lamda": 0.9893467818794881}, "datetime": {"datetime": "2021-09-23 18:49:42", "elapsed": 6.992128, "delta": 0.330998}}
{"target": 0.460424301313876, "params": {"C": 220.24619350359916, "epsilon": 0.7131971131330989, "gamma": 0.01976089767101568, "lamda": 0.9184990551567743}, "datetime": {"datetime": "2021-09-23 18:49:42", "elapsed": 7.267137, "delta": 0.275009}}
{"target": 0.45995166554673605, "params": {"C": 223.94645340753996, "epsilon": 0.8280039006296374, "gamma": 0.020982061036704965, "lamda": 1.0717753240049284}, "datetime": {"datetime": "2021-09-23 18:49:42", "elapsed": 7.632128, "delta": 0.364991}}
{"target": 0.46815033039511655, "params": {"C": 213.94914145661033, "epsilon": 0.8401110031835952, "gamma": 0.008626822385122078, "lamda": 0.8316857166198104}, "datetime": {"datetime": "2021-09-23 18:49:43", "elapsed": 7.98013, "delta": 0.348002}}
{"target": 0.46332753843974195, "params": {"C": 231.3674858335014, "epsilon": 0.9506602547242674, "gamma": 0.01750447261036248, "lamda": 0.8401510522644289}, "datetime": {"datetime": "2021-09-23 18:49:43", "elapsed": 8.327131, "delta": 0.347001}}
{"target": 0.46797793255579, "params": {"C": 232.00248864064386, "epsilon": 0.7791706830173003, "gamma": 0.008899354779078494, "lamda": 0.554026574545202}, "datetime": {"datetime": "2021-09-23 18:49:43", "elapsed": 8.666127, "delta": 0.338996}}
{"target": 0.4397943577602489, "params": {"C": 203.19021067246987, "epsilon": 0.8159220174058145, "gamma": 0.02969870347526423, "lamda": 0.5914752783581356}, "datetime": {"datetime": "2021-09-23 18:49:44", "elapsed": 9.046131, "delta": 0.380004}}
{"target": 0.463652145971746, "params": {"C": 223.47057419331804, "epsilon": 0.9901905985293903, "gamma": 0.016177500061507664, "lamda": 0.553844038209885}, "datetime": {"datetime": "2021-09-23 18:49:44", "elapsed": 9.417132, "delta": 0.371001}}
{"target": 0.44002388811749493, "params": {"C": 226.56791333285832, "epsilon": 0.7590356431103777, "gamma": 0.028610961666654198, "lamda": 0.5789262565215738}, "datetime": {"datetime": "2021-09-23 18:49:44", "elapsed": 9.772126, "delta": 0.354994}}
{"target": 0.44509776001004553, "params": {"C": 215.5265560036828, "epsilon": 0.8006011575607787, "gamma": 0.02992027309574479, "lamda": 0.7410825412320756}, "datetime": {"datetime": "2021-09-23 18:49:45", "elapsed": 10.164135, "delta": 0.392009}}
{"target": 0.4668330209680628, "params": {"C": 204.5328466850631, "epsilon": 0.7786688581052671, "gamma": 0.0065904238605050385, "lamda": 0.8315705145997958}, "datetime": {"datetime": "2021-09-23 18:49:45", "elapsed": 10.46813, "delta": 0.303995}}
{"target": 0.4527305917307676, "params": {"C": 233.40078627679264, "epsilon": 0.9831892585641441, "gamma": 0.0274472642487505, "lamda": 0.9372918403479626}, "datetime": {"datetime": "2021-09-23 18:49:45", "elapsed": 10.92013, "delta": 0.452}}
{"target": 0.45896542434821685, "params": {"C": 235.4855754675812, "epsilon": 0.7624502884987345, "gamma": 0.0210000629628214, "lamda": 0.8748759377008797}, "datetime": {"datetime": "2021-09-23 18:49:46", "elapsed": 11.301129, "delta": 0.380999}}
{"target": 0.4538575589623295, "params": {"C": 229.60429766615397, "epsilon": 0.9334513377822755, "gamma": 0.02591901825896768, "lamda": 0.8626427659994812}, "datetime": {"datetime": "2021-09-23 18:49:46", "elapsed": 11.689139, "delta": 0.38801}}
{"target": 0.46234348176550477, "params": {"C": 214.31267643732775, "epsilon": 0.8427968758632609, "gamma": 0.005148366076771367, "lamda": 0.4580015672306589}, "datetime": {"datetime": "2021-09-23 18:49:47", "elapsed": 12.145131, "delta": 0.455992}}
{"target": 0.4628187729463795, "params": {"C": 202.6072697266671, "epsilon": 0.8858092006687759, "gamma": 0.005147776560214951, "lamda": 0.8273211885658003}, "datetime": {"datetime": "2021-09-23 18:49:47", "elapsed": 12.489129, "delta": 0.343998}}
