{"target": 0.4664001889520186, "params": {"C": 158.3713489157496, "epsilon": 0.9656828269696043, "gamma": 0.01373864660640433, "lamda": 0.8200309041801899}, "datetime": {"datetime": "2021-09-23 18:28:46", "elapsed": 378.127134, "delta": 2.277306}}
{"target": 0.4662961133024808, "params": {"C": 187.837283256038, "epsilon": 0.8663082678255074, "gamma": 0.006037692066827603, "lamda": 0.6257620462724953}, "datetime": {"datetime": "2021-09-23 18:28:48", "elapsed": 380.607174, "delta": 2.48004}}
{"target": 0.4661091583649074, "params": {"C": 197.64618346644187, "epsilon": 0.8372146569222246, "gamma": 0.014397481092560244, "lamda": 0.9138261043501632}, "datetime": {"datetime": "2021-09-23 18:28:50", "elapsed": 382.120134, "delta": 1.51296}}
{"target": 0.4596585805440849, "params": {"C": 117.17181390904585, "epsilon": 0.8730506521375012, "gamma": 0.01056843622438112, "lamda": 0.6467290711453259}, "datetime": {"datetime": "2021-09-23 18:28:52", "elapsed": 383.820233, "delta": 1.700099}}
{"target": 0.4602736711130915, "params": {"C": 158.49890459040012, "epsilon": 0.9667037093680564, "gamma": 0.020064585023466447, "lamda": 0.7800185181952625}, "datetime": {"datetime": "2021-09-23 18:28:54", "elapsed": 386.596355, "delta": 2.776122}}
{"target": 0.4655798452890707, "params": {"C": 161.77445367342062, "epsilon": 0.791911372326006, "gamma": 0.015078473977782291, "lamda": 0.9933628882992802}, "datetime": {"datetime": "2021-09-23 18:28:57", "elapsed": 389.015914, "delta": 2.419559}}
{"target": 0.46539067945448453, "params": {"C": 161.9211382135531, "epsilon": 0.8467361262817575, "gamma": 0.007679818981800394, "lamda": 0.6428085970256824}, "datetime": {"datetime": "2021-09-23 18:28:59", "elapsed": 391.389256, "delta": 2.373342}}
{"target": 0.4661806183045015, "params": {"C": 195.66543831653402, "epsilon": 0.9001178573282391, "gamma": 0.01420873164074767, "lamda": 0.8711588910648884}, "datetime": {"datetime": "2021-09-23 18:29:03", "elapsed": 395.002199, "delta": 3.612943}}
{"target": 0.462801880715061, "params": {"C": 181.65742312980458, "epsilon": 0.9811333483639262, "gamma": 0.017992393707459125, "lamda": 0.9499273178180565}, "datetime": {"datetime": "2021-09-23 18:29:06", "elapsed": 397.827841, "delta": 2.825642}}
{"target": 0.46299870708356883, "params": {"C": 195.67520751750044, "epsilon": 0.8901490873667022, "gamma": 0.0178577092733756, "lamda": 0.9068177655019687}, "datetime": {"datetime": "2021-09-23 18:29:08", "elapsed": 400.584679, "delta": 2.756838}}
{"target": 0.4471282890239141, "params": {"C": 187.85922820265523, "epsilon": 0.9503048788858102, "gamma": 0.028468064545620096, "lamda": 0.6365329742512761}, "datetime": {"datetime": "2021-09-23 18:29:11", "elapsed": 402.757646, "delta": 2.172967}}
{"target": 0.46005358058504886, "params": {"C": 160.32794604601293, "epsilon": 0.7843982430295701, "gamma": 0.020823006916797306, "lamda": 1.0757353798268907}, "datetime": {"datetime": "2021-09-23 18:29:13", "elapsed": 405.135525, "delta": 2.377879}}
{"target": 0.4680139511080589, "params": {"C": 199.15889590743257, "epsilon": 0.9113414322587824, "gamma": 0.0086004912773441, "lamda": 0.7817656984516381}, "datetime": {"datetime": "2021-09-23 18:29:15", "elapsed": 407.468487, "delta": 2.332962}}
{"target": 0.4440442175607199, "params": {"C": 116.1825525815043, "epsilon": 0.9920679273736969, "gamma": 0.027911175564293685, "lamda": 0.6190911689168679}, "datetime": {"datetime": "2021-09-23 18:29:17", "elapsed": 409.304489, "delta": 1.836002}}
{"target": 0.4616356718889324, "params": {"C": 158.39823532137626, "epsilon": 0.9473776694882443, "gamma": 0.005, "lamda": 0.8263713888719931}, "datetime": {"datetime": "2021-09-23 18:29:20", "elapsed": 412.376095, "delta": 3.071606}}
{"target": 0.4500658205523047, "params": {"C": 181.6804109124887, "epsilon": 0.9486230110842855, "gamma": 0.02955230793734329, "lamda": 0.9482768804997439}, "datetime": {"datetime": "2021-09-23 18:29:23", "elapsed": 414.969012, "delta": 2.592917}}
{"target": 0.46168064967943445, "params": {"C": 139.74274582663563, "epsilon": 0.7612797017548609, "gamma": 0.005, "lamda": 0.9793301421968105}, "datetime": {"datetime": "2021-09-23 18:29:25", "elapsed": 417.60712, "delta": 2.638108}}
{"target": 0.466681557918569, "params": {"C": 179.9325246637802, "epsilon": 0.9387655315300718, "gamma": 0.006733745551189067, "lamda": 0.7032094865064652}, "datetime": {"datetime": "2021-09-23 18:29:29", "elapsed": 421.065018, "delta": 3.457898}}
{"target": 0.4648203478470624, "params": {"C": 151.18985308000197, "epsilon": 0.78342459667813, "gamma": 0.015729186386894738, "lamda": 1.02667839107583}, "datetime": {"datetime": "2021-09-23 18:29:31", "elapsed": 423.030177, "delta": 1.965159}}
{"target": 0.46513891376318695, "params": {"C": 169.86430535192684, "epsilon": 0.793609568593405, "gamma": 0.005693470321392997, "lamda": 0.8039093069249413}, "datetime": {"datetime": "2021-09-23 18:29:33", "elapsed": 425.339282, "delta": 2.309105}}
{"target": 0.4604443680369824, "params": {"C": 109.44631242485984, "epsilon": 0.9105657938583923, "gamma": 0.012275605112179509, "lamda": 0.7262263909329818}, "datetime": {"datetime": "2021-09-23 18:29:35", "elapsed": 427.148928, "delta": 1.809646}}
{"target": 0.4545026548382658, "params": {"C": 93.34127042619224, "epsilon": 0.9436979311985144, "gamma": 0.023790684891131755, "lamda": 1.0393661054788774}, "datetime": {"datetime": "2021-09-23 18:29:37", "elapsed": 428.876124, "delta": 1.727196}}
{"target": 0.4653557515556386, "params": {"C": 164.58806705309883, "epsilon": 0.8077105843654233, "gamma": 0.014206225948281446, "lamda": 0.8170413738702502}, "datetime": {"datetime": "2021-09-23 18:29:40", "elapsed": 431.799281, "delta": 2.923157}}
{"target": 0.45732243360207836, "params": {"C": 172.55480593882848, "epsilon": 0.7057798113021029, "gamma": 0.021904142890402132, "lamda": 0.9383118706456105}, "datetime": {"datetime": "2021-09-23 18:29:42", "elapsed": 433.776208, "delta": 1.976927}}
{"target": 0.46639181451334377, "params": {"C": 187.84289753764264, "epsilon": 0.9594511599278392, "gamma": 0.01239580572149146, "lamda": 0.5815594394385881}, "datetime": {"datetime": "2021-09-23 18:29:44", "elapsed": 436.374084, "delta": 2.597876}}
{"target": 0.46330954281157344, "params": {"C": 113.30694785110586, "epsilon": 0.8659935869278117, "gamma": 0.008911303910583732, "lamda": 0.8518102508707104}, "datetime": {"datetime": "2021-09-23 18:29:46", "elapsed": 438.201234, "delta": 1.82715}}
{"target": 0.4513573763757389, "params": {"C": 174.88284601579696, "epsilon": 0.8426829236080029, "gamma": 0.02820784856086779, "lamda": 1.0002223113825233}, "datetime": {"datetime": "2021-09-23 18:29:49", "elapsed": 441.136423, "delta": 2.935189}}
{"target": 0.46310229130824465, "params": {"C": 164.22526295253232, "epsilon": 0.7859752191561701, "gamma": 0.017301318913430987, "lamda": 0.910976317213283}, "datetime": {"datetime": "2021-09-23 18:29:51", "elapsed": 443.072966, "delta": 1.936543}}
{"target": 0.4549743002138492, "params": {"C": 169.8689668941895, "epsilon": 0.7781980788680327, "gamma": 0.02336099426662508, "lamda": 0.8357661011314381}, "datetime": {"datetime": "2021-09-23 18:29:54", "elapsed": 446.028316, "delta": 2.95535}}
{"target": 0.44808815549385583, "params": {"C": 95.15793136190214, "epsilon": 0.9735738910684368, "gamma": 0.0273455645527826, "lamda": 0.8205590294943994}, "datetime": {"datetime": "2021-09-23 18:29:56", "elapsed": 447.853235, "delta": 1.824919}}
{"target": 0.46738599553272886, "params": {"C": 179.92454087590562, "epsilon": 0.931619786487727, "gamma": 0.012458653120742819, "lamda": 0.7309203003365117}, "datetime": {"datetime": "2021-09-23 18:29:58", "elapsed": 450.394582, "delta": 2.541347}}
{"target": 0.46197804098195305, "params": {"C": 177.18254521348808, "epsilon": 0.8322380371443988, "gamma": 0.01896325864888527, "lamda": 1.0815090955877154}, "datetime": {"datetime": "2021-09-23 18:30:00", "elapsed": 452.08083, "delta": 1.686248}}
{"target": 0.4477993524587913, "params": {"C": 148.14559340791067, "epsilon": 0.852037196762742, "gamma": 0.029707383558352955, "lamda": 0.8749261724779014}, "datetime": {"datetime": "2021-09-23 18:30:02", "elapsed": 454.501566, "delta": 2.420736}}
{"target": 0.45554243189704724, "params": {"C": 169.4207584416665, "epsilon": 0.9566598768010572, "gamma": 0.024626049228351765, "lamda": 0.8598945576061758}, "datetime": {"datetime": "2021-09-23 18:30:04", "elapsed": 456.274994, "delta": 1.773428}}
{"target": 0.46718778808899364, "params": {"C": 187.859161635985, "epsilon": 0.9499031440957012, "gamma": 0.006657205704802281, "lamda": 0.6025591507897128}, "datetime": {"datetime": "2021-09-23 18:30:07", "elapsed": 458.867375, "delta": 2.592381}}
{"target": 0.4622296626510115, "params": {"C": 128.68435362275048, "epsilon": 0.7775787568713524, "gamma": 0.0059199205562660406, "lamda": 0.9152264522525675}, "datetime": {"datetime": "2021-09-23 18:30:08", "elapsed": 460.661135, "delta": 1.79376}}
{"target": 0.4435752238480699, "params": {"C": 145.58855790403504, "epsilon": 0.7019842328755181, "gamma": 0.028707931907962215, "lamda": 0.8166509564737332}, "datetime": {"datetime": "2021-09-23 18:30:10", "elapsed": 462.720705, "delta": 2.05957}}
{"target": 0.46747259423623766, "params": {"C": 187.7622556769603, "epsilon": 0.8983300718973823, "gamma": 0.007090828431733907, "lamda": 0.6869503322415058}, "datetime": {"datetime": "2021-09-23 18:30:13", "elapsed": 465.315569, "delta": 2.594864}}
{"target": 0.46755747390554914, "params": {"C": 187.77970144417003, "epsilon": 0.8449696787688427, "gamma": 0.012059533421048452, "lamda": 0.7370300766478206}, "datetime": {"datetime": "2021-09-23 18:30:16", "elapsed": 467.779446, "delta": 2.463877}}
{"target": 0.46399695563170706, "params": {"C": 187.87426981686326, "epsilon": 0.9969130392993125, "gamma": 0.015487672366830813, "lamda": 0.5896941452340851}, "datetime": {"datetime": "2021-09-23 18:30:18", "elapsed": 470.119893, "delta": 2.340447}}
{"target": 0.4559506791795225, "params": {"C": 187.80092910757855, "epsilon": 0.8738354114114967, "gamma": 0.023170364811350472, "lamda": 0.7531749085682741}, "datetime": {"datetime": "2021-09-23 18:30:21", "elapsed": 473.469037, "delta": 3.349144}}
{"target": 0.4653130540146484, "params": {"C": 161.73011333170825, "epsilon": 0.8076174280570052, "gamma": 0.006752493759255063, "lamda": 0.9983916175661613}, "datetime": {"datetime": "2021-09-23 18:30:24", "elapsed": 475.927801, "delta": 2.458764}}
{"target": 0.4684803472746961, "params": {"C": 190.85897459693786, "epsilon": 0.7832062376657272, "gamma": 0.008736219514138725, "lamda": 0.8022997335237715}, "datetime": {"datetime": "2021-09-23 18:30:27", "elapsed": 478.752474, "delta": 2.824673}}
{"target": 0.4680082670013188, "params": {"C": 187.74869134911998, "epsilon": 0.8354624630075829, "gamma": 0.007727130246519002, "lamda": 0.738594263720121}, "datetime": {"datetime": "2021-09-23 18:30:29", "elapsed": 481.202714, "delta": 2.45024}}
{"target": 0.4579392906331392, "params": {"C": 190.8608416475693, "epsilon": 0.7731769191711152, "gamma": 0.02089926566198856, "lamda": 0.7783466363748129}, "datetime": {"datetime": "2021-09-23 18:30:32", "elapsed": 483.777739, "delta": 2.575025}}
{"target": 0.4499752939316285, "params": {"C": 171.04045022902952, "epsilon": 0.8879085324368319, "gamma": 0.025455879179184095, "lamda": 0.6653808424934037}, "datetime": {"datetime": "2021-09-23 18:30:34", "elapsed": 486.112729, "delta": 2.33499}}
{"target": 0.46772252938183856, "params": {"C": 195.66329228606213, "epsilon": 0.9036649660354533, "gamma": 0.010861223972360107, "lamda": 0.8772887331069172}, "datetime": {"datetime": "2021-09-23 18:30:36", "elapsed": 488.119862, "delta": 2.007133}}
{"target": 0.4565358869216055, "params": {"C": 190.05954137288958, "epsilon": 0.8785695000052558, "gamma": 0.02202893791177506, "lamda": 0.6938044634672769}, "datetime": {"datetime": "2021-09-23 18:30:38", "elapsed": 489.910641, "delta": 1.790779}}
{"target": 0.4540309769149953, "params": {"C": 131.91437467031352, "epsilon": 0.7636122179395475, "gamma": 0.021168318646423868, "lamda": 0.7933587747362494}, "datetime": {"datetime": "2021-09-23 18:30:39", "elapsed": 491.718308, "delta": 1.807667}}
{"target": 0.45177360144807244, "params": {"C": 136.168979382934, "epsilon": 0.7480843723719918, "gamma": 0.014530644256542932, "lamda": 0.5177917389290561}, "datetime": {"datetime": "2021-09-23 18:30:41", "elapsed": 493.476551, "delta": 1.758243}}
{"target": 0.4506913400855148, "params": {"C": 190.8718502421633, "epsilon": 0.8051749686688864, "gamma": 0.02706703844910471, "lamda": 0.8184641393870952}, "datetime": {"datetime": "2021-09-23 18:30:44", "elapsed": 496.566316, "delta": 3.089765}}
{"target": 0.45002519367205673, "params": {"C": 102.0643061555923, "epsilon": 0.7195784797410263, "gamma": 0.025455921719474365, "lamda": 1.0438813689919215}, "datetime": {"datetime": "2021-09-23 18:30:47", "elapsed": 498.838514, "delta": 2.272198}}
{"target": 0.46652277493976324, "params": {"C": 148.16789589569493, "epsilon": 0.8158900110463108, "gamma": 0.012474119072576579, "lamda": 0.8817664268726971}, "datetime": {"datetime": "2021-09-23 18:30:50", "elapsed": 501.750429, "delta": 2.911915}}
{"target": 0.44802441954062344, "params": {"C": 194.19432737959144, "epsilon": 0.9492462213760476, "gamma": 0.028321281250812926, "lamda": 0.6559129074706967}, "datetime": {"datetime": "2021-09-23 18:30:52", "elapsed": 504.677754, "delta": 2.927325}}
{"target": 0.45302147746819277, "params": {"C": 140.03099933080443, "epsilon": 0.9890074868815666, "gamma": 0.027548248815697778, "lamda": 1.0324006941370458}, "datetime": {"datetime": "2021-09-23 18:30:54", "elapsed": 506.581484, "delta": 1.90373}}
{"target": 0.45769972385710633, "params": {"C": 122.97256733497986, "epsilon": 0.713438889416901, "gamma": 0.012489308076019315, "lamda": 0.7248375558305178}, "datetime": {"datetime": "2021-09-23 18:30:56", "elapsed": 508.333399, "delta": 1.751915}}
{"target": 0.45733531992174603, "params": {"C": 139.81264138963792, "epsilon": 0.7528742305756776, "gamma": 0.020793872973268634, "lamda": 0.9271647870463626}, "datetime": {"datetime": "2021-09-23 18:31:00", "elapsed": 512.252128, "delta": 3.918729}}
{"target": 0.46772544000913807, "params": {"C": 161.72092921937505, "epsilon": 0.8062116527617085, "gamma": 0.009288405626582556, "lamda": 0.9650435414285876}, "datetime": {"datetime": "2021-09-23 18:31:03", "elapsed": 515.143124, "delta": 2.890996}}
{"target": 0.45220561779220303, "params": {"C": 158.38053239978802, "epsilon": 0.9819622248349562, "gamma": 0.027473613574123375, "lamda": 0.8604349817430559}, "datetime": {"datetime": "2021-09-23 18:31:06", "elapsed": 518.269313, "delta": 3.126189}}
{"target": 0.4675189150861755, "params": {"C": 187.47391746182473, "epsilon": 0.8209185894032995, "gamma": 0.00840639454087474, "lamda": 0.9264568301443039}, "datetime": {"datetime": "2021-09-23 18:31:08", "elapsed": 520.539228, "delta": 2.269915}}
{"target": 0.466402586093417, "params": {"C": 161.7687615420198, "epsilon": 0.7734037697121456, "gamma": 0.007242187584178918, "lamda": 0.9786782266032381}, "datetime": {"datetime": "2021-09-23 18:31:11", "elapsed": 523.204096, "delta": 2.664868}}
{"target": 0.45182365211439357, "params": {"C": 111.2113138245488, "epsilon": 0.7707996498403167, "gamma": 0.014044743266274026, "lamda": 0.5754817902640891}, "datetime": {"datetime": "2021-09-23 18:31:13", "elapsed": 525.472386, "delta": 2.26829}}
{"target": 0.46453905525038397, "params": {"C": 187.7459571459949, "epsilon": 0.8295558114966141, "gamma": 0.015161953675792528, "lamda": 0.7164384011401516}, "datetime": {"datetime": "2021-09-23 18:31:16", "elapsed": 528.529465, "delta": 3.057079}}
{"target": 0.450978138618915, "params": {"C": 179.94334900146907, "epsilon": 0.9732004212397439, "gamma": 0.02662382957735522, "lamda": 0.6753768830030507}, "datetime": {"datetime": "2021-09-23 18:31:19", "elapsed": 531.338201, "delta": 2.808736}}
{"target": 0.4572412727408096, "params": {"C": 187.83773773934934, "epsilon": 0.953136026386858, "gamma": 0.020571130677527805, "lamda": 0.6004197571833978}, "datetime": {"datetime": "2021-09-23 18:31:22", "elapsed": 534.137708, "delta": 2.799507}}
{"target": 0.46450786039877134, "params": {"C": 139.74175290671417, "epsilon": 0.7701319671569616, "gamma": 0.011830872534026532, "lamda": 0.811284743739116}, "datetime": {"datetime": "2021-09-23 18:31:25", "elapsed": 537.125519, "delta": 2.987811}}
{"target": 0.4600329387419998, "params": {"C": 177.71126871886355, "epsilon": 0.9197681637592414, "gamma": 0.019537584943928626, "lamda": 0.7021055480039489}, "datetime": {"datetime": "2021-09-23 18:31:27", "elapsed": 539.017842, "delta": 1.892323}}
{"target": 0.4673744418265626, "params": {"C": 160.36472882944537, "epsilon": 0.7780646462085242, "gamma": 0.01008814702835399, "lamda": 1.092877372475335}, "datetime": {"datetime": "2021-09-23 18:31:30", "elapsed": 542.009413, "delta": 2.991571}}
{"target": 0.46677643432721894, "params": {"C": 192.3229988764861, "epsilon": 0.7845848758014935, "gamma": 0.01348813366331007, "lamda": 0.9682776718171506}, "datetime": {"datetime": "2021-09-23 18:31:32", "elapsed": 543.95811, "delta": 1.948697}}
{"target": 0.45982094057562894, "params": {"C": 139.77039510506714, "epsilon": 0.7553052089760242, "gamma": 0.005, "lamda": 0.8143586979123294}, "datetime": {"datetime": "2021-09-23 18:31:36", "elapsed": 547.883106, "delta": 3.924996}}
{"target": 0.45953539873638216, "params": {"C": 139.75876784907362, "epsilon": 0.7772143731732507, "gamma": 0.018373588655185548, "lamda": 0.864914972170973}, "datetime": {"datetime": "2021-09-23 18:31:41", "elapsed": 552.725435, "delta": 4.842329}}
{"target": 0.46729280672314766, "params": {"C": 158.0200746121222, "epsilon": 0.8069191127129882, "gamma": 0.010971445759833266, "lamda": 0.8108842794877622}, "datetime": {"datetime": "2021-09-23 18:31:44", "elapsed": 556.06438, "delta": 3.338945}}
{"target": 0.46446899435891853, "params": {"C": 199.15130678873774, "epsilon": 0.9195499937604681, "gamma": 0.01628933596317328, "lamda": 0.8095625451997891}, "datetime": {"datetime": "2021-09-23 18:31:48", "elapsed": 560.066715, "delta": 4.002335}}
{"target": 0.4664317291087784, "params": {"C": 195.83242408925085, "epsilon": 0.9935847474088524, "gamma": 0.007939218720822741, "lamda": 0.4636950137900778}, "datetime": {"datetime": "2021-09-23 18:31:50", "elapsed": 562.313009, "delta": 2.246294}}
{"target": 0.4526150108891466, "params": {"C": 195.6714962327593, "epsilon": 0.9219354425160171, "gamma": 0.027002277458923717, "lamda": 0.887486290274068}, "datetime": {"datetime": "2021-09-23 18:31:53", "elapsed": 565.563513, "delta": 3.250504}}
{"target": 0.45415794327539516, "params": {"C": 197.62767716459553, "epsilon": 0.8297749509728811, "gamma": 0.02522652823597827, "lamda": 0.8860351775118719}, "datetime": {"datetime": "2021-09-23 18:31:56", "elapsed": 568.232362, "delta": 2.668849}}
{"target": 0.4434642524599426, "params": {"C": 80.54548649968774, "epsilon": 0.9411344351406864, "gamma": 0.023935646739812227, "lamda": 0.6533277239830371}, "datetime": {"datetime": "2021-09-23 18:31:58", "elapsed": 570.512525, "delta": 2.280163}}
{"target": 0.46678790877820375, "params": {"C": 182.62994751122363, "epsilon": 0.8480512630596635, "gamma": 0.00957690719371445, "lamda": 1.0660603318646555}, "datetime": {"datetime": "2021-09-23 18:32:02", "elapsed": 574.025687, "delta": 3.513162}}
{"target": 0.4599915627664817, "params": {"C": 156.75449698091472, "epsilon": 0.885153301568389, "gamma": 0.019753021196877957, "lamda": 0.8022630879384886}, "datetime": {"datetime": "2021-09-23 18:32:04", "elapsed": 576.044661, "delta": 2.018974}}
{"target": 0.4600628190149926, "params": {"C": 91.00169690333121, "epsilon": 0.9828801503051732, "gamma": 0.00827984140414845, "lamda": 0.8525070587178927}, "datetime": {"datetime": "2021-09-23 18:32:06", "elapsed": 578.064507, "delta": 2.019846}}
{"target": 0.46063496723386455, "params": {"C": 187.79456060151756, "epsilon": 0.9059987238786952, "gamma": 0.018729875369354755, "lamda": 0.6685458348023581}, "datetime": {"datetime": "2021-09-23 18:32:08", "elapsed": 580.625179, "delta": 2.560672}}
{"target": 0.45670373616588933, "params": {"C": 162.245380420206, "epsilon": 0.833336501111795, "gamma": 0.024041907075965787, "lamda": 1.091838481901693}, "datetime": {"datetime": "2021-09-23 18:32:10", "elapsed": 582.55188, "delta": 1.926701}}
{"target": 0.44043113541849954, "params": {"C": 87.11104502881832, "epsilon": 0.7020227162324166, "gamma": 0.020047211396100724, "lamda": 0.5552637370357519}, "datetime": {"datetime": "2021-09-23 18:32:12", "elapsed": 584.65137, "delta": 2.09949}}
{"target": 0.4625178281609734, "params": {"C": 187.72061819407844, "epsilon": 0.8214618470641359, "gamma": 0.01725939381227328, "lamda": 0.7434341140830503}, "datetime": {"datetime": "2021-09-23 18:32:15", "elapsed": 587.438735, "delta": 2.787365}}
{"target": 0.46578823400630076, "params": {"C": 183.55182084529633, "epsilon": 0.9361648435132103, "gamma": 0.007776172833478496, "lamda": 0.9411211378864928}, "datetime": {"datetime": "2021-09-23 18:32:17", "elapsed": 589.48564, "delta": 2.046905}}
{"target": 0.4476148845140089, "params": {"C": 199.1726387123109, "epsilon": 0.9095858687296341, "gamma": 0.02989806835160926, "lamda": 0.789422969628951}, "datetime": {"datetime": "2021-09-23 18:32:21", "elapsed": 592.764458, "delta": 3.278818}}
{"target": 0.464743285158005, "params": {"C": 199.1529818113578, "epsilon": 0.9007096310394637, "gamma": 0.005703027646545972, "lamda": 0.7677522726199272}, "datetime": {"datetime": "2021-09-23 18:32:24", "elapsed": 596.009767, "delta": 3.245309}}
{"target": 0.4346083496818667, "params": {"C": 86.26329799026706, "epsilon": 0.8014903283568923, "gamma": 0.027198586453973765, "lamda": 0.5657170821918653}, "datetime": {"datetime": "2021-09-23 18:32:26", "elapsed": 598.219038, "delta": 2.209271}}
