{"target": 0.4687020034948697, "params": {"C": 927.8104324424419, "epsilon": 0.9909207377568112, "gamma": 0.009674756249662153, "lamda": 0.6477259176198376}, "datetime": {"datetime": "2021-09-23 22:58:14", "elapsed": 118.856961, "delta": 0.989831}}
{"target": 0.46899706927378426, "params": {"C": 921.0890710539198, "epsilon": 0.7463868047040826, "gamma": 0.01042389406319761, "lamda": 0.6112906370716016}, "datetime": {"datetime": "2021-09-23 22:58:15", "elapsed": 119.774963, "delta": 0.918002}}
{"target": 0.46849474885126585, "params": {"C": 1008.1822899600012, "epsilon": 0.9851234928608033, "gamma": 0.011246884414326969, "lamda": 0.5664128703737648}, "datetime": {"datetime": "2021-09-23 22:58:16", "elapsed": 121.023962, "delta": 1.248999}}
{"target": 0.4687369291609539, "params": {"C": 944.8464209876136, "epsilon": 0.8500681048767523, "gamma": 0.006920933703161502, "lamda": 0.5658925302806423}, "datetime": {"datetime": "2021-09-23 22:58:17", "elapsed": 121.798964, "delta": 0.775002}}
{"target": 0.4679394705503873, "params": {"C": 1040.3290677786667, "epsilon": 0.9604708650050625, "gamma": 0.006752799046477946, "lamda": 0.5788128865234484}, "datetime": {"datetime": "2021-09-23 22:58:18", "elapsed": 122.889962, "delta": 1.090998}}
{"target": 0.468748407767578, "params": {"C": 942.464738082672, "epsilon": 0.9623921220837897, "gamma": 0.008586465787023441, "lamda": 0.6366074941959685}, "datetime": {"datetime": "2021-09-23 22:58:19", "elapsed": 123.726473, "delta": 0.836511}}
{"target": 0.4686013620024013, "params": {"C": 908.61216110989, "epsilon": 0.8975933175542113, "gamma": 0.01015900470659086, "lamda": 0.7296717125892935}, "datetime": {"datetime": "2021-09-23 22:58:19", "elapsed": 124.523473, "delta": 0.797}}
{"target": 0.46693093330899027, "params": {"C": 1021.0147816622647, "epsilon": 0.8296732027120671, "gamma": 0.006658017912559127, "lamda": 0.779345370347458}, "datetime": {"datetime": "2021-09-23 22:58:20", "elapsed": 125.501196, "delta": 0.977723}}
{"target": 0.4685626013216885, "params": {"C": 886.7378057293861, "epsilon": 0.8927991372824983, "gamma": 0.010502074182930421, "lamda": 0.7260671612700562}, "datetime": {"datetime": "2021-09-23 22:58:21", "elapsed": 126.3762, "delta": 0.875004}}
{"target": 0.4691321793723222, "params": {"C": 876.3729457504113, "epsilon": 0.7763746367005995, "gamma": 0.010094846132388284, "lamda": 0.6559341281548725}, "datetime": {"datetime": "2021-09-23 22:58:22", "elapsed": 127.180724, "delta": 0.804524}}
{"target": 0.46890104890825157, "params": {"C": 975.4850882614528, "epsilon": 0.8049560841464087, "gamma": 0.007634467881683838, "lamda": 0.6625829259983007}, "datetime": {"datetime": "2021-09-23 22:58:23", "elapsed": 128.115726, "delta": 0.935002}}
{"target": 0.4692512033943923, "params": {"C": 997.2437546353658, "epsilon": 0.988199755644448, "gamma": 0.007953647355764091, "lamda": 0.5028976843267817}, "datetime": {"datetime": "2021-09-23 22:58:24", "elapsed": 128.964437, "delta": 0.848711}}
{"target": 0.46943573266121286, "params": {"C": 927.7800913029403, "epsilon": 0.7959231503615128, "gamma": 0.00934942823660553, "lamda": 0.5823506223472659}, "datetime": {"datetime": "2021-09-23 22:58:25", "elapsed": 129.786794, "delta": 0.822357}}
{"target": 0.46915608483406934, "params": {"C": 1013.7640273451124, "epsilon": 0.7099376844470583, "gamma": 0.007150116743273629, "lamda": 0.6298611139140148}, "datetime": {"datetime": "2021-09-23 22:58:26", "elapsed": 130.796881, "delta": 1.010087}}
{"target": 0.46873760973027, "params": {"C": 1016.3711343110118, "epsilon": 0.9322818671556032, "gamma": 0.010797158014330534, "lamda": 0.5973674353163172}, "datetime": {"datetime": "2021-09-23 22:58:27", "elapsed": 131.750642, "delta": 0.953761}}
{"target": 0.4689137355470103, "params": {"C": 893.0398732713954, "epsilon": 0.8387998801437124, "gamma": 0.009504735814198435, "lamda": 0.7260382148763997}, "datetime": {"datetime": "2021-09-23 22:58:28", "elapsed": 132.612641, "delta": 0.861999}}
{"target": 0.4682688103344578, "params": {"C": 892.431514740642, "epsilon": 0.9477996489439637, "gamma": 0.011152076617875355, "lamda": 0.7030999971456888}, "datetime": {"datetime": "2021-09-23 22:58:28", "elapsed": 133.495006, "delta": 0.882365}}
{"target": 0.46926279508312196, "params": {"C": 867.2675672199108, "epsilon": 0.7714860085572607, "gamma": 0.009763130481425944, "lamda": 0.6475826140708795}, "datetime": {"datetime": "2021-09-23 22:58:30", "elapsed": 134.633598, "delta": 1.138592}}
{"target": 0.469038648911112, "params": {"C": 979.1531901529858, "epsilon": 0.7481817965221581, "gamma": 0.008830070175886905, "lamda": 0.7787499716589872}, "datetime": {"datetime": "2021-09-23 22:58:30", "elapsed": 135.350648, "delta": 0.71705}}
{"target": 0.46923733367678777, "params": {"C": 1036.9458757845923, "epsilon": 0.9491410250028851, "gamma": 0.009859988639494353, "lamda": 0.5078420982538522}, "datetime": {"datetime": "2021-09-23 22:58:31", "elapsed": 136.300644, "delta": 0.949996}}
{"target": 0.46860841410107323, "params": {"C": 1007.1738675815244, "epsilon": 0.8503582366340336, "gamma": 0.00643600969046723, "lamda": 0.5067329167795014}, "datetime": {"datetime": "2021-09-23 22:58:32", "elapsed": 137.337531, "delta": 1.036887}}
{"target": 0.4688819177448572, "params": {"C": 850.6750810352557, "epsilon": 0.7334490842601139, "gamma": 0.010647117480349506, "lamda": 0.6376563635705234}, "datetime": {"datetime": "2021-09-23 22:58:33", "elapsed": 138.125536, "delta": 0.788005}}
{"target": 0.4677896693580895, "params": {"C": 937.9968071422576, "epsilon": 0.843232165654312, "gamma": 0.006196216228611379, "lamda": 0.5890486133355315}, "datetime": {"datetime": "2021-09-23 22:58:34", "elapsed": 138.962338, "delta": 0.836802}}
{"target": 0.469390058932457, "params": {"C": 1029.069452118112, "epsilon": 0.8095620365093026, "gamma": 0.007893325920606948, "lamda": 0.5798752558360136}, "datetime": {"datetime": "2021-09-23 22:58:35", "elapsed": 139.812571, "delta": 0.850233}}
{"target": 0.4683609988207862, "params": {"C": 864.6058793396462, "epsilon": 0.9742810442979573, "gamma": 0.011438177597614334, "lamda": 0.5972516028783877}, "datetime": {"datetime": "2021-09-23 22:58:35", "elapsed": 140.51153, "delta": 0.698959}}
{"target": 0.4672674442028748, "params": {"C": 948.7699221303639, "epsilon": 0.9387604390764077, "gamma": 0.006136056342443205, "lamda": 0.5758416878330506}, "datetime": {"datetime": "2021-09-23 22:58:36", "elapsed": 141.261227, "delta": 0.749697}}
{"target": 0.4667907554815335, "params": {"C": 877.3817383366489, "epsilon": 0.9833762003903068, "gamma": 0.006034093522506098, "lamda": 0.5805544749578061}, "datetime": {"datetime": "2021-09-23 22:58:37", "elapsed": 142.054828, "delta": 0.793601}}
{"target": 0.46931300455540037, "params": {"C": 952.2896236956101, "epsilon": 0.7830019776199084, "gamma": 0.007903109052238596, "lamda": 0.6221291705654509}, "datetime": {"datetime": "2021-09-23 22:58:38", "elapsed": 142.932299, "delta": 0.877471}}
{"target": 0.46906202924010354, "params": {"C": 1006.4471824930965, "epsilon": 0.9636702758273334, "gamma": 0.009352623366631094, "lamda": 0.5969320914187458}, "datetime": {"datetime": "2021-09-23 22:58:39", "elapsed": 143.693729, "delta": 0.76143}}
{"target": 0.46944221831755617, "params": {"C": 972.7065907783058, "epsilon": 0.8625393219503888, "gamma": 0.009303483696326408, "lamda": 0.535420062351678}, "datetime": {"datetime": "2021-09-23 22:58:39", "elapsed": 144.544731, "delta": 0.851002}}
{"target": 0.46785239028700876, "params": {"C": 869.2016542319999, "epsilon": 0.9886846467676103, "gamma": 0.010559502328065143, "lamda": 0.783555306078521}, "datetime": {"datetime": "2021-09-23 22:58:40", "elapsed": 145.374402, "delta": 0.829671}}
{"target": 0.4692018148720014, "params": {"C": 905.701427447677, "epsilon": 0.9894610795304466, "gamma": 0.009109002458193384, "lamda": 0.551308786445759}, "datetime": {"datetime": "2021-09-23 22:58:41", "elapsed": 146.175402, "delta": 0.801}}
{"target": 0.46845787552856843, "params": {"C": 878.8049900650091, "epsilon": 0.878661238274967, "gamma": 0.010681738717212499, "lamda": 0.7529817609181881}, "datetime": {"datetime": "2021-09-23 22:58:42", "elapsed": 146.924822, "delta": 0.74942}}
{"target": 0.46800850351916523, "params": {"C": 1044.8036465337573, "epsilon": 0.9075825009813838, "gamma": 0.011978331719140355, "lamda": 0.5788893691202361}, "datetime": {"datetime": "2021-09-23 22:58:43", "elapsed": 147.858827, "delta": 0.934005}}
{"target": 0.4684464761993876, "params": {"C": 1022.9148556341271, "epsilon": 0.8765167247735104, "gamma": 0.0093502660486897, "lamda": 0.7812437921028809}, "datetime": {"datetime": "2021-09-23 22:58:44", "elapsed": 149.037902, "delta": 1.179075}}
{"target": 0.46841782764455187, "params": {"C": 953.4389384981532, "epsilon": 0.8021141703394782, "gamma": 0.01116604523657756, "lamda": 0.7837100601392664}, "datetime": {"datetime": "2021-09-23 22:58:45", "elapsed": 149.969219, "delta": 0.931317}}
{"target": 0.4689518633084703, "params": {"C": 988.3715856332323, "epsilon": 0.8976638492997274, "gamma": 0.010066338266526462, "lamda": 0.6438610199813822}, "datetime": {"datetime": "2021-09-23 22:58:46", "elapsed": 150.898218, "delta": 0.928999}}
{"target": 0.467337724192494, "params": {"C": 901.7028371812406, "epsilon": 0.7240607383987883, "gamma": 0.01191834446578232, "lamda": 0.5274568494531163}, "datetime": {"datetime": "2021-09-23 22:58:47", "elapsed": 151.715308, "delta": 0.81709}}
{"target": 0.46884875657258773, "params": {"C": 898.8556519423933, "epsilon": 0.8756051513922463, "gamma": 0.010050387520384986, "lamda": 0.6933750589405628}, "datetime": {"datetime": "2021-09-23 22:58:48", "elapsed": 152.752311, "delta": 1.037003}}
{"target": 0.4686397750013106, "params": {"C": 868.937296595105, "epsilon": 0.8113106921813614, "gamma": 0.00859921406348379, "lamda": 0.7806211379581669}, "datetime": {"datetime": "2021-09-23 22:58:49", "elapsed": 153.62017, "delta": 0.867859}}
{"target": 0.46862828838402937, "params": {"C": 934.4595539234339, "epsilon": 0.7903957808396519, "gamma": 0.011104988643645028, "lamda": 0.6670383115213158}, "datetime": {"datetime": "2021-09-23 22:58:49", "elapsed": 154.431165, "delta": 0.810995}}
{"target": 0.46838803940278073, "params": {"C": 875.6017497323135, "epsilon": 0.7429656011737851, "gamma": 0.00670071843431633, "lamda": 0.6746698877588835}, "datetime": {"datetime": "2021-09-23 22:58:50", "elapsed": 155.202574, "delta": 0.771409}}
{"target": 0.4672062644579591, "params": {"C": 1007.2472696281707, "epsilon": 0.9238484733880349, "gamma": 0.006664837576203382, "lamda": 0.672116312216446}, "datetime": {"datetime": "2021-09-23 22:58:51", "elapsed": 156.059568, "delta": 0.856994}}
{"target": 0.4689487101227, "params": {"C": 1030.3949344382045, "epsilon": 0.7482488680325723, "gamma": 0.010547020320465155, "lamda": 0.6733004500601801}, "datetime": {"datetime": "2021-09-23 22:58:52", "elapsed": 156.998635, "delta": 0.939067}}
{"target": 0.4681122345135905, "params": {"C": 899.8163261928921, "epsilon": 0.7077491718122683, "gamma": 0.011613673833155301, "lamda": 0.6324784260597696}, "datetime": {"datetime": "2021-09-23 22:58:53", "elapsed": 158.124808, "delta": 1.126173}}
{"target": 0.4679947477248739, "params": {"C": 1029.4724277453522, "epsilon": 0.9012873902510896, "gamma": 0.0070994376131699646, "lamda": 0.656357572512835}, "datetime": {"datetime": "2021-09-23 22:58:54", "elapsed": 159.064185, "delta": 0.939377}}
{"target": 0.46883969176486207, "params": {"C": 977.2666887229384, "epsilon": 0.9350158979971894, "gamma": 0.00787586423468743, "lamda": 0.5968281261420203}, "datetime": {"datetime": "2021-09-23 22:58:55", "elapsed": 160.07129, "delta": 1.007105}}
{"target": 0.4689595191509327, "params": {"C": 985.8213468341755, "epsilon": 0.7640804720524421, "gamma": 0.010072126605014286, "lamda": 0.7642786850500838}, "datetime": {"datetime": "2021-09-23 22:58:56", "elapsed": 160.924935, "delta": 0.853645}}
{"target": 0.468527392207022, "params": {"C": 980.0199104874373, "epsilon": 0.830912197045541, "gamma": 0.007277062839031718, "lamda": 0.660780045269108}, "datetime": {"datetime": "2021-09-23 22:58:57", "elapsed": 161.735212, "delta": 0.810277}}
{"target": 0.4687149254374656, "params": {"C": 971.7202759133108, "epsilon": 0.8042526670430044, "gamma": 0.010168583522898372, "lamda": 0.7903147056335691}, "datetime": {"datetime": "2021-09-23 22:58:57", "elapsed": 162.554207, "delta": 0.818995}}
{"target": 0.467344854331457, "params": {"C": 1019.4553589918041, "epsilon": 0.9562751215425607, "gamma": 0.007517909588461329, "lamda": 0.7353724133535029}, "datetime": {"datetime": "2021-09-23 22:58:58", "elapsed": 163.449274, "delta": 0.895067}}
{"target": 0.469440702924246, "params": {"C": 1009.3905870931189, "epsilon": 0.9147314711699939, "gamma": 0.008229061464883447, "lamda": 0.5179108825110446}, "datetime": {"datetime": "2021-09-23 22:58:59", "elapsed": 164.442932, "delta": 0.993658}}
{"target": 0.4693798286048585, "params": {"C": 969.9200428234213, "epsilon": 0.8240138942262316, "gamma": 0.007324870538479645, "lamda": 0.5071390747970842}, "datetime": {"datetime": "2021-09-23 22:59:00", "elapsed": 165.318993, "delta": 0.876061}}
{"target": 0.46824986600601304, "params": {"C": 878.1857140173857, "epsilon": 0.8728261373416009, "gamma": 0.011504740881825615, "lamda": 0.535534617363365}, "datetime": {"datetime": "2021-09-23 22:59:01", "elapsed": 166.209995, "delta": 0.891002}}
{"target": 0.4686982074685785, "params": {"C": 1029.727724897195, "epsilon": 0.8820339257219724, "gamma": 0.007061217621091978, "lamda": 0.5695539214737874}, "datetime": {"datetime": "2021-09-23 22:59:02", "elapsed": 167.104073, "delta": 0.894078}}
{"target": 0.46928660593403015, "params": {"C": 870.6428573526448, "epsilon": 0.7352291855805466, "gamma": 0.009834551239586067, "lamda": 0.6109069370551884}, "datetime": {"datetime": "2021-09-23 22:59:03", "elapsed": 167.966333, "delta": 0.86226}}
{"target": 0.4679626515460479, "params": {"C": 1036.6529524045777, "epsilon": 0.7417196226427412, "gamma": 0.006170508238037229, "lamda": 0.6403776970185637}, "datetime": {"datetime": "2021-09-23 22:59:04", "elapsed": 168.998005, "delta": 1.031672}}
{"target": 0.4688246158490933, "params": {"C": 997.7646936485723, "epsilon": 0.9140328247227184, "gamma": 0.009079764422217551, "lamda": 0.6772439364659748}, "datetime": {"datetime": "2021-09-23 22:59:05", "elapsed": 170.022145, "delta": 1.02414}}
{"target": 0.46783883515489233, "params": {"C": 913.6221145132891, "epsilon": 0.8332649900100447, "gamma": 0.007266030149977241, "lamda": 0.7534172600045843}, "datetime": {"datetime": "2021-09-23 22:59:06", "elapsed": 170.823147, "delta": 0.801002}}
{"target": 0.46899838469468, "params": {"C": 999.5777926460448, "epsilon": 0.7265007471113651, "gamma": 0.010365184437828766, "lamda": 0.6005674325436321}, "datetime": {"datetime": "2021-09-23 22:59:07", "elapsed": 171.728721, "delta": 0.905574}}
{"target": 0.4690542240173714, "params": {"C": 965.9689931072951, "epsilon": 0.8806365780196621, "gamma": 0.010283560114021841, "lamda": 0.569749933514042}, "datetime": {"datetime": "2021-09-23 22:59:08", "elapsed": 172.689721, "delta": 0.961}}
{"target": 0.4677872520993429, "params": {"C": 895.6918521369846, "epsilon": 0.9288056615500844, "gamma": 0.008538959043808587, "lamda": 0.7922699850262496}, "datetime": {"datetime": "2021-09-23 22:59:09", "elapsed": 173.654672, "delta": 0.964951}}
{"target": 0.46845096908798034, "params": {"C": 868.3649592832837, "epsilon": 0.7123781462811283, "gamma": 0.011372052811475299, "lamda": 0.6969810277936748}, "datetime": {"datetime": "2021-09-23 22:59:10", "elapsed": 174.653674, "delta": 0.999002}}
{"target": 0.4681646631298092, "params": {"C": 1012.3486079747871, "epsilon": 0.9368486867644972, "gamma": 0.009992303763274358, "lamda": 0.7814330384960013}, "datetime": {"datetime": "2021-09-23 22:59:11", "elapsed": 175.716911, "delta": 1.063237}}
{"target": 0.4667810848155819, "params": {"C": 894.987360398178, "epsilon": 0.8203077196276907, "gamma": 0.006383966387248213, "lamda": 0.7603732962910387}, "datetime": {"datetime": "2021-09-23 22:59:12", "elapsed": 176.971177, "delta": 1.254266}}
{"target": 0.4686568916053293, "params": {"C": 1015.267070220637, "epsilon": 0.8348344625533219, "gamma": 0.011042215083012152, "lamda": 0.6088210162632499}, "datetime": {"datetime": "2021-09-23 22:59:13", "elapsed": 178.212165, "delta": 1.240988}}
{"target": 0.46799174872742344, "params": {"C": 940.4634384570742, "epsilon": 0.9642962145571403, "gamma": 0.011726095454254983, "lamda": 0.6995568202629427}, "datetime": {"datetime": "2021-09-23 22:59:14", "elapsed": 179.17415, "delta": 0.961985}}
{"target": 0.46837289309716357, "params": {"C": 912.1477497253828, "epsilon": 0.7869403077633347, "gamma": 0.01133039840982404, "lamda": 0.785044466626384}, "datetime": {"datetime": "2021-09-23 22:59:15", "elapsed": 180.222152, "delta": 1.048002}}
{"target": 0.4692297093946053, "params": {"C": 1034.7197914378414, "epsilon": 0.8000050265710407, "gamma": 0.008294353803791373, "lamda": 0.6575524035598803}, "datetime": {"datetime": "2021-09-23 22:59:16", "elapsed": 181.139682, "delta": 0.91753}}
{"target": 0.4691767919202543, "params": {"C": 973.297097078371, "epsilon": 0.9708636185019088, "gamma": 0.007641949606869199, "lamda": 0.5013850407863795}, "datetime": {"datetime": "2021-09-23 22:59:17", "elapsed": 182.143659, "delta": 1.003977}}
{"target": 0.46868115712045255, "params": {"C": 974.3567159201257, "epsilon": 0.9313251702506702, "gamma": 0.00830112946458662, "lamda": 0.6532472746478846}, "datetime": {"datetime": "2021-09-23 22:59:18", "elapsed": 183.098639, "delta": 0.95498}}
{"target": 0.4687857350142054, "params": {"C": 938.1578823711259, "epsilon": 0.845157616449256, "gamma": 0.009535742762253167, "lamda": 0.7486067478465143}, "datetime": {"datetime": "2021-09-23 22:59:19", "elapsed": 184.041982, "delta": 0.943343}}
{"target": 0.46953768309846566, "params": {"C": 914.674266310516, "epsilon": 0.7389814853799657, "gamma": 0.007823949696668827, "lamda": 0.5770625117013111}, "datetime": {"datetime": "2021-09-23 22:59:20", "elapsed": 185.003713, "delta": 0.961731}}
{"target": 0.4678178849159339, "params": {"C": 983.2812016550954, "epsilon": 0.9642906722578146, "gamma": 0.006205152024656052, "lamda": 0.5112931855058311}, "datetime": {"datetime": "2021-09-23 22:59:21", "elapsed": 185.94467, "delta": 0.940957}}
{"target": 0.46832790929042767, "params": {"C": 923.933084449488, "epsilon": 0.8195264291344763, "gamma": 0.006594669287306137, "lamda": 0.6011270550095649}, "datetime": {"datetime": "2021-09-23 22:59:22", "elapsed": 187.048516, "delta": 1.103846}}
{"target": 0.46841297986207053, "params": {"C": 988.7497500835947, "epsilon": 0.7172454514335681, "gamma": 0.011423086874781382, "lamda": 0.6917301642868517}, "datetime": {"datetime": "2021-09-23 22:59:23", "elapsed": 187.940447, "delta": 0.891931}}
{"target": 0.4686537352876654, "params": {"C": 937.8911777201768, "epsilon": 0.798171733567213, "gamma": 0.01087400143007279, "lamda": 0.737479901750929}, "datetime": {"datetime": "2021-09-23 22:59:24", "elapsed": 188.855638, "delta": 0.915191}}
{"target": 0.46855003702240083, "params": {"C": 1045.103016053262, "epsilon": 0.9372918996877827, "gamma": 0.010855301255695997, "lamda": 0.6611069908101825}, "datetime": {"datetime": "2021-09-23 22:59:25", "elapsed": 189.911944, "delta": 1.056306}}
{"target": 0.46930644096613505, "params": {"C": 857.8319295938808, "epsilon": 0.7764165835638505, "gamma": 0.009707361716573205, "lamda": 0.5369312204116741}, "datetime": {"datetime": "2021-09-23 22:59:26", "elapsed": 190.769943, "delta": 0.857999}}
{"target": 0.4686861127784123, "params": {"C": 928.326196593739, "epsilon": 0.9594708938005916, "gamma": 0.008991076940820488, "lamda": 0.66412525544872}, "datetime": {"datetime": "2021-09-23 22:59:27", "elapsed": 191.731473, "delta": 0.96153}}
{"target": 0.4680261111450952, "params": {"C": 1016.1977007484911, "epsilon": 0.8299364708682742, "gamma": 0.011925388723128682, "lamda": 0.7558062831026681}, "datetime": {"datetime": "2021-09-23 22:59:28", "elapsed": 192.650471, "delta": 0.918998}}
{"target": 0.46877549006075914, "params": {"C": 907.9527421291883, "epsilon": 0.8933182333604773, "gamma": 0.010819537764177007, "lamda": 0.5844122344043844}, "datetime": {"datetime": "2021-09-23 22:59:28", "elapsed": 193.548471, "delta": 0.898}}
{"target": 0.4684840536831807, "params": {"C": 989.494196185017, "epsilon": 0.9437030528955375, "gamma": 0.010077892836585951, "lamda": 0.7181025992406538}, "datetime": {"datetime": "2021-09-23 22:59:29", "elapsed": 194.527504, "delta": 0.979033}}
{"target": 0.46795882390927446, "params": {"C": 1027.6992618044526, "epsilon": 0.9843283812035081, "gamma": 0.011902435462440296, "lamda": 0.6619648638906295}, "datetime": {"datetime": "2021-09-23 22:59:30", "elapsed": 195.441991, "delta": 0.914487}}
{"target": 0.4668828203461275, "params": {"C": 894.4995572835085, "epsilon": 0.9952062026490114, "gamma": 0.006016724880632339, "lamda": 0.5621658958772329}, "datetime": {"datetime": "2021-09-23 22:59:31", "elapsed": 196.402991, "delta": 0.961}}
{"target": 0.469186590888902, "params": {"C": 932.2505106664598, "epsilon": 0.7945193515066846, "gamma": 0.007120337434032847, "lamda": 0.5478716508921531}, "datetime": {"datetime": "2021-09-23 22:59:32", "elapsed": 197.358585, "delta": 0.955594}}
{"target": 0.46861681973492875, "params": {"C": 861.1465307984884, "epsilon": 0.853043818957536, "gamma": 0.011082391713066613, "lamda": 0.5777902191182971}, "datetime": {"datetime": "2021-09-23 22:59:33", "elapsed": 198.370584, "delta": 1.011999}}
{"target": 0.46788541510274917, "params": {"C": 997.2791185611535, "epsilon": 0.8696098559592584, "gamma": 0.007950621201234092, "lamda": 0.7873180165713334}, "datetime": {"datetime": "2021-09-23 22:59:34", "elapsed": 199.338, "delta": 0.967416}}
