{"target": 0.10343550264589085, "params": {"C": 44.16349531205837, "epsilon": 0.02690030559606344, "gamma": 0.5501128154008305, "lamda": 0.4358870702256586}, "datetime": {"datetime": "2021-09-23 17:33:26", "elapsed": 0.0, "delta": 0.0}}
{"target": 0.3068291977950458, "params": {"C": 42.61641240666141, "epsilon": 0.33100448618287026, "gamma": 0.20544398540380465, "lamda": 0.6196516953843131}, "datetime": {"datetime": "2021-09-23 17:33:26", "elapsed": 0.348003, "delta": 0.348003}}
{"target": 0.06291773412863233, "params": {"C": 30.66581269377779, "epsilon": 0.2675604478277638, "gamma": 0.6215126989365256, "lamda": 0.529612952182762}, "datetime": {"datetime": "2021-09-23 17:33:26", "elapsed": 0.743999, "delta": 0.395996}}
{"target": 0.18395846301361096, "params": {"C": 79.85759672278877, "epsilon": 0.5128172979098047, "gamma": 0.37364021913997636, "lamda": 0.7871963927129769}, "datetime": {"datetime": "2021-09-23 17:33:27", "elapsed": 1.091, "delta": 0.347001}}
{"target": 0.0016625986499295697, "params": {"C": 2.5122175001992955, "epsilon": 0.45065704162312437, "gamma": 0.5191267988360582, "lamda": 0.05884936954631199}, "datetime": {"datetime": "2021-09-23 17:33:28", "elapsed": 2.059006, "delta": 0.968006}}
{"target": 0.11152846451293863, "params": {"C": 20.725119951692445, "epsilon": 0.5431678354684244, "gamma": 0.42107398063947843, "lamda": 0.20122780472316765}, "datetime": {"datetime": "2021-09-23 17:33:28", "elapsed": 2.518005, "delta": 0.458999}}
{"target": 0.09483726892475075, "params": {"C": 47.99009778339689, "epsilon": 0.3604654518218325, "gamma": 0.5774659872758462, "lamda": 0.5972627714150298}, "datetime": {"datetime": "2021-09-23 17:33:28", "elapsed": 2.896003, "delta": 0.377998}}
{"target": 0.16852024647519026, "params": {"C": 29.698932211464765, "epsilon": 0.333457169707144, "gamma": 0.36960005822419034, "lamda": 0.7214228516398732}, "datetime": {"datetime": "2021-09-23 17:33:29", "elapsed": 3.400001, "delta": 0.503998}}
{"target": 0.004264187733030611, "params": {"C": 6.673628144881391, "epsilon": 0.2534768613194108, "gamma": 0.6904237804170554, "lamda": 0.6177089927576852}, "datetime": {"datetime": "2021-09-23 17:33:29", "elapsed": 3.872047, "delta": 0.472046}}
{"target": 0.23659626978252946, "params": {"C": 64.24482980707343, "epsilon": 0.45289567489936244, "gamma": 0.3041017911197067, "lamda": 0.08590486769754192}, "datetime": {"datetime": "2021-09-23 17:33:30", "elapsed": 4.312043, "delta": 0.439996}}
{"target": 0.36410866091936167, "params": {"C": 55.28490142270517, "epsilon": 0.8434266673993177, "gamma": 0.10809787678449533, "lamda": 0.7278408836290761}, "datetime": {"datetime": "2021-09-23 17:33:30", "elapsed": 4.704003, "delta": 0.39196}}
{"target": 0.24359833654232632, "params": {"C": 72.20098888932098, "epsilon": 0.4647230876607479, "gamma": 0.26584445412110863, "lamda": 0.7240517642627505}, "datetime": {"datetime": "2021-09-23 17:33:31", "elapsed": 5.085004, "delta": 0.381001}}
{"target": 0.35315743711121106, "params": {"C": 55.148678159041104, "epsilon": 0.8885802052221266, "gamma": 0.12265031077171219, "lamda": 0.7421662621623211}, "datetime": {"datetime": "2021-09-23 17:33:31", "elapsed": 5.429003, "delta": 0.343999}}
{"target": 0.029950225160226163, "params": {"C": 55.59441019688261, "epsilon": 0.1942941946778187, "gamma": 0.9959030884374173, "lamda": 0.7839158365813219}, "datetime": {"datetime": "2021-09-23 17:33:32", "elapsed": 6.071468, "delta": 0.642465}}
{"target": 0.39309600113090115, "params": {"C": 55.16171760233419, "epsilon": 0.5024271644577502, "gamma": 0.001, "lamda": 1.0}, "datetime": {"datetime": "2021-09-23 17:33:32", "elapsed": 6.514375, "delta": 0.442907}}
{"target": 0.3970197868925589, "params": {"C": 54.986853148253104, "epsilon": 0.31972598204167607, "gamma": 0.001, "lamda": 0.4166434164011463}, "datetime": {"datetime": "2021-09-23 17:33:33", "elapsed": 7.048373, "delta": 0.533998}}
{"target": 0.3954225899161604, "params": {"C": 54.27109859573067, "epsilon": 0.0676509445699518, "gamma": 0.001, "lamda": 0.8827787064908307}, "datetime": {"datetime": "2021-09-23 17:33:33", "elapsed": 7.681381, "delta": 0.633008}}
{"target": 0.39513012562882155, "params": {"C": 53.78345758143366, "epsilon": 0.31539348155747166, "gamma": 0.001, "lamda": 0.001}, "datetime": {"datetime": "2021-09-23 17:33:34", "elapsed": 8.619054, "delta": 0.937673}}
{"target": 0.3939678077072133, "params": {"C": 52.80086278281584, "epsilon": 0.001, "gamma": 0.001, "lamda": 0.8095922502435116}, "datetime": {"datetime": "2021-09-23 17:33:35", "elapsed": 9.466657, "delta": 0.847603}}
{"target": 0.3664120953437032, "params": {"C": 52.1425752528808, "epsilon": 0.9577110835539702, "gamma": 0.10003994081949735, "lamda": 0.04176700895951213}, "datetime": {"datetime": "2021-09-23 17:33:36", "elapsed": 10.010529, "delta": 0.543872}}
{"target": 0.029763772770265762, "params": {"C": 52.76035659971402, "epsilon": 0.07040329373738545, "gamma": 0.9945754305432405, "lamda": 0.15983183567428622}, "datetime": {"datetime": "2021-09-23 17:33:36", "elapsed": 10.690428, "delta": 0.679899}}
{"target": 0.40652460766564846, "params": {"C": 53.666670861743036, "epsilon": 0.8878557076579766, "gamma": 0.059931596913814715, "lamda": 0.7721702921645683}, "datetime": {"datetime": "2021-09-23 17:33:37", "elapsed": 11.331987, "delta": 0.641559}}
{"target": 0.3745275690920512, "params": {"C": 51.57037976806294, "epsilon": 0.6856397135514387, "gamma": 0.09757157606271225, "lamda": 0.9738513947802289}, "datetime": {"datetime": "2021-09-23 17:33:38", "elapsed": 12.045726, "delta": 0.713739}}
{"target": 0.39213104335409443, "params": {"C": 50.65368600706983, "epsilon": 1.0, "gamma": 0.001, "lamda": 0.001}, "datetime": {"datetime": "2021-09-23 17:33:38", "elapsed": 12.911616, "delta": 0.86589}}
{"target": 0.37703599699339263, "params": {"C": 40.81498518892266, "epsilon": 0.683675971356677, "gamma": 0.001, "lamda": 0.8326613482587545}, "datetime": {"datetime": "2021-09-23 17:33:39", "elapsed": 13.518653, "delta": 0.607037}}
{"target": 0.023578602021273487, "params": {"C": 40.9055989039004, "epsilon": 0.001, "gamma": 1.0, "lamda": 0.001}, "datetime": {"datetime": "2021-09-23 17:33:40", "elapsed": 14.044432, "delta": 0.525779}}
{"target": 0.38015040241432263, "params": {"C": 52.641125141322874, "epsilon": 1.0, "gamma": 0.001, "lamda": 1.0}, "datetime": {"datetime": "2021-09-23 17:33:40", "elapsed": 14.550107, "delta": 0.505675}}
{"target": 0.36765244149538145, "params": {"C": 39.37790963802394, "epsilon": 1.0, "gamma": 0.001, "lamda": 1.0}, "datetime": {"datetime": "2021-09-23 17:33:41", "elapsed": 15.044106, "delta": 0.493999}}
{"target": 0.28264618405653463, "params": {"C": 37.55182309559052, "epsilon": 0.979962784065149, "gamma": 0.2215460972824671, "lamda": 0.8282592325832544}, "datetime": {"datetime": "2021-09-23 17:33:41", "elapsed": 15.606107, "delta": 0.562001}}
{"target": 0.37181060869961036, "params": {"C": 50.57219246140625, "epsilon": 0.001132580105147709, "gamma": 0.09478162724797293, "lamda": 0.9216538678974447}, "datetime": {"datetime": "2021-09-23 17:33:42", "elapsed": 16.103194, "delta": 0.497087}}
{"target": 0.06725621843769425, "params": {"C": 99.79272077325871, "epsilon": 0.32702706572829277, "gamma": 0.7786511434567251, "lamda": 0.6172180473916842}, "datetime": {"datetime": "2021-09-23 17:33:42", "elapsed": 16.538935, "delta": 0.435741}}
{"target": 0.30941587151697614, "params": {"C": 89.49560214984926, "epsilon": 0.941925053189557, "gamma": 0.14451224505896548, "lamda": 0.22665321677162528}, "datetime": {"datetime": "2021-09-23 17:33:43", "elapsed": 17.129933, "delta": 0.590998}}
{"target": 0.05635789421334236, "params": {"C": 87.67039594756152, "epsilon": 0.1612957210810624, "gamma": 0.8659137179307459, "lamda": 0.762918205876742}, "datetime": {"datetime": "2021-09-23 17:33:43", "elapsed": 17.674935, "delta": 0.545002}}
{"target": 0.41649820558962003, "params": {"C": 91.4008457491182, "epsilon": 1.0, "gamma": 0.001, "lamda": 0.001}, "datetime": {"datetime": "2021-09-23 17:33:44", "elapsed": 18.313824, "delta": 0.638889}}
{"target": 0.024316822759857026, "params": {"C": 91.40139293170901, "epsilon": 1.0, "gamma": 1.0, "lamda": 1.0}, "datetime": {"datetime": "2021-09-23 17:33:44", "elapsed": 18.931711, "delta": 0.617887}}
{"target": 0.41653470089820166, "params": {"C": 92.04457997422446, "epsilon": 0.001, "gamma": 0.001, "lamda": 0.001}, "datetime": {"datetime": "2021-09-23 17:33:45", "elapsed": 19.599082, "delta": 0.667371}}
{"target": 0.41654097172755966, "params": {"C": 92.81875481743154, "epsilon": 1.0, "gamma": 0.001, "lamda": 0.001}, "datetime": {"datetime": "2021-09-23 17:33:46", "elapsed": 20.258446, "delta": 0.659364}}
{"target": 0.41657808437838173, "params": {"C": 93.72436400525451, "epsilon": 0.001, "gamma": 0.001, "lamda": 0.001}, "datetime": {"datetime": "2021-09-23 17:33:47", "elapsed": 20.967803, "delta": 0.709357}}
{"target": 0.4462581835976861, "params": {"C": 94.69513030205297, "epsilon": 0.847738684912648, "gamma": 0.028023061939735746, "lamda": 0.8982357259879902}, "datetime": {"datetime": "2021-09-23 17:33:47", "elapsed": 21.52786, "delta": 0.560057}}
{"target": 0.0545540200861695, "params": {"C": 95.0414922534381, "epsilon": 0.32232359993364507, "gamma": 0.9114732891621473, "lamda": 0.003402426635738842}, "datetime": {"datetime": "2021-09-23 17:33:48", "elapsed": 22.082858, "delta": 0.554998}}
{"target": 0.4421264310243096, "params": {"C": 93.42949013981237, "epsilon": 0.649993630786992, "gamma": 0.02344502092856589, "lamda": 0.8003489838179983}, "datetime": {"datetime": "2021-09-23 17:33:48", "elapsed": 22.663884, "delta": 0.581026}}
{"target": 0.3400746355511942, "params": {"C": 13.882575387735212, "epsilon": 0.8637732733140219, "gamma": 0.13040654659921763, "lamda": 0.986865653091622}, "datetime": {"datetime": "2021-09-23 17:33:49", "elapsed": 23.272886, "delta": 0.609002}}
{"target": 0.0005125457128263289, "params": {"C": 12.449962777200474, "epsilon": 0.001, "gamma": 1.0, "lamda": 1.0}, "datetime": {"datetime": "2021-09-23 17:33:49", "elapsed": 23.932128, "delta": 0.659242}}
{"target": 0.2909837159254274, "params": {"C": 15.510740788258232, "epsilon": 1.0, "gamma": 0.001, "lamda": 0.9838467421128467}, "datetime": {"datetime": "2021-09-23 17:33:50", "elapsed": 24.564088, "delta": 0.63196}}
{"target": 0.354948286383444, "params": {"C": 93.96106468564741, "epsilon": 0.20228864761258486, "gamma": 0.08924202165676892, "lamda": 0.980975914394899}, "datetime": {"datetime": "2021-09-23 17:33:51", "elapsed": 25.118126, "delta": 0.554038}}
{"target": 0.20950854414397913, "params": {"C": 93.91168081112112, "epsilon": 0.9676344760104966, "gamma": 0.3140143510077471, "lamda": 0.12391544351195923}, "datetime": {"datetime": "2021-09-23 17:33:51", "elapsed": 25.765562, "delta": 0.647436}}
{"target": 0.29056674886486533, "params": {"C": 92.94182831887622, "epsilon": 0.12192262855472627, "gamma": 0.16469941958661288, "lamda": 0.54251923307053}, "datetime": {"datetime": "2021-09-23 17:33:52", "elapsed": 26.400251, "delta": 0.634689}}
{"target": 0.43824462458596825, "params": {"C": 90.94942767829929, "epsilon": 0.0538397210993345, "gamma": 0.00653955176469757, "lamda": 0.1367121209694097}, "datetime": {"datetime": "2021-09-23 17:33:53", "elapsed": 27.710253, "delta": 1.310002}}
{"target": 0.02442331352624072, "params": {"C": 50.63221250280914, "epsilon": 0.979596793349887, "gamma": 0.9984594675269977, "lamda": 0.657385140366151}, "datetime": {"datetime": "2021-09-23 17:33:55", "elapsed": 29.566253, "delta": 1.856}}
{"target": 0.39224300048792815, "params": {"C": 51.18235739280771, "epsilon": 0.030453085237724935, "gamma": 0.001, "lamda": 0.001}, "datetime": {"datetime": "2021-09-23 17:33:56", "elapsed": 30.832256, "delta": 1.266003}}
{"target": 0.4030059083375922, "params": {"C": 95.63829960450316, "epsilon": 1.0, "gamma": 0.001, "lamda": 1.0}, "datetime": {"datetime": "2021-09-23 17:33:57", "elapsed": 31.595252, "delta": 0.762996}}
{"target": 0.40327869143317197, "params": {"C": 97.00716511278942, "epsilon": 1.0, "gamma": 0.001, "lamda": 1.0}, "datetime": {"datetime": "2021-09-23 17:33:58", "elapsed": 32.477709, "delta": 0.882457}}
{"target": 0.2547244586024021, "params": {"C": 96.78870554820404, "epsilon": 0.07382917726249195, "gamma": 0.2076217019387874, "lamda": 0.9234229570449387}, "datetime": {"datetime": "2021-09-23 17:33:59", "elapsed": 33.557909, "delta": 1.0802}}
{"target": 0.4172817175326241, "params": {"C": 97.50788053041234, "epsilon": 1.0, "gamma": 0.001, "lamda": 0.001}, "datetime": {"datetime": "2021-09-23 17:34:00", "elapsed": 34.791805, "delta": 1.233896}}
{"target": 0.04755645370162109, "params": {"C": 97.44933393322887, "epsilon": 0.987474790384324, "gamma": 0.8671660237906441, "lamda": 0.44708974545644276}, "datetime": {"datetime": "2021-09-23 17:34:01", "elapsed": 35.609803, "delta": 0.817998}}
{"target": 0.3960060408486413, "params": {"C": 54.28146022750181, "epsilon": 1.0, "gamma": 0.001, "lamda": 0.001}, "datetime": {"datetime": "2021-09-23 17:34:03", "elapsed": 37.008656, "delta": 1.398853}}
{"target": 0.41644041988905034, "params": {"C": 90.52026102736986, "epsilon": 0.7643738533746375, "gamma": 0.001, "lamda": 0.001}, "datetime": {"datetime": "2021-09-23 17:34:04", "elapsed": 38.008268, "delta": 0.999612}}
{"target": 0.06068548416258257, "params": {"C": 38.75378191156336, "epsilon": 0.001, "gamma": 0.679837927779301, "lamda": 1.0}, "datetime": {"datetime": "2021-09-23 17:34:04", "elapsed": 38.954888, "delta": 0.94662}}
{"target": 0.08155722288711764, "params": {"C": 90.21080430901345, "epsilon": 0.001, "gamma": 0.735000242729782, "lamda": 0.001}, "datetime": {"datetime": "2021-09-23 17:34:05", "elapsed": 39.586258, "delta": 0.63137}}
{"target": 0.4023361000022907, "params": {"C": 92.76677952009992, "epsilon": 1.0, "gamma": 0.001, "lamda": 1.0}, "datetime": {"datetime": "2021-09-23 17:34:06", "elapsed": 40.625631, "delta": 1.039373}}
{"target": 0.004434698012292682, "params": {"C": 14.639195419955408, "epsilon": 1.0, "gamma": 0.9524452066883807, "lamda": 0.001}, "datetime": {"datetime": "2021-09-23 17:34:07", "elapsed": 41.64858, "delta": 1.022949}}
{"target": 0.391906844956431, "params": {"C": 50.03741149686281, "epsilon": 0.001, "gamma": 0.001, "lamda": 0.001}, "datetime": {"datetime": "2021-09-23 17:34:09", "elapsed": 42.99714, "delta": 1.34856}}
{"target": 0.36960947930111365, "params": {"C": 35.60197072713828, "epsilon": 1.0, "gamma": 0.001, "lamda": 0.4805846501117572}, "datetime": {"datetime": "2021-09-23 17:34:10", "elapsed": 44.014884, "delta": 1.017744}}
{"target": 0.022624770916443437, "params": {"C": 34.8270143962524, "epsilon": 0.6846527324957677, "gamma": 0.9220009382785644, "lamda": 0.9067920286705476}, "datetime": {"datetime": "2021-09-23 17:34:11", "elapsed": 45.450903, "delta": 1.436019}}
{"target": 0.41715935577650076, "params": {"C": 96.52452606157168, "epsilon": 1.0, "gamma": 0.001, "lamda": 0.001}, "datetime": {"datetime": "2021-09-23 17:34:12", "elapsed": 46.595489, "delta": 1.144586}}
{"target": 0.22582182009291185, "params": {"C": 36.46173878594358, "epsilon": 0.33571530056592225, "gamma": 0.3178611849609439, "lamda": 0.022949429354405637}, "datetime": {"datetime": "2021-09-23 17:34:13", "elapsed": 47.784487, "delta": 1.188998}}
{"target": 0.3704749155995397, "params": {"C": 41.77687246362952, "epsilon": 1.0, "gamma": 0.001, "lamda": 1.0}, "datetime": {"datetime": "2021-09-23 17:34:15", "elapsed": 49.23646, "delta": 1.451973}}
{"target": 0.3860897915600614, "params": {"C": 60.215040819671444, "epsilon": 1.0, "gamma": 0.001, "lamda": 1.0}, "datetime": {"datetime": "2021-09-23 17:34:16", "elapsed": 50.120715, "delta": 0.884255}}
{"target": 0.189482366782602, "params": {"C": 60.265887849450834, "epsilon": 0.18266255328930392, "gamma": 0.39091698688051224, "lamda": 0.13504208620599678}, "datetime": {"datetime": "2021-09-23 17:34:17", "elapsed": 51.249103, "delta": 1.128388}}
{"target": 0.38701318506675364, "params": {"C": 61.46370574928104, "epsilon": 1.0, "gamma": 0.001, "lamda": 1.0}, "datetime": {"datetime": "2021-09-23 17:34:18", "elapsed": 52.742014, "delta": 1.492911}}
{"target": 0.060130341395665754, "params": {"C": 62.332799848022695, "epsilon": 0.7919237458190048, "gamma": 0.7367092418565783, "lamda": 0.8167774259068604}, "datetime": {"datetime": "2021-09-23 17:34:19", "elapsed": 53.933015, "delta": 1.191001}}
{"target": 0.18635009105347933, "params": {"C": 58.53878444563804, "epsilon": 0.7283123300352962, "gamma": 0.36337997237842645, "lamda": 0.9278113690035152}, "datetime": {"datetime": "2021-09-23 17:34:20", "elapsed": 54.959111, "delta": 1.026096}}
{"target": 0.4424393368424012, "params": {"C": 91.37068235630389, "epsilon": 0.11961215415220249, "gamma": 0.00876794137524415, "lamda": 0.7517248823881467}, "datetime": {"datetime": "2021-09-23 17:34:21", "elapsed": 55.890114, "delta": 0.931003}}
{"target": 0.03148036846544, "params": {"C": 68.29520971913148, "epsilon": 0.8443444913511491, "gamma": 0.9371057272961146, "lamda": 0.9840455983254444}, "datetime": {"datetime": "2021-09-23 17:34:22", "elapsed": 56.858149, "delta": 0.968035}}
{"target": 0.018809436581255445, "params": {"C": 25.4737322776729, "epsilon": 0.9586959224241166, "gamma": 0.8927463135522657, "lamda": 0.38689415514587683}, "datetime": {"datetime": "2021-09-23 17:34:24", "elapsed": 58.886979, "delta": 2.02883}}
{"target": 0.3044529989755165, "params": {"C": 17.206421155993638, "epsilon": 0.001, "gamma": 0.001, "lamda": 1.0}, "datetime": {"datetime": "2021-09-23 17:34:26", "elapsed": 60.468287, "delta": 1.581308}}
{"target": 0.03843974875524647, "params": {"C": 75.56725079206493, "epsilon": 0.995299848832395, "gamma": 0.973742423147608, "lamda": 0.23769541215605977}, "datetime": {"datetime": "2021-09-23 17:34:27", "elapsed": 61.641457, "delta": 1.17317}}
{"target": 0.005983109414896881, "params": {"C": 17.797926319599412, "epsilon": 1.0, "gamma": 1.0, "lamda": 0.17803005641627273}, "datetime": {"datetime": "2021-09-23 17:34:28", "elapsed": 62.593004, "delta": 0.951547}}
{"target": 0.4105370514796378, "params": {"C": 83.43611666644813, "epsilon": 0.9759226124705733, "gamma": 0.04539118211012258, "lamda": 0.0091207447218347}, "datetime": {"datetime": "2021-09-23 17:34:29", "elapsed": 63.598863, "delta": 1.005859}}
{"target": 0.4140127128310811, "params": {"C": 83.5430099599048, "epsilon": 0.001, "gamma": 0.001, "lamda": 0.6428269241766416}, "datetime": {"datetime": "2021-09-23 17:34:30", "elapsed": 64.855075, "delta": 1.256212}}
{"target": 0.03492241464590662, "params": {"C": 83.51346284076311, "epsilon": 0.7395601564354755, "gamma": 0.9503933898394638, "lamda": 0.8021129336905451}, "datetime": {"datetime": "2021-09-23 17:34:32", "elapsed": 66.303048, "delta": 1.447973}}
{"target": 0.3629111476503454, "params": {"C": 82.63977569739718, "epsilon": 0.2215889238090266, "gamma": 0.08112575798144166, "lamda": 0.1522155208086502}, "datetime": {"datetime": "2021-09-23 17:34:33", "elapsed": 67.627529, "delta": 1.324481}}
{"target": 0.4139089184273803, "params": {"C": 84.20090453140305, "epsilon": 0.001, "gamma": 0.001, "lamda": 0.001}, "datetime": {"datetime": "2021-09-23 17:34:34", "elapsed": 68.743785, "delta": 1.116256}}
{"target": 0.3972543998719491, "params": {"C": 84.69886423745149, "epsilon": 0.919607910772439, "gamma": 0.05348139961171744, "lamda": 0.024333464796696447}, "datetime": {"datetime": "2021-09-23 17:34:36", "elapsed": 70.12507, "delta": 1.381285}}
{"target": 0.40223883183978426, "params": {"C": 85.20923731810002, "epsilon": 0.13683446276662511, "gamma": 0.049526200533307474, "lamda": 0.9274131058510159}, "datetime": {"datetime": "2021-09-23 17:34:37", "elapsed": 71.209044, "delta": 1.083974}}
{"target": 0.4140918512133145, "params": {"C": 85.55184188664091, "epsilon": 0.001, "gamma": 0.001, "lamda": 0.001}, "datetime": {"datetime": "2021-09-23 17:34:38", "elapsed": 72.45501, "delta": 1.245966}}
{"target": 0.20425230081233936, "params": {"C": 85.8653202200825, "epsilon": 0.9510390440044524, "gamma": 0.3320293288817752, "lamda": 0.26044550753988394}, "datetime": {"datetime": "2021-09-23 17:34:39", "elapsed": 73.284277, "delta": 0.829267}}
{"target": 0.07035991310257617, "params": {"C": 85.02359218374605, "epsilon": 0.0036648921466330225, "gamma": 0.7812566738729677, "lamda": 0.2807516782979864}, "datetime": {"datetime": "2021-09-23 17:34:40", "elapsed": 74.292227, "delta": 1.00795}}
{"target": 0.4144256149990817, "params": {"C": 95.18644708841276, "epsilon": 0.06120100298169642, "gamma": 0.001, "lamda": 1.0}, "datetime": {"datetime": "2021-09-23 17:34:41", "elapsed": 75.526504, "delta": 1.234277}}
{"target": 0.04192022466657064, "params": {"C": 9.615216772531333, "epsilon": 0.9728247846059624, "gamma": 0.47984065828273237, "lamda": 0.12771007762277606}, "datetime": {"datetime": "2021-09-23 17:34:42", "elapsed": 76.953867, "delta": 1.427363}}
{"target": 0.41351632211218603, "params": {"C": 81.67481399443984, "epsilon": 1.0, "gamma": 0.001, "lamda": 0.001}, "datetime": {"datetime": "2021-09-23 17:34:43", "elapsed": 77.891865, "delta": 0.937998}}
{"target": 0.4325274090407999, "params": {"C": 81.47090587967182, "epsilon": 0.40769123358003384, "gamma": 0.0020179111802176145, "lamda": 0.8364808684424054}, "datetime": {"datetime": "2021-09-23 17:34:45", "elapsed": 79.25296, "delta": 1.361095}}
{"target": 0.16025294666578183, "params": {"C": 81.24288173915625, "epsilon": 0.047671354306878924, "gamma": 0.4553263046159674, "lamda": 0.04073433964328561}, "datetime": {"datetime": "2021-09-23 17:34:46", "elapsed": 80.375784, "delta": 1.122824}}
{"target": 0.062045350090860096, "params": {"C": 81.43131819032641, "epsilon": 0.917063794618833, "gamma": 0.6997162779958428, "lamda": 0.9689454493750278}, "datetime": {"datetime": "2021-09-23 17:34:47", "elapsed": 81.640102, "delta": 1.264318}}
