{"target": 0.4686568916053293, "params": {"C": 873.9503026654778, "epsilon": 0.8348344625533219, "gamma": 0.011042215083012152, "lamda": 0.6088210162632499}, "datetime": {"datetime": "2021-09-23 22:44:17", "elapsed": 138.030663, "delta": 1.349452}}
{"target": 0.46799174872742344, "params": {"C": 817.8475788428057, "epsilon": 0.9642962145571403, "gamma": 0.011726095454254983, "lamda": 0.6995568202629427}, "datetime": {"datetime": "2021-09-23 22:44:18", "elapsed": 138.96348, "delta": 0.932817}}
{"target": 0.46837289309716357, "params": {"C": 796.6108122940371, "epsilon": 0.7869403077633347, "gamma": 0.01133039840982404, "lamda": 0.785044466626384}, "datetime": {"datetime": "2021-09-23 22:44:19", "elapsed": 140.094637, "delta": 1.131157}}
{"target": 0.4692297093946053, "params": {"C": 888.539843578381, "epsilon": 0.8000050265710407, "gamma": 0.008294353803791373, "lamda": 0.6575524035598803}, "datetime": {"datetime": "2021-09-23 22:44:20", "elapsed": 141.131397, "delta": 1.03676}}
{"target": 0.4691767919202543, "params": {"C": 842.4728228087783, "epsilon": 0.9708636185019088, "gamma": 0.007641949606869199, "lamda": 0.5013850407863795}, "datetime": {"datetime": "2021-09-23 22:44:21", "elapsed": 142.668396, "delta": 1.536999}}
{"target": 0.46868115712045255, "params": {"C": 843.2675369400943, "epsilon": 0.9313251702506702, "gamma": 0.00830112946458662, "lamda": 0.6532472746478846}, "datetime": {"datetime": "2021-09-23 22:44:22", "elapsed": 143.650632, "delta": 0.982236}}
{"target": 0.4687857350142054, "params": {"C": 816.1184117783445, "epsilon": 0.845157616449256, "gamma": 0.009535742762253167, "lamda": 0.7486067478465143}, "datetime": {"datetime": "2021-09-23 22:44:24", "elapsed": 144.701598, "delta": 1.050966}}
{"target": 0.46953768309846566, "params": {"C": 798.505699732887, "epsilon": 0.7389814853799657, "gamma": 0.007823949696668827, "lamda": 0.5770625117013111}, "datetime": {"datetime": "2021-09-23 22:44:25", "elapsed": 146.03253, "delta": 1.330932}}
{"target": 0.4678178849159339, "params": {"C": 849.9609012413216, "epsilon": 0.9642906722578146, "gamma": 0.006205152024656052, "lamda": 0.5112931855058311}, "datetime": {"datetime": "2021-09-23 22:44:26", "elapsed": 147.019725, "delta": 0.987195}}
{"target": 0.46832790929042767, "params": {"C": 805.449813337116, "epsilon": 0.8195264291344763, "gamma": 0.006594669287306137, "lamda": 0.6011270550095649}, "datetime": {"datetime": "2021-09-23 22:44:27", "elapsed": 148.451525, "delta": 1.4318}}
{"target": 0.46841297986207053, "params": {"C": 854.062312562696, "epsilon": 0.7172454514335681, "gamma": 0.011423086874781382, "lamda": 0.6917301642868517}, "datetime": {"datetime": "2021-09-23 22:44:29", "elapsed": 149.986592, "delta": 1.535067}}
{"target": 0.4686537352876654, "params": {"C": 815.9183832901326, "epsilon": 0.798171733567213, "gamma": 0.01087400143007279, "lamda": 0.737479901750929}, "datetime": {"datetime": "2021-09-23 22:44:31", "elapsed": 152.07457, "delta": 2.087978}}
{"target": 0.46855003702240083, "params": {"C": 896.3272620399465, "epsilon": 0.9372918996877827, "gamma": 0.010855301255695997, "lamda": 0.6611069908101825}, "datetime": {"datetime": "2021-09-23 22:44:32", "elapsed": 153.576037, "delta": 1.501467}}
{"target": 0.46930644096613505, "params": {"C": 755.8739471954107, "epsilon": 0.7764165835638505, "gamma": 0.009707361716573205, "lamda": 0.5369312204116741}, "datetime": {"datetime": "2021-09-23 22:44:34", "elapsed": 155.303215, "delta": 1.727178}}
{"target": 0.4686861127784123, "params": {"C": 808.7446474453043, "epsilon": 0.9594708938005916, "gamma": 0.008991076940820488, "lamda": 0.66412525544872}, "datetime": {"datetime": "2021-09-23 22:44:35", "elapsed": 156.410217, "delta": 1.107002}}
{"target": 0.4680261111450952, "params": {"C": 874.6482755613683, "epsilon": 0.8299364708682742, "gamma": 0.011925388723128682, "lamda": 0.7558062831026681}, "datetime": {"datetime": "2021-09-23 22:44:36", "elapsed": 157.530502, "delta": 1.120285}}
{"target": 0.46877549006075914, "params": {"C": 793.4645565968913, "epsilon": 0.8933182333604773, "gamma": 0.010819537764177007, "lamda": 0.5844122344043844}, "datetime": {"datetime": "2021-09-23 22:44:38", "elapsed": 158.953121, "delta": 1.422619}}
{"target": 0.4684840536831807, "params": {"C": 854.6206471387627, "epsilon": 0.9437030528955375, "gamma": 0.010077892836585951, "lamda": 0.7181025992406538}, "datetime": {"datetime": "2021-09-23 22:44:39", "elapsed": 160.543254, "delta": 1.590133}}
{"target": 0.46795882390927446, "params": {"C": 883.2744463533394, "epsilon": 0.9843283812035081, "gamma": 0.011902435462440296, "lamda": 0.6619648638906295}, "datetime": {"datetime": "2021-09-23 22:44:41", "elapsed": 162.158631, "delta": 1.615377}}
{"target": 0.4668828203461275, "params": {"C": 783.3746679626313, "epsilon": 0.9952062026490114, "gamma": 0.006016724880632339, "lamda": 0.5621658958772329}, "datetime": {"datetime": "2021-09-23 22:44:42", "elapsed": 163.553285, "delta": 1.394654}}
{"target": 0.469186590888902, "params": {"C": 811.6878829998449, "epsilon": 0.7945193515066846, "gamma": 0.007120337434032847, "lamda": 0.5478716508921531}, "datetime": {"datetime": "2021-09-23 22:44:44", "elapsed": 164.778286, "delta": 1.225001}}
{"target": 0.46861681973492875, "params": {"C": 758.3598980988662, "epsilon": 0.853043818957536, "gamma": 0.011082391713066613, "lamda": 0.5777902191182971}, "datetime": {"datetime": "2021-09-23 22:44:45", "elapsed": 166.01686, "delta": 1.238574}}
{"target": 0.46788541510274917, "params": {"C": 860.4593389208651, "epsilon": 0.8696098559592584, "gamma": 0.007950621201234092, "lamda": 0.7873180165713334}, "datetime": {"datetime": "2021-09-23 22:44:46", "elapsed": 167.341989, "delta": 1.325129}}
{"target": 0.4695580159608318, "params": {"C": 877.628311407717, "epsilon": 0.8574744297700041, "gamma": 0.007996750452390436, "lamda": 0.5012989480402377}, "datetime": {"datetime": "2021-09-23 22:44:48", "elapsed": 168.973433, "delta": 1.631444}}
{"target": 0.46929993272559933, "params": {"C": 756.26616146865, "epsilon": 0.8550040782606712, "gamma": 0.00789309519683462, "lamda": 0.5691177012345917}, "datetime": {"datetime": "2021-09-23 22:44:49", "elapsed": 170.484508, "delta": 1.511075}}
{"target": 0.4682430110431568, "params": {"C": 836.7699747456146, "epsilon": 0.7632030162109802, "gamma": 0.011620260516889882, "lamda": 0.6448748820441526}, "datetime": {"datetime": "2021-09-23 22:44:50", "elapsed": 171.67083, "delta": 1.186322}}
{"target": 0.4695963746803614, "params": {"C": 812.96761852453, "epsilon": 0.7258739255109337, "gamma": 0.008752459875973425, "lamda": 0.5944256880589949}, "datetime": {"datetime": "2021-09-23 22:44:52", "elapsed": 172.835535, "delta": 1.164705}}
{"target": 0.4678259053423577, "params": {"C": 825.7001432164676, "epsilon": 0.7556349211424841, "gamma": 0.006269391680920132, "lamda": 0.6690756848255157}, "datetime": {"datetime": "2021-09-23 22:44:53", "elapsed": 174.014726, "delta": 1.179191}}
{"target": 0.46721756079217025, "params": {"C": 887.4416153613159, "epsilon": 0.9495515274352254, "gamma": 0.00796751627254532, "lamda": 0.7975567198634803}, "datetime": {"datetime": "2021-09-23 22:44:55", "elapsed": 176.365301, "delta": 2.350575}}
{"target": 0.46919326461769684, "params": {"C": 888.0360675790791, "epsilon": 0.8680975528837034, "gamma": 0.007973259303678315, "lamda": 0.5892605791018682}, "datetime": {"datetime": "2021-09-23 22:44:57", "elapsed": 177.750803, "delta": 1.385502}}
{"target": 0.46787625166986113, "params": {"C": 789.2724255749262, "epsilon": 0.8752331959929119, "gamma": 0.006490740485908643, "lamda": 0.605214318403668}, "datetime": {"datetime": "2021-09-23 22:44:58", "elapsed": 179.183926, "delta": 1.433123}}
{"target": 0.4689775619593157, "params": {"C": 896.2965134183258, "epsilon": 0.8669244973179967, "gamma": 0.007148186976013648, "lamda": 0.5447093223354461}, "datetime": {"datetime": "2021-09-23 22:44:59", "elapsed": 180.582511, "delta": 1.398585}}
{"target": 0.46917325696064505, "params": {"C": 816.2223657805259, "epsilon": 0.7141971850297963, "gamma": 0.010102968822216956, "lamda": 0.6653063586940556}, "datetime": {"datetime": "2021-09-23 22:45:01", "elapsed": 182.129407, "delta": 1.546896}}
{"target": 0.46883442086295424, "params": {"C": 873.3739711094448, "epsilon": 0.7032116930557518, "gamma": 0.010780638050232466, "lamda": 0.7105788173018449}, "datetime": {"datetime": "2021-09-23 22:45:03", "elapsed": 183.774481, "delta": 1.645074}}
{"target": 0.46824333927331363, "params": {"C": 815.9767571476775, "epsilon": 0.9962971894002653, "gamma": 0.008120991470564562, "lamda": 0.6551140180679336}, "datetime": {"datetime": "2021-09-23 22:45:04", "elapsed": 185.011215, "delta": 1.236734}}
{"target": 0.4689757259906745, "params": {"C": 884.8886628356689, "epsilon": 0.8660257555385023, "gamma": 0.010393906892993065, "lamda": 0.6073484856813192}, "datetime": {"datetime": "2021-09-23 22:45:05", "elapsed": 186.607613, "delta": 1.596398}}
{"target": 0.4696112588429462, "params": {"C": 896.2902891568656, "epsilon": 0.8359364917864911, "gamma": 0.008457959305974407, "lamda": 0.5105055537602726}, "datetime": {"datetime": "2021-09-23 22:45:07", "elapsed": 187.700734, "delta": 1.093121}}
{"target": 0.4686795320881395, "params": {"C": 820.4055383851179, "epsilon": 0.7718967213350937, "gamma": 0.011018433112246408, "lamda": 0.649859728397894}, "datetime": {"datetime": "2021-09-23 22:45:08", "elapsed": 189.200811, "delta": 1.500077}}
{"target": 0.4682233707744117, "params": {"C": 899.1422384269174, "epsilon": 0.96418896248272, "gamma": 0.0073298704031307385, "lamda": 0.6105343535395137}, "datetime": {"datetime": "2021-09-23 22:45:10", "elapsed": 191.143362, "delta": 1.942551}}
{"target": 0.4691262896455608, "params": {"C": 891.7108949552013, "epsilon": 0.8657826532733606, "gamma": 0.00995958263498969, "lamda": 0.6118228221574022}, "datetime": {"datetime": "2021-09-23 22:45:11", "elapsed": 192.463646, "delta": 1.320284}}
{"target": 0.4691513856153512, "params": {"C": 882.8252613613388, "epsilon": 0.8048897332905393, "gamma": 0.006976371448738359, "lamda": 0.5253178924508481}, "datetime": {"datetime": "2021-09-23 22:45:13", "elapsed": 193.76147, "delta": 1.297824}}
{"target": 0.4683223578346357, "params": {"C": 874.2790425230878, "epsilon": 0.8055967218058011, "gamma": 0.006453908588820219, "lamda": 0.587766152449678}, "datetime": {"datetime": "2021-09-23 22:45:14", "elapsed": 195.624699, "delta": 1.863229}}
{"target": 0.4689712864708754, "params": {"C": 838.2521844843271, "epsilon": 0.8857749226442042, "gamma": 0.010410018427307727, "lamda": 0.5059771457333725}, "datetime": {"datetime": "2021-09-23 22:45:16", "elapsed": 197.241634, "delta": 1.616935}}
{"target": 0.4664592071158953, "params": {"C": 770.6163598120887, "epsilon": 0.9711306478291082, "gamma": 0.0066501499343136015, "lamda": 0.7099720136365003}, "datetime": {"datetime": "2021-09-23 22:45:18", "elapsed": 198.685429, "delta": 1.443795}}
{"target": 0.46872443937834296, "params": {"C": 887.2805147092671, "epsilon": 0.9827549583441749, "gamma": 0.007035971354114146, "lamda": 0.5027462771220013}, "datetime": {"datetime": "2021-09-23 22:45:19", "elapsed": 200.384205, "delta": 1.698776}}
{"target": 0.46945764555142866, "params": {"C": 864.210745950859, "epsilon": 0.8401412405699504, "gamma": 0.008364029611478543, "lamda": 0.566359784605952}, "datetime": {"datetime": "2021-09-23 22:45:21", "elapsed": 202.382918, "delta": 1.998713}}
{"target": 0.4663770484159615, "params": {"C": 899.6627171419427, "epsilon": 0.9173334397812087, "gamma": 0.006364299646388226, "lamda": 0.7171215080960667}, "datetime": {"datetime": "2021-09-23 22:45:23", "elapsed": 203.968915, "delta": 1.585997}}
{"target": 0.4689785462709998, "params": {"C": 774.6069990926934, "epsilon": 0.7894696351936668, "gamma": 0.010462024064257551, "lamda": 0.5889813654044058}, "datetime": {"datetime": "2021-09-23 22:45:24", "elapsed": 205.313917, "delta": 1.345002}}
{"target": 0.4683166980791046, "params": {"C": 881.3954407458504, "epsilon": 0.9596686892251189, "gamma": 0.006617549865772478, "lamda": 0.5153284805640347}, "datetime": {"datetime": "2021-09-23 22:45:26", "elapsed": 207.084922, "delta": 1.771005}}
{"target": 0.46934215578297933, "params": {"C": 804.1657462878211, "epsilon": 0.7039997216468019, "gamma": 0.009071505288968298, "lamda": 0.7396709190909828}, "datetime": {"datetime": "2021-09-23 22:45:27", "elapsed": 208.331953, "delta": 1.247031}}
{"target": 0.4691925947153529, "params": {"C": 854.9763534122794, "epsilon": 0.8555052163021097, "gamma": 0.009703599159159425, "lamda": 0.6205146015552397}, "datetime": {"datetime": "2021-09-23 22:45:29", "elapsed": 209.761986, "delta": 1.430033}}
{"target": 0.46892630006385716, "params": {"C": 802.8634820056602, "epsilon": 0.8921550130097562, "gamma": 0.010522964159847648, "lamda": 0.5819373815852152}, "datetime": {"datetime": "2021-09-23 22:45:30", "elapsed": 211.514983, "delta": 1.752997}}
{"target": 0.4671548764130353, "params": {"C": 785.5172677480396, "epsilon": 0.917865307031746, "gamma": 0.006014333232688231, "lamda": 0.5806122757367369}, "datetime": {"datetime": "2021-09-23 22:45:32", "elapsed": 213.146985, "delta": 1.632002}}
{"target": 0.46826584285108297, "params": {"C": 810.5237655466512, "epsilon": 0.9813992228736712, "gamma": 0.010922469892414409, "lamda": 0.697370967879172}, "datetime": {"datetime": "2021-09-23 22:45:34", "elapsed": 214.973056, "delta": 1.826071}}
{"target": 0.46826410106177363, "params": {"C": 834.2832435028935, "epsilon": 0.917356344025485, "gamma": 0.009915187222755353, "lamda": 0.7818579925817877}, "datetime": {"datetime": "2021-09-23 22:45:36", "elapsed": 216.727058, "delta": 1.754002}}
{"target": 0.46959918749176754, "params": {"C": 880.188340127905, "epsilon": 0.8490221980491193, "gamma": 0.008208451270191108, "lamda": 0.502508176864481}, "datetime": {"datetime": "2021-09-23 22:45:37", "elapsed": 218.127728, "delta": 1.40067}}
{"target": 0.4678868426412943, "params": {"C": 765.9259807204712, "epsilon": 0.8040142979927545, "gamma": 0.01162731591122497, "lamda": 0.5144903863064554}, "datetime": {"datetime": "2021-09-23 22:45:39", "elapsed": 219.727164, "delta": 1.599436}}
{"target": 0.46966199126076147, "params": {"C": 860.3668201618275, "epsilon": 0.7022689472524515, "gamma": 0.00787154238086045, "lamda": 0.5358645584657489}, "datetime": {"datetime": "2021-09-23 22:45:41", "elapsed": 221.685168, "delta": 1.958004}}
{"target": 0.4685075582728718, "params": {"C": 829.3993872328089, "epsilon": 0.8364185660252377, "gamma": 0.011067348889690649, "lamda": 0.7283736196636871}, "datetime": {"datetime": "2021-09-23 22:45:42", "elapsed": 223.09076, "delta": 1.405592}}
{"target": 0.46908483934028145, "params": {"C": 827.8814291875036, "epsilon": 0.9986842446028654, "gamma": 0.008410370304809121, "lamda": 0.5516628571696816}, "datetime": {"datetime": "2021-09-23 22:45:43", "elapsed": 224.60547, "delta": 1.51471}}
{"target": 0.46933509892601966, "params": {"C": 772.6291594499231, "epsilon": 0.978098462957986, "gamma": 0.008598802851890042, "lamda": 0.5221258534854025}, "datetime": {"datetime": "2021-09-23 22:45:45", "elapsed": 226.474746, "delta": 1.869276}}
{"target": 0.4681498391980653, "params": {"C": 771.7359569748547, "epsilon": 0.7233103963383832, "gamma": 0.011676610916128552, "lamda": 0.6517843720332539}, "datetime": {"datetime": "2021-09-23 22:45:47", "elapsed": 227.927593, "delta": 1.452847}}
{"target": 0.46813491397613327, "params": {"C": 822.8149860168473, "epsilon": 0.9071744430358064, "gamma": 0.011751230148176308, "lamda": 0.6788678683170776}, "datetime": {"datetime": "2021-09-23 22:45:49", "elapsed": 230.046656, "delta": 2.119063}}
{"target": 0.4667486730349988, "params": {"C": 798.187978803296, "epsilon": 0.8415970521418792, "gamma": 0.0063026070970501336, "lamda": 0.7309742145751075}, "datetime": {"datetime": "2021-09-23 22:45:51", "elapsed": 231.858124, "delta": 1.811468}}
{"target": 0.46906662107946506, "params": {"C": 769.3553025697023, "epsilon": 0.8141315802491249, "gamma": 0.009580886577930534, "lamda": 0.7082427791828074}, "datetime": {"datetime": "2021-09-23 22:45:52", "elapsed": 233.264365, "delta": 1.406241}}
{"target": 0.46836128975778835, "params": {"C": 800.329757953279, "epsilon": 0.8758119943441502, "gamma": 0.008314308659796798, "lamda": 0.7456262509481468}, "datetime": {"datetime": "2021-09-23 22:45:53", "elapsed": 234.651563, "delta": 1.387198}}
{"target": 0.46836078793527425, "params": {"C": 844.5542591471734, "epsilon": 0.9491208264420138, "gamma": 0.011455833875598743, "lamda": 0.6070737633354815}, "datetime": {"datetime": "2021-09-23 22:45:55", "elapsed": 236.168183, "delta": 1.51662}}
{"target": 0.4675642390692881, "params": {"C": 830.3530282163299, "epsilon": 0.8463680614558888, "gamma": 0.006950065593141748, "lamda": 0.7333164558450211}, "datetime": {"datetime": "2021-09-23 22:45:57", "elapsed": 238.138491, "delta": 1.970308}}
{"target": 0.4681619927596611, "params": {"C": 844.5645716038084, "epsilon": 0.9007450595537377, "gamma": 0.011453993982117276, "lamda": 0.7376454617107195}, "datetime": {"datetime": "2021-09-23 22:45:58", "elapsed": 239.514418, "delta": 1.375927}}
{"target": 0.4674147972052066, "params": {"C": 836.4550536703262, "epsilon": 0.994612683300057, "gamma": 0.011893199309135825, "lamda": 0.798379993212391}, "datetime": {"datetime": "2021-09-23 22:46:01", "elapsed": 241.868196, "delta": 2.353778}}
{"target": 0.46836418485480014, "params": {"C": 888.5336226119342, "epsilon": 0.7581334146020338, "gamma": 0.006480696726142743, "lamda": 0.6241849246111132}, "datetime": {"datetime": "2021-09-23 22:46:03", "elapsed": 243.726003, "delta": 1.857807}}
{"target": 0.4692132837778372, "params": {"C": 802.9735997683877, "epsilon": 0.7577077538892625, "gamma": 0.007881575997328912, "lamda": 0.6673010050775505}, "datetime": {"datetime": "2021-09-23 22:46:04", "elapsed": 245.192003, "delta": 1.466}}
{"target": 0.46825500323343894, "params": {"C": 781.4004724633372, "epsilon": 0.8978044016614819, "gamma": 0.01160586324365274, "lamda": 0.5580440770191009}, "datetime": {"datetime": "2021-09-23 22:46:06", "elapsed": 246.763995, "delta": 1.571992}}
{"target": 0.46844774376546794, "params": {"C": 826.5974400130997, "epsilon": 0.9577355467781281, "gamma": 0.011328709019955387, "lamda": 0.526462464923629}, "datetime": {"datetime": "2021-09-23 22:46:07", "elapsed": 248.365522, "delta": 1.601527}}
{"target": 0.4680058822312104, "params": {"C": 854.0466550741623, "epsilon": 0.897290682715094, "gamma": 0.011970471356634465, "lamda": 0.578460787163876}, "datetime": {"datetime": "2021-09-23 22:46:09", "elapsed": 250.16652, "delta": 1.800998}}
{"target": 0.46889856476306246, "params": {"C": 894.35818841341, "epsilon": 0.7485116796114192, "gamma": 0.010582273670254501, "lamda": 0.7147039839130264}, "datetime": {"datetime": "2021-09-23 22:46:11", "elapsed": 252.01752, "delta": 1.851}}
{"target": 0.4690383402129783, "params": {"C": 855.7741224466454, "epsilon": 0.8099487279133317, "gamma": 0.007945951471526371, "lamda": 0.6630820832125678}, "datetime": {"datetime": "2021-09-23 22:46:12", "elapsed": 253.445525, "delta": 1.428005}}
{"target": 0.4686664682000464, "params": {"C": 815.9454753973481, "epsilon": 0.9743505508116124, "gamma": 0.01084752830120642, "lamda": 0.5928685560431408}, "datetime": {"datetime": "2021-09-23 22:46:14", "elapsed": 254.926524, "delta": 1.480999}}
{"target": 0.4679825205054966, "params": {"C": 754.2149933016051, "epsilon": 0.9344947359810544, "gamma": 0.011866429755826994, "lamda": 0.5101874332662447}, "datetime": {"datetime": "2021-09-23 22:46:15", "elapsed": 256.44252, "delta": 1.515996}}
{"target": 0.46756082321859194, "params": {"C": 833.0727896648889, "epsilon": 0.9836250171099059, "gamma": 0.011882093071397166, "lamda": 0.7774777642516378}, "datetime": {"datetime": "2021-09-23 22:46:18", "elapsed": 259.253593, "delta": 2.811073}}
{"target": 0.4685913072601151, "params": {"C": 807.5259469105855, "epsilon": 0.7980255495013139, "gamma": 0.011153857196910416, "lamda": 0.6800722613343261}, "datetime": {"datetime": "2021-09-23 22:46:20", "elapsed": 261.094587, "delta": 1.840994}}
{"target": 0.46846501835621346, "params": {"C": 796.4463505407012, "epsilon": 0.8642419167205789, "gamma": 0.00819838549250319, "lamda": 0.7320113966900516}, "datetime": {"datetime": "2021-09-23 22:46:22", "elapsed": 263.179585, "delta": 2.084998}}
{"target": 0.4681876641785633, "params": {"C": 832.4447166022558, "epsilon": 0.9990817709672479, "gamma": 0.008118563089421101, "lamda": 0.6599168879967291}, "datetime": {"datetime": "2021-09-23 22:46:24", "elapsed": 265.04559, "delta": 1.866005}}
{"target": 0.46844493180912194, "params": {"C": 782.9355323837243, "epsilon": 0.7941843661250638, "gamma": 0.00653312896157933, "lamda": 0.5912491539283304}, "datetime": {"datetime": "2021-09-23 22:46:26", "elapsed": 267.152381, "delta": 2.106791}}
{"target": 0.4664573992545601, "params": {"C": 855.2306915230332, "epsilon": 0.9715286288749534, "gamma": 0.006827435083971401, "lamda": 0.7333087568519272}, "datetime": {"datetime": "2021-09-23 22:46:27", "elapsed": 268.644094, "delta": 1.491713}}
{"target": 0.4688668232240516, "params": {"C": 785.4987743259209, "epsilon": 0.9444296263989133, "gamma": 0.008468971127098242, "lamda": 0.6246651433020521}, "datetime": {"datetime": "2021-09-23 22:46:29", "elapsed": 270.512481, "delta": 1.868387}}
{"target": 0.4693212958478101, "params": {"C": 802.2336134089385, "epsilon": 0.8907517385506311, "gamma": 0.008698779861402337, "lamda": 0.5822005088763662}, "datetime": {"datetime": "2021-09-23 22:46:32", "elapsed": 272.744084, "delta": 2.231603}}
{"target": 0.4681478400084992, "params": {"C": 805.7237684649293, "epsilon": 0.9350359337732126, "gamma": 0.010550934602848215, "lamda": 0.777536231824635}, "datetime": {"datetime": "2021-09-23 22:46:33", "elapsed": 274.227813, "delta": 1.483729}}
