{"target": -42.68706662776478, "params": {"C": 61.74017470491902, "epsilon": 0.7947653467950775, "gamma": 0.007022371454693282, "lamda": 0.998637061856052}, "datetime": {"datetime": "2021-09-24 18:57:09", "elapsed": 227.202019, "delta": 1.588132}}
{"target": -42.44999825569047, "params": {"C": 74.42254027762185, "epsilon": 0.8493934141036199, "gamma": 0.01080811362959086, "lamda": 1.2505994651165877}, "datetime": {"datetime": "2021-09-24 18:57:11", "elapsed": 229.004332, "delta": 1.802313}}
{"target": -45.207877251572235, "params": {"C": 81.52152386793615, "epsilon": 0.6694810483139467, "gamma": 0.09099090070493503, "lamda": 1.1884351570145621}, "datetime": {"datetime": "2021-09-24 18:57:12", "elapsed": 230.047869, "delta": 1.043537}}
{"target": -42.8368285383984, "params": {"C": 93.8129853204721, "epsilon": 0.8668791490705973, "gamma": 0.013441820995106983, "lamda": 0.12424054645157012}, "datetime": {"datetime": "2021-09-24 18:57:14", "elapsed": 232.058361, "delta": 2.010492}}
{"target": -42.29652787670743, "params": {"C": 99.87633917776598, "epsilon": 0.725438618857713, "gamma": 0.008924892410179675, "lamda": 1.0667306477030698}, "datetime": {"datetime": "2021-09-24 18:57:15", "elapsed": 233.717519, "delta": 1.659158}}
{"target": -43.43254768662718, "params": {"C": 67.65786658946256, "epsilon": 0.19316682045124414, "gamma": 0.03204600395592705, "lamda": 0.8369473553708273}, "datetime": {"datetime": "2021-09-24 18:57:16", "elapsed": 234.890663, "delta": 1.173144}}
{"target": -45.59846154113396, "params": {"C": 60.466824154445746, "epsilon": 0.6596886575327346, "gamma": 0.09349674352027021, "lamda": 0.2910269048387738}, "datetime": {"datetime": "2021-09-24 18:57:18", "elapsed": 236.248814, "delta": 1.358151}}
{"target": -45.58550763992601, "params": {"C": 75.53248000436658, "epsilon": 0.8592593707711665, "gamma": 0.08892369882926389, "lamda": 0.13322411640173287}, "datetime": {"datetime": "2021-09-24 18:57:19", "elapsed": 237.639354, "delta": 1.39054}}
{"target": -42.69862685153466, "params": {"C": 61.72417991033111, "epsilon": 0.6634176674659791, "gamma": 0.008499660783106088, "lamda": 1.0295493797349018}, "datetime": {"datetime": "2021-09-24 18:57:21", "elapsed": 239.446192, "delta": 1.806838}}
{"target": -43.30129834067331, "params": {"C": 74.67643412792141, "epsilon": 0.7646852426323714, "gamma": 0.025721712105365568, "lamda": 0.32868512706519626}, "datetime": {"datetime": "2021-09-24 18:57:23", "elapsed": 241.286199, "delta": 1.840007}}
{"target": -43.55906029535262, "params": {"C": 85.25804081554847, "epsilon": 0.36712926395139484, "gamma": 0.03310819928018514, "lamda": 0.815866809118797}, "datetime": {"datetime": "2021-09-24 18:57:24", "elapsed": 242.449727, "delta": 1.163528}}
{"target": -43.38435007102157, "params": {"C": 93.82922696419962, "epsilon": 0.8417953739765551, "gamma": 0.03417068047267655, "lamda": 0.06006864402140696}, "datetime": {"datetime": "2021-09-24 18:57:26", "elapsed": 244.468911, "delta": 2.019184}}
{"target": -43.054919317391594, "params": {"C": 54.506643265567824, "epsilon": 0.24853664630537733, "gamma": 0.015265680039305174, "lamda": 0.8247980918246072}, "datetime": {"datetime": "2021-09-24 18:57:28", "elapsed": 246.235133, "delta": 1.766222}}
{"target": -42.47771701808091, "params": {"C": 74.32289785653445, "epsilon": 0.8848140230037508, "gamma": 0.012162089830347968, "lamda": 1.254519791036209}, "datetime": {"datetime": "2021-09-24 18:57:31", "elapsed": 249.081894, "delta": 2.846761}}
{"target": -43.44184185546408, "params": {"C": 74.3317339517613, "epsilon": 0.9032165003090011, "gamma": 0.04241778823934378, "lamda": 1.3324964717570429}, "datetime": {"datetime": "2021-09-24 18:57:32", "elapsed": 250.599984, "delta": 1.51809}}
{"target": -43.69780997287685, "params": {"C": 74.45133201115453, "epsilon": 0.8390525535201194, "gamma": 0.048213281768049156, "lamda": 1.26042026885713}, "datetime": {"datetime": "2021-09-24 18:57:34", "elapsed": 252.110963, "delta": 1.510979}}
{"target": -43.15601549150431, "params": {"C": 74.29254188984068, "epsilon": 0.9158293438332014, "gamma": 0.033456514248535206, "lamda": 1.2935798658265913}, "datetime": {"datetime": "2021-09-24 18:57:35", "elapsed": 253.870743, "delta": 1.75978}}
{"target": -43.10522448646784, "params": {"C": 74.35269473197494, "epsilon": 0.9328487461416624, "gamma": 0.03204103173163291, "lamda": 1.2683404661196664}, "datetime": {"datetime": "2021-09-24 18:57:37", "elapsed": 255.86552, "delta": 1.994777}}
{"target": -43.97503051397801, "params": {"C": 61.76476873170576, "epsilon": 0.6499413804248465, "gamma": 0.04992686207784669, "lamda": 1.0686142187109282}, "datetime": {"datetime": "2021-09-24 18:57:39", "elapsed": 257.696138, "delta": 1.830618}}
{"target": -43.78116641832753, "params": {"C": 61.83292477530695, "epsilon": 0.814950655908381, "gamma": 0.04173802359712099, "lamda": 0.6239101660325873}, "datetime": {"datetime": "2021-09-24 18:57:41", "elapsed": 258.964818, "delta": 1.26868}}
{"target": -42.858799768441436, "params": {"C": 74.86295139598275, "epsilon": 0.251802809739221, "gamma": 0.002872348116634919, "lamda": 1.1151166061872224}, "datetime": {"datetime": "2021-09-24 18:57:42", "elapsed": 260.792434, "delta": 1.827616}}
{"target": -44.73995797485133, "params": {"C": 68.57458948830977, "epsilon": 0.7836696594647979, "gamma": 0.07609042094699556, "lamda": 1.3877560383504262}, "datetime": {"datetime": "2021-09-24 18:57:44", "elapsed": 261.959447, "delta": 1.167013}}
{"target": -44.3047516748731, "params": {"C": 55.748440608278585, "epsilon": 0.694990640055928, "gamma": 0.055122434925629404, "lamda": 0.39199876341453616}, "datetime": {"datetime": "2021-09-24 18:57:45", "elapsed": 263.286382, "delta": 1.326935}}
{"target": -43.41114769798072, "params": {"C": 68.15853918413869, "epsilon": 0.6940211177248505, "gamma": 0.002982173728590887, "lamda": 1.3644714238920825}, "datetime": {"datetime": "2021-09-24 18:57:47", "elapsed": 265.277572, "delta": 1.99119}}
{"target": -44.47253917747096, "params": {"C": 99.87774766877425, "epsilon": 0.6909220563575976, "gamma": 0.06994192788810517, "lamda": 1.1078192272357952}, "datetime": {"datetime": "2021-09-24 18:57:50", "elapsed": 267.973168, "delta": 2.695596}}
{"target": -42.97001644313242, "params": {"C": 74.31748774978415, "epsilon": 0.9263882219099943, "gamma": 0.028133009507086786, "lamda": 1.227575664877589}, "datetime": {"datetime": "2021-09-24 18:57:52", "elapsed": 269.994771, "delta": 2.021603}}
{"target": -43.60520059418954, "params": {"C": 74.37798219279819, "epsilon": 0.8709238883514954, "gamma": 0.04583131249896322, "lamda": 1.2192231603437926}, "datetime": {"datetime": "2021-09-24 18:57:53", "elapsed": 271.821324, "delta": 1.826553}}
{"target": -44.61966008766047, "params": {"C": 69.83358133396364, "epsilon": 0.3228187084906623, "gamma": 0.0642531058944991, "lamda": 0.8375649776707723}, "datetime": {"datetime": "2021-09-24 18:57:55", "elapsed": 273.135858, "delta": 1.314534}}
{"target": -42.71714334728791, "params": {"C": 99.86224288247078, "epsilon": 0.7853796819385489, "gamma": 0.021713230210802195, "lamda": 1.049776167645369}, "datetime": {"datetime": "2021-09-24 18:57:57", "elapsed": 274.970159, "delta": 1.834301}}
{"target": -42.90979186498818, "params": {"C": 93.7944466621912, "epsilon": 0.8278738219472428, "gamma": 0.003954002823083214, "lamda": 0.13906513360333753}, "datetime": {"datetime": "2021-09-24 18:57:59", "elapsed": 277.338534, "delta": 2.368375}}
{"target": -43.37983568392763, "params": {"C": 54.54826169016518, "epsilon": 0.23039619002167844, "gamma": 0.03011636668120475, "lamda": 0.8258784433177768}, "datetime": {"datetime": "2021-09-24 18:58:01", "elapsed": 279.248522, "delta": 1.909988}}
{"target": -45.54519311159549, "params": {"C": 55.27896081310037, "epsilon": 0.3327530271684771, "gamma": 0.09517211871911081, "lamda": 0.7691670791384202}, "datetime": {"datetime": "2021-09-24 18:58:02", "elapsed": 280.580276, "delta": 1.331754}}
{"target": -44.1701555067946, "params": {"C": 70.17857780448864, "epsilon": 0.3541035670283476, "gamma": 0.05081257196948723, "lamda": 0.7114774471040904}, "datetime": {"datetime": "2021-09-24 18:58:03", "elapsed": 281.78627, "delta": 1.205994}}
{"target": -42.7684900031945, "params": {"C": 56.82932049386955, "epsilon": 0.9046153906857238, "gamma": 0.010685345868070219, "lamda": 1.0457346062595498}, "datetime": {"datetime": "2021-09-24 18:58:05", "elapsed": 283.623196, "delta": 1.836926}}
{"target": -44.49136003020388, "params": {"C": 68.05510806645265, "epsilon": 0.7331176146158158, "gamma": 0.06580704415394512, "lamda": 1.0750341761949969}, "datetime": {"datetime": "2021-09-24 18:58:06", "elapsed": 284.854792, "delta": 1.231596}}
{"target": -44.02506525610187, "params": {"C": 62.98081703500441, "epsilon": 0.9420404339698741, "gamma": 0.04740989183703893, "lamda": 0.3344135864120247}, "datetime": {"datetime": "2021-09-24 18:58:08", "elapsed": 286.400452, "delta": 1.54566}}
{"target": -43.61025758060392, "params": {"C": 51.74591279775162, "epsilon": 0.9107432460597397, "gamma": 0.032608974589129, "lamda": 0.03239763978921248}, "datetime": {"datetime": "2021-09-24 18:58:09", "elapsed": 287.792785, "delta": 1.392333}}
{"target": -45.592012841954606, "params": {"C": 61.321902894485966, "epsilon": 0.022425936128295167, "gamma": 0.09311883257766881, "lamda": 0.3920899000981123}, "datetime": {"datetime": "2021-09-24 18:58:11", "elapsed": 289.055114, "delta": 1.262329}}
{"target": -44.51594521215906, "params": {"C": 88.3645371784354, "epsilon": 0.8761469998189231, "gamma": 0.06941756653954165, "lamda": 0.8810201002431772}, "datetime": {"datetime": "2021-09-24 18:58:12", "elapsed": 290.334672, "delta": 1.279558}}
{"target": -42.73731207112406, "params": {"C": 63.90402468102302, "epsilon": 0.43978474399610085, "gamma": 0.005987989124497231, "lamda": 0.9632455753709388}, "datetime": {"datetime": "2021-09-24 18:58:14", "elapsed": 292.648507, "delta": 2.313835}}
{"target": -43.21439463208931, "params": {"C": 94.21531472588612, "epsilon": 0.38365201348807804, "gamma": 0.026683401475756964, "lamda": 0.16853231246717942}, "datetime": {"datetime": "2021-09-24 18:58:17", "elapsed": 294.937039, "delta": 2.288532}}
{"target": -44.730990554589646, "params": {"C": 67.95319167959495, "epsilon": 0.8920271552011698, "gamma": 0.07436420787442108, "lamda": 0.896550420671144}, "datetime": {"datetime": "2021-09-24 18:58:18", "elapsed": 296.267058, "delta": 1.330019}}
{"target": -43.61403228195954, "params": {"C": 60.73675549522454, "epsilon": 0.31364057813319857, "gamma": 0.03924013141127189, "lamda": 0.6797865167687988}, "datetime": {"datetime": "2021-09-24 18:58:21", "elapsed": 299.149212, "delta": 2.882154}}
{"target": -43.53315466420266, "params": {"C": 74.32601834464407, "epsilon": 0.8993868994335189, "gamma": 0.044407318432596085, "lamda": 1.257917249797824}, "datetime": {"datetime": "2021-09-24 18:58:23", "elapsed": 301.202157, "delta": 2.052945}}
{"target": -43.26095122319532, "params": {"C": 75.23540346096584, "epsilon": 0.23464318575922052, "gamma": 0.025308875111348165, "lamda": 0.8796578855476811}, "datetime": {"datetime": "2021-09-24 18:58:25", "elapsed": 303.212466, "delta": 2.010309}}
{"target": -43.59510316442969, "params": {"C": 66.59068554906791, "epsilon": 0.8457995207426657, "gamma": 0.03744859164587902, "lamda": 0.8577768601154422}, "datetime": {"datetime": "2021-09-24 18:58:26", "elapsed": 304.650108, "delta": 1.437642}}
{"target": -43.82244722678112, "params": {"C": 63.89736155479984, "epsilon": 0.4487730749357711, "gamma": 0.0420799970397715, "lamda": 0.9408048104250704}, "datetime": {"datetime": "2021-09-24 18:58:29", "elapsed": 307.213775, "delta": 2.563667}}
{"target": -45.011197850886866, "params": {"C": 92.78916992976804, "epsilon": 0.45127579973253773, "gamma": 0.001, "lamda": 1.387894266545004}, "datetime": {"datetime": "2021-09-24 18:58:32", "elapsed": 310.381305, "delta": 3.16753}}
{"target": -42.71342401188383, "params": {"C": 99.80996384435045, "epsilon": 0.7569788273537066, "gamma": 0.0210034141374107, "lamda": 1.0602101123550456}, "datetime": {"datetime": "2021-09-24 18:58:34", "elapsed": 312.389314, "delta": 2.008009}}
{"target": -44.79150917506848, "params": {"C": 99.55805193405607, "epsilon": 0.459476392020418, "gamma": 0.06733379349010378, "lamda": 0.5997044904885865}, "datetime": {"datetime": "2021-09-24 18:58:35", "elapsed": 313.845309, "delta": 1.455995}}
{"target": -42.69668647859514, "params": {"C": 74.42199757843413, "epsilon": 0.9592558284190614, "gamma": 0.0208518325566857, "lamda": 1.23939201483184}, "datetime": {"datetime": "2021-09-24 18:58:38", "elapsed": 316.368757, "delta": 2.523448}}
{"target": -44.6613588563534, "params": {"C": 54.09951638035054, "epsilon": 0.37964533483061336, "gamma": 0.06690111705758385, "lamda": 1.4801792186423388}, "datetime": {"datetime": "2021-09-24 18:58:39", "elapsed": 317.582037, "delta": 1.21328}}
{"target": -43.071272056118794, "params": {"C": 93.79114031407332, "epsilon": 0.8804383225394414, "gamma": 0.020779442974675707, "lamda": 0.13078849592783118}, "datetime": {"datetime": "2021-09-24 18:58:42", "elapsed": 320.020904, "delta": 2.438867}}
{"target": -43.24386630439313, "params": {"C": 94.25823422821077, "epsilon": 0.37409653823370925, "gamma": 0.02965522596574803, "lamda": 0.12231899349983784}, "datetime": {"datetime": "2021-09-24 18:58:44", "elapsed": 322.529577, "delta": 2.508673}}
{"target": -45.54084927199305, "params": {"C": 68.44109266669047, "epsilon": 0.6225285268877715, "gamma": 0.09101037124882985, "lamda": 0.25637785436097166}, "datetime": {"datetime": "2021-09-24 18:58:46", "elapsed": 323.914895, "delta": 1.385318}}
{"target": -43.039775626572144, "params": {"C": 64.05181247682417, "epsilon": 0.4567865423533732, "gamma": 0.01689299157964384, "lamda": 0.8636436468632079}, "datetime": {"datetime": "2021-09-24 18:58:47", "elapsed": 325.657667, "delta": 1.742772}}
{"target": -42.199731922732234, "params": {"C": 99.85351378541344, "epsilon": 0.8236325261958145, "gamma": 0.005896106034024596, "lamda": 1.0994652063539836}, "datetime": {"datetime": "2021-09-24 18:58:51", "elapsed": 328.993595, "delta": 3.335928}}
{"target": -42.82025658152936, "params": {"C": 66.2786879618689, "epsilon": 0.8475307092889528, "gamma": 0.004212896666752135, "lamda": 0.6658442033869002}, "datetime": {"datetime": "2021-09-24 18:58:52", "elapsed": 330.398467, "delta": 1.404872}}
{"target": -44.38414817117843, "params": {"C": 75.18045124798418, "epsilon": 0.16141911669229106, "gamma": 0.0574882396308637, "lamda": 0.8752417626761431}, "datetime": {"datetime": "2021-09-24 18:58:54", "elapsed": 332.150487, "delta": 1.75202}}
{"target": -42.9464324671552, "params": {"C": 54.661594486213524, "epsilon": 0.3499324798792624, "gamma": 0.01218975364945404, "lamda": 1.087590627445848}, "datetime": {"datetime": "2021-09-24 18:58:55", "elapsed": 333.4302, "delta": 1.279713}}
{"target": -43.054587681524666, "params": {"C": 54.428845145675275, "epsilon": 0.3115436023458183, "gamma": 0.01816063550408555, "lamda": 0.8412051270324933}, "datetime": {"datetime": "2021-09-24 18:58:57", "elapsed": 335.253509, "delta": 1.823309}}
{"target": -43.118868266197076, "params": {"C": 50.97883655547834, "epsilon": 0.6702878849325202, "gamma": 0.02133600144453255, "lamda": 1.4546061404631414}, "datetime": {"datetime": "2021-09-24 18:58:58", "elapsed": 336.572842, "delta": 1.319333}}
{"target": -43.20258075494099, "params": {"C": 63.669433703968046, "epsilon": 0.21125654763676696, "gamma": 0.024747403951427382, "lamda": 0.8466174567311875}, "datetime": {"datetime": "2021-09-24 18:59:00", "elapsed": 337.923233, "delta": 1.350391}}
{"target": -42.872472997173766, "params": {"C": 64.00980121525187, "epsilon": 0.4678221746839717, "gamma": 0.010515806436338428, "lamda": 0.8318076208360943}, "datetime": {"datetime": "2021-09-24 18:59:02", "elapsed": 340.766865, "delta": 2.843632}}
{"target": -43.24753505647962, "params": {"C": 80.01193510181346, "epsilon": 0.7166175512127568, "gamma": 0.021391666894042927, "lamda": 0.5385498545387606}, "datetime": {"datetime": "2021-09-24 18:59:04", "elapsed": 342.098705, "delta": 1.33184}}
{"target": -44.11582245885053, "params": {"C": 99.87127697347162, "epsilon": 0.8796125077657471, "gamma": 0.056063032480829326, "lamda": 0.7097006785833329}, "datetime": {"datetime": "2021-09-24 18:59:05", "elapsed": 343.406944, "delta": 1.308239}}
{"target": -44.3574899687902, "params": {"C": 93.78151868881096, "epsilon": 0.8255331078513792, "gamma": 0.05617412801124937, "lamda": 0.11959659467663186}, "datetime": {"datetime": "2021-09-24 18:59:08", "elapsed": 345.988529, "delta": 2.581585}}
{"target": -44.38129346606654, "params": {"C": 74.88623416249396, "epsilon": 0.19996633683722098, "gamma": 0.05650911825047307, "lamda": 1.1493735248069008}, "datetime": {"datetime": "2021-09-24 18:59:10", "elapsed": 348.801349, "delta": 2.81282}}
{"target": -44.108809341890314, "params": {"C": 60.69644042686414, "epsilon": 0.3494169611812414, "gamma": 0.00171162118347354, "lamda": 0.7206421383711381}, "datetime": {"datetime": "2021-09-24 18:59:13", "elapsed": 351.195794, "delta": 2.394445}}
{"target": -42.84931927541578, "params": {"C": 96.35234580683854, "epsilon": 0.9844608541240251, "gamma": 0.0106006423030044, "lamda": 0.14090703853806716}, "datetime": {"datetime": "2021-09-24 18:59:15", "elapsed": 353.481889, "delta": 2.286095}}
{"target": -44.757367036324226, "params": {"C": 84.12888380881782, "epsilon": 0.7769588842799965, "gamma": 0.07514956623281352, "lamda": 0.8488246346977445}, "datetime": {"datetime": "2021-09-24 18:59:16", "elapsed": 354.859617, "delta": 1.377728}}
{"target": -42.80836425262432, "params": {"C": 96.77469689356442, "epsilon": 0.15008961092453915, "gamma": 0.0029096968362618625, "lamda": 1.123243076064026}, "datetime": {"datetime": "2021-09-24 18:59:18", "elapsed": 356.272991, "delta": 1.413374}}
{"target": -43.39272292809697, "params": {"C": 53.290431356010906, "epsilon": 0.6401009620815099, "gamma": 0.0278741266959652, "lamda": 1.062317349151902}, "datetime": {"datetime": "2021-09-24 18:59:19", "elapsed": 357.694452, "delta": 1.421461}}
{"target": -43.39437796665967, "params": {"C": 61.72500320780621, "epsilon": 0.8287420233504289, "gamma": 0.03230194196066283, "lamda": 1.0187277532794037}, "datetime": {"datetime": "2021-09-24 18:59:21", "elapsed": 359.751064, "delta": 2.056612}}
{"target": -46.382182114244095, "params": {"C": 74.37850250859434, "epsilon": 0.8953649383764614, "gamma": 0.001, "lamda": 1.2584265258188934}, "datetime": {"datetime": "2021-09-24 18:59:23", "elapsed": 361.834138, "delta": 2.083074}}
{"target": -44.86169246458582, "params": {"C": 74.20786725937181, "epsilon": 0.8394039416389253, "gamma": 0.0748199133941808, "lamda": 0.5712598473304178}, "datetime": {"datetime": "2021-09-24 18:59:25", "elapsed": 363.245095, "delta": 1.410957}}
{"target": -43.44204581865297, "params": {"C": 94.19207280738345, "epsilon": 0.3849757931386672, "gamma": 0.035624017843208934, "lamda": 0.10983510408191866}, "datetime": {"datetime": "2021-09-24 18:59:27", "elapsed": 365.237957, "delta": 1.992862}}
{"target": -44.09105215270116, "params": {"C": 60.55847372105899, "epsilon": 0.6502287555014575, "gamma": 0.049274462153398695, "lamda": 0.6077520966520649}, "datetime": {"datetime": "2021-09-24 18:59:28", "elapsed": 366.669712, "delta": 1.431755}}
{"target": -43.46114763130593, "params": {"C": 56.755860463352136, "epsilon": 0.2599514278423443, "gamma": 0.02766875789813905, "lamda": 0.04255130748366737}, "datetime": {"datetime": "2021-09-24 18:59:30", "elapsed": 368.559694, "delta": 1.889982}}
{"target": -42.7866075402102, "params": {"C": 74.30258626387231, "epsilon": 0.8696049207581062, "gamma": 0.02113388866785911, "lamda": 1.196926227428703}, "datetime": {"datetime": "2021-09-24 18:59:32", "elapsed": 370.704095, "delta": 2.144401}}
{"target": -44.71608040498332, "params": {"C": 64.28425819744963, "epsilon": 0.5714106854128778, "gamma": 0.06719114857907314, "lamda": 0.6715568417013373}, "datetime": {"datetime": "2021-09-24 18:59:34", "elapsed": 372.243772, "delta": 1.539677}}
{"target": -45.1736694196478, "params": {"C": 63.665042614017665, "epsilon": 0.1848316613935599, "gamma": 0.001, "lamda": 0.9027444747926991}, "datetime": {"datetime": "2021-09-24 18:59:36", "elapsed": 374.814313, "delta": 2.570541}}
{"target": -43.47338978812477, "params": {"C": 99.85013050957093, "epsilon": 0.7785178924080484, "gamma": 0.04403468658808861, "lamda": 1.0939108351808136}, "datetime": {"datetime": "2021-09-24 18:59:40", "elapsed": 377.958291, "delta": 3.143978}}
{"target": -43.743366366864215, "params": {"C": 99.01924311101746, "epsilon": 0.45792480755100823, "gamma": 0.03821402512653857, "lamda": 1.070654354493684}, "datetime": {"datetime": "2021-09-24 18:59:41", "elapsed": 379.343109, "delta": 1.384818}}
{"target": -43.168301761596794, "params": {"C": 65.48825579543576, "epsilon": 0.5772586716178792, "gamma": 0.02305100744854924, "lamda": 0.4546875040720668}, "datetime": {"datetime": "2021-09-24 18:59:43", "elapsed": 381.111328, "delta": 1.768219}}
{"target": -42.70028083458064, "params": {"C": 99.78989042333784, "epsilon": 0.8023747882851405, "gamma": 0.022178837806983556, "lamda": 1.0866932216622058}, "datetime": {"datetime": "2021-09-24 18:59:46", "elapsed": 384.64405, "delta": 3.532722}}
{"target": -43.19679620843747, "params": {"C": 80.28641483663317, "epsilon": 0.6840209708152346, "gamma": 0.0218966331908049, "lamda": 0.8306273204352332}, "datetime": {"datetime": "2021-09-24 18:59:48", "elapsed": 386.126051, "delta": 1.482001}}
{"target": -42.89764290433607, "params": {"C": 84.13380758898045, "epsilon": 0.48963130051825265, "gamma": 0.011612083167929561, "lamda": 0.44564628760230435}, "datetime": {"datetime": "2021-09-24 18:59:49", "elapsed": 387.687913, "delta": 1.561862}}
