{"target": -44.49003716759958, "params": {"C": 47.845530740328975, "epsilon": 0.8340211176535051, "gamma": 0.061451168017935646, "lamda": 0.12611549809355235}, "datetime": {"datetime": "2021-09-24 18:39:58", "elapsed": 270.515734, "delta": 1.738099}}
{"target": -44.94513472634826, "params": {"C": 29.829046931546873, "epsilon": 0.6196304924052002, "gamma": 0.0737653040505775, "lamda": 0.03086580484775105}, "datetime": {"datetime": "2021-09-24 18:39:59", "elapsed": 271.809101, "delta": 1.293367}}
{"target": -45.55356528953844, "params": {"C": 7.73467753861565, "epsilon": 0.9038650572709301, "gamma": 0.011727473916174416, "lamda": 1.0501601614703797}, "datetime": {"datetime": "2021-09-24 18:40:00", "elapsed": 272.874791, "delta": 1.06569}}
{"target": -44.97684734324691, "params": {"C": 24.911485144710703, "epsilon": 0.6687620670249733, "gamma": 0.074822899917521, "lamda": 0.2052763245934568}, "datetime": {"datetime": "2021-09-24 18:40:02", "elapsed": 274.817005, "delta": 1.942214}}
{"target": -43.42912466684021, "params": {"C": 44.78944900499337, "epsilon": 0.6907448096896721, "gamma": 0.003745120958359476, "lamda": 0.23674913649924403}, "datetime": {"datetime": "2021-09-24 18:40:04", "elapsed": 276.805137, "delta": 1.988132}}
{"target": -45.04462988195833, "params": {"C": 42.81818690545669, "epsilon": 0.4106022747575717, "gamma": 0.07745909353792008, "lamda": 1.3609237458618}, "datetime": {"datetime": "2021-09-24 18:40:06", "elapsed": 278.846992, "delta": 2.041855}}
{"target": -44.445394735542926, "params": {"C": 44.79972476921637, "epsilon": 0.7649591637087731, "gamma": 0.05866184194641149, "lamda": 0.35250242803678317}, "datetime": {"datetime": "2021-09-24 18:40:08", "elapsed": 280.856274, "delta": 2.009282}}
{"target": -43.24736393620966, "params": {"C": 43.92251064364445, "epsilon": 0.8656967351196462, "gamma": 0.011189572785245884, "lamda": 0.0775913078849602}, "datetime": {"datetime": "2021-09-24 18:40:10", "elapsed": 282.086523, "delta": 1.230249}}
{"target": -44.533147459103716, "params": {"C": 18.694143787354882, "epsilon": 0.014319073083850331, "gamma": 0.0516798372679769, "lamda": 1.1985556923912772}, "datetime": {"datetime": "2021-09-24 18:40:11", "elapsed": 283.245226, "delta": 1.158703}}
{"target": -44.62068122063443, "params": {"C": 35.29227544801128, "epsilon": 0.5188323702860256, "gamma": 0.06210938612613051, "lamda": 0.6031712924376811}, "datetime": {"datetime": "2021-09-24 18:40:12", "elapsed": 284.357123, "delta": 1.111897}}
{"target": -44.985001515874295, "params": {"C": 48.018836771249724, "epsilon": 0.7059222267942246, "gamma": 0.07448861679898171, "lamda": 0.15253679760700006}, "datetime": {"datetime": "2021-09-24 18:40:15", "elapsed": 287.13237, "delta": 2.775247}}
{"target": -43.59473931719476, "params": {"C": 47.90054376943678, "epsilon": 0.9403777102526952, "gamma": 0.03514440194115456, "lamda": 0.37451604006730016}, "datetime": {"datetime": "2021-09-24 18:40:17", "elapsed": 289.224186, "delta": 2.091816}}
{"target": -45.73059588032706, "params": {"C": 43.9345720658708, "epsilon": 0.8913798287784152, "gamma": 0.09984868961083304, "lamda": 0.14754502448180395}, "datetime": {"datetime": "2021-09-24 18:40:19", "elapsed": 291.744372, "delta": 2.520186}}
{"target": -43.15976939540642, "params": {"C": 44.876791722313854, "epsilon": 0.716291291183723, "gamma": 0.01126485135275809, "lamda": 0.266599775703444}, "datetime": {"datetime": "2021-09-24 18:40:21", "elapsed": 293.957095, "delta": 2.212723}}
{"target": -46.162102545893326, "params": {"C": 47.92641547471343, "epsilon": 0.6394966774650577, "gamma": 0.001, "lamda": 0.23459376430741352}, "datetime": {"datetime": "2021-09-24 18:40:23", "elapsed": 295.948907, "delta": 1.991812}}
{"target": -43.816730916484694, "params": {"C": 38.29359179528701, "epsilon": 0.036463188580909335, "gamma": 0.032810369609588684, "lamda": 0.9801139419866022}, "datetime": {"datetime": "2021-09-24 18:40:25", "elapsed": 297.843114, "delta": 1.894207}}
{"target": -43.24339532728933, "params": {"C": 45.106201065414034, "epsilon": 0.44760695968694403, "gamma": 0.013104912991899767, "lamda": 0.14019773107959782}, "datetime": {"datetime": "2021-09-24 18:40:27", "elapsed": 299.744165, "delta": 1.901051}}
{"target": -45.522287206178945, "params": {"C": 26.937133162717576, "epsilon": 0.45527382486404167, "gamma": 0.0846112566798957, "lamda": 1.1421068529195562}, "datetime": {"datetime": "2021-09-24 18:40:28", "elapsed": 300.784366, "delta": 1.040201}}
{"target": -43.116815659825626, "params": {"C": 32.810033372533596, "epsilon": 0.34051246560517723, "gamma": 0.010688045056843128, "lamda": 0.9521046970018274}, "datetime": {"datetime": "2021-09-24 18:40:31", "elapsed": 303.764264, "delta": 2.979898}}
{"target": -44.81467615409783, "params": {"C": 45.18562807651954, "epsilon": 0.5596170444137224, "gamma": 0.07013728038452054, "lamda": 0.13879353509748862}, "datetime": {"datetime": "2021-09-24 18:40:33", "elapsed": 305.801932, "delta": 2.037668}}
{"target": -43.98956232884841, "params": {"C": 46.101795577474, "epsilon": 0.4771651291205491, "gamma": 0.047625899761290114, "lamda": 0.3599966901534818}, "datetime": {"datetime": "2021-09-24 18:40:35", "elapsed": 308.013971, "delta": 2.212039}}
{"target": -43.62832987924366, "params": {"C": 32.82657820313547, "epsilon": 0.38722902890381833, "gamma": 0.004546906000554967, "lamda": 0.881203116440889}, "datetime": {"datetime": "2021-09-24 18:40:38", "elapsed": 310.401463, "delta": 2.387492}}
{"target": -43.45822562669631, "params": {"C": 45.08590167535031, "epsilon": 0.528836514569222, "gamma": 0.0037141577268834415, "lamda": 0.10626367701666728}, "datetime": {"datetime": "2021-09-24 18:40:40", "elapsed": 312.751259, "delta": 2.349796}}
{"target": -46.84825435995662, "params": {"C": 7.322732172769432, "epsilon": 0.38105816222958583, "gamma": 0.06008462853585381, "lamda": 1.0415197533167606}, "datetime": {"datetime": "2021-09-24 18:40:41", "elapsed": 313.988405, "delta": 1.237146}}
{"target": -44.25453920352804, "params": {"C": 17.441054264737808, "epsilon": 0.5864539411660202, "gamma": 0.03918609288664717, "lamda": 1.2283125005709068}, "datetime": {"datetime": "2021-09-24 18:40:43", "elapsed": 315.171582, "delta": 1.183177}}
{"target": -43.58226488410186, "params": {"C": 44.86904242279327, "epsilon": 0.7341954246783925, "gamma": 0.02505384455523882, "lamda": 0.14458987989388145}, "datetime": {"datetime": "2021-09-24 18:40:45", "elapsed": 317.262264, "delta": 2.090682}}
{"target": -47.96550801233294, "params": {"C": 31.710200743181552, "epsilon": 0.4452837730546223, "gamma": 0.001, "lamda": 0.7680809738445481}, "datetime": {"datetime": "2021-09-24 18:40:47", "elapsed": 320.002832, "delta": 2.740568}}
{"target": -45.599608412096444, "params": {"C": 31.891093390577428, "epsilon": 0.6694810483139467, "gamma": 0.09099090070493503, "lamda": 1.1884351570145621}, "datetime": {"datetime": "2021-09-24 18:40:49", "elapsed": 321.233825, "delta": 1.230993}}
{"target": -43.008819807969914, "params": {"C": 47.95764777208646, "epsilon": 0.9924976421838557, "gamma": 0.010499516041694513, "lamda": 0.2944082533248933}, "datetime": {"datetime": "2021-09-24 18:40:51", "elapsed": 323.337796, "delta": 2.103971}}
{"target": -43.480751969003975, "params": {"C": 48.40033553614558, "epsilon": 0.8752883622976799, "gamma": 0.0030919365188208647, "lamda": 0.2788156907028729}, "datetime": {"datetime": "2021-09-24 18:40:53", "elapsed": 325.526179, "delta": 2.188383}}
{"target": -44.02037785192584, "params": {"C": 18.30470925767331, "epsilon": 0.19316682045124414, "gamma": 0.03204600395592705, "lamda": 0.8369473553708273}, "datetime": {"datetime": "2021-09-24 18:40:54", "elapsed": 326.901084, "delta": 1.374905}}
{"target": -47.162896297762586, "params": {"C": 11.257487671356827, "epsilon": 0.6596886575327346, "gamma": 0.09349674352027021, "lamda": 0.2910269048387738}, "datetime": {"datetime": "2021-09-24 18:40:56", "elapsed": 328.153296, "delta": 1.252212}}
{"target": -43.704544925369426, "params": {"C": 43.84787362654922, "epsilon": 0.9100126584055049, "gamma": 0.02849751438185556, "lamda": 0.0011571177862602813}, "datetime": {"datetime": "2021-09-24 18:40:57", "elapsed": 330.01739, "delta": 1.864094}}
{"target": -43.29993355971861, "params": {"C": 31.77822011144728, "epsilon": 0.25138953214006043, "gamma": 0.008699283962946051, "lamda": 0.8501363958266478}, "datetime": {"datetime": "2021-09-24 18:41:01", "elapsed": 333.579787, "delta": 3.562397}}
{"target": -44.28167287982063, "params": {"C": 42.28560120418695, "epsilon": 0.8081472774279848, "gamma": 0.0576132692880681, "lamda": 1.1040196960089301}, "datetime": {"datetime": "2021-09-24 18:41:03", "elapsed": 335.960862, "delta": 2.381075}}
{"target": -43.63039331896605, "params": {"C": 35.5528799992375, "epsilon": 0.36712926395139484, "gamma": 0.03310819928018514, "lamda": 0.815866809118797}, "datetime": {"datetime": "2021-09-24 18:41:05", "elapsed": 337.253819, "delta": 1.292957}}
{"target": -44.66466214130267, "params": {"C": 31.68480838634814, "epsilon": 0.415411380503972, "gamma": 0.0621652017443721, "lamda": 0.9424398583384156}, "datetime": {"datetime": "2021-09-24 18:41:07", "elapsed": 339.383453, "delta": 2.129634}}
{"target": -47.490708079295395, "params": {"C": 42.31466578293077, "epsilon": 0.9082972521730618, "gamma": 0.001, "lamda": 1.1583750466430511}, "datetime": {"datetime": "2021-09-24 18:41:09", "elapsed": 341.972299, "delta": 2.588846}}
{"target": -43.706517100514056, "params": {"C": 48.23860227626791, "epsilon": 0.9978148409466898, "gamma": 0.03673482550422791, "lamda": 0.10875591550395489}, "datetime": {"datetime": "2021-09-24 18:41:12", "elapsed": 344.872349, "delta": 2.90005}}
{"target": -46.14607558895677, "params": {"C": 47.736607984040624, "epsilon": 0.8382438564512102, "gamma": 0.001, "lamda": 0.0917361910833892}, "datetime": {"datetime": "2021-09-24 18:41:15", "elapsed": 347.971985, "delta": 3.099636}}
{"target": -45.2357809986889, "params": {"C": 44.98850176681722, "epsilon": 0.702507899738921, "gamma": 0.08166873486966017, "lamda": 0.1307415037040909}, "datetime": {"datetime": "2021-09-24 18:41:18", "elapsed": 350.473391, "delta": 2.501406}}
{"target": -46.31966165957875, "params": {"C": 43.900974236541344, "epsilon": 0.8142714304709366, "gamma": 0.001, "lamda": 0.001}, "datetime": {"datetime": "2021-09-24 18:41:21", "elapsed": 353.309386, "delta": 2.835995}}
{"target": -45.04534110888777, "params": {"C": 45.02938627273185, "epsilon": 0.5075668143021863, "gamma": 0.0765821202579166, "lamda": 0.13798675251534448}, "datetime": {"datetime": "2021-09-24 18:41:23", "elapsed": 355.851861, "delta": 2.542475}}
{"target": -43.19490615016552, "params": {"C": 44.85882537583359, "epsilon": 0.6595551898307483, "gamma": 0.008931106080058145, "lamda": 0.22779770202023075}, "datetime": {"datetime": "2021-09-24 18:41:26", "elapsed": 358.284063, "delta": 2.432202}}
{"target": -44.67438331954673, "params": {"C": 12.596266279800814, "epsilon": 0.814950655908381, "gamma": 0.04173802359712099, "lamda": 0.6239101660325873}, "datetime": {"datetime": "2021-09-24 18:41:27", "elapsed": 359.627781, "delta": 1.343718}}
{"target": -43.382808060432964, "params": {"C": 38.18213917632011, "epsilon": 0.42449974003709945, "gamma": 0.019660636892376526, "lamda": 0.47657866131669907}, "datetime": {"datetime": "2021-09-24 18:41:29", "elapsed": 361.897197, "delta": 2.269416}}
{"target": -45.475675723619226, "params": {"C": 19.203097698543576, "epsilon": 0.7836696594647979, "gamma": 0.07609042094699556, "lamda": 1.3877560383504262}, "datetime": {"datetime": "2021-09-24 18:41:31", "elapsed": 363.133932, "delta": 1.236735}}
{"target": -46.887901307346695, "params": {"C": 6.633471796113016, "epsilon": 0.694990640055928, "gamma": 0.055122434925629404, "lamda": 0.39199876341453616}, "datetime": {"datetime": "2021-09-24 18:41:32", "elapsed": 364.448701, "delta": 1.314769}}
{"target": -47.2633802997045, "params": {"C": 42.425880812133855, "epsilon": 0.7716052859230795, "gamma": 0.001, "lamda": 1.15901314075253}, "datetime": {"datetime": "2021-09-24 18:41:34", "elapsed": 366.816571, "delta": 2.36787}}
{"target": -43.898095942799976, "params": {"C": 25.762037108489125, "epsilon": 0.47317318519164264, "gamma": 0.040130448285806836, "lamda": 1.1435604214336332}, "datetime": {"datetime": "2021-09-24 18:41:37", "elapsed": 369.967829, "delta": 3.151258}}
{"target": -45.241080378152255, "params": {"C": 31.811355519807428, "epsilon": 0.293219860324868, "gamma": 0.0785759453242042, "lamda": 0.7683945861173822}, "datetime": {"datetime": "2021-09-24 18:41:40", "elapsed": 372.382252, "delta": 2.414423}}
{"target": -44.398878003018396, "params": {"C": 48.002654881946306, "epsilon": 0.9381055996715606, "gamma": 0.05807841493772405, "lamda": 0.23451980153082305}, "datetime": {"datetime": "2021-09-24 18:41:42", "elapsed": 374.985682, "delta": 2.60343}}
{"target": -44.872438163027326, "params": {"C": 20.436909707284368, "epsilon": 0.3228187084906623, "gamma": 0.0642531058944991, "lamda": 0.8375649776707723}, "datetime": {"datetime": "2021-09-24 18:41:44", "elapsed": 376.271593, "delta": 1.285911}}
{"target": -50.49724508067889, "params": {"C": 18.919395323833477, "epsilon": 0.7319099086180311, "gamma": 0.001, "lamda": 1.3829958506204225}, "datetime": {"datetime": "2021-09-24 18:41:46", "elapsed": 378.875734, "delta": 2.604141}}
{"target": -43.93777400244714, "params": {"C": 44.70748151008681, "epsilon": 0.6330123390345763, "gamma": 0.04591752446553567, "lamda": 0.33006653533298275}, "datetime": {"datetime": "2021-09-24 18:41:49", "elapsed": 381.959734, "delta": 3.084}}
{"target": -43.00116876888373, "params": {"C": 47.93135353736821, "epsilon": 0.9164296955275137, "gamma": 0.010258398033685986, "lamda": 0.33061754930116927}, "datetime": {"datetime": "2021-09-24 18:41:52", "elapsed": 384.675924, "delta": 2.71619}}
{"target": -49.8104301208243, "params": {"C": 6.173381596838362, "epsilon": 0.3327530271684771, "gamma": 0.09517211871911081, "lamda": 0.7691670791384202}, "datetime": {"datetime": "2021-09-24 18:41:54", "elapsed": 386.136271, "delta": 1.460347}}
{"target": -43.30495663129637, "params": {"C": 45.06343068175889, "epsilon": 0.5412084535742097, "gamma": 0.007185749859056481, "lamda": 0.1725629828280452}, "datetime": {"datetime": "2021-09-24 18:41:55", "elapsed": 387.426531, "delta": 1.29026}}
{"target": -43.40428775247674, "params": {"C": 48.13784910410985, "epsilon": 0.9639505234225745, "gamma": 0.02435942645641623, "lamda": 0.17108961006934734}, "datetime": {"datetime": "2021-09-24 18:41:58", "elapsed": 390.221312, "delta": 2.794781}}
{"target": -45.05427269595992, "params": {"C": 18.6940059051236, "epsilon": 0.7331176146158158, "gamma": 0.06580704415394512, "lamda": 1.0750341761949969}, "datetime": {"datetime": "2021-09-24 18:41:59", "elapsed": 391.583043, "delta": 1.361731}}
{"target": -44.64159856235434, "params": {"C": 13.721200694304317, "epsilon": 0.9420404339698741, "gamma": 0.04740989183703893, "lamda": 0.3344135864120247}, "datetime": {"datetime": "2021-09-24 18:42:00", "elapsed": 392.923764, "delta": 1.340721}}
{"target": -48.93029711631945, "params": {"C": 2.7109945417965875, "epsilon": 0.9107432460597397, "gamma": 0.032608974589129, "lamda": 0.03239763978921248}, "datetime": {"datetime": "2021-09-24 18:42:02", "elapsed": 394.267502, "delta": 1.343738}}
{"target": -46.807253093285716, "params": {"C": 12.095464836596244, "epsilon": 0.022425936128295167, "gamma": 0.09311883257766881, "lamda": 0.3920899000981123}, "datetime": {"datetime": "2021-09-24 18:42:03", "elapsed": 395.598771, "delta": 1.331269}}
{"target": -44.76705893087294, "params": {"C": 38.59724643486669, "epsilon": 0.8761469998189231, "gamma": 0.06941756653954165, "lamda": 0.8810201002431772}, "datetime": {"datetime": "2021-09-24 18:42:05", "elapsed": 397.103773, "delta": 1.505002}}
{"target": -45.409769731517756, "params": {"C": 32.77381146562496, "epsilon": 0.41897340021428786, "gamma": 0.08438558728894027, "lamda": 0.8928829001525829}, "datetime": {"datetime": "2021-09-24 18:42:08", "elapsed": 400.583074, "delta": 3.479301}}
{"target": -46.46084862094433, "params": {"C": 44.77936646828778, "epsilon": 0.6623723942525584, "gamma": 0.001, "lamda": 0.4200460082019537}, "datetime": {"datetime": "2021-09-24 18:42:12", "elapsed": 404.151107, "delta": 3.568033}}
{"target": -45.39498643050263, "params": {"C": 18.59412784600305, "epsilon": 0.8920271552011698, "gamma": 0.07436420787442108, "lamda": 0.896550420671144}, "datetime": {"datetime": "2021-09-24 18:42:13", "elapsed": 405.56574, "delta": 1.414633}}
{"target": -43.44282584429468, "params": {"C": 25.55592819693188, "epsilon": 0.20891254750423385, "gamma": 0.010001448334812025, "lamda": 1.120768266286188}, "datetime": {"datetime": "2021-09-24 18:42:16", "elapsed": 408.286535, "delta": 2.720795}}
{"target": -43.30660909250619, "params": {"C": 42.87750060458952, "epsilon": 0.34247545377402083, "gamma": 0.026031203103429615, "lamda": 1.3870571038622412}, "datetime": {"datetime": "2021-09-24 18:42:19", "elapsed": 411.32085, "delta": 3.034315}}
{"target": -43.30156584901191, "params": {"C": 48.10451586889454, "epsilon": 0.6622681552400225, "gamma": 0.0176473658591817, "lamda": 0.1889734491835577}, "datetime": {"datetime": "2021-09-24 18:42:22", "elapsed": 414.357063, "delta": 3.036213}}
{"target": -44.208797668327115, "params": {"C": 17.258871838086556, "epsilon": 0.8457995207426657, "gamma": 0.03744859164587902, "lamda": 0.8577768601154422}, "datetime": {"datetime": "2021-09-24 18:42:23", "elapsed": 415.912365, "delta": 1.555302}}
{"target": -46.07169545231483, "params": {"C": 48.254971738007356, "epsilon": 1.0, "gamma": 0.001, "lamda": 0.001}, "datetime": {"datetime": "2021-09-24 18:42:26", "elapsed": 419.025064, "delta": 3.112699}}
{"target": -43.41693191792576, "params": {"C": 25.529942273767404, "epsilon": 0.13014215114342134, "gamma": 0.013303798839892206, "lamda": 1.0892484396069455}, "datetime": {"datetime": "2021-09-24 18:42:30", "elapsed": 422.184415, "delta": 3.159351}}
{"target": -45.80171025946961, "params": {"C": 38.37246448910952, "epsilon": 0.06508056419146103, "gamma": 0.1, "lamda": 1.024879067854415}, "datetime": {"datetime": "2021-09-24 18:42:32", "elapsed": 424.851678, "delta": 2.667263}}
{"target": -44.82695450873165, "params": {"C": 49.56689089537494, "epsilon": 0.459476392020418, "gamma": 0.06733379349010378, "lamda": 0.5997044904885865}, "datetime": {"datetime": "2021-09-24 18:42:34", "elapsed": 426.300277, "delta": 1.448599}}
{"target": -43.428436291427744, "params": {"C": 44.94388941923578, "epsilon": 0.782610383288037, "gamma": 0.02242587556631195, "lamda": 0.2241161637759026}, "datetime": {"datetime": "2021-09-24 18:42:37", "elapsed": 429.796188, "delta": 3.495911}}
{"target": -48.71998563075531, "params": {"C": 5.017526052743532, "epsilon": 0.37964533483061336, "gamma": 0.06690111705758385, "lamda": 1.4801792186423388}, "datetime": {"datetime": "2021-09-24 18:42:39", "elapsed": 431.187561, "delta": 1.391373}}
{"target": -43.280979310172455, "params": {"C": 43.83093690733555, "epsilon": 0.9291373957330071, "gamma": 0.009128371440533412, "lamda": 0.09588470376264693}, "datetime": {"datetime": "2021-09-24 18:42:42", "elapsed": 434.331178, "delta": 3.143617}}
{"target": -45.42844442621747, "params": {"C": 44.91348825415831, "epsilon": 0.7437973894668884, "gamma": 0.08693925036239063, "lamda": 0.2318180726554875}, "datetime": {"datetime": "2021-09-24 18:42:46", "elapsed": 438.340321, "delta": 4.009143}}
{"target": -46.29097320904951, "params": {"C": 45.165210908942065, "epsilon": 0.44753868586072626, "gamma": 0.001, "lamda": 0.0632843477171171}, "datetime": {"datetime": "2021-09-24 18:42:49", "elapsed": 441.430858, "delta": 3.090537}}
{"target": -43.40752885336102, "params": {"C": 44.96912738688629, "epsilon": 0.6640620632457787, "gamma": 0.025433929422180833, "lamda": 0.3071478848268933}, "datetime": {"datetime": "2021-09-24 18:42:53", "elapsed": 445.506452, "delta": 4.075594}}
{"target": -43.08645344811012, "params": {"C": 42.74966333345152, "epsilon": 0.265849233655756, "gamma": 0.014050822625532085, "lamda": 1.2724002508936854}, "datetime": {"datetime": "2021-09-24 18:42:56", "elapsed": 448.672447, "delta": 3.165995}}
{"target": -45.27169849384265, "params": {"C": 16.953114202631514, "epsilon": 0.8475307092889528, "gamma": 0.004212896666752135, "lamda": 0.6658442033869002}, "datetime": {"datetime": "2021-09-24 18:42:58", "elapsed": 450.207906, "delta": 1.535459}}
{"target": -45.0588737474587, "params": {"C": 42.7779203751482, "epsilon": 0.24912196116545834, "gamma": 0.07404010233137738, "lamda": 1.3220375396673703}, "datetime": {"datetime": "2021-09-24 18:43:01", "elapsed": 453.512212, "delta": 3.304306}}
{"target": -46.72427730158362, "params": {"C": 5.568362596489251, "epsilon": 0.3499324798792624, "gamma": 0.01218975364945404, "lamda": 1.087590627445848}, "datetime": {"datetime": "2021-09-24 18:43:02", "elapsed": 455.055235, "delta": 1.543023}}
{"target": -44.65516735284773, "params": {"C": 25.496992746579497, "epsilon": 0.21393314608472527, "gamma": 0.06142208320810463, "lamda": 1.062572544971838}, "datetime": {"datetime": "2021-09-24 18:43:06", "elapsed": 458.392828, "delta": 3.337593}}
{"target": -47.10133928944105, "params": {"C": 38.245276650887625, "epsilon": 0.4546301540357379, "gamma": 0.001, "lamda": 0.5397874832307058}, "datetime": {"datetime": "2021-09-24 18:43:09", "elapsed": 461.349905, "delta": 2.957077}}
{"target": -43.26854132356284, "params": {"C": 38.11214838733936, "epsilon": 0.478150753652626, "gamma": 0.015112051171542625, "lamda": 0.43950641397714707}, "datetime": {"datetime": "2021-09-24 18:43:12", "elapsed": 464.141567, "delta": 2.791662}}
{"target": -45.321821717848465, "params": {"C": 38.16848740044026, "epsilon": 0.46777201704930615, "gamma": 0.08153746293252474, "lamda": 0.4323347127805316}, "datetime": {"datetime": "2021-09-24 18:43:15", "elapsed": 467.200097, "delta": 3.05853}}
