{"target": 0.46942084008734875, "params": {"C": 512.8382203895742, "epsilon": 0.9531279441428605, "gamma": 0.009118421694557578, "lamda": 0.5088030738317815}, "datetime": {"datetime": "2021-09-23 21:41:32", "elapsed": 265.927052, "delta": 2.192263}}
{"target": 0.467476563422055, "params": {"C": 523.0876600310279, "epsilon": 0.9675757222826336, "gamma": 0.012669473443129188, "lamda": 0.6792295705145719}, "datetime": {"datetime": "2021-09-23 21:41:34", "elapsed": 267.369882, "delta": 1.44283}}
{"target": 0.46889464221942134, "params": {"C": 531.7521349576195, "epsilon": 0.824787769913625, "gamma": 0.008342859878047575, "lamda": 0.7068113970789742}, "datetime": {"datetime": "2021-09-23 21:41:36", "elapsed": 269.317116, "delta": 1.947234}}
{"target": 0.46910668392237975, "params": {"C": 489.1296366641699, "epsilon": 0.8502742553860332, "gamma": 0.00977777095408355, "lamda": 0.6515502324264544}, "datetime": {"datetime": "2021-09-23 21:41:37", "elapsed": 271.04508, "delta": 1.727964}}
{"target": 0.4670959937863536, "params": {"C": 528.6257497028754, "epsilon": 0.7289594504800166, "gamma": 0.013037785188959455, "lamda": 0.6999304264200392}, "datetime": {"datetime": "2021-09-23 21:41:39", "elapsed": 272.700076, "delta": 1.654996}}
{"target": 0.46693280445523566, "params": {"C": 484.1954102269794, "epsilon": 0.9709779025181571, "gamma": 0.013124982496918517, "lamda": 0.5168598138418176}, "datetime": {"datetime": "2021-09-23 21:41:40", "elapsed": 274.197819, "delta": 1.497743}}
{"target": 0.469001732621277, "params": {"C": 491.4079459927173, "epsilon": 0.8749248077078071, "gamma": 0.00937969338285297, "lamda": 0.6751956244324241}, "datetime": {"datetime": "2021-09-23 21:41:42", "elapsed": 276.155296, "delta": 1.957477}}
{"target": 0.46953622592134525, "params": {"C": 484.90902670312164, "epsilon": 0.759153869660053, "gamma": 0.00759688597279092, "lamda": 0.5333708653745818}, "datetime": {"datetime": "2021-09-23 21:41:44", "elapsed": 277.99177, "delta": 1.836474}}
{"target": 0.46887392196382216, "params": {"C": 557.9694471278859, "epsilon": 0.8537865677538152, "gamma": 0.009836276702967984, "lamda": 0.7147879381753361}, "datetime": {"datetime": "2021-09-23 21:41:46", "elapsed": 279.35422, "delta": 1.36245}}
{"target": 0.46796989103373665, "params": {"C": 598.9393246417345, "epsilon": 0.8376805982043297, "gamma": 0.012030344862736707, "lamda": 0.6198207786167952}, "datetime": {"datetime": "2021-09-23 21:41:47", "elapsed": 281.132687, "delta": 1.778467}}
{"target": 0.46915892363628353, "params": {"C": 495.3719011023645, "epsilon": 0.743530003890974, "gamma": 0.010055367579665516, "lamda": 0.6784881675207354}, "datetime": {"datetime": "2021-09-23 21:41:49", "elapsed": 282.984414, "delta": 1.851727}}
{"target": 0.467947517563293, "params": {"C": 489.8388393128413, "epsilon": 0.8137073077569409, "gamma": 0.011991010641598531, "lamda": 0.7960331991945975}, "datetime": {"datetime": "2021-09-23 21:41:51", "elapsed": 284.438951, "delta": 1.454537}}
{"target": 0.46562982323006474, "params": {"C": 508.17866654213265, "epsilon": 0.7463817152934423, "gamma": 0.014753664273461949, "lamda": 0.7593413022795743}, "datetime": {"datetime": "2021-09-23 21:41:52", "elapsed": 286.206445, "delta": 1.767494}}
{"target": 0.46442736531642903, "params": {"C": 529.3475774081534, "epsilon": 0.7930468608959689, "gamma": 0.014727900970007854, "lamda": 0.5350824271442212}, "datetime": {"datetime": "2021-09-23 21:41:55", "elapsed": 288.398092, "delta": 2.191647}}
{"target": 0.46575640669465523, "params": {"C": 524.2586224000571, "epsilon": 0.8866452032696011, "gamma": 0.014182761022620895, "lamda": 0.5511096439681731}, "datetime": {"datetime": "2021-09-23 21:41:56", "elapsed": 289.880086, "delta": 1.481994}}
{"target": 0.4690561684105198, "params": {"C": 484.90086861053885, "epsilon": 0.7508216569922994, "gamma": 0.006654196042633686, "lamda": 0.524211077256893}, "datetime": {"datetime": "2021-09-23 21:41:58", "elapsed": 291.451932, "delta": 1.571846}}
{"target": 0.46853793658247933, "params": {"C": 523.3303273474229, "epsilon": 0.7014061707634502, "gamma": 0.011276529598932416, "lamda": 0.7335500187948569}, "datetime": {"datetime": "2021-09-23 21:41:59", "elapsed": 293.131963, "delta": 1.680031}}
{"target": 0.4643699636380081, "params": {"C": 556.808456293436, "epsilon": 0.7749790154040505, "gamma": 0.014713984348001833, "lamda": 0.5402314091309073}, "datetime": {"datetime": "2021-09-23 21:42:01", "elapsed": 295.041225, "delta": 1.909262}}
{"target": 0.46836387920244005, "params": {"C": 493.68487809102066, "epsilon": 0.9081226360608738, "gamma": 0.006387611994832282, "lamda": 0.5025139003226858}, "datetime": {"datetime": "2021-09-23 21:42:03", "elapsed": 296.379909, "delta": 1.338684}}
{"target": 0.4680553407425646, "params": {"C": 491.18782676691245, "epsilon": 0.804784528492271, "gamma": 0.007017250331768549, "lamda": 0.7174631008897628}, "datetime": {"datetime": "2021-09-23 21:42:04", "elapsed": 297.933575, "delta": 1.553666}}
{"target": 0.46699151737589695, "params": {"C": 514.4380298066037, "epsilon": 0.7323411546221832, "gamma": 0.012541364114330683, "lamda": 0.5660991245415488}, "datetime": {"datetime": "2021-09-23 21:42:06", "elapsed": 299.292051, "delta": 1.358476}}
{"target": 0.46888876046073047, "params": {"C": 558.0082755351614, "epsilon": 0.8335660851849285, "gamma": 0.0076149715527626775, "lamda": 0.6390322290447386}, "datetime": {"datetime": "2021-09-23 21:42:07", "elapsed": 301.206035, "delta": 1.913984}}
{"target": 0.4670482910980911, "params": {"C": 491.39766473962385, "epsilon": 0.8648673932310871, "gamma": 0.013268057014637614, "lamda": 0.671063527879075}, "datetime": {"datetime": "2021-09-23 21:42:09", "elapsed": 303.190885, "delta": 1.98485}}
{"target": 0.46731241362902065, "params": {"C": 558.0036287025047, "epsilon": 0.8246816903967137, "gamma": 0.012887789318828426, "lamda": 0.6587028238216136}, "datetime": {"datetime": "2021-09-23 21:42:11", "elapsed": 304.769917, "delta": 1.579032}}
{"target": 0.4692444902698182, "params": {"C": 558.0124020934425, "epsilon": 0.8289833433993102, "gamma": 0.008251623513556391, "lamda": 0.6273619806234862}, "datetime": {"datetime": "2021-09-23 21:42:13", "elapsed": 306.421472, "delta": 1.651555}}
{"target": 0.46848637128502846, "params": {"C": 599.6910647363319, "epsilon": 0.9638475999296539, "gamma": 0.011005730225529939, "lamda": 0.6418346921781186}, "datetime": {"datetime": "2021-09-23 21:42:14", "elapsed": 307.791074, "delta": 1.369602}}
{"target": 0.46802826062684233, "params": {"C": 597.0362621704569, "epsilon": 0.8452266890148141, "gamma": 0.011656509801718253, "lamda": 0.5237101081371149}, "datetime": {"datetime": "2021-09-23 21:42:16", "elapsed": 309.971985, "delta": 2.180911}}
{"target": 0.466750326225737, "params": {"C": 560.6321585211299, "epsilon": 0.7414953566515902, "gamma": 0.013560221935354699, "lamda": 0.7444780637648066}, "datetime": {"datetime": "2021-09-23 21:42:18", "elapsed": 311.653483, "delta": 1.681498}}
{"target": 0.4682207820580565, "params": {"C": 513.4770928873917, "epsilon": 0.9878458242126245, "gamma": 0.011678840711111579, "lamda": 0.5335702827980261}, "datetime": {"datetime": "2021-09-23 21:42:19", "elapsed": 313.108357, "delta": 1.454874}}
{"target": 0.46824314468739525, "params": {"C": 515.4205860241655, "epsilon": 0.7534707474091817, "gamma": 0.011601375951236278, "lamda": 0.6453168324107152}, "datetime": {"datetime": "2021-09-23 21:42:21", "elapsed": 314.532709, "delta": 1.424352}}
{"target": 0.46746931394809765, "params": {"C": 561.9093211411628, "epsilon": 0.9330206859699689, "gamma": 0.012740869657528502, "lamda": 0.66967804563664}, "datetime": {"datetime": "2021-09-23 21:42:22", "elapsed": 315.959246, "delta": 1.426537}}
{"target": 0.4673490579912595, "params": {"C": 592.2592725445546, "epsilon": 0.744771654932294, "gamma": 0.006173608803296533, "lamda": 0.7245983474444349}, "datetime": {"datetime": "2021-09-23 21:42:24", "elapsed": 317.375809, "delta": 1.416563}}
{"target": 0.46854908224770364, "params": {"C": 487.89703525442616, "epsilon": 0.8919222108352882, "gamma": 0.008443102426905928, "lamda": 0.7124050732125221}, "datetime": {"datetime": "2021-09-23 21:42:25", "elapsed": 318.967008, "delta": 1.591199}}
{"target": 0.46740374826122777, "params": {"C": 568.3545463410701, "epsilon": 0.9842123243785467, "gamma": 0.01259345903186934, "lamda": 0.5033846428667145}, "datetime": {"datetime": "2021-09-23 21:42:27", "elapsed": 321.08241, "delta": 2.115402}}
{"target": 0.4666787386716128, "params": {"C": 538.9525155656904, "epsilon": 0.9239770533169389, "gamma": 0.006871470583980261, "lamda": 0.7547058404824587}, "datetime": {"datetime": "2021-09-23 21:42:29", "elapsed": 322.778411, "delta": 1.696001}}
{"target": 0.467491892968382, "params": {"C": 538.0988814224924, "epsilon": 0.9517729554471247, "gamma": 0.012710901217652799, "lamda": 0.6141280548359742}, "datetime": {"datetime": "2021-09-23 21:42:31", "elapsed": 324.452537, "delta": 1.674126}}
{"target": 0.4658218801770768, "params": {"C": 545.9557938266196, "epsilon": 0.9886291025193059, "gamma": 0.014734752300874024, "lamda": 0.6553176480294154}, "datetime": {"datetime": "2021-09-23 21:42:33", "elapsed": 326.941078, "delta": 2.488541}}
{"target": 0.46812972613556547, "params": {"C": 551.4434503591041, "epsilon": 0.8578652686807557, "gamma": 0.011854108122002167, "lamda": 0.6445281146672982}, "datetime": {"datetime": "2021-09-23 21:42:35", "elapsed": 328.638303, "delta": 1.697225}}
{"target": 0.4696543336852713, "params": {"C": 496.21406511204515, "epsilon": 0.7777631915442476, "gamma": 0.00842443253619446, "lamda": 0.5083158053669782}, "datetime": {"datetime": "2021-09-23 21:42:36", "elapsed": 330.103187, "delta": 1.464884}}
{"target": 0.4670711908697732, "params": {"C": 554.8581813472242, "epsilon": 0.9749467464942347, "gamma": 0.01296370625119513, "lamda": 0.511390222277452}, "datetime": {"datetime": "2021-09-23 21:42:38", "elapsed": 331.676588, "delta": 1.573401}}
{"target": 0.46801169200075265, "params": {"C": 514.2822196738791, "epsilon": 0.8712945001239873, "gamma": 0.012017377143552103, "lamda": 0.6342008355639768}, "datetime": {"datetime": "2021-09-23 21:42:39", "elapsed": 333.116736, "delta": 1.440148}}
{"target": 0.4691109041800171, "params": {"C": 495.37457840896997, "epsilon": 0.7492010265175226, "gamma": 0.007690048831663786, "lamda": 0.6779567087175216}, "datetime": {"datetime": "2021-09-23 21:42:41", "elapsed": 335.054208, "delta": 1.937472}}
{"target": 0.46930330885958005, "params": {"C": 483.16998756704453, "epsilon": 0.8169978779484723, "gamma": 0.009187112091320735, "lamda": 0.6407306260058635}, "datetime": {"datetime": "2021-09-23 21:42:43", "elapsed": 336.660682, "delta": 1.606474}}
{"target": 0.46897459513844375, "params": {"C": 597.6461834664419, "epsilon": 0.8372146569222246, "gamma": 0.009383093193321687, "lamda": 0.7140735866231522}, "datetime": {"datetime": "2021-09-23 21:42:44", "elapsed": 338.147004, "delta": 1.486322}}
{"target": 0.4691798950844659, "params": {"C": 517.1718139090458, "epsilon": 0.8730506521375012, "gamma": 0.008004637040777203, "lamda": 0.5907980328363043}, "datetime": {"datetime": "2021-09-23 21:42:46", "elapsed": 339.810195, "delta": 1.663191}}
{"target": 0.4678943230192103, "params": {"C": 553.9810271219908, "epsilon": 0.9743581421577538, "gamma": 0.0062893909902460845, "lamda": 0.5102222456528024}, "datetime": {"datetime": "2021-09-23 21:42:48", "elapsed": 342.077268, "delta": 2.267073}}
{"target": 0.4691090776471222, "params": {"C": 511.16869091746355, "epsilon": 0.9911712361938055, "gamma": 0.008672673247903414, "lamda": 0.5623911561184224}, "datetime": {"datetime": "2021-09-23 21:42:50", "elapsed": 344.162535, "delta": 2.085267}}
{"target": 0.46864696430072683, "params": {"C": 561.921138213553, "epsilon": 0.8467361262817575, "gamma": 0.006964734833448142, "lamda": 0.5889885832426226}, "datetime": {"datetime": "2021-09-23 21:42:52", "elapsed": 345.883572, "delta": 1.721037}}
{"target": 0.4671198716718693, "params": {"C": 572.3058882169855, "epsilon": 0.7488280711585971, "gamma": 0.013106356440253555, "lamda": 0.7169752330985069}, "datetime": {"datetime": "2021-09-23 21:42:54", "elapsed": 347.68253, "delta": 1.798958}}
{"target": 0.46901603960101346, "params": {"C": 528.6234188774438, "epsilon": 0.7510231144141226, "gamma": 0.007601609694553056, "lamda": 0.6857766507671204}, "datetime": {"datetime": "2021-09-23 21:42:56", "elapsed": 350.062532, "delta": 2.380002}}
{"target": 0.4689598553059836, "params": {"C": 597.0365328846639, "epsilon": 0.8411580438294008, "gamma": 0.0067828863232232755, "lamda": 0.5097353884922007}, "datetime": {"datetime": "2021-09-23 21:42:59", "elapsed": 352.71057, "delta": 2.648038}}
{"target": 0.46889796208968115, "params": {"C": 530.3066337923391, "epsilon": 0.9009097426532748, "gamma": 0.009949265363913029, "lamda": 0.664910983228141}, "datetime": {"datetime": "2021-09-23 21:43:01", "elapsed": 354.428503, "delta": 1.717933}}
{"target": 0.46881446572253027, "params": {"C": 535.4791622501759, "epsilon": 0.9686775367605143, "gamma": 0.008464556987377914, "lamda": 0.6163411416259932}, "datetime": {"datetime": "2021-09-23 21:43:03", "elapsed": 356.734048, "delta": 2.305545}}
{"target": 0.46765848251520237, "params": {"C": 520.1673219932951, "epsilon": 0.7710280187290245, "gamma": 0.012533566008441438, "lamda": 0.7499277708423167}, "datetime": {"datetime": "2021-09-23 21:43:05", "elapsed": 358.316183, "delta": 1.582135}}
{"target": 0.46610927226063925, "params": {"C": 516.1825525815043, "epsilon": 0.9920679273736969, "gamma": 0.014248023203145726, "lamda": 0.5780420779616313}, "datetime": {"datetime": "2021-09-23 21:43:06", "elapsed": 359.820783, "delta": 1.5046}}
{"target": 0.4665653596574033, "params": {"C": 539.7223690849239, "epsilon": 0.8719799872919849, "gamma": 0.013590217678741804, "lamda": 0.5939046412501149}, "datetime": {"datetime": "2021-09-23 21:43:08", "elapsed": 361.409175, "delta": 1.588392}}
{"target": 0.4692747358495687, "params": {"C": 571.734281988889, "epsilon": 0.8178801965090869, "gamma": 0.009462637163496813, "lamda": 0.6371669677441661}, "datetime": {"datetime": "2021-09-23 21:43:10", "elapsed": 363.611959, "delta": 2.202784}}
{"target": 0.4666805835546406, "params": {"C": 599.1694996918866, "epsilon": 0.8976773313848356, "gamma": 0.013738999271962891, "lamda": 0.6825843076521398}, "datetime": {"datetime": "2021-09-23 21:43:12", "elapsed": 365.865269, "delta": 2.25331}}
{"target": 0.4695286863407775, "params": {"C": 578.2630094322384, "epsilon": 0.7078544279853854, "gamma": 0.008968954778134272, "lamda": 0.6455587463453488}, "datetime": {"datetime": "2021-09-23 21:43:14", "elapsed": 368.194437, "delta": 2.329168}}
{"target": 0.4689331959594176, "params": {"C": 551.189853080002, "epsilon": 0.78342459667813, "gamma": 0.009862507099282106, "lamda": 0.7661592574196138}, "datetime": {"datetime": "2021-09-23 21:43:16", "elapsed": 370.064195, "delta": 1.869758}}
{"target": 0.46965824757225283, "params": {"C": 496.2034618775139, "epsilon": 0.7627608226026285, "gamma": 0.008410509636180685, "lamda": 0.5116764480158376}, "datetime": {"datetime": "2021-09-23 21:43:18", "elapsed": 372.114662, "delta": 2.050467}}
{"target": 0.4690311658583751, "params": {"C": 509.44631242485985, "epsilon": 0.9105657938583923, "gamma": 0.008619217840384623, "lamda": 0.6274891035075301}, "datetime": {"datetime": "2021-09-23 21:43:20", "elapsed": 373.810156, "delta": 1.695494}}
{"target": 0.4672679289244127, "params": {"C": 493.34127042619224, "epsilon": 0.9436979311985144, "gamma": 0.012764646560807431, "lamda": 0.7720151256056358}, "datetime": {"datetime": "2021-09-23 21:43:22", "elapsed": 375.692814, "delta": 1.882658}}
{"target": 0.46918398121123184, "params": {"C": 539.8290406022387, "epsilon": 0.7613838562110908, "gamma": 0.008965816302602422, "lamda": 0.7320553527805193}, "datetime": {"datetime": "2021-09-23 21:43:24", "elapsed": 378.156496, "delta": 2.463682}}
{"target": 0.46793439730080133, "params": {"C": 572.5548059388285, "epsilon": 0.7057798113021029, "gamma": 0.012085491440544768, "lamda": 0.7253747095287433}, "datetime": {"datetime": "2021-09-23 21:43:26", "elapsed": 379.875939, "delta": 1.719443}}
{"target": 0.46545322542081724, "params": {"C": 590.4391006739999, "epsilon": 0.8731836709342242, "gamma": 0.0146671935425104, "lamda": 0.5979747690074946}, "datetime": {"datetime": "2021-09-23 21:43:28", "elapsed": 382.119939, "delta": 2.244}}
{"target": 0.4682622530367878, "params": {"C": 513.3069478511059, "epsilon": 0.8659935869278117, "gamma": 0.007408069407810144, "lamda": 0.6854508850172509}, "datetime": {"datetime": "2021-09-23 21:43:30", "elapsed": 383.789519, "delta": 1.66958}}
{"target": 0.4677109963863456, "params": {"C": 597.6395881399043, "epsilon": 0.8422956215998891, "gamma": 0.006914622746738269, "lamda": 0.7149489847009818}, "datetime": {"datetime": "2021-09-23 21:43:32", "elapsed": 385.927485, "delta": 2.137966}}
{"target": 0.46890468248810113, "params": {"C": 564.2252629525324, "epsilon": 0.7859752191561701, "gamma": 0.010428474808835155, "lamda": 0.7127583002522844}, "datetime": {"datetime": "2021-09-23 21:43:34", "elapsed": 387.885445, "delta": 1.95796}}
{"target": 0.4683494120458056, "params": {"C": 508.14499739487644, "epsilon": 0.7366214905885202, "gamma": 0.011563870160887986, "lamda": 0.7523651625974013}, "datetime": {"datetime": "2021-09-23 21:43:36", "elapsed": 389.784443, "delta": 1.898998}}
{"target": 0.466440599413664, "params": {"C": 495.1579313619022, "epsilon": 0.9735738910684368, "gamma": 0.014044403239001736, "lamda": 0.6710272443820304}, "datetime": {"datetime": "2021-09-23 21:43:38", "elapsed": 391.477516, "delta": 1.693073}}
{"target": 0.4673413124217116, "params": {"C": 535.4798312259804, "epsilon": 0.9707926159841749, "gamma": 0.012913946270145277, "lamda": 0.627521415541656}, "datetime": {"datetime": "2021-09-23 21:43:40", "elapsed": 393.459549, "delta": 1.982033}}
{"target": 0.46836951883225764, "params": {"C": 577.1825452134881, "epsilon": 0.8322380371443988, "gamma": 0.011026773113598697, "lamda": 0.7914657364250994}, "datetime": {"datetime": "2021-09-23 21:43:42", "elapsed": 395.5525, "delta": 2.092951}}
{"target": 0.4682000499674146, "params": {"C": 578.2686451088124, "epsilon": 0.7095996250366137, "gamma": 0.006195170014970367, "lamda": 0.6352901275578079}, "datetime": {"datetime": "2021-09-23 21:43:44", "elapsed": 397.588061, "delta": 2.035561}}
{"target": 0.4671986171491028, "params": {"C": 569.4207584416665, "epsilon": 0.9566598768010572, "gamma": 0.013065377722206634, "lamda": 0.6891821035105427}, "datetime": {"datetime": "2021-09-23 21:43:46", "elapsed": 399.46902, "delta": 1.880959}}
{"target": 0.46389558092358807, "params": {"C": 530.2907935753109, "epsilon": 0.7674411985692753, "gamma": 0.01464664837002959, "lamda": 0.5009799103458787}, "datetime": {"datetime": "2021-09-23 21:43:47", "elapsed": 401.161023, "delta": 1.692003}}
{"target": 0.46741705695646296, "params": {"C": 528.6843536227505, "epsilon": 0.7775787568713524, "gamma": 0.006331171400255775, "lamda": 0.7147199010396466}, "datetime": {"datetime": "2021-09-23 21:43:49", "elapsed": 402.836931, "delta": 1.675908}}
{"target": 0.4652512175096838, "params": {"C": 545.588557904035, "epsilon": 0.7019842328755181, "gamma": 0.014534855486866397, "lamda": 0.6692235183724923}, "datetime": {"datetime": "2021-09-23 21:43:51", "elapsed": 404.628314, "delta": 1.791383}}
{"target": 0.4684511774862151, "params": {"C": 537.4404728618846, "epsilon": 0.8469743776667064, "gamma": 0.01078466920157458, "lamda": 0.7765895676154839}, "datetime": {"datetime": "2021-09-23 21:43:53", "elapsed": 407.013384, "delta": 2.38507}}
{"target": 0.46872820530201054, "params": {"C": 565.7084871530444, "epsilon": 0.8299857072886688, "gamma": 0.007459418548458288, "lamda": 0.6517140041328635}, "datetime": {"datetime": "2021-09-23 21:43:55", "elapsed": 408.90661, "delta": 1.893226}}
{"target": 0.4689130953218609, "params": {"C": 573.8671607898702, "epsilon": 0.9673996494516861, "gamma": 0.008220399348784161, "lamda": 0.5884772518929143}, "datetime": {"datetime": "2021-09-23 21:43:57", "elapsed": 410.992655, "delta": 2.086045}}
{"target": 0.4667219500683535, "params": {"C": 496.2263896006692, "epsilon": 0.7662787600686388, "gamma": 0.012529006842309492, "lamda": 0.5061900966090693}, "datetime": {"datetime": "2021-09-23 21:43:59", "elapsed": 413.163107, "delta": 2.170452}}
{"target": 0.4690466864425131, "params": {"C": 571.051260698845, "epsilon": 0.8376149622643593, "gamma": 0.00761942564001091, "lamda": 0.6079460709523679}, "datetime": {"datetime": "2021-09-23 21:44:01", "elapsed": 415.147114, "delta": 1.984007}}
{"target": 0.4673788948239368, "params": {"C": 484.906012319944, "epsilon": 0.771404402363634, "gamma": 0.012341930222152256, "lamda": 0.5684289427608815}, "datetime": {"datetime": "2021-09-23 21:44:04", "elapsed": 417.461106, "delta": 2.313992}}
{"target": 0.469638252082318, "params": {"C": 518.8091089335899, "epsilon": 0.7242470940509058, "gamma": 0.008100335852966685, "lamda": 0.5651469607892898}, "datetime": {"datetime": "2021-09-23 21:44:06", "elapsed": 419.661049, "delta": 2.199943}}
{"target": 0.46779836012866227, "params": {"C": 518.1751539059431, "epsilon": 0.8435568145261026, "gamma": 0.012261743212293412, "lamda": 0.7557222210972538}, "datetime": {"datetime": "2021-09-23 21:44:08", "elapsed": 421.969094, "delta": 2.308045}}
{"target": 0.46893077074627, "params": {"C": 570.5888053862163, "epsilon": 0.8385518802917699, "gamma": 0.010553759907900263, "lamda": 0.6043640717706673}, "datetime": {"datetime": "2021-09-23 21:44:10", "elapsed": 424.188387, "delta": 2.219293}}
{"target": 0.46438221720344075, "params": {"C": 502.09669661303246, "epsilon": 0.8050790538902399, "gamma": 0.014943901305591211, "lamda": 0.5492368428075067}, "datetime": {"datetime": "2021-09-23 21:44:12", "elapsed": 425.938145, "delta": 1.749758}}
