{"target": 0.46888447518160803, "params": {"C": 876.7008455712158, "epsilon": 0.9144549225084622, "gamma": 0.0105594425361333, "lamda": 0.5853070391086792}, "datetime": {"datetime": "2021-09-23 22:42:14", "elapsed": 15.136175, "delta": 0.386}}
{"target": 0.4692539983658033, "params": {"C": 756.2345826688921, "epsilon": 0.7306906121478988, "gamma": 0.006856444527040249, "lamda": 0.5236712799446772}, "datetime": {"datetime": "2021-09-23 22:42:14", "elapsed": 15.542174, "delta": 0.405999}}
{"target": 0.4693626544312488, "params": {"C": 766.175993390449, "epsilon": 0.7662706694121246, "gamma": 0.009275698348917677, "lamda": 0.6571607901491756}, "datetime": {"datetime": "2021-09-23 22:42:15", "elapsed": 15.907803, "delta": 0.365629}}
{"target": 0.46865538962447306, "params": {"C": 775.5676300269981, "epsilon": 0.8901283987909345, "gamma": 0.010797815520069438, "lamda": 0.6671517668328033}, "datetime": {"datetime": "2021-09-23 22:42:15", "elapsed": 16.321759, "delta": 0.413956}}
{"target": 0.4689278254055055, "params": {"C": 756.2338227982153, "epsilon": 0.7441791190325742, "gamma": 0.010235579125909, "lamda": 0.5290998410568081}, "datetime": {"datetime": "2021-09-23 22:42:16", "elapsed": 16.731561, "delta": 0.409802}}
{"target": 0.46838415427355107, "params": {"C": 784.5364105147277, "epsilon": 0.7605518357582697, "gamma": 0.011257984727909266, "lamda": 0.5870764768944349}, "datetime": {"datetime": "2021-09-23 22:42:16", "elapsed": 17.130595, "delta": 0.399034}}
{"target": 0.4690587388267955, "params": {"C": 756.1339943716425, "epsilon": 0.7567219568416171, "gamma": 0.007142876422232233, "lamda": 0.6096685138297742}, "datetime": {"datetime": "2021-09-23 22:42:16", "elapsed": 17.572567, "delta": 0.441972}}
{"target": 0.46887304151057074, "params": {"C": 756.0815487748033, "epsilon": 0.7323053030718498, "gamma": 0.01023376458842061, "lamda": 0.5238695651537983}, "datetime": {"datetime": "2021-09-23 22:42:17", "elapsed": 17.996164, "delta": 0.423597}}
{"target": 0.4691036832820341, "params": {"C": 756.2075772419419, "epsilon": 0.7082413924184361, "gamma": 0.010064474659354731, "lamda": 0.5756365644295368}, "datetime": {"datetime": "2021-09-23 22:42:17", "elapsed": 18.532392, "delta": 0.536228}}
{"target": 0.4695058964703547, "params": {"C": 756.0837732342454, "epsilon": 0.7120667535964075, "gamma": 0.008925663116076767, "lamda": 0.6584324629379953}, "datetime": {"datetime": "2021-09-23 22:42:18", "elapsed": 18.977702, "delta": 0.44531}}
{"target": 0.46842788090120147, "params": {"C": 756.0329211739212, "epsilon": 0.7164429126461702, "gamma": 0.006506348519878512, "lamda": 0.655802277243921}, "datetime": {"datetime": "2021-09-23 22:42:18", "elapsed": 19.389698, "delta": 0.411996}}
{"target": 0.46934508748308357, "params": {"C": 784.4785070614105, "epsilon": 0.7376936913496864, "gamma": 0.009618788031169051, "lamda": 0.5594309095104715}, "datetime": {"datetime": "2021-09-23 22:42:19", "elapsed": 19.873737, "delta": 0.484039}}
{"target": 0.4686981234613088, "params": {"C": 774.3178335907903, "epsilon": 0.819495372146229, "gamma": 0.01075663491184508, "lamda": 0.5241922459625902}, "datetime": {"datetime": "2021-09-23 22:42:19", "elapsed": 20.304739, "delta": 0.431002}}
{"target": 0.46904961929756805, "params": {"C": 784.5436786596058, "epsilon": 0.7571863805321192, "gamma": 0.006593920544472562, "lamda": 0.5070252655678675}, "datetime": {"datetime": "2021-09-23 22:42:20", "elapsed": 20.703003, "delta": 0.398264}}
{"target": 0.4680266528018707, "params": {"C": 753.0612164544442, "epsilon": 0.7206925124584448, "gamma": 0.006421848383873016, "lamda": 0.7025771639110777}, "datetime": {"datetime": "2021-09-23 22:42:20", "elapsed": 21.10734, "delta": 0.404337}}
{"target": 0.4674037562147312, "params": {"C": 784.9378255897924, "epsilon": 0.9195521120003574, "gamma": 0.007057650240150395, "lamda": 0.7055648885011602}, "datetime": {"datetime": "2021-09-23 22:42:20", "elapsed": 21.533339, "delta": 0.425999}}
{"target": 0.46727533776566055, "params": {"C": 864.6846432031991, "epsilon": 0.8086607654398306, "gamma": 0.006196314820493619, "lamda": 0.6796968451608081}, "datetime": {"datetime": "2021-09-23 22:42:21", "elapsed": 22.00134, "delta": 0.468001}}
{"target": 0.46865610075654374, "params": {"C": 756.1338944501657, "epsilon": 0.70388194725711, "gamma": 0.011025290528929095, "lamda": 0.6740679698439458}, "datetime": {"datetime": "2021-09-23 22:42:21", "elapsed": 22.414547, "delta": 0.413207}}
{"target": 0.46885159760349604, "params": {"C": 756.07671135616, "epsilon": 0.801176959626674, "gamma": 0.010664801017099039, "lamda": 0.5770186298800843}, "datetime": {"datetime": "2021-09-23 22:42:22", "elapsed": 22.844691, "delta": 0.430144}}
{"target": 0.4692839379793544, "params": {"C": 756.2067420631263, "epsilon": 0.790328518923102, "gamma": 0.009500651392237752, "lamda": 0.6540596621869098}, "datetime": {"datetime": "2021-09-23 22:42:22", "elapsed": 23.234359, "delta": 0.389668}}
{"target": 0.4687273226682822, "params": {"C": 864.5366476689961, "epsilon": 0.8193889674635297, "gamma": 0.010865241832198204, "lamda": 0.5696188724583221}, "datetime": {"datetime": "2021-09-23 22:42:22", "elapsed": 23.638958, "delta": 0.404599}}
{"target": 0.46831110588874714, "params": {"C": 876.8817910667973, "epsilon": 0.7698900982087447, "gamma": 0.011559187778085612, "lamda": 0.7707536545230773}, "datetime": {"datetime": "2021-09-23 22:42:23", "elapsed": 24.08077, "delta": 0.441812}}
{"target": 0.4692824795817695, "params": {"C": 863.2035931918076, "epsilon": 0.8470522085339917, "gamma": 0.008547459537150316, "lamda": 0.6188954412083396}, "datetime": {"datetime": "2021-09-23 22:42:23", "elapsed": 24.503564, "delta": 0.422794}}
{"target": 0.4696113429898007, "params": {"C": 784.4843694173569, "epsilon": 0.7968459306436333, "gamma": 0.008731807839999871, "lamda": 0.5135533166151798}, "datetime": {"datetime": "2021-09-23 22:42:24", "elapsed": 24.946938, "delta": 0.443374}}
{"target": 0.46802997910212796, "params": {"C": 784.4573963594001, "epsilon": 0.819060319479825, "gamma": 0.011767729462927385, "lamda": 0.5655280156706262}, "datetime": {"datetime": "2021-09-23 22:42:24", "elapsed": 25.548933, "delta": 0.601995}}
{"target": 0.46807787080899277, "params": {"C": 784.5146162915977, "epsilon": 0.7630453567188045, "gamma": 0.011402602496251572, "lamda": 0.5374916702808853}, "datetime": {"datetime": "2021-09-23 22:42:25", "elapsed": 26.042941, "delta": 0.494008}}
{"target": 0.46822526470561876, "params": {"C": 750.0065081264186, "epsilon": 0.9675138539001971, "gamma": 0.011677532458465489, "lamda": 0.5910303654013762}, "datetime": {"datetime": "2021-09-23 22:42:25", "elapsed": 26.616968, "delta": 0.574027}}
{"target": 0.469435468059179, "params": {"C": 851.7705095520348, "epsilon": 0.7536904106633882, "gamma": 0.008505429624037789, "lamda": 0.6498295551508357}, "datetime": {"datetime": "2021-09-23 22:42:26", "elapsed": 27.057942, "delta": 0.440974}}
{"target": 0.4690955618369075, "params": {"C": 858.6240934121054, "epsilon": 0.7789643372080697, "gamma": 0.00994058011502408, "lamda": 0.7034720118815173}, "datetime": {"datetime": "2021-09-23 22:42:26", "elapsed": 27.498933, "delta": 0.440991}}
{"target": 0.4680527758422841, "params": {"C": 808.7925795619855, "epsilon": 0.7024786342029687, "gamma": 0.006272391407697566, "lamda": 0.6852662738404743}, "datetime": {"datetime": "2021-09-23 22:42:27", "elapsed": 27.914281, "delta": 0.415348}}
{"target": 0.46562448002718404, "params": {"C": 807.5225964098375, "epsilon": 0.890324303787472, "gamma": 0.0062083552708249255, "lamda": 0.7868536509224566}, "datetime": {"datetime": "2021-09-23 22:42:27", "elapsed": 28.34569, "delta": 0.431409}}
{"target": 0.46625374759238414, "params": {"C": 804.5666127820167, "epsilon": 0.9146111064223049, "gamma": 0.006654786535554541, "lamda": 0.7748761981339533}, "datetime": {"datetime": "2021-09-23 22:42:28", "elapsed": 28.787685, "delta": 0.441995}}
{"target": 0.4691672741960833, "params": {"C": 788.416683473614, "epsilon": 0.8756811977070887, "gamma": 0.007558896128249833, "lamda": 0.5517986786292972}, "datetime": {"datetime": "2021-09-23 22:42:28", "elapsed": 29.239069, "delta": 0.451384}}
{"target": 0.46829933985200434, "params": {"C": 813.0592290536343, "epsilon": 0.741207990495777, "gamma": 0.01161358020080893, "lamda": 0.7852235260546956}, "datetime": {"datetime": "2021-09-23 22:42:29", "elapsed": 29.704075, "delta": 0.465006}}
{"target": 0.46795751169200395, "params": {"C": 889.0467452255798, "epsilon": 0.9856623346082818, "gamma": 0.006518832839023032, "lamda": 0.5304500863619724}, "datetime": {"datetime": "2021-09-23 22:42:29", "elapsed": 30.157169, "delta": 0.453094}}
{"target": 0.4685737834014825, "params": {"C": 814.6929799869266, "epsilon": 0.8288091547190708, "gamma": 0.007877560730226347, "lamda": 0.720028497504223}, "datetime": {"datetime": "2021-09-23 22:42:29", "elapsed": 30.597341, "delta": 0.440172}}
{"target": 0.46824443465307974, "params": {"C": 754.6705804082111, "epsilon": 0.8741804773474207, "gamma": 0.006536577707847227, "lamda": 0.5648237920293102}, "datetime": {"datetime": "2021-09-23 22:42:30", "elapsed": 31.045361, "delta": 0.44802}}
{"target": 0.4683958608038352, "params": {"C": 878.0812324476659, "epsilon": 0.9846281205149985, "gamma": 0.010837134616560738, "lamda": 0.6709163335846382}, "datetime": {"datetime": "2021-09-23 22:42:31", "elapsed": 31.697341, "delta": 0.65198}}
{"target": 0.4673469565124527, "params": {"C": 780.2410935287078, "epsilon": 0.8298457855638817, "gamma": 0.006756438926663077, "lamda": 0.7460130713113173}, "datetime": {"datetime": "2021-09-23 22:42:31", "elapsed": 32.207349, "delta": 0.510008}}
{"target": 0.46798613790827936, "params": {"C": 884.4871961543254, "epsilon": 0.867693687439107, "gamma": 0.011848999952478376, "lamda": 0.7608734465536088}, "datetime": {"datetime": "2021-09-23 22:42:31", "elapsed": 32.672737, "delta": 0.465388}}
{"target": 0.4681420355454584, "params": {"C": 789.5820660792206, "epsilon": 0.9190484727665231, "gamma": 0.008727199745989522, "lamda": 0.7647956895223822}, "datetime": {"datetime": "2021-09-23 22:42:32", "elapsed": 33.198931, "delta": 0.526194}}
{"target": 0.46773296515003426, "params": {"C": 876.5975576724159, "epsilon": 0.8635839713234791, "gamma": 0.0060240462451368925, "lamda": 0.5501734002586995}, "datetime": {"datetime": "2021-09-23 22:42:33", "elapsed": 33.774932, "delta": 0.576001}}
{"target": 0.46817031312532265, "params": {"C": 849.2199473546223, "epsilon": 0.7346733472923755, "gamma": 0.011833741397481563, "lamda": 0.7594953045686664}, "datetime": {"datetime": "2021-09-23 22:42:33", "elapsed": 34.250938, "delta": 0.476006}}
{"target": 0.4686670331909839, "params": {"C": 778.7379428164013, "epsilon": 0.778973343045644, "gamma": 0.011040128391492626, "lamda": 0.649307457218877}, "datetime": {"datetime": "2021-09-23 22:42:34", "elapsed": 34.777146, "delta": 0.526208}}
{"target": 0.4680329124669349, "params": {"C": 808.4225179786555, "epsilon": 0.882312692822648, "gamma": 0.0075328003908586676, "lamda": 0.7159307951397316}, "datetime": {"datetime": "2021-09-23 22:42:34", "elapsed": 35.284149, "delta": 0.507003}}
{"target": 0.4687446706682181, "params": {"C": 856.47055159002, "epsilon": 0.7775798893291659, "gamma": 0.00744924561895057, "lamda": 0.6933472890111596}, "datetime": {"datetime": "2021-09-23 22:42:35", "elapsed": 35.856147, "delta": 0.571998}}
{"target": 0.4692688448839215, "params": {"C": 863.2395061947046, "epsilon": 0.8370505904607242, "gamma": 0.008307107306929549, "lamda": 0.6186103795644095}, "datetime": {"datetime": "2021-09-23 22:42:35", "elapsed": 36.379149, "delta": 0.523002}}
{"target": 0.4694579442057836, "params": {"C": 756.0831538443068, "epsilon": 0.7339006869482089, "gamma": 0.009202102843299146, "lamda": 0.6438584916162496}, "datetime": {"datetime": "2021-09-23 22:42:36", "elapsed": 37.110171, "delta": 0.731022}}
{"target": 0.46833340853208616, "params": {"C": 784.4767898819151, "epsilon": 0.7920014108391185, "gamma": 0.011159267133040343, "lamda": 0.5274922191976025}, "datetime": {"datetime": "2021-09-23 22:42:37", "elapsed": 37.769851, "delta": 0.65968}}
{"target": 0.46858849447951634, "params": {"C": 863.81407205596, "epsilon": 0.8527489087068045, "gamma": 0.0070092360359869455, "lamda": 0.5999574304595283}, "datetime": {"datetime": "2021-09-23 22:42:37", "elapsed": 38.290214, "delta": 0.520363}}
{"target": 0.46872733348366413, "params": {"C": 823.288163341279, "epsilon": 0.8322312029106829, "gamma": 0.010846808905737821, "lamda": 0.6711610205284976}, "datetime": {"datetime": "2021-09-23 22:42:38", "elapsed": 38.913448, "delta": 0.623234}}
{"target": 0.46803713796544955, "params": {"C": 839.5170809975971, "epsilon": 0.8015263880940218, "gamma": 0.011990231931295618, "lamda": 0.674984344890491}, "datetime": {"datetime": "2021-09-23 22:42:38", "elapsed": 39.450295, "delta": 0.536847}}
{"target": 0.46871845028027503, "params": {"C": 864.6371098246935, "epsilon": 0.8276288312727643, "gamma": 0.010919301318810366, "lamda": 0.6527360467681661}, "datetime": {"datetime": "2021-09-23 22:42:39", "elapsed": 39.968968, "delta": 0.518673}}
{"target": 0.46837265461071964, "params": {"C": 880.2632648632482, "epsilon": 0.93688532535168, "gamma": 0.011049574738962547, "lamda": 0.693652383513446}, "datetime": {"datetime": "2021-09-23 22:42:39", "elapsed": 40.541612, "delta": 0.572644}}
{"target": 0.469522461713067, "params": {"C": 756.1431081267473, "epsilon": 0.7761378264493705, "gamma": 0.00884429148514427, "lamda": 0.5957824752805224}, "datetime": {"datetime": "2021-09-23 22:42:40", "elapsed": 41.154732, "delta": 0.61312}}
{"target": 0.467631222644602, "params": {"C": 874.9221729126405, "epsilon": 0.9811805358255256, "gamma": 0.006910008283180733, "lamda": 0.619553160333096}, "datetime": {"datetime": "2021-09-23 22:42:41", "elapsed": 41.749274, "delta": 0.594542}}
{"target": 0.46955666322726997, "params": {"C": 849.2612840666561, "epsilon": 0.7053249932371144, "gamma": 0.008912204407528629, "lamda": 0.5385145837379165}, "datetime": {"datetime": "2021-09-23 22:42:41", "elapsed": 42.278352, "delta": 0.529078}}
{"target": 0.46836833712855963, "params": {"C": 761.2993878527205, "epsilon": 0.8581297932268173, "gamma": 0.01145875294940916, "lamda": 0.5840030465965204}, "datetime": {"datetime": "2021-09-23 22:42:42", "elapsed": 42.772499, "delta": 0.494147}}
{"target": 0.4676988611600642, "params": {"C": 837.6343334519975, "epsilon": 0.711743164152108, "gamma": 0.006313097549483275, "lamda": 0.7401707009458581}, "datetime": {"datetime": "2021-09-23 22:42:42", "elapsed": 43.345222, "delta": 0.572723}}
{"target": 0.46813586249079053, "params": {"C": 774.3219513462848, "epsilon": 0.7735112727302272, "gamma": 0.011231523380240978, "lamda": 0.5122918132528365}, "datetime": {"datetime": "2021-09-23 22:42:43", "elapsed": 43.945273, "delta": 0.600051}}
{"target": 0.4686009507059783, "params": {"C": 764.2405198502441, "epsilon": 0.8811859604098345, "gamma": 0.007892923290432426, "lamda": 0.673111120080727}, "datetime": {"datetime": "2021-09-23 22:42:43", "elapsed": 44.507244, "delta": 0.561971}}
{"target": 0.46800081567452123, "params": {"C": 864.817618844163, "epsilon": 0.9702123387023489, "gamma": 0.010657880208852909, "lamda": 0.771561400887413}, "datetime": {"datetime": "2021-09-23 22:42:44", "elapsed": 45.117301, "delta": 0.610057}}
{"target": 0.469524501650606, "params": {"C": 851.7815798569403, "epsilon": 0.7225895010495197, "gamma": 0.008607593812938727, "lamda": 0.6444056537529788}, "datetime": {"datetime": "2021-09-23 22:42:45", "elapsed": 45.714705, "delta": 0.597404}}
{"target": 0.46904640155607824, "params": {"C": 810.4590320965981, "epsilon": 0.7780786014251571, "gamma": 0.010269320339300595, "lamda": 0.6693549088077215}, "datetime": {"datetime": "2021-09-23 22:42:45", "elapsed": 46.356698, "delta": 0.641993}}
{"target": 0.4682628378687028, "params": {"C": 809.5069938435777, "epsilon": 0.9938420894950535, "gamma": 0.006886624500372551, "lamda": 0.5381427135911416}, "datetime": {"datetime": "2021-09-23 22:42:46", "elapsed": 46.970532, "delta": 0.613834}}
{"target": 0.46792350868751054, "params": {"C": 784.9604311489766, "epsilon": 0.8353742806979686, "gamma": 0.01180285972783809, "lamda": 0.535358581114011}, "datetime": {"datetime": "2021-09-23 22:42:46", "elapsed": 47.479032, "delta": 0.5085}}
{"target": 0.4691526672342343, "params": {"C": 886.4680598432832, "epsilon": 0.9445428166322638, "gamma": 0.007999705662819006, "lamda": 0.5488132356649196}, "datetime": {"datetime": "2021-09-23 22:42:47", "elapsed": 48.060032, "delta": 0.581}}
{"target": 0.46819497440568925, "params": {"C": 831.042782516364, "epsilon": 0.9329947326325776, "gamma": 0.009265084428768633, "lamda": 0.7684432526270075}, "datetime": {"datetime": "2021-09-23 22:42:47", "elapsed": 48.606033, "delta": 0.546001}}
{"target": 0.46845948157315065, "params": {"C": 824.7332713386055, "epsilon": 0.8972842633631168, "gamma": 0.011309517416898136, "lamda": 0.5519024991564204}, "datetime": {"datetime": "2021-09-23 22:42:48", "elapsed": 49.220032, "delta": 0.613999}}
{"target": 0.46931257243738156, "params": {"C": 878.6677521790733, "epsilon": 0.7749160719559127, "gamma": 0.009686086825942398, "lamda": 0.6251832449445953}, "datetime": {"datetime": "2021-09-23 22:42:49", "elapsed": 49.815359, "delta": 0.595327}}
{"target": 0.4680459712150741, "params": {"C": 782.105502938116, "epsilon": 0.795828021711806, "gamma": 0.006441551584223399, "lamda": 0.6348314278699849}, "datetime": {"datetime": "2021-09-23 22:42:49", "elapsed": 50.378361, "delta": 0.563002}}
{"target": 0.46966385046663917, "params": {"C": 815.8844508162626, "epsilon": 0.7127818582893053, "gamma": 0.008342467913991028, "lamda": 0.5584289070713697}, "datetime": {"datetime": "2021-09-23 22:42:50", "elapsed": 50.929291, "delta": 0.55093}}
{"target": 0.4687570674198581, "params": {"C": 852.0115340139976, "epsilon": 0.7306648369485609, "gamma": 0.010901741522881137, "lamda": 0.6817549457904837}, "datetime": {"datetime": "2021-09-23 22:42:50", "elapsed": 51.576285, "delta": 0.646994}}
{"target": 0.4676486294228187, "params": {"C": 852.1958832231062, "epsilon": 0.8255721464394743, "gamma": 0.006988014997674982, "lamda": 0.7477678278058626}, "datetime": {"datetime": "2021-09-23 22:42:51", "elapsed": 52.161323, "delta": 0.585038}}
{"target": 0.4693227274662999, "params": {"C": 820.2141450084241, "epsilon": 0.8408626495410126, "gamma": 0.009086958145124587, "lamda": 0.6174094498324113}, "datetime": {"datetime": "2021-09-23 22:42:52", "elapsed": 52.716722, "delta": 0.555399}}
{"target": 0.4686556143325976, "params": {"C": 801.0190391874486, "epsilon": 0.9832438340462565, "gamma": 0.010943307554345666, "lamda": 0.5685967012217065}, "datetime": {"datetime": "2021-09-23 22:42:52", "elapsed": 53.396728, "delta": 0.680006}}
{"target": 0.467923308162869, "params": {"C": 852.766488778517, "epsilon": 0.7753303683749723, "gamma": 0.006563449758624916, "lamda": 0.6917504118401906}, "datetime": {"datetime": "2021-09-23 22:42:53", "elapsed": 53.950765, "delta": 0.554037}}
{"target": 0.4686087380309013, "params": {"C": 803.1735553254974, "epsilon": 0.8422142636549745, "gamma": 0.008937873243074951, "lamda": 0.7725457856915762}, "datetime": {"datetime": "2021-09-23 22:42:53", "elapsed": 54.552345, "delta": 0.60158}}
{"target": 0.46775245522468656, "params": {"C": 835.1927767324197, "epsilon": 0.8335551494245544, "gamma": 0.006793823646276196, "lamda": 0.6998430355448549}, "datetime": {"datetime": "2021-09-23 22:42:54", "elapsed": 55.141342, "delta": 0.588997}}
{"target": 0.46774517621374334, "params": {"C": 897.8786803184465, "epsilon": 0.7494777788225506, "gamma": 0.006521839597417669, "lamda": 0.7345467278007328}, "datetime": {"datetime": "2021-09-23 22:42:55", "elapsed": 55.786383, "delta": 0.645041}}
{"target": 0.46940146547436257, "params": {"C": 791.4683556842431, "epsilon": 0.9462747693378752, "gamma": 0.00917735201876114, "lamda": 0.5171675633467315}, "datetime": {"datetime": "2021-09-23 22:42:55", "elapsed": 56.456386, "delta": 0.670003}}
{"target": 0.4690996816509678, "params": {"C": 816.9987873133202, "epsilon": 0.9990147078262315, "gamma": 0.010004452543190153, "lamda": 0.5305725655742459}, "datetime": {"datetime": "2021-09-23 22:42:56", "elapsed": 57.015681, "delta": 0.559295}}
{"target": 0.46775608787048295, "params": {"C": 793.0697689865515, "epsilon": 0.845883905802948, "gamma": 0.006359229631888702, "lamda": 0.6203030202930266}, "datetime": {"datetime": "2021-09-23 22:42:56", "elapsed": 57.60876, "delta": 0.593079}}
{"target": 0.46567530107710553, "params": {"C": 823.1714761032351, "epsilon": 0.9792120900564263, "gamma": 0.006447887895207838, "lamda": 0.7467198303530297}, "datetime": {"datetime": "2021-09-23 22:42:57", "elapsed": 58.215735, "delta": 0.606975}}
{"target": 0.4694647343887822, "params": {"C": 849.2730927329707, "epsilon": 0.7004244351899185, "gamma": 0.007261881705951677, "lamda": 0.5520376848292836}, "datetime": {"datetime": "2021-09-23 22:42:58", "elapsed": 58.93262, "delta": 0.716885}}
{"target": 0.46903677763423013, "params": {"C": 756.0876809547565, "epsilon": 0.7495467211965195, "gamma": 0.010380302229395125, "lamda": 0.638987677160338}, "datetime": {"datetime": "2021-09-23 22:42:58", "elapsed": 59.609616, "delta": 0.676996}}
{"target": 0.46936384544333154, "params": {"C": 756.1758103983434, "epsilon": 0.7897316161826659, "gamma": 0.0076744878852404936, "lamda": 0.5806475018274179}, "datetime": {"datetime": "2021-09-23 22:42:59", "elapsed": 60.243619, "delta": 0.634003}}
{"target": 0.46934824250359, "params": {"C": 833.3555980171013, "epsilon": 0.8982773343385043, "gamma": 0.009624406272302996, "lamda": 0.5039519856399208}, "datetime": {"datetime": "2021-09-23 22:43:00", "elapsed": 60.867661, "delta": 0.624042}}
