{"target": 0.46533615517995897, "params": {"C": 492.00772316245576, "epsilon": 0.7632215845861638, "gamma": 0.014626102104695641, "lamda": 0.6473607269985174}, "datetime": {"datetime": "2021-09-23 21:37:32", "elapsed": 25.943029, "delta": 0.511204}}
{"target": 0.469233490756898, "params": {"C": 572.3056616274782, "epsilon": 0.7563369942325703, "gamma": 0.008616935102504528, "lamda": 0.7140444644347308}, "datetime": {"datetime": "2021-09-23 21:37:33", "elapsed": 26.400026, "delta": 0.456997}}
{"target": 0.4665857638532469, "params": {"C": 571.6293181351969, "epsilon": 0.8193889674635297, "gamma": 0.013297862748297307, "lamda": 0.5696188724583221}, "datetime": {"datetime": "2021-09-23 21:37:33", "elapsed": 26.905025, "delta": 0.504999}}
{"target": 0.4661250116897143, "params": {"C": 581.5054328534378, "epsilon": 0.7698900982087447, "gamma": 0.014338781667128415, "lamda": 0.7707536545230773}, "datetime": {"datetime": "2021-09-23 21:37:34", "elapsed": 27.379031, "delta": 0.474006}}
{"target": 0.46746844477642246, "params": {"C": 493.0329705063541, "epsilon": 0.9593462719147072, "gamma": 0.008153897476038311, "lamda": 0.7770143492241928}, "datetime": {"datetime": "2021-09-23 21:37:34", "elapsed": 27.899385, "delta": 0.520354}}
{"target": 0.4668211847165975, "params": {"C": 530.5895071211187, "epsilon": 0.928736689551598, "gamma": 0.013567598667149135, "lamda": 0.6606226964808014}, "datetime": {"datetime": "2021-09-23 21:37:35", "elapsed": 28.411596, "delta": 0.512211}}
{"target": 0.4671551565714466, "params": {"C": 551.2312424066089, "epsilon": 0.9762794525648778, "gamma": 0.006912582783251523, "lamda": 0.6724884806299387}, "datetime": {"datetime": "2021-09-23 21:37:35", "elapsed": 28.957267, "delta": 0.545671}}
{"target": 0.4686396418494294, "params": {"C": 500.1271012030242, "epsilon": 0.9856449825098736, "gamma": 0.010745699807943104, "lamda": 0.6108156896998315}, "datetime": {"datetime": "2021-09-23 21:37:36", "elapsed": 29.441264, "delta": 0.483997}}
{"target": 0.4686910801522982, "params": {"C": 528.6012694890967, "epsilon": 0.721783362374452, "gamma": 0.006957022832191881, "lamda": 0.6858231073747781}, "datetime": {"datetime": "2021-09-23 21:37:36", "elapsed": 29.90575, "delta": 0.464486}}
{"target": 0.4692842146609475, "params": {"C": 561.4164076416279, "epsilon": 0.7536904106633882, "gamma": 0.00975814443605668, "lamda": 0.6498295551508357}, "datetime": {"datetime": "2021-09-23 21:37:37", "elapsed": 30.385648, "delta": 0.479898}}
{"target": 0.4681060696837023, "params": {"C": 566.8992747296843, "epsilon": 0.7789643372080697, "gamma": 0.011910870172536118, "lamda": 0.7034720118815173}, "datetime": {"datetime": "2021-09-23 21:37:37", "elapsed": 30.816687, "delta": 0.431039}}
{"target": 0.46822484264219333, "params": {"C": 527.0340636495885, "epsilon": 0.7024786342029687, "gamma": 0.006408587111546349, "lamda": 0.6852662738404743}, "datetime": {"datetime": "2021-09-23 21:37:38", "elapsed": 31.257648, "delta": 0.440961}}
{"target": 0.4658052001652112, "params": {"C": 526.0180771278701, "epsilon": 0.890324303787472, "gamma": 0.006312532906237388, "lamda": 0.7868536509224566}, "datetime": {"datetime": "2021-09-23 21:37:38", "elapsed": 31.720505, "delta": 0.462857}}
{"target": 0.46670078277902305, "params": {"C": 523.6532902256133, "epsilon": 0.9146111064223049, "gamma": 0.006982179803331812, "lamda": 0.7748761981339533}, "datetime": {"datetime": "2021-09-23 21:37:38", "elapsed": 32.176512, "delta": 0.456007}}
{"target": 0.469427247268171, "params": {"C": 510.73334677889113, "epsilon": 0.8756811977070887, "gamma": 0.00833834419237475, "lamda": 0.5517986786292972}, "datetime": {"datetime": "2021-09-23 21:37:39", "elapsed": 32.793513, "delta": 0.617001}}
{"target": 0.46602087022922967, "params": {"C": 530.4473832429074, "epsilon": 0.741207990495777, "gamma": 0.014420370301213396, "lamda": 0.7852235260546956}, "datetime": {"datetime": "2021-09-23 21:37:40", "elapsed": 33.296516, "delta": 0.503003}}
{"target": 0.46825286531064414, "params": {"C": 591.2373961804639, "epsilon": 0.9856623346082818, "gamma": 0.006778249258534548, "lamda": 0.5304500863619724}, "datetime": {"datetime": "2021-09-23 21:37:40", "elapsed": 33.780336, "delta": 0.48382}}
{"target": 0.4689359342785048, "params": {"C": 531.7543839895413, "epsilon": 0.8288091547190708, "gamma": 0.00881634109533952, "lamda": 0.720028497504223}, "datetime": {"datetime": "2021-09-23 21:37:41", "elapsed": 34.256514, "delta": 0.476178}}
{"target": 0.46853029222717657, "params": {"C": 483.7364643265689, "epsilon": 0.8741804773474207, "gamma": 0.00680486656177084, "lamda": 0.5648237920293102}, "datetime": {"datetime": "2021-09-23 21:37:41", "elapsed": 34.719512, "delta": 0.462998}}
{"target": 0.46705318268973306, "params": {"C": 582.4649859581327, "epsilon": 0.9846281205149985, "gamma": 0.013255701924841105, "lamda": 0.6709163335846382}, "datetime": {"datetime": "2021-09-23 21:37:41", "elapsed": 35.216513, "delta": 0.497001}}
{"target": 0.46779012488409677, "params": {"C": 504.1928748229662, "epsilon": 0.8298457855638817, "gamma": 0.007134658389994615, "lamda": 0.7460130713113173}, "datetime": {"datetime": "2021-09-23 21:37:42", "elapsed": 35.692195, "delta": 0.475682}}
{"target": 0.4658257257475059, "params": {"C": 587.5897569234603, "epsilon": 0.867693687439107, "gamma": 0.014773499928717565, "lamda": 0.7608734465536088}, "datetime": {"datetime": "2021-09-23 21:37:43", "elapsed": 36.354235, "delta": 0.66204}}
{"target": 0.46834592198038305, "params": {"C": 511.6656528633764, "epsilon": 0.9190484727665231, "gamma": 0.010090799618984281, "lamda": 0.7647956895223822}, "datetime": {"datetime": "2021-09-23 21:37:43", "elapsed": 36.923226, "delta": 0.568991}}
{"target": 0.4677506474462543, "params": {"C": 581.2780461379327, "epsilon": 0.8635839713234791, "gamma": 0.006036069367705339, "lamda": 0.5501734002586995}, "datetime": {"datetime": "2021-09-23 21:37:44", "elapsed": 37.484258, "delta": 0.561032}}
{"target": 0.4655977713770101, "params": {"C": 559.3759578836978, "epsilon": 0.7346733472923755, "gamma": 0.014750612096222342, "lamda": 0.7594953045686664}, "datetime": {"datetime": "2021-09-23 21:37:44", "elapsed": 38.018755, "delta": 0.534497}}
{"target": 0.4665568703594959, "params": {"C": 502.99035425312104, "epsilon": 0.778973343045644, "gamma": 0.013560192587238938, "lamda": 0.649307457218877}, "datetime": {"datetime": "2021-09-23 21:37:45", "elapsed": 38.562754, "delta": 0.543999}}
{"target": 0.46851723160189884, "params": {"C": 526.7380143829243, "epsilon": 0.882312692822648, "gamma": 0.008299200586288, "lamda": 0.7159307951397316}, "datetime": {"datetime": "2021-09-23 21:37:45", "elapsed": 39.047178, "delta": 0.484424}}
{"target": 0.46603252714906884, "params": {"C": 484.5536674206096, "epsilon": 0.9843696707374219, "gamma": 0.013991266149329006, "lamda": 0.5084333538217163}, "datetime": {"datetime": "2021-09-23 21:37:46", "elapsed": 39.636175, "delta": 0.588997}}
{"target": 0.46856814538604963, "params": {"C": 531.7581299122878, "epsilon": 0.8290136857926587, "gamma": 0.007944432341316934, "lamda": 0.7267945286699454}, "datetime": {"datetime": "2021-09-23 21:37:46", "elapsed": 40.205251, "delta": 0.569076}}
{"target": 0.46926539871607986, "params": {"C": 539.8312717349914, "epsilon": 0.75702114753633, "gamma": 0.00921999879480548, "lamda": 0.7116511931077895}, "datetime": {"datetime": "2021-09-23 21:37:47", "elapsed": 40.696931, "delta": 0.49168}}
{"target": 0.4683507037698106, "params": {"C": 528.6122765810201, "epsilon": 0.7378569073998293, "gamma": 0.011541237252878082, "lamda": 0.6984032596712629}, "datetime": {"datetime": "2021-09-23 21:37:48", "elapsed": 41.266929, "delta": 0.569998}}
{"target": 0.46896690524491735, "params": {"C": 571.0512576447679, "epsilon": 0.8527489087068045, "gamma": 0.007513854053980418, "lamda": 0.5999574304595283}, "datetime": {"datetime": "2021-09-23 21:37:48", "elapsed": 41.86518, "delta": 0.598251}}
{"target": 0.46557633512915253, "params": {"C": 572.3068131367388, "epsilon": 0.7634585803228371, "gamma": 0.014742737181708996, "lamda": 0.7249339600839819}, "datetime": {"datetime": "2021-09-23 21:37:49", "elapsed": 42.39741, "delta": 0.53223}}
{"target": 0.46898934618903687, "params": {"C": 570.5902082633172, "epsilon": 0.8671447840023108, "gamma": 0.010267442245262572, "lamda": 0.6273179141124039}, "datetime": {"datetime": "2021-09-23 21:37:49", "elapsed": 42.991411, "delta": 0.594001}}
{"target": 0.4666305971003005, "params": {"C": 559.630242382268, "epsilon": 0.7004341529229738, "gamma": 0.013554928682155222, "lamda": 0.7368640024959492}, "datetime": {"datetime": "2021-09-23 21:37:50", "elapsed": 43.560412, "delta": 0.569001}}
{"target": 0.46682672589373886, "params": {"C": 584.2106118905986, "epsilon": 0.93688532535168, "gamma": 0.013574362108443818, "lamda": 0.693652383513446}, "datetime": {"datetime": "2021-09-23 21:37:50", "elapsed": 44.104551, "delta": 0.544139}}
{"target": 0.4680962887302621, "params": {"C": 531.7570946501514, "epsilon": 0.8114834109055189, "gamma": 0.007083650923643398, "lamda": 0.7148880365548961}, "datetime": {"datetime": "2021-09-23 21:37:51", "elapsed": 44.663559, "delta": 0.559008}}
{"target": 0.4676364194220356, "params": {"C": 489.1333375882838, "epsilon": 0.8646510207283118, "gamma": 0.006573383098613833, "lamda": 0.655495213092171}, "datetime": {"datetime": "2021-09-23 21:37:51", "elapsed": 45.234549, "delta": 0.57099}}
{"target": 0.4661549716129457, "params": {"C": 559.6467460733617, "epsilon": 0.7149508159962731, "gamma": 0.014095514359959142, "lamda": 0.742679303134281}, "datetime": {"datetime": "2021-09-23 21:37:52", "elapsed": 45.734892, "delta": 0.500343}}
{"target": 0.4658479705845494, "params": {"C": 489.03951028217637, "epsilon": 0.8581297932268173, "gamma": 0.01418812942411374, "lamda": 0.5840030465965204}, "datetime": {"datetime": "2021-09-23 21:37:53", "elapsed": 46.280232, "delta": 0.54534}}
{"target": 0.46894587118295206, "params": {"C": 539.841987436289, "epsilon": 0.7564510434577181, "gamma": 0.01045801305648381, "lamda": 0.7098878037873044}, "datetime": {"datetime": "2021-09-23 21:37:53", "elapsed": 46.811231, "delta": 0.530999}}
{"target": 0.4651887030241417, "params": {"C": 499.45756107702783, "epsilon": 0.7735112727302272, "gamma": 0.013847285070361464, "lamda": 0.5122918132528365}, "datetime": {"datetime": "2021-09-23 21:37:54", "elapsed": 47.37523, "delta": 0.563999}}
{"target": 0.4689509115125462, "params": {"C": 491.39241588019536, "epsilon": 0.8811859604098345, "gamma": 0.008839384935648637, "lamda": 0.673111120080727}, "datetime": {"datetime": "2021-09-23 21:37:54", "elapsed": 47.863219, "delta": 0.487989}}
{"target": 0.46706690520109784, "params": {"C": 571.8540950753304, "epsilon": 0.9702123387023489, "gamma": 0.01298682031327936, "lamda": 0.771561400887413}, "datetime": {"datetime": "2021-09-23 21:37:55", "elapsed": 48.378091, "delta": 0.514872}}
{"target": 0.4683249477085252, "params": {"C": 571.7313149367325, "epsilon": 0.8409014646978791, "gamma": 0.011572171685070637, "lamda": 0.6478578232446452}, "datetime": {"datetime": "2021-09-23 21:37:55", "elapsed": 48.953868, "delta": 0.575777}}
{"target": 0.4686164546714837, "params": {"C": 570.5982372578846, "epsilon": 0.8624223790959635, "gamma": 0.0072263216344568455, "lamda": 0.6165266158251137}, "datetime": {"datetime": "2021-09-23 21:37:56", "elapsed": 49.472874, "delta": 0.519006}}
{"target": 0.46799487910713844, "params": {"C": 480.3634741011152, "epsilon": 0.8567614210840648, "gamma": 0.006366524920814815, "lamda": 0.5824619832279063}, "datetime": {"datetime": "2021-09-23 21:37:56", "elapsed": 50.036708, "delta": 0.563834}}
{"target": 0.4647424255515592, "params": {"C": 507.9683449191812, "epsilon": 0.8353742806979686, "gamma": 0.014704289591757137, "lamda": 0.535358581114011}, "datetime": {"datetime": "2021-09-23 21:37:57", "elapsed": 50.564292, "delta": 0.527584}}
{"target": 0.46819155134950863, "params": {"C": 527.0255563364567, "epsilon": 0.7069867071828471, "gamma": 0.006467950699904494, "lamda": 0.6987218800612582}, "datetime": {"datetime": "2021-09-23 21:37:57", "elapsed": 51.153236, "delta": 0.588944}}
{"target": 0.46812665532303765, "params": {"C": 544.8342260130912, "epsilon": 0.9329947326325776, "gamma": 0.01089762664315295, "lamda": 0.7684432526270075}, "datetime": {"datetime": "2021-09-23 21:37:58", "elapsed": 51.642271, "delta": 0.489035}}
{"target": 0.46604463323401624, "params": {"C": 539.7866170708844, "epsilon": 0.8972842633631168, "gamma": 0.013964276125347204, "lamda": 0.5519024991564204}, "datetime": {"datetime": "2021-09-23 21:37:58", "elapsed": 52.193616, "delta": 0.551345}}
{"target": 0.4682921966896123, "params": {"C": 582.9342017432587, "epsilon": 0.7749160719559127, "gamma": 0.011529130238913596, "lamda": 0.6251832449445953}, "datetime": {"datetime": "2021-09-23 21:37:59", "elapsed": 52.726616, "delta": 0.533}}
{"target": 0.46830450985587213, "params": {"C": 505.68440235049286, "epsilon": 0.795828021711806, "gamma": 0.0066623273763350985, "lamda": 0.6348314278699849}, "datetime": {"datetime": "2021-09-23 21:38:00", "elapsed": 53.293647, "delta": 0.567031}}
{"target": 0.4693666714712659, "params": {"C": 532.7075606530102, "epsilon": 0.7127818582893053, "gamma": 0.009513701870986543, "lamda": 0.5584289070713697}, "datetime": {"datetime": "2021-09-23 21:38:00", "elapsed": 53.833009, "delta": 0.539362}}
{"target": 0.46877013548980573, "params": {"C": 531.7442305696387, "epsilon": 0.8248673556594626, "gamma": 0.008330345704022734, "lamda": 0.7279513493829288}, "datetime": {"datetime": "2021-09-23 21:38:01", "elapsed": 54.378488, "delta": 0.545479}}
{"target": 0.46812650322416594, "params": {"C": 561.7567065784849, "epsilon": 0.8255721464394743, "gamma": 0.007482022496512473, "lamda": 0.7477678278058626}, "datetime": {"datetime": "2021-09-23 21:38:01", "elapsed": 54.908026, "delta": 0.529538}}
{"target": 0.469230743116676, "params": {"C": 539.8316496324751, "epsilon": 0.7618808633473187, "gamma": 0.009147914011991378, "lamda": 0.719230343247993}, "datetime": {"datetime": "2021-09-23 21:38:02", "elapsed": 55.541724, "delta": 0.633698}}
{"target": 0.4668589094078365, "params": {"C": 520.8152313499589, "epsilon": 0.9832438340462565, "gamma": 0.0134149613315185, "lamda": 0.5685967012217065}, "datetime": {"datetime": "2021-09-23 21:38:02", "elapsed": 56.14358, "delta": 0.601856}}
{"target": 0.4682424220443864, "params": {"C": 562.2131910228136, "epsilon": 0.7753303683749723, "gamma": 0.006845174637937375, "lamda": 0.6917504118401906}, "datetime": {"datetime": "2021-09-23 21:38:03", "elapsed": 56.928689, "delta": 0.785109}}
{"target": 0.4680569895793173, "params": {"C": 510.7352353262236, "epsilon": 0.8669932493422843, "gamma": 0.0063834254885377344, "lamda": 0.5699606382576408}, "datetime": {"datetime": "2021-09-23 21:38:04", "elapsed": 57.656653, "delta": 0.727964}}
{"target": 0.46876216191233333, "params": {"C": 508.1652714780009, "epsilon": 0.7498570507502443, "gamma": 0.010753155277490666, "lamda": 0.7585888019442835}, "datetime": {"datetime": "2021-09-23 21:38:04", "elapsed": 58.218826, "delta": 0.562173}}
{"target": 0.46805665862703516, "params": {"C": 598.3029442547572, "epsilon": 0.7494777788225506, "gamma": 0.006782759396126503, "lamda": 0.7345467278007328}, "datetime": {"datetime": "2021-09-23 21:38:05", "elapsed": 58.770176, "delta": 0.55135}}
{"target": 0.4688002215879472, "params": {"C": 513.1746845473945, "epsilon": 0.9462747693378752, "gamma": 0.010766028028141712, "lamda": 0.5171675633467315}, "datetime": {"datetime": "2021-09-23 21:38:06", "elapsed": 59.375992, "delta": 0.605816}}
{"target": 0.4679820948143627, "params": {"C": 533.5990298506562, "epsilon": 0.9990147078262315, "gamma": 0.012006678814785229, "lamda": 0.5305725655742459}, "datetime": {"datetime": "2021-09-23 21:38:06", "elapsed": 59.906065, "delta": 0.530073}}
{"target": 0.4679853564578619, "params": {"C": 514.4558151892412, "epsilon": 0.845883905802948, "gamma": 0.006538844447833053, "lamda": 0.6203030202930266}, "datetime": {"datetime": "2021-09-23 21:38:07", "elapsed": 60.473822, "delta": 0.567757}}
{"target": 0.46602745282790536, "params": {"C": 538.5371808825881, "epsilon": 0.9792120900564263, "gamma": 0.0066718318428117575, "lamda": 0.7467198303530297}, "datetime": {"datetime": "2021-09-23 21:38:07", "elapsed": 61.055499, "delta": 0.581677}}
{"target": 0.46580021117224923, "params": {"C": 527.0414110737838, "epsilon": 0.7198534104117673, "gamma": 0.014265724564429408, "lamda": 0.6960579809057708}, "datetime": {"datetime": "2021-09-23 21:38:08", "elapsed": 61.68693, "delta": 0.631431}}
{"target": 0.4690205501019583, "params": {"C": 513.1652530151287, "epsilon": 0.9505808227602637, "gamma": 0.007372429051011499, "lamda": 0.513111019339809}, "datetime": {"datetime": "2021-09-23 21:38:09", "elapsed": 62.291636, "delta": 0.604706}}
{"target": 0.46670652877243635, "params": {"C": 511.2871582357674, "epsilon": 0.7541406085516724, "gamma": 0.01355174890921643, "lamda": 0.7123537035769567}, "datetime": {"datetime": "2021-09-23 21:38:09", "elapsed": 62.89472, "delta": 0.603084}}
{"target": 0.46555973167971, "params": {"C": 513.1679449793186, "epsilon": 0.9611565009096525, "gamma": 0.014368438039214634, "lamda": 0.512498007657347}, "datetime": {"datetime": "2021-09-23 21:38:10", "elapsed": 63.554685, "delta": 0.659965}}
{"target": 0.4692140495077669, "params": {"C": 561.4111990862032, "epsilon": 0.7556884896076675, "gamma": 0.009949062769107246, "lamda": 0.6504510790212623}, "datetime": {"datetime": "2021-09-23 21:38:10", "elapsed": 64.120602, "delta": 0.565917}}
{"target": 0.4693353214946494, "params": {"C": 484.910175762943, "epsilon": 0.7457614973677639, "gamma": 0.007142332607464099, "lamda": 0.5474959267127735}, "datetime": {"datetime": "2021-09-23 21:38:11", "elapsed": 64.769276, "delta": 0.648674}}
{"target": 0.4662442112661389, "params": {"C": 489.1362674728236, "epsilon": 0.851439711743612, "gamma": 0.01400426241246563, "lamda": 0.6319755856078}, "datetime": {"datetime": "2021-09-23 21:38:12", "elapsed": 65.369442, "delta": 0.600166}}
{"target": 0.46601327973304973, "params": {"C": 576.1367243307703, "epsilon": 0.9986621636669264, "gamma": 0.014474251249599378, "lamda": 0.7566492797092014}, "datetime": {"datetime": "2021-09-23 21:38:12", "elapsed": 65.951392, "delta": 0.58195}}
{"target": 0.46885071776017184, "params": {"C": 499.4901389524662, "epsilon": 0.7774610128477766, "gamma": 0.01038842023603342, "lamda": 0.5166541220488452}, "datetime": {"datetime": "2021-09-23 21:38:13", "elapsed": 66.609945, "delta": 0.658553}}
{"target": 0.46891175369424487, "params": {"C": 577.1142392759336, "epsilon": 0.7678959464524477, "gamma": 0.009261181457734108, "lamda": 0.7969740818495142}, "datetime": {"datetime": "2021-09-23 21:38:13", "elapsed": 67.143911, "delta": 0.533966}}
{"target": 0.46850604276276475, "params": {"C": 556.8016911561808, "epsilon": 0.7949903140863487, "gamma": 0.006392420634466566, "lamda": 0.5533242687318689}, "datetime": {"datetime": "2021-09-23 21:38:14", "elapsed": 67.825242, "delta": 0.681331}}
{"target": 0.46909693854443424, "params": {"C": 512.8519945490309, "epsilon": 0.954272259615406, "gamma": 0.00740297511749149, "lamda": 0.5014208542173313}, "datetime": {"datetime": "2021-09-23 21:38:15", "elapsed": 68.430097, "delta": 0.604855}}
{"target": 0.4666563508260557, "params": {"C": 531.142137249828, "epsilon": 0.7395854063730277, "gamma": 0.01358879015719961, "lamda": 0.7199418270000385}, "datetime": {"datetime": "2021-09-23 21:38:15", "elapsed": 69.033514, "delta": 0.603417}}
{"target": 0.4669913969257362, "params": {"C": 509.8362443398635, "epsilon": 0.9021502044333041, "gamma": 0.013326231618290562, "lamda": 0.6435726053347685}, "datetime": {"datetime": "2021-09-23 21:38:16", "elapsed": 69.984046, "delta": 0.950532}}
{"target": 0.4686278834233524, "params": {"C": 551.4432369102321, "epsilon": 0.8585825824130132, "gamma": 0.011062467809062174, "lamda": 0.6392675768865911}, "datetime": {"datetime": "2021-09-23 21:38:17", "elapsed": 70.597876, "delta": 0.61383}}
{"target": 0.4665777581300429, "params": {"C": 532.7043550569783, "epsilon": 0.732236185240845, "gamma": 0.01277198002841214, "lamda": 0.5444314066858261}, "datetime": {"datetime": "2021-09-23 21:38:17", "elapsed": 71.218913, "delta": 0.621037}}
{"target": 0.4690072194546244, "params": {"C": 599.1625893625422, "epsilon": 0.8901080685090709, "gamma": 0.009232681704612151, "lamda": 0.6619969485025687}, "datetime": {"datetime": "2021-09-23 21:38:18", "elapsed": 71.803917, "delta": 0.585004}}
{"target": 0.4678699846846769, "params": {"C": 574.5557440000878, "epsilon": 0.9032512539796442, "gamma": 0.006266690482636013, "lamda": 0.5508161548838146}, "datetime": {"datetime": "2021-09-23 21:38:19", "elapsed": 72.405849, "delta": 0.601932}}
{"target": 0.46870678509678754, "params": {"C": 560.6148357484248, "epsilon": 0.7363180712291285, "gamma": 0.010961123636256427, "lamda": 0.7386160333255813}, "datetime": {"datetime": "2021-09-23 21:38:19", "elapsed": 73.010433, "delta": 0.604584}}
{"target": 0.4693263325861351, "params": {"C": 556.8446326954975, "epsilon": 0.8118643380477654, "gamma": 0.008764730231384361, "lamda": 0.641729527133279}, "datetime": {"datetime": "2021-09-23 21:38:20", "elapsed": 73.650574, "delta": 0.640141}}
{"target": 0.46756365635559716, "params": {"C": 548.2660800287284, "epsilon": 0.7703041881085029, "gamma": 0.01244836017423814, "lamda": 0.6413244486140728}, "datetime": {"datetime": "2021-09-23 21:38:21", "elapsed": 74.296805, "delta": 0.646231}}
{"target": 0.46760677859156896, "params": {"C": 551.4356845600837, "epsilon": 0.8662405420285398, "gamma": 0.006415538817606465, "lamda": 0.6329102582361981}, "datetime": {"datetime": "2021-09-23 21:38:21", "elapsed": 75.029802, "delta": 0.732997}}
