{"target": 0.4456650844802198, "params": {"C": 242.35254207347793, "epsilon": 0.944690415369726, "gamma": 0.0012818001560988908, "lamda": 0.4810184473275934}, "datetime": {"datetime": "2021-09-23 19:58:06", "elapsed": 183.861762, "delta": 1.258554}}
{"target": 0.4441184346118636, "params": {"C": 226.79769369328636, "epsilon": 0.6211368027729331, "gamma": 0.0012599114294495842, "lamda": 0.5150830285689841}, "datetime": {"datetime": "2021-09-23 19:58:08", "elapsed": 185.733846, "delta": 1.872084}}
{"target": 0.4647929614515428, "params": {"C": 219.58154914843476, "epsilon": 0.9324514896676528, "gamma": 0.010471743645931543, "lamda": 0.41883367393162674}, "datetime": {"datetime": "2021-09-23 19:58:09", "elapsed": 186.708061, "delta": 0.974215}}
{"target": 0.4526420009758727, "params": {"C": 241.54942518712278, "epsilon": 0.7165607847804569, "gamma": 0.01976373095657416, "lamda": 0.5410750441368908}, "datetime": {"datetime": "2021-09-23 19:58:10", "elapsed": 187.627232, "delta": 0.919171}}
{"target": 0.4604926023394341, "params": {"C": 210.83845422541302, "epsilon": 0.9636971078144925, "gamma": 0.003720835356810038, "lamda": 0.5826784286337856}, "datetime": {"datetime": "2021-09-23 19:58:11", "elapsed": 188.906307, "delta": 1.279075}}
{"target": 0.4640107440819713, "params": {"C": 234.87354904625425, "epsilon": 0.9061717548258958, "gamma": 0.013913327315855512, "lamda": 0.49080346565420496}, "datetime": {"datetime": "2021-09-23 19:58:13", "elapsed": 189.996616, "delta": 1.090309}}
{"target": 0.4646000185290631, "params": {"C": 219.50453717780502, "epsilon": 0.9508919056277905, "gamma": 0.014358236427337513, "lamda": 0.5254728277961846}, "datetime": {"datetime": "2021-09-23 19:58:14", "elapsed": 191.416224, "delta": 1.419608}}
{"target": 0.46795269107239734, "params": {"C": 213.27825946689958, "epsilon": 0.8666511769432137, "gamma": 0.010761120714428866, "lamda": 0.5941747955396842}, "datetime": {"datetime": "2021-09-23 19:58:15", "elapsed": 192.713265, "delta": 1.297041}}
{"target": 0.44793997266245056, "params": {"C": 220.56262766661496, "epsilon": 0.6575322525111411, "gamma": 0.0045477352077706815, "lamda": 0.2638288678562041}, "datetime": {"datetime": "2021-09-23 19:58:16", "elapsed": 193.741167, "delta": 1.027902}}
{"target": 0.4388294687522254, "params": {"C": 202.7866326996221, "epsilon": 0.7550730315958935, "gamma": 0.01709424042471094, "lamda": 0.3037202921577295}, "datetime": {"datetime": "2021-09-23 19:58:17", "elapsed": 194.829789, "delta": 1.088622}}
{"target": 0.4580401041351051, "params": {"C": 211.44752340428445, "epsilon": 0.8745633188028965, "gamma": 0.019735575182506144, "lamda": 0.5977799333720446}, "datetime": {"datetime": "2021-09-23 19:58:19", "elapsed": 195.990772, "delta": 1.160983}}
{"target": 0.46623967025714497, "params": {"C": 211.77459601014266, "epsilon": 0.9669273270259541, "gamma": 0.005995099953775685, "lamda": 0.4699223038382148}, "datetime": {"datetime": "2021-09-23 19:58:20", "elapsed": 197.354394, "delta": 1.363622}}
{"target": 0.4567774039694502, "params": {"C": 213.2274054800787, "epsilon": 0.8559312338600055, "gamma": 0.002721932184340732, "lamda": 0.5951333098634177}, "datetime": {"datetime": "2021-09-23 19:58:22", "elapsed": 198.929196, "delta": 1.574802}}
{"target": 0.4382322152937723, "params": {"C": 228.9233249152049, "epsilon": 0.6053383603516336, "gamma": 0.01879749163681796, "lamda": 0.3931665093922033}, "datetime": {"datetime": "2021-09-23 19:58:22", "elapsed": 199.899943, "delta": 0.970747}}
{"target": 0.46534691843736875, "params": {"C": 213.20163095860715, "epsilon": 0.9284583803560038, "gamma": 0.0061606764657716724, "lamda": 0.4527389450653641}, "datetime": {"datetime": "2021-09-23 19:58:24", "elapsed": 201.216978, "delta": 1.317035}}
{"target": 0.44518266145719054, "params": {"C": 225.23338107215588, "epsilon": 0.5927248685708069, "gamma": 0.0018530736562470847, "lamda": 0.42543424643402095}, "datetime": {"datetime": "2021-09-23 19:58:25", "elapsed": 202.47644, "delta": 1.259462}}
{"target": 0.4577071276616649, "params": {"C": 213.26640504412603, "epsilon": 0.9051589395409261, "gamma": 0.019477754821595396, "lamda": 0.5567390895599307}, "datetime": {"datetime": "2021-09-23 19:58:27", "elapsed": 204.044632, "delta": 1.568192}}
{"target": 0.45878110654089355, "params": {"C": 246.01202252635974, "epsilon": 0.7801625881395056, "gamma": 0.007248654461647994, "lamda": 0.31901410546915765}, "datetime": {"datetime": "2021-09-23 19:58:28", "elapsed": 205.158635, "delta": 1.114003}}
{"target": 0.4632055887381634, "params": {"C": 213.22313765188434, "epsilon": 0.794310346290882, "gamma": 0.011570690558076585, "lamda": 0.48383024030433186}, "datetime": {"datetime": "2021-09-23 19:58:29", "elapsed": 206.720038, "delta": 1.561403}}
{"target": 0.4552762647550256, "params": {"C": 204.74103369776245, "epsilon": 0.6520526530472777, "gamma": 0.01621074920252078, "lamda": 0.5585684572606975}, "datetime": {"datetime": "2021-09-23 19:58:31", "elapsed": 208.054857, "delta": 1.334819}}
{"target": 0.43773012536776734, "params": {"C": 213.20655269288645, "epsilon": 0.9530116215004518, "gamma": 0.001, "lamda": 0.48348054098190935}, "datetime": {"datetime": "2021-09-23 19:58:33", "elapsed": 210.34887, "delta": 2.294013}}
{"target": 0.4628643942811025, "params": {"C": 211.789295378379, "epsilon": 0.9541550413405885, "gamma": 0.014735345409862719, "lamda": 0.4953535568973907}, "datetime": {"datetime": "2021-09-23 19:58:34", "elapsed": 211.815171, "delta": 1.466301}}
{"target": 0.46336148507146924, "params": {"C": 211.38790446849225, "epsilon": 0.8695333709423023, "gamma": 0.015014928694028679, "lamda": 0.57313046849454}, "datetime": {"datetime": "2021-09-23 19:58:36", "elapsed": 213.506203, "delta": 1.691032}}
{"target": 0.45796953814520225, "params": {"C": 221.39358460700745, "epsilon": 0.9579553558018579, "gamma": 0.016971854882249445, "lamda": 0.43966085753426376}, "datetime": {"datetime": "2021-09-23 19:58:38", "elapsed": 215.245316, "delta": 1.739113}}
{"target": 0.46790396820434865, "params": {"C": 213.07816325730556, "epsilon": 0.8897703955621169, "gamma": 0.006909983430174994, "lamda": 0.5573009733407861}, "datetime": {"datetime": "2021-09-23 19:58:39", "elapsed": 216.718312, "delta": 1.472996}}
{"target": 0.45486884883220247, "params": {"C": 231.34999635197238, "epsilon": 0.9174777278981737, "gamma": 0.019700807727932243, "lamda": 0.4724810326475494}, "datetime": {"datetime": "2021-09-23 19:58:41", "elapsed": 218.056335, "delta": 1.338023}}
{"target": 0.45906193202963275, "params": {"C": 210.8249825801741, "epsilon": 0.9892542680132625, "gamma": 0.0033551592148896698, "lamda": 0.559477996614995}, "datetime": {"datetime": "2021-09-23 19:58:43", "elapsed": 220.367172, "delta": 2.310837}}
{"target": 0.45548490757252547, "params": {"C": 219.5318276110765, "epsilon": 0.8356306634417174, "gamma": 0.01915367877817739, "lamda": 0.5272156011404869}, "datetime": {"datetime": "2021-09-23 19:58:44", "elapsed": 221.714934, "delta": 1.347762}}
{"target": 0.44675728566441153, "params": {"C": 244.27508712044624, "epsilon": 0.6748162221508989, "gamma": 0.0040918429210048055, "lamda": 0.23375718993446426}, "datetime": {"datetime": "2021-09-23 19:58:45", "elapsed": 222.818929, "delta": 1.103995}}
{"target": 0.45258098777881384, "params": {"C": 211.73469520837764, "epsilon": 0.9706521249968716, "gamma": 0.00216626850993433, "lamda": 0.5458442436430004}, "datetime": {"datetime": "2021-09-23 19:58:47", "elapsed": 224.835481, "delta": 2.016552}}
{"target": 0.43688941928469505, "params": {"C": 229.41739482810905, "epsilon": 0.8096248710736738, "gamma": 0.014965058353141138, "lamda": 0.2079695276444966}, "datetime": {"datetime": "2021-09-23 19:58:49", "elapsed": 225.979972, "delta": 1.144491}}
{"target": 0.4576023730193427, "params": {"C": 206.8721199373629, "epsilon": 0.9518844130485136, "gamma": 0.003058808125326403, "lamda": 0.47996268484866705}, "datetime": {"datetime": "2021-09-23 19:58:50", "elapsed": 227.098313, "delta": 1.118341}}
{"target": 0.46828648390204075, "params": {"C": 213.27922564543815, "epsilon": 0.8497643658163693, "gamma": 0.007959264597978676, "lamda": 0.5700941418516683}, "datetime": {"datetime": "2021-09-23 19:58:51", "elapsed": 228.846853, "delta": 1.74854}}
{"target": 0.46133702498759566, "params": {"C": 242.357197536709, "epsilon": 0.8727758832298025, "gamma": 0.016110116524159092, "lamda": 0.5050374513902991}, "datetime": {"datetime": "2021-09-23 19:58:54", "elapsed": 231.046849, "delta": 2.199996}}
{"target": 0.45513181819175275, "params": {"C": 249.88757238064758, "epsilon": 0.8622223996353479, "gamma": 0.0021536155468960486, "lamda": 0.48949534412808876}, "datetime": {"datetime": "2021-09-23 19:58:55", "elapsed": 232.475891, "delta": 1.429042}}
{"target": 0.468243991076865, "params": {"C": 211.79401513384138, "epsilon": 0.9079750481155229, "gamma": 0.010722957858710476, "lamda": 0.5898134698201558}, "datetime": {"datetime": "2021-09-23 19:58:57", "elapsed": 234.344047, "delta": 1.868156}}
{"target": 0.4473697795663093, "params": {"C": 243.79848024861678, "epsilon": 0.9327811487085316, "gamma": 0.00295557457494618, "lamda": 0.22043797408537966}, "datetime": {"datetime": "2021-09-23 19:58:58", "elapsed": 235.688801, "delta": 1.344754}}
{"target": 0.4549001500301537, "params": {"C": 218.05524876260702, "epsilon": 0.5066662027446698, "gamma": 0.010726433415066274, "lamda": 0.5195612254546437}, "datetime": {"datetime": "2021-09-23 19:59:00", "elapsed": 236.93145, "delta": 1.242649}}
{"target": 0.4671253485943515, "params": {"C": 211.72552961266754, "epsilon": 0.9828513034134865, "gamma": 0.012830587592625169, "lamda": 0.5834921022356863}, "datetime": {"datetime": "2021-09-23 19:59:01", "elapsed": 238.233447, "delta": 1.301997}}
{"target": 0.4655267778433768, "params": {"C": 213.26757612523994, "epsilon": 0.8336655474510473, "gamma": 0.005156660233280442, "lamda": 0.5945972829401267}, "datetime": {"datetime": "2021-09-23 19:59:03", "elapsed": 240.200451, "delta": 1.967004}}
{"target": 0.46611313751665273, "params": {"C": 211.75217694700402, "epsilon": 0.9262674932063792, "gamma": 0.01326860499310362, "lamda": 0.5687042737623234}, "datetime": {"datetime": "2021-09-23 19:59:05", "elapsed": 241.919447, "delta": 1.718996}}
{"target": 0.46355221265797497, "params": {"C": 213.03590825212538, "epsilon": 0.922063724804314, "gamma": 0.004400303746878468, "lamda": 0.5596181879909548}, "datetime": {"datetime": "2021-09-23 19:59:06", "elapsed": 243.750012, "delta": 1.830565}}
{"target": 0.46738508476836105, "params": {"C": 213.0094860017459, "epsilon": 0.8780526372937623, "gamma": 0.010994542273379614, "lamda": 0.5621547465164136}, "datetime": {"datetime": "2021-09-23 19:59:08", "elapsed": 245.330016, "delta": 1.580004}}
{"target": 0.4579363898349732, "params": {"C": 231.37524227150362, "epsilon": 0.6850142542303206, "gamma": 0.004688343897955132, "lamda": 0.4143158470702996}, "datetime": {"datetime": "2021-09-23 19:59:09", "elapsed": 246.55102, "delta": 1.221004}}
{"target": 0.4618419113492379, "params": {"C": 211.70728964572058, "epsilon": 0.9592720882386949, "gamma": 0.017346712065429704, "lamda": 0.5675638215122212}, "datetime": {"datetime": "2021-09-23 19:59:11", "elapsed": 248.749071, "delta": 2.198051}}
{"target": 0.4585631467052247, "params": {"C": 213.09463752597244, "epsilon": 0.9221501186230998, "gamma": 0.003121728691819966, "lamda": 0.5712820394987184}, "datetime": {"datetime": "2021-09-23 19:59:13", "elapsed": 250.484105, "delta": 1.735034}}
{"target": 0.45537603400264515, "params": {"C": 226.4664624109363, "epsilon": 0.7273642767087296, "gamma": 0.017046604817353723, "lamda": 0.5044981595515827}, "datetime": {"datetime": "2021-09-23 19:59:14", "elapsed": 251.675075, "delta": 1.19097}}
{"target": 0.45809835410123834, "params": {"C": 225.96047639583452, "epsilon": 0.9978070743381089, "gamma": 0.008632839298562216, "lamda": 0.26888380955957547}, "datetime": {"datetime": "2021-09-23 19:59:16", "elapsed": 252.981075, "delta": 1.306}}
{"target": 0.46425913551382625, "params": {"C": 200.9532810594029, "epsilon": 0.8131278515898634, "gamma": 0.004923813116501989, "lamda": 0.598018113297897}, "datetime": {"datetime": "2021-09-23 19:59:18", "elapsed": 255.172075, "delta": 2.191}}
{"target": 0.46685751047910773, "params": {"C": 212.98326194294683, "epsilon": 0.8859536197160904, "gamma": 0.0059388226914659425, "lamda": 0.5742877124035685}, "datetime": {"datetime": "2021-09-23 19:59:19", "elapsed": 256.748206, "delta": 1.576131}}
{"target": 0.46828512075599604, "params": {"C": 242.35008597434688, "epsilon": 0.9143943965654803, "gamma": 0.011071609626021335, "lamda": 0.5418615376192675}, "datetime": {"datetime": "2021-09-23 19:59:21", "elapsed": 258.769282, "delta": 2.021076}}
{"target": 0.4641451976670309, "params": {"C": 211.60387314036393, "epsilon": 0.9668207823303574, "gamma": 0.004656071740983722, "lamda": 0.544974057310627}, "datetime": {"datetime": "2021-09-23 19:59:23", "elapsed": 260.446159, "delta": 1.676877}}
{"target": 0.45763254080852955, "params": {"C": 206.4517675232341, "epsilon": 0.6902193004152082, "gamma": 0.01233947416344669, "lamda": 0.4776570389104098}, "datetime": {"datetime": "2021-09-23 19:59:24", "elapsed": 261.657721, "delta": 1.211562}}
{"target": 0.46665162979346864, "params": {"C": 216.77658598442633, "epsilon": 0.7930199905735837, "gamma": 0.008328644089356525, "lamda": 0.5275016679308624}, "datetime": {"datetime": "2021-09-23 19:59:25", "elapsed": 262.826414, "delta": 1.168693}}
{"target": 0.4638903888261223, "params": {"C": 211.40928156678044, "epsilon": 0.8833803637495801, "gamma": 0.004496318043387277, "lamda": 0.5708061210810118}, "datetime": {"datetime": "2021-09-23 19:59:27", "elapsed": 264.555474, "delta": 1.72906}}
{"target": 0.45546932009434227, "params": {"C": 226.77334881099188, "epsilon": 0.6390158725273276, "gamma": 0.017163786351625597, "lamda": 0.5812629810304233}, "datetime": {"datetime": "2021-09-23 19:59:29", "elapsed": 266.580005, "delta": 2.024531}}
{"target": 0.46639097335189306, "params": {"C": 242.37741180262833, "epsilon": 0.8977228554176447, "gamma": 0.012103601321097484, "lamda": 0.4948539657838073}, "datetime": {"datetime": "2021-09-23 19:59:30", "elapsed": 267.756012, "delta": 1.176007}}
{"target": 0.463535645210713, "params": {"C": 213.2151289346694, "epsilon": 0.8889710282784029, "gamma": 0.011218924449562843, "lamda": 0.43226154818606477}, "datetime": {"datetime": "2021-09-23 19:59:33", "elapsed": 269.945999, "delta": 2.189987}}
{"target": 0.46461140415369107, "params": {"C": 213.1965434596503, "epsilon": 0.8938886356040692, "gamma": 0.005986361103446137, "lamda": 0.4566654792710703}, "datetime": {"datetime": "2021-09-23 19:59:35", "elapsed": 272.411926, "delta": 2.465927}}
{"target": 0.4568751434452576, "params": {"C": 217.65786658946257, "epsilon": 0.5961795898154375, "gamma": 0.006958323991541554, "lamda": 0.4230680067700673}, "datetime": {"datetime": "2021-09-23 19:59:36", "elapsed": 273.64297, "delta": 1.231044}}
{"target": 0.43556164455547297, "params": {"C": 210.46682415444573, "epsilon": 0.8296740027691365, "gamma": 0.01875190027156701, "lamda": 0.27739210269213443}, "datetime": {"datetime": "2021-09-23 19:59:37", "elapsed": 274.88075, "delta": 1.23778}}
{"target": 0.43647309123788347, "params": {"C": 225.5324800043666, "epsilon": 0.9295592446302134, "gamma": 0.017874245229858726, "lamda": 0.23528328656483866}, "datetime": {"datetime": "2021-09-23 19:59:39", "elapsed": 276.106752, "delta": 1.226002}}
{"target": 0.4692630703553683, "params": {"C": 242.36620999433828, "epsilon": 0.9659826348957271, "gamma": 0.008964345970529232, "lamda": 0.5506270217726577}, "datetime": {"datetime": "2021-09-23 19:59:41", "elapsed": 278.093319, "delta": 1.986567}}
{"target": 0.4552555647352283, "params": {"C": 213.22902100576002, "epsilon": 0.83398498057355, "gamma": 0.01951420275567112, "lamda": 0.5439951069491253}, "datetime": {"datetime": "2021-09-23 19:59:42", "elapsed": 279.757431, "delta": 1.664112}}
{"target": 0.46045360532597235, "params": {"C": 235.25804081554847, "epsilon": 0.683247879855553, "gamma": 0.007162179659833511, "lamda": 0.417442777616757}, "datetime": {"datetime": "2021-09-23 19:59:44", "elapsed": 281.239775, "delta": 1.482344}}
{"target": 0.4591499157448867, "params": {"C": 219.49739817519747, "epsilon": 0.966489076922587, "gamma": 0.01973243419046922, "lamda": 0.5739913079004757}, "datetime": {"datetime": "2021-09-23 19:59:45", "elapsed": 282.892617, "delta": 1.652842}}
{"target": 0.4598295725933055, "params": {"C": 213.21744690043732, "epsilon": 0.891840005113343, "gamma": 0.016390783207740376, "lamda": 0.5054101044687311}, "datetime": {"datetime": "2021-09-23 19:59:48", "elapsed": 285.262318, "delta": 2.369701}}
{"target": 0.4521249513568224, "params": {"C": 219.60635679743137, "epsilon": 0.9013035953548595, "gamma": 0.00201878976565077, "lamda": 0.5591325466719423}, "datetime": {"datetime": "2021-09-23 19:59:51", "elapsed": 288.119083, "delta": 2.856765}}
{"target": 0.4663462167796678, "params": {"C": 222.18392184028548, "epsilon": 0.7508169203501261, "gamma": 0.011046108930328133, "lamda": 0.5843069545944992}, "datetime": {"datetime": "2021-09-23 19:59:52", "elapsed": 289.751889, "delta": 1.632806}}
{"target": 0.46354636224059087, "params": {"C": 242.38730765151007, "epsilon": 0.9272765665684737, "gamma": 0.016369722221408717, "lamda": 0.5774068997606655}, "datetime": {"datetime": "2021-09-23 19:59:54", "elapsed": 291.799928, "delta": 2.048039}}
{"target": 0.46042114909127274, "params": {"C": 242.36908473300048, "epsilon": 0.897425775969813, "gamma": 0.018341237369917912, "lamda": 0.5633420902205208}, "datetime": {"datetime": "2021-09-23 19:59:56", "elapsed": 293.748866, "delta": 1.948938}}
{"target": 0.4688213692429809, "params": {"C": 242.40083734786066, "epsilon": 0.9618937941297827, "gamma": 0.007867323864765758, "lamda": 0.5815844324353476}, "datetime": {"datetime": "2021-09-23 19:59:58", "elapsed": 295.873822, "delta": 2.124956}}
{"target": 0.46877031529164714, "params": {"C": 242.37293640829506, "epsilon": 0.9264990426505639, "gamma": 0.0074375012648743065, "lamda": 0.552350299846295}, "datetime": {"datetime": "2021-09-23 20:00:00", "elapsed": 297.784462, "delta": 1.91064}}
{"target": 0.46143196697316835, "params": {"C": 211.83292477530696, "epsilon": 0.9073827106648553, "gamma": 0.008818408569144433, "lamda": 0.36622019106940285}, "datetime": {"datetime": "2021-09-23 20:00:02", "elapsed": 299.123247, "delta": 1.338785}}
{"target": 0.4686716981076955, "params": {"C": 210.87830807505495, "epsilon": 0.9852629212738384, "gamma": 0.009713018809355156, "lamda": 0.5529101750787822}, "datetime": {"datetime": "2021-09-23 20:00:03", "elapsed": 300.897272, "delta": 1.774025}}
{"target": 0.46361116985291806, "params": {"C": 218.57458948830978, "epsilon": 0.8917265562886876, "gamma": 0.015411292909019346, "lamda": 0.5700483090995133}, "datetime": {"datetime": "2021-09-23 20:00:05", "elapsed": 302.278232, "delta": 1.38096}}
{"target": 0.452858176124341, "params": {"C": 205.7484406082786, "epsilon": 0.8473426626906546, "gamma": 0.011387133975625845, "lamda": 0.3043358941733252}, "datetime": {"datetime": "2021-09-23 20:00:06", "elapsed": 303.739988, "delta": 1.461756}}
{"target": 0.4691939062253945, "params": {"C": 242.3962210494689, "epsilon": 0.9539887391517746, "gamma": 0.008489768859600197, "lamda": 0.5464020427745555}, "datetime": {"datetime": "2021-09-23 20:00:08", "elapsed": 305.759123, "delta": 2.019135}}
{"target": 0.4669239836028656, "params": {"C": 222.19366128530174, "epsilon": 0.7807621155561676, "gamma": 0.010581051091169753, "lamda": 0.569339136479929}, "datetime": {"datetime": "2021-09-23 20:00:11", "elapsed": 308.231233, "delta": 2.47211}}
{"target": 0.4596605358650292, "params": {"C": 231.12645667938253, "epsilon": 0.88773815022896, "gamma": 0.004191888231385999, "lamda": 0.3890696134538667}, "datetime": {"datetime": "2021-09-23 20:00:13", "elapsed": 310.174192, "delta": 1.942959}}
{"target": 0.4652292709491752, "params": {"C": 216.76502923672103, "epsilon": 0.7913317231170254, "gamma": 0.005335930422763011, "lamda": 0.5564145381749563}, "datetime": {"datetime": "2021-09-23 20:00:15", "elapsed": 312.760378, "delta": 2.586186}}
{"target": 0.45306583286621704, "params": {"C": 219.83358133396365, "epsilon": 0.6610704246700012, "gamma": 0.013139484969651342, "lamda": 0.42323281592282114}, "datetime": {"datetime": "2021-09-23 20:00:17", "elapsed": 314.172279, "delta": 1.411901}}
{"target": 0.4647317591680522, "params": {"C": 211.59634284847866, "epsilon": 0.9488988103476421, "gamma": 0.005032884178608443, "lamda": 0.5842333165517828}, "datetime": {"datetime": "2021-09-23 20:00:19", "elapsed": 316.475316, "delta": 2.303037}}
{"target": 0.458295003537875, "params": {"C": 222.2186258524737, "epsilon": 0.739216600156062, "gamma": 0.0030186289159153164, "lamda": 0.5875926567534175}, "datetime": {"datetime": "2021-09-23 20:00:21", "elapsed": 318.579554, "delta": 2.104238}}
{"target": 0.46699783395373473, "params": {"C": 221.42131275759897, "epsilon": 0.9909713948787383, "gamma": 0.010777581011483739, "lamda": 0.45817141803810807}, "datetime": {"datetime": "2021-09-23 20:00:23", "elapsed": 320.579345, "delta": 1.999791}}
{"target": 0.44046876109293687, "params": {"C": 205.27896081310038, "epsilon": 0.6660425561403789, "gamma": 0.019073436925889954, "lamda": 0.40498120857596265}, "datetime": {"datetime": "2021-09-23 20:00:25", "elapsed": 322.186724, "delta": 1.607379}}
{"target": 0.4680903950168158, "params": {"C": 219.51042010535153, "epsilon": 0.9735946371028528, "gamma": 0.010746027588295817, "lamda": 0.5220836456297284}, "datetime": {"datetime": "2021-09-23 20:00:26", "elapsed": 323.522651, "delta": 1.335927}}
{"target": 0.4671919814981611, "params": {"C": 222.17362381628777, "epsilon": 0.7866862663303122, "gamma": 0.009162921526821986, "lamda": 0.542907184014731}, "datetime": {"datetime": "2021-09-23 20:00:28", "elapsed": 325.620806, "delta": 2.098155}}
