{"target": 0.4342908374040315, "params": {"C": 82.3218409286373, "epsilon": 0.2545584709271281, "gamma": 0.02610929258617095, "lamda": 0.9641637828917866}, "datetime": {"datetime": "2021-09-23 17:34:48", "elapsed": 82.627092, "delta": 0.98699}}
{"target": 0.40821577276167875, "params": {"C": 66.03069692962181, "epsilon": 1.0, "gamma": 0.001, "lamda": 0.001}, "datetime": {"datetime": "2021-09-23 17:34:49", "elapsed": 83.656364, "delta": 1.029272}}
{"target": 0.39042983355430716, "params": {"C": 66.27069516030414, "epsilon": 0.008918732777808885, "gamma": 0.06609530147747408, "lamda": 0.26652186371263265}, "datetime": {"datetime": "2021-09-23 17:34:51", "elapsed": 85.262496, "delta": 1.606132}}
{"target": 0.057807228915664144, "params": {"C": 65.85315152108463, "epsilon": 0.6055067212450581, "gamma": 0.7745831616885173, "lamda": 0.7088367393221221}, "datetime": {"datetime": "2021-09-23 17:34:52", "elapsed": 86.452306, "delta": 1.18981}}
{"target": 0.4091260528067959, "params": {"C": 66.91738682845354, "epsilon": 0.6440517494262741, "gamma": 0.001, "lamda": 0.001}, "datetime": {"datetime": "2021-09-23 17:34:53", "elapsed": 87.942509, "delta": 1.490203}}
{"target": 0.3940985544568373, "params": {"C": 53.205235816071145, "epsilon": 1.0, "gamma": 0.001, "lamda": 0.001}, "datetime": {"datetime": "2021-09-23 17:34:55", "elapsed": 89.156515, "delta": 1.214006}}
{"target": 0.38346096579773514, "params": {"C": 82.43865029746239, "epsilon": 0.980508525277644, "gamma": 0.0732396693894853, "lamda": 0.4974742109524419}, "datetime": {"datetime": "2021-09-23 17:34:56", "elapsed": 90.559804, "delta": 1.403289}}
{"target": 0.4132453334553827, "params": {"C": 90.46804835119066, "epsilon": 0.459570168564326, "gamma": 0.001, "lamda": 1.0}, "datetime": {"datetime": "2021-09-23 17:34:57", "elapsed": 91.394133, "delta": 0.834329}}
{"target": 0.03860558611036702, "params": {"C": 77.86024482908908, "epsilon": 0.001, "gamma": 1.0, "lamda": 1.0}, "datetime": {"datetime": "2021-09-23 17:34:58", "elapsed": 92.311764, "delta": 0.917631}}
{"target": 0.3993453288788683, "params": {"C": 56.57090452970551, "epsilon": 1.0, "gamma": 0.001, "lamda": 0.001}, "datetime": {"datetime": "2021-09-23 17:34:59", "elapsed": 93.715859, "delta": 1.404095}}
{"target": 0.39992284720950655, "params": {"C": 57.10146519786338, "epsilon": 0.001, "gamma": 0.001, "lamda": 0.001}, "datetime": {"datetime": "2021-09-23 17:35:01", "elapsed": 95.093575, "delta": 1.377716}}
{"target": 0.4484569671840628, "params": {"C": 56.963093026491585, "epsilon": 0.7582779446143756, "gamma": 0.012085101194447806, "lamda": 0.8519425497672348}, "datetime": {"datetime": "2021-09-23 17:35:02", "elapsed": 96.069727, "delta": 0.976152}}
{"target": 0.3368042754694548, "params": {"C": 23.081805740734094, "epsilon": 0.001, "gamma": 0.001, "lamda": 1.0}, "datetime": {"datetime": "2021-09-23 17:35:03", "elapsed": 97.660638, "delta": 1.590911}}
{"target": 0.04201437113845996, "params": {"C": 57.226574620913325, "epsilon": 0.9282742110102241, "gamma": 0.8738521832692249, "lamda": 0.20718762601227037}, "datetime": {"datetime": "2021-09-23 17:35:04", "elapsed": 98.775762, "delta": 1.115124}}
{"target": 0.4394781464456641, "params": {"C": 56.37074112214211, "epsilon": 0.027750973050413148, "gamma": 0.01708503508704288, "lamda": 0.3573071127199501}, "datetime": {"datetime": "2021-09-23 17:35:05", "elapsed": 99.801835, "delta": 1.026073}}
{"target": 0.44653649158037256, "params": {"C": 56.33690997822394, "epsilon": 0.8775194375998471, "gamma": 0.020145748450392166, "lamda": 0.9739170022301976}, "datetime": {"datetime": "2021-09-23 17:35:06", "elapsed": 100.734225, "delta": 0.93239}}
{"target": 0.012449835808695409, "params": {"C": 22.759983336319202, "epsilon": 0.966229855963595, "gamma": 0.9418121353098187, "lamda": 0.9792344608354318}, "datetime": {"datetime": "2021-09-23 17:35:07", "elapsed": 101.881212, "delta": 1.146987}}
{"target": 0.014423298836897636, "params": {"C": 27.90614068868334, "epsilon": 0.001, "gamma": 1.0, "lamda": 0.001}, "datetime": {"datetime": "2021-09-23 17:35:08", "elapsed": 102.865635, "delta": 0.984423}}
{"target": 0.3405937160634953, "params": {"C": 70.54012836018029, "epsilon": 0.870820608754291, "gamma": 0.12018299645920143, "lamda": 0.031046883353147394}, "datetime": {"datetime": "2021-09-23 17:35:10", "elapsed": 104.397735, "delta": 1.5321}}
{"target": 0.39836281826282893, "params": {"C": 56.956458075752096, "epsilon": 0.001, "gamma": 0.001, "lamda": 1.0}, "datetime": {"datetime": "2021-09-23 17:35:11", "elapsed": 105.570013, "delta": 1.172278}}
{"target": 0.037841444316057515, "params": {"C": 70.31300673293605, "epsilon": 0.0028117884613451175, "gamma": 0.9861794879051801, "lamda": 0.08115595776576065}, "datetime": {"datetime": "2021-09-23 17:35:13", "elapsed": 107.193492, "delta": 1.623479}}
{"target": 0.36760242324310155, "params": {"C": 32.93028533214631, "epsilon": 1.0, "gamma": 0.001, "lamda": 0.001}, "datetime": {"datetime": "2021-09-23 17:35:14", "elapsed": 108.680095, "delta": 1.486603}}
{"target": 0.36810434621719246, "params": {"C": 32.8153396230346, "epsilon": 0.001, "gamma": 0.001, "lamda": 1.0}, "datetime": {"datetime": "2021-09-23 17:35:16", "elapsed": 110.211569, "delta": 1.531474}}
{"target": 0.015125527675991512, "params": {"C": 32.553615493699155, "epsilon": 1.0, "gamma": 1.0, "lamda": 1.0}, "datetime": {"datetime": "2021-09-23 17:35:18", "elapsed": 112.069478, "delta": 1.857909}}
{"target": 0.3813887841969368, "params": {"C": 39.83385965742081, "epsilon": 1.0, "gamma": 0.001, "lamda": 0.001}, "datetime": {"datetime": "2021-09-23 17:35:19", "elapsed": 113.881478, "delta": 1.812}}
{"target": 0.3686216910258371, "params": {"C": 33.52983211000874, "epsilon": 0.001, "gamma": 0.001, "lamda": 0.001}, "datetime": {"datetime": "2021-09-23 17:35:22", "elapsed": 116.171918, "delta": 2.29044}}
{"target": 0.4333826841630646, "params": {"C": 73.76516303208513, "epsilon": 0.3729342470250063, "gamma": 0.02840333079737039, "lamda": 0.139191483219887}, "datetime": {"datetime": "2021-09-23 17:35:24", "elapsed": 118.400578, "delta": 2.22866}}
{"target": 0.05823332714178486, "params": {"C": 73.6690536453646, "epsilon": 0.02578155006556061, "gamma": 0.820073486297277, "lamda": 0.9107285902581206}, "datetime": {"datetime": "2021-09-23 17:35:25", "elapsed": 119.818904, "delta": 1.418326}}
{"target": 0.4117041775026842, "params": {"C": 73.19122573082839, "epsilon": 1.0, "gamma": 0.001, "lamda": 0.001}, "datetime": {"datetime": "2021-09-23 17:35:27", "elapsed": 121.299361, "delta": 1.480457}}
{"target": 0.41165773224392843, "params": {"C": 73.01791835299466, "epsilon": 0.001, "gamma": 0.001, "lamda": 0.001}, "datetime": {"datetime": "2021-09-23 17:35:29", "elapsed": 123.03116, "delta": 1.731799}}
{"target": 0.41511803643563705, "params": {"C": 32.483470659931356, "epsilon": 0.03822752553071166, "gamma": 0.04833131598564819, "lamda": 0.08564306347450802}, "datetime": {"datetime": "2021-09-23 17:35:30", "elapsed": 124.540062, "delta": 1.508902}}
{"target": 0.026410580085041158, "params": {"C": 46.00218803042375, "epsilon": 1.0, "gamma": 1.0, "lamda": 0.001}, "datetime": {"datetime": "2021-09-23 17:35:32", "elapsed": 126.00863, "delta": 1.468568}}
{"target": 0.28331573027469015, "params": {"C": 14.736904065224731, "epsilon": 0.001, "gamma": 0.001, "lamda": 1.0}, "datetime": {"datetime": "2021-09-23 17:35:34", "elapsed": 128.522341, "delta": 2.513711}}
{"target": 0.3407971160493587, "params": {"C": 23.817747774519397, "epsilon": 0.001, "gamma": 0.001, "lamda": 0.001}, "datetime": {"datetime": "2021-09-23 17:35:36", "elapsed": 130.520272, "delta": 1.997931}}
{"target": 0.4025951348143635, "params": {"C": 93.87741177557021, "epsilon": 1.0, "gamma": 0.001, "lamda": 1.0}, "datetime": {"datetime": "2021-09-23 17:35:38", "elapsed": 131.975398, "delta": 1.455126}}
{"target": 0.4040845344357217, "params": {"C": 61.12563477587567, "epsilon": 1.0, "gamma": 0.001, "lamda": 0.001}, "datetime": {"datetime": "2021-09-23 17:35:39", "elapsed": 133.521187, "delta": 1.545789}}
{"target": 0.03095082125005455, "params": {"C": 60.73593932213422, "epsilon": 0.9676881206934353, "gamma": 0.9186265349325885, "lamda": 0.9979066031199928}, "datetime": {"datetime": "2021-09-23 17:35:40", "elapsed": 134.799063, "delta": 1.277876}}
{"target": 0.409600763147993, "params": {"C": 67.59741479809507, "epsilon": 0.001, "gamma": 0.001, "lamda": 0.001}, "datetime": {"datetime": "2021-09-23 17:35:42", "elapsed": 135.998941, "delta": 1.199878}}
{"target": 0.39989894982150154, "params": {"C": 84.43481519267115, "epsilon": 1.0, "gamma": 0.001, "lamda": 1.0}, "datetime": {"datetime": "2021-09-23 17:35:43", "elapsed": 137.029518, "delta": 1.030577}}
{"target": 0.41187851531788855, "params": {"C": 74.22760410126916, "epsilon": 1.0, "gamma": 0.001, "lamda": 0.001}, "datetime": {"datetime": "2021-09-23 17:35:44", "elapsed": 138.358213, "delta": 1.328695}}
{"target": 0.4140777684984115, "params": {"C": 84.35652755834494, "epsilon": 0.001, "gamma": 0.001, "lamda": 1.0}, "datetime": {"datetime": "2021-09-23 17:35:45", "elapsed": 139.642721, "delta": 1.284508}}
{"target": 0.41210576159479695, "params": {"C": 74.62902795963389, "epsilon": 0.001, "gamma": 0.001, "lamda": 0.001}, "datetime": {"datetime": "2021-09-23 17:35:46", "elapsed": 140.96065, "delta": 1.317929}}
{"target": 0.37908728592329943, "params": {"C": 38.58071297163817, "epsilon": 1.0, "gamma": 0.001, "lamda": 0.001}, "datetime": {"datetime": "2021-09-23 17:35:49", "elapsed": 143.160382, "delta": 2.199732}}
{"target": -0.009593712205612004, "params": {"C": 1.0, "epsilon": 0.0010000000000000009, "gamma": 1.0, "lamda": 1.0}, "datetime": {"datetime": "2021-09-23 17:35:51", "elapsed": 145.080351, "delta": 1.919969}}
{"target": 0.4292206583598588, "params": {"C": 71.77400629117811, "epsilon": 0.8852809190579927, "gamma": 0.0054526848986571055, "lamda": 0.009972743361830717}, "datetime": {"datetime": "2021-09-23 17:35:53", "elapsed": 146.992498, "delta": 1.912147}}
{"target": 0.3183920624094654, "params": {"C": 19.003432564270582, "epsilon": 0.001, "gamma": 0.001, "lamda": 1.0}, "datetime": {"datetime": "2021-09-23 17:35:54", "elapsed": 148.883915, "delta": 1.891417}}
{"target": 0.03707557597554967, "params": {"C": 72.02474685743103, "epsilon": 1.0, "gamma": 1.0, "lamda": 0.001}, "datetime": {"datetime": "2021-09-23 17:35:56", "elapsed": 150.48725, "delta": 1.603335}}
{"target": -0.006078418582973866, "params": {"C": 4.488627188106365, "epsilon": 1.0, "gamma": 1.0, "lamda": 1.0}, "datetime": {"datetime": "2021-09-23 17:35:58", "elapsed": 152.045632, "delta": 1.558382}}
{"target": 0.40467194302926346, "params": {"C": 61.803667436437735, "epsilon": 0.001, "gamma": 0.001, "lamda": 0.001}, "datetime": {"datetime": "2021-09-23 17:35:59", "elapsed": 153.59066, "delta": 1.545028}}
{"target": 0.39352885349422484, "params": {"C": 51.769866443904306, "epsilon": 0.001, "gamma": 0.001, "lamda": 1.0}, "datetime": {"datetime": "2021-09-23 17:36:01", "elapsed": 155.751214, "delta": 2.160554}}
{"target": 0.4135345993403474, "params": {"C": 81.72151078391782, "epsilon": 0.001, "gamma": 0.001, "lamda": 1.0}, "datetime": {"datetime": "2021-09-23 17:36:03", "elapsed": 157.535435, "delta": 1.784221}}
{"target": 0.3935321447040855, "params": {"C": 71.01183606047937, "epsilon": 1.0, "gamma": 0.001, "lamda": 1.0}, "datetime": {"datetime": "2021-09-23 17:36:05", "elapsed": 159.195992, "delta": 1.660557}}
{"target": 0.3380522842851963, "params": {"C": 22.55842721903539, "epsilon": 0.001, "gamma": 0.001, "lamda": 0.001}, "datetime": {"datetime": "2021-09-23 17:36:07", "elapsed": 161.322549, "delta": 2.126557}}
{"target": 0.40383947573464707, "params": {"C": 61.17124221527588, "epsilon": 0.001, "gamma": 0.001, "lamda": 1.0}, "datetime": {"datetime": "2021-09-23 17:36:09", "elapsed": 163.657409, "delta": 2.33486}}
{"target": 0.4174371061928627, "params": {"C": 97.92393381442852, "epsilon": 0.001, "gamma": 0.001, "lamda": 0.001}, "datetime": {"datetime": "2021-09-23 17:36:10", "elapsed": 164.844976, "delta": 1.187567}}
{"target": 0.36915589280899863, "params": {"C": 41.937856579581045, "epsilon": 0.9698435711286529, "gamma": 0.10706603277430597, "lamda": 0.06921113574993906}, "datetime": {"datetime": "2021-09-23 17:36:11", "elapsed": 165.877989, "delta": 1.033013}}
{"target": 0.41564283263426494, "params": {"C": 98.26315275765079, "epsilon": 0.001, "gamma": 0.001, "lamda": 1.0}, "datetime": {"datetime": "2021-09-23 17:36:13", "elapsed": 167.113134, "delta": 1.235145}}
{"target": 0.02469416974348282, "params": {"C": 42.81513330405846, "epsilon": 1.0, "gamma": 1.0, "lamda": 0.001}, "datetime": {"datetime": "2021-09-23 17:36:14", "elapsed": 168.775951, "delta": 1.662817}}
{"target": 0.38342047855515704, "params": {"C": 41.73623124823915, "epsilon": 0.001, "gamma": 0.001, "lamda": 1.0}, "datetime": {"datetime": "2021-09-23 17:36:16", "elapsed": 170.842626, "delta": 2.066675}}
{"target": 0.4443333450716447, "params": {"C": 98.81298980612148, "epsilon": 0.9500547177879928, "gamma": 0.011609251899291764, "lamda": 0.041672982187793674}, "datetime": {"datetime": "2021-09-23 17:36:17", "elapsed": 171.95218, "delta": 1.109554}}
{"target": 0.39268060721791886, "params": {"C": 98.33820568647026, "epsilon": 0.8542340523815328, "gamma": 0.07018137298132003, "lamda": 0.8640383264430553}, "datetime": {"datetime": "2021-09-23 17:36:18", "elapsed": 172.905026, "delta": 0.952846}}
{"target": 0.4374426299065346, "params": {"C": 71.53415211103155, "epsilon": 0.017428791547867167, "gamma": 0.025196824428922456, "lamda": 0.11094722139390174}, "datetime": {"datetime": "2021-09-23 17:36:20", "elapsed": 174.117918, "delta": 1.212892}}
{"target": 0.4073362128077789, "params": {"C": 65.41714976855314, "epsilon": 0.001, "gamma": 0.001, "lamda": 0.001}, "datetime": {"datetime": "2021-09-23 17:36:21", "elapsed": 175.37213, "delta": 1.254212}}
{"target": 0.41750650266063494, "params": {"C": 98.85030914809407, "epsilon": 0.001, "gamma": 0.001, "lamda": 0.001}, "datetime": {"datetime": "2021-09-23 17:36:22", "elapsed": 176.441961, "delta": 1.069831}}
{"target": 0.4214635635692967, "params": {"C": 70.98248216275556, "epsilon": 0.13498031507785782, "gamma": 0.041000744823616854, "lamda": 0.9697306043385826}, "datetime": {"datetime": "2021-09-23 17:36:23", "elapsed": 177.353546, "delta": 0.911585}}
{"target": 0.42343566068935623, "params": {"C": 95.53720142789099, "epsilon": 0.049255773925570484, "gamma": 0.003152924035828227, "lamda": 0.014169753435007305}, "datetime": {"datetime": "2021-09-23 17:36:24", "elapsed": 178.711503, "delta": 1.357957}}
{"target": 0.41755984725672557, "params": {"C": 100.0, "epsilon": 1.0, "gamma": 0.001, "lamda": 0.001}, "datetime": {"datetime": "2021-09-23 17:36:26", "elapsed": 180.028502, "delta": 1.316999}}
{"target": 0.37046404621386175, "params": {"C": 34.625314895556535, "epsilon": 1.0, "gamma": 0.001, "lamda": 0.001}, "datetime": {"datetime": "2021-09-23 17:36:27", "elapsed": 181.306502, "delta": 1.278}}
{"target": 0.44619052098867396, "params": {"C": 94.64181437808611, "epsilon": 0.002975792934741688, "gamma": 0.012198467093259679, "lamda": 0.08942312966591012}, "datetime": {"datetime": "2021-09-23 17:36:28", "elapsed": 182.771592, "delta": 1.46509}}
{"target": 0.4232623148888919, "params": {"C": 55.80741265171382, "epsilon": 0.024261955580655616, "gamma": 0.0034871098160098334, "lamda": 0.044751449982889616}, "datetime": {"datetime": "2021-09-23 17:36:30", "elapsed": 184.120557, "delta": 1.348965}}
{"target": 0.4036555637439109, "params": {"C": 99.37665592577058, "epsilon": 1.0, "gamma": 0.001, "lamda": 1.0}, "datetime": {"datetime": "2021-09-23 17:36:31", "elapsed": 185.244557, "delta": 1.124}}
{"target": 0.3841245479120752, "params": {"C": 95.38711488852458, "epsilon": 0.9731003494484411, "gamma": 0.05581969800360604, "lamda": 0.018437813002335678}, "datetime": {"datetime": "2021-09-23 17:36:32", "elapsed": 186.562563, "delta": 1.318006}}
{"target": 0.41028917244729646, "params": {"C": 69.86105952302255, "epsilon": 0.001, "gamma": 0.001, "lamda": 1.0}, "datetime": {"datetime": "2021-09-23 17:36:33", "elapsed": 187.755565, "delta": 1.193002}}
{"target": 0.39155813219361657, "params": {"C": 49.38359556813709, "epsilon": 1.0, "gamma": 0.001, "lamda": 0.001}, "datetime": {"datetime": "2021-09-23 17:36:34", "elapsed": 188.896599, "delta": 1.141034}}
{"target": 0.40504649901694334, "params": {"C": 62.20586606849336, "epsilon": 0.001, "gamma": 0.001, "lamda": 1.0}, "datetime": {"datetime": "2021-09-23 17:36:36", "elapsed": 190.12456, "delta": 1.227961}}
{"target": 0.41465713282976935, "params": {"C": 86.19804848728957, "epsilon": 0.001, "gamma": 0.001, "lamda": 1.0}, "datetime": {"datetime": "2021-09-23 17:36:37", "elapsed": 191.240594, "delta": 1.116034}}
{"target": 0.4054085489631002, "params": {"C": 62.94102045936184, "epsilon": 0.001, "gamma": 0.001, "lamda": 0.001}, "datetime": {"datetime": "2021-09-23 17:36:38", "elapsed": 192.345563, "delta": 1.104969}}
{"target": 0.41032335417802424, "params": {"C": 68.84969099979989, "epsilon": 1.0, "gamma": 0.001, "lamda": 0.001}, "datetime": {"datetime": "2021-09-23 17:36:39", "elapsed": 193.734556, "delta": 1.388993}}
{"target": 0.4049361731074903, "params": {"C": 62.28361063157008, "epsilon": 1.0, "gamma": 0.001, "lamda": 0.001}, "datetime": {"datetime": "2021-09-23 17:36:41", "elapsed": 195.107566, "delta": 1.37301}}
{"target": 0.4104164775349176, "params": {"C": 68.96484347558514, "epsilon": 0.001, "gamma": 0.001, "lamda": 0.001}, "datetime": {"datetime": "2021-09-23 17:36:42", "elapsed": 196.222557, "delta": 1.114991}}
{"target": 0.4467827501436582, "params": {"C": 49.63550888818117, "epsilon": 0.8626912281018427, "gamma": 0.015745106671639003, "lamda": 0.9792963380359844}, "datetime": {"datetime": "2021-09-23 17:36:43", "elapsed": 197.409174, "delta": 1.186617}}
{"target": 0.4188517353381225, "params": {"C": 49.1911673521776, "epsilon": 0.3040695217061208, "gamma": 0.04639009744329884, "lamda": 0.808492644249173}, "datetime": {"datetime": "2021-09-23 17:36:44", "elapsed": 198.620174, "delta": 1.211}}
{"target": 0.409740088306045, "params": {"C": 67.89913394651649, "epsilon": 1.0, "gamma": 0.001, "lamda": 0.001}, "datetime": {"datetime": "2021-09-23 17:36:45", "elapsed": 199.645215, "delta": 1.025041}}
{"target": 0.41977545573372244, "params": {"C": 95.01300847596016, "epsilon": 0.45878555692449496, "gamma": 0.001, "lamda": 0.5122371970778123}, "datetime": {"datetime": "2021-09-23 17:36:46", "elapsed": 200.91221, "delta": 1.266995}}
{"target": 0.407775516592099, "params": {"C": 90.80300263956842, "epsilon": 1.0, "gamma": 0.001, "lamda": 0.7211668207252704}, "datetime": {"datetime": "2021-09-23 17:36:47", "elapsed": 201.945217, "delta": 1.033007}}
{"target": 0.40890181619661226, "params": {"C": 68.62969914230582, "epsilon": 0.001, "gamma": 0.001, "lamda": 1.0}, "datetime": {"datetime": "2021-09-23 17:36:49", "elapsed": 203.377575, "delta": 1.432358}}
{"target": 0.4117045825333927, "params": {"C": 73.93006365595681, "epsilon": 0.001, "gamma": 0.001, "lamda": 0.001}, "datetime": {"datetime": "2021-09-23 17:36:50", "elapsed": 204.708575, "delta": 1.331}}
{"target": 0.3926988201724545, "params": {"C": 69.66048757413101, "epsilon": 1.0, "gamma": 0.001, "lamda": 1.0}, "datetime": {"datetime": "2021-09-23 17:36:51", "elapsed": 205.776574, "delta": 1.067999}}
{"target": 0.3995046539083521, "params": {"C": 83.31610493187159, "epsilon": 1.0, "gamma": 0.001, "lamda": 1.0}, "datetime": {"datetime": "2021-09-23 17:36:52", "elapsed": 206.839575, "delta": 1.063001}}
{"target": 0.4134657180654493, "params": {"C": 75.11248967285958, "epsilon": 0.001, "gamma": 0.001, "lamda": 1.0}, "datetime": {"datetime": "2021-09-23 17:36:54", "elapsed": 208.326115, "delta": 1.48654}}
{"target": 0.39541756614246193, "params": {"C": 74.33959902984863, "epsilon": 1.0, "gamma": 0.001, "lamda": 1.0}, "datetime": {"datetime": "2021-09-23 17:36:55", "elapsed": 209.781129, "delta": 1.455014}}
{"target": 0.41287400460837875, "params": {"C": 76.01790774032388, "epsilon": 0.001, "gamma": 0.001, "lamda": 0.001}, "datetime": {"datetime": "2021-09-23 17:36:57", "elapsed": 211.113945, "delta": 1.332816}}
{"target": 0.4410770448005408, "params": {"C": 76.13819279737488, "epsilon": 0.34867273143213806, "gamma": 0.0035070543950576753, "lamda": 0.9585994218595213}, "datetime": {"datetime": "2021-09-23 17:36:58", "elapsed": 212.271449, "delta": 1.157504}}
{"target": 0.38377846402080207, "params": {"C": 77.38896947025313, "epsilon": 0.9985069081575404, "gamma": 0.06770298079737552, "lamda": 0.16483203745434694}, "datetime": {"datetime": "2021-09-23 17:36:59", "elapsed": 213.464818, "delta": 1.193369}}
{"target": 0.4402328503321673, "params": {"C": 76.98247740064582, "epsilon": 0.009754189280464266, "gamma": 0.009264658304518922, "lamda": 0.5434787973074114}, "datetime": {"datetime": "2021-09-23 17:37:00", "elapsed": 214.598817, "delta": 1.133999}}
{"target": 0.35079409942966666, "params": {"C": 78.69506752651824, "epsilon": 0.7458234832625161, "gamma": 0.09443733077522766, "lamda": 0.006238565977778878}, "datetime": {"datetime": "2021-09-23 17:37:01", "elapsed": 215.785083, "delta": 1.186266}}
{"target": 0.40696972112212304, "params": {"C": 77.02725730651436, "epsilon": 0.175208491158229, "gamma": 0.049769694214681595, "lamda": 0.009092041771125166}, "datetime": {"datetime": "2021-09-23 17:37:03", "elapsed": 217.378279, "delta": 1.593196}}
{"target": 0.39026918413921285, "params": {"C": 76.94263671744078, "epsilon": 0.6036267364849768, "gamma": 0.0718576954148906, "lamda": 0.997714407014213}, "datetime": {"datetime": "2021-09-23 17:37:04", "elapsed": 218.536446, "delta": 1.158167}}
{"target": 0.37729036415068296, "params": {"C": 48.93657151248261, "epsilon": 1.0, "gamma": 0.001, "lamda": 1.0}, "datetime": {"datetime": "2021-09-23 17:37:05", "elapsed": 219.803481, "delta": 1.267035}}
