{"target": 0.4687561901492182, "params": {"C": 972.8620476812401, "epsilon": 0.7714056455332405, "gamma": 0.010879514068364403, "lamda": 0.6339289526459084}, "datetime": {"datetime": "2021-09-23 23:04:44", "elapsed": 508.885871, "delta": 2.25425}}
{"target": 0.4681592318224317, "params": {"C": 902.071810378806, "epsilon": 0.8879496515255599, "gamma": 0.006345848746803813, "lamda": 0.536065576792188}, "datetime": {"datetime": "2021-09-23 23:04:46", "elapsed": 510.814241, "delta": 1.92837}}
{"target": 0.4677507662205975, "params": {"C": 950.0516655513408, "epsilon": 0.9890074868815666, "gamma": 0.011411579715767468, "lamda": 0.7688003203709443}, "datetime": {"datetime": "2021-09-23 23:04:48", "elapsed": 513.04611, "delta": 2.231869}}
{"target": 0.46946685504999697, "params": {"C": 921.6209455582998, "epsilon": 0.713438889416901, "gamma": 0.007797433938244636, "lamda": 0.6268481026910082}, "datetime": {"datetime": "2021-09-23 23:04:50", "elapsed": 514.890206, "delta": 1.844096}}
{"target": 0.4666071114241461, "params": {"C": 1012.0091759760693, "epsilon": 0.9172125737709492, "gamma": 0.0067857950902437784, "lamda": 0.755929611821144}, "datetime": {"datetime": "2021-09-23 23:04:53", "elapsed": 517.567344, "delta": 2.677138}}
{"target": 0.4691019165234671, "params": {"C": 955.8016112675358, "epsilon": 0.9367694131669921, "gamma": 0.009069892205631203, "lamda": 0.6062251425516566}, "datetime": {"datetime": "2021-09-23 23:04:55", "elapsed": 520.426737, "delta": 2.859393}}
{"target": 0.46875390530630634, "params": {"C": 944.6495192711302, "epsilon": 0.9840093482031416, "gamma": 0.009916185772542045, "lamda": 0.6383187041196337}, "datetime": {"datetime": "2021-09-23 23:04:57", "elapsed": 522.433238, "delta": 2.006501}}
{"target": 0.46771014033474356, "params": {"C": 1029.123195769708, "epsilon": 0.8209185894032995, "gamma": 0.006817534689809938, "lamda": 0.719903152374294}, "datetime": {"datetime": "2021-09-23 23:05:00", "elapsed": 524.604922, "delta": 2.171684}}
{"target": 0.46900878035139504, "params": {"C": 1038.8379348006056, "epsilon": 0.759380969054743, "gamma": 0.010384616695896305, "lamda": 0.5931407085463685}, "datetime": {"datetime": "2021-09-23 23:05:02", "elapsed": 527.246814, "delta": 2.641892}}
{"target": 0.4695927854637938, "params": {"C": 902.018856374248, "epsilon": 0.7707996498403167, "gamma": 0.008170738383905765, "lamda": 0.5579146724295796}, "datetime": {"datetime": "2021-09-23 23:05:04", "elapsed": 529.390613, "delta": 2.143799}}
{"target": 0.46849787945770793, "params": {"C": 853.972335402871, "epsilon": 0.8476770139207881, "gamma": 0.010603297687367091, "lamda": 0.7772915965635903}, "datetime": {"datetime": "2021-09-23 23:05:08", "elapsed": 532.677774, "delta": 3.287161}}
{"target": 0.46838641517767865, "params": {"C": 972.06259351311, "epsilon": 0.9803642216490209, "gamma": 0.008752625369283019, "lamda": 0.68410307911066}, "datetime": {"datetime": "2021-09-23 23:05:10", "elapsed": 535.545914, "delta": 2.86814}}
{"target": 0.4685211785516449, "params": {"C": 993.9050065174794, "epsilon": 0.7099812559058472, "gamma": 0.0071669888296142376, "lamda": 0.762579969111605}, "datetime": {"datetime": "2021-09-23 23:05:14", "elapsed": 538.835342, "delta": 3.289428}}
{"target": 0.46853807687593496, "params": {"C": 968.8333206108606, "epsilon": 0.9784676657269837, "gamma": 0.011171757562370665, "lamda": 0.5025025693457816}, "datetime": {"datetime": "2021-09-23 23:05:17", "elapsed": 542.50169, "delta": 3.666348}}
{"target": 0.4690980253786311, "params": {"C": 1012.8521145314393, "epsilon": 0.9197681637592414, "gamma": 0.009489020386542871, "lamda": 0.6163564067710533}, "datetime": {"datetime": "2021-09-23 23:05:20", "elapsed": 544.654137, "delta": 2.152447}}
{"target": 0.46930878056322, "params": {"C": 963.4756558809054, "epsilon": 0.8433823566717947, "gamma": 0.008120578142142143, "lamda": 0.5927827604341198}, "datetime": {"datetime": "2021-09-23 23:05:22", "elapsed": 546.777103, "delta": 2.122966}}
{"target": 0.46879454757701733, "params": {"C": 1037.2049981274768, "epsilon": 0.7845848758014935, "gamma": 0.008037152079194417, "lamda": 0.7392050793002234}, "datetime": {"datetime": "2021-09-23 23:05:24", "elapsed": 548.837614, "delta": 2.060511}}
{"target": 0.46744588409000565, "params": {"C": 967.5326900685939, "epsilon": 0.8560278621536548, "gamma": 0.00692031862785936, "lamda": 0.7346847052015038}, "datetime": {"datetime": "2021-09-23 23:05:27", "elapsed": 551.683978, "delta": 2.846364}}
{"target": 0.46809296302839287, "params": {"C": 865.7876762439547, "epsilon": 0.9342335511826667, "gamma": 0.009777576584613812, "lamda": 0.794027424636121}, "datetime": {"datetime": "2021-09-23 23:05:29", "elapsed": 553.814975, "delta": 2.130997}}
{"target": 0.4691646692580226, "params": {"C": 1047.3138260122914, "epsilon": 0.7798460769371425, "gamma": 0.010099737760361476, "lamda": 0.5860727237410028}, "datetime": {"datetime": "2021-09-23 23:05:32", "elapsed": 556.976234, "delta": 3.161259}}
{"target": 0.46868893971369296, "params": {"C": 862.3666344892118, "epsilon": 0.9958297711420028, "gamma": 0.009464592826880489, "lamda": 0.6469018367156308}, "datetime": {"datetime": "2021-09-23 23:05:36", "elapsed": 560.805766, "delta": 3.829532}}
{"target": 0.46833778709315366, "params": {"C": 1043.0540401487515, "epsilon": 0.9935847474088524, "gamma": 0.006705412492997458, "lamda": 0.5063207755954205}, "datetime": {"datetime": "2021-09-23 23:05:38", "elapsed": 562.910933, "delta": 2.105167}}
{"target": 0.4687340491154808, "params": {"C": 989.6684994088441, "epsilon": 0.7774720035522876, "gamma": 0.010761040610251744, "lamda": 0.5638528987248601}, "datetime": {"datetime": "2021-09-23 23:05:40", "elapsed": 565.173059, "delta": 2.262126}}
{"target": 0.46823951641953687, "params": {"C": 1033.069518676763, "epsilon": 0.9934276954233259, "gamma": 0.008575424623991407, "lamda": 0.6856255772908808}, "datetime": {"datetime": "2021-09-23 23:05:43", "elapsed": 568.117313, "delta": 2.944254}}
{"target": 0.468840449088085, "params": {"C": 850.9091441661462, "epsilon": 0.9411344351406864, "gamma": 0.010544555217554935, "lamda": 0.5938435649152478}, "datetime": {"datetime": "2021-09-23 23:05:45", "elapsed": 570.37232, "delta": 2.255007}}
{"target": 0.46835833151445516, "params": {"C": 983.1700645371823, "epsilon": 0.9591012403480819, "gamma": 0.009430526124792254, "lamda": 0.7267203621318017}, "datetime": {"datetime": "2021-09-23 23:05:48", "elapsed": 572.706312, "delta": 2.333992}}
{"target": 0.46901110650818423, "params": {"C": 977.9241616348579, "epsilon": 0.885153301568389, "gamma": 0.00954072508725071, "lamda": 0.6625829636639178}, "datetime": {"datetime": "2021-09-23 23:05:50", "elapsed": 574.857314, "delta": 2.151002}}
{"target": 0.4668157831593449, "params": {"C": 868.336161505552, "epsilon": 0.9828801503051732, "gamma": 0.0067871619369956285, "lamda": 0.6857724886390273}, "datetime": {"datetime": "2021-09-23 23:05:52", "elapsed": 577.071843, "delta": 2.214529}}
{"target": 0.46783961538282015, "params": {"C": 970.7193842191651, "epsilon": 0.8995399667192798, "gamma": 0.006023064617334414, "lamda": 0.5136809124175921}, "datetime": {"datetime": "2021-09-23 23:05:54", "elapsed": 579.086845, "delta": 2.015002}}
{"target": 0.46848991586442834, "params": {"C": 987.0756340336767, "epsilon": 0.833336501111795, "gamma": 0.010570057698231789, "lamda": 0.7962331454930891}, "datetime": {"datetime": "2021-09-23 23:05:56", "elapsed": 581.37455, "delta": 2.287705}}
{"target": 0.4692825391218308, "params": {"C": 861.8517417146973, "epsilon": 0.7020227162324166, "gamma": 0.009611330735064174, "lamda": 0.5485832632472701}, "datetime": {"datetime": "2021-09-23 23:05:58", "elapsed": 583.477195, "delta": 2.102645}}
{"target": 0.46878302207945377, "params": {"C": 855.1519339183175, "epsilon": 0.8698800924566997, "gamma": 0.009230116287626135, "lamda": 0.7244874585392505}, "datetime": {"datetime": "2021-09-23 23:06:01", "elapsed": 585.717435, "delta": 2.24024}}
{"target": 0.46658243939569877, "params": {"C": 1022.5863680754939, "epsilon": 0.9361648435132103, "gamma": 0.00666628148003484, "lamda": 0.7266712944091505}, "datetime": {"datetime": "2021-09-23 23:06:03", "elapsed": 587.784984, "delta": 2.067549}}
{"target": 0.46751752782048484, "params": {"C": 1029.54082267969, "epsilon": 0.7425055514060153, "gamma": 0.006558223186774258, "lamda": 0.7780692772852105}, "datetime": {"datetime": "2021-09-23 23:06:05", "elapsed": 589.749802, "delta": 1.964818}}
{"target": 0.46608944648382855, "params": {"C": 1027.9847208683384, "epsilon": 0.9927395963893424, "gamma": 0.007162403727959722, "lamda": 0.7925004406545197}, "datetime": {"datetime": "2021-09-23 23:06:08", "elapsed": 592.74942, "delta": 2.999618}}
{"target": 0.4683146610927439, "params": {"C": 860.4388299837784, "epsilon": 0.8014903283568923, "gamma": 0.011327660748953704, "lamda": 0.5534078840885532}, "datetime": {"datetime": "2021-09-23 23:06:10", "elapsed": 595.057029, "delta": 2.307609}}
{"target": 0.46764098354059846, "params": {"C": 915.8514378419378, "epsilon": 0.8434505360471336, "gamma": 0.007354801832158706, "lamda": 0.7796696904691582}, "datetime": {"datetime": "2021-09-23 23:06:14", "elapsed": 598.752376, "delta": 3.695347}}
{"target": 0.4680157771015171, "params": {"C": 919.5476431473137, "epsilon": 0.9769617126621353, "gamma": 0.00864851744157034, "lamda": 0.7303688175202953}, "datetime": {"datetime": "2021-09-23 23:06:16", "elapsed": 601.018781, "delta": 2.266405}}
{"target": 0.4692832768989559, "params": {"C": 978.4505211617818, "epsilon": 0.7054525769201533, "gamma": 0.009725051814308617, "lamda": 0.5732404545634144}, "datetime": {"datetime": "2021-09-23 23:06:18", "elapsed": 603.441878, "delta": 2.423097}}
{"target": 0.4686676494196764, "params": {"C": 972.9611861984658, "epsilon": 0.8944934771770408, "gamma": 0.0076845905880950985, "lamda": 0.6343936726705341}, "datetime": {"datetime": "2021-09-23 23:06:20", "elapsed": 605.544842, "delta": 2.102964}}
{"target": 0.4681873184855232, "params": {"C": 905.2704714249638, "epsilon": 0.9211723585177318, "gamma": 0.007875944521864452, "lamda": 0.6975932041959625}, "datetime": {"datetime": "2021-09-23 23:06:23", "elapsed": 607.853863, "delta": 2.309021}}
{"target": 0.4696716583005398, "params": {"C": 886.2474479601674, "epsilon": 0.7263753510454062, "gamma": 0.007972445732406769, "lamda": 0.5088495861910168}, "datetime": {"datetime": "2021-09-23 23:06:25", "elapsed": 609.996647, "delta": 2.142784}}
{"target": 0.4694527561646846, "params": {"C": 935.8802595297277, "epsilon": 0.7100479289593538, "gamma": 0.007897581880807683, "lamda": 0.6472961619031512}, "datetime": {"datetime": "2021-09-23 23:06:27", "elapsed": 612.388717, "delta": 2.39207}}
{"target": 0.467775383430033, "params": {"C": 988.0623097431766, "epsilon": 0.7265316245614457, "gamma": 0.006378344319059161, "lamda": 0.7263896853442973}, "datetime": {"datetime": "2021-09-23 23:06:30", "elapsed": 614.744201, "delta": 2.355484}}
{"target": 0.46870983005011213, "params": {"C": 982.8777769792044, "epsilon": 0.8328598585308884, "gamma": 0.006777453790027273, "lamda": 0.5605152945634211}, "datetime": {"datetime": "2021-09-23 23:06:32", "elapsed": 617.056581, "delta": 2.31238}}
{"target": 0.4694284376698342, "params": {"C": 1003.7680007070853, "epsilon": 0.7285603465831256, "gamma": 0.008318830460559664, "lamda": 0.6699234687734047}, "datetime": {"datetime": "2021-09-23 23:06:35", "elapsed": 619.572041, "delta": 2.51546}}
{"target": 0.46899064591368955, "params": {"C": 929.9801808850152, "epsilon": 0.9568979228189296, "gamma": 0.008199760667053937, "lamda": 0.5814944169227064}, "datetime": {"datetime": "2021-09-23 23:06:37", "elapsed": 621.717347, "delta": 2.145306}}
{"target": 0.468810420271639, "params": {"C": 956.7287318349149, "epsilon": 0.7716144236763509, "gamma": 0.010577025507922758, "lamda": 0.5479619797988907}, "datetime": {"datetime": "2021-09-23 23:06:39", "elapsed": 624.326542, "delta": 2.609195}}
{"target": 0.4681321176771207, "params": {"C": 1008.314558821593, "epsilon": 0.7204398467874608, "gamma": 0.01141112829501004, "lamda": 0.5811332192415725}, "datetime": {"datetime": "2021-09-23 23:06:42", "elapsed": 626.813993, "delta": 2.487451}}
{"target": 0.4694355430712548, "params": {"C": 854.8008600532698, "epsilon": 0.7524620778676049, "gamma": 0.009399805098934734, "lamda": 0.5524219516449913}, "datetime": {"datetime": "2021-09-23 23:06:45", "elapsed": 630.08076, "delta": 3.266767}}
{"target": 0.4684798769867127, "params": {"C": 1041.2246053797921, "epsilon": 0.8327169101388759, "gamma": 0.011082798625387882, "lamda": 0.5259593206083801}, "datetime": {"datetime": "2021-09-23 23:06:47", "elapsed": 632.191002, "delta": 2.110242}}
{"target": 0.4685243728143502, "params": {"C": 869.4640937689758, "epsilon": 0.9907124900953996, "gamma": 0.011088060444614127, "lamda": 0.5964819427865375}, "datetime": {"datetime": "2021-09-23 23:06:50", "elapsed": 634.795172, "delta": 2.60417}}
{"target": 0.4679158231857634, "params": {"C": 943.9250712556568, "epsilon": 0.9557482684486291, "gamma": 0.008476742952868786, "lamda": 0.7494677793167406}, "datetime": {"datetime": "2021-09-23 23:06:52", "elapsed": 637.121154, "delta": 2.325982}}
{"target": 0.46912783833555627, "params": {"C": 962.4792458464683, "epsilon": 0.7512176664024753, "gamma": 0.008264776149865751, "lamda": 0.7249437363718868}, "datetime": {"datetime": "2021-09-23 23:06:54", "elapsed": 639.333424, "delta": 2.21227}}
{"target": 0.46717369127482644, "params": {"C": 965.6556490506947, "epsilon": 0.977158750660681, "gamma": 0.00717929995676447, "lamda": 0.7013671585572447}, "datetime": {"datetime": "2021-09-23 23:06:58", "elapsed": 642.745187, "delta": 3.411763}}
{"target": 0.46911848423687064, "params": {"C": 977.0051797652224, "epsilon": 0.9538246108572974, "gamma": 0.008917601461255663, "lamda": 0.5893895480094267}, "datetime": {"datetime": "2021-09-23 23:07:00", "elapsed": 645.018761, "delta": 2.273574}}
{"target": 0.46918932157887006, "params": {"C": 1004.5875677347624, "epsilon": 0.713596644249282, "gamma": 0.009930970041700016, "lamda": 0.5752902302747444}, "datetime": {"datetime": "2021-09-23 23:07:04", "elapsed": 648.561856, "delta": 3.543095}}
{"target": 0.4679735541314033, "params": {"C": 969.7830051423869, "epsilon": 0.8174424926971249, "gamma": 0.0065423317571879965, "lamda": 0.6447441173665635}, "datetime": {"datetime": "2021-09-23 23:07:07", "elapsed": 651.622466, "delta": 3.06061}}
{"target": 0.4692064942876416, "params": {"C": 994.1616254381607, "epsilon": 0.7326063676298075, "gamma": 0.009606053089696275, "lamda": 0.7348555890055818}, "datetime": {"datetime": "2021-09-23 23:07:11", "elapsed": 656.222708, "delta": 4.600242}}
{"target": 0.4681202112908406, "params": {"C": 869.0328412297354, "epsilon": 0.8362330909085176, "gamma": 0.01167577323678937, "lamda": 0.7718084802183374}, "datetime": {"datetime": "2021-09-23 23:07:13", "elapsed": 658.472983, "delta": 2.250275}}
{"target": 0.4694005970373337, "params": {"C": 1043.1499645997771, "epsilon": 0.7443525383972237, "gamma": 0.00948430551801107, "lamda": 0.5543583735792234}, "datetime": {"datetime": "2021-09-23 23:07:17", "elapsed": 662.118321, "delta": 3.645338}}
{"target": 0.46812640160991303, "params": {"C": 917.0831103162352, "epsilon": 0.8341879488460693, "gamma": 0.011776328592653585, "lamda": 0.5984375611218593}, "datetime": {"datetime": "2021-09-23 23:07:19", "elapsed": 664.478296, "delta": 2.359975}}
{"target": 0.4687766373852782, "params": {"C": 984.4172348240593, "epsilon": 0.751887831169868, "gamma": 0.010667885164642898, "lamda": 0.7675959492146344}, "datetime": {"datetime": "2021-09-23 23:07:22", "elapsed": 666.847766, "delta": 2.36947}}
{"target": 0.4691028754917075, "params": {"C": 1015.6591118545366, "epsilon": 0.7368680820731635, "gamma": 0.008652680365539159, "lamda": 0.7687266671005746}, "datetime": {"datetime": "2021-09-23 23:07:24", "elapsed": 669.097562, "delta": 2.249796}}
{"target": 0.4676427106726585, "params": {"C": 979.077876866938, "epsilon": 0.7996954569611265, "gamma": 0.0066961687955728435, "lamda": 0.7292520607590967}, "datetime": {"datetime": "2021-09-23 23:07:27", "elapsed": 671.630472, "delta": 2.53291}}
{"target": 0.4692890994286789, "params": {"C": 996.5127480813557, "epsilon": 0.9975323859028339, "gamma": 0.009428176141854566, "lamda": 0.5145697796619265}, "datetime": {"datetime": "2021-09-23 23:07:29", "elapsed": 673.822473, "delta": 2.192001}}
{"target": 0.4692069971273931, "params": {"C": 1000.9180681782086, "epsilon": 0.8649018748213736, "gamma": 0.009924469076336146, "lamda": 0.5719651449916281}, "datetime": {"datetime": "2021-09-23 23:07:31", "elapsed": 676.336468, "delta": 2.513995}}
{"target": 0.46824941841963263, "params": {"C": 1010.7207666147758, "epsilon": 0.8179510552411818, "gamma": 0.011638601842489804, "lamda": 0.7299152272286351}, "datetime": {"datetime": "2021-09-23 23:07:34", "elapsed": 678.980468, "delta": 2.644}}
{"target": 0.46911065127481744, "params": {"C": 897.3708594115177, "epsilon": 0.7146434484077004, "gamma": 0.007199437589710439, "lamda": 0.6445033693553763}, "datetime": {"datetime": "2021-09-23 23:07:37", "elapsed": 682.261469, "delta": 3.281001}}
{"target": 0.4695239101059624, "params": {"C": 850.0517775325377, "epsilon": 0.7995437841154882, "gamma": 0.00852340654096177, "lamda": 0.5786043372242634}, "datetime": {"datetime": "2021-09-23 23:07:40", "elapsed": 684.568479, "delta": 2.30701}}
{"target": 0.46839516823376215, "params": {"C": 943.3417508777538, "epsilon": 0.8725719099128847, "gamma": 0.010887408108290102, "lamda": 0.7586790147279983}, "datetime": {"datetime": "2021-09-23 23:07:42", "elapsed": 687.203429, "delta": 2.63495}}
{"target": 0.46855118647828986, "params": {"C": 1014.5820803088251, "epsilon": 0.8334217460806173, "gamma": 0.011208653291472196, "lamda": 0.608558972070603}, "datetime": {"datetime": "2021-09-23 23:07:45", "elapsed": 689.809882, "delta": 2.606453}}
{"target": 0.4686680597288805, "params": {"C": 1003.6552333615632, "epsilon": 0.9345752676032902, "gamma": 0.010596382570295023, "lamda": 0.6562862129081464}, "datetime": {"datetime": "2021-09-23 23:07:47", "elapsed": 692.268204, "delta": 2.458322}}
{"target": 0.46808894629275044, "params": {"C": 1031.7043863309868, "epsilon": 0.8730141976737806, "gamma": 0.006627517357657593, "lamda": 0.6006682268370073}, "datetime": {"datetime": "2021-09-23 23:07:50", "elapsed": 694.802939, "delta": 2.534735}}
{"target": 0.46848218288277577, "params": {"C": 979.6754601480454, "epsilon": 0.9114996265397036, "gamma": 0.006563977121615287, "lamda": 0.5122221243743997}, "datetime": {"datetime": "2021-09-23 23:07:52", "elapsed": 696.999392, "delta": 2.196453}}
{"target": 0.4694718557150943, "params": {"C": 918.5026783783331, "epsilon": 0.7343804662643811, "gamma": 0.007884539147760536, "lamda": 0.6145741886230631}, "datetime": {"datetime": "2021-09-23 23:07:54", "elapsed": 699.543476, "delta": 2.544084}}
{"target": 0.4678838091363935, "params": {"C": 899.1352912559549, "epsilon": 0.7955969254334273, "gamma": 0.0071709730009596375, "lamda": 0.7712084145066405}, "datetime": {"datetime": "2021-09-23 23:07:58", "elapsed": 702.931152, "delta": 3.387676}}
{"target": 0.46867737053624636, "params": {"C": 998.9941611894336, "epsilon": 0.785333206644079, "gamma": 0.008489422628942402, "lamda": 0.7938820290107897}, "datetime": {"datetime": "2021-09-23 23:08:00", "elapsed": 705.139854, "delta": 2.208702}}
{"target": 0.46810932416242335, "params": {"C": 978.9118120135267, "epsilon": 0.8864122205456713, "gamma": 0.006993282556439645, "lamda": 0.639644692642074}, "datetime": {"datetime": "2021-09-23 23:08:02", "elapsed": 707.549922, "delta": 2.410068}}
{"target": 0.4693555412194831, "params": {"C": 1009.3173210865157, "epsilon": 0.7225026156587745, "gamma": 0.009528224964961625, "lamda": 0.6762017312169695}, "datetime": {"datetime": "2021-09-23 23:08:06", "elapsed": 710.848737, "delta": 3.298815}}
{"target": 0.46829219776484354, "params": {"C": 854.0748657637533, "epsilon": 0.9732280155001187, "gamma": 0.008749718725726455, "lamda": 0.7020928206510496}, "datetime": {"datetime": "2021-09-23 23:08:09", "elapsed": 713.835876, "delta": 2.987139}}
{"target": 0.4682325048312127, "params": {"C": 979.6919959962459, "epsilon": 0.9993381839607897, "gamma": 0.01165998249039501, "lamda": 0.5732674555423468}, "datetime": {"datetime": "2021-09-23 23:08:12", "elapsed": 716.705723, "delta": 2.869847}}
{"target": 0.4674495157848273, "params": {"C": 861.680881069365, "epsilon": 0.961533860887851, "gamma": 0.00781705729928705, "lamda": 0.7486061921174346}, "datetime": {"datetime": "2021-09-23 23:08:14", "elapsed": 719.535884, "delta": 2.830161}}
{"target": 0.4682178647098537, "params": {"C": 855.9011087604771, "epsilon": 0.7941041271566054, "gamma": 0.01172746806841625, "lamda": 0.6621887904009945}, "datetime": {"datetime": "2021-09-23 23:08:19", "elapsed": 723.77227, "delta": 4.236386}}
{"target": 0.46870910700659163, "params": {"C": 922.3538592730438, "epsilon": 0.8030860429466767, "gamma": 0.010963051674671605, "lamda": 0.6281120591038758}, "datetime": {"datetime": "2021-09-23 23:08:21", "elapsed": 726.432919, "delta": 2.660649}}
{"target": 0.4682587599065955, "params": {"C": 1029.9962260764876, "epsilon": 0.9332355712140914, "gamma": 0.008418986048703747, "lamda": 0.7191237729916096}, "datetime": {"datetime": "2021-09-23 23:08:24", "elapsed": 728.842751, "delta": 2.409832}}
