{"target": -43.29787942877544, "params": {"C": 124.6137901164347, "epsilon": 0.6358121685437301, "gamma": 0.04155857326224971, "lamda": 1.3067102371856267}, "datetime": {"datetime": "2021-09-24 19:12:20", "elapsed": 24.50817, "delta": 0.450876}}
{"target": -43.00645473093249, "params": {"C": 125.5498960348304, "epsilon": 0.35960546974509483, "gamma": 0.017455810946317568, "lamda": 0.15725229067238392}, "datetime": {"datetime": "2021-09-24 19:12:21", "elapsed": 24.951439, "delta": 0.443269}}
{"target": -42.16917822521625, "params": {"C": 124.896039717294, "epsilon": 0.8550913169244043, "gamma": 0.011300963398595106, "lamda": 1.0563299179913552}, "datetime": {"datetime": "2021-09-24 19:12:21", "elapsed": 25.514449, "delta": 0.56301}}
{"target": -43.08044513833646, "params": {"C": 124.95782708583235, "epsilon": 0.82678055893844, "gamma": 0.033762880284449064, "lamda": 0.9410142635048899}, "datetime": {"datetime": "2021-09-24 19:12:22", "elapsed": 25.91939, "delta": 0.404941}}
{"target": -42.54035493073375, "params": {"C": 124.51418299911109, "epsilon": 0.46905734213723765, "gamma": 0.003075059716158218, "lamda": 1.138796436569468}, "datetime": {"datetime": "2021-09-24 19:12:22", "elapsed": 26.44672, "delta": 0.52733}}
{"target": -43.57610144320903, "params": {"C": 124.49415634425593, "epsilon": 0.8180148705432313, "gamma": 0.047764366189670476, "lamda": 1.5798016381120334}, "datetime": {"datetime": "2021-09-24 19:12:23", "elapsed": 26.907051, "delta": 0.460331}}
{"target": -44.49804807900803, "params": {"C": 124.43662052101043, "epsilon": 0.5742438199370714, "gamma": 0.07016177722033637, "lamda": 1.1341312721696726}, "datetime": {"datetime": "2021-09-24 19:12:23", "elapsed": 27.43122, "delta": 0.524169}}
{"target": -45.03486788113458, "params": {"C": 124.94131845540532, "epsilon": 0.7384936781279816, "gamma": 0.08565941660731351, "lamda": 1.0982588727312557}, "datetime": {"datetime": "2021-09-24 19:12:24", "elapsed": 27.913205, "delta": 0.481985}}
{"target": -42.17607748290369, "params": {"C": 124.79178674660614, "epsilon": 0.9334359510625954, "gamma": 0.005612230417795058, "lamda": 1.0058480718471263}, "datetime": {"datetime": "2021-09-24 19:12:24", "elapsed": 28.528847, "delta": 0.615642}}
{"target": -44.95853797418911, "params": {"C": 124.53244887924036, "epsilon": 0.3746600393459075, "gamma": 0.07899364966119095, "lamda": 1.1909582388219484}, "datetime": {"datetime": "2021-09-24 19:12:25", "elapsed": 29.116655, "delta": 0.587808}}
{"target": -46.621475574800094, "params": {"C": 124.56149426659643, "epsilon": 1.0, "gamma": 0.001, "lamda": 1.2859645786633138}, "datetime": {"datetime": "2021-09-24 19:12:25", "elapsed": 29.546933, "delta": 0.430278}}
{"target": -45.0971160573209, "params": {"C": 124.84618560959424, "epsilon": 0.860639993108528, "gamma": 0.08749533169055086, "lamda": 1.0247596642094017}, "datetime": {"datetime": "2021-09-24 19:12:26", "elapsed": 29.954494, "delta": 0.407561}}
{"target": -42.466035526362646, "params": {"C": 111.64594186326414, "epsilon": 0.8122882613341671, "gamma": 0.018451228962481515, "lamda": 1.1651824852115704}, "datetime": {"datetime": "2021-09-24 19:12:26", "elapsed": 30.340542, "delta": 0.386048}}
{"target": -42.08847628046727, "params": {"C": 124.93817123431255, "epsilon": 0.8174979291868787, "gamma": 0.00920555379561732, "lamda": 0.9660696024243658}, "datetime": {"datetime": "2021-09-24 19:12:26", "elapsed": 30.79316, "delta": 0.452618}}
{"target": -44.25437664146233, "params": {"C": 111.63655353188994, "epsilon": 0.7329499454024175, "gamma": 0.06696109765900664, "lamda": 1.2248106921100768}, "datetime": {"datetime": "2021-09-24 19:12:27", "elapsed": 31.196351, "delta": 0.403191}}
{"target": -42.1468152998479, "params": {"C": 124.9726009758434, "epsilon": 0.8124399484469638, "gamma": 0.005195550640146872, "lamda": 1.057134078874704}, "datetime": {"datetime": "2021-09-24 19:12:27", "elapsed": 31.68755, "delta": 0.491199}}
{"target": -43.150534660312594, "params": {"C": 138.4606923447826, "epsilon": 0.431452986542664, "gamma": 0.029786286127549806, "lamda": 1.2132051502486918}, "datetime": {"datetime": "2021-09-24 19:12:28", "elapsed": 32.092199, "delta": 0.404649}}
{"target": -45.25758179410417, "params": {"C": 138.17888255633204, "epsilon": 0.5785742574149026, "gamma": 0.08127649023127038, "lamda": 0.3952748810222975}, "datetime": {"datetime": "2021-09-24 19:12:28", "elapsed": 32.568984, "delta": 0.476785}}
{"target": -45.389326875389436, "params": {"C": 142.29393035559912, "epsilon": 0.46307689582040434, "gamma": 0.09272659833841258, "lamda": 1.5343681967823608}, "datetime": {"datetime": "2021-09-24 19:12:29", "elapsed": 32.945399, "delta": 0.376415}}
{"target": -43.34627442534334, "params": {"C": 124.53996173513335, "epsilon": 0.556233581756455, "gamma": 0.03976783531131159, "lamda": 1.2136433606321784}, "datetime": {"datetime": "2021-09-24 19:12:29", "elapsed": 33.858656, "delta": 0.913257}}
{"target": -45.007221156766974, "params": {"C": 121.07896130046612, "epsilon": 0.8337189422870621, "gamma": 0.08424358533864049, "lamda": 0.9106598710696051}, "datetime": {"datetime": "2021-09-24 19:12:30", "elapsed": 34.257657, "delta": 0.399001}}
{"target": -43.514829850149, "params": {"C": 124.57611700569454, "epsilon": 0.9296254443332226, "gamma": 0.0453338757113711, "lamda": 1.5025756128641894}, "datetime": {"datetime": "2021-09-24 19:12:30", "elapsed": 34.743348, "delta": 0.485691}}
{"target": -45.71369039140782, "params": {"C": 111.65481980736638, "epsilon": 0.8898027960342406, "gamma": 0.001, "lamda": 1.1071965209833532}, "datetime": {"datetime": "2021-09-24 19:12:31", "elapsed": 35.257633, "delta": 0.514285}}
{"target": -43.84838974455843, "params": {"C": 124.64006020709853, "epsilon": 0.7793092392312668, "gamma": 0.056137114268727396, "lamda": 1.0763056420327415}, "datetime": {"datetime": "2021-09-24 19:12:32", "elapsed": 35.94659, "delta": 0.688957}}
{"target": -44.5028301123413, "params": {"C": 124.61545581767949, "epsilon": 0.5513766542929847, "gamma": 0.001, "lamda": 1.1494086303772688}, "datetime": {"datetime": "2021-09-24 19:12:32", "elapsed": 36.524168, "delta": 0.577578}}
{"target": -43.73664224608164, "params": {"C": 124.73876730710866, "epsilon": 0.896217863460439, "gamma": 0.05389510883386847, "lamda": 1.0862634992786477}, "datetime": {"datetime": "2021-09-24 19:12:33", "elapsed": 37.085688, "delta": 0.56152}}
{"target": -42.553236562749014, "params": {"C": 119.59752652066183, "epsilon": 0.30578347980692716, "gamma": 0.005494458227009835, "lamda": 1.0502246641832196}, "datetime": {"datetime": "2021-09-24 19:12:33", "elapsed": 37.561685, "delta": 0.475997}}
{"target": -44.83639104856566, "params": {"C": 124.67661121841472, "epsilon": 0.581493095687402, "gamma": 0.001, "lamda": 1.2622031737249402}, "datetime": {"datetime": "2021-09-24 19:12:34", "elapsed": 38.116675, "delta": 0.55499}}
{"target": -42.278140685781935, "params": {"C": 118.18887092733888, "epsilon": 0.8007592483187116, "gamma": 0.01180397783664993, "lamda": 1.557715535431955}, "datetime": {"datetime": "2021-09-24 19:12:34", "elapsed": 38.516685, "delta": 0.40001}}
{"target": -42.02636283746183, "params": {"C": 124.74341478142188, "epsilon": 0.880133357147548, "gamma": 0.007586107112660796, "lamda": 1.0385758011703792}, "datetime": {"datetime": "2021-09-24 19:12:35", "elapsed": 39.368739, "delta": 0.852054}}
{"target": -43.349507386272634, "params": {"C": 124.80797264642895, "epsilon": 0.7037764844764531, "gamma": 0.001771142266210949, "lamda": 1.0117669438302972}, "datetime": {"datetime": "2021-09-24 19:12:36", "elapsed": 39.954775, "delta": 0.586036}}
{"target": -42.865971654334516, "params": {"C": 146.34891507519325, "epsilon": 0.9665454474193242, "gamma": 0.009560741843880022, "lamda": 0.1734489890966375}, "datetime": {"datetime": "2021-09-24 19:12:36", "elapsed": 40.689095, "delta": 0.73432}}
{"target": -43.02799104657881, "params": {"C": 121.56432666230887, "epsilon": 0.6005546943444986, "gamma": 0.031979752048734725, "lamda": 1.2470947241989163}, "datetime": {"datetime": "2021-09-24 19:12:37", "elapsed": 41.127046, "delta": 0.437951}}
{"target": -42.8465074651032, "params": {"C": 101.55686013607038, "epsilon": 0.7064211138106481, "gamma": 0.009853532179479239, "lamda": 0.3681187421926604}, "datetime": {"datetime": "2021-09-24 19:12:37", "elapsed": 41.649146, "delta": 0.5221}}
{"target": -42.44578058524265, "params": {"C": 124.80749692471386, "epsilon": 0.8732264051852165, "gamma": 0.003924137328473165, "lamda": 1.0278628024478504}, "datetime": {"datetime": "2021-09-24 19:12:38", "elapsed": 42.166843, "delta": 0.517697}}
{"target": -44.20634514664756, "params": {"C": 131.35030837532582, "epsilon": 0.8676659985175121, "gamma": 0.06655615813653742, "lamda": 1.0308447584736187}, "datetime": {"datetime": "2021-09-24 19:12:38", "elapsed": 42.586548, "delta": 0.419705}}
{"target": -42.08742774622237, "params": {"C": 124.98739490034392, "epsilon": 0.8646315801994844, "gamma": 0.009315976472466573, "lamda": 1.0757046145469653}, "datetime": {"datetime": "2021-09-24 19:12:39", "elapsed": 43.039764, "delta": 0.453216}}
{"target": -43.483965970897394, "params": {"C": 113.19402202640684, "epsilon": 0.8111131031218874, "gamma": 0.0459987958088271, "lamda": 1.5006262549950906}, "datetime": {"datetime": "2021-09-24 19:12:39", "elapsed": 43.449346, "delta": 0.409582}}
{"target": -42.96889755649169, "params": {"C": 142.1991858908053, "epsilon": 0.6816959330881179, "gamma": 0.0013967630447587276, "lamda": 0.2851486901317686}, "datetime": {"datetime": "2021-09-24 19:12:40", "elapsed": 44.034495, "delta": 0.585149}}
{"target": -45.81319261868913, "params": {"C": 133.07331578487407, "epsilon": 0.38090447701554303, "gamma": 0.09725673305844579, "lamda": 1.4706084082072142}, "datetime": {"datetime": "2021-09-24 19:12:40", "elapsed": 44.469492, "delta": 0.434997}}
{"target": -42.33529456793285, "params": {"C": 124.70611489916735, "epsilon": 0.9444444317108962, "gamma": 0.015964158371294467, "lamda": 0.9935996734151246}, "datetime": {"datetime": "2021-09-24 19:12:41", "elapsed": 45.093715, "delta": 0.624223}}
{"target": -45.32951982655531, "params": {"C": 124.74897773335701, "epsilon": 0.9005392455379229, "gamma": 0.001, "lamda": 0.9795068393023737}, "datetime": {"datetime": "2021-09-24 19:12:41", "elapsed": 45.647173, "delta": 0.553458}}
{"target": -42.59428871149399, "params": {"C": 124.95807017949308, "epsilon": 0.9212742673943368, "gamma": 0.023002488466372067, "lamda": 1.0577636150291416}, "datetime": {"datetime": "2021-09-24 19:12:42", "elapsed": 46.191011, "delta": 0.543838}}
{"target": -44.20922016336635, "params": {"C": 119.6331524533305, "epsilon": 0.32677633918175814, "gamma": 0.048463654157810045, "lamda": 1.0740355045491319}, "datetime": {"datetime": "2021-09-24 19:12:42", "elapsed": 46.783014, "delta": 0.592003}}
{"target": -44.78809925296301, "params": {"C": 124.97426691071027, "epsilon": 0.869813905747997, "gamma": 0.08108446700841039, "lamda": 1.0606171445261052}, "datetime": {"datetime": "2021-09-24 19:12:43", "elapsed": 47.333558, "delta": 0.550544}}
{"target": -42.62340026471224, "params": {"C": 124.84355808583983, "epsilon": 0.8358992849708378, "gamma": 0.023375679280057824, "lamda": 1.0275605845422986}, "datetime": {"datetime": "2021-09-24 19:12:44", "elapsed": 47.920038, "delta": 0.58648}}
{"target": -43.14561396626272, "params": {"C": 137.93802401865332, "epsilon": 0.6564141203158774, "gamma": 0.017652394593784596, "lamda": 0.5670922478357956}, "datetime": {"datetime": "2021-09-24 19:12:44", "elapsed": 48.520069, "delta": 0.600031}}
{"target": -43.82600414896512, "params": {"C": 124.73034881642599, "epsilon": 0.6707622269308331, "gamma": 0.05294204993495171, "lamda": 1.0298836923399424}, "datetime": {"datetime": "2021-09-24 19:12:45", "elapsed": 49.074032, "delta": 0.553963}}
{"target": -42.29086705903498, "params": {"C": 124.74490079092345, "epsilon": 0.8829342883978402, "gamma": 0.014230830473617982, "lamda": 1.0121376627846477}, "datetime": {"datetime": "2021-09-24 19:12:45", "elapsed": 49.623156, "delta": 0.549124}}
{"target": -43.47445249504515, "params": {"C": 124.87741891617073, "epsilon": 0.7467971617147063, "gamma": 0.04431575982956101, "lamda": 1.0020320813695676}, "datetime": {"datetime": "2021-09-24 19:12:46", "elapsed": 50.289188, "delta": 0.666032}}
{"target": -44.93829782672153, "params": {"C": 143.4210882877494, "epsilon": 0.8527324258205866, "gamma": 0.084317983192882, "lamda": 1.0977179986311496}, "datetime": {"datetime": "2021-09-24 19:12:46", "elapsed": 50.786628, "delta": 0.49744}}
{"target": -42.888282967188964, "params": {"C": 124.8466573985835, "epsilon": 0.8358250460820509, "gamma": 0.03041986171235196, "lamda": 1.0968242949969544}, "datetime": {"datetime": "2021-09-24 19:12:47", "elapsed": 51.444011, "delta": 0.657383}}
{"target": -42.42787597857989, "params": {"C": 141.6407243042135, "epsilon": 0.9560879169262262, "gamma": 0.016015136672482083, "lamda": 0.6780693980197671}, "datetime": {"datetime": "2021-09-24 19:12:48", "elapsed": 51.989454, "delta": 0.545443}}
{"target": -42.93922986133032, "params": {"C": 124.77656008557241, "epsilon": 0.7159470579397386, "gamma": 0.02940831635453972, "lamda": 1.0105045807796753}, "datetime": {"datetime": "2021-09-24 19:12:48", "elapsed": 52.515455, "delta": 0.526001}}
{"target": -45.315935951742816, "params": {"C": 103.7664626175735, "epsilon": 0.6689695175292403, "gamma": 0.09106942366525114, "lamda": 0.47673725389162686}, "datetime": {"datetime": "2021-09-24 19:12:49", "elapsed": 53.065452, "delta": 0.549997}}
{"target": -42.45012310296306, "params": {"C": 124.74281559396903, "epsilon": 0.837541852230149, "gamma": 0.00383582693090258, "lamda": 1.054742211453573}, "datetime": {"datetime": "2021-09-24 19:12:49", "elapsed": 53.741197, "delta": 0.675745}}
{"target": -44.08508002213035, "params": {"C": 124.81016136470932, "epsilon": 0.7504146853142345, "gamma": 0.06129561132658432, "lamda": 1.035801587780428}, "datetime": {"datetime": "2021-09-24 19:12:50", "elapsed": 54.506311, "delta": 0.765114}}
{"target": -43.166081731800126, "params": {"C": 104.7468399500814, "epsilon": 0.7227672409562805, "gamma": 0.03223323429213502, "lamda": 0.9813859767238505}, "datetime": {"datetime": "2021-09-24 19:12:51", "elapsed": 55.075314, "delta": 0.569003}}
{"target": -43.619011810384166, "params": {"C": 101.57428539956936, "epsilon": 0.7644372481989548, "gamma": 0.033346193800844845, "lamda": 0.3403865328976503}, "datetime": {"datetime": "2021-09-24 19:12:51", "elapsed": 55.85749, "delta": 0.782176}}
{"target": -44.12181533044803, "params": {"C": 124.69818806911007, "epsilon": 0.8346254980612906, "gamma": 0.063906417637654, "lamda": 1.0319652797347563}, "datetime": {"datetime": "2021-09-24 19:12:52", "elapsed": 56.582777, "delta": 0.725287}}
{"target": -43.11334591362151, "params": {"C": 124.6251421183014, "epsilon": 0.45157003393667494, "gamma": 0.02923334916545095, "lamda": 1.2883809566098716}, "datetime": {"datetime": "2021-09-24 19:12:53", "elapsed": 57.339884, "delta": 0.757107}}
{"target": -42.16311360907613, "params": {"C": 124.8741277490882, "epsilon": 0.7971662800059875, "gamma": 0.009847531613057105, "lamda": 0.9197555306112741}, "datetime": {"datetime": "2021-09-24 19:12:54", "elapsed": 58.079987, "delta": 0.740103}}
{"target": -45.64753233774798, "params": {"C": 111.65347704965885, "epsilon": 0.6158733216285934, "gamma": 0.09674718550932852, "lamda": 0.2012474310423488}, "datetime": {"datetime": "2021-09-24 19:12:54", "elapsed": 58.784038, "delta": 0.704051}}
{"target": -42.205976122154176, "params": {"C": 124.92776700406831, "epsilon": 0.7562226156316569, "gamma": 0.00966633741545745, "lamda": 0.9144825463616673}, "datetime": {"datetime": "2021-09-24 19:12:55", "elapsed": 59.372079, "delta": 0.588041}}
{"target": -43.76916779716983, "params": {"C": 124.71376253834593, "epsilon": 0.9546691187207521, "gamma": 0.05464535199724189, "lamda": 1.0482843610091246}, "datetime": {"datetime": "2021-09-24 19:12:56", "elapsed": 59.992855, "delta": 0.620776}}
{"target": -45.447470932921284, "params": {"C": 124.91109044620183, "epsilon": 0.7603299478472727, "gamma": 0.08860703737881925, "lamda": 0.2949411535558608}, "datetime": {"datetime": "2021-09-24 19:12:56", "elapsed": 60.593492, "delta": 0.600637}}
{"target": -44.592779265621004, "params": {"C": 142.88925072635777, "epsilon": 0.47480416789712987, "gamma": 0.06182043262804955, "lamda": 0.7099544438695582}, "datetime": {"datetime": "2021-09-24 19:12:57", "elapsed": 61.133103, "delta": 0.539611}}
{"target": -42.65158999329669, "params": {"C": 110.70183431270534, "epsilon": 0.5235987173275474, "gamma": 0.00828560113968608, "lamda": 0.7645953198370148}, "datetime": {"datetime": "2021-09-24 19:12:57", "elapsed": 61.686428, "delta": 0.553325}}
{"target": -42.45191518678948, "params": {"C": 124.80338902714792, "epsilon": 0.78815177756573, "gamma": 0.018739015016558173, "lamda": 1.0859054193239364}, "datetime": {"datetime": "2021-09-24 19:12:58", "elapsed": 62.454362, "delta": 0.767934}}
{"target": -42.39842597848054, "params": {"C": 124.9296379692206, "epsilon": 0.4098170958051095, "gamma": 0.0038227376633600428, "lamda": 1.3127587954427835}, "datetime": {"datetime": "2021-09-24 19:12:59", "elapsed": 63.185138, "delta": 0.730776}}
{"target": -42.30611358292382, "params": {"C": 118.14196374292304, "epsilon": 0.8490713368345859, "gamma": 0.010661285674676595, "lamda": 1.5947963707525548}, "datetime": {"datetime": "2021-09-24 19:12:59", "elapsed": 63.873963, "delta": 0.688825}}
{"target": -43.71655882678984, "params": {"C": 124.90936335422231, "epsilon": 0.4198347440140961, "gamma": 0.046266968400564934, "lamda": 1.3407692309777293}, "datetime": {"datetime": "2021-09-24 19:13:00", "elapsed": 64.695963, "delta": 0.822}}
{"target": -42.71928273258322, "params": {"C": 124.77861734374139, "epsilon": 0.7992451256769773, "gamma": 0.02551190627850971, "lamda": 1.0490209052804005}, "datetime": {"datetime": "2021-09-24 19:13:01", "elapsed": 65.452919, "delta": 0.756956}}
{"target": -42.701696039732575, "params": {"C": 124.6890730489181, "epsilon": 0.6495384418352756, "gamma": 0.023236000063427326, "lamda": 1.1181928672400043}, "datetime": {"datetime": "2021-09-24 19:13:02", "elapsed": 66.121955, "delta": 0.669036}}
{"target": -42.37773022612142, "params": {"C": 125.02622446843444, "epsilon": 0.8468321716293032, "gamma": 0.01765998264588547, "lamda": 1.1233052621336734}, "datetime": {"datetime": "2021-09-24 19:13:03", "elapsed": 66.916921, "delta": 0.794966}}
{"target": -42.08467297520987, "params": {"C": 124.76473959770067, "epsilon": 0.9668552395606578, "gamma": 0.00852993764073293, "lamda": 1.0444163986106918}, "datetime": {"datetime": "2021-09-24 19:13:03", "elapsed": 67.697535, "delta": 0.780614}}
{"target": -43.27619025364248, "params": {"C": 141.60552535587652, "epsilon": 0.9769979778145559, "gamma": 0.03811426357146363, "lamda": 0.6693292574925962}, "datetime": {"datetime": "2021-09-24 19:13:04", "elapsed": 68.534569, "delta": 0.837034}}
{"target": -44.447158579146645, "params": {"C": 113.82278522808105, "epsilon": 0.8746411284550422, "gamma": 0.05342630830955882, "lamda": 0.09822563375365598}, "datetime": {"datetime": "2021-09-24 19:13:05", "elapsed": 69.406541, "delta": 0.871972}}
{"target": -44.84064982839016, "params": {"C": 122.33292910444008, "epsilon": 0.9977009849278735, "gamma": 0.06707346696263752, "lamda": 0.17414262970214583}, "datetime": {"datetime": "2021-09-24 19:13:06", "elapsed": 69.983804, "delta": 0.577263}}
{"target": -42.54530740855936, "params": {"C": 118.20097892483078, "epsilon": 0.8837894893172442, "gamma": 0.018345236963493126, "lamda": 1.5840065503933534}, "datetime": {"datetime": "2021-09-24 19:13:06", "elapsed": 70.651036, "delta": 0.667232}}
{"target": -42.33553499961676, "params": {"C": 124.39049203441171, "epsilon": 0.9514948767983278, "gamma": 0.008390150270929327, "lamda": 1.3982566392326579}, "datetime": {"datetime": "2021-09-24 19:13:07", "elapsed": 71.235513, "delta": 0.584477}}
{"target": -44.02615907923673, "params": {"C": 118.22635515433709, "epsilon": 0.838255809809443, "gamma": 0.059736744672770924, "lamda": 1.5891717477870362}, "datetime": {"datetime": "2021-09-24 19:13:08", "elapsed": 71.93866, "delta": 0.703147}}
{"target": -42.54564253910733, "params": {"C": 124.4059577502436, "epsilon": 0.89614667746353, "gamma": 0.0053616019410217715, "lamda": 1.36427131686847}, "datetime": {"datetime": "2021-09-24 19:13:08", "elapsed": 72.71566, "delta": 0.777}}
{"target": -42.31817381600607, "params": {"C": 124.35176346083657, "epsilon": 0.8818112929980295, "gamma": 0.012987978731477726, "lamda": 1.4408781684359842}, "datetime": {"datetime": "2021-09-24 19:13:09", "elapsed": 73.577054, "delta": 0.861394}}
{"target": -42.98824389389851, "params": {"C": 125.03444475102579, "epsilon": 0.8438724981230545, "gamma": 0.03331838843192757, "lamda": 1.1523368533672647}, "datetime": {"datetime": "2021-09-24 19:13:10", "elapsed": 74.192849, "delta": 0.615795}}
{"target": -45.66570122122471, "params": {"C": 124.6477208534782, "epsilon": 0.6629558812616017, "gamma": 0.09841033048203222, "lamda": 1.201464898356608}, "datetime": {"datetime": "2021-09-24 19:13:11", "elapsed": 74.922851, "delta": 0.730002}}
{"target": -44.15515890844454, "params": {"C": 124.84023344221235, "epsilon": 0.4665535632905561, "gamma": 0.056629878193132824, "lamda": 1.092224498605946}, "datetime": {"datetime": "2021-09-24 19:13:11", "elapsed": 75.57142, "delta": 0.648569}}
{"target": -42.71942423957846, "params": {"C": 124.64683458613527, "epsilon": 0.5144630045955434, "gamma": 0.021664556547229413, "lamda": 1.2833931717206253}, "datetime": {"datetime": "2021-09-24 19:13:12", "elapsed": 76.197293, "delta": 0.625873}}
{"target": -45.607611057387565, "params": {"C": 140.0569684711543, "epsilon": 0.9968783818894948, "gamma": 0.09421676374559318, "lamda": 1.4544904207531102}, "datetime": {"datetime": "2021-09-24 19:13:12", "elapsed": 76.83374, "delta": 0.636447}}
