{"target": 0.45742738564595653, "params": {"C": 99.57878438930189, "epsilon": 0.9830925850994525, "gamma": 0.00723481232765221, "lamda": 0.6399373635849867}, "datetime": {"datetime": "2021-09-23 18:07:15", "elapsed": 592.20562, "delta": 3.891936}}
{"target": 0.3908924347213135, "params": {"C": 85.14084581257572, "epsilon": 0.7328279853182738, "gamma": 0.058568836377957366, "lamda": 0.38846683454760755}, "datetime": {"datetime": "2021-09-23 18:07:17", "elapsed": 594.395119, "delta": 2.189499}}
{"target": 0.42741062980508104, "params": {"C": 65.39026235236214, "epsilon": 0.4784632477170766, "gamma": 0.03598953934534536, "lamda": 0.3099665922456189}, "datetime": {"datetime": "2021-09-23 18:07:19", "elapsed": 596.990363, "delta": 2.595244}}
{"target": 0.41968811997253563, "params": {"C": 94.88199925099073, "epsilon": 0.28266763641897347, "gamma": 0.034613009306707875, "lamda": 0.7975529140697436}, "datetime": {"datetime": "2021-09-23 18:07:21", "elapsed": 598.915083, "delta": 1.92472}}
{"target": 0.40068427380850513, "params": {"C": 59.92162250863125, "epsilon": 0.37603817111820026, "gamma": 0.001, "lamda": 0.683369600661012}, "datetime": {"datetime": "2021-09-23 18:07:25", "elapsed": 603.038961, "delta": 4.123878}}
{"target": 0.40688806090407026, "params": {"C": 26.315070497581885, "epsilon": 0.78099772543828, "gamma": 0.06333001364612789, "lamda": 0.9801113240382828}, "datetime": {"datetime": "2021-09-23 18:07:27", "elapsed": 605.071046, "delta": 2.032085}}
{"target": 0.42544195892320447, "params": {"C": 42.309124954884695, "epsilon": 0.28766859999188127, "gamma": 0.03999511443056824, "lamda": 0.6552785607016782}, "datetime": {"datetime": "2021-09-23 18:07:31", "elapsed": 608.328061, "delta": 3.257015}}
{"target": 0.45615357385689914, "params": {"C": 99.97296486359859, "epsilon": 0.9740089833935899, "gamma": 0.016579167333837463, "lamda": 0.7049955695209121}, "datetime": {"datetime": "2021-09-23 18:07:35", "elapsed": 612.28033, "delta": 3.952269}}
{"target": 0.44583442469995527, "params": {"C": 97.22161605950056, "epsilon": 0.9786372088714785, "gamma": 0.012639306134458059, "lamda": 0.02204818273275035}, "datetime": {"datetime": "2021-09-23 18:07:37", "elapsed": 614.282761, "delta": 2.002431}}
{"target": 0.4572119072889368, "params": {"C": 99.76183103650794, "epsilon": 0.8642479447623554, "gamma": 0.012040868829542844, "lamda": 0.6853218596559959}, "datetime": {"datetime": "2021-09-23 18:07:40", "elapsed": 617.631952, "delta": 3.349191}}
{"target": 0.4540899001194937, "params": {"C": 87.69231877653789, "epsilon": 0.8755661346819487, "gamma": 0.01581600607238033, "lamda": 0.7638818170958398}, "datetime": {"datetime": "2021-09-23 18:07:43", "elapsed": 621.060949, "delta": 3.428997}}
{"target": 0.40078469401376504, "params": {"C": 20.36365766645849, "epsilon": 0.8039776690184857, "gamma": 0.07598516108965643, "lamda": 0.31349907116777537}, "datetime": {"datetime": "2021-09-23 18:07:46", "elapsed": 623.248941, "delta": 2.187992}}
{"target": 0.4516878112326935, "params": {"C": 99.741711600191, "epsilon": 0.9445290764204515, "gamma": 0.017917642104277074, "lamda": 0.6334293498362865}, "datetime": {"datetime": "2021-09-23 18:07:48", "elapsed": 625.295005, "delta": 2.046064}}
{"target": 0.39703590278627443, "params": {"C": 71.16966465394313, "epsilon": 0.6175604942227355, "gamma": 0.05942196393963672, "lamda": 0.5424012690008462}, "datetime": {"datetime": "2021-09-23 18:07:50", "elapsed": 627.362834, "delta": 2.067829}}
{"target": 0.43799673342600653, "params": {"C": 27.334464602220805, "epsilon": 0.9429909005162268, "gamma": 0.013988171960427866, "lamda": 0.6196223871679609}, "datetime": {"datetime": "2021-09-23 18:07:52", "elapsed": 629.519167, "delta": 2.156333}}
{"target": 0.4073877234328004, "params": {"C": 87.72329151190233, "epsilon": 0.9919583670757244, "gamma": 0.06150361846764497, "lamda": 0.8792945702197322}, "datetime": {"datetime": "2021-09-23 18:07:55", "elapsed": 632.840998, "delta": 3.321831}}
{"target": 0.38123753184993714, "params": {"C": 74.83025361347069, "epsilon": 0.4450105487022776, "gamma": 0.07640595202082452, "lamda": 0.9874563744919864}, "datetime": {"datetime": "2021-09-23 18:07:57", "elapsed": 634.809877, "delta": 1.968879}}
{"target": 0.4088642321229189, "params": {"C": 24.74069668587888, "epsilon": 0.007735645053947608, "gamma": 0.06058695712855887, "lamda": 0.16278226661340947}, "datetime": {"datetime": "2021-09-23 18:07:59", "elapsed": 637.072604, "delta": 2.262727}}
{"target": 0.4550102076227206, "params": {"C": 87.66347403132093, "epsilon": 0.871445502927689, "gamma": 0.013823030211258788, "lamda": 0.7284411549476508}, "datetime": {"datetime": "2021-09-23 18:08:03", "elapsed": 640.6639, "delta": 3.591296}}
{"target": 0.45495933755808426, "params": {"C": 89.03454723019755, "epsilon": 0.7874289288989903, "gamma": 0.011993644420574847, "lamda": 0.755815410382471}, "datetime": {"datetime": "2021-09-23 18:08:05", "elapsed": 642.860268, "delta": 2.196368}}
{"target": 0.44557457102737597, "params": {"C": 91.81632907187603, "epsilon": 0.14254348618203094, "gamma": 0.010210682581775241, "lamda": 0.926970693359751}, "datetime": {"datetime": "2021-09-23 18:08:08", "elapsed": 645.188262, "delta": 2.327994}}
{"target": 0.42836886317011535, "params": {"C": 91.58550587288767, "epsilon": 0.4244664763375039, "gamma": 0.02923796885302161, "lamda": 0.7734146692019714}, "datetime": {"datetime": "2021-09-23 18:08:12", "elapsed": 649.226536, "delta": 4.038274}}
{"target": 0.39360930942679995, "params": {"C": 24.17553199351137, "epsilon": 0.3389627934284514, "gamma": 0.08890640235773613, "lamda": 0.17884825401488225}, "datetime": {"datetime": "2021-09-23 18:08:14", "elapsed": 651.560785, "delta": 2.334249}}
{"target": 0.4488014198696141, "params": {"C": 87.8796579104459, "epsilon": 0.9058201175530877, "gamma": 0.022525110132911787, "lamda": 0.7913196026019924}, "datetime": {"datetime": "2021-09-23 18:08:18", "elapsed": 655.884396, "delta": 4.323611}}
{"target": 0.4110615173308454, "params": {"C": 87.66621048725996, "epsilon": 0.9274303723553402, "gamma": 0.0011225995118208367, "lamda": 0.7733085580452923}, "datetime": {"datetime": "2021-09-23 18:08:22", "elapsed": 659.24315, "delta": 3.358754}}
{"target": 0.39219864448442254, "params": {"C": 71.38020846471275, "epsilon": 0.0191570811441107, "gamma": 0.062463354936092175, "lamda": 0.24489071369616985}, "datetime": {"datetime": "2021-09-23 18:08:24", "elapsed": 661.518713, "delta": 2.275563}}
{"target": 0.4333256984747108, "params": {"C": 69.18447447938635, "epsilon": 0.6486632789995459, "gamma": 0.02879574470356912, "lamda": 0.44853092999287847}, "datetime": {"datetime": "2021-09-23 18:08:26", "elapsed": 663.709892, "delta": 2.191179}}
{"target": 0.432747842639999, "params": {"C": 42.10818856998553, "epsilon": 0.7375039538640471, "gamma": 0.03195308461076347, "lamda": 0.6589853699725551}, "datetime": {"datetime": "2021-09-23 18:08:28", "elapsed": 665.909206, "delta": 2.199314}}
{"target": 0.45828063657526685, "params": {"C": 99.86182946756583, "epsilon": 0.920950492307351, "gamma": 0.00902209461118882, "lamda": 0.6574652242926488}, "datetime": {"datetime": "2021-09-23 18:08:31", "elapsed": 668.236056, "delta": 2.32685}}
{"target": 0.4282890927340778, "params": {"C": 54.35210381189108, "epsilon": 0.034459603434647976, "gamma": 0.03231010103332677, "lamda": 0.4914962191374936}, "datetime": {"datetime": "2021-09-23 18:08:33", "elapsed": 670.661173, "delta": 2.425117}}
{"target": 0.43574139633644937, "params": {"C": 75.22492389727063, "epsilon": 0.08935030978961432, "gamma": 0.0072426812644761545, "lamda": 0.7548776521965098}, "datetime": {"datetime": "2021-09-23 18:08:36", "elapsed": 673.316862, "delta": 2.655689}}
{"target": 0.44162801734633506, "params": {"C": 71.96027898188922, "epsilon": 0.3770446058603859, "gamma": 0.004545540127979088, "lamda": 0.5541173226761692}, "datetime": {"datetime": "2021-09-23 18:08:39", "elapsed": 676.675484, "delta": 3.358622}}
{"target": 0.41966676543184755, "params": {"C": 81.5072002828341, "epsilon": 0.0961059541218083, "gamma": 0.03926070259923446, "lamda": 0.5668451510154376}, "datetime": {"datetime": "2021-09-23 18:08:41", "elapsed": 678.789236, "delta": 2.113752}}
{"target": 0.42761165261535605, "params": {"C": 51.99207235400607, "epsilon": 0.8564700829870353, "gamma": 0.037296051006389955, "lamda": 0.27237640835261223}, "datetime": {"datetime": "2021-09-23 18:08:43", "elapsed": 681.13707, "delta": 2.347834}}
{"target": 0.3811745225230383, "params": {"C": 62.691492733965966, "epsilon": 0.2394760308422485, "gamma": 0.0765209208807255, "lamda": 0.16071339273030616}, "datetime": {"datetime": "2021-09-23 18:08:46", "elapsed": 683.300147, "delta": 2.163077}}
{"target": 0.4366126651473895, "params": {"C": 99.78587271074561, "epsilon": 0.8616936462815726, "gamma": 0.034593172770888594, "lamda": 0.7918781399634285}, "datetime": {"datetime": "2021-09-23 18:08:49", "elapsed": 686.835346, "delta": 3.535199}}
{"target": 0.4530894564149224, "params": {"C": 87.65101930666907, "epsilon": 0.8229534489425564, "gamma": 0.015859799014845476, "lamda": 0.7559558689753446}, "datetime": {"datetime": "2021-09-23 18:08:53", "elapsed": 690.200966, "delta": 3.36562}}
{"target": 0.3495184195048925, "params": {"C": 96.48984215191686, "epsilon": 0.442947310762457, "gamma": 0.08486617731890005, "lamda": 0.08744453762590576}, "datetime": {"datetime": "2021-09-23 18:08:55", "elapsed": 692.589304, "delta": 2.388338}}
{"target": 0.39129922819322716, "params": {"C": 27.7856375075903, "epsilon": 0.9690725920176809, "gamma": 0.08495299733613311, "lamda": 0.3222848694791701}, "datetime": {"datetime": "2021-09-23 18:08:58", "elapsed": 695.184341, "delta": 2.595037}}
{"target": 0.42512222825845913, "params": {"C": 57.57002850226273, "epsilon": 0.8526417339339349, "gamma": 0.04186625872233496, "lamda": 0.8317277051247459}, "datetime": {"datetime": "2021-09-23 18:09:00", "elapsed": 697.253861, "delta": 2.06952}}
{"target": 0.42526682016109074, "params": {"C": 64.99169833858733, "epsilon": 0.17155482912024286, "gamma": 0.0383688064727849, "lamda": 0.7500626421183829}, "datetime": {"datetime": "2021-09-23 18:09:02", "elapsed": 699.47086, "delta": 2.216999}}
{"target": 0.4489976852310962, "params": {"C": 99.69708332562129, "epsilon": 0.9270675594612856, "gamma": 0.0038541964811868758, "lamda": 0.7040753117515709}, "datetime": {"datetime": "2021-09-23 18:09:05", "elapsed": 702.904865, "delta": 3.434005}}
{"target": 0.40814340773933633, "params": {"C": 70.80207190608895, "epsilon": 0.8462359541548005, "gamma": 0.04914042411071844, "lamda": 0.2986671948713907}, "datetime": {"datetime": "2021-09-23 18:09:08", "elapsed": 705.192933, "delta": 2.288068}}
{"target": 0.45394725324232565, "params": {"C": 87.87152265481157, "epsilon": 0.9455072745154255, "gamma": 0.020165381602453205, "lamda": 0.853254684721721}, "datetime": {"datetime": "2021-09-23 18:09:11", "elapsed": 709.057939, "delta": 3.865006}}
{"target": 0.4542319202095083, "params": {"C": 99.695912608124, "epsilon": 0.8504365572261703, "gamma": 0.014917514196661187, "lamda": 0.664657861650184}, "datetime": {"datetime": "2021-09-23 18:09:18", "elapsed": 715.838528, "delta": 6.780589}}
{"target": 0.44579446743090134, "params": {"C": 74.6547881479063, "epsilon": 0.5102199060813879, "gamma": 0.011271946676623812, "lamda": 0.3288928904623159}, "datetime": {"datetime": "2021-09-23 18:09:23", "elapsed": 720.30679, "delta": 4.468262}}
{"target": 0.3833144679677951, "params": {"C": 27.613136491894128, "epsilon": 0.4546561927253639, "gamma": 0.09465025840702462, "lamda": 0.9061222391270632}, "datetime": {"datetime": "2021-09-23 18:09:25", "elapsed": 722.437473, "delta": 2.130683}}
{"target": 0.4441198649018182, "params": {"C": 87.62134102582534, "epsilon": 0.8101197885018404, "gamma": 0.022717554435368336, "lamda": 0.6990221065391797}, "datetime": {"datetime": "2021-09-23 18:09:29", "elapsed": 726.878972, "delta": 4.441499}}
{"target": 0.42645510543218734, "params": {"C": 72.03381053467206, "epsilon": 0.34786545069705216, "gamma": 0.035995567510514095, "lamda": 0.5550298252911219}, "datetime": {"datetime": "2021-09-23 18:09:33", "elapsed": 730.469743, "delta": 3.590771}}
{"target": 0.3766148815976097, "params": {"C": 73.7668939296237, "epsilon": 0.17378647779566053, "gamma": 0.07802010521660781, "lamda": 0.8920945108847324}, "datetime": {"datetime": "2021-09-23 18:09:35", "elapsed": 732.657557, "delta": 2.187814}}
{"target": 0.4098877156451405, "params": {"C": 86.26364474181463, "epsilon": 0.1237707133036343, "gamma": 0.04476922603139612, "lamda": 0.8958598014449131}, "datetime": {"datetime": "2021-09-23 18:09:37", "elapsed": 734.948417, "delta": 2.29086}}
{"target": 0.44638463693440567, "params": {"C": 71.6311507467752, "epsilon": 0.33298587168055144, "gamma": 0.012486785126951911, "lamda": 0.7644093623277917}, "datetime": {"datetime": "2021-09-23 18:09:40", "elapsed": 737.291267, "delta": 2.34285}}
{"target": 0.39476410186530153, "params": {"C": 78.60509923254227, "epsilon": 0.9917828450564369, "gamma": 0.057564906340600346, "lamda": 0.04951736627421538}, "datetime": {"datetime": "2021-09-23 18:09:42", "elapsed": 739.623613, "delta": 2.332346}}
{"target": 0.38418467832269343, "params": {"C": 80.36722727128344, "epsilon": 0.5501232431551742, "gamma": 0.0657537397595464, "lamda": 0.2406439328221216}, "datetime": {"datetime": "2021-09-23 18:09:45", "elapsed": 742.2049, "delta": 2.581287}}
{"target": 0.3580877833357655, "params": {"C": 84.28830664591031, "epsilon": 0.3937770139531355, "gamma": 0.09403693040108176, "lamda": 0.766617706671355}, "datetime": {"datetime": "2021-09-23 18:09:47", "elapsed": 744.634301, "delta": 2.429401}}
{"target": 0.4184855831373172, "params": {"C": 99.77841759660245, "epsilon": 0.7568147116166676, "gamma": 0.001, "lamda": 0.5036939957759041}, "datetime": {"datetime": "2021-09-23 18:09:53", "elapsed": 750.893812, "delta": 6.259511}}
{"target": 0.4237455153369538, "params": {"C": 59.844679607683446, "epsilon": 0.32607319838818044, "gamma": 0.04029266341733699, "lamda": 0.8642559883562825}, "datetime": {"datetime": "2021-09-23 18:09:56", "elapsed": 753.50934, "delta": 2.615528}}
{"target": 0.3834631724608165, "params": {"C": 57.33670035110153, "epsilon": 0.575664460009906, "gamma": 0.08164223378678669, "lamda": 0.8624011190442339}, "datetime": {"datetime": "2021-09-23 18:09:58", "elapsed": 755.944293, "delta": 2.434953}}
{"target": 0.3595583205826134, "params": {"C": 85.83283212353004, "epsilon": 0.44529441444845536, "gamma": 0.08694277930929124, "lamda": 0.3625013769951082}, "datetime": {"datetime": "2021-09-23 18:10:01", "elapsed": 758.496084, "delta": 2.551791}}
{"target": 0.4411316840488825, "params": {"C": 80.7017345165631, "epsilon": 0.5041717828090473, "gamma": 0.02159311948835013, "lamda": 0.3284839987086556}, "datetime": {"datetime": "2021-09-23 18:10:03", "elapsed": 760.673783, "delta": 2.177699}}
{"target": 0.44642884889101153, "params": {"C": 92.68175453239478, "epsilon": 0.5771372782536898, "gamma": 0.01135403640135028, "lamda": 0.3362251953672342}, "datetime": {"datetime": "2021-09-23 18:10:05", "elapsed": 763.120532, "delta": 2.446749}}
{"target": 0.4382418415451781, "params": {"C": 87.88099951293032, "epsilon": 0.8709802819360046, "gamma": 0.03394516907551158, "lamda": 0.8624413945356285}, "datetime": {"datetime": "2021-09-23 18:10:09", "elapsed": 766.830308, "delta": 3.709776}}
{"target": 0.4279107900636946, "params": {"C": 47.40107135133324, "epsilon": 0.11548695266038933, "gamma": 0.032094895938048845, "lamda": 0.38253204811480024}, "datetime": {"datetime": "2021-09-23 18:10:12", "elapsed": 769.262605, "delta": 2.432297}}
{"target": 0.4566655582219322, "params": {"C": 99.84556887542749, "epsilon": 0.9123421206622365, "gamma": 0.011169360775740673, "lamda": 0.6135720011092041}, "datetime": {"datetime": "2021-09-23 18:10:15", "elapsed": 773.100394, "delta": 3.837789}}
{"target": 0.41358491900678773, "params": {"C": 79.59766447577346, "epsilon": 0.28515957812478315, "gamma": 0.042075473377549626, "lamda": 0.9796271566059298}, "datetime": {"datetime": "2021-09-23 18:10:18", "elapsed": 775.438347, "delta": 2.337953}}
{"target": 0.41719308180975745, "params": {"C": 87.92181073937084, "epsilon": 0.9441485758879274, "gamma": 0.052367328852495905, "lamda": 0.846326274477875}, "datetime": {"datetime": "2021-09-23 18:10:22", "elapsed": 779.275616, "delta": 3.837269}}
{"target": 0.4336065679238449, "params": {"C": 74.6457882950516, "epsilon": 0.45519311545066715, "gamma": 0.028904478646679527, "lamda": 0.35745051203218053}, "datetime": {"datetime": "2021-09-23 18:10:28", "elapsed": 785.301025, "delta": 6.025409}}
{"target": 0.4571943447071679, "params": {"C": 99.5475497317129, "epsilon": 0.9924675289216704, "gamma": 0.010147566314778443, "lamda": 0.5751970584056095}, "datetime": {"datetime": "2021-09-23 18:10:32", "elapsed": 790.093784, "delta": 4.792759}}
{"target": 0.36306232082630285, "params": {"C": 71.87679839849835, "epsilon": 0.9977961525894296, "gamma": 0.09438971109151767, "lamda": 0.24498062695601477}, "datetime": {"datetime": "2021-09-23 18:10:35", "elapsed": 792.302331, "delta": 2.208547}}
{"target": 0.4301386472583548, "params": {"C": 24.672352427745984, "epsilon": 0.8719077567565439, "gamma": 0.03098144543823633, "lamda": 0.8288586197510571}, "datetime": {"datetime": "2021-09-23 18:10:37", "elapsed": 794.977076, "delta": 2.674745}}
{"target": 0.453621983510762, "params": {"C": 99.79395311574977, "epsilon": 0.9073905985783537, "gamma": 0.005271801674472115, "lamda": 0.6841791037397367}, "datetime": {"datetime": "2021-09-23 18:10:42", "elapsed": 799.47824, "delta": 4.501164}}
{"target": 0.3836804504307273, "params": {"C": 48.941543709217534, "epsilon": 0.3442765230124336, "gamma": 0.0828903526320815, "lamda": 0.4276131568159064}, "datetime": {"datetime": "2021-09-23 18:10:45", "elapsed": 802.425643, "delta": 2.947403}}
{"target": 0.42296882666299296, "params": {"C": 91.99849043059501, "epsilon": 0.7776744521429244, "gamma": 0.04091326980361183, "lamda": 0.7306821640620595}, "datetime": {"datetime": "2021-09-23 18:10:47", "elapsed": 805.068111, "delta": 2.642468}}
{"target": 0.45864310899848704, "params": {"C": 172.55847719200952, "epsilon": 0.7062255848078204, "gamma": 0.020841205873156885, "lamda": 0.9367225236500978}, "datetime": {"datetime": "2021-09-23 18:22:28", "elapsed": 0.0, "delta": 0.0}}
{"target": 0.46707822454909875, "params": {"C": 139.82084147631085, "epsilon": 0.7674389936592543, "gamma": 0.0099515716189906, "lamda": 0.9443449629293232}, "datetime": {"datetime": "2021-09-23 18:22:28", "elapsed": 0.235962, "delta": 0.235962}}
{"target": 0.4539924824325865, "params": {"C": 100.29330038750425, "epsilon": 0.726501944252203, "gamma": 0.022133995459194932, "lamda": 1.0697056750267089}, "datetime": {"datetime": "2021-09-23 18:22:28", "elapsed": 0.463501, "delta": 0.227539}}
{"target": 0.4446974083633696, "params": {"C": 80.47379195934974, "epsilon": 0.853657679015733, "gamma": 0.02531552404130284, "lamda": 0.8481419434391024}, "datetime": {"datetime": "2021-09-23 18:22:29", "elapsed": 0.7425, "delta": 0.278999}}
{"target": 0.45029434403929824, "params": {"C": 166.61063809181593, "epsilon": 0.78756282045119, "gamma": 0.027944353062823585, "lamda": 0.9144742592084989}, "datetime": {"datetime": "2021-09-23 18:22:29", "elapsed": 0.974446, "delta": 0.231946}}
{"target": 0.4459772556700393, "params": {"C": 107.60391571229827, "epsilon": 0.7570165886657998, "gamma": 0.01672222723530977, "lamda": 0.5362425637258708}, "datetime": {"datetime": "2021-09-23 18:22:29", "elapsed": 1.364331, "delta": 0.389885}}
{"target": 0.4610925613290805, "params": {"C": 111.29846930696377, "epsilon": 0.7591977015971454, "gamma": 0.007213971479086349, "lamda": 0.9313012069532964}, "datetime": {"datetime": "2021-09-23 18:22:29", "elapsed": 1.645848, "delta": 0.281517}}
{"target": 0.4567968573345498, "params": {"C": 139.82275760320516, "epsilon": 0.9159165076587714, "gamma": 0.023896295665666988, "lamda": 0.9795511358270101}, "datetime": {"datetime": "2021-09-23 18:22:30", "elapsed": 1.932905, "delta": 0.287057}}
{"target": 0.46487742292348677, "params": {"C": 139.77564026429968, "epsilon": 0.7748199221415002, "gamma": 0.009983937743695782, "lamda": 0.7874677673605053}, "datetime": {"datetime": "2021-09-23 18:22:30", "elapsed": 2.2506, "delta": 0.317695}}
{"target": 0.45807684350875544, "params": {"C": 153.20007390058583, "epsilon": 0.9766855652883952, "gamma": 0.022736791136515982, "lamda": 0.9380817178901806}, "datetime": {"datetime": "2021-09-23 18:22:30", "elapsed": 2.537601, "delta": 0.287001}}
{"target": 0.44520530950125103, "params": {"C": 139.87681326247588, "epsilon": 0.717009960085419, "gamma": 0.028215626613101008, "lamda": 0.8459524791862896}, "datetime": {"datetime": "2021-09-23 18:22:31", "elapsed": 2.827598, "delta": 0.289997}}
{"target": 0.4604567102808059, "params": {"C": 171.71567766601638, "epsilon": 0.8225859915112113, "gamma": 0.017984854878455865, "lamda": 0.7295813878975813}, "datetime": {"datetime": "2021-09-23 18:22:31", "elapsed": 3.102601, "delta": 0.275003}}
{"target": 0.4481094285933084, "params": {"C": 84.91567845271491, "epsilon": 0.7679502324279366, "gamma": 0.013141169182757494, "lamda": 0.5724156020784649}, "datetime": {"datetime": "2021-09-23 18:22:31", "elapsed": 3.4787, "delta": 0.376099}}
{"target": 0.46148525537428253, "params": {"C": 170.60262994103198, "epsilon": 0.829012730854596, "gamma": 0.01604954131269099, "lamda": 0.6709800705692847}, "datetime": {"datetime": "2021-09-23 18:22:32", "elapsed": 3.808262, "delta": 0.329562}}
{"target": 0.4675319447955718, "params": {"C": 160.35685559371632, "epsilon": 0.7756362731342391, "gamma": 0.010063933695735189, "lamda": 1.068874690153203}, "datetime": {"datetime": "2021-09-23 18:22:32", "elapsed": 4.097494, "delta": 0.289232}}
