{"target": -43.34520929813367, "params": {"C": 47.817175164898735, "epsilon": 0.9090310698191749, "gamma": 0.004853307448781464, "lamda": 0.08184090980404525}, "datetime": {"datetime": "2021-09-24 18:37:52", "elapsed": 144.192596, "delta": 1.792032}}
{"target": -44.099669055593154, "params": {"C": 32.64253158748151, "epsilon": 0.16144538241878678, "gamma": 0.04769615790213393, "lamda": 1.3938206917227394}, "datetime": {"datetime": "2021-09-24 18:37:52", "elapsed": 145.05923, "delta": 0.866634}}
{"target": -43.35273400737885, "params": {"C": 47.82719904655908, "epsilon": 0.902713256108727, "gamma": 0.00475400831891483, "lamda": 0.07365705307732383}, "datetime": {"datetime": "2021-09-24 18:37:53", "elapsed": 145.938779, "delta": 0.879549}}
{"target": -45.76449067885365, "params": {"C": 25.68878552225, "epsilon": 0.017455402776251815, "gamma": 0.0950890027338909, "lamda": 1.0377953891721896}, "datetime": {"datetime": "2021-09-24 18:37:55", "elapsed": 147.141167, "delta": 1.202388}}
{"target": -56.20733349345238, "params": {"C": 1.165394853637665, "epsilon": 0.11238545058617927, "gamma": 0.07767743842576685, "lamda": 0.6888229633073818}, "datetime": {"datetime": "2021-09-24 18:37:55", "elapsed": 148.064625, "delta": 0.923458}}
{"target": -43.76431571006876, "params": {"C": 25.72194362792087, "epsilon": 0.24184364704548272, "gamma": 0.029141590372604123, "lamda": 1.0341915252194935}, "datetime": {"datetime": "2021-09-24 18:37:56", "elapsed": 148.9602, "delta": 0.895575}}
{"target": -44.89541707401633, "params": {"C": 24.86056878850115, "epsilon": 0.7426466770526605, "gamma": 0.07037692238365581, "lamda": 0.33106341639104575}, "datetime": {"datetime": "2021-09-24 18:37:58", "elapsed": 150.643862, "delta": 1.683662}}
{"target": -50.61804452628779, "params": {"C": 4.578440438213316, "epsilon": 0.9143558775121974, "gamma": 0.09072993036063653, "lamda": 0.48693384238234405}, "datetime": {"datetime": "2021-09-24 18:37:59", "elapsed": 151.46869, "delta": 0.824828}}
{"target": -44.77475969873955, "params": {"C": 25.19863092193914, "epsilon": 0.7960722621244376, "gamma": 0.0032449296503128766, "lamda": 0.37995563353914236}, "datetime": {"datetime": "2021-09-24 18:38:00", "elapsed": 152.284685, "delta": 0.815995}}
{"target": -45.78153732285871, "params": {"C": 46.298945420191984, "epsilon": 0.6409758512589369, "gamma": 0.1, "lamda": 0.31540551182969356}, "datetime": {"datetime": "2021-09-24 18:38:01", "elapsed": 153.764988, "delta": 1.480303}}
{"target": -45.91608286571568, "params": {"C": 24.667797086207162, "epsilon": 0.6948170891823234, "gamma": 0.1, "lamda": 0.17528894873748968}, "datetime": {"datetime": "2021-09-24 18:38:03", "elapsed": 155.1206, "delta": 1.355612}}
{"target": -44.39180245374603, "params": {"C": 39.329559710808645, "epsilon": 0.8790220185050202, "gamma": 0.05631828554941305, "lamda": 0.48533735012233326}, "datetime": {"datetime": "2021-09-24 18:38:03", "elapsed": 155.971608, "delta": 0.851008}}
{"target": -44.33176852541071, "params": {"C": 31.06311474068493, "epsilon": 0.5422559420947949, "gamma": 0.055507480989385724, "lamda": 0.1779822448838845}, "datetime": {"datetime": "2021-09-24 18:38:04", "elapsed": 156.826385, "delta": 0.854777}}
{"target": -46.2655536585816, "params": {"C": 46.21009645187617, "epsilon": 0.6625604957453657, "gamma": 0.001, "lamda": 0.09977425658103097}, "datetime": {"datetime": "2021-09-24 18:38:06", "elapsed": 158.164708, "delta": 1.338323}}
{"target": -44.6702556927793, "params": {"C": 14.646849724680862, "epsilon": 0.9649053948363869, "gamma": 0.052298540560190857, "lamda": 0.25737290294064225}, "datetime": {"datetime": "2021-09-24 18:38:06", "elapsed": 159.077003, "delta": 0.912295}}
{"target": -47.688169434062864, "params": {"C": 8.057222565927223, "epsilon": 0.5959419234556401, "gamma": 0.07824868883400624, "lamda": 1.265065532054547}, "datetime": {"datetime": "2021-09-24 18:38:07", "elapsed": 159.855891, "delta": 0.778888}}
{"target": -45.24393318224519, "params": {"C": 42.67948530047885, "epsilon": 0.3526339659581076, "gamma": 0.08324839491437123, "lamda": 1.384413123956767}, "datetime": {"datetime": "2021-09-24 18:38:09", "elapsed": 161.616345, "delta": 1.760454}}
{"target": -44.59268932389766, "params": {"C": 18.839267473883353, "epsilon": 0.7397181647822335, "gamma": 0.05350680143604198, "lamda": 1.2389042862358521}, "datetime": {"datetime": "2021-09-24 18:38:10", "elapsed": 162.973801, "delta": 1.357456}}
{"target": -45.24171441486963, "params": {"C": 42.951984936975926, "epsilon": 0.32772177382472384, "gamma": 0.08237758179041259, "lamda": 1.3714732394316613}, "datetime": {"datetime": "2021-09-24 18:38:12", "elapsed": 164.19684, "delta": 1.223039}}
{"target": -43.85664788611519, "params": {"C": 38.31166067803034, "epsilon": 0.10925611722341502, "gamma": 0.0386487062246942, "lamda": 1.071344939098573}, "datetime": {"datetime": "2021-09-24 18:38:13", "elapsed": 165.672844, "delta": 1.476004}}
{"target": -46.64496881941533, "params": {"C": 13.66719510940396, "epsilon": 0.08112225886796513, "gamma": 0.09865268368540828, "lamda": 0.13819272443407143}, "datetime": {"datetime": "2021-09-24 18:38:14", "elapsed": 166.522695, "delta": 0.849851}}
{"target": -46.109770870412014, "params": {"C": 47.94516929013756, "epsilon": 1.0, "gamma": 0.001, "lamda": 0.02416321542638247}, "datetime": {"datetime": "2021-09-24 18:38:16", "elapsed": 168.231226, "delta": 1.708531}}
{"target": -46.95031286834521, "params": {"C": 5.639637665800701, "epsilon": 0.3716646049639338, "gamma": 0.043887032047482545, "lamda": 1.40317028599764}, "datetime": {"datetime": "2021-09-24 18:38:16", "elapsed": 169.048541, "delta": 0.817315}}
{"target": -46.184888075968814, "params": {"C": 48.088965116266046, "epsilon": 0.7307842260233262, "gamma": 0.001, "lamda": 0.3893614523495968}, "datetime": {"datetime": "2021-09-24 18:38:18", "elapsed": 170.816222, "delta": 1.767681}}
{"target": -44.02361520035574, "params": {"C": 31.762506006223376, "epsilon": 0.482063792681353, "gamma": 0.046377380790811586, "lamda": 0.8708775195118594}, "datetime": {"datetime": "2021-09-24 18:38:20", "elapsed": 172.188839, "delta": 1.372617}}
{"target": -44.14409298110985, "params": {"C": 31.618928957777996, "epsilon": 0.4081042350367112, "gamma": 0.04870309307237866, "lamda": 0.8458164681457238}, "datetime": {"datetime": "2021-09-24 18:38:21", "elapsed": 173.954969, "delta": 1.76613}}
{"target": -43.87777628526687, "params": {"C": 38.3911486559398, "epsilon": 0.0032413139365122814, "gamma": 0.03740986937487935, "lamda": 1.0740306506932222}, "datetime": {"datetime": "2021-09-24 18:38:23", "elapsed": 175.301392, "delta": 1.346423}}
{"target": -44.463831216657944, "params": {"C": 26.78549480802423, "epsilon": 0.21936692711264943, "gamma": 0.05627510187646148, "lamda": 1.3974406899709981}, "datetime": {"datetime": "2021-09-24 18:38:24", "elapsed": 176.983007, "delta": 1.681615}}
{"target": -43.570013713404784, "params": {"C": 24.838398406814974, "epsilon": 0.6143965881589297, "gamma": 0.009581530733850943, "lamda": 0.11880417473152385}, "datetime": {"datetime": "2021-09-24 18:38:26", "elapsed": 178.722373, "delta": 1.739366}}
{"target": -43.331814193008796, "params": {"C": 47.80097188936273, "epsilon": 0.801744620535408, "gamma": 0.004062347365270011, "lamda": 0.16236825373213473}, "datetime": {"datetime": "2021-09-24 18:38:28", "elapsed": 180.657506, "delta": 1.935133}}
{"target": -44.90418899106211, "params": {"C": 34.27622997437301, "epsilon": 0.21438797193463233, "gamma": 0.06819008898273571, "lamda": 1.321512496300252}, "datetime": {"datetime": "2021-09-24 18:38:29", "elapsed": 181.523661, "delta": 0.866155}}
{"target": -43.4419501799216, "params": {"C": 32.85487806942214, "epsilon": 0.43693761616165155, "gamma": 0.02207153684402335, "lamda": 0.8043642928613097}, "datetime": {"datetime": "2021-09-24 18:38:30", "elapsed": 182.45364, "delta": 0.929979}}
{"target": -44.990586808043936, "params": {"C": 30.821467598761156, "epsilon": 0.3481613812532045, "gamma": 0.06978162812782314, "lamda": 1.4516058124824}, "datetime": {"datetime": "2021-09-24 18:38:31", "elapsed": 183.297098, "delta": 0.843458}}
{"target": -43.3020039605579, "params": {"C": 42.51656295299201, "epsilon": 0.8543961547367269, "gamma": 0.02604550820961193, "lamda": 1.177077492056336}, "datetime": {"datetime": "2021-09-24 18:38:32", "elapsed": 184.174241, "delta": 0.877143}}
{"target": -45.399738545791266, "params": {"C": 42.57579874361464, "epsilon": 0.750112063913655, "gamma": 0.09305027256805046, "lamda": 1.2240276516897184}, "datetime": {"datetime": "2021-09-24 18:38:33", "elapsed": 185.512378, "delta": 1.338137}}
{"target": -43.87951905768542, "params": {"C": 42.426714803250846, "epsilon": 0.8818423989548213, "gamma": 0.0033083493532483836, "lamda": 1.1134978940515727}, "datetime": {"datetime": "2021-09-24 18:38:35", "elapsed": 187.110773, "delta": 1.598395}}
{"target": -48.695265588588185, "params": {"C": 7.905499934259512, "epsilon": 0.5765110373475307, "gamma": 0.09182822455012267, "lamda": 0.17855463809228067}, "datetime": {"datetime": "2021-09-24 18:38:35", "elapsed": 188.002619, "delta": 0.891846}}
{"target": -43.25354717414975, "params": {"C": 45.03329259981278, "epsilon": 0.6071729726541681, "gamma": 0.018510090748017637, "lamda": 0.3485377609640242}, "datetime": {"datetime": "2021-09-24 18:38:36", "elapsed": 188.912194, "delta": 0.909575}}
{"target": -47.70229991800825, "params": {"C": 6.0575000513979695, "epsilon": 0.11831318798322042, "gamma": 0.06427009545317008, "lamda": 0.5551649954857579}, "datetime": {"datetime": "2021-09-24 18:38:37", "elapsed": 189.878895, "delta": 0.966701}}
{"target": -44.06522446568012, "params": {"C": 44.91590113534669, "epsilon": 0.649709328355344, "gamma": 0.05024795673087731, "lamda": 0.405293884385262}, "datetime": {"datetime": "2021-09-24 18:38:39", "elapsed": 191.81625, "delta": 1.937355}}
{"target": -45.413145710340814, "params": {"C": 45.08904201853448, "epsilon": 0.6582348208559758, "gamma": 0.08646593143895917, "lamda": 0.2703959316076759}, "datetime": {"datetime": "2021-09-24 18:38:41", "elapsed": 193.889893, "delta": 2.073643}}
{"target": -45.19550568048343, "params": {"C": 42.490329602167265, "epsilon": 0.9493608623923306, "gamma": 0.08509193583275317, "lamda": 1.1715401345857257}, "datetime": {"datetime": "2021-09-24 18:38:43", "elapsed": 195.122751, "delta": 1.232858}}
{"target": -46.41855116623593, "params": {"C": 45.00473651840762, "epsilon": 0.5143028249626863, "gamma": 0.001, "lamda": 0.43642640794972304}, "datetime": {"datetime": "2021-09-24 18:38:44", "elapsed": 196.545527, "delta": 1.422776}}
{"target": -43.091009796035486, "params": {"C": 32.76950759322311, "epsilon": 0.4103947354514627, "gamma": 0.010445049381457266, "lamda": 0.8883905430829547}, "datetime": {"datetime": "2021-09-24 18:38:46", "elapsed": 198.511124, "delta": 1.965597}}
{"target": -44.81406474765118, "params": {"C": 12.194503773561236, "epsilon": 0.762922852961781, "gamma": 0.0428928242228417, "lamda": 1.461375691847827}, "datetime": {"datetime": "2021-09-24 18:38:47", "elapsed": 199.342198, "delta": 0.831074}}
{"target": -46.645836744144866, "params": {"C": 32.783703996083226, "epsilon": 0.5197476984785223, "gamma": 0.001349854735517536, "lamda": 0.9334425162716748}, "datetime": {"datetime": "2021-09-24 18:38:49", "elapsed": 201.089413, "delta": 1.747215}}
{"target": -45.290308762601, "params": {"C": 32.84273702107109, "epsilon": 0.2815913511295283, "gamma": 0.0796649197861213, "lamda": 0.8405797412369467}, "datetime": {"datetime": "2021-09-24 18:38:50", "elapsed": 202.873434, "delta": 1.784021}}
{"target": -46.44339613168538, "params": {"C": 45.03249140501619, "epsilon": 0.7223366063325233, "gamma": 0.001, "lamda": 0.3991074543153759}, "datetime": {"datetime": "2021-09-24 18:38:52", "elapsed": 204.806191, "delta": 1.932757}}
{"target": -43.693313341061874, "params": {"C": 18.700993930412693, "epsilon": 0.6593323581142253, "gamma": 0.025313040426213844, "lamda": 1.354139118740775}, "datetime": {"datetime": "2021-09-24 18:38:54", "elapsed": 206.450952, "delta": 1.644761}}
{"target": -46.06666132091847, "params": {"C": 23.163542421983177, "epsilon": 0.8811063944752773, "gamma": 0.0954805749952072, "lamda": 0.9981189119138373}, "datetime": {"datetime": "2021-09-24 18:38:55", "elapsed": 207.374066, "delta": 0.923114}}
{"target": -43.180378250726356, "params": {"C": 44.9418412326537, "epsilon": 0.5907106247568937, "gamma": 0.009847864269333526, "lamda": 0.2707075822038083}, "datetime": {"datetime": "2021-09-24 18:38:57", "elapsed": 209.149754, "delta": 1.775688}}
{"target": -43.70967583615278, "params": {"C": 46.25634890227114, "epsilon": 0.33401673848156543, "gamma": 0.038856837762557654, "lamda": 0.7882368431208683}, "datetime": {"datetime": "2021-09-24 18:38:58", "elapsed": 210.087492, "delta": 0.937738}}
{"target": -43.680387284837074, "params": {"C": 31.207788784200915, "epsilon": 0.9029758496113561, "gamma": 0.028092168513341793, "lamda": 0.007920587129276175}, "datetime": {"datetime": "2021-09-24 18:38:58", "elapsed": 210.970734, "delta": 0.883242}}
{"target": -43.766403310280644, "params": {"C": 31.467395400430796, "epsilon": 0.7713128169347315, "gamma": 0.038968636165679214, "lamda": 0.7667255489905964}, "datetime": {"datetime": "2021-09-24 18:38:59", "elapsed": 211.880112, "delta": 0.909378}}
{"target": -44.32970675161894, "params": {"C": 24.864949049228905, "epsilon": 0.5552488027646457, "gamma": 0.003951045422085147, "lamda": 0.22566415272420265}, "datetime": {"datetime": "2021-09-24 18:39:01", "elapsed": 213.809974, "delta": 1.929862}}
{"target": -44.0956350052971, "params": {"C": 16.845195246076422, "epsilon": 0.13080834631528587, "gamma": 0.03109516999503564, "lamda": 0.38605568346755104}, "datetime": {"datetime": "2021-09-24 18:39:02", "elapsed": 214.753695, "delta": 0.943721}}
{"target": -43.73136749750269, "params": {"C": 31.67716654947598, "epsilon": 0.29606768268108835, "gamma": 0.03493687809137571, "lamda": 0.9356562656431574}, "datetime": {"datetime": "2021-09-24 18:39:04", "elapsed": 216.380108, "delta": 1.626413}}
{"target": -45.47162086960463, "params": {"C": 31.82725955772222, "epsilon": 0.3483363464765823, "gamma": 0.08597562818688004, "lamda": 0.9283051056201561}, "datetime": {"datetime": "2021-09-24 18:39:06", "elapsed": 218.385222, "delta": 2.005114}}
{"target": -43.12216184607051, "params": {"C": 48.33904947956016, "epsilon": 0.8582054130436574, "gamma": 0.018945220335544157, "lamda": 0.3514408487571149}, "datetime": {"datetime": "2021-09-24 18:39:07", "elapsed": 219.376239, "delta": 0.991017}}
{"target": -47.826398731281024, "params": {"C": 32.726896851227735, "epsilon": 0.39114805071345504, "gamma": 0.001, "lamda": 0.779715404252461}, "datetime": {"datetime": "2021-09-24 18:39:09", "elapsed": 221.666399, "delta": 2.29016}}
{"target": -46.112480986102284, "params": {"C": 48.53890810819146, "epsilon": 0.8695567519622576, "gamma": 0.001, "lamda": 0.21963728018583945}, "datetime": {"datetime": "2021-09-24 18:39:11", "elapsed": 223.377253, "delta": 1.710854}}
{"target": -46.45913121594952, "params": {"C": 18.807036484304398, "epsilon": 0.6151576315763946, "gamma": 0.1, "lamda": 1.3797770489122814}, "datetime": {"datetime": "2021-09-24 18:39:13", "elapsed": 225.331995, "delta": 1.954742}}
{"target": -44.41531630455979, "params": {"C": 20.189918165466068, "epsilon": 0.8650380763559703, "gamma": 0.05035276952353805, "lamda": 0.8210791930587713}, "datetime": {"datetime": "2021-09-24 18:39:14", "elapsed": 226.27299, "delta": 0.940995}}
{"target": -45.60647460457715, "params": {"C": 41.71843668338031, "epsilon": 0.43368844799135303, "gamma": 0.09876891393162326, "lamda": 1.279178727902998}, "datetime": {"datetime": "2021-09-24 18:39:15", "elapsed": 227.207012, "delta": 0.934022}}
{"target": -43.17931308271046, "params": {"C": 44.806207310802854, "epsilon": 0.6478241976515334, "gamma": 0.013329499463942913, "lamda": 0.32940725967104595}, "datetime": {"datetime": "2021-09-24 18:39:16", "elapsed": 228.913039, "delta": 1.706027}}
{"target": -44.75244384849881, "params": {"C": 35.17607806532915, "epsilon": 0.8125311661421398, "gamma": 0.06828523180366819, "lamda": 1.0907859875391333}, "datetime": {"datetime": "2021-09-24 18:39:17", "elapsed": 229.868686, "delta": 0.955647}}
{"target": -45.764617912283285, "params": {"C": 44.862399842248166, "epsilon": 0.6032056976383466, "gamma": 0.1, "lamda": 0.2916555102804613}, "datetime": {"datetime": "2021-09-24 18:39:19", "elapsed": 231.728717, "delta": 1.860031}}
{"target": -43.19044977427333, "params": {"C": 32.86283465244412, "epsilon": 0.4152904494453011, "gamma": 0.01350922165345141, "lamda": 0.9318431652843651}, "datetime": {"datetime": "2021-09-24 18:39:21", "elapsed": 233.510783, "delta": 1.782066}}
{"target": -43.64257321396839, "params": {"C": 47.94064943872144, "epsilon": 0.7224528005135816, "gamma": 0.0028830081896741655, "lamda": 0.16622609384900813}, "datetime": {"datetime": "2021-09-24 18:39:22", "elapsed": 235.028644, "delta": 1.517861}}
{"target": -51.20611002037757, "params": {"C": 3.7309000456296353, "epsilon": 0.5106359171285951, "gamma": 0.08485946326559911, "lamda": 0.38969179486109135}, "datetime": {"datetime": "2021-09-24 18:39:24", "elapsed": 236.078408, "delta": 1.049764}}
{"target": -45.52071270523276, "params": {"C": 32.955443133703184, "epsilon": 0.4013989127714425, "gamma": 0.08872339699994228, "lamda": 0.9110392408376206}, "datetime": {"datetime": "2021-09-24 18:39:25", "elapsed": 237.595971, "delta": 1.517563}}
{"target": -47.230129716979015, "params": {"C": 42.547578048374675, "epsilon": 0.823941093277573, "gamma": 0.001, "lamda": 1.0635757060417395}, "datetime": {"datetime": "2021-09-24 18:39:27", "elapsed": 239.551805, "delta": 1.955834}}
{"target": -43.468965916684304, "params": {"C": 42.35180045104972, "epsilon": 0.8146735307976481, "gamma": 0.03233650725956798, "lamda": 1.1646235357972858}, "datetime": {"datetime": "2021-09-24 18:39:29", "elapsed": 241.255981, "delta": 1.704176}}
{"target": -45.677990692160726, "params": {"C": 29.344858416900777, "epsilon": 0.211466043982564, "gamma": 0.09373429852868305, "lamda": 0.7248914939472821}, "datetime": {"datetime": "2021-09-24 18:39:30", "elapsed": 242.282058, "delta": 1.026077}}
{"target": -44.37917829354536, "params": {"C": 23.819806570883674, "epsilon": 0.5827412239273695, "gamma": 0.050026377731609235, "lamda": 0.44509074870772675}, "datetime": {"datetime": "2021-09-24 18:39:31", "elapsed": 243.35317, "delta": 1.071112}}
{"target": -43.84712601745172, "params": {"C": 25.728713450712757, "epsilon": 0.18626428740447212, "gamma": 0.005444962735182178, "lamda": 0.8458148385114935}, "datetime": {"datetime": "2021-09-24 18:39:32", "elapsed": 244.428394, "delta": 1.075224}}
{"target": -45.46108206643088, "params": {"C": 32.780105716840055, "epsilon": 0.332042063507374, "gamma": 0.08611471035080633, "lamda": 1.027498937526254}, "datetime": {"datetime": "2021-09-24 18:39:34", "elapsed": 246.576336, "delta": 2.147942}}
{"target": -43.527080657031725, "params": {"C": 46.09178207583254, "epsilon": 0.5607648511027321, "gamma": 0.03355877851069218, "lamda": 0.4470053602456684}, "datetime": {"datetime": "2021-09-24 18:39:35", "elapsed": 247.61071, "delta": 1.034374}}
{"target": -44.811517248580095, "params": {"C": 42.40833550836971, "epsilon": 0.8399879180179985, "gamma": 0.07444684463472609, "lamda": 1.2188572094590784}, "datetime": {"datetime": "2021-09-24 18:39:37", "elapsed": 249.531835, "delta": 1.921125}}
{"target": -46.33874462373825, "params": {"C": 46.077344001263086, "epsilon": 0.6689338382110318, "gamma": 0.001, "lamda": 0.3781214434518683}, "datetime": {"datetime": "2021-09-24 18:39:39", "elapsed": 251.549798, "delta": 2.017963}}
{"target": -43.34464143043247, "params": {"C": 45.05445892529018, "epsilon": 0.5301235816325827, "gamma": 0.005460997812682646, "lamda": 0.17445429332801907}, "datetime": {"datetime": "2021-09-24 18:39:41", "elapsed": 253.773757, "delta": 2.223959}}
{"target": -44.89650146203409, "params": {"C": 46.09323166323102, "epsilon": 0.4992703179145627, "gamma": 0.0690125843053082, "lamda": 0.5311319026912228}, "datetime": {"datetime": "2021-09-24 18:39:43", "elapsed": 255.591285, "delta": 1.817528}}
{"target": -43.766026106211974, "params": {"C": 40.64866015747424, "epsilon": 0.23582817402709716, "gamma": 0.0392772378262169, "lamda": 1.4790496505699497}, "datetime": {"datetime": "2021-09-24 18:39:44", "elapsed": 256.706484, "delta": 1.115199}}
{"target": -44.191476104058715, "params": {"C": 31.65330271804315, "epsilon": 0.2595020068198802, "gamma": 0.050585549570145674, "lamda": 0.8101675427208906}, "datetime": {"datetime": "2021-09-24 18:39:46", "elapsed": 258.596103, "delta": 1.889619}}
{"target": -50.5502660403253, "params": {"C": 18.713787842876876, "epsilon": 0.7790803276126057, "gamma": 0.001, "lamda": 1.3262347937347734}, "datetime": {"datetime": "2021-09-24 18:39:48", "elapsed": 260.570056, "delta": 1.973953}}
{"target": -43.086778630452805, "params": {"C": 47.94177242424819, "epsilon": 0.9021923357971573, "gamma": 0.01198810852218727, "lamda": 0.269936973054552}, "datetime": {"datetime": "2021-09-24 18:39:50", "elapsed": 262.334884, "delta": 1.764828}}
{"target": -50.4915607972323, "params": {"C": 18.647760353531623, "epsilon": 0.570719369321187, "gamma": 0.001, "lamda": 1.3758683262638023}, "datetime": {"datetime": "2021-09-24 18:39:52", "elapsed": 264.694632, "delta": 2.359748}}
{"target": -44.411794969116535, "params": {"C": 25.72117025401812, "epsilon": 0.1718188732436752, "gamma": 0.0515090960622885, "lamda": 0.9238169337107771}, "datetime": {"datetime": "2021-09-24 18:39:54", "elapsed": 266.845142, "delta": 2.15051}}
{"target": -46.41818980306868, "params": {"C": 45.03133767297226, "epsilon": 0.5433345258929388, "gamma": 0.001, "lamda": 0.2728491334932723}, "datetime": {"datetime": "2021-09-24 18:39:56", "elapsed": 268.777635, "delta": 1.932493}}
