{"target": 0.46802550593422787, "params": {"C": 686.038192325803, "epsilon": 0.9149001655293564, "gamma": 0.006823905733092644, "lamda": 0.6075816920357759}, "datetime": {"datetime": "2021-09-23 22:08:32", "elapsed": 347.690848, "delta": 1.389597}}
{"target": 0.4685673805001772, "params": {"C": 749.5880863151092, "epsilon": 0.9638475999296539, "gamma": 0.008224768989124418, "lamda": 0.6418346921781186}, "datetime": {"datetime": "2021-09-23 22:08:34", "elapsed": 349.061504, "delta": 1.370656}}
{"target": 0.46877664680061704, "params": {"C": 606.3367673596571, "epsilon": 0.7710898347957008, "gamma": 0.006743132895181189, "lamda": 0.5885046404602174}, "datetime": {"datetime": "2021-09-23 22:08:36", "elapsed": 351.868159, "delta": 2.806655}}
{"target": 0.46936079609278747, "params": {"C": 688.158677065944, "epsilon": 0.7834616148496792, "gamma": 0.00961878180601943, "lamda": 0.5850531257602976}, "datetime": {"datetime": "2021-09-23 22:08:39", "elapsed": 354.536113, "delta": 2.667954}}
{"target": 0.46925943144376514, "params": {"C": 625.5811021351735, "epsilon": 0.7693478389210515, "gamma": 0.008429172363144093, "lamda": 0.6858378741647003}, "datetime": {"datetime": "2021-09-23 22:08:42", "elapsed": 357.568201, "delta": 3.032088}}
{"target": 0.46931838010296145, "params": {"C": 606.5089082900502, "epsilon": 0.7771592088082664, "gamma": 0.009611163332670775, "lamda": 0.5156662364519161}, "datetime": {"datetime": "2021-09-23 22:08:44", "elapsed": 359.56339, "delta": 1.995189}}
{"target": 0.46877215487681023, "params": {"C": 699.212428188217, "epsilon": 0.9330206859699689, "gamma": 0.008995942070012667, "lamda": 0.66967804563664}, "datetime": {"datetime": "2021-09-23 22:08:46", "elapsed": 360.960395, "delta": 1.397005}}
{"target": 0.4671970629916343, "params": {"C": 739.6790300594062, "epsilon": 0.744771654932294, "gamma": 0.006077159468131792, "lamda": 0.7245983474444349}, "datetime": {"datetime": "2021-09-23 22:08:47", "elapsed": 362.504986, "delta": 1.544591}}
{"target": 0.467567236006581, "params": {"C": 600.5293803392349, "epsilon": 0.8919222108352882, "gamma": 0.007085823300847079, "lamda": 0.7124050732125221}, "datetime": {"datetime": "2021-09-23 22:08:49", "elapsed": 364.075598, "delta": 1.570612}}
{"target": 0.46658769291857294, "params": {"C": 698.3311046117938, "epsilon": 0.9992503823096366, "gamma": 0.006126889970019115, "lamda": 0.6043116895692212}, "datetime": {"datetime": "2021-09-23 22:08:51", "elapsed": 366.0264, "delta": 1.950802}}
{"target": 0.46927415878272816, "params": {"C": 661.4537590883182, "epsilon": 0.7050826771045524, "gamma": 0.00715962778949609, "lamda": 0.6042901727156099}, "datetime": {"datetime": "2021-09-23 22:08:52", "elapsed": 367.911836, "delta": 1.885436}}
{"target": 0.46900711220390123, "params": {"C": 667.4651752299898, "epsilon": 0.9517729554471247, "gamma": 0.008982622763401244, "lamda": 0.6141280548359742}, "datetime": {"datetime": "2021-09-23 22:08:54", "elapsed": 369.392785, "delta": 1.480949}}
{"target": 0.4694928635051179, "params": {"C": 657.0143875550323, "epsilon": 0.7230259307812432, "gamma": 0.009136074203956832, "lamda": 0.6379369616953561}, "datetime": {"datetime": "2021-09-23 22:08:57", "elapsed": 372.19598, "delta": 2.803195}}
{"target": 0.46889676351981346, "params": {"C": 623.7871159073887, "epsilon": 0.894963590240678, "gamma": 0.00795048331932924, "lamda": 0.621431373579466}, "datetime": {"datetime": "2021-09-23 22:08:58", "elapsed": 373.696471, "delta": 1.500491}}
{"target": 0.46933593277666463, "params": {"C": 611.6187534827268, "epsilon": 0.7777631915442476, "gamma": 0.0070775255716419815, "lamda": 0.5083158053669782}, "datetime": {"datetime": "2021-09-23 22:09:00", "elapsed": 375.358464, "delta": 1.661993}}
{"target": 0.46917616374177373, "params": {"C": 626.1725700232222, "epsilon": 0.9736562551465844, "gamma": 0.008218082327806762, "lamda": 0.5408958401662592}, "datetime": {"datetime": "2021-09-23 22:09:02", "elapsed": 377.437959, "delta": 2.079495}}
{"target": 0.4691548588495422, "params": {"C": 635.7096262318388, "epsilon": 0.8712945001239873, "gamma": 0.008674389841578712, "lamda": 0.6342008355639768}, "datetime": {"datetime": "2021-09-23 22:09:04", "elapsed": 378.955541, "delta": 1.517582}}
{"target": 0.46866639166310864, "params": {"C": 601.5140030014388, "epsilon": 0.9544877728342183, "gamma": 0.007705305767861125, "lamda": 0.5951794711816829}, "datetime": {"datetime": "2021-09-23 22:09:05", "elapsed": 380.828262, "delta": 1.872721}}
{"target": 0.4691579808727516, "params": {"C": 688.1006431520684, "epsilon": 0.8792424164242232, "gamma": 0.008098467144195425, "lamda": 0.5974826304168134}, "datetime": {"datetime": "2021-09-23 22:09:09", "elapsed": 384.07529, "delta": 3.247028}}
{"target": 0.46830814434491974, "params": {"C": 746.8615779552558, "epsilon": 0.8372146569222246, "gamma": 0.007503596974809639, "lamda": 0.7140735866231522}, "datetime": {"datetime": "2021-09-23 22:09:10", "elapsed": 385.515933, "delta": 1.440643}}
{"target": 0.46844133741978455, "params": {"C": 639.5624185453945, "epsilon": 0.8730506521375012, "gamma": 0.006890949795900979, "lamda": 0.5907980328363043}, "datetime": {"datetime": "2021-09-23 22:09:12", "elapsed": 387.091519, "delta": 1.575586}}
{"target": 0.468753569160855, "params": {"C": 688.1094214284605, "epsilon": 0.7962038799035904, "gamma": 0.006418847211953857, "lamda": 0.5107976860530797}, "datetime": {"datetime": "2021-09-23 22:09:15", "elapsed": 390.064297, "delta": 2.972778}}
{"target": 0.4676146714162833, "params": {"C": 686.9165274772262, "epsilon": 0.9051114026472176, "gamma": 0.006844308411749693, "lamda": 0.6660361548569513}, "datetime": {"datetime": "2021-09-23 22:09:16", "elapsed": 391.594654, "delta": 1.530357}}
{"target": 0.4680776046778269, "params": {"C": 699.2281842847374, "epsilon": 0.8467361262817575, "gamma": 0.006428771037088063, "lamda": 0.5889885832426226}, "datetime": {"datetime": "2021-09-23 22:09:18", "elapsed": 393.212827, "delta": 1.618173}}
{"target": 0.46890082980232684, "params": {"C": 659.9597020651213, "epsilon": 0.9811195407496289, "gamma": 0.008453362606185264, "lamda": 0.5943203833176629}, "datetime": {"datetime": "2021-09-23 22:09:19", "elapsed": 394.533122, "delta": 1.320295}}
{"target": 0.4692617598704373, "params": {"C": 639.8610219533177, "epsilon": 0.7343208573305687, "gamma": 0.00703160521218734, "lamda": 0.5590022420142113}, "datetime": {"datetime": "2021-09-23 22:09:22", "elapsed": 397.816505, "delta": 3.283383}}
{"target": 0.4671175823532283, "params": {"C": 609.8788419885345, "epsilon": 0.9785562976850153, "gamma": 0.007308691893084311, "lamda": 0.7203855562650551}, "datetime": {"datetime": "2021-09-23 22:09:25", "elapsed": 400.429452, "delta": 2.612947}}
{"target": 0.467925403347748, "params": {"C": 661.3476335105953, "epsilon": 0.815135787501803, "gamma": 0.006502193527704017, "lamda": 0.6464458332060579}, "datetime": {"datetime": "2021-09-23 22:09:28", "elapsed": 403.054263, "delta": 2.624811}}
{"target": 0.46576981576644516, "params": {"C": 597.4512433361207, "epsilon": 0.9271571076434731, "gamma": 0.006480079047582606, "lamda": 0.7847111451095101}, "datetime": {"datetime": "2021-09-23 22:09:30", "elapsed": 405.073911, "delta": 2.019648}}
{"target": 0.469449832325202, "params": {"C": 684.0538870723533, "epsilon": 0.9026655207241022, "gamma": 0.00908560749714224, "lamda": 0.5285774576509689}, "datetime": {"datetime": "2021-09-23 22:09:33", "elapsed": 408.113404, "delta": 3.039493}}
{"target": 0.46903698494791124, "params": {"C": 638.2434034420057, "epsilon": 0.9920679273736969, "gamma": 0.00966578809028699, "lamda": 0.5780420779616313}, "datetime": {"datetime": "2021-09-23 22:09:34", "elapsed": 409.920282, "delta": 1.806878}}
{"target": 0.4694730391497651, "params": {"C": 625.6153092124268, "epsilon": 0.7017500494971973, "gamma": 0.008914516512093651, "lamda": 0.685807838245042}, "datetime": {"datetime": "2021-09-23 22:09:37", "elapsed": 412.890751, "delta": 2.970469}}
{"target": 0.4691704094774556, "params": {"C": 735.9647104528649, "epsilon": 0.7742422943347577, "gamma": 0.007738040493103076, "lamda": 0.6473282589227599}, "datetime": {"datetime": "2021-09-23 22:09:40", "elapsed": 415.335502, "delta": 2.444751}}
{"target": 0.4658626414691398, "params": {"C": 721.0195868866524, "epsilon": 0.9902007239033365, "gamma": 0.006482147967276128, "lamda": 0.7269672943373411}, "datetime": {"datetime": "2021-09-23 22:09:43", "elapsed": 418.382073, "delta": 3.046571}}
{"target": 0.4678238146925737, "params": {"C": 738.6736402997933, "epsilon": 0.7569253832997493, "gamma": 0.006963621549256509, "lamda": 0.7895469700578563}, "datetime": {"datetime": "2021-09-23 22:09:45", "elapsed": 420.464122, "delta": 2.082049}}
{"target": 0.4691693384375114, "params": {"C": 685.4279839541542, "epsilon": 0.8610878556567665, "gamma": 0.01, "lamda": 0.5829372581451977}, "datetime": {"datetime": "2021-09-23 22:09:48", "elapsed": 423.274006, "delta": 2.809884}}
{"target": 0.4687979178742867, "params": {"C": 709.5202458559698, "epsilon": 0.7677786067849847, "gamma": 0.0063368438554867864, "lamda": 0.5010081085485234}, "datetime": {"datetime": "2021-09-23 22:09:51", "elapsed": 426.945305, "delta": 3.671299}}
{"target": 0.468232106472371, "params": {"C": 629.2617498998131, "epsilon": 0.9105657938583923, "gamma": 0.007164096817948722, "lamda": 0.6274891035075301}, "datetime": {"datetime": "2021-09-23 22:09:54", "elapsed": 429.333216, "delta": 2.387911}}
{"target": 0.46803719723768133, "params": {"C": 607.7883605682563, "epsilon": 0.9436979311985144, "gamma": 0.00900650958258108, "lamda": 0.7720151256056358}, "datetime": {"datetime": "2021-09-23 22:09:56", "elapsed": 431.293012, "delta": 1.959796}}
{"target": 0.4690296340475215, "params": {"C": 646.9449993655065, "epsilon": 0.7524797127705728, "gamma": 0.009823338509735989, "lamda": 0.7720250572043711}, "datetime": {"datetime": "2021-09-23 22:09:59", "elapsed": 434.15451, "delta": 2.861498}}
{"target": 0.46846518224117173, "params": {"C": 722.2485694430017, "epsilon": 0.9376734483297096, "gamma": 0.0070897961324765, "lamda": 0.570220917586996}, "datetime": {"datetime": "2021-09-23 22:10:01", "elapsed": 436.514582, "delta": 2.360072}}
{"target": 0.4693991052602746, "params": {"C": 739.4696896162536, "epsilon": 0.9663185344490048, "gamma": 0.008735455812383889, "lamda": 0.5143813809365783}, "datetime": {"datetime": "2021-09-23 22:10:05", "elapsed": 440.23477, "delta": 3.720188}}
{"target": 0.4674325406875167, "params": {"C": 634.4092638014745, "epsilon": 0.8659935869278117, "gamma": 0.006625808625693398, "lamda": 0.6854508850172509}, "datetime": {"datetime": "2021-09-23 22:10:07", "elapsed": 442.334798, "delta": 2.100028}}
{"target": 0.46959868593016063, "params": {"C": 688.2634413727505, "epsilon": 0.8201330412176285, "gamma": 0.0085203717418024, "lamda": 0.5285752958268758}, "datetime": {"datetime": "2021-09-23 22:10:10", "elapsed": 445.572588, "delta": 3.23779}}
{"target": 0.46855090825903933, "params": {"C": 688.2413655291103, "epsilon": 0.8896837521469552, "gamma": 0.006476433447660761, "lamda": 0.5}, "datetime": {"datetime": "2021-09-23 22:10:14", "elapsed": 448.957028, "delta": 3.38444}}
{"target": 0.46919739995424714, "params": {"C": 653.9849853545448, "epsilon": 0.9364991252521505, "gamma": 0.007557278470239173, "lamda": 0.5084095096877513}, "datetime": {"datetime": "2021-09-23 22:10:16", "elapsed": 451.47463, "delta": 2.517602}}
{"target": 0.46864237572733947, "params": {"C": 610.2105751492029, "epsilon": 0.9735738910684368, "gamma": 0.009575290328445216, "lamda": 0.6710272443820304}, "datetime": {"datetime": "2021-09-23 22:10:18", "elapsed": 453.384876, "delta": 1.910246}}
{"target": 0.4692643199456469, "params": {"C": 688.3208264839951, "epsilon": 0.7350887692123342, "gamma": 0.006972136859486191, "lamda": 0.5456108985615784}, "datetime": {"datetime": "2021-09-23 22:10:22", "elapsed": 456.956173, "delta": 3.571297}}
{"target": 0.468284115451734, "params": {"C": 719.5767269513174, "epsilon": 0.8322380371443988, "gamma": 0.008234121383821643, "lamda": 0.7914657364250994}, "datetime": {"datetime": "2021-09-23 22:10:24", "elapsed": 459.018946, "delta": 2.062773}}
{"target": 0.4685411853319963, "params": {"C": 688.2261488368355, "epsilon": 0.7647964110716297, "gamma": 0.006577738437854272, "lamda": 0.6063980069377938}, "datetime": {"datetime": "2021-09-23 22:10:27", "elapsed": 462.3612, "delta": 3.342254}}
{"target": 0.4685691669115096, "params": {"C": 709.227677922222, "epsilon": 0.9566598768010572, "gamma": 0.009140167876536282, "lamda": 0.6891821035105427}, "datetime": {"datetime": "2021-09-23 22:10:29", "elapsed": 464.811482, "delta": 2.450282}}
{"target": 0.4693934025432509, "params": {"C": 661.2180899905754, "epsilon": 0.7812123554657836, "gamma": 0.007592112345439397, "lamda": 0.5697389825656395}, "datetime": {"datetime": "2021-09-23 22:10:32", "elapsed": 467.816405, "delta": 3.004923}}
{"target": 0.4671403865896355, "params": {"C": 654.9124714970006, "epsilon": 0.7775787568713524, "gamma": 0.006147187289002567, "lamda": 0.7147199010396466}, "datetime": {"datetime": "2021-09-23 22:10:34", "elapsed": 469.909564, "delta": 2.093159}}
{"target": 0.4693013687570763, "params": {"C": 677.4514105387134, "epsilon": 0.7019842328755181, "gamma": 0.009793269105273955, "lamda": 0.6692235183724923}, "datetime": {"datetime": "2021-09-23 22:10:37", "elapsed": 471.971967, "delta": 2.062403}}
{"target": 0.46854041103746824, "params": {"C": 727.2363061719115, "epsilon": 0.8500103720465396, "gamma": 0.007369535669007235, "lamda": 0.6544020426581528}, "datetime": {"datetime": "2021-09-23 22:10:39", "elapsed": 474.935534, "delta": 2.963567}}
{"target": 0.46738979449104423, "params": {"C": 661.2125453468072, "epsilon": 0.7821829476362049, "gamma": 0.0060036164315009286, "lamda": 0.6519109826098423}, "datetime": {"datetime": "2021-09-23 22:10:43", "elapsed": 478.688525, "delta": 3.752991}}
{"target": 0.46844573412037904, "params": {"C": 739.5235075708027, "epsilon": 0.9494003787851829, "gamma": 0.0073620086113744595, "lamda": 0.5954851170619457}, "datetime": {"datetime": "2021-09-23 22:10:47", "elapsed": 482.094161, "delta": 3.405636}}
{"target": 0.46908605160384065, "params": {"C": 696.9778201120496, "epsilon": 0.7923196234100989, "gamma": 0.01, "lamda": 0.5}, "datetime": {"datetime": "2021-09-23 22:10:51", "elapsed": 486.872448, "delta": 4.778287}}
{"target": 0.4692298484588624, "params": {"C": 661.3106559593905, "epsilon": 0.7715154487305338, "gamma": 0.009888333911433669, "lamda": 0.5467535469287129}, "datetime": {"datetime": "2021-09-23 22:10:55", "elapsed": 490.466674, "delta": 3.594226}}
{"target": 0.4689331151046099, "params": {"C": 739.4680965469619, "epsilon": 0.8818322636377025, "gamma": 0.006908086151511803, "lamda": 0.5095437976812692}, "datetime": {"datetime": "2021-09-23 22:10:59", "elapsed": 494.425264, "delta": 3.95859}}
{"target": 0.4665443718722756, "params": {"C": 678.120339909836, "epsilon": 0.8352300385039755, "gamma": 0.0062169163101568935, "lamda": 0.7440941729696501}, "datetime": {"datetime": "2021-09-23 22:11:01", "elapsed": 496.72942, "delta": 2.304156}}
{"target": 0.46966581559191745, "params": {"C": 688.233362220966, "epsilon": 0.7644237400566449, "gamma": 0.008306878984554613, "lamda": 0.5017751072547173}, "datetime": {"datetime": "2021-09-23 22:11:05", "elapsed": 500.277062, "delta": 3.547642}}
{"target": 0.46916762073781837, "params": {"C": 739.6880316437772, "epsilon": 0.938404838118679, "gamma": 0.007813097460273071, "lamda": 0.5358483471610859}, "datetime": {"datetime": "2021-09-23 22:11:07", "elapsed": 502.425388, "delta": 2.148326}}
{"target": 0.4692099684237193, "params": {"C": 619.46226215071, "epsilon": 0.8050790538902399, "gamma": 0.009975067246929429, "lamda": 0.5492368428075067}, "datetime": {"datetime": "2021-09-23 22:11:09", "elapsed": 504.431446, "delta": 2.006058}}
{"target": 0.4692332466822706, "params": {"C": 736.7460551638528, "epsilon": 0.8785695000052558, "gamma": 0.00872463006588401, "lamda": 0.612525136984897}, "datetime": {"datetime": "2021-09-23 22:11:11", "elapsed": 506.420318, "delta": 1.988872}}
{"target": 0.4693965593669537, "params": {"C": 659.2191662270847, "epsilon": 0.7636122179395475, "gamma": 0.00858693098342782, "lamda": 0.6584732806474997}, "datetime": {"datetime": "2021-09-23 22:11:13", "elapsed": 508.573213, "delta": 2.152895}}
{"target": 0.46953481610564485, "params": {"C": 664.8919725105786, "epsilon": 0.7480843723719918, "gamma": 0.007524903081046869, "lamda": 0.5312884948903336}, "datetime": {"datetime": "2021-09-23 22:11:16", "elapsed": 511.439844, "delta": 2.866631}}
{"target": 0.4681522102381923, "params": {"C": 741.3182527080687, "epsilon": 0.9265607536867919, "gamma": 0.00872992313237134, "lamda": 0.7571600226010533}, "datetime": {"datetime": "2021-09-23 22:11:19", "elapsed": 514.036067, "delta": 2.596223}}
{"target": 0.4691979405301824, "params": {"C": 619.4190748741231, "epsilon": 0.7195784797410263, "gamma": 0.009272947475115898, "lamda": 0.7740990933808869}, "datetime": {"datetime": "2021-09-23 22:11:21", "elapsed": 516.612069, "delta": 2.576002}}
{"target": 0.46907811039574965, "params": {"C": 688.3096824167409, "epsilon": 0.7884595533346159, "gamma": 0.01, "lamda": 0.5}, "datetime": {"datetime": "2021-09-23 22:11:25", "elapsed": 520.310791, "delta": 3.698722}}
{"target": 0.46960021101712623, "params": {"C": 727.2367668214953, "epsilon": 0.7447680850368648, "gamma": 0.008019991436669798, "lamda": 0.5639994148403809}, "datetime": {"datetime": "2021-09-23 22:11:28", "elapsed": 523.783004, "delta": 3.472213}}
{"target": 0.4679317991850699, "params": {"C": 670.0413324410727, "epsilon": 0.9890074868815666, "gamma": 0.009607719810511645, "lamda": 0.7688003203709443}, "datetime": {"datetime": "2021-09-23 22:11:31", "elapsed": 526.839035, "delta": 3.056031}}
{"target": 0.4691871310981791, "params": {"C": 647.2967564466398, "epsilon": 0.713438889416901, "gamma": 0.007198289292163091, "lamda": 0.6268481026910082}, "datetime": {"datetime": "2021-09-23 22:11:34", "elapsed": 529.358031, "delta": 2.518996}}
{"target": 0.46939174183041343, "params": {"C": 727.2398036591086, "epsilon": 0.7027829153843568, "gamma": 0.009554858265540528, "lamda": 0.6037568609990469}, "datetime": {"datetime": "2021-09-23 22:11:40", "elapsed": 535.623339, "delta": 6.265308}}
{"target": 0.4686235158501678, "params": {"C": 664.9067943110455, "epsilon": 0.7191584623796912, "gamma": 0.00642154209749665, "lamda": 0.5970904381593459}, "datetime": {"datetime": "2021-09-23 22:11:45", "elapsed": 540.456933, "delta": 4.833594}}
{"target": 0.4692573216749544, "params": {"C": 664.8593037155856, "epsilon": 0.8075717716339069, "gamma": 0.009742552335420304, "lamda": 0.5}, "datetime": {"datetime": "2021-09-23 22:11:50", "elapsed": 545.264609, "delta": 4.807676}}
{"target": 0.46735499339228526, "params": {"C": 733.2985566157663, "epsilon": 0.8209185894032995, "gamma": 0.006545023126539959, "lamda": 0.719903152374294}, "datetime": {"datetime": "2021-09-23 22:11:53", "elapsed": 548.527893, "delta": 3.263284}}
{"target": 0.4692204035686254, "params": {"C": 626.2964023749479, "epsilon": 0.7178297244261089, "gamma": 0.01, "lamda": 0.6448221438798474}, "datetime": {"datetime": "2021-09-23 22:11:58", "elapsed": 553.533872, "delta": 5.005979}}
{"target": 0.4693975131372957, "params": {"C": 631.6150850993984, "epsilon": 0.7707996498403167, "gamma": 0.007447158922603845, "lamda": 0.5579146724295796}, "datetime": {"datetime": "2021-09-23 22:12:01", "elapsed": 556.425977, "delta": 2.892105}}
{"target": 0.4693787348313664, "params": {"C": 727.3193946484238, "epsilon": 0.755715149214937, "gamma": 0.007789403297272634, "lamda": 0.6167886479832423}, "datetime": {"datetime": "2021-09-23 22:12:05", "elapsed": 560.700407, "delta": 4.27443}}
{"target": 0.4696697422688241, "params": {"C": 664.8127800935696, "epsilon": 0.7241781754266275, "gamma": 0.00816367895448951, "lamda": 0.5014931252998192}, "datetime": {"datetime": "2021-09-23 22:12:09", "elapsed": 564.751948, "delta": 4.051541}}
{"target": 0.4694678829196358, "params": {"C": 709.628730604376, "epsilon": 0.7158958317702159, "gamma": 0.007340936011483638, "lamda": 0.5537889861610624}, "datetime": {"datetime": "2021-09-23 22:12:13", "elapsed": 568.69315, "delta": 3.941202}}
{"target": 0.469546172390087, "params": {"C": 661.2447718319563, "epsilon": 0.7252786847572272, "gamma": 0.007697572896670673, "lamda": 0.5696140879808865}, "datetime": {"datetime": "2021-09-23 22:12:18", "elapsed": 573.248246, "delta": 4.555096}}
{"target": 0.4689741117903784, "params": {"C": 720.2816916251514, "epsilon": 0.9197681637592414, "gamma": 0.00832601359102858, "lamda": 0.6163564067710533}, "datetime": {"datetime": "2021-09-23 22:12:20", "elapsed": 575.760368, "delta": 2.512122}}
{"target": 0.46898274608379464, "params": {"C": 680.7805247047243, "epsilon": 0.8433823566717947, "gamma": 0.007413718761428096, "lamda": 0.5927827604341198}, "datetime": {"datetime": "2021-09-23 22:12:23", "elapsed": 578.758453, "delta": 2.998085}}
{"target": 0.46835070551877367, "params": {"C": 739.7639985019814, "epsilon": 0.7845848758014935, "gamma": 0.0073581013861296115, "lamda": 0.7392050793002234}, "datetime": {"datetime": "2021-09-23 22:12:26", "elapsed": 581.394956, "delta": 2.636503}}
{"target": 0.4696081936382388, "params": {"C": 661.2234705793383, "epsilon": 0.7328297670477316, "gamma": 0.0076013789127344425, "lamda": 0.5127554882264501}, "datetime": {"datetime": "2021-09-23 22:12:32", "elapsed": 587.243832, "delta": 5.848876}}
{"target": 0.46772516814646525, "params": {"C": 602.6301409951637, "epsilon": 0.9342335511826667, "gamma": 0.00851838438974254, "lamda": 0.794027424636121}, "datetime": {"datetime": "2021-09-23 22:12:35", "elapsed": 590.212099, "delta": 2.968267}}
