{"target": 0.468571284643597, "params": {"C": 833.3535448275368, "epsilon": 0.9062717936592266, "gamma": 0.011097213682653838, "lamda": 0.5234349354395537}, "datetime": {"datetime": "2021-09-23 22:43:00", "elapsed": 61.606035, "delta": 0.738374}}
{"target": 0.46925496480650264, "params": {"C": 824.5207003266371, "epsilon": 0.7713800985530954, "gamma": 0.009371507769280777, "lamda": 0.6926823717373655}, "datetime": {"datetime": "2021-09-23 22:43:01", "elapsed": 62.156075, "delta": 0.55004}}
{"target": 0.46944739777935507, "params": {"C": 783.8839929711754, "epsilon": 0.8059013399182122, "gamma": 0.00937314072914377, "lamda": 0.5321801208631869}, "datetime": {"datetime": "2021-09-23 22:43:02", "elapsed": 62.76533, "delta": 0.609255}}
{"target": 0.46769043870894045, "params": {"C": 870.170905413463, "epsilon": 0.9986621636669264, "gamma": 0.011649500833066253, "lamda": 0.7566492797092014}, "datetime": {"datetime": "2021-09-23 22:43:02", "elapsed": 63.386329, "delta": 0.620999}}
{"target": 0.469572180744257, "params": {"C": 774.3626736905828, "epsilon": 0.7774610128477766, "gamma": 0.008925613490688947, "lamda": 0.5166541220488452}, "datetime": {"datetime": "2021-09-23 22:43:03", "elapsed": 64.078333, "delta": 0.692004}}
{"target": 0.4686311468002847, "params": {"C": 871.392799094917, "epsilon": 0.7678959464524477, "gamma": 0.008174120971822739, "lamda": 0.7969740818495142}, "datetime": {"datetime": "2021-09-23 22:43:03", "elapsed": 64.651014, "delta": 0.572681}}
{"target": 0.46923097301259353, "params": {"C": 766.6761545518311, "epsilon": 0.7400225487032986, "gamma": 0.009883256276347563, "lamda": 0.6730621376012249}, "datetime": {"datetime": "2021-09-23 22:43:04", "elapsed": 65.275605, "delta": 0.624591}}
{"target": 0.4687534204855086, "params": {"C": 791.0649931862886, "epsilon": 0.954272259615406, "gamma": 0.006935316744994327, "lamda": 0.5014208542173313}, "datetime": {"datetime": "2021-09-23 22:43:05", "elapsed": 65.926648, "delta": 0.651043}}
{"target": 0.469223989918492, "params": {"C": 784.5032948424088, "epsilon": 0.720080600334777, "gamma": 0.006829104624083314, "lamda": 0.5385145804067621}, "datetime": {"datetime": "2021-09-23 22:43:06", "elapsed": 66.689604, "delta": 0.762956}}
{"target": 0.4686535271389002, "params": {"C": 787.2953054248294, "epsilon": 0.9021502044333041, "gamma": 0.01088415441219371, "lamda": 0.6435726053347685}, "datetime": {"datetime": "2021-09-23 22:43:06", "elapsed": 67.422603, "delta": 0.732999}}
{"target": 0.4691963128033533, "params": {"C": 839.3040461377901, "epsilon": 0.8585825824130132, "gamma": 0.009374978539374784, "lamda": 0.6392675768865911}, "datetime": {"datetime": "2021-09-23 22:43:07", "elapsed": 68.065605, "delta": 0.643002}}
{"target": 0.4687440267825571, "params": {"C": 815.8804438212229, "epsilon": 0.732236185240845, "gamma": 0.01051465335227476, "lamda": 0.5444314066858261}, "datetime": {"datetime": "2021-09-23 22:43:08", "elapsed": 68.792641, "delta": 0.727036}}
{"target": 0.4679107445773282, "params": {"C": 851.7759208354836, "epsilon": 0.7257407854452131, "gamma": 0.0118679800200907, "lamda": 0.6236780813239294}, "datetime": {"datetime": "2021-09-23 22:43:08", "elapsed": 69.480648, "delta": 0.688007}}
{"target": 0.4677473956743523, "params": {"C": 868.1946800001098, "epsilon": 0.9032512539796442, "gamma": 0.006177793655090675, "lamda": 0.5508161548838146}, "datetime": {"datetime": "2021-09-23 22:43:09", "elapsed": 70.117606, "delta": 0.636958}}
{"target": 0.46924358033344404, "params": {"C": 850.768544685531, "epsilon": 0.7363180712291285, "gamma": 0.009307415757504284, "lamda": 0.7386160333255813}, "datetime": {"datetime": "2021-09-23 22:43:10", "elapsed": 70.772797, "delta": 0.655191}}
{"target": 0.4690914443936193, "params": {"C": 846.0557908693718, "epsilon": 0.8118643380477654, "gamma": 0.007843153487589575, "lamda": 0.641729527133279}, "datetime": {"datetime": "2021-09-23 22:43:10", "elapsed": 71.396768, "delta": 0.623971}}
{"target": 0.46906817854486293, "params": {"C": 835.3326000359104, "epsilon": 0.7703041881085029, "gamma": 0.010298906782825426, "lamda": 0.6413244486140728}, "datetime": {"datetime": "2021-09-23 22:43:11", "elapsed": 72.095763, "delta": 0.698995}}
{"target": 0.46909135361360677, "params": {"C": 850.2450969944681, "epsilon": 0.7397352455880245, "gamma": 0.009975990248432536, "lamda": 0.5295263582339096}, "datetime": {"datetime": "2021-09-23 22:43:12", "elapsed": 72.896763, "delta": 0.801}}
{"target": 0.4695042723304579, "params": {"C": 756.06679670605, "epsilon": 0.7214657648692606, "gamma": 0.008179272534097965, "lamda": 0.6357055254073803}, "datetime": {"datetime": "2021-09-23 22:43:13", "elapsed": 73.761762, "delta": 0.864999}}
{"target": 0.46929798342565276, "params": {"C": 864.6490545550212, "epsilon": 0.7998745734378092, "gamma": 0.009644499255730226, "lamda": 0.6224223898703991}, "datetime": {"datetime": "2021-09-23 22:43:14", "elapsed": 74.701758, "delta": 0.939996}}
{"target": 0.46951059708926735, "params": {"C": 839.348314146191, "epsilon": 0.8587012511774044, "gamma": 0.009104737107920799, "lamda": 0.5169089677915517}, "datetime": {"datetime": "2021-09-23 22:43:14", "elapsed": 75.410763, "delta": 0.709005}}
{"target": 0.4691524771012763, "params": {"C": 831.0949710400403, "epsilon": 0.737241625236967, "gamma": 0.008525028619950565, "lamda": 0.7499084965830844}, "datetime": {"datetime": "2021-09-23 22:43:15", "elapsed": 76.131798, "delta": 0.721035}}
{"target": 0.46893911792756193, "params": {"C": 899.9546910815288, "epsilon": 0.9818632433035179, "gamma": 0.010169587417401512, "lamda": 0.5800667344789682}, "datetime": {"datetime": "2021-09-23 22:43:16", "elapsed": 76.837001, "delta": 0.705203}}
{"target": 0.4687020034948697, "params": {"C": 808.3578243318315, "epsilon": 0.9909207377568112, "gamma": 0.009674756249662153, "lamda": 0.6477259176198376}, "datetime": {"datetime": "2021-09-23 22:43:16", "elapsed": 77.63632, "delta": 0.799319}}
{"target": 0.46899706927378426, "params": {"C": 803.3168032904398, "epsilon": 0.7463868047040826, "gamma": 0.01042389406319761, "lamda": 0.6112906370716016}, "datetime": {"datetime": "2021-09-23 22:43:17", "elapsed": 78.424318, "delta": 0.787998}}
{"target": 0.4691646544726118, "params": {"C": 756.1198406637945, "epsilon": 0.721061578231673, "gamma": 0.0071450989613329, "lamda": 0.6166836202480115}, "datetime": {"datetime": "2021-09-23 22:43:18", "elapsed": 79.167312, "delta": 0.742994}}
{"target": 0.4687369291609539, "params": {"C": 821.1348157407102, "epsilon": 0.8500681048767523, "gamma": 0.006920933703161502, "lamda": 0.5658925302806423}, "datetime": {"datetime": "2021-09-23 22:43:19", "elapsed": 79.86332, "delta": 0.696008}}
{"target": 0.4681463299239268, "params": {"C": 824.5302856108509, "epsilon": 0.7686465212639465, "gamma": 0.011855607848571106, "lamda": 0.7120382385056315}, "datetime": {"datetime": "2021-09-23 22:43:19", "elapsed": 80.654309, "delta": 0.790989}}
{"target": 0.468748407767578, "params": {"C": 819.3485535620041, "epsilon": 0.9623921220837897, "gamma": 0.008586465787023441, "lamda": 0.6366074941959685}, "datetime": {"datetime": "2021-09-23 22:43:20", "elapsed": 81.360314, "delta": 0.706005}}
{"target": 0.4686013620024013, "params": {"C": 793.9591208324175, "epsilon": 0.8975933175542113, "gamma": 0.01015900470659086, "lamda": 0.7296717125892935}, "datetime": {"datetime": "2021-09-23 22:43:21", "elapsed": 82.034353, "delta": 0.674039}}
{"target": 0.46693093330899027, "params": {"C": 878.2610862466985, "epsilon": 0.8296732027120671, "gamma": 0.006658017912559127, "lamda": 0.779345370347458}, "datetime": {"datetime": "2021-09-23 22:43:22", "elapsed": 82.713309, "delta": 0.678956}}
{"target": 0.4685626013216885, "params": {"C": 777.5533542970396, "epsilon": 0.8927991372824983, "gamma": 0.010502074182930421, "lamda": 0.7260671612700562}, "datetime": {"datetime": "2021-09-23 22:43:22", "elapsed": 83.411288, "delta": 0.697979}}
{"target": 0.4691321793723222, "params": {"C": 769.7797093128086, "epsilon": 0.7763746367005995, "gamma": 0.010094846132388284, "lamda": 0.6559341281548725}, "datetime": {"datetime": "2021-09-23 22:43:23", "elapsed": 84.317362, "delta": 0.906074}}
{"target": 0.46890104890825157, "params": {"C": 844.1138161960896, "epsilon": 0.8049560841464087, "gamma": 0.007634467881683838, "lamda": 0.6625829259983007}, "datetime": {"datetime": "2021-09-23 22:43:24", "elapsed": 85.117952, "delta": 0.80059}}
{"target": 0.4692512033943923, "params": {"C": 860.4328159765244, "epsilon": 0.988199755644448, "gamma": 0.007953647355764091, "lamda": 0.5028976843267817}, "datetime": {"datetime": "2021-09-23 22:43:25", "elapsed": 85.862922, "delta": 0.74497}}
{"target": 0.46943573266121286, "params": {"C": 808.3350684772051, "epsilon": 0.7959231503615128, "gamma": 0.00934942823660553, "lamda": 0.5823506223472659}, "datetime": {"datetime": "2021-09-23 22:43:25", "elapsed": 86.604957, "delta": 0.742035}}
{"target": 0.46915608483406934, "params": {"C": 872.8230205088342, "epsilon": 0.7099376844470583, "gamma": 0.007150116743273629, "lamda": 0.6298611139140148}, "datetime": {"datetime": "2021-09-23 22:43:26", "elapsed": 87.324857, "delta": 0.7199}}
{"target": 0.4692932374503951, "params": {"C": 878.6775072663647, "epsilon": 0.7763763589836352, "gamma": 0.00964249119073745, "lamda": 0.6456310618413359}, "datetime": {"datetime": "2021-09-23 22:43:27", "elapsed": 88.155634, "delta": 0.830777}}
{"target": 0.46777076138385987, "params": {"C": 815.8924558719266, "epsilon": 0.7033744822801816, "gamma": 0.01159803983874027, "lamda": 0.557635706438726}, "datetime": {"datetime": "2021-09-23 22:43:28", "elapsed": 89.0477, "delta": 0.892066}}
{"target": 0.4682688103344578, "params": {"C": 781.8236360554815, "epsilon": 0.9477996489439637, "gamma": 0.011152076617875355, "lamda": 0.7030999971456888}, "datetime": {"datetime": "2021-09-23 22:43:29", "elapsed": 89.89174, "delta": 0.84404}}
{"target": 0.46926279508312196, "params": {"C": 762.9506754149331, "epsilon": 0.7714860085572607, "gamma": 0.009763130481425944, "lamda": 0.6475826140708795}, "datetime": {"datetime": "2021-09-23 22:43:30", "elapsed": 90.898941, "delta": 1.007201}}
{"target": 0.469038648911112, "params": {"C": 846.8648926147393, "epsilon": 0.7481817965221581, "gamma": 0.008830070175886905, "lamda": 0.7787499716589872}, "datetime": {"datetime": "2021-09-23 22:43:31", "elapsed": 91.692945, "delta": 0.794004}}
{"target": 0.46923733367678777, "params": {"C": 890.2094068384442, "epsilon": 0.9491410250028851, "gamma": 0.009859988639494353, "lamda": 0.5078420982538522}, "datetime": {"datetime": "2021-09-23 22:43:31", "elapsed": 92.621944, "delta": 0.928999}}
{"target": 0.46860841410107323, "params": {"C": 867.8804006861433, "epsilon": 0.8503582366340336, "gamma": 0.00643600969046723, "lamda": 0.5067329167795014}, "datetime": {"datetime": "2021-09-23 22:43:32", "elapsed": 93.581574, "delta": 0.95963}}
{"target": 0.4688819177448572, "params": {"C": 750.5063107764419, "epsilon": 0.7334490842601139, "gamma": 0.010647117480349506, "lamda": 0.6376563635705234}, "datetime": {"datetime": "2021-09-23 22:43:33", "elapsed": 94.333565, "delta": 0.751991}}
{"target": 0.4677896693580895, "params": {"C": 815.9976053566932, "epsilon": 0.843232165654312, "gamma": 0.006196216228611379, "lamda": 0.5890486133355315}, "datetime": {"datetime": "2021-09-23 22:43:34", "elapsed": 95.299288, "delta": 0.965723}}
{"target": 0.469390058932457, "params": {"C": 884.302089088584, "epsilon": 0.8095620365093026, "gamma": 0.007893325920606948, "lamda": 0.5798752558360136}, "datetime": {"datetime": "2021-09-23 22:43:35", "elapsed": 96.278251, "delta": 0.978963}}
{"target": 0.4683609988207862, "params": {"C": 760.9544095047346, "epsilon": 0.9742810442979573, "gamma": 0.011438177597614334, "lamda": 0.5972516028783877}, "datetime": {"datetime": "2021-09-23 22:43:36", "elapsed": 97.136755, "delta": 0.858504}}
{"target": 0.4672674442028748, "params": {"C": 824.0774415977729, "epsilon": 0.9387604390764077, "gamma": 0.006136056342443205, "lamda": 0.5758416878330506}, "datetime": {"datetime": "2021-09-23 22:43:37", "elapsed": 98.050188, "delta": 0.913433}}
{"target": 0.4667907554815335, "params": {"C": 770.5363037524867, "epsilon": 0.9833762003903068, "gamma": 0.006034093522506098, "lamda": 0.5805544749578061}, "datetime": {"datetime": "2021-09-23 22:43:38", "elapsed": 98.896276, "delta": 0.846088}}
{"target": 0.46931300455540037, "params": {"C": 826.7172177717075, "epsilon": 0.7830019776199084, "gamma": 0.007903109052238596, "lamda": 0.6221291705654509}, "datetime": {"datetime": "2021-09-23 22:43:39", "elapsed": 99.970242, "delta": 1.073966}}
{"target": 0.46906202924010354, "params": {"C": 867.3353868698224, "epsilon": 0.9636702758273334, "gamma": 0.009352623366631094, "lamda": 0.5969320914187458}, "datetime": {"datetime": "2021-09-23 22:43:40", "elapsed": 100.893234, "delta": 0.922992}}
{"target": 0.46944221831755617, "params": {"C": 842.0299430837293, "epsilon": 0.8625393219503888, "gamma": 0.009303483696326408, "lamda": 0.535420062351678}, "datetime": {"datetime": "2021-09-23 22:43:40", "elapsed": 101.648238, "delta": 0.755004}}
{"target": 0.46785239028700876, "params": {"C": 764.401240674, "epsilon": 0.9886846467676103, "gamma": 0.010559502328065143, "lamda": 0.783555306078521}, "datetime": {"datetime": "2021-09-23 22:43:41", "elapsed": 102.434233, "delta": 0.785995}}
{"target": 0.4692018148720014, "params": {"C": 791.7760705857578, "epsilon": 0.9894610795304466, "gamma": 0.009109002458193384, "lamda": 0.551308786445759}, "datetime": {"datetime": "2021-09-23 22:43:42", "elapsed": 103.344243, "delta": 0.91001}}
{"target": 0.46845787552856843, "params": {"C": 771.6037425487568, "epsilon": 0.878661238274967, "gamma": 0.010681738717212499, "lamda": 0.7529817609181881}, "datetime": {"datetime": "2021-09-23 22:43:43", "elapsed": 104.288293, "delta": 0.94405}}
{"target": 0.46800850351916523, "params": {"C": 896.102734900318, "epsilon": 0.9075825009813838, "gamma": 0.011978331719140355, "lamda": 0.5788893691202361}, "datetime": {"datetime": "2021-09-23 22:43:44", "elapsed": 105.348041, "delta": 1.059748}}
{"target": 0.4684464761993876, "params": {"C": 879.6861417255952, "epsilon": 0.8765167247735104, "gamma": 0.0093502660486897, "lamda": 0.7812437921028809}, "datetime": {"datetime": "2021-09-23 22:43:45", "elapsed": 106.138041, "delta": 0.79}}
{"target": 0.46841782764455187, "params": {"C": 827.5792038736149, "epsilon": 0.8021141703394782, "gamma": 0.01116604523657756, "lamda": 0.7837100601392664}, "datetime": {"datetime": "2021-09-23 22:43:46", "elapsed": 107.197044, "delta": 1.059003}}
{"target": 0.4689518633084703, "params": {"C": 853.7786892249242, "epsilon": 0.8976638492997274, "gamma": 0.010066338266526462, "lamda": 0.6438610199813822}, "datetime": {"datetime": "2021-09-23 22:43:47", "elapsed": 108.262042, "delta": 1.064998}}
{"target": 0.467337724192494, "params": {"C": 788.7771278859304, "epsilon": 0.7240607383987883, "gamma": 0.01191834446578232, "lamda": 0.5274568494531163}, "datetime": {"datetime": "2021-09-23 22:43:48", "elapsed": 109.085049, "delta": 0.823007}}
{"target": 0.46884875657258773, "params": {"C": 786.6417389567949, "epsilon": 0.8756051513922463, "gamma": 0.010050387520384986, "lamda": 0.6933750589405628}, "datetime": {"datetime": "2021-09-23 22:43:49", "elapsed": 109.846047, "delta": 0.760998}}
{"target": 0.4686397750013106, "params": {"C": 764.2029724463287, "epsilon": 0.8113106921813614, "gamma": 0.00859921406348379, "lamda": 0.7806211379581669}, "datetime": {"datetime": "2021-09-23 22:43:49", "elapsed": 110.654044, "delta": 0.807997}}
{"target": 0.46862828838402937, "params": {"C": 813.3446654425753, "epsilon": 0.7903957808396519, "gamma": 0.011104988643645028, "lamda": 0.6670383115213158}, "datetime": {"datetime": "2021-09-23 22:43:50", "elapsed": 111.417078, "delta": 0.763034}}
{"target": 0.46838803940278073, "params": {"C": 769.201312299235, "epsilon": 0.7429656011737851, "gamma": 0.00670071843431633, "lamda": 0.6746698877588835}, "datetime": {"datetime": "2021-09-23 22:43:51", "elapsed": 112.262078, "delta": 0.845}}
{"target": 0.4672062644579591, "params": {"C": 867.935452221128, "epsilon": 0.9238484733880349, "gamma": 0.006664837576203382, "lamda": 0.672116312216446}, "datetime": {"datetime": "2021-09-23 22:43:52", "elapsed": 113.349044, "delta": 1.086966}}
{"target": 0.4689487101227, "params": {"C": 885.2962008286534, "epsilon": 0.7482488680325723, "gamma": 0.010547020320465155, "lamda": 0.6733004500601801}, "datetime": {"datetime": "2021-09-23 22:43:53", "elapsed": 114.232043, "delta": 0.882999}}
{"target": 0.4681122345135905, "params": {"C": 787.3622446446691, "epsilon": 0.7077491718122683, "gamma": 0.011613673833155301, "lamda": 0.6324784260597696}, "datetime": {"datetime": "2021-09-23 22:43:54", "elapsed": 115.310045, "delta": 1.078002}}
{"target": 0.4679947477248739, "params": {"C": 884.6043208090142, "epsilon": 0.9012873902510896, "gamma": 0.0070994376131699646, "lamda": 0.656357572512835}, "datetime": {"datetime": "2021-09-23 22:43:55", "elapsed": 116.47305, "delta": 1.163005}}
{"target": 0.46883969176486207, "params": {"C": 845.4500165422038, "epsilon": 0.9350158979971894, "gamma": 0.00787586423468743, "lamda": 0.5968281261420203}, "datetime": {"datetime": "2021-09-23 22:43:56", "elapsed": 117.662255, "delta": 1.189205}}
{"target": 0.4689595191509327, "params": {"C": 851.8660101256316, "epsilon": 0.7640804720524421, "gamma": 0.010072126605014286, "lamda": 0.7642786850500838}, "datetime": {"datetime": "2021-09-23 22:43:57", "elapsed": 118.539508, "delta": 0.877253}}
{"target": 0.468527392207022, "params": {"C": 847.514932865578, "epsilon": 0.830912197045541, "gamma": 0.007277062839031718, "lamda": 0.660780045269108}, "datetime": {"datetime": "2021-09-23 22:43:58", "elapsed": 119.308008, "delta": 0.7685}}
{"target": 0.4687149254374656, "params": {"C": 841.2902069349832, "epsilon": 0.8042526670430044, "gamma": 0.010168583522898372, "lamda": 0.7903147056335691}, "datetime": {"datetime": "2021-09-23 22:43:59", "elapsed": 120.035401, "delta": 0.727393}}
{"target": 0.467344854331457, "params": {"C": 877.0915192438531, "epsilon": 0.9562751215425607, "gamma": 0.007517909588461329, "lamda": 0.7353724133535029}, "datetime": {"datetime": "2021-09-23 22:44:00", "elapsed": 120.818362, "delta": 0.782961}}
{"target": 0.469440702924246, "params": {"C": 869.5429403198392, "epsilon": 0.9147314711699939, "gamma": 0.008229061464883447, "lamda": 0.5179108825110446}, "datetime": {"datetime": "2021-09-23 22:44:01", "elapsed": 121.972148, "delta": 1.153786}}
{"target": 0.4693798286048585, "params": {"C": 839.940032117566, "epsilon": 0.8240138942262316, "gamma": 0.007324870538479645, "lamda": 0.5071390747970842}, "datetime": {"datetime": "2021-09-23 22:44:02", "elapsed": 122.963153, "delta": 0.991005}}
{"target": 0.46824986600601304, "params": {"C": 771.1392855130393, "epsilon": 0.8728261373416009, "gamma": 0.011504740881825615, "lamda": 0.535534617363365}, "datetime": {"datetime": "2021-09-23 22:44:03", "elapsed": 123.764153, "delta": 0.801}}
{"target": 0.4686982074685785, "params": {"C": 884.7957936728963, "epsilon": 0.8820339257219724, "gamma": 0.007061217621091978, "lamda": 0.5695539214737874}, "datetime": {"datetime": "2021-09-23 22:44:03", "elapsed": 124.549106, "delta": 0.784953}}
{"target": 0.46928660593403015, "params": {"C": 765.4821430144835, "epsilon": 0.7352291855805466, "gamma": 0.009834551239586067, "lamda": 0.6109069370551884}, "datetime": {"datetime": "2021-09-23 22:44:04", "elapsed": 125.309721, "delta": 0.760615}}
{"target": 0.4679626515460479, "params": {"C": 889.9897143034334, "epsilon": 0.7417196226427412, "gamma": 0.006170508238037229, "lamda": 0.6403776970185637}, "datetime": {"datetime": "2021-09-23 22:44:05", "elapsed": 126.396124, "delta": 1.086403}}
{"target": 0.4688246158490933, "params": {"C": 860.8235202364292, "epsilon": 0.9140328247227184, "gamma": 0.009079764422217551, "lamda": 0.6772439364659748}, "datetime": {"datetime": "2021-09-23 22:44:06", "elapsed": 127.383713, "delta": 0.987589}}
{"target": 0.46783883515489233, "params": {"C": 797.7165858849669, "epsilon": 0.8332649900100447, "gamma": 0.007266030149977241, "lamda": 0.7534172600045843}, "datetime": {"datetime": "2021-09-23 22:44:07", "elapsed": 128.185718, "delta": 0.802005}}
{"target": 0.46899838469468, "params": {"C": 862.1833444845337, "epsilon": 0.7265007471113651, "gamma": 0.010365184437828766, "lamda": 0.6005674325436321}, "datetime": {"datetime": "2021-09-23 22:44:08", "elapsed": 129.471324, "delta": 1.285606}}
{"target": 0.4690542240173714, "params": {"C": 836.9767448304713, "epsilon": 0.8806365780196621, "gamma": 0.010283560114021841, "lamda": 0.569749933514042}, "datetime": {"datetime": "2021-09-23 22:44:09", "elapsed": 130.533324, "delta": 1.062}}
{"target": 0.4677872520993429, "params": {"C": 784.2688891027385, "epsilon": 0.9288056615500844, "gamma": 0.008538959043808587, "lamda": 0.7922699850262496}, "datetime": {"datetime": "2021-09-23 22:44:10", "elapsed": 131.445901, "delta": 0.912577}}
{"target": 0.46845096908798034, "params": {"C": 763.7737194624627, "epsilon": 0.7123781462811283, "gamma": 0.011372052811475299, "lamda": 0.6969810277936748}, "datetime": {"datetime": "2021-09-23 22:44:13", "elapsed": 133.835642, "delta": 2.389741}}
{"target": 0.4681646631298092, "params": {"C": 871.7614559810903, "epsilon": 0.9368486867644972, "gamma": 0.009992303763274358, "lamda": 0.7814330384960013}, "datetime": {"datetime": "2021-09-23 22:44:14", "elapsed": 135.290211, "delta": 1.454569}}
{"target": 0.4667810848155819, "params": {"C": 783.7405202986334, "epsilon": 0.8203077196276907, "gamma": 0.006383966387248213, "lamda": 0.7603732962910387}, "datetime": {"datetime": "2021-09-23 22:44:16", "elapsed": 136.681211, "delta": 1.391}}
