{"target": -44.06356511030458, "params": {"C": 156.6301277974089, "epsilon": 0.7502372983808605, "gamma": 0.06135891246761812, "lamda": 1.6807561258839547}, "datetime": {"datetime": "2021-09-24 19:41:26", "elapsed": 619.415855, "delta": 3.181824}}
{"target": -43.271880234315795, "params": {"C": 224.4970805947168, "epsilon": 0.4991108155028511, "gamma": 0.042075473377549626, "lamda": 2.071449468717019}, "datetime": {"datetime": "2021-09-24 19:41:28", "elapsed": 621.503292, "delta": 2.087437}}
{"target": -44.78900231491435, "params": {"C": 242.03153428494457, "epsilon": 0.6620362838192525, "gamma": 0.001, "lamda": 1.1482255531795031}, "datetime": {"datetime": "2021-09-24 19:41:31", "elapsed": 624.924798, "delta": 3.421506}}
{"target": -42.82449910531756, "params": {"C": 176.22990965115724, "epsilon": 0.424220522886403, "gamma": 0.029531631283776557, "lamda": 1.5630198780120983}, "datetime": {"datetime": "2021-09-24 19:41:34", "elapsed": 627.580209, "delta": 2.655411}}
{"target": -42.91994728559072, "params": {"C": 199.8476574219407, "epsilon": 0.5079677387675323, "gamma": 0.032145984928593226, "lamda": 1.7248156615426906}, "datetime": {"datetime": "2021-09-24 19:41:36", "elapsed": 629.807501, "delta": 2.227292}}
{"target": -42.86720942444043, "params": {"C": 221.59452064950415, "epsilon": 0.5327993222009525, "gamma": 0.030373450665342888, "lamda": 1.7190676056033074}, "datetime": {"datetime": "2021-09-24 19:41:38", "elapsed": 631.764945, "delta": 1.957444}}
{"target": -43.04763779716357, "params": {"C": 155.84044053468247, "epsilon": 0.9102456754049857, "gamma": 0.03098144543823633, "lamda": 1.8601622298813614}, "datetime": {"datetime": "2021-09-24 19:41:40", "elapsed": 633.787314, "delta": 2.022369}}
{"target": -42.437626966852484, "params": {"C": 221.66784995965142, "epsilon": 0.5161572336287633, "gamma": 0.019776883875521997, "lamda": 1.724343749848808}, "datetime": {"datetime": "2021-09-24 19:41:43", "elapsed": 636.712665, "delta": 2.925351}}
{"target": -44.93445019082837, "params": {"C": 186.17692963652192, "epsilon": 0.5405341002089123, "gamma": 0.0828903526320815, "lamda": 1.297856275818087}, "datetime": {"datetime": "2021-09-24 19:41:46", "elapsed": 639.028017, "delta": 2.315352}}
{"target": -43.361062576814504, "params": {"C": 239.99811303824376, "epsilon": 0.84421633283288, "gamma": 0.04091326980361183, "lamda": 1.7225776072941776}, "datetime": {"datetime": "2021-09-24 19:41:48", "elapsed": 641.243711, "delta": 2.215694}}
{"target": -44.14454182893687, "params": {"C": 327.1320643266746, "epsilon": 0.31452636455158106, "gamma": 0.06373117525770126, "lamda": 1.7483254355540567}, "datetime": {"datetime": "2021-09-24 19:52:38", "elapsed": 0.0, "delta": 0.0}}
{"target": -42.44850980044733, "params": {"C": 299.85070123025906, "epsilon": 0.45735765187159333, "gamma": 0.020608223611202774, "lamda": 1.7647429970785422}, "datetime": {"datetime": "2021-09-24 19:52:38", "elapsed": 0.217313, "delta": 0.217313}}
{"target": -44.27052853477436, "params": {"C": 266.91108365625354, "epsilon": 0.36183786992180716, "gamma": 0.06885062201841192, "lamda": 2.034750684672911}, "datetime": {"datetime": "2021-09-24 19:52:38", "elapsed": 0.441544, "delta": 0.224231}}
{"target": -44.80206329583564, "params": {"C": 250.39482663279145, "epsilon": 0.6585345843700436, "gamma": 0.08144947520355925, "lamda": 1.5575364935611433}, "datetime": {"datetime": "2021-09-24 19:52:39", "elapsed": 0.672246, "delta": 0.230702}}
{"target": -45.28642306370557, "params": {"C": 322.17553174317993, "epsilon": 0.5043132477194432, "gamma": 0.09185963812878141, "lamda": 1.700406096756767}, "datetime": {"datetime": "2021-09-24 19:52:39", "elapsed": 0.92072, "delta": 0.248474}}
{"target": -43.678250452050236, "params": {"C": 273.0032630935819, "epsilon": 0.4330387068868663, "gamma": 0.04742001985182671, "lamda": 0.8857532141787985}, "datetime": {"datetime": "2021-09-24 19:52:39", "elapsed": 1.249961, "delta": 0.329241}}
{"target": -43.34787803696732, "params": {"C": 298.27836681375976, "epsilon": 0.3650919851830875, "gamma": 0.04356874692858792, "lamda": 1.6591393500982499}, "datetime": {"datetime": "2021-09-24 19:52:40", "elapsed": 1.703557, "delta": 0.453596}}
{"target": -43.59823056167845, "params": {"C": 301.18898872909745, "epsilon": 0.7345016610665556, "gamma": 0.049137802546793515, "lamda": 0.76053449459146}, "datetime": {"datetime": "2021-09-24 19:52:40", "elapsed": 2.082761, "delta": 0.379204}}
{"target": -45.73158714899601, "params": {"C": 299.5970951693622, "epsilon": 0.8765008843537851, "gamma": 0.0969333450333806, "lamda": 0.727148912434539}, "datetime": {"datetime": "2021-09-24 19:52:40", "elapsed": 2.4564, "delta": 0.373639}}
{"target": -43.62839627175234, "params": {"C": 273.0218340323469, "epsilon": 0.4111233911459766, "gamma": 0.04412925136583863, "lamda": 0.8691347778669024}, "datetime": {"datetime": "2021-09-24 19:52:41", "elapsed": 2.746375, "delta": 0.289975}}
{"target": -42.89138200536257, "params": {"C": 300.196801593967, "epsilon": 0.46315920107985065, "gamma": 0.031068186103910225, "lamda": 1.9791104915244395}, "datetime": {"datetime": "2021-09-24 19:52:41", "elapsed": 3.147404, "delta": 0.401029}}
{"target": -43.24013873168351, "params": {"C": 299.57023220327414, "epsilon": 0.7732171034134749, "gamma": 0.03675873587014929, "lamda": 2.0609335611749264}, "datetime": {"datetime": "2021-09-24 19:52:41", "elapsed": 3.533085, "delta": 0.385681}}
{"target": -44.254651811257176, "params": {"C": 299.69302664611587, "epsilon": 0.3, "gamma": 0.001, "lamda": 2.1}, "datetime": {"datetime": "2021-09-24 19:52:42", "elapsed": 4.065856, "delta": 0.532771}}
{"target": -45.43687229550072, "params": {"C": 299.9953974826611, "epsilon": 0.7997367822844924, "gamma": 0.09106490566118045, "lamda": 1.8062224234216009}, "datetime": {"datetime": "2021-09-24 19:52:42", "elapsed": 4.408121, "delta": 0.342265}}
{"target": -42.009946976387404, "params": {"C": 299.99412744276805, "epsilon": 0.3909730491939495, "gamma": 0.010029097945714383, "lamda": 1.8400364090911094}, "datetime": {"datetime": "2021-09-24 19:52:43", "elapsed": 4.731077, "delta": 0.322956}}
{"target": -44.48303927135367, "params": {"C": 301.18635468890875, "epsilon": 0.7473836624209274, "gamma": 0.06959098090816562, "lamda": 0.7273492406429627}, "datetime": {"datetime": "2021-09-24 19:52:43", "elapsed": 5.031945, "delta": 0.300868}}
{"target": -43.73842172653285, "params": {"C": 273.459809274584, "epsilon": 0.39121004782464747, "gamma": 0.054878813776854767, "lamda": 1.8616699917404358}, "datetime": {"datetime": "2021-09-24 19:52:43", "elapsed": 5.3107, "delta": 0.278755}}
{"target": -43.964058856428935, "params": {"C": 290.4923870071983, "epsilon": 0.33079326397723086, "gamma": 0.05945315477722209, "lamda": 1.7090748880299753}, "datetime": {"datetime": "2021-09-24 19:52:43", "elapsed": 5.580303, "delta": 0.269603}}
{"target": -44.408860236578214, "params": {"C": 300.07174736259583, "epsilon": 0.43570052166899265, "gamma": 0.0729790191576171, "lamda": 1.893671631379474}, "datetime": {"datetime": "2021-09-24 19:52:44", "elapsed": 5.934664, "delta": 0.354361}}
{"target": -42.2977726219814, "params": {"C": 277.89828291322067, "epsilon": 0.6269256740950556, "gamma": 0.015362216645083429, "lamda": 1.5220923127195916}, "datetime": {"datetime": "2021-09-24 19:52:44", "elapsed": 6.251244, "delta": 0.31658}}
{"target": -43.80901264503376, "params": {"C": 273.42997358822504, "epsilon": 0.4194317182155626, "gamma": 0.05680719456355587, "lamda": 1.926210282721815}, "datetime": {"datetime": "2021-09-24 19:52:44", "elapsed": 6.536059, "delta": 0.284815}}
{"target": -44.08243769233068, "params": {"C": 277.98563532557074, "epsilon": 0.6151297916148706, "gamma": 0.06369701848713326, "lamda": 1.4747966191559136}, "datetime": {"datetime": "2021-09-24 19:52:45", "elapsed": 6.86916, "delta": 0.333101}}
{"target": -45.951998447144675, "params": {"C": 256.38042134493975, "epsilon": 0.5704847072802339, "gamma": 0.09880686576204636, "lamda": 1.0047159841559843}, "datetime": {"datetime": "2021-09-24 19:52:45", "elapsed": 7.167202, "delta": 0.298042}}
{"target": -43.392159821933916, "params": {"C": 296.9411483866361, "epsilon": 0.9771113965685772, "gamma": 0.04526290024357037, "lamda": 0.9236640822982138}, "datetime": {"datetime": "2021-09-24 19:52:45", "elapsed": 7.493498, "delta": 0.326296}}
{"target": -42.389029270727136, "params": {"C": 277.9248154627936, "epsilon": 0.6700148649460187, "gamma": 0.01718536872369025, "lamda": 1.5946480221745318}, "datetime": {"datetime": "2021-09-24 19:52:46", "elapsed": 7.825718, "delta": 0.33222}}
{"target": -45.78122428972421, "params": {"C": 281.0531120073656, "epsilon": 0.5347360343084835, "gamma": 0.09968428145914938, "lamda": 1.3269470118844704}, "datetime": {"datetime": "2021-09-24 19:52:46", "elapsed": 8.157956, "delta": 0.332238}}
{"target": -43.73461844655636, "params": {"C": 277.9537359968389, "epsilon": 0.5699310938390638, "gamma": 0.054436596500204784, "lamda": 1.6358109166488888}, "datetime": {"datetime": "2021-09-24 19:52:46", "elapsed": 8.479183, "delta": 0.321227}}
{"target": -45.02959541955634, "params": {"C": 299.9677223553697, "epsilon": 0.4297825970732561, "gamma": 0.08587717601156931, "lamda": 1.7848706376262866}, "datetime": {"datetime": "2021-09-24 19:52:47", "elapsed": 8.812574, "delta": 0.333391}}
{"target": -44.85516435601719, "params": {"C": 273.4507888834061, "epsilon": 0.41286933039170637, "gamma": 0.08235863805212006, "lamda": 1.8378525679195497}, "datetime": {"datetime": "2021-09-24 19:52:47", "elapsed": 9.144673, "delta": 0.332099}}
{"target": -45.03354124837787, "params": {"C": 309.20859533230794, "epsilon": 0.8447197881586428, "gamma": 0.08383931230551202, "lamda": 1.5887690344604208}, "datetime": {"datetime": "2021-09-24 19:52:47", "elapsed": 9.460764, "delta": 0.316091}}
{"target": -42.69998834554608, "params": {"C": 278.6253528746555, "epsilon": 0.6331927103476087, "gamma": 0.0015875296640146127, "lamda": 0.717234144804496}, "datetime": {"datetime": "2021-09-24 19:52:48", "elapsed": 9.81522, "delta": 0.354456}}
{"target": -42.803153370216094, "params": {"C": 277.88290272006475, "epsilon": 0.6559393491082712, "gamma": 0.027622079688203793, "lamda": 1.6448623097691455}, "datetime": {"datetime": "2021-09-24 19:52:48", "elapsed": 10.147291, "delta": 0.332071}}
{"target": -43.3245538700117, "params": {"C": 266.2256026659674, "epsilon": 0.46062361859237233, "gamma": 0.03527458643705465, "lamda": 0.7277806249548879}, "datetime": {"datetime": "2021-09-24 19:52:48", "elapsed": 10.53286, "delta": 0.385569}}
{"target": -44.81569737690259, "params": {"C": 317.8109854544266, "epsilon": 0.7558639262915041, "gamma": 0.08130680245871284, "lamda": 1.0550287208054752}, "datetime": {"datetime": "2021-09-24 19:52:49", "elapsed": 10.864306, "delta": 0.331446}}
{"target": -43.68823114870488, "params": {"C": 300.22429526238466, "epsilon": 0.36956948173165105, "gamma": 0.05374087683051226, "lamda": 2.0066098391821106}, "datetime": {"datetime": "2021-09-24 19:52:49", "elapsed": 11.236377, "delta": 0.372071}}
{"target": -43.02743109546904, "params": {"C": 251.94620438098843, "epsilon": 0.7689353243481665, "gamma": 0.031039406968903352, "lamda": 2.0547937914393746}, "datetime": {"datetime": "2021-09-24 19:52:49", "elapsed": 11.559532, "delta": 0.323155}}
{"target": -43.71574293116513, "params": {"C": 277.7894237954019, "epsilon": 0.6165043799931647, "gamma": 0.05381719755117498, "lamda": 1.4961900648862159}, "datetime": {"datetime": "2021-09-24 19:52:50", "elapsed": 11.956002, "delta": 0.39647}}
{"target": -43.54072336094564, "params": {"C": 277.8585324425949, "epsilon": 0.6768653291871842, "gamma": 0.04874222435273566, "lamda": 1.5602913675379688}, "datetime": {"datetime": "2021-09-24 19:52:50", "elapsed": 12.310724, "delta": 0.354722}}
{"target": -44.864340847033326, "params": {"C": 314.0715348844055, "epsilon": 0.3464488808417596, "gamma": 0.08154960214715547, "lamda": 1.9575218268667196}, "datetime": {"datetime": "2021-09-24 19:52:50", "elapsed": 12.631745, "delta": 0.321021}}
{"target": -44.28640719055642, "params": {"C": 269.7801175886623, "epsilon": 0.9328372430497978, "gamma": 0.06814258760919162, "lamda": 0.833231534185034}, "datetime": {"datetime": "2021-09-24 19:52:51", "elapsed": 13.065611, "delta": 0.433866}}
{"target": -45.334541611363505, "params": {"C": 265.36805156602554, "epsilon": 0.8552304050654727, "gamma": 0.09271520159928501, "lamda": 1.024861697576827}, "datetime": {"datetime": "2021-09-24 19:52:51", "elapsed": 13.431933, "delta": 0.366322}}
{"target": -43.98865958480201, "params": {"C": 277.9671761353632, "epsilon": 0.6525061757649369, "gamma": 0.060924092957155215, "lamda": 1.5769929494822401}, "datetime": {"datetime": "2021-09-24 19:52:52", "elapsed": 13.796338, "delta": 0.364405}}
{"target": -44.100608320413976, "params": {"C": 277.85195774284034, "epsilon": 0.5647489944772175, "gamma": 0.06430894869723729, "lamda": 1.6065303370128987}, "datetime": {"datetime": "2021-09-24 19:52:52", "elapsed": 14.178125, "delta": 0.381787}}
{"target": -44.5916719308002, "params": {"C": 309.3408481587801, "epsilon": 0.6774918245591345, "gamma": 0.07626761832829801, "lamda": 1.1701967722441644}, "datetime": {"datetime": "2021-09-24 19:52:52", "elapsed": 14.534087, "delta": 0.355962}}
{"target": -44.56078723244309, "params": {"C": 334.4672303808105, "epsilon": 0.8003948191864116, "gamma": 0.07623080184619944, "lamda": 1.0980995158405027}, "datetime": {"datetime": "2021-09-24 19:52:53", "elapsed": 14.91043, "delta": 0.376343}}
{"target": -44.469878419212506, "params": {"C": 300.2357146531054, "epsilon": 0.459666534272555, "gamma": 0.07473691802114979, "lamda": 1.8974278067840078}, "datetime": {"datetime": "2021-09-24 19:52:53", "elapsed": 15.312732, "delta": 0.402302}}
{"target": -43.771895040046445, "params": {"C": 260.78399559363265, "epsilon": 0.4546315619616242, "gamma": 0.05504902275714166, "lamda": 1.4334170206961527}, "datetime": {"datetime": "2021-09-24 19:52:54", "elapsed": 15.734078, "delta": 0.421346}}
{"target": -44.76068932029721, "params": {"C": 267.0450866846654, "epsilon": 0.7436329305121805, "gamma": 0.08016395608114574, "lamda": 1.4800415785530818}, "datetime": {"datetime": "2021-09-24 19:52:54", "elapsed": 16.077665, "delta": 0.343587}}
{"target": -44.0938583492826, "params": {"C": 251.94556095359354, "epsilon": 0.7825193327219158, "gamma": 0.05820600102784142, "lamda": 2.0852420035493915}, "datetime": {"datetime": "2021-09-24 19:52:54", "elapsed": 16.483662, "delta": 0.405997}}
{"target": -42.78760163620319, "params": {"C": 278.64600913454257, "epsilon": 0.5849357351804185, "gamma": 0.027836451379348714, "lamda": 0.7735817139133632}, "datetime": {"datetime": "2021-09-24 19:52:55", "elapsed": 16.90776, "delta": 0.424098}}
{"target": -44.45366825197014, "params": {"C": 299.82188119736577, "epsilon": 0.5485179755136205, "gamma": 0.07398176812446429, "lamda": 1.8018947631196676}, "datetime": {"datetime": "2021-09-24 19:52:55", "elapsed": 17.307255, "delta": 0.399495}}
{"target": -42.19710170126096, "params": {"C": 299.9188062071004, "epsilon": 0.47877767864845, "gamma": 0.012770757494843906, "lamda": 1.9138587532065625}, "datetime": {"datetime": "2021-09-24 19:52:56", "elapsed": 17.761252, "delta": 0.453997}}
{"target": -43.66764079473101, "params": {"C": 266.29578658916876, "epsilon": 0.5198916877596409, "gamma": 0.04562247476780634, "lamda": 0.7127025151087601}, "datetime": {"datetime": "2021-09-24 19:52:56", "elapsed": 18.203698, "delta": 0.442446}}
{"target": -43.68171742472195, "params": {"C": 277.77821727233527, "epsilon": 0.652666524292753, "gamma": 0.052856504428964106, "lamda": 1.4649759715839643}, "datetime": {"datetime": "2021-09-24 19:52:56", "elapsed": 18.577108, "delta": 0.37341}}
{"target": -42.5574202402125, "params": {"C": 299.9347643257281, "epsilon": 0.35968794669692306, "gamma": 0.023451827374571573, "lamda": 1.9693428055327415}, "datetime": {"datetime": "2021-09-24 19:52:57", "elapsed": 18.970854, "delta": 0.393746}}
{"target": -42.439216124095914, "params": {"C": 273.4238728174024, "epsilon": 0.41337068510474584, "gamma": 0.020410293543190204, "lamda": 1.935200747223549}, "datetime": {"datetime": "2021-09-24 19:52:57", "elapsed": 19.371019, "delta": 0.400165}}
{"target": -42.36667942961319, "params": {"C": 299.9264111911722, "epsilon": 0.39398227744529335, "gamma": 0.01911513292904613, "lamda": 1.8325258492037433}, "datetime": {"datetime": "2021-09-24 19:52:58", "elapsed": 19.803488, "delta": 0.432469}}
{"target": -43.945948364498825, "params": {"C": 299.9519067145057, "epsilon": 0.45196782598148544, "gamma": 0.060506556663219996, "lamda": 1.8811028872876006}, "datetime": {"datetime": "2021-09-24 19:52:58", "elapsed": 20.251568, "delta": 0.44808}}
{"target": -43.51406139075769, "params": {"C": 299.9518645651933, "epsilon": 0.42420802453326517, "gamma": 0.04925131182034275, "lamda": 1.9633482358540082}, "datetime": {"datetime": "2021-09-24 19:52:58", "elapsed": 20.662294, "delta": 0.410726}}
{"target": -42.53136805171788, "params": {"C": 273.2918837265283, "epsilon": 0.8122882613341671, "gamma": 0.018451228962481515, "lamda": 1.6593028130054144}, "datetime": {"datetime": "2021-09-24 19:52:59", "elapsed": 21.053535, "delta": 0.391241}}
{"target": -42.60446576461638, "params": {"C": 299.573515198511, "epsilon": 0.7907258382240827, "gamma": 0.01772253265588088, "lamda": 2.0755187344975017}, "datetime": {"datetime": "2021-09-24 19:52:59", "elapsed": 21.442932, "delta": 0.389397}}
{"target": -44.52531980583906, "params": {"C": 299.8533449265888, "epsilon": 0.4372238414276796, "gamma": 0.001238917668920435, "lamda": 1.9100140960583138}, "datetime": {"datetime": "2021-09-24 19:53:00", "elapsed": 21.850651, "delta": 0.407719}}
{"target": -42.761638612421855, "params": {"C": 278.59386948659903, "epsilon": 0.5334758670878825, "gamma": 0.026702537460056838, "lamda": 0.7860672357935281}, "datetime": {"datetime": "2021-09-24 19:53:00", "elapsed": 22.300038, "delta": 0.449387}}
{"target": -42.8167755321983, "params": {"C": 326.9213846895652, "epsilon": 0.431452986542664, "gamma": 0.029786286127549806, "lamda": 1.6988741673620769}, "datetime": {"datetime": "2021-09-24 19:53:01", "elapsed": 22.703284, "delta": 0.403246}}
{"target": -44.97296164732932, "params": {"C": 326.3577651126641, "epsilon": 0.5785742574149026, "gamma": 0.08127649023127038, "lamda": 1.0248880714721698}, "datetime": {"datetime": "2021-09-24 19:53:01", "elapsed": 23.092286, "delta": 0.389002}}
{"target": -45.31651908576274, "params": {"C": 334.58786071119823, "epsilon": 0.46307689582040434, "gamma": 0.09272659833841258, "lamda": 1.9635170544410272}, "datetime": {"datetime": "2021-09-24 19:53:01", "elapsed": 23.496106, "delta": 0.40382}}
{"target": -43.80560085200843, "params": {"C": 251.98166742515085, "epsilon": 0.7799993083167076, "gamma": 0.051835195028558226, "lamda": 1.962164037536443}, "datetime": {"datetime": "2021-09-24 19:53:02", "elapsed": 23.914935, "delta": 0.418829}}
{"target": -44.994492246980975, "params": {"C": 292.15792260093224, "epsilon": 0.8337189422870621, "gamma": 0.08424358533864049, "lamda": 1.4495725835770732}, "datetime": {"datetime": "2021-09-24 19:53:02", "elapsed": 24.324014, "delta": 0.409079}}
{"target": -42.30988206800572, "params": {"C": 299.88517955964414, "epsilon": 0.3824578505883003, "gamma": 0.01745065913475196, "lamda": 1.9635028139195805}, "datetime": {"datetime": "2021-09-24 19:53:03", "elapsed": 24.790009, "delta": 0.465995}}
{"target": -43.75428553422706, "params": {"C": 266.7725843358535, "epsilon": 0.9665049591897052, "gamma": 0.053202697887374154, "lamda": 1.2171398852658801}, "datetime": {"datetime": "2021-09-24 19:53:03", "elapsed": 25.243135, "delta": 0.453126}}
{"target": -42.1793906742014, "params": {"C": 299.90964217409913, "epsilon": 0.4199895414670185, "gamma": 0.013024402076799772, "lamda": 1.9892511055832705}, "datetime": {"datetime": "2021-09-24 19:53:04", "elapsed": 25.67982, "delta": 0.436685}}
{"target": -42.55065409381356, "params": {"C": 299.90218762335684, "epsilon": 0.5647865705264453, "gamma": 0.02109440310934699, "lamda": 1.951135584358342}, "datetime": {"datetime": "2021-09-24 19:53:04", "elapsed": 26.136026, "delta": 0.456206}}
{"target": -44.71641509298054, "params": {"C": 299.8754711524509, "epsilon": 0.4975840832822813, "gamma": 0.0799397929033758, "lamda": 1.9520033627463151}, "datetime": {"datetime": "2021-09-24 19:53:04", "elapsed": 26.60345, "delta": 0.467424}}
{"target": -41.819526482300056, "params": {"C": 289.19505304132366, "epsilon": 0.30578347980692716, "gamma": 0.005494458227009835, "lamda": 1.5645759445888805}, "datetime": {"datetime": "2021-09-24 19:53:05", "elapsed": 27.030824, "delta": 0.427374}}
{"target": -41.890076206301195, "params": {"C": 300.01442021344275, "epsilon": 0.3767906584273739, "gamma": 0.006897430944979502, "lamda": 1.8708674969921018}, "datetime": {"datetime": "2021-09-24 19:53:05", "elapsed": 27.467164, "delta": 0.43634}}
{"target": -42.44410296437818, "params": {"C": 286.37774185467777, "epsilon": 0.8007592483187116, "gamma": 0.01180397783664993, "lamda": 1.9827555912917818}, "datetime": {"datetime": "2021-09-24 19:53:06", "elapsed": 27.899363, "delta": 0.432199}}
{"target": -42.903255220362695, "params": {"C": 273.31613990877935, "epsilon": 0.8838429766304317, "gamma": 0.005175685312781105, "lamda": 1.6733953746858161}, "datetime": {"datetime": "2021-09-24 19:53:06", "elapsed": 28.389603, "delta": 0.49024}}
{"target": -41.95094725824114, "params": {"C": 273.4373713792222, "epsilon": 0.38745946845455026, "gamma": 0.008568436587128827, "lamda": 1.910616460406171}, "datetime": {"datetime": "2021-09-24 19:53:07", "elapsed": 28.872683, "delta": 0.48308}}
{"target": -42.02627118479541, "params": {"C": 342.6978301503865, "epsilon": 0.9665454474193242, "gamma": 0.009560741843880022, "lamda": 0.8421004030225382}, "datetime": {"datetime": "2021-09-24 19:53:07", "elapsed": 29.360302, "delta": 0.487619}}
