{"target": 0.4692787141540208, "params": {"C": 767.2453218248357, "epsilon": 0.9084055976143928, "gamma": 0.009280147571250267, "lamda": 0.5782519206299939}, "datetime": {"datetime": "2021-09-23 22:46:35", "elapsed": 275.852891, "delta": 1.625078}}
{"target": 0.46779390469295046, "params": {"C": 789.5371502974823, "epsilon": 0.9738235622296677, "gamma": 0.008282938438480048, "lamda": 0.7370994575292672}, "datetime": {"datetime": "2021-09-23 22:46:36", "elapsed": 277.359892, "delta": 1.507001}}
{"target": 0.4692725807092427, "params": {"C": 783.3918989197118, "epsilon": 0.7388002770023829, "gamma": 0.009854101086260331, "lamda": 0.6363478262718923}, "datetime": {"datetime": "2021-09-23 22:46:39", "elapsed": 280.441483, "delta": 3.081591}}
{"target": 0.46877143256931486, "params": {"C": 751.1430247208382, "epsilon": 0.780914428244346, "gamma": 0.010820471859264527, "lamda": 0.6941144854827267}, "datetime": {"datetime": "2021-09-23 22:46:43", "elapsed": 284.093494, "delta": 3.652011}}
{"target": 0.4688289458753081, "params": {"C": 760.8201331676498, "epsilon": 0.8418076654010735, "gamma": 0.010690382517907982, "lamda": 0.6408060170697132}, "datetime": {"datetime": "2021-09-23 22:46:45", "elapsed": 286.029874, "delta": 1.93638}}
{"target": 0.4691661541894212, "params": {"C": 809.5007440018909, "epsilon": 0.7966422548020007, "gamma": 0.009833521569363582, "lamda": 0.6674246119421159}, "datetime": {"datetime": "2021-09-23 22:46:46", "elapsed": 287.571519, "delta": 1.541645}}
{"target": 0.4683614510979366, "params": {"C": 782.2662284525161, "epsilon": 0.9185222624165329, "gamma": 0.010237531466202293, "lamda": 0.7593501827087481}, "datetime": {"datetime": "2021-09-23 22:46:49", "elapsed": 289.955492, "delta": 2.383973}}
{"target": 0.4694071172010156, "params": {"C": 828.6620617731337, "epsilon": 0.7478770047980787, "gamma": 0.009451848390733552, "lamda": 0.6269802149580942}, "datetime": {"datetime": "2021-09-23 22:46:51", "elapsed": 291.753528, "delta": 1.798036}}
{"target": 0.46917865899003397, "params": {"C": 758.1175771781691, "epsilon": 0.8399990516596074, "gamma": 0.008936371523796477, "lamda": 0.6603564680551134}, "datetime": {"datetime": "2021-09-23 22:46:52", "elapsed": 293.644455, "delta": 1.890927}}
{"target": 0.46822808224874823, "params": {"C": 765.8368824393011, "epsilon": 0.7996255336842273, "gamma": 0.011707401134491565, "lamda": 0.653735906431972}, "datetime": {"datetime": "2021-09-23 22:46:54", "elapsed": 295.638234, "delta": 1.993779}}
{"target": 0.4693380936274911, "params": {"C": 810.5357334134659, "epsilon": 0.80603710721572, "gamma": 0.009018943755726498, "lamda": 0.6421902829427799}, "datetime": {"datetime": "2021-09-23 22:46:56", "elapsed": 297.142945, "delta": 1.504711}}
{"target": 0.46914433469108774, "params": {"C": 836.5864990230041, "epsilon": 0.9881526286960431, "gamma": 0.008487871327263072, "lamda": 0.5506967308592795}, "datetime": {"datetime": "2021-09-23 22:46:58", "elapsed": 298.783619, "delta": 1.640674}}
{"target": 0.4686125110327265, "params": {"C": 804.165324199358, "epsilon": 0.919855139524269, "gamma": 0.009927699645693643, "lamda": 0.7149501353292189}, "datetime": {"datetime": "2021-09-23 22:46:59", "elapsed": 300.394772, "delta": 1.611153}}
{"target": 0.46913116687201073, "params": {"C": 788.9424511050132, "epsilon": 0.9825947249158782, "gamma": 0.008812720717396298, "lamda": 0.5667272020837941}, "datetime": {"datetime": "2021-09-23 22:47:01", "elapsed": 301.957807, "delta": 1.563035}}
{"target": 0.4692611062224432, "params": {"C": 755.2377383932549, "epsilon": 0.9731961699879098, "gamma": 0.007915695429644182, "lamda": 0.5062837171025776}, "datetime": {"datetime": "2021-09-23 22:47:02", "elapsed": 303.497676, "delta": 1.539869}}
{"target": 0.46790978611743483, "params": {"C": 783.9657086834579, "epsilon": 0.7064342150535421, "gamma": 0.011582959550161746, "lamda": 0.5782701601263733}, "datetime": {"datetime": "2021-09-23 22:47:04", "elapsed": 305.135643, "delta": 1.637967}}
{"target": 0.4686103911995311, "params": {"C": 865.0936115353062, "epsilon": 0.9628069068525295, "gamma": 0.010146519184214645, "lamda": 0.6761214343381943}, "datetime": {"datetime": "2021-09-23 22:47:06", "elapsed": 306.887962, "delta": 1.752319}}
{"target": 0.468878355053411, "params": {"C": 832.9888304890114, "epsilon": 0.8930526061351706, "gamma": 0.010643130610611493, "lamda": 0.5486697842311217}, "datetime": {"datetime": "2021-09-23 22:47:08", "elapsed": 308.693665, "delta": 1.805703}}
{"target": 0.4688391719778947, "params": {"C": 884.0175382479163, "epsilon": 0.9762835583515439, "gamma": 0.00862166252729107, "lamda": 0.6147525039878121}, "datetime": {"datetime": "2021-09-23 22:47:10", "elapsed": 311.29166, "delta": 2.597995}}
{"target": 0.4685211730366641, "params": {"C": 803.8595750387849, "epsilon": 0.9675757222826336, "gamma": 0.010446315628752792, "lamda": 0.6792295705145719}, "datetime": {"datetime": "2021-09-23 22:47:12", "elapsed": 313.108665, "delta": 1.817005}}
{"target": 0.4689652309343011, "params": {"C": 816.8291303710345, "epsilon": 0.7732926150848921, "gamma": 0.010514550340064549, "lamda": 0.6317911579354203}, "datetime": {"datetime": "2021-09-23 22:47:14", "elapsed": 315.150665, "delta": 2.042}}
{"target": 0.4681389762597076, "params": {"C": 855.5821258624536, "epsilon": 0.9993067907182154, "gamma": 0.0073286935498991426, "lamda": 0.5982248984794973}, "datetime": {"datetime": "2021-09-23 22:47:16", "elapsed": 317.296665, "delta": 2.146}}
{"target": 0.46883170756882164, "params": {"C": 789.0591271238027, "epsilon": 0.9134644419802986, "gamma": 0.008947589357347293, "lamda": 0.6728495503113529}, "datetime": {"datetime": "2021-09-23 22:47:18", "elapsed": 319.675664, "delta": 2.378999}}
{"target": 0.46839510807278795, "params": {"C": 799.7720566472037, "epsilon": 0.9536935497725723, "gamma": 0.008209005554295698, "lamda": 0.6714696851465195}, "datetime": {"datetime": "2021-09-23 22:47:20", "elapsed": 321.381538, "delta": 1.705874}}
{"target": 0.467142487358026, "params": {"C": 847.3374261978566, "epsilon": 0.776600602897171, "gamma": 0.006435941943637689, "lamda": 0.7691585631594957}, "datetime": {"datetime": "2021-09-23 22:47:22", "elapsed": 323.597322, "delta": 2.215784}}
{"target": 0.46963968405706, "params": {"C": 758.5699884192551, "epsilon": 0.7570146621920466, "gamma": 0.008163006342627501, "lamda": 0.5413978026060464}, "datetime": {"datetime": "2021-09-23 22:47:25", "elapsed": 325.921967, "delta": 2.324645}}
{"target": 0.4687770440382957, "params": {"C": 847.4618089098574, "epsilon": 0.8537865677538152, "gamma": 0.008557517801978658, "lamda": 0.7147879381753361}, "datetime": {"datetime": "2021-09-23 22:47:26", "elapsed": 327.606964, "delta": 1.684997}}
{"target": 0.46913345043379084, "params": {"C": 898.6741558021681, "epsilon": 0.8376805982043297, "gamma": 0.010020229908491139, "lamda": 0.6198207786167952}, "datetime": {"datetime": "2021-09-23 22:47:28", "elapsed": 329.374956, "delta": 1.767992}}
{"target": 0.4682743090921391, "params": {"C": 771.9115467772172, "epsilon": 0.8347700696874379, "gamma": 0.011257614924613153, "lamda": 0.7908332601667435}, "datetime": {"datetime": "2021-09-23 22:47:31", "elapsed": 332.413714, "delta": 3.038758}}
{"target": 0.468681304379459, "params": {"C": 762.2985491410516, "epsilon": 0.8137073077569409, "gamma": 0.00999400709439902, "lamda": 0.7960331991945975}, "datetime": {"datetime": "2021-09-23 22:47:33", "elapsed": 333.928421, "delta": 1.514707}}
{"target": 0.46879263263754856, "params": {"C": 800.1677073271052, "epsilon": 0.8097204623907228, "gamma": 0.009601685958946893, "lamda": 0.7811537395178246}, "datetime": {"datetime": "2021-09-23 22:47:35", "elapsed": 336.043478, "delta": 2.115057}}
{"target": 0.468859293943376, "params": {"C": 830.9224855888616, "epsilon": 0.7467176517529767, "gamma": 0.01053133675013495, "lamda": 0.7568930628512387}, "datetime": {"datetime": "2021-09-23 22:47:38", "elapsed": 338.971653, "delta": 2.928175}}
{"target": 0.46834411143925214, "params": {"C": 805.3232780000714, "epsilon": 0.8866452032696011, "gamma": 0.011455174015080598, "lamda": 0.5511096439681731}, "datetime": {"datetime": "2021-09-23 22:47:39", "elapsed": 340.608373, "delta": 1.63672}}
{"target": 0.46820179137755025, "params": {"C": 752.6526932499412, "epsilon": 0.8295060791817305, "gamma": 0.006302492341403766, "lamda": 0.5607195629193558}, "datetime": {"datetime": "2021-09-23 22:47:41", "elapsed": 342.586003, "delta": 1.97763}}
{"target": 0.46962701318126865, "params": {"C": 754.2722160343077, "epsilon": 0.7794949852898928, "gamma": 0.008472100294124419, "lamda": 0.539304959294714}, "datetime": {"datetime": "2021-09-23 22:47:44", "elapsed": 345.40606, "delta": 2.820057}}
{"target": 0.4666971892644256, "params": {"C": 798.8360638856067, "epsilon": 0.9542134262128987, "gamma": 0.0061947210101061904, "lamda": 0.633057545707852}, "datetime": {"datetime": "2021-09-23 22:47:46", "elapsed": 347.047035, "delta": 1.640975}}
{"target": 0.4682059970617276, "params": {"C": 767.1060976137758, "epsilon": 0.9081226360608738, "gamma": 0.006258407996554855, "lamda": 0.5025139003226858}, "datetime": {"datetime": "2021-09-23 22:47:48", "elapsed": 348.814036, "delta": 1.767001}}
{"target": 0.46767581522452983, "params": {"C": 763.9847834586405, "epsilon": 0.804784528492271, "gamma": 0.0066781668878457, "lamda": 0.7174631008897628}, "datetime": {"datetime": "2021-09-23 22:47:49", "elapsed": 350.404036, "delta": 1.59}}
{"target": 0.4689346752264808, "params": {"C": 793.0475372582546, "epsilon": 0.7323411546221832, "gamma": 0.010360909409553788, "lamda": 0.5660991245415488}, "datetime": {"datetime": "2021-09-23 22:47:51", "elapsed": 352.454033, "delta": 2.049997}}
{"target": 0.4678878519949202, "params": {"C": 759.1435158878108, "epsilon": 0.8002779275809592, "gamma": 0.007083993776523611, "lamda": 0.7541146321754548}, "datetime": {"datetime": "2021-09-23 22:47:53", "elapsed": 354.089559, "delta": 1.635526}}
{"target": 0.4682860188931216, "params": {"C": 801.3523386630186, "epsilon": 0.8490018559456213, "gamma": 0.007484004275332058, "lamda": 0.7048093344958467}, "datetime": {"datetime": "2021-09-23 22:47:55", "elapsed": 355.797559, "delta": 1.708}}
{"target": 0.4694342948536313, "params": {"C": 875.1627562671011, "epsilon": 0.7247496978181917, "gamma": 0.007539759486186593, "lamda": 0.5956969527432106}, "datetime": {"datetime": "2021-09-23 22:47:57", "elapsed": 358.535557, "delta": 2.737998}}
{"target": 0.46842415766017165, "params": {"C": 840.0358053054404, "epsilon": 0.9149001655293564, "gamma": 0.007235858599638965, "lamda": 0.6075816920357759}, "datetime": {"datetime": "2021-09-23 22:47:59", "elapsed": 360.17856, "delta": 1.643003}}
{"target": 0.46883895367703066, "params": {"C": 899.6138309204149, "epsilon": 0.9638475999296539, "gamma": 0.009337153483686626, "lamda": 0.6418346921781186}, "datetime": {"datetime": "2021-09-23 22:48:01", "elapsed": 362.20137, "delta": 2.02281}}
{"target": 0.4691844129771936, "params": {"C": 808.7997802972981, "epsilon": 0.814601545297408, "gamma": 0.009982793837101996, "lamda": 0.5248287693185671}, "datetime": {"datetime": "2021-09-23 22:48:04", "elapsed": 365.175134, "delta": 2.973764}}
{"target": 0.4685352604079187, "params": {"C": 864.8027907210866, "epsilon": 0.9946222230518169, "gamma": 0.0070720366417137085, "lamda": 0.5256565325353171}, "datetime": {"datetime": "2021-09-23 22:48:06", "elapsed": 367.380046, "delta": 2.204912}}
{"target": 0.46917159321617574, "params": {"C": 791.8463661092396, "epsilon": 0.9878458242126245, "gamma": 0.00978589380740772, "lamda": 0.5335702827980261}, "datetime": {"datetime": "2021-09-23 22:48:08", "elapsed": 369.440188, "delta": 2.060142}}
{"target": 0.4692972993310105, "params": {"C": 794.2757325302068, "epsilon": 0.7534707474091817, "gamma": 0.00973425063415752, "lamda": 0.6453168324107152}, "datetime": {"datetime": "2021-09-23 22:48:10", "elapsed": 371.130631, "delta": 1.690443}}
{"target": 0.4686563286656661, "params": {"C": 852.3866514264535, "epsilon": 0.9330206859699689, "gamma": 0.010493913105019001, "lamda": 0.66967804563664}, "datetime": {"datetime": "2021-09-23 22:48:12", "elapsed": 372.99876, "delta": 1.868129}}
{"target": 0.4672571512699726, "params": {"C": 890.3240906806933, "epsilon": 0.744771654932294, "gamma": 0.0061157392021976885, "lamda": 0.7245983474444349}, "datetime": {"datetime": "2021-09-23 22:48:14", "elapsed": 374.685736, "delta": 1.686976}}
{"target": 0.4680753017907934, "params": {"C": 759.8712940680327, "epsilon": 0.8919222108352882, "gamma": 0.0076287349512706186, "lamda": 0.7124050732125221}, "datetime": {"datetime": "2021-09-23 22:48:16", "elapsed": 376.695961, "delta": 2.010225}}
{"target": 0.4666911341180602, "params": {"C": 851.5604105735566, "epsilon": 0.9992503823096366, "gamma": 0.006190334955028674, "lamda": 0.6043116895692212}, "datetime": {"datetime": "2021-09-23 22:48:18", "elapsed": 379.082348, "delta": 2.386387}}
{"target": 0.46627086644738336, "params": {"C": 823.6906444571131, "epsilon": 0.9239770533169389, "gamma": 0.006580980389320174, "lamda": 0.7547058404824587}, "datetime": {"datetime": "2021-09-23 22:48:20", "elapsed": 380.99791, "delta": 1.915562}}
{"target": 0.4687976573521311, "params": {"C": 822.6236017781155, "epsilon": 0.9517729554471247, "gamma": 0.010473934145101867, "lamda": 0.6141280548359742}, "datetime": {"datetime": "2021-09-23 22:48:22", "elapsed": 382.737273, "delta": 1.739363}}
{"target": 0.4695568166101547, "params": {"C": 777.2756083730045, "epsilon": 0.7018105839411214, "gamma": 0.009030997906825735, "lamda": 0.5820079584953423}, "datetime": {"datetime": "2021-09-23 22:48:24", "elapsed": 385.0919, "delta": 2.354627}}
{"target": 0.4691597664251962, "params": {"C": 781.6754211631769, "epsilon": 0.894963590240678, "gamma": 0.008925724978993861, "lamda": 0.621431373579466}, "datetime": {"datetime": "2021-09-23 22:48:26", "elapsed": 387.003088, "delta": 1.911188}}
{"target": 0.46956779150331274, "params": {"C": 770.2675813900564, "epsilon": 0.7777631915442476, "gamma": 0.007616288357462973, "lamda": 0.5083158053669782}, "datetime": {"datetime": "2021-09-23 22:48:28", "elapsed": 388.799086, "delta": 1.795998}}
{"target": 0.46886906598700395, "params": {"C": 843.5727266840303, "epsilon": 0.9749467464942347, "gamma": 0.010642470834130089, "lamda": 0.511390222277452}, "datetime": {"datetime": "2021-09-23 22:48:29", "elapsed": 390.663084, "delta": 1.863998}}
{"target": 0.4690519271261221, "params": {"C": 792.8527745923489, "epsilon": 0.8712945001239873, "gamma": 0.010011584762368068, "lamda": 0.6342008355639768}, "datetime": {"datetime": "2021-09-23 22:48:31", "elapsed": 392.392086, "delta": 1.729002}}
{"target": 0.4690284059346609, "params": {"C": 760.7943778138489, "epsilon": 0.9544877728342183, "gamma": 0.008557958651791688, "lamda": 0.5951794711816829}, "datetime": {"datetime": "2021-09-23 22:48:33", "elapsed": 394.604124, "delta": 2.212038}}
{"target": 0.4691907654441789, "params": {"C": 753.9624844588056, "epsilon": 0.8169978779484723, "gamma": 0.008124741394213823, "lamda": 0.6407306260058635}, "datetime": {"datetime": "2021-09-23 22:48:36", "elapsed": 397.329087, "delta": 2.724963}}
{"target": 0.4687553072024514, "params": {"C": 897.0577293330523, "epsilon": 0.8372146569222246, "gamma": 0.00825539546221446, "lamda": 0.7140735866231522}, "datetime": {"datetime": "2021-09-23 22:48:38", "elapsed": 398.957088, "delta": 1.628001}}
{"target": 0.4688170573710385, "params": {"C": 796.4647673863074, "epsilon": 0.8730506521375012, "gamma": 0.007336424693851469, "lamda": 0.5907980328363043}, "datetime": {"datetime": "2021-09-23 22:48:40", "elapsed": 401.070086, "delta": 2.112998}}
{"target": 0.46860955949456284, "params": {"C": 896.7108834175688, "epsilon": 0.8285128884267, "gamma": 0.010827281443397615, "lamda": 0.5093909670951746}, "datetime": {"datetime": "2021-09-23 22:48:43", "elapsed": 403.830085, "delta": 2.759999}}
{"target": 0.4680528317224172, "params": {"C": 840.8592445098996, "epsilon": 0.9051114026472176, "gamma": 0.00726646261762454, "lamda": 0.6660361548569513}, "datetime": {"datetime": "2021-09-23 22:48:44", "elapsed": 405.615107, "delta": 1.785022}}
{"target": 0.4683279191058036, "params": {"C": 852.4014227669413, "epsilon": 0.8467361262817575, "gamma": 0.006643156555632095, "lamda": 0.5889885832426226}, "datetime": {"datetime": "2021-09-23 22:48:46", "elapsed": 407.641112, "delta": 2.026005}}
{"target": 0.4689953979035828, "params": {"C": 815.5872206860513, "epsilon": 0.9811195407496289, "gamma": 0.009680043909277897, "lamda": 0.5943203833176629}, "datetime": {"datetime": "2021-09-23 22:48:48", "elapsed": 409.550863, "delta": 1.909751}}
{"target": 0.468143094878532, "params": {"C": 806.0493192741374, "epsilon": 0.7692842063738586, "gamma": 0.011532109733868753, "lamda": 0.5741953516210014}, "datetime": {"datetime": "2021-09-23 22:48:51", "elapsed": 412.640104, "delta": 3.089241}}
{"target": 0.46769699165562595, "params": {"C": 768.6364143642511, "epsilon": 0.9785562976850153, "gamma": 0.007963037839626468, "lamda": 0.7203855562650551}, "datetime": {"datetime": "2021-09-23 22:48:55", "elapsed": 416.030222, "delta": 3.390118}}
{"target": 0.46886420353585967, "params": {"C": 812.8832922404238, "epsilon": 0.9009097426532748, "gamma": 0.00863284357594202, "lamda": 0.664910983228141}, "datetime": {"datetime": "2021-09-23 22:48:57", "elapsed": 418.199388, "delta": 2.169166}}
{"target": 0.4661393568663752, "params": {"C": 756.9855406276131, "epsilon": 0.9271571076434731, "gamma": 0.00672011857137391, "lamda": 0.7847111451095101}, "datetime": {"datetime": "2021-09-23 22:48:59", "elapsed": 419.968249, "delta": 1.768861}}
{"target": 0.46888295394386104, "params": {"C": 800.2091524916189, "epsilon": 0.7710280187290245, "gamma": 0.010355710672294292, "lamda": 0.7499277708423167}, "datetime": {"datetime": "2021-09-23 22:49:01", "elapsed": 421.857576, "delta": 1.889327}}
{"target": 0.46833094170075384, "params": {"C": 795.2281907268804, "epsilon": 0.9920679273736969, "gamma": 0.011498682135430486, "lamda": 0.5780420779616313}, "datetime": {"datetime": "2021-09-23 22:49:03", "elapsed": 423.79084, "delta": 1.933264}}
{"target": 0.46864205042641804, "params": {"C": 824.652961356155, "epsilon": 0.8719799872919849, "gamma": 0.011060145119161202, "lamda": 0.5939046412501149}, "datetime": {"datetime": "2021-09-23 22:49:05", "elapsed": 425.870974, "delta": 2.080134}}
{"target": 0.4694008489556232, "params": {"C": 886.8419160495607, "epsilon": 0.7742422943347577, "gamma": 0.008607060739654613, "lamda": 0.6473282589227599}, "datetime": {"datetime": "2021-09-23 22:49:07", "elapsed": 428.245578, "delta": 2.374604}}
{"target": 0.46622994715655797, "params": {"C": 872.8308627062366, "epsilon": 0.9902007239033365, "gamma": 0.006723221950914192, "lamda": 0.7269672943373411}, "datetime": {"datetime": "2021-09-23 22:49:10", "elapsed": 430.784013, "delta": 2.538435}}
{"target": 0.4682794982898213, "params": {"C": 889.3815377810563, "epsilon": 0.7569253832997493, "gamma": 0.007445432323884764, "lamda": 0.7895469700578563}, "datetime": {"datetime": "2021-09-23 22:49:12", "elapsed": 432.784006, "delta": 1.999993}}
{"target": 0.4688657804390145, "params": {"C": 838.9873163500025, "epsilon": 0.78342459667813, "gamma": 0.008575004732854738, "lamda": 0.7661592574196138}, "datetime": {"datetime": "2021-09-23 22:49:14", "elapsed": 435.015569, "delta": 2.231563}}
{"target": 0.4679739956922633, "params": {"C": 820.2383435550115, "epsilon": 0.9145277054728123, "gamma": 0.011838955716931943, "lamda": 0.7262753199514455}, "datetime": {"datetime": "2021-09-23 22:49:16", "elapsed": 436.966439, "delta": 1.95087}}
{"target": 0.4686737501438325, "params": {"C": 786.8078905310748, "epsilon": 0.9105657938583923, "gamma": 0.007746145226923082, "lamda": 0.6274891035075301}, "datetime": {"datetime": "2021-09-23 22:49:18", "elapsed": 439.012347, "delta": 2.045908}}
{"target": 0.4681450885854116, "params": {"C": 766.6765880327403, "epsilon": 0.9436979311985144, "gamma": 0.01050976437387162, "lamda": 0.7720151256056358}, "datetime": {"datetime": "2021-09-23 22:49:20", "elapsed": 440.891102, "delta": 1.878755}}
{"target": 0.4682218625828565, "params": {"C": 803.3859369051623, "epsilon": 0.7524797127705728, "gamma": 0.011735007764603983, "lamda": 0.7720250572043711}, "datetime": {"datetime": "2021-09-23 22:49:22", "elapsed": 443.579409, "delta": 2.688307}}
{"target": 0.4688684178665591, "params": {"C": 873.9830338528141, "epsilon": 0.9376734483297096, "gamma": 0.00763469419871475, "lamda": 0.570220917586996}, "datetime": {"datetime": "2021-09-23 22:49:24", "elapsed": 445.613426, "delta": 2.034017}}
{"target": 0.46908936798109824, "params": {"C": 863.0135930759545, "epsilon": 0.8362721517584968, "gamma": 0.008879224500523936, "lamda": 0.6829544793138194}, "datetime": {"datetime": "2021-09-23 22:49:27", "elapsed": 448.069958, "delta": 2.456532}}
{"target": 0.46781448363895095, "params": {"C": 791.6336848138824, "epsilon": 0.8659935869278117, "gamma": 0.006938712938540096, "lamda": 0.6854508850172509}, "datetime": {"datetime": "2021-09-23 22:49:29", "elapsed": 449.953959, "delta": 1.884001}}
{"target": 0.4685524970696693, "params": {"C": 818.6141996906463, "epsilon": 0.9311333205434347, "gamma": 0.008405015372990684, "lamda": 0.6786828465396038}, "datetime": {"datetime": "2021-09-23 22:49:31", "elapsed": 452.308955, "delta": 2.354996}}
{"target": 0.46916370499607407, "params": {"C": 855.2815786906654, "epsilon": 0.7859752191561701, "gamma": 0.008952316539223437, "lamda": 0.7127583002522844}, "datetime": {"datetime": "2021-09-23 22:49:33", "elapsed": 454.35896, "delta": 2.050005}}
{"target": 0.4694453748789388, "params": {"C": 809.9859237698859, "epsilon": 0.9364991252521505, "gamma": 0.00833591770535876, "lamda": 0.5084095096877513}, "datetime": {"datetime": "2021-09-23 22:49:36", "elapsed": 457.388957, "delta": 3.029997}}
