{"target": 0.4683279191058036, "params": {"C": 752.4014227669413, "epsilon": 0.8467361262817575, "gamma": 0.006643156555632095, "lamda": 0.5889885832426226}, "datetime": {"datetime": "2021-09-23 22:29:11", "elapsed": 489.779799, "delta": 2.311949}}
{"target": 0.4689953979035828, "params": {"C": 715.5872206860513, "epsilon": 0.9811195407496289, "gamma": 0.009680043909277897, "lamda": 0.5943203833176629}, "datetime": {"datetime": "2021-09-23 22:29:13", "elapsed": 491.583792, "delta": 1.803993}}
{"target": 0.468143094878532, "params": {"C": 706.0493192741374, "epsilon": 0.7692842063738586, "gamma": 0.011532109733868753, "lamda": 0.5741953516210014}, "datetime": {"datetime": "2021-09-23 22:29:17", "elapsed": 495.093555, "delta": 3.509763}}
{"target": 0.46769699165562595, "params": {"C": 668.6364143642511, "epsilon": 0.9785562976850153, "gamma": 0.007963037839626468, "lamda": 0.7203855562650551}, "datetime": {"datetime": "2021-09-23 22:29:19", "elapsed": 497.942986, "delta": 2.849431}}
{"target": 0.46886420353585967, "params": {"C": 712.8832922404238, "epsilon": 0.9009097426532748, "gamma": 0.00863284357594202, "lamda": 0.664910983228141}, "datetime": {"datetime": "2021-09-23 22:29:22", "elapsed": 500.266662, "delta": 2.323676}}
{"target": 0.4661393568663752, "params": {"C": 656.9855406276131, "epsilon": 0.9271571076434731, "gamma": 0.00672011857137391, "lamda": 0.7847111451095101}, "datetime": {"datetime": "2021-09-23 22:29:24", "elapsed": 502.373663, "delta": 2.107001}}
{"target": 0.46888295394386104, "params": {"C": 700.2091524916189, "epsilon": 0.7710280187290245, "gamma": 0.010355710672294292, "lamda": 0.7499277708423167}, "datetime": {"datetime": "2021-09-23 22:29:26", "elapsed": 504.517667, "delta": 2.144004}}
{"target": 0.46833094170075384, "params": {"C": 695.2281907268804, "epsilon": 0.9920679273736969, "gamma": 0.011498682135430486, "lamda": 0.5780420779616313}, "datetime": {"datetime": "2021-09-23 22:29:28", "elapsed": 506.430665, "delta": 1.912998}}
{"target": 0.46864205042641804, "params": {"C": 724.652961356155, "epsilon": 0.8719799872919849, "gamma": 0.011060145119161202, "lamda": 0.5939046412501149}, "datetime": {"datetime": "2021-09-23 22:29:31", "elapsed": 509.290273, "delta": 2.859608}}
{"target": 0.4694008489556232, "params": {"C": 786.8419160495607, "epsilon": 0.7742422943347577, "gamma": 0.008607060739654613, "lamda": 0.6473282589227599}, "datetime": {"datetime": "2021-09-23 22:29:33", "elapsed": 511.750927, "delta": 2.460654}}
{"target": 0.46622994715655797, "params": {"C": 772.8308627062366, "epsilon": 0.9902007239033365, "gamma": 0.006723221950914192, "lamda": 0.7269672943373411}, "datetime": {"datetime": "2021-09-23 22:29:36", "elapsed": 514.680775, "delta": 2.929848}}
{"target": 0.4682794982898213, "params": {"C": 789.3815377810563, "epsilon": 0.7569253832997493, "gamma": 0.007445432323884764, "lamda": 0.7895469700578563}, "datetime": {"datetime": "2021-09-23 22:29:39", "elapsed": 516.966974, "delta": 2.286199}}
{"target": 0.4688657804390145, "params": {"C": 738.9873163500025, "epsilon": 0.78342459667813, "gamma": 0.008575004732854738, "lamda": 0.7661592574196138}, "datetime": {"datetime": "2021-09-23 22:29:40", "elapsed": 518.867494, "delta": 1.90052}}
{"target": 0.4679739956922633, "params": {"C": 720.2383435550115, "epsilon": 0.9145277054728123, "gamma": 0.011838955716931943, "lamda": 0.7262753199514455}, "datetime": {"datetime": "2021-09-23 22:29:43", "elapsed": 521.033264, "delta": 2.16577}}
{"target": 0.4686737501438325, "params": {"C": 686.8078905310748, "epsilon": 0.9105657938583923, "gamma": 0.007746145226923082, "lamda": 0.6274891035075301}, "datetime": {"datetime": "2021-09-23 22:29:45", "elapsed": 523.255801, "delta": 2.222537}}
{"target": 0.4681450885854116, "params": {"C": 666.6765880327403, "epsilon": 0.9436979311985144, "gamma": 0.01050976437387162, "lamda": 0.7720151256056358}, "datetime": {"datetime": "2021-09-23 22:29:47", "elapsed": 525.172348, "delta": 1.916547}}
{"target": 0.4682218625828565, "params": {"C": 703.3859369051623, "epsilon": 0.7524797127705728, "gamma": 0.011735007764603983, "lamda": 0.7720250572043711}, "datetime": {"datetime": "2021-09-23 22:29:50", "elapsed": 528.032774, "delta": 2.860426}}
{"target": 0.4688684178665591, "params": {"C": 773.9830338528141, "epsilon": 0.9376734483297096, "gamma": 0.00763469419871475, "lamda": 0.570220917586996}, "datetime": {"datetime": "2021-09-23 22:29:52", "elapsed": 530.159252, "delta": 2.126478}}
{"target": 0.46908936798109824, "params": {"C": 763.0135930759545, "epsilon": 0.8362721517584968, "gamma": 0.008879224500523936, "lamda": 0.6829544793138194}, "datetime": {"datetime": "2021-09-23 22:29:54", "elapsed": 532.159283, "delta": 2.000031}}
{"target": 0.46781448363895095, "params": {"C": 691.6336848138824, "epsilon": 0.8659935869278117, "gamma": 0.006938712938540096, "lamda": 0.6854508850172509}, "datetime": {"datetime": "2021-09-23 22:29:56", "elapsed": 534.531762, "delta": 2.372479}}
{"target": 0.4685524970696693, "params": {"C": 718.6141996906463, "epsilon": 0.9311333205434347, "gamma": 0.008405015372990684, "lamda": 0.6786828465396038}, "datetime": {"datetime": "2021-09-23 22:29:58", "elapsed": 536.555213, "delta": 2.023451}}
{"target": 0.46916370499607407, "params": {"C": 755.2815786906654, "epsilon": 0.7859752191561701, "gamma": 0.008952316539223437, "lamda": 0.7127583002522844}, "datetime": {"datetime": "2021-09-23 22:30:00", "elapsed": 538.468309, "delta": 1.913096}}
{"target": 0.4694453748789388, "params": {"C": 709.9859237698859, "epsilon": 0.9364991252521505, "gamma": 0.00833591770535876, "lamda": 0.5084095096877513}, "datetime": {"datetime": "2021-09-23 22:30:04", "elapsed": 542.046164, "delta": 3.577855}}
{"target": 0.468224461427987, "params": {"C": 668.9474142023777, "epsilon": 0.9735738910684368, "gamma": 0.011362935492667824, "lamda": 0.6710272443820304}, "datetime": {"datetime": "2021-09-23 22:30:05", "elapsed": 543.775084, "delta": 1.72892}}
{"target": 0.4687563499342515, "params": {"C": 735.5713402714334, "epsilon": 0.9863962625645899, "gamma": 0.01073287775177772, "lamda": 0.5662948909618841}, "datetime": {"datetime": "2021-09-23 22:30:08", "elapsed": 546.678852, "delta": 2.903768}}
{"target": 0.4686270510541941, "params": {"C": 771.4781815168601, "epsilon": 0.8322380371443988, "gamma": 0.009351182075732465, "lamda": 0.7914657364250994}, "datetime": {"datetime": "2021-09-23 22:30:11", "elapsed": 548.998599, "delta": 2.319747}}
{"target": 0.4672909479354712, "params": {"C": 665.0733501331675, "epsilon": 0.9952965562891092, "gamma": 0.007089504618015704, "lamda": 0.6666406148059028}, "datetime": {"datetime": "2021-09-23 22:30:13", "elapsed": 551.139286, "delta": 2.140687}}
{"target": 0.4684449749591775, "params": {"C": 761.7759480520831, "epsilon": 0.9566598768010572, "gamma": 0.010710251814804424, "lamda": 0.6891821035105427}, "datetime": {"datetime": "2021-09-23 22:30:16", "elapsed": 554.188755, "delta": 3.049469}}
{"target": 0.46751624039480855, "params": {"C": 712.8634919691385, "epsilon": 0.7674411985692753, "gamma": 0.011764432246686395, "lamda": 0.5009799103458787}, "datetime": {"datetime": "2021-09-23 22:30:18", "elapsed": 556.365072, "delta": 2.176317}}
{"target": 0.4672525481465305, "params": {"C": 710.8554420284381, "epsilon": 0.7775787568713524, "gamma": 0.00622078093350385, "lamda": 0.7147199010396466}, "datetime": {"datetime": "2021-09-23 22:30:20", "elapsed": 558.349504, "delta": 1.984432}}
{"target": 0.46813786773764066, "params": {"C": 731.9856973800438, "epsilon": 0.7019842328755181, "gamma": 0.011689903657910932, "lamda": 0.6692235183724923}, "datetime": {"datetime": "2021-09-23 22:30:22", "elapsed": 560.601567, "delta": 2.252063}}
{"target": 0.46772170160956483, "params": {"C": 745.3362897386044, "epsilon": 0.7076456532760252, "gamma": 0.006078572937841619, "lamda": 0.6901408432153344}, "datetime": {"datetime": "2021-09-23 22:30:25", "elapsed": 563.218886, "delta": 2.617319}}
{"target": 0.4683223978983171, "params": {"C": 757.1356089413056, "epsilon": 0.8299857072886688, "gamma": 0.006972945698972192, "lamda": 0.6517140041328635}, "datetime": {"datetime": "2021-09-23 22:30:27", "elapsed": 565.374772, "delta": 2.155886}}
{"target": 0.46796303147901674, "params": {"C": 713.6988223891026, "epsilon": 0.7381256791823784, "gamma": 0.006207971999350386, "lamda": 0.6516334398253476}, "datetime": {"datetime": "2021-09-23 22:30:30", "elapsed": 568.075838, "delta": 2.701066}}
{"target": 0.4684801913271849, "params": {"C": 686.4942433134053, "epsilon": 0.868167203827696, "gamma": 0.01115258034461335, "lamda": 0.5229102719247151}, "datetime": {"datetime": "2021-09-23 22:30:33", "elapsed": 571.228146, "delta": 3.152308}}
{"target": 0.4688483179123967, "params": {"C": 790.2246570771313, "epsilon": 0.810128249207227, "gamma": 0.010586926522675514, "lamda": 0.6863767089974239}, "datetime": {"datetime": "2021-09-23 22:30:37", "elapsed": 575.545777, "delta": 4.317631}}
{"target": 0.46842779630741815, "params": {"C": 695.4412892806091, "epsilon": 0.9992340542170322, "gamma": 0.010788954661927194, "lamda": 0.656537527503924}, "datetime": {"datetime": "2021-09-23 22:30:43", "elapsed": 581.095698, "delta": 5.549921}}
{"target": 0.4667162294545776, "params": {"C": 732.6128186654712, "epsilon": 0.8352300385039755, "gamma": 0.00632537446523534, "lamda": 0.7440941729696501}, "datetime": {"datetime": "2021-09-23 22:30:45", "elapsed": 583.860888, "delta": 2.76519}}
{"target": 0.4690794082506268, "params": {"C": 786.2775243066958, "epsilon": 0.7099572183752715, "gamma": 0.008368282737169962, "lamda": 0.7883717067077627}, "datetime": {"datetime": "2021-09-23 22:30:48", "elapsed": 586.31388, "delta": 2.452992}}
{"target": 0.4693795217901643, "params": {"C": 790.3325296660412, "epsilon": 0.938404838118679, "gamma": 0.008719646190409606, "lamda": 0.5358483471610859}, "datetime": {"datetime": "2021-09-23 22:30:50", "elapsed": 588.657635, "delta": 2.343755}}
{"target": 0.4677553021033204, "params": {"C": 677.6208707662906, "epsilon": 0.8050790538902399, "gamma": 0.011962600870394142, "lamda": 0.5492368428075067}, "datetime": {"datetime": "2021-09-23 22:30:54", "elapsed": 592.073701, "delta": 3.416066}}
{"target": 0.4690639906895875, "params": {"C": 787.5744267161119, "epsilon": 0.8785695000052558, "gamma": 0.010086945098826015, "lamda": 0.612525136984897}, "datetime": {"datetime": "2021-09-23 22:30:56", "elapsed": 594.219753, "delta": 2.146052}}
{"target": 0.46922078442533754, "params": {"C": 714.892968337892, "epsilon": 0.7636122179395475, "gamma": 0.009880396475141728, "lamda": 0.6584732806474997}, "datetime": {"datetime": "2021-09-23 22:30:59", "elapsed": 597.259385, "delta": 3.039632}}
{"target": 0.469661722380042, "params": {"C": 720.2112242286674, "epsilon": 0.7480843723719918, "gamma": 0.008287354621570304, "lamda": 0.5312884948903336}, "datetime": {"datetime": "2021-09-23 22:31:02", "elapsed": 600.036548, "delta": 2.777163}}
{"target": 0.46835177838913755, "params": {"C": 791.8608619138143, "epsilon": 0.9265607536867919, "gamma": 0.01009488469855701, "lamda": 0.7571600226010533}, "datetime": {"datetime": "2021-09-23 22:31:04", "elapsed": 602.420719, "delta": 2.384171}}
{"target": 0.4687181133981869, "params": {"C": 677.5803826944904, "epsilon": 0.7195784797410263, "gamma": 0.010909421212673848, "lamda": 0.7740990933808869}, "datetime": {"datetime": "2021-09-23 22:31:06", "elapsed": 604.777241, "delta": 2.356522}}
{"target": 0.4687561901492182, "params": {"C": 742.1465357609301, "epsilon": 0.7714056455332405, "gamma": 0.010879514068364403, "lamda": 0.6339289526459084}, "datetime": {"datetime": "2021-09-23 22:31:10", "elapsed": 608.736019, "delta": 3.958778}}
{"target": 0.4681592318224317, "params": {"C": 689.0538577841045, "epsilon": 0.8879496515255599, "gamma": 0.006345848746803813, "lamda": 0.536065576792188}, "datetime": {"datetime": "2021-09-23 22:31:13", "elapsed": 610.975546, "delta": 2.239527}}
{"target": 0.4677507662205975, "params": {"C": 725.0387491635056, "epsilon": 0.9890074868815666, "gamma": 0.011411579715767468, "lamda": 0.7688003203709443}, "datetime": {"datetime": "2021-09-23 22:31:15", "elapsed": 613.011239, "delta": 2.035693}}
{"target": 0.46946685504999697, "params": {"C": 703.7157091687249, "epsilon": 0.713438889416901, "gamma": 0.007797433938244636, "lamda": 0.6268481026910082}, "datetime": {"datetime": "2021-09-23 22:31:17", "elapsed": 615.480059, "delta": 2.46882}}
{"target": 0.4666071114241461, "params": {"C": 771.5068819820519, "epsilon": 0.9172125737709492, "gamma": 0.0067857950902437784, "lamda": 0.755929611821144}, "datetime": {"datetime": "2021-09-23 22:31:21", "elapsed": 619.144308, "delta": 3.664249}}
{"target": 0.4691019165234671, "params": {"C": 729.3512084506518, "epsilon": 0.9367694131669921, "gamma": 0.009069892205631203, "lamda": 0.6062251425516566}, "datetime": {"datetime": "2021-09-23 22:31:24", "elapsed": 622.703359, "delta": 3.559051}}
{"target": 0.46875390530630634, "params": {"C": 720.9871394533476, "epsilon": 0.9840093482031416, "gamma": 0.009916185772542045, "lamda": 0.6383187041196337}, "datetime": {"datetime": "2021-09-23 22:31:28", "elapsed": 626.000195, "delta": 3.296836}}
{"target": 0.46771014033474356, "params": {"C": 784.3423968272809, "epsilon": 0.8209185894032995, "gamma": 0.006817534689809938, "lamda": 0.719903152374294}, "datetime": {"datetime": "2021-09-23 22:31:30", "elapsed": 628.186165, "delta": 2.18597}}
{"target": 0.46900878035139504, "params": {"C": 791.6284511004541, "epsilon": 0.759380969054743, "gamma": 0.010384616695896305, "lamda": 0.5931407085463685}, "datetime": {"datetime": "2021-09-23 22:31:33", "elapsed": 631.796097, "delta": 3.609932}}
{"target": 0.4695927854637938, "params": {"C": 689.014142280686, "epsilon": 0.7707996498403167, "gamma": 0.008170738383905765, "lamda": 0.5579146724295796}, "datetime": {"datetime": "2021-09-23 22:31:35", "elapsed": 633.790151, "delta": 1.994054}}
{"target": 0.46849787945770793, "params": {"C": 652.9792515521532, "epsilon": 0.8476770139207881, "gamma": 0.010603297687367091, "lamda": 0.7772915965635903}, "datetime": {"datetime": "2021-09-23 22:31:38", "elapsed": 636.892589, "delta": 3.102438}}
{"target": 0.46838641517767865, "params": {"C": 741.5469451348324, "epsilon": 0.9803642216490209, "gamma": 0.008752625369283019, "lamda": 0.68410307911066}, "datetime": {"datetime": "2021-09-23 22:31:42", "elapsed": 640.270413, "delta": 3.377824}}
{"target": 0.4685211785516449, "params": {"C": 757.9287548881096, "epsilon": 0.7099812559058472, "gamma": 0.0071669888296142376, "lamda": 0.762579969111605}, "datetime": {"datetime": "2021-09-23 22:31:45", "elapsed": 643.43138, "delta": 3.160967}}
{"target": 0.46853807687593496, "params": {"C": 739.1249904581455, "epsilon": 0.9784676657269837, "gamma": 0.011171757562370665, "lamda": 0.5025025693457816}, "datetime": {"datetime": "2021-09-23 22:31:51", "elapsed": 649.055375, "delta": 5.623995}}
{"target": 0.4690980253786311, "params": {"C": 772.1390858985794, "epsilon": 0.9197681637592414, "gamma": 0.009489020386542871, "lamda": 0.6163564067710533}, "datetime": {"datetime": "2021-09-23 22:31:53", "elapsed": 651.370219, "delta": 2.314844}}
{"target": 0.46930878056322, "params": {"C": 735.106741910679, "epsilon": 0.8433823566717947, "gamma": 0.008120578142142143, "lamda": 0.5927827604341198}, "datetime": {"datetime": "2021-09-23 22:31:55", "elapsed": 653.762542, "delta": 2.392323}}
{"target": 0.46879454757701733, "params": {"C": 790.4037485956076, "epsilon": 0.7845848758014935, "gamma": 0.008037152079194417, "lamda": 0.7392050793002234}, "datetime": {"datetime": "2021-09-23 22:31:58", "elapsed": 656.178895, "delta": 2.416353}}
{"target": 0.46744588409000565, "params": {"C": 738.1495175514453, "epsilon": 0.8560278621536548, "gamma": 0.00692031862785936, "lamda": 0.7346847052015038}, "datetime": {"datetime": "2021-09-23 22:32:00", "elapsed": 658.304423, "delta": 2.125528}}
{"target": 0.46809296302839287, "params": {"C": 661.8407571829661, "epsilon": 0.9342335511826667, "gamma": 0.009777576584613812, "lamda": 0.794027424636121}, "datetime": {"datetime": "2021-09-23 22:32:02", "elapsed": 660.758896, "delta": 2.454473}}
{"target": 0.4691646692580226, "params": {"C": 797.9853695092186, "epsilon": 0.7798460769371425, "gamma": 0.010099737760361476, "lamda": 0.5860727237410028}, "datetime": {"datetime": "2021-09-23 22:32:06", "elapsed": 664.367629, "delta": 3.608733}}
{"target": 0.46868893971369296, "params": {"C": 659.2749758669089, "epsilon": 0.9958297711420028, "gamma": 0.009464592826880489, "lamda": 0.6469018367156308}, "datetime": {"datetime": "2021-09-23 22:32:09", "elapsed": 667.548065, "delta": 3.180436}}
{"target": 0.46833778709315366, "params": {"C": 794.7905301115636, "epsilon": 0.9935847474088524, "gamma": 0.006705412492997458, "lamda": 0.5063207755954205}, "datetime": {"datetime": "2021-09-23 22:32:11", "elapsed": 669.828741, "delta": 2.280676}}
{"target": 0.4687340491154808, "params": {"C": 754.7513745566331, "epsilon": 0.7774720035522876, "gamma": 0.010761040610251744, "lamda": 0.5638528987248601}, "datetime": {"datetime": "2021-09-23 22:32:15", "elapsed": 673.607483, "delta": 3.778742}}
{"target": 0.46823951641953687, "params": {"C": 787.3021390075722, "epsilon": 0.9934276954233259, "gamma": 0.008575424623991407, "lamda": 0.6856255772908808}, "datetime": {"datetime": "2021-09-23 22:32:18", "elapsed": 676.599735, "delta": 2.992252}}
{"target": 0.468840449088085, "params": {"C": 650.6818581246097, "epsilon": 0.9411344351406864, "gamma": 0.010544555217554935, "lamda": 0.5938435649152478}, "datetime": {"datetime": "2021-09-23 22:32:21", "elapsed": 679.106023, "delta": 2.506288}}
{"target": 0.46835833151445516, "params": {"C": 749.8775484028868, "epsilon": 0.9591012403480819, "gamma": 0.009430526124792254, "lamda": 0.7267203621318017}, "datetime": {"datetime": "2021-09-23 22:32:23", "elapsed": 681.388582, "delta": 2.282559}}
{"target": 0.46901110650818423, "params": {"C": 745.9431212261434, "epsilon": 0.885153301568389, "gamma": 0.00954072508725071, "lamda": 0.6625829636639178}, "datetime": {"datetime": "2021-09-23 22:32:26", "elapsed": 684.278834, "delta": 2.890252}}
{"target": 0.4668157831593449, "params": {"C": 663.752121129164, "epsilon": 0.9828801503051732, "gamma": 0.0067871619369956285, "lamda": 0.6857724886390273}, "datetime": {"datetime": "2021-09-23 22:32:28", "elapsed": 686.714039, "delta": 2.435205}}
{"target": 0.46783961538282015, "params": {"C": 740.5395381643739, "epsilon": 0.8995399667192798, "gamma": 0.006023064617334414, "lamda": 0.5136809124175921}, "datetime": {"datetime": "2021-09-23 22:32:32", "elapsed": 690.043165, "delta": 3.329126}}
{"target": 0.46848991586442834, "params": {"C": 752.8067255252575, "epsilon": 0.833336501111795, "gamma": 0.010570057698231789, "lamda": 0.7962331454930891}, "datetime": {"datetime": "2021-09-23 22:32:35", "elapsed": 693.457951, "delta": 3.414786}}
{"target": 0.4692825391218308, "params": {"C": 658.8888062860229, "epsilon": 0.7020227162324166, "gamma": 0.009611330735064174, "lamda": 0.5485832632472701}, "datetime": {"datetime": "2021-09-23 22:32:37", "elapsed": 695.51799, "delta": 2.060039}}
{"target": 0.46878302207945377, "params": {"C": 653.8639504387381, "epsilon": 0.8698800924566997, "gamma": 0.009230116287626135, "lamda": 0.7244874585392505}, "datetime": {"datetime": "2021-09-23 22:32:40", "elapsed": 698.570924, "delta": 3.052934}}
{"target": 0.46658243939569877, "params": {"C": 779.4397760566204, "epsilon": 0.9361648435132103, "gamma": 0.00666628148003484, "lamda": 0.7266712944091505}, "datetime": {"datetime": "2021-09-23 22:32:43", "elapsed": 701.882308, "delta": 3.311384}}
{"target": 0.46751752782048484, "params": {"C": 784.6556170097675, "epsilon": 0.7425055514060153, "gamma": 0.006558223186774258, "lamda": 0.7780692772852105}, "datetime": {"datetime": "2021-09-23 22:32:46", "elapsed": 704.169553, "delta": 2.287245}}
{"target": 0.46608944648382855, "params": {"C": 783.4885406512539, "epsilon": 0.9927395963893424, "gamma": 0.007162403727959722, "lamda": 0.7925004406545197}, "datetime": {"datetime": "2021-09-23 22:32:50", "elapsed": 708.718511, "delta": 4.548958}}
{"target": 0.4683146610927439, "params": {"C": 657.8291224878338, "epsilon": 0.8014903283568923, "gamma": 0.011327660748953704, "lamda": 0.5534078840885532}, "datetime": {"datetime": "2021-09-23 22:32:53", "elapsed": 711.615433, "delta": 2.896922}}
{"target": 0.46764098354059846, "params": {"C": 699.3885783814534, "epsilon": 0.8434505360471336, "gamma": 0.007354801832158706, "lamda": 0.7796696904691582}, "datetime": {"datetime": "2021-09-23 22:32:57", "elapsed": 715.205774, "delta": 3.590341}}
{"target": 0.4680157771015171, "params": {"C": 702.1607323604852, "epsilon": 0.9769617126621353, "gamma": 0.00864851744157034, "lamda": 0.7303688175202953}, "datetime": {"datetime": "2021-09-23 22:32:59", "elapsed": 717.788535, "delta": 2.582761}}
{"target": 0.4692832768989559, "params": {"C": 746.3378908713364, "epsilon": 0.7054525769201533, "gamma": 0.009725051814308617, "lamda": 0.5732404545634144}, "datetime": {"datetime": "2021-09-23 22:33:02", "elapsed": 720.185976, "delta": 2.397441}}
{"target": 0.4686676494196764, "params": {"C": 742.2208896488494, "epsilon": 0.8944934771770408, "gamma": 0.0076845905880950985, "lamda": 0.6343936726705341}, "datetime": {"datetime": "2021-09-23 22:33:04", "elapsed": 722.939043, "delta": 2.753067}}
{"target": 0.4681873184855232, "params": {"C": 691.4528535687228, "epsilon": 0.9211723585177318, "gamma": 0.007875944521864452, "lamda": 0.6975932041959625}, "datetime": {"datetime": "2021-09-23 22:33:07", "elapsed": 725.758924, "delta": 2.819881}}
{"target": 0.4696716583005398, "params": {"C": 677.1855859701255, "epsilon": 0.7263753510454062, "gamma": 0.007972445732406769, "lamda": 0.5088495861910168}, "datetime": {"datetime": "2021-09-23 22:33:11", "elapsed": 729.355122, "delta": 3.596198}}
