{"target": -43.17723577850988, "params": {"C": 171.396375705082, "epsilon": 0.6464504837770345, "gamma": 0.039604447165545474, "lamda": 1.3775404100198307}, "datetime": {"datetime": "2021-09-24 19:32:14", "elapsed": 67.997485, "delta": 0.729405}}
{"target": -42.833254965609, "params": {"C": 199.80938505029397, "epsilon": 0.4375584528074847, "gamma": 0.030228033910733164, "lamda": 1.7089795648641144}, "datetime": {"datetime": "2021-09-24 19:32:15", "elapsed": 68.775383, "delta": 0.777898}}
{"target": -44.13130241118002, "params": {"C": 173.26685879902854, "epsilon": 0.8339028134737831, "gamma": 0.06161605364704726, "lamda": 1.7047990960167}, "datetime": {"datetime": "2021-09-24 19:32:16", "elapsed": 69.516435, "delta": 0.741052}}
{"target": -43.76947333716128, "params": {"C": 217.17902979035398, "epsilon": 0.3847421662013, "gamma": 0.0555723599988207, "lamda": 1.8135414888527126}, "datetime": {"datetime": "2021-09-24 19:32:17", "elapsed": 70.187205, "delta": 0.67077}}
{"target": -42.88779217532019, "params": {"C": 214.03719391291452, "epsilon": 0.5610167887781192, "gamma": 0.03141203254522799, "lamda": 1.361404459955302}, "datetime": {"datetime": "2021-09-24 19:32:17", "elapsed": 70.821303, "delta": 0.634098}}
{"target": -43.011373889635834, "params": {"C": 213.98042123735033, "epsilon": 0.4609431577679042, "gamma": 0.027334610136545156, "lamda": 0.8366722997883943}, "datetime": {"datetime": "2021-09-24 19:32:18", "elapsed": 71.607883, "delta": 0.78658}}
{"target": -44.74282267675685, "params": {"C": 216.83006466297874, "epsilon": 0.3927155730387239, "gamma": 0.06660383909913685, "lamda": 0.8377896717582446}, "datetime": {"datetime": "2021-09-24 19:32:19", "elapsed": 72.278748, "delta": 0.670865}}
{"target": -43.08988952962528, "params": {"C": 170.1651543669065, "epsilon": 0.619108085803403, "gamma": 0.03496051630470624, "lamda": 1.9226937123525025}, "datetime": {"datetime": "2021-09-24 19:32:20", "elapsed": 73.079695, "delta": 0.800947}}
{"target": -46.63342762181757, "params": {"C": 173.32233905733378, "epsilon": 0.7846187162513103, "gamma": 0.001, "lamda": 1.6335669699460367}, "datetime": {"datetime": "2021-09-24 19:32:20", "elapsed": 73.897894, "delta": 0.818199}}
{"target": -43.733991342236166, "params": {"C": 209.56554276412734, "epsilon": 0.6703029194139434, "gamma": 0.05222816228069319, "lamda": 0.7789085163605747}, "datetime": {"datetime": "2021-09-24 19:32:21", "elapsed": 74.536057, "delta": 0.638163}}
{"target": -43.79517441344267, "params": {"C": 214.02683724075413, "epsilon": 0.43566640031200077, "gamma": 0.04759192629887255, "lamda": 0.8830386970393169}, "datetime": {"datetime": "2021-09-24 19:32:22", "elapsed": 75.354123, "delta": 0.818066}}
{"target": -44.31972300856246, "params": {"C": 249.96979405435255, "epsilon": 0.9576809010415417, "gamma": 0.06979819238712494, "lamda": 1.0736447609018516}, "datetime": {"datetime": "2021-09-24 19:32:23", "elapsed": 76.033747, "delta": 0.679624}}
{"target": -44.10528821467834, "params": {"C": 188.90521622122094, "epsilon": 0.9788150547658929, "gamma": 0.06163347811942553, "lamda": 1.3893876155592422}, "datetime": {"datetime": "2021-09-24 19:32:23", "elapsed": 76.731808, "delta": 0.698061}}
{"target": -44.773218996995695, "params": {"C": 185.5445355269599, "epsilon": 0.40823587764285946, "gamma": 0.07399425204276056, "lamda": 1.2193563063341406}, "datetime": {"datetime": "2021-09-24 19:32:24", "elapsed": 77.383931, "delta": 0.652123}}
{"target": -45.435505042801104, "params": {"C": 199.82228634312784, "epsilon": 0.5326377557638422, "gamma": 0.001, "lamda": 1.7244177429782759}, "datetime": {"datetime": "2021-09-24 19:32:25", "elapsed": 78.169572, "delta": 0.785641}}
{"target": -42.24715440001403, "params": {"C": 197.4232104938068, "epsilon": 0.6501589113790889, "gamma": 0.016195406102164786, "lamda": 1.0074984746429976}, "datetime": {"datetime": "2021-09-24 19:32:25", "elapsed": 78.850378, "delta": 0.680806}}
{"target": -42.91408861716559, "params": {"C": 242.71429643671874, "epsilon": 0.9674031140021833, "gamma": 0.03168937225484041, "lamda": 0.7728783900777303}, "datetime": {"datetime": "2021-09-24 19:32:26", "elapsed": 79.705162, "delta": 0.854784}}
{"target": -43.395523504597875, "params": {"C": 196.23236904133603, "epsilon": 0.9122482848621758, "gamma": 0.04367668548588678, "lamda": 1.3375016395811863}, "datetime": {"datetime": "2021-09-24 19:32:27", "elapsed": 80.374618, "delta": 0.669456}}
{"target": -44.43046505530833, "params": {"C": 179.30608055494503, "epsilon": 0.7610510742931598, "gamma": 0.06962357765874919, "lamda": 1.771801325416703}, "datetime": {"datetime": "2021-09-24 19:32:28", "elapsed": 81.066687, "delta": 0.692069}}
{"target": -42.26602540898739, "params": {"C": 235.50739083113234, "epsilon": 0.6025708063281567, "gamma": 0.011857295557225592, "lamda": 2.0036117282881367}, "datetime": {"datetime": "2021-09-24 19:32:28", "elapsed": 81.769599, "delta": 0.702912}}
{"target": -44.65896844496025, "params": {"C": 168.36890286469307, "epsilon": 0.7498646536591625, "gamma": 0.07528422401835196, "lamda": 1.7549800859269291}, "datetime": {"datetime": "2021-09-24 19:32:29", "elapsed": 82.451999, "delta": 0.6824}}
{"target": -43.377379123842644, "params": {"C": 153.1367942965967, "epsilon": 0.6998887915300118, "gamma": 0.04268636791311221, "lamda": 0.9658479342774351}, "datetime": {"datetime": "2021-09-24 19:32:30", "elapsed": 83.268547, "delta": 0.816548}}
{"target": -42.75296017069724, "params": {"C": 212.7425441307264, "epsilon": 0.5448975296749538, "gamma": 0.027968720047783314, "lamda": 1.4587203213254032}, "datetime": {"datetime": "2021-09-24 19:32:30", "elapsed": 83.994328, "delta": 0.725781}}
{"target": -42.977712942023096, "params": {"C": 223.6218773176829, "epsilon": 0.972466096503712, "gamma": 0.03323518137010751, "lamda": 0.7135225268583147}, "datetime": {"datetime": "2021-09-24 19:32:31", "elapsed": 84.713764, "delta": 0.719436}}
{"target": -43.86980940375158, "params": {"C": 188.89004565147013, "epsilon": 0.5238206841768633, "gamma": 0.05626556590399123, "lamda": 1.084302904287241}, "datetime": {"datetime": "2021-09-24 19:32:32", "elapsed": 85.446803, "delta": 0.733039}}
{"target": -42.551006689489704, "params": {"C": 231.88201367255618, "epsilon": 0.3231879303764695, "gamma": 0.01997692626401488, "lamda": 1.3060185315987356}, "datetime": {"datetime": "2021-09-24 19:32:33", "elapsed": 86.197338, "delta": 0.750535}}
{"target": -42.748609860601114, "params": {"C": 233.29898580263838, "epsilon": 0.9767236290911816, "gamma": 0.004573032184366333, "lamda": 1.2767753805801962}, "datetime": {"datetime": "2021-09-24 19:32:34", "elapsed": 87.035699, "delta": 0.838361}}
{"target": -44.87080686567564, "params": {"C": 242.69901544656923, "epsilon": 0.9592516056239293, "gamma": 0.08235717314628727, "lamda": 0.8453021777823256}, "datetime": {"datetime": "2021-09-24 19:32:34", "elapsed": 87.799844, "delta": 0.764145}}
{"target": -43.26406202790438, "params": {"C": 159.15521597189618, "epsilon": 0.5136677864751082, "gamma": 0.041904413356324555, "lamda": 1.5065266122628684}, "datetime": {"datetime": "2021-09-24 19:32:35", "elapsed": 88.745717, "delta": 0.945873}}
{"target": -42.81774568514171, "params": {"C": 213.96947660333177, "epsilon": 0.5158123330457106, "gamma": 0.02654114308307159, "lamda": 0.9072600612423949}, "datetime": {"datetime": "2021-09-24 19:32:36", "elapsed": 89.979375, "delta": 1.233658}}
{"target": -43.447986594170345, "params": {"C": 214.57659507649288, "epsilon": 0.41242419188503576, "gamma": 0.04769615790213393, "lamda": 2.000833201075274}, "datetime": {"datetime": "2021-09-24 19:32:37", "elapsed": 90.71203, "delta": 0.732655}}
{"target": -44.19190913097736, "params": {"C": 243.47293789229622, "epsilon": 0.8813290583400653, "gamma": 0.06468981255165683, "lamda": 0.7365964585179767}, "datetime": {"datetime": "2021-09-24 19:32:38", "elapsed": 91.425579, "delta": 0.713549}}
{"target": -43.185277401709605, "params": {"C": 170.1620630509378, "epsilon": 0.6053461883423468, "gamma": 0.03835541217319872, "lamda": 1.8705587680764175}, "datetime": {"datetime": "2021-09-24 19:32:39", "elapsed": 92.315119, "delta": 0.88954}}
{"target": -44.898207764742324, "params": {"C": 150.3375405176279, "epsilon": 0.37804786327359907, "gamma": 0.07767743842576685, "lamda": 1.342396363329109}, "datetime": {"datetime": "2021-09-24 19:32:40", "elapsed": 93.044329, "delta": 0.72921}}
{"target": -43.41044245829062, "params": {"C": 151.94095457611718, "epsilon": 0.7866915852772969, "gamma": 0.04092765088950974, "lamda": 2.066699915348231}, "datetime": {"datetime": "2021-09-24 19:32:40", "elapsed": 93.756763, "delta": 0.712434}}
{"target": -43.246051869035185, "params": {"C": 177.89699436929058, "epsilon": 0.6683694051593008, "gamma": 0.040966872652054794, "lamda": 1.5592477017844553}, "datetime": {"datetime": "2021-09-24 19:32:41", "elapsed": 94.574267, "delta": 0.817504}}
{"target": -45.26320688759887, "params": {"C": 157.3029396698231, "epsilon": 0.9399891033619001, "gamma": 0.09072993036063653, "lamda": 1.153840813432476}, "datetime": {"datetime": "2021-09-24 19:32:42", "elapsed": 95.276886, "delta": 0.702619}}
{"target": -42.66277836313709, "params": {"C": 199.38496106518193, "epsilon": 0.8571076911782844, "gamma": 0.0032449296503128766, "lamda": 1.0539278765542357}, "datetime": {"datetime": "2021-09-24 19:32:43", "elapsed": 96.214169, "delta": 0.937283}}
{"target": -44.49356461011409, "params": {"C": 163.69086916832447, "epsilon": 0.9612111342440492, "gamma": 0.0015625431213506223, "lamda": 1.0759208831364284}, "datetime": {"datetime": "2021-09-24 19:32:44", "elapsed": 97.020277, "delta": 0.806108}}
{"target": -43.416348764595824, "params": {"C": 235.55027486085186, "epsilon": 0.5639526582859455, "gamma": 0.04525938602029088, "lamda": 1.9776878188644487}, "datetime": {"datetime": "2021-09-24 19:32:44", "elapsed": 97.879588, "delta": 0.859311}}
{"target": -43.83967862423006, "params": {"C": 228.22359124654827, "epsilon": 0.9152306435971111, "gamma": 0.05631828554941305, "lamda": 1.152349759954147}, "datetime": {"datetime": "2021-09-24 19:32:45", "elapsed": 98.650573, "delta": 0.770985}}
{"target": -43.83038775896486, "params": {"C": 211.35329538915292, "epsilon": 0.6792584178842407, "gamma": 0.055507480989385724, "lamda": 0.8652936243078307}, "datetime": {"datetime": "2021-09-24 19:32:46", "elapsed": 99.398687, "delta": 0.748114}}
{"target": -45.039242601214006, "params": {"C": 159.60082711599992, "epsilon": 0.9735975091244238, "gamma": 0.07623178841307485, "lamda": 2.0232580950330976}, "datetime": {"datetime": "2021-09-24 19:32:47", "elapsed": 100.216377, "delta": 0.81769}}
{"target": -43.67812859342654, "params": {"C": 177.8507137238385, "epsilon": 0.9754091855710418, "gamma": 0.052298540560190857, "lamda": 0.9394410034135418}, "datetime": {"datetime": "2021-09-24 19:32:48", "elapsed": 101.019923, "delta": 0.803546}}
{"target": -44.80223708313599, "params": {"C": 164.40249503250453, "epsilon": 0.7168762226415897, "gamma": 0.07824868883400624, "lamda": 1.880581550951545}, "datetime": {"datetime": "2021-09-24 19:32:48", "elapsed": 101.775888, "delta": 0.755965}}
{"target": -42.43168584254415, "params": {"C": 221.73215748567424, "epsilon": 0.5012112722174769, "gamma": 0.019934016470388435, "lamda": 1.6840484977096337}, "datetime": {"datetime": "2021-09-24 19:32:49", "elapsed": 102.656709, "delta": 0.880821}}
{"target": -42.16328474300795, "params": {"C": 213.9208622963061, "epsilon": 0.4943010357243379, "gamma": 0.012082235237691016, "lamda": 0.9641517615678579}, "datetime": {"datetime": "2021-09-24 19:32:50", "elapsed": 103.702596, "delta": 1.045887}}
{"target": -43.053915721484685, "params": {"C": 213.96018415869185, "epsilon": 0.48388026508763804, "gamma": 0.031250898023779415, "lamda": 0.9117262412739882}, "datetime": {"datetime": "2021-09-24 19:32:51", "elapsed": 104.552425, "delta": 0.849829}}
{"target": -42.82951451854591, "params": {"C": 216.98752834467302, "epsilon": 0.47478802677879683, "gamma": 0.0032119125179467314, "lamda": 2.0377542753282545}, "datetime": {"datetime": "2021-09-24 19:32:52", "elapsed": 105.471933, "delta": 0.919508}}
{"target": -46.67574395393655, "params": {"C": 175.8514185906203, "epsilon": 0.35614172293050606, "gamma": 0.09865268368540828, "lamda": 0.828131964114543}, "datetime": {"datetime": "2021-09-24 19:32:53", "elapsed": 106.238625, "delta": 0.766692}}
{"target": -43.19318972138914, "params": {"C": 176.28146649128453, "epsilon": 0.45162103664301584, "gamma": 0.03973333993009836, "lamda": 1.5493106341934926}, "datetime": {"datetime": "2021-09-24 19:32:54", "elapsed": 107.111015, "delta": 0.87239}}
{"target": -43.36703227690353, "params": {"C": 159.46864829755245, "epsilon": 0.5597249484231768, "gamma": 0.043887032047482545, "lamda": 2.0095653104714453}, "datetime": {"datetime": "2021-09-24 19:32:54", "elapsed": 107.925137, "delta": 0.814122}}
{"target": -45.0079479534592, "params": {"C": 192.2297769617169, "epsilon": 0.5109234886258545, "gamma": 0.08523231262014296, "lamda": 1.4795121204328066}, "datetime": {"datetime": "2021-09-24 19:32:55", "elapsed": 108.67091, "delta": 0.745773}}
{"target": -42.207539781627474, "params": {"C": 162.8008748661567, "epsilon": 0.4002530694054986, "gamma": 0.012561854166219438, "lamda": 1.5151261428747897}, "datetime": {"datetime": "2021-09-24 19:32:56", "elapsed": 109.445673, "delta": 0.774763}}
{"target": -43.32455138070762, "params": {"C": 176.2341769101398, "epsilon": 0.38714047924235345, "gamma": 0.0428284586564602, "lamda": 1.6511984814398264}, "datetime": {"datetime": "2021-09-24 19:32:57", "elapsed": 110.51082, "delta": 1.065147}}
{"target": -44.14649457448359, "params": {"C": 214.01554491857016, "epsilon": 0.4923026084015952, "gamma": 0.06033727078425768, "lamda": 0.926973905023893}, "datetime": {"datetime": "2021-09-24 19:32:58", "elapsed": 111.467971, "delta": 0.957151}}
{"target": -43.33055047525277, "params": {"C": 177.90612056631818, "epsilon": 0.6121350167203471, "gamma": 0.04423911045589972, "lamda": 1.5468529142622736}, "datetime": {"datetime": "2021-09-24 19:32:59", "elapsed": 112.56223, "delta": 1.094259}}
{"target": -43.53165728911748, "params": {"C": 199.78969007832245, "epsilon": 0.47654254576783744, "gamma": 0.04947640022486582, "lamda": 1.7577272101032573}, "datetime": {"datetime": "2021-09-24 19:33:00", "elapsed": 113.513601, "delta": 0.951371}}
{"target": -42.65559499318673, "params": {"C": 176.12299042429083, "epsilon": 0.46549357868778746, "gamma": 0.02542817137039228, "lamda": 1.7792927043045843}, "datetime": {"datetime": "2021-09-24 19:33:01", "elapsed": 114.774528, "delta": 1.260927}}
{"target": -44.23479398061211, "params": {"C": 217.91067341708776, "epsilon": 0.4495211014556983, "gamma": 0.06819008898273571, "lamda": 1.9333005302337245}, "datetime": {"datetime": "2021-09-24 19:33:02", "elapsed": 115.540186, "delta": 0.765658}}
{"target": -42.5270836226151, "params": {"C": 215.00995524371865, "epsilon": 0.6054617931062622, "gamma": 0.02207153684402335, "lamda": 1.450306877922504}, "datetime": {"datetime": "2021-09-24 19:33:03", "elapsed": 116.312252, "delta": 0.772066}}
{"target": -44.332932116511124, "params": {"C": 210.86013795665542, "epsilon": 0.5432562231003435, "gamma": 0.06978162812782314, "lamda": 2.0548019596233225}, "datetime": {"datetime": "2021-09-24 19:33:04", "elapsed": 117.045117, "delta": 0.732865}}
{"target": -42.858282910675406, "params": {"C": 234.72767949590207, "epsilon": 0.897975283599308, "gamma": 0.02604550820961193, "lamda": 1.7984045956496801}, "datetime": {"datetime": "2021-09-24 19:33:04", "elapsed": 117.853567, "delta": 0.80845}}
{"target": -43.29941086522171, "params": {"C": 176.25447221262175, "epsilon": 0.40872069436365943, "gamma": 0.042413213945153766, "lamda": 1.6137215710589976}, "datetime": {"datetime": "2021-09-24 19:33:05", "elapsed": 118.802393, "delta": 0.948826}}
{"target": -43.835167131192875, "params": {"C": 171.42462835064802, "epsilon": 0.6225861596841636, "gamma": 0.05681682267977305, "lamda": 1.310905522795358}, "datetime": {"datetime": "2021-09-24 19:33:06", "elapsed": 119.726297, "delta": 0.923904}}
{"target": -45.47223107518308, "params": {"C": 164.09285700869287, "epsilon": 0.7032609871304019, "gamma": 0.09182822455012267, "lamda": 0.8658282143623701}, "datetime": {"datetime": "2021-09-24 19:33:07", "elapsed": 120.488829, "delta": 0.762532}}
{"target": -42.34800538350334, "params": {"C": 239.8638624485975, "epsilon": 0.7247458266846023, "gamma": 0.018510090748017637, "lamda": 1.0245849668776743}, "datetime": {"datetime": "2021-09-24 19:33:08", "elapsed": 121.306165, "delta": 0.817336}}
{"target": -44.37407954590765, "params": {"C": 160.3214286763224, "epsilon": 0.38220143302127557, "gamma": 0.06427009545317008, "lamda": 1.2175657062575458}, "datetime": {"datetime": "2021-09-24 19:33:09", "elapsed": 122.132351, "delta": 0.826186}}
{"target": -43.06770826972594, "params": {"C": 239.89853506418098, "epsilon": 0.7253539019785312, "gamma": 0.03601842352210246, "lamda": 1.0374982274762536}, "datetime": {"datetime": "2021-09-24 19:33:10", "elapsed": 123.123399, "delta": 0.991048}}
{"target": -43.60714762920701, "params": {"C": 199.3493258636181, "epsilon": 0.8848269154092983, "gamma": 0.050613587265568326, "lamda": 1.0826647404100962}, "datetime": {"datetime": "2021-09-24 19:33:11", "elapsed": 124.044642, "delta": 0.921243}}
{"target": -42.126877759682955, "params": {"C": 199.80110354960084, "epsilon": 0.6119457164614839, "gamma": 0.009409881012297693, "lamda": 1.7162675666096954}, "datetime": {"datetime": "2021-09-24 19:33:11", "elapsed": 124.921173, "delta": 0.876531}}
{"target": -44.878823579314975, "params": {"C": 224.7888963230224, "epsilon": 0.36183507659318537, "gamma": 0.07302554322417462, "lamda": 1.1693146852036165}, "datetime": {"datetime": "2021-09-24 19:33:12", "elapsed": 125.776678, "delta": 0.855505}}
{"target": -42.464076543576205, "params": {"C": 233.2507922992516, "epsilon": 0.9495528843868908, "gamma": 0.018343714704612768, "lamda": 1.2387695390271556}, "datetime": {"datetime": "2021-09-24 19:33:13", "elapsed": 126.73416, "delta": 0.957482}}
{"target": -43.51516856775771, "params": {"C": 172.8459260684923, "epsilon": 0.8338798769501967, "gamma": 0.0428928242228417, "lamda": 2.0639265967891647}, "datetime": {"datetime": "2021-09-24 19:33:14", "elapsed": 127.552311, "delta": 0.818151}}
{"target": -44.90092444341464, "params": {"C": 159.1416333383338, "epsilon": 0.5078676968862209, "gamma": 0.001, "lamda": 1.5240839519876304}, "datetime": {"datetime": "2021-09-24 19:33:15", "elapsed": 128.647337, "delta": 1.095026}}
{"target": -43.20012810999074, "params": {"C": 231.86614388625432, "epsilon": 0.3203928991082724, "gamma": 0.0357083186669844, "lamda": 1.330878845682191}, "datetime": {"datetime": "2021-09-24 19:33:16", "elapsed": 129.671571, "delta": 1.024234}}
{"target": -41.93636494033132, "params": {"C": 153.09204268699474, "epsilon": 0.7019179704383314, "gamma": 0.006803148721809275, "lamda": 0.9772821576448212}, "datetime": {"datetime": "2021-09-24 19:33:17", "elapsed": 130.734075, "delta": 1.062504}}
{"target": -43.92027802532979, "params": {"C": 233.2190558241174, "epsilon": 0.970797596287851, "gamma": 0.05749877868493121, "lamda": 1.2438639610725817}, "datetime": {"datetime": "2021-09-24 19:33:18", "elapsed": 131.767018, "delta": 1.032943}}
{"target": -45.708961893141, "params": {"C": 195.2317192285371, "epsilon": 0.916691167299994, "gamma": 0.0954805749952072, "lamda": 1.6312651612270663}, "datetime": {"datetime": "2021-09-24 19:33:19", "elapsed": 132.659401, "delta": 0.892383}}
{"target": -42.38196760485141, "params": {"C": 162.78535868850716, "epsilon": 0.3455129328319522, "gamma": 0.0029311624875161028, "lamda": 1.5226668556697671}, "datetime": {"datetime": "2021-09-24 19:33:20", "elapsed": 133.741664, "delta": 1.082263}}
{"target": -43.15555053006439, "params": {"C": 242.3598957189207, "epsilon": 0.5333450619990949, "gamma": 0.038856837762557654, "lamda": 1.4352445499461077}, "datetime": {"datetime": "2021-09-24 19:33:21", "elapsed": 134.605104, "delta": 0.86344}}
{"target": -42.77633458011957, "params": {"C": 211.64854853918553, "epsilon": 0.9320151098377871, "gamma": 0.028092168513341793, "lamda": 0.7064635236697709}, "datetime": {"datetime": "2021-09-24 19:33:22", "elapsed": 135.488152, "delta": 0.883048}}
{"target": -43.21935834724492, "params": {"C": 212.17835796006284, "epsilon": 0.839758730584897, "gamma": 0.038968636165679214, "lamda": 1.4151539483567945}, "datetime": {"datetime": "2021-09-24 19:33:23", "elapsed": 136.31151, "delta": 0.823358}}
{"target": -42.43498535069836, "params": {"C": 177.88808021989777, "epsilon": 0.6297353612462594, "gamma": 0.004551255398696866, "lamda": 1.560648231533065}, "datetime": {"datetime": "2021-09-24 19:33:24", "elapsed": 137.657339, "delta": 1.345829}}
{"target": -43.2020510793239, "params": {"C": 182.33713315525802, "epsilon": 0.39095679921992, "gamma": 0.03109516999503564, "lamda": 1.0596250546061183}, "datetime": {"datetime": "2021-09-24 19:33:25", "elapsed": 138.671404, "delta": 1.014065}}
{"target": -43.27225916987454, "params": {"C": 233.27120574658414, "epsilon": 0.9354449980727717, "gamma": 0.040895168421651605, "lamda": 1.2287820787811201}, "datetime": {"datetime": "2021-09-24 19:33:26", "elapsed": 139.874578, "delta": 1.203174}}
{"target": -42.94513451512904, "params": {"C": 216.96829714645332, "epsilon": 0.4922971548928445, "gamma": 0.003088983972863435, "lamda": 2.023255860218968}, "datetime": {"datetime": "2021-09-24 19:33:28", "elapsed": 141.112825, "delta": 1.238247}}
{"target": -45.48649672324167, "params": {"C": 219.37487504179734, "epsilon": 0.34023938667832576, "gamma": 0.09048093343389278, "lamda": 1.5947407666719746}, "datetime": {"datetime": "2021-09-24 19:33:28", "elapsed": 141.982758, "delta": 0.869933}}
