{"target": 0.46788343231237317, "params": {"C": 379.6701763829934, "epsilon": 0.9712159613070562, "gamma": 0.012103871600835602, "lamda": 0.5285496144682216}, "datetime": {"datetime": "2021-09-23 21:08:09", "elapsed": 13.667459, "delta": 0.398913}}
{"target": 0.4658648052134776, "params": {"C": 373.0520773490383, "epsilon": 0.9379558878852026, "gamma": 0.014337745599935, "lamda": 0.5696132209093201}, "datetime": {"datetime": "2021-09-23 21:08:09", "elapsed": 14.127281, "delta": 0.459822}}
{"target": 0.46796833860339515, "params": {"C": 417.1231879032938, "epsilon": 0.7933134393305638, "gamma": 0.011772606697489963, "lamda": 0.5666321000337436}, "datetime": {"datetime": "2021-09-23 21:08:10", "elapsed": 14.609282, "delta": 0.482001}}
{"target": 0.4672040524009704, "params": {"C": 429.6941038691748, "epsilon": 0.722851806083514, "gamma": 0.012514309737174701, "lamda": 0.6035646222690285}, "datetime": {"datetime": "2021-09-23 21:08:10", "elapsed": 15.042283, "delta": 0.433001}}
{"target": 0.46862820629761426, "params": {"C": 421.81957802656154, "epsilon": 0.8395168291736965, "gamma": 0.009996712205749207, "lamda": 0.7822516254909764}, "datetime": {"datetime": "2021-09-23 21:08:11", "elapsed": 15.482073, "delta": 0.43979}}
{"target": 0.4673222432380121, "params": {"C": 476.70084557121584, "epsilon": 0.9144549225084622, "gamma": 0.012839163804199949, "lamda": 0.5853070391086792}, "datetime": {"datetime": "2021-09-23 21:08:11", "elapsed": 15.91523, "delta": 0.433157}}
{"target": 0.463616659573457, "params": {"C": 446.0407649242846, "epsilon": 0.782494511413796, "gamma": 0.014973706409016114, "lamda": 0.5045003650165176}, "datetime": {"datetime": "2021-09-23 21:08:12", "elapsed": 16.319913, "delta": 0.404683}}
{"target": 0.4688320005769486, "params": {"C": 379.6779321964528, "epsilon": 0.9861404350100209, "gamma": 0.01068117657670796, "lamda": 0.5340621078878435}, "datetime": {"datetime": "2021-09-23 21:08:12", "elapsed": 16.737499, "delta": 0.417586}}
{"target": 0.46711928987193796, "params": {"C": 375.56763002699813, "epsilon": 0.8901283987909345, "gamma": 0.013196723280104156, "lamda": 0.6671517668328033}, "datetime": {"datetime": "2021-09-23 21:08:12", "elapsed": 17.106502, "delta": 0.369003}}
{"target": 0.46825081724185114, "params": {"C": 464.6225331835418, "epsilon": 0.8271325395578029, "gamma": 0.006725878628036489, "lamda": 0.6277691725258869}, "datetime": {"datetime": "2021-09-23 21:08:13", "elapsed": 17.512877, "delta": 0.406375}}
{"target": 0.4692864716656382, "params": {"C": 385.1991058184292, "epsilon": 0.7110257554370056, "gamma": 0.008644255415152879, "lamda": 0.7487288604746656}, "datetime": {"datetime": "2021-09-23 21:08:13", "elapsed": 17.94329, "delta": 0.430413}}
{"target": 0.4686354396508323, "params": {"C": 463.25129019502134, "epsilon": 0.8580660312644647, "gamma": 0.007250529454092922, "lamda": 0.6198364695267918}, "datetime": {"datetime": "2021-09-23 21:08:14", "elapsed": 18.316113, "delta": 0.372823}}
{"target": 0.46543506596939377, "params": {"C": 356.179796992055, "epsilon": 0.7976869975060454, "gamma": 0.014008118968686631, "lamda": 0.5400353414501301}, "datetime": {"datetime": "2021-09-23 21:08:14", "elapsed": 18.72907, "delta": 0.412957}}
{"target": 0.46785409547448, "params": {"C": 463.2792269550117, "epsilon": 0.8145128023758191, "gamma": 0.006256575020795786, "lamda": 0.6130271618801798}, "datetime": {"datetime": "2021-09-23 21:08:15", "elapsed": 19.23407, "delta": 0.505}}
{"target": 0.46817306508517464, "params": {"C": 450.41479065081893, "epsilon": 0.7762161380266588, "gamma": 0.011762892110748862, "lamda": 0.779210212045395}, "datetime": {"datetime": "2021-09-23 21:08:15", "elapsed": 19.674026, "delta": 0.439956}}
{"target": 0.4645616334003244, "params": {"C": 446.0023091854859, "epsilon": 0.7611487060629631, "gamma": 0.014679066981491906, "lamda": 0.5628864962485236}, "datetime": {"datetime": "2021-09-23 21:08:15", "elapsed": 20.114978, "delta": 0.440952}}
{"target": 0.46685952305202627, "params": {"C": 444.1213266790127, "epsilon": 0.9520014200344267, "gamma": 0.013526981854506561, "lamda": 0.6943879980369592}, "datetime": {"datetime": "2021-09-23 21:08:16", "elapsed": 20.57168, "delta": 0.456702}}
{"target": 0.46627865406386826, "params": {"C": 450.3974964391041, "epsilon": 0.7747910122130853, "gamma": 0.014213146677463553, "lamda": 0.7876140349638993}, "datetime": {"datetime": "2021-09-23 21:08:16", "elapsed": 20.964451, "delta": 0.392771}}
{"target": 0.4688977377774014, "params": {"C": 361.4189756828947, "epsilon": 0.8566951620481081, "gamma": 0.010468280031172374, "lamda": 0.6442598928608588}, "datetime": {"datetime": "2021-09-23 21:08:17", "elapsed": 21.36414, "delta": 0.399689}}
{"target": 0.4661437722769868, "params": {"C": 403.848512435987, "epsilon": 0.7017819834045157, "gamma": 0.01358948290260339, "lamda": 0.6365666033630512}, "datetime": {"datetime": "2021-09-23 21:08:17", "elapsed": 21.789665, "delta": 0.425525}}
{"target": 0.46791910624611155, "params": {"C": 384.93782558979245, "epsilon": 0.9195521120003574, "gamma": 0.007586475360225592, "lamda": 0.7055648885011602}, "datetime": {"datetime": "2021-09-23 21:08:18", "elapsed": 22.278671, "delta": 0.489006}}
{"target": 0.4673706198614711, "params": {"C": 463.2921202879302, "epsilon": 0.8178239141003489, "gamma": 0.012670031092126954, "lamda": 0.609359908663633}, "datetime": {"datetime": "2021-09-23 21:08:18", "elapsed": 22.772627, "delta": 0.493956}}
{"target": 0.4671230813454188, "params": {"C": 465.02714964225845, "epsilon": 0.9220674347720759, "gamma": 0.01281193829070423, "lamda": 0.5181101405296871}, "datetime": {"datetime": "2021-09-23 21:08:19", "elapsed": 23.244627, "delta": 0.472}}
{"target": 0.46533615517995897, "params": {"C": 365.0096539530697, "epsilon": 0.7632215845861638, "gamma": 0.014626102104695641, "lamda": 0.6473607269985174}, "datetime": {"datetime": "2021-09-23 21:08:19", "elapsed": 23.680386, "delta": 0.435759}}
{"target": 0.469233490756898, "params": {"C": 465.3820770343478, "epsilon": 0.7563369942325703, "gamma": 0.008616935102504528, "lamda": 0.7140444644347308}, "datetime": {"datetime": "2021-09-23 21:08:19", "elapsed": 24.187906, "delta": 0.50752}}
{"target": 0.4665857638532469, "params": {"C": 464.5366476689961, "epsilon": 0.8193889674635297, "gamma": 0.013297862748297307, "lamda": 0.5696188724583221}, "datetime": {"datetime": "2021-09-23 21:08:20", "elapsed": 24.646904, "delta": 0.458998}}
{"target": 0.4661250116897143, "params": {"C": 476.8817910667973, "epsilon": 0.7698900982087447, "gamma": 0.014338781667128415, "lamda": 0.7707536545230773}, "datetime": {"datetime": "2021-09-23 21:08:20", "elapsed": 25.154897, "delta": 0.507993}}
{"target": 0.46746844477642246, "params": {"C": 366.29121313294263, "epsilon": 0.9593462719147072, "gamma": 0.008153897476038311, "lamda": 0.7770143492241928}, "datetime": {"datetime": "2021-09-23 21:08:21", "elapsed": 25.57032, "delta": 0.415423}}
{"target": 0.4668211847165975, "params": {"C": 413.23688390139836, "epsilon": 0.928736689551598, "gamma": 0.013567598667149135, "lamda": 0.6606226964808014}, "datetime": {"datetime": "2021-09-23 21:08:21", "elapsed": 26.024687, "delta": 0.454367}}
{"target": 0.4671551565714466, "params": {"C": 439.0390530082611, "epsilon": 0.9762794525648778, "gamma": 0.006912582783251523, "lamda": 0.6724884806299387}, "datetime": {"datetime": "2021-09-23 21:08:22", "elapsed": 26.499408, "delta": 0.474721}}
{"target": 0.4686396418494294, "params": {"C": 375.1588765037802, "epsilon": 0.9856449825098736, "gamma": 0.010745699807943104, "lamda": 0.6108156896998315}, "datetime": {"datetime": "2021-09-23 21:08:22", "elapsed": 27.012761, "delta": 0.513353}}
{"target": 0.46583931783554655, "params": {"C": 350.0065081264185, "epsilon": 0.9675138539001971, "gamma": 0.014516298687698232, "lamda": 0.5910303654013762}, "datetime": {"datetime": "2021-09-23 21:08:23", "elapsed": 27.524431, "delta": 0.51167}}
{"target": 0.4692842146609475, "params": {"C": 451.77050955203487, "epsilon": 0.7536904106633882, "gamma": 0.00975814443605668, "lamda": 0.6498295551508357}, "datetime": {"datetime": "2021-09-23 21:08:23", "elapsed": 27.991796, "delta": 0.467365}}
{"target": 0.4681060696837023, "params": {"C": 458.62409341210537, "epsilon": 0.7789643372080697, "gamma": 0.011910870172536118, "lamda": 0.7034720118815173}, "datetime": {"datetime": "2021-09-23 21:08:24", "elapsed": 28.486802, "delta": 0.495006}}
{"target": 0.46822484264219333, "params": {"C": 408.7925795619855, "epsilon": 0.7024786342029687, "gamma": 0.006408587111546349, "lamda": 0.6852662738404743}, "datetime": {"datetime": "2021-09-23 21:08:24", "elapsed": 28.979794, "delta": 0.492992}}
{"target": 0.4658052001652112, "params": {"C": 407.5225964098376, "epsilon": 0.890324303787472, "gamma": 0.006312532906237388, "lamda": 0.7868536509224566}, "datetime": {"datetime": "2021-09-23 21:08:25", "elapsed": 29.521869, "delta": 0.542075}}
{"target": 0.46670078277902305, "params": {"C": 404.56661278201665, "epsilon": 0.9146111064223049, "gamma": 0.006982179803331812, "lamda": 0.7748761981339533}, "datetime": {"datetime": "2021-09-23 21:08:25", "elapsed": 29.975998, "delta": 0.454129}}
{"target": 0.469427247268171, "params": {"C": 388.4166834736139, "epsilon": 0.8756811977070887, "gamma": 0.00833834419237475, "lamda": 0.5517986786292972}, "datetime": {"datetime": "2021-09-23 21:08:26", "elapsed": 30.414954, "delta": 0.438956}}
{"target": 0.46602087022922967, "params": {"C": 413.0592290536343, "epsilon": 0.741207990495777, "gamma": 0.014420370301213396, "lamda": 0.7852235260546956}, "datetime": {"datetime": "2021-09-23 21:08:26", "elapsed": 30.881339, "delta": 0.466385}}
{"target": 0.46825286531064414, "params": {"C": 489.0467452255798, "epsilon": 0.9856623346082818, "gamma": 0.006778249258534548, "lamda": 0.5304500863619724}, "datetime": {"datetime": "2021-09-23 21:08:27", "elapsed": 31.426981, "delta": 0.545642}}
{"target": 0.4689359342785048, "params": {"C": 414.6929799869266, "epsilon": 0.8288091547190708, "gamma": 0.00881634109533952, "lamda": 0.720028497504223}, "datetime": {"datetime": "2021-09-23 21:08:27", "elapsed": 31.944596, "delta": 0.517615}}
{"target": 0.46853029222717657, "params": {"C": 354.67058040821115, "epsilon": 0.8741804773474207, "gamma": 0.00680486656177084, "lamda": 0.5648237920293102}, "datetime": {"datetime": "2021-09-23 21:08:28", "elapsed": 32.405644, "delta": 0.461048}}
{"target": 0.46705318268973306, "params": {"C": 478.0812324476659, "epsilon": 0.9846281205149985, "gamma": 0.013255701924841105, "lamda": 0.6709163335846382}, "datetime": {"datetime": "2021-09-23 21:08:28", "elapsed": 32.895595, "delta": 0.489951}}
{"target": 0.46779012488409677, "params": {"C": 380.2410935287078, "epsilon": 0.8298457855638817, "gamma": 0.007134658389994615, "lamda": 0.7460130713113173}, "datetime": {"datetime": "2021-09-23 21:08:29", "elapsed": 33.421153, "delta": 0.525558}}
{"target": 0.4658257257475059, "params": {"C": 484.4871961543254, "epsilon": 0.867693687439107, "gamma": 0.014773499928717565, "lamda": 0.7608734465536088}, "datetime": {"datetime": "2021-09-23 21:08:29", "elapsed": 33.954357, "delta": 0.533204}}
{"target": 0.46834592198038305, "params": {"C": 389.5820660792205, "epsilon": 0.9190484727665231, "gamma": 0.010090799618984281, "lamda": 0.7647956895223822}, "datetime": {"datetime": "2021-09-23 21:08:30", "elapsed": 34.400363, "delta": 0.446006}}
{"target": 0.4677506474462543, "params": {"C": 476.59755767241586, "epsilon": 0.8635839713234791, "gamma": 0.006036069367705339, "lamda": 0.5501734002586995}, "datetime": {"datetime": "2021-09-23 21:08:30", "elapsed": 34.903059, "delta": 0.502696}}
{"target": 0.4655977713770101, "params": {"C": 449.2199473546222, "epsilon": 0.7346733472923755, "gamma": 0.014750612096222342, "lamda": 0.7594953045686664}, "datetime": {"datetime": "2021-09-23 21:08:31", "elapsed": 35.41007, "delta": 0.507011}}
{"target": 0.4665568703594959, "params": {"C": 378.7379428164013, "epsilon": 0.778973343045644, "gamma": 0.013560192587238938, "lamda": 0.649307457218877}, "datetime": {"datetime": "2021-09-23 21:08:31", "elapsed": 35.953229, "delta": 0.543159}}
{"target": 0.46851723160189884, "params": {"C": 408.4225179786555, "epsilon": 0.882312692822648, "gamma": 0.008299200586288, "lamda": 0.7159307951397316}, "datetime": {"datetime": "2021-09-23 21:08:32", "elapsed": 36.432886, "delta": 0.479657}}
{"target": 0.46603252714906884, "params": {"C": 355.692084275762, "epsilon": 0.9843696707374219, "gamma": 0.013991266149329006, "lamda": 0.5084333538217163}, "datetime": {"datetime": "2021-09-23 21:08:32", "elapsed": 36.994193, "delta": 0.561307}}
{"target": 0.46856814538604963, "params": {"C": 414.6976623903598, "epsilon": 0.8290136857926587, "gamma": 0.007944432341316934, "lamda": 0.7267945286699454}, "datetime": {"datetime": "2021-09-23 21:08:33", "elapsed": 37.556029, "delta": 0.561836}}
{"target": 0.46926539871607986, "params": {"C": 424.7890896687393, "epsilon": 0.75702114753633, "gamma": 0.00921999879480548, "lamda": 0.7116511931077895}, "datetime": {"datetime": "2021-09-23 21:08:33", "elapsed": 38.036378, "delta": 0.480349}}
{"target": 0.4681076452903029, "params": {"C": 389.5795890658449, "epsilon": 0.9186422068597158, "gamma": 0.009047251303486877, "lamda": 0.7855309236045251}, "datetime": {"datetime": "2021-09-23 21:08:34", "elapsed": 38.717959, "delta": 0.681581}}
{"target": 0.4680784275397931, "params": {"C": 473.80370924397573, "epsilon": 0.8573523941616255, "gamma": 0.011525953946447606, "lamda": 0.7946987127345785}, "datetime": {"datetime": "2021-09-23 21:08:35", "elapsed": 39.232964, "delta": 0.515005}}
{"target": 0.46557633512915253, "params": {"C": 465.38351642092346, "epsilon": 0.7634585803228371, "gamma": 0.014742737181708996, "lamda": 0.7249339600839819}, "datetime": {"datetime": "2021-09-23 21:08:35", "elapsed": 39.758625, "delta": 0.525661}}
{"target": 0.46898934618903687, "params": {"C": 463.2377603291465, "epsilon": 0.8671447840023108, "gamma": 0.010267442245262572, "lamda": 0.6273179141124039}, "datetime": {"datetime": "2021-09-23 21:08:36", "elapsed": 40.367001, "delta": 0.608376}}
{"target": 0.4666305971003005, "params": {"C": 449.53780297783493, "epsilon": 0.7004341529229738, "gamma": 0.013554928682155222, "lamda": 0.7368640024959492}, "datetime": {"datetime": "2021-09-23 21:08:36", "elapsed": 40.866, "delta": 0.498999}}
{"target": 0.46682672589373886, "params": {"C": 480.26326486324814, "epsilon": 0.93688532535168, "gamma": 0.013574362108443818, "lamda": 0.693652383513446}, "datetime": {"datetime": "2021-09-23 21:08:37", "elapsed": 41.38591, "delta": 0.51991}}
{"target": 0.4680962887302621, "params": {"C": 414.69636831268934, "epsilon": 0.8114834109055189, "gamma": 0.007083650923643398, "lamda": 0.7148880365548961}, "datetime": {"datetime": "2021-09-23 21:08:37", "elapsed": 41.891739, "delta": 0.505829}}
{"target": 0.4676364194220356, "params": {"C": 361.41667198535475, "epsilon": 0.8646510207283118, "gamma": 0.006573383098613833, "lamda": 0.655495213092171}, "datetime": {"datetime": "2021-09-23 21:08:38", "elapsed": 42.465738, "delta": 0.573999}}
{"target": 0.4661549716129457, "params": {"C": 449.55843259170206, "epsilon": 0.7149508159962731, "gamma": 0.014095514359959142, "lamda": 0.742679303134281}, "datetime": {"datetime": "2021-09-23 21:08:38", "elapsed": 42.979735, "delta": 0.513997}}
{"target": 0.4658479705845494, "params": {"C": 361.2993878527205, "epsilon": 0.8581297932268173, "gamma": 0.01418812942411374, "lamda": 0.5840030465965204}, "datetime": {"datetime": "2021-09-23 21:08:39", "elapsed": 43.465866, "delta": 0.486131}}
{"target": 0.46894587118295206, "params": {"C": 424.8024842953612, "epsilon": 0.7564510434577181, "gamma": 0.01045801305648381, "lamda": 0.7098878037873044}, "datetime": {"datetime": "2021-09-23 21:08:39", "elapsed": 44.070164, "delta": 0.604298}}
{"target": 0.4651887030241417, "params": {"C": 374.3219513462848, "epsilon": 0.7735112727302272, "gamma": 0.013847285070361464, "lamda": 0.5122918132528365}, "datetime": {"datetime": "2021-09-23 21:08:40", "elapsed": 44.663164, "delta": 0.593}}
{"target": 0.4689509115125462, "params": {"C": 364.24051985024414, "epsilon": 0.8811859604098345, "gamma": 0.008839384935648637, "lamda": 0.673111120080727}, "datetime": {"datetime": "2021-09-23 21:08:41", "elapsed": 45.266166, "delta": 0.603002}}
{"target": 0.46706690520109784, "params": {"C": 464.81761884416295, "epsilon": 0.9702123387023489, "gamma": 0.01298682031327936, "lamda": 0.771561400887413}, "datetime": {"datetime": "2021-09-23 21:08:41", "elapsed": 45.872629, "delta": 0.606463}}
{"target": 0.4676161714681547, "params": {"C": 458.6223046825454, "epsilon": 0.7836366526876055, "gamma": 0.012563266179359016, "lamda": 0.7144353097658891}, "datetime": {"datetime": "2021-09-23 21:08:42", "elapsed": 46.485222, "delta": 0.612593}}
{"target": 0.4686164546714837, "params": {"C": 463.24779657235587, "epsilon": 0.8624223790959635, "gamma": 0.0072263216344568455, "lamda": 0.6165266158251137}, "datetime": {"datetime": "2021-09-23 21:08:42", "elapsed": 47.09738, "delta": 0.612158}}
{"target": 0.46799487910713844, "params": {"C": 350.454342626394, "epsilon": 0.8567614210840648, "gamma": 0.006366524920814815, "lamda": 0.5824619832279063}, "datetime": {"datetime": "2021-09-23 21:08:43", "elapsed": 47.652349, "delta": 0.554969}}
{"target": 0.4647424255515592, "params": {"C": 384.9604311489765, "epsilon": 0.8353742806979686, "gamma": 0.014704289591757137, "lamda": 0.535358581114011}, "datetime": {"datetime": "2021-09-23 21:08:43", "elapsed": 48.202347, "delta": 0.549998}}
{"target": 0.46819155134950863, "params": {"C": 408.7819454205709, "epsilon": 0.7069867071828471, "gamma": 0.006467950699904494, "lamda": 0.6987218800612582}, "datetime": {"datetime": "2021-09-23 21:08:44", "elapsed": 48.809381, "delta": 0.607034}}
{"target": 0.46812665532303765, "params": {"C": 431.04278251636396, "epsilon": 0.9329947326325776, "gamma": 0.01089762664315295, "lamda": 0.7684432526270075}, "datetime": {"datetime": "2021-09-23 21:08:45", "elapsed": 49.434366, "delta": 0.624985}}
{"target": 0.46604463323401624, "params": {"C": 424.7332713386055, "epsilon": 0.8972842633631168, "gamma": 0.013964276125347204, "lamda": 0.5519024991564204}, "datetime": {"datetime": "2021-09-23 21:08:45", "elapsed": 50.01135, "delta": 0.576984}}
{"target": 0.4682921966896123, "params": {"C": 478.6677521790733, "epsilon": 0.7749160719559127, "gamma": 0.011529130238913596, "lamda": 0.6251832449445953}, "datetime": {"datetime": "2021-09-23 21:08:46", "elapsed": 50.515343, "delta": 0.503993}}
{"target": 0.46830450985587213, "params": {"C": 382.10550293811605, "epsilon": 0.795828021711806, "gamma": 0.0066623273763350985, "lamda": 0.6348314278699849}, "datetime": {"datetime": "2021-09-23 21:08:46", "elapsed": 51.082629, "delta": 0.567286}}
{"target": 0.4693666714712659, "params": {"C": 415.8844508162627, "epsilon": 0.7127818582893053, "gamma": 0.009513701870986543, "lamda": 0.5584289070713697}, "datetime": {"datetime": "2021-09-23 21:08:47", "elapsed": 51.667597, "delta": 0.584968}}
{"target": 0.46877013548980573, "params": {"C": 414.68028821204837, "epsilon": 0.8248673556594626, "gamma": 0.008330345704022734, "lamda": 0.7279513493829288}, "datetime": {"datetime": "2021-09-23 21:08:48", "elapsed": 52.328138, "delta": 0.660541}}
{"target": 0.46812650322416594, "params": {"C": 452.19588322310614, "epsilon": 0.8255721464394743, "gamma": 0.007482022496512473, "lamda": 0.7477678278058626}, "datetime": {"datetime": "2021-09-23 21:08:48", "elapsed": 52.901135, "delta": 0.572997}}
{"target": 0.469198645527266, "params": {"C": 424.7938702132431, "epsilon": 0.7538582469489439, "gamma": 0.009738165521897464, "lamda": 0.7041883873193254}, "datetime": {"datetime": "2021-09-23 21:08:49", "elapsed": 53.667134, "delta": 0.765999}}
{"target": 0.4668589094078365, "params": {"C": 401.0190391874486, "epsilon": 0.9832438340462565, "gamma": 0.0134149613315185, "lamda": 0.5685967012217065}, "datetime": {"datetime": "2021-09-23 21:08:50", "elapsed": 54.414134, "delta": 0.747}}
{"target": 0.4682424220443864, "params": {"C": 452.766488778517, "epsilon": 0.7753303683749723, "gamma": 0.006845174637937375, "lamda": 0.6917504118401906}, "datetime": {"datetime": "2021-09-23 21:08:50", "elapsed": 54.975139, "delta": 0.561005}}
{"target": 0.4680569895793173, "params": {"C": 388.41904415777947, "epsilon": 0.8669932493422843, "gamma": 0.0063834254885377344, "lamda": 0.5699606382576408}, "datetime": {"datetime": "2021-09-23 21:08:51", "elapsed": 55.700135, "delta": 0.724996}}
{"target": 0.46876216191233333, "params": {"C": 385.2065893475011, "epsilon": 0.7498570507502443, "gamma": 0.010753155277490666, "lamda": 0.7585888019442835}, "datetime": {"datetime": "2021-09-23 21:08:52", "elapsed": 56.312055, "delta": 0.61192}}
{"target": 0.46805665862703516, "params": {"C": 497.8786803184465, "epsilon": 0.7494777788225506, "gamma": 0.006782759396126503, "lamda": 0.7345467278007328}, "datetime": {"datetime": "2021-09-23 21:08:52", "elapsed": 56.902051, "delta": 0.589996}}
{"target": 0.4688002215879472, "params": {"C": 391.46835568424314, "epsilon": 0.9462747693378752, "gamma": 0.010766028028141712, "lamda": 0.5171675633467315}, "datetime": {"datetime": "2021-09-23 21:08:53", "elapsed": 57.592091, "delta": 0.69004}}
{"target": 0.4679820948143627, "params": {"C": 416.99878731332024, "epsilon": 0.9990147078262315, "gamma": 0.012006678814785229, "lamda": 0.5305725655742459}, "datetime": {"datetime": "2021-09-23 21:08:53", "elapsed": 58.115964, "delta": 0.523873}}
{"target": 0.46748237875556653, "params": {"C": 497.8729373649743, "epsilon": 0.7683935379611736, "gamma": 0.012750934202005527, "lamda": 0.7435261614052218}, "datetime": {"datetime": "2021-09-23 21:08:54", "elapsed": 58.770085, "delta": 0.654121}}
