{"target": 0.44865935945301727, "params": {"C": 211.82674858167144, "epsilon": 0.975540386531639, "gamma": 0.0018207827363742263, "lamda": 0.5675136065610755}, "datetime": {"datetime": "2021-09-23 19:55:31", "elapsed": 28.576108, "delta": 0.739944}}
{"target": 0.4333989438028478, "params": {"C": 201.01291961381577, "epsilon": 0.9138821173182109, "gamma": 0.001, "lamda": 0.6}, "datetime": {"datetime": "2021-09-23 19:55:33", "elapsed": 29.956492, "delta": 1.380384}}
{"target": 0.4462951444704407, "params": {"C": 211.72521921883015, "epsilon": 0.8999263752633471, "gamma": 0.0014724285452169293, "lamda": 0.481226372592314}, "datetime": {"datetime": "2021-09-23 19:55:33", "elapsed": 30.527488, "delta": 0.570996}}
{"target": 0.46004197353282816, "params": {"C": 219.53920048568156, "epsilon": 0.9446175233926933, "gamma": 0.018527926795084176, "lamda": 0.5550753665684427}, "datetime": {"datetime": "2021-09-23 19:55:34", "elapsed": 31.173738, "delta": 0.64625}}
{"target": 0.4610950477386946, "params": {"C": 211.64594186326414, "epsilon": 0.8659201866672621, "gamma": 0.00434922576047625, "lamda": 0.4740865180015469}, "datetime": {"datetime": "2021-09-23 19:55:34", "elapsed": 31.744284, "delta": 0.570546}}
{"target": 0.46821693662514563, "params": {"C": 219.48988880247805, "epsilon": 0.9882575280825239, "gamma": 0.008731639415604845, "lamda": 0.47195698884905146}, "datetime": {"datetime": "2021-09-23 19:55:35", "elapsed": 32.432277, "delta": 0.687993}}
{"target": 0.4607182921545263, "params": {"C": 200.94947975333523, "epsilon": 0.8169384970403994, "gamma": 0.015233190182233451, "lamda": 0.550972816662942}, "datetime": {"datetime": "2021-09-23 19:55:36", "elapsed": 32.985442, "delta": 0.553165}}
{"target": 0.466283798896564, "params": {"C": 211.73230356313624, "epsilon": 0.9546381796190543, "gamma": 0.005819666002049722, "lamda": 0.5942016077362601}, "datetime": {"datetime": "2021-09-23 19:55:36", "elapsed": 33.58272, "delta": 0.597278}}
{"target": 0.462865154754282, "params": {"C": 249.97616199110817, "epsilon": 0.9468290143117796, "gamma": 0.0053603326571258275, "lamda": 0.34411334388350123}, "datetime": {"datetime": "2021-09-23 19:55:37", "elapsed": 34.614931, "delta": 1.032211}}
{"target": 0.43825841042614544, "params": {"C": 238.17888255633204, "epsilon": 0.6989816124392163, "gamma": 0.016406599135294315, "lamda": 0.2928251632777628}, "datetime": {"datetime": "2021-09-23 19:55:38", "elapsed": 35.162806, "delta": 0.547875}}
{"target": 0.4520615774833344, "params": {"C": 242.29393035559912, "epsilon": 0.6164834970145745, "gamma": 0.018604094630604435, "lamda": 0.5610048726974364}, "datetime": {"datetime": "2021-09-23 19:55:38", "elapsed": 35.713801, "delta": 0.550995}}
{"target": 0.46741726012576956, "params": {"C": 219.59761585865783, "epsilon": 0.9146843707437787, "gamma": 0.01221450762011678, "lamda": 0.5851135385678936}, "datetime": {"datetime": "2021-09-23 19:55:39", "elapsed": 36.372409, "delta": 0.658608}}
{"target": 0.4644510821197859, "params": {"C": 210.81590521183207, "epsilon": 0.9603818753612661, "gamma": 0.014721639968381264, "lamda": 0.5454108593715643}, "datetime": {"datetime": "2021-09-23 19:55:40", "elapsed": 37.60982, "delta": 1.237411}}
{"target": 0.45485456483686404, "params": {"C": 219.61195971391498, "epsilon": 0.8397633281325869, "gamma": 0.0023660852478066506, "lamda": 0.5512697588818134}, "datetime": {"datetime": "2021-09-23 19:55:41", "elapsed": 38.66333, "delta": 1.05351}}
{"target": 0.4565323563010715, "params": {"C": 211.74417021626562, "epsilon": 0.826317864596974, "gamma": 0.02, "lamda": 0.6}, "datetime": {"datetime": "2021-09-23 19:55:42", "elapsed": 39.814089, "delta": 1.150759}}
{"target": 0.45559893809534635, "params": {"C": 219.50248372740504, "epsilon": 0.9516605090200078, "gamma": 0.0028386329585424917, "lamda": 0.41461979856607506}, "datetime": {"datetime": "2021-09-23 19:55:43", "elapsed": 40.639087, "delta": 0.824998}}
{"target": 0.4677631017209911, "params": {"C": 211.61504763821935, "epsilon": 0.9849198065023477, "gamma": 0.011967165554594029, "lamda": 0.5811626938070289}, "datetime": {"datetime": "2021-09-23 19:55:44", "elapsed": 41.544281, "delta": 0.905194}}
{"target": 0.4527256303485365, "params": {"C": 211.83068761194522, "epsilon": 1.0, "gamma": 0.02, "lamda": 0.41862040373347587}, "datetime": {"datetime": "2021-09-23 19:55:45", "elapsed": 42.249282, "delta": 0.705001}}
{"target": 0.44392785157403014, "params": {"C": 219.59752652066183, "epsilon": 0.504131057004948, "gamma": 0.0018625727910422914, "lamda": 0.4470216984539658}, "datetime": {"datetime": "2021-09-23 19:55:46", "elapsed": 43.013246, "delta": 0.763964}}
{"target": 0.45826367037452476, "params": {"C": 211.66537314674287, "epsilon": 0.9723968353406655, "gamma": 0.0032823418389937888, "lamda": 0.5984052085455198}, "datetime": {"datetime": "2021-09-23 19:55:46", "elapsed": 43.810397, "delta": 0.797151}}
{"target": 0.4589118471027567, "params": {"C": 218.18887092733888, "epsilon": 0.8576851773705083, "gamma": 0.003073490695922714, "lamda": 0.5665015975119376}, "datetime": {"datetime": "2021-09-23 19:55:47", "elapsed": 44.336018, "delta": 0.525621}}
{"target": 0.4587500797907308, "params": {"C": 211.63084698219077, "epsilon": 0.8968325480229058, "gamma": 0.003138961725737321, "lamda": 0.5350198582311344}, "datetime": {"datetime": "2021-09-23 19:55:48", "elapsed": 45.003603, "delta": 0.667585}}
{"target": 0.43351655720119897, "params": {"C": 210.7710367638779, "epsilon": 0.9356978484768362, "gamma": 0.001011651750749167, "lamda": 0.5999363703550336}, "datetime": {"datetime": "2021-09-23 19:55:48", "elapsed": 45.739598, "delta": 0.735995}}
{"target": 0.44886630559981744, "params": {"C": 246.34891507519325, "epsilon": 0.976103891013803, "gamma": 0.002642970656906267, "lamda": 0.24060011514929666}, "datetime": {"datetime": "2021-09-23 19:55:49", "elapsed": 46.301598, "delta": 0.562}}
{"target": 0.4636369871779821, "params": {"C": 221.56432666230887, "epsilon": 0.7146819245317848, "gamma": 0.006945608979050099, "lamda": 0.49337133000563066}, "datetime": {"datetime": "2021-09-23 19:55:49", "elapsed": 46.879546, "delta": 0.577948}}
{"target": 0.4453851268989155, "params": {"C": 201.55686013607038, "epsilon": 0.7903007955790344, "gamma": 0.002699162741516217, "lamda": 0.286431722705747}, "datetime": {"datetime": "2021-09-23 19:55:50", "elapsed": 47.463172, "delta": 0.583626}}
{"target": 0.4594222900982493, "params": {"C": 231.4064345871488, "epsilon": 0.9465672323553035, "gamma": 0.015217361817840697, "lamda": 0.40897921552713545}, "datetime": {"datetime": "2021-09-23 19:55:51", "elapsed": 48.141175, "delta": 0.678003}}
{"target": 0.46414858932538783, "params": {"C": 210.84597380067777, "epsilon": 0.9975624589822116, "gamma": 0.01599343551018493, "lamda": 0.586706192465018}, "datetime": {"datetime": "2021-09-23 19:55:52", "elapsed": 48.932343, "delta": 0.791168}}
{"target": 0.449636208303537, "params": {"C": 219.56563418981486, "epsilon": 0.9877276007315563, "gamma": 0.0017358829665426781, "lamda": 0.4929751129469933}, "datetime": {"datetime": "2021-09-23 19:55:52", "elapsed": 49.549197, "delta": 0.616854}}
{"target": 0.467927896282861, "params": {"C": 213.19402202640683, "epsilon": 0.8650807879442053, "gamma": 0.009636132528966817, "lamda": 0.5530609193631761}, "datetime": {"datetime": "2021-09-23 19:55:53", "elapsed": 50.094192, "delta": 0.544995}}
{"target": 0.46759673939125035, "params": {"C": 219.52214928980123, "epsilon": 0.8749569762519771, "gamma": 0.010059874782588796, "lamda": 0.5265951718401749}, "datetime": {"datetime": "2021-09-23 19:55:53", "elapsed": 50.830875, "delta": 0.736683}}
{"target": 0.44661687824498286, "params": {"C": 233.07331578487407, "epsilon": 0.5577889121539593, "gamma": 0.01947351442535828, "lamda": 0.5459937394248886}, "datetime": {"datetime": "2021-09-23 19:55:54", "elapsed": 51.695214, "delta": 0.864339}}
{"target": 0.4668297836072931, "params": {"C": 219.44484920772345, "epsilon": 0.9836047446139993, "gamma": 0.011707249337658234, "lamda": 0.4915934122195571}, "datetime": {"datetime": "2021-09-23 19:55:55", "elapsed": 52.443214, "delta": 0.748}}
{"target": 0.457750885966713, "params": {"C": 211.63281299299106, "epsilon": 1.0, "gamma": 0.02, "lamda": 0.5257437214149453}, "datetime": {"datetime": "2021-09-23 19:55:56", "elapsed": 53.232245, "delta": 0.789031}}
{"target": 0.45725176561706926, "params": {"C": 211.7539888279471, "epsilon": 1.0, "gamma": 0.02, "lamda": 0.5136906869512613}, "datetime": {"datetime": "2021-09-23 19:55:56", "elapsed": 53.883566, "delta": 0.651321}}
{"target": 0.4625993540491695, "params": {"C": 213.19701532714143, "epsilon": 0.8079194236407717, "gamma": 0.013201319907425083, "lamda": 0.5132117323061949}, "datetime": {"datetime": "2021-09-23 19:55:57", "elapsed": 54.652172, "delta": 0.768606}}
{"target": 0.46674569910192243, "params": {"C": 213.17974167635865, "epsilon": 0.8707091170607721, "gamma": 0.008952857751284949, "lamda": 0.4951261046994367}, "datetime": {"datetime": "2021-09-23 19:55:58", "elapsed": 55.390809, "delta": 0.738637}}
{"target": 0.46691669208633646, "params": {"C": 213.12990585311718, "epsilon": 0.8578472005699835, "gamma": 0.006141118910918843, "lamda": 0.5505938352113143}, "datetime": {"datetime": "2021-09-23 19:55:59", "elapsed": 56.247807, "delta": 0.856998}}
{"target": 0.45495133624162754, "params": {"C": 237.93802401865332, "epsilon": 0.754581514511341, "gamma": 0.0041959141139586605, "lamda": 0.3332765739460378}, "datetime": {"datetime": "2021-09-23 19:55:59", "elapsed": 56.839717, "delta": 0.59191}}
{"target": 0.4587782079606363, "params": {"C": 213.0890606536312, "epsilon": 0.8466581000261961, "gamma": 0.015966775116001267, "lamda": 0.4878289270005999}, "datetime": {"datetime": "2021-09-23 19:56:00", "elapsed": 57.823574, "delta": 0.983857}}
{"target": 0.4372105961746191, "params": {"C": 213.17603539672473, "epsilon": 0.8221660257425967, "gamma": 0.0010030775425615272, "lamda": 0.5821809269448313}, "datetime": {"datetime": "2021-09-23 19:56:01", "elapsed": 58.512612, "delta": 0.689038}}
{"target": 0.46392349969795377, "params": {"C": 213.259573511363, "epsilon": 0.8721865974497837, "gamma": 0.013036738227698848, "lamda": 0.5097559994074765}, "datetime": {"datetime": "2021-09-23 19:56:02", "elapsed": 59.204972, "delta": 0.69236}}
{"target": 0.4584761479850461, "params": {"C": 243.4210882877494, "epsilon": 0.8948088755861333, "gamma": 0.01699032000671473, "lamda": 0.4582031780179281}, "datetime": {"datetime": "2021-09-23 19:56:02", "elapsed": 59.790129, "delta": 0.585157}}
{"target": 0.4676412300004653, "params": {"C": 213.18978272466117, "epsilon": 0.9290101892073968, "gamma": 0.006580163404690245, "lamda": 0.5474526163949374}, "datetime": {"datetime": "2021-09-23 19:56:03", "elapsed": 60.461168, "delta": 0.671039}}
{"target": 0.4644211505343466, "params": {"C": 213.2407994674453, "epsilon": 0.9533216438751386, "gamma": 0.01527957977888271, "lamda": 0.5734396622235619}, "datetime": {"datetime": "2021-09-23 19:56:04", "elapsed": 61.164936, "delta": 0.703768}}
{"target": 0.4676939057546652, "params": {"C": 213.22792208440623, "epsilon": 0.9283577686591039, "gamma": 0.008653283910589525, "lamda": 0.49157357729025525}, "datetime": {"datetime": "2021-09-23 19:56:05", "elapsed": 61.940921, "delta": 0.775985}}
{"target": 0.43729603799820704, "params": {"C": 203.7664626175735, "epsilon": 0.7635496553780288, "gamma": 0.01828605100646234, "lamda": 0.3120040621286938}, "datetime": {"datetime": "2021-09-23 19:56:05", "elapsed": 62.524926, "delta": 0.584005}}
{"target": 0.44997194041805866, "params": {"C": 213.17583998458284, "epsilon": 0.8988373830782427, "gamma": 0.0018087894376676466, "lamda": 0.5385893334042596}, "datetime": {"datetime": "2021-09-23 19:56:06", "elapsed": 63.289617, "delta": 0.764691}}
{"target": 0.46597876472796185, "params": {"C": 213.0863849189932, "epsilon": 0.8794996496876923, "gamma": 0.005413835755093227, "lamda": 0.5803213131586293}, "datetime": {"datetime": "2021-09-23 19:56:07", "elapsed": 64.006559, "delta": 0.716942}}
{"target": 0.4616464656516712, "params": {"C": 204.74683995008138, "epsilon": 0.8019766006830575, "gamma": 0.006994257086369347, "lamda": 0.4308148267743026}, "datetime": {"datetime": "2021-09-23 19:56:07", "elapsed": 64.539557, "delta": 0.532998}}
{"target": 0.46163118879565823, "params": {"C": 219.51673640925083, "epsilon": 0.8900268147092798, "gamma": 0.016730475986886126, "lamda": 0.559649224118894}, "datetime": {"datetime": "2021-09-23 19:56:08", "elapsed": 65.191352, "delta": 0.651795}}
{"target": 0.4647324926692311, "params": {"C": 213.23519859313905, "epsilon": 0.8248063139660972, "gamma": 0.011634572803279949, "lamda": 0.5161777047677407}, "datetime": {"datetime": "2021-09-23 19:56:08", "elapsed": 65.843556, "delta": 0.652204}}
{"target": 0.46673095599526637, "params": {"C": 213.23440055467694, "epsilon": 0.9837885615061384, "gamma": 0.011667468104000336, "lamda": 0.4964696714298022}, "datetime": {"datetime": "2021-09-23 19:56:09", "elapsed": 66.632551, "delta": 0.788995}}
{"target": 0.46328000444425266, "params": {"C": 219.56313984792283, "epsilon": 0.9016809919062573, "gamma": 0.01589377226600355, "lamda": 0.5726239523838411}, "datetime": {"datetime": "2021-09-23 19:56:10", "elapsed": 67.250554, "delta": 0.618003}}
{"target": 0.4287976678589934, "params": {"C": 211.65347704965885, "epsilon": 0.7256238011632811, "gamma": 0.01937572247148729, "lamda": 0.2471447748186813}, "datetime": {"datetime": "2021-09-23 19:56:10", "elapsed": 67.821851, "delta": 0.571297}}
{"target": 0.4631252631067889, "params": {"C": 213.18556466010668, "epsilon": 0.8096335431663049, "gamma": 0.010951718514190387, "lamda": 0.46114874004230605}, "datetime": {"datetime": "2021-09-23 19:56:11", "elapsed": 68.583847, "delta": 0.761996}}
{"target": 0.4525425868401529, "params": {"C": 213.21703756586834, "epsilon": 0.858869650368761, "gamma": 0.02, "lamda": 0.4803717952499982}, "datetime": {"datetime": "2021-09-23 19:56:12", "elapsed": 69.328933, "delta": 0.745086}}
{"target": 0.4372963879053495, "params": {"C": 224.91109044620183, "epsilon": 0.8288071056051948, "gamma": 0.017813471820177434, "lamda": 0.2692033322085605}, "datetime": {"datetime": "2021-09-23 19:56:13", "elapsed": 70.00654, "delta": 0.677607}}
{"target": 0.4497989393384394, "params": {"C": 242.88925072635777, "epsilon": 0.6248601199265214, "gamma": 0.012672608282150923, "lamda": 0.3669109932594604}, "datetime": {"datetime": "2021-09-23 19:56:13", "elapsed": 70.61551, "delta": 0.60897}}
{"target": 0.4462821836285661, "params": {"C": 210.70183431270536, "epsilon": 0.6597133695196766, "gamma": 0.002398246683374096, "lamda": 0.37977523715997996}, "datetime": {"datetime": "2021-09-23 19:56:14", "elapsed": 71.205016, "delta": 0.589506}}
{"target": 0.4680727819036117, "params": {"C": 213.24241385079125, "epsilon": 0.9633713756064233, "gamma": 0.007034384830803666, "lamda": 0.544386816513707}, "datetime": {"datetime": "2021-09-23 19:56:14", "elapsed": 71.879453, "delta": 0.674437}}
{"target": 0.43305005219125425, "params": {"C": 219.57646351079114, "epsilon": 0.9483810246227539, "gamma": 0.001, "lamda": 0.6}, "datetime": {"datetime": "2021-09-23 19:56:15", "elapsed": 72.560463, "delta": 0.68101}}
{"target": 0.46844115307075085, "params": {"C": 213.2532833204047, "epsilon": 0.9214732278062248, "gamma": 0.008603264593686637, "lamda": 0.538908391879616}, "datetime": {"datetime": "2021-09-23 19:56:16", "elapsed": 73.175477, "delta": 0.615014}}
{"target": 0.4642647224774826, "params": {"C": 211.74098252561905, "epsilon": 0.9262804017122825, "gamma": 0.015496333845010625, "lamda": 0.597584737388013}, "datetime": {"datetime": "2021-09-23 19:56:16", "elapsed": 73.875265, "delta": 0.699788}}
{"target": 0.4474369333931846, "params": {"C": 217.0063463958162, "epsilon": 0.9720730567437608, "gamma": 0.016653807255427946, "lamda": 0.2914622682956086}, "datetime": {"datetime": "2021-09-23 19:56:17", "elapsed": 74.531872, "delta": 0.656607}}
{"target": 0.4647886993759831, "params": {"C": 213.21946251797698, "epsilon": 0.9007364911044506, "gamma": 0.014689797985246902, "lamda": 0.5886560910438017}, "datetime": {"datetime": "2021-09-23 19:56:18", "elapsed": 75.28772, "delta": 0.755848}}
{"target": 0.45768843341061183, "params": {"C": 213.20654691552448, "epsilon": 0.9436511930464799, "gamma": 0.019450169112071373, "lamda": 0.5330774455708369}, "datetime": {"datetime": "2021-09-23 19:56:19", "elapsed": 76.227969, "delta": 0.940249}}
{"target": 0.46709960321518607, "params": {"C": 213.22994972961928, "epsilon": 0.8799290614533725, "gamma": 0.011061752255789214, "lamda": 0.5464013846372051}, "datetime": {"datetime": "2021-09-23 19:56:20", "elapsed": 77.028088, "delta": 0.800119}}
{"target": 0.443416530193807, "params": {"C": 219.50024691452944, "epsilon": 0.9582852796361996, "gamma": 0.0012212265332089771, "lamda": 0.4634827445286491}, "datetime": {"datetime": "2021-09-23 19:56:20", "elapsed": 77.77444, "delta": 0.746352}}
{"target": 0.44721208471887575, "params": {"C": 213.82278522808105, "epsilon": 0.9104579488964586, "gamma": 0.011061614726076946, "lamda": 0.22289008446230865}, "datetime": {"datetime": "2021-09-23 19:56:21", "elapsed": 78.784449, "delta": 1.010009}}
{"target": 0.4477986834834189, "params": {"C": 222.33292910444007, "epsilon": 0.9983578463770526, "gamma": 0.013680766386768815, "lamda": 0.24076342076566118}, "datetime": {"datetime": "2021-09-23 19:56:22", "elapsed": 79.371069, "delta": 0.58662}}
{"target": 0.46077291663811404, "params": {"C": 219.48034048032008, "epsilon": 0.992337847425436, "gamma": 0.017375502081258574, "lamda": 0.5031683341576552}, "datetime": {"datetime": "2021-09-23 19:56:23", "elapsed": 80.222527, "delta": 0.851458}}
{"target": 0.45494074203953916, "params": {"C": 224.39049203441172, "epsilon": 0.9653534834273771, "gamma": 0.0024183116681581536, "lamda": 0.5289597738040395}, "datetime": {"datetime": "2021-09-23 19:56:24", "elapsed": 80.934537, "delta": 0.71201}}
{"target": 0.46385573725728, "params": {"C": 213.20786249392958, "epsilon": 0.8529717365034384, "gamma": 0.004729076389064121, "lamda": 0.5266780301553018}, "datetime": {"datetime": "2021-09-23 19:56:24", "elapsed": 81.823299, "delta": 0.888762}}
{"target": 0.4629413652479093, "params": {"C": 213.10579662267975, "epsilon": 0.8901430449377417, "gamma": 0.015307080010115662, "lamda": 0.5547942251413034}, "datetime": {"datetime": "2021-09-23 19:56:25", "elapsed": 82.525291, "delta": 0.701992}}
{"target": 0.46548376660698787, "params": {"C": 213.10028827960596, "epsilon": 0.8558986185581242, "gamma": 0.012068595818755794, "lamda": 0.5343319373570623}, "datetime": {"datetime": "2021-09-23 19:56:26", "elapsed": 83.197224, "delta": 0.671933}}
{"target": 0.4593034504970317, "params": {"C": 211.7766110426436, "epsilon": 0.9009729809274358, "gamma": 0.0032171489621933267, "lamda": 0.5553406884705048}, "datetime": {"datetime": "2021-09-23 19:56:27", "elapsed": 83.952767, "delta": 0.755543}}
{"target": 0.46492379301541753, "params": {"C": 219.5520744829996, "epsilon": 0.8577571512166546, "gamma": 0.0048427781190629945, "lamda": 0.5508925321054474}, "datetime": {"datetime": "2021-09-23 19:56:27", "elapsed": 84.722451, "delta": 0.769684}}
{"target": 0.4636618951039003, "params": {"C": 213.2656518602341, "epsilon": 0.9136086019354268, "gamma": 0.012948309861315305, "lamda": 0.47780611740534723}, "datetime": {"datetime": "2021-09-23 19:56:28", "elapsed": 85.496938, "delta": 0.774487}}
{"target": 0.4628159107317056, "params": {"C": 213.2453686376251, "epsilon": 0.9413951381862202, "gamma": 0.01415662556275233, "lamda": 0.47887457567879377}, "datetime": {"datetime": "2021-09-23 19:56:29", "elapsed": 86.415981, "delta": 0.919043}}
{"target": 0.4603163696926401, "params": {"C": 240.0569684711543, "epsilon": 0.9977702727782107, "gamma": 0.018890085971376466, "lamda": 0.5421990396122685}, "datetime": {"datetime": "2021-09-23 19:56:30", "elapsed": 87.05022, "delta": 0.634239}}
{"target": 0.4682636340433117, "params": {"C": 211.71480969837674, "epsilon": 0.9498145523839749, "gamma": 0.007355407246638842, "lamda": 0.5516650502528705}, "datetime": {"datetime": "2021-09-23 19:56:30", "elapsed": 87.865283, "delta": 0.815063}}
{"target": 0.466278657313991, "params": {"C": 240.46426636497233, "epsilon": 0.6131599107540795, "gamma": 0.007884716410772007, "lamda": 0.5959654424660189}, "datetime": {"datetime": "2021-09-23 19:56:31", "elapsed": 88.557281, "delta": 0.691998}}
{"target": 0.45329152182743493, "params": {"C": 219.56666401111084, "epsilon": 0.8722552163444455, "gamma": 0.002154951236515724, "lamda": 0.5040551479641942}, "datetime": {"datetime": "2021-09-23 19:56:32", "elapsed": 89.495299, "delta": 0.938018}}
{"target": 0.4471237077101955, "params": {"C": 213.6883310620962, "epsilon": 0.92378709935901, "gamma": 0.003961836359148701, "lamda": 0.201894472289775}, "datetime": {"datetime": "2021-09-23 19:56:33", "elapsed": 90.172299, "delta": 0.677}}
{"target": 0.45987985324408065, "params": {"C": 213.28637036092823, "epsilon": 0.9000644754031684, "gamma": 0.01720885312837268, "lamda": 0.5324784570406302}, "datetime": {"datetime": "2021-09-23 19:56:34", "elapsed": 91.018929, "delta": 0.84663}}
{"target": 0.45216233387180305, "params": {"C": 212.43176847494314, "epsilon": 0.8369170073888401, "gamma": 0.016466488971946743, "lamda": 0.3914301404463578}, "datetime": {"datetime": "2021-09-23 19:56:34", "elapsed": 91.685507, "delta": 0.666578}}
{"target": 0.4575472632580052, "params": {"C": 229.76801537926337, "epsilon": 0.7643043040216888, "gamma": 0.01168743204135348, "lamda": 0.38569010251545466}, "datetime": {"datetime": "2021-09-23 19:56:35", "elapsed": 92.423513, "delta": 0.738006}}
{"target": 0.43698897224697564, "params": {"C": 213.09934380939458, "epsilon": 0.8468552469006841, "gamma": 0.001, "lamda": 0.5694328961334207}, "datetime": {"datetime": "2021-09-23 19:56:36", "elapsed": 93.345014, "delta": 0.921501}}
