{"target": 0.4672062644579591, "params": {"C": 767.935452221128, "epsilon": 0.9238484733880349, "gamma": 0.006664837576203382, "lamda": 0.672116312216446}, "datetime": {"datetime": "2021-09-23 22:24:03", "elapsed": 180.9625, "delta": 1.785854}}
{"target": 0.4689487101227, "params": {"C": 785.2962008286534, "epsilon": 0.7482488680325723, "gamma": 0.010547020320465155, "lamda": 0.6733004500601801}, "datetime": {"datetime": "2021-09-23 22:24:04", "elapsed": 182.015492, "delta": 1.052992}}
{"target": 0.4681122345135905, "params": {"C": 687.3622446446691, "epsilon": 0.7077491718122683, "gamma": 0.011613673833155301, "lamda": 0.6324784260597696}, "datetime": {"datetime": "2021-09-23 22:24:05", "elapsed": 183.196432, "delta": 1.18094}}
{"target": 0.4679947477248739, "params": {"C": 784.6043208090142, "epsilon": 0.9012873902510896, "gamma": 0.0070994376131699646, "lamda": 0.656357572512835}, "datetime": {"datetime": "2021-09-23 22:24:06", "elapsed": 184.748636, "delta": 1.552204}}
{"target": 0.46883969176486207, "params": {"C": 745.4500165422038, "epsilon": 0.9350158979971894, "gamma": 0.00787586423468743, "lamda": 0.5968281261420203}, "datetime": {"datetime": "2021-09-23 22:24:09", "elapsed": 187.087552, "delta": 2.338916}}
{"target": 0.4689595191509327, "params": {"C": 751.8660101256316, "epsilon": 0.7640804720524421, "gamma": 0.010072126605014286, "lamda": 0.7642786850500838}, "datetime": {"datetime": "2021-09-23 22:24:10", "elapsed": 187.945552, "delta": 0.858}}
{"target": 0.468527392207022, "params": {"C": 747.514932865578, "epsilon": 0.830912197045541, "gamma": 0.007277062839031718, "lamda": 0.660780045269108}, "datetime": {"datetime": "2021-09-23 22:24:10", "elapsed": 188.867483, "delta": 0.921931}}
{"target": 0.4687149254374656, "params": {"C": 741.2902069349832, "epsilon": 0.8042526670430044, "gamma": 0.010168583522898372, "lamda": 0.7903147056335691}, "datetime": {"datetime": "2021-09-23 22:24:11", "elapsed": 189.866483, "delta": 0.999}}
{"target": 0.467344854331457, "params": {"C": 777.0915192438531, "epsilon": 0.9562751215425607, "gamma": 0.007517909588461329, "lamda": 0.7353724133535029}, "datetime": {"datetime": "2021-09-23 22:24:13", "elapsed": 191.023623, "delta": 1.15714}}
{"target": 0.469440702924246, "params": {"C": 769.5429403198392, "epsilon": 0.9147314711699939, "gamma": 0.008229061464883447, "lamda": 0.5179108825110446}, "datetime": {"datetime": "2021-09-23 22:24:14", "elapsed": 192.498625, "delta": 1.475002}}
{"target": 0.4693798286048585, "params": {"C": 739.940032117566, "epsilon": 0.8240138942262316, "gamma": 0.007324870538479645, "lamda": 0.5071390747970842}, "datetime": {"datetime": "2021-09-23 22:24:16", "elapsed": 194.301681, "delta": 1.803056}}
{"target": 0.46824986600601304, "params": {"C": 671.1392855130393, "epsilon": 0.8728261373416009, "gamma": 0.011504740881825615, "lamda": 0.535534617363365}, "datetime": {"datetime": "2021-09-23 22:24:17", "elapsed": 195.127067, "delta": 0.825386}}
{"target": 0.4686982074685785, "params": {"C": 784.7957936728963, "epsilon": 0.8820339257219724, "gamma": 0.007061217621091978, "lamda": 0.5695539214737874}, "datetime": {"datetime": "2021-09-23 22:24:18", "elapsed": 196.086071, "delta": 0.959004}}
{"target": 0.46928660593403015, "params": {"C": 665.4821430144835, "epsilon": 0.7352291855805466, "gamma": 0.009834551239586067, "lamda": 0.6109069370551884}, "datetime": {"datetime": "2021-09-23 22:24:19", "elapsed": 197.091811, "delta": 1.00574}}
{"target": 0.4679626515460479, "params": {"C": 789.9897143034334, "epsilon": 0.7417196226427412, "gamma": 0.006170508238037229, "lamda": 0.6403776970185637}, "datetime": {"datetime": "2021-09-23 22:24:20", "elapsed": 198.390883, "delta": 1.299072}}
{"target": 0.4688246158490933, "params": {"C": 760.8235202364292, "epsilon": 0.9140328247227184, "gamma": 0.009079764422217551, "lamda": 0.6772439364659748}, "datetime": {"datetime": "2021-09-23 22:24:21", "elapsed": 199.918394, "delta": 1.527511}}
{"target": 0.46783883515489233, "params": {"C": 697.7165858849669, "epsilon": 0.8332649900100447, "gamma": 0.007266030149977241, "lamda": 0.7534172600045843}, "datetime": {"datetime": "2021-09-23 22:24:22", "elapsed": 200.767398, "delta": 0.849004}}
{"target": 0.46899838469468, "params": {"C": 762.1833444845337, "epsilon": 0.7265007471113651, "gamma": 0.010365184437828766, "lamda": 0.6005674325436321}, "datetime": {"datetime": "2021-09-23 22:24:24", "elapsed": 202.009394, "delta": 1.241996}}
{"target": 0.4690542240173714, "params": {"C": 736.9767448304713, "epsilon": 0.8806365780196621, "gamma": 0.010283560114021841, "lamda": 0.569749933514042}, "datetime": {"datetime": "2021-09-23 22:24:25", "elapsed": 203.148669, "delta": 1.139275}}
{"target": 0.4677872520993429, "params": {"C": 684.2688891027385, "epsilon": 0.9288056615500844, "gamma": 0.008538959043808587, "lamda": 0.7922699850262496}, "datetime": {"datetime": "2021-09-23 22:24:26", "elapsed": 204.29856, "delta": 1.149891}}
{"target": 0.46845096908798034, "params": {"C": 663.7737194624627, "epsilon": 0.7123781462811283, "gamma": 0.011372052811475299, "lamda": 0.6969810277936748}, "datetime": {"datetime": "2021-09-23 22:24:27", "elapsed": 205.673318, "delta": 1.374758}}
{"target": 0.4681646631298092, "params": {"C": 771.7614559810903, "epsilon": 0.9368486867644972, "gamma": 0.009992303763274358, "lamda": 0.7814330384960013}, "datetime": {"datetime": "2021-09-23 22:24:29", "elapsed": 207.518348, "delta": 1.84503}}
{"target": 0.4667810848155819, "params": {"C": 683.7405202986334, "epsilon": 0.8203077196276907, "gamma": 0.006383966387248213, "lamda": 0.7603732962910387}, "datetime": {"datetime": "2021-09-23 22:24:31", "elapsed": 209.222485, "delta": 1.704137}}
{"target": 0.4686568916053293, "params": {"C": 773.9503026654778, "epsilon": 0.8348344625533219, "gamma": 0.011042215083012152, "lamda": 0.6088210162632499}, "datetime": {"datetime": "2021-09-23 22:24:32", "elapsed": 210.399071, "delta": 1.176586}}
{"target": 0.46799174872742344, "params": {"C": 717.8475788428057, "epsilon": 0.9642962145571403, "gamma": 0.011726095454254983, "lamda": 0.6995568202629427}, "datetime": {"datetime": "2021-09-23 22:24:33", "elapsed": 211.479452, "delta": 1.080381}}
{"target": 0.46837289309716357, "params": {"C": 696.6108122940371, "epsilon": 0.7869403077633347, "gamma": 0.01133039840982404, "lamda": 0.785044466626384}, "datetime": {"datetime": "2021-09-23 22:24:34", "elapsed": 212.934543, "delta": 1.455091}}
{"target": 0.4692297093946053, "params": {"C": 788.539843578381, "epsilon": 0.8000050265710407, "gamma": 0.008294353803791373, "lamda": 0.6575524035598803}, "datetime": {"datetime": "2021-09-23 22:24:36", "elapsed": 214.777902, "delta": 1.843359}}
{"target": 0.4691767919202543, "params": {"C": 742.4728228087783, "epsilon": 0.9708636185019088, "gamma": 0.007641949606869199, "lamda": 0.5013850407863795}, "datetime": {"datetime": "2021-09-23 22:24:37", "elapsed": 215.823752, "delta": 1.04585}}
{"target": 0.46868115712045255, "params": {"C": 743.2675369400943, "epsilon": 0.9313251702506702, "gamma": 0.00830112946458662, "lamda": 0.6532472746478846}, "datetime": {"datetime": "2021-09-23 22:24:38", "elapsed": 216.837789, "delta": 1.014037}}
{"target": 0.4687857350142054, "params": {"C": 716.1184117783445, "epsilon": 0.845157616449256, "gamma": 0.009535742762253167, "lamda": 0.7486067478465143}, "datetime": {"datetime": "2021-09-23 22:24:40", "elapsed": 217.965008, "delta": 1.127219}}
{"target": 0.46953768309846566, "params": {"C": 698.505699732887, "epsilon": 0.7389814853799657, "gamma": 0.007823949696668827, "lamda": 0.5770625117013111}, "datetime": {"datetime": "2021-09-23 22:24:41", "elapsed": 219.462654, "delta": 1.497646}}
{"target": 0.4678178849159339, "params": {"C": 749.9609012413216, "epsilon": 0.9642906722578146, "gamma": 0.006205152024656052, "lamda": 0.5112931855058311}, "datetime": {"datetime": "2021-09-23 22:24:42", "elapsed": 220.517244, "delta": 1.05459}}
{"target": 0.46832790929042767, "params": {"C": 705.449813337116, "epsilon": 0.8195264291344763, "gamma": 0.006594669287306137, "lamda": 0.6011270550095649}, "datetime": {"datetime": "2021-09-23 22:24:44", "elapsed": 222.631783, "delta": 2.114539}}
{"target": 0.46841297986207053, "params": {"C": 754.062312562696, "epsilon": 0.7172454514335681, "gamma": 0.011423086874781382, "lamda": 0.6917301642868517}, "datetime": {"datetime": "2021-09-23 22:24:45", "elapsed": 223.912519, "delta": 1.280736}}
{"target": 0.4686537352876654, "params": {"C": 715.9183832901326, "epsilon": 0.798171733567213, "gamma": 0.01087400143007279, "lamda": 0.737479901750929}, "datetime": {"datetime": "2021-09-23 22:24:47", "elapsed": 225.239926, "delta": 1.327407}}
{"target": 0.46855003702240083, "params": {"C": 796.3272620399465, "epsilon": 0.9372918996877827, "gamma": 0.010855301255695997, "lamda": 0.6611069908101825}, "datetime": {"datetime": "2021-09-23 22:24:48", "elapsed": 226.798041, "delta": 1.558115}}
{"target": 0.46930644096613505, "params": {"C": 655.8739471954107, "epsilon": 0.7764165835638505, "gamma": 0.009707361716573205, "lamda": 0.5369312204116741}, "datetime": {"datetime": "2021-09-23 22:24:50", "elapsed": 228.21865, "delta": 1.420609}}
{"target": 0.4686861127784123, "params": {"C": 708.7446474453043, "epsilon": 0.9594708938005916, "gamma": 0.008991076940820488, "lamda": 0.66412525544872}, "datetime": {"datetime": "2021-09-23 22:24:51", "elapsed": 229.445463, "delta": 1.226813}}
{"target": 0.4680261111450952, "params": {"C": 774.6482755613683, "epsilon": 0.8299364708682742, "gamma": 0.011925388723128682, "lamda": 0.7558062831026681}, "datetime": {"datetime": "2021-09-23 22:24:52", "elapsed": 230.472191, "delta": 1.026728}}
{"target": 0.46877549006075914, "params": {"C": 693.4645565968913, "epsilon": 0.8933182333604773, "gamma": 0.010819537764177007, "lamda": 0.5844122344043844}, "datetime": {"datetime": "2021-09-23 22:24:54", "elapsed": 232.274903, "delta": 1.802712}}
{"target": 0.4684840536831807, "params": {"C": 754.6206471387627, "epsilon": 0.9437030528955375, "gamma": 0.010077892836585951, "lamda": 0.7181025992406538}, "datetime": {"datetime": "2021-09-23 22:24:55", "elapsed": 233.701447, "delta": 1.426544}}
{"target": 0.46795882390927446, "params": {"C": 783.2744463533394, "epsilon": 0.9843283812035081, "gamma": 0.011902435462440296, "lamda": 0.6619648638906295}, "datetime": {"datetime": "2021-09-23 22:24:56", "elapsed": 234.862099, "delta": 1.160652}}
{"target": 0.4668828203461275, "params": {"C": 683.3746679626313, "epsilon": 0.9952062026490114, "gamma": 0.006016724880632339, "lamda": 0.5621658958772329}, "datetime": {"datetime": "2021-09-23 22:24:57", "elapsed": 235.829516, "delta": 0.967417}}
{"target": 0.469186590888902, "params": {"C": 711.6878829998449, "epsilon": 0.7945193515066846, "gamma": 0.007120337434032847, "lamda": 0.5478716508921531}, "datetime": {"datetime": "2021-09-23 22:24:59", "elapsed": 237.475643, "delta": 1.646127}}
{"target": 0.46861681973492875, "params": {"C": 658.3598980988662, "epsilon": 0.853043818957536, "gamma": 0.011082391713066613, "lamda": 0.5777902191182971}, "datetime": {"datetime": "2021-09-23 22:25:00", "elapsed": 238.52951, "delta": 1.053867}}
{"target": 0.46788541510274917, "params": {"C": 760.4593389208651, "epsilon": 0.8696098559592584, "gamma": 0.007950621201234092, "lamda": 0.7873180165713334}, "datetime": {"datetime": "2021-09-23 22:25:02", "elapsed": 240.089613, "delta": 1.560103}}
{"target": 0.4695580159608318, "params": {"C": 777.628311407717, "epsilon": 0.8574744297700041, "gamma": 0.007996750452390436, "lamda": 0.5012989480402377}, "datetime": {"datetime": "2021-09-23 22:25:03", "elapsed": 241.726399, "delta": 1.636786}}
{"target": 0.46929993272559933, "params": {"C": 656.26616146865, "epsilon": 0.8550040782606712, "gamma": 0.00789309519683462, "lamda": 0.5691177012345917}, "datetime": {"datetime": "2021-09-23 22:25:05", "elapsed": 242.993627, "delta": 1.267228}}
{"target": 0.4682430110431568, "params": {"C": 736.7699747456146, "epsilon": 0.7632030162109802, "gamma": 0.011620260516889882, "lamda": 0.6448748820441526}, "datetime": {"datetime": "2021-09-23 22:25:06", "elapsed": 244.626294, "delta": 1.632667}}
{"target": 0.4695963746803614, "params": {"C": 712.96761852453, "epsilon": 0.7258739255109337, "gamma": 0.008752459875973425, "lamda": 0.5944256880589949}, "datetime": {"datetime": "2021-09-23 22:25:07", "elapsed": 245.65357, "delta": 1.027276}}
{"target": 0.4678259053423577, "params": {"C": 725.7001432164676, "epsilon": 0.7556349211424841, "gamma": 0.006269391680920132, "lamda": 0.6690756848255157}, "datetime": {"datetime": "2021-09-23 22:25:09", "elapsed": 247.10081, "delta": 1.44724}}
{"target": 0.46721756079217025, "params": {"C": 787.4416153613159, "epsilon": 0.9495515274352254, "gamma": 0.00796751627254532, "lamda": 0.7975567198634803}, "datetime": {"datetime": "2021-09-23 22:25:11", "elapsed": 249.23105, "delta": 2.13024}}
{"target": 0.46919326461769684, "params": {"C": 788.0360675790791, "epsilon": 0.8680975528837034, "gamma": 0.007973259303678315, "lamda": 0.5892605791018682}, "datetime": {"datetime": "2021-09-23 22:25:13", "elapsed": 251.394842, "delta": 2.163792}}
{"target": 0.46787625166986113, "params": {"C": 689.2724255749262, "epsilon": 0.8752331959929119, "gamma": 0.006490740485908643, "lamda": 0.605214318403668}, "datetime": {"datetime": "2021-09-23 22:25:14", "elapsed": 252.718844, "delta": 1.324002}}
{"target": 0.4689775619593157, "params": {"C": 796.2965134183258, "epsilon": 0.8669244973179967, "gamma": 0.007148186976013648, "lamda": 0.5447093223354461}, "datetime": {"datetime": "2021-09-23 22:25:15", "elapsed": 253.797177, "delta": 1.078333}}
{"target": 0.46917325696064505, "params": {"C": 716.2223657805259, "epsilon": 0.7141971850297963, "gamma": 0.010102968822216956, "lamda": 0.6653063586940556}, "datetime": {"datetime": "2021-09-23 22:25:17", "elapsed": 255.49961, "delta": 1.702433}}
{"target": 0.46883442086295424, "params": {"C": 773.3739711094448, "epsilon": 0.7032116930557518, "gamma": 0.010780638050232466, "lamda": 0.7105788173018449}, "datetime": {"datetime": "2021-09-23 22:25:19", "elapsed": 257.462282, "delta": 1.962672}}
{"target": 0.46824333927331363, "params": {"C": 715.9767571476775, "epsilon": 0.9962971894002653, "gamma": 0.008120991470564562, "lamda": 0.6551140180679336}, "datetime": {"datetime": "2021-09-23 22:25:20", "elapsed": 258.702278, "delta": 1.239996}}
{"target": 0.4689757259906745, "params": {"C": 784.8886628356689, "epsilon": 0.8660257555385023, "gamma": 0.010393906892993065, "lamda": 0.6073484856813192}, "datetime": {"datetime": "2021-09-23 22:25:22", "elapsed": 260.153736, "delta": 1.451458}}
{"target": 0.4696112588429462, "params": {"C": 796.2902891568656, "epsilon": 0.8359364917864911, "gamma": 0.008457959305974407, "lamda": 0.5105055537602726}, "datetime": {"datetime": "2021-09-23 22:25:23", "elapsed": 261.799736, "delta": 1.646}}
{"target": 0.4686795320881395, "params": {"C": 720.4055383851179, "epsilon": 0.7718967213350937, "gamma": 0.011018433112246408, "lamda": 0.649859728397894}, "datetime": {"datetime": "2021-09-23 22:25:25", "elapsed": 263.396732, "delta": 1.596996}}
{"target": 0.4682233707744117, "params": {"C": 799.1422384269174, "epsilon": 0.96418896248272, "gamma": 0.0073298704031307385, "lamda": 0.6105343535395137}, "datetime": {"datetime": "2021-09-23 22:25:28", "elapsed": 266.305837, "delta": 2.909105}}
{"target": 0.4691262896455608, "params": {"C": 791.7108949552013, "epsilon": 0.8657826532733606, "gamma": 0.00995958263498969, "lamda": 0.6118228221574022}, "datetime": {"datetime": "2021-09-23 22:25:29", "elapsed": 267.734839, "delta": 1.429002}}
{"target": 0.4691513856153512, "params": {"C": 782.8252613613388, "epsilon": 0.8048897332905393, "gamma": 0.006976371448738359, "lamda": 0.5253178924508481}, "datetime": {"datetime": "2021-09-23 22:25:30", "elapsed": 268.901836, "delta": 1.166997}}
{"target": 0.4683223578346357, "params": {"C": 774.2790425230878, "epsilon": 0.8055967218058011, "gamma": 0.006453908588820219, "lamda": 0.587766152449678}, "datetime": {"datetime": "2021-09-23 22:25:32", "elapsed": 270.467839, "delta": 1.566003}}
{"target": 0.4689712864708754, "params": {"C": 738.2521844843271, "epsilon": 0.8857749226442042, "gamma": 0.010410018427307727, "lamda": 0.5059771457333725}, "datetime": {"datetime": "2021-09-23 22:25:34", "elapsed": 272.252585, "delta": 1.784746}}
{"target": 0.4664592071158953, "params": {"C": 670.6163598120887, "epsilon": 0.9711306478291082, "gamma": 0.0066501499343136015, "lamda": 0.7099720136365003}, "datetime": {"datetime": "2021-09-23 22:25:35", "elapsed": 273.44558, "delta": 1.192995}}
{"target": 0.46872443937834296, "params": {"C": 787.2805147092671, "epsilon": 0.9827549583441749, "gamma": 0.007035971354114146, "lamda": 0.5027462771220013}, "datetime": {"datetime": "2021-09-23 22:25:37", "elapsed": 275.843379, "delta": 2.397799}}
{"target": 0.46945764555142866, "params": {"C": 764.210745950859, "epsilon": 0.8401412405699504, "gamma": 0.008364029611478543, "lamda": 0.566359784605952}, "datetime": {"datetime": "2021-09-23 22:25:40", "elapsed": 278.550444, "delta": 2.707065}}
{"target": 0.4663770484159615, "params": {"C": 799.6627171419427, "epsilon": 0.9173334397812087, "gamma": 0.006364299646388226, "lamda": 0.7171215080960667}, "datetime": {"datetime": "2021-09-23 22:25:41", "elapsed": 279.721375, "delta": 1.170931}}
{"target": 0.4689785462709998, "params": {"C": 674.6069990926934, "epsilon": 0.7894696351936668, "gamma": 0.010462024064257551, "lamda": 0.5889813654044058}, "datetime": {"datetime": "2021-09-23 22:25:42", "elapsed": 280.824985, "delta": 1.10361}}
{"target": 0.4683166980791046, "params": {"C": 781.3954407458504, "epsilon": 0.9596686892251189, "gamma": 0.006617549865772478, "lamda": 0.5153284805640347}, "datetime": {"datetime": "2021-09-23 22:25:44", "elapsed": 282.411194, "delta": 1.586209}}
{"target": 0.46934215578297933, "params": {"C": 704.1657462878211, "epsilon": 0.7039997216468019, "gamma": 0.009071505288968298, "lamda": 0.7396709190909828}, "datetime": {"datetime": "2021-09-23 22:25:45", "elapsed": 283.65928, "delta": 1.248086}}
{"target": 0.4691925947153529, "params": {"C": 754.9763534122794, "epsilon": 0.8555052163021097, "gamma": 0.009703599159159425, "lamda": 0.6205146015552397}, "datetime": {"datetime": "2021-09-23 22:25:46", "elapsed": 284.835277, "delta": 1.175997}}
{"target": 0.46892630006385716, "params": {"C": 702.8634820056602, "epsilon": 0.8921550130097562, "gamma": 0.010522964159847648, "lamda": 0.5819373815852152}, "datetime": {"datetime": "2021-09-23 22:25:49", "elapsed": 287.060114, "delta": 2.224837}}
{"target": 0.4671548764130353, "params": {"C": 685.5172677480396, "epsilon": 0.917865307031746, "gamma": 0.006014333232688231, "lamda": 0.5806122757367369}, "datetime": {"datetime": "2021-09-23 22:25:51", "elapsed": 289.852005, "delta": 2.791891}}
{"target": 0.46826584285108297, "params": {"C": 710.5237655466512, "epsilon": 0.9813992228736712, "gamma": 0.010922469892414409, "lamda": 0.697370967879172}, "datetime": {"datetime": "2021-09-23 22:25:54", "elapsed": 292.019, "delta": 2.166995}}
{"target": 0.46826410106177363, "params": {"C": 734.2832435028935, "epsilon": 0.917356344025485, "gamma": 0.009915187222755353, "lamda": 0.7818579925817877}, "datetime": {"datetime": "2021-09-23 22:25:55", "elapsed": 293.743001, "delta": 1.724001}}
{"target": 0.46959918749176754, "params": {"C": 780.188340127905, "epsilon": 0.8490221980491193, "gamma": 0.008208451270191108, "lamda": 0.502508176864481}, "datetime": {"datetime": "2021-09-23 22:25:57", "elapsed": 295.251999, "delta": 1.508998}}
{"target": 0.4678868426412943, "params": {"C": 665.9259807204712, "epsilon": 0.8040142979927545, "gamma": 0.01162731591122497, "lamda": 0.5144903863064554}, "datetime": {"datetime": "2021-09-23 22:25:58", "elapsed": 296.611999, "delta": 1.36}}
{"target": 0.46966199126076147, "params": {"C": 760.3668201618275, "epsilon": 0.7022689472524515, "gamma": 0.00787154238086045, "lamda": 0.5358645584657489}, "datetime": {"datetime": "2021-09-23 22:26:00", "elapsed": 298.931126, "delta": 2.319127}}
{"target": 0.4685075582728718, "params": {"C": 729.3993872328089, "epsilon": 0.8364185660252377, "gamma": 0.011067348889690649, "lamda": 0.7283736196636871}, "datetime": {"datetime": "2021-09-23 22:26:02", "elapsed": 300.213053, "delta": 1.281927}}
{"target": 0.46908483230727704, "params": {"C": 727.8814291875036, "epsilon": 0.9986842446028654, "gamma": 0.008410370304809121, "lamda": 0.5516628571696816}, "datetime": {"datetime": "2021-09-23 22:26:03", "elapsed": 301.577046, "delta": 1.363993}}
{"target": 0.46933509892601966, "params": {"C": 672.6291594499231, "epsilon": 0.978098462957986, "gamma": 0.008598802851890042, "lamda": 0.5221258534854025}, "datetime": {"datetime": "2021-09-23 22:26:05", "elapsed": 303.531328, "delta": 1.954282}}
{"target": 0.4681498391980653, "params": {"C": 671.7359569748547, "epsilon": 0.7233103963383832, "gamma": 0.011676610916128552, "lamda": 0.6517843720332539}, "datetime": {"datetime": "2021-09-23 22:26:07", "elapsed": 305.043102, "delta": 1.511774}}
{"target": 0.46813491397613327, "params": {"C": 722.8149860168473, "epsilon": 0.9071744430358064, "gamma": 0.011751230148176308, "lamda": 0.6788678683170776}, "datetime": {"datetime": "2021-09-23 22:26:09", "elapsed": 306.994004, "delta": 1.950902}}
{"target": 0.4667486730349988, "params": {"C": 698.187978803296, "epsilon": 0.8415970521418792, "gamma": 0.0063026070970501336, "lamda": 0.7309742145751075}, "datetime": {"datetime": "2021-09-23 22:26:10", "elapsed": 308.872556, "delta": 1.878552}}
{"target": 0.46906662107946506, "params": {"C": 669.3553025697023, "epsilon": 0.8141315802491249, "gamma": 0.009580886577930534, "lamda": 0.7082427791828074}, "datetime": {"datetime": "2021-09-23 22:26:12", "elapsed": 310.380638, "delta": 1.508082}}
