{"target": 0.46848936360421356, "params": {"C": 934.3158452018645, "epsilon": 0.928736689551598, "gamma": 0.011045065778099423, "lamda": 0.6606226964808014}, "datetime": {"datetime": "2021-09-23 22:57:01", "elapsed": 46.307368, "delta": 0.784003}}
{"target": 0.46675625548012956, "params": {"C": 968.718737344348, "epsilon": 0.9762794525648778, "gamma": 0.006608388522167682, "lamda": 0.6724884806299387}, "datetime": {"datetime": "2021-09-23 22:57:02", "elapsed": 47.028022, "delta": 0.720654}}
{"target": 0.4689192276515667, "params": {"C": 883.545168671707, "epsilon": 0.9856449825098736, "gamma": 0.00916379987196207, "lamda": 0.6108156896998315}, "datetime": {"datetime": "2021-09-23 22:57:03", "elapsed": 47.799021, "delta": 0.770999}}
{"target": 0.46822526470561876, "params": {"C": 850.0086775018914, "epsilon": 0.9675138539001971, "gamma": 0.011677532458465489, "lamda": 0.5910303654013762}, "datetime": {"datetime": "2021-09-23 22:57:04", "elapsed": 48.607109, "delta": 0.808088}}
{"target": 0.469435468059179, "params": {"C": 985.6940127360465, "epsilon": 0.7536904106633882, "gamma": 0.008505429624037789, "lamda": 0.6498295551508357}, "datetime": {"datetime": "2021-09-23 22:57:04", "elapsed": 49.32211, "delta": 0.715001}}
{"target": 0.4690955618369075, "params": {"C": 994.8321245494737, "epsilon": 0.7789643372080697, "gamma": 0.00994058011502408, "lamda": 0.7034720118815173}, "datetime": {"datetime": "2021-09-23 22:57:05", "elapsed": 50.064112, "delta": 0.742002}}
{"target": 0.4680527758422841, "params": {"C": 928.3901060826473, "epsilon": 0.7024786342029687, "gamma": 0.006272391407697566, "lamda": 0.6852662738404743}, "datetime": {"datetime": "2021-09-23 22:57:06", "elapsed": 50.771485, "delta": 0.707373}}
{"target": 0.46562448002718404, "params": {"C": 926.6967952131167, "epsilon": 0.890324303787472, "gamma": 0.0062083552708249255, "lamda": 0.7868536509224566}, "datetime": {"datetime": "2021-09-23 22:57:06", "elapsed": 51.399492, "delta": 0.628007}}
{"target": 0.46625374759238414, "params": {"C": 922.7554837093555, "epsilon": 0.9146111064223049, "gamma": 0.006654786535554541, "lamda": 0.7748761981339533}, "datetime": {"datetime": "2021-09-23 22:57:07", "elapsed": 52.148103, "delta": 0.748611}}
{"target": 0.4691672741960833, "params": {"C": 901.2222446314852, "epsilon": 0.8756811977070887, "gamma": 0.007558896128249833, "lamda": 0.5517986786292972}, "datetime": {"datetime": "2021-09-23 22:57:08", "elapsed": 52.835345, "delta": 0.687242}}
{"target": 0.46829933985200434, "params": {"C": 934.0789720715125, "epsilon": 0.741207990495777, "gamma": 0.01161358020080893, "lamda": 0.7852235260546956}, "datetime": {"datetime": "2021-09-23 22:57:08", "elapsed": 53.526175, "delta": 0.69083}}
{"target": 0.46795751169200395, "params": {"C": 1035.395660300773, "epsilon": 0.9856623346082818, "gamma": 0.006518832839023032, "lamda": 0.5304500863619724}, "datetime": {"datetime": "2021-09-23 22:57:09", "elapsed": 54.287176, "delta": 0.761001}}
{"target": 0.4685737834014825, "params": {"C": 936.2573066492355, "epsilon": 0.8288091547190708, "gamma": 0.007877560730226347, "lamda": 0.720028497504223}, "datetime": {"datetime": "2021-09-23 22:57:10", "elapsed": 54.868756, "delta": 0.58158}}
{"target": 0.46824443465307974, "params": {"C": 856.2274405442815, "epsilon": 0.8741804773474207, "gamma": 0.006536577707847227, "lamda": 0.5648237920293102}, "datetime": {"datetime": "2021-09-23 22:57:11", "elapsed": 55.584762, "delta": 0.716006}}
{"target": 0.4683958608038352, "params": {"C": 1020.7749765968879, "epsilon": 0.9846281205149985, "gamma": 0.010837134616560738, "lamda": 0.6709163335846382}, "datetime": {"datetime": "2021-09-23 22:57:11", "elapsed": 56.414372, "delta": 0.82961}}
{"target": 0.4673469565124527, "params": {"C": 890.321458038277, "epsilon": 0.8298457855638817, "gamma": 0.006756438926663077, "lamda": 0.7460130713113173}, "datetime": {"datetime": "2021-09-23 22:57:12", "elapsed": 57.139594, "delta": 0.725222}}
{"target": 0.46798613790827936, "params": {"C": 1029.3162615391004, "epsilon": 0.867693687439107, "gamma": 0.011848999952478376, "lamda": 0.7608734465536088}, "datetime": {"datetime": "2021-09-23 22:57:13", "elapsed": 58.103592, "delta": 0.963998}}
{"target": 0.4681420355454584, "params": {"C": 902.7760881056273, "epsilon": 0.9190484727665231, "gamma": 0.008727199745989522, "lamda": 0.7647956895223822}, "datetime": {"datetime": "2021-09-23 22:57:14", "elapsed": 59.18356, "delta": 1.079968}}
{"target": 0.46773296515003426, "params": {"C": 1018.7967435632212, "epsilon": 0.8635839713234791, "gamma": 0.0060240462451368925, "lamda": 0.5501734002586995}, "datetime": {"datetime": "2021-09-23 22:57:16", "elapsed": 60.708229, "delta": 1.524669}}
{"target": 0.46817031312532265, "params": {"C": 982.2932631394963, "epsilon": 0.7346733472923755, "gamma": 0.011833741397481563, "lamda": 0.7594953045686664}, "datetime": {"datetime": "2021-09-23 22:57:16", "elapsed": 61.41223, "delta": 0.704001}}
{"target": 0.4686670331909839, "params": {"C": 888.317257088535, "epsilon": 0.778973343045644, "gamma": 0.011040128391492626, "lamda": 0.649307457218877}, "datetime": {"datetime": "2021-09-23 22:57:17", "elapsed": 62.310884, "delta": 0.898654}}
{"target": 0.4680329124669349, "params": {"C": 927.8966906382074, "epsilon": 0.882312692822648, "gamma": 0.0075328003908586676, "lamda": 0.7159307951397316}, "datetime": {"datetime": "2021-09-23 22:57:18", "elapsed": 62.920788, "delta": 0.609904}}
{"target": 0.46844235103959775, "params": {"C": 857.589445701016, "epsilon": 0.9843696707374219, "gamma": 0.011327510766219337, "lamda": 0.5084333538217163}, "datetime": {"datetime": "2021-09-23 22:57:19", "elapsed": 63.606775, "delta": 0.685987}}
{"target": 0.4687565251348069, "params": {"C": 869.7147697159191, "epsilon": 0.8632369468499116, "gamma": 0.008983938548050427, "lamda": 0.7288201436765489}, "datetime": {"datetime": "2021-09-23 22:57:19", "elapsed": 64.303775, "delta": 0.697}}
{"target": 0.4682430101743351, "params": {"C": 1029.1986545293855, "epsilon": 0.8911277639645967, "gamma": 0.008199897723325963, "lamda": 0.7408293782662454}, "datetime": {"datetime": "2021-09-23 22:57:20", "elapsed": 65.044324, "delta": 0.740549}}
{"target": 0.4693314244790384, "params": {"C": 1046.7848936239645, "epsilon": 0.8172281446108067, "gamma": 0.009090382246798857, "lamda": 0.6327900731152312}, "datetime": {"datetime": "2021-09-23 22:57:21", "elapsed": 65.647323, "delta": 0.602999}}
{"target": 0.46858849447951634, "params": {"C": 1001.7520960746133, "epsilon": 0.8527489087068045, "gamma": 0.0070092360359869455, "lamda": 0.5999574304595283}, "datetime": {"datetime": "2021-09-23 22:57:21", "elapsed": 66.357324, "delta": 0.710001}}
{"target": 0.46872733348366413, "params": {"C": 947.7175511217054, "epsilon": 0.8322312029106829, "gamma": 0.010846808905737821, "lamda": 0.6711610205284976}, "datetime": {"datetime": "2021-09-23 22:57:22", "elapsed": 67.06024, "delta": 0.702916}}
{"target": 0.46803713796544955, "params": {"C": 969.3561079967961, "epsilon": 0.8015263880940218, "gamma": 0.011990231931295618, "lamda": 0.674984344890491}, "datetime": {"datetime": "2021-09-23 22:57:23", "elapsed": 67.743241, "delta": 0.683001}}
{"target": 0.4686813678889483, "params": {"C": 885.1162523653395, "epsilon": 0.8708872312818704, "gamma": 0.006695217968964842, "lamda": 0.5269213543175878}, "datetime": {"datetime": "2021-09-23 22:57:23", "elapsed": 68.407224, "delta": 0.663983}}
{"target": 0.46837265461071964, "params": {"C": 1023.6843531509976, "epsilon": 0.93688532535168, "gamma": 0.011049574738962547, "lamda": 0.693652383513446}, "datetime": {"datetime": "2021-09-23 22:57:24", "elapsed": 69.059731, "delta": 0.652507}}
{"target": 0.46829424757038296, "params": {"C": 961.8482384497047, "epsilon": 0.7741813651724134, "gamma": 0.011578261153367686, "lamda": 0.7704613616406908}, "datetime": {"datetime": "2021-09-23 22:57:25", "elapsed": 69.839727, "delta": 0.779996}}
{"target": 0.467631222644602, "params": {"C": 1016.562897216854, "epsilon": 0.9811805358255256, "gamma": 0.006910008283180733, "lamda": 0.619553160333096}, "datetime": {"datetime": "2021-09-23 22:57:26", "elapsed": 70.561466, "delta": 0.721739}}
{"target": 0.46955666322726997, "params": {"C": 982.3483787555416, "epsilon": 0.7053249932371144, "gamma": 0.008912204407528629, "lamda": 0.5385145837379165}, "datetime": {"datetime": "2021-09-23 22:57:27", "elapsed": 71.772142, "delta": 1.210676}}
{"target": 0.46836833712855963, "params": {"C": 865.065850470294, "epsilon": 0.8581297932268173, "gamma": 0.01145875294940916, "lamda": 0.5840030465965204}, "datetime": {"datetime": "2021-09-23 22:57:27", "elapsed": 72.43014, "delta": 0.657998}}
{"target": 0.4676988611600642, "params": {"C": 966.8457779359967, "epsilon": 0.711743164152108, "gamma": 0.006313097549483275, "lamda": 0.7401707009458581}, "datetime": {"datetime": "2021-09-23 22:57:28", "elapsed": 73.285308, "delta": 0.855168}}
{"target": 0.46685826147905596, "params": {"C": 980.8631281721264, "epsilon": 0.9376633825934069, "gamma": 0.006433814872883987, "lamda": 0.6648468464197181}, "datetime": {"datetime": "2021-09-23 22:57:29", "elapsed": 74.150613, "delta": 0.865305}}
{"target": 0.4686009507059783, "params": {"C": 868.9873598003255, "epsilon": 0.8811859604098345, "gamma": 0.007892923290432426, "lamda": 0.673111120080727}, "datetime": {"datetime": "2021-09-23 22:57:30", "elapsed": 74.802353, "delta": 0.65174}}
{"target": 0.46800081567452123, "params": {"C": 1003.0901584588839, "epsilon": 0.9702123387023489, "gamma": 0.010657880208852909, "lamda": 0.771561400887413}, "datetime": {"datetime": "2021-09-23 22:57:30", "elapsed": 75.498351, "delta": 0.695998}}
{"target": 0.468755259223973, "params": {"C": 1042.1314879296367, "epsilon": 0.9727396011463043, "gamma": 0.007700439250181111, "lamda": 0.5708728942209432}, "datetime": {"datetime": "2021-09-23 22:57:31", "elapsed": 76.199353, "delta": 0.701002}}
{"target": 0.46904640155607824, "params": {"C": 930.6120427954642, "epsilon": 0.7780786014251571, "gamma": 0.010269320339300595, "lamda": 0.6693549088077215}, "datetime": {"datetime": "2021-09-23 22:57:32", "elapsed": 76.91441, "delta": 0.715057}}
{"target": 0.4682628378687028, "params": {"C": 929.3426584581035, "epsilon": 0.9938420894950535, "gamma": 0.006886624500372551, "lamda": 0.5381427135911416}, "datetime": {"datetime": "2021-09-23 22:57:33", "elapsed": 77.63841, "delta": 0.724}}
{"target": 0.46792350868751054, "params": {"C": 896.6139081986354, "epsilon": 0.8353742806979686, "gamma": 0.01180285972783809, "lamda": 0.535358581114011}, "datetime": {"datetime": "2021-09-23 22:57:33", "elapsed": 78.256405, "delta": 0.617995}}
{"target": 0.4691526672342343, "params": {"C": 1031.9574131243776, "epsilon": 0.9445428166322638, "gamma": 0.007999705662819006, "lamda": 0.5488132356649196}, "datetime": {"datetime": "2021-09-23 22:57:34", "elapsed": 79.007885, "delta": 0.75148}}
{"target": 0.46819497440568925, "params": {"C": 958.057043355152, "epsilon": 0.9329947326325776, "gamma": 0.009265084428768633, "lamda": 0.7684432526270075}, "datetime": {"datetime": "2021-09-23 22:57:35", "elapsed": 79.655874, "delta": 0.647989}}
{"target": 0.46845948157315065, "params": {"C": 949.6443617848073, "epsilon": 0.8972842633631168, "gamma": 0.011309517416898136, "lamda": 0.5519024991564204}, "datetime": {"datetime": "2021-09-23 22:57:35", "elapsed": 80.368872, "delta": 0.712998}}
{"target": 0.46931257243738156, "params": {"C": 1021.5570029054311, "epsilon": 0.7749160719559127, "gamma": 0.009686086825942398, "lamda": 0.6251832449445953}, "datetime": {"datetime": "2021-09-23 22:57:36", "elapsed": 81.079372, "delta": 0.7105}}
{"target": 0.4680459712150741, "params": {"C": 892.8073372508214, "epsilon": 0.795828021711806, "gamma": 0.006441551584223399, "lamda": 0.6348314278699849}, "datetime": {"datetime": "2021-09-23 22:57:37", "elapsed": 81.804021, "delta": 0.724649}}
{"target": 0.46966385046663917, "params": {"C": 937.8459344216835, "epsilon": 0.7127818582893053, "gamma": 0.008342467913991028, "lamda": 0.5584289070713697}, "datetime": {"datetime": "2021-09-23 22:57:37", "elapsed": 82.491983, "delta": 0.687962}}
{"target": 0.4687570674198581, "params": {"C": 986.01537868533, "epsilon": 0.7306648369485609, "gamma": 0.010901741522881137, "lamda": 0.6817549457904837}, "datetime": {"datetime": "2021-09-23 22:57:38", "elapsed": 83.493316, "delta": 1.001333}}
{"target": 0.4676486294228187, "params": {"C": 986.2611776308082, "epsilon": 0.8255721464394743, "gamma": 0.006988014997674982, "lamda": 0.7477678278058626}, "datetime": {"datetime": "2021-09-23 22:57:39", "elapsed": 84.214317, "delta": 0.721001}}
{"target": 0.4693227274662999, "params": {"C": 943.6188600112321, "epsilon": 0.8408626495410126, "gamma": 0.009086958145124587, "lamda": 0.6174094498324113}, "datetime": {"datetime": "2021-09-23 22:57:40", "elapsed": 85.09973, "delta": 0.885413}}
{"target": 0.4686556143325976, "params": {"C": 918.0253855832648, "epsilon": 0.9832438340462565, "gamma": 0.010943307554345666, "lamda": 0.5685967012217065}, "datetime": {"datetime": "2021-09-23 22:57:41", "elapsed": 85.85873, "delta": 0.759}}
{"target": 0.467923308162869, "params": {"C": 987.0219850380226, "epsilon": 0.7753303683749723, "gamma": 0.006563449758624916, "lamda": 0.6917504118401906}, "datetime": {"datetime": "2021-09-23 22:57:42", "elapsed": 86.632616, "delta": 0.773886}}
{"target": 0.4686087380309013, "params": {"C": 920.8980737673298, "epsilon": 0.8422142636549745, "gamma": 0.008937873243074951, "lamda": 0.7725457856915762}, "datetime": {"datetime": "2021-09-23 22:57:42", "elapsed": 87.384477, "delta": 0.751861}}
{"target": 0.46775245522468656, "params": {"C": 963.5903689765596, "epsilon": 0.8335551494245544, "gamma": 0.006793823646276196, "lamda": 0.6998430355448549}, "datetime": {"datetime": "2021-09-23 22:57:43", "elapsed": 88.209471, "delta": 0.824994}}
{"target": 0.46774517621374334, "params": {"C": 1047.1715737579289, "epsilon": 0.7494777788225506, "gamma": 0.006521839597417669, "lamda": 0.7345467278007328}, "datetime": {"datetime": "2021-09-23 22:57:44", "elapsed": 88.8939, "delta": 0.684429}}
{"target": 0.46940146547436257, "params": {"C": 905.2911409123242, "epsilon": 0.9462747693378752, "gamma": 0.00917735201876114, "lamda": 0.5171675633467315}, "datetime": {"datetime": "2021-09-23 22:57:45", "elapsed": 89.621899, "delta": 0.727999}}
{"target": 0.4690996816509678, "params": {"C": 939.3317164177603, "epsilon": 0.9990147078262315, "gamma": 0.010004452543190153, "lamda": 0.5305725655742459}, "datetime": {"datetime": "2021-09-23 22:57:45", "elapsed": 90.303898, "delta": 0.681999}}
{"target": 0.46775608787048295, "params": {"C": 907.4263586487352, "epsilon": 0.845883905802948, "gamma": 0.006359229631888702, "lamda": 0.6203030202930266}, "datetime": {"datetime": "2021-09-23 22:57:46", "elapsed": 90.970171, "delta": 0.666273}}
{"target": 0.46567530107710553, "params": {"C": 947.5619681376469, "epsilon": 0.9792120900564263, "gamma": 0.006447887895207838, "lamda": 0.7467198303530297}, "datetime": {"datetime": "2021-09-23 22:57:47", "elapsed": 91.79377, "delta": 0.823599}}
{"target": 0.4694449353443092, "params": {"C": 920.5514044988279, "epsilon": 0.7661087379445063, "gamma": 0.008218175947208837, "lamda": 0.623408850176616}, "datetime": {"datetime": "2021-09-23 22:57:47", "elapsed": 92.48977, "delta": 0.696}}
{"target": 0.4686363975015294, "params": {"C": 982.3409909983025, "epsilon": 0.9892080823776067, "gamma": 0.00902921443506537, "lamda": 0.6522961956078493}, "datetime": {"datetime": "2021-09-23 22:57:48", "elapsed": 93.346759, "delta": 0.856989}}
{"target": 0.4690070077586854, "params": {"C": 952.0860778674386, "epsilon": 0.9747073900209937, "gamma": 0.010085112557603785, "lamda": 0.5704684715454077}, "datetime": {"datetime": "2021-09-23 22:57:49", "elapsed": 94.256154, "delta": 0.909395}}
{"target": 0.46934824250359, "params": {"C": 961.1407973561351, "epsilon": 0.8982773343385043, "gamma": 0.009624406272302996, "lamda": 0.5039519856399208}, "datetime": {"datetime": "2021-09-23 22:57:50", "elapsed": 94.961772, "delta": 0.705618}}
{"target": 0.46803193829096656, "params": {"C": 1008.1342668798429, "epsilon": 0.8304018617306449, "gamma": 0.007448453356671421, "lamda": 0.752403966095966}, "datetime": {"datetime": "2021-09-23 22:57:51", "elapsed": 96.468782, "delta": 1.50701}}
{"target": 0.46925496480650264, "params": {"C": 949.3609337688495, "epsilon": 0.7713800985530954, "gamma": 0.009371507769280777, "lamda": 0.6926823717373655}, "datetime": {"datetime": "2021-09-23 22:57:52", "elapsed": 97.55197, "delta": 1.083188}}
{"target": 0.46944739777935507, "params": {"C": 895.1786572949005, "epsilon": 0.8059013399182122, "gamma": 0.00937314072914377, "lamda": 0.5321801208631869}, "datetime": {"datetime": "2021-09-23 22:57:54", "elapsed": 98.673676, "delta": 1.121706}}
{"target": 0.46769043870894045, "params": {"C": 1010.2278738846172, "epsilon": 0.9986621636669264, "gamma": 0.011649500833066253, "lamda": 0.7566492797092014}, "datetime": {"datetime": "2021-09-23 22:57:54", "elapsed": 99.529264, "delta": 0.855588}}
{"target": 0.4689931794310084, "params": {"C": 999.7400702287692, "epsilon": 0.7819685460022134, "gamma": 0.007906155110953378, "lamda": 0.693201250901696}, "datetime": {"datetime": "2021-09-23 22:57:56", "elapsed": 100.611258, "delta": 1.081994}}
{"target": 0.4686311468002847, "params": {"C": 1011.8570654598893, "epsilon": 0.7678959464524477, "gamma": 0.008174120971822739, "lamda": 0.7969740818495142}, "datetime": {"datetime": "2021-09-23 22:57:57", "elapsed": 101.690657, "delta": 1.079399}}
{"target": 0.46923097301259353, "params": {"C": 872.2348727357748, "epsilon": 0.7400225487032986, "gamma": 0.009883256276347563, "lamda": 0.6730621376012249}, "datetime": {"datetime": "2021-09-23 22:57:58", "elapsed": 102.601661, "delta": 0.911004}}
{"target": 0.4687534204855086, "params": {"C": 904.7533242483848, "epsilon": 0.954272259615406, "gamma": 0.006935316744994327, "lamda": 0.5014208542173313}, "datetime": {"datetime": "2021-09-23 22:57:58", "elapsed": 103.49189, "delta": 0.890229}}
{"target": 0.4686626788321596, "params": {"C": 935.23689541638, "epsilon": 0.7395854063730277, "gamma": 0.011059193438133073, "lamda": 0.7199418270000385}, "datetime": {"datetime": "2021-09-23 22:58:00", "elapsed": 104.753078, "delta": 1.261188}}
{"target": 0.4686535271389002, "params": {"C": 899.7270738997726, "epsilon": 0.9021502044333041, "gamma": 0.01088415441219371, "lamda": 0.6435726053347685}, "datetime": {"datetime": "2021-09-23 22:58:01", "elapsed": 105.588347, "delta": 0.835269}}
{"target": 0.4691963128033533, "params": {"C": 969.0720615170535, "epsilon": 0.8585825824130132, "gamma": 0.009374978539374784, "lamda": 0.6392675768865911}, "datetime": {"datetime": "2021-09-23 22:58:02", "elapsed": 106.590347, "delta": 1.002}}
{"target": 0.46933694075684307, "params": {"C": 901.0909957112776, "epsilon": 0.948454118870846, "gamma": 0.008621257429565527, "lamda": 0.5392018995383883}, "datetime": {"datetime": "2021-09-23 22:58:03", "elapsed": 108.050123, "delta": 1.459776}}
{"target": 0.4687618766527971, "params": {"C": 1048.604315604237, "epsilon": 0.8901080685090709, "gamma": 0.008155121136408101, "lamda": 0.6619969485025687}, "datetime": {"datetime": "2021-09-23 22:58:04", "elapsed": 109.088861, "delta": 1.038738}}
{"target": 0.4677473956743523, "params": {"C": 1007.5929066668131, "epsilon": 0.9032512539796442, "gamma": 0.006177793655090675, "lamda": 0.5508161548838146}, "datetime": {"datetime": "2021-09-23 22:58:05", "elapsed": 109.915862, "delta": 0.827001}}
{"target": 0.46924358033344404, "params": {"C": 984.358059580708, "epsilon": 0.7363180712291285, "gamma": 0.009307415757504284, "lamda": 0.7386160333255813}, "datetime": {"datetime": "2021-09-23 22:58:06", "elapsed": 110.827371, "delta": 0.911509}}
{"target": 0.4690914443936193, "params": {"C": 978.074387825829, "epsilon": 0.8118643380477654, "gamma": 0.007843153487589575, "lamda": 0.641729527133279}, "datetime": {"datetime": "2021-09-23 22:58:07", "elapsed": 111.697739, "delta": 0.870368}}
{"target": 0.46906817854486293, "params": {"C": 963.7768000478807, "epsilon": 0.7703041881085029, "gamma": 0.010298906782825426, "lamda": 0.6413244486140728}, "datetime": {"datetime": "2021-09-23 22:58:07", "elapsed": 112.553742, "delta": 0.856003}}
{"target": 0.46909135361360677, "params": {"C": 983.6601293259575, "epsilon": 0.7397352455880245, "gamma": 0.009975990248432536, "lamda": 0.5295263582339096}, "datetime": {"datetime": "2021-09-23 22:58:08", "elapsed": 113.393493, "delta": 0.839751}}
{"target": 0.46901826834388904, "params": {"C": 967.3276875114582, "epsilon": 0.8505214094137058, "gamma": 0.009089536536939469, "lamda": 0.6905936913698129}, "datetime": {"datetime": "2021-09-23 22:58:09", "elapsed": 114.386225, "delta": 0.992732}}
{"target": 0.46867422346788457, "params": {"C": 1017.1172066808538, "epsilon": 0.7754391618437098, "gamma": 0.010837668090711617, "lamda": 0.5638360479150942}, "datetime": {"datetime": "2021-09-23 22:58:10", "elapsed": 115.217442, "delta": 0.831217}}
{"target": 0.46951059708926735, "params": {"C": 969.1310855282547, "epsilon": 0.8587012511774044, "gamma": 0.009104737107920799, "lamda": 0.5169089677915517}, "datetime": {"datetime": "2021-09-23 22:58:11", "elapsed": 116.104442, "delta": 0.887}}
{"target": 0.4691524771012763, "params": {"C": 958.126628053387, "epsilon": 0.737241625236967, "gamma": 0.008525028619950565, "lamda": 0.7499084965830844}, "datetime": {"datetime": "2021-09-23 22:58:12", "elapsed": 116.942609, "delta": 0.838167}}
{"target": 0.46893911792756193, "params": {"C": 1049.939588108705, "epsilon": 0.9818632433035179, "gamma": 0.010169587417401512, "lamda": 0.5800667344789682}, "datetime": {"datetime": "2021-09-23 22:58:13", "elapsed": 117.86713, "delta": 0.924521}}
