{"target": -45.65484000670209, "params": {"C": 38.12633975011027, "epsilon": 0.4551172108563025, "gamma": 0.09494275086369901, "lamda": 0.5667913785673786}, "datetime": {"datetime": "2021-09-24 18:02:57", "elapsed": 94.50949, "delta": 0.850641}}
{"target": -43.341586343690466, "params": {"C": 48.45640307734138, "epsilon": 0.9309044049003296, "gamma": 0.027935269388955578, "lamda": 0.27082020307754434}, "datetime": {"datetime": "2021-09-24 18:02:58", "elapsed": 95.431716, "delta": 0.922226}}
{"target": -46.24786188587958, "params": {"C": 48.426931129456584, "epsilon": 0.9881605088942486, "gamma": 0.001, "lamda": 0.3996311909996456}, "datetime": {"datetime": "2021-09-24 18:02:59", "elapsed": 96.608829, "delta": 1.177113}}
{"target": -44.640929501266434, "params": {"C": 14.54632952351942, "epsilon": 0.8210949818951244, "gamma": 0.05342630830955882, "lamda": 0.08678059152250166}, "datetime": {"datetime": "2021-09-24 18:03:00", "elapsed": 97.485641, "delta": 0.876812}}
{"target": -44.848222960999074, "params": {"C": 22.88627052235128, "epsilon": 0.996718977061351, "gamma": 0.06707346696263752, "lamda": 0.15376091931931526}, "datetime": {"datetime": "2021-09-24 18:03:01", "elapsed": 98.243862, "delta": 0.758221}}
{"target": -43.60317404702531, "params": {"C": 25.55703371048683, "epsilon": 0.3600614546048808, "gamma": 0.027666419455629667, "lamda": 1.2120490078816655}, "datetime": {"datetime": "2021-09-24 18:03:02", "elapsed": 99.408471, "delta": 1.164609}}
{"target": -43.63655219313378, "params": {"C": 25.735120478183216, "epsilon": 0.2649962951477703, "gamma": 0.025287909943768033, "lamda": 1.015435371380789}, "datetime": {"datetime": "2021-09-24 18:03:03", "elapsed": 100.685297, "delta": 1.276826}}
{"target": -47.10271194337652, "params": {"C": 38.23541137416642, "epsilon": 0.5986194173365232, "gamma": 0.001, "lamda": 0.41916573455319334}, "datetime": {"datetime": "2021-09-24 18:03:04", "elapsed": 101.651069, "delta": 0.965772}}
{"target": -43.63042802465495, "params": {"C": 25.555611842936102, "epsilon": 0.38836077802860053, "gamma": 0.029018035451708526, "lamda": 1.0847409606993126}, "datetime": {"datetime": "2021-09-24 18:03:05", "elapsed": 102.568168, "delta": 0.917099}}
{"target": -45.5418185962116, "params": {"C": 25.851511621745153, "epsilon": 0.21827133510904215, "gamma": 0.0879367266593371, "lamda": 0.9549813385544568}, "datetime": {"datetime": "2021-09-24 18:03:06", "elapsed": 103.616554, "delta": 1.048386}}
{"target": -44.472895947982614, "params": {"C": 28.229495352253096, "epsilon": 0.6612635233472194, "gamma": 0.06080270349299944, "lamda": 0.02074675491413786}, "datetime": {"datetime": "2021-09-24 18:03:07", "elapsed": 104.545914, "delta": 0.92936}}
{"target": -46.2096588277034, "params": {"C": 47.754486328299826, "epsilon": 0.9807598056866448, "gamma": 0.001, "lamda": 0.2914135087387187}, "datetime": {"datetime": "2021-09-24 18:03:08", "elapsed": 105.849244, "delta": 1.30333}}
{"target": -44.07218382354981, "params": {"C": 25.69306598653898, "epsilon": 0.33484725828142586, "gamma": 0.04257446457725201, "lamda": 0.9294468587343878}, "datetime": {"datetime": "2021-09-24 18:03:09", "elapsed": 106.678028, "delta": 0.828784}}
{"target": -44.696059542067005, "params": {"C": 47.7406858309524, "epsilon": 0.9487828749574218, "gamma": 0.06604640848829377, "lamda": 0.15395683494156315}, "datetime": {"datetime": "2021-09-24 18:03:10", "elapsed": 107.455751, "delta": 0.777723}}
{"target": -45.669858185457585, "params": {"C": 25.440631949132598, "epsilon": 0.2601617500017459, "gamma": 0.08986231473028132, "lamda": 1.21880803594509}, "datetime": {"datetime": "2021-09-24 18:03:11", "elapsed": 108.337545, "delta": 0.881794}}
{"target": -43.33560424453538, "params": {"C": 25.681990714706792, "epsilon": 0.4488631417625331, "gamma": 0.016474182999665507, "lamda": 1.2090026396703177}, "datetime": {"datetime": "2021-09-24 18:03:12", "elapsed": 109.338781, "delta": 1.001236}}
{"target": -43.664732273478386, "params": {"C": 40.65498103767288, "epsilon": 0.22709350168665093, "gamma": 0.03687299603507519, "lamda": 1.484880495641406}, "datetime": {"datetime": "2021-09-24 18:03:12", "elapsed": 109.981618, "delta": 0.642837}}
{"target": -47.56635642589899, "params": {"C": 6.447543820264832, "epsilon": 0.13427508718198466, "gamma": 0.06507372855973477, "lamda": 0.8657338142141204}, "datetime": {"datetime": "2021-09-24 18:03:13", "elapsed": 110.705989, "delta": 0.724371}}
{"target": -44.04244903482538, "params": {"C": 14.414564440854274, "epsilon": 0.8477266245193019, "gamma": 0.016432726292406392, "lamda": 0.008099534905931797}, "datetime": {"datetime": "2021-09-24 18:03:14", "elapsed": 111.557601, "delta": 0.851612}}
{"target": -46.145952609614255, "params": {"C": 48.08967435687836, "epsilon": 0.5458034259076653, "gamma": 0.001, "lamda": 0.260581048654835}, "datetime": {"datetime": "2021-09-24 18:03:15", "elapsed": 112.536776, "delta": 0.979175}}
{"target": -46.02464580253484, "params": {"C": 13.183133105444265, "epsilon": 0.6741601807629025, "gamma": 0.08158854780119619, "lamda": 0.7183844513227261}, "datetime": {"datetime": "2021-09-24 18:03:16", "elapsed": 113.187066, "delta": 0.65029}}
{"target": -44.46112665188669, "params": {"C": 30.172655071678122, "epsilon": 0.5290799994353341, "gamma": 0.056687145899683926, "lamda": 0.6968736591766665}, "datetime": {"datetime": "2021-09-24 18:03:16", "elapsed": 113.893852, "delta": 0.706786}}
{"target": -44.11902117778211, "params": {"C": 25.713903548447814, "epsilon": 0.4245460524204871, "gamma": 0.04578844957235569, "lamda": 1.0429226183835432}, "datetime": {"datetime": "2021-09-24 18:03:17", "elapsed": 114.891215, "delta": 0.997363}}
{"target": -46.05304448772584, "params": {"C": 25.697413939010108, "epsilon": 0.35602367833967125, "gamma": 0.09955187123601367, "lamda": 1.2269294797446952}, "datetime": {"datetime": "2021-09-24 18:03:19", "elapsed": 116.097246, "delta": 1.206031}}
{"target": -44.65359612083223, "params": {"C": 47.84580443005849, "epsilon": 0.8549588303918695, "gamma": 0.06332485116181734, "lamda": 0.28275589087059444}, "datetime": {"datetime": "2021-09-24 18:03:20", "elapsed": 117.446442, "delta": 1.349196}}
{"target": -44.367882088073024, "params": {"C": 33.917724597273455, "epsilon": 0.12193917719299817, "gamma": 0.0555723599988207, "lamda": 1.1932847798501545}, "datetime": {"datetime": "2021-09-24 18:03:21", "elapsed": 118.206739, "delta": 0.760297}}
{"target": -45.4223054144916, "params": {"C": 25.606490282811986, "epsilon": 0.5063059316106573, "gamma": 0.08036244937287372, "lamda": 1.2617364066301302}, "datetime": {"datetime": "2021-09-24 18:03:22", "elapsed": 119.560899, "delta": 1.35416}}
{"target": -44.73994991713817, "params": {"C": 18.813704675571557, "epsilon": 0.8143242333574843, "gamma": 0.05705057148004623, "lamda": 1.4437146171848507}, "datetime": {"datetime": "2021-09-24 18:03:23", "elapsed": 120.422216, "delta": 0.861317}}
{"target": -43.29572185324155, "params": {"C": 38.39095432041016, "epsilon": 0.07778025056258209, "gamma": 0.010013255605859896, "lamda": 0.9951447387466252}, "datetime": {"datetime": "2021-09-24 18:03:24", "elapsed": 121.224225, "delta": 0.802009}}
{"target": -44.35471863791998, "params": {"C": 48.347425719119045, "epsilon": 0.9672921049746088, "gamma": 0.001963927117060041, "lamda": 0.2031604037692019}, "datetime": {"datetime": "2021-09-24 18:03:25", "elapsed": 122.954336, "delta": 1.730111}}
{"target": -44.71610135520451, "params": {"C": 38.54096434556968, "epsilon": 0.1279786387116792, "gamma": 0.06508077997679276, "lamda": 1.0257535452212254}, "datetime": {"datetime": "2021-09-24 18:03:27", "elapsed": 124.06734, "delta": 1.113004}}
{"target": -44.22342610156302, "params": {"C": 30.1871159544224, "epsilon": 0.5294751664207564, "gamma": 0.05222816228069319, "lamda": 0.08548847573178678}, "datetime": {"datetime": "2021-09-24 18:03:27", "elapsed": 124.827616, "delta": 0.760276}}
{"target": -43.51504582419796, "params": {"C": 46.268878361105806, "epsilon": 0.7211135903175256, "gamma": 0.026858691767065714, "lamda": 0.2064769975971479}, "datetime": {"datetime": "2021-09-24 18:03:28", "elapsed": 125.594615, "delta": 0.766999}}
{"target": -44.87773026521181, "params": {"C": 49.98519908663275, "epsilon": 0.9396046002007145, "gamma": 0.06979819238712494, "lamda": 0.4010667832799111}, "datetime": {"datetime": "2021-09-24 18:03:29", "elapsed": 126.43061, "delta": 0.835995}}
{"target": -43.9174878053192, "params": {"C": 46.161525645725746, "epsilon": 0.6682410674576205, "gamma": 0.045432140236609804, "lamda": 0.25196838838611474}, "datetime": {"datetime": "2021-09-24 18:03:30", "elapsed": 127.543796, "delta": 1.113186}}
{"target": -45.115918949431986, "params": {"C": 18.41682240821035, "epsilon": 0.15546805966459515, "gamma": 0.07399425204276056, "lamda": 0.557082216567769}, "datetime": {"datetime": "2021-09-24 18:03:31", "elapsed": 128.272791, "delta": 0.728995}}
{"target": -48.99835646622168, "params": {"C": 25.45728355024472, "epsilon": 0.4419377468916069, "gamma": 0.001, "lamda": 1.1631695686014825}, "datetime": {"datetime": "2021-09-24 18:03:32", "elapsed": 129.872624, "delta": 1.599833}}
{"target": -45.22133634546924, "params": {"C": 25.58522332415786, "epsilon": 0.3328075077016771, "gamma": 0.0785240506823243, "lamda": 0.9822084727431806}, "datetime": {"datetime": "2021-09-24 18:03:34", "elapsed": 131.19151, "delta": 1.318886}}
{"target": -45.70104823471451, "params": {"C": 48.42796927480891, "epsilon": 0.8505136303731439, "gamma": 0.09668801914208637, "lamda": 0.2846794668989168}, "datetime": {"datetime": "2021-09-24 18:03:35", "elapsed": 132.688079, "delta": 1.496569}}
{"target": -44.07834577676984, "params": {"C": 23.65386083025466, "epsilon": 0.8747657665390196, "gamma": 0.04367668548588678, "lamda": 0.6835821126658559}, "datetime": {"datetime": "2021-09-24 18:03:36", "elapsed": 133.554364, "delta": 0.866285}}
{"target": -44.86765807069701, "params": {"C": 25.621084525569835, "epsilon": 0.3455284224193393, "gamma": 0.06680980499890428, "lamda": 1.1353183673173457}, "datetime": {"datetime": "2021-09-24 18:03:37", "elapsed": 134.668278, "delta": 1.113914}}
{"target": -42.966136540480015, "params": {"C": 42.898621507254845, "epsilon": 0.43281176503118374, "gamma": 0.011857295557225592, "lamda": 1.3967957005027978}, "datetime": {"datetime": "2021-09-24 18:03:38", "elapsed": 135.410411, "delta": 0.742133}}
{"target": -47.089575293326774, "params": {"C": 42.91309002001413, "epsilon": 0.5310129290232108, "gamma": 0.001, "lamda": 1.4095558450764767}, "datetime": {"datetime": "2021-09-24 18:03:39", "elapsed": 136.649071, "delta": 1.23866}}
{"target": -43.973023685700625, "params": {"C": 42.82871337308216, "epsilon": 0.3743170765198124, "gamma": 0.046219706446066294, "lamda": 1.2909171110238244}, "datetime": {"datetime": "2021-09-24 18:03:40", "elapsed": 137.678624, "delta": 1.029553}}
{"target": -43.60262262153632, "params": {"C": 31.74384662405593, "epsilon": 0.35050376020754115, "gamma": 0.027968720047783314, "lamda": 0.8133726869048425}, "datetime": {"datetime": "2021-09-24 18:03:41", "elapsed": 138.528805, "delta": 0.850181}}
{"target": -43.05694731161834, "params": {"C": 42.78474114615012, "epsilon": 0.3237279556668631, "gamma": 0.004633775188448788, "lamda": 1.3806018710925132}, "datetime": {"datetime": "2021-09-24 18:03:42", "elapsed": 139.514657, "delta": 0.985852}}
{"target": -44.636472314129534, "params": {"C": 20.056122369220365, "epsilon": 0.3204240907038378, "gamma": 0.05626556590399123, "lamda": 0.4124786096618387}, "datetime": {"datetime": "2021-09-24 18:03:43", "elapsed": 140.326734, "delta": 0.812077}}
{"target": -43.88756664234897, "params": {"C": 48.394370590570006, "epsilon": 0.7756779802196153, "gamma": 0.0024821462137576663, "lamda": 0.3340910527082911}, "datetime": {"datetime": "2021-09-24 18:03:44", "elapsed": 141.578653, "delta": 1.251919}}
{"target": -43.146161938949525, "params": {"C": 42.78930806157826, "epsilon": 0.364792955653457, "gamma": 0.004468677175836749, "lamda": 1.450689354515793}, "datetime": {"datetime": "2021-09-24 18:03:45", "elapsed": 142.788389, "delta": 1.209736}}
{"target": -44.98407567227815, "params": {"C": 42.84907083701963, "epsilon": 0.2773759771650016, "gamma": 0.07230478387144441, "lamda": 1.4473229808068873}, "datetime": {"datetime": "2021-09-24 18:03:47", "elapsed": 144.09639, "delta": 1.308001}}
{"target": -44.34138912881874, "params": {"C": 47.8605230446754, "epsilon": 0.979747469821774, "gamma": 0.057023990646698164, "lamda": 0.20023147901711005}, "datetime": {"datetime": "2021-09-24 18:03:48", "elapsed": 145.602999, "delta": 1.506609}}
{"target": -43.34520929813367, "params": {"C": 47.817175164898735, "epsilon": 0.9090310698191749, "gamma": 0.004853307448781464, "lamda": 0.08184090980404525}, "datetime": {"datetime": "2021-09-24 18:03:50", "elapsed": 147.384068, "delta": 1.781069}}
{"target": -44.099669055593154, "params": {"C": 32.64253158748151, "epsilon": 0.16144538241878678, "gamma": 0.04769615790213393, "lamda": 1.3938206917227394}, "datetime": {"datetime": "2021-09-24 18:03:51", "elapsed": 148.225885, "delta": 0.841817}}
{"target": -43.35273400737885, "params": {"C": 47.82719904655908, "epsilon": 0.902713256108727, "gamma": 0.00475400831891483, "lamda": 0.07365705307732383}, "datetime": {"datetime": "2021-09-24 18:03:52", "elapsed": 149.157854, "delta": 0.931969}}
{"target": -45.76449067885365, "params": {"C": 25.68878552225, "epsilon": 0.017455402776251815, "gamma": 0.0950890027338909, "lamda": 1.0377953891721896}, "datetime": {"datetime": "2021-09-24 18:03:53", "elapsed": 150.291653, "delta": 1.133799}}
{"target": -56.20733349345238, "params": {"C": 1.165394853637665, "epsilon": 0.11238545058617927, "gamma": 0.07767743842576685, "lamda": 0.6888229633073818}, "datetime": {"datetime": "2021-09-24 18:03:54", "elapsed": 151.211974, "delta": 0.920321}}
{"target": -43.76431571006876, "params": {"C": 25.72194362792087, "epsilon": 0.24184364704548272, "gamma": 0.029141590372604123, "lamda": 1.0341915252194935}, "datetime": {"datetime": "2021-09-24 18:03:55", "elapsed": 152.107685, "delta": 0.895711}}
{"target": -44.89541707401633, "params": {"C": 24.86056878850115, "epsilon": 0.7426466770526605, "gamma": 0.07037692238365581, "lamda": 0.33106341639104575}, "datetime": {"datetime": "2021-09-24 18:03:56", "elapsed": 153.505865, "delta": 1.39818}}
{"target": -50.61804452628779, "params": {"C": 4.578440438213316, "epsilon": 0.9143558775121974, "gamma": 0.09072993036063653, "lamda": 0.48693384238234405}, "datetime": {"datetime": "2021-09-24 18:03:57", "elapsed": 154.380741, "delta": 0.874876}}
{"target": -44.77475969873955, "params": {"C": 25.19863092193914, "epsilon": 0.7960722621244376, "gamma": 0.0032449296503128766, "lamda": 0.37995563353914236}, "datetime": {"datetime": "2021-09-24 18:03:58", "elapsed": 155.194239, "delta": 0.813498}}
{"target": -45.78153732285871, "params": {"C": 46.298945420191984, "epsilon": 0.6409758512589369, "gamma": 0.1, "lamda": 0.31540551182969356}, "datetime": {"datetime": "2021-09-24 18:03:59", "elapsed": 156.653866, "delta": 1.459627}}
{"target": -45.91608286571568, "params": {"C": 24.667797086207162, "epsilon": 0.6948170891823234, "gamma": 0.1, "lamda": 0.17528894873748968}, "datetime": {"datetime": "2021-09-24 18:04:01", "elapsed": 158.069031, "delta": 1.415165}}
{"target": -44.39180245374603, "params": {"C": 39.329559710808645, "epsilon": 0.8790220185050202, "gamma": 0.05631828554941305, "lamda": 0.48533735012233326}, "datetime": {"datetime": "2021-09-24 18:04:01", "elapsed": 158.891023, "delta": 0.821992}}
{"target": -44.33176852541071, "params": {"C": 31.06311474068493, "epsilon": 0.5422559420947949, "gamma": 0.055507480989385724, "lamda": 0.1779822448838845}, "datetime": {"datetime": "2021-09-24 18:04:02", "elapsed": 159.713019, "delta": 0.821996}}
{"target": -46.2655536585816, "params": {"C": 46.21009645187617, "epsilon": 0.6625604957453657, "gamma": 0.001, "lamda": 0.09977425658103097}, "datetime": {"datetime": "2021-09-24 18:04:04", "elapsed": 161.282214, "delta": 1.569195}}
{"target": -44.6702556927793, "params": {"C": 14.646849724680862, "epsilon": 0.9649053948363869, "gamma": 0.052298540560190857, "lamda": 0.25737290294064225}, "datetime": {"datetime": "2021-09-24 18:04:05", "elapsed": 162.163573, "delta": 0.881359}}
{"target": -47.688169434062864, "params": {"C": 8.057222565927223, "epsilon": 0.5959419234556401, "gamma": 0.07824868883400624, "lamda": 1.265065532054547}, "datetime": {"datetime": "2021-09-24 18:04:05", "elapsed": 162.977484, "delta": 0.813911}}
{"target": -45.24393318224519, "params": {"C": 42.67948530047885, "epsilon": 0.3526339659581076, "gamma": 0.08324839491437123, "lamda": 1.384413123956767}, "datetime": {"datetime": "2021-09-24 18:04:07", "elapsed": 164.620505, "delta": 1.643021}}
{"target": -44.59268932389766, "params": {"C": 18.839267473883353, "epsilon": 0.7397181647822335, "gamma": 0.05350680143604198, "lamda": 1.2389042862358521}, "datetime": {"datetime": "2021-09-24 18:04:08", "elapsed": 165.964787, "delta": 1.344282}}
{"target": -45.24171441486963, "params": {"C": 42.951984936975926, "epsilon": 0.32772177382472384, "gamma": 0.08237758179041259, "lamda": 1.3714732394316613}, "datetime": {"datetime": "2021-09-24 18:04:10", "elapsed": 167.199789, "delta": 1.235002}}
{"target": -43.85664788611519, "params": {"C": 38.31166067803034, "epsilon": 0.10925611722341502, "gamma": 0.0386487062246942, "lamda": 1.071344939098573}, "datetime": {"datetime": "2021-09-24 18:04:11", "elapsed": 168.622, "delta": 1.422211}}
{"target": -46.64496881941533, "params": {"C": 13.66719510940396, "epsilon": 0.08112225886796513, "gamma": 0.09865268368540828, "lamda": 0.13819272443407143}, "datetime": {"datetime": "2021-09-24 18:04:12", "elapsed": 169.508837, "delta": 0.886837}}
{"target": -46.109767531350464, "params": {"C": 47.94516929013756, "epsilon": 1.0, "gamma": 0.001, "lamda": 0.02416321542638247}, "datetime": {"datetime": "2021-09-24 18:04:14", "elapsed": 171.22009, "delta": 1.711253}}
{"target": -46.95031286834521, "params": {"C": 5.639637665800701, "epsilon": 0.3716646049639338, "gamma": 0.043887032047482545, "lamda": 1.40317028599764}, "datetime": {"datetime": "2021-09-24 18:04:15", "elapsed": 172.108989, "delta": 0.888899}}
{"target": -46.183992636529766, "params": {"C": 47.976195246123204, "epsilon": 0.9260224089764284, "gamma": 0.001, "lamda": 0.29077355742783234}, "datetime": {"datetime": "2021-09-24 18:04:16", "elapsed": 173.772788, "delta": 1.663799}}
{"target": -44.30932189696063, "params": {"C": 26.764493077568094, "epsilon": 0.16539730089757596, "gamma": 0.05117282364563815, "lamda": 1.4042639755852937}, "datetime": {"datetime": "2021-09-24 18:04:18", "elapsed": 175.198589, "delta": 1.425801}}
{"target": -43.80404497208894, "params": {"C": 24.764628497383647, "epsilon": 0.5863752027699324, "gamma": 0.006041604979770224, "lamda": 0.30759895202521265}, "datetime": {"datetime": "2021-09-24 18:04:19", "elapsed": 176.857454, "delta": 1.658865}}
{"target": -43.87777628526687, "params": {"C": 38.3911486559398, "epsilon": 0.0032413139365122814, "gamma": 0.03740986937487935, "lamda": 1.0740306506932222}, "datetime": {"datetime": "2021-09-24 18:04:21", "elapsed": 178.318481, "delta": 1.461027}}
{"target": -44.58328944309782, "params": {"C": 18.71205872635083, "epsilon": 0.6416237481184913, "gamma": 0.05302646295493361, "lamda": 1.3616762099066368}, "datetime": {"datetime": "2021-09-24 18:04:22", "elapsed": 179.958983, "delta": 1.640502}}
{"target": -43.570013713404784, "params": {"C": 24.838398406814974, "epsilon": 0.6143965881589297, "gamma": 0.009581530733850943, "lamda": 0.11880417473152385}, "datetime": {"datetime": "2021-09-24 18:04:24", "elapsed": 181.740622, "delta": 1.781639}}
{"target": -43.331814193008796, "params": {"C": 47.80097188936273, "epsilon": 0.801744620535408, "gamma": 0.004062347365270011, "lamda": 0.16236825373213473}, "datetime": {"datetime": "2021-09-24 18:04:26", "elapsed": 183.360721, "delta": 1.620099}}
{"target": -44.90418899106211, "params": {"C": 34.27622997437301, "epsilon": 0.21438797193463233, "gamma": 0.06819008898273571, "lamda": 1.321512496300252}, "datetime": {"datetime": "2021-09-24 18:04:27", "elapsed": 184.209627, "delta": 0.848906}}
{"target": -43.4419501799216, "params": {"C": 32.85487806942214, "epsilon": 0.43693761616165155, "gamma": 0.02207153684402335, "lamda": 0.8043642928613097}, "datetime": {"datetime": "2021-09-24 18:04:27", "elapsed": 185.049577, "delta": 0.83995}}
{"target": -44.990586808043936, "params": {"C": 30.821467598761156, "epsilon": 0.3481613812532045, "gamma": 0.06978162812782314, "lamda": 1.4516058124824}, "datetime": {"datetime": "2021-09-24 18:04:28", "elapsed": 185.933145, "delta": 0.883568}}
{"target": -43.3020039605579, "params": {"C": 42.51656295299201, "epsilon": 0.8543961547367269, "gamma": 0.02604550820961193, "lamda": 1.177077492056336}, "datetime": {"datetime": "2021-09-24 18:04:29", "elapsed": 186.846066, "delta": 0.912921}}
{"target": -45.399738545791266, "params": {"C": 42.57579874361464, "epsilon": 0.750112063913655, "gamma": 0.09305027256805046, "lamda": 1.2240276516897184}, "datetime": {"datetime": "2021-09-24 18:04:31", "elapsed": 188.143012, "delta": 1.296946}}
{"target": -43.87951905768542, "params": {"C": 42.426714803250846, "epsilon": 0.8818423989548213, "gamma": 0.0033083493532483836, "lamda": 1.1134978940515727}, "datetime": {"datetime": "2021-09-24 18:04:32", "elapsed": 189.681427, "delta": 1.538415}}
{"target": -48.695265588588185, "params": {"C": 7.905499934259512, "epsilon": 0.5765110373475307, "gamma": 0.09182822455012267, "lamda": 0.17855463809228067}, "datetime": {"datetime": "2021-09-24 18:04:33", "elapsed": 190.629686, "delta": 0.948259}}
{"target": -43.25354717414975, "params": {"C": 45.03329259981278, "epsilon": 0.6071729726541681, "gamma": 0.018510090748017637, "lamda": 0.3485377609640242}, "datetime": {"datetime": "2021-09-24 18:04:34", "elapsed": 191.471152, "delta": 0.841466}}
