{"target": -43.04389137858191, "params": {"C": 63.968518111575406, "epsilon": 0.41322375395531435, "gamma": 0.01717252568786482, "lamda": 0.9226969635175961}, "datetime": {"datetime": "2021-09-24 18:59:51", "elapsed": 389.172278, "delta": 1.484365}}
{"target": -43.22686787682467, "params": {"C": 94.21464191805461, "epsilon": 0.4139159933989178, "gamma": 0.027601618627298197, "lamda": 0.13337252324007867}, "datetime": {"datetime": "2021-09-24 18:59:54", "elapsed": 392.681646, "delta": 3.509368}}
{"target": -44.89455580234373, "params": {"C": 74.97164512410785, "epsilon": 0.32481198932172856, "gamma": 0.001, "lamda": 0.9950898311580959}, "datetime": {"datetime": "2021-09-24 18:59:57", "elapsed": 395.599698, "delta": 2.918052}}
{"target": -44.30587205051115, "params": {"C": 74.39559659909777, "epsilon": 0.8791100647562103, "gamma": 0.06571576499326955, "lamda": 1.2675926020048685}, "datetime": {"datetime": "2021-09-24 19:00:00", "elapsed": 398.021879, "delta": 2.422181}}
{"target": -42.85257342845231, "params": {"C": 52.328513542537706, "epsilon": 0.7574331684527655, "gamma": 0.012881956427669504, "lamda": 1.4236066883971854}, "datetime": {"datetime": "2021-09-24 19:00:01", "elapsed": 399.690198, "delta": 1.668319}}
{"target": -42.568569664378636, "params": {"C": 68.18816223737662, "epsilon": 0.7271754128695054, "gamma": 0.005973199617881783, "lamda": 1.342616079334992}, "datetime": {"datetime": "2021-09-24 19:00:11", "elapsed": 409.114314, "delta": 9.424116}}
{"target": -45.34432020871568, "params": {"C": 65.07606357562679, "epsilon": 0.9735861981544105, "gamma": 0.09172825523460301, "lamda": 0.39095024954828456}, "datetime": {"datetime": "2021-09-24 19:00:16", "elapsed": 414.305466, "delta": 5.191152}}
{"target": -42.93601143883692, "params": {"C": 68.19430027825679, "epsilon": 0.6971024648038237, "gamma": 0.020310125436556154, "lamda": 1.3418233842035048}, "datetime": {"datetime": "2021-09-24 19:00:20", "elapsed": 418.247357, "delta": 3.941891}}
{"target": -43.92264372254543, "params": {"C": 61.741383426664925, "epsilon": 0.75201027925314, "gamma": 0.0489547996396467, "lamda": 1.0101254127049952}, "datetime": {"datetime": "2021-09-24 19:00:24", "elapsed": 421.938686, "delta": 3.691329}}
{"target": -42.391789287425006, "params": {"C": 74.30791101732054, "epsilon": 0.9663531052645172, "gamma": 0.00765903242153352, "lamda": 1.2836579462712219}, "datetime": {"datetime": "2021-09-24 19:00:28", "elapsed": 426.450141, "delta": 4.511455}}
{"target": -43.33526675104529, "params": {"C": 96.46051259368542, "epsilon": 0.1905615263881653, "gamma": 0.0248496333440986, "lamda": 1.4477696937224223}, "datetime": {"datetime": "2021-09-24 19:00:31", "elapsed": 429.128028, "delta": 2.677887}}
{"target": -43.92095594360648, "params": {"C": 79.66243878333415, "epsilon": 0.27880390693817303, "gamma": 0.04348757809210317, "lamda": 1.3309090895733366}, "datetime": {"datetime": "2021-09-24 19:00:33", "elapsed": 431.556636, "delta": 2.428608}}
{"target": -42.83086157872102, "params": {"C": 74.43857856975687, "epsilon": 0.9938488868694676, "gamma": 0.0048325069367956665, "lamda": 1.3050398415540971}, "datetime": {"datetime": "2021-09-24 19:00:40", "elapsed": 438.585624, "delta": 7.028988}}
{"target": -43.39812009136275, "params": {"C": 62.269296843691606, "epsilon": 0.7021840935484465, "gamma": 0.029811396244230858, "lamda": 0.6380205538592919}, "datetime": {"datetime": "2021-09-24 19:00:42", "elapsed": 440.824738, "delta": 2.239114}}
{"target": -44.771527377087494, "params": {"C": 55.5588626775801, "epsilon": 0.812514110891053, "gamma": 0.07541111216888174, "lamda": 1.3601689109428263}, "datetime": {"datetime": "2021-09-24 19:00:44", "elapsed": 442.480166, "delta": 1.655428}}
{"target": -42.400598921487564, "params": {"C": 74.2495552062368, "epsilon": 0.9137294097712892, "gamma": 0.010067298831525053, "lamda": 1.2377616025350744}, "datetime": {"datetime": "2021-09-24 19:00:47", "elapsed": 445.348291, "delta": 2.868125}}
{"target": -43.372382901607196, "params": {"C": 91.32767795093801, "epsilon": 0.7924525829379326, "gamma": 0.02797245427879338, "lamda": 0.3518705182096901}, "datetime": {"datetime": "2021-09-24 19:00:50", "elapsed": 448.660307, "delta": 3.312016}}
{"target": -43.296225022995785, "params": {"C": 92.33455232697139, "epsilon": 0.8950579377938536, "gamma": 0.03954057164924441, "lamda": 1.1516759671054637}, "datetime": {"datetime": "2021-09-24 19:00:54", "elapsed": 452.161519, "delta": 3.501212}}
{"target": -43.08018781925712, "params": {"C": 63.877894937960775, "epsilon": 0.5537586444696129, "gamma": 0.016488763485911582, "lamda": 0.9276362554695303}, "datetime": {"datetime": "2021-09-24 19:00:57", "elapsed": 454.959337, "delta": 2.797818}}
{"target": -43.63196250567494, "params": {"C": 66.27214494241828, "epsilon": 0.822128427105022, "gamma": 0.036926756249215695, "lamda": 0.671922463275502}, "datetime": {"datetime": "2021-09-24 19:00:59", "elapsed": 457.857059, "delta": 2.897722}}
{"target": -44.21559231946109, "params": {"C": 85.09385956355513, "epsilon": 0.28729747979004633, "gamma": 0.04971322289718671, "lamda": 1.0640823069272476}, "datetime": {"datetime": "2021-09-24 19:01:01", "elapsed": 459.858813, "delta": 2.001754}}
{"target": -43.80600827539919, "params": {"C": 74.4093714249294, "epsilon": 0.8689718715753831, "gamma": 0.05192910946555596, "lamda": 1.3281891704310769}, "datetime": {"datetime": "2021-09-24 19:01:04", "elapsed": 462.770028, "delta": 2.911215}}
{"target": -45.20129777288475, "params": {"C": 56.3158047341259, "epsilon": 0.9120010572578948, "gamma": 0.0894884356290191, "lamda": 0.8555661310955455}, "datetime": {"datetime": "2021-09-24 19:01:06", "elapsed": 464.907739, "delta": 2.137711}}
{"target": -43.03007060718398, "params": {"C": 61.75848848031876, "epsilon": 0.7907585841129461, "gamma": 0.016907406565555477, "lamda": 0.9562669780088372}, "datetime": {"datetime": "2021-09-24 19:01:10", "elapsed": 467.993638, "delta": 3.085899}}
{"target": -44.12825937324462, "params": {"C": 90.49272717228669, "epsilon": 0.44135266369084825, "gamma": 0.05629450424958567, "lamda": 1.4573571296707462}, "datetime": {"datetime": "2021-09-24 19:01:12", "elapsed": 469.915438, "delta": 1.9218}}
{"target": -42.792480128745005, "params": {"C": 63.660007292376925, "epsilon": 0.2655371690632941, "gamma": 0.006330657563500018, "lamda": 0.9373297203328549}, "datetime": {"datetime": "2021-09-24 19:01:14", "elapsed": 472.797415, "delta": 2.881977}}
{"target": -44.77161994408206, "params": {"C": 87.25864935069437, "epsilon": 0.8556773897475206, "gamma": 0.07871915494427299, "lamda": 0.9462799105410115}, "datetime": {"datetime": "2021-09-24 19:01:16", "elapsed": 474.569559, "delta": 1.772144}}
{"target": -42.60432948097112, "params": {"C": 74.32102819459709, "epsilon": 0.9977789800671157, "gamma": 0.018816865879424702, "lamda": 1.3127407353206366}, "datetime": {"datetime": "2021-09-24 19:01:19", "elapsed": 476.952081, "delta": 2.382522}}
{"target": -42.71901810165295, "params": {"C": 70.2851473428127, "epsilon": 0.2593372603816036, "gamma": 0.0046428854028135215, "lamda": 1.0738837721947667}, "datetime": {"datetime": "2021-09-24 19:01:20", "elapsed": 478.894545, "delta": 1.942464}}
{"target": -45.78678216561139, "params": {"C": 77.32856579334793, "epsilon": 0.00760749547547564, "gamma": 0.09488341035553038, "lamda": 0.8465535134678862}, "datetime": {"datetime": "2021-09-24 19:01:22", "elapsed": 480.810959, "delta": 1.916414}}
{"target": -42.8380965538903, "params": {"C": 54.475602627938, "epsilon": 0.2870478527086359, "gamma": 0.004810255489944481, "lamda": 0.835697640561741}, "datetime": {"datetime": "2021-09-24 19:01:25", "elapsed": 483.854931, "delta": 3.043972}}
{"target": -42.90215410685149, "params": {"C": 61.74692948819588, "epsilon": 0.6611954762800293, "gamma": 0.004209741494273861, "lamda": 1.0011464831626413}, "datetime": {"datetime": "2021-09-24 19:01:29", "elapsed": 486.953568, "delta": 3.098637}}
{"target": -43.06964999651587, "params": {"C": 64.06737583876243, "epsilon": 0.48498514122504194, "gamma": 0.017791792590616775, "lamda": 0.8220443326166499}, "datetime": {"datetime": "2021-09-24 19:01:31", "elapsed": 489.718184, "delta": 2.764616}}
{"target": -43.34662812335399, "params": {"C": 99.8768423315498, "epsilon": 0.8124735972748641, "gamma": 0.0391284319141996, "lamda": 0.9998744715824384}, "datetime": {"datetime": "2021-09-24 19:01:35", "elapsed": 493.279613, "delta": 3.561429}}
{"target": -42.73707342237789, "params": {"C": 63.971564218804886, "epsilon": 0.4862008346627365, "gamma": 0.005229938329700655, "lamda": 0.8337362381145855}, "datetime": {"datetime": "2021-09-24 19:01:38", "elapsed": 495.985465, "delta": 2.705852}}
{"target": -43.18875951231365, "params": {"C": 54.533897732672244, "epsilon": 0.27413821549972744, "gamma": 0.02353794455691067, "lamda": 0.8279723392781215}, "datetime": {"datetime": "2021-09-24 19:01:41", "elapsed": 499.695033, "delta": 3.709568}}
{"target": -42.61826376372044, "params": {"C": 77.53760622182375, "epsilon": 0.45131602821823863, "gamma": 0.006368678676383112, "lamda": 1.2206572176050179}, "datetime": {"datetime": "2021-09-24 19:01:43", "elapsed": 501.416996, "delta": 1.721963}}
{"target": -43.368585135525215, "params": {"C": 68.16675194225678, "epsilon": 0.7207787255060804, "gamma": 0.0030625511850359633, "lamda": 1.3185297974926684}, "datetime": {"datetime": "2021-09-24 19:01:46", "elapsed": 504.162449, "delta": 2.745453}}
{"target": -43.11243098303882, "params": {"C": 92.78455466076917, "epsilon": 0.4377389758026329, "gamma": 0.022604994227955862, "lamda": 1.4201586353300877}, "datetime": {"datetime": "2021-09-24 19:01:48", "elapsed": 505.985612, "delta": 1.823163}}
{"target": -45.865599384786954, "params": {"C": 59.20695692209686, "epsilon": 0.35091324945449914, "gamma": 0.09938291436150334, "lamda": 0.24702009122817548}, "datetime": {"datetime": "2021-09-24 19:01:50", "elapsed": 507.923804, "delta": 1.938192}}
{"target": -44.77153235880781, "params": {"C": 95.85814223870399, "epsilon": 0.5956364350175021, "gamma": 0.06843459413062924, "lamda": 0.5632506011345352}, "datetime": {"datetime": "2021-09-24 19:01:51", "elapsed": 509.829649, "delta": 1.905845}}
{"target": -44.71076185351232, "params": {"C": 71.63098944596396, "epsilon": 0.2128286857386931, "gamma": 0.06502654183983853, "lamda": 0.7928381589686734}, "datetime": {"datetime": "2021-09-24 19:01:53", "elapsed": 511.71143, "delta": 1.881781}}
{"target": -43.59311263727441, "params": {"C": 73.40374140955583, "epsilon": 0.16112095999873258, "gamma": 0.038741351255910016, "lamda": 0.1573381794687}, "datetime": {"datetime": "2021-09-24 19:01:55", "elapsed": 513.7556, "delta": 2.04417}}
{"target": -42.852674734162356, "params": {"C": 74.24798983362355, "epsilon": 0.9193719803061801, "gamma": 0.02477854560374942, "lamda": 1.233421890881794}, "datetime": {"datetime": "2021-09-24 19:01:57", "elapsed": 515.655108, "delta": 1.899508}}
{"target": -45.24585611307095, "params": {"C": 59.19346089816346, "epsilon": 0.06619633753761758, "gamma": 0.08200545000911849, "lamda": 1.3705818032598311}, "datetime": {"datetime": "2021-09-24 19:01:59", "elapsed": 517.545767, "delta": 1.890659}}
{"target": -42.723169280733124, "params": {"C": 56.81590745027656, "epsilon": 0.9273504704401196, "gamma": 0.006854982883462743, "lamda": 1.0958656746288062}, "datetime": {"datetime": "2021-09-24 19:02:03", "elapsed": 521.29511, "delta": 3.749343}}
{"target": -43.10421647842817, "params": {"C": 63.0179525947015, "epsilon": 0.6268723395801147, "gamma": 0.00670650432226291, "lamda": 0.18120766537163258}, "datetime": {"datetime": "2021-09-24 19:02:05", "elapsed": 523.465241, "delta": 2.170131}}
{"target": -45.3325180164472, "params": {"C": 75.01291638783519, "epsilon": 0.9633949313156169, "gamma": 0.0902910653101632, "lamda": 1.344105600786818}, "datetime": {"datetime": "2021-09-24 19:02:07", "elapsed": 525.367837, "delta": 1.902596}}
{"target": -43.43485474452644, "params": {"C": 67.90523638957494, "epsilon": 0.04575150175828067, "gamma": 0.030657659981036492, "lamda": 0.6348176864460711}, "datetime": {"datetime": "2021-09-24 19:02:09", "elapsed": 527.384544, "delta": 2.016707}}
{"target": -44.31442215454288, "params": {"C": 56.84178038144123, "epsilon": 0.8840418506523053, "gamma": 0.060663442945705595, "lamda": 1.0511795720390482}, "datetime": {"datetime": "2021-09-24 19:02:14", "elapsed": 532.079687, "delta": 4.695143}}
{"target": -44.72063820643264, "params": {"C": 74.2715779672787, "epsilon": 0.8539708004696414, "gamma": 0.07670569951787347, "lamda": 1.223042698817489}, "datetime": {"datetime": "2021-09-24 19:02:17", "elapsed": 535.841514, "delta": 3.761827}}
{"target": -42.40914141540506, "params": {"C": 99.83168946991745, "epsilon": 0.8850160584905072, "gamma": 0.015228745353786557, "lamda": 1.1239589579791378}, "datetime": {"datetime": "2021-09-24 19:02:21", "elapsed": 539.109092, "delta": 3.267578}}
{"target": -42.97654383517488, "params": {"C": 94.78079894242697, "epsilon": 0.40365890271298777, "gamma": 0.014489322381863973, "lamda": 1.0997827513635559}, "datetime": {"datetime": "2021-09-24 19:02:23", "elapsed": 541.029676, "delta": 1.920584}}
{"target": -43.32358243207561, "params": {"C": 75.2803188177084, "epsilon": 0.1894291410178555, "gamma": 0.028257047247765957, "lamda": 0.877282314521745}, "datetime": {"datetime": "2021-09-24 19:02:26", "elapsed": 544.011196, "delta": 2.98152}}
{"target": -43.56154829211244, "params": {"C": 63.004714093562, "epsilon": 0.23676283396825476, "gamma": 0.03681718333444514, "lamda": 0.29038031323979924}, "datetime": {"datetime": "2021-09-24 19:02:28", "elapsed": 546.14593, "delta": 2.134734}}
{"target": -46.93252553114408, "params": {"C": 50.959057956882624, "epsilon": 0.6558727798452706, "gamma": 0.001, "lamda": 1.4866994023118854}, "datetime": {"datetime": "2021-09-24 19:02:31", "elapsed": 549.650392, "delta": 3.504462}}
{"target": -42.51161004485197, "params": {"C": 99.86800119555691, "epsilon": 0.7125651076919456, "gamma": 0.014787360236765787, "lamda": 1.1181745052576384}, "datetime": {"datetime": "2021-09-24 19:02:35", "elapsed": 553.382384, "delta": 3.731992}}
{"target": -42.16851378452591, "params": {"C": 99.86667866999169, "epsilon": 0.8473343872946412, "gamma": 0.008500728238213542, "lamda": 1.0978465446272536}, "datetime": {"datetime": "2021-09-24 19:02:39", "elapsed": 557.170897, "delta": 3.788513}}
{"target": -43.05703982447344, "params": {"C": 92.71601347429385, "epsilon": 0.4155503609288515, "gamma": 0.0025708722480292713, "lamda": 1.4166439631367367}, "datetime": {"datetime": "2021-09-24 19:02:43", "elapsed": 561.586421, "delta": 4.415524}}
{"target": -44.4381844351827, "params": {"C": 90.71302863285982, "epsilon": 0.7328279853182738, "gamma": 0.058568836377957366, "lamda": 0.5823941791660298}, "datetime": {"datetime": "2021-09-24 19:02:45", "elapsed": 563.548996, "delta": 1.962575}}
{"target": -43.58683036815792, "params": {"C": 78.36891397022634, "epsilon": 0.4784632477170766, "gamma": 0.03598953934534536, "lamda": 0.4646045263024853}, "datetime": {"datetime": "2021-09-24 19:02:47", "elapsed": 565.623294, "delta": 2.074298}}
{"target": -43.67678540212843, "params": {"C": 96.8012495318692, "epsilon": 0.28266763641897347, "gamma": 0.034613009306707875, "lamda": 1.1962280462367822}, "datetime": {"datetime": "2021-09-24 19:02:49", "elapsed": 567.580543, "delta": 1.957249}}
{"target": -42.276501831491274, "params": {"C": 99.77343258159931, "epsilon": 0.8747615319340004, "gamma": 0.011793311651220283, "lamda": 1.11404039163528}, "datetime": {"datetime": "2021-09-24 19:02:53", "elapsed": 571.447603, "delta": 3.86706}}
{"target": -44.3922580910073, "params": {"C": 53.94691906098868, "epsilon": 0.78099772543828, "gamma": 0.06333001364612789, "lamda": 1.4701570317651511}, "datetime": {"datetime": "2021-09-24 19:02:55", "elapsed": 573.533678, "delta": 2.086075}}
{"target": -43.70485613557945, "params": {"C": 68.2170253999257, "epsilon": 0.7403173771122114, "gamma": 0.04636721476235606, "lamda": 1.3614252822680444}, "datetime": {"datetime": "2021-09-24 19:02:59", "elapsed": 577.031934, "delta": 3.498256}}
{"target": -42.9982961976676, "params": {"C": 56.88052799100794, "epsilon": 0.9027522826745027, "gamma": 0.0048088936402267135, "lamda": 1.1021566155803078}, "datetime": {"datetime": "2021-09-24 19:03:03", "elapsed": 581.140352, "delta": 4.108418}}
{"target": -42.53213009636853, "params": {"C": 99.81625108604288, "epsilon": 0.7575476900006417, "gamma": 0.015396507502273515, "lamda": 1.0508387077921293}, "datetime": {"datetime": "2021-09-24 19:03:05", "elapsed": 583.120393, "delta": 1.980041}}
{"target": -42.344507952389435, "params": {"C": 99.85114439781746, "epsilon": 0.8642479447623554, "gamma": 0.012040868829542844, "lamda": 1.027825292917255}, "datetime": {"datetime": "2021-09-24 19:03:08", "elapsed": 586.575132, "delta": 3.454739}}
{"target": -42.3891092145437, "params": {"C": 74.40458197502709, "epsilon": 0.875089371684507, "gamma": 0.008860057829358954, "lamda": 1.194730585913006}, "datetime": {"datetime": "2021-09-24 19:03:11", "elapsed": 589.601432, "delta": 3.0263}}
{"target": -45.03626507232315, "params": {"C": 50.22728604153656, "epsilon": 0.8039776690184857, "gamma": 0.07598516108965643, "lamda": 0.4699050126931885}, "datetime": {"datetime": "2021-09-24 19:03:13", "elapsed": 591.650347, "delta": 2.048915}}
{"target": -44.00421073776022, "params": {"C": 83.29251613429557, "epsilon": 0.8638071303591128, "gamma": 0.05760368105907218, "lamda": 1.1338460761185691}, "datetime": {"datetime": "2021-09-24 19:03:15", "elapsed": 593.583955, "delta": 1.933608}}
{"target": -44.42195079986612, "params": {"C": 81.98104040871446, "epsilon": 0.6175604942227355, "gamma": 0.05942196393963672, "lamda": 0.8133728751073758}, "datetime": {"datetime": "2021-09-24 19:03:17", "elapsed": 595.572087, "delta": 1.988132}}
{"target": -42.94169953203898, "params": {"C": 54.584040376388, "epsilon": 0.9429909005162268, "gamma": 0.013988171960427866, "lamda": 0.9292432015663399}, "datetime": {"datetime": "2021-09-24 19:03:19", "elapsed": 597.738002, "delta": 2.165915}}
{"target": -44.93516559368064, "params": {"C": 74.93712178665166, "epsilon": 0.34558712533504515, "gamma": 0.001, "lamda": 1.041491287603798}, "datetime": {"datetime": "2021-09-24 19:03:23", "elapsed": 601.291343, "delta": 3.553341}}
{"target": -44.77841287418106, "params": {"C": 84.26890850841917, "epsilon": 0.4450105487022776, "gamma": 0.07640595202082452, "lamda": 1.4811782836471348}, "datetime": {"datetime": "2021-09-24 19:03:25", "elapsed": 603.299815, "delta": 2.008472}}
{"target": -44.5549611026129, "params": {"C": 52.9629354286743, "epsilon": 0.007735645053947608, "gamma": 0.06058695712855887, "lamda": 0.24375437202552636}, "datetime": {"datetime": "2021-09-24 19:03:27", "elapsed": 605.453716, "delta": 2.153901}}
{"target": -42.83999637129636, "params": {"C": 74.37443330833464, "epsilon": 0.8232240626089421, "gamma": 0.023362349342370612, "lamda": 1.2749302830354285}, "datetime": {"datetime": "2021-09-24 19:03:30", "elapsed": 608.635845, "delta": 3.182129}}
{"target": -42.393818245804944, "params": {"C": 93.14659201887346, "epsilon": 0.7874289288989903, "gamma": 0.011993644420574847, "lamda": 1.1336009010643884}, "datetime": {"datetime": "2021-09-24 19:03:32", "elapsed": 610.739562, "delta": 2.103717}}
{"target": -42.89939264103168, "params": {"C": 94.88520566992251, "epsilon": 0.14254348618203094, "gamma": 0.010210682581775241, "lamda": 1.3904194888351018}, "datetime": {"datetime": "2021-09-24 19:03:35", "elapsed": 613.032417, "delta": 2.292855}}
{"target": -43.38441129232981, "params": {"C": 56.80366903569109, "epsilon": 0.9660632063465057, "gamma": 0.03401176486840938, "lamda": 1.0760487866274409}, "datetime": {"datetime": "2021-09-24 19:03:40", "elapsed": 618.102639, "delta": 5.070222}}
{"target": -45.448854785087335, "params": {"C": 52.609707495944605, "epsilon": 0.3389627934284514, "gamma": 0.08890640235773613, "lamda": 0.26786139416247096}, "datetime": {"datetime": "2021-09-24 19:03:42", "elapsed": 620.81189, "delta": 2.709251}}
{"target": -42.24623913558344, "params": {"C": 99.91225637337192, "epsilon": 0.7425855545481922, "gamma": 0.005380826834931586, "lamda": 1.140404069906513}, "datetime": {"datetime": "2021-09-24 19:03:49", "elapsed": 626.935139, "delta": 6.123249}}
{"target": -43.17876028040948, "params": {"C": 93.85530495162593, "epsilon": 0.8306034786782347, "gamma": 0.0020024921369980863, "lamda": 0.09695367472621755}, "datetime": {"datetime": "2021-09-24 19:03:53", "elapsed": 631.056737, "delta": 4.121598}}
{"target": -44.657515389172566, "params": {"C": 82.11263029044547, "epsilon": 0.0191570811441107, "gamma": 0.062463354936092175, "lamda": 0.36695813796852716}, "datetime": {"datetime": "2021-09-24 19:03:55", "elapsed": 633.498465, "delta": 2.441728}}
{"target": -43.46621611760459, "params": {"C": 80.74029654961647, "epsilon": 0.6486632789995459, "gamma": 0.02879574470356912, "lamda": 0.6725203844437687}, "datetime": {"datetime": "2021-09-24 19:03:58", "elapsed": 635.98815, "delta": 2.489685}}
{"target": -43.41038173648958, "params": {"C": 63.81761785624096, "epsilon": 0.7375039538640471, "gamma": 0.03195308461076347, "lamda": 0.9883073769658259}, "datetime": {"datetime": "2021-09-24 19:04:00", "elapsed": 638.585503, "delta": 2.597353}}
{"target": -43.36129935813814, "params": {"C": 93.13030925116358, "epsilon": 0.7930065169759325, "gamma": 0.03994082581094624, "lamda": 1.1091710321347654}, "datetime": {"datetime": "2021-09-24 19:04:05", "elapsed": 643.217797, "delta": 4.632294}}
{"target": -43.42996515119071, "params": {"C": 71.47006488243193, "epsilon": 0.034459603434647976, "gamma": 0.03231010103332677, "lamda": 0.7369898223094123}, "datetime": {"datetime": "2021-09-24 19:04:07", "elapsed": 645.829131, "delta": 2.611334}}
