{"target": 0.4636861323416869, "params": {"C": 211.68471318499172, "epsilon": 0.9979496434188462, "gamma": 0.016002278568484726, "lamda": 0.5560990301469833}, "datetime": {"datetime": "2021-09-23 20:03:48", "elapsed": 524.997463, "delta": 2.519751}}
{"target": 0.46799077856073446, "params": {"C": 222.15187793851445, "epsilon": 0.7692451361806123, "gamma": 0.0074632687443290996, "lamda": 0.5870828662288577}, "datetime": {"datetime": "2021-09-23 20:03:51", "elapsed": 528.179355, "delta": 3.181892}}
{"target": 0.4684379087965308, "params": {"C": 213.2376679240022, "epsilon": 0.9788791025833429, "gamma": 0.007799607007159098, "lamda": 0.52107707300362}, "datetime": {"datetime": "2021-09-23 20:03:54", "elapsed": 531.228489, "delta": 3.049134}}
{"target": 0.4574915817356471, "params": {"C": 242.4096324992955, "epsilon": 0.8359085182449008, "gamma": 0.01864562829340652, "lamda": 0.5245646839704146}, "datetime": {"datetime": "2021-09-23 20:03:57", "elapsed": 533.921736, "delta": 2.693247}}
{"target": 0.46219041006628014, "params": {"C": 213.29580875491794, "epsilon": 0.8697552778103397, "gamma": 0.004140139195051626, "lamda": 0.5159771000976485}, "datetime": {"datetime": "2021-09-23 20:03:59", "elapsed": 536.451458, "delta": 2.529722}}
{"target": 0.4604029200593124, "params": {"C": 211.76486661038194, "epsilon": 0.9660318968767656, "gamma": 0.018648092218594394, "lamda": 0.5744488878240199}, "datetime": {"datetime": "2021-09-23 20:04:01", "elapsed": 538.026267, "delta": 1.574809}}
{"target": 0.45412735098778056, "params": {"C": 245.85814223870398, "epsilon": 0.7976158333420931, "gamma": 0.013941992812949045, "lamda": 0.3500335159798626}, "datetime": {"datetime": "2021-09-23 20:04:02", "elapsed": 539.727403, "delta": 1.701136}}
{"target": 0.44961931385189025, "params": {"C": 221.63098944596396, "epsilon": 0.6060203632325791, "gamma": 0.013287922171282138, "lamda": 0.4112977075299995}, "datetime": {"datetime": "2021-09-23 20:04:04", "elapsed": 541.286314, "delta": 1.558911}}
{"target": 0.4468607923867878, "params": {"C": 223.40374140955583, "epsilon": 0.5801406206199863, "gamma": 0.00824328963497263, "lamda": 0.2417179931871114}, "datetime": {"datetime": "2021-09-23 20:04:06", "elapsed": 542.972301, "delta": 1.685987}}
{"target": 0.45249857183729625, "params": {"C": 216.7755675628279, "epsilon": 0.8232651712618317, "gamma": 0.01939842872733142, "lamda": 0.47615175467699494}, "datetime": {"datetime": "2021-09-23 20:04:08", "elapsed": 545.605218, "delta": 2.632917}}
{"target": 0.44902192349077397, "params": {"C": 209.19346089816347, "epsilon": 0.5326307995683772, "gamma": 0.016546500506800517, "lamda": 0.5654654578411824}, "datetime": {"datetime": "2021-09-23 20:04:10", "elapsed": 547.278077, "delta": 1.672859}}
{"target": 0.4687529381223925, "params": {"C": 219.4570589656851, "epsilon": 0.9402650940628461, "gamma": 0.009608236685766009, "lamda": 0.5569137413154095}, "datetime": {"datetime": "2021-09-23 20:04:13", "elapsed": 550.087208, "delta": 2.809131}}
{"target": 0.4518640383699589, "params": {"C": 213.2692494497528, "epsilon": 0.8658947162384629, "gamma": 0.0020112881346099486, "lamda": 0.548129330732579}, "datetime": {"datetime": "2021-09-23 20:04:16", "elapsed": 552.942778, "delta": 2.85557}}
{"target": 0.46124709651876694, "params": {"C": 225.0129163878352, "epsilon": 0.9816791448026111, "gamma": 0.01813666909993031, "lamda": 0.5584004271612589}, "datetime": {"datetime": "2021-09-23 20:04:17", "elapsed": 554.642515, "delta": 1.699737}}
{"target": 0.4513866955951684, "params": {"C": 217.90523638957495, "epsilon": 0.5223981490281685, "gamma": 0.00669187413777468, "lamda": 0.3691308035880109}, "datetime": {"datetime": "2021-09-23 20:04:19", "elapsed": 556.365445, "delta": 1.72293}}
{"target": 0.46146897566517664, "params": {"C": 213.2751263436894, "epsilon": 0.8910799865261756, "gamma": 0.014831400776362712, "lamda": 0.4943647651404335}, "datetime": {"datetime": "2021-09-23 20:04:23", "elapsed": 560.163517, "delta": 3.798072}}
{"target": 0.46120481900768495, "params": {"C": 242.41277001410455, "epsilon": 0.8676915378353927, "gamma": 0.017434846519185684, "lamda": 0.561713562706397}, "datetime": {"datetime": "2021-09-23 20:04:26", "elapsed": 563.708482, "delta": 3.544965}}
{"target": 0.4671911998081075, "params": {"C": 221.41741015741434, "epsilon": 0.9826522935144464, "gamma": 0.007971927708853145, "lamda": 0.43024398022849075}, "datetime": {"datetime": "2021-09-23 20:04:29", "elapsed": 566.698839, "delta": 2.990357}}
{"target": 0.458904448057179, "params": {"C": 244.78079894242697, "epsilon": 0.7015309823388327, "gamma": 0.003588859851064803, "lamda": 0.4932042031657254}, "datetime": {"datetime": "2021-09-23 20:04:31", "elapsed": 568.545302, "delta": 1.846463}}
{"target": 0.4665326897785128, "params": {"C": 211.8102430806762, "epsilon": 0.883373718693161, "gamma": 0.012741370128718808, "lamda": 0.5921971454977432}, "datetime": {"datetime": "2021-09-23 20:04:34", "elapsed": 571.551778, "delta": 3.006476}}
{"target": 0.4489202357012696, "params": {"C": 213.004714093562, "epsilon": 0.6179994164005279, "gamma": 0.007874004882368259, "lamda": 0.2772195632394394}, "datetime": {"datetime": "2021-09-23 20:04:36", "elapsed": 573.771436, "delta": 2.219658}}
{"target": 0.4352786081253788, "params": {"C": 211.40420128187154, "epsilon": 0.867220590091714, "gamma": 0.001, "lamda": 0.6}, "datetime": {"datetime": "2021-09-23 20:04:40", "elapsed": 577.043443, "delta": 3.272007}}
{"target": 0.4621812709030959, "params": {"C": 242.37400507220698, "epsilon": 0.8853712070459887, "gamma": 0.016077998765772636, "lamda": 0.5183521863573433}, "datetime": {"datetime": "2021-09-23 20:04:42", "elapsed": 579.907279, "delta": 2.863836}}
{"target": 0.46117195507663755, "params": {"C": 242.48872122902122, "epsilon": 0.8579429225264219, "gamma": 0.017099920780933864, "lamda": 0.548658483629707}, "datetime": {"datetime": "2021-09-23 20:04:46", "elapsed": 583.139635, "delta": 3.232356}}
{"target": 0.4595589591123608, "params": {"C": 222.1592140262336, "epsilon": 0.8036841050925763, "gamma": 0.003173627186240762, "lamda": 0.5974566229042222}, "datetime": {"datetime": "2021-09-23 20:04:50", "elapsed": 587.402485, "delta": 4.26285}}
{"target": 0.45946918614140697, "params": {"C": 240.71302863285982, "epsilon": 0.8662802729320689, "gamma": 0.012048564557385757, "lamda": 0.35514187569473776}, "datetime": {"datetime": "2021-09-23 20:04:52", "elapsed": 589.647321, "delta": 2.244836}}
{"target": 0.46846756727556693, "params": {"C": 219.4825030076364, "epsilon": 0.935314975444123, "gamma": 0.0074959359742012305, "lamda": 0.573346415057342}, "datetime": {"datetime": "2021-09-23 20:04:56", "elapsed": 592.920605, "delta": 3.273284}}
{"target": 0.46509806394541153, "params": {"C": 246.8012495318692, "epsilon": 0.6409747930024892, "gamma": 0.007450981584115652, "lamda": 0.518940105733631}, "datetime": {"datetime": "2021-09-23 20:04:57", "elapsed": 594.75781, "delta": 1.837205}}
{"target": 0.4554681401710061, "params": {"C": 222.12447817094701, "epsilon": 0.7833658558177693, "gamma": 0.02, "lamda": 0.5883291603147053}, "datetime": {"datetime": "2021-09-23 20:05:03", "elapsed": 600.499689, "delta": 5.741879}}
{"target": 0.4454765930885082, "params": {"C": 210.91293353684256, "epsilon": 0.983690903606733, "gamma": 0.001599118637648795, "lamda": 0.5766057478129968}, "datetime": {"datetime": "2021-09-23 20:05:06", "elapsed": 603.800192, "delta": 3.300503}}
{"target": 0.4584539282350538, "params": {"C": 242.43483605705183, "epsilon": 0.8872148473420088, "gamma": 0.019592696241061934, "lamda": 0.5616021684116057}, "datetime": {"datetime": "2021-09-23 20:05:09", "elapsed": 606.85019, "delta": 3.049998}}
{"target": 0.4620379367505836, "params": {"C": 213.2111583324865, "epsilon": 0.8708162733948575, "gamma": 0.015858954917737363, "lamda": 0.560267953160394}, "datetime": {"datetime": "2021-09-23 20:05:14", "elapsed": 610.974637, "delta": 4.124447}}
{"target": 0.46084269481178164, "params": {"C": 210.89289713372744, "epsilon": 0.9486171749597024, "gamma": 0.017150177698534136, "lamda": 0.5331286669877049}, "datetime": {"datetime": "2021-09-23 20:05:17", "elapsed": 614.852263, "delta": 3.877626}}
{"target": 0.46650995167314835, "params": {"C": 242.48405872026493, "epsilon": 0.9097575777474627, "gamma": 0.01305558920952762, "lamda": 0.5357435998332094}, "datetime": {"datetime": "2021-09-23 20:05:21", "elapsed": 618.633999, "delta": 3.781736}}
{"target": 0.466731985825409, "params": {"C": 222.19432434572806, "epsilon": 0.759135266958118, "gamma": 0.009972918423867182, "lamda": 0.5621058009129899}, "datetime": {"datetime": "2021-09-23 20:05:24", "elapsed": 621.553514, "delta": 2.919515}}
{"target": 0.4491210054593715, "params": {"C": 200.22728604153656, "epsilon": 0.9018907252344773, "gamma": 0.015391091522257292, "lamda": 0.32512475322033046}, "datetime": {"datetime": "2021-09-23 20:05:26", "elapsed": 623.302005, "delta": 1.748491}}
{"target": 0.4688859449871505, "params": {"C": 242.47271250049036, "epsilon": 0.9114945035558539, "gamma": 0.007900815174844294, "lamda": 0.5119947114679688}, "datetime": {"datetime": "2021-09-23 20:05:30", "elapsed": 627.290919, "delta": 3.988914}}
{"target": 0.46097565735863943, "params": {"C": 231.98104040871448, "epsilon": 0.808588835947315, "gamma": 0.01221229610962725, "lamda": 0.4167772848852237}, "datetime": {"datetime": "2021-09-23 20:05:32", "elapsed": 629.258549, "delta": 1.96763}}
{"target": 0.45842984416133814, "params": {"C": 204.584040376388, "epsilon": 0.9714669171752888, "gamma": 0.0034926794671528228, "lamda": 0.4476966515187031}, "datetime": {"datetime": "2021-09-23 20:05:34", "elapsed": 631.275782, "delta": 2.017233}}
{"target": 0.46859226920820674, "params": {"C": 213.171317345532, "epsilon": 0.9477157771477831, "gamma": 0.009954296358834862, "lamda": 0.5642561875016772}, "datetime": {"datetime": "2021-09-23 20:05:37", "elapsed": 634.351586, "delta": 3.075804}}
{"target": 0.4613724069816909, "params": {"C": 234.26890850841917, "epsilon": 0.7222275018529918, "gamma": 0.015471849377734, "lamda": 0.5949775273241187}, "datetime": {"datetime": "2021-09-23 20:05:39", "elapsed": 636.313, "delta": 1.961414}}
{"target": 0.4414496117735073, "params": {"C": 202.9629354286743, "epsilon": 0.5033711937206945, "gamma": 0.012435880661036548, "lamda": 0.2647776843296935}, "datetime": {"datetime": "2021-09-23 20:05:41", "elapsed": 638.288443, "delta": 1.975443}}
{"target": 0.46566168053179025, "params": {"C": 242.42148887664737, "epsilon": 0.9469872673182727, "gamma": 0.014614168075293914, "lamda": 0.5832308854415578}, "datetime": {"datetime": "2021-09-23 20:05:44", "elapsed": 641.342155, "delta": 3.053712}}
{"target": 0.4599008689024353, "params": {"C": 243.14659201887346, "epsilon": 0.8936080725220172, "gamma": 0.003109891353443657, "lamda": 0.502228392545534}, "datetime": {"datetime": "2021-09-23 20:05:46", "elapsed": 643.628279, "delta": 2.286124}}
{"target": 0.46838438238945324, "params": {"C": 211.41534664811735, "epsilon": 0.9236199638125095, "gamma": 0.007554350380650473, "lamda": 0.5962393337829313}, "datetime": {"datetime": "2021-09-23 20:05:50", "elapsed": 647.105278, "delta": 3.476999}}
{"target": 0.4586743066196265, "params": {"C": 242.4342019778336, "epsilon": 0.9104361059207512, "gamma": 0.018731023816601647, "lamda": 0.5125159681963529}, "datetime": {"datetime": "2021-09-23 20:05:54", "elapsed": 651.189318, "delta": 4.08404}}
{"target": 0.4328854514227455, "params": {"C": 202.6097074959446, "epsilon": 0.6691505472614871, "gamma": 0.017870925705020062, "lamda": 0.27121051211807096}, "datetime": {"datetime": "2021-09-23 20:05:56", "elapsed": 653.298315, "delta": 2.108997}}
{"target": 0.465509881188347, "params": {"C": 242.40266360306134, "epsilon": 0.9056306135719916, "gamma": 0.012685634275482274, "lamda": 0.48181484136688285}, "datetime": {"datetime": "2021-09-23 20:06:02", "elapsed": 658.967903, "delta": 5.669588}}
{"target": 0.43969728832916344, "params": {"C": 242.4168625075113, "epsilon": 0.8698368459151892, "gamma": 0.001, "lamda": 0.5258974700943578}, "datetime": {"datetime": "2021-09-23 20:06:07", "elapsed": 663.962502, "delta": 4.994599}}
{"target": 0.43940712628817813, "params": {"C": 232.11263029044545, "epsilon": 0.5090876282002557, "gamma": 0.012795997411977286, "lamda": 0.2976539394178858}, "datetime": {"datetime": "2021-09-23 20:06:09", "elapsed": 666.49039, "delta": 2.527888}}
{"target": 0.46391432907960073, "params": {"C": 219.51490653158055, "epsilon": 0.9247836089020011, "gamma": 0.015918727100016957, "lamda": 0.5949623985167478}, "datetime": {"datetime": "2021-09-23 20:06:13", "elapsed": 670.177936, "delta": 3.687546}}
{"target": 0.46545225797575185, "params": {"C": 213.81761785624096, "epsilon": 0.8686205975295531, "gamma": 0.006940490985904099, "lamda": 0.46345760559461663}, "datetime": {"datetime": "2021-09-23 20:06:15", "elapsed": 672.493537, "delta": 2.315601}}
{"target": 0.46778453492412375, "params": {"C": 211.41542360272354, "epsilon": 0.9114405440143727, "gamma": 0.0067807866508157455, "lamda": 0.590166475659356}, "datetime": {"datetime": "2021-09-23 20:06:18", "elapsed": 675.694425, "delta": 3.200888}}
{"target": 0.452397132809771, "params": {"C": 221.47006488243193, "epsilon": 0.5167465482655895, "gamma": 0.0070090092892243295, "lamda": 0.39639488253753496}, "datetime": {"datetime": "2021-09-23 20:06:21", "elapsed": 677.976543, "delta": 2.282118}}
{"target": 0.44884354980549535, "params": {"C": 234.51557743579414, "epsilon": 0.5442193742690762, "gamma": 0.002198090343687343, "lamda": 0.5018529137923964}, "datetime": {"datetime": "2021-09-23 20:06:23", "elapsed": 679.992009, "delta": 2.015466}}
{"target": 0.4633147216177995, "params": {"C": 211.79050719980162, "epsilon": 0.9513018964170281, "gamma": 0.014093290873702344, "lamda": 0.4866296392222931}, "datetime": {"datetime": "2021-09-23 20:06:25", "elapsed": 682.377163, "delta": 2.385154}}
{"target": 0.4565785316465891, "params": {"C": 238.44200017677133, "epsilon": 0.5476005776385426, "gamma": 0.008342963125105605, "lamda": 0.42656462503120623}, "datetime": {"datetime": "2021-09-23 20:06:27", "elapsed": 684.253333, "delta": 1.87617}}
{"target": 0.4555826124508644, "params": {"C": 213.25807862446158, "epsilon": 0.8756301482622713, "gamma": 0.0025687966070513206, "lamda": 0.5991834868321286}, "datetime": {"datetime": "2021-09-23 20:06:30", "elapsed": 687.763332, "delta": 3.509999}}
{"target": 0.45640380169845174, "params": {"C": 213.2119202094329, "epsilon": 0.8832036851069067, "gamma": 0.018458629687370262, "lamda": 0.5021571979953277}, "datetime": {"datetime": "2021-09-23 20:06:32", "elapsed": 689.894335, "delta": 2.131003}}
{"target": 0.45986722054075035, "params": {"C": 242.3615129828406, "epsilon": 0.8484325593549863, "gamma": 0.017052130530278965, "lamda": 0.5167940744926915}, "datetime": {"datetime": "2021-09-23 20:06:36", "elapsed": 693.74437, "delta": 3.850035}}
{"target": 0.4535616526015436, "params": {"C": 221.4324950132655, "epsilon": 1.0, "gamma": 0.02, "lamda": 0.4291390921910015}, "datetime": {"datetime": "2021-09-23 20:06:40", "elapsed": 697.320295, "delta": 3.575925}}
{"target": 0.4641935065600934, "params": {"C": 240.48080131557236, "epsilon": 0.7430439094063785, "gamma": 0.013446823600507331, "lamda": 0.5730309435122578}, "datetime": {"datetime": "2021-09-23 20:06:45", "elapsed": 702.639253, "delta": 5.318958}}
{"target": 0.44993331636318734, "params": {"C": 204.86602344224394, "epsilon": 0.9845208168256661, "gamma": 0.01711219140794474, "lamda": 0.3286425903820501}, "datetime": {"datetime": "2021-09-23 20:06:47", "elapsed": 704.622321, "delta": 1.983068}}
{"target": 0.45986921053566554, "params": {"C": 222.1653631438318, "epsilon": 0.7715661766522295, "gamma": 0.016499311518250254, "lamda": 0.5747636772487208}, "datetime": {"datetime": "2021-09-23 20:06:51", "elapsed": 708.022207, "delta": 3.399886}}
{"target": 0.46025024832054817, "params": {"C": 228.11981146161708, "epsilon": 0.5853627773374589, "gamma": 0.008171791141241547, "lamda": 0.4999249818291823}, "datetime": {"datetime": "2021-09-23 20:06:53", "elapsed": 710.084625, "delta": 2.062418}}
{"target": 0.4390617945915918, "params": {"C": 221.4281510968152, "epsilon": 0.9671920953186309, "gamma": 0.001, "lamda": 0.4525976080923565}, "datetime": {"datetime": "2021-09-23 20:06:57", "elapsed": 714.494671, "delta": 4.410046}}
{"target": 0.459237981503978, "params": {"C": 231.7512949413056, "epsilon": 0.9230410180954958, "gamma": 0.010239071293976266, "lamda": 0.3191860640125689}, "datetime": {"datetime": "2021-09-23 20:06:59", "elapsed": 716.613706, "delta": 2.119035}}
{"target": 0.468305905545359, "params": {"C": 219.4430768771178, "epsilon": 0.9568517424412879, "gamma": 0.007612415123715314, "lamda": 0.4985101584546543}, "datetime": {"datetime": "2021-09-23 20:07:03", "elapsed": 720.282192, "delta": 3.668486}}
{"target": 0.4580740170980512, "params": {"C": 242.49784018849877, "epsilon": 0.8936715930893457, "gamma": 0.019169905806068088, "lamda": 0.523531463631287}, "datetime": {"datetime": "2021-09-23 20:07:07", "elapsed": 723.975156, "delta": 3.692964}}
{"target": 0.4662974053556591, "params": {"C": 219.44962137677587, "epsilon": 0.9636408495883659, "gamma": 0.013327917894149131, "lamda": 0.5463679043143457}, "datetime": {"datetime": "2021-09-23 20:07:11", "elapsed": 728.058717, "delta": 4.083561}}
{"target": 0.45361414668778144, "params": {"C": 204.75821030743384, "epsilon": 0.7270551515141961, "gamma": 0.018973281916499673, "lamda": 0.5624113069577831}, "datetime": {"datetime": "2021-09-23 20:07:13", "elapsed": 730.271715, "delta": 2.212998}}
{"target": 0.46309443559552677, "params": {"C": 219.59711664911543, "epsilon": 0.8869238820289225, "gamma": 0.016187959334766005, "lamda": 0.5905497391816528}, "datetime": {"datetime": "2021-09-23 20:07:17", "elapsed": 734.566325, "delta": 4.29461}}
{"target": 0.46714090493844573, "params": {"C": 240.4917828973728, "epsilon": 0.7190280831278628, "gamma": 0.008685652684789168, "lamda": 0.543513959118147}, "datetime": {"datetime": "2021-09-23 20:07:21", "elapsed": 738.278443, "delta": 3.712118}}
{"target": 0.45519674333952986, "params": {"C": 233.60430870601482, "epsilon": 0.5864797186164468, "gamma": 0.01578163635470251, "lamda": 0.5567945989528458}, "datetime": {"datetime": "2021-09-23 20:07:23", "elapsed": 740.210688, "delta": 1.932245}}
{"target": 0.46278203313560917, "params": {"C": 241.41477796363415, "epsilon": 0.5614468034552724, "gamma": 0.009400154490874002, "lamda": 0.5583022228007659}, "datetime": {"datetime": "2021-09-23 20:07:25", "elapsed": 742.286405, "delta": 2.075717}}
{"target": 0.45631339255893244, "params": {"C": 232.2694692167345, "epsilon": 0.666159094935211, "gamma": 0.003204534519314003, "lamda": 0.5056694143454621}, "datetime": {"datetime": "2021-09-23 20:07:27", "elapsed": 744.335792, "delta": 2.049387}}
{"target": 0.44975916386902604, "params": {"C": 236.6281870203389, "epsilon": 0.9958873098380565, "gamma": 0.011855891115872794, "lamda": 0.21942637288256872}, "datetime": {"datetime": "2021-09-23 20:07:29", "elapsed": 746.332506, "delta": 1.996714}}
{"target": 0.4479902129762855, "params": {"C": 237.72951704455215, "epsilon": 0.7748364580356227, "gamma": 0.013427485408397794, "lamda": 0.2959535266555041}, "datetime": {"datetime": "2021-09-23 20:07:31", "elapsed": 748.416245, "delta": 2.083739}}
{"target": 0.45198182075637905, "params": {"C": 240.18019165369395, "epsilon": 0.6965850920686364, "gamma": 0.01885557250121771, "lamda": 0.5065536363048468}, "datetime": {"datetime": "2021-09-23 20:07:33", "elapsed": 750.50471, "delta": 2.088465}}
{"target": 0.4534340761224175, "params": {"C": 219.50208307609094, "epsilon": 0.9776875992224223, "gamma": 0.0021589032594985366, "lamda": 0.49532232973802853}, "datetime": {"datetime": "2021-09-23 20:07:37", "elapsed": 754.750664, "delta": 4.245954}}
{"target": 0.46583583596578737, "params": {"C": 213.17630068722383, "epsilon": 0.8996539710426874, "gamma": 0.005991797612027027, "lamda": 0.4858489459572711}, "datetime": {"datetime": "2021-09-23 20:07:40", "elapsed": 757.608659, "delta": 2.857995}}
{"target": 0.4592966236130299, "params": {"C": 223.33543771943846, "epsilon": 0.7876198498548078, "gamma": 0.016476792342918656, "lamda": 0.5449053529706642}, "datetime": {"datetime": "2021-09-23 20:07:42", "elapsed": 759.775833, "delta": 2.167174}}
{"target": 0.443475639327088, "params": {"C": 241.14552007720627, "epsilon": 0.7223695768010288, "gamma": 0.017494068756328623, "lamda": 0.3447452960941374}, "datetime": {"datetime": "2021-09-23 20:07:45", "elapsed": 762.053573, "delta": 2.27774}}
{"target": 0.4590993159363016, "params": {"C": 211.60306110202373, "epsilon": 0.9849012153088851, "gamma": 0.003365151678833963, "lamda": 0.5618783483267292}, "datetime": {"datetime": "2021-09-23 20:07:49", "elapsed": 766.192591, "delta": 4.139018}}
{"target": 0.45245169464719215, "params": {"C": 245.42609658274674, "epsilon": 0.7883569961229678, "gamma": 0.002987138299249044, "lamda": 0.33422430244934304}, "datetime": {"datetime": "2021-09-23 20:07:51", "elapsed": 768.51959, "delta": 2.326999}}
{"target": 0.4447738743684281, "params": {"C": 232.41886503701136, "epsilon": 0.8524993775661727, "gamma": 0.0027859275517817406, "lamda": 0.21629616583253292}, "datetime": {"datetime": "2021-09-23 20:07:53", "elapsed": 770.846617, "delta": 2.327027}}
{"target": 0.45161845929582856, "params": {"C": 217.1256695945833, "epsilon": 0.557300777107302, "gamma": 0.006967707301241698, "lamda": 0.3527655848307508}, "datetime": {"datetime": "2021-09-23 20:07:56", "elapsed": 773.054613, "delta": 2.207996}}
{"target": 0.46539891355090346, "params": {"C": 216.74747253586685, "epsilon": 0.7791806814606987, "gamma": 0.010464063591099897, "lamda": 0.525618949559349}, "datetime": {"datetime": "2021-09-23 20:07:59", "elapsed": 776.340716, "delta": 3.286103}}
