{"target": 0.464882920883541, "params": {"C": 234.0835354172314, "epsilon": 0.8113484047282169, "gamma": 0.006485466811502384, "lamda": 0.9892317712371523}, "datetime": {"datetime": "2021-09-23 18:50:40", "elapsed": 65.650857, "delta": 0.659996}}
{"target": 0.4683032791711239, "params": {"C": 210.7305368387476, "epsilon": 0.8098694162486069, "gamma": 0.011384788192593174, "lamda": 0.736182491006246}, "datetime": {"datetime": "2021-09-23 18:50:41", "elapsed": 66.312778, "delta": 0.661921}}
{"target": 0.45861753878312683, "params": {"C": 201.56717558961066, "epsilon": 0.8867438709107421, "gamma": 0.01938029296505517, "lamda": 0.6098777140459268}, "datetime": {"datetime": "2021-09-23 18:50:42", "elapsed": 67.062878, "delta": 0.7501}}
{"target": 0.4668322007275738, "params": {"C": 249.29289343948219, "epsilon": 0.7494777788225506, "gamma": 0.007174331655906953, "lamda": 0.9581845769015878}, "datetime": {"datetime": "2021-09-23 18:50:42", "elapsed": 67.74987, "delta": 0.686992}}
{"target": 0.4575412950476433, "params": {"C": 213.82278522808105, "epsilon": 0.9462747693378752, "gamma": 0.018238966744838082, "lamda": 0.4871963872512516}, "datetime": {"datetime": "2021-09-23 18:50:43", "elapsed": 68.437567, "delta": 0.687697}}
{"target": 0.45535190591821284, "params": {"C": 222.33292910444007, "epsilon": 0.9990147078262315, "gamma": 0.02168521892995897, "lamda": 0.5162405587441994}, "datetime": {"datetime": "2021-09-23 18:50:44", "elapsed": 69.265961, "delta": 0.828394}}
{"target": 0.45621254754711127, "params": {"C": 249.2909791216581, "epsilon": 0.7683935379611736, "gamma": 0.02375259500557091, "lamda": 0.9776400163779806}, "datetime": {"datetime": "2021-09-23 18:50:44", "elapsed": 69.915961, "delta": 0.65}}
{"target": 0.46356424111748273, "params": {"C": 224.39049203441172, "epsilon": 0.9792120900564263, "gamma": 0.006866199563365992, "lamda": 0.9845596324315644}, "datetime": {"datetime": "2021-09-23 18:50:45", "elapsed": 70.594804, "delta": 0.678843}}
{"target": 0.46664591619551676, "params": {"C": 213.0047769603197, "epsilon": 0.7608457599793467, "gamma": 0.013837268925619713, "lamda": 0.9014478696381684}, "datetime": {"datetime": "2021-09-23 18:50:46", "elapsed": 71.400974, "delta": 0.80617}}
{"target": 0.44670666133896164, "params": {"C": 217.34173518793483, "epsilon": 0.7900379288845107, "gamma": 0.02679912423778215, "lamda": 0.6347685408099214}, "datetime": {"datetime": "2021-09-23 18:50:47", "elapsed": 72.179433, "delta": 0.778459}}
{"target": 0.4526236647128492, "params": {"C": 213.03631593156976, "epsilon": 0.7541406085516724, "gamma": 0.025977080303378974, "lamda": 0.910099691083406}, "datetime": {"datetime": "2021-09-23 18:50:47", "elapsed": 72.960739, "delta": 0.781306}}
{"target": 0.4528280529477905, "params": {"C": 227.78519933903377, "epsilon": 0.8982773343385043, "gamma": 0.020101692801262484, "lamda": 0.45856263555316185}, "datetime": {"datetime": "2021-09-23 18:50:48", "elapsed": 73.955568, "delta": 0.994829}}
{"target": 0.46749969003303504, "params": {"C": 239.53356671996073, "epsilon": 0.8304018617306449, "gamma": 0.011035222319464256, "lamda": 0.9968752598745931}, "datetime": {"datetime": "2021-09-23 18:50:49", "elapsed": 74.7839, "delta": 0.828332}}
{"target": 0.4613472271083271, "params": {"C": 224.84023344221237, "epsilon": 0.7713800985530954, "gamma": 0.019047949038669902, "lamda": 0.8674784720976252}, "datetime": {"datetime": "2021-09-23 18:50:50", "elapsed": 75.481904, "delta": 0.698004}}
{"target": 0.45428510827333923, "params": {"C": 211.29466432372513, "epsilon": 0.8059013399182122, "gamma": 0.01905475303809904, "lamda": 0.5197235952035715}, "datetime": {"datetime": "2021-09-23 18:50:51", "elapsed": 76.227732, "delta": 0.745828}}
{"target": 0.4518214224997502, "params": {"C": 240.0569684711543, "epsilon": 0.9986621636669264, "gamma": 0.02853958680444272, "lamda": 1.0060734393699364}, "datetime": {"datetime": "2021-09-23 18:50:51", "elapsed": 76.941503, "delta": 0.713771}}
{"target": 0.46137130032749096, "params": {"C": 211.660425043085, "epsilon": 0.9220014357569155, "gamma": 0.019468299341021983, "lamda": 0.8856414451300073}, "datetime": {"datetime": "2021-09-23 18:50:52", "elapsed": 77.749146, "delta": 0.807643}}
{"target": 0.46617297257073953, "params": {"C": 240.46426636497233, "epsilon": 0.7678959464524477, "gamma": 0.014058837382594745, "lamda": 1.093443844007281}, "datetime": {"datetime": "2021-09-23 18:50:53", "elapsed": 78.604439, "delta": 0.855293}}
{"target": 0.4581524348958129, "params": {"C": 205.5587181839437, "epsilon": 0.7400225487032986, "gamma": 0.02118023448478151, "lamda": 0.824967964802654}, "datetime": {"datetime": "2021-09-23 18:50:54", "elapsed": 79.307632, "delta": 0.703193}}
{"target": 0.4668467403386002, "params": {"C": 213.6883310620962, "epsilon": 0.954272259615406, "gamma": 0.008897153104143027, "lamda": 0.4530785174708844}, "datetime": {"datetime": "2021-09-23 18:50:55", "elapsed": 80.303261, "delta": 0.995629}}
{"target": 0.45247683765910696, "params": {"C": 221.309223854095, "epsilon": 0.7395854063730277, "gamma": 0.026079972658887805, "lamda": 0.9265406251667501}, "datetime": {"datetime": "2021-09-23 18:50:56", "elapsed": 81.35257, "delta": 1.049309}}
{"target": 0.4534099616184083, "params": {"C": 212.43176847494314, "epsilon": 0.9021502044333041, "gamma": 0.02535064338414045, "lamda": 0.7610739782253316}, "datetime": {"datetime": "2021-09-23 18:50:57", "elapsed": 82.085566, "delta": 0.732996}}
{"target": 0.4611381586573716, "params": {"C": 229.76801537926337, "epsilon": 0.8585825824130132, "gamma": 0.019062410580728262, "lamda": 0.751746416587614}, "datetime": {"datetime": "2021-09-23 18:50:57", "elapsed": 82.797983, "delta": 0.712417}}
{"target": 0.4570020811431793, "params": {"C": 216.2468464298605, "epsilon": 0.7472108981912462, "gamma": 0.021003775256591035, "lamda": 0.7213314650669439}, "datetime": {"datetime": "2021-09-23 18:50:58", "elapsed": 83.819979, "delta": 1.021996}}
{"target": 0.4562324029960717, "params": {"C": 234.04270754032729, "epsilon": 0.8404565886273974, "gamma": 0.02411261339700296, "lamda": 0.9780231529202865}, "datetime": {"datetime": "2021-09-23 18:50:59", "elapsed": 84.532669, "delta": 0.71269}}
{"target": 0.4668027761804239, "params": {"C": 239.39822666670327, "epsilon": 0.9032512539796442, "gamma": 0.005740806896211146, "lamda": 0.5601016689149318}, "datetime": {"datetime": "2021-09-23 18:51:00", "elapsed": 85.795299, "delta": 1.26263}}
{"target": 0.46187011870405004, "params": {"C": 233.589514895177, "epsilon": 0.7363180712291285, "gamma": 0.018780898989601186, "lamda": 0.9670014055387595}, "datetime": {"datetime": "2021-09-23 18:51:01", "elapsed": 86.625305, "delta": 0.830006}}
{"target": 0.46754432169603954, "params": {"C": 232.01859695645726, "epsilon": 0.8118643380477654, "gamma": 0.012679806198289895, "lamda": 0.7570806421221046}, "datetime": {"datetime": "2021-09-23 18:51:02", "elapsed": 87.589491, "delta": 0.964186}}
{"target": 0.4553779767592835, "params": {"C": 228.44420001197017, "epsilon": 0.7703041881085029, "gamma": 0.022912111595105943, "lamda": 0.7562029719971578}, "datetime": {"datetime": "2021-09-23 18:51:04", "elapsed": 88.989878, "delta": 1.400387}}
{"target": 0.4488313059981216, "params": {"C": 233.41503233148939, "epsilon": 0.7397352455880245, "gamma": 0.021566626035135567, "lamda": 0.5139737761734707}, "datetime": {"datetime": "2021-09-23 18:51:05", "elapsed": 90.069878, "delta": 1.08}}
{"target": 0.4612961064805229, "params": {"C": 217.35051327211895, "epsilon": 0.7597652152328292, "gamma": 0.016475467270872422, "lamda": 0.6347001896172404}, "datetime": {"datetime": "2021-09-23 18:51:05", "elapsed": 90.932932, "delta": 0.863054}}
{"target": 0.46809744265045294, "params": {"C": 210.7266765345832, "epsilon": 0.8235999983697558, "gamma": 0.007339689040482931, "lamda": 0.7358117486016257}, "datetime": {"datetime": "2021-09-23 18:51:07", "elapsed": 92.030048, "delta": 1.097116}}
{"target": 0.45674244298917155, "params": {"C": 229.7827713820637, "epsilon": 0.8587012511774044, "gamma": 0.017936404616336662, "lamda": 0.4866360968816954}, "datetime": {"datetime": "2021-09-23 18:51:07", "elapsed": 92.727101, "delta": 0.697053}}
{"target": 0.46568864428971635, "params": {"C": 235.79296863828318, "epsilon": 0.7823821691026046, "gamma": 0.00641464831328936, "lamda": 0.9267383211849902}, "datetime": {"datetime": "2021-09-23 18:51:08", "elapsed": 93.495563, "delta": 0.768462}}
{"target": 0.4564806762638569, "params": {"C": 249.98489702717626, "epsilon": 0.9818632433035179, "gamma": 0.02237328090583963, "lamda": 0.6234779247044311}, "datetime": {"datetime": "2021-09-23 18:51:09", "elapsed": 94.157943, "delta": 0.66238}}
{"target": 0.46028138109970673, "params": {"C": 219.45260811061047, "epsilon": 0.9909207377568112, "gamma": 0.020311484373592304, "lamda": 0.7700728215096482}, "datetime": {"datetime": "2021-09-23 18:51:09", "elapsed": 94.91911, "delta": 0.761167}}
{"target": 0.45269762204025565, "params": {"C": 217.77226776347996, "epsilon": 0.7463868047040826, "gamma": 0.023432891929990037, "lamda": 0.6911297136551368}, "datetime": {"datetime": "2021-09-23 18:51:10", "elapsed": 95.70711, "delta": 0.788}}
{"target": 0.46545192021824777, "params": {"C": 213.02489921922594, "epsilon": 0.7822762221194917, "gamma": 0.015242211439151474, "lamda": 0.9102724459021106}, "datetime": {"datetime": "2021-09-23 18:51:11", "elapsed": 96.483962, "delta": 0.776852}}
{"target": 0.46884559112127133, "params": {"C": 223.7116052469034, "epsilon": 0.8500681048767523, "gamma": 0.008837223763172926, "lamda": 0.5927671489413918}, "datetime": {"datetime": "2021-09-23 18:51:12", "elapsed": 97.255931, "delta": 0.771969}}
{"target": 0.4675236273476989, "params": {"C": 213.05427014986668, "epsilon": 0.767841958976882, "gamma": 0.007541273480926393, "lamda": 0.8962844078547769}, "datetime": {"datetime": "2021-09-23 18:51:13", "elapsed": 98.118932, "delta": 0.863001}}
{"target": 0.4649267653181911, "params": {"C": 223.116184520668, "epsilon": 0.9623921220837897, "gamma": 0.015776940779264337, "lamda": 0.7459829040912651}, "datetime": {"datetime": "2021-09-23 18:51:14", "elapsed": 98.974932, "delta": 0.856}}
{"target": 0.45837835834098184, "params": {"C": 214.6530402774725, "epsilon": 0.8975933175542113, "gamma": 0.022329186277461912, "lamda": 0.9476220439434695}, "datetime": {"datetime": "2021-09-23 18:51:14", "elapsed": 99.650933, "delta": 0.676001}}
{"target": 0.46580571092467404, "params": {"C": 242.75369541556617, "epsilon": 0.8296732027120671, "gamma": 0.007741741302329694, "lamda": 1.0552483024194923}, "datetime": {"datetime": "2021-09-23 18:51:15", "elapsed": 100.509474, "delta": 0.858541}}
{"target": 0.45670785027794936, "params": {"C": 209.18445143234652, "epsilon": 0.8927991372824983, "gamma": 0.023758642428876757, "lamda": 0.9398121827517886}, "datetime": {"datetime": "2021-09-23 18:51:16", "elapsed": 101.220473, "delta": 0.710999}}
{"target": 0.46226817678037335, "params": {"C": 201.56839714829835, "epsilon": 0.8713809106557193, "gamma": 0.015526860584119243, "lamda": 0.5734293980573806}, "datetime": {"datetime": "2021-09-23 18:51:17", "elapsed": 102.204474, "delta": 0.984001}}
{"target": 0.4680543848021942, "params": {"C": 231.3712720653632, "epsilon": 0.8049560841464087, "gamma": 0.011810282840349321, "lamda": 0.8022630063296516}, "datetime": {"datetime": "2021-09-23 18:51:18", "elapsed": 102.986498, "delta": 0.782024}}
{"target": 0.4652306579902741, "params": {"C": 236.81093865884145, "epsilon": 0.988199755644448, "gamma": 0.013140197315683715, "lamda": 0.45627831604136043}, "datetime": {"datetime": "2021-09-23 18:51:19", "elapsed": 104.031495, "delta": 1.044997}}
{"target": 0.4587094191312955, "params": {"C": 219.44502282573507, "epsilon": 0.7959231503615128, "gamma": 0.01895595098585637, "lamda": 0.6284263484190762}, "datetime": {"datetime": "2021-09-23 18:51:19", "elapsed": 104.768494, "delta": 0.736999}}
{"target": 0.46909666326032895, "params": {"C": 240.9410068362781, "epsilon": 0.7099376844470583, "gamma": 0.009792153096973453, "lamda": 0.7313657468136987}, "datetime": {"datetime": "2021-09-23 18:51:20", "elapsed": 105.53249, "delta": 0.763996}}
{"target": 0.45672781801498064, "params": {"C": 223.71456883189012, "epsilon": 0.8503223382217692, "gamma": 0.020655690736486848, "lamda": 0.5981067012881395}, "datetime": {"datetime": "2021-09-23 18:51:21", "elapsed": 106.673062, "delta": 1.140572}}
{"target": 0.46118733924708954, "params": {"C": 210.75996831784886, "epsilon": 0.8387998801437124, "gamma": 0.019603065892493478, "lamda": 0.9397494655655328}, "datetime": {"datetime": "2021-09-23 18:51:22", "elapsed": 107.468593, "delta": 0.795531}}
{"target": 0.45345470550322686, "params": {"C": 210.6078786851605, "epsilon": 0.9477996489439637, "gamma": 0.026466985907813982, "lamda": 0.8900499938156592}, "datetime": {"datetime": "2021-09-23 18:51:23", "elapsed": 108.392083, "delta": 0.92349}}
{"target": 0.46632671601726616, "params": {"C": 231.98473830166589, "epsilon": 0.7924909998767331, "gamma": 0.01144978360683626, "lamda": 0.5462278855768262}, "datetime": {"datetime": "2021-09-23 18:51:24", "elapsed": 109.406895, "delta": 1.014812}}
{"target": 0.46405583635905867, "params": {"C": 232.28829753824644, "epsilon": 0.7481817965221581, "gamma": 0.016791959066195437, "lamda": 1.0539582719278058}, "datetime": {"datetime": "2021-09-23 18:51:25", "elapsed": 110.216588, "delta": 0.809693}}
{"target": 0.46657103360099705, "params": {"C": 211.73805555943702, "epsilon": 0.7521326199469082, "gamma": 0.013843313716515863, "lamda": 0.9922594545388113}, "datetime": {"datetime": "2021-09-23 18:51:26", "elapsed": 111.04652, "delta": 0.829932}}
{"target": 0.46689912028989267, "params": {"C": 239.53240711467382, "epsilon": 0.8212721913241665, "gamma": 0.008531043843329653, "lamda": 1.016308498446955}, "datetime": {"datetime": "2021-09-23 18:51:27", "elapsed": 111.985522, "delta": 0.939002}}
{"target": 0.45185475788493257, "params": {"C": 200.16877025881394, "epsilon": 0.7334490842601139, "gamma": 0.024362989501456274, "lamda": 0.7482554544028006}, "datetime": {"datetime": "2021-09-23 18:51:27", "elapsed": 112.84811, "delta": 0.862588}}
{"target": 0.46655350218750813, "params": {"C": 221.9992017855644, "epsilon": 0.843232165654312, "gamma": 0.005817567619214079, "lamda": 0.6429386622269848}, "datetime": {"datetime": "2021-09-23 18:51:28", "elapsed": 113.645755, "delta": 0.797645}}
{"target": 0.4618209661417262, "params": {"C": 231.35365236917733, "epsilon": 0.8061258268975888, "gamma": 0.018513904793752544, "lamda": 0.8018880068508931}, "datetime": {"datetime": "2021-09-23 18:51:29", "elapsed": 114.725784, "delta": 1.080029}}
{"target": 0.44949561294916585, "params": {"C": 203.65146983491155, "epsilon": 0.9742810442979573, "gamma": 0.02765907332339306, "lamda": 0.6607118062365068}, "datetime": {"datetime": "2021-09-23 18:51:30", "elapsed": 115.566564, "delta": 0.84078}}
{"target": 0.4658780645535774, "params": {"C": 224.69248053259096, "epsilon": 0.9387604390764077, "gamma": 0.005566901426846686, "lamda": 0.6143236569716095}, "datetime": {"datetime": "2021-09-23 18:51:31", "elapsed": 116.458437, "delta": 0.891873}}
{"target": 0.4644361070896422, "params": {"C": 206.84543458416223, "epsilon": 0.9833762003903068, "gamma": 0.00514205634377541, "lamda": 0.6245346957419132}, "datetime": {"datetime": "2021-09-23 18:51:32", "elapsed": 117.386653, "delta": 0.928216}}
{"target": 0.46589874833054723, "params": {"C": 211.6471056517998, "epsilon": 0.8997163697463304, "gamma": 0.014559694385053865, "lamda": 0.8881315430274512}, "datetime": {"datetime": "2021-09-23 18:51:33", "elapsed": 118.343572, "delta": 0.956919}}
{"target": 0.4611478528319556, "params": {"C": 239.11179562327413, "epsilon": 0.9636702758273334, "gamma": 0.018969264027629558, "lamda": 0.6600195314072826}, "datetime": {"datetime": "2021-09-23 18:51:34", "elapsed": 119.192859, "delta": 0.849287}}
{"target": 0.4574716015076542, "params": {"C": 230.67664769457645, "epsilon": 0.8625393219503888, "gamma": 0.01876451540136003, "lamda": 0.5267434684286357}, "datetime": {"datetime": "2021-09-23 18:51:35", "elapsed": 120.031859, "delta": 0.839}}
{"target": 0.45691093502337654, "params": {"C": 204.80041355799997, "epsilon": 0.9886846467676103, "gamma": 0.02399792636693809, "lamda": 1.0643698298367954}, "datetime": {"datetime": "2021-09-23 18:51:35", "elapsed": 120.940294, "delta": 0.908435}}
{"target": 0.46135537961886786, "params": {"C": 213.92535686191925, "epsilon": 0.9894610795304466, "gamma": 0.017954176909139103, "lamda": 0.5611690372991445}, "datetime": {"datetime": "2021-09-23 18:51:36", "elapsed": 121.910295, "delta": 0.970001}}
{"target": 0.45602450268055383, "params": {"C": 207.20124751625227, "epsilon": 0.878661238274967, "gamma": 0.024507244655052076, "lamda": 0.9981271486560745}, "datetime": {"datetime": "2021-09-23 18:51:37", "elapsed": 122.697295, "delta": 0.787}}
{"target": 0.4664127386913812, "params": {"C": 237.9380963655858, "epsilon": 0.8280103838586317, "gamma": 0.005737504874526376, "lamda": 0.6738281449677502}, "datetime": {"datetime": "2021-09-23 18:51:38", "elapsed": 123.670294, "delta": 0.972999}}
{"target": 0.46850321226044145, "params": {"C": 217.33076048732943, "epsilon": 0.742459511050278, "gamma": 0.008113815524724184, "lamda": 0.6591842550893148}, "datetime": {"datetime": "2021-09-23 18:51:39", "elapsed": 124.750729, "delta": 1.080435}}
{"target": 0.46482893365567146, "params": {"C": 231.98009207934592, "epsilon": 0.778805827894702, "gamma": 0.012639115662570557, "lamda": 0.5483014691629231}, "datetime": {"datetime": "2021-09-23 18:51:40", "elapsed": 125.676645, "delta": 0.925916}}
{"target": 0.4683143523066883, "params": {"C": 213.9721510900153, "epsilon": 0.8648007330983216, "gamma": 0.00955134128682602, "lamda": 0.8191690536590971}, "datetime": {"datetime": "2021-09-23 18:51:41", "elapsed": 126.638015, "delta": 0.96137}}
{"target": 0.4326646481866967, "params": {"C": 212.92570929531016, "epsilon": 0.7240607383987883, "gamma": 0.02965976860742633, "lamda": 0.5094898404817522}, "datetime": {"datetime": "2021-09-23 18:51:42", "elapsed": 127.465727, "delta": 0.827712}}
{"target": 0.4654266868255914, "params": {"C": 246.3344096408622, "epsilon": 0.9808615369844165, "gamma": 0.005, "lamda": 0.5063992950344032}, "datetime": {"datetime": "2021-09-23 18:51:43", "elapsed": 128.702906, "delta": 1.237179}}
{"target": 0.4648295952846617, "params": {"C": 204.73432414877624, "epsilon": 0.8113106921813614, "gamma": 0.015830058597849125, "lamda": 1.0580124655760281}, "datetime": {"datetime": "2021-09-23 18:51:44", "elapsed": 129.506663, "delta": 0.803757}}
{"target": 0.4515487863582748, "params": {"C": 221.11488848085847, "epsilon": 0.7903957808396519, "gamma": 0.026270786015187612, "lamda": 0.8119163416295174}, "datetime": {"datetime": "2021-09-23 18:51:45", "elapsed": 130.469649, "delta": 0.962986}}
{"target": 0.46844960531444346, "params": {"C": 206.40043743307837, "epsilon": 0.7429656011737851, "gamma": 0.007919660142984706, "lamda": 0.8284514234775809}, "datetime": {"datetime": "2021-09-23 18:51:46", "elapsed": 131.37184, "delta": 0.902191}}
{"target": 0.46550797444627023, "params": {"C": 213.9906654352205, "epsilon": 0.8526215769992666, "gamma": 0.015155874013288863, "lamda": 0.8146288058988348}, "datetime": {"datetime": "2021-09-23 18:51:47", "elapsed": 132.435081, "delta": 1.063241}}
{"target": 0.46760364496851303, "params": {"C": 213.00337857465388, "epsilon": 0.7886020041508942, "gamma": 0.00801380924103565, "lamda": 0.9160716102051569}, "datetime": {"datetime": "2021-09-23 18:51:48", "elapsed": 133.386773, "delta": 0.951692}}
{"target": 0.45403307859072306, "params": {"C": 234.07675142054063, "epsilon": 0.8304957554398457, "gamma": 0.025891226987164413, "lamda": 0.9808025374176077}, "datetime": {"datetime": "2021-09-23 18:51:49", "elapsed": 134.474367, "delta": 1.087594}}
{"target": 0.46754300470978116, "params": {"C": 240.91280164583029, "epsilon": 0.7117113837008798, "gamma": 0.012540655415687395, "lamda": 0.7400953738457859}, "datetime": {"datetime": "2021-09-23 18:51:50", "elapsed": 135.635385, "delta": 1.161018}}
{"target": 0.4660634727488163, "params": {"C": 213.97358164420456, "epsilon": 0.8653118711883911, "gamma": 0.0066919175398009, "lamda": 0.8442739982688661}, "datetime": {"datetime": "2021-09-23 18:51:51", "elapsed": 136.688149, "delta": 1.052764}}
{"target": 0.4585575569214896, "params": {"C": 233.95533670854388, "epsilon": 0.7640804720524421, "gamma": 0.02196719418755952, "lamda": 1.022603817608515}, "datetime": {"datetime": "2021-09-23 18:51:52", "elapsed": 137.553565, "delta": 0.865416}}
{"target": 0.46854685092838044, "params": {"C": 232.50497762185933, "epsilon": 0.830912197045541, "gamma": 0.010321095162632158, "lamda": 0.798356764749734}, "datetime": {"datetime": "2021-09-23 18:51:53", "elapsed": 138.432547, "delta": 0.878982}}
{"target": 0.4584267894887696, "params": {"C": 230.4300689783277, "epsilon": 0.8042526670430044, "gamma": 0.02236909801207655, "lamda": 1.0790151955393998}, "datetime": {"datetime": "2021-09-23 18:51:54", "elapsed": 139.500325, "delta": 1.067778}}
{"target": 0.4668365559321954, "params": {"C": 242.36383974795103, "epsilon": 0.9562751215425607, "gamma": 0.011324623285255537, "lamda": 0.9599735622659231}, "datetime": {"datetime": "2021-09-23 18:51:55", "elapsed": 140.543323, "delta": 1.042998}}
{"target": 0.4621090932772579, "params": {"C": 221.5859020348677, "epsilon": 0.819495396417979, "gamma": 0.01870322997632574, "lamda": 0.9423297543224818}, "datetime": {"datetime": "2021-09-23 18:51:56", "elapsed": 141.574332, "delta": 1.031009}}
{"target": 0.4608719083731184, "params": {"C": 210.712314175324, "epsilon": 0.838251211293213, "gamma": 0.01909515724236693, "lamda": 0.7336347070121305}, "datetime": {"datetime": "2021-09-23 18:51:57", "elapsed": 142.657361, "delta": 1.083029}}
