{"target": -44.368230638749054, "params": {"C": 380.40854498013425, "epsilon": 0.9532004752844574, "gamma": 0.06084471988079892, "lamda": 2.0663466060074933}, "datetime": {"datetime": "2021-09-24 20:04:30", "elapsed": 6.258798, "delta": 0.514987}}
{"target": -42.932208586520986, "params": {"C": 359.6415112767736, "epsilon": 0.5114198254436721, "gamma": 0.03139489688745714, "lamda": 2.031851722992844}, "datetime": {"datetime": "2021-09-24 20:04:30", "elapsed": 6.661408, "delta": 0.40261}}
{"target": -44.50189291140328, "params": {"C": 356.12069519448414, "epsilon": 1.0, "gamma": 0.001, "lamda": 0.7}, "datetime": {"datetime": "2021-09-24 20:04:30", "elapsed": 7.158518, "delta": 0.49711}}
{"target": -44.30967424212824, "params": {"C": 500.0, "epsilon": 1.0, "gamma": 0.058204176893905085, "lamda": 2.1}, "datetime": {"datetime": "2021-09-24 20:04:31", "elapsed": 7.609487, "delta": 0.450969}}
{"target": -45.52875999497445, "params": {"C": 362.7868598267383, "epsilon": 0.943921536821476, "gamma": 0.09426996572009082, "lamda": 0.7083367788769606}, "datetime": {"datetime": "2021-09-24 20:04:31", "elapsed": 8.154142, "delta": 0.544655}}
{"target": -44.501892921555566, "params": {"C": 493.8085691715252, "epsilon": 1.0, "gamma": 0.001, "lamda": 0.7}, "datetime": {"datetime": "2021-09-24 20:04:32", "elapsed": 8.741148, "delta": 0.587006}}
{"target": -42.55596005337111, "params": {"C": 447.57215956065687, "epsilon": 0.3, "gamma": 0.001, "lamda": 0.7}, "datetime": {"datetime": "2021-09-24 20:04:33", "elapsed": 9.295174, "delta": 0.554026}}
{"target": -45.88334116827823, "params": {"C": 444.62843275644883, "epsilon": 0.3, "gamma": 0.1, "lamda": 2.1}, "datetime": {"datetime": "2021-09-24 20:04:33", "elapsed": 9.760777, "delta": 0.465603}}
{"target": -42.55420354321231, "params": {"C": 449.9932578093063, "epsilon": 0.3, "gamma": 0.001, "lamda": 0.7}, "datetime": {"datetime": "2021-09-24 20:04:34", "elapsed": 10.253158, "delta": 0.492381}}
{"target": -43.83522298698621, "params": {"C": 452.61722030112236, "epsilon": 0.9394025089404741, "gamma": 0.04997879267920975, "lamda": 1.9615783560562357}, "datetime": {"datetime": "2021-09-24 20:04:34", "elapsed": 10.761012, "delta": 0.507854}}
{"target": -48.182841833269066, "params": {"C": 401.01317891153735, "epsilon": 0.3, "gamma": 0.09842854827717487, "lamda": 0.7}, "datetime": {"datetime": "2021-09-24 20:04:35", "elapsed": 11.228745, "delta": 0.467733}}
{"target": -45.88334116827823, "params": {"C": 488.1897939437428, "epsilon": 0.3, "gamma": 0.1, "lamda": 2.1}, "datetime": {"datetime": "2021-09-24 20:04:35", "elapsed": 11.744712, "delta": 0.515967}}
{"target": -46.322749367531834, "params": {"C": 448.90034917627395, "epsilon": 1.0, "gamma": 0.1, "lamda": 2.1}, "datetime": {"datetime": "2021-09-24 20:04:36", "elapsed": 12.258749, "delta": 0.514037}}
{"target": -43.17924163090099, "params": {"C": 423.9225821554204, "epsilon": 0.3199340036278413, "gamma": 0.03270730281292299, "lamda": 0.8465425255554992}, "datetime": {"datetime": "2021-09-24 20:04:36", "elapsed": 12.843984, "delta": 0.585235}}
{"target": -42.55321618189249, "params": {"C": 451.45021045225263, "epsilon": 0.3, "gamma": 0.001, "lamda": 0.7}, "datetime": {"datetime": "2021-09-24 20:04:37", "elapsed": 13.359984, "delta": 0.516}}
{"target": -45.440643516327285, "params": {"C": 426.98120015617695, "epsilon": 0.9374397317774845, "gamma": 0.08603961957428667, "lamda": 2.045950120515643}, "datetime": {"datetime": "2021-09-24 20:04:37", "elapsed": 13.864982, "delta": 0.504998}}
{"target": -43.60549532233232, "params": {"C": 471.1532014407506, "epsilon": 0.33574810696696866, "gamma": 0.05168761354527512, "lamda": 2.042905464584656}, "datetime": {"datetime": "2021-09-24 20:04:38", "elapsed": 14.417721, "delta": 0.552739}}
{"target": -43.060134265334284, "params": {"C": 358.59270773977937, "epsilon": 0.9385858885533398, "gamma": 0.0355563350248393, "lamda": 0.7718644264011049}, "datetime": {"datetime": "2021-09-24 20:04:38", "elapsed": 14.914032, "delta": 0.496311}}
{"target": -46.322749367531834, "params": {"C": 371.57185290023443, "epsilon": 1.0, "gamma": 0.1, "lamda": 2.1}, "datetime": {"datetime": "2021-09-24 20:04:39", "elapsed": 15.530994, "delta": 0.616962}}
{"target": -42.89566183429752, "params": {"C": 386.8030646818431, "epsilon": 0.9992437001499193, "gamma": 0.023034593877002924, "lamda": 2.090525883067248}, "datetime": {"datetime": "2021-09-24 20:04:39", "elapsed": 15.998682, "delta": 0.467688}}
{"target": -43.301087427468396, "params": {"C": 387.85259390633314, "epsilon": 0.5824291116505269, "gamma": 0.039802984658994664, "lamda": 0.7410718054224208}, "datetime": {"datetime": "2021-09-24 20:04:40", "elapsed": 16.516962, "delta": 0.51828}}
{"target": -43.505060737160726, "params": {"C": 462.6443596139994, "epsilon": 0.6566742657056945, "gamma": 0.046021201197005965, "lamda": 0.7776841279578424}, "datetime": {"datetime": "2021-09-24 20:04:40", "elapsed": 17.00436, "delta": 0.487398}}
{"target": -44.56077809061889, "params": {"C": 496.89149273260307, "epsilon": 0.37760465071520927, "gamma": 0.07591162968574063, "lamda": 2.0037671714144127}, "datetime": {"datetime": "2021-09-24 20:04:41", "elapsed": 17.56033, "delta": 0.55597}}
{"target": -43.925920725617274, "params": {"C": 454.8743172728887, "epsilon": 0.321536528584784, "gamma": 0.045789182523384285, "lamda": 0.7762508253689088}, "datetime": {"datetime": "2021-09-24 20:04:41", "elapsed": 17.980781, "delta": 0.420451}}
{"target": -45.88334116827823, "params": {"C": 357.81913146249104, "epsilon": 0.3, "gamma": 0.1, "lamda": 2.1}, "datetime": {"datetime": "2021-09-24 20:04:42", "elapsed": 18.440497, "delta": 0.459716}}
{"target": -46.52375740813322, "params": {"C": 360.10063097151175, "epsilon": 0.4234774828014015, "gamma": 0.09073046562120046, "lamda": 0.7310985789781981}, "datetime": {"datetime": "2021-09-24 20:04:42", "elapsed": 18.947261, "delta": 0.506764}}
{"target": -45.167764712815185, "params": {"C": 450.9273309880754, "epsilon": 0.9989395364006737, "gamma": 0.08655410376454527, "lamda": 1.3597071903279727}, "datetime": {"datetime": "2021-09-24 20:04:43", "elapsed": 19.690056, "delta": 0.742795}}
{"target": -45.21102909842165, "params": {"C": 424.19699815598443, "epsilon": 0.8318755428074016, "gamma": 0.0890278694683774, "lamda": 1.4095347300402468}, "datetime": {"datetime": "2021-09-24 20:04:44", "elapsed": 20.380056, "delta": 0.69}}
{"target": -44.5916719308002, "params": {"C": 439.01127223817014, "epsilon": 0.6774918245591345, "gamma": 0.07626761832829801, "lamda": 1.1701967722441644}, "datetime": {"datetime": "2021-09-24 20:04:44", "elapsed": 20.780602, "delta": 0.400546}}
{"target": -44.56078723244309, "params": {"C": 476.70084557121584, "epsilon": 0.8003948191864116, "gamma": 0.07623080184619944, "lamda": 1.0980995158405027}, "datetime": {"datetime": "2021-09-24 20:04:44", "elapsed": 21.130613, "delta": 0.350011}}
{"target": -42.86952053448, "params": {"C": 408.3791240610816, "epsilon": 0.8663101625030649, "gamma": 0.03070346199241626, "lamda": 0.9166701854342927}, "datetime": {"datetime": "2021-09-24 20:04:45", "elapsed": 21.494228, "delta": 0.363615}}
{"target": -43.771895040046445, "params": {"C": 366.175993390449, "epsilon": 0.4546315619616242, "gamma": 0.05504902275714166, "lamda": 1.4334170206961527}, "datetime": {"datetime": "2021-09-24 20:04:45", "elapsed": 21.85397, "delta": 0.359742}}
{"target": -44.76068932029721, "params": {"C": 375.56763002699813, "epsilon": 0.7436329305121805, "gamma": 0.08016395608114574, "lamda": 1.4800415785530818}, "datetime": {"datetime": "2021-09-24 20:04:46", "elapsed": 22.280256, "delta": 0.426286}}
{"target": -44.42092784200398, "params": {"C": 455.1115004536892, "epsilon": 0.3329970845132734, "gamma": 0.06542993293197463, "lamda": 1.244836943725966}, "datetime": {"datetime": "2021-09-24 20:04:46", "elapsed": 22.661308, "delta": 0.381052}}
{"target": -43.3691226765926, "params": {"C": 449.9390107111672, "epsilon": 0.3178520135262912, "gamma": 0.033883333067808136, "lamda": 0.7461716069178755}, "datetime": {"datetime": "2021-09-24 20:04:46", "elapsed": 23.043081, "delta": 0.381773}}
{"target": -43.7856981908536, "params": {"C": 359.61876976129514, "epsilon": 0.47965787593110865, "gamma": 0.05606309070129633, "lamda": 1.984695854026619}, "datetime": {"datetime": "2021-09-24 20:04:47", "elapsed": 23.414044, "delta": 0.370963}}
{"target": -42.57205844666678, "params": {"C": 424.65524921273243, "epsilon": 0.4139922573312514, "gamma": 0.023659059132188652, "lamda": 1.8727422615336162}, "datetime": {"datetime": "2021-09-24 20:04:47", "elapsed": 23.965572, "delta": 0.551528}}
{"target": -41.97889296513231, "params": {"C": 424.06989953826974, "epsilon": 0.3487653910020624, "gamma": 0.009537505445805797, "lamda": 2.0250330527685305}, "datetime": {"datetime": "2021-09-24 20:04:48", "elapsed": 24.455894, "delta": 0.490322}}
{"target": -44.53172799296144, "params": {"C": 423.96138099089706, "epsilon": 0.38854365852687267, "gamma": 0.07456273768352953, "lamda": 1.8273442164723612}, "datetime": {"datetime": "2021-09-24 20:04:48", "elapsed": 24.953608, "delta": 0.497714}}
{"target": -42.630651490682155, "params": {"C": 424.1662170974946, "epsilon": 0.4976629580458467, "gamma": 0.023721759660754745, "lamda": 2.0244379724038817}, "datetime": {"datetime": "2021-09-24 20:04:49", "elapsed": 25.389441, "delta": 0.435833}}
{"target": -45.38208076947604, "params": {"C": 424.74235298185863, "epsilon": 0.7491194013393674, "gamma": 0.09048316844158538, "lamda": 1.8602676719273763}, "datetime": {"datetime": "2021-09-24 20:04:49", "elapsed": 25.919502, "delta": 0.530061}}
{"target": -44.37999810583797, "params": {"C": 424.6898711920933, "epsilon": 0.5016539343867579, "gamma": 0.07221226017040648, "lamda": 1.750857683439669}, "datetime": {"datetime": "2021-09-24 20:04:50", "elapsed": 26.301132, "delta": 0.38163}}
{"target": -44.04421151176494, "params": {"C": 424.8270135054835, "epsilon": 0.31684444697620306, "gamma": 0.001, "lamda": 1.862857939757128}, "datetime": {"datetime": "2021-09-24 20:04:50", "elapsed": 26.794424, "delta": 0.493292}}
{"target": -43.46858160836602, "params": {"C": 451.392834719584, "epsilon": 0.44894563312131497, "gamma": 0.04095939273777404, "lamda": 0.7299116779034397}, "datetime": {"datetime": "2021-09-24 20:04:51", "elapsed": 27.235422, "delta": 0.440998}}
{"target": -42.53136805171788, "params": {"C": 384.93782558979245, "epsilon": 0.8122882613341671, "gamma": 0.018451228962481515, "lamda": 1.6593028130054144}, "datetime": {"datetime": "2021-09-24 20:04:51", "elapsed": 27.596424, "delta": 0.361002}}
{"target": -44.63512087322342, "params": {"C": 423.8873831920344, "epsilon": 0.3079441095233834, "gamma": 0.07583504637912615, "lamda": 2.048168814084247}, "datetime": {"datetime": "2021-09-24 20:04:51", "elapsed": 28.073297, "delta": 0.476873}}
{"target": -45.640177157957545, "params": {"C": 424.10540036474026, "epsilon": 0.6734759663696571, "gamma": 0.0014587613725749494, "lamda": 2.0350029196912462}, "datetime": {"datetime": "2021-09-24 20:04:52", "elapsed": 28.554599, "delta": 0.481302}}
{"target": -43.46902183931524, "params": {"C": 447.5644371693172, "epsilon": 0.3317584346684065, "gamma": 0.03544472501693132, "lamda": 0.7100563802137172}, "datetime": {"datetime": "2021-09-24 20:04:52", "elapsed": 28.9741, "delta": 0.419501}}
{"target": -42.8167755321983, "params": {"C": 465.3820770343478, "epsilon": 0.431452986542664, "gamma": 0.029786286127549806, "lamda": 1.6988741673620769}, "datetime": {"datetime": "2021-09-24 20:04:53", "elapsed": 29.478438, "delta": 0.504338}}
{"target": -44.97296164732932, "params": {"C": 464.5366476689961, "epsilon": 0.5785742574149026, "gamma": 0.08127649023127038, "lamda": 1.0248880714721698}, "datetime": {"datetime": "2021-09-24 20:04:53", "elapsed": 29.860454, "delta": 0.382016}}
{"target": -45.31651908576274, "params": {"C": 476.8817910667973, "epsilon": 0.46307689582040434, "gamma": 0.09272659833841258, "lamda": 1.9635170544410272}, "datetime": {"datetime": "2021-09-24 20:04:54", "elapsed": 30.255679, "delta": 0.395225}}
{"target": -43.302265075233144, "params": {"C": 384.8575469785792, "epsilon": 0.7459979029209477, "gamma": 0.04180318138160825, "lamda": 1.5636123398197261}, "datetime": {"datetime": "2021-09-24 20:04:54", "elapsed": 30.688502, "delta": 0.432823}}
{"target": -44.994492246980975, "params": {"C": 413.23688390139836, "epsilon": 0.8337189422870621, "gamma": 0.08424358533864049, "lamda": 1.4495725835770732}, "datetime": {"datetime": "2021-09-24 20:04:54", "elapsed": 31.077436, "delta": 0.388934}}
{"target": -43.44467089890918, "params": {"C": 451.573791203156, "epsilon": 0.35445515535079003, "gamma": 0.0366914072406581, "lamda": 0.721225454668426}, "datetime": {"datetime": "2021-09-24 20:04:55", "elapsed": 31.618974, "delta": 0.541538}}
{"target": -42.58576236308205, "params": {"C": 450.1303230934935, "epsilon": 0.34913742755202093, "gamma": 0.001010172520396823, "lamda": 0.7011070515307383}, "datetime": {"datetime": "2021-09-24 20:04:56", "elapsed": 32.234145, "delta": 0.615171}}
{"target": -42.67943802870401, "params": {"C": 424.0359853163275, "epsilon": 0.4411810744249679, "gamma": 0.025546125362422806, "lamda": 2.0483067962851895}, "datetime": {"datetime": "2021-09-24 20:04:56", "elapsed": 32.698365, "delta": 0.46422}}
{"target": -42.89040107000798, "params": {"C": 424.17397457400705, "epsilon": 0.40925726971683923, "gamma": 0.03160920790502803, "lamda": 2.073114550348511}, "datetime": {"datetime": "2021-09-24 20:04:57", "elapsed": 33.411023, "delta": 0.712658}}
{"target": -44.194160814676174, "params": {"C": 384.7976681476575, "epsilon": 0.7258069280183608, "gamma": 0.06481551385353945, "lamda": 1.7429423762732552}, "datetime": {"datetime": "2021-09-24 20:04:57", "elapsed": 33.888271, "delta": 0.477248}}
{"target": -41.819526482300056, "params": {"C": 408.7925795619855, "epsilon": 0.30578347980692716, "gamma": 0.005494458227009835, "lamda": 1.5645759445888805}, "datetime": {"datetime": "2021-09-24 20:04:58", "elapsed": 34.302716, "delta": 0.414445}}
{"target": -42.9945580055392, "params": {"C": 408.7131743278405, "epsilon": 0.3504273834939333, "gamma": 0.034142230992334675, "lamda": 1.6513213343360693}, "datetime": {"datetime": "2021-09-24 20:04:58", "elapsed": 34.822376, "delta": 0.51966}}
{"target": -42.44410296437818, "params": {"C": 404.56661278201665, "epsilon": 0.8007592483187116, "gamma": 0.01180397783664993, "lamda": 1.9827555912917818}, "datetime": {"datetime": "2021-09-24 20:04:59", "elapsed": 35.224685, "delta": 0.402309}}
{"target": -43.8581326523089, "params": {"C": 408.83371466835945, "epsilon": 0.4274720377262893, "gamma": 0.056954262630673706, "lamda": 1.4283714621558024}, "datetime": {"datetime": "2021-09-24 20:04:59", "elapsed": 35.776207, "delta": 0.551522}}
{"target": -42.753835475597846, "params": {"C": 424.06560377987785, "epsilon": 0.425462847215913, "gamma": 0.027638823780273627, "lamda": 2.0534236691156105}, "datetime": {"datetime": "2021-09-24 20:05:00", "elapsed": 36.184913, "delta": 0.408706}}
{"target": -42.02627118479541, "params": {"C": 489.0467452255798, "epsilon": 0.9665454474193242, "gamma": 0.009560741843880022, "lamda": 0.8421004030225382}, "datetime": {"datetime": "2021-09-24 20:05:00", "elapsed": 36.617696, "delta": 0.432783}}
{"target": -42.95327191663508, "params": {"C": 414.6929799869266, "epsilon": 0.6005546943444986, "gamma": 0.031979752048734725, "lamda": 1.7267996550197076}, "datetime": {"datetime": "2021-09-24 20:05:00", "elapsed": 37.016776, "delta": 0.39908}}
{"target": -42.00630562033975, "params": {"C": 354.67058040821115, "epsilon": 0.7064211138106481, "gamma": 0.009853532179479239, "lamda": 1.0025110294701145}, "datetime": {"datetime": "2021-09-24 20:05:01", "elapsed": 37.440655, "delta": 0.423879}}
{"target": -43.66974595380034, "params": {"C": 489.01272481003036, "epsilon": 0.8304773690998459, "gamma": 0.052093994604046734, "lamda": 0.9144577920155018}, "datetime": {"datetime": "2021-09-24 20:05:01", "elapsed": 38.022428, "delta": 0.581773}}
{"target": -42.46875775875329, "params": {"C": 359.6199029232319, "epsilon": 0.4897860622955053, "gamma": 0.01990591452335229, "lamda": 1.995474456993963}, "datetime": {"datetime": "2021-09-24 20:05:02", "elapsed": 38.438449, "delta": 0.416021}}
{"target": -43.92152431909044, "params": {"C": 354.69502279315265, "epsilon": 0.7621324208501726, "gamma": 0.05896361897061156, "lamda": 1.1365514271405632}, "datetime": {"datetime": "2021-09-24 20:05:02", "elapsed": 38.920398, "delta": 0.481949}}
{"target": -43.595049278026714, "params": {"C": 389.5820660792205, "epsilon": 0.8111131031218874, "gamma": 0.0459987958088271, "lamda": 1.9357132177711165}, "datetime": {"datetime": "2021-09-24 20:05:03", "elapsed": 39.350704, "delta": 0.430306}}
{"target": -42.52040235177929, "params": {"C": 354.57141008849584, "epsilon": 0.6901262823558517, "gamma": 0.02238352424671723, "lamda": 0.8899495636658938}, "datetime": {"datetime": "2021-09-24 20:05:03", "elapsed": 39.896126, "delta": 0.545422}}
{"target": -45.61758111545788, "params": {"C": 449.2199473546222, "epsilon": 0.38090447701554303, "gamma": 0.09725673305844579, "lamda": 1.91097808798711}, "datetime": {"datetime": "2021-09-24 20:05:04", "elapsed": 40.33181, "delta": 0.435684}}
{"target": -42.15820841297002, "params": {"C": 408.34993712669035, "epsilon": 0.8804741387671209, "gamma": 0.012858080369716314, "lamda": 0.8901553693385167}, "datetime": {"datetime": "2021-09-24 20:05:04", "elapsed": 40.797688, "delta": 0.465878}}
{"target": -43.280863060001884, "params": {"C": 408.6946351226453, "epsilon": 0.3, "gamma": 0.001, "lamda": 1.498364040061008}, "datetime": {"datetime": "2021-09-24 20:05:05", "elapsed": 41.38884, "delta": 0.591152}}
{"target": -43.54146329342947, "params": {"C": 408.86835448542973, "epsilon": 0.358166228593884, "gamma": 0.0012008347851696093, "lamda": 1.638997437706623}, "datetime": {"datetime": "2021-09-24 20:05:05", "elapsed": 42.064552, "delta": 0.675712}}
{"target": -42.88258028367787, "params": {"C": 354.68752574112835, "epsilon": 0.8013079262686444, "gamma": 0.030919574057040933, "lamda": 0.8908218138620635}, "datetime": {"datetime": "2021-09-24 20:05:06", "elapsed": 42.717796, "delta": 0.653244}}
{"target": -43.83590514706551, "params": {"C": 354.5542422677913, "epsilon": 0.7240598274523362, "gamma": 0.05645381601938672, "lamda": 1.028334500809073}, "datetime": {"datetime": "2021-09-24 20:05:07", "elapsed": 43.25644, "delta": 0.538644}}
{"target": -44.00309885609369, "params": {"C": 408.1529190971152, "epsilon": 0.93731482174253, "gamma": 0.0015276375778706833, "lamda": 0.9211501782254157}, "datetime": {"datetime": "2021-09-24 20:05:07", "elapsed": 43.832464, "delta": 0.576024}}
{"target": -42.31931999171186, "params": {"C": 463.8140720559599, "epsilon": 0.6564141203158774, "gamma": 0.017652394593784596, "lamda": 1.1664680088111323}, "datetime": {"datetime": "2021-09-24 20:05:08", "elapsed": 44.260287, "delta": 0.427823}}
{"target": -46.206721801139174, "params": {"C": 359.52908234585374, "epsilon": 0.5656640491174112, "gamma": 0.001, "lamda": 2.007108563709871}, "datetime": {"datetime": "2021-09-24 20:05:08", "elapsed": 44.940739, "delta": 0.680452}}
{"target": -45.10207716022604, "params": {"C": 354.7256302337777, "epsilon": 0.7501633151112759, "gamma": 0.08752608742072043, "lamda": 1.1299282054680198}, "datetime": {"datetime": "2021-09-24 20:05:09", "elapsed": 45.37719, "delta": 0.436451}}
{"target": -43.531436290085395, "params": {"C": 354.70817110355864, "epsilon": 0.5831621080719023, "gamma": 0.04748751633728363, "lamda": 0.9548685752039884}, "datetime": {"datetime": "2021-09-24 20:05:09", "elapsed": 46.129323, "delta": 0.752133}}
{"target": -45.067138162927925, "params": {"C": 480.26326486324814, "epsilon": 0.8527324258205866, "gamma": 0.084317983192882, "lamda": 1.6037111230627483}, "datetime": {"datetime": "2021-09-24 20:05:10", "elapsed": 46.639794, "delta": 0.510471}}
{"target": -44.14227644679664, "params": {"C": 463.8721381095673, "epsilon": 0.7090881732763841, "gamma": 0.06463932147163365, "lamda": 1.1308430010942627}, "datetime": {"datetime": "2021-09-24 20:05:11", "elapsed": 47.581219, "delta": 0.941425}}
{"target": -44.118402589549255, "params": {"C": 463.65979255282616, "epsilon": 0.6877146904151147, "gamma": 0.06383527377368235, "lamda": 1.1118727418224312}, "datetime": {"datetime": "2021-09-24 20:05:12", "elapsed": 48.183566, "delta": 0.602347}}
{"target": -43.901560949795844, "params": {"C": 449.9416920353406, "epsilon": 0.3216209022096173, "gamma": 0.04336641730032195, "lamda": 0.7209598756731341}, "datetime": {"datetime": "2021-09-24 20:05:12", "elapsed": 48.721036, "delta": 0.53747}}
{"target": -45.30601842934598, "params": {"C": 361.2993878527205, "epsilon": 0.6689695175292403, "gamma": 0.09106942366525114, "lamda": 1.0920142174504281}, "datetime": {"datetime": "2021-09-24 20:05:13", "elapsed": 49.1966, "delta": 0.475564}}
{"target": -44.556172924611694, "params": {"C": 408.3639666009589, "epsilon": 0.8933625724586894, "gamma": 0.001, "lamda": 0.7958141776102644}, "datetime": {"datetime": "2021-09-24 20:05:13", "elapsed": 49.873713, "delta": 0.677113}}
{"target": -43.08279662296229, "params": {"C": 424.03222280047163, "epsilon": 0.4683156851714141, "gamma": 0.0025684942865950027, "lamda": 1.9562455541215649}, "datetime": {"datetime": "2021-09-24 20:05:14", "elapsed": 50.446616, "delta": 0.572903}}
{"target": -42.97500177782147, "params": {"C": 364.24051985024414, "epsilon": 0.7227672409562805, "gamma": 0.03223323429213502, "lamda": 1.5078518937100593}, "datetime": {"datetime": "2021-09-24 20:05:14", "elapsed": 50.931844, "delta": 0.485228}}
{"target": -42.76254923357063, "params": {"C": 450.104573348451, "epsilon": 0.322240477996594, "gamma": 0.0244032005618162, "lamda": 0.776457695162635}, "datetime": {"datetime": "2021-09-24 20:05:15", "elapsed": 51.560899, "delta": 0.629055}}
