{"target": -44.48507427941684, "params": {"C": 18.848370683914837, "epsilon": 0.7148893947983499, "gamma": 0.05068376748730529, "lamda": 1.241160990028382}, "datetime": {"datetime": "2021-09-24 18:43:16", "elapsed": 468.690897, "delta": 1.4908}}
{"target": -44.26896447591385, "params": {"C": 49.87385143400219, "epsilon": 0.8796125077657471, "gamma": 0.056063032480829326, "lamda": 0.7097006785833329}, "datetime": {"datetime": "2021-09-24 18:43:18", "elapsed": 470.272199, "delta": 1.581302}}
{"target": -43.77411048381657, "params": {"C": 31.732590412228163, "epsilon": 0.18545895467318382, "gamma": 0.0045085552829648625, "lamda": 0.9284883599026412}, "datetime": {"datetime": "2021-09-24 18:43:22", "elapsed": 474.274348, "delta": 4.002149}}
{"target": -43.1717307232783, "params": {"C": 31.69169850025122, "epsilon": 0.3373189955193161, "gamma": 0.01099586448269673, "lamda": 0.8642595171178983}, "datetime": {"datetime": "2021-09-24 18:43:26", "elapsed": 478.379453, "delta": 4.105105}}
{"target": -43.55828156615205, "params": {"C": 35.549869192440006, "epsilon": 0.37709836845388267, "gamma": 0.027979591340543404, "lamda": 0.7087959144354433}, "datetime": {"datetime": "2021-09-24 18:43:30", "elapsed": 482.311051, "delta": 3.931598}}
{"target": -43.33343793323239, "params": {"C": 35.67808992485353, "epsilon": 0.3466012370953618, "gamma": 0.005743689606134182, "lamda": 0.7316248468385783}, "datetime": {"datetime": "2021-09-24 18:43:32", "elapsed": 484.939447, "delta": 2.628396}}
{"target": -45.06711503230956, "params": {"C": 34.44630613264145, "epsilon": 0.7769588842799965, "gamma": 0.07514956623281352, "lamda": 0.8488246346977445}, "datetime": {"datetime": "2021-09-24 18:43:34", "elapsed": 486.472239, "delta": 1.532792}}
{"target": -43.70489561490395, "params": {"C": 46.839202955693146, "epsilon": 0.15008961092453915, "gamma": 0.0029096968362618625, "lamda": 1.123243076064026}, "datetime": {"datetime": "2021-09-24 18:43:36", "elapsed": 488.149799, "delta": 1.67756}}
{"target": -47.20393431789687, "params": {"C": 4.224622728890685, "epsilon": 0.6401009620815099, "gamma": 0.0278741266959652, "lamda": 1.062317349151902}, "datetime": {"datetime": "2021-09-24 18:43:37", "elapsed": 489.640599, "delta": 1.4908}}
{"target": -44.30462398980198, "params": {"C": 42.65621946900678, "epsilon": 0.2654473839922184, "gamma": 0.05460957673537773, "lamda": 1.2107164844541485}, "datetime": {"datetime": "2021-09-24 18:43:41", "elapsed": 493.527147, "delta": 3.886548}}
{"target": -44.281260607442725, "params": {"C": 43.767429568150824, "epsilon": 0.9516533685505971, "gamma": 0.05548243883963487, "lamda": 0.07256005696712853}, "datetime": {"datetime": "2021-09-24 18:43:44", "elapsed": 496.726402, "delta": 3.199255}}
{"target": -45.15156741838634, "params": {"C": 24.723709914184376, "epsilon": 0.8394039416389253, "gamma": 0.0748199133941808, "lamda": 0.5712598473304178}, "datetime": {"datetime": "2021-09-24 18:43:46", "elapsed": 498.269838, "delta": 1.543436}}
{"target": -44.54475864627486, "params": {"C": 35.60831056210622, "epsilon": 0.3029803804151084, "gamma": 0.06009044790203587, "lamda": 0.7506364364379631}, "datetime": {"datetime": "2021-09-24 18:43:50", "elapsed": 502.600046, "delta": 4.330208}}
{"target": -45.02326611197111, "params": {"C": 11.347304246637806, "epsilon": 0.6502287555014575, "gamma": 0.049274462153398695, "lamda": 0.6077520966520649}, "datetime": {"datetime": "2021-09-24 18:43:52", "elapsed": 504.186618, "delta": 1.586572}}
{"target": -45.22460620578494, "params": {"C": 7.620743254085094, "epsilon": 0.2599514278423443, "gamma": 0.02766875789813905, "lamda": 0.04255130748366737}, "datetime": {"datetime": "2021-09-24 18:43:53", "elapsed": 505.99384, "delta": 1.807222}}
{"target": -43.21070530730199, "params": {"C": 47.88660262117244, "epsilon": 0.9145774086412727, "gamma": 0.015630122156293287, "lamda": 0.17414588343698437}, "datetime": {"datetime": "2021-09-24 18:43:57", "elapsed": 509.580809, "delta": 3.586969}}
{"target": -45.13953062738444, "params": {"C": 14.998573033500636, "epsilon": 0.5714106854128778, "gamma": 0.06719114857907314, "lamda": 0.6715568417013373}, "datetime": {"datetime": "2021-09-24 18:43:59", "elapsed": 511.266159, "delta": 1.68535}}
{"target": -43.6546622203298, "params": {"C": 44.850141559591975, "epsilon": 0.6472729534548016, "gamma": 0.033767953989692887, "lamda": 0.23391173583711017}, "datetime": {"datetime": "2021-09-24 18:44:00", "elapsed": 512.925783, "delta": 1.659624}}
{"target": -43.15551096278059, "params": {"C": 35.6720061031313, "epsilon": 0.3903387816443441, "gamma": 0.012037004462864778, "lamda": 0.8301125371023501}, "datetime": {"datetime": "2021-09-24 18:44:04", "elapsed": 516.565246, "delta": 3.639463}}
{"target": -43.65773812241486, "params": {"C": 49.038858248797105, "epsilon": 0.45792480755100823, "gamma": 0.03821402512653857, "lamda": 1.070654354493684}, "datetime": {"datetime": "2021-09-24 18:44:06", "elapsed": 518.244651, "delta": 1.679405}}
{"target": -43.94591295078594, "params": {"C": 16.17849067952705, "epsilon": 0.5772586716178792, "gamma": 0.02305100744854924, "lamda": 0.4546875040720668}, "datetime": {"datetime": "2021-09-24 18:44:07", "elapsed": 519.864667, "delta": 1.620016}}
{"target": -43.59779086004383, "params": {"C": 35.64942017375631, "epsilon": 0.4317674106896175, "gamma": 0.031856946413986655, "lamda": 0.6928841377179082}, "datetime": {"datetime": "2021-09-24 18:44:11", "elapsed": 523.200899, "delta": 3.336232}}
{"target": -43.358631079809754, "params": {"C": 30.680686539900506, "epsilon": 0.6840209708152346, "gamma": 0.0218966331908049, "lamda": 0.8306273204352332}, "datetime": {"datetime": "2021-09-24 18:44:12", "elapsed": 524.747298, "delta": 1.546399}}
{"target": -43.16952260678611, "params": {"C": 34.451131437200836, "epsilon": 0.48963130051825265, "gamma": 0.011612083167929561, "lamda": 0.44564628760230435}, "datetime": {"datetime": "2021-09-24 18:44:14", "elapsed": 526.521843, "delta": 1.774545}}
{"target": -44.710647591508334, "params": {"C": 22.42515875744341, "epsilon": 0.9371280706962645, "gamma": 0.0617207245030853, "lamda": 0.4722875153105889}, "datetime": {"datetime": "2021-09-24 18:44:16", "elapsed": 528.154934, "delta": 1.633091}}
{"target": -47.132290614305546, "params": {"C": 38.092083485110436, "epsilon": 0.5274413215085868, "gamma": 0.001, "lamda": 0.5133495151847407}, "datetime": {"datetime": "2021-09-24 18:44:20", "elapsed": 532.095807, "delta": 3.940873}}
{"target": -47.37462082071482, "params": {"C": 24.753204078964846, "epsilon": 0.6015028702761543, "gamma": 0.0014828952048157535, "lamda": 0.20943045021294848}, "datetime": {"datetime": "2021-09-24 18:44:23", "elapsed": 535.910982, "delta": 3.815175}}
{"target": -44.847870826257854, "params": {"C": 35.63681154136131, "epsilon": 0.4275757379386698, "gamma": 0.06751282581086157, "lamda": 0.7981851574727699}, "datetime": {"datetime": "2021-09-24 18:44:27", "elapsed": 539.758759, "delta": 3.847777}}
{"target": -48.85839649932581, "params": {"C": 3.281943271686954, "epsilon": 0.7574331684527655, "gamma": 0.012881956427669504, "lamda": 1.4236066883971854}, "datetime": {"datetime": "2021-09-24 18:44:29", "elapsed": 541.232145, "delta": 1.473386}}
{"target": -47.44330641830076, "params": {"C": 35.74371112688392, "epsilon": 0.4070376842198238, "gamma": 0.001, "lamda": 0.7704934115887586}, "datetime": {"datetime": "2021-09-24 18:44:32", "elapsed": 544.460186, "delta": 3.228041}}
{"target": -46.08009754979801, "params": {"C": 15.774542304114256, "epsilon": 0.9735861981544105, "gamma": 0.09172825523460301, "lamda": 0.39095024954828456}, "datetime": {"datetime": "2021-09-24 18:44:34", "elapsed": 546.112504, "delta": 1.652318}}
{"target": -44.21784163420695, "params": {"C": 34.461198585197685, "epsilon": 0.5425395513941647, "gamma": 0.05218593155943692, "lamda": 0.40730841659496164}, "datetime": {"datetime": "2021-09-24 18:44:37", "elapsed": 549.570304, "delta": 3.4578}}
{"target": -47.40276676554958, "params": {"C": 35.62784434955017, "epsilon": 0.3534054951273057, "gamma": 0.001, "lamda": 0.6548317054765312}, "datetime": {"datetime": "2021-09-24 18:44:41", "elapsed": 553.379703, "delta": 3.809399}}
{"target": -43.3444594476488, "params": {"C": 34.522653123984966, "epsilon": 0.4473380820667066, "gamma": 0.018254492396479784, "lamda": 0.4336427744704266}, "datetime": {"datetime": "2021-09-24 18:44:47", "elapsed": 559.238435, "delta": 5.858732}}
{"target": -43.274631775429256, "params": {"C": 46.53130234181171, "epsilon": 0.1905615263881653, "gamma": 0.0248496333440986, "lamda": 1.4477696937224223}, "datetime": {"datetime": "2021-09-24 18:44:48", "elapsed": 560.938328, "delta": 1.699893}}
{"target": -45.62708468615801, "params": {"C": 34.470748503943845, "epsilon": 0.44334835219515195, "gamma": 0.09232011768183931, "lamda": 0.37527763188275354}, "datetime": {"datetime": "2021-09-24 18:44:52", "elapsed": 564.108022, "delta": 3.169694}}
{"target": -45.639698410434946, "params": {"C": 46.495343885458624, "epsilon": 0.22208491808606268, "gamma": 0.09709436181948124, "lamda": 1.4076190367180532}, "datetime": {"datetime": "2021-09-24 18:44:55", "elapsed": 567.731225, "delta": 3.623203}}
{"target": -44.34062188069266, "params": {"C": 13.02391090681777, "epsilon": 0.7021840935484465, "gamma": 0.029811396244230858, "lamda": 0.6380205538592919}, "datetime": {"datetime": "2021-09-24 18:44:57", "elapsed": 569.606607, "delta": 1.875382}}
{"target": -47.10450106543388, "params": {"C": 38.11922571363283, "epsilon": 0.3980797003914823, "gamma": 0.001, "lamda": 0.42623801172501463}, "datetime": {"datetime": "2021-09-24 18:45:01", "elapsed": 573.523943, "delta": 3.917336}}
{"target": -43.16412290164378, "params": {"C": 48.064900252345524, "epsilon": 0.754949272516367, "gamma": 0.011541420191040281, "lamda": 0.21684687174706715}, "datetime": {"datetime": "2021-09-24 18:45:04", "elapsed": 576.918458, "delta": 3.394515}}
{"target": -43.42394619384684, "params": {"C": 41.501124391919255, "epsilon": 0.7924525829379326, "gamma": 0.02797245427879338, "lamda": 0.3518705182096901}, "datetime": {"datetime": "2021-09-24 18:45:06", "elapsed": 578.881402, "delta": 1.962944}}
{"target": -44.5007817891659, "params": {"C": 42.92520225052602, "epsilon": 0.41611250613449613, "gamma": 0.06062816693395465, "lamda": 1.4590968541008544}, "datetime": {"datetime": "2021-09-24 18:45:11", "elapsed": 583.230526, "delta": 4.349124}}
{"target": -44.02907238248592, "params": {"C": 14.600337039201563, "epsilon": 0.5537586444696129, "gamma": 0.016488763485911582, "lamda": 0.9276362554695303}, "datetime": {"datetime": "2021-09-24 18:45:13", "elapsed": 585.189313, "delta": 1.958787}}
{"target": -43.194298137276725, "params": {"C": 47.937460516024295, "epsilon": 0.9966694154066877, "gamma": 0.004303300358012175, "lamda": 0.2131813201931855}, "datetime": {"datetime": "2021-09-24 18:45:17", "elapsed": 589.529704, "delta": 4.340391}}
{"target": -47.43109723716326, "params": {"C": 35.63636345895873, "epsilon": 0.33387807174069684, "gamma": 0.001, "lamda": 0.8097046169809755}, "datetime": {"datetime": "2021-09-24 18:45:20", "elapsed": 592.881366, "delta": 3.351662}}
{"target": -47.82007948373419, "params": {"C": 32.876981525680215, "epsilon": 0.358664953356123, "gamma": 0.001, "lamda": 0.9808557801028527}, "datetime": {"datetime": "2021-09-24 18:45:24", "elapsed": 596.45239, "delta": 3.571024}}
{"target": -48.85331812970807, "params": {"C": 7.189488639443378, "epsilon": 0.9120010572578948, "gamma": 0.0894884356290191, "lamda": 0.8555661310955455}, "datetime": {"datetime": "2021-09-24 18:45:25", "elapsed": 598.070598, "delta": 1.618208}}
{"target": -43.522780259005984, "params": {"C": 31.773807946516893, "epsilon": 0.34600607612420775, "gamma": 0.005412222564146335, "lamda": 0.8734897089243611}, "datetime": {"datetime": "2021-09-24 18:45:29", "elapsed": 601.39133, "delta": 3.320732}}
{"target": -44.35971259086549, "params": {"C": 40.68287262884096, "epsilon": 0.44135266369084825, "gamma": 0.05629450424958567, "lamda": 1.4573571296707462}, "datetime": {"datetime": "2021-09-24 18:45:31", "elapsed": 603.156876, "delta": 1.765546}}
{"target": -48.844067702868024, "params": {"C": 25.59376995847997, "epsilon": 0.18236864431902033, "gamma": 0.001, "lamda": 1.0527938259657723}, "datetime": {"datetime": "2021-09-24 18:45:35", "elapsed": 607.17167, "delta": 4.014794}}
{"target": -45.061182833490534, "params": {"C": 37.51347636368048, "epsilon": 0.8556773897475206, "gamma": 0.07871915494427299, "lamda": 0.9462799105410115}, "datetime": {"datetime": "2021-09-24 18:45:36", "elapsed": 608.92176, "delta": 1.75009}}
{"target": -44.11448969287242, "params": {"C": 44.79970112012573, "epsilon": 0.6915948683137462, "gamma": 0.052038768435873295, "lamda": 0.3232586365623974}, "datetime": {"datetime": "2021-09-24 18:45:39", "elapsed": 612.057363, "delta": 3.135603}}
{"target": -44.524914301289016, "params": {"C": 20.879444395956444, "epsilon": 0.2593372603816036, "gamma": 0.0046428854028135215, "lamda": 1.0738837721947667}, "datetime": {"datetime": "2021-09-24 18:45:41", "elapsed": 614.041681, "delta": 1.984318}}
{"target": -45.75340658164532, "params": {"C": 27.78199447748098, "epsilon": 0.00760749547547564, "gamma": 0.09488341035553038, "lamda": 0.8465535134678862}, "datetime": {"datetime": "2021-09-24 18:45:43", "elapsed": 615.816273, "delta": 1.774592}}
{"target": -44.6098190581873, "params": {"C": 44.97469965718562, "epsilon": 0.5781958180474962, "gamma": 0.06275587348623521, "lamda": 0.3442749773287349}, "datetime": {"datetime": "2021-09-24 18:45:46", "elapsed": 619.060581, "delta": 3.244308}}
{"target": -44.794055739058514, "params": {"C": 43.89873430728865, "epsilon": 0.9341609225329425, "gamma": 0.0016597490487241713, "lamda": 0.06296575203008709}, "datetime": {"datetime": "2021-09-24 18:45:52", "elapsed": 624.099928, "delta": 5.039347}}
{"target": -44.81053922737831, "params": {"C": 35.51336766360625, "epsilon": 0.3875343292356385, "gamma": 0.06636310451308786, "lamda": 0.7628025854303481}, "datetime": {"datetime": "2021-09-24 18:45:55", "elapsed": 627.730593, "delta": 3.630665}}
{"target": -44.318516179381035, "params": {"C": 45.118852177811576, "epsilon": 0.4893924564158812, "gamma": 0.05653945790325796, "lamda": 0.16817157146337255}, "datetime": {"datetime": "2021-09-24 18:46:00", "elapsed": 632.57985, "delta": 4.849257}}
{"target": -44.086362860195734, "params": {"C": 47.87460859606965, "epsilon": 0.8641429085477923, "gamma": 0.0023050980016747955, "lamda": 0.2076125401870553}, "datetime": {"datetime": "2021-09-24 18:46:04", "elapsed": 636.192779, "delta": 3.612929}}
{"target": -43.999781389831895, "params": {"C": 31.728559803966352, "epsilon": 0.28696675061413773, "gamma": 0.045254148339199864, "lamda": 0.8684814583305005}, "datetime": {"datetime": "2021-09-24 18:46:08", "elapsed": 640.985212, "delta": 4.792433}}
{"target": -43.441246604225014, "params": {"C": 27.986854097387276, "epsilon": 0.45131602821823863, "gamma": 0.006368678676383112, "lamda": 1.2206572176050179}, "datetime": {"datetime": "2021-09-24 18:46:10", "elapsed": 642.859693, "delta": 1.874481}}
{"target": -46.15697809169202, "params": {"C": 47.99241201927055, "epsilon": 0.7812808676922198, "gamma": 0.001, "lamda": 0.20660799438829966}, "datetime": {"datetime": "2021-09-24 18:46:14", "elapsed": 646.663387, "delta": 3.803694}}
{"target": -43.92306417832349, "params": {"C": 46.84195969090677, "epsilon": 0.7948881109352013, "gamma": 0.045874162141758504, "lamda": 0.1801222413148923}, "datetime": {"datetime": "2021-09-24 18:46:16", "elapsed": 648.455957, "delta": 1.79257}}
{"target": -48.03317795758875, "params": {"C": 10.022817783654922, "epsilon": 0.35091324945449914, "gamma": 0.09938291436150334, "lamda": 0.24702009122817548}, "datetime": {"datetime": "2021-09-24 18:46:18", "elapsed": 650.306778, "delta": 1.850821}}
{"target": -44.866918828300214, "params": {"C": 45.940979393929915, "epsilon": 0.5956364350175021, "gamma": 0.06843459413062924, "lamda": 0.5632506011345352}, "datetime": {"datetime": "2021-09-24 18:46:20", "elapsed": 652.505879, "delta": 2.199101}}
{"target": -44.846781871880516, "params": {"C": 22.198369657044683, "epsilon": 0.2128286857386931, "gamma": 0.06502654183983853, "lamda": 0.7928381589686734}, "datetime": {"datetime": "2021-09-24 18:46:22", "elapsed": 654.616159, "delta": 2.11028}}
{"target": -44.04564258880266, "params": {"C": 23.93566658136471, "epsilon": 0.16112095999873258, "gamma": 0.038741351255910016, "lamda": 0.1573381794687}, "datetime": {"datetime": "2021-09-24 18:46:24", "elapsed": 656.529732, "delta": 1.913573}}
{"target": -44.59804390229553, "params": {"C": 47.34121489184603, "epsilon": 0.7554473097770171, "gamma": 0.06856559752619065, "lamda": 1.2859429129299298}, "datetime": {"datetime": "2021-09-24 18:46:26", "elapsed": 658.572459, "delta": 2.042727}}
{"target": -46.95280007665887, "params": {"C": 10.009591680200188, "epsilon": 0.06619633753761758, "gamma": 0.08200545000911849, "lamda": 1.3705818032598311}, "datetime": {"datetime": "2021-09-24 18:46:28", "elapsed": 660.721182, "delta": 2.148723}}
{"target": -44.02709028909867, "params": {"C": 25.515235258191705, "epsilon": 0.16855099825937875, "gamma": 0.03883670686449984, "lamda": 1.1528976535475712}, "datetime": {"datetime": "2021-09-24 18:46:33", "elapsed": 665.946615, "delta": 5.225433}}
{"target": -43.70608994703581, "params": {"C": 48.07052748141274, "epsilon": 0.6337180185705822, "gamma": 0.03838548741916171, "lamda": 0.23118825119701555}, "datetime": {"datetime": "2021-09-24 18:46:37", "elapsed": 669.825338, "delta": 3.878723}}
{"target": -45.799551648671326, "params": {"C": 25.512658060078483, "epsilon": 0.9633949313156169, "gamma": 0.0902910653101632, "lamda": 1.344105600786818}, "datetime": {"datetime": "2021-09-24 18:46:39", "elapsed": 671.743862, "delta": 1.918524}}
{"target": -44.02773849290045, "params": {"C": 18.547131661783443, "epsilon": 0.04575150175828067, "gamma": 0.030657659981036492, "lamda": 0.6348176864460711}, "datetime": {"datetime": "2021-09-24 18:46:41", "elapsed": 673.80577, "delta": 2.061908}}
{"target": -45.32314078418102, "params": {"C": 47.90275232990061, "epsilon": 0.903312772063714, "gamma": 0.08317517492826973, "lamda": 0.34274838331245394}, "datetime": {"datetime": "2021-09-24 18:46:47", "elapsed": 679.104507, "delta": 5.298737}}
{"target": -43.7593708125516, "params": {"C": 34.49194431090091, "epsilon": 0.45993702690695715, "gamma": 0.03386088145771589, "lamda": 0.47061587714418107}, "datetime": {"datetime": "2021-09-24 18:46:51", "elapsed": 683.531358, "delta": 4.426851}}
{"target": -43.003562501416965, "params": {"C": 47.886716981444394, "epsilon": 0.9867719305093026, "gamma": 0.012780910896822664, "lamda": 0.3455359187284853}, "datetime": {"datetime": "2021-09-24 18:46:55", "elapsed": 687.708226, "delta": 4.176868}}
{"target": -43.04845673322159, "params": {"C": 44.88518296357844, "epsilon": 0.40365890271298777, "gamma": 0.014489322381863973, "lamda": 1.0997827513635559}, "datetime": {"datetime": "2021-09-24 18:46:57", "elapsed": 690.05631, "delta": 2.348084}}
{"target": -44.17744666039228, "params": {"C": 25.514239679806014, "epsilon": 0.2554677430240381, "gamma": 0.045717911747659074, "lamda": 1.122152160936672}, "datetime": {"datetime": "2021-09-24 18:47:02", "elapsed": 694.301018, "delta": 4.244708}}
{"target": -44.25961560389261, "params": {"C": 13.744619811690757, "epsilon": 0.23676283396825476, "gamma": 0.03681718333444514, "lamda": 0.29038031323979924}, "datetime": {"datetime": "2021-09-24 18:47:04", "elapsed": 696.284676, "delta": 1.983658}}
{"target": -43.6907181092812, "params": {"C": 48.18907901086656, "epsilon": 0.9947854100003579, "gamma": 0.03815622127125241, "lamda": 0.1618556963452969}, "datetime": {"datetime": "2021-09-24 18:47:08", "elapsed": 700.970785, "delta": 4.686109}}
{"target": -46.430649409806875, "params": {"C": 44.84924476570674, "epsilon": 0.7544310567622867, "gamma": 0.001, "lamda": 0.21262315733099138}, "datetime": {"datetime": "2021-09-24 18:47:13", "elapsed": 705.456612, "delta": 4.485827}}
{"target": -42.95939279850156, "params": {"C": 44.840039587059984, "epsilon": 0.40706174723690364, "gamma": 0.009767838392537281, "lamda": 1.063610223361237}, "datetime": {"datetime": "2021-09-24 18:47:18", "elapsed": 710.491857, "delta": 5.035245}}
{"target": -43.20840280487693, "params": {"C": 44.90489966194932, "epsilon": 0.6170367097340178, "gamma": 0.014286715120200449, "lamda": 0.30601000502511494}, "datetime": {"datetime": "2021-09-24 18:47:23", "elapsed": 715.15432, "delta": 4.662463}}
{"target": -44.51075953737914, "params": {"C": 40.89876806020263, "epsilon": 0.7328279853182738, "gamma": 0.058568836377957366, "lamda": 0.5823941791660298}, "datetime": {"datetime": "2021-09-24 18:47:24", "elapsed": 716.991443, "delta": 1.837123}}
{"target": -43.90395098935648, "params": {"C": 28.80153569082181, "epsilon": 0.4784632477170766, "gamma": 0.03598953934534536, "lamda": 0.4646045263024853}, "datetime": {"datetime": "2021-09-24 18:47:27", "elapsed": 719.178273, "delta": 2.18683}}
{"target": -43.57735212356223, "params": {"C": 46.86522454123182, "epsilon": 0.28266763641897347, "gamma": 0.034613009306707875, "lamda": 1.1962280462367822}, "datetime": {"datetime": "2021-09-24 18:47:29", "elapsed": 721.132812, "delta": 1.954539}}
{"target": -43.13609233987611, "params": {"C": 48.18929069984371, "epsilon": 0.9557845482256881, "gamma": 0.015271565623599322, "lamda": 0.23688635393329435}, "datetime": {"datetime": "2021-09-24 18:47:35", "elapsed": 727.167286, "delta": 6.034474}}
{"target": -48.597903745812786, "params": {"C": 4.867980679768905, "epsilon": 0.78099772543828, "gamma": 0.06333001364612789, "lamda": 1.4701570317651511}, "datetime": {"datetime": "2021-09-24 18:47:37", "elapsed": 729.108181, "delta": 1.940895}}
