{"target": 0.4657827627858142, "params": {"C": 158.5178769032758, "epsilon": 0.9376633825934069, "gamma": 0.006807561970349944, "lamda": 0.8071681672427227}, "datetime": {"datetime": "2021-09-23 18:23:15", "elapsed": 47.184937, "delta": 0.617001}}
{"target": 0.4581338678936291, "params": {"C": 91.39241588019533, "epsilon": 0.8811859604098345, "gamma": 0.012887180376801772, "lamda": 0.8250740935082419}, "datetime": {"datetime": "2021-09-23 18:23:16", "elapsed": 47.749943, "delta": 0.565006}}
{"target": 0.4564449157414584, "params": {"C": 171.85409507533035, "epsilon": 0.9702123387023489, "gamma": 0.02440783420355378, "lamda": 1.0383830352560615}, "datetime": {"datetime": "2021-09-23 18:23:16", "elapsed": 48.338937, "delta": 0.588994}}
{"target": 0.4674333822744645, "params": {"C": 195.27889275778205, "epsilon": 0.9727396011463043, "gamma": 0.012085163542421293, "lamda": 0.6035579374787103}, "datetime": {"datetime": "2021-09-23 18:23:17", "elapsed": 48.925938, "delta": 0.587001}}
{"target": 0.45256629707947627, "params": {"C": 128.36722567727847, "epsilon": 0.7780786014251571, "gamma": 0.02278883474708581, "lamda": 0.8169356357500633}, "datetime": {"datetime": "2021-09-23 18:23:17", "elapsed": 49.555939, "delta": 0.630001}}
{"target": 0.4605607601435535, "params": {"C": 127.6055950748621, "epsilon": 0.9938420894950535, "gamma": 0.008694268751552292, "lamda": 0.5326425461141402}, "datetime": {"datetime": "2021-09-23 18:23:18", "elapsed": 50.088966, "delta": 0.533027}}
{"target": 0.43157617679577465, "params": {"C": 107.96834491918122, "epsilon": 0.8353742806979686, "gamma": 0.02917858219932538, "lamda": 0.5266102590803571}, "datetime": {"datetime": "2021-09-23 18:23:18", "elapsed": 50.720938, "delta": 0.631972}}
{"target": 0.46487768227677717, "params": {"C": 189.17444787462654, "epsilon": 0.9445428166322638, "gamma": 0.013332106928412524, "lamda": 0.5557620106073259}, "datetime": {"datetime": "2021-09-23 18:23:19", "elapsed": 51.369938, "delta": 0.649}}
{"target": 0.4622255469484454, "params": {"C": 144.83422601309118, "epsilon": 0.9329947326325776, "gamma": 0.018604518453202636, "lamda": 1.0316270473585163}, "datetime": {"datetime": "2021-09-23 18:23:20", "elapsed": 51.954939, "delta": 0.585001}}
{"target": 0.4423600448948818, "params": {"C": 139.7866170708844, "epsilon": 0.8972842633631168, "gamma": 0.027122989237075568, "lamda": 0.5624554148389109}, "datetime": {"datetime": "2021-09-23 18:23:20", "elapsed": 52.528938, "delta": 0.573999}}
{"target": 0.4568090959211334, "params": {"C": 182.93420174325865, "epsilon": 0.7749160719559127, "gamma": 0.02035869510809332, "lamda": 0.7212303640466233}, "datetime": {"datetime": "2021-09-23 18:23:21", "elapsed": 53.209936, "delta": 0.680998}}
{"target": 0.45740046080429275, "params": {"C": 105.68440235049283, "epsilon": 0.795828021711806, "gamma": 0.006839798267597495, "lamda": 0.7421347603849675}, "datetime": {"datetime": "2021-09-23 18:23:22", "elapsed": 53.816938, "delta": 0.607002}}
{"target": 0.4522608005967037, "params": {"C": 132.70756065301015, "epsilon": 0.7127818582893053, "gamma": 0.01476028297496262, "lamda": 0.576595965321301}, "datetime": {"datetime": "2021-09-23 18:23:22", "elapsed": 54.633939, "delta": 0.817001}}
{"target": 0.45042145659571753, "params": {"C": 161.60922721119803, "epsilon": 0.7306648369485609, "gamma": 0.02542392301200474, "lamda": 0.8438023825460479}, "datetime": {"datetime": "2021-09-23 18:23:23", "elapsed": 55.284938, "delta": 0.650999}}
{"target": 0.46741208416176727, "params": {"C": 161.7567065784849, "epsilon": 0.8255721464394743, "gamma": 0.009116729156979093, "lamda": 0.9868302935793689}, "datetime": {"datetime": "2021-09-23 18:23:24", "elapsed": 55.969938, "delta": 0.685}}
{"target": 0.4578929923930224, "params": {"C": 136.1713160067393, "epsilon": 0.8408626495410126, "gamma": 0.017862325604685775, "lamda": 0.7043871413035578}, "datetime": {"datetime": "2021-09-23 18:23:25", "elapsed": 56.819937, "delta": 0.849999}}
{"target": 0.44641768806249793, "params": {"C": 120.81523134995888, "epsilon": 0.9832438340462565, "gamma": 0.02559711480977361, "lamda": 0.5986261859803641}, "datetime": {"datetime": "2021-09-23 18:23:25", "elapsed": 57.442189, "delta": 0.622252}}
{"target": 0.467077126410683, "params": {"C": 162.2131910228136, "epsilon": 0.7753303683749723, "gamma": 0.0073477073276038175, "lamda": 0.8654592256537463}, "datetime": {"datetime": "2021-09-23 18:23:26", "elapsed": 58.04419, "delta": 0.602001}}
{"target": 0.4625938670835872, "params": {"C": 122.5388442603979, "epsilon": 0.8422142636549745, "gamma": 0.0172411385128123, "lamda": 1.040515868998415}, "datetime": {"datetime": "2021-09-23 18:23:26", "elapsed": 58.588877, "delta": 0.544687}}
{"target": 0.4672075602233863, "params": {"C": 148.15422138593576, "epsilon": 0.8335551494245544, "gamma": 0.008307598526150815, "lamda": 0.882993243680519}, "datetime": {"datetime": "2021-09-23 18:23:27", "elapsed": 59.152493, "delta": 0.563616}}
{"target": 0.4668322007275738, "params": {"C": 198.30294425475725, "epsilon": 0.7494777788225506, "gamma": 0.007174331655906953, "lamda": 0.9581845769015878}, "datetime": {"datetime": "2021-09-23 18:23:28", "elapsed": 59.781998, "delta": 0.629505}}
{"target": 0.448040238315794, "params": {"C": 113.17468454739449, "epsilon": 0.9462747693378752, "gamma": 0.018238966744838082, "lamda": 0.4871963872512516}, "datetime": {"datetime": "2021-09-23 18:23:28", "elapsed": 60.584824, "delta": 0.802826}}
{"target": 0.44948148528771803, "params": {"C": 133.5990298506562, "epsilon": 0.9990147078262315, "gamma": 0.02168521892995897, "lamda": 0.5162405587441994}, "datetime": {"datetime": "2021-09-23 18:23:29", "elapsed": 61.205827, "delta": 0.621003}}
{"target": 0.4588114081921164, "params": {"C": 114.45581518924115, "epsilon": 0.845883905802948, "gamma": 0.006496790132869591, "lamda": 0.7106565439682244}, "datetime": {"datetime": "2021-09-23 18:23:30", "elapsed": 61.954042, "delta": 0.748215}}
{"target": 0.4635727300125343, "params": {"C": 138.5371808825881, "epsilon": 0.9792120900564263, "gamma": 0.006866199563365992, "lamda": 0.9845596324315644}, "datetime": {"datetime": "2021-09-23 18:23:30", "elapsed": 62.566115, "delta": 0.612073}}
{"target": 0.45749042186744016, "params": {"C": 122.33084269929671, "epsilon": 0.7661087379445063, "gamma": 0.01424239978003682, "lamda": 0.7173858420493346}, "datetime": {"datetime": "2021-09-23 18:23:31", "elapsed": 63.253115, "delta": 0.687}}
{"target": 0.4630443136820569, "params": {"C": 159.40459459898145, "epsilon": 0.9892080823776067, "gamma": 0.017621726812772374, "lamda": 0.7799750904836735}, "datetime": {"datetime": "2021-09-23 18:23:32", "elapsed": 63.985268, "delta": 0.732153}}
{"target": 0.45292644803125426, "params": {"C": 141.25164672046316, "epsilon": 0.9747073900209937, "gamma": 0.0220213023233491, "lamda": 0.6026816883483833}, "datetime": {"datetime": "2021-09-23 18:23:32", "elapsed": 64.653573, "delta": 0.668305}}
{"target": 0.4467976217197164, "params": {"C": 146.68447841368106, "epsilon": 0.8982773343385043, "gamma": 0.020101692801262484, "lamda": 0.45856263555316185}, "datetime": {"datetime": "2021-09-23 18:23:33", "elapsed": 65.312575, "delta": 0.659002}}
{"target": 0.46749969003303504, "params": {"C": 174.88056012790577, "epsilon": 0.8304018617306449, "gamma": 0.011035222319464256, "lamda": 0.9968752598745931}, "datetime": {"datetime": "2021-09-23 18:23:34", "elapsed": 66.051397, "delta": 0.738822}}
{"target": 0.4586908917305804, "params": {"C": 139.61656026130964, "epsilon": 0.7713800985530954, "gamma": 0.019047949038669902, "lamda": 0.8674784720976252}, "datetime": {"datetime": "2021-09-23 18:23:34", "elapsed": 66.670292, "delta": 0.618895}}
{"target": 0.4442947178946165, "params": {"C": 107.10719437694033, "epsilon": 0.8059013399182122, "gamma": 0.01905475303809904, "lamda": 0.5197235952035715}, "datetime": {"datetime": "2021-09-23 18:23:35", "elapsed": 67.453523, "delta": 0.783231}}
{"target": 0.4518214224997502, "params": {"C": 176.13672433077033, "epsilon": 0.9986621636669264, "gamma": 0.02853958680444272, "lamda": 1.0060734393699364}, "datetime": {"datetime": "2021-09-23 18:23:36", "elapsed": 68.114357, "delta": 0.660834}}
{"target": 0.46685990234095986, "params": {"C": 169.84404213726157, "epsilon": 0.7819685460022134, "gamma": 0.012942312962305743, "lamda": 0.8686027102870082}, "datetime": {"datetime": "2021-09-23 18:23:37", "elapsed": 68.91218, "delta": 0.797823}}
{"target": 0.46617297257073953, "params": {"C": 177.11423927593358, "epsilon": 0.7678959464524477, "gamma": 0.014058837382594745, "lamda": 1.093443844007281}, "datetime": {"datetime": "2021-09-23 18:23:37", "elapsed": 69.696289, "delta": 0.784109}}
{"target": 0.4477087880841494, "params": {"C": 93.3409236414649, "epsilon": 0.7400225487032986, "gamma": 0.02118023448478151, "lamda": 0.824967964802654}, "datetime": {"datetime": "2021-09-23 18:23:38", "elapsed": 70.589036, "delta": 0.892747}}
{"target": 0.4543115497631427, "params": {"C": 112.85199454903088, "epsilon": 0.954272259615406, "gamma": 0.008897153104143027, "lamda": 0.4530785174708844}, "datetime": {"datetime": "2021-09-23 18:23:39", "elapsed": 71.383035, "delta": 0.793999}}
{"target": 0.4498350209138272, "params": {"C": 131.14213724982798, "epsilon": 0.7395854063730277, "gamma": 0.026079972658887805, "lamda": 0.9265406251667501}, "datetime": {"datetime": "2021-09-23 18:23:40", "elapsed": 72.213648, "delta": 0.830613}}
{"target": 0.44918668458421485, "params": {"C": 109.8362443398635, "epsilon": 0.9021502044333041, "gamma": 0.02535064338414045, "lamda": 0.7610739782253316}, "datetime": {"datetime": "2021-09-23 18:23:41", "elapsed": 73.056645, "delta": 0.842997}}
{"target": 0.45897833377389774, "params": {"C": 151.44323691023214, "epsilon": 0.8585825824130132, "gamma": 0.019062410580728262, "lamda": 0.751746416587614}, "datetime": {"datetime": "2021-09-23 18:23:42", "elapsed": 73.889649, "delta": 0.833004}}
{"target": 0.45251714756071026, "params": {"C": 110.65459742676659, "epsilon": 0.948454118870846, "gamma": 0.01592190595652303, "lamda": 0.5349374489998413}, "datetime": {"datetime": "2021-09-23 18:23:43", "elapsed": 74.821652, "delta": 0.932003}}
{"target": 0.46647600108874787, "params": {"C": 199.16258936254218, "epsilon": 0.8901080685090709, "gamma": 0.013979671401700419, "lamda": 0.8009933884222324}, "datetime": {"datetime": "2021-09-23 18:23:43", "elapsed": 75.600651, "delta": 0.778999}}
{"target": 0.46357423965272315, "params": {"C": 174.55574400008783, "epsilon": 0.9032512539796442, "gamma": 0.005740806896211146, "lamda": 0.5601016689149318}, "datetime": {"datetime": "2021-09-23 18:23:44", "elapsed": 76.565652, "delta": 0.965001}}
{"target": 0.4613787278653636, "params": {"C": 160.6148357484248, "epsilon": 0.7363180712291285, "gamma": 0.018780898989601186, "lamda": 0.9670014055387595}, "datetime": {"datetime": "2021-09-23 18:23:45", "elapsed": 77.354651, "delta": 0.788999}}
{"target": 0.46544540518427735, "params": {"C": 156.8446326954974, "epsilon": 0.8118643380477654, "gamma": 0.012679806198289895, "lamda": 0.7570806421221046}, "datetime": {"datetime": "2021-09-23 18:23:46", "elapsed": 78.136648, "delta": 0.781997}}
{"target": 0.4521803949252584, "params": {"C": 148.26608002872837, "epsilon": 0.7703041881085029, "gamma": 0.022912111595105943, "lamda": 0.7562029719971578}, "datetime": {"datetime": "2021-09-23 18:23:47", "elapsed": 79.123686, "delta": 0.987038}}
{"target": 0.4437348655131017, "params": {"C": 160.19607759557448, "epsilon": 0.7397352455880245, "gamma": 0.021566626035135567, "lamda": 0.5139737761734707}, "datetime": {"datetime": "2021-09-23 18:23:48", "elapsed": 79.98292, "delta": 0.859234}}
{"target": 0.46208783736565484, "params": {"C": 150.3966125068749, "epsilon": 0.8505214094137058, "gamma": 0.017873068903914453, "lamda": 0.8629529979679279}, "datetime": {"datetime": "2021-09-23 18:23:48", "elapsed": 80.644857, "delta": 0.661937}}
{"target": 0.44515091241452376, "params": {"C": 180.27032400851226, "epsilon": 0.7754391618437098, "gamma": 0.02515695037796507, "lamda": 0.5883114371493707}, "datetime": {"datetime": "2021-09-23 18:23:49", "elapsed": 81.30485, "delta": 0.659993}}
{"target": 0.4506565058147577, "params": {"C": 151.4786513169528, "epsilon": 0.8587012511774044, "gamma": 0.017936404616336662, "lamda": 0.4866360968816954}, "datetime": {"datetime": "2021-09-23 18:23:50", "elapsed": 82.113091, "delta": 0.808241}}
{"target": 0.46401766920707155, "params": {"C": 144.87597683203222, "epsilon": 0.737241625236967, "gamma": 0.015520952583127353, "lamda": 0.9914684092633497}, "datetime": {"datetime": "2021-09-23 18:23:51", "elapsed": 82.854765, "delta": 0.741674}}
{"target": 0.45635094178648006, "params": {"C": 199.96375286522306, "epsilon": 0.9818632433035179, "gamma": 0.02237328090583963, "lamda": 0.6234779247044311}, "datetime": {"datetime": "2021-09-23 18:23:51", "elapsed": 83.647346, "delta": 0.792581}}
{"target": 0.4581507658978763, "params": {"C": 126.68625946546514, "epsilon": 0.9909207377568112, "gamma": 0.020311484373592304, "lamda": 0.7700728215096482}, "datetime": {"datetime": "2021-09-23 18:23:52", "elapsed": 84.45296, "delta": 0.805614}}
{"target": 0.4458029865152152, "params": {"C": 122.65344263235187, "epsilon": 0.7463868047040826, "gamma": 0.023432891929990037, "lamda": 0.6911297136551368}, "datetime": {"datetime": "2021-09-23 18:23:53", "elapsed": 85.159956, "delta": 0.706996}}
{"target": 0.44792988883514007, "params": {"C": 174.90937397600072, "epsilon": 0.9851234928608033, "gamma": 0.026862018393029034, "lamda": 0.5938945524764905}, "datetime": {"datetime": "2021-09-23 18:23:54", "elapsed": 85.941813, "delta": 0.781857}}
{"target": 0.4611576337372397, "params": {"C": 136.90785259256816, "epsilon": 0.8500681048767523, "gamma": 0.008837223763172926, "lamda": 0.5927671489413918}, "datetime": {"datetime": "2021-09-23 18:23:55", "elapsed": 86.782745, "delta": 0.840932}}
{"target": 0.46835676863955766, "params": {"C": 194.19744066720006, "epsilon": 0.9604708650050625, "gamma": 0.008136662693658106, "lamda": 0.6207612541341383}, "datetime": {"datetime": "2021-09-23 18:23:55", "elapsed": 87.595466, "delta": 0.812721}}
{"target": 0.46289732080739476, "params": {"C": 135.47884284960324, "epsilon": 0.9623921220837897, "gamma": 0.015776940779264337, "lamda": 0.7459829040912651}, "datetime": {"datetime": "2021-09-23 18:23:56", "elapsed": 88.374193, "delta": 0.778727}}
{"target": 0.4564799890632143, "params": {"C": 115.16729666593403, "epsilon": 0.8975933175542113, "gamma": 0.022329186277461912, "lamda": 0.9476220439434695}, "datetime": {"datetime": "2021-09-23 18:23:57", "elapsed": 89.108832, "delta": 0.734639}}
{"target": 0.46580571092467404, "params": {"C": 182.6088689973588, "epsilon": 0.8296732027120671, "gamma": 0.007741741302329694, "lamda": 1.0552483024194923}, "datetime": {"datetime": "2021-09-23 18:23:58", "elapsed": 89.801701, "delta": 0.692869}}
{"target": 0.45337300902594324, "params": {"C": 102.04268343763167, "epsilon": 0.8927991372824983, "gamma": 0.023758642428876757, "lamda": 0.9398121827517886}, "datetime": {"datetime": "2021-09-23 18:23:58", "elapsed": 90.621599, "delta": 0.819898}}
{"target": 0.44708754182082877, "params": {"C": 95.82376745024682, "epsilon": 0.7763746367005995, "gamma": 0.022061858884951182, "lamda": 0.7878572776688904}, "datetime": {"datetime": "2021-09-23 18:23:59", "elapsed": 91.388639, "delta": 0.76704}}
{"target": 0.4665180355171409, "params": {"C": 155.29105295687168, "epsilon": 0.8049560841464087, "gamma": 0.011810282840349321, "lamda": 0.8022630063296516}, "datetime": {"datetime": "2021-09-23 18:24:00", "elapsed": 92.148938, "delta": 0.760299}}
{"target": 0.4606950825796351, "params": {"C": 168.34625278121945, "epsilon": 0.988199755644448, "gamma": 0.013140197315683715, "lamda": 0.45627831604136043}, "datetime": {"datetime": "2021-09-23 18:24:01", "elapsed": 93.050601, "delta": 0.901663}}
{"target": 0.4508782795533697, "params": {"C": 126.66805478176416, "epsilon": 0.7959231503615128, "gamma": 0.01895595098585637, "lamda": 0.6284263484190762}, "datetime": {"datetime": "2021-09-23 18:24:02", "elapsed": 93.845173, "delta": 0.794572}}
{"target": 0.46659509435912927, "params": {"C": 178.25841640706744, "epsilon": 0.7099376844470583, "gamma": 0.009792153096973453, "lamda": 0.7313657468136987}, "datetime": {"datetime": "2021-09-23 18:24:02", "elapsed": 94.708714, "delta": 0.863541}}
{"target": 0.4522273093218512, "params": {"C": 179.8226805866071, "epsilon": 0.9322818671556032, "gamma": 0.02498815839304389, "lamda": 0.6609627765186874}, "datetime": {"datetime": "2021-09-23 18:24:03", "elapsed": 95.380715, "delta": 0.672001}}
{"target": 0.4573145718097823, "params": {"C": 105.82392396283726, "epsilon": 0.8387998801437124, "gamma": 0.019603065892493478, "lamda": 0.9397494655655328}, "datetime": {"datetime": "2021-09-23 18:24:04", "elapsed": 96.287303, "delta": 0.906588}}
{"target": 0.4508107643438175, "params": {"C": 105.4589088443852, "epsilon": 0.9477996489439637, "gamma": 0.026466985907813982, "lamda": 0.8900499938156592}, "datetime": {"datetime": "2021-09-23 18:24:05", "elapsed": 97.056498, "delta": 0.769195}}
{"target": 0.44746782029604204, "params": {"C": 90.36054033194648, "epsilon": 0.7714860085572607, "gamma": 0.02067971033927477, "lamda": 0.7697623304869056}, "datetime": {"datetime": "2021-09-23 18:24:06", "elapsed": 97.799186, "delta": 0.742688}}
{"target": 0.4639747529795637, "params": {"C": 157.49191409179144, "epsilon": 0.7481817965221581, "gamma": 0.016791959066195437, "lamda": 1.0539582719278058}, "datetime": {"datetime": "2021-09-23 18:24:06", "elapsed": 98.529011, "delta": 0.729825}}
{"target": 0.4514059361792442, "params": {"C": 192.16752547075544, "epsilon": 0.9491410250028851, "gamma": 0.021083285997893136, "lamda": 0.4669912128833464}, "datetime": {"datetime": "2021-09-23 18:24:07", "elapsed": 99.332642, "delta": 0.803631}}
{"target": 0.4610115840527529, "params": {"C": 174.30432054891466, "epsilon": 0.8503582366340336, "gamma": 0.006816707043613455, "lamda": 0.4645879863555864}, "datetime": {"datetime": "2021-09-23 18:24:08", "elapsed": 100.251146, "delta": 0.918504}}
{"target": 0.44081015584771344, "params": {"C": 80.40504862115347, "epsilon": 0.7334490842601139, "gamma": 0.024362989501456274, "lamda": 0.7482554544028006}, "datetime": {"datetime": "2021-09-23 18:24:09", "elapsed": 101.001347, "delta": 0.750201}}
{"target": 0.45953783032983897, "params": {"C": 132.79808428535458, "epsilon": 0.843232165654312, "gamma": 0.005817567619214079, "lamda": 0.6429386622269848}, "datetime": {"datetime": "2021-09-23 18:24:10", "elapsed": 101.796763, "delta": 0.795416}}
{"target": 0.46458560901239876, "params": {"C": 187.4416712708672, "epsilon": 0.8095620365093026, "gamma": 0.012888858002528945, "lamda": 0.6230630543113628}, "datetime": {"datetime": "2021-09-23 18:24:10", "elapsed": 102.718653, "delta": 0.92189}}
{"target": 0.44093891732127877, "params": {"C": 88.76352760378771, "epsilon": 0.9742810442979573, "gamma": 0.02765907332339306, "lamda": 0.6607118062365068}, "datetime": {"datetime": "2021-09-23 18:24:11", "elapsed": 103.610652, "delta": 0.891999}}
{"target": 0.4603832912743564, "params": {"C": 139.2619532782183, "epsilon": 0.9387604390764077, "gamma": 0.005566901426846686, "lamda": 0.6143236569716095}, "datetime": {"datetime": "2021-09-23 18:24:12", "elapsed": 104.498234, "delta": 0.887582}}
{"target": 0.45227488695305773, "params": {"C": 96.42904300198938, "epsilon": 0.9833762003903068, "gamma": 0.00514205634377541, "lamda": 0.6245346957419132}, "datetime": {"datetime": "2021-09-23 18:24:13", "elapsed": 105.546234, "delta": 1.048}}
{"target": 0.4622305519535921, "params": {"C": 141.37377421736602, "epsilon": 0.7830019776199084, "gamma": 0.012929621050994145, "lamda": 0.7146132028918104}, "datetime": {"datetime": "2021-09-23 18:24:14", "elapsed": 106.375014, "delta": 0.82878}}
{"target": 0.4603113417696204, "params": {"C": 173.8683094958579, "epsilon": 0.9636702758273334, "gamma": 0.018969264027629558, "lamda": 0.6600195314072826}, "datetime": {"datetime": "2021-09-23 18:24:15", "elapsed": 107.223012, "delta": 0.847998}}
{"target": 0.45234983910594784, "params": {"C": 153.6239544669835, "epsilon": 0.8625393219503888, "gamma": 0.01876451540136003, "lamda": 0.5267434684286357}, "datetime": {"datetime": "2021-09-23 18:24:16", "elapsed": 108.103177, "delta": 0.880165}}
{"target": 0.4550439821379304, "params": {"C": 91.52099253919992, "epsilon": 0.9886846467676103, "gamma": 0.02399792636693809, "lamda": 1.0643698298367954}, "datetime": {"datetime": "2021-09-23 18:24:17", "elapsed": 108.925176, "delta": 0.821999}}
{"target": 0.45227521574261476, "params": {"C": 113.42085646860619, "epsilon": 0.9894610795304466, "gamma": 0.017954176909139103, "lamda": 0.5611690372991445}, "datetime": {"datetime": "2021-09-23 18:24:18", "elapsed": 109.810756, "delta": 0.88558}}
{"target": 0.45270583135279463, "params": {"C": 97.28299403900544, "epsilon": 0.878661238274967, "gamma": 0.024507244655052076, "lamda": 0.9981271486560745}, "datetime": {"datetime": "2021-09-23 18:24:18", "elapsed": 110.525635, "delta": 0.714879}}
{"target": 0.4437393909316547, "params": {"C": 196.88218792025435, "epsilon": 0.9075825009813838, "gamma": 0.029909715496418143, "lamda": 0.6209269664271784}, "datetime": {"datetime": "2021-09-23 18:24:19", "elapsed": 111.30963, "delta": 0.783995}}
{"target": 0.46195324909569246, "params": {"C": 183.74891338047624, "epsilon": 0.8765167247735104, "gamma": 0.018959441869540412, "lamda": 1.059361549556242}, "datetime": {"datetime": "2021-09-23 18:24:20", "elapsed": 112.473632, "delta": 1.164002}}
{"target": 0.45346532847680454, "params": {"C": 142.0633630988919, "epsilon": 0.8021141703394782, "gamma": 0.026525188485739835, "lamda": 1.064705130301744}, "datetime": {"datetime": "2021-09-23 18:24:21", "elapsed": 113.344626, "delta": 0.870994}}
