{"target": 0.4695629491323663, "params": {"C": 727.1576254379372, "epsilon": 0.7579763536651157, "gamma": 0.008767142708598035, "lamda": 0.5910318333602752}, "datetime": {"datetime": "2021-09-23 22:12:39", "elapsed": 594.197817, "delta": 3.985718}}
{"target": 0.46936735780497907, "params": {"C": 661.3190612362154, "epsilon": 0.7107219838062705, "gamma": 0.007489253638067337, "lamda": 0.624101370392216}, "datetime": {"datetime": "2021-09-23 22:12:43", "elapsed": 598.319971, "delta": 4.122154}}
{"target": 0.468070227115706, "params": {"C": 744.4432321190011, "epsilon": 0.9935847474088524, "gamma": 0.006470274995331639, "lamda": 0.5063207755954205}, "datetime": {"datetime": "2021-09-23 22:12:45", "elapsed": 600.752895, "delta": 2.432924}}
{"target": 0.46950821907138984, "params": {"C": 701.7347995270753, "epsilon": 0.7774720035522876, "gamma": 0.009174027073501163, "lamda": 0.5638528987248601}, "datetime": {"datetime": "2021-09-23 22:12:48", "elapsed": 603.817322, "delta": 3.064427}}
{"target": 0.46966685013771403, "params": {"C": 661.1466277385287, "epsilon": 0.7458240942197351, "gamma": 0.008145415154718429, "lamda": 0.5228256401484151}, "datetime": {"datetime": "2021-09-23 22:12:52", "elapsed": 607.615888, "delta": 3.798566}}
{"target": 0.4691446897631132, "params": {"C": 590.727315332917, "epsilon": 0.9411344351406864, "gamma": 0.009029703478369957, "lamda": 0.5938435649152478}, "datetime": {"datetime": "2021-09-23 22:12:54", "elapsed": 609.775662, "delta": 2.159774}}
{"target": 0.4679758972544765, "params": {"C": 696.5360516297458, "epsilon": 0.9591012403480819, "gamma": 0.008287017416528169, "lamda": 0.7267203621318017}, "datetime": {"datetime": "2021-09-23 22:12:57", "elapsed": 612.065607, "delta": 2.289945}}
{"target": 0.46886489251390584, "params": {"C": 692.3393293078863, "epsilon": 0.885153301568389, "gamma": 0.008360483391500473, "lamda": 0.6625829636639178}, "datetime": {"datetime": "2021-09-23 22:12:59", "elapsed": 614.415141, "delta": 2.349534}}
{"target": 0.4664444564772644, "params": {"C": 604.6689292044416, "epsilon": 0.9828801503051732, "gamma": 0.006524774624663752, "lamda": 0.6857724886390273}, "datetime": {"datetime": "2021-09-23 22:13:01", "elapsed": 616.826513, "delta": 2.411372}}
{"target": 0.46782846124675526, "params": {"C": 686.5755073753321, "epsilon": 0.8995399667192798, "gamma": 0.006015376411556276, "lamda": 0.5136809124175921}, "datetime": {"datetime": "2021-09-23 22:13:04", "elapsed": 619.584401, "delta": 2.757888}}
{"target": 0.4685468721240935, "params": {"C": 699.6605072269414, "epsilon": 0.833336501111795, "gamma": 0.009046705132154526, "lamda": 0.7962331454930891}, "datetime": {"datetime": "2021-09-23 22:13:06", "elapsed": 621.741222, "delta": 2.156821}}
{"target": 0.4696650826034925, "params": {"C": 599.4813933717578, "epsilon": 0.7020227162324166, "gamma": 0.008407553823376115, "lamda": 0.5485832632472701}, "datetime": {"datetime": "2021-09-23 22:13:08", "elapsed": 623.92904, "delta": 2.187818}}
{"target": 0.46845982328659996, "params": {"C": 594.1215471346541, "epsilon": 0.8698800924566997, "gamma": 0.008153410858417424, "lamda": 0.7244874585392505}, "datetime": {"datetime": "2021-09-23 22:13:11", "elapsed": 626.82386, "delta": 2.89482}}
{"target": 0.46625181272574756, "params": {"C": 728.069094460395, "epsilon": 0.9361648435132103, "gamma": 0.0064441876533565595, "lamda": 0.7266712944091505}, "datetime": {"datetime": "2021-09-23 22:13:14", "elapsed": 629.216199, "delta": 2.392339}}
{"target": 0.46725410424589486, "params": {"C": 733.632658143752, "epsilon": 0.7425055514060153, "gamma": 0.006372148791182838, "lamda": 0.7780692772852105}, "datetime": {"datetime": "2021-09-23 22:13:16", "elapsed": 631.916197, "delta": 2.699998}}
{"target": 0.4696443313645612, "params": {"C": 599.4557708185998, "epsilon": 0.7168118266506929, "gamma": 0.007686225099166158, "lamda": 0.5002312603226639}, "datetime": {"datetime": "2021-09-23 22:13:21", "elapsed": 636.088311, "delta": 4.172114}}
{"target": 0.4693867807392198, "params": {"C": 598.3510639870227, "epsilon": 0.8014903283568923, "gamma": 0.009551773832635804, "lamda": 0.5534078840885532}, "datetime": {"datetime": "2021-09-23 22:13:23", "elapsed": 638.291305, "delta": 2.202994}}
{"target": 0.4695847039146339, "params": {"C": 599.42616138567, "epsilon": 0.7767138471854618, "gamma": 0.008883100608676362, "lamda": 0.525659074703523}, "datetime": {"datetime": "2021-09-23 22:13:27", "elapsed": 642.424313, "delta": 4.133008}}
{"target": 0.4695578489153138, "params": {"C": 599.5551607202492, "epsilon": 0.7712188791664122, "gamma": 0.00791439790821837, "lamda": 0.5529309437487729}, "datetime": {"datetime": "2021-09-23 22:13:31", "elapsed": 646.75539, "delta": 4.331077}}
{"target": 0.4696525369494424, "params": {"C": 692.7604169294254, "epsilon": 0.7054525769201533, "gamma": 0.008483367876205745, "lamda": 0.5732404545634144}, "datetime": {"datetime": "2021-09-23 22:13:34", "elapsed": 649.494492, "delta": 2.739102}}
{"target": 0.4682300432265859, "params": {"C": 688.3689489587728, "epsilon": 0.8944934771770408, "gamma": 0.007123060392063399, "lamda": 0.6343936726705341}, "datetime": {"datetime": "2021-09-23 22:13:36", "elapsed": 651.937564, "delta": 2.443072}}
{"target": 0.467671760277626, "params": {"C": 634.2163771399711, "epsilon": 0.9211723585177318, "gamma": 0.007250629681242968, "lamda": 0.6975932041959625}, "datetime": {"datetime": "2021-09-23 22:13:39", "elapsed": 654.391364, "delta": 2.4538}}
{"target": 0.46946657223558097, "params": {"C": 599.5194763808703, "epsilon": 0.8089807897355952, "gamma": 0.009272339287270014, "lamda": 0.5035569743324586}, "datetime": {"datetime": "2021-09-23 22:13:42", "elapsed": 657.729498, "delta": 3.338134}}
{"target": 0.4691600229651134, "params": {"C": 658.7042076237822, "epsilon": 0.7100479289593538, "gamma": 0.007265054587205122, "lamda": 0.6472961619031512}, "datetime": {"datetime": "2021-09-23 22:13:45", "elapsed": 660.428614, "delta": 2.699116}}
{"target": 0.4676017139096945, "params": {"C": 700.4498477945413, "epsilon": 0.7265316245614457, "gamma": 0.006252229546039441, "lamda": 0.7263896853442973}, "datetime": {"datetime": "2021-09-23 22:13:47", "elapsed": 662.86861, "delta": 2.439996}}
{"target": 0.4680881861128128, "params": {"C": 664.7942813923872, "epsilon": 0.7660379358799065, "gamma": 0.006, "lamda": 0.5612966229837086}, "datetime": {"datetime": "2021-09-23 22:13:52", "elapsed": 667.02962, "delta": 4.16101}}
{"target": 0.46915829981382506, "params": {"C": 713.0144005656682, "epsilon": 0.7285603465831256, "gamma": 0.0075458869737064435, "lamda": 0.6699234687734047}, "datetime": {"datetime": "2021-09-23 22:13:54", "elapsed": 669.382489, "delta": 2.352869}}
{"target": 0.4685945243998947, "params": {"C": 653.9841447080121, "epsilon": 0.9568979228189296, "gamma": 0.007466507111369291, "lamda": 0.5814944169227064}, "datetime": {"datetime": "2021-09-23 22:13:56", "elapsed": 671.693935, "delta": 2.311446}}
{"target": 0.4695455503489676, "params": {"C": 675.3829854679319, "epsilon": 0.7716144236763509, "gamma": 0.009051350338615172, "lamda": 0.5479619797988907}, "datetime": {"datetime": "2021-09-23 22:13:59", "elapsed": 674.262572, "delta": 2.568637}}
{"target": 0.4693615540809749, "params": {"C": 716.6516470572744, "epsilon": 0.7204398467874608, "gamma": 0.009607418863340026, "lamda": 0.5811332192415725}, "datetime": {"datetime": "2021-09-23 22:14:02", "elapsed": 677.60093, "delta": 3.338358}}
{"target": 0.4696006223016227, "params": {"C": 727.1706721537169, "epsilon": 0.7832343829099717, "gamma": 0.008798390810044758, "lamda": 0.525717250991297}, "datetime": {"datetime": "2021-09-23 22:14:06", "elapsed": 681.27988, "delta": 3.67895}}
{"target": 0.46943987414633714, "params": {"C": 742.9796843038337, "epsilon": 0.8327169101388759, "gamma": 0.009388532416925255, "lamda": 0.5259593206083801}, "datetime": {"datetime": "2021-09-23 22:14:08", "elapsed": 683.869721, "delta": 2.589841}}
{"target": 0.46897953278144766, "params": {"C": 605.5712750151806, "epsilon": 0.9907124900953996, "gamma": 0.009392040296409419, "lamda": 0.5964819427865375}, "datetime": {"datetime": "2021-09-23 22:14:11", "elapsed": 686.156207, "delta": 2.286486}}
{"target": 0.46734137459984926, "params": {"C": 665.1400570045255, "epsilon": 0.9557482684486291, "gamma": 0.007651161968579191, "lamda": 0.7494677793167406}, "datetime": {"datetime": "2021-09-23 22:14:13", "elapsed": 688.652504, "delta": 2.496297}}
{"target": 0.46875298485566885, "params": {"C": 679.9833966771747, "epsilon": 0.7512176664024753, "gamma": 0.007509850766577168, "lamda": 0.7249437363718868}, "datetime": {"datetime": "2021-09-23 22:14:16", "elapsed": 691.039285, "delta": 2.386781}}
{"target": 0.46956534463378774, "params": {"C": 692.8133174923215, "epsilon": 0.7559578211853608, "gamma": 0.008962771828019352, "lamda": 0.5323062091431437}, "datetime": {"datetime": "2021-09-23 22:14:19", "elapsed": 694.735517, "delta": 3.696232}}
{"target": 0.46884299344008107, "params": {"C": 691.6041438121779, "epsilon": 0.9538246108572974, "gamma": 0.00794506764083711, "lamda": 0.5893895480094267}, "datetime": {"datetime": "2021-09-23 22:14:22", "elapsed": 697.292705, "delta": 2.557188}}
{"target": 0.46907667432837297, "params": {"C": 692.7252902380071, "epsilon": 0.73365153060821, "gamma": 0.007307493688730887, "lamda": 0.6507903475064198}, "datetime": {"datetime": "2021-09-23 22:14:26", "elapsed": 701.590489, "delta": 4.297784}}
{"target": 0.46946163756250137, "params": {"C": 599.4643939799399, "epsilon": 0.7953441517578952, "gamma": 0.008643608891739195, "lamda": 0.6068226552117667}, "datetime": {"datetime": "2021-09-23 22:14:31", "elapsed": 706.636497, "delta": 5.046008}}
{"target": 0.4696536251929686, "params": {"C": 626.2599469025894, "epsilon": 0.703146162023512, "gamma": 0.007744960888575257, "lamda": 0.5}, "datetime": {"datetime": "2021-09-23 22:14:37", "elapsed": 712.106102, "delta": 5.469605}}
{"target": 0.4687084420288308, "params": {"C": 605.2262729837882, "epsilon": 0.8362330909085176, "gamma": 0.009783848824526247, "lamda": 0.7718084802183374}, "datetime": {"datetime": "2021-09-23 22:14:39", "elapsed": 714.852757, "delta": 2.746655}}
{"target": 0.4694792475600198, "params": {"C": 692.8249914893247, "epsilon": 0.7410413455932398, "gamma": 0.009090814807070755, "lamda": 0.635139140972236}, "datetime": {"datetime": "2021-09-23 22:14:45", "elapsed": 720.487762, "delta": 5.635005}}
{"target": 0.46922900425572067, "params": {"C": 643.6664882529882, "epsilon": 0.8341879488460693, "gamma": 0.009850885728435723, "lamda": 0.5984375611218593}, "datetime": {"datetime": "2021-09-23 22:14:49", "elapsed": 724.318515, "delta": 3.830753}}
{"target": 0.46932059766915957, "params": {"C": 675.4055070608824, "epsilon": 0.7223990732257904, "gamma": 0.007377111293713152, "lamda": 0.6107561915531632}, "datetime": {"datetime": "2021-09-23 22:14:53", "elapsed": 728.4948, "delta": 4.176285}}
{"target": 0.46875856834614504, "params": {"C": 722.5272894836293, "epsilon": 0.7368680820731635, "gamma": 0.0077684535770261055, "lamda": 0.7687266671005746}, "datetime": {"datetime": "2021-09-23 22:14:55", "elapsed": 730.934961, "delta": 2.440161}}
{"target": 0.46732459073095634, "params": {"C": 693.2623014935505, "epsilon": 0.7996954569611265, "gamma": 0.006464112530381896, "lamda": 0.7292520607590967}, "datetime": {"datetime": "2021-09-23 22:14:58", "elapsed": 733.519061, "delta": 2.5841}}
{"target": 0.46926335631085925, "params": {"C": 707.2101984650845, "epsilon": 0.9975323859028339, "gamma": 0.008285450761236378, "lamda": 0.5145697796619265}, "datetime": {"datetime": "2021-09-23 22:15:00", "elapsed": 735.908688, "delta": 2.389627}}
{"target": 0.46941084128094024, "params": {"C": 710.7344545425669, "epsilon": 0.8649018748213736, "gamma": 0.008616312717557431, "lamda": 0.5719651449916281}, "datetime": {"datetime": "2021-09-23 22:15:03", "elapsed": 738.795638, "delta": 2.88695}}
{"target": 0.4689529565622149, "params": {"C": 718.5766132918206, "epsilon": 0.8179510552411818, "gamma": 0.009759067894993203, "lamda": 0.7299152272286351}, "datetime": {"datetime": "2021-09-23 22:15:06", "elapsed": 741.527267, "delta": 2.731629}}
{"target": 0.46937076820551116, "params": {"C": 599.5056871115763, "epsilon": 0.7197610776175162, "gamma": 0.009615718860305182, "lamda": 0.6354319004883828}, "datetime": {"datetime": "2021-09-23 22:15:11", "elapsed": 746.840224, "delta": 5.312957}}
{"target": 0.46934603825252186, "params": {"C": 590.0414220260302, "epsilon": 0.7995437841154882, "gamma": 0.007682271027307845, "lamda": 0.5786043372242634}, "datetime": {"datetime": "2021-09-23 22:15:14", "elapsed": 749.397747, "delta": 2.557523}}
{"target": 0.46858552028483635, "params": {"C": 664.673400702203, "epsilon": 0.8725719099128847, "gamma": 0.009258272072193402, "lamda": 0.7586790147279983}, "datetime": {"datetime": "2021-09-23 22:15:17", "elapsed": 752.591942, "delta": 3.194195}}
{"target": 0.46931292751510756, "params": {"C": 721.66566424706, "epsilon": 0.8334217460806173, "gamma": 0.009472435527648131, "lamda": 0.608558972070603}, "datetime": {"datetime": "2021-09-23 22:15:20", "elapsed": 755.742679, "delta": 3.150737}}
{"target": 0.46885385258446055, "params": {"C": 712.9241866892505, "epsilon": 0.9345752676032902, "gamma": 0.009064255046863349, "lamda": 0.6562862129081464}, "datetime": {"datetime": "2021-09-23 22:15:23", "elapsed": 758.036679, "delta": 2.294}}
{"target": 0.46783256153925346, "params": {"C": 735.3635090647896, "epsilon": 0.8730141976737806, "gamma": 0.0064183449051050615, "lamda": 0.6006682268370073}, "datetime": {"datetime": "2021-09-23 22:15:25", "elapsed": 760.756897, "delta": 2.720218}}
{"target": 0.46911914206922145, "params": {"C": 692.7549655319744, "epsilon": 0.7754200808048686, "gamma": 0.006863578812307969, "lamda": 0.5336922366078145}, "datetime": {"datetime": "2021-09-23 22:15:30", "elapsed": 765.629324, "delta": 4.872427}}
{"target": 0.46919714317556727, "params": {"C": 644.8021427026665, "epsilon": 0.7343804662643811, "gamma": 0.007256359431840357, "lamda": 0.6145741886230631}, "datetime": {"datetime": "2021-09-23 22:15:34", "elapsed": 769.02328, "delta": 3.393956}}
{"target": 0.46920933597797343, "params": {"C": 599.456398427611, "epsilon": 0.8638636337780048, "gamma": 0.009974162440945634, "lamda": 0.5444079581988414}, "datetime": {"datetime": "2021-09-23 22:15:38", "elapsed": 773.04751, "delta": 4.02423}}
{"target": 0.4682209116759217, "params": {"C": 709.1953289515469, "epsilon": 0.785333206644079, "gamma": 0.007659615085961601, "lamda": 0.7938820290107897}, "datetime": {"datetime": "2021-09-23 22:15:40", "elapsed": 775.487164, "delta": 2.439654}}
{"target": 0.4677415220825507, "params": {"C": 693.1294496108214, "epsilon": 0.8864122205456713, "gamma": 0.006662188370959763, "lamda": 0.639644692642074}, "datetime": {"datetime": "2021-09-23 22:15:45", "elapsed": 780.060459, "delta": 4.573295}}
{"target": 0.4695818021223135, "params": {"C": 727.0847508672714, "epsilon": 0.7863527966633573, "gamma": 0.008886743183334794, "lamda": 0.5136657118850986}, "datetime": {"datetime": "2021-09-23 22:15:50", "elapsed": 785.236322, "delta": 5.175863}}
{"target": 0.46779632481758504, "params": {"C": 593.2598926110027, "epsilon": 0.9732280155001187, "gamma": 0.00783314581715097, "lamda": 0.7020928206510496}, "datetime": {"datetime": "2021-09-23 22:15:52", "elapsed": 787.88113, "delta": 2.644808}}
{"target": 0.46902111460171747, "params": {"C": 693.7535967969967, "epsilon": 0.9993381839607897, "gamma": 0.00977332166026334, "lamda": 0.5732674555423468}, "datetime": {"datetime": "2021-09-23 22:15:55", "elapsed": 790.38774, "delta": 2.50661}}
{"target": 0.4668605282789815, "params": {"C": 599.344704855492, "epsilon": 0.961533860887851, "gamma": 0.007211371532858033, "lamda": 0.7486061921174346}, "datetime": {"datetime": "2021-09-23 22:15:58", "elapsed": 793.096807, "delta": 2.709067}}
{"target": 0.4694169373376017, "params": {"C": 727.0957277423387, "epsilon": 0.717779342237515, "gamma": 0.007045665908204098, "lamda": 0.5081081911768037}, "datetime": {"datetime": "2021-09-23 22:16:02", "elapsed": 796.994692, "delta": 3.897885}}
{"target": 0.469446723597836, "params": {"C": 692.8409375904766, "epsilon": 0.820501906542884, "gamma": 0.00854631242633965, "lamda": 0.5902859177641359}, "datetime": {"datetime": "2021-09-23 22:16:06", "elapsed": 801.439672, "delta": 4.44498}}
{"target": 0.4677369564364544, "params": {"C": 733.99698086119, "epsilon": 0.9332355712140914, "gamma": 0.007612657365802498, "lamda": 0.7191237729916096}, "datetime": {"datetime": "2021-09-23 22:16:09", "elapsed": 804.464797, "delta": 3.025125}}
{"target": 0.46923607443365334, "params": {"C": 765.698096490012, "epsilon": 0.7062255848078204, "gamma": 0.009801889409557653, "lamda": 0.7246411647615836}, "datetime": {"datetime": "2021-09-23 22:21:02", "elapsed": 0.0, "delta": 0.0}}
{"target": 0.4683851276939289, "params": {"C": 724.7760518453886, "epsilon": 0.7674389936592543, "gamma": 0.007188377188557744, "lamda": 0.7281592136596877}, "datetime": {"datetime": "2021-09-23 22:21:02", "elapsed": 0.276244, "delta": 0.276244}}
{"target": 0.4689909523747853, "params": {"C": 675.3666254843803, "epsilon": 0.726501944252203, "gamma": 0.010112158910206785, "lamda": 0.786018003858481}, "datetime": {"datetime": "2021-09-23 22:21:02", "elapsed": 0.634242, "delta": 0.357998}}
{"target": 0.4686567659454197, "params": {"C": 650.5922399491872, "epsilon": 0.853657679015733, "gamma": 0.010875725769912682, "lamda": 0.6837578200488165}, "datetime": {"datetime": "2021-09-23 22:21:03", "elapsed": 1.702942, "delta": 1.0687}}
{"target": 0.4683692298977755, "params": {"C": 758.26329761477, "epsilon": 0.78756282045119, "gamma": 0.011506644735077662, "lamda": 0.7143727350193072}, "datetime": {"datetime": "2021-09-23 22:21:04", "elapsed": 2.052658, "delta": 0.349716}}
{"target": 0.4696011319790786, "params": {"C": 684.5048946403729, "epsilon": 0.7570165886657998, "gamma": 0.008813334536474347, "lamda": 0.5398042601811711}, "datetime": {"datetime": "2021-09-23 22:21:05", "elapsed": 3.115774, "delta": 1.063116}}
{"target": 0.46777673394295605, "params": {"C": 689.1230866337047, "epsilon": 0.7591977015971454, "gamma": 0.006531353154980724, "lamda": 0.7221390185938291}, "datetime": {"datetime": "2021-09-23 22:21:05", "elapsed": 3.628531, "delta": 0.512757}}
{"target": 0.4685166548211692, "params": {"C": 684.528728856528, "epsilon": 0.7952698294432694, "gamma": 0.0073166464842939205, "lamda": 0.698209279122572}, "datetime": {"datetime": "2021-09-23 22:21:06", "elapsed": 4.018697, "delta": 0.390166}}
{"target": 0.4694153999444046, "params": {"C": 653.0669012899641, "epsilon": 0.7192299702517261, "gamma": 0.009495343042761879, "lamda": 0.6257761738145338}, "datetime": {"datetime": "2021-09-23 22:21:07", "elapsed": 5.328693, "delta": 1.309996}}
{"target": 0.4682864816053348, "params": {"C": 741.5000923757323, "epsilon": 0.9766855652883952, "gamma": 0.010256829872763835, "lamda": 0.7252684851800832}, "datetime": {"datetime": "2021-09-23 22:21:07", "elapsed": 5.773221, "delta": 0.444528}}
{"target": 0.4674458719042389, "params": {"C": 773.7949230615262, "epsilon": 0.8598938456423705, "gamma": 0.007387050364069023, "lamda": 0.7909880431628717}, "datetime": {"datetime": "2021-09-23 22:21:08", "elapsed": 6.860221, "delta": 1.087}}
{"target": 0.4693274937561045, "params": {"C": 764.6445970825205, "epsilon": 0.8225859915112113, "gamma": 0.009116365170829407, "lamda": 0.6290375636450375}, "datetime": {"datetime": "2021-09-23 22:21:09", "elapsed": 7.251218, "delta": 0.390997}}
{"target": 0.4695640472502096, "params": {"C": 656.1445980658937, "epsilon": 0.7679502324279366, "gamma": 0.007953880603861799, "lamda": 0.5564995086515991}, "datetime": {"datetime": "2021-09-23 22:21:09", "elapsed": 7.70922, "delta": 0.458002}}
{"target": 0.4694019626846808, "params": {"C": 763.25328742629, "epsilon": 0.829012730854596, "gamma": 0.008651889915045837, "lamda": 0.6019908018012083}, "datetime": {"datetime": "2021-09-23 22:21:10", "elapsed": 8.248222, "delta": 0.539002}}
{"target": 0.4679692631866934, "params": {"C": 750.4460694921454, "epsilon": 0.7756362731342391, "gamma": 0.007215344086976445, "lamda": 0.7856344723784013}, "datetime": {"datetime": "2021-09-23 22:21:11", "elapsed": 9.652222, "delta": 1.404}}
{"target": 0.4677331262961385, "params": {"C": 757.3818601794707, "epsilon": 0.7802904539501551, "gamma": 0.006543577490038474, "lamda": 0.7101394167100195}, "datetime": {"datetime": "2021-09-23 22:21:12", "elapsed": 10.095041, "delta": 0.442819}}
{"target": 0.4692083561782827, "params": {"C": 685.1897139118761, "epsilon": 0.7390900204962775, "gamma": 0.009265382653142713, "lamda": 0.7489292839443791}, "datetime": {"datetime": "2021-09-23 22:21:12", "elapsed": 10.526041, "delta": 0.431}}
{"target": 0.4693014734827914, "params": {"C": 710.7385805107975, "epsilon": 0.7131971131330989, "gamma": 0.009542615441043763, "lamda": 0.7162303331492804}, "datetime": {"datetime": "2021-09-23 22:21:13", "elapsed": 11.032049, "delta": 0.506008}}
{"target": 0.4686733718814031, "params": {"C": 721.8393602226199, "epsilon": 0.8280039006296374, "gamma": 0.009835694648809191, "lamda": 0.786973226463813}, "datetime": {"datetime": "2021-09-23 22:21:13", "elapsed": 11.554043, "delta": 0.521994}}
{"target": 0.46797870059047153, "params": {"C": 691.847424369831, "epsilon": 0.8401110031835952, "gamma": 0.006870437372429298, "lamda": 0.6761626384399125}, "datetime": {"datetime": "2021-09-23 22:21:14", "elapsed": 12.536149, "delta": 0.982106}}
{"target": 0.46862863434209157, "params": {"C": 744.1024575005042, "epsilon": 0.9506602547242674, "gamma": 0.009001073426486995, "lamda": 0.6800697164297363}, "datetime": {"datetime": "2021-09-23 22:21:16", "elapsed": 14.522979, "delta": 1.98683}}
