{"target": -47.70229991800825, "params": {"C": 6.0575000513979695, "epsilon": 0.11831318798322042, "gamma": 0.06427009545317008, "lamda": 0.5551649954857579}, "datetime": {"datetime": "2021-09-24 18:04:35", "elapsed": 192.430677, "delta": 0.959525}}
{"target": -44.06522446568012, "params": {"C": 44.91590113534669, "epsilon": 0.649709328355344, "gamma": 0.05024795673087731, "lamda": 0.405293884385262}, "datetime": {"datetime": "2021-09-24 18:04:37", "elapsed": 194.159465, "delta": 1.728788}}
{"target": -45.413145710340814, "params": {"C": 45.08904201853448, "epsilon": 0.6582348208559758, "gamma": 0.08646593143895917, "lamda": 0.2703959316076759}, "datetime": {"datetime": "2021-09-24 18:04:39", "elapsed": 196.18649, "delta": 2.027025}}
{"target": -45.19550568048343, "params": {"C": 42.490329602167265, "epsilon": 0.9493608623923306, "gamma": 0.08509193583275317, "lamda": 1.1715401345857257}, "datetime": {"datetime": "2021-09-24 18:04:40", "elapsed": 197.638419, "delta": 1.451929}}
{"target": -46.41883448040873, "params": {"C": 45.00374814236999, "epsilon": 0.5165353443753616, "gamma": 0.001, "lamda": 0.43558656850376437}, "datetime": {"datetime": "2021-09-24 18:04:42", "elapsed": 199.215756, "delta": 1.577337}}
{"target": -43.091009796035486, "params": {"C": 32.76950759322311, "epsilon": 0.4103947354514627, "gamma": 0.010445049381457266, "lamda": 0.8883905430829547}, "datetime": {"datetime": "2021-09-24 18:04:43", "elapsed": 200.891576, "delta": 1.67582}}
{"target": -44.81406474765118, "params": {"C": 12.194503773561236, "epsilon": 0.762922852961781, "gamma": 0.0428928242228417, "lamda": 1.461375691847827}, "datetime": {"datetime": "2021-09-24 18:04:44", "elapsed": 201.817257, "delta": 0.925681}}
{"target": -46.645836744144866, "params": {"C": 32.783703996083226, "epsilon": 0.5197476984785223, "gamma": 0.001349854735517536, "lamda": 0.9334425162716748}, "datetime": {"datetime": "2021-09-24 18:04:46", "elapsed": 203.491517, "delta": 1.67426}}
{"target": -45.290308762601, "params": {"C": 32.84273702107109, "epsilon": 0.2815913511295283, "gamma": 0.0796649197861213, "lamda": 0.8405797412369467}, "datetime": {"datetime": "2021-09-24 18:04:48", "elapsed": 205.218518, "delta": 1.727001}}
{"target": -46.44245814764205, "params": {"C": 45.03041715213277, "epsilon": 0.7214725859252424, "gamma": 0.001, "lamda": 0.3959283661660799}, "datetime": {"datetime": "2021-09-24 18:04:50", "elapsed": 207.451256, "delta": 2.232738}}
{"target": -46.157522549627906, "params": {"C": 47.9253544228409, "epsilon": 0.7072486388062633, "gamma": 0.001, "lamda": 0.15770210774035062}, "datetime": {"datetime": "2021-09-24 18:04:52", "elapsed": 209.123643, "delta": 1.672387}}
{"target": -46.06666132091847, "params": {"C": 23.163542421983177, "epsilon": 0.8811063944752773, "gamma": 0.0954805749952072, "lamda": 0.9981189119138373}, "datetime": {"datetime": "2021-09-24 18:04:52", "elapsed": 210.029613, "delta": 0.90597}}
{"target": -44.24170214662494, "params": {"C": 24.823952912529503, "epsilon": 0.5054818630310872, "gamma": 0.046191337530434626, "lamda": 0.2218842533362842}, "datetime": {"datetime": "2021-09-24 18:04:54", "elapsed": 211.835461, "delta": 1.805848}}
{"target": -43.70967583615278, "params": {"C": 46.25634890227114, "epsilon": 0.33401673848156543, "gamma": 0.038856837762557654, "lamda": 0.7882368431208683}, "datetime": {"datetime": "2021-09-24 18:04:55", "elapsed": 212.804728, "delta": 0.969267}}
{"target": -43.68041439601573, "params": {"C": 31.207788784200915, "epsilon": 0.9029758496113561, "gamma": 0.028092168513341793, "lamda": 0.007920587129276175}, "datetime": {"datetime": "2021-09-24 18:04:56", "elapsed": 213.867363, "delta": 1.062635}}
{"target": -43.766403310280644, "params": {"C": 31.467395400430796, "epsilon": 0.7713128169347315, "gamma": 0.038968636165679214, "lamda": 0.7667255489905964}, "datetime": {"datetime": "2021-09-24 18:04:57", "elapsed": 214.848208, "delta": 0.980845}}
{"target": -45.15242785907882, "params": {"C": 32.76004141477419, "epsilon": 0.3826638248754507, "gamma": 0.07529316831547392, "lamda": 0.8455225569291553}, "datetime": {"datetime": "2021-09-24 18:04:59", "elapsed": 216.728303, "delta": 1.880095}}
{"target": -44.0956350052971, "params": {"C": 16.845195246076422, "epsilon": 0.13080834631528587, "gamma": 0.03109516999503564, "lamda": 0.38605568346755104}, "datetime": {"datetime": "2021-09-24 18:05:00", "elapsed": 217.837602, "delta": 1.109299}}
{"target": -43.22346239066037, "params": {"C": 25.806883426504207, "epsilon": 0.48518054082548945, "gamma": 0.011650998422031072, "lamda": 1.1246902798170553}, "datetime": {"datetime": "2021-09-24 18:05:02", "elapsed": 219.350257, "delta": 1.512655}}
{"target": -47.234045307594904, "params": {"C": 42.544125553532396, "epsilon": 0.8238748626812709, "gamma": 0.001, "lamda": 1.0674013980701431}, "datetime": {"datetime": "2021-09-24 18:05:03", "elapsed": 221.010095, "delta": 1.659838}}
{"target": -43.12216184607051, "params": {"C": 48.33904947956016, "epsilon": 0.8582054130436574, "gamma": 0.018945220335544157, "lamda": 0.3514408487571149}, "datetime": {"datetime": "2021-09-24 18:05:04", "elapsed": 221.981141, "delta": 0.971046}}
{"target": -43.48349765403443, "params": {"C": 25.726706643307796, "epsilon": 0.5188015103137315, "gamma": 0.007091421484344458, "lamda": 1.1232283059545236}, "datetime": {"datetime": "2021-09-24 18:05:07", "elapsed": 224.187909, "delta": 2.206768}}
{"target": -46.109723258772114, "params": {"C": 48.52448407834275, "epsilon": 0.863447774725783, "gamma": 0.001, "lamda": 0.21416703840503273}, "datetime": {"datetime": "2021-09-24 18:05:08", "elapsed": 225.979973, "delta": 1.792064}}
{"target": -46.101138033343254, "params": {"C": 18.89462444983629, "epsilon": 0.640508186309292, "gamma": 0.0916587820290268, "lamda": 1.3849056692375918}, "datetime": {"datetime": "2021-09-24 18:05:10", "elapsed": 227.827033, "delta": 1.84706}}
{"target": -44.41531630455979, "params": {"C": 20.189918165466068, "epsilon": 0.8650380763559703, "gamma": 0.05035276952353805, "lamda": 0.8210791930587713}, "datetime": {"datetime": "2021-09-24 18:05:11", "elapsed": 228.796829, "delta": 0.969796}}
{"target": -45.60647460457715, "params": {"C": 41.71843668338031, "epsilon": 0.43368844799135303, "gamma": 0.09876891393162326, "lamda": 1.279178727902998}, "datetime": {"datetime": "2021-09-24 18:05:12", "elapsed": 229.747183, "delta": 0.950354}}
{"target": -45.47096687876275, "params": {"C": 48.21190262571409, "epsilon": 0.9702759116042746, "gamma": 0.08924551500586078, "lamda": 0.10319352357372859}, "datetime": {"datetime": "2021-09-24 18:05:14", "elapsed": 231.445913, "delta": 1.69873}}
{"target": -44.75244384849881, "params": {"C": 35.17607806532915, "epsilon": 0.8125311661421398, "gamma": 0.06828523180366819, "lamda": 1.0907859875391333}, "datetime": {"datetime": "2021-09-24 18:05:15", "elapsed": 232.404758, "delta": 0.958845}}
{"target": -43.32851121335215, "params": {"C": 44.94736226920661, "epsilon": 0.5923554587983206, "gamma": 0.01887668525663557, "lamda": 0.2797422578791937}, "datetime": {"datetime": "2021-09-24 18:05:17", "elapsed": 234.39145, "delta": 1.986692}}
{"target": -43.31681854601073, "params": {"C": 25.852769841017945, "epsilon": 0.46821757803967123, "gamma": 0.016243619662552097, "lamda": 1.2514954744757445}, "datetime": {"datetime": "2021-09-24 18:05:19", "elapsed": 236.519833, "delta": 2.128383}}
{"target": -46.019095185209196, "params": {"C": 25.899704314025616, "epsilon": 0.4143229245761061, "gamma": 0.09825297324710722, "lamda": 1.1889219219240867}, "datetime": {"datetime": "2021-09-24 18:05:20", "elapsed": 238.021753, "delta": 1.50192}}
{"target": -51.20611002037757, "params": {"C": 3.7309000456296353, "epsilon": 0.5106359171285951, "gamma": 0.08485946326559911, "lamda": 0.38969179486109135}, "datetime": {"datetime": "2021-09-24 18:05:22", "elapsed": 239.163842, "delta": 1.142089}}
{"target": -45.552782576904924, "params": {"C": 25.786785989135073, "epsilon": 0.5839436427488275, "gamma": 0.08391228618679977, "lamda": 1.2753237151714856}, "datetime": {"datetime": "2021-09-24 18:05:23", "elapsed": 240.733006, "delta": 1.569164}}
{"target": -43.41773015116382, "params": {"C": 42.33643247526261, "epsilon": 0.8383162770541468, "gamma": 0.030941176150297674, "lamda": 1.1738287989538045}, "datetime": {"datetime": "2021-09-24 18:05:25", "elapsed": 242.717902, "delta": 1.984896}}
{"target": -43.45243780931783, "params": {"C": 31.808370131342922, "epsilon": 0.4513031184910408, "gamma": 0.02425509968500846, "lamda": 0.8803844455395183}, "datetime": {"datetime": "2021-09-24 18:05:27", "elapsed": 244.457104, "delta": 1.739202}}
{"target": -45.677990692160726, "params": {"C": 29.344858416900777, "epsilon": 0.211466043982564, "gamma": 0.09373429852868305, "lamda": 0.7248914939472821}, "datetime": {"datetime": "2021-09-24 18:05:28", "elapsed": 245.464435, "delta": 1.007331}}
{"target": -44.37917829354536, "params": {"C": 23.819806570883674, "epsilon": 0.5827412239273695, "gamma": 0.050026377731609235, "lamda": 0.44509074870772675}, "datetime": {"datetime": "2021-09-24 18:05:29", "elapsed": 246.712518, "delta": 1.248083}}
{"target": -43.84712601745172, "params": {"C": 25.728713450712757, "epsilon": 0.18626428740447212, "gamma": 0.005444962735182178, "lamda": 0.8458148385114935}, "datetime": {"datetime": "2021-09-24 18:05:30", "elapsed": 247.849574, "delta": 1.137056}}
{"target": -43.521417225221384, "params": {"C": 31.69609081874488, "epsilon": 0.4783468533365597, "gamma": 0.02946152341687557, "lamda": 0.8208630347000334}, "datetime": {"datetime": "2021-09-24 18:05:33", "elapsed": 250.137567, "delta": 2.287993}}
{"target": -43.527080657031725, "params": {"C": 46.09178207583254, "epsilon": 0.5607648511027321, "gamma": 0.03355877851069218, "lamda": 0.4470053602456684}, "datetime": {"datetime": "2021-09-24 18:05:34", "elapsed": 251.22857, "delta": 1.091003}}
{"target": -44.811517248580095, "params": {"C": 42.40833550836971, "epsilon": 0.8399879180179985, "gamma": 0.07444684463472609, "lamda": 1.2188572094590784}, "datetime": {"datetime": "2021-09-24 18:05:35", "elapsed": 252.98358, "delta": 1.75501}}
{"target": -47.81653333908012, "params": {"C": 32.87369961121195, "epsilon": 0.37817068814172394, "gamma": 0.001, "lamda": 0.9118142650682755}, "datetime": {"datetime": "2021-09-24 18:05:37", "elapsed": 255.017263, "delta": 2.033683}}
{"target": -44.746862894158795, "params": {"C": 31.79872399168556, "epsilon": 0.3007538561614319, "gamma": 0.06424708632746991, "lamda": 0.9090929747361643}, "datetime": {"datetime": "2021-09-24 18:05:40", "elapsed": 257.269314, "delta": 2.252051}}
{"target": -43.34094635441924, "params": {"C": 31.745034627435203, "epsilon": 0.42700123582852245, "gamma": 0.01724773722162974, "lamda": 0.7031781360022132}, "datetime": {"datetime": "2021-09-24 18:05:42", "elapsed": 259.152322, "delta": 1.883008}}
{"target": -43.766026106211974, "params": {"C": 40.64866015747424, "epsilon": 0.23582817402709716, "gamma": 0.0392772378262169, "lamda": 1.4790496505699497}, "datetime": {"datetime": "2021-09-24 18:05:43", "elapsed": 260.207316, "delta": 1.054994}}
{"target": -43.428094819781876, "params": {"C": 31.844071785980137, "epsilon": 0.4241628189141736, "gamma": 0.020582201431561704, "lamda": 0.6850477389238121}, "datetime": {"datetime": "2021-09-24 18:05:45", "elapsed": 262.342466, "delta": 2.13515}}
{"target": -47.83105432622995, "params": {"C": 32.754135986362364, "epsilon": 0.45768095364778644, "gamma": 0.001, "lamda": 0.776168087257875}, "datetime": {"datetime": "2021-09-24 18:05:47", "elapsed": 264.404989, "delta": 2.062523}}
{"target": -44.87241311477131, "params": {"C": 31.770023760551126, "epsilon": 0.5492719097053314, "gamma": 0.06770508386887111, "lamda": 0.8023534300113175}, "datetime": {"datetime": "2021-09-24 18:05:49", "elapsed": 266.071011, "delta": 1.666022}}
{"target": -47.97906063356123, "params": {"C": 31.700904231190776, "epsilon": 0.4154291290521249, "gamma": 0.001, "lamda": 0.9193232635671293}, "datetime": {"datetime": "2021-09-24 18:05:51", "elapsed": 268.391013, "delta": 2.320002}}
{"target": -44.1148891240788, "params": {"C": 31.834914128281373, "epsilon": 0.329636980172552, "gamma": 0.04826722974161858, "lamda": 0.7800448919347439}, "datetime": {"datetime": "2021-09-24 18:05:53", "elapsed": 270.581021, "delta": 2.190008}}
{"target": -45.77481603748828, "params": {"C": 44.972248109706975, "epsilon": 0.5832532047099368, "gamma": 0.1, "lamda": 0.32868117970499694}, "datetime": {"datetime": "2021-09-24 18:05:55", "elapsed": 272.577729, "delta": 1.996708}}
{"target": -44.51210586089002, "params": {"C": 31.857068228239342, "epsilon": 0.4305085679277681, "gamma": 0.05829001028844612, "lamda": 0.7547066168066228}, "datetime": {"datetime": "2021-09-24 18:05:57", "elapsed": 274.283543, "delta": 1.705814}}
{"target": -44.94513472634826, "params": {"C": 29.829046931546873, "epsilon": 0.6196304924052002, "gamma": 0.0737653040505775, "lamda": 0.03086580484775105}, "datetime": {"datetime": "2021-09-24 18:05:58", "elapsed": 275.455771, "delta": 1.172228}}
{"target": -45.55356528953844, "params": {"C": 7.73467753861565, "epsilon": 0.9038650572709301, "gamma": 0.011727473916174416, "lamda": 1.0501601614703797}, "datetime": {"datetime": "2021-09-24 18:05:59", "elapsed": 276.561177, "delta": 1.105406}}
{"target": -45.222614155969325, "params": {"C": 31.676642864540007, "epsilon": 0.4212668656728454, "gamma": 0.07738656856853551, "lamda": 0.7262986588361038}, "datetime": {"datetime": "2021-09-24 18:06:01", "elapsed": 278.709395, "delta": 2.148218}}
{"target": -44.28716614684992, "params": {"C": 47.767109767164946, "epsilon": 0.7848677278000348, "gamma": 0.05539527358875079, "lamda": 0.07434730530754069}, "datetime": {"datetime": "2021-09-24 18:06:03", "elapsed": 280.9265, "delta": 2.217105}}
{"target": -49.00168720839241, "params": {"C": 24.86720870998656, "epsilon": 0.6239435770274954, "gamma": 0.001, "lamda": 0.23238164748282175}, "datetime": {"datetime": "2021-09-24 18:06:06", "elapsed": 283.132528, "delta": 2.206028}}
{"target": -47.94636587454176, "params": {"C": 31.78006010975512, "epsilon": 0.34151508000142794, "gamma": 0.001, "lamda": 0.6961535621716702}, "datetime": {"datetime": "2021-09-24 18:06:08", "elapsed": 285.333782, "delta": 2.201254}}
{"target": -43.24736393620966, "params": {"C": 43.92251064364445, "epsilon": 0.8656967351196462, "gamma": 0.011189572785245884, "lamda": 0.0775913078849602}, "datetime": {"datetime": "2021-09-24 18:06:09", "elapsed": 286.678332, "delta": 1.34455}}
{"target": -44.533147459103716, "params": {"C": 18.694143787354882, "epsilon": 0.014319073083850331, "gamma": 0.0516798372679769, "lamda": 1.1985556923912772}, "datetime": {"datetime": "2021-09-24 18:06:10", "elapsed": 287.835117, "delta": 1.156785}}
{"target": -44.62068122063443, "params": {"C": 35.29227544801128, "epsilon": 0.5188323702860256, "gamma": 0.06210938612613051, "lamda": 0.6031712924376811}, "datetime": {"datetime": "2021-09-24 18:06:11", "elapsed": 288.92492, "delta": 1.089803}}
{"target": -43.47061115270248, "params": {"C": 25.521315175203856, "epsilon": 0.30468236712725194, "gamma": 0.019733915885423062, "lamda": 1.1723019680247506}, "datetime": {"datetime": "2021-09-24 18:06:14", "elapsed": 291.225462, "delta": 2.300542}}
{"target": -47.960583658577484, "params": {"C": 31.770824197937575, "epsilon": 0.457694346817899, "gamma": 0.001, "lamda": 0.7784420514131524}, "datetime": {"datetime": "2021-09-24 18:06:16", "elapsed": 293.781558, "delta": 2.556096}}
{"target": -43.95155164093676, "params": {"C": 47.828210232184496, "epsilon": 0.8603730629649875, "gamma": 0.046777320966643554, "lamda": 0.1874927623023252}, "datetime": {"datetime": "2021-09-24 18:06:19", "elapsed": 296.083137, "delta": 2.301579}}
{"target": -43.61643366999185, "params": {"C": 48.04933723426488, "epsilon": 0.6871761721862518, "gamma": 0.03459783370491344, "lamda": 0.2179531425953188}, "datetime": {"datetime": "2021-09-24 18:06:20", "elapsed": 297.987624, "delta": 1.904487}}
{"target": -43.88492259659636, "params": {"C": 48.025482789458, "epsilon": 0.6993315358379165, "gamma": 0.0025487359522431245, "lamda": 0.27839260304631586}, "datetime": {"datetime": "2021-09-24 18:06:22", "elapsed": 299.536628, "delta": 1.549004}}
{"target": -43.471134545248404, "params": {"C": 25.724384669101603, "epsilon": 0.18226316001690795, "gamma": 0.009551493450063512, "lamda": 0.9495225137605898}, "datetime": {"datetime": "2021-09-24 18:06:24", "elapsed": 301.768929, "delta": 2.232301}}
{"target": -43.28593993016371, "params": {"C": 43.85914721121563, "epsilon": 0.8845278373071153, "gamma": 0.01565014465538511, "lamda": 0.12263691131976301}, "datetime": {"datetime": "2021-09-24 18:06:26", "elapsed": 303.921031, "delta": 2.152102}}
{"target": -45.522287206178945, "params": {"C": 26.937133162717576, "epsilon": 0.45527382486404167, "gamma": 0.0846112566798957, "lamda": 1.1421068529195562}, "datetime": {"datetime": "2021-09-24 18:06:28", "elapsed": 305.084995, "delta": 1.163964}}
{"target": -43.72401750999976, "params": {"C": 25.750467958915344, "epsilon": 0.44428880391664444, "gamma": 0.034956439321991786, "lamda": 1.1413702198770248}, "datetime": {"datetime": "2021-09-24 18:06:30", "elapsed": 307.880563, "delta": 2.795568}}
{"target": -45.639280520249166, "params": {"C": 25.66935363526085, "epsilon": 0.2564131912953616, "gamma": 0.090266225611999, "lamda": 0.932184532603399}, "datetime": {"datetime": "2021-09-24 18:06:32", "elapsed": 310.045581, "delta": 2.165018}}
{"target": -43.83779220241622, "params": {"C": 38.341567538957065, "epsilon": 0.005789595765532367, "gamma": 0.03363181229120546, "lamda": 0.9727821789000256}, "datetime": {"datetime": "2021-09-24 18:06:36", "elapsed": 313.235979, "delta": 3.190398}}
{"target": -48.89954499387546, "params": {"C": 25.657735368264643, "epsilon": 0.3288304184659549, "gamma": 0.001, "lamda": 1.0409297647477076}, "datetime": {"datetime": "2021-09-24 18:06:38", "elapsed": 315.6336, "delta": 2.397621}}
{"target": -44.07994634349773, "params": {"C": 25.799501786565934, "epsilon": 0.5138930002469446, "gamma": 0.04515547364858168, "lamda": 1.0753186808893989}, "datetime": {"datetime": "2021-09-24 18:06:40", "elapsed": 317.84848, "delta": 2.21488}}
{"target": -46.84825435995662, "params": {"C": 7.322732172769432, "epsilon": 0.38105816222958583, "gamma": 0.06008462853585381, "lamda": 1.0415197533167606}, "datetime": {"datetime": "2021-09-24 18:06:41", "elapsed": 318.976741, "delta": 1.128261}}
{"target": -44.25453920352804, "params": {"C": 17.441054264737808, "epsilon": 0.5864539411660202, "gamma": 0.03918609288664717, "lamda": 1.2283125005709068}, "datetime": {"datetime": "2021-09-24 18:06:43", "elapsed": 320.189585, "delta": 1.212844}}
{"target": -43.9079729860486, "params": {"C": 31.775803731614563, "epsilon": 0.4612863866636034, "gamma": 0.042807570333661775, "lamda": 0.6490355333704708}, "datetime": {"datetime": "2021-09-24 18:06:45", "elapsed": 322.337794, "delta": 2.148209}}
{"target": -43.11136959988357, "params": {"C": 48.38424402107342, "epsilon": 0.8908516136817594, "gamma": 0.010538029540662845, "lamda": 0.22981639294300882}, "datetime": {"datetime": "2021-09-24 18:06:48", "elapsed": 325.175764, "delta": 2.83797}}
{"target": -45.599608412096444, "params": {"C": 31.891093390577428, "epsilon": 0.6694810483139467, "gamma": 0.09099090070493503, "lamda": 1.1884351570145621}, "datetime": {"datetime": "2021-09-24 18:06:49", "elapsed": 326.371067, "delta": 1.195303}}
{"target": -45.346164780124965, "params": {"C": 25.803280002851096, "epsilon": 0.4909005305703603, "gamma": 0.002600493261897245, "lamda": 1.2084925431143252}, "datetime": {"datetime": "2021-09-24 18:06:51", "elapsed": 328.641733, "delta": 2.270666}}
{"target": -43.480751969003975, "params": {"C": 48.40033553614558, "epsilon": 0.8752883622976799, "gamma": 0.0030919365188208647, "lamda": 0.2788156907028729}, "datetime": {"datetime": "2021-09-24 18:06:54", "elapsed": 331.074492, "delta": 2.432759}}
{"target": -44.02037785192584, "params": {"C": 18.30470925767331, "epsilon": 0.19316682045124414, "gamma": 0.03204600395592705, "lamda": 0.8369473553708273}, "datetime": {"datetime": "2021-09-24 18:06:55", "elapsed": 332.334187, "delta": 1.259695}}
{"target": -47.162896297762586, "params": {"C": 11.257487671356827, "epsilon": 0.6596886575327346, "gamma": 0.09349674352027021, "lamda": 0.2910269048387738}, "datetime": {"datetime": "2021-09-24 18:06:56", "elapsed": 333.595904, "delta": 1.261717}}
{"target": -43.79611108336057, "params": {"C": 38.440794571672015, "epsilon": 0.08572377460233913, "gamma": 0.02884369791825119, "lamda": 1.0577335679282722}, "datetime": {"datetime": "2021-09-24 18:06:58", "elapsed": 335.609986, "delta": 2.014082}}
{"target": -44.82651649600595, "params": {"C": 42.8227952512708, "epsilon": 0.4222743928479216, "gamma": 0.07087728976162783, "lamda": 1.4861427887142793}, "datetime": {"datetime": "2021-09-24 18:07:01", "elapsed": 338.40834, "delta": 2.798354}}
{"target": -44.32416092943364, "params": {"C": 43.859343938010575, "epsilon": 0.8924052687772539, "gamma": 0.05460118187867123, "lamda": 0.01876628207580887}, "datetime": {"datetime": "2021-09-24 18:07:03", "elapsed": 340.618301, "delta": 2.209961}}
{"target": -43.63039331896605, "params": {"C": 35.5528799992375, "epsilon": 0.36712926395139484, "gamma": 0.03310819928018514, "lamda": 0.815866809118797}, "datetime": {"datetime": "2021-09-24 18:07:04", "elapsed": 341.8193, "delta": 1.200999}}
{"target": -43.83583064132498, "params": {"C": 48.303375381577176, "epsilon": 0.8507598041070641, "gamma": 0.04356421750989284, "lamda": 0.23860402171530382}, "datetime": {"datetime": "2021-09-24 18:07:07", "elapsed": 344.450345, "delta": 2.631045}}
{"target": -47.515045626814164, "params": {"C": 42.354838593496325, "epsilon": 0.9134443990439148, "gamma": 0.001, "lamda": 1.1703537662881605}, "datetime": {"datetime": "2021-09-24 18:07:10", "elapsed": 347.15331, "delta": 2.702965}}
