{"target": 0.4694527561646846, "params": {"C": 714.4101946472957, "epsilon": 0.7100479289593538, "gamma": 0.007897581880807683, "lamda": 0.6472961619031512}, "datetime": {"datetime": "2021-09-23 22:33:13", "elapsed": 731.460169, "delta": 2.105047}}
{"target": 0.467775383430033, "params": {"C": 753.5467323073824, "epsilon": 0.7265316245614457, "gamma": 0.006378344319059161, "lamda": 0.7263896853442973}, "datetime": {"datetime": "2021-09-23 22:33:16", "elapsed": 734.11019, "delta": 2.650021}}
{"target": 0.46870983005011213, "params": {"C": 749.6583327344033, "epsilon": 0.8328598585308884, "gamma": 0.006777453790027273, "lamda": 0.5605152945634211}, "datetime": {"datetime": "2021-09-23 22:33:18", "elapsed": 736.802231, "delta": 2.692041}}
{"target": 0.4694284376698342, "params": {"C": 765.3260005303139, "epsilon": 0.7285603465831256, "gamma": 0.008318830460559664, "lamda": 0.6699234687734047}, "datetime": {"datetime": "2021-09-23 22:33:21", "elapsed": 739.941274, "delta": 3.139043}}
{"target": 0.46899064591368955, "params": {"C": 709.9851356637614, "epsilon": 0.9568979228189296, "gamma": 0.008199760667053937, "lamda": 0.5814944169227064}, "datetime": {"datetime": "2021-09-23 22:33:25", "elapsed": 743.044268, "delta": 3.102994}}
{"target": 0.468810420271639, "params": {"C": 730.0465488761862, "epsilon": 0.7716144236763509, "gamma": 0.010577025507922758, "lamda": 0.5479619797988907}, "datetime": {"datetime": "2021-09-23 22:33:28", "elapsed": 746.074329, "delta": 3.030061}}
{"target": 0.4681321176771207, "params": {"C": 768.7359191161947, "epsilon": 0.7204398467874608, "gamma": 0.01141112829501004, "lamda": 0.5811332192415725}, "datetime": {"datetime": "2021-09-23 22:33:31", "elapsed": 749.427854, "delta": 3.353525}}
{"target": 0.4694355430712548, "params": {"C": 653.6006450399524, "epsilon": 0.7524620778676049, "gamma": 0.009399805098934734, "lamda": 0.5524219516449913}, "datetime": {"datetime": "2021-09-23 22:33:34", "elapsed": 752.008903, "delta": 2.581049}}
{"target": 0.4684798769867127, "params": {"C": 793.4184540348441, "epsilon": 0.8327169101388759, "gamma": 0.011082798625387882, "lamda": 0.5259593206083801}, "datetime": {"datetime": "2021-09-23 22:33:36", "elapsed": 754.877896, "delta": 2.868993}}
{"target": 0.4685243728143502, "params": {"C": 664.5980703267318, "epsilon": 0.9907124900953996, "gamma": 0.011088060444614127, "lamda": 0.5964819427865375}, "datetime": {"datetime": "2021-09-23 22:33:39", "elapsed": 757.378212, "delta": 2.500316}}
{"target": 0.4679158231857634, "params": {"C": 720.4438034417426, "epsilon": 0.9557482684486291, "gamma": 0.008476742952868786, "lamda": 0.7494677793167406}, "datetime": {"datetime": "2021-09-23 22:33:41", "elapsed": 759.847073, "delta": 2.468861}}
{"target": 0.46912783833555627, "params": {"C": 734.3594343848513, "epsilon": 0.7512176664024753, "gamma": 0.008264776149865751, "lamda": 0.7249437363718868}, "datetime": {"datetime": "2021-09-23 22:33:44", "elapsed": 762.250026, "delta": 2.402953}}
{"target": 0.46717369127482644, "params": {"C": 736.7417367880211, "epsilon": 0.977158750660681, "gamma": 0.00717929995676447, "lamda": 0.7013671585572447}, "datetime": {"datetime": "2021-09-23 22:33:47", "elapsed": 765.552536, "delta": 3.30251}}
{"target": 0.46911848423687064, "params": {"C": 745.2538848239168, "epsilon": 0.9538246108572974, "gamma": 0.008917601461255663, "lamda": 0.5893895480094267}, "datetime": {"datetime": "2021-09-23 22:33:49", "elapsed": 767.656209, "delta": 2.103673}}
{"target": 0.46918932157887006, "params": {"C": 765.9406758010717, "epsilon": 0.713596644249282, "gamma": 0.009930970041700016, "lamda": 0.5752902302747444}, "datetime": {"datetime": "2021-09-23 22:33:52", "elapsed": 770.266197, "delta": 2.609988}}
{"target": 0.4679735541314033, "params": {"C": 739.8372538567901, "epsilon": 0.8174424926971249, "gamma": 0.0065423317571879965, "lamda": 0.6447441173665635}, "datetime": {"datetime": "2021-09-23 22:33:55", "elapsed": 773.568233, "delta": 3.302036}}
{"target": 0.4692064942876416, "params": {"C": 758.1212190786206, "epsilon": 0.7326063676298075, "gamma": 0.009606053089696275, "lamda": 0.7348555890055818}, "datetime": {"datetime": "2021-09-23 22:33:58", "elapsed": 776.404257, "delta": 2.836024}}
{"target": 0.4681202112908406, "params": {"C": 664.2746309223015, "epsilon": 0.8362330909085176, "gamma": 0.01167577323678937, "lamda": 0.7718084802183374}, "datetime": {"datetime": "2021-09-23 22:34:00", "elapsed": 778.844218, "delta": 2.439961}}
{"target": 0.4694005970373337, "params": {"C": 794.8624734498328, "epsilon": 0.7443525383972237, "gamma": 0.00948430551801107, "lamda": 0.5543583735792234}, "datetime": {"datetime": "2021-09-23 22:34:03", "elapsed": 781.609218, "delta": 2.765}}
{"target": 0.46812640160991303, "params": {"C": 700.3123327371763, "epsilon": 0.8341879488460693, "gamma": 0.011776328592653585, "lamda": 0.5984375611218593}, "datetime": {"datetime": "2021-09-23 22:34:06", "elapsed": 784.864543, "delta": 3.255325}}
{"target": 0.4687766373852782, "params": {"C": 750.8129261180444, "epsilon": 0.751887831169868, "gamma": 0.010667885164642898, "lamda": 0.7675959492146344}, "datetime": {"datetime": "2021-09-23 22:34:09", "elapsed": 787.016489, "delta": 2.151946}}
{"target": 0.4691028754917075, "params": {"C": 774.2443338909025, "epsilon": 0.7368680820731635, "gamma": 0.008652680365539159, "lamda": 0.7687266671005746}, "datetime": {"datetime": "2021-09-23 22:34:11", "elapsed": 789.349218, "delta": 2.332729}}
{"target": 0.4676427106726585, "params": {"C": 746.8084076502035, "epsilon": 0.7996954569611265, "gamma": 0.0066961687955728435, "lamda": 0.7292520607590967}, "datetime": {"datetime": "2021-09-23 22:34:13", "elapsed": 791.599603, "delta": 2.250385}}
{"target": 0.4692890994286789, "params": {"C": 759.8845610610167, "epsilon": 0.9975323859028339, "gamma": 0.009428176141854566, "lamda": 0.5145697796619265}, "datetime": {"datetime": "2021-09-23 22:34:15", "elapsed": 793.677319, "delta": 2.077716}}
{"target": 0.4692069971273931, "params": {"C": 763.1885511336565, "epsilon": 0.8649018748213736, "gamma": 0.009924469076336146, "lamda": 0.5719651449916281}, "datetime": {"datetime": "2021-09-23 22:34:18", "elapsed": 796.15432, "delta": 2.477001}}
{"target": 0.46824941841963263, "params": {"C": 770.5405749610818, "epsilon": 0.8179510552411818, "gamma": 0.011638601842489804, "lamda": 0.7299152272286351}, "datetime": {"datetime": "2021-09-23 22:34:20", "elapsed": 798.308566, "delta": 2.154246}}
{"target": 0.46911065127481744, "params": {"C": 685.5281445586384, "epsilon": 0.7146434484077004, "gamma": 0.007199437589710439, "lamda": 0.6445033693553763}, "datetime": {"datetime": "2021-09-23 22:34:23", "elapsed": 801.337803, "delta": 3.029237}}
{"target": 0.4695239101059624, "params": {"C": 650.0388331494033, "epsilon": 0.7995437841154882, "gamma": 0.00852340654096177, "lamda": 0.5786043372242634}, "datetime": {"datetime": "2021-09-23 22:34:25", "elapsed": 803.612207, "delta": 2.274404}}
{"target": 0.46839516823376215, "params": {"C": 720.0063131583154, "epsilon": 0.8725719099128847, "gamma": 0.010887408108290102, "lamda": 0.7586790147279983}, "datetime": {"datetime": "2021-09-23 22:34:28", "elapsed": 806.024112, "delta": 2.411905}}
{"target": 0.46855118647828986, "params": {"C": 773.4365602316188, "epsilon": 0.8334217460806173, "gamma": 0.011208653291472196, "lamda": 0.608558972070603}, "datetime": {"datetime": "2021-09-23 22:34:30", "elapsed": 808.584811, "delta": 2.560699}}
{"target": 0.4686680597288805, "params": {"C": 765.2414250211724, "epsilon": 0.9345752676032902, "gamma": 0.010596382570295023, "lamda": 0.6562862129081464}, "datetime": {"datetime": "2021-09-23 22:34:32", "elapsed": 810.595463, "delta": 2.010652}}
{"target": 0.46808894629275044, "params": {"C": 786.2782897482402, "epsilon": 0.8730141976737806, "gamma": 0.006627517357657593, "lamda": 0.6006682268370073}, "datetime": {"datetime": "2021-09-23 22:34:35", "elapsed": 813.027966, "delta": 2.432503}}
{"target": 0.46848218288277577, "params": {"C": 747.256595111034, "epsilon": 0.9114996265397036, "gamma": 0.006563977121615287, "lamda": 0.5122221243743997}, "datetime": {"datetime": "2021-09-23 22:34:37", "elapsed": 815.206423, "delta": 2.178457}}
{"target": 0.4694718557150943, "params": {"C": 701.3770087837498, "epsilon": 0.7343804662643811, "gamma": 0.007884539147760536, "lamda": 0.6145741886230631}, "datetime": {"datetime": "2021-09-23 22:34:39", "elapsed": 817.571016, "delta": 2.364593}}
{"target": 0.4678838091363935, "params": {"C": 686.8514684419662, "epsilon": 0.7955969254334273, "gamma": 0.0071709730009596375, "lamda": 0.7712084145066405}, "datetime": {"datetime": "2021-09-23 22:34:42", "elapsed": 819.981878, "delta": 2.410862}}
{"target": 0.46867737053624636, "params": {"C": 761.7456208920752, "epsilon": 0.785333206644079, "gamma": 0.008489422628942402, "lamda": 0.7938820290107897}, "datetime": {"datetime": "2021-09-23 22:34:44", "elapsed": 822.171495, "delta": 2.189617}}
{"target": 0.46810932416242335, "params": {"C": 746.683859010145, "epsilon": 0.8864122205456713, "gamma": 0.006993282556439645, "lamda": 0.639644692642074}, "datetime": {"datetime": "2021-09-23 22:34:47", "elapsed": 825.832223, "delta": 3.660728}}
{"target": 0.4693555412194831, "params": {"C": 769.4879908148868, "epsilon": 0.7225026156587745, "gamma": 0.009528224964961625, "lamda": 0.6762017312169695}, "datetime": {"datetime": "2021-09-23 22:34:50", "elapsed": 828.688386, "delta": 2.856163}}
{"target": 0.46829219776484354, "params": {"C": 653.056149322815, "epsilon": 0.9732280155001187, "gamma": 0.008749718725726455, "lamda": 0.7020928206510496}, "datetime": {"datetime": "2021-09-23 22:34:53", "elapsed": 831.154553, "delta": 2.466167}}
{"target": 0.4682325048312127, "params": {"C": 747.2689969971844, "epsilon": 0.9993381839607897, "gamma": 0.01165998249039501, "lamda": 0.5732674555423468}, "datetime": {"datetime": "2021-09-23 22:34:55", "elapsed": 833.277609, "delta": 2.123056}}
{"target": 0.4674495157848273, "params": {"C": 658.7606608020237, "epsilon": 0.961533860887851, "gamma": 0.00781705729928705, "lamda": 0.7486061921174346}, "datetime": {"datetime": "2021-09-23 22:34:57", "elapsed": 835.547336, "delta": 2.269727}}
{"target": 0.4682178647098537, "params": {"C": 654.4258315703578, "epsilon": 0.7941041271566054, "gamma": 0.01172746806841625, "lamda": 0.6621887904009945}, "datetime": {"datetime": "2021-09-23 22:35:00", "elapsed": 838.218041, "delta": 2.670705}}
{"target": 0.46870910700659163, "params": {"C": 704.2653944547828, "epsilon": 0.8030860429466767, "gamma": 0.010963051674671605, "lamda": 0.6281120591038758}, "datetime": {"datetime": "2021-09-23 22:35:02", "elapsed": 840.726664, "delta": 2.508623}}
{"target": 0.4682587599065955, "params": {"C": 784.9971695573656, "epsilon": 0.9332355712140914, "gamma": 0.008418986048703747, "lamda": 0.7191237729916096}, "datetime": {"datetime": "2021-09-23 22:35:05", "elapsed": 843.136298, "delta": 2.409634}}
{"target": 0.46923607443365334, "params": {"C": 865.698096490012, "epsilon": 0.7062255848078204, "gamma": 0.009801889409557653, "lamda": 0.7246411647615836}, "datetime": {"datetime": "2021-09-23 22:41:59", "elapsed": 0.0, "delta": 0.0}}
{"target": 0.4683851276939289, "params": {"C": 824.7760518453886, "epsilon": 0.7674389936592543, "gamma": 0.007188377188557744, "lamda": 0.7281592136596877}, "datetime": {"datetime": "2021-09-23 22:41:59", "elapsed": 0.228004, "delta": 0.228004}}
{"target": 0.4689909523747853, "params": {"C": 775.3666254843803, "epsilon": 0.726501944252203, "gamma": 0.010112158910206785, "lamda": 0.786018003858481}, "datetime": {"datetime": "2021-09-23 22:41:59", "elapsed": 0.444001, "delta": 0.215997}}
{"target": 0.4686567659454197, "params": {"C": 750.5922399491872, "epsilon": 0.853657679015733, "gamma": 0.010875725769912682, "lamda": 0.6837578200488165}, "datetime": {"datetime": "2021-09-23 22:42:00", "elapsed": 0.708962, "delta": 0.264961}}
{"target": 0.4683692298977755, "params": {"C": 858.26329761477, "epsilon": 0.78756282045119, "gamma": 0.011506644735077662, "lamda": 0.7143727350193072}, "datetime": {"datetime": "2021-09-23 22:42:00", "elapsed": 0.932001, "delta": 0.223039}}
{"target": 0.4696011319790786, "params": {"C": 784.5048946403729, "epsilon": 0.7570165886657998, "gamma": 0.008813334536474347, "lamda": 0.5398042601811711}, "datetime": {"datetime": "2021-09-23 22:42:00", "elapsed": 1.254965, "delta": 0.322964}}
{"target": 0.46777673394295605, "params": {"C": 789.1230866337047, "epsilon": 0.7591977015971454, "gamma": 0.006531353154980724, "lamda": 0.7221390185938291}, "datetime": {"datetime": "2021-09-23 22:42:00", "elapsed": 1.516964, "delta": 0.261999}}
{"target": 0.4685166548211692, "params": {"C": 784.528728856528, "epsilon": 0.7952698294432694, "gamma": 0.0073166464842939205, "lamda": 0.698209279122572}, "datetime": {"datetime": "2021-09-23 22:42:01", "elapsed": 1.806969, "delta": 0.290005}}
{"target": 0.4694153999444046, "params": {"C": 753.0669012899641, "epsilon": 0.7192299702517261, "gamma": 0.009495343042761879, "lamda": 0.6257761738145338}, "datetime": {"datetime": "2021-09-23 22:42:01", "elapsed": 2.089829, "delta": 0.28286}}
{"target": 0.4682864816053348, "params": {"C": 841.5000923757323, "epsilon": 0.9766855652883952, "gamma": 0.010256829872763835, "lamda": 0.7252684851800832}, "datetime": {"datetime": "2021-09-23 22:42:01", "elapsed": 2.461825, "delta": 0.371996}}
{"target": 0.4674458719042389, "params": {"C": 873.7949230615262, "epsilon": 0.8598938456423705, "gamma": 0.007387050364069023, "lamda": 0.7909880431628717}, "datetime": {"datetime": "2021-09-23 22:42:02", "elapsed": 2.772826, "delta": 0.311001}}
{"target": 0.4693274937561045, "params": {"C": 864.6445970825205, "epsilon": 0.8225859915112113, "gamma": 0.009116365170829407, "lamda": 0.6290375636450375}, "datetime": {"datetime": "2021-09-23 22:42:02", "elapsed": 3.151828, "delta": 0.379002}}
{"target": 0.4695640472502096, "params": {"C": 756.1445980658937, "epsilon": 0.7679502324279366, "gamma": 0.007953880603861799, "lamda": 0.5564995086515991}, "datetime": {"datetime": "2021-09-23 22:42:02", "elapsed": 3.500826, "delta": 0.348998}}
{"target": 0.4694019626846808, "params": {"C": 863.25328742629, "epsilon": 0.829012730854596, "gamma": 0.008651889915045837, "lamda": 0.6019908018012083}, "datetime": {"datetime": "2021-09-23 22:42:03", "elapsed": 3.824836, "delta": 0.32401}}
{"target": 0.4679692631866934, "params": {"C": 850.4460694921454, "epsilon": 0.7756362731342391, "gamma": 0.007215344086976445, "lamda": 0.7856344723784013}, "datetime": {"datetime": "2021-09-23 22:42:03", "elapsed": 4.089827, "delta": 0.264991}}
{"target": 0.4677331262961385, "params": {"C": 857.3818601794707, "epsilon": 0.7802904539501551, "gamma": 0.006543577490038474, "lamda": 0.7101394167100195}, "datetime": {"datetime": "2021-09-23 22:42:03", "elapsed": 4.378827, "delta": 0.289}}
{"target": 0.4692083561782827, "params": {"C": 785.1897139118761, "epsilon": 0.7390900204962775, "gamma": 0.009265382653142713, "lamda": 0.7489292839443791}, "datetime": {"datetime": "2021-09-23 22:42:03", "elapsed": 4.666631, "delta": 0.287804}}
{"target": 0.4693014734827914, "params": {"C": 810.7385805107975, "epsilon": 0.7131971131330989, "gamma": 0.009542615441043763, "lamda": 0.7162303331492804}, "datetime": {"datetime": "2021-09-23 22:42:04", "elapsed": 4.959351, "delta": 0.29272}}
{"target": 0.4686733718814031, "params": {"C": 821.8393602226199, "epsilon": 0.8280039006296374, "gamma": 0.009835694648809191, "lamda": 0.786973226463813}, "datetime": {"datetime": "2021-09-23 22:42:04", "elapsed": 5.311346, "delta": 0.351995}}
{"target": 0.46797870059047153, "params": {"C": 791.847424369831, "epsilon": 0.8401110031835952, "gamma": 0.006870437372429298, "lamda": 0.6761626384399125}, "datetime": {"datetime": "2021-09-23 22:42:04", "elapsed": 5.599351, "delta": 0.288005}}
{"target": 0.46862863434209157, "params": {"C": 844.1024575005042, "epsilon": 0.9506602547242674, "gamma": 0.009001073426486995, "lamda": 0.6800697164297363}, "datetime": {"datetime": "2021-09-23 22:42:05", "elapsed": 5.935347, "delta": 0.335996}}
{"target": 0.46910297928549194, "params": {"C": 846.0074659219316, "epsilon": 0.7791706830173003, "gamma": 0.006935845146978839, "lamda": 0.5480122651747086}, "datetime": {"datetime": "2021-09-23 22:42:05", "elapsed": 6.216108, "delta": 0.280761}}
{"target": 0.4678833986218891, "params": {"C": 759.5706320174096, "epsilon": 0.8159220174058145, "gamma": 0.011927688834063414, "lamda": 0.5652962823191395}, "datetime": {"datetime": "2021-09-23 22:42:05", "elapsed": 6.575107, "delta": 0.358999}}
{"target": 0.4691881887918403, "params": {"C": 820.4117225799541, "epsilon": 0.9901905985293903, "gamma": 0.00868260001476184, "lamda": 0.5479280176353315}, "datetime": {"datetime": "2021-09-23 22:42:06", "elapsed": 6.927106, "delta": 0.351999}}
{"target": 0.46793239818927856, "params": {"C": 829.703739998575, "epsilon": 0.7590356431103777, "gamma": 0.011666630799997007, "lamda": 0.5595044260868802}, "datetime": {"datetime": "2021-09-23 22:42:06", "elapsed": 7.287108, "delta": 0.360002}}
{"target": 0.4679924684707859, "params": {"C": 796.5796680110484, "epsilon": 0.8006011575607787, "gamma": 0.011980865542978749, "lamda": 0.634345788260958}, "datetime": {"datetime": "2021-09-23 22:42:06", "elapsed": 7.628107, "delta": 0.340999}}
{"target": 0.4677813610077305, "params": {"C": 763.5985400551893, "epsilon": 0.7786688581052671, "gamma": 0.0063817017265212096, "lamda": 0.6761094682768288}, "datetime": {"datetime": "2021-09-23 22:42:07", "elapsed": 7.962146, "delta": 0.334039}}
{"target": 0.467982212521867, "params": {"C": 850.202358830378, "epsilon": 0.9831892585641441, "gamma": 0.01138734341970012, "lamda": 0.7249039263144443}, "datetime": {"datetime": "2021-09-23 22:42:07", "elapsed": 8.349148, "delta": 0.387002}}
{"target": 0.46917165641299763, "params": {"C": 856.4567264027437, "epsilon": 0.7624502884987345, "gamma": 0.009840015111077136, "lamda": 0.6960965866311752}, "datetime": {"datetime": "2021-09-23 22:42:08", "elapsed": 8.688142, "delta": 0.338994}}
{"target": 0.46840411011942995, "params": {"C": 838.812892998462, "epsilon": 0.9334513377822755, "gamma": 0.011020564382152244, "lamda": 0.6904505073843759}, "datetime": {"datetime": "2021-09-23 22:42:08", "elapsed": 9.03015, "delta": 0.342008}}
{"target": 0.468166081502448, "params": {"C": 792.9380293119833, "epsilon": 0.8427968758632609, "gamma": 0.006035607858425128, "lamda": 0.5036930310295349}, "datetime": {"datetime": "2021-09-23 22:42:08", "elapsed": 9.356104, "delta": 0.325954}}
{"target": 0.46650921230763764, "params": {"C": 757.8218091800013, "epsilon": 0.8858092006687759, "gamma": 0.006035466374451588, "lamda": 0.6741482408765231}, "datetime": {"datetime": "2021-09-23 22:42:09", "elapsed": 9.709142, "delta": 0.353038}}
{"target": 0.46966226886875295, "params": {"C": 774.3384039989511, "epsilon": 0.7688386936824453, "gamma": 0.008077247662851797, "lamda": 0.5059529910617617}, "datetime": {"datetime": "2021-09-23 22:42:09", "elapsed": 10.120654, "delta": 0.411512}}
{"target": 0.46875176136988916, "params": {"C": 851.7164781816399, "epsilon": 0.8953702541249303, "gamma": 0.010867078936891688, "lamda": 0.5760775830297447}, "datetime": {"datetime": "2021-09-23 22:42:09", "elapsed": 10.497316, "delta": 0.376662}}
{"target": 0.46726982866709954, "params": {"C": 808.6387694423422, "epsilon": 0.9515343445819389, "gamma": 0.00795801885037898, "lamda": 0.7892465930779546}, "datetime": {"datetime": "2021-09-23 22:42:10", "elapsed": 10.902829, "delta": 0.405513}}
{"target": 0.46753038820322235, "params": {"C": 752.9193065714827, "epsilon": 0.9009722818634999, "gamma": 0.007820570119327476, "lamda": 0.7903129553084374}, "datetime": {"datetime": "2021-09-23 22:42:10", "elapsed": 11.233785, "delta": 0.330956}}
{"target": 0.46871254881724334, "params": {"C": 774.2596791092691, "epsilon": 0.7651582052221162, "gamma": 0.006281751641303447, "lamda": 0.509028932239201}, "datetime": {"datetime": "2021-09-23 22:42:11", "elapsed": 11.722823, "delta": 0.489038}}
{"target": 0.46918954059857065, "params": {"C": 784.4856957758809, "epsilon": 0.8080383138987186, "gamma": 0.00987539760713483, "lamda": 0.5014834009989949}, "datetime": {"datetime": "2021-09-23 22:42:11", "elapsed": 12.13879, "delta": 0.415967}}
{"target": 0.4687360176442136, "params": {"C": 846.1073023266083, "epsilon": 0.719906663217897, "gamma": 0.010881794069524574, "lamda": 0.7694689629000113}, "datetime": {"datetime": "2021-09-23 22:42:11", "elapsed": 12.479356, "delta": 0.340566}}
{"target": 0.4695367302114677, "params": {"C": 756.084549793921, "epsilon": 0.7260228818825566, "gamma": 0.007902818664175967, "lamda": 0.5965359778278398}, "datetime": {"datetime": "2021-09-23 22:42:12", "elapsed": 12.901022, "delta": 0.421666}}
{"target": 0.4683149621572942, "params": {"C": 773.0520773490383, "epsilon": 0.9379558878852026, "gamma": 0.011558497066623333, "lamda": 0.5696132209093201}, "datetime": {"datetime": "2021-09-23 22:42:12", "elapsed": 13.312021, "delta": 0.410999}}
{"target": 0.4684240145979962, "params": {"C": 774.3986481966947, "epsilon": 0.8712469090950258, "gamma": 0.006466847617659793, "lamda": 0.5292417618680748}, "datetime": {"datetime": "2021-09-23 22:42:13", "elapsed": 13.844396, "delta": 0.532375}}
{"target": 0.4692903641991466, "params": {"C": 756.1896165610591, "epsilon": 0.7991193679800309, "gamma": 0.009448758025039302, "lamda": 0.6476776682856604}, "datetime": {"datetime": "2021-09-23 22:42:13", "elapsed": 14.264362, "delta": 0.419966}}
{"target": 0.4682411650917476, "params": {"C": 774.4161900142493, "epsilon": 0.7127305549044183, "gamma": 0.011040502830708048, "lamda": 0.5414563650480199}, "datetime": {"datetime": "2021-09-23 22:42:14", "elapsed": 14.750175, "delta": 0.485813}}
