{"target": 0.46953204903397794, "params": {"C": 684.135663449949, "epsilon": 0.8857749226442042, "gamma": 0.008940012284871818, "lamda": 0.5059771457333725}, "datetime": {"datetime": "2021-09-23 22:06:08", "elapsed": 203.577775, "delta": 0.97521}}
{"target": 0.4661312536517772, "params": {"C": 611.9907837995613, "epsilon": 0.9711306478291082, "gamma": 0.006433433289542401, "lamda": 0.7099720136365003}, "datetime": {"datetime": "2021-09-23 22:06:09", "elapsed": 204.620463, "delta": 1.042688}}
{"target": 0.46839810966647044, "params": {"C": 736.4325490232181, "epsilon": 0.9827549583441749, "gamma": 0.006690647569409431, "lamda": 0.5027462771220013}, "datetime": {"datetime": "2021-09-23 22:06:11", "elapsed": 206.555958, "delta": 1.935495}}
{"target": 0.4694058978955089, "params": {"C": 657.0917594271017, "epsilon": 0.728734419104759, "gamma": 0.008334456173349547, "lamda": 0.6778900163717856}, "datetime": {"datetime": "2021-09-23 22:06:12", "elapsed": 207.914558, "delta": 1.3586}}
{"target": 0.4692664496369564, "params": {"C": 606.4528262595155, "epsilon": 0.7091739976140338, "gamma": 0.009891692981677067, "lamda": 0.6331036324192555}, "datetime": {"datetime": "2021-09-23 22:06:14", "elapsed": 209.701885, "delta": 1.787327}}
{"target": 0.46963498447721697, "params": {"C": 657.0974765998124, "epsilon": 0.7676777389180316, "gamma": 0.008608062445119824, "lamda": 0.517791640785889}, "datetime": {"datetime": "2021-09-23 22:06:16", "elapsed": 211.266698, "delta": 1.564813}}
{"target": 0.468075810416274, "params": {"C": 730.1551367955738, "epsilon": 0.9596686892251189, "gamma": 0.006411699910514985, "lamda": 0.5153284805640347}, "datetime": {"datetime": "2021-09-23 22:06:17", "elapsed": 212.450182, "delta": 1.183484}}
{"target": 0.46920330309117264, "params": {"C": 647.7767960403424, "epsilon": 0.7039997216468019, "gamma": 0.008047670192645531, "lamda": 0.7396709190909828}, "datetime": {"datetime": "2021-09-23 22:06:18", "elapsed": 213.827432, "delta": 1.37725}}
{"target": 0.46923423565106215, "params": {"C": 701.9747769730981, "epsilon": 0.8555052163021097, "gamma": 0.008469066106106284, "lamda": 0.6205146015552397}, "datetime": {"datetime": "2021-09-23 22:06:19", "elapsed": 214.934001, "delta": 1.106569}}
{"target": 0.4696466774890874, "params": {"C": 657.1682421420471, "epsilon": 0.7743804442352819, "gamma": 0.008427736943221251, "lamda": 0.5251082379467495}, "datetime": {"datetime": "2021-09-23 22:06:22", "elapsed": 217.165296, "delta": 2.231295}}
{"target": 0.4671472107162118, "params": {"C": 627.8850855979089, "epsilon": 0.917865307031746, "gamma": 0.006009555488458821, "lamda": 0.5806122757367369}, "datetime": {"datetime": "2021-09-23 22:06:23", "elapsed": 218.443237, "delta": 1.277941}}
{"target": 0.4689421488048754, "params": {"C": 646.9353204749813, "epsilon": 0.7221572039349492, "gamma": 0.006364746944889114, "lamda": 0.5015432527459205}, "datetime": {"datetime": "2021-09-23 22:06:25", "elapsed": 220.147905, "delta": 1.704668}}
{"target": 0.46890157396581944, "params": {"C": 646.8279958482013, "epsilon": 0.7860520242637987, "gamma": 0.006521743409981637, "lamda": 0.5077740659279553}, "datetime": {"datetime": "2021-09-23 22:06:26", "elapsed": 221.575655, "delta": 1.42775}}
{"target": 0.4693092928420871, "params": {"C": 657.200070948654, "epsilon": 0.7971325637327071, "gamma": 0.009545000229105732, "lamda": 0.6323342041780086}, "datetime": {"datetime": "2021-09-23 22:06:27", "elapsed": 222.865879, "delta": 1.290224}}
{"target": 0.46886323211805214, "params": {"C": 709.6188353225276, "epsilon": 0.831099658634547, "gamma": 0.00736137417277503, "lamda": 0.6169395980597997}, "datetime": {"datetime": "2021-09-23 22:06:29", "elapsed": 224.712086, "delta": 1.846207}}
{"target": 0.4687015390811482, "params": {"C": 684.1350240679292, "epsilon": 0.8320931108265261, "gamma": 0.006735076438188149, "lamda": 0.5556134425807475}, "datetime": {"datetime": "2021-09-23 22:06:31", "elapsed": 226.268992, "delta": 1.556906}}
{"target": 0.46891455430742734, "params": {"C": 674.6926797149962, "epsilon": 0.8364185660252377, "gamma": 0.0093782325931271, "lamda": 0.7283736196636871}, "datetime": {"datetime": "2021-09-23 22:06:32", "elapsed": 227.321016, "delta": 1.052024}}
{"target": 0.4687255771010761, "params": {"C": 673.0735244666705, "epsilon": 0.9986842446028654, "gamma": 0.0076069135365394135, "lamda": 0.5516628571696816}, "datetime": {"datetime": "2021-09-23 22:06:33", "elapsed": 228.53845, "delta": 1.217434}}
{"target": 0.469497774000896, "params": {"C": 657.1438045033195, "epsilon": 0.7390519178284483, "gamma": 0.009157334373444346, "lamda": 0.5333226185290836}, "datetime": {"datetime": "2021-09-23 22:06:35", "elapsed": 230.406647, "delta": 1.868197}}
{"target": 0.46940526716184294, "params": {"C": 657.0329336460338, "epsilon": 0.7071945197294189, "gamma": 0.00916126551706008, "lamda": 0.5095055872498983}, "datetime": {"datetime": "2021-09-23 22:06:37", "elapsed": 232.015363, "delta": 1.608716}}
{"target": 0.46920093180255695, "params": {"C": 657.201293998346, "epsilon": 0.8357393173235582, "gamma": 0.00737022116904765, "lamda": 0.5502218976245298}, "datetime": {"datetime": "2021-09-23 22:06:38", "elapsed": 233.69355, "delta": 1.678187}}
{"target": 0.4665889301982775, "params": {"C": 641.4005107235157, "epsilon": 0.8415970521418792, "gamma": 0.006201738064700089, "lamda": 0.7309742145751075}, "datetime": {"datetime": "2021-09-23 22:06:40", "elapsed": 235.464549, "delta": 1.770999}}
{"target": 0.46895425368372423, "params": {"C": 610.6456560743492, "epsilon": 0.8141315802491249, "gamma": 0.008387257718620356, "lamda": 0.7082427791828074}, "datetime": {"datetime": "2021-09-23 22:06:41", "elapsed": 236.553589, "delta": 1.08904}}
{"target": 0.4678516235281157, "params": {"C": 643.6850751501643, "epsilon": 0.8758119943441502, "gamma": 0.007542872439864532, "lamda": 0.7456262509481468}, "datetime": {"datetime": "2021-09-23 22:06:42", "elapsed": 237.56755, "delta": 1.013961}}
{"target": 0.4694821000362376, "params": {"C": 652.2210164497768, "epsilon": 0.7289467075429243, "gamma": 0.009237214435755847, "lamda": 0.6231864967311026}, "datetime": {"datetime": "2021-09-23 22:06:44", "elapsed": 239.07155, "delta": 1.504}}
{"target": 0.4685610913400924, "params": {"C": 652.1653421361665, "epsilon": 0.8186936679570265, "gamma": 0.007209476702024295, "lamda": 0.6571967771613167}, "datetime": {"datetime": "2021-09-23 22:06:45", "elapsed": 240.74659, "delta": 1.67504}}
{"target": 0.46859255435237057, "params": {"C": 690.8688763773957, "epsilon": 0.9007450595537377, "gamma": 0.009635995988078183, "lamda": 0.7376454617107195}, "datetime": {"datetime": "2021-09-23 22:06:46", "elapsed": 241.825548, "delta": 1.078958}}
{"target": 0.46900615162132897, "params": {"C": 657.0346084652869, "epsilon": 0.7774431189510234, "gamma": 0.006742116764157829, "lamda": 0.5356348098226521}, "datetime": {"datetime": "2021-09-23 22:06:48", "elapsed": 243.837591, "delta": 2.012043}}
{"target": 0.4693432887028677, "params": {"C": 652.2588596429202, "epsilon": 0.73432854256257, "gamma": 0.009608955029593191, "lamda": 0.5568577984368144}, "datetime": {"datetime": "2021-09-23 22:06:50", "elapsed": 245.509548, "delta": 1.671957}}
{"target": 0.46885004464153224, "params": {"C": 646.5051730862801, "epsilon": 0.7577077538892625, "gamma": 0.007254383998219274, "lamda": 0.6673010050775505}, "datetime": {"datetime": "2021-09-23 22:06:51", "elapsed": 246.616585, "delta": 1.107037}}
{"target": 0.4692548517267777, "params": {"C": 623.4938372942264, "epsilon": 0.8978044016614819, "gamma": 0.00973724216243516, "lamda": 0.5580440770191009}, "datetime": {"datetime": "2021-09-23 22:06:52", "elapsed": 247.825549, "delta": 1.208964}}
{"target": 0.46915653986090355, "params": {"C": 657.1123441700634, "epsilon": 0.7937699242335899, "gamma": 0.01, "lamda": 0.6472255033278682}, "datetime": {"datetime": "2021-09-23 22:06:54", "elapsed": 249.272601, "delta": 1.447052}}
{"target": 0.4695378510436442, "params": {"C": 652.3025806129801, "epsilon": 0.71195648996897, "gamma": 0.008794404392078077, "lamda": 0.6462582578917716}, "datetime": {"datetime": "2021-09-23 22:06:56", "elapsed": 251.002605, "delta": 1.730004}}
{"target": 0.46929049521411226, "params": {"C": 743.9820676409706, "epsilon": 0.7485116796114192, "gamma": 0.009054849113503, "lamda": 0.7147039839130264}, "datetime": {"datetime": "2021-09-23 22:06:57", "elapsed": 252.405603, "delta": 1.402998}}
{"target": 0.4686411456922569, "params": {"C": 702.825730609755, "epsilon": 0.8099487279133317, "gamma": 0.007297300981017581, "lamda": 0.6630820832125678}, "datetime": {"datetime": "2021-09-23 22:06:58", "elapsed": 253.526638, "delta": 1.121035}}
{"target": 0.4693978253745438, "params": {"C": 652.2465485461479, "epsilon": 0.7067228435359565, "gamma": 0.009023905142924778, "lamda": 0.7107190332066864}, "datetime": {"datetime": "2021-09-23 22:07:00", "elapsed": 255.158686, "delta": 1.632048}}
{"target": 0.469433571246455, "params": {"C": 652.2824402557366, "epsilon": 0.7793424538240864, "gamma": 0.008598402717690258, "lamda": 0.6295520846472322}, "datetime": {"datetime": "2021-09-23 22:07:01", "elapsed": 256.798657, "delta": 1.639971}}
{"target": 0.46861043952480086, "params": {"C": 684.1816635987115, "epsilon": 0.9361018334648115, "gamma": 0.006781233403998061, "lamda": 0.5117172081380721}, "datetime": {"datetime": "2021-09-23 22:07:03", "elapsed": 258.890652, "delta": 2.091995}}
{"target": 0.4683462787229229, "params": {"C": 685.3285535043826, "epsilon": 0.8004686118200708, "gamma": 0.006049871283639779, "lamda": 0.503179886136175}, "datetime": {"datetime": "2021-09-23 22:07:05", "elapsed": 260.422651, "delta": 1.531999}}
{"target": 0.4685590892834762, "params": {"C": 685.3387376068184, "epsilon": 0.9600175041657475, "gamma": 0.007082687960436184, "lamda": 0.5433239176179773}, "datetime": {"datetime": "2021-09-23 22:07:07", "elapsed": 262.242919, "delta": 1.820268}}
{"target": 0.46949637300865543, "params": {"C": 626.2881604843527, "epsilon": 0.7848114335646963, "gamma": 0.007442622309388992, "lamda": 0.5084478608651339}, "datetime": {"datetime": "2021-09-23 22:07:08", "elapsed": 263.844789, "delta": 1.60187}}
{"target": 0.4682377631458108, "params": {"C": 625.1312345426393, "epsilon": 0.7941843661250638, "gamma": 0.006355419307719553, "lamda": 0.5912491539283304}, "datetime": {"datetime": "2021-09-23 22:07:10", "elapsed": 265.286774, "delta": 1.441985}}
{"target": 0.4696117887012292, "params": {"C": 639.6059620320818, "epsilon": 0.7073113499197025, "gamma": 0.00774046069127676, "lamda": 0.5565287297051429}, "datetime": {"datetime": "2021-09-23 22:07:11", "elapsed": 266.67643, "delta": 1.389656}}
{"target": 0.46845946367822433, "params": {"C": 627.8653592809823, "epsilon": 0.9444296263989133, "gamma": 0.007645980751398828, "lamda": 0.6246651433020521}, "datetime": {"datetime": "2021-09-23 22:07:12", "elapsed": 267.896284, "delta": 1.219854}}
{"target": 0.469071556458872, "params": {"C": 645.7158543028677, "epsilon": 0.8907517385506311, "gamma": 0.007799186574268225, "lamda": 0.5822005088763662}, "datetime": {"datetime": "2021-09-23 22:07:14", "elapsed": 269.460419, "delta": 1.564135}}
{"target": 0.4680591905923698, "params": {"C": 649.4386863625913, "epsilon": 0.9350359337732126, "gamma": 0.00903395640189881, "lamda": 0.777536231824635}, "datetime": {"datetime": "2021-09-23 22:07:15", "elapsed": 270.633418, "delta": 1.172999}}
{"target": 0.4691829918491366, "params": {"C": 608.3950099464914, "epsilon": 0.9084055976143928, "gamma": 0.008186765047500178, "lamda": 0.5782519206299939}, "datetime": {"datetime": "2021-09-23 22:07:16", "elapsed": 271.824895, "delta": 1.191477}}
{"target": 0.46805144264251886, "params": {"C": 652.3443162681257, "epsilon": 0.7413979937395876, "gamma": 0.006, "lamda": 0.5871308308640031}, "datetime": {"datetime": "2021-09-23 22:07:18", "elapsed": 273.740693, "delta": 1.915798}}
{"target": 0.4695069202605885, "params": {"C": 625.6180255143593, "epsilon": 0.7388002770023829, "gamma": 0.008569400724173554, "lamda": 0.6363478262718923}, "datetime": {"datetime": "2021-09-23 22:07:20", "elapsed": 275.795398, "delta": 2.054705}}
{"target": 0.4692490846374425, "params": {"C": 591.219226368894, "epsilon": 0.780914428244346, "gamma": 0.009213647906176351, "lamda": 0.6941144854827267}, "datetime": {"datetime": "2021-09-23 22:07:22", "elapsed": 277.409398, "delta": 1.614}}
{"target": 0.4692519841980717, "params": {"C": 601.5414753788265, "epsilon": 0.8418076654010735, "gamma": 0.009126921678605321, "lamda": 0.6408060170697132}, "datetime": {"datetime": "2021-09-23 22:07:24", "elapsed": 278.976404, "delta": 1.567006}}
{"target": 0.46925700207107224, "params": {"C": 653.4674602686837, "epsilon": 0.7966422548020007, "gamma": 0.008555681046242387, "lamda": 0.6674246119421159}, "datetime": {"datetime": "2021-09-23 22:07:25", "elapsed": 280.381394, "delta": 1.40499}}
{"target": 0.46923369648476954, "params": {"C": 626.3240739246774, "epsilon": 0.805242138257331, "gamma": 0.0075118398101817205, "lamda": 0.582297477506465}, "datetime": {"datetime": "2021-09-23 22:07:27", "elapsed": 282.120438, "delta": 1.739044}}
{"target": 0.4688140963631484, "params": {"C": 652.27009015207, "epsilon": 0.7748159601259332, "gamma": 0.007756266010323944, "lamda": 0.7183235198942621}, "datetime": {"datetime": "2021-09-23 22:07:29", "elapsed": 284.161395, "delta": 2.040957}}
{"target": 0.46920626008858723, "params": {"C": 688.1914486409879, "epsilon": 0.8871762199934368, "gamma": 0.009605665483310578, "lamda": 0.60013505386868}, "datetime": {"datetime": "2021-09-23 22:07:31", "elapsed": 286.109401, "delta": 1.948006}}
{"target": 0.4691962058106861, "params": {"C": 606.8926746019212, "epsilon": 0.7996255336842273, "gamma": 0.009804934089661044, "lamda": 0.653735906431972}, "datetime": {"datetime": "2021-09-23 22:07:32", "elapsed": 287.494347, "delta": 1.384946}}
{"target": 0.4691858823057503, "params": {"C": 654.5714489743636, "epsilon": 0.80603710721572, "gamma": 0.008012629170484332, "lamda": 0.6421902829427799}, "datetime": {"datetime": "2021-09-23 22:07:33", "elapsed": 288.679401, "delta": 1.185054}}
{"target": 0.46948504450132955, "params": {"C": 616.1319867059342, "epsilon": 0.7295554239165519, "gamma": 0.009188686136399338, "lamda": 0.5383554948348651}, "datetime": {"datetime": "2021-09-23 22:07:35", "elapsed": 290.637157, "delta": 1.957756}}
{"target": 0.4684464503565029, "params": {"C": 647.7763458126485, "epsilon": 0.919855139524269, "gamma": 0.00861846643046243, "lamda": 0.7149501353292189}, "datetime": {"datetime": "2021-09-23 22:07:37", "elapsed": 292.019581, "delta": 1.382424}}
{"target": 0.4688403584594082, "params": {"C": 631.5386145120141, "epsilon": 0.9825947249158782, "gamma": 0.007875147144930865, "lamda": 0.5667272020837941}, "datetime": {"datetime": "2021-09-23 22:07:38", "elapsed": 293.367536, "delta": 1.347955}}
{"target": 0.468921161380366, "params": {"C": 595.5869209528051, "epsilon": 0.9731961699879098, "gamma": 0.0072771302864294545, "lamda": 0.5062837171025776}, "datetime": {"datetime": "2021-09-23 22:07:39", "elapsed": 294.665533, "delta": 1.297997}}
{"target": 0.4692942518135089, "params": {"C": 626.230089262355, "epsilon": 0.7064342150535421, "gamma": 0.009721973033441165, "lamda": 0.5782701601263733}, "datetime": {"datetime": "2021-09-23 22:07:41", "elapsed": 296.020939, "delta": 1.355406}}
{"target": 0.4685369955682631, "params": {"C": 712.7665189709933, "epsilon": 0.9628069068525295, "gamma": 0.008764346122809763, "lamda": 0.6761214343381943}, "datetime": {"datetime": "2021-09-23 22:07:42", "elapsed": 297.384276, "delta": 1.363337}}
{"target": 0.46933414632103687, "params": {"C": 626.0883805933545, "epsilon": 0.8387194906826123, "gamma": 0.009663680326366449, "lamda": 0.5140646434539125}, "datetime": {"datetime": "2021-09-23 22:07:44", "elapsed": 299.418499, "delta": 2.034223}}
{"target": 0.4695255851615342, "params": {"C": 606.4855128575282, "epsilon": 0.7128146086253778, "gamma": 0.007439790382848429, "lamda": 0.5483326065931727}, "datetime": {"datetime": "2021-09-23 22:07:46", "elapsed": 301.665505, "delta": 2.247006}}
{"target": 0.4685450103431106, "params": {"C": 647.4502133747038, "epsilon": 0.9675757222826336, "gamma": 0.008964210419168528, "lamda": 0.6792295705145719}, "datetime": {"datetime": "2021-09-23 22:07:48", "elapsed": 303.060106, "delta": 1.394601}}
{"target": 0.46943739856586986, "params": {"C": 661.2844057291035, "epsilon": 0.7732926150848921, "gamma": 0.009009700226709699, "lamda": 0.6317911579354203}, "datetime": {"datetime": "2021-09-23 22:07:50", "elapsed": 305.527396, "delta": 2.46729}}
{"target": 0.467697306114902, "params": {"C": 702.6209342532838, "epsilon": 0.9993067907182154, "gamma": 0.006885795699932761, "lamda": 0.5982248984794973}, "datetime": {"datetime": "2021-09-23 22:07:52", "elapsed": 307.19174, "delta": 1.664344}}
{"target": 0.46953598046971323, "params": {"C": 606.4433537262938, "epsilon": 0.781048110117723, "gamma": 0.0076103010368889475, "lamda": 0.51966957180406}, "datetime": {"datetime": "2021-09-23 22:07:54", "elapsed": 309.429692, "delta": 2.237952}}
{"target": 0.4678937271856941, "params": {"C": 643.0901937570173, "epsilon": 0.9536935497725723, "gamma": 0.007472670369530466, "lamda": 0.6714696851465195}, "datetime": {"datetime": "2021-09-23 22:07:55", "elapsed": 310.867277, "delta": 1.437585}}
{"target": 0.46692094582879695, "params": {"C": 693.8265879443804, "epsilon": 0.776600602897171, "gamma": 0.006290627962425126, "lamda": 0.7691585631594957}, "datetime": {"datetime": "2021-09-23 22:07:57", "elapsed": 312.439259, "delta": 1.571982}}
{"target": 0.46967064780993995, "params": {"C": 709.6154534343817, "epsilon": 0.7522883445833897, "gamma": 0.008119194414329971, "lamda": 0.508034764664021}, "datetime": {"datetime": "2021-09-23 22:07:59", "elapsed": 314.753578, "delta": 2.314319}}
{"target": 0.46958209979957755, "params": {"C": 709.5493667422387, "epsilon": 0.7106471205605964, "gamma": 0.007528003010510711, "lamda": 0.5347864706723148}, "datetime": {"datetime": "2021-09-23 22:08:01", "elapsed": 316.857759, "delta": 2.104181}}
{"target": 0.46932258256772796, "params": {"C": 748.5857661889794, "epsilon": 0.8376805982043297, "gamma": 0.008680153272327426, "lamda": 0.6198207786167952}, "datetime": {"datetime": "2021-09-23 22:08:03", "elapsed": 318.158811, "delta": 1.301052}}
{"target": 0.4689690642924511, "params": {"C": 606.5662948425019, "epsilon": 0.769353894335236, "gamma": 0.0069929834929947626, "lamda": 0.5943910830069872}, "datetime": {"datetime": "2021-09-23 22:08:05", "elapsed": 320.571156, "delta": 2.412345}}
{"target": 0.46855733425466817, "params": {"C": 603.1184524171217, "epsilon": 0.8137073077569409, "gamma": 0.008662671396266013, "lamda": 0.7960331991945975}, "datetime": {"datetime": "2021-09-23 22:08:06", "elapsed": 321.890188, "delta": 1.319032}}
{"target": 0.4685710519877142, "params": {"C": 643.5122211489122, "epsilon": 0.8097204623907228, "gamma": 0.008401123972631262, "lamda": 0.7811537395178246}, "datetime": {"datetime": "2021-09-23 22:08:08", "elapsed": 323.700756, "delta": 1.810568}}
{"target": 0.4691521760437105, "params": {"C": 676.3173179614524, "epsilon": 0.7467176517529767, "gamma": 0.009020891166756632, "lamda": 0.7568930628512387}, "datetime": {"datetime": "2021-09-23 22:08:10", "elapsed": 325.698298, "delta": 1.997542}}
{"target": 0.46930845035131485, "params": {"C": 649.0114965334095, "epsilon": 0.8866452032696011, "gamma": 0.009636782676720398, "lamda": 0.5511096439681731}, "datetime": {"datetime": "2021-09-23 22:08:12", "elapsed": 327.354493, "delta": 1.656195}}
{"target": 0.4695068203658588, "params": {"C": 625.5497504517907, "epsilon": 0.716190039721292, "gamma": 0.009114119217228126, "lamda": 0.6364946753822286}, "datetime": {"datetime": "2021-09-23 22:08:14", "elapsed": 329.494178, "delta": 2.139685}}
{"target": 0.4695974013611298, "params": {"C": 657.1138997582486, "epsilon": 0.8383925270287242, "gamma": 0.008421597578338942, "lamda": 0.5167155567048901}, "datetime": {"datetime": "2021-09-23 22:08:17", "elapsed": 332.194171, "delta": 2.699993}}
{"target": 0.46659091281771836, "params": {"C": 642.0918014779804, "epsilon": 0.9542134262128987, "gamma": 0.00612981400673746, "lamda": 0.633057545707852}, "datetime": {"datetime": "2021-09-23 22:08:18", "elapsed": 333.679201, "delta": 1.48503}}
{"target": 0.46867856356853577, "params": {"C": 625.5752632909937, "epsilon": 0.7060354566427683, "gamma": 0.006314073511764752, "lamda": 0.5707755690301152}, "datetime": {"datetime": "2021-09-23 22:08:21", "elapsed": 336.25817, "delta": 2.578969}}
{"target": 0.46736560957032813, "params": {"C": 604.9171023558832, "epsilon": 0.804784528492271, "gamma": 0.0064521112585638, "lamda": 0.7174631008897628}, "datetime": {"datetime": "2021-09-23 22:08:22", "elapsed": 337.715165, "delta": 1.456995}}
{"target": 0.4694956522129927, "params": {"C": 626.3116370795456, "epsilon": 0.7294988849468476, "gamma": 0.009225412500784565, "lamda": 0.56126960984659}, "datetime": {"datetime": "2021-09-23 22:08:25", "elapsed": 340.29217, "delta": 2.577005}}
{"target": 0.46923538913263163, "params": {"C": 626.2050468030036, "epsilon": 0.8334383724165361, "gamma": 0.007129595746287793, "lamda": 0.5110402437849302}, "datetime": {"datetime": "2021-09-23 22:08:27", "elapsed": 342.227231, "delta": 1.935061}}
{"target": 0.46782745775532253, "params": {"C": 644.7758279072198, "epsilon": 0.8490018559456213, "gamma": 0.006989336183554706, "lamda": 0.7048093344958467}, "datetime": {"datetime": "2021-09-23 22:08:29", "elapsed": 344.031508, "delta": 1.804277}}
{"target": 0.4696564507894926, "params": {"C": 606.3755401555748, "epsilon": 0.7186532984151262, "gamma": 0.008474673904492282, "lamda": 0.5385026813319673}, "datetime": {"datetime": "2021-09-23 22:08:31", "elapsed": 346.301251, "delta": 2.269743}}
