{"target": -52.846345927285, "params": {"C": 38.79471152007056, "epsilon": 0.021731197410042098, "gamma": 0.3171904692282114, "lamda": 0.7490550786560732}, "datetime": {"datetime": "2021-09-24 17:20:32", "elapsed": 0.0, "delta": 0.0}}
{"target": -45.92501374148569, "params": {"C": 25.42684360282693, "epsilon": 0.2255718488853168, "gamma": 0.09983336951505237, "lamda": 0.7607701814867598}, "datetime": {"datetime": "2021-09-24 17:20:32", "elapsed": 0.325629, "delta": 0.325629}}
{"target": -58.63115005519985, "params": {"C": 9.286430991564236, "epsilon": 0.08925147435983626, "gamma": 0.3429945493655308, "lamda": 0.9534399528487416}, "datetime": {"datetime": "2021-09-24 17:20:32", "elapsed": 0.660309, "delta": 0.33468}}
{"target": -61.503092074033546, "params": {"C": 1.1934650500678081, "epsilon": 0.5126800711223909, "gamma": 0.4064978598644046, "lamda": 0.6129135407625588}, "datetime": {"datetime": "2021-09-24 17:20:33", "elapsed": 1.094104, "delta": 0.433795}}
{"target": -57.09606593337901, "params": {"C": 36.36601055415818, "epsilon": 0.2925841921024625, "gamma": 0.4589692871339588, "lamda": 0.7148612076142928}, "datetime": {"datetime": "2021-09-24 17:20:33", "elapsed": 1.383909, "delta": 0.289805}}
{"target": -54.342001263980606, "params": {"C": 12.271598915855128, "epsilon": 0.19086524025711354, "gamma": 0.23497565561678307, "lamda": 0.13354818640329982}, "datetime": {"datetime": "2021-09-24 17:20:33", "elapsed": 1.711689, "delta": 0.32778}}
{"target": -44.51288332466933, "params": {"C": 13.780208300343535, "epsilon": 0.1981283463184944, "gamma": 0.04519087072256353, "lamda": 0.7407229319174509}, "datetime": {"datetime": "2021-09-24 17:20:34", "elapsed": 2.11998, "delta": 0.408291}}
{"target": -45.23620584635242, "params": {"C": 17.98620707575814, "epsilon": 0.19539655678368906, "gamma": 0.07866597625305745, "lamda": 0.2774741030434084}, "datetime": {"datetime": "2021-09-24 17:20:34", "elapsed": 2.497684, "delta": 0.377704}}
{"target": -60.63770084734355, "params": {"C": 2.0018544213882934, "epsilon": 0.06503580093824804, "gamma": 0.29169602972302955, "lamda": 0.41983465880239745}, "datetime": {"datetime": "2021-09-24 17:20:35", "elapsed": 2.955115, "delta": 0.457431}}
{"target": -59.759773296073845, "params": {"C": 15.775418747298037, "epsilon": 1.0, "gamma": 0.5, "lamda": 1.0}, "datetime": {"datetime": "2021-09-24 17:20:35", "elapsed": 3.497778, "delta": 0.542663}}
{"target": -51.901728181532086, "params": {"C": 14.086481067974503, "epsilon": 0.001, "gamma": 0.001, "lamda": 0.001}, "datetime": {"datetime": "2021-09-24 17:20:36", "elapsed": 4.342233, "delta": 0.844455}}
{"target": -52.08516915784505, "params": {"C": 13.521193701629612, "epsilon": 0.8764927897169057, "gamma": 0.001, "lamda": 1.0}, "datetime": {"datetime": "2021-09-24 17:20:37", "elapsed": 5.025848, "delta": 0.683615}}
{"target": -59.67209496493753, "params": {"C": 14.028344009113251, "epsilon": 0.004925625480378509, "gamma": 0.4731253578466517, "lamda": 0.8233273331533324}, "datetime": {"datetime": "2021-09-24 17:20:37", "elapsed": 5.577921, "delta": 0.552073}}
{"target": -49.82972989310552, "params": {"C": 37.996073892588065, "epsilon": 0.4306123937458049, "gamma": 0.2215488446013122, "lamda": 0.34062936999802357}, "datetime": {"datetime": "2021-09-24 17:20:38", "elapsed": 5.926928, "delta": 0.349007}}
{"target": -45.94657330822444, "params": {"C": 33.81238270076749, "epsilon": 0.2528687895370163, "gamma": 0.10207611656687439, "lamda": 0.9521627930200763}, "datetime": {"datetime": "2021-09-24 17:20:38", "elapsed": 6.317457, "delta": 0.390529}}
{"target": -44.00935075664384, "params": {"C": 36.07807432529374, "epsilon": 0.26836721165401656, "gamma": 0.04620752792153309, "lamda": 0.7007642576443648}, "datetime": {"datetime": "2021-09-24 17:20:38", "elapsed": 6.700099, "delta": 0.382642}}
{"target": -55.814143524302104, "params": {"C": 12.49530654454617, "epsilon": 0.13116976825260407, "gamma": 0.27257099065303564, "lamda": 0.8299345155347824}, "datetime": {"datetime": "2021-09-24 17:20:39", "elapsed": 7.1371, "delta": 0.437001}}
{"target": -54.745565861069814, "params": {"C": 20.84126963352719, "epsilon": 0.0449463867332195, "gamma": 0.295627517513473, "lamda": 0.7210470093871038}, "datetime": {"datetime": "2021-09-24 17:20:39", "elapsed": 7.561122, "delta": 0.424022}}
{"target": -55.018541942018835, "params": {"C": 24.467524339389165, "epsilon": 0.42725298909669246, "gamma": 0.32000193829263107, "lamda": 0.9566208441244972}, "datetime": {"datetime": "2021-09-24 17:20:40", "elapsed": 8.042515, "delta": 0.481393}}
{"target": -45.421504134453855, "params": {"C": 14.670158627478113, "epsilon": 0.4675696406013723, "gamma": 0.07339137480703667, "lamda": 0.5876215860049085}, "datetime": {"datetime": "2021-09-24 17:20:40", "elapsed": 8.4789, "delta": 0.436385}}
{"target": -51.37283999356499, "params": {"C": 31.740136116831373, "epsilon": 0.8356986482318105, "gamma": 0.2505892733028351, "lamda": 0.600632155711022}, "datetime": {"datetime": "2021-09-24 17:20:40", "elapsed": 8.890549, "delta": 0.411649}}
{"target": -45.17650102271228, "params": {"C": 32.362438867830974, "epsilon": 0.2646383744476102, "gamma": 0.07883112139040677, "lamda": 0.16088084303177969}, "datetime": {"datetime": "2021-09-24 17:20:41", "elapsed": 9.357558, "delta": 0.467009}}
{"target": -61.225258156884756, "params": {"C": 4.126406459020476, "epsilon": 0.3870203179613624, "gamma": 0.493986121366274, "lamda": 0.21843662012273446}, "datetime": {"datetime": "2021-09-24 17:20:41", "elapsed": 9.852552, "delta": 0.494994}}
{"target": -51.12870716452392, "params": {"C": 24.001162709451666, "epsilon": 0.9673346931028696, "gamma": 0.22410290122769302, "lamda": 0.160600298725654}, "datetime": {"datetime": "2021-09-24 17:20:42", "elapsed": 10.407552, "delta": 0.555}}
{"target": -58.08834790481186, "params": {"C": 27.036555066201156, "epsilon": 0.19758869155755812, "gamma": 0.4722747948664178, "lamda": 0.19914973886931112}, "datetime": {"datetime": "2021-09-24 17:20:42", "elapsed": 10.825551, "delta": 0.417999}}
{"target": -59.66532398647348, "params": {"C": 16.216024883609133, "epsilon": 0.33600185467739285, "gamma": 0.498408650991066, "lamda": 0.44837147490898993}, "datetime": {"datetime": "2021-09-24 17:20:43", "elapsed": 11.221551, "delta": 0.396}}
{"target": -46.538262993724544, "params": {"C": 5.442189751361846, "epsilon": 0.26296729749053954, "gamma": 0.03274486025568057, "lamda": 0.5874445293618398}, "datetime": {"datetime": "2021-09-24 17:20:43", "elapsed": 11.728551, "delta": 0.507}}
{"target": -57.30972601840874, "params": {"C": 33.7327705512568, "epsilon": 0.9440202310185998, "gamma": 0.4490473944050599, "lamda": 0.7499300746270994}, "datetime": {"datetime": "2021-09-24 17:20:44", "elapsed": 12.160551, "delta": 0.432}}
{"target": -53.39656393360997, "params": {"C": 35.7758639582296, "epsilon": 0.20895946070078605, "gamma": 0.3203612567379151, "lamda": 0.6540016334818134}, "datetime": {"datetime": "2021-09-24 17:20:44", "elapsed": 12.582068, "delta": 0.421517}}
{"target": -56.912791930978095, "params": {"C": 30.012211712830894, "epsilon": 0.7783929548149774, "gamma": 0.4185436044489949, "lamda": 0.6352001895899717}, "datetime": {"datetime": "2021-09-24 17:20:45", "elapsed": 12.977066, "delta": 0.394998}}
{"target": -46.02456474664259, "params": {"C": 15.026422908581198, "epsilon": 0.47651359662465886, "gamma": 0.003961386892356481, "lamda": 0.013297793328351064}, "datetime": {"datetime": "2021-09-24 17:20:45", "elapsed": 13.566067, "delta": 0.589001}}
{"target": -52.542298791508344, "params": {"C": 3.5551243321337633, "epsilon": 0.6197446382270237, "gamma": 0.003949620141890435, "lamda": 0.5809136421188221}, "datetime": {"datetime": "2021-09-24 17:20:46", "elapsed": 14.082071, "delta": 0.516004}}
{"target": -52.7502538408516, "params": {"C": 8.950545306324024, "epsilon": 0.23023284996254278, "gamma": 0.1737577639605078, "lamda": 0.02082346023566651}, "datetime": {"datetime": "2021-09-24 17:20:46", "elapsed": 14.740099, "delta": 0.658028}}
{"target": -56.128751960298956, "params": {"C": 34.227382872669025, "epsilon": 0.6515829462360181, "gamma": 0.40577873158482536, "lamda": 0.25433835148904976}, "datetime": {"datetime": "2021-09-24 17:20:47", "elapsed": 15.224102, "delta": 0.484003}}
{"target": -49.19098086793141, "params": {"C": 20.155331351165106, "epsilon": 0.8386093674578563, "gamma": 0.16384190105651839, "lamda": 0.9641911549495886}, "datetime": {"datetime": "2021-09-24 17:20:47", "elapsed": 15.741132, "delta": 0.51703}}
{"target": -57.839555613243384, "params": {"C": 1.953640146684334, "epsilon": 0.6702376986054547, "gamma": 0.15241074825740172, "lamda": 0.9677421411770963}, "datetime": {"datetime": "2021-09-24 17:20:48", "elapsed": 16.185136, "delta": 0.444004}}
{"target": -51.857270691332786, "params": {"C": 33.51841955762416, "epsilon": 0.028783292848629547, "gamma": 0.27620683924169437, "lamda": 0.80766431264029}, "datetime": {"datetime": "2021-09-24 17:20:48", "elapsed": 16.659147, "delta": 0.474011}}
{"target": -61.19024636598265, "params": {"C": 1.1529109509885256, "epsilon": 0.5050737613677941, "gamma": 0.30552694030958194, "lamda": 0.24792659170202666}, "datetime": {"datetime": "2021-09-24 17:20:49", "elapsed": 17.187139, "delta": 0.527992}}
{"target": -56.33771086427189, "params": {"C": 32.3950520933587, "epsilon": 0.06728918851559694, "gamma": 0.40700254011546033, "lamda": 0.8983316464570378}, "datetime": {"datetime": "2021-09-24 17:20:49", "elapsed": 17.796674, "delta": 0.609535}}
{"target": -46.37551657940186, "params": {"C": 14.90179776602043, "epsilon": 0.41720614737557365, "gamma": 0.09662811138279284, "lamda": 0.43904655701047185}, "datetime": {"datetime": "2021-09-24 17:20:51", "elapsed": 18.974896, "delta": 1.178222}}
{"target": -60.36822835613792, "params": {"C": 8.53034526735251, "epsilon": 0.7933931066577246, "gamma": 0.46328167270750725, "lamda": 0.23281202562803588}, "datetime": {"datetime": "2021-09-24 17:20:51", "elapsed": 19.742898, "delta": 0.768002}}
{"target": -51.738488443670306, "params": {"C": 14.654401931431224, "epsilon": 0.5382247357136714, "gamma": 0.001, "lamda": 0.21735826074970607}, "datetime": {"datetime": "2021-09-24 17:20:52", "elapsed": 20.828956, "delta": 1.086058}}
{"target": -55.860980192661174, "params": {"C": 27.03340726393043, "epsilon": 0.0770965142581016, "gamma": 0.3621822843166862, "lamda": 0.34587019215586484}, "datetime": {"datetime": "2021-09-24 17:20:53", "elapsed": 21.304957, "delta": 0.476001}}
{"target": -44.104756155426166, "params": {"C": 13.64975672650309, "epsilon": 0.388426522289547, "gamma": 0.02202839169130201, "lamda": 0.4907319956495835}, "datetime": {"datetime": "2021-09-24 17:20:54", "elapsed": 22.495961, "delta": 1.191004}}
{"target": -54.78546687863113, "params": {"C": 42.38894288659717, "epsilon": 0.7151348919531788, "gamma": 0.3801936375884194, "lamda": 0.28507244023190165}, "datetime": {"datetime": "2021-09-24 17:20:55", "elapsed": 23.003956, "delta": 0.507995}}
{"target": -44.049910580270335, "params": {"C": 14.689156133456489, "epsilon": 0.5577640473984611, "gamma": 0.013016759742124632, "lamda": 0.1982955278509701}, "datetime": {"datetime": "2021-09-24 17:20:55", "elapsed": 23.578906, "delta": 0.57495}}
{"target": -58.06737689448083, "params": {"C": 6.284157840879996, "epsilon": 0.22168132914237512, "gamma": 0.2734289126849867, "lamda": 0.5243454311967547}, "datetime": {"datetime": "2021-09-24 17:20:56", "elapsed": 24.100257, "delta": 0.521351}}
{"target": -59.5535104500456, "params": {"C": 9.352092475486062, "epsilon": 0.6341275679738119, "gamma": 0.4000183240857749, "lamda": 0.5576153835532349}, "datetime": {"datetime": "2021-09-24 17:20:56", "elapsed": 24.55922, "delta": 0.458963}}
{"target": -44.51846421215777, "params": {"C": 13.80351428452464, "epsilon": 0.23651249835598806, "gamma": 0.045366828486038804, "lamda": 0.6750756391553636}, "datetime": {"datetime": "2021-09-24 17:20:57", "elapsed": 25.075184, "delta": 0.515964}}
{"target": -44.25582151227064, "params": {"C": 36.13132592471916, "epsilon": 0.27564600534057676, "gamma": 0.053507123917589806, "lamda": 0.7047989952973606}, "datetime": {"datetime": "2021-09-24 17:20:57", "elapsed": 25.785117, "delta": 0.709933}}
{"target": -52.62025687454508, "params": {"C": 38.83424859476836, "epsilon": 0.012144687028518876, "gamma": 0.3117689795095811, "lamda": 0.7451578298847117}, "datetime": {"datetime": "2021-09-24 17:20:58", "elapsed": 26.473143, "delta": 0.688026}}
{"target": -44.208353977054166, "params": {"C": 13.6985711383173, "epsilon": 0.33277314593200247, "gamma": 0.029848140364215726, "lamda": 0.5605534675846691}, "datetime": {"datetime": "2021-09-24 17:20:59", "elapsed": 27.571392, "delta": 1.098249}}
{"target": -44.2109911551005, "params": {"C": 14.754528577916576, "epsilon": 0.6103504961599265, "gamma": 0.032583722698303084, "lamda": 0.32457723111982534}, "datetime": {"datetime": "2021-09-24 17:21:00", "elapsed": 28.224547, "delta": 0.653155}}
{"target": -45.637753967104636, "params": {"C": 33.01160881418254, "epsilon": 0.883446601030763, "gamma": 0.09284172823417312, "lamda": 0.4685392132101082}, "datetime": {"datetime": "2021-09-24 17:21:00", "elapsed": 28.774732, "delta": 0.550185}}
{"target": -44.18235863865434, "params": {"C": 14.854889548773023, "epsilon": 0.4576904015808385, "gamma": 0.03649471654320918, "lamda": 0.2198654166017189}, "datetime": {"datetime": "2021-09-24 17:21:01", "elapsed": 29.903563, "delta": 1.128831}}
{"target": -45.23591349523131, "params": {"C": 14.790705438159062, "epsilon": 0.6291512679386976, "gamma": 0.06921457803958425, "lamda": 0.020660338236094384}, "datetime": {"datetime": "2021-09-24 17:21:03", "elapsed": 31.101917, "delta": 1.198354}}
{"target": -51.007983041815805, "params": {"C": 13.694716233049052, "epsilon": 0.35350840746174017, "gamma": 0.0012521016806515738, "lamda": 0.45473112270489313}, "datetime": {"datetime": "2021-09-24 17:21:03", "elapsed": 31.821006, "delta": 0.719089}}
{"target": -46.97350404188274, "params": {"C": 14.818676863040215, "epsilon": 0.6770540123118198, "gamma": 0.10815548870153861, "lamda": 0.15726642687770737}, "datetime": {"datetime": "2021-09-24 17:21:04", "elapsed": 32.788897, "delta": 0.967891}}
{"target": -50.85433985315591, "params": {"C": 14.727161478898624, "epsilon": 0.5621735762381492, "gamma": 0.17287782896262197, "lamda": 0.22347970836170716}, "datetime": {"datetime": "2021-09-24 17:21:05", "elapsed": 33.649653, "delta": 0.860756}}
{"target": -46.61243722229581, "params": {"C": 12.413023025998864, "epsilon": 0.7321085329611898, "gamma": 0.08896124497250782, "lamda": 0.6855310787088634}, "datetime": {"datetime": "2021-09-24 17:21:06", "elapsed": 34.2563, "delta": 0.606647}}
{"target": -49.16643448251526, "params": {"C": 13.69855389045562, "epsilon": 0.4454272589795996, "gamma": 0.1372932699870347, "lamda": 0.6296304882918172}, "datetime": {"datetime": "2021-09-24 17:21:07", "elapsed": 35.045932, "delta": 0.789632}}
{"target": -44.75944557259658, "params": {"C": 14.77656616703013, "epsilon": 0.5449882173506271, "gamma": 0.006084013955074265, "lamda": 0.12432331465885828}, "datetime": {"datetime": "2021-09-24 17:21:08", "elapsed": 36.205548, "delta": 1.159616}}
{"target": -51.71149619703786, "params": {"C": 14.745187878175498, "epsilon": 0.6460933103126748, "gamma": 0.001, "lamda": 0.1968816392974527}, "datetime": {"datetime": "2021-09-24 17:21:09", "elapsed": 37.480368, "delta": 1.27482}}
{"target": -47.421844791450226, "params": {"C": 38.69147849788694, "epsilon": 0.1886021907944591, "gamma": 0.1460945129055288, "lamda": 0.7137680665676533}, "datetime": {"datetime": "2021-09-24 17:21:10", "elapsed": 38.00545, "delta": 0.525082}}
{"target": -55.72488267987074, "params": {"C": 38.415304905205396, "epsilon": 0.39856526165355405, "gamma": 0.4056259457111507, "lamda": 0.2328308452862126}, "datetime": {"datetime": "2021-09-24 17:21:10", "elapsed": 38.533339, "delta": 0.527889}}
{"target": -56.75913552299713, "params": {"C": 42.44805174848712, "epsilon": 0.23373402703511997, "gamma": 0.46333911687745327, "lamda": 0.9026096695618472}, "datetime": {"datetime": "2021-09-24 17:21:11", "elapsed": 39.055571, "delta": 0.522232}}
{"target": -44.243932641682775, "params": {"C": 14.942407824991658, "epsilon": 0.4864717531432296, "gamma": 0.04086826157081638, "lamda": 0.22360251895347213}, "datetime": {"datetime": "2021-09-24 17:21:11", "elapsed": 39.766197, "delta": 0.710626}}
{"target": -57.84973139753134, "params": {"C": 21.657382074456798, "epsilon": 0.7626931762068215, "gamma": 0.42058130387860204, "lamda": 0.5358735792810686}, "datetime": {"datetime": "2021-09-24 17:21:12", "elapsed": 40.299991, "delta": 0.533794}}
{"target": -44.51772043354264, "params": {"C": 14.842702191690329, "epsilon": 0.5387084028168062, "gamma": 0.04825773256940145, "lamda": 0.2995833306815292}, "datetime": {"datetime": "2021-09-24 17:21:13", "elapsed": 41.77364, "delta": 1.473649}}
{"target": -56.587481725133685, "params": {"C": 9.218566324568211, "epsilon": 0.9521977917578793, "gamma": 0.2641226893515121, "lamda": 0.37001624670043864}, "datetime": {"datetime": "2021-09-24 17:21:14", "elapsed": 42.686691, "delta": 0.913051}}
{"target": -47.246251733509446, "params": {"C": 14.819874390803585, "epsilon": 0.4701877737496063, "gamma": 0.11125501667451788, "lamda": 0.5619931599835672}, "datetime": {"datetime": "2021-09-24 17:21:15", "elapsed": 43.403304, "delta": 0.716613}}
{"target": -46.12906890949433, "params": {"C": 13.572889780121642, "epsilon": 0.3395162636645472, "gamma": 0.08744936406543766, "lamda": 0.5325917034554306}, "datetime": {"datetime": "2021-09-24 17:21:16", "elapsed": 44.447076, "delta": 1.043772}}
{"target": -44.304099583377116, "params": {"C": 13.680279376593402, "epsilon": 0.2743175792604492, "gamma": 0.03692197648162082, "lamda": 0.680952834987795}, "datetime": {"datetime": "2021-09-24 17:21:17", "elapsed": 45.220968, "delta": 0.773892}}
{"target": -43.85228890666086, "params": {"C": 20.205575990248597, "epsilon": 0.009253851895886064, "gamma": 0.02365388540684755, "lamda": 0.6179366918887795}, "datetime": {"datetime": "2021-09-24 17:21:17", "elapsed": 45.835898, "delta": 0.61493}}
{"target": -52.009505098680435, "params": {"C": 13.76867613165224, "epsilon": 0.3375003325301657, "gamma": 0.001, "lamda": 0.724144951582361}, "datetime": {"datetime": "2021-09-24 17:21:18", "elapsed": 46.753713, "delta": 0.917815}}
{"target": -44.66673266792336, "params": {"C": 18.82509350879211, "epsilon": 0.7156549843862755, "gamma": 0.05545641354028601, "lamda": 0.9163377397860643}, "datetime": {"datetime": "2021-09-24 17:21:19", "elapsed": 47.341102, "delta": 0.587389}}
{"target": -45.782959443525534, "params": {"C": 14.901012773142044, "epsilon": 0.5351664557714806, "gamma": 0.08455514165647761, "lamda": 0.10785164874055912}, "datetime": {"datetime": "2021-09-24 17:21:20", "elapsed": 48.39366, "delta": 1.052558}}
{"target": -46.32310876351514, "params": {"C": 33.79076520001369, "epsilon": 0.2818513797319446, "gamma": 0.11191196208912364, "lamda": 0.9772124719399694}, "datetime": {"datetime": "2021-09-24 17:21:21", "elapsed": 49.010817, "delta": 0.617157}}
{"target": -43.90909289975445, "params": {"C": 46.421936773689396, "epsilon": 0.9522555742455784, "gamma": 0.0441495977787488, "lamda": 0.10239878758536837}, "datetime": {"datetime": "2021-09-24 17:21:22", "elapsed": 50.089027, "delta": 1.07821}}
{"target": -48.46647794334216, "params": {"C": 22.133040129062696, "epsilon": 0.42993448521450595, "gamma": 0.15715046739715785, "lamda": 0.7336948966890626}, "datetime": {"datetime": "2021-09-24 17:21:22", "elapsed": 50.617018, "delta": 0.527991}}
{"target": -49.996568207640394, "params": {"C": 2.525722933348974, "epsilon": 0.5810209895669107, "gamma": 0.04562537936929434, "lamda": 0.2168632274576031}, "datetime": {"datetime": "2021-09-24 17:21:23", "elapsed": 51.288062, "delta": 0.671044}}
{"target": -44.31559500410374, "params": {"C": 20.284116587552198, "epsilon": 0.09448568730093565, "gamma": 0.04535394990962752, "lamda": 0.6406057456584396}, "datetime": {"datetime": "2021-09-24 17:21:24", "elapsed": 52.076017, "delta": 0.787955}}
{"target": -45.686334987920326, "params": {"C": 10.878757219377865, "epsilon": 0.43338646592772617, "gamma": 0.06391050406747922, "lamda": 0.8202235274666865}, "datetime": {"datetime": "2021-09-24 17:21:24", "elapsed": 52.65102, "delta": 0.575003}}
{"target": -46.5753805234128, "params": {"C": 14.677114439263118, "epsilon": 0.5067238717034842, "gamma": 0.1018535987244496, "lamda": 0.03477874373973583}, "datetime": {"datetime": "2021-09-24 17:21:26", "elapsed": 53.974025, "delta": 1.323005}}
{"target": -53.67654887646202, "params": {"C": 13.930141585878701, "epsilon": 0.7304314143125221, "gamma": 0.22781211220812847, "lamda": 0.8827696461095325}, "datetime": {"datetime": "2021-09-24 17:21:26", "elapsed": 54.59102, "delta": 0.616995}}
{"target": -45.511241242240054, "params": {"C": 14.898489184345443, "epsilon": 0.37361606749689735, "gamma": 0.004633997448710587, "lamda": 0.13293330693108182}, "datetime": {"datetime": "2021-09-24 17:21:27", "elapsed": 55.489021, "delta": 0.898001}}
{"target": -57.806574538144574, "params": {"C": 33.411849469176595, "epsilon": 0.11646224648361071, "gamma": 0.48617282622388325, "lamda": 0.8651193642136592}, "datetime": {"datetime": "2021-09-24 17:21:28", "elapsed": 56.196407, "delta": 0.707386}}
{"target": -47.30624400805317, "params": {"C": 14.79399448314816, "epsilon": 0.5288180311405477, "gamma": 0.11189500915101493, "lamda": 0.5592138821290804}, "datetime": {"datetime": "2021-09-24 17:21:28", "elapsed": 56.846916, "delta": 0.650509}}
{"target": -51.947555825340814, "params": {"C": 13.791208952481812, "epsilon": 0.17913962150583734, "gamma": 0.1905566386144028, "lamda": 0.6401161175774449}, "datetime": {"datetime": "2021-09-24 17:21:30", "elapsed": 58.38246, "delta": 1.535544}}
