{"target": 0.4692890998526025, "params": {"C": 859.8845610610167, "epsilon": 0.9975323859028339, "gamma": 0.009428176141854566, "lamda": 0.5145697796619265}, "datetime": {"datetime": "2021-09-23 22:53:26", "elapsed": 686.79989, "delta": 2.579672}}
{"target": 0.4692069971273931, "params": {"C": 863.1885511336565, "epsilon": 0.8649018748213736, "gamma": 0.009924469076336146, "lamda": 0.5719651449916281}, "datetime": {"datetime": "2021-09-23 22:53:28", "elapsed": 689.328471, "delta": 2.528581}}
{"target": 0.46824941841963263, "params": {"C": 870.5405749610818, "epsilon": 0.8179510552411818, "gamma": 0.011638601842489804, "lamda": 0.7299152272286351}, "datetime": {"datetime": "2021-09-23 22:53:31", "elapsed": 692.010614, "delta": 2.682143}}
{"target": 0.46911065127481744, "params": {"C": 785.5281445586384, "epsilon": 0.7146434484077004, "gamma": 0.007199437589710439, "lamda": 0.6445033693553763}, "datetime": {"datetime": "2021-09-23 22:53:34", "elapsed": 695.575153, "delta": 3.564539}}
{"target": 0.4695239101059624, "params": {"C": 750.0388331494033, "epsilon": 0.7995437841154882, "gamma": 0.00852340654096177, "lamda": 0.5786043372242634}, "datetime": {"datetime": "2021-09-23 22:53:37", "elapsed": 698.255136, "delta": 2.679983}}
{"target": 0.46839516823376215, "params": {"C": 820.0063131583154, "epsilon": 0.8725719099128847, "gamma": 0.010887408108290102, "lamda": 0.7586790147279983}, "datetime": {"datetime": "2021-09-23 22:53:40", "elapsed": 701.378163, "delta": 3.123027}}
{"target": 0.46855118647828986, "params": {"C": 873.4365602316188, "epsilon": 0.8334217460806173, "gamma": 0.011208653291472196, "lamda": 0.608558972070603}, "datetime": {"datetime": "2021-09-23 22:53:43", "elapsed": 704.001121, "delta": 2.622958}}
{"target": 0.4686680597288805, "params": {"C": 865.2414250211724, "epsilon": 0.9345752676032902, "gamma": 0.010596382570295023, "lamda": 0.6562862129081464}, "datetime": {"datetime": "2021-09-23 22:53:45", "elapsed": 706.40629, "delta": 2.405169}}
{"target": 0.46808894629275044, "params": {"C": 886.2782897482402, "epsilon": 0.8730141976737806, "gamma": 0.006627517357657593, "lamda": 0.6006682268370073}, "datetime": {"datetime": "2021-09-23 22:53:48", "elapsed": 709.102634, "delta": 2.696344}}
{"target": 0.46848218288277577, "params": {"C": 847.256595111034, "epsilon": 0.9114996265397036, "gamma": 0.006563977121615287, "lamda": 0.5122221243743997}, "datetime": {"datetime": "2021-09-23 22:53:50", "elapsed": 711.41111, "delta": 2.308476}}
{"target": 0.4694718557150943, "params": {"C": 801.3770087837498, "epsilon": 0.7343804662643811, "gamma": 0.007884539147760536, "lamda": 0.6145741886230631}, "datetime": {"datetime": "2021-09-23 22:53:53", "elapsed": 714.113369, "delta": 2.702259}}
{"target": 0.4678838091363935, "params": {"C": 786.8514684419662, "epsilon": 0.7955969254334273, "gamma": 0.0071709730009596375, "lamda": 0.7712084145066405}, "datetime": {"datetime": "2021-09-23 22:53:56", "elapsed": 716.890139, "delta": 2.77677}}
{"target": 0.46867737053624636, "params": {"C": 861.7456208920752, "epsilon": 0.785333206644079, "gamma": 0.008489422628942402, "lamda": 0.7938820290107897}, "datetime": {"datetime": "2021-09-23 22:53:58", "elapsed": 719.343204, "delta": 2.453065}}
{"target": 0.46810932416242335, "params": {"C": 846.683859010145, "epsilon": 0.8864122205456713, "gamma": 0.006993282556439645, "lamda": 0.639644692642074}, "datetime": {"datetime": "2021-09-23 22:54:02", "elapsed": 723.109706, "delta": 3.766502}}
{"target": 0.4693555412194831, "params": {"C": 869.4879908148868, "epsilon": 0.7225026156587745, "gamma": 0.009528224964961625, "lamda": 0.6762017312169695}, "datetime": {"datetime": "2021-09-23 22:54:05", "elapsed": 726.289544, "delta": 3.179838}}
{"target": 0.46829219776484354, "params": {"C": 753.056149322815, "epsilon": 0.9732280155001187, "gamma": 0.008749718725726455, "lamda": 0.7020928206510496}, "datetime": {"datetime": "2021-09-23 22:54:08", "elapsed": 729.082167, "delta": 2.792623}}
{"target": 0.4682325048312127, "params": {"C": 847.2689969971844, "epsilon": 0.9993381839607897, "gamma": 0.01165998249039501, "lamda": 0.5732674555423468}, "datetime": {"datetime": "2021-09-23 22:54:10", "elapsed": 731.56239, "delta": 2.480223}}
{"target": 0.4674495157848273, "params": {"C": 758.7606608020237, "epsilon": 0.961533860887851, "gamma": 0.00781705729928705, "lamda": 0.7486061921174346}, "datetime": {"datetime": "2021-09-23 22:54:13", "elapsed": 734.004772, "delta": 2.442382}}
{"target": 0.4682178647098537, "params": {"C": 754.4258315703578, "epsilon": 0.7941041271566054, "gamma": 0.01172746806841625, "lamda": 0.6621887904009945}, "datetime": {"datetime": "2021-09-23 22:54:16", "elapsed": 736.907941, "delta": 2.903169}}
{"target": 0.46870910700659163, "params": {"C": 804.2653944547828, "epsilon": 0.8030860429466767, "gamma": 0.010963051674671605, "lamda": 0.6281120591038758}, "datetime": {"datetime": "2021-09-23 22:54:18", "elapsed": 739.606588, "delta": 2.698647}}
{"target": 0.4682587599065955, "params": {"C": 884.9971695573656, "epsilon": 0.9332355712140914, "gamma": 0.008418986048703747, "lamda": 0.7191237729916096}, "datetime": {"datetime": "2021-09-23 22:54:21", "elapsed": 742.428049, "delta": 2.821461}}
{"target": 0.46923607443365334, "params": {"C": 1004.2641286533492, "epsilon": 0.7062255848078204, "gamma": 0.009801889409557653, "lamda": 0.7246411647615836}, "datetime": {"datetime": "2021-09-23 22:56:15", "elapsed": 0.0, "delta": 0.0}}
{"target": 0.4683851276939289, "params": {"C": 949.7014024605181, "epsilon": 0.7674389936592543, "gamma": 0.007188377188557744, "lamda": 0.7281592136596877}, "datetime": {"datetime": "2021-09-23 22:56:15", "elapsed": 0.24867, "delta": 0.24867}}
{"target": 0.4689909523747853, "params": {"C": 883.8221673125071, "epsilon": 0.726501944252203, "gamma": 0.010112158910206785, "lamda": 0.786018003858481}, "datetime": {"datetime": "2021-09-23 22:56:16", "elapsed": 0.729133, "delta": 0.480463}}
{"target": 0.4686567659454197, "params": {"C": 850.7896532655828, "epsilon": 0.853657679015733, "gamma": 0.010875725769912682, "lamda": 0.6837578200488165}, "datetime": {"datetime": "2021-09-23 22:56:16", "elapsed": 0.994128, "delta": 0.264995}}
{"target": 0.4683692298977755, "params": {"C": 994.3510634863599, "epsilon": 0.78756282045119, "gamma": 0.011506644735077662, "lamda": 0.7143727350193072}, "datetime": {"datetime": "2021-09-23 22:56:16", "elapsed": 1.554611, "delta": 0.560483}}
{"target": 0.4696011319790786, "params": {"C": 896.0065261871638, "epsilon": 0.7570165886657998, "gamma": 0.008813334536474347, "lamda": 0.5398042601811711}, "datetime": {"datetime": "2021-09-23 22:56:17", "elapsed": 2.430079, "delta": 0.875468}}
{"target": 0.46894986741029776, "params": {"C": 895.6492828347223, "epsilon": 0.7697106378109255, "gamma": 0.008882344158950981, "lamda": 0.7774933216132598}, "datetime": {"datetime": "2021-09-23 22:56:18", "elapsed": 3.107081, "delta": 0.677002}}
{"target": 0.4678898391956582, "params": {"C": 896.1595049075204, "epsilon": 0.9001458440931488, "gamma": 0.006909351765540194, "lamda": 0.6458965894736214}, "datetime": {"datetime": "2021-09-23 22:56:19", "elapsed": 3.690114, "delta": 0.583033}}
{"target": 0.4694153999444046, "params": {"C": 854.0892017199523, "epsilon": 0.7192299702517261, "gamma": 0.009495343042761879, "lamda": 0.6257761738145338}, "datetime": {"datetime": "2021-09-23 22:56:19", "elapsed": 4.163385, "delta": 0.473271}}
{"target": 0.4682864816053348, "params": {"C": 972.0001231676431, "epsilon": 0.9766855652883952, "gamma": 0.010256829872763835, "lamda": 0.7252684851800832}, "datetime": {"datetime": "2021-09-23 22:56:20", "elapsed": 4.912062, "delta": 0.748677}}
{"target": 0.4674458719042389, "params": {"C": 1015.0598974153684, "epsilon": 0.8598938456423705, "gamma": 0.007387050364069023, "lamda": 0.7909880431628717}, "datetime": {"datetime": "2021-09-23 22:56:20", "elapsed": 5.346059, "delta": 0.433997}}
{"target": 0.4693274937561045, "params": {"C": 1002.8594627766939, "epsilon": 0.8225859915112113, "gamma": 0.009116365170829407, "lamda": 0.6290375636450375}, "datetime": {"datetime": "2021-09-23 22:56:21", "elapsed": 5.713071, "delta": 0.367012}}
{"target": 0.4695640472502096, "params": {"C": 858.1927974211915, "epsilon": 0.7679502324279366, "gamma": 0.007953880603861799, "lamda": 0.5564995086515991}, "datetime": {"datetime": "2021-09-23 22:56:21", "elapsed": 6.3011, "delta": 0.588029}}
{"target": 0.4694019626846808, "params": {"C": 1001.0043832350533, "epsilon": 0.829012730854596, "gamma": 0.008651889915045837, "lamda": 0.6019908018012083}, "datetime": {"datetime": "2021-09-23 22:56:23", "elapsed": 7.963284, "delta": 1.662184}}
{"target": 0.4679692631866934, "params": {"C": 983.9280926561938, "epsilon": 0.7756362731342391, "gamma": 0.007215344086976445, "lamda": 0.7856344723784013}, "datetime": {"datetime": "2021-09-23 22:56:23", "elapsed": 8.401555, "delta": 0.438271}}
{"target": 0.4677331262961385, "params": {"C": 993.1758135726275, "epsilon": 0.7802904539501551, "gamma": 0.006543577490038474, "lamda": 0.7101394167100195}, "datetime": {"datetime": "2021-09-23 22:56:24", "elapsed": 8.920558, "delta": 0.519003}}
{"target": 0.4692083561782827, "params": {"C": 896.919618549168, "epsilon": 0.7390900204962775, "gamma": 0.009265382653142713, "lamda": 0.7489292839443791}, "datetime": {"datetime": "2021-09-23 22:56:24", "elapsed": 9.422555, "delta": 0.501997}}
{"target": 0.4693014734827914, "params": {"C": 930.9847740143966, "epsilon": 0.7131971131330989, "gamma": 0.009542615441043763, "lamda": 0.7162303331492804}, "datetime": {"datetime": "2021-09-23 22:56:25", "elapsed": 10.085559, "delta": 0.663004}}
{"target": 0.4686733718814031, "params": {"C": 945.7858136301599, "epsilon": 0.8280039006296374, "gamma": 0.009835694648809191, "lamda": 0.786973226463813}, "datetime": {"datetime": "2021-09-23 22:56:26", "elapsed": 10.812628, "delta": 0.727069}}
{"target": 0.46797870059047153, "params": {"C": 905.7965658264413, "epsilon": 0.8401110031835952, "gamma": 0.006870437372429298, "lamda": 0.6761626384399125}, "datetime": {"datetime": "2021-09-23 22:56:27", "elapsed": 11.747627, "delta": 0.934999}}
{"target": 0.46862863434209157, "params": {"C": 975.4699433340056, "epsilon": 0.9506602547242674, "gamma": 0.009001073426486995, "lamda": 0.6800697164297363}, "datetime": {"datetime": "2021-09-23 22:56:27", "elapsed": 12.333998, "delta": 0.586371}}
{"target": 0.46910297928549194, "params": {"C": 978.0099545625754, "epsilon": 0.7791706830173003, "gamma": 0.006935845146978839, "lamda": 0.5480122651747086}, "datetime": {"datetime": "2021-09-23 22:56:28", "elapsed": 12.794998, "delta": 0.461}}
{"target": 0.4678833986218891, "params": {"C": 862.7608426898795, "epsilon": 0.8159220174058145, "gamma": 0.011927688834063414, "lamda": 0.5652962823191395}, "datetime": {"datetime": "2021-09-23 22:56:28", "elapsed": 13.372832, "delta": 0.577834}}
{"target": 0.4691881887918403, "params": {"C": 943.8822967732722, "epsilon": 0.9901905985293903, "gamma": 0.00868260001476184, "lamda": 0.5479280176353315}, "datetime": {"datetime": "2021-09-23 22:56:29", "elapsed": 14.194415, "delta": 0.821583}}
{"target": 0.46793239818927856, "params": {"C": 956.2716533314333, "epsilon": 0.7590356431103777, "gamma": 0.011666630799997007, "lamda": 0.5595044260868802}, "datetime": {"datetime": "2021-09-23 22:56:30", "elapsed": 14.672355, "delta": 0.47794}}
{"target": 0.4679924684707859, "params": {"C": 912.1062240147312, "epsilon": 0.8006011575607787, "gamma": 0.011980865542978749, "lamda": 0.634345788260958}, "datetime": {"datetime": "2021-09-23 22:56:30", "elapsed": 15.167355, "delta": 0.495}}
{"target": 0.4677813610077305, "params": {"C": 868.1313867402524, "epsilon": 0.7786688581052671, "gamma": 0.0063817017265212096, "lamda": 0.6761094682768288}, "datetime": {"datetime": "2021-09-23 22:56:31", "elapsed": 15.707356, "delta": 0.540001}}
{"target": 0.467982212521867, "params": {"C": 983.6031451071706, "epsilon": 0.9831892585641441, "gamma": 0.01138734341970012, "lamda": 0.7249039263144443}, "datetime": {"datetime": "2021-09-23 22:56:31", "elapsed": 16.346842, "delta": 0.639486}}
{"target": 0.46917165641299763, "params": {"C": 991.9423018703249, "epsilon": 0.7624502884987345, "gamma": 0.009840015111077136, "lamda": 0.6960965866311752}, "datetime": {"datetime": "2021-09-23 22:56:32", "elapsed": 16.827742, "delta": 0.4809}}
{"target": 0.46840411011942995, "params": {"C": 968.4171906646159, "epsilon": 0.9334513377822755, "gamma": 0.011020564382152244, "lamda": 0.6904505073843759}, "datetime": {"datetime": "2021-09-23 22:56:32", "elapsed": 17.221738, "delta": 0.393996}}
{"target": 0.468166081502448, "params": {"C": 907.250705749311, "epsilon": 0.8427968758632609, "gamma": 0.006035607858425128, "lamda": 0.5036930310295349}, "datetime": {"datetime": "2021-09-23 22:56:33", "elapsed": 17.656739, "delta": 0.435001}}
{"target": 0.46650921230763764, "params": {"C": 860.4290789066685, "epsilon": 0.8858092006687759, "gamma": 0.006035466374451588, "lamda": 0.6741482408765231}, "datetime": {"datetime": "2021-09-23 22:56:33", "elapsed": 18.193126, "delta": 0.536387}}
{"target": 0.46966226886875295, "params": {"C": 882.4512053319348, "epsilon": 0.7688386936824453, "gamma": 0.008077247662851797, "lamda": 0.5059529910617617}, "datetime": {"datetime": "2021-09-23 22:56:34", "elapsed": 18.892213, "delta": 0.699087}}
{"target": 0.46875176136988916, "params": {"C": 985.6219709088532, "epsilon": 0.8953702541249303, "gamma": 0.010867078936891688, "lamda": 0.5760775830297447}, "datetime": {"datetime": "2021-09-23 22:56:34", "elapsed": 19.418211, "delta": 0.525998}}
{"target": 0.46726982866709954, "params": {"C": 928.1850259231229, "epsilon": 0.9515343445819389, "gamma": 0.00795801885037898, "lamda": 0.7892465930779546}, "datetime": {"datetime": "2021-09-23 22:56:35", "elapsed": 20.182904, "delta": 0.764693}}
{"target": 0.46753038820322235, "params": {"C": 853.8924087619769, "epsilon": 0.9009722818634999, "gamma": 0.007820570119327476, "lamda": 0.7903129553084374}, "datetime": {"datetime": "2021-09-23 22:56:36", "elapsed": 20.845085, "delta": 0.662181}}
{"target": 0.4692985543211504, "params": {"C": 982.7282430923435, "epsilon": 0.7083433311857746, "gamma": 0.00930910027144322, "lamda": 0.7422415353274144}, "datetime": {"datetime": "2021-09-23 22:56:36", "elapsed": 21.426081, "delta": 0.580996}}
{"target": 0.4693044400046117, "params": {"C": 850.6241263305654, "epsilon": 0.8513735019122505, "gamma": 0.00966164657686872, "lamda": 0.5741521296402483}, "datetime": {"datetime": "2021-09-23 22:56:37", "elapsed": 22.081084, "delta": 0.655003}}
{"target": 0.4687360176442136, "params": {"C": 978.143069768811, "epsilon": 0.719906663217897, "gamma": 0.010881794069524574, "lamda": 0.7694689629000113}, "datetime": {"datetime": "2021-09-23 22:56:38", "elapsed": 22.588775, "delta": 0.507691}}
{"target": 0.4688053031697782, "params": {"C": 1002.8115138268525, "epsilon": 0.8222784570104285, "gamma": 0.010792940935479845, "lamda": 0.6129668090536178}, "datetime": {"datetime": "2021-09-23 22:56:39", "elapsed": 24.119527, "delta": 1.530752}}
{"target": 0.4683149621572942, "params": {"C": 880.7361031320511, "epsilon": 0.9379558878852026, "gamma": 0.011558497066623333, "lamda": 0.5696132209093201}, "datetime": {"datetime": "2021-09-23 22:56:40", "elapsed": 25.121327, "delta": 1.0018}}
{"target": 0.4694393109056283, "params": {"C": 882.4214773830843, "epsilon": 0.7993713255506176, "gamma": 0.007802088350119527, "lamda": 0.5651987610717033}, "datetime": {"datetime": "2021-09-23 22:56:41", "elapsed": 25.996331, "delta": 0.875004}}
{"target": 0.46899979064360353, "params": {"C": 882.5656285267364, "epsilon": 0.8369993502023836, "gamma": 0.01035787118966466, "lamda": 0.5292745482120869}, "datetime": {"datetime": "2021-09-23 22:56:43", "elapsed": 28.510878, "delta": 2.514547}}
{"target": 0.4681065036843409, "params": {"C": 882.3565184017859, "epsilon": 0.7187383377738624, "gamma": 0.011158540537052031, "lamda": 0.5325140214581079}, "datetime": {"datetime": "2021-09-23 22:56:44", "elapsed": 29.29388, "delta": 0.783002}}
{"target": 0.46888447518160803, "params": {"C": 1018.934460761621, "epsilon": 0.9144549225084622, "gamma": 0.0105594425361333, "lamda": 0.5853070391086792}, "datetime": {"datetime": "2021-09-23 22:56:45", "elapsed": 30.499883, "delta": 1.206003}}
{"target": 0.4688192321064708, "params": {"C": 882.512646247299, "epsilon": 0.7530066621240974, "gamma": 0.0065283014964978864, "lamda": 0.5516458055477589}, "datetime": {"datetime": "2021-09-23 22:56:46", "elapsed": 31.271879, "delta": 0.771996}}
{"target": 0.4693626544312488, "params": {"C": 871.5679911872653, "epsilon": 0.7662706694121246, "gamma": 0.009275698348917677, "lamda": 0.6571607901491756}, "datetime": {"datetime": "2021-09-23 22:56:47", "elapsed": 32.080925, "delta": 0.809046}}
{"target": 0.46865538962447306, "params": {"C": 884.0901733693308, "epsilon": 0.8901283987909345, "gamma": 0.010797815520069438, "lamda": 0.6671517668328033}, "datetime": {"datetime": "2021-09-23 22:56:48", "elapsed": 32.627936, "delta": 0.547011}}
{"target": 0.4679695524898445, "params": {"C": 1002.8300442447224, "epsilon": 0.8271325395578029, "gamma": 0.00648391908535766, "lamda": 0.6277691725258869}, "datetime": {"datetime": "2021-09-23 22:56:48", "elapsed": 33.273026, "delta": 0.64509}}
{"target": 0.4683239448993708, "params": {"C": 977.6320570935017, "epsilon": 0.7114649621825704, "gamma": 0.011471666316081524, "lamda": 0.6685661887296206}, "datetime": {"datetime": "2021-09-23 22:56:49", "elapsed": 33.870028, "delta": 0.597002}}
{"target": 0.46798818902801465, "params": {"C": 867.9888552573044, "epsilon": 0.99492564514731, "gamma": 0.009977102244447655, "lamda": 0.760791020192714}, "datetime": {"datetime": "2021-09-23 22:56:50", "elapsed": 34.596345, "delta": 0.726317}}
{"target": 0.46920944039888335, "params": {"C": 901.2368649836835, "epsilon": 0.9371066255628432, "gamma": 0.009728433128139277, "lamda": 0.5550687929800312}, "datetime": {"datetime": "2021-09-23 22:56:50", "elapsed": 35.190346, "delta": 0.594001}}
{"target": 0.4679840989042907, "params": {"C": 886.9631937050077, "epsilon": 0.8788139467862356, "gamma": 0.007078995283419377, "lamda": 0.6723572579303969}, "datetime": {"datetime": "2021-09-23 22:56:51", "elapsed": 35.827353, "delta": 0.637007}}
{"target": 0.4677482977832471, "params": {"C": 980.6596278129899, "epsilon": 0.9649989792885174, "gamma": 0.007104309357525128, "lamda": 0.6404021661291617}, "datetime": {"datetime": "2021-09-23 22:56:52", "elapsed": 36.59327, "delta": 0.765917}}
{"target": 0.46808876779311814, "params": {"C": 1042.8188868341967, "epsilon": 0.911167018702004, "gamma": 0.007659257215169344, "lamda": 0.6982362597194156}, "datetime": {"datetime": "2021-09-23 22:56:52", "elapsed": 37.257702, "delta": 0.664432}}
{"target": 0.4676080711092351, "params": {"C": 1006.0527177706459, "epsilon": 0.9959677006862767, "gamma": 0.007702254503798266, "lamda": 0.695073579281476}, "datetime": {"datetime": "2021-09-23 22:56:53", "elapsed": 37.921702, "delta": 0.664}}
{"target": 0.4694506355883633, "params": {"C": 946.8367329797252, "epsilon": 0.7982441713779294, "gamma": 0.008512693702850163, "lamda": 0.6053374321789265}, "datetime": {"datetime": "2021-09-23 22:56:53", "elapsed": 38.478302, "delta": 0.5566}}
{"target": 0.4691910071951889, "params": {"C": 865.2253009105262, "epsilon": 0.8566951620481081, "gamma": 0.008978853354114916, "lamda": 0.6442598928608588}, "datetime": {"datetime": "2021-09-23 22:56:54", "elapsed": 39.127734, "delta": 0.649432}}
{"target": 0.4685519108321369, "params": {"C": 921.798016581316, "epsilon": 0.7017819834045157, "gamma": 0.01105965526840226, "lamda": 0.6365666033630512}, "datetime": {"datetime": "2021-09-23 22:56:55", "elapsed": 39.786734, "delta": 0.659}}
{"target": 0.4674037562147312, "params": {"C": 896.5837674530566, "epsilon": 0.9195521120003574, "gamma": 0.007057650240150395, "lamda": 0.7055648885011602}, "datetime": {"datetime": "2021-09-23 22:56:56", "elapsed": 40.994841, "delta": 1.208107}}
{"target": 0.4692980538374242, "params": {"C": 1036.6517389867774, "epsilon": 0.7198229721966604, "gamma": 0.009785980058023211, "lamda": 0.6588222278230188}, "datetime": {"datetime": "2021-09-23 22:56:57", "elapsed": 41.69837, "delta": 0.703529}}
{"target": 0.4689257626784882, "params": {"C": 1003.3695328563447, "epsilon": 0.9220674347720759, "gamma": 0.01054129219380282, "lamda": 0.5181101405296871}, "datetime": {"datetime": "2021-09-23 22:56:57", "elapsed": 42.347374, "delta": 0.649004}}
{"target": 0.46814405594088926, "params": {"C": 870.0128719374262, "epsilon": 0.7632215845861638, "gamma": 0.011750734736463762, "lamda": 0.6473607269985174}, "datetime": {"datetime": "2021-09-23 22:56:58", "elapsed": 42.903368, "delta": 0.555994}}
{"target": 0.46892855936774636, "params": {"C": 1003.8427693791303, "epsilon": 0.7563369942325703, "gamma": 0.007744623401669685, "lamda": 0.7140444644347308}, "datetime": {"datetime": "2021-09-23 22:56:58", "elapsed": 43.539374, "delta": 0.636006}}
{"target": 0.4687273226682822, "params": {"C": 1002.7155302253282, "epsilon": 0.8193889674635297, "gamma": 0.010865241832198204, "lamda": 0.5696188724583221}, "datetime": {"datetime": "2021-09-23 22:56:59", "elapsed": 44.36037, "delta": 0.820996}}
{"target": 0.46831110588874714, "params": {"C": 1019.1757214223965, "epsilon": 0.7698900982087447, "gamma": 0.011559187778085612, "lamda": 0.7707536545230773}, "datetime": {"datetime": "2021-09-23 22:57:00", "elapsed": 44.952375, "delta": 0.592005}}
{"target": 0.4668445091715131, "params": {"C": 871.7216175105902, "epsilon": 0.9593462719147072, "gamma": 0.007435931650692207, "lamda": 0.7770143492241928}, "datetime": {"datetime": "2021-09-23 22:57:00", "elapsed": 45.523365, "delta": 0.57099}}
