{"target": -55.41888714461039, "params": {"C": 34.44630613264145, "epsilon": 0.7769588842799965, "gamma": 0.37474377323408026, "lamda": 0.5660278919700111}, "datetime": {"datetime": "2021-09-24 17:29:14", "elapsed": 522.771905, "delta": 1.46224}}
{"target": -43.22394763031873, "params": {"C": 46.839202955693146, "epsilon": 0.15008961092453915, "gamma": 0.010625643649441106, "lamda": 0.748912496989968}, "datetime": {"datetime": "2021-09-24 17:29:16", "elapsed": 524.387394, "delta": 1.615489}}
{"target": -44.51146338796477, "params": {"C": 46.7775318224477, "epsilon": 0.18027869402131577, "gamma": 0.06090997338627395, "lamda": 0.8446535465968181}, "datetime": {"datetime": "2021-09-24 17:29:19", "elapsed": 527.004825, "delta": 2.617431}}
{"target": -46.20975331168099, "params": {"C": 46.84008686885837, "epsilon": 0.30742042530637614, "gamma": 0.11582905846165187, "lamda": 0.7248047996508259}, "datetime": {"datetime": "2021-09-24 17:29:22", "elapsed": 530.433638, "delta": 3.428813}}
{"target": -48.06418049652719, "params": {"C": 46.91044609601752, "epsilon": 0.05165440863070851, "gamma": 0.1704029659641482, "lamda": 0.759316579494503}, "datetime": {"datetime": "2021-09-24 17:29:25", "elapsed": 533.176731, "delta": 2.743093}}
{"target": -56.45027890240473, "params": {"C": 24.723709914184376, "epsilon": 0.8394039416389253, "gamma": 0.37308218973430524, "lamda": 0.38104642260379407}, "datetime": {"datetime": "2021-09-24 17:29:26", "elapsed": 534.764386, "delta": 1.587655}}
{"target": -45.86087484488864, "params": {"C": 32.93877100169983, "epsilon": 0.6765863436562204, "gamma": 0.09938908757484739, "lamda": 0.49975567130941906}, "datetime": {"datetime": "2021-09-24 17:29:30", "elapsed": 538.331464, "delta": 3.567078}}
{"target": -55.11392490461896, "params": {"C": 11.347304246637806, "epsilon": 0.6502287555014575, "gamma": 0.2443227940863227, "lamda": 0.4053664740196216}, "datetime": {"datetime": "2021-09-24 17:29:31", "elapsed": 539.712475, "delta": 1.381011}}
{"target": -51.45080301848721, "params": {"C": 7.620743254085094, "epsilon": 0.2599514278423443, "gamma": 0.13542131506233723, "lamda": 0.028691631872037153}, "datetime": {"datetime": "2021-09-24 17:29:33", "elapsed": 541.391518, "delta": 1.679043}}
{"target": -52.45891507205942, "params": {"C": 12.480482097758722, "epsilon": 0.7687463224120564, "gamma": 0.001, "lamda": 0.8401991492399473}, "datetime": {"datetime": "2021-09-24 17:29:36", "elapsed": 544.468252, "delta": 3.076734}}
{"target": -57.024516580049365, "params": {"C": 14.998573033500636, "epsilon": 0.5714106854128778, "gamma": 0.3346301327369444, "lamda": 0.4478887824280427}, "datetime": {"datetime": "2021-09-24 17:29:38", "elapsed": 546.069293, "delta": 1.601041}}
{"target": -57.29532703596602, "params": {"C": 4.526163419190649, "epsilon": 0.8484442835379471, "gamma": 0.21373689454067535, "lamda": 0.31794763903500417}, "datetime": {"datetime": "2021-09-24 17:29:40", "elapsed": 547.960125, "delta": 1.890832}}
{"target": -43.481192661784895, "params": {"C": 46.70112681550742, "epsilon": 0.1736202489178433, "gamma": 0.022236821242201856, "lamda": 0.690597327382142}, "datetime": {"datetime": "2021-09-24 17:29:43", "elapsed": 551.063502, "delta": 3.103377}}
{"target": -48.768242074302876, "params": {"C": 49.038858248797105, "epsilon": 0.45792480755100823, "gamma": 0.1885737226075025, "lamda": 0.7138650434550968}, "datetime": {"datetime": "2021-09-24 17:29:44", "elapsed": 552.590796, "delta": 1.527294}}
{"target": -46.95247757338629, "params": {"C": 16.17849067952705, "epsilon": 0.5772586716178792, "gamma": 0.11214598703864717, "lamda": 0.30335744934489306}, "datetime": {"datetime": "2021-09-24 17:29:46", "elapsed": 554.247365, "delta": 1.656569}}
{"target": -45.19799099107868, "params": {"C": 46.63848317912718, "epsilon": 0.30065920113381805, "gamma": 0.0790839624459312, "lamda": 0.8504466681113061}, "datetime": {"datetime": "2021-09-24 17:29:49", "elapsed": 557.834178, "delta": 3.586813}}
{"target": -46.153964013025885, "params": {"C": 30.680686539900506, "epsilon": 0.6840209708152346, "gamma": 0.10632747436577418, "lamda": 0.5539003956736477}, "datetime": {"datetime": "2021-09-24 17:29:51", "elapsed": 559.38687, "delta": 1.552692}}
{"target": -44.30047864810095, "params": {"C": 34.451131437200836, "epsilon": 0.48963130051825265, "gamma": 0.054489186876735866, "lamda": 0.2973319821979333}, "datetime": {"datetime": "2021-09-24 17:29:53", "elapsed": 560.966721, "delta": 1.579851}}
{"target": -54.92556309515904, "params": {"C": 22.42515875744341, "epsilon": 0.9371280706962645, "gamma": 0.3070569851216117, "lamda": 0.3150868764478174}, "datetime": {"datetime": "2021-09-24 17:29:54", "elapsed": 562.737272, "delta": 1.770551}}
{"target": -46.79099051545054, "params": {"C": 46.52480964389152, "epsilon": 0.1465063694504054, "gamma": 0.13254378342879308, "lamda": 0.840321264398288}, "datetime": {"datetime": "2021-09-24 17:29:58", "elapsed": 566.008673, "delta": 3.271401}}
{"target": -46.28489887113196, "params": {"C": 46.74459981457733, "epsilon": 0.28816606780392306, "gamma": 0.001, "lamda": 0.7528444788876929}, "datetime": {"datetime": "2021-09-24 17:30:01", "elapsed": 569.021223, "delta": 3.01255}}
{"target": -48.8050360025039, "params": {"C": 26.1726302847453, "epsilon": 0.6522935325467756, "gamma": 0.001, "lamda": 0.5365702570544774}, "datetime": {"datetime": "2021-09-24 17:30:04", "elapsed": 572.128568, "delta": 3.107345}}
{"target": -49.93232585348122, "params": {"C": 3.281943271686954, "epsilon": 0.7574331684527655, "gamma": 0.06088986118593013, "lamda": 0.9490881132146687}, "datetime": {"datetime": "2021-09-24 17:30:05", "elapsed": 573.728084, "delta": 1.599516}}
{"target": -46.869632295650845, "params": {"C": 25.451855691302598, "epsilon": 0.34849593084920427, "gamma": 0.12597935959340337, "lamda": 0.13478853608766989}, "datetime": {"datetime": "2021-09-24 17:30:08", "elapsed": 576.726368, "delta": 2.998284}}
{"target": -59.2535352781098, "params": {"C": 15.774542304114256, "epsilon": 0.9735861981544105, "gamma": 0.458307064263302, "lamda": 0.26088011961223234}, "datetime": {"datetime": "2021-09-24 17:30:10", "elapsed": 578.667442, "delta": 1.941074}}
{"target": -46.25477909658031, "params": {"C": 46.96519112210169, "epsilon": 0.2121362465225772, "gamma": 0.001, "lamda": 0.8440460712544304}, "datetime": {"datetime": "2021-09-24 17:30:14", "elapsed": 582.339978, "delta": 3.672536}}
{"target": -44.896097078617096, "params": {"C": 11.55874296161802, "epsilon": 0.32086012118020174, "gamma": 0.04935222071024236, "lamda": 0.3517590634384307}, "datetime": {"datetime": "2021-09-24 17:30:16", "elapsed": 584.068001, "delta": 1.728023}}
{"target": -44.381501714443736, "params": {"C": 34.575020379897374, "epsilon": 0.4440822652875792, "gamma": 0.05648307697759961, "lamda": 0.4330536331650652}, "datetime": {"datetime": "2021-09-24 17:30:20", "elapsed": 588.15644, "delta": 4.088439}}
{"target": -46.42295718628874, "params": {"C": 46.53130234181171, "epsilon": 0.1905615263881653, "gamma": 0.1212117882697495, "lamda": 0.9651914102926616}, "datetime": {"datetime": "2021-09-24 17:30:21", "elapsed": 589.699756, "delta": 1.543316}}
{"target": -47.51953624033169, "params": {"C": 34.5637939336623, "epsilon": 0.37157993026311537, "gamma": 0.001, "lamda": 0.284698131650394}, "datetime": {"datetime": "2021-09-24 17:30:24", "elapsed": 592.774504, "delta": 3.074748}}
{"target": -48.91133850594005, "params": {"C": 25.989871887031057, "epsilon": 0.7415141852975828, "gamma": 0.001, "lamda": 0.7644776020191395}, "datetime": {"datetime": "2021-09-24 17:30:27", "elapsed": 595.421162, "delta": 2.646658}}
{"target": -49.92182468026295, "params": {"C": 13.02391090681777, "epsilon": 0.7021840935484465, "gamma": 0.146221078039103, "lamda": 0.4255387146800751}, "datetime": {"datetime": "2021-09-24 17:30:29", "elapsed": 597.145649, "delta": 1.724487}}
{"target": -43.636856658551025, "params": {"C": 34.386016978950124, "epsilon": 0.3762548873451404, "gamma": 0.004466284193052448, "lamda": 0.4052084010418908}, "datetime": {"datetime": "2021-09-24 17:30:31", "elapsed": 599.848584, "delta": 2.702935}}
{"target": -46.225571251091374, "params": {"C": 46.71737538005113, "epsilon": 0.034942063787738696, "gamma": 0.001, "lamda": 0.7689776153294977}, "datetime": {"datetime": "2021-09-24 17:30:35", "elapsed": 603.24648, "delta": 3.397896}}
{"target": -46.97350558101057, "params": {"C": 41.501124391919255, "epsilon": 0.7924525829379326, "gamma": 0.1369520675264434, "lamda": 0.2348356555646967}, "datetime": {"datetime": "2021-09-24 17:30:36", "elapsed": 604.915942, "delta": 1.669462}}
{"target": -43.55468861212262, "params": {"C": 46.822582307664455, "epsilon": 0.1407032125747432, "gamma": 0.02403071008976468, "lamda": 0.5803422782115395}, "datetime": {"datetime": "2021-09-24 17:30:40", "elapsed": 608.559015, "delta": 3.643073}}
{"target": -46.48022262221893, "params": {"C": 46.70856207689637, "epsilon": 0.22580725494253134, "gamma": 0.12189898536287795, "lamda": 0.6227772791678254}, "datetime": {"datetime": "2021-09-24 17:30:43", "elapsed": 611.265657, "delta": 2.706642}}
{"target": -46.254783031598244, "params": {"C": 46.96658979021013, "epsilon": 0.2012881705187697, "gamma": 0.001, "lamda": 0.6267787304992257}, "datetime": {"datetime": "2021-09-24 17:30:46", "elapsed": 614.42826, "delta": 3.162603}}
{"target": -46.58717562587494, "params": {"C": 34.325728511204716, "epsilon": 0.32261257418717093, "gamma": 0.1210986627356019, "lamda": 0.3200972933251959}, "datetime": {"datetime": "2021-09-24 17:30:49", "elapsed": 617.81689, "delta": 3.38863}}
{"target": -43.42375432255021, "params": {"C": 34.48654330922539, "epsilon": 0.3631020770650002, "gamma": 0.02040755630260689, "lamda": 0.5657063698756177}, "datetime": {"datetime": "2021-09-24 17:30:53", "elapsed": 621.248147, "delta": 3.431257}}
{"target": -60.46773755380807, "params": {"C": 7.189488639443378, "epsilon": 0.9120010572578948, "gamma": 0.44701746847354074, "lamda": 0.5705207237921613}, "datetime": {"datetime": "2021-09-24 17:30:54", "elapsed": 622.909264, "delta": 1.661117}}
{"target": -47.48959063343287, "params": {"C": 34.51096297149967, "epsilon": 0.41037205746484995, "gamma": 0.14516610208116545, "lamda": 0.56966417816717}, "datetime": {"datetime": "2021-09-24 17:30:58", "elapsed": 626.261192, "delta": 3.351928}}
{"target": -44.16197640504509, "params": {"C": 34.30633819699722, "epsilon": 0.30466467311038853, "gamma": 0.050020699012740394, "lamda": 0.5663099229831629}, "datetime": {"datetime": "2021-09-24 17:31:01", "elapsed": 629.923895, "delta": 3.662703}}
{"target": -46.48604496588457, "params": {"C": 25.602809253245038, "epsilon": 0.33781561675054805, "gamma": 0.11516278468546708, "lamda": 0.30983475245470415}, "datetime": {"datetime": "2021-09-24 17:31:04", "elapsed": 632.902615, "delta": 2.97872}}
{"target": -55.7333723067941, "params": {"C": 37.51347636368048, "epsilon": 0.8556773897475206, "gamma": 0.39273594259790123, "lamda": 0.630976404690107}, "datetime": {"datetime": "2021-09-24 17:31:06", "elapsed": 634.533207, "delta": 1.630592}}
{"target": -46.09527396638042, "params": {"C": 34.32067392089697, "epsilon": 0.488602430447384, "gamma": 0.10727230884898152, "lamda": 0.4480668407619887}, "datetime": {"datetime": "2021-09-24 17:31:09", "elapsed": 637.532071, "delta": 2.998864}}
{"target": -43.64607492711227, "params": {"C": 20.879444395956444, "epsilon": 0.2593372603816036, "gamma": 0.019361614303070172, "lamda": 0.7160172704620227}, "datetime": {"datetime": "2021-09-24 17:31:11", "elapsed": 639.25451, "delta": 1.722439}}
{"target": -46.221839998502816, "params": {"C": 46.678510289352076, "epsilon": 0.05510843989066402, "gamma": 0.001, "lamda": 0.551704213211942}, "datetime": {"datetime": "2021-09-24 17:31:14", "elapsed": 642.343151, "delta": 3.088641}}
{"target": -51.10686977888816, "params": {"C": 13.673229029075646, "epsilon": 0.001, "gamma": 0.17170737344371415, "lamda": 0.9943070693369189}, "datetime": {"datetime": "2021-09-24 17:31:17", "elapsed": 645.363185, "delta": 3.020034}}
{"target": -44.772544902602554, "params": {"C": 34.47146724693482, "epsilon": 0.2442949277005459, "gamma": 0.06656896969123821, "lamda": 0.5532173658119411}, "datetime": {"datetime": "2021-09-24 17:31:21", "elapsed": 648.939798, "delta": 3.576613}}
{"target": -44.993070062235674, "params": {"C": 21.09104071892329, "epsilon": 0.3011441825478403, "gamma": 0.06990267720217014, "lamda": 0.758179614020933}, "datetime": {"datetime": "2021-09-24 17:31:24", "elapsed": 652.349062, "delta": 3.409264}}
{"target": -47.563819206610994, "params": {"C": 34.4569086698319, "epsilon": 0.5227702399777348, "gamma": 0.001, "lamda": 0.4730940129377396}, "datetime": {"datetime": "2021-09-24 17:31:29", "elapsed": 657.229113, "delta": 4.880051}}
{"target": -50.44438502916321, "params": {"C": 46.70500172085679, "epsilon": 0.2342028790522215, "gamma": 0.2474828604762809, "lamda": 0.8851601167746732}, "datetime": {"datetime": "2021-09-24 17:31:33", "elapsed": 661.390603, "delta": 4.16149}}
{"target": -48.93633359501588, "params": {"C": 25.409839843376105, "epsilon": 0.295427799928553, "gamma": 0.001, "lamda": 0.27598520016705674}, "datetime": {"datetime": "2021-09-24 17:31:36", "elapsed": 664.515935, "delta": 3.125332}}
{"target": -43.60052397691304, "params": {"C": 27.986854097387276, "epsilon": 0.45131602821823863, "gamma": 0.02806030969207245, "lamda": 0.8138335959889346}, "datetime": {"datetime": "2021-09-24 17:31:38", "elapsed": 666.318022, "delta": 1.802087}}
{"target": -49.85078901313117, "params": {"C": 20.937902037463914, "epsilon": 0.3646521421023029, "gamma": 0.001, "lamda": 0.822505805732009}, "datetime": {"datetime": "2021-09-24 17:31:43", "elapsed": 670.995711, "delta": 4.677689}}
{"target": -43.27584990744743, "params": {"C": 46.746705868083154, "epsilon": 0.2893363562740385, "gamma": 0.00403117196332141, "lamda": 0.7654759183635432}, "datetime": {"datetime": "2021-09-24 17:31:44", "elapsed": 672.721852, "delta": 1.726141}}
{"target": -60.414030498687964, "params": {"C": 10.022817783654922, "epsilon": 0.35091324945449914, "gamma": 0.4968896390544461, "lamda": 0.16495868654899754}, "datetime": {"datetime": "2021-09-24 17:31:46", "elapsed": 674.58067, "delta": 1.858818}}
{"target": -53.40705317062488, "params": {"C": 45.940979393929915, "epsilon": 0.5956364350175021, "gamma": 0.3408976007190302, "lamda": 0.37570870615970686}, "datetime": {"datetime": "2021-09-24 17:31:48", "elapsed": 676.320157, "delta": 1.739487}}
{"target": -55.5060925282201, "params": {"C": 22.198369657044683, "epsilon": 0.2128286857386931, "gamma": 0.3237196401826204, "lamda": 0.5287160245561738}, "datetime": {"datetime": "2021-09-24 17:31:50", "elapsed": 678.053222, "delta": 1.733065}}
{"target": -49.645376422296934, "params": {"C": 23.93566658136471, "epsilon": 0.16112095999873258, "gamma": 0.19123165936059694, "lamda": 0.10519068798481072}, "datetime": {"datetime": "2021-09-24 17:31:51", "elapsed": 679.837982, "delta": 1.78476}}
{"target": -53.91552044942782, "params": {"C": 47.34121489184603, "epsilon": 0.7554473097770171, "gamma": 0.3415579107633246, "lamda": 0.8573428752615075}, "datetime": {"datetime": "2021-09-24 17:31:53", "elapsed": 681.547832, "delta": 1.70985}}
{"target": -59.543173209677384, "params": {"C": 10.009591680200188, "epsilon": 0.06619633753761758, "gamma": 0.40930019752070834, "lamda": 0.9137499809583531}, "datetime": {"datetime": "2021-09-24 17:31:55", "elapsed": 683.447237, "delta": 1.899405}}
{"target": -45.91791146955587, "params": {"C": 27.975240764284727, "epsilon": 0.5091570085978062, "gamma": 0.09762967855037535, "lamda": 0.7297777019221942}, "datetime": {"datetime": "2021-09-24 17:31:59", "elapsed": 687.783669, "delta": 4.336432}}
{"target": -45.13286088143929, "params": {"C": 21.001984424279286, "epsilon": 0.21245638204366143, "gamma": 0.0034289383636373436, "lamda": 0.6526615925376845}, "datetime": {"datetime": "2021-09-24 17:32:03", "elapsed": 691.502595, "delta": 3.718926}}
{"target": -58.07648090126814, "params": {"C": 25.512658060078483, "epsilon": 0.9633949313156169, "gamma": 0.45106304636132766, "lamda": 0.8961050668352443}, "datetime": {"datetime": "2021-09-24 17:32:05", "elapsed": 693.411735, "delta": 1.90914}}
{"target": -48.62435749620025, "params": {"C": 18.547131661783443, "epsilon": 0.04575150175828067, "gamma": 0.15048658919734553, "lamda": 0.42340418196105734}, "datetime": {"datetime": "2021-09-24 17:32:07", "elapsed": 695.313287, "delta": 1.901552}}
{"target": -46.88654752841232, "params": {"C": 25.94953526868214, "epsilon": 0.6045075872224681, "gamma": 0.12207115148235662, "lamda": 0.6755897180552868}, "datetime": {"datetime": "2021-09-24 17:32:13", "elapsed": 701.679882, "delta": 6.366595}}
{"target": -43.51187419282326, "params": {"C": 27.997561321791704, "epsilon": 0.568959993927767, "gamma": 0.027837295444631083, "lamda": 0.8957589281780731}, "datetime": {"datetime": "2021-09-24 17:32:18", "elapsed": 706.378438, "delta": 4.698556}}
{"target": -45.619972375090626, "params": {"C": 46.60911709472695, "epsilon": 0.138126880248578, "gamma": 0.09596406315954786, "lamda": 0.6984572261480285}, "datetime": {"datetime": "2021-09-24 17:32:22", "elapsed": 710.654592, "delta": 4.276154}}
{"target": -44.89812863025341, "params": {"C": 44.88518296357844, "epsilon": 0.40365890271298777, "gamma": 0.06899163503585982, "lamda": 0.7332774974063991}, "datetime": {"datetime": "2021-09-24 17:32:24", "elapsed": 712.644228, "delta": 1.989636}}
{"target": -45.55460051018907, "params": {"C": 46.764661833231884, "epsilon": 0.0915573132580532, "gamma": 0.09341251335900555, "lamda": 0.6610508305352535}, "datetime": {"datetime": "2021-09-24 17:32:28", "elapsed": 716.645229, "delta": 4.001001}}
{"target": -51.55377357185093, "params": {"C": 13.744619811690757, "epsilon": 0.23676283396825476, "gamma": 0.18153307559482953, "lamda": 0.19385585919049994}, "datetime": {"datetime": "2021-09-24 17:32:31", "elapsed": 719.111285, "delta": 2.466056}}
{"target": -43.71550891404258, "params": {"C": 46.770850353362995, "epsilon": 0.3158056965803689, "gamma": 0.0390632891009606, "lamda": 0.9517823252452656}, "datetime": {"datetime": "2021-09-24 17:32:35", "elapsed": 723.813165, "delta": 4.70188}}
{"target": -47.20254340847544, "params": {"C": 34.43209463684172, "epsilon": 0.3724071177673561, "gamma": 0.13735025923634758, "lamda": 0.44308730018234943}, "datetime": {"datetime": "2021-09-24 17:32:40", "elapsed": 728.146162, "delta": 4.332997}}
{"target": -44.63031765648675, "params": {"C": 46.75252495835536, "epsilon": 0.4718505873521442, "gamma": 0.0620548952157014, "lamda": 0.8197730285174154}, "datetime": {"datetime": "2021-09-24 17:32:44", "elapsed": 732.528449, "delta": 4.382287}}
{"target": -44.65732688591992, "params": {"C": 46.921916029828694, "epsilon": 0.3698258171277606, "gamma": 0.06221158602787146, "lamda": 0.8435261357645644}, "datetime": {"datetime": "2021-09-24 17:32:49", "elapsed": 737.738792, "delta": 5.210343}}
{"target": -52.011578562210865, "params": {"C": 40.89876806020263, "epsilon": 0.7328279853182738, "gamma": 0.2911701954808154, "lamda": 0.38846683454760755}, "datetime": {"datetime": "2021-09-24 17:32:51", "elapsed": 739.735636, "delta": 1.996844}}
{"target": -48.78462999590907, "params": {"C": 28.80153569082181, "epsilon": 0.4784632477170766, "gamma": 0.17736141548815484, "lamda": 0.3099665922456189}, "datetime": {"datetime": "2021-09-24 17:32:53", "elapsed": 741.780731, "delta": 2.045095}}
{"target": -48.13910454960974, "params": {"C": 46.86522454123182, "epsilon": 0.28266763641897347, "gamma": 0.17042314791966898, "lamda": 0.7975529140697436}, "datetime": {"datetime": "2021-09-24 17:32:55", "elapsed": 743.705359, "delta": 1.924628}}
{"target": -43.53399590949902, "params": {"C": 27.89932737906285, "epsilon": 0.42893679512779637, "gamma": 0.025584650434061867, "lamda": 0.993381058545124}, "datetime": {"datetime": "2021-09-24 17:33:01", "elapsed": 749.508385, "delta": 5.803026}}
{"target": -59.55460980949536, "params": {"C": 4.867980679768905, "epsilon": 0.78099772543828, "gamma": 0.315168452620382, "lamda": 0.9801113240382828}, "datetime": {"datetime": "2021-09-24 17:33:03", "elapsed": 751.457384, "delta": 1.948999}}
{"target": -48.08196019302529, "params": {"C": 27.856798823430296, "epsilon": 0.5661490786192115, "gamma": 0.15354679300048, "lamda": 0.8617388519115794}, "datetime": {"datetime": "2021-09-24 17:33:06", "elapsed": 754.604803, "delta": 3.147419}}
{"target": -46.70440464313298, "params": {"C": 28.07434375979554, "epsilon": 0.4786360763403091, "gamma": 0.11719769611511166, "lamda": 0.9779281332959274}, "datetime": {"datetime": "2021-09-24 17:33:11", "elapsed": 759.585747, "delta": 4.980944}}
{"target": -44.52283106547954, "params": {"C": 48.2982398364441, "epsilon": 0.9786372088714785, "gamma": 0.05966680566762193, "lamda": 0.02204818273275035}, "datetime": {"datetime": "2021-09-24 17:33:13", "elapsed": 761.482303, "delta": 1.896556}}
{"target": -47.55663104800804, "params": {"C": 34.407280586079445, "epsilon": 0.30450330810758086, "gamma": 0.001, "lamda": 0.6811767929138864}, "datetime": {"datetime": "2021-09-24 17:33:17", "elapsed": 765.44634, "delta": 3.964037}}
{"target": -44.55774819269166, "params": {"C": 46.82551599680581, "epsilon": 0.4003153114351842, "gamma": 0.059726213478078764, "lamda": 0.8003509892873034}, "datetime": {"datetime": "2021-09-24 17:33:22", "elapsed": 770.245833, "delta": 4.799493}}
{"target": -61.432124079822486, "params": {"C": 1.2227403207058252, "epsilon": 0.8039776690184857, "gamma": 0.3789555089266521, "lamda": 0.31349907116777537}, "datetime": {"datetime": "2021-09-24 17:33:24", "elapsed": 772.45461, "delta": 2.208777}}
{"target": -52.750687762005256, "params": {"C": 33.626665811609655, "epsilon": 0.8638071303591128, "gamma": 0.2863054227118891, "lamda": 0.7559788058988997}, "datetime": {"datetime": "2021-09-24 17:33:26", "elapsed": 774.319603, "delta": 1.864993}}
