{"target": -42.95802742805459, "params": {"C": 84.51557743579414, "epsilon": 0.08935030978961432, "gamma": 0.0072426812644761545, "lamda": 1.1321937944370053}, "datetime": {"datetime": "2021-09-24 19:04:10", "elapsed": 648.305604, "delta": 2.476473}}
{"target": -42.877040579699624, "params": {"C": 83.21944424480111, "epsilon": 0.44342332890785846, "gamma": 0.01382798753545, "lamda": 0.3033747551685609}, "datetime": {"datetime": "2021-09-24 19:04:12", "elapsed": 650.783289, "delta": 2.477685}}
{"target": -43.582925247746914, "params": {"C": 88.44200017677132, "epsilon": 0.0961059541218083, "gamma": 0.03926070259923446, "lamda": 0.8500509323044455}, "datetime": {"datetime": "2021-09-24 19:04:15", "elapsed": 653.071103, "delta": 2.287814}}
{"target": -43.669383590080514, "params": {"C": 69.99504522125379, "epsilon": 0.8564700829870353, "gamma": 0.037296051006389955, "lamda": 0.40820043655712285}, "datetime": {"datetime": "2021-09-24 19:04:17", "elapsed": 655.669243, "delta": 2.59814}}
{"target": -45.150620575642165, "params": {"C": 76.68218295872873, "epsilon": 0.2394760308422485, "gamma": 0.0765209208807255, "lamda": 0.24065002572845742}, "datetime": {"datetime": "2021-09-24 19:04:20", "elapsed": 657.948495, "delta": 2.279252}}
{"target": -42.5733696615408, "params": {"C": 99.8078417661687, "epsilon": 0.8505807357120255, "gamma": 0.02020187246193848, "lamda": 1.1736941310875493}, "datetime": {"datetime": "2021-09-24 19:04:24", "elapsed": 662.143174, "delta": 4.194679}}
{"target": -42.68414821972079, "params": {"C": 74.3464845519623, "epsilon": 0.9777216466956148, "gamma": 0.02109720291959173, "lamda": 1.27942028435264}, "datetime": {"datetime": "2021-09-24 19:04:28", "elapsed": 666.030229, "delta": 3.887055}}
{"target": -45.57460304735164, "params": {"C": 97.80615134494803, "epsilon": 0.442947310762457, "gamma": 0.08486617731890005, "lamda": 0.13071007197320597}, "datetime": {"datetime": "2021-09-24 19:04:30", "elapsed": 668.669124, "delta": 2.638895}}
{"target": -45.20245522974039, "params": {"C": 54.866023442243936, "epsilon": 0.9690725920176809, "gamma": 0.08495299733613311, "lamda": 0.4830881074567328}, "datetime": {"datetime": "2021-09-24 19:04:33", "elapsed": 671.101611, "delta": 2.432487}}
{"target": -43.47024374641279, "params": {"C": 73.4812678139142, "epsilon": 0.8526417339339349, "gamma": 0.04186625872233496, "lamda": 1.2475073373193135}, "datetime": {"datetime": "2021-09-24 19:04:35", "elapsed": 673.427252, "delta": 2.325641}}
{"target": -42.6279013969198, "params": {"C": 99.81067707851331, "epsilon": 0.9270675594612856, "gamma": 0.0038541964811868758, "lamda": 1.0559648571727775}, "datetime": {"datetime": "2021-09-24 19:04:41", "elapsed": 679.812689, "delta": 4.041012}}
{"target": -44.16437792658818, "params": {"C": 81.75129494130559, "epsilon": 0.8462359541548005, "gamma": 0.04914042411071844, "lamda": 0.44764977488710184}, "datetime": {"datetime": "2021-09-24 19:04:44", "elapsed": 682.147934, "delta": 2.335245}}
{"target": -44.463829934399364, "params": {"C": 96.75835386694737, "epsilon": 0.14076753244184687, "gamma": 0.055676036441059, "lamda": 1.0955420732206844}, "datetime": {"datetime": "2021-09-24 19:04:48", "elapsed": 686.231475, "delta": 4.083541}}
{"target": -42.445802902860144, "params": {"C": 99.8100987593144, "epsilon": 0.898085468047592, "gamma": 0.0044320929196783165, "lamda": 1.059260147390655}, "datetime": {"datetime": "2021-09-24 19:04:52", "elapsed": 690.354805, "delta": 4.12333}}
{"target": -43.63433508320004, "params": {"C": 77.55895123699091, "epsilon": 0.4360536069680378, "gamma": 0.03612670160841513, "lamda": 1.1920261610710443}, "datetime": {"datetime": "2021-09-24 19:04:57", "elapsed": 695.616763, "delta": 5.261958}}
{"target": -45.35439316652837, "params": {"C": 54.75821030743383, "epsilon": 0.4546561927253639, "gamma": 0.09465025840702462, "lamda": 1.3591363728242922}, "datetime": {"datetime": "2021-09-24 19:04:59", "elapsed": 697.724549, "delta": 2.107786}}
{"target": -43.64149577264056, "params": {"C": 63.994425164717896, "epsilon": 0.3970846967665396, "gamma": 0.037341990338462173, "lamda": 0.9365206151201741}, "datetime": {"datetime": "2021-09-24 19:05:04", "elapsed": 702.77593, "delta": 5.051381}}
{"target": -42.22628092854743, "params": {"C": 99.83061656352379, "epsilon": 0.7336212551753503, "gamma": 0.005494976549281782, "lamda": 1.103651217472621}, "datetime": {"datetime": "2021-09-24 19:05:09", "elapsed": 706.914045, "delta": 4.138115}}
{"target": -45.03831121224307, "params": {"C": 83.60430870601482, "epsilon": 0.17378647779566053, "gamma": 0.07802010521660781, "lamda": 1.3380877595757896}, "datetime": {"datetime": "2021-09-24 19:05:11", "elapsed": 709.182445, "delta": 2.2684}}
{"target": -44.00128732684067, "params": {"C": 91.41477796363415, "epsilon": 0.1237707133036343, "gamma": 0.04476922603139612, "lamda": 1.3437375799458706}, "datetime": {"datetime": "2021-09-24 19:05:13", "elapsed": 711.393022, "delta": 2.210577}}
{"target": -42.92358395150008, "params": {"C": 82.2694692167345, "epsilon": 0.33298587168055144, "gamma": 0.012486785126951911, "lamda": 1.1464961302596193}, "datetime": {"datetime": "2021-09-24 19:05:15", "elapsed": 713.626728, "delta": 2.233706}}
{"target": -44.36518875961931, "params": {"C": 86.62818702033891, "epsilon": 0.9917828450564369, "gamma": 0.057564906340600346, "lamda": 0.0738003323774263}, "datetime": {"datetime": "2021-09-24 19:05:17", "elapsed": 715.787749, "delta": 2.161021}}
{"target": -44.75834258953148, "params": {"C": 87.72951704455215, "epsilon": 0.5501232431551742, "gamma": 0.0657537397595464, "lamda": 0.3605858411415018}, "datetime": {"datetime": "2021-09-24 19:05:20", "elapsed": 718.183401, "delta": 2.395652}}
{"target": -45.37797966921628, "params": {"C": 90.18019165369394, "epsilon": 0.3937770139531355, "gamma": 0.09403693040108176, "lamda": 1.1498097520524135}, "datetime": {"datetime": "2021-09-24 19:05:22", "elapsed": 720.522316, "delta": 2.338915}}
{"target": -42.41107838310002, "params": {"C": 74.33561883283417, "epsilon": 0.9533346672240005, "gamma": 0.01195751957092249, "lamda": 1.3057801293319564}, "datetime": {"datetime": "2021-09-24 19:05:29", "elapsed": 726.923622, "delta": 6.401306}}
{"target": -43.1781121603075, "params": {"C": 88.42419733417572, "epsilon": 0.09098965444207512, "gamma": 0.02404706135012371, "lamda": 0.8403688220098969}, "datetime": {"datetime": "2021-09-24 19:05:32", "elapsed": 730.207096, "delta": 3.283474}}
{"target": -44.922422812371266, "params": {"C": 73.33543771943846, "epsilon": 0.575664460009906, "gamma": 0.08164223378678669, "lamda": 1.293532810257564}, "datetime": {"datetime": "2021-09-24 19:05:35", "elapsed": 733.759789, "delta": 3.552693}}
{"target": -45.26204552382738, "params": {"C": 91.14552007720627, "epsilon": 0.44529441444845536, "gamma": 0.08694277930929124, "lamda": 0.54343299711278}, "datetime": {"datetime": "2021-09-24 19:05:39", "elapsed": 737.067817, "delta": 3.308028}}
{"target": -43.226783564709585, "params": {"C": 87.93858407285194, "epsilon": 0.5041717828090473, "gamma": 0.02159311948835013, "lamda": 0.49238990396824295}, "datetime": {"datetime": "2021-09-24 19:05:42", "elapsed": 740.006164, "delta": 2.938347}}
{"target": -42.911235370599634, "params": {"C": 95.42609658274674, "epsilon": 0.5771372782536898, "gamma": 0.01135403640135028, "lamda": 0.5040055734289131}, "datetime": {"datetime": "2021-09-24 19:05:45", "elapsed": 743.004596, "delta": 2.998432}}
{"target": -42.27121671769305, "params": {"C": 99.84651519310304, "epsilon": 0.847996852949091, "gamma": 0.010610495177331616, "lamda": 1.0646823124087121}, "datetime": {"datetime": "2021-09-24 19:05:49", "elapsed": 747.378887, "delta": 4.374291}}
{"target": -43.4301563878048, "params": {"C": 67.12566959458327, "epsilon": 0.11548695266038933, "gamma": 0.032094895938048845, "lamda": 0.5734890291532388}, "datetime": {"datetime": "2021-09-24 19:05:52", "elapsed": 750.175985, "delta": 2.797098}}
{"target": -42.28579011022384, "params": {"C": 99.87783805775706, "epsilon": 0.746232771527811, "gamma": 0.005031365804668501, "lamda": 1.0857879264111738}, "datetime": {"datetime": "2021-09-24 19:05:56", "elapsed": 754.569776, "delta": 4.393791}}
{"target": -43.93194783258913, "params": {"C": 87.2485402973584, "epsilon": 0.28515957812478315, "gamma": 0.042075473377549626, "lamda": 1.4694305382905792}, "datetime": {"datetime": "2021-09-24 19:05:59", "elapsed": 757.180081, "delta": 2.610305}}
{"target": -43.91480140090243, "params": {"C": 99.81828191312283, "epsilon": 0.7961556288821372, "gamma": 0.054373378874406054, "lamda": 0.9903678178506126}, "datetime": {"datetime": "2021-09-24 19:06:04", "elapsed": 762.252052, "delta": 5.071971}}
{"target": -42.95134422339207, "params": {"C": 92.36766879805921, "epsilon": 0.8123494896752648, "gamma": 0.029132773102669443, "lamda": 1.1962843315691256}, "datetime": {"datetime": "2021-09-24 19:06:09", "elapsed": 767.02584, "delta": 4.773788}}
{"target": -44.16432629254534, "params": {"C": 90.47992978651993, "epsilon": 0.22383463247403765, "gamma": 0.04698397143639118, "lamda": 1.4711477382520366}, "datetime": {"datetime": "2021-09-24 19:06:11", "elapsed": 769.552151, "delta": 2.526311}}
{"target": -45.37534762394882, "params": {"C": 82.42299899906146, "epsilon": 0.9977961525894296, "gamma": 0.09438971109151767, "lamda": 0.3670930528599261}, "datetime": {"datetime": "2021-09-24 19:06:13", "elapsed": 771.691606, "delta": 2.139455}}
{"target": -43.308237582698716, "params": {"C": 52.920220267341236, "epsilon": 0.8719077567565439, "gamma": 0.03098144543823633, "lamda": 1.2432022732801147}, "datetime": {"datetime": "2021-09-24 19:06:16", "elapsed": 774.038657, "delta": 2.347051}}
{"target": -42.283297746766834, "params": {"C": 99.8712206973436, "epsilon": 0.9073905985783537, "gamma": 0.005271801674472115, "lamda": 1.026110587092958}, "datetime": {"datetime": "2021-09-24 19:06:20", "elapsed": 778.603036, "delta": 4.564379}}
{"target": -45.23347114096949, "params": {"C": 68.08846481826096, "epsilon": 0.3442765230124336, "gamma": 0.0828903526320815, "lamda": 0.6411332553223661}, "datetime": {"datetime": "2021-09-24 19:06:23", "elapsed": 781.369191, "delta": 2.766155}}
{"target": -43.40366684512326, "params": {"C": 94.99905651912188, "epsilon": 0.7776744521429244, "gamma": 0.04091326980361183, "lamda": 1.0958884523814088}, "datetime": {"datetime": "2021-09-24 19:06:25", "elapsed": 783.871883, "delta": 2.502692}}
{"target": -44.46895901245143, "params": {"C": 138.5660321633373, "epsilon": 0.31452636455158106, "gamma": 0.06373117525770126, "lamda": 1.2732177964331015}, "datetime": {"datetime": "2021-09-24 19:11:56", "elapsed": 0.0, "delta": 0.0}}
{"target": -42.80474046647171, "params": {"C": 124.92535061512952, "epsilon": 0.45735765187159333, "gamma": 0.020608223611202774, "lamda": 1.293141680026031}, "datetime": {"datetime": "2021-09-24 19:11:56", "elapsed": 0.48752, "delta": 0.48752}}
{"target": -44.519932442237284, "params": {"C": 108.45554182812677, "epsilon": 0.36183786992180716, "gamma": 0.06885062201841192, "lamda": 1.620815295185197}, "datetime": {"datetime": "2021-09-24 19:11:56", "elapsed": 0.791152, "delta": 0.303632}}
{"target": -44.87468211079602, "params": {"C": 100.19741331639572, "epsilon": 0.6585345843700436, "gamma": 0.08144947520355925, "lamda": 1.0416817875431303}, "datetime": {"datetime": "2021-09-24 19:11:57", "elapsed": 1.059162, "delta": 0.26801}}
{"target": -45.45942312836425, "params": {"C": 136.08776587158997, "epsilon": 0.5043132477194432, "gamma": 0.09185963812878141, "lamda": 1.2150642559926763}, "datetime": {"datetime": "2021-09-24 19:11:57", "elapsed": 1.32829, "delta": 0.269128}}
{"target": -43.652435275677384, "params": {"C": 123.80256061586157, "epsilon": 0.42056878017009125, "gamma": 0.04814522553248293, "lamda": 1.5610498499474454}, "datetime": {"datetime": "2021-09-24 19:11:58", "elapsed": 2.080637, "delta": 0.752347}}
{"target": -43.105325106629756, "params": {"C": 125.53855318835468, "epsilon": 0.3487085295517086, "gamma": 0.02031268273612234, "lamda": 0.13956298375343845}, "datetime": {"datetime": "2021-09-24 19:11:58", "elapsed": 2.750754, "delta": 0.670117}}
{"target": -47.748928084199925, "params": {"C": 126.68596268831853, "epsilon": 1.0, "gamma": 0.001, "lamda": 1.7}, "datetime": {"datetime": "2021-09-24 19:11:59", "elapsed": 3.884584, "delta": 1.13383}}
{"target": -44.62405962597128, "params": {"C": 124.5908000704482, "epsilon": 0.5153097336533616, "gamma": 0.06139257240306462, "lamda": 0.4640239633474339}, "datetime": {"datetime": "2021-09-24 19:12:00", "elapsed": 4.354932, "delta": 0.470348}}
{"target": -44.35765474430987, "params": {"C": 125.46658498110163, "epsilon": 0.42144622131134823, "gamma": 0.05543030403072978, "lamda": 0.8258355883501067}, "datetime": {"datetime": "2021-09-24 19:12:00", "elapsed": 4.838133, "delta": 0.483201}}
{"target": -42.945031705601565, "params": {"C": 124.96515141341874, "epsilon": 0.4198505408586373, "gamma": 0.024041759400577217, "lamda": 1.3819314654304904}, "datetime": {"datetime": "2021-09-24 19:12:01", "elapsed": 5.217827, "delta": 0.379694}}
{"target": -42.872942603130596, "params": {"C": 124.48771173333118, "epsilon": 0.935651301703033, "gamma": 0.02831423596062397, "lamda": 1.4033745817663652}, "datetime": {"datetime": "2021-09-24 19:12:01", "elapsed": 5.685279, "delta": 0.467452}}
{"target": -45.986912368186175, "params": {"C": 126.27337582477388, "epsilon": 0.48362181761103085, "gamma": 0.09696567363370878, "lamda": 0.019547072437237967}, "datetime": {"datetime": "2021-09-24 19:12:02", "elapsed": 6.598852, "delta": 0.913573}}
{"target": -42.9850974304264, "params": {"C": 124.43128173798682, "epsilon": 0.4523556217686644, "gamma": 0.031197715222395412, "lamda": 1.6310441156314568}, "datetime": {"datetime": "2021-09-24 19:12:03", "elapsed": 7.343963, "delta": 0.745111}}
{"target": -44.19212498078021, "params": {"C": 122.25729378420536, "epsilon": 0.964046246910724, "gamma": 0.06140899856691553, "lamda": 1.6426643333551718}, "datetime": {"datetime": "2021-09-24 19:12:04", "elapsed": 8.067849, "delta": 0.723886}}
{"target": -45.61835044986732, "params": {"C": 121.08032618421151, "epsilon": 0.3135461947658535, "gamma": 0.0938738295128136, "lamda": 0.37581939014153964}, "datetime": {"datetime": "2021-09-24 19:12:04", "elapsed": 8.651827, "delta": 0.583978}}
{"target": -44.494592253397215, "params": {"C": 124.94935716301632, "epsilon": 0.9830480481730641, "gamma": 0.06744458034776214, "lamda": 1.692996526640866}, "datetime": {"datetime": "2021-09-24 19:12:05", "elapsed": 9.148223, "delta": 0.496396}}
{"target": -44.42952667540399, "params": {"C": 120.24619350359917, "epsilon": 0.33079326397723086, "gamma": 0.05945315477722209, "lamda": 1.2255844534020912}, "datetime": {"datetime": "2021-09-24 19:12:05", "elapsed": 9.517478, "delta": 0.369255}}
{"target": -43.32644164977864, "params": {"C": 124.352180040786, "epsilon": 0.37142153631808417, "gamma": 0.02421917335143567, "lamda": 1.1705251734791686}, "datetime": {"datetime": "2021-09-24 19:12:06", "elapsed": 10.116862, "delta": 0.599384}}
{"target": -46.13924765288427, "params": {"C": 123.79762397529423, "epsilon": 1.0, "gamma": 0.001, "lamda": 1.1298728930760427}, "datetime": {"datetime": "2021-09-24 19:12:06", "elapsed": 10.743332, "delta": 0.62647}}
{"target": -43.603758719746835, "params": {"C": 131.3674858335014, "epsilon": 0.8848739276899573, "gamma": 0.05051771153703542, "lamda": 1.0207948273804068}, "datetime": {"datetime": "2021-09-24 19:12:07", "elapsed": 11.316043, "delta": 0.572711}}
{"target": -42.63270625669405, "params": {"C": 124.51688920722401, "epsilon": 0.9626109097616675, "gamma": 0.021630937783695483, "lamda": 1.416591079939813}, "datetime": {"datetime": "2021-09-24 19:12:07", "elapsed": 11.7271, "delta": 0.411057}}
{"target": -42.018288490151, "params": {"C": 124.7539501377998, "epsilon": 0.8126901553379831, "gamma": 0.006530965810120156, "lamda": 1.069815733826867}, "datetime": {"datetime": "2021-09-24 19:12:08", "elapsed": 12.365073, "delta": 0.637973}}
{"target": -44.22905244418947, "params": {"C": 123.47057419331803, "epsilon": 0.9771113965685772, "gamma": 0.04526290024357037, "lamda": 0.2724323398747609}, "datetime": {"datetime": "2021-09-24 19:12:08", "elapsed": 12.82681, "delta": 0.461737}}
{"target": -44.06587153281595, "params": {"C": 124.97619355241692, "epsilon": 0.9406028361362733, "gamma": 0.06188345420179354, "lamda": 1.2451907162174767}, "datetime": {"datetime": "2021-09-24 19:12:09", "elapsed": 13.346218, "delta": 0.519408}}
{"target": -45.81311892242911, "params": {"C": 115.52655600368278, "epsilon": 0.5347360343084835, "gamma": 0.09968428145914938, "lamda": 0.7618449808512251}, "datetime": {"datetime": "2021-09-24 19:12:09", "elapsed": 13.722149, "delta": 0.375931}}
{"target": -43.950860700972456, "params": {"C": 124.56077579574678, "epsilon": 0.9424380827099652, "gamma": 0.05958498093333731, "lamda": 0.9896826855487392}, "datetime": {"datetime": "2021-09-24 19:12:10", "elapsed": 14.192549, "delta": 0.4704}}
{"target": -42.06036964146197, "params": {"C": 124.65836028439887, "epsilon": 0.6004990658983236, "gamma": 0.006919054674120098, "lamda": 1.1997772128020308}, "datetime": {"datetime": "2021-09-24 19:12:10", "elapsed": 14.640124, "delta": 0.447575}}
{"target": -44.390434443360135, "params": {"C": 135.4855754675812, "epsilon": 0.4457173398303806, "gamma": 0.06436024933277275, "lamda": 1.111560335621222}, "datetime": {"datetime": "2021-09-24 19:12:11", "elapsed": 15.05268, "delta": 0.412556}}
{"target": -44.91880585967985, "params": {"C": 129.60429766615397, "epsilon": 0.8447197881586428, "gamma": 0.08383931230551202, "lamda": 1.079584706820182}, "datetime": {"datetime": "2021-09-24 19:12:11", "elapsed": 15.609689, "delta": 0.557009}}
{"target": -43.24463976273818, "params": {"C": 114.31267643732775, "epsilon": 0.6331927103476087, "gamma": 0.0015875296640146127, "lamda": 0.021914865730599063}, "datetime": {"datetime": "2021-09-24 19:12:12", "elapsed": 16.340309, "delta": 0.73062}}
{"target": -44.835237129518426, "params": {"C": 124.69945448072761, "epsilon": 0.4852616530399395, "gamma": 0.07577367064333218, "lamda": 0.9402813632313906}, "datetime": {"datetime": "2021-09-24 19:12:12", "elapsed": 16.829266, "delta": 0.488957}}
{"target": -43.22473865487907, "params": {"C": 124.67914644510073, "epsilon": 0.5619487840254345, "gamma": 0.03934489456981184, "lamda": 1.4632736273586222}, "datetime": {"datetime": "2021-09-24 19:12:13", "elapsed": 17.39494, "delta": 0.565674}}
{"target": -45.44972625267903, "params": {"C": 124.76692727751458, "epsilon": 0.8051347452785653, "gamma": 0.09497634188193561, "lamda": 1.2252029971900977}, "datetime": {"datetime": "2021-09-24 19:12:14", "elapsed": 18.005864, "delta": 0.610924}}
{"target": -43.370649469652626, "params": {"C": 124.74483858748937, "epsilon": 0.8407331286894046, "gamma": 0.042327215371487904, "lamda": 0.9450916081678638}, "datetime": {"datetime": "2021-09-24 19:12:14", "elapsed": 18.411234, "delta": 0.40537}}
{"target": -42.96647851675897, "params": {"C": 100.97310219049422, "epsilon": 0.7689353243481665, "gamma": 0.031039406968903352, "lamda": 1.6451390368967833}, "datetime": {"datetime": "2021-09-24 19:12:14", "elapsed": 18.741234, "delta": 0.33}}
{"target": -42.895021225574084, "params": {"C": 124.60116470884338, "epsilon": 0.6711813415373264, "gamma": 0.029099629790626476, "lamda": 1.1571831198308682}, "datetime": {"datetime": "2021-09-24 19:12:15", "elapsed": 19.553539, "delta": 0.812305}}
{"target": -42.656644532962275, "params": {"C": 124.63835449641044, "epsilon": 0.5028007609565639, "gamma": 0.019794418562107802, "lamda": 1.3010417949881505}, "datetime": {"datetime": "2021-09-24 19:12:16", "elapsed": 19.941988, "delta": 0.388449}}
{"target": -45.0014409553816, "params": {"C": 132.03576744220274, "epsilon": 0.3464488808417596, "gamma": 0.08154960214715547, "lamda": 1.5270925598903975}, "datetime": {"datetime": "2021-09-24 19:12:16", "elapsed": 20.326427, "delta": 0.384439}}
{"target": -45.02286173291073, "params": {"C": 124.77027180379045, "epsilon": 0.503633304345876, "gamma": 0.08312139495401352, "lamda": 1.1570678668635654}, "datetime": {"datetime": "2021-09-24 19:12:16", "elapsed": 20.761827, "delta": 0.4354}}
{"target": -45.44103841014336, "params": {"C": 107.68402578301277, "epsilon": 0.8552304050654727, "gamma": 0.09271520159928501, "lamda": 0.3952428744164494}, "datetime": {"datetime": "2021-09-24 19:12:17", "elapsed": 21.207133, "delta": 0.445306}}
{"target": -43.13163250355105, "params": {"C": 124.52256302058645, "epsilon": 0.650552732038449, "gamma": 0.03760208197491393, "lamda": 1.3690544721026334}, "datetime": {"datetime": "2021-09-24 19:12:17", "elapsed": 21.643624, "delta": 0.436491}}
{"target": -42.10313052826564, "params": {"C": 124.82103936438949, "epsilon": 0.71189355324265, "gamma": 0.005163310803325768, "lamda": 1.0651239819829776}, "datetime": {"datetime": "2021-09-24 19:12:18", "elapsed": 22.089247, "delta": 0.445623}}
{"target": -44.817364479810806, "params": {"C": 124.43776493560617, "epsilon": 0.5059905091524505, "gamma": 0.08032948403053869, "lamda": 1.4472369756240144}, "datetime": {"datetime": "2021-09-24 19:12:18", "elapsed": 22.572167, "delta": 0.48292}}
{"target": -44.97912274204642, "params": {"C": 142.23361519040526, "epsilon": 0.8003948191864116, "gamma": 0.07623080184619944, "lamda": 0.48412219815215307}, "datetime": {"datetime": "2021-09-24 19:12:19", "elapsed": 23.024017, "delta": 0.45185}}
{"target": -43.2387683350724, "params": {"C": 124.73070706923627, "epsilon": 0.6506103451484008, "gamma": 0.036737575841585254, "lamda": 1.050911744354165}, "datetime": {"datetime": "2021-09-24 19:12:19", "elapsed": 23.6767, "delta": 0.652683}}
{"target": -44.32305705904763, "params": {"C": 105.39199779681633, "epsilon": 0.4546315619616242, "gamma": 0.05504902275714166, "lamda": 0.8910539415448312}, "datetime": {"datetime": "2021-09-24 19:12:20", "elapsed": 24.057294, "delta": 0.380594}}
