{"target": 0.4571894503656463, "params": {"C": 163.02295137993934, "epsilon": 0.8976638492997274, "gamma": 0.02194307611052692, "lamda": 0.7616988766263282}, "datetime": {"datetime": "2021-09-23 18:24:22", "elapsed": 114.120967, "delta": 0.776341}}
{"target": 0.4274997878172714, "params": {"C": 111.02170230874438, "epsilon": 0.7240607383987883, "gamma": 0.02965976860742633, "lamda": 0.5094898404817522}, "datetime": {"datetime": "2021-09-23 18:24:23", "elapsed": 114.928946, "delta": 0.807979}}
{"target": 0.45477099950642996, "params": {"C": 109.31339116543592, "epsilon": 0.8756051513922463, "gamma": 0.02187661466827077, "lamda": 0.8689792943712196}, "datetime": {"datetime": "2021-09-23 18:24:24", "elapsed": 115.866845, "delta": 0.937899}}
{"target": 0.45957198293488644, "params": {"C": 91.36237795706295, "epsilon": 0.8113106921813614, "gamma": 0.015830058597849125, "lamda": 1.0580124655760281}, "datetime": {"datetime": "2021-09-23 18:24:25", "elapsed": 116.82724, "delta": 0.960395}}
{"target": 0.44845383164836305, "params": {"C": 130.6757323540603, "epsilon": 0.7903957808396519, "gamma": 0.026270786015187612, "lamda": 0.8119163416295174}, "datetime": {"datetime": "2021-09-23 18:24:25", "elapsed": 117.606225, "delta": 0.778985}}
{"target": 0.45684665099007904, "params": {"C": 95.36104983938804, "epsilon": 0.7429656011737851, "gamma": 0.007919660142984706, "lamda": 0.8284514234775809}, "datetime": {"datetime": "2021-09-23 18:24:26", "elapsed": 118.426389, "delta": 0.820164}}
{"target": 0.4670283766272437, "params": {"C": 174.3483617769024, "epsilon": 0.9238484733880349, "gamma": 0.00777015656751409, "lamda": 0.8229186764689663}, "datetime": {"datetime": "2021-09-23 18:24:27", "elapsed": 119.245609, "delta": 0.81922}}
{"target": 0.45410051050925104, "params": {"C": 188.23696066292274, "epsilon": 0.7482488680325723, "gamma": 0.02394591800193815, "lamda": 0.8254843084637237}, "datetime": {"datetime": "2021-09-23 18:24:28", "elapsed": 120.267311, "delta": 1.021702}}
{"target": 0.43808172408932267, "params": {"C": 109.88979571573529, "epsilon": 0.7077491718122683, "gamma": 0.028390307638147087, "lamda": 0.7370365897961674}, "datetime": {"datetime": "2021-09-23 18:24:29", "elapsed": 121.442301, "delta": 1.17499}}
{"target": 0.46829336432708013, "params": {"C": 187.68345664721136, "epsilon": 0.9012873902510896, "gamma": 0.00958099005487485, "lamda": 0.7887747404444759}, "datetime": {"datetime": "2021-09-23 18:24:30", "elapsed": 122.371696, "delta": 0.929395}}
{"target": 0.465320284110168, "params": {"C": 156.360013233763, "epsilon": 0.9350158979971894, "gamma": 0.012816100977864297, "lamda": 0.6597942733077106}, "datetime": {"datetime": "2021-09-23 18:24:31", "elapsed": 123.383692, "delta": 1.011996}}
{"target": 0.4585622343000425, "params": {"C": 161.49280810050533, "epsilon": 0.7640804720524421, "gamma": 0.02196719418755952, "lamda": 1.022603817608515}, "datetime": {"datetime": "2021-09-23 18:24:32", "elapsed": 124.146315, "delta": 0.762623}}
{"target": 0.4675804506531148, "params": {"C": 158.01194629246237, "epsilon": 0.830912197045541, "gamma": 0.010321095162632158, "lamda": 0.798356764749734}, "datetime": {"datetime": "2021-09-23 18:24:33", "elapsed": 124.895978, "delta": 0.749663}}
{"target": 0.4584267894887696, "params": {"C": 153.0321655479865, "epsilon": 0.8042526670430044, "gamma": 0.02236909801207655, "lamda": 1.0790151955393998}, "datetime": {"datetime": "2021-09-23 18:24:33", "elapsed": 125.686977, "delta": 0.790999}}
{"target": 0.4668365559321954, "params": {"C": 181.67321539508248, "epsilon": 0.9562751215425607, "gamma": 0.011324623285255537, "lamda": 0.9599735622659231}, "datetime": {"datetime": "2021-09-23 18:24:34", "elapsed": 126.573688, "delta": 0.886711}}
{"target": 0.4601655531100376, "params": {"C": 175.63435225587136, "epsilon": 0.9147314711699939, "gamma": 0.014287756103681024, "lamda": 0.48880691210726324}, "datetime": {"datetime": "2021-09-23 18:24:35", "elapsed": 127.468685, "delta": 0.894997}}
{"target": 0.45759948240450354, "params": {"C": 151.9520256940528, "epsilon": 0.8240138942262316, "gamma": 0.010520293910331852, "lamda": 0.4654679953936824}, "datetime": {"datetime": "2021-09-23 18:24:36", "elapsed": 128.681626, "delta": 1.212941}}
{"target": 0.4343556951891401, "params": {"C": 96.91142841043145, "epsilon": 0.8728261373416009, "gamma": 0.027936420340940064, "lamda": 0.5269916709539576}, "datetime": {"datetime": "2021-09-23 18:24:37", "elapsed": 129.636248, "delta": 0.954622}}
{"target": 0.46770179692297364, "params": {"C": 187.836634938317, "epsilon": 0.8820339257219724, "gamma": 0.00942174008788324, "lamda": 0.600700163193206}, "datetime": {"datetime": "2021-09-23 18:24:38", "elapsed": 130.498824, "delta": 0.862576}}
{"target": 0.4444482549899681, "params": {"C": 92.38571441158686, "epsilon": 0.7352291855805466, "gamma": 0.020977296831608604, "lamda": 0.6902983636195749}, "datetime": {"datetime": "2021-09-23 18:24:39", "elapsed": 131.518823, "delta": 1.019999}}
{"target": 0.465992719536624, "params": {"C": 191.99177144274668, "epsilon": 0.7417196226427412, "gamma": 0.005710450991821784, "lamda": 0.7541516768735548}, "datetime": {"datetime": "2021-09-23 18:24:40", "elapsed": 132.46689, "delta": 0.948067}}
{"target": 0.46356695061380015, "params": {"C": 156.36983349184476, "epsilon": 0.9225331833616177, "gamma": 0.014637835767202855, "lamda": 0.6658943443836101}, "datetime": {"datetime": "2021-09-23 18:24:41", "elapsed": 133.458517, "delta": 0.991627}}
{"target": 0.46747482670568963, "params": {"C": 187.7111790313275, "epsilon": 0.9071729275570595, "gamma": 0.012567948791408837, "lamda": 0.742262410759092}, "datetime": {"datetime": "2021-09-23 18:24:42", "elapsed": 134.356095, "delta": 0.897578}}
{"target": 0.4561266082727371, "params": {"C": 165.99222097772724, "epsilon": 0.76403095677536, "gamma": 0.023102850498118832, "lamda": 0.9084284085945002}, "datetime": {"datetime": "2021-09-23 18:24:44", "elapsed": 135.785206, "delta": 1.429111}}
{"target": 0.46655363591607923, "params": {"C": 155.26672392157684, "epsilon": 0.8521242020546829, "gamma": 0.012752610819508925, "lamda": 0.8284690421837094}, "datetime": {"datetime": "2021-09-23 18:24:45", "elapsed": 136.888474, "delta": 1.103268}}
{"target": 0.4636918388263159, "params": {"C": 107.41511128219078, "epsilon": 0.9288056615500844, "gamma": 0.015578996015869116, "lamda": 1.0832516342235408}, "datetime": {"datetime": "2021-09-23 18:24:46", "elapsed": 137.807773, "delta": 0.919299}}
{"target": 0.46095017620472567, "params": {"C": 187.64920913088196, "epsilon": 0.8920497844410498, "gamma": 0.019194548021103798, "lamda": 0.7385033630338294}, "datetime": {"datetime": "2021-09-23 18:24:47", "elapsed": 139.354673, "delta": 1.5469}}
{"target": 0.46839954970096875, "params": {"C": 187.7900919562292, "epsilon": 0.8906178904398303, "gamma": 0.009090998783403838, "lamda": 0.6641312968105699}, "datetime": {"datetime": "2021-09-23 18:24:49", "elapsed": 140.727971, "delta": 1.373298}}
{"target": 0.45680996251936057, "params": {"C": 187.74257276917137, "epsilon": 0.9787877393828518, "gamma": 0.023083143641216417, "lamda": 0.749731518000335}, "datetime": {"datetime": "2021-09-23 18:24:50", "elapsed": 142.549381, "delta": 1.82141}}
{"target": 0.4634452003382885, "params": {"C": 187.74520934557276, "epsilon": 0.8499280643860457, "gamma": 0.005, "lamda": 0.7713686280004206}, "datetime": {"datetime": "2021-09-23 18:24:52", "elapsed": 144.181108, "delta": 1.631727}}
{"target": 0.45019298924444107, "params": {"C": 134.27806307424453, "epsilon": 0.9642962145571403, "gamma": 0.028858731059395758, "lamda": 0.8823731105697095}, "datetime": {"datetime": "2021-09-23 18:24:53", "elapsed": 145.097117, "delta": 0.916009}}
{"target": 0.4683461893451115, "params": {"C": 187.8571779640302, "epsilon": 0.965110660590572, "gamma": 0.00851474838007032, "lamda": 0.6164040903518524}, "datetime": {"datetime": "2021-09-23 18:24:55", "elapsed": 146.970986, "delta": 1.873869}}
{"target": 0.46573372637522337, "params": {"C": 190.83187486270484, "epsilon": 0.8000050265710407, "gamma": 0.014559807515797385, "lamda": 0.7913635410464073}, "datetime": {"datetime": "2021-09-23 18:24:56", "elapsed": 148.026271, "delta": 1.055285}}
{"target": 0.4591216785927199, "params": {"C": 153.97825824702267, "epsilon": 0.9708636185019088, "gamma": 0.01184145669528833, "lamda": 0.4530009217038222}, "datetime": {"datetime": "2021-09-23 18:24:57", "elapsed": 149.175284, "delta": 1.149013}}
{"target": 0.465387243065121, "params": {"C": 154.6140295520754, "epsilon": 0.9313251702506702, "gamma": 0.014588039435777578, "lamda": 0.7820357617370832}, "datetime": {"datetime": "2021-09-23 18:24:58", "elapsed": 150.167288, "delta": 0.992004}}
{"target": 0.462089249237682, "params": {"C": 158.46830196247103, "epsilon": 0.9991304063800843, "gamma": 0.005061608191522035, "lamda": 0.7609790987345918}, "datetime": {"datetime": "2021-09-23 18:25:00", "elapsed": 152.126294, "delta": 1.959006}}
{"target": 0.455152760519283, "params": {"C": 118.8045597863096, "epsilon": 0.7389814853799657, "gamma": 0.012599790402786776, "lamda": 0.6169687753528407}, "datetime": {"datetime": "2021-09-23 18:25:01", "elapsed": 153.111289, "delta": 0.984995}}
{"target": 0.4627861476144335, "params": {"C": 155.337679826572, "epsilon": 0.875802763298922, "gamma": 0.016739847661280786, "lamda": 0.7868235998174904}, "datetime": {"datetime": "2021-09-23 18:25:02", "elapsed": 154.561833, "delta": 1.450544}}
{"target": 0.46089459022600165, "params": {"C": 187.7874351693475, "epsilon": 0.9536844402275486, "gamma": 0.018665259581225134, "lamda": 0.6458614687578584}, "datetime": {"datetime": "2021-09-23 18:25:04", "elapsed": 156.535829, "delta": 1.973996}}
{"target": 0.4637214226159917, "params": {"C": 150.39576464610337, "epsilon": 0.8543124793938233, "gamma": 0.016173923347232742, "lamda": 0.85373053638036}, "datetime": {"datetime": "2021-09-23 18:25:05", "elapsed": 157.554823, "delta": 1.018994}}
{"target": 0.4672720471234173, "params": {"C": 158.42974538595416, "epsilon": 0.9019313628293697, "gamma": 0.011986722254372232, "lamda": 0.7962307990071628}, "datetime": {"datetime": "2021-09-23 18:25:08", "elapsed": 159.77883, "delta": 2.224007}}
{"target": 0.44934052133342717, "params": {"C": 194.17688152808503, "epsilon": 0.9828102367381324, "gamma": 0.025209354181362515, "lamda": 0.542808440012691}, "datetime": {"datetime": "2021-09-23 18:25:09", "elapsed": 161.674825, "delta": 1.895995}}
{"target": 0.46604082827201876, "params": {"C": 139.74240828565362, "epsilon": 0.7655930921531466, "gamma": 0.011494961584118064, "lamda": 0.8910091149228867}, "datetime": {"datetime": "2021-09-23 18:25:11", "elapsed": 163.651887, "delta": 1.977062}}
{"target": 0.46145015160305414, "params": {"C": 126.99571795624342, "epsilon": 0.9594708938005916, "gamma": 0.017462820586752033, "lamda": 0.8056047201388936}, "datetime": {"datetime": "2021-09-23 18:25:12", "elapsed": 164.703916, "delta": 1.052029}}
{"target": 0.4493997378971243, "params": {"C": 179.71862044909466, "epsilon": 0.8299364708682742, "gamma": 0.029689119679702843, "lamda": 1.0042469467224475}, "datetime": {"datetime": "2021-09-23 18:25:14", "elapsed": 165.827885, "delta": 1.123969}}
{"target": 0.46678653041816387, "params": {"C": 187.8280740572497, "epsilon": 0.810990620443346, "gamma": 0.011741491022039464, "lamda": 0.6751741505984399}, "datetime": {"datetime": "2021-09-23 18:25:15", "elapsed": 167.710893, "delta": 1.883008}}
{"target": 0.4587925690708753, "params": {"C": 163.6965177110102, "epsilon": 0.9437030528955375, "gamma": 0.02199122015244146, "lamda": 0.9225556316880832}, "datetime": {"datetime": "2021-09-23 18:25:17", "elapsed": 168.78489, "delta": 1.073997}}
{"target": 0.4652760412609237, "params": {"C": 158.4101370904084, "epsilon": 0.9803205272595275, "gamma": 0.01529360251285259, "lamda": 0.8371481979068478}, "datetime": {"datetime": "2021-09-23 18:25:19", "elapsed": 170.8656, "delta": 2.08071}}
{"target": 0.4649298167244822, "params": {"C": 194.14058781286724, "epsilon": 0.9337874424507874, "gamma": 0.015510790117113201, "lamda": 0.6847417309232839}, "datetime": {"datetime": "2021-09-23 18:25:21", "elapsed": 172.735565, "delta": 1.869965}}
{"target": 0.462954439548546, "params": {"C": 187.9121910659661, "epsilon": 0.9411452768312727, "gamma": 0.01557064925683856, "lamda": 0.585470079204743}, "datetime": {"datetime": "2021-09-23 18:25:22", "elapsed": 174.608985, "delta": 1.87342}}
{"target": 0.43882892757292624, "params": {"C": 86.68791847909299, "epsilon": 0.853043818957536, "gamma": 0.02617663213777755, "lamda": 0.6185454747563105}, "datetime": {"datetime": "2021-09-23 18:25:23", "elapsed": 175.712277, "delta": 1.103292}}
{"target": 0.446905280159681, "params": {"C": 194.26532858675728, "epsilon": 0.873456492825708, "gamma": 0.027522198372522212, "lamda": 0.6351041946960501}, "datetime": {"datetime": "2021-09-23 18:25:26", "elapsed": 177.766007, "delta": 2.05373}}
{"target": 0.45107891051755644, "params": {"C": 187.86605444376187, "epsilon": 0.8811230479128125, "gamma": 0.026184835191686403, "lamda": 0.7099067875735741}, "datetime": {"datetime": "2021-09-23 18:25:27", "elapsed": 179.688853, "delta": 1.922846}}
{"target": 0.4661657919337209, "params": {"C": 139.72034884050862, "epsilon": 0.738730111309891, "gamma": 0.007532612335125311, "lamda": 0.9742794886317554}, "datetime": {"datetime": "2021-09-23 18:25:29", "elapsed": 181.706706, "delta": 2.017853}}
{"target": 0.44444734372287376, "params": {"C": 149.41597979649168, "epsilon": 0.7632030162109802, "gamma": 0.02841775215370784, "lamda": 0.7638955777623305}, "datetime": {"datetime": "2021-09-23 18:25:31", "elapsed": 182.791206, "delta": 1.0845}}
{"target": 0.4681722818148273, "params": {"C": 172.3136636926257, "epsilon": 0.755674624309264, "gamma": 0.010181519101539454, "lamda": 0.9257757340437808}, "datetime": {"datetime": "2021-09-23 18:25:32", "elapsed": 183.873878, "delta": 1.082672}}
{"target": 0.46250598287854383, "params": {"C": 140.5601145731741, "epsilon": 0.7556349211424841, "gamma": 0.006122465337167217, "lamda": 0.8163306504552841}, "datetime": {"datetime": "2021-09-23 18:25:33", "elapsed": 184.909818, "delta": 1.03594}}
{"target": 0.45633597344186483, "params": {"C": 187.74650487093118, "epsilon": 0.790850644715509, "gamma": 0.02011459333139195, "lamda": 0.6710027793347003}, "datetime": {"datetime": "2021-09-23 18:25:35", "elapsed": 186.989614, "delta": 2.079796}}
{"target": 0.46578665952406184, "params": {"C": 190.42885406326337, "epsilon": 0.8680975528837034, "gamma": 0.013221913765326308, "lamda": 0.6433979213873813}, "datetime": {"datetime": "2021-09-23 18:25:36", "elapsed": 188.004905, "delta": 1.015291}}
{"target": 0.46616974553519985, "params": {"C": 195.20126396187962, "epsilon": 0.9579526484969233, "gamma": 0.013710567905646379, "lamda": 0.6183372346000997}, "datetime": {"datetime": "2021-09-23 18:25:38", "elapsed": 189.819181, "delta": 1.814276}}
{"target": 0.45677647212112993, "params": {"C": 194.19317706132705, "epsilon": 0.9787752355646464, "gamma": 0.022700360823678854, "lamda": 0.6900677779006582}, "datetime": {"datetime": "2021-09-23 18:25:39", "elapsed": 191.606081, "delta": 1.7869}}
{"target": 0.4607616925493524, "params": {"C": 187.84016546856893, "epsilon": 0.9623210529311184, "gamma": 0.01683443240713315, "lamda": 0.5504538214155514}, "datetime": {"datetime": "2021-09-23 18:25:42", "elapsed": 193.798343, "delta": 2.192262}}
{"target": 0.46346325586812775, "params": {"C": 179.9668241832433, "epsilon": 0.9209566289546944, "gamma": 0.0051378224934198235, "lamda": 0.7388409774927651}, "datetime": {"datetime": "2021-09-23 18:25:43", "elapsed": 195.59298, "delta": 1.794637}}
{"target": 0.460145720989907, "params": {"C": 82.32876930942277, "epsilon": 0.8957447933586106, "gamma": 0.01401833400808426, "lamda": 1.0744431397507754}, "datetime": {"datetime": "2021-09-23 18:25:44", "elapsed": 196.529684, "delta": 0.936704}}
{"target": 0.46297011465514337, "params": {"C": 180.00990457774432, "epsilon": 1.0, "gamma": 0.005, "lamda": 0.6919395752556878}, "datetime": {"datetime": "2021-09-23 18:25:46", "elapsed": 198.221839, "delta": 1.692155}}
{"target": 0.45102737254021474, "params": {"C": 172.345847369151, "epsilon": 0.825796525119931, "gamma": 0.028019508120174556, "lamda": 0.9464698439364878}, "datetime": {"datetime": "2021-09-23 18:25:48", "elapsed": 199.974398, "delta": 1.752559}}
{"target": 0.4550943199647218, "params": {"C": 195.26635131221693, "epsilon": 0.920148149473119, "gamma": 0.020333527137706482, "lamda": 0.5425635169626308}, "datetime": {"datetime": "2021-09-23 18:25:49", "elapsed": 201.312721, "delta": 1.338323}}
{"target": 0.4587352459359372, "params": {"C": 155.25317614605666, "epsilon": 0.8645747478063417, "gamma": 0.019461554762489112, "lamda": 0.7463900063674337}, "datetime": {"datetime": "2021-09-23 18:25:51", "elapsed": 203.318142, "delta": 2.005421}}
{"target": 0.46273116905562595, "params": {"C": 158.3558713248423, "epsilon": 0.9126848537416192, "gamma": 0.017679207151443974, "lamda": 0.8129681826903887}, "datetime": {"datetime": "2021-09-23 18:25:53", "elapsed": 204.953124, "delta": 1.634982}}
{"target": 0.4480072737659673, "params": {"C": 192.0100377948692, "epsilon": 0.7874840877263383, "gamma": 0.02680349156664222, "lamda": 0.7071215462379854}, "datetime": {"datetime": "2021-09-23 18:25:54", "elapsed": 206.685121, "delta": 1.731997}}
{"target": 0.46430637390587237, "params": {"C": 195.23026893278956, "epsilon": 0.9739031620450802, "gamma": 0.016294651273500667, "lamda": 0.6765176905873984}, "datetime": {"datetime": "2021-09-23 18:25:57", "elapsed": 208.778264, "delta": 2.093143}}
{"target": 0.44235668761004543, "params": {"C": 150.60174758746172, "epsilon": 0.8857749226442042, "gamma": 0.023375076780448863, "lamda": 0.462950482422307}, "datetime": {"datetime": "2021-09-23 18:25:58", "elapsed": 210.055603, "delta": 1.277339}}
{"target": 0.4610081222516762, "params": {"C": 96.49308784967099, "epsilon": 0.9711306478291082, "gamma": 0.007708958059640004, "lamda": 0.904939362879084}, "datetime": {"datetime": "2021-09-23 18:25:59", "elapsed": 211.454824, "delta": 1.399221}}
{"target": 0.4616437661722016, "params": {"C": 139.76004451649948, "epsilon": 0.8061354807676521, "gamma": 0.005, "lamda": 0.9618153251454488}, "datetime": {"datetime": "2021-09-23 18:26:01", "elapsed": 213.648553, "delta": 2.193729}}
{"target": 0.4578733346842969, "params": {"C": 160.31387718925507, "epsilon": 0.7626220739837717, "gamma": 0.02242993054121002, "lamda": 1.0066508950309885}, "datetime": {"datetime": "2021-09-23 18:26:04", "elapsed": 215.945539, "delta": 2.296986}}
{"target": 0.4569299799935257, "params": {"C": 172.25325605914563, "epsilon": 0.7461457370383983, "gamma": 0.023014319681452518, "lamda": 0.9726019290979848}, "datetime": {"datetime": "2021-09-23 18:26:05", "elapsed": 217.547644, "delta": 1.602105}}
{"target": 0.46478757773238966, "params": {"C": 161.77743532945397, "epsilon": 0.7931793571236937, "gamma": 0.006108697275133827, "lamda": 0.93785863317343}, "datetime": {"datetime": "2021-09-23 18:26:07", "elapsed": 219.1414, "delta": 1.593756}}
{"target": 0.4654172135029446, "params": {"C": 185.1163525966803, "epsilon": 0.9596686892251189, "gamma": 0.007573124440718657, "lamda": 0.4832117078887419}, "datetime": {"datetime": "2021-09-23 18:26:08", "elapsed": 220.219005, "delta": 1.077605}}
{"target": 0.4589749408643009, "params": {"C": 123.33259703025686, "epsilon": 0.7039997216468019, "gamma": 0.01779793870403457, "lamda": 0.969286991363796}, "datetime": {"datetime": "2021-09-23 18:26:09", "elapsed": 221.246898, "delta": 1.027893}}
{"target": 0.45398192885988786, "params": {"C": 168.34489983081744, "epsilon": 0.9975172090351005, "gamma": 0.018834725690420787, "lamda": 0.45566360185912097}, "datetime": {"datetime": "2021-09-23 18:26:10", "elapsed": 222.262658, "delta": 1.01576}}
{"target": 0.4523353992429845, "params": {"C": 158.47232912418195, "epsilon": 0.9235448817218092, "gamma": 0.02680308654765605, "lamda": 0.8313241523262715}, "datetime": {"datetime": "2021-09-23 18:26:12", "elapsed": 224.123239, "delta": 1.860581}}
{"target": 0.44898931762221694, "params": {"C": 158.37045845382107, "epsilon": 0.8949621468935717, "gamma": 0.027190220091254973, "lamda": 0.7304295332143267}, "datetime": {"datetime": "2021-09-23 18:26:13", "elapsed": 225.471387, "delta": 1.348148}}
{"target": 0.4495050426091485, "params": {"C": 139.72121944085157, "epsilon": 0.7352203434905479, "gamma": 0.02641309922422106, "lamda": 0.9201977086320785}, "datetime": {"datetime": "2021-09-23 18:26:15", "elapsed": 227.123713, "delta": 1.652326}}
{"target": 0.4496933890937509, "params": {"C": 187.76126505229703, "epsilon": 0.8772019540106069, "gamma": 0.02492847082636013, "lamda": 0.6157726715269223}, "datetime": {"datetime": "2021-09-23 18:26:17", "elapsed": 228.808994, "delta": 1.685281}}
{"target": 0.4644633906670257, "params": {"C": 187.75298372412658, "epsilon": 0.8739258674903676, "gamma": 0.015691699032545713, "lamda": 0.7179076535939741}, "datetime": {"datetime": "2021-09-23 18:26:18", "elapsed": 230.263248, "delta": 1.454254}}
{"target": 0.46145812042590095, "params": {"C": 139.78791249191502, "epsilon": 0.7855145289187799, "gamma": 0.005, "lamda": 0.8978493262890033}, "datetime": {"datetime": "2021-09-23 18:26:20", "elapsed": 231.961678, "delta": 1.69843}}
{"target": 0.45088822293413944, "params": {"C": 187.69670304530564, "epsilon": 0.8855645519137743, "gamma": 0.02765837627593012, "lamda": 0.8264636450028529}, "datetime": {"datetime": "2021-09-23 18:26:21", "elapsed": 233.401452, "delta": 1.439774}}
{"target": 0.45313015878312246, "params": {"C": 143.5195097862471, "epsilon": 0.8364185660252377, "gamma": 0.02611395370704437, "lamda": 0.944809509271322}, "datetime": {"datetime": "2021-09-23 18:26:22", "elapsed": 234.379463, "delta": 0.978011}}
