{"target": 0.46902493246592236, "params": {"C": 231.37238370406223, "epsilon": 0.9697202467062294, "gamma": 0.008590559917861614, "lamda": 0.5394419728271783}, "datetime": {"datetime": "2021-09-23 20:25:51", "elapsed": 438.086413, "delta": 1.999198}}
{"target": 0.45853963100993034, "params": {"C": 219.5840871991341, "epsilon": 0.9840661198255527, "gamma": 0.02, "lamda": 0.5535041947885402}, "datetime": {"datetime": "2021-09-23 20:25:54", "elapsed": 440.921586, "delta": 2.835173}}
{"target": 0.46879158413376154, "params": {"C": 211.4994183638686, "epsilon": 0.9718117426604544, "gamma": 0.00941440406321229, "lamda": 0.5735268653869048}, "datetime": {"datetime": "2021-09-23 20:25:57", "elapsed": 444.334701, "delta": 3.413115}}
{"target": 0.4638913970785169, "params": {"C": 231.33283882112391, "epsilon": 0.9884016146913244, "gamma": 0.015308027127807558, "lamda": 0.5038823848672453}, "datetime": {"datetime": "2021-09-23 20:26:00", "elapsed": 447.202967, "delta": 2.868266}}
{"target": 0.45957797224720764, "params": {"C": 211.47794833969422, "epsilon": 0.9473891991895463, "gamma": 0.016574442783291857, "lamda": 0.47885409511098453}, "datetime": {"datetime": "2021-09-23 20:26:03", "elapsed": 450.094061, "delta": 2.891094}}
{"target": 0.4566158676615599, "params": {"C": 211.76103568686023, "epsilon": 0.8361378884361463, "gamma": 0.017571768255185933, "lamda": 0.5016864600173344}, "datetime": {"datetime": "2021-09-23 20:26:06", "elapsed": 453.154098, "delta": 3.060037}}
{"target": 0.46414576832926124, "params": {"C": 249.87127697347162, "epsilon": 0.9397459998827563, "gamma": 0.01156765269834098, "lamda": 0.3891129229041582}, "datetime": {"datetime": "2021-09-23 20:26:08", "elapsed": 454.879818, "delta": 1.72572}}
{"target": 0.46581783992307557, "params": {"C": 210.93334252833301, "epsilon": 0.9580570754049214, "gamma": 0.014155055645473404, "lamda": 0.5894943490001634}, "datetime": {"datetime": "2021-09-23 20:26:11", "elapsed": 458.035182, "delta": 3.155364}}
{"target": 0.4621292608486045, "params": {"C": 210.8690743504217, "epsilon": 0.9403791520946689, "gamma": 0.017084653652682545, "lamda": 0.577753124383652}, "datetime": {"datetime": "2021-09-23 20:26:13", "elapsed": 460.218261, "delta": 2.183079}}
{"target": 0.4609096657480991, "params": {"C": 211.7398765063016, "epsilon": 0.9239670934398236, "gamma": 0.018162096908604028, "lamda": 0.5940749099579647}, "datetime": {"datetime": "2021-09-23 20:26:15", "elapsed": 462.537262, "delta": 2.319001}}
{"target": 0.4648455669234871, "params": {"C": 213.0384823686668, "epsilon": 0.8524005187430667, "gamma": 0.01373662872113527, "lamda": 0.5812802783491583}, "datetime": {"datetime": "2021-09-23 20:26:18", "elapsed": 465.05226, "delta": 2.514998}}
{"target": 0.4591274677685925, "params": {"C": 234.12888380881782, "epsilon": 0.8883678099499481, "gamma": 0.015230724832560171, "lamda": 0.42623739418218665}, "datetime": {"datetime": "2021-09-23 20:26:19", "elapsed": 466.540262, "delta": 1.488002}}
{"target": 0.4461386334265771, "params": {"C": 246.77469689356442, "epsilon": 0.5746194248871568, "gamma": 0.001366507473626014, "lamda": 0.4994644632592464}, "datetime": {"datetime": "2021-09-23 20:26:21", "elapsed": 468.142261, "delta": 1.601999}}
{"target": 0.46334069242605047, "params": {"C": 203.2904313560109, "epsilon": 0.819870351392147, "gamma": 0.006157660679023624, "lamda": 0.4832067642833628}, "datetime": {"datetime": "2021-09-23 20:26:23", "elapsed": 469.845262, "delta": 1.703001}}
{"target": 0.45561043228848785, "params": {"C": 213.02653866889042, "epsilon": 0.8465835468215743, "gamma": 0.019488806215520498, "lamda": 0.5436910976236475}, "datetime": {"datetime": "2021-09-23 20:26:26", "elapsed": 473.052343, "delta": 3.207081}}
{"target": 0.4580264033799385, "params": {"C": 224.56354815237103, "epsilon": 0.8732950888615648, "gamma": 0.0028397712328472177, "lamda": 0.539607787309945}, "datetime": {"datetime": "2021-09-23 20:26:27", "elapsed": 474.747301, "delta": 1.694958}}
{"target": 0.4550395041565668, "params": {"C": 224.20786725937182, "epsilon": 0.9196215924118745, "gamma": 0.01516745812615591, "lamda": 0.3521707397812989}, "datetime": {"datetime": "2021-09-23 20:26:29", "elapsed": 476.458413, "delta": 1.711112}}
{"target": 0.4666755867078056, "params": {"C": 211.73915641825948, "epsilon": 0.8473105769677096, "gamma": 0.006182352911172956, "lamda": 0.542797913690348}, "datetime": {"datetime": "2021-09-23 20:26:32", "elapsed": 479.700753, "delta": 3.24234}}
{"target": 0.45755340638675, "params": {"C": 210.558473721059, "epsilon": 0.8249393170677966, "gamma": 0.01026479576681389, "lamda": 0.3619084981059546}, "datetime": {"datetime": "2021-09-23 20:26:34", "elapsed": 481.509695, "delta": 1.808942}}
{"target": 0.44616342132831666, "params": {"C": 206.75586046335215, "epsilon": 0.6296053192404125, "gamma": 0.0061182464652994135, "lamda": 0.21108774048930418}, "datetime": {"datetime": "2021-09-23 20:26:36", "elapsed": 483.325319, "delta": 1.815624}}
{"target": 0.4397752010703073, "params": {"C": 231.19090889467674, "epsilon": 0.9582445774903914, "gamma": 0.015701157641411945, "lamda": 0.21518696303660267}, "datetime": {"datetime": "2021-09-23 20:26:38", "elapsed": 485.558915, "delta": 2.233596}}
{"target": 0.45352660861131666, "params": {"C": 214.28425819744962, "epsilon": 0.7854908335399788, "gamma": 0.013703351747498885, "lamda": 0.3789344474186357}, "datetime": {"datetime": "2021-09-23 20:26:40", "elapsed": 487.358944, "delta": 1.800029}}
{"target": 0.46002945940240914, "params": {"C": 210.72889956373174, "epsilon": 0.9882552761250007, "gamma": 0.0187644608956909, "lamda": 0.5540940429332779}, "datetime": {"datetime": "2021-09-23 20:26:44", "elapsed": 491.043754, "delta": 3.68481}}
{"target": 0.46142997516807505, "params": {"C": 231.34823400134908, "epsilon": 0.9438797331776566, "gamma": 0.017710952545656824, "lamda": 0.5546830154406112}, "datetime": {"datetime": "2021-09-23 20:26:48", "elapsed": 495.223717, "delta": 4.179963}}
{"target": 0.4662343146716843, "params": {"C": 249.01924311101746, "epsilon": 0.7286910948703744, "gamma": 0.008142085630345786, "lamda": 0.4854314488308696}, "datetime": {"datetime": "2021-09-23 20:26:50", "elapsed": 497.274021, "delta": 2.050304}}
{"target": 0.45502677852482987, "params": {"C": 215.48825579543578, "epsilon": 0.7884177535625021, "gamma": 0.005232011530529651, "lamda": 0.321064043781739}, "datetime": {"datetime": "2021-09-23 20:26:52", "elapsed": 499.157812, "delta": 1.883791}}
{"target": 0.45688710646317354, "params": {"C": 210.8359121101814, "epsilon": 0.8786989876093001, "gamma": 0.0030137368768735524, "lamda": 0.4877880081700879}, "datetime": {"datetime": "2021-09-23 20:26:55", "elapsed": 502.68217, "delta": 3.524358}}
{"target": 0.46324333621758784, "params": {"C": 210.62405141892233, "epsilon": 0.9398026891918578, "gamma": 0.01580738531114209, "lamda": 0.5596229965383182}, "datetime": {"datetime": "2021-09-23 20:26:58", "elapsed": 505.263807, "delta": 2.581637}}
{"target": 0.44947414837482336, "params": {"C": 234.13380758898046, "epsilon": 0.7445602104695959, "gamma": 0.0030366624261682997, "lamda": 0.3186514443234968}, "datetime": {"datetime": "2021-09-23 20:27:00", "elapsed": 507.311248, "delta": 2.047441}}
{"target": 0.45732059670645464, "params": {"C": 213.04899438102566, "epsilon": 0.8967257786949651, "gamma": 0.01926868671654724, "lamda": 0.5449577462633033}, "datetime": {"datetime": "2021-09-23 20:27:04", "elapsed": 511.464491, "delta": 4.153243}}
{"target": 0.46014550439239665, "params": {"C": 211.75791160511838, "epsilon": 0.9518012870383098, "gamma": 0.016360928388787905, "lamda": 0.48258067180532166}, "datetime": {"datetime": "2021-09-23 20:27:08", "elapsed": 515.039704, "delta": 3.575213}}
{"target": 0.4667926938266672, "params": {"C": 211.7258388682349, "epsilon": 0.8614490500760399, "gamma": 0.006729424098640941, "lamda": 0.5189112037043155}, "datetime": {"datetime": "2021-09-23 20:27:11", "elapsed": 518.408704, "delta": 3.369}}
{"target": 0.4604202488291802, "params": {"C": 210.77064349532947, "epsilon": 0.9510392201618265, "gamma": 0.003669849501846624, "lamda": 0.5815705078630704}, "datetime": {"datetime": "2021-09-23 20:27:14", "elapsed": 521.079318, "delta": 2.670614}}
{"target": 0.46864988731397006, "params": {"C": 231.38743603962502, "epsilon": 0.9621534571849282, "gamma": 0.010727903333117076, "lamda": 0.5595663585658897}, "datetime": {"datetime": "2021-09-23 20:27:17", "elapsed": 524.112364, "delta": 3.033046}}
{"target": 0.4589434369942741, "params": {"C": 211.4263919265542, "epsilon": 0.9048055367800187, "gamma": 0.019282215140067036, "lamda": 0.5866306869424112}, "datetime": {"datetime": "2021-09-23 20:27:20", "elapsed": 527.095314, "delta": 2.98295}}
{"target": 0.44611303565697624, "params": {"C": 215.0760635756268, "epsilon": 0.9867798789561615, "gamma": 0.018412493428863204, "lamda": 0.30405610394884175}, "datetime": {"datetime": "2021-09-23 20:27:22", "elapsed": 529.217872, "delta": 2.122558}}
{"target": 0.46073706920020585, "params": {"C": 210.90933873878203, "epsilon": 0.9723627965581183, "gamma": 0.018173224079847613, "lamda": 0.5596389103348414}, "datetime": {"datetime": "2021-09-23 20:27:25", "elapsed": 532.307125, "delta": 3.089253}}
{"target": 0.4616432466535909, "params": {"C": 213.1067197192879, "epsilon": 0.8669575656484416, "gamma": 0.016960569585790314, "lamda": 0.5953743671234908}, "datetime": {"datetime": "2021-09-23 20:27:28", "elapsed": 535.116101, "delta": 2.808976}}
{"target": 0.45809094620296165, "params": {"C": 211.7238715717044, "epsilon": 0.9831944752696925, "gamma": 0.01940665672148803, "lamda": 0.5222834261651971}, "datetime": {"datetime": "2021-09-23 20:27:32", "elapsed": 538.844108, "delta": 3.728007}}
{"target": 0.46258051513369336, "params": {"C": 231.3560398975582, "epsilon": 0.9592468110928231, "gamma": 0.016604956345453073, "lamda": 0.5320965780401403}, "datetime": {"datetime": "2021-09-23 20:27:36", "elapsed": 542.78566, "delta": 3.941552}}
{"target": 0.46473750656498525, "params": {"C": 229.66243878333415, "epsilon": 0.63904099446355, "gamma": 0.009154181654040004, "lamda": 0.5548790098928182}, "datetime": {"datetime": "2021-09-23 20:27:37", "elapsed": 544.696778, "delta": 1.911118}}
{"target": 0.45690442790091723, "params": {"C": 231.3218564986054, "epsilon": 0.8934252776851086, "gamma": 0.01974102790146666, "lamda": 0.5282029573675928}, "datetime": {"datetime": "2021-09-23 20:27:40", "elapsed": 547.300084, "delta": 2.603306}}
{"target": 0.46032867812777645, "params": {"C": 212.2692968436916, "epsilon": 0.8509429897639873, "gamma": 0.006529459885256427, "lamda": 0.3699854713433734}, "datetime": {"datetime": "2021-09-23 20:27:42", "elapsed": 549.257267, "delta": 1.957183}}
{"target": 0.4630851206138784, "params": {"C": 205.5588626775801, "epsilon": 0.9061632186641907, "gamma": 0.015280920517260134, "lamda": 0.5626868341408475}, "datetime": {"datetime": "2021-09-23 20:27:44", "elapsed": 551.075103, "delta": 1.817836}}
{"target": 0.46833124656419745, "params": {"C": 210.6929017280745, "epsilon": 0.8532692804485889, "gamma": 0.0076582847652742906, "lamda": 0.5957780881053922}, "datetime": {"datetime": "2021-09-23 20:27:47", "elapsed": 554.612876, "delta": 3.537773}}
{"target": 0.4593038172964651, "params": {"C": 241.327677950938, "epsilon": 0.8961224138828492, "gamma": 0.006176531629263376, "lamda": 0.29362789011599466}, "datetime": {"datetime": "2021-09-23 20:27:49", "elapsed": 556.562341, "delta": 1.949465}}
{"target": 0.4377051877792765, "params": {"C": 211.75575390372754, "epsilon": 0.8962584210739254, "gamma": 0.001, "lamda": 0.5069585971429449}, "datetime": {"datetime": "2021-09-23 20:27:52", "elapsed": 559.472339, "delta": 2.909998}}
{"target": 0.4579243892672924, "params": {"C": 213.87789493796078, "epsilon": 0.7766559782130195, "gamma": 0.003972590972043636, "lamda": 0.4472678466896678}, "datetime": {"datetime": "2021-09-23 20:27:54", "elapsed": 561.444897, "delta": 1.972558}}
{"target": 0.46572958875654724, "params": {"C": 213.20948565944263, "epsilon": 0.8440462333435903, "gamma": 0.005411327871335005, "lamda": 0.5513402665635949}, "datetime": {"datetime": "2021-09-23 20:27:58", "elapsed": 565.25279, "delta": 3.807893}}
{"target": 0.46123811302134365, "params": {"C": 235.09385956355513, "epsilon": 0.6432920319269502, "gamma": 0.01034900237420755, "lamda": 0.4836777336697125}, "datetime": {"datetime": "2021-09-23 20:28:00", "elapsed": 567.093066, "delta": 1.840276}}
{"target": 0.4610711950915559, "params": {"C": 210.70440123559123, "epsilon": 0.9515539414819841, "gamma": 0.017641682545341736, "lamda": 0.5570062216895693}, "datetime": {"datetime": "2021-09-23 20:28:03", "elapsed": 569.959846, "delta": 2.86678}}
{"target": 0.45517353682082795, "params": {"C": 206.3158047341259, "epsilon": 0.9559564851140614, "gamma": 0.017982629060114778, "lamda": 0.42803632584270723}, "datetime": {"datetime": "2021-09-23 20:28:05", "elapsed": 571.804492, "delta": 1.844646}}
{"target": 0.46637010281924796, "params": {"C": 231.37407474556062, "epsilon": 0.890656044495532, "gamma": 0.0056148012913086525, "lamda": 0.47957415318002966}, "datetime": {"datetime": "2021-09-23 20:28:08", "elapsed": 574.926453, "delta": 3.121961}}
{"target": 0.4662510234301164, "params": {"C": 240.4927271722867, "epsilon": 0.7203967285739981, "gamma": 0.011612076573152805, "lamda": 0.5886209819001325}, "datetime": {"datetime": "2021-09-23 20:28:10", "elapsed": 577.127471, "delta": 2.201018}}
{"target": 0.4593339642065095, "params": {"C": 219.5309818334962, "epsilon": 0.9730786748857709, "gamma": 0.01987403676832674, "lamda": 0.5870005490315777}, "datetime": {"datetime": "2021-09-23 20:28:14", "elapsed": 580.912408, "delta": 3.784937}}
{"target": 0.46030422228537493, "params": {"C": 237.25864935069438, "epsilon": 0.9277664613350953, "gamma": 0.01591579741354734, "lamda": 0.4522428046807235}, "datetime": {"datetime": "2021-09-23 20:28:17", "elapsed": 584.140875, "delta": 3.228467}}
{"target": 0.46425191636010654, "params": {"C": 231.27955332722476, "epsilon": 0.9034626971859288, "gamma": 0.004946286891086251, "lamda": 0.44401539538144263}, "datetime": {"datetime": "2021-09-23 20:28:20", "elapsed": 587.344933, "delta": 3.204058}}
{"target": 0.4464404492319366, "params": {"C": 220.2851473428127, "epsilon": 0.6292979281189207, "gamma": 0.001699139622762191, "lamda": 0.48629320138619525}, "datetime": {"datetime": "2021-09-23 20:28:22", "elapsed": 589.341976, "delta": 1.997043}}
{"target": 0.43367911396253644, "params": {"C": 227.32856579334793, "epsilon": 0.5033070547925304, "gamma": 0.019018028250051285, "lamda": 0.4256313578299896}, "datetime": {"datetime": "2021-09-23 20:28:24", "elapsed": 591.648343, "delta": 2.306367}}
{"target": 0.46782688136341166, "params": {"C": 242.38479040901606, "epsilon": 0.9172210875013824, "gamma": 0.010500691998245416, "lamda": 0.4867995148986252}, "datetime": {"datetime": "2021-09-23 20:28:28", "elapsed": 595.494022, "delta": 3.845679}}
{"target": 0.4657852801402864, "params": {"C": 210.63886900182516, "epsilon": 0.8287680424601334, "gamma": 0.012367839813350663, "lamda": 0.5776366629299942}, "datetime": {"datetime": "2021-09-23 20:28:31", "elapsed": 598.475069, "delta": 2.981047}}
{"target": 0.4680383580102413, "params": {"C": 211.80024261173665, "epsilon": 0.9565296147691442, "gamma": 0.008428441771864574, "lamda": 0.49528088380508856}, "datetime": {"datetime": "2021-09-23 20:28:34", "elapsed": 601.186249, "delta": 2.71118}}
{"target": 0.4637844754945657, "params": {"C": 231.31321413858902, "epsilon": 0.9923280289462502, "gamma": 0.004283868476608609, "lamda": 0.46769830519065303}, "datetime": {"datetime": "2021-09-23 20:28:38", "elapsed": 605.124209, "delta": 3.93796}}
{"target": 0.4661210224225193, "params": {"C": 211.36363221418534, "epsilon": 0.8649925226441073, "gamma": 0.0055529571631212716, "lamda": 0.562197715495393}, "datetime": {"datetime": "2021-09-23 20:28:41", "elapsed": 607.865885, "delta": 2.741676}}
{"target": 0.4601967147746312, "params": {"C": 211.6994470860696, "epsilon": 0.8483606410633742, "gamma": 0.003504784534424115, "lamda": 0.5507002117162952}, "datetime": {"datetime": "2021-09-23 20:28:44", "elapsed": 611.578717, "delta": 3.712832}}
{"target": 0.4590266963518702, "params": {"C": 231.3945874161924, "epsilon": 0.9811518754956057, "gamma": 0.019889557237939316, "lamda": 0.5582315287393818}, "datetime": {"datetime": "2021-09-23 20:28:47", "elapsed": 614.515226, "delta": 2.936509}}
{"target": 0.4581196474746755, "params": {"C": 211.51953862854333, "epsilon": 0.9619349154357204, "gamma": 0.02, "lamda": 0.5588022948091199}, "datetime": {"datetime": "2021-09-23 20:28:50", "elapsed": 617.763102, "delta": 3.247876}}
{"target": 0.4604846419634663, "params": {"C": 210.6357002767452, "epsilon": 0.8713076917843818, "gamma": 0.0034913776855436383, "lamda": 0.5834360692686702}, "datetime": {"datetime": "2021-09-23 20:28:53", "elapsed": 620.700888, "delta": 2.937786}}
{"target": 0.4277470842685519, "params": {"C": 209.20695692209685, "epsilon": 0.6751317564837334, "gamma": 0.01988156942291478, "lamda": 0.2656491237433424}, "datetime": {"datetime": "2021-09-23 20:28:55", "elapsed": 622.674267, "delta": 1.973379}}
{"target": 0.45412735098778056, "params": {"C": 245.85814223870398, "epsilon": 0.7976158333420931, "gamma": 0.013941992812949045, "lamda": 0.3500335159798626}, "datetime": {"datetime": "2021-09-23 20:28:57", "elapsed": 624.61652, "delta": 1.942253}}
{"target": 0.44961931385189025, "params": {"C": 221.63098944596396, "epsilon": 0.6060203632325791, "gamma": 0.013287922171282138, "lamda": 0.4112977075299995}, "datetime": {"datetime": "2021-09-23 20:28:59", "elapsed": 626.604423, "delta": 1.987903}}
{"target": 0.46736764199386016, "params": {"C": 213.11655154931336, "epsilon": 0.8125353833025475, "gamma": 0.006600575266547037, "lamda": 0.5783168012701692}, "datetime": {"datetime": "2021-09-23 20:29:01", "elapsed": 628.515534, "delta": 1.911111}}
{"target": 0.4620325255148253, "params": {"C": 242.37472494339605, "epsilon": 0.8915530334662238, "gamma": 0.014785397618659376, "lamda": 0.46618505170232344}, "datetime": {"datetime": "2021-09-23 20:29:04", "elapsed": 631.642882, "delta": 3.127348}}
{"target": 0.466014392423145, "params": {"C": 211.7861834956832, "epsilon": 0.914213057574784, "gamma": 0.005589832654863489, "lamda": 0.5124393241515073}, "datetime": {"datetime": "2021-09-23 20:29:06", "elapsed": 633.617331, "delta": 1.974449}}
{"target": 0.4566091892230486, "params": {"C": 210.70784179830437, "epsilon": 0.814588199910259, "gamma": 0.002747425978287243, "lamda": 0.5814308716499386}, "datetime": {"datetime": "2021-09-23 20:29:10", "elapsed": 636.810232, "delta": 3.192901}}
{"target": 0.4568259252158513, "params": {"C": 213.22188942150737, "epsilon": 0.8756015383344993, "gamma": 0.018674618179567958, "lamda": 0.5252674905222798}, "datetime": {"datetime": "2021-09-23 20:29:13", "elapsed": 640.405202, "delta": 3.59497}}
{"target": 0.46124709651876694, "params": {"C": 225.0129163878352, "epsilon": 0.9816791448026111, "gamma": 0.01813666909993031, "lamda": 0.5584004271612589}, "datetime": {"datetime": "2021-09-23 20:29:15", "elapsed": 642.369197, "delta": 1.963995}}
{"target": 0.4513866955951684, "params": {"C": 217.90523638957495, "epsilon": 0.5223981490281685, "gamma": 0.00669187413777468, "lamda": 0.3691308035880109}, "datetime": {"datetime": "2021-09-23 20:29:17", "elapsed": 644.366555, "delta": 1.997358}}
{"target": 0.4660467404014613, "params": {"C": 242.34413472982735, "epsilon": 0.8998264743225237, "gamma": 0.013009901209680774, "lamda": 0.513847010004701}, "datetime": {"datetime": "2021-09-23 20:29:21", "elapsed": 648.476283, "delta": 4.109728}}
{"target": 0.4614318074918381, "params": {"C": 242.36228719923184, "epsilon": 0.8971717645175334, "gamma": 0.003510644599338514, "lamda": 0.5070056648934479}, "datetime": {"datetime": "2021-09-23 20:29:25", "elapsed": 652.216133, "delta": 3.73985}}
{"target": 0.45484506712427275, "params": {"C": 231.40402748089463, "epsilon": 0.9011950910450655, "gamma": 0.01933597176722843, "lamda": 0.46936631118960187}, "datetime": {"datetime": "2021-09-23 20:29:28", "elapsed": 655.083104, "delta": 2.866971}}
{"target": 0.458904448057179, "params": {"C": 244.78079894242697, "epsilon": 0.7015309823388327, "gamma": 0.003588859851064803, "lamda": 0.4932042031657254}, "datetime": {"datetime": "2021-09-23 20:29:30", "elapsed": 657.001535, "delta": 1.918431}}
{"target": 0.4619523636043703, "params": {"C": 211.68925499575082, "epsilon": 0.9551147119429749, "gamma": 0.016726166049929124, "lamda": 0.5440870327999291}, "datetime": {"datetime": "2021-09-23 20:29:33", "elapsed": 659.88603, "delta": 2.884495}}
{"target": 0.4489202357012696, "params": {"C": 213.004714093562, "epsilon": 0.6179994164005279, "gamma": 0.007874004882368259, "lamda": 0.2772195632394394}, "datetime": {"datetime": "2021-09-23 20:29:35", "elapsed": 661.861602, "delta": 1.975572}}
{"target": 0.45925049221580994, "params": {"C": 210.6145149064244, "epsilon": 0.8572518892055467, "gamma": 0.015896835857474652, "lamda": 0.4952650293147223}, "datetime": {"datetime": "2021-09-23 20:29:38", "elapsed": 665.76346, "delta": 3.901858}}
{"target": 0.45970054023007323, "params": {"C": 210.61005566609532, "epsilon": 0.8392732920945554, "gamma": 0.017872303919617725, "lamda": 0.5969194574330511}, "datetime": {"datetime": "2021-09-23 20:29:41", "elapsed": 668.756398, "delta": 2.992938}}
{"target": 0.4633041708477412, "params": {"C": 240.49025672559134, "epsilon": 0.7413129082403682, "gamma": 0.0040813470250490105, "lamda": 0.5699199198984495}, "datetime": {"datetime": "2021-09-23 20:29:44", "elapsed": 671.659556, "delta": 2.903158}}
{"target": 0.4668921770820825, "params": {"C": 211.83677261720254, "epsilon": 0.8982651814942462, "gamma": 0.006326523923057842, "lamda": 0.5138371474661974}, "datetime": {"datetime": "2021-09-23 20:29:49", "elapsed": 676.290161, "delta": 4.630605}}
