{"target": 0.4692429078481457, "params": {"C": 242.90582193645747, "epsilon": 0.8169978779484723, "gamma": 0.008541235657023038, "lamda": 0.6407306260058635}, "datetime": {"datetime": "2021-09-23 20:54:53", "elapsed": 366.636216, "delta": 3.29111}}
{"target": 0.46891563184775986, "params": {"C": 347.8423348442384, "epsilon": 0.8372146569222246, "gamma": 0.008758992437024098, "lamda": 0.7140735866231522}, "datetime": {"datetime": "2021-09-23 20:54:55", "elapsed": 368.583725, "delta": 1.947509}}
{"target": 0.4687358021126041, "params": {"C": 274.0741627499587, "epsilon": 0.8730506521375012, "gamma": 0.007227374489752449, "lamda": 0.5907980328363043}, "datetime": {"datetime": "2021-09-23 20:54:57", "elapsed": 370.53431, "delta": 1.950585}}
{"target": 0.4664812335551284, "params": {"C": 347.5879811728838, "epsilon": 0.8285128884267, "gamma": 0.013045469072329355, "lamda": 0.5093909670951746}, "datetime": {"datetime": "2021-09-23 20:54:59", "elapsed": 373.484223, "delta": 2.949913}}
{"target": 0.46790341475462693, "params": {"C": 306.630112640593, "epsilon": 0.9051114026472176, "gamma": 0.007110771029374232, "lamda": 0.6660361548569513}, "datetime": {"datetime": "2021-09-23 20:55:02", "elapsed": 375.732849, "delta": 2.248626}}
{"target": 0.4675911567655656, "params": {"C": 315.094376695757, "epsilon": 0.8467361262817575, "gamma": 0.006071927592720157, "lamda": 0.5889885832426226}, "datetime": {"datetime": "2021-09-23 20:55:04", "elapsed": 378.194173, "delta": 2.461324}}
{"target": 0.468520421112691, "params": {"C": 288.0972951697709, "epsilon": 0.9811195407496289, "gamma": 0.01113340651546316, "lamda": 0.5943203833176629}, "datetime": {"datetime": "2021-09-23 20:55:06", "elapsed": 380.382459, "delta": 2.188286}}
{"target": 0.46512876296266814, "params": {"C": 281.1028341343674, "epsilon": 0.7692842063738586, "gamma": 0.014220182889781253, "lamda": 0.5741953516210014}, "datetime": {"datetime": "2021-09-23 20:55:09", "elapsed": 383.482459, "delta": 3.1}}
{"target": 0.46789708133467, "params": {"C": 253.6667038671175, "epsilon": 0.9785562976850153, "gamma": 0.008271729732710778, "lamda": 0.7203855562650551}, "datetime": {"datetime": "2021-09-23 20:55:12", "elapsed": 385.987974, "delta": 2.505515}}
{"target": 0.4689545406627642, "params": {"C": 286.11441430964413, "epsilon": 0.9009097426532748, "gamma": 0.009388072626570033, "lamda": 0.664910983228141}, "datetime": {"datetime": "2021-09-23 20:55:14", "elapsed": 388.072007, "delta": 2.084033}}
{"target": 0.4652873253955616, "params": {"C": 245.12272979358295, "epsilon": 0.9271571076434731, "gamma": 0.0062001976189565156, "lamda": 0.7847111451095101}, "datetime": {"datetime": "2021-09-23 20:55:16", "elapsed": 389.835102, "delta": 1.763095}}
{"target": 0.46786339369948704, "params": {"C": 276.82004516052046, "epsilon": 0.7710280187290245, "gamma": 0.012259517787157153, "lamda": 0.7499277708423167}, "datetime": {"datetime": "2021-09-23 20:55:18", "elapsed": 391.882953, "delta": 2.047851}}
{"target": 0.4661913380631256, "params": {"C": 273.16733986637894, "epsilon": 0.9920679273736969, "gamma": 0.014164470225717474, "lamda": 0.5780420779616313}, "datetime": {"datetime": "2021-09-23 20:55:20", "elapsed": 393.866492, "delta": 1.983539}}
{"target": 0.4667196992832481, "params": {"C": 294.74550499451357, "epsilon": 0.8719799872919849, "gamma": 0.013433575198602003, "lamda": 0.5939046412501149}, "datetime": {"datetime": "2021-09-23 20:55:22", "elapsed": 396.27731, "delta": 2.410818}}
{"target": 0.4693574300429171, "params": {"C": 340.35073843634456, "epsilon": 0.7742422943347577, "gamma": 0.009345101232757688, "lamda": 0.6473282589227599}, "datetime": {"datetime": "2021-09-23 20:55:24", "elapsed": 398.375336, "delta": 2.098026}}
{"target": 0.46539028559545803, "params": {"C": 330.07596598457354, "epsilon": 0.9902007239033365, "gamma": 0.006205369918190319, "lamda": 0.7269672943373411}, "datetime": {"datetime": "2021-09-23 20:55:27", "elapsed": 401.438731, "delta": 3.063395}}
{"target": 0.46824961456882497, "params": {"C": 342.2131277061079, "epsilon": 0.7569253832997493, "gamma": 0.007409053873141272, "lamda": 0.7895469700578563}, "datetime": {"datetime": "2021-09-23 20:55:29", "elapsed": 403.486813, "delta": 2.048082}}
{"target": 0.4689730141463492, "params": {"C": 305.25736532333514, "epsilon": 0.78342459667813, "gamma": 0.009291674554757896, "lamda": 0.7661592574196138}, "datetime": {"datetime": "2021-09-23 20:55:31", "elapsed": 405.399396, "delta": 1.912583}}
{"target": 0.4658573336122689, "params": {"C": 291.50811860700844, "epsilon": 0.9145277054728123, "gamma": 0.014731592861553237, "lamda": 0.7262753199514455}, "datetime": {"datetime": "2021-09-23 20:55:34", "elapsed": 407.764158, "delta": 2.364762}}
{"target": 0.46876691903479883, "params": {"C": 266.9924530561215, "epsilon": 0.9105657938583923, "gamma": 0.007910242044871804, "lamda": 0.6274891035075301}, "datetime": {"datetime": "2021-09-23 20:55:36", "elapsed": 409.953347, "delta": 2.189189}}
{"target": 0.46741066914753227, "params": {"C": 252.2294978906762, "epsilon": 0.9436979311985144, "gamma": 0.0125162739564527, "lamda": 0.7720151256056358}, "datetime": {"datetime": "2021-09-23 20:55:38", "elapsed": 411.863342, "delta": 1.909995}}
{"target": 0.46587951757452517, "params": {"C": 279.14968706378573, "epsilon": 0.7524797127705728, "gamma": 0.01455834627433997, "lamda": 0.7720250572043711}, "datetime": {"datetime": "2021-09-23 20:55:40", "elapsed": 414.31677, "delta": 2.453428}}
{"target": 0.46891986116310524, "params": {"C": 330.9208914920636, "epsilon": 0.9376734483297096, "gamma": 0.00772449033119125, "lamda": 0.570220917586996}, "datetime": {"datetime": "2021-09-23 20:55:42", "elapsed": 416.188846, "delta": 1.872076}}
{"target": 0.4690529643148179, "params": {"C": 322.8766349223667, "epsilon": 0.8362721517584968, "gamma": 0.009798707500873225, "lamda": 0.6829544793138194}, "datetime": {"datetime": "2021-09-23 20:55:45", "elapsed": 418.928624, "delta": 2.739778}}
{"target": 0.46735234405678894, "params": {"C": 270.5313688635137, "epsilon": 0.8659935869278117, "gamma": 0.006564521564233493, "lamda": 0.6854508850172509}, "datetime": {"datetime": "2021-09-23 20:55:47", "elapsed": 420.837477, "delta": 1.908853}}
{"target": 0.46872921185307537, "params": {"C": 290.3170797731406, "epsilon": 0.9311333205434347, "gamma": 0.009008358954984471, "lamda": 0.6786828465396038}, "datetime": {"datetime": "2021-09-23 20:55:49", "elapsed": 423.393804, "delta": 2.556327}}
{"target": 0.46906280752714824, "params": {"C": 317.2064910398213, "epsilon": 0.7859752191561701, "gamma": 0.009920527565372393, "lamda": 0.7127583002522844}, "datetime": {"datetime": "2021-09-23 20:55:52", "elapsed": 425.506635, "delta": 2.112831}}
{"target": 0.4694692124987815, "params": {"C": 283.98967743124956, "epsilon": 0.9364991252521505, "gamma": 0.008893196175597933, "lamda": 0.5084095096877513}, "datetime": {"datetime": "2021-09-23 20:55:54", "elapsed": 428.110164, "delta": 2.603529}}
{"target": 0.46652661843970755, "params": {"C": 253.89477041507698, "epsilon": 0.9735738910684368, "gamma": 0.01393822582111304, "lamda": 0.6710272443820304}, "datetime": {"datetime": "2021-09-23 20:55:56", "elapsed": 430.11053, "delta": 2.000366}}
{"target": 0.46732009379320805, "params": {"C": 302.75231619905117, "epsilon": 0.9863962625645899, "gamma": 0.012888129586296197, "lamda": 0.5662948909618841}, "datetime": {"datetime": "2021-09-23 20:55:59", "elapsed": 433.120783, "delta": 3.010253}}
{"target": 0.4685080340390716, "params": {"C": 329.0839997790307, "epsilon": 0.8322380371443988, "gamma": 0.010585303459554107, "lamda": 0.7914657364250994}, "datetime": {"datetime": "2021-09-23 20:56:01", "elapsed": 435.031979, "delta": 1.911196}}
{"target": 0.46696364633391874, "params": {"C": 251.0537900976562, "epsilon": 0.9952965562891092, "gamma": 0.006815841030026173, "lamda": 0.6666406148059028}, "datetime": {"datetime": "2021-09-23 20:56:03", "elapsed": 437.099098, "delta": 2.067119}}
{"target": 0.4673503661932116, "params": {"C": 321.9690285715276, "epsilon": 0.9566598768010572, "gamma": 0.012850419691340705, "lamda": 0.6891821035105427}, "datetime": {"datetime": "2021-09-23 20:56:05", "elapsed": 439.390445, "delta": 2.291347}}
{"target": 0.4628476480040611, "params": {"C": 286.0998941107016, "epsilon": 0.7674411985692753, "gamma": 0.014607387077810653, "lamda": 0.5009799103458787}, "datetime": {"datetime": "2021-09-23 20:56:08", "elapsed": 441.731697, "delta": 2.341252}}
{"target": 0.4656894552862486, "params": {"C": 284.62732415418793, "epsilon": 0.7775787568713524, "gamma": 0.005367968222506416, "lamda": 0.7147199010396466}, "datetime": {"datetime": "2021-09-23 20:56:10", "elapsed": 443.623599, "delta": 1.891902}}
{"target": 0.4653123898686322, "params": {"C": 300.12284474536546, "epsilon": 0.7019842328755181, "gamma": 0.014483172763184886, "lamda": 0.6692235183724923}, "datetime": {"datetime": "2021-09-23 20:56:12", "elapsed": 445.690825, "delta": 2.067226}}
{"target": 0.4659424585513062, "params": {"C": 309.9132791416432, "epsilon": 0.7076456532760252, "gamma": 0.005130954896402698, "lamda": 0.6901408432153344}, "datetime": {"datetime": "2021-09-23 20:56:14", "elapsed": 448.256977, "delta": 2.566152}}
{"target": 0.46794222236474436, "params": {"C": 318.56611322362403, "epsilon": 0.8299857072886688, "gamma": 0.006621576164953653, "lamda": 0.6517140041328635}, "datetime": {"datetime": "2021-09-23 20:56:17", "elapsed": 450.967864, "delta": 2.710887}}
{"target": 0.466480847872082, "params": {"C": 286.7124697520086, "epsilon": 0.7381256791823784, "gamma": 0.00534661999891731, "lamda": 0.6516334398253476}, "datetime": {"datetime": "2021-09-23 20:56:19", "elapsed": 453.365905, "delta": 2.398041}}
{"target": 0.46583022673021823, "params": {"C": 266.76244509649723, "epsilon": 0.868167203827696, "gamma": 0.013587633907688919, "lamda": 0.5229102719247151}, "datetime": {"datetime": "2021-09-23 20:56:22", "elapsed": 455.88684, "delta": 2.520935}}
{"target": 0.46754247967376605, "params": {"C": 342.83141518989623, "epsilon": 0.810128249207227, "gamma": 0.012644877537792521, "lamda": 0.6863767089974239}, "datetime": {"datetime": "2021-09-23 20:56:25", "elapsed": 458.769227, "delta": 2.882387}}
{"target": 0.46725588918844985, "params": {"C": 273.3236121391134, "epsilon": 0.9992340542170322, "gamma": 0.012981591103211985, "lamda": 0.656537527503924}, "datetime": {"datetime": "2021-09-23 20:56:28", "elapsed": 461.519092, "delta": 2.749865}}
{"target": 0.46527270998616166, "params": {"C": 300.58273368801224, "epsilon": 0.8352300385039755, "gamma": 0.005542290775392233, "lamda": 0.7440941729696501}, "datetime": {"datetime": "2021-09-23 20:56:30", "elapsed": 463.688788, "delta": 2.169696}}
{"target": 0.4691837795005305, "params": {"C": 339.9368511582436, "epsilon": 0.7099572183752715, "gamma": 0.00894713789528327, "lamda": 0.7883717067077627}, "datetime": {"datetime": "2021-09-23 20:56:33", "elapsed": 466.661614, "delta": 2.972826}}
{"target": 0.4693009781021057, "params": {"C": 342.91052175509685, "epsilon": 0.938404838118679, "gamma": 0.009532743650682676, "lamda": 0.5358483471610859}, "datetime": {"datetime": "2021-09-23 20:56:35", "elapsed": 468.850144, "delta": 2.18853}}
{"target": 0.46374952669786296, "params": {"C": 260.2553052286131, "epsilon": 0.8050790538902399, "gamma": 0.014937668117323569, "lamda": 0.5492368428075067}, "datetime": {"datetime": "2021-09-23 20:56:37", "elapsed": 470.884469, "delta": 2.034325}}
{"target": 0.468151815516231, "params": {"C": 340.8879129251488, "epsilon": 0.8785695000052558, "gamma": 0.011811575164710023, "lamda": 0.612525136984897}, "datetime": {"datetime": "2021-09-23 20:56:39", "elapsed": 473.480755, "delta": 2.596286}}
{"target": 0.4683820735057591, "params": {"C": 287.5881767811207, "epsilon": 0.7636122179395475, "gamma": 0.011467327458569546, "lamda": 0.6584732806474997}, "datetime": {"datetime": "2021-09-23 20:56:42", "elapsed": 476.058832, "delta": 2.578077}}
{"target": 0.46907878892645416, "params": {"C": 291.48823110102285, "epsilon": 0.7480843723719918, "gamma": 0.008812257702617173, "lamda": 0.5312884948903336}, "datetime": {"datetime": "2021-09-23 20:56:44", "elapsed": 478.199372, "delta": 2.14054}}
{"target": 0.46785692175723836, "params": {"C": 344.0312987367972, "epsilon": 0.9265607536867919, "gamma": 0.011824807830928347, "lamda": 0.7571600226010533}, "datetime": {"datetime": "2021-09-23 20:56:46", "elapsed": 480.157835, "delta": 1.958463}}
{"target": 0.46710951816370017, "params": {"C": 260.2256139759596, "epsilon": 0.7195784797410263, "gamma": 0.013182368687789745, "lamda": 0.7740990933808869}, "datetime": {"datetime": "2021-09-23 20:56:48", "elapsed": 482.261477, "delta": 2.103642}}
{"target": 0.4668986156230954, "params": {"C": 307.57412622468206, "epsilon": 0.7714056455332405, "gamma": 0.013132523447274003, "lamda": 0.6339289526459084}, "datetime": {"datetime": "2021-09-23 20:56:51", "elapsed": 484.808833, "delta": 2.547356}}
{"target": 0.466961026747152, "params": {"C": 268.6394957083433, "epsilon": 0.8879496515255599, "gamma": 0.005576414578006355, "lamda": 0.536065576792188}, "datetime": {"datetime": "2021-09-23 20:56:53", "elapsed": 486.870689, "delta": 2.061856}}
{"target": 0.4663431437044382, "params": {"C": 295.02841605323744, "epsilon": 0.9890074868815666, "gamma": 0.01401929952627911, "lamda": 0.7688003203709443}, "datetime": {"datetime": "2021-09-23 20:56:55", "elapsed": 488.858535, "delta": 1.987846}}
{"target": 0.4693728357127047, "params": {"C": 279.3915200570649, "epsilon": 0.713438889416901, "gamma": 0.007995723230407726, "lamda": 0.6268481026910082}, "datetime": {"datetime": "2021-09-23 20:56:57", "elapsed": 491.053351, "delta": 2.194816}}
{"target": 0.4658842647470759, "params": {"C": 329.1050467868381, "epsilon": 0.9172125737709492, "gamma": 0.006309658483739631, "lamda": 0.755929611821144}, "datetime": {"datetime": "2021-09-23 20:57:00", "elapsed": 493.909778, "delta": 2.856427}}
{"target": 0.4689650203484699, "params": {"C": 298.19088619714466, "epsilon": 0.9367694131669921, "gamma": 0.010116487009385338, "lamda": 0.6062251425516566}, "datetime": {"datetime": "2021-09-23 20:57:03", "elapsed": 497.345448, "delta": 3.43567}}
{"target": 0.4682179013549056, "params": {"C": 292.0572355991216, "epsilon": 0.9840093482031416, "gamma": 0.011526976287570077, "lamda": 0.6383187041196337}, "datetime": {"datetime": "2021-09-23 20:57:05", "elapsed": 499.505569, "delta": 2.160121}}
{"target": 0.46709958068488433, "params": {"C": 338.51775767333936, "epsilon": 0.8209185894032995, "gamma": 0.006362557816349896, "lamda": 0.719903152374294}, "datetime": {"datetime": "2021-09-23 20:57:08", "elapsed": 501.939175, "delta": 2.433606}}
{"target": 0.46748891118214464, "params": {"C": 343.860864140333, "epsilon": 0.759380969054743, "gamma": 0.01230769449316051, "lamda": 0.5931407085463685}, "datetime": {"datetime": "2021-09-23 20:57:11", "elapsed": 504.793919, "delta": 2.854744}}
{"target": 0.46911370209086, "params": {"C": 268.6103710058364, "epsilon": 0.7707996498403167, "gamma": 0.008617897306509609, "lamda": 0.5579146724295796}, "datetime": {"datetime": "2021-09-23 20:57:13", "elapsed": 507.167677, "delta": 2.373758}}
{"target": 0.4674930861606714, "params": {"C": 242.18478447157904, "epsilon": 0.8476770139207881, "gamma": 0.012672162812278481, "lamda": 0.7772915965635903}, "datetime": {"datetime": "2021-09-23 20:57:16", "elapsed": 510.097677, "delta": 2.93}}
{"target": 0.46853654542311496, "params": {"C": 307.13442643221043, "epsilon": 0.9803642216490209, "gamma": 0.009587708948805031, "lamda": 0.68410307911066}, "datetime": {"datetime": "2021-09-23 20:57:19", "elapsed": 512.975124, "delta": 2.877447}}
{"target": 0.46831500848372454, "params": {"C": 319.1477535846136, "epsilon": 0.7099812559058472, "gamma": 0.006944981382690394, "lamda": 0.762579969111605}, "datetime": {"datetime": "2021-09-23 20:57:22", "elapsed": 516.046153, "delta": 3.071029}}
{"target": 0.46637684368947996, "params": {"C": 305.35832633597335, "epsilon": 0.9784676657269837, "gamma": 0.01361959593728444, "lamda": 0.5025025693457816}, "datetime": {"datetime": "2021-09-23 20:57:26", "elapsed": 519.605718, "delta": 3.559565}}
{"target": 0.46871130641149716, "params": {"C": 329.5686629922916, "epsilon": 0.9197681637592414, "gamma": 0.010815033977571449, "lamda": 0.6163564067710533}, "datetime": {"datetime": "2021-09-23 20:57:29", "elapsed": 522.733034, "delta": 3.127316}}
{"target": 0.46938938033913613, "params": {"C": 302.41161073449797, "epsilon": 0.8433823566717947, "gamma": 0.008534296903570236, "lamda": 0.5927827604341198}, "datetime": {"datetime": "2021-09-23 20:57:30", "elapsed": 524.450025, "delta": 1.716991}}
{"target": 0.4689419540380111, "params": {"C": 342.9627489701122, "epsilon": 0.7845848758014935, "gamma": 0.008395253465324028, "lamda": 0.7392050793002234}, "datetime": {"datetime": "2021-09-23 20:57:33", "elapsed": 526.591411, "delta": 2.141386}}
{"target": 0.4669446728373233, "params": {"C": 304.6429795377266, "epsilon": 0.8560278621536548, "gamma": 0.0065338643797656, "lamda": 0.7346847052015038}, "datetime": {"datetime": "2021-09-23 20:57:36", "elapsed": 529.79547, "delta": 3.204059}}
{"target": 0.46788958892269983, "params": {"C": 248.6832219341751, "epsilon": 0.9342335511826667, "gamma": 0.011295960974356352, "lamda": 0.794027424636121}, "datetime": {"datetime": "2021-09-23 20:57:38", "elapsed": 531.839196, "delta": 2.043726}}
{"target": 0.4679532951150832, "params": {"C": 348.5226043067603, "epsilon": 0.7798460769371425, "gamma": 0.011832896267269126, "lamda": 0.5860727237410028}, "datetime": {"datetime": "2021-09-23 20:57:41", "elapsed": 535.467055, "delta": 3.627859}}
{"target": 0.4684816354278335, "params": {"C": 246.8016489690665, "epsilon": 0.9958297711420028, "gamma": 0.010774321378134145, "lamda": 0.6469018367156308}, "datetime": {"datetime": "2021-09-23 20:57:46", "elapsed": 540.173697, "delta": 4.706642}}
{"target": 0.46768172966906907, "params": {"C": 346.1797220818133, "epsilon": 0.9935847474088524, "gamma": 0.006175687488329097, "lamda": 0.5063207755954205}, "datetime": {"datetime": "2021-09-23 20:57:49", "elapsed": 542.745467, "delta": 2.57177}}
{"target": 0.46676553795278153, "params": {"C": 316.8176746748643, "epsilon": 0.7774720035522876, "gamma": 0.012935067683752906, "lamda": 0.5638528987248601}, "datetime": {"datetime": "2021-09-23 20:57:52", "elapsed": 545.536757, "delta": 2.79129}}
{"target": 0.4684400780903164, "params": {"C": 340.6882352722197, "epsilon": 0.9934276954233259, "gamma": 0.009292374373319012, "lamda": 0.6856255772908808}, "datetime": {"datetime": "2021-09-23 20:57:55", "elapsed": 549.259245, "delta": 3.722488}}
{"target": 0.46758446903364614, "params": {"C": 240.50002929138043, "epsilon": 0.9411344351406864, "gamma": 0.01257425869592489, "lamda": 0.5938435649152478}, "datetime": {"datetime": "2021-09-23 20:57:58", "elapsed": 551.685225, "delta": 2.42598}}
{"target": 0.4682657894027433, "params": {"C": 313.24353549545026, "epsilon": 0.9591012403480819, "gamma": 0.010717543541320422, "lamda": 0.7267203621318017}, "datetime": {"datetime": "2021-09-23 20:58:01", "elapsed": 554.555224, "delta": 2.869999}}
{"target": 0.4686337522848726, "params": {"C": 310.35828889917184, "epsilon": 0.885153301568389, "gamma": 0.010901208478751184, "lamda": 0.6625829636639178}, "datetime": {"datetime": "2021-09-23 20:58:03", "elapsed": 556.670066, "delta": 2.114842}}
{"target": 0.4661098982130448, "params": {"C": 250.0848888280536, "epsilon": 0.9828801503051732, "gamma": 0.00631193656165938, "lamda": 0.6857724886390273}, "datetime": {"datetime": "2021-09-23 20:58:05", "elapsed": 558.700929, "delta": 2.030863}}
{"target": 0.466013447798481, "params": {"C": 306.39566132054085, "epsilon": 0.8995399667192798, "gamma": 0.0050384410288906905, "lamda": 0.5136809124175921}, "datetime": {"datetime": "2021-09-23 20:58:07", "elapsed": 561.15396, "delta": 2.453031}}
{"target": 0.46752563064720754, "params": {"C": 315.3915987185222, "epsilon": 0.833336501111795, "gamma": 0.012616762830386315, "lamda": 0.7962331454930891}, "datetime": {"datetime": "2021-09-23 20:58:09", "elapsed": 563.460049, "delta": 2.306089}}
{"target": 0.4655607954940453, "params": {"C": 246.51845794308346, "epsilon": 0.7020227162324166, "gamma": 0.011018884558440288, "lamda": 0.5485832632472701}, "datetime": {"datetime": "2021-09-23 20:58:12", "elapsed": 565.68164, "delta": 2.221591}}
{"target": 0.46867591686098775, "params": {"C": 242.83356365507464, "epsilon": 0.8698800924566997, "gamma": 0.010383527146043556, "lamda": 0.7244874585392505}, "datetime": {"datetime": "2021-09-23 20:58:14", "elapsed": 567.721827, "delta": 2.040187}}
{"target": 0.4656892227991526, "params": {"C": 334.9225024415216, "epsilon": 0.9361648435132103, "gamma": 0.006110469133391399, "lamda": 0.7266712944091505}, "datetime": {"datetime": "2021-09-23 20:58:16", "elapsed": 570.247603, "delta": 2.525776}}
{"target": 0.46654485745792595, "params": {"C": 338.7474524738295, "epsilon": 0.7425055514060153, "gamma": 0.005930371977957095, "lamda": 0.7780692772852105}, "datetime": {"datetime": "2021-09-23 20:58:19", "elapsed": 572.926053, "delta": 2.67845}}
{"target": 0.4657873445775069, "params": {"C": 337.8915964775861, "epsilon": 0.9927395963893424, "gamma": 0.006937339546599537, "lamda": 0.7925004406545197}, "datetime": {"datetime": "2021-09-23 20:58:23", "elapsed": 576.626842, "delta": 3.700789}}
{"target": 0.4645752046544027, "params": {"C": 245.74135649107814, "epsilon": 0.8014903283568923, "gamma": 0.013879434581589505, "lamda": 0.5534078840885532}, "datetime": {"datetime": "2021-09-23 20:58:25", "elapsed": 578.766781, "delta": 2.139939}}
{"target": 0.46753492532263197, "params": {"C": 276.21829081306583, "epsilon": 0.8434505360471336, "gamma": 0.007258003053597843, "lamda": 0.7796696904691582}, "datetime": {"datetime": "2021-09-23 20:58:29", "elapsed": 583.019293, "delta": 4.252512}}
