{"target": 0.4661473831001207, "params": {"C": 228.11981146161708, "epsilon": 0.7512176664024753, "gamma": 0.014436567291107299, "lamda": 0.9373780954724213}, "datetime": {"datetime": "2021-09-23 18:59:47", "elapsed": 612.355959, "delta": 2.155008}}
{"target": 0.4654801686920872, "params": {"C": 223.7220807832607, "epsilon": 0.8287152584000121, "gamma": 0.012938261087692495, "lamda": 0.5672443622008385}, "datetime": {"datetime": "2021-09-23 18:59:50", "elapsed": 615.425763, "delta": 3.069804}}
{"target": 0.46316059467739823, "params": {"C": 231.7512949413056, "epsilon": 0.9538246108572974, "gamma": 0.017156672755231927, "lamda": 0.6436773540204245}, "datetime": {"datetime": "2021-09-23 18:59:52", "elapsed": 617.457696, "delta": 2.031933}}
{"target": 0.4531787077343089, "params": {"C": 244.94203473195373, "epsilon": 0.9231792803295658, "gamma": 0.024093328307317766, "lamda": 0.6061656981093547}, "datetime": {"datetime": "2021-09-23 18:59:55", "elapsed": 620.721476, "delta": 3.26378}}
{"target": 0.4652222544099548, "params": {"C": 237.94559352709982, "epsilon": 0.8574572908257603, "gamma": 0.005091411024352267, "lamda": 0.6334387315940162}, "datetime": {"datetime": "2021-09-23 18:59:58", "elapsed": 623.637551, "delta": 2.916075}}
{"target": 0.46821089338825184, "params": {"C": 230.30224483620725, "epsilon": 0.8886382727268669, "gamma": 0.010869774450311571, "lamda": 0.7914640192267228}, "datetime": {"datetime": "2021-09-23 19:00:01", "elapsed": 626.698811, "delta": 3.06126}}
{"target": 0.45101612985442296, "params": {"C": 204.75821030743384, "epsilon": 0.8362330909085176, "gamma": 0.028649055153289044, "lamda": 1.0389183738063976}, "datetime": {"datetime": "2021-09-23 19:00:03", "elapsed": 628.831858, "delta": 2.133047}}
{"target": 0.46840160815681064, "params": {"C": 216.23949609145018, "epsilon": 0.7749216324142929, "gamma": 0.007764888400659274, "lamda": 0.7883745696596174}, "datetime": {"datetime": "2021-09-23 19:00:06", "elapsed": 631.81977, "delta": 2.987912}}
{"target": 0.4620607817066925, "params": {"C": 246.79239255163634, "epsilon": 0.777324871531366, "gamma": 0.01868673973580303, "lamda": 0.953383959721636}, "datetime": {"datetime": "2021-09-23 19:00:09", "elapsed": 634.749423, "delta": 2.929653}}
{"target": 0.4555396039837657, "params": {"C": 233.60430870601482, "epsilon": 0.751887831169868, "gamma": 0.024449521519345405, "lamda": 1.0297912232983746}, "datetime": {"datetime": "2021-09-23 19:00:11", "elapsed": 636.908107, "delta": 2.158684}}
{"target": 0.46473696607932613, "params": {"C": 241.41477796363415, "epsilon": 0.7368680820731635, "gamma": 0.016052834856413158, "lamda": 1.032241112051245}, "datetime": {"datetime": "2021-09-23 19:00:13", "elapsed": 638.948313, "delta": 2.040206}}
{"target": 0.46717132249994786, "params": {"C": 232.2694692167345, "epsilon": 0.7996954569611265, "gamma": 0.007900703314886846, "lamda": 0.9467127983113761}, "datetime": {"datetime": "2021-09-23 19:00:16", "elapsed": 641.338928, "delta": 2.390615}}
{"target": 0.4581355390513915, "params": {"C": 236.6281870203389, "epsilon": 0.9975323859028339, "gamma": 0.01928406725772736, "lamda": 0.48156785593417417}, "datetime": {"datetime": "2021-09-23 19:00:18", "elapsed": 643.472978, "delta": 2.13405}}
{"target": 0.45655589193110246, "params": {"C": 237.72951704455215, "epsilon": 0.8649018748213736, "gamma": 0.021351954484733936, "lamda": 0.6059244808151942}, "datetime": {"datetime": "2021-09-23 19:00:20", "elapsed": 645.791971, "delta": 2.318993}}
{"target": 0.4503432224665117, "params": {"C": 240.18019165369395, "epsilon": 0.8179510552411818, "gamma": 0.02849417434370751, "lamda": 0.9481496589953762}, "datetime": {"datetime": "2021-09-23 19:00:22", "elapsed": 647.960004, "delta": 2.168033}}
{"target": 0.4671770149783353, "params": {"C": 217.6537545166968, "epsilon": 0.75411368708787, "gamma": 0.006653860731864854, "lamda": 0.8264421859010966}, "datetime": {"datetime": "2021-09-23 19:00:26", "elapsed": 651.811997, "delta": 3.851993}}
{"target": 0.46208713332237716, "params": {"C": 200.01294438313442, "epsilon": 0.7995437841154882, "gamma": 0.015514193920674033, "lamda": 0.6203093973192374}, "datetime": {"datetime": "2021-09-23 19:00:29", "elapsed": 654.040346, "delta": 2.228349}}
{"target": 0.4550483966672739, "params": {"C": 223.33543771943846, "epsilon": 0.8725719099128847, "gamma": 0.025364200451208758, "lamda": 1.0104711985773296}, "datetime": {"datetime": "2021-09-23 19:00:31", "elapsed": 656.275935, "delta": 2.235589}}
{"target": 0.4495133601632607, "params": {"C": 241.14552007720627, "epsilon": 0.8334217460806173, "gamma": 0.026702722047800817, "lamda": 0.6852111061529733}, "datetime": {"datetime": "2021-09-23 19:00:33", "elapsed": 658.419465, "delta": 2.14353}}
{"target": 0.45550463824417065, "params": {"C": 238.4138083403908, "epsilon": 0.9345752676032902, "gamma": 0.02415159404289593, "lamda": 0.7886201279676506}, "datetime": {"datetime": "2021-09-23 19:00:35", "elapsed": 660.592672, "delta": 2.173207}}
{"target": 0.46850246777278437, "params": {"C": 245.42609658274674, "epsilon": 0.8730141976737806, "gamma": 0.007614655656906636, "lamda": 0.6681144914801824}, "datetime": {"datetime": "2021-09-23 19:00:37", "elapsed": 662.939784, "delta": 2.347112}}
{"target": 0.4680330848582662, "params": {"C": 232.41886503701136, "epsilon": 0.9114996265397036, "gamma": 0.0073499046733970265, "lamda": 0.476481269477866}, "datetime": {"datetime": "2021-09-23 19:00:40", "elapsed": 665.000428, "delta": 2.060644}}
{"target": 0.466472134967572, "params": {"C": 217.1256695945833, "epsilon": 0.7343804662643811, "gamma": 0.012852246449002232, "lamda": 0.6982440753499701}, "datetime": {"datetime": "2021-09-23 19:00:42", "elapsed": 667.227807, "delta": 2.227379}}
{"target": 0.4605348517093705, "params": {"C": 203.31506389870444, "epsilon": 0.892958842163226, "gamma": 0.020242149613034877, "lamda": 0.905351058446122}, "datetime": {"datetime": "2021-09-23 19:00:44", "elapsed": 669.806056, "delta": 2.578249}}
{"target": 0.4652075553480506, "params": {"C": 237.2485402973584, "epsilon": 0.785333206644079, "gamma": 0.015372594287260007, "lamda": 1.0867443961900445}, "datetime": {"datetime": "2021-09-23 19:00:46", "elapsed": 671.867794, "delta": 2.061738}}
{"target": 0.4646639755261439, "params": {"C": 246.02907191711165, "epsilon": 0.8651779615320021, "gamma": 0.005, "lamda": 0.6569210652245927}, "datetime": {"datetime": "2021-09-23 19:00:49", "elapsed": 674.919866, "delta": 3.052072}}
{"target": 0.46002960166561246, "params": {"C": 239.82933027162892, "epsilon": 0.7225026156587745, "gamma": 0.019700937354006763, "lamda": 0.8317704176367673}, "datetime": {"datetime": "2021-09-23 19:00:52", "elapsed": 677.52882, "delta": 2.608954}}
{"target": 0.464241577796512, "params": {"C": 201.01871644093833, "epsilon": 0.9732280155001187, "gamma": 0.016457161357193557, "lamda": 0.8878677780772741}, "datetime": {"datetime": "2021-09-23 19:00:54", "elapsed": 679.863282, "delta": 2.334462}}
{"target": 0.44740311123917775, "params": {"C": 232.42299899906146, "epsilon": 0.9993381839607897, "gamma": 0.028583260376645873, "lamda": 0.6087461536750848}, "datetime": {"datetime": "2021-09-23 19:00:57", "elapsed": 682.00561, "delta": 2.142328}}
{"target": 0.4663319078909919, "params": {"C": 202.92022026734125, "epsilon": 0.961533860887851, "gamma": 0.012571072080362709, "lamda": 0.9886467495877751}, "datetime": {"datetime": "2021-09-23 19:00:59", "elapsed": 684.036335, "delta": 2.030725}}
{"target": 0.4670863377524722, "params": {"C": 201.5477415189164, "epsilon": 0.8583232072203433, "gamma": 0.00643024392244481, "lamda": 0.5865217134348202}, "datetime": {"datetime": "2021-09-23 19:01:01", "elapsed": 686.957473, "delta": 2.921138}}
{"target": 0.45135907065332814, "params": {"C": 218.08846481826095, "epsilon": 0.8030860429466767, "gamma": 0.025679381977798354, "lamda": 0.7275761280583977}, "datetime": {"datetime": "2021-09-23 19:01:04", "elapsed": 689.528477, "delta": 2.571004}}
{"target": 0.4653473591551819, "params": {"C": 244.9990565191219, "epsilon": 0.9332355712140914, "gamma": 0.015079108536265613, "lamda": 0.9247681748151539}, "datetime": {"datetime": "2021-09-23 19:01:06", "elapsed": 691.892164, "delta": 2.363687}}
{"target": 0.45213139101891997, "params": {"C": 238.5660321633373, "epsilon": 0.5103759746797008, "gamma": 0.013039316463599234, "lamda": 0.4995215530154447}, "datetime": {"datetime": "2021-09-23 19:55:03", "elapsed": 0.0, "delta": 0.0}}
{"target": 0.45908705562939167, "params": {"C": 224.92535061512953, "epsilon": 0.6123983227654238, "gamma": 0.004763194430432856, "lamda": 0.5042122848795835}, "datetime": {"datetime": "2021-09-23 19:55:03", "elapsed": 0.295001, "delta": 0.295001}}
{"target": 0.45444112213899335, "params": {"C": 208.45554182812677, "epsilon": 0.5441699070870052, "gamma": 0.014021836548988146, "lamda": 0.5813573384779747}, "datetime": {"datetime": "2021-09-23 19:55:03", "elapsed": 0.598774, "delta": 0.303773}}
{"target": 0.45188049717738843, "params": {"C": 200.1974133163957, "epsilon": 0.7560961316928883, "gamma": 0.016439798271390155, "lamda": 0.4450104267317553}, "datetime": {"datetime": "2021-09-23 19:55:04", "elapsed": 1.12834, "delta": 0.529566}}
{"target": 0.4498126392402132, "params": {"C": 236.08776587158997, "epsilon": 0.6459380340853166, "gamma": 0.018437708327745925, "lamda": 0.4858303133590762}, "datetime": {"datetime": "2021-09-23 19:55:04", "elapsed": 1.565318, "delta": 0.436978}}
{"target": 0.46484982233600225, "params": {"C": 222.1552992958005, "epsilon": 0.7129156727539099, "gamma": 0.010738309829726005, "lamda": 0.550201356535158}, "datetime": {"datetime": "2021-09-23 19:55:05", "elapsed": 2.232321, "delta": 0.667003}}
{"target": 0.42392591980063443, "params": {"C": 218.72494857707477, "epsilon": 0.5, "gamma": 0.02, "lamda": 0.2}, "datetime": {"datetime": "2021-09-23 19:55:06", "elapsed": 3.436552, "delta": 1.204231}}
{"target": 0.45313981000802694, "params": {"C": 223.24411865218246, "epsilon": 0.6287453057323309, "gamma": 0.012398052484035173, "lamda": 0.4251095621143587}, "datetime": {"datetime": "2021-09-23 19:55:06", "elapsed": 3.877593, "delta": 0.441041}}
{"target": 0.46571716235000116, "params": {"C": 221.4116716730707, "epsilon": 0.9947317186689896, "gamma": 0.00989777955667722, "lamda": 0.4033567604031711}, "datetime": {"datetime": "2021-09-23 19:55:07", "elapsed": 4.305374, "delta": 0.427781}}
{"target": 0.4636893163749529, "params": {"C": 226.7848610634516, "epsilon": 0.6305656921200322, "gamma": 0.009643025157510674, "lamda": 0.5499708257019732}, "datetime": {"datetime": "2021-09-23 19:55:07", "elapsed": 4.831825, "delta": 0.526451}}
{"target": 0.44993302872256336, "params": {"C": 228.53696620401678, "epsilon": 0.9451938895498129, "gamma": 0.010983653975831877, "lamda": 0.22265954777402022}, "datetime": {"datetime": "2021-09-23 19:55:08", "elapsed": 5.46887, "delta": 0.637045}}
{"target": 0.4674911975225773, "params": {"C": 211.70113353636756, "epsilon": 0.9890550465557273, "gamma": 0.011975364233375335, "lamda": 0.549092007482705}, "datetime": {"datetime": "2021-09-23 19:55:09", "elapsed": 5.929869, "delta": 0.460999}}
{"target": 0.4476111453500089, "params": {"C": 212.9994588248427, "epsilon": 0.6154564736985393, "gamma": 0.007473273499926412, "lamda": 0.23417485278067476}, "datetime": {"datetime": "2021-09-23 19:55:09", "elapsed": 6.549161, "delta": 0.619292}}
{"target": 0.46632319964812496, "params": {"C": 210.79085061782976, "epsilon": 1.0, "gamma": 0.014038123399787267, "lamda": 0.6}, "datetime": {"datetime": "2021-09-23 19:55:10", "elapsed": 6.921761, "delta": 0.3726}}
{"target": 0.4635780017987031, "params": {"C": 249.9872833689301, "epsilon": 0.9423552512405404, "gamma": 0.009467035998494588, "lamda": 0.335881177140335}, "datetime": {"datetime": "2021-09-23 19:55:10", "elapsed": 7.450985, "delta": 0.529224}}
{"target": 0.44902666213015374, "params": {"C": 248.45140403761025, "epsilon": 0.5694263771708566, "gamma": 0.002706377307626355, "lamda": 0.4049738254903509}, "datetime": {"datetime": "2021-09-23 19:55:11", "elapsed": 7.932984, "delta": 0.481999}}
{"target": 0.4416593638756976, "params": {"C": 211.26947221149914, "epsilon": 0.5112132987914528, "gamma": 0.012134514520134542, "lamda": 0.2939861516738767}, "datetime": {"datetime": "2021-09-23 19:55:11", "elapsed": 8.478986, "delta": 0.546002}}
{"target": 0.45195397473517185, "params": {"C": 220.24619350359916, "epsilon": 0.5219951885551649, "gamma": 0.012218282229971917, "lamda": 0.48830711086570716}, "datetime": {"datetime": "2021-09-23 19:55:11", "elapsed": 8.835481, "delta": 0.356495}}
{"target": 0.46321480823232297, "params": {"C": 223.94645340753996, "epsilon": 0.713339834382729, "gamma": 0.013146366387895774, "lamda": 0.5826309686184172}, "datetime": {"datetime": "2021-09-23 19:55:12", "elapsed": 9.199644, "delta": 0.364163}}
{"target": 0.45580310765122845, "params": {"C": 213.94914145661033, "epsilon": 0.7335183386393255, "gamma": 0.003756385012692779, "lamda": 0.4348835179198833}, "datetime": {"datetime": "2021-09-23 19:55:12", "elapsed": 9.641646, "delta": 0.442002}}
{"target": 0.46594346090050853, "params": {"C": 231.3674858335014, "epsilon": 0.9177670912071123, "gamma": 0.010503399183875484, "lamda": 0.4400929552396484}, "datetime": {"datetime": "2021-09-23 19:55:13", "elapsed": 9.992645, "delta": 0.350999}}
{"target": 0.4466145906589729, "params": {"C": 232.00248864064386, "epsilon": 0.6319511383621672, "gamma": 0.003963509632099656, "lamda": 0.2640163535662782}, "datetime": {"datetime": "2021-09-23 19:55:13", "elapsed": 10.463645, "delta": 0.471}}
{"target": 0.4302115721927512, "params": {"C": 203.19021067246987, "epsilon": 0.6932033623430243, "gamma": 0.019771014641200815, "lamda": 0.28706170975885265}, "datetime": {"datetime": "2021-09-23 19:55:13", "elapsed": 10.883124, "delta": 0.419479}}
{"target": 0.4564515115864348, "params": {"C": 223.47057419331804, "epsilon": 0.9836509975489838, "gamma": 0.009494900046745827, "lamda": 0.2639040235137754}, "datetime": {"datetime": "2021-09-23 19:55:14", "elapsed": 11.572488, "delta": 0.689364}}
{"target": 0.42796959617750274, "params": {"C": 226.56791333285832, "epsilon": 0.5983927385172964, "gamma": 0.018944330866657193, "lamda": 0.27933923478250694}, "datetime": {"datetime": "2021-09-23 19:55:15", "elapsed": 12.031489, "delta": 0.459001}}
{"target": 0.4372692135347874, "params": {"C": 215.5265560036828, "epsilon": 0.6676685959346311, "gamma": 0.01993940755276604, "lamda": 0.37912771768127723}, "datetime": {"datetime": "2021-09-23 19:55:15", "elapsed": 12.412495, "delta": 0.381006}}
{"target": 0.44599046522333574, "params": {"C": 204.5328466850631, "epsilon": 0.6311147635087786, "gamma": 0.002208722133983829, "lamda": 0.434812624369105}, "datetime": {"datetime": "2021-09-23 19:55:15", "elapsed": 12.789495, "delta": 0.377}}
{"target": 0.45998874248522803, "params": {"C": 233.40078627679264, "epsilon": 0.9719820976069068, "gamma": 0.01805992082905038, "lamda": 0.49987190175259233}, "datetime": {"datetime": "2021-09-23 19:55:16", "elapsed": 13.18325, "delta": 0.393755}}
{"target": 0.4543560967739345, "params": {"C": 235.4855754675812, "epsilon": 0.6040838141645576, "gamma": 0.013160047851744263, "lamda": 0.4614621155082336}, "datetime": {"datetime": "2021-09-23 19:55:16", "elapsed": 13.570247, "delta": 0.386997}}
{"target": 0.45762168435627026, "params": {"C": 229.60429766615397, "epsilon": 0.8890855629704592, "gamma": 0.016898453876815437, "lamda": 0.4539340098458345}, "datetime": {"datetime": "2021-09-23 19:55:17", "elapsed": 13.949242, "delta": 0.378995}}
{"target": 0.4393054308895815, "params": {"C": 214.31267643732775, "epsilon": 0.7379947931054349, "gamma": 0.0011127582183462388, "lamda": 0.20492404137271314}, "datetime": {"datetime": "2021-09-23 19:55:17", "elapsed": 14.457844, "delta": 0.508602}}
{"target": 0.4397325332618679, "params": {"C": 202.6072697266671, "epsilon": 0.8096820011146265, "gamma": 0.0011123101857633633, "lamda": 0.43219765450203085}, "datetime": {"datetime": "2021-09-23 19:55:17", "elapsed": 14.87851, "delta": 0.420666}}
{"target": 0.44666126003625384, "params": {"C": 208.1128013329837, "epsilon": 0.6147311561374088, "gamma": 0.007577950932364024, "lamda": 0.2079373214156823}, "datetime": {"datetime": "2021-09-23 19:55:18", "elapsed": 15.353697, "delta": 0.475187}}
{"target": 0.44499226778081225, "params": {"C": 233.9054927272133, "epsilon": 0.8256170902082173, "gamma": 0.016412416633490343, "lamda": 0.3014367773729929}, "datetime": {"datetime": "2021-09-23 19:55:18", "elapsed": 15.829696, "delta": 0.475999}}
{"target": 0.46825126026688246, "params": {"C": 219.54625648078073, "epsilon": 0.9192239076365647, "gamma": 0.007200393026200099, "lamda": 0.5856621241039394}, "datetime": {"datetime": "2021-09-23 19:55:19", "elapsed": 16.223694, "delta": 0.393998}}
{"target": 0.4672398407644106, "params": {"C": 200.97310219049422, "epsilon": 0.8349538031058332, "gamma": 0.006765138711203673, "lamda": 0.5870839404112498}, "datetime": {"datetime": "2021-09-23 19:55:19", "elapsed": 16.662653, "delta": 0.438959}}
{"target": 0.4554739137373658, "params": {"C": 233.18206077308588, "epsilon": 0.5139055519762911, "gamma": 0.011478817526236862, "lamda": 0.5229887137698859}, "datetime": {"datetime": "2021-09-23 19:55:20", "elapsed": 17.140663, "delta": 0.47801}}
{"target": 0.4468757672671737, "params": {"C": 200.15603158264136, "epsilon": 0.7522891698537508, "gamma": 0.012595214160084283, "lamda": 0.29886950618699765}, "datetime": {"datetime": "2021-09-23 19:55:20", "elapsed": 17.566663, "delta": 0.426}}
{"target": 0.45105279465598436, "params": {"C": 232.03576744220274, "epsilon": 0.5331777720298283, "gamma": 0.01645901455349448, "lamda": 0.5592919505333485}, "datetime": {"datetime": "2021-09-23 19:55:21", "elapsed": 17.998702, "delta": 0.432039}}
{"target": 0.46837136647492206, "params": {"C": 219.50137246147756, "epsilon": 0.9618016068344686, "gamma": 0.009490635454827683, "lamda": 0.5096219302852898}, "datetime": {"datetime": "2021-09-23 19:55:21", "elapsed": 18.602662, "delta": 0.60396}}
{"target": 0.4404507817120835, "params": {"C": 207.68402578301277, "epsilon": 0.8965931464753376, "gamma": 0.01860190737764056, "lamda": 0.29281762787909343}, "datetime": {"datetime": "2021-09-23 19:55:22", "elapsed": 19.07029, "delta": 0.467628}}
{"target": 0.45142513587432875, "params": {"C": 219.4265616151957, "epsilon": 0.7679049358607257, "gamma": 0.01902719406231849, "lamda": 0.46602503106677406}, "datetime": {"datetime": "2021-09-23 19:55:23", "elapsed": 19.935293, "delta": 0.865003}}
{"target": 0.4638706207274479, "params": {"C": 249.97821494999567, "epsilon": 0.9462115931480352, "gamma": 0.005673770307916162, "lamda": 0.35193915009316656}, "datetime": {"datetime": "2021-09-23 19:55:23", "elapsed": 20.44929, "delta": 0.513997}}
{"target": 0.43722200078798046, "params": {"C": 219.70415633184655, "epsilon": 1.0, "gamma": 0.001, "lamda": 0.4875542883640117}, "datetime": {"datetime": "2021-09-23 19:55:24", "elapsed": 21.183851, "delta": 0.734561}}
{"target": 0.4499419564749695, "params": {"C": 242.23361519040526, "epsilon": 0.8574248708474368, "gamma": 0.015438234697755446, "lamda": 0.31374271881157223}, "datetime": {"datetime": "2021-09-23 19:55:24", "elapsed": 21.774285, "delta": 0.590434}}
{"target": 0.4493141040295898, "params": {"C": 219.43616048906307, "epsilon": 0.9615368035378711, "gamma": 0.0019552288971872614, "lamda": 0.6}, "datetime": {"datetime": "2021-09-23 19:55:25", "elapsed": 22.359284, "delta": 0.584999}}
{"target": 0.4631478530625517, "params": {"C": 222.15596843170826, "epsilon": 0.7401613465859354, "gamma": 0.012932483925649042, "lamda": 0.5530496816950297}, "datetime": {"datetime": "2021-09-23 19:55:25", "elapsed": 22.763909, "delta": 0.404625}}
{"target": 0.4597975178296736, "params": {"C": 219.53375993840126, "epsilon": 0.8905035703020507, "gamma": 0.015368313003271784, "lamda": 0.4615291298890246}, "datetime": {"datetime": "2021-09-23 19:55:26", "elapsed": 23.358932, "delta": 0.595023}}
{"target": 0.4670385281524383, "params": {"C": 211.80429906702585, "epsilon": 0.9742247886888138, "gamma": 0.006432272009662574, "lamda": 0.47559575245838764}, "datetime": {"datetime": "2021-09-23 19:55:27", "elapsed": 24.032608, "delta": 0.673676}}
{"target": 0.45747458823069176, "params": {"C": 211.7125469639481, "epsilon": 0.9799988634358332, "gamma": 0.017407887760397804, "lamda": 0.44324291520113057}, "datetime": {"datetime": "2021-09-23 19:55:27", "elapsed": 24.771733, "delta": 0.739125}}
{"target": 0.4683372097058117, "params": {"C": 211.76394076844605, "epsilon": 0.8913078276463886, "gamma": 0.010294712906165474, "lamda": 0.5909394264600083}, "datetime": {"datetime": "2021-09-23 19:55:28", "elapsed": 25.320771, "delta": 0.549038}}
{"target": 0.455981341405889, "params": {"C": 211.87657546888101, "epsilon": 0.8914381351996918, "gamma": 0.01997423633151064, "lamda": 0.5424935359042613}, "datetime": {"datetime": "2021-09-23 19:55:28", "elapsed": 25.914779, "delta": 0.594008}}
{"target": 0.46277581397365486, "params": {"C": 211.6833169564714, "epsilon": 0.8751826803692324, "gamma": 0.0152465979691805, "lamda": 0.5589232358018128}, "datetime": {"datetime": "2021-09-23 19:55:29", "elapsed": 26.561439, "delta": 0.64666}}
{"target": 0.45208592652070156, "params": {"C": 201.01846529313428, "epsilon": 0.7311682096709814, "gamma": 0.0198462083787771, "lamda": 0.5571502259164711}, "datetime": {"datetime": "2021-09-23 19:55:30", "elapsed": 27.196159, "delta": 0.63472}}
{"target": 0.4585783433087931, "params": {"C": 200.87601063098046, "epsilon": 0.9175698340483949, "gamma": 0.018802951050503763, "lamda": 0.5675829578475339}, "datetime": {"datetime": "2021-09-23 19:55:30", "elapsed": 27.836164, "delta": 0.640005}}
