{"target": -43.513672101988625, "params": {"C": 25.52359043653042, "epsilon": 0.3203665814100537, "gamma": 0.020403079151288063, "lamda": 0.5695370642419668}, "datetime": {"datetime": "2021-09-24 17:25:53", "elapsed": 321.666509, "delta": 2.024974}}
{"target": -44.201948924047414, "params": {"C": 43.92251064364445, "epsilon": 0.8656967351196462, "gamma": 0.05235956383674441, "lamda": 0.05204384027823565}, "datetime": {"datetime": "2021-09-24 17:25:55", "elapsed": 323.088884, "delta": 1.422375}}
{"target": -53.62695751665213, "params": {"C": 18.694143787354882, "epsilon": 0.014319073083850331, "gamma": 0.25644685653253, "lamda": 0.7991041605729726}, "datetime": {"datetime": "2021-09-24 17:25:56", "elapsed": 324.20874, "delta": 1.119856}}
{"target": -53.065141635373216, "params": {"C": 35.29227544801128, "epsilon": 0.5188323702860256, "gamma": 0.30901599673675884, "lamda": 0.4023136231789482}, "datetime": {"datetime": "2021-09-24 17:25:57", "elapsed": 325.324973, "delta": 1.116233}}
{"target": -44.178049315289805, "params": {"C": 25.577911975925087, "epsilon": 0.24919229033482093, "gamma": 0.044225130505405816, "lamda": 0.4183491981740194}, "datetime": {"datetime": "2021-09-24 17:25:59", "elapsed": 327.775106, "delta": 2.450133}}
{"target": -43.46151306381994, "params": {"C": 25.66081931746314, "epsilon": 0.3493872537531032, "gamma": 0.01008706935278695, "lamda": 0.4541781610568678}, "datetime": {"datetime": "2021-09-24 17:26:01", "elapsed": 329.681552, "delta": 1.906446}}
{"target": -44.83893361179619, "params": {"C": 25.724380386996277, "epsilon": 0.20589538283364467, "gamma": 0.06872927574253705, "lamda": 0.8306807846279388}, "datetime": {"datetime": "2021-09-24 17:26:04", "elapsed": 332.250485, "delta": 2.568933}}
{"target": -47.56814551946564, "params": {"C": 25.59982485096444, "epsilon": 0.3497462238800256, "gamma": 0.14141744486023441, "lamda": 0.5186066955357995}, "datetime": {"datetime": "2021-09-24 17:26:06", "elapsed": 334.246201, "delta": 1.995716}}
{"target": -49.51618465544244, "params": {"C": 25.947549906846973, "epsilon": 0.15382974255633367, "gamma": 0.19291001035574767, "lamda": 0.7574266656251081}, "datetime": {"datetime": "2021-09-24 17:26:08", "elapsed": 336.476948, "delta": 2.230747}}
{"target": -48.80477423584031, "params": {"C": 25.934297431389382, "epsilon": 0.29318234476042515, "gamma": 0.001, "lamda": 0.5081147013387562}, "datetime": {"datetime": "2021-09-24 17:26:10", "elapsed": 338.49151, "delta": 2.014562}}
{"target": -48.85984049560769, "params": {"C": 25.600432325226087, "epsilon": 0.22445367506344588, "gamma": 0.001, "lamda": 0.6818197498136205}, "datetime": {"datetime": "2021-09-24 17:26:12", "elapsed": 340.333836, "delta": 1.842326}}
{"target": -57.27911825127053, "params": {"C": 26.937133162717576, "epsilon": 0.45527382486404167, "gamma": 0.4224345159926056, "lamda": 0.7614841534800778}, "datetime": {"datetime": "2021-09-24 17:26:13", "elapsed": 341.481022, "delta": 1.147186}}
{"target": -48.82269423153116, "params": {"C": 25.823720347932685, "epsilon": 0.17934235456227243, "gamma": 0.001, "lamda": 0.7531590902547229}, "datetime": {"datetime": "2021-09-24 17:26:16", "elapsed": 344.494773, "delta": 3.013751}}
{"target": -45.636188419861625, "params": {"C": 25.67019461520575, "epsilon": 0.13636240773021455, "gamma": 0.09194949819813618, "lamda": 0.445496942016606}, "datetime": {"datetime": "2021-09-24 17:26:18", "elapsed": 346.771178, "delta": 2.276405}}
{"target": -44.75314730425618, "params": {"C": 25.83758714448965, "epsilon": 0.3695702060779338, "gamma": 0.06498807509024455, "lamda": 0.8024757917767322}, "datetime": {"datetime": "2021-09-24 17:26:21", "elapsed": 349.274789, "delta": 2.503611}}
{"target": -44.0355087171956, "params": {"C": 25.87834183852303, "epsilon": 0.47401196755517105, "gamma": 0.004931081161181762, "lamda": 0.6205410857076276}, "datetime": {"datetime": "2021-09-24 17:26:24", "elapsed": 352.009189, "delta": 2.7344}}
{"target": -44.48869478987411, "params": {"C": 25.750457807379732, "epsilon": 0.3143313207315555, "gamma": 0.05616951253579023, "lamda": 0.2793688060532285}, "datetime": {"datetime": "2021-09-24 17:26:26", "elapsed": 354.735782, "delta": 2.726593}}
{"target": -58.27072269128978, "params": {"C": 7.322732172769432, "epsilon": 0.38105816222958583, "gamma": 0.29881040039788936, "lamda": 0.6944484546787484}, "datetime": {"datetime": "2021-09-24 17:26:27", "elapsed": 355.916557, "delta": 1.180775}}
{"target": -51.10907411563168, "params": {"C": 17.441054264737808, "epsilon": 0.5864539411660202, "gamma": 0.19347333687310037, "lamda": 0.8189354156573289}, "datetime": {"datetime": "2021-09-24 17:26:29", "elapsed": 357.176849, "delta": 1.260292}}
{"target": -43.60028754700507, "params": {"C": 25.46812200508509, "epsilon": 0.4650879411984266, "gamma": 0.02384502084797208, "lamda": 0.6969319732883826}, "datetime": {"datetime": "2021-09-24 17:26:31", "elapsed": 359.667886, "delta": 2.491037}}
{"target": -43.5128730891529, "params": {"C": 25.62399036349992, "epsilon": 0.5508922303301751, "gamma": 0.007752991416446201, "lamda": 0.8029368351485404}, "datetime": {"datetime": "2021-09-24 17:26:34", "elapsed": 361.949953, "delta": 2.282067}}
{"target": -57.482122663719935, "params": {"C": 31.891093390577428, "epsilon": 0.6694810483139467, "gamma": 0.45459049951275327, "lamda": 0.7923593874966961}, "datetime": {"datetime": "2021-09-24 17:26:35", "elapsed": 363.110909, "delta": 1.160956}}
{"target": -48.86839163467519, "params": {"C": 25.632818189942757, "epsilon": 0.5034367813999926, "gamma": 0.001, "lamda": 0.6311982076747934}, "datetime": {"datetime": "2021-09-24 17:26:37", "elapsed": 365.444951, "delta": 2.334042}}
{"target": -46.70608149521898, "params": {"C": 25.49271963085988, "epsilon": 0.3815292502169768, "gamma": 0.11706464521576018, "lamda": 0.7862459480296846}, "datetime": {"datetime": "2021-09-24 17:26:39", "elapsed": 367.876102, "delta": 2.431151}}
{"target": -48.995800752373746, "params": {"C": 18.30470925767331, "epsilon": 0.19316682045124414, "gamma": 0.1574844037778545, "lamda": 0.5581123469082431}, "datetime": {"datetime": "2021-09-24 17:26:41", "elapsed": 369.287368, "delta": 1.411266}}
{"target": -59.989479017028884, "params": {"C": 11.257487671356827, "epsilon": 0.6596886575327346, "gamma": 0.4672209597637862, "lamda": 0.19428677647360576}, "datetime": {"datetime": "2021-09-24 17:26:42", "elapsed": 370.521363, "delta": 1.233995}}
{"target": -47.217530699674064, "params": {"C": 25.89711206570529, "epsilon": 0.40246578145953327, "gamma": 0.1320105519448438, "lamda": 0.6604559644967843}, "datetime": {"datetime": "2021-09-24 17:26:44", "elapsed": 372.914259, "delta": 2.392896}}
{"target": -43.492233176666886, "params": {"C": 25.78753673371797, "epsilon": 0.6199477088960726, "gamma": 0.021870294449134315, "lamda": 0.7744642456490763}, "datetime": {"datetime": "2021-09-24 17:26:47", "elapsed": 375.468278, "delta": 2.554019}}
{"target": -46.92167489055728, "params": {"C": 25.75395310371107, "epsilon": 0.2633925738198506, "gamma": 0.12288209094758837, "lamda": 0.9435591218377611}, "datetime": {"datetime": "2021-09-24 17:26:49", "elapsed": 377.881864, "delta": 2.413586}}
{"target": -44.463550419433325, "params": {"C": 25.36785374411459, "epsilon": 0.27434513877002903, "gamma": 0.053291118358921856, "lamda": 0.5875251825846762}, "datetime": {"datetime": "2021-09-24 17:26:52", "elapsed": 380.104461, "delta": 2.222597}}
{"target": -48.883070210602455, "params": {"C": 25.907546467038706, "epsilon": 0.5211263647408408, "gamma": 0.001, "lamda": 0.7916033467910583}, "datetime": {"datetime": "2021-09-24 17:26:54", "elapsed": 382.709458, "delta": 2.604997}}
{"target": -48.19301462547766, "params": {"C": 25.687963711463187, "epsilon": 0.4954669099554036, "gamma": 0.15448601204472226, "lamda": 0.8883045698263135}, "datetime": {"datetime": "2021-09-24 17:26:57", "elapsed": 385.002586, "delta": 2.293128}}
{"target": -49.048970222589226, "params": {"C": 25.647639768639692, "epsilon": 0.7056272844850587, "gamma": 0.17526940895885076, "lamda": 0.8136179954431366}, "datetime": {"datetime": "2021-09-24 17:27:00", "elapsed": 388.217611, "delta": 3.215025}}
{"target": -43.55007512046769, "params": {"C": 25.703967707990948, "epsilon": 0.15845192373772782, "gamma": 0.008760931233379773, "lamda": 0.3408648021141799}, "datetime": {"datetime": "2021-09-24 17:27:02", "elapsed": 390.552817, "delta": 2.335206}}
{"target": -44.40499971848475, "params": {"C": 25.384702774297455, "epsilon": 0.5558902998579716, "gamma": 0.05455791105011622, "lamda": 0.6227629144185203}, "datetime": {"datetime": "2021-09-24 17:27:05", "elapsed": 393.13978, "delta": 2.586963}}
{"target": -48.883944754013875, "params": {"C": 25.402117015093268, "epsilon": 0.41878008917230425, "gamma": 0.001, "lamda": 0.5338576565727499}, "datetime": {"datetime": "2021-09-24 17:27:08", "elapsed": 395.942212, "delta": 2.802432}}
{"target": -44.69726416960659, "params": {"C": 11.758940578683264, "epsilon": 0.3146339391964627, "gamma": 0.04533855863801428, "lamda": 0.3048596825813405}, "datetime": {"datetime": "2021-09-24 17:27:09", "elapsed": 397.262935, "delta": 1.320723}}
{"target": -44.649413289864896, "params": {"C": 25.498820870653837, "epsilon": 0.5623902760795241, "gamma": 0.06035902008251344, "lamda": 0.8494817994318593}, "datetime": {"datetime": "2021-09-24 17:27:11", "elapsed": 399.512398, "delta": 2.249463}}
{"target": -44.04967105722859, "params": {"C": 25.52875202015528, "epsilon": 0.6546782514492682, "gamma": 0.04368641805835123, "lamda": 0.6852633808166018}, "datetime": {"datetime": "2021-09-24 17:27:13", "elapsed": 401.821897, "delta": 2.309499}}
{"target": -48.9196387783293, "params": {"C": 25.457316350308442, "epsilon": 0.16167323222384353, "gamma": 0.001, "lamda": 0.5096314769741033}, "datetime": {"datetime": "2021-09-24 17:27:16", "elapsed": 404.216111, "delta": 2.394214}}
{"target": -57.38391842703586, "params": {"C": 19.203097698543576, "epsilon": 0.7836696594647979, "gamma": 0.37948606113687655, "lamda": 0.9251956519760346}, "datetime": {"datetime": "2021-09-24 17:27:17", "elapsed": 405.51582, "delta": 1.299709}}
{"target": -57.90408487001004, "params": {"C": 6.633471796113016, "epsilon": 0.694990640055928, "gamma": 0.27379893967564717, "lamda": 0.2615788956978796}, "datetime": {"datetime": "2021-09-24 17:27:18", "elapsed": 406.859697, "delta": 1.343877}}
{"target": -52.75254887622694, "params": {"C": 11.68061827351839, "epsilon": 0.2528522161185139, "gamma": 0.001, "lamda": 0.4513567028836344}, "datetime": {"datetime": "2021-09-24 17:27:21", "elapsed": 409.554973, "delta": 2.695276}}
{"target": -46.52853062491455, "params": {"C": 11.667201335796062, "epsilon": 0.3630300487576852, "gamma": 0.08577575310233639, "lamda": 0.18338578422403182}, "datetime": {"datetime": "2021-09-24 17:27:24", "elapsed": 412.720033, "delta": 3.16506}}
{"target": -52.04170946068689, "params": {"C": 13.678824578468493, "epsilon": 0.001, "gamma": 0.001, "lamda": 0.8131739161450783}, "datetime": {"datetime": "2021-09-24 17:27:27", "elapsed": 415.674088, "delta": 2.954055}}
{"target": -49.68509378130819, "params": {"C": 25.3288874974458, "epsilon": 0.30627942757316934, "gamma": 0.19436732426314726, "lamda": 0.6703111350474804}, "datetime": {"datetime": "2021-09-24 17:27:30", "elapsed": 418.579591, "delta": 2.905503}}
{"target": -47.02045569102932, "params": {"C": 25.401709921966464, "epsilon": 0.5705002703736349, "gamma": 0.12472988188543031, "lamda": 0.7725882535439496}, "datetime": {"datetime": "2021-09-24 17:27:33", "elapsed": 421.363583, "delta": 2.783992}}
{"target": -45.76978992563818, "params": {"C": 11.467989274096663, "epsilon": 0.36892655562668275, "gamma": 0.06905824733233228, "lamda": 0.24250252085866364}, "datetime": {"datetime": "2021-09-24 17:27:35", "elapsed": 423.703417, "delta": 2.339834}}
{"target": -46.30366343131713, "params": {"C": 44.06460551171744, "epsilon": 0.8709639921973218, "gamma": 0.001, "lamda": 0.001}, "datetime": {"datetime": "2021-09-24 17:27:39", "elapsed": 427.013229, "delta": 3.309812}}
{"target": -44.25650085172773, "params": {"C": 25.851121208566738, "epsilon": 0.7242637725924989, "gamma": 0.05017489918439672, "lamda": 0.6930754412874054}, "datetime": {"datetime": "2021-09-24 17:27:42", "elapsed": 430.192708, "delta": 3.179479}}
{"target": -60.84935601145159, "params": {"C": 6.173381596838362, "epsilon": 0.3327530271684771, "gamma": 0.4756655276852151, "lamda": 0.5129405684184668}, "datetime": {"datetime": "2021-09-24 17:27:43", "elapsed": 431.586229, "delta": 1.393521}}
{"target": -52.99763336781276, "params": {"C": 20.775006248398874, "epsilon": 0.3541035670283476, "gamma": 0.2520754890179205, "lamda": 0.47449364219945717}, "datetime": {"datetime": "2021-09-24 17:27:44", "elapsed": 432.902573, "delta": 1.316344}}
{"target": -43.45026991483246, "params": {"C": 25.932361882438215, "epsilon": 0.6446764478830727, "gamma": 0.019071736085791345, "lamda": 0.6037838217099823}, "datetime": {"datetime": "2021-09-24 17:27:46", "elapsed": 434.903155, "delta": 2.000582}}
{"target": -43.5896897571814, "params": {"C": 25.614928540670995, "epsilon": 0.3954763896448741, "gamma": 0.0240492963179022, "lamda": 0.8583556652250192}, "datetime": {"datetime": "2021-09-24 17:27:49", "elapsed": 437.366997, "delta": 2.463842}}
{"target": -53.964844419396826, "params": {"C": 13.721200694304317, "epsilon": 0.9420404339698741, "gamma": 0.2349246063301255, "lamda": 0.22320158293903444}, "datetime": {"datetime": "2021-09-24 17:27:50", "elapsed": 438.802256, "delta": 1.435259}}
{"target": -57.03815639733637, "params": {"C": 2.7109945417965875, "epsilon": 0.9107432460597397, "gamma": 0.16032200323207443, "lamda": 0.02192477795158323}, "datetime": {"datetime": "2021-09-24 17:27:52", "elapsed": 440.098293, "delta": 1.296037}}
{"target": -45.95522942011009, "params": {"C": 25.811477482482037, "epsilon": 0.6091385353824763, "gamma": 0.09826902252142167, "lamda": 0.6031628042658654}, "datetime": {"datetime": "2021-09-24 17:27:54", "elapsed": 442.616164, "delta": 2.517871}}
{"target": -54.30630168886458, "params": {"C": 38.59724643486669, "epsilon": 0.8761469998189231, "gamma": 0.345852178820518, "lamda": 0.5874843763461868}, "datetime": {"datetime": "2021-09-24 17:27:56", "elapsed": 443.988166, "delta": 1.372002}}
{"target": -44.17426555144102, "params": {"C": 43.98167939107372, "epsilon": 0.8248743463835454, "gamma": 0.053688002934818096, "lamda": 0.19015943726090564}, "datetime": {"datetime": "2021-09-24 17:27:59", "elapsed": 447.302306, "delta": 3.31414}}
{"target": -44.06585147771139, "params": {"C": 26.071574596455143, "epsilon": 0.6343682530456793, "gamma": 0.04454237178535121, "lamda": 0.6668375527633409}, "datetime": {"datetime": "2021-09-24 17:28:01", "elapsed": 449.721869, "delta": 2.419563}}
{"target": -57.26168019600415, "params": {"C": 18.59412784600305, "epsilon": 0.8920271552011698, "gamma": 0.3707852497912739, "lamda": 0.5978344698135242}, "datetime": {"datetime": "2021-09-24 17:28:03", "elapsed": 451.046866, "delta": 1.324997}}
{"target": -46.553667314285526, "params": {"C": 43.93776201622623, "epsilon": 0.6909911657640737, "gamma": 0.12224419840074308, "lamda": 0.04932113659960496}, "datetime": {"datetime": "2021-09-24 17:28:05", "elapsed": 453.770908, "delta": 2.724042}}
{"target": -47.18238603209557, "params": {"C": 26.009449235608894, "epsilon": 0.7464426687400202, "gamma": 0.12952503057684978, "lamda": 0.6037037724165366}, "datetime": {"datetime": "2021-09-24 17:28:08", "elapsed": 456.627137, "delta": 2.856229}}
{"target": -44.063499884021915, "params": {"C": 25.556349409999303, "epsilon": 0.24107901126723533, "gamma": 0.04010676594062886, "lamda": 0.23858515266490346}, "datetime": {"datetime": "2021-09-24 17:28:11", "elapsed": 459.406138, "delta": 2.779001}}
{"target": -50.71594764997231, "params": {"C": 17.258871838086556, "epsilon": 0.8457995207426657, "gamma": 0.18471562859892554, "lamda": 0.5719940515379097}, "datetime": {"datetime": "2021-09-24 17:28:12", "elapsed": 460.731634, "delta": 1.325496}}
{"target": -49.014169030075124, "params": {"C": 43.940881251406424, "epsilon": 0.855156895677085, "gamma": 0.1988953529436628, "lamda": 0.18041370618816857}, "datetime": {"datetime": "2021-09-24 17:28:15", "elapsed": 463.5947, "delta": 2.863066}}
{"target": -46.52655074281655, "params": {"C": 43.840019164479365, "epsilon": 0.7723661485919071, "gamma": 0.001, "lamda": 0.15479316963823825}, "datetime": {"datetime": "2021-09-24 17:28:18", "elapsed": 466.71723, "delta": 3.12253}}
{"target": -51.15339460803826, "params": {"C": 25.79144826074882, "epsilon": 0.25891157183067404, "gamma": 0.2321574638182342, "lamda": 0.24148159350953594}, "datetime": {"datetime": "2021-09-24 17:28:21", "elapsed": 469.607042, "delta": 2.889812}}
{"target": -52.96458937142699, "params": {"C": 49.56689089537494, "epsilon": 0.459476392020418, "gamma": 0.3353491207228463, "lamda": 0.4000031927939279}, "datetime": {"datetime": "2021-09-24 17:28:23", "elapsed": 471.177418, "delta": 1.570376}}
{"target": -48.95332078801384, "params": {"C": 25.68432796066272, "epsilon": 0.7296602758541966, "gamma": 0.001, "lamda": 0.7328603715459675}, "datetime": {"datetime": "2021-09-24 17:28:27", "elapsed": 475.550591, "delta": 4.373173}}
{"target": -59.774369924673366, "params": {"C": 5.017526052743532, "epsilon": 0.37964533483061336, "gamma": 0.3331682566841852, "lamda": 0.9867905533180096}, "datetime": {"datetime": "2021-09-24 17:28:29", "elapsed": 477.003414, "delta": 1.452823}}
{"target": -55.67915493417416, "params": {"C": 17.38811772685436, "epsilon": 0.3663691397611072, "gamma": 0.30054021558574995, "lamda": 0.9372419525943559}, "datetime": {"datetime": "2021-09-24 17:28:30", "elapsed": 478.574903, "delta": 1.571489}}
{"target": -48.999138148810104, "params": {"C": 25.39329755920194, "epsilon": 0.6725156873571578, "gamma": 0.001, "lamda": 0.7239517590338145}, "datetime": {"datetime": "2021-09-24 17:28:33", "elapsed": 481.700051, "delta": 3.125148}}
{"target": -44.734835073197154, "params": {"C": 26.09820561818593, "epsilon": 0.529133390866343, "gamma": 0.06517065823772304, "lamda": 0.46628211828860794}, "datetime": {"datetime": "2021-09-24 17:28:35", "elapsed": 483.881664, "delta": 2.181613}}
{"target": -48.945352462081885, "params": {"C": 25.69266181097861, "epsilon": 0.19305523243556716, "gamma": 0.001, "lamda": 0.16871571311203795}, "datetime": {"datetime": "2021-09-24 17:28:38", "elapsed": 486.31748, "delta": 2.435816}}
{"target": -46.47667813649754, "params": {"C": 44.06865088277736, "epsilon": 0.7125034722892484, "gamma": 0.001, "lamda": 0.13387331854100867}, "datetime": {"datetime": "2021-09-24 17:28:41", "elapsed": 489.48256, "delta": 3.16508}}
{"target": -44.48065520682595, "params": {"C": 25.783618534018522, "epsilon": 0.3786737747212247, "gamma": 0.05471228482952576, "lamda": 0.4816024306017656}, "datetime": {"datetime": "2021-09-24 17:28:42", "elapsed": 490.88906, "delta": 1.4065}}
{"target": -46.510112909502624, "params": {"C": 43.970604482060594, "epsilon": 0.9821784515690737, "gamma": 0.001, "lamda": 0.15760056403721429}, "datetime": {"datetime": "2021-09-24 17:28:45", "elapsed": 493.570065, "delta": 2.681005}}
{"target": -47.66641002962634, "params": {"C": 5.568362596489251, "epsilon": 0.3499324798792624, "gamma": 0.05740087950583401, "lamda": 0.7251521259629101}, "datetime": {"datetime": "2021-09-24 17:28:47", "elapsed": 495.004373, "delta": 1.434308}}
{"target": -44.042155087818855, "params": {"C": 25.518762690460942, "epsilon": 0.40681092184454964, "gamma": 0.03778096811195647, "lamda": 0.23988691480720684}, "datetime": {"datetime": "2021-09-24 17:28:50", "elapsed": 497.943576, "delta": 2.939203}}
{"target": -49.414414109490004, "params": {"C": 22.628270270970788, "epsilon": 0.7570329184284982, "gamma": 0.001, "lamda": 0.20567138938374255}, "datetime": {"datetime": "2021-09-24 17:28:52", "elapsed": 500.6278, "delta": 2.684224}}
{"target": -48.53209818859386, "params": {"C": 25.645914122994014, "epsilon": 0.5111552088609909, "gamma": 0.0010830198027653704, "lamda": 0.2657734813956038}, "datetime": {"datetime": "2021-09-24 17:28:55", "elapsed": 502.996135, "delta": 2.368335}}
{"target": -47.13874964492297, "params": {"C": 26.14105411061782, "epsilon": 0.5253369566121501, "gamma": 0.1291418656003203, "lamda": 0.6687032381809873}, "datetime": {"datetime": "2021-09-24 17:28:57", "elapsed": 505.917881, "delta": 2.921746}}
{"target": -46.03946228510187, "params": {"C": 30.4116963997772, "epsilon": 0.7166175512127568, "gamma": 0.10378224020330726, "lamda": 0.359247034479134}, "datetime": {"datetime": "2021-09-24 17:28:59", "elapsed": 507.449513, "delta": 1.531632}}
{"target": -51.64325984837466, "params": {"C": 49.87385143400219, "epsilon": 0.8796125077657471, "gamma": 0.27853993139327105, "lamda": 0.4733095249531351}, "datetime": {"datetime": "2021-09-24 17:29:00", "elapsed": 508.88466, "delta": 1.435147}}
{"target": -48.785669494395755, "params": {"C": 25.935522485032454, "epsilon": 0.5581714167575659, "gamma": 0.001, "lamda": 0.45685135992507414}, "datetime": {"datetime": "2021-09-24 17:29:04", "elapsed": 512.029341, "delta": 3.144681}}
{"target": -48.796164385322335, "params": {"C": 25.95903675518628, "epsilon": 0.2742073909792579, "gamma": 0.001, "lamda": 0.9898676081643031}, "datetime": {"datetime": "2021-09-24 17:29:07", "elapsed": 515.189704, "delta": 3.160363}}
{"target": -50.415892646860726, "params": {"C": 18.959639794279028, "epsilon": 0.8352858342575749, "gamma": 0.001, "lamda": 1.0}, "datetime": {"datetime": "2021-09-24 17:29:10", "elapsed": 518.270727, "delta": 3.081023}}
{"target": -48.92215238389277, "params": {"C": 25.77696712073213, "epsilon": 0.02430297367335166, "gamma": 0.001, "lamda": 0.4956101165097751}, "datetime": {"datetime": "2021-09-24 17:29:13", "elapsed": 521.309665, "delta": 3.038938}}
