{"target": -43.284074449171165, "params": {"C": 130.82427426959276, "epsilon": 0.9320151098377871, "gamma": 0.028092168513341793, "lamda": 0.008843947653529166}, "datetime": {"datetime": "2021-09-24 19:14:30", "elapsed": 154.773397, "delta": 0.907927}}
{"target": -43.27570567633187, "params": {"C": 131.08917898003142, "epsilon": 0.839758730584897, "gamma": 0.038968636165679214, "lamda": 0.8688903987558527}, "datetime": {"datetime": "2021-09-24 19:14:31", "elapsed": 155.610992, "delta": 0.837595}}
{"target": -42.81298666589386, "params": {"C": 118.18379944788514, "epsilon": 0.8414119324664562, "gamma": 0.026259642201193558, "lamda": 1.618744103318236}, "datetime": {"datetime": "2021-09-24 19:14:32", "elapsed": 156.790499, "delta": 1.179507}}
{"target": -43.530296133588166, "params": {"C": 116.16856657762901, "epsilon": 0.39095679921992, "gamma": 0.03109516999503564, "lamda": 0.4374306912684251}, "datetime": {"datetime": "2021-09-24 19:14:33", "elapsed": 157.687932, "delta": 0.897433}}
{"target": -43.41245644233122, "params": {"C": 124.77036737073456, "epsilon": 0.6779508965600268, "gamma": 0.0017866223224542444, "lamda": 1.1105059095677967}, "datetime": {"datetime": "2021-09-24 19:14:34", "elapsed": 158.708131, "delta": 1.020199}}
{"target": -43.78253691858636, "params": {"C": 124.71971297390004, "epsilon": 0.7534812187463841, "gamma": 0.001549957490661415, "lamda": 1.033831797451092}, "datetime": {"datetime": "2021-09-24 19:14:36", "elapsed": 159.931064, "delta": 1.222933}}
{"target": -43.918135997531245, "params": {"C": 124.70137222262932, "epsilon": 0.6484114893806421, "gamma": 0.05500655853896866, "lamda": 1.0390527644605052}, "datetime": {"datetime": "2021-09-24 19:14:36", "elapsed": 160.807635, "delta": 0.876571}}
{"target": -42.57440736745439, "params": {"C": 124.52542057773923, "epsilon": 0.9669735122712053, "gamma": 0.018964729303183492, "lamda": 1.4792301130007315}, "datetime": {"datetime": "2021-09-24 19:14:38", "elapsed": 161.924751, "delta": 1.117116}}
{"target": -42.29773519261617, "params": {"C": 124.93416394886484, "epsilon": 0.9190351179592486, "gamma": 0.014643140980418887, "lamda": 1.0780493741524082}, "datetime": {"datetime": "2021-09-24 19:14:39", "elapsed": 163.128585, "delta": 1.203834}}
{"target": -42.752901570928124, "params": {"C": 125.02819634224682, "epsilon": 0.8357424473885064, "gamma": 0.02647373122619577, "lamda": 1.0208874003075006}, "datetime": {"datetime": "2021-09-24 19:14:40", "elapsed": 164.123872, "delta": 0.995287}}
{"target": -43.64915234553082, "params": {"C": 119.58154914843476, "epsilon": 0.9054320855347138, "gamma": 0.05035276952353805, "lamda": 0.9304960300245846}, "datetime": {"datetime": "2021-09-24 19:14:41", "elapsed": 165.043519, "delta": 0.919647}}
{"target": -45.650369108889315, "params": {"C": 141.54942518712278, "epsilon": 0.6031850986926397, "gamma": 0.09876891393162326, "lamda": 1.4497162499714433}, "datetime": {"datetime": "2021-09-24 19:14:41", "elapsed": 165.886653, "delta": 0.843134}}
{"target": -42.559082851303984, "params": {"C": 124.71636570947848, "epsilon": 0.5880198816433282, "gamma": 0.018534783804851723, "lamda": 1.1865916147027098}, "datetime": {"datetime": "2021-09-24 19:14:43", "elapsed": 167.024843, "delta": 1.13819}}
{"target": -44.272740150435624, "params": {"C": 134.87354904625425, "epsilon": 0.868640456756254, "gamma": 0.06828523180366819, "lamda": 1.2361877203662357}, "datetime": {"datetime": "2021-09-24 19:14:43", "elapsed": 167.88172, "delta": 0.856877}}
{"target": -45.6316100393756, "params": {"C": 144.42481545111315, "epsilon": 0.9634328894748521, "gamma": 0.09839018513026489, "lamda": 0.9182610125005984}, "datetime": {"datetime": "2021-09-24 19:14:44", "elapsed": 168.727262, "delta": 0.845542}}
{"target": -42.62068604423494, "params": {"C": 124.37831148382469, "epsilon": 0.9858108414722688, "gamma": 0.020764971529299667, "lamda": 1.4252051939195305}, "datetime": {"datetime": "2021-09-24 19:14:45", "elapsed": 169.804277, "delta": 1.077015}}
{"target": -44.605834386198616, "params": {"C": 141.6512790506738, "epsilon": 0.9648460634678313, "gamma": 0.07343493353581736, "lamda": 0.6738958180939881}, "datetime": {"datetime": "2021-09-24 19:14:47", "elapsed": 170.944142, "delta": 1.139865}}
{"target": -45.13579476804567, "params": {"C": 102.78663269962207, "epsilon": 0.6571022442342508, "gamma": 0.08485946326559911, "lamda": 0.4415519409399561}, "datetime": {"datetime": "2021-09-24 19:14:47", "elapsed": 171.857219, "delta": 0.913077}}
{"target": -42.55555253862203, "params": {"C": 124.39663242281844, "epsilon": 0.927293547704197, "gamma": 0.0199776112570135, "lamda": 1.3884112086661808}, "datetime": {"datetime": "2021-09-24 19:14:49", "elapsed": 172.94848, "delta": 1.091261}}
{"target": -42.47319026688351, "params": {"C": 124.85923305957454, "epsilon": 0.8447170625433533, "gamma": 0.01960371107701066, "lamda": 1.0499704400641263}, "datetime": {"datetime": "2021-09-24 19:14:49", "elapsed": 173.820333, "delta": 0.871853}}
{"target": -43.04772783620377, "params": {"C": 124.98436985183852, "epsilon": 0.7359213488178991, "gamma": 0.031845468117502614, "lamda": 0.9588984073963076}, "datetime": {"datetime": "2021-09-24 19:14:51", "elapsed": 174.949069, "delta": 1.128736}}
{"target": -45.6662020417264, "params": {"C": 128.9233249152049, "epsilon": 0.44747370449228707, "gamma": 0.09373429852868305, "lamda": 0.8214747486433838}, "datetime": {"datetime": "2021-09-24 19:14:51", "elapsed": 175.797913, "delta": 0.848844}}
{"target": -44.282885425412275, "params": {"C": 120.98920617484333, "epsilon": 0.3603724928588452, "gamma": 0.0464155879535615, "lamda": 0.5357641467074408}, "datetime": {"datetime": "2021-09-24 19:14:52", "elapsed": 176.702942, "delta": 0.905029}}
{"target": -42.50261595807816, "params": {"C": 125.23338107215588, "epsilon": 0.42981481599912963, "gamma": 0.005444962735182178, "lamda": 0.958531961728504}, "datetime": {"datetime": "2021-09-24 19:14:53", "elapsed": 177.595998, "delta": 0.893056}}
{"target": -42.30255363610099, "params": {"C": 124.33265578229984, "epsilon": 0.9170352362344876, "gamma": 0.010270881882457915, "lamda": 1.4838762088689248}, "datetime": {"datetime": "2021-09-24 19:14:55", "elapsed": 179.123036, "delta": 1.527038}}
{"target": -43.70721203062656, "params": {"C": 146.01202252635974, "epsilon": 0.6922276233953077, "gamma": 0.03355877851069218, "lamda": 0.5065124129802472}, "datetime": {"datetime": "2021-09-24 19:14:56", "elapsed": 180.042459, "delta": 0.919423}}
{"target": -43.67046377920429, "params": {"C": 124.92869820097152, "epsilon": 0.394622088958764, "gamma": 0.041151312194947005, "lamda": 1.2735462285991628}, "datetime": {"datetime": "2021-09-24 19:14:57", "elapsed": 181.329298, "delta": 1.286839}}
{"target": -42.4096969961896, "params": {"C": 124.28010045961395, "epsilon": 0.9235802501020061, "gamma": 0.01458479801393468, "lamda": 1.5030537297167363}, "datetime": {"datetime": "2021-09-24 19:14:58", "elapsed": 182.556473, "delta": 1.227175}}
{"target": -43.47831508048339, "params": {"C": 124.32658545678981, "epsilon": 0.9349169765623113, "gamma": 0.043946939411963495, "lamda": 1.5560279499749947}, "datetime": {"datetime": "2021-09-24 19:15:00", "elapsed": 183.952291, "delta": 1.395818}}
{"target": -42.60854319227525, "params": {"C": 125.05211879875667, "epsilon": 0.8859142892781591, "gamma": 0.003485746614499376, "lamda": 1.042526850644309}, "datetime": {"datetime": "2021-09-24 19:15:01", "elapsed": 185.241302, "delta": 1.289011}}
{"target": -43.11107687283466, "params": {"C": 121.99225238255916, "epsilon": 0.9913601086006192, "gamma": 0.03599635926431527, "lamda": 0.8794623889913972}, "datetime": {"datetime": "2021-09-24 19:15:02", "elapsed": 186.215387, "delta": 0.974085}}
{"target": -43.929305184759656, "params": {"C": 124.32792713646026, "epsilon": 0.9002654832743646, "gamma": 0.056948029391418714, "lamda": 1.4926986978954158}, "datetime": {"datetime": "2021-09-24 19:15:03", "elapsed": 187.59809, "delta": 1.382703}}
{"target": -42.23112746560439, "params": {"C": 124.31672617769041, "epsilon": 0.8681715333530267, "gamma": 0.008906362405073486, "lamda": 1.4309861654119844}, "datetime": {"datetime": "2021-09-24 19:15:05", "elapsed": 188.90656, "delta": 1.30847}}
{"target": -42.06481142981126, "params": {"C": 124.68615330561619, "epsilon": 0.6282846983742612, "gamma": 0.006187349396053958, "lamda": 1.136263500760124}, "datetime": {"datetime": "2021-09-24 19:15:06", "elapsed": 190.309998, "delta": 1.403438}}
{"target": -42.334246839088024, "params": {"C": 124.93660272820183, "epsilon": 0.8371691249920354, "gamma": 0.015542818414019544, "lamda": 1.0472429186307943}, "datetime": {"datetime": "2021-09-24 19:15:07", "elapsed": 191.797845, "delta": 1.487847}}
{"target": -42.49532186797895, "params": {"C": 142.75451884046407, "epsilon": 0.641467560131133, "gamma": 0.02062326962237205, "lamda": 1.514935409656012}, "datetime": {"datetime": "2021-09-24 19:15:09", "elapsed": 193.186636, "delta": 1.388791}}
{"target": -43.04610315404895, "params": {"C": 144.27508712044624, "epsilon": 0.5447427110112584, "gamma": 0.017110128904182932, "lamda": 0.14438366424663684}, "datetime": {"datetime": "2021-09-24 19:15:10", "elapsed": 194.235126, "delta": 1.04849}}
{"target": -42.18621021263931, "params": {"C": 124.9116891030234, "epsilon": 0.8943620145364732, "gamma": 0.011697477251460968, "lamda": 1.1115239427640442}, "datetime": {"datetime": "2021-09-24 19:15:11", "elapsed": 195.615159, "delta": 1.380033}}
{"target": -45.35838034538414, "params": {"C": 129.41739482810905, "epsilon": 0.7334748195031433, "gamma": 0.0737653040505775, "lamda": 0.03485056866999935}, "datetime": {"datetime": "2021-09-24 19:15:12", "elapsed": 196.776245, "delta": 1.161086}}
{"target": -42.23302601251094, "params": {"C": 106.87211993736291, "epsilon": 0.932638178267919, "gamma": 0.011727473916174416, "lamda": 1.1901415038947134}, "datetime": {"datetime": "2021-09-24 19:15:13", "elapsed": 197.769991, "delta": 0.993746}}
{"target": -42.27701751928945, "params": {"C": 124.43645566263346, "epsilon": 0.8856628792664127, "gamma": 0.0076102091362375696, "lamda": 1.3658893447624694}, "datetime": {"datetime": "2021-09-24 19:15:14", "elapsed": 198.714374, "delta": 0.944383}}
{"target": -42.47368739651911, "params": {"C": 118.18981300513032, "epsilon": 0.7651122233399429, "gamma": 0.01831283209802588, "lamda": 1.5689725700978896}, "datetime": {"datetime": "2021-09-24 19:15:16", "elapsed": 200.60326, "delta": 1.888886}}
{"target": -42.337923391883336, "params": {"C": 106.88349249312984, "epsilon": 0.9384858790471011, "gamma": 0.014427721802628198, "lamda": 1.2197366903144398}, "datetime": {"datetime": "2021-09-24 19:15:18", "elapsed": 202.11048, "delta": 1.50722}}
{"target": -42.66493305953296, "params": {"C": 124.90055773504845, "epsilon": 0.7639204524601046, "gamma": 0.002970370496768468, "lamda": 1.0627143571949647}, "datetime": {"datetime": "2021-09-24 19:15:19", "elapsed": 203.598402, "delta": 1.487922}}
{"target": -42.81109366317284, "params": {"C": 143.79848024861678, "epsilon": 0.9058936081919442, "gamma": 0.011189572785245884, "lamda": 0.08781029492765002}, "datetime": {"datetime": "2021-09-24 19:15:20", "elapsed": 204.881395, "delta": 1.282993}}
{"target": -44.181021566997124, "params": {"C": 118.05524876260702, "epsilon": 0.30933268384253776, "gamma": 0.0516798372679769, "lamda": 1.358336305118599}, "datetime": {"datetime": "2021-09-24 19:15:22", "elapsed": 205.940556, "delta": 1.059161}}
{"target": -44.38019493104711, "params": {"C": 134.99211780409314, "epsilon": 0.6628455047049229, "gamma": 0.06210938612613051, "lamda": 0.6835143601411742}, "datetime": {"datetime": "2021-09-24 19:15:23", "elapsed": 207.03103, "delta": 1.090474}}
{"target": -44.09794682771854, "params": {"C": 118.15001335866971, "epsilon": 0.9020695451102596, "gamma": 0.0026792272569339777, "lamda": 1.6127809169819989}, "datetime": {"datetime": "2021-09-24 19:15:24", "elapsed": 208.492286, "delta": 1.461256}}
{"target": -43.29781956835133, "params": {"C": 125.23644038005261, "epsilon": 0.4232709480707206, "gamma": 0.022480829720278955, "lamda": 1.0113930490356162}, "datetime": {"datetime": "2021-09-24 19:15:26", "elapsed": 210.008808, "delta": 1.516522}}
{"target": -42.4312773856306, "params": {"C": 118.13833835755186, "epsilon": 0.7862410401992046, "gamma": 0.016132569338701903, "lamda": 1.63340017285908}, "datetime": {"datetime": "2021-09-24 19:15:27", "elapsed": 211.649458, "delta": 1.64065}}
{"target": -42.459115567095644, "params": {"C": 124.58080882057469, "epsilon": 0.9468171331661426, "gamma": 0.016417857603398166, "lamda": 1.413726736939604}, "datetime": {"datetime": "2021-09-24 19:15:29", "elapsed": 213.425288, "delta": 1.77583}}
{"target": -42.67688729875985, "params": {"C": 106.92132257808038, "epsilon": 0.8938971407313887, "gamma": 0.02409918687496374, "lamda": 1.1688655825129706}, "datetime": {"datetime": "2021-09-24 19:15:31", "elapsed": 215.052406, "delta": 1.627118}}
{"target": -42.551934479485155, "params": {"C": 124.34582067360353, "epsilon": 0.8053402244176455, "gamma": 0.0210210298982172, "lamda": 1.397611267050908}, "datetime": {"datetime": "2021-09-24 19:15:32", "elapsed": 216.791675, "delta": 1.739269}}
{"target": -42.566155249621794, "params": {"C": 124.65908465068806, "epsilon": 0.6498486746616462, "gamma": 0.020642696591501097, "lamda": 1.1702143273713612}, "datetime": {"datetime": "2021-09-24 19:15:34", "elapsed": 218.488024, "delta": 1.696349}}
{"target": -44.9817372480832, "params": {"C": 126.4664624109363, "epsilon": 0.6183099873922213, "gamma": 0.0846112566798957, "lamda": 1.2943559326953475}, "datetime": {"datetime": "2021-09-24 19:15:35", "elapsed": 219.548096, "delta": 1.060072}}
{"target": -44.05632965315084, "params": {"C": 125.96047639583452, "epsilon": 0.9969299040733526, "gamma": 0.040771110029350494, "lamda": 0.29358398110429673}, "datetime": {"datetime": "2021-09-24 19:15:36", "elapsed": 220.682266, "delta": 1.13417}}
{"target": -42.5346218255149, "params": {"C": 125.00716836011023, "epsilon": 0.8943739492079006, "gamma": 0.021594494224175104, "lamda": 1.027987119290611}, "datetime": {"datetime": "2021-09-24 19:15:38", "elapsed": 222.676458, "delta": 1.994192}}
{"target": -42.08139501421996, "params": {"C": 142.7702828755413, "epsilon": 0.6337155597898312, "gamma": 0.008030847062496325, "lamda": 1.5882086620114906}, "datetime": {"datetime": "2021-09-24 19:15:40", "elapsed": 224.416726, "delta": 1.740268}}
{"target": -42.58868389015547, "params": {"C": 118.10397769515569, "epsilon": 0.8169068315866717, "gamma": 0.02023806197947372, "lamda": 1.6575353903957757}, "datetime": {"datetime": "2021-09-24 19:15:42", "elapsed": 226.271005, "delta": 1.854279}}
{"target": -42.576001489537184, "params": {"C": 124.71290868034013, "epsilon": 0.8059412833160196, "gamma": 0.022570293945982204, "lamda": 1.1171504466595141}, "datetime": {"datetime": "2021-09-24 19:15:44", "elapsed": 228.200968, "delta": 1.929963}}
{"target": -44.17978507260906, "params": {"C": 106.45176752323411, "epsilon": 0.5663070205812913, "gamma": 0.06008462853585381, "lamda": 1.1803482727719654}, "datetime": {"datetime": "2021-09-24 19:15:45", "elapsed": 229.223913, "delta": 1.022945}}
{"target": -43.1902580579284, "params": {"C": 116.77658598442633, "epsilon": 0.7102279868030171, "gamma": 0.03918609288664717, "lamda": 1.392063334536338}, "datetime": {"datetime": "2021-09-24 19:15:46", "elapsed": 230.266669, "delta": 1.042756}}
{"target": -44.43013632757106, "params": {"C": 118.15968393071637, "epsilon": 0.803172034135849, "gamma": 0.07076804325151952, "lamda": 1.5553591744585766}, "datetime": {"datetime": "2021-09-24 19:15:48", "elapsed": 231.905214, "delta": 1.638545}}
{"target": -42.28109097692144, "params": {"C": 124.78872635724686, "epsilon": 0.9246972981632373, "gamma": 0.005221199734516085, "lamda": 1.051663580958895}, "datetime": {"datetime": "2021-09-24 19:15:50", "elapsed": 234.041937, "delta": 2.136723}}
{"target": -45.26102796353034, "params": {"C": 131.52152386793614, "epsilon": 0.7684051389587214, "gamma": 0.09099090070493503, "lamda": 1.3468654648217084}, "datetime": {"datetime": "2021-09-24 19:15:51", "elapsed": 235.106408, "delta": 1.064471}}
{"target": -43.59221179795496, "params": {"C": 118.15394895824747, "epsilon": 0.8560491519267552, "gamma": 0.0471433625084493, "lamda": 1.6621701366033166}, "datetime": {"datetime": "2021-09-24 19:15:53", "elapsed": 236.962402, "delta": 1.855994}}
{"target": -42.238366615645866, "params": {"C": 142.80339690420124, "epsilon": 0.6627352041858805, "gamma": 0.01313064555810926, "lamda": 1.510590722131064}, "datetime": {"datetime": "2021-09-24 19:15:54", "elapsed": 238.682784, "delta": 1.720382}}
{"target": -43.63748469379179, "params": {"C": 117.65786658946256, "epsilon": 0.4346514257416125, "gamma": 0.03204600395592705, "lamda": 0.9484813587558609}, "datetime": {"datetime": "2021-09-24 19:15:55", "elapsed": 239.76259, "delta": 1.079806}}
{"target": -45.487609416117664, "params": {"C": 110.46682415444575, "epsilon": 0.761543603876791, "gamma": 0.09349674352027021, "lamda": 0.32972295618484104}, "datetime": {"datetime": "2021-09-24 19:15:57", "elapsed": 240.933872, "delta": 1.171282}}
{"target": -45.44826888521648, "params": {"C": 125.53248000436658, "epsilon": 0.9013829424822988, "gamma": 0.08892369882926389, "lamda": 0.1508657596841522}, "datetime": {"datetime": "2021-09-24 19:15:58", "elapsed": 242.168294, "delta": 1.234422}}
{"target": -43.634033557371176, "params": {"C": 118.09625804394786, "epsilon": 0.78382450004017, "gamma": 0.049190446651205616, "lamda": 1.6696540556536879}, "datetime": {"datetime": "2021-09-24 19:16:00", "elapsed": 243.933852, "delta": 1.765558}}
{"target": -42.1688565771957, "params": {"C": 142.75822773546736, "epsilon": 0.6309040245505517, "gamma": 0.006807601470956441, "lamda": 1.635249930996596}, "datetime": {"datetime": "2021-09-24 19:16:01", "elapsed": 245.699808, "delta": 1.765956}}
{"target": -43.32383064833364, "params": {"C": 135.25804081554847, "epsilon": 0.5565470317977741, "gamma": 0.03310819928018514, "lamda": 0.9245881979271755}, "datetime": {"datetime": "2021-09-24 19:16:02", "elapsed": 246.88255, "delta": 1.182742}}
{"target": -42.24564431488558, "params": {"C": 124.914175284019, "epsilon": 0.7442813289137937, "gamma": 0.004334645198409768, "lamda": 0.838452445380887}, "datetime": {"datetime": "2021-09-24 19:16:05", "elapsed": 248.95399, "delta": 2.07144}}
{"target": -42.82987194397954, "params": {"C": 118.10344555705575, "epsilon": 0.8447058585717075, "gamma": 0.026667023767021066, "lamda": 1.623359897913264}, "datetime": {"datetime": "2021-09-24 19:16:06", "elapsed": 250.752625, "delta": 1.798635}}
{"target": -42.310785670983776, "params": {"C": 124.32289785653445, "epsilon": 0.9192891052078334, "gamma": 0.012162089830347968, "lamda": 1.4217672614880046}, "datetime": {"datetime": "2021-09-24 19:16:09", "elapsed": 253.251702, "delta": 2.499077}}
{"target": -42.6360806277269, "params": {"C": 124.2225565849339, "epsilon": 0.9369089034636244, "gamma": 0.02090198022216111, "lamda": 1.534121555167372}, "datetime": {"datetime": "2021-09-24 19:16:11", "elapsed": 254.93574, "delta": 1.684038}}
{"target": -43.78058788146134, "params": {"C": 119.59492902375513, "epsilon": 0.3, "gamma": 0.001, "lamda": 0.9959196674123524}, "datetime": {"datetime": "2021-09-24 19:16:13", "elapsed": 257.189095, "delta": 2.253355}}
{"target": -42.70353220183105, "params": {"C": 142.82283731730527, "epsilon": 0.6002101042891462, "gamma": 0.02596748657996206, "lamda": 1.5606454029263175}, "datetime": {"datetime": "2021-09-24 19:16:15", "elapsed": 258.993376, "delta": 1.804281}}
{"target": -43.493626990118905, "params": {"C": 124.37485101454774, "epsilon": 0.9054781844191233, "gamma": 0.04528832550904348, "lamda": 1.4710223425804339}, "datetime": {"datetime": "2021-09-24 19:16:16", "elapsed": 260.181797, "delta": 1.188421}}
{"target": -43.22704224344874, "params": {"C": 124.9468644651802, "epsilon": 0.7773061906621148, "gamma": 0.035927272950161564, "lamda": 0.866547340903948}, "datetime": {"datetime": "2021-09-24 19:16:18", "elapsed": 262.159576, "delta": 1.977779}}
{"target": -43.60035153095387, "params": {"C": 111.83292477530695, "epsilon": 0.8703357949307975, "gamma": 0.04173802359712099, "lamda": 0.7070202615672887}, "datetime": {"datetime": "2021-09-24 19:16:19", "elapsed": 263.49652, "delta": 1.336944}}
{"target": -42.39414537520734, "params": {"C": 142.80429322519447, "epsilon": 0.6506380477953766, "gamma": 0.01749950843363821, "lamda": 1.6221195435879658}, "datetime": {"datetime": "2021-09-24 19:16:21", "elapsed": 265.341132, "delta": 1.844612}}
{"target": -44.699842743712914, "params": {"C": 118.57458948830977, "epsilon": 0.8484171788041626, "gamma": 0.07609042094699556, "lamda": 1.5727801929001828}, "datetime": {"datetime": "2021-09-24 19:16:22", "elapsed": 266.492013, "delta": 1.150881}}
{"target": -44.387972392012315, "params": {"C": 105.74844060827859, "epsilon": 0.7862797277669165, "gamma": 0.055122434925629404, "lamda": 0.4441667105011987}, "datetime": {"datetime": "2021-09-24 19:16:23", "elapsed": 267.763271, "delta": 1.271258}}
{"target": -43.26804939568877, "params": {"C": 106.89935266928244, "epsilon": 0.9206194449158778, "gamma": 0.04096303509374567, "lamda": 1.2095118625574977}, "datetime": {"datetime": "2021-09-24 19:16:25", "elapsed": 269.80854, "delta": 2.045269}}
{"target": -42.37537119730693, "params": {"C": 111.6014633687131, "epsilon": 0.7850388734532182, "gamma": 0.01541430874700064, "lamda": 1.1694529739069441}, "datetime": {"datetime": "2021-09-24 19:16:29", "elapsed": 272.914273, "delta": 3.105733}}
{"target": -43.4147695827763, "params": {"C": 124.72582058965037, "epsilon": 0.6422411896238696, "gamma": 0.043892787911519335, "lamda": 1.235428659701979}, "datetime": {"datetime": "2021-09-24 19:16:30", "elapsed": 274.397265, "delta": 1.482992}}
