{"target": -42.49546959268531, "params": {"C": 213.88726688732828, "epsilon": 0.5194088318047407, "gamma": 0.019371441220259005, "lamda": 0.9163280349113831}, "datetime": {"datetime": "2021-09-24 19:35:27", "elapsed": 260.018602, "delta": 1.418776}}
{"target": -44.28842120230367, "params": {"C": 186.1102161329053, "epsilon": 0.8129953255566276, "gamma": 0.06580704415394512, "lamda": 1.7031006315363548}, "datetime": {"datetime": "2021-09-24 19:35:28", "elapsed": 261.362716, "delta": 1.344114}}
{"target": -43.477112555092155, "params": {"C": 175.9616340700088, "epsilon": 0.9593876914703823, "gamma": 0.04740989183703893, "lamda": 1.0113936097243725}, "datetime": {"datetime": "2021-09-24 19:35:29", "elapsed": 262.571931, "delta": 1.209215}}
{"target": -43.008064670680476, "params": {"C": 153.49182559550323, "epsilon": 0.9374577299717894, "gamma": 0.032608974589129, "lamda": 0.7293240131453619}, "datetime": {"datetime": "2021-09-24 19:35:30", "elapsed": 263.807589, "delta": 1.235658}}
{"target": -46.18503243715724, "params": {"C": 172.64380578897192, "epsilon": 0.3150131684582649, "gamma": 0.09311883257766881, "lamda": 1.065260747256409}, "datetime": {"datetime": "2021-09-24 19:35:32", "elapsed": 265.109153, "delta": 1.301564}}
{"target": -44.438824435975334, "params": {"C": 226.7290743568708, "epsilon": 0.9132161159892354, "gamma": 0.06941756653954165, "lamda": 1.521900026911573}, "datetime": {"datetime": "2021-09-24 19:35:33", "elapsed": 266.343172, "delta": 1.234019}}
{"target": -42.079640516600264, "params": {"C": 221.63471942656025, "epsilon": 0.3507831856061079, "gamma": 0.012226469878803187, "lamda": 1.6480450719505484}, "datetime": {"datetime": "2021-09-24 19:35:35", "elapsed": 268.533554, "delta": 2.190382}}
{"target": -42.39684830912501, "params": {"C": 199.74605668505615, "epsilon": 0.6126369426509899, "gamma": 0.01787989132190371, "lamda": 1.6814637008321878}, "datetime": {"datetime": "2021-09-24 19:35:37", "elapsed": 270.620591, "delta": 2.087037}}
{"target": -44.66948543868538, "params": {"C": 185.9063833591899, "epsilon": 0.9243433519928117, "gamma": 0.07436420787442108, "lamda": 1.5364046624013352}, "datetime": {"datetime": "2021-09-24 19:35:38", "elapsed": 271.890178, "delta": 1.269587}}
{"target": -44.94427428662566, "params": {"C": 171.4012073175101, "epsilon": 0.6012950550025419, "gamma": 0.001, "lamda": 1.321406022269455}, "datetime": {"datetime": "2021-09-24 19:35:40", "elapsed": 273.969858, "delta": 2.07968}}
{"target": -42.43685697373692, "params": {"C": 231.88377866180815, "epsilon": 0.345575005801634, "gamma": 0.017424231403039746, "lamda": 1.2415210796067981}, "datetime": {"datetime": "2021-09-24 19:35:42", "elapsed": 275.790763, "delta": 1.820905}}
{"target": -42.64085690445645, "params": {"C": 200.47080692193168, "epsilon": 0.46371394397542975, "gamma": 0.025308875111348165, "lamda": 1.5206277783634112}, "datetime": {"datetime": "2021-09-24 19:35:44", "elapsed": 277.558604, "delta": 1.767841}}
{"target": -43.202217727784436, "params": {"C": 183.18137109813583, "epsilon": 0.8919516161360019, "gamma": 0.03744859164587902, "lamda": 1.5001918640170908}, "datetime": {"datetime": "2021-09-24 19:35:45", "elapsed": 278.95656, "delta": 1.397956}}
{"target": -42.47607214717598, "params": {"C": 197.47095466337018, "epsilon": 0.6707549749550681, "gamma": 0.02158000568364933, "lamda": 1.048493937403873}, "datetime": {"datetime": "2021-09-24 19:35:47", "elapsed": 280.823988, "delta": 1.867428}}
{"target": -42.13239531767086, "params": {"C": 199.83350457209974, "epsilon": 0.6276397387158765, "gamma": 0.009255034375023185, "lamda": 1.6946239477395109}, "datetime": {"datetime": "2021-09-24 19:35:50", "elapsed": 283.078496, "delta": 2.254508}}
{"target": -42.12223287353219, "params": {"C": 177.86486628555917, "epsilon": 0.5988242983554419, "gamma": 0.01089466812855788, "lamda": 1.5652119926147625}, "datetime": {"datetime": "2021-09-24 19:35:51", "elapsed": 284.913756, "delta": 1.83526}}
{"target": -44.23981395646935, "params": {"C": 249.11610386811213, "epsilon": 0.621254729143436, "gamma": 0.06733379349010378, "lamda": 1.259163633545044}, "datetime": {"datetime": "2021-09-24 19:35:53", "elapsed": 286.261179, "delta": 1.347423}}
{"target": -42.510137566986465, "params": {"C": 239.8417585640861, "epsilon": 0.7246968353474623, "gamma": 0.022302139739728593, "lamda": 0.9733964839800245}, "datetime": {"datetime": "2021-09-24 19:35:55", "elapsed": 288.628916, "delta": 2.367737}}
{"target": -44.24043890887889, "params": {"C": 158.19903276070107, "epsilon": 0.5653170514328621, "gamma": 0.06690111705758385, "lamda": 2.0814882629081217}, "datetime": {"datetime": "2021-09-24 19:35:56", "elapsed": 289.9264, "delta": 1.297484}}
{"target": -45.326785436237785, "params": {"C": 217.0122128499548, "epsilon": 0.46248341355371, "gamma": 0.0010796186958767625, "lamda": 2.0477050423621668}, "datetime": {"datetime": "2021-09-24 19:35:58", "elapsed": 291.315295, "delta": 1.388895}}
{"target": -42.89717557283667, "params": {"C": 238.51646845642153, "epsilon": 0.5614290057693658, "gamma": 0.02965522596574803, "lamda": 0.81330659833207}, "datetime": {"datetime": "2021-09-24 19:36:00", "elapsed": 293.494309, "delta": 2.179014}}
{"target": -45.329030132136936, "params": {"C": 186.88218533338093, "epsilon": 0.7355054742957358, "gamma": 0.09101037124882985, "lamda": 0.9385116718514745}, "datetime": {"datetime": "2021-09-24 19:36:01", "elapsed": 294.841309, "delta": 1.347}}
{"target": -42.67194392532239, "params": {"C": 186.35044976746133, "epsilon": 0.7721690487570652, "gamma": 0.00678847432765781, "lamda": 1.97191043572332}, "datetime": {"datetime": "2021-09-24 19:36:03", "elapsed": 296.790821, "delta": 1.949512}}
{"target": -43.422092563607585, "params": {"C": 237.60935870756683, "epsilon": 0.8738251620983442, "gamma": 0.04485163491800282, "lamda": 0.7530608781824538}, "datetime": {"datetime": "2021-09-24 19:36:06", "elapsed": 299.00828, "delta": 2.217459}}
{"target": -42.76500035680636, "params": {"C": 182.5573759237378, "epsilon": 0.8931646611634303, "gamma": 0.004212896666752135, "lamda": 1.320935213303309}, "datetime": {"datetime": "2021-09-24 19:36:07", "elapsed": 300.357836, "delta": 1.349556}}
{"target": -42.647118388084145, "params": {"C": 189.19142831983834, "epsilon": 0.33049176709717476, "gamma": 0.022224320261806117, "lamda": 1.5113327212200947}, "datetime": {"datetime": "2021-09-24 19:36:09", "elapsed": 302.350071, "delta": 1.992235}}
{"target": -42.1794487356402, "params": {"C": 159.32318897242703, "epsilon": 0.5444972331486323, "gamma": 0.01218975364945404, "lamda": 1.7148278041522265}, "datetime": {"datetime": "2021-09-24 19:36:10", "elapsed": 303.707806, "delta": 1.357735}}
{"target": -42.31166050013213, "params": {"C": 189.19757236537063, "epsilon": 0.3150352582146752, "gamma": 0.012450840011707934, "lamda": 1.4543820880803309}, "datetime": {"datetime": "2021-09-24 19:36:12", "elapsed": 305.390853, "delta": 1.683047}}
{"target": -42.69819994150278, "params": {"C": 151.95767311095668, "epsilon": 0.7689704899427068, "gamma": 0.02133600144453255, "lamda": 2.057604133854835}, "datetime": {"datetime": "2021-09-24 19:36:13", "elapsed": 306.787466, "delta": 1.396613}}
{"target": -42.71524663201317, "params": {"C": 184.23489244201238, "epsilon": 0.6476709972064496, "gamma": 0.02548607054297896, "lamda": 1.655776894313951}, "datetime": {"datetime": "2021-09-24 19:36:15", "elapsed": 308.176406, "delta": 1.38894}}
{"target": -43.02723538883947, "params": {"C": 177.40926171023324, "epsilon": 0.9322288299473032, "gamma": 0.034304416814751236, "lamda": 0.710397909035865}, "datetime": {"datetime": "2021-09-24 19:36:17", "elapsed": 310.383793, "delta": 2.207387}}
{"target": -42.52350509709325, "params": {"C": 210.02387020362693, "epsilon": 0.8014337195684982, "gamma": 0.021391666894042927, "lamda": 1.2020478961669545}, "datetime": {"datetime": "2021-09-24 19:36:18", "elapsed": 311.741398, "delta": 1.357605}}
{"target": -43.87618715767969, "params": {"C": 249.74255394694325, "epsilon": 0.9156443998358588, "gamma": 0.056063032480829326, "lamda": 1.3618952301645537}, "datetime": {"datetime": "2021-09-24 19:36:20", "elapsed": 313.149148, "delta": 1.40775}}
{"target": -42.876974217755254, "params": {"C": 199.88787022368837, "epsilon": 0.47592917999424816, "gamma": 0.03129032759152215, "lamda": 1.739457128037295}, "datetime": {"datetime": "2021-09-24 19:36:22", "elapsed": 315.452893, "delta": 2.303745}}
{"target": -42.372929444202704, "params": {"C": 226.53519381405772, "epsilon": 0.9874518537875729, "gamma": 0.01868860458827619, "lamda": 0.8197304851648131}, "datetime": {"datetime": "2021-09-24 19:36:23", "elapsed": 316.886648, "delta": 1.433755}}
{"target": -42.408428410302065, "params": {"C": 221.654519871946, "epsilon": 0.5152451999805584, "gamma": 0.01921843113264765, "lamda": 1.6686530927116072}, "datetime": {"datetime": "2021-09-24 19:36:25", "elapsed": 318.641913, "delta": 1.755265}}
{"target": -42.076723061246284, "params": {"C": 242.70469161367708, "epsilon": 0.9891117095964139, "gamma": 0.0106006423030044, "lamda": 0.8306670139781814}, "datetime": {"datetime": "2021-09-24 19:36:27", "elapsed": 320.799404, "delta": 2.157491}}
{"target": -44.62218916719219, "params": {"C": 218.25776761763564, "epsilon": 0.8437149339299275, "gamma": 0.07514956623281352, "lamda": 1.4918308796376532}, "datetime": {"datetime": "2021-09-24 19:36:29", "elapsed": 322.208836, "delta": 1.409432}}
{"target": -42.5113507219843, "params": {"C": 243.54939378712885, "epsilon": 0.40446719484201943, "gamma": 0.0029096968362618625, "lamda": 1.7481256214073626}, "datetime": {"datetime": "2021-09-24 19:36:30", "elapsed": 323.628567, "delta": 1.419731}}
{"target": -42.84706229306957, "params": {"C": 156.5808627120218, "epsilon": 0.7478184919490058, "gamma": 0.0278741266959652, "lamda": 1.69122367499177}, "datetime": {"datetime": "2021-09-24 19:36:32", "elapsed": 325.100857, "delta": 1.47229}}
{"target": -41.97724645225648, "params": {"C": 225.84147281606982, "epsilon": 0.6484566291575697, "gamma": 0.009225249692857547, "lamda": 1.1260758833964248}, "datetime": {"datetime": "2021-09-24 19:36:33", "elapsed": 326.939692, "delta": 1.838835}}
{"target": -42.35433375601207, "params": {"C": 235.49777276845208, "epsilon": 0.5496771382027715, "gamma": 0.015511495233311991, "lamda": 2.0434932452304917}, "datetime": {"datetime": "2021-09-24 19:36:35", "elapsed": 328.932923, "delta": 1.993231}}
{"target": -44.53624628398279, "params": {"C": 198.41573451874362, "epsilon": 0.8874702293766243, "gamma": 0.0748199133941808, "lamda": 1.2325975892345462}, "datetime": {"datetime": "2021-09-24 19:36:37", "elapsed": 330.370205, "delta": 1.437282}}
{"target": -43.84219830612381, "params": {"C": 235.48608207516895, "epsilon": 0.6214701978917576, "gamma": 0.05516012951681542, "lamda": 2.052621934565911}, "datetime": {"datetime": "2021-09-24 19:36:39", "elapsed": 332.272316, "delta": 1.902111}}
{"target": -43.5462095170515, "params": {"C": 171.11694744211798, "epsilon": 0.7549150438949151, "gamma": 0.049274462153398695, "lamda": 1.2666797433708412}, "datetime": {"datetime": "2021-09-24 19:36:40", "elapsed": 333.771774, "delta": 1.499458}}
{"target": -43.45390646904836, "params": {"C": 163.51172092670427, "epsilon": 0.4814474469365776, "gamma": 0.02766875789813905, "lamda": 0.7388070917125645}, "datetime": {"datetime": "2021-09-24 19:36:42", "elapsed": 335.243237, "delta": 1.471463}}
{"target": -44.2422278395297, "params": {"C": 231.93243821762064, "epsilon": 0.3392724602918652, "gamma": 0.062467949426184825, "lamda": 1.265088479084443}, "datetime": {"datetime": "2021-09-24 19:36:44", "elapsed": 337.40911, "delta": 2.165873}}
{"target": -44.21624564966214, "params": {"C": 178.56851639489926, "epsilon": 0.6996871669559703, "gamma": 0.06719114857907314, "lamda": 1.326270565965225}, "datetime": {"datetime": "2021-09-24 19:36:45", "elapsed": 338.858582, "delta": 1.449472}}
{"target": -42.46532078986177, "params": {"C": 162.81214867414167, "epsilon": 0.4148023952075529, "gamma": 0.019590537148301647, "lamda": 1.5304646406817675}, "datetime": {"datetime": "2021-09-24 19:36:47", "elapsed": 340.310889, "delta": 1.452307}}
{"target": -43.08621160107129, "params": {"C": 199.7411501772183, "epsilon": 0.5667893957233485, "gamma": 0.03613363369894059, "lamda": 1.7739413732886906}, "datetime": {"datetime": "2021-09-24 19:36:50", "elapsed": 343.282742, "delta": 2.971853}}
{"target": -43.16462990662477, "params": {"C": 248.03848622203492, "epsilon": 0.6201675328185242, "gamma": 0.03821402512653857, "lamda": 1.6990100709080438}, "datetime": {"datetime": "2021-09-24 19:36:51", "elapsed": 344.717699, "delta": 1.434957}}
{"target": -42.54957174245939, "params": {"C": 180.97651159087152, "epsilon": 0.703784854987503, "gamma": 0.02305100744854924, "lamda": 1.1237241532360864}, "datetime": {"datetime": "2021-09-24 19:36:53", "elapsed": 346.376129, "delta": 1.65843}}
{"target": -43.657947862528104, "params": {"C": 199.81325136530916, "epsilon": 0.5611975153701223, "gamma": 0.05246370483154956, "lamda": 1.6642568084812752}, "datetime": {"datetime": "2021-09-24 19:36:55", "elapsed": 348.807761, "delta": 2.431632}}
{"target": -42.59375171991645, "params": {"C": 210.57282967326634, "epsilon": 0.7785932728435077, "gamma": 0.0218966331908049, "lamda": 1.4748353893324393}, "datetime": {"datetime": "2021-09-24 19:36:57", "elapsed": 350.292209, "delta": 1.484448}}
{"target": -42.08446669293985, "params": {"C": 218.2676151779609, "epsilon": 0.6423842946574343, "gamma": 0.011612083167929561, "lamda": 1.1152800551322388}, "datetime": {"datetime": "2021-09-24 19:36:58", "elapsed": 351.777437, "delta": 1.485228}}
{"target": -44.04047368038135, "params": {"C": 193.72481379070084, "epsilon": 0.9559455950824676, "gamma": 0.0617207245030853, "lamda": 1.1401617888157602}, "datetime": {"datetime": "2021-09-24 19:37:00", "elapsed": 353.308993, "delta": 1.531556}}
{"target": -42.114960137486285, "params": {"C": 159.1772396306816, "epsilon": 0.47889572623173965, "gamma": 0.011576781991977208, "lamda": 1.4896749632165092}, "datetime": {"datetime": "2021-09-24 19:37:03", "elapsed": 356.139623, "delta": 2.83063}}
{"target": -42.543044024047575, "params": {"C": 199.82184916757635, "epsilon": 0.5889732570076452, "gamma": 0.004167300526764948, "lamda": 1.6924233212662894}, "datetime": {"datetime": "2021-09-24 19:37:05", "elapsed": 358.923796, "delta": 2.784173}}
{"target": -42.169267015841065, "params": {"C": 176.14380441903478, "epsilon": 0.4199978683074453, "gamma": 0.013656077947655231, "lamda": 1.7844605919237793}, "datetime": {"datetime": "2021-09-24 19:37:07", "elapsed": 360.965944, "delta": 2.042148}}
{"target": -42.50538613162582, "params": {"C": 154.6570270850754, "epsilon": 0.8300332511681039, "gamma": 0.012881956427669504, "lamda": 2.0286520105110473}, "datetime": {"datetime": "2021-09-24 19:37:09", "elapsed": 362.359729, "delta": 1.393785}}
{"target": -42.487327988850105, "params": {"C": 159.15631116646546, "epsilon": 0.5257222457050916, "gamma": 0.0032306823235804453, "lamda": 1.4641719737496652}, "datetime": {"datetime": "2021-09-24 19:37:11", "elapsed": 364.42151, "delta": 2.061781}}
{"target": -45.29795272020368, "params": {"C": 180.15212715125358, "epsilon": 0.981491830538626, "gamma": 0.09172825523460301, "lamda": 1.0641963638209462}, "datetime": {"datetime": "2021-09-24 19:37:13", "elapsed": 366.072908, "delta": 1.651398}}
{"target": -44.59887184039045, "params": {"C": 237.6234595793145, "epsilon": 0.9256121122840915, "gamma": 0.001, "lamda": 0.7787217879031813}, "datetime": {"datetime": "2021-09-24 19:37:15", "elapsed": 368.922722, "delta": 2.849814}}
{"target": -43.42751917022857, "params": {"C": 220.53494423978412, "epsilon": 0.555981456538132, "gamma": 0.04654021343749178, "lamda": 1.4542118188404363}, "datetime": {"datetime": "2021-09-24 19:37:17", "elapsed": 370.521995, "delta": 1.599273}}
{"target": -42.01149449249467, "params": {"C": 176.29583315671218, "epsilon": 0.42166017564184477, "gamma": 0.00976942550135754, "lamda": 1.5786444153648014}, "datetime": {"datetime": "2021-09-24 19:37:19", "elapsed": 372.936883, "delta": 2.414888}}
{"target": -42.647338693828125, "params": {"C": 242.92102518737084, "epsilon": 0.43282589436608176, "gamma": 0.0248496333440986, "lamda": 2.0512191936033295}, "datetime": {"datetime": "2021-09-24 19:37:21", "elapsed": 374.48671, "delta": 1.549827}}
{"target": -43.30069643593152, "params": {"C": 209.3248775666683, "epsilon": 0.4946573922489701, "gamma": 0.04348757809210317, "lamda": 1.9420765346248643}, "datetime": {"datetime": "2021-09-24 19:37:23", "elapsed": 376.063351, "delta": 1.576641}}
{"target": -41.96948572138102, "params": {"C": 242.04688550310695, "epsilon": 0.6562592904232363, "gamma": 0.008966973256526185, "lamda": 1.1209353783711435}, "datetime": {"datetime": "2021-09-24 19:37:25", "elapsed": 378.075026, "delta": 2.011675}}
{"target": -42.873423725126514, "params": {"C": 174.5385936873832, "epsilon": 0.7913201856695822, "gamma": 0.029811396244230858, "lamda": 1.2949491497018069}, "datetime": {"datetime": "2021-09-24 19:37:26", "elapsed": 379.69552, "delta": 1.620494}}
{"target": -44.862946295586426, "params": {"C": 161.1177253551602, "epsilon": 0.8686285061298669, "gamma": 0.07541111216888174, "lamda": 1.9694039194929667}, "datetime": {"datetime": "2021-09-24 19:37:28", "elapsed": 381.469362, "delta": 1.773842}}
{"target": -42.70031247951638, "params": {"C": 199.79464020879774, "epsilon": 0.5861600887445004, "gamma": 0.02537559604202626, "lamda": 1.739206924038432}, "datetime": {"datetime": "2021-09-24 19:37:30", "elapsed": 383.894922, "delta": 2.42556}}
{"target": -42.77131288477811, "params": {"C": 232.65535590187602, "epsilon": 0.8545713794359888, "gamma": 0.02797245427879338, "lamda": 1.0276976154059814}, "datetime": {"datetime": "2021-09-24 19:37:32", "elapsed": 385.614067, "delta": 1.719145}}
{"target": -44.096905234655495, "params": {"C": 213.92519539797462, "epsilon": 0.47747783513788145, "gamma": 0.05893225170562527, "lamda": 0.94940438189491}, "datetime": {"datetime": "2021-09-24 19:37:34", "elapsed": 387.718223, "delta": 2.104156}}
{"target": -42.36931700971053, "params": {"C": 177.75578987592155, "epsilon": 0.6873183694982272, "gamma": 0.016488763485911582, "lamda": 1.5654374634138375}, "datetime": {"datetime": "2021-09-24 19:37:36", "elapsed": 389.481197, "delta": 1.762974}}
{"target": -44.031749687663456, "params": {"C": 159.16910591046144, "epsilon": 0.42542302049047875, "gamma": 0.061351410396078304, "lamda": 1.5767188540155783}, "datetime": {"datetime": "2021-09-24 19:37:38", "elapsed": 391.501939, "delta": 2.020742}}
{"target": -43.54409461354843, "params": {"C": 220.18771912711026, "epsilon": 0.5006088446977301, "gamma": 0.04971322289718671, "lamda": 1.692872067843994}, "datetime": {"datetime": "2021-09-24 19:37:40", "elapsed": 393.061655, "delta": 1.559716}}
{"target": -42.842682797286045, "params": {"C": 221.62871963573787, "epsilon": 0.32965991037259446, "gamma": 0.02986279756760715, "lamda": 1.6370896286917067}, "datetime": {"datetime": "2021-09-24 19:37:42", "elapsed": 395.536695, "delta": 2.47504}}
{"target": -45.33180634993582, "params": {"C": 162.63160946825178, "epsilon": 0.938339079159686, "gamma": 0.0894884356290191, "lamda": 1.4981271404494754}, "datetime": {"datetime": "2021-09-24 19:37:44", "elapsed": 397.121147, "delta": 1.584452}}
{"target": -43.082871702522894, "params": {"C": 177.86268153406778, "epsilon": 0.6274187340352464, "gamma": 0.03587324835972388, "lamda": 1.631790444703194}, "datetime": {"datetime": "2021-09-24 19:37:46", "elapsed": 399.258269, "delta": 2.137122}}
{"target": -43.87853695050644, "params": {"C": 230.98545434457338, "epsilon": 0.6085554200035973, "gamma": 0.05629450424958567, "lamda": 2.0601734366504636}, "datetime": {"datetime": "2021-09-24 19:37:47", "elapsed": 400.971129, "delta": 1.71286}}
{"target": -44.58036640308786, "params": {"C": 153.11698580473973, "epsilon": 0.7181899725206857, "gamma": 0.001, "lamda": 0.9714680976407752}, "datetime": {"datetime": "2021-09-24 19:37:50", "elapsed": 403.549239, "delta": 2.57811}}
{"target": -44.8554132147451, "params": {"C": 224.51729870138874, "epsilon": 0.8988730458691334, "gamma": 0.07871915494427299, "lamda": 1.5828498163825322}, "datetime": {"datetime": "2021-09-24 19:37:52", "elapsed": 405.186563, "delta": 1.637324}}
{"target": -43.77652156417255, "params": {"C": 199.88745237634083, "epsilon": 0.42601703651139117, "gamma": 0.05568749367695797, "lamda": 1.7035741060564755}, "datetime": {"datetime": "2021-09-24 19:37:54", "elapsed": 407.291959, "delta": 2.105396}}
{"target": -42.21674916112267, "params": {"C": 190.5702946856254, "epsilon": 0.48101709936648895, "gamma": 0.0046428854028135215, "lamda": 1.7020262048516834}, "datetime": {"datetime": "2021-09-24 19:37:55", "elapsed": 408.979534, "delta": 1.687575}}
{"target": -46.014099898790356, "params": {"C": 204.65713158669587, "epsilon": 0.3046298767095425, "gamma": 0.09488341035553038, "lamda": 1.4897097524049636}, "datetime": {"datetime": "2021-09-24 19:37:57", "elapsed": 410.669071, "delta": 1.689537}}
{"target": -42.79220150026849, "params": {"C": 221.62291583857635, "epsilon": 0.3908983767482989, "gamma": 0.028871046610400943, "lamda": 1.605546550599272}, "datetime": {"datetime": "2021-09-24 19:37:59", "elapsed": 412.948071, "delta": 2.279}}
{"target": -43.8160430710233, "params": {"C": 171.4323115505682, "epsilon": 0.5252054418451322, "gamma": 0.05606076080240071, "lamda": 1.2915369914003052}, "datetime": {"datetime": "2021-09-24 19:38:02", "elapsed": 415.407282, "delta": 2.459211}}
{"target": -42.95888808658146, "params": {"C": 213.8524045651748, "epsilon": 0.5122052621117935, "gamma": 0.030828458036076777, "lamda": 0.9507287504988275}, "datetime": {"datetime": "2021-09-24 19:38:04", "elapsed": 417.398981, "delta": 1.991699}}
