{"target": 0.4635200724512476, "params": {"C": 210.63743854669335, "epsilon": 0.9366890702683878, "gamma": 0.0045772266432751105, "lamda": 0.5914747353125327}, "datetime": {"datetime": "2021-09-23 20:22:46", "elapsed": 252.924349, "delta": 1.575003}}
{"target": 0.462280467628273, "params": {"C": 213.04082082221365, "epsilon": 0.8870206672575036, "gamma": 0.004061931683129587, "lamda": 0.5986854053440015}, "datetime": {"datetime": "2021-09-23 20:22:48", "elapsed": 255.234352, "delta": 2.310003}}
{"target": 0.46345942768539616, "params": {"C": 213.13355399521424, "epsilon": 0.8626479636788721, "gamma": 0.015045162599703937, "lamda": 0.5788538587430867}, "datetime": {"datetime": "2021-09-23 20:22:50", "elapsed": 256.959353, "delta": 1.725001}}
{"target": 0.44675728566441153, "params": {"C": 244.27508712044624, "epsilon": 0.6748162221508989, "gamma": 0.0040918429210048055, "lamda": 0.23375718993446426}, "datetime": {"datetime": "2021-09-23 20:22:51", "elapsed": 258.323349, "delta": 1.363996}}
{"target": 0.46831796615937915, "params": {"C": 211.4998990203321, "epsilon": 0.9414543902775159, "gamma": 0.010507094358965751, "lamda": 0.5658957471452881}, "datetime": {"datetime": "2021-09-23 20:22:53", "elapsed": 260.339351, "delta": 2.016002}}
{"target": 0.43688941928469505, "params": {"C": 229.41739482810905, "epsilon": 0.8096248710736738, "gamma": 0.014965058353141138, "lamda": 0.2079695276444966}, "datetime": {"datetime": "2021-09-23 20:22:54", "elapsed": 261.48239, "delta": 1.143039}}
{"target": 0.4576023730193427, "params": {"C": 206.8721199373629, "epsilon": 0.9518844130485136, "gamma": 0.003058808125326403, "lamda": 0.47996268484866705}, "datetime": {"datetime": "2021-09-23 20:22:56", "elapsed": 262.790351, "delta": 1.307961}}
{"target": 0.4683519927861941, "params": {"C": 210.72122422084624, "epsilon": 0.9160607660653743, "gamma": 0.009839173744368677, "lamda": 0.5671079092155075}, "datetime": {"datetime": "2021-09-23 20:22:57", "elapsed": 264.56423, "delta": 1.773879}}
{"target": 0.46348377262749096, "params": {"C": 231.32950553369352, "epsilon": 0.9384180222369709, "gamma": 0.013922686588311813, "lamda": 0.4633343377078178}, "datetime": {"datetime": "2021-09-23 20:22:59", "elapsed": 266.1605, "delta": 1.59627}}
{"target": 0.45513181819175275, "params": {"C": 249.88757238064758, "epsilon": 0.8622223996353479, "gamma": 0.0021536155468960486, "lamda": 0.48949534412808876}, "datetime": {"datetime": "2021-09-23 20:23:00", "elapsed": 267.465155, "delta": 1.304655}}
{"target": 0.4685927786125005, "params": {"C": 219.5022945047878, "epsilon": 0.9917838372053982, "gamma": 0.00988437017926607, "lamda": 0.5179014770940279}, "datetime": {"datetime": "2021-09-23 20:23:03", "elapsed": 269.91484, "delta": 2.449685}}
{"target": 0.4473697795663093, "params": {"C": 243.79848024861678, "epsilon": 0.9327811487085316, "gamma": 0.00295557457494618, "lamda": 0.22043797408537966}, "datetime": {"datetime": "2021-09-23 20:23:04", "elapsed": 271.488755, "delta": 1.573915}}
{"target": 0.4549001500301537, "params": {"C": 218.05524876260702, "epsilon": 0.5066662027446698, "gamma": 0.010726433415066274, "lamda": 0.5195612254546437}, "datetime": {"datetime": "2021-09-23 20:23:05", "elapsed": 272.732851, "delta": 1.244096}}
{"target": 0.45759243454056586, "params": {"C": 219.5702693656357, "epsilon": 0.9335477380932995, "gamma": 0.017262781575137283, "lamda": 0.4543334326576208}, "datetime": {"datetime": "2021-09-23 20:23:07", "elapsed": 274.708496, "delta": 1.975645}}
{"target": 0.46614717468366573, "params": {"C": 210.83270501917528, "epsilon": 0.7878729561602077, "gamma": 0.010047878767227313, "lamda": 0.549796776825597}, "datetime": {"datetime": "2021-09-23 20:23:10", "elapsed": 276.91991, "delta": 2.211414}}
{"target": 0.4584937950996829, "params": {"C": 219.57486884638914, "epsilon": 0.9458025000240633, "gamma": 0.02, "lamda": 0.5733770222540031}, "datetime": {"datetime": "2021-09-23 20:23:12", "elapsed": 279.681306, "delta": 2.761396}}
{"target": 0.462146790730503, "params": {"C": 210.82660329045103, "epsilon": 0.9433639831494617, "gamma": 0.0173514299746355, "lamda": 0.5936579002775215}, "datetime": {"datetime": "2021-09-23 20:23:15", "elapsed": 282.391807, "delta": 2.710501}}
{"target": 0.45052016181006915, "params": {"C": 231.30051032350138, "epsilon": 0.8737496824153222, "gamma": 0.0018575707312341485, "lamda": 0.4224497792393686}, "datetime": {"datetime": "2021-09-23 20:23:17", "elapsed": 284.669001, "delta": 2.277194}}
{"target": 0.46624219930215216, "params": {"C": 210.72069351320582, "epsilon": 0.9315600757259423, "gamma": 0.013365873215544683, "lamda": 0.5801373365610982}, "datetime": {"datetime": "2021-09-23 20:23:20", "elapsed": 287.558568, "delta": 2.889567}}
{"target": 0.44037793039807194, "params": {"C": 211.4301191552007, "epsilon": 0.8533906985792679, "gamma": 0.0011825978000638848, "lamda": 0.5963365980554758}, "datetime": {"datetime": "2021-09-23 20:23:23", "elapsed": 289.989987, "delta": 2.431419}}
{"target": 0.4674600157384263, "params": {"C": 210.67640738793799, "epsilon": 0.8530123490697925, "gamma": 0.006497559215903745, "lamda": 0.5791878168539615}, "datetime": {"datetime": "2021-09-23 20:23:25", "elapsed": 291.891804, "delta": 1.901817}}
{"target": 0.45537603400264515, "params": {"C": 226.4664624109363, "epsilon": 0.7273642767087296, "gamma": 0.017046604817353723, "lamda": 0.5044981595515827}, "datetime": {"datetime": "2021-09-23 20:23:26", "elapsed": 293.369891, "delta": 1.478087}}
{"target": 0.4580984230408368, "params": {"C": 225.96047639583452, "epsilon": 0.9978070743381089, "gamma": 0.008632839298562216, "lamda": 0.26888380955957547}, "datetime": {"datetime": "2021-09-23 20:23:28", "elapsed": 294.917583, "delta": 1.547692}}
{"target": 0.46695004956220465, "params": {"C": 210.68650131000086, "epsilon": 0.8930218359250391, "gamma": 0.0060537356985618605, "lamda": 0.5900596630982661}, "datetime": {"datetime": "2021-09-23 20:23:30", "elapsed": 297.163627, "delta": 2.246044}}
{"target": 0.46151846740912583, "params": {"C": 210.66714275301015, "epsilon": 0.8633672130688637, "gamma": 0.015753222747593533, "lamda": 0.5484909322531475}, "datetime": {"datetime": "2021-09-23 20:23:32", "elapsed": 298.784383, "delta": 1.620756}}
{"target": 0.46612421510422075, "params": {"C": 210.88856539613252, "epsilon": 0.9384577530242388, "gamma": 0.0055879043158301904, "lamda": 0.5707069476654834}, "datetime": {"datetime": "2021-09-23 20:23:34", "elapsed": 301.009337, "delta": 2.224954}}
{"target": 0.46388682742456033, "params": {"C": 211.51481349330362, "epsilon": 0.9805872645968233, "gamma": 0.0046131041586703735, "lamda": 0.4777899293360473}, "datetime": {"datetime": "2021-09-23 20:23:36", "elapsed": 303.219642, "delta": 2.210305}}
{"target": 0.45763254080852955, "params": {"C": 206.4517675232341, "epsilon": 0.6902193004152082, "gamma": 0.01233947416344669, "lamda": 0.4776570389104098}, "datetime": {"datetime": "2021-09-23 20:23:37", "elapsed": 304.615254, "delta": 1.395612}}
{"target": 0.46665162979346864, "params": {"C": 216.77658598442633, "epsilon": 0.7930199905735837, "gamma": 0.008328644089356525, "lamda": 0.5275016679308624}, "datetime": {"datetime": "2021-09-23 20:23:39", "elapsed": 305.949295, "delta": 1.334041}}
{"target": 0.4638903888261223, "params": {"C": 211.40928156678044, "epsilon": 0.8833803637495801, "gamma": 0.004496318043387277, "lamda": 0.5708061210810118}, "datetime": {"datetime": "2021-09-23 20:23:41", "elapsed": 308.351803, "delta": 2.402508}}
{"target": 0.468086242964472, "params": {"C": 211.73365037244454, "epsilon": 0.87240585851153, "gamma": 0.009573991118917626, "lamda": 0.5601799939971108}, "datetime": {"datetime": "2021-09-23 20:23:43", "elapsed": 310.258012, "delta": 1.906209}}
{"target": 0.45275617191358564, "params": {"C": 231.33778621430233, "epsilon": 0.90191536363848, "gamma": 0.02, "lamda": 0.44894709126911747}, "datetime": {"datetime": "2021-09-23 20:23:45", "elapsed": 312.38159, "delta": 2.123578}}
{"target": 0.4628382206944467, "params": {"C": 213.1762377100891, "epsilon": 0.8418131773992545, "gamma": 0.014901576469763686, "lamda": 0.5642989914575245}, "datetime": {"datetime": "2021-09-23 20:23:47", "elapsed": 314.532475, "delta": 2.150885}}
{"target": 0.43749913033867405, "params": {"C": 219.4925394089006, "epsilon": 0.9866702897377685, "gamma": 0.001, "lamda": 0.4870746606715651}, "datetime": {"datetime": "2021-09-23 20:23:50", "elapsed": 317.174331, "delta": 2.641856}}
{"target": 0.4568751434452576, "params": {"C": 217.65786658946257, "epsilon": 0.5961795898154375, "gamma": 0.006958323991541554, "lamda": 0.4230680067700673}, "datetime": {"datetime": "2021-09-23 20:23:51", "elapsed": 318.554026, "delta": 1.379695}}
{"target": 0.43556164455547297, "params": {"C": 210.46682415444573, "epsilon": 0.8296740027691365, "gamma": 0.01875190027156701, "lamda": 0.27739210269213443}, "datetime": {"datetime": "2021-09-23 20:23:53", "elapsed": 320.0576, "delta": 1.503574}}
{"target": 0.43647309123788347, "params": {"C": 225.5324800043666, "epsilon": 0.9295592446302134, "gamma": 0.017874245229858726, "lamda": 0.23528328656483866}, "datetime": {"datetime": "2021-09-23 20:23:54", "elapsed": 321.365654, "delta": 1.308054}}
{"target": 0.465284868147656, "params": {"C": 213.01780978835384, "epsilon": 0.8650990225452873, "gamma": 0.005174315755845937, "lamda": 0.539988388147298}, "datetime": {"datetime": "2021-09-23 20:23:56", "elapsed": 323.211427, "delta": 1.845773}}
{"target": 0.46144179845549105, "params": {"C": 211.79769920558942, "epsilon": 0.8930458151270566, "gamma": 0.01504330790984763, "lamda": 0.5016068399601004}, "datetime": {"datetime": "2021-09-23 20:23:58", "elapsed": 325.291994, "delta": 2.080567}}
{"target": 0.46045360532597235, "params": {"C": 235.25804081554847, "epsilon": 0.683247879855553, "gamma": 0.007162179659833511, "lamda": 0.417442777616757}, "datetime": {"datetime": "2021-09-23 20:23:59", "elapsed": 326.615047, "delta": 1.323053}}
{"target": 0.46801853474823985, "params": {"C": 210.7304394853967, "epsilon": 0.9582781234567029, "gamma": 0.01133433417631034, "lamda": 0.5774139773117286}, "datetime": {"datetime": "2021-09-23 20:24:02", "elapsed": 328.89314, "delta": 2.278093}}
{"target": 0.4667085386268316, "params": {"C": 213.12151101229813, "epsilon": 0.8163180487696896, "gamma": 0.011135367878488487, "lamda": 0.5731700535179153}, "datetime": {"datetime": "2021-09-23 20:24:04", "elapsed": 330.932128, "delta": 2.038988}}
{"target": 0.4626820891788064, "params": {"C": 212.99323541732872, "epsilon": 0.879596345511944, "gamma": 0.0040822505228833685, "lamda": 0.5564130299122622}, "datetime": {"datetime": "2021-09-23 20:24:07", "elapsed": 333.859741, "delta": 2.927613}}
{"target": 0.4544897720198947, "params": {"C": 211.75265157948851, "epsilon": 0.864200497238238, "gamma": 0.002373470521632493, "lamda": 0.594016416838146}, "datetime": {"datetime": "2021-09-23 20:24:09", "elapsed": 336.494518, "delta": 2.634777}}
{"target": 0.4620144631486949, "params": {"C": 211.74762051034827, "epsilon": 0.906731368358326, "gamma": 0.003893853658106172, "lamda": 0.5454162395315041}, "datetime": {"datetime": "2021-09-23 20:24:12", "elapsed": 338.980955, "delta": 2.486437}}
{"target": 0.4572842031230657, "params": {"C": 210.74173530754445, "epsilon": 0.9016256956964108, "gamma": 0.01945908441823638, "lamda": 0.5514454390478172}, "datetime": {"datetime": "2021-09-23 20:24:14", "elapsed": 340.91316, "delta": 1.932205}}
{"target": 0.4679491321653385, "params": {"C": 211.782586021914, "epsilon": 0.9163971293646138, "gamma": 0.007708861045908378, "lamda": 0.516016796435596}, "datetime": {"datetime": "2021-09-23 20:24:16", "elapsed": 343.067042, "delta": 2.153882}}
{"target": 0.4638009898251425, "params": {"C": 219.54858543701928, "epsilon": 0.9956505362638317, "gamma": 0.004695174861954888, "lamda": 0.4349694203257627}, "datetime": {"datetime": "2021-09-23 20:24:18", "elapsed": 345.713552, "delta": 2.64651}}
{"target": 0.46143196697316835, "params": {"C": 211.83292477530696, "epsilon": 0.9073827106648553, "gamma": 0.008818408569144433, "lamda": 0.36622019106940285}, "datetime": {"datetime": "2021-09-23 20:24:20", "elapsed": 347.240527, "delta": 1.526975}}
{"target": 0.4656473629400867, "params": {"C": 231.2985349535071, "epsilon": 0.8771278650408043, "gamma": 0.005470874242405085, "lamda": 0.46954991496528015}, "datetime": {"datetime": "2021-09-23 20:24:22", "elapsed": 349.079167, "delta": 1.83864}}
{"target": 0.46361116985291806, "params": {"C": 218.57458948830978, "epsilon": 0.8917265562886876, "gamma": 0.015411292909019346, "lamda": 0.5700483090995133}, "datetime": {"datetime": "2021-09-23 20:24:23", "elapsed": 350.535403, "delta": 1.456236}}
{"target": 0.452858176124341, "params": {"C": 205.7484406082786, "epsilon": 0.8473426626906546, "gamma": 0.011387133975625845, "lamda": 0.3043358941733252}, "datetime": {"datetime": "2021-09-23 20:24:25", "elapsed": 351.947268, "delta": 1.411865}}
{"target": 0.4683986046617379, "params": {"C": 210.61532367255114, "epsilon": 0.8753920796065751, "gamma": 0.009698582460286997, "lamda": 0.593003402134354}, "datetime": {"datetime": "2021-09-23 20:24:27", "elapsed": 354.144616, "delta": 2.197348}}
{"target": 0.4633695197039348, "params": {"C": 210.6500479745054, "epsilon": 0.8925738036969275, "gamma": 0.01571054799623552, "lamda": 0.5889610274542474}, "datetime": {"datetime": "2021-09-23 20:24:30", "elapsed": 357.138925, "delta": 2.994309}}
{"target": 0.4599360674854086, "params": {"C": 213.03599882108847, "epsilon": 0.9015670373066762, "gamma": 0.01659230387511384, "lamda": 0.5104783314203853}, "datetime": {"datetime": "2021-09-23 20:24:32", "elapsed": 359.153031, "delta": 2.014106}}
{"target": 0.4428595922822578, "params": {"C": 210.68033682085093, "epsilon": 0.9313719842541576, "gamma": 0.001386036025852949, "lamda": 0.5891571557877788}, "datetime": {"datetime": "2021-09-23 20:24:34", "elapsed": 361.73632, "delta": 2.583289}}
{"target": 0.45306583286621704, "params": {"C": 219.83358133396365, "epsilon": 0.6610704246700012, "gamma": 0.013139484969651342, "lamda": 0.42323281592282114}, "datetime": {"datetime": "2021-09-23 20:24:36", "elapsed": 363.426725, "delta": 1.690405}}
{"target": 0.4580168579325159, "params": {"C": 219.5145225110235, "epsilon": 0.963512508605128, "gamma": 0.0030156754500216135, "lamda": 0.5441657036782521}, "datetime": {"datetime": "2021-09-23 20:24:38", "elapsed": 365.632331, "delta": 2.205606}}
{"target": 0.46608680977322137, "params": {"C": 242.35193948320463, "epsilon": 0.9221522311498395, "gamma": 0.012532247103146798, "lamda": 0.4863554079977222}, "datetime": {"datetime": "2021-09-23 20:24:41", "elapsed": 368.035341, "delta": 2.40301}}
{"target": 0.46711896964929567, "params": {"C": 211.7954073506828, "epsilon": 0.9300373622579752, "gamma": 0.008279608474724049, "lamda": 0.4738124661478658}, "datetime": {"datetime": "2021-09-23 20:24:43", "elapsed": 370.458292, "delta": 2.422951}}
{"target": 0.44046876109293687, "params": {"C": 205.27896081310038, "epsilon": 0.6660425561403789, "gamma": 0.019073436925889954, "lamda": 0.40498120857596265}, "datetime": {"datetime": "2021-09-23 20:24:45", "elapsed": 371.999596, "delta": 1.541304}}
{"target": 0.4571527640115335, "params": {"C": 210.84941303233768, "epsilon": 0.8125308013343844, "gamma": 0.018389910926911807, "lamda": 0.5656334441676065}, "datetime": {"datetime": "2021-09-23 20:24:47", "elapsed": 374.281332, "delta": 2.281736}}
{"target": 0.45744358139465735, "params": {"C": 210.70431322304808, "epsilon": 0.8744790009959058, "gamma": 0.01935648221826501, "lamda": 0.5686029791760525}, "datetime": {"datetime": "2021-09-23 20:24:49", "elapsed": 376.644404, "delta": 2.363072}}
{"target": 0.4627684626531088, "params": {"C": 218.05510806645265, "epsilon": 0.8664252325404483, "gamma": 0.013437715544696537, "lamda": 0.4866001804389585}, "datetime": {"datetime": "2021-09-23 20:24:51", "elapsed": 378.15739, "delta": 1.512986}}
{"target": 0.45685274729936154, "params": {"C": 212.9808170350044, "epsilon": 0.9709912081931302, "gamma": 0.00990694893842161, "lamda": 0.2889696027783922}, "datetime": {"datetime": "2021-09-23 20:24:52", "elapsed": 379.744796, "delta": 1.587406}}
{"target": 0.45090240832913964, "params": {"C": 201.74591279775163, "epsilon": 0.9553269499798497, "gamma": 0.007066368860539908, "lamda": 0.2083782894701034}, "datetime": {"datetime": "2021-09-23 20:24:54", "elapsed": 381.274452, "delta": 1.529656}}
{"target": 0.428784523181307, "params": {"C": 211.32190289448596, "epsilon": 0.5107236917559035, "gamma": 0.01867937190884553, "lamda": 0.3043602135018312}, "datetime": {"datetime": "2021-09-23 20:24:55", "elapsed": 382.668211, "delta": 1.393759}}
{"target": 0.4623683073370818, "params": {"C": 238.3645371784354, "epsilon": 0.9380115114208825, "gamma": 0.014130644083346376, "lamda": 0.4348285791175923}, "datetime": {"datetime": "2021-09-23 20:24:57", "elapsed": 384.281823, "delta": 1.613612}}
{"target": 0.4583431989422506, "params": {"C": 219.5155066747057, "epsilon": 0.9774093591882684, "gamma": 0.016324284630598467, "lamda": 0.4196986532755949}, "datetime": {"datetime": "2021-09-23 20:25:00", "elapsed": 387.145359, "delta": 2.863536}}
{"target": 0.4660956795059422, "params": {"C": 231.36071206999765, "epsilon": 0.9403080798289831, "gamma": 0.012536335290818757, "lamda": 0.4947216986510001}, "datetime": {"datetime": "2021-09-23 20:25:03", "elapsed": 390.54469, "delta": 3.399331}}
{"target": 0.4603004369652579, "params": {"C": 217.95319167959494, "epsilon": 0.9459595371377226, "gamma": 0.01507999949105051, "lamda": 0.43897276068609575}, "datetime": {"datetime": "2021-09-23 20:25:05", "elapsed": 391.969381, "delta": 1.424691}}
{"target": 0.46452945956129044, "params": {"C": 213.13437601548648, "epsilon": 0.8185524954214485, "gamma": 0.013885780685086203, "lamda": 0.598859927396775}, "datetime": {"datetime": "2021-09-23 20:25:08", "elapsed": 394.798797, "delta": 2.829416}}
{"target": 0.4685679944322787, "params": {"C": 210.86973678607268, "epsilon": 0.9113936266818282, "gamma": 0.008198850741653774, "lamda": 0.5728570736473944}, "datetime": {"datetime": "2021-09-23 20:25:10", "elapsed": 397.032324, "delta": 2.233527}}
{"target": 0.4582607235592062, "params": {"C": 213.0804454198225, "epsilon": 0.9032795575487658, "gamma": 0.02, "lamda": 0.5977691330321455}, "datetime": {"datetime": "2021-09-23 20:25:13", "elapsed": 400.278257, "delta": 3.245933}}
{"target": 0.4677555440228266, "params": {"C": 210.76817852237986, "epsilon": 0.9813437050278584, "gamma": 0.011569489987367114, "lamda": 0.5525314896514426}, "datetime": {"datetime": "2021-09-23 20:25:16", "elapsed": 403.158465, "delta": 2.880208}}
{"target": 0.4614889690788164, "params": {"C": 211.52219376553364, "epsilon": 0.9457608060363534, "gamma": 0.017841389387433352, "lamda": 0.5889454382240369}, "datetime": {"datetime": "2021-09-23 20:25:19", "elapsed": 406.050581, "delta": 2.892116}}
{"target": 0.44676435356808786, "params": {"C": 210.74300673071426, "epsilon": 0.8849332055431771, "gamma": 0.0015795950115817933, "lamda": 0.586696401910394}, "datetime": {"datetime": "2021-09-23 20:25:22", "elapsed": 408.801267, "delta": 2.750686}}
{"target": 0.464460857894749, "params": {"C": 211.39628255798186, "epsilon": 0.9029984983411781, "gamma": 0.004853081077539574, "lamda": 0.598872489402257}, "datetime": {"datetime": "2021-09-23 20:25:24", "elapsed": 411.164716, "delta": 2.363449}}
{"target": 0.4526703313012155, "params": {"C": 249.55805193405607, "epsilon": 0.7294676636738828, "gamma": 0.013730728043555268, "lamda": 0.3597610381557269}, "datetime": {"datetime": "2021-09-23 20:25:26", "elapsed": 413.394036, "delta": 2.22932}}
{"target": 0.46491587225491326, "params": {"C": 210.80656826326913, "epsilon": 0.8056195635166643, "gamma": 0.01158558961397693, "lamda": 0.5379322501547136}, "datetime": {"datetime": "2021-09-23 20:25:29", "elapsed": 416.456106, "delta": 3.06207}}
{"target": 0.46144433509148186, "params": {"C": 204.09951638035054, "epsilon": 0.6895121795949015, "gamma": 0.013647689132263566, "lamda": 0.5947109322594633}, "datetime": {"datetime": "2021-09-23 20:25:31", "elapsed": 418.161581, "delta": 1.705475}}
{"target": 0.45841313371275183, "params": {"C": 219.49879140033727, "epsilon": 0.9983324160764584, "gamma": 0.02, "lamda": 0.5407492758271439}, "datetime": {"datetime": "2021-09-23 20:25:34", "elapsed": 421.022107, "delta": 2.860526}}
{"target": 0.46067830639634577, "params": {"C": 210.89357774830614, "epsilon": 0.9019964649767026, "gamma": 0.003540688874828536, "lamda": 0.5581319645131753}, "datetime": {"datetime": "2021-09-23 20:25:37", "elapsed": 423.947547, "delta": 2.92544}}
{"target": 0.4352566449983237, "params": {"C": 218.44109266669045, "epsilon": 0.8110753387826684, "gamma": 0.018274717714421893, "lamda": 0.2681461919575642}, "datetime": {"datetime": "2021-09-23 20:25:38", "elapsed": 425.652839, "delta": 1.705292}}
{"target": 0.45964985021065863, "params": {"C": 211.50941033670694, "epsilon": 0.9264350205550806, "gamma": 0.016982971276938166, "lamda": 0.5063758440339362}, "datetime": {"datetime": "2021-09-23 20:25:41", "elapsed": 428.612682, "delta": 2.959843}}
{"target": 0.4677425918067164, "params": {"C": 231.3507790613317, "epsilon": 0.9209665010796462, "gamma": 0.010038760452374257, "lamda": 0.4839151626841791}, "datetime": {"datetime": "2021-09-23 20:25:45", "elapsed": 431.955171, "delta": 3.342489}}
{"target": 0.464567779903992, "params": {"C": 231.33053950025047, "epsilon": 0.9398489696557837, "gamma": 0.014185581408288503, "lamda": 0.50438889957483}, "datetime": {"datetime": "2021-09-23 20:25:47", "elapsed": 434.432417, "delta": 2.477246}}
{"target": 0.43973281784844587, "params": {"C": 205.70203253792528, "epsilon": 0.8468710601014564, "gamma": 0.0018182919890903726, "lamda": 0.20335186709691447}, "datetime": {"datetime": "2021-09-23 20:25:49", "elapsed": 436.087215, "delta": 1.654798}}
