{"target": -43.11820405120312, "params": {"C": 30.670929890246928, "epsilon": 0.6703107683951267, "gamma": 0.007322791787714061, "lamda": 0.9023310394750974}, "datetime": {"datetime": "2021-09-24 18:15:28", "elapsed": 845.40658, "delta": 4.222785}}
{"target": -44.40666350416991, "params": {"C": 43.246070619314445, "epsilon": 0.765737806291996, "gamma": 0.061602621261358986, "lamda": 1.1575660386908024}, "datetime": {"datetime": "2021-09-24 18:15:33", "elapsed": 850.473935, "delta": 5.067355}}
{"target": -46.167317083276906, "params": {"C": 48.12375992080775, "epsilon": 0.6967732287896495, "gamma": 0.001, "lamda": 0.31286794373200244}, "datetime": {"datetime": "2021-09-24 18:15:38", "elapsed": 855.178365, "delta": 4.70443}}
{"target": -50.122155220896126, "params": {"C": 5.663046101285153, "epsilon": 0.4546561927253639, "gamma": 0.09465025840702462, "lamda": 1.3591363728242922}, "datetime": {"datetime": "2021-09-24 18:15:40", "elapsed": 857.238572, "delta": 2.060207}}
{"target": -47.262957067240535, "params": {"C": 42.23631510690671, "epsilon": 0.7935984957625282, "gamma": 0.001, "lamda": 1.111608923873536}, "datetime": {"datetime": "2021-09-24 18:15:46", "elapsed": 863.5628, "delta": 6.324228}}
{"target": -44.0383742771669, "params": {"C": 30.647417505362583, "epsilon": 0.6895600134539074, "gamma": 0.04578438041297387, "lamda": 0.8808732289081601}, "datetime": {"datetime": "2021-09-24 18:15:51", "elapsed": 868.646715, "delta": 5.083915}}
{"target": -44.6474361367916, "params": {"C": 46.869089118678446, "epsilon": 0.1802579060076801, "gamma": 0.06312568162285638, "lamda": 1.1743207909164413}, "datetime": {"datetime": "2021-09-24 18:15:56", "elapsed": 873.326719, "delta": 4.680004}}
{"target": -43.9436274057103, "params": {"C": 41.58648240436146, "epsilon": 0.1237707133036343, "gamma": 0.04476922603139612, "lamda": 1.3437375799458706}, "datetime": {"datetime": "2021-09-24 18:15:58", "elapsed": 875.731553, "delta": 2.404834}}
{"target": -43.15630415899523, "params": {"C": 32.624079832399815, "epsilon": 0.33298587168055144, "gamma": 0.012486785126951911, "lamda": 1.1464961302596193}, "datetime": {"datetime": "2021-09-24 18:16:01", "elapsed": 878.125285, "delta": 2.393732}}
{"target": -44.68159495665344, "params": {"C": 38.79471152007056, "epsilon": 0.021731197410042098, "gamma": 0.06373117525770126, "lamda": 1.123457019925379}, "datetime": {"datetime": "2021-09-24 18:35:27", "elapsed": 0.0, "delta": 0.0}}
{"target": -43.51469657139414, "params": {"C": 25.42684360282693, "epsilon": 0.2255718488853168, "gamma": 0.020608223611202774, "lamda": 1.141035537586239}, "datetime": {"datetime": "2021-09-24 18:35:28", "elapsed": 0.406412, "delta": 0.406412}}
{"target": -46.48040576051623, "params": {"C": 9.286430991564236, "epsilon": 0.08925147435983626, "gamma": 0.06885062201841192, "lamda": 1.4301366259462098}, "datetime": {"datetime": "2021-09-24 18:35:28", "elapsed": 0.851837, "delta": 0.445425}}
{"target": -56.32302836336078, "params": {"C": 1.1934650500678081, "epsilon": 0.5126800711223909, "gamma": 0.08144947520355925, "lamda": 0.919176574177253}, "datetime": {"datetime": "2021-09-24 18:35:29", "elapsed": 1.377183, "delta": 0.525346}}
{"target": -45.595177481646246, "params": {"C": 36.36601055415818, "epsilon": 0.2925841921024625, "gamma": 0.09185963812878141, "lamda": 1.0721490993131382}, "datetime": {"datetime": "2021-09-24 18:35:29", "elapsed": 1.780112, "delta": 0.402929}}
{"target": -50.518565969446904, "params": {"C": 18.050061709513166, "epsilon": 0.001, "gamma": 0.001, "lamda": 0.001}, "datetime": {"datetime": "2021-09-24 18:35:30", "elapsed": 2.607132, "delta": 0.82702}}
{"target": -45.921573898574586, "params": {"C": 29.546847636056896, "epsilon": 1.0, "gamma": 0.1, "lamda": 0.001}, "datetime": {"datetime": "2021-09-24 18:35:31", "elapsed": 3.273542, "delta": 0.66641}}
{"target": -45.781415921675254, "params": {"C": 45.22710342280925, "epsilon": 1.0, "gamma": 0.1, "lamda": 0.001}, "datetime": {"datetime": "2021-09-24 18:35:31", "elapsed": 3.799286, "delta": 0.525744}}
{"target": -46.02068358849298, "params": {"C": 50.0, "epsilon": 0.001, "gamma": 0.001, "lamda": 1.5}, "datetime": {"datetime": "2021-09-24 18:35:32", "elapsed": 4.499328, "delta": 0.700042}}
{"target": -45.797660834218, "params": {"C": 23.398721210688386, "epsilon": 1.0, "gamma": 0.1, "lamda": 0.001}, "datetime": {"datetime": "2021-09-24 18:35:32", "elapsed": 4.98375, "delta": 0.484422}}
{"target": -48.13323191997748, "params": {"C": 41.98573220075148, "epsilon": 1.0, "gamma": 0.001, "lamda": 1.5}, "datetime": {"datetime": "2021-09-24 18:35:33", "elapsed": 5.436824, "delta": 0.453074}}
{"target": -44.439622854173535, "params": {"C": 27.537573636398932, "epsilon": 0.039338178092685805, "gamma": 0.05287944367353689, "lamda": 1.4890066530588297}, "datetime": {"datetime": "2021-09-24 18:35:33", "elapsed": 5.983701, "delta": 0.546877}}
{"target": -47.38142555140817, "params": {"C": 12.820090192859935, "epsilon": 1.0, "gamma": 0.1, "lamda": 1.5}, "datetime": {"datetime": "2021-09-24 18:35:34", "elapsed": 6.430729, "delta": 0.447028}}
{"target": -45.37733220611941, "params": {"C": 26.568616768609285, "epsilon": 0.9932774083515282, "gamma": 0.08555551502738008, "lamda": 0.05615843813776294}, "datetime": {"datetime": "2021-09-24 18:35:34", "elapsed": 6.961943, "delta": 0.531214}}
{"target": -47.75459142774513, "params": {"C": 32.276297224853096, "epsilon": 0.001, "gamma": 0.001, "lamda": 1.5}, "datetime": {"datetime": "2021-09-24 18:35:35", "elapsed": 7.571357, "delta": 0.609414}}
{"target": -44.95425292960094, "params": {"C": 23.658437426874404, "epsilon": 0.08894353105416436, "gamma": 0.07158666903720122, "lamda": 1.4928601231177934}, "datetime": {"datetime": "2021-09-24 18:35:36", "elapsed": 8.097136, "delta": 0.525779}}
{"target": -43.6449763232603, "params": {"C": 48.1691771453026, "epsilon": 0.956375682449784, "gamma": 0.03134465035401109, "lamda": 0.03465529016672143}, "datetime": {"datetime": "2021-09-24 18:35:36", "elapsed": 8.71059, "delta": 0.613454}}
{"target": -46.232750370184576, "params": {"C": 47.064549683575436, "epsilon": 0.001, "gamma": 0.001, "lamda": 1.5}, "datetime": {"datetime": "2021-09-24 18:35:37", "elapsed": 9.429342, "delta": 0.718752}}
{"target": -47.052359806640375, "params": {"C": 38.27046719961883, "epsilon": 1.0, "gamma": 0.001, "lamda": 0.001}, "datetime": {"datetime": "2021-09-24 18:35:37", "elapsed": 10.023092, "delta": 0.59375}}
{"target": -45.752526333093954, "params": {"C": 50.0, "epsilon": 1.0, "gamma": 0.1, "lamda": 0.001}, "datetime": {"datetime": "2021-09-24 18:35:38", "elapsed": 10.579677, "delta": 0.556585}}
{"target": -49.54258412175439, "params": {"C": 25.523072391719197, "epsilon": 1.0, "gamma": 0.001, "lamda": 1.5}, "datetime": {"datetime": "2021-09-24 18:35:38", "elapsed": 11.064048, "delta": 0.484371}}
{"target": -44.98609131313402, "params": {"C": 45.14499723903787, "epsilon": 0.995875312503721, "gamma": 0.07249001683757408, "lamda": 0.0028084244250312597}, "datetime": {"datetime": "2021-09-24 18:35:39", "elapsed": 11.470301, "delta": 0.406253}}
{"target": -43.49270380270946, "params": {"C": 25.645348209305727, "epsilon": 0.0230618206798978, "gamma": 0.0133900440571589, "lamda": 0.9283918218003422}, "datetime": {"datetime": "2021-09-24 18:35:40", "elapsed": 12.510955, "delta": 1.040654}}
{"target": -44.24504225461462, "params": {"C": 24.001162709451666, "epsilon": 0.9673346931028696, "gamma": 0.04526290024357037, "lamda": 0.24048032811787323}, "datetime": {"datetime": "2021-09-24 18:35:40", "elapsed": 12.989807, "delta": 0.478852}}
{"target": -44.0677716514395, "params": {"C": 25.09935343665862, "epsilon": 0.001, "gamma": 0.04024416979612636, "lamda": 0.7671533493569753}, "datetime": {"datetime": "2021-09-24 18:35:41", "elapsed": 13.742345, "delta": 0.752538}}
{"target": -46.37950695868913, "params": {"C": 16.216024883609133, "epsilon": 0.33600185467739285, "gamma": 0.09968428145914938, "lamda": 0.6722811220105865}, "datetime": {"datetime": "2021-09-24 18:35:42", "elapsed": 14.138069, "delta": 0.395724}}
{"target": -45.17357153232819, "params": {"C": 44.43810370129274, "epsilon": 0.7669219727856489, "gamma": 0.07980677837580788, "lamda": 0.1127476637240512}, "datetime": {"datetime": "2021-09-24 18:35:42", "elapsed": 14.9488, "delta": 0.810731}}
{"target": -44.00606568423625, "params": {"C": 24.240770395116407, "epsilon": 0.3953262418225018, "gamma": 0.037825193917283687, "lamda": 0.7605976288308093}, "datetime": {"datetime": "2021-09-24 18:35:43", "elapsed": 15.808173, "delta": 0.859373}}
{"target": -44.72643810191634, "params": {"C": 35.7758639582296, "epsilon": 0.20895946070078605, "gamma": 0.06436024933277275, "lamda": 0.9808292778671055}, "datetime": {"datetime": "2021-09-24 18:35:44", "elapsed": 16.198845, "delta": 0.390672}}
{"target": -45.43041671268063, "params": {"C": 30.012211712830894, "epsilon": 0.7783929548149774, "gamma": 0.08383931230551202, "lamda": 0.9526177018972649}, "datetime": {"datetime": "2021-09-24 18:35:44", "elapsed": 16.625984, "delta": 0.427139}}
{"target": -49.22144971149772, "params": {"C": 15.026422908581198, "epsilon": 0.47651359662465886, "gamma": 0.0015875296640146127, "lamda": 0.01945284504424249}, "datetime": {"datetime": "2021-09-24 18:35:45", "elapsed": 17.311201, "delta": 0.685217}}
{"target": -43.4887778024766, "params": {"C": 24.778766220737307, "epsilon": 0.6848664336885932, "gamma": 0.018179594295351396, "lamda": 0.22466928037986744}, "datetime": {"datetime": "2021-09-24 18:35:46", "elapsed": 18.107673, "delta": 0.796472}}
{"target": -45.35604554794916, "params": {"C": 24.24238626378818, "epsilon": 0.2981471518272413, "gamma": 0.08607114586926055, "lamda": 0.03248920328957075}, "datetime": {"datetime": "2021-09-24 18:35:47", "elapsed": 19.184418, "delta": 1.076745}}
{"target": -48.95070315679131, "params": {"C": 25.58000212247962, "epsilon": 0.44444777096459787, "gamma": 0.001, "lamda": 0.11309739774724112}, "datetime": {"datetime": "2021-09-24 18:35:48", "elapsed": 20.326659, "delta": 1.142241}}
{"target": -49.20233088854958, "params": {"C": 24.54501001592362, "epsilon": 1.0, "gamma": 0.001, "lamda": 0.6723794320973887}, "datetime": {"datetime": "2021-09-24 18:35:49", "elapsed": 21.332538, "delta": 1.005879}}
{"target": -45.745817526567336, "params": {"C": 24.63694641687432, "epsilon": 0.22588802078002945, "gamma": 0.0946069572212648, "lamda": 0.44064077533249135}, "datetime": {"datetime": "2021-09-24 18:35:50", "elapsed": 22.24072, "delta": 0.908182}}
{"target": -48.91001848253332, "params": {"C": 25.693188688000117, "epsilon": 0.001, "gamma": 0.001, "lamda": 1.3390203921601305}, "datetime": {"datetime": "2021-09-24 18:35:51", "elapsed": 23.687231, "delta": 1.446511}}
{"target": -43.40895716529005, "params": {"C": 25.431980468070634, "epsilon": 0.28076313318596036, "gamma": 0.016786676492953803, "lamda": 1.1282223560646822}, "datetime": {"datetime": "2021-09-24 18:35:52", "elapsed": 24.149356, "delta": 0.462125}}
{"target": -45.304813459210344, "params": {"C": 32.3950520933587, "epsilon": 0.06728918851559694, "gamma": 0.08154960214715547, "lamda": 1.3474465846237234}, "datetime": {"datetime": "2021-09-24 18:35:52", "elapsed": 24.600081, "delta": 0.450725}}
{"target": -43.89072185321867, "params": {"C": 25.44426227872944, "epsilon": 0.21265827739156085, "gamma": 0.031538116104834535, "lamda": 0.8234945037015434}, "datetime": {"datetime": "2021-09-24 18:35:53", "elapsed": 25.157031, "delta": 0.55695}}
{"target": -48.36937694396065, "params": {"C": 8.53034526735251, "epsilon": 0.7933931066577246, "gamma": 0.09271520159928501, "lamda": 0.3488340604769027}, "datetime": {"datetime": "2021-09-24 18:35:53", "elapsed": 25.60519, "delta": 0.448159}}
{"target": -44.9609218512108, "params": {"C": 25.071602545605632, "epsilon": 0.2615098245086449, "gamma": 0.07117076404272862, "lamda": 1.1108895417557787}, "datetime": {"datetime": "2021-09-24 18:35:54", "elapsed": 26.255714, "delta": 0.650524}}
{"target": -44.870289168789675, "params": {"C": 24.638191429287396, "epsilon": 0.8625285997200863, "gamma": 0.0721052106693334, "lamda": 0.0018946704109215526}, "datetime": {"datetime": "2021-09-24 18:35:55", "elapsed": 27.112592, "delta": 0.856878}}
{"target": -44.64562934440032, "params": {"C": 23.82034731074475, "epsilon": 0.5895479150752293, "gamma": 0.059386896529528624, "lamda": 0.44085023488574326}, "datetime": {"datetime": "2021-09-24 18:35:55", "elapsed": 27.78534, "delta": 0.672748}}
{"target": -45.135768719440605, "params": {"C": 42.38894288659717, "epsilon": 0.7151348919531788, "gamma": 0.07623080184619944, "lamda": 0.427250838746367}, "datetime": {"datetime": "2021-09-24 18:35:56", "elapsed": 28.227287, "delta": 0.441947}}
{"target": -43.18920469409404, "params": {"C": 48.08020346843599, "epsilon": 0.6675773656867259, "gamma": 0.015388876810208035, "lamda": 0.2691293840963264}, "datetime": {"datetime": "2021-09-24 18:35:56", "elapsed": 28.916716, "delta": 0.689429}}
{"target": -47.104040697863184, "params": {"C": 6.284157840879996, "epsilon": 0.22168132914237512, "gamma": 0.05504902275714166, "lamda": 0.7862800814453808}, "datetime": {"datetime": "2021-09-24 18:35:57", "elapsed": 29.399767, "delta": 0.483051}}
{"target": -43.14802786581431, "params": {"C": 47.78455777643486, "epsilon": 0.8998106115868224, "gamma": 0.007610281900758548, "lamda": 0.19199715893143032}, "datetime": {"datetime": "2021-09-24 18:35:58", "elapsed": 30.283939, "delta": 0.884172}}
{"target": -45.5722769925972, "params": {"C": 48.04412082998895, "epsilon": 1.0, "gamma": 0.1, "lamda": 0.45538132325906105}, "datetime": {"datetime": "2021-09-24 18:35:58", "elapsed": 31.047945, "delta": 0.764006}}
{"target": -46.07575556192887, "params": {"C": 47.860432192292464, "epsilon": 0.6019102962722408, "gamma": 0.001, "lamda": 0.001}, "datetime": {"datetime": "2021-09-24 18:35:59", "elapsed": 32.020266, "delta": 0.972321}}
{"target": -44.1792432359489, "params": {"C": 27.51663115848395, "epsilon": 0.03446542356729625, "gamma": 0.04442368388308188, "lamda": 1.4895440388627788}, "datetime": {"datetime": "2021-09-24 18:36:00", "elapsed": 32.534454, "delta": 0.514188}}
{"target": -43.50619624003413, "params": {"C": 48.38620388894168, "epsilon": 0.775077388816994, "gamma": 0.032393189874283385, "lamda": 0.24827585236401742}, "datetime": {"datetime": "2021-09-24 18:36:01", "elapsed": 33.301445, "delta": 0.766991}}
{"target": -46.13173989571047, "params": {"C": 48.335123760551724, "epsilon": 0.4219662884020621, "gamma": 0.001, "lamda": 0.4325022807691722}, "datetime": {"datetime": "2021-09-24 18:36:02", "elapsed": 34.106001, "delta": 0.804556}}
{"target": -43.731007560028736, "params": {"C": 27.237227750307596, "epsilon": 0.08122611687079091, "gamma": 0.026018702339435953, "lamda": 1.1870706596704232}, "datetime": {"datetime": "2021-09-24 18:36:03", "elapsed": 35.16659, "delta": 1.060589}}
{"target": -44.292514789176344, "params": {"C": 27.338220879199294, "epsilon": 0.3337876013872754, "gamma": 0.051004558362191275, "lamda": 1.478098291131736}, "datetime": {"datetime": "2021-09-24 18:36:03", "elapsed": 35.870799, "delta": 0.704209}}
{"target": -43.7309907656929, "params": {"C": 26.900597599407998, "epsilon": 0.1627182111796374, "gamma": 0.029051204682365578, "lamda": 1.4676019722226101}, "datetime": {"datetime": "2021-09-24 18:36:04", "elapsed": 36.989488, "delta": 1.118689}}
{"target": -44.86282329735849, "params": {"C": 23.843395958886546, "epsilon": 0.11402303066216775, "gamma": 0.06849874981791541, "lamda": 0.8169993245768276}, "datetime": {"datetime": "2021-09-24 18:36:05", "elapsed": 37.849435, "delta": 0.859947}}
{"target": -46.240899659556376, "params": {"C": 47.414266239878174, "epsilon": 1.0, "gamma": 0.001, "lamda": 0.2944864999061029}, "datetime": {"datetime": "2021-09-24 18:36:06", "elapsed": 38.786046, "delta": 0.936611}}
{"target": -44.15947052771514, "params": {"C": 26.839219797777616, "epsilon": 0.23881671677404404, "gamma": 0.046379834822834407, "lamda": 1.067384806179799}, "datetime": {"datetime": "2021-09-24 18:36:07", "elapsed": 39.645234, "delta": 0.859188}}
{"target": -48.90065995767118, "params": {"C": 26.909598153291224, "epsilon": 0.5947846112165647, "gamma": 0.001, "lamda": 1.34656857771918}, "datetime": {"datetime": "2021-09-24 18:36:08", "elapsed": 40.309163, "delta": 0.663929}}
{"target": -44.266729051760564, "params": {"C": 26.71876546231417, "epsilon": 0.036395465015770456, "gamma": 0.0472395207174925, "lamda": 1.2453491007437887}, "datetime": {"datetime": "2021-09-24 18:36:09", "elapsed": 41.245093, "delta": 0.93593}}
{"target": -49.11816703152003, "params": {"C": 24.20448971301167, "epsilon": 0.22492039193194976, "gamma": 0.001, "lamda": 1.1723872204070804}, "datetime": {"datetime": "2021-09-24 18:36:10", "elapsed": 42.464478, "delta": 1.219385}}
{"target": -46.06651712273877, "params": {"C": 48.59218588744895, "epsilon": 0.9815676829550529, "gamma": 0.001, "lamda": 0.001}, "datetime": {"datetime": "2021-09-24 18:36:11", "elapsed": 43.511803, "delta": 1.047325}}
{"target": -43.59019333397327, "params": {"C": 38.69147849788694, "epsilon": 0.1886021907944591, "gamma": 0.029786286127549806, "lamda": 1.0705088406255379}, "datetime": {"datetime": "2021-09-24 18:36:11", "elapsed": 44.050902, "delta": 0.539099}}
{"target": -45.29616431538213, "params": {"C": 38.415304905205396, "epsilon": 0.39856526165355405, "gamma": 0.08127649023127038, "lamda": 0.3488622993834161}, "datetime": {"datetime": "2021-09-24 18:36:12", "elapsed": 44.604408, "delta": 0.553506}}
{"target": -45.588919047944806, "params": {"C": 42.44805174848712, "epsilon": 0.23373402703511997, "gamma": 0.09272659833841258, "lamda": 1.3538657604336426}, "datetime": {"datetime": "2021-09-24 18:36:13", "elapsed": 45.087716, "delta": 0.483308}}
{"target": -45.806893192770346, "params": {"C": 38.81478203964903, "epsilon": 0.4151953501250566, "gamma": 0.1, "lamda": 0.8296237038863709}, "datetime": {"datetime": "2021-09-24 18:36:13", "elapsed": 45.897846, "delta": 0.81013}}
{"target": -45.617123770529695, "params": {"C": 21.657382074456798, "epsilon": 0.7626931762068215, "gamma": 0.08424358533864049, "lamda": 0.8035780734157376}, "datetime": {"datetime": "2021-09-24 18:36:14", "elapsed": 46.378678, "delta": 0.480832}}
{"target": -44.779280738217196, "params": {"C": 27.237923884804445, "epsilon": 0.061167454803716825, "gamma": 0.06639409915423045, "lamda": 1.4870564106711779}, "datetime": {"datetime": "2021-09-24 18:36:15", "elapsed": 47.374349, "delta": 0.995671}}
{"target": -43.72707065493336, "params": {"C": 38.385418694598854, "epsilon": 0.09092341284112733, "gamma": 0.025260295495960622, "lamda": 0.9662686109336172}, "datetime": {"datetime": "2021-09-24 18:36:16", "elapsed": 48.16392, "delta": 0.789571}}
{"target": -47.1347483587802, "params": {"C": 38.436622323144235, "epsilon": 0.2390311029263931, "gamma": 0.001, "lamda": 1.2852007846679343}, "datetime": {"datetime": "2021-09-24 18:36:17", "elapsed": 49.149593, "delta": 0.985673}}
{"target": -47.02644163095662, "params": {"C": 38.61598041622538, "epsilon": 0.02029269354681407, "gamma": 0.001, "lamda": 0.7898910151936447}, "datetime": {"datetime": "2021-09-24 18:36:18", "elapsed": 50.242734, "delta": 1.093141}}
{"target": -44.61686254404941, "params": {"C": 47.955629502722886, "epsilon": 0.8658504431814938, "gamma": 0.06453223698050885, "lamda": 0.13860553079841295}, "datetime": {"datetime": "2021-09-24 18:36:18", "elapsed": 50.935284, "delta": 0.69255}}
{"target": -44.18907670251046, "params": {"C": 20.205575990248597, "epsilon": 0.009253851895886064, "gamma": 0.005494458227009835, "lamda": 0.926713814956237}, "datetime": {"datetime": "2021-09-24 18:36:19", "elapsed": 51.637559, "delta": 0.702275}}
{"target": -45.3784613531954, "params": {"C": 47.75349232528452, "epsilon": 0.745238152679825, "gamma": 0.08450648257193528, "lamda": 0.32848393859526415}, "datetime": {"datetime": "2021-09-24 18:36:20", "elapsed": 52.41859, "delta": 0.781031}}
{"target": -43.59620209762254, "params": {"C": 18.82509350879211, "epsilon": 0.7156549843862755, "gamma": 0.01180397783664993, "lamda": 1.3744647366759863}, "datetime": {"datetime": "2021-09-24 18:36:20", "elapsed": 52.920166, "delta": 0.501576}}
{"target": -43.77370437174861, "params": {"C": 25.75826608211769, "epsilon": 0.23167233610609744, "gamma": 0.027576333552204065, "lamda": 0.86820941461367}, "datetime": {"datetime": "2021-09-24 18:36:21", "elapsed": 53.707304, "delta": 0.787138}}
{"target": -43.81637529254501, "params": {"C": 48.21789562254836, "epsilon": 0.658149794038809, "gamma": 0.03804329261702033, "lamda": 0.024185454320724963}, "datetime": {"datetime": "2021-09-24 18:36:22", "elapsed": 54.885564, "delta": 1.17826}}
{"target": -43.18811108330809, "params": {"C": 46.421936773689396, "epsilon": 0.9522555742455784, "gamma": 0.009560741843880022, "lamda": 0.1531489315219892}, "datetime": {"datetime": "2021-09-24 18:36:23", "elapsed": 55.528428, "delta": 0.642864}}
{"target": -43.82142410656794, "params": {"C": 22.133040129062696, "epsilon": 0.42993448521450595, "gamma": 0.031979752048734725, "lamda": 1.100409059196101}, "datetime": {"datetime": "2021-09-24 18:36:24", "elapsed": 56.100327, "delta": 0.571899}}
{"target": -50.99997683319181, "params": {"C": 2.525722933348974, "epsilon": 0.5810209895669107, "gamma": 0.009853532179479239, "lamda": 0.3249028808397869}, "datetime": {"datetime": "2021-09-24 18:36:24", "elapsed": 56.794168, "delta": 0.693841}}
{"target": -43.764148306612206, "params": {"C": 46.260705853983765, "epsilon": 0.7466656717314634, "gamma": 0.04000376821023699, "lamda": 0.19921130524349778}, "datetime": {"datetime": "2021-09-24 18:36:25", "elapsed": 57.827583, "delta": 1.033415}}
{"target": -44.163761532939816, "params": {"C": 27.22703732552278, "epsilon": 0.055412413725487414, "gamma": 0.04363799465408098, "lamda": 1.4927205293181625}, "datetime": {"datetime": "2021-09-24 18:36:26", "elapsed": 58.367973, "delta": 0.54039}}
