{"target": -42.21104607003013, "params": {"C": 124.9301446547827, "epsilon": 0.7309715484972455, "gamma": 0.00500313463515789, "lamda": 0.8101673061959035}, "datetime": {"datetime": "2021-09-24 19:23:22", "elapsed": 686.522656, "delta": 4.356237}}
{"target": -44.81292305151283, "params": {"C": 123.33543771943846, "epsilon": 0.7026677897967308, "gamma": 0.08164223378678669, "lamda": 1.4659854867428963}, "datetime": {"datetime": "2021-09-24 19:23:24", "elapsed": 688.87394, "delta": 2.351284}}
{"target": -45.451983762547776, "params": {"C": 141.14552007720627, "epsilon": 0.6113174075214401, "gamma": 0.08694277930929124, "lamda": 0.6158056451598487}, "datetime": {"datetime": "2021-09-24 19:23:27", "elapsed": 691.284075, "delta": 2.410135}}
{"target": -43.36698942470218, "params": {"C": 137.93858407285194, "epsilon": 0.6525728207871202, "gamma": 0.02159311948835013, "lamda": 0.5579522660720779}, "datetime": {"datetime": "2021-09-24 19:23:29", "elapsed": 693.709239, "delta": 2.425164}}
{"target": -42.65662870478802, "params": {"C": 145.42609658274674, "epsilon": 0.7036997945721549, "gamma": 0.01135403640135028, "lamda": 0.5711177246535846}, "datetime": {"datetime": "2021-09-24 19:23:32", "elapsed": 696.094105, "delta": 2.384866}}
{"target": -42.27793284912597, "params": {"C": 118.19891300196794, "epsilon": 0.7799698836209743, "gamma": 0.010911454964955828, "lamda": 1.6506628375922028}, "datetime": {"datetime": "2021-09-24 19:23:36", "elapsed": 700.080492, "delta": 3.986387}}
{"target": -43.635291041821645, "params": {"C": 117.12566959458327, "epsilon": 0.38022108795022275, "gamma": 0.032094895938048845, "lamda": 0.6498718215686142}, "datetime": {"datetime": "2021-09-24 19:23:38", "elapsed": 702.486143, "delta": 2.405651}}
{"target": -42.60509644215299, "params": {"C": 124.25888428233881, "epsilon": 0.7967871647990934, "gamma": 0.0050044247291511764, "lamda": 1.5184906691237654}, "datetime": {"datetime": "2021-09-24 19:23:43", "elapsed": 707.188007, "delta": 4.701864}}
{"target": -43.265760995358775, "params": {"C": 137.2485402973584, "epsilon": 0.4991108155028511, "gamma": 0.042075473377549626, "lamda": 1.6653518909644391}, "datetime": {"datetime": "2021-09-24 19:23:45", "elapsed": 709.704532, "delta": 2.516525}}
{"target": -44.13172714376473, "params": {"C": 124.86689620292532, "epsilon": 0.7618757358410141, "gamma": 0.060968256039057284, "lamda": 0.9167778232564666}, "datetime": {"datetime": "2021-09-24 19:23:50", "elapsed": 714.334555, "delta": 4.630023}}
{"target": -42.12553458465939, "params": {"C": 124.93190810616557, "epsilon": 0.950611735943113, "gamma": 0.009519560343094684, "lamda": 1.1117826301079907}, "datetime": {"datetime": "2021-09-24 19:23:56", "elapsed": 719.940551, "delta": 5.605996}}
{"target": -42.728171415763285, "params": {"C": 124.399673832144, "epsilon": 0.9775831771943069, "gamma": 0.02421507371728205, "lamda": 1.3620490896958606}, "datetime": {"datetime": "2021-09-24 19:24:00", "elapsed": 724.776733, "delta": 4.836182}}
{"target": -45.776953990954325, "params": {"C": 132.42299899906146, "epsilon": 0.9984557625751758, "gamma": 0.09438971109151767, "lamda": 0.41593802322149065}, "datetime": {"datetime": "2021-09-24 19:24:03", "elapsed": 727.163153, "delta": 2.38642}}
{"target": -42.96806217729623, "params": {"C": 102.92022026734124, "epsilon": 0.9102456754049857, "gamma": 0.03098144543823633, "lamda": 1.4089397346917376}, "datetime": {"datetime": "2021-09-24 19:24:05", "elapsed": 729.584524, "delta": 2.421371}}
{"target": -42.22470946821293, "params": {"C": 124.32594367115883, "epsilon": 0.8262417152167134, "gamma": 0.010733517934829014, "lamda": 1.4416707032840772}, "datetime": {"datetime": "2021-09-24 19:24:10", "elapsed": 734.302495, "delta": 4.717971}}
{"target": -45.15420708177305, "params": {"C": 118.08846481826096, "epsilon": 0.5405341002089123, "gamma": 0.0828903526320815, "lamda": 0.7265412947249499}, "datetime": {"datetime": "2021-09-24 19:24:13", "elapsed": 737.111069, "delta": 2.808574}}
{"target": -43.2495582270236, "params": {"C": 144.9990565191219, "epsilon": 0.84421633283288, "gamma": 0.04091326980361183, "lamda": 1.2419709677091484}, "datetime": {"datetime": "2021-09-24 19:24:15", "elapsed": 739.595715, "delta": 2.484646}}
{"target": -44.2583839574962, "params": {"C": 138.5660321633373, "epsilon": 0.31452636455158106, "gamma": 0.06373117525770126, "lamda": 1.8232058238079178}, "datetime": {"datetime": "2021-09-24 19:28:28", "elapsed": 0.0, "delta": 0.0}}
{"target": -42.52789727789625, "params": {"C": 124.92535061512952, "epsilon": 0.45735765187159333, "gamma": 0.020608223611202774, "lamda": 1.8407960682984383}, "datetime": {"datetime": "2021-09-24 19:28:28", "elapsed": 0.301498, "delta": 0.301498}}
{"target": -44.373481521388605, "params": {"C": 108.45554182812677, "epsilon": 0.36183786992180716, "gamma": 0.06885062201841192, "lamda": 2.130090019292405}, "datetime": {"datetime": "2021-09-24 19:28:29", "elapsed": 0.555545, "delta": 0.254047}}
{"target": -44.81280773408671, "params": {"C": 100.19741331639572, "epsilon": 0.6585345843700436, "gamma": 0.08144947520355925, "lamda": 1.6187891002440824}, "datetime": {"datetime": "2021-09-24 19:28:29", "elapsed": 0.787386, "delta": 0.231841}}
{"target": -45.27757312603539, "params": {"C": 136.08776587158997, "epsilon": 0.5043132477194432, "gamma": 0.09185963812878141, "lamda": 1.771863675096536}, "datetime": {"datetime": "2021-09-24 19:28:29", "elapsed": 1.041354, "delta": 0.253968}}
{"target": -42.699377280625725, "params": {"C": 125.74668119361007, "epsilon": 0.44122386501737065, "gamma": 0.0241903201077373, "lamda": 1.7180194384652108}, "datetime": {"datetime": "2021-09-24 19:28:30", "elapsed": 1.589656, "delta": 0.548302}}
{"target": -45.83368324560591, "params": {"C": 120.80457359108365, "epsilon": 1.0, "gamma": 0.1, "lamda": 0.7}, "datetime": {"datetime": "2021-09-24 19:28:30", "elapsed": 2.190347, "delta": 0.600691}}
{"target": -44.45720903056581, "params": {"C": 124.97900602754397, "epsilon": 0.8881390147763233, "gamma": 0.06839246131861829, "lamda": 0.7277020609937674}, "datetime": {"datetime": "2021-09-24 19:28:31", "elapsed": 2.728006, "delta": 0.537659}}
{"target": -43.9770685819277, "params": {"C": 125.46965911469991, "epsilon": 0.8400125274608212, "gamma": 0.05313545674411096, "lamda": 2.196446011812296}, "datetime": {"datetime": "2021-09-24 19:28:31", "elapsed": 3.253527, "delta": 0.525521}}
{"target": -43.59177431584901, "params": {"C": 125.31154495265133, "epsilon": 0.43450716983017035, "gamma": 0.0014678925766641589, "lamda": 1.5041310240673775}, "datetime": {"datetime": "2021-09-24 19:28:32", "elapsed": 3.618117, "delta": 0.36459}}
{"target": -42.99673865359255, "params": {"C": 124.63271057137874, "epsilon": 0.6388354623282237, "gamma": 0.03179450386713572, "lamda": 1.9911736708958463}, "datetime": {"datetime": "2021-09-24 19:28:32", "elapsed": 4.01892, "delta": 0.400803}}
{"target": -44.78911178019305, "params": {"C": 126.2142594283865, "epsilon": 0.32622773764610186, "gamma": 0.07883766060278048, "lamda": 1.938547372603784}, "datetime": {"datetime": "2021-09-24 19:28:33", "elapsed": 4.441024, "delta": 0.422104}}
{"target": -44.61478813957924, "params": {"C": 124.92782516520683, "epsilon": 0.45800846146003305, "gamma": 0.07753433224059877, "lamda": 1.798626727716675}, "datetime": {"datetime": "2021-09-24 19:28:33", "elapsed": 4.795265, "delta": 0.354241}}
{"target": -43.448209917601254, "params": {"C": 137.75109580876332, "epsilon": 0.6010297053273908, "gamma": 0.04475618359825633, "lamda": 1.2099540090060414}, "datetime": {"datetime": "2021-09-24 19:28:33", "elapsed": 5.111842, "delta": 0.316577}}
{"target": -42.527640565315146, "params": {"C": 133.48202316404846, "epsilon": 0.4764846373132246, "gamma": 0.021053177435111353, "lamda": 2.1281723618920068}, "datetime": {"datetime": "2021-09-24 19:28:34", "elapsed": 5.427967, "delta": 0.316125}}
{"target": -42.07818764325119, "params": {"C": 135.79395339315687, "epsilon": 0.4873443925503619, "gamma": 0.00996902858563482, "lamda": 1.7506970835500975}, "datetime": {"datetime": "2021-09-24 19:28:34", "elapsed": 5.770281, "delta": 0.342314}}
{"target": -43.86269388520315, "params": {"C": 111.72990463729201, "epsilon": 0.39121004782464747, "gamma": 0.054878813776854767, "lamda": 1.9446464197218956}, "datetime": {"datetime": "2021-09-24 19:28:34", "elapsed": 6.097602, "delta": 0.327321}}
{"target": -44.14179916009966, "params": {"C": 120.24619350359917, "epsilon": 0.33079326397723086, "gamma": 0.05945315477722209, "lamda": 1.7811516657464022}, "datetime": {"datetime": "2021-09-24 19:28:35", "elapsed": 6.429784, "delta": 0.332182}}
{"target": -44.17893387924877, "params": {"C": 123.94645340753996, "epsilon": 0.5986757681358206, "gamma": 0.06428896170535166, "lamda": 2.134866132319065}, "datetime": {"datetime": "2021-09-24 19:28:35", "elapsed": 6.732182, "delta": 0.302398}}
{"target": -42.34698312873989, "params": {"C": 113.94914145661032, "epsilon": 0.6269256740950556, "gamma": 0.015362216645083429, "lamda": 1.5808131921995625}, "datetime": {"datetime": "2021-09-24 19:28:35", "elapsed": 7.036366, "delta": 0.304184}}
{"target": -43.716609382260984, "params": {"C": 131.3674858335014, "epsilon": 0.8848739276899573, "gamma": 0.05051771153703542, "lamda": 1.6003485821486818}, "datetime": {"datetime": "2021-09-24 19:28:36", "elapsed": 7.400191, "delta": 0.363825}}
{"target": -42.90627131909943, "params": {"C": 132.00248864064386, "epsilon": 0.4847315937070341, "gamma": 0.016441444925150844, "lamda": 0.9400613258735431}, "datetime": {"datetime": "2021-09-24 19:28:36", "elapsed": 7.770827, "delta": 0.370636}}
{"target": -45.658333343921626, "params": {"C": 103.19021067246987, "epsilon": 0.5704847072802339, "gamma": 0.09880686576204636, "lamda": 1.0264814115956975}, "datetime": {"datetime": "2021-09-24 19:28:36", "elapsed": 8.096189, "delta": 0.325362}}
{"target": -43.401172867636035, "params": {"C": 123.47057419331803, "epsilon": 0.9771113965685772, "gamma": 0.04526290024357037, "lamda": 0.9396400881766577}, "datetime": {"datetime": "2021-09-24 19:28:37", "elapsed": 8.487767, "delta": 0.391578}}
{"target": -45.679307873527875, "params": {"C": 126.56791333285832, "epsilon": 0.43774983392421485, "gamma": 0.09449940819995063, "lamda": 0.9975221304344011}, "datetime": {"datetime": "2021-09-24 19:28:37", "elapsed": 8.873427, "delta": 0.38566}}
{"target": -45.770242915436896, "params": {"C": 115.52655600368278, "epsilon": 0.5347360343084835, "gamma": 0.09968428145914938, "lamda": 1.3717289413047897}, "datetime": {"datetime": "2021-09-24 19:28:37", "elapsed": 9.167815, "delta": 0.294388}}
{"target": -42.1889871522405, "params": {"C": 104.5328466850631, "epsilon": 0.48356066891228994, "gamma": 0.007298078487599953, "lamda": 1.5805473413841438}, "datetime": {"datetime": "2021-09-24 19:28:38", "elapsed": 9.517624, "delta": 0.349809}}
{"target": -45.53501134272092, "params": {"C": 133.40078627679264, "epsilon": 0.9607749366496694, "gamma": 0.08989116642505197, "lamda": 1.8245196315722214}, "datetime": {"datetime": "2021-09-24 19:28:38", "elapsed": 9.941124, "delta": 0.4235}}
{"target": -44.1486796332488, "params": {"C": 135.4855754675812, "epsilon": 0.4457173398303806, "gamma": 0.06436024933277275, "lamda": 1.6804829331558762}, "datetime": {"datetime": "2021-09-24 19:28:38", "elapsed": 10.258361, "delta": 0.317237}}
{"target": -45.06027584368283, "params": {"C": 129.60429766615397, "epsilon": 0.8447197881586428, "gamma": 0.08383931230551202, "lamda": 1.6522525369218797}, "datetime": {"datetime": "2021-09-24 19:28:39", "elapsed": 10.590656, "delta": 0.332295}}
{"target": -43.36502296149372, "params": {"C": 114.31267643732775, "epsilon": 0.6331927103476087, "gamma": 0.0015875296640146127, "lamda": 0.7184651551476743}, "datetime": {"datetime": "2021-09-24 19:28:39", "elapsed": 10.976218, "delta": 0.385562}}
{"target": -44.859265107629746, "params": {"C": 102.6072697266671, "epsilon": 0.7335548015604771, "gamma": 0.0015851951784512086, "lamda": 1.5707412043826159}, "datetime": {"datetime": "2021-09-24 19:28:39", "elapsed": 11.377409, "delta": 0.401191}}
{"target": -43.803575530188404, "params": {"C": 108.1128013329837, "epsilon": 0.46062361859237233, "gamma": 0.03527458643705465, "lamda": 0.7297649553088086}, "datetime": {"datetime": "2021-09-24 19:28:40", "elapsed": 11.841145, "delta": 0.463736}}
{"target": -44.81164381360006, "params": {"C": 133.9054927272133, "epsilon": 0.7558639262915041, "gamma": 0.08130680245871284, "lamda": 1.0803879151487235}, "datetime": {"datetime": "2021-09-24 19:28:40", "elapsed": 12.210843, "delta": 0.369698}}
{"target": -43.18975449931177, "params": {"C": 119.54625648078073, "epsilon": 0.8869134706911905, "gamma": 0.03330731103125315, "lamda": 2.146232965389773}, "datetime": {"datetime": "2021-09-24 19:28:41", "elapsed": 12.59615, "delta": 0.385307}}
{"target": -43.043112501511224, "params": {"C": 100.97310219049422, "epsilon": 0.7689353243481665, "gamma": 0.031039406968903352, "lamda": 2.1515647765421866}, "datetime": {"datetime": "2021-09-24 19:28:41", "elapsed": 12.928313, "delta": 0.332163}}
{"target": -43.925264203573356, "params": {"C": 133.18206077308588, "epsilon": 0.3194677727668075, "gamma": 0.05560015447881312, "lamda": 1.9112076766370723}, "datetime": {"datetime": "2021-09-24 19:28:42", "elapsed": 13.480832, "delta": 0.552519}}
{"target": -44.24025967340208, "params": {"C": 100.15603158264135, "epsilon": 0.6532048377952511, "gamma": 0.0614171685183339, "lamda": 1.0707606482012413}, "datetime": {"datetime": "2021-09-24 19:28:42", "elapsed": 13.903065, "delta": 0.422233}}
{"target": -44.85916640497395, "params": {"C": 132.03576744220274, "epsilon": 0.3464488808417596, "gamma": 0.08154960214715547, "lamda": 2.0473448145000566}, "datetime": {"datetime": "2021-09-24 19:28:42", "elapsed": 14.291289, "delta": 0.388224}}
{"target": -44.38966365038462, "params": {"C": 109.89005879433114, "epsilon": 0.9328372430497978, "gamma": 0.06814258760919162, "lamda": 0.8427480723411079}, "datetime": {"datetime": "2021-09-24 19:28:43", "elapsed": 14.69244, "delta": 0.401151}}
{"target": -45.34397102925732, "params": {"C": 107.68402578301277, "epsilon": 0.8552304050654727, "gamma": 0.09271520159928501, "lamda": 1.0480661045466004}, "datetime": {"datetime": "2021-09-24 19:28:43", "elapsed": 15.078024, "delta": 0.385584}}
{"target": -44.398442593874265, "params": {"C": 122.3743959677646, "epsilon": 0.5177313584379821, "gamma": 0.0644986736723896, "lamda": 1.033160500168718}, "datetime": {"datetime": "2021-09-24 19:28:44", "elapsed": 15.494902, "delta": 0.416878}}
{"target": -44.73405335523056, "params": {"C": 126.56470128972492, "epsilon": 0.3533208808615326, "gamma": 0.07265740710892171, "lamda": 1.2178231113451425}, "datetime": {"datetime": "2021-09-24 19:28:44", "elapsed": 15.959636, "delta": 0.464734}}
{"target": -44.58488729337744, "params": {"C": 129.67042407939005, "epsilon": 0.6774918245591345, "gamma": 0.07626761832829801, "lamda": 1.2037822559758906}, "datetime": {"datetime": "2021-09-24 19:28:44", "elapsed": 16.312212, "delta": 0.352576}}
{"target": -44.55432643788008, "params": {"C": 142.23361519040526, "epsilon": 0.8003948191864116, "gamma": 0.07623080184619944, "lamda": 1.1265351955433958}, "datetime": {"datetime": "2021-09-24 19:28:45", "elapsed": 16.697595, "delta": 0.385383}}
{"target": -42.96338489931718, "params": {"C": 119.45970802036054, "epsilon": 0.8663101625030649, "gamma": 0.03070346199241626, "lamda": 0.9321466272510279}, "datetime": {"datetime": "2021-09-24 19:28:45", "elapsed": 17.156643, "delta": 0.459048}}
{"target": -43.992908265806385, "params": {"C": 105.39199779681633, "epsilon": 0.4546315619616242, "gamma": 0.05504902275714166, "lamda": 1.4858039507458782}, "datetime": {"datetime": "2021-09-24 19:28:46", "elapsed": 17.61036, "delta": 0.453717}}
{"target": -44.77811943708512, "params": {"C": 108.52254334233271, "epsilon": 0.7436329305121805, "gamma": 0.08016395608114574, "lamda": 1.5357588341640165}, "datetime": {"datetime": "2021-09-24 19:28:46", "elapsed": 18.006451, "delta": 0.396091}}
{"target": -44.48787661577433, "params": {"C": 135.0371668178964, "epsilon": 0.3329970845132734, "gamma": 0.06542993293197463, "lamda": 1.2837538682778207}, "datetime": {"datetime": "2021-09-24 19:28:47", "elapsed": 18.413722, "delta": 0.407271}}
{"target": -45.50886797732761, "params": {"C": 131.90801427337541, "epsilon": 0.32675157842599756, "gamma": 0.09128249421534514, "lamda": 1.542830943648103}, "datetime": {"datetime": "2021-09-24 19:28:47", "elapsed": 18.88793, "delta": 0.474208}}
{"target": -44.62957677965263, "params": {"C": 104.4972138143261, "epsilon": 0.9881598386770565, "gamma": 0.0666221870333863, "lamda": 2.0039551009635703}, "datetime": {"datetime": "2021-09-24 19:28:47", "elapsed": 19.339284, "delta": 0.451354}}
{"target": -44.145303785352205, "params": {"C": 112.80921624592088, "epsilon": 0.8532487929799675, "gamma": 0.06251914661429807, "lamda": 0.9753439649001561}, "datetime": {"datetime": "2021-09-24 19:28:48", "elapsed": 19.797191, "delta": 0.457907}}
{"target": -42.46263135786039, "params": {"C": 109.24079842625193, "epsilon": 0.7172325425012163, "gamma": 0.018803422176419712, "lamda": 1.5617862896519843}, "datetime": {"datetime": "2021-09-24 19:28:48", "elapsed": 20.248944, "delta": 0.451753}}
{"target": -42.53268865229145, "params": {"C": 132.66490695324748, "epsilon": 0.9183309516732072, "gamma": 0.01922110439916461, "lamda": 1.4020108306458083}, "datetime": {"datetime": "2021-09-24 19:28:49", "elapsed": 20.65458, "delta": 0.405636}}
{"target": -42.882641446239006, "params": {"C": 148.2047217085492, "epsilon": 0.7927230436380093, "gamma": 0.02837774405029418, "lamda": 1.6911812985970778}, "datetime": {"datetime": "2021-09-24 19:28:49", "elapsed": 21.122145, "delta": 0.467565}}
{"target": -42.97592545347771, "params": {"C": 139.01317944266148, "epsilon": 0.9905913016013124, "gamma": 0.029087199312671376, "lamda": 1.67536789640738}, "datetime": {"datetime": "2021-09-24 19:28:50", "elapsed": 21.569135, "delta": 0.44699}}
{"target": -43.47460110915258, "params": {"C": 124.2091832449313, "epsilon": 0.5292363998818351, "gamma": 0.04245944609702769, "lamda": 1.2266871608946328}, "datetime": {"datetime": "2021-09-24 19:28:50", "elapsed": 22.005284, "delta": 0.436149}}
{"target": -43.63714498345003, "params": {"C": 103.80632522763156, "epsilon": 0.665622044778919, "gamma": 0.05015108034289612, "lamda": 1.421299464304294}, "datetime": {"datetime": "2021-09-24 19:28:51", "elapsed": 22.456862, "delta": 0.451578}}
{"target": -45.14496503925264, "params": {"C": 117.949504145329, "epsilon": 0.30415796127720335, "gamma": 0.08448431192863728, "lamda": 1.3828330168152556}, "datetime": {"datetime": "2021-09-24 19:28:51", "elapsed": 22.899228, "delta": 0.442366}}
{"target": -42.550761226443335, "params": {"C": 111.64594186326414, "epsilon": 0.8122882613341671, "gamma": 0.018451228962481515, "lamda": 1.727824442505801}, "datetime": {"datetime": "2021-09-24 19:28:52", "elapsed": 23.400724, "delta": 0.501496}}
{"target": -44.29659259614008, "params": {"C": 146.66293474669436, "epsilon": 0.34625360179220754, "gamma": 0.06346867095738298, "lamda": 1.4941111391150939}, "datetime": {"datetime": "2021-09-24 19:28:52", "elapsed": 23.837127, "delta": 0.436403}}
{"target": -44.700656186843595, "params": {"C": 138.34238321408617, "epsilon": 0.8181573478015103, "gamma": 0.07593132119774654, "lamda": 0.7905507026484353}, "datetime": {"datetime": "2021-09-24 19:28:52", "elapsed": 24.348593, "delta": 0.511466}}
{"target": -45.52121960542447, "params": {"C": 105.00321798435657, "epsilon": 0.44751703070104903, "gamma": 0.09588712315165207, "lamda": 1.4368036349925872}, "datetime": {"datetime": "2021-09-24 19:28:53", "elapsed": 24.763311, "delta": 0.414718}}
{"target": -42.86112441276157, "params": {"C": 138.4606923447826, "epsilon": 0.431452986542664, "gamma": 0.029786286127549806, "lamda": 1.7702223221736537}, "datetime": {"datetime": "2021-09-24 19:28:53", "elapsed": 25.148561, "delta": 0.38525}}
{"target": -44.95783539321689, "params": {"C": 138.17888255633204, "epsilon": 0.5785742574149026, "gamma": 0.08127649023127038, "lamda": 1.0480943622916106}, "datetime": {"datetime": "2021-09-24 19:28:54", "elapsed": 25.614066, "delta": 0.465505}}
{"target": -45.32255881283728, "params": {"C": 142.29393035559912, "epsilon": 0.46307689582040434, "gamma": 0.09272659833841258, "lamda": 2.053768272615386}, "datetime": {"datetime": "2021-09-24 19:28:54", "elapsed": 26.052788, "delta": 0.438722}}
{"target": -42.882560046754584, "params": {"C": 105.43040437764755, "epsilon": 0.9051413011343168, "gamma": 0.024692872236421425, "lamda": 2.0850717461209642}, "datetime": {"datetime": "2021-09-24 19:28:55", "elapsed": 26.532872, "delta": 0.480084}}
{"target": -45.011451457173344, "params": {"C": 121.07896130046612, "epsilon": 0.8337189422870621, "gamma": 0.08424358533864049, "lamda": 1.5031134824040069}, "datetime": {"datetime": "2021-09-24 19:28:55", "elapsed": 26.932036, "delta": 0.399164}}
{"target": -42.370379601585995, "params": {"C": 129.679684336087, "epsilon": 0.9446520559847149, "gamma": 0.011038410615766759, "lamda": 1.5624424031496937}, "datetime": {"datetime": "2021-09-24 19:28:56", "elapsed": 27.387216, "delta": 0.45518}}
{"target": -43.76286445765522, "params": {"C": 108.38629216792674, "epsilon": 0.9665049591897052, "gamma": 0.053202697887374154, "lamda": 1.2540784484991572}, "datetime": {"datetime": "2021-09-24 19:28:56", "elapsed": 27.846714, "delta": 0.459498}}
{"target": -45.4608050341971, "params": {"C": 100.00216937547283, "epsilon": 0.924198992433793, "gamma": 0.09467928556468057, "lamda": 1.1551518270068808}, "datetime": {"datetime": "2021-09-24 19:28:56", "elapsed": 28.358982, "delta": 0.512268}}
