{"target": 0.46621223790024835, "params": {"C": 531.7452115860833, "epsilon": 0.8500234385849044, "gamma": 0.01429332038404472, "lamda": 0.7328485921791335}, "datetime": {"datetime": "2021-09-23 21:38:22", "elapsed": 75.806501, "delta": 0.776699}}
{"target": 0.4679650775438382, "params": {"C": 508.1013352195257, "epsilon": 0.7545806633039958, "gamma": 0.00678846675702066, "lamda": 0.7438570079959165}, "datetime": {"datetime": "2021-09-23 21:38:23", "elapsed": 76.501727, "delta": 0.695226}}
{"target": 0.4688082567716153, "params": {"C": 551.4786513169528, "epsilon": 0.8587012511774044, "gamma": 0.0106571056618812, "lamda": 0.5169089677915517}, "datetime": {"datetime": "2021-09-23 21:38:23", "elapsed": 77.148722, "delta": 0.646995}}
{"target": 0.46931010374490134, "params": {"C": 528.6220413300719, "epsilon": 0.7450500071905567, "gamma": 0.009281378206618373, "lamda": 0.6990083194349317}, "datetime": {"datetime": "2021-09-23 21:38:24", "elapsed": 77.849408, "delta": 0.700686}}
{"target": 0.4678256716209539, "params": {"C": 599.9637528652231, "epsilon": 0.9818632433035179, "gamma": 0.012254381126102266, "lamda": 0.5800667344789682}, "datetime": {"datetime": "2021-09-23 21:38:25", "elapsed": 78.543846, "delta": 0.694438}}
{"target": 0.4681870124699774, "params": {"C": 526.6862594654651, "epsilon": 0.9909207377568112, "gamma": 0.011512134374493228, "lamda": 0.6477259176198376}, "datetime": {"datetime": "2021-09-23 21:38:25", "elapsed": 79.18784, "delta": 0.643994}}
{"target": 0.46721188771628286, "params": {"C": 522.6534426323519, "epsilon": 0.7463868047040826, "gamma": 0.012635841094796414, "lamda": 0.6112906370716016}, "datetime": {"datetime": "2021-09-23 21:38:26", "elapsed": 79.837799, "delta": 0.649959}}
{"target": 0.46864191964240365, "params": {"C": 561.4145338274895, "epsilon": 0.7618404687791209, "gamma": 0.011067036710293715, "lamda": 0.6454260141435655}, "datetime": {"datetime": "2021-09-23 21:38:27", "elapsed": 80.622976, "delta": 0.785177}}
{"target": 0.46908199085681324, "params": {"C": 536.9078525925681, "epsilon": 0.8500681048767523, "gamma": 0.007381400554742254, "lamda": 0.5658925302806423}, "datetime": {"datetime": "2021-09-23 21:38:28", "elapsed": 81.350766, "delta": 0.72779}}
{"target": 0.4687845690112279, "params": {"C": 556.8430617481241, "epsilon": 0.8114981777705981, "gamma": 0.00743224564956685, "lamda": 0.6546381825375026}, "datetime": {"datetime": "2021-09-23 21:38:28", "elapsed": 82.153799, "delta": 0.803033}}
{"target": 0.46883688001848367, "params": {"C": 535.4788428496032, "epsilon": 0.9623921220837897, "gamma": 0.009879698680535162, "lamda": 0.6366074941959685}, "datetime": {"datetime": "2021-09-23 21:38:29", "elapsed": 82.837759, "delta": 0.68396}}
{"target": 0.4677700183151463, "params": {"C": 515.167296665934, "epsilon": 0.8975933175542113, "gamma": 0.01223850705988629, "lamda": 0.7296717125892935}, "datetime": {"datetime": "2021-09-23 21:38:30", "elapsed": 83.534759, "delta": 0.697}}
{"target": 0.4686939135113005, "params": {"C": 484.9028271770297, "epsilon": 0.7783576403985035, "gamma": 0.0065126175232794944, "lamda": 0.5548644934051484}, "datetime": {"datetime": "2021-09-23 21:38:31", "elapsed": 84.324336, "delta": 0.789577}}
{"target": 0.4674454137768994, "params": {"C": 502.0426834376317, "epsilon": 0.8927991372824983, "gamma": 0.012753111274395632, "lamda": 0.7260671612700562}, "datetime": {"datetime": "2021-09-23 21:38:31", "elapsed": 85.025302, "delta": 0.700966}}
{"target": 0.4676477524638485, "params": {"C": 499.4913510532719, "epsilon": 0.7943939825344097, "gamma": 0.011889493854319259, "lamda": 0.5222741923529587}, "datetime": {"datetime": "2021-09-23 21:38:32", "elapsed": 85.738216, "delta": 0.712914}}
{"target": 0.46922731334332146, "params": {"C": 555.2910529568717, "epsilon": 0.8049560841464087, "gamma": 0.008451701822525755, "lamda": 0.6625829259983007}, "datetime": {"datetime": "2021-09-23 21:38:33", "elapsed": 86.721111, "delta": 0.982895}}
{"target": 0.46939711269161144, "params": {"C": 568.3462527812195, "epsilon": 0.988199755644448, "gamma": 0.008930471033646137, "lamda": 0.5028976843267817}, "datetime": {"datetime": "2021-09-23 21:38:34", "elapsed": 87.409506, "delta": 0.688395}}
{"target": 0.46861469063098804, "params": {"C": 526.6680547817641, "epsilon": 0.7959231503615128, "gamma": 0.011024142354908294, "lamda": 0.5823506223472659}, "datetime": {"datetime": "2021-09-23 21:38:34", "elapsed": 88.11578, "delta": 0.706274}}
{"target": 0.46944753265565886, "params": {"C": 578.2584164070674, "epsilon": 0.7099376844470583, "gamma": 0.007725175114910443, "lamda": 0.6298611139140148}, "datetime": {"datetime": "2021-09-23 21:38:35", "elapsed": 88.804983, "delta": 0.689203}}
{"target": 0.4681949371346694, "params": {"C": 536.9149651965363, "epsilon": 0.8503223382217692, "gamma": 0.011636048665135266, "lamda": 0.5683569390560643}, "datetime": {"datetime": "2021-09-23 21:38:36", "elapsed": 89.529983, "delta": 0.725}}
{"target": 0.46441069911889, "params": {"C": 532.7139646975412, "epsilon": 0.7033744822801816, "gamma": 0.014397059758110405, "lamda": 0.557635706438726}, "datetime": {"datetime": "2021-09-23 21:38:37", "elapsed": 90.296373, "delta": 0.76639}}
{"target": 0.466206288830592, "params": {"C": 562.1970286938165, "epsilon": 0.7764803080879682, "gamma": 0.014064545264904875, "lamda": 0.6939865459353091}, "datetime": {"datetime": "2021-09-23 21:38:37", "elapsed": 91.066425, "delta": 0.770052}}
{"target": 0.467556723589873, "params": {"C": 571.0521176555783, "epsilon": 0.8562120925103447, "gamma": 0.006200636751843078, "lamda": 0.609975248840503}, "datetime": {"datetime": "2021-09-23 21:38:38", "elapsed": 91.898993, "delta": 0.832568}}
{"target": 0.4689136827196625, "params": {"C": 557.4919140917914, "epsilon": 0.7481817965221581, "gamma": 0.010245105263830358, "lamda": 0.7787499716589872}, "datetime": {"datetime": "2021-09-23 21:38:39", "elapsed": 92.55959, "delta": 0.660597}}
{"target": 0.4691592469387439, "params": {"C": 508.17133334264884, "epsilon": 0.7521326199469082, "gamma": 0.009183592937945712, "lamda": 0.7502735944025283}, "datetime": {"datetime": "2021-09-23 21:38:40", "elapsed": 93.327455, "delta": 0.767865}}
{"target": 0.468829605080618, "params": {"C": 574.3043205489147, "epsilon": 0.8503582366340336, "gamma": 0.006654014535700844, "lamda": 0.5067329167795014}, "datetime": {"datetime": "2021-09-23 21:38:40", "elapsed": 94.007635, "delta": 0.68018}}
{"target": 0.46695102328319016, "params": {"C": 480.40504862115347, "epsilon": 0.7334490842601139, "gamma": 0.012970676220524259, "lamda": 0.6376563635705234}, "datetime": {"datetime": "2021-09-23 21:38:41", "elapsed": 94.701459, "delta": 0.693824}}
{"target": 0.4683534580585371, "params": {"C": 551.4873482602983, "epsilon": 0.8585996867953019, "gamma": 0.011286151563130179, "lamda": 0.5207123433270151}, "datetime": {"datetime": "2021-09-23 21:38:42", "elapsed": 95.578593, "delta": 0.877134}}
{"target": 0.4692246295985135, "params": {"C": 539.835154525827, "epsilon": 0.7672814331036609, "gamma": 0.009238635331370417, "lamda": 0.7146933142069334}, "datetime": {"datetime": "2021-09-23 21:38:43", "elapsed": 96.434912, "delta": 0.856319}}
{"target": 0.4662268429891028, "params": {"C": 488.76352760378774, "epsilon": 0.9742810442979573, "gamma": 0.014157266396421501, "lamda": 0.5972516028783877}, "datetime": {"datetime": "2021-09-23 21:38:43", "elapsed": 97.167679, "delta": 0.732767}}
{"target": 0.4673696272216352, "params": {"C": 539.2619532782184, "epsilon": 0.9387604390764077, "gamma": 0.006204084513664807, "lamda": 0.5758416878330506}, "datetime": {"datetime": "2021-09-23 21:38:44", "elapsed": 97.879288, "delta": 0.711609}}
{"target": 0.4668189708408338, "params": {"C": 496.4290430019894, "epsilon": 0.9833762003903068, "gamma": 0.006051140283759147, "lamda": 0.5805544749578061}, "datetime": {"datetime": "2021-09-23 21:38:45", "elapsed": 98.626056, "delta": 0.746768}}
{"target": 0.467688684221395, "params": {"C": 531.760287144286, "epsilon": 0.8412086942029666, "gamma": 0.012479090759794354, "lamda": 0.7098469175975868}, "datetime": {"datetime": "2021-09-23 21:38:46", "elapsed": 99.468274, "delta": 0.842218}}
{"target": 0.46859044843985886, "params": {"C": 573.8683094958579, "epsilon": 0.9636702758273334, "gamma": 0.01102893504994664, "lamda": 0.5969320914187458}, "datetime": {"datetime": "2021-09-23 21:38:46", "elapsed": 100.242216, "delta": 0.773942}}
{"target": 0.46864920510583163, "params": {"C": 553.6239544669835, "epsilon": 0.8625393219503888, "gamma": 0.01095522554448961, "lamda": 0.535420062351678}, "datetime": {"datetime": "2021-09-23 21:38:47", "elapsed": 100.981213, "delta": 0.738997}}
{"target": 0.46706355434842495, "params": {"C": 491.52099253919994, "epsilon": 0.9886846467676103, "gamma": 0.012839253492097712, "lamda": 0.783555306078521}, "datetime": {"datetime": "2021-09-23 21:38:48", "elapsed": 101.804216, "delta": 0.823003}}
{"target": 0.46881155638183425, "params": {"C": 513.4208564686062, "epsilon": 0.9894610795304466, "gamma": 0.010663503687290077, "lamda": 0.551308786445759}, "datetime": {"datetime": "2021-09-23 21:38:49", "elapsed": 102.549305, "delta": 0.745089}}
{"target": 0.46767336209515753, "params": {"C": 556.8297335387274, "epsilon": 0.8201431497914167, "gamma": 0.006451062507322923, "lamda": 0.6669690751562404}, "datetime": {"datetime": "2021-09-23 21:38:50", "elapsed": 103.480774, "delta": 0.931469}}
{"target": 0.46890705213003236, "params": {"C": 539.8226379708277, "epsilon": 0.7848073074447542, "gamma": 0.010429593460567078, "lamda": 0.7123900623388717}, "datetime": {"datetime": "2021-09-23 21:38:50", "elapsed": 104.240803, "delta": 0.760029}}
{"target": 0.46825168994646993, "params": {"C": 583.7489133804762, "epsilon": 0.8765167247735104, "gamma": 0.011025399073034549, "lamda": 0.7812437921028809}, "datetime": {"datetime": "2021-09-23 21:38:51", "elapsed": 104.997773, "delta": 0.75697}}
{"target": 0.4667054433320911, "params": {"C": 542.063363098892, "epsilon": 0.8021141703394782, "gamma": 0.013749067854866341, "lamda": 0.7837100601392664}, "datetime": {"datetime": "2021-09-23 21:38:52", "elapsed": 105.72577, "delta": 0.727997}}
{"target": 0.4682624977726174, "params": {"C": 570.5812472016133, "epsilon": 0.8702399752803669, "gamma": 0.007020227088616677, "lamda": 0.6350505802275905}, "datetime": {"datetime": "2021-09-23 21:38:53", "elapsed": 106.553768, "delta": 0.827998}}
{"target": 0.4635324317719368, "params": {"C": 511.0217023087444, "epsilon": 0.7240607383987883, "gamma": 0.014877516698673479, "lamda": 0.5274568494531163}, "datetime": {"datetime": "2021-09-23 21:38:54", "elapsed": 107.262044, "delta": 0.708276}}
{"target": 0.467956401390647, "params": {"C": 509.3133911654359, "epsilon": 0.8756051513922463, "gamma": 0.012075581280577478, "lamda": 0.6933750589405628}, "datetime": {"datetime": "2021-09-23 21:38:54", "elapsed": 108.074619, "delta": 0.812575}}
{"target": 0.46876608261599306, "params": {"C": 491.36237795706296, "epsilon": 0.8113106921813614, "gamma": 0.009898821095225685, "lamda": 0.7806211379581669}, "datetime": {"datetime": "2021-09-23 21:38:55", "elapsed": 108.835648, "delta": 0.761029}}
{"target": 0.46655649561075696, "params": {"C": 530.6757323540603, "epsilon": 0.7903957808396519, "gamma": 0.013657482965467541, "lamda": 0.6670383115213158}, "datetime": {"datetime": "2021-09-23 21:38:56", "elapsed": 109.628616, "delta": 0.792968}}
{"target": 0.46872265244741085, "params": {"C": 495.36104983938804, "epsilon": 0.7429656011737851, "gamma": 0.007051077651474494, "lamda": 0.6746698877588835}, "datetime": {"datetime": "2021-09-23 21:38:57", "elapsed": 110.354331, "delta": 0.725715}}
{"target": 0.46827442493179106, "params": {"C": 583.7337441167513, "epsilon": 0.8808244129887672, "gamma": 0.010959888519726327, "lamda": 0.7767346959463886}, "datetime": {"datetime": "2021-09-23 21:38:57", "elapsed": 111.230357, "delta": 0.876026}}
{"target": 0.46726820894587884, "params": {"C": 588.2369606629227, "epsilon": 0.7482488680325723, "gamma": 0.012820530480697733, "lamda": 0.6733004500601801}, "datetime": {"datetime": "2021-09-23 21:38:58", "elapsed": 112.021345, "delta": 0.790988}}
{"target": 0.4651548136969139, "params": {"C": 509.88979571573526, "epsilon": 0.7077491718122683, "gamma": 0.014420510749732952, "lamda": 0.6324784260597696}, "datetime": {"datetime": "2021-09-23 21:38:59", "elapsed": 112.799387, "delta": 0.778042}}
{"target": 0.4692224909824726, "params": {"C": 571.0576263434187, "epsilon": 0.8319602419820238, "gamma": 0.009873904090472323, "lamda": 0.5993245136333377}, "datetime": {"datetime": "2021-09-23 21:39:00", "elapsed": 113.843419, "delta": 1.044032}}
{"target": 0.46819539497655394, "params": {"C": 537.4513730276536, "epsilon": 0.8259333289112105, "gamma": 0.007734172443459565, "lamda": 0.7651447088201404}, "datetime": {"datetime": "2021-09-23 21:39:01", "elapsed": 114.858416, "delta": 1.014997}}
{"target": 0.4679716160298426, "params": {"C": 561.4928081005053, "epsilon": 0.7640804720524421, "gamma": 0.012108189907521428, "lamda": 0.7642786850500838}, "datetime": {"datetime": "2021-09-23 21:39:02", "elapsed": 115.670418, "delta": 0.812002}}
{"target": 0.4689399438328484, "params": {"C": 558.0119462924624, "epsilon": 0.830912197045541, "gamma": 0.007915594258547577, "lamda": 0.660780045269108}, "datetime": {"datetime": "2021-09-23 21:39:03", "elapsed": 116.418895, "delta": 0.748477}}
{"target": 0.4678151219924682, "params": {"C": 553.0321655479866, "epsilon": 0.8042526670430044, "gamma": 0.012252875284347556, "lamda": 0.7903147056335691}, "datetime": {"datetime": "2021-09-23 21:39:03", "elapsed": 117.241925, "delta": 0.82303}}
{"target": 0.46791799210791885, "params": {"C": 581.6732153950825, "epsilon": 0.9562751215425607, "gamma": 0.008276864382691993, "lamda": 0.7353724133535029}, "datetime": {"datetime": "2021-09-23 21:39:05", "elapsed": 118.345785, "delta": 1.10386}}
{"target": 0.46741573730394304, "params": {"C": 508.13668201781525, "epsilon": 0.7523667053541998, "gamma": 0.006451421353457604, "lamda": 0.7611718905596834}, "datetime": {"datetime": "2021-09-23 21:39:06", "elapsed": 119.28965, "delta": 0.943865}}
{"target": 0.46923566495579494, "params": {"C": 495.37367063308284, "epsilon": 0.7398002626222691, "gamma": 0.007800458593155826, "lamda": 0.6703652822000823}, "datetime": {"datetime": "2021-09-23 21:39:06", "elapsed": 120.171551, "delta": 0.881901}}
{"target": 0.4654948748992507, "params": {"C": 496.9114284104315, "epsilon": 0.8728261373416009, "gamma": 0.014257111322738424, "lamda": 0.535534617363365}, "datetime": {"datetime": "2021-09-23 21:39:07", "elapsed": 121.063421, "delta": 0.89187}}
{"target": 0.46906820740471833, "params": {"C": 587.836634938317, "epsilon": 0.8820339257219724, "gamma": 0.007591826431637967, "lamda": 0.5695539214737874}, "datetime": {"datetime": "2021-09-23 21:39:08", "elapsed": 121.920421, "delta": 0.857}}
{"target": 0.4695390797564196, "params": {"C": 499.47922451441696, "epsilon": 0.7849969440869758, "gamma": 0.00901520171857941, "lamda": 0.5016564634352677}, "datetime": {"datetime": "2021-09-23 21:39:09", "elapsed": 122.861301, "delta": 0.94088}}
{"target": 0.46809658951177213, "params": {"C": 560.6036803392435, "epsilon": 0.7531278050406128, "gamma": 0.011934051102725947, "lamda": 0.7361527420384459}, "datetime": {"datetime": "2021-09-23 21:39:10", "elapsed": 123.82201, "delta": 0.960709}}
{"target": 0.4691677627264559, "params": {"C": 528.6145909114357, "epsilon": 0.7099655828779082, "gamma": 0.010102532124854877, "lamda": 0.685193471338514}, "datetime": {"datetime": "2021-09-23 21:39:11", "elapsed": 124.780462, "delta": 0.958452}}
{"target": 0.468339931121886, "params": {"C": 518.1732687079735, "epsilon": 0.8332649900100447, "gamma": 0.007899045224965862, "lamda": 0.7534172600045843}, "datetime": {"datetime": "2021-09-23 21:39:12", "elapsed": 125.654058, "delta": 0.873596}}
{"target": 0.4671690633275587, "params": {"C": 569.7466755876269, "epsilon": 0.7265007471113651, "gamma": 0.012547776656743146, "lamda": 0.6005674325436321}, "datetime": {"datetime": "2021-09-23 21:39:13", "elapsed": 126.489704, "delta": 0.835646}}
{"target": 0.46759227159343086, "params": {"C": 549.5813958643771, "epsilon": 0.8806365780196621, "gamma": 0.012425340171032763, "lamda": 0.569749933514042}, "datetime": {"datetime": "2021-09-23 21:39:14", "elapsed": 127.335683, "delta": 0.845979}}
{"target": 0.4681365173547889, "params": {"C": 507.41511128219076, "epsilon": 0.9288056615500844, "gamma": 0.009808438565712882, "lamda": 0.7922699850262496}, "datetime": {"datetime": "2021-09-23 21:39:14", "elapsed": 128.166699, "delta": 0.831016}}
{"target": 0.4668275979706187, "params": {"C": 539.8303619926695, "epsilon": 0.7740385680463656, "gamma": 0.013411580618841207, "lamda": 0.6913222505690176}, "datetime": {"datetime": "2021-09-23 21:39:15", "elapsed": 129.220037, "delta": 1.053338}}
{"target": 0.46616261156791594, "params": {"C": 561.759409261648, "epsilon": 0.8424281858864363, "gamma": 0.006090808530919863, "lamda": 0.7556460163496694}, "datetime": {"datetime": "2021-09-23 21:39:17", "elapsed": 130.281002, "delta": 1.060965}}
{"target": 0.4673867297219334, "params": {"C": 508.17155247775787, "epsilon": 0.7053679418358203, "gamma": 0.006085169923587648, "lamda": 0.7422573054912736}, "datetime": {"datetime": "2021-09-23 21:39:18", "elapsed": 131.293995, "delta": 1.012993}}
{"target": 0.4689536632229475, "params": {"C": 536.3245181433527, "epsilon": 0.9860371256071594, "gamma": 0.008063468041978487, "lamda": 0.5609655637684887}, "datetime": {"datetime": "2021-09-23 21:39:19", "elapsed": 132.292995, "delta": 0.999}}
{"target": 0.46598097113080794, "params": {"C": 534.2780630742445, "epsilon": 0.9642962145571403, "gamma": 0.014589143181382472, "lamda": 0.6995568202629427}, "datetime": {"datetime": "2021-09-23 21:39:20", "elapsed": 133.279997, "delta": 0.987002}}
{"target": 0.4690441751069101, "params": {"C": 560.6272048221481, "epsilon": 0.7368673242187485, "gamma": 0.010110493094687607, "lamda": 0.7478230098966248}, "datetime": {"datetime": "2021-09-23 21:39:21", "elapsed": 134.262396, "delta": 0.982399}}
{"target": 0.46926587512017537, "params": {"C": 590.8318748627048, "epsilon": 0.8000050265710407, "gamma": 0.00944153070568706, "lamda": 0.6575524035598803}, "datetime": {"datetime": "2021-09-23 21:39:21", "elapsed": 135.096181, "delta": 0.833785}}
{"target": 0.46941743539237224, "params": {"C": 553.9782582470226, "epsilon": 0.9708636185019088, "gamma": 0.008462924410303798, "lamda": 0.5013850407863795}, "datetime": {"datetime": "2021-09-23 21:39:22", "elapsed": 135.957828, "delta": 0.861647}}
{"target": 0.46889892772440356, "params": {"C": 554.6140295520754, "epsilon": 0.9313251702506702, "gamma": 0.009451694196879929, "lamda": 0.6532472746478846}, "datetime": {"datetime": "2021-09-23 21:39:23", "elapsed": 136.957581, "delta": 0.999753}}
{"target": 0.46833406482359197, "params": {"C": 532.8947294226755, "epsilon": 0.845157616449256, "gamma": 0.01130361414337975, "lamda": 0.7486067478465143}, "datetime": {"datetime": "2021-09-23 21:39:24", "elapsed": 137.870581, "delta": 0.913}}
{"target": 0.46960340107280196, "params": {"C": 518.8045597863096, "epsilon": 0.7389814853799657, "gamma": 0.00873592454500324, "lamda": 0.5770625117013111}, "datetime": {"datetime": "2021-09-23 21:39:25", "elapsed": 138.788525, "delta": 0.917944}}
{"target": 0.4679558029180938, "params": {"C": 559.9687209930572, "epsilon": 0.9642906722578146, "gamma": 0.006307728036984077, "lamda": 0.5112931855058311}, "datetime": {"datetime": "2021-09-23 21:39:26", "elapsed": 139.678807, "delta": 0.890282}}
{"target": 0.46861727655856067, "params": {"C": 508.14982991370914, "epsilon": 0.7031975177134989, "gamma": 0.011149069284724077, "lamda": 0.7606945900091937}, "datetime": {"datetime": "2021-09-23 21:39:27", "elapsed": 140.806945, "delta": 1.128138}}
{"target": 0.46935403600092984, "params": {"C": 571.0558713853331, "epsilon": 0.8609685810821314, "gamma": 0.009028518400266486, "lamda": 0.5933271382414395}, "datetime": {"datetime": "2021-09-23 21:39:28", "elapsed": 141.827983, "delta": 1.021038}}
{"target": 0.46749948611945114, "params": {"C": 510.7397534956158, "epsilon": 0.8876057798624182, "gamma": 0.012516688190930741, "lamda": 0.5619176935843287}, "datetime": {"datetime": "2021-09-23 21:39:29", "elapsed": 142.856835, "delta": 1.028852}}
{"target": 0.4692599914817348, "params": {"C": 557.9970435737666, "epsilon": 0.8342442587725236, "gamma": 0.008953776138729042, "lamda": 0.6443658194653725}, "datetime": {"datetime": "2021-09-23 21:39:30", "elapsed": 143.877903, "delta": 1.021068}}
{"target": 0.46953204430986484, "params": {"C": 484.9079760737249, "epsilon": 0.7910682977944965, "gamma": 0.00824237124483877, "lamda": 0.5716195576219961}, "datetime": {"datetime": "2021-09-23 21:39:31", "elapsed": 145.100493, "delta": 1.22259}}
{"target": 0.46860233825218633, "params": {"C": 526.9957179562434, "epsilon": 0.9594708938005916, "gamma": 0.010486615411230731, "lamda": 0.66412525544872}, "datetime": {"datetime": "2021-09-23 21:39:32", "elapsed": 146.134798, "delta": 1.034305}}
{"target": 0.4656668813445132, "params": {"C": 579.7186204490946, "epsilon": 0.8299364708682742, "gamma": 0.014888083084693023, "lamda": 0.7558062831026681}, "datetime": {"datetime": "2021-09-23 21:39:33", "elapsed": 147.022009, "delta": 0.887211}}
{"target": 0.4660777907041208, "params": {"C": 508.1566844396872, "epsilon": 0.7534172214614224, "gamma": 0.01428052911872156, "lamda": 0.7425511733183223}, "datetime": {"datetime": "2021-09-23 21:39:34", "elapsed": 148.048028, "delta": 1.026019}}
{"target": 0.46778162250967636, "params": {"C": 563.6965177110102, "epsilon": 0.9437030528955375, "gamma": 0.012116839254878924, "lamda": 0.7181025992406538}, "datetime": {"datetime": "2021-09-23 21:39:35", "elapsed": 148.976776, "delta": 0.928748}}
