{"target": 0.46178436345181484, "params": {"C": 219.56912508163833, "epsilon": 0.9898929552837077, "gamma": 0.003772523113633334, "lamda": 0.47550609173701097}, "datetime": {"datetime": "2021-09-23 20:20:41", "elapsed": 128.235363, "delta": 1.333168}}
{"target": 0.4594426927237476, "params": {"C": 210.74149175000795, "epsilon": 0.9928522827782641, "gamma": 0.02, "lamda": 0.6}, "datetime": {"datetime": "2021-09-23 20:20:43", "elapsed": 130.058547, "delta": 1.823184}}
{"target": 0.4551073139556665, "params": {"C": 210.63350191895458, "epsilon": 0.9435572167559966, "gamma": 0.02, "lamda": 0.4976000464216177}, "datetime": {"datetime": "2021-09-23 20:20:45", "elapsed": 131.938092, "delta": 1.879545}}
{"target": 0.46398737272493984, "params": {"C": 210.58162440124286, "epsilon": 0.8507083226718524, "gamma": 0.014308219987162779, "lamda": 0.5794327853591985}, "datetime": {"datetime": "2021-09-23 20:20:46", "elapsed": 133.241762, "delta": 1.30367}}
{"target": 0.46294560606031365, "params": {"C": 232.28829753824644, "epsilon": 0.580302994203597, "gamma": 0.00996188889030853, "lamda": 0.5716666288786496}, "datetime": {"datetime": "2021-09-23 20:20:47", "elapsed": 134.193785, "delta": 0.952023}}
{"target": 0.4666864906873601, "params": {"C": 211.772120737973, "epsilon": 0.9223747093595535, "gamma": 0.010035000229716581, "lamda": 0.4834329836924042}, "datetime": {"datetime": "2021-09-23 20:20:48", "elapsed": 135.686366, "delta": 1.492581}}
{"target": 0.46689565238299713, "params": {"C": 210.83648016046502, "epsilon": 0.8818239429780608, "gamma": 0.010707411597810974, "lamda": 0.5305703009585618}, "datetime": {"datetime": "2021-09-23 20:20:49", "elapsed": 136.668364, "delta": 0.981998}}
{"target": 0.44049277203652926, "params": {"C": 200.16877025881394, "epsilon": 0.5557484737668565, "gamma": 0.015715872021106768, "lamda": 0.3835418180940311}, "datetime": {"datetime": "2021-09-23 20:20:51", "elapsed": 137.867013, "delta": 1.198649}}
{"target": 0.432563727559089, "params": {"C": 211.5937988212834, "epsilon": 0.954146258738625, "gamma": 0.001, "lamda": 0.6}, "datetime": {"datetime": "2021-09-23 20:20:52", "elapsed": 139.275113, "delta": 1.4081}}
{"target": 0.46139735971481477, "params": {"C": 219.4862886350668, "epsilon": 0.9464011711573386, "gamma": 0.015331748712265683, "lamda": 0.47015310692557366}, "datetime": {"datetime": "2021-09-23 20:20:54", "elapsed": 141.048025, "delta": 1.772912}}
{"target": 0.44714672237209996, "params": {"C": 203.65146983491155, "epsilon": 0.9571350738299287, "gamma": 0.018220895725778726, "lamda": 0.3296688038378503}, "datetime": {"datetime": "2021-09-23 20:20:55", "elapsed": 141.834838, "delta": 0.786813}}
{"target": 0.4437240765278797, "params": {"C": 224.69248053259096, "epsilon": 0.8979340651273462, "gamma": 0.0014308450844034814, "lamda": 0.3011222504440673}, "datetime": {"datetime": "2021-09-23 20:20:55", "elapsed": 142.686841, "delta": 0.852003}}
{"target": 0.46848387904273314, "params": {"C": 210.65761041785487, "epsilon": 0.879336664788942, "gamma": 0.008503942246660255, "lamda": 0.5772053498498886}, "datetime": {"datetime": "2021-09-23 20:20:57", "elapsed": 144.345799, "delta": 1.658958}}
{"target": 0.45258887560761296, "params": {"C": 210.6766550669671, "epsilon": 0.9911058506247747, "gamma": 0.0023901008400631796, "lamda": 0.5987445597337155}, "datetime": {"datetime": "2021-09-23 20:20:58", "elapsed": 145.661251, "delta": 1.315452}}
{"target": 0.45999343117110103, "params": {"C": 239.11179562327413, "epsilon": 0.9394504597122223, "gamma": 0.011616640660998465, "lamda": 0.3292427885583277}, "datetime": {"datetime": "2021-09-23 20:20:59", "elapsed": 146.610251, "delta": 0.949}}
{"target": 0.4462672189764393, "params": {"C": 230.67664769457645, "epsilon": 0.7708988699173147, "gamma": 0.011461031705033622, "lamda": 0.24722674980223736}, "datetime": {"datetime": "2021-09-23 20:21:01", "elapsed": 148.227243, "delta": 1.616992}}
{"target": 0.4643437298920663, "params": {"C": 204.80041355799997, "epsilon": 0.981141077946017, "gamma": 0.01543842403887295, "lamda": 0.5780737414380279}, "datetime": {"datetime": "2021-09-23 20:21:02", "elapsed": 149.1072, "delta": 0.879957}}
{"target": 0.4544404544028432, "params": {"C": 213.92535686191925, "epsilon": 0.9824351325507442, "gamma": 0.010845174450945717, "lamda": 0.26841171526101193}, "datetime": {"datetime": "2021-09-23 20:21:03", "elapsed": 150.40213, "delta": 1.29493}}
{"target": 0.4672090808113457, "params": {"C": 200.9679189217682, "epsilon": 0.8389293215451645, "gamma": 0.006693735765804285, "lamda": 0.5875352865483705}, "datetime": {"datetime": "2021-09-23 20:21:04", "elapsed": 151.361971, "delta": 0.959841}}
{"target": 0.4648300238221935, "params": {"C": 210.57610312979585, "epsilon": 0.8576678026923283, "gamma": 0.005321860080203991, "lamda": 0.520466068645633}, "datetime": {"datetime": "2021-09-23 20:21:05", "elapsed": 152.663806, "delta": 1.301835}}
{"target": 0.4682524863445946, "params": {"C": 219.5415641670667, "epsilon": 0.951050457739867, "gamma": 0.007506685632232196, "lamda": 0.49874033884996566}, "datetime": {"datetime": "2021-09-23 20:21:07", "elapsed": 154.333435, "delta": 1.669629}}
{"target": 0.46586210442450315, "params": {"C": 210.87812989824087, "epsilon": 0.8748094961868658, "gamma": 0.01332294988858037, "lamda": 0.5950109429107611}, "datetime": {"datetime": "2021-09-23 20:21:08", "elapsed": 155.595524, "delta": 1.262089}}
{"target": 0.46631769322145444, "params": {"C": 219.52928909763668, "epsilon": 0.989930754664512, "gamma": 0.0134769335632232, "lamda": 0.542659914594929}, "datetime": {"datetime": "2021-09-23 20:21:10", "elapsed": 157.072488, "delta": 1.476964}}
{"target": 0.42486169146694697, "params": {"C": 212.92570929531016, "epsilon": 0.5401012306646472, "gamma": 0.019741424141644013, "lamda": 0.23660913260415517}, "datetime": {"datetime": "2021-09-23 20:21:11", "elapsed": 158.057488, "delta": 0.985}}
{"target": 0.4686575652430667, "params": {"C": 211.50013250672978, "epsilon": 0.9662823316647586, "gamma": 0.009033005461017513, "lamda": 0.5449599542994619}, "datetime": {"datetime": "2021-09-23 20:21:12", "elapsed": 159.213486, "delta": 1.155998}}
{"target": 0.46458173238316813, "params": {"C": 204.73432414877624, "epsilon": 0.6855178203022692, "gamma": 0.009230844534365335, "lamda": 0.5741615172775557}, "datetime": {"datetime": "2021-09-23 20:21:13", "elapsed": 160.241487, "delta": 1.028001}}
{"target": 0.4460370411467831, "params": {"C": 221.11488848085847, "epsilon": 0.6506596347327531, "gamma": 0.01716579737154259, "lamda": 0.4227177486950876}, "datetime": {"datetime": "2021-09-23 20:21:14", "elapsed": 161.176818, "delta": 0.935331}}
{"target": 0.4485243637071189, "params": {"C": 206.40043743307837, "epsilon": 0.5716093352896419, "gamma": 0.003218941708668377, "lamda": 0.43289318367851126}, "datetime": {"datetime": "2021-09-23 20:21:15", "elapsed": 162.136807, "delta": 0.959989}}
{"target": 0.46849286767711695, "params": {"C": 210.8536131635199, "epsilon": 0.9183075833084888, "gamma": 0.01026566685394361, "lamda": 0.5917858162529048}, "datetime": {"datetime": "2021-09-23 20:21:16", "elapsed": 163.340281, "delta": 1.203474}}
{"target": 0.468105626744428, "params": {"C": 211.50841244524236, "epsilon": 0.9589405247958964, "gamma": 0.008482727716488126, "lamda": 0.49889347451362337}, "datetime": {"datetime": "2021-09-23 20:21:17", "elapsed": 164.739781, "delta": 1.3995}}
{"target": 0.45953576647255345, "params": {"C": 219.50706214828014, "epsilon": 0.9205478855074213, "gamma": 0.018568321682047948, "lamda": 0.5521475517794119}, "datetime": {"datetime": "2021-09-23 20:21:19", "elapsed": 166.086148, "delta": 1.346367}}
{"target": 0.46341446652240015, "params": {"C": 211.50138697623194, "epsilon": 0.9132526632856639, "gamma": 0.0043303232697737976, "lamda": 0.553502463196365}, "datetime": {"datetime": "2021-09-23 20:21:20", "elapsed": 167.682898, "delta": 1.59675}}
{"target": 0.4576748079915284, "params": {"C": 211.57645876139728, "epsilon": 0.9255478007689502, "gamma": 0.018756427732292847, "lamda": 0.5208829284596392}, "datetime": {"datetime": "2021-09-23 20:21:22", "elapsed": 169.052083, "delta": 1.369185}}
{"target": 0.458766522154588, "params": {"C": 233.95533670854388, "epsilon": 0.6068007867540702, "gamma": 0.013895067582545235, "lamda": 0.5523715800667783}, "datetime": {"datetime": "2021-09-23 20:21:23", "elapsed": 169.996223, "delta": 0.94414}}
{"target": 0.45952972230273825, "params": {"C": 232.50497762185933, "epsilon": 0.7181869950759017, "gamma": 0.00504403232360044, "lamda": 0.414373393692144}, "datetime": {"datetime": "2021-09-23 20:21:24", "elapsed": 171.181647, "delta": 1.185424}}
{"target": 0.4613247915878399, "params": {"C": 230.4300689783277, "epsilon": 0.6737544450716739, "gamma": 0.014200514489178175, "lamda": 0.587086274178092}, "datetime": {"datetime": "2021-09-23 20:21:25", "elapsed": 172.079644, "delta": 0.897997}}
{"target": 0.4670810643108214, "params": {"C": 242.36383974795103, "epsilon": 0.9271252025709344, "gamma": 0.005806713696794208, "lamda": 0.5138298844713372}, "datetime": {"datetime": "2021-09-23 20:21:26", "elapsed": 173.004643, "delta": 0.924999}}
{"target": 0.4619650156682662, "params": {"C": 242.37564422319178, "epsilon": 0.9420550824179175, "gamma": 0.0152436555340647, "lamda": 0.4551092973876486}, "datetime": {"datetime": "2021-09-23 20:21:27", "elapsed": 174.348014, "delta": 1.343371}}
{"target": 0.46770719477196643, "params": {"C": 210.81901471907665, "epsilon": 0.8187497356173619, "gamma": 0.008409420137619385, "lamda": 0.5623288827140925}, "datetime": {"datetime": "2021-09-23 20:21:29", "elapsed": 176.401679, "delta": 2.053665}}
{"target": 0.43267362911337637, "params": {"C": 207.04642850434644, "epsilon": 0.7880435622360014, "gamma": 0.01843167945911445, "lamda": 0.24737948981782007}, "datetime": {"datetime": "2021-09-23 20:21:30", "elapsed": 177.583681, "delta": 1.182002}}
{"target": 0.45452179918384705, "params": {"C": 244.93193122429875, "epsilon": 0.8033898762032874, "gamma": 0.004360522466791264, "lamda": 0.2927385619650498}, "datetime": {"datetime": "2021-09-23 20:21:32", "elapsed": 179.028682, "delta": 1.445001}}
{"target": 0.4507531656351649, "params": {"C": 231.38432971850483, "epsilon": 0.9966016984112133, "gamma": 0.0017452147776988, "lamda": 0.4553585725734853}, "datetime": {"datetime": "2021-09-23 20:21:33", "elapsed": 180.314684, "delta": 1.286002}}
{"target": 0.46548924740803554, "params": {"C": 231.34580513743865, "epsilon": 0.8906670230651204, "gamma": 0.012010310149119189, "lamda": 0.4803213515024737}, "datetime": {"datetime": "2021-09-23 20:21:35", "elapsed": 182.511684, "delta": 2.197}}
{"target": 0.46408279226496274, "params": {"C": 211.4592978770686, "epsilon": 0.9802472091563684, "gamma": 0.01402175284372114, "lamda": 0.4934712878210746}, "datetime": {"datetime": "2021-09-23 20:21:37", "elapsed": 184.206683, "delta": 1.694999}}
{"target": 0.46349465126328904, "params": {"C": 210.80723258814555, "epsilon": 0.8458044518893315, "gamma": 0.01299910980955351, "lamda": 0.5158610301240084}, "datetime": {"datetime": "2021-09-23 20:21:38", "elapsed": 185.57328, "delta": 1.366597}}
{"target": 0.43936210823794064, "params": {"C": 237.3944481615112, "epsilon": 0.5441679118522753, "gamma": 0.014823084053124422, "lamda": 0.3340899100581761}, "datetime": {"datetime": "2021-09-23 20:21:39", "elapsed": 186.579287, "delta": 1.006007}}
{"target": 0.4650572471586174, "params": {"C": 219.58507246715814, "epsilon": 0.9833389824246119, "gamma": 0.01531197767231407, "lamda": 0.5935953755381805}, "datetime": {"datetime": "2021-09-23 20:21:40", "elapsed": 187.729911, "delta": 1.150624}}
{"target": 0.4685838885955883, "params": {"C": 211.42296303424615, "epsilon": 0.8813427692501405, "gamma": 0.009040036972060527, "lamda": 0.5896933133683326}, "datetime": {"datetime": "2021-09-23 20:21:42", "elapsed": 189.084567, "delta": 1.354656}}
{"target": 0.46559628000402153, "params": {"C": 211.3765733372268, "epsilon": 0.8546012889273578, "gamma": 0.013185349100267398, "lamda": 0.5900191037790894}, "datetime": {"datetime": "2021-09-23 20:21:44", "elapsed": 190.840373, "delta": 1.755806}}
{"target": 0.45810419906043953, "params": {"C": 211.83072088730748, "epsilon": 0.9526551695305623, "gamma": 0.01877644606972545, "lamda": 0.5171019061983384}, "datetime": {"datetime": "2021-09-23 20:21:45", "elapsed": 192.437934, "delta": 1.597561}}
{"target": 0.45691155791364446, "params": {"C": 211.4198655018186, "epsilon": 0.9227253706051708, "gamma": 0.02, "lamda": 0.5479618646178949}, "datetime": {"datetime": "2021-09-23 20:21:47", "elapsed": 194.145747, "delta": 1.707813}}
{"target": 0.45940146813768934, "params": {"C": 210.95434877597035, "epsilon": 0.9888021278439039, "gamma": 0.02, "lamda": 0.6}, "datetime": {"datetime": "2021-09-23 20:21:49", "elapsed": 195.844874, "delta": 1.699127}}
{"target": 0.4555226646554563, "params": {"C": 222.61585961426854, "epsilon": 0.9404936909285673, "gamma": 0.019132635605140776, "lamda": 0.46607576035059034}, "datetime": {"datetime": "2021-09-23 20:21:49", "elapsed": 196.753864, "delta": 0.90899}}
{"target": 0.4542950399182256, "params": {"C": 242.37630985332856, "epsilon": 0.9817966918046137, "gamma": 0.002313787889273949, "lamda": 0.5171727706882769}, "datetime": {"datetime": "2021-09-23 20:21:51", "elapsed": 198.240001, "delta": 1.486137}}
{"target": 0.46012011037618183, "params": {"C": 246.17994785946036, "epsilon": 0.6666750442850677, "gamma": 0.008265453712006012, "lamda": 0.41006987141317364}, "datetime": {"datetime": "2021-09-23 20:21:52", "elapsed": 199.254977, "delta": 1.014976}}
{"target": 0.4518044353034839, "params": {"C": 230.82427426959276, "epsilon": 0.951439364169848, "gamma": 0.006199507088419131, "lamda": 0.20184672104850598}, "datetime": {"datetime": "2021-09-23 20:21:53", "elapsed": 200.427007, "delta": 1.17203}}
{"target": 0.46526303531612734, "params": {"C": 231.08917898003142, "epsilon": 0.8855419504177835, "gamma": 0.00828690997119096, "lamda": 0.4043296995305127}, "datetime": {"datetime": "2021-09-23 20:21:54", "elapsed": 201.509304, "delta": 1.082297}}
{"target": 0.4539431299062051, "params": {"C": 242.40305554952587, "epsilon": 0.8715459068638993, "gamma": 0.0020450952297620347, "lamda": 0.5176847163408995}, "datetime": {"datetime": "2021-09-23 20:21:56", "elapsed": 203.437841, "delta": 1.928537}}
{"target": 0.44954271728149775, "params": {"C": 216.168566577629, "epsilon": 0.5649691422999429, "gamma": 0.0067758407061179506, "lamda": 0.3027500156017481}, "datetime": {"datetime": "2021-09-23 20:21:57", "elapsed": 204.428473, "delta": 0.990632}}
{"target": 0.43855760524125253, "params": {"C": 231.28505504433448, "epsilon": 0.9296192170569139, "gamma": 0.001, "lamda": 0.5071955034147828}, "datetime": {"datetime": "2021-09-23 20:21:59", "elapsed": 206.07165, "delta": 1.643177}}
{"target": 0.4524327823030486, "params": {"C": 231.3666898797156, "epsilon": 0.9018270976167322, "gamma": 0.002011320426626644, "lamda": 0.5479817484512826}, "datetime": {"datetime": "2021-09-23 20:22:01", "elapsed": 207.785985, "delta": 1.714335}}
{"target": 0.4685949591464478, "params": {"C": 213.08241309145245, "epsilon": 0.8788539151501511, "gamma": 0.008256528500422411, "lamda": 0.5864756666431822}, "datetime": {"datetime": "2021-09-23 20:22:02", "elapsed": 209.580091, "delta": 1.794106}}
{"target": 0.4535843986599667, "params": {"C": 231.2521480873147, "epsilon": 0.8481228601029135, "gamma": 0.02, "lamda": 0.49488503577715276}, "datetime": {"datetime": "2021-09-23 20:22:04", "elapsed": 211.521538, "delta": 1.941447}}
{"target": 0.43628390601147304, "params": {"C": 210.58863949822418, "epsilon": 0.897334030390984, "gamma": 0.001, "lamda": 0.5527645984794596}, "datetime": {"datetime": "2021-09-23 20:22:06", "elapsed": 213.015889, "delta": 1.494351}}
{"target": 0.4402482381998568, "params": {"C": 210.81634841467576, "epsilon": 0.8743036137595027, "gamma": 0.0011443570935539395, "lamda": 0.5563921050853686}, "datetime": {"datetime": "2021-09-23 20:22:08", "elapsed": 215.197676, "delta": 2.181787}}
{"target": 0.4647929614515428, "params": {"C": 219.58154914843476, "epsilon": 0.9324514896676528, "gamma": 0.010471743645931543, "lamda": 0.41883367393162674}, "datetime": {"datetime": "2021-09-23 20:22:09", "elapsed": 216.333167, "delta": 1.135491}}
{"target": 0.4638381815889575, "params": {"C": 211.84741353599068, "epsilon": 0.9067511301777492, "gamma": 0.005295748781917675, "lamda": 0.4630365499100582}, "datetime": {"datetime": "2021-09-23 20:22:10", "elapsed": 217.445596, "delta": 1.112429}}
{"target": 0.45509684259390326, "params": {"C": 210.87527019133017, "epsilon": 0.8293585221485587, "gamma": 0.0025535326567616345, "lamda": 0.5384562343761644}, "datetime": {"datetime": "2021-09-23 20:22:11", "elapsed": 218.73757, "delta": 1.291974}}
{"target": 0.4640107440819713, "params": {"C": 234.87354904625425, "epsilon": 0.9061717548258958, "gamma": 0.013913327315855512, "lamda": 0.49080346565420496}, "datetime": {"datetime": "2021-09-23 20:22:12", "elapsed": 219.71527, "delta": 0.9777}}
{"target": 0.4647158185895546, "params": {"C": 212.9919343455536, "epsilon": 0.8991261854209032, "gamma": 0.01458630614363128, "lamda": 0.5816551506595957}, "datetime": {"datetime": "2021-09-23 20:22:14", "elapsed": 221.188738, "delta": 1.473468}}
{"target": 0.4559080127355001, "params": {"C": 210.8601075001748, "epsilon": 0.9088136832691942, "gamma": 0.02, "lamda": 0.5327909485175034}, "datetime": {"datetime": "2021-09-23 20:22:15", "elapsed": 222.624792, "delta": 1.436054}}
{"target": 0.4614665563937914, "params": {"C": 211.77249029629866, "epsilon": 0.9503773607903059, "gamma": 0.016205259931779587, "lamda": 0.5131796445223632}, "datetime": {"datetime": "2021-09-23 20:22:17", "elapsed": 224.142096, "delta": 1.517304}}
{"target": 0.4388294687522254, "params": {"C": 202.7866326996221, "epsilon": 0.7550730315958935, "gamma": 0.01709424042471094, "lamda": 0.3037202921577295}, "datetime": {"datetime": "2021-09-23 20:22:18", "elapsed": 225.221098, "delta": 1.079002}}
{"target": 0.4476224696942205, "params": {"C": 213.0737284986975, "epsilon": 0.866744820044139, "gamma": 0.0015790739739423884, "lamda": 0.5476793389990116}, "datetime": {"datetime": "2021-09-23 20:22:19", "elapsed": 226.71916, "delta": 1.498062}}
{"target": 0.46408232765145563, "params": {"C": 211.7778157888205, "epsilon": 0.9043918480457631, "gamma": 0.004565204046068256, "lamda": 0.5570282829340042}, "datetime": {"datetime": "2021-09-23 20:22:21", "elapsed": 228.167866, "delta": 1.448706}}
{"target": 0.45151682740108057, "params": {"C": 219.5523499161356, "epsilon": 0.9698328422668909, "gamma": 0.0019513147889743928, "lamda": 0.520111301602664}, "datetime": {"datetime": "2021-09-23 20:22:22", "elapsed": 229.596928, "delta": 1.429062}}
{"target": 0.4382322152937723, "params": {"C": 228.9233249152049, "epsilon": 0.6053383603516336, "gamma": 0.01879749163681796, "lamda": 0.3931665093922033}, "datetime": {"datetime": "2021-09-23 20:22:24", "elapsed": 230.819366, "delta": 1.222438}}
{"target": 0.45733287568791203, "params": {"C": 211.53867598362916, "epsilon": 0.957533837712255, "gamma": 0.002827422949084513, "lamda": 0.5276666054125796}, "datetime": {"datetime": "2021-09-23 20:22:25", "elapsed": 232.497037, "delta": 1.677671}}
{"target": 0.44518266145719054, "params": {"C": 225.23338107215588, "epsilon": 0.5927248685708069, "gamma": 0.0018530736562470847, "lamda": 0.42543424643402095}, "datetime": {"datetime": "2021-09-23 20:22:26", "elapsed": 233.709406, "delta": 1.212369}}
{"target": 0.46866195723240167, "params": {"C": 219.56350944898264, "epsilon": 0.971188269208348, "gamma": 0.007885575707176061, "lamda": 0.5635379479216946}, "datetime": {"datetime": "2021-09-23 20:22:29", "elapsed": 235.804745, "delta": 2.095339}}
{"target": 0.45878110654089355, "params": {"C": 246.01202252635974, "epsilon": 0.7801625881395056, "gamma": 0.007248654461647994, "lamda": 0.31901410546915765}, "datetime": {"datetime": "2021-09-23 20:22:30", "elapsed": 237.308025, "delta": 1.50328}}
{"target": 0.45786928886188916, "params": {"C": 219.5148514323697, "epsilon": 0.949769249224535, "gamma": 0.01833431154257366, "lamda": 0.48754486022106885}, "datetime": {"datetime": "2021-09-23 20:22:32", "elapsed": 238.891241, "delta": 1.583216}}
{"target": 0.4634037240349609, "params": {"C": 210.76590449401715, "epsilon": 0.9524480251178589, "gamma": 0.01492397765687676, "lamda": 0.5229255856912249}, "datetime": {"datetime": "2021-09-23 20:22:34", "elapsed": 240.951306, "delta": 2.060065}}
{"target": 0.4659373551222644, "params": {"C": 213.02794118129952, "epsilon": 0.8829644810226812, "gamma": 0.012683478778875537, "lamda": 0.560926068702378}, "datetime": {"datetime": "2021-09-23 20:22:36", "elapsed": 243.75879, "delta": 2.807484}}
{"target": 0.4565536158604453, "params": {"C": 219.55650626108743, "epsilon": 0.9263807011039106, "gamma": 0.0026270279794051053, "lamda": 0.534578464587806}, "datetime": {"datetime": "2021-09-23 20:22:39", "elapsed": 246.221659, "delta": 2.462869}}
{"target": 0.454205006479217, "params": {"C": 211.4756657444741, "epsilon": 0.9713366351968546, "gamma": 0.0023416476737447775, "lamda": 0.5323370198323484}, "datetime": {"datetime": "2021-09-23 20:22:41", "elapsed": 247.800454, "delta": 1.578795}}
{"target": 0.46698277773006924, "params": {"C": 231.30496538011425, "epsilon": 0.8918287870832364, "gamma": 0.008492334122283902, "lamda": 0.4492043430608601}, "datetime": {"datetime": "2021-09-23 20:22:42", "elapsed": 249.761359, "delta": 1.960905}}
{"target": 0.4682390920669883, "params": {"C": 210.87268377424405, "epsilon": 0.9466066899409845, "gamma": 0.007424622562048944, "lamda": 0.5961070034450942}, "datetime": {"datetime": "2021-09-23 20:22:44", "elapsed": 251.349346, "delta": 1.587987}}
