{"target": 0.46772290087778357, "params": {"C": 496.2809176244921, "epsilon": 0.8232583078359006, "gamma": 0.011794388773742117, "lamda": 0.5022280517215518}, "datetime": {"datetime": "2021-09-23 21:11:55", "elapsed": 239.292919, "delta": 1.302034}}
{"target": 0.4687521228428261, "params": {"C": 364.19624664708925, "epsilon": 0.8192363446068888, "gamma": 0.009883420624027134, "lamda": 0.7764200113262387}, "datetime": {"datetime": "2021-09-23 21:11:57", "elapsed": 241.293154, "delta": 2.000235}}
{"target": 0.46896795929113244, "params": {"C": 385.49877432592086, "epsilon": 0.9444296263989133, "gamma": 0.009703456690647361, "lamda": 0.6246651433020521}, "datetime": {"datetime": "2021-09-23 21:11:58", "elapsed": 242.692375, "delta": 1.399221}}
{"target": 0.46656134057987886, "params": {"C": 419.35783544713024, "epsilon": 0.9753128129557597, "gamma": 0.013863610547147971, "lamda": 0.630598069894805}, "datetime": {"datetime": "2021-09-23 21:12:00", "elapsed": 244.546806, "delta": 1.854431}}
{"target": 0.46723748018501454, "params": {"C": 405.7237684649293, "epsilon": 0.9350359337732126, "gamma": 0.012826401904272321, "lamda": 0.777536231824635}, "datetime": {"datetime": "2021-09-23 21:12:01", "elapsed": 245.845808, "delta": 1.299002}}
{"target": 0.4687165915474848, "params": {"C": 367.24532182483574, "epsilon": 0.9084055976143928, "gamma": 0.0109202213568754, "lamda": 0.5782519206299939}, "datetime": {"datetime": "2021-09-23 21:12:03", "elapsed": 247.682853, "delta": 1.837045}}
{"target": 0.46821114893836413, "params": {"C": 389.5371502974823, "epsilon": 0.9738235622296677, "gamma": 0.009424407657720072, "lamda": 0.7370994575292672}, "datetime": {"datetime": "2021-09-23 21:12:04", "elapsed": 248.943463, "delta": 1.26061}}
{"target": 0.4674495428595351, "params": {"C": 464.62888815588195, "epsilon": 0.8360287460396045, "gamma": 0.006197794704566413, "lamda": 0.637708048634361}, "datetime": {"datetime": "2021-09-23 21:12:07", "elapsed": 251.563601, "delta": 2.620138}}
{"target": 0.4670739372784366, "params": {"C": 442.0230520028831, "epsilon": 0.8726572898575976, "gamma": 0.012865776715523556, "lamda": 0.5461424183839337}, "datetime": {"datetime": "2021-09-23 21:12:09", "elapsed": 253.85037, "delta": 2.286769}}
{"target": 0.46881900637867924, "params": {"C": 391.8722308868345, "epsilon": 0.8624724001706237, "gamma": 0.008125534017711118, "lamda": 0.6724541434164487}, "datetime": {"datetime": "2021-09-23 21:12:11", "elapsed": 255.721614, "delta": 1.871244}}
{"target": 0.4682062651574044, "params": {"C": 409.5007440018909, "epsilon": 0.7966422548020007, "gamma": 0.011750282354045374, "lamda": 0.6674246119421159}, "datetime": {"datetime": "2021-09-23 21:12:13", "elapsed": 257.576025, "delta": 1.854411}}
{"target": 0.46760204127662275, "params": {"C": 382.26622845251615, "epsilon": 0.9185222624165329, "gamma": 0.01235629719930344, "lamda": 0.7593501827087481}, "datetime": {"datetime": "2021-09-23 21:12:14", "elapsed": 258.895785, "delta": 1.31976}}
{"target": 0.46852778002788764, "params": {"C": 428.66206177313364, "epsilon": 0.7478770047980787, "gamma": 0.011177772586100327, "lamda": 0.6269802149580942}, "datetime": {"datetime": "2021-09-23 21:12:16", "elapsed": 260.369409, "delta": 1.473624}}
{"target": 0.46868538418133465, "params": {"C": 444.11382334878533, "epsilon": 0.9521782932212444, "gamma": 0.009918076670240689, "lamda": 0.6748571880891983}, "datetime": {"datetime": "2021-09-23 21:12:17", "elapsed": 262.097242, "delta": 1.727833}}
{"target": 0.4655917223568631, "params": {"C": 365.8368824393011, "epsilon": 0.7996255336842273, "gamma": 0.014561101701737345, "lamda": 0.653735906431972}, "datetime": {"datetime": "2021-09-23 21:12:19", "elapsed": 263.587763, "delta": 1.490521}}
{"target": 0.4691905267559604, "params": {"C": 350.47069293317816, "epsilon": 0.8592655889148728, "gamma": 0.009945237636751068, "lamda": 0.5833155636879536}, "datetime": {"datetime": "2021-09-23 21:12:21", "elapsed": 265.484525, "delta": 1.896762}}
{"target": 0.4691341185895287, "params": {"C": 436.5864990230041, "epsilon": 0.9881526286960431, "gamma": 0.009731806990894607, "lamda": 0.5506967308592795}, "datetime": {"datetime": "2021-09-23 21:12:22", "elapsed": 266.908023, "delta": 1.423498}}
{"target": 0.46795944816812574, "params": {"C": 404.16532419935794, "epsilon": 0.919855139524269, "gamma": 0.011891549468540465, "lamda": 0.7149501353292189}, "datetime": {"datetime": "2021-09-23 21:12:24", "elapsed": 268.555455, "delta": 1.647432}}
{"target": 0.46896205882377284, "params": {"C": 388.9424511050132, "epsilon": 0.9825947249158782, "gamma": 0.010219081076094448, "lamda": 0.5667272020837941}, "datetime": {"datetime": "2021-09-23 21:12:25", "elapsed": 269.821073, "delta": 1.265618}}
{"target": 0.4694148785457265, "params": {"C": 355.23773839325486, "epsilon": 0.9731961699879098, "gamma": 0.008873543144466273, "lamda": 0.5062837171025776}, "datetime": {"datetime": "2021-09-23 21:12:27", "elapsed": 271.462753, "delta": 1.64168}}
{"target": 0.464701824062159, "params": {"C": 383.9657086834579, "epsilon": 0.7064342150535421, "gamma": 0.014374439325242619, "lamda": 0.5782701601263733}, "datetime": {"datetime": "2021-09-23 21:12:28", "elapsed": 273.129535, "delta": 1.666782}}
{"target": 0.46777870710364033, "params": {"C": 465.0936115353062, "epsilon": 0.9628069068525295, "gamma": 0.012219778776321967, "lamda": 0.6761214343381943}, "datetime": {"datetime": "2021-09-23 21:12:30", "elapsed": 275.064259, "delta": 1.934724}}
{"target": 0.46704262287962817, "params": {"C": 432.98883048901143, "epsilon": 0.8930526061351706, "gamma": 0.012964695915917236, "lamda": 0.5486697842311217}, "datetime": {"datetime": "2021-09-23 21:12:32", "elapsed": 277.051853, "delta": 1.987594}}
{"target": 0.46942084008734875, "params": {"C": 391.0477754869677, "epsilon": 0.9531279441428605, "gamma": 0.009118421694557578, "lamda": 0.5088030738317815}, "datetime": {"datetime": "2021-09-23 21:12:35", "elapsed": 279.994448, "delta": 2.942595}}
{"target": 0.467476563422055, "params": {"C": 403.85957503878484, "epsilon": 0.9675757222826336, "gamma": 0.012669473443129188, "lamda": 0.6792295705145719}, "datetime": {"datetime": "2021-09-23 21:12:37", "elapsed": 281.952126, "delta": 1.957678}}
{"target": 0.46889464221942134, "params": {"C": 414.69016869702443, "epsilon": 0.824787769913625, "gamma": 0.008342859878047575, "lamda": 0.7068113970789742}, "datetime": {"datetime": "2021-09-23 21:12:40", "elapsed": 285.152136, "delta": 3.20001}}
{"target": 0.46910668392237975, "params": {"C": 361.4120458302124, "epsilon": 0.8502742553860332, "gamma": 0.00977777095408355, "lamda": 0.6515502324264544}, "datetime": {"datetime": "2021-09-23 21:12:43", "elapsed": 287.558335, "delta": 2.406199}}
{"target": 0.46828638504726583, "params": {"C": 444.11543912631663, "epsilon": 0.9533236172568387, "gamma": 0.011417432802240758, "lamda": 0.6554017959343762}, "datetime": {"datetime": "2021-09-23 21:12:45", "elapsed": 289.52025, "delta": 1.961915}}
{"target": 0.4687117406654536, "params": {"C": 399.7720566472037, "epsilon": 0.9536935497725723, "gamma": 0.009313508331443546, "lamda": 0.6714696851465195}, "datetime": {"datetime": "2021-09-23 21:12:47", "elapsed": 291.244227, "delta": 1.723977}}
{"target": 0.469001732621277, "params": {"C": 364.25993249089663, "epsilon": 0.8749248077078071, "gamma": 0.00937969338285297, "lamda": 0.6751956244324241}, "datetime": {"datetime": "2021-09-23 21:12:49", "elapsed": 293.396574, "delta": 2.152347}}
{"target": 0.46953622592134525, "params": {"C": 356.136283378902, "epsilon": 0.759153869660053, "gamma": 0.00759688597279092, "lamda": 0.5333708653745818}, "datetime": {"datetime": "2021-09-23 21:12:50", "elapsed": 295.223224, "delta": 1.82665}}
{"target": 0.46887392196382216, "params": {"C": 447.4618089098574, "epsilon": 0.8537865677538152, "gamma": 0.009836276702967984, "lamda": 0.7147879381753361}, "datetime": {"datetime": "2021-09-23 21:12:52", "elapsed": 296.790462, "delta": 1.567238}}
{"target": 0.46796989103373665, "params": {"C": 498.6741558021682, "epsilon": 0.8376805982043297, "gamma": 0.012030344862736707, "lamda": 0.6198207786167952}, "datetime": {"datetime": "2021-09-23 21:12:54", "elapsed": 298.555872, "delta": 1.76541}}
{"target": 0.46938988100887946, "params": {"C": 369.2097916262729, "epsilon": 0.7446436741042687, "gamma": 0.00884281195947225, "lamda": 0.6800899259303058}, "datetime": {"datetime": "2021-09-23 21:12:56", "elapsed": 301.142411, "delta": 2.586539}}
{"target": 0.467947517563293, "params": {"C": 362.29854914105164, "epsilon": 0.8137073077569409, "gamma": 0.011991010641598531, "lamda": 0.7960331991945975}, "datetime": {"datetime": "2021-09-23 21:12:58", "elapsed": 303.150192, "delta": 2.007781}}
{"target": 0.46562982323006474, "params": {"C": 385.22333317766584, "epsilon": 0.7463817152934423, "gamma": 0.014753664273461949, "lamda": 0.7593413022795743}, "datetime": {"datetime": "2021-09-23 21:13:00", "elapsed": 305.143267, "delta": 1.993075}}
{"target": 0.46888107248526667, "params": {"C": 391.04428787454793, "epsilon": 0.9646271113867411, "gamma": 0.007350166475548128, "lamda": 0.5247662265270225}, "datetime": {"datetime": "2021-09-23 21:13:03", "elapsed": 307.733678, "delta": 2.590411}}
{"target": 0.46575640669465523, "params": {"C": 405.32327800007135, "epsilon": 0.8866452032696011, "gamma": 0.014182761022620895, "lamda": 0.5511096439681731}, "datetime": {"datetime": "2021-09-23 21:13:05", "elapsed": 309.776944, "delta": 2.043266}}
{"target": 0.4690561684105198, "params": {"C": 356.12608576317353, "epsilon": 0.7508216569922994, "gamma": 0.006654196042633686, "lamda": 0.524211077256893}, "datetime": {"datetime": "2021-09-23 21:13:07", "elapsed": 311.666482, "delta": 1.889538}}
{"target": 0.46893537003788865, "params": {"C": 354.6743831060678, "epsilon": 0.8372365055299233, "gamma": 0.010536646682194218, "lamda": 0.5626043174562763}, "datetime": {"datetime": "2021-09-23 21:13:09", "elapsed": 314.14703, "delta": 2.480548}}
{"target": 0.4643699636380081, "params": {"C": 446.01057036679504, "epsilon": 0.7749790154040505, "gamma": 0.014713984348001833, "lamda": 0.5402314091309073}, "datetime": {"datetime": "2021-09-23 21:13:12", "elapsed": 316.462177, "delta": 2.315147}}
{"target": 0.46836387920244005, "params": {"C": 367.10609761377583, "epsilon": 0.9081226360608738, "gamma": 0.006387611994832282, "lamda": 0.5025139003226858}, "datetime": {"datetime": "2021-09-23 21:13:14", "elapsed": 318.265285, "delta": 1.803108}}
{"target": 0.4680553407425646, "params": {"C": 363.98478345864055, "epsilon": 0.804784528492271, "gamma": 0.007017250331768549, "lamda": 0.7174631008897628}, "datetime": {"datetime": "2021-09-23 21:13:15", "elapsed": 320.151866, "delta": 1.886581}}
{"target": 0.46699151737589695, "params": {"C": 393.0475372582546, "epsilon": 0.7323411546221832, "gamma": 0.012541364114330683, "lamda": 0.5660991245415488}, "datetime": {"datetime": "2021-09-23 21:13:17", "elapsed": 321.89125, "delta": 1.739384}}
{"target": 0.46888876046073047, "params": {"C": 447.5103444189517, "epsilon": 0.8335660851849285, "gamma": 0.0076149715527626775, "lamda": 0.6390322290447386}, "datetime": {"datetime": "2021-09-23 21:13:19", "elapsed": 324.198035, "delta": 2.306785}}
{"target": 0.46711172082920294, "params": {"C": 391.0417321546158, "epsilon": 0.969196490936147, "gamma": 0.012914947984057602, "lamda": 0.5128636137155966}, "datetime": {"datetime": "2021-09-23 21:13:22", "elapsed": 326.651141, "delta": 2.453106}}
{"target": 0.46731241362902065, "params": {"C": 447.50453587813087, "epsilon": 0.8246816903967137, "gamma": 0.012887789318828426, "lamda": 0.6587028238216136}, "datetime": {"datetime": "2021-09-23 21:13:25", "elapsed": 329.364377, "delta": 2.713236}}
{"target": 0.4692444902698182, "params": {"C": 447.51550261680313, "epsilon": 0.8289833433993102, "gamma": 0.008251623513556391, "lamda": 0.6273619806234862}, "datetime": {"datetime": "2021-09-23 21:13:28", "elapsed": 332.281858, "delta": 2.917481}}
{"target": 0.46848637128502846, "params": {"C": 499.6138309204149, "epsilon": 0.9638475999296539, "gamma": 0.011005730225529939, "lamda": 0.6418346921781186}, "datetime": {"datetime": "2021-09-23 21:13:29", "elapsed": 334.213436, "delta": 1.931578}}
{"target": 0.46802826062684233, "params": {"C": 496.2953277130711, "epsilon": 0.8452266890148141, "gamma": 0.011656509801718253, "lamda": 0.5237101081371149}, "datetime": {"datetime": "2021-09-23 21:13:32", "elapsed": 336.762342, "delta": 2.548906}}
{"target": 0.466750326225737, "params": {"C": 450.7901981514124, "epsilon": 0.7414953566515902, "gamma": 0.013560221935354699, "lamda": 0.7444780637648066}, "datetime": {"datetime": "2021-09-23 21:13:34", "elapsed": 339.219644, "delta": 2.457302}}
{"target": 0.4682207820580565, "params": {"C": 391.8463661092396, "epsilon": 0.9878458242126245, "gamma": 0.011678840711111579, "lamda": 0.5335702827980261}, "datetime": {"datetime": "2021-09-23 21:13:36", "elapsed": 341.033878, "delta": 1.814234}}
{"target": 0.46824314468739525, "params": {"C": 394.2757325302069, "epsilon": 0.7534707474091817, "gamma": 0.011601375951236278, "lamda": 0.6453168324107152}, "datetime": {"datetime": "2021-09-23 21:13:38", "elapsed": 342.687, "delta": 1.653122}}
{"target": 0.46746931394809765, "params": {"C": 452.38665142645345, "epsilon": 0.9330206859699689, "gamma": 0.012740869657528502, "lamda": 0.66967804563664}, "datetime": {"datetime": "2021-09-23 21:13:39", "elapsed": 344.221692, "delta": 1.534692}}
{"target": 0.4673490579912595, "params": {"C": 490.3240906806933, "epsilon": 0.744771654932294, "gamma": 0.006173608803296533, "lamda": 0.7245983474444349}, "datetime": {"datetime": "2021-09-23 21:13:41", "elapsed": 345.811296, "delta": 1.589604}}
{"target": 0.46854908224770364, "params": {"C": 359.87129406803274, "epsilon": 0.8919222108352882, "gamma": 0.008443102426905928, "lamda": 0.7124050732125221}, "datetime": {"datetime": "2021-09-23 21:13:43", "elapsed": 347.529964, "delta": 1.718668}}
{"target": 0.46740374826122777, "params": {"C": 460.44318292633767, "epsilon": 0.9842123243785467, "gamma": 0.01259345903186934, "lamda": 0.5033846428667145}, "datetime": {"datetime": "2021-09-23 21:13:45", "elapsed": 350.095125, "delta": 2.565161}}
{"target": 0.4666787386716128, "params": {"C": 423.6906444571131, "epsilon": 0.9239770533169389, "gamma": 0.006871470583980261, "lamda": 0.7547058404824587}, "datetime": {"datetime": "2021-09-23 21:13:47", "elapsed": 351.745869, "delta": 1.650744}}
{"target": 0.467491892968382, "params": {"C": 422.62360177811547, "epsilon": 0.9517729554471247, "gamma": 0.012710901217652799, "lamda": 0.6141280548359742}, "datetime": {"datetime": "2021-09-23 21:13:49", "elapsed": 353.346175, "delta": 1.600306}}
{"target": 0.4687377789043484, "params": {"C": 356.11839316688105, "epsilon": 0.741785443680212, "gamma": 0.006469993753771645, "lamda": 0.5652359252305662}, "datetime": {"datetime": "2021-09-23 21:13:51", "elapsed": 355.604869, "delta": 2.258694}}
{"target": 0.46812972613556547, "params": {"C": 439.3043129488801, "epsilon": 0.8578652686807557, "gamma": 0.011854108122002167, "lamda": 0.6445281146672982}, "datetime": {"datetime": "2021-09-23 21:13:53", "elapsed": 357.261522, "delta": 1.656653}}
{"target": 0.4696543336852713, "params": {"C": 370.2675813900564, "epsilon": 0.7777631915442476, "gamma": 0.00842443253619446, "lamda": 0.5083158053669782}, "datetime": {"datetime": "2021-09-23 21:13:54", "elapsed": 358.928519, "delta": 1.666997}}
{"target": 0.4670711908697732, "params": {"C": 443.5727266840302, "epsilon": 0.9749467464942347, "gamma": 0.01296370625119513, "lamda": 0.511390222277452}, "datetime": {"datetime": "2021-09-23 21:13:56", "elapsed": 360.981855, "delta": 2.053336}}
{"target": 0.46801169200075265, "params": {"C": 392.8527745923489, "epsilon": 0.8712945001239873, "gamma": 0.012017377143552103, "lamda": 0.6342008355639768}, "datetime": {"datetime": "2021-09-23 21:13:58", "elapsed": 362.828993, "delta": 1.847138}}
{"target": 0.4691109041800171, "params": {"C": 369.2182230112125, "epsilon": 0.7492010265175226, "gamma": 0.007690048831663786, "lamda": 0.6779567087175216}, "datetime": {"datetime": "2021-09-23 21:14:00", "elapsed": 364.807906, "delta": 1.978913}}
{"target": 0.46930330885958005, "params": {"C": 353.96248445880565, "epsilon": 0.8169978779484723, "gamma": 0.009187112091320735, "lamda": 0.6407306260058635}, "datetime": {"datetime": "2021-09-23 21:14:02", "elapsed": 366.601638, "delta": 1.793732}}
{"target": 0.46897459513844375, "params": {"C": 497.05772933305235, "epsilon": 0.8372146569222246, "gamma": 0.009383093193321687, "lamda": 0.7140735866231522}, "datetime": {"datetime": "2021-09-23 21:14:03", "elapsed": 368.222822, "delta": 1.621184}}
{"target": 0.4691798950844659, "params": {"C": 396.4647673863073, "epsilon": 0.8730506521375012, "gamma": 0.008004637040777203, "lamda": 0.5907980328363043}, "datetime": {"datetime": "2021-09-23 21:14:05", "elapsed": 369.987482, "delta": 1.76466}}
{"target": 0.4678943230192103, "params": {"C": 442.47628390248843, "epsilon": 0.9743581421577538, "gamma": 0.0062893909902460845, "lamda": 0.5102222456528024}, "datetime": {"datetime": "2021-09-23 21:14:08", "elapsed": 372.809506, "delta": 2.822024}}
{"target": 0.46901431191984155, "params": {"C": 375.1641007587064, "epsilon": 0.9773168291153365, "gamma": 0.009627328903655119, "lamda": 0.5938986391546425}, "datetime": {"datetime": "2021-09-23 21:14:11", "elapsed": 375.280905, "delta": 2.471399}}
{"target": 0.46864696430072683, "params": {"C": 452.4014227669413, "epsilon": 0.8467361262817575, "gamma": 0.006964734833448142, "lamda": 0.5889885832426226}, "datetime": {"datetime": "2021-09-23 21:14:12", "elapsed": 376.961718, "delta": 1.680813}}
{"target": 0.4671198716718693, "params": {"C": 465.3823602712319, "epsilon": 0.7488280711585971, "gamma": 0.013106356440253555, "lamda": 0.7169752330985069}, "datetime": {"datetime": "2021-09-23 21:14:14", "elapsed": 378.883677, "delta": 1.921959}}
{"target": 0.4686618605260958, "params": {"C": 416.11507746039774, "epsilon": 0.8365612434238449, "gamma": 0.010445999586534659, "lamda": 0.7547663963095739}, "datetime": {"datetime": "2021-09-23 21:14:16", "elapsed": 381.067435, "delta": 2.183758}}
{"target": 0.4677224401221304, "params": {"C": 388.42412184355805, "epsilon": 0.8678286208644564, "gamma": 0.012287434965958039, "lamda": 0.5814051047280143}, "datetime": {"datetime": "2021-09-23 21:14:19", "elapsed": 383.561188, "delta": 2.493753}}
{"target": 0.46889796208968115, "params": {"C": 412.88329224042377, "epsilon": 0.9009097426532748, "gamma": 0.009949265363913029, "lamda": 0.664910983228141}, "datetime": {"datetime": "2021-09-23 21:14:21", "elapsed": 385.442148, "delta": 1.88096}}
{"target": 0.46803371432437657, "params": {"C": 375.1539074668773, "epsilon": 0.9800624370667887, "gamma": 0.011959100025312185, "lamda": 0.5924194641999936}, "datetime": {"datetime": "2021-09-23 21:14:23", "elapsed": 387.780553, "delta": 2.338405}}
{"target": 0.46765848251520237, "params": {"C": 400.20915249161885, "epsilon": 0.7710280187290245, "gamma": 0.012533566008441438, "lamda": 0.7499277708423167}, "datetime": {"datetime": "2021-09-23 21:14:25", "elapsed": 389.707433, "delta": 1.92688}}
{"target": 0.46610927226063925, "params": {"C": 395.22819072688037, "epsilon": 0.9920679273736969, "gamma": 0.014248023203145726, "lamda": 0.5780420779616313}, "datetime": {"datetime": "2021-09-23 21:14:27", "elapsed": 391.432141, "delta": 1.724708}}
{"target": 0.4665653596574033, "params": {"C": 424.6529613561549, "epsilon": 0.8719799872919849, "gamma": 0.013590217678741804, "lamda": 0.5939046412501149}, "datetime": {"datetime": "2021-09-23 21:14:29", "elapsed": 393.254741, "delta": 1.8226}}
{"target": 0.46778286468815533, "params": {"C": 402.9969220476115, "epsilon": 0.7630769135214293, "gamma": 0.012247048654219297, "lamda": 0.6647428735982847}, "datetime": {"datetime": "2021-09-23 21:14:31", "elapsed": 395.78184, "delta": 2.527099}}
{"target": 0.4675113839168189, "params": {"C": 399.7805683922522, "epsilon": 0.9475308595216426, "gamma": 0.012673998716988122, "lamda": 0.6636494854967915}, "datetime": {"datetime": "2021-09-23 21:14:33", "elapsed": 397.841581, "delta": 2.059741}}
{"target": 0.46885874735435984, "params": {"C": 391.48594632919634, "epsilon": 0.946821809014826, "gamma": 0.010655245463067382, "lamda": 0.506839201630094}, "datetime": {"datetime": "2021-09-23 21:14:36", "elapsed": 400.93157, "delta": 3.089989}}
{"target": 0.4689331959594176, "params": {"C": 438.9873163500025, "epsilon": 0.78342459667813, "gamma": 0.009862507099282106, "lamda": 0.7661592574196138}, "datetime": {"datetime": "2021-09-23 21:14:38", "elapsed": 402.718777, "delta": 1.787207}}
{"target": 0.46965824757225283, "params": {"C": 370.2543273468924, "epsilon": 0.7627608226026285, "gamma": 0.008410509636180685, "lamda": 0.5116764480158376}, "datetime": {"datetime": "2021-09-23 21:14:41", "elapsed": 405.276423, "delta": 2.557646}}
{"target": 0.4690311658583751, "params": {"C": 386.8078905310748, "epsilon": 0.9105657938583923, "gamma": 0.008619217840384623, "lamda": 0.6274891035075301}, "datetime": {"datetime": "2021-09-23 21:14:42", "elapsed": 407.08468, "delta": 1.808257}}
{"target": 0.4672679289244127, "params": {"C": 366.6765880327403, "epsilon": 0.9436979311985144, "gamma": 0.012764646560807431, "lamda": 0.7720151256056358}, "datetime": {"datetime": "2021-09-23 21:14:44", "elapsed": 409.0879, "delta": 2.00322}}
{"target": 0.46918398121123184, "params": {"C": 424.7863007527984, "epsilon": 0.7613838562110908, "gamma": 0.008965816302602422, "lamda": 0.7320553527805193}, "datetime": {"datetime": "2021-09-23 21:14:47", "elapsed": 411.76157, "delta": 2.67367}}
{"target": 0.46793439730080133, "params": {"C": 465.6935074235356, "epsilon": 0.7057798113021029, "gamma": 0.012085491440544768, "lamda": 0.7253747095287433}, "datetime": {"datetime": "2021-09-23 21:14:49", "elapsed": 413.710263, "delta": 1.948693}}
