{"target": 0.4453851268989155, "params": {"C": 201.55686013607038, "epsilon": 0.7903007955790344, "gamma": 0.002699162741516217, "lamda": 0.286431722705747}, "datetime": {"datetime": "2021-09-23 20:19:21", "elapsed": 48.373065, "delta": 0.571035}}
{"target": 0.4619376920626507, "params": {"C": 231.2210777666409, "epsilon": 0.9166873534801272, "gamma": 0.01616559815795233, "lamda": 0.5133106152669102}, "datetime": {"datetime": "2021-09-23 20:19:22", "elapsed": 49.181376, "delta": 0.808311}}
{"target": 0.45334070091323997, "params": {"C": 231.34954762018592, "epsilon": 0.8275097125606936, "gamma": 0.02, "lamda": 0.5020863113716972}, "datetime": {"datetime": "2021-09-23 20:19:23", "elapsed": 50.238632, "delta": 1.057256}}
{"target": 0.4675053368989893, "params": {"C": 219.5728493141603, "epsilon": 0.9593115440871347, "gamma": 0.01179470198236934, "lamda": 0.5378805157175273}, "datetime": {"datetime": "2021-09-23 20:19:24", "elapsed": 51.138512, "delta": 0.89988}}
{"target": 0.467927896282861, "params": {"C": 213.19402202640683, "epsilon": 0.8650807879442053, "gamma": 0.009636132528966817, "lamda": 0.5530609193631761}, "datetime": {"datetime": "2021-09-23 20:19:24", "elapsed": 51.748512, "delta": 0.61}}
{"target": 0.46819909515272073, "params": {"C": 213.112672911035, "epsilon": 0.848194468220052, "gamma": 0.008562622958638317, "lamda": 0.5644267843811757}, "datetime": {"datetime": "2021-09-23 20:19:25", "elapsed": 52.619742, "delta": 0.87123}}
{"target": 0.44661687824498286, "params": {"C": 233.07331578487407, "epsilon": 0.5577889121539593, "gamma": 0.01947351442535828, "lamda": 0.5459937394248886}, "datetime": {"datetime": "2021-09-23 20:19:26", "elapsed": 53.149951, "delta": 0.530209}}
{"target": 0.4580557414971992, "params": {"C": 213.12884835723796, "epsilon": 0.9303509912646236, "gamma": 0.018206355125113913, "lamda": 0.5067222563466105}, "datetime": {"datetime": "2021-09-23 20:19:27", "elapsed": 54.120587, "delta": 0.970636}}
{"target": 0.4557212133295242, "params": {"C": 213.20817305218216, "epsilon": 0.7673299465243963, "gamma": 0.0027344897827594073, "lamda": 0.5552054460738662}, "datetime": {"datetime": "2021-09-23 20:19:28", "elapsed": 54.981166, "delta": 0.860579}}
{"target": 0.444844266372987, "params": {"C": 221.41310599374467, "epsilon": 0.8885477345851629, "gamma": 0.0013106405813810749, "lamda": 0.42275232864700246}, "datetime": {"datetime": "2021-09-23 20:19:29", "elapsed": 56.102166, "delta": 1.121}}
{"target": 0.4647497391494214, "params": {"C": 210.80281140968006, "epsilon": 0.8954660942319421, "gamma": 0.004942781527465305, "lamda": 0.5987766475546761}, "datetime": {"datetime": "2021-09-23 20:19:29", "elapsed": 56.765805, "delta": 0.663639}}
{"target": 0.4549288465664244, "params": {"C": 231.22485265413755, "epsilon": 0.9367549823504038, "gamma": 0.01758789396762288, "lamda": 0.39777266741781714}, "datetime": {"datetime": "2021-09-23 20:19:30", "elapsed": 57.577743, "delta": 0.811938}}
{"target": 0.4388801677259744, "params": {"C": 211.75110331229487, "epsilon": 0.7608544545397758, "gamma": 0.001, "lamda": 0.44625273481275474}, "datetime": {"datetime": "2021-09-23 20:19:31", "elapsed": 58.399737, "delta": 0.821994}}
{"target": 0.45495133624162754, "params": {"C": 237.93802401865332, "epsilon": 0.754581514511341, "gamma": 0.0041959141139586605, "lamda": 0.3332765739460378}, "datetime": {"datetime": "2021-09-23 20:19:32", "elapsed": 58.995054, "delta": 0.595317}}
{"target": 0.4388233387178585, "params": {"C": 213.1374643509868, "epsilon": 0.8274998302956716, "gamma": 0.001, "lamda": 0.4897215569607188}, "datetime": {"datetime": "2021-09-23 20:19:33", "elapsed": 60.054058, "delta": 1.059004}}
{"target": 0.4673812632830988, "params": {"C": 213.00179117988216, "epsilon": 0.8594536372651365, "gamma": 0.006342509723790653, "lamda": 0.5766969199794076}, "datetime": {"datetime": "2021-09-23 20:19:34", "elapsed": 60.932851, "delta": 0.878793}}
{"target": 0.46856635402195446, "params": {"C": 210.7127532355029, "epsilon": 0.9475090690823815, "gamma": 0.010365990102330754, "lamda": 0.5974652209721915}, "datetime": {"datetime": "2021-09-23 20:19:35", "elapsed": 61.806428, "delta": 0.873577}}
{"target": 0.4584761479850461, "params": {"C": 243.4210882877494, "epsilon": 0.8948088755861333, "gamma": 0.01699032000671473, "lamda": 0.4582031780179281}, "datetime": {"datetime": "2021-09-23 20:19:35", "elapsed": 62.38643, "delta": 0.580002}}
{"target": 0.45893770517364707, "params": {"C": 213.2935965966996, "epsilon": 0.8945071534993194, "gamma": 0.017996841446740224, "lamda": 0.54070227586965}, "datetime": {"datetime": "2021-09-23 20:19:36", "elapsed": 63.115534, "delta": 0.729104}}
{"target": 0.45137414825264444, "params": {"C": 213.15681652710649, "epsilon": 0.9396921243419685, "gamma": 0.002045578464005193, "lamda": 0.5711884135527654}, "datetime": {"datetime": "2021-09-23 20:19:37", "elapsed": 63.986576, "delta": 0.871042}}
{"target": 0.45909434373355973, "params": {"C": 212.987164137666, "epsilon": 0.9425884287095125, "gamma": 0.003214717239367605, "lamda": 0.5547672853444009}, "datetime": {"datetime": "2021-09-23 20:19:38", "elapsed": 64.777535, "delta": 0.790959}}
{"target": 0.43729603799820704, "params": {"C": 203.7664626175735, "epsilon": 0.7635496553780288, "gamma": 0.01828605100646234, "lamda": 0.3120040621286938}, "datetime": {"datetime": "2021-09-23 20:19:38", "elapsed": 65.417537, "delta": 0.640002}}
{"target": 0.45650663962493276, "params": {"C": 213.06341552010315, "epsilon": 0.822460284056308, "gamma": 0.02, "lamda": 0.6}, "datetime": {"datetime": "2021-09-23 20:19:39", "elapsed": 66.310536, "delta": 0.892999}}
{"target": 0.46257464038829466, "params": {"C": 213.16615201840753, "epsilon": 0.8483535018310621, "gamma": 0.004038786862845082, "lamda": 0.590957271744434}, "datetime": {"datetime": "2021-09-23 20:19:40", "elapsed": 67.136542, "delta": 0.826006}}
{"target": 0.4616464656516712, "params": {"C": 204.74683995008138, "epsilon": 0.8019766006830575, "gamma": 0.006994257086369347, "lamda": 0.4308148267743026}, "datetime": {"datetime": "2021-09-23 20:19:40", "elapsed": 67.755537, "delta": 0.618995}}
{"target": 0.4684192908533765, "params": {"C": 210.7175863748324, "epsilon": 0.8720197665878319, "gamma": 0.009505008798869001, "lamda": 0.59113124413045}, "datetime": {"datetime": "2021-09-23 20:19:41", "elapsed": 68.424537, "delta": 0.669}}
{"target": 0.46794124580693386, "params": {"C": 210.73043824365612, "epsilon": 0.953758294407895, "gamma": 0.006960366281583851, "lamda": 0.5411271633958366}, "datetime": {"datetime": "2021-09-23 20:19:42", "elapsed": 69.277532, "delta": 0.852995}}
{"target": 0.46867070563500757, "params": {"C": 210.6368572733849, "epsilon": 0.9663646348229205, "gamma": 0.008990858869798498, "lamda": 0.5482348458236177}, "datetime": {"datetime": "2021-09-23 20:19:43", "elapsed": 70.027576, "delta": 0.750044}}
{"target": 0.46812071087578866, "params": {"C": 210.6184502436063, "epsilon": 0.9031658419701878, "gamma": 0.00714714234358616, "lamda": 0.5857679210351723}, "datetime": {"datetime": "2021-09-23 20:19:44", "elapsed": 70.854534, "delta": 0.826958}}
{"target": 0.4287976678589934, "params": {"C": 211.65347704965885, "epsilon": 0.7256238011632811, "gamma": 0.01937572247148729, "lamda": 0.2471447748186813}, "datetime": {"datetime": "2021-09-23 20:19:44", "elapsed": 71.506534, "delta": 0.652}}
{"target": 0.4651081567449238, "params": {"C": 210.60315863093035, "epsilon": 0.8946374901137906, "gamma": 0.012209303363826671, "lamda": 0.5092839884132223}, "datetime": {"datetime": "2021-09-23 20:19:45", "elapsed": 72.418536, "delta": 0.912002}}
{"target": 0.46242281814809894, "params": {"C": 210.72863365044986, "epsilon": 0.8579135764105197, "gamma": 0.004250893747283152, "lamda": 0.5279247564916638}, "datetime": {"datetime": "2021-09-23 20:19:46", "elapsed": 73.30379, "delta": 0.885254}}
{"target": 0.4372963879053495, "params": {"C": 224.91109044620183, "epsilon": 0.8288071056051948, "gamma": 0.017813471820177434, "lamda": 0.2692033322085605}, "datetime": {"datetime": "2021-09-23 20:19:47", "elapsed": 74.064556, "delta": 0.760766}}
{"target": 0.4497989393384394, "params": {"C": 242.88925072635777, "epsilon": 0.6248601199265214, "gamma": 0.012672608282150923, "lamda": 0.3669109932594604}, "datetime": {"datetime": "2021-09-23 20:19:47", "elapsed": 74.716181, "delta": 0.651625}}
{"target": 0.4462821836285661, "params": {"C": 210.70183431270536, "epsilon": 0.6597133695196766, "gamma": 0.002398246683374096, "lamda": 0.37977523715997996}, "datetime": {"datetime": "2021-09-23 20:19:48", "elapsed": 75.453166, "delta": 0.736985}}
{"target": 0.46155958753547166, "params": {"C": 210.53970472231453, "epsilon": 0.9372588519743991, "gamma": 0.0172495403709591, "lamda": 0.5649055890007144}, "datetime": {"datetime": "2021-09-23 20:19:49", "elapsed": 76.455159, "delta": 1.001993}}
{"target": 0.4663178653601152, "params": {"C": 210.67655858650824, "epsilon": 0.9684065281920418, "gamma": 0.009557970770278312, "lamda": 0.4460918165844311}, "datetime": {"datetime": "2021-09-23 20:19:50", "elapsed": 77.346909, "delta": 0.89175}}
{"target": 0.4374470066183974, "params": {"C": 212.9194953524058, "epsilon": 0.8391457517065469, "gamma": 0.001, "lamda": 0.5577925362125807}, "datetime": {"datetime": "2021-09-23 20:19:51", "elapsed": 78.536907, "delta": 1.189998}}
{"target": 0.4566816214722208, "params": {"C": 210.60224898959024, "epsilon": 0.9182843127395695, "gamma": 0.016129647087327528, "lamda": 0.4112300478654055}, "datetime": {"datetime": "2021-09-23 20:19:52", "elapsed": 79.55717, "delta": 1.020263}}
{"target": 0.46848116967848574, "params": {"C": 213.05541385717385, "epsilon": 0.9011104501584164, "gamma": 0.009856682610841973, "lamda": 0.5790496323729095}, "datetime": {"datetime": "2021-09-23 20:19:53", "elapsed": 80.332172, "delta": 0.775002}}
{"target": 0.4611247347699218, "params": {"C": 210.62166068083073, "epsilon": 0.8140205091287442, "gamma": 0.003871776722813191, "lamda": 0.5533460206229666}, "datetime": {"datetime": "2021-09-23 20:19:54", "elapsed": 81.291008, "delta": 0.958836}}
{"target": 0.4534472374253272, "params": {"C": 210.75000017532068, "epsilon": 0.9537921101482276, "gamma": 0.0024076119401877888, "lamda": 0.4419088094583984}, "datetime": {"datetime": "2021-09-23 20:19:55", "elapsed": 82.157999, "delta": 0.866991}}
{"target": 0.43329160557074453, "params": {"C": 200.9560371717894, "epsilon": 0.9175574725260899, "gamma": 0.001, "lamda": 0.6}, "datetime": {"datetime": "2021-09-23 20:19:56", "elapsed": 83.247245, "delta": 1.089246}}
{"target": 0.4602245554775528, "params": {"C": 210.61532045544467, "epsilon": 0.999036906574321, "gamma": 0.01671245523293543, "lamda": 0.476127216729468}, "datetime": {"datetime": "2021-09-23 20:19:57", "elapsed": 84.080075, "delta": 0.83283}}
{"target": 0.44721208471887575, "params": {"C": 213.82278522808105, "epsilon": 0.9104579488964586, "gamma": 0.011061614726076946, "lamda": 0.22289008446230865}, "datetime": {"datetime": "2021-09-23 20:19:58", "elapsed": 84.82513, "delta": 0.745055}}
{"target": 0.44779849155194196, "params": {"C": 222.33292910444007, "epsilon": 0.9983578463770526, "gamma": 0.013680766386768815, "lamda": 0.24076342076566118}, "datetime": {"datetime": "2021-09-23 20:19:58", "elapsed": 85.462127, "delta": 0.636997}}
{"target": 0.4358419708119059, "params": {"C": 211.64338233235503, "epsilon": 1.0, "gamma": 0.001, "lamda": 0.5083966768983995}, "datetime": {"datetime": "2021-09-23 20:19:59", "elapsed": 86.347128, "delta": 0.885001}}
{"target": 0.45885088475492875, "params": {"C": 211.6688747995498, "epsilon": 0.9498367780100502, "gamma": 0.02, "lamda": 0.5956969857088737}, "datetime": {"datetime": "2021-09-23 20:20:00", "elapsed": 87.287954, "delta": 0.940826}}
{"target": 0.46748090802653863, "params": {"C": 211.80504958116046, "epsilon": 0.8899399713336686, "gamma": 0.006834725049116883, "lamda": 0.5279520879142368}, "datetime": {"datetime": "2021-09-23 20:20:01", "elapsed": 88.265987, "delta": 0.978033}}
{"target": 0.46355257226807023, "params": {"C": 231.2802982716414, "epsilon": 0.9850475764819491, "gamma": 0.016323358299194336, "lamda": 0.5505240984487645}, "datetime": {"datetime": "2021-09-23 20:20:02", "elapsed": 89.179704, "delta": 0.913717}}
{"target": 0.46173156498552703, "params": {"C": 211.7731994795934, "epsilon": 0.865259028088045, "gamma": 0.015391306490417343, "lamda": 0.5370774850576625}, "datetime": {"datetime": "2021-09-23 20:20:03", "elapsed": 90.013665, "delta": 0.833961}}
{"target": 0.46132547643640254, "params": {"C": 210.67649537698537, "epsilon": 0.9115371928160383, "gamma": 0.016302181509009844, "lamda": 0.5359637195153486}, "datetime": {"datetime": "2021-09-23 20:20:04", "elapsed": 90.905069, "delta": 0.891404}}
{"target": 0.4547533164527924, "params": {"C": 210.69825168983513, "epsilon": 0.9894969183665161, "gamma": 0.002422753305835689, "lamda": 0.5223052264428688}, "datetime": {"datetime": "2021-09-23 20:20:05", "elapsed": 92.138913, "delta": 1.233844}}
{"target": 0.46813161452160346, "params": {"C": 213.05096008576237, "epsilon": 0.8755700961377215, "gamma": 0.008198801678289588, "lamda": 0.5429654365191843}, "datetime": {"datetime": "2021-09-23 20:20:06", "elapsed": 93.046873, "delta": 0.90796}}
{"target": 0.46797531579279794, "params": {"C": 231.2786688721974, "epsilon": 0.876840050932899, "gamma": 0.006873104221165036, "lamda": 0.509055293876415}, "datetime": {"datetime": "2021-09-23 20:20:07", "elapsed": 93.788879, "delta": 0.742006}}
{"target": 0.4603163696926401, "params": {"C": 240.0569684711543, "epsilon": 0.9977702727782107, "gamma": 0.018890085971376466, "lamda": 0.5421990396122685}, "datetime": {"datetime": "2021-09-23 20:20:07", "elapsed": 94.402879, "delta": 0.614}}
{"target": 0.4602092043775238, "params": {"C": 231.25750748172462, "epsilon": 0.9068850522713308, "gamma": 0.018500414522922965, "lamda": 0.5691131847384681}, "datetime": {"datetime": "2021-09-23 20:20:08", "elapsed": 95.283458, "delta": 0.880579}}
{"target": 0.466278657313991, "params": {"C": 240.46426636497233, "epsilon": 0.6131599107540795, "gamma": 0.007884716410772007, "lamda": 0.5959654424660189}, "datetime": {"datetime": "2021-09-23 20:20:09", "elapsed": 95.98346, "delta": 0.700002}}
{"target": 0.45556635072559004, "params": {"C": 219.6027838218092, "epsilon": 0.9063039238381849, "gamma": 0.002459629463470265, "lamda": 0.532635789964991}, "datetime": {"datetime": "2021-09-23 20:20:10", "elapsed": 96.902457, "delta": 0.918997}}
{"target": 0.4471237077101955, "params": {"C": 213.6883310620962, "epsilon": 0.92378709935901, "gamma": 0.003961836359148701, "lamda": 0.201894472289775}, "datetime": {"datetime": "2021-09-23 20:20:10", "elapsed": 97.646457, "delta": 0.744}}
{"target": 0.46476084848267896, "params": {"C": 211.60161307381364, "epsilon": 0.9145073386141784, "gamma": 0.013933382200809589, "lamda": 0.5499043094616184}, "datetime": {"datetime": "2021-09-23 20:20:11", "elapsed": 98.577459, "delta": 0.931002}}
{"target": 0.45216233387180305, "params": {"C": 212.43176847494314, "epsilon": 0.8369170073888401, "gamma": 0.016466488971946743, "lamda": 0.3914301404463578}, "datetime": {"datetime": "2021-09-23 20:20:12", "elapsed": 99.608519, "delta": 1.03106}}
{"target": 0.4575472632580052, "params": {"C": 229.76801537926337, "epsilon": 0.7643043040216888, "gamma": 0.01168743204135348, "lamda": 0.38569010251545466}, "datetime": {"datetime": "2021-09-23 20:20:14", "elapsed": 100.942957, "delta": 1.334438}}
{"target": 0.4577048564756854, "params": {"C": 201.01930769163764, "epsilon": 0.8155782313288462, "gamma": 0.01851005786841617, "lamda": 0.5991539284570697}, "datetime": {"datetime": "2021-09-23 20:20:15", "elapsed": 101.976956, "delta": 1.033999}}
{"target": 0.46878961867188784, "params": {"C": 210.85145289405224, "epsilon": 0.9511496432916967, "gamma": 0.009555700796778737, "lamda": 0.5976438481324913}, "datetime": {"datetime": "2021-09-23 20:20:16", "elapsed": 102.906956, "delta": 0.93}}
{"target": 0.46306604245978455, "params": {"C": 211.8460377275263, "epsilon": 0.903813521759018, "gamma": 0.004981325775951772, "lamda": 0.4619187425017231}, "datetime": {"datetime": "2021-09-23 20:20:17", "elapsed": 104.387568, "delta": 1.480612}}
{"target": 0.457817562623817, "params": {"C": 233.589514895177, "epsilon": 0.5605301187152143, "gamma": 0.0114734832320969, "lamda": 0.5181547111007749}, "datetime": {"datetime": "2021-09-23 20:20:18", "elapsed": 105.096564, "delta": 0.708996}}
{"target": 0.45928075378832733, "params": {"C": 232.01859695645726, "epsilon": 0.6864405634129424, "gamma": 0.006836652710700321, "lamda": 0.3889727028443719}, "datetime": {"datetime": "2021-09-23 20:20:19", "elapsed": 105.842566, "delta": 0.746002}}
{"target": 0.46229303440898206, "params": {"C": 231.37536089668924, "epsilon": 0.971462104972087, "gamma": 0.004027894880267079, "lamda": 0.5362391517152694}, "datetime": {"datetime": "2021-09-23 20:20:20", "elapsed": 106.880569, "delta": 1.038003}}
{"target": 0.46569956142934976, "params": {"C": 219.5079985600059, "epsilon": 0.9882559862948095, "gamma": 0.011656999402267346, "lamda": 0.44742766330179595}, "datetime": {"datetime": "2021-09-23 20:20:21", "elapsed": 108.048769, "delta": 1.1682}}
{"target": 0.43277472738686906, "params": {"C": 210.8467069408035, "epsilon": 1.0, "gamma": 0.001, "lamda": 0.5685928416080882}, "datetime": {"datetime": "2021-09-23 20:20:22", "elapsed": 109.241678, "delta": 1.192909}}
{"target": 0.46293869932589815, "params": {"C": 210.91311545044042, "epsilon": 0.9369315643585167, "gamma": 0.01574159973007076, "lamda": 0.5481519558140302}, "datetime": {"datetime": "2021-09-23 20:20:23", "elapsed": 110.157678, "delta": 0.916}}
{"target": 0.44453056424594706, "params": {"C": 229.7827713820637, "epsilon": 0.7645020852956739, "gamma": 0.010831667508415865, "lamda": 0.22254529038873563}, "datetime": {"datetime": "2021-09-23 20:20:24", "elapsed": 111.307665, "delta": 1.149987}}
{"target": 0.4520234982880763, "params": {"C": 211.81629318667999, "epsilon": 0.9582272510135272, "gamma": 0.02, "lamda": 0.42313214010264744}, "datetime": {"datetime": "2021-09-23 20:20:25", "elapsed": 112.436632, "delta": 1.128967}}
{"target": 0.45613276233525935, "params": {"C": 249.98489702717626, "epsilon": 0.9697720721725298, "gamma": 0.01420369348843812, "lamda": 0.3067556459719576}, "datetime": {"datetime": "2021-09-23 20:20:26", "elapsed": 113.26285, "delta": 0.826218}}
{"target": 0.46262336053194963, "params": {"C": 219.45260811061047, "epsilon": 0.9848678962613522, "gamma": 0.01263672812393015, "lamda": 0.39696789015978345}, "datetime": {"datetime": "2021-09-23 20:20:27", "elapsed": 114.309173, "delta": 1.046323}}
{"target": 0.4408432302821209, "params": {"C": 217.77226776347996, "epsilon": 0.577311341173471, "gamma": 0.015008997866792429, "lamda": 0.3483875160954687}, "datetime": {"datetime": "2021-09-23 20:20:28", "elapsed": 115.14963, "delta": 0.840457}}
{"target": 0.46440590050394237, "params": {"C": 231.30031486085835, "epsilon": 0.9217644410439763, "gamma": 0.012441942228614208, "lamda": 0.4493869135329873}, "datetime": {"datetime": "2021-09-23 20:20:29", "elapsed": 116.211812, "delta": 1.062182}}
{"target": 0.4602569576014165, "params": {"C": 211.71287833188103, "epsilon": 0.9286522754034734, "gamma": 0.01805078586431401, "lamda": 0.5605078848287317}, "datetime": {"datetime": "2021-09-23 20:20:30", "elapsed": 117.249287, "delta": 1.037475}}
{"target": 0.46667809533608995, "params": {"C": 210.79305025312743, "epsilon": 0.9300009471499728, "gamma": 0.012101602490615648, "lamda": 0.5462306176658489}, "datetime": {"datetime": "2021-09-23 20:20:31", "elapsed": 118.494287, "delta": 1.245}}
{"target": 0.46424516430018015, "params": {"C": 223.116184520668, "epsilon": 0.9373202034729828, "gamma": 0.009190474992240898, "lamda": 0.3821433255946246}, "datetime": {"datetime": "2021-09-23 20:20:32", "elapsed": 119.232485, "delta": 0.738198}}
{"target": 0.462360360006556, "params": {"C": 210.93324140952123, "epsilon": 0.9193067384769958, "gamma": 0.01700740125662382, "lamda": 0.5972640262391604}, "datetime": {"datetime": "2021-09-23 20:20:33", "elapsed": 120.165593, "delta": 0.933108}}
{"target": 0.4684123604830026, "params": {"C": 210.71739184230486, "epsilon": 0.8846771612341944, "gamma": 0.009463357383187765, "lamda": 0.5810206350485261}, "datetime": {"datetime": "2021-09-23 20:20:34", "elapsed": 120.993565, "delta": 0.827972}}
{"target": 0.4595903558678265, "params": {"C": 209.18445143234652, "epsilon": 0.8213318954708304, "gamma": 0.015256568245946334, "lamda": 0.5014228816934083}, "datetime": {"datetime": "2021-09-23 20:20:35", "elapsed": 121.819658, "delta": 0.826093}}
{"target": 0.4663069417982413, "params": {"C": 211.55465198601925, "epsilon": 0.9449128373862947, "gamma": 0.013209438304362973, "lamda": 0.5644059957579994}, "datetime": {"datetime": "2021-09-23 20:20:35", "elapsed": 122.719615, "delta": 0.899957}}
{"target": 0.45972223988531125, "params": {"C": 231.3712720653632, "epsilon": 0.6749268069106813, "gamma": 0.006175814958665485, "lamda": 0.4167772346644009}, "datetime": {"datetime": "2021-09-23 20:20:36", "elapsed": 123.499345, "delta": 0.77973}}
{"target": 0.4506487527201406, "params": {"C": 210.5810223820965, "epsilon": 0.9852337036372424, "gamma": 0.0020259585595669696, "lamda": 0.5635821455705673}, "datetime": {"datetime": "2021-09-23 20:20:37", "elapsed": 124.6775, "delta": 1.178155}}
{"target": 0.44729644892387166, "params": {"C": 219.44502282573507, "epsilon": 0.659871917269188, "gamma": 0.011606522749250843, "lamda": 0.30980082979635454}, "datetime": {"datetime": "2021-09-23 20:20:38", "elapsed": 125.612614, "delta": 0.935114}}
{"target": 0.46490917422513145, "params": {"C": 210.7575204948116, "epsilon": 0.9325696139681438, "gamma": 0.004956729701810787, "lamda": 0.5630925607982726}, "datetime": {"datetime": "2021-09-23 20:20:40", "elapsed": 126.902195, "delta": 1.289581}}
