{"target": -52.95586383342024, "params": {"C": 32.34141960054018, "epsilon": 0.6175604942227355, "gamma": 0.295470303089684, "lamda": 0.5424012690008462}, "datetime": {"datetime": "2021-09-24 17:33:28", "elapsed": 776.263602, "delta": 1.943999}}
{"target": -48.32483560241262, "params": {"C": 5.492359568860245, "epsilon": 0.9429909005162268, "gamma": 0.06646563442680307, "lamda": 0.6196223871679609}, "datetime": {"datetime": "2021-09-24 17:33:30", "elapsed": 778.236765, "delta": 1.973163}}
{"target": -44.38296320119037, "params": {"C": 30.576249133695455, "epsilon": 0.665468089175202, "gamma": 0.0029182073416454315, "lamda": 0.046557438350581605}, "datetime": {"datetime": "2021-09-24 17:33:32", "elapsed": 780.263941, "delta": 2.027176}}
{"target": -55.582157563112915, "params": {"C": 34.583530338250796, "epsilon": 0.4450105487022776, "gamma": 0.38107646523627714, "lamda": 0.9874563744919864}, "datetime": {"datetime": "2021-09-24 17:33:34", "elapsed": 782.283945, "delta": 2.020004}}
{"target": -59.768226773801814, "params": {"C": 3.9036767201008153, "epsilon": 0.007735645053947608, "gamma": 0.30134233946617045, "lamda": 0.16278226661340947}, "datetime": {"datetime": "2021-09-24 17:33:36", "elapsed": 784.343473, "delta": 2.059528}}
{"target": -48.55252635279492, "params": {"C": 27.86349908675284, "epsilon": 0.4817903771055879, "gamma": 0.001, "lamda": 0.8688875647466975}, "datetime": {"datetime": "2021-09-24 17:33:41", "elapsed": 789.005593, "delta": 4.66212}}
{"target": -44.358598256687074, "params": {"C": 43.283660178496, "epsilon": 0.7874289288989903, "gamma": 0.05641240975623079, "lamda": 0.755815410382471}, "datetime": {"datetime": "2021-09-24 17:33:43", "elapsed": 790.963181, "delta": 1.957588}}
{"target": -43.99687447912439, "params": {"C": 44.98750155652406, "epsilon": 0.14254348618203094, "gamma": 0.04742556170005905, "lamda": 0.926970693359751}, "datetime": {"datetime": "2021-09-24 17:33:44", "elapsed": 792.920443, "delta": 1.957262}}
{"target": -46.29385142698854, "params": {"C": 46.77535142845603, "epsilon": 0.29750782055110275, "gamma": 0.001, "lamda": 0.8485114760346006}, "datetime": {"datetime": "2021-09-24 17:33:50", "elapsed": 798.301969, "delta": 5.381526}}
{"target": -61.12940343151854, "params": {"C": 3.5575133460257153, "epsilon": 0.3389627934284514, "gamma": 0.4440837856213164, "lamda": 0.17884825401488225}, "datetime": {"datetime": "2021-09-24 17:33:52", "elapsed": 800.512806, "delta": 2.210837}}
{"target": -43.23894425384194, "params": {"C": 34.2041768126197, "epsilon": 0.34485939515107794, "gamma": 0.012765313346895128, "lamda": 0.44918400261317315}, "datetime": {"datetime": "2021-09-24 17:33:58", "elapsed": 806.367005, "delta": 5.854199}}
{"target": -48.515307652185015, "params": {"C": 28.105772601053115, "epsilon": 0.516565000185387, "gamma": 0.001, "lamda": 0.8240556602641768}, "datetime": {"datetime": "2021-09-24 17:34:03", "elapsed": 811.262439, "delta": 4.895434}}
{"target": -53.38430963791443, "params": {"C": 32.47037768463656, "epsilon": 0.0191570811441107, "gamma": 0.3108001425566666, "lamda": 0.24489071369616985}, "datetime": {"datetime": "2021-09-24 17:34:05", "elapsed": 813.378112, "delta": 2.115673}}
{"target": -47.43615523052109, "params": {"C": 31.125490618624145, "epsilon": 0.6486632789995459, "gamma": 0.141101783909909, "lamda": 0.44853092999287847}, "datetime": {"datetime": "2021-09-24 17:34:07", "elapsed": 815.350223, "delta": 1.972111}}
{"target": -45.4515645714716, "params": {"C": 46.81753408098088, "epsilon": 0.4374005548117809, "gamma": 0.09243358616532621, "lamda": 0.9644718837923771}, "datetime": {"datetime": "2021-09-24 17:34:11", "elapsed": 819.909192, "delta": 4.558969}}
{"target": -47.6480617626719, "params": {"C": 34.21791981482539, "epsilon": 0.3334983075915712, "gamma": 0.14909675084084395, "lamda": 0.48300387882168594}, "datetime": {"datetime": "2021-09-24 17:34:16", "elapsed": 824.392494, "delta": 4.483302}}
{"target": -48.521466723022876, "params": {"C": 22.04066358478328, "epsilon": 0.034459603434647976, "gamma": 0.15881555975383896, "lamda": 0.4914962191374936}, "datetime": {"datetime": "2021-09-24 17:34:18", "elapsed": 826.611074, "delta": 2.21858}}
{"target": -43.84533014620593, "params": {"C": 34.82526588707826, "epsilon": 0.08935030978961432, "gamma": 0.03246563586842022, "lamda": 0.7548776521965098}, "datetime": {"datetime": "2021-09-24 17:34:20", "elapsed": 828.796498, "delta": 2.185424}}
{"target": -44.26441320429381, "params": {"C": 27.94308188260724, "epsilon": 0.5512971880294415, "gamma": 0.05072026447484853, "lamda": 1.0}, "datetime": {"datetime": "2021-09-24 17:34:26", "elapsed": 834.802788, "delta": 6.00629}}
{"target": -48.94164059432928, "params": {"C": 38.673160173235885, "epsilon": 0.0961059541218083, "gamma": 0.19384939996987877, "lamda": 0.5668451510154376}, "datetime": {"datetime": "2021-09-24 17:34:28", "elapsed": 836.813367, "delta": 2.010579}}
{"target": -49.862196648296944, "params": {"C": 20.595144316828716, "epsilon": 0.8564700829870353, "gamma": 0.18394676214331906, "lamda": 0.27237640835261223}, "datetime": {"datetime": "2021-09-24 17:34:31", "elapsed": 839.00104, "delta": 2.187673}}
{"target": -43.38831010046756, "params": {"C": 25.37711785004534, "epsilon": 0.35633769921065545, "gamma": 0.015212909228432474, "lamda": 0.6897601946174597}, "datetime": {"datetime": "2021-09-24 17:34:34", "elapsed": 842.755754, "delta": 3.754714}}
{"target": -49.59976796456296, "params": {"C": 20.163590630025617, "epsilon": 0.8210087942889904, "gamma": 0.17199329441678277, "lamda": 0.9558274299139282}, "datetime": {"datetime": "2021-09-24 17:34:36", "elapsed": 844.820697, "delta": 2.064943}}
{"target": -43.93268213210988, "params": {"C": 30.420743132640823, "epsilon": 0.7220022249142476, "gamma": 0.03617394395715738, "lamda": 0.10351330070502772}, "datetime": {"datetime": "2021-09-24 17:34:42", "elapsed": 849.975384, "delta": 5.154687}}
{"target": -55.41784730735771, "params": {"C": 47.85002831804908, "epsilon": 0.442947310762457, "gamma": 0.42371941901142546, "lamda": 0.08744453762590576}, "datetime": {"datetime": "2021-09-24 17:34:44", "elapsed": 852.068363, "delta": 2.092979}}
{"target": -60.56855358981527, "params": {"C": 5.76870297339906, "epsilon": 0.9690725920176809, "gamma": 0.42415702697707497, "lamda": 0.3222848694791701}, "datetime": {"datetime": "2021-09-24 17:34:46", "elapsed": 854.409828, "delta": 2.341465}}
{"target": -50.57328987675608, "params": {"C": 24.011642457635926, "epsilon": 0.8526417339339349, "gamma": 0.206982455580254, "lamda": 0.8317277051247459}, "datetime": {"datetime": "2021-09-24 17:34:48", "elapsed": 856.502783, "delta": 2.092955}}
{"target": -49.21192700973155, "params": {"C": 28.55741523238474, "epsilon": 0.17155482912024286, "gamma": 0.18935388313050167, "lamda": 0.7500626421183829}, "datetime": {"datetime": "2021-09-24 17:34:50", "elapsed": 858.612874, "delta": 2.110091}}
{"target": -45.6837012004052, "params": {"C": 46.712666122903805, "epsilon": 0.37090639146618704, "gamma": 0.09889550657930707, "lamda": 0.8461967722007785}, "datetime": {"datetime": "2021-09-24 17:34:55", "elapsed": 863.233583, "delta": 4.620709}}
{"target": -50.88114175679352, "params": {"C": 32.11626904247949, "epsilon": 0.8462359541548005, "gamma": 0.2436471881944293, "lamda": 0.2986671948713907}, "datetime": {"datetime": "2021-09-24 17:34:57", "elapsed": 865.412759, "delta": 2.179176}}
{"target": -44.01284242432591, "params": {"C": 30.53015550519229, "epsilon": 0.6888207312352106, "gamma": 0.04202315266655786, "lamda": 0.197475563390879}, "datetime": {"datetime": "2021-09-24 17:35:03", "elapsed": 871.734962, "delta": 6.322203}}
{"target": -48.02567008359498, "params": {"C": 30.462690616186592, "epsilon": 0.5861098539222679, "gamma": 0.001, "lamda": 0.12500629736875038}, "datetime": {"datetime": "2021-09-24 17:35:10", "elapsed": 877.943343, "delta": 6.208381}}
{"target": -45.83562380540384, "params": {"C": 30.507768519839686, "epsilon": 0.7403174374801766, "gamma": 0.09847282666043991, "lamda": 0.05912115890827059}, "datetime": {"datetime": "2021-09-24 17:35:16", "elapsed": 884.003507, "delta": 6.060164}}
{"target": -60.91150009083139, "params": {"C": 5.663046101285153, "epsilon": 0.4546561927253639, "gamma": 0.4730351408596493, "lamda": 0.9061222391270632}, "datetime": {"datetime": "2021-09-24 17:35:18", "elapsed": 886.197854, "delta": 2.194347}}
{"target": -44.3920908071614, "params": {"C": 44.9398076831301, "epsilon": 0.2643988379543469, "gamma": 0.05749118547885876, "lamda": 0.8364942746631753}, "datetime": {"datetime": "2021-09-24 17:35:24", "elapsed": 892.344353, "delta": 6.146499}}
{"target": -45.91328267330681, "params": {"C": 27.96675994968397, "epsilon": 0.3564110756228709, "gamma": 0.0976005938385889, "lamda": 0.9063659787563456}, "datetime": {"datetime": "2021-09-24 17:35:29", "elapsed": 897.658823, "delta": 5.31447}}
{"target": -45.78824157770471, "params": {"C": 25.698277155837488, "epsilon": 0.25690817103287933, "gamma": 0.09586830493491606, "lamda": 0.3954100376323752}, "datetime": {"datetime": "2021-09-24 17:35:34", "elapsed": 902.57023, "delta": 4.911407}}
{"target": -49.70812091650323, "params": {"C": 41.58648240436146, "epsilon": 0.1237707133036343, "gamma": 0.22161458373400666, "lamda": 0.8958598014449131}, "datetime": {"datetime": "2021-09-24 17:35:36", "elapsed": 904.709924, "delta": 2.139694}}
{"target": -44.509823372067835, "params": {"C": 32.624079832399815, "epsilon": 0.33298587168055144, "gamma": 0.05889803816514145, "lamda": 0.7644093623277917}, "datetime": {"datetime": "2021-09-24 17:35:39", "elapsed": 907.010503, "delta": 2.300579}}
{"target": -51.847613156334404, "params": {"C": 36.89562327993214, "epsilon": 0.9917828450564369, "gamma": 0.2861099824642381, "lamda": 0.04951736627421538}, "datetime": {"datetime": "2021-09-24 17:35:41", "elapsed": 908.968229, "delta": 1.957726}}
{"target": -48.05341101198987, "params": {"C": 30.479218480666468, "epsilon": 0.8208813489219063, "gamma": 0.001, "lamda": 0.19178888654242565}, "datetime": {"datetime": "2021-09-24 17:35:46", "elapsed": 914.2724, "delta": 5.304171}}
{"target": -49.02773198281694, "params": {"C": 44.896104837886625, "epsilon": 0.2092193978598614, "gamma": 0.19827573953924926, "lamda": 0.8641935233963168}, "datetime": {"datetime": "2021-09-24 17:35:51", "elapsed": 919.857429, "delta": 5.585029}}
{"target": -46.416844125896716, "params": {"C": 45.07736116341729, "epsilon": 0.24335685881685845, "gamma": 0.001, "lamda": 0.8787333872152904}, "datetime": {"datetime": "2021-09-24 17:35:58", "elapsed": 926.078011, "delta": 6.220582}}
{"target": -44.40493922520653, "params": {"C": 30.525619671136216, "epsilon": 0.6662988716602215, "gamma": 0.0570615931363062, "lamda": 0.2023703389520885}, "datetime": {"datetime": "2021-09-24 17:36:00", "elapsed": 928.25484, "delta": 2.176829}}
{"target": -57.33976832276726, "params": {"C": 23.868728965049687, "epsilon": 0.575664460009906, "gamma": 0.4074694410061268, "lamda": 0.8624011190442339}, "datetime": {"datetime": "2021-09-24 17:36:02", "elapsed": 930.436879, "delta": 2.182039}}
{"target": -43.55107107508367, "params": {"C": 46.70492228407168, "epsilon": 0.18173965932666405, "gamma": 0.029337108629488146, "lamda": 0.8222522778103306}, "datetime": {"datetime": "2021-09-24 17:36:07", "elapsed": 935.461916, "delta": 5.025037}}
{"target": -55.288777605915506, "params": {"C": 38.645532173582986, "epsilon": 0.7821356411189565, "gamma": 0.3832658170962027, "lamda": 0.5214330889841274}, "datetime": {"datetime": "2021-09-24 17:36:09", "elapsed": 937.661153, "delta": 2.199237}}
{"target": -44.172143213888916, "params": {"C": 45.5175746510918, "epsilon": 0.5771372782536898, "gamma": 0.053188526911856465, "lamda": 0.3362251953672342}, "datetime": {"datetime": "2021-09-24 17:36:11", "elapsed": 939.877252, "delta": 2.216099}}
{"target": -46.49207892391973, "params": {"C": 44.90100548609281, "epsilon": 0.3938038365751014, "gamma": 0.001, "lamda": 0.894123659020152}, "datetime": {"datetime": "2021-09-24 17:36:17", "elapsed": 945.418439, "delta": 5.541187}}
{"target": -49.131460478269915, "params": {"C": 17.78315620269161, "epsilon": 0.11548695266038933, "gamma": 0.1577308391220846, "lamda": 0.38253204811480024}, "datetime": {"datetime": "2021-09-24 17:36:20", "elapsed": 948.472288, "delta": 3.053849}}
{"target": -44.168169598882834, "params": {"C": 30.68324381428005, "epsilon": 0.6964957759187922, "gamma": 0.048732946618400594, "lamda": 0.16736675573243479}, "datetime": {"datetime": "2021-09-24 17:36:25", "elapsed": 953.833667, "delta": 5.361379}}
{"target": -49.5326781102276, "params": {"C": 37.50356949141124, "epsilon": 0.28515957812478315, "gamma": 0.20803698197370973, "lamda": 0.9796271566059298}, "datetime": {"datetime": "2021-09-24 17:36:28", "elapsed": 956.535715, "delta": 2.702048}}
{"target": -43.08211345376809, "params": {"C": 46.67003814619641, "epsilon": 0.38247919488916515, "gamma": 0.01723030068279646, "lamda": 1.0}, "datetime": {"datetime": "2021-09-24 17:36:33", "elapsed": 961.379213, "delta": 4.843498}}
{"target": -48.344860417731475, "params": {"C": 30.57541193066922, "epsilon": 0.7832722823168321, "gamma": 0.16623710030471084, "lamda": 0.29540468573877127}, "datetime": {"datetime": "2021-09-24 17:36:37", "elapsed": 965.880614, "delta": 4.501401}}
{"target": -47.52025996036036, "params": {"C": 34.6194659456929, "epsilon": 0.28454020807713637, "gamma": 0.001, "lamda": 0.5482881900477323}, "datetime": {"datetime": "2021-09-24 17:36:42", "elapsed": 970.89575, "delta": 5.015136}}
{"target": -57.639851923564336, "params": {"C": 32.77453901908024, "epsilon": 0.9977961525894296, "gamma": 0.4717218771178517, "lamda": 0.24498062695601477}, "datetime": {"datetime": "2021-09-24 17:36:45", "elapsed": 973.068419, "delta": 2.172669}}
{"target": -55.09365889701997, "params": {"C": 3.8618158619944145, "epsilon": 0.8719077567565439, "gamma": 0.15211859872403968, "lamda": 0.8288586197510571}, "datetime": {"datetime": "2021-09-24 17:36:47", "elapsed": 975.283096, "delta": 2.214677}}
{"target": -45.55871080747385, "params": {"C": 34.681008712861, "epsilon": 0.05503623761665352, "gamma": 0.08927482058723893, "lamda": 0.7537285529287542}, "datetime": {"datetime": "2021-09-24 17:36:52", "elapsed": 980.637513, "delta": 5.354417}}
{"target": -44.19619503258799, "params": {"C": 34.21900094121055, "epsilon": 0.4496931046615915, "gamma": 0.05107614158888821, "lamda": 0.3518807931423491}, "datetime": {"datetime": "2021-09-24 17:36:58", "elapsed": 986.471874, "delta": 5.834361}}
{"target": -49.50813021069524, "params": {"C": 45.09907538873944, "epsilon": 0.7776744521429244, "gamma": 0.20217900638386163, "lamda": 0.7306821640620595}, "datetime": {"datetime": "2021-09-24 17:37:00", "elapsed": 988.767193, "delta": 2.295319}}
{"target": -44.68159495665344, "params": {"C": 38.79471152007056, "epsilon": 0.021731197410042098, "gamma": 0.06373117525770126, "lamda": 1.123457019925379}, "datetime": {"datetime": "2021-09-24 18:01:22", "elapsed": 0.0, "delta": 0.0}}
{"target": -43.51469657139414, "params": {"C": 25.42684360282693, "epsilon": 0.2255718488853168, "gamma": 0.020608223611202774, "lamda": 1.141035537586239}, "datetime": {"datetime": "2021-09-24 18:01:23", "elapsed": 0.350127, "delta": 0.350127}}
{"target": -46.48040576051623, "params": {"C": 9.286430991564236, "epsilon": 0.08925147435983626, "gamma": 0.06885062201841192, "lamda": 1.4301366259462098}, "datetime": {"datetime": "2021-09-24 18:01:23", "elapsed": 0.694134, "delta": 0.344007}}
{"target": -56.32302836336078, "params": {"C": 1.1934650500678081, "epsilon": 0.5126800711223909, "gamma": 0.08144947520355925, "lamda": 0.919176574177253}, "datetime": {"datetime": "2021-09-24 18:01:23", "elapsed": 1.010759, "delta": 0.316625}}
{"target": -45.595177481646246, "params": {"C": 36.36601055415818, "epsilon": 0.2925841921024625, "gamma": 0.09185963812878141, "lamda": 1.0721490993131382}, "datetime": {"datetime": "2021-09-24 18:01:24", "elapsed": 1.569792, "delta": 0.559033}}
{"target": -50.518565969446904, "params": {"C": 18.050061709513166, "epsilon": 0.001, "gamma": 0.001, "lamda": 0.001}, "datetime": {"datetime": "2021-09-24 18:01:25", "elapsed": 2.758966, "delta": 1.189174}}
{"target": -45.921573898574586, "params": {"C": 29.546847636056896, "epsilon": 1.0, "gamma": 0.1, "lamda": 0.001}, "datetime": {"datetime": "2021-09-24 18:01:26", "elapsed": 3.770966, "delta": 1.012}}
{"target": -45.781415921675254, "params": {"C": 45.22710342280925, "epsilon": 1.0, "gamma": 0.1, "lamda": 0.001}, "datetime": {"datetime": "2021-09-24 18:01:27", "elapsed": 4.668969, "delta": 0.898003}}
{"target": -46.02068358849298, "params": {"C": 50.0, "epsilon": 0.001, "gamma": 0.001, "lamda": 1.5}, "datetime": {"datetime": "2021-09-24 18:01:28", "elapsed": 5.657968, "delta": 0.988999}}
{"target": -45.797660834218, "params": {"C": 23.398721210688386, "epsilon": 1.0, "gamma": 0.1, "lamda": 0.001}, "datetime": {"datetime": "2021-09-24 18:01:29", "elapsed": 6.189968, "delta": 0.532}}
{"target": -48.13323191997748, "params": {"C": 41.98573220075148, "epsilon": 1.0, "gamma": 0.001, "lamda": 1.5}, "datetime": {"datetime": "2021-09-24 18:01:29", "elapsed": 6.681966, "delta": 0.491998}}
{"target": -44.439622854173535, "params": {"C": 27.537573636398932, "epsilon": 0.039338178092685805, "gamma": 0.05287944367353689, "lamda": 1.4890066530588297}, "datetime": {"datetime": "2021-09-24 18:01:30", "elapsed": 7.302973, "delta": 0.621007}}
{"target": -47.38142555140817, "params": {"C": 12.820090192859935, "epsilon": 1.0, "gamma": 0.1, "lamda": 1.5}, "datetime": {"datetime": "2021-09-24 18:01:30", "elapsed": 7.778968, "delta": 0.475995}}
{"target": -45.37733220611941, "params": {"C": 26.568616768609285, "epsilon": 0.9932774083515282, "gamma": 0.08555551502738008, "lamda": 0.05615843813776294}, "datetime": {"datetime": "2021-09-24 18:01:31", "elapsed": 8.308974, "delta": 0.530006}}
{"target": -47.75459142774513, "params": {"C": 32.276297224853096, "epsilon": 0.001, "gamma": 0.001, "lamda": 1.5}, "datetime": {"datetime": "2021-09-24 18:01:31", "elapsed": 9.040966, "delta": 0.731992}}
{"target": -44.95425292960094, "params": {"C": 23.658437426874404, "epsilon": 0.08894353105416436, "gamma": 0.07158666903720122, "lamda": 1.4928601231177934}, "datetime": {"datetime": "2021-09-24 18:01:32", "elapsed": 9.622969, "delta": 0.582003}}
{"target": -43.6449763232603, "params": {"C": 48.1691771453026, "epsilon": 0.956375682449784, "gamma": 0.03134465035401109, "lamda": 0.03465529016672143}, "datetime": {"datetime": "2021-09-24 18:01:33", "elapsed": 10.216973, "delta": 0.594004}}
{"target": -46.232750370184576, "params": {"C": 47.064549683575436, "epsilon": 0.001, "gamma": 0.001, "lamda": 1.5}, "datetime": {"datetime": "2021-09-24 18:01:33", "elapsed": 11.03306, "delta": 0.816087}}
{"target": -47.052359806640375, "params": {"C": 38.27046719961883, "epsilon": 1.0, "gamma": 0.001, "lamda": 0.001}, "datetime": {"datetime": "2021-09-24 18:01:34", "elapsed": 11.650062, "delta": 0.617002}}
{"target": -45.752526333093954, "params": {"C": 50.0, "epsilon": 1.0, "gamma": 0.1, "lamda": 0.001}, "datetime": {"datetime": "2021-09-24 18:01:35", "elapsed": 12.262062, "delta": 0.612}}
{"target": -49.54258412175439, "params": {"C": 25.523072391719197, "epsilon": 1.0, "gamma": 0.001, "lamda": 1.5}, "datetime": {"datetime": "2021-09-24 18:01:35", "elapsed": 12.800065, "delta": 0.538003}}
{"target": -44.98609131313402, "params": {"C": 45.14499723903787, "epsilon": 0.995875312503721, "gamma": 0.07249001683757408, "lamda": 0.0028084244250312597}, "datetime": {"datetime": "2021-09-24 18:01:36", "elapsed": 13.264061, "delta": 0.463996}}
{"target": -43.49270380270946, "params": {"C": 25.645348209305727, "epsilon": 0.0230618206798978, "gamma": 0.0133900440571589, "lamda": 0.9283918218003422}, "datetime": {"datetime": "2021-09-24 18:01:37", "elapsed": 14.37507, "delta": 1.111009}}
{"target": -44.24504225461462, "params": {"C": 24.001162709451666, "epsilon": 0.9673346931028696, "gamma": 0.04526290024357037, "lamda": 0.24048032811787323}, "datetime": {"datetime": "2021-09-24 18:01:37", "elapsed": 14.907062, "delta": 0.531992}}
{"target": -44.0677716514395, "params": {"C": 25.09935343665862, "epsilon": 0.001, "gamma": 0.04024416979612636, "lamda": 0.7671533493569753}, "datetime": {"datetime": "2021-09-24 18:01:38", "elapsed": 15.727069, "delta": 0.820007}}
{"target": -46.37950695868913, "params": {"C": 16.216024883609133, "epsilon": 0.33600185467739285, "gamma": 0.09968428145914938, "lamda": 0.6722811220105865}, "datetime": {"datetime": "2021-09-24 18:01:39", "elapsed": 16.124092, "delta": 0.397023}}
{"target": -45.17357153232819, "params": {"C": 44.43810370129274, "epsilon": 0.7669219727856489, "gamma": 0.07980677837580788, "lamda": 0.1127476637240512}, "datetime": {"datetime": "2021-09-24 18:01:39", "elapsed": 17.02909, "delta": 0.904998}}
{"target": -44.00606568423625, "params": {"C": 24.240770395116407, "epsilon": 0.3953262418225018, "gamma": 0.037825193917283687, "lamda": 0.7605976288308093}, "datetime": {"datetime": "2021-09-24 18:01:40", "elapsed": 17.950087, "delta": 0.920997}}
{"target": -44.72643810191634, "params": {"C": 35.7758639582296, "epsilon": 0.20895946070078605, "gamma": 0.06436024933277275, "lamda": 0.9808292778671055}, "datetime": {"datetime": "2021-09-24 18:01:41", "elapsed": 18.355091, "delta": 0.405004}}
{"target": -45.43041671268063, "params": {"C": 30.012211712830894, "epsilon": 0.7783929548149774, "gamma": 0.08383931230551202, "lamda": 0.9526177018972649}, "datetime": {"datetime": "2021-09-24 18:01:41", "elapsed": 18.761097, "delta": 0.406006}}
{"target": -49.22144971149772, "params": {"C": 15.026422908581198, "epsilon": 0.47651359662465886, "gamma": 0.0015875296640146127, "lamda": 0.01945284504424249}, "datetime": {"datetime": "2021-09-24 18:01:42", "elapsed": 19.55318, "delta": 0.792083}}
