{"target": 0.46876657163520674, "params": {"C": 364.26776799079715, "epsilon": 0.8752918047830227, "gamma": 0.008017740611790697, "lamda": 0.6625266869302227}, "datetime": {"datetime": "2021-09-23 21:14:51", "elapsed": 415.934886, "delta": 2.224623}}
{"target": 0.4682622530367878, "params": {"C": 391.6336848138823, "epsilon": 0.8659935869278117, "gamma": 0.007408069407810144, "lamda": 0.6854508850172509}, "datetime": {"datetime": "2021-09-23 21:14:53", "elapsed": 417.824855, "delta": 1.889969}}
{"target": 0.4677109963863456, "params": {"C": 497.0494851748803, "epsilon": 0.8422956215998891, "gamma": 0.006914622746738269, "lamda": 0.7149489847009818}, "datetime": {"datetime": "2021-09-23 21:14:55", "elapsed": 420.090856, "delta": 2.266001}}
{"target": 0.46890468248810113, "params": {"C": 455.28157869066536, "epsilon": 0.7859752191561701, "gamma": 0.010428474808835155, "lamda": 0.7127583002522844}, "datetime": {"datetime": "2021-09-23 21:14:57", "elapsed": 421.818919, "delta": 1.728063}}
{"target": 0.4683494120458056, "params": {"C": 385.1812467435956, "epsilon": 0.7366214905885202, "gamma": 0.011563870160887986, "lamda": 0.7523651625974013}, "datetime": {"datetime": "2021-09-23 21:14:59", "elapsed": 424.088919, "delta": 2.27}}
{"target": 0.466440599413664, "params": {"C": 368.9474142023777, "epsilon": 0.9735738910684368, "gamma": 0.014044403239001736, "lamda": 0.6710272443820304}, "datetime": {"datetime": "2021-09-23 21:15:01", "elapsed": 426.058917, "delta": 1.969998}}
{"target": 0.468942636176398, "params": {"C": 444.12238366757816, "epsilon": 0.8108707462564405, "gamma": 0.010374529295281428, "lamda": 0.6794220257416191}, "datetime": {"datetime": "2021-09-23 21:15:03", "elapsed": 428.172918, "delta": 2.114001}}
{"target": 0.46836951883225764, "params": {"C": 471.4781815168601, "epsilon": 0.8322380371443988, "gamma": 0.011026773113598697, "lamda": 0.7914657364250994}, "datetime": {"datetime": "2021-09-23 21:15:05", "elapsed": 430.061917, "delta": 1.888999}}
{"target": 0.46904555260099434, "params": {"C": 464.59979942391726, "epsilon": 0.8371668845714033, "gamma": 0.010177964502170133, "lamda": 0.6389465009598518}, "datetime": {"datetime": "2021-09-23 21:15:08", "elapsed": 432.575635, "delta": 2.513718}}
{"target": 0.4671986171491028, "params": {"C": 461.7759480520831, "epsilon": 0.9566598768010572, "gamma": 0.013065377722206634, "lamda": 0.6891821035105427}, "datetime": {"datetime": "2021-09-23 21:15:10", "elapsed": 434.506601, "delta": 1.930966}}
{"target": 0.46389558092358807, "params": {"C": 412.8634919691386, "epsilon": 0.7674411985692753, "gamma": 0.01464664837002959, "lamda": 0.5009799103458787}, "datetime": {"datetime": "2021-09-23 21:15:12", "elapsed": 436.670777, "delta": 2.164176}}
{"target": 0.46741705695646296, "params": {"C": 410.8554420284381, "epsilon": 0.7775787568713524, "gamma": 0.006331171400255775, "lamda": 0.7147199010396466}, "datetime": {"datetime": "2021-09-23 21:15:14", "elapsed": 438.894522, "delta": 2.223745}}
{"target": 0.4652512175096838, "params": {"C": 431.9856973800438, "epsilon": 0.7019842328755181, "gamma": 0.014534855486866397, "lamda": 0.6692235183724923}, "datetime": {"datetime": "2021-09-23 21:15:16", "elapsed": 441.074522, "delta": 2.18}}
{"target": 0.46457503224333685, "params": {"C": 356.1123686755668, "epsilon": 0.7432095793269053, "gamma": 0.014121236637399668, "lamda": 0.5122099376605002}, "datetime": {"datetime": "2021-09-23 21:15:20", "elapsed": 444.302521, "delta": 3.227999}}
{"target": 0.46872820530201054, "params": {"C": 457.1356089413055, "epsilon": 0.8299857072886688, "gamma": 0.007459418548458288, "lamda": 0.6517140041328635}, "datetime": {"datetime": "2021-09-23 21:15:22", "elapsed": 446.753522, "delta": 2.451001}}
{"target": 0.4693949979195873, "params": {"C": 447.51749410638695, "epsilon": 0.8184956765002893, "gamma": 0.008675180956299669, "lamda": 0.6130093695607446}, "datetime": {"datetime": "2021-09-23 21:15:24", "elapsed": 449.09552, "delta": 2.341998}}
{"target": 0.4693796118339877, "params": {"C": 354.67503971678997, "epsilon": 0.8351549097615216, "gamma": 0.008093936859048766, "lamda": 0.5790768768741912}, "datetime": {"datetime": "2021-09-23 21:15:27", "elapsed": 451.672522, "delta": 2.577002}}
{"target": 0.46820015212554433, "params": {"C": 496.2999687092305, "epsilon": 0.8259552656443289, "gamma": 0.011322603077887534, "lamda": 0.5081638006647137}, "datetime": {"datetime": "2021-09-23 21:15:29", "elapsed": 453.750005, "delta": 2.077483}}
{"target": 0.4673788948239368, "params": {"C": 356.13251539993, "epsilon": 0.771404402363634, "gamma": 0.012341930222152256, "lamda": 0.5684289427608815}, "datetime": {"datetime": "2021-09-23 21:15:32", "elapsed": 456.249178, "delta": 2.499173}}
{"target": 0.469638252082318, "params": {"C": 398.5113861669873, "epsilon": 0.7242470940509058, "gamma": 0.008100335852966685, "lamda": 0.5651469607892898}, "datetime": {"datetime": "2021-09-23 21:15:34", "elapsed": 458.903357, "delta": 2.654179}}
{"target": 0.46762525019965173, "params": {"C": 481.40048965669416, "epsilon": 0.9564593282072436, "gamma": 0.006185553535553034, "lamda": 0.5344861488870426}, "datetime": {"datetime": "2021-09-23 21:15:37", "elapsed": 461.889598, "delta": 2.986241}}
{"target": 0.46893077074627, "params": {"C": 463.2360067327704, "epsilon": 0.8385518802917699, "gamma": 0.010553759907900263, "lamda": 0.6043640717706673}, "datetime": {"datetime": "2021-09-23 21:15:40", "elapsed": 464.778078, "delta": 2.88848}}
{"target": 0.46438221720344075, "params": {"C": 377.6208707662906, "epsilon": 0.8050790538902399, "gamma": 0.014943901305591211, "lamda": 0.5492368428075067}, "datetime": {"datetime": "2021-09-23 21:15:42", "elapsed": 466.669499, "delta": 1.891421}}
{"target": 0.4679132236238749, "params": {"C": 487.574426716112, "epsilon": 0.8785695000052558, "gamma": 0.012130417648239022, "lamda": 0.612525136984897}, "datetime": {"datetime": "2021-09-23 21:15:44", "elapsed": 468.651278, "delta": 1.981779}}
{"target": 0.46810963614943657, "params": {"C": 414.8929683378919, "epsilon": 0.7636122179395475, "gamma": 0.011820594712712592, "lamda": 0.6584732806474997}, "datetime": {"datetime": "2021-09-23 21:15:46", "elapsed": 470.647098, "delta": 1.99582}}
{"target": 0.4695817340710966, "params": {"C": 356.13297657837177, "epsilon": 0.7431218747850044, "gamma": 0.008913791336018046, "lamda": 0.554096620022097}, "datetime": {"datetime": "2021-09-23 21:15:48", "elapsed": 472.857476, "delta": 2.210378}}
{"target": 0.4688735702701977, "params": {"C": 444.09957184287344, "epsilon": 0.9373225505717321, "gamma": 0.009716458049511857, "lamda": 0.6507361039819433}, "datetime": {"datetime": "2021-09-23 21:15:51", "elapsed": 476.218331, "delta": 3.360855}}
{"target": 0.46694831274493287, "params": {"C": 377.58038269449037, "epsilon": 0.7195784797410263, "gamma": 0.01336413181901077, "lamda": 0.7740990933808869}, "datetime": {"datetime": "2021-09-23 21:15:54", "elapsed": 478.340333, "delta": 2.122002}}
{"target": 0.4681068704669662, "params": {"C": 419.3258801735951, "epsilon": 0.941395926076928, "gamma": 0.007291046083237876, "lamda": 0.6358706390816182}, "datetime": {"datetime": "2021-09-23 21:15:57", "elapsed": 481.26401, "delta": 2.923677}}
{"target": 0.4683631371775968, "params": {"C": 389.0538577841045, "epsilon": 0.8879496515255599, "gamma": 0.006518773120205719, "lamda": 0.536065576792188}, "datetime": {"datetime": "2021-09-23 21:15:59", "elapsed": 483.545115, "delta": 2.281105}}
{"target": 0.46627381339433616, "params": {"C": 425.03874916350554, "epsilon": 0.9890074868815666, "gamma": 0.014117369573651199, "lamda": 0.7688003203709443}, "datetime": {"datetime": "2021-09-23 21:16:01", "elapsed": 485.945727, "delta": 2.400612}}
{"target": 0.46957370979271684, "params": {"C": 403.7157091687248, "epsilon": 0.713438889416901, "gamma": 0.008696150907366954, "lamda": 0.6268481026910082}, "datetime": {"datetime": "2021-09-23 21:16:03", "elapsed": 488.159426, "delta": 2.213699}}
{"target": 0.4686166113272111, "params": {"C": 385.2067972266715, "epsilon": 0.7061281119984136, "gamma": 0.011144804646507816, "lamda": 0.7642607578164429}, "datetime": {"datetime": "2021-09-23 21:16:06", "elapsed": 491.018374, "delta": 2.858948}}
{"target": 0.46878005234893105, "params": {"C": 356.131848097493, "epsilon": 0.797778417174155, "gamma": 0.01076170476480736, "lamda": 0.5730158244021477}, "datetime": {"datetime": "2021-09-23 21:16:10", "elapsed": 494.689163, "delta": 3.670789}}
{"target": 0.46594450061976855, "params": {"C": 396.45724114925275, "epsilon": 0.8748026948943105, "gamma": 0.014209617454814147, "lamda": 0.5960829651578126}, "datetime": {"datetime": "2021-09-23 21:16:12", "elapsed": 497.161495, "delta": 2.472332}}
{"target": 0.46813452690339163, "params": {"C": 484.34239682728094, "epsilon": 0.8209185894032995, "gamma": 0.007226302034714907, "lamda": 0.719903152374294}, "datetime": {"datetime": "2021-09-23 21:16:15", "elapsed": 499.227535, "delta": 2.06604}}
{"target": 0.4686951087667758, "params": {"C": 385.4995790853738, "epsilon": 0.9464760207814018, "gamma": 0.010769194100468522, "lamda": 0.6135944331556293}, "datetime": {"datetime": "2021-09-23 21:16:17", "elapsed": 501.813997, "delta": 2.586462}}
{"target": 0.4694894423028223, "params": {"C": 389.014142280686, "epsilon": 0.7707996498403167, "gamma": 0.009256107575858648, "lamda": 0.5579146724295796}, "datetime": {"datetime": "2021-09-23 21:16:19", "elapsed": 503.915997, "delta": 2.102}}
{"target": 0.46910091163971757, "params": {"C": 403.700804160702, "epsilon": 0.72752671127093, "gamma": 0.007171460118376327, "lamda": 0.630376359971324}, "datetime": {"datetime": "2021-09-23 21:16:22", "elapsed": 506.409997, "delta": 2.494}}
{"target": 0.4690730864882031, "params": {"C": 411.6937833161124, "epsilon": 0.8054535016589157, "gamma": 0.0069971171469005115, "lamda": 0.5458428246765076}, "datetime": {"datetime": "2021-09-23 21:16:24", "elapsed": 508.922975, "delta": 2.512978}}
{"target": 0.4677496285012024, "params": {"C": 471.47077017677395, "epsilon": 0.8447877449442209, "gamma": 0.007459585432917953, "lamda": 0.7774399399238372}, "datetime": {"datetime": "2021-09-23 21:16:27", "elapsed": 511.395192, "delta": 2.472217}}
{"target": 0.46737111198870274, "params": {"C": 385.5009319842274, "epsilon": 0.9306637516152824, "gamma": 0.01287145225749985, "lamda": 0.6271357342748052}, "datetime": {"datetime": "2021-09-23 21:16:30", "elapsed": 514.582316, "delta": 3.187124}}
{"target": 0.4685011834590237, "params": {"C": 472.1390858985795, "epsilon": 0.9197681637592414, "gamma": 0.011233530579814306, "lamda": 0.6163564067710533}, "datetime": {"datetime": "2021-09-23 21:16:32", "elapsed": 517.180671, "delta": 2.598355}}
{"target": 0.4685709827343154, "params": {"C": 455.296002257968, "epsilon": 0.788941359334859, "gamma": 0.011156727434132282, "lamda": 0.7152054741612148}, "datetime": {"datetime": "2021-09-23 21:16:36", "elapsed": 520.733529, "delta": 3.552858}}
{"target": 0.46906946182185616, "params": {"C": 490.4037485956076, "epsilon": 0.7845848758014935, "gamma": 0.009055728118791625, "lamda": 0.7392050793002234}, "datetime": {"datetime": "2021-09-23 21:16:38", "elapsed": 523.009849, "delta": 2.27632}}
{"target": 0.46672382994882233, "params": {"C": 353.9676833573869, "epsilon": 0.8064034732406236, "gamma": 0.013392319614354525, "lamda": 0.6289898009517205}, "datetime": {"datetime": "2021-09-23 21:16:42", "elapsed": 527.141399, "delta": 4.13155}}
{"target": 0.4680153010367639, "params": {"C": 412.8824806453858, "epsilon": 0.887223660464803, "gamma": 0.012010066174075198, "lamda": 0.6586034368798737}, "datetime": {"datetime": "2021-09-23 21:16:46", "elapsed": 530.78576, "delta": 3.644361}}
{"target": 0.46766756184494795, "params": {"C": 497.9853695092186, "epsilon": 0.7798460769371425, "gamma": 0.012149606640542213, "lamda": 0.5860727237410028}, "datetime": {"datetime": "2021-09-23 21:16:49", "elapsed": 533.347459, "delta": 2.561699}}
{"target": 0.4693131708105017, "params": {"C": 391.47169884507014, "epsilon": 0.9424772600510313, "gamma": 0.009661608960586949, "lamda": 0.5056708221669995}, "datetime": {"datetime": "2021-09-23 21:16:51", "elapsed": 536.171392, "delta": 2.823933}}
{"target": 0.46902838457066665, "params": {"C": 391.04358737180183, "epsilon": 0.9764689806833367, "gamma": 0.010280755737209383, "lamda": 0.5271598340633157}, "datetime": {"datetime": "2021-09-23 21:16:54", "elapsed": 538.664475, "delta": 2.493083}}
{"target": 0.4689759620163534, "params": {"C": 424.78879889613165, "epsilon": 0.773632505340668, "gamma": 0.010247866958929614, "lamda": 0.7213810793372148}, "datetime": {"datetime": "2021-09-23 21:16:57", "elapsed": 541.420877, "delta": 2.756402}}
{"target": 0.46862481948640367, "params": {"C": 399.7660286381463, "epsilon": 0.9592244522947273, "gamma": 0.009046385234729313, "lamda": 0.6759158603002204}, "datetime": {"datetime": "2021-09-23 21:17:00", "elapsed": 544.231938, "delta": 2.811061}}
{"target": 0.46738621011076964, "params": {"C": 350.6818581246097, "epsilon": 0.9411344351406864, "gamma": 0.012816832826332402, "lamda": 0.5938435649152478}, "datetime": {"datetime": "2021-09-23 21:17:02", "elapsed": 546.486789, "delta": 2.254851}}
{"target": 0.4668722690754792, "params": {"C": 391.04932230346293, "epsilon": 0.9643344482274787, "gamma": 0.013264770984512106, "lamda": 0.5378478230903713}, "datetime": {"datetime": "2021-09-23 21:17:05", "elapsed": 549.73568, "delta": 3.248891}}
{"target": 0.46843814675264406, "params": {"C": 445.9431212261434, "epsilon": 0.885153301568389, "gamma": 0.011311087630876064, "lamda": 0.6625829636639178}, "datetime": {"datetime": "2021-09-23 21:17:07", "elapsed": 552.016279, "delta": 2.280599}}
{"target": 0.4672876341975827, "params": {"C": 363.75212112916404, "epsilon": 0.9828801503051732, "gamma": 0.007180742905493443, "lamda": 0.6857724886390273}, "datetime": {"datetime": "2021-09-23 21:17:10", "elapsed": 554.227984, "delta": 2.211705}}
{"target": 0.46656761849985384, "params": {"C": 398.4993257396553, "epsilon": 0.7459991476458295, "gamma": 0.01298321029238237, "lamda": 0.5639767461539518}, "datetime": {"datetime": "2021-09-23 21:17:12", "elapsed": 557.010907, "delta": 2.782923}}
{"target": 0.467365879447196, "params": {"C": 452.80672552525755, "epsilon": 0.833336501111795, "gamma": 0.012855086547347683, "lamda": 0.7962331454930891}, "datetime": {"datetime": "2021-09-23 21:17:14", "elapsed": 559.036465, "delta": 2.025558}}
{"target": 0.46788462422020727, "params": {"C": 358.8888062860229, "epsilon": 0.7020227162324166, "gamma": 0.01141699610259626, "lamda": 0.5485832632472701}, "datetime": {"datetime": "2021-09-23 21:17:17", "elapsed": 561.327465, "delta": 2.291}}
{"target": 0.46830665284127104, "params": {"C": 411.69620391587534, "epsilon": 0.8009780408157855, "gamma": 0.011239903671015891, "lamda": 0.5315202729124551}, "datetime": {"datetime": "2021-09-23 21:17:20", "elapsed": 564.985387, "delta": 3.657922}}
{"target": 0.4670189366381484, "params": {"C": 479.4397760566204, "epsilon": 0.9361648435132103, "gamma": 0.0069994222200522585, "lamda": 0.7266712944091505}, "datetime": {"datetime": "2021-09-23 21:17:23", "elapsed": 567.357387, "delta": 2.372}}
{"target": 0.4693536030334823, "params": {"C": 411.6715777147664, "epsilon": 0.8087542439898592, "gamma": 0.009635218947676305, "lamda": 0.5444543156946042}, "datetime": {"datetime": "2021-09-23 21:17:26", "elapsed": 570.973487, "delta": 3.6161}}
{"target": 0.4694237250468333, "params": {"C": 478.6792380713306, "epsilon": 0.777696066329614, "gamma": 0.008968886286270749, "lamda": 0.6346415285818676}, "datetime": {"datetime": "2021-09-23 21:17:30", "elapsed": 574.419531, "delta": 3.446044}}
{"target": 0.46559774197252324, "params": {"C": 357.82912248783384, "epsilon": 0.8014903283568923, "gamma": 0.013991491123430556, "lamda": 0.5534078840885532}, "datetime": {"datetime": "2021-09-23 21:17:32", "elapsed": 576.810501, "delta": 2.39097}}
{"target": 0.46754807230902273, "params": {"C": 402.97473809712534, "epsilon": 0.7660369757524987, "gamma": 0.006123215395690429, "lamda": 0.6695075409417575}, "datetime": {"datetime": "2021-09-23 21:17:35", "elapsed": 579.792791, "delta": 2.98229}}
{"target": 0.4683237369925969, "params": {"C": 364.240190483439, "epsilon": 0.9121602992174017, "gamma": 0.011441756705185619, "lamda": 0.6653428538706783}, "datetime": {"datetime": "2021-09-23 21:17:38", "elapsed": 582.931959, "delta": 3.139168}}
{"target": 0.4678759262135094, "params": {"C": 446.3378908713364, "epsilon": 0.7054525769201533, "gamma": 0.011587577721462924, "lamda": 0.5732404545634144}, "datetime": {"datetime": "2021-09-23 21:17:40", "elapsed": 585.141425, "delta": 2.209466}}
{"target": 0.4680623341054009, "params": {"C": 446.00839137767935, "epsilon": 0.8033492531985502, "gamma": 0.01157621184797184, "lamda": 0.5409072984250453}, "datetime": {"datetime": "2021-09-23 21:17:44", "elapsed": 588.268586, "delta": 3.127161}}
{"target": 0.4686167491890477, "params": {"C": 391.45285356872284, "epsilon": 0.9211723585177318, "gamma": 0.008813916782796678, "lamda": 0.6975932041959625}, "datetime": {"datetime": "2021-09-23 21:17:46", "elapsed": 590.639588, "delta": 2.371002}}
{"target": 0.4688734472987204, "params": {"C": 388.42703006936915, "epsilon": 0.8659492674934683, "gamma": 0.006938263675118172, "lamda": 0.5346225186205331}, "datetime": {"datetime": "2021-09-23 21:17:49", "elapsed": 593.643584, "delta": 3.003996}}
{"target": 0.46953562390107195, "params": {"C": 414.4101946472958, "epsilon": 0.7100479289593538, "gamma": 0.008846372821211524, "lamda": 0.6472961619031512}, "datetime": {"datetime": "2021-09-23 21:17:51", "elapsed": 595.963641, "delta": 2.320057}}
{"target": 0.46801539564272676, "params": {"C": 453.5467323073824, "epsilon": 0.7265316245614457, "gamma": 0.006567516478588741, "lamda": 0.7263896853442973}, "datetime": {"datetime": "2021-09-23 21:17:53", "elapsed": 598.200648, "delta": 2.237007}}
{"target": 0.4686165261959554, "params": {"C": 472.8236690485121, "epsilon": 0.7076304160208561, "gamma": 0.0065477213911701625, "lamda": 0.6367107138028923}, "datetime": {"datetime": "2021-09-23 21:17:56", "elapsed": 600.625854, "delta": 2.425206}}
{"target": 0.469367011270841, "params": {"C": 465.32600053031393, "epsilon": 0.7285603465831256, "gamma": 0.009478245690839496, "lamda": 0.6699234687734047}, "datetime": {"datetime": "2021-09-23 21:17:58", "elapsed": 602.81836, "delta": 2.192506}}
{"target": 0.46952517711691544, "params": {"C": 374.3650663485885, "epsilon": 0.7959220203352122, "gamma": 0.007652387397730256, "lamda": 0.519215742363354}, "datetime": {"datetime": "2021-09-23 21:18:01", "elapsed": 606.110057, "delta": 3.291697}}
{"target": 0.466033225282958, "params": {"C": 498.67186881588304, "epsilon": 0.8338563522652129, "gamma": 0.014082559746595467, "lamda": 0.6132845954415167}, "datetime": {"datetime": "2021-09-23 21:18:04", "elapsed": 608.63619, "delta": 2.526133}}
{"target": 0.4665810505357779, "params": {"C": 442.46491299477236, "epsilon": 0.961056518404888, "gamma": 0.01339924333387143, "lamda": 0.5063621642555797}, "datetime": {"datetime": "2021-09-23 21:18:07", "elapsed": 611.899232, "delta": 3.263042}}
{"target": 0.4683779351358619, "params": {"C": 353.6006450399524, "epsilon": 0.7524620778676049, "gamma": 0.0110997076484021, "lamda": 0.5524219516449913}, "datetime": {"datetime": "2021-09-23 21:18:10", "elapsed": 614.242264, "delta": 2.343032}}
{"target": 0.4682000428632058, "params": {"C": 385.19841932862346, "epsilon": 0.7101574653914563, "gamma": 0.011796607456368863, "lamda": 0.7721218373330121}, "datetime": {"datetime": "2021-09-23 21:18:13", "elapsed": 617.470619, "delta": 3.228355}}
{"target": 0.46672904374559376, "params": {"C": 364.59807032673183, "epsilon": 0.9907124900953996, "gamma": 0.013632090666921191, "lamda": 0.5964819427865375}, "datetime": {"datetime": "2021-09-23 21:18:15", "elapsed": 619.78783, "delta": 2.317211}}
{"target": 0.46643877642533216, "params": {"C": 439.3612545802946, "epsilon": 0.8544401318874292, "gamma": 0.013291751800043064, "lamda": 0.5250670454445887}, "datetime": {"datetime": "2021-09-23 21:18:18", "elapsed": 623.112778, "delta": 3.324948}}
{"target": 0.46922597944115385, "params": {"C": 434.3594343848513, "epsilon": 0.7512176664024753, "gamma": 0.009397164224798627, "lamda": 0.7249437363718868}, "datetime": {"datetime": "2021-09-23 21:18:21", "elapsed": 625.40408, "delta": 2.291302}}
{"target": 0.46836565974511957, "params": {"C": 388.43569419142233, "epsilon": 0.8692563959782383, "gamma": 0.011366618598810033, "lamda": 0.5417724019443001}, "datetime": {"datetime": "2021-09-23 21:18:24", "elapsed": 628.696173, "delta": 3.292093}}
{"target": 0.46889675532831643, "params": {"C": 445.2538848239168, "epsilon": 0.9538246108572974, "gamma": 0.010376402191883495, "lamda": 0.5893895480094267}, "datetime": {"datetime": "2021-09-23 21:18:26", "elapsed": 631.022991, "delta": 2.326818}}
{"target": 0.46828924165767627, "params": {"C": 447.49313607289776, "epsilon": 0.8433136809314263, "gamma": 0.011625296113576943, "lamda": 0.6518635332496644}, "datetime": {"datetime": "2021-09-23 21:18:29", "elapsed": 634.027184, "delta": 3.004193}}
{"target": 0.4690560187205841, "params": {"C": 444.11693128919615, "epsilon": 0.8312900541462536, "gamma": 0.009932631678193641, "lamda": 0.672836337658637}, "datetime": {"datetime": "2021-09-23 21:18:33", "elapsed": 637.365709, "delta": 3.338525}}
{"target": 0.4657937856289406, "params": {"C": 385.4929540823955, "epsilon": 0.9471212641354453, "gamma": 0.01463923693380482, "lamda": 0.6264210743331968}, "datetime": {"datetime": "2021-09-23 21:18:36", "elapsed": 640.676006, "delta": 3.310297}}
{"target": 0.4660496360162457, "params": {"C": 364.27463092230147, "epsilon": 0.8362330909085176, "gamma": 0.014513659855184055, "lamda": 0.7718084802183374}, "datetime": {"datetime": "2021-09-23 21:18:39", "elapsed": 643.264161, "delta": 2.588155}}
