{"target": 0.4693143212007296, "params": {"C": 256.5947169299436, "epsilon": 0.978098462957986, "gamma": 0.009331338086483404, "lamda": 0.5221258534854025}, "datetime": {"datetime": "2021-09-23 20:52:19", "elapsed": 212.510115, "delta": 1.525802}}
{"target": 0.4650240284014068, "params": {"C": 255.93970178156016, "epsilon": 0.7233103963383832, "gamma": 0.014461018193547587, "lamda": 0.6517843720332539}, "datetime": {"datetime": "2021-09-23 20:52:20", "elapsed": 213.603138, "delta": 1.093023}}
{"target": 0.4659139048463009, "params": {"C": 293.39765641235476, "epsilon": 0.9071744430358064, "gamma": 0.014585383580293845, "lamda": 0.6788678683170776}, "datetime": {"datetime": "2021-09-23 20:52:21", "elapsed": 215.167496, "delta": 1.564358}}
{"target": 0.4652679321304015, "params": {"C": 275.3378511224171, "epsilon": 0.8415970521418792, "gamma": 0.0055043451617502225, "lamda": 0.7309742145751075}, "datetime": {"datetime": "2021-09-23 20:52:22", "elapsed": 216.479766, "delta": 1.31227}}
{"target": 0.46863985225448324, "params": {"C": 254.19388855111504, "epsilon": 0.8141315802491249, "gamma": 0.010968144296550887, "lamda": 0.7082427791828074}, "datetime": {"datetime": "2021-09-23 20:52:24", "elapsed": 217.519408, "delta": 1.039642}}
{"target": 0.46856479287356523, "params": {"C": 276.90848916573793, "epsilon": 0.8758119943441502, "gamma": 0.00885718109966133, "lamda": 0.7456262509481468}, "datetime": {"datetime": "2021-09-23 20:52:25", "elapsed": 218.634283, "delta": 1.114875}}
{"target": 0.4662769418051028, "params": {"C": 309.33979004126047, "epsilon": 0.9491208264420138, "gamma": 0.014093056459331236, "lamda": 0.6070737633354815}, "datetime": {"datetime": "2021-09-23 20:52:26", "elapsed": 219.849204, "delta": 1.214921}}
{"target": 0.46710385372654817, "params": {"C": 298.92555402530866, "epsilon": 0.8463680614558888, "gamma": 0.006583442655236246, "lamda": 0.7333164558450211}, "datetime": {"datetime": "2021-09-23 20:52:27", "elapsed": 221.215062, "delta": 1.365858}}
{"target": 0.46641561891699923, "params": {"C": 309.34735250945954, "epsilon": 0.9007450595537377, "gamma": 0.014089989970195456, "lamda": 0.7376454617107195}, "datetime": {"datetime": "2021-09-23 20:52:28", "elapsed": 222.31609, "delta": 1.101028}}
{"target": 0.46568235740819697, "params": {"C": 303.40037269157244, "epsilon": 0.994612683300057, "gamma": 0.014821998848559705, "lamda": 0.798379993212391}, "datetime": {"datetime": "2021-09-23 20:52:30", "elapsed": 224.395336, "delta": 2.079246}}
{"target": 0.4674197901300413, "params": {"C": 341.5913232487518, "epsilon": 0.7581334146020338, "gamma": 0.005801161210237905, "lamda": 0.6241849246111132}, "datetime": {"datetime": "2021-09-23 20:52:32", "elapsed": 225.920636, "delta": 1.5253}}
{"target": 0.46930032889755413, "params": {"C": 278.8473064968176, "epsilon": 0.7577077538892625, "gamma": 0.008135959995548187, "lamda": 0.6673010050775505}, "datetime": {"datetime": "2021-09-23 20:52:33", "elapsed": 227.361918, "delta": 1.441282}}
{"target": 0.46566505150495374, "params": {"C": 263.02701313978065, "epsilon": 0.8978044016614819, "gamma": 0.014343105406087898, "lamda": 0.5580440770191009}, "datetime": {"datetime": "2021-09-23 20:52:35", "elapsed": 228.783321, "delta": 1.421403}}
{"target": 0.46617983095092763, "params": {"C": 296.17145600960646, "epsilon": 0.9577355467781281, "gamma": 0.013881181699925645, "lamda": 0.526462464923629}, "datetime": {"datetime": "2021-09-23 20:52:36", "elapsed": 230.078434, "delta": 1.295113}}
{"target": 0.46510995383968357, "params": {"C": 316.3008803877191, "epsilon": 0.897290682715094, "gamma": 0.014950785594390774, "lamda": 0.578460787163876}, "datetime": {"datetime": "2021-09-23 20:52:38", "elapsed": 231.622885, "delta": 1.544451}}
{"target": 0.4675244205132324, "params": {"C": 345.8626715031673, "epsilon": 0.7485116796114192, "gamma": 0.0126371227837575, "lamda": 0.7147039839130264}, "datetime": {"datetime": "2021-09-23 20:52:39", "elapsed": 233.054418, "delta": 1.431533}}
{"target": 0.46915298119027815, "params": {"C": 317.5676897942066, "epsilon": 0.8099487279133317, "gamma": 0.008243252452543953, "lamda": 0.6630820832125678}, "datetime": {"datetime": "2021-09-23 20:52:40", "elapsed": 234.250264, "delta": 1.195846}}
{"target": 0.46718875431438334, "params": {"C": 288.3600152913886, "epsilon": 0.9743505508116124, "gamma": 0.013079213835344033, "lamda": 0.5928685560431408}, "datetime": {"datetime": "2021-09-23 20:52:42", "elapsed": 236.035653, "delta": 1.785389}}
{"target": 0.4643719514400029, "params": {"C": 243.09099508784374, "epsilon": 0.9344947359810544, "gamma": 0.014777382926378323, "lamda": 0.5101874332662447}, "datetime": {"datetime": "2021-09-23 20:52:44", "elapsed": 237.687855, "delta": 1.652202}}
{"target": 0.46574409131680994, "params": {"C": 300.9200457542519, "epsilon": 0.9836250171099059, "gamma": 0.014803488452328609, "lamda": 0.7774777642516378}, "datetime": {"datetime": "2021-09-23 20:52:46", "elapsed": 240.105269, "delta": 2.417414}}
{"target": 0.46668032916477875, "params": {"C": 282.185694401096, "epsilon": 0.7980255495013139, "gamma": 0.01358976199485069, "lamda": 0.6800722613343261}, "datetime": {"datetime": "2021-09-23 20:52:48", "elapsed": 241.696859, "delta": 1.59159}}
{"target": 0.46865404854776915, "params": {"C": 274.0606570631809, "epsilon": 0.8642419167205789, "gamma": 0.00866397582083865, "lamda": 0.7320113966900516}, "datetime": {"datetime": "2021-09-23 20:52:50", "elapsed": 243.577016, "delta": 1.880157}}
{"target": 0.4683881053042047, "params": {"C": 300.4594588416542, "epsilon": 0.9990817709672479, "gamma": 0.008530938482368501, "lamda": 0.6599168879967291}, "datetime": {"datetime": "2021-09-23 20:52:51", "elapsed": 245.427354, "delta": 1.850338}}
{"target": 0.46747859790984925, "params": {"C": 264.1527237480645, "epsilon": 0.7941843661250638, "gamma": 0.005888548269298883, "lamda": 0.5912491539283304}, "datetime": {"datetime": "2021-09-23 20:52:53", "elapsed": 246.771203, "delta": 1.343849}}
{"target": 0.46577946775611667, "params": {"C": 317.1691737835577, "epsilon": 0.9715286288749534, "gamma": 0.0063790584732856676, "lamda": 0.7333087568519272}, "datetime": {"datetime": "2021-09-23 20:52:55", "elapsed": 248.543224, "delta": 1.772021}}
{"target": 0.46898879227404655, "params": {"C": 266.03243450567527, "epsilon": 0.9444296263989133, "gamma": 0.00911495187849707, "lamda": 0.6246651433020521}, "datetime": {"datetime": "2021-09-23 20:52:56", "elapsed": 249.81754, "delta": 1.274316}}
{"target": 0.46926949175849575, "params": {"C": 278.3046498332215, "epsilon": 0.8907517385506311, "gamma": 0.009497966435670562, "lamda": 0.5822005088763662}, "datetime": {"datetime": "2021-09-23 20:52:57", "elapsed": 251.382761, "delta": 1.565221}}
{"target": 0.4673790791641569, "params": {"C": 280.8640968742815, "epsilon": 0.9350359337732126, "gamma": 0.012584891004747023, "lamda": 0.777536231824635}, "datetime": {"datetime": "2021-09-23 20:52:59", "elapsed": 252.605977, "delta": 1.223216}}
{"target": 0.4689408282689014, "params": {"C": 252.64656933821288, "epsilon": 0.9084055976143928, "gamma": 0.010466912618750445, "lamda": 0.5782519206299939}, "datetime": {"datetime": "2021-09-23 20:53:00", "elapsed": 253.837397, "delta": 1.23142}}
{"target": 0.46804538702957454, "params": {"C": 268.9939102181537, "epsilon": 0.9738235622296677, "gamma": 0.008804897397466746, "lamda": 0.7370994575292672}, "datetime": {"datetime": "2021-09-23 20:53:01", "elapsed": 255.06465, "delta": 1.227253}}
{"target": 0.46816404036993453, "params": {"C": 264.487392541122, "epsilon": 0.7388002770023829, "gamma": 0.011423501810433884, "lamda": 0.6363478262718923}, "datetime": {"datetime": "2021-09-23 20:53:03", "elapsed": 257.262735, "delta": 2.198085}}
{"target": 0.4671913838172176, "params": {"C": 240.8382181286147, "epsilon": 0.780914428244346, "gamma": 0.013034119765440878, "lamda": 0.6941144854827267}, "datetime": {"datetime": "2021-09-23 20:53:05", "elapsed": 259.023261, "delta": 1.760526}}
{"target": 0.4673622083905191, "params": {"C": 247.9347643229432, "epsilon": 0.8418076654010735, "gamma": 0.012817304196513304, "lamda": 0.6408060170697132}, "datetime": {"datetime": "2021-09-23 20:53:07", "elapsed": 260.553237, "delta": 1.529976}}
{"target": 0.468451787423555, "params": {"C": 283.63387893472003, "epsilon": 0.7966422548020007, "gamma": 0.01138920261560597, "lamda": 0.6674246119421159}, "datetime": {"datetime": "2021-09-23 20:53:08", "elapsed": 261.805649, "delta": 1.252412}}
{"target": 0.46776092261616775, "params": {"C": 263.6619008651785, "epsilon": 0.9185222624165329, "gamma": 0.01206255244367049, "lamda": 0.7593501827087481}, "datetime": {"datetime": "2021-09-23 20:53:09", "elapsed": 263.448561, "delta": 1.642912}}
{"target": 0.46881526486641445, "params": {"C": 297.68551196696467, "epsilon": 0.7478770047980787, "gamma": 0.010753080651222584, "lamda": 0.6269802149580942}, "datetime": {"datetime": "2021-09-23 20:53:11", "elapsed": 265.085718, "delta": 1.637157}}
{"target": 0.4690795955917775, "params": {"C": 245.95288993065734, "epsilon": 0.8399990516596074, "gamma": 0.009893952539660796, "lamda": 0.6603564680551134}, "datetime": {"datetime": "2021-09-23 20:53:13", "elapsed": 266.842764, "delta": 1.757046}}
{"target": 0.46564519417801875, "params": {"C": 251.6137137888208, "epsilon": 0.7996255336842273, "gamma": 0.014512335224152607, "lamda": 0.653735906431972}, "datetime": {"datetime": "2021-09-23 20:53:14", "elapsed": 268.238715, "delta": 1.395951}}
{"target": 0.469136641243185, "params": {"C": 284.39287116987504, "epsilon": 0.80603710721572, "gamma": 0.01003157292621083, "lamda": 0.6421902829427799}, "datetime": {"datetime": "2021-09-23 20:53:15", "elapsed": 269.494596, "delta": 1.255881}}
{"target": 0.4692083792195315, "params": {"C": 303.49676595020304, "epsilon": 0.9881526286960431, "gamma": 0.00914645221210512, "lamda": 0.5506967308592795}, "datetime": {"datetime": "2021-09-23 20:53:17", "elapsed": 270.799598, "delta": 1.305002}}
{"target": 0.4681403202224774, "params": {"C": 279.7212377461958, "epsilon": 0.919855139524269, "gamma": 0.011546166076156071, "lamda": 0.7149501353292189}, "datetime": {"datetime": "2021-09-23 20:53:18", "elapsed": 272.207562, "delta": 1.407964}}
{"target": 0.46909726696391985, "params": {"C": 268.5577974770097, "epsilon": 0.9825947249158782, "gamma": 0.009687867862327164, "lamda": 0.5667272020837941}, "datetime": {"datetime": "2021-09-23 20:53:20", "elapsed": 273.780562, "delta": 1.573}}
{"target": 0.4690581706240373, "params": {"C": 243.84100815505357, "epsilon": 0.9731961699879098, "gamma": 0.008192825716073635, "lamda": 0.5062837171025776}, "datetime": {"datetime": "2021-09-23 20:53:22", "elapsed": 275.659641, "delta": 1.879079}}
{"target": 0.4635191189902915, "params": {"C": 264.9081863678691, "epsilon": 0.7064342150535421, "gamma": 0.014304932583602908, "lamda": 0.5782701601263733}, "datetime": {"datetime": "2021-09-23 20:53:23", "elapsed": 277.47979, "delta": 1.820149}}
{"target": 0.4679591858809541, "params": {"C": 324.4019817925579, "epsilon": 0.9628069068525295, "gamma": 0.011910865307024407, "lamda": 0.6761214343381943}, "datetime": {"datetime": "2021-09-23 20:53:25", "elapsed": 279.057788, "delta": 1.577998}}
{"target": 0.46725858505118645, "params": {"C": 300.85847569194175, "epsilon": 0.8930526061351706, "gamma": 0.012738551017685817, "lamda": 0.5486697842311217}, "datetime": {"datetime": "2021-09-23 20:53:27", "elapsed": 281.03379, "delta": 1.976002}}
{"target": 0.4689345081872043, "params": {"C": 338.2795280484719, "epsilon": 0.9762835583515439, "gamma": 0.009369437545485117, "lamda": 0.6147525039878121}, "datetime": {"datetime": "2021-09-23 20:53:29", "elapsed": 283.468798, "delta": 2.435008}}
{"target": 0.4676460768758067, "params": {"C": 279.49702169510886, "epsilon": 0.9675757222826336, "gamma": 0.01241052604792132, "lamda": 0.6792295705145719}, "datetime": {"datetime": "2021-09-23 20:53:31", "elapsed": 284.988792, "delta": 1.519994}}
{"target": 0.4674732576723044, "params": {"C": 289.0080289387586, "epsilon": 0.7732926150848921, "gamma": 0.012524250566774246, "lamda": 0.6317911579354203}, "datetime": {"datetime": "2021-09-23 20:53:33", "elapsed": 286.790792, "delta": 1.802}}
{"target": 0.46803588359540715, "params": {"C": 317.42689229913265, "epsilon": 0.9993067907182154, "gamma": 0.007214489249831903, "lamda": 0.5982248984794973}, "datetime": {"datetime": "2021-09-23 20:53:35", "elapsed": 288.770793, "delta": 1.980001}}
{"target": 0.4688314490942891, "params": {"C": 268.6433598907887, "epsilon": 0.9134644419802986, "gamma": 0.009912648928912153, "lamda": 0.6728495503113529}, "datetime": {"datetime": "2021-09-23 20:53:37", "elapsed": 290.905791, "delta": 2.134998}}
{"target": 0.468587099267737, "params": {"C": 276.4995082079494, "epsilon": 0.9536935497725723, "gamma": 0.008681675923826163, "lamda": 0.6714696851465195}, "datetime": {"datetime": "2021-09-23 20:53:38", "elapsed": 292.454791, "delta": 1.549}}
{"target": 0.46594276579440597, "params": {"C": 311.3807792117615, "epsilon": 0.776600602897171, "gamma": 0.005726569906062815, "lamda": 0.7691585631594957}, "datetime": {"datetime": "2021-09-23 20:53:41", "elapsed": 294.838309, "delta": 2.383518}}
{"target": 0.4681171650431998, "params": {"C": 246.28465817412044, "epsilon": 0.7570146621920466, "gamma": 0.008605010571045834, "lamda": 0.5413978026060464}, "datetime": {"datetime": "2021-09-23 20:53:43", "elapsed": 297.271133, "delta": 2.432824}}
{"target": 0.4689023999698413, "params": {"C": 311.4719932005621, "epsilon": 0.8537865677538152, "gamma": 0.009262529669964426, "lamda": 0.7147879381753361}, "datetime": {"datetime": "2021-09-23 20:53:45", "elapsed": 299.261479, "delta": 1.990346}}
{"target": 0.4682214045264177, "params": {"C": 349.02771425492335, "epsilon": 0.8376805982043297, "gamma": 0.011700383180818563, "lamda": 0.6198207786167952}, "datetime": {"datetime": "2021-09-23 20:53:47", "elapsed": 300.803141, "delta": 1.541662}}
{"target": 0.4666927136021779, "params": {"C": 256.06846763662594, "epsilon": 0.8347700696874379, "gamma": 0.013762691541021919, "lamda": 0.7908332601667435}, "datetime": {"datetime": "2021-09-23 20:53:49", "elapsed": 303.222568, "delta": 2.419427}}
{"target": 0.4681288392446833, "params": {"C": 249.0189360367712, "epsilon": 0.8137073077569409, "gamma": 0.011656678490665033, "lamda": 0.7960331991945975}, "datetime": {"datetime": "2021-09-23 20:53:51", "elapsed": 304.922287, "delta": 1.699719}}
{"target": 0.4684781113668778, "params": {"C": 276.7896520398771, "epsilon": 0.8097204623907228, "gamma": 0.011002809931578154, "lamda": 0.7811537395178246}, "datetime": {"datetime": "2021-09-23 20:53:53", "elapsed": 306.551924, "delta": 1.629637}}
{"target": 0.46763877935839626, "params": {"C": 299.3431560984985, "epsilon": 0.7467176517529767, "gamma": 0.012552227916891581, "lamda": 0.7568930628512387}, "datetime": {"datetime": "2021-09-23 20:53:55", "elapsed": 308.69795, "delta": 2.146026}}
{"target": 0.46585866434209633, "params": {"C": 280.570403866719, "epsilon": 0.8866452032696011, "gamma": 0.014091956691800994, "lamda": 0.5511096439681731}, "datetime": {"datetime": "2021-09-23 20:53:56", "elapsed": 310.310369, "delta": 1.612419}}
{"target": 0.46664906304970244, "params": {"C": 241.94530838329018, "epsilon": 0.8295060791817305, "gamma": 0.0055041539023396105, "lamda": 0.5607195629193558}, "datetime": {"datetime": "2021-09-23 20:53:58", "elapsed": 312.468914, "delta": 2.158545}}
{"target": 0.4681099266255948, "params": {"C": 243.13295842515896, "epsilon": 0.7794949852898928, "gamma": 0.009120167156874033, "lamda": 0.539304959294714}, "datetime": {"datetime": "2021-09-23 20:54:01", "elapsed": 315.316347, "delta": 2.847433}}
{"target": 0.4650014181200808, "params": {"C": 275.81311351611157, "epsilon": 0.9542134262128987, "gamma": 0.00532453501684365, "lamda": 0.633057545707852}, "datetime": {"datetime": "2021-09-23 20:54:03", "elapsed": 316.905031, "delta": 1.588684}}
{"target": 0.4666106724126501, "params": {"C": 252.5444715834356, "epsilon": 0.9081226360608738, "gamma": 0.005430679994258091, "lamda": 0.5025139003226858}, "datetime": {"datetime": "2021-09-23 20:54:04", "elapsed": 318.44013, "delta": 1.535099}}
{"target": 0.46688086398501594, "params": {"C": 250.25550786966974, "epsilon": 0.804784528492271, "gamma": 0.0061302781464094985, "lamda": 0.7174631008897628}, "datetime": {"datetime": "2021-09-23 20:54:06", "elapsed": 319.87108, "delta": 1.43095}}
{"target": 0.4664909248106842, "params": {"C": 271.5681939893867, "epsilon": 0.7323411546221832, "gamma": 0.012268182349256314, "lamda": 0.5660991245415488}, "datetime": {"datetime": "2021-09-23 20:54:07", "elapsed": 321.383768, "delta": 1.512688}}
{"target": 0.4675705427188326, "params": {"C": 246.70524498439462, "epsilon": 0.8002779275809592, "gamma": 0.006806656294206019, "lamda": 0.7541146321754548}, "datetime": {"datetime": "2021-09-23 20:54:09", "elapsed": 322.965579, "delta": 1.581811}}
{"target": 0.4682775586719147, "params": {"C": 277.6583816862136, "epsilon": 0.8490018559456213, "gamma": 0.007473340458886764, "lamda": 0.7048093344958467}, "datetime": {"datetime": "2021-09-23 20:54:11", "elapsed": 324.562029, "delta": 1.59645}}
{"target": 0.46944335699254214, "params": {"C": 331.7860212625408, "epsilon": 0.7247496978181917, "gamma": 0.007566265810310987, "lamda": 0.5956969527432106}, "datetime": {"datetime": "2021-09-23 20:54:13", "elapsed": 327.298343, "delta": 2.736314}}
{"target": 0.4682659737789543, "params": {"C": 306.02625722398966, "epsilon": 0.9149001655293564, "gamma": 0.007059764332731608, "lamda": 0.6075816920357759}, "datetime": {"datetime": "2021-09-23 20:54:15", "elapsed": 328.71355, "delta": 1.415207}}
{"target": 0.46865438765912404, "params": {"C": 349.7168093416376, "epsilon": 0.9638475999296539, "gamma": 0.010561922472811042, "lamda": 0.6418346921781186}, "datetime": {"datetime": "2021-09-23 20:54:16", "elapsed": 330.227546, "delta": 1.513996}}
{"target": 0.46763743985613526, "params": {"C": 283.11983888468524, "epsilon": 0.814601545297408, "gamma": 0.011637989728503325, "lamda": 0.5248287693185671}, "datetime": {"datetime": "2021-09-23 20:54:19", "elapsed": 332.983446, "delta": 2.7559}}
{"target": 0.46826055031173597, "params": {"C": 324.1887131954635, "epsilon": 0.9946222230518169, "gamma": 0.006786727736189514, "lamda": 0.5256565325353171}, "datetime": {"datetime": "2021-09-23 20:54:21", "elapsed": 334.527864, "delta": 1.544418}}
{"target": 0.4684716821861864, "params": {"C": 270.68733514677575, "epsilon": 0.9878458242126245, "gamma": 0.011309823012346197, "lamda": 0.5335702827980261}, "datetime": {"datetime": "2021-09-23 20:54:22", "elapsed": 336.406691, "delta": 1.878827}}
{"target": 0.4685302773582565, "params": {"C": 272.4688705221517, "epsilon": 0.7534707474091817, "gamma": 0.011223751056929198, "lamda": 0.6453168324107152}, "datetime": {"datetime": "2021-09-23 20:54:24", "elapsed": 338.468072, "delta": 2.061381}}
{"target": 0.46764768773383814, "params": {"C": 315.0835443793992, "epsilon": 0.9330206859699689, "gamma": 0.012489855175031667, "lamda": 0.66967804563664}, "datetime": {"datetime": "2021-09-23 20:54:26", "elapsed": 340.223489, "delta": 1.755417}}
{"target": 0.4654889714177586, "params": {"C": 342.90433316584176, "epsilon": 0.744771654932294, "gamma": 0.005192898670329481, "lamda": 0.7245983474444349}, "datetime": {"datetime": "2021-09-23 20:54:28", "elapsed": 341.997462, "delta": 1.773973}}
{"target": 0.4681401194804813, "params": {"C": 247.238948983224, "epsilon": 0.8919222108352882, "gamma": 0.007714558252117696, "lamda": 0.7124050732125221}, "datetime": {"datetime": "2021-09-23 20:54:30", "elapsed": 343.794265, "delta": 1.796803}}
{"target": 0.4649870497672086, "params": {"C": 314.4776344206082, "epsilon": 0.9992503823096366, "gamma": 0.005317224925047789, "lamda": 0.6043116895692212}, "datetime": {"datetime": "2021-09-23 20:54:32", "elapsed": 346.413964, "delta": 2.619699}}
{"target": 0.46521651188735036, "params": {"C": 294.03980593521624, "epsilon": 0.9239770533169389, "gamma": 0.005968300648866957, "lamda": 0.7547058404824587}, "datetime": {"datetime": "2021-09-23 20:54:34", "elapsed": 348.23111, "delta": 1.817146}}
{"target": 0.46768354553758607, "params": {"C": 293.257307970618, "epsilon": 0.9517729554471247, "gamma": 0.01245655690850311, "lamda": 0.6141280548359742}, "datetime": {"datetime": "2021-09-23 20:54:36", "elapsed": 350.05343, "delta": 1.82232}}
{"target": 0.4678380358200197, "params": {"C": 260.00211280687, "epsilon": 0.7018105839411214, "gamma": 0.010051663178042888, "lamda": 0.5820079584953423}, "datetime": {"datetime": "2021-09-23 20:54:39", "elapsed": 352.929803, "delta": 2.876373}}
{"target": 0.4690722138414458, "params": {"C": 263.22864218632975, "epsilon": 0.894963590240678, "gamma": 0.0098762082983231, "lamda": 0.621431373579466}, "datetime": {"datetime": "2021-09-23 20:54:41", "elapsed": 355.21286, "delta": 2.283057}}
{"target": 0.46817359850326046, "params": {"C": 254.8628930193747, "epsilon": 0.7777631915442476, "gamma": 0.007693813929104954, "lamda": 0.5083158053669782}, "datetime": {"datetime": "2021-09-23 20:54:43", "elapsed": 357.285457, "delta": 2.072597}}
{"target": 0.46728432472017634, "params": {"C": 308.61999956828885, "epsilon": 0.9749467464942347, "gamma": 0.01273745139021681, "lamda": 0.511390222277452}, "datetime": {"datetime": "2021-09-23 20:54:45", "elapsed": 359.366557, "delta": 2.0811}}
{"target": 0.46824385472100605, "params": {"C": 271.4253680343892, "epsilon": 0.8712945001239873, "gamma": 0.01168597460394678, "lamda": 0.6342008355639768}, "datetime": {"datetime": "2021-09-23 20:54:47", "elapsed": 361.247509, "delta": 1.880952}}
{"target": 0.46910029453809365, "params": {"C": 247.9158770634892, "epsilon": 0.9544877728342183, "gamma": 0.009263264419652813, "lamda": 0.5951794711816829}, "datetime": {"datetime": "2021-09-23 20:54:49", "elapsed": 363.345106, "delta": 2.097597}}
