{"target": 0.46873561672640063, "params": {"C": 250.44304789017906, "epsilon": 0.8811859604098345, "gamma": 0.008154872150720709, "lamda": 0.673111120080727}, "datetime": {"datetime": "2021-09-23 20:49:32", "elapsed": 46.354801, "delta": 0.493642}}
{"target": 0.4671996757638681, "params": {"C": 324.1995871523862, "epsilon": 0.9702123387023489, "gamma": 0.012763133681421512, "lamda": 0.771561400887413}, "datetime": {"datetime": "2021-09-23 20:49:33", "elapsed": 46.898523, "delta": 0.543722}}
{"target": 0.4688310738140202, "params": {"C": 345.6723183613002, "epsilon": 0.9727396011463043, "gamma": 0.007834065416968516, "lamda": 0.5708728942209432}, "datetime": {"datetime": "2021-09-23 20:49:34", "elapsed": 47.604521, "delta": 0.705998}}
{"target": 0.4679154167065278, "params": {"C": 284.33662353750526, "epsilon": 0.7780786014251571, "gamma": 0.012115533898834324, "lamda": 0.6693549088077215}, "datetime": {"datetime": "2021-09-23 20:49:34", "elapsed": 48.219217, "delta": 0.614696}}
{"target": 0.46779633839113255, "params": {"C": 283.6384621519569, "epsilon": 0.9938420894950535, "gamma": 0.006477707500620917, "lamda": 0.5381427135911416}, "datetime": {"datetime": "2021-09-23 20:49:35", "elapsed": 48.824164, "delta": 0.604947}}
{"target": 0.4643660545883157, "params": {"C": 265.63764950924946, "epsilon": 0.8353742806979686, "gamma": 0.014671432879730151, "lamda": 0.535358581114011}, "datetime": {"datetime": "2021-09-23 20:49:35", "elapsed": 49.359858, "delta": 0.535694}}
{"target": 0.4692548912481045, "params": {"C": 340.0765772184077, "epsilon": 0.9445428166322638, "gamma": 0.00833284277136501, "lamda": 0.5488132356649196}, "datetime": {"datetime": "2021-09-23 20:49:36", "elapsed": 49.938038, "delta": 0.57818}}
{"target": 0.4682217874715303, "params": {"C": 299.4313738453336, "epsilon": 0.9329947326325776, "gamma": 0.010441807381281054, "lamda": 0.7684432526270075}, "datetime": {"datetime": "2021-09-23 20:49:36", "elapsed": 50.469835, "delta": 0.531797}}
{"target": 0.46616982666270523, "params": {"C": 294.80439898164406, "epsilon": 0.8972842633631168, "gamma": 0.013849195694830226, "lamda": 0.5519024991564204}, "datetime": {"datetime": "2021-09-23 20:49:37", "elapsed": 51.061537, "delta": 0.591702}}
{"target": 0.4685783663398345, "params": {"C": 334.3563515979871, "epsilon": 0.7749160719559127, "gamma": 0.011143478043237327, "lamda": 0.6251832449445953}, "datetime": {"datetime": "2021-09-23 20:49:38", "elapsed": 51.570578, "delta": 0.509041}}
{"target": 0.46697446040083823, "params": {"C": 263.54403548795176, "epsilon": 0.795828021711806, "gamma": 0.005735919307038998, "lamda": 0.6348314278699849}, "datetime": {"datetime": "2021-09-23 20:49:38", "elapsed": 52.104369, "delta": 0.533791}}
{"target": 0.469012386239374, "params": {"C": 288.315263931926, "epsilon": 0.7127818582893053, "gamma": 0.008904113189985047, "lamda": 0.5584289070713697}, "datetime": {"datetime": "2021-09-23 20:49:39", "elapsed": 52.691224, "delta": 0.586855}}
{"target": 0.4669155664722021, "params": {"C": 314.80845827693156, "epsilon": 0.7306648369485609, "gamma": 0.013169569204801893, "lamda": 0.6817549457904837}, "datetime": {"datetime": "2021-09-23 20:49:39", "elapsed": 53.390196, "delta": 0.698972}}
{"target": 0.4672238029911123, "params": {"C": 314.9436476969445, "epsilon": 0.8255721464394743, "gamma": 0.006646691662791637, "lamda": 0.7477678278058626}, "datetime": {"datetime": "2021-09-23 20:49:40", "elapsed": 54.113127, "delta": 0.722931}}
{"target": 0.46908853354184576, "params": {"C": 291.49037300617766, "epsilon": 0.8408626495410126, "gamma": 0.010144930241874309, "lamda": 0.6174094498324113}, "datetime": {"datetime": "2021-09-23 20:49:41", "elapsed": 54.735046, "delta": 0.621919}}
{"target": 0.46701644813671683, "params": {"C": 277.41396207079566, "epsilon": 0.9832438340462565, "gamma": 0.013238845923909445, "lamda": 0.5685967012217065}, "datetime": {"datetime": "2021-09-23 20:49:41", "elapsed": 55.386049, "delta": 0.651003}}
{"target": 0.4670052714074262, "params": {"C": 315.36209177091246, "epsilon": 0.7753303683749723, "gamma": 0.005939082931041527, "lamda": 0.6917504118401906}, "datetime": {"datetime": "2021-09-23 20:49:42", "elapsed": 56.133575, "delta": 0.747526}}
{"target": 0.46866991877160946, "params": {"C": 278.9939405720314, "epsilon": 0.8422142636549745, "gamma": 0.009896455405124918, "lamda": 0.7725457856915762}, "datetime": {"datetime": "2021-09-23 20:49:43", "elapsed": 56.945758, "delta": 0.812183}}
{"target": 0.46711953584392096, "params": {"C": 302.4747029371078, "epsilon": 0.8335551494245544, "gamma": 0.006323039410460326, "lamda": 0.6998430355448549}, "datetime": {"datetime": "2021-09-23 20:49:44", "elapsed": 57.716758, "delta": 0.771}}
{"target": 0.4667318451802155, "params": {"C": 348.4443655668608, "epsilon": 0.7494777788225506, "gamma": 0.005869732662362781, "lamda": 0.7345467278007328}, "datetime": {"datetime": "2021-09-23 20:49:44", "elapsed": 58.281582, "delta": 0.564824}}
{"target": 0.4690514448322489, "params": {"C": 270.4101275017783, "epsilon": 0.9462747693378752, "gamma": 0.010295586697935233, "lamda": 0.5171675633467315}, "datetime": {"datetime": "2021-09-23 20:49:45", "elapsed": 59.034254, "delta": 0.752672}}
{"target": 0.4682247740012282, "params": {"C": 289.1324440297682, "epsilon": 0.9990147078262315, "gamma": 0.011674087571983587, "lamda": 0.5305725655742459}, "datetime": {"datetime": "2021-09-23 20:49:46", "elapsed": 59.630225, "delta": 0.595971}}
{"target": 0.4665113421724236, "params": {"C": 271.5844972568044, "epsilon": 0.845883905802948, "gamma": 0.005598716053147836, "lamda": 0.6203030202930266}, "datetime": {"datetime": "2021-09-23 20:49:46", "elapsed": 60.392205, "delta": 0.76198}}
{"target": 0.4643311746985802, "params": {"C": 293.65908247570576, "epsilon": 0.9792120900564263, "gamma": 0.005746479825346397, "lamda": 0.7467198303530297}, "datetime": {"datetime": "2021-09-23 20:49:47", "elapsed": 61.141873, "delta": 0.749668}}
{"target": 0.46948336900913046, "params": {"C": 278.8032724743553, "epsilon": 0.7661087379445063, "gamma": 0.008696959912014728, "lamda": 0.623408850176616}, "datetime": {"datetime": "2021-09-23 20:49:48", "elapsed": 61.855548, "delta": 0.713675}}
{"target": 0.46864947686997727, "params": {"C": 312.78754504906635, "epsilon": 0.9892080823776067, "gamma": 0.01004869072510895, "lamda": 0.6522961956078493}, "datetime": {"datetime": "2021-09-23 20:49:49", "elapsed": 62.725155, "delta": 0.869607}}
{"target": 0.4681436179620809, "params": {"C": 296.1473428270912, "epsilon": 0.9747073900209937, "gamma": 0.01180852092933964, "lamda": 0.5704684715454077}, "datetime": {"datetime": "2021-09-23 20:49:49", "elapsed": 63.407123, "delta": 0.681968}}
{"target": 0.4685577091629194, "params": {"C": 301.12743854587427, "epsilon": 0.8982773343385043, "gamma": 0.011040677120504994, "lamda": 0.5039519856399208}, "datetime": {"datetime": "2021-09-23 20:49:50", "elapsed": 64.244799, "delta": 0.837676}}
{"target": 0.4680022351531917, "params": {"C": 326.97384678391364, "epsilon": 0.8304018617306449, "gamma": 0.007414088927785702, "lamda": 0.752403966095966}, "datetime": {"datetime": "2021-09-23 20:49:51", "elapsed": 65.00441, "delta": 0.759611}}
{"target": 0.46887954566568557, "params": {"C": 294.64851357286716, "epsilon": 0.7713800985530954, "gamma": 0.01061917961546796, "lamda": 0.6926823717373655}, "datetime": {"datetime": "2021-09-23 20:49:52", "elapsed": 65.678064, "delta": 0.673654}}
{"target": 0.46813059690212533, "params": {"C": 264.8482615121953, "epsilon": 0.8059013399182122, "gamma": 0.010621901215239614, "lamda": 0.5321801208631869}, "datetime": {"datetime": "2021-09-23 20:49:52", "elapsed": 66.356626, "delta": 0.678562}}
{"target": 0.4660584609275866, "params": {"C": 328.12533063653945, "epsilon": 0.9986621636669264, "gamma": 0.014415834721777085, "lamda": 0.7566492797092014}, "datetime": {"datetime": "2021-09-23 20:49:53", "elapsed": 66.98551, "delta": 0.628884}}
{"target": 0.4691068785680843, "params": {"C": 322.35703862582307, "epsilon": 0.7819685460022134, "gamma": 0.008176925184922298, "lamda": 0.693201250901696}, "datetime": {"datetime": "2021-09-23 20:49:54", "elapsed": 67.684546, "delta": 0.699036}}
{"target": 0.4688056514172302, "params": {"C": 329.02138600293915, "epsilon": 0.7678959464524477, "gamma": 0.008623534953037897, "lamda": 0.7969740818495142}, "datetime": {"datetime": "2021-09-23 20:49:54", "elapsed": 68.335889, "delta": 0.651343}}
{"target": 0.46826139753229323, "params": {"C": 252.22918000467615, "epsilon": 0.7400225487032986, "gamma": 0.011472093793912602, "lamda": 0.6730621376012249}, "datetime": {"datetime": "2021-09-23 20:49:55", "elapsed": 68.972115, "delta": 0.636226}}
{"target": 0.46837717680295643, "params": {"C": 270.1143283366116, "epsilon": 0.954272259615406, "gamma": 0.006558861241657211, "lamda": 0.5014208542173313}, "datetime": {"datetime": "2021-09-23 20:49:56", "elapsed": 69.621155, "delta": 0.64904}}
{"target": 0.4668065251958513, "params": {"C": 286.880292479009, "epsilon": 0.7395854063730277, "gamma": 0.013431989063555121, "lamda": 0.7199418270000385}, "datetime": {"datetime": "2021-09-23 20:49:56", "elapsed": 70.422715, "delta": 0.80156}}
{"target": 0.4671505657822742, "params": {"C": 267.3498906448749, "epsilon": 0.9021502044333041, "gamma": 0.01314025735365618, "lamda": 0.6435726053347685}, "datetime": {"datetime": "2021-09-23 20:49:57", "elapsed": 71.207934, "delta": 0.785219}}
{"target": 0.4688387557654464, "params": {"C": 305.48963383437945, "epsilon": 0.8585825824130132, "gamma": 0.010624964232291305, "lamda": 0.6392675768865911}, "datetime": {"datetime": "2021-09-23 20:49:58", "elapsed": 71.882569, "delta": 0.674635}}
{"target": 0.4693087605026677, "params": {"C": 268.1000476412027, "epsilon": 0.948454118870846, "gamma": 0.009368762382609211, "lamda": 0.5392018995383883}, "datetime": {"datetime": "2021-09-23 20:49:59", "elapsed": 72.718719, "delta": 0.83615}}
{"target": 0.4689181305534633, "params": {"C": 349.23237358233035, "epsilon": 0.8901080685090709, "gamma": 0.008591868560680168, "lamda": 0.6619969485025687}, "datetime": {"datetime": "2021-09-23 20:49:59", "elapsed": 73.410508, "delta": 0.691789}}
{"target": 0.46619592083905526, "params": {"C": 326.6760986667472, "epsilon": 0.9032512539796442, "gamma": 0.005296322758484458, "lamda": 0.5508161548838146}, "datetime": {"datetime": "2021-09-23 20:50:00", "elapsed": 74.107347, "delta": 0.696839}}
{"target": 0.468914914197617, "params": {"C": 313.8969327693894, "epsilon": 0.7363180712291285, "gamma": 0.010512359595840473, "lamda": 0.7386160333255813}, "datetime": {"datetime": "2021-09-23 20:50:01", "elapsed": 74.774253, "delta": 0.666906}}
{"target": 0.46918735696653335, "params": {"C": 310.44091330420594, "epsilon": 0.8118643380477654, "gamma": 0.008071922479315957, "lamda": 0.641729527133279}, "datetime": {"datetime": "2021-09-23 20:50:01", "elapsed": 75.407251, "delta": 0.632998}}
{"target": 0.4678117462770547, "params": {"C": 302.5772400263344, "epsilon": 0.7703041881085029, "gamma": 0.012164844638042377, "lamda": 0.6413244486140728}, "datetime": {"datetime": "2021-09-23 20:50:02", "elapsed": 75.980662, "delta": 0.573411}}
{"target": 0.4674584237256356, "params": {"C": 313.5130711292766, "epsilon": 0.7397352455880245, "gamma": 0.011626650414054227, "lamda": 0.5295263582339096}, "datetime": {"datetime": "2021-09-23 20:50:03", "elapsed": 76.599359, "delta": 0.618697}}
{"target": 0.46890894687379026, "params": {"C": 304.530228131302, "epsilon": 0.8505214094137058, "gamma": 0.01014922756156578, "lamda": 0.6905936913698129}, "datetime": {"datetime": "2021-09-23 20:50:03", "elapsed": 77.333532, "delta": 0.734173}}
{"target": 0.46661428056849974, "params": {"C": 331.9144636744696, "epsilon": 0.7754391618437098, "gamma": 0.013062780151186025, "lamda": 0.5638360479150942}, "datetime": {"datetime": "2021-09-23 20:50:04", "elapsed": 78.089245, "delta": 0.755713}}
{"target": 0.4691022043317843, "params": {"C": 305.5220970405401, "epsilon": 0.8587012511774044, "gamma": 0.010174561846534664, "lamda": 0.5169089677915517}, "datetime": {"datetime": "2021-09-23 20:50:05", "elapsed": 78.694658, "delta": 0.605413}}
{"target": 0.4692139283452743, "params": {"C": 299.46964542936286, "epsilon": 0.737241625236967, "gamma": 0.009208381033250942, "lamda": 0.7499084965830844}, "datetime": {"datetime": "2021-09-23 20:50:05", "elapsed": 79.440279, "delta": 0.745621}}
{"target": 0.46804481071113835, "params": {"C": 349.9667734597878, "epsilon": 0.9818632433035179, "gamma": 0.011949312362335852, "lamda": 0.5800667344789682}, "datetime": {"datetime": "2021-09-23 20:50:06", "elapsed": 80.116591, "delta": 0.676312}}
{"target": 0.46836172532110376, "params": {"C": 282.79573784334303, "epsilon": 0.9909207377568112, "gamma": 0.01112459374943692, "lamda": 0.6477259176198376}, "datetime": {"datetime": "2021-09-23 20:50:07", "elapsed": 80.774311, "delta": 0.65772}}
{"target": 0.4674283797751376, "params": {"C": 279.0989890796559, "epsilon": 0.7463868047040826, "gamma": 0.012373156771996015, "lamda": 0.6112906370716016}, "datetime": {"datetime": "2021-09-23 20:50:07", "elapsed": 81.415064, "delta": 0.640753}}
{"target": 0.4665495225678894, "params": {"C": 327.00025947800066, "epsilon": 0.9851234928608033, "gamma": 0.013744807357211612, "lamda": 0.5664128703737648}, "datetime": {"datetime": "2021-09-23 20:50:08", "elapsed": 82.24001, "delta": 0.824946}}
{"target": 0.4683484745572637, "params": {"C": 292.16553154318746, "epsilon": 0.8500681048767523, "gamma": 0.006534889505269171, "lamda": 0.5658925302806423}, "datetime": {"datetime": "2021-09-23 20:50:09", "elapsed": 82.899483, "delta": 0.659473}}
{"target": 0.46729072880650424, "params": {"C": 344.6809872782667, "epsilon": 0.9604708650050625, "gamma": 0.006254665077463243, "lamda": 0.5788128865234484}, "datetime": {"datetime": "2021-09-23 20:50:10", "elapsed": 83.789865, "delta": 0.890382}}
{"target": 0.4688703439587265, "params": {"C": 290.8556059454696, "epsilon": 0.9623921220837897, "gamma": 0.009310776311705734, "lamda": 0.6366074941959685}, "datetime": {"datetime": "2021-09-23 20:50:10", "elapsed": 84.462672, "delta": 0.672807}}
{"target": 0.46794719707781374, "params": {"C": 272.2366886104395, "epsilon": 0.8975933175542113, "gamma": 0.011931674510984765, "lamda": 0.7296717125892935}, "datetime": {"datetime": "2021-09-23 20:50:11", "elapsed": 85.145206, "delta": 0.682534}}
{"target": 0.4660579193872002, "params": {"C": 334.05812991424557, "epsilon": 0.8296732027120671, "gamma": 0.006096696520931878, "lamda": 0.779345370347458}, "datetime": {"datetime": "2021-09-23 20:50:12", "elapsed": 85.810847, "delta": 0.665641}}
{"target": 0.4676138766349309, "params": {"C": 260.20579315116237, "epsilon": 0.8927991372824983, "gamma": 0.0125034569715507, "lamda": 0.7260671612700562}, "datetime": {"datetime": "2021-09-23 20:50:13", "elapsed": 86.59995, "delta": 0.789103}}
{"target": 0.46811972078218234, "params": {"C": 254.50512016272626, "epsilon": 0.7763746367005995, "gamma": 0.011824743553980471, "lamda": 0.6559341281548725}, "datetime": {"datetime": "2021-09-23 20:50:13", "elapsed": 87.40695, "delta": 0.807}}
{"target": 0.4689522691789213, "params": {"C": 309.01679854379904, "epsilon": 0.8049560841464087, "gamma": 0.007724113136139728, "lamda": 0.6625829259983007}, "datetime": {"datetime": "2021-09-23 20:50:14", "elapsed": 88.170903, "delta": 0.763953}}
{"target": 0.46933612604709496, "params": {"C": 320.98406504945115, "epsilon": 0.988199755644448, "gamma": 0.008256078926273485, "lamda": 0.5028976843267817}, "datetime": {"datetime": "2021-09-23 20:50:15", "elapsed": 88.96604, "delta": 0.795137}}
{"target": 0.4689049881718216, "params": {"C": 282.7790502166171, "epsilon": 0.7959231503615128, "gamma": 0.010582380394342547, "lamda": 0.5823506223472659}, "datetime": {"datetime": "2021-09-23 20:50:16", "elapsed": 89.784789, "delta": 0.818749}}
{"target": 0.46898174778776436, "params": {"C": 330.0702150398118, "epsilon": 0.7099376844470583, "gamma": 0.006916861238789381, "lamda": 0.6298611139140148}, "datetime": {"datetime": "2021-09-23 20:50:17", "elapsed": 90.50964, "delta": 0.724851}}
{"target": 0.4672324396756228, "params": {"C": 331.50412387105655, "epsilon": 0.9322818671556032, "gamma": 0.012995263357217554, "lamda": 0.5973674353163172}, "datetime": {"datetime": "2021-09-23 20:50:17", "elapsed": 91.456743, "delta": 0.947103}}
{"target": 0.468599926435856, "params": {"C": 263.6719302992675, "epsilon": 0.8387998801437124, "gamma": 0.010841226356997392, "lamda": 0.7260382148763997}, "datetime": {"datetime": "2021-09-23 20:50:18", "elapsed": 92.361744, "delta": 0.905001}}
{"target": 0.46681035621334777, "params": {"C": 263.3373331073531, "epsilon": 0.9477996489439637, "gamma": 0.013586794363125591, "lamda": 0.7030999971456888}, "datetime": {"datetime": "2021-09-23 20:50:19", "elapsed": 93.202745, "delta": 0.841001}}
{"target": 0.468359582715524, "params": {"C": 249.49716197095094, "epsilon": 0.7714860085572607, "gamma": 0.011271884135709908, "lamda": 0.6475826140708795}, "datetime": {"datetime": "2021-09-23 20:50:20", "elapsed": 94.349341, "delta": 1.146596}}
{"target": 0.4690401105614418, "params": {"C": 311.03425458414216, "epsilon": 0.7481817965221581, "gamma": 0.009716783626478175, "lamda": 0.7787499716589872}, "datetime": {"datetime": "2021-09-23 20:50:21", "elapsed": 95.039384, "delta": 0.690043}}
{"target": 0.4683381121181601, "params": {"C": 342.8202316815258, "epsilon": 0.9491410250028851, "gamma": 0.011433314399157254, "lamda": 0.5078420982538522}, "datetime": {"datetime": "2021-09-23 20:50:22", "elapsed": 95.759126, "delta": 0.719742}}
{"target": 0.4676577672739536, "params": {"C": 326.4456271698384, "epsilon": 0.8503582366340336, "gamma": 0.0057266828174453825, "lamda": 0.5067329167795014}, "datetime": {"datetime": "2021-09-23 20:50:23", "elapsed": 96.671068, "delta": 0.911942}}
{"target": 0.4664245138897998, "params": {"C": 240.37129456939067, "epsilon": 0.7334490842601139, "gamma": 0.012745195800582507, "lamda": 0.6376563635705234}, "datetime": {"datetime": "2021-09-23 20:50:23", "elapsed": 97.368034, "delta": 0.696966}}
{"target": 0.4662713648876723, "params": {"C": 288.3982439282417, "epsilon": 0.843232165654312, "gamma": 0.005327027047685632, "lamda": 0.5890486133355315}, "datetime": {"datetime": "2021-09-23 20:50:24", "elapsed": 98.171645, "delta": 0.803611}}
{"target": 0.46945530965587046, "params": {"C": 338.4881986649616, "epsilon": 0.8095620365093026, "gamma": 0.008155543201011577, "lamda": 0.5798752558360136}, "datetime": {"datetime": "2021-09-23 20:50:25", "elapsed": 99.01478, "delta": 0.843135}}
{"target": 0.4663165944919604, "params": {"C": 248.0332336368054, "epsilon": 0.9742810442979573, "gamma": 0.014063629329357223, "lamda": 0.5972516028783877}, "datetime": {"datetime": "2021-09-23 20:50:26", "elapsed": 99.83474, "delta": 0.81996}}
{"target": 0.46555191105219185, "params": {"C": 294.3234571717001, "epsilon": 0.9387604390764077, "gamma": 0.005226760570738675, "lamda": 0.5758416878330506}, "datetime": {"datetime": "2021-09-23 20:50:27", "elapsed": 100.639777, "delta": 0.805037}}
{"target": 0.4647741871149669, "params": {"C": 255.05995608515693, "epsilon": 0.9833762003903068, "gamma": 0.005056822537510164, "lamda": 0.5805544749578061}, "datetime": {"datetime": "2021-09-23 20:50:28", "elapsed": 101.521741, "delta": 0.881964}}
{"target": 0.46939172782514027, "params": {"C": 296.25929303258556, "epsilon": 0.7830019776199084, "gamma": 0.008171848420397658, "lamda": 0.6221291705654509}, "datetime": {"datetime": "2021-09-23 20:50:28", "elapsed": 102.387459, "delta": 0.865718}}
{"target": 0.4687812174759499, "params": {"C": 326.04595037120305, "epsilon": 0.9636702758273334, "gamma": 0.010587705611051823, "lamda": 0.5969320914187458}, "datetime": {"datetime": "2021-09-23 20:50:29", "elapsed": 103.233502, "delta": 0.846043}}
{"target": 0.4689391639379963, "params": {"C": 307.4886249280682, "epsilon": 0.8625393219503888, "gamma": 0.010505806160544012, "lamda": 0.535420062351678}, "datetime": {"datetime": "2021-09-23 20:50:30", "elapsed": 104.019131, "delta": 0.785629}}
{"target": 0.4671914663690576, "params": {"C": 250.56090982759991, "epsilon": 0.9886846467676103, "gamma": 0.012599170546775236, "lamda": 0.783555306078521}, "datetime": {"datetime": "2021-09-23 20:50:31", "elapsed": 104.905099, "delta": 0.885968}}
{"target": 0.4690012893772112, "params": {"C": 270.6357850962223, "epsilon": 0.9894610795304466, "gamma": 0.01018167076365564, "lamda": 0.551308786445759}, "datetime": {"datetime": "2021-09-23 20:50:32", "elapsed": 105.676851, "delta": 0.771752}}
{"target": 0.4673946265162291, "params": {"C": 255.842744535755, "epsilon": 0.878661238274967, "gamma": 0.01280289786202083, "lamda": 0.7529817609181881}, "datetime": {"datetime": "2021-09-23 20:50:32", "elapsed": 106.410779, "delta": 0.733928}}
{"target": 0.46513311750898767, "params": {"C": 347.14200559356647, "epsilon": 0.9075825009813838, "gamma": 0.014963886198567256, "lamda": 0.5788893691202361}, "datetime": {"datetime": "2021-09-23 20:50:33", "elapsed": 107.422774, "delta": 1.011995}}
{"target": 0.4683755933569018, "params": {"C": 335.1031705987699, "epsilon": 0.8765167247735104, "gamma": 0.010583776747816166, "lamda": 0.7812437921028809}, "datetime": {"datetime": "2021-09-23 20:50:34", "elapsed": 108.434924, "delta": 1.01215}}
{"target": 0.4668222500025314, "params": {"C": 296.8914161739842, "epsilon": 0.8021141703394782, "gamma": 0.013610075394295932, "lamda": 0.7837100601392664}, "datetime": {"datetime": "2021-09-23 20:50:35", "elapsed": 109.419437, "delta": 0.984513}}
{"target": 0.4681695430909003, "params": {"C": 316.10437209827774, "epsilon": 0.8976638492997274, "gamma": 0.011777230444210767, "lamda": 0.6438610199813822}, "datetime": {"datetime": "2021-09-23 20:50:36", "elapsed": 110.403395, "delta": 0.983958}}
