{"target": 0.46944835171370736, "params": {"C": 739.556700627674, "epsilon": 0.9491410250028851, "gamma": 0.008573325759662902, "lamda": 0.5078420982538522}, "datetime": {"datetime": "2021-09-23 22:04:39", "elapsed": 114.308019, "delta": 0.901795}}
{"target": 0.46960330568532704, "params": {"C": 696.8870898588228, "epsilon": 0.7574830140160682, "gamma": 0.008739649603777187, "lamda": 0.5065177294183834}, "datetime": {"datetime": "2021-09-23 22:04:40", "elapsed": 115.329017, "delta": 1.020998}}
{"target": 0.46948547044703937, "params": {"C": 590.5400648282047, "epsilon": 0.7334490842601139, "gamma": 0.009098078320233004, "lamda": 0.6376563635705234}, "datetime": {"datetime": "2021-09-23 22:04:41", "elapsed": 116.172649, "delta": 0.843632}}
{"target": 0.46769675112731524, "params": {"C": 660.3974457138061, "epsilon": 0.843232165654312, "gamma": 0.006130810819074253, "lamda": 0.5890486133355315}, "datetime": {"datetime": "2021-09-23 22:04:41", "elapsed": 116.912684, "delta": 0.740035}}
{"target": 0.469432974943056, "params": {"C": 661.6020983888083, "epsilon": 0.8447471234609865, "gamma": 0.007851625315574848, "lamda": 0.5391775584409259}, "datetime": {"datetime": "2021-09-23 22:04:43", "elapsed": 118.074898, "delta": 1.162214}}
{"target": 0.46900852248420644, "params": {"C": 601.684703471717, "epsilon": 0.9742810442979573, "gamma": 0.00962545173174289, "lamda": 0.5972516028783877}, "datetime": {"datetime": "2021-09-23 22:04:43", "elapsed": 118.927929, "delta": 0.853031}}
{"target": 0.46719743974617156, "params": {"C": 669.0159377042911, "epsilon": 0.9387604390764077, "gamma": 0.00609070422829547, "lamda": 0.5758416878330506}, "datetime": {"datetime": "2021-09-23 22:04:44", "elapsed": 119.627929, "delta": 0.7}}
{"target": 0.46946263666736454, "params": {"C": 646.8229288975604, "epsilon": 0.7743842568810895, "gamma": 0.008148613491901002, "lamda": 0.6046404089704918}, "datetime": {"datetime": "2021-09-23 22:04:45", "elapsed": 120.557768, "delta": 0.929839}}
{"target": 0.46946442444032355, "params": {"C": 696.9340487331442, "epsilon": 0.7589317955360184, "gamma": 0.007660621762429699, "lamda": 0.5699928932867039}, "datetime": {"datetime": "2021-09-23 22:04:46", "elapsed": 121.402767, "delta": 0.844999}}
{"target": 0.4688796812698861, "params": {"C": 715.1577459944772, "epsilon": 0.9636702758273334, "gamma": 0.00823508224442073, "lamda": 0.5969320914187458}, "datetime": {"datetime": "2021-09-23 22:04:47", "elapsed": 122.252446, "delta": 0.849679}}
{"target": 0.4694846122312869, "params": {"C": 688.1652726226447, "epsilon": 0.8625393219503888, "gamma": 0.008202322464217605, "lamda": 0.535420062351678}, "datetime": {"datetime": "2021-09-23 22:04:48", "elapsed": 123.005447, "delta": 0.753001}}
{"target": 0.46767328619764925, "params": {"C": 605.3613233855999, "epsilon": 0.9886846467676103, "gamma": 0.009039668218710096, "lamda": 0.783555306078521}, "datetime": {"datetime": "2021-09-23 22:04:48", "elapsed": 123.779047, "delta": 0.7736}}
{"target": 0.46900646478956065, "params": {"C": 634.5611419581415, "epsilon": 0.9894610795304466, "gamma": 0.008072668305462258, "lamda": 0.551308786445759}, "datetime": {"datetime": "2021-09-23 22:04:49", "elapsed": 124.602027, "delta": 0.82298}}
{"target": 0.4685647700804447, "params": {"C": 613.0439920520073, "epsilon": 0.878661238274967, "gamma": 0.009121159144808332, "lamda": 0.7529817609181881}, "datetime": {"datetime": "2021-09-23 22:04:50", "elapsed": 125.340066, "delta": 0.738039}}
{"target": 0.46958418760976806, "params": {"C": 590.4115144018776, "epsilon": 0.8334308888456472, "gamma": 0.00815317043266732, "lamda": 0.5164136928523853}, "datetime": {"datetime": "2021-09-23 22:04:51", "elapsed": 126.300254, "delta": 0.960188}}
{"target": 0.46943930327577144, "params": {"C": 590.4940338594757, "epsilon": 0.7917163070290236, "gamma": 0.009071066000869715, "lamda": 0.6131340231328315}, "datetime": {"datetime": "2021-09-23 22:04:52", "elapsed": 127.288478, "delta": 0.988224}}
{"target": 0.469471057253525, "params": {"C": 590.4651337654497, "epsilon": 0.810808740838036, "gamma": 0.007872420566640486, "lamda": 0.5511878518239368}, "datetime": {"datetime": "2021-09-23 22:04:53", "elapsed": 128.193738, "delta": 0.90526}}
{"target": 0.4690139222034301, "params": {"C": 700.6972685065858, "epsilon": 0.8976638492997274, "gamma": 0.008710892177684308, "lamda": 0.6438610199813822}, "datetime": {"datetime": "2021-09-23 22:04:54", "elapsed": 129.080973, "delta": 0.887235}}
{"target": 0.46906816193183354, "params": {"C": 631.3622697449925, "epsilon": 0.7240607383987883, "gamma": 0.009945562977188214, "lamda": 0.5274568494531163}, "datetime": {"datetime": "2021-09-23 22:04:54", "elapsed": 129.779007, "delta": 0.698034}}
{"target": 0.4693645320133063, "params": {"C": 590.4699874229335, "epsilon": 0.8432918996659516, "gamma": 0.009581608976367239, "lamda": 0.5085009817074954}, "datetime": {"datetime": "2021-09-23 22:04:55", "elapsed": 130.62826, "delta": 0.849253}}
{"target": 0.46818560488323324, "params": {"C": 605.1498372760839, "epsilon": 0.8113106921813614, "gamma": 0.007732809375655861, "lamda": 0.7806211379581669}, "datetime": {"datetime": "2021-09-23 22:04:56", "elapsed": 131.387254, "delta": 0.758994}}
{"target": 0.4692691527728431, "params": {"C": 657.567643138747, "epsilon": 0.7903957808396519, "gamma": 0.009403325762430019, "lamda": 0.6670383115213158}, "datetime": {"datetime": "2021-09-23 22:04:57", "elapsed": 132.148849, "delta": 0.761595}}
{"target": 0.46812195311461735, "params": {"C": 610.4813997858507, "epsilon": 0.7429656011737851, "gamma": 0.006467145622877553, "lamda": 0.6746698877588835}, "datetime": {"datetime": "2021-09-23 22:04:57", "elapsed": 132.898305, "delta": 0.749456}}
{"target": 0.4668982662989718, "params": {"C": 715.7978157025366, "epsilon": 0.9238484733880349, "gamma": 0.006443225050802254, "lamda": 0.672116312216446}, "datetime": {"datetime": "2021-09-23 22:04:58", "elapsed": 133.792555, "delta": 0.89425}}
{"target": 0.46909208897836496, "params": {"C": 646.830787944756, "epsilon": 0.7589462860811786, "gamma": 0.007595374824155641, "lamda": 0.6619083532145225}, "datetime": {"datetime": "2021-09-23 22:04:59", "elapsed": 134.719449, "delta": 0.926894}}
{"target": 0.4693168190131325, "params": {"C": 590.5371403089111, "epsilon": 0.8106544344576019, "gamma": 0.008502281774515234, "lamda": 0.637748646891676}, "datetime": {"datetime": "2021-09-23 22:05:00", "elapsed": 135.689449, "delta": 0.97}}
{"target": 0.4675913921214906, "params": {"C": 733.5779421962818, "epsilon": 0.9012873902510896, "gamma": 0.006732958408779976, "lamda": 0.656357572512835}, "datetime": {"datetime": "2021-09-23 22:05:01", "elapsed": 136.786303, "delta": 1.096854}}
{"target": 0.46953000322924265, "params": {"C": 696.8753396620734, "epsilon": 0.7501000164903094, "gamma": 0.009109675842604208, "lamda": 0.5472357660483989}, "datetime": {"datetime": "2021-09-23 22:05:02", "elapsed": 137.820886, "delta": 1.034583}}
{"target": 0.4690068989527796, "params": {"C": 698.6570774673404, "epsilon": 0.7640804720524421, "gamma": 0.008714751070009524, "lamda": 0.7642786850500838}, "datetime": {"datetime": "2021-09-23 22:05:03", "elapsed": 138.569006, "delta": 0.74812}}
{"target": 0.4681287865416556, "params": {"C": 694.0159283899499, "epsilon": 0.830912197045541, "gamma": 0.006851375226021145, "lamda": 0.660780045269108}, "datetime": {"datetime": "2021-09-23 22:05:04", "elapsed": 139.345006, "delta": 0.776}}
{"target": 0.4686803193637372, "params": {"C": 687.3762207306487, "epsilon": 0.8042526670430044, "gamma": 0.008779055681932248, "lamda": 0.7903147056335691}, "datetime": {"datetime": "2021-09-23 22:05:05", "elapsed": 140.110001, "delta": 0.764995}}
{"target": 0.4667962047454812, "params": {"C": 725.5642871934433, "epsilon": 0.9562751215425607, "gamma": 0.007011939725640886, "lamda": 0.7353724133535029}, "datetime": {"datetime": "2021-09-23 22:05:05", "elapsed": 140.916449, "delta": 0.806448}}
{"target": 0.4695381162023764, "params": {"C": 646.9141503446, "epsilon": 0.7435987526459263, "gamma": 0.009083214730606016, "lamda": 0.578647828774335}, "datetime": {"datetime": "2021-09-23 22:05:06", "elapsed": 141.907454, "delta": 0.991005}}
{"target": 0.4694262783967512, "params": {"C": 626.224023099224, "epsilon": 0.7878366725040066, "gamma": 0.007514237403131735, "lamda": 0.5436027605249576}, "datetime": {"datetime": "2021-09-23 22:05:07", "elapsed": 142.910033, "delta": 1.002579}}
{"target": 0.46932662635615985, "params": {"C": 612.5485712139086, "epsilon": 0.8728261373416009, "gamma": 0.009669827254550411, "lamda": 0.535534617363365}, "datetime": {"datetime": "2021-09-23 22:05:08", "elapsed": 143.705288, "delta": 0.795255}}
{"target": 0.4683616790784073, "params": {"C": 733.782179917756, "epsilon": 0.8820339257219724, "gamma": 0.0067074784140613184, "lamda": 0.5695539214737874}, "datetime": {"datetime": "2021-09-23 22:05:09", "elapsed": 144.513395, "delta": 0.808107}}
{"target": 0.46956992204687387, "params": {"C": 606.5142858821158, "epsilon": 0.7352291855805466, "gamma": 0.008556367493057377, "lamda": 0.6109069370551884}, "datetime": {"datetime": "2021-09-23 22:05:10", "elapsed": 145.340354, "delta": 0.826959}}
{"target": 0.4686235136597957, "params": {"C": 626.1737514609426, "epsilon": 0.7657234564540936, "gamma": 0.00649155555903982, "lamda": 0.573762063907356}, "datetime": {"datetime": "2021-09-23 22:05:11", "elapsed": 146.271997, "delta": 0.931643}}
{"target": 0.46962044264720015, "params": {"C": 646.8562617445094, "epsilon": 0.7360542844765064, "gamma": 0.008038717897805338, "lamda": 0.5617443745362909}, "datetime": {"datetime": "2021-09-23 22:05:12", "elapsed": 147.250324, "delta": 0.978327}}
{"target": 0.4695485017768568, "params": {"C": 696.9026401508451, "epsilon": 0.7959062468193034, "gamma": 0.009025166861187912, "lamda": 0.536207763824864}, "datetime": {"datetime": "2021-09-23 22:05:13", "elapsed": 148.229261, "delta": 0.978937}}
{"target": 0.4695687107453069, "params": {"C": 709.6622341168359, "epsilon": 0.7265007471113651, "gamma": 0.00891012295855251, "lamda": 0.6005674325436321}, "datetime": {"datetime": "2021-09-23 22:05:14", "elapsed": 149.082563, "delta": 0.853302}}
{"target": 0.4694038277242578, "params": {"C": 590.4030236703818, "epsilon": 0.8084884418681997, "gamma": 0.008140583458779115, "lamda": 0.5959754300479089}, "datetime": {"datetime": "2021-09-23 22:05:15", "elapsed": 149.999565, "delta": 0.917002}}
{"target": 0.4671910135932944, "params": {"C": 626.5534817095877, "epsilon": 0.9288056615500844, "gamma": 0.007692639362539059, "lamda": 0.7922699850262496}, "datetime": {"datetime": "2021-09-23 22:05:15", "elapsed": 150.831542, "delta": 0.831977}}
{"target": 0.4693669945333174, "params": {"C": 606.5156527702578, "epsilon": 0.7604479944294176, "gamma": 0.00832217676866125, "lamda": 0.6586431731612461}, "datetime": {"datetime": "2021-09-23 22:05:17", "elapsed": 151.953502, "delta": 1.12196}}
{"target": 0.4691795115144123, "params": {"C": 696.8316447462739, "epsilon": 0.7961815842780966, "gamma": 0.00990222578911669, "lamda": 0.5102489922438178}, "datetime": {"datetime": "2021-09-23 22:05:18", "elapsed": 153.131094, "delta": 1.177592}}
{"target": 0.4694639040475821, "params": {"C": 709.6266884254688, "epsilon": 0.747020990443407, "gamma": 0.008721277452796099, "lamda": 0.6477505575252533}, "datetime": {"datetime": "2021-09-23 22:05:19", "elapsed": 154.484658, "delta": 1.353564}}
{"target": 0.4695091833527143, "params": {"C": 639.7800337550943, "epsilon": 0.7506757544099038, "gamma": 0.009051431191278074, "lamda": 0.5082153704974404}, "datetime": {"datetime": "2021-09-23 22:05:20", "elapsed": 155.54062, "delta": 1.055962}}
{"target": 0.4685167612137344, "params": {"C": 662.3707507656593, "epsilon": 0.9642962145571403, "gamma": 0.00981739696950332, "lamda": 0.6995568202629427}, "datetime": {"datetime": "2021-09-23 22:05:21", "elapsed": 156.378413, "delta": 0.837793}}
{"target": 0.46887781728622746, "params": {"C": 639.7181997803063, "epsilon": 0.7869403077633347, "gamma": 0.009553598939882692, "lamda": 0.785044466626384}, "datetime": {"datetime": "2021-09-23 22:05:22", "elapsed": 157.362839, "delta": 0.984426}}
{"target": 0.4688881769339128, "params": {"C": 737.7758331502731, "epsilon": 0.8000050265710407, "gamma": 0.007529569202527582, "lamda": 0.6575524035598803}, "datetime": {"datetime": "2021-09-23 22:05:23", "elapsed": 158.278701, "delta": 0.915862}}
{"target": 0.46882570732955087, "params": {"C": 688.6376776626969, "epsilon": 0.9708636185019088, "gamma": 0.0070946330712461335, "lamda": 0.5013850407863795}, "datetime": {"datetime": "2021-09-23 22:05:24", "elapsed": 159.101864, "delta": 0.823163}}
{"target": 0.4682274216920391, "params": {"C": 689.4853727361005, "epsilon": 0.9313251702506702, "gamma": 0.0075340863097244125, "lamda": 0.6532472746478846}, "datetime": {"datetime": "2021-09-23 22:05:24", "elapsed": 159.927859, "delta": 0.825995}}
{"target": 0.469581102831791, "params": {"C": 590.4475053286651, "epsilon": 0.7210937510571543, "gamma": 0.008840872723188398, "lamda": 0.6033129986992105}, "datetime": {"datetime": "2021-09-23 22:05:26", "elapsed": 161.190879, "delta": 1.26302}}
{"target": 0.4692998240745724, "params": {"C": 641.7394130484128, "epsilon": 0.7389814853799657, "gamma": 0.007215966464445884, "lamda": 0.5770625117013111}, "datetime": {"datetime": "2021-09-23 22:05:27", "elapsed": 162.244834, "delta": 1.053955}}
{"target": 0.4695318455411034, "params": {"C": 626.1835295756526, "epsilon": 0.8885435232419153, "gamma": 0.008770193552884725, "lamda": 0.5143726680176192}, "datetime": {"datetime": "2021-09-23 22:05:28", "elapsed": 163.203889, "delta": 0.959055}}
{"target": 0.4694410121682231, "params": {"C": 709.6041893307056, "epsilon": 0.7, "gamma": 0.009418452960410514, "lamda": 0.601653474785372}, "datetime": {"datetime": "2021-09-23 22:05:29", "elapsed": 164.287387, "delta": 1.083498}}
{"target": 0.4693185177594653, "params": {"C": 700.9998000668758, "epsilon": 0.7172454514335681, "gamma": 0.009615391249854253, "lamda": 0.6917301642868517}, "datetime": {"datetime": "2021-09-23 22:05:30", "elapsed": 165.320789, "delta": 1.033402}}
{"target": 0.46937810600477137, "params": {"C": 709.5725876130339, "epsilon": 0.7563581359523962, "gamma": 0.009589032192963656, "lamda": 0.5950598567934342}, "datetime": {"datetime": "2021-09-23 22:05:31", "elapsed": 166.647786, "delta": 1.326997}}
{"target": 0.4688329243954342, "params": {"C": 746.0824128426096, "epsilon": 0.9372918996877827, "gamma": 0.009236867503797331, "lamda": 0.6611069908101825}, "datetime": {"datetime": "2021-09-23 22:05:32", "elapsed": 167.624896, "delta": 0.97711}}
{"target": 0.4693985187455427, "params": {"C": 590.4716579383785, "epsilon": 0.738029272426534, "gamma": 0.00932250720081883, "lamda": 0.6624698518430397}, "datetime": {"datetime": "2021-09-23 22:05:34", "elapsed": 169.126901, "delta": 1.502005}}
{"target": 0.46830059328513995, "params": {"C": 652.6609572749912, "epsilon": 0.9594708938005916, "gamma": 0.007994051293880325, "lamda": 0.66412525544872}, "datetime": {"datetime": "2021-09-23 22:05:35", "elapsed": 169.993414, "delta": 0.866513}}
{"target": 0.46878409973587476, "params": {"C": 722.9581605987928, "epsilon": 0.8299364708682742, "gamma": 0.009950259148752454, "lamda": 0.7558062831026681}, "datetime": {"datetime": "2021-09-23 22:05:35", "elapsed": 170.828713, "delta": 0.835299}}
{"target": 0.4692972161087702, "params": {"C": 636.3621937033507, "epsilon": 0.8933182333604773, "gamma": 0.009213025176118005, "lamda": 0.5844122344043844}, "datetime": {"datetime": "2021-09-23 22:05:36", "elapsed": 171.833713, "delta": 1.005}}
{"target": 0.4683284753799639, "params": {"C": 701.5953569480135, "epsilon": 0.9437030528955375, "gamma": 0.008718595224390634, "lamda": 0.7181025992406538}, "datetime": {"datetime": "2021-09-23 22:05:37", "elapsed": 172.887712, "delta": 1.053999}}
{"target": 0.4693520824620038, "params": {"C": 606.4777759552062, "epsilon": 0.7920213757327095, "gamma": 0.009602368299663471, "lamda": 0.5973513167833618}, "datetime": {"datetime": "2021-09-23 22:05:39", "elapsed": 174.132712, "delta": 1.245}}
{"target": 0.46942736647990524, "params": {"C": 590.4096936743197, "epsilon": 0.7557827878078656, "gamma": 0.007423490305980255, "lamda": 0.5533816370120954}, "datetime": {"datetime": "2021-09-23 22:05:40", "elapsed": 175.210721, "delta": 1.078009}}
{"target": 0.4694720296528829, "params": {"C": 626.1344986658821, "epsilon": 0.8716847797551834, "gamma": 0.008976607142109046, "lamda": 0.5445011352324054}, "datetime": {"datetime": "2021-09-23 22:05:41", "elapsed": 176.38247, "delta": 1.171749}}
{"target": 0.46936469569746964, "params": {"C": 598.9172246387907, "epsilon": 0.853043818957536, "gamma": 0.00938826114204441, "lamda": 0.5777902191182971}, "datetime": {"datetime": "2021-09-23 22:05:42", "elapsed": 177.323513, "delta": 0.941043}}
{"target": 0.46938119183827653, "params": {"C": 626.2263935557064, "epsilon": 0.8951257610084127, "gamma": 0.009062033411269106, "lamda": 0.5604683963268529}, "datetime": {"datetime": "2021-09-23 22:05:43", "elapsed": 178.419761, "delta": 1.096248}}
{"target": 0.4693296227468383, "params": {"C": 726.1368655015648, "epsilon": 0.8574744297700041, "gamma": 0.007331166968260291, "lamda": 0.5012989480402377}, "datetime": {"datetime": "2021-09-23 22:05:44", "elapsed": 179.684164, "delta": 1.264403}}
{"target": 0.46942660280420045, "params": {"C": 685.3784752525304, "epsilon": 0.8502381542998255, "gamma": 0.009422638611375368, "lamda": 0.512516526401036}, "datetime": {"datetime": "2021-09-23 22:05:45", "elapsed": 180.849306, "delta": 1.165142}}
{"target": 0.46928278861343986, "params": {"C": 682.5546397286556, "epsilon": 0.7632030162109802, "gamma": 0.009746840344593255, "lamda": 0.6448748820441526}, "datetime": {"datetime": "2021-09-23 22:05:46", "elapsed": 181.720978, "delta": 0.871672}}
{"target": 0.46952424554341876, "params": {"C": 657.1654597594986, "epsilon": 0.7258739255109337, "gamma": 0.00783497325064895, "lamda": 0.5944256880589949}, "datetime": {"datetime": "2021-09-23 22:05:47", "elapsed": 182.641021, "delta": 0.920043}}
{"target": 0.46770050527112894, "params": {"C": 670.7468194308988, "epsilon": 0.7556349211424841, "gamma": 0.006179594453946754, "lamda": 0.6690756848255157}, "datetime": {"datetime": "2021-09-23 22:05:48", "elapsed": 183.919985, "delta": 1.278964}}
{"target": 0.469179174648759, "params": {"C": 639.8085516381351, "epsilon": 0.8193786722937938, "gamma": 0.0073639271196208975, "lamda": 0.5656355137467549}, "datetime": {"datetime": "2021-09-23 22:05:50", "elapsed": 185.520971, "delta": 1.600986}}
{"target": 0.46883295107205203, "params": {"C": 737.2384720843511, "epsilon": 0.8680975528837034, "gamma": 0.007315506202452209, "lamda": 0.5892605791018682}, "datetime": {"datetime": "2021-09-23 22:05:51", "elapsed": 186.489379, "delta": 0.968408}}
{"target": 0.46766146785521034, "params": {"C": 631.8905872799213, "epsilon": 0.8752331959929119, "gamma": 0.006327160323939096, "lamda": 0.605214318403668}, "datetime": {"datetime": "2021-09-23 22:05:52", "elapsed": 187.708377, "delta": 1.218998}}
{"target": 0.46964220643828014, "params": {"C": 590.4941700409267, "epsilon": 0.7125793849496385, "gamma": 0.008559220589664135, "lamda": 0.5736058650897773}, "datetime": {"datetime": "2021-09-23 22:05:53", "elapsed": 188.894039, "delta": 1.185662}}
{"target": 0.4678349978199199, "params": {"C": 709.6986547104993, "epsilon": 0.7164348600171169, "gamma": 0.006031650165391916, "lamda": 0.6526354861992787}, "datetime": {"datetime": "2021-09-23 22:05:55", "elapsed": 190.313646, "delta": 1.419607}}
{"target": 0.4693927261193269, "params": {"C": 721.5989025167412, "epsilon": 0.7032116930557518, "gamma": 0.00918709203348831, "lamda": 0.7105788173018449}, "datetime": {"datetime": "2021-09-23 22:05:56", "elapsed": 191.583766, "delta": 1.27012}}
{"target": 0.4677228964779151, "params": {"C": 660.3752076241893, "epsilon": 0.9962971894002653, "gamma": 0.007413994313709708, "lamda": 0.6551140180679336}, "datetime": {"datetime": "2021-09-23 22:05:57", "elapsed": 192.50931, "delta": 0.925544}}
{"target": 0.46963013638563667, "params": {"C": 709.6709173368316, "epsilon": 0.7349026923389498, "gamma": 0.008657985886646413, "lamda": 0.536337986935548}, "datetime": {"datetime": "2021-09-23 22:05:58", "elapsed": 193.9358, "delta": 1.42649}}
{"target": 0.4695397333971947, "params": {"C": 709.6606924025782, "epsilon": 0.7816146003225214, "gamma": 0.009015974044180487, "lamda": 0.5635630119785393}, "datetime": {"datetime": "2021-09-23 22:06:00", "elapsed": 195.215793, "delta": 1.279993}}
{"target": 0.46948658531630805, "params": {"C": 657.2197314916851, "epsilon": 0.7629514986648458, "gamma": 0.009268850518999018, "lamda": 0.563072538925554}, "datetime": {"datetime": "2021-09-23 22:06:01", "elapsed": 196.492694, "delta": 1.276901}}
{"target": 0.4677885257964862, "params": {"C": 749.0850543220453, "epsilon": 0.96418896248272, "gamma": 0.006886580268753825, "lamda": 0.6105343535395137}, "datetime": {"datetime": "2021-09-23 22:06:02", "elapsed": 197.930325, "delta": 1.437631}}
{"target": 0.4694625145383686, "params": {"C": 685.3374309930056, "epsilon": 0.8436833493751401, "gamma": 0.008903792961915903, "lamda": 0.5697328440552012}, "datetime": {"datetime": "2021-09-23 22:06:04", "elapsed": 199.664598, "delta": 1.734273}}
{"target": 0.469537173943014, "params": {"C": 657.1406208181735, "epsilon": 0.8005156938919339, "gamma": 0.008560872134008584, "lamda": 0.5730752021696419}, "datetime": {"datetime": "2021-09-23 22:06:06", "elapsed": 201.113562, "delta": 1.448964}}
{"target": 0.4695763261923167, "params": {"C": 657.0833517456266, "epsilon": 0.7419472273337391, "gamma": 0.00842295386476551, "lamda": 0.5998542356813349}, "datetime": {"datetime": "2021-09-23 22:06:07", "elapsed": 202.602565, "delta": 1.489003}}
