{"target": -44.10183230843761, "params": {"C": 43.86134939748336, "epsilon": 0.9587562886272154, "gamma": 0.0510938740820871, "lamda": 0.09487441748868207}, "datetime": {"datetime": "2021-09-24 18:07:13", "elapsed": 350.380314, "delta": 3.227004}}
{"target": -44.76133398965599, "params": {"C": 31.867763172031484, "epsilon": 0.38636419574739866, "gamma": 0.06476694628378307, "lamda": 0.8461956401890374}, "datetime": {"datetime": "2021-09-24 18:07:15", "elapsed": 353.061416, "delta": 2.681102}}
{"target": -45.75994868866461, "params": {"C": 25.56904004631856, "epsilon": 0.301627894794194, "gamma": 0.002233483443991521, "lamda": 1.2248413515959486}, "datetime": {"datetime": "2021-09-24 18:07:18", "elapsed": 355.405367, "delta": 2.343951}}
{"target": -44.51542398165562, "params": {"C": 42.864316398441424, "epsilon": 0.412268245070157, "gamma": 0.06022811275348259, "lamda": 1.3809398495399767}, "datetime": {"datetime": "2021-09-24 18:07:21", "elapsed": 358.355217, "delta": 2.94985}}
{"target": -43.3027062076508, "params": {"C": 47.741462527160316, "epsilon": 0.8514135048683266, "gamma": 0.005982416692871834, "lamda": 0.12280009502696845}, "datetime": {"datetime": "2021-09-24 18:07:24", "elapsed": 361.109647, "delta": 2.75443}}
{"target": -43.82395889737097, "params": {"C": 25.516385903645627, "epsilon": 0.16595692840255574, "gamma": 0.00583023762936555, "lamda": 1.1132405233152343}, "datetime": {"datetime": "2021-09-24 18:07:26", "elapsed": 363.878269, "delta": 2.768622}}
{"target": -44.67438331954673, "params": {"C": 12.596266279800814, "epsilon": 0.814950655908381, "gamma": 0.04173802359712099, "lamda": 0.6239101660325873}, "datetime": {"datetime": "2021-09-24 18:07:28", "elapsed": 365.284266, "delta": 1.405997}}
{"target": -43.309639700735346, "params": {"C": 25.83437646539081, "epsilon": 0.4272863598020958, "gamma": 0.008932046657770181, "lamda": 1.3119921961240677}, "datetime": {"datetime": "2021-09-24 18:07:31", "elapsed": 368.145316, "delta": 2.86105}}
{"target": -45.475675723619226, "params": {"C": 19.203097698543576, "epsilon": 0.7836696594647979, "gamma": 0.07609042094699556, "lamda": 1.3877560383504262}, "datetime": {"datetime": "2021-09-24 18:07:32", "elapsed": 370.041916, "delta": 1.8966}}
{"target": -46.887901307346695, "params": {"C": 6.633471796113016, "epsilon": 0.694990640055928, "gamma": 0.055122434925629404, "lamda": 0.39199876341453616}, "datetime": {"datetime": "2021-09-24 18:07:34", "elapsed": 371.322463, "delta": 1.280547}}
{"target": -43.44044856797421, "params": {"C": 42.37691674942718, "epsilon": 0.7892139248356067, "gamma": 0.030542949224473304, "lamda": 1.1319623844360835}, "datetime": {"datetime": "2021-09-24 18:07:36", "elapsed": 374.002272, "delta": 2.679809}}
{"target": -44.23284048588509, "params": {"C": 24.753760701569426, "epsilon": 0.7008476356600227, "gamma": 0.04550571035874229, "lamda": 0.32721839222406973}, "datetime": {"datetime": "2021-09-24 18:07:40", "elapsed": 377.745662, "delta": 3.74339}}
{"target": -43.593239100702064, "params": {"C": 25.452397836666584, "epsilon": 0.19051976876219873, "gamma": 0.022437061386816413, "lamda": 1.0137294885254378}, "datetime": {"datetime": "2021-09-24 18:07:43", "elapsed": 380.396187, "delta": 2.650525}}
{"target": -43.315499984755505, "params": {"C": 25.71021827252818, "epsilon": 0.5236093768840334, "gamma": 0.015509122970680477, "lamda": 1.0373597328975668}, "datetime": {"datetime": "2021-09-24 18:07:46", "elapsed": 383.301412, "delta": 2.905225}}
{"target": -44.872438163027326, "params": {"C": 20.436909707284368, "epsilon": 0.3228187084906623, "gamma": 0.0642531058944991, "lamda": 0.8375649776707723}, "datetime": {"datetime": "2021-09-24 18:07:47", "elapsed": 384.59166, "delta": 1.290248}}
{"target": -45.08603723251868, "params": {"C": 47.84575773669342, "epsilon": 0.8903725182631334, "gamma": 0.07767725882237835, "lamda": 0.09961122221842511}, "datetime": {"datetime": "2021-09-24 18:07:50", "elapsed": 387.788121, "delta": 3.196461}}
{"target": -43.42590090863961, "params": {"C": 43.918557728947384, "epsilon": 0.8278738219472428, "gamma": 0.003954002823083214, "lamda": 0.13906513360333753}, "datetime": {"datetime": "2021-09-24 18:07:53", "elapsed": 391.045195, "delta": 3.257074}}
{"target": -44.75261342409796, "params": {"C": 31.892059222153975, "epsilon": 0.45552208982282655, "gamma": 0.06450899494743098, "lamda": 0.6497926021781776}, "datetime": {"datetime": "2021-09-24 18:07:57", "elapsed": 394.386837, "delta": 3.341642}}
{"target": -49.8104301208243, "params": {"C": 6.173381596838362, "epsilon": 0.3327530271684771, "gamma": 0.09517211871911081, "lamda": 0.7691670791384202}, "datetime": {"datetime": "2021-09-24 18:07:58", "elapsed": 395.859063, "delta": 1.472226}}
{"target": -44.50398289883056, "params": {"C": 20.775006248398874, "epsilon": 0.3541035670283476, "gamma": 0.05081257196948723, "lamda": 0.7114774471040904}, "datetime": {"datetime": "2021-09-24 18:08:00", "elapsed": 397.116141, "delta": 1.257078}}
{"target": -45.08449729861488, "params": {"C": 38.309353605348974, "epsilon": 0.04068843653313087, "gamma": 0.07598532225268131, "lamda": 1.0251119743191628}, "datetime": {"datetime": "2021-09-24 18:08:03", "elapsed": 400.227686, "delta": 3.111545}}
{"target": -45.05427269595992, "params": {"C": 18.6940059051236, "epsilon": 0.7331176146158158, "gamma": 0.06580704415394512, "lamda": 1.0750341761949969}, "datetime": {"datetime": "2021-09-24 18:08:04", "elapsed": 401.924382, "delta": 1.696696}}
{"target": -44.64159856235434, "params": {"C": 13.721200694304317, "epsilon": 0.9420404339698741, "gamma": 0.04740989183703893, "lamda": 0.3344135864120247}, "datetime": {"datetime": "2021-09-24 18:08:06", "elapsed": 403.264526, "delta": 1.340144}}
{"target": -48.93029711631945, "params": {"C": 2.7109945417965875, "epsilon": 0.9107432460597397, "gamma": 0.032608974589129, "lamda": 0.03239763978921248}, "datetime": {"datetime": "2021-09-24 18:08:08", "elapsed": 405.109151, "delta": 1.844625}}
{"target": -46.807253093285716, "params": {"C": 12.095464836596244, "epsilon": 0.022425936128295167, "gamma": 0.09311883257766881, "lamda": 0.3920899000981123}, "datetime": {"datetime": "2021-09-24 18:08:09", "elapsed": 406.386835, "delta": 1.277684}}
{"target": -44.76705893087294, "params": {"C": 38.59724643486669, "epsilon": 0.8761469998189231, "gamma": 0.06941756653954165, "lamda": 0.8810201002431772}, "datetime": {"datetime": "2021-09-24 18:08:10", "elapsed": 407.688521, "delta": 1.301686}}
{"target": -45.732031230913066, "params": {"C": 43.913698883585184, "epsilon": 0.8461976600818454, "gamma": 0.09980240108892958, "lamda": 0.12237225053300355}, "datetime": {"datetime": "2021-09-24 18:08:14", "elapsed": 411.763547, "delta": 4.075026}}
{"target": -46.417716749591634, "params": {"C": 44.96509022374027, "epsilon": 0.6443571877388333, "gamma": 0.001, "lamda": 0.3211648265009014}, "datetime": {"datetime": "2021-09-24 18:08:18", "elapsed": 415.733447, "delta": 3.9699}}
{"target": -45.39498643050263, "params": {"C": 18.59412784600305, "epsilon": 0.8920271552011698, "gamma": 0.07436420787442108, "lamda": 0.896550420671144}, "datetime": {"datetime": "2021-09-24 18:08:19", "elapsed": 417.045364, "delta": 1.311917}}
{"target": -45.048358696956925, "params": {"C": 25.486250020229296, "epsilon": 0.23737660789147882, "gamma": 0.07477168515717572, "lamda": 1.0183966016223158}, "datetime": {"datetime": "2021-09-24 18:08:23", "elapsed": 420.531343, "delta": 3.485979}}
{"target": -48.81099759481025, "params": {"C": 25.779757114624154, "epsilon": 0.19196917720343645, "gamma": 0.001, "lamda": 1.0120488223129938}, "datetime": {"datetime": "2021-09-24 18:08:27", "elapsed": 424.39794, "delta": 3.866597}}
{"target": -43.670489424485034, "params": {"C": 42.7662025482085, "epsilon": 0.34044628859730863, "gamma": 0.03705715185863554, "lamda": 1.3161428613143429}, "datetime": {"datetime": "2021-09-24 18:08:29", "elapsed": 426.806937, "delta": 2.408997}}
{"target": -44.208797668327115, "params": {"C": 17.258871838086556, "epsilon": 0.8457995207426657, "gamma": 0.03744859164587902, "lamda": 0.8577768601154422}, "datetime": {"datetime": "2021-09-24 18:08:31", "elapsed": 428.338135, "delta": 1.531198}}
{"target": -46.12470399765309, "params": {"C": 48.3267701224417, "epsilon": 0.8715523480759599, "gamma": 0.001, "lamda": 0.17355569521822212}, "datetime": {"datetime": "2021-09-24 18:08:34", "elapsed": 431.083446, "delta": 2.745311}}
{"target": -43.883891606248824, "params": {"C": 47.75026562421807, "epsilon": 0.8962733729802269, "gamma": 0.002446079604664516, "lamda": 0.021774408018341185}, "datetime": {"datetime": "2021-09-24 18:08:37", "elapsed": 434.143251, "delta": 3.059805}}
{"target": -43.35662742656282, "params": {"C": 25.508613713084213, "epsilon": 0.27146014388001954, "gamma": 0.01142168353484898, "lamda": 1.1279862452719815}, "datetime": {"datetime": "2021-09-24 18:08:39", "elapsed": 436.45985, "delta": 2.316599}}
{"target": -44.82695450873165, "params": {"C": 49.56689089537494, "epsilon": 0.459476392020418, "gamma": 0.06733379349010378, "lamda": 0.5997044904885865}, "datetime": {"datetime": "2021-09-24 18:08:40", "elapsed": 437.840424, "delta": 1.380574}}
{"target": -44.13866047633674, "params": {"C": 25.665744388442675, "epsilon": 0.13224792726047974, "gamma": 0.04164423647815874, "lamda": 0.9649828425004928}, "datetime": {"datetime": "2021-09-24 18:08:44", "elapsed": 441.258103, "delta": 3.417679}}
{"target": -48.71998563075531, "params": {"C": 5.017526052743532, "epsilon": 0.37964533483061336, "gamma": 0.06690111705758385, "lamda": 1.4801792186423388}, "datetime": {"datetime": "2021-09-24 18:08:45", "elapsed": 442.779817, "delta": 1.521714}}
{"target": -43.36672480568596, "params": {"C": 47.73619870035611, "epsilon": 0.9243833977660467, "gamma": 0.006109921800117372, "lamda": 0.08844379365387477}, "datetime": {"datetime": "2021-09-24 18:08:48", "elapsed": 445.852734, "delta": 3.072917}}
{"target": -43.113493186582104, "params": {"C": 42.284341073667306, "epsilon": 0.7596066939783429, "gamma": 0.016712579181171864, "lamda": 1.1294054241948073}, "datetime": {"datetime": "2021-09-24 18:08:52", "elapsed": 449.265343, "delta": 3.412609}}
{"target": -45.65513135350173, "params": {"C": 19.072270813356653, "epsilon": 0.6225285268877715, "gamma": 0.09101037124882985, "lamda": 0.25637785436097166}, "datetime": {"datetime": "2021-09-24 18:08:53", "elapsed": 450.687379, "delta": 1.422036}}
{"target": -44.97789786663392, "params": {"C": 42.30988105673653, "epsilon": 0.8029148113066945, "gamma": 0.07931962492527621, "lamda": 1.2304855618791124}, "datetime": {"datetime": "2021-09-24 18:08:56", "elapsed": 453.692679, "delta": 3.0053}}
{"target": -43.721233786693595, "params": {"C": 31.84690402961931, "epsilon": 0.5214382230547128, "gamma": 0.03789980556783746, "lamda": 0.9342478253956094}, "datetime": {"datetime": "2021-09-24 18:09:00", "elapsed": 457.118922, "delta": 3.426243}}
{"target": -45.27169849384265, "params": {"C": 16.953114202631514, "epsilon": 0.8475307092889528, "gamma": 0.004212896666752135, "lamda": 0.6658442033869002}, "datetime": {"datetime": "2021-09-24 18:09:01", "elapsed": 458.60188, "delta": 1.482958}}
{"target": -47.28951874970812, "params": {"C": 42.33027757772553, "epsilon": 0.7703605447713068, "gamma": 0.001, "lamda": 1.1808712399080226}, "datetime": {"datetime": "2021-09-24 18:09:04", "elapsed": 461.976703, "delta": 3.374823}}
{"target": -46.72427730158362, "params": {"C": 5.568362596489251, "epsilon": 0.3499324798792624, "gamma": 0.01218975364945404, "lamda": 1.087590627445848}, "datetime": {"datetime": "2021-09-24 18:09:06", "elapsed": 463.484151, "delta": 1.507448}}
{"target": -43.69965034944005, "params": {"C": 18.766174835795628, "epsilon": 0.7458572053736846, "gamma": 0.025938544905863965, "lamda": 1.33563888454428}, "datetime": {"datetime": "2021-09-24 18:09:09", "elapsed": 466.084749, "delta": 2.600598}}
{"target": -45.9351889352556, "params": {"C": 25.50541876117183, "epsilon": 0.30436996199325983, "gamma": 0.09707120362098451, "lamda": 1.133818920122612}, "datetime": {"datetime": "2021-09-24 18:09:11", "elapsed": 468.793835, "delta": 2.709086}}
{"target": -43.29778108901868, "params": {"C": 25.622664645216584, "epsilon": 0.45492422642434216, "gamma": 0.014500982753722413, "lamda": 1.1313635093317858}, "datetime": {"datetime": "2021-09-24 18:09:14", "elapsed": 471.435386, "delta": 2.641551}}
{"target": -43.18492198095132, "params": {"C": 44.95116557958101, "epsilon": 0.5383718852963646, "gamma": 0.010863091448110464, "lamda": 0.30687525230531165}, "datetime": {"datetime": "2021-09-24 18:09:17", "elapsed": 474.670172, "delta": 3.234786}}
{"target": -44.48507427941684, "params": {"C": 18.848370683914837, "epsilon": 0.7148893947983499, "gamma": 0.05068376748730529, "lamda": 1.241160990028382}, "datetime": {"datetime": "2021-09-24 18:09:19", "elapsed": 476.113572, "delta": 1.4434}}
{"target": -44.26896447591385, "params": {"C": 49.87385143400219, "epsilon": 0.8796125077657471, "gamma": 0.056063032480829326, "lamda": 0.7097006785833329}, "datetime": {"datetime": "2021-09-24 18:09:20", "elapsed": 477.627527, "delta": 1.513955}}
{"target": -43.60304727438572, "params": {"C": 46.112318593690304, "epsilon": 0.6000237149344022, "gamma": 0.03551231705599489, "lamda": 0.37636301288814167}, "datetime": {"datetime": "2021-09-24 18:09:24", "elapsed": 481.881919, "delta": 4.254392}}
{"target": -50.48027629660687, "params": {"C": 18.791575026324008, "epsilon": 0.6763146910559094, "gamma": 0.001, "lamda": 1.3106453407539407}, "datetime": {"datetime": "2021-09-24 18:09:28", "elapsed": 486.05472, "delta": 4.172801}}
{"target": -43.45976127227624, "params": {"C": 48.067981667809924, "epsilon": 0.657653378411294, "gamma": 0.03144834000775135, "lamda": 0.3277383655252273}, "datetime": {"datetime": "2021-09-24 18:09:32", "elapsed": 489.669809, "delta": 3.615089}}
{"target": -44.719292975841064, "params": {"C": 47.86186499494565, "epsilon": 0.9512173762951855, "gamma": 0.06452111179094801, "lamda": 0.2923104678104476}, "datetime": {"datetime": "2021-09-24 18:09:35", "elapsed": 492.723076, "delta": 3.053267}}
{"target": -45.06711503230956, "params": {"C": 34.44630613264145, "epsilon": 0.7769588842799965, "gamma": 0.07514956623281352, "lamda": 0.8488246346977445}, "datetime": {"datetime": "2021-09-24 18:09:37", "elapsed": 494.198536, "delta": 1.47546}}
{"target": -43.70489561490395, "params": {"C": 46.839202955693146, "epsilon": 0.15008961092453915, "gamma": 0.0029096968362618625, "lamda": 1.123243076064026}, "datetime": {"datetime": "2021-09-24 18:09:38", "elapsed": 495.774438, "delta": 1.575902}}
{"target": -47.20393431789687, "params": {"C": 4.224622728890685, "epsilon": 0.6401009620815099, "gamma": 0.0278741266959652, "lamda": 1.062317349151902}, "datetime": {"datetime": "2021-09-24 18:09:40", "elapsed": 497.467273, "delta": 1.692835}}
{"target": -45.38641671034079, "params": {"C": 48.01677214365021, "epsilon": 0.6256718027872572, "gamma": 0.08570749106921707, "lamda": 0.2631628351071337}, "datetime": {"datetime": "2021-09-24 18:09:43", "elapsed": 500.457937, "delta": 2.990664}}
{"target": -43.426874067798614, "params": {"C": 25.748867276296153, "epsilon": 0.12634594317009235, "gamma": 0.012531834204301255, "lamda": 0.9064590233173041}, "datetime": {"datetime": "2021-09-24 18:09:46", "elapsed": 503.491701, "delta": 3.033764}}
{"target": -45.15156741838634, "params": {"C": 24.723709914184376, "epsilon": 0.8394039416389253, "gamma": 0.0748199133941808, "lamda": 0.5712598473304178}, "datetime": {"datetime": "2021-09-24 18:09:48", "elapsed": 505.0792, "delta": 1.587499}}
{"target": -44.83707971765656, "params": {"C": 42.2837075521329, "epsilon": 0.8529812717223495, "gamma": 0.07533051162829583, "lamda": 1.1277120745311529}, "datetime": {"datetime": "2021-09-24 18:09:51", "elapsed": 508.320218, "delta": 3.241018}}
{"target": -45.02326611197111, "params": {"C": 11.347304246637806, "epsilon": 0.6502287555014575, "gamma": 0.049274462153398695, "lamda": 0.6077520966520649}, "datetime": {"datetime": "2021-09-24 18:09:52", "elapsed": 509.940408, "delta": 1.62019}}
{"target": -45.22460620578494, "params": {"C": 7.620743254085094, "epsilon": 0.2599514278423443, "gamma": 0.02766875789813905, "lamda": 0.04255130748366737}, "datetime": {"datetime": "2021-09-24 18:09:54", "elapsed": 511.922957, "delta": 1.982549}}
{"target": -43.709529331594254, "params": {"C": 42.8291977404619, "epsilon": 0.3386034132493497, "gamma": 0.038018065991186255, "lamda": 1.3978091886597905}, "datetime": {"datetime": "2021-09-24 18:09:58", "elapsed": 515.20105, "delta": 3.278093}}
{"target": -45.13953062738444, "params": {"C": 14.998573033500636, "epsilon": 0.5714106854128778, "gamma": 0.06719114857907314, "lamda": 0.6715568417013373}, "datetime": {"datetime": "2021-09-24 18:09:59", "elapsed": 516.738402, "delta": 1.537352}}
{"target": -43.53269181484421, "params": {"C": 31.75928000607065, "epsilon": 0.4708400855662922, "gamma": 0.025497696945976988, "lamda": 0.6700524280251458}, "datetime": {"datetime": "2021-09-24 18:10:01", "elapsed": 518.386352, "delta": 1.64795}}
{"target": -43.462645035553344, "params": {"C": 42.226541083156995, "epsilon": 0.72718151472298, "gamma": 0.03116685343193943, "lamda": 1.1095774510434468}, "datetime": {"datetime": "2021-09-24 18:10:05", "elapsed": 522.466145, "delta": 4.079793}}
{"target": -43.65773812241486, "params": {"C": 49.038858248797105, "epsilon": 0.45792480755100823, "gamma": 0.03821402512653857, "lamda": 1.070654354493684}, "datetime": {"datetime": "2021-09-24 18:10:06", "elapsed": 523.935097, "delta": 1.468952}}
{"target": -43.94591295078594, "params": {"C": 16.17849067952705, "epsilon": 0.5772586716178792, "gamma": 0.02305100744854924, "lamda": 0.4546875040720668}, "datetime": {"datetime": "2021-09-24 18:10:08", "elapsed": 525.600887, "delta": 1.66579}}
{"target": -45.71454730207821, "params": {"C": 44.915177056630924, "epsilon": 0.5547877500942318, "gamma": 0.0012111133346800044, "lamda": 0.23583925599787897}, "datetime": {"datetime": "2021-09-24 18:10:11", "elapsed": 528.781161, "delta": 3.180274}}
{"target": -43.358631079809754, "params": {"C": 30.680686539900506, "epsilon": 0.6840209708152346, "gamma": 0.0218966331908049, "lamda": 0.8306273204352332}, "datetime": {"datetime": "2021-09-24 18:10:13", "elapsed": 530.38059, "delta": 1.599429}}
{"target": -43.16952260678611, "params": {"C": 34.451131437200836, "epsilon": 0.48963130051825265, "gamma": 0.011612083167929561, "lamda": 0.44564628760230435}, "datetime": {"datetime": "2021-09-24 18:10:15", "elapsed": 532.44681, "delta": 2.06622}}
{"target": -44.710647591508334, "params": {"C": 22.42515875744341, "epsilon": 0.9371280706962645, "gamma": 0.0617207245030853, "lamda": 0.4722875153105889}, "datetime": {"datetime": "2021-09-24 18:10:17", "elapsed": 534.090737, "delta": 1.643927}}
{"target": -43.420256475794694, "params": {"C": 42.341261671175594, "epsilon": 0.8107840478060931, "gamma": 0.029809535728958208, "lamda": 1.0730219414788438}, "datetime": {"datetime": "2021-09-24 18:10:21", "elapsed": 538.54914, "delta": 4.458403}}
{"target": -48.82480069632356, "params": {"C": 25.802192544589186, "epsilon": 0.1659515972188244, "gamma": 0.001, "lamda": 0.8614649931748434}, "datetime": {"datetime": "2021-09-24 18:10:25", "elapsed": 542.73302, "delta": 4.18388}}
{"target": -44.820245825151986, "params": {"C": 25.647480176175787, "epsilon": 0.499684180081508, "gamma": 0.06414588120792009, "lamda": 1.0761357676121153}, "datetime": {"datetime": "2021-09-24 18:10:28", "elapsed": 545.889936, "delta": 3.156916}}
{"target": -48.85839649932581, "params": {"C": 3.281943271686954, "epsilon": 0.7574331684527655, "gamma": 0.012881956427669504, "lamda": 1.4236066883971854}, "datetime": {"datetime": "2021-09-24 18:10:30", "elapsed": 547.536374, "delta": 1.646438}}
{"target": -43.598574400503864, "params": {"C": 25.67742245918957, "epsilon": 0.4577151049275635, "gamma": 0.029822006804812114, "lamda": 1.145195826194483}, "datetime": {"datetime": "2021-09-24 18:10:33", "elapsed": 550.644909, "delta": 3.108535}}
{"target": -46.08009754979801, "params": {"C": 15.774542304114256, "epsilon": 0.9735861981544105, "gamma": 0.09172825523460301, "lamda": 0.39095024954828456}, "datetime": {"datetime": "2021-09-24 18:10:35", "elapsed": 552.337368, "delta": 1.692459}}
{"target": -46.458433438475595, "params": {"C": 43.86647085305417, "epsilon": 0.827119379392568, "gamma": 0.001, "lamda": 0.08362665921769814}, "datetime": {"datetime": "2021-09-24 18:10:39", "elapsed": 556.378998, "delta": 4.04163}}
{"target": -44.83785375581371, "params": {"C": 46.08190227696291, "epsilon": 0.5403407837057091, "gamma": 0.06803177408317229, "lamda": 0.3864715682097188}, "datetime": {"datetime": "2021-09-24 18:10:42", "elapsed": 560.058006, "delta": 3.679008}}
{"target": -43.570590608704606, "params": {"C": 18.80614336470093, "epsilon": 0.7776654340152765, "gamma": 0.017630609369692116, "lamda": 1.375391447815253}, "datetime": {"datetime": "2021-09-24 18:10:47", "elapsed": 564.265088, "delta": 4.207082}}
{"target": -43.679550965567365, "params": {"C": 31.7684942919565, "epsilon": 0.44027566327414264, "gamma": 0.031704241298210714, "lamda": 0.6502356623627987}, "datetime": {"datetime": "2021-09-24 18:10:49", "elapsed": 566.067305, "delta": 1.802217}}
{"target": -43.26266392697802, "params": {"C": 25.607491654529916, "epsilon": 0.4969419153812714, "gamma": 0.009579493921252985, "lamda": 1.1892130988836438}, "datetime": {"datetime": "2021-09-24 18:10:52", "elapsed": 569.596291, "delta": 3.528986}}
{"target": -44.49178273114147, "params": {"C": 42.3705864715426, "epsilon": 0.7409292922431511, "gamma": 0.06233092354805324, "lamda": 1.071763906326547}, "datetime": {"datetime": "2021-09-24 18:10:55", "elapsed": 572.58341, "delta": 2.987119}}
