{"target": -45.78549898185741, "params": {"C": 53.190210672469874, "epsilon": 0.3870203179613624, "gamma": 0.09880686576204636, "lamda": 0.32726375732130025}, "datetime": {"datetime": "2021-09-24 18:53:30", "elapsed": 8.4718, "delta": 0.359702}}
{"target": -43.94295534946271, "params": {"C": 73.47057419331803, "epsilon": 0.9673346931028696, "gamma": 0.04526290024357037, "lamda": 0.24048032811787323}, "datetime": {"datetime": "2021-09-24 18:53:31", "elapsed": 9.052799, "delta": 0.580999}}
{"target": -45.75717951784596, "params": {"C": 76.56791333285832, "epsilon": 0.19758869155755812, "gamma": 0.09449940819995063, "lamda": 0.29832378234744483}, "datetime": {"datetime": "2021-09-24 18:53:31", "elapsed": 9.416931, "delta": 0.364132}}
{"target": -45.594017715438525, "params": {"C": 65.52655600368278, "epsilon": 0.33600185467739285, "gamma": 0.09968428145914938, "lamda": 0.6722811220105865}, "datetime": {"datetime": "2021-09-24 18:53:31", "elapsed": 9.737782, "delta": 0.320851}}
{"target": -42.89657425826016, "params": {"C": 54.532846685063106, "epsilon": 0.26296729749053954, "gamma": 0.007298078487599953, "lamda": 0.8809603098232212}, "datetime": {"datetime": "2021-09-24 18:53:32", "elapsed": 10.11226, "delta": 0.374478}}
{"target": -45.234698246768225, "params": {"C": 83.40078627679264, "epsilon": 0.9440202310185998, "gamma": 0.08989116642505197, "lamda": 1.1247699518178398}, "datetime": {"datetime": "2021-09-24 18:53:32", "elapsed": 10.455644, "delta": 0.343384}}
{"target": -44.69617412327905, "params": {"C": 85.48557546758123, "epsilon": 0.20895946070078605, "gamma": 0.06436024933277275, "lamda": 0.9808292778671055}, "datetime": {"datetime": "2021-09-24 18:53:32", "elapsed": 10.798972, "delta": 0.343328}}
{"target": -44.973900653467346, "params": {"C": 79.60429766615397, "epsilon": 0.7783929548149774, "gamma": 0.08383931230551202, "lamda": 0.9526177018972649}, "datetime": {"datetime": "2021-09-24 18:53:33", "elapsed": 11.114272, "delta": 0.3153}}
{"target": -43.9743711303184, "params": {"C": 64.31267643732775, "epsilon": 0.47651359662465886, "gamma": 0.0015875296640146127, "lamda": 0.01945284504424249}, "datetime": {"datetime": "2021-09-24 18:53:33", "elapsed": 11.799355, "delta": 0.685083}}
{"target": -44.7481645169722, "params": {"C": 52.607269726667106, "epsilon": 0.6197446382270237, "gamma": 0.0015851951784512086, "lamda": 0.8711607102463608}, "datetime": {"datetime": "2021-09-24 18:53:34", "elapsed": 12.186633, "delta": 0.387278}}
{"target": -43.640510368230544, "params": {"C": 58.1128013329837, "epsilon": 0.23023284996254278, "gamma": 0.03527458643705465, "lamda": 0.03074511200526937}, "datetime": {"datetime": "2021-09-24 18:53:34", "elapsed": 12.669544, "delta": 0.482911}}
{"target": -45.15356242709655, "params": {"C": 83.90549272721329, "epsilon": 0.6515829462360181, "gamma": 0.08130680245871284, "lamda": 0.38113432320529095}, "datetime": {"datetime": "2021-09-24 18:53:35", "elapsed": 13.062037, "delta": 0.392493}}
{"target": -43.172139458520995, "params": {"C": 69.54625648078073, "epsilon": 0.8386093674578563, "gamma": 0.03330731103125315, "lamda": 1.446268810079513}, "datetime": {"datetime": "2021-09-24 18:53:35", "elapsed": 13.398003, "delta": 0.335966}}
{"target": -43.33935494750974, "params": {"C": 50.97310219049422, "epsilon": 0.6702376986054547, "gamma": 0.031039406968903352, "lamda": 1.4515970666911586}, "datetime": {"datetime": "2021-09-24 18:53:35", "elapsed": 13.742406, "delta": 0.344403}}
{"target": -44.25186066829188, "params": {"C": 83.18206077308588, "epsilon": 0.028783292848629547, "gamma": 0.05560015447881312, "lamda": 1.2114002048526475}, "datetime": {"datetime": "2021-09-24 18:53:36", "elapsed": 14.118962, "delta": 0.376556}}
{"target": -44.53746745064553, "params": {"C": 50.156031582641354, "epsilon": 0.5050737613677941, "gamma": 0.0614171685183339, "lamda": 0.37151347443577376}, "datetime": {"datetime": "2021-09-24 18:53:36", "elapsed": 14.556425, "delta": 0.437463}}
{"target": -45.328599959268686, "params": {"C": 82.03576744220274, "epsilon": 0.06728918851559694, "gamma": 0.08154960214715547, "lamda": 1.3474465846237234}, "datetime": {"datetime": "2021-09-24 18:53:37", "elapsed": 14.929233, "delta": 0.372808}}
{"target": -44.780351117252664, "params": {"C": 59.890058794331146, "epsilon": 0.9041491511524973, "gamma": 0.06814258760919162, "lamda": 0.1436529069595472}, "datetime": {"datetime": "2021-09-24 18:53:37", "elapsed": 15.406604, "delta": 0.477371}}
{"target": -45.449848696162825, "params": {"C": 57.684025783012764, "epsilon": 0.7933931066577246, "gamma": 0.09271520159928501, "lamda": 0.3488340604769027}, "datetime": {"datetime": "2021-09-24 18:53:37", "elapsed": 15.86573, "delta": 0.459126}}
{"target": -44.64955406999694, "params": {"C": 72.3743959677646, "epsilon": 0.3117337529707773, "gamma": 0.0644986736723896, "lamda": 0.3339383931686055}, "datetime": {"datetime": "2021-09-24 18:53:38", "elapsed": 16.283769, "delta": 0.418039}}
{"target": -44.98492986553526, "params": {"C": 76.56470128972492, "epsilon": 0.0770965142581016, "gamma": 0.07265740710892171, "lamda": 0.518477895937579}, "datetime": {"datetime": "2021-09-24 18:53:38", "elapsed": 16.675767, "delta": 0.391998}}
{"target": -45.02088521221049, "params": {"C": 79.67042407939005, "epsilon": 0.5397347610493934, "gamma": 0.07626761832829801, "lamda": 0.5044464011385732}, "datetime": {"datetime": "2021-09-24 18:53:39", "elapsed": 17.065084, "delta": 0.389317}}
{"target": -44.97923140400633, "params": {"C": 92.23361519040527, "epsilon": 0.7151348919531788, "gamma": 0.07623080184619944, "lamda": 0.427250838746367}, "datetime": {"datetime": "2021-09-24 18:53:39", "elapsed": 17.484489, "delta": 0.419405}}
{"target": -42.95386357617118, "params": {"C": 63.639016749807666, "epsilon": 0.1981651059878487, "gamma": 0.01036090692566629, "lamda": 0.8638635232231293}, "datetime": {"datetime": "2021-09-24 18:53:40", "elapsed": 17.931701, "delta": 0.447212}}
{"target": -44.23379647601052, "params": {"C": 55.39199779681632, "epsilon": 0.22168132914237512, "gamma": 0.05504902275714166, "lamda": 0.7862800814453808}, "datetime": {"datetime": "2021-09-24 18:53:40", "elapsed": 18.317945, "delta": 0.386244}}
{"target": -45.01381984022094, "params": {"C": 58.52254334233272, "epsilon": 0.6341275679738119, "gamma": 0.08016395608114574, "lamda": 0.8362016616079071}, "datetime": {"datetime": "2021-09-24 18:53:40", "elapsed": 18.715236, "delta": 0.397291}}
{"target": -44.69855512017764, "params": {"C": 85.0371668178964, "epsilon": 0.04809155346965739, "gamma": 0.06542993293197463, "lamda": 0.5843646990323023}, "datetime": {"datetime": "2021-09-24 18:53:41", "elapsed": 19.171022, "delta": 0.455786}}
{"target": -43.1853753350801, "params": {"C": 63.683688386748884, "epsilon": 0.23013200755379282, "gamma": 0.024539539211078636, "lamda": 0.9238217179112339}, "datetime": {"datetime": "2021-09-24 18:53:41", "elapsed": 19.567022, "delta": 0.396}}
{"target": -44.10806554440359, "params": {"C": 67.34207082166319, "epsilon": 0.21293328953275614, "gamma": 0.05269979676860858, "lamda": 0.4548211190207617}, "datetime": {"datetime": "2021-09-24 18:53:42", "elapsed": 20.032348, "delta": 0.465326}}
{"target": -44.00888298257921, "params": {"C": 81.94768199311596, "epsilon": 0.23102340345872494, "gamma": 0.04965301644678961, "lamda": 0.2639747507857969}, "datetime": {"datetime": "2021-09-24 18:53:42", "elapsed": 20.528667, "delta": 0.496319}}
{"target": -43.477018041571384, "params": {"C": 63.674716114209446, "epsilon": 0.2328095492506057, "gamma": 0.033002671248023877, "lamda": 0.8527543185599398}, "datetime": {"datetime": "2021-09-24 18:53:43", "elapsed": 20.995669, "delta": 0.467002}}
{"target": -43.89265239754205, "params": {"C": 63.598855689794014, "epsilon": 0.18703868267276957, "gamma": 0.046898911481977716, "lamda": 0.8413578746228287}, "datetime": {"datetime": "2021-09-24 18:53:43", "elapsed": 21.387226, "delta": 0.391557}}
{"target": -43.09417216094432, "params": {"C": 74.96390959549521, "epsilon": 0.25149239859425443, "gamma": 0.01837738561865706, "lamda": 1.064410614016597}, "datetime": {"datetime": "2021-09-24 18:53:43", "elapsed": 21.805525, "delta": 0.418299}}
{"target": -43.165698951442444, "params": {"C": 54.5500989982053, "epsilon": 0.298210358246984, "gamma": 0.02291265095163465, "lamda": 0.8770785973110329}, "datetime": {"datetime": "2021-09-24 18:53:44", "elapsed": 22.213477, "delta": 0.407952}}
{"target": -43.478502436020236, "params": {"C": 63.62010736115032, "epsilon": 0.1675789505595986, "gamma": 0.0022969629224938023, "lamda": 0.9547548859309372}, "datetime": {"datetime": "2021-09-24 18:53:44", "elapsed": 22.700165, "delta": 0.486688}}
{"target": -43.264178553091035, "params": {"C": 63.96776191501038, "epsilon": 0.42131875106664995, "gamma": 0.02468414356111489, "lamda": 0.9195025246954004}, "datetime": {"datetime": "2021-09-24 18:53:45", "elapsed": 23.122162, "delta": 0.421997}}
{"target": -42.805081191750055, "params": {"C": 75.008956606086, "epsilon": 0.28074184520388784, "gamma": 0.008970490895425263, "lamda": 1.1862623327256703}, "datetime": {"datetime": "2021-09-24 18:53:45", "elapsed": 23.534735, "delta": 0.412573}}
{"target": -43.067837625023586, "params": {"C": 61.64594186326415, "epsilon": 0.7321085329611898, "gamma": 0.018451228962481515, "lamda": 1.028139226210797}, "datetime": {"datetime": "2021-09-24 18:53:46", "elapsed": 23.935478, "delta": 0.400743}}
{"target": -44.66426911632299, "params": {"C": 96.66293474669436, "epsilon": 0.06701049741487904, "gamma": 0.06346867095738298, "lamda": 0.7945817316890171}, "datetime": {"datetime": "2021-09-24 18:53:46", "elapsed": 24.328182, "delta": 0.392704}}
{"target": -44.93638433698031, "params": {"C": 67.31901036053385, "epsilon": 0.16900466972234418, "gamma": 0.001, "lamda": 0.35718829105009753}, "datetime": {"datetime": "2021-09-24 18:53:46", "elapsed": 24.867367, "delta": 0.539185}}
{"target": -45.05198878605322, "params": {"C": 63.912614167028096, "epsilon": 0.48308711621615935, "gamma": 0.07900230569325668, "lamda": 0.8609592893794612}, "datetime": {"datetime": "2021-09-24 18:53:47", "elapsed": 25.327773, "delta": 0.460406}}
{"target": -43.41345375835081, "params": {"C": 88.46069234478259, "epsilon": 0.1886021907944591, "gamma": 0.029786286127549806, "lamda": 1.0705088406255379}, "datetime": {"datetime": "2021-09-24 18:53:47", "elapsed": 25.764732, "delta": 0.436959}}
{"target": -45.32023758394685, "params": {"C": 88.17888255633204, "epsilon": 0.39856526165355405, "gamma": 0.08127649023127038, "lamda": 0.3488622993834161}, "datetime": {"datetime": "2021-09-24 18:53:48", "elapsed": 26.207425, "delta": 0.442693}}
{"target": -45.33509093778484, "params": {"C": 92.2939303555991, "epsilon": 0.23373402703511997, "gamma": 0.09272659833841258, "lamda": 1.3538657604336426}, "datetime": {"datetime": "2021-09-24 18:53:48", "elapsed": 26.588487, "delta": 0.381062}}
{"target": -43.052979902682694, "params": {"C": 75.00958190740673, "epsilon": 0.20911582100064754, "gamma": 0.017725247556522345, "lamda": 1.15367769517707}, "datetime": {"datetime": "2021-09-24 18:53:49", "elapsed": 27.072977, "delta": 0.48449}}
{"target": -45.0624212675081, "params": {"C": 71.07896130046612, "epsilon": 0.7626931762068215, "gamma": 0.08424358533864049, "lamda": 0.8035780734157376}, "datetime": {"datetime": "2021-09-24 18:53:49", "elapsed": 27.485011, "delta": 0.412034}}
{"target": -42.99826545535366, "params": {"C": 54.579871160616946, "epsilon": 0.24560304456555856, "gamma": 0.008834785929386302, "lamda": 0.8595316027321799}, "datetime": {"datetime": "2021-09-24 18:53:50", "elapsed": 28.04561, "delta": 0.560599}}
{"target": -44.15389699585795, "params": {"C": 58.38629216792675, "epsilon": 0.9521977917578793, "gamma": 0.053202697887374154, "lamda": 0.5547090628668244}, "datetime": {"datetime": "2021-09-24 18:53:50", "elapsed": 28.532597, "delta": 0.486987}}
{"target": -43.80180590389596, "params": {"C": 82.03943315525373, "epsilon": 0.23515885362577763, "gamma": 0.04371772621368486, "lamda": 0.19598443024266585}, "datetime": {"datetime": "2021-09-24 18:53:51", "elapsed": 29.071271, "delta": 0.538674}}
{"target": -42.954839621594886, "params": {"C": 74.98337220304543, "epsilon": 0.26866346154043563, "gamma": 0.01333778393149428, "lamda": 1.1319420721208848}, "datetime": {"datetime": "2021-09-24 18:53:51", "elapsed": 29.622519, "delta": 0.551248}}
{"target": -43.4228312919205, "params": {"C": 75.01739100977171, "epsilon": 0.36752283417563336, "gamma": 0.027158136199527602, "lamda": 1.1634599826265275}, "datetime": {"datetime": "2021-09-24 18:53:52", "elapsed": 30.097492, "delta": 0.474973}}
{"target": -43.41971361876268, "params": {"C": 69.59752652066183, "epsilon": 0.009253851895886064, "gamma": 0.005494458227009835, "lamda": 0.926713814956237}, "datetime": {"datetime": "2021-09-24 18:53:52", "elapsed": 30.58247, "delta": 0.484978}}
{"target": -44.59440250991496, "params": {"C": 74.98342175394073, "epsilon": 0.2572276228024897, "gamma": 0.062108621036393134, "lamda": 1.1767954616735776}, "datetime": {"datetime": "2021-09-24 18:53:53", "elapsed": 31.137136, "delta": 0.554666}}
{"target": -42.608333842646566, "params": {"C": 68.18887092733888, "epsilon": 0.7156549843862755, "gamma": 0.01180397783664993, "lamda": 1.3744647366759863}, "datetime": {"datetime": "2021-09-24 18:53:53", "elapsed": 31.551469, "delta": 0.414333}}
{"target": -44.05386525848523, "params": {"C": 54.48856937665103, "epsilon": 0.2356240213993305, "gamma": 0.050325890350041404, "lamda": 0.9140527837262556}, "datetime": {"datetime": "2021-09-24 18:53:54", "elapsed": 32.014454, "delta": 0.462985}}
{"target": -43.757943345405614, "params": {"C": 61.69919248362146, "epsilon": 0.6769695746017237, "gamma": 0.043417077875363856, "lamda": 1.0457171126594118}, "datetime": {"datetime": "2021-09-24 18:53:54", "elapsed": 32.507083, "delta": 0.492629}}
{"target": -42.8413946394335, "params": {"C": 96.34891507519326, "epsilon": 0.9522555742455784, "gamma": 0.009560741843880022, "lamda": 0.1531489315219892}, "datetime": {"datetime": "2021-09-24 18:53:55", "elapsed": 33.289374, "delta": 0.782291}}
{"target": -43.52149984988151, "params": {"C": 71.56432666230887, "epsilon": 0.42993448521450595, "gamma": 0.031979752048734725, "lamda": 1.100409059196101}, "datetime": {"datetime": "2021-09-24 18:53:55", "elapsed": 33.706777, "delta": 0.417403}}
{"target": -43.096722646824794, "params": {"C": 51.556860136070384, "epsilon": 0.5810209895669107, "gamma": 0.009853532179479239, "lamda": 0.3249028808397869}, "datetime": {"datetime": "2021-09-24 18:53:56", "elapsed": 34.247829, "delta": 0.541052}}
{"target": -43.80624846647511, "params": {"C": 96.37660664343449, "epsilon": 0.8768428712118438, "gamma": 0.042676510521628, "lamda": 0.12519867214864844}, "datetime": {"datetime": "2021-09-24 18:53:56", "elapsed": 34.843486, "delta": 0.595657}}
{"target": -43.33960953605242, "params": {"C": 63.93156834416938, "epsilon": 0.39961561508662424, "gamma": 0.027908338828168497, "lamda": 0.9208207250477667}, "datetime": {"datetime": "2021-09-24 18:53:57", "elapsed": 35.286083, "delta": 0.442597}}
{"target": -44.78881777321433, "params": {"C": 61.6105705075492, "epsilon": 0.7262864891816713, "gamma": 0.07481224638755597, "lamda": 1.059088602708915}, "datetime": {"datetime": "2021-09-24 18:53:57", "elapsed": 35.739042, "delta": 0.452959}}
{"target": -43.749746131636165, "params": {"C": 63.19402202640684, "epsilon": 0.7304314143125221, "gamma": 0.0459987958088271, "lamda": 1.3240957953135026}, "datetime": {"datetime": "2021-09-24 18:53:58", "elapsed": 36.186545, "delta": 0.447503}}
{"target": -43.573811482231875, "params": {"C": 92.1991858908053, "epsilon": 0.5457346245071856, "gamma": 0.0013967630447587276, "lamda": 0.2516997566259689}, "datetime": {"datetime": "2021-09-24 18:53:58", "elapsed": 36.756572, "delta": 0.570027}}
{"target": -45.546258385334625, "params": {"C": 83.07331578487407, "epsilon": 0.11646224648361071, "gamma": 0.09725673305844579, "lamda": 1.29761153849477}, "datetime": {"datetime": "2021-09-24 18:53:59", "elapsed": 37.204943, "delta": 0.448371}}
{"target": -45.180406032586376, "params": {"C": 54.47415921768225, "epsilon": 0.22457158901894989, "gamma": 0.07790787051665808, "lamda": 0.9120631477417659}, "datetime": {"datetime": "2021-09-24 18:53:59", "elapsed": 37.669657, "delta": 0.464714}}
{"target": -43.11122995232904, "params": {"C": 63.024442319477416, "epsilon": 0.1815646515635004, "gamma": 0.021028972979557442, "lamda": 1.0953101084543984}, "datetime": {"datetime": "2021-09-24 18:54:00", "elapsed": 38.165662, "delta": 0.496005}}
{"target": -45.07048368243216, "params": {"C": 96.35438860943924, "epsilon": 0.952720703082407, "gamma": 0.07364109282735788, "lamda": 0.1646289548401285}, "datetime": {"datetime": "2021-09-24 18:54:00", "elapsed": 38.852236, "delta": 0.686574}}
{"target": -43.0014663267667, "params": {"C": 96.35066924291957, "epsilon": 0.9547142569527544, "gamma": 0.004628637610481826, "lamda": 0.10112902137610857}, "datetime": {"datetime": "2021-09-24 18:54:01", "elapsed": 39.836542, "delta": 0.984306}}
{"target": -43.07785215139214, "params": {"C": 81.97819613616772, "epsilon": 0.2901929369493115, "gamma": 0.009480472256127321, "lamda": 0.19997645248700038}, "datetime": {"datetime": "2021-09-24 18:54:02", "elapsed": 40.472355, "delta": 0.635813}}
{"target": -44.80513786664728, "params": {"C": 74.974752697577, "epsilon": 0.21281441551430683, "gamma": 0.001, "lamda": 1.107754429517679}, "datetime": {"datetime": "2021-09-24 18:54:03", "elapsed": 41.023988, "delta": 0.551633}}
{"target": -43.086781719670775, "params": {"C": 87.93802401865331, "epsilon": 0.5096538659936594, "gamma": 0.017652394593784596, "lamda": 0.5004539608627767}, "datetime": {"datetime": "2021-09-24 18:54:03", "elapsed": 41.515443, "delta": 0.491455}}
{"target": -45.05588203591349, "params": {"C": 74.42938778042634, "epsilon": 0.4413299056925739, "gamma": 0.08097234694467406, "lamda": 0.856234565907393}, "datetime": {"datetime": "2021-09-24 18:54:04", "elapsed": 41.977744, "delta": 0.462301}}
{"target": -43.00862208130115, "params": {"C": 61.71686476800769, "epsilon": 0.6915094310014276, "gamma": 0.01574685454035643, "lamda": 1.0592180711632595}, "datetime": {"datetime": "2021-09-24 18:54:04", "elapsed": 42.456705, "delta": 0.478961}}
{"target": -42.971329144208184, "params": {"C": 63.98942728065276, "epsilon": 0.4417338511870179, "gamma": 0.013817530969483901, "lamda": 0.8609196079510413}, "datetime": {"datetime": "2021-09-24 18:54:05", "elapsed": 42.992094, "delta": 0.535389}}
{"target": -44.95866939528477, "params": {"C": 93.42108828774938, "epsilon": 0.7898281334210944, "gamma": 0.084317983192882, "lamda": 0.9686164096221856}, "datetime": {"datetime": "2021-09-24 18:54:05", "elapsed": 43.458525, "delta": 0.466431}}
{"target": -42.674964363427776, "params": {"C": 61.730504620867244, "epsilon": 0.7328138770840572, "gamma": 0.006342062584229312, "lamda": 1.0192694542321046}, "datetime": {"datetime": "2021-09-24 18:54:06", "elapsed": 44.079811, "delta": 0.621286}}
{"target": -42.907134690712546, "params": {"C": 91.64072430421349, "epsilon": 0.9373311842990001, "gamma": 0.016015136672482083, "lamda": 0.5983672911310365}, "datetime": {"datetime": "2021-09-24 18:54:06", "elapsed": 44.691938, "delta": 0.612127}}
{"target": -44.172102583874924, "params": {"C": 83.0870946888854, "epsilon": 0.018732227479590937, "gamma": 0.049051372724222386, "lamda": 0.1934445367437894}, "datetime": {"datetime": "2021-09-24 18:54:07", "elapsed": 45.250306, "delta": 0.558368}}
{"target": -45.57671726336416, "params": {"C": 53.766462617573495, "epsilon": 0.5275722114453016, "gamma": 0.09106942366525114, "lamda": 0.42073522282728}, "datetime": {"datetime": "2021-09-24 18:54:07", "elapsed": 45.774345, "delta": 0.524039}}
{"target": -45.035185212687836, "params": {"C": 87.88491197993093, "epsilon": 0.4958784360350209, "gamma": 0.07662370771471341, "lamda": 0.5027700257897854}, "datetime": {"datetime": "2021-09-24 18:54:08", "elapsed": 46.408722, "delta": 0.634377}}
{"target": -43.228713255650945, "params": {"C": 51.59280455621117, "epsilon": 0.5829855614037914, "gamma": 0.019596066150920813, "lamda": 0.28638650395902604}, "datetime": {"datetime": "2021-09-24 18:54:09", "elapsed": 47.09986, "delta": 0.691138}}
{"target": -43.46191767149545, "params": {"C": 54.74683995008139, "epsilon": 0.604349248164749, "gamma": 0.03223323429213502, "lamda": 0.8659785633366992}, "datetime": {"datetime": "2021-09-24 18:54:09", "elapsed": 47.584297, "delta": 0.484437}}
{"target": -43.493489877375794, "params": {"C": 51.57428539956936, "epsilon": 0.6638183013582227, "gamma": 0.033346193800844845, "lamda": 0.3004352047166438}, "datetime": {"datetime": "2021-09-24 18:54:10", "elapsed": 48.222594, "delta": 0.638297}}
{"target": -43.9563998238335, "params": {"C": 75.06693430079905, "epsilon": 0.2670577518350886, "gamma": 0.04462125193012964, "lamda": 1.2161796358196264}, "datetime": {"datetime": "2021-09-24 18:54:10", "elapsed": 48.824472, "delta": 0.601878}}
{"target": -42.743702175648785, "params": {"C": 74.9502167513492, "epsilon": 0.31480108969302817, "gamma": 0.003952685319584828, "lamda": 1.0227292000642052}, "datetime": {"datetime": "2021-09-24 18:54:11", "elapsed": 49.396794, "delta": 0.572322}}
{"target": -42.88347251516483, "params": {"C": 54.57552458755249, "epsilon": 0.29278030578931286, "gamma": 0.004411439369453237, "lamda": 0.8453596856837747}, "datetime": {"datetime": "2021-09-24 18:54:12", "elapsed": 49.948481, "delta": 0.551687}}
{"target": -45.81551798771872, "params": {"C": 61.65347704965885, "epsilon": 0.45179635472423557, "gamma": 0.09674718550932852, "lamda": 0.17767504363300815}, "datetime": {"datetime": "2021-09-24 18:54:12", "elapsed": 50.549261, "delta": 0.60078}}
