{"target": 0.3886328001177285, "params": {"C": 62.39953361873948, "epsilon": 0.20091659804782228, "gamma": 0.06993716601345609, "lamda": 0.6011386253781967}, "datetime": {"datetime": "2021-09-23 17:59:10", "elapsed": 107.774632, "delta": 0.845956}}
{"target": 0.414355115416461, "params": {"C": 86.65472598827122, "epsilon": 0.9146273860247731, "gamma": 0.001, "lamda": 0.4188746169869644}, "datetime": {"datetime": "2021-09-23 17:59:11", "elapsed": 109.130629, "delta": 1.355997}}
{"target": 0.4501254077823975, "params": {"C": 99.78784017483787, "epsilon": 0.9937115276114299, "gamma": 0.019831127165502758, "lamda": 0.6167653896645955}, "datetime": {"datetime": "2021-09-23 17:59:13", "elapsed": 110.430629, "delta": 1.3}}
{"target": 0.4100277435233999, "params": {"C": 81.51883309717397, "epsilon": 0.11877345795075957, "gamma": 0.0465484261121874, "lamda": 0.7013243038698033}, "datetime": {"datetime": "2021-09-23 17:59:14", "elapsed": 111.348632, "delta": 0.918003}}
{"target": 0.4404537714827874, "params": {"C": 38.701220186480484, "epsilon": 0.654928227278799, "gamma": 0.020365365846234752, "lamda": 0.7026431899743794}, "datetime": {"datetime": "2021-09-23 17:59:15", "elapsed": 112.798638, "delta": 1.450006}}
{"target": 0.4115729543559894, "params": {"C": 71.6612760611943, "epsilon": 0.16144538241878678, "gamma": 0.04769615790213393, "lamda": 0.9292374056244274}, "datetime": {"datetime": "2021-09-23 17:59:16", "elapsed": 113.646635, "delta": 0.847997}}
{"target": 0.37239948239538545, "params": {"C": 94.77835031383697, "epsilon": 0.8306396132596074, "gamma": 0.06468981255165683, "lamda": 0.027114187185327727}, "datetime": {"datetime": "2021-09-23 17:59:17", "elapsed": 114.93522, "delta": 1.288585}}
{"target": 0.43067118537853677, "params": {"C": 49.154744882341575, "epsilon": 0.7865022036598595, "gamma": 0.0333475338334549, "lamda": 0.9170153841285869}, "datetime": {"datetime": "2021-09-23 17:59:18", "elapsed": 115.885214, "delta": 0.949994}}
{"target": 0.4026950813569544, "params": {"C": 20.27003241410231, "epsilon": 0.11238545058617927, "gamma": 0.07767743842576685, "lamda": 0.45939569068984276}, "datetime": {"datetime": "2021-09-23 17:59:19", "elapsed": 116.777214, "delta": 0.892}}
{"target": 0.42638554083157, "params": {"C": 22.480923380707534, "epsilon": 0.5963065665795003, "gamma": 0.024344285538607985, "lamda": 0.23571767102606056}, "datetime": {"datetime": "2021-09-23 17:59:20", "elapsed": 117.757213, "delta": 0.979999}}
{"target": 0.442739878861079, "params": {"C": 99.78796473637765, "epsilon": 0.9138939487670604, "gamma": 0.01720221747564438, "lamda": 0.372179286776262}, "datetime": {"datetime": "2021-09-23 17:59:21", "elapsed": 118.780214, "delta": 1.023001}}
{"target": 0.38897920096844085, "params": {"C": 25.842351735858475, "epsilon": 0.9143558775121974, "gamma": 0.09072993036063653, "lamda": 0.32484783758503116}, "datetime": {"datetime": "2021-09-23 17:59:22", "elapsed": 119.791211, "delta": 1.010997}}
{"target": 0.4306897780118396, "params": {"C": 59.50796885214554, "epsilon": 0.7960722621244376, "gamma": 0.0032449296503128766, "lamda": 0.25355282048405814}, "datetime": {"datetime": "2021-09-23 17:59:23", "elapsed": 120.999211, "delta": 1.208}}
{"target": 0.3886565154881513, "params": {"C": 88.35743730068441, "epsilon": 0.4563781239249788, "gamma": 0.06488171741686771, "lamda": 0.933315252930654}, "datetime": {"datetime": "2021-09-23 17:59:25", "elapsed": 122.20622, "delta": 1.207009}}
{"target": 0.4078650746667025, "params": {"C": 88.4402198886815, "epsilon": 0.37769815089665654, "gamma": 0.04525938602029088, "lamda": 0.9127215221754171}, "datetime": {"datetime": "2021-09-23 17:59:25", "elapsed": 123.064214, "delta": 0.857994}}
{"target": 0.39498425153290506, "params": {"C": 82.5788729972386, "epsilon": 0.8790220185050202, "gamma": 0.05631828554941305, "lamda": 0.32378386442442353}, "datetime": {"datetime": "2021-09-23 17:59:26", "elapsed": 124.117213, "delta": 1.052999}}
{"target": 0.4039446452015174, "params": {"C": 69.08263631132233, "epsilon": 0.5422559420947949, "gamma": 0.055507480989385724, "lamda": 0.1189488076310878}, "datetime": {"datetime": "2021-09-23 17:59:28", "elapsed": 125.259847, "delta": 1.142634}}
{"target": 0.39638684421569537, "params": {"C": 27.680661692799944, "epsilon": 0.9623198737361421, "gamma": 0.07623178841307485, "lamda": 0.9452391692414747}, "datetime": {"datetime": "2021-09-23 17:59:28", "elapsed": 126.168843, "delta": 0.908996}}
{"target": 0.4134828777791333, "params": {"C": 42.280570979070795, "epsilon": 0.9649053948363869, "gamma": 0.052298540560190857, "lamda": 0.1718582588643773}, "datetime": {"datetime": "2021-09-23 17:59:30", "elapsed": 127.273777, "delta": 1.104934}}
{"target": 0.4280068998734269, "params": {"C": 21.548670274829107, "epsilon": 0.6781807844472386, "gamma": 0.03066736004287496, "lamda": 0.9688693781545554}, "datetime": {"datetime": "2021-09-23 17:59:31", "elapsed": 128.19578, "delta": 0.922003}}
{"target": 0.4227668523847471, "params": {"C": 38.67395320018783, "epsilon": 0.7257839154397371, "gamma": 0.0030785179247358172, "lamda": 0.6882389477233835}, "datetime": {"datetime": "2021-09-23 17:59:32", "elapsed": 129.250569, "delta": 1.054789}}
{"target": 0.4224703807474123, "params": {"C": 99.74350863866037, "epsilon": 0.9574573475463292, "gamma": 0.03293752118046237, "lamda": 0.34423131813581553}, "datetime": {"datetime": "2021-09-23 17:59:33", "elapsed": 130.711433, "delta": 1.460864}}
{"target": 0.446597271060061, "params": {"C": 49.13964551998491, "epsilon": 0.7261574634007297, "gamma": 0.009081462118152878, "lamda": 0.9630912269826339}, "datetime": {"datetime": "2021-09-23 17:59:34", "elapsed": 131.700838, "delta": 0.989405}}
{"target": 0.41289174887913915, "params": {"C": 99.8504367615071, "epsilon": 0.9111465262505944, "gamma": 0.039513138765964906, "lamda": 0.3893185867113687}, "datetime": {"datetime": "2021-09-23 17:59:35", "elapsed": 132.892833, "delta": 1.191995}}
{"target": 0.3741403608729078, "params": {"C": 40.68113487249626, "epsilon": 0.08112225886796513, "gamma": 0.09865268368540828, "lamda": 0.09243130867887749}, "datetime": {"datetime": "2021-09-23 17:59:36", "elapsed": 133.804073, "delta": 0.91124}}
{"target": 0.4586040331413467, "params": {"C": 99.84336092137251, "epsilon": 0.9646302087698768, "gamma": 0.009759565714534523, "lamda": 0.6433752606028283}, "datetime": {"datetime": "2021-09-23 17:59:37", "elapsed": 134.888629, "delta": 1.084556}}
{"target": 0.42160130516377314, "params": {"C": 27.57491863804196, "epsilon": 0.3716646049639338, "gamma": 0.043887032047482545, "lamda": 0.9354683894006954}, "datetime": {"datetime": "2021-09-23 17:59:38", "elapsed": 136.023111, "delta": 1.134482}}
{"target": 0.37899901209689757, "params": {"C": 53.78382156937353, "epsilon": 0.30201795019604083, "gamma": 0.08523231262014296, "lamda": 0.5572375773659813}, "datetime": {"datetime": "2021-09-23 17:59:39", "elapsed": 137.079272, "delta": 1.056161}}
{"target": 0.432741097512527, "params": {"C": 30.240699892925367, "epsilon": 0.14407545190870444, "gamma": 0.012561854166219438, "lamda": 0.582650726237082}, "datetime": {"datetime": "2021-09-23 17:59:41", "elapsed": 138.211271, "delta": 1.131999}}
{"target": 0.45110751458784737, "params": {"C": 99.77694791960003, "epsilon": 0.9137681225566541, "gamma": 0.014080185770725666, "lamda": 0.5208019886375006}, "datetime": {"datetime": "2021-09-23 17:59:42", "elapsed": 139.620589, "delta": 1.409318}}
{"target": 0.4452205953380467, "params": {"C": 59.84743513008044, "epsilon": 0.33161483777385425, "gamma": 0.010033394080199098, "lamda": 0.8656718706787022}, "datetime": {"datetime": "2021-09-23 17:59:43", "elapsed": 140.649893, "delta": 1.029304}}
{"target": 0.4321275718532015, "params": {"C": 59.95273033713316, "epsilon": 0.3031588075182639, "gamma": 0.031742888310590404, "lamda": 0.7512536982151046}, "datetime": {"datetime": "2021-09-23 17:59:44", "elapsed": 141.744182, "delta": 1.094289}}
{"target": 0.40764021468572365, "params": {"C": 49.20283723884556, "epsilon": 0.6994920027858728, "gamma": 0.0016020011068948149, "lamda": 0.9625302704888018}, "datetime": {"datetime": "2021-09-23 17:59:45", "elapsed": 142.944993, "delta": 1.200811}}
{"target": 0.45311466959076974, "params": {"C": 99.88813817681459, "epsilon": 0.9246795995449241, "gamma": 0.005102779429250076, "lamda": 0.667872386263741}, "datetime": {"datetime": "2021-09-23 17:59:47", "elapsed": 144.207047, "delta": 1.262054}}
{"target": 0.3860016166236634, "params": {"C": 74.32853873367023, "epsilon": 0.21438797193463233, "gamma": 0.06819008898273571, "lamda": 0.881048021216779}, "datetime": {"datetime": "2021-09-23 17:59:47", "elapsed": 145.01434, "delta": 0.807293}}
{"target": 0.4402559910674091, "params": {"C": 72.00796419497493, "epsilon": 0.43693761616165155, "gamma": 0.02207153684402335, "lamda": 0.5363975507461297}, "datetime": {"datetime": "2021-09-23 17:59:48", "elapsed": 145.999691, "delta": 0.985351}}
{"target": 0.3874196542619982, "params": {"C": 68.68811036532435, "epsilon": 0.3481613812532045, "gamma": 0.06978162812782314, "lamda": 0.967747969759785}, "datetime": {"datetime": "2021-09-23 17:59:49", "elapsed": 146.91763, "delta": 0.917939}}
{"target": 0.4435805025325813, "params": {"C": 87.78214359672165, "epsilon": 0.8543961547367269, "gamma": 0.02604550820961193, "lamda": 0.7847901364671647}, "datetime": {"datetime": "2021-09-23 17:59:50", "elapsed": 147.861797, "delta": 0.944167}}
{"target": 0.42766194952954384, "params": {"C": 30.21677949977473, "epsilon": 0.0942136218034735, "gamma": 0.009811614926181503, "lamda": 0.5396889325351261}, "datetime": {"datetime": "2021-09-23 17:59:52", "elapsed": 149.17987, "delta": 1.318073}}
{"target": 0.44137466504638445, "params": {"C": 59.84592928350612, "epsilon": 0.2234533246911586, "gamma": 0.00934100766137751, "lamda": 0.7406656943722107}, "datetime": {"datetime": "2021-09-23 17:59:53", "elapsed": 150.669519, "delta": 1.489649}}
{"target": 0.3865515267121369, "params": {"C": 31.274285606954308, "epsilon": 0.5765110373475307, "gamma": 0.09182822455012267, "lamda": 0.11933027582000558}, "datetime": {"datetime": "2021-09-23 17:59:54", "elapsed": 151.616403, "delta": 0.946884}}
{"target": 0.4433925893101671, "params": {"C": 91.89108995887801, "epsilon": 0.6071729726541681, "gamma": 0.018510090748017637, "lamda": 0.23261455850771193}, "datetime": {"datetime": "2021-09-23 17:59:55", "elapsed": 152.588573, "delta": 0.97217}}
{"target": 0.40587099001411, "params": {"C": 28.257142941057907, "epsilon": 0.11831318798322042, "gamma": 0.06427009545317008, "lamda": 0.3703201003937772}, "datetime": {"datetime": "2021-09-23 17:59:56", "elapsed": 153.528375, "delta": 0.939802}}
{"target": 0.446589586602815, "params": {"C": 91.90971617859007, "epsilon": 0.6320868181327731, "gamma": 0.011336539810640773, "lamda": 0.2788023777034103}, "datetime": {"datetime": "2021-09-23 17:59:57", "elapsed": 154.749928, "delta": 1.221553}}
{"target": 0.445456869047802, "params": {"C": 99.60198028856519, "epsilon": 0.9003112734839097, "gamma": 0.0036030737551841895, "lamda": 0.5582999691288539}, "datetime": {"datetime": "2021-09-23 17:59:58", "elapsed": 155.909495, "delta": 1.159567}}
{"target": 0.41795830168824966, "params": {"C": 42.1812162850602, "epsilon": 0.39767845163579185, "gamma": 0.04741418750237726, "lamda": 0.6171948392705627}, "datetime": {"datetime": "2021-09-23 17:59:59", "elapsed": 157.012995, "delta": 1.1035}}
{"target": 0.3725072311791988, "params": {"C": 79.83111705841793, "epsilon": 0.08924748788084597, "gamma": 0.07302554322417462, "lamda": 0.33588955037029483}, "datetime": {"datetime": "2021-09-23 18:00:00", "elapsed": 157.984217, "delta": 0.971222}}
{"target": 0.4329063289868539, "params": {"C": 99.73580781541868, "epsilon": 0.9089736574647403, "gamma": 0.025504084943204868, "lamda": 0.39268282265600163}, "datetime": {"datetime": "2021-09-23 18:00:01", "elapsed": 159.126791, "delta": 1.142574}}
{"target": 0.4226433837363587, "params": {"C": 38.27674085479386, "epsilon": 0.762922852961781, "gamma": 0.0428928242228417, "lamda": 0.974259050137411}, "datetime": {"datetime": "2021-09-23 18:00:02", "elapsed": 160.028415, "delta": 0.901624}}
{"target": 0.4505380927899111, "params": {"C": 99.73801461202162, "epsilon": 0.7514839988622762, "gamma": 0.008872488713024929, "lamda": 0.4783935047497513}, "datetime": {"datetime": "2021-09-23 18:00:04", "elapsed": 161.198034, "delta": 1.169619}}
{"target": 0.435288773772216, "params": {"C": 42.34006195737425, "epsilon": 0.3440882280206686, "gamma": 0.02722455258912516, "lamda": 0.6609765804905571}, "datetime": {"datetime": "2021-09-23 18:00:05", "elapsed": 162.812317, "delta": 1.614283}}
{"target": 0.443674502811478, "params": {"C": 88.43973961587247, "epsilon": 0.4563124938375943, "gamma": 0.017747084461407332, "lamda": 0.9514085651385402}, "datetime": {"datetime": "2021-09-23 18:00:07", "elapsed": 164.195201, "delta": 1.382884}}
{"target": 0.43787769728157944, "params": {"C": 81.56431058944669, "epsilon": 0.1575037657931489, "gamma": 0.02515973130234196, "lamda": 0.7437111533332645}, "datetime": {"datetime": "2021-09-23 18:00:08", "elapsed": 165.383947, "delta": 1.188746}}
{"target": 0.37383747822739677, "params": {"C": 56.185375382829676, "epsilon": 0.8811063944752773, "gamma": 0.0954805749952072, "lamda": 0.6655242114755994}, "datetime": {"datetime": "2021-09-23 18:00:09", "elapsed": 166.370484, "delta": 0.986537}}
{"target": 0.40390869218719017, "params": {"C": 99.72459936883193, "epsilon": 0.7496929614924989, "gamma": 0.045773751546255244, "lamda": 0.4614037759993286}, "datetime": {"datetime": "2021-09-23 18:00:10", "elapsed": 167.758104, "delta": 1.38762}}
{"target": 0.4151233257820869, "params": {"C": 93.88791657513656, "epsilon": 0.33401673848156543, "gamma": 0.038856837762557654, "lamda": 0.5256495038544011}, "datetime": {"datetime": "2021-09-23 18:00:11", "elapsed": 168.738014, "delta": 0.97991}}
{"target": 0.4333649878988617, "params": {"C": 69.31883883134844, "epsilon": 0.9029758496113561, "gamma": 0.028092168513341793, "lamda": 0.005612185818643694}, "datetime": {"datetime": "2021-09-23 18:00:12", "elapsed": 169.701454, "delta": 0.96344}}
{"target": 0.4207332700484372, "params": {"C": 69.74268636805027, "epsilon": 0.7713128169347315, "gamma": 0.038968636165679214, "lamda": 0.5113134245774554}, "datetime": {"datetime": "2021-09-23 18:00:13", "elapsed": 170.667478, "delta": 0.966024}}
{"target": 0.38268011097300003, "params": {"C": 42.28058358541412, "epsilon": 0.4266412370644468, "gamma": 0.001, "lamda": 0.5751202844211964}, "datetime": {"datetime": "2021-09-23 18:00:15", "elapsed": 172.635965, "delta": 1.968487}}
{"target": 0.4272858375427926, "params": {"C": 45.8697065242064, "epsilon": 0.13080834631528587, "gamma": 0.03109516999503564, "lamda": 0.2576181639653659}, "datetime": {"datetime": "2021-09-23 18:00:16", "elapsed": 173.787818, "delta": 1.151853}}
{"target": 0.43822188794928085, "params": {"C": 59.959215305529874, "epsilon": 0.34357290384982986, "gamma": 0.02592360780674551, "lamda": 0.7120803690576405}, "datetime": {"datetime": "2021-09-23 18:00:17", "elapsed": 174.955919, "delta": 1.168101}}
{"target": 0.4363093022149591, "params": {"C": 87.79579200930564, "epsilon": 0.877645093131195, "gamma": 0.03475290934577241, "lamda": 0.821125914236562}, "datetime": {"datetime": "2021-09-23 18:00:19", "elapsed": 176.250829, "delta": 1.29491}}
{"target": 0.4376890016017255, "params": {"C": 42.3110970103918, "epsilon": 0.5194578698287008, "gamma": 0.02492369217303399, "lamda": 0.5667851815104048}, "datetime": {"datetime": "2021-09-23 18:00:20", "elapsed": 177.761827, "delta": 1.510998}}
{"target": 0.4534029572425572, "params": {"C": 99.63788163003522, "epsilon": 0.951234715689586, "gamma": 0.005808088180046798, "lamda": 0.5883375832580372}, "datetime": {"datetime": "2021-09-23 18:00:22", "elapsed": 179.890831, "delta": 2.129004}}
{"target": 0.4289665210727862, "params": {"C": 71.99802904917777, "epsilon": 0.4480333817125035, "gamma": 0.03349153752601946, "lamda": 0.48173817881969033}, "datetime": {"datetime": "2021-09-23 18:00:24", "elapsed": 181.279837, "delta": 1.389006}}
{"target": 0.44981125930357935, "params": {"C": 88.46264591899205, "epsilon": 0.5002247041451161, "gamma": 0.01184622402717549, "lamda": 0.8967700703718525}, "datetime": {"datetime": "2021-09-23 18:00:25", "elapsed": 182.835834, "delta": 1.555997}}
{"target": 0.4134289954861886, "params": {"C": 51.33047863749562, "epsilon": 0.8650380763559703, "gamma": 0.05035276952353805, "lamda": 0.5475371006442378}, "datetime": {"datetime": "2021-09-23 18:00:26", "elapsed": 183.963871, "delta": 1.128037}}
{"target": 0.35399541548909264, "params": {"C": 86.47908029939643, "epsilon": 0.43368844799135303, "gamma": 0.09876891393162326, "lamda": 0.8528349227318847}, "datetime": {"datetime": "2021-09-23 18:00:27", "elapsed": 184.990467, "delta": 1.026596}}
{"target": 0.38578452127456164, "params": {"C": 91.90900705024549, "epsilon": 0.6677001855865701, "gamma": 0.05958296073425121, "lamda": 0.27850120322422983}, "datetime": {"datetime": "2021-09-23 18:00:29", "elapsed": 186.441448, "delta": 1.450981}}
{"target": 0.39326395797343117, "params": {"C": 75.79767847400677, "epsilon": 0.8125311661421398, "gamma": 0.06828523180366819, "lamda": 0.7272816554713769}, "datetime": {"datetime": "2021-09-23 18:00:30", "elapsed": 187.436492, "delta": 0.995044}}
{"target": 0.4075838645939377, "params": {"C": 99.76909624052597, "epsilon": 0.9621696222287175, "gamma": 0.05271866072234573, "lamda": 0.5655825171651441}, "datetime": {"datetime": "2021-09-23 18:00:31", "elapsed": 188.781348, "delta": 1.344856}}
{"target": 0.45636785360793997, "params": {"C": 99.82885870915473, "epsilon": 0.9656114569440667, "gamma": 0.017669087055196115, "lamda": 0.7459529438903387}, "datetime": {"datetime": "2021-09-23 18:00:32", "elapsed": 190.131346, "delta": 1.349998}}
{"target": 0.43165295240873436, "params": {"C": 99.78648871109927, "epsilon": 0.9493220114751029, "gamma": 0.0362242114597132, "lamda": 0.6466510539131278}, "datetime": {"datetime": "2021-09-23 18:00:34", "elapsed": 191.279405, "delta": 1.148059}}
{"target": 0.39581770255242066, "params": {"C": 24.45861231939532, "epsilon": 0.5106359171285951, "gamma": 0.08485946326559911, "lamda": 0.26004142966392946}, "datetime": {"datetime": "2021-09-23 18:00:35", "elapsed": 192.281403, "delta": 1.001998}}
{"target": 0.44142300252723676, "params": {"C": 70.24557303342709, "epsilon": 0.35339558057897835, "gamma": 0.004743689417215249, "lamda": 0.5600969840369456}, "datetime": {"datetime": "2021-09-23 18:00:36", "elapsed": 193.456728, "delta": 1.175325}}
{"target": 0.3747968021332416, "params": {"C": 38.70729378468479, "epsilon": 0.6648912204512283, "gamma": 0.001, "lamda": 0.7512803186920298}, "datetime": {"datetime": "2021-09-23 18:00:37", "elapsed": 195.00036, "delta": 1.543632}}
{"target": 0.3918755676981811, "params": {"C": 99.89803151958311, "epsilon": 0.9132105565161416, "gamma": 0.0666321661495111, "lamda": 0.6139005232669226}, "datetime": {"datetime": "2021-09-23 18:00:39", "elapsed": 196.572218, "delta": 1.571858}}
{"target": 0.3648718396982672, "params": {"C": 66.2773198643278, "epsilon": 0.211466043982564, "gamma": 0.09373429852868305, "lamda": 0.48343335720702785}, "datetime": {"datetime": "2021-09-23 18:00:40", "elapsed": 197.66034, "delta": 1.088122}}
{"target": 0.441263561868357, "params": {"C": 81.54244246175045, "epsilon": 0.18639649894984914, "gamma": 0.021518815642096234, "lamda": 0.7322307050919029}, "datetime": {"datetime": "2021-09-23 18:00:41", "elapsed": 198.904457, "delta": 1.244117}}
{"target": 0.43280951628283193, "params": {"C": 60.3734097154494, "epsilon": 0.18626428740447212, "gamma": 0.005444962735182178, "lamda": 0.5640220304689673}, "datetime": {"datetime": "2021-09-23 18:00:42", "elapsed": 199.934712, "delta": 1.030255}}
{"target": 0.4308107266522888, "params": {"C": 42.20513915743328, "epsilon": 0.38252558121901326, "gamma": 0.03175608357008616, "lamda": 0.48487679974227865}, "datetime": {"datetime": "2021-09-23 18:00:44", "elapsed": 201.726189, "delta": 1.791477}}
{"target": 0.42478468601002894, "params": {"C": 93.61923604217557, "epsilon": 0.5607648511027321, "gamma": 0.03355877851069218, "lamda": 0.2982377284092213}, "datetime": {"datetime": "2021-09-23 18:00:45", "elapsed": 202.894165, "delta": 1.167976}}
{"target": 0.45507360887772774, "params": {"C": 87.74192862225297, "epsilon": 0.8941436507297041, "gamma": 0.01665291133159162, "lamda": 0.8349083191232504}, "datetime": {"datetime": "2021-09-23 18:00:47", "elapsed": 204.241991, "delta": 1.347826}}
{"target": 0.4379825428852515, "params": {"C": 99.78565431111556, "epsilon": 0.8650265754106473, "gamma": 0.024217533915602114, "lamda": 0.4915497635705674}, "datetime": {"datetime": "2021-09-23 18:00:48", "elapsed": 205.700105, "delta": 1.458114}}
{"target": 0.3861259273812139, "params": {"C": 87.78268680804108, "epsilon": 0.8863675188274583, "gamma": 0.07658282454297966, "lamda": 0.8018467290404936}, "datetime": {"datetime": "2021-09-23 18:00:50", "elapsed": 207.350576, "delta": 1.650471}}
{"target": 0.4093619668168519, "params": {"C": 99.82985545467423, "epsilon": 0.9920858012833917, "gamma": 0.05500573373934305, "lamda": 0.656690488424988}, "datetime": {"datetime": "2021-09-23 18:00:51", "elapsed": 208.927706, "delta": 1.57713}}
{"target": 0.4162454507389194, "params": {"C": 84.73250637954978, "epsilon": 0.23582817402709716, "gamma": 0.0392772378262169, "lamda": 0.9860377591189992}, "datetime": {"datetime": "2021-09-23 18:00:52", "elapsed": 210.109075, "delta": 1.181369}}
{"target": 0.4164684227401386, "params": {"C": 91.90830699528075, "epsilon": 0.5882170006626516, "gamma": 0.001, "lamda": 0.2736357547430005}, "datetime": {"datetime": "2021-09-23 18:00:54", "elapsed": 211.854254, "delta": 1.745179}}
