{"target": 0.468224461427987, "params": {"C": 768.9474142023777, "epsilon": 0.9735738910684368, "gamma": 0.011362935492667824, "lamda": 0.6710272443820304}, "datetime": {"datetime": "2021-09-23 22:49:38", "elapsed": 459.257957, "delta": 1.869}}
{"target": 0.4687563499342515, "params": {"C": 835.5713402714334, "epsilon": 0.9863962625645899, "gamma": 0.01073287775177772, "lamda": 0.5662948909618841}, "datetime": {"datetime": "2021-09-23 22:49:41", "elapsed": 462.207037, "delta": 2.94908}}
{"target": 0.4686270510541941, "params": {"C": 871.4781815168601, "epsilon": 0.8322380371443988, "gamma": 0.009351182075732465, "lamda": 0.7914657364250994}, "datetime": {"datetime": "2021-09-23 22:49:43", "elapsed": 464.10957, "delta": 1.902533}}
{"target": 0.4672909479354712, "params": {"C": 765.0733501331675, "epsilon": 0.9952965562891092, "gamma": 0.007089504618015704, "lamda": 0.6666406148059028}, "datetime": {"datetime": "2021-09-23 22:49:45", "elapsed": 466.094302, "delta": 1.984732}}
{"target": 0.4684449749591775, "params": {"C": 861.7759480520831, "epsilon": 0.9566598768010572, "gamma": 0.010710251814804424, "lamda": 0.6891821035105427}, "datetime": {"datetime": "2021-09-23 22:49:47", "elapsed": 468.143189, "delta": 2.048887}}
{"target": 0.46751624039480855, "params": {"C": 812.8634919691385, "epsilon": 0.7674411985692753, "gamma": 0.011764432246686395, "lamda": 0.5009799103458787}, "datetime": {"datetime": "2021-09-23 22:49:49", "elapsed": 470.055712, "delta": 1.912523}}
{"target": 0.4672525481465305, "params": {"C": 810.8554420284381, "epsilon": 0.7775787568713524, "gamma": 0.00622078093350385, "lamda": 0.7147199010396466}, "datetime": {"datetime": "2021-09-23 22:49:51", "elapsed": 471.933928, "delta": 1.878216}}
{"target": 0.46813786773764066, "params": {"C": 831.9856973800438, "epsilon": 0.7019842328755181, "gamma": 0.011689903657910932, "lamda": 0.6692235183724923}, "datetime": {"datetime": "2021-09-23 22:49:53", "elapsed": 473.987762, "delta": 2.053834}}
{"target": 0.46772170160956483, "params": {"C": 845.3362897386044, "epsilon": 0.7076456532760252, "gamma": 0.006078572937841619, "lamda": 0.6901408432153344}, "datetime": {"datetime": "2021-09-23 22:49:55", "elapsed": 476.154513, "delta": 2.166751}}
{"target": 0.4683223978983171, "params": {"C": 857.1356089413056, "epsilon": 0.8299857072886688, "gamma": 0.006972945698972192, "lamda": 0.6517140041328635}, "datetime": {"datetime": "2021-09-23 22:49:57", "elapsed": 478.63561, "delta": 2.481097}}
{"target": 0.46796303147901674, "params": {"C": 813.6988223891026, "epsilon": 0.7381256791823784, "gamma": 0.006207971999350386, "lamda": 0.6516334398253476}, "datetime": {"datetime": "2021-09-23 22:50:00", "elapsed": 480.828568, "delta": 2.192958}}
{"target": 0.4684801913271849, "params": {"C": 786.4942433134053, "epsilon": 0.868167203827696, "gamma": 0.01115258034461335, "lamda": 0.5229102719247151}, "datetime": {"datetime": "2021-09-23 22:50:03", "elapsed": 483.919476, "delta": 3.090908}}
{"target": 0.4688483179123967, "params": {"C": 890.2246570771313, "epsilon": 0.810128249207227, "gamma": 0.010586926522675514, "lamda": 0.6863767089974239}, "datetime": {"datetime": "2021-09-23 22:50:05", "elapsed": 486.294215, "delta": 2.374739}}
{"target": 0.46842775619897614, "params": {"C": 795.4412892806091, "epsilon": 0.9992340542170322, "gamma": 0.010788954661927194, "lamda": 0.656537527503924}, "datetime": {"datetime": "2021-09-23 22:50:09", "elapsed": 490.024222, "delta": 3.730007}}
{"target": 0.4667162294545776, "params": {"C": 832.6128186654712, "epsilon": 0.8352300385039755, "gamma": 0.00632537446523534, "lamda": 0.7440941729696501}, "datetime": {"datetime": "2021-09-23 22:50:11", "elapsed": 491.952554, "delta": 1.928332}}
{"target": 0.4690794082506268, "params": {"C": 886.2775243066958, "epsilon": 0.7099572183752715, "gamma": 0.008368282737169962, "lamda": 0.7883717067077627}, "datetime": {"datetime": "2021-09-23 22:50:13", "elapsed": 494.673581, "delta": 2.721027}}
{"target": 0.4693795217901643, "params": {"C": 890.3325296660412, "epsilon": 0.938404838118679, "gamma": 0.008719646190409606, "lamda": 0.5358483471610859}, "datetime": {"datetime": "2021-09-23 22:50:16", "elapsed": 497.018408, "delta": 2.344827}}
{"target": 0.4677553021033204, "params": {"C": 777.6208707662906, "epsilon": 0.8050790538902399, "gamma": 0.011962600870394142, "lamda": 0.5492368428075067}, "datetime": {"datetime": "2021-09-23 22:50:18", "elapsed": 498.99923, "delta": 1.980822}}
{"target": 0.4690639906895875, "params": {"C": 887.5744267161119, "epsilon": 0.8785695000052558, "gamma": 0.010086945098826015, "lamda": 0.612525136984897}, "datetime": {"datetime": "2021-09-23 22:50:20", "elapsed": 501.064653, "delta": 2.065423}}
{"target": 0.46922078442533754, "params": {"C": 814.892968337892, "epsilon": 0.7636122179395475, "gamma": 0.009880396475141728, "lamda": 0.6584732806474997}, "datetime": {"datetime": "2021-09-23 22:50:22", "elapsed": 503.063562, "delta": 1.998909}}
{"target": 0.469661722380042, "params": {"C": 820.2112242286674, "epsilon": 0.7480843723719918, "gamma": 0.008287354621570304, "lamda": 0.5312884948903336}, "datetime": {"datetime": "2021-09-23 22:50:24", "elapsed": 505.298751, "delta": 2.235189}}
{"target": 0.46835177838913755, "params": {"C": 891.8608619138143, "epsilon": 0.9265607536867919, "gamma": 0.01009488469855701, "lamda": 0.7571600226010533}, "datetime": {"datetime": "2021-09-23 22:50:26", "elapsed": 507.289226, "delta": 1.990475}}
{"target": 0.4687181133981869, "params": {"C": 777.5803826944904, "epsilon": 0.7195784797410263, "gamma": 0.010909421212673848, "lamda": 0.7740990933808869}, "datetime": {"datetime": "2021-09-23 22:50:28", "elapsed": 509.485427, "delta": 2.196201}}
{"target": 0.4687561901492182, "params": {"C": 842.1465357609301, "epsilon": 0.7714056455332405, "gamma": 0.010879514068364403, "lamda": 0.6339289526459084}, "datetime": {"datetime": "2021-09-23 22:50:31", "elapsed": 512.648301, "delta": 3.162874}}
{"target": 0.4681592318224317, "params": {"C": 789.0538577841045, "epsilon": 0.8879496515255599, "gamma": 0.006345848746803813, "lamda": 0.536065576792188}, "datetime": {"datetime": "2021-09-23 22:50:33", "elapsed": 514.648735, "delta": 2.000434}}
{"target": 0.4677507662205975, "params": {"C": 825.0387491635056, "epsilon": 0.9890074868815666, "gamma": 0.011411579715767468, "lamda": 0.7688003203709443}, "datetime": {"datetime": "2021-09-23 22:50:36", "elapsed": 517.091282, "delta": 2.442547}}
{"target": 0.46946685504999697, "params": {"C": 803.7157091687249, "epsilon": 0.713438889416901, "gamma": 0.007797433938244636, "lamda": 0.6268481026910082}, "datetime": {"datetime": "2021-09-23 22:50:38", "elapsed": 519.106772, "delta": 2.01549}}
{"target": 0.4666071114241461, "params": {"C": 871.5068819820519, "epsilon": 0.9172125737709492, "gamma": 0.0067857950902437784, "lamda": 0.755929611821144}, "datetime": {"datetime": "2021-09-23 22:50:41", "elapsed": 522.449335, "delta": 3.342563}}
{"target": 0.4691019165234671, "params": {"C": 829.3512084506518, "epsilon": 0.9367694131669921, "gamma": 0.009069892205631203, "lamda": 0.6062251425516566}, "datetime": {"datetime": "2021-09-23 22:50:44", "elapsed": 525.521547, "delta": 3.072212}}
{"target": 0.46875390530630634, "params": {"C": 820.9871394533476, "epsilon": 0.9840093482031416, "gamma": 0.009916185772542045, "lamda": 0.6383187041196337}, "datetime": {"datetime": "2021-09-23 22:50:48", "elapsed": 528.73373, "delta": 3.212183}}
{"target": 0.46771014033474356, "params": {"C": 884.3423968272809, "epsilon": 0.8209185894032995, "gamma": 0.006817534689809938, "lamda": 0.719903152374294}, "datetime": {"datetime": "2021-09-23 22:50:50", "elapsed": 530.854365, "delta": 2.120635}}
{"target": 0.46900878035139504, "params": {"C": 891.6284511004541, "epsilon": 0.759380969054743, "gamma": 0.010384616695896305, "lamda": 0.5931407085463685}, "datetime": {"datetime": "2021-09-23 22:50:53", "elapsed": 534.333942, "delta": 3.479577}}
{"target": 0.4695927854637938, "params": {"C": 789.014142280686, "epsilon": 0.7707996498403167, "gamma": 0.008170738383905765, "lamda": 0.5579146724295796}, "datetime": {"datetime": "2021-09-23 22:50:56", "elapsed": 536.73915, "delta": 2.405208}}
{"target": 0.46849787945770793, "params": {"C": 752.9792515521532, "epsilon": 0.8476770139207881, "gamma": 0.010603297687367091, "lamda": 0.7772915965635903}, "datetime": {"datetime": "2021-09-23 22:50:58", "elapsed": 539.605416, "delta": 2.866266}}
{"target": 0.46838641517767865, "params": {"C": 841.5469451348324, "epsilon": 0.9803642216490209, "gamma": 0.008752625369283019, "lamda": 0.68410307911066}, "datetime": {"datetime": "2021-09-23 22:51:02", "elapsed": 542.729959, "delta": 3.124543}}
{"target": 0.4685211785516449, "params": {"C": 857.9287548881096, "epsilon": 0.7099812559058472, "gamma": 0.0071669888296142376, "lamda": 0.762579969111605}, "datetime": {"datetime": "2021-09-23 22:51:05", "elapsed": 546.096246, "delta": 3.366287}}
{"target": 0.46853807687593496, "params": {"C": 839.1249904581455, "epsilon": 0.9784676657269837, "gamma": 0.011171757562370665, "lamda": 0.5025025693457816}, "datetime": {"datetime": "2021-09-23 22:51:09", "elapsed": 549.971829, "delta": 3.875583}}
{"target": 0.4690980253786311, "params": {"C": 872.1390858985794, "epsilon": 0.9197681637592414, "gamma": 0.009489020386542871, "lamda": 0.6163564067710533}, "datetime": {"datetime": "2021-09-23 22:51:11", "elapsed": 552.483709, "delta": 2.51188}}
{"target": 0.46930878056322, "params": {"C": 835.106741910679, "epsilon": 0.8433823566717947, "gamma": 0.008120578142142143, "lamda": 0.5927827604341198}, "datetime": {"datetime": "2021-09-23 22:51:13", "elapsed": 554.557326, "delta": 2.073617}}
{"target": 0.46879454757701733, "params": {"C": 890.4037485956076, "epsilon": 0.7845848758014935, "gamma": 0.008037152079194417, "lamda": 0.7392050793002234}, "datetime": {"datetime": "2021-09-23 22:51:16", "elapsed": 556.763598, "delta": 2.206272}}
{"target": 0.46744588409000565, "params": {"C": 838.1495175514453, "epsilon": 0.8560278621536548, "gamma": 0.00692031862785936, "lamda": 0.7346847052015038}, "datetime": {"datetime": "2021-09-23 22:51:18", "elapsed": 558.965785, "delta": 2.202187}}
{"target": 0.46809296302839287, "params": {"C": 761.8407571829661, "epsilon": 0.9342335511826667, "gamma": 0.009777576584613812, "lamda": 0.794027424636121}, "datetime": {"datetime": "2021-09-23 22:51:20", "elapsed": 561.046999, "delta": 2.081214}}
{"target": 0.4691646692580226, "params": {"C": 897.9853695092186, "epsilon": 0.7798460769371425, "gamma": 0.010099737760361476, "lamda": 0.5860727237410028}, "datetime": {"datetime": "2021-09-23 22:51:23", "elapsed": 563.686146, "delta": 2.639147}}
{"target": 0.46868893971369296, "params": {"C": 759.2749758669089, "epsilon": 0.9958297711420028, "gamma": 0.009464592826880489, "lamda": 0.6469018367156308}, "datetime": {"datetime": "2021-09-23 22:51:26", "elapsed": 566.925143, "delta": 3.238997}}
{"target": 0.46833778709315366, "params": {"C": 894.7905301115636, "epsilon": 0.9935847474088524, "gamma": 0.006705412492997458, "lamda": 0.5063207755954205}, "datetime": {"datetime": "2021-09-23 22:51:28", "elapsed": 569.194665, "delta": 2.269522}}
{"target": 0.4687340491154808, "params": {"C": 854.7513745566331, "epsilon": 0.7774720035522876, "gamma": 0.010761040610251744, "lamda": 0.5638528987248601}, "datetime": {"datetime": "2021-09-23 22:51:31", "elapsed": 572.242104, "delta": 3.047439}}
{"target": 0.46823951641953687, "params": {"C": 887.3021390075722, "epsilon": 0.9934276954233259, "gamma": 0.008575424623991407, "lamda": 0.6856255772908808}, "datetime": {"datetime": "2021-09-23 22:51:34", "elapsed": 574.703173, "delta": 2.461069}}
{"target": 0.468840449088085, "params": {"C": 750.6818581246097, "epsilon": 0.9411344351406864, "gamma": 0.010544555217554935, "lamda": 0.5938435649152478}, "datetime": {"datetime": "2021-09-23 22:51:36", "elapsed": 577.084908, "delta": 2.381735}}
{"target": 0.46835833151445516, "params": {"C": 849.8775484028868, "epsilon": 0.9591012403480819, "gamma": 0.009430526124792254, "lamda": 0.7267203621318017}, "datetime": {"datetime": "2021-09-23 22:51:38", "elapsed": 579.204487, "delta": 2.119579}}
{"target": 0.46901110650818423, "params": {"C": 845.9431212261434, "epsilon": 0.885153301568389, "gamma": 0.00954072508725071, "lamda": 0.6625829636639178}, "datetime": {"datetime": "2021-09-23 22:51:40", "elapsed": 581.555855, "delta": 2.351368}}
{"target": 0.4668157831593449, "params": {"C": 763.752121129164, "epsilon": 0.9828801503051732, "gamma": 0.0067871619369956285, "lamda": 0.6857724886390273}, "datetime": {"datetime": "2021-09-23 22:51:43", "elapsed": 584.194895, "delta": 2.63904}}
{"target": 0.46783961538282015, "params": {"C": 840.5395381643739, "epsilon": 0.8995399667192798, "gamma": 0.006023064617334414, "lamda": 0.5136809124175921}, "datetime": {"datetime": "2021-09-23 22:51:46", "elapsed": 587.316778, "delta": 3.121883}}
{"target": 0.46848991586442834, "params": {"C": 852.8067255252575, "epsilon": 0.833336501111795, "gamma": 0.010570057698231789, "lamda": 0.7962331454930891}, "datetime": {"datetime": "2021-09-23 22:51:48", "elapsed": 589.656636, "delta": 2.339858}}
{"target": 0.4692825391218308, "params": {"C": 758.8888062860229, "epsilon": 0.7020227162324166, "gamma": 0.009611330735064174, "lamda": 0.5485832632472701}, "datetime": {"datetime": "2021-09-23 22:51:51", "elapsed": 592.189058, "delta": 2.532422}}
{"target": 0.46878302207945377, "params": {"C": 753.8639504387381, "epsilon": 0.8698800924566997, "gamma": 0.009230116287626135, "lamda": 0.7244874585392505}, "datetime": {"datetime": "2021-09-23 22:51:54", "elapsed": 595.344179, "delta": 3.155121}}
{"target": 0.46658243939569877, "params": {"C": 879.4397760566204, "epsilon": 0.9361648435132103, "gamma": 0.00666628148003484, "lamda": 0.7266712944091505}, "datetime": {"datetime": "2021-09-23 22:51:56", "elapsed": 597.428355, "delta": 2.084176}}
{"target": 0.46751752782048484, "params": {"C": 884.6556170097675, "epsilon": 0.7425055514060153, "gamma": 0.006558223186774258, "lamda": 0.7780692772852105}, "datetime": {"datetime": "2021-09-23 22:51:59", "elapsed": 599.72615, "delta": 2.297795}}
{"target": 0.46608944648382855, "params": {"C": 883.4885406512539, "epsilon": 0.9927395963893424, "gamma": 0.007162403727959722, "lamda": 0.7925004406545197}, "datetime": {"datetime": "2021-09-23 22:52:03", "elapsed": 603.809, "delta": 4.08285}}
{"target": 0.4683146610927439, "params": {"C": 757.8291224878338, "epsilon": 0.8014903283568923, "gamma": 0.011327660748953704, "lamda": 0.5534078840885532}, "datetime": {"datetime": "2021-09-23 22:52:05", "elapsed": 606.044482, "delta": 2.235482}}
{"target": 0.46764098354059846, "params": {"C": 799.3885783814534, "epsilon": 0.8434505360471336, "gamma": 0.007354801832158706, "lamda": 0.7796696904691582}, "datetime": {"datetime": "2021-09-23 22:52:08", "elapsed": 609.485186, "delta": 3.440704}}
{"target": 0.4680157771015171, "params": {"C": 802.1607323604852, "epsilon": 0.9769617126621353, "gamma": 0.00864851744157034, "lamda": 0.7303688175202953}, "datetime": {"datetime": "2021-09-23 22:52:11", "elapsed": 611.894681, "delta": 2.409495}}
{"target": 0.4692832768989559, "params": {"C": 846.3378908713364, "epsilon": 0.7054525769201533, "gamma": 0.009725051814308617, "lamda": 0.5732404545634144}, "datetime": {"datetime": "2021-09-23 22:52:13", "elapsed": 614.061837, "delta": 2.167156}}
{"target": 0.4686676494196764, "params": {"C": 842.2208896488494, "epsilon": 0.8944934771770408, "gamma": 0.0076845905880950985, "lamda": 0.6343936726705341}, "datetime": {"datetime": "2021-09-23 22:52:15", "elapsed": 616.386742, "delta": 2.324905}}
{"target": 0.4681873184855232, "params": {"C": 791.4528535687228, "epsilon": 0.9211723585177318, "gamma": 0.007875944521864452, "lamda": 0.6975932041959625}, "datetime": {"datetime": "2021-09-23 22:52:18", "elapsed": 618.800195, "delta": 2.413453}}
{"target": 0.4696716583005398, "params": {"C": 777.1855859701255, "epsilon": 0.7263753510454062, "gamma": 0.007972445732406769, "lamda": 0.5088495861910168}, "datetime": {"datetime": "2021-09-23 22:52:20", "elapsed": 621.350656, "delta": 2.550461}}
{"target": 0.4694527561646846, "params": {"C": 814.4101946472957, "epsilon": 0.7100479289593538, "gamma": 0.007897581880807683, "lamda": 0.6472961619031512}, "datetime": {"datetime": "2021-09-23 22:52:23", "elapsed": 623.766532, "delta": 2.415876}}
{"target": 0.467775383430033, "params": {"C": 853.5467323073824, "epsilon": 0.7265316245614457, "gamma": 0.006378344319059161, "lamda": 0.7263896853442973}, "datetime": {"datetime": "2021-09-23 22:52:25", "elapsed": 626.124021, "delta": 2.357489}}
{"target": 0.46870983005011213, "params": {"C": 849.6583327344033, "epsilon": 0.8328598585308884, "gamma": 0.006777453790027273, "lamda": 0.5605152945634211}, "datetime": {"datetime": "2021-09-23 22:52:28", "elapsed": 628.78947, "delta": 2.665449}}
{"target": 0.4694284376698342, "params": {"C": 865.3260005303139, "epsilon": 0.7285603465831256, "gamma": 0.008318830460559664, "lamda": 0.6699234687734047}, "datetime": {"datetime": "2021-09-23 22:52:30", "elapsed": 631.407654, "delta": 2.618184}}
{"target": 0.46899064591368955, "params": {"C": 809.9851356637614, "epsilon": 0.9568979228189296, "gamma": 0.008199760667053937, "lamda": 0.5814944169227064}, "datetime": {"datetime": "2021-09-23 22:52:33", "elapsed": 633.697375, "delta": 2.289721}}
{"target": 0.468810420271639, "params": {"C": 830.0465488761862, "epsilon": 0.7716144236763509, "gamma": 0.010577025507922758, "lamda": 0.5479619797988907}, "datetime": {"datetime": "2021-09-23 22:52:35", "elapsed": 636.36601, "delta": 2.668635}}
{"target": 0.4681321176771207, "params": {"C": 868.7359191161947, "epsilon": 0.7204398467874608, "gamma": 0.01141112829501004, "lamda": 0.5811332192415725}, "datetime": {"datetime": "2021-09-23 22:52:38", "elapsed": 639.472127, "delta": 3.106117}}
{"target": 0.4694355430712548, "params": {"C": 753.6006450399524, "epsilon": 0.7524620778676049, "gamma": 0.009399805098934734, "lamda": 0.5524219516449913}, "datetime": {"datetime": "2021-09-23 22:52:41", "elapsed": 641.676409, "delta": 2.204282}}
{"target": 0.4684798769867127, "params": {"C": 893.4184540348441, "epsilon": 0.8327169101388759, "gamma": 0.011082798625387882, "lamda": 0.5259593206083801}, "datetime": {"datetime": "2021-09-23 22:52:43", "elapsed": 644.449314, "delta": 2.772905}}
{"target": 0.4685243728143502, "params": {"C": 764.5980703267318, "epsilon": 0.9907124900953996, "gamma": 0.011088060444614127, "lamda": 0.5964819427865375}, "datetime": {"datetime": "2021-09-23 22:52:46", "elapsed": 646.998491, "delta": 2.549177}}
{"target": 0.4679158231857634, "params": {"C": 820.4438034417426, "epsilon": 0.9557482684486291, "gamma": 0.008476742952868786, "lamda": 0.7494677793167406}, "datetime": {"datetime": "2021-09-23 22:52:48", "elapsed": 649.48773, "delta": 2.489239}}
{"target": 0.46912783833555627, "params": {"C": 834.3594343848513, "epsilon": 0.7512176664024753, "gamma": 0.008264776149865751, "lamda": 0.7249437363718868}, "datetime": {"datetime": "2021-09-23 22:52:51", "elapsed": 651.803371, "delta": 2.315641}}
{"target": 0.46717369127482644, "params": {"C": 836.7417367880211, "epsilon": 0.977158750660681, "gamma": 0.00717929995676447, "lamda": 0.7013671585572447}, "datetime": {"datetime": "2021-09-23 22:52:54", "elapsed": 654.852661, "delta": 3.04929}}
{"target": 0.46911848423687064, "params": {"C": 845.2538848239168, "epsilon": 0.9538246108572974, "gamma": 0.008917601461255663, "lamda": 0.5893895480094267}, "datetime": {"datetime": "2021-09-23 22:52:56", "elapsed": 657.564165, "delta": 2.711504}}
{"target": 0.46918932157887006, "params": {"C": 865.9406758010717, "epsilon": 0.713596644249282, "gamma": 0.009930970041700016, "lamda": 0.5752902302747444}, "datetime": {"datetime": "2021-09-23 22:52:59", "elapsed": 660.301595, "delta": 2.73743}}
{"target": 0.4679735541314033, "params": {"C": 839.8372538567901, "epsilon": 0.8174424926971249, "gamma": 0.0065423317571879965, "lamda": 0.6447441173665635}, "datetime": {"datetime": "2021-09-23 22:53:03", "elapsed": 664.263144, "delta": 3.961549}}
{"target": 0.4692064942876416, "params": {"C": 858.1212190786206, "epsilon": 0.7326063676298075, "gamma": 0.009606053089696275, "lamda": 0.7348555890055818}, "datetime": {"datetime": "2021-09-23 22:53:06", "elapsed": 667.128714, "delta": 2.86557}}
{"target": 0.4681202112908406, "params": {"C": 764.2746309223015, "epsilon": 0.8362330909085176, "gamma": 0.01167577323678937, "lamda": 0.7718084802183374}, "datetime": {"datetime": "2021-09-23 22:53:08", "elapsed": 669.576956, "delta": 2.448242}}
{"target": 0.4694005970373337, "params": {"C": 894.8624734498328, "epsilon": 0.7443525383972237, "gamma": 0.00948430551801107, "lamda": 0.5543583735792234}, "datetime": {"datetime": "2021-09-23 22:53:12", "elapsed": 672.897465, "delta": 3.320509}}
{"target": 0.46812640160991303, "params": {"C": 800.3123327371763, "epsilon": 0.8341879488460693, "gamma": 0.011776328592653585, "lamda": 0.5984375611218593}, "datetime": {"datetime": "2021-09-23 22:53:15", "elapsed": 676.5228, "delta": 3.625335}}
{"target": 0.4687766373852782, "params": {"C": 850.8129261180444, "epsilon": 0.751887831169868, "gamma": 0.010667885164642898, "lamda": 0.7675959492146344}, "datetime": {"datetime": "2021-09-23 22:53:18", "elapsed": 679.171511, "delta": 2.648711}}
{"target": 0.4691028754917075, "params": {"C": 874.2443338909025, "epsilon": 0.7368680820731635, "gamma": 0.008652680365539159, "lamda": 0.7687266671005746}, "datetime": {"datetime": "2021-09-23 22:53:20", "elapsed": 681.521784, "delta": 2.350273}}
{"target": 0.4676427106726585, "params": {"C": 846.8084076502035, "epsilon": 0.7996954569611265, "gamma": 0.0066961687955728435, "lamda": 0.7292520607590967}, "datetime": {"datetime": "2021-09-23 22:53:23", "elapsed": 684.220218, "delta": 2.698434}}
