{"target": 0.46836128975778835, "params": {"C": 700.329757953279, "epsilon": 0.8758119943441502, "gamma": 0.008314308659796798, "lamda": 0.7456262509481468}, "datetime": {"datetime": "2021-09-23 22:26:13", "elapsed": 311.812969, "delta": 1.432331}}
{"target": 0.46836078793527425, "params": {"C": 744.5542591471734, "epsilon": 0.9491208264420138, "gamma": 0.011455833875598743, "lamda": 0.6070737633354815}, "datetime": {"datetime": "2021-09-23 22:26:15", "elapsed": 313.410793, "delta": 1.597824}}
{"target": 0.4675642390692881, "params": {"C": 730.3530282163299, "epsilon": 0.8463680614558888, "gamma": 0.006950065593141748, "lamda": 0.7333164558450211}, "datetime": {"datetime": "2021-09-23 22:26:17", "elapsed": 315.2319, "delta": 1.821107}}
{"target": 0.4681619927596611, "params": {"C": 744.5645716038084, "epsilon": 0.9007450595537377, "gamma": 0.011453993982117276, "lamda": 0.7376454617107195}, "datetime": {"datetime": "2021-09-23 22:26:18", "elapsed": 316.648634, "delta": 1.416734}}
{"target": 0.4674147972052066, "params": {"C": 736.4550536703262, "epsilon": 0.994612683300057, "gamma": 0.011893199309135825, "lamda": 0.798379993212391}, "datetime": {"datetime": "2021-09-23 22:26:21", "elapsed": 319.354331, "delta": 2.705697}}
{"target": 0.46836418485480014, "params": {"C": 788.5336226119342, "epsilon": 0.7581334146020338, "gamma": 0.006480696726142743, "lamda": 0.6241849246111132}, "datetime": {"datetime": "2021-09-23 22:26:23", "elapsed": 321.304672, "delta": 1.950341}}
{"target": 0.4692132837778372, "params": {"C": 702.9735997683877, "epsilon": 0.7577077538892625, "gamma": 0.007881575997328912, "lamda": 0.6673010050775505}, "datetime": {"datetime": "2021-09-23 22:26:24", "elapsed": 322.846265, "delta": 1.541593}}
{"target": 0.46825500323343894, "params": {"C": 681.4004724633372, "epsilon": 0.8978044016614819, "gamma": 0.01160586324365274, "lamda": 0.5580440770191009}, "datetime": {"datetime": "2021-09-23 22:26:26", "elapsed": 324.900394, "delta": 2.054129}}
{"target": 0.46844774376546794, "params": {"C": 726.5974400130997, "epsilon": 0.9577355467781281, "gamma": 0.011328709019955387, "lamda": 0.526462464923629}, "datetime": {"datetime": "2021-09-23 22:26:28", "elapsed": 326.2768, "delta": 1.376406}}
{"target": 0.4680058822312104, "params": {"C": 754.0466550741623, "epsilon": 0.897290682715094, "gamma": 0.011970471356634465, "lamda": 0.578460787163876}, "datetime": {"datetime": "2021-09-23 22:26:30", "elapsed": 328.153418, "delta": 1.876618}}
{"target": 0.46889856476306246, "params": {"C": 794.35818841341, "epsilon": 0.7485116796114192, "gamma": 0.010582273670254501, "lamda": 0.7147039839130264}, "datetime": {"datetime": "2021-09-23 22:26:32", "elapsed": 330.029961, "delta": 1.876543}}
{"target": 0.4690383402129783, "params": {"C": 755.7741224466454, "epsilon": 0.8099487279133317, "gamma": 0.007945951471526371, "lamda": 0.6630820832125678}, "datetime": {"datetime": "2021-09-23 22:26:34", "elapsed": 331.979778, "delta": 1.949817}}
{"target": 0.4686664682000464, "params": {"C": 715.9454753973481, "epsilon": 0.9743505508116124, "gamma": 0.01084752830120642, "lamda": 0.5928685560431408}, "datetime": {"datetime": "2021-09-23 22:26:35", "elapsed": 333.3594, "delta": 1.379622}}
{"target": 0.4679825205054966, "params": {"C": 654.2149933016051, "epsilon": 0.9344947359810544, "gamma": 0.011866429755826994, "lamda": 0.5101874332662447}, "datetime": {"datetime": "2021-09-23 22:26:36", "elapsed": 334.729411, "delta": 1.370011}}
{"target": 0.46756082321859194, "params": {"C": 733.0727896648889, "epsilon": 0.9836250171099059, "gamma": 0.011882093071397166, "lamda": 0.7774777642516378}, "datetime": {"datetime": "2021-09-23 22:26:39", "elapsed": 337.4838, "delta": 2.754389}}
{"target": 0.4685913072601151, "params": {"C": 707.5259469105855, "epsilon": 0.7980255495013139, "gamma": 0.011153857196910416, "lamda": 0.6800722613343261}, "datetime": {"datetime": "2021-09-23 22:26:41", "elapsed": 339.304902, "delta": 1.821102}}
{"target": 0.46846501835621346, "params": {"C": 696.4463505407012, "epsilon": 0.8642419167205789, "gamma": 0.00819838549250319, "lamda": 0.7320113966900516}, "datetime": {"datetime": "2021-09-23 22:26:43", "elapsed": 341.481133, "delta": 2.176231}}
{"target": 0.4681876213810998, "params": {"C": 732.4447166022558, "epsilon": 0.9990817709672479, "gamma": 0.008118563089421101, "lamda": 0.6599168879967291}, "datetime": {"datetime": "2021-09-23 22:26:45", "elapsed": 343.728426, "delta": 2.247293}}
{"target": 0.46844493180912194, "params": {"C": 682.9355323837243, "epsilon": 0.7941843661250638, "gamma": 0.00653312896157933, "lamda": 0.5912491539283304}, "datetime": {"datetime": "2021-09-23 22:26:47", "elapsed": 345.611149, "delta": 1.882723}}
{"target": 0.4664573992545601, "params": {"C": 755.2306915230332, "epsilon": 0.9715286288749534, "gamma": 0.006827435083971401, "lamda": 0.7333087568519272}, "datetime": {"datetime": "2021-09-23 22:26:49", "elapsed": 347.074044, "delta": 1.462895}}
{"target": 0.4688668232240516, "params": {"C": 685.4987743259209, "epsilon": 0.9444296263989133, "gamma": 0.008468971127098242, "lamda": 0.6246651433020521}, "datetime": {"datetime": "2021-09-23 22:26:50", "elapsed": 348.698662, "delta": 1.624618}}
{"target": 0.4693212958478101, "params": {"C": 702.2336134089385, "epsilon": 0.8907517385506311, "gamma": 0.008698779861402337, "lamda": 0.5822005088763662}, "datetime": {"datetime": "2021-09-23 22:26:52", "elapsed": 350.908442, "delta": 2.20978}}
{"target": 0.4681478400084992, "params": {"C": 705.7237684649293, "epsilon": 0.9350359337732126, "gamma": 0.010550934602848215, "lamda": 0.777536231824635}, "datetime": {"datetime": "2021-09-23 22:26:54", "elapsed": 352.659276, "delta": 1.750834}}
{"target": 0.4692787141540208, "params": {"C": 667.2453218248357, "epsilon": 0.9084055976143928, "gamma": 0.009280147571250267, "lamda": 0.5782519206299939}, "datetime": {"datetime": "2021-09-23 22:26:56", "elapsed": 354.248778, "delta": 1.589502}}
{"target": 0.46779390469295046, "params": {"C": 689.5371502974823, "epsilon": 0.9738235622296677, "gamma": 0.008282938438480048, "lamda": 0.7370994575292672}, "datetime": {"datetime": "2021-09-23 22:26:57", "elapsed": 355.87959, "delta": 1.630812}}
{"target": 0.4692725807092427, "params": {"C": 683.3918989197118, "epsilon": 0.7388002770023829, "gamma": 0.009854101086260331, "lamda": 0.6363478262718923}, "datetime": {"datetime": "2021-09-23 22:27:01", "elapsed": 359.355628, "delta": 3.476038}}
{"target": 0.46877143256931486, "params": {"C": 651.1430247208382, "epsilon": 0.780914428244346, "gamma": 0.010820471859264527, "lamda": 0.6941144854827267}, "datetime": {"datetime": "2021-09-23 22:27:03", "elapsed": 361.199418, "delta": 1.84379}}
{"target": 0.4688289458753081, "params": {"C": 660.8201331676498, "epsilon": 0.8418076654010735, "gamma": 0.010690382517907982, "lamda": 0.6408060170697132}, "datetime": {"datetime": "2021-09-23 22:27:05", "elapsed": 363.218087, "delta": 2.018669}}
{"target": 0.4691661541894212, "params": {"C": 709.5007440018909, "epsilon": 0.7966422548020007, "gamma": 0.009833521569363582, "lamda": 0.6674246119421159}, "datetime": {"datetime": "2021-09-23 22:27:06", "elapsed": 364.72651, "delta": 1.508423}}
{"target": 0.4683614510979366, "params": {"C": 682.2662284525161, "epsilon": 0.9185222624165329, "gamma": 0.010237531466202293, "lamda": 0.7593501827087481}, "datetime": {"datetime": "2021-09-23 22:27:08", "elapsed": 366.699028, "delta": 1.972518}}
{"target": 0.4694071172010156, "params": {"C": 728.6620617731337, "epsilon": 0.7478770047980787, "gamma": 0.009451848390733552, "lamda": 0.6269802149580942}, "datetime": {"datetime": "2021-09-23 22:27:10", "elapsed": 368.392537, "delta": 1.693509}}
{"target": 0.46917865899003397, "params": {"C": 658.1175771781691, "epsilon": 0.8399990516596074, "gamma": 0.008936371523796477, "lamda": 0.6603564680551134}, "datetime": {"datetime": "2021-09-23 22:27:12", "elapsed": 370.162355, "delta": 1.769818}}
{"target": 0.46822808224874823, "params": {"C": 665.8368824393011, "epsilon": 0.7996255336842273, "gamma": 0.011707401134491565, "lamda": 0.653735906431972}, "datetime": {"datetime": "2021-09-23 22:27:13", "elapsed": 371.683615, "delta": 1.52126}}
{"target": 0.4693380936274911, "params": {"C": 710.5357334134659, "epsilon": 0.80603710721572, "gamma": 0.009018943755726498, "lamda": 0.6421902829427799}, "datetime": {"datetime": "2021-09-23 22:27:15", "elapsed": 373.414735, "delta": 1.73112}}
{"target": 0.46914433469108774, "params": {"C": 736.5864990230041, "epsilon": 0.9881526286960431, "gamma": 0.008487871327263072, "lamda": 0.5506967308592795}, "datetime": {"datetime": "2021-09-23 22:27:17", "elapsed": 375.02862, "delta": 1.613885}}
{"target": 0.4686125110327265, "params": {"C": 704.165324199358, "epsilon": 0.919855139524269, "gamma": 0.009927699645693643, "lamda": 0.7149501353292189}, "datetime": {"datetime": "2021-09-23 22:27:19", "elapsed": 377.613433, "delta": 2.584813}}
{"target": 0.46913116687201073, "params": {"C": 688.9424511050132, "epsilon": 0.9825947249158782, "gamma": 0.008812720717396298, "lamda": 0.5667272020837941}, "datetime": {"datetime": "2021-09-23 22:27:21", "elapsed": 379.445032, "delta": 1.831599}}
{"target": 0.4692611062224432, "params": {"C": 655.2377383932549, "epsilon": 0.9731961699879098, "gamma": 0.007915695429644182, "lamda": 0.5062837171025776}, "datetime": {"datetime": "2021-09-23 22:27:23", "elapsed": 381.114069, "delta": 1.669037}}
{"target": 0.46790978611743483, "params": {"C": 683.9657086834579, "epsilon": 0.7064342150535421, "gamma": 0.011582959550161746, "lamda": 0.5782701601263733}, "datetime": {"datetime": "2021-09-23 22:27:25", "elapsed": 383.01507, "delta": 1.901001}}
{"target": 0.4686103911995311, "params": {"C": 765.0936115353062, "epsilon": 0.9628069068525295, "gamma": 0.010146519184214645, "lamda": 0.6761214343381943}, "datetime": {"datetime": "2021-09-23 22:27:26", "elapsed": 384.511099, "delta": 1.496029}}
{"target": 0.468878355053411, "params": {"C": 732.9888304890114, "epsilon": 0.8930526061351706, "gamma": 0.010643130610611493, "lamda": 0.5486697842311217}, "datetime": {"datetime": "2021-09-23 22:27:28", "elapsed": 386.031352, "delta": 1.520253}}
{"target": 0.4688391719778947, "params": {"C": 784.0175382479163, "epsilon": 0.9762835583515439, "gamma": 0.00862166252729107, "lamda": 0.6147525039878121}, "datetime": {"datetime": "2021-09-23 22:27:31", "elapsed": 388.98215, "delta": 2.950798}}
{"target": 0.4685211730366641, "params": {"C": 703.8595750387849, "epsilon": 0.9675757222826336, "gamma": 0.010446315628752792, "lamda": 0.6792295705145719}, "datetime": {"datetime": "2021-09-23 22:27:32", "elapsed": 390.383876, "delta": 1.401726}}
{"target": 0.4689652309343011, "params": {"C": 716.8291303710345, "epsilon": 0.7732926150848921, "gamma": 0.010514550340064549, "lamda": 0.6317911579354203}, "datetime": {"datetime": "2021-09-23 22:27:34", "elapsed": 392.510978, "delta": 2.127102}}
{"target": 0.4681389762597076, "params": {"C": 755.5821258624536, "epsilon": 0.9993067907182154, "gamma": 0.0073286935498991426, "lamda": 0.5982248984794973}, "datetime": {"datetime": "2021-09-23 22:27:38", "elapsed": 396.020239, "delta": 3.509261}}
{"target": 0.46883170756882164, "params": {"C": 689.0591271238027, "epsilon": 0.9134644419802986, "gamma": 0.008947589357347293, "lamda": 0.6728495503113529}, "datetime": {"datetime": "2021-09-23 22:27:40", "elapsed": 398.267973, "delta": 2.247734}}
{"target": 0.46839510807278795, "params": {"C": 699.7720566472037, "epsilon": 0.9536935497725723, "gamma": 0.008209005554295698, "lamda": 0.6714696851465195}, "datetime": {"datetime": "2021-09-23 22:27:42", "elapsed": 400.139983, "delta": 1.87201}}
{"target": 0.467142487358026, "params": {"C": 747.3374261978566, "epsilon": 0.776600602897171, "gamma": 0.006435941943637689, "lamda": 0.7691585631594957}, "datetime": {"datetime": "2021-09-23 22:27:44", "elapsed": 402.167384, "delta": 2.027401}}
{"target": 0.46963968405706, "params": {"C": 658.5699884192551, "epsilon": 0.7570146621920466, "gamma": 0.008163006342627501, "lamda": 0.5413978026060464}, "datetime": {"datetime": "2021-09-23 22:27:46", "elapsed": 404.775878, "delta": 2.608494}}
{"target": 0.4687770440382957, "params": {"C": 747.4618089098574, "epsilon": 0.8537865677538152, "gamma": 0.008557517801978658, "lamda": 0.7147879381753361}, "datetime": {"datetime": "2021-09-23 22:27:48", "elapsed": 406.322672, "delta": 1.546794}}
{"target": 0.46913345043379084, "params": {"C": 798.6741558021681, "epsilon": 0.8376805982043297, "gamma": 0.010020229908491139, "lamda": 0.6198207786167952}, "datetime": {"datetime": "2021-09-23 22:27:49", "elapsed": 407.902056, "delta": 1.579384}}
{"target": 0.4682743090921391, "params": {"C": 671.9115467772172, "epsilon": 0.8347700696874379, "gamma": 0.011257614924613153, "lamda": 0.7908332601667435}, "datetime": {"datetime": "2021-09-23 22:27:52", "elapsed": 410.739684, "delta": 2.837628}}
{"target": 0.468681304379459, "params": {"C": 662.2985491410516, "epsilon": 0.8137073077569409, "gamma": 0.00999400709439902, "lamda": 0.7960331991945975}, "datetime": {"datetime": "2021-09-23 22:27:54", "elapsed": 412.418449, "delta": 1.678765}}
{"target": 0.46879263263754856, "params": {"C": 700.1677073271052, "epsilon": 0.8097204623907228, "gamma": 0.009601685958946893, "lamda": 0.7811537395178246}, "datetime": {"datetime": "2021-09-23 22:27:56", "elapsed": 414.734195, "delta": 2.315746}}
{"target": 0.468859293943376, "params": {"C": 730.9224855888616, "epsilon": 0.7467176517529767, "gamma": 0.01053133675013495, "lamda": 0.7568930628512387}, "datetime": {"datetime": "2021-09-23 22:27:59", "elapsed": 417.851802, "delta": 3.117607}}
{"target": 0.46834411143925214, "params": {"C": 705.3232780000714, "epsilon": 0.8866452032696011, "gamma": 0.011455174015080598, "lamda": 0.5511096439681731}, "datetime": {"datetime": "2021-09-23 22:28:01", "elapsed": 419.501305, "delta": 1.649503}}
{"target": 0.46820179137755025, "params": {"C": 652.6526932499412, "epsilon": 0.8295060791817305, "gamma": 0.006302492341403766, "lamda": 0.5607195629193558}, "datetime": {"datetime": "2021-09-23 22:28:03", "elapsed": 421.480549, "delta": 1.979244}}
{"target": 0.46962701318126865, "params": {"C": 654.2722160343077, "epsilon": 0.7794949852898928, "gamma": 0.008472100294124419, "lamda": 0.539304959294714}, "datetime": {"datetime": "2021-09-23 22:28:06", "elapsed": 424.626527, "delta": 3.145978}}
{"target": 0.4666971892644256, "params": {"C": 698.8360638856067, "epsilon": 0.9542134262128987, "gamma": 0.0061947210101061904, "lamda": 0.633057545707852}, "datetime": {"datetime": "2021-09-23 22:28:08", "elapsed": 426.26385, "delta": 1.637323}}
{"target": 0.4682059970617276, "params": {"C": 667.1060976137758, "epsilon": 0.9081226360608738, "gamma": 0.006258407996554855, "lamda": 0.5025139003226858}, "datetime": {"datetime": "2021-09-23 22:28:10", "elapsed": 428.249494, "delta": 1.985644}}
{"target": 0.46767581522452983, "params": {"C": 663.9847834586405, "epsilon": 0.804784528492271, "gamma": 0.0066781668878457, "lamda": 0.7174631008897628}, "datetime": {"datetime": "2021-09-23 22:28:12", "elapsed": 430.0812, "delta": 1.831706}}
{"target": 0.4689346752264808, "params": {"C": 693.0475372582546, "epsilon": 0.7323411546221832, "gamma": 0.010360909409553788, "lamda": 0.5660991245415488}, "datetime": {"datetime": "2021-09-23 22:28:14", "elapsed": 432.032936, "delta": 1.951736}}
{"target": 0.4678878519949202, "params": {"C": 659.1435158878108, "epsilon": 0.8002779275809592, "gamma": 0.007083993776523611, "lamda": 0.7541146321754548}, "datetime": {"datetime": "2021-09-23 22:28:15", "elapsed": 433.643564, "delta": 1.610628}}
{"target": 0.4682860188931216, "params": {"C": 701.3523386630186, "epsilon": 0.8490018559456213, "gamma": 0.007484004275332058, "lamda": 0.7048093344958467}, "datetime": {"datetime": "2021-09-23 22:28:17", "elapsed": 435.774433, "delta": 2.130869}}
{"target": 0.4694342948536313, "params": {"C": 775.1627562671011, "epsilon": 0.7247496978181917, "gamma": 0.007539759486186593, "lamda": 0.5956969527432106}, "datetime": {"datetime": "2021-09-23 22:28:20", "elapsed": 438.618153, "delta": 2.84372}}
{"target": 0.46842415766017165, "params": {"C": 740.0358053054404, "epsilon": 0.9149001655293564, "gamma": 0.007235858599638965, "lamda": 0.6075816920357759}, "datetime": {"datetime": "2021-09-23 22:28:22", "elapsed": 440.525995, "delta": 1.907842}}
{"target": 0.46883895367703066, "params": {"C": 799.6138309204149, "epsilon": 0.9638475999296539, "gamma": 0.009337153483686626, "lamda": 0.6418346921781186}, "datetime": {"datetime": "2021-09-23 22:28:24", "elapsed": 442.344684, "delta": 1.818689}}
{"target": 0.4691844129771936, "params": {"C": 708.7997802972981, "epsilon": 0.814601545297408, "gamma": 0.009982793837101996, "lamda": 0.5248287693185671}, "datetime": {"datetime": "2021-09-23 22:28:27", "elapsed": 445.383394, "delta": 3.03871}}
{"target": 0.4685352604079187, "params": {"C": 764.8027907210866, "epsilon": 0.9946222230518169, "gamma": 0.0070720366417137085, "lamda": 0.5256565325353171}, "datetime": {"datetime": "2021-09-23 22:28:30", "elapsed": 447.947689, "delta": 2.564295}}
{"target": 0.46917159321617574, "params": {"C": 691.8463661092396, "epsilon": 0.9878458242126245, "gamma": 0.00978589380740772, "lamda": 0.5335702827980261}, "datetime": {"datetime": "2021-09-23 22:28:32", "elapsed": 450.369591, "delta": 2.421902}}
{"target": 0.4692972993310105, "params": {"C": 694.2757325302068, "epsilon": 0.7534707474091817, "gamma": 0.00973425063415752, "lamda": 0.6453168324107152}, "datetime": {"datetime": "2021-09-23 22:28:34", "elapsed": 451.99088, "delta": 1.621289}}
{"target": 0.4686563286656661, "params": {"C": 752.3866514264535, "epsilon": 0.9330206859699689, "gamma": 0.010493913105019001, "lamda": 0.66967804563664}, "datetime": {"datetime": "2021-09-23 22:28:35", "elapsed": 453.936257, "delta": 1.945377}}
{"target": 0.4672571512699726, "params": {"C": 790.3240906806933, "epsilon": 0.744771654932294, "gamma": 0.0061157392021976885, "lamda": 0.7245983474444349}, "datetime": {"datetime": "2021-09-23 22:28:37", "elapsed": 455.858496, "delta": 1.922239}}
{"target": 0.4680753017907934, "params": {"C": 659.8712940680327, "epsilon": 0.8919222108352882, "gamma": 0.0076287349512706186, "lamda": 0.7124050732125221}, "datetime": {"datetime": "2021-09-23 22:28:39", "elapsed": 457.642987, "delta": 1.784491}}
{"target": 0.4666911341180602, "params": {"C": 751.5604105735566, "epsilon": 0.9992503823096366, "gamma": 0.006190334955028674, "lamda": 0.6043116895692212}, "datetime": {"datetime": "2021-09-23 22:28:42", "elapsed": 459.953054, "delta": 2.310067}}
{"target": 0.46627086644738336, "params": {"C": 723.6906444571131, "epsilon": 0.9239770533169389, "gamma": 0.006580980389320174, "lamda": 0.7547058404824587}, "datetime": {"datetime": "2021-09-23 22:28:44", "elapsed": 462.033413, "delta": 2.080359}}
{"target": 0.4687976573521311, "params": {"C": 722.6236017781155, "epsilon": 0.9517729554471247, "gamma": 0.010473934145101867, "lamda": 0.6141280548359742}, "datetime": {"datetime": "2021-09-23 22:28:45", "elapsed": 463.883043, "delta": 1.84963}}
{"target": 0.4695568166101547, "params": {"C": 677.2756083730045, "epsilon": 0.7018105839411214, "gamma": 0.009030997906825735, "lamda": 0.5820079584953423}, "datetime": {"datetime": "2021-09-23 22:28:48", "elapsed": 466.364769, "delta": 2.481726}}
{"target": 0.4691597664251962, "params": {"C": 681.6754211631769, "epsilon": 0.894963590240678, "gamma": 0.008925724978993861, "lamda": 0.621431373579466}, "datetime": {"datetime": "2021-09-23 22:28:51", "elapsed": 469.017117, "delta": 2.652348}}
{"target": 0.46956779150331274, "params": {"C": 670.2675813900564, "epsilon": 0.7777631915442476, "gamma": 0.007616288357462973, "lamda": 0.5083158053669782}, "datetime": {"datetime": "2021-09-23 22:28:52", "elapsed": 470.557153, "delta": 1.540036}}
{"target": 0.46886906598700395, "params": {"C": 743.5727266840303, "epsilon": 0.9749467464942347, "gamma": 0.010642470834130089, "lamda": 0.511390222277452}, "datetime": {"datetime": "2021-09-23 22:28:54", "elapsed": 472.428979, "delta": 1.871826}}
{"target": 0.4690519271261221, "params": {"C": 692.8527745923489, "epsilon": 0.8712945001239873, "gamma": 0.010011584762368068, "lamda": 0.6342008355639768}, "datetime": {"datetime": "2021-09-23 22:28:56", "elapsed": 474.569919, "delta": 2.14094}}
{"target": 0.4690284059346609, "params": {"C": 660.7943778138489, "epsilon": 0.9544877728342183, "gamma": 0.008557958651791688, "lamda": 0.5951794711816829}, "datetime": {"datetime": "2021-09-23 22:28:58", "elapsed": 476.663323, "delta": 2.093404}}
{"target": 0.4691907654441789, "params": {"C": 653.9624844588056, "epsilon": 0.8169978779484723, "gamma": 0.008124741394213823, "lamda": 0.6407306260058635}, "datetime": {"datetime": "2021-09-23 22:29:00", "elapsed": 478.883743, "delta": 2.22042}}
{"target": 0.4687553072024514, "params": {"C": 797.0577293330523, "epsilon": 0.8372146569222246, "gamma": 0.00825539546221446, "lamda": 0.7140735866231522}, "datetime": {"datetime": "2021-09-23 22:29:02", "elapsed": 480.66503, "delta": 1.781287}}
{"target": 0.4688170573710385, "params": {"C": 696.4647673863074, "epsilon": 0.8730506521375012, "gamma": 0.007336424693851469, "lamda": 0.5907980328363043}, "datetime": {"datetime": "2021-09-23 22:29:04", "elapsed": 482.910682, "delta": 2.245652}}
{"target": 0.46860955949456284, "params": {"C": 796.7108834175688, "epsilon": 0.8285128884267, "gamma": 0.010827281443397615, "lamda": 0.5093909670951746}, "datetime": {"datetime": "2021-09-23 22:29:07", "elapsed": 485.672722, "delta": 2.76204}}
{"target": 0.4680528317224172, "params": {"C": 740.8592445098996, "epsilon": 0.9051114026472176, "gamma": 0.00726646261762454, "lamda": 0.6660361548569513}, "datetime": {"datetime": "2021-09-23 22:29:09", "elapsed": 487.46785, "delta": 1.795128}}
