{"target": 0.46809423910816106, "params": {"C": 213.24571137444025, "epsilon": 0.9115003716328421, "gamma": 0.00710353161716112, "lamda": 0.5597531938551219}, "datetime": {"datetime": "2021-09-23 19:56:37", "elapsed": 94.151682, "delta": 0.806668}}
{"target": 0.44401872347592386, "params": {"C": 239.39822666670327, "epsilon": 0.8387520899660739, "gamma": 0.0015630132411204713, "lamda": 0.26775487317841956}, "datetime": {"datetime": "2021-09-23 19:56:37", "elapsed": 94.884683, "delta": 0.733001}}
{"target": 0.457817562623817, "params": {"C": 233.589514895177, "epsilon": 0.5605301187152143, "gamma": 0.0114734832320969, "lamda": 0.5181547111007749}, "datetime": {"datetime": "2021-09-23 19:56:38", "elapsed": 95.562457, "delta": 0.677774}}
{"target": 0.45928075378832733, "params": {"C": 232.01859695645726, "epsilon": 0.6864405634129424, "gamma": 0.006836652710700321, "lamda": 0.3889727028443719}, "datetime": {"datetime": "2021-09-23 19:56:39", "elapsed": 96.238484, "delta": 0.676027}}
{"target": 0.4606167213530947, "params": {"C": 211.6470574769003, "epsilon": 0.9746097079541427, "gamma": 0.01832158656524754, "lamda": 0.5605047861626206}, "datetime": {"datetime": "2021-09-23 19:56:40", "elapsed": 97.289619, "delta": 1.051135}}
{"target": 0.4502403794595057, "params": {"C": 211.69559388746637, "epsilon": 0.9351440376283229, "gamma": 0.0019364151128751892, "lamda": 0.5780699812027117}, "datetime": {"datetime": "2021-09-23 19:56:41", "elapsed": 98.103477, "delta": 0.813858}}
{"target": 0.464518919434745, "params": {"C": 211.72976258314355, "epsilon": 0.8962364346745402, "gamma": 0.014260619155160293, "lamda": 0.5653763703813033}, "datetime": {"datetime": "2021-09-23 19:56:42", "elapsed": 99.046117, "delta": 0.94264}}
{"target": 0.4682458736320204, "params": {"C": 219.61297830731155, "epsilon": 0.8818814764447735, "gamma": 0.010865781650295517, "lamda": 0.5946647766585249}, "datetime": {"datetime": "2021-09-23 19:56:43", "elapsed": 100.144175, "delta": 1.098058}}
{"target": 0.44453056424594706, "params": {"C": 229.7827713820637, "epsilon": 0.7645020852956739, "gamma": 0.010831667508415865, "lamda": 0.22254529038873563}, "datetime": {"datetime": "2021-09-23 19:56:43", "elapsed": 100.864181, "delta": 0.720006}}
{"target": 0.45272652507760625, "params": {"C": 213.27422833290356, "epsilon": 0.9649267929849394, "gamma": 0.002124524083205885, "lamda": 0.5135962940557441}, "datetime": {"datetime": "2021-09-23 19:56:44", "elapsed": 101.749573, "delta": 0.885392}}
{"target": 0.45613276233525935, "params": {"C": 249.98489702717626, "epsilon": 0.9697720721725298, "gamma": 0.01420369348843812, "lamda": 0.3067556459719576}, "datetime": {"datetime": "2021-09-23 19:56:45", "elapsed": 102.693613, "delta": 0.94404}}
{"target": 0.46262336053194963, "params": {"C": 219.45260811061047, "epsilon": 0.9848678962613522, "gamma": 0.01263672812393015, "lamda": 0.39696789015978345}, "datetime": {"datetime": "2021-09-23 19:56:46", "elapsed": 103.412522, "delta": 0.718909}}
{"target": 0.4408432302821209, "params": {"C": 217.77226776347996, "epsilon": 0.577311341173471, "gamma": 0.015008997866792429, "lamda": 0.3483875160954687}, "datetime": {"datetime": "2021-09-23 19:56:47", "elapsed": 104.141403, "delta": 0.728881}}
{"target": 0.46749095805222274, "params": {"C": 219.47678423363084, "epsilon": 0.9480660539143051, "gamma": 0.0063712789008802525, "lamda": 0.5444276906844565}, "datetime": {"datetime": "2021-09-23 19:56:48", "elapsed": 105.037396, "delta": 0.895993}}
{"target": 0.4497185187679412, "params": {"C": 223.7116052469034, "epsilon": 0.7501135081279207, "gamma": 0.003916290060011424, "lamda": 0.2878567070408565}, "datetime": {"datetime": "2021-09-23 19:56:48", "elapsed": 105.816608, "delta": 0.779212}}
{"target": 0.46780983549642796, "params": {"C": 210.80140266617963, "epsilon": 0.9906800226222714, "gamma": 0.011886463744563425, "lamda": 0.5791531062482724}, "datetime": {"datetime": "2021-09-23 19:56:50", "elapsed": 106.967489, "delta": 1.150881}}
{"target": 0.46424516430018015, "params": {"C": 223.116184520668, "epsilon": 0.9373202034729828, "gamma": 0.009190474992240898, "lamda": 0.3821433255946246}, "datetime": {"datetime": "2021-09-23 19:56:50", "elapsed": 107.710235, "delta": 0.742746}}
{"target": 0.4649287885234067, "params": {"C": 222.1637565637724, "epsilon": 0.7431486553583737, "gamma": 0.011341963361017011, "lamda": 0.5516916926575803}, "datetime": {"datetime": "2021-09-23 19:56:51", "elapsed": 108.376231, "delta": 0.665996}}
{"target": 0.4595276844808882, "params": {"C": 242.75369541556617, "epsilon": 0.716122004520112, "gamma": 0.0030837233897705683, "lamda": 0.5724604937966105}, "datetime": {"datetime": "2021-09-23 19:56:52", "elapsed": 109.1046, "delta": 0.728369}}
{"target": 0.4595903558678265, "params": {"C": 209.18445143234652, "epsilon": 0.8213318954708304, "gamma": 0.015256568245946334, "lamda": 0.5014228816934083}, "datetime": {"datetime": "2021-09-23 19:56:52", "elapsed": 109.826185, "delta": 0.721585}}
{"target": 0.45837664887096474, "params": {"C": 222.18909747797318, "epsilon": 0.7104525004254916, "gamma": 0.0035740576493590104, "lamda": 0.5363579884515173}, "datetime": {"datetime": "2021-09-23 19:56:53", "elapsed": 110.776181, "delta": 0.949996}}
{"target": 0.45972223988531125, "params": {"C": 231.3712720653632, "epsilon": 0.6749268069106813, "gamma": 0.006175814958665485, "lamda": 0.4167772346644009}, "datetime": {"datetime": "2021-09-23 19:56:54", "elapsed": 111.534522, "delta": 0.758341}}
{"target": 0.4528829976057043, "params": {"C": 236.81093865884145, "epsilon": 0.98033292607408, "gamma": 0.0071865499599196225, "lamda": 0.20386357910237565}, "datetime": {"datetime": "2021-09-23 19:56:55", "elapsed": 112.33342, "delta": 0.798898}}
{"target": 0.44729644892387166, "params": {"C": 219.44502282573507, "epsilon": 0.659871917269188, "gamma": 0.011606522749250843, "lamda": 0.30980082979635454}, "datetime": {"datetime": "2021-09-23 19:56:56", "elapsed": 113.365915, "delta": 1.032495}}
{"target": 0.4508172476694392, "params": {"C": 240.9410068362781, "epsilon": 0.5165628074117639, "gamma": 0.004642036353699824, "lamda": 0.373148151885353}, "datetime": {"datetime": "2021-09-23 19:56:57", "elapsed": 114.206446, "delta": 0.840531}}
{"target": 0.45003873443101317, "params": {"C": 213.2229259003259, "epsilon": 0.9428667503327597, "gamma": 0.0018820008288916881, "lamda": 0.5628740066643657}, "datetime": {"datetime": "2021-09-23 19:56:58", "elapsed": 115.156043, "delta": 0.949597}}
{"target": 0.45790852973345075, "params": {"C": 211.73802486966622, "epsilon": 0.884297469482142, "gamma": 0.02, "lamda": 0.5981686530689814}, "datetime": {"datetime": "2021-09-23 19:56:59", "elapsed": 116.331692, "delta": 1.175649}}
{"target": 0.4647908257283404, "params": {"C": 219.4504043823385, "epsilon": 0.9954449910623896, "gamma": 0.004807213319449623, "lamda": 0.4679326776140856}, "datetime": {"datetime": "2021-09-23 19:57:00", "elapsed": 117.238924, "delta": 0.907232}}
{"target": 0.4521385344968083, "params": {"C": 221.40897957879275, "epsilon": 0.9789756186616496, "gamma": 0.00226156517225145, "lamda": 0.37967498849156683}, "datetime": {"datetime": "2021-09-23 19:57:01", "elapsed": 118.573886, "delta": 1.334962}}
{"target": 0.46294560606031365, "params": {"C": 232.28829753824644, "epsilon": 0.580302994203597, "gamma": 0.00996188889030853, "lamda": 0.5716666288786496}, "datetime": {"datetime": "2021-09-23 19:57:02", "elapsed": 119.294949, "delta": 0.721063}}
{"target": 0.45931786921809425, "params": {"C": 213.258750111489, "epsilon": 0.9167862920103611, "gamma": 0.0032974445654441187, "lamda": 0.5024693713495751}, "datetime": {"datetime": "2021-09-23 19:57:03", "elapsed": 120.204949, "delta": 0.91}}
{"target": 0.45953547823070573, "params": {"C": 219.48054089205962, "epsilon": 0.9554226854389718, "gamma": 0.0032124136390216797, "lamda": 0.5205403785722528}, "datetime": {"datetime": "2021-09-23 19:57:04", "elapsed": 121.235948, "delta": 1.030999}}
{"target": 0.44049277203652926, "params": {"C": 200.16877025881394, "epsilon": 0.5557484737668565, "gamma": 0.015715872021106768, "lamda": 0.3835418180940311}, "datetime": {"datetime": "2021-09-23 19:57:05", "elapsed": 122.020947, "delta": 0.784999}}
{"target": 0.4684008227614992, "params": {"C": 213.07871093762284, "epsilon": 0.9074701262860025, "gamma": 0.007510685691596864, "lamda": 0.5862925656134544}, "datetime": {"datetime": "2021-09-23 19:57:05", "elapsed": 122.883954, "delta": 0.863007}}
{"target": 0.46630528171836605, "params": {"C": 219.57242665061108, "epsilon": 0.8893136275917674, "gamma": 0.0056192470297028825, "lamda": 0.5884436678270131}, "datetime": {"datetime": "2021-09-23 19:57:07", "elapsed": 124.23427, "delta": 1.350316}}
{"target": 0.44714672237209996, "params": {"C": 203.65146983491155, "epsilon": 0.9571350738299287, "gamma": 0.018220895725778726, "lamda": 0.3296688038378503}, "datetime": {"datetime": "2021-09-23 19:57:08", "elapsed": 125.090264, "delta": 0.855994}}
{"target": 0.4437240765278797, "params": {"C": 224.69248053259096, "epsilon": 0.8979340651273462, "gamma": 0.0014308450844034814, "lamda": 0.3011222504440673}, "datetime": {"datetime": "2021-09-23 19:57:09", "elapsed": 126.019078, "delta": 0.928814}}
{"target": 0.43925167569927437, "params": {"C": 206.84543458416223, "epsilon": 0.972293667317178, "gamma": 0.0011079628212693113, "lamda": 0.3074059666104081}, "datetime": {"datetime": "2021-09-23 19:57:10", "elapsed": 126.955373, "delta": 0.936295}}
{"target": 0.468705607361947, "params": {"C": 211.72229979087672, "epsilon": 0.9753516799433353, "gamma": 0.009974318258548331, "lamda": 0.5799953209070003}, "datetime": {"datetime": "2021-09-23 19:57:10", "elapsed": 127.814777, "delta": 0.859404}}
{"target": 0.45999343117110103, "params": {"C": 239.11179562327413, "epsilon": 0.9394504597122223, "gamma": 0.011616640660998465, "lamda": 0.3292427885583277}, "datetime": {"datetime": "2021-09-23 19:57:11", "elapsed": 128.716778, "delta": 0.902001}}
{"target": 0.4462672189764393, "params": {"C": 230.67664769457645, "epsilon": 0.7708988699173147, "gamma": 0.011461031705033622, "lamda": 0.24722674980223736}, "datetime": {"datetime": "2021-09-23 19:57:12", "elapsed": 129.632628, "delta": 0.91585}}
{"target": 0.4643437298920663, "params": {"C": 204.80041355799997, "epsilon": 0.981141077946017, "gamma": 0.01543842403887295, "lamda": 0.5780737414380279}, "datetime": {"datetime": "2021-09-23 19:57:13", "elapsed": 130.489666, "delta": 0.857038}}
{"target": 0.4544404544028432, "params": {"C": 213.92535686191925, "epsilon": 0.9824351325507442, "gamma": 0.010845174450945717, "lamda": 0.26841171526101193}, "datetime": {"datetime": "2021-09-23 19:57:14", "elapsed": 131.460859, "delta": 0.971193}}
{"target": 0.4672090808113457, "params": {"C": 200.9679189217682, "epsilon": 0.8389293215451645, "gamma": 0.006693735765804285, "lamda": 0.5875352865483705}, "datetime": {"datetime": "2021-09-23 19:57:15", "elapsed": 132.460566, "delta": 0.999707}}
{"target": 0.4635858262811047, "params": {"C": 213.04193840426186, "epsilon": 0.8976052111938162, "gamma": 0.004464698075468806, "lamda": 0.5884139181359229}, "datetime": {"datetime": "2021-09-23 19:57:16", "elapsed": 133.475552, "delta": 1.014986}}
{"target": 0.46359825553449674, "params": {"C": 211.79467426224275, "epsilon": 0.9510650937022844, "gamma": 0.012801293489452997, "lamda": 0.4542558304916407}, "datetime": {"datetime": "2021-09-23 19:57:18", "elapsed": 134.943022, "delta": 1.46747}}
{"target": 0.4686651147356552, "params": {"C": 219.5144294743584, "epsilon": 0.9783311768754623, "gamma": 0.009544342757172489, "lamda": 0.5222527867761895}, "datetime": {"datetime": "2021-09-23 19:57:19", "elapsed": 135.975417, "delta": 1.032395}}
{"target": 0.4631233870361252, "params": {"C": 213.1220060265288, "epsilon": 0.8614772841471992, "gamma": 0.014092861322466309, "lamda": 0.5290654038857441}, "datetime": {"datetime": "2021-09-23 19:57:19", "elapsed": 136.908577, "delta": 0.93316}}
{"target": 0.42486169146694697, "params": {"C": 212.92570929531016, "epsilon": 0.5401012306646472, "gamma": 0.019741424141644013, "lamda": 0.23660913260415517}, "datetime": {"datetime": "2021-09-23 19:57:21", "elapsed": 137.975611, "delta": 1.067034}}
{"target": 0.4662694350327822, "params": {"C": 211.75058610681035, "epsilon": 0.948844028387198, "gamma": 0.012591344932237514, "lamda": 0.5349943872214582}, "datetime": {"datetime": "2021-09-23 19:57:22", "elapsed": 139.079213, "delta": 1.103602}}
{"target": 0.46458173238316813, "params": {"C": 204.73432414877624, "epsilon": 0.6855178203022692, "gamma": 0.009230844534365335, "lamda": 0.5741615172775557}, "datetime": {"datetime": "2021-09-23 19:57:22", "elapsed": 139.888986, "delta": 0.809773}}
{"target": 0.4460370411467831, "params": {"C": 221.11488848085847, "epsilon": 0.6506596347327531, "gamma": 0.01716579737154259, "lamda": 0.4227177486950876}, "datetime": {"datetime": "2021-09-23 19:57:23", "elapsed": 140.853995, "delta": 0.965009}}
{"target": 0.4485243637071189, "params": {"C": 206.40043743307837, "epsilon": 0.5716093352896419, "gamma": 0.003218941708668377, "lamda": 0.43289318367851126}, "datetime": {"datetime": "2021-09-23 19:57:24", "elapsed": 141.691517, "delta": 0.837522}}
{"target": 0.4616330842337576, "params": {"C": 211.76458020648062, "epsilon": 0.9690840386986743, "gamma": 0.01773715050407786, "lamda": 0.5754950878677544}, "datetime": {"datetime": "2021-09-23 19:57:25", "elapsed": 142.791554, "delta": 1.100037}}
{"target": 0.45690818870027605, "params": {"C": 219.645277833405, "epsilon": 0.8989434692499637, "gamma": 0.002816502198088204, "lamda": 0.5859139706143308}, "datetime": {"datetime": "2021-09-23 19:57:26", "elapsed": 143.750332, "delta": 0.958778}}
{"target": 0.45953576647255345, "params": {"C": 219.50706214828014, "epsilon": 0.9205478855074213, "gamma": 0.018568321682047948, "lamda": 0.5521475517794119}, "datetime": {"datetime": "2021-09-23 19:57:28", "elapsed": 145.156936, "delta": 1.406604}}
{"target": 0.4627983742916222, "params": {"C": 213.2553955060069, "epsilon": 0.9235654219682925, "gamma": 0.012721848059149329, "lamda": 0.4385261771009643}, "datetime": {"datetime": "2021-09-23 19:57:29", "elapsed": 146.370262, "delta": 1.213326}}
{"target": 0.4683154739554857, "params": {"C": 219.53388534797148, "epsilon": 0.8748995119944268, "gamma": 0.010587672580995765, "lamda": 0.5895124610094744}, "datetime": {"datetime": "2021-09-23 19:57:30", "elapsed": 147.655005, "delta": 1.284743}}
{"target": 0.458766522154588, "params": {"C": 233.95533670854388, "epsilon": 0.6068007867540702, "gamma": 0.013895067582545235, "lamda": 0.5523715800667783}, "datetime": {"datetime": "2021-09-23 19:57:31", "elapsed": 148.640014, "delta": 0.985009}}
{"target": 0.45952972230273825, "params": {"C": 232.50497762185933, "epsilon": 0.7181869950759017, "gamma": 0.00504403232360044, "lamda": 0.414373393692144}, "datetime": {"datetime": "2021-09-23 19:57:32", "elapsed": 149.473593, "delta": 0.833579}}
{"target": 0.4613247915878399, "params": {"C": 230.4300689783277, "epsilon": 0.6737544450716739, "gamma": 0.014200514489178175, "lamda": 0.587086274178092}, "datetime": {"datetime": "2021-09-23 19:57:33", "elapsed": 150.335971, "delta": 0.862378}}
{"target": 0.4670810643108214, "params": {"C": 242.36383974795103, "epsilon": 0.9271252025709344, "gamma": 0.005806713696794208, "lamda": 0.5138298844713372}, "datetime": {"datetime": "2021-09-23 19:57:34", "elapsed": 151.16697, "delta": 0.830999}}
{"target": 0.45139030156015847, "params": {"C": 213.16408548676438, "epsilon": 0.816823662576023, "gamma": 0.0021380839958040406, "lamda": 0.4875681949972998}, "datetime": {"datetime": "2021-09-23 19:57:35", "elapsed": 152.514322, "delta": 1.347352}}
{"target": 0.4576801155412136, "params": {"C": 219.49839173391317, "epsilon": 0.8377044809016789, "gamma": 0.002826795305336911, "lamda": 0.5674223807285568}, "datetime": {"datetime": "2021-09-23 19:57:36", "elapsed": 153.602619, "delta": 1.088297}}
{"target": 0.43267362911337637, "params": {"C": 207.04642850434644, "epsilon": 0.7880435622360014, "gamma": 0.01843167945911445, "lamda": 0.24737948981782007}, "datetime": {"datetime": "2021-09-23 19:57:37", "elapsed": 154.497375, "delta": 0.894756}}
{"target": 0.45452179918384705, "params": {"C": 244.93193122429875, "epsilon": 0.8033898762032874, "gamma": 0.004360522466791264, "lamda": 0.2927385619650498}, "datetime": {"datetime": "2021-09-23 19:57:38", "elapsed": 155.548066, "delta": 1.050691}}
{"target": 0.4476268762321842, "params": {"C": 213.27483614697505, "epsilon": 0.9652276280701588, "gamma": 0.0017301407376245736, "lamda": 0.5744419455151875}, "datetime": {"datetime": "2021-09-23 19:57:39", "elapsed": 156.863216, "delta": 1.31515}}
{"target": 0.46428407240629754, "params": {"C": 221.4370753316033, "epsilon": 0.9686083136642845, "gamma": 0.011872832480390713, "lamda": 0.422775803357577}, "datetime": {"datetime": "2021-09-23 19:57:41", "elapsed": 158.037671, "delta": 1.174455}}
{"target": 0.46822384502625225, "params": {"C": 213.04074985759877, "epsilon": 0.8966049288003467, "gamma": 0.009366262228782975, "lamda": 0.547538981175032}, "datetime": {"datetime": "2021-09-23 19:57:42", "elapsed": 159.204278, "delta": 1.166607}}
{"target": 0.45647374261400686, "params": {"C": 213.05355531757954, "epsilon": 0.9193803589479109, "gamma": 0.01997365847934201, "lamda": 0.5360914102421824}, "datetime": {"datetime": "2021-09-23 19:57:43", "elapsed": 160.469449, "delta": 1.265171}}
{"target": 0.43936210823794064, "params": {"C": 237.3944481615112, "epsilon": 0.5441679118522753, "gamma": 0.014823084053124422, "lamda": 0.3340899100581761}, "datetime": {"datetime": "2021-09-23 19:57:44", "elapsed": 161.351372, "delta": 0.881923}}
{"target": 0.4677317105880061, "params": {"C": 210.85003313018922, "epsilon": 0.9939631461059903, "gamma": 0.011782297421919878, "lamda": 0.5576183363722294}, "datetime": {"datetime": "2021-09-23 19:57:45", "elapsed": 162.533307, "delta": 1.181935}}
{"target": 0.4685838885955883, "params": {"C": 211.42296303424615, "epsilon": 0.8813427692501405, "gamma": 0.009040036972060527, "lamda": 0.5896933133683326}, "datetime": {"datetime": "2021-09-23 19:57:46", "elapsed": 163.594614, "delta": 1.061307}}
{"target": 0.4651216304726178, "params": {"C": 212.9966489613544, "epsilon": 0.9122505591378947, "gamma": 0.00499194595181792, "lamda": 0.5568403676007441}, "datetime": {"datetime": "2021-09-23 19:57:48", "elapsed": 165.015394, "delta": 1.42078}}
{"target": 0.46830069310247857, "params": {"C": 211.7425514008262, "epsilon": 0.9471966894606979, "gamma": 0.01066021164076452, "lamda": 0.569351284684107}, "datetime": {"datetime": "2021-09-23 19:57:49", "elapsed": 166.308846, "delta": 1.293452}}
{"target": 0.43850941517803044, "params": {"C": 213.0380979870726, "epsilon": 0.8797639421453438, "gamma": 0.0010241217291906129, "lamda": 0.5139560193510202}, "datetime": {"datetime": "2021-09-23 19:57:51", "elapsed": 168.048229, "delta": 1.739383}}
{"target": 0.4593034819145344, "params": {"C": 210.83752251214352, "epsilon": 0.9849902045736896, "gamma": 0.003229267669215847, "lamda": 0.5072839436558618}, "datetime": {"datetime": "2021-09-23 19:57:52", "elapsed": 169.19881, "delta": 1.150581}}
{"target": 0.4555226646554563, "params": {"C": 222.61585961426854, "epsilon": 0.9404936909285673, "gamma": 0.019132635605140776, "lamda": 0.46607576035059034}, "datetime": {"datetime": "2021-09-23 19:57:53", "elapsed": 170.113549, "delta": 0.914739}}
{"target": 0.4674965963567297, "params": {"C": 213.24738361742487, "epsilon": 0.8634180535424552, "gamma": 0.0064577853241384355, "lamda": 0.5686857302120327}, "datetime": {"datetime": "2021-09-23 19:57:54", "elapsed": 171.256126, "delta": 1.142577}}
{"target": 0.46012011037618183, "params": {"C": 246.17994785946036, "epsilon": 0.6666750442850677, "gamma": 0.008265453712006012, "lamda": 0.41006987141317364}, "datetime": {"datetime": "2021-09-23 19:57:55", "elapsed": 172.318349, "delta": 1.062223}}
{"target": 0.4518044353034839, "params": {"C": 230.82427426959276, "epsilon": 0.951439364169848, "gamma": 0.006199507088419131, "lamda": 0.20184672104850598}, "datetime": {"datetime": "2021-09-23 19:57:56", "elapsed": 173.418445, "delta": 1.100096}}
{"target": 0.46526303531612734, "params": {"C": 231.08917898003142, "epsilon": 0.8855419504177835, "gamma": 0.00828690997119096, "lamda": 0.4043296995305127}, "datetime": {"datetime": "2021-09-23 19:57:57", "elapsed": 174.41968, "delta": 1.001235}}
{"target": 0.46504793868589056, "params": {"C": 219.5100176783862, "epsilon": 0.8991341563684423, "gamma": 0.014718267913488951, "lamda": 0.5963827927869779}, "datetime": {"datetime": "2021-09-23 19:57:58", "elapsed": 175.777946, "delta": 1.358266}}
{"target": 0.44954271728149775, "params": {"C": 216.168566577629, "epsilon": 0.5649691422999429, "gamma": 0.0067758407061179506, "lamda": 0.3027500156017481}, "datetime": {"datetime": "2021-09-23 19:57:59", "elapsed": 176.744141, "delta": 0.966195}}
{"target": 0.46616889373562576, "params": {"C": 242.37687708837956, "epsilon": 0.9063894762893299, "gamma": 0.005212014843756956, "lamda": 0.49465793217496146}, "datetime": {"datetime": "2021-09-23 19:58:00", "elapsed": 177.811638, "delta": 1.067497}}
{"target": 0.44431123572582565, "params": {"C": 211.70475122058838, "epsilon": 0.9689929467117953, "gamma": 0.0013892453669793658, "lamda": 0.5232262956621652}, "datetime": {"datetime": "2021-09-23 19:58:02", "elapsed": 179.677243, "delta": 1.865605}}
{"target": 0.4616728416240261, "params": {"C": 213.0048473756058, "epsilon": 0.9218718327187403, "gamma": 0.003980120265469801, "lamda": 0.5945495873319966}, "datetime": {"datetime": "2021-09-23 19:58:04", "elapsed": 180.963693, "delta": 1.28645}}
{"target": 0.4671775184983289, "params": {"C": 213.1956922605865, "epsilon": 0.9117825395601412, "gamma": 0.008184650738015557, "lamda": 0.4814508327261493}, "datetime": {"datetime": "2021-09-23 19:58:05", "elapsed": 182.603208, "delta": 1.639515}}
