{"target": -44.161209066468906, "params": {"C": 14.778555916074836, "epsilon": 0.5177024342666853, "gamma": 0.009641187135094632, "lamda": 0.42839352570447586}, "datetime": {"datetime": "2021-09-24 17:21:31", "elapsed": 59.782372, "delta": 1.399912}}
{"target": -44.052718766011964, "params": {"C": 13.62730311842443, "epsilon": 0.13036892760883706, "gamma": 0.018396449505128924, "lamda": 0.6769936149385514}, "datetime": {"datetime": "2021-09-24 17:21:33", "elapsed": 61.322794, "delta": 1.540422}}
{"target": -43.96940155501621, "params": {"C": 36.16739401048679, "epsilon": 0.15790682519601296, "gamma": 0.04377574981776835, "lamda": 0.7059352982790653}, "datetime": {"datetime": "2021-09-24 17:21:34", "elapsed": 62.313246, "delta": 0.990452}}
{"target": -47.71919999291849, "params": {"C": 12.438566257323076, "epsilon": 0.6982145540984275, "gamma": 0.10641942675754348, "lamda": 0.6914792697889488}, "datetime": {"datetime": "2021-09-24 17:21:34", "elapsed": 62.908384, "delta": 0.595138}}
{"target": -45.40405295908909, "params": {"C": 38.179263538280246, "epsilon": 0.5096538659936594, "gamma": 0.08493479699291429, "lamda": 0.3338582434302294}, "datetime": {"datetime": "2021-09-24 17:21:35", "elapsed": 63.467584, "delta": 0.5592}}
{"target": -52.06412901056476, "params": {"C": 13.594446279184186, "epsilon": 0.428338738830097, "gamma": 0.001, "lamda": 0.5852014535580042}, "datetime": {"datetime": "2021-09-24 17:21:37", "elapsed": 65.004833, "delta": 1.537249}}
{"target": -45.88863972096098, "params": {"C": 12.482527472647536, "epsilon": 0.6915094310014276, "gamma": 0.07533010520846323, "lamda": 0.7062433976598375}, "datetime": {"datetime": "2021-09-24 17:21:37", "elapsed": 65.719831, "delta": 0.714998}}
{"target": -43.80994781267571, "params": {"C": 20.156646689844273, "epsilon": 0.12779909030922515, "gamma": 0.009999860693814583, "lamda": 0.6357616548403248}, "datetime": {"datetime": "2021-09-24 17:21:39", "elapsed": 67.324546, "delta": 1.604715}}
{"target": -56.04245275938559, "params": {"C": 43.5526665219944, "epsilon": 0.7898281334210944, "gamma": 0.4209562991237184, "lamda": 0.6458624370997754}, "datetime": {"datetime": "2021-09-24 17:21:40", "elapsed": 68.005685, "delta": 0.681139}}
{"target": -46.542293983665445, "params": {"C": 5.443015303404083, "epsilon": 0.24968399228829113, "gamma": 0.014769866547761249, "lamda": 0.5813856213706102}, "datetime": {"datetime": "2021-09-24 17:21:40", "elapsed": 68.810711, "delta": 0.805026}}
{"target": -47.10297287543816, "params": {"C": 15.016065670460632, "epsilon": 0.40053452865321615, "gamma": 0.11168990512064644, "lamda": 0.14716476731316114}, "datetime": {"datetime": "2021-09-24 17:21:42", "elapsed": 70.070935, "delta": 1.260224}}
{"target": -44.125734264960485, "params": {"C": 14.855519004692011, "epsilon": 0.6329695421204722, "gamma": 0.027719798781587448, "lamda": 0.4253692564314661}, "datetime": {"datetime": "2021-09-24 17:21:43", "elapsed": 71.180804, "delta": 1.109869}}
{"target": -60.982151925733646, "params": {"C": 4.691133365222026, "epsilon": 0.5275722114453016, "gamma": 0.45498628695919513, "lamda": 0.2807301451664127}, "datetime": {"datetime": "2021-09-24 17:21:44", "elapsed": 71.954543, "delta": 0.773739}}
{"target": -49.53926908849038, "params": {"C": 20.201343826753217, "epsilon": 0.05748977183285273, "gamma": 0.001081150929559671, "lamda": 0.7484423239914533}, "datetime": {"datetime": "2021-09-24 17:21:45", "elapsed": 73.108518, "delta": 1.153975}}
{"target": -52.02869832789444, "params": {"C": 13.72299976648388, "epsilon": 0.17350824614618376, "gamma": 0.001, "lamda": 0.6118213369347207}, "datetime": {"datetime": "2021-09-24 17:21:46", "elapsed": 74.583708, "delta": 1.47519}}
{"target": -53.763649400094515, "params": {"C": 5.651903151079761, "epsilon": 0.604349248164749, "gamma": 0.15842812032096337, "lamda": 0.5774600298688208}, "datetime": {"datetime": "2021-09-24 17:21:47", "elapsed": 75.255171, "delta": 0.671463}}
{"target": -44.278937939310005, "params": {"C": 20.20990401327854, "epsilon": 0.09957510952590548, "gamma": 0.044210705756587226, "lamda": 0.5239552922216026}, "datetime": {"datetime": "2021-09-24 17:21:48", "elapsed": 76.315889, "delta": 1.060718}}
{"target": -43.47449557022151, "params": {"C": 46.30643208804765, "epsilon": 0.9999591951125849, "gamma": 0.021481950331575336, "lamda": 0.07095020223025887}, "datetime": {"datetime": "2021-09-24 17:21:49", "elapsed": 77.690741, "delta": 1.374852}}
{"target": -45.790871509898494, "params": {"C": 46.31789155833239, "epsilon": 0.9674518142157578, "gamma": 0.10083562133407643, "lamda": 0.16951178366522865}, "datetime": {"datetime": "2021-09-24 17:21:51", "elapsed": 79.412177, "delta": 1.721436}}
{"target": -45.157677988983, "params": {"C": 13.570711836082195, "epsilon": 0.24681548827704214, "gamma": 0.06326246027052218, "lamda": 0.6866447958450952}, "datetime": {"datetime": "2021-09-24 17:21:53", "elapsed": 80.997011, "delta": 1.584834}}
{"target": -59.96430307638147, "params": {"C": 12.420407508665669, "epsilon": 0.45179635472423557, "gamma": 0.4836045006985346, "lamda": 0.11874407510965652}, "datetime": {"datetime": "2021-09-24 17:21:53", "elapsed": 81.679973, "delta": 0.682962}}
{"target": -43.68170560100924, "params": {"C": 46.32279837121728, "epsilon": 0.8676508606332217, "gamma": 0.029993086776678446, "lamda": 0.04970465334258928}, "datetime": {"datetime": "2021-09-24 17:21:55", "elapsed": 83.273841, "delta": 1.593868}}
{"target": -48.00229516716451, "params": {"C": 20.225980698467726, "epsilon": 0.17836882133214926, "gamma": 0.14254279585561, "lamda": 0.6470516086644452}, "datetime": {"datetime": "2021-09-24 17:21:56", "elapsed": 84.509251, "delta": 1.23541}}
{"target": -57.78297207600712, "params": {"C": 25.412868637277796, "epsilon": 0.6579565969991792, "gamma": 0.4425748651720284, "lamda": 0.1738353221908799}, "datetime": {"datetime": "2021-09-24 17:21:57", "elapsed": 85.32437, "delta": 0.815119}}
{"target": -52.24922305310772, "params": {"C": 43.03146571183061, "epsilon": 0.25047051961318967, "gamma": 0.3075595543575427, "lamda": 0.41786020566550247}, "datetime": {"datetime": "2021-09-24 17:21:58", "elapsed": 85.975975, "delta": 0.651605}}
{"target": -44.50735774170376, "params": {"C": 11.487797626451243, "epsilon": 0.32010731230031403, "gamma": 0.037722373421246, "lamda": 0.4499886548070499}, "datetime": {"datetime": "2021-09-24 17:21:58", "elapsed": 86.793718, "delta": 0.817743}}
{"target": -47.33222373594808, "params": {"C": 36.10262122002276, "epsilon": 0.20241287533894303, "gamma": 0.001, "lamda": 0.8176337200790633}, "datetime": {"datetime": "2021-09-24 17:22:00", "elapsed": 88.158415, "delta": 1.364697}}
{"target": -49.87927753491545, "params": {"C": 20.32498330629041, "epsilon": 0.004112702349462215, "gamma": 0.001, "lamda": 0.5314864743713668}, "datetime": {"datetime": "2021-09-24 17:22:02", "elapsed": 90.097844, "delta": 1.939429}}
{"target": -44.49450325570444, "params": {"C": 13.532255275830313, "epsilon": 0.05498879124628755, "gamma": 0.0077239487743141, "lamda": 0.7990649073245939}, "datetime": {"datetime": "2021-09-24 17:22:03", "elapsed": 91.540944, "delta": 1.4431}}
{"target": -46.69494146130392, "params": {"C": 36.26454692744115, "epsilon": 0.15679016577955301, "gamma": 0.1247418696696106, "lamda": 0.6274855212106071}, "datetime": {"datetime": "2021-09-24 17:22:05", "elapsed": 93.379832, "delta": 1.838888}}
{"target": -48.770040425597564, "params": {"C": 14.716843850318066, "epsilon": 0.6496856967922908, "gamma": 0.0018414827145763048, "lamda": 0.4827349711202431}, "datetime": {"datetime": "2021-09-24 17:22:08", "elapsed": 96.002605, "delta": 2.622773}}
{"target": -47.33862875330468, "params": {"C": 36.12220012814277, "epsilon": 0.2051052118445585, "gamma": 0.001, "lamda": 0.5833549175717777}, "datetime": {"datetime": "2021-09-24 17:22:09", "elapsed": 97.849747, "delta": 1.847142}}
{"target": -46.82575660804009, "params": {"C": 13.575974673268718, "epsilon": 0.019096291657534445, "gamma": 0.10063130529521941, "lamda": 0.7248197119154264}, "datetime": {"datetime": "2021-09-24 17:22:11", "elapsed": 98.972437, "delta": 1.12269}}
{"target": -48.00903150557663, "params": {"C": 36.093005282189175, "epsilon": 0.18265311553294747, "gamma": 0.16099211534889749, "lamda": 0.6996895046835729}, "datetime": {"datetime": "2021-09-24 17:22:11", "elapsed": 99.87542, "delta": 0.902983}}
{"target": -47.460499170342, "params": {"C": 15.038096841596232, "epsilon": 0.6392073863200676, "gamma": 0.11694776328718831, "lamda": 0.1899264587423711}, "datetime": {"datetime": "2021-09-24 17:22:12", "elapsed": 100.876121, "delta": 1.000701}}
{"target": -54.942834826169396, "params": {"C": 14.54632952351942, "epsilon": 0.8210949818951244, "gamma": 0.26524977622696816, "lamda": 0.05816798594461584}, "datetime": {"datetime": "2021-09-24 17:22:13", "elapsed": 101.873116, "delta": 0.996995}}
{"target": -55.678805546823355, "params": {"C": 22.88627052235128, "epsilon": 0.996718977061351, "gamma": 0.33403696984198106, "lamda": 0.10280664336223878}, "datetime": {"datetime": "2021-09-24 17:22:14", "elapsed": 102.544943, "delta": 0.671827}}
{"target": -51.62248526895554, "params": {"C": 14.973314164544, "epsilon": 0.5342193581522947, "gamma": 0.001, "lamda": 0.3969354222735359}, "datetime": {"datetime": "2021-09-24 17:22:16", "elapsed": 104.255377, "delta": 1.710434}}
{"target": -43.374548834227504, "params": {"C": 46.176479639029495, "epsilon": 0.9491149428788395, "gamma": 0.016939453426763115, "lamda": 0.04325983883358431}, "datetime": {"datetime": "2021-09-24 17:22:17", "elapsed": 105.828764, "delta": 1.573387}}
{"target": -45.64339987422995, "params": {"C": 46.504378542669436, "epsilon": 0.8599378862811121, "gamma": 0.09646544246476142, "lamda": 0.04347282314120024}, "datetime": {"datetime": "2021-09-24 17:22:19", "elapsed": 107.092792, "delta": 1.264028}}
{"target": -47.91385557784884, "params": {"C": 46.21390122660207, "epsilon": 0.8507346648923549, "gamma": 0.16575764356245826, "lamda": 0.059781597098107965}, "datetime": {"datetime": "2021-09-24 17:22:21", "elapsed": 109.399886, "delta": 2.307094}}
{"target": -46.52640435260094, "params": {"C": 46.3577976071379, "epsilon": 0.9622503072358408, "gamma": 0.12141857045489256, "lamda": 0.001}, "datetime": {"datetime": "2021-09-24 17:22:22", "elapsed": 110.521571, "delta": 1.121685}}
{"target": -53.690572734411, "params": {"C": 28.229495352253096, "epsilon": 0.6612635233472194, "gamma": 0.30242978831319917, "lamda": 0.014160112180936438}, "datetime": {"datetime": "2021-09-24 17:22:23", "elapsed": 111.476533, "delta": 0.954962}}
{"target": -44.72553001019424, "params": {"C": 11.36154340975416, "epsilon": 0.3435693226862032, "gamma": 0.04318958068707415, "lamda": 0.5260964356986834}, "datetime": {"datetime": "2021-09-24 17:22:25", "elapsed": 113.010891, "delta": 1.534358}}
{"target": -48.523699877881924, "params": {"C": 14.80533299189189, "epsilon": 0.5919515324516652, "gamma": 0.13278630223703775, "lamda": 0.4026772434764519}, "datetime": {"datetime": "2021-09-24 17:22:26", "elapsed": 114.223094, "delta": 1.212203}}
{"target": -45.73670446339962, "params": {"C": 33.761497994471014, "epsilon": 0.28815644610340646, "gamma": 0.09562194054638128, "lamda": 0.9627256701820027}, "datetime": {"datetime": "2021-09-24 17:22:27", "elapsed": 114.938738, "delta": 0.715644}}
{"target": -45.193191037459364, "params": {"C": 20.079532209891283, "epsilon": 0.042773298609329186, "gamma": 0.07984228867251726, "lamda": 0.5676806218018609}, "datetime": {"datetime": "2021-09-24 17:22:28", "elapsed": 116.751658, "delta": 1.81292}}
{"target": -49.91489221092297, "params": {"C": 20.07754560634897, "epsilon": 0.185946613984805, "gamma": 0.001, "lamda": 0.512050018600885}, "datetime": {"datetime": "2021-09-24 17:22:30", "elapsed": 117.995868, "delta": 1.24421}}
{"target": -48.603884549687315, "params": {"C": 40.65498103767288, "epsilon": 0.22709350168665093, "gamma": 0.18181439415659112, "lamda": 0.9899236925588822}, "datetime": {"datetime": "2021-09-24 17:22:30", "elapsed": 118.733995, "delta": 0.738127}}
{"target": -59.11318795131874, "params": {"C": 6.447543820264832, "epsilon": 0.13427508718198466, "gamma": 0.3239574803162389, "lamda": 0.5772969182120788}, "datetime": {"datetime": "2021-09-24 17:22:31", "elapsed": 119.912251, "delta": 1.178256}}
{"target": -45.62316996131632, "params": {"C": 14.414564440854274, "epsilon": 0.8477266245193019, "gamma": 0.07878717595869483, "lamda": 0.005731444543713052}, "datetime": {"datetime": "2021-09-24 17:22:33", "elapsed": 121.064062, "delta": 1.151811}}
{"target": -53.55934390319308, "params": {"C": 11.485815789926269, "epsilon": 0.3373965407860347, "gamma": 0.21022407570456647, "lamda": 0.5251925373442284}, "datetime": {"datetime": "2021-09-24 17:22:34", "elapsed": 122.72151, "delta": 1.657448}}
{"target": -58.9107241461372, "params": {"C": 13.183133105444265, "epsilon": 0.6741601807629025, "gamma": 0.40719884194744344, "lamda": 0.47909677576477877}, "datetime": {"datetime": "2021-09-24 17:22:35", "elapsed": 123.540817, "delta": 0.819307}}
{"target": -52.60127679223025, "params": {"C": 30.172655071678122, "epsilon": 0.5290799994353341, "gamma": 0.2816857151913361, "lamda": 0.4647610310323481}, "datetime": {"datetime": "2021-09-24 17:22:36", "elapsed": 124.568413, "delta": 1.027596}}
{"target": -44.30302645851016, "params": {"C": 11.345079862738663, "epsilon": 0.3670111351334959, "gamma": 0.02301755266131041, "lamda": 0.42162671352123576}, "datetime": {"datetime": "2021-09-24 17:22:38", "elapsed": 126.216197, "delta": 1.647784}}
{"target": -44.63082638069563, "params": {"C": 18.71989556103855, "epsilon": 0.6068525584342191, "gamma": 0.05343693084355275, "lamda": 0.8758070344314232}, "datetime": {"datetime": "2021-09-24 17:22:39", "elapsed": 127.608973, "delta": 1.392776}}
{"target": -53.65448195943478, "params": {"C": 18.765378936987133, "epsilon": 0.6465842716945657, "gamma": 0.25474190745243447, "lamda": 0.8579261861562008}, "datetime": {"datetime": "2021-09-24 17:22:41", "elapsed": 129.207914, "delta": 1.598941}}
{"target": -49.889095572244585, "params": {"C": 14.931971281757267, "epsilon": 0.6866996632393291, "gamma": 0.15538095723398881, "lamda": 0.001}, "datetime": {"datetime": "2021-09-24 17:22:42", "elapsed": 130.856804, "delta": 1.64889}}
{"target": -47.10511373872212, "params": {"C": 12.577650522769224, "epsilon": 0.8324191173660149, "gamma": 0.09703199478806217, "lamda": 0.6898694038543588}, "datetime": {"datetime": "2021-09-24 17:22:44", "elapsed": 132.909684, "delta": 2.05288}}
{"target": -44.10303446477173, "params": {"C": 13.588084500099923, "epsilon": 0.23085370386352402, "gamma": 0.015905513231493973, "lamda": 0.8899415194101362}, "datetime": {"datetime": "2021-09-24 17:22:46", "elapsed": 134.77161, "delta": 1.861926}}
{"target": -54.006622769832774, "params": {"C": 33.74673168485958, "epsilon": 0.1333183678081217, "gamma": 0.3316698556613059, "lamda": 0.09932277291891882}, "datetime": {"datetime": "2021-09-24 17:22:47", "elapsed": 135.751227, "delta": 0.979617}}
{"target": -45.336162153158426, "params": {"C": 13.633449905029103, "epsilon": 0.15311607885436596, "gamma": 0.0679918158061993, "lamda": 0.8011615600591123}, "datetime": {"datetime": "2021-09-24 17:22:49", "elapsed": 137.308315, "delta": 1.557088}}
{"target": -52.10257659927782, "params": {"C": 13.470059086131023, "epsilon": 0.1901163772875395, "gamma": 0.001, "lamda": 0.800964900622923}, "datetime": {"datetime": "2021-09-24 17:22:51", "elapsed": 138.931096, "delta": 1.622781}}
{"target": -51.58072055413201, "params": {"C": 30.1871159544224, "epsilon": 0.5294751664207564, "gamma": 0.2592106361420798, "lamda": 0.05730686274586723}, "datetime": {"datetime": "2021-09-24 17:22:51", "elapsed": 139.764422, "delta": 0.833326}}
{"target": -46.06141907199953, "params": {"C": 14.660957064691631, "epsilon": 0.4745832430330218, "gamma": 0.08823711733623917, "lamda": 0.5931961798834311}, "datetime": {"datetime": "2021-09-24 17:22:52", "elapsed": 140.604117, "delta": 0.839695}}
{"target": -53.43464273497622, "params": {"C": 49.98519908663275, "epsilon": 0.9396046002007145, "gamma": 0.347770686880559, "lamda": 0.2676222258149641}, "datetime": {"datetime": "2021-09-24 17:22:54", "elapsed": 142.045521, "delta": 1.441404}}
{"target": -52.87970566249215, "params": {"C": 11.379261518274625, "epsilon": 0.2253299846253983, "gamma": 0.001, "lamda": 0.4371593736190677}, "datetime": {"datetime": "2021-09-24 17:22:55", "elapsed": 143.872004, "delta": 1.826483}}
{"target": -57.20906214445419, "params": {"C": 18.41682240821035, "epsilon": 0.15546805966459515, "gamma": 0.3689205229226012, "lamda": 0.3715978214484331}, "datetime": {"datetime": "2021-09-24 17:22:56", "elapsed": 144.641022, "delta": 0.769018}}
{"target": -44.354262853355465, "params": {"C": 11.304974647948779, "epsilon": 0.4905579209298819, "gamma": 0.017338729598136298, "lamda": 0.5259307603617113}, "datetime": {"datetime": "2021-09-24 17:22:58", "elapsed": 146.453246, "delta": 1.812224}}
{"target": -48.71892772319342, "params": {"C": 20.207541951240692, "epsilon": 0.011897254817951767, "gamma": 0.15783884410345858, "lamda": 0.5877583452918279}, "datetime": {"datetime": "2021-09-24 17:23:00", "elapsed": 148.028207, "delta": 1.574961}}
{"target": -44.51814650082645, "params": {"C": 18.657364682954054, "epsilon": 0.7170732115898526, "gamma": 0.05010077778679867, "lamda": 0.8874328223480719}, "datetime": {"datetime": "2021-09-24 17:23:01", "elapsed": 149.789214, "delta": 1.761007}}
{"target": -50.90791050580562, "params": {"C": 23.65386083025466, "epsilon": 0.8747657665390196, "gamma": 0.2161077379541162, "lamda": 0.455902955672575}, "datetime": {"datetime": "2021-09-24 17:23:03", "elapsed": 151.295823, "delta": 1.506609}}
{"target": -50.40496994748317, "params": {"C": 18.759746124866282, "epsilon": 0.7131822142994987, "gamma": 0.001, "lamda": 0.7914642550277875}, "datetime": {"datetime": "2021-09-24 17:23:05", "elapsed": 153.3697, "delta": 2.073877}}
{"target": -47.05605832003704, "params": {"C": 13.634954036165373, "epsilon": 0.2627709320984119, "gamma": 0.10289273331062986, "lamda": 0.9644335322693631}, "datetime": {"datetime": "2021-09-24 17:23:07", "elapsed": 154.932818, "delta": 1.563118}}
{"target": -44.10620519360201, "params": {"C": 14.88040294072431, "epsilon": 0.31507676981691146, "gamma": 0.024677164587440757, "lamda": 0.30896480459032716}, "datetime": {"datetime": "2021-09-24 17:23:09", "elapsed": 156.972155, "delta": 2.039337}}
{"target": -44.08453224559939, "params": {"C": 14.770181963036851, "epsilon": 0.3378693755519082, "gamma": 0.011474253961802558, "lamda": 0.44703719698565086}, "datetime": {"datetime": "2021-09-24 17:23:10", "elapsed": 158.157162, "delta": 1.185007}}
{"target": -47.247648153854364, "params": {"C": 31.74384662405593, "epsilon": 0.35050376020754115, "gamma": 0.13693324549337246, "lamda": 0.5424011435743413}, "datetime": {"datetime": "2021-09-24 17:23:11", "elapsed": 159.093626, "delta": 0.936464}}
{"target": -49.75410926857893, "params": {"C": 18.69231076125463, "epsilon": 0.6873231220464714, "gamma": 0.001168073327147016, "lamda": 0.9629326403650071}, "datetime": {"datetime": "2021-09-24 17:23:13", "elapsed": 161.415202, "delta": 2.321576}}
{"target": -54.292285326649825, "params": {"C": 20.056122369220365, "epsilon": 0.3204240907038378, "gamma": 0.27956078167769316, "lamda": 0.2752275724163955}, "datetime": {"datetime": "2021-09-24 17:23:14", "elapsed": 162.231414, "delta": 0.816212}}
{"target": -48.45828895647024, "params": {"C": 11.35225033259691, "epsilon": 0.5150631635800255, "gamma": 0.11284457657278293, "lamda": 0.3958526650081357}, "datetime": {"datetime": "2021-09-24 17:23:16", "elapsed": 164.746572, "delta": 2.515158}}
{"target": -51.24802921200766, "params": {"C": 14.837508877218077, "epsilon": 0.27350203680452656, "gamma": 0.18137651247810074, "lamda": 0.4672411517913679}, "datetime": {"datetime": "2021-09-24 17:23:18", "elapsed": 166.418949, "delta": 1.672377}}
{"target": -43.218541133502356, "params": {"C": 46.210047437337415, "epsilon": 0.9735552082069103, "gamma": 0.010898178765339075, "lamda": 0.13156652469617}, "datetime": {"datetime": "2021-09-24 17:23:20", "elapsed": 168.535156, "delta": 2.116207}}
{"target": -46.30085923689339, "params": {"C": 46.21454136094505, "epsilon": 0.8405130915025392, "gamma": 0.001, "lamda": 0.1400569090772001}, "datetime": {"datetime": "2021-09-24 17:23:22", "elapsed": 170.249572, "delta": 1.714416}}
{"target": -51.71614731489585, "params": {"C": 14.74955053073817, "epsilon": 0.2665315517239084, "gamma": 0.001, "lamda": 0.30191235599970995}, "datetime": {"datetime": "2021-09-24 17:23:24", "elapsed": 172.658092, "delta": 2.40852}}
{"target": -50.58029641840801, "params": {"C": 32.64253158748151, "epsilon": 0.16144538241878678, "gamma": 0.2363675029612609, "lamda": 0.9292374056244274}, "datetime": {"datetime": "2021-09-24 17:23:25", "elapsed": 173.560125, "delta": 0.902033}}
{"target": -45.281839545605095, "params": {"C": 18.732206414372904, "epsilon": 0.5804571682152362, "gamma": 0.07323553616615172, "lamda": 0.8750286578693277}, "datetime": {"datetime": "2021-09-24 17:23:26", "elapsed": 174.407985, "delta": 0.84786}}
{"target": -52.87867604833818, "params": {"C": 11.445987366612687, "epsilon": 0.4424870849011624, "gamma": 0.001, "lamda": 0.48843602542431847}, "datetime": {"datetime": "2021-09-24 17:23:28", "elapsed": 175.981214, "delta": 1.573229}}
{"target": -61.469865318551385, "params": {"C": 1.165394853637665, "epsilon": 0.11238545058617927, "gamma": 0.3874852704490672, "lamda": 0.45939569068984276}, "datetime": {"datetime": "2021-09-24 17:23:29", "elapsed": 176.98114, "delta": 0.999926}}
{"target": -43.58827016388303, "params": {"C": 22.559217749853115, "epsilon": 0.4779631116288593, "gamma": 0.01731864967951303, "lamda": 0.2975318824073197}, "datetime": {"datetime": "2021-09-24 17:23:30", "elapsed": 178.008968, "delta": 1.027828}}
