{"target": 0.46528520206460455, "params": {"C": 507.60092998979593, "epsilon": 0.7453121844193054, "gamma": 0.013778755713064705, "lamda": 0.5313111508690382}, "datetime": {"datetime": "2021-09-23 21:39:36", "elapsed": 150.229371, "delta": 1.252595}}
{"target": 0.4668965927363359, "params": {"C": 506.6997343701051, "epsilon": 0.9952062026490114, "gamma": 0.006025087320948509, "lamda": 0.5621658958772329}, "datetime": {"datetime": "2021-09-23 21:39:37", "elapsed": 151.144241, "delta": 0.91487}}
{"target": 0.46945727056200837, "params": {"C": 529.3503063998759, "epsilon": 0.7945193515066846, "gamma": 0.0076805061510492705, "lamda": 0.5478716508921531}, "datetime": {"datetime": "2021-09-23 21:39:38", "elapsed": 152.05843, "delta": 0.914189}}
{"target": 0.46640645239498646, "params": {"C": 486.68791847909296, "epsilon": 0.853043818957536, "gamma": 0.013623587569599919, "lamda": 0.5777902191182971}, "datetime": {"datetime": "2021-09-23 21:39:40", "elapsed": 153.331028, "delta": 1.272598}}
{"target": 0.4683583701305004, "params": {"C": 568.3674711366921, "epsilon": 0.8696098559592584, "gamma": 0.008925931801851137, "lamda": 0.7873180165713334}, "datetime": {"datetime": "2021-09-23 21:39:41", "elapsed": 154.321106, "delta": 0.990078}}
{"target": 0.4683793660845895, "params": {"C": 484.9247190579295, "epsilon": 0.7714879010878342, "gamma": 0.0061975527078347884, "lamda": 0.5516361310075202}, "datetime": {"datetime": "2021-09-23 21:39:42", "elapsed": 155.576886, "delta": 1.25578}}
{"target": 0.4694453326145608, "params": {"C": 485.01292917492003, "epsilon": 0.8550040782606712, "gamma": 0.00883964279525193, "lamda": 0.5691177012345917}, "datetime": {"datetime": "2021-09-23 21:39:43", "elapsed": 156.488587, "delta": 0.911701}}
{"target": 0.4655446409385199, "params": {"C": 549.4159797964917, "epsilon": 0.7632030162109802, "gamma": 0.014430390775334822, "lamda": 0.6448748820441526}, "datetime": {"datetime": "2021-09-23 21:39:44", "elapsed": 157.511584, "delta": 1.022997}}
{"target": 0.4672791743585095, "params": {"C": 539.8219781545785, "epsilon": 0.7757462635088943, "gamma": 0.012969797905346067, "lamda": 0.7170432529139948}, "datetime": {"datetime": "2021-09-23 21:39:45", "elapsed": 158.894271, "delta": 1.382687}}
{"target": 0.46800334273523714, "params": {"C": 540.5601145731741, "epsilon": 0.7556349211424841, "gamma": 0.006404087521380198, "lamda": 0.6690756848255157}, "datetime": {"datetime": "2021-09-23 21:39:46", "elapsed": 159.854271, "delta": 0.96}}
{"target": 0.4692505464205652, "params": {"C": 557.9961881559426, "epsilon": 0.8287159714011988, "gamma": 0.009293939344773034, "lamda": 0.6482446090562317}, "datetime": {"datetime": "2021-09-23 21:39:47", "elapsed": 161.125517, "delta": 1.271246}}
{"target": 0.46935173692043697, "params": {"C": 590.4288540632633, "epsilon": 0.8680975528837034, "gamma": 0.00895988895551747, "lamda": 0.5892605791018682}, "datetime": {"datetime": "2021-09-23 21:39:48", "elapsed": 162.128521, "delta": 1.003004}}
{"target": 0.4654780590673553, "params": {"C": 571.0663062763849, "epsilon": 0.8755346450504697, "gamma": 0.0146375773555611, "lamda": 0.595044872299882}, "datetime": {"datetime": "2021-09-23 21:39:50", "elapsed": 163.285586, "delta": 1.157065}}
{"target": 0.46839550615888803, "params": {"C": 532.7036190516942, "epsilon": 0.7032665722484831, "gamma": 0.006012079209622907, "lamda": 0.5548850197495663}, "datetime": {"datetime": "2021-09-23 21:39:51", "elapsed": 164.257816, "delta": 0.97223}}
{"target": 0.4677608308508805, "params": {"C": 532.9778926244207, "epsilon": 0.7141971850297963, "gamma": 0.012154453233325434, "lamda": 0.6653063586940556}, "datetime": {"datetime": "2021-09-23 21:39:52", "elapsed": 165.291842, "delta": 1.034026}}
{"target": 0.4672251144359849, "params": {"C": 508.1676048242154, "epsilon": 0.7304844816184457, "gamma": 0.006132756370483262, "lamda": 0.7468286684270758}, "datetime": {"datetime": "2021-09-23 21:39:53", "elapsed": 166.337069, "delta": 1.045227}}
{"target": 0.46700316670197495, "params": {"C": 556.8323162967807, "epsilon": 0.8151954377014528, "gamma": 0.013164906533377, "lamda": 0.640135270292546}, "datetime": {"datetime": "2021-09-23 21:39:54", "elapsed": 167.546313, "delta": 1.209244}}
{"target": 0.46757874092707363, "params": {"C": 528.638054246216, "epsilon": 0.7423143625487585, "gamma": 0.012491122071241353, "lamda": 0.6835931786004688}, "datetime": {"datetime": "2021-09-23 21:39:55", "elapsed": 168.716793, "delta": 1.17048}}
{"target": 0.4693208020096381, "params": {"C": 597.0322313254925, "epsilon": 0.8359364917864911, "gamma": 0.00968693895896161, "lamda": 0.5105055537602726}, "datetime": {"datetime": "2021-09-23 21:39:56", "elapsed": 169.664517, "delta": 0.947724}}
{"target": 0.46873582138902414, "params": {"C": 535.4847242742837, "epsilon": 0.9771537630571381, "gamma": 0.00849053549880653, "lamda": 0.6239342337294321}, "datetime": {"datetime": "2021-09-23 21:39:57", "elapsed": 170.813696, "delta": 1.149179}}
{"target": 0.46890848269422547, "params": {"C": 599.1536227767089, "epsilon": 0.9088599326763899, "gamma": 0.009137835341756198, "lamda": 0.6668539976158113}, "datetime": {"datetime": "2021-09-23 21:39:59", "elapsed": 172.353946, "delta": 1.54025}}
{"target": 0.46805171336562246, "params": {"C": 593.3687159641611, "epsilon": 0.8657826532733606, "gamma": 0.011939373952484535, "lamda": 0.6118228221574022}, "datetime": {"datetime": "2021-09-23 21:40:00", "elapsed": 173.423435, "delta": 1.069489}}
{"target": 0.46942250580774225, "params": {"C": 586.260209089071, "epsilon": 0.8048897332905393, "gamma": 0.007464557173107539, "lamda": 0.5253178924508481}, "datetime": {"datetime": "2021-09-23 21:40:01", "elapsed": 174.580247, "delta": 1.156812}}
{"target": 0.46957522207673397, "params": {"C": 586.2535439537955, "epsilon": 0.8120239484247717, "gamma": 0.008785882308289838, "lamda": 0.5388131972694814}, "datetime": {"datetime": "2021-09-23 21:40:03", "elapsed": 176.353497, "delta": 1.77325}}
{"target": 0.46714988087231524, "params": {"C": 550.6017475874618, "epsilon": 0.8857749226442042, "gamma": 0.01261502764096159, "lamda": 0.5059771457333725}, "datetime": {"datetime": "2021-09-23 21:40:04", "elapsed": 177.415982, "delta": 1.062485}}
{"target": 0.4668943649478824, "params": {"C": 496.493087849671, "epsilon": 0.9711306478291082, "gamma": 0.006975224901470401, "lamda": 0.7099720136365003}, "datetime": {"datetime": "2021-09-23 21:40:05", "elapsed": 178.497167, "delta": 1.081185}}
{"target": 0.4657681642597603, "params": {"C": 539.8359225227325, "epsilon": 0.7441700259571513, "gamma": 0.014404836482200662, "lamda": 0.7001572885836781}, "datetime": {"datetime": "2021-09-23 21:40:06", "elapsed": 179.665473, "delta": 1.168306}}
{"target": 0.46905992784311823, "params": {"C": 528.5989113581123, "epsilon": 0.7168255589855468, "gamma": 0.007363130150020487, "lamda": 0.6791547888428305}, "datetime": {"datetime": "2021-09-23 21:40:07", "elapsed": 180.924038, "delta": 1.258565}}
{"target": 0.4666535784391016, "params": {"C": 599.7301737135542, "epsilon": 0.9173334397812087, "gamma": 0.006546449469582339, "lamda": 0.7171215080960667}, "datetime": {"datetime": "2021-09-23 21:40:08", "elapsed": 182.104032, "delta": 1.179994}}
{"target": 0.4661914750884145, "params": {"C": 500.1283379651592, "epsilon": 0.9885942439624731, "gamma": 0.014262450822687973, "lamda": 0.6171401999309685}, "datetime": {"datetime": "2021-09-23 21:40:10", "elapsed": 183.740058, "delta": 1.636026}}
{"target": 0.4686278080100662, "params": {"C": 585.1163525966803, "epsilon": 0.9596686892251189, "gamma": 0.006926324798658717, "lamda": 0.5153284805640347}, "datetime": {"datetime": "2021-09-23 21:40:11", "elapsed": 185.013188, "delta": 1.27313}}
{"target": 0.4689131943132092, "params": {"C": 523.3325970302568, "epsilon": 0.7039997216468019, "gamma": 0.010607257933452446, "lamda": 0.7396709190909828}, "datetime": {"datetime": "2021-09-23 21:40:12", "elapsed": 186.0453, "delta": 1.032112}}
{"target": 0.46867112268959, "params": {"C": 568.3448998308174, "epsilon": 0.9975172090351005, "gamma": 0.010980501248551483, "lamda": 0.502613970088825}, "datetime": {"datetime": "2021-09-23 21:40:13", "elapsed": 187.1006, "delta": 1.0553}}
{"target": 0.46561046573709053, "params": {"C": 535.4721522896346, "epsilon": 0.953003800436603, "gamma": 0.014829847129897163, "lamda": 0.625426672887493}, "datetime": {"datetime": "2021-09-23 21:40:15", "elapsed": 188.650393, "delta": 1.549793}}
{"target": 0.46857006860106576, "params": {"C": 484.89789323155793, "epsilon": 0.7404635695767354, "gamma": 0.00624429489982438, "lamda": 0.5491555715770439}, "datetime": {"datetime": "2021-09-23 21:40:17", "elapsed": 190.343896, "delta": 1.693503}}
{"target": 0.46781542716349467, "params": {"C": 503.72762729040016, "epsilon": 0.9870547573556107, "gamma": 0.012218787346634227, "lamda": 0.5333728538329218}, "datetime": {"datetime": "2021-09-23 21:40:18", "elapsed": 191.599406, "delta": 1.25551}}
{"target": 0.4670261979502708, "params": {"C": 499.48167566747236, "epsilon": 0.7740417317240413, "gamma": 0.012423987988126045, "lamda": 0.5244323743239051}, "datetime": {"datetime": "2021-09-23 21:40:19", "elapsed": 193.045167, "delta": 1.445761}}
{"target": 0.4689467325081199, "params": {"C": 555.3005814516087, "epsilon": 0.8110085525381923, "gamma": 0.0077471102674524315, "lamda": 0.6607368853027247}, "datetime": {"datetime": "2021-09-23 21:40:21", "elapsed": 194.584178, "delta": 1.539011}}
{"target": 0.4673892979782198, "params": {"C": 561.4328093126887, "epsilon": 0.7369769071603959, "gamma": 0.012546631272206274, "lamda": 0.6418612878082139}, "datetime": {"datetime": "2021-09-23 21:40:22", "elapsed": 195.814143, "delta": 1.229965}}
{"target": 0.46872982101034877, "params": {"C": 570.5962447438551, "epsilon": 0.87932800905232, "gamma": 0.010864944582873237, "lamda": 0.622056198622059}, "datetime": {"datetime": "2021-09-23 21:40:23", "elapsed": 197.04456, "delta": 1.230417}}
{"target": 0.46680620421838015, "params": {"C": 543.5195097862471, "epsilon": 0.8364185660252377, "gamma": 0.013601023334535972, "lamda": 0.7283736196636871}, "datetime": {"datetime": "2021-09-23 21:40:24", "elapsed": 198.106715, "delta": 1.062155}}
{"target": 0.4691301097788333, "params": {"C": 542.3051433500028, "epsilon": 0.9986842446028654, "gamma": 0.009615555457213681, "lamda": 0.5516628571696816}, "datetime": {"datetime": "2021-09-23 21:40:25", "elapsed": 199.216926, "delta": 1.110211}}
{"target": 0.4691781949183508, "params": {"C": 498.10332755993846, "epsilon": 0.978098462957986, "gamma": 0.009898204277835063, "lamda": 0.5221258534854025}, "datetime": {"datetime": "2021-09-23 21:40:27", "elapsed": 200.337024, "delta": 1.120098}}
{"target": 0.465280776838191, "params": {"C": 497.38876557988385, "epsilon": 0.7233103963383832, "gamma": 0.014514916374192829, "lamda": 0.6517843720332539}, "datetime": {"datetime": "2021-09-23 21:40:28", "elapsed": 201.415087, "delta": 1.078063}}
{"target": 0.4691179281524618, "params": {"C": 571.0494424706859, "epsilon": 0.8668177365159804, "gamma": 0.010041560648600411, "lamda": 0.6017051392954008}, "datetime": {"datetime": "2021-09-23 21:40:29", "elapsed": 202.676682, "delta": 1.261595}}
{"target": 0.46912589142865824, "params": {"C": 513.4942504379267, "epsilon": 0.8440457293272874, "gamma": 0.009328873425557032, "lamda": 0.671364094465944}, "datetime": {"datetime": "2021-09-23 21:40:30", "elapsed": 203.997848, "delta": 1.321166}}
{"target": 0.4684311934827602, "params": {"C": 495.48424205576185, "epsilon": 0.8141315802491249, "gamma": 0.011371329866895801, "lamda": 0.7082427791828074}, "datetime": {"datetime": "2021-09-23 21:40:32", "elapsed": 205.434657, "delta": 1.436809}}
{"target": 0.46866213176061233, "params": {"C": 520.2638063626232, "epsilon": 0.8758119943441502, "gamma": 0.009471462989695197, "lamda": 0.7456262509481468}, "datetime": {"datetime": "2021-09-23 21:40:33", "elapsed": 206.73681, "delta": 1.302153}}
{"target": 0.4658834920488504, "params": {"C": 511.29637202466847, "epsilon": 0.7561155619475237, "gamma": 0.014422616624594101, "lamda": 0.7237954536655083}, "datetime": {"datetime": "2021-09-23 21:40:34", "elapsed": 208.052021, "delta": 1.315211}}
{"target": 0.46689305168511275, "params": {"C": 590.8205610655369, "epsilon": 0.7949698663481143, "gamma": 0.013333715826784096, "lamda": 0.6719436558143494}, "datetime": {"datetime": "2021-09-23 21:40:36", "elapsed": 209.640675, "delta": 1.588654}}
{"target": 0.4656400052060904, "params": {"C": 485.0023689621531, "epsilon": 0.8518992271394553, "gamma": 0.014292504393318618, "lamda": 0.5730144911847118}, "datetime": {"datetime": "2021-09-23 21:40:37", "elapsed": 210.781857, "delta": 1.141182}}
{"target": 0.4656686302309996, "params": {"C": 549.1640429362609, "epsilon": 0.994612683300057, "gamma": 0.014839798963703734, "lamda": 0.798379993212391}, "datetime": {"datetime": "2021-09-23 21:40:38", "elapsed": 212.142857, "delta": 1.361}}
{"target": 0.46534773370745663, "params": {"C": 570.5955823051571, "epsilon": 0.8843295067146666, "gamma": 0.014845257225607362, "lamda": 0.6079622860817802}, "datetime": {"datetime": "2021-09-23 21:40:40", "elapsed": 213.799187, "delta": 1.65633}}
{"target": 0.4693906693835036, "params": {"C": 522.3788798147101, "epsilon": 0.7577077538892625, "gamma": 0.008822363995993367, "lamda": 0.6673010050775505}, "datetime": {"datetime": "2021-09-23 21:40:41", "elapsed": 215.083424, "delta": 1.284237}}
{"target": 0.46559107638841357, "params": {"C": 505.1203779706698, "epsilon": 0.8978044016614819, "gamma": 0.01440879486547911, "lamda": 0.5580440770191009}, "datetime": {"datetime": "2021-09-23 21:40:43", "elapsed": 216.477437, "delta": 1.394013}}
{"target": 0.4660596481022401, "params": {"C": 541.2779520104798, "epsilon": 0.9577355467781281, "gamma": 0.01399306352993308, "lamda": 0.526462464923629}, "datetime": {"datetime": "2021-09-23 21:40:44", "elapsed": 217.773373, "delta": 1.295936}}
{"target": 0.46510253228978937, "params": {"C": 563.2373240593299, "epsilon": 0.897290682715094, "gamma": 0.014955707034951696, "lamda": 0.578460787163876}, "datetime": {"datetime": "2021-09-23 21:40:45", "elapsed": 219.115247, "delta": 1.341874}}
{"target": 0.46860436665255056, "params": {"C": 599.1648049374743, "epsilon": 0.9127109352291672, "gamma": 0.008187729754071591, "lamda": 0.6710161137117923}, "datetime": {"datetime": "2021-09-23 21:40:48", "elapsed": 221.276251, "delta": 2.161004}}
{"target": 0.4692734337654815, "params": {"C": 590.4312242920404, "epsilon": 0.8718162452004211, "gamma": 0.008145988523929622, "lamda": 0.5822951609968552}, "datetime": {"datetime": "2021-09-23 21:40:49", "elapsed": 222.441132, "delta": 1.164881}}
{"target": 0.46702475687699974, "params": {"C": 532.7563803178784, "epsilon": 0.9743505508116124, "gamma": 0.013271292451809628, "lamda": 0.5928685560431408}, "datetime": {"datetime": "2021-09-23 21:40:50", "elapsed": 224.122051, "delta": 1.680919}}
{"target": 0.4649143845800079, "params": {"C": 483.37199464128406, "epsilon": 0.9344947359810544, "gamma": 0.014799644633740491, "lamda": 0.5101874332662447}, "datetime": {"datetime": "2021-09-23 21:40:52", "elapsed": 225.45693, "delta": 1.334879}}
{"target": 0.4685359090084955, "params": {"C": 554.6210584373252, "epsilon": 0.9246829532256925, "gamma": 0.01103152726864864, "lamda": 0.6487580643623612}, "datetime": {"datetime": "2021-09-23 21:40:53", "elapsed": 226.851886, "delta": 1.394956}}
{"target": 0.4686682643958823, "params": {"C": 513.1665887545898, "epsilon": 0.9495152743016197, "gamma": 0.010951069470168908, "lamda": 0.501552278433375}, "datetime": {"datetime": "2021-09-23 21:40:54", "elapsed": 228.097363, "delta": 1.245477}}
{"target": 0.46645429032931907, "params": {"C": 508.11546533842176, "epsilon": 0.7723044342917148, "gamma": 0.013948478069277135, "lamda": 0.748933631205315}, "datetime": {"datetime": "2021-09-23 21:40:56", "elapsed": 229.440789, "delta": 1.343426}}
{"target": 0.4685670752050083, "params": {"C": 545.9557732818046, "epsilon": 0.9990817709672479, "gamma": 0.009177844634131651, "lamda": 0.6599168879967291}, "datetime": {"datetime": "2021-09-23 21:40:57", "elapsed": 230.647018, "delta": 1.206229}}
{"target": 0.46772290087778357, "params": {"C": 597.0247340995936, "epsilon": 0.8232583078359006, "gamma": 0.011794388773742117, "lamda": 0.5022280517215518}, "datetime": {"datetime": "2021-09-23 21:40:58", "elapsed": 231.969126, "delta": 1.322108}}
{"target": 0.4687521228428261, "params": {"C": 491.35699731767136, "epsilon": 0.8192363446068888, "gamma": 0.009883420624027134, "lamda": 0.7764200113262387}, "datetime": {"datetime": "2021-09-23 21:41:00", "elapsed": 233.649982, "delta": 1.680856}}
{"target": 0.46896795929113244, "params": {"C": 508.39901946073667, "epsilon": 0.9444296263989133, "gamma": 0.009703456690647361, "lamda": 0.6246651433020521}, "datetime": {"datetime": "2021-09-23 21:41:01", "elapsed": 234.790995, "delta": 1.141013}}
{"target": 0.46919264336946953, "params": {"C": 571.0583000236411, "epsilon": 0.8271770991102401, "gamma": 0.007696421535670593, "lamda": 0.5951791850533754}, "datetime": {"datetime": "2021-09-23 21:41:03", "elapsed": 236.382656, "delta": 1.591661}}
{"target": 0.46723748018501454, "params": {"C": 524.5790147719434, "epsilon": 0.9350359337732126, "gamma": 0.012826401904272321, "lamda": 0.777536231824635}, "datetime": {"datetime": "2021-09-23 21:41:04", "elapsed": 237.829737, "delta": 1.447081}}
{"target": 0.4687165915474848, "params": {"C": 493.7962574598686, "epsilon": 0.9084055976143928, "gamma": 0.0109202213568754, "lamda": 0.5782519206299939}, "datetime": {"datetime": "2021-09-23 21:41:05", "elapsed": 239.183519, "delta": 1.353782}}
{"target": 0.46821114893836413, "params": {"C": 511.62972023798585, "epsilon": 0.9738235622296677, "gamma": 0.009424407657720072, "lamda": 0.7370994575292672}, "datetime": {"datetime": "2021-09-23 21:41:07", "elapsed": 240.553213, "delta": 1.369694}}
{"target": 0.4673940207569388, "params": {"C": 518.7938879593762, "epsilon": 0.7339478704031713, "gamma": 0.012303938102149635, "lamda": 0.5912663570056507}, "datetime": {"datetime": "2021-09-23 21:41:09", "elapsed": 242.386027, "delta": 1.832814}}
{"target": 0.4691077148233641, "params": {"C": 508.189175962298, "epsilon": 0.7501349275688439, "gamma": 0.009702736738030297, "lamda": 0.7542087718519376}, "datetime": {"datetime": "2021-09-23 21:41:10", "elapsed": 243.991694, "delta": 1.605667}}
{"target": 0.46881900637867924, "params": {"C": 513.4977847094675, "epsilon": 0.8624724001706237, "gamma": 0.008125534017711118, "lamda": 0.6724541434164487}, "datetime": {"datetime": "2021-09-23 21:41:12", "elapsed": 245.720309, "delta": 1.728615}}
{"target": 0.4682062651574044, "params": {"C": 527.6005952015128, "epsilon": 0.7966422548020007, "gamma": 0.011750282354045374, "lamda": 0.6674246119421159}, "datetime": {"datetime": "2021-09-23 21:41:13", "elapsed": 247.013066, "delta": 1.292757}}
{"target": 0.46760204127662275, "params": {"C": 505.8129827620129, "epsilon": 0.9185222624165329, "gamma": 0.01235629719930344, "lamda": 0.7593501827087481}, "datetime": {"datetime": "2021-09-23 21:41:14", "elapsed": 248.253851, "delta": 1.240785}}
{"target": 0.46852778002788764, "params": {"C": 542.9296494185069, "epsilon": 0.7478770047980787, "gamma": 0.011177772586100327, "lamda": 0.6269802149580942}, "datetime": {"datetime": "2021-09-23 21:41:16", "elapsed": 249.538769, "delta": 1.284918}}
{"target": 0.4680620178254076, "params": {"C": 578.2582989234606, "epsilon": 0.7277293294822338, "gamma": 0.0061076638553882205, "lamda": 0.622485252292707}, "datetime": {"datetime": "2021-09-23 21:41:17", "elapsed": 251.061063, "delta": 1.522294}}
{"target": 0.4655917223568631, "params": {"C": 492.6695059514409, "epsilon": 0.7996255336842273, "gamma": 0.014561101701737345, "lamda": 0.653735906431972}, "datetime": {"datetime": "2021-09-23 21:41:19", "elapsed": 252.365058, "delta": 1.303995}}
{"target": 0.4690881555100307, "params": {"C": 508.1983340122365, "epsilon": 0.7589334987459144, "gamma": 0.008663827801642678, "lamda": 0.7491395466343784}, "datetime": {"datetime": "2021-09-23 21:41:21", "elapsed": 254.321881, "delta": 1.956823}}
{"target": 0.4691341185895287, "params": {"C": 549.2691992184033, "epsilon": 0.9881526286960431, "gamma": 0.009731806990894607, "lamda": 0.5506967308592795}, "datetime": {"datetime": "2021-09-23 21:41:22", "elapsed": 255.692812, "delta": 1.370931}}
{"target": 0.46795944816812574, "params": {"C": 523.3322593594863, "epsilon": 0.919855139524269, "gamma": 0.011891549468540465, "lamda": 0.7149501353292189}, "datetime": {"datetime": "2021-09-23 21:41:23", "elapsed": 257.012404, "delta": 1.319592}}
{"target": 0.46896205882377284, "params": {"C": 511.1539608840106, "epsilon": 0.9825947249158782, "gamma": 0.010219081076094448, "lamda": 0.5667272020837941}, "datetime": {"datetime": "2021-09-23 21:41:24", "elapsed": 258.236011, "delta": 1.223607}}
{"target": 0.4694148785457265, "params": {"C": 484.1901907146039, "epsilon": 0.9731961699879098, "gamma": 0.008873543144466273, "lamda": 0.5062837171025776}, "datetime": {"datetime": "2021-09-23 21:41:26", "elapsed": 259.790322, "delta": 1.554311}}
{"target": 0.464701824062159, "params": {"C": 507.1725669467663, "epsilon": 0.7064342150535421, "gamma": 0.014374439325242619, "lamda": 0.5782701601263733}, "datetime": {"datetime": "2021-09-23 21:41:27", "elapsed": 261.21832, "delta": 1.427998}}
{"target": 0.46777870710364033, "params": {"C": 572.074889228245, "epsilon": 0.9628069068525295, "gamma": 0.012219778776321967, "lamda": 0.6761214343381943}, "datetime": {"datetime": "2021-09-23 21:41:29", "elapsed": 262.398813, "delta": 1.180493}}
{"target": 0.46704262287962817, "params": {"C": 546.3910643912092, "epsilon": 0.8930526061351706, "gamma": 0.012964695915917236, "lamda": 0.5486697842311217}, "datetime": {"datetime": "2021-09-23 21:41:30", "elapsed": 263.734789, "delta": 1.335976}}
