{"target": 0.4695580159608318, "params": {"C": 1020.171081876956, "epsilon": 0.8574744297700041, "gamma": 0.007996750452390436, "lamda": 0.5012989480402377}, "datetime": {"datetime": "2021-09-23 22:59:35", "elapsed": 200.307996, "delta": 0.969996}}
{"target": 0.46929993272559933, "params": {"C": 858.3548819582, "epsilon": 0.8550040782606712, "gamma": 0.00789309519683462, "lamda": 0.5691177012345917}, "datetime": {"datetime": "2021-09-23 22:59:36", "elapsed": 201.507604, "delta": 1.199608}}
{"target": 0.4682430110431568, "params": {"C": 965.6932996608195, "epsilon": 0.7632030162109802, "gamma": 0.011620260516889882, "lamda": 0.6448748820441526}, "datetime": {"datetime": "2021-09-23 22:59:37", "elapsed": 202.49644, "delta": 0.988836}}
{"target": 0.4695963746803614, "params": {"C": 933.9568246993733, "epsilon": 0.7258739255109337, "gamma": 0.008752459875973425, "lamda": 0.5944256880589949}, "datetime": {"datetime": "2021-09-23 22:59:38", "elapsed": 203.411118, "delta": 0.914678}}
{"target": 0.4678259053423577, "params": {"C": 950.9335242886235, "epsilon": 0.7556349211424841, "gamma": 0.006269391680920132, "lamda": 0.6690756848255157}, "datetime": {"datetime": "2021-09-23 22:59:39", "elapsed": 204.332714, "delta": 0.921596}}
{"target": 0.46721756079217025, "params": {"C": 1033.2554871484213, "epsilon": 0.9495515274352254, "gamma": 0.00796751627254532, "lamda": 0.7975567198634803}, "datetime": {"datetime": "2021-09-23 22:59:41", "elapsed": 205.981319, "delta": 1.648605}}
{"target": 0.46919326461769684, "params": {"C": 1034.0480901054389, "epsilon": 0.8680975528837034, "gamma": 0.007973259303678315, "lamda": 0.5892605791018682}, "datetime": {"datetime": "2021-09-23 22:59:42", "elapsed": 206.96998, "delta": 0.988661}}
{"target": 0.46787625166986113, "params": {"C": 902.3632340999015, "epsilon": 0.8752331959929119, "gamma": 0.006490740485908643, "lamda": 0.605214318403668}, "datetime": {"datetime": "2021-09-23 22:59:43", "elapsed": 208.084812, "delta": 1.114832}}
{"target": 0.4689775619593157, "params": {"C": 1045.062017891101, "epsilon": 0.8669244973179967, "gamma": 0.007148186976013648, "lamda": 0.5447093223354461}, "datetime": {"datetime": "2021-09-23 22:59:44", "elapsed": 209.070611, "delta": 0.985799}}
{"target": 0.46917325696064505, "params": {"C": 938.2964877073679, "epsilon": 0.7141971850297963, "gamma": 0.010102968822216956, "lamda": 0.6653063586940556}, "datetime": {"datetime": "2021-09-23 22:59:45", "elapsed": 210.275639, "delta": 1.205028}}
{"target": 0.46883442086295424, "params": {"C": 1014.4986281459264, "epsilon": 0.7032116930557518, "gamma": 0.010780638050232466, "lamda": 0.7105788173018449}, "datetime": {"datetime": "2021-09-23 22:59:46", "elapsed": 211.44169, "delta": 1.166051}}
{"target": 0.46824333927331363, "params": {"C": 937.9690095302367, "epsilon": 0.9962971894002653, "gamma": 0.008120991470564562, "lamda": 0.6551140180679336}, "datetime": {"datetime": "2021-09-23 22:59:47", "elapsed": 212.427472, "delta": 0.985782}}
{"target": 0.4689757259906745, "params": {"C": 1029.8515504475586, "epsilon": 0.8660257555385023, "gamma": 0.010393906892993065, "lamda": 0.6073484856813192}, "datetime": {"datetime": "2021-09-23 22:59:49", "elapsed": 213.738399, "delta": 1.310927}}
{"target": 0.4696112588429462, "params": {"C": 1045.0537188758208, "epsilon": 0.8359364917864911, "gamma": 0.008457959305974407, "lamda": 0.5105055537602726}, "datetime": {"datetime": "2021-09-23 22:59:50", "elapsed": 214.728397, "delta": 0.989998}}
{"target": 0.4686795320881395, "params": {"C": 943.8740511801572, "epsilon": 0.7718967213350937, "gamma": 0.011018433112246408, "lamda": 0.649859728397894}, "datetime": {"datetime": "2021-09-23 22:59:51", "elapsed": 216.089347, "delta": 1.36095}}
{"target": 0.4682233707744117, "params": {"C": 1048.8563179025566, "epsilon": 0.96418896248272, "gamma": 0.0073298704031307385, "lamda": 0.6105343535395137}, "datetime": {"datetime": "2021-09-23 22:59:52", "elapsed": 217.093961, "delta": 1.004614}}
{"target": 0.4691262896455608, "params": {"C": 1038.9478599402682, "epsilon": 0.8657826532733606, "gamma": 0.00995958263498969, "lamda": 0.6118228221574022}, "datetime": {"datetime": "2021-09-23 22:59:53", "elapsed": 218.148149, "delta": 1.054188}}
{"target": 0.4691513856153512, "params": {"C": 1027.100348481785, "epsilon": 0.8048897332905393, "gamma": 0.006976371448738359, "lamda": 0.5253178924508481}, "datetime": {"datetime": "2021-09-23 22:59:54", "elapsed": 219.191509, "delta": 1.04336}}
{"target": 0.4683223578346357, "params": {"C": 1015.7053900307837, "epsilon": 0.8055967218058011, "gamma": 0.006453908588820219, "lamda": 0.587766152449678}, "datetime": {"datetime": "2021-09-23 22:59:55", "elapsed": 220.555706, "delta": 1.364197}}
{"target": 0.4689712864708754, "params": {"C": 967.6695793124362, "epsilon": 0.8857749226442042, "gamma": 0.010410018427307727, "lamda": 0.5059771457333725}, "datetime": {"datetime": "2021-09-23 22:59:57", "elapsed": 221.600053, "delta": 1.044347}}
{"target": 0.4664592071158953, "params": {"C": 877.4884797494516, "epsilon": 0.9711306478291082, "gamma": 0.0066501499343136015, "lamda": 0.7099720136365003}, "datetime": {"datetime": "2021-09-23 22:59:58", "elapsed": 222.697644, "delta": 1.097591}}
{"target": 0.46872443937834296, "params": {"C": 1033.0406862790228, "epsilon": 0.9827549583441749, "gamma": 0.007035971354114146, "lamda": 0.5027462771220013}, "datetime": {"datetime": "2021-09-23 22:59:59", "elapsed": 223.721673, "delta": 1.024029}}
{"target": 0.46945764555142866, "params": {"C": 1002.2809946011453, "epsilon": 0.8401412405699504, "gamma": 0.008364029611478543, "lamda": 0.566359784605952}, "datetime": {"datetime": "2021-09-23 23:00:00", "elapsed": 224.96967, "delta": 1.247997}}
{"target": 0.4663770484159615, "params": {"C": 1049.5502895225904, "epsilon": 0.9173334397812087, "gamma": 0.006364299646388226, "lamda": 0.7171215080960667}, "datetime": {"datetime": "2021-09-23 23:00:01", "elapsed": 226.288386, "delta": 1.318716}}
{"target": 0.4689785462709998, "params": {"C": 882.8093321235913, "epsilon": 0.7894696351936668, "gamma": 0.010462024064257551, "lamda": 0.5889813654044058}, "datetime": {"datetime": "2021-09-23 23:00:02", "elapsed": 227.321855, "delta": 1.033469}}
{"target": 0.4683166980791046, "params": {"C": 1025.1939209944671, "epsilon": 0.9596686892251189, "gamma": 0.006617549865772478, "lamda": 0.5153284805640347}, "datetime": {"datetime": "2021-09-23 23:00:03", "elapsed": 228.45266, "delta": 1.130805}}
{"target": 0.46934215578297933, "params": {"C": 922.2209950504281, "epsilon": 0.7039997216468019, "gamma": 0.009071505288968298, "lamda": 0.7396709190909828}, "datetime": {"datetime": "2021-09-23 23:00:04", "elapsed": 229.523749, "delta": 1.071089}}
{"target": 0.4691925947153529, "params": {"C": 989.9684712163726, "epsilon": 0.8555052163021097, "gamma": 0.009703599159159425, "lamda": 0.6205146015552397}, "datetime": {"datetime": "2021-09-23 23:00:06", "elapsed": 230.586704, "delta": 1.062955}}
{"target": 0.46892630006385716, "params": {"C": 920.4846426742135, "epsilon": 0.8921550130097562, "gamma": 0.010522964159847648, "lamda": 0.5819373815852152}, "datetime": {"datetime": "2021-09-23 23:00:07", "elapsed": 232.180706, "delta": 1.594002}}
{"target": 0.4671548764130353, "params": {"C": 897.3563569973861, "epsilon": 0.917865307031746, "gamma": 0.006014333232688231, "lamda": 0.5806122757367369}, "datetime": {"datetime": "2021-09-23 23:00:09", "elapsed": 233.628236, "delta": 1.44753}}
{"target": 0.46826584285108297, "params": {"C": 930.6983540622016, "epsilon": 0.9813992228736712, "gamma": 0.010922469892414409, "lamda": 0.697370967879172}, "datetime": {"datetime": "2021-09-23 23:00:10", "elapsed": 234.727232, "delta": 1.098996}}
{"target": 0.46826410106177363, "params": {"C": 962.377658003858, "epsilon": 0.917356344025485, "gamma": 0.009915187222755353, "lamda": 0.7818579925817877}, "datetime": {"datetime": "2021-09-23 23:00:11", "elapsed": 236.129235, "delta": 1.402003}}
{"target": 0.46959918749176754, "params": {"C": 1023.5844535038733, "epsilon": 0.8490221980491193, "gamma": 0.008208451270191108, "lamda": 0.502508176864481}, "datetime": {"datetime": "2021-09-23 23:00:12", "elapsed": 237.20029, "delta": 1.071055}}
{"target": 0.4678868426412943, "params": {"C": 871.2346409606282, "epsilon": 0.8040142979927545, "gamma": 0.01162731591122497, "lamda": 0.5144903863064554}, "datetime": {"datetime": "2021-09-23 23:00:13", "elapsed": 238.447334, "delta": 1.247044}}
{"target": 0.46966199126076147, "params": {"C": 997.15576021577, "epsilon": 0.7022689472524515, "gamma": 0.00787154238086045, "lamda": 0.5358645584657489}, "datetime": {"datetime": "2021-09-23 23:00:15", "elapsed": 240.023014, "delta": 1.57568}}
{"target": 0.4685075582728718, "params": {"C": 955.8658496437452, "epsilon": 0.8364185660252377, "gamma": 0.011067348889690649, "lamda": 0.7283736196636871}, "datetime": {"datetime": "2021-09-23 23:00:16", "elapsed": 241.053013, "delta": 1.029999}}
{"target": 0.46908483934028145, "params": {"C": 953.8419055833381, "epsilon": 0.9986842446028654, "gamma": 0.008410370304809121, "lamda": 0.5516628571696816}, "datetime": {"datetime": "2021-09-23 23:00:17", "elapsed": 242.236698, "delta": 1.183685}}
{"target": 0.46933509892601966, "params": {"C": 880.1722125998974, "epsilon": 0.978098462957986, "gamma": 0.008598802851890042, "lamda": 0.5221258534854025}, "datetime": {"datetime": "2021-09-23 23:00:19", "elapsed": 243.835251, "delta": 1.598553}}
{"target": 0.4681498391980653, "params": {"C": 878.981275966473, "epsilon": 0.7233103963383832, "gamma": 0.011676610916128552, "lamda": 0.6517843720332539}, "datetime": {"datetime": "2021-09-23 23:00:20", "elapsed": 244.88684, "delta": 1.051589}}
{"target": 0.46813491397613327, "params": {"C": 947.0866480224631, "epsilon": 0.9071744430358064, "gamma": 0.011751230148176308, "lamda": 0.6788678683170776}, "datetime": {"datetime": "2021-09-23 23:00:21", "elapsed": 246.391871, "delta": 1.505031}}
{"target": 0.4667486730349988, "params": {"C": 914.2506384043946, "epsilon": 0.8415970521418792, "gamma": 0.0063026070970501336, "lamda": 0.7309742145751075}, "datetime": {"datetime": "2021-09-23 23:00:23", "elapsed": 247.824732, "delta": 1.432861}}
{"target": 0.46906662107946506, "params": {"C": 875.8070700929364, "epsilon": 0.8141315802491249, "gamma": 0.009580886577930534, "lamda": 0.7082427791828074}, "datetime": {"datetime": "2021-09-23 23:00:24", "elapsed": 248.930462, "delta": 1.10573}}
{"target": 0.46836128975778835, "params": {"C": 917.1063439377053, "epsilon": 0.8758119943441502, "gamma": 0.008314308659796798, "lamda": 0.7456262509481468}, "datetime": {"datetime": "2021-09-23 23:00:25", "elapsed": 250.056296, "delta": 1.125834}}
{"target": 0.46836078793527425, "params": {"C": 976.0723455295645, "epsilon": 0.9491208264420138, "gamma": 0.011455833875598743, "lamda": 0.6070737633354815}, "datetime": {"datetime": "2021-09-23 23:00:26", "elapsed": 251.207952, "delta": 1.151656}}
{"target": 0.4675642390692881, "params": {"C": 957.1373709551066, "epsilon": 0.8463680614558888, "gamma": 0.006950065593141748, "lamda": 0.7333164558450211}, "datetime": {"datetime": "2021-09-23 23:00:28", "elapsed": 252.804108, "delta": 1.596156}}
{"target": 0.4681619927596611, "params": {"C": 976.0860954717446, "epsilon": 0.9007450595537377, "gamma": 0.011453993982117276, "lamda": 0.7376454617107195}, "datetime": {"datetime": "2021-09-23 23:00:29", "elapsed": 253.886196, "delta": 1.082088}}
{"target": 0.4674147972052066, "params": {"C": 965.2734048937681, "epsilon": 0.994612683300057, "gamma": 0.011893199309135825, "lamda": 0.798379993212391}, "datetime": {"datetime": "2021-09-23 23:00:31", "elapsed": 255.84879, "delta": 1.962594}}
{"target": 0.46836418485480014, "params": {"C": 1034.7114968159124, "epsilon": 0.7581334146020338, "gamma": 0.006480696726142743, "lamda": 0.6241849246111132}, "datetime": {"datetime": "2021-09-23 23:00:32", "elapsed": 257.466908, "delta": 1.618118}}
{"target": 0.4692132837778372, "params": {"C": 920.6314663578503, "epsilon": 0.7577077538892625, "gamma": 0.007881575997328912, "lamda": 0.6673010050775505}, "datetime": {"datetime": "2021-09-23 23:00:34", "elapsed": 258.648061, "delta": 1.181153}}
{"target": 0.46825500323343894, "params": {"C": 891.8672966177829, "epsilon": 0.8978044016614819, "gamma": 0.01160586324365274, "lamda": 0.5580440770191009}, "datetime": {"datetime": "2021-09-23 23:00:35", "elapsed": 259.92778, "delta": 1.279719}}
{"target": 0.46844774376546794, "params": {"C": 952.1299200174664, "epsilon": 0.9577355467781281, "gamma": 0.011328709019955387, "lamda": 0.526462464923629}, "datetime": {"datetime": "2021-09-23 23:00:36", "elapsed": 261.462162, "delta": 1.534382}}
{"target": 0.4680058822312104, "params": {"C": 988.7288734322166, "epsilon": 0.897290682715094, "gamma": 0.011970471356634465, "lamda": 0.578460787163876}, "datetime": {"datetime": "2021-09-23 23:00:38", "elapsed": 263.052038, "delta": 1.589876}}
{"target": 0.46889856476306246, "params": {"C": 1042.4775845512133, "epsilon": 0.7485116796114192, "gamma": 0.010582273670254501, "lamda": 0.7147039839130264}, "datetime": {"datetime": "2021-09-23 23:00:39", "elapsed": 264.261067, "delta": 1.209029}}
{"target": 0.4690383402129783, "params": {"C": 991.0321632621939, "epsilon": 0.8099487279133317, "gamma": 0.007945951471526371, "lamda": 0.6630820832125678}, "datetime": {"datetime": "2021-09-23 23:00:41", "elapsed": 265.577691, "delta": 1.316624}}
{"target": 0.4686664682000464, "params": {"C": 937.9273005297974, "epsilon": 0.9743505508116124, "gamma": 0.01084752830120642, "lamda": 0.5928685560431408}, "datetime": {"datetime": "2021-09-23 23:00:42", "elapsed": 267.303916, "delta": 1.726225}}
{"target": 0.4679825205054966, "params": {"C": 855.6199910688068, "epsilon": 0.9344947359810544, "gamma": 0.011866429755826994, "lamda": 0.5101874332662447}, "datetime": {"datetime": "2021-09-23 23:00:44", "elapsed": 268.915582, "delta": 1.611666}}
{"target": 0.46756082321859194, "params": {"C": 960.7637195531852, "epsilon": 0.9836250171099059, "gamma": 0.011882093071397166, "lamda": 0.7774777642516378}, "datetime": {"datetime": "2021-09-23 23:00:46", "elapsed": 271.419349, "delta": 2.503767}}
{"target": 0.4685913072601151, "params": {"C": 926.7012625474473, "epsilon": 0.7980255495013139, "gamma": 0.011153857196910416, "lamda": 0.6800722613343261}, "datetime": {"datetime": "2021-09-23 23:00:48", "elapsed": 273.211757, "delta": 1.792408}}
{"target": 0.46846501835621346, "params": {"C": 911.9284673876017, "epsilon": 0.8642419167205789, "gamma": 0.00819838549250319, "lamda": 0.7320113966900516}, "datetime": {"datetime": "2021-09-23 23:00:50", "elapsed": 275.13962, "delta": 1.927863}}
{"target": 0.4681876213810998, "params": {"C": 959.9262888030077, "epsilon": 0.9990817709672479, "gamma": 0.008118563089421101, "lamda": 0.6599168879967291}, "datetime": {"datetime": "2021-09-23 23:00:52", "elapsed": 276.983751, "delta": 1.844131}}
{"target": 0.46844493180912194, "params": {"C": 893.914043178299, "epsilon": 0.7941843661250638, "gamma": 0.00653312896157933, "lamda": 0.5912491539283304}, "datetime": {"datetime": "2021-09-23 23:00:53", "elapsed": 278.241424, "delta": 1.257673}}
{"target": 0.4664573992545601, "params": {"C": 990.3075886973777, "epsilon": 0.9715286288749534, "gamma": 0.006827435083971401, "lamda": 0.7333087568519272}, "datetime": {"datetime": "2021-09-23 23:00:55", "elapsed": 279.911451, "delta": 1.670027}}
{"target": 0.4688668232240516, "params": {"C": 897.3316991012279, "epsilon": 0.9444296263989133, "gamma": 0.008468971127098242, "lamda": 0.6246651433020521}, "datetime": {"datetime": "2021-09-23 23:00:56", "elapsed": 281.282049, "delta": 1.370598}}
{"target": 0.4693212958478101, "params": {"C": 919.6448178785846, "epsilon": 0.8907517385506311, "gamma": 0.008698779861402337, "lamda": 0.5822005088763662}, "datetime": {"datetime": "2021-09-23 23:00:58", "elapsed": 282.947044, "delta": 1.664995}}
{"target": 0.4681478400084992, "params": {"C": 924.2983579532391, "epsilon": 0.9350359337732126, "gamma": 0.010550934602848215, "lamda": 0.777536231824635}, "datetime": {"datetime": "2021-09-23 23:00:59", "elapsed": 284.333395, "delta": 1.386351}}
{"target": 0.4692787141540208, "params": {"C": 872.9937624331144, "epsilon": 0.9084055976143928, "gamma": 0.009280147571250267, "lamda": 0.5782519206299939}, "datetime": {"datetime": "2021-09-23 23:01:01", "elapsed": 285.728775, "delta": 1.39538}}
{"target": 0.46779390469295046, "params": {"C": 902.716200396643, "epsilon": 0.9738235622296677, "gamma": 0.008282938438480048, "lamda": 0.7370994575292672}, "datetime": {"datetime": "2021-09-23 23:01:02", "elapsed": 287.082454, "delta": 1.353679}}
{"target": 0.4692725807092427, "params": {"C": 894.5225318929491, "epsilon": 0.7388002770023829, "gamma": 0.009854101086260331, "lamda": 0.6363478262718923}, "datetime": {"datetime": "2021-09-23 23:01:04", "elapsed": 289.296469, "delta": 2.214015}}
{"target": 0.46877143256931486, "params": {"C": 851.5240329611177, "epsilon": 0.780914428244346, "gamma": 0.010820471859264527, "lamda": 0.6941144854827267}, "datetime": {"datetime": "2021-09-23 23:01:06", "elapsed": 290.745986, "delta": 1.449517}}
{"target": 0.4688289458753081, "params": {"C": 864.4268442235331, "epsilon": 0.8418076654010735, "gamma": 0.010690382517907982, "lamda": 0.6408060170697132}, "datetime": {"datetime": "2021-09-23 23:01:07", "elapsed": 292.100986, "delta": 1.355}}
{"target": 0.4691661541894212, "params": {"C": 929.3343253358546, "epsilon": 0.7966422548020007, "gamma": 0.009833521569363582, "lamda": 0.6674246119421159}, "datetime": {"datetime": "2021-09-23 23:01:08", "elapsed": 293.510987, "delta": 1.410001}}
{"target": 0.4683614510979366, "params": {"C": 893.0216379366882, "epsilon": 0.9185222624165329, "gamma": 0.010237531466202293, "lamda": 0.7593501827087481}, "datetime": {"datetime": "2021-09-23 23:01:10", "elapsed": 295.292984, "delta": 1.781997}}
{"target": 0.4694071172010156, "params": {"C": 954.8827490308448, "epsilon": 0.7478770047980787, "gamma": 0.009451848390733552, "lamda": 0.6269802149580942}, "datetime": {"datetime": "2021-09-23 23:01:12", "elapsed": 297.117983, "delta": 1.824999}}
{"target": 0.46917865899003397, "params": {"C": 860.8234362375588, "epsilon": 0.8399990516596074, "gamma": 0.008936371523796477, "lamda": 0.6603564680551134}, "datetime": {"datetime": "2021-09-23 23:01:14", "elapsed": 299.056244, "delta": 1.938261}}
{"target": 0.46822808224874823, "params": {"C": 871.1158432524015, "epsilon": 0.7996255336842273, "gamma": 0.011707401134491565, "lamda": 0.653735906431972}, "datetime": {"datetime": "2021-09-23 23:01:15", "elapsed": 300.453761, "delta": 1.397517}}
{"target": 0.4693380936274911, "params": {"C": 930.7143112179546, "epsilon": 0.80603710721572, "gamma": 0.009018943755726498, "lamda": 0.6421902829427799}, "datetime": {"datetime": "2021-09-23 23:01:17", "elapsed": 301.88778, "delta": 1.434019}}
{"target": 0.46914433469108774, "params": {"C": 965.4486653640055, "epsilon": 0.9881526286960431, "gamma": 0.008487871327263072, "lamda": 0.5506967308592795}, "datetime": {"datetime": "2021-09-23 23:01:18", "elapsed": 303.355393, "delta": 1.467613}}
{"target": 0.4686125110327265, "params": {"C": 922.2204322658106, "epsilon": 0.919855139524269, "gamma": 0.009927699645693643, "lamda": 0.7149501353292189}, "datetime": {"datetime": "2021-09-23 23:01:20", "elapsed": 304.907012, "delta": 1.551619}}
{"target": 0.46913116687201073, "params": {"C": 901.9232681400176, "epsilon": 0.9825947249158782, "gamma": 0.008812720717396298, "lamda": 0.5667272020837941}, "datetime": {"datetime": "2021-09-23 23:01:21", "elapsed": 306.311854, "delta": 1.404842}}
{"target": 0.4692611062224432, "params": {"C": 856.9836511910065, "epsilon": 0.9731961699879098, "gamma": 0.007915695429644182, "lamda": 0.5062837171025776}, "datetime": {"datetime": "2021-09-23 23:01:23", "elapsed": 307.69022, "delta": 1.378366}}
{"target": 0.46790978611743483, "params": {"C": 895.2876115779438, "epsilon": 0.7064342150535421, "gamma": 0.011582959550161746, "lamda": 0.5782701601263733}, "datetime": {"datetime": "2021-09-23 23:01:24", "elapsed": 309.184966, "delta": 1.494746}}
{"target": 0.4686103911995311, "params": {"C": 1003.4581487137416, "epsilon": 0.9628069068525295, "gamma": 0.010146519184214645, "lamda": 0.6761214343381943}, "datetime": {"datetime": "2021-09-23 23:01:25", "elapsed": 310.536964, "delta": 1.351998}}
{"target": 0.468878355053411, "params": {"C": 960.6517739853485, "epsilon": 0.8930526061351706, "gamma": 0.010643130610611493, "lamda": 0.5486697842311217}, "datetime": {"datetime": "2021-09-23 23:01:27", "elapsed": 312.52438, "delta": 1.987416}}
{"target": 0.4688391719778947, "params": {"C": 1028.6900509972215, "epsilon": 0.9762835583515439, "gamma": 0.00862166252729107, "lamda": 0.6147525039878121}, "datetime": {"datetime": "2021-09-23 23:01:30", "elapsed": 314.678543, "delta": 2.154163}}
{"target": 0.4685211730366641, "params": {"C": 921.8127667183797, "epsilon": 0.9675757222826336, "gamma": 0.010446315628752792, "lamda": 0.6792295705145719}, "datetime": {"datetime": "2021-09-23 23:01:31", "elapsed": 316.103711, "delta": 1.425168}}
{"target": 0.4689652309343011, "params": {"C": 939.1055071613793, "epsilon": 0.7732926150848921, "gamma": 0.010514550340064549, "lamda": 0.6317911579354203}, "datetime": {"datetime": "2021-09-23 23:01:32", "elapsed": 317.502988, "delta": 1.399277}}
{"target": 0.46813894649667753, "params": {"C": 990.7761678166048, "epsilon": 0.9993067907182154, "gamma": 0.0073286935498991426, "lamda": 0.5982248984794973}, "datetime": {"datetime": "2021-09-23 23:01:34", "elapsed": 319.191493, "delta": 1.688505}}
{"target": 0.46883170756882164, "params": {"C": 902.0788361650704, "epsilon": 0.9134644419802986, "gamma": 0.008947589357347293, "lamda": 0.6728495503113529}, "datetime": {"datetime": "2021-09-23 23:01:36", "elapsed": 321.189119, "delta": 1.997626}}
