{"target": -44.480620005483644, "params": {"C": 46.43396431595514, "epsilon": 0.8348277740475327, "gamma": 0.05777444938922783, "lamda": 0.4337436344643438}, "datetime": {"datetime": "2021-09-24 18:36:27", "elapsed": 59.108535, "delta": 0.740562}}
{"target": -45.357610570452884, "params": {"C": 46.48744113095933, "epsilon": 0.6528630322747547, "gamma": 0.08603881217237733, "lamda": 0.10145243209050891}, "datetime": {"datetime": "2021-09-24 18:36:27", "elapsed": 59.975414, "delta": 0.866879}}
{"target": -48.67352973932154, "params": {"C": 27.013385584854795, "epsilon": 0.001, "gamma": 0.001, "lamda": 1.3104985363415051}, "datetime": {"datetime": "2021-09-24 18:36:29", "elapsed": 61.300485, "delta": 1.325071}}
{"target": -45.77779135081533, "params": {"C": 33.411849469176595, "epsilon": 0.11646224648361071, "gamma": 0.09725673305844579, "lamda": 1.29761153849477}, "datetime": {"datetime": "2021-09-24 18:36:29", "elapsed": 61.841539, "delta": 0.541054}}
{"target": -43.70024371029686, "params": {"C": 48.243935511076565, "epsilon": 0.9239562930501818, "gamma": 0.03868996692529943, "lamda": 0.18413238522405606}, "datetime": {"datetime": "2021-09-24 18:36:30", "elapsed": 62.778501, "delta": 0.936962}}
{"target": -45.7818376418537, "params": {"C": 48.22333949655639, "epsilon": 0.7109721106447843, "gamma": 0.1, "lamda": 0.21964185443896903}, "datetime": {"datetime": "2021-09-24 18:36:31", "elapsed": 63.69076, "delta": 0.912259}}
{"target": -48.52982326865509, "params": {"C": 27.411914129862115, "epsilon": 0.14195603231755227, "gamma": 0.001, "lamda": 1.2803535975612614}, "datetime": {"datetime": "2021-09-24 18:36:32", "elapsed": 64.633104, "delta": 0.942344}}
{"target": -44.628161841673254, "params": {"C": 25.58785965180081, "epsilon": 0.10930103170382567, "gamma": 0.05854429804736429, "lamda": 0.9668402542551393}, "datetime": {"datetime": "2021-09-24 18:36:33", "elapsed": 65.458307, "delta": 0.825203}}
{"target": -44.732643699348294, "params": {"C": 48.33016645529812, "epsilon": 0.8857464440252016, "gamma": 0.06682273810374, "lamda": 0.044895206542177594}, "datetime": {"datetime": "2021-09-24 18:36:34", "elapsed": 66.479977, "delta": 1.02167}}
{"target": -46.313315003852274, "params": {"C": 46.30812005921394, "epsilon": 0.9144999919712713, "gamma": 0.001, "lamda": 0.26254851787076955}, "datetime": {"datetime": "2021-09-24 18:36:35", "elapsed": 67.548658, "delta": 1.068681}}
{"target": -43.31996589001301, "params": {"C": 38.179263538280246, "epsilon": 0.5096538659936594, "gamma": 0.017652394593784596, "lamda": 0.5004539608627767}, "datetime": {"datetime": "2021-09-24 18:36:36", "elapsed": 68.146127, "delta": 0.597469}}
{"target": -48.86577845126072, "params": {"C": 25.63902968556106, "epsilon": 0.1171400473423094, "gamma": 0.001, "lamda": 0.7891563194381571}, "datetime": {"datetime": "2021-09-24 18:36:36", "elapsed": 68.879481, "delta": 0.733354}}
{"target": -43.97022963155128, "params": {"C": 27.21916143920887, "epsilon": 0.08375174654520136, "gamma": 0.0349317251613926, "lamda": 1.1757399601730274}, "datetime": {"datetime": "2021-09-24 18:36:37", "elapsed": 69.517727, "delta": 0.638246}}
{"target": -45.31609881363175, "params": {"C": 25.364892156245045, "epsilon": 0.25597817997966554, "gamma": 0.08165180662577977, "lamda": 1.0216874082241676}, "datetime": {"datetime": "2021-09-24 18:36:38", "elapsed": 70.335222, "delta": 0.817495}}
{"target": -45.13567226830858, "params": {"C": 43.5526665219944, "epsilon": 0.7898281334210944, "gamma": 0.084317983192882, "lamda": 0.9686164096221856}, "datetime": {"datetime": "2021-09-24 18:36:38", "elapsed": 70.869866, "delta": 0.534644}}
{"target": -44.46153164584131, "params": {"C": 47.97643166008586, "epsilon": 0.7323042472094297, "gamma": 0.0595768768993247, "lamda": 0.2751425614248824}, "datetime": {"datetime": "2021-09-24 18:36:39", "elapsed": 71.529962, "delta": 0.660096}}
{"target": -44.31225634603742, "params": {"C": 46.525749497274234, "epsilon": 0.9607368175078891, "gamma": 0.05671109091605833, "lamda": 0.15889504355129244}, "datetime": {"datetime": "2021-09-24 18:36:40", "elapsed": 72.610184, "delta": 1.080222}}
{"target": -44.17323493629535, "params": {"C": 47.756354848439166, "epsilon": 0.9702755076110069, "gamma": 0.054081715895017334, "lamda": 0.13690199897536545}, "datetime": {"datetime": "2021-09-24 18:36:41", "elapsed": 73.414781, "delta": 0.804597}}
{"target": -50.531744851361644, "params": {"C": 4.691133365222026, "epsilon": 0.5275722114453016, "gamma": 0.09106942366525114, "lamda": 0.42073522282728}, "datetime": {"datetime": "2021-09-24 18:36:41", "elapsed": 74.017708, "delta": 0.602927}}
{"target": -46.11368315169567, "params": {"C": 48.149435461644515, "epsilon": 0.8101053105901566, "gamma": 0.001, "lamda": 0.09251056004859458}, "datetime": {"datetime": "2021-09-24 18:36:42", "elapsed": 75.051535, "delta": 1.033827}}
{"target": -43.91131455653393, "params": {"C": 46.3957494007193, "epsilon": 0.8503609259838046, "gamma": 0.043287723808233376, "lamda": 0.08465710411100626}, "datetime": {"datetime": "2021-09-24 18:36:44", "elapsed": 76.107135, "delta": 1.0556}}
{"target": -46.38161398557786, "params": {"C": 5.651903151079761, "epsilon": 0.604349248164749, "gamma": 0.03223323429213502, "lamda": 0.8659785633366992}, "datetime": {"datetime": "2021-09-24 18:36:44", "elapsed": 76.71913, "delta": 0.611995}}
{"target": -43.70403174342018, "params": {"C": 25.76094196996012, "epsilon": 0.08784436692610784, "gamma": 0.025168518377661576, "lamda": 0.9904678916775413}, "datetime": {"datetime": "2021-09-24 18:36:45", "elapsed": 77.519287, "delta": 0.800157}}
{"target": -46.096472506292905, "params": {"C": 48.39096424834035, "epsilon": 0.6892756349326054, "gamma": 0.001, "lamda": 0.10915123052489141}, "datetime": {"datetime": "2021-09-24 18:36:46", "elapsed": 78.658902, "delta": 1.139615}}
{"target": -46.21125703123444, "params": {"C": 46.42533567940178, "epsilon": 0.9977747562337206, "gamma": 0.001, "lamda": 0.0331816889290588}, "datetime": {"datetime": "2021-09-24 18:36:47", "elapsed": 79.658523, "delta": 0.999621}}
{"target": -43.26840905546876, "params": {"C": 48.0021856075178, "epsilon": 0.6123639476444853, "gamma": 0.015697191880800185, "lamda": 0.18065667626877943}, "datetime": {"datetime": "2021-09-24 18:36:48", "elapsed": 80.7363, "delta": 1.077777}}
{"target": -46.91667924566436, "params": {"C": 12.420407508665669, "epsilon": 0.45179635472423557, "gamma": 0.09674718550932852, "lamda": 0.17767504363300815}, "datetime": {"datetime": "2021-09-24 18:36:49", "elapsed": 81.300723, "delta": 0.564423}}
{"target": -46.28572915597566, "params": {"C": 46.47064653689283, "epsilon": 0.8335195219450712, "gamma": 0.001, "lamda": 0.20201422742134956}, "datetime": {"datetime": "2021-09-24 18:36:50", "elapsed": 82.230443, "delta": 0.92972}}
{"target": -43.32573558211708, "params": {"C": 48.350343203611246, "epsilon": 0.8794075288295121, "gamma": 0.02790751237484948, "lamda": 0.36024610001865714}, "datetime": {"datetime": "2021-09-24 18:36:50", "elapsed": 83.017084, "delta": 0.786641}}
{"target": -45.524094983012986, "params": {"C": 25.412868637277796, "epsilon": 0.6579565969991792, "gamma": 0.08860703737881925, "lamda": 0.2603394874515806}, "datetime": {"datetime": "2021-09-24 18:36:51", "elapsed": 83.674073, "delta": 0.656989}}
{"target": -44.551648522918214, "params": {"C": 43.03146571183061, "epsilon": 0.25047051961318967, "gamma": 0.06182043262804955, "lamda": 0.626498947239828}, "datetime": {"datetime": "2021-09-24 18:36:52", "elapsed": 84.302341, "delta": 0.628268}}
{"target": -44.7820604990237, "params": {"C": 11.487797626451243, "epsilon": 0.32010731230031403, "gamma": 0.00828560113968608, "lamda": 0.6747077012570248}, "datetime": {"datetime": "2021-09-24 18:36:52", "elapsed": 84.921913, "delta": 0.619572}}
{"target": -44.15796671096192, "params": {"C": 47.97339202610493, "epsilon": 0.5843463909663177, "gamma": 0.05307198507801121, "lamda": 0.3155650396681826}, "datetime": {"datetime": "2021-09-24 18:36:53", "elapsed": 85.640029, "delta": 0.718116}}
{"target": -45.52925478767043, "params": {"C": 48.27316078836973, "epsilon": 0.8924902217082191, "gamma": 0.08991833455808632, "lamda": 0.3053789893266122}, "datetime": {"datetime": "2021-09-24 18:36:54", "elapsed": 86.54955, "delta": 0.909521}}
{"target": -43.68401309803487, "params": {"C": 25.540499109005474, "epsilon": 0.26803375461237716, "gamma": 0.02713733857540072, "lamda": 1.0602580366598966}, "datetime": {"datetime": "2021-09-24 18:36:55", "elapsed": 87.305015, "delta": 0.755465}}
{"target": -45.01719652260561, "params": {"C": 48.0816236916572, "epsilon": 0.5624585179332697, "gamma": 0.07640605668632706, "lamda": 0.11014467425872562}, "datetime": {"datetime": "2021-09-24 18:36:56", "elapsed": 88.512172, "delta": 1.207157}}
{"target": -44.46388193922145, "params": {"C": 48.523748792618534, "epsilon": 0.8351506333694791, "gamma": 0.05787908398863314, "lamda": 0.37758911234386555}, "datetime": {"datetime": "2021-09-24 18:36:57", "elapsed": 89.391351, "delta": 0.879179}}
{"target": -42.95941246576686, "params": {"C": 47.85999527482607, "epsilon": 0.9223276740588373, "gamma": 0.007824214267111461, "lamda": 0.2927161069407854}, "datetime": {"datetime": "2021-09-24 18:36:58", "elapsed": 90.508608, "delta": 1.117257}}
{"target": -45.65484000670209, "params": {"C": 38.12633975011027, "epsilon": 0.4551172108563025, "gamma": 0.09494275086369901, "lamda": 0.5667913785673786}, "datetime": {"datetime": "2021-09-24 18:36:59", "elapsed": 91.289839, "delta": 0.781231}}
{"target": -43.341586343690466, "params": {"C": 48.45640307734138, "epsilon": 0.9309044049003296, "gamma": 0.027935269388955578, "lamda": 0.27082020307754434}, "datetime": {"datetime": "2021-09-24 18:37:00", "elapsed": 92.209712, "delta": 0.919873}}
{"target": -46.24786188587958, "params": {"C": 48.426931129456584, "epsilon": 0.9881605088942486, "gamma": 0.001, "lamda": 0.3996311909996456}, "datetime": {"datetime": "2021-09-24 18:37:01", "elapsed": 93.377252, "delta": 1.16754}}
{"target": -44.640929501266434, "params": {"C": 14.54632952351942, "epsilon": 0.8210949818951244, "gamma": 0.05342630830955882, "lamda": 0.08678059152250166}, "datetime": {"datetime": "2021-09-24 18:37:02", "elapsed": 94.229412, "delta": 0.85216}}
{"target": -44.848222960999074, "params": {"C": 22.88627052235128, "epsilon": 0.996718977061351, "gamma": 0.06707346696263752, "lamda": 0.15376091931931526}, "datetime": {"datetime": "2021-09-24 18:37:02", "elapsed": 94.927701, "delta": 0.698289}}
{"target": -43.60317404702531, "params": {"C": 25.55703371048683, "epsilon": 0.3600614546048808, "gamma": 0.027666419455629667, "lamda": 1.2120490078816655}, "datetime": {"datetime": "2021-09-24 18:37:04", "elapsed": 96.167971, "delta": 1.24027}}
{"target": -43.63655219313378, "params": {"C": 25.735120478183216, "epsilon": 0.2649962951477703, "gamma": 0.025287909943768033, "lamda": 1.015435371380789}, "datetime": {"datetime": "2021-09-24 18:37:05", "elapsed": 97.534058, "delta": 1.366087}}
{"target": -47.10271194337652, "params": {"C": 38.23541137416642, "epsilon": 0.5986194173365232, "gamma": 0.001, "lamda": 0.41916573455319334}, "datetime": {"datetime": "2021-09-24 18:37:06", "elapsed": 98.633713, "delta": 1.099655}}
{"target": -43.63042802465495, "params": {"C": 25.555611842936102, "epsilon": 0.38836077802860053, "gamma": 0.029018035451708526, "lamda": 1.0847409606993126}, "datetime": {"datetime": "2021-09-24 18:37:07", "elapsed": 99.679296, "delta": 1.045583}}
{"target": -45.5418185962116, "params": {"C": 25.851511621745153, "epsilon": 0.21827133510904215, "gamma": 0.0879367266593371, "lamda": 0.9549813385544568}, "datetime": {"datetime": "2021-09-24 18:37:08", "elapsed": 100.816677, "delta": 1.137381}}
{"target": -44.472895947982614, "params": {"C": 28.229495352253096, "epsilon": 0.6612635233472194, "gamma": 0.06080270349299944, "lamda": 0.02074675491413786}, "datetime": {"datetime": "2021-09-24 18:37:09", "elapsed": 102.00585, "delta": 1.189173}}
{"target": -46.2096588277034, "params": {"C": 47.754486328299826, "epsilon": 0.9807598056866448, "gamma": 0.001, "lamda": 0.2914135087387187}, "datetime": {"datetime": "2021-09-24 18:37:11", "elapsed": 103.334464, "delta": 1.328614}}
{"target": -44.07218382354981, "params": {"C": 25.69306598653898, "epsilon": 0.33484725828142586, "gamma": 0.04257446457725201, "lamda": 0.9294468587343878}, "datetime": {"datetime": "2021-09-24 18:37:12", "elapsed": 104.105037, "delta": 0.770573}}
{"target": -44.696059542067005, "params": {"C": 47.7406858309524, "epsilon": 0.9487828749574218, "gamma": 0.06604640848829377, "lamda": 0.15395683494156315}, "datetime": {"datetime": "2021-09-24 18:37:12", "elapsed": 104.874231, "delta": 0.769194}}
{"target": -45.669858185457585, "params": {"C": 25.440631949132598, "epsilon": 0.2601617500017459, "gamma": 0.08986231473028132, "lamda": 1.21880803594509}, "datetime": {"datetime": "2021-09-24 18:37:13", "elapsed": 105.671929, "delta": 0.797698}}
{"target": -43.33560424453538, "params": {"C": 25.681990714706792, "epsilon": 0.4488631417625331, "gamma": 0.016474182999665507, "lamda": 1.2090026396703177}, "datetime": {"datetime": "2021-09-24 18:37:14", "elapsed": 106.631051, "delta": 0.959122}}
{"target": -43.664732273478386, "params": {"C": 40.65498103767288, "epsilon": 0.22709350168665093, "gamma": 0.03687299603507519, "lamda": 1.484880495641406}, "datetime": {"datetime": "2021-09-24 18:37:15", "elapsed": 107.367493, "delta": 0.736442}}
{"target": -47.56635642589899, "params": {"C": 6.447543820264832, "epsilon": 0.13427508718198466, "gamma": 0.06507372855973477, "lamda": 0.8657338142141204}, "datetime": {"datetime": "2021-09-24 18:37:16", "elapsed": 108.119585, "delta": 0.752092}}
{"target": -44.04244903482538, "params": {"C": 14.414564440854274, "epsilon": 0.8477266245193019, "gamma": 0.016432726292406392, "lamda": 0.008099534905931797}, "datetime": {"datetime": "2021-09-24 18:37:16", "elapsed": 108.962606, "delta": 0.843021}}
{"target": -46.145952609614255, "params": {"C": 48.08967435687836, "epsilon": 0.5458034259076653, "gamma": 0.001, "lamda": 0.260581048654835}, "datetime": {"datetime": "2021-09-24 18:37:17", "elapsed": 109.848337, "delta": 0.885731}}
{"target": -46.02464580253484, "params": {"C": 13.183133105444265, "epsilon": 0.6741601807629025, "gamma": 0.08158854780119619, "lamda": 0.7183844513227261}, "datetime": {"datetime": "2021-09-24 18:37:18", "elapsed": 110.549597, "delta": 0.70126}}
{"target": -44.46112665188669, "params": {"C": 30.172655071678122, "epsilon": 0.5290799994353341, "gamma": 0.056687145899683926, "lamda": 0.6968736591766665}, "datetime": {"datetime": "2021-09-24 18:37:19", "elapsed": 111.210942, "delta": 0.661345}}
{"target": -44.11902117778211, "params": {"C": 25.713903548447814, "epsilon": 0.4245460524204871, "gamma": 0.04578844957235569, "lamda": 1.0429226183835432}, "datetime": {"datetime": "2021-09-24 18:37:20", "elapsed": 112.228343, "delta": 1.017401}}
{"target": -46.05304448772584, "params": {"C": 25.697413939010108, "epsilon": 0.35602367833967125, "gamma": 0.09955187123601367, "lamda": 1.2269294797446952}, "datetime": {"datetime": "2021-09-24 18:37:21", "elapsed": 113.399752, "delta": 1.171409}}
{"target": -44.65359612083223, "params": {"C": 47.84580443005849, "epsilon": 0.8549588303918695, "gamma": 0.06332485116181734, "lamda": 0.28275589087059444}, "datetime": {"datetime": "2021-09-24 18:37:22", "elapsed": 114.678177, "delta": 1.278425}}
{"target": -44.367882088073024, "params": {"C": 33.917724597273455, "epsilon": 0.12193917719299817, "gamma": 0.0555723599988207, "lamda": 1.1932847798501545}, "datetime": {"datetime": "2021-09-24 18:37:23", "elapsed": 115.481113, "delta": 0.802936}}
{"target": -45.4223054144916, "params": {"C": 25.606490282811986, "epsilon": 0.5063059316106573, "gamma": 0.08036244937287372, "lamda": 1.2617364066301302}, "datetime": {"datetime": "2021-09-24 18:37:24", "elapsed": 116.712186, "delta": 1.231073}}
{"target": -44.73994991713817, "params": {"C": 18.813704675571557, "epsilon": 0.8143242333574843, "gamma": 0.05705057148004623, "lamda": 1.4437146171848507}, "datetime": {"datetime": "2021-09-24 18:37:25", "elapsed": 117.555729, "delta": 0.843543}}
{"target": -43.29572185324155, "params": {"C": 38.39095432041016, "epsilon": 0.07778025056258209, "gamma": 0.010013255605859896, "lamda": 0.9951447387466252}, "datetime": {"datetime": "2021-09-24 18:37:26", "elapsed": 118.369479, "delta": 0.81375}}
{"target": -44.35471863791998, "params": {"C": 48.347425719119045, "epsilon": 0.9672921049746088, "gamma": 0.001963927117060041, "lamda": 0.2031604037692019}, "datetime": {"datetime": "2021-09-24 18:37:28", "elapsed": 120.381403, "delta": 2.011924}}
{"target": -44.71610135520451, "params": {"C": 38.54096434556968, "epsilon": 0.1279786387116792, "gamma": 0.06508077997679276, "lamda": 1.0257535452212254}, "datetime": {"datetime": "2021-09-24 18:37:29", "elapsed": 121.442822, "delta": 1.061419}}
{"target": -44.22342610156302, "params": {"C": 30.1871159544224, "epsilon": 0.5294751664207564, "gamma": 0.05222816228069319, "lamda": 0.08548847573178678}, "datetime": {"datetime": "2021-09-24 18:37:30", "elapsed": 122.26941, "delta": 0.826588}}
{"target": -43.51504582419796, "params": {"C": 46.268878361105806, "epsilon": 0.7211135903175256, "gamma": 0.026858691767065714, "lamda": 0.2064769975971479}, "datetime": {"datetime": "2021-09-24 18:37:30", "elapsed": 123.073117, "delta": 0.803707}}
{"target": -44.87773026521181, "params": {"C": 49.98519908663275, "epsilon": 0.9396046002007145, "gamma": 0.06979819238712494, "lamda": 0.4010667832799111}, "datetime": {"datetime": "2021-09-24 18:37:31", "elapsed": 123.890002, "delta": 0.816885}}
{"target": -43.9174878053192, "params": {"C": 46.161525645725746, "epsilon": 0.6682410674576205, "gamma": 0.045432140236609804, "lamda": 0.25196838838611474}, "datetime": {"datetime": "2021-09-24 18:37:32", "elapsed": 124.960404, "delta": 1.070402}}
{"target": -45.115918949431986, "params": {"C": 18.41682240821035, "epsilon": 0.15546805966459515, "gamma": 0.07399425204276056, "lamda": 0.557082216567769}, "datetime": {"datetime": "2021-09-24 18:37:33", "elapsed": 125.70434, "delta": 0.743936}}
{"target": -48.99835646622168, "params": {"C": 25.45728355024472, "epsilon": 0.4419377468916069, "gamma": 0.001, "lamda": 1.1631695686014825}, "datetime": {"datetime": "2021-09-24 18:37:35", "elapsed": 127.277374, "delta": 1.573034}}
{"target": -45.22133634546924, "params": {"C": 25.58522332415786, "epsilon": 0.3328075077016771, "gamma": 0.0785240506823243, "lamda": 0.9822084727431806}, "datetime": {"datetime": "2021-09-24 18:37:36", "elapsed": 128.515595, "delta": 1.238221}}
{"target": -45.70104823471451, "params": {"C": 48.42796927480891, "epsilon": 0.8505136303731439, "gamma": 0.09668801914208637, "lamda": 0.2846794668989168}, "datetime": {"datetime": "2021-09-24 18:37:38", "elapsed": 130.080636, "delta": 1.565041}}
{"target": -44.07834577676984, "params": {"C": 23.65386083025466, "epsilon": 0.8747657665390196, "gamma": 0.04367668548588678, "lamda": 0.6835821126658559}, "datetime": {"datetime": "2021-09-24 18:37:38", "elapsed": 130.785178, "delta": 0.704542}}
{"target": -44.86765807069701, "params": {"C": 25.621084525569835, "epsilon": 0.3455284224193393, "gamma": 0.06680980499890428, "lamda": 1.1353183673173457}, "datetime": {"datetime": "2021-09-24 18:37:39", "elapsed": 131.827946, "delta": 1.042768}}
{"target": -42.966136540480015, "params": {"C": 42.898621507254845, "epsilon": 0.43281176503118374, "gamma": 0.011857295557225592, "lamda": 1.3967957005027978}, "datetime": {"datetime": "2021-09-24 18:37:40", "elapsed": 132.571711, "delta": 0.743765}}
{"target": -47.089575293326774, "params": {"C": 42.91309002001413, "epsilon": 0.5310129290232108, "gamma": 0.001, "lamda": 1.4095558450764767}, "datetime": {"datetime": "2021-09-24 18:37:41", "elapsed": 133.791311, "delta": 1.2196}}
{"target": -43.973023685700625, "params": {"C": 42.82871337308216, "epsilon": 0.3743170765198124, "gamma": 0.046219706446066294, "lamda": 1.2909171110238244}, "datetime": {"datetime": "2021-09-24 18:37:42", "elapsed": 134.853239, "delta": 1.061928}}
{"target": -43.60262262153632, "params": {"C": 31.74384662405593, "epsilon": 0.35050376020754115, "gamma": 0.027968720047783314, "lamda": 0.8133726869048425}, "datetime": {"datetime": "2021-09-24 18:37:43", "elapsed": 135.698598, "delta": 0.845359}}
{"target": -43.05694731161834, "params": {"C": 42.78474114615012, "epsilon": 0.3237279556668631, "gamma": 0.004633775188448788, "lamda": 1.3806018710925132}, "datetime": {"datetime": "2021-09-24 18:37:44", "elapsed": 136.726626, "delta": 1.028028}}
{"target": -44.636472314129534, "params": {"C": 20.056122369220365, "epsilon": 0.3204240907038378, "gamma": 0.05626556590399123, "lamda": 0.4124786096618387}, "datetime": {"datetime": "2021-09-24 18:37:45", "elapsed": 137.504363, "delta": 0.777737}}
{"target": -43.88756664234897, "params": {"C": 48.394370590570006, "epsilon": 0.7756779802196153, "gamma": 0.0024821462137576663, "lamda": 0.3340910527082911}, "datetime": {"datetime": "2021-09-24 18:37:46", "elapsed": 138.626123, "delta": 1.12176}}
{"target": -43.146161938949525, "params": {"C": 42.78930806157826, "epsilon": 0.364792955653457, "gamma": 0.004468677175836749, "lamda": 1.450689354515793}, "datetime": {"datetime": "2021-09-24 18:37:47", "elapsed": 139.76738, "delta": 1.141257}}
{"target": -44.98407567227815, "params": {"C": 42.84907083701963, "epsilon": 0.2773759771650016, "gamma": 0.07230478387144441, "lamda": 1.4473229808068873}, "datetime": {"datetime": "2021-09-24 18:37:48", "elapsed": 140.893171, "delta": 1.125791}}
{"target": -44.34138912881874, "params": {"C": 47.8605230446754, "epsilon": 0.979747469821774, "gamma": 0.057023990646698164, "lamda": 0.20023147901711005}, "datetime": {"datetime": "2021-09-24 18:37:50", "elapsed": 142.400564, "delta": 1.507393}}
