{"target": 0.4672061040205826, "params": {"C": 235.25804081554847, "epsilon": 0.8099487279133317, "gamma": 0.013108131131359883, "lamda": 0.8033445136272303}, "datetime": {"datetime": "2021-09-23 18:53:55", "elapsed": 260.912595, "delta": 1.433251}}
{"target": 0.45529955251765886, "params": {"C": 213.02524938183467, "epsilon": 0.7712203981626853, "gamma": 0.024278989373114727, "lamda": 0.9384282902859015}, "datetime": {"datetime": "2021-09-23 18:53:58", "elapsed": 263.175166, "delta": 2.262571}}
{"target": 0.4642350179600401, "params": {"C": 244.9461852009494, "epsilon": 0.8882227119331737, "gamma": 0.016090528345371426, "lamda": 0.6594401634795577}, "datetime": {"datetime": "2021-09-23 18:53:59", "elapsed": 264.834372, "delta": 1.659206}}
{"target": 0.46452454534569854, "params": {"C": 213.95416082342103, "epsilon": 0.8725907719849116, "gamma": 0.005835577658910666, "lamda": 0.8376224325928511}, "datetime": {"datetime": "2021-09-23 18:54:02", "elapsed": 267.375185, "delta": 2.540813}}
{"target": 0.4661011112352975, "params": {"C": 244.9005656163349, "epsilon": 0.8742726001119179, "gamma": 0.014138211395476576, "lamda": 0.6148467511127927}, "datetime": {"datetime": "2021-09-23 18:54:04", "elapsed": 269.597599, "delta": 2.222414}}
{"target": 0.4620341362025391, "params": {"C": 221.57746847051996, "epsilon": 0.836084532420143, "gamma": 0.005, "lamda": 0.905389469692003}, "datetime": {"datetime": "2021-09-23 18:54:06", "elapsed": 271.543303, "delta": 1.945704}}
{"target": 0.4687638521362124, "params": {"C": 243.8107329859016, "epsilon": 0.9434970974938304, "gamma": 0.0074402770193099195, "lamda": 0.5143690039716555}, "datetime": {"datetime": "2021-09-23 18:54:08", "elapsed": 273.567486, "delta": 2.024183}}
{"target": 0.4526440658590598, "params": {"C": 232.47644042266825, "epsilon": 0.8203861396938934, "gamma": 0.025561360475599374, "lamda": 0.7910666730321341}, "datetime": {"datetime": "2021-09-23 18:54:10", "elapsed": 275.876623, "delta": 2.309137}}
{"target": 0.4675600773473282, "params": {"C": 240.92241084124527, "epsilon": 0.738854671316303, "gamma": 0.006317071022335103, "lamda": 0.7338313395571816}, "datetime": {"datetime": "2021-09-23 18:54:12", "elapsed": 277.454465, "delta": 1.577842}}
{"target": 0.46535486870464593, "params": {"C": 211.83292477530696, "epsilon": 0.9444296263989133, "gamma": 0.015287379696242675, "lamda": 0.7201078104877797}, "datetime": {"datetime": "2021-09-23 18:54:14", "elapsed": 278.964681, "delta": 1.510216}}
{"target": 0.46760112740094906, "params": {"C": 217.35886099969292, "epsilon": 0.7673420377269811, "gamma": 0.011467714039945906, "lamda": 0.6657019788557614}, "datetime": {"datetime": "2021-09-23 18:54:15", "elapsed": 280.940546, "delta": 1.975865}}
{"target": 0.45689684314675993, "params": {"C": 218.57458948830978, "epsilon": 0.9350359337732126, "gamma": 0.02396222751186756, "lamda": 1.0513285022867094}, "datetime": {"datetime": "2021-09-23 18:54:17", "elapsed": 282.540182, "delta": 1.599636}}
{"target": 0.46039324014986793, "params": {"C": 205.7484406082786, "epsilon": 0.9084055976143928, "gamma": 0.01866728154687611, "lamda": 0.6195458280316535}, "datetime": {"datetime": "2021-09-23 18:54:19", "elapsed": 284.007907, "delta": 1.467725}}
{"target": 0.4658231471331803, "params": {"C": 244.9170637551265, "epsilon": 0.8998195702626425, "gamma": 0.014485755817058282, "lamda": 0.6185395482404342}, "datetime": {"datetime": "2021-09-23 18:54:21", "elapsed": 286.116253, "delta": 2.108346}}
{"target": 0.4629963263799969, "params": {"C": 235.81408264602373, "epsilon": 0.7773399194092017, "gamma": 0.005, "lamda": 0.8892022172460121}, "datetime": {"datetime": "2021-09-23 18:54:24", "elapsed": 289.427319, "delta": 3.311066}}
{"target": 0.44824834329073815, "params": {"C": 244.26307547009012, "epsilon": 0.8184972099941206, "gamma": 0.02392107589994288, "lamda": 0.5205967076899037}, "datetime": {"datetime": "2021-09-23 18:54:26", "elapsed": 291.929268, "delta": 2.501949}}
{"target": 0.45717829486572403, "params": {"C": 237.92422615857757, "epsilon": 0.845028452281444, "gamma": 0.021505634794109597, "lamda": 0.6769885327122225}, "datetime": {"datetime": "2021-09-23 18:54:29", "elapsed": 294.332576, "delta": 2.403308}}
{"target": 0.4588071865556028, "params": {"C": 219.83358133396365, "epsilon": 0.7966422548020007, "gamma": 0.020973006539014925, "lamda": 0.8127533258745845}, "datetime": {"datetime": "2021-09-23 18:54:30", "elapsed": 295.959068, "delta": 1.626492}}
{"target": 0.4624785943625549, "params": {"C": 239.52302939653535, "epsilon": 0.8597368194166941, "gamma": 0.018434819838522035, "lamda": 0.9970519866972436}, "datetime": {"datetime": "2021-09-23 18:54:33", "elapsed": 298.052497, "delta": 2.093429}}
{"target": 0.4669478820177343, "params": {"C": 243.7944466621912, "epsilon": 0.948310457041214, "gamma": 0.005745960308859398, "lamda": 0.5098681366525479}, "datetime": {"datetime": "2021-09-23 18:54:35", "elapsed": 300.790473, "delta": 2.737976}}
{"target": 0.4682834040798931, "params": {"C": 232.02084270653538, "epsilon": 0.8387161312367171, "gamma": 0.007756968154931277, "lamda": 0.742932117728506}, "datetime": {"datetime": "2021-09-23 18:54:37", "elapsed": 302.848481, "delta": 2.058008}}
{"target": 0.4475974818535766, "params": {"C": 205.27896081310038, "epsilon": 0.7996255336842273, "gamma": 0.028780838060381515, "lamda": 0.7830944639359394}, "datetime": {"datetime": "2021-09-23 18:54:39", "elapsed": 304.425961, "delta": 1.57748}}
{"target": 0.46269971637810703, "params": {"C": 220.17857780448864, "epsilon": 0.80603710721572, "gamma": 0.017578932315527075, "lamda": 0.7580789463760232}, "datetime": {"datetime": "2021-09-23 18:54:41", "elapsed": 306.105042, "delta": 1.679081}}
{"target": 0.46479193002164343, "params": {"C": 228.86216634100137, "epsilon": 0.9881526286960431, "gamma": 0.015366130530262798, "lamda": 0.5598429168617723}, "datetime": {"datetime": "2021-09-23 18:54:42", "elapsed": 307.87751, "delta": 1.772468}}
{"target": 0.4594098517755071, "params": {"C": 218.05510806645265, "epsilon": 0.919855139524269, "gamma": 0.02136541519039018, "lamda": 0.9157252932133076}, "datetime": {"datetime": "2021-09-23 18:54:44", "elapsed": 309.564774, "delta": 1.687264}}
{"target": 0.46335873462119814, "params": {"C": 212.9808170350044, "epsilon": 0.9825947249158782, "gamma": 0.01671966965581791, "lamda": 0.5945756045148873}, "datetime": {"datetime": "2021-09-23 18:54:46", "elapsed": 311.043649, "delta": 1.478875}}
{"target": 0.4635407115307295, "params": {"C": 201.74591279775163, "epsilon": 0.9731961699879098, "gamma": 0.01298206429018409, "lamda": 0.46361472038891804}, "datetime": {"datetime": "2021-09-23 18:54:47", "elapsed": 312.714265, "delta": 1.670616}}
{"target": 0.4399303046096431, "params": {"C": 211.32190289448596, "epsilon": 0.7064342150535421, "gamma": 0.028262331459007275, "lamda": 0.6195853469404757}, "datetime": {"datetime": "2021-09-23 18:54:49", "elapsed": 314.657311, "delta": 1.943046}}
{"target": 0.4582025946696626, "params": {"C": 238.3645371784354, "epsilon": 0.9628069068525295, "gamma": 0.02227716326756102, "lamda": 0.8315964410660877}, "datetime": {"datetime": "2021-09-23 18:54:51", "elapsed": 316.594304, "delta": 1.936993}}
{"target": 0.45179068914901266, "params": {"C": 219.44987550445336, "epsilon": 0.8905813200731101, "gamma": 0.02762973053528145, "lamda": 0.911986792758626}, "datetime": {"datetime": "2021-09-23 18:54:53", "elapsed": 318.583615, "delta": 1.989311}}
{"target": 0.46321811913904565, "params": {"C": 239.5663325719501, "epsilon": 0.8106593776633972, "gamma": 0.01766969592089073, "lamda": 1.010536427156807}, "datetime": {"datetime": "2021-09-23 18:54:56", "elapsed": 321.337971, "delta": 2.754356}}
{"target": 0.45678839775727054, "params": {"C": 217.95319167959494, "epsilon": 0.9675757222826336, "gamma": 0.0235263151198033, "lamda": 0.8383307361149057}, "datetime": {"datetime": "2021-09-23 18:54:57", "elapsed": 322.65185, "delta": 1.313879}}
{"target": 0.4640509701180372, "params": {"C": 210.7259250180302, "epsilon": 0.8144920875636222, "gamma": 0.005, "lamda": 0.7572116111526082}, "datetime": {"datetime": "2021-09-23 18:54:59", "elapsed": 324.636919, "delta": 1.985069}}
{"target": 0.4680924706420533, "params": {"C": 232.02673856335048, "epsilon": 0.8221530859909622, "gamma": 0.011764109049837511, "lamda": 0.7774251772818261}, "datetime": {"datetime": "2021-09-23 18:55:01", "elapsed": 326.428204, "delta": 1.791285}}
{"target": 0.44722299857326675, "params": {"C": 244.92602498283753, "epsilon": 0.8737383558356047, "gamma": 0.027573722777486067, "lamda": 0.6133779757740733}, "datetime": {"datetime": "2021-09-23 18:55:03", "elapsed": 328.206449, "delta": 1.778245}}
{"target": 0.46616986978759034, "params": {"C": 216.59068554906793, "epsilon": 0.9536935497725723, "gamma": 0.014204189809565407, "lamda": 0.8215176511507922}, "datetime": {"datetime": "2021-09-23 18:55:04", "elapsed": 329.478498, "delta": 1.272049}}
{"target": 0.4600329748004591, "params": {"C": 242.36333024189923, "epsilon": 0.9418843941860134, "gamma": 0.005, "lamda": 0.9433421628046854}, "datetime": {"datetime": "2021-09-23 18:55:06", "elapsed": 331.335251, "delta": 1.856753}}
{"target": 0.46699963022853197, "params": {"C": 244.93699880258964, "epsilon": 0.8986648257851286, "gamma": 0.01327583299191553, "lamda": 0.6235633929238887}, "datetime": {"datetime": "2021-09-23 18:55:08", "elapsed": 333.222927, "delta": 1.887676}}
{"target": 0.4631540068827279, "params": {"C": 232.51684435380565, "epsilon": 0.8320174798617445, "gamma": 0.005, "lamda": 0.8175624929071765}, "datetime": {"datetime": "2021-09-23 18:55:10", "elapsed": 335.049469, "delta": 1.826542}}
{"target": 0.45715566496709237, "params": {"C": 249.55805193405607, "epsilon": 0.8376805982043297, "gamma": 0.02175095795204641, "lamda": 0.7096116870030562}, "datetime": {"datetime": "2021-09-23 18:55:11", "elapsed": 336.373245, "delta": 1.323776}}
{"target": 0.4638240442227243, "params": {"C": 206.41301664289358, "epsilon": 0.7545231439626016, "gamma": 0.005, "lamda": 0.8394883098409944}, "datetime": {"datetime": "2021-09-23 18:55:13", "elapsed": 338.554354, "delta": 2.181109}}
{"target": 0.4592639246211594, "params": {"C": 204.09951638035054, "epsilon": 0.8137073077569409, "gamma": 0.021641696226662586, "lamda": 1.091405264921628}, "datetime": {"datetime": "2021-09-23 18:55:14", "elapsed": 339.811457, "delta": 1.257103}}
{"target": 0.4688137555569474, "params": {"C": 243.79114031407332, "epsilon": 0.9640955923541866, "gamma": 0.009994808831988816, "lamda": 0.5062792010360843}, "datetime": {"datetime": "2021-09-23 18:55:17", "elapsed": 342.010744, "delta": 2.199287}}
{"target": 0.46463752158689564, "params": {"C": 232.0455388094185, "epsilon": 0.81228485348396, "gamma": 0.005141748677436856, "lamda": 0.7364276423004372}, "datetime": {"datetime": "2021-09-23 18:55:19", "elapsed": 344.440013, "delta": 2.429269}}
{"target": 0.44495071982766743, "params": {"C": 218.44109266669045, "epsilon": 0.8866452032696011, "gamma": 0.027729891729502486, "lamda": 0.5607375619310417}, "datetime": {"datetime": "2021-09-23 18:55:20", "elapsed": 345.788511, "delta": 1.348498}}
{"target": 0.4642888046967236, "params": {"C": 235.27222149035194, "epsilon": 0.8238698963688943, "gamma": 0.005409111577679417, "lamda": 0.8190799735569818}, "datetime": {"datetime": "2021-09-23 18:55:22", "elapsed": 347.49446, "delta": 1.705949}}
{"target": 0.4678419195898438, "params": {"C": 219.8278196876828, "epsilon": 0.9836317037821727, "gamma": 0.011774545071766732, "lamda": 0.5545933609106045}, "datetime": {"datetime": "2021-09-23 18:55:24", "elapsed": 349.678988, "delta": 2.184528}}
{"target": 0.464810759844692, "params": {"C": 216.27868796186888, "epsilon": 0.9542134262128987, "gamma": 0.005811337542109125, "lamda": 0.7382913490336792}, "datetime": {"datetime": "2021-09-23 18:55:26", "elapsed": 351.034909, "delta": 1.355921}}
{"target": 0.46428683986671104, "params": {"C": 205.70203253792528, "epsilon": 0.9081226360608738, "gamma": 0.0060766999856452265, "lamda": 0.455446784032486}, "datetime": {"datetime": "2021-09-23 18:55:27", "elapsed": 352.503169, "delta": 1.46826}}
{"target": 0.4672594135731287, "params": {"C": 204.66159448621352, "epsilon": 0.804784528492271, "gamma": 0.007825695366023747, "lamda": 0.9211700519278194}, "datetime": {"datetime": "2021-09-23 18:55:28", "elapsed": 353.813523, "delta": 1.310354}}
{"target": 0.4485003408712245, "params": {"C": 214.34917908608486, "epsilon": 0.7323411546221832, "gamma": 0.023170455873140785, "lamda": 0.5932147698400223}, "datetime": {"datetime": "2021-09-23 18:55:30", "elapsed": 355.187765, "delta": 1.374242}}
{"target": 0.46764768032864834, "params": {"C": 203.04783862927027, "epsilon": 0.8002779275809592, "gamma": 0.009516640735515048, "lamda": 1.0005817030468187}, "datetime": {"datetime": "2021-09-23 18:55:31", "elapsed": 356.544641, "delta": 1.356876}}
{"target": 0.46785755082808334, "params": {"C": 217.1174462210062, "epsilon": 0.8490018559456213, "gamma": 0.011183351147216908, "lamda": 0.8937535580743345}, "datetime": {"datetime": "2021-09-23 18:55:32", "elapsed": 357.915927, "delta": 1.371286}}
{"target": 0.46304591966437647, "params": {"C": 213.96362909978023, "epsilon": 0.8442856617907072, "gamma": 0.005, "lamda": 0.8147392887953886}, "datetime": {"datetime": "2021-09-23 18:55:35", "elapsed": 360.17367, "delta": 2.257743}}
{"target": 0.46874275525522247, "params": {"C": 230.01193510181346, "epsilon": 0.9149001655293564, "gamma": 0.01014941083182902, "lamda": 0.6830936660775146}, "datetime": {"datetime": "2021-09-23 18:55:36", "elapsed": 361.494455, "delta": 1.320785}}
{"target": 0.4617347734544093, "params": {"C": 249.87127697347162, "epsilon": 0.9638475999296539, "gamma": 0.018904806182027604, "lamda": 0.7573084997192572}, "datetime": {"datetime": "2021-09-23 18:55:37", "elapsed": 362.89108, "delta": 1.396625}}
{"target": 0.46869221974917896, "params": {"C": 246.0267296361666, "epsilon": 0.8843703994121106, "gamma": 0.007856850578785454, "lamda": 0.6537905553992065}, "datetime": {"datetime": "2021-09-23 18:55:40", "elapsed": 365.376268, "delta": 2.485188}}
{"target": 0.4567300441918116, "params": {"C": 239.51649037243783, "epsilon": 0.8258585825791418, "gamma": 0.023742549129001925, "lamda": 1.0060278369541944}, "datetime": {"datetime": "2021-09-23 18:55:42", "elapsed": 367.544911, "delta": 2.168643}}
{"target": 0.4563934834363985, "params": {"C": 213.94878870307988, "epsilon": 0.9878458242126245, "gamma": 0.020774557530865496, "lamda": 0.5227356127290566}, "datetime": {"datetime": "2021-09-23 18:55:44", "elapsed": 369.078462, "delta": 1.533551}}
{"target": 0.4647662597690625, "params": {"C": 204.66812445172087, "epsilon": 0.8047452968650907, "gamma": 0.005859301514211983, "lamda": 0.8893168358484386}, "datetime": {"datetime": "2021-09-23 18:55:46", "elapsed": 370.976273, "delta": 1.897811}}
{"target": 0.456252063717828, "params": {"C": 234.12888380881782, "epsilon": 0.9330206859699689, "gamma": 0.02372463793757917, "lamda": 0.8176357655460533}, "datetime": {"datetime": "2021-09-23 18:55:47", "elapsed": 372.348804, "delta": 1.372531}}
{"target": 0.46415923244208557, "params": {"C": 246.77469689356442, "epsilon": 0.744771654932294, "gamma": 0.005482246675823703, "lamda": 0.9366297527962755}, "datetime": {"datetime": "2021-09-23 18:55:48", "elapsed": 373.691654, "delta": 1.34285}}
{"target": 0.46738729898301024, "params": {"C": 203.2904313560109, "epsilon": 0.8919222108352882, "gamma": 0.011786395630294242, "lamda": 0.9102109919604646}, "datetime": {"datetime": "2021-09-23 18:55:50", "elapsed": 375.215704, "delta": 1.52405}}
{"target": 0.46835059584749217, "params": {"C": 237.9207364080349, "epsilon": 0.8493385553532442, "gamma": 0.007077083255772108, "lamda": 0.6478209458626258}, "datetime": {"datetime": "2021-09-23 18:55:52", "elapsed": 377.075729, "delta": 1.860025}}
{"target": 0.46487050525308293, "params": {"C": 224.56354815237103, "epsilon": 0.9239770533169389, "gamma": 0.007420751622167391, "lamda": 1.0018626543786606}, "datetime": {"datetime": "2021-09-23 18:55:53", "elapsed": 378.6961, "delta": 1.620371}}
{"target": 0.4554152101851763, "params": {"C": 224.20786725937182, "epsilon": 0.9517729554471247, "gamma": 0.023641392271257777, "lamda": 0.6972774521446108}, "datetime": {"datetime": "2021-09-23 18:55:55", "elapsed": 380.102774, "delta": 1.406674}}
{"target": 0.4502934131940992, "params": {"C": 232.03415665979543, "epsilon": 0.8386673180204872, "gamma": 0.027057701727967124, "lamda": 0.7581569629575957}, "datetime": {"datetime": "2021-09-23 18:55:56", "elapsed": 381.6989, "delta": 1.596126}}
{"target": 0.4632671386256897, "params": {"C": 210.558473721059, "epsilon": 0.894963590240678, "gamma": 0.01719052074580775, "lamda": 0.7131013094221763}, "datetime": {"datetime": "2021-09-23 18:55:58", "elapsed": 383.130124, "delta": 1.431224}}
{"target": 0.46114517426057433, "params": {"C": 206.75586046335215, "epsilon": 0.7777631915442476, "gamma": 0.011734534822762386, "lamda": 0.4680175782951193}, "datetime": {"datetime": "2021-09-23 18:55:59", "elapsed": 384.546206, "delta": 1.416082}}
{"target": 0.4491253707989248, "params": {"C": 231.19090889467674, "epsilon": 0.9749467464942347, "gamma": 0.024343628475542032, "lamda": 0.47467881493447933}, "datetime": {"datetime": "2021-09-23 18:56:01", "elapsed": 386.128961, "delta": 1.582755}}
{"target": 0.45779030525489006, "params": {"C": 214.28425819744962, "epsilon": 0.8712945001239873, "gamma": 0.021714936509866955, "lamda": 0.7407684770552831}, "datetime": {"datetime": "2021-09-23 18:56:02", "elapsed": 387.525647, "delta": 1.396686}}
{"target": 0.46485396226317155, "params": {"C": 203.59812593794965, "epsilon": 0.9544877728342183, "gamma": 0.01565816104913203, "lamda": 0.6562221875603131}, "datetime": {"datetime": "2021-09-23 18:56:04", "elapsed": 389.032787, "delta": 1.50714}}
{"target": 0.4558847001727434, "params": {"C": 246.02308289180039, "epsilon": 0.9029254321474678, "gamma": 0.0225610340409872, "lamda": 0.6496843116703879}, "datetime": {"datetime": "2021-09-23 18:56:06", "elapsed": 391.71975, "delta": 2.686963}}
{"target": 0.4661091583649074, "params": {"C": 249.01924311101746, "epsilon": 0.8372146569222246, "gamma": 0.014397481092560244, "lamda": 0.9138261043501632}, "datetime": {"datetime": "2021-09-23 18:56:08", "elapsed": 393.158745, "delta": 1.438995}}
{"target": 0.46858918860920484, "params": {"C": 215.48825579543578, "epsilon": 0.8730506521375012, "gamma": 0.01056843622438112, "lamda": 0.6467290711453259}, "datetime": {"datetime": "2021-09-23 18:56:09", "elapsed": 394.531334, "delta": 1.372589}}
{"target": 0.4451143123450214, "params": {"C": 240.9163477034479, "epsilon": 0.7253299848098325, "gamma": 0.02852391244601155, "lamda": 0.7101939591798268}, "datetime": {"datetime": "2021-09-23 18:56:11", "elapsed": 396.908402, "delta": 2.377068}}
{"target": 0.4681549016251614, "params": {"C": 230.28641483663318, "epsilon": 0.9051114026472176, "gamma": 0.01027692757343558, "lamda": 0.8097450021900612}, "datetime": {"datetime": "2021-09-23 18:56:13", "elapsed": 398.382402, "delta": 1.474}}
{"target": 0.4688155891902184, "params": {"C": 234.13380758898046, "epsilon": 0.8467361262817575, "gamma": 0.007679818981800394, "lamda": 0.6428085970256824}, "datetime": {"datetime": "2021-09-23 18:56:14", "elapsed": 399.889924, "delta": 1.507522}}
{"target": 0.45949681178813195, "params": {"C": 221.86240689535043, "epsilon": 0.9811195407496289, "gamma": 0.020333516288657903, "lamda": 0.654360830521603}, "datetime": {"datetime": "2021-09-23 18:56:16", "elapsed": 401.463927, "delta": 1.574003}}
{"target": 0.4522184797548502, "params": {"C": 216.26587456540986, "epsilon": 0.7793684892889884, "gamma": 0.024859491799224965, "lamda": 0.7296706674483564}, "datetime": {"datetime": "2021-09-23 18:56:19", "elapsed": 404.169923, "delta": 2.705996}}
{"target": 0.46224724892922875, "params": {"C": 224.91916816963996, "epsilon": 0.7865863079794894, "gamma": 0.005, "lamda": 0.9439005029302625}, "datetime": {"datetime": "2021-09-23 18:56:21", "elapsed": 406.956923, "delta": 2.787}}
{"target": 0.4647652485565187, "params": {"C": 220.9610974134746, "epsilon": 0.9009097426532748, "gamma": 0.01597018156642508, "lamda": 0.8073071303276388}, "datetime": {"datetime": "2021-09-23 18:56:23", "elapsed": 408.564932, "delta": 1.608009}}
{"target": 0.46486015981629913, "params": {"C": 202.3285135425377, "epsilon": 0.9271571076434731, "gamma": 0.00800049404739129, "lamda": 1.066874147737272}, "datetime": {"datetime": "2021-09-23 18:56:25", "elapsed": 409.978023, "delta": 1.413091}}
{"target": 0.4570486562124436, "params": {"C": 216.73638416387294, "epsilon": 0.7710280187290245, "gamma": 0.023148794467892884, "lamda": 0.9915101701583529}, "datetime": {"datetime": "2021-09-23 18:56:26", "elapsed": 411.817021, "delta": 1.838998}}
{"target": 0.44854294670077444, "params": {"C": 215.0760635756268, "epsilon": 0.9920679273736969, "gamma": 0.027911175564293685, "lamda": 0.6190911689168679}, "datetime": {"datetime": "2021-09-23 18:56:28", "elapsed": 413.379928, "delta": 1.562907}}
{"target": 0.45205362621133827, "params": {"C": 243.8040289177333, "epsilon": 0.9542577894060442, "gamma": 0.023422011269837697, "lamda": 0.5050714560713492}, "datetime": {"datetime": "2021-09-23 18:56:30", "elapsed": 415.485129, "delta": 2.105201}}
{"target": 0.4664491664627969, "params": {"C": 210.71794392936732, "epsilon": 0.7982574897115802, "gamma": 0.013769197589683296, "lamda": 0.7329445651210282}, "datetime": {"datetime": "2021-09-23 18:56:32", "elapsed": 417.739132, "delta": 2.254003}}
{"target": 0.4684498296690345, "params": {"C": 229.99176087742376, "epsilon": 0.9036822167565886, "gamma": 0.01115851736743135, "lamda": 0.6770511258556637}, "datetime": {"datetime": "2021-09-23 18:56:35", "elapsed": 420.216071, "delta": 2.476939}}
