{"target": 0.4668206696160282, "params": {"C": 165.90548814357652, "epsilon": 0.7802904539501551, "gamma": 0.007264906208493641, "lamda": 0.9053020695383756}, "datetime": {"datetime": "2021-09-23 18:22:32", "elapsed": 4.398925, "delta": 0.301431}}
{"target": 0.457615632020704, "params": {"C": 108.15177112950082, "epsilon": 0.7390900204962775, "gamma": 0.0186057610547613, "lamda": 0.9893467818794881}, "datetime": {"datetime": "2021-09-23 18:22:33", "elapsed": 4.756976, "delta": 0.358051}}
{"target": 0.45665482636935384, "params": {"C": 128.59086440863803, "epsilon": 0.7131971131330989, "gamma": 0.01976089767101568, "lamda": 0.9184990551567743}, "datetime": {"datetime": "2021-09-23 18:22:33", "elapsed": 5.06795, "delta": 0.310974}}
{"target": 0.4598334240624713, "params": {"C": 137.4714881780959, "epsilon": 0.8280039006296374, "gamma": 0.020982061036704965, "lamda": 1.0717753240049284}, "datetime": {"datetime": "2021-09-23 18:22:33", "elapsed": 5.426916, "delta": 0.358966}}
{"target": 0.4624224028478905, "params": {"C": 113.47793949586477, "epsilon": 0.8401110031835952, "gamma": 0.008626822385122078, "lamda": 0.8316857166198104}, "datetime": {"datetime": "2021-09-23 18:22:34", "elapsed": 5.765881, "delta": 0.338965}}
{"target": 0.46323661293442375, "params": {"C": 155.28196600040337, "epsilon": 0.9506602547242674, "gamma": 0.01750447261036248, "lamda": 0.8401510522644289}, "datetime": {"datetime": "2021-09-23 18:22:34", "elapsed": 6.107319, "delta": 0.341438}}
{"target": 0.4608533479646971, "params": {"C": 156.80597273754526, "epsilon": 0.7791706830173003, "gamma": 0.008899354779078494, "lamda": 0.554026574545202}, "datetime": {"datetime": "2021-09-23 18:22:34", "elapsed": 6.513322, "delta": 0.406003}}
{"target": 0.43301463942849816, "params": {"C": 87.65650561392769, "epsilon": 0.8159220174058145, "gamma": 0.02969870347526423, "lamda": 0.5914752783581356}, "datetime": {"datetime": "2021-09-23 18:22:35", "elapsed": 6.880326, "delta": 0.367004}}
{"target": 0.458016479017744, "params": {"C": 136.32937806396328, "epsilon": 0.9901905985293903, "gamma": 0.016177500061507664, "lamda": 0.553844038209885}, "datetime": {"datetime": "2021-09-23 18:22:35", "elapsed": 7.317173, "delta": 0.436847}}
{"target": 0.4363347610728928, "params": {"C": 143.76299199885997, "epsilon": 0.7590356431103777, "gamma": 0.028610961666654198, "lamda": 0.5789262565215738}, "datetime": {"datetime": "2021-09-23 18:22:35", "elapsed": 7.71633, "delta": 0.399157}}
{"target": 0.4407986947853054, "params": {"C": 117.2637344088387, "epsilon": 0.8006011575607787, "gamma": 0.02992027309574479, "lamda": 0.7410825412320756}, "datetime": {"datetime": "2021-09-23 18:22:36", "elapsed": 8.055378, "delta": 0.339048}}
{"target": 0.4548586911229975, "params": {"C": 90.87883204415147, "epsilon": 0.7786688581052671, "gamma": 0.0065904238605050385, "lamda": 0.8315705145997958}, "datetime": {"datetime": "2021-09-23 18:22:36", "elapsed": 8.40336, "delta": 0.347982}}
{"target": 0.4527305917307676, "params": {"C": 160.1618870643024, "epsilon": 0.9831892585641441, "gamma": 0.0274472642487505, "lamda": 0.9372918403479626}, "datetime": {"datetime": "2021-09-23 18:22:37", "elapsed": 8.755375, "delta": 0.352015}}
{"target": 0.45814620994733846, "params": {"C": 165.16538112219496, "epsilon": 0.7624502884987345, "gamma": 0.0210000629628214, "lamda": 0.8748759377008797}, "datetime": {"datetime": "2021-09-23 18:22:37", "elapsed": 9.077316, "delta": 0.321941}}
{"target": 0.4537675947370967, "params": {"C": 151.05031439876953, "epsilon": 0.9334513377822755, "gamma": 0.02591901825896768, "lamda": 0.8626427659994812}, "datetime": {"datetime": "2021-09-23 18:22:37", "elapsed": 9.401123, "delta": 0.323807}}
{"target": 0.45010430477932073, "params": {"C": 114.3504234495866, "epsilon": 0.8427968758632609, "gamma": 0.005148366076771367, "lamda": 0.4580015672306589}, "datetime": {"datetime": "2021-09-23 18:22:38", "elapsed": 9.887797, "delta": 0.486674}}
{"target": 0.45180586181034466, "params": {"C": 86.25744734400105, "epsilon": 0.8858092006687759, "gamma": 0.005147776560214951, "lamda": 0.8273211885658003}, "datetime": {"datetime": "2021-09-23 18:22:38", "elapsed": 10.288064, "delta": 0.400267}}
{"target": 0.44620145177550774, "params": {"C": 99.47072319916089, "epsilon": 0.7688386936824453, "gamma": 0.013655198595215821, "lamda": 0.46289814730048373}, "datetime": {"datetime": "2021-09-23 18:22:39", "elapsed": 10.731064, "delta": 0.443}}
{"target": 0.44827115942065676, "params": {"C": 161.3731825453119, "epsilon": 0.8953702541249303, "gamma": 0.02527949557038203, "lamda": 0.6148347632311135}, "datetime": {"datetime": "2021-09-23 18:22:39", "elapsed": 11.127104, "delta": 0.39604}}
{"target": 0.4657223804813081, "params": {"C": 126.91101555387374, "epsilon": 0.9515343445819389, "gamma": 0.013158411876579078, "lamda": 1.0767009516689017}, "datetime": {"datetime": "2021-09-23 18:22:39", "elapsed": 11.490913, "delta": 0.363809}}
{"target": 0.4607458719188948, "params": {"C": 82.33544525718612, "epsilon": 0.9009722818634999, "gamma": 0.012585708830531148, "lamda": 1.0790114031682811}, "datetime": {"datetime": "2021-09-23 18:22:40", "elapsed": 11.98346, "delta": 0.492547}}
{"target": 0.46095055580126465, "params": {"C": 159.6369458554061, "epsilon": 0.7083433311857746, "gamma": 0.01878791779768008, "lamda": 0.9748566598760646}, "datetime": {"datetime": "2021-09-23 18:22:40", "elapsed": 12.352117, "delta": 0.368657}}
{"target": 0.44300616418430794, "params": {"C": 80.37447579833925, "epsilon": 0.8513735019122505, "gamma": 0.020256860736953004, "lamda": 0.6106629475538712}, "datetime": {"datetime": "2021-09-23 18:22:41", "elapsed": 12.848123, "delta": 0.496006}}
{"target": 0.4538647559058969, "params": {"C": 156.88584186128662, "epsilon": 0.719906663217897, "gamma": 0.025340808623019056, "lamda": 1.0338494196166914}, "datetime": {"datetime": "2021-09-23 18:22:41", "elapsed": 13.206117, "delta": 0.357994}}
{"target": 0.44368300768382296, "params": {"C": 103.73614110639475, "epsilon": 0.9712159613070562, "gamma": 0.021955198891210004, "lamda": 0.5118574980144801}, "datetime": {"datetime": "2021-09-23 18:22:41", "elapsed": 13.714932, "delta": 0.508815}}
{"target": 0.4384985424239616, "params": {"C": 98.44166187923064, "epsilon": 0.9379558878852026, "gamma": 0.02816040444426389, "lamda": 0.6008286453035269}, "datetime": {"datetime": "2021-09-23 18:22:42", "elapsed": 14.237375, "delta": 0.522443}}
{"target": 0.44772579921040634, "params": {"C": 133.69855032263501, "epsilon": 0.7933134393305638, "gamma": 0.021035018604138783, "lamda": 0.5943695500731112}, "datetime": {"datetime": "2021-09-23 18:22:42", "elapsed": 14.680905, "delta": 0.44353}}
{"target": 0.44742507044308044, "params": {"C": 143.75528309533982, "epsilon": 0.722851806083514, "gamma": 0.02309530482548528, "lamda": 0.6743900149162284}, "datetime": {"datetime": "2021-09-23 18:22:43", "elapsed": 15.071794, "delta": 0.390889}}
{"target": 0.45057319588786937, "params": {"C": 151.2090177905361, "epsilon": 0.8617822105253433, "gamma": 0.02400697432532778, "lamda": 0.6683056442562192}, "datetime": {"datetime": "2021-09-23 18:22:43", "elapsed": 15.44546, "delta": 0.373666}}
{"target": 0.4523672291230414, "params": {"C": 181.36067645697267, "epsilon": 0.9144549225084622, "gamma": 0.023997677233888747, "lamda": 0.6348319180688049}, "datetime": {"datetime": "2021-09-23 18:22:44", "elapsed": 15.92962, "delta": 0.48416}}
{"target": 0.45171373847245044, "params": {"C": 165.8547432801503, "epsilon": 0.7818061253223691, "gamma": 0.026694103852089986, "lamda": 0.9086495462655644}, "datetime": {"datetime": "2021-09-23 18:22:44", "elapsed": 16.34887, "delta": 0.41925}}
{"target": 0.4504016827580223, "params": {"C": 92.94079471235918, "epsilon": 0.7662706694121246, "gamma": 0.018648743120490315, "lamda": 0.7905150453232139}, "datetime": {"datetime": "2021-09-23 18:22:45", "elapsed": 16.830869, "delta": 0.481999}}
{"target": 0.44934680762742174, "params": {"C": 100.45410402159852, "epsilon": 0.8901283987909345, "gamma": 0.024990898000289325, "lamda": 0.8121621614710739}, "datetime": {"datetime": "2021-09-23 18:22:45", "elapsed": 17.350224, "delta": 0.519355}}
{"target": 0.4525288397511398, "params": {"C": 164.08920036295137, "epsilon": 0.7141416076485457, "gamma": 0.021270185083831977, "lamda": 0.7029600095870557}, "datetime": {"datetime": "2021-09-23 18:22:46", "elapsed": 17.76205, "delta": 0.411826}}
{"target": 0.4454746573980125, "params": {"C": 156.57923425610096, "epsilon": 0.7114649621825704, "gamma": 0.02779860965033968, "lamda": 0.8152267422475112}, "datetime": {"datetime": "2021-09-23 18:22:46", "elapsed": 18.221269, "delta": 0.459219}}
{"target": 0.45665389182582117, "params": {"C": 90.79331315438264, "epsilon": 0.99492564514731, "gamma": 0.021571259351865223, "lamda": 1.0150472104175472}, "datetime": {"datetime": "2021-09-23 18:22:46", "elapsed": 18.66727, "delta": 0.446001}}
{"target": 0.44795795073132727, "params": {"C": 110.74211899021012, "epsilon": 0.9371066255628432, "gamma": 0.02053513803391365, "lamda": 0.569315718123401}, "datetime": {"datetime": "2021-09-23 18:22:47", "elapsed": 19.216943, "delta": 0.549673}}
{"target": 0.46111652833399874, "params": {"C": 102.17791622300463, "epsilon": 0.8788139467862356, "gamma": 0.009495813680914067, "lamda": 0.82344072551586}, "datetime": {"datetime": "2021-09-23 18:22:47", "elapsed": 19.650924, "delta": 0.433981}}
{"target": 0.4678287995679511, "params": {"C": 158.39577668779395, "epsilon": 0.9649989792885174, "gamma": 0.009601288989688032, "lamda": 0.7542046932798503}, "datetime": {"datetime": "2021-09-23 18:22:48", "elapsed": 20.06654, "delta": 0.415616}}
{"target": 0.46739091371146746, "params": {"C": 195.69133210051803, "epsilon": 0.911167018702004, "gamma": 0.011913571729872266, "lamda": 0.8795118960587338}, "datetime": {"datetime": "2021-09-23 18:22:48", "elapsed": 20.477585, "delta": 0.411045}}
{"target": 0.46695158893356836, "params": {"C": 173.63163066238755, "epsilon": 0.9959677006862767, "gamma": 0.012092727099159437, "lamda": 0.8726594217765313}, "datetime": {"datetime": "2021-09-23 18:22:49", "elapsed": 20.914585, "delta": 0.437}}
{"target": 0.4587634916950094, "params": {"C": 138.10203978783508, "epsilon": 0.7982441713779294, "gamma": 0.01546955709520901, "lamda": 0.6782311030543409}, "datetime": {"datetime": "2021-09-23 18:22:49", "elapsed": 21.323193, "delta": 0.408608}}
{"target": 0.45236053545000254, "params": {"C": 89.13518054631575, "epsilon": 0.8566951620481081, "gamma": 0.017411888975478816, "lamda": 0.7625631011985274}, "datetime": {"datetime": "2021-09-23 18:22:50", "elapsed": 21.817417, "delta": 0.494224}}
{"target": 0.4430082008287811, "params": {"C": 123.07880994878958, "epsilon": 0.7017819834045157, "gamma": 0.026081896951676082, "lamda": 0.7458943072866109}, "datetime": {"datetime": "2021-09-23 18:22:50", "elapsed": 22.402481, "delta": 0.585064}}
{"target": 0.4639518007131693, "params": {"C": 107.95026047183396, "epsilon": 0.9195521120003574, "gamma": 0.009406876000626644, "lamda": 0.8953905917525138}, "datetime": {"datetime": "2021-09-23 18:22:51", "elapsed": 22.827696, "delta": 0.425215}}
{"target": 0.45734121715979303, "params": {"C": 191.99104339206647, "epsilon": 0.7198229721966604, "gamma": 0.020774916908430047, "lamda": 0.7941148269498741}, "datetime": {"datetime": "2021-09-23 18:22:51", "elapsed": 23.235797, "delta": 0.408101}}
{"target": 0.44681634950550986, "params": {"C": 172.0217197138068, "epsilon": 0.9220674347720759, "gamma": 0.02392205080751175, "lamda": 0.489238637814322}, "datetime": {"datetime": "2021-09-23 18:22:51", "elapsed": 23.688987, "delta": 0.45319}}
{"target": 0.43767374997411557, "params": {"C": 92.00772316245575, "epsilon": 0.7632215845861638, "gamma": 0.028961394735265673, "lamda": 0.7692815751634545}, "datetime": {"datetime": "2021-09-23 18:22:52", "elapsed": 24.137583, "delta": 0.448596}}
{"target": 0.4674147555821534, "params": {"C": 172.30566162747823, "epsilon": 0.7563369942325703, "gamma": 0.012269264173623687, "lamda": 0.91376300627525}, "datetime": {"datetime": "2021-09-23 18:22:52", "elapsed": 24.561692, "delta": 0.424109}}
{"target": 0.4463838288307146, "params": {"C": 171.6293181351969, "epsilon": 0.8193889674635297, "gamma": 0.025271840967492517, "lamda": 0.6008408903263646}, "datetime": {"datetime": "2021-09-23 18:22:53", "elapsed": 25.001181, "delta": 0.439489}}
{"target": 0.4510511476442981, "params": {"C": 181.50543285343784, "epsilon": 0.7698900982087447, "gamma": 0.028163282408690045, "lamda": 1.0366329181333342}, "datetime": {"datetime": "2021-09-23 18:22:53", "elapsed": 25.423426, "delta": 0.422245}}
{"target": 0.4637940489581859, "params": {"C": 93.03297050635413, "epsilon": 0.9593462719147072, "gamma": 0.010983048544550865, "lamda": 1.0501977566524179}, "datetime": {"datetime": "2021-09-23 18:22:54", "elapsed": 25.964866, "delta": 0.54144}}
{"target": 0.4509769161820044, "params": {"C": 130.5895071211187, "epsilon": 0.928736689551598, "gamma": 0.026021107408747596, "lamda": 0.7980158423750697}, "datetime": {"datetime": "2021-09-23 18:22:54", "elapsed": 26.489009, "delta": 0.524143}}
{"target": 0.4662169524149189, "params": {"C": 151.23124240660883, "epsilon": 0.9762794525648778, "gamma": 0.007534952175698676, "lamda": 0.8237250413648673}, "datetime": {"datetime": "2021-09-23 18:22:55", "elapsed": 27.055008, "delta": 0.565999}}
{"target": 0.45455466364393093, "params": {"C": 100.12710120302418, "epsilon": 0.9856449825098736, "gamma": 0.01818249946650862, "lamda": 0.6901006610163015}, "datetime": {"datetime": "2021-09-23 18:22:55", "elapsed": 27.662763, "delta": 0.607755}}
{"target": 0.4380978640476334, "params": {"C": 80.00520650113481, "epsilon": 0.9675138539001971, "gamma": 0.0286563852436062, "lamda": 0.6472324583696484}, "datetime": {"datetime": "2021-09-23 18:22:56", "elapsed": 28.283849, "delta": 0.621086}}
{"target": 0.4623387373692859, "params": {"C": 161.41640764162787, "epsilon": 0.7536904106633882, "gamma": 0.015439290100157446, "lamda": 0.7746307028268109}, "datetime": {"datetime": "2021-09-23 18:22:57", "elapsed": 28.859516, "delta": 0.575667}}
{"target": 0.45825495486239765, "params": {"C": 166.89927472968427, "epsilon": 0.7789643372080697, "gamma": 0.02141908381260033, "lamda": 0.8908560257432876}, "datetime": {"datetime": "2021-09-23 18:22:57", "elapsed": 29.515513, "delta": 0.655997}}
{"target": 0.4602610377232803, "params": {"C": 127.0340636495884, "epsilon": 0.7024786342029687, "gamma": 0.006134964198739858, "lamda": 0.8514102599876945}, "datetime": {"datetime": "2021-09-23 18:22:58", "elapsed": 29.993088, "delta": 0.477575}}
{"target": 0.46149676973736187, "params": {"C": 126.01807712787007, "epsilon": 0.890324303787472, "gamma": 0.005868146961770522, "lamda": 1.0715162436653227}, "datetime": {"datetime": "2021-09-23 18:22:58", "elapsed": 30.543089, "delta": 0.550001}}
{"target": 0.4647396050490732, "params": {"C": 123.65329022561335, "epsilon": 0.9146111064223049, "gamma": 0.0077282772314772544, "lamda": 1.0455650959568987}, "datetime": {"datetime": "2021-09-23 18:22:59", "elapsed": 31.005859, "delta": 0.46277}}
{"target": 0.4560708844723833, "params": {"C": 110.73334677889113, "epsilon": 0.8756811977070887, "gamma": 0.011495400534374306, "lamda": 0.5622304703634773}, "datetime": {"datetime": "2021-09-23 18:22:59", "elapsed": 31.611552, "delta": 0.605693}}
{"target": 0.44939028868384967, "params": {"C": 130.44738324290745, "epsilon": 0.741207990495777, "gamma": 0.028389917503370547, "lamda": 1.0679843064518406}, "datetime": {"datetime": "2021-09-23 18:23:00", "elapsed": 32.029044, "delta": 0.417492}}
{"target": 0.46718875664299375, "params": {"C": 191.23739618046383, "epsilon": 0.9856623346082818, "gamma": 0.007161803495929299, "lamda": 0.515975187117607}, "datetime": {"datetime": "2021-09-23 18:23:00", "elapsed": 32.559686, "delta": 0.530642}}
{"target": 0.4657663335471889, "params": {"C": 131.75438398954128, "epsilon": 0.8288091547190708, "gamma": 0.012823169709276445, "lamda": 0.9267284112591501}, "datetime": {"datetime": "2021-09-23 18:23:01", "elapsed": 33.01655, "delta": 0.456864}}
{"target": 0.4513413920666607, "params": {"C": 83.73646432656892, "epsilon": 0.8741804773474207, "gamma": 0.007235740449363443, "lamda": 0.590451549396839}, "datetime": {"datetime": "2021-09-23 18:23:01", "elapsed": 33.716559, "delta": 0.700009}}
{"target": 0.4547919421993244, "params": {"C": 182.46498595813273, "epsilon": 0.9846281205149985, "gamma": 0.02515472756900307, "lamda": 0.820318722766716}, "datetime": {"datetime": "2021-09-23 18:23:02", "elapsed": 34.312028, "delta": 0.595469}}
{"target": 0.462301696151171, "params": {"C": 104.1928748229662, "epsilon": 0.8298457855638817, "gamma": 0.008151828861096153, "lamda": 0.9830283211745208}, "datetime": {"datetime": "2021-09-23 18:23:03", "elapsed": 34.855035, "delta": 0.543007}}
{"target": 0.4501980928045203, "params": {"C": 187.58975692346027, "epsilon": 0.867693687439107, "gamma": 0.029370833135326572, "lamda": 1.0152258008661523}, "datetime": {"datetime": "2021-09-23 18:23:03", "elapsed": 35.391029, "delta": 0.535994}}
{"target": 0.46306593313194344, "params": {"C": 111.66565286337641, "epsilon": 0.9190484727665231, "gamma": 0.016363332274956337, "lamda": 1.0237239939651614}, "datetime": {"datetime": "2021-09-23 18:23:04", "elapsed": 35.998475, "delta": 0.607446}}
{"target": 0.46230853742541045, "params": {"C": 181.2780461379327, "epsilon": 0.8635839713234791, "gamma": 0.005100192688070386, "lamda": 0.5587090338938491}, "datetime": {"datetime": "2021-09-23 18:23:04", "elapsed": 36.557672, "delta": 0.559197}}
{"target": 0.44879327137687686, "params": {"C": 159.37595788369777, "epsilon": 0.7346733472923755, "gamma": 0.029307255822839842, "lamda": 1.012239826565444}, "datetime": {"datetime": "2021-09-23 18:23:05", "elapsed": 37.055672, "delta": 0.498}}
{"target": 0.44392280766900905, "params": {"C": 102.99035425312104, "epsilon": 0.778973343045644, "gamma": 0.026000534964552607, "lamda": 0.7734994906409001}, "datetime": {"datetime": "2021-09-23 18:23:05", "elapsed": 37.628823, "delta": 0.573151}}
{"target": 0.4664170784760616, "params": {"C": 126.73801438292439, "epsilon": 0.882312692822648, "gamma": 0.011386668295244446, "lamda": 0.9178500561360852}, "datetime": {"datetime": "2021-09-23 18:23:06", "elapsed": 38.210281, "delta": 0.581458}}
{"target": 0.43467724518491846, "params": {"C": 84.55366742060959, "epsilon": 0.9843696707374219, "gamma": 0.027197961525913906, "lamda": 0.4682722666137187}, "datetime": {"datetime": "2021-09-23 18:23:07", "elapsed": 38.910928, "delta": 0.700647}}
{"target": 0.4574812734667828, "params": {"C": 91.82886182955151, "epsilon": 0.8632369468499116, "gamma": 0.01743307728354344, "lamda": 0.9457769779658558}, "datetime": {"datetime": "2021-09-23 18:23:07", "elapsed": 39.455473, "delta": 0.544545}}
{"target": 0.46596862379250825, "params": {"C": 187.5191927176313, "epsilon": 0.8911277639645967, "gamma": 0.014166240513858171, "lamda": 0.9717969862435318}, "datetime": {"datetime": "2021-09-23 18:23:08", "elapsed": 40.129312, "delta": 0.673839}}
{"target": 0.4619707319518347, "params": {"C": 198.0709361743787, "epsilon": 0.8172281446108067, "gamma": 0.01787659269499523, "lamda": 0.737711825083001}, "datetime": {"datetime": "2021-09-23 18:23:08", "elapsed": 40.669308, "delta": 0.539996}}
{"target": 0.4674206946399979, "params": {"C": 171.05125764476793, "epsilon": 0.8527489087068045, "gamma": 0.009205150149945605, "lamda": 0.6665744326623115}, "datetime": {"datetime": "2021-09-23 18:23:09", "elapsed": 41.250539, "delta": 0.581231}}
{"target": 0.4511769698331195, "params": {"C": 138.6305306730232, "epsilon": 0.8322312029106829, "gamma": 0.025195037107240924, "lamda": 0.8208488778117449}, "datetime": {"datetime": "2021-09-23 18:23:10", "elapsed": 41.785653, "delta": 0.535114}}
{"target": 0.44507326313356566, "params": {"C": 151.61366479807765, "epsilon": 0.8015263880940218, "gamma": 0.029959299713731735, "lamda": 0.8291327472627306}, "datetime": {"datetime": "2021-09-23 18:23:10", "elapsed": 42.289933, "delta": 0.50428}}
{"target": 0.45267571998437783, "params": {"C": 101.0697514192037, "epsilon": 0.8708872312818704, "gamma": 0.007896741537353508, "lamda": 0.5083296010214403}, "datetime": {"datetime": "2021-09-23 18:23:11", "elapsed": 43.033931, "delta": 0.743998}}
{"target": 0.4537772102347669, "params": {"C": 184.2106118905985, "epsilon": 0.93688532535168, "gamma": 0.02603989474567727, "lamda": 0.8695801642791332}, "datetime": {"datetime": "2021-09-23 18:23:11", "elapsed": 43.586737, "delta": 0.552806}}
{"target": 0.45079240507506557, "params": {"C": 147.10894306982283, "epsilon": 0.7741813651724134, "gamma": 0.02824275480569869, "lamda": 1.0359996168881633}, "datetime": {"datetime": "2021-09-23 18:23:12", "elapsed": 44.107814, "delta": 0.521077}}
{"target": 0.4681372703195986, "params": {"C": 179.93773833011238, "epsilon": 0.9811805358255256, "gamma": 0.008791701179919717, "lamda": 0.7090318473883748}, "datetime": {"datetime": "2021-09-23 18:23:12", "elapsed": 44.706739, "delta": 0.598925}}
{"target": 0.44968634529033424, "params": {"C": 159.40902725332495, "epsilon": 0.7053249932371144, "gamma": 0.017134185031369285, "lamda": 0.5334482647654858}, "datetime": {"datetime": "2021-09-23 18:23:13", "elapsed": 45.255735, "delta": 0.548996}}
{"target": 0.43723018821981463, "params": {"C": 89.0395102821764, "epsilon": 0.8581297932268173, "gamma": 0.0277448039558715, "lamda": 0.6320066009591274}, "datetime": {"datetime": "2021-09-23 18:23:14", "elapsed": 45.900937, "delta": 0.645202}}
{"target": 0.4653306177691402, "params": {"C": 150.107466761598, "epsilon": 0.711743164152108, "gamma": 0.00630457312284698, "lamda": 0.9703698520493593}, "datetime": {"datetime": "2021-09-23 18:23:14", "elapsed": 46.567936, "delta": 0.666999}}
