{"target": 0.4696654330296516, "params": {"C": 496.2089456963208, "epsilon": 0.7571049552540952, "gamma": 0.008104398276640326, "lamda": 0.512994371152083}, "datetime": {"datetime": "2021-09-23 21:47:50", "elapsed": 643.465365, "delta": 2.847998}}
{"target": 0.46665994071493055, "params": {"C": 523.4123155638263, "epsilon": 0.8030860429466767, "gamma": 0.013444577512007408, "lamda": 0.6281120591038758}, "datetime": {"datetime": "2021-09-23 21:47:52", "elapsed": 646.00159, "delta": 2.536225}}
{"target": 0.46854477163699537, "params": {"C": 587.9977356458925, "epsilon": 0.9332355712140914, "gamma": 0.009628479073055621, "lamda": 0.7191237729916096}, "datetime": {"datetime": "2021-09-23 21:47:55", "elapsed": 648.515798, "delta": 2.514208}}
{"target": 0.46936667788811426, "params": {"C": 713.4113029226794, "epsilon": 0.7062255848078204, "gamma": 0.008534592939705102, "lamda": 0.7246411647615836}, "datetime": {"datetime": "2021-09-23 22:02:45", "elapsed": 0.0, "delta": 0.0}}
{"target": 0.4679892200504787, "params": {"C": 669.7611219684145, "epsilon": 0.7674389936592543, "gamma": 0.006792251459038496, "lamda": 0.7281592136596877}, "datetime": {"datetime": "2021-09-23 22:02:45", "elapsed": 0.221, "delta": 0.221}}
{"target": 0.4690955644003103, "params": {"C": 617.0577338500057, "epsilon": 0.726501944252203, "gamma": 0.008741439273471189, "lamda": 0.786018003858481}, "datetime": {"datetime": "2021-09-23 22:02:45", "elapsed": 0.462997, "delta": 0.241997}}
{"target": 0.4690433434526663, "params": {"C": 590.6317226124663, "epsilon": 0.853657679015733, "gamma": 0.009250483846608454, "lamda": 0.6837578200488165}, "datetime": {"datetime": "2021-09-23 22:02:45", "elapsed": 0.773999, "delta": 0.311002}}
{"target": 0.4691164041440061, "params": {"C": 705.480850789088, "epsilon": 0.78756282045119, "gamma": 0.009671096490051774, "lamda": 0.7143727350193072}, "datetime": {"datetime": "2021-09-23 22:02:46", "elapsed": 1.095996, "delta": 0.321997}}
{"target": 0.46766757461481956, "params": {"C": 743.0902717884701, "epsilon": 0.9690797642843423, "gamma": 0.008595170286248921, "lamda": 0.7765695312345731}, "datetime": {"datetime": "2021-09-23 22:02:46", "elapsed": 1.678, "delta": 0.582004}}
{"target": 0.4672749251543512, "params": {"C": 712.1354340232962, "epsilon": 0.9229318704740512, "gamma": 0.006359025149298285, "lamda": 0.6206049929858033}, "datetime": {"datetime": "2021-09-23 22:02:47", "elapsed": 2.446, "delta": 0.768}}
{"target": 0.46873987851807464, "params": {"C": 645.4651659616593, "epsilon": 0.7583773443794861, "gamma": 0.006622572955936332, "lamda": 0.5830252561691918}, "datetime": {"datetime": "2021-09-23 22:02:48", "elapsed": 3.003057, "delta": 0.557057}}
{"target": 0.4667296021882378, "params": {"C": 713.4207142859834, "epsilon": 0.820542148551142, "gamma": 0.006105466292333411, "lamda": 0.7163554065636859}, "datetime": {"datetime": "2021-09-23 22:02:48", "elapsed": 3.534527, "delta": 0.53147}}
{"target": 0.46813072157082747, "params": {"C": 687.6000985341144, "epsilon": 0.9766855652883952, "gamma": 0.008837886581842558, "lamda": 0.7252684851800832}, "datetime": {"datetime": "2021-09-23 22:02:49", "elapsed": 4.713249, "delta": 1.178722}}
{"target": 0.4669279723066556, "params": {"C": 722.0479179322947, "epsilon": 0.8598938456423705, "gamma": 0.006924700242712682, "lamda": 0.7909880431628717}, "datetime": {"datetime": "2021-09-23 22:02:50", "elapsed": 5.583253, "delta": 0.870004}}
{"target": 0.46920757849743255, "params": {"C": 712.2875702213552, "epsilon": 0.8225859915112113, "gamma": 0.008077576780552938, "lamda": 0.6290375636450375}, "datetime": {"datetime": "2021-09-23 22:02:50", "elapsed": 5.937253, "delta": 0.354}}
{"target": 0.4693386129312642, "params": {"C": 596.5542379369532, "epsilon": 0.7679502324279366, "gamma": 0.007302587069241199, "lamda": 0.5564995086515991}, "datetime": {"datetime": "2021-09-23 22:02:51", "elapsed": 6.435248, "delta": 0.497995}}
{"target": 0.46918648440533806, "params": {"C": 710.8035065880426, "epsilon": 0.829012730854596, "gamma": 0.007767926610030559, "lamda": 0.6019908018012083}, "datetime": {"datetime": "2021-09-23 22:02:51", "elapsed": 6.910252, "delta": 0.475004}}
{"target": 0.4675146032118297, "params": {"C": 697.1424741249551, "epsilon": 0.7756362731342391, "gamma": 0.00681022939131763, "lamda": 0.7856344723784013}, "datetime": {"datetime": "2021-09-23 22:02:52", "elapsed": 7.358255, "delta": 0.448003}}
{"target": 0.4674825631280429, "params": {"C": 704.540650858102, "epsilon": 0.7802904539501551, "gamma": 0.006362384993358983, "lamda": 0.7101394167100195}, "datetime": {"datetime": "2021-09-23 22:02:52", "elapsed": 7.807253, "delta": 0.448998}}
{"target": 0.4690460133254557, "params": {"C": 627.5356948393344, "epsilon": 0.7390900204962775, "gamma": 0.008176921768761808, "lamda": 0.7489292839443791}, "datetime": {"datetime": "2021-09-23 22:02:53", "elapsed": 8.453099, "delta": 0.645846}}
{"target": 0.4693403116343904, "params": {"C": 654.7878192115173, "epsilon": 0.7131971131330989, "gamma": 0.008361743627362509, "lamda": 0.7162303331492804}, "datetime": {"datetime": "2021-09-23 22:02:53", "elapsed": 8.814106, "delta": 0.361007}}
{"target": 0.468487657303995, "params": {"C": 666.6286509041279, "epsilon": 0.8280039006296374, "gamma": 0.008557129765872794, "lamda": 0.786973226463813}, "datetime": {"datetime": "2021-09-23 22:02:54", "elapsed": 9.224097, "delta": 0.409991}}
{"target": 0.46763692260744805, "params": {"C": 634.6372526611531, "epsilon": 0.8401110031835952, "gamma": 0.006580291581619532, "lamda": 0.6761626384399125}, "datetime": {"datetime": "2021-09-23 22:02:54", "elapsed": 9.601723, "delta": 0.377626}}
{"target": 0.46822989304617, "params": {"C": 690.3759546672045, "epsilon": 0.9506602547242674, "gamma": 0.008000715617657996, "lamda": 0.6800697164297363}, "datetime": {"datetime": "2021-09-23 22:02:55", "elapsed": 10.246908, "delta": 0.645185}}
{"target": 0.4688362828579362, "params": {"C": 692.4079636500603, "epsilon": 0.7791706830173003, "gamma": 0.006623896764652559, "lamda": 0.5480122651747086}, "datetime": {"datetime": "2021-09-23 22:02:55", "elapsed": 10.60991, "delta": 0.363002}}
{"target": 0.46922688954251857, "params": {"C": 600.2086741519036, "epsilon": 0.8159220174058145, "gamma": 0.009951792556042277, "lamda": 0.5652962823191395}, "datetime": {"datetime": "2021-09-23 22:02:56", "elapsed": 10.987915, "delta": 0.378005}}
{"target": 0.46889281506526137, "params": {"C": 665.1058374186177, "epsilon": 0.9901905985293903, "gamma": 0.007788400009841227, "lamda": 0.5479280176353315}, "datetime": {"datetime": "2021-09-23 22:02:56", "elapsed": 11.37291, "delta": 0.384995}}
{"target": 0.4692885359393345, "params": {"C": 675.0173226651466, "epsilon": 0.7590356431103777, "gamma": 0.009777753866664672, "lamda": 0.5595044260868802}, "datetime": {"datetime": "2021-09-23 22:02:56", "elapsed": 11.783557, "delta": 0.410647}}
{"target": 0.4691705675813158, "params": {"C": 639.6849792117849, "epsilon": 0.8006011575607787, "gamma": 0.009987243695319167, "lamda": 0.634345788260958}, "datetime": {"datetime": "2021-09-23 22:02:57", "elapsed": 12.140206, "delta": 0.356649}}
{"target": 0.46760686766589055, "params": {"C": 604.5051093922019, "epsilon": 0.7786688581052671, "gamma": 0.006254467817680806, "lamda": 0.6761094682768288}, "datetime": {"datetime": "2021-09-23 22:02:57", "elapsed": 12.542199, "delta": 0.401993}}
{"target": 0.4682648903272352, "params": {"C": 696.8825160857365, "epsilon": 0.9831892585641441, "gamma": 0.00959156227980008, "lamda": 0.7249039263144443}, "datetime": {"datetime": "2021-09-23 22:02:58", "elapsed": 13.008087, "delta": 0.465888}}
{"target": 0.4692697547371806, "params": {"C": 703.5538414962599, "epsilon": 0.7624502884987345, "gamma": 0.008560010074051425, "lamda": 0.6960965866311752}, "datetime": {"datetime": "2021-09-23 22:02:58", "elapsed": 13.372088, "delta": 0.364001}}
{"target": 0.46869338159131047, "params": {"C": 684.7337525316927, "epsilon": 0.9334513377822755, "gamma": 0.00934704292143483, "lamda": 0.6904505073843759}, "datetime": {"datetime": "2021-09-23 22:02:58", "elapsed": 13.731009, "delta": 0.358921}}
{"target": 0.46814988593563933, "params": {"C": 635.8005645994488, "epsilon": 0.8427968758632609, "gamma": 0.006023738572283418, "lamda": 0.5036930310295349}, "datetime": {"datetime": "2021-09-23 22:02:59", "elapsed": 14.162009, "delta": 0.431}}
{"target": 0.46648891794643765, "params": {"C": 598.3432631253347, "epsilon": 0.8858092006687759, "gamma": 0.006023644249634392, "lamda": 0.6741482408765231}, "datetime": {"datetime": "2021-09-23 22:02:59", "elapsed": 14.547004, "delta": 0.384995}}
{"target": 0.4695048472657196, "params": {"C": 615.9609642655479, "epsilon": 0.7688386936824453, "gamma": 0.007384831775234532, "lamda": 0.5059529910617617}, "datetime": {"datetime": "2021-09-23 22:03:00", "elapsed": 14.990005, "delta": 0.443001}}
{"target": 0.46931612920459, "params": {"C": 698.4975767270826, "epsilon": 0.8953702541249303, "gamma": 0.009244719291261125, "lamda": 0.5760775830297447}, "datetime": {"datetime": "2021-09-23 22:03:00", "elapsed": 15.414002, "delta": 0.423997}}
{"target": 0.4666435146102379, "params": {"C": 652.5480207384983, "epsilon": 0.9515343445819389, "gamma": 0.007305345900252652, "lamda": 0.7892465930779546}, "datetime": {"datetime": "2021-09-23 22:03:00", "elapsed": 15.860033, "delta": 0.446031}}
{"target": 0.46694236924985455, "params": {"C": 593.1139270095815, "epsilon": 0.9009722818634999, "gamma": 0.007213713412884984, "lamda": 0.7903129553084374}, "datetime": {"datetime": "2021-09-23 22:03:01", "elapsed": 16.346027, "delta": 0.485994}}
{"target": 0.4692265127364492, "params": {"C": 696.1825944738748, "epsilon": 0.7083433311857746, "gamma": 0.008206066847628812, "lamda": 0.7422415353274144}, "datetime": {"datetime": "2021-09-23 22:03:01", "elapsed": 16.774028, "delta": 0.428001}}
{"target": 0.4694214531746561, "params": {"C": 590.4993010644523, "epsilon": 0.8513735019122505, "gamma": 0.008441097717912481, "lamda": 0.5741521296402483}, "datetime": {"datetime": "2021-09-23 22:03:02", "elapsed": 17.3382, "delta": 0.564172}}
{"target": 0.46921193791578086, "params": {"C": 692.5144558150488, "epsilon": 0.719906663217897, "gamma": 0.00925452937968305, "lamda": 0.7694689629000113}, "datetime": {"datetime": "2021-09-23 22:03:02", "elapsed": 17.720875, "delta": 0.382675}}
{"target": 0.4693349600367618, "params": {"C": 621.6481881418597, "epsilon": 0.9712159613070562, "gamma": 0.008712831822593602, "lamda": 0.5285496144682216}, "datetime": {"datetime": "2021-09-23 22:03:03", "elapsed": 18.220242, "delta": 0.499367}}
{"target": 0.46917315072559396, "params": {"C": 614.5888825056409, "epsilon": 0.9379558878852026, "gamma": 0.009705664711082224, "lamda": 0.5696132209093201}, "datetime": {"datetime": "2021-09-23 22:03:03", "elapsed": 18.61524, "delta": 0.394998}}
{"target": 0.4695636112934769, "params": {"C": 661.5980670968468, "epsilon": 0.7933134393305638, "gamma": 0.008565602976662206, "lamda": 0.5666321000337436}, "datetime": {"datetime": "2021-09-23 22:03:04", "elapsed": 19.030245, "delta": 0.415005}}
{"target": 0.4695714490237668, "params": {"C": 675.0070441271198, "epsilon": 0.722851806083514, "gamma": 0.008895248772077645, "lamda": 0.6035646222690285}, "datetime": {"datetime": "2021-09-23 22:03:04", "elapsed": 19.446252, "delta": 0.416007}}
{"target": 0.4694032997785046, "params": {"C": 639.6604199332608, "epsilon": 0.7930256458863496, "gamma": 0.008319726219483597, "lamda": 0.6192746986671713}, "datetime": {"datetime": "2021-09-23 22:03:04", "elapsed": 19.859792, "delta": 0.41354}}
{"target": 0.46925963605085574, "params": {"C": 725.1475686092969, "epsilon": 0.9144549225084622, "gamma": 0.0090396283574222, "lamda": 0.5853070391086792}, "datetime": {"datetime": "2021-09-23 22:03:05", "elapsed": 20.305785, "delta": 0.445993}}
{"target": 0.4685619951483925, "params": {"C": 675.0815968123061, "epsilon": 0.7263092624233324, "gamma": 0.006470206874419958, "lamda": 0.613987440882769}, "datetime": {"datetime": "2021-09-23 22:03:05", "elapsed": 20.795787, "delta": 0.490002}}
{"target": 0.46912827470501284, "params": {"C": 621.6564610095496, "epsilon": 0.9861404350100209, "gamma": 0.008080522922981316, "lamda": 0.5340621078878435}, "datetime": {"datetime": "2021-09-23 22:03:06", "elapsed": 21.206795, "delta": 0.411008}}
{"target": 0.4689823496371187, "params": {"C": 617.2721386954647, "epsilon": 0.8901283987909345, "gamma": 0.009198543680046292, "lamda": 0.6671517668328033}, "datetime": {"datetime": "2021-09-23 22:03:06", "elapsed": 21.58679, "delta": 0.379995}}
{"target": 0.46927524925368835, "params": {"C": 661.6170207057446, "epsilon": 0.7917140386949933, "gamma": 0.009694443906914065, "lamda": 0.6336549348294326}, "datetime": {"datetime": "2021-09-23 22:03:07", "elapsed": 22.028431, "delta": 0.441641}}
{"target": 0.4695094331948716, "params": {"C": 661.6977918806056, "epsilon": 0.805895891109929, "gamma": 0.00911395125838184, "lamda": 0.5559744765134056}, "datetime": {"datetime": "2021-09-23 22:03:07", "elapsed": 22.466426, "delta": 0.437995}}
{"target": 0.4694691997891809, "params": {"C": 674.9311198132059, "epsilon": 0.7333377442215148, "gamma": 0.008046365965282892, "lamda": 0.6314179024350532}, "datetime": {"datetime": "2021-09-23 22:03:08", "elapsed": 22.996809, "delta": 0.530383}}
{"target": 0.46932375649893, "params": {"C": 661.6301167299758, "epsilon": 0.897309578071701, "gamma": 0.008131337699266218, "lamda": 0.5522992425110081}, "datetime": {"datetime": "2021-09-23 22:03:08", "elapsed": 23.638451, "delta": 0.641642}}
{"target": 0.4691757662628445, "params": {"C": 621.5865144881484, "epsilon": 0.8636937236678534, "gamma": 0.01, "lamda": 0.5}, "datetime": {"datetime": "2021-09-23 22:03:09", "elapsed": 24.17378, "delta": 0.535329}}
{"target": 0.46843920140023365, "params": {"C": 639.5506037210894, "epsilon": 0.7446501183554112, "gamma": 0.006643621754467532, "lamda": 0.6541001015953319}, "datetime": {"datetime": "2021-09-23 22:03:09", "elapsed": 24.688781, "delta": 0.515001}}
{"target": 0.4696033948790097, "params": {"C": 615.8672725078723, "epsilon": 0.7135531069859916, "gamma": 0.007503730971681254, "lamda": 0.506823287459673}, "datetime": {"datetime": "2021-09-23 22:03:10", "elapsed": 25.195784, "delta": 0.507003}}
{"target": 0.46799025512235015, "params": {"C": 615.8216729321165, "epsilon": 0.7910351781282039, "gamma": 0.006035868358821598, "lamda": 0.5665839761955672}, "datetime": {"datetime": "2021-09-23 22:03:10", "elapsed": 25.875413, "delta": 0.679629}}
{"target": 0.46916676202578445, "params": {"C": 661.6302848026902, "epsilon": 0.700869475064283, "gamma": 0.009924432342492573, "lamda": 0.5725564659021996}, "datetime": {"datetime": "2021-09-23 22:03:11", "elapsed": 26.458409, "delta": 0.582996}}
{"target": 0.46896632776719815, "params": {"C": 674.928866553376, "epsilon": 0.7, "gamma": 0.01, "lamda": 0.528264788130971}, "datetime": {"datetime": "2021-09-23 22:03:11", "elapsed": 26.937411, "delta": 0.479002}}
{"target": 0.46802725902653797, "params": {"C": 674.9717263860312, "epsilon": 0.846285830009482, "gamma": 0.00689034443882635, "lamda": 0.6675288365114798}, "datetime": {"datetime": "2021-09-23 22:03:12", "elapsed": 27.381027, "delta": 0.443616}}
{"target": 0.466971386680083, "params": {"C": 627.2670139624453, "epsilon": 0.9195521120003574, "gamma": 0.006705100160100263, "lamda": 0.7055648885011602}, "datetime": {"datetime": "2021-09-23 22:03:12", "elapsed": 27.824024, "delta": 0.442997}}
{"target": 0.4692510434390016, "params": {"C": 590.5862156143614, "epsilon": 0.9046131270013966, "gamma": 0.007703960290683805, "lamda": 0.5306103888636238}, "datetime": {"datetime": "2021-09-23 22:03:13", "elapsed": 28.389362, "delta": 0.565338}}
{"target": 0.46942179576901444, "params": {"C": 639.6310877406008, "epsilon": 0.8548890048033053, "gamma": 0.009435260295868135, "lamda": 0.5104387987235293}, "datetime": {"datetime": "2021-09-23 22:03:14", "elapsed": 28.986366, "delta": 0.597004}}
{"target": 0.46967275174159484, "params": {"C": 639.639540598882, "epsilon": 0.7492064223134235, "gamma": 0.008139092236329451, "lamda": 0.5028204721779719}, "datetime": {"datetime": "2021-09-23 22:03:14", "elapsed": 29.510364, "delta": 0.523998}}
{"target": 0.46839982878538444, "params": {"C": 600.2025425788005, "epsilon": 0.8268253840578286, "gamma": 0.006563383235037603, "lamda": 0.5793620295832633}, "datetime": {"datetime": "2021-09-23 22:03:15", "elapsed": 30.40056, "delta": 0.890196}}
{"target": 0.4694526790766005, "params": {"C": 712.1724241802625, "epsilon": 0.8193889674635297, "gamma": 0.009243494554798804, "lamda": 0.5696188724583221}, "datetime": {"datetime": "2021-09-23 22:03:15", "elapsed": 30.831556, "delta": 0.430996}}
{"target": 0.46898935204392933, "params": {"C": 725.3405771379171, "epsilon": 0.7698900982087447, "gamma": 0.009706125185390407, "lamda": 0.7707536545230773}, "datetime": {"datetime": "2021-09-23 22:03:16", "elapsed": 31.299563, "delta": 0.468007}}
{"target": 0.46936195037979056, "params": {"C": 661.6405555703484, "epsilon": 0.8295684044488958, "gamma": 0.00943093923020203, "lamda": 0.5921334460465167}, "datetime": {"datetime": "2021-09-23 22:03:16", "elapsed": 31.781179, "delta": 0.481616}}
{"target": 0.46887282003974795, "params": {"C": 657.4526761614916, "epsilon": 0.928736689551598, "gamma": 0.009363377185399615, "lamda": 0.6606226964808014}, "datetime": {"datetime": "2021-09-23 22:03:17", "elapsed": 32.225272, "delta": 0.444093}}
{"target": 0.4691817357333058, "params": {"C": 600.2377038969328, "epsilon": 0.768774523003513, "gamma": 0.0070521134005482045, "lamda": 0.5571694383057038}, "datetime": {"datetime": "2021-09-23 22:03:17", "elapsed": 32.888544, "delta": 0.663272}}
{"target": 0.4688016966745817, "params": {"C": 710.7989869652293, "epsilon": 0.8192832947823807, "gamma": 0.007204169687228543, "lamda": 0.6169128835293378}, "datetime": {"datetime": "2021-09-23 22:03:18", "elapsed": 33.364972, "delta": 0.476428}}
{"target": 0.4692864497391963, "params": {"C": 600.2241156943228, "epsilon": 0.8312972180964434, "gamma": 0.007146122279573299, "lamda": 0.5023576983839679}, "datetime": {"datetime": "2021-09-23 22:03:18", "elapsed": 33.829971, "delta": 0.464999}}
{"target": 0.46957042214572176, "params": {"C": 639.6527777401509, "epsilon": 0.7641287268598683, "gamma": 0.008832665359944073, "lamda": 0.5758442734910532}, "datetime": {"datetime": "2021-09-23 22:03:19", "elapsed": 34.348972, "delta": 0.519001}}
{"target": 0.4685852888684803, "params": {"C": 661.7279193896052, "epsilon": 0.7793844827812656, "gamma": 0.006868722066133494, "lamda": 0.6373355043277322}, "datetime": {"datetime": "2021-09-23 22:03:19", "elapsed": 34.843973, "delta": 0.495001}}
{"target": 0.46793082305976874, "params": {"C": 652.7120848661178, "epsilon": 0.7024786342029687, "gamma": 0.0061815942717983775, "lamda": 0.6852662738404743}, "datetime": {"datetime": "2021-09-23 22:03:20", "elapsed": 35.352973, "delta": 0.509}}
{"target": 0.46927185339931454, "params": {"C": 639.5449646720563, "epsilon": 0.8378076810768188, "gamma": 0.00723584049109594, "lamda": 0.5151243468408914}, "datetime": {"datetime": "2021-09-23 22:03:20", "elapsed": 35.819973, "delta": 0.467}}
{"target": 0.4659165756121152, "params": {"C": 648.2043869674844, "epsilon": 0.9146111064223049, "gamma": 0.006436524357036361, "lamda": 0.7748761981339533}, "datetime": {"datetime": "2021-09-23 22:03:21", "elapsed": 36.392973, "delta": 0.573}}
{"target": 0.46889701521491534, "params": {"C": 615.9346811753991, "epsilon": 0.726714079903287, "gamma": 0.006420348478803332, "lamda": 0.527415474166342}, "datetime": {"datetime": "2021-09-23 22:03:22", "elapsed": 37.032499, "delta": 0.639526}}
{"target": 0.46946671195113154, "params": {"C": 639.706856306757, "epsilon": 0.7221243887495602, "gamma": 0.009133733639440068, "lamda": 0.5197514636921796}, "datetime": {"datetime": "2021-09-23 22:03:22", "elapsed": 37.760495, "delta": 0.727996}}
{"target": 0.4677358321830132, "params": {"C": 738.3165282406185, "epsilon": 0.9856623346082818, "gamma": 0.006345888559348688, "lamda": 0.5304500863619724}, "datetime": {"datetime": "2021-09-23 22:03:23", "elapsed": 38.278127, "delta": 0.517632}}
{"target": 0.4681056324372441, "params": {"C": 659.0058453193884, "epsilon": 0.8288091547190708, "gamma": 0.007251707153484232, "lamda": 0.720028497504223}, "datetime": {"datetime": "2021-09-23 22:03:23", "elapsed": 38.744127, "delta": 0.466}}
{"target": 0.4680266832529266, "params": {"C": 594.9819524354252, "epsilon": 0.8741804773474207, "gamma": 0.006357718471898151, "lamda": 0.5648237920293102}, "datetime": {"datetime": "2021-09-23 22:03:24", "elapsed": 39.253125, "delta": 0.508998}}
{"target": 0.4693156907311127, "params": {"C": 710.7967661493435, "epsilon": 0.8521956708356065, "gamma": 0.0073028043278788425, "lamda": 0.5043419907113923}, "datetime": {"datetime": "2021-09-23 22:03:25", "elapsed": 40.043479, "delta": 0.790354}}
{"target": 0.46895121209189783, "params": {"C": 712.172236559811, "epsilon": 0.828069437410233, "gamma": 0.007164086227729583, "lamda": 0.5785786308198175}, "datetime": {"datetime": "2021-09-23 22:03:25", "elapsed": 40.536481, "delta": 0.493002}}
{"target": 0.468332996637713, "params": {"C": 661.6961574974991, "epsilon": 0.8895357255505214, "gamma": 0.006759850563144414, "lamda": 0.5761439478466587}, "datetime": {"datetime": "2021-09-23 22:03:26", "elapsed": 41.14648, "delta": 0.609999}}
{"target": 0.46761514126174863, "params": {"C": 632.2208704845019, "epsilon": 0.9190484727665231, "gamma": 0.007818133163993013, "lamda": 0.7647956895223822}, "datetime": {"datetime": "2021-09-23 22:03:26", "elapsed": 41.664481, "delta": 0.518001}}
{"target": 0.4691799581573901, "params": {"C": 698.4852656124178, "epsilon": 0.894727263178895, "gamma": 0.009646366832184313, "lamda": 0.6013930198482601}, "datetime": {"datetime": "2021-09-23 22:03:27", "elapsed": 42.194889, "delta": 0.530408}}
