{"target": 0.4627684626531088, "params": {"C": 218.05510806645265, "epsilon": 0.8664252325404483, "gamma": 0.013437715544696537, "lamda": 0.4866001804389585}, "datetime": {"datetime": "2021-09-23 20:00:29", "elapsed": 326.8906, "delta": 1.269794}}
{"target": 0.45685274729936154, "params": {"C": 212.9808170350044, "epsilon": 0.9709912081931302, "gamma": 0.00990694893842161, "lamda": 0.2889696027783922}, "datetime": {"datetime": "2021-09-23 20:00:31", "elapsed": 328.25927, "delta": 1.36867}}
{"target": 0.45090240832913964, "params": {"C": 201.74591279775163, "epsilon": 0.9553269499798497, "gamma": 0.007066368860539908, "lamda": 0.2083782894701034}, "datetime": {"datetime": "2021-09-23 20:00:32", "elapsed": 329.701881, "delta": 1.442611}}
{"target": 0.428784523181307, "params": {"C": 211.32190289448596, "epsilon": 0.5107236917559035, "gamma": 0.01867937190884553, "lamda": 0.3043602135018312}, "datetime": {"datetime": "2021-09-23 20:00:34", "elapsed": 331.144325, "delta": 1.442444}}
{"target": 0.4623683073370818, "params": {"C": 238.3645371784354, "epsilon": 0.9380115114208825, "gamma": 0.014130644083346376, "lamda": 0.4348285791175923}, "datetime": {"datetime": "2021-09-23 20:00:35", "elapsed": 332.646679, "delta": 1.502354}}
{"target": 0.4595748324667952, "params": {"C": 213.05129953632974, "epsilon": 0.8776851007300353, "gamma": 0.003261047957040494, "lamda": 0.5722318116241109}, "datetime": {"datetime": "2021-09-23 20:00:38", "elapsed": 335.071612, "delta": 2.424933}}
{"target": 0.46513645579442886, "params": {"C": 216.7743325696136, "epsilon": 0.8284782180484993, "gamma": 0.011603335362632052, "lamda": 0.5194808753650684}, "datetime": {"datetime": "2021-09-23 20:00:41", "elapsed": 337.995721, "delta": 2.924109}}
{"target": 0.4603004369652579, "params": {"C": 217.95319167959494, "epsilon": 0.9459595371377226, "gamma": 0.01507999949105051, "lamda": 0.43897276068609575}, "datetime": {"datetime": "2021-09-23 20:00:42", "elapsed": 339.303894, "delta": 1.308173}}
{"target": 0.46806346560694556, "params": {"C": 222.1378851583026, "epsilon": 0.7961798006331042, "gamma": 0.007534899189120506, "lamda": 0.5710247412510534}, "datetime": {"datetime": "2021-09-23 20:00:45", "elapsed": 341.925743, "delta": 2.621849}}
{"target": 0.46228559479088815, "params": {"C": 211.7877571830402, "epsilon": 0.8529821326840223, "gamma": 0.0160866247820725, "lamda": 0.5917239072356604}, "datetime": {"datetime": "2021-09-23 20:00:47", "elapsed": 344.470797, "delta": 2.545054}}
{"target": 0.4640256309470212, "params": {"C": 222.11125052976172, "epsilon": 0.8307858809400547, "gamma": 0.0146019347369153, "lamda": 0.5846900270271381}, "datetime": {"datetime": "2021-09-23 20:00:49", "elapsed": 346.509211, "delta": 2.038414}}
{"target": 0.4663522680334058, "params": {"C": 213.27021965280258, "epsilon": 0.8364545236095857, "gamma": 0.01241955138345762, "lamda": 0.598764059032155}, "datetime": {"datetime": "2021-09-23 20:00:51", "elapsed": 348.333713, "delta": 1.824502}}
{"target": 0.43419328681049385, "params": {"C": 242.36687537739704, "epsilon": 0.957462636498217, "gamma": 0.001, "lamda": 0.5803150593507356}, "datetime": {"datetime": "2021-09-23 20:00:54", "elapsed": 351.199274, "delta": 2.865561}}
{"target": 0.46722266010371716, "params": {"C": 216.79520044907, "epsilon": 0.8142188640805279, "gamma": 0.009800059814780784, "lamda": 0.5491782173566611}, "datetime": {"datetime": "2021-09-23 20:00:57", "elapsed": 353.963769, "delta": 2.764495}}
{"target": 0.464460857894749, "params": {"C": 211.39628255798186, "epsilon": 0.9029984983411781, "gamma": 0.004853081077539574, "lamda": 0.598872489402257}, "datetime": {"datetime": "2021-09-23 20:00:59", "elapsed": 356.07345, "delta": 2.109681}}
{"target": 0.4526703313012155, "params": {"C": 249.55805193405607, "epsilon": 0.7294676636738828, "gamma": 0.013730728043555268, "lamda": 0.3597610381557269}, "datetime": {"datetime": "2021-09-23 20:01:00", "elapsed": 357.684309, "delta": 1.610859}}
{"target": 0.46812292113752296, "params": {"C": 242.4054152591969, "epsilon": 0.9677889716711863, "gamma": 0.006672871130526037, "lamda": 0.5225116938869652}, "datetime": {"datetime": "2021-09-23 20:01:03", "elapsed": 360.283986, "delta": 2.599677}}
{"target": 0.46144433509148186, "params": {"C": 204.09951638035054, "epsilon": 0.6895121795949015, "gamma": 0.013647689132263566, "lamda": 0.5947109322594633}, "datetime": {"datetime": "2021-09-23 20:01:04", "elapsed": 361.646844, "delta": 1.362858}}
{"target": 0.4535620342599844, "params": {"C": 216.80014005311378, "epsilon": 0.7801490183965902, "gamma": 0.02, "lamda": 0.5507882321437612}, "datetime": {"datetime": "2021-09-23 20:01:07", "elapsed": 364.36239, "delta": 2.715546}}
{"target": 0.4531442349423035, "params": {"C": 213.22610837953755, "epsilon": 0.9120158337173535, "gamma": 0.02, "lamda": 0.4662672861626979}, "datetime": {"datetime": "2021-09-23 20:01:10", "elapsed": 367.350584, "delta": 2.988194}}
{"target": 0.4352566449983237, "params": {"C": 218.44109266669045, "epsilon": 0.8110753387826684, "gamma": 0.018274717714421893, "lamda": 0.2681461919575642}, "datetime": {"datetime": "2021-09-23 20:01:11", "elapsed": 368.836655, "delta": 1.486071}}
{"target": 0.4675649750038072, "params": {"C": 211.72633810446732, "epsilon": 0.9240035413689707, "gamma": 0.010644214429361594, "lamda": 0.533471847493489}, "datetime": {"datetime": "2021-09-23 20:01:14", "elapsed": 371.325179, "delta": 2.488524}}
{"target": 0.45992218205206603, "params": {"C": 213.2960863466742, "epsilon": 0.8203383632428666, "gamma": 0.017097056775334733, "lamda": 0.5795334594164218}, "datetime": {"datetime": "2021-09-23 20:01:17", "elapsed": 374.11146, "delta": 2.786281}}
{"target": 0.46548105330092426, "params": {"C": 210.874364203964, "epsilon": 0.9463991937995853, "gamma": 0.005246502176439064, "lamda": 0.562951894288525}, "datetime": {"datetime": "2021-09-23 20:01:19", "elapsed": 376.793489, "delta": 2.682029}}
{"target": 0.43973281784844587, "params": {"C": 205.70203253792528, "epsilon": 0.8468710601014564, "gamma": 0.0018182919890903726, "lamda": 0.20335186709691447}, "datetime": {"datetime": "2021-09-23 20:01:21", "elapsed": 378.322391, "delta": 1.528902}}
{"target": 0.4531444819741731, "params": {"C": 204.66159448621352, "epsilon": 0.6746408808204516, "gamma": 0.003147528478178048, "lamda": 0.48995080118635037}, "datetime": {"datetime": "2021-09-23 20:01:23", "elapsed": 380.076019, "delta": 1.753628}}
{"target": 0.46705260202298027, "params": {"C": 242.3728243513798, "epsilon": 0.9655406717000816, "gamma": 0.012812868435181032, "lamda": 0.5273495118293565}, "datetime": {"datetime": "2021-09-23 20:01:25", "elapsed": 382.305271, "delta": 2.229252}}
{"target": 0.46531106420432033, "params": {"C": 242.42400342008733, "epsilon": 0.9598557023027496, "gamma": 0.014839126313226172, "lamda": 0.5554739990519921}, "datetime": {"datetime": "2021-09-23 20:01:28", "elapsed": 385.146144, "delta": 2.840873}}
{"target": 0.45823851014890216, "params": {"C": 231.3754511355013, "epsilon": 0.9173409649190085, "gamma": 0.003337433841741078, "lamda": 0.4117686658268448}, "datetime": {"datetime": "2021-09-23 20:01:30", "elapsed": 387.497411, "delta": 2.351267}}
{"target": 0.46823491625254743, "params": {"C": 242.41654841023626, "epsilon": 0.896677167689127, "gamma": 0.011025585124615597, "lamda": 0.5433550876771795}, "datetime": {"datetime": "2021-09-23 20:01:33", "elapsed": 390.269698, "delta": 2.772287}}
{"target": 0.46577466860370853, "params": {"C": 216.81047541184037, "epsilon": 0.8206910186777461, "gamma": 0.010228882419136918, "lamda": 0.5061635753676463}, "datetime": {"datetime": "2021-09-23 20:01:35", "elapsed": 392.852381, "delta": 2.582683}}
{"target": 0.46414576832926124, "params": {"C": 249.87127697347162, "epsilon": 0.9397459998827563, "gamma": 0.01156765269834098, "lamda": 0.3891129229041582}, "datetime": {"datetime": "2021-09-23 20:01:37", "elapsed": 394.393601, "delta": 1.54122}}
{"target": 0.46904458585542774, "params": {"C": 242.4473826052535, "epsilon": 0.8962258584508379, "gamma": 0.00878197638848069, "lamda": 0.5360961063484698}, "datetime": {"datetime": "2021-09-23 20:01:41", "elapsed": 397.939903, "delta": 3.546302}}
{"target": 0.4675940037749965, "params": {"C": 242.45485673343725, "epsilon": 0.9027961590907201, "gamma": 0.01211808264810824, "lamda": 0.5575290188333302}, "datetime": {"datetime": "2021-09-23 20:01:43", "elapsed": 400.323294, "delta": 2.383391}}
{"target": 0.4628024306634989, "params": {"C": 211.77633066963662, "epsilon": 0.9353319056970073, "gamma": 0.004282605957845103, "lamda": 0.5803045049152796}, "datetime": {"datetime": "2021-09-23 20:01:46", "elapsed": 403.067699, "delta": 2.744405}}
{"target": 0.4587717630596422, "params": {"C": 216.819688621111, "epsilon": 0.8482302261911356, "gamma": 0.00308083218728143, "lamda": 0.5581942047352546}, "datetime": {"datetime": "2021-09-23 20:01:48", "elapsed": 405.476265, "delta": 2.408566}}
{"target": 0.4591274677685925, "params": {"C": 234.12888380881782, "epsilon": 0.8883678099499481, "gamma": 0.015230724832560171, "lamda": 0.42623739418218665}, "datetime": {"datetime": "2021-09-23 20:01:50", "elapsed": 407.26498, "delta": 1.788715}}
{"target": 0.4461386334265771, "params": {"C": 246.77469689356442, "epsilon": 0.5746194248871568, "gamma": 0.001366507473626014, "lamda": 0.4994644632592464}, "datetime": {"datetime": "2021-09-23 20:01:51", "elapsed": 408.842187, "delta": 1.577207}}
{"target": 0.46334069242605047, "params": {"C": 203.2904313560109, "epsilon": 0.819870351392147, "gamma": 0.006157660679023624, "lamda": 0.4832067642833628}, "datetime": {"datetime": "2021-09-23 20:01:53", "elapsed": 410.684662, "delta": 1.842475}}
{"target": 0.4508023641223995, "params": {"C": 242.38931302643493, "epsilon": 0.9860355032571582, "gamma": 0.001950889376191674, "lamda": 0.5380782713853524}, "datetime": {"datetime": "2021-09-23 20:01:56", "elapsed": 413.769429, "delta": 3.084767}}
{"target": 0.4580264033799385, "params": {"C": 224.56354815237103, "epsilon": 0.8732950888615648, "gamma": 0.0028397712328472177, "lamda": 0.539607787309945}, "datetime": {"datetime": "2021-09-23 20:01:58", "elapsed": 415.353976, "delta": 1.584547}}
{"target": 0.4550395041565668, "params": {"C": 224.20786725937182, "epsilon": 0.9196215924118745, "gamma": 0.01516745812615591, "lamda": 0.3521707397812989}, "datetime": {"datetime": "2021-09-23 20:02:00", "elapsed": 416.982818, "delta": 1.628842}}
{"target": 0.4655065662962653, "params": {"C": 213.19537699088843, "epsilon": 0.9358076320661209, "gamma": 0.007250416655989441, "lamda": 0.4275485391605142}, "datetime": {"datetime": "2021-09-23 20:02:03", "elapsed": 420.23267, "delta": 3.249852}}
{"target": 0.45755340638675, "params": {"C": 210.558473721059, "epsilon": 0.8249393170677966, "gamma": 0.01026479576681389, "lamda": 0.3619084981059546}, "datetime": {"datetime": "2021-09-23 20:02:04", "elapsed": 421.850101, "delta": 1.617431}}
{"target": 0.44616342132831666, "params": {"C": 206.75586046335215, "epsilon": 0.6296053192404125, "gamma": 0.0061182464652994135, "lamda": 0.21108774048930418}, "datetime": {"datetime": "2021-09-23 20:02:06", "elapsed": 423.693162, "delta": 1.843061}}
{"target": 0.4397752010703073, "params": {"C": 231.19090889467674, "epsilon": 0.9582445774903914, "gamma": 0.015701157641411945, "lamda": 0.21518696303660267}, "datetime": {"datetime": "2021-09-23 20:02:08", "elapsed": 425.477467, "delta": 1.784305}}
{"target": 0.45352660861131666, "params": {"C": 214.28425819744962, "epsilon": 0.7854908335399788, "gamma": 0.013703351747498885, "lamda": 0.3789344474186357}, "datetime": {"datetime": "2021-09-23 20:02:10", "elapsed": 427.268631, "delta": 1.791164}}
{"target": 0.46844460370503216, "params": {"C": 242.40328745042655, "epsilon": 0.8900753651989881, "gamma": 0.006998240999549862, "lamda": 0.5197934983405745}, "datetime": {"datetime": "2021-09-23 20:02:13", "elapsed": 429.94404, "delta": 2.675409}}
{"target": 0.4691601375964879, "params": {"C": 242.42479025024403, "epsilon": 0.9555842662724108, "gamma": 0.008811051019464208, "lamda": 0.5297362442677629}, "datetime": {"datetime": "2021-09-23 20:02:16", "elapsed": 433.644271, "delta": 3.700231}}
{"target": 0.46741500968091687, "params": {"C": 213.26264684879214, "epsilon": 0.9135436699625017, "gamma": 0.006889866288643927, "lamda": 0.5027998837682234}, "datetime": {"datetime": "2021-09-23 20:02:18", "elapsed": 435.509247, "delta": 1.864976}}
{"target": 0.45502677852482987, "params": {"C": 215.48825579543578, "epsilon": 0.7884177535625021, "gamma": 0.005232011530529651, "lamda": 0.321064043781739}, "datetime": {"datetime": "2021-09-23 20:02:20", "elapsed": 437.277867, "delta": 1.76862}}
{"target": 0.457750235399796, "params": {"C": 213.25911966451238, "epsilon": 0.9191614168071292, "gamma": 0.018417329240925626, "lamda": 0.51271385851755}, "datetime": {"datetime": "2021-09-23 20:02:23", "elapsed": 440.813032, "delta": 3.535165}}
{"target": 0.4537207465912493, "params": {"C": 242.33479657878044, "epsilon": 0.9404700426452637, "gamma": 0.0021987753596251986, "lamda": 0.5297327781886558}, "datetime": {"datetime": "2021-09-23 20:02:26", "elapsed": 443.326107, "delta": 2.513075}}
{"target": 0.44947414837482336, "params": {"C": 234.13380758898046, "epsilon": 0.7445602104695959, "gamma": 0.0030366624261682997, "lamda": 0.3186514443234968}, "datetime": {"datetime": "2021-09-23 20:02:28", "elapsed": 444.971455, "delta": 1.645348}}
{"target": 0.45732059670645464, "params": {"C": 213.04899438102566, "epsilon": 0.8967257786949651, "gamma": 0.01926868671654724, "lamda": 0.5449577462633033}, "datetime": {"datetime": "2021-09-23 20:02:30", "elapsed": 446.95628, "delta": 1.984825}}
{"target": 0.4607759554322377, "params": {"C": 211.592444548811, "epsilon": 0.9916310884904334, "gamma": 0.018958417487211977, "lamda": 0.5994595520012175}, "datetime": {"datetime": "2021-09-23 20:02:33", "elapsed": 450.373868, "delta": 3.417588}}
{"target": 0.46710497062537704, "params": {"C": 242.42109215981077, "epsilon": 0.8779619903193673, "gamma": 0.010994903857096908, "lamda": 0.4931392512730253}, "datetime": {"datetime": "2021-09-23 20:02:36", "elapsed": 453.782934, "delta": 3.409066}}
{"target": 0.46257137862211095, "params": {"C": 213.00804704389077, "epsilon": 0.9003605940819664, "gamma": 0.01559018635060494, "lamda": 0.548320785163299}, "datetime": {"datetime": "2021-09-23 20:02:39", "elapsed": 456.184768, "delta": 2.401834}}
{"target": 0.4636782671512294, "params": {"C": 211.79133139667653, "epsilon": 0.9491882048927172, "gamma": 0.005129026696515835, "lamda": 0.44668480581100334}, "datetime": {"datetime": "2021-09-23 20:02:41", "elapsed": 457.935736, "delta": 1.750968}}
{"target": 0.45986749220745815, "params": {"C": 242.40123051237074, "epsilon": 0.9420653334785779, "gamma": 0.018501334264272303, "lamda": 0.5240516808526741}, "datetime": {"datetime": "2021-09-23 20:02:43", "elapsed": 460.437402, "delta": 2.501666}}
{"target": 0.44611303565697624, "params": {"C": 215.0760635756268, "epsilon": 0.9867798789561615, "gamma": 0.018412493428863204, "lamda": 0.30405610394884175}, "datetime": {"datetime": "2021-09-23 20:02:45", "elapsed": 462.115198, "delta": 1.677796}}
{"target": 0.46790785117079436, "params": {"C": 242.44617650013168, "epsilon": 0.8699447858265088, "gamma": 0.01081121916197383, "lamda": 0.5260138980295181}, "datetime": {"datetime": "2021-09-23 20:02:48", "elapsed": 464.98295, "delta": 2.867752}}
{"target": 0.46070829412698777, "params": {"C": 222.16480401502994, "epsilon": 0.8022793767457697, "gamma": 0.015971615126385178, "lamda": 0.5555671085313874}, "datetime": {"datetime": "2021-09-23 20:02:50", "elapsed": 467.073247, "delta": 2.090297}}
{"target": 0.4633690531764971, "params": {"C": 213.0168983995778, "epsilon": 0.8979563866209166, "gamma": 0.0043321268049483766, "lamda": 0.5727114445481434}, "datetime": {"datetime": "2021-09-23 20:02:52", "elapsed": 469.524132, "delta": 2.450885}}
{"target": 0.46190239991292126, "params": {"C": 242.4484622249327, "epsilon": 0.9397833771319313, "gamma": 0.004057245504121799, "lamda": 0.5962136822947495}, "datetime": {"datetime": "2021-09-23 20:02:55", "elapsed": 472.104036, "delta": 2.579904}}
{"target": 0.46473750656498525, "params": {"C": 229.66243878333415, "epsilon": 0.63904099446355, "gamma": 0.009154181654040004, "lamda": 0.5548790098928182}, "datetime": {"datetime": "2021-09-23 20:02:57", "elapsed": 473.935974, "delta": 1.831938}}
{"target": 0.4531007056805221, "params": {"C": 213.1968853252569, "epsilon": 0.9020050558485098, "gamma": 0.0025604340968904933, "lamda": 0.4153231958725967}, "datetime": {"datetime": "2021-09-23 20:02:59", "elapsed": 476.439791, "delta": 2.503817}}
{"target": 0.46032867812777645, "params": {"C": 212.2692968436916, "epsilon": 0.8509429897639873, "gamma": 0.006529459885256427, "lamda": 0.3699854713433734}, "datetime": {"datetime": "2021-09-23 20:03:01", "elapsed": 478.154559, "delta": 1.714768}}
{"target": 0.4630851206138784, "params": {"C": 205.5588626775801, "epsilon": 0.9061632186641907, "gamma": 0.015280920517260134, "lamda": 0.5626868341408475}, "datetime": {"datetime": "2021-09-23 20:03:03", "elapsed": 479.92447, "delta": 1.769911}}
{"target": 0.46243788533035945, "params": {"C": 222.13357664552598, "epsilon": 0.776229132495093, "gamma": 0.004163518931605815, "lamda": 0.5517615702929024}, "datetime": {"datetime": "2021-09-23 20:03:06", "elapsed": 483.444832, "delta": 3.520362}}
{"target": 0.4593038172964651, "params": {"C": 241.327677950938, "epsilon": 0.8961224138828492, "gamma": 0.006176531629263376, "lamda": 0.29362789011599466}, "datetime": {"datetime": "2021-09-23 20:03:08", "elapsed": 485.351872, "delta": 1.90704}}
{"target": 0.46744447286513224, "params": {"C": 219.5329603611725, "epsilon": 0.9580446491377494, "gamma": 0.01135130582148516, "lamda": 0.5187995869643942}, "datetime": {"datetime": "2021-09-23 20:03:11", "elapsed": 487.927386, "delta": 2.575514}}
{"target": 0.4579243892672924, "params": {"C": 213.87789493796078, "epsilon": 0.7766559782130195, "gamma": 0.003972590972043636, "lamda": 0.4472678466896678}, "datetime": {"datetime": "2021-09-23 20:03:12", "elapsed": 489.718284, "delta": 1.790898}}
{"target": 0.46803695837262915, "params": {"C": 213.24361999309107, "epsilon": 0.8900707705467001, "gamma": 0.006976833024876185, "lamda": 0.5881263621170906}, "datetime": {"datetime": "2021-09-23 20:03:15", "elapsed": 492.592858, "delta": 2.874574}}
{"target": 0.46123811302134365, "params": {"C": 235.09385956355513, "epsilon": 0.6432920319269502, "gamma": 0.01034900237420755, "lamda": 0.4836777336697125}, "datetime": {"datetime": "2021-09-23 20:03:17", "elapsed": 494.132329, "delta": 1.539471}}
{"target": 0.4586012859720856, "params": {"C": 242.45746689788987, "epsilon": 0.879709974333101, "gamma": 0.01768688430861525, "lamda": 0.49139344398434687}, "datetime": {"datetime": "2021-09-23 20:03:19", "elapsed": 496.67228, "delta": 2.539951}}
{"target": 0.45517353682082795, "params": {"C": 206.3158047341259, "epsilon": 0.9559564851140614, "gamma": 0.017982629060114778, "lamda": 0.42803632584270723}, "datetime": {"datetime": "2021-09-23 20:03:21", "elapsed": 498.266268, "delta": 1.593988}}
{"target": 0.44578764175062235, "params": {"C": 222.20991541036872, "epsilon": 0.7959429750336651, "gamma": 0.0013502276708572672, "lamda": 0.5226982612304942}, "datetime": {"datetime": "2021-09-23 20:03:23", "elapsed": 500.614564, "delta": 2.348296}}
{"target": 0.4662510234301164, "params": {"C": 240.4927271722867, "epsilon": 0.7203967285739981, "gamma": 0.011612076573152805, "lamda": 0.5886209819001325}, "datetime": {"datetime": "2021-09-23 20:03:25", "elapsed": 502.192133, "delta": 1.577569}}
{"target": 0.46812524711527426, "params": {"C": 242.3877534333637, "epsilon": 0.8531730924239105, "gamma": 0.006728711083489373, "lamda": 0.5174594608243169}, "datetime": {"datetime": "2021-09-23 20:03:27", "elapsed": 504.821708, "delta": 2.629575}}
{"target": 0.46030422228537493, "params": {"C": 237.25864935069438, "epsilon": 0.9277664613350953, "gamma": 0.01591579741354734, "lamda": 0.4522428046807235}, "datetime": {"datetime": "2021-09-23 20:03:29", "elapsed": 506.391188, "delta": 1.56948}}
{"target": 0.46812190168510404, "params": {"C": 210.78345156371788, "epsilon": 0.9835347026429151, "gamma": 0.00721884275498356, "lamda": 0.5618201134608547}, "datetime": {"datetime": "2021-09-23 20:03:31", "elapsed": 508.864716, "delta": 2.473528}}
{"target": 0.4464404492319366, "params": {"C": 220.2851473428127, "epsilon": 0.6292979281189207, "gamma": 0.001699139622762191, "lamda": 0.48629320138619525}, "datetime": {"datetime": "2021-09-23 20:03:33", "elapsed": 510.470998, "delta": 1.606282}}
{"target": 0.43367911396253644, "params": {"C": 227.32856579334793, "epsilon": 0.5033070547925304, "gamma": 0.019018028250051285, "lamda": 0.4256313578299896}, "datetime": {"datetime": "2021-09-23 20:03:35", "elapsed": 512.088645, "delta": 1.617647}}
{"target": 0.440081595200035, "params": {"C": 216.77535860208067, "epsilon": 0.8400324859657327, "gamma": 0.0010888626336434417, "lamda": 0.5534489913034559}, "datetime": {"datetime": "2021-09-23 20:03:37", "elapsed": 514.887893, "delta": 2.799248}}
{"target": 0.46535057558889426, "params": {"C": 242.4533061226125, "epsilon": 0.9273487540269536, "gamma": 0.014354553320408536, "lamda": 0.5395510589353671}, "datetime": {"datetime": "2021-09-23 20:03:40", "elapsed": 517.396982, "delta": 2.509089}}
{"target": 0.46777640394352915, "params": {"C": 211.7401228748918, "epsilon": 0.9365162775107257, "gamma": 0.010998114629478025, "lamda": 0.5527854821670809}, "datetime": {"datetime": "2021-09-23 20:03:42", "elapsed": 519.721601, "delta": 2.324619}}
{"target": 0.4686237827492805, "params": {"C": 242.46649684066193, "epsilon": 0.8528956376369106, "gamma": 0.009744551188413532, "lamda": 0.5408976377521977}, "datetime": {"datetime": "2021-09-23 20:03:45", "elapsed": 522.477712, "delta": 2.756111}}
