{"target": -42.76500035680636, "params": {"C": 282.55737592373777, "epsilon": 0.8931646611634303, "gamma": 0.004212896666752135, "lamda": 1.320935213303309}, "datetime": {"datetime": "2021-09-24 19:57:53", "elapsed": 314.885792, "delta": 1.327772}}
{"target": -42.513142027910504, "params": {"C": 289.19142831983834, "epsilon": 0.33049176709717476, "gamma": 0.022224320261806117, "lamda": 1.5113327212200947}, "datetime": {"datetime": "2021-09-24 19:57:55", "elapsed": 316.674922, "delta": 1.78913}}
{"target": -42.1794487356402, "params": {"C": 259.32318897242703, "epsilon": 0.5444972331486323, "gamma": 0.01218975364945404, "lamda": 1.7148278041522265}, "datetime": {"datetime": "2021-09-24 19:57:56", "elapsed": 318.380908, "delta": 1.705986}}
{"target": -42.82767172652497, "params": {"C": 259.31829059615416, "epsilon": 0.6206567908911069, "gamma": 0.028347535689141348, "lamda": 1.7155555721409363}, "datetime": {"datetime": "2021-09-24 19:57:58", "elapsed": 320.148028, "delta": 1.76712}}
{"target": -42.69819994150278, "params": {"C": 251.95767311095668, "epsilon": 0.7689704899427068, "gamma": 0.02133600144453255, "lamda": 2.057604133854835}, "datetime": {"datetime": "2021-09-24 19:57:59", "elapsed": 321.514753, "delta": 1.366725}}
{"target": -42.71524663201317, "params": {"C": 284.2348924420124, "epsilon": 0.6476709972064496, "gamma": 0.02548607054297896, "lamda": 1.655776894313951}, "datetime": {"datetime": "2021-09-24 19:58:01", "elapsed": 322.93181, "delta": 1.417057}}
{"target": -46.54845715567023, "params": {"C": 328.58494226986096, "epsilon": 0.8276830861715071, "gamma": 0.001, "lamda": 1.5185078766514575}, "datetime": {"datetime": "2021-09-24 19:58:03", "elapsed": 325.229694, "delta": 2.297884}}
{"target": -42.52350509709325, "params": {"C": 310.0238702036269, "epsilon": 0.8014337195684982, "gamma": 0.021391666894042927, "lamda": 1.2020478961669545}, "datetime": {"datetime": "2021-09-24 19:58:04", "elapsed": 326.634767, "delta": 1.405073}}
{"target": -43.87618715767969, "params": {"C": 349.74255394694325, "epsilon": 0.9156443998358588, "gamma": 0.056063032480829326, "lamda": 1.3618952301645537}, "datetime": {"datetime": "2021-09-24 19:58:06", "elapsed": 327.986535, "delta": 1.351768}}
{"target": -44.80209483275328, "params": {"C": 342.02420529297797, "epsilon": 0.6626615554823247, "gamma": 0.001, "lamda": 1.1517809680542272}, "datetime": {"datetime": "2021-09-24 19:58:08", "elapsed": 330.384853, "delta": 2.398318}}
{"target": -42.280800739995996, "params": {"C": 300.1863965249685, "epsilon": 0.4786770667093927, "gamma": 0.005214765457165653, "lamda": 1.9784759412440762}, "datetime": {"datetime": "2021-09-24 19:58:10", "elapsed": 331.861712, "delta": 1.476859}}
{"target": -42.79732909158237, "params": {"C": 300.02053325832946, "epsilon": 0.41972693542352096, "gamma": 0.02928155972693346, "lamda": 1.8829481764720128}, "datetime": {"datetime": "2021-09-24 19:58:12", "elapsed": 333.757646, "delta": 1.895934}}
{"target": -42.44798042931236, "params": {"C": 289.19317866310973, "epsilon": 0.3226265520287693, "gamma": 0.020815995641264077, "lamda": 1.539488440798142}, "datetime": {"datetime": "2021-09-24 19:58:14", "elapsed": 335.884019, "delta": 2.126373}}
{"target": -44.62218916719219, "params": {"C": 318.25776761763564, "epsilon": 0.8437149339299275, "gamma": 0.07514956623281352, "lamda": 1.4918308796376532}, "datetime": {"datetime": "2021-09-24 19:58:15", "elapsed": 337.349415, "delta": 1.465396}}
{"target": -42.5113507219843, "params": {"C": 343.54939378712885, "epsilon": 0.40446719484201943, "gamma": 0.0029096968362618625, "lamda": 1.7481256214073626}, "datetime": {"datetime": "2021-09-24 19:58:17", "elapsed": 338.79656, "delta": 1.447145}}
{"target": -42.84706229306957, "params": {"C": 256.5808627120218, "epsilon": 0.7478184919490058, "gamma": 0.0278741266959652, "lamda": 1.69122367499177}, "datetime": {"datetime": "2021-09-24 19:58:18", "elapsed": 340.29833, "delta": 1.50177}}
{"target": -41.97724645225648, "params": {"C": 325.8414728160698, "epsilon": 0.6484566291575697, "gamma": 0.009225249692857547, "lamda": 1.1260758833964248}, "datetime": {"datetime": "2021-09-24 19:58:20", "elapsed": 342.270857, "delta": 1.972527}}
{"target": -42.84707695782459, "params": {"C": 335.51869201781267, "epsilon": 0.6829305001205116, "gamma": 0.027067452722604374, "lamda": 2.0189723038188427}, "datetime": {"datetime": "2021-09-24 19:58:22", "elapsed": 344.209848, "delta": 1.938991}}
{"target": -44.53624628398279, "params": {"C": 298.41573451874365, "epsilon": 0.8874702293766243, "gamma": 0.0748199133941808, "lamda": 1.2325975892345462}, "datetime": {"datetime": "2021-09-24 19:58:24", "elapsed": 345.672756, "delta": 1.462908}}
{"target": -42.49923647142877, "params": {"C": 299.525670350747, "epsilon": 0.7859991637310892, "gamma": 0.010601750053828643, "lamda": 2.0960545471405654}, "datetime": {"datetime": "2021-09-24 19:58:25", "elapsed": 347.583743, "delta": 1.910987}}
{"target": -43.5462095170515, "params": {"C": 271.116947442118, "epsilon": 0.7549150438949151, "gamma": 0.049274462153398695, "lamda": 1.2666797433708412}, "datetime": {"datetime": "2021-09-24 19:58:27", "elapsed": 349.17935, "delta": 1.595607}}
{"target": -42.96362262412685, "params": {"C": 263.5117209267043, "epsilon": 0.4814474469365776, "gamma": 0.02766875789813905, "lamda": 0.7388070917125645}, "datetime": {"datetime": "2021-09-24 19:58:29", "elapsed": 350.830796, "delta": 1.651446}}
{"target": -42.605073578589746, "params": {"C": 328.6017658142999, "epsilon": 0.8956598409519505, "gamma": 0.021319741098595954, "lamda": 1.4512116255647949}, "datetime": {"datetime": "2021-09-24 19:58:31", "elapsed": 352.982267, "delta": 2.151471}}
{"target": -44.21624564966214, "params": {"C": 278.56851639489923, "epsilon": 0.6996871669559703, "gamma": 0.06719114857907314, "lamda": 1.326270565965225}, "datetime": {"datetime": "2021-09-24 19:58:32", "elapsed": 354.633516, "delta": 1.651249}}
{"target": -42.37843121337821, "params": {"C": 262.81214867414167, "epsilon": 0.4148023952075529, "gamma": 0.019590537148301647, "lamda": 1.5304646406817675}, "datetime": {"datetime": "2021-09-24 19:58:34", "elapsed": 356.185683, "delta": 1.552167}}
{"target": -42.03973804602732, "params": {"C": 262.743859927372, "epsilon": 0.357484377884678, "gamma": 0.01118411860733963, "lamda": 1.5806143462710405}, "datetime": {"datetime": "2021-09-24 19:58:37", "elapsed": 359.609334, "delta": 3.423651}}
{"target": -43.16462990662477, "params": {"C": 348.0384862220349, "epsilon": 0.6201675328185242, "gamma": 0.03821402512653857, "lamda": 1.6990100709080438}, "datetime": {"datetime": "2021-09-24 19:58:39", "elapsed": 361.489277, "delta": 1.879943}}
{"target": -42.54957174245939, "params": {"C": 280.97651159087155, "epsilon": 0.703784854987503, "gamma": 0.02305100744854924, "lamda": 1.1237241532360864}, "datetime": {"datetime": "2021-09-24 19:58:41", "elapsed": 363.393116, "delta": 1.903839}}
{"target": -42.198200996904966, "params": {"C": 342.8227056151639, "epsilon": 0.9069268478457735, "gamma": 0.014461087177057654, "lamda": 0.8337422140702166}, "datetime": {"datetime": "2021-09-24 19:58:44", "elapsed": 366.335496, "delta": 2.94238}}
{"target": -42.59375171991645, "params": {"C": 310.57282967326637, "epsilon": 0.7785932728435077, "gamma": 0.0218966331908049, "lamda": 1.4748353893324393}, "datetime": {"datetime": "2021-09-24 19:58:46", "elapsed": 368.235113, "delta": 1.899617}}
{"target": -42.08446669293985, "params": {"C": 318.2676151779609, "epsilon": 0.6423842946574343, "gamma": 0.011612083167929561, "lamda": 1.1152800551322388}, "datetime": {"datetime": "2021-09-24 19:58:48", "elapsed": 370.09061, "delta": 1.855497}}
{"target": -44.04047368038135, "params": {"C": 293.72481379070086, "epsilon": 0.9559455950824676, "gamma": 0.0617207245030853, "lamda": 1.1401617888157602}, "datetime": {"datetime": "2021-09-24 19:58:50", "elapsed": 371.767675, "delta": 1.677065}}
{"target": -41.9320294006705, "params": {"C": 339.8109311326241, "epsilon": 0.6923927204903133, "gamma": 0.00793288419969878, "lamda": 1.0541093678108098}, "datetime": {"datetime": "2021-09-24 19:58:53", "elapsed": 375.061753, "delta": 3.294078}}
{"target": -44.71074145308793, "params": {"C": 300.0309664647946, "epsilon": 0.3970541311076991, "gamma": 0.001, "lamda": 1.8443105234599404}, "datetime": {"datetime": "2021-09-24 19:58:56", "elapsed": 378.247118, "delta": 3.185365}}
{"target": -42.691602564699885, "params": {"C": 289.15654471990126, "epsilon": 0.3152163603459368, "gamma": 0.02610780551706643, "lamda": 1.5572575903285277}, "datetime": {"datetime": "2021-09-24 19:58:58", "elapsed": 380.43365, "delta": 2.186532}}
{"target": -42.50538613162582, "params": {"C": 254.6570270850754, "epsilon": 0.8300332511681039, "gamma": 0.012881956427669504, "lamda": 2.0286520105110473}, "datetime": {"datetime": "2021-09-24 19:59:00", "elapsed": 382.091512, "delta": 1.657862}}
{"target": -42.859994808132846, "params": {"C": 286.37632447475323, "epsilon": 0.8088316206292829, "gamma": 0.005973199617881783, "lamda": 1.9530103476110665}, "datetime": {"datetime": "2021-09-24 19:59:02", "elapsed": 384.423254, "delta": 2.331742}}
{"target": -45.29795272020368, "params": {"C": 280.1521271512536, "epsilon": 0.981491830538626, "gamma": 0.09172825523460301, "lamda": 1.0641963638209462}, "datetime": {"datetime": "2021-09-24 19:59:04", "elapsed": 386.240295, "delta": 1.817041}}
{"target": -41.96058029746333, "params": {"C": 342.70017329537467, "epsilon": 0.9474539095929284, "gamma": 0.008459692961630003, "lamda": 0.8000348676410136}, "datetime": {"datetime": "2021-09-24 19:59:07", "elapsed": 388.939592, "delta": 2.699297}}
{"target": -43.01326300711719, "params": {"C": 299.9640190786779, "epsilon": 0.317443747871866, "gamma": 0.03485076347622353, "lamda": 1.8646028296972836}, "datetime": {"datetime": "2021-09-24 19:59:09", "elapsed": 390.761594, "delta": 1.822002}}
{"target": -42.55227108602511, "params": {"C": 325.9835008019097, "epsilon": 0.573170584076109, "gamma": 0.023274879647636124, "lamda": 1.2016581146188812}, "datetime": {"datetime": "2021-09-24 19:59:11", "elapsed": 393.645889, "delta": 2.884295}}
{"target": -42.647338693828125, "params": {"C": 342.92102518737084, "epsilon": 0.43282589436608176, "gamma": 0.0248496333440986, "lamda": 2.0512191936033295}, "datetime": {"datetime": "2021-09-24 19:59:14", "elapsed": 395.793233, "delta": 2.147344}}
{"target": -43.30069643593152, "params": {"C": 309.3248775666683, "epsilon": 0.4946573922489701, "gamma": 0.04348757809210317, "lamda": 1.9420765346248643}, "datetime": {"datetime": "2021-09-24 19:59:16", "elapsed": 398.027397, "delta": 2.234164}}
{"target": -42.34336345394453, "params": {"C": 273.3750311390564, "epsilon": 0.35529689876365594, "gamma": 0.018661638279890695, "lamda": 1.9356233882605722}, "datetime": {"datetime": "2021-09-24 19:59:19", "elapsed": 400.705569, "delta": 2.678172}}
{"target": -42.873423725126514, "params": {"C": 274.5385936873832, "epsilon": 0.7913201856695822, "gamma": 0.029811396244230858, "lamda": 1.2949491497018069}, "datetime": {"datetime": "2021-09-24 19:59:21", "elapsed": 402.924032, "delta": 2.218463}}
{"target": -44.862946295586426, "params": {"C": 261.1177253551602, "epsilon": 0.8686285061298669, "gamma": 0.07541111216888174, "lamda": 1.9694039194929667}, "datetime": {"datetime": "2021-09-24 19:59:23", "elapsed": 404.916689, "delta": 1.992657}}
{"target": -43.27476335580977, "params": {"C": 342.7879508139639, "epsilon": 0.8771760825984245, "gamma": 0.04144330223642857, "lamda": 0.8563041734909679}, "datetime": {"datetime": "2021-09-24 19:59:26", "elapsed": 407.906397, "delta": 2.989708}}
{"target": -42.77131288477811, "params": {"C": 332.655355901876, "epsilon": 0.8545713794359888, "gamma": 0.02797245427879338, "lamda": 1.0276976154059814}, "datetime": {"datetime": "2021-09-24 19:59:28", "elapsed": 410.032252, "delta": 2.125855}}
{"target": -42.51836278817797, "params": {"C": 342.833910049923, "epsilon": 0.9908111252490734, "gamma": 0.02232558311105439, "lamda": 0.8033865127061728}, "datetime": {"datetime": "2021-09-24 19:59:31", "elapsed": 412.947322, "delta": 2.91507}}
{"target": -42.36931700971053, "params": {"C": 277.75578987592155, "epsilon": 0.6873183694982272, "gamma": 0.016488763485911582, "lamda": 1.5654374634138375}, "datetime": {"datetime": "2021-09-24 19:59:33", "elapsed": 415.18329, "delta": 2.235968}}
{"target": -43.149238263752515, "params": {"C": 282.5442898848366, "epsilon": 0.875365264237753, "gamma": 0.036926756249215695, "lamda": 1.3266120404174133}, "datetime": {"datetime": "2021-09-24 19:59:35", "elapsed": 417.588599, "delta": 2.405309}}
{"target": -43.54409461354843, "params": {"C": 320.18771912711026, "epsilon": 0.5006088446977301, "gamma": 0.04971322289718671, "lamda": 1.692872067843994}, "datetime": {"datetime": "2021-09-24 19:59:37", "elapsed": 419.445353, "delta": 1.856754}}
{"target": -43.24827857006028, "params": {"C": 262.7602975990255, "epsilon": 0.3590099100182079, "gamma": 0.04046325867291938, "lamda": 1.5386456849410295}, "datetime": {"datetime": "2021-09-24 19:59:40", "elapsed": 422.485204, "delta": 3.039851}}
{"target": -45.33180634993582, "params": {"C": 262.6316094682518, "epsilon": 0.938339079159686, "gamma": 0.0894884356290191, "lamda": 1.4981271404494754}, "datetime": {"datetime": "2021-09-24 19:59:42", "elapsed": 424.564098, "delta": 2.078894}}
{"target": -41.96042308145315, "params": {"C": 262.76720652935865, "epsilon": 0.3353598037238336, "gamma": 0.009480442490166469, "lamda": 1.5993492737811907}, "datetime": {"datetime": "2021-09-24 19:59:45", "elapsed": 427.017938, "delta": 2.45384}}
{"target": -43.87853695050644, "params": {"C": 330.9854543445734, "epsilon": 0.6085554200035973, "gamma": 0.05629450424958567, "lamda": 2.0601734366504636}, "datetime": {"datetime": "2021-09-24 19:59:47", "elapsed": 429.038864, "delta": 2.020926}}
{"target": -43.084611334561025, "params": {"C": 253.0245260083149, "epsilon": 0.7243468397864196, "gamma": 0.03647561804073411, "lamda": 1.0249805133387506}, "datetime": {"datetime": "2021-09-24 19:59:50", "elapsed": 431.925109, "delta": 2.886245}}
{"target": -44.8554132147451, "params": {"C": 324.51729870138877, "epsilon": 0.8988730458691334, "gamma": 0.07871915494427299, "lamda": 1.5828498163825322}, "datetime": {"datetime": "2021-09-24 19:59:51", "elapsed": 433.588134, "delta": 1.663025}}
{"target": -43.154885863443965, "params": {"C": 337.59946119451394, "epsilon": 0.9426326798428624, "gamma": 0.03812485858912595, "lamda": 0.7843745427751653}, "datetime": {"datetime": "2021-09-24 19:59:53", "elapsed": 435.57291, "delta": 1.984776}}
{"target": -42.21674916112267, "params": {"C": 290.5702946856254, "epsilon": 0.48101709936648895, "gamma": 0.0046428854028135215, "lamda": 1.7020262048516834}, "datetime": {"datetime": "2021-09-24 19:59:56", "elapsed": 437.682064, "delta": 2.109154}}
{"target": -46.006439779384586, "params": {"C": 304.65713158669587, "epsilon": 0.3046298767095425, "gamma": 0.09488341035553038, "lamda": 1.4897097524049636}, "datetime": {"datetime": "2021-09-24 19:59:57", "elapsed": 439.422775, "delta": 1.740711}}
{"target": -42.23928253118001, "params": {"C": 271.41790448466605, "epsilon": 0.608511406915271, "gamma": 0.014845904248960314, "lamda": 1.371843058231046}, "datetime": {"datetime": "2021-09-24 20:00:00", "elapsed": 441.878273, "delta": 2.455498}}
{"target": -43.81563690299429, "params": {"C": 271.43231155056816, "epsilon": 0.5252054418451322, "gamma": 0.05606076080240071, "lamda": 1.2915369914003052}, "datetime": {"datetime": "2021-09-24 20:00:02", "elapsed": 444.644276, "delta": 2.766003}}
{"target": -41.97965010498059, "params": {"C": 253.1397230724949, "epsilon": 0.7154489193970873, "gamma": 0.009395878963170658, "lamda": 0.9410333399445812}, "datetime": {"datetime": "2021-09-24 20:00:05", "elapsed": 446.9612, "delta": 2.316924}}
{"target": -43.96573388257484, "params": {"C": 273.4008197814289, "epsilon": 0.41446767231982407, "gamma": 0.0014361382242360496, "lamda": 1.9072272784379487}, "datetime": {"datetime": "2021-09-24 20:00:08", "elapsed": 450.102198, "delta": 3.140998}}
{"target": -42.261235750420354, "params": {"C": 277.94312843760974, "epsilon": 0.6399805648287442, "gamma": 0.005229938329700655, "lamda": 1.4777389815613207}, "datetime": {"datetime": "2021-09-24 20:00:10", "elapsed": 452.35989, "delta": 2.257692}}
{"target": -43.216036840378855, "params": {"C": 299.49726830903404, "epsilon": 0.7762682646777382, "gamma": 0.03608410914574176, "lamda": 2.0658499647342117}, "datetime": {"datetime": "2021-09-24 20:00:13", "elapsed": 455.525337, "delta": 3.165447}}
{"target": -42.32733082315041, "params": {"C": 305.0752124436475, "epsilon": 0.6155367565092763, "gamma": 0.006368678676383112, "lamda": 1.8391061405250335}, "datetime": {"datetime": "2021-09-24 20:00:15", "elapsed": 457.267848, "delta": 1.742511}}
{"target": -43.50564193301525, "params": {"C": 318.2563376929851, "epsilon": 0.6874534162018182, "gamma": 0.04831968515636795, "lamda": 1.1352124627297198}, "datetime": {"datetime": "2021-09-24 20:00:18", "elapsed": 459.96588, "delta": 2.698032}}
{"target": -43.43762692528108, "params": {"C": 343.55501977736077, "epsilon": 0.8562779556102511, "gamma": 0.045874162141758504, "lamda": 0.8672922867517339}, "datetime": {"datetime": "2021-09-24 20:00:20", "elapsed": 461.797383, "delta": 1.831503}}
{"target": -46.15411348745062, "params": {"C": 268.4139138441937, "epsilon": 0.5451844590772266, "gamma": 0.09938291436150334, "lamda": 0.9297719331016983}, "datetime": {"datetime": "2021-09-24 20:00:22", "elapsed": 463.720447, "delta": 1.923064}}
{"target": -44.267926945782506, "params": {"C": 341.71628447740795, "epsilon": 0.7166621666789303, "gamma": 0.06843459413062924, "lamda": 1.225117305929519}, "datetime": {"datetime": "2021-09-24 20:00:24", "elapsed": 465.691469, "delta": 1.971022}}
{"target": -44.173207826941045, "params": {"C": 293.2619788919279, "epsilon": 0.4484285085256108, "gamma": 0.06502654183983853, "lamda": 1.4395419763549984}, "datetime": {"datetime": "2021-09-24 20:00:25", "elapsed": 467.538553, "delta": 1.847084}}
{"target": -43.38131690037475, "params": {"C": 296.80748281911167, "epsilon": 0.4121968688679808, "gamma": 0.038741351255910016, "lamda": 0.8460129761548899}, "datetime": {"datetime": "2021-09-24 20:00:27", "elapsed": 469.424618, "delta": 1.886065}}
{"target": -44.50263469382491, "params": {"C": 344.5739079425429, "epsilon": 0.8286417586025145, "gamma": 0.06856559752619065, "lamda": 1.9000801054715821}, "datetime": {"datetime": "2021-09-24 20:00:29", "elapsed": 471.382435, "delta": 1.957817}}
{"target": -44.88010583149666, "params": {"C": 268.38692179632693, "epsilon": 0.34568311939572804, "gamma": 0.08200545000911849, "lamda": 1.9791291024441386}, "datetime": {"datetime": "2021-09-24 20:00:31", "elapsed": 473.33543, "delta": 1.952995}}
{"target": -42.19329343407746, "params": {"C": 299.86742694383884, "epsilon": 0.42738164559773634, "gamma": 0.01319779860740693, "lamda": 2.0054880615874193}, "datetime": {"datetime": "2021-09-24 20:00:34", "elapsed": 476.655524, "delta": 3.320094}}
{"target": -41.87881335198189, "params": {"C": 276.035905189403, "epsilon": 0.7385491868929732, "gamma": 0.00670650432226291, "lamda": 0.8683060250302105}, "datetime": {"datetime": "2021-09-24 20:00:36", "elapsed": 478.661195, "delta": 2.005671}}
{"target": -45.64673186691084, "params": {"C": 300.0258327756704, "epsilon": 0.9743508027236554, "gamma": 0.0902910653101632, "lamda": 1.9544014950644064}, "datetime": {"datetime": "2021-09-24 20:00:39", "elapsed": 480.800629, "delta": 2.139434}}
{"target": -42.90496135920295, "params": {"C": 285.8104727791499, "epsilon": 0.3313574086394359, "gamma": 0.030657659981036492, "lamda": 1.2919578125580382}, "datetime": {"datetime": "2021-09-24 20:00:40", "elapsed": 482.6311, "delta": 1.830471}}
{"target": -41.975246480567996, "params": {"C": 342.73811646623915, "epsilon": 0.8855788692741604, "gamma": 0.008997425503445584, "lamda": 0.8369316986376082}, "datetime": {"datetime": "2021-09-24 20:00:44", "elapsed": 485.713097, "delta": 3.081997}}
{"target": -43.08817670407733, "params": {"C": 273.3963434510388, "epsilon": 0.3283245757188115, "gamma": 0.03708929959163084, "lamda": 1.9611120176098609}, "datetime": {"datetime": "2021-09-24 20:00:47", "elapsed": 489.172915, "delta": 3.459818}}
{"target": -42.31219125034322, "params": {"C": 342.7544790889073, "epsilon": 0.8801489689732589, "gamma": 0.017721447597961036, "lamda": 0.8079157308490218}, "datetime": {"datetime": "2021-09-24 20:00:49", "elapsed": 491.229374, "delta": 2.056459}}
{"target": -42.287348469953244, "params": {"C": 339.56159788485394, "epsilon": 0.5821433752743658, "gamma": 0.014489322381863973, "lamda": 1.7262147110800388}, "datetime": {"datetime": "2021-09-24 20:00:51", "elapsed": 493.338852, "delta": 2.109478}}
{"target": -42.781870911758325, "params": {"C": 343.50028265805577, "epsilon": 0.39510337673001694, "gamma": 0.02894008613369222, "lamda": 1.7864122240101932}, "datetime": {"datetime": "2021-09-24 20:00:54", "elapsed": 496.068007, "delta": 2.729155}}
{"target": -43.16102498409481, "params": {"C": 276.009428187124, "epsilon": 0.46519918296073903, "gamma": 0.03681718333444514, "lamda": 0.970268471338038}, "datetime": {"datetime": "2021-09-24 20:00:56", "elapsed": 497.975916, "delta": 1.907909}}
{"target": -42.338061108337655, "params": {"C": 339.84070731633483, "epsilon": 0.708478975595366, "gamma": 0.01812992308413441, "lamda": 1.076710613562969}, "datetime": {"datetime": "2021-09-24 20:00:59", "elapsed": 500.766001, "delta": 2.790085}}
{"target": -43.34993183894906, "params": {"C": 278.5933577195535, "epsilon": 0.519218557481423, "gamma": 0.038996116055712446, "lamda": 0.7303334179357432}, "datetime": {"datetime": "2021-09-24 20:01:01", "elapsed": 503.491925, "delta": 2.725924}}
