{"target": 0.4497489599948763, "params": {"C": 99.785390582242, "epsilon": 0.7996525715625568, "gamma": 0.005380913461821393, "lamda": 0.544161002734777}, "datetime": {"datetime": "2021-09-23 18:00:56", "elapsed": 213.240454, "delta": 1.3862}}
{"target": 0.406287384209829, "params": {"C": 88.42551712127121, "epsilon": 0.5209399816002876, "gamma": 0.05077724692169803, "lamda": 0.9058944597664602}, "datetime": {"datetime": "2021-09-23 18:00:57", "elapsed": 214.489455, "delta": 1.249001}}
{"target": 0.4163856301608787, "params": {"C": 99.7403021716718, "epsilon": 0.8870168452196847, "gamma": 0.001, "lamda": 0.5184585230920187}, "datetime": {"datetime": "2021-09-23 18:00:59", "elapsed": 216.582003, "delta": 2.092548}}
{"target": 0.4492211990099252, "params": {"C": 99.69593068422634, "epsilon": 0.9588169903491153, "gamma": 0.02036598159864029, "lamda": 0.6303073571652849}, "datetime": {"datetime": "2021-09-23 18:01:01", "elapsed": 218.266056, "delta": 1.684053}}
{"target": 0.44645899182500937, "params": {"C": 90.84013939271401, "epsilon": 0.3502828118574958, "gamma": 0.017110128904182932, "lamda": 0.08530858186132444}, "datetime": {"datetime": "2021-09-23 18:01:02", "elapsed": 219.567604, "delta": 1.301548}}
{"target": 0.45102458768519826, "params": {"C": 88.50801658278309, "epsilon": 0.470383147299078, "gamma": 0.010361646956334663, "lamda": 0.937379508029559}, "datetime": {"datetime": "2021-09-23 18:01:03", "elapsed": 221.148569, "delta": 1.580965}}
{"target": 0.37986010055540986, "params": {"C": 67.0678317249745, "epsilon": 0.6196304924052002, "gamma": 0.0737653040505775, "lamda": 0.020903895292130284}, "datetime": {"datetime": "2021-09-23 18:01:05", "elapsed": 222.515569, "delta": 1.367}}
{"target": 0.4397845927484004, "params": {"C": 30.995391899780653, "epsilon": 0.9038650572709301, "gamma": 0.011727473916174416, "lamda": 0.7002068054095459}, "datetime": {"datetime": "2021-09-23 18:01:06", "elapsed": 223.83357, "delta": 1.318001}}
{"target": 0.413155132221658, "params": {"C": 59.914256697589174, "epsilon": 0.3579369250497016, "gamma": 0.04871712061472012, "lamda": 0.7430596791215062}, "datetime": {"datetime": "2021-09-23 18:01:08", "elapsed": 225.75242, "delta": 1.91885}}
{"target": 0.41212148665800885, "params": {"C": 80.74362952799152, "epsilon": 0.51667301195365, "gamma": 0.001, "lamda": 0.32067064369684956}, "datetime": {"datetime": "2021-09-23 18:01:10", "elapsed": 227.866331, "delta": 2.113911}}
{"target": 0.4187462025742954, "params": {"C": 99.63877682624346, "epsilon": 0.9082075353446564, "gamma": 0.00114851824666991, "lamda": 0.598285977979211}, "datetime": {"datetime": "2021-09-23 18:01:12", "elapsed": 229.693035, "delta": 1.826704}}
{"target": 0.4183156362248561, "params": {"C": 38.66780813031855, "epsilon": 0.6351063527200428, "gamma": 0.0027563483371261686, "lamda": 0.6868039419425837}, "datetime": {"datetime": "2021-09-23 18:01:13", "elapsed": 231.034032, "delta": 1.340997}}
{"target": 0.4427053506128811, "params": {"C": 90.07756839778685, "epsilon": 0.8656967351196462, "gamma": 0.011189572785245884, "lamda": 0.05204384027823565}, "datetime": {"datetime": "2021-09-23 18:01:15", "elapsed": 232.641032, "delta": 1.607}}
{"target": 0.4116379428664202, "params": {"C": 48.88839802017124, "epsilon": 0.014319073083850331, "gamma": 0.0516798372679769, "lamda": 0.7991041605729726}, "datetime": {"datetime": "2021-09-23 18:01:16", "elapsed": 234.046256, "delta": 1.405224}}
{"target": 0.3911946301989766, "params": {"C": 75.98738848654904, "epsilon": 0.5188323702860256, "gamma": 0.06210938612613051, "lamda": 0.4023136231789482}, "datetime": {"datetime": "2021-09-23 18:01:18", "elapsed": 235.213253, "delta": 1.166997}}
{"target": 0.43529237491167383, "params": {"C": 31.05088580519351, "epsilon": 0.9105903539392837, "gamma": 0.026007777197474595, "lamda": 0.7252043865827782}, "datetime": {"datetime": "2021-09-23 18:01:20", "elapsed": 237.378494, "delta": 2.165241}}
{"target": 0.43176236179426997, "params": {"C": 54.47927411304583, "epsilon": 0.36750099668703246, "gamma": 0.032793935534603615, "lamda": 0.7470970174186262}, "datetime": {"datetime": "2021-09-23 18:01:21", "elapsed": 239.157618, "delta": 1.779124}}
{"target": 0.44268796692496504, "params": {"C": 70.2914780967277, "epsilon": 0.3425362637844057, "gamma": 0.019927684502766167, "lamda": 0.6120817190646871}, "datetime": {"datetime": "2021-09-23 18:01:24", "elapsed": 241.334134, "delta": 2.176516}}
{"target": 0.4549181284663103, "params": {"C": 99.92637145485504, "epsilon": 0.907095679786594, "gamma": 0.005822295539187489, "lamda": 0.6815122446132502}, "datetime": {"datetime": "2021-09-23 18:01:25", "elapsed": 242.905729, "delta": 1.571595}}
{"target": 0.4205185185200566, "params": {"C": 89.43378140154933, "epsilon": 0.4972439195035672, "gamma": 0.03743944595815326, "lamda": 0.009352228958721856}, "datetime": {"datetime": "2021-09-23 18:01:27", "elapsed": 244.575196, "delta": 1.669467}}
{"target": 0.43646378954427745, "params": {"C": 87.73888841688154, "epsilon": 0.8684457939482232, "gamma": 0.03276153102648339, "lamda": 0.7709308095113127}, "datetime": {"datetime": "2021-09-23 18:01:28", "elapsed": 246.078782, "delta": 1.503586}}
{"target": 0.41969432705051923, "params": {"C": 99.81249974888586, "epsilon": 0.8979262264730388, "gamma": 0.03939072489133375, "lamda": 0.5248530326495127}, "datetime": {"datetime": "2021-09-23 18:01:30", "elapsed": 247.496273, "delta": 1.417491}}
{"target": 0.37739670599178343, "params": {"C": 62.34633985749809, "epsilon": 0.45527382486404167, "gamma": 0.0846112566798957, "lamda": 0.7614841534800778}, "datetime": {"datetime": "2021-09-23 18:01:31", "elapsed": 248.607312, "delta": 1.111039}}
{"target": 0.4233338739731418, "params": {"C": 61.53676223333524, "epsilon": 0.9956185345275417, "gamma": 0.040771110029350494, "lamda": 0.1730373143750397}, "datetime": {"datetime": "2021-09-23 18:01:32", "elapsed": 249.866723, "delta": 1.259411}}
{"target": 0.4452774037040049, "params": {"C": 59.878448798508266, "epsilon": 0.4015429291324017, "gamma": 0.010178627114021465, "lamda": 0.7945173256057503}, "datetime": {"datetime": "2021-09-23 18:01:34", "elapsed": 251.91811, "delta": 2.051387}}
{"target": 0.41586010263232487, "params": {"C": 90.87251349565109, "epsilon": 0.3395408431375985, "gamma": 0.039715621351692126, "lamda": 0.07134620765635015}, "datetime": {"datetime": "2021-09-23 18:01:36", "elapsed": 253.788113, "delta": 1.870003}}
{"target": 0.41411090865961775, "params": {"C": 87.76013755895504, "epsilon": 0.8289600043378296, "gamma": 0.053478386998742744, "lamda": 0.8547991902041208}, "datetime": {"datetime": "2021-09-23 18:01:38", "elapsed": 255.299658, "delta": 1.511545}}
{"target": 0.4508521537061061, "params": {"C": 99.81357925404404, "epsilon": 0.9763313788394511, "gamma": 0.004214736564573149, "lamda": 0.6889359924754139}, "datetime": {"datetime": "2021-09-23 18:01:39", "elapsed": 256.848898, "delta": 1.54924}}
{"target": 0.4090801452864915, "params": {"C": 30.32282803717458, "epsilon": 0.38105816222958583, "gamma": 0.06008462853585381, "lamda": 0.6944484546787484}, "datetime": {"datetime": "2021-09-23 18:01:40", "elapsed": 257.985065, "delta": 1.136167}}
{"target": 0.42645590683338463, "params": {"C": 46.84253757508213, "epsilon": 0.5864539411660202, "gamma": 0.03918609288664717, "lamda": 0.8189354156573289}, "datetime": {"datetime": "2021-09-23 18:01:41", "elapsed": 259.151575, "delta": 1.16651}}
{"target": 0.43596258169167423, "params": {"C": 88.52806514850188, "epsilon": 0.5383369978774949, "gamma": 0.028082955729443887, "lamda": 0.9412107904788019}, "datetime": {"datetime": "2021-09-23 18:01:43", "elapsed": 260.688123, "delta": 1.536548}}
{"target": 0.42580066224566016, "params": {"C": 94.16121684209327, "epsilon": 0.9911182849425476, "gamma": 0.0020548843234277714, "lamda": 0.02621612175060999}, "datetime": {"datetime": "2021-09-23 18:01:45", "elapsed": 262.531803, "delta": 1.84368}}
{"target": 0.37099741641493555, "params": {"C": 70.43443818869784, "epsilon": 0.6694810483139467, "gamma": 0.09099090070493503, "lamda": 0.7923593874966961}, "datetime": {"datetime": "2021-09-23 18:01:46", "elapsed": 263.618186, "delta": 1.086383}}
{"target": 0.452452023686166, "params": {"C": 99.82228611859051, "epsilon": 0.836859640375832, "gamma": 0.006259713183119238, "lamda": 0.5977143803803334}, "datetime": {"datetime": "2021-09-23 18:01:48", "elapsed": 265.301067, "delta": 1.682881}}
{"target": 0.4209073253111528, "params": {"C": 70.24355722136872, "epsilon": 0.34003589149947516, "gamma": 0.04101882608613915, "lamda": 0.5951185962469915}, "datetime": {"datetime": "2021-09-23 18:01:49", "elapsed": 266.892917, "delta": 1.59185}}
{"target": 0.429896045503932, "params": {"C": 48.2525865431401, "epsilon": 0.19316682045124414, "gamma": 0.03204600395592705, "lamda": 0.5581123469082431}, "datetime": {"datetime": "2021-09-23 18:01:51", "elapsed": 268.222123, "delta": 1.329206}}
{"target": 0.38181486019604327, "params": {"C": 36.74691864711319, "epsilon": 0.6596886575327346, "gamma": 0.09349674352027021, "lamda": 0.19428677647360576}, "datetime": {"datetime": "2021-09-23 18:01:52", "elapsed": 269.545472, "delta": 1.323349}}
{"target": 0.3700304227580081, "params": {"C": 60.85196800698653, "epsilon": 0.8592593707711665, "gamma": 0.08892369882926389, "lamda": 0.08912000819568454}, "datetime": {"datetime": "2021-09-23 18:01:54", "elapsed": 271.184756, "delta": 1.639284}}
{"target": 0.4398493441150506, "params": {"C": 91.83218841632362, "epsilon": 0.6210611795738311, "gamma": 0.0034599984696674253, "lamda": 0.2487959667366911}, "datetime": {"datetime": "2021-09-23 18:01:55", "elapsed": 272.847516, "delta": 1.66276}}
{"target": 0.450834515480077, "params": {"C": 88.41316437674774, "epsilon": 0.4732473150371445, "gamma": 0.006807601470956441, "lamda": 0.9619274167543258}, "datetime": {"datetime": "2021-09-23 18:01:57", "elapsed": 274.613812, "delta": 1.766296}}
{"target": 0.4285717223496285, "params": {"C": 76.41286530487754, "epsilon": 0.36712926395139484, "gamma": 0.03310819928018514, "lamda": 0.5440633370978507}, "datetime": {"datetime": "2021-09-23 18:01:58", "elapsed": 275.877237, "delta": 1.263425}}
{"target": 0.42698805371632187, "params": {"C": 49.1231460841, "epsilon": 0.6899828355860185, "gamma": 0.002726384997487185, "lamda": 0.8458218739182156}, "datetime": {"datetime": "2021-09-23 18:02:00", "elapsed": 277.651434, "delta": 1.774197}}
{"target": 0.44003456184650025, "params": {"C": 87.71897632281758, "epsilon": 0.865798114038493, "gamma": 0.03189762939109746, "lamda": 0.8498674920508968}, "datetime": {"datetime": "2021-09-23 18:02:02", "elapsed": 279.337472, "delta": 1.686038}}
{"target": 0.43654872198427697, "params": {"C": 81.50860069210506, "epsilon": 0.12591357611017207, "gamma": 0.004174422445187981, "lamda": 0.8222775956369107}, "datetime": {"datetime": "2021-09-23 18:02:04", "elapsed": 281.558519, "delta": 2.221047}}
{"target": 0.45034608151774136, "params": {"C": 99.88195356030192, "epsilon": 0.926462931206552, "gamma": 0.004516387519182839, "lamda": 0.6225327185266737}, "datetime": {"datetime": "2021-09-23 18:02:06", "elapsed": 283.285189, "delta": 1.72667}}
{"target": 0.4543876094329168, "params": {"C": 99.81834311632785, "epsilon": 0.8461157787034853, "gamma": 0.013318074133862799, "lamda": 0.629538887847211}, "datetime": {"datetime": "2021-09-23 18:02:07", "elapsed": 285.094949, "delta": 1.80976}}
{"target": 0.4467690358473555, "params": {"C": 88.45710810886659, "epsilon": 0.4940108214171407, "gamma": 0.01657126935892872, "lamda": 0.9834764200002752}, "datetime": {"datetime": "2021-09-23 18:02:09", "elapsed": 286.69, "delta": 1.595051}}
{"target": 0.4577189775797804, "params": {"C": 99.80768151325253, "epsilon": 0.9300645658680347, "gamma": 0.008802110498416116, "lamda": 0.6360777696280905}, "datetime": {"datetime": "2021-09-23 18:02:11", "elapsed": 288.981217, "delta": 2.291217}}
{"target": 0.4573582689856419, "params": {"C": 87.75478027259982, "epsilon": 0.9531343200825769, "gamma": 0.007695396910981592, "lamda": 0.7830089165680884}, "datetime": {"datetime": "2021-09-23 18:02:13", "elapsed": 290.708904, "delta": 1.727687}}
{"target": 0.42400318954285066, "params": {"C": 38.93267964049112, "epsilon": 0.814950655908381, "gamma": 0.04173802359712099, "lamda": 0.41613492719583367}, "datetime": {"datetime": "2021-09-23 18:02:15", "elapsed": 292.214065, "delta": 1.505161}}
{"target": 0.4455124967697749, "params": {"C": 88.48686916031114, "epsilon": 0.5014105853536874, "gamma": 0.01749950843363821, "lamda": 0.9542068416976915}, "datetime": {"datetime": "2021-09-23 18:02:16", "elapsed": 294.053334, "delta": 1.839269}}
{"target": 0.3933838090592301, "params": {"C": 49.719343181295635, "epsilon": 0.7836696594647979, "gamma": 0.07609042094699556, "lamda": 0.9251956519760346}, "datetime": {"datetime": "2021-09-23 18:02:18", "elapsed": 295.488695, "delta": 1.435361}}
{"target": 0.4130870385601024, "params": {"C": 29.197504973245742, "epsilon": 0.694990640055928, "gamma": 0.055122434925629404, "lamda": 0.2615788956978796}, "datetime": {"datetime": "2021-09-23 18:02:19", "elapsed": 296.987031, "delta": 1.498336}}
{"target": 0.4452824215219563, "params": {"C": 49.099008266044734, "epsilon": 0.6594048888256985, "gamma": 0.007980356623783314, "lamda": 0.9059035399192654}, "datetime": {"datetime": "2021-09-23 18:02:21", "elapsed": 299.011672, "delta": 2.024641}}
{"target": 0.4378164036609825, "params": {"C": 59.81986515497055, "epsilon": 0.1967164280401878, "gamma": 0.0065613183133598155, "lamda": 0.679062238109728}, "datetime": {"datetime": "2021-09-23 18:02:24", "elapsed": 301.565506, "delta": 2.553834}}
{"target": 0.45693176044699657, "params": {"C": 87.68197339169963, "epsilon": 0.9919844531663733, "gamma": 0.017002551773622768, "lamda": 0.8315173229233876}, "datetime": {"datetime": "2021-09-23 18:02:26", "elapsed": 303.458996, "delta": 1.89349}}
{"target": 0.41705424886451714, "params": {"C": 99.82679195305987, "epsilon": 0.9500102208786091, "gamma": 0.05177416675451741, "lamda": 0.8227700581539876}, "datetime": {"datetime": "2021-09-23 18:02:28", "elapsed": 305.238263, "delta": 1.779267}}
{"target": 0.4000145256178236, "params": {"C": 51.733730134341826, "epsilon": 0.3228187084906623, "gamma": 0.0642531058944991, "lamda": 0.5585239577672458}, "datetime": {"datetime": "2021-09-23 18:02:29", "elapsed": 306.62196, "delta": 1.383697}}
{"target": 0.43965689424001475, "params": {"C": 87.6645293905793, "epsilon": 0.9779101540511537, "gamma": 0.03491383479584465, "lamda": 0.8653581162743703}, "datetime": {"datetime": "2021-09-23 18:02:31", "elapsed": 308.334029, "delta": 1.712069}}
{"target": 0.3912789618653819, "params": {"C": 87.68616831251725, "epsilon": 0.9572706290544254, "gamma": 0.07245454284545218, "lamda": 0.7633814441365622}, "datetime": {"datetime": "2021-09-23 18:02:33", "elapsed": 310.493138, "delta": 2.159109}}
{"target": 0.45302548522394526, "params": {"C": 99.83084016703093, "epsilon": 0.942563367423249, "gamma": 0.00887726315408997, "lamda": 0.48784904036410887}, "datetime": {"datetime": "2021-09-23 18:02:35", "elapsed": 312.755539, "delta": 2.262401}}
{"target": 0.3855940692043368, "params": {"C": 28.446337300960593, "epsilon": 0.3327530271684771, "gamma": 0.09517211871911081, "lamda": 0.5129405684184668}, "datetime": {"datetime": "2021-09-23 18:02:36", "elapsed": 314.080798, "delta": 1.325259}}
{"target": 0.41396090739490443, "params": {"C": 52.28572448718183, "epsilon": 0.3541035670283476, "gamma": 0.05081257196948723, "lamda": 0.47449364219945717}, "datetime": {"datetime": "2021-09-23 18:02:38", "elapsed": 315.424804, "delta": 1.344006}}
{"target": 0.4235033939087469, "params": {"C": 99.78845266800379, "epsilon": 0.9141048515625675, "gamma": 0.0013070401611938393, "lamda": 0.5567343848690736}, "datetime": {"datetime": "2021-09-23 18:02:40", "elapsed": 317.297036, "delta": 1.872232}}
{"target": 0.4007513872429038, "params": {"C": 48.88817290632424, "epsilon": 0.7331176146158158, "gamma": 0.06580704415394512, "lamda": 0.7167839506462989}, "datetime": {"datetime": "2021-09-23 18:02:41", "elapsed": 318.644959, "delta": 1.347923}}
{"target": 0.41825672268504566, "params": {"C": 40.769307256007046, "epsilon": 0.9420404339698741, "gamma": 0.04740989183703893, "lamda": 0.22320158293903444}, "datetime": {"datetime": "2021-09-23 18:02:43", "elapsed": 320.366046, "delta": 1.721087}}
{"target": 0.41986162849609243, "params": {"C": 22.793460476402593, "epsilon": 0.9107432460597397, "gamma": 0.032608974589129, "lamda": 0.02192477795158323}, "datetime": {"datetime": "2021-09-23 18:02:44", "elapsed": 321.707527, "delta": 1.341481}}
{"target": 0.3802038910600697, "params": {"C": 38.11504463117754, "epsilon": 0.022425936128295167, "gamma": 0.09311883257766881, "lamda": 0.2616396332208233}, "datetime": {"datetime": "2021-09-23 18:02:45", "elapsed": 323.141837, "delta": 1.43431}}
{"target": 0.3885748388067569, "params": {"C": 81.38325948549664, "epsilon": 0.8761469998189231, "gamma": 0.06941756653954165, "lamda": 0.5874843763461868}, "datetime": {"datetime": "2021-09-23 18:02:47", "elapsed": 324.559121, "delta": 1.417284}}
{"target": 0.44148513863008654, "params": {"C": 42.22891923499597, "epsilon": 0.3975826318869422, "gamma": 0.015393637378850755, "lamda": 0.6710910660367931}, "datetime": {"datetime": "2021-09-23 18:02:49", "elapsed": 326.654175, "delta": 2.095054}}
{"target": 0.45619498402553815, "params": {"C": 99.75739628704022, "epsilon": 0.9564652520231594, "gamma": 0.007950208203458136, "lamda": 0.5867364935876277}, "datetime": {"datetime": "2021-09-23 18:02:51", "elapsed": 328.709053, "delta": 2.054878}}
{"target": 0.3935176367867721, "params": {"C": 48.72510668735192, "epsilon": 0.8920271552011698, "gamma": 0.07436420787442108, "lamda": 0.5978344698135242}, "datetime": {"datetime": "2021-09-23 18:02:53", "elapsed": 330.296272, "delta": 1.587219}}
{"target": 0.44009837089452153, "params": {"C": 42.264564673681534, "epsilon": 0.31409948450787417, "gamma": 0.011734405898681577, "lamda": 0.6791337059733628}, "datetime": {"datetime": "2021-09-23 18:02:54", "elapsed": 332.098839, "delta": 1.802567}}
{"target": 0.4165494137887368, "params": {"C": 99.74533321424369, "epsilon": 0.9595233408026497, "gamma": 0.05138946675879594, "lamda": 0.7700364778801702}, "datetime": {"datetime": "2021-09-23 18:02:57", "elapsed": 334.36784, "delta": 2.269001}}
{"target": 0.45560754595012676, "params": {"C": 99.91623934234099, "epsilon": 0.996101683559772, "gamma": 0.00552453461960324, "lamda": 0.6991322180528061}, "datetime": {"datetime": "2021-09-23 18:02:59", "elapsed": 336.348814, "delta": 1.980974}}
{"target": 0.4281208643952553, "params": {"C": 46.54509687850866, "epsilon": 0.8457995207426657, "gamma": 0.03744859164587902, "lamda": 0.5719940515379097}, "datetime": {"datetime": "2021-09-23 18:03:00", "elapsed": 337.833809, "delta": 1.484995}}
{"target": 0.4501935995793669, "params": {"C": 88.489294498809, "epsilon": 0.47665200989977635, "gamma": 0.00773825416496307, "lamda": 0.8536200354891911}, "datetime": {"datetime": "2021-09-23 18:03:02", "elapsed": 339.84181, "delta": 2.008001}}
{"target": 0.41304914440715335, "params": {"C": 88.51284771032012, "epsilon": 0.49755701028250465, "gamma": 0.001, "lamda": 0.8941463051023509}, "datetime": {"datetime": "2021-09-23 18:03:05", "elapsed": 342.571886, "delta": 2.730076}}
{"target": 0.40968245977749596, "params": {"C": 81.56155490361573, "epsilon": 0.14115916893930952, "gamma": 0.04626683740627004, "lamda": 0.8038996782824793}, "datetime": {"datetime": "2021-09-23 18:03:07", "elapsed": 344.460129, "delta": 1.888243}}
{"target": 0.3722394910011383, "params": {"C": 99.2928830944897, "epsilon": 0.459476392020418, "gamma": 0.06733379349010378, "lamda": 0.4000031927939279}, "datetime": {"datetime": "2021-09-23 18:03:08", "elapsed": 345.986857, "delta": 1.526728}}
{"target": 0.41469017845600953, "params": {"C": 30.97316002207802, "epsilon": 0.9262094434227992, "gamma": 0.053930431847824034, "lamda": 0.6692640150336511}, "datetime": {"datetime": "2021-09-23 18:03:11", "elapsed": 348.688891, "delta": 2.702034}}
{"target": 0.4047249465497397, "params": {"C": 26.55922620856087, "epsilon": 0.37964533483061336, "gamma": 0.06690111705758385, "lamda": 0.9867905533180096}, "datetime": {"datetime": "2021-09-23 18:03:13", "elapsed": 350.332971, "delta": 1.64408}}
{"target": 0.4473981675075037, "params": {"C": 99.8624583482908, "epsilon": 0.9645876642698685, "gamma": 0.019252320484468947, "lamda": 0.5230071908174434}, "datetime": {"datetime": "2021-09-23 18:03:15", "elapsed": 353.047155, "delta": 2.714184}}
{"target": 0.4306762324085881, "params": {"C": 90.81317476513723, "epsilon": 0.37409653823370925, "gamma": 0.02965522596574803, "lamda": 0.08185235123838425}, "datetime": {"datetime": "2021-09-23 18:03:18", "elapsed": 355.999179, "delta": 2.952024}}
{"target": 0.3764979387027476, "params": {"C": 49.50574826670474, "epsilon": 0.6225285268877715, "gamma": 0.09101037124882985, "lamda": 0.17119511441401647}, "datetime": {"datetime": "2021-09-23 18:03:20", "elapsed": 357.646995, "delta": 1.647816}}
{"target": 0.4053996401790507, "params": {"C": 99.80612767462256, "epsilon": 0.8346036585994726, "gamma": 0.051847554972793974, "lamda": 0.579186294305673}, "datetime": {"datetime": "2021-09-23 18:03:23", "elapsed": 361.137982, "delta": 3.490987}}
{"target": 0.44995950946295005, "params": {"C": 99.60771927271456, "epsilon": 0.9924056788126028, "gamma": 0.004708499800180824, "lamda": 0.5455435352831325}, "datetime": {"datetime": "2021-09-23 18:03:27", "elapsed": 364.234713, "delta": 3.096731}}
{"target": 0.4349483800998405, "params": {"C": 46.04590073899023, "epsilon": 0.8475307092889528, "gamma": 0.004212896666752135, "lamda": 0.4440816272071469}, "datetime": {"datetime": "2021-09-23 18:03:28", "elapsed": 365.866848, "delta": 1.632135}}
