{"target": 0.4690879368669194, "params": {"C": 695.834610511597, "epsilon": 0.7346733472923755, "gamma": 0.009889160931654376, "lamda": 0.7594953045686664}, "datetime": {"datetime": "2021-09-23 22:03:27", "elapsed": 42.672889, "delta": 0.478}}
{"target": 0.4695054884951969, "params": {"C": 712.1100803578117, "epsilon": 0.8302110125893026, "gamma": 0.007855096921419816, "lamda": 0.524725860305681}, "datetime": {"datetime": "2021-09-23 22:03:28", "elapsed": 43.379657, "delta": 0.706768}}
{"target": 0.4687651714083416, "params": {"C": 712.2207478226209, "epsilon": 0.7730125928771839, "gamma": 0.006510035635087682, "lamda": 0.54413985625835}, "datetime": {"datetime": "2021-09-23 22:03:28", "elapsed": 43.92648, "delta": 0.546823}}
{"target": 0.46850019033736623, "params": {"C": 712.1496110389759, "epsilon": 0.8000376223666856, "gamma": 0.006179456993818708, "lamda": 0.5050659347894647}, "datetime": {"datetime": "2021-09-23 22:03:29", "elapsed": 44.457479, "delta": 0.530999}}
{"target": 0.46935935154066666, "params": {"C": 674.9551674013005, "epsilon": 0.7772198354789636, "gamma": 0.00962235715363892, "lamda": 0.5918838103193528}, "datetime": {"datetime": "2021-09-23 22:03:30", "elapsed": 45.071482, "delta": 0.614003}}
{"target": 0.4695417126570651, "params": {"C": 661.5836153517405, "epsilon": 0.8127192005994468, "gamma": 0.009051582083667381, "lamda": 0.5116973215418948}, "datetime": {"datetime": "2021-09-23 22:03:30", "elapsed": 45.671485, "delta": 0.600003}}
{"target": 0.46942432316231764, "params": {"C": 639.6326013309966, "epsilon": 0.8331530361912873, "gamma": 0.00914683709337424, "lamda": 0.5838265782444746}, "datetime": {"datetime": "2021-09-23 22:03:31", "elapsed": 46.669376, "delta": 0.997891}}
{"target": 0.4682526366062655, "params": {"C": 711.4016768596906, "epsilon": 0.8527489087068045, "gamma": 0.006672824023991297, "lamda": 0.5999574304595283}, "datetime": {"datetime": "2021-09-23 22:03:32", "elapsed": 47.150996, "delta": 0.48162}}
{"target": 0.4696146277585691, "params": {"C": 639.6923245484735, "epsilon": 0.779437949459395, "gamma": 0.008716994689024883, "lamda": 0.5057858953022695}, "datetime": {"datetime": "2021-09-23 22:03:32", "elapsed": 47.820622, "delta": 0.669626}}
{"target": 0.46914774673194726, "params": {"C": 590.5513932162964, "epsilon": 0.9196154454712506, "gamma": 0.009061870546595786, "lamda": 0.6081152966983315}, "datetime": {"datetime": "2021-09-23 22:03:33", "elapsed": 48.54163, "delta": 0.721008}}
{"target": 0.4690726343637206, "params": {"C": 661.5584596477761, "epsilon": 0.8788756676605574, "gamma": 0.007327355210780406, "lamda": 0.5419696040470189}, "datetime": {"datetime": "2021-09-23 22:03:34", "elapsed": 49.12263, "delta": 0.581}}
{"target": 0.46866119932813866, "params": {"C": 728.9474825207981, "epsilon": 0.93688532535168, "gamma": 0.009366383159308364, "lamda": 0.693652383513446}, "datetime": {"datetime": "2021-09-23 22:03:34", "elapsed": 49.877561, "delta": 0.754931}}
{"target": 0.4695461339640358, "params": {"C": 712.1434114804739, "epsilon": 0.7450112456888355, "gamma": 0.008201956030799588, "lamda": 0.6006412818590067}, "datetime": {"datetime": "2021-09-23 22:03:35", "elapsed": 50.535566, "delta": 0.658005}}
{"target": 0.46861638595814703, "params": {"C": 712.0674203772103, "epsilon": 0.7884719844748428, "gamma": 0.006412299466409265, "lamda": 0.5418529843735335}, "datetime": {"datetime": "2021-09-23 22:03:36", "elapsed": 51.180167, "delta": 0.644601}}
{"target": 0.4690311054956988, "params": {"C": 710.8286338998778, "epsilon": 0.8947015005614178, "gamma": 0.007405213769008102, "lamda": 0.5482948533535378}, "datetime": {"datetime": "2021-09-23 22:03:36", "elapsed": 51.817811, "delta": 0.637644}}
{"target": 0.4692861409294, "params": {"C": 602.0526803762352, "epsilon": 0.8581297932268173, "gamma": 0.00963916863293944, "lamda": 0.5840030465965204}, "datetime": {"datetime": "2021-09-23 22:03:37", "elapsed": 52.710333, "delta": 0.892522}}
{"target": 0.4692389668540584, "params": {"C": 639.7326312127366, "epsilon": 0.8427093789034923, "gamma": 0.007425143623185805, "lamda": 0.5439554341412969}, "datetime": {"datetime": "2021-09-23 22:03:38", "elapsed": 53.280983, "delta": 0.57065}}
{"target": 0.4686769903116669, "params": {"C": 621.5913624368151, "epsilon": 0.9286236467742975, "gamma": 0.007541837380384178, "lamda": 0.5956053276743503}, "datetime": {"datetime": "2021-09-23 22:03:39", "elapsed": 54.121732, "delta": 0.840749}}
{"target": 0.46813776727012657, "params": {"C": 605.1898878402604, "epsilon": 0.8811859604098345, "gamma": 0.007261948860288284, "lamda": 0.673111120080727}, "datetime": {"datetime": "2021-09-23 22:03:39", "elapsed": 54.696737, "delta": 0.575005}}
{"target": 0.46953686309287124, "params": {"C": 590.4930226891435, "epsilon": 0.8970064131371299, "gamma": 0.008632861072783757, "lamda": 0.5087438373432797}, "datetime": {"datetime": "2021-09-23 22:03:40", "elapsed": 55.470727, "delta": 0.77399}}
{"target": 0.46949030685591264, "params": {"C": 661.5125628682453, "epsilon": 0.7462906829310844, "gamma": 0.009251213507451363, "lamda": 0.5580385863577935}, "datetime": {"datetime": "2021-09-23 22:03:41", "elapsed": 56.242562, "delta": 0.771835}}
{"target": 0.4696459580170783, "params": {"C": 661.5733677315036, "epsilon": 0.7435748545437811, "gamma": 0.008072787598869487, "lamda": 0.5414042283403608}, "datetime": {"datetime": "2021-09-23 22:03:41", "elapsed": 56.793559, "delta": 0.550997}}
{"target": 0.4694164809738335, "params": {"C": 590.4369249261439, "epsilon": 0.8746073797129693, "gamma": 0.00798693880381477, "lamda": 0.5344608893358017}, "datetime": {"datetime": "2021-09-23 22:03:42", "elapsed": 57.433288, "delta": 0.639729}}
{"target": 0.46925758836083187, "params": {"C": 627.2911265589083, "epsilon": 0.8353742806979686, "gamma": 0.009868573151892062, "lamda": 0.535358581114011}, "datetime": {"datetime": "2021-09-23 22:03:43", "elapsed": 57.977594, "delta": 0.544306}}
{"target": 0.46857789219157897, "params": {"C": 661.511040575448, "epsilon": 0.8068473489630457, "gamma": 0.006359781372812553, "lamda": 0.5253621922126895}, "datetime": {"datetime": "2021-09-23 22:03:43", "elapsed": 58.679601, "delta": 0.702007}}
{"target": 0.46934736277903044, "params": {"C": 661.7190802897906, "epsilon": 0.7516789911046271, "gamma": 0.009452500256350648, "lamda": 0.5094738845199617}, "datetime": {"datetime": "2021-09-23 22:03:44", "elapsed": 59.2596, "delta": 0.579999}}
{"target": 0.4693207520793986, "params": {"C": 669.7154894278459, "epsilon": 0.8972842633631168, "gamma": 0.009539678277932092, "lamda": 0.5519024991564204}, "datetime": {"datetime": "2021-09-23 22:03:44", "elapsed": 59.883853, "delta": 0.624253}}
{"target": 0.46944646452574335, "params": {"C": 727.2456023243449, "epsilon": 0.7749160719559127, "gamma": 0.008457391217294932, "lamda": 0.6251832449445953}, "datetime": {"datetime": "2021-09-23 22:03:45", "elapsed": 60.520854, "delta": 0.637001}}
{"target": 0.46785549746202226, "params": {"C": 624.2458698006571, "epsilon": 0.795828021711806, "gamma": 0.006294367722815599, "lamda": 0.6348314278699849}, "datetime": {"datetime": "2021-09-23 22:03:46", "elapsed": 61.245851, "delta": 0.724997}}
{"target": 0.46859985544353344, "params": {"C": 590.5109392825289, "epsilon": 0.7940337430749265, "gamma": 0.006249078140304196, "lamda": 0.5055854050143377}, "datetime": {"datetime": "2021-09-23 22:03:47", "elapsed": 61.997856, "delta": 0.752005}}
{"target": 0.469583478150719, "params": {"C": 616.0302744694617, "epsilon": 0.8157816370569029, "gamma": 0.008397729486745888, "lamda": 0.5386321327743273}, "datetime": {"datetime": "2021-09-23 22:03:47", "elapsed": 62.617853, "delta": 0.619997}}
{"target": 0.4688352441294579, "params": {"C": 615.9621014539798, "epsilon": 0.8756042631767758, "gamma": 0.006849223291912402, "lamda": 0.5218779387773836}, "datetime": {"datetime": "2021-09-23 22:03:48", "elapsed": 63.268854, "delta": 0.651001}}
{"target": 0.46940061504769104, "params": {"C": 639.7689878979027, "epsilon": 0.7454472334251158, "gamma": 0.009524532005169922, "lamda": 0.5775968402797781}, "datetime": {"datetime": "2021-09-23 22:03:49", "elapsed": 63.971852, "delta": 0.702998}}
{"target": 0.469441585955924, "params": {"C": 616.0650364888521, "epsilon": 0.7585644266563737, "gamma": 0.007206317654661417, "lamda": 0.5059507356791442}, "datetime": {"datetime": "2021-09-23 22:03:49", "elapsed": 64.63385, "delta": 0.661998}}
{"target": 0.46710464844233013, "params": {"C": 590.4555331728485, "epsilon": 0.9241292461316959, "gamma": 0.006003179464086538, "lamda": 0.5800900899458205}, "datetime": {"datetime": "2021-09-23 22:03:50", "elapsed": 65.336852, "delta": 0.703002}}
{"target": 0.46926034615334233, "params": {"C": 661.6151133065994, "epsilon": 0.7572705012679276, "gamma": 0.009596902804414211, "lamda": 0.5010287853641563}, "datetime": {"datetime": "2021-09-23 22:03:51", "elapsed": 66.408894, "delta": 1.072042}}
{"target": 0.4693959715248537, "params": {"C": 639.5841590681837, "epsilon": 0.7695523652099839, "gamma": 0.00943425435454279, "lamda": 0.519354883404257}, "datetime": {"datetime": "2021-09-23 22:03:52", "elapsed": 67.090896, "delta": 0.682002}}
{"target": 0.4692269326086902, "params": {"C": 616.1211164932175, "epsilon": 0.8083520869232532, "gamma": 0.007175783320525894, "lamda": 0.5369745546930358}, "datetime": {"datetime": "2021-09-23 22:03:52", "elapsed": 67.826893, "delta": 0.735997}}
{"target": 0.46934245524676665, "params": {"C": 634.2329127298593, "epsilon": 0.9462747693378752, "gamma": 0.008118234679174094, "lamda": 0.5171675633467315}, "datetime": {"datetime": "2021-09-23 22:03:53", "elapsed": 68.525894, "delta": 0.699001}}
{"target": 0.469250803156002, "params": {"C": 661.4653731342082, "epsilon": 0.9990147078262315, "gamma": 0.008669635028793435, "lamda": 0.5305725655742459}, "datetime": {"datetime": "2021-09-23 22:03:54", "elapsed": 69.318893, "delta": 0.792999}}
{"target": 0.4696198130304655, "params": {"C": 600.1849458598983, "epsilon": 0.7928328868611793, "gamma": 0.008679077800836238, "lamda": 0.5156812182779729}, "datetime": {"datetime": "2021-09-23 22:03:55", "elapsed": 70.207239, "delta": 0.888346}}
{"target": 0.46955171308227084, "params": {"C": 661.6705986655643, "epsilon": 0.8055592235542084, "gamma": 0.00900428071726415, "lamda": 0.5042011645501497}, "datetime": {"datetime": "2021-09-23 22:03:56", "elapsed": 71.186239, "delta": 0.979}}
{"target": 0.4689766203901773, "params": {"C": 710.8489149172948, "epsilon": 0.8003717310172597, "gamma": 0.006770438173271382, "lamda": 0.5311998391489924}, "datetime": {"datetime": "2021-09-23 22:03:57", "elapsed": 72.127044, "delta": 0.940805}}
{"target": 0.4681320575557434, "params": {"C": 616.0863668055246, "epsilon": 0.8611978676197174, "gamma": 0.006111403995008963, "lamda": 0.5134887137135792}, "datetime": {"datetime": "2021-09-23 22:03:58", "elapsed": 73.257186, "delta": 1.130142}}
{"target": 0.46888908014326247, "params": {"C": 616.0281947052961, "epsilon": 0.7776904819460955, "gamma": 0.007029738630238673, "lamda": 0.6096962041674149}, "datetime": {"datetime": "2021-09-23 22:03:59", "elapsed": 74.540424, "delta": 1.283238}}
{"target": 0.4686471717230737, "params": {"C": 661.7134461719277, "epsilon": 0.7519546924490844, "gamma": 0.006215384908832562, "lamda": 0.5163776295032937}, "datetime": {"datetime": "2021-09-23 22:04:00", "elapsed": 75.21442, "delta": 0.673996}}
{"target": 0.4693275822055255, "params": {"C": 639.611940972949, "epsilon": 0.8840489032856603, "gamma": 0.00804918204553307, "lamda": 0.5545631660156025}, "datetime": {"datetime": "2021-09-23 22:04:01", "elapsed": 75.993362, "delta": 0.778942}}
{"target": 0.46917712485522056, "params": {"C": 669.4887470150795, "epsilon": 0.7713800985530954, "gamma": 0.008247671846187184, "lamda": 0.6926823717373655}, "datetime": {"datetime": "2021-09-23 22:04:01", "elapsed": 76.689737, "delta": 0.696375}}
{"target": 0.4696009326778303, "params": {"C": 626.1429258359204, "epsilon": 0.8059013399182122, "gamma": 0.008248760486095847, "lamda": 0.5321801208631869}, "datetime": {"datetime": "2021-09-23 22:04:03", "elapsed": 78.027102, "delta": 1.337365}}
{"target": 0.4679829168412615, "params": {"C": 718.1822991076938, "epsilon": 0.9986621636669264, "gamma": 0.009766333888710836, "lamda": 0.7566492797092014}, "datetime": {"datetime": "2021-09-23 22:04:03", "elapsed": 78.602366, "delta": 0.575264}}
{"target": 0.46949682737108533, "params": {"C": 674.9667173991796, "epsilon": 0.7372982987403743, "gamma": 0.008756186935859292, "lamda": 0.6432459052143562}, "datetime": {"datetime": "2021-09-23 22:04:04", "elapsed": 79.400367, "delta": 0.798001}}
{"target": 0.46815721683762856, "params": {"C": 719.4856523679115, "epsilon": 0.7678959464524477, "gamma": 0.00744941398121516, "lamda": 0.7969740818495142}, "datetime": {"datetime": "2021-09-23 22:04:05", "elapsed": 80.235362, "delta": 0.834995}}
{"target": 0.4694150773841801, "params": {"C": 607.7878981886198, "epsilon": 0.7400225487032986, "gamma": 0.008588837517565041, "lamda": 0.6730621376012249}, "datetime": {"datetime": "2021-09-23 22:04:06", "elapsed": 81.708361, "delta": 1.472999}}
{"target": 0.4684520410491799, "params": {"C": 633.8026593987079, "epsilon": 0.954272259615406, "gamma": 0.006623544496662885, "lamda": 0.5014208542173313}, "datetime": {"datetime": "2021-09-23 22:04:07", "elapsed": 82.447097, "delta": 0.738736}}
{"target": 0.4690719916910596, "params": {"C": 661.5580234594054, "epsilon": 0.7448833112823542, "gamma": 0.006909335142646302, "lamda": 0.5771889451863556}, "datetime": {"datetime": "2021-09-23 22:04:08", "elapsed": 83.268175, "delta": 0.821078}}
{"target": 0.46904777608104753, "params": {"C": 629.781659119818, "epsilon": 0.9021502044333041, "gamma": 0.009256102941462473, "lamda": 0.6435726053347685}, "datetime": {"datetime": "2021-09-23 22:04:09", "elapsed": 84.834417, "delta": 1.566242}}
{"target": 0.46907478746602915, "params": {"C": 685.2576492136428, "epsilon": 0.8585825824130132, "gamma": 0.008249985692916522, "lamda": 0.6392675768865911}, "datetime": {"datetime": "2021-09-23 22:04:11", "elapsed": 85.960106, "delta": 1.125689}}
{"target": 0.46934931559887894, "params": {"C": 661.7183965106564, "epsilon": 0.8316415589814121, "gamma": 0.0074346458521482245, "lamda": 0.5262113152900665}, "datetime": {"datetime": "2021-09-23 22:04:11", "elapsed": 86.825312, "delta": 0.865206}}
{"target": 0.4695044537340166, "params": {"C": 616.0009587328703, "epsilon": 0.7869267122404902, "gamma": 0.007482727688177063, "lamda": 0.510033722501307}, "datetime": {"datetime": "2021-09-23 22:04:12", "elapsed": 87.620955, "delta": 0.795643}}
{"target": 0.46906019492737694, "params": {"C": 661.7820892968294, "epsilon": 0.7420637224184546, "gamma": 0.009866539238576246, "lamda": 0.5002605430672585}, "datetime": {"datetime": "2021-09-23 22:04:13", "elapsed": 88.326567, "delta": 0.705612}}
{"target": 0.4691162078487059, "params": {"C": 697.4864476645664, "epsilon": 0.7363180712291285, "gamma": 0.00820494383833619, "lamda": 0.7386160333255813}, "datetime": {"datetime": "2021-09-23 22:04:14", "elapsed": 89.577561, "delta": 1.250994}}
{"target": 0.4687090046456679, "params": {"C": 692.4595102606633, "epsilon": 0.8118643380477654, "gamma": 0.007228768991726383, "lamda": 0.641729527133279}, "datetime": {"datetime": "2021-09-23 22:04:15", "elapsed": 90.600455, "delta": 1.022894}}
{"target": 0.46953444442129433, "params": {"C": 615.9967788915546, "epsilon": 0.8093668419261864, "gamma": 0.008426618218817067, "lamda": 0.5648140346627369}, "datetime": {"datetime": "2021-09-23 22:04:16", "elapsed": 91.489454, "delta": 0.888999}}
{"target": 0.4696299441414832, "params": {"C": 696.928103460766, "epsilon": 0.7397352455880245, "gamma": 0.008650660165621691, "lamda": 0.5295263582339096}, "datetime": {"datetime": "2021-09-23 22:04:17", "elapsed": 92.416599, "delta": 0.927145}}
{"target": 0.4688915523551618, "params": {"C": 639.6585623115151, "epsilon": 0.7774532926247624, "gamma": 0.006675258264760145, "lamda": 0.547786660357008}, "datetime": {"datetime": "2021-09-23 22:04:18", "elapsed": 93.187892, "delta": 0.771293}}
{"target": 0.4693873476480084, "params": {"C": 639.6589756741301, "epsilon": 0.7354747509778606, "gamma": 0.009573323466806848, "lamda": 0.6029222453674586}, "datetime": {"datetime": "2021-09-23 22:04:19", "elapsed": 94.436459, "delta": 1.248567}}
{"target": 0.4695258048406753, "params": {"C": 685.3048684226037, "epsilon": 0.8587012511774044, "gamma": 0.008069824738613866, "lamda": 0.5169089677915517}, "datetime": {"datetime": "2021-09-23 22:04:20", "elapsed": 95.184459, "delta": 0.748}}
{"target": 0.4688066557858461, "params": {"C": 676.5013024427096, "epsilon": 0.737241625236967, "gamma": 0.007683352413300377, "lamda": 0.7499084965830844}, "datetime": {"datetime": "2021-09-23 22:04:21", "elapsed": 96.073083, "delta": 0.888624}}
{"target": 0.4690604826119912, "params": {"C": 749.9516704869641, "epsilon": 0.9818632433035179, "gamma": 0.008779724944934342, "lamda": 0.5800667344789682}, "datetime": {"datetime": "2021-09-23 22:04:21", "elapsed": 96.852273, "delta": 0.77919}}
{"target": 0.46848791310744486, "params": {"C": 652.2483459539535, "epsilon": 0.9909207377568112, "gamma": 0.008449837499774768, "lamda": 0.6477259176198376}, "datetime": {"datetime": "2021-09-23 22:04:23", "elapsed": 98.565749, "delta": 1.713476}}
{"target": 0.4695286019466458, "params": {"C": 646.8712568431358, "epsilon": 0.7463868047040826, "gamma": 0.008949262708798407, "lamda": 0.6112906370716016}, "datetime": {"datetime": "2021-09-23 22:04:24", "elapsed": 99.235716, "delta": 0.669967}}
{"target": 0.46956606346539553, "params": {"C": 712.1297050669612, "epsilon": 0.7853162321943965, "gamma": 0.008391651097014532, "lamda": 0.5687054708386688}, "datetime": {"datetime": "2021-09-23 22:04:25", "elapsed": 100.153307, "delta": 0.917591}}
{"target": 0.46965780744695607, "params": {"C": 661.7610733359916, "epsilon": 0.7932109234845977, "gamma": 0.00827116442437885, "lamda": 0.5005247009588015}, "datetime": {"datetime": "2021-09-23 22:04:26", "elapsed": 101.499699, "delta": 1.346392}}
{"target": 0.46953479495926786, "params": {"C": 600.1930136136617, "epsilon": 0.7738145707628673, "gamma": 0.009094390030446226, "lamda": 0.5498296500034293}, "datetime": {"datetime": "2021-09-23 22:04:27", "elapsed": 102.596819, "delta": 1.09712}}
{"target": 0.46832677641084586, "params": {"C": 663.9717904661377, "epsilon": 0.9623921220837897, "gamma": 0.007724310524682294, "lamda": 0.6366074941959685}, "datetime": {"datetime": "2021-09-23 22:04:28", "elapsed": 103.448069, "delta": 0.85125}}
{"target": 0.4685227244930521, "params": {"C": 636.889728887912, "epsilon": 0.8975933175542113, "gamma": 0.008772669804393906, "lamda": 0.7296717125892935}, "datetime": {"datetime": "2021-09-23 22:04:29", "elapsed": 104.243216, "delta": 0.795147}}
{"target": 0.4666165869083979, "params": {"C": 726.8118253298118, "epsilon": 0.8296732027120671, "gamma": 0.006438678608372751, "lamda": 0.779345370347458}, "datetime": {"datetime": "2021-09-23 22:04:30", "elapsed": 104.985216, "delta": 0.742}}
{"target": 0.46862834911485873, "params": {"C": 619.3902445835089, "epsilon": 0.8927991372824983, "gamma": 0.00900138278862028, "lamda": 0.7260671612700562}, "datetime": {"datetime": "2021-09-23 22:04:30", "elapsed": 105.643216, "delta": 0.658}}
{"target": 0.4693774267004648, "params": {"C": 611.0983566003291, "epsilon": 0.7763746367005995, "gamma": 0.008729897421592189, "lamda": 0.6559341281548725}, "datetime": {"datetime": "2021-09-23 22:04:31", "elapsed": 106.419913, "delta": 0.776697}}
{"target": 0.4684977185258301, "params": {"C": 690.3880706091622, "epsilon": 0.8049560841464087, "gamma": 0.007089645254455892, "lamda": 0.6625829259983007}, "datetime": {"datetime": "2021-09-23 22:04:32", "elapsed": 107.06881, "delta": 0.648897}}
{"target": 0.46946603627721417, "params": {"C": 639.6714378764121, "epsilon": 0.7066494523063256, "gamma": 0.0071306968822285105, "lamda": 0.5128616258777114}, "datetime": {"datetime": "2021-09-23 22:04:32", "elapsed": 107.814134, "delta": 0.745324}}
{"target": 0.4694887274283086, "params": {"C": 652.2240730423522, "epsilon": 0.7959231503615128, "gamma": 0.00823295215773702, "lamda": 0.5823506223472659}, "datetime": {"datetime": "2021-09-23 22:04:33", "elapsed": 108.604565, "delta": 0.790431}}
{"target": 0.4688529794760655, "params": {"C": 721.0112218760898, "epsilon": 0.7099376844470583, "gamma": 0.0067667444955157524, "lamda": 0.6298611139140148}, "datetime": {"datetime": "2021-09-23 22:04:34", "elapsed": 109.28942, "delta": 0.684855}}
{"target": 0.4691299692246276, "params": {"C": 661.5436450341981, "epsilon": 0.7191831245186961, "gamma": 0.00661785974288167, "lamda": 0.5152522924909794}, "datetime": {"datetime": "2021-09-23 22:04:35", "elapsed": 110.058052, "delta": 0.768632}}
{"target": 0.46877813421684855, "params": {"C": 639.7057297004684, "epsilon": 0.7195891044567662, "gamma": 0.006523336642541823, "lamda": 0.5866827810495486}, "datetime": {"datetime": "2021-09-23 22:04:36", "elapsed": 111.069577, "delta": 1.011525}}
{"target": 0.4685611408245741, "params": {"C": 623.9452117925136, "epsilon": 0.9477996489439637, "gamma": 0.009434717745250237, "lamda": 0.7030999971456888}, "datetime": {"datetime": "2021-09-23 22:04:36", "elapsed": 111.784136, "delta": 0.714559}}
{"target": 0.469515416063368, "params": {"C": 646.872545563642, "epsilon": 0.7949768487078532, "gamma": 0.008557026284914759, "lamda": 0.5860208107900378}, "datetime": {"datetime": "2021-09-23 22:04:37", "elapsed": 112.748557, "delta": 0.964421}}
{"target": 0.46870419036094335, "params": {"C": 693.3225521223886, "epsilon": 0.7481817965221581, "gamma": 0.00788671345059127, "lamda": 0.7787499716589872}, "datetime": {"datetime": "2021-09-23 22:04:38", "elapsed": 113.406224, "delta": 0.657667}}
