{"target": 0.46910297928549194, "params": {"C": 746.0074659219316, "epsilon": 0.7791706830173003, "gamma": 0.006935845146978839, "lamda": 0.5480122651747086}, "datetime": {"datetime": "2021-09-23 22:21:17", "elapsed": 15.451981, "delta": 0.929002}}
{"target": 0.4678833986218891, "params": {"C": 659.5706320174096, "epsilon": 0.8159220174058145, "gamma": 0.011927688834063414, "lamda": 0.5652962823191395}, "datetime": {"datetime": "2021-09-23 22:21:18", "elapsed": 16.578551, "delta": 1.12657}}
{"target": 0.4691881887918403, "params": {"C": 720.4117225799541, "epsilon": 0.9901905985293903, "gamma": 0.00868260001476184, "lamda": 0.5479280176353315}, "datetime": {"datetime": "2021-09-23 22:21:20", "elapsed": 18.785532, "delta": 2.206981}}
{"target": 0.46793239818927856, "params": {"C": 729.703739998575, "epsilon": 0.7590356431103777, "gamma": 0.011666630799997007, "lamda": 0.5595044260868802}, "datetime": {"datetime": "2021-09-23 22:21:21", "elapsed": 19.795843, "delta": 1.010311}}
{"target": 0.4679924684707859, "params": {"C": 696.5796680110484, "epsilon": 0.8006011575607787, "gamma": 0.011980865542978749, "lamda": 0.634345788260958}, "datetime": {"datetime": "2021-09-23 22:21:22", "elapsed": 20.354157, "delta": 0.558314}}
{"target": 0.4677813610077305, "params": {"C": 663.5985400551893, "epsilon": 0.7786688581052671, "gamma": 0.0063817017265212096, "lamda": 0.6761094682768288}, "datetime": {"datetime": "2021-09-23 22:21:22", "elapsed": 20.834162, "delta": 0.480005}}
{"target": 0.467982212521867, "params": {"C": 750.202358830378, "epsilon": 0.9831892585641441, "gamma": 0.01138734341970012, "lamda": 0.7249039263144443}, "datetime": {"datetime": "2021-09-23 22:21:24", "elapsed": 22.500279, "delta": 1.666117}}
{"target": 0.46917165641299763, "params": {"C": 756.4567264027437, "epsilon": 0.7624502884987345, "gamma": 0.009840015111077136, "lamda": 0.6960965866311752}, "datetime": {"datetime": "2021-09-23 22:21:25", "elapsed": 23.081011, "delta": 0.580732}}
{"target": 0.46840411011942995, "params": {"C": 738.812892998462, "epsilon": 0.9334513377822755, "gamma": 0.011020564382152244, "lamda": 0.6904505073843759}, "datetime": {"datetime": "2021-09-23 22:21:25", "elapsed": 23.469017, "delta": 0.388006}}
{"target": 0.468166081502448, "params": {"C": 692.9380293119833, "epsilon": 0.8427968758632609, "gamma": 0.006035607858425128, "lamda": 0.5036930310295349}, "datetime": {"datetime": "2021-09-23 22:21:26", "elapsed": 24.031244, "delta": 0.562227}}
{"target": 0.46650921230763764, "params": {"C": 657.8218091800013, "epsilon": 0.8858092006687759, "gamma": 0.006035466374451588, "lamda": 0.6741482408765231}, "datetime": {"datetime": "2021-09-23 22:21:26", "elapsed": 24.728245, "delta": 0.697001}}
{"target": 0.46966226886875295, "params": {"C": 674.3384039989511, "epsilon": 0.7688386936824453, "gamma": 0.008077247662851797, "lamda": 0.5059529910617617}, "datetime": {"datetime": "2021-09-23 22:21:27", "elapsed": 25.503855, "delta": 0.77561}}
{"target": 0.46875176136988916, "params": {"C": 751.7164781816399, "epsilon": 0.8953702541249303, "gamma": 0.010867078936891688, "lamda": 0.5760775830297447}, "datetime": {"datetime": "2021-09-23 22:21:28", "elapsed": 26.27704, "delta": 0.773185}}
{"target": 0.46726982866709954, "params": {"C": 708.6387694423422, "epsilon": 0.9515343445819389, "gamma": 0.00795801885037898, "lamda": 0.7892465930779546}, "datetime": {"datetime": "2021-09-23 22:21:29", "elapsed": 27.067045, "delta": 0.790005}}
{"target": 0.46753038820322235, "params": {"C": 652.9193065714827, "epsilon": 0.9009722818634999, "gamma": 0.007820570119327476, "lamda": 0.7903129553084374}, "datetime": {"datetime": "2021-09-23 22:21:29", "elapsed": 27.762453, "delta": 0.695408}}
{"target": 0.46871254881724334, "params": {"C": 674.2596791092691, "epsilon": 0.7651582052221162, "gamma": 0.006281751641303447, "lamda": 0.509028932239201}, "datetime": {"datetime": "2021-09-23 22:21:32", "elapsed": 30.220675, "delta": 2.458222}}
{"target": 0.46918954059857065, "params": {"C": 684.4856957758809, "epsilon": 0.8080383138987186, "gamma": 0.00987539760713483, "lamda": 0.5014834009989949}, "datetime": {"datetime": "2021-09-23 22:21:32", "elapsed": 30.847674, "delta": 0.626999}}
{"target": 0.4687360176442136, "params": {"C": 746.1073023266083, "epsilon": 0.719906663217897, "gamma": 0.010881794069524574, "lamda": 0.7694689629000113}, "datetime": {"datetime": "2021-09-23 22:21:33", "elapsed": 31.439674, "delta": 0.592}}
{"target": 0.4695367302114677, "params": {"C": 656.084549793921, "epsilon": 0.7260228818825566, "gamma": 0.007902818664175967, "lamda": 0.5965359778278398}, "datetime": {"datetime": "2021-09-23 22:21:33", "elapsed": 31.841151, "delta": 0.401477}}
{"target": 0.4683149621572942, "params": {"C": 673.0520773490383, "epsilon": 0.9379558878852026, "gamma": 0.011558497066623333, "lamda": 0.5696132209093201}, "datetime": {"datetime": "2021-09-23 22:21:34", "elapsed": 32.512722, "delta": 0.671571}}
{"target": 0.4684240145979962, "params": {"C": 674.3986481966947, "epsilon": 0.8712469090950258, "gamma": 0.006466847617659793, "lamda": 0.5292417618680748}, "datetime": {"datetime": "2021-09-23 22:21:35", "elapsed": 33.258031, "delta": 0.745309}}
{"target": 0.4692903641991466, "params": {"C": 656.1896165610591, "epsilon": 0.7991193679800309, "gamma": 0.009448758025039302, "lamda": 0.6476776682856604}, "datetime": {"datetime": "2021-09-23 22:21:36", "elapsed": 34.119787, "delta": 0.861756}}
{"target": 0.4682411650917476, "params": {"C": 674.4161900142493, "epsilon": 0.7127305549044183, "gamma": 0.011040502830708048, "lamda": 0.5414563650480199}, "datetime": {"datetime": "2021-09-23 22:21:37", "elapsed": 35.003395, "delta": 0.883608}}
{"target": 0.46888447518160803, "params": {"C": 776.7008455712158, "epsilon": 0.9144549225084622, "gamma": 0.0105594425361333, "lamda": 0.5853070391086792}, "datetime": {"datetime": "2021-09-23 22:21:37", "elapsed": 35.907547, "delta": 0.904152}}
{"target": 0.4692539983658033, "params": {"C": 656.2345826688921, "epsilon": 0.7306906121478988, "gamma": 0.006856444527040249, "lamda": 0.5236712799446772}, "datetime": {"datetime": "2021-09-23 22:21:39", "elapsed": 37.073791, "delta": 1.166244}}
{"target": 0.4693626544312488, "params": {"C": 666.175993390449, "epsilon": 0.7662706694121246, "gamma": 0.009275698348917677, "lamda": 0.6571607901491756}, "datetime": {"datetime": "2021-09-23 22:21:39", "elapsed": 37.713794, "delta": 0.640003}}
{"target": 0.46865538962447306, "params": {"C": 675.5676300269981, "epsilon": 0.8901283987909345, "gamma": 0.010797815520069438, "lamda": 0.6671517668328033}, "datetime": {"datetime": "2021-09-23 22:21:40", "elapsed": 38.504421, "delta": 0.790627}}
{"target": 0.4689278254055055, "params": {"C": 656.2338227982153, "epsilon": 0.7441791190325742, "gamma": 0.010235579125909, "lamda": 0.5290998410568081}, "datetime": {"datetime": "2021-09-23 22:21:41", "elapsed": 39.520421, "delta": 1.016}}
{"target": 0.46838415427355107, "params": {"C": 684.5364105147277, "epsilon": 0.7605518357582697, "gamma": 0.011257984727909266, "lamda": 0.5870764768944349}, "datetime": {"datetime": "2021-09-23 22:21:42", "elapsed": 39.979425, "delta": 0.459004}}
{"target": 0.4690587594687976, "params": {"C": 656.1339944196645, "epsilon": 0.7567219379603909, "gamma": 0.007142905530222978, "lamda": 0.6096685269122556}, "datetime": {"datetime": "2021-09-23 22:21:42", "elapsed": 40.483266, "delta": 0.503841}}
{"target": 0.46887304151057074, "params": {"C": 656.0815487748033, "epsilon": 0.7323053030718498, "gamma": 0.01023376458842061, "lamda": 0.5238695651537983}, "datetime": {"datetime": "2021-09-23 22:21:43", "elapsed": 41.168265, "delta": 0.684999}}
{"target": 0.4691036832820341, "params": {"C": 656.2075772419419, "epsilon": 0.7082413924184361, "gamma": 0.010064474659354731, "lamda": 0.5756365644295368}, "datetime": {"datetime": "2021-09-23 22:21:43", "elapsed": 41.813263, "delta": 0.644998}}
{"target": 0.4695058964703547, "params": {"C": 656.0837732342454, "epsilon": 0.7120667535964075, "gamma": 0.008925663116076767, "lamda": 0.6584324629379953}, "datetime": {"datetime": "2021-09-23 22:21:44", "elapsed": 42.547799, "delta": 0.734536}}
{"target": 0.46842788090120147, "params": {"C": 656.0329211739212, "epsilon": 0.7164429126461702, "gamma": 0.006506348519878512, "lamda": 0.655802277243921}, "datetime": {"datetime": "2021-09-23 22:21:45", "elapsed": 43.24093, "delta": 0.693131}}
{"target": 0.46934508748308357, "params": {"C": 684.4785070614105, "epsilon": 0.7376936913496864, "gamma": 0.009618788031169051, "lamda": 0.5594309095104715}, "datetime": {"datetime": "2021-09-23 22:21:46", "elapsed": 44.001906, "delta": 0.760976}}
{"target": 0.4686981234613088, "params": {"C": 674.3178335907903, "epsilon": 0.819495372146229, "gamma": 0.01075663491184508, "lamda": 0.5241922459625902}, "datetime": {"datetime": "2021-09-23 22:21:46", "elapsed": 44.656517, "delta": 0.654611}}
{"target": 0.46904961929756805, "params": {"C": 684.5436786596058, "epsilon": 0.7571863805321192, "gamma": 0.006593920544472562, "lamda": 0.5070252655678675}, "datetime": {"datetime": "2021-09-23 22:21:47", "elapsed": 45.526167, "delta": 0.86965}}
{"target": 0.4680266528018707, "params": {"C": 653.0612164544442, "epsilon": 0.7206925124584448, "gamma": 0.006421848383873016, "lamda": 0.7025771639110777}, "datetime": {"datetime": "2021-09-23 22:21:48", "elapsed": 46.406633, "delta": 0.880466}}
{"target": 0.4674037562147312, "params": {"C": 684.9378255897924, "epsilon": 0.9195521120003574, "gamma": 0.007057650240150395, "lamda": 0.7055648885011602}, "datetime": {"datetime": "2021-09-23 22:21:49", "elapsed": 47.162629, "delta": 0.755996}}
{"target": 0.46727533776566055, "params": {"C": 764.6846432031991, "epsilon": 0.8086607654398306, "gamma": 0.006196314820493619, "lamda": 0.6796968451608081}, "datetime": {"datetime": "2021-09-23 22:21:50", "elapsed": 48.340415, "delta": 1.177786}}
{"target": 0.46865610075654374, "params": {"C": 656.1338944501657, "epsilon": 0.70388194725711, "gamma": 0.011025290528929095, "lamda": 0.6740679698439458}, "datetime": {"datetime": "2021-09-23 22:21:51", "elapsed": 49.117417, "delta": 0.777002}}
{"target": 0.46885159760349604, "params": {"C": 656.07671135616, "epsilon": 0.801176959626674, "gamma": 0.010664801017099039, "lamda": 0.5770186298800843}, "datetime": {"datetime": "2021-09-23 22:21:51", "elapsed": 49.93412, "delta": 0.816703}}
{"target": 0.4692839379793544, "params": {"C": 656.2067420631263, "epsilon": 0.790328518923102, "gamma": 0.009500651392237752, "lamda": 0.6540596621869098}, "datetime": {"datetime": "2021-09-23 22:21:53", "elapsed": 51.633913, "delta": 1.699793}}
{"target": 0.4687273226682822, "params": {"C": 764.5366476689961, "epsilon": 0.8193889674635297, "gamma": 0.010865241832198204, "lamda": 0.5696188724583221}, "datetime": {"datetime": "2021-09-23 22:21:54", "elapsed": 52.347226, "delta": 0.713313}}
{"target": 0.46831110588874714, "params": {"C": 776.8817910667973, "epsilon": 0.7698900982087447, "gamma": 0.011559187778085612, "lamda": 0.7707536545230773}, "datetime": {"datetime": "2021-09-23 22:21:55", "elapsed": 53.453417, "delta": 1.106191}}
{"target": 0.4692824795817695, "params": {"C": 763.2035931918076, "epsilon": 0.8470522085339917, "gamma": 0.008547459537150316, "lamda": 0.6188954412083396}, "datetime": {"datetime": "2021-09-23 22:21:56", "elapsed": 54.283401, "delta": 0.829984}}
{"target": 0.4696113429898007, "params": {"C": 684.4843694173569, "epsilon": 0.7968459306436333, "gamma": 0.008731807839999871, "lamda": 0.5135533166151798}, "datetime": {"datetime": "2021-09-23 22:21:57", "elapsed": 55.153529, "delta": 0.870128}}
{"target": 0.46802997910212796, "params": {"C": 684.4573963594001, "epsilon": 0.819060319479825, "gamma": 0.011767729462927385, "lamda": 0.5655280156706262}, "datetime": {"datetime": "2021-09-23 22:21:57", "elapsed": 55.920205, "delta": 0.766676}}
{"target": 0.46807787080899277, "params": {"C": 684.5146162915977, "epsilon": 0.7630453567188045, "gamma": 0.011402602496251572, "lamda": 0.5374916702808853}, "datetime": {"datetime": "2021-09-23 22:21:59", "elapsed": 57.488296, "delta": 1.568091}}
{"target": 0.46822526470561876, "params": {"C": 650.0065081264186, "epsilon": 0.9675138539001971, "gamma": 0.011677532458465489, "lamda": 0.5910303654013762}, "datetime": {"datetime": "2021-09-23 22:22:00", "elapsed": 58.317569, "delta": 0.829273}}
{"target": 0.469435468059179, "params": {"C": 751.7705095520348, "epsilon": 0.7536904106633882, "gamma": 0.008505429624037789, "lamda": 0.6498295551508357}, "datetime": {"datetime": "2021-09-23 22:22:01", "elapsed": 58.981572, "delta": 0.664003}}
{"target": 0.4690955618369075, "params": {"C": 758.6240934121054, "epsilon": 0.7789643372080697, "gamma": 0.00994058011502408, "lamda": 0.7034720118815173}, "datetime": {"datetime": "2021-09-23 22:22:01", "elapsed": 59.721573, "delta": 0.740001}}
{"target": 0.4680527758422841, "params": {"C": 708.7925795619855, "epsilon": 0.7024786342029687, "gamma": 0.006272391407697566, "lamda": 0.6852662738404743}, "datetime": {"datetime": "2021-09-23 22:22:02", "elapsed": 60.288206, "delta": 0.566633}}
{"target": 0.46562448002718404, "params": {"C": 707.5225964098375, "epsilon": 0.890324303787472, "gamma": 0.0062083552708249255, "lamda": 0.7868536509224566}, "datetime": {"datetime": "2021-09-23 22:22:03", "elapsed": 61.305205, "delta": 1.016999}}
{"target": 0.46625374759238414, "params": {"C": 704.5666127820167, "epsilon": 0.9146111064223049, "gamma": 0.006654786535554541, "lamda": 0.7748761981339533}, "datetime": {"datetime": "2021-09-23 22:22:04", "elapsed": 62.083226, "delta": 0.778021}}
{"target": 0.4691672741960833, "params": {"C": 688.416683473614, "epsilon": 0.8756811977070887, "gamma": 0.007558896128249833, "lamda": 0.5517986786292972}, "datetime": {"datetime": "2021-09-23 22:22:05", "elapsed": 63.037082, "delta": 0.953856}}
{"target": 0.46829933985200434, "params": {"C": 713.0592290536343, "epsilon": 0.741207990495777, "gamma": 0.01161358020080893, "lamda": 0.7852235260546956}, "datetime": {"datetime": "2021-09-23 22:22:06", "elapsed": 64.420695, "delta": 1.383613}}
{"target": 0.46795751169200395, "params": {"C": 789.0467452255798, "epsilon": 0.9856623346082818, "gamma": 0.006518832839023032, "lamda": 0.5304500863619724}, "datetime": {"datetime": "2021-09-23 22:22:07", "elapsed": 65.029313, "delta": 0.608618}}
{"target": 0.4685737834014825, "params": {"C": 714.6929799869266, "epsilon": 0.8288091547190708, "gamma": 0.007877560730226347, "lamda": 0.720028497504223}, "datetime": {"datetime": "2021-09-23 22:22:07", "elapsed": 65.706299, "delta": 0.676986}}
{"target": 0.46824443465307974, "params": {"C": 654.6705804082111, "epsilon": 0.8741804773474207, "gamma": 0.006536577707847227, "lamda": 0.5648237920293102}, "datetime": {"datetime": "2021-09-23 22:22:08", "elapsed": 66.435363, "delta": 0.729064}}
{"target": 0.4683958608038352, "params": {"C": 778.0812324476659, "epsilon": 0.9846281205149985, "gamma": 0.010837134616560738, "lamda": 0.6709163335846382}, "datetime": {"datetime": "2021-09-23 22:22:09", "elapsed": 67.535367, "delta": 1.100004}}
{"target": 0.4673469565124527, "params": {"C": 680.2410935287078, "epsilon": 0.8298457855638817, "gamma": 0.006756438926663077, "lamda": 0.7460130713113173}, "datetime": {"datetime": "2021-09-23 22:22:11", "elapsed": 69.101623, "delta": 1.566256}}
{"target": 0.46798613790827936, "params": {"C": 784.4871961543254, "epsilon": 0.867693687439107, "gamma": 0.011848999952478376, "lamda": 0.7608734465536088}, "datetime": {"datetime": "2021-09-23 22:22:11", "elapsed": 69.683623, "delta": 0.582}}
{"target": 0.4681420355454584, "params": {"C": 689.5820660792206, "epsilon": 0.9190484727665231, "gamma": 0.008727199745989522, "lamda": 0.7647956895223822}, "datetime": {"datetime": "2021-09-23 22:22:12", "elapsed": 70.336861, "delta": 0.653238}}
{"target": 0.46773296515003426, "params": {"C": 776.5975576724159, "epsilon": 0.8635839713234791, "gamma": 0.0060240462451368925, "lamda": 0.5501734002586995}, "datetime": {"datetime": "2021-09-23 22:22:13", "elapsed": 71.180862, "delta": 0.844001}}
{"target": 0.46817031312532265, "params": {"C": 749.2199473546223, "epsilon": 0.7346733472923755, "gamma": 0.011833741397481563, "lamda": 0.7594953045686664}, "datetime": {"datetime": "2021-09-23 22:22:14", "elapsed": 72.651253, "delta": 1.470391}}
{"target": 0.4686670331909839, "params": {"C": 678.7379428164013, "epsilon": 0.778973343045644, "gamma": 0.011040128391492626, "lamda": 0.649307457218877}, "datetime": {"datetime": "2021-09-23 22:22:15", "elapsed": 73.363861, "delta": 0.712608}}
{"target": 0.4680329124669349, "params": {"C": 708.4225179786555, "epsilon": 0.882312692822648, "gamma": 0.0075328003908586676, "lamda": 0.7159307951397316}, "datetime": {"datetime": "2021-09-23 22:22:16", "elapsed": 73.953461, "delta": 0.5896}}
{"target": 0.4687446706682181, "params": {"C": 756.47055159002, "epsilon": 0.7775798893291659, "gamma": 0.00744924561895057, "lamda": 0.6933472890111596}, "datetime": {"datetime": "2021-09-23 22:22:16", "elapsed": 74.629574, "delta": 0.676113}}
{"target": 0.4692688448839215, "params": {"C": 763.2395061947046, "epsilon": 0.8370505904607242, "gamma": 0.008307107306929549, "lamda": 0.6186103795644095}, "datetime": {"datetime": "2021-09-23 22:22:17", "elapsed": 75.207247, "delta": 0.577673}}
{"target": 0.4694579442057836, "params": {"C": 656.0831538443068, "epsilon": 0.7339006869482089, "gamma": 0.009202102843299146, "lamda": 0.6438584916162496}, "datetime": {"datetime": "2021-09-23 22:22:17", "elapsed": 75.832251, "delta": 0.625004}}
{"target": 0.46833340853208616, "params": {"C": 684.4767898819151, "epsilon": 0.7920014108391185, "gamma": 0.011159267133040343, "lamda": 0.5274922191976025}, "datetime": {"datetime": "2021-09-23 22:22:18", "elapsed": 76.509867, "delta": 0.677616}}
{"target": 0.46858849447951634, "params": {"C": 763.81407205596, "epsilon": 0.8527489087068045, "gamma": 0.0070092360359869455, "lamda": 0.5999574304595283}, "datetime": {"datetime": "2021-09-23 22:22:20", "elapsed": 78.583211, "delta": 2.073344}}
{"target": 0.46872733348366413, "params": {"C": 723.288163341279, "epsilon": 0.8322312029106829, "gamma": 0.010846808905737821, "lamda": 0.6711610205284976}, "datetime": {"datetime": "2021-09-23 22:22:21", "elapsed": 79.176206, "delta": 0.592995}}
{"target": 0.46803713796544955, "params": {"C": 739.5170809975971, "epsilon": 0.8015263880940218, "gamma": 0.011990231931295618, "lamda": 0.674984344890491}, "datetime": {"datetime": "2021-09-23 22:22:21", "elapsed": 79.858209, "delta": 0.682003}}
{"target": 0.46871845028027503, "params": {"C": 764.6371098246935, "epsilon": 0.8276288312727643, "gamma": 0.010919301318810366, "lamda": 0.6527360467681661}, "datetime": {"datetime": "2021-09-23 22:22:22", "elapsed": 80.919975, "delta": 1.061766}}
{"target": 0.46837265461071964, "params": {"C": 780.2632648632482, "epsilon": 0.93688532535168, "gamma": 0.011049574738962547, "lamda": 0.693652383513446}, "datetime": {"datetime": "2021-09-23 22:22:23", "elapsed": 81.492973, "delta": 0.572998}}
{"target": 0.469522461713067, "params": {"C": 656.1431081267473, "epsilon": 0.7761378264493705, "gamma": 0.00884429148514427, "lamda": 0.5957824752805224}, "datetime": {"datetime": "2021-09-23 22:22:24", "elapsed": 82.141327, "delta": 0.648354}}
{"target": 0.467631222644602, "params": {"C": 774.9221729126405, "epsilon": 0.9811805358255256, "gamma": 0.006910008283180733, "lamda": 0.619553160333096}, "datetime": {"datetime": "2021-09-23 22:22:24", "elapsed": 82.833543, "delta": 0.692216}}
{"target": 0.46955666322726997, "params": {"C": 749.2612840666561, "epsilon": 0.7053249932371144, "gamma": 0.008912204407528629, "lamda": 0.5385145837379165}, "datetime": {"datetime": "2021-09-23 22:22:25", "elapsed": 83.566853, "delta": 0.73331}}
{"target": 0.46836833712855963, "params": {"C": 661.2993878527205, "epsilon": 0.8581297932268173, "gamma": 0.01145875294940916, "lamda": 0.5840030465965204}, "datetime": {"datetime": "2021-09-23 22:22:27", "elapsed": 85.10152, "delta": 1.534667}}
{"target": 0.4676988611600642, "params": {"C": 737.6343334519975, "epsilon": 0.711743164152108, "gamma": 0.006313097549483275, "lamda": 0.7401707009458581}, "datetime": {"datetime": "2021-09-23 22:22:27", "elapsed": 85.795515, "delta": 0.693995}}
{"target": 0.46813586249079053, "params": {"C": 674.3219513462848, "epsilon": 0.7735112727302272, "gamma": 0.011231523380240978, "lamda": 0.5122918132528365}, "datetime": {"datetime": "2021-09-23 22:22:28", "elapsed": 86.505102, "delta": 0.709587}}
{"target": 0.4686009507059783, "params": {"C": 664.2405198502441, "epsilon": 0.8811859604098345, "gamma": 0.007892923290432426, "lamda": 0.673111120080727}, "datetime": {"datetime": "2021-09-23 22:22:29", "elapsed": 87.156097, "delta": 0.650995}}
{"target": 0.46800081567452123, "params": {"C": 764.817618844163, "epsilon": 0.9702123387023489, "gamma": 0.010657880208852909, "lamda": 0.771561400887413}, "datetime": {"datetime": "2021-09-23 22:22:29", "elapsed": 87.806101, "delta": 0.650004}}
{"target": 0.469524501650606, "params": {"C": 751.7815798569403, "epsilon": 0.7225895010495197, "gamma": 0.008607593812938727, "lamda": 0.6444056537529788}, "datetime": {"datetime": "2021-09-23 22:22:30", "elapsed": 88.582595, "delta": 0.776494}}
{"target": 0.46904640155607824, "params": {"C": 710.4590320965981, "epsilon": 0.7780786014251571, "gamma": 0.010269320339300595, "lamda": 0.6693549088077215}, "datetime": {"datetime": "2021-09-23 22:22:31", "elapsed": 89.246591, "delta": 0.663996}}
{"target": 0.4682630349624979, "params": {"C": 709.5069938435777, "epsilon": 0.9938420894950535, "gamma": 0.006886624500372551, "lamda": 0.5381427135911416}, "datetime": {"datetime": "2021-09-23 22:22:32", "elapsed": 90.714628, "delta": 1.468037}}
