{"target": -44.008972682791594, "params": {"C": 339.8507907877869, "epsilon": 0.7204615041236807, "gamma": 0.060741248207715405, "lamda": 0.9999341443368199}, "datetime": {"datetime": "2021-09-24 19:55:27", "elapsed": 169.048159, "delta": 1.792765}}
{"target": -43.48815273590782, "params": {"C": 299.88681185183043, "epsilon": 0.3538012480833471, "gamma": 0.04859081234920558, "lamda": 1.9946252782138176}, "datetime": {"datetime": "2021-09-24 19:55:28", "elapsed": 170.299362, "delta": 1.251203}}
{"target": -42.33548556254405, "params": {"C": 277.9653232692653, "epsilon": 0.6471681020147533, "gamma": 0.01642195960633644, "lamda": 1.516193576142026}, "datetime": {"datetime": "2021-09-24 19:55:29", "elapsed": 171.510826, "delta": 1.211464}}
{"target": -42.7545913547391, "params": {"C": 293.9545511747603, "epsilon": 0.6544972230369307, "gamma": 0.027894838902505093, "lamda": 1.100085309272347}, "datetime": {"datetime": "2021-09-24 19:55:31", "elapsed": 172.815614, "delta": 1.304788}}
{"target": -43.25644131073564, "params": {"C": 270.1428651681709, "epsilon": 0.6082045352492572, "gamma": 0.040803232160075927, "lamda": 1.824392895736848}, "datetime": {"datetime": "2021-09-24 19:55:32", "elapsed": 174.257787, "delta": 1.442173}}
{"target": -42.28307602893733, "params": {"C": 338.5501742408925, "epsilon": 0.5447427110112584, "gamma": 0.017110128904182932, "lamda": 0.8181501647706249}, "datetime": {"datetime": "2021-09-24 19:55:33", "elapsed": 175.461949, "delta": 1.204162}}
{"target": -44.96269338407876, "params": {"C": 253.03148394249067, "epsilon": 0.7821784120848425, "gamma": 0.001, "lamda": 1.0280591008587996}, "datetime": {"datetime": "2021-09-24 19:55:35", "elapsed": 177.043724, "delta": 1.581775}}
{"target": -44.693901919455286, "params": {"C": 308.8347896562181, "epsilon": 0.7334748195031433, "gamma": 0.0737653040505775, "lamda": 0.7278933467557381}, "datetime": {"datetime": "2021-09-24 19:55:36", "elapsed": 178.159266, "delta": 1.115542}}
{"target": -42.42599206974276, "params": {"C": 263.7442398747258, "epsilon": 0.932638178267919, "gamma": 0.011727473916174416, "lamda": 1.6798693969703349}, "datetime": {"datetime": "2021-09-24 19:55:37", "elapsed": 179.288908, "delta": 1.129642}}
{"target": -43.15639338063556, "params": {"C": 335.5075610594231, "epsilon": 0.6251368323874772, "gamma": 0.03665951494353311, "lamda": 1.9874726552632787}, "datetime": {"datetime": "2021-09-24 19:55:38", "elapsed": 180.3476, "delta": 1.058692}}
{"target": -44.76171188786944, "params": {"C": 325.90351631786524, "epsilon": 0.6322772514505615, "gamma": 0.001, "lamda": 1.1911009661226095}, "datetime": {"datetime": "2021-09-24 19:55:40", "elapsed": 182.194283, "delta": 1.846683}}
{"target": -42.505423243342904, "params": {"C": 349.77514476129517, "epsilon": 0.807111359489487, "gamma": 0.007010944165405729, "lamda": 1.7132337044483108}, "datetime": {"datetime": "2021-09-24 19:55:41", "elapsed": 183.299153, "delta": 1.10487}}
{"target": -41.968972289700666, "params": {"C": 262.7227547728923, "epsilon": 0.428593477322201, "gamma": 0.005217814597448068, "lamda": 1.5535963817777443}, "datetime": {"datetime": "2021-09-24 19:55:43", "elapsed": 184.932634, "delta": 1.633481}}
{"target": -42.06894512824605, "params": {"C": 337.59696049723357, "epsilon": 0.9058936081919442, "gamma": 0.011189572785245884, "lamda": 0.7715329092988287}, "datetime": {"datetime": "2021-09-24 19:55:44", "elapsed": 186.143715, "delta": 1.211081}}
{"target": -43.63305709407448, "params": {"C": 286.11049752521404, "epsilon": 0.30933268384253776, "gamma": 0.0516798372679769, "lamda": 1.818464289091253}, "datetime": {"datetime": "2021-09-24 19:55:45", "elapsed": 187.32716, "delta": 1.183445}}
{"target": -44.035510499461736, "params": {"C": 319.9842356081863, "epsilon": 0.6628455047049229, "gamma": 0.06210938612613051, "lamda": 1.2624014739244518}, "datetime": {"datetime": "2021-09-24 19:55:47", "elapsed": 188.760756, "delta": 1.433596}}
{"target": -42.51140249686277, "params": {"C": 253.0712230536315, "epsilon": 0.7399837088987231, "gamma": 0.022320487657298924, "lamda": 0.9588122701525625}, "datetime": {"datetime": "2021-09-24 19:55:48", "elapsed": 190.097933, "delta": 1.337177}}
{"target": -42.51463672207044, "params": {"C": 300.4728807601052, "epsilon": 0.4232709480707206, "gamma": 0.022480829720278955, "lamda": 1.5325781451735507}, "datetime": {"datetime": "2021-09-24 19:55:51", "elapsed": 192.684106, "delta": 2.586173}}
{"target": -42.210415919814764, "params": {"C": 299.9469820075776, "epsilon": 0.35198257507131453, "gamma": 0.0153544624005061, "lamda": 1.9267135356495935}, "datetime": {"datetime": "2021-09-24 19:55:53", "elapsed": 194.769873, "delta": 2.085767}}
{"target": -42.790830096827456, "params": {"C": 300.00512439779243, "epsilon": 0.4378925494178253, "gamma": 0.029041539061612054, "lamda": 1.818101239842963}, "datetime": {"datetime": "2021-09-24 19:55:54", "elapsed": 196.486523, "delta": 1.71665}}
{"target": -43.19131990167803, "params": {"C": 336.79222675193665, "epsilon": 0.6477184621146117, "gamma": 0.03743944595815326, "lamda": 0.7117048253675782}, "datetime": {"datetime": "2021-09-24 19:55:58", "elapsed": 199.84829, "delta": 3.361767}}
{"target": -43.09090503897979, "params": {"C": 334.6736105211019, "epsilon": 0.9078198756393956, "gamma": 0.03276153102648339, "lamda": 1.778982115431269}, "datetime": {"datetime": "2021-09-24 19:56:00", "elapsed": 202.28296, "delta": 2.43467}}
{"target": -42.90838293112377, "params": {"C": 253.04748666585246, "epsilon": 0.6820081476875839, "gamma": 0.03159674444834965, "lamda": 0.991366579794167}, "datetime": {"datetime": "2021-09-24 19:56:02", "elapsed": 204.18106, "delta": 1.8981}}
{"target": -44.97195936373415, "params": {"C": 302.9329248218726, "epsilon": 0.6183099873922213, "gamma": 0.0846112566798957, "lamda": 1.7657435584305397}, "datetime": {"datetime": "2021-09-24 19:56:04", "elapsed": 205.91933, "delta": 1.73827}}
{"target": -43.22598823455442, "params": {"C": 301.92095279166904, "epsilon": 0.9969299040733526, "gamma": 0.040771110029350494, "lamda": 0.9410933334585141}, "datetime": {"datetime": "2021-09-24 19:56:05", "elapsed": 207.574567, "delta": 1.655237}}
{"target": -44.62336232413555, "params": {"C": 253.07743275805598, "epsilon": 0.7191094696562351, "gamma": 0.001, "lamda": 1.0060387980339698}, "datetime": {"datetime": "2021-09-24 19:56:08", "elapsed": 209.921256, "delta": 2.346689}}
{"target": -42.32687191605335, "params": {"C": 335.5405657510826, "epsilon": 0.6337155597898312, "gamma": 0.008030847062496325, "lamda": 2.0078823583378966}, "datetime": {"datetime": "2021-09-24 19:56:09", "elapsed": 211.398641, "delta": 1.477385}}
{"target": -43.05802744944677, "params": {"C": 300.0097892728338, "epsilon": 0.3744635394772289, "gamma": 0.03634875107822222, "lamda": 1.899483969790113}, "datetime": {"datetime": "2021-09-24 19:56:11", "elapsed": 213.088479, "delta": 1.689838}}
{"target": -43.12154118895256, "params": {"C": 277.9118753649389, "epsilon": 0.6361067017636706, "gamma": 0.03761760768112736, "lamda": 1.4996991075077384}, "datetime": {"datetime": "2021-09-24 19:56:13", "elapsed": 214.737055, "delta": 1.648576}}
{"target": -43.94240785095984, "params": {"C": 262.9035350464682, "epsilon": 0.5663070205812913, "gamma": 0.06008462853585381, "lamda": 1.6717996361864342}, "datetime": {"datetime": "2021-09-24 19:56:14", "elapsed": 215.934152, "delta": 1.197097}}
{"target": -43.253218003618954, "params": {"C": 283.55317196885267, "epsilon": 0.7102279868030171, "gamma": 0.03918609288664717, "lamda": 1.8462558377580185}, "datetime": {"datetime": "2021-09-24 19:56:15", "elapsed": 217.08969, "delta": 1.155538}}
{"target": -43.19889797632432, "params": {"C": 300.5133428333404, "epsilon": 0.4535811302090153, "gamma": 0.03974798719269087, "lamda": 1.4963179214882953}, "datetime": {"datetime": "2021-09-24 19:56:16", "elapsed": 218.632273, "delta": 1.542583}}
{"target": -42.97265649945894, "params": {"C": 342.70152105261656, "epsilon": 0.993776576035819, "gamma": 0.0020548843234277714, "lamda": 0.7353379083592132}, "datetime": {"datetime": "2021-09-24 19:56:18", "elapsed": 220.660185, "delta": 2.027912}}
{"target": -45.40439417335482, "params": {"C": 313.0430477358723, "epsilon": 0.7684051389587214, "gamma": 0.09099090070493503, "lamda": 1.8090121546500246}, "datetime": {"datetime": "2021-09-24 19:56:20", "elapsed": 221.858618, "delta": 1.198433}}
{"target": -42.191321193773895, "params": {"C": 262.77369589547675, "epsilon": 0.401550303918198, "gamma": 0.014909250310171419, "lamda": 1.5313748799186317}, "datetime": {"datetime": "2021-09-24 19:56:22", "elapsed": 223.761249, "delta": 1.902631}}
{"target": -43.50401822252016, "params": {"C": 262.72162292066923, "epsilon": 0.42061162686800835, "gamma": 0.04815336806421736, "lamda": 1.535317639632348}, "datetime": {"datetime": "2021-09-24 19:56:23", "elapsed": 225.458636, "delta": 1.697387}}
{"target": -42.91491619356987, "params": {"C": 285.31573317892514, "epsilon": 0.4346514257416125, "gamma": 0.03204600395592705, "lamda": 1.4807380236952357}, "datetime": {"datetime": "2021-09-24 19:56:25", "elapsed": 226.772506, "delta": 1.31387}}
{"target": -45.42011750355446, "params": {"C": 270.93364830889146, "epsilon": 0.761543603876791, "gamma": 0.09349674352027021, "lamda": 0.9708723594224705}, "datetime": {"datetime": "2021-09-24 19:56:26", "elapsed": 228.087484, "delta": 1.314978}}
{"target": -45.20958635832273, "params": {"C": 301.0649600087332, "epsilon": 0.9013829424822988, "gamma": 0.08892369882926389, "lamda": 0.8234915029769353}, "datetime": {"datetime": "2021-09-24 19:56:27", "elapsed": 229.464439, "delta": 1.376955}}
{"target": -42.46789380093143, "params": {"C": 253.10690752930978, "epsilon": 0.8314440932316023, "gamma": 0.021044835528929252, "lamda": 0.9938246403003204}, "datetime": {"datetime": "2021-09-24 19:56:29", "elapsed": 231.239429, "delta": 1.77499}}
{"target": -42.45015792830232, "params": {"C": 335.5164554709347, "epsilon": 0.6309040245505517, "gamma": 0.006807601470956441, "lamda": 2.0466450284845408}, "datetime": {"datetime": "2021-09-24 19:56:31", "elapsed": 233.053923, "delta": 1.814494}}
{"target": -42.94880398753328, "params": {"C": 320.51608163109694, "epsilon": 0.5565470317977741, "gamma": 0.03310819928018514, "lamda": 1.4610497216586498}, "datetime": {"datetime": "2021-09-24 19:56:32", "elapsed": 234.397519, "delta": 1.343596}}
{"target": -42.444016659673785, "params": {"C": 277.97231936481364, "epsilon": 0.6930558748893145, "gamma": 0.018648813731793112, "lamda": 1.581007427535139}, "datetime": {"datetime": "2021-09-24 19:56:34", "elapsed": 236.179806, "delta": 1.782287}}
{"target": -42.66028744277136, "params": {"C": 277.95085420719676, "epsilon": 0.5945589229240431, "gamma": 0.025095184780073998, "lamda": 1.5195128708970742}, "datetime": {"datetime": "2021-09-24 19:56:36", "elapsed": 237.816439, "delta": 1.636633}}
{"target": -42.60678927747613, "params": {"C": 277.90832164684207, "epsilon": 0.7027118012981273, "gamma": 0.004308887529286238, "lamda": 1.5348790855846022}, "datetime": {"datetime": "2021-09-24 19:56:38", "elapsed": 239.839783, "delta": 2.023344}}
{"target": -42.4288784886336, "params": {"C": 294.03779498342476, "epsilon": 0.6395870029484014, "gamma": 0.020511732370447896, "lamda": 1.2022123399420797}, "datetime": {"datetime": "2021-09-24 19:56:39", "elapsed": 241.507266, "delta": 1.667483}}
{"target": -42.938833139690736, "params": {"C": 277.97410447238826, "epsilon": 0.6970443150742418, "gamma": 0.03097614422067052, "lamda": 1.6169758100403278}, "datetime": {"datetime": "2021-09-24 19:56:41", "elapsed": 243.110567, "delta": 1.603301}}
{"target": -42.7221503514545, "params": {"C": 294.0239301018457, "epsilon": 0.6630898631485949, "gamma": 0.002515732616171008, "lamda": 1.1281259225698355}, "datetime": {"datetime": "2021-09-24 19:56:42", "elapsed": 244.64943, "delta": 1.538863}}
{"target": -42.041952565545515, "params": {"C": 342.02404331150365, "epsilon": 0.685541218358096, "gamma": 0.005330076184182313, "lamda": 1.1245660961030013}, "datetime": {"datetime": "2021-09-24 19:56:44", "elapsed": 245.80799, "delta": 1.15856}}
{"target": -42.003683479048156, "params": {"C": 325.91091770755725, "epsilon": 0.5783885922745629, "gamma": 0.00522254663463033, "lamda": 1.2308647681366067}, "datetime": {"datetime": "2021-09-24 19:56:45", "elapsed": 247.38555, "delta": 1.57756}}
{"target": -43.29144809839826, "params": {"C": 273.6658495506139, "epsilon": 0.8703357949307975, "gamma": 0.04173802359712099, "lamda": 1.28177066874291}, "datetime": {"datetime": "2021-09-24 19:56:46", "elapsed": 248.623962, "delta": 1.238412}}
{"target": -42.10004565365024, "params": {"C": 273.3875941292607, "epsilon": 0.3866939296167011, "gamma": 0.011940310547245765, "lamda": 1.8906569874229495}, "datetime": {"datetime": "2021-09-24 19:56:48", "elapsed": 250.239073, "delta": 1.615111}}
{"target": -44.88306364491881, "params": {"C": 287.14917897661957, "epsilon": 0.8484171788041626, "gamma": 0.07609042094699556, "lamda": 1.9951690818482968}, "datetime": {"datetime": "2021-09-24 19:56:49", "elapsed": 251.456036, "delta": 1.216963}}
{"target": -43.78157499755147, "params": {"C": 261.4968812165572, "epsilon": 0.7862797277669165, "gamma": 0.055122434925629404, "lamda": 1.0651756296066381}, "datetime": {"datetime": "2021-09-24 19:56:50", "elapsed": 252.666185, "delta": 1.210149}}
{"target": -43.16664761827822, "params": {"C": 300.01620861697603, "epsilon": 0.39195506075992015, "gamma": 0.039288447001059275, "lamda": 1.8060586448442397}, "datetime": {"datetime": "2021-09-24 19:56:52", "elapsed": 254.411918, "delta": 1.745733}}
{"target": -42.66803371157522, "params": {"C": 270.18144470111923, "epsilon": 0.6358689263218544, "gamma": 0.02395355139701187, "lamda": 1.7576723344945127}, "datetime": {"datetime": "2021-09-24 19:56:55", "elapsed": 256.712117, "delta": 2.300199}}
{"target": -42.555276804442926, "params": {"C": 299.94187057329015, "epsilon": 0.5053055153229578, "gamma": 0.02232806811145382, "lamda": 1.8469238283815435}, "datetime": {"datetime": "2021-09-24 19:56:57", "elapsed": 258.824645, "delta": 2.112528}}
{"target": -42.65842570774823, "params": {"C": 277.91482059122296, "epsilon": 0.6791022670647885, "gamma": 0.024380874194822297, "lamda": 1.5047860026100937}, "datetime": {"datetime": "2021-09-24 19:56:58", "elapsed": 260.41762, "delta": 1.592975}}
{"target": -44.1177615434306, "params": {"C": 289.6671626679273, "epsilon": 0.5254985945380016, "gamma": 0.0642531058944991, "lamda": 1.4813148557298739}, "datetime": {"datetime": "2021-09-24 19:57:00", "elapsed": 261.913602, "delta": 1.495982}}
{"target": -42.526377801986825, "params": {"C": 286.3587372694407, "epsilon": 0.8646956153358347, "gamma": 0.01137790312367612, "lamda": 1.9989752915351564}, "datetime": {"datetime": "2021-09-24 19:57:01", "elapsed": 263.620281, "delta": 1.706679}}
{"target": -42.5547787056149, "params": {"C": 338.5452869544773, "epsilon": 0.49033058422433373, "gamma": 0.022461175199136128, "lamda": 0.8244585137009719}, "datetime": {"datetime": "2021-09-24 19:57:04", "elapsed": 265.937239, "delta": 2.316958}}
{"target": -42.0562409927923, "params": {"C": 342.62784559731875, "epsilon": 0.9488528505729743, "gamma": 0.01086243796472201, "lamda": 0.7424263546599156}, "datetime": {"datetime": "2021-09-24 19:57:05", "elapsed": 267.626419, "delta": 1.68918}}
{"target": -45.495806225285314, "params": {"C": 260.55792162620077, "epsilon": 0.5324595785965305, "gamma": 0.09517211871911081, "lamda": 1.4174342300158693}, "datetime": {"datetime": "2021-09-24 19:57:07", "elapsed": 268.977473, "delta": 1.351054}}
{"target": -43.59893979063438, "params": {"C": 290.3571556089773, "epsilon": 0.54741991683668, "gamma": 0.05081257196948723, "lamda": 1.363554653732973}, "datetime": {"datetime": "2021-09-24 19:57:08", "elapsed": 270.33369, "delta": 1.356217}}
{"target": -42.798182128938734, "params": {"C": 286.470324393403, "epsilon": 0.8627104266913155, "gamma": 0.006884120335341493, "lamda": 1.9290299055343645}, "datetime": {"datetime": "2021-09-24 19:57:10", "elapsed": 271.935521, "delta": 1.601831}}
{"target": -44.28842120230367, "params": {"C": 286.1102161329053, "epsilon": 0.8129953255566276, "gamma": 0.06580704415394512, "lamda": 1.7031006315363548}, "datetime": {"datetime": "2021-09-24 19:57:11", "elapsed": 273.342245, "delta": 1.406724}}
{"target": -43.477112555092155, "params": {"C": 275.9616340700088, "epsilon": 0.9593876914703823, "gamma": 0.04740989183703893, "lamda": 1.0113936097243725}, "datetime": {"datetime": "2021-09-24 19:57:13", "elapsed": 274.741592, "delta": 1.399347}}
{"target": -42.9539472115525, "params": {"C": 253.49182559550323, "epsilon": 0.9374577299717894, "gamma": 0.032608974589129, "lamda": 0.7293240131453619}, "datetime": {"datetime": "2021-09-24 19:57:14", "elapsed": 276.10745, "delta": 1.365858}}
{"target": -46.479065719817925, "params": {"C": 272.6438057889719, "epsilon": 0.3150131684582649, "gamma": 0.09311883257766881, "lamda": 1.065260747256409}, "datetime": {"datetime": "2021-09-24 19:57:15", "elapsed": 277.544863, "delta": 1.437413}}
{"target": -44.438824435975334, "params": {"C": 326.7290743568708, "epsilon": 0.9132161159892354, "gamma": 0.06941756653954165, "lamda": 1.521900026911573}, "datetime": {"datetime": "2021-09-24 19:57:17", "elapsed": 278.905427, "delta": 1.360564}}
{"target": -44.05942236050159, "params": {"C": 299.972849290084, "epsilon": 0.5686948104921065, "gamma": 0.06287790036395251, "lamda": 1.853822489007576}, "datetime": {"datetime": "2021-09-24 19:57:19", "elapsed": 281.114291, "delta": 2.208864}}
{"target": -43.05781320576605, "params": {"C": 277.36518365797843, "epsilon": 0.8906318696666744, "gamma": 0.03530263864013336, "lamda": 0.74108101121498}, "datetime": {"datetime": "2021-09-24 19:57:21", "elapsed": 283.325736, "delta": 2.211445}}
{"target": -44.66948543868538, "params": {"C": 285.9063833591899, "epsilon": 0.9243433519928117, "gamma": 0.07436420787442108, "lamda": 1.5364046624013352}, "datetime": {"datetime": "2021-09-24 19:57:22", "elapsed": 284.657511, "delta": 1.331775}}
{"target": -42.57082279641601, "params": {"C": 271.46471199724976, "epsilon": 0.6254709647873734, "gamma": 0.003147675799514266, "lamda": 1.2996750740395604}, "datetime": {"datetime": "2021-09-24 19:57:25", "elapsed": 286.899351, "delta": 2.24184}}
{"target": -42.15546587250619, "params": {"C": 342.774237755144, "epsilon": 0.8877869123153772, "gamma": 0.013060810207269236, "lamda": 0.8535611341433992}, "datetime": {"datetime": "2021-09-24 19:57:27", "elapsed": 288.991628, "delta": 2.092277}}
{"target": -42.64085690445645, "params": {"C": 300.4708069219317, "epsilon": 0.46371394397542975, "gamma": 0.025308875111348165, "lamda": 1.5206277783634112}, "datetime": {"datetime": "2021-09-24 19:57:29", "elapsed": 290.965428, "delta": 1.9738}}
{"target": -43.202217727784436, "params": {"C": 283.18137109813586, "epsilon": 0.8919516161360019, "gamma": 0.03744859164587902, "lamda": 1.5001918640170908}, "datetime": {"datetime": "2021-09-24 19:57:30", "elapsed": 292.477007, "delta": 1.511579}}
{"target": -42.48757509805735, "params": {"C": 325.95295645925864, "epsilon": 0.5543047715353777, "gamma": 0.02187735088842001, "lamda": 1.1775790343314303}, "datetime": {"datetime": "2021-09-24 19:57:32", "elapsed": 294.362586, "delta": 1.885579}}
{"target": -42.240757405095025, "params": {"C": 325.8593498013008, "epsilon": 0.6326684910455898, "gamma": 0.0155768699642919, "lamda": 1.236529379394434}, "datetime": {"datetime": "2021-09-24 19:57:34", "elapsed": 296.652968, "delta": 2.290382}}
{"target": -42.80190357927749, "params": {"C": 299.90297935040934, "epsilon": 0.508371911780799, "gamma": 0.02851906704283715, "lamda": 1.8275596672082994}, "datetime": {"datetime": "2021-09-24 19:57:37", "elapsed": 298.691927, "delta": 2.038959}}
{"target": -44.23981395646935, "params": {"C": 349.11610386811213, "epsilon": 0.621254729143436, "gamma": 0.06733379349010378, "lamda": 1.259163633545044}, "datetime": {"datetime": "2021-09-24 19:57:38", "elapsed": 300.176823, "delta": 1.484896}}
{"target": -42.4941202238883, "params": {"C": 273.42698769951016, "epsilon": 0.33033610085975257, "gamma": 0.02208933592500664, "lamda": 1.9490752513179541}, "datetime": {"datetime": "2021-09-24 19:57:40", "elapsed": 302.56689, "delta": 2.390067}}
{"target": -44.24043890887889, "params": {"C": 258.1990327607011, "epsilon": 0.5653170514328621, "gamma": 0.06690111705758385, "lamda": 2.0814882629081217}, "datetime": {"datetime": "2021-09-24 19:57:42", "elapsed": 304.019424, "delta": 1.452534}}
{"target": -43.516555131265406, "params": {"C": 304.0505895320283, "epsilon": 0.36471901757029507, "gamma": 0.04915257388241369, "lamda": 1.8575270277722864}, "datetime": {"datetime": "2021-09-24 19:57:43", "elapsed": 305.511633, "delta": 1.492209}}
{"target": -42.86223533099089, "params": {"C": 338.51646845642153, "epsilon": 0.5614290057693658, "gamma": 0.02965522596574803, "lamda": 0.81330659833207}, "datetime": {"datetime": "2021-09-24 19:57:45", "elapsed": 307.633168, "delta": 2.121535}}
{"target": -45.329030132136936, "params": {"C": 286.8821853333809, "epsilon": 0.7355054742957358, "gamma": 0.09101037124882985, "lamda": 0.9385116718514745}, "datetime": {"datetime": "2021-09-24 19:57:47", "elapsed": 309.158661, "delta": 1.525493}}
{"target": -44.143175789447774, "params": {"C": 326.01705449904404, "epsilon": 0.6052662349791968, "gamma": 0.06450204175585869, "lamda": 1.2170124065423966}, "datetime": {"datetime": "2021-09-24 19:57:49", "elapsed": 311.220054, "delta": 2.061393}}
{"target": -43.422092563607585, "params": {"C": 337.6093587075668, "epsilon": 0.8738251620983442, "gamma": 0.04485163491800282, "lamda": 0.7530608781824538}, "datetime": {"datetime": "2021-09-24 19:57:51", "elapsed": 313.55802, "delta": 2.337966}}
