{"target": 0.4615428900136319, "params": {"C": 268.43656044968236, "epsilon": 0.7240607383987883, "gamma": 0.014863907442970531, "lamda": 0.5274568494531163}, "datetime": {"datetime": "2021-09-23 20:50:37", "elapsed": 111.116968, "delta": 0.713573}}
{"target": 0.4681564958179282, "params": {"C": 266.87060856831624, "epsilon": 0.8756051513922463, "gamma": 0.011750645867308309, "lamda": 0.6933750589405628}, "datetime": {"datetime": "2021-09-23 20:50:38", "elapsed": 112.147095, "delta": 1.030127}}
{"target": 0.4687838561864138, "params": {"C": 250.4155131273077, "epsilon": 0.8113106921813614, "gamma": 0.00933202343913965, "lamda": 0.7806211379581669}, "datetime": {"datetime": "2021-09-23 20:50:39", "elapsed": 112.879408, "delta": 0.732313}}
{"target": 0.4667021522792607, "params": {"C": 286.4527546578886, "epsilon": 0.7903957808396519, "gamma": 0.013508314406075046, "lamda": 0.6670383115213158}, "datetime": {"datetime": "2021-09-23 20:50:40", "elapsed": 113.674371, "delta": 0.794963}}
{"target": 0.46770395728195524, "params": {"C": 254.0809623527724, "epsilon": 0.7429656011737851, "gamma": 0.006167864057193883, "lamda": 0.6746698877588835}, "datetime": {"datetime": "2021-09-23 20:50:40", "elapsed": 114.442372, "delta": 0.768001}}
{"target": 0.466368431884536, "params": {"C": 326.48599829549386, "epsilon": 0.9238484733880349, "gamma": 0.006108062627005636, "lamda": 0.672116312216446}, "datetime": {"datetime": "2021-09-23 20:50:41", "elapsed": 115.456373, "delta": 1.014001}}
{"target": 0.46748889588358555, "params": {"C": 339.2172139410125, "epsilon": 0.7482488680325723, "gamma": 0.01257836720077526, "lamda": 0.6733004500601801}, "datetime": {"datetime": "2021-09-23 20:50:42", "elapsed": 116.335569, "delta": 0.879196}}
{"target": 0.46485985278258013, "params": {"C": 267.3989794060907, "epsilon": 0.7077491718122683, "gamma": 0.014356123055258834, "lamda": 0.6324784260597696}, "datetime": {"datetime": "2021-09-23 20:50:44", "elapsed": 117.72254, "delta": 1.386971}}
{"target": 0.46770885208260105, "params": {"C": 338.70983525994376, "epsilon": 0.9012873902510896, "gamma": 0.00683239602194994, "lamda": 0.656357572512835}, "datetime": {"datetime": "2021-09-23 20:50:45", "elapsed": 118.759542, "delta": 1.037002}}
{"target": 0.46895537862158265, "params": {"C": 309.9966787976161, "epsilon": 0.9350158979971894, "gamma": 0.008126440391145719, "lamda": 0.5968281261420203}, "datetime": {"datetime": "2021-09-23 20:50:46", "elapsed": 119.832541, "delta": 1.072999}}
{"target": 0.4681844932533247, "params": {"C": 314.7017407587965, "epsilon": 0.7640804720524421, "gamma": 0.011786877675023807, "lamda": 0.7642786850500838}, "datetime": {"datetime": "2021-09-23 20:50:47", "elapsed": 120.601664, "delta": 0.769123}}
{"target": 0.4684001990763883, "params": {"C": 311.51095076809054, "epsilon": 0.830912197045541, "gamma": 0.007128438065052863, "lamda": 0.660780045269108}, "datetime": {"datetime": "2021-09-23 20:50:47", "elapsed": 121.299705, "delta": 0.698041}}
{"target": 0.46800144108067254, "params": {"C": 306.946151752321, "epsilon": 0.8042526670430044, "gamma": 0.011947639204830617, "lamda": 0.7903147056335691}, "datetime": {"datetime": "2021-09-23 20:50:48", "elapsed": 122.076934, "delta": 0.777229}}
{"target": 0.4673560781248134, "params": {"C": 333.2004474454923, "epsilon": 0.9562751215425607, "gamma": 0.007529849314102215, "lamda": 0.7353724133535029}, "datetime": {"datetime": "2021-09-23 20:50:49", "elapsed": 122.848937, "delta": 0.772003}}
{"target": 0.46948498246182724, "params": {"C": 327.6648229012154, "epsilon": 0.9147314711699939, "gamma": 0.00871510244147241, "lamda": 0.5179108825110446}, "datetime": {"datetime": "2021-09-23 20:50:50", "elapsed": 123.885941, "delta": 1.037004}}
{"target": 0.46927194972379227, "params": {"C": 305.95602355288173, "epsilon": 0.8240138942262316, "gamma": 0.0072081175641327405, "lamda": 0.5071390747970842}, "datetime": {"datetime": "2021-09-23 20:50:51", "elapsed": 124.793936, "delta": 0.907995}}
{"target": 0.4652081425223902, "params": {"C": 255.50214270956218, "epsilon": 0.8728261373416009, "gamma": 0.014174568136376027, "lamda": 0.535534617363365}, "datetime": {"datetime": "2021-09-23 20:50:52", "elapsed": 125.743564, "delta": 0.949628}}
{"target": 0.4684259399330577, "params": {"C": 338.8502486934573, "epsilon": 0.8820339257219724, "gamma": 0.006768696035153296, "lamda": 0.5695539214737874}, "datetime": {"datetime": "2021-09-23 20:50:53", "elapsed": 126.586, "delta": 0.842436}}
{"target": 0.46759643999720846, "params": {"C": 251.35357154395462, "epsilon": 0.7352291855805466, "gamma": 0.011390918732643442, "lamda": 0.6109069370551884}, "datetime": {"datetime": "2021-09-23 20:50:53", "elapsed": 127.44616, "delta": 0.86016}}
{"target": 0.4664155442225498, "params": {"C": 342.6591238225178, "epsilon": 0.7417196226427412, "gamma": 0.0052841803967287135, "lamda": 0.6403776970185637}, "datetime": {"datetime": "2021-09-23 20:50:55", "elapsed": 128.57468, "delta": 1.12852}}
{"target": 0.46877284079692216, "params": {"C": 321.27058150671473, "epsilon": 0.9140328247227184, "gamma": 0.01013294070369592, "lamda": 0.6772439364659748}, "datetime": {"datetime": "2021-09-23 20:50:56", "elapsed": 129.579589, "delta": 1.004909}}
{"target": 0.46768225458570045, "params": {"C": 274.992162982309, "epsilon": 0.8332649900100447, "gamma": 0.007110050249962068, "lamda": 0.7534172600045843}, "datetime": {"datetime": "2021-09-23 20:50:56", "elapsed": 130.392935, "delta": 0.813346}}
{"target": 0.4674397712044137, "params": {"C": 322.26778595532465, "epsilon": 0.7265007471113651, "gamma": 0.012275307396381274, "lamda": 0.6005674325436321}, "datetime": {"datetime": "2021-09-23 20:50:57", "elapsed": 131.407161, "delta": 1.014226}}
{"target": 0.4678388112715578, "params": {"C": 303.78294620901227, "epsilon": 0.8806365780196621, "gamma": 0.012139266856703069, "lamda": 0.569749933514042}, "datetime": {"datetime": "2021-09-23 20:50:58", "elapsed": 132.45805, "delta": 1.050889}}
{"target": 0.4680482569041772, "params": {"C": 265.13051867534153, "epsilon": 0.9288056615500844, "gamma": 0.009231598406347647, "lamda": 0.7922699850262496}, "datetime": {"datetime": "2021-09-23 20:50:59", "elapsed": 133.361433, "delta": 0.903383}}
{"target": 0.46595176233502367, "params": {"C": 250.10072760580604, "epsilon": 0.7123781462811283, "gamma": 0.01395342135245883, "lamda": 0.6969810277936748}, "datetime": {"datetime": "2021-09-23 20:51:01", "elapsed": 134.690732, "delta": 1.329299}}
{"target": 0.46780696086742146, "params": {"C": 329.2917343861329, "epsilon": 0.9368486867644972, "gamma": 0.01165383960545726, "lamda": 0.7814330384960013}, "datetime": {"datetime": "2021-09-23 20:51:02", "elapsed": 135.921544, "delta": 1.230812}}
{"target": 0.4654525629254407, "params": {"C": 264.7430482189979, "epsilon": 0.8203077196276907, "gamma": 0.0056399439787470215, "lamda": 0.7603732962910387}, "datetime": {"datetime": "2021-09-23 20:51:03", "elapsed": 137.37342, "delta": 1.451876}}
{"target": 0.46671195784076014, "params": {"C": 330.89688862135034, "epsilon": 0.8348344625533219, "gamma": 0.013403691805020254, "lamda": 0.6088210162632499}, "datetime": {"datetime": "2021-09-23 20:51:04", "elapsed": 138.437311, "delta": 1.063891}}
{"target": 0.4660209827640063, "params": {"C": 289.7548911513908, "epsilon": 0.9642962145571403, "gamma": 0.014543492423758301, "lamda": 0.6995568202629427}, "datetime": {"datetime": "2021-09-23 20:51:05", "elapsed": 139.310289, "delta": 0.872978}}
{"target": 0.466582493566871, "params": {"C": 274.18126234896056, "epsilon": 0.7869403077633347, "gamma": 0.013883997349706731, "lamda": 0.785044466626384}, "datetime": {"datetime": "2021-09-23 20:51:06", "elapsed": 140.339705, "delta": 1.029416}}
{"target": 0.4693120547359322, "params": {"C": 341.59588529081276, "epsilon": 0.8000050265710407, "gamma": 0.008823923006318953, "lamda": 0.6575524035598803}, "datetime": {"datetime": "2021-09-23 20:51:07", "elapsed": 141.305144, "delta": 0.965439}}
{"target": 0.4692203266169852, "params": {"C": 307.81340339310407, "epsilon": 0.9708636185019088, "gamma": 0.007736582678115332, "lamda": 0.5013850407863795}, "datetime": {"datetime": "2021-09-23 20:51:08", "elapsed": 142.194192, "delta": 0.889048}}
{"target": 0.468846242371741, "params": {"C": 308.3961937560691, "epsilon": 0.9313251702506702, "gamma": 0.00883521577431103, "lamda": 0.6532472746478846}, "datetime": {"datetime": "2021-09-23 20:51:09", "elapsed": 143.066727, "delta": 0.872535}}
{"target": 0.46851306378533053, "params": {"C": 288.48683530411927, "epsilon": 0.845157616449256, "gamma": 0.010892904603755279, "lamda": 0.7486067478465143}, "datetime": {"datetime": "2021-09-23 20:51:10", "elapsed": 144.043295, "delta": 0.976568}}
{"target": 0.46919242164521247, "params": {"C": 275.5708464707838, "epsilon": 0.7389814853799657, "gamma": 0.00803991616111471, "lamda": 0.5770625117013111}, "datetime": {"datetime": "2021-09-23 20:51:11", "elapsed": 144.95095, "delta": 0.907655}}
{"target": 0.46633872811950083, "params": {"C": 313.30466091030246, "epsilon": 0.9642906722578146, "gamma": 0.005341920041093419, "lamda": 0.5112931855058311}, "datetime": {"datetime": "2021-09-23 20:51:12", "elapsed": 145.852508, "delta": 0.901558}}
{"target": 0.46752976206469465, "params": {"C": 280.66319644721835, "epsilon": 0.8195264291344763, "gamma": 0.005991115478843562, "lamda": 0.6011270550095649}, "datetime": {"datetime": "2021-09-23 20:51:14", "elapsed": 147.600464, "delta": 1.747956}}
{"target": 0.46601791697595984, "params": {"C": 316.31236254597707, "epsilon": 0.7172454514335681, "gamma": 0.014038478124635632, "lamda": 0.6917301642868517}, "datetime": {"datetime": "2021-09-23 20:51:15", "elapsed": 148.606509, "delta": 1.006045}}
{"target": 0.4671910211910386, "params": {"C": 288.3401477460972, "epsilon": 0.798171733567213, "gamma": 0.01312333571678798, "lamda": 0.737479901750929}, "datetime": {"datetime": "2021-09-23 20:51:16", "elapsed": 149.526568, "delta": 0.920059}}
{"target": 0.46721206156094763, "params": {"C": 347.3066588292941, "epsilon": 0.9372918996877827, "gamma": 0.013092168759493327, "lamda": 0.6611069908101825}, "datetime": {"datetime": "2021-09-23 20:51:17", "elapsed": 150.678432, "delta": 1.151864}}
{"target": 0.4665972691714577, "params": {"C": 244.30756127663446, "epsilon": 0.7764165835638505, "gamma": 0.011178936194288676, "lamda": 0.5369312204116741}, "datetime": {"datetime": "2021-09-23 20:51:18", "elapsed": 151.806404, "delta": 1.127972}}
{"target": 0.46870360633519015, "params": {"C": 283.0794081265565, "epsilon": 0.9594708938005916, "gamma": 0.009985128234700812, "lamda": 0.66412525544872}, "datetime": {"datetime": "2021-09-23 20:51:19", "elapsed": 152.997837, "delta": 1.191433}}
{"target": 0.46567893720076636, "params": {"C": 331.4087354116701, "epsilon": 0.8299364708682742, "gamma": 0.014875647871881136, "lamda": 0.7558062831026681}, "datetime": {"datetime": "2021-09-23 20:51:20", "elapsed": 153.908843, "delta": 0.911006}}
{"target": 0.46711255135681484, "params": {"C": 271.8740081710536, "epsilon": 0.8933182333604773, "gamma": 0.013032562940295013, "lamda": 0.5844122344043844}, "datetime": {"datetime": "2021-09-23 20:51:21", "elapsed": 155.059425, "delta": 1.150582}}
{"target": 0.46795199893244965, "params": {"C": 316.72180790175935, "epsilon": 0.9437030528955375, "gamma": 0.011796488060976582, "lamda": 0.7181025992406538}, "datetime": {"datetime": "2021-09-23 20:51:22", "elapsed": 156.114992, "delta": 1.055567}}
{"target": 0.4657323286621219, "params": {"C": 337.73459399244894, "epsilon": 0.9843283812035081, "gamma": 0.014837392437400492, "lamda": 0.6619648638906295}, "datetime": {"datetime": "2021-09-23 20:51:23", "elapsed": 157.134673, "delta": 1.019681}}
{"target": 0.4648460810755777, "params": {"C": 264.47475650592963, "epsilon": 0.9952062026490114, "gamma": 0.0050278748010538984, "lamda": 0.5621658958772329}, "datetime": {"datetime": "2021-09-23 20:51:24", "elapsed": 158.107641, "delta": 0.972968}}
{"target": 0.4688522604547196, "params": {"C": 285.2377808665529, "epsilon": 0.7945193515066846, "gamma": 0.006867229056721411, "lamda": 0.5478716508921531}, "datetime": {"datetime": "2021-09-23 20:51:25", "elapsed": 159.295866, "delta": 1.188225}}
{"target": 0.4662737599079736, "params": {"C": 246.13059193916857, "epsilon": 0.853043818957536, "gamma": 0.01347065285511102, "lamda": 0.5777902191182971}, "datetime": {"datetime": "2021-09-23 20:51:26", "elapsed": 160.481288, "delta": 1.185422}}
{"target": 0.46807379891148426, "params": {"C": 321.0035152086344, "epsilon": 0.8696098559592584, "gamma": 0.008251035335390153, "lamda": 0.7873180165713334}, "datetime": {"datetime": "2021-09-23 20:51:28", "elapsed": 161.510939, "delta": 1.029651}}
{"target": 0.4695998960342743, "params": {"C": 333.59409503232575, "epsilon": 0.8574744297700041, "gamma": 0.008327917420650727, "lamda": 0.5012989480402377}, "datetime": {"datetime": "2021-09-23 20:51:29", "elapsed": 162.700805, "delta": 1.189866}}
{"target": 0.469055829049819, "params": {"C": 244.59518507701003, "epsilon": 0.8550040782606712, "gamma": 0.008155158661391035, "lamda": 0.5691177012345917}, "datetime": {"datetime": "2021-09-23 20:51:30", "elapsed": 164.025, "delta": 1.324195}}
{"target": 0.46561325360618167, "params": {"C": 303.63131481345073, "epsilon": 0.7632030162109802, "gamma": 0.014367100861483136, "lamda": 0.6448748820441526}, "datetime": {"datetime": "2021-09-23 20:51:31", "elapsed": 165.056452, "delta": 1.031452}}
{"target": 0.46916734913178015, "params": {"C": 286.17625358465534, "epsilon": 0.7258739255109337, "gamma": 0.009587433126622372, "lamda": 0.5944256880589949}, "datetime": {"datetime": "2021-09-23 20:51:32", "elapsed": 166.241705, "delta": 1.185253}}
{"target": 0.46642695313688565, "params": {"C": 295.5134383587429, "epsilon": 0.7556349211424841, "gamma": 0.005448986134866887, "lamda": 0.6690756848255157}, "datetime": {"datetime": "2021-09-23 20:51:33", "elapsed": 167.284411, "delta": 1.042706}}
{"target": 0.46744658687997387, "params": {"C": 340.79051793163165, "epsilon": 0.9495515274352254, "gamma": 0.008279193787575535, "lamda": 0.7975567198634803}, "datetime": {"datetime": "2021-09-23 20:51:35", "elapsed": 169.055345, "delta": 1.770934}}
{"target": 0.46929169306744467, "params": {"C": 341.22644955799143, "epsilon": 0.8680975528837034, "gamma": 0.008288765506130523, "lamda": 0.5892605791018682}, "datetime": {"datetime": "2021-09-23 20:51:36", "elapsed": 170.121357, "delta": 1.066012}}
{"target": 0.4668596305069209, "params": {"C": 268.79977875494586, "epsilon": 0.8752331959929119, "gamma": 0.005817900809847739, "lamda": 0.605214318403668}, "datetime": {"datetime": "2021-09-23 20:51:37", "elapsed": 171.450407, "delta": 1.32905}}
{"target": 0.4687903756734778, "params": {"C": 347.2841098401056, "epsilon": 0.8669244973179967, "gamma": 0.006913644960022747, "lamda": 0.5447093223354461}, "datetime": {"datetime": "2021-09-23 20:51:39", "elapsed": 172.715082, "delta": 1.264675}}
{"target": 0.4680334117498134, "params": {"C": 288.5630682390523, "epsilon": 0.7141971850297963, "gamma": 0.011838281370361591, "lamda": 0.6653063586940556}, "datetime": {"datetime": "2021-09-23 20:51:40", "elapsed": 174.243339, "delta": 1.528257}}
{"target": 0.4671245421141391, "params": {"C": 330.4742454802595, "epsilon": 0.7032116930557518, "gamma": 0.012967730083720774, "lamda": 0.7105788173018449}, "datetime": {"datetime": "2021-09-23 20:51:42", "elapsed": 175.55083, "delta": 1.307491}}
{"target": 0.46843979195900254, "params": {"C": 288.38295524163016, "epsilon": 0.9962971894002653, "gamma": 0.008534985784274269, "lamda": 0.6551140180679336}, "datetime": {"datetime": "2021-09-23 20:51:43", "elapsed": 176.717536, "delta": 1.166706}}
{"target": 0.4677457768991662, "params": {"C": 338.9183527461572, "epsilon": 0.8660257555385023, "gamma": 0.01232317815498844, "lamda": 0.6073484856813192}, "datetime": {"datetime": "2021-09-23 20:51:44", "elapsed": 178.314759, "delta": 1.597223}}
{"target": 0.46952672955355523, "params": {"C": 347.27954538170144, "epsilon": 0.8359364917864911, "gamma": 0.009096598843290678, "lamda": 0.5105055537602726}, "datetime": {"datetime": "2021-09-23 20:51:45", "elapsed": 179.329937, "delta": 1.015178}}
{"target": 0.46673274679006493, "params": {"C": 291.63072814908645, "epsilon": 0.7718967213350937, "gamma": 0.013364055187077343, "lamda": 0.649859728397894}, "datetime": {"datetime": "2021-09-23 20:51:47", "elapsed": 180.718674, "delta": 1.388737}}
{"target": 0.46812288073258024, "params": {"C": 349.3709748464061, "epsilon": 0.96418896248272, "gamma": 0.007216450671884563, "lamda": 0.6105343535395137}, "datetime": {"datetime": "2021-09-23 20:51:48", "elapsed": 182.174469, "delta": 1.455795}}
{"target": 0.4682994932407426, "params": {"C": 343.9213229671476, "epsilon": 0.8657826532733606, "gamma": 0.011599304391649485, "lamda": 0.6118228221574022}, "datetime": {"datetime": "2021-09-23 20:51:49", "elapsed": 183.437754, "delta": 1.263285}}
{"target": 0.4688612468512682, "params": {"C": 337.40519166498177, "epsilon": 0.8048897332905393, "gamma": 0.006627285747897266, "lamda": 0.5253178924508481}, "datetime": {"datetime": "2021-09-23 20:51:51", "elapsed": 184.544098, "delta": 1.106344}}
{"target": 0.46733425684225105, "params": {"C": 331.13796451693105, "epsilon": 0.8055967218058011, "gamma": 0.005756514314700364, "lamda": 0.587766152449678}, "datetime": {"datetime": "2021-09-23 20:51:52", "elapsed": 186.047038, "delta": 1.50294}}
{"target": 0.4674104699074293, "params": {"C": 304.7182686218399, "epsilon": 0.8857749226442042, "gamma": 0.012350030712179546, "lamda": 0.5059771457333725}, "datetime": {"datetime": "2021-09-23 20:51:53", "elapsed": 187.258038, "delta": 1.211}}
{"target": 0.46553097493764384, "params": {"C": 255.1186638621984, "epsilon": 0.9711306478291082, "gamma": 0.0060835832238560015, "lamda": 0.7099720136365003}, "datetime": {"datetime": "2021-09-23 20:51:55", "elapsed": 188.546931, "delta": 1.288893}}
{"target": 0.4684343629280088, "params": {"C": 340.6723774534625, "epsilon": 0.9827549583441749, "gamma": 0.006726618923523577, "lamda": 0.5027462771220013}, "datetime": {"datetime": "2021-09-23 20:51:56", "elapsed": 189.867048, "delta": 1.320117}}
{"target": 0.4694742838581576, "params": {"C": 323.75454703062985, "epsilon": 0.8401412405699504, "gamma": 0.008940049352464239, "lamda": 0.566359784605952}, "datetime": {"datetime": "2021-09-23 20:51:57", "elapsed": 191.231941, "delta": 1.364893}}
{"target": 0.4649617712904508, "params": {"C": 349.7526592374247, "epsilon": 0.9173334397812087, "gamma": 0.00560716607731371, "lamda": 0.7171215080960667}, "datetime": {"datetime": "2021-09-23 20:51:58", "elapsed": 192.409655, "delta": 1.177714}}
{"target": 0.4670797138068743, "params": {"C": 258.04513266797517, "epsilon": 0.7894696351936668, "gamma": 0.012436706773762584, "lamda": 0.5889813654044058}, "datetime": {"datetime": "2021-09-23 20:51:59", "elapsed": 193.380633, "delta": 0.970978}}
{"target": 0.4675502161377296, "params": {"C": 336.3566565469569, "epsilon": 0.9596686892251189, "gamma": 0.0060292497762874635, "lamda": 0.5153284805640347}, "datetime": {"datetime": "2021-09-23 20:52:00", "elapsed": 194.497948, "delta": 1.117315}}
{"target": 0.46911423426344656, "params": {"C": 279.72154727773545, "epsilon": 0.7039997216468019, "gamma": 0.010119175481613826, "lamda": 0.7396709190909828}, "datetime": {"datetime": "2021-09-23 20:52:01", "elapsed": 195.453711, "delta": 0.955763}}
{"target": 0.4685759792511085, "params": {"C": 316.98265916900493, "epsilon": 0.8555052163021097, "gamma": 0.011172665265265707, "lamda": 0.6205146015552397}, "datetime": {"datetime": "2021-09-23 20:52:03", "elapsed": 196.58101, "delta": 1.127299}}
{"target": 0.46754508776696113, "params": {"C": 278.7665534708175, "epsilon": 0.8921550130097562, "gamma": 0.012538273599746078, "lamda": 0.5819373815852152}, "datetime": {"datetime": "2021-09-23 20:52:04", "elapsed": 198.166418, "delta": 1.585408}}
{"target": 0.46516533956256123, "params": {"C": 266.04599634856237, "epsilon": 0.917865307031746, "gamma": 0.005023888721147052, "lamda": 0.5806122757367369}, "datetime": {"datetime": "2021-09-23 20:52:07", "elapsed": 200.955811, "delta": 2.789393}}
{"target": 0.4670646722487404, "params": {"C": 284.38409473421086, "epsilon": 0.9813992228736712, "gamma": 0.013204116487357347, "lamda": 0.697370967879172}, "datetime": {"datetime": "2021-09-23 20:52:09", "elapsed": 202.533416, "delta": 1.577605}}
{"target": 0.46792266807981664, "params": {"C": 301.8077119021219, "epsilon": 0.917356344025485, "gamma": 0.011525312037925587, "lamda": 0.7818579925817877}, "datetime": {"datetime": "2021-09-23 20:52:10", "elapsed": 204.280654, "delta": 1.747238}}
{"target": 0.4695986157829448, "params": {"C": 335.4714494271303, "epsilon": 0.8490221980491193, "gamma": 0.008680752116985177, "lamda": 0.502508176864481}, "datetime": {"datetime": "2021-09-23 20:52:11", "elapsed": 205.415501, "delta": 1.134847}}
{"target": 0.46297478318474683, "params": {"C": 251.67905252834555, "epsilon": 0.8040142979927545, "gamma": 0.014378859852041615, "lamda": 0.5144903863064554}, "datetime": {"datetime": "2021-09-23 20:52:13", "elapsed": 207.210229, "delta": 1.794728}}
{"target": 0.4693569919518268, "params": {"C": 320.9356681186735, "epsilon": 0.7022689472524515, "gamma": 0.00811923730143408, "lamda": 0.5358645584657489}, "datetime": {"datetime": "2021-09-23 20:52:15", "elapsed": 208.798916, "delta": 1.588687}}
{"target": 0.4669372514173332, "params": {"C": 298.22621730405984, "epsilon": 0.8364185660252377, "gamma": 0.013445581482817746, "lamda": 0.7283736196636871}, "datetime": {"datetime": "2021-09-23 20:52:16", "elapsed": 209.818995, "delta": 1.020079}}
{"target": 0.46917414811598324, "params": {"C": 297.11304807083593, "epsilon": 0.9986842446028654, "gamma": 0.009017283841348533, "lamda": 0.5516628571696816}, "datetime": {"datetime": "2021-09-23 20:52:17", "elapsed": 210.984313, "delta": 1.165318}}
