{"target": 0.46643237543474947, "params": {"C": 237.2485402973584, "epsilon": 0.6422220110734651, "gamma": 0.008883171658317604, "lamda": 0.5918427053477195}, "datetime": {"datetime": "2021-09-23 20:08:01", "elapsed": 778.322674, "delta": 1.981958}}
{"target": 0.4420788489037435, "params": {"C": 211.39133896861577, "epsilon": 0.9375284423835777, "gamma": 0.001369376390563326, "lamda": 0.5995562687467477}, "datetime": {"datetime": "2021-09-23 20:08:04", "elapsed": 781.416458, "delta": 3.093784}}
{"target": 0.46789616295307923, "params": {"C": 242.3676687980592, "epsilon": 0.9060808256632957, "gamma": 0.006399219080310297, "lamda": 0.5189551251685458}, "datetime": {"datetime": "2021-09-23 20:08:07", "elapsed": 784.91638, "delta": 3.499922}}
{"target": 0.46865969146009, "params": {"C": 219.5593907988092, "epsilon": 0.8708616529620223, "gamma": 0.008464093853806032, "lamda": 0.573163596464775}, "datetime": {"datetime": "2021-09-23 20:08:11", "elapsed": 788.257014, "delta": 3.340634}}
{"target": 0.4658982755252652, "params": {"C": 237.23910954805388, "epsilon": 0.6213143801295558, "gamma": 0.00809543001361122, "lamda": 0.5800301589052703}, "datetime": {"datetime": "2021-09-23 20:08:14", "elapsed": 791.776884, "delta": 3.51987}}
{"target": 0.46737637328917025, "params": {"C": 202.92022026734125, "epsilon": 0.9358897681464183, "gamma": 0.006754014781075659, "lamda": 0.531474922823246}, "datetime": {"datetime": "2021-09-23 20:08:16", "elapsed": 793.671705, "delta": 1.894821}}
{"target": 0.46122259695033074, "params": {"C": 213.22982386158375, "epsilon": 0.8971986038643955, "gamma": 0.003689845151750948, "lamda": 0.5334962999381276}, "datetime": {"datetime": "2021-09-23 20:08:20", "elapsed": 797.02284, "delta": 3.351135}}
{"target": 0.4430324466226696, "params": {"C": 218.08846481826095, "epsilon": 0.6718100715777946, "gamma": 0.01671633030312675, "lamda": 0.3708160788051677}, "datetime": {"datetime": "2021-09-23 20:08:22", "elapsed": 799.279288, "delta": 2.256448}}
{"target": 0.4685892350717412, "params": {"C": 244.9990565191219, "epsilon": 0.8887259520234857, "gamma": 0.008660122487561865, "lamda": 0.4921650306554793}, "datetime": {"datetime": "2021-09-23 20:08:24", "elapsed": 801.471984, "delta": 2.192696}}
{"target": 0.45213139101891997, "params": {"C": 238.5660321633373, "epsilon": 0.5103759746797008, "gamma": 0.013039316463599234, "lamda": 0.4995215530154447}, "datetime": {"datetime": "2021-09-23 20:18:33", "elapsed": 0.0, "delta": 0.0}}
{"target": 0.45908705562939167, "params": {"C": 224.92535061512953, "epsilon": 0.6123983227654238, "gamma": 0.004763194430432856, "lamda": 0.5042122848795835}, "datetime": {"datetime": "2021-09-23 20:18:33", "elapsed": 0.29358, "delta": 0.29358}}
{"target": 0.45444112213899335, "params": {"C": 208.45554182812677, "epsilon": 0.5441699070870052, "gamma": 0.014021836548988146, "lamda": 0.5813573384779747}, "datetime": {"datetime": "2021-09-23 20:18:33", "elapsed": 0.607615, "delta": 0.314035}}
{"target": 0.45188049717738843, "params": {"C": 200.1974133163957, "epsilon": 0.7560961316928883, "gamma": 0.016439798271390155, "lamda": 0.4450104267317553}, "datetime": {"datetime": "2021-09-23 20:18:34", "elapsed": 0.936774, "delta": 0.329159}}
{"target": 0.4498126392402132, "params": {"C": 236.08776587158997, "epsilon": 0.6459380340853166, "gamma": 0.018437708327745925, "lamda": 0.4858303133590762}, "datetime": {"datetime": "2021-09-23 20:18:34", "elapsed": 1.222771, "delta": 0.285997}}
{"target": 0.46484982233600225, "params": {"C": 222.1552992958005, "epsilon": 0.7129156727539099, "gamma": 0.010738309829726005, "lamda": 0.550201356535158}, "datetime": {"datetime": "2021-09-23 20:18:35", "elapsed": 1.842768, "delta": 0.619997}}
{"target": 0.42392591980063443, "params": {"C": 218.72494857707477, "epsilon": 0.5, "gamma": 0.02, "lamda": 0.2}, "datetime": {"datetime": "2021-09-23 20:18:36", "elapsed": 2.859595, "delta": 1.016827}}
{"target": 0.45313981000802694, "params": {"C": 223.24411865218246, "epsilon": 0.6287453057323309, "gamma": 0.012398052484035173, "lamda": 0.4251095621143587}, "datetime": {"datetime": "2021-09-23 20:18:36", "elapsed": 3.365579, "delta": 0.505984}}
{"target": 0.4657174369935454, "params": {"C": 221.4116716730707, "epsilon": 0.9947317186689896, "gamma": 0.00989777955667722, "lamda": 0.4033567604031711}, "datetime": {"datetime": "2021-09-23 20:18:37", "elapsed": 3.934379, "delta": 0.5688}}
{"target": 0.4636893163749529, "params": {"C": 226.7848610634516, "epsilon": 0.6305656921200322, "gamma": 0.009643025157510674, "lamda": 0.5499708257019732}, "datetime": {"datetime": "2021-09-23 20:18:37", "elapsed": 4.451458, "delta": 0.517079}}
{"target": 0.44993302872256336, "params": {"C": 228.53696620401678, "epsilon": 0.9451938895498129, "gamma": 0.010983653975831877, "lamda": 0.22265954777402022}, "datetime": {"datetime": "2021-09-23 20:18:38", "elapsed": 5.151177, "delta": 0.699719}}
{"target": 0.4674911975225773, "params": {"C": 211.70113353636756, "epsilon": 0.9890550465557273, "gamma": 0.011975364233375335, "lamda": 0.549092007482705}, "datetime": {"datetime": "2021-09-23 20:18:39", "elapsed": 6.149175, "delta": 0.997998}}
{"target": 0.4476111453500089, "params": {"C": 212.9994588248427, "epsilon": 0.6154564736985393, "gamma": 0.007473273499926412, "lamda": 0.23417485278067476}, "datetime": {"datetime": "2021-09-23 20:18:40", "elapsed": 6.820051, "delta": 0.670876}}
{"target": 0.4662822810885979, "params": {"C": 210.79084711865397, "epsilon": 1.0, "gamma": 0.014082651471027387, "lamda": 0.6}, "datetime": {"datetime": "2021-09-23 20:18:40", "elapsed": 7.265055, "delta": 0.445004}}
{"target": 0.4635780017987031, "params": {"C": 249.9872833689301, "epsilon": 0.9423552512405404, "gamma": 0.009467035998494588, "lamda": 0.335881177140335}, "datetime": {"datetime": "2021-09-23 20:18:41", "elapsed": 7.908049, "delta": 0.642994}}
{"target": 0.44902666213015374, "params": {"C": 248.45140403761025, "epsilon": 0.5694263771708566, "gamma": 0.002706377307626355, "lamda": 0.4049738254903509}, "datetime": {"datetime": "2021-09-23 20:18:42", "elapsed": 8.873422, "delta": 0.965373}}
{"target": 0.4416593638756976, "params": {"C": 211.26947221149914, "epsilon": 0.5112132987914528, "gamma": 0.012134514520134542, "lamda": 0.2939861516738767}, "datetime": {"datetime": "2021-09-23 20:18:42", "elapsed": 9.460426, "delta": 0.587004}}
{"target": 0.45195397473517185, "params": {"C": 220.24619350359916, "epsilon": 0.5219951885551649, "gamma": 0.012218282229971917, "lamda": 0.48830711086570716}, "datetime": {"datetime": "2021-09-23 20:18:43", "elapsed": 10.090425, "delta": 0.629999}}
{"target": 0.46321480823232297, "params": {"C": 223.94645340753996, "epsilon": 0.713339834382729, "gamma": 0.013146366387895774, "lamda": 0.5826309686184172}, "datetime": {"datetime": "2021-09-23 20:18:43", "elapsed": 10.41843, "delta": 0.328005}}
{"target": 0.45580310765122845, "params": {"C": 213.94914145661033, "epsilon": 0.7335183386393255, "gamma": 0.003756385012692779, "lamda": 0.4348835179198833}, "datetime": {"datetime": "2021-09-23 20:18:44", "elapsed": 10.856923, "delta": 0.438493}}
{"target": 0.46594346090050853, "params": {"C": 231.3674858335014, "epsilon": 0.9177670912071123, "gamma": 0.010503399183875484, "lamda": 0.4400929552396484}, "datetime": {"datetime": "2021-09-23 20:18:44", "elapsed": 11.360925, "delta": 0.504002}}
{"target": 0.4466145906589729, "params": {"C": 232.00248864064386, "epsilon": 0.6319511383621672, "gamma": 0.003963509632099656, "lamda": 0.2640163535662782}, "datetime": {"datetime": "2021-09-23 20:18:45", "elapsed": 11.843924, "delta": 0.482999}}
{"target": 0.4302115721927512, "params": {"C": 203.19021067246987, "epsilon": 0.6932033623430243, "gamma": 0.019771014641200815, "lamda": 0.28706170975885265}, "datetime": {"datetime": "2021-09-23 20:18:45", "elapsed": 12.329526, "delta": 0.485602}}
{"target": 0.4564515115864348, "params": {"C": 223.47057419331804, "epsilon": 0.9836509975489838, "gamma": 0.009494900046745827, "lamda": 0.2639040235137754}, "datetime": {"datetime": "2021-09-23 20:18:46", "elapsed": 13.1979, "delta": 0.868374}}
{"target": 0.42796959617750274, "params": {"C": 226.56791333285832, "epsilon": 0.5983927385172964, "gamma": 0.018944330866657193, "lamda": 0.27933923478250694}, "datetime": {"datetime": "2021-09-23 20:18:46", "elapsed": 13.616901, "delta": 0.419001}}
{"target": 0.4372692135347874, "params": {"C": 215.5265560036828, "epsilon": 0.6676685959346311, "gamma": 0.01993940755276604, "lamda": 0.37912771768127723}, "datetime": {"datetime": "2021-09-23 20:18:47", "elapsed": 14.015341, "delta": 0.39844}}
{"target": 0.44599046522333574, "params": {"C": 204.5328466850631, "epsilon": 0.6311147635087786, "gamma": 0.002208722133983829, "lamda": 0.434812624369105}, "datetime": {"datetime": "2021-09-23 20:18:47", "elapsed": 14.413913, "delta": 0.398572}}
{"target": 0.45998874248522803, "params": {"C": 233.40078627679264, "epsilon": 0.9719820976069068, "gamma": 0.01805992082905038, "lamda": 0.49987190175259233}, "datetime": {"datetime": "2021-09-23 20:18:48", "elapsed": 15.141797, "delta": 0.727884}}
{"target": 0.4543560967739345, "params": {"C": 235.4855754675812, "epsilon": 0.6040838141645576, "gamma": 0.013160047851744263, "lamda": 0.4614621155082336}, "datetime": {"datetime": "2021-09-23 20:18:48", "elapsed": 15.543794, "delta": 0.401997}}
{"target": 0.45762168435627026, "params": {"C": 229.60429766615397, "epsilon": 0.8890855629704592, "gamma": 0.016898453876815437, "lamda": 0.4539340098458345}, "datetime": {"datetime": "2021-09-23 20:18:49", "elapsed": 15.916828, "delta": 0.373034}}
{"target": 0.4393054308895815, "params": {"C": 214.31267643732775, "epsilon": 0.7379947931054349, "gamma": 0.0011127582183462388, "lamda": 0.20492404137271314}, "datetime": {"datetime": "2021-09-23 20:18:49", "elapsed": 16.419439, "delta": 0.502611}}
{"target": 0.4397325332618679, "params": {"C": 202.6072697266671, "epsilon": 0.8096820011146265, "gamma": 0.0011123101857633633, "lamda": 0.43219765450203085}, "datetime": {"datetime": "2021-09-23 20:18:50", "elapsed": 16.894925, "delta": 0.475486}}
{"target": 0.44666126003625384, "params": {"C": 208.1128013329837, "epsilon": 0.6147311561374088, "gamma": 0.007577950932364024, "lamda": 0.2079373214156823}, "datetime": {"datetime": "2021-09-23 20:18:50", "elapsed": 17.357888, "delta": 0.462963}}
{"target": 0.44499226778081225, "params": {"C": 233.9054927272133, "epsilon": 0.8256170902082173, "gamma": 0.016412416633490343, "lamda": 0.3014367773729929}, "datetime": {"datetime": "2021-09-23 20:18:51", "elapsed": 17.886888, "delta": 0.529}}
{"target": 0.46825126026688246, "params": {"C": 219.54625648078073, "epsilon": 0.9192239076365647, "gamma": 0.007200393026200099, "lamda": 0.5856621241039394}, "datetime": {"datetime": "2021-09-23 20:18:51", "elapsed": 18.308887, "delta": 0.421999}}
{"target": 0.4672398407644106, "params": {"C": 200.97310219049422, "epsilon": 0.8349538031058332, "gamma": 0.006765138711203673, "lamda": 0.5870839404112498}, "datetime": {"datetime": "2021-09-23 20:18:51", "elapsed": 18.748628, "delta": 0.439741}}
{"target": 0.4554739137373658, "params": {"C": 233.18206077308588, "epsilon": 0.5139055519762911, "gamma": 0.011478817526236862, "lamda": 0.5229887137698859}, "datetime": {"datetime": "2021-09-23 20:18:52", "elapsed": 19.212009, "delta": 0.463381}}
{"target": 0.4468757672671737, "params": {"C": 200.15603158264136, "epsilon": 0.7522891698537508, "gamma": 0.012595214160084283, "lamda": 0.29886950618699765}, "datetime": {"datetime": "2021-09-23 20:18:52", "elapsed": 19.628972, "delta": 0.416963}}
{"target": 0.45105279465598436, "params": {"C": 232.03576744220274, "epsilon": 0.5331777720298283, "gamma": 0.01645901455349448, "lamda": 0.5592919505333485}, "datetime": {"datetime": "2021-09-23 20:18:53", "elapsed": 20.021013, "delta": 0.392041}}
{"target": 0.46837136647492206, "params": {"C": 219.50137246147756, "epsilon": 0.9618016068344686, "gamma": 0.009490635454827683, "lamda": 0.5096219302852898}, "datetime": {"datetime": "2021-09-23 20:18:53", "elapsed": 20.558997, "delta": 0.537984}}
{"target": 0.4404507817120835, "params": {"C": 207.68402578301277, "epsilon": 0.8965931464753376, "gamma": 0.01860190737764056, "lamda": 0.29281762787909343}, "datetime": {"datetime": "2021-09-23 20:18:54", "elapsed": 21.059926, "delta": 0.500929}}
{"target": 0.45142513587432875, "params": {"C": 219.4265616151957, "epsilon": 0.7679049358607257, "gamma": 0.01902719406231849, "lamda": 0.46602503106677406}, "datetime": {"datetime": "2021-09-23 20:18:55", "elapsed": 22.047923, "delta": 0.987997}}
{"target": 0.4638706207274479, "params": {"C": 249.97821494999567, "epsilon": 0.9462115931480352, "gamma": 0.005673770307916162, "lamda": 0.35193915009316656}, "datetime": {"datetime": "2021-09-23 20:18:55", "elapsed": 22.526838, "delta": 0.478915}}
{"target": 0.43722147225670804, "params": {"C": 219.70411599412319, "epsilon": 1.0, "gamma": 0.001, "lamda": 0.4875667853049628}, "datetime": {"datetime": "2021-09-23 20:18:56", "elapsed": 23.326129, "delta": 0.799291}}
{"target": 0.4499419564749695, "params": {"C": 242.23361519040526, "epsilon": 0.8574248708474368, "gamma": 0.015438234697755446, "lamda": 0.31374271881157223}, "datetime": {"datetime": "2021-09-23 20:18:57", "elapsed": 23.812393, "delta": 0.486264}}
{"target": 0.4471531164040857, "params": {"C": 219.4361892820254, "epsilon": 0.9614809447430029, "gamma": 0.0017544511238713767, "lamda": 0.6}, "datetime": {"datetime": "2021-09-23 20:18:57", "elapsed": 24.366823, "delta": 0.55443}}
{"target": 0.4631478530625517, "params": {"C": 222.15596843170826, "epsilon": 0.7401613465859354, "gamma": 0.012932483925649042, "lamda": 0.5530496816950297}, "datetime": {"datetime": "2021-09-23 20:18:58", "elapsed": 24.811236, "delta": 0.444413}}
{"target": 0.4597975178296736, "params": {"C": 219.53375993840126, "epsilon": 0.8905035703020507, "gamma": 0.015368313003271784, "lamda": 0.4615291298890246}, "datetime": {"datetime": "2021-09-23 20:18:58", "elapsed": 25.493646, "delta": 0.68241}}
{"target": 0.4670385281524383, "params": {"C": 211.80429906702585, "epsilon": 0.9742247886888138, "gamma": 0.006432272009662574, "lamda": 0.47559575245838764}, "datetime": {"datetime": "2021-09-23 20:18:59", "elapsed": 26.26865, "delta": 0.775004}}
{"target": 0.45747458823069176, "params": {"C": 211.7125469639481, "epsilon": 0.9799988634358332, "gamma": 0.017407887760397804, "lamda": 0.44324291520113057}, "datetime": {"datetime": "2021-09-23 20:19:00", "elapsed": 27.053783, "delta": 0.785133}}
{"target": 0.4683372097058117, "params": {"C": 211.76394076844605, "epsilon": 0.8913078276463886, "gamma": 0.010294712906165474, "lamda": 0.5909394264600083}, "datetime": {"datetime": "2021-09-23 20:19:00", "elapsed": 27.559787, "delta": 0.506004}}
{"target": 0.455981341405889, "params": {"C": 211.87657546888101, "epsilon": 0.8914381351996918, "gamma": 0.01997423633151064, "lamda": 0.5424935359042613}, "datetime": {"datetime": "2021-09-23 20:19:01", "elapsed": 28.253835, "delta": 0.694048}}
{"target": 0.46277581397365486, "params": {"C": 211.6833169564714, "epsilon": 0.8751826803692324, "gamma": 0.0152465979691805, "lamda": 0.5589232358018128}, "datetime": {"datetime": "2021-09-23 20:19:02", "elapsed": 28.837714, "delta": 0.583879}}
{"target": 0.43109709316146405, "params": {"C": 211.79399114042363, "epsilon": 1.0, "gamma": 0.001, "lamda": 0.6}, "datetime": {"datetime": "2021-09-23 20:19:02", "elapsed": 29.550882, "delta": 0.713168}}
{"target": 0.4640346539153295, "params": {"C": 211.73735310179958, "epsilon": 0.9305204819607298, "gamma": 0.0046059733174623335, "lamda": 0.5131756051722098}, "datetime": {"datetime": "2021-09-23 20:19:03", "elapsed": 30.304885, "delta": 0.754003}}
{"target": 0.45967469722128185, "params": {"C": 219.52372261409016, "epsilon": 0.8514981045619591, "gamma": 0.01751896175676845, "lamda": 0.5593539272964472}, "datetime": {"datetime": "2021-09-23 20:19:04", "elapsed": 30.945923, "delta": 0.641038}}
{"target": 0.46695312854511895, "params": {"C": 211.61946218176095, "epsilon": 0.9632889401835764, "gamma": 0.012540914722303575, "lamda": 0.5565287859957876}, "datetime": {"datetime": "2021-09-23 20:19:04", "elapsed": 31.583917, "delta": 0.637994}}
{"target": 0.4642989958220948, "params": {"C": 211.8791064318796, "epsilon": 0.9878765409998416, "gamma": 0.011492111539045665, "lamda": 0.41754981139888914}, "datetime": {"datetime": "2021-09-23 20:19:05", "elapsed": 32.247918, "delta": 0.664001}}
{"target": 0.4667731344272268, "params": {"C": 211.76047641062993, "epsilon": 0.8163498468134824, "gamma": 0.007837054684864203, "lamda": 0.5296249285335952}, "datetime": {"datetime": "2021-09-23 20:19:06", "elapsed": 33.068818, "delta": 0.8209}}
{"target": 0.4610950477386946, "params": {"C": 211.64594186326414, "epsilon": 0.8659201866672621, "gamma": 0.00434922576047625, "lamda": 0.4740865180015469}, "datetime": {"datetime": "2021-09-23 20:19:06", "elapsed": 33.577823, "delta": 0.509005}}
{"target": 0.4570289059849333, "params": {"C": 200.95969051466423, "epsilon": 0.8337201237604055, "gamma": 0.01685056617069026, "lamda": 0.4974921392159362}, "datetime": {"datetime": "2021-09-23 20:19:07", "elapsed": 34.18082, "delta": 0.602997}}
{"target": 0.46389642864274716, "params": {"C": 201.04129724414096, "epsilon": 0.863318657311218, "gamma": 0.004667972666695141, "lamda": 0.583937567586793}, "datetime": {"datetime": "2021-09-23 20:19:07", "elapsed": 34.717049, "delta": 0.536229}}
{"target": 0.461401956263257, "params": {"C": 211.79650486709255, "epsilon": 0.8823090485651284, "gamma": 0.012180597197105437, "lamda": 0.4169481529214991}, "datetime": {"datetime": "2021-09-23 20:19:08", "elapsed": 35.406073, "delta": 0.689024}}
{"target": 0.462865154754282, "params": {"C": 249.97616199110817, "epsilon": 0.9468290143117796, "gamma": 0.0053603326571258275, "lamda": 0.34411334388350123}, "datetime": {"datetime": "2021-09-23 20:19:09", "elapsed": 35.924071, "delta": 0.517998}}
{"target": 0.43825841042614544, "params": {"C": 238.17888255633204, "epsilon": 0.6989816124392163, "gamma": 0.016406599135294315, "lamda": 0.2928251632777628}, "datetime": {"datetime": "2021-09-23 20:19:09", "elapsed": 36.388075, "delta": 0.464004}}
{"target": 0.4520615774833344, "params": {"C": 242.29393035559912, "epsilon": 0.6164834970145745, "gamma": 0.018604094630604435, "lamda": 0.5610048726974364}, "datetime": {"datetime": "2021-09-23 20:19:10", "elapsed": 37.104069, "delta": 0.715994}}
{"target": 0.44957094189090596, "params": {"C": 250.0, "epsilon": 0.8584735626756242, "gamma": 0.02, "lamda": 0.4000314379865175}, "datetime": {"datetime": "2021-09-23 20:19:10", "elapsed": 37.710077, "delta": 0.606008}}
{"target": 0.46356827970393266, "params": {"C": 210.82290062678103, "epsilon": 0.9493158370074075, "gamma": 0.014935180182338623, "lamda": 0.5301609117228493}, "datetime": {"datetime": "2021-09-23 20:19:11", "elapsed": 38.386069, "delta": 0.675992}}
{"target": 0.4606207081407402, "params": {"C": 231.4444419336091, "epsilon": 0.9444460180410843, "gamma": 0.016747887340850483, "lamda": 0.4852438788640026}, "datetime": {"datetime": "2021-09-23 20:19:12", "elapsed": 39.065131, "delta": 0.679062}}
{"target": 0.46084495310729867, "params": {"C": 201.04078460872282, "epsilon": 0.7590479725398911, "gamma": 0.014832482839066897, "lamda": 0.5771472166343057}, "datetime": {"datetime": "2021-09-23 20:19:13", "elapsed": 39.959127, "delta": 0.893996}}
{"target": 0.4661413792682809, "params": {"C": 210.9013539891604, "epsilon": 0.9808502816139518, "gamma": 0.013949061590139544, "lamda": 0.5866525538432668}, "datetime": {"datetime": "2021-09-23 20:19:14", "elapsed": 40.947348, "delta": 0.988221}}
{"target": 0.45693575993274527, "params": {"C": 211.74524874392853, "epsilon": 0.8138821729871287, "gamma": 0.01931915645627647, "lamda": 0.5929265400982715}, "datetime": {"datetime": "2021-09-23 20:19:14", "elapsed": 41.635347, "delta": 0.687999}}
{"target": 0.4483132523954937, "params": {"C": 231.4070471399762, "epsilon": 0.8903431532523081, "gamma": 0.001784423812136413, "lamda": 0.3526213927246016}, "datetime": {"datetime": "2021-09-23 20:19:15", "elapsed": 42.55097, "delta": 0.915623}}
{"target": 0.44392785157403014, "params": {"C": 219.59752652066183, "epsilon": 0.504131057004948, "gamma": 0.0018625727910422914, "lamda": 0.4470216984539658}, "datetime": {"datetime": "2021-09-23 20:19:16", "elapsed": 43.110388, "delta": 0.559418}}
{"target": 0.46742242695652303, "params": {"C": 231.31012897042655, "epsilon": 0.9641770555830322, "gamma": 0.01098502180004075, "lamda": 0.48004479429987307}, "datetime": {"datetime": "2021-09-23 20:19:17", "elapsed": 44.633368, "delta": 1.52298}}
{"target": 0.4589118471027567, "params": {"C": 218.18887092733888, "epsilon": 0.8576851773705083, "gamma": 0.003073490695922714, "lamda": 0.5665015975119376}, "datetime": {"datetime": "2021-09-23 20:19:18", "elapsed": 45.238423, "delta": 0.605055}}
{"target": 0.4660736782933671, "params": {"C": 231.3357941910139, "epsilon": 0.9222071388043112, "gamma": 0.005332907047667877, "lamda": 0.5333139249511107}, "datetime": {"datetime": "2021-09-23 20:19:19", "elapsed": 45.939423, "delta": 0.701}}
{"target": 0.46608265823949624, "params": {"C": 231.2785948332576, "epsilon": 0.876272085147012, "gamma": 0.006444543271462464, "lamda": 0.44726516034771197}, "datetime": {"datetime": "2021-09-23 20:19:19", "elapsed": 46.681129, "delta": 0.741706}}
{"target": 0.44886630559981744, "params": {"C": 246.34891507519325, "epsilon": 0.976103891013803, "gamma": 0.002642970656906267, "lamda": 0.24060011514929666}, "datetime": {"datetime": "2021-09-23 20:19:20", "elapsed": 47.276028, "delta": 0.594899}}
{"target": 0.4636369871779821, "params": {"C": 221.56432666230887, "epsilon": 0.7146819245317848, "gamma": 0.006945608979050099, "lamda": 0.49337133000563066}, "datetime": {"datetime": "2021-09-23 20:19:21", "elapsed": 47.80203, "delta": 0.526002}}
