{"target": 0.45846246436593474, "params": {"C": 208.1128013329837, "epsilon": 0.7688386936824453, "gamma": 0.013655198595215821, "lamda": 0.46289814730048373}, "datetime": {"datetime": "2021-09-23 18:49:48", "elapsed": 13.104132, "delta": 0.615003}}
{"target": 0.45119893680677226, "params": {"C": 233.9054927272133, "epsilon": 0.8953702541249303, "gamma": 0.02527949557038203, "lamda": 0.6148347632311135}, "datetime": {"datetime": "2021-09-23 18:49:48", "elapsed": 13.516128, "delta": 0.411996}}
{"target": 0.4656850770738691, "params": {"C": 219.54625648078073, "epsilon": 0.9515343445819389, "gamma": 0.013158411876579078, "lamda": 1.0767009516689017}, "datetime": {"datetime": "2021-09-23 18:49:48", "elapsed": 13.943137, "delta": 0.427009}}
{"target": 0.46621418542256154, "params": {"C": 200.97310219049422, "epsilon": 0.9009722818634999, "gamma": 0.012585708830531148, "lamda": 1.0790114031682811}, "datetime": {"datetime": "2021-09-23 18:49:49", "elapsed": 14.520664, "delta": 0.577527}}
{"target": 0.4617955702285057, "params": {"C": 233.18206077308588, "epsilon": 0.7083433311857746, "gamma": 0.01878791779768008, "lamda": 0.9748566598760646}, "datetime": {"datetime": "2021-09-23 18:49:50", "elapsed": 15.014672, "delta": 0.494008}}
{"target": 0.4564881924706854, "params": {"C": 200.15603158264136, "epsilon": 0.8513735019122505, "gamma": 0.020256860736953004, "lamda": 0.6106629475538712}, "datetime": {"datetime": "2021-09-23 18:49:50", "elapsed": 15.459667, "delta": 0.444995}}
{"target": 0.4541651827096732, "params": {"C": 232.03576744220274, "epsilon": 0.719906663217897, "gamma": 0.025340808623019056, "lamda": 1.0338494196166914}, "datetime": {"datetime": "2021-09-23 18:49:50", "elapsed": 15.856666, "delta": 0.396999}}
{"target": 0.45350730429209907, "params": {"C": 209.89005879433114, "epsilon": 0.9712159613070562, "gamma": 0.021955198891210004, "lamda": 0.5118574980144801}, "datetime": {"datetime": "2021-09-23 18:49:51", "elapsed": 16.336669, "delta": 0.480003}}
{"target": 0.44674429844993946, "params": {"C": 207.68402578301277, "epsilon": 0.9379558878852026, "gamma": 0.02816040444426389, "lamda": 0.6008286453035269}, "datetime": {"datetime": "2021-09-23 18:49:52", "elapsed": 17.04367, "delta": 0.707001}}
{"target": 0.45445580939151675, "params": {"C": 222.3743959677646, "epsilon": 0.7933134393305638, "gamma": 0.021035018604138783, "lamda": 0.5943695500731112}, "datetime": {"datetime": "2021-09-23 18:49:52", "elapsed": 17.631669, "delta": 0.587999}}
{"target": 0.4524013804840914, "params": {"C": 226.56470128972492, "epsilon": 0.722851806083514, "gamma": 0.02309530482548528, "lamda": 0.6743900149162284}, "datetime": {"datetime": "2021-09-23 18:49:53", "elapsed": 18.043667, "delta": 0.411998}}
{"target": 0.45752780348737987, "params": {"C": 217.30619674700756, "epsilon": 0.7340282469580606, "gamma": 0.02016233716800019, "lamda": 0.7025003155313606}, "datetime": {"datetime": "2021-09-23 18:49:53", "elapsed": 18.602663, "delta": 0.558996}}
{"target": 0.4537194087769246, "params": {"C": 242.23361519040526, "epsilon": 0.9144549225084622, "gamma": 0.023997677233888747, "lamda": 0.6348319180688049}, "datetime": {"datetime": "2021-09-23 18:49:54", "elapsed": 19.035665, "delta": 0.433002}}
{"target": 0.46546034041054396, "params": {"C": 235.79295808205913, "epsilon": 0.7917603842398391, "gamma": 0.015225787596950629, "lamda": 0.8817085664792289}, "datetime": {"datetime": "2021-09-23 18:49:54", "elapsed": 19.436669, "delta": 0.401004}}
{"target": 0.46531710237993795, "params": {"C": 235.82299523323556, "epsilon": 0.798412385225373, "gamma": 0.006223651271136786, "lamda": 0.9122963394824477}, "datetime": {"datetime": "2021-09-23 18:49:54", "elapsed": 19.84267, "delta": 0.406001}}
{"target": 0.44977541932644793, "params": {"C": 217.3447482742456, "epsilon": 0.8173861220054572, "gamma": 0.022910726205989173, "lamda": 0.548568608745348}, "datetime": {"datetime": "2021-09-23 18:49:55", "elapsed": 20.408674, "delta": 0.566004}}
{"target": 0.45015951071074845, "params": {"C": 224.9559754272474, "epsilon": 0.8106346433282062, "gamma": 0.028965764501543284, "lamda": 1.0061692696295121}, "datetime": {"datetime": "2021-09-23 18:49:55", "elapsed": 20.935671, "delta": 0.526997}}
{"target": 0.46006885542232445, "params": {"C": 224.9335614360441, "epsilon": 0.7501844483496153, "gamma": 0.020064978193076812, "lamda": 0.8791357342278847}, "datetime": {"datetime": "2021-09-23 18:49:56", "elapsed": 21.46667, "delta": 0.530999}}
{"target": 0.437691492073074, "params": {"C": 232.0181320450802, "epsilon": 0.7883466630116029, "gamma": 0.028241211337452977, "lamda": 0.5016271862844386}, "datetime": {"datetime": "2021-09-23 18:49:57", "elapsed": 22.076669, "delta": 0.609999}}
{"target": 0.4686435161788979, "params": {"C": 216.2556238462668, "epsilon": 0.7497181631395274, "gamma": 0.007861904306412995, "lamda": 0.7396330682140575}, "datetime": {"datetime": "2021-09-23 18:49:57", "elapsed": 22.519709, "delta": 0.44304}}
{"target": 0.45814153721149986, "params": {"C": 213.07845370747805, "epsilon": 0.736074999586858, "gamma": 0.021668144187011847, "lamda": 0.9074712916395352}, "datetime": {"datetime": "2021-09-23 18:49:57", "elapsed": 22.920665, "delta": 0.400956}}
{"target": 0.46139929689189496, "params": {"C": 213.96072919535442, "epsilon": 0.8280659051150143, "gamma": 0.019112639132181898, "lamda": 0.8404925949555009}, "datetime": {"datetime": "2021-09-23 18:49:58", "elapsed": 23.329666, "delta": 0.409001}}
{"target": 0.4400706506659453, "params": {"C": 232.0007697284953, "epsilon": 0.7611487060629631, "gamma": 0.029108519393033074, "lamda": 0.5862540752051345}, "datetime": {"datetime": "2021-09-23 18:49:58", "elapsed": 23.760668, "delta": 0.431002}}
{"target": 0.4604868781247249, "params": {"C": 200.9675675148651, "epsilon": 0.8760808245081584, "gamma": 0.020477724583149916, "lamda": 1.0688397185583396}, "datetime": {"datetime": "2021-09-23 18:49:59", "elapsed": 24.254668, "delta": 0.494}}
{"target": 0.467704393150311, "params": {"C": 213.01872054139633, "epsilon": 0.759692974503668, "gamma": 0.012248307458615241, "lamda": 0.9199104951568844}, "datetime": {"datetime": "2021-09-23 18:49:59", "elapsed": 24.821669, "delta": 0.567001}}
{"target": 0.4631037248686225, "params": {"C": 203.80632522763156, "epsilon": 0.8566951620481081, "gamma": 0.017411888975478816, "lamda": 0.7625631011985274}, "datetime": {"datetime": "2021-09-23 18:50:00", "elapsed": 25.266675, "delta": 0.445006}}
{"target": 0.45964918951534217, "params": {"C": 213.0374658497577, "epsilon": 0.7755786403980267, "gamma": 0.02050235356309845, "lamda": 0.8724091714427481}, "datetime": {"datetime": "2021-09-23 18:50:00", "elapsed": 25.720663, "delta": 0.453988}}
{"target": 0.4674115239807155, "params": {"C": 211.64594186326414, "epsilon": 0.9195521120003574, "gamma": 0.009406876000626644, "lamda": 0.8953905917525138}, "datetime": {"datetime": "2021-09-23 18:50:01", "elapsed": 26.17767, "delta": 0.457007}}
{"target": 0.4668411467410778, "params": {"C": 213.04726770959024, "epsilon": 0.7774725748783932, "gamma": 0.013572185671673492, "lamda": 0.8818627290563618}, "datetime": {"datetime": "2021-09-23 18:50:01", "elapsed": 26.587673, "delta": 0.410003}}
{"target": 0.46612438437474046, "params": {"C": 235.79532141436277, "epsilon": 0.8003882780722751, "gamma": 0.014425249535694126, "lamda": 0.9190006757742506}, "datetime": {"datetime": "2021-09-23 18:50:02", "elapsed": 27.042674, "delta": 0.455001}}
{"target": 0.4544135482262791, "params": {"C": 213.9126141670281, "epsilon": 0.8447709057706184, "gamma": 0.024697551942741588, "lamda": 0.8228976238136423}, "datetime": {"datetime": "2021-09-23 18:50:02", "elapsed": 27.544666, "delta": 0.501992}}
{"target": 0.4625328770485446, "params": {"C": 214.31751104518, "epsilon": 0.8552225117691539, "gamma": 0.005040290828001966, "lamda": 0.46287013992732423}, "datetime": {"datetime": "2021-09-23 18:50:03", "elapsed": 28.205759, "delta": 0.661093}}
{"target": 0.4494102001408208, "params": {"C": 238.17888255633204, "epsilon": 0.8193889674635297, "gamma": 0.025271840967492517, "lamda": 0.6008408903263646}, "datetime": {"datetime": "2021-09-23 18:50:03", "elapsed": 28.657799, "delta": 0.45204}}
{"target": 0.4510511476442981, "params": {"C": 242.29393035559912, "epsilon": 0.7698900982087447, "gamma": 0.028163282408690045, "lamda": 1.0366329181333342}, "datetime": {"datetime": "2021-09-23 18:50:04", "elapsed": 29.070765, "delta": 0.412966}}
{"target": 0.46344819656500846, "params": {"C": 214.6402112478574, "epsilon": 0.9895971598476192, "gamma": 0.014852819734343086, "lamda": 0.49590353221972394}, "datetime": {"datetime": "2021-09-23 18:50:04", "elapsed": 29.600766, "delta": 0.530001}}
{"target": 0.4531391080439102, "params": {"C": 221.07896130046612, "epsilon": 0.928736689551598, "gamma": 0.026021107408747596, "lamda": 0.7980158423750697}, "datetime": {"datetime": "2021-09-23 18:50:05", "elapsed": 30.023759, "delta": 0.422993}}
{"target": 0.45607017373842684, "params": {"C": 216.29254932509505, "epsilon": 0.7539261519064083, "gamma": 0.0219301251434168, "lamda": 0.7345092551553628}, "datetime": {"datetime": "2021-09-23 18:50:05", "elapsed": 30.571764, "delta": 0.548005}}
{"target": 0.46232866932350325, "params": {"C": 208.38629216792674, "epsilon": 0.9856449825098736, "gamma": 0.01818249946650862, "lamda": 0.6901006610163015}, "datetime": {"datetime": "2021-09-23 18:50:06", "elapsed": 31.047766, "delta": 0.476002}}
{"target": 0.44914915438108083, "params": {"C": 214.6058699201488, "epsilon": 0.9915527194963931, "gamma": 0.023309201795362017, "lamda": 0.4566482915636564}, "datetime": {"datetime": "2021-09-23 18:50:06", "elapsed": 31.598762, "delta": 0.550996}}
{"target": 0.4601729277800777, "params": {"C": 213.02182119143652, "epsilon": 0.7387653161411637, "gamma": 0.020126887567824513, "lamda": 0.9256924210125789}, "datetime": {"datetime": "2021-09-23 18:50:07", "elapsed": 32.061762, "delta": 0.463}}
{"target": 0.45865655308507935, "params": {"C": 236.20803113736844, "epsilon": 0.7789643372080697, "gamma": 0.02141908381260033, "lamda": 0.8908560257432876}, "datetime": {"datetime": "2021-09-23 18:50:07", "elapsed": 32.528765, "delta": 0.467003}}
{"target": 0.46668775607746293, "params": {"C": 219.59752652066183, "epsilon": 0.7024786342029687, "gamma": 0.006134964198739858, "lamda": 0.8514102599876945}, "datetime": {"datetime": "2021-09-23 18:50:07", "elapsed": 32.959759, "delta": 0.430994}}
{"target": 0.46463006974071086, "params": {"C": 219.5686752029373, "epsilon": 0.9700138217513425, "gamma": 0.015154713674734994, "lamda": 1.0687201946280676}, "datetime": {"datetime": "2021-09-23 18:50:08", "elapsed": 33.543766, "delta": 0.584007}}
{"target": 0.46491115220651713, "params": {"C": 218.18887092733888, "epsilon": 0.9146111064223049, "gamma": 0.0077282772314772544, "lamda": 1.0455650959568987}, "datetime": {"datetime": "2021-09-23 18:50:09", "elapsed": 34.031765, "delta": 0.487999}}
{"target": 0.46334761259548507, "params": {"C": 211.65806995438967, "epsilon": 0.9502184185558993, "gamma": 0.006054465988076036, "lamda": 0.9019335668184147}, "datetime": {"datetime": "2021-09-23 18:50:09", "elapsed": 34.666762, "delta": 0.634997}}
{"target": 0.4588725900763214, "params": {"C": 200.9773838592339, "epsilon": 0.9268303130334157, "gamma": 0.022081281402198182, "lamda": 1.0782522401281196}, "datetime": {"datetime": "2021-09-23 18:50:10", "elapsed": 35.372285, "delta": 0.705523}}
{"target": 0.4686256969287599, "params": {"C": 246.34891507519325, "epsilon": 0.9856623346082818, "gamma": 0.007161803495929299, "lamda": 0.515975187117607}, "datetime": {"datetime": "2021-09-23 18:50:11", "elapsed": 36.060286, "delta": 0.688001}}
{"target": 0.46714001087830903, "params": {"C": 221.56432666230887, "epsilon": 0.8288091547190708, "gamma": 0.012823169709276445, "lamda": 0.9267284112591501}, "datetime": {"datetime": "2021-09-23 18:50:11", "elapsed": 36.760284, "delta": 0.699998}}
{"target": 0.46791059247823896, "params": {"C": 201.55686013607038, "epsilon": 0.8741804773474207, "gamma": 0.007235740449363443, "lamda": 0.590451549396839}, "datetime": {"datetime": "2021-09-23 18:50:12", "elapsed": 37.383285, "delta": 0.623001}}
{"target": 0.4637274505402964, "params": {"C": 246.37660664343449, "epsilon": 0.963015877240794, "gamma": 0.015524371343845454, "lamda": 0.5038553281498476}, "datetime": {"datetime": "2021-09-23 18:50:13", "elapsed": 38.232805, "delta": 0.84952}}
{"target": 0.458219304263931, "params": {"C": 211.62373966286603, "epsilon": 0.9488415233792289, "gamma": 0.02243908906957233, "lamda": 0.8919004326560329}, "datetime": {"datetime": "2021-09-23 18:50:14", "elapsed": 39.067284, "delta": 0.834479}}
{"target": 0.4686048015142733, "params": {"C": 217.33664392939554, "epsilon": 0.774084552976076, "gamma": 0.008984222318231275, "lamda": 0.6490011541688473}, "datetime": {"datetime": "2021-09-23 18:50:14", "elapsed": 39.717283, "delta": 0.649999}}
{"target": 0.4655965052929454, "params": {"C": 213.0359582085968, "epsilon": 0.7674102255308102, "gamma": 0.015052063896702814, "lamda": 0.8652117578392656}, "datetime": {"datetime": "2021-09-23 18:50:15", "elapsed": 40.295602, "delta": 0.578319}}
{"target": 0.4663114125752018, "params": {"C": 211.72222740840982, "epsilon": 0.7224778505095278, "gamma": 0.00681503795161258, "lamda": 1.0021009434221777}, "datetime": {"datetime": "2021-09-23 18:50:15", "elapsed": 40.958718, "delta": 0.663116}}
{"target": 0.4489493277693033, "params": {"C": 233.07331578487407, "epsilon": 0.7346733472923755, "gamma": 0.029307255822839842, "lamda": 1.012239826565444}, "datetime": {"datetime": "2021-09-23 18:50:16", "elapsed": 41.603719, "delta": 0.645001}}
{"target": 0.45713732154949505, "params": {"C": 216.23663471699754, "epsilon": 0.7556084000163448, "gamma": 0.021449039283965587, "lamda": 0.753023776415027}, "datetime": {"datetime": "2021-09-23 18:50:17", "elapsed": 42.384716, "delta": 0.780997}}
{"target": 0.4675196019509408, "params": {"C": 219.47417265955184, "epsilon": 0.882312692822648, "gamma": 0.011386668295244446, "lamda": 0.9178500561360852}, "datetime": {"datetime": "2021-09-23 18:50:18", "elapsed": 42.972877, "delta": 0.588161}}
{"target": 0.4533084163038561, "params": {"C": 246.35438860943924, "epsilon": 0.9858020129376597, "gamma": 0.023343710309938856, "lamda": 0.520953182552424}, "datetime": {"datetime": "2021-09-23 18:50:18", "elapsed": 43.610339, "delta": 0.637462}}
{"target": 0.4672305348470641, "params": {"C": 246.35066924291957, "epsilon": 0.9864006777635899, "gamma": 0.005916322628909552, "lamda": 0.4934181880550171}, "datetime": {"datetime": "2021-09-23 18:50:19", "elapsed": 44.484054, "delta": 0.873715}}
{"target": 0.4676874913176553, "params": {"C": 231.97819613616772, "epsilon": 0.786844725810604, "gamma": 0.007141533398011949, "lamda": 0.536280649844263}, "datetime": {"datetime": "2021-09-23 18:50:20", "elapsed": 45.106008, "delta": 0.621954}}
{"target": 0.4606476483230262, "params": {"C": 224.91200857794686, "epsilon": 0.7425238009068948, "gamma": 0.01980457373365451, "lamda": 0.9410792762492368}, "datetime": {"datetime": "2021-09-23 18:50:20", "elapsed": 45.683007, "delta": 0.576999}}
{"target": 0.46911817866862393, "params": {"C": 237.93802401865332, "epsilon": 0.8527489087068045, "gamma": 0.009205150149945605, "lamda": 0.6665744326623115}, "datetime": {"datetime": "2021-09-23 18:50:21", "elapsed": 46.338305, "delta": 0.655298}}
{"target": 0.46022192528715333, "params": {"C": 219.49854301692145, "epsilon": 0.8796377384990876, "gamma": 0.020559844321507693, "lamda": 0.9305429863718337}, "datetime": {"datetime": "2021-09-23 18:50:22", "elapsed": 47.063174, "delta": 0.724869}}
{"target": 0.46639777996462484, "params": {"C": 221.5969251629278, "epsilon": 0.8147080282375523, "gamma": 0.014044355611103131, "lamda": 0.9201568328653273}, "datetime": {"datetime": "2021-09-23 18:50:22", "elapsed": 47.746167, "delta": 0.682993}}
{"target": 0.4672118727418708, "params": {"C": 237.96526739262032, "epsilon": 0.8553871044025023, "gamma": 0.013025565806173624, "lamda": 0.6480029731811873}, "datetime": {"datetime": "2021-09-23 18:50:23", "elapsed": 48.344605, "delta": 0.598438}}
{"target": 0.4537772102347669, "params": {"C": 243.4210882877494, "epsilon": 0.93688532535168, "gamma": 0.02603989474567727, "lamda": 0.8695801642791332}, "datetime": {"datetime": "2021-09-23 18:50:24", "elapsed": 48.989543, "delta": 0.644938}}
{"target": 0.45773056658336997, "params": {"C": 237.95737936985574, "epsilon": 0.875323502832736, "gamma": 0.021070535725160013, "lamda": 0.6500342505080506}, "datetime": {"datetime": "2021-09-23 18:50:24", "elapsed": 49.670543, "delta": 0.681}}
{"target": 0.45597764492392645, "params": {"C": 237.9587704539868, "epsilon": 0.8498488203832921, "gamma": 0.022150734477438528, "lamda": 0.6529422623522367}, "datetime": {"datetime": "2021-09-23 18:50:25", "elapsed": 50.563181, "delta": 0.892638}}
{"target": 0.45606685326484675, "params": {"C": 233.0870946888854, "epsilon": 0.7053249932371144, "gamma": 0.017134185031369285, "lamda": 0.5334482647654858}, "datetime": {"datetime": "2021-09-23 18:50:26", "elapsed": 51.343185, "delta": 0.780004}}
{"target": 0.44653026930791095, "params": {"C": 203.7664626175735, "epsilon": 0.8581297932268173, "gamma": 0.0277448039558715, "lamda": 0.6320066009591274}, "datetime": {"datetime": "2021-09-23 18:50:27", "elapsed": 52.03494, "delta": 0.691755}}
{"target": 0.46590467981113803, "params": {"C": 229.21144448399917, "epsilon": 0.711743164152108, "gamma": 0.00630457312284698, "lamda": 0.9703698520493593}, "datetime": {"datetime": "2021-09-23 18:50:27", "elapsed": 52.826203, "delta": 0.791263}}
{"target": 0.4662947681319679, "params": {"C": 216.24754057910982, "epsilon": 0.7636862982159892, "gamma": 0.013636670574335947, "lamda": 0.7196169999283875}, "datetime": {"datetime": "2021-09-23 18:50:28", "elapsed": 53.641791, "delta": 0.815588}}
{"target": 0.46721279374680125, "params": {"C": 204.74683995008138, "epsilon": 0.8811859604098345, "gamma": 0.012887180376801772, "lamda": 0.8250740935082419}, "datetime": {"datetime": "2021-09-23 18:50:29", "elapsed": 54.203732, "delta": 0.561941}}
{"target": 0.4564449157414584, "params": {"C": 238.27253961472098, "epsilon": 0.9702123387023489, "gamma": 0.02440783420355378, "lamda": 1.0383830352560615}, "datetime": {"datetime": "2021-09-23 18:50:29", "elapsed": 54.808479, "delta": 0.604747}}
{"target": 0.46084247966897085, "params": {"C": 235.80603866393167, "epsilon": 0.7963703032642763, "gamma": 0.019526915229038568, "lamda": 0.8550898417144712}, "datetime": {"datetime": "2021-09-23 18:50:30", "elapsed": 55.550473, "delta": 0.741994}}
{"target": 0.4503422225696474, "params": {"C": 235.79097222782545, "epsilon": 0.7879319011768036, "gamma": 0.027991965605858593, "lamda": 0.9127645947439937}, "datetime": {"datetime": "2021-09-23 18:50:31", "elapsed": 56.250584, "delta": 0.700111}}
{"target": 0.4688743316055841, "params": {"C": 219.83566461452588, "epsilon": 0.9938420894950535, "gamma": 0.008694268751552292, "lamda": 0.5326425461141402}, "datetime": {"datetime": "2021-09-23 18:50:31", "elapsed": 56.916947, "delta": 0.666363}}
{"target": 0.4383775038007086, "params": {"C": 211.65347704965885, "epsilon": 0.8353742806979686, "gamma": 0.02917858219932538, "lamda": 0.5266102590803571}, "datetime": {"datetime": "2021-09-23 18:50:32", "elapsed": 57.655543, "delta": 0.738596}}
{"target": 0.4668343713397911, "params": {"C": 245.4893532810944, "epsilon": 0.9445428166322638, "gamma": 0.013332106928412524, "lamda": 0.5557620106073259}, "datetime": {"datetime": "2021-09-23 18:50:33", "elapsed": 58.284977, "delta": 0.629434}}
{"target": 0.4622255469484454, "params": {"C": 227.014260838788, "epsilon": 0.9329947326325776, "gamma": 0.018604518453202636, "lamda": 1.0316270473585163}, "datetime": {"datetime": "2021-09-23 18:50:34", "elapsed": 58.976548, "delta": 0.691571}}
{"target": 0.4465518327635277, "params": {"C": 224.91109044620183, "epsilon": 0.8972842633631168, "gamma": 0.027122989237075568, "lamda": 0.5624554148389109}, "datetime": {"datetime": "2021-09-23 18:50:34", "elapsed": 59.649548, "delta": 0.673}}
{"target": 0.4586204005416835, "params": {"C": 242.88925072635777, "epsilon": 0.7749160719559127, "gamma": 0.02035869510809332, "lamda": 0.7212303640466233}, "datetime": {"datetime": "2021-09-23 18:50:35", "elapsed": 60.23247, "delta": 0.582922}}
{"target": 0.46765940966173647, "params": {"C": 210.70183431270536, "epsilon": 0.795828021711806, "gamma": 0.006839798267597495, "lamda": 0.7421347603849675}, "datetime": {"datetime": "2021-09-23 18:50:36", "elapsed": 60.96697, "delta": 0.7345}}
{"target": 0.4608300781826037, "params": {"C": 221.96148360542088, "epsilon": 0.7127818582893053, "gamma": 0.01476028297496262, "lamda": 0.576595965321301}, "datetime": {"datetime": "2021-09-23 18:50:36", "elapsed": 61.947975, "delta": 0.981005}}
{"target": 0.4671688289230479, "params": {"C": 221.5886305093699, "epsilon": 0.8311890397596098, "gamma": 0.012751470134099907, "lamda": 0.9273368908274691}, "datetime": {"datetime": "2021-09-23 18:50:37", "elapsed": 62.780607, "delta": 0.832632}}
{"target": 0.46740135492793156, "params": {"C": 234.06529440770205, "epsilon": 0.8255721464394743, "gamma": 0.009116729156979093, "lamda": 0.9868302935793689}, "datetime": {"datetime": "2021-09-23 18:50:38", "elapsed": 63.412603, "delta": 0.631996}}
{"target": 0.4622101208203484, "params": {"C": 223.40471500280802, "epsilon": 0.8408626495410126, "gamma": 0.017862325604685775, "lamda": 0.7043871413035578}, "datetime": {"datetime": "2021-09-23 18:50:39", "elapsed": 64.051609, "delta": 0.639006}}
{"target": 0.45149040162840837, "params": {"C": 217.0063463958162, "epsilon": 0.9832438340462565, "gamma": 0.02559711480977361, "lamda": 0.5986261859803641}, "datetime": {"datetime": "2021-09-23 18:50:40", "elapsed": 64.990861, "delta": 0.939252}}
