{"target": 0.46839510807278795, "params": {"C": 916.3627421962717, "epsilon": 0.9536935497725723, "gamma": 0.008209005554295698, "lamda": 0.6714696851465195}, "datetime": {"datetime": "2021-09-23 23:01:38", "elapsed": 322.729167, "delta": 1.540048}}
{"target": 0.467142487358026, "params": {"C": 979.7832349304755, "epsilon": 0.776600602897171, "gamma": 0.006435941943637689, "lamda": 0.7691585631594957}, "datetime": {"datetime": "2021-09-23 23:01:39", "elapsed": 324.399686, "delta": 1.670519}}
{"target": 0.46963968405706, "params": {"C": 861.4266512256735, "epsilon": 0.7570146621920466, "gamma": 0.008163006342627501, "lamda": 0.5413978026060464}, "datetime": {"datetime": "2021-09-23 23:01:41", "elapsed": 326.232442, "delta": 1.832756}}
{"target": 0.4687770440382957, "params": {"C": 979.9490785464766, "epsilon": 0.8537865677538152, "gamma": 0.008557517801978658, "lamda": 0.7147879381753361}, "datetime": {"datetime": "2021-09-23 23:01:43", "elapsed": 328.031101, "delta": 1.798659}}
{"target": 0.46913345043379084, "params": {"C": 1048.2322077362242, "epsilon": 0.8376805982043297, "gamma": 0.010020229908491139, "lamda": 0.6198207786167952}, "datetime": {"datetime": "2021-09-23 23:01:45", "elapsed": 329.572354, "delta": 1.541253}}
{"target": 0.4682743090921391, "params": {"C": 879.2153957029562, "epsilon": 0.8347700696874379, "gamma": 0.011257614924613153, "lamda": 0.7908332601667435}, "datetime": {"datetime": "2021-09-23 23:01:46", "elapsed": 331.487784, "delta": 1.91543}}
{"target": 0.468681304379459, "params": {"C": 866.3980655214021, "epsilon": 0.8137073077569409, "gamma": 0.00999400709439902, "lamda": 0.7960331991945975}, "datetime": {"datetime": "2021-09-23 23:01:48", "elapsed": 332.91688, "delta": 1.429096}}
{"target": 0.46879263263754856, "params": {"C": 916.8902764361403, "epsilon": 0.8097204623907228, "gamma": 0.009601685958946893, "lamda": 0.7811537395178246}, "datetime": {"datetime": "2021-09-23 23:01:50", "elapsed": 334.616733, "delta": 1.699853}}
{"target": 0.468859293943376, "params": {"C": 957.8966474518155, "epsilon": 0.7467176517529767, "gamma": 0.01053133675013495, "lamda": 0.7568930628512387}, "datetime": {"datetime": "2021-09-23 23:01:51", "elapsed": 336.400348, "delta": 1.783615}}
{"target": 0.46834411143925214, "params": {"C": 923.7643706667618, "epsilon": 0.8866452032696011, "gamma": 0.011455174015080598, "lamda": 0.5511096439681731}, "datetime": {"datetime": "2021-09-23 23:01:53", "elapsed": 338.25111, "delta": 1.850762}}
{"target": 0.46820179137755025, "params": {"C": 853.5369243332549, "epsilon": 0.8295060791817305, "gamma": 0.006302492341403766, "lamda": 0.5607195629193558}, "datetime": {"datetime": "2021-09-23 23:01:55", "elapsed": 340.339147, "delta": 2.088037}}
{"target": 0.46962701318126865, "params": {"C": 855.6962880457436, "epsilon": 0.7794949852898928, "gamma": 0.008472100294124419, "lamda": 0.539304959294714}, "datetime": {"datetime": "2021-09-23 23:01:58", "elapsed": 342.864508, "delta": 2.525361}}
{"target": 0.4666971892644256, "params": {"C": 915.1147518474755, "epsilon": 0.9542134262128987, "gamma": 0.0061947210101061904, "lamda": 0.633057545707852}, "datetime": {"datetime": "2021-09-23 23:02:00", "elapsed": 344.968738, "delta": 2.10423}}
{"target": 0.4682059970617276, "params": {"C": 872.8081301517011, "epsilon": 0.9081226360608738, "gamma": 0.006258407996554855, "lamda": 0.5025139003226858}, "datetime": {"datetime": "2021-09-23 23:02:01", "elapsed": 346.338802, "delta": 1.370064}}
{"target": 0.46767581522452983, "params": {"C": 868.6463779448541, "epsilon": 0.804784528492271, "gamma": 0.0066781668878457, "lamda": 0.7174631008897628}, "datetime": {"datetime": "2021-09-23 23:02:03", "elapsed": 347.992756, "delta": 1.653954}}
{"target": 0.4689346752264808, "params": {"C": 907.3967163443394, "epsilon": 0.7323411546221832, "gamma": 0.010360909409553788, "lamda": 0.5660991245415488}, "datetime": {"datetime": "2021-09-23 23:02:04", "elapsed": 349.433122, "delta": 1.440366}}
{"target": 0.4678878519949202, "params": {"C": 862.1913545170811, "epsilon": 0.8002779275809592, "gamma": 0.007083993776523611, "lamda": 0.7541146321754548}, "datetime": {"datetime": "2021-09-23 23:02:07", "elapsed": 351.896668, "delta": 2.463546}}
{"target": 0.4682860188931216, "params": {"C": 918.4697848840248, "epsilon": 0.8490018559456213, "gamma": 0.007484004275332058, "lamda": 0.7048093344958467}, "datetime": {"datetime": "2021-09-23 23:02:09", "elapsed": 353.576188, "delta": 1.67952}}
{"target": 0.4694342948536313, "params": {"C": 1016.8836750228015, "epsilon": 0.7247496978181917, "gamma": 0.007539759486186593, "lamda": 0.5956969527432106}, "datetime": {"datetime": "2021-09-23 23:02:11", "elapsed": 356.466908, "delta": 2.89072}}
{"target": 0.46842415766017165, "params": {"C": 970.0477404072539, "epsilon": 0.9149001655293564, "gamma": 0.007235858599638965, "lamda": 0.6075816920357759}, "datetime": {"datetime": "2021-09-23 23:02:13", "elapsed": 358.226736, "delta": 1.759828}}
{"target": 0.46883895367703066, "params": {"C": 1049.4851078938864, "epsilon": 0.9638475999296539, "gamma": 0.009337153483686626, "lamda": 0.6418346921781186}, "datetime": {"datetime": "2021-09-23 23:02:15", "elapsed": 359.780549, "delta": 1.553813}}
{"target": 0.4691844129771936, "params": {"C": 928.399707063064, "epsilon": 0.814601545297408, "gamma": 0.009982793837101996, "lamda": 0.5248287693185671}, "datetime": {"datetime": "2021-09-23 23:02:18", "elapsed": 362.779814, "delta": 2.999265}}
{"target": 0.4685352604079187, "params": {"C": 1003.0703876281154, "epsilon": 0.9946222230518169, "gamma": 0.0070720366417137085, "lamda": 0.5256565325353171}, "datetime": {"datetime": "2021-09-23 23:02:19", "elapsed": 364.277311, "delta": 1.497497}}
{"target": 0.46917159321617574, "params": {"C": 905.7951548123195, "epsilon": 0.9878458242126245, "gamma": 0.00978589380740772, "lamda": 0.5335702827980261}, "datetime": {"datetime": "2021-09-23 23:02:21", "elapsed": 366.058398, "delta": 1.781087}}
{"target": 0.4692972993310105, "params": {"C": 909.0343100402758, "epsilon": 0.7534707474091817, "gamma": 0.00973425063415752, "lamda": 0.6453168324107152}, "datetime": {"datetime": "2021-09-23 23:02:23", "elapsed": 368.319881, "delta": 2.261483}}
{"target": 0.4686563286656661, "params": {"C": 986.5155352352713, "epsilon": 0.9330206859699689, "gamma": 0.010493913105019001, "lamda": 0.66967804563664}, "datetime": {"datetime": "2021-09-23 23:02:25", "elapsed": 369.904023, "delta": 1.584142}}
{"target": 0.4672571512699726, "params": {"C": 1037.0987875742578, "epsilon": 0.744771654932294, "gamma": 0.0061157392021976885, "lamda": 0.7245983474444349}, "datetime": {"datetime": "2021-09-23 23:02:27", "elapsed": 371.599204, "delta": 1.695181}}
{"target": 0.4680753017907934, "params": {"C": 863.1617254240437, "epsilon": 0.8919222108352882, "gamma": 0.0076287349512706186, "lamda": 0.7124050732125221}, "datetime": {"datetime": "2021-09-23 23:02:28", "elapsed": 373.384576, "delta": 1.785372}}
{"target": 0.4666911341180602, "params": {"C": 985.4138807647422, "epsilon": 0.9992503823096366, "gamma": 0.006190334955028674, "lamda": 0.6043116895692212}, "datetime": {"datetime": "2021-09-23 23:02:31", "elapsed": 375.608558, "delta": 2.223982}}
{"target": 0.46627086644738336, "params": {"C": 948.2541926094841, "epsilon": 0.9239770533169389, "gamma": 0.006580980389320174, "lamda": 0.7547058404824587}, "datetime": {"datetime": "2021-09-23 23:02:32", "elapsed": 377.233879, "delta": 1.625321}}
{"target": 0.4687976573521311, "params": {"C": 946.8314690374873, "epsilon": 0.9517729554471247, "gamma": 0.010473934145101867, "lamda": 0.6141280548359742}, "datetime": {"datetime": "2021-09-23 23:02:35", "elapsed": 379.601143, "delta": 2.367264}}
{"target": 0.4695568166101547, "params": {"C": 886.3674778306728, "epsilon": 0.7018105839411214, "gamma": 0.009030997906825735, "lamda": 0.5820079584953423}, "datetime": {"datetime": "2021-09-23 23:02:37", "elapsed": 381.761032, "delta": 2.159889}}
{"target": 0.4691597664251962, "params": {"C": 892.233894884236, "epsilon": 0.894963590240678, "gamma": 0.008925724978993861, "lamda": 0.621431373579466}, "datetime": {"datetime": "2021-09-23 23:02:39", "elapsed": 383.830216, "delta": 2.069184}}
{"target": 0.46956779150331274, "params": {"C": 877.0234418534086, "epsilon": 0.7777631915442476, "gamma": 0.007616288357462973, "lamda": 0.5083158053669782}, "datetime": {"datetime": "2021-09-23 23:02:40", "elapsed": 385.539454, "delta": 1.709238}}
{"target": 0.46886906598700395, "params": {"C": 974.763635578707, "epsilon": 0.9749467464942347, "gamma": 0.010642470834130089, "lamda": 0.511390222277452}, "datetime": {"datetime": "2021-09-23 23:02:43", "elapsed": 387.641329, "delta": 2.101875}}
{"target": 0.4690519271261221, "params": {"C": 907.1370327897985, "epsilon": 0.8712945001239873, "gamma": 0.010011584762368068, "lamda": 0.6342008355639768}, "datetime": {"datetime": "2021-09-23 23:02:45", "elapsed": 389.739391, "delta": 2.098062}}
{"target": 0.4690284059346609, "params": {"C": 864.3925037517986, "epsilon": 0.9544877728342183, "gamma": 0.008557958651791688, "lamda": 0.5951794711816829}, "datetime": {"datetime": "2021-09-23 23:02:47", "elapsed": 391.805212, "delta": 2.065821}}
{"target": 0.4691907654441789, "params": {"C": 855.2833126117408, "epsilon": 0.8169978779484723, "gamma": 0.008124741394213823, "lamda": 0.6407306260058635}, "datetime": {"datetime": "2021-09-23 23:02:50", "elapsed": 395.029059, "delta": 3.223847}}
{"target": 0.4687553072024514, "params": {"C": 1046.0769724440697, "epsilon": 0.8372146569222246, "gamma": 0.00825539546221446, "lamda": 0.7140735866231522}, "datetime": {"datetime": "2021-09-23 23:02:53", "elapsed": 398.450407, "delta": 3.421348}}
{"target": 0.4688170573710385, "params": {"C": 911.9530231817431, "epsilon": 0.8730506521375012, "gamma": 0.007336424693851469, "lamda": 0.5907980328363043}, "datetime": {"datetime": "2021-09-23 23:02:56", "elapsed": 401.473704, "delta": 3.023297}}
{"target": 0.46860955949456284, "params": {"C": 1045.614511223425, "epsilon": 0.8285128884267, "gamma": 0.010827281443397615, "lamda": 0.5093909670951746}, "datetime": {"datetime": "2021-09-23 23:02:59", "elapsed": 404.251455, "delta": 2.777751}}
{"target": 0.4680528317224172, "params": {"C": 971.1456593465327, "epsilon": 0.9051114026472176, "gamma": 0.00726646261762454, "lamda": 0.6660361548569513}, "datetime": {"datetime": "2021-09-23 23:03:01", "elapsed": 405.926213, "delta": 1.674758}}
{"target": 0.4683279191058036, "params": {"C": 986.5352303559218, "epsilon": 0.8467361262817575, "gamma": 0.006643156555632095, "lamda": 0.5889885832426226}, "datetime": {"datetime": "2021-09-23 23:03:03", "elapsed": 408.244589, "delta": 2.318376}}
{"target": 0.4689953979035828, "params": {"C": 937.4496275814017, "epsilon": 0.9811195407496289, "gamma": 0.009680043909277897, "lamda": 0.5943203833176629}, "datetime": {"datetime": "2021-09-23 23:03:06", "elapsed": 410.582951, "delta": 2.338362}}
{"target": 0.468143094878532, "params": {"C": 924.7324256988497, "epsilon": 0.7692842063738586, "gamma": 0.011532109733868753, "lamda": 0.5741953516210014}, "datetime": {"datetime": "2021-09-23 23:03:09", "elapsed": 414.181447, "delta": 3.598496}}
{"target": 0.46769699165562595, "params": {"C": 874.8485524856682, "epsilon": 0.9785562976850153, "gamma": 0.007963037839626468, "lamda": 0.7203855562650551}, "datetime": {"datetime": "2021-09-23 23:03:11", "elapsed": 416.237011, "delta": 2.055564}}
{"target": 0.46886420353585967, "params": {"C": 933.8443896538984, "epsilon": 0.9009097426532748, "gamma": 0.00863284357594202, "lamda": 0.664910983228141}, "datetime": {"datetime": "2021-09-23 23:03:13", "elapsed": 418.314367, "delta": 2.077356}}
{"target": 0.4661393568663752, "params": {"C": 859.3140541701508, "epsilon": 0.9271571076434731, "gamma": 0.00672011857137391, "lamda": 0.7847111451095101}, "datetime": {"datetime": "2021-09-23 23:03:15", "elapsed": 420.148606, "delta": 1.834239}}
{"target": 0.46888295394386104, "params": {"C": 916.9455366554918, "epsilon": 0.7710280187290245, "gamma": 0.010355710672294292, "lamda": 0.7499277708423167}, "datetime": {"datetime": "2021-09-23 23:03:17", "elapsed": 422.062605, "delta": 1.913999}}
{"target": 0.46833094170075384, "params": {"C": 910.3042543025072, "epsilon": 0.9920679273736969, "gamma": 0.011498682135430486, "lamda": 0.5780420779616313}, "datetime": {"datetime": "2021-09-23 23:03:19", "elapsed": 424.051642, "delta": 1.989037}}
{"target": 0.46864205042641804, "params": {"C": 949.5372818082066, "epsilon": 0.8719799872919849, "gamma": 0.011060145119161202, "lamda": 0.5939046412501149}, "datetime": {"datetime": "2021-09-23 23:03:22", "elapsed": 427.042607, "delta": 2.990965}}
{"target": 0.4694008489556232, "params": {"C": 1032.4558880660811, "epsilon": 0.7742422943347577, "gamma": 0.008607060739654613, "lamda": 0.6473282589227599}, "datetime": {"datetime": "2021-09-23 23:03:24", "elapsed": 429.132603, "delta": 2.089996}}
{"target": 0.46622994715655797, "params": {"C": 1013.7744836083154, "epsilon": 0.9902007239033365, "gamma": 0.006723221950914192, "lamda": 0.7269672943373411}, "datetime": {"datetime": "2021-09-23 23:03:26", "elapsed": 431.316135, "delta": 2.183532}}
{"target": 0.4682794982898213, "params": {"C": 1035.8420503747416, "epsilon": 0.7569253832997493, "gamma": 0.007445432323884764, "lamda": 0.7895469700578563}, "datetime": {"datetime": "2021-09-23 23:03:28", "elapsed": 433.419135, "delta": 2.103}}
{"target": 0.4688657804390145, "params": {"C": 968.6497551333366, "epsilon": 0.78342459667813, "gamma": 0.008575004732854738, "lamda": 0.7661592574196138}, "datetime": {"datetime": "2021-09-23 23:03:30", "elapsed": 435.462137, "delta": 2.043002}}
{"target": 0.4679739956922633, "params": {"C": 943.6511247400153, "epsilon": 0.9145277054728123, "gamma": 0.011838955716931943, "lamda": 0.7262753199514455}, "datetime": {"datetime": "2021-09-23 23:03:33", "elapsed": 437.982143, "delta": 2.520006}}
{"target": 0.4686737501438325, "params": {"C": 899.0771873747664, "epsilon": 0.9105657938583923, "gamma": 0.007746145226923082, "lamda": 0.6274891035075301}, "datetime": {"datetime": "2021-09-23 23:03:35", "elapsed": 440.004134, "delta": 2.021991}}
{"target": 0.4681450885854116, "params": {"C": 872.2354507103204, "epsilon": 0.9436979311985144, "gamma": 0.01050976437387162, "lamda": 0.7720151256056358}, "datetime": {"datetime": "2021-09-23 23:03:37", "elapsed": 442.079134, "delta": 2.075}}
{"target": 0.4682218625828565, "params": {"C": 921.1812492068832, "epsilon": 0.7524797127705728, "gamma": 0.011735007764603983, "lamda": 0.7720250572043711}, "datetime": {"datetime": "2021-09-23 23:03:39", "elapsed": 444.207136, "delta": 2.128002}}
{"target": 0.4688684178665591, "params": {"C": 1015.310711803752, "epsilon": 0.9376734483297096, "gamma": 0.00763469419871475, "lamda": 0.570220917586996}, "datetime": {"datetime": "2021-09-23 23:03:41", "elapsed": 446.283136, "delta": 2.076}}
{"target": 0.46908936798109824, "params": {"C": 1000.6847907679395, "epsilon": 0.8362721517584968, "gamma": 0.008879224500523936, "lamda": 0.6829544793138194}, "datetime": {"datetime": "2021-09-23 23:03:44", "elapsed": 449.072804, "delta": 2.789668}}
{"target": 0.46781448363895095, "params": {"C": 905.5115797518431, "epsilon": 0.8659935869278117, "gamma": 0.006938712938540096, "lamda": 0.6854508850172509}, "datetime": {"datetime": "2021-09-23 23:03:46", "elapsed": 451.326805, "delta": 2.254001}}
{"target": 0.4685524970696693, "params": {"C": 941.4855995875284, "epsilon": 0.9311333205434347, "gamma": 0.008405015372990684, "lamda": 0.6786828465396038}, "datetime": {"datetime": "2021-09-23 23:03:49", "elapsed": 454.352729, "delta": 3.025924}}
{"target": 0.46916370499607407, "params": {"C": 990.3754382542205, "epsilon": 0.7859752191561701, "gamma": 0.008952316539223437, "lamda": 0.7127583002522844}, "datetime": {"datetime": "2021-09-23 23:03:51", "elapsed": 456.388658, "delta": 2.035929}}
{"target": 0.4694453748789388, "params": {"C": 929.981231693181, "epsilon": 0.9364991252521505, "gamma": 0.00833591770535876, "lamda": 0.5084095096877513}, "datetime": {"datetime": "2021-09-23 23:03:54", "elapsed": 458.803014, "delta": 2.414356}}
{"target": 0.468224461427987, "params": {"C": 875.2632189365036, "epsilon": 0.9735738910684368, "gamma": 0.011362935492667824, "lamda": 0.6710272443820304}, "datetime": {"datetime": "2021-09-23 23:03:56", "elapsed": 460.853958, "delta": 2.050944}}
{"target": 0.4687563499342515, "params": {"C": 964.0951203619112, "epsilon": 0.9863962625645899, "gamma": 0.01073287775177772, "lamda": 0.5662948909618841}, "datetime": {"datetime": "2021-09-23 23:03:58", "elapsed": 463.3425, "delta": 2.488542}}
{"target": 0.4686270510541941, "params": {"C": 1011.9709086891468, "epsilon": 0.8322380371443988, "gamma": 0.009351182075732465, "lamda": 0.7914657364250994}, "datetime": {"datetime": "2021-09-23 23:04:01", "elapsed": 465.883245, "delta": 2.540745}}
{"target": 0.4672910798114609, "params": {"C": 870.0978001775567, "epsilon": 0.9952965562891092, "gamma": 0.007089504618015704, "lamda": 0.6666406148059028}, "datetime": {"datetime": "2021-09-23 23:04:03", "elapsed": 467.850861, "delta": 1.967616}}
{"target": 0.4684449749591775, "params": {"C": 999.0345974027775, "epsilon": 0.9566598768010572, "gamma": 0.010710251814804424, "lamda": 0.6891821035105427}, "datetime": {"datetime": "2021-09-23 23:04:05", "elapsed": 469.746146, "delta": 1.895285}}
{"target": 0.46751624039480855, "params": {"C": 933.8179892921847, "epsilon": 0.7674411985692753, "gamma": 0.011764432246686395, "lamda": 0.5009799103458787}, "datetime": {"datetime": "2021-09-23 23:04:07", "elapsed": 471.57722, "delta": 1.831074}}
{"target": 0.4672525481465305, "params": {"C": 931.1405893712508, "epsilon": 0.7775787568713524, "gamma": 0.00622078093350385, "lamda": 0.7147199010396466}, "datetime": {"datetime": "2021-09-23 23:04:08", "elapsed": 473.489726, "delta": 1.912506}}
{"target": 0.46813786773764066, "params": {"C": 959.3142631733917, "epsilon": 0.7019842328755181, "gamma": 0.011689903657910932, "lamda": 0.6692235183724923}, "datetime": {"datetime": "2021-09-23 23:04:10", "elapsed": 475.326706, "delta": 1.83698}}
{"target": 0.46772170160956483, "params": {"C": 977.1150529848059, "epsilon": 0.7076456532760252, "gamma": 0.006078572937841619, "lamda": 0.6901408432153344}, "datetime": {"datetime": "2021-09-23 23:04:12", "elapsed": 477.094707, "delta": 1.768001}}
{"target": 0.4683223978983171, "params": {"C": 992.8474785884074, "epsilon": 0.8299857072886688, "gamma": 0.006972945698972192, "lamda": 0.6517140041328635}, "datetime": {"datetime": "2021-09-23 23:04:14", "elapsed": 479.480714, "delta": 2.386007}}
{"target": 0.46796303147901674, "params": {"C": 934.9317631854701, "epsilon": 0.7381256791823784, "gamma": 0.006207971999350386, "lamda": 0.6516334398253476}, "datetime": {"datetime": "2021-09-23 23:04:17", "elapsed": 481.795705, "delta": 2.314991}}
{"target": 0.4684801913271849, "params": {"C": 898.6589910845404, "epsilon": 0.868167203827696, "gamma": 0.01115258034461335, "lamda": 0.5229102719247151}, "datetime": {"datetime": "2021-09-23 23:04:19", "elapsed": 483.922706, "delta": 2.127001}}
{"target": 0.4688483179123967, "params": {"C": 1036.966209436175, "epsilon": 0.810128249207227, "gamma": 0.010586926522675514, "lamda": 0.6863767089974239}, "datetime": {"datetime": "2021-09-23 23:04:21", "elapsed": 486.301706, "delta": 2.379}}
{"target": 0.46842775619897614, "params": {"C": 910.5883857074789, "epsilon": 0.9992340542170322, "gamma": 0.010788954661927194, "lamda": 0.656537527503924}, "datetime": {"datetime": "2021-09-23 23:04:24", "elapsed": 488.757896, "delta": 2.45619}}
{"target": 0.4667162294545776, "params": {"C": 960.150424887295, "epsilon": 0.8352300385039755, "gamma": 0.00632537446523534, "lamda": 0.7440941729696501}, "datetime": {"datetime": "2021-09-23 23:04:26", "elapsed": 490.562677, "delta": 1.804781}}
{"target": 0.4690794082506268, "params": {"C": 1031.7033657422612, "epsilon": 0.7099572183752715, "gamma": 0.008368282737169962, "lamda": 0.7883717067077627}, "datetime": {"datetime": "2021-09-23 23:04:28", "elapsed": 493.162219, "delta": 2.599542}}
{"target": 0.4693795217901643, "params": {"C": 1037.1100395547214, "epsilon": 0.938404838118679, "gamma": 0.008719646190409606, "lamda": 0.5358483471610859}, "datetime": {"datetime": "2021-09-23 23:04:30", "elapsed": 494.975065, "delta": 1.812846}}
{"target": 0.4677553021033204, "params": {"C": 886.8278276883874, "epsilon": 0.8050790538902399, "gamma": 0.011962600870394142, "lamda": 0.5492368428075067}, "datetime": {"datetime": "2021-09-23 23:04:32", "elapsed": 497.04337, "delta": 2.068305}}
{"target": 0.4690639906895875, "params": {"C": 1033.432568954816, "epsilon": 0.8785695000052558, "gamma": 0.010086945098826015, "lamda": 0.612525136984897}, "datetime": {"datetime": "2021-09-23 23:04:34", "elapsed": 498.866141, "delta": 1.822771}}
{"target": 0.46922078442533754, "params": {"C": 936.5239577838558, "epsilon": 0.7636122179395475, "gamma": 0.009880396475141728, "lamda": 0.6584732806474997}, "datetime": {"datetime": "2021-09-23 23:04:36", "elapsed": 500.842558, "delta": 1.976417}}
{"target": 0.469661722380042, "params": {"C": 943.6149656382233, "epsilon": 0.7480843723719918, "gamma": 0.008287354621570304, "lamda": 0.5312884948903336}, "datetime": {"datetime": "2021-09-23 23:04:38", "elapsed": 502.662844, "delta": 1.820286}}
{"target": 0.46835177838913755, "params": {"C": 1039.147815885086, "epsilon": 0.9265607536867919, "gamma": 0.01009488469855701, "lamda": 0.7571600226010533}, "datetime": {"datetime": "2021-09-23 23:04:40", "elapsed": 504.723759, "delta": 2.060915}}
{"target": 0.4687181133981869, "params": {"C": 886.7738435926539, "epsilon": 0.7195784797410263, "gamma": 0.010909421212673848, "lamda": 0.7740990933808869}, "datetime": {"datetime": "2021-09-23 23:04:42", "elapsed": 506.631621, "delta": 1.907862}}
