{"target": 0.460546671682006, "params": {"C": 142.30514335000285, "epsilon": 0.9986842446028654, "gamma": 0.015043209603371337, "lamda": 0.5619361905343101}, "datetime": {"datetime": "2021-09-23 18:26:23", "elapsed": 235.60741, "delta": 1.227947}}
{"target": 0.4592885687436776, "params": {"C": 187.83822792960436, "epsilon": 0.907404106008572, "gamma": 0.019146251094621407, "lamda": 0.6352012102632465}, "datetime": {"datetime": "2021-09-23 18:26:25", "elapsed": 237.345644, "delta": 1.738234}}
{"target": 0.44432077400813275, "params": {"C": 187.88105701183144, "epsilon": 0.8941898557784704, "gamma": 0.027772508327176357, "lamda": 0.5838836935673029}, "datetime": {"datetime": "2021-09-23 18:26:27", "elapsed": 238.755508, "delta": 1.409864}}
{"target": 0.4523160637464454, "params": {"C": 158.39074295619608, "epsilon": 0.9278825945478264, "gamma": 0.02613662719920292, "lamda": 0.7747499500240338}, "datetime": {"datetime": "2021-09-23 18:26:28", "elapsed": 240.155547, "delta": 1.400039}}
{"target": 0.4575529492760586, "params": {"C": 187.90621203201744, "epsilon": 0.9705638972591364, "gamma": 0.020810634307800554, "lamda": 0.6083692567157236}, "datetime": {"datetime": "2021-09-23 18:26:29", "elapsed": 241.575541, "delta": 1.419994}}
{"target": 0.4538570786055883, "params": {"C": 95.48424205576188, "epsilon": 0.8141315802491249, "gamma": 0.01992036074137722, "lamda": 0.901192688229416}, "datetime": {"datetime": "2021-09-23 18:26:30", "elapsed": 242.687562, "delta": 1.112021}}
{"target": 0.4644907001393067, "params": {"C": 120.2638063626232, "epsilon": 0.8758119943441502, "gamma": 0.014642952749153323, "lamda": 0.9821902103876514}, "datetime": {"datetime": "2021-09-23 18:26:32", "elapsed": 243.739561, "delta": 1.051999}}
{"target": 0.464402636571997, "params": {"C": 155.2581298694887, "epsilon": 0.8255682844748797, "gamma": 0.005680460389292403, "lamda": 0.8455865611618184}, "datetime": {"datetime": "2021-09-23 18:26:33", "elapsed": 245.131562, "delta": 1.392001}}
{"target": 0.45366067363850704, "params": {"C": 195.24978332435765, "epsilon": 0.9611630846229409, "gamma": 0.02341924708957482, "lamda": 0.592397646414487}, "datetime": {"datetime": "2021-09-23 18:26:34", "elapsed": 246.709564, "delta": 1.578002}}
{"target": 0.4521195850781674, "params": {"C": 155.65165728304675, "epsilon": 0.9007450595537377, "gamma": 0.02772497492548864, "lamda": 0.9648985003732258}, "datetime": {"datetime": "2021-09-23 18:26:36", "elapsed": 247.748562, "delta": 1.038998}}
{"target": 0.45740021165011546, "params": {"C": 171.03476201418212, "epsilon": 0.8228878127560298, "gamma": 0.01923607839426767, "lamda": 0.6739016356180806}, "datetime": {"datetime": "2021-09-23 18:26:37", "elapsed": 249.532087, "delta": 1.783525}}
{"target": 0.4655320114203575, "params": {"C": 174.8668941825947, "epsilon": 0.8040944850600965, "gamma": 0.006812066271042972, "lamda": 0.9857616411896508}, "datetime": {"datetime": "2021-09-23 18:26:39", "elapsed": 250.944094, "delta": 1.412007}}
{"target": 0.461173447340247, "params": {"C": 122.37887981471015, "epsilon": 0.7577077538892625, "gamma": 0.012839899988870467, "lamda": 0.8124855110013595}, "datetime": {"datetime": "2021-09-23 18:26:40", "elapsed": 252.095086, "delta": 1.150992}}
{"target": 0.43684562066390153, "params": {"C": 105.12037797066978, "epsilon": 0.8978044016614819, "gamma": 0.028357763515219746, "lamda": 0.5757621668747185}, "datetime": {"datetime": "2021-09-23 18:26:41", "elapsed": 253.326115, "delta": 1.231029}}
{"target": 0.4411775768697431, "params": {"C": 141.2779520104798, "epsilon": 0.9577355467781281, "gamma": 0.02720295424981411, "lamda": 0.5073353406678628}, "datetime": {"datetime": "2021-09-23 18:26:42", "elapsed": 254.598147, "delta": 1.272032}}
{"target": 0.46139931454818484, "params": {"C": 179.97810336909777, "epsilon": 0.9787831705953093, "gamma": 0.019024733246055574, "lamda": 0.7103509332511266}, "datetime": {"datetime": "2021-09-23 18:26:44", "elapsed": 256.100191, "delta": 1.502044}}
{"target": 0.45116437656982866, "params": {"C": 195.30031837528003, "epsilon": 0.9716350883837519, "gamma": 0.026132884629803826, "lamda": 0.6381668013838736}, "datetime": {"datetime": "2021-09-23 18:26:46", "elapsed": 257.776704, "delta": 1.676513}}
{"target": 0.4661342390229555, "params": {"C": 164.61929795731632, "epsilon": 0.8099487279133317, "gamma": 0.013108131131359883, "lamda": 0.8033445136272303}, "datetime": {"datetime": "2021-09-23 18:26:47", "elapsed": 258.948699, "delta": 1.171995}}
{"target": 0.4678605115884772, "params": {"C": 161.7546726701645, "epsilon": 0.7971793751578302, "gamma": 0.010288427884795939, "lamda": 0.9696154290901758}, "datetime": {"datetime": "2021-09-23 18:26:48", "elapsed": 260.550765, "delta": 1.602066}}
{"target": 0.45714233649571123, "params": {"C": 187.73188878828051, "epsilon": 0.8941630107870122, "gamma": 0.02250875325175631, "lamda": 0.765662262292724}, "datetime": {"datetime": "2021-09-23 18:26:50", "elapsed": 261.928764, "delta": 1.377999}}
{"target": 0.45976020065195233, "params": {"C": 158.42394199531506, "epsilon": 0.9712499419272036, "gamma": 0.020339817433955847, "lamda": 0.7584286848776759}, "datetime": {"datetime": "2021-09-23 18:26:51", "elapsed": 263.642766, "delta": 1.714002}}
{"target": 0.4656859857719037, "params": {"C": 173.65008631867323, "epsilon": 0.9804816352469223, "gamma": 0.007661059582938849, "lamda": 0.8964515125437693}, "datetime": {"datetime": "2021-09-23 18:26:53", "elapsed": 265.051764, "delta": 1.408998}}
{"target": 0.4645940849163591, "params": {"C": 139.74724642190844, "epsilon": 0.7556710669560878, "gamma": 0.007328958084286498, "lamda": 0.8456124448760529}, "datetime": {"datetime": "2021-09-23 18:26:54", "elapsed": 266.538773, "delta": 1.487009}}
{"target": 0.4602538905474708, "params": {"C": 161.7296052123913, "epsilon": 0.8293795628533766, "gamma": 0.020414173305449194, "lamda": 0.9345799270633419}, "datetime": {"datetime": "2021-09-23 18:26:56", "elapsed": 267.954765, "delta": 1.415992}}
{"target": 0.4584341578946425, "params": {"C": 187.6773857370104, "epsilon": 0.8718650404739704, "gamma": 0.021310017413713963, "lamda": 0.7601235423593053}, "datetime": {"datetime": "2021-09-23 18:26:57", "elapsed": 269.627987, "delta": 1.673222}}
{"target": 0.46317985107191506, "params": {"C": 155.3033759351481, "epsilon": 0.8170963721134321, "gamma": 0.01662315054523814, "lamda": 0.8598608975842881}, "datetime": {"datetime": "2021-09-23 18:26:59", "elapsed": 270.933044, "delta": 1.305057}}
{"target": 0.4588626598090121, "params": {"C": 108.39901946073668, "epsilon": 0.9444296263989133, "gamma": 0.015287379696242675, "lamda": 0.7201078104877797}, "datetime": {"datetime": "2021-09-23 18:27:00", "elapsed": 272.187522, "delta": 1.254478}}
{"target": 0.4640693743555415, "params": {"C": 139.7448921559285, "epsilon": 0.7922245428043506, "gamma": 0.006221996676146455, "lamda": 0.8656582554161193}, "datetime": {"datetime": "2021-09-23 18:27:02", "elapsed": 273.736581, "delta": 1.549059}}
{"target": 0.4568304674145327, "params": {"C": 124.57901477194346, "epsilon": 0.9350359337732126, "gamma": 0.02396222751186756, "lamda": 1.0513285022867094}, "datetime": {"datetime": "2021-09-23 18:27:03", "elapsed": 274.930973, "delta": 1.194392}}
{"target": 0.44933291153089183, "params": {"C": 93.79625745986861, "epsilon": 0.9084055976143928, "gamma": 0.01866728154687611, "lamda": 0.6195458280316535}, "datetime": {"datetime": "2021-09-23 18:27:04", "elapsed": 276.265934, "delta": 1.334961}}
{"target": 0.46180470720746425, "params": {"C": 158.38487100995692, "epsilon": 0.9877363772708517, "gamma": 0.005, "lamda": 0.7784669223910641}, "datetime": {"datetime": "2021-09-23 18:27:06", "elapsed": 277.948085, "delta": 1.682151}}
{"target": 0.46651229133753147, "params": {"C": 187.79981321382326, "epsilon": 0.851353814998811, "gamma": 0.00618447156316821, "lamda": 0.7002558324438566}, "datetime": {"datetime": "2021-09-23 18:27:08", "elapsed": 280.084514, "delta": 2.136429}}
{"target": 0.4572939956090464, "params": {"C": 191.25553335600281, "epsilon": 0.9658208759753772, "gamma": 0.01901543816623957, "lamda": 0.5298431611438501}, "datetime": {"datetime": "2021-09-23 18:27:10", "elapsed": 281.751514, "delta": 1.667}}
{"target": 0.46185803555159544, "params": {"C": 179.90492060901462, "epsilon": 0.960060789820457, "gamma": 0.018537835428498205, "lamda": 0.7160998913222518}, "datetime": {"datetime": "2021-09-23 18:27:11", "elapsed": 283.437885, "delta": 1.686371}}
{"target": 0.45497096311562546, "params": {"C": 127.60059520151273, "epsilon": 0.7966422548020007, "gamma": 0.020973006539014925, "lamda": 0.8127533258745845}, "datetime": {"datetime": "2021-09-23 18:27:12", "elapsed": 284.622937, "delta": 1.185052}}
{"target": 0.4624785943625549, "params": {"C": 174.85527055168487, "epsilon": 0.8597368194166941, "gamma": 0.018434819838522035, "lamda": 0.9970519866972436}, "datetime": {"datetime": "2021-09-23 18:27:14", "elapsed": 286.11694, "delta": 1.494003}}
{"target": 0.4655315469285761, "params": {"C": 198.2998777240548, "epsilon": 0.7193055023744417, "gamma": 0.01516890748809457, "lamda": 0.9947020277708414}, "datetime": {"datetime": "2021-09-23 18:27:16", "elapsed": 287.919012, "delta": 1.802072}}
{"target": 0.4665710406375341, "params": {"C": 194.16380595097138, "epsilon": 0.9609662085521733, "gamma": 0.006352673765657686, "lamda": 0.6511574670874437}, "datetime": {"datetime": "2021-09-23 18:27:18", "elapsed": 289.75401, "delta": 1.834998}}
{"target": 0.43987542095390963, "params": {"C": 92.66950595144088, "epsilon": 0.7996255336842273, "gamma": 0.028780838060381515, "lamda": 0.7830944639359394}, "datetime": {"datetime": "2021-09-23 18:27:19", "elapsed": 290.949103, "delta": 1.195093}}
{"target": 0.4591122556878453, "params": {"C": 122.32362323187766, "epsilon": 0.767170886218393, "gamma": 0.01174900927230111, "lamda": 0.7075665927399152}, "datetime": {"datetime": "2021-09-23 18:27:20", "elapsed": 292.105292, "delta": 1.156189}}
{"target": 0.45994162588869447, "params": {"C": 187.73029851766736, "epsilon": 0.8972887223737258, "gamma": 0.019545659349393157, "lamda": 0.6934420832147641}, "datetime": {"datetime": "2021-09-23 18:27:22", "elapsed": 294.141008, "delta": 2.035716}}
{"target": 0.4580091817246922, "params": {"C": 123.33225935948636, "epsilon": 0.919855139524269, "gamma": 0.02136541519039018, "lamda": 0.9157252932133076}, "datetime": {"datetime": "2021-09-23 18:27:23", "elapsed": 295.35856, "delta": 1.217552}}
{"target": 0.4544501116731835, "params": {"C": 111.15396088401057, "epsilon": 0.9825947249158782, "gamma": 0.01671966965581791, "lamda": 0.5945756045148873}, "datetime": {"datetime": "2021-09-23 18:27:24", "elapsed": 296.717196, "delta": 1.358636}}
{"target": 0.44842306228621964, "params": {"C": 84.19019071460389, "epsilon": 0.9731961699879098, "gamma": 0.01298206429018409, "lamda": 0.46361472038891804}, "datetime": {"datetime": "2021-09-23 18:27:26", "elapsed": 298.004108, "delta": 1.286912}}
{"target": 0.43279301060191255, "params": {"C": 107.17256694676631, "epsilon": 0.7064342150535421, "gamma": 0.028262331459007275, "lamda": 0.6195853469404757}, "datetime": {"datetime": "2021-09-23 18:27:27", "elapsed": 299.302721, "delta": 1.298613}}
{"target": 0.4582025946696626, "params": {"C": 172.07488922824496, "epsilon": 0.9628069068525295, "gamma": 0.02227716326756102, "lamda": 0.8315964410660877}, "datetime": {"datetime": "2021-09-23 18:27:28", "elapsed": 300.551469, "delta": 1.248748}}
{"target": 0.4601923778913657, "params": {"C": 174.88427935162403, "epsilon": 0.832090201827523, "gamma": 0.020544427369899136, "lamda": 0.9594189526924047}, "datetime": {"datetime": "2021-09-23 18:27:30", "elapsed": 302.658225, "delta": 2.106756}}
{"target": 0.4507158072758465, "params": {"C": 174.37299364713567, "epsilon": 0.923768636963278, "gamma": 0.027925548091116126, "lamda": 0.8106576016109277}, "datetime": {"datetime": "2021-09-23 18:27:32", "elapsed": 304.535989, "delta": 1.877764}}
{"target": 0.4549921571319996, "params": {"C": 123.08766003102788, "epsilon": 0.9675757222826336, "gamma": 0.0235263151198033, "lamda": 0.8383307361149057}, "datetime": {"datetime": "2021-09-23 18:27:34", "elapsed": 305.787908, "delta": 1.251919}}
{"target": 0.4546514520079792, "params": {"C": 198.29012231873105, "epsilon": 0.7460331398745491, "gamma": 0.024862625417232827, "lamda": 0.9820570966723701}, "datetime": {"datetime": "2021-09-23 18:27:36", "elapsed": 307.790546, "delta": 2.002638}}
{"target": 0.4589351531944651, "params": {"C": 172.32568087765037, "epsilon": 0.7297392035257756, "gamma": 0.020826308872076572, "lamda": 0.9302334173300157}, "datetime": {"datetime": "2021-09-23 18:27:37", "elapsed": 309.473361, "delta": 1.682815}}
{"target": 0.45523425836954357, "params": {"C": 172.2868857146937, "epsilon": 0.7803517132188045, "gamma": 0.024333055330737235, "lamda": 0.92998940814391}, "datetime": {"datetime": "2021-09-23 18:27:39", "elapsed": 311.100176, "delta": 1.626815}}
{"target": 0.4637231341771433, "params": {"C": 119.81764531776298, "epsilon": 0.9536935497725723, "gamma": 0.014204189809565407, "lamda": 0.8215176511507922}, "datetime": {"datetime": "2021-09-23 18:27:40", "elapsed": 312.407604, "delta": 1.307428}}
{"target": 0.4671515414682188, "params": {"C": 194.18007151229406, "epsilon": 0.9322304306035917, "gamma": 0.012502292075240102, "lamda": 0.6355029291130082}, "datetime": {"datetime": "2021-09-23 18:27:42", "elapsed": 314.406662, "delta": 1.999058}}
{"target": 0.44671473309684195, "params": {"C": 187.80172505247782, "epsilon": 0.8647258176481353, "gamma": 0.02838268322424925, "lamda": 0.6793640555665774}, "datetime": {"datetime": "2021-09-23 18:27:44", "elapsed": 316.493518, "delta": 2.086856}}
{"target": 0.4672349397005008, "params": {"C": 158.00148090028222, "epsilon": 0.8365450954660596, "gamma": 0.011635033702871582, "lamda": 0.8271726203828905}, "datetime": {"datetime": "2021-09-23 18:27:46", "elapsed": 318.13305, "delta": 1.639532}}
{"target": 0.4568378393655872, "params": {"C": 198.93932464173454, "epsilon": 0.8376805982043297, "gamma": 0.02175095795204641, "lamda": 0.7096116870030562}, "datetime": {"datetime": "2021-09-23 18:27:47", "elapsed": 319.438761, "delta": 1.305711}}
{"target": 0.46287583362538987, "params": {"C": 187.68472917844244, "epsilon": 0.9198802752739502, "gamma": 0.005, "lamda": 0.7625814891624872}, "datetime": {"datetime": "2021-09-23 18:27:49", "elapsed": 321.616457, "delta": 2.177696}}
{"target": 0.45509371697613454, "params": {"C": 89.8388393128413, "epsilon": 0.8137073077569409, "gamma": 0.021641696226662586, "lamda": 1.091405264921628}, "datetime": {"datetime": "2021-09-23 18:27:51", "elapsed": 322.871098, "delta": 1.254641}}
{"target": 0.45749088722834497, "params": {"C": 155.295291699991, "epsilon": 0.8675805131244043, "gamma": 0.021230427297884543, "lamda": 0.7875729798776759}, "datetime": {"datetime": "2021-09-23 18:27:53", "elapsed": 324.956, "delta": 2.084902}}
{"target": 0.46296333281407387, "params": {"C": 198.31940438764744, "epsilon": 0.71959358405498, "gamma": 0.005, "lamda": 0.9635448856548039}, "datetime": {"datetime": "2021-09-23 18:27:55", "elapsed": 327.313812, "delta": 2.357812}}
{"target": 0.4392492074777302, "params": {"C": 124.2586224000571, "epsilon": 0.8866452032696011, "gamma": 0.027729891729502486, "lamda": 0.5607375619310417}, "datetime": {"datetime": "2021-09-23 18:27:56", "elapsed": 328.679541, "delta": 1.365729}}
{"target": 0.4520696647400001, "params": {"C": 194.15372622749112, "epsilon": 0.9358677335938063, "gamma": 0.02439596103022366, "lamda": 0.6053356520891013}, "datetime": {"datetime": "2021-09-23 18:27:58", "elapsed": 330.460753, "delta": 1.781212}}
{"target": 0.4681669702320226, "params": {"C": 169.85042319676833, "epsilon": 0.7938633598905797, "gamma": 0.00949060249239912, "lamda": 0.8344582880614455}, "datetime": {"datetime": "2021-09-23 18:28:00", "elapsed": 332.447917, "delta": 1.987164}}
{"target": 0.4664504534258954, "params": {"C": 155.31741487348816, "epsilon": 0.8213015634712352, "gamma": 0.01315382751724525, "lamda": 0.8760153225326858}, "datetime": {"datetime": "2021-09-23 18:28:02", "elapsed": 333.896805, "delta": 1.448888}}
{"target": 0.46725064539859784, "params": {"C": 173.6150264843541, "epsilon": 0.9717745088857455, "gamma": 0.010335530227021677, "lamda": 0.8894729722211676}, "datetime": {"datetime": "2021-09-23 18:28:03", "elapsed": 335.685769, "delta": 1.788964}}
{"target": 0.45833800131311586, "params": {"C": 91.18782676691245, "epsilon": 0.804784528492271, "gamma": 0.007825695366023747, "lamda": 0.9211700519278194}, "datetime": {"datetime": "2021-09-23 18:28:05", "elapsed": 337.014187, "delta": 1.328418}}
{"target": 0.44681363348092795, "params": {"C": 194.22335893089848, "epsilon": 0.9489063912142713, "gamma": 0.028373676258371762, "lamda": 0.6167234801160283}, "datetime": {"datetime": "2021-09-23 18:28:07", "elapsed": 338.782184, "delta": 1.767997}}
{"target": 0.4672609610203112, "params": {"C": 194.19487646438233, "epsilon": 0.9565822262952091, "gamma": 0.006718091552775583, "lamda": 0.620859523451337}, "datetime": {"datetime": "2021-09-23 18:28:08", "elapsed": 340.158008, "delta": 1.375824}}
{"target": 0.45784876663806906, "params": {"C": 187.838238789121, "epsilon": 0.7851896397765546, "gamma": 0.019673379299602927, "lamda": 0.7048656337601156}, "datetime": {"datetime": "2021-09-23 18:28:10", "elapsed": 342.045509, "delta": 1.887501}}
{"target": 0.4569692484825407, "params": {"C": 155.2698652855919, "epsilon": 0.8263713677759834, "gamma": 0.021463807474924143, "lamda": 0.8150852552408498}, "datetime": {"datetime": "2021-09-23 18:28:12", "elapsed": 344.093466, "delta": 2.047957}}
{"target": 0.45116340613014994, "params": {"C": 161.78713896328338, "epsilon": 0.8395508990409006, "gamma": 0.02809761076806879, "lamda": 0.9598329909382644}, "datetime": {"datetime": "2021-09-23 18:28:14", "elapsed": 345.902799, "delta": 1.809333}}
{"target": 0.4617347734544093, "params": {"C": 199.6910647363319, "epsilon": 0.9638475999296539, "gamma": 0.018904806182027604, "lamda": 0.7573084997192572}, "datetime": {"datetime": "2021-09-23 18:28:15", "elapsed": 347.186809, "delta": 1.28401}}
{"target": 0.4656238007485354, "params": {"C": 139.78259453208267, "epsilon": 0.7628025104221227, "gamma": 0.00991069055948901, "lamda": 0.8422701691417371}, "datetime": {"datetime": "2021-09-23 18:28:17", "elapsed": 349.683064, "delta": 2.496255}}
{"target": 0.4567300441918116, "params": {"C": 174.8395768938508, "epsilon": 0.8258585825791418, "gamma": 0.023742549129001925, "lamda": 1.0060278369541944}, "datetime": {"datetime": "2021-09-23 18:28:20", "elapsed": 351.820548, "delta": 2.137484}}
{"target": 0.4663132891215056, "params": {"C": 173.62141946859936, "epsilon": 0.9997106465358727, "gamma": 0.00862321830511424, "lamda": 0.9028980008596555}, "datetime": {"datetime": "2021-09-23 18:28:22", "elapsed": 353.762458, "delta": 1.94191}}
{"target": 0.452142818209449, "params": {"C": 187.673809510618, "epsilon": 0.9295239401600914, "gamma": 0.026633230989696433, "lamda": 0.7800476532343403}, "datetime": {"datetime": "2021-09-23 18:28:23", "elapsed": 355.70504, "delta": 1.942582}}
{"target": 0.4562061893998943, "params": {"C": 161.90932114116276, "epsilon": 0.9330206859699689, "gamma": 0.02372463793757917, "lamda": 0.8176357655460533}, "datetime": {"datetime": "2021-09-23 18:28:25", "elapsed": 357.255956, "delta": 1.550916}}
{"target": 0.46415923244208557, "params": {"C": 192.25927254455462, "epsilon": 0.744771654932294, "gamma": 0.005482246675823703, "lamda": 0.9366297527962755}, "datetime": {"datetime": "2021-09-23 18:28:27", "elapsed": 358.803091, "delta": 1.547135}}
{"target": 0.4596532716301287, "params": {"C": 87.89703525442617, "epsilon": 0.8919222108352882, "gamma": 0.011786395630294242, "lamda": 0.9102109919604646}, "datetime": {"datetime": "2021-09-23 18:28:28", "elapsed": 360.432255, "delta": 1.629164}}
{"target": 0.451311317090044, "params": {"C": 169.8175359599764, "epsilon": 0.8108790950310507, "gamma": 0.026849890444673556, "lamda": 0.8572586708472013}, "datetime": {"datetime": "2021-09-23 18:28:30", "elapsed": 362.636195, "delta": 2.20394}}
{"target": 0.46490754945523793, "params": {"C": 138.95251556569045, "epsilon": 0.9239770533169389, "gamma": 0.007420751622167391, "lamda": 1.0018626543786606}, "datetime": {"datetime": "2021-09-23 18:28:32", "elapsed": 364.127499, "delta": 1.491304}}
{"target": 0.45273773813498663, "params": {"C": 138.09888142249235, "epsilon": 0.9517729554471247, "gamma": 0.023641392271257777, "lamda": 0.6972774521446108}, "datetime": {"datetime": "2021-09-23 18:28:34", "elapsed": 365.785728, "delta": 1.658229}}
{"target": 0.4537345476806749, "params": {"C": 191.2309065682553, "epsilon": 0.9920200308286659, "gamma": 0.020741279188439026, "lamda": 0.4891600668190903}, "datetime": {"datetime": "2021-09-23 18:28:36", "elapsed": 368.240587, "delta": 2.454859}}
{"target": 0.4550930931254684, "params": {"C": 105.34033693054157, "epsilon": 0.894963590240678, "gamma": 0.01719052074580775, "lamda": 0.7131013094221763}, "datetime": {"datetime": "2021-09-23 18:28:38", "elapsed": 369.860687, "delta": 1.6201}}
{"target": 0.44841216858073496, "params": {"C": 96.21406511204512, "epsilon": 0.7777631915442476, "gamma": 0.011734534822762386, "lamda": 0.4680175782951193}, "datetime": {"datetime": "2021-09-23 18:28:40", "elapsed": 372.009922, "delta": 2.149235}}
{"target": 0.4452851510125527, "params": {"C": 154.8581813472242, "epsilon": 0.9749467464942347, "gamma": 0.024343628475542032, "lamda": 0.47467881493447933}, "datetime": {"datetime": "2021-09-23 18:28:42", "elapsed": 373.937736, "delta": 1.927814}}
{"target": 0.463511709222197, "params": {"C": 174.87927247713708, "epsilon": 0.8302272834944151, "gamma": 0.005926278797673777, "lamda": 0.9911711935166378}, "datetime": {"datetime": "2021-09-23 18:28:44", "elapsed": 375.849828, "delta": 1.912092}}
