{"target": -43.16744210002146, "params": {"C": 197.4923374334387, "epsilon": 0.6506234151854393, "gamma": 0.03822959713791383, "lamda": 0.9807908668212881}, "datetime": {"datetime": "2021-09-24 19:38:07", "elapsed": 420.540403, "delta": 3.141422}}
{"target": -43.14475510681981, "params": {"C": 199.86115097136008, "epsilon": 0.6648044442750959, "gamma": 0.0032014388265799217, "lamda": 1.727710438158735}, "datetime": {"datetime": "2021-09-24 19:38:09", "elapsed": 422.858305, "delta": 2.317902}}
{"target": -42.57976168444157, "params": {"C": 159.0677954653445, "epsilon": 0.49138813898879796, "gamma": 0.02353794455691067, "lamda": 1.4723557538287992}, "datetime": {"datetime": "2021-09-24 19:38:11", "elapsed": 424.943621, "delta": 2.085316}}
{"target": -42.824903249763835, "params": {"C": 221.63959126783183, "epsilon": 0.38764394604464036, "gamma": 0.02971731265628343, "lamda": 1.6234480051784002}, "datetime": {"datetime": "2021-09-24 19:38:13", "elapsed": 426.646209, "delta": 1.702588}}
{"target": -42.03555040508914, "params": {"C": 199.95853792041322, "epsilon": 0.5386558555323069, "gamma": 0.0076481954815561535, "lamda": 1.7399745834015725}, "datetime": {"datetime": "2021-09-24 19:38:15", "elapsed": 428.914932, "delta": 2.268723}}
{"target": -43.43762692528108, "params": {"C": 243.55501977736077, "epsilon": 0.8562779556102511, "gamma": 0.045874162141758504, "lamda": 0.8672922867517339}, "datetime": {"datetime": "2021-09-24 19:38:17", "elapsed": 430.573879, "delta": 1.658947}}
{"target": -46.16947059442128, "params": {"C": 168.41391384419373, "epsilon": 0.5451844590772266, "gamma": 0.09938291436150334, "lamda": 0.9297719331016983}, "datetime": {"datetime": "2021-09-24 19:38:19", "elapsed": 432.371973, "delta": 1.798094}}
{"target": -44.267926945782506, "params": {"C": 241.71628447740798, "epsilon": 0.7166621666789303, "gamma": 0.06843459413062924, "lamda": 1.225117305929519}, "datetime": {"datetime": "2021-09-24 19:38:21", "elapsed": 434.156626, "delta": 1.784653}}
{"target": -44.173207826941045, "params": {"C": 193.26197889192792, "epsilon": 0.4484285085256108, "gamma": 0.06502654183983853, "lamda": 1.4395419763549984}, "datetime": {"datetime": "2021-09-24 19:38:22", "elapsed": 435.878777, "delta": 1.722151}}
{"target": -43.64641653019414, "params": {"C": 196.80748281911167, "epsilon": 0.4121968688679808, "gamma": 0.038741351255910016, "lamda": 0.8460129761548899}, "datetime": {"datetime": "2021-09-24 19:38:24", "elapsed": 437.68702, "delta": 1.808243}}
{"target": -44.50263469382491, "params": {"C": 244.57390794254292, "epsilon": 0.8286417586025145, "gamma": 0.06856559752619065, "lamda": 1.9000801054715821}, "datetime": {"datetime": "2021-09-24 19:38:26", "elapsed": 439.338359, "delta": 1.651339}}
{"target": -44.88010583149666, "params": {"C": 168.38692179632693, "epsilon": 0.34568311939572804, "gamma": 0.08200545000911849, "lamda": 1.9791291024441386}, "datetime": {"datetime": "2021-09-24 19:38:28", "elapsed": 441.233424, "delta": 1.895065}}
{"target": -43.65073266552726, "params": {"C": 221.58520524083156, "epsilon": 0.40513071335603, "gamma": 0.0523747010136022, "lamda": 1.641729201421508}, "datetime": {"datetime": "2021-09-24 19:38:31", "elapsed": 444.273174, "delta": 3.03975}}
{"target": -41.90699445713834, "params": {"C": 176.035905189403, "epsilon": 0.7385491868929732, "gamma": 0.00670650432226291, "lamda": 0.8683060250302105}, "datetime": {"datetime": "2021-09-24 19:38:33", "elapsed": 446.132777, "delta": 1.859603}}
{"target": -45.64673186691084, "params": {"C": 200.02583277567038, "epsilon": 0.9743508027236554, "gamma": 0.0902910653101632, "lamda": 1.9544014950644064}, "datetime": {"datetime": "2021-09-24 19:38:34", "elapsed": 447.889641, "delta": 1.756864}}
{"target": -43.13454252644821, "params": {"C": 185.81047277914988, "epsilon": 0.3313574086394359, "gamma": 0.030657659981036492, "lamda": 1.2919578125580382}, "datetime": {"datetime": "2021-09-24 19:38:36", "elapsed": 449.641267, "delta": 1.751626}}
{"target": -43.59752787131178, "params": {"C": 176.1059730545783, "epsilon": 0.41860153006754874, "gamma": 0.05117359860331581, "lamda": 1.759634790263447}, "datetime": {"datetime": "2021-09-24 19:38:39", "elapsed": 452.472092, "delta": 2.830825}}
{"target": -43.87713922382883, "params": {"C": 171.38288345168004, "epsilon": 0.6673848077470551, "gamma": 0.057921250952464275, "lamda": 1.2939136680038357}, "datetime": {"datetime": "2021-09-24 19:38:42", "elapsed": 455.433364, "delta": 2.961272}}
{"target": -44.23992335742019, "params": {"C": 197.3247596355651, "epsilon": 0.9626884791406638, "gamma": 0.06561706524694376, "lamda": 1.3454872858916234}, "datetime": {"datetime": "2021-09-24 19:38:44", "elapsed": 457.350923, "delta": 1.917559}}
{"target": -42.287348469953244, "params": {"C": 239.56159788485394, "epsilon": 0.5821433752743658, "gamma": 0.014489322381863973, "lamda": 1.7262147110800388}, "datetime": {"datetime": "2021-09-24 19:38:46", "elapsed": 459.209012, "delta": 1.858089}}
{"target": -42.394345709039975, "params": {"C": 221.5870810238603, "epsilon": 0.310959920660765, "gamma": 0.0026173009758189356, "lamda": 1.6464935969741337}, "datetime": {"datetime": "2021-09-24 19:38:48", "elapsed": 461.892757, "delta": 2.683745}}
{"target": -43.36199188965836, "params": {"C": 176.009428187124, "epsilon": 0.46519918296073903, "gamma": 0.03681718333444514, "lamda": 0.970268471338038}, "datetime": {"datetime": "2021-09-24 19:38:50", "elapsed": 463.785024, "delta": 1.892267}}
{"target": -43.03946167670795, "params": {"C": 159.171949568451, "epsilon": 0.4514617489090502, "gamma": 0.03469179192684932, "lamda": 1.5136770163397053}, "datetime": {"datetime": "2021-09-24 19:38:53", "elapsed": 466.341139, "delta": 2.556115}}
{"target": -42.182994403232414, "params": {"C": 215.00156679383224, "epsilon": 0.5743635491476811, "gamma": 0.004672838448930104, "lamda": 1.3884304219294243}, "datetime": {"datetime": "2021-09-24 19:38:55", "elapsed": 468.856929, "delta": 2.51579}}
{"target": -42.0588807698992, "params": {"C": 176.2334123282036, "epsilon": 0.4072751538645776, "gamma": 0.010497064724889746, "lamda": 1.5651136468652516}, "datetime": {"datetime": "2021-09-24 19:38:58", "elapsed": 471.466587, "delta": 2.609658}}
{"target": -43.146484030936314, "params": {"C": 221.57028603786645, "epsilon": 0.3399432846806787, "gamma": 0.037907769144029824, "lamda": 1.6450801338642504}, "datetime": {"datetime": "2021-09-24 19:39:01", "elapsed": 474.77309, "delta": 3.306503}}
{"target": -43.90866414961344, "params": {"C": 231.42605726571963, "epsilon": 0.8127923821048966, "gamma": 0.058568836377957366, "lamda": 1.2429965649315822}, "datetime": {"datetime": "2021-09-24 19:39:03", "elapsed": 476.522983, "delta": 1.749893}}
{"target": -43.065438572636175, "params": {"C": 206.7378279404527, "epsilon": 0.6345588322341877, "gamma": 0.03598953934534536, "lamda": 1.1329862153592258}, "datetime": {"datetime": "2021-09-24 19:39:05", "elapsed": 478.389942, "delta": 1.866959}}
{"target": -43.0080151393241, "params": {"C": 243.6024990637384, "epsilon": 0.4973647102034849, "gamma": 0.034613009306707875, "lamda": 1.8162903700677087}, "datetime": {"datetime": "2021-09-24 19:39:07", "elapsed": 480.140345, "delta": 1.750403}}
{"target": -43.2416343167049, "params": {"C": 239.5518765661123, "epsilon": 0.5854735348359312, "gamma": 0.040987148059340776, "lamda": 1.7596096263387921}, "datetime": {"datetime": "2021-09-24 19:39:10", "elapsed": 483.464412, "delta": 3.324067}}
{"target": -44.37284525707945, "params": {"C": 157.89383812197735, "epsilon": 0.8465449527595554, "gamma": 0.06333001364612789, "lamda": 2.0721279816352314}, "datetime": {"datetime": "2021-09-24 19:39:12", "elapsed": 485.263163, "delta": 1.798751}}
{"target": -42.501563247393086, "params": {"C": 176.08813148322696, "epsilon": 0.4369646574850934, "gamma": 0.022000670154989785, "lamda": 1.790157176318133}, "datetime": {"datetime": "2021-09-24 19:39:14", "elapsed": 487.984197, "delta": 2.721034}}
{"target": -42.02438208933896, "params": {"C": 176.00342025284027, "epsilon": 0.7452871441296496, "gamma": 0.009780175808177725, "lamda": 0.8854172991651739}, "datetime": {"datetime": "2021-09-24 19:39:18", "elapsed": 491.164054, "delta": 3.179857}}
{"target": -42.128164818331456, "params": {"C": 246.52702007437568, "epsilon": 0.9850310772873223, "gamma": 0.012639306134458059, "lamda": 0.729496952778629}, "datetime": {"datetime": "2021-09-24 19:39:19", "elapsed": 492.938707, "delta": 1.774653}}
{"target": -42.334722248492746, "params": {"C": 153.0763091644162, "epsilon": 0.7215422655795322, "gamma": 0.016716035444094657, "lamda": 0.9907613662836343}, "datetime": {"datetime": "2021-09-24 19:39:22", "elapsed": 495.826775, "delta": 2.888068}}
{"target": -43.41307340839409, "params": {"C": 163.72428710177854, "epsilon": 0.9500339404538793, "gamma": 0.0412578708071187, "lamda": 1.6854961242759092}, "datetime": {"datetime": "2021-09-24 19:39:25", "elapsed": 498.628625, "delta": 2.80185}}
{"target": -44.55034576693987, "params": {"C": 150.45457208307312, "epsilon": 0.8626470153282682, "gamma": 0.07598516108965643, "lamda": 1.1379366362711567}, "datetime": {"datetime": "2021-09-24 19:39:27", "elapsed": 500.465043, "delta": 1.836418}}
{"target": -44.04300775143961, "params": {"C": 216.58503226859114, "epsilon": 0.9045695608121911, "gamma": 0.05760368105907218, "lamda": 1.7580283566150745}, "datetime": {"datetime": "2021-09-24 19:39:29", "elapsed": 502.412498, "delta": 1.947455}}
{"target": -43.94851415583059, "params": {"C": 213.96208081742893, "epsilon": 0.732024370326241, "gamma": 0.05942196393963672, "lamda": 1.458720497098283}, "datetime": {"datetime": "2021-09-24 19:39:31", "elapsed": 504.245744, "delta": 1.833246}}
{"target": -42.43668824111198, "params": {"C": 159.168080752776, "epsilon": 0.9600536840454041, "gamma": 0.013988171960427866, "lamda": 1.5669382803154608}, "datetime": {"datetime": "2021-09-24 19:39:33", "elapsed": 506.159426, "delta": 1.913682}}
{"target": -43.250768141794524, "params": {"C": 221.6139380966559, "epsilon": 0.40036877934431286, "gamma": 0.04112840187791414, "lamda": 1.6129497590371586}, "datetime": {"datetime": "2021-09-24 19:39:34", "elapsed": 507.978289, "delta": 1.818863}}
{"target": -44.6890377317516, "params": {"C": 218.53781701683835, "epsilon": 0.6111185025941885, "gamma": 0.07640595202082452, "lamda": 2.0824213456344154}, "datetime": {"datetime": "2021-09-24 19:39:36", "elapsed": 509.867142, "delta": 1.888853}}
{"target": -44.58683359490534, "params": {"C": 155.9258708573486, "epsilon": 0.3047196712089723, "gamma": 0.06058695712855887, "lamda": 0.9267218951539271}, "datetime": {"datetime": "2021-09-24 19:39:38", "elapsed": 511.839148, "delta": 1.972006}}
{"target": -42.687358969187116, "params": {"C": 225.86630278046619, "epsilon": 0.657364361060401, "gamma": 0.02631919489769849, "lamda": 1.1640563272937072}, "datetime": {"datetime": "2021-09-24 19:39:40", "elapsed": 513.673377, "delta": 1.834229}}
{"target": -42.396421389323336, "params": {"C": 236.29318403774693, "epsilon": 0.8510513015308241, "gamma": 0.011993644420574847, "lamda": 1.757799373909369}, "datetime": {"datetime": "2021-09-24 19:39:42", "elapsed": 515.560713, "delta": 1.887336}}
{"target": -42.04421983876659, "params": {"C": 239.77041133984503, "epsilon": 0.399179619947369, "gamma": 0.010210682581775241, "lamda": 1.9976566273309824}, "datetime": {"datetime": "2021-09-24 19:39:44", "elapsed": 517.358352, "delta": 1.797639}}
{"target": -41.905763084090886, "params": {"C": 176.27617365923467, "epsilon": 0.44689692942508075, "gamma": 0.007223046395350999, "lamda": 1.5773437954681748}, "datetime": {"datetime": "2021-09-24 19:39:47", "elapsed": 520.763752, "delta": 3.4054}}
{"target": -45.50600704442754, "params": {"C": 155.2194149918892, "epsilon": 0.536810766166082, "gamma": 0.08890640235773613, "lamda": 0.9492367924132483}, "datetime": {"datetime": "2021-09-24 19:39:49", "elapsed": 522.58957, "delta": 1.825818}}
{"target": -42.174227342145336, "params": {"C": 200.4369568111576, "epsilon": 0.38746131191619, "gamma": 0.01376515101308011, "lamda": 1.4756267338493518}, "datetime": {"datetime": "2021-09-24 19:39:53", "elapsed": 526.387729, "delta": 3.798159}}
{"target": -42.54150044872151, "params": {"C": 170.12649389184668, "epsilon": 0.563122039332476, "gamma": 0.021282676887713868, "lamda": 1.8410470971829827}, "datetime": {"datetime": "2021-09-24 19:39:55", "elapsed": 528.747675, "delta": 2.359946}}
{"target": -44.515298752729215, "params": {"C": 214.22526058089093, "epsilon": 0.3127226794803578, "gamma": 0.062463354936092175, "lamda": 1.0417887879626004}, "datetime": {"datetime": "2021-09-24 19:39:57", "elapsed": 530.656285, "delta": 1.90861}}
{"target": -42.83030492371852, "params": {"C": 211.48059309923295, "epsilon": 0.7538181134130951, "gamma": 0.02879574470356912, "lamda": 1.3271704724624924}, "datetime": {"datetime": "2021-09-24 19:39:59", "elapsed": 532.500903, "delta": 1.844618}}
{"target": -43.01192236416228, "params": {"C": 177.63523571248192, "epsilon": 0.8160688365413744, "gamma": 0.03195308461076347, "lamda": 1.6221016195811582}, "datetime": {"datetime": "2021-09-24 19:40:01", "elapsed": 534.547667, "delta": 2.046764}}
{"target": -43.20869332349019, "params": {"C": 238.5722006017213, "epsilon": 0.5407302375237781, "gamma": 0.03663964632932048, "lamda": 0.8175245411368532}, "datetime": {"datetime": "2021-09-24 19:40:03", "elapsed": 536.600302, "delta": 2.052635}}
{"target": -43.113085480621436, "params": {"C": 192.94012976486385, "epsilon": 0.3234451675718254, "gamma": 0.03231010103332677, "lamda": 1.3873820888813724}, "datetime": {"datetime": "2021-09-24 19:40:05", "elapsed": 538.635131, "delta": 2.034829}}
{"target": -41.88071904658329, "params": {"C": 219.03115487158829, "epsilon": 0.3619071239767067, "gamma": 0.0072426812644761545, "lamda": 1.7564851982733873}, "datetime": {"datetime": "2021-09-24 19:40:07", "elapsed": 540.621065, "delta": 1.985934}}
{"target": -42.14747681714888, "params": {"C": 216.43888848960222, "epsilon": 0.6100063365720729, "gamma": 0.01382798753545, "lamda": 0.9824047079626319}, "datetime": {"datetime": "2021-09-24 19:40:09", "elapsed": 542.80979, "delta": 2.188725}}
{"target": -43.20562856141305, "params": {"C": 226.88400035354263, "epsilon": 0.36664080869395976, "gamma": 0.03926070259923446, "lamda": 1.492976187609222}, "datetime": {"datetime": "2021-09-24 19:40:11", "elapsed": 544.809631, "delta": 1.999841}}
{"target": -43.120725092643596, "params": {"C": 189.99009044250758, "epsilon": 0.8994284865775022, "gamma": 0.037296051006389955, "lamda": 1.0803072789726298}, "datetime": {"datetime": "2021-09-24 19:40:13", "elapsed": 546.769159, "delta": 1.959528}}
{"target": -45.08992476062516, "params": {"C": 203.36436591745746, "epsilon": 0.4671003219114854, "gamma": 0.0765209208807255, "lamda": 0.9238225723948235}, "datetime": {"datetime": "2021-09-24 19:40:15", "elapsed": 548.82072, "delta": 2.051561}}
{"target": -42.751445534340306, "params": {"C": 221.60791878351233, "epsilon": 0.324298792509666, "gamma": 0.02746028202574449, "lamda": 1.6379641827102822}, "datetime": {"datetime": "2021-09-24 19:40:17", "elapsed": 550.871924, "delta": 2.051204}}
{"target": -42.48266316237112, "params": {"C": 215.0002060687659, "epsilon": 0.6458258681964075, "gamma": 0.004058964839031448, "lamda": 1.4512831514906073}, "datetime": {"datetime": "2021-09-24 19:40:20", "elapsed": 553.795254, "delta": 2.92333}}
{"target": -45.34614291873841, "params": {"C": 245.61230268989607, "epsilon": 0.609672790324044, "gamma": 0.08486617731890005, "lamda": 0.8211434961724404}, "datetime": {"datetime": "2021-09-24 19:40:22", "elapsed": 555.665003, "delta": 1.869749}}
{"target": -44.99808649422521, "params": {"C": 159.7320468844879, "epsilon": 0.9783291435559325, "gamma": 0.08495299733613311, "lamda": 1.1502490663371754}, "datetime": {"datetime": "2021-09-24 19:40:24", "elapsed": 557.753862, "delta": 2.088859}}
{"target": -43.45798289203234, "params": {"C": 196.9625356278284, "epsilon": 0.8967459597134679, "gamma": 0.04186625872233496, "lamda": 1.8641829701447892}, "datetime": {"datetime": "2021-09-24 19:40:26", "elapsed": 559.66429, "delta": 1.910428}}
{"target": -43.130656221437235, "params": {"C": 206.23962292323415, "epsilon": 0.41950788827244245, "gamma": 0.0383688064727849, "lamda": 1.7497374364021383}, "datetime": {"datetime": "2021-09-24 19:40:28", "elapsed": 561.69735, "delta": 2.03306}}
{"target": -42.53913422532794, "params": {"C": 242.05360639019642, "epsilon": 0.6255482641740612, "gamma": 0.002876743672177555, "lamda": 1.1629140040007555}, "datetime": {"datetime": "2021-09-24 19:40:31", "elapsed": 564.363756, "delta": 2.666406}}
{"target": -43.55013619407264, "params": {"C": 213.50258988261118, "epsilon": 0.8922574253336939, "gamma": 0.04914042411071844, "lamda": 1.1171512240439911}, "datetime": {"datetime": "2021-09-24 19:40:33", "elapsed": 566.260791, "delta": 1.897035}}
{"target": -44.605222634573366, "params": {"C": 225.8611600869973, "epsilon": 0.626087690915212, "gamma": 0.001, "lamda": 1.1460953453690994}, "datetime": {"datetime": "2021-09-24 19:40:36", "elapsed": 569.210755, "delta": 2.949964}}
{"target": -43.823449552981046, "params": {"C": 225.89118705419963, "epsilon": 0.6674003452601074, "gamma": 0.0013619876564349774, "lamda": 1.0950988065101885}, "datetime": {"datetime": "2021-09-24 19:40:39", "elapsed": 572.595424, "delta": 3.384669}}
{"target": -43.62066099757053, "params": {"C": 236.2658303003937, "epsilon": 0.8998522531924049, "gamma": 0.04675353205761753, "lamda": 1.7407645767621536}, "datetime": {"datetime": "2021-09-24 19:40:43", "elapsed": 576.042872, "delta": 3.447448}}
{"target": -45.52027893412856, "params": {"C": 159.51642061486766, "epsilon": 0.6178772121198746, "gamma": 0.09465025840702462, "lamda": 1.968439574352241}, "datetime": {"datetime": "2021-09-24 19:40:45", "elapsed": 578.032983, "delta": 1.990111}}
{"target": -43.36382902252061, "params": {"C": 239.73461884797962, "epsilon": 0.4082650289000142, "gamma": 0.0454313840172932, "lamda": 2.02382350438919}, "datetime": {"datetime": "2021-09-24 19:40:48", "elapsed": 581.561762, "delta": 3.528779}}
{"target": -43.01385595777993, "params": {"C": 159.3314122821328, "epsilon": 0.5266809264138366, "gamma": 0.034495187941785896, "lamda": 1.7740819870486078}, "datetime": {"datetime": "2021-09-24 19:40:51", "elapsed": 584.748127, "delta": 3.186365}}
{"target": -44.62860348294736, "params": {"C": 217.20861741202964, "epsilon": 0.4210716060630254, "gamma": 0.07802010521660781, "lamda": 1.9487810963349603}, "datetime": {"datetime": "2021-09-24 19:40:53", "elapsed": 586.864083, "delta": 2.115956}}
{"target": -43.352568959071775, "params": {"C": 232.8295559272683, "epsilon": 0.3860255248373814, "gamma": 0.04476922603139612, "lamda": 1.954057779802681}, "datetime": {"datetime": "2021-09-24 19:40:55", "elapsed": 588.927051, "delta": 2.062968}}
{"target": -42.19438887613798, "params": {"C": 214.538938433469, "epsilon": 0.5326227329092953, "gamma": 0.012486785126951911, "lamda": 1.7698429502091175}, "datetime": {"datetime": "2021-09-24 19:40:58", "elapsed": 591.050768, "delta": 2.123717}}
{"target": -43.89086796729076, "params": {"C": 223.25637404067783, "epsilon": 0.994242233773279, "gamma": 0.057564906340600346, "lamda": 0.7679923050889905}, "datetime": {"datetime": "2021-09-24 19:41:00", "elapsed": 593.032828, "delta": 1.98206}}
{"target": -44.20315650793889, "params": {"C": 225.4590340891043, "epsilon": 0.6847710412498718, "gamma": 0.0657537397595464, "lamda": 1.0358373432942645}, "datetime": {"datetime": "2021-09-24 19:41:02", "elapsed": 595.356766, "delta": 2.323938}}
{"target": -45.411517118020775, "params": {"C": 230.36038330738788, "epsilon": 0.5752191288960908, "gamma": 0.09403693040108176, "lamda": 1.772937727066964}, "datetime": {"datetime": "2021-09-24 19:41:04", "elapsed": 597.564412, "delta": 2.207646}}
{"target": -42.21141031958529, "params": {"C": 215.01811917257913, "epsilon": 0.6494089482438217, "gamma": 0.013186044037902574, "lamda": 1.3972637088610962}, "datetime": {"datetime": "2021-09-24 19:41:07", "elapsed": 600.789205, "delta": 3.224793}}
{"target": -44.968027805276826, "params": {"C": 221.58254231363537, "epsilon": 0.4765179070795078, "gamma": 0.0010196006656710188, "lamda": 1.6991611361277292}, "datetime": {"datetime": "2021-09-24 19:41:09", "elapsed": 602.814416, "delta": 2.025211}}
{"target": -44.94169032467106, "params": {"C": 196.67087543887692, "epsilon": 0.7026677897967308, "gamma": 0.08164223378678669, "lamda": 1.9071687353973248}, "datetime": {"datetime": "2021-09-24 19:41:11", "elapsed": 604.937779, "delta": 2.123363}}
{"target": -45.10539643720876, "params": {"C": 232.29104015441254, "epsilon": 0.6113174075214401, "gamma": 0.08694277930929124, "lamda": 1.206608536329481}, "datetime": {"datetime": "2021-09-24 19:41:14", "elapsed": 607.069388, "delta": 2.131609}}
{"target": -44.669093932440646, "params": {"C": 226.8276166807816, "epsilon": 0.8473422910743438, "gamma": 0.07684031240986788, "lamda": 1.4293356602380163}, "datetime": {"datetime": "2021-09-24 19:41:16", "elapsed": 609.103333, "delta": 2.033945}}
{"target": -42.10991109065084, "params": {"C": 240.85219316549347, "epsilon": 0.7036997945721549, "gamma": 0.01135403640135028, "lamda": 1.1697850585727005}, "datetime": {"datetime": "2021-09-24 19:41:18", "elapsed": 611.265483, "delta": 2.16215}}
{"target": -43.24349779504072, "params": {"C": 199.81477175724342, "epsilon": 0.5439513406233392, "gamma": 0.041636849109769884, "lamda": 1.756638901699797}, "datetime": {"datetime": "2021-09-24 19:41:21", "elapsed": 614.05648, "delta": 2.790997}}
{"target": -43.10284818005331, "params": {"C": 184.25133918916654, "epsilon": 0.38022108795022275, "gamma": 0.032094895938048845, "lamda": 1.234679546907628}, "datetime": {"datetime": "2021-09-24 19:41:23", "elapsed": 616.234031, "delta": 2.177551}}
