{"target": -42.95327191663508, "params": {"C": 293.12865332461774, "epsilon": 0.6005546943444986, "gamma": 0.031979752048734725, "lamda": 1.7267996550197076}, "datetime": {"datetime": "2021-09-24 19:53:08", "elapsed": 29.7722, "delta": 0.411898}}
{"target": -42.00630562033975, "params": {"C": 253.11372027214077, "epsilon": 0.7064211138106481, "gamma": 0.009853532179479239, "lamda": 1.0025110294701145}, "datetime": {"datetime": "2021-09-24 19:53:08", "elapsed": 30.209509, "delta": 0.437309}}
{"target": -43.803086278454956, "params": {"C": 289.1922213753579, "epsilon": 0.3314732540415787, "gamma": 0.055294582797994346, "lamda": 1.5924617359917688}, "datetime": {"datetime": "2021-09-24 19:53:08", "elapsed": 30.666745, "delta": 0.457236}}
{"target": -42.28278764477816, "params": {"C": 270.1607290191385, "epsilon": 0.6029734996490573, "gamma": 0.01348124228994077, "lamda": 1.8480609994528139}, "datetime": {"datetime": "2021-09-24 19:53:09", "elapsed": 31.123165, "delta": 0.45642}}
{"target": -43.554309244258846, "params": {"C": 270.1863740833489, "epsilon": 0.5649698538688185, "gamma": 0.04943845359315521, "lamda": 1.8114917819337755}, "datetime": {"datetime": "2021-09-24 19:53:09", "elapsed": 31.604931, "delta": 0.481766}}
{"target": -43.595049278026714, "params": {"C": 276.38804405281365, "epsilon": 0.8111131031218874, "gamma": 0.0459987958088271, "lamda": 1.9357132177711165}, "datetime": {"datetime": "2021-09-24 19:53:10", "elapsed": 32.024984, "delta": 0.420053}}
{"target": -43.37821069184844, "params": {"C": 334.3983717816106, "epsilon": 0.6816959330881179, "gamma": 0.0013967630447587276, "lamda": 0.934142534540598}, "datetime": {"datetime": "2021-09-24 19:53:10", "elapsed": 32.496663, "delta": 0.471679}}
{"target": -45.61758111545788, "params": {"C": 316.14663156974814, "epsilon": 0.38090447701554303, "gamma": 0.09725673305844579, "lamda": 1.91097808798711}, "datetime": {"datetime": "2021-09-24 19:53:11", "elapsed": 32.916813, "delta": 0.42015}}
{"target": -46.423866512138694, "params": {"C": 270.1349955098665, "epsilon": 0.6410634281576232, "gamma": 0.001, "lamda": 1.8845617767837282}, "datetime": {"datetime": "2021-09-24 19:53:11", "elapsed": 33.511516, "delta": 0.594703}}
{"target": -44.20359931730027, "params": {"C": 277.891695759505, "epsilon": 0.5700012184277474, "gamma": 0.0668999794291756, "lamda": 1.515009828228217}, "datetime": {"datetime": "2021-09-24 19:53:12", "elapsed": 33.985178, "delta": 0.473662}}
{"target": -42.56113235008069, "params": {"C": 253.11609685609244, "epsilon": 0.6747757684919723, "gamma": 0.02331834085953764, "lamda": 0.9662824527007943}, "datetime": {"datetime": "2021-09-24 19:53:12", "elapsed": 34.556598, "delta": 0.57142}}
{"target": -42.14941466879163, "params": {"C": 342.70133848583913, "epsilon": 0.9682682481150431, "gamma": 0.004628637610481826, "lamda": 0.7935160973492674}, "datetime": {"datetime": "2021-09-24 19:53:13", "elapsed": 35.094934, "delta": 0.538336}}
{"target": -42.78480746830997, "params": {"C": 278.65113046695757, "epsilon": 0.5252812018557248, "gamma": 0.025634982101459917, "lamda": 0.7183176991808775}, "datetime": {"datetime": "2021-09-24 19:53:13", "elapsed": 35.63179, "delta": 0.536856}}
{"target": -42.25885589881282, "params": {"C": 253.04825338935882, "epsilon": 0.7390452861876493, "gamma": 0.016233438909574877, "lamda": 1.008807221739696}, "datetime": {"datetime": "2021-09-24 19:53:14", "elapsed": 36.124754, "delta": 0.492964}}
{"target": -42.31931999171186, "params": {"C": 325.87604803730665, "epsilon": 0.6564141203158774, "gamma": 0.017652394593784596, "lamda": 1.1664680088111323}, "datetime": {"datetime": "2021-09-24 19:53:14", "elapsed": 36.608358, "delta": 0.483604}}
{"target": -44.77226272381188, "params": {"C": 298.8587755608527, "epsilon": 0.60853947345826, "gamma": 0.08097234694467406, "lamda": 1.4987514291329886}, "datetime": {"datetime": "2021-09-24 19:53:15", "elapsed": 37.078066, "delta": 0.469708}}
{"target": -45.72478790088436, "params": {"C": 309.67805399839807, "epsilon": 0.5368949055527176, "gamma": 0.09983882686637768, "lamda": 1.5165936094889578}, "datetime": {"datetime": "2021-09-24 19:53:15", "elapsed": 37.548558, "delta": 0.470492}}
{"target": -42.322670940676446, "params": {"C": 253.10502526427177, "epsilon": 0.744376972158493, "gamma": 0.017909602041457022, "lamda": 0.9887614063078505}, "datetime": {"datetime": "2021-09-24 19:53:16", "elapsed": 38.124471, "delta": 0.575913}}
{"target": -45.067138162927925, "params": {"C": 336.8421765754988, "epsilon": 0.8527324258205866, "gamma": 0.084317983192882, "lamda": 1.6037111230627483}, "datetime": {"datetime": "2021-09-24 19:53:16", "elapsed": 38.61469, "delta": 0.490219}}
{"target": -44.14227644679664, "params": {"C": 325.9147587397115, "epsilon": 0.7090881732763841, "gamma": 0.06463932147163365, "lamda": 1.1308430010942627}, "datetime": {"datetime": "2021-09-24 19:53:17", "elapsed": 39.269001, "delta": 0.654311}}
{"target": -42.39545987156577, "params": {"C": 333.281448608427, "epsilon": 0.9560879169262262, "gamma": 0.016015136672482083, "lamda": 1.2579147482211148}, "datetime": {"datetime": "2021-09-24 19:53:18", "elapsed": 39.783517, "delta": 0.514516}}
{"target": -44.082786102113, "params": {"C": 316.1741893777708, "epsilon": 0.3124249842199336, "gamma": 0.049051372724222386, "lamda": 0.8797347241102769}, "datetime": {"datetime": "2021-09-24 19:53:18", "elapsed": 40.298442, "delta": 0.514925}}
{"target": -45.30601842934598, "params": {"C": 257.532925235147, "epsilon": 0.6689695175292403, "gamma": 0.09106942366525114, "lamda": 1.0920142174504281}, "datetime": {"datetime": "2021-09-24 19:53:19", "elapsed": 40.798852, "delta": 0.50041}}
{"target": -42.56873857652363, "params": {"C": 273.47281182401525, "epsilon": 0.38792772033003164, "gamma": 0.023672259618570737, "lamda": 1.9179744003400798}, "datetime": {"datetime": "2021-09-24 19:53:19", "elapsed": 41.334927, "delta": 0.536075}}
{"target": -43.33217752007515, "params": {"C": 299.9599445120287, "epsilon": 0.33180730605161846, "gamma": 0.04344905162187368, "lamda": 1.864602383139081}, "datetime": {"datetime": "2021-09-24 19:53:20", "elapsed": 41.912878, "delta": 0.577951}}
{"target": -42.97500177782147, "params": {"C": 259.49367990016276, "epsilon": 0.7227672409562805, "gamma": 0.03223323429213502, "lamda": 1.5078518937100593}, "datetime": {"datetime": "2021-09-24 19:53:20", "elapsed": 42.387237, "delta": 0.474359}}
{"target": -42.972094002855755, "params": {"C": 253.14857079913872, "epsilon": 0.7644372481989548, "gamma": 0.033346193800844845, "lamda": 0.9796592972670455}, "datetime": {"datetime": "2021-09-24 19:53:21", "elapsed": 42.954269, "delta": 0.567032}}
{"target": -42.67671726755111, "params": {"C": 299.9800891397641, "epsilon": 0.5249219399318964, "gamma": 0.024955024039849585, "lamda": 1.8867796037002957}, "datetime": {"datetime": "2021-09-24 19:53:21", "elapsed": 43.595829, "delta": 0.64156}}
{"target": -42.10588365591004, "params": {"C": 342.66827356429286, "epsilon": 0.9534331234128577, "gamma": 0.01215059668291412, "lamda": 0.7287021616341715}, "datetime": {"datetime": "2021-09-24 19:53:22", "elapsed": 44.221083, "delta": 0.625254}}
{"target": -42.37419607466285, "params": {"C": 253.04378024827926, "epsilon": 0.7355422655237169, "gamma": 0.018929525866219238, "lamda": 1.059600891706182}, "datetime": {"datetime": "2021-09-24 19:53:23", "elapsed": 44.736234, "delta": 0.515151}}
{"target": -45.92062164495828, "params": {"C": 273.3069540993177, "epsilon": 0.6158733216285934, "gamma": 0.09674718550932852, "lamda": 0.8650067118653845}, "datetime": {"datetime": "2021-09-24 19:53:23", "elapsed": 45.250242, "delta": 0.514008}}
{"target": -43.48684361352115, "params": {"C": 273.26191301440275, "epsilon": 0.8441585488967815, "gamma": 0.04505199275895002, "lamda": 1.5861991791335703}, "datetime": {"datetime": "2021-09-24 19:53:24", "elapsed": 45.828405, "delta": 0.578163}}
{"target": -44.56285273347891, "params": {"C": 342.6612974314696, "epsilon": 0.9328355425420065, "gamma": 0.07426617124680043, "lamda": 0.7599628119966466}, "datetime": {"datetime": "2021-09-24 19:53:24", "elapsed": 46.383191, "delta": 0.554786}}
{"target": -45.202483957708914, "params": {"C": 299.82218089240365, "epsilon": 0.7603299478472727, "gamma": 0.08860703737881925, "lamda": 0.9422116627299618}, "datetime": {"datetime": "2021-09-24 19:53:25", "elapsed": 46.885777, "delta": 0.502586}}
{"target": -44.06549637589074, "params": {"C": 335.77850145271555, "epsilon": 0.47480416789712987, "gamma": 0.06182043262804955, "lamda": 1.2841884764081115}, "datetime": {"datetime": "2021-09-24 19:53:25", "elapsed": 47.405743, "delta": 0.519966}}
{"target": -41.932666769741054, "params": {"C": 271.4036686254107, "epsilon": 0.5235987173275474, "gamma": 0.00828560113968608, "lamda": 1.3292133300599298}, "datetime": {"datetime": "2021-09-24 19:53:26", "elapsed": 47.956744, "delta": 0.551001}}
{"target": -43.2968874938668, "params": {"C": 325.81578515407864, "epsilon": 0.7008378565188669, "gamma": 0.04256661655854946, "lamda": 1.1565690803671471}, "datetime": {"datetime": "2021-09-24 19:53:26", "elapsed": 48.50219, "delta": 0.545446}}
{"target": -42.293241579852385, "params": {"C": 299.8592759384412, "epsilon": 0.4098170958051095, "gamma": 0.0038227376633600428, "lamda": 1.7809077772924644}, "datetime": {"datetime": "2021-09-24 19:53:27", "elapsed": 49.120328, "delta": 0.618138}}
{"target": -42.363772572978675, "params": {"C": 271.4379568371897, "epsilon": 0.5888191411127426, "gamma": 0.018685206635309693, "lamda": 1.3094713920378451}, "datetime": {"datetime": "2021-09-24 19:53:28", "elapsed": 49.777576, "delta": 0.657248}}
{"target": -43.5795388267861, "params": {"C": 271.4403319912144, "epsilon": 0.6292252627837716, "gamma": 0.05021118171989434, "lamda": 1.2453158915982434}, "datetime": {"datetime": "2021-09-24 19:53:28", "elapsed": 50.386901, "delta": 0.609325}}
{"target": -43.81128683699226, "params": {"C": 253.08482927880104, "epsilon": 0.7047501480923345, "gamma": 0.055780950128139974, "lamda": 1.0250864029137632}, "datetime": {"datetime": "2021-09-24 19:53:29", "elapsed": 51.040396, "delta": 0.653495}}
{"target": -44.23904162863903, "params": {"C": 299.86377663689564, "epsilon": 0.36601544901758487, "gamma": 0.06717420259312305, "lamda": 1.7836450681657423}, "datetime": {"datetime": "2021-09-24 19:53:29", "elapsed": 51.645739, "delta": 0.605343}}
{"target": -42.68400355913812, "params": {"C": 271.4610736774952, "epsilon": 0.5563619712467494, "gamma": 0.02628376124266897, "lamda": 1.3163930575519145}, "datetime": {"datetime": "2021-09-24 19:53:30", "elapsed": 52.32438, "delta": 0.678641}}
{"target": -44.297374494390766, "params": {"C": 271.4439967238683, "epsilon": 0.47143594999643296, "gamma": 0.06814987768180773, "lamda": 1.3827235854691544}, "datetime": {"datetime": "2021-09-24 19:53:31", "elapsed": 52.941368, "delta": 0.616988}}
{"target": -43.200517934696435, "params": {"C": 333.21105071175305, "epsilon": 0.9769979778145559, "gamma": 0.03811426357146363, "lamda": 1.2507127489638816}, "datetime": {"datetime": "2021-09-24 19:53:31", "elapsed": 53.593931, "delta": 0.652563}}
{"target": -43.732374495140974, "params": {"C": 277.6455704561621, "epsilon": 0.8746411284550422, "gamma": 0.05342630830955882, "lamda": 0.7801152956180802}, "datetime": {"datetime": "2021-09-24 19:53:32", "elapsed": 54.18853, "delta": 0.594599}}
{"target": -44.23884614096378, "params": {"C": 294.66585820888014, "epsilon": 0.9977009849278735, "gamma": 0.06707346696263752, "lamda": 0.8426719726798141}, "datetime": {"datetime": "2021-09-24 19:53:33", "elapsed": 54.75254, "delta": 0.56401}}
{"target": -42.66177862851481, "params": {"C": 286.4019578496615, "epsilon": 0.8837894893172442, "gamma": 0.018345236963493126, "lamda": 2.0044197590057062}, "datetime": {"datetime": "2021-09-24 19:53:33", "elapsed": 55.402583, "delta": 0.650043}}
{"target": -42.37002823610903, "params": {"C": 300.06641302333196, "epsilon": 0.3870176656367102, "gamma": 0.019310792376746124, "lamda": 1.8180375894951857}, "datetime": {"datetime": "2021-09-24 19:53:34", "elapsed": 55.992421, "delta": 0.589838}}
{"target": -44.18040128269321, "params": {"C": 286.45271030867417, "epsilon": 0.838255809809443, "gamma": 0.059736744672770924, "lamda": 2.008675954621454}, "datetime": {"datetime": "2021-09-24 19:53:34", "elapsed": 56.641095, "delta": 0.648674}}
{"target": -44.886046023794044, "params": {"C": 286.3261900149158, "epsilon": 0.7934859724855021, "gamma": 0.07725234220955031, "lamda": 2.0075113779923717}, "datetime": {"datetime": "2021-09-24 19:53:35", "elapsed": 57.325199, "delta": 0.684104}}
{"target": -42.70577356711637, "params": {"C": 271.3838445168608, "epsilon": 0.5744801930338755, "gamma": 0.026771969333461897, "lamda": 1.3939826513773068}, "datetime": {"datetime": "2021-09-24 19:53:36", "elapsed": 57.986857, "delta": 0.661658}}
{"target": -44.071581683221034, "params": {"C": 305.57039867806753, "epsilon": 0.76264711345651, "gamma": 0.06080270349299944, "lamda": 0.718442599652964}, "datetime": {"datetime": "2021-09-24 19:53:36", "elapsed": 58.537415, "delta": 0.550558}}
{"target": -44.76948675863906, "params": {"C": 271.38231655027784, "epsilon": 0.5684306891778389, "gamma": 0.001, "lamda": 1.3248833006830723}, "datetime": {"datetime": "2021-09-24 19:53:37", "elapsed": 59.252071, "delta": 0.714656}}
{"target": -43.816500357805296, "params": {"C": 299.68046688442473, "epsilon": 0.4665535632905561, "gamma": 0.056629878193132824, "lamda": 1.5991844014410386}, "datetime": {"datetime": "2021-09-24 19:53:38", "elapsed": 59.845819, "delta": 0.593748}}
{"target": -43.66840681556805, "params": {"C": 277.8513152219467, "epsilon": 0.6684956941952477, "gamma": 0.05214665402491835, "lamda": 1.5495067251638386}, "datetime": {"datetime": "2021-09-24 19:53:38", "elapsed": 60.413125, "delta": 0.567306}}
{"target": -45.86238719597527, "params": {"C": 330.1139369423086, "epsilon": 0.9968783818894948, "gamma": 0.09421676374559318, "lamda": 1.8976966386429397}, "datetime": {"datetime": "2021-09-24 19:53:39", "elapsed": 61.064908, "delta": 0.651783}}
{"target": -42.14532879377959, "params": {"C": 342.7743143840309, "epsilon": 0.9442597053791582, "gamma": 0.012587965363495317, "lamda": 0.820397091958589}, "datetime": {"datetime": "2021-09-24 19:53:40", "elapsed": 61.742946, "delta": 0.678038}}
{"target": -43.09292981486223, "params": {"C": 330.92853272994466, "epsilon": 0.45842387505571136, "gamma": 0.03687299603507519, "lamda": 2.0858790486310665}, "datetime": {"datetime": "2021-09-24 19:53:40", "elapsed": 62.361346, "delta": 0.6184}}
{"target": -44.189330935387275, "params": {"C": 261.1174363678874, "epsilon": 0.39338594697436363, "gamma": 0.06507372855973477, "lamda": 1.5076233088057163}, "datetime": {"datetime": "2021-09-24 19:53:41", "elapsed": 63.002376, "delta": 0.64103}}
{"target": -42.2565599594355, "params": {"C": 277.3766621241924, "epsilon": 0.893301939102614, "gamma": 0.016432726292406392, "lamda": 0.7066306530142125}, "datetime": {"datetime": "2021-09-24 19:53:41", "elapsed": 63.600639, "delta": 0.598263}}
{"target": -42.46949330567726, "params": {"C": 286.41871625269687, "epsilon": 0.8387655131456406, "gamma": 0.012123825452288045, "lamda": 1.9443330721184644}, "datetime": {"datetime": "2021-09-24 19:53:42", "elapsed": 64.270323, "delta": 0.669684}}
{"target": -44.81767024182332, "params": {"C": 274.8635369498863, "epsilon": 0.7716838103443762, "gamma": 0.08158854780119619, "lamda": 1.3700054915622526}, "datetime": {"datetime": "2021-09-24 19:53:43", "elapsed": 64.906397, "delta": 0.636074}}
{"target": -43.82990590848012, "params": {"C": 309.53603075852675, "epsilon": 0.6700260256303643, "gamma": 0.056687145899683926, "lamda": 1.3499153588040915}, "datetime": {"datetime": "2021-09-24 19:53:43", "elapsed": 65.501276, "delta": 0.594879}}
{"target": -43.90162067573457, "params": {"C": 299.56726712478337, "epsilon": 0.8713491869685934, "gamma": 0.0037297341108305493, "lamda": 2.0564544520139836}, "datetime": {"datetime": "2021-09-24 19:53:44", "elapsed": 66.215874, "delta": 0.714598}}
{"target": -43.403789515016946, "params": {"C": 253.0389306819517, "epsilon": 0.7641998451812457, "gamma": 0.045043231233984134, "lamda": 0.9735787521614527}, "datetime": {"datetime": "2021-09-24 19:53:45", "elapsed": 67.039782, "delta": 0.823908}}
{"target": -44.13130241118002, "params": {"C": 273.26685879902857, "epsilon": 0.8339028134737831, "gamma": 0.06161605364704726, "lamda": 1.7047990960167}, "datetime": {"datetime": "2021-09-24 19:53:46", "elapsed": 67.704794, "delta": 0.665012}}
{"target": -43.76947333716128, "params": {"C": 317.179029790354, "epsilon": 0.3847421662013, "gamma": 0.0555723599988207, "lamda": 1.8135414888527126}, "datetime": {"datetime": "2021-09-24 19:53:46", "elapsed": 68.314562, "delta": 0.609768}}
{"target": -42.88779217532019, "params": {"C": 314.0371939129145, "epsilon": 0.5610167887781192, "gamma": 0.03141203254522799, "lamda": 1.361404459955302}, "datetime": {"datetime": "2021-09-24 19:53:47", "elapsed": 68.946531, "delta": 0.631969}}
{"target": -43.70923190934094, "params": {"C": 300.0011075644456, "epsilon": 0.546931102447307, "gamma": 0.05321608458891381, "lamda": 1.9661936962996358}, "datetime": {"datetime": "2021-09-24 19:53:48", "elapsed": 69.672514, "delta": 0.725983}}
{"target": -44.791940036974104, "params": {"C": 316.83006466297877, "epsilon": 0.3927155730387239, "gamma": 0.06660383909913685, "lamda": 0.8377896717582446}, "datetime": {"datetime": "2021-09-24 19:53:48", "elapsed": 70.309596, "delta": 0.637082}}
{"target": -43.442516658518315, "params": {"C": 253.1899975081227, "epsilon": 0.6986595816919547, "gamma": 0.04575270800339912, "lamda": 0.9601616125554449}, "datetime": {"datetime": "2021-09-24 19:53:49", "elapsed": 71.023911, "delta": 0.714315}}
{"target": -43.50299576098786, "params": {"C": 342.7268215885234, "epsilon": 0.909957585932573, "gamma": 0.04777905375596315, "lamda": 0.8267866975517382}, "datetime": {"datetime": "2021-09-24 19:53:50", "elapsed": 71.841997, "delta": 0.818086}}
{"target": -43.72064374741121, "params": {"C": 309.5655427641274, "epsilon": 0.6703029194139434, "gamma": 0.05222816228069319, "lamda": 0.7789085163605747}, "datetime": {"datetime": "2021-09-24 19:53:50", "elapsed": 72.476364, "delta": 0.634367}}
{"target": -43.28530320240324, "params": {"C": 304.0633140266935, "epsilon": 0.38689712555292316, "gamma": 0.042662972229184325, "lamda": 1.8662396507210604}, "datetime": {"datetime": "2021-09-24 19:53:51", "elapsed": 73.079002, "delta": 0.602638}}
{"target": -44.31972300856246, "params": {"C": 349.9697940543525, "epsilon": 0.9576809010415417, "gamma": 0.06979819238712494, "lamda": 1.0736447609018516}, "datetime": {"datetime": "2021-09-24 19:53:52", "elapsed": 73.7495, "delta": 0.670498}}
{"target": -44.10528821467834, "params": {"C": 288.90521622122094, "epsilon": 0.9788150547658929, "gamma": 0.06163347811942553, "lamda": 1.3893876155592422}, "datetime": {"datetime": "2021-09-24 19:53:52", "elapsed": 74.465498, "delta": 0.715998}}
{"target": -44.73684177795243, "params": {"C": 285.5445355269599, "epsilon": 0.40823587764285946, "gamma": 0.07399425204276056, "lamda": 1.2193563063341406}, "datetime": {"datetime": "2021-09-24 19:53:53", "elapsed": 75.084543, "delta": 0.619045}}
{"target": -44.16884939815786, "params": {"C": 342.78948639319304, "epsilon": 0.9524691644729804, "gamma": 0.06498674521319253, "lamda": 0.8406440725438643}, "datetime": {"datetime": "2021-09-24 19:53:54", "elapsed": 75.855052, "delta": 0.770509}}
{"target": -43.352416387222014, "params": {"C": 253.1277297504246, "epsilon": 0.7238000382290741, "gamma": 0.043600075369697615, "lamda": 1.0093475579459155}, "datetime": {"datetime": "2021-09-24 19:53:54", "elapsed": 76.556009, "delta": 0.700957}}
{"target": -42.91408861716559, "params": {"C": 342.71429643671877, "epsilon": 0.9674031140021833, "gamma": 0.03168937225484041, "lamda": 0.7728783900777303}, "datetime": {"datetime": "2021-09-24 19:53:55", "elapsed": 77.329364, "delta": 0.773355}}
{"target": -43.395523504597875, "params": {"C": 296.232369041336, "epsilon": 0.9122482848621758, "gamma": 0.04367668548588678, "lamda": 1.3375016395811863}, "datetime": {"datetime": "2021-09-24 19:53:56", "elapsed": 77.981446, "delta": 0.652082}}
{"target": -42.02511659209946, "params": {"C": 342.79902286360397, "epsilon": 0.9592689018255502, "gamma": 0.0052780054658630535, "lamda": 0.7830044656109865}, "datetime": {"datetime": "2021-09-24 19:53:57", "elapsed": 78.762131, "delta": 0.780685}}
{"target": -42.26602540898739, "params": {"C": 335.50739083113234, "epsilon": 0.6025708063281567, "gamma": 0.011857295557225592, "lamda": 2.0036117282881367}, "datetime": {"datetime": "2021-09-24 19:53:57", "elapsed": 79.423073, "delta": 0.660942}}
{"target": -44.65896844496025, "params": {"C": 268.36890286469304, "epsilon": 0.7498646536591625, "gamma": 0.07528422401835196, "lamda": 1.7549800859269291}, "datetime": {"datetime": "2021-09-24 19:53:58", "elapsed": 80.073332, "delta": 0.650259}}
{"target": -44.29993300129636, "params": {"C": 263.18647287520565, "epsilon": 0.47820748563473225, "gamma": 0.06856496118440668, "lamda": 1.4276925980560713}, "datetime": {"datetime": "2021-09-24 19:53:59", "elapsed": 80.742357, "delta": 0.669025}}
{"target": -42.75296017069724, "params": {"C": 312.7425441307264, "epsilon": 0.5448975296749538, "gamma": 0.027968720047783314, "lamda": 1.4587203213254032}, "datetime": {"datetime": "2021-09-24 19:53:59", "elapsed": 81.38775, "delta": 0.645393}}
{"target": -42.32413787296677, "params": {"C": 335.54282588066724, "epsilon": 0.6669306245551778, "gamma": 0.00950172084252809, "lamda": 2.048674153880186}, "datetime": {"datetime": "2021-09-24 19:54:00", "elapsed": 82.163016, "delta": 0.775266}}
