{"target": 0.4679132236238749, "params": {"C": 590.0595413728896, "epsilon": 0.8785695000052558, "gamma": 0.012130417648239022, "lamda": 0.612525136984897}, "datetime": {"datetime": "2021-09-23 21:44:14", "elapsed": 427.69893, "delta": 1.760785}}
{"target": 0.46810963614943657, "params": {"C": 531.9143746703135, "epsilon": 0.7636122179395475, "gamma": 0.011820594712712592, "lamda": 0.6584732806474997}, "datetime": {"datetime": "2021-09-23 21:44:16", "elapsed": 429.336932, "delta": 1.638002}}
{"target": 0.4695817340710966, "params": {"C": 484.9063812626974, "epsilon": 0.7431218747850044, "gamma": 0.008913791336018046, "lamda": 0.554096620022097}, "datetime": {"datetime": "2021-09-23 21:44:17", "elapsed": 431.113862, "delta": 1.77693}}
{"target": 0.46719772608751986, "params": {"C": 585.1033680832325, "epsilon": 0.9441375161901119, "gamma": 0.01277690229717265, "lamda": 0.5152305137658404}, "datetime": {"datetime": "2021-09-23 21:44:20", "elapsed": 433.673672, "delta": 2.55981}}
{"target": 0.46694831274493287, "params": {"C": 502.0643061555923, "epsilon": 0.7195784797410263, "gamma": 0.01336413181901077, "lamda": 0.7740990933808869}, "datetime": {"datetime": "2021-09-23 21:44:22", "elapsed": 435.435855, "delta": 1.762183}}
{"target": 0.4692152854466718, "params": {"C": 571.7419713645173, "epsilon": 0.8426744111872648, "gamma": 0.00871615038140804, "lamda": 0.644301706613358}, "datetime": {"datetime": "2021-09-23 21:44:24", "elapsed": 437.653769, "delta": 2.217914}}
{"target": 0.46780855255587217, "params": {"C": 598.3122786739045, "epsilon": 0.7525076548006393, "gamma": 0.012313738543733032, "lamda": 0.7313333820735728}, "datetime": {"datetime": "2021-09-23 21:44:26", "elapsed": 439.440811, "delta": 1.787042}}
{"target": 0.46627381339433616, "params": {"C": 540.0309993308044, "epsilon": 0.9890074868815666, "gamma": 0.014117369573651199, "lamda": 0.7688003203709443}, "datetime": {"datetime": "2021-09-23 21:44:28", "elapsed": 441.259768, "delta": 1.818957}}
{"target": 0.46957370979271684, "params": {"C": 522.9725673349799, "epsilon": 0.713438889416901, "gamma": 0.008696150907366954, "lamda": 0.6268481026910082}, "datetime": {"datetime": "2021-09-23 21:44:29", "elapsed": 443.061767, "delta": 1.801999}}
{"target": 0.4686166113272111, "params": {"C": 508.1654377813372, "epsilon": 0.7061281119984136, "gamma": 0.011144804646507816, "lamda": 0.7642607578164429}, "datetime": {"datetime": "2021-09-23 21:44:32", "elapsed": 445.691568, "delta": 2.629801}}
{"target": 0.46878005234893105, "params": {"C": 484.9054784779944, "epsilon": 0.797778417174155, "gamma": 0.01076170476480736, "lamda": 0.5730158244021477}, "datetime": {"datetime": "2021-09-23 21:44:35", "elapsed": 448.789077, "delta": 3.097509}}
{"target": 0.46594450061976855, "params": {"C": 517.1657929194022, "epsilon": 0.8748026948943105, "gamma": 0.014209617454814147, "lamda": 0.5960829651578126}, "datetime": {"datetime": "2021-09-23 21:44:38", "elapsed": 451.277824, "delta": 2.488747}}
{"target": 0.46813452690339163, "params": {"C": 587.4739174618247, "epsilon": 0.8209185894032995, "gamma": 0.007226302034714907, "lamda": 0.719903152374294}, "datetime": {"datetime": "2021-09-23 21:44:40", "elapsed": 453.699585, "delta": 2.421761}}
{"target": 0.46688880540243405, "params": {"C": 571.0558589806532, "epsilon": 0.8266679516488916, "gamma": 0.013099963490761786, "lamda": 0.584552375621622}, "datetime": {"datetime": "2021-09-23 21:44:42", "elapsed": 456.05631, "delta": 2.356725}}
{"target": 0.4694894423028223, "params": {"C": 511.2113138245488, "epsilon": 0.7707996498403167, "gamma": 0.009256107575858648, "lamda": 0.5579146724295796}, "datetime": {"datetime": "2021-09-23 21:44:44", "elapsed": 458.105122, "delta": 2.048812}}
{"target": 0.4691004970082405, "params": {"C": 522.9606433285616, "epsilon": 0.72752671127093, "gamma": 0.007171460118376327, "lamda": 0.630376359971324}, "datetime": {"datetime": "2021-09-23 21:44:47", "elapsed": 460.805343, "delta": 2.700221}}
{"target": 0.4690730864882031, "params": {"C": 529.3550266528899, "epsilon": 0.8054535016589157, "gamma": 0.0069971171469005115, "lamda": 0.5458428246765076}, "datetime": {"datetime": "2021-09-23 21:44:49", "elapsed": 463.069748, "delta": 2.264405}}
{"target": 0.4682316857135588, "params": {"C": 535.5014243011522, "epsilon": 0.9784120213614842, "gamma": 0.007596280024275434, "lamda": 0.6262329861797016}, "datetime": {"datetime": "2021-09-23 21:44:52", "elapsed": 465.502232, "delta": 2.432484}}
{"target": 0.46737111198870274, "params": {"C": 508.40074558738195, "epsilon": 0.9306637516152824, "gamma": 0.01287145225749985, "lamda": 0.6271357342748052}, "datetime": {"datetime": "2021-09-23 21:44:54", "elapsed": 467.82337, "delta": 2.321138}}
{"target": 0.4685011834590237, "params": {"C": 577.7112687188636, "epsilon": 0.9197681637592414, "gamma": 0.011233530579814306, "lamda": 0.6163564067710533}, "datetime": {"datetime": "2021-09-23 21:44:56", "elapsed": 470.038403, "delta": 2.215033}}
{"target": 0.4685709827343154, "params": {"C": 564.2368018063744, "epsilon": 0.788941359334859, "gamma": 0.011156727434132282, "lamda": 0.7152054741612148}, "datetime": {"datetime": "2021-09-23 21:44:59", "elapsed": 472.971046, "delta": 2.932643}}
{"target": 0.46906946182185616, "params": {"C": 592.322998876486, "epsilon": 0.7845848758014935, "gamma": 0.009055728118791625, "lamda": 0.7392050793002234}, "datetime": {"datetime": "2021-09-23 21:45:01", "elapsed": 474.94229, "delta": 1.971244}}
{"target": 0.46672382994882233, "params": {"C": 483.1741466859095, "epsilon": 0.8064034732406236, "gamma": 0.013392319614354525, "lamda": 0.6289898009517205}, "datetime": {"datetime": "2021-09-23 21:45:05", "elapsed": 478.362082, "delta": 3.419792}}
{"target": 0.4680153010367639, "params": {"C": 530.3059845163086, "epsilon": 0.887223660464803, "gamma": 0.012010066174075198, "lamda": 0.6586034368798737}, "datetime": {"datetime": "2021-09-23 21:45:07", "elapsed": 481.186671, "delta": 2.824589}}
{"target": 0.46766756184494795, "params": {"C": 598.3882956073749, "epsilon": 0.7798460769371425, "gamma": 0.012149606640542213, "lamda": 0.5860727237410028}, "datetime": {"datetime": "2021-09-23 21:45:09", "elapsed": 483.169425, "delta": 1.982754}}
{"target": 0.4693131708105017, "params": {"C": 513.1773590760562, "epsilon": 0.9424772600510313, "gamma": 0.009661608960586949, "lamda": 0.5056708221669995}, "datetime": {"datetime": "2021-09-23 21:45:12", "elapsed": 485.647539, "delta": 2.478114}}
{"target": 0.4661525916475926, "params": {"C": 491.36861367238316, "epsilon": 0.8016761919042203, "gamma": 0.006034977356668789, "lamda": 0.7844679193355407}, "datetime": {"datetime": "2021-09-23 21:45:14", "elapsed": 487.586796, "delta": 1.939257}}
{"target": 0.4689759620163534, "params": {"C": 539.8310391169053, "epsilon": 0.773632505340668, "gamma": 0.010247866958929614, "lamda": 0.7213810793372148}, "datetime": {"datetime": "2021-09-23 21:45:16", "elapsed": 489.855495, "delta": 2.268699}}
{"target": 0.4678396751505324, "params": {"C": 571.7235713228731, "epsilon": 0.821667144661933, "gamma": 0.006440026344452616, "lamda": 0.64209064411156}, "datetime": {"datetime": "2021-09-23 21:45:19", "elapsed": 492.326493, "delta": 2.470998}}
{"target": 0.46738621011076964, "params": {"C": 480.54548649968774, "epsilon": 0.9411344351406864, "gamma": 0.012816832826332402, "lamda": 0.5938435649152478}, "datetime": {"datetime": "2021-09-23 21:45:21", "elapsed": 494.49049, "delta": 2.163997}}
{"target": 0.46836517892239515, "params": {"C": 586.2528118143915, "epsilon": 0.8096331377410534, "gamma": 0.011232720948116432, "lamda": 0.5406169436693784}, "datetime": {"datetime": "2021-09-23 21:45:23", "elapsed": 496.993627, "delta": 2.503137}}
{"target": 0.46843814675264406, "params": {"C": 556.7544969809147, "epsilon": 0.885153301568389, "gamma": 0.011311087630876064, "lamda": 0.6625829636639178}, "datetime": {"datetime": "2021-09-23 21:45:25", "elapsed": 498.784809, "delta": 1.791182}}
{"target": 0.4672876341975827, "params": {"C": 491.0016969033312, "epsilon": 0.9828801503051732, "gamma": 0.007180742905493443, "lamda": 0.6857724886390273}, "datetime": {"datetime": "2021-09-23 21:45:27", "elapsed": 501.134941, "delta": 2.350132}}
{"target": 0.46656761849985384, "params": {"C": 518.7994605917243, "epsilon": 0.7459991476458295, "gamma": 0.01298321029238237, "lamda": 0.5639767461539518}, "datetime": {"datetime": "2021-09-23 21:45:30", "elapsed": 503.442938, "delta": 2.307997}}
{"target": 0.467365879447196, "params": {"C": 562.2453804202061, "epsilon": 0.833336501111795, "gamma": 0.012855086547347683, "lamda": 0.7962331454930891}, "datetime": {"datetime": "2021-09-23 21:45:32", "elapsed": 505.346531, "delta": 1.903593}}
{"target": 0.46788462422020727, "params": {"C": 487.1110450288183, "epsilon": 0.7020227162324166, "gamma": 0.01141699610259626, "lamda": 0.5485832632472701}, "datetime": {"datetime": "2021-09-23 21:45:33", "elapsed": 507.221556, "delta": 1.875025}}
{"target": 0.46929776646942967, "params": {"C": 571.0395633365595, "epsilon": 0.8531561547401718, "gamma": 0.008301744990699862, "lamda": 0.5994406415629373}, "datetime": {"datetime": "2021-09-23 21:45:36", "elapsed": 509.608968, "delta": 2.387412}}
{"target": 0.4670189366381484, "params": {"C": 583.5518208452963, "epsilon": 0.9361648435132103, "gamma": 0.0069994222200522585, "lamda": 0.7266712944091505}, "datetime": {"datetime": "2021-09-23 21:45:38", "elapsed": 511.511413, "delta": 1.902445}}
{"target": 0.4686883505557926, "params": {"C": 512.8214797735797, "epsilon": 0.9534883853389777, "gamma": 0.010943111927368132, "lamda": 0.5103413985303149}, "datetime": {"datetime": "2021-09-23 21:45:40", "elapsed": 514.036145, "delta": 2.524732}}
{"target": 0.46751444976375967, "params": {"C": 555.274385283391, "epsilon": 0.7989965194678068, "gamma": 0.012631885632594032, "lamda": 0.6675867326810837}, "datetime": {"datetime": "2021-09-23 21:45:43", "elapsed": 516.712674, "delta": 2.676529}}
{"target": 0.46559774197252324, "params": {"C": 486.26329799026706, "epsilon": 0.8014903283568923, "gamma": 0.013991491123430556, "lamda": 0.5534078840885532}, "datetime": {"datetime": "2021-09-23 21:45:45", "elapsed": 519.050622, "delta": 2.337948}}
{"target": 0.46754807230902273, "params": {"C": 522.3797904777002, "epsilon": 0.7660369757524987, "gamma": 0.006123215395690429, "lamda": 0.6695075409417575}, "datetime": {"datetime": "2021-09-23 21:45:48", "elapsed": 522.076959, "delta": 3.026337}}
{"target": 0.4677534190656032, "params": {"C": 484.88640093524634, "epsilon": 0.7554321750628002, "gamma": 0.01172573958191632, "lamda": 0.5386423120127574}, "datetime": {"datetime": "2021-09-23 21:45:51", "elapsed": 524.765774, "delta": 2.688815}}
{"target": 0.4678759262135094, "params": {"C": 557.0703126970691, "epsilon": 0.7054525769201533, "gamma": 0.011587577721462924, "lamda": 0.5732404545634144}, "datetime": {"datetime": "2021-09-23 21:45:53", "elapsed": 527.135765, "delta": 2.369991}}
{"target": 0.4675824219075436, "params": {"C": 489.1456355008185, "epsilon": 0.8517482170290934, "gamma": 0.012577195434834747, "lamda": 0.6455760159763864}, "datetime": {"datetime": "2021-09-23 21:45:56", "elapsed": 530.09381, "delta": 2.958045}}
{"target": 0.4686167491890477, "params": {"C": 513.1622828549783, "epsilon": 0.9211723585177318, "gamma": 0.008813916782796678, "lamda": 0.6975932041959625}, "datetime": {"datetime": "2021-09-23 21:45:58", "elapsed": 532.143234, "delta": 2.049424}}
{"target": 0.4688734472987204, "params": {"C": 510.7416240554953, "epsilon": 0.8659492674934683, "gamma": 0.006938263675118172, "lamda": 0.5346225186205331}, "datetime": {"datetime": "2021-09-23 21:46:01", "elapsed": 534.621275, "delta": 2.478041}}
{"target": 0.46953562390107195, "params": {"C": 531.5281557178366, "epsilon": 0.7100479289593538, "gamma": 0.008846372821211524, "lamda": 0.6472961619031512}, "datetime": {"datetime": "2021-09-23 21:46:03", "elapsed": 536.764725, "delta": 2.14345}}
{"target": 0.46801539564272676, "params": {"C": 562.8373858459059, "epsilon": 0.7265316245614457, "gamma": 0.006567516478588741, "lamda": 0.7263896853442973}, "datetime": {"datetime": "2021-09-23 21:46:05", "elapsed": 538.716488, "delta": 1.951763}}
{"target": 0.4686165261959554, "params": {"C": 578.2589352388097, "epsilon": 0.7076304160208561, "gamma": 0.0065477213911701625, "lamda": 0.6367107138028923}, "datetime": {"datetime": "2021-09-23 21:46:07", "elapsed": 540.895486, "delta": 2.178998}}
{"target": 0.469367011270841, "params": {"C": 572.2608004242511, "epsilon": 0.7285603465831256, "gamma": 0.009478245690839496, "lamda": 0.6699234687734047}, "datetime": {"datetime": "2021-09-23 21:46:09", "elapsed": 542.881025, "delta": 1.985539}}
{"target": 0.4670087140152953, "params": {"C": 508.1082118057103, "epsilon": 0.7582178812744872, "gamma": 0.006034799256649234, "lamda": 0.7270278807700914}, "datetime": {"datetime": "2021-09-23 21:46:12", "elapsed": 545.842987, "delta": 2.961962}}
{"target": 0.466033225282958, "params": {"C": 598.9374950527065, "epsilon": 0.8338563522652129, "gamma": 0.014082559746595467, "lamda": 0.6132845954415167}, "datetime": {"datetime": "2021-09-23 21:46:14", "elapsed": 548.229578, "delta": 2.386591}}
{"target": 0.4665810505357779, "params": {"C": 553.9719303958179, "epsilon": 0.961056518404888, "gamma": 0.01339924333387143, "lamda": 0.5063621642555797}, "datetime": {"datetime": "2021-09-23 21:46:17", "elapsed": 550.826751, "delta": 2.597173}}
{"target": 0.4683779351358619, "params": {"C": 482.88051603196186, "epsilon": 0.7524620778676049, "gamma": 0.0110997076484021, "lamda": 0.5524219516449913}, "datetime": {"datetime": "2021-09-23 21:46:19", "elapsed": 552.951617, "delta": 2.124866}}
{"target": 0.4682000428632058, "params": {"C": 508.1587354628988, "epsilon": 0.7101574653914563, "gamma": 0.011796607456368863, "lamda": 0.7721218373330121}, "datetime": {"datetime": "2021-09-23 21:46:23", "elapsed": 556.911386, "delta": 3.959769}}
{"target": 0.46672904374559376, "params": {"C": 491.67845626138546, "epsilon": 0.9907124900953996, "gamma": 0.013632090666921191, "lamda": 0.5964819427865375}, "datetime": {"datetime": "2021-09-23 21:46:25", "elapsed": 558.961393, "delta": 2.050007}}
{"target": 0.46650913107110814, "params": {"C": 571.7054769619849, "epsilon": 0.8204237855888677, "gamma": 0.013622142473844403, "lamda": 0.6221159787089549}, "datetime": {"datetime": "2021-09-23 21:46:28", "elapsed": 562.204745, "delta": 3.243352}}
{"target": 0.46922597944115385, "params": {"C": 547.487547507881, "epsilon": 0.7512176664024753, "gamma": 0.009397164224798627, "lamda": 0.7249437363718868}, "datetime": {"datetime": "2021-09-23 21:46:31", "elapsed": 564.55213, "delta": 2.347385}}
{"target": 0.46836565974511957, "params": {"C": 510.7485553531378, "epsilon": 0.8692563959782383, "gamma": 0.011366618598810033, "lamda": 0.5417724019443001}, "datetime": {"datetime": "2021-09-23 21:46:34", "elapsed": 567.407018, "delta": 2.854888}}
{"target": 0.46889675532831643, "params": {"C": 556.2031078591334, "epsilon": 0.9538246108572974, "gamma": 0.010376402191883495, "lamda": 0.5893895480094267}, "datetime": {"datetime": "2021-09-23 21:46:36", "elapsed": 569.378956, "delta": 1.971938}}
{"target": 0.46828924165767627, "params": {"C": 557.9945088583182, "epsilon": 0.8433136809314263, "gamma": 0.011625296113576943, "lamda": 0.6518635332496644}, "datetime": {"datetime": "2021-09-23 21:46:38", "elapsed": 572.069559, "delta": 2.690603}}
{"target": 0.46780239631720344, "params": {"C": 508.1987279139223, "epsilon": 0.7576654158817208, "gamma": 0.012332450850238881, "lamda": 0.7390347101972363}, "datetime": {"datetime": "2021-09-23 21:46:42", "elapsed": 575.373676, "delta": 3.304117}}
{"target": 0.4657937856289406, "params": {"C": 508.3943632659164, "epsilon": 0.9471212641354453, "gamma": 0.01463923693380482, "lamda": 0.6264210743331968}, "datetime": {"datetime": "2021-09-23 21:46:45", "elapsed": 578.678392, "delta": 3.304716}}
{"target": 0.4660496360162457, "params": {"C": 491.4197047378412, "epsilon": 0.8362330909085176, "gamma": 0.014513659855184055, "lamda": 0.7718084802183374}, "datetime": {"datetime": "2021-09-23 21:46:47", "elapsed": 581.198635, "delta": 2.520243}}
{"target": 0.46825326045507143, "params": {"C": 595.8899787598663, "epsilon": 0.7443525383972237, "gamma": 0.011226458277016606, "lamda": 0.5543583735792234}, "datetime": {"datetime": "2021-09-23 21:46:50", "elapsed": 583.476639, "delta": 2.278004}}
{"target": 0.46943236267573607, "params": {"C": 499.47712852511654, "epsilon": 0.7903410868762971, "gamma": 0.009348146183505861, "lamda": 0.5091124231022661}, "datetime": {"datetime": "2021-09-23 21:46:53", "elapsed": 586.588159, "delta": 3.11152}}
{"target": 0.4672882255354466, "params": {"C": 560.6503408944355, "epsilon": 0.751887831169868, "gamma": 0.013001827746964345, "lamda": 0.7675959492146344}, "datetime": {"datetime": "2021-09-23 21:46:55", "elapsed": 588.885007, "delta": 2.296848}}
{"target": 0.4690403413368952, "params": {"C": 579.3954671127219, "epsilon": 0.7368680820731635, "gamma": 0.009979020548308737, "lamda": 0.7687266671005746}, "datetime": {"datetime": "2021-09-23 21:46:57", "elapsed": 591.162718, "delta": 2.277711}}
{"target": 0.4680320160463334, "params": {"C": 557.4467261201628, "epsilon": 0.7996954569611265, "gamma": 0.007044253193359265, "lamda": 0.7292520607590967}, "datetime": {"datetime": "2021-09-23 21:47:00", "elapsed": 593.419492, "delta": 2.256774}}
{"target": 0.4685759017559775, "params": {"C": 567.9076488488134, "epsilon": 0.9975323859028339, "gamma": 0.01114226421278185, "lamda": 0.5145697796619265}, "datetime": {"datetime": "2021-09-23 21:47:02", "elapsed": 595.457707, "delta": 2.038215}}
{"target": 0.4680284985074271, "params": {"C": 570.5508409069251, "epsilon": 0.8649018748213736, "gamma": 0.011886703614504217, "lamda": 0.5719651449916281}, "datetime": {"datetime": "2021-09-23 21:47:04", "elapsed": 597.9387, "delta": 2.480993}}
{"target": 0.4660107716072799, "params": {"C": 576.4324599688655, "epsilon": 0.8179510552411818, "gamma": 0.014457902763734704, "lamda": 0.7299152272286351}, "datetime": {"datetime": "2021-09-23 21:47:06", "elapsed": 600.182495, "delta": 2.243795}}
{"target": 0.4694920935952107, "params": {"C": 496.2082883081991, "epsilon": 0.7629217235698367, "gamma": 0.00731251420882013, "lamda": 0.5020617873437494}, "datetime": {"datetime": "2021-09-23 21:47:09", "elapsed": 602.779943, "delta": 2.597448}}
{"target": 0.46679191897051986, "params": {"C": 573.8556231081591, "epsilon": 0.9767426693397798, "gamma": 0.01352796850545001, "lamda": 0.5875290506634632}, "datetime": {"datetime": "2021-09-23 21:47:12", "elapsed": 605.43517, "delta": 2.655227}}
{"target": 0.4670184570290381, "params": {"C": 536.0050505266523, "epsilon": 0.8725719099128847, "gamma": 0.013331112162435151, "lamda": 0.7586790147279983}, "datetime": {"datetime": "2021-09-23 21:47:14", "elapsed": 607.956635, "delta": 2.521465}}
{"target": 0.46629483106963265, "params": {"C": 578.7492481852951, "epsilon": 0.8334217460806173, "gamma": 0.013812979937208295, "lamda": 0.608558972070603}, "datetime": {"datetime": "2021-09-23 21:47:17", "elapsed": 610.53064, "delta": 2.574005}}
{"target": 0.46861934373791647, "params": {"C": 571.722918414675, "epsilon": 0.8024020088869863, "gamma": 0.011117189463931207, "lamda": 0.6471160887795394}, "datetime": {"datetime": "2021-09-23 21:47:21", "elapsed": 615.205541, "delta": 4.674901}}
{"target": 0.4684206442145168, "params": {"C": 589.0226317985921, "epsilon": 0.8730141976737806, "gamma": 0.006941276036486389, "lamda": 0.6006682268370073}, "datetime": {"datetime": "2021-09-23 21:47:24", "elapsed": 617.86834, "delta": 2.662799}}
{"target": 0.4687612638259392, "params": {"C": 557.8052760888272, "epsilon": 0.9114996265397036, "gamma": 0.00684596568242293, "lamda": 0.5122221243743997}, "datetime": {"datetime": "2021-09-23 21:47:26", "elapsed": 620.219744, "delta": 2.351404}}
{"target": 0.4695532726620425, "params": {"C": 521.1016070269999, "epsilon": 0.7343804662643811, "gamma": 0.008826808721640805, "lamda": 0.6145741886230631}, "datetime": {"datetime": "2021-09-23 21:47:29", "elapsed": 622.420741, "delta": 2.200997}}
{"target": 0.4683700764580415, "params": {"C": 509.481174753573, "epsilon": 0.7955969254334273, "gamma": 0.007756459501439456, "lamda": 0.7712084145066405}, "datetime": {"datetime": "2021-09-23 21:47:31", "elapsed": 624.949743, "delta": 2.529002}}
{"target": 0.4688392223404906, "params": {"C": 569.3964967136602, "epsilon": 0.785333206644079, "gamma": 0.009734133943413603, "lamda": 0.7938820290107897}, "datetime": {"datetime": "2021-09-23 21:47:33", "elapsed": 627.039726, "delta": 2.089983}}
{"target": 0.46857153044995203, "params": {"C": 526.7264010557797, "epsilon": 0.8837357801254176, "gamma": 0.008665222667493894, "lamda": 0.7284857947025827}, "datetime": {"datetime": "2021-09-23 21:47:36", "elapsed": 629.696726, "delta": 2.657}}
{"target": 0.4653978703987053, "params": {"C": 571.7277623263678, "epsilon": 0.8115196577364995, "gamma": 0.014783386274820043, "lamda": 0.6550205080805329}, "datetime": {"datetime": "2021-09-23 21:47:39", "elapsed": 632.444235, "delta": 2.747509}}
{"target": 0.4691118749311275, "params": {"C": 539.8171889063289, "epsilon": 0.789129030900371, "gamma": 0.008831453175326657, "lamda": 0.7196033560448623}, "datetime": {"datetime": "2021-09-23 21:47:42", "elapsed": 635.470691, "delta": 3.026456}}
{"target": 0.4690872368978951, "params": {"C": 480.3801850892276, "epsilon": 0.8587846706290261, "gamma": 0.007407742945721328, "lamda": 0.5621563495868459}, "datetime": {"datetime": "2021-09-23 21:47:45", "elapsed": 638.635688, "delta": 3.164997}}
{"target": 0.46800017307517616, "params": {"C": 487.00852864161897, "epsilon": 0.961533860887851, "gamma": 0.008725585948930576, "lamda": 0.7486061921174346}, "datetime": {"datetime": "2021-09-23 21:47:47", "elapsed": 640.617367, "delta": 1.981679}}
