{"target": -43.753154276558995, "params": {"C": 404.59518906202726, "epsilon": 0.8018367744890806, "gamma": 0.04964879814206975, "lamda": 2.020130529724775}, "datetime": {"datetime": "2021-09-24 20:06:20", "elapsed": 116.644075, "delta": 0.843499}}
{"target": -42.097569381785654, "params": {"C": 369.20131229923504, "epsilon": 0.4002530694054986, "gamma": 0.012561854166219438, "lamda": 1.5151261428747897}, "datetime": {"datetime": "2021-09-24 20:06:21", "elapsed": 117.403662, "delta": 0.759587}}
{"target": -41.880971185291024, "params": {"C": 354.6770932620499, "epsilon": 0.66293306719753, "gamma": 0.006330296468592851, "lamda": 1.0239790726339058}, "datetime": {"datetime": "2021-09-24 20:06:22", "elapsed": 118.359471, "delta": 0.955809}}
{"target": -43.50646670196737, "params": {"C": 416.0430530348109, "epsilon": 0.5600573054233349, "gamma": 0.047941056564330474, "lamda": 1.199695895396243}, "datetime": {"datetime": "2021-09-24 20:06:23", "elapsed": 119.307624, "delta": 0.948153}}
{"target": -43.09094671171728, "params": {"C": 424.0701405603488, "epsilon": 0.799461427806557, "gamma": 0.03677735541671789, "lamda": 1.0499144455254088}, "datetime": {"datetime": "2021-09-24 20:06:24", "elapsed": 120.268131, "delta": 0.960507}}
{"target": -43.67464327440824, "params": {"C": 391.03453699976467, "epsilon": 0.9352427313336686, "gamma": 0.051998719143006154, "lamda": 0.7574044256249063}, "datetime": {"datetime": "2021-09-24 20:06:25", "elapsed": 121.18775, "delta": 0.919619}}
{"target": -42.78259606506363, "params": {"C": 354.75731686069355, "epsilon": 0.852903105813924, "gamma": 0.02846700655363558, "lamda": 0.9776603407655499}, "datetime": {"datetime": "2021-09-24 20:06:26", "elapsed": 122.37416, "delta": 1.18641}}
{"target": -44.23479398061211, "params": {"C": 451.86601012563165, "epsilon": 0.4495211014556983, "gamma": 0.06819008898273571, "lamda": 1.9333005302337245}, "datetime": {"datetime": "2021-09-24 20:06:27", "elapsed": 123.171322, "delta": 0.797162}}
{"target": -42.5270836226151, "params": {"C": 447.514932865578, "epsilon": 0.6054617931062622, "gamma": 0.02207153684402335, "lamda": 1.450306877922504}, "datetime": {"datetime": "2021-09-24 20:06:27", "elapsed": 123.912306, "delta": 0.740984}}
{"target": -44.332932116511124, "params": {"C": 441.29020693498313, "epsilon": 0.5432562231003435, "gamma": 0.06978162812782314, "lamda": 2.0548019596233225}, "datetime": {"datetime": "2021-09-24 20:06:28", "elapsed": 124.820791, "delta": 0.908485}}
{"target": -42.858282910675406, "params": {"C": 477.0915192438531, "epsilon": 0.897975283599308, "gamma": 0.02604550820961193, "lamda": 1.7984045956496801}, "datetime": {"datetime": "2021-09-24 20:06:29", "elapsed": 125.739482, "delta": 0.918691}}
{"target": -42.536453984008816, "params": {"C": 415.99064078069676, "epsilon": 0.6739191503876526, "gamma": 0.022783359786370756, "lamda": 1.1532664048683146}, "datetime": {"datetime": "2021-09-24 20:06:30", "elapsed": 126.761443, "delta": 1.021961}}
{"target": -42.00498276887942, "params": {"C": 424.711117406574, "epsilon": 0.4558732004842953, "gamma": 0.00934100766137751, "lamda": 1.7365685406617568}, "datetime": {"datetime": "2021-09-24 20:06:31", "elapsed": 127.994666, "delta": 1.233223}}
{"target": -45.46467359563197, "params": {"C": 371.13928551303934, "epsilon": 0.7032609871304019, "gamma": 0.09182822455012267, "lamda": 0.8658282143623701}, "datetime": {"datetime": "2021-09-24 20:06:32", "elapsed": 128.810065, "delta": 0.815399}}
{"target": -42.34800538350334, "params": {"C": 484.79579367289625, "epsilon": 0.7247458266846023, "gamma": 0.018510090748017637, "lamda": 1.0245849668776743}, "datetime": {"datetime": "2021-09-24 20:06:33", "elapsed": 129.847712, "delta": 1.037647}}
{"target": -42.5301882761021, "params": {"C": 387.8623710525016, "epsilon": 0.5752918084458212, "gamma": 0.022059803396315483, "lamda": 0.7368764736885838}, "datetime": {"datetime": "2021-09-24 20:06:34", "elapsed": 130.78953, "delta": 0.941818}}
{"target": -42.22498191713602, "params": {"C": 354.69135675112125, "epsilon": 0.6569338168466639, "gamma": 0.003485493184835938, "lamda": 0.9408620878723973}, "datetime": {"datetime": "2021-09-24 20:06:35", "elapsed": 131.795246, "delta": 1.005716}}
{"target": -42.67038826654299, "params": {"C": 416.09675484049353, "epsilon": 0.6987168566362489, "gamma": 0.0027885499720047098, "lamda": 1.1344634231420911}, "datetime": {"datetime": "2021-09-24 20:06:36", "elapsed": 132.940745, "delta": 1.145499}}
{"target": -43.78283637313721, "params": {"C": 478.2393168396226, "epsilon": 0.565312229251931, "gamma": 0.05487740095804154, "lamda": 1.9645128240932834}, "datetime": {"datetime": "2021-09-24 20:06:37", "elapsed": 134.052742, "delta": 1.111997}}
{"target": -44.85864718843221, "params": {"C": 462.1833444845336, "epsilon": 0.36183507659318537, "gamma": 0.07302554322417462, "lamda": 1.1693146852036165}, "datetime": {"datetime": "2021-09-24 20:06:38", "elapsed": 134.965919, "delta": 0.913177}}
{"target": -43.46879567940672, "params": {"C": 369.2632062683845, "epsilon": 0.4158444023805844, "gamma": 0.04666136772028992, "lamda": 1.433857809040771}, "datetime": {"datetime": "2021-09-24 20:06:39", "elapsed": 135.819934, "delta": 0.854015}}
{"target": -43.51516856775771, "params": {"C": 384.26888910273846, "epsilon": 0.8338798769501967, "gamma": 0.0428928242228417, "lamda": 2.0639265967891647}, "datetime": {"datetime": "2021-09-24 20:06:40", "elapsed": 136.623711, "delta": 0.803777}}
{"target": -42.2032153283583, "params": {"C": 369.17011053636674, "epsilon": 0.4005381806167954, "gamma": 0.0036636712742690847, "lamda": 1.5651756681953533}, "datetime": {"datetime": "2021-09-24 20:06:41", "elapsed": 137.707328, "delta": 1.083617}}
{"target": -42.49064834059295, "params": {"C": 484.8212823599218, "epsilon": 0.7616078627539451, "gamma": 0.02162861791312159, "lamda": 1.066902925534333}, "datetime": {"datetime": "2021-09-24 20:06:42", "elapsed": 138.781089, "delta": 1.073761}}
{"target": -47.40401533428158, "params": {"C": 404.5275412906351, "epsilon": 0.8026007236932236, "gamma": 0.001, "lamda": 1.9333288807037166}, "datetime": {"datetime": "2021-09-24 20:06:44", "elapsed": 140.320426, "delta": 1.539337}}
{"target": -42.69162306918908, "params": {"C": 424.0617395902708, "epsilon": 0.3114900625740397, "gamma": 0.026735404474445754, "lamda": 2.073025210679818}, "datetime": {"datetime": "2021-09-24 20:06:45", "elapsed": 141.387912, "delta": 1.067486}}
{"target": -45.708961893141, "params": {"C": 417.84757884280566, "epsilon": 0.916691167299994, "gamma": 0.0954805749952072, "lamda": 1.6312651612270663}, "datetime": {"datetime": "2021-09-24 20:06:46", "elapsed": 142.281145, "delta": 0.893233}}
{"target": -42.312383383170705, "params": {"C": 369.17803803276075, "epsilon": 0.3455129328319522, "gamma": 0.0029311624875161028, "lamda": 1.5226668556697671}, "datetime": {"datetime": "2021-09-24 20:06:47", "elapsed": 143.512817, "delta": 1.231672}}
{"target": -43.15555053006439, "params": {"C": 488.539843578381, "epsilon": 0.5333450619990949, "gamma": 0.038856837762557654, "lamda": 1.4352445499461077}, "datetime": {"datetime": "2021-09-24 20:06:48", "elapsed": 144.541126, "delta": 1.028309}}
{"target": -42.77633458011957, "params": {"C": 442.47282280877835, "epsilon": 0.9320151098377871, "gamma": 0.028092168513341793, "lamda": 0.7064635236697709}, "datetime": {"datetime": "2021-09-24 20:06:49", "elapsed": 145.552922, "delta": 1.011796}}
{"target": -43.21935834724492, "params": {"C": 443.26753694009426, "epsilon": 0.839758730584897, "gamma": 0.038968636165679214, "lamda": 1.4151539483567945}, "datetime": {"datetime": "2021-09-24 20:06:50", "elapsed": 146.420643, "delta": 0.867721}}
{"target": -43.72050725236529, "params": {"C": 354.6958220871127, "epsilon": 0.647548311186902, "gamma": 0.05335487780000364, "lamda": 1.0036711204793378}, "datetime": {"datetime": "2021-09-24 20:06:51", "elapsed": 147.741222, "delta": 1.320579}}
{"target": -42.937031296881486, "params": {"C": 398.505699732887, "epsilon": 0.39095679921992, "gamma": 0.03109516999503564, "lamda": 1.0596250546061183}, "datetime": {"datetime": "2021-09-24 20:06:52", "elapsed": 148.647754, "delta": 0.906532}}
{"target": -42.04641499216884, "params": {"C": 447.52502727739414, "epsilon": 0.5635444323250354, "gamma": 0.0058262421907702405, "lamda": 1.4928241989469282}, "datetime": {"datetime": "2021-09-24 20:06:53", "elapsed": 149.687513, "delta": 1.039759}}
{"target": -42.197802761240645, "params": {"C": 408.7697741555187, "epsilon": 0.35988948422441475, "gamma": 0.015180409863673403, "lamda": 1.5770231807329491}, "datetime": {"datetime": "2021-09-24 20:06:55", "elapsed": 151.179267, "delta": 1.491754}}
{"target": -42.288120108354455, "params": {"C": 387.87104440015145, "epsilon": 0.5912035841928391, "gamma": 0.017177390866767367, "lamda": 0.7419868765020937}, "datetime": {"datetime": "2021-09-24 20:06:55", "elapsed": 152.117054, "delta": 0.937787}}
{"target": -42.24846018706239, "params": {"C": 387.96843004187355, "epsilon": 0.5779554248417307, "gamma": 0.0162641895218781, "lamda": 0.7534696314470355}, "datetime": {"datetime": "2021-09-24 20:06:57", "elapsed": 153.672268, "delta": 1.555214}}
{"target": -42.246506660596395, "params": {"C": 369.15286817915376, "epsilon": 0.42447021754210046, "gamma": 0.016273637796969036, "lamda": 1.5225796604386312}, "datetime": {"datetime": "2021-09-24 20:06:58", "elapsed": 154.734949, "delta": 1.062681}}
{"target": -43.53563943340143, "params": {"C": 416.06365244577347, "epsilon": 0.70024150127374, "gamma": 0.0490551439067111, "lamda": 1.189299571555768}, "datetime": {"datetime": "2021-09-24 20:06:59", "elapsed": 155.844789, "delta": 1.10984}}
{"target": -43.683921340835056, "params": {"C": 408.7446474453043, "epsilon": 0.9054320855347138, "gamma": 0.05035276952353805, "lamda": 1.4659178587606936}, "datetime": {"datetime": "2021-09-24 20:07:00", "elapsed": 156.710669, "delta": 0.86588}}
{"target": -45.72588249959266, "params": {"C": 474.64827556136834, "epsilon": 0.6031850986926397, "gamma": 0.09876891393162326, "lamda": 1.8937626544791177}, "datetime": {"datetime": "2021-09-24 20:07:01", "elapsed": 157.636488, "delta": 0.925819}}
{"target": -42.46677578481646, "params": {"C": 369.1822608567619, "epsilon": 0.4572398344488076, "gamma": 0.0030225191994885767, "lamda": 1.5436346020103089}, "datetime": {"datetime": "2021-09-24 20:07:02", "elapsed": 158.786695, "delta": 1.150207}}
{"target": -44.44563987560054, "params": {"C": 454.6206471387627, "epsilon": 0.868640456756254, "gamma": 0.06828523180366819, "lamda": 1.7178121297897175}, "datetime": {"datetime": "2021-09-24 20:07:03", "elapsed": 159.766542, "delta": 0.979847}}
{"target": -45.514173593878425, "params": {"C": 387.95220779717937, "epsilon": 0.5512819865518688, "gamma": 0.08339519718794204, "lamda": 0.7573808898751531}, "datetime": {"datetime": "2021-09-24 20:07:04", "elapsed": 160.838685, "delta": 1.072143}}
{"target": -42.2289637667595, "params": {"C": 447.53928975237994, "epsilon": 0.5902936082199306, "gamma": 0.01350922165345141, "lamda": 1.5693665319533763}, "datetime": {"datetime": "2021-09-24 20:07:05", "elapsed": 161.920844, "delta": 1.082159}}
{"target": -42.57177074422281, "params": {"C": 450.0014623238909, "epsilon": 0.3, "gamma": 0.001, "lamda": 0.7732050773488123}, "datetime": {"datetime": "2021-09-24 20:07:06", "elapsed": 163.001914, "delta": 1.08107}}
{"target": -45.033752898467604, "params": {"C": 358.3598980988662, "epsilon": 0.6571022442342508, "gamma": 0.08485946326559911, "lamda": 1.0630210225520533}, "datetime": {"datetime": "2021-09-24 20:07:07", "elapsed": 163.982289, "delta": 0.980375}}
{"target": -42.84079129197663, "params": {"C": 447.47357058443345, "epsilon": 0.66972761527849, "gamma": 0.028880620576008025, "lamda": 1.5483360245582198}, "datetime": {"datetime": "2021-09-24 20:07:09", "elapsed": 165.229599, "delta": 1.24731}}
{"target": -44.805716592027856, "params": {"C": 416.03623791521824, "epsilon": 0.6406281337901305, "gamma": 0.07997972832323336, "lamda": 1.105681465930316}, "datetime": {"datetime": "2021-09-24 20:07:10", "elapsed": 166.607313, "delta": 1.377714}}
{"target": -43.625747456866655, "params": {"C": 447.55214705365427, "epsilon": 0.5378693083029896, "gamma": 0.0515269493127167, "lamda": 1.4168524755111416}, "datetime": {"datetime": "2021-09-24 20:07:11", "elapsed": 167.878939, "delta": 1.271626}}
{"target": -45.54283544318578, "params": {"C": 436.7699747456146, "epsilon": 0.44747370449228707, "gamma": 0.09373429852868305, "lamda": 1.3760827828727118}, "datetime": {"datetime": "2021-09-24 20:07:12", "elapsed": 168.766654, "delta": 0.887715}}
{"target": -43.57081009713061, "params": {"C": 412.96761852453, "epsilon": 0.3603724928588452, "gamma": 0.0464155879535615, "lamda": 1.1406532109419758}, "datetime": {"datetime": "2021-09-24 20:07:13", "elapsed": 169.705161, "delta": 0.938507}}
{"target": -41.92420397418491, "params": {"C": 425.7001432164676, "epsilon": 0.42981481599912963, "gamma": 0.005444962735182178, "lamda": 1.4890198625190734}, "datetime": {"datetime": "2021-09-24 20:07:14", "elapsed": 170.72224, "delta": 1.017079}}
{"target": -42.12442044239896, "params": {"C": 424.75425543728875, "epsilon": 0.415771437018487, "gamma": 0.012993420998482889, "lamda": 1.642332707918547}, "datetime": {"datetime": "2021-09-24 20:07:16", "elapsed": 172.455603, "delta": 1.733363}}
{"target": -42.975644528560906, "params": {"C": 488.0360675790792, "epsilon": 0.6922276233953077, "gamma": 0.03355877851069218, "lamda": 1.1165493691420518}, "datetime": {"datetime": "2021-09-24 20:07:17", "elapsed": 173.438317, "delta": 0.982714}}
{"target": -42.785087625402994, "params": {"C": 425.7043058837129, "epsilon": 0.4830867767091429, "gamma": 0.02891593406595765, "lamda": 1.5767502388680779}, "datetime": {"datetime": "2021-09-24 20:07:18", "elapsed": 174.695425, "delta": 1.257108}}
{"target": -45.032562390656445, "params": {"C": 369.1618278685768, "epsilon": 0.3773811341533669, "gamma": 0.08221492104656261, "lamda": 1.5067326543145216}, "datetime": {"datetime": "2021-09-24 20:07:19", "elapsed": 175.845049, "delta": 1.149624}}
{"target": -42.236628633928106, "params": {"C": 447.6180685910298, "epsilon": 0.5591734138209847, "gamma": 0.004688547487829969, "lamda": 1.5200104258052614}, "datetime": {"datetime": "2021-09-24 20:07:21", "elapsed": 177.384084, "delta": 1.539035}}
{"target": -42.36872525972769, "params": {"C": 425.77308665599963, "epsilon": 0.49196819950905857, "gamma": 0.018771172303713418, "lamda": 1.571221476945544}, "datetime": {"datetime": "2021-09-24 20:07:22", "elapsed": 178.709239, "delta": 1.325155}}
{"target": -43.16712598287515, "params": {"C": 415.9767571476775, "epsilon": 0.9913601086006192, "gamma": 0.03599635926431527, "lamda": 1.4238654176503567}, "datetime": {"datetime": "2021-09-24 20:07:23", "elapsed": 179.823642, "delta": 1.114403}}
{"target": -43.55533362712597, "params": {"C": 484.801161438736, "epsilon": 0.7047074422553113, "gamma": 0.04946363947958552, "lamda": 1.0752324514594893}, "datetime": {"datetime": "2021-09-24 20:07:25", "elapsed": 181.519204, "delta": 1.695562}}
{"target": -42.203153643777554, "params": {"C": 424.6928325875587, "epsilon": 0.42860949292775397, "gamma": 0.014662870012198178, "lamda": 1.7616880540886648}, "datetime": {"datetime": "2021-09-24 20:07:26", "elapsed": 182.652258, "delta": 1.133054}}
{"target": -43.499702761973616, "params": {"C": 484.8665482072105, "epsilon": 0.7651274477145875, "gamma": 0.048072077835756954, "lamda": 1.0257346172398454}, "datetime": {"datetime": "2021-09-24 20:07:27", "elapsed": 183.84328, "delta": 1.191022}}
{"target": -42.77386193818813, "params": {"C": 447.665373798784, "epsilon": 0.6020498372687513, "gamma": 0.028059261139402374, "lamda": 1.467371807491669}, "datetime": {"datetime": "2021-09-24 20:07:29", "elapsed": 185.18664, "delta": 1.34336}}
{"target": -42.564211681190585, "params": {"C": 478.2635565213923, "epsilon": 0.641467560131133, "gamma": 0.02062326962237205, "lamda": 1.9475041633422112}, "datetime": {"datetime": "2021-09-24 20:07:30", "elapsed": 186.429944, "delta": 1.243304}}
{"target": -45.11914274564144, "params": {"C": 354.7654917837133, "epsilon": 0.8223159415741859, "gamma": 0.08734210180485358, "lamda": 0.9408421402269636}, "datetime": {"datetime": "2021-09-24 20:07:31", "elapsed": 187.669916, "delta": 1.239972}}
{"target": -42.12920113895871, "params": {"C": 369.09715536647394, "epsilon": 0.40276927426610537, "gamma": 0.01342801568430755, "lamda": 1.562924812453439}, "datetime": {"datetime": "2021-09-24 20:07:32", "elapsed": 189.068053, "delta": 1.398137}}
{"target": -44.693901919455286, "params": {"C": 438.2521844843272, "epsilon": 0.7334748195031433, "gamma": 0.0737653040505775, "lamda": 0.7278933467557381}, "datetime": {"datetime": "2021-09-24 20:07:33", "elapsed": 190.014133, "delta": 0.94608}}
{"target": -42.42599206974276, "params": {"C": 370.6163598120887, "epsilon": 0.932638178267919, "gamma": 0.011727473916174416, "lamda": 1.6798693969703349}, "datetime": {"datetime": "2021-09-24 20:07:34", "elapsed": 190.98778, "delta": 0.973647}}
{"target": -43.15639338063556, "params": {"C": 478.26134158913464, "epsilon": 0.6251368323874772, "gamma": 0.03665951494353311, "lamda": 1.9874726552632787}, "datetime": {"datetime": "2021-09-24 20:07:35", "elapsed": 192.0253, "delta": 1.03752}}
{"target": -41.99793130396794, "params": {"C": 354.60635165246714, "epsilon": 0.612918576347006, "gamma": 0.009925620742471705, "lamda": 1.0164560279488826}, "datetime": {"datetime": "2021-09-24 20:07:37", "elapsed": 193.724457, "delta": 1.699157}}
{"target": -43.229779141903734, "params": {"C": 425.7714345005219, "epsilon": 0.4412367893518852, "gamma": 0.0015611791936010746, "lamda": 1.4692434011686784}, "datetime": {"datetime": "2021-09-24 20:07:39", "elapsed": 195.226866, "delta": 1.502409}}
{"target": -42.85767170877785, "params": {"C": 425.71966902945155, "epsilon": 0.3907364877618662, "gamma": 0.03045619663933377, "lamda": 1.5556038711313205}, "datetime": {"datetime": "2021-09-24 20:07:40", "elapsed": 196.850668, "delta": 1.623802}}
{"target": -42.06894512824605, "params": {"C": 481.39544074585035, "epsilon": 0.9058936081919442, "gamma": 0.011189572785245884, "lamda": 0.7715329092988287}, "datetime": {"datetime": "2021-09-24 20:07:41", "elapsed": 198.084278, "delta": 1.23361}}
{"target": -43.63305709407448, "params": {"C": 404.1657462878211, "epsilon": 0.30933268384253776, "gamma": 0.0516798372679769, "lamda": 1.818464289091253}, "datetime": {"datetime": "2021-09-24 20:07:43", "elapsed": 199.193946, "delta": 1.109668}}
{"target": -44.035510499461736, "params": {"C": 454.9763534122794, "epsilon": 0.6628455047049229, "gamma": 0.06210938612613051, "lamda": 1.2624014739244518}, "datetime": {"datetime": "2021-09-24 20:07:44", "elapsed": 200.293627, "delta": 1.099681}}
