{"target": -42.540850810112616, "params": {"C": 159.1001979964106, "epsilon": 0.5082555062791679, "gamma": 0.02291265095163465, "lamda": 1.518218836714774}, "datetime": {"datetime": "2021-09-24 19:31:26", "elapsed": 19.914584, "delta": 0.473651}}
{"target": -42.22073465178014, "params": {"C": 199.81331344571834, "epsilon": 0.5221904622864472, "gamma": 0.0133559892507016, "lamda": 1.7616905671739145}, "datetime": {"datetime": "2021-09-24 19:31:27", "elapsed": 20.446369, "delta": 0.531785}}
{"target": -42.649340312353246, "params": {"C": 177.93552383002077, "epsilon": 0.594517643390045, "gamma": 0.02468414356111489, "lamda": 1.5578409169937029}, "datetime": {"datetime": "2021-09-24 19:31:27", "elapsed": 20.91595, "delta": 0.469581}}
{"target": -42.02624919466837, "params": {"C": 176.26356789989467, "epsilon": 0.3893831462164716, "gamma": 0.009582523348160506, "lamda": 1.5799711048290144}, "datetime": {"datetime": "2021-09-24 19:31:28", "elapsed": 21.375128, "delta": 0.459178}}
{"target": -42.53136805171788, "params": {"C": 173.29188372652828, "epsilon": 0.8122882613341671, "gamma": 0.018451228962481515, "lamda": 1.6593028130054144}, "datetime": {"datetime": "2021-09-24 19:31:28", "elapsed": 21.761411, "delta": 0.386283}}
{"target": -42.886763930483085, "params": {"C": 216.99361797948615, "epsilon": 0.4687330058566924, "gamma": 0.03083969047399734, "lamda": 1.9887454498542496}, "datetime": {"datetime": "2021-09-24 19:31:29", "elapsed": 22.140967, "delta": 0.379556}}
{"target": -43.13195646114911, "params": {"C": 221.59064282872555, "epsilon": 0.5342393155019753, "gamma": 0.038323988161348736, "lamda": 1.7101553016676165}, "datetime": {"datetime": "2021-09-24 19:31:29", "elapsed": 22.599447, "delta": 0.45848}}
{"target": -44.678019527979686, "params": {"C": 177.8252283340562, "epsilon": 0.6377987801314429, "gamma": 0.07900230569325668, "lamda": 1.5031641128293833}, "datetime": {"datetime": "2021-09-24 19:31:30", "elapsed": 23.122692, "delta": 0.523245}}
{"target": -42.8167755321983, "params": {"C": 226.92138468956517, "epsilon": 0.431452986542664, "gamma": 0.029786286127549806, "lamda": 1.6988741673620769}, "datetime": {"datetime": "2021-09-24 19:31:30", "elapsed": 23.564245, "delta": 0.441553}}
{"target": -44.97296164732932, "params": {"C": 226.35776511266408, "epsilon": 0.5785742574149026, "gamma": 0.08127649023127038, "lamda": 1.0248880714721698}, "datetime": {"datetime": "2021-09-24 19:31:31", "elapsed": 24.031861, "delta": 0.467616}}
{"target": -45.31651908576274, "params": {"C": 234.5878607111982, "epsilon": 0.46307689582040434, "gamma": 0.09272659833841258, "lamda": 1.9635170544410272}, "datetime": {"datetime": "2021-09-24 19:31:31", "elapsed": 24.438676, "delta": 0.406815}}
{"target": -42.00207172834243, "params": {"C": 221.66005148559734, "epsilon": 0.4906869619744327, "gamma": 0.006123780633900048, "lamda": 1.6850799782772272}, "datetime": {"datetime": "2021-09-24 19:31:31", "elapsed": 24.891819, "delta": 0.453143}}
{"target": -44.994492246980975, "params": {"C": 192.15792260093224, "epsilon": 0.8337189422870621, "gamma": 0.08424358533864049, "lamda": 1.4495725835770732}, "datetime": {"datetime": "2021-09-24 19:31:32", "elapsed": 25.29586, "delta": 0.404041}}
{"target": -45.01075758285918, "params": {"C": 159.07742760337766, "epsilon": 0.5122544952268793, "gamma": 0.001, "lamda": 1.5669245072970999}, "datetime": {"datetime": "2021-09-24 19:31:32", "elapsed": 25.780095, "delta": 0.484235}}
{"target": -43.75428553422706, "params": {"C": 166.77258433585348, "epsilon": 0.9665049591897052, "gamma": 0.053202697887374154, "lamda": 1.2171398852658801}, "datetime": {"datetime": "2021-09-24 19:31:33", "elapsed": 26.253629, "delta": 0.473534}}
{"target": -44.250995809322625, "params": {"C": 176.22112802800487, "epsilon": 0.3675487435287619, "gamma": 0.06581471085180172, "lamda": 1.553443349360232}, "datetime": {"datetime": "2021-09-24 19:31:33", "elapsed": 26.724735, "delta": 0.471106}}
{"target": -43.99275968366851, "params": {"C": 176.04364238287303, "epsilon": 0.3904524043293821, "gamma": 0.060902474768585076, "lamda": 1.7245682914117082}, "datetime": {"datetime": "2021-09-24 19:31:34", "elapsed": 27.17498, "delta": 0.450245}}
{"target": -43.069120323829424, "params": {"C": 216.9997915529985, "epsilon": 0.41003181579008174, "gamma": 0.036885527159968026, "lamda": 2.0361302588915438}, "datetime": {"datetime": "2021-09-24 19:31:34", "elapsed": 27.6488, "delta": 0.47382}}
{"target": -41.96149464008782, "params": {"C": 189.19505304132366, "epsilon": 0.30578347980692716, "gamma": 0.005494458227009835, "lamda": 1.5645759445888805}, "datetime": {"datetime": "2021-09-24 19:31:35", "elapsed": 28.102479, "delta": 0.453679}}
{"target": -42.747411083465344, "params": {"C": 199.9302108387241, "epsilon": 0.5542549016802352, "gamma": 0.003413547771532374, "lamda": 1.7604087707210267}, "datetime": {"datetime": "2021-09-24 19:31:35", "elapsed": 28.620447, "delta": 0.517968}}
{"target": -42.44410296437818, "params": {"C": 186.37774185467777, "epsilon": 0.8007592483187116, "gamma": 0.01180397783664993, "lamda": 1.9827555912917818}, "datetime": {"datetime": "2021-09-24 19:31:36", "elapsed": 29.029125, "delta": 0.408678}}
{"target": -42.46501185176021, "params": {"C": 176.23704894714083, "epsilon": 0.4265371714488051, "gamma": 0.021346836079193344, "lamda": 1.6208607702431597}, "datetime": {"datetime": "2021-09-24 19:31:36", "elapsed": 29.529302, "delta": 0.500177}}
{"target": -42.20668252876043, "params": {"C": 159.1619519853942, "epsilon": 0.477771494175983, "gamma": 0.014186150823803104, "lamda": 1.5274468746773207}, "datetime": {"datetime": "2021-09-24 19:31:37", "elapsed": 30.019229, "delta": 0.489927}}
{"target": -42.02627118479541, "params": {"C": 242.69783015038652, "epsilon": 0.9665454474193242, "gamma": 0.009560741843880022, "lamda": 0.8421004030225382}, "datetime": {"datetime": "2021-09-24 19:31:37", "elapsed": 30.471365, "delta": 0.452136}}
{"target": -42.95327191663508, "params": {"C": 193.12865332461774, "epsilon": 0.6005546943444986, "gamma": 0.031979752048734725, "lamda": 1.7267996550197076}, "datetime": {"datetime": "2021-09-24 19:31:37", "elapsed": 30.869537, "delta": 0.398172}}
{"target": -42.057500405106566, "params": {"C": 153.11372027214077, "epsilon": 0.7064211138106481, "gamma": 0.009853532179479239, "lamda": 1.0025110294701145}, "datetime": {"datetime": "2021-09-24 19:31:38", "elapsed": 31.305203, "delta": 0.435666}}
{"target": -43.85398843562737, "params": {"C": 189.19222137535792, "epsilon": 0.3314732540415787, "gamma": 0.055294582797994346, "lamda": 1.5924617359917688}, "datetime": {"datetime": "2021-09-24 19:31:38", "elapsed": 31.740519, "delta": 0.435316}}
{"target": -42.28278764477816, "params": {"C": 170.1607290191385, "epsilon": 0.6029734996490573, "gamma": 0.01348124228994077, "lamda": 1.8480609994528139}, "datetime": {"datetime": "2021-09-24 19:31:39", "elapsed": 32.166519, "delta": 0.426}}
{"target": -42.55741623718305, "params": {"C": 199.77734256200898, "epsilon": 0.5333684279460106, "gamma": 0.022437425929649434, "lamda": 1.7391054174788907}, "datetime": {"datetime": "2021-09-24 19:31:39", "elapsed": 32.634027, "delta": 0.467508}}
{"target": -43.595049278026714, "params": {"C": 176.38804405281368, "epsilon": 0.8111131031218874, "gamma": 0.0459987958088271, "lamda": 1.9357132177711165}, "datetime": {"datetime": "2021-09-24 19:31:40", "elapsed": 33.061693, "delta": 0.427666}}
{"target": -43.37821069184844, "params": {"C": 234.3983717816106, "epsilon": 0.6816959330881179, "gamma": 0.0013967630447587276, "lamda": 0.934142534540598}, "datetime": {"datetime": "2021-09-24 19:31:40", "elapsed": 33.504688, "delta": 0.442995}}
{"target": -45.61758111545788, "params": {"C": 216.14663156974814, "epsilon": 0.38090447701554303, "gamma": 0.09725673305844579, "lamda": 1.91097808798711}, "datetime": {"datetime": "2021-09-24 19:31:40", "elapsed": 33.929373, "delta": 0.424685}}
{"target": -43.47881984212075, "params": {"C": 186.42943784586788, "epsilon": 0.7628668473543398, "gamma": 0.04330926420138101, "lamda": 2.0165853931745272}, "datetime": {"datetime": "2021-09-24 19:31:41", "elapsed": 34.356269, "delta": 0.426896}}
{"target": -42.25267236593376, "params": {"C": 199.82120750679078, "epsilon": 0.5479472903790281, "gamma": 0.01423382734820642, "lamda": 1.6861434231470405}, "datetime": {"datetime": "2021-09-24 19:31:41", "elapsed": 34.812774, "delta": 0.456505}}
{"target": -42.654995886684354, "params": {"C": 153.11609685609244, "epsilon": 0.6747757684919723, "gamma": 0.02331834085953764, "lamda": 0.9662824527007943}, "datetime": {"datetime": "2021-09-24 19:31:42", "elapsed": 35.334427, "delta": 0.521653}}
{"target": -42.14941466879163, "params": {"C": 242.70133848583913, "epsilon": 0.9682682481150431, "gamma": 0.004628637610481826, "lamda": 0.7935160973492674}, "datetime": {"datetime": "2021-09-24 19:31:42", "elapsed": 35.898309, "delta": 0.563882}}
{"target": -42.086994260709055, "params": {"C": 213.95639227233545, "epsilon": 0.5026376935580761, "gamma": 0.009480472256127321, "lamda": 0.8858352458184126}, "datetime": {"datetime": "2021-09-24 19:31:43", "elapsed": 36.404581, "delta": 0.506272}}
{"target": -42.12989247765666, "params": {"C": 216.96401513677722, "epsilon": 0.46527436615427176, "gamma": 0.0063040399143655884, "lamda": 2.031494564425439}, "datetime": {"datetime": "2021-09-24 19:31:43", "elapsed": 36.837708, "delta": 0.433127}}
{"target": -42.31931999171186, "params": {"C": 225.87604803730662, "epsilon": 0.6564141203158774, "gamma": 0.017652394593784596, "lamda": 1.1664680088111323}, "datetime": {"datetime": "2021-09-24 19:31:44", "elapsed": 37.292708, "delta": 0.455}}
{"target": -44.77226272381188, "params": {"C": 198.85877556085268, "epsilon": 0.60853947345826, "gamma": 0.08097234694467406, "lamda": 1.4987514291329886}, "datetime": {"datetime": "2021-09-24 19:31:44", "elapsed": 37.749474, "delta": 0.456766}}
{"target": -42.50085485380752, "params": {"C": 221.63629535724166, "epsilon": 0.4141659052937303, "gamma": 0.022188298328159693, "lamda": 1.660547582299413}, "datetime": {"datetime": "2021-09-24 19:31:45", "elapsed": 38.307353, "delta": 0.557879}}
{"target": -42.360294043406626, "params": {"C": 153.10502526427177, "epsilon": 0.744376972158493, "gamma": 0.017909602041457022, "lamda": 0.9887614063078505}, "datetime": {"datetime": "2021-09-24 19:31:45", "elapsed": 38.834208, "delta": 0.526855}}
{"target": -45.067138162927925, "params": {"C": 236.84217657549877, "epsilon": 0.8527324258205866, "gamma": 0.084317983192882, "lamda": 1.6037111230627483}, "datetime": {"datetime": "2021-09-24 19:31:46", "elapsed": 39.31751, "delta": 0.483302}}
{"target": -42.02348445860103, "params": {"C": 176.29079612063043, "epsilon": 0.3674218581179053, "gamma": 0.009520539631212164, "lamda": 1.6650664189155895}, "datetime": {"datetime": "2021-09-24 19:31:46", "elapsed": 39.961196, "delta": 0.643686}}
{"target": -42.39545987156577, "params": {"C": 233.28144860842698, "epsilon": 0.9560879169262262, "gamma": 0.016015136672482083, "lamda": 1.2579147482211148}, "datetime": {"datetime": "2021-09-24 19:31:47", "elapsed": 40.526549, "delta": 0.565353}}
{"target": -43.88799064164806, "params": {"C": 159.11001052220993, "epsilon": 0.551245795894084, "gamma": 0.05846409209464581, "lamda": 1.493832932589135}, "datetime": {"datetime": "2021-09-24 19:31:47", "elapsed": 41.005591, "delta": 0.479042}}
{"target": -45.30601842934598, "params": {"C": 157.532925235147, "epsilon": 0.6689695175292403, "gamma": 0.09106942366525114, "lamda": 1.0920142174504281}, "datetime": {"datetime": "2021-09-24 19:31:48", "elapsed": 41.482, "delta": 0.476409}}
{"target": -43.00569514282533, "params": {"C": 221.7127972702865, "epsilon": 0.46416152821636064, "gamma": 0.034820402182814764, "lamda": 1.7175255556521312}, "datetime": {"datetime": "2021-09-24 19:31:49", "elapsed": 42.102676, "delta": 0.620676}}
{"target": -43.62780238238506, "params": {"C": 199.86969594449684, "epsilon": 0.5384381839144867, "gamma": 0.05173977573801466, "lamda": 1.6842012357708867}, "datetime": {"datetime": "2021-09-24 19:31:49", "elapsed": 42.757576, "delta": 0.6549}}
{"target": -42.97500177782147, "params": {"C": 159.4936799001628, "epsilon": 0.7227672409562805, "gamma": 0.03223323429213502, "lamda": 1.5078518937100593}, "datetime": {"datetime": "2021-09-24 19:31:50", "elapsed": 43.247581, "delta": 0.490005}}
{"target": -42.98702428015577, "params": {"C": 153.14857079913872, "epsilon": 0.7644372481989548, "gamma": 0.033346193800844845, "lamda": 0.9796592972670455}, "datetime": {"datetime": "2021-09-24 19:31:50", "elapsed": 43.840573, "delta": 0.592992}}
{"target": -43.46197037046684, "params": {"C": 176.31556810589439, "epsilon": 0.41860012630852356, "gamma": 0.04729775395775752, "lamda": 1.654424803703945}, "datetime": {"datetime": "2021-09-24 19:31:51", "elapsed": 44.405026, "delta": 0.564453}}
{"target": -42.82977370503044, "params": {"C": 159.19061716875444, "epsilon": 0.553745963273296, "gamma": 0.0027511985804856125, "lamda": 1.5498783151864055}, "datetime": {"datetime": "2021-09-24 19:31:52", "elapsed": 45.036327, "delta": 0.631301}}
{"target": -42.18432759952509, "params": {"C": 159.151049175105, "epsilon": 0.5044506647172362, "gamma": 0.004411439369453237, "lamda": 1.4885947698180684}, "datetime": {"datetime": "2021-09-24 19:31:52", "elapsed": 45.685333, "delta": 0.649006}}
{"target": -45.93647742991572, "params": {"C": 173.3069540993177, "epsilon": 0.6158733216285934, "gamma": 0.09674718550932852, "lamda": 0.8650067118653845}, "datetime": {"datetime": "2021-09-24 19:31:53", "elapsed": 46.171049, "delta": 0.485716}}
{"target": -43.48684361352115, "params": {"C": 173.26191301440278, "epsilon": 0.8441585488967815, "gamma": 0.04505199275895002, "lamda": 1.5861991791335703}, "datetime": {"datetime": "2021-09-24 19:31:53", "elapsed": 46.791183, "delta": 0.620134}}
{"target": -43.10885504345242, "params": {"C": 176.3055926470947, "epsilon": 0.3475577954946705, "gamma": 0.03480879292432402, "lamda": 1.6064798428418468}, "datetime": {"datetime": "2021-09-24 19:31:54", "elapsed": 47.407296, "delta": 0.616113}}
{"target": -45.202483957708914, "params": {"C": 199.82218089240365, "epsilon": 0.7603299478472727, "gamma": 0.08860703737881925, "lamda": 0.9422116627299618}, "datetime": {"datetime": "2021-09-24 19:31:54", "elapsed": 47.935931, "delta": 0.528635}}
{"target": -44.06549637589074, "params": {"C": 235.77850145271555, "epsilon": 0.47480416789712987, "gamma": 0.06182043262804955, "lamda": 1.2841884764081115}, "datetime": {"datetime": "2021-09-24 19:31:55", "elapsed": 48.511776, "delta": 0.575845}}
{"target": -41.948880013317925, "params": {"C": 171.4036686254107, "epsilon": 0.5235987173275474, "gamma": 0.00828560113968608, "lamda": 1.3292133300599298}, "datetime": {"datetime": "2021-09-24 19:31:56", "elapsed": 49.07366, "delta": 0.561884}}
{"target": -44.42025146874808, "params": {"C": 242.67664114772748, "epsilon": 0.9215643566738752, "gamma": 0.07123544334369258, "lamda": 0.7843726301651951}, "datetime": {"datetime": "2021-09-24 19:31:56", "elapsed": 49.655122, "delta": 0.581462}}
{"target": -44.02961105339766, "params": {"C": 221.67488779172547, "epsilon": 0.44553057983678335, "gamma": 0.061899561278552714, "lamda": 1.6117228782939488}, "datetime": {"datetime": "2021-09-24 19:31:57", "elapsed": 50.388551, "delta": 0.733429}}
{"target": -42.363772572978675, "params": {"C": 171.43795683718966, "epsilon": 0.5888191411127426, "gamma": 0.018685206635309693, "lamda": 1.3094713920378451}, "datetime": {"datetime": "2021-09-24 19:31:58", "elapsed": 51.043516, "delta": 0.654965}}
{"target": -45.69954346740046, "params": {"C": 199.86048598701652, "epsilon": 0.550036237375806, "gamma": 0.001, "lamda": 1.798994715982224}, "datetime": {"datetime": "2021-09-24 19:31:58", "elapsed": 51.801982, "delta": 0.758466}}
{"target": -43.927378168194245, "params": {"C": 153.1021015645207, "epsilon": 0.7086090654434878, "gamma": 0.05850887300234572, "lamda": 1.013085285661294}, "datetime": {"datetime": "2021-09-24 19:31:59", "elapsed": 52.551666, "delta": 0.749684}}
{"target": -42.30322847810191, "params": {"C": 177.87264983722406, "epsilon": 0.6356112961103855, "gamma": 0.014877169673414532, "lamda": 1.5967162933696577}, "datetime": {"datetime": "2021-09-24 19:32:00", "elapsed": 53.341635, "delta": 0.789969}}
{"target": -42.68389510898948, "params": {"C": 171.46107367749522, "epsilon": 0.5563619712467494, "gamma": 0.02628376124266897, "lamda": 1.3163930575519145}, "datetime": {"datetime": "2021-09-24 19:32:00", "elapsed": 53.975623, "delta": 0.633988}}
{"target": -44.87672249967186, "params": {"C": 221.62647567614647, "epsilon": 0.4588289766715041, "gamma": 0.001, "lamda": 1.6861881240531147}, "datetime": {"datetime": "2021-09-24 19:32:01", "elapsed": 54.70975, "delta": 0.734127}}
{"target": -43.810700725424944, "params": {"C": 221.5628359681681, "epsilon": 0.4836557112281401, "gamma": 0.056583412240270185, "lamda": 1.6963313250885252}, "datetime": {"datetime": "2021-09-24 19:32:02", "elapsed": 55.338649, "delta": 0.628899}}
{"target": -43.732374495140974, "params": {"C": 177.6455704561621, "epsilon": 0.8746411284550422, "gamma": 0.05342630830955882, "lamda": 0.7801152956180802}, "datetime": {"datetime": "2021-09-24 19:32:02", "elapsed": 55.949292, "delta": 0.610643}}
{"target": -44.23884614096378, "params": {"C": 194.66585820888017, "epsilon": 0.9977009849278735, "gamma": 0.06707346696263752, "lamda": 0.8426719726798141}, "datetime": {"datetime": "2021-09-24 19:32:03", "elapsed": 56.490272, "delta": 0.54098}}
{"target": -42.30127203867473, "params": {"C": 176.28629531209933, "epsilon": 0.33866345369954565, "gamma": 0.0030751137173319876, "lamda": 1.6622876216559646}, "datetime": {"datetime": "2021-09-24 19:32:04", "elapsed": 57.101207, "delta": 0.610935}}
{"target": -42.71591102264224, "params": {"C": 198.78098406882341, "epsilon": 0.9514948767983278, "gamma": 0.008390150270929327, "lamda": 1.8513592083141386}, "datetime": {"datetime": "2021-09-24 19:32:04", "elapsed": 57.699194, "delta": 0.597987}}
{"target": -42.19814762428979, "params": {"C": 171.42370944396973, "epsilon": 0.641456413185514, "gamma": 0.013369375865261518, "lamda": 1.3235810177801124}, "datetime": {"datetime": "2021-09-24 19:32:05", "elapsed": 58.383461, "delta": 0.684267}}
{"target": -42.87036492575827, "params": {"C": 199.80703206161323, "epsilon": 0.6273203595980372, "gamma": 0.029577638773755327, "lamda": 1.6780073902894377}, "datetime": {"datetime": "2021-09-24 19:32:06", "elapsed": 59.027393, "delta": 0.643932}}
{"target": -43.00790795052244, "params": {"C": 176.25193568242227, "epsilon": 0.4586323104574389, "gamma": 0.034828337837809496, "lamda": 1.6773679944379538}, "datetime": {"datetime": "2021-09-24 19:32:06", "elapsed": 59.656923, "delta": 0.62953}}
{"target": -44.017390157441326, "params": {"C": 176.24819713565577, "epsilon": 0.48436599703564265, "gamma": 0.0620261897676795, "lamda": 1.6775754606462998}, "datetime": {"datetime": "2021-09-24 19:32:07", "elapsed": 60.226094, "delta": 0.569171}}
{"target": -41.96905093133472, "params": {"C": 171.40734026551416, "epsilon": 0.5650682535754102, "gamma": 0.008829796172850467, "lamda": 1.3393146738489807}, "datetime": {"datetime": "2021-09-24 19:32:08", "elapsed": 61.009387, "delta": 0.783293}}
{"target": -43.816500357805296, "params": {"C": 199.6804668844247, "epsilon": 0.4665535632905561, "gamma": 0.056629878193132824, "lamda": 1.5991844014410386}, "datetime": {"datetime": "2021-09-24 19:32:08", "elapsed": 61.623452, "delta": 0.614065}}
{"target": -42.548017005990694, "params": {"C": 186.37998080146792, "epsilon": 0.7728817472128977, "gamma": 0.01712354455346754, "lamda": 1.9729223831278215}, "datetime": {"datetime": "2021-09-24 19:32:09", "elapsed": 62.156909, "delta": 0.533457}}
{"target": -45.86238719597527, "params": {"C": 230.1139369423086, "epsilon": 0.9968783818894948, "gamma": 0.09421676374559318, "lamda": 1.8976966386429397}, "datetime": {"datetime": "2021-09-24 19:32:09", "elapsed": 62.830226, "delta": 0.673317}}
{"target": -43.41940956322735, "params": {"C": 171.41287799711958, "epsilon": 0.562427765529423, "gamma": 0.04563769645434314, "lamda": 1.255485031824298}, "datetime": {"datetime": "2021-09-24 19:32:10", "elapsed": 63.476598, "delta": 0.646372}}
{"target": -43.09292981486223, "params": {"C": 230.92853272994466, "epsilon": 0.45842387505571136, "gamma": 0.03687299603507519, "lamda": 2.0858790486310665}, "datetime": {"datetime": "2021-09-24 19:32:11", "elapsed": 64.029442, "delta": 0.552844}}
{"target": -44.25491797965917, "params": {"C": 161.11743636788742, "epsilon": 0.39338594697436363, "gamma": 0.06507372855973477, "lamda": 1.5076233088057163}, "datetime": {"datetime": "2021-09-24 19:32:11", "elapsed": 64.609771, "delta": 0.580329}}
{"target": -42.30698867875972, "params": {"C": 177.3766621241924, "epsilon": 0.893301939102614, "gamma": 0.016432726292406392, "lamda": 0.7066306530142125}, "datetime": {"datetime": "2021-09-24 19:32:12", "elapsed": 65.336952, "delta": 0.727181}}
{"target": -42.00813243238969, "params": {"C": 171.40001685778074, "epsilon": 0.5587444362502818, "gamma": 0.009742116737551824, "lamda": 1.2919210582319172}, "datetime": {"datetime": "2021-09-24 19:32:12", "elapsed": 65.977298, "delta": 0.640346}}
{"target": -44.81767024182332, "params": {"C": 174.86353694988625, "epsilon": 0.7716838103443762, "gamma": 0.08158854780119619, "lamda": 1.3700054915622526}, "datetime": {"datetime": "2021-09-24 19:32:13", "elapsed": 66.599175, "delta": 0.621877}}
{"target": -43.82990590848012, "params": {"C": 209.53603075852678, "epsilon": 0.6700260256303643, "gamma": 0.056687145899683926, "lamda": 1.3499153588040915}, "datetime": {"datetime": "2021-09-24 19:32:14", "elapsed": 67.26808, "delta": 0.668905}}
