{"target": 0.46759227159343086, "params": {"C": 436.9767448304713, "epsilon": 0.8806365780196621, "gamma": 0.012425340171032763, "lamda": 0.569749933514042}, "datetime": {"datetime": "2021-09-23 21:10:06", "elapsed": 131.00495, "delta": 0.929851}}
{"target": 0.4681365173547889, "params": {"C": 384.26888910273846, "epsilon": 0.9288056615500844, "gamma": 0.009808438565712882, "lamda": 0.7922699850262496}, "datetime": {"datetime": "2021-09-23 21:10:07", "elapsed": 131.813148, "delta": 0.808198}}
{"target": 0.4668275979706187, "params": {"C": 424.7879524908369, "epsilon": 0.7740385680463656, "gamma": 0.013411580618841207, "lamda": 0.6913222505690176}, "datetime": {"datetime": "2021-09-23 21:10:08", "elapsed": 133.098832, "delta": 1.285684}}
{"target": 0.46874984661137653, "params": {"C": 464.596906251206, "epsilon": 0.825018405087003, "gamma": 0.010863538146582571, "lamda": 0.6525646750615941}, "datetime": {"datetime": "2021-09-23 21:10:09", "elapsed": 134.10573, "delta": 1.006898}}
{"target": 0.4652429742713786, "params": {"C": 464.62859116222756, "epsilon": 0.8115988110750864, "gamma": 0.014815544085802584, "lamda": 0.6317969723520012}, "datetime": {"datetime": "2021-09-23 21:10:11", "elapsed": 135.475726, "delta": 1.369996}}
{"target": 0.4689536632229475, "params": {"C": 420.4056476791909, "epsilon": 0.9860371256071594, "gamma": 0.008063468041978487, "lamda": 0.5609655637684887}, "datetime": {"datetime": "2021-09-23 21:10:12", "elapsed": 136.501656, "delta": 1.02593}}
{"target": 0.46598097113080794, "params": {"C": 417.84757884280566, "epsilon": 0.9642962145571403, "gamma": 0.014589143181382472, "lamda": 0.6995568202629427}, "datetime": {"datetime": "2021-09-23 21:10:13", "elapsed": 137.873654, "delta": 1.371998}}
{"target": 0.4690441751069101, "params": {"C": 450.78400602768517, "epsilon": 0.7368673242187485, "gamma": 0.010110493094687607, "lamda": 0.7478230098966248}, "datetime": {"datetime": "2021-09-23 21:10:14", "elapsed": 138.940685, "delta": 1.067031}}
{"target": 0.46926587512017537, "params": {"C": 488.539843578381, "epsilon": 0.8000050265710407, "gamma": 0.00944153070568706, "lamda": 0.6575524035598803}, "datetime": {"datetime": "2021-09-23 21:10:15", "elapsed": 139.928655, "delta": 0.98797}}
{"target": 0.46941743539237224, "params": {"C": 442.47282280877835, "epsilon": 0.9708636185019088, "gamma": 0.008462924410303798, "lamda": 0.5013850407863795}, "datetime": {"datetime": "2021-09-23 21:10:16", "elapsed": 141.102649, "delta": 1.173994}}
{"target": 0.46889892772440356, "params": {"C": 443.26753694009426, "epsilon": 0.9313251702506702, "gamma": 0.009451694196879929, "lamda": 0.6532472746478846}, "datetime": {"datetime": "2021-09-23 21:10:17", "elapsed": 142.154653, "delta": 1.052004}}
{"target": 0.46833406482359197, "params": {"C": 416.1184117783444, "epsilon": 0.845157616449256, "gamma": 0.01130361414337975, "lamda": 0.7486067478465143}, "datetime": {"datetime": "2021-09-23 21:10:18", "elapsed": 143.125689, "delta": 0.971036}}
{"target": 0.46960340107280196, "params": {"C": 398.505699732887, "epsilon": 0.7389814853799657, "gamma": 0.00873592454500324, "lamda": 0.5770625117013111}, "datetime": {"datetime": "2021-09-23 21:10:19", "elapsed": 144.199652, "delta": 1.073963}}
{"target": 0.4679558029180938, "params": {"C": 449.96090124132155, "epsilon": 0.9642906722578146, "gamma": 0.006307728036984077, "lamda": 0.5112931855058311}, "datetime": {"datetime": "2021-09-23 21:10:20", "elapsed": 145.203692, "delta": 1.00404}}
{"target": 0.46861727655856067, "params": {"C": 385.18728739213645, "epsilon": 0.7031975177134989, "gamma": 0.011149069284724077, "lamda": 0.7606945900091937}, "datetime": {"datetime": "2021-09-23 21:10:22", "elapsed": 146.688714, "delta": 1.485022}}
{"target": 0.4661555162655311, "params": {"C": 421.1183159184812, "epsilon": 0.8521568838810698, "gamma": 0.013841938994726272, "lamda": 0.5754414742020895}, "datetime": {"datetime": "2021-09-23 21:10:23", "elapsed": 147.730343, "delta": 1.041629}}
{"target": 0.46749948611945114, "params": {"C": 388.42469186951973, "epsilon": 0.8876057798624182, "gamma": 0.012516688190930741, "lamda": 0.5619176935843287}, "datetime": {"datetime": "2021-09-23 21:10:24", "elapsed": 149.13334, "delta": 1.402997}}
{"target": 0.4692599914817348, "params": {"C": 447.49630446720835, "epsilon": 0.8342442587725236, "gamma": 0.008953776138729042, "lamda": 0.6443658194653725}, "datetime": {"datetime": "2021-09-23 21:10:26", "elapsed": 150.40534, "delta": 1.272}}
{"target": 0.46953204430986484, "params": {"C": 356.13497009215615, "epsilon": 0.7910682977944965, "gamma": 0.00824237124483877, "lamda": 0.5716195576219961}, "datetime": {"datetime": "2021-09-23 21:10:27", "elapsed": 151.625949, "delta": 1.220609}}
{"target": 0.46860233825218633, "params": {"C": 408.7446474453043, "epsilon": 0.9594708938005916, "gamma": 0.010486615411230731, "lamda": 0.66412525544872}, "datetime": {"datetime": "2021-09-23 21:10:28", "elapsed": 152.598992, "delta": 0.973043}}
{"target": 0.4681486529032255, "params": {"C": 354.68019379874045, "epsilon": 0.8529694594073222, "gamma": 0.011689744723430151, "lamda": 0.564253048174021}, "datetime": {"datetime": "2021-09-23 21:10:29", "elapsed": 153.706994, "delta": 1.108002}}
{"target": 0.4660777907041208, "params": {"C": 385.19585554960895, "epsilon": 0.7534172214614224, "gamma": 0.01428052911872156, "lamda": 0.7425511733183223}, "datetime": {"datetime": "2021-09-23 21:10:30", "elapsed": 154.891949, "delta": 1.184955}}
{"target": 0.46778162250967636, "params": {"C": 454.6206471387627, "epsilon": 0.9437030528955375, "gamma": 0.012116839254878924, "lamda": 0.7181025992406538}, "datetime": {"datetime": "2021-09-23 21:10:31", "elapsed": 156.18595, "delta": 1.294001}}
{"target": 0.46528520206460455, "params": {"C": 384.5011624872449, "epsilon": 0.7453121844193054, "gamma": 0.013778755713064705, "lamda": 0.5313111508690382}, "datetime": {"datetime": "2021-09-23 21:10:33", "elapsed": 157.570954, "delta": 1.385004}}
{"target": 0.4668965927363359, "params": {"C": 383.37466796263135, "epsilon": 0.9952062026490114, "gamma": 0.006025087320948509, "lamda": 0.5621658958772329}, "datetime": {"datetime": "2021-09-23 21:10:34", "elapsed": 158.547984, "delta": 0.97703}}
{"target": 0.46945727056200837, "params": {"C": 411.6878829998449, "epsilon": 0.7945193515066846, "gamma": 0.0076805061510492705, "lamda": 0.5478716508921531}, "datetime": {"datetime": "2021-09-23 21:10:35", "elapsed": 159.61596, "delta": 1.067976}}
{"target": 0.46640645239498646, "params": {"C": 358.3598980988662, "epsilon": 0.853043818957536, "gamma": 0.013623587569599919, "lamda": 0.5777902191182971}, "datetime": {"datetime": "2021-09-23 21:10:36", "elapsed": 160.733517, "delta": 1.117557}}
{"target": 0.4683583701305004, "params": {"C": 460.4593389208651, "epsilon": 0.8696098559592584, "gamma": 0.008925931801851137, "lamda": 0.7873180165713334}, "datetime": {"datetime": "2021-09-23 21:10:37", "elapsed": 161.704502, "delta": 0.970985}}
{"target": 0.46756411996987435, "params": {"C": 447.4924500446811, "epsilon": 0.8279825535673885, "gamma": 0.006314663919526284, "lamda": 0.6508715306975401}, "datetime": {"datetime": "2021-09-23 21:10:38", "elapsed": 162.891042, "delta": 1.18654}}
{"target": 0.4694453326145608, "params": {"C": 356.26616146865, "epsilon": 0.8550040782606712, "gamma": 0.00883964279525193, "lamda": 0.5691177012345917}, "datetime": {"datetime": "2021-09-23 21:10:39", "elapsed": 163.938006, "delta": 1.046964}}
{"target": 0.46933134439085, "params": {"C": 354.67373127953306, "epsilon": 0.8553998236058732, "gamma": 0.007958238690415466, "lamda": 0.5665048248880606}, "datetime": {"datetime": "2021-09-23 21:10:40", "elapsed": 164.914003, "delta": 0.975997}}
{"target": 0.4687000608819686, "params": {"C": 356.1352698211851, "epsilon": 0.786577439863664, "gamma": 0.010883624498966949, "lamda": 0.5813272842391219}, "datetime": {"datetime": "2021-09-23 21:10:41", "elapsed": 166.145044, "delta": 1.231041}}
{"target": 0.46800334273523714, "params": {"C": 425.7001432164676, "epsilon": 0.7556349211424841, "gamma": 0.006404087521380198, "lamda": 0.6690756848255157}, "datetime": {"datetime": "2021-09-23 21:10:43", "elapsed": 167.236004, "delta": 1.09096}}
{"target": 0.4679198939264294, "params": {"C": 450.7758361958913, "epsilon": 0.7417369190889792, "gamma": 0.01216677550095682, "lamda": 0.735468575625673}, "datetime": {"datetime": "2021-09-23 21:10:44", "elapsed": 168.598007, "delta": 1.362003}}
{"target": 0.46935173692043697, "params": {"C": 488.0360675790792, "epsilon": 0.8680975528837034, "gamma": 0.00895988895551747, "lamda": 0.5892605791018682}, "datetime": {"datetime": "2021-09-23 21:10:45", "elapsed": 169.49297, "delta": 0.894963}}
{"target": 0.46916788224047, "params": {"C": 424.7848579361189, "epsilon": 0.7778679409472321, "gamma": 0.008978268941927832, "lamda": 0.7199957312123927}, "datetime": {"datetime": "2021-09-23 21:10:46", "elapsed": 170.604979, "delta": 1.112009}}
{"target": 0.46924706317097886, "params": {"C": 354.67327907201064, "epsilon": 0.8476022142258295, "gamma": 0.007747219457366351, "lamda": 0.5733684498744624}, "datetime": {"datetime": "2021-09-23 21:10:47", "elapsed": 172.084974, "delta": 1.479995}}
{"target": 0.4677608308508805, "params": {"C": 416.2223657805259, "epsilon": 0.7141971850297963, "gamma": 0.012154453233325434, "lamda": 0.6653063586940556}, "datetime": {"datetime": "2021-09-23 21:10:48", "elapsed": 173.094971, "delta": 1.009997}}
{"target": 0.4672251144359849, "params": {"C": 385.20950603026927, "epsilon": 0.7304844816184457, "gamma": 0.006132756370483262, "lamda": 0.7468286684270758}, "datetime": {"datetime": "2021-09-23 21:10:50", "elapsed": 174.341972, "delta": 1.247001}}
{"target": 0.46700316670197495, "params": {"C": 446.0403953709759, "epsilon": 0.8151954377014528, "gamma": 0.013164906533377, "lamda": 0.640135270292546}, "datetime": {"datetime": "2021-09-23 21:10:51", "elapsed": 175.576979, "delta": 1.235007}}
{"target": 0.46887096163911823, "params": {"C": 364.2470898877973, "epsilon": 0.8937173289324887, "gamma": 0.010257199339537702, "lamda": 0.6557117428937417}, "datetime": {"datetime": "2021-09-23 21:10:52", "elapsed": 176.828177, "delta": 1.251198}}
{"target": 0.4693208020096381, "params": {"C": 496.29028915686564, "epsilon": 0.8359364917864911, "gamma": 0.00968693895896161, "lamda": 0.5105055537602726}, "datetime": {"datetime": "2021-09-23 21:10:53", "elapsed": 178.006175, "delta": 1.177998}}
{"target": 0.46873582138902414, "params": {"C": 419.3559053428547, "epsilon": 0.9771537630571381, "gamma": 0.00849053549880653, "lamda": 0.6239342337294321}, "datetime": {"datetime": "2021-09-23 21:10:55", "elapsed": 179.301213, "delta": 1.295038}}
{"target": 0.4675338436722104, "params": {"C": 446.8757032105416, "epsilon": 0.7484040229142516, "gamma": 0.00672666799041838, "lamda": 0.7985460613114613}, "datetime": {"datetime": "2021-09-23 21:10:56", "elapsed": 180.706212, "delta": 1.404999}}
{"target": 0.46805171336562246, "params": {"C": 491.7108949552013, "epsilon": 0.8657826532733606, "gamma": 0.011939373952484535, "lamda": 0.6118228221574022}, "datetime": {"datetime": "2021-09-23 21:10:57", "elapsed": 181.957173, "delta": 1.250961}}
{"target": 0.46942250580774225, "params": {"C": 482.8252613613388, "epsilon": 0.8048897332905393, "gamma": 0.007464557173107539, "lamda": 0.5253178924508481}, "datetime": {"datetime": "2021-09-23 21:10:58", "elapsed": 183.029217, "delta": 1.072044}}
{"target": 0.46957522207673397, "params": {"C": 482.8169299422444, "epsilon": 0.8120239484247717, "gamma": 0.008785882308289838, "lamda": 0.5388131972694814}, "datetime": {"datetime": "2021-09-23 21:11:00", "elapsed": 184.851271, "delta": 1.822054}}
{"target": 0.46714988087231524, "params": {"C": 438.2521844843272, "epsilon": 0.8857749226442042, "gamma": 0.01261502764096159, "lamda": 0.5059771457333725}, "datetime": {"datetime": "2021-09-23 21:11:01", "elapsed": 185.828229, "delta": 0.976958}}
{"target": 0.4668943649478824, "params": {"C": 370.6163598120887, "epsilon": 0.9711306478291082, "gamma": 0.006975224901470401, "lamda": 0.7099720136365003}, "datetime": {"datetime": "2021-09-23 21:11:03", "elapsed": 187.483063, "delta": 1.654834}}
{"target": 0.4657681642597603, "params": {"C": 424.7949031534157, "epsilon": 0.7441700259571513, "gamma": 0.014404836482200662, "lamda": 0.7001572885836781}, "datetime": {"datetime": "2021-09-23 21:11:04", "elapsed": 188.709061, "delta": 1.225998}}
{"target": 0.4665646187731086, "params": {"C": 443.2632892871654, "epsilon": 0.9270752685925214, "gamma": 0.013873311955837131, "lamda": 0.6659855953979309}, "datetime": {"datetime": "2021-09-23 21:11:06", "elapsed": 190.281076, "delta": 1.572015}}
{"target": 0.4666535784391016, "params": {"C": 499.6627171419428, "epsilon": 0.9173334397812087, "gamma": 0.006546449469582339, "lamda": 0.7171215080960667}, "datetime": {"datetime": "2021-09-23 21:11:07", "elapsed": 191.485064, "delta": 1.203988}}
{"target": 0.4661914750884145, "params": {"C": 375.160422456449, "epsilon": 0.9885942439624731, "gamma": 0.014262450822687973, "lamda": 0.6171401999309685}, "datetime": {"datetime": "2021-09-23 21:11:08", "elapsed": 192.64242, "delta": 1.157356}}
{"target": 0.4686278080100662, "params": {"C": 481.39544074585035, "epsilon": 0.9596686892251189, "gamma": 0.006926324798658717, "lamda": 0.5153284805640347}, "datetime": {"datetime": "2021-09-23 21:11:09", "elapsed": 193.932169, "delta": 1.289749}}
{"target": 0.4689131943132092, "params": {"C": 404.1657462878211, "epsilon": 0.7039997216468019, "gamma": 0.010607257933452446, "lamda": 0.7396709190909828}, "datetime": {"datetime": "2021-09-23 21:11:10", "elapsed": 195.178806, "delta": 1.246637}}
{"target": 0.46867112268959, "params": {"C": 460.4311247885218, "epsilon": 0.9975172090351005, "gamma": 0.010980501248551483, "lamda": 0.502613970088825}, "datetime": {"datetime": "2021-09-23 21:11:11", "elapsed": 196.206419, "delta": 1.027613}}
{"target": 0.46561046573709053, "params": {"C": 419.3401903620432, "epsilon": 0.953003800436603, "gamma": 0.014829847129897163, "lamda": 0.625426672887493}, "datetime": {"datetime": "2021-09-23 21:11:13", "elapsed": 197.783926, "delta": 1.577507}}
{"target": 0.46857006860106576, "params": {"C": 356.1223665394474, "epsilon": 0.7404635695767354, "gamma": 0.00624429489982438, "lamda": 0.5491555715770439}, "datetime": {"datetime": "2021-09-23 21:11:15", "elapsed": 199.590971, "delta": 1.807045}}
{"target": 0.46781542716349467, "params": {"C": 379.65953411300023, "epsilon": 0.9870547573556107, "gamma": 0.012218787346634227, "lamda": 0.5333728538329218}, "datetime": {"datetime": "2021-09-23 21:11:16", "elapsed": 200.907926, "delta": 1.316955}}
{"target": 0.4696225838047402, "params": {"C": 356.1200594205633, "epsilon": 0.7388969697779753, "gamma": 0.00868209767517859, "lamda": 0.55897893528263}, "datetime": {"datetime": "2021-09-23 21:11:18", "elapsed": 202.238969, "delta": 1.331043}}
{"target": 0.4689467325081199, "params": {"C": 444.12572681451087, "epsilon": 0.8110085525381923, "gamma": 0.0077471102674524315, "lamda": 0.6607368853027247}, "datetime": {"datetime": "2021-09-23 21:11:19", "elapsed": 203.854925, "delta": 1.615956}}
{"target": 0.4669073424827561, "params": {"C": 420.3949124710705, "epsilon": 0.973291297439727, "gamma": 0.013376069682270286, "lamda": 0.5801669601199928}, "datetime": {"datetime": "2021-09-23 21:11:21", "elapsed": 205.433931, "delta": 1.579006}}
{"target": 0.4670791402489064, "params": {"C": 464.6219949595268, "epsilon": 0.8351257286580573, "gamma": 0.013152307462913654, "lamda": 0.650600494513406}, "datetime": {"datetime": "2021-09-23 21:11:22", "elapsed": 206.724991, "delta": 1.29106}}
{"target": 0.46680620421838015, "params": {"C": 429.3993872328089, "epsilon": 0.8364185660252377, "gamma": 0.013601023334535972, "lamda": 0.7283736196636871}, "datetime": {"datetime": "2021-09-23 21:11:23", "elapsed": 207.818993, "delta": 1.094002}}
{"target": 0.4691301097788333, "params": {"C": 427.88142918750356, "epsilon": 0.9986842446028654, "gamma": 0.009615555457213681, "lamda": 0.5516628571696816}, "datetime": {"datetime": "2021-09-23 21:11:24", "elapsed": 208.968032, "delta": 1.149039}}
{"target": 0.4691781949183508, "params": {"C": 372.62915944992307, "epsilon": 0.978098462957986, "gamma": 0.009898204277835063, "lamda": 0.5221258534854025}, "datetime": {"datetime": "2021-09-23 21:11:25", "elapsed": 210.158999, "delta": 1.190967}}
{"target": 0.465280776838191, "params": {"C": 371.7359569748548, "epsilon": 0.7233103963383832, "gamma": 0.014514916374192829, "lamda": 0.6517843720332539}, "datetime": {"datetime": "2021-09-23 21:11:27", "elapsed": 211.234033, "delta": 1.075034}}
{"target": 0.4669195032686083, "params": {"C": 451.77200497087665, "epsilon": 0.7564514656352651, "gamma": 0.013081316458738876, "lamda": 0.6380601239226251}, "datetime": {"datetime": "2021-09-23 21:11:28", "elapsed": 212.539995, "delta": 1.305962}}
{"target": 0.46912589142865824, "params": {"C": 391.8678130474084, "epsilon": 0.8440457293272874, "gamma": 0.009328873425557032, "lamda": 0.671364094465944}, "datetime": {"datetime": "2021-09-23 21:11:29", "elapsed": 213.791994, "delta": 1.251999}}
{"target": 0.4684311934827602, "params": {"C": 369.35530256970236, "epsilon": 0.8141315802491249, "gamma": 0.011371329866895801, "lamda": 0.7082427791828074}, "datetime": {"datetime": "2021-09-23 21:11:30", "elapsed": 214.851034, "delta": 1.05904}}
{"target": 0.46866213176061233, "params": {"C": 400.329757953279, "epsilon": 0.8758119943441502, "gamma": 0.009471462989695197, "lamda": 0.7456262509481468}, "datetime": {"datetime": "2021-09-23 21:11:31", "elapsed": 215.911993, "delta": 1.060959}}
{"target": 0.4658834920488504, "params": {"C": 389.1204650308356, "epsilon": 0.7561155619475237, "gamma": 0.014422616624594101, "lamda": 0.7237954536655083}, "datetime": {"datetime": "2021-09-23 21:11:32", "elapsed": 217.029033, "delta": 1.11704}}
{"target": 0.46689305168511275, "params": {"C": 488.5257013319212, "epsilon": 0.7949698663481143, "gamma": 0.013333715826784096, "lamda": 0.6719436558143494}, "datetime": {"datetime": "2021-09-23 21:11:34", "elapsed": 218.539996, "delta": 1.510963}}
{"target": 0.4663395089652508, "params": {"C": 444.5645716038085, "epsilon": 0.9007450595537377, "gamma": 0.01418099097317591, "lamda": 0.7376454617107195}, "datetime": {"datetime": "2021-09-23 21:11:35", "elapsed": 219.749992, "delta": 1.209996}}
{"target": 0.4656686302309996, "params": {"C": 436.4550536703261, "epsilon": 0.994612683300057, "gamma": 0.014839798963703734, "lamda": 0.798379993212391}, "datetime": {"datetime": "2021-09-23 21:11:36", "elapsed": 221.024992, "delta": 1.275}}
{"target": 0.46720368558114567, "params": {"C": 463.2251130204353, "epsilon": 0.8829898175222984, "gamma": 0.013057564304303968, "lamda": 0.6420964678866896}, "datetime": {"datetime": "2021-09-23 21:11:38", "elapsed": 222.491031, "delta": 1.466039}}
{"target": 0.4693906693835036, "params": {"C": 402.97359976838766, "epsilon": 0.7577077538892625, "gamma": 0.008822363995993367, "lamda": 0.6673010050775505}, "datetime": {"datetime": "2021-09-23 21:11:39", "elapsed": 223.91699, "delta": 1.425959}}
{"target": 0.46559107638841357, "params": {"C": 381.4004724633372, "epsilon": 0.8978044016614819, "gamma": 0.01440879486547911, "lamda": 0.5580440770191009}, "datetime": {"datetime": "2021-09-23 21:11:40", "elapsed": 225.093991, "delta": 1.177001}}
{"target": 0.4660596481022401, "params": {"C": 426.59744001309974, "epsilon": 0.9577355467781281, "gamma": 0.01399306352993308, "lamda": 0.526462464923629}, "datetime": {"datetime": "2021-09-23 21:11:42", "elapsed": 226.462999, "delta": 1.369008}}
{"target": 0.46510253228978937, "params": {"C": 454.0466550741624, "epsilon": 0.897290682715094, "gamma": 0.014955707034951696, "lamda": 0.578460787163876}, "datetime": {"datetime": "2021-09-23 21:11:43", "elapsed": 227.690992, "delta": 1.227993}}
{"target": 0.469161405288649, "params": {"C": 488.5366728877023, "epsilon": 0.8022585452188958, "gamma": 0.009811900648039358, "lamda": 0.6672874418879993}, "datetime": {"datetime": "2021-09-23 21:11:44", "elapsed": 229.027999, "delta": 1.337007}}
{"target": 0.4692734337654815, "params": {"C": 488.0390303650504, "epsilon": 0.8718162452004211, "gamma": 0.008145988523929622, "lamda": 0.5822951609968552}, "datetime": {"datetime": "2021-09-23 21:11:45", "elapsed": 230.175997, "delta": 1.147998}}
{"target": 0.46702475687699974, "params": {"C": 415.9454753973481, "epsilon": 0.9743505508116124, "gamma": 0.013271292451809628, "lamda": 0.5928685560431408}, "datetime": {"datetime": "2021-09-23 21:11:47", "elapsed": 231.420993, "delta": 1.244996}}
{"target": 0.4649143845800079, "params": {"C": 354.2149933016051, "epsilon": 0.9344947359810544, "gamma": 0.014799644633740491, "lamda": 0.5101874332662447}, "datetime": {"datetime": "2021-09-23 21:11:48", "elapsed": 232.582992, "delta": 1.161999}}
{"target": 0.4685359090084955, "params": {"C": 443.2763230466566, "epsilon": 0.9246829532256925, "gamma": 0.01103152726864864, "lamda": 0.6487580643623612}, "datetime": {"datetime": "2021-09-23 21:11:49", "elapsed": 234.037992, "delta": 1.455}}
{"target": 0.4686682643958823, "params": {"C": 391.45823594323736, "epsilon": 0.9495152743016197, "gamma": 0.010951069470168908, "lamda": 0.501552278433375}, "datetime": {"datetime": "2021-09-23 21:11:51", "elapsed": 235.465992, "delta": 1.428}}
{"target": 0.46940167876044003, "params": {"C": 451.7876369724852, "epsilon": 0.7591543588049711, "gamma": 0.00846066701469414, "lamda": 0.6562299292179876}, "datetime": {"datetime": "2021-09-23 21:11:52", "elapsed": 236.773152, "delta": 1.30716}}
{"target": 0.4685670752050083, "params": {"C": 432.44471660225577, "epsilon": 0.9990817709672479, "gamma": 0.009177844634131651, "lamda": 0.6599168879967291}, "datetime": {"datetime": "2021-09-23 21:11:53", "elapsed": 237.990885, "delta": 1.217733}}
