{"target": 0.46602745282790536, "params": {"C": 423.17147610323514, "epsilon": 0.9792120900564263, "gamma": 0.0066718318428117575, "lamda": 0.7467198303530297}, "datetime": {"datetime": "2021-09-23 21:08:55", "elapsed": 59.46808, "delta": 0.697995}}
{"target": 0.46580021117224923, "params": {"C": 408.8017638422297, "epsilon": 0.7198534104117673, "gamma": 0.014265724564429408, "lamda": 0.6960579809057708}, "datetime": {"datetime": "2021-09-23 21:08:55", "elapsed": 60.158612, "delta": 0.690532}}
{"target": 0.4690205501019583, "params": {"C": 391.4565662689109, "epsilon": 0.9505808227602637, "gamma": 0.007372429051011499, "lamda": 0.513111019339809}, "datetime": {"datetime": "2021-09-23 21:08:56", "elapsed": 60.854616, "delta": 0.696004}}
{"target": 0.46671743773053265, "params": {"C": 354.66458154949726, "epsilon": 0.883133139172255, "gamma": 0.013239907419616673, "lamda": 0.5427457504773845}, "datetime": {"datetime": "2021-09-23 21:08:57", "elapsed": 61.530345, "delta": 0.675729}}
{"target": 0.46555973167971, "params": {"C": 391.4599312241482, "epsilon": 0.9611565009096525, "gamma": 0.014368438039214634, "lamda": 0.512498007657347}, "datetime": {"datetime": "2021-09-23 21:08:58", "elapsed": 62.277995, "delta": 0.74765}}
{"target": 0.4692140495077669, "params": {"C": 451.763998857754, "epsilon": 0.7556884896076675, "gamma": 0.009949062769107246, "lamda": 0.6504510790212623}, "datetime": {"datetime": "2021-09-23 21:08:58", "elapsed": 62.968034, "delta": 0.690039}}
{"target": 0.4693353214946494, "params": {"C": 356.1377197036788, "epsilon": 0.7457614973677639, "gamma": 0.007142332607464099, "lamda": 0.5474959267127735}, "datetime": {"datetime": "2021-09-23 21:08:59", "elapsed": 63.678817, "delta": 0.710783}}
{"target": 0.4662442112661389, "params": {"C": 361.42033434102945, "epsilon": 0.851439711743612, "gamma": 0.01400426241246563, "lamda": 0.6319755856078}, "datetime": {"datetime": "2021-09-23 21:09:00", "elapsed": 64.407038, "delta": 0.728221}}
{"target": 0.46601327973304973, "params": {"C": 470.1709054134629, "epsilon": 0.9986621636669264, "gamma": 0.014474251249599378, "lamda": 0.7566492797092014}, "datetime": {"datetime": "2021-09-23 21:09:00", "elapsed": 65.064032, "delta": 0.656994}}
{"target": 0.4694256256653848, "params": {"C": 391.48128429407683, "epsilon": 0.9514342533835134, "gamma": 0.009216736003384482, "lamda": 0.5010195000516374}, "datetime": {"datetime": "2021-09-23 21:09:01", "elapsed": 65.804508, "delta": 0.740476}}
{"target": 0.46891175369424487, "params": {"C": 471.392799094917, "epsilon": 0.7678959464524477, "gamma": 0.009261181457734108, "lamda": 0.7969740818495142}, "datetime": {"datetime": "2021-09-23 21:09:02", "elapsed": 66.453472, "delta": 0.648964}}
{"target": 0.46850604276276475, "params": {"C": 446.002113945226, "epsilon": 0.7949903140863487, "gamma": 0.006392420634466566, "lamda": 0.5533242687318689}, "datetime": {"datetime": "2021-09-23 21:09:02", "elapsed": 67.209707, "delta": 0.756235}}
{"target": 0.46909693854443424, "params": {"C": 391.0649931862886, "epsilon": 0.954272259615406, "gamma": 0.00740297511749149, "lamda": 0.5014208542173313}, "datetime": {"datetime": "2021-09-23 21:09:03", "elapsed": 67.808868, "delta": 0.599161}}
{"target": 0.4666563508260557, "params": {"C": 413.927671562285, "epsilon": 0.7395854063730277, "gamma": 0.01358879015719961, "lamda": 0.7199418270000385}, "datetime": {"datetime": "2021-09-23 21:09:04", "elapsed": 68.382865, "delta": 0.573997}}
{"target": 0.4669913969257362, "params": {"C": 387.2953054248294, "epsilon": 0.9021502044333041, "gamma": 0.013326231618290562, "lamda": 0.6435726053347685}, "datetime": {"datetime": "2021-09-23 21:09:04", "elapsed": 68.964903, "delta": 0.582038}}
{"target": 0.4686278834233524, "params": {"C": 439.3040461377902, "epsilon": 0.8585825824130132, "gamma": 0.011062467809062174, "lamda": 0.6392675768865911}, "datetime": {"datetime": "2021-09-23 21:09:05", "elapsed": 69.565946, "delta": 0.601043}}
{"target": 0.4665777581300429, "params": {"C": 415.8804438212229, "epsilon": 0.732236185240845, "gamma": 0.01277198002841214, "lamda": 0.5444314066858261}, "datetime": {"datetime": "2021-09-23 21:09:06", "elapsed": 70.234034, "delta": 0.668088}}
{"target": 0.46716457083032725, "params": {"C": 424.7784717649054, "epsilon": 0.7463859820835981, "gamma": 0.012975638108151753, "lamda": 0.6886942469672444}, "datetime": {"datetime": "2021-09-23 21:09:06", "elapsed": 70.867927, "delta": 0.633893}}
{"target": 0.4678699846846769, "params": {"C": 468.19468000010977, "epsilon": 0.9032512539796442, "gamma": 0.006266690482636013, "lamda": 0.5508161548838146}, "datetime": {"datetime": "2021-09-23 21:09:07", "elapsed": 71.470408, "delta": 0.602481}}
{"target": 0.46870678509678754, "params": {"C": 450.76854468553097, "epsilon": 0.7363180712291285, "gamma": 0.010961123636256427, "lamda": 0.7386160333255813}, "datetime": {"datetime": "2021-09-23 21:09:07", "elapsed": 72.058091, "delta": 0.587683}}
{"target": 0.4693263325861351, "params": {"C": 446.0557908693718, "epsilon": 0.8118643380477654, "gamma": 0.008764730231384361, "lamda": 0.641729527133279}, "datetime": {"datetime": "2021-09-23 21:09:08", "elapsed": 72.653047, "delta": 0.594956}}
{"target": 0.46756365635559716, "params": {"C": 435.3326000359105, "epsilon": 0.7703041881085029, "gamma": 0.01244836017423814, "lamda": 0.6413244486140728}, "datetime": {"datetime": "2021-09-23 21:09:09", "elapsed": 73.265157, "delta": 0.61211}}
{"target": 0.46760677859156896, "params": {"C": 439.29460570010457, "epsilon": 0.8662405420285398, "gamma": 0.006415538817606465, "lamda": 0.6329102582361981}, "datetime": {"datetime": "2021-09-23 21:09:09", "elapsed": 73.959727, "delta": 0.69457}}
{"target": 0.46621223790024835, "params": {"C": 414.68151448260414, "epsilon": 0.8500234385849044, "gamma": 0.01429332038404472, "lamda": 0.7328485921791335}, "datetime": {"datetime": "2021-09-23 21:09:10", "elapsed": 74.797374, "delta": 0.837647}}
{"target": 0.4692521518270556, "params": {"C": 464.6261694936657, "epsilon": 0.8405099986498574, "gamma": 0.009054468033577753, "lamda": 0.6419511621125704}, "datetime": {"datetime": "2021-09-23 21:09:11", "elapsed": 75.535382, "delta": 0.738008}}
{"target": 0.4688082567716153, "params": {"C": 439.348314146191, "epsilon": 0.8587012511774044, "gamma": 0.0106571056618812, "lamda": 0.5169089677915517}, "datetime": {"datetime": "2021-09-23 21:09:11", "elapsed": 76.143417, "delta": 0.608035}}
{"target": 0.46826414958447315, "params": {"C": 444.10418628686494, "epsilon": 0.9457261769240727, "gamma": 0.011451523351065477, "lamda": 0.6632931591499684}, "datetime": {"datetime": "2021-09-23 21:09:12", "elapsed": 76.926382, "delta": 0.782965}}
{"target": 0.4678256716209539, "params": {"C": 499.95469108152884, "epsilon": 0.9818632433035179, "gamma": 0.012254381126102266, "lamda": 0.5800667344789682}, "datetime": {"datetime": "2021-09-23 21:09:13", "elapsed": 77.682912, "delta": 0.75653}}
{"target": 0.4681870124699774, "params": {"C": 408.3578243318314, "epsilon": 0.9909207377568112, "gamma": 0.011512134374493228, "lamda": 0.6477259176198376}, "datetime": {"datetime": "2021-09-23 21:09:14", "elapsed": 78.429912, "delta": 0.747}}
{"target": 0.46721188771628286, "params": {"C": 403.31680329043985, "epsilon": 0.7463868047040826, "gamma": 0.012635841094796414, "lamda": 0.6112906370716016}, "datetime": {"datetime": "2021-09-23 21:09:14", "elapsed": 79.146917, "delta": 0.717005}}
{"target": 0.46864191964240365, "params": {"C": 451.768167284362, "epsilon": 0.7618404687791209, "gamma": 0.011067036710293715, "lamda": 0.6454260141435655}, "datetime": {"datetime": "2021-09-23 21:09:15", "elapsed": 79.895952, "delta": 0.749035}}
{"target": 0.46908199085681324, "params": {"C": 421.1348157407102, "epsilon": 0.8500681048767523, "gamma": 0.007381400554742254, "lamda": 0.5658925302806423}, "datetime": {"datetime": "2021-09-23 21:09:16", "elapsed": 80.580949, "delta": 0.684997}}
{"target": 0.4687845690112279, "params": {"C": 446.0538271851551, "epsilon": 0.8114981777705981, "gamma": 0.00743224564956685, "lamda": 0.6546381825375026}, "datetime": {"datetime": "2021-09-23 21:09:17", "elapsed": 81.370911, "delta": 0.789962}}
{"target": 0.46883688001848367, "params": {"C": 419.34855356200404, "epsilon": 0.9623921220837897, "gamma": 0.009879698680535162, "lamda": 0.6366074941959685}, "datetime": {"datetime": "2021-09-23 21:09:17", "elapsed": 82.063482, "delta": 0.692571}}
{"target": 0.4677700183151463, "params": {"C": 393.9591208324175, "epsilon": 0.8975933175542113, "gamma": 0.01223850705988629, "lamda": 0.7296717125892935}, "datetime": {"datetime": "2021-09-23 21:09:18", "elapsed": 82.808434, "delta": 0.744952}}
{"target": 0.4686939135113005, "params": {"C": 356.1285339712871, "epsilon": 0.7783576403985035, "gamma": 0.0065126175232794944, "lamda": 0.5548644934051484}, "datetime": {"datetime": "2021-09-23 21:09:19", "elapsed": 83.698438, "delta": 0.890004}}
{"target": 0.4674454137768994, "params": {"C": 377.5533542970396, "epsilon": 0.8927991372824983, "gamma": 0.012753111274395632, "lamda": 0.7260671612700562}, "datetime": {"datetime": "2021-09-23 21:09:20", "elapsed": 84.501476, "delta": 0.803038}}
{"target": 0.46643890584850944, "params": {"C": 424.82056797507937, "epsilon": 0.7448988671067418, "gamma": 0.013790644626669261, "lamda": 0.7087383847862911}, "datetime": {"datetime": "2021-09-23 21:09:21", "elapsed": 85.417433, "delta": 0.915957}}
{"target": 0.46922731334332146, "params": {"C": 444.1138161960896, "epsilon": 0.8049560841464087, "gamma": 0.008451701822525755, "lamda": 0.6625829259983007}, "datetime": {"datetime": "2021-09-23 21:09:22", "elapsed": 86.239447, "delta": 0.822014}}
{"target": 0.46939711269161144, "params": {"C": 460.43281597652435, "epsilon": 0.988199755644448, "gamma": 0.008930471033646137, "lamda": 0.5028976843267817}, "datetime": {"datetime": "2021-09-23 21:09:22", "elapsed": 86.98043, "delta": 0.740983}}
{"target": 0.46861469063098804, "params": {"C": 408.3350684772052, "epsilon": 0.7959231503615128, "gamma": 0.011024142354908294, "lamda": 0.5823506223472659}, "datetime": {"datetime": "2021-09-23 21:09:23", "elapsed": 87.834314, "delta": 0.853884}}
{"target": 0.46944753265565886, "params": {"C": 472.82302050883425, "epsilon": 0.7099376844470583, "gamma": 0.007725175114910443, "lamda": 0.6298611139140148}, "datetime": {"datetime": "2021-09-23 21:09:24", "elapsed": 88.575511, "delta": 0.741197}}
{"target": 0.4681949371346694, "params": {"C": 421.14370649567036, "epsilon": 0.8503223382217692, "gamma": 0.011636048665135266, "lamda": 0.5683569390560643}, "datetime": {"datetime": "2021-09-23 21:09:25", "elapsed": 89.435507, "delta": 0.859996}}
{"target": 0.46441069911889, "params": {"C": 415.89245587192653, "epsilon": 0.7033744822801816, "gamma": 0.014397059758110405, "lamda": 0.557635706438726}, "datetime": {"datetime": "2021-09-23 21:09:25", "elapsed": 90.195835, "delta": 0.760328}}
{"target": 0.466206288830592, "params": {"C": 452.7462858672707, "epsilon": 0.7764803080879682, "gamma": 0.014064545264904875, "lamda": 0.6939865459353091}, "datetime": {"datetime": "2021-09-23 21:09:26", "elapsed": 90.935835, "delta": 0.74}}
{"target": 0.46886862257043405, "params": {"C": 419.3418825838967, "epsilon": 0.9443310165670753, "gamma": 0.01001327273664758, "lamda": 0.6366602038282778}, "datetime": {"datetime": "2021-09-23 21:09:27", "elapsed": 91.958429, "delta": 1.022594}}
{"target": 0.4689136827196625, "params": {"C": 446.8648926147393, "epsilon": 0.7481817965221581, "gamma": 0.010245105263830358, "lamda": 0.7787499716589872}, "datetime": {"datetime": "2021-09-23 21:09:28", "elapsed": 92.678417, "delta": 0.719988}}
{"target": 0.4691592469387439, "params": {"C": 385.214166678311, "epsilon": 0.7521326199469082, "gamma": 0.009183592937945712, "lamda": 0.7502735944025283}, "datetime": {"datetime": "2021-09-23 21:09:29", "elapsed": 93.445385, "delta": 0.766968}}
{"target": 0.468829605080618, "params": {"C": 467.88040068614333, "epsilon": 0.8503582366340336, "gamma": 0.006654014535700844, "lamda": 0.5067329167795014}, "datetime": {"datetime": "2021-09-23 21:09:29", "elapsed": 94.109943, "delta": 0.664558}}
{"target": 0.46695102328319016, "params": {"C": 350.5063107764418, "epsilon": 0.7334490842601139, "gamma": 0.012970676220524259, "lamda": 0.6376563635705234}, "datetime": {"datetime": "2021-09-23 21:09:30", "elapsed": 94.948904, "delta": 0.838961}}
{"target": 0.46878364790525606, "params": {"C": 445.9876737064447, "epsilon": 0.8030955441907464, "gamma": 0.006681223431861075, "lamda": 0.5516758043372911}, "datetime": {"datetime": "2021-09-23 21:09:31", "elapsed": 95.902456, "delta": 0.953552}}
{"target": 0.4692246295985135, "params": {"C": 424.7939431572837, "epsilon": 0.7672814331036609, "gamma": 0.009238635331370417, "lamda": 0.7146933142069334}, "datetime": {"datetime": "2021-09-23 21:09:32", "elapsed": 96.819354, "delta": 0.916898}}
{"target": 0.4662268429891028, "params": {"C": 360.95440950473466, "epsilon": 0.9742810442979573, "gamma": 0.014157266396421501, "lamda": 0.5972516028783877}, "datetime": {"datetime": "2021-09-23 21:09:33", "elapsed": 97.567313, "delta": 0.747959}}
{"target": 0.4673696272216352, "params": {"C": 424.07744159777286, "epsilon": 0.9387604390764077, "gamma": 0.006204084513664807, "lamda": 0.5758416878330506}, "datetime": {"datetime": "2021-09-23 21:09:34", "elapsed": 98.414107, "delta": 0.846794}}
{"target": 0.4668189708408338, "params": {"C": 370.53630375248673, "epsilon": 0.9833762003903068, "gamma": 0.006051140283759147, "lamda": 0.5805544749578061}, "datetime": {"datetime": "2021-09-23 21:09:35", "elapsed": 99.232102, "delta": 0.817995}}
{"target": 0.467688684221395, "params": {"C": 414.70035893035754, "epsilon": 0.8412086942029666, "gamma": 0.012479090759794354, "lamda": 0.7098469175975868}, "datetime": {"datetime": "2021-09-23 21:09:35", "elapsed": 100.100538, "delta": 0.868436}}
{"target": 0.46859044843985886, "params": {"C": 467.3353868698224, "epsilon": 0.9636702758273334, "gamma": 0.01102893504994664, "lamda": 0.5969320914187458}, "datetime": {"datetime": "2021-09-23 21:09:36", "elapsed": 100.912578, "delta": 0.81204}}
{"target": 0.46864920510583163, "params": {"C": 442.0299430837294, "epsilon": 0.8625393219503888, "gamma": 0.01095522554448961, "lamda": 0.535420062351678}, "datetime": {"datetime": "2021-09-23 21:09:37", "elapsed": 101.840016, "delta": 0.927438}}
{"target": 0.46706355434842495, "params": {"C": 364.4012406739999, "epsilon": 0.9886846467676103, "gamma": 0.012839253492097712, "lamda": 0.783555306078521}, "datetime": {"datetime": "2021-09-23 21:09:38", "elapsed": 102.679454, "delta": 0.839438}}
{"target": 0.46881155638183425, "params": {"C": 391.77607058575774, "epsilon": 0.9894610795304466, "gamma": 0.010663503687290077, "lamda": 0.551308786445759}, "datetime": {"datetime": "2021-09-23 21:09:39", "elapsed": 103.590496, "delta": 0.911042}}
{"target": 0.4679478381997655, "params": {"C": 408.3540654208898, "epsilon": 0.997528853264925, "gamma": 0.011875379300390853, "lamda": 0.6621573049501672}, "datetime": {"datetime": "2021-09-23 21:09:40", "elapsed": 104.519535, "delta": 0.929039}}
{"target": 0.4690589077369841, "params": {"C": 464.61421579553655, "epsilon": 0.8209958303888447, "gamma": 0.01021712827254756, "lamda": 0.6355281840733306}, "datetime": {"datetime": "2021-09-23 21:09:41", "elapsed": 105.425533, "delta": 0.905998}}
{"target": 0.46825168994646993, "params": {"C": 479.6861417255953, "epsilon": 0.8765167247735104, "gamma": 0.011025399073034549, "lamda": 0.7812437921028809}, "datetime": {"datetime": "2021-09-23 21:09:41", "elapsed": 106.206963, "delta": 0.78143}}
{"target": 0.465354471808303, "params": {"C": 451.77475672881667, "epsilon": 0.7405524807855538, "gamma": 0.01464896739498583, "lamda": 0.6731171560026703}, "datetime": {"datetime": "2021-09-23 21:09:42", "elapsed": 107.109229, "delta": 0.902266}}
{"target": 0.4682624977726174, "params": {"C": 463.22655900201664, "epsilon": 0.8702399752803669, "gamma": 0.007020227088616677, "lamda": 0.6350505802275905}, "datetime": {"datetime": "2021-09-23 21:09:43", "elapsed": 108.028003, "delta": 0.918774}}
{"target": 0.4635324317719368, "params": {"C": 388.7771278859305, "epsilon": 0.7240607383987883, "gamma": 0.014877516698673479, "lamda": 0.5274568494531163}, "datetime": {"datetime": "2021-09-23 21:09:44", "elapsed": 108.955957, "delta": 0.927954}}
{"target": 0.467956401390647, "params": {"C": 386.6417389567949, "epsilon": 0.8756051513922463, "gamma": 0.012075581280577478, "lamda": 0.6933750589405628}, "datetime": {"datetime": "2021-09-23 21:09:45", "elapsed": 109.926857, "delta": 0.9709}}
{"target": 0.46876608261599306, "params": {"C": 364.20297244632866, "epsilon": 0.8113106921813614, "gamma": 0.009898821095225685, "lamda": 0.7806211379581669}, "datetime": {"datetime": "2021-09-23 21:09:46", "elapsed": 110.738977, "delta": 0.81212}}
{"target": 0.46655649561075696, "params": {"C": 413.3446654425754, "epsilon": 0.7903957808396519, "gamma": 0.013657482965467541, "lamda": 0.6670383115213158}, "datetime": {"datetime": "2021-09-23 21:09:47", "elapsed": 111.606976, "delta": 0.867999}}
{"target": 0.46872265244741085, "params": {"C": 369.20131229923504, "epsilon": 0.7429656011737851, "gamma": 0.007051077651474494, "lamda": 0.6746698877588835}, "datetime": {"datetime": "2021-09-23 21:09:48", "elapsed": 112.436563, "delta": 0.829587}}
{"target": 0.4682406069373085, "params": {"C": 354.6770932620499, "epsilon": 0.8555427430846557, "gamma": 0.0064845724062357136, "lamda": 0.5694240869929799}, "datetime": {"datetime": "2021-09-23 21:09:49", "elapsed": 113.585566, "delta": 1.149003}}
{"target": 0.46726820894587884, "params": {"C": 485.2962008286534, "epsilon": 0.7482488680325723, "gamma": 0.012820530480697733, "lamda": 0.6733004500601801}, "datetime": {"datetime": "2021-09-23 21:09:50", "elapsed": 114.486903, "delta": 0.901337}}
{"target": 0.4651548136969139, "params": {"C": 387.3622446446691, "epsilon": 0.7077491718122683, "gamma": 0.014420510749732952, "lamda": 0.6324784260597696}, "datetime": {"datetime": "2021-09-23 21:09:51", "elapsed": 115.258939, "delta": 0.772036}}
{"target": 0.4692387931757739, "params": {"C": 391.04923346574463, "epsilon": 0.9608035053275186, "gamma": 0.007941036900798837, "lamda": 0.5193956147667226}, "datetime": {"datetime": "2021-09-23 21:09:52", "elapsed": 116.263639, "delta": 1.0047}}
{"target": 0.46819539497655394, "params": {"C": 421.81421628456707, "epsilon": 0.8259333289112105, "gamma": 0.007734172443459565, "lamda": 0.7651447088201404}, "datetime": {"datetime": "2021-09-23 21:09:53", "elapsed": 117.303729, "delta": 1.04009}}
{"target": 0.4679716160298426, "params": {"C": 451.86601012563165, "epsilon": 0.7640804720524421, "gamma": 0.012108189907521428, "lamda": 0.7642786850500838}, "datetime": {"datetime": "2021-09-23 21:09:53", "elapsed": 118.125904, "delta": 0.822175}}
{"target": 0.4689399438328484, "params": {"C": 447.514932865578, "epsilon": 0.830912197045541, "gamma": 0.007915594258547577, "lamda": 0.660780045269108}, "datetime": {"datetime": "2021-09-23 21:09:54", "elapsed": 118.991909, "delta": 0.866005}}
{"target": 0.4678151219924682, "params": {"C": 441.29020693498313, "epsilon": 0.8042526670430044, "gamma": 0.012252875284347556, "lamda": 0.7903147056335691}, "datetime": {"datetime": "2021-09-23 21:09:55", "elapsed": 119.831926, "delta": 0.840017}}
{"target": 0.46791799210791885, "params": {"C": 477.0915192438531, "epsilon": 0.9562751215425607, "gamma": 0.008276864382691993, "lamda": 0.7353724133535029}, "datetime": {"datetime": "2021-09-23 21:09:56", "elapsed": 120.833043, "delta": 1.001117}}
{"target": 0.46487842477529595, "params": {"C": 478.66114807583557, "epsilon": 0.7581387901933367, "gamma": 0.014804365789413384, "lamda": 0.61704006402588}, "datetime": {"datetime": "2021-09-23 21:09:57", "elapsed": 121.708419, "delta": 0.875376}}
{"target": 0.4692353989384582, "params": {"C": 464.6088841379815, "epsilon": 0.8357450014538921, "gamma": 0.008528261875428473, "lamda": 0.6383832485120178}, "datetime": {"datetime": "2021-09-23 21:09:58", "elapsed": 122.735933, "delta": 1.027514}}
{"target": 0.4654948748992507, "params": {"C": 371.13928551303934, "epsilon": 0.8728261373416009, "gamma": 0.014257111322738424, "lamda": 0.535534617363365}, "datetime": {"datetime": "2021-09-23 21:09:59", "elapsed": 123.579586, "delta": 0.843653}}
{"target": 0.46906820740471833, "params": {"C": 484.79579367289625, "epsilon": 0.8820339257219724, "gamma": 0.007591826431637967, "lamda": 0.5695539214737874}, "datetime": {"datetime": "2021-09-23 21:10:00", "elapsed": 124.646728, "delta": 1.067142}}
{"target": 0.4695390797564196, "params": {"C": 374.34903064302114, "epsilon": 0.7849969440869758, "gamma": 0.00901520171857941, "lamda": 0.5016564634352677}, "datetime": {"datetime": "2021-09-23 21:10:01", "elapsed": 126.031307, "delta": 1.384579}}
{"target": 0.46809658951177213, "params": {"C": 450.7546004240544, "epsilon": 0.7531278050406128, "gamma": 0.011934051102725947, "lamda": 0.7361527420384459}, "datetime": {"datetime": "2021-09-23 21:10:02", "elapsed": 126.971707, "delta": 0.9404}}
{"target": 0.46889266771705895, "params": {"C": 419.33017766855477, "epsilon": 0.9460860942430267, "gamma": 0.008681923410591366, "lamda": 0.6291258487086712}, "datetime": {"datetime": "2021-09-23 21:10:03", "elapsed": 127.99021, "delta": 1.018503}}
{"target": 0.468339931121886, "params": {"C": 397.7165858849669, "epsilon": 0.8332649900100447, "gamma": 0.007899045224965862, "lamda": 0.7534172600045843}, "datetime": {"datetime": "2021-09-23 21:10:04", "elapsed": 129.05706, "delta": 1.06685}}
{"target": 0.4671690633275587, "params": {"C": 462.1833444845336, "epsilon": 0.7265007471113651, "gamma": 0.012547776656743146, "lamda": 0.6005674325436321}, "datetime": {"datetime": "2021-09-23 21:10:05", "elapsed": 130.075099, "delta": 1.018039}}
