{"target": 0.45365724873960955, "params": {"C": 194.17237278098838, "epsilon": 0.9702591344441223, "gamma": 0.02397209609405275, "lamda": 0.6163238398830855}, "datetime": {"datetime": "2021-09-23 18:32:30", "elapsed": 602.595184, "delta": 4.376146}}
{"target": 0.45769592216106225, "params": {"C": 158.04156509768853, "epsilon": 0.8006251664286252, "gamma": 0.020612109439274266, "lamda": 0.8151474610766394}, "datetime": {"datetime": "2021-09-23 18:32:34", "elapsed": 606.420673, "delta": 3.825489}}
{"target": 0.448782827634592, "params": {"C": 157.0703126970691, "epsilon": 0.7054525769201533, "gamma": 0.0205210492262859, "lamda": 0.6086876515540645}, "datetime": {"datetime": "2021-09-23 18:32:36", "elapsed": 608.643969, "delta": 2.223296}}
{"target": 0.4650698718468378, "params": {"C": 187.81015094113724, "epsilon": 0.8016692216357296, "gamma": 0.013704477567737846, "lamda": 0.688370925167376}, "datetime": {"datetime": "2021-09-23 18:32:39", "elapsed": 611.720558, "delta": 3.076589}}
{"target": 0.4640513329214442, "params": {"C": 113.16228285497829, "epsilon": 0.9211723585177318, "gamma": 0.01281643550776855, "lamda": 0.8781186090912521}, "datetime": {"datetime": "2021-09-23 18:32:42", "elapsed": 614.019903, "delta": 2.299345}}
{"target": 0.4647623852575484, "params": {"C": 158.4083228119398, "epsilon": 0.9997663490696105, "gamma": 0.01593597561791225, "lamda": 0.8150268619616172}, "datetime": {"datetime": "2021-09-23 18:32:45", "elapsed": 616.884441, "delta": 2.864538}}
{"target": 0.4601222913451213, "params": {"C": 131.52815571783663, "epsilon": 0.7100479289593538, "gamma": 0.012906591170032011, "lamda": 0.7691416841234944}, "datetime": {"datetime": "2021-09-23 18:32:47", "elapsed": 619.121046, "delta": 2.236605}}
{"target": 0.46617279548504753, "params": {"C": 162.83738584590594, "epsilon": 0.7265316245614457, "gamma": 0.0065764346627465034, "lamda": 0.9405109849126442}, "datetime": {"datetime": "2021-09-23 18:32:49", "elapsed": 621.403247, "delta": 2.282201}}
{"target": 0.4633742223052676, "params": {"C": 159.72666618752265, "epsilon": 0.8328598585308884, "gamma": 0.008239390791780302, "lamda": 0.5811164715540791}, "datetime": {"datetime": "2021-09-23 18:32:52", "elapsed": 623.79628, "delta": 2.393033}}
{"target": 0.46423475086036925, "params": {"C": 172.26080042425116, "epsilon": 0.7285603465831256, "gamma": 0.014661793585665269, "lamda": 0.8181675156757102}, "datetime": {"datetime": "2021-09-23 18:32:54", "elapsed": 626.042144, "delta": 2.245864}}
{"target": 0.4610407532091596, "params": {"C": 139.7225551793567, "epsilon": 0.7690872249163068, "gamma": 0.005, "lamda": 0.8688549415959153}, "datetime": {"datetime": "2021-09-23 18:32:57", "elapsed": 629.59868, "delta": 3.556536}}
{"target": 0.4633432662959466, "params": {"C": 187.43248862222413, "epsilon": 0.8143279467762599, "gamma": 0.014212402303805504, "lamda": 0.6263855676948391}, "datetime": {"datetime": "2021-09-23 18:33:00", "elapsed": 632.26744, "delta": 2.66876}}
{"target": 0.4545058169850462, "params": {"C": 187.49759068575716, "epsilon": 0.8269445903689197, "gamma": 0.02506794051604769, "lamda": 0.906411346086399}, "datetime": {"datetime": "2021-09-23 18:33:03", "elapsed": 635.620003, "delta": 3.352563}}
{"target": 0.46479997967265063, "params": {"C": 158.00024728251907, "epsilon": 0.848211086369889, "gamma": 0.005772465868442284, "lamda": 0.7988100346206393}, "datetime": {"datetime": "2021-09-23 18:33:07", "elapsed": 638.790768, "delta": 3.170765}}
{"target": 0.46714728660697125, "params": {"C": 150.11411047328724, "epsilon": 0.7384235397736634, "gamma": 0.011601322524142442, "lamda": 0.9799314283699827}, "datetime": {"datetime": "2021-09-23 18:33:10", "elapsed": 642.409868, "delta": 3.6191}}
{"target": 0.44348469861585804, "params": {"C": 91.67845626138545, "epsilon": 0.9907124900953996, "gamma": 0.026200251852558865, "lamda": 0.6590442093708315}, "datetime": {"datetime": "2021-09-23 18:33:13", "elapsed": 644.75505, "delta": 2.345182}}
{"target": 0.46728962330284207, "params": {"C": 187.76342496695347, "epsilon": 0.8361276793925985, "gamma": 0.006739963975631823, "lamda": 0.6888551564181298}, "datetime": {"datetime": "2021-09-23 18:33:16", "elapsed": 647.801359, "delta": 3.046309}}
{"target": 0.46482246611809463, "params": {"C": 147.487547507881, "epsilon": 0.7512176664024753, "gamma": 0.014436567291107299, "lamda": 0.9373780954724213}, "datetime": {"datetime": "2021-09-23 18:33:18", "elapsed": 650.153251, "delta": 2.351892}}
{"target": 0.4676949878608938, "params": {"C": 158.39080953780098, "epsilon": 0.9752168025172677, "gamma": 0.01036443320834103, "lamda": 0.8133914995297933}, "datetime": {"datetime": "2021-09-23 18:33:22", "elapsed": 654.288291, "delta": 4.13504}}
{"target": 0.46075049874464247, "params": {"C": 156.20310785913344, "epsilon": 0.9538246108572974, "gamma": 0.017156672755231927, "lamda": 0.6436773540204245}, "datetime": {"datetime": "2021-09-23 18:33:24", "elapsed": 656.370021, "delta": 2.08173}}
{"target": 0.45661653570402827, "params": {"C": 158.0077049990163, "epsilon": 0.8142872763117078, "gamma": 0.02095971732445728, "lamda": 0.7748930682838739}, "datetime": {"datetime": "2021-09-23 18:33:27", "elapsed": 659.620528, "delta": 3.250507}}
{"target": 0.4644787333935245, "params": {"C": 155.31554372301326, "epsilon": 0.8170380856371947, "gamma": 0.005836073955367639, "lamda": 0.774605857908994}, "datetime": {"datetime": "2021-09-23 18:33:32", "elapsed": 663.822856, "delta": 4.202328}}
{"target": 0.4666904299611484, "params": {"C": 187.76798515295275, "epsilon": 0.8291162935123709, "gamma": 0.013108351308462184, "lamda": 0.7360937699861676}, "datetime": {"datetime": "2021-09-23 18:33:35", "elapsed": 667.539211, "delta": 3.716355}}
{"target": 0.44761526749769354, "params": {"C": 91.41970473784119, "epsilon": 0.8362330909085176, "gamma": 0.028649055153289044, "lamda": 1.0389183738063976}, "datetime": {"datetime": "2021-09-23 18:33:38", "elapsed": 669.733324, "delta": 2.194113}}
{"target": 0.45546352483571173, "params": {"C": 187.80035001667915, "epsilon": 0.822309954048641, "gamma": 0.02222129023496126, "lamda": 0.7098919320895613}, "datetime": {"datetime": "2021-09-23 18:33:42", "elapsed": 673.957478, "delta": 4.224154}}
{"target": 0.464967572091435, "params": {"C": 161.74781912652043, "epsilon": 0.7761672624717395, "gamma": 0.0063449699439708475, "lamda": 0.9962657754971047}, "datetime": {"datetime": "2021-09-23 18:33:45", "elapsed": 677.124625, "delta": 3.167147}}
{"target": 0.45553995028184524, "params": {"C": 160.65034089443554, "epsilon": 0.751887831169868, "gamma": 0.024449521519345405, "lamda": 1.0297912232983746}, "datetime": {"datetime": "2021-09-23 18:33:47", "elapsed": 679.635246, "delta": 2.510621}}
{"target": 0.46473696607932613, "params": {"C": 179.39546711272195, "epsilon": 0.7368680820731635, "gamma": 0.016052834856413158, "lamda": 1.032241112051245}, "datetime": {"datetime": "2021-09-23 18:33:50", "elapsed": 681.899495, "delta": 2.264249}}
{"target": 0.46697030506897663, "params": {"C": 157.4467261201628, "epsilon": 0.7996954569611265, "gamma": 0.007900703314886846, "lamda": 0.9467127983113761}, "datetime": {"datetime": "2021-09-23 18:33:52", "elapsed": 684.507345, "delta": 2.60785}}
{"target": 0.4546144235671752, "params": {"C": 167.9076488488134, "epsilon": 0.9975323859028339, "gamma": 0.01928406725772736, "lamda": 0.48156785593417417}, "datetime": {"datetime": "2021-09-23 18:33:55", "elapsed": 686.775909, "delta": 2.268564}}
{"target": 0.4534213214906083, "params": {"C": 170.55084090692515, "epsilon": 0.8649018748213736, "gamma": 0.021351954484733936, "lamda": 0.6059244808151942}, "datetime": {"datetime": "2021-09-23 18:33:57", "elapsed": 689.233783, "delta": 2.457874}}
{"target": 0.4503432224665117, "params": {"C": 176.43245996886546, "epsilon": 0.8179510552411818, "gamma": 0.02849417434370751, "lamda": 0.9481496589953762}, "datetime": {"datetime": "2021-09-23 18:33:59", "elapsed": 691.701944, "delta": 2.468161}}
{"target": 0.466637767885672, "params": {"C": 155.27928296570371, "epsilon": 0.7719922987730312, "gamma": 0.009504267404730218, "lamda": 0.7833980722276865}, "datetime": {"datetime": "2021-09-23 18:34:04", "elapsed": 696.092536, "delta": 4.390592}}
{"target": 0.4655872073701596, "params": {"C": 150.10538910595238, "epsilon": 0.7498526875902933, "gamma": 0.0064741792151614165, "lamda": 0.9521146626879995}, "datetime": {"datetime": "2021-09-23 18:34:07", "elapsed": 699.497909, "delta": 3.405373}}
{"target": 0.4548939744942726, "params": {"C": 136.0050505266523, "epsilon": 0.8725719099128847, "gamma": 0.025364200451208758, "lamda": 1.0104711985773296}, "datetime": {"datetime": "2021-09-23 18:34:10", "elapsed": 701.946557, "delta": 2.448648}}
{"target": 0.44789639104189793, "params": {"C": 178.74924818529504, "epsilon": 0.8334217460806173, "gamma": 0.026702722047800817, "lamda": 0.6852111061529733}, "datetime": {"datetime": "2021-09-23 18:34:12", "elapsed": 704.290483, "delta": 2.343926}}
{"target": 0.46704945366448125, "params": {"C": 171.05260177484465, "epsilon": 0.8511026374801944, "gamma": 0.010200282699078314, "lamda": 0.6630776768374637}, "datetime": {"datetime": "2021-09-23 18:34:14", "elapsed": 706.712055, "delta": 2.421572}}
{"target": 0.4680150034108127, "params": {"C": 189.02263179859216, "epsilon": 0.8730141976737806, "gamma": 0.007614655656906636, "lamda": 0.6681144914801824}, "datetime": {"datetime": "2021-09-23 18:34:17", "elapsed": 709.065822, "delta": 2.353767}}
{"target": 0.46779730425771093, "params": {"C": 187.8400140036719, "epsilon": 0.9954428400575741, "gamma": 0.011443451285889653, "lamda": 0.6095442417125178}, "datetime": {"datetime": "2021-09-23 18:34:20", "elapsed": 712.395827, "delta": 3.330005}}
{"target": 0.4570334084878793, "params": {"C": 121.10160702699986, "epsilon": 0.7343804662643811, "gamma": 0.012852246449002232, "lamda": 0.6982440753499701}, "datetime": {"datetime": "2021-09-23 18:34:23", "elapsed": 714.961822, "delta": 2.565995}}
{"target": 0.4680077670539693, "params": {"C": 164.59658591245352, "epsilon": 0.8352126558449711, "gamma": 0.01017162055682504, "lamda": 0.8334288017359031}, "datetime": {"datetime": "2021-09-23 18:34:26", "elapsed": 718.433063, "delta": 3.471241}}
{"target": 0.4652075553480506, "params": {"C": 169.39649671366016, "epsilon": 0.785333206644079, "gamma": 0.015372594287260007, "lamda": 1.0867443961900445}, "datetime": {"datetime": "2021-09-23 18:34:29", "elapsed": 720.805158, "delta": 2.372095}}
{"target": 0.466027864748233, "params": {"C": 139.79302214127486, "epsilon": 0.7962130624155046, "gamma": 0.009187158370639532, "lamda": 0.8300215153159649}, "datetime": {"datetime": "2021-09-23 18:34:32", "elapsed": 724.248023, "delta": 3.442865}}
{"target": 0.4679757651122187, "params": {"C": 164.59688007634838, "epsilon": 0.8279415828921752, "gamma": 0.009598249210919469, "lamda": 0.8077383803772527}, "datetime": {"datetime": "2021-09-23 18:34:36", "elapsed": 728.266538, "delta": 4.018515}}
{"target": 0.4637503082936595, "params": {"C": 158.03757268540542, "epsilon": 0.8424960481028899, "gamma": 0.016022538572842342, "lamda": 0.8201225387895246}, "datetime": {"datetime": "2021-09-23 18:34:40", "elapsed": 731.979194, "delta": 3.712656}}
{"target": 0.4673056969581264, "params": {"C": 165.91342477940498, "epsilon": 0.7997711380861224, "gamma": 0.012417538046803758, "lamda": 0.9231385311729642}, "datetime": {"datetime": "2021-09-23 18:34:43", "elapsed": 735.34715, "delta": 3.367956}}
{"target": 0.4615760574938642, "params": {"C": 87.00852864161898, "epsilon": 0.961533860887851, "gamma": 0.012571072080362709, "lamda": 0.9886467495877751}, "datetime": {"datetime": "2021-09-23 18:34:46", "elapsed": 737.758346, "delta": 2.411196}}
{"target": 0.45911649074536953, "params": {"C": 155.2446501732489, "epsilon": 0.8715215587635522, "gamma": 0.02101941521528911, "lamda": 0.8645987737486498}, "datetime": {"datetime": "2021-09-23 18:34:49", "elapsed": 740.974301, "delta": 3.215955}}
{"target": 0.44660947996073697, "params": {"C": 123.4123155638263, "epsilon": 0.8030860429466767, "gamma": 0.025679381977798354, "lamda": 0.7275761280583977}, "datetime": {"datetime": "2021-09-23 18:34:52", "elapsed": 743.788787, "delta": 2.814486}}
{"target": 0.4653473591551819, "params": {"C": 187.99773564589253, "epsilon": 0.9332355712140914, "gamma": 0.015079108536265613, "lamda": 0.9247681748151539}, "datetime": {"datetime": "2021-09-23 18:34:54", "elapsed": 746.172004, "delta": 2.383217}}
{"target": 0.433967944009805, "params": {"C": 23.368298654735632, "epsilon": 0.7062255848078204, "gamma": 0.020841205873156885, "lamda": 0.9367225236500978}, "datetime": {"datetime": "2021-09-23 18:45:06", "elapsed": 0.0, "delta": 0.0}}
{"target": 0.4190526070118352, "params": {"C": 15.456703356775122, "epsilon": 0.7674389936592543, "gamma": 0.0099515716189906, "lamda": 0.9443449629293232}, "datetime": {"datetime": "2021-09-23 18:45:06", "elapsed": 0.308004, "delta": 0.308004}}
{"target": 0.39533253892822795, "params": {"C": 5.904214260313528, "epsilon": 0.726501944252203, "gamma": 0.022133995459194932, "lamda": 1.0697056750267089}, "datetime": {"datetime": "2021-09-23 18:45:06", "elapsed": 0.606003, "delta": 0.297999}}
{"target": 0.22438297374296523, "params": {"C": 1.114499723509519, "epsilon": 0.853657679015733, "gamma": 0.02531552404130284, "lamda": 0.8481419434391024}, "datetime": {"datetime": "2021-09-23 18:45:07", "elapsed": 1.002004, "delta": 0.396001}}
{"target": 0.4299985458777318, "params": {"C": 21.930904205522186, "epsilon": 0.78756282045119, "gamma": 0.027944353062823585, "lamda": 0.9144742592084989}, "datetime": {"datetime": "2021-09-23 18:45:07", "elapsed": 1.300004, "delta": 0.298}}
{"target": 0.43178676860138776, "params": {"C": 29.954633157518685, "epsilon": 0.8904716807379379, "gamma": 0.02782019651919023, "lamda": 0.4535916097636428}, "datetime": {"datetime": "2021-09-23 18:45:07", "elapsed": 1.902063, "delta": 0.602059}}
{"target": 0.3862087437981039, "params": {"C": 10.526198890941457, "epsilon": 1.0, "gamma": 0.005, "lamda": 0.45}, "datetime": {"datetime": "2021-09-23 18:45:08", "elapsed": 2.62403, "delta": 0.721967}}
{"target": 0.42538620201520283, "params": {"C": 26.917344114472872, "epsilon": 1.0, "gamma": 0.005, "lamda": 1.1}, "datetime": {"datetime": "2021-09-23 18:45:09", "elapsed": 3.175032, "delta": 0.551002}}
{"target": 0.4096598222504222, "params": {"C": 18.453749381424952, "epsilon": 1.0, "gamma": 0.005, "lamda": 0.45}, "datetime": {"datetime": "2021-09-23 18:45:09", "elapsed": 3.800027, "delta": 0.624995}}
{"target": 0.42855936302878483, "params": {"C": 25.11312889121815, "epsilon": 1.0, "gamma": 0.03, "lamda": 0.45}, "datetime": {"datetime": "2021-09-23 18:45:10", "elapsed": 4.398029, "delta": 0.598002}}
{"target": 0.4297549670361126, "params": {"C": 30.0, "epsilon": 0.7, "gamma": 0.005, "lamda": 1.1}, "datetime": {"datetime": "2021-09-23 18:45:11", "elapsed": 5.099032, "delta": 0.701003}}
{"target": 0.4284093221194064, "params": {"C": 28.329465294943848, "epsilon": 0.7, "gamma": 0.03, "lamda": 0.45}, "datetime": {"datetime": "2021-09-23 18:45:11", "elapsed": 5.781088, "delta": 0.682056}}
{"target": 0.4149176679053327, "params": {"C": 22.892733288774288, "epsilon": 1.0, "gamma": 0.005, "lamda": 0.45}, "datetime": {"datetime": "2021-09-23 18:45:12", "elapsed": 6.424029, "delta": 0.642941}}
{"target": 0.41975163685300576, "params": {"C": 13.317263418052269, "epsilon": 0.7, "gamma": 0.03, "lamda": 1.1}, "datetime": {"datetime": "2021-09-23 18:45:13", "elapsed": 7.035028, "delta": 0.610999}}
{"target": 0.4278356372783404, "params": {"C": 20.128187154749725, "epsilon": 0.7, "gamma": 0.03, "lamda": 1.1}, "datetime": {"datetime": "2021-09-23 18:45:13", "elapsed": 7.588029, "delta": 0.553001}}
{"target": 0.430926416295059, "params": {"C": 24.99577144528608, "epsilon": 0.7, "gamma": 0.03, "lamda": 1.1}, "datetime": {"datetime": "2021-09-23 18:45:14", "elapsed": 8.145036, "delta": 0.557007}}
{"target": 0.40577934259094806, "params": {"C": 7.955121889837565, "epsilon": 0.7, "gamma": 0.03, "lamda": 1.1}, "datetime": {"datetime": "2021-09-23 18:45:14", "elapsed": 8.721027, "delta": 0.575991}}
{"target": 0.4180630295019624, "params": {"C": 26.38201988048787, "epsilon": 0.7, "gamma": 0.005, "lamda": 0.45}, "datetime": {"datetime": "2021-09-23 18:45:15", "elapsed": 9.333029, "delta": 0.612002}}
{"target": 0.43208146161177086, "params": {"C": 28.969393719084778, "epsilon": 1.0, "gamma": 0.03, "lamda": 1.1}, "datetime": {"datetime": "2021-09-23 18:45:15", "elapsed": 9.909037, "delta": 0.576008}}
{"target": 0.4360021259700161, "params": {"C": 23.933410304127353, "epsilon": 0.9638979346362431, "gamma": 0.011039590527602222, "lamda": 1.086081987334425}, "datetime": {"datetime": "2021-09-23 18:45:16", "elapsed": 10.50807, "delta": 0.599033}}
{"target": 0.4217274073547702, "params": {"C": 14.152857760247464, "epsilon": 0.9571609065216763, "gamma": 0.016403611243974776, "lamda": 0.45968122038725073}, "datetime": {"datetime": "2021-09-23 18:45:17", "elapsed": 11.248032, "delta": 0.739962}}
{"target": 0.43187206750693996, "params": {"C": 22.779216702577973, "epsilon": 0.7796775520555442, "gamma": 0.025961433416310346, "lamda": 1.0945178847301438}, "datetime": {"datetime": "2021-09-23 18:45:18", "elapsed": 11.980029, "delta": 0.731997}}
{"target": 0.4319887281744694, "params": {"C": 21.02731533756827, "epsilon": 0.9972677545708515, "gamma": 0.02367979721873585, "lamda": 1.0986192761261016}, "datetime": {"datetime": "2021-09-23 18:45:18", "elapsed": 12.882492, "delta": 0.902463}}
{"target": 0.4240297287088264, "params": {"C": 20.70957414111431, "epsilon": 0.7, "gamma": 0.03, "lamda": 0.45}, "datetime": {"datetime": "2021-09-23 18:45:19", "elapsed": 13.493136, "delta": 0.610644}}
{"target": 0.4305450825635697, "params": {"C": 24.06447700083685, "epsilon": 0.7, "gamma": 0.03, "lamda": 1.1}, "datetime": {"datetime": "2021-09-23 18:45:20", "elapsed": 14.151457, "delta": 0.658321}}
{"target": 0.4248314367500732, "params": {"C": 17.153439489904674, "epsilon": 0.7, "gamma": 0.03, "lamda": 1.1}, "datetime": {"datetime": "2021-09-23 18:45:20", "elapsed": 14.737462, "delta": 0.586005}}
{"target": 0.42278905521007326, "params": {"C": 16.42697271623465, "epsilon": 0.9918423851559595, "gamma": 0.02949246415893916, "lamda": 0.48440603922281417}, "datetime": {"datetime": "2021-09-23 18:45:21", "elapsed": 15.371457, "delta": 0.633995}}
{"target": 0.4380692554820679, "params": {"C": 25.727637131359955, "epsilon": 0.9866539884658767, "gamma": 0.015571167588062054, "lamda": 1.0811963710871846}, "datetime": {"datetime": "2021-09-23 18:45:22", "elapsed": 16.168358, "delta": 0.796901}}
{"target": 0.4216449695240856, "params": {"C": 29.28259534770145, "epsilon": 0.7, "gamma": 0.005, "lamda": 0.45}, "datetime": {"datetime": "2021-09-23 18:45:22", "elapsed": 16.834025, "delta": 0.665667}}
{"target": 0.3955945540814655, "params": {"C": 12.61945262461608, "epsilon": 1.0, "gamma": 0.005, "lamda": 0.45}, "datetime": {"datetime": "2021-09-23 18:45:23", "elapsed": 17.656995, "delta": 0.82297}}
{"target": 0.43866811087859625, "params": {"C": 28.268261042483076, "epsilon": 0.7122607029615792, "gamma": 0.010269019469544808, "lamda": 1.0857499538355788}, "datetime": {"datetime": "2021-09-23 18:45:24", "elapsed": 18.196951, "delta": 0.539956}}
{"target": 0.43776969464857063, "params": {"C": 28.03964275400951, "epsilon": 0.997943701522563, "gamma": 0.019814785831762834, "lamda": 0.977100538130655}, "datetime": {"datetime": "2021-09-23 18:45:24", "elapsed": 18.839951, "delta": 0.643}}
{"target": 0.43347689356036945, "params": {"C": 21.20885636757079, "epsilon": 0.7090619003746255, "gamma": 0.01934068993811131, "lamda": 1.0493918800794637}, "datetime": {"datetime": "2021-09-23 18:45:25", "elapsed": 19.635743, "delta": 0.795792}}
{"target": 0.4342885198235382, "params": {"C": 25.25638234749324, "epsilon": 0.9832055179371197, "gamma": 0.008062263033447878, "lamda": 1.0564264830309442}, "datetime": {"datetime": "2021-09-23 18:45:26", "elapsed": 20.487092, "delta": 0.851349}}
{"target": 0.40370350565403, "params": {"C": 14.361150606878791, "epsilon": 0.9806951584547731, "gamma": 0.005394143385813867, "lamda": 1.0994324053080302}, "datetime": {"datetime": "2021-09-23 18:45:27", "elapsed": 21.485308, "delta": 0.998216}}
{"target": 0.40266788748895865, "params": {"C": 7.00911766456652, "epsilon": 0.9933346971778017, "gamma": 0.026121462905334188, "lamda": 0.47297553870133635}, "datetime": {"datetime": "2021-09-23 18:45:28", "elapsed": 22.635902, "delta": 1.150594}}
{"target": 0.4237270816229656, "params": {"C": 15.60198491854368, "epsilon": 0.7021839695196255, "gamma": 0.019634140333436637, "lamda": 0.4639783116575406}, "datetime": {"datetime": "2021-09-23 18:45:29", "elapsed": 23.815704, "delta": 1.179802}}
{"target": 0.4372245027880126, "params": {"C": 25.70513301592114, "epsilon": 0.7030337914050632, "gamma": 0.010302494158140725, "lamda": 1.0947092036620458}, "datetime": {"datetime": "2021-09-23 18:45:30", "elapsed": 24.567777, "delta": 0.752073}}
{"target": 0.4209845331023495, "params": {"C": 23.386850860834265, "epsilon": 1.0, "gamma": 0.005, "lamda": 1.1}, "datetime": {"datetime": "2021-09-23 18:45:31", "elapsed": 25.228772, "delta": 0.660995}}
{"target": 0.43260204060743546, "params": {"C": 24.112673019316706, "epsilon": 0.9877152185061159, "gamma": 0.021839413762355313, "lamda": 0.4710085710772077}, "datetime": {"datetime": "2021-09-23 18:45:32", "elapsed": 26.568773, "delta": 1.340001}}
{"target": 0.309869057960083, "params": {"C": 4.410419777746756, "epsilon": 1.0, "gamma": 0.005, "lamda": 0.45}, "datetime": {"datetime": "2021-09-23 18:45:33", "elapsed": 27.361018, "delta": 0.792245}}
{"target": 0.37763663631731714, "params": {"C": 8.981115402012897, "epsilon": 0.7, "gamma": 0.005, "lamda": 0.45}, "datetime": {"datetime": "2021-09-23 18:45:34", "elapsed": 28.118388, "delta": 0.75737}}
