{"target": -42.97780400877026, "params": {"C": 63.10074493277196, "epsilon": 0.14142508697103728, "gamma": 0.011306519779447237, "lamda": 1.0668667388418431}, "datetime": {"datetime": "2021-09-24 18:54:13", "elapsed": 51.197691, "delta": 0.64843}}
{"target": -45.205914390379746, "params": {"C": 63.0660872322445, "epsilon": 0.14933727900493846, "gamma": 0.001, "lamda": 1.1138868159285684}, "datetime": {"datetime": "2021-09-24 18:54:13", "elapsed": 51.887908, "delta": 0.690217}}
{"target": -45.45356787657534, "params": {"C": 74.91109044620183, "epsilon": 0.6579565969991792, "gamma": 0.08860703737881925, "lamda": 0.2603394874515806}, "datetime": {"datetime": "2021-09-24 18:54:14", "elapsed": 52.512741, "delta": 0.624833}}
{"target": -44.644920043888305, "params": {"C": 92.88925072635777, "epsilon": 0.25047051961318967, "gamma": 0.06182043262804955, "lamda": 0.626498947239828}, "datetime": {"datetime": "2021-09-24 18:54:15", "elapsed": 53.043291, "delta": 0.53055}}
{"target": -42.92988690325739, "params": {"C": 60.70183431270535, "epsilon": 0.32010731230031403, "gamma": 0.00828560113968608, "lamda": 0.6747077012570248}, "datetime": {"datetime": "2021-09-24 18:54:15", "elapsed": 53.573263, "delta": 0.529972}}
{"target": -42.807670653401, "params": {"C": 74.96850342330899, "epsilon": 0.38226428072065416, "gamma": 0.009063792730975954, "lamda": 1.0085720792265647}, "datetime": {"datetime": "2021-09-24 18:54:16", "elapsed": 54.144806, "delta": 0.571543}}
{"target": -43.4123107529419, "params": {"C": 69.50521043913419, "epsilon": 0.8059863668929811, "gamma": 0.040314037003648495, "lamda": 1.463221018095987}, "datetime": {"datetime": "2021-09-24 18:54:16", "elapsed": 54.722865, "delta": 0.578059}}
{"target": -43.18192859628188, "params": {"C": 75.03192936638966, "epsilon": 0.33887534592464896, "gamma": 0.0198133931207208, "lamda": 1.0823614807377853}, "datetime": {"datetime": "2021-09-24 18:54:17", "elapsed": 55.316817, "delta": 0.593952}}
{"target": -44.35132768852799, "params": {"C": 74.89743727115521, "epsilon": 0.3419216227466403, "gamma": 0.055529918802265286, "lamda": 1.0714464657313412}, "datetime": {"datetime": "2021-09-24 18:54:18", "elapsed": 55.984448, "delta": 0.667631}}
{"target": -43.14299416181261, "params": {"C": 51.600249249325195, "epsilon": 0.6109860517404774, "gamma": 0.019111492505772674, "lamda": 0.3391384190398394}, "datetime": {"datetime": "2021-09-24 18:54:18", "elapsed": 56.749972, "delta": 0.765524}}
{"target": -43.03556838587176, "params": {"C": 63.93632491861204, "epsilon": 0.47996526402039313, "gamma": 0.014877169673414532, "lamda": 0.9611269455436549}, "datetime": {"datetime": "2021-09-24 18:54:19", "elapsed": 57.37632, "delta": 0.626348}}
{"target": -43.23979361011671, "params": {"C": 60.73053683874761, "epsilon": 0.36686515610786086, "gamma": 0.02628376124266897, "lamda": 0.6609808523359427}, "datetime": {"datetime": "2021-09-24 18:54:20", "elapsed": 58.008096, "delta": 0.631776}}
{"target": -42.77127230464933, "params": {"C": 61.748382774609226, "epsilon": 0.7013341493982953, "gamma": 0.010111061244447599, "lamda": 1.0024459046254126}, "datetime": {"datetime": "2021-09-24 18:54:20", "elapsed": 58.692714, "delta": 0.684618}}
{"target": -43.97475348985017, "params": {"C": 74.942813173329, "epsilon": 0.38006569207281593, "gamma": 0.0014461189134165916, "lamda": 0.9729861915763641}, "datetime": {"datetime": "2021-09-24 18:54:21", "elapsed": 59.398259, "delta": 0.705545}}
{"target": -44.17063798603861, "params": {"C": 63.822785228081045, "epsilon": 0.8210949818951244, "gamma": 0.05342630830955882, "lamda": 0.08678059152250166}, "datetime": {"datetime": "2021-09-24 18:54:22", "elapsed": 60.103576, "delta": 0.705317}}
{"target": -44.81464651277194, "params": {"C": 72.33292910444008, "epsilon": 0.996718977061351, "gamma": 0.06707346696263752, "lamda": 0.15376091931931526}, "datetime": {"datetime": "2021-09-24 18:54:22", "elapsed": 60.670277, "delta": 0.566701}}
{"target": -42.880742312281804, "params": {"C": 63.67799879690176, "epsilon": 0.18267927047679217, "gamma": 0.005051077195891304, "lamda": 0.8539744119698222}, "datetime": {"datetime": "2021-09-24 18:54:23", "elapsed": 61.317931, "delta": 0.647654}}
{"target": -42.35556640071041, "params": {"C": 74.39049203441171, "epsilon": 0.9307762598878995, "gamma": 0.008390150270929327, "lamda": 1.2337767523306382}, "datetime": {"datetime": "2021-09-24 18:54:23", "elapsed": 61.88521, "delta": 0.567279}}
{"target": -43.54722347086042, "params": {"C": 63.00477696031972, "epsilon": 0.20361638073122457, "gamma": 0.035995584945454066, "lamda": 1.0421082409040219}, "datetime": {"datetime": "2021-09-24 18:54:24", "elapsed": 62.602717, "delta": 0.717507}}
{"target": -44.76970504676299, "params": {"C": 68.1630950074579, "epsilon": 0.7052749807328809, "gamma": 0.07725234220955031, "lamda": 1.4009711111504035}, "datetime": {"datetime": "2021-09-24 18:54:25", "elapsed": 63.257179, "delta": 0.654462}}
{"target": -42.941211924352004, "params": {"C": 75.05040550462172, "epsilon": 0.31592373579324495, "gamma": 0.012052932327959242, "lamda": 1.1827335382171436}, "datetime": {"datetime": "2021-09-24 18:54:26", "elapsed": 63.942566, "delta": 0.685387}}
{"target": -42.72829190919359, "params": {"C": 61.730022149510475, "epsilon": 0.7557664576859535, "gamma": 0.008939194874670906, "lamda": 1.0331063075998863}, "datetime": {"datetime": "2021-09-24 18:54:26", "elapsed": 64.520729, "delta": 0.578163}}
{"target": -43.62343332179729, "params": {"C": 60.66571722107218, "epsilon": 0.3494763460763753, "gamma": 0.039528200058674925, "lamda": 0.6674547460088006}, "datetime": {"datetime": "2021-09-24 18:54:27", "elapsed": 65.157169, "delta": 0.63644}}
{"target": -44.38537570686666, "params": {"C": 74.84023344221235, "epsilon": 0.23869572818180795, "gamma": 0.056629878193132824, "lamda": 0.9637695841143692}, "datetime": {"datetime": "2021-09-24 18:54:27", "elapsed": 65.728611, "delta": 0.571442}}
{"target": -44.3131713399402, "params": {"C": 61.29466432372514, "epsilon": 0.3536514619276469, "gamma": 0.056656822030872196, "lamda": 0.16179333724639028}, "datetime": {"datetime": "2021-09-24 18:54:28", "elapsed": 66.432729, "delta": 0.704118}}
{"target": -45.514313736532415, "params": {"C": 90.0569684711543, "epsilon": 0.995545005010865, "gamma": 0.09421676374559318, "lamda": 1.283390900946976}, "datetime": {"datetime": "2021-09-24 18:54:29", "elapsed": 67.044759, "delta": 0.61203}}
{"target": -42.68924537215821, "params": {"C": 74.41626307410398, "epsilon": 0.9597732426678861, "gamma": 0.005187823003240831, "lamda": 1.2845708875962218}, "datetime": {"datetime": "2021-09-24 18:54:29", "elapsed": 67.72149, "delta": 0.676731}}
{"target": -43.69943513039188, "params": {"C": 90.46426636497233, "epsilon": 0.22709350168665093, "gamma": 0.03687299603507519, "lamda": 1.484880495641406}, "datetime": {"datetime": "2021-09-24 18:54:30", "elapsed": 68.296127, "delta": 0.574637}}
{"target": -44.62617987760633, "params": {"C": 55.558718183943704, "epsilon": 0.13427508718198466, "gamma": 0.06507372855973477, "lamda": 0.8657338142141204}, "datetime": {"datetime": "2021-09-24 18:54:30", "elapsed": 68.905188, "delta": 0.609061}}
{"target": -43.0731261731135, "params": {"C": 63.688331062096196, "epsilon": 0.8477266245193019, "gamma": 0.016432726292406392, "lamda": 0.008099534905931797}, "datetime": {"datetime": "2021-09-24 18:54:31", "elapsed": 69.546863, "delta": 0.641675}}
{"target": -43.08165434017898, "params": {"C": 74.3997898974255, "epsilon": 0.8950819892428148, "gamma": 0.03128488752001162, "lamda": 1.294552130107874}, "datetime": {"datetime": "2021-09-24 18:54:32", "elapsed": 70.255431, "delta": 0.708568}}
{"target": -45.0607965176935, "params": {"C": 62.43176847494313, "epsilon": 0.6741601807629025, "gamma": 0.08158854780119619, "lamda": 0.7183844513227261}, "datetime": {"datetime": "2021-09-24 18:54:32", "elapsed": 70.851654, "delta": 0.596223}}
{"target": -44.41144454164509, "params": {"C": 79.76801537926339, "epsilon": 0.5290799994353341, "gamma": 0.056687145899683926, "lamda": 0.6968736591766665}, "datetime": {"datetime": "2021-09-24 18:54:33", "elapsed": 71.459888, "delta": 0.608234}}
{"target": -44.21363706438936, "params": {"C": 63.08956147324592, "epsilon": 0.16378166760470433, "gamma": 0.05450150803872572, "lamda": 1.023198438859222}, "datetime": {"datetime": "2021-09-24 18:54:34", "elapsed": 72.19506, "delta": 0.735172}}
{"target": -44.2565973191411, "params": {"C": 74.97716485581441, "epsilon": 0.28877770952451765, "gamma": 0.05322927020331347, "lamda": 1.0575335130935224}, "datetime": {"datetime": "2021-09-24 18:54:35", "elapsed": 72.99176, "delta": 0.7967}}
{"target": -44.97553743724435, "params": {"C": 74.44260480018494, "epsilon": 0.9148039166939853, "gamma": 0.08295516538718807, "lamda": 1.2018764661745887}, "datetime": {"datetime": "2021-09-24 18:54:35", "elapsed": 73.664892, "delta": 0.673132}}
{"target": -44.35643446472009, "params": {"C": 83.58951489517699, "epsilon": 0.12193917719299817, "gamma": 0.0555723599988207, "lamda": 1.1932847798501545}, "datetime": {"datetime": "2021-09-24 18:54:36", "elapsed": 74.299057, "delta": 0.634165}}
{"target": -43.46116151456389, "params": {"C": 82.01859695645726, "epsilon": 0.3735082456990588, "gamma": 0.03141203254522799, "lamda": 0.7091752039092839}, "datetime": {"datetime": "2021-09-24 18:54:37", "elapsed": 74.911549, "delta": 0.612492}}
{"target": -43.21621199453258, "params": {"C": 51.52998097965022, "epsilon": 0.6296412252068769, "gamma": 0.023027771837896515, "lamda": 0.3440931283350272}, "datetime": {"datetime": "2021-09-24 18:54:37", "elapsed": 75.680741, "delta": 0.769192}}
{"target": -44.80298798023896, "params": {"C": 83.41503233148937, "epsilon": 0.1333183678081217, "gamma": 0.06660383909913685, "lamda": 0.14853336997543476}, "datetime": {"datetime": "2021-09-24 18:54:38", "elapsed": 76.438489, "delta": 0.757748}}
{"target": -45.27623774675878, "params": {"C": 63.00747383215623, "epsilon": 0.22623820810928796, "gamma": 0.001, "lamda": 1.100503381649857}, "datetime": {"datetime": "2021-09-24 18:54:39", "elapsed": 77.324604, "delta": 0.886115}}
{"target": -46.11567098863896, "params": {"C": 61.6927223367606, "epsilon": 0.7347016972110822, "gamma": 0.001, "lamda": 1.0459091208074585}, "datetime": {"datetime": "2021-09-24 18:54:40", "elapsed": 78.131122, "delta": 0.806518}}
{"target": -44.14689650679589, "params": {"C": 79.78277138206367, "epsilon": 0.5294751664207564, "gamma": 0.05222816228069319, "lamda": 0.08548847573178678}, "datetime": {"datetime": "2021-09-24 18:54:41", "elapsed": 78.993712, "delta": 0.86259}}
{"target": -43.10222159955407, "params": {"C": 63.939752106828195, "epsilon": 0.4745832430330218, "gamma": 0.018307564361297952, "lamda": 0.8895906643095729}, "datetime": {"datetime": "2021-09-24 18:54:41", "elapsed": 79.625243, "delta": 0.631531}}
{"target": -44.7552497828496, "params": {"C": 99.98489702717627, "epsilon": 0.9396046002007145, "gamma": 0.06979819238712494, "lamda": 0.4010667832799111}, "datetime": {"datetime": "2021-09-24 18:54:42", "elapsed": 80.319935, "delta": 0.694692}}
{"target": -44.39788095065995, "params": {"C": 69.45260811061047, "epsilon": 0.9697660567301816, "gamma": 0.06163347811942553, "lamda": 0.7391371683737886}, "datetime": {"datetime": "2021-09-24 18:54:43", "elapsed": 81.022772, "delta": 0.702837}}
{"target": -45.02847294665346, "params": {"C": 67.77226776347995, "epsilon": 0.15546805966459515, "gamma": 0.07399425204276056, "lamda": 0.557082216567769}, "datetime": {"datetime": "2021-09-24 18:54:43", "elapsed": 81.68297, "delta": 0.660198}}
{"target": -43.5755482065133, "params": {"C": 54.54818758794826, "epsilon": 0.2641313630832071, "gamma": 0.0360141880554796, "lamda": 0.8798167117835917}, "datetime": {"datetime": "2021-09-24 18:54:44", "elapsed": 82.396298, "delta": 0.713328}}
{"target": -43.8059870664122, "params": {"C": 51.5638648752123, "epsilon": 0.6058231974154931, "gamma": 0.043600075369697615, "lamda": 0.33222284954351955}, "datetime": {"datetime": "2021-09-24 18:54:45", "elapsed": 83.286642, "delta": 0.890344}}
{"target": -42.75291838142308, "params": {"C": 74.96931957435568, "epsilon": 0.3477217885485889, "gamma": 0.0038618655659675254, "lamda": 1.0249845610264603}, "datetime": {"datetime": "2021-09-24 18:54:46", "elapsed": 84.248816, "delta": 0.962174}}
{"target": -43.848378749674126, "params": {"C": 73.11618452066801, "epsilon": 0.8747657665390196, "gamma": 0.04367668548588678, "lamda": 0.6835821126658559}, "datetime": {"datetime": "2021-09-24 18:54:47", "elapsed": 84.936677, "delta": 0.687861}}
{"target": -44.632115796139466, "params": {"C": 64.65304027747251, "epsilon": 0.6589857474555239, "gamma": 0.06962357765874919, "lamda": 1.14859299057117}, "datetime": {"datetime": "2021-09-24 18:54:47", "elapsed": 85.578828, "delta": 0.642151}}
{"target": -42.69402125256056, "params": {"C": 92.75369541556617, "epsilon": 0.43281176503118374, "gamma": 0.011857295557225592, "lamda": 1.3967957005027978}, "datetime": {"datetime": "2021-09-24 18:54:48", "elapsed": 86.194181, "delta": 0.615353}}
{"target": -44.806834736901344, "params": {"C": 59.18445143234653, "epsilon": 0.6430211271507191, "gamma": 0.07528422401835196, "lamda": 1.1305822491460475}, "datetime": {"datetime": "2021-09-24 18:54:48", "elapsed": 86.874485, "delta": 0.680304}}
{"target": -42.47291498422503, "params": {"C": 74.3908504113883, "epsilon": 0.9691797464213354, "gamma": 0.006728995446624384, "lamda": 1.3012044977717916}, "datetime": {"datetime": "2021-09-24 18:54:49", "elapsed": 87.662381, "delta": 0.787896}}
{"target": -43.35026774637812, "params": {"C": 81.3712720653632, "epsilon": 0.35050376020754115, "gamma": 0.027968720047783314, "lamda": 0.8133726869048425}, "datetime": {"datetime": "2021-09-24 18:54:50", "elapsed": 88.34001, "delta": 0.677629}}
{"target": -43.388385590532856, "params": {"C": 86.81093865884145, "epsilon": 0.9607051862960118, "gamma": 0.03323518137010751, "lamda": 0.015478762686152739}, "datetime": {"datetime": "2021-09-24 18:54:51", "elapsed": 89.089688, "delta": 0.749678}}
{"target": -44.26255852500194, "params": {"C": 69.44502282573507, "epsilon": 0.3204240907038378, "gamma": 0.05626556590399123, "lamda": 0.4124786096618387}, "datetime": {"datetime": "2021-09-24 18:54:51", "elapsed": 89.788293, "delta": 0.698605}}
{"target": -42.98826995096292, "params": {"C": 90.94100683627809, "epsilon": 0.0340924892087043, "gamma": 0.01997692626401488, "lamda": 0.6498726991903606}, "datetime": {"datetime": "2021-09-24 18:54:52", "elapsed": 90.506737, "delta": 0.718444}}
{"target": -42.538499474237625, "params": {"C": 91.64970934891876, "epsilon": 0.9645222594091653, "gamma": 0.005225476851919437, "lamda": 0.6193338709536844}, "datetime": {"datetime": "2021-09-24 18:54:53", "elapsed": 91.445641, "delta": 0.938904}}
{"target": -43.52871484888438, "params": {"C": 75.01811047838008, "epsilon": 0.2957463790397413, "gamma": 0.03315219722313072, "lamda": 1.1124633690737757}, "datetime": {"datetime": "2021-09-24 18:54:54", "elapsed": 92.340931, "delta": 0.89529}}
{"target": -42.82039492980486, "params": {"C": 74.36909334336008, "epsilon": 0.9873217105763605, "gamma": 0.024940599408141192, "lamda": 1.3031787015334915}, "datetime": {"datetime": "2021-09-24 18:54:55", "elapsed": 93.300665, "delta": 0.959734}}
{"target": -43.23182181326873, "params": {"C": 81.98473830166589, "epsilon": 0.3089950295895213, "gamma": 0.02654114308307159, "lamda": 0.22291630843024993}, "datetime": {"datetime": "2021-09-24 18:54:56", "elapsed": 94.493886, "delta": 1.193221}}
{"target": -44.11003196381051, "params": {"C": 82.28829753824644, "epsilon": 0.16144538241878678, "gamma": 0.04769615790213393, "lamda": 1.3938206917227394}, "datetime": {"datetime": "2021-09-24 18:54:57", "elapsed": 95.173873, "delta": 0.679987}}
{"target": -44.75047427715697, "params": {"C": 96.73646894614811, "epsilon": 0.8306396132596074, "gamma": 0.06468981255165683, "lamda": 0.040184350941748014}, "datetime": {"datetime": "2021-09-24 18:54:58", "elapsed": 96.129768, "delta": 0.955895}}
{"target": -43.99718638954527, "params": {"C": 75.02285311075849, "epsilon": 0.34493239448289686, "gamma": 0.04600558059880873, "lamda": 0.9910133377661219}, "datetime": {"datetime": "2021-09-24 18:54:59", "elapsed": 96.921667, "delta": 0.791899}}
{"target": -45.053826319576636, "params": {"C": 50.16877025881394, "epsilon": 0.11238545058617927, "gamma": 0.07767743842576685, "lamda": 0.6888229633073818}, "datetime": {"datetime": "2021-09-24 18:54:59", "elapsed": 97.636577, "delta": 0.71491}}
{"target": -43.64458007724041, "params": {"C": 50.97047728805858, "epsilon": 0.6955784195600281, "gamma": 0.04092765088950974, "lamda": 1.4643451236478555}, "datetime": {"datetime": "2021-09-24 18:55:00", "elapsed": 98.360618, "delta": 0.724041}}
{"target": -44.15153299751945, "params": {"C": 63.93123939235085, "epsilon": 0.5039770076513298, "gamma": 0.05253552552443918, "lamda": 0.9720283869388461}, "datetime": {"datetime": "2021-09-24 18:55:01", "elapsed": 99.441186, "delta": 1.080568}}
{"target": -45.34642033985553, "params": {"C": 53.651469834911545, "epsilon": 0.9143558775121974, "gamma": 0.09072993036063653, "lamda": 0.48693384238234405}, "datetime": {"datetime": "2021-09-24 18:55:02", "elapsed": 100.23984, "delta": 0.798654}}
{"target": -42.82211855755731, "params": {"C": 74.69248053259096, "epsilon": 0.7960722621244376, "gamma": 0.0032449296503128766, "lamda": 0.37995563353914236}, "datetime": {"datetime": "2021-09-24 18:55:03", "elapsed": 101.118833, "delta": 0.878993}}
{"target": -44.47930503921495, "params": {"C": 56.84543458416224, "epsilon": 0.9446427472997219, "gamma": 0.0015625431213506223, "lamda": 0.40350385987250437}, "datetime": {"datetime": "2021-09-24 18:55:04", "elapsed": 101.958492, "delta": 0.839659}}
{"target": -43.91982311842581, "params": {"C": 92.77513743042593, "epsilon": 0.37769815089665654, "gamma": 0.04525938602029088, "lamda": 1.3690386003412915}, "datetime": {"datetime": "2021-09-24 18:55:04", "elapsed": 102.819681, "delta": 0.861189}}
{"target": -44.35806646103649, "params": {"C": 89.11179562327413, "epsilon": 0.8790220185050202, "gamma": 0.05631828554941305, "lamda": 0.48533735012233326}, "datetime": {"datetime": "2021-09-24 18:55:05", "elapsed": 103.617785, "delta": 0.798104}}
{"target": -44.2493408446079, "params": {"C": 80.67664769457646, "epsilon": 0.5422559420947949, "gamma": 0.055507480989385724, "lamda": 0.1779822448838845}, "datetime": {"datetime": "2021-09-24 18:55:06", "elapsed": 104.443369, "delta": 0.825584}}
{"target": -44.90510610295124, "params": {"C": 54.80041355799997, "epsilon": 0.9623198737361421, "gamma": 0.07623178841307485, "lamda": 1.4178313460390095}, "datetime": {"datetime": "2021-09-24 18:55:07", "elapsed": 105.166659, "delta": 0.72329}}
{"target": -44.205595007530746, "params": {"C": 63.92535686191925, "epsilon": 0.9649053948363869, "gamma": 0.052298540560190857, "lamda": 0.25737290294064225}, "datetime": {"datetime": "2021-09-24 18:55:08", "elapsed": 106.116265, "delta": 0.949606}}
{"target": -43.326293097589904, "params": {"C": 50.96791892176819, "epsilon": 0.6781807844472386, "gamma": 0.03066736004287496, "lamda": 1.4532884863400186}, "datetime": {"datetime": "2021-09-24 18:55:08", "elapsed": 106.829007, "delta": 0.712742}}
{"target": -43.0144175394779, "params": {"C": 51.61300771454407, "epsilon": 0.6042630791866396, "gamma": 0.005046068396933079, "lamda": 0.3200085471196289}, "datetime": {"datetime": "2021-09-24 18:55:09", "elapsed": 107.819371, "delta": 0.990364}}
{"target": -43.548692391582534, "params": {"C": 63.599605346538056, "epsilon": 0.22558045766732834, "gamma": 0.0361537056680315, "lamda": 0.9061629897730167}, "datetime": {"datetime": "2021-09-24 18:55:10", "elapsed": 108.883553, "delta": 1.064182}}
{"target": -43.327508050627536, "params": {"C": 81.98009207934592, "epsilon": 0.2634234068893578, "gamma": 0.031250898023779415, "lamda": 0.22769831119264883}, "datetime": {"datetime": "2021-09-24 18:55:11", "elapsed": 109.861448, "delta": 0.977895}}
{"target": -42.64610070281146, "params": {"C": 91.65074309793084, "epsilon": 0.9847521895343488, "gamma": 0.00932534459618553, "lamda": 0.5782296676861655}, "datetime": {"datetime": "2021-09-24 18:55:12", "elapsed": 110.867506, "delta": 1.006058}}
{"target": -45.8217820367157, "params": {"C": 62.92570929531016, "epsilon": 0.08112225886796513, "gamma": 0.09865268368540828, "lamda": 0.13819272443407143}, "datetime": {"datetime": "2021-09-24 18:55:13", "elapsed": 111.693806, "delta": 0.8263}}
{"target": -44.1737449395334, "params": {"C": 96.32588057921369, "epsilon": 0.9305238781298704, "gamma": 0.001, "lamda": 0.1299660227799533}, "datetime": {"datetime": "2021-09-24 18:55:15", "elapsed": 113.203815, "delta": 1.510009}}
{"target": -43.85095366450847, "params": {"C": 54.734324148776224, "epsilon": 0.3716646049639338, "gamma": 0.043887032047482545, "lamda": 1.40317028599764}, "datetime": {"datetime": "2021-09-24 18:55:16", "elapsed": 113.927127, "delta": 0.723312}}
{"target": -45.23223162137047, "params": {"C": 71.11488848085845, "epsilon": 0.30201795019604083, "gamma": 0.08523231262014296, "lamda": 0.835634763234841}, "datetime": {"datetime": "2021-09-24 18:55:16", "elapsed": 114.70994, "delta": 0.782813}}
{"target": -43.09412619309836, "params": {"C": 56.40043743307835, "epsilon": 0.14407545190870444, "gamma": 0.012561854166219438, "lamda": 0.8737672058352212}, "datetime": {"datetime": "2021-09-24 18:55:17", "elapsed": 115.460199, "delta": 0.750259}}
{"target": -42.94787700614499, "params": {"C": 87.96449549392119, "epsilon": 0.5446363923518851, "gamma": 0.012960665217787336, "lamda": 0.48413362615731126}, "datetime": {"datetime": "2021-09-24 18:55:18", "elapsed": 116.449247, "delta": 0.989048}}
