{"target": -43.631418900977096, "params": {"C": 221.75388165115038, "epsilon": 0.47214132050825597, "gamma": 0.05190851985554349, "lamda": 1.6658931931231997}, "datetime": {"datetime": "2021-09-24 19:33:30", "elapsed": 143.016117, "delta": 1.033359}}
{"target": -42.33319267643767, "params": {"C": 162.7685787861025, "epsilon": 0.42447021754210046, "gamma": 0.016273637796969036, "lamda": 1.5225796604386312}, "datetime": {"datetime": "2021-09-24 19:33:31", "elapsed": 144.140902, "delta": 1.124785}}
{"target": -43.405926650590885, "params": {"C": 159.08643940994583, "epsilon": 0.4473227405718204, "gamma": 0.044652713461199596, "lamda": 1.5087162840465553}, "datetime": {"datetime": "2021-09-24 19:33:32", "elapsed": 145.240577, "delta": 1.099675}}
{"target": -43.683921340835056, "params": {"C": 189.16309829686952, "epsilon": 0.9054320855347138, "gamma": 0.05035276952353805, "lamda": 1.4659178587606936}, "datetime": {"datetime": "2021-09-24 19:33:33", "elapsed": 146.160299, "delta": 0.919722}}
{"target": -45.72588249959266, "params": {"C": 233.09885037424553, "epsilon": 0.6031850986926397, "gamma": 0.09876891393162326, "lamda": 1.8937626544791177}, "datetime": {"datetime": "2021-09-24 19:33:34", "elapsed": 147.064748, "delta": 0.904449}}
{"target": -43.88895294368003, "params": {"C": 199.7905145492441, "epsilon": 0.6177945425228997, "gamma": 0.05797871736097503, "lamda": 1.7217206202288982}, "datetime": {"datetime": "2021-09-24 19:33:35", "elapsed": 148.172464, "delta": 1.107716}}
{"target": -44.44563987560054, "params": {"C": 219.74709809250848, "epsilon": 0.868640456756254, "gamma": 0.06828523180366819, "lamda": 1.7178121297897175}, "datetime": {"datetime": "2021-09-24 19:33:36", "elapsed": 149.087585, "delta": 0.915121}}
{"target": -45.81871526455705, "params": {"C": 238.84963090222627, "epsilon": 0.9634328894748521, "gamma": 0.09839018513026489, "lamda": 1.4558360314896044}, "datetime": {"datetime": "2021-09-24 19:33:36", "elapsed": 149.990198, "delta": 0.902613}}
{"target": -42.77930634447327, "params": {"C": 199.84397149482012, "epsilon": 0.49617828282102505, "gamma": 0.028350805031990386, "lamda": 1.7405925828148638}, "datetime": {"datetime": "2021-09-24 19:33:38", "elapsed": 151.054773, "delta": 1.064575}}
{"target": -42.578735321682665, "params": {"C": 191.12525533322992, "epsilon": 0.5205451535155976, "gamma": 0.019485567661541973, "lamda": 0.9234010374967141}, "datetime": {"datetime": "2021-09-24 19:33:39", "elapsed": 152.025556, "delta": 0.970783}}
{"target": -45.033752898467604, "params": {"C": 155.57326539924415, "epsilon": 0.6571022442342508, "gamma": 0.08485946326559911, "lamda": 1.0630210225520533}, "datetime": {"datetime": "2021-09-24 19:33:39", "elapsed": 152.982459, "delta": 0.956903}}
{"target": -43.16319755342794, "params": {"C": 177.36156453301777, "epsilon": 0.8823340075178789, "gamma": 0.0016442956265679948, "lamda": 0.7464187414826245}, "datetime": {"datetime": "2021-09-24 19:33:41", "elapsed": 154.07897, "delta": 1.096511}}
{"target": -42.26914923285685, "params": {"C": 214.99496669645407, "epsilon": 0.5986259583239064, "gamma": 0.00446130311478912, "lamda": 1.4040671432551868}, "datetime": {"datetime": "2021-09-24 19:33:42", "elapsed": 155.547677, "delta": 1.468707}}
{"target": -42.512496852904384, "params": {"C": 197.4434363199597, "epsilon": 0.6558323662187585, "gamma": 0.02231158989808994, "lamda": 0.9830029682718452}, "datetime": {"datetime": "2021-09-24 19:33:43", "elapsed": 156.901675, "delta": 1.353998}}
{"target": -45.54283544318578, "params": {"C": 207.84664983040975, "epsilon": 0.44747370449228707, "gamma": 0.09373429852868305, "lamda": 1.3760827828727118}, "datetime": {"datetime": "2021-09-24 19:33:44", "elapsed": 157.875225, "delta": 0.97355}}
{"target": -43.74007441915392, "params": {"C": 191.97841234968666, "epsilon": 0.3603724928588452, "gamma": 0.0464155879535615, "lamda": 1.1406532109419758}, "datetime": {"datetime": "2021-09-24 19:33:45", "elapsed": 158.917381, "delta": 1.042156}}
{"target": -41.924669354744175, "params": {"C": 200.46676214431176, "epsilon": 0.42981481599912963, "gamma": 0.005444962735182178, "lamda": 1.4890198625190734}, "datetime": {"datetime": "2021-09-24 19:33:46", "elapsed": 159.870661, "delta": 0.95328}}
{"target": -43.097849907925344, "params": {"C": 214.99682346328552, "epsilon": 0.6003372666027971, "gamma": 0.03723333279250338, "lamda": 1.3918081755957479}, "datetime": {"datetime": "2021-09-24 19:33:48", "elapsed": 161.452748, "delta": 1.582087}}
{"target": -42.975644528560906, "params": {"C": 242.0240450527195, "epsilon": 0.6922276233953077, "gamma": 0.03355877851069218, "lamda": 1.1165493691420518}, "datetime": {"datetime": "2021-09-24 19:33:49", "elapsed": 162.425811, "delta": 0.973063}}
{"target": -43.23872247623354, "params": {"C": 199.85739640194305, "epsilon": 0.394622088958764, "gamma": 0.041151312194947005, "lamda": 1.7485960682983097}, "datetime": {"datetime": "2021-09-24 19:33:50", "elapsed": 163.629645, "delta": 1.203834}}
{"target": -42.43283946204001, "params": {"C": 159.16767948181192, "epsilon": 0.4406368290490721, "gamma": 0.019016465031749207, "lamda": 1.4947091073552519}, "datetime": {"datetime": "2021-09-24 19:33:51", "elapsed": 164.832925, "delta": 1.20328}}
{"target": -42.61501350473063, "params": {"C": 171.45553734597348, "epsilon": 0.6474433903681518, "gamma": 0.02415627823816034, "lamda": 1.3537122898046507}, "datetime": {"datetime": "2021-09-24 19:33:53", "elapsed": 166.483474, "delta": 1.650549}}
{"target": -42.347361816473864, "params": {"C": 159.094898830692, "epsilon": 0.4573265288057531, "gamma": 0.00338465542076126, "lamda": 1.520056576237263}, "datetime": {"datetime": "2021-09-24 19:33:54", "elapsed": 167.679245, "delta": 1.195771}}
{"target": -43.16712598287515, "params": {"C": 193.98450476511832, "epsilon": 0.9913601086006192, "gamma": 0.03599635926431527, "lamda": 1.4238654176503567}, "datetime": {"datetime": "2021-09-24 19:33:55", "elapsed": 168.750471, "delta": 1.071226}}
{"target": -42.33279679849518, "params": {"C": 239.87463449907872, "epsilon": 0.734264182739643, "gamma": 0.01817862640210638, "lamda": 0.9914691260576217}, "datetime": {"datetime": "2021-09-24 19:33:57", "elapsed": 170.076855, "delta": 1.326384}}
{"target": -42.5870259325566, "params": {"C": 176.31897876139885, "epsilon": 0.36058716338298386, "gamma": 0.022756480451273056, "lamda": 1.6587351020357217}, "datetime": {"datetime": "2021-09-24 19:33:58", "elapsed": 171.210592, "delta": 1.133737}}
{"target": -42.29828626621497, "params": {"C": 221.6735394347915, "epsilon": 0.4808291606626167, "gamma": 0.016947002006351054, "lamda": 1.654926983184959}, "datetime": {"datetime": "2021-09-24 19:33:59", "elapsed": 172.488868, "delta": 1.278276}}
{"target": -42.124207646470644, "params": {"C": 213.92253263188888, "epsilon": 0.5064641263246907, "gamma": 0.010694546526962521, "lamda": 0.8998707953254674}, "datetime": {"datetime": "2021-09-24 19:34:00", "elapsed": 173.878105, "delta": 1.389237}}
{"target": -43.49929356048177, "params": {"C": 166.13129997719176, "epsilon": 0.43950059463282987, "gamma": 0.0280699994622249, "lamda": 0.774358394634646}, "datetime": {"datetime": "2021-09-24 19:34:02", "elapsed": 175.127583, "delta": 1.249478}}
{"target": -42.37796739674935, "params": {"C": 238.55017424089252, "epsilon": 0.5447427110112584, "gamma": 0.017110128904182932, "lamda": 0.8181501647706249}, "datetime": {"datetime": "2021-09-24 19:34:03", "elapsed": 176.179368, "delta": 1.051785}}
{"target": -41.9686708932078, "params": {"C": 197.470134449299, "epsilon": 0.6663829361733905, "gamma": 0.009172756478913264, "lamda": 1.0304889581955021}, "datetime": {"datetime": "2021-09-24 19:34:04", "elapsed": 177.481045, "delta": 1.301677}}
{"target": -44.693901919455286, "params": {"C": 208.8347896562181, "epsilon": 0.7334748195031433, "gamma": 0.0737653040505775, "lamda": 0.7278933467557381}, "datetime": {"datetime": "2021-09-24 19:34:05", "elapsed": 178.523958, "delta": 1.042913}}
{"target": -42.42599206974276, "params": {"C": 163.74423987472582, "epsilon": 0.932638178267919, "gamma": 0.011727473916174416, "lamda": 1.6798693969703349}, "datetime": {"datetime": "2021-09-24 19:34:06", "elapsed": 179.58116, "delta": 1.057202}}
{"target": -43.15639338063556, "params": {"C": 235.5075610594231, "epsilon": 0.6251368323874772, "gamma": 0.03665951494353311, "lamda": 1.9874726552632787}, "datetime": {"datetime": "2021-09-24 19:34:07", "elapsed": 180.630302, "delta": 1.049142}}
{"target": -41.921773639728634, "params": {"C": 225.86896028326, "epsilon": 0.6534148181376592, "gamma": 0.007598089835174402, "lamda": 1.1309822042292308}, "datetime": {"datetime": "2021-09-24 19:34:09", "elapsed": 182.326719, "delta": 1.696417}}
{"target": -42.505423243342904, "params": {"C": 249.77514476129517, "epsilon": 0.807111359489487, "gamma": 0.007010944165405729, "lamda": 1.7132337044483108}, "datetime": {"datetime": "2021-09-24 19:34:10", "elapsed": 183.407441, "delta": 1.080722}}
{"target": -43.530392620615366, "params": {"C": 162.7910517270534, "epsilon": 0.36366343078316893, "gamma": 0.044560368261320454, "lamda": 1.4994252120360723}, "datetime": {"datetime": "2021-09-24 19:34:11", "elapsed": 184.73204, "delta": 1.324599}}
{"target": -42.06894512824605, "params": {"C": 237.59696049723357, "epsilon": 0.9058936081919442, "gamma": 0.011189572785245884, "lamda": 0.7715329092988287}, "datetime": {"datetime": "2021-09-24 19:34:12", "elapsed": 185.874609, "delta": 1.142569}}
{"target": -43.66058283975504, "params": {"C": 186.11049752521404, "epsilon": 0.30933268384253776, "gamma": 0.0516798372679769, "lamda": 1.818464289091253}, "datetime": {"datetime": "2021-09-24 19:34:13", "elapsed": 186.999639, "delta": 1.12503}}
{"target": -44.035510499461736, "params": {"C": 219.98423560818628, "epsilon": 0.6628455047049229, "gamma": 0.06210938612613051, "lamda": 1.2624014739244518}, "datetime": {"datetime": "2021-09-24 19:34:15", "elapsed": 188.085103, "delta": 1.085464}}
{"target": -43.23358429161065, "params": {"C": 171.41220864611182, "epsilon": 0.5295744020303603, "gamma": 0.04077648733464828, "lamda": 1.3712136421255603}, "datetime": {"datetime": "2021-09-24 19:34:16", "elapsed": 189.374223, "delta": 1.28912}}
{"target": -42.51463672207044, "params": {"C": 200.47288076010523, "epsilon": 0.4232709480707206, "gamma": 0.022480829720278955, "lamda": 1.5325781451735507}, "datetime": {"datetime": "2021-09-24 19:34:17", "elapsed": 190.729435, "delta": 1.355212}}
{"target": -42.152710036359736, "params": {"C": 171.39608991215738, "epsilon": 0.6354789591915898, "gamma": 0.012356531412402665, "lamda": 1.300346794737838}, "datetime": {"datetime": "2021-09-24 19:34:19", "elapsed": 192.549605, "delta": 1.82017}}
{"target": -42.00830148912586, "params": {"C": 199.9289892303207, "epsilon": 0.5236398244479017, "gamma": 0.008065338413573386, "lamda": 1.7108916956635625}, "datetime": {"datetime": "2021-09-24 19:34:21", "elapsed": 194.013353, "delta": 1.463748}}
{"target": -43.21969337161686, "params": {"C": 236.79222675193665, "epsilon": 0.6477184621146117, "gamma": 0.03743944595815326, "lamda": 0.7117048253675782}, "datetime": {"datetime": "2021-09-24 19:34:22", "elapsed": 195.171185, "delta": 1.157832}}
{"target": -43.15101235228533, "params": {"C": 191.15209237775963, "epsilon": 0.5349968538663139, "gamma": 0.034778669139566475, "lamda": 0.9536698852499865}, "datetime": {"datetime": "2021-09-24 19:34:23", "elapsed": 196.604651, "delta": 1.433466}}
{"target": -42.96985504663156, "params": {"C": 153.04748666585246, "epsilon": 0.6820081476875839, "gamma": 0.03159674444834965, "lamda": 0.991366579794167}, "datetime": {"datetime": "2021-09-24 19:34:25", "elapsed": 198.009922, "delta": 1.405271}}
{"target": -44.97195936373415, "params": {"C": 202.9329248218726, "epsilon": 0.6183099873922213, "gamma": 0.0846112566798957, "lamda": 1.7657435584305397}, "datetime": {"datetime": "2021-09-24 19:34:26", "elapsed": 199.063408, "delta": 1.053486}}
{"target": -43.22598823455442, "params": {"C": 201.92095279166904, "epsilon": 0.9969299040733526, "gamma": 0.040771110029350494, "lamda": 0.9410933334585141}, "datetime": {"datetime": "2021-09-24 19:34:27", "elapsed": 200.250511, "delta": 1.187103}}
{"target": -44.50074855161556, "params": {"C": 153.09340693766688, "epsilon": 0.6770466836779627, "gamma": 0.001, "lamda": 0.9998087218410291}, "datetime": {"datetime": "2021-09-24 19:34:29", "elapsed": 202.0881, "delta": 1.837589}}
{"target": -42.773090421317995, "params": {"C": 197.40381739867738, "epsilon": 0.6416071365853037, "gamma": 0.0280444057723389, "lamda": 0.9635735162228498}, "datetime": {"datetime": "2021-09-24 19:34:30", "elapsed": 203.354865, "delta": 1.266765}}
{"target": -43.40068935254303, "params": {"C": 225.87453539223827, "epsilon": 0.6892413852039543, "gamma": 0.04545716713460452, "lamda": 1.1746239833785372}, "datetime": {"datetime": "2021-09-24 19:34:31", "elapsed": 204.920867, "delta": 1.566002}}
{"target": -42.541725810249865, "params": {"C": 171.3935148871137, "epsilon": 0.5920753309132163, "gamma": 0.02293902751849606, "lamda": 1.2839070160818986}, "datetime": {"datetime": "2021-09-24 19:34:33", "elapsed": 206.518218, "delta": 1.597351}}
{"target": -43.94240785095984, "params": {"C": 162.90353504646822, "epsilon": 0.5663070205812913, "gamma": 0.06008462853585381, "lamda": 1.6717996361864342}, "datetime": {"datetime": "2021-09-24 19:34:34", "elapsed": 207.563541, "delta": 1.045323}}
{"target": -43.253218003618954, "params": {"C": 183.55317196885267, "epsilon": 0.7102279868030171, "gamma": 0.03918609288664717, "lamda": 1.8462558377580185}, "datetime": {"datetime": "2021-09-24 19:34:35", "elapsed": 208.668965, "delta": 1.105424}}
{"target": -43.07613595200882, "params": {"C": 176.08706695628828, "epsilon": 0.4742611742824292, "gamma": 0.0022815829973858465, "lamda": 1.746247526529169}, "datetime": {"datetime": "2021-09-24 19:34:37", "elapsed": 210.119096, "delta": 1.450131}}
{"target": -42.9386849880441, "params": {"C": 199.83655358605563, "epsilon": 0.6316922875617259, "gamma": 0.031136072647978713, "lamda": 1.7437539703375202}, "datetime": {"datetime": "2021-09-24 19:34:38", "elapsed": 211.869856, "delta": 1.75076}}
{"target": -45.40439417335482, "params": {"C": 213.0430477358723, "epsilon": 0.7684051389587214, "gamma": 0.09099090070493503, "lamda": 1.8090121546500246}, "datetime": {"datetime": "2021-09-24 19:34:39", "elapsed": 213.000552, "delta": 1.130696}}
{"target": -42.15679749737838, "params": {"C": 199.7806600703634, "epsilon": 0.5478567416407591, "gamma": 0.011393453972144012, "lamda": 1.7841066398771435}, "datetime": {"datetime": "2021-09-24 19:34:41", "elapsed": 214.635885, "delta": 1.635333}}
{"target": -42.28314650810474, "params": {"C": 221.6015169101774, "epsilon": 0.3817540212841261, "gamma": 0.017347154639778147, "lamda": 1.6528296752746119}, "datetime": {"datetime": "2021-09-24 19:34:43", "elapsed": 216.184794, "delta": 1.548909}}
{"target": -42.91762590574041, "params": {"C": 185.31573317892511, "epsilon": 0.4346514257416125, "gamma": 0.03204600395592705, "lamda": 1.4807380236952357}, "datetime": {"datetime": "2021-09-24 19:34:44", "elapsed": 217.442008, "delta": 1.257214}}
{"target": -45.42011750355446, "params": {"C": 170.9336483088915, "epsilon": 0.761543603876791, "gamma": 0.09349674352027021, "lamda": 0.9708723594224705}, "datetime": {"datetime": "2021-09-24 19:34:45", "elapsed": 218.683168, "delta": 1.24116}}
{"target": -45.20958635832273, "params": {"C": 201.06496000873315, "epsilon": 0.9013829424822988, "gamma": 0.08892369882926389, "lamda": 0.8234915029769353}, "datetime": {"datetime": "2021-09-24 19:34:46", "elapsed": 219.898516, "delta": 1.215348}}
{"target": -43.58093921335794, "params": {"C": 213.92178463319956, "epsilon": 0.5447207551260136, "gamma": 0.04774214214858593, "lamda": 0.9321285148150973}, "datetime": {"datetime": "2021-09-24 19:34:48", "elapsed": 221.536792, "delta": 1.638276}}
{"target": -42.45015792830232, "params": {"C": 235.5164554709347, "epsilon": 0.6309040245505517, "gamma": 0.006807601470956441, "lamda": 2.0466450284845408}, "datetime": {"datetime": "2021-09-24 19:34:50", "elapsed": 223.179583, "delta": 1.642791}}
{"target": -42.94880398753328, "params": {"C": 220.51608163109694, "epsilon": 0.5565470317977741, "gamma": 0.03310819928018514, "lamda": 1.4610497216586498}, "datetime": {"datetime": "2021-09-24 19:34:51", "elapsed": 224.46747, "delta": 1.287887}}
{"target": -43.01291983848959, "params": {"C": 237.65845392839924, "epsilon": 0.8891459076912798, "gamma": 0.03417068047267655, "lamda": 0.755167512761821}, "datetime": {"datetime": "2021-09-24 19:34:53", "elapsed": 226.104397, "delta": 1.636927}}
{"target": -42.67563353306694, "params": {"C": 176.25196170332035, "epsilon": 0.35028624454196705, "gamma": 0.02362147939845799, "lamda": 1.5792009637669993}, "datetime": {"datetime": "2021-09-24 19:34:54", "elapsed": 227.523955, "delta": 1.419558}}
{"target": -43.63008035784077, "params": {"C": 221.68955478530904, "epsilon": 0.5255756769152564, "gamma": 0.05184707942603821, "lamda": 1.746904062463586}, "datetime": {"datetime": "2021-09-24 19:34:56", "elapsed": 229.540036, "delta": 2.016081}}
{"target": -43.16901821916288, "params": {"C": 159.12817359017885, "epsilon": 0.5716187283615374, "gamma": 0.0023321594046217054, "lamda": 1.5540260589997503}, "datetime": {"datetime": "2021-09-24 19:34:58", "elapsed": 231.038358, "delta": 1.498322}}
{"target": -45.01919426035448, "params": {"C": 200.42968728039327, "epsilon": 0.40911866136942476, "gamma": 0.08342881546267535, "lamda": 1.5189164884509023}, "datetime": {"datetime": "2021-09-24 19:34:59", "elapsed": 232.657921, "delta": 1.619563}}
{"target": -42.70523871782204, "params": {"C": 197.4976380903674, "epsilon": 0.6920973250418279, "gamma": 0.026631652534737198, "lamda": 1.042233831204252}, "datetime": {"datetime": "2021-09-24 19:35:01", "elapsed": 234.084839, "delta": 1.426918}}
{"target": -42.041952565545515, "params": {"C": 242.02404331150365, "epsilon": 0.685541218358096, "gamma": 0.005330076184182313, "lamda": 1.1245660961030013}, "datetime": {"datetime": "2021-09-24 19:35:02", "elapsed": 235.333276, "delta": 1.248437}}
{"target": -43.889956695231575, "params": {"C": 162.82755838709528, "epsilon": 0.4225058787998036, "gamma": 0.05777507750923878, "lamda": 1.5569320052277686}, "datetime": {"datetime": "2021-09-24 19:35:03", "elapsed": 236.903783, "delta": 1.570507}}
{"target": -43.29144809839826, "params": {"C": 173.6658495506139, "epsilon": 0.8703357949307975, "gamma": 0.04173802359712099, "lamda": 1.28177066874291}, "datetime": {"datetime": "2021-09-24 19:35:05", "elapsed": 238.060631, "delta": 1.156848}}
{"target": -42.40315294161191, "params": {"C": 199.88543565647467, "epsilon": 0.4551903063439625, "gamma": 0.019618894788127922, "lamda": 1.7138873774929313}, "datetime": {"datetime": "2021-09-24 19:35:06", "elapsed": 239.687643, "delta": 1.627012}}
{"target": -44.88306364491881, "params": {"C": 187.14917897661954, "epsilon": 0.8484171788041626, "gamma": 0.07609042094699556, "lamda": 1.9951690818482968}, "datetime": {"datetime": "2021-09-24 19:35:07", "elapsed": 240.943086, "delta": 1.255443}}
{"target": -43.78157499755147, "params": {"C": 161.49688121655717, "epsilon": 0.7862797277669165, "gamma": 0.055122434925629404, "lamda": 1.0651756296066381}, "datetime": {"datetime": "2021-09-24 19:35:09", "elapsed": 242.150393, "delta": 1.207307}}
{"target": -42.64480532300308, "params": {"C": 199.84964196616613, "epsilon": 0.4129473106399463, "gamma": 0.002551416315921163, "lamda": 1.7089382286226436}, "datetime": {"datetime": "2021-09-24 19:35:10", "elapsed": 243.728423, "delta": 1.57803}}
{"target": -42.05070418771165, "params": {"C": 221.68819549176015, "epsilon": 0.5070888305723236, "gamma": 0.009856277411676176, "lamda": 1.6802791359759326}, "datetime": {"datetime": "2021-09-24 19:35:13", "elapsed": 246.290229, "delta": 2.561806}}
{"target": -43.2037008238394, "params": {"C": 199.92236210878957, "epsilon": 0.4527710724661943, "gamma": 0.04055782013960421, "lamda": 1.7512893800382332}, "datetime": {"datetime": "2021-09-24 19:35:15", "elapsed": 248.076711, "delta": 1.786482}}
{"target": -41.91559636123191, "params": {"C": 176.1133378216654, "epsilon": 0.38963383745074537, "gamma": 0.0059340238710383535, "lamda": 1.74375400375536}, "datetime": {"datetime": "2021-09-24 19:35:16", "elapsed": 249.718456, "delta": 1.641745}}
{"target": -44.1177615434306, "params": {"C": 189.66716266792727, "epsilon": 0.5254985945380016, "gamma": 0.0642531058944991, "lamda": 1.4813148557298739}, "datetime": {"datetime": "2021-09-24 19:35:17", "elapsed": 250.954391, "delta": 1.235935}}
{"target": -43.16790987754442, "params": {"C": 171.4847602575291, "epsilon": 0.6031846855575216, "gamma": 0.039108632336358556, "lamda": 1.2936995246003438}, "datetime": {"datetime": "2021-09-24 19:35:19", "elapsed": 252.457909, "delta": 1.503518}}
{"target": -42.98575231006655, "params": {"C": 171.37444603077753, "epsilon": 0.5463046850903157, "gamma": 0.03391866025162774, "lamda": 1.3240191490641573}, "datetime": {"datetime": "2021-09-24 19:35:21", "elapsed": 254.653597, "delta": 2.195688}}
{"target": -42.48653449892623, "params": {"C": 231.88191576955055, "epsilon": 0.36470176879187893, "gamma": 0.002184302409270426, "lamda": 1.2715978440326325}, "datetime": {"datetime": "2021-09-24 19:35:23", "elapsed": 256.273495, "delta": 1.619898}}
{"target": -45.495806225285314, "params": {"C": 160.55792162620074, "epsilon": 0.5324595785965305, "gamma": 0.09517211871911081, "lamda": 1.4174342300158693}, "datetime": {"datetime": "2021-09-24 19:35:24", "elapsed": 257.407203, "delta": 1.133708}}
{"target": -43.59893979063438, "params": {"C": 190.35715560897728, "epsilon": 0.54741991683668, "gamma": 0.05081257196948723, "lamda": 1.363554653732973}, "datetime": {"datetime": "2021-09-24 19:35:25", "elapsed": 258.599826, "delta": 1.192623}}
