{"target": 0.43231311297931574, "params": {"C": 54.5029226596942, "epsilon": 0.42993448521450595, "gamma": 0.031979752048734725, "lamda": 0.7336948966890626}, "datetime": {"datetime": "2021-09-23 17:58:02", "elapsed": 39.891258, "delta": 0.581271}}
{"target": 0.4241585238914969, "params": {"C": 22.49097621771261, "epsilon": 0.5810209895669107, "gamma": 0.009853532179479239, "lamda": 0.2168632274576031}, "datetime": {"datetime": "2021-09-23 17:58:03", "elapsed": 40.550957, "delta": 0.659699}}
{"target": 0.411533151233583, "params": {"C": 99.75947956656832, "epsilon": 0.891550785705173, "gamma": 0.048121929560095825, "lamda": 0.5752988508260806}, "datetime": {"datetime": "2021-09-23 17:58:04", "elapsed": 41.20223, "delta": 0.651273}}
{"target": 0.45572862320728147, "params": {"C": 99.76052133244589, "epsilon": 0.9550237503909226, "gamma": 0.009866578607159542, "lamda": 0.5572751444914527}, "datetime": {"datetime": "2021-09-23 17:58:04", "elapsed": 41.734235, "delta": 0.532005}}
{"target": 0.43808332704239017, "params": {"C": 42.254800263643155, "epsilon": 0.43864155612927724, "gamma": 0.006936582223985449, "lamda": 0.634312184573916}, "datetime": {"datetime": "2021-09-23 17:58:05", "elapsed": 42.368476, "delta": 0.634241}}
{"target": 0.41966751132565117, "params": {"C": 41.110435242250944, "epsilon": 0.7304314143125221, "gamma": 0.0459987958088271, "lamda": 0.8827696461095325}, "datetime": {"datetime": "2021-09-23 17:58:05", "elapsed": 42.878581, "delta": 0.510105}}
{"target": 0.41964378741911457, "params": {"C": 87.51869742528847, "epsilon": 0.5457346245071856, "gamma": 0.0013967630447587276, "lamda": 0.1680774228614696}, "datetime": {"datetime": "2021-09-23 17:58:06", "elapsed": 43.629548, "delta": 0.750967}}
{"target": 0.3591573363384377, "params": {"C": 72.91730525579851, "epsilon": 0.11646224648361071, "gamma": 0.09725673305844579, "lamda": 0.8651193642136592}, "datetime": {"datetime": "2021-09-23 17:58:07", "elapsed": 44.224397, "delta": 0.594849}}
{"target": 0.4368315870983718, "params": {"C": 62.42052202068142, "epsilon": 0.15894341453209856, "gamma": 0.025773547937888452, "lamda": 0.6367061513245577}, "datetime": {"datetime": "2021-09-23 17:58:07", "elapsed": 44.703345, "delta": 0.478948}}
{"target": 0.4548248671878026, "params": {"C": 99.67818321569136, "epsilon": 0.9226027925411769, "gamma": 0.007052984929307717, "lamda": 0.5890013235611858}, "datetime": {"datetime": "2021-09-23 17:58:08", "elapsed": 45.24297, "delta": 0.539625}}
{"target": 0.36579216680074245, "params": {"C": 94.16702177510277, "epsilon": 0.952720703082407, "gamma": 0.07364109282735788, "lamda": 0.11004958364595621}, "datetime": {"datetime": "2021-09-23 17:58:08", "elapsed": 45.992057, "delta": 0.749087}}
{"target": 0.44140865094237547, "params": {"C": 38.66482577576883, "epsilon": 0.6770763739907849, "gamma": 0.008297520400401265, "lamda": 0.7227833291199434}, "datetime": {"datetime": "2021-09-23 17:58:09", "elapsed": 46.664129, "delta": 0.672072}}
{"target": 0.440532442632633, "params": {"C": 42.220788072268235, "epsilon": 0.42224114570784604, "gamma": 0.011132474397013606, "lamda": 0.5846904370287442}, "datetime": {"datetime": "2021-09-23 17:58:10", "elapsed": 47.360133, "delta": 0.696004}}
{"target": 0.4415168191517663, "params": {"C": 99.79447236616846, "epsilon": 0.9846846826017677, "gamma": 0.023051164913588627, "lamda": 0.48942684986588386}, "datetime": {"datetime": "2021-09-23 17:58:11", "elapsed": 48.176365, "delta": 0.816232}}
{"target": 0.4442715895980357, "params": {"C": 80.7008384298453, "epsilon": 0.5096538659936594, "gamma": 0.017652394593784596, "lamda": 0.3338582434302294}, "datetime": {"datetime": "2021-09-23 17:58:11", "elapsed": 48.875068, "delta": 0.698703}}
{"target": 0.3819253990822161, "params": {"C": 59.08702044868213, "epsilon": 0.4413299056925739, "gamma": 0.08097234694467406, "lamda": 0.5709661983598969}, "datetime": {"datetime": "2021-09-23 17:58:12", "elapsed": 49.555909, "delta": 0.680841}}
{"target": 0.4421287407609753, "params": {"C": 59.88303907147879, "epsilon": 0.37632425669869, "gamma": 0.0050968933373105796, "lamda": 0.816196411936209}, "datetime": {"datetime": "2021-09-23 17:58:12", "elapsed": 50.148566, "delta": 0.592657}}
{"target": 0.42148138860326123, "params": {"C": 80.7580371445681, "epsilon": 0.48197674814321206, "gamma": 0.038181094611710244, "lamda": 0.3810467607615813}, "datetime": {"datetime": "2021-09-23 17:58:13", "elapsed": 50.94143, "delta": 0.792864}}
{"target": 0.3714385324806827, "params": {"C": 89.47374126039901, "epsilon": 0.7898281334210944, "gamma": 0.084317983192882, "lamda": 0.6458624370997754}, "datetime": {"datetime": "2021-09-23 17:58:14", "elapsed": 51.610436, "delta": 0.669006}}
{"target": 0.43996767830552663, "params": {"C": 42.23539084845197, "epsilon": 0.4236819534175435, "gamma": 0.012087635600288048, "lamda": 0.49658530560564174}, "datetime": {"datetime": "2021-09-23 17:58:15", "elapsed": 52.518421, "delta": 0.907985}}
{"target": 0.4439250811877621, "params": {"C": 86.62515888674159, "epsilon": 0.9373311842990001, "gamma": 0.016015136672482083, "lamda": 0.3991120239092097}, "datetime": {"datetime": "2021-09-23 17:58:16", "elapsed": 53.327735, "delta": 0.809314}}
{"target": 0.384789343893403, "params": {"C": 81.54623740943501, "epsilon": 0.21073795748294652, "gamma": 0.06498218220631384, "lamda": 0.697489169716283}, "datetime": {"datetime": "2021-09-23 17:58:16", "elapsed": 53.927733, "delta": 0.599998}}
{"target": 0.39037495504697417, "params": {"C": 26.026340188117594, "epsilon": 0.5275722114453016, "gamma": 0.09106942366525114, "lamda": 0.2807301451664127}, "datetime": {"datetime": "2021-09-23 17:58:17", "elapsed": 54.65284, "delta": 0.725107}}
{"target": 0.36756310381390744, "params": {"C": 86.58041333197394, "epsilon": 0.9716743866205473, "gamma": 0.08370454501182804, "lamda": 0.3692041463295522}, "datetime": {"datetime": "2021-09-23 17:58:18", "elapsed": 55.43143, "delta": 0.77859}}
{"target": 0.41945124488855623, "params": {"C": 42.24488936585695, "epsilon": 0.503943208773185, "gamma": 0.045837329734347565, "lamda": 0.4952728055013572}, "datetime": {"datetime": "2021-09-23 17:58:19", "elapsed": 56.186337, "delta": 0.754907}}
{"target": 0.42756730331404236, "params": {"C": 27.59494392013022, "epsilon": 0.604349248164749, "gamma": 0.03223323429213502, "lamda": 0.5774600298688208}, "datetime": {"datetime": "2021-09-23 17:58:19", "elapsed": 56.860256, "delta": 0.673919}}
{"target": 0.4415990574136859, "params": {"C": 99.80418933230014, "epsilon": 0.8774939247393487, "gamma": 0.018753393488233162, "lamda": 0.4293480588210218}, "datetime": {"datetime": "2021-09-23 17:58:20", "elapsed": 57.770251, "delta": 0.909995}}
{"target": 0.399446846331143, "params": {"C": 42.2981722451853, "epsilon": 0.3861814598802274, "gamma": 0.06768899758064724, "lamda": 0.5299214872455178}, "datetime": {"datetime": "2021-09-23 17:58:21", "elapsed": 58.690548, "delta": 0.920297}}
{"target": 0.436254595684091, "params": {"C": 59.920346802158726, "epsilon": 0.31480108969302817, "gamma": 0.003952685319584828, "lamda": 0.6819255976411882}, "datetime": {"datetime": "2021-09-23 17:58:22", "elapsed": 59.545175, "delta": 0.854627}}
{"target": 0.4399866952046847, "params": {"C": 62.39920110785093, "epsilon": 0.2494326838128934, "gamma": 0.007887988097987315, "lamda": 0.6148697316210585}, "datetime": {"datetime": "2021-09-23 17:58:23", "elapsed": 60.23455, "delta": 0.689375}}
{"target": 0.3775986083856474, "params": {"C": 38.64556327945415, "epsilon": 0.45179635472423557, "gamma": 0.09674718550932852, "lamda": 0.11874407510965652}, "datetime": {"datetime": "2021-09-23 17:58:23", "elapsed": 60.888552, "delta": 0.654002}}
{"target": 0.39413714409663925, "params": {"C": 99.76550835233428, "epsilon": 0.8493799420879271, "gamma": 0.055586331525149815, "lamda": 0.44365172736107655}, "datetime": {"datetime": "2021-09-23 17:58:24", "elapsed": 61.572591, "delta": 0.684039}}
{"target": 0.43737125796722565, "params": {"C": 49.0804274567724, "epsilon": 0.6756366855874094, "gamma": 0.02596303834167303, "lamda": 0.8632504020446994}, "datetime": {"datetime": "2021-09-23 17:58:25", "elapsed": 62.284553, "delta": 0.711962}}
{"target": 0.3715232280847861, "params": {"C": 59.85774471392293, "epsilon": 0.6579565969991792, "gamma": 0.08860703737881925, "lamda": 0.1738353221908799}, "datetime": {"datetime": "2021-09-23 17:58:25", "elapsed": 62.939549, "delta": 0.654996}}
{"target": 0.3839422765400837, "params": {"C": 88.62280116217244, "epsilon": 0.25047051961318967, "gamma": 0.06182043262804955, "lamda": 0.41786020566550247}, "datetime": {"datetime": "2021-09-23 17:58:26", "elapsed": 63.519551, "delta": 0.580002}}
{"target": 0.43115286902698446, "params": {"C": 37.12293490032856, "epsilon": 0.32010731230031403, "gamma": 0.00828560113968608, "lamda": 0.4499886548070499}, "datetime": {"datetime": "2021-09-23 17:58:26", "elapsed": 64.132587, "delta": 0.613036}}
{"target": 0.41457340299995105, "params": {"C": 80.65262812326291, "epsilon": 0.5730528838033544, "gamma": 0.04256661655854946, "lamda": 0.3267946509191285}, "datetime": {"datetime": "2021-09-23 17:58:27", "elapsed": 64.838655, "delta": 0.706068}}
{"target": 0.43094055696980116, "params": {"C": 59.88742075075295, "epsilon": 0.15772468387043487, "gamma": 0.0038227376633600428, "lamda": 0.7723049067965514}, "datetime": {"datetime": "2021-09-23 17:58:28", "elapsed": 65.498655, "delta": 0.66}}
{"target": 0.42521693678300676, "params": {"C": 59.9733122703703, "epsilon": 0.41149678646897386, "gamma": 0.002073060627266589, "lamda": 0.785343485007946}, "datetime": {"datetime": "2021-09-23 17:58:29", "elapsed": 66.248653, "delta": 0.749998}}
{"target": 0.42602903220968424, "params": {"C": 99.9369255846031, "epsilon": 0.99516589492558, "gamma": 0.0014317655206577688, "lamda": 0.5143629021787336}, "datetime": {"datetime": "2021-09-23 17:58:29", "elapsed": 66.902696, "delta": 0.654043}}
{"target": 0.4409421797509845, "params": {"C": 81.51624075002107, "epsilon": 0.13002206789226248, "gamma": 0.0212798375055185, "lamda": 0.7708146495240323}, "datetime": {"datetime": "2021-09-23 17:58:30", "elapsed": 67.548661, "delta": 0.645965}}
{"target": 0.3825521180631839, "params": {"C": 42.18198827724103, "epsilon": 0.45582531694957823, "gamma": 0.001, "lamda": 0.5315810929165582}, "datetime": {"datetime": "2021-09-23 17:58:31", "elapsed": 68.390695, "delta": 0.842034}}
{"target": 0.43340628457720465, "params": {"C": 38.698345344158966, "epsilon": 0.6957712426120367, "gamma": 0.030942352128739532, "lamda": 0.7968424841064841}, "datetime": {"datetime": "2021-09-23 17:58:31", "elapsed": 69.123686, "delta": 0.732991}}
{"target": 0.41858698384638326, "params": {"C": 38.57783571859126, "epsilon": 0.7719225913065719, "gamma": 0.048035340416750075, "lamda": 0.6815066690290567}, "datetime": {"datetime": "2021-09-23 17:58:32", "elapsed": 70.021653, "delta": 0.897967}}
{"target": 0.4044052143249629, "params": {"C": 38.643734088630275, "epsilon": 0.625255459454766, "gamma": 0.06325551150097741, "lamda": 0.7970708120958137}, "datetime": {"datetime": "2021-09-23 17:58:33", "elapsed": 71.129826, "delta": 1.108173}}
{"target": 0.4108541576184914, "params": {"C": 42.11645636492967, "epsilon": 0.8210949818951244, "gamma": 0.05342630830955882, "lamda": 0.05816798594461584}, "datetime": {"datetime": "2021-09-23 17:58:34", "elapsed": 71.901822, "delta": 0.771996}}
{"target": 0.3959257935514551, "params": {"C": 55.732686567104125, "epsilon": 0.996718977061351, "gamma": 0.06707346696263752, "lamda": 0.10280664336223878}, "datetime": {"datetime": "2021-09-23 17:58:35", "elapsed": 72.559075, "delta": 0.657253}}
{"target": 0.42929360503109115, "params": {"C": 99.68972386213652, "epsilon": 0.7696385382796971, "gamma": 0.029257985629695026, "lamda": 0.4965056746221104}, "datetime": {"datetime": "2021-09-23 17:58:36", "elapsed": 73.37106, "delta": 0.811985}}
{"target": 0.44261187273671776, "params": {"C": 80.72868913599424, "epsilon": 0.4870047009838737, "gamma": 0.007974740228699756, "lamda": 0.28481441319113043}, "datetime": {"datetime": "2021-09-23 17:58:37", "elapsed": 74.548748, "delta": 1.177688}}
{"target": 0.42175526093513005, "params": {"C": 99.77414652163138, "epsilon": 0.9397039104614765, "gamma": 0.03644091417786128, "lamda": 0.4660107827850564}, "datetime": {"datetime": "2021-09-23 17:58:38", "elapsed": 75.596311, "delta": 1.047563}}
{"target": 0.3918116633434511, "params": {"C": 49.06095201193264, "epsilon": 0.7052749807328809, "gamma": 0.07725234220955031, "lamda": 0.9340027618674137}, "datetime": {"datetime": "2021-09-23 17:58:39", "elapsed": 76.417715, "delta": 0.821404}}
{"target": 0.4012050070612021, "params": {"C": 99.76522903510242, "epsilon": 0.7625137457116251, "gamma": 0.053863286769644546, "lamda": 0.5939554749338408}, "datetime": {"datetime": "2021-09-23 17:58:40", "elapsed": 77.213752, "delta": 0.796037}}
{"target": 0.3984312644319501, "params": {"C": 64.45631894245403, "epsilon": 0.6612635233472194, "gamma": 0.06080270349299944, "lamda": 0.014160112180936438}, "datetime": {"datetime": "2021-09-23 17:58:41", "elapsed": 78.397145, "delta": 1.183393}}
{"target": 0.361209437279559, "params": {"C": 80.70370055583065, "epsilon": 0.4843931048117208, "gamma": 0.0878621971999125, "lamda": 0.26911811336333186}, "datetime": {"datetime": "2021-09-23 17:58:41", "elapsed": 79.139966, "delta": 0.742821}}
{"target": 0.40562875000243614, "params": {"C": 59.74437350753976, "epsilon": 0.23869572818180795, "gamma": 0.056629878193132824, "lamda": 0.6426322978854268}, "datetime": {"datetime": "2021-09-23 17:58:42", "elapsed": 79.818093, "delta": 0.678127}}
{"target": 0.4092301475365352, "params": {"C": 38.07146291796022, "epsilon": 0.3536514619276469, "gamma": 0.056656822030872196, "lamda": 0.10815980247441219}, "datetime": {"datetime": "2021-09-23 17:58:43", "elapsed": 80.736623, "delta": 0.91853}}
{"target": 0.370641954991225, "params": {"C": 84.09114955384689, "epsilon": 0.995545005010865, "gamma": 0.09421676374559318, "lamda": 0.8556421014316404}, "datetime": {"datetime": "2021-09-23 17:58:44", "elapsed": 81.476941, "delta": 0.740318}}
{"target": 0.40880683952252383, "params": {"C": 38.656680068936, "epsilon": 0.7402647810705285, "gamma": 0.05829446539044706, "lamda": 0.6705473902844264}, "datetime": {"datetime": "2021-09-23 17:58:45", "elapsed": 82.316661, "delta": 0.83972}}
{"target": 0.4200865042594447, "params": {"C": 84.74282618395573, "epsilon": 0.22709350168665093, "gamma": 0.03687299603507519, "lamda": 0.9899236925588822}, "datetime": {"datetime": "2021-09-23 17:58:45", "elapsed": 83.045013, "delta": 0.728352}}
{"target": 0.4061734880022718, "params": {"C": 28.89394909430993, "epsilon": 0.13427508718198466, "gamma": 0.06507372855973477, "lamda": 0.5772969182120788}, "datetime": {"datetime": "2021-09-23 17:58:46", "elapsed": 83.740013, "delta": 0.695}}
{"target": 0.4364317402243746, "params": {"C": 41.901329699353916, "epsilon": 0.8477266245193019, "gamma": 0.016432726292406392, "lamda": 0.005731444543713052}, "datetime": {"datetime": "2021-09-23 17:58:47", "elapsed": 84.699404, "delta": 0.959391}}
{"target": 0.4466901094274617, "params": {"C": 49.134973002157516, "epsilon": 0.7698953537607073, "gamma": 0.012123825452288045, "lamda": 0.8889205278902471}, "datetime": {"datetime": "2021-09-23 17:58:48", "elapsed": 85.527152, "delta": 0.827748}}
{"target": 0.3887777603898924, "params": {"C": 39.89082955990901, "epsilon": 0.6741601807629025, "gamma": 0.08158854780119619, "lamda": 0.47909677576477877}, "datetime": {"datetime": "2021-09-23 17:58:49", "elapsed": 86.242087, "delta": 0.714935}}
{"target": 0.4004747654449283, "params": {"C": 67.62882460682142, "epsilon": 0.5290799994353341, "gamma": 0.056687145899683926, "lamda": 0.4647610310323481}, "datetime": {"datetime": "2021-09-23 17:58:49", "elapsed": 86.888358, "delta": 0.646271}}
{"target": 0.42109177627147387, "params": {"C": 38.668566515041995, "epsilon": 0.7061333302842638, "gamma": 0.04528934034658806, "lamda": 0.7598357049735409}, "datetime": {"datetime": "2021-09-23 17:58:50", "elapsed": 87.647729, "delta": 0.759371}}
{"target": 0.41394137720820556, "params": {"C": 99.69574754351122, "epsilon": 0.9651259625113562, "gamma": 0.001, "lamda": 0.5609050189178703}, "datetime": {"datetime": "2021-09-23 17:58:51", "elapsed": 88.753548, "delta": 1.105819}}
{"target": 0.4418699208226651, "params": {"C": 81.4996089312911, "epsilon": 0.1616395115501435, "gamma": 0.007840978935058106, "lamda": 0.7523432436239181}, "datetime": {"datetime": "2021-09-23 17:58:52", "elapsed": 89.497266, "delta": 0.743718}}
{"target": 0.4003929258914005, "params": {"C": 73.74322383228319, "epsilon": 0.12193917719299817, "gamma": 0.0555723599988207, "lamda": 0.7955913909741856}, "datetime": {"datetime": "2021-09-23 17:58:52", "elapsed": 90.130707, "delta": 0.633441}}
{"target": 0.43105178295579694, "params": {"C": 71.2297551303316, "epsilon": 0.3735082456990588, "gamma": 0.03141203254522799, "lamda": 0.47295932535381896}, "datetime": {"datetime": "2021-09-23 17:58:53", "elapsed": 90.826708, "delta": 0.696001}}
{"target": 0.43616698660569575, "params": {"C": 42.18432406386771, "epsilon": 0.43723313904023636, "gamma": 0.0060612004748321225, "lamda": 0.6445560097061906}, "datetime": {"datetime": "2021-09-23 17:58:54", "elapsed": 91.642708, "delta": 0.816}}
{"target": 0.41572036459694117, "params": {"C": 33.42810223743817, "epsilon": 0.9411275613241548, "gamma": 0.05108887976389649, "lamda": 0.3704777454704027}, "datetime": {"datetime": "2021-09-23 17:58:55", "elapsed": 92.370707, "delta": 0.727999}}
{"target": 0.3876833973882511, "params": {"C": 49.11812130530711, "epsilon": 0.746029001628646, "gamma": 0.08178527455169102, "lamda": 0.8402923739488146}, "datetime": {"datetime": "2021-09-23 17:58:55", "elapsed": 93.105318, "delta": 0.734611}}
{"target": 0.37480106007310376, "params": {"C": 38.611338332204575, "epsilon": 0.6895646485149183, "gamma": 0.001, "lamda": 0.7035193932090987}, "datetime": {"datetime": "2021-09-23 17:58:56", "elapsed": 94.039418, "delta": 0.9341}}
{"target": 0.4088443648778578, "params": {"C": 67.65243421130188, "epsilon": 0.5294751664207564, "gamma": 0.05222816228069319, "lamda": 0.05730686274586723}, "datetime": {"datetime": "2021-09-23 17:58:57", "elapsed": 94.778455, "delta": 0.739037}}
{"target": 0.44063909748130137, "params": {"C": 42.30360337092512, "epsilon": 0.4745832430330218, "gamma": 0.018307564361297952, "lamda": 0.5931961798834311}, "datetime": {"datetime": "2021-09-23 17:58:58", "elapsed": 95.521483, "delta": 0.743028}}
{"target": 0.370345554354074, "params": {"C": 99.97583524348204, "epsilon": 0.9396046002007145, "gamma": 0.06979819238712494, "lamda": 0.2676222258149641}, "datetime": {"datetime": "2021-09-23 17:58:59", "elapsed": 96.338563, "delta": 0.81708}}
{"target": 0.403489536572594, "params": {"C": 51.12417297697676, "epsilon": 0.9697660567301816, "gamma": 0.06163347811942553, "lamda": 0.4929273056740592}, "datetime": {"datetime": "2021-09-23 17:59:00", "elapsed": 97.220419, "delta": 0.881856}}
{"target": 0.3920946270884411, "params": {"C": 48.43562842156792, "epsilon": 0.15546805966459515, "gamma": 0.07399425204276056, "lamda": 0.3715978214484331}, "datetime": {"datetime": "2021-09-23 17:59:00", "elapsed": 97.934422, "delta": 0.714003}}
{"target": 0.400345112160606, "params": {"C": 59.92128799633256, "epsilon": 0.3442403581216404, "gamma": 0.001, "lamda": 0.8291920399655117}, "datetime": {"datetime": "2021-09-23 17:59:01", "elapsed": 99.135102, "delta": 1.20068}}
{"target": 0.4321287772282628, "params": {"C": 59.85372512575955, "epsilon": 0.37743751605776343, "gamma": 0.03149130966845515, "lamda": 0.738205273092901}, "datetime": {"datetime": "2021-09-23 17:59:02", "elapsed": 99.848065, "delta": 0.712963}}
{"target": 0.4439142081250049, "params": {"C": 59.89238112591586, "epsilon": 0.33160242086090036, "gamma": 0.008504724148098216, "lamda": 0.7398096191602538}, "datetime": {"datetime": "2021-09-23 17:59:03", "elapsed": 100.77111, "delta": 0.923045}}
{"target": 0.4189586008758601, "params": {"C": 56.98589523306883, "epsilon": 0.8747657665390196, "gamma": 0.04367668548588678, "lamda": 0.455902955672575}, "datetime": {"datetime": "2021-09-23 17:59:04", "elapsed": 101.572069, "delta": 0.800959}}
{"target": 0.39856339159979537, "params": {"C": 43.44486444395602, "epsilon": 0.6589857474555239, "gamma": 0.06962357765874919, "lamda": 0.7658068029223475}, "datetime": {"datetime": "2021-09-23 17:59:05", "elapsed": 102.264663, "delta": 0.692594}}
{"target": 0.44895868077937284, "params": {"C": 88.40591266490587, "epsilon": 0.43281176503118374, "gamma": 0.011857295557225592, "lamda": 0.9312200832570348}, "datetime": {"datetime": "2021-09-23 17:59:05", "elapsed": 102.974837, "delta": 0.710174}}
{"target": 0.3953692135194725, "params": {"C": 34.695122291754444, "epsilon": 0.6430211271507191, "gamma": 0.07528422401835196, "lamda": 0.7538036470292871}, "datetime": {"datetime": "2021-09-23 17:59:06", "elapsed": 103.724647, "delta": 0.74981}}
{"target": 0.4422011157366301, "params": {"C": 59.90495945902645, "epsilon": 0.32447436780354366, "gamma": 0.020938491811893424, "lamda": 0.7772243363372208}, "datetime": {"datetime": "2021-09-23 17:59:07", "elapsed": 104.542519, "delta": 0.817872}}
{"target": 0.4351111982056288, "params": {"C": 70.1940353045811, "epsilon": 0.35050376020754115, "gamma": 0.027968720047783314, "lamda": 0.5424011435743413}, "datetime": {"datetime": "2021-09-23 17:59:08", "elapsed": 105.314481, "delta": 0.771962}}
{"target": 0.3942863534854216, "params": {"C": 81.44356926165327, "epsilon": 0.1628399681406255, "gamma": 0.05641439319105236, "lamda": 0.746133537902974}, "datetime": {"datetime": "2021-09-23 17:59:08", "elapsed": 106.109727, "delta": 0.795246}}
{"target": 0.408362808109363, "params": {"C": 51.1120365211761, "epsilon": 0.3204240907038378, "gamma": 0.05626556590399123, "lamda": 0.2752275724163955}, "datetime": {"datetime": "2021-09-23 17:59:09", "elapsed": 106.928676, "delta": 0.818949}}
