{"target": 0.39223392818483094, "params": {"C": 58.32696964750929, "epsilon": 0.9341663756040324, "gamma": 0.06795486822904842, "lamda": 0.01141087785437754}, "datetime": {"datetime": "2021-09-23 17:40:05", "elapsed": 399.381638, "delta": 2.331505}}
{"target": 0.4186299283881242, "params": {"C": 92.1465170503204, "epsilon": 1.0, "gamma": 0.001, "lamda": 0.28695542476371144}, "datetime": {"datetime": "2021-09-23 17:40:07", "elapsed": 401.817254, "delta": 2.435616}}
{"target": 0.4207834211141821, "params": {"C": 98.84370214254702, "epsilon": 0.5255048625788205, "gamma": 0.001, "lamda": 0.5433902705132573}, "datetime": {"datetime": "2021-09-23 17:40:10", "elapsed": 404.555539, "delta": 2.738285}}
{"target": 0.41372727928112973, "params": {"C": 75.71898868679271, "epsilon": 0.001, "gamma": 0.001, "lamda": 1.0}, "datetime": {"datetime": "2021-09-23 17:40:14", "elapsed": 408.856456, "delta": 4.300917}}
{"target": 0.31380236531210404, "params": {"C": 18.25984475999197, "epsilon": 0.001, "gamma": 0.001, "lamda": 0.001}, "datetime": {"datetime": "2021-09-23 17:40:17", "elapsed": 411.768069, "delta": 2.911613}}
{"target": 0.41478771579867735, "params": {"C": 91.92125916791308, "epsilon": 0.001, "gamma": 0.001, "lamda": 1.0}, "datetime": {"datetime": "2021-09-23 17:40:21", "elapsed": 415.19466, "delta": 3.426591}}
{"target": 0.41499740153025266, "params": {"C": 88.47942165039122, "epsilon": 0.001, "gamma": 0.001, "lamda": 1.0}, "datetime": {"datetime": "2021-09-23 17:40:24", "elapsed": 418.777177, "delta": 3.582517}}
{"target": 0.42150171829555316, "params": {"C": 58.094421428826436, "epsilon": 0.2568843178426418, "gamma": 0.041774645402347765, "lamda": 0.030028721803982136}, "datetime": {"datetime": "2021-09-23 17:40:28", "elapsed": 422.42034, "delta": 3.643163}}
{"target": 0.3983980858178917, "params": {"C": 57.4943982951072, "epsilon": 0.389285055255356, "gamma": 0.001, "lamda": 0.7445334236794903}, "datetime": {"datetime": "2021-09-23 17:40:31", "elapsed": 425.764516, "delta": 3.344176}}
{"target": 0.4134702342300125, "params": {"C": 81.91261011907405, "epsilon": 0.47124811313286386, "gamma": 0.001, "lamda": 0.5371710383524554}, "datetime": {"datetime": "2021-09-23 17:40:35", "elapsed": 429.263929, "delta": 3.499413}}
{"target": 0.39247308168349604, "params": {"C": 51.40544036934068, "epsilon": 1.0, "gamma": 0.001, "lamda": 0.001}, "datetime": {"datetime": "2021-09-23 17:40:38", "elapsed": 432.351204, "delta": 3.087275}}
{"target": 0.38198958615556444, "params": {"C": 81.70565146133967, "epsilon": 0.021731197410042098, "gamma": 0.06373117525770126, "lamda": 0.7490550786560732}, "datetime": {"datetime": "2021-09-23 17:57:22", "elapsed": 0.0, "delta": 0.0}}
{"target": 0.44234058093915873, "params": {"C": 59.880560984207236, "epsilon": 0.2255718488853168, "gamma": 0.020608223611202774, "lamda": 0.7607701814867598}, "datetime": {"datetime": "2021-09-23 17:57:23", "elapsed": 0.351584, "delta": 0.351584}}
{"target": 0.4020777085925691, "params": {"C": 33.52886692500284, "epsilon": 0.08925147435983626, "gamma": 0.06885062201841192, "lamda": 0.9534399528487416}, "datetime": {"datetime": "2021-09-23 17:57:23", "elapsed": 0.796518, "delta": 0.444934}}
{"target": 0.39673004820077484, "params": {"C": 20.315861306233156, "epsilon": 0.5126800711223909, "gamma": 0.08144947520355925, "lamda": 0.6129135407625588}, "datetime": {"datetime": "2021-09-23 17:57:23", "elapsed": 1.135516, "delta": 0.338998}}
{"target": 0.3616330267490806, "params": {"C": 77.74042539454396, "epsilon": 0.2925841921024625, "gamma": 0.09185963812878141, "lamda": 0.7148612076142928}, "datetime": {"datetime": "2021-09-23 17:57:24", "elapsed": 1.476519, "delta": 0.341003}}
{"target": 0.3970539076247197, "params": {"C": 55.22785650088643, "epsilon": 0.20724291281974105, "gamma": 0.0010030459705410331, "lamda": 0.8437395193690698}, "datetime": {"datetime": "2021-09-23 17:57:24", "elapsed": 2.081375, "delta": 0.604856}}
{"target": 0.4338372169721537, "params": {"C": 62.405869784717055, "epsilon": 0.2136314064818901, "gamma": 0.031073380035498765, "lamda": 0.6644005725934956}, "datetime": {"datetime": "2021-09-23 17:57:25", "elapsed": 2.567361, "delta": 0.485986}}
{"target": 0.45368123862106824, "params": {"C": 99.99287824922676, "epsilon": 0.9923830960645688, "gamma": 0.008917181894486342, "lamda": 0.48261876531959463}, "datetime": {"datetime": "2021-09-23 17:57:25", "elapsed": 3.165349, "delta": 0.597988}}
{"target": 0.3451317923937349, "params": {"C": 95.85917695473667, "epsilon": 0.001, "gamma": 0.08889068858098118, "lamda": 1.0}, "datetime": {"datetime": "2021-09-23 17:57:26", "elapsed": 3.67435, "delta": 0.509001}}
{"target": 0.3330654369364655, "params": {"C": 100.0, "epsilon": 0.001, "gamma": 0.1, "lamda": 1.0}, "datetime": {"datetime": "2021-09-23 17:57:26", "elapsed": 4.164813, "delta": 0.490463}}
{"target": 0.43568745187260716, "params": {"C": 59.831499205001506, "epsilon": 0.17211398850993045, "gamma": 0.028145764887932523, "lamda": 0.7281807246966875}, "datetime": {"datetime": "2021-09-23 17:57:27", "elapsed": 4.571951, "delta": 0.407138}}
{"target": 0.4150018470780542, "params": {"C": 99.98699943648151, "epsilon": 1.0, "gamma": 0.001, "lamda": 0.05078119884981929}, "datetime": {"datetime": "2021-09-23 17:57:27", "elapsed": 5.072801, "delta": 0.50085}}
{"target": 0.45412308465069207, "params": {"C": 99.64214507203073, "epsilon": 0.9718873390074835, "gamma": 0.012722870342441735, "lamda": 0.5316520230310657}, "datetime": {"datetime": "2021-09-23 17:57:28", "elapsed": 5.647804, "delta": 0.575003}}
{"target": 0.4347637122820177, "params": {"C": 60.19567508845292, "epsilon": 0.7777606733751434, "gamma": 0.027897130600532363, "lamda": 0.7621737110350906}, "datetime": {"datetime": "2021-09-23 17:57:29", "elapsed": 6.183434, "delta": 0.53563}}
{"target": 0.3773262438549858, "params": {"C": 60.459608859878735, "epsilon": 0.2532837193354872, "gamma": 0.08689762944180393, "lamda": 0.9964280605854811}, "datetime": {"datetime": "2021-09-23 17:57:29", "elapsed": 6.628372, "delta": 0.444938}}
{"target": 0.38221775010893067, "params": {"C": 59.9067613833498, "epsilon": 0.2136594341129467, "gamma": 0.0770145134387998, "lamda": 0.7083599620254152}, "datetime": {"datetime": "2021-09-23 17:57:29", "elapsed": 7.000372, "delta": 0.372}}
{"target": 0.41148834184027006, "params": {"C": 38.76784741966722, "epsilon": 0.13116976825260407, "gamma": 0.054878813776854767, "lamda": 0.8299345155347824}, "datetime": {"datetime": "2021-09-23 17:57:30", "elapsed": 7.441406, "delta": 0.441034}}
{"target": 0.4041367736456073, "params": {"C": 52.39390960575868, "epsilon": 0.0449463867332195, "gamma": 0.05945315477722209, "lamda": 0.7210470093871038}, "datetime": {"datetime": "2021-09-23 17:57:30", "elapsed": 7.807367, "delta": 0.365961}}
{"target": 0.4227290204841979, "params": {"C": 99.66596186352754, "epsilon": 0.8882536202528769, "gamma": 0.03693416109506976, "lamda": 0.5296688271222988}, "datetime": {"datetime": "2021-09-23 17:57:31", "elapsed": 8.270202, "delta": 0.462835}}
{"target": 0.44160130746369186, "params": {"C": 42.318626330576514, "epsilon": 0.4675696406013723, "gamma": 0.015362216645083429, "lamda": 0.5876215860049085}, "datetime": {"datetime": "2021-09-23 17:57:31", "elapsed": 8.723998, "delta": 0.453796}}
{"target": 0.41694255947569914, "params": {"C": 99.64453769787679, "epsilon": 0.9809902600398935, "gamma": 0.045347629340512584, "lamda": 0.5611884438338404}, "datetime": {"datetime": "2021-09-23 17:57:32", "elapsed": 9.215031, "delta": 0.491033}}
{"target": 0.39128043714276417, "params": {"C": 38.77836273916722, "epsilon": 0.100743315279789, "gamma": 0.07950945094082126, "lamda": 0.867691876487769}, "datetime": {"datetime": "2021-09-23 17:57:32", "elapsed": 9.647703, "delta": 0.432672}}
{"target": 0.3857195646689747, "params": {"C": 25.104337075951797, "epsilon": 0.3870203179613624, "gamma": 0.09880686576204636, "lamda": 0.21843662012273446}, "datetime": {"datetime": "2021-09-23 17:57:32", "elapsed": 10.060074, "delta": 0.412371}}
{"target": 0.4190554582136772, "params": {"C": 57.55291870930884, "epsilon": 0.9673346931028696, "gamma": 0.04526290024357037, "lamda": 0.160600298725654}, "datetime": {"datetime": "2021-09-23 17:57:33", "elapsed": 10.704427, "delta": 0.644353}}
{"target": 0.4017319092864965, "params": {"C": 42.343984102025274, "epsilon": 0.4767846847788478, "gamma": 0.06543860459002951, "lamda": 0.6083691727731504}, "datetime": {"datetime": "2021-09-23 17:57:33", "elapsed": 11.128389, "delta": 0.423962}}
{"target": 0.37267456882787, "params": {"C": 44.84248960589247, "epsilon": 0.33600185467739285, "gamma": 0.09968428145914938, "lamda": 0.44837147490898993}, "datetime": {"datetime": "2021-09-23 17:57:34", "elapsed": 11.511386, "delta": 0.382997}}
{"target": 0.36553291237051166, "params": {"C": 59.83045254281944, "epsilon": 0.16855816223604406, "gamma": 0.09837004941186757, "lamda": 0.731845616308715}, "datetime": {"datetime": "2021-09-23 17:57:34", "elapsed": 11.86204, "delta": 0.350654}}
{"target": 0.422619364262691, "params": {"C": 62.42535403642492, "epsilon": 0.2847168065721788, "gamma": 0.041526540344175765, "lamda": 0.6730597267006941}, "datetime": {"datetime": "2021-09-23 17:57:35", "elapsed": 12.2761, "delta": 0.41406}}
{"target": 0.38871693564023346, "params": {"C": 38.76063110672491, "epsilon": 0.16208065865902097, "gamma": 0.08235863805212006, "lamda": 0.8129390823940215}, "datetime": {"datetime": "2021-09-23 17:57:35", "elapsed": 12.648145, "delta": 0.372045}}
{"target": 0.37804788668364253, "params": {"C": 67.36687626584636, "epsilon": 0.7783929548149774, "gamma": 0.08383931230551202, "lamda": 0.6352001895899717}, "datetime": {"datetime": "2021-09-23 17:57:35", "elapsed": 13.076145, "delta": 0.428}}
{"target": 0.4077996366212897, "params": {"C": 42.90028229972441, "epsilon": 0.47651359662465886, "gamma": 0.0015875296640146127, "lamda": 0.013297793328351064}, "datetime": {"datetime": "2021-09-23 17:57:36", "elapsed": 13.566188, "delta": 0.490043}}
{"target": 0.38090404129165834, "params": {"C": 62.484320994711354, "epsilon": 0.2585565502944854, "gamma": 0.07756868936364528, "lamda": 0.6178475610549314}, "datetime": {"datetime": "2021-09-23 17:57:36", "elapsed": 13.938041, "delta": 0.371853}}
{"target": 0.4203243245019651, "params": {"C": 32.980482132773915, "epsilon": 0.23023284996254278, "gamma": 0.03527458643705465, "lamda": 0.02082346023566651}, "datetime": {"datetime": "2021-09-23 17:57:37", "elapsed": 14.451436, "delta": 0.513395}}
{"target": 0.37250617676050435, "params": {"C": 74.24878836354125, "epsilon": 0.6515829462360181, "gamma": 0.08130680245871284, "lamda": 0.25433835148904976}, "datetime": {"datetime": "2021-09-23 17:57:37", "elapsed": 14.934523, "delta": 0.483087}}
{"target": 0.4026581759194948, "params": {"C": 60.2102641178871, "epsilon": 0.7414722378297203, "gamma": 0.05978717658548226, "lamda": 0.7211204145960773}, "datetime": {"datetime": "2021-09-23 17:57:38", "elapsed": 15.317455, "delta": 0.382932}}
{"target": 0.4277769783139217, "params": {"C": 21.55696350479075, "epsilon": 0.6702376986054547, "gamma": 0.031039406968903352, "lamda": 0.9677421411770963}, "datetime": {"datetime": "2021-09-23 17:57:38", "elapsed": 15.702455, "delta": 0.385}}
{"target": 0.3945276498427287, "params": {"C": 62.42785402874566, "epsilon": 0.26488312154697785, "gamma": 0.0635923284600131, "lamda": 0.7242309949927711}, "datetime": {"datetime": "2021-09-23 17:57:39", "elapsed": 16.273339, "delta": 0.570884}}
{"target": 0.44485486355463355, "params": {"C": 59.888947702972466, "epsilon": 0.28076313318596036, "gamma": 0.016786676492953803, "lamda": 0.7522309097455755}, "datetime": {"datetime": "2021-09-23 17:57:39", "elapsed": 16.685202, "delta": 0.411863}}
{"target": 0.37129902772379364, "params": {"C": 71.2572279075244, "epsilon": 0.06728918851559694, "gamma": 0.08154960214715547, "lamda": 0.8983316464570378}, "datetime": {"datetime": "2021-09-23 17:57:39", "elapsed": 17.126193, "delta": 0.440991}}
{"target": 0.4014059341890118, "params": {"C": 35.82409407092983, "epsilon": 0.9041491511524973, "gamma": 0.06814258760919162, "lamda": 0.09607021617917788}, "datetime": {"datetime": "2021-09-23 17:57:40", "elapsed": 17.596202, "delta": 0.470009}}
{"target": 0.3847256840763422, "params": {"C": 32.29444125282043, "epsilon": 0.7933931066577246, "gamma": 0.09271520159928501, "lamda": 0.23281202562803588}, "datetime": {"datetime": "2021-09-23 17:57:40", "elapsed": 18.064019, "delta": 0.467817}}
{"target": 0.38132617219324716, "params": {"C": 62.404772455080455, "epsilon": 0.36541340711103254, "gamma": 0.0804280243381657, "lamda": 0.6708800995346776}, "datetime": {"datetime": "2021-09-23 17:57:41", "elapsed": 18.45462, "delta": 0.390601}}
{"target": 0.3815351353077364, "params": {"C": 60.16927314834425, "epsilon": 0.7573591061888841, "gamma": 0.08500310324508446, "lamda": 0.8470621822988115}, "datetime": {"datetime": "2021-09-23 17:57:41", "elapsed": 18.882032, "delta": 0.427412}}
{"target": 0.3805468444339233, "params": {"C": 67.47267852702407, "epsilon": 0.5397347610493934, "gamma": 0.07626761832829801, "lamda": 0.33651898247994305}, "datetime": {"datetime": "2021-09-23 17:57:42", "elapsed": 19.309648, "delta": 0.427616}}
{"target": 0.3692770006474685, "params": {"C": 87.57378430464844, "epsilon": 0.7151348919531788, "gamma": 0.07623080184619944, "lamda": 0.28507244023190165}, "datetime": {"datetime": "2021-09-23 17:57:42", "elapsed": 19.811691, "delta": 0.502043}}
{"target": 0.4402358846931338, "params": {"C": 62.420514532935, "epsilon": 0.24833265788368428, "gamma": 0.0077515556382349304, "lamda": 0.6314852248707757}, "datetime": {"datetime": "2021-09-23 17:57:43", "elapsed": 20.24216, "delta": 0.430469}}
{"target": 0.4118573739938184, "params": {"C": 28.627196474906114, "epsilon": 0.22168132914237512, "gamma": 0.05504902275714166, "lamda": 0.5243454311967547}, "datetime": {"datetime": "2021-09-23 17:57:43", "elapsed": 20.741116, "delta": 0.498956}}
{"target": 0.3918679051293943, "params": {"C": 33.636069347732345, "epsilon": 0.6341275679738119, "gamma": 0.08016395608114574, "lamda": 0.5576153835532349}, "datetime": {"datetime": "2021-09-23 17:57:44", "elapsed": 21.190115, "delta": 0.448999}}
{"target": 0.41134776446565713, "params": {"C": 21.55644876287484, "epsilon": 0.6896240191274199, "gamma": 0.05820600102784142, "lamda": 0.9894691153898872}, "datetime": {"datetime": "2021-09-23 17:57:44", "elapsed": 21.643116, "delta": 0.453001}}
{"target": 0.38704649837970195, "params": {"C": 99.67357726579864, "epsilon": 0.9501135673369013, "gamma": 0.06615078692362499, "lamda": 0.47743242643619394}, "datetime": {"datetime": "2021-09-23 17:57:44", "elapsed": 22.090406, "delta": 0.44729}}
{"target": 0.44190146635363126, "params": {"C": 99.73367424440146, "epsilon": 0.9407371139834503, "gamma": 0.02324129402822019, "lamda": 0.531916293721572}, "datetime": {"datetime": "2021-09-23 17:57:45", "elapsed": 22.619245, "delta": 0.528839}}
{"target": 0.40722285571769756, "params": {"C": 99.5710933377006, "epsilon": 0.934614528934128, "gamma": 0.050462865749661655, "lamda": 0.5211041757969801}, "datetime": {"datetime": "2021-09-23 17:57:45", "elapsed": 23.123239, "delta": 0.503994}}
{"target": 0.43432376512342385, "params": {"C": 21.54485908005786, "epsilon": 0.6290009009438406, "gamma": 0.015011948158907829, "lamda": 0.9740851820381009}, "datetime": {"datetime": "2021-09-23 17:57:46", "elapsed": 23.588245, "delta": 0.465006}}
{"target": 0.42276092406627697, "params": {"C": 52.39293227240654, "epsilon": 0.0366521092606679, "gamma": 0.04013620493586296, "lamda": 0.6824667616992154}, "datetime": {"datetime": "2021-09-23 17:57:46", "elapsed": 24.106497, "delta": 0.518252}}
{"target": 0.44606088255809506, "params": {"C": 99.73722206520777, "epsilon": 0.8927348883054353, "gamma": 0.015922903071716284, "lamda": 0.46725837965750666}, "datetime": {"datetime": "2021-09-23 17:57:47", "elapsed": 24.694004, "delta": 0.587507}}
{"target": 0.444919163983306, "params": {"C": 59.87790810528716, "epsilon": 0.3238237752479818, "gamma": 0.009551187210961248, "lamda": 0.8285439840186599}, "datetime": {"datetime": "2021-09-23 17:57:48", "elapsed": 25.305584, "delta": 0.61158}}
{"target": 0.40076818826325, "params": {"C": 59.8565270126439, "epsilon": 0.26935055647686434, "gamma": 0.001, "lamda": 0.7981268575049641}, "datetime": {"datetime": "2021-09-23 17:57:48", "elapsed": 25.910266, "delta": 0.604682}}
{"target": 0.4374702799988608, "params": {"C": 42.34841906401661, "epsilon": 0.42131875106664995, "gamma": 0.02468414356111489, "lamda": 0.6131307686262207}, "datetime": {"datetime": "2021-09-23 17:57:49", "elapsed": 26.502234, "delta": 0.591968}}
{"target": 0.4350981536565708, "params": {"C": 42.3587907530849, "epsilon": 0.4267604320293482, "gamma": 0.028613380433728977, "lamda": 0.6505633104354424}, "datetime": {"datetime": "2021-09-23 17:57:49", "elapsed": 27.106405, "delta": 0.604171}}
{"target": 0.44141959935327824, "params": {"C": 38.63350698122264, "epsilon": 0.7321085329611898, "gamma": 0.018451228962481515, "lamda": 0.6855310787088634}, "datetime": {"datetime": "2021-09-23 17:57:50", "elapsed": 27.629366, "delta": 0.522961}}
{"target": 0.40580155564070064, "params": {"C": 42.357243143318726, "epsilon": 0.444727471943903, "gamma": 0.061077434638349644, "lamda": 0.6624225758240719}, "datetime": {"datetime": "2021-09-23 17:57:50", "elapsed": 28.169243, "delta": 0.539877}}
{"target": 0.44208639491168367, "params": {"C": 99.74101313036137, "epsilon": 0.7947935915965892, "gamma": 0.018753332718241904, "lamda": 0.49523321916676116}, "datetime": {"datetime": "2021-09-23 17:57:51", "elapsed": 28.755452, "delta": 0.586209}}
{"target": 0.4254237560694255, "params": {"C": 99.65919153716756, "epsilon": 0.852295937401938, "gamma": 0.032494048044711836, "lamda": 0.4703989545624205}, "datetime": {"datetime": "2021-09-23 17:57:52", "elapsed": 29.489296, "delta": 0.733844}}
{"target": 0.43130503873965587, "params": {"C": 81.53710775165214, "epsilon": 0.1886021907944591, "gamma": 0.029786286127549806, "lamda": 0.7137680665676533}, "datetime": {"datetime": "2021-09-23 17:57:52", "elapsed": 30.020482, "delta": 0.531186}}
{"target": 0.36653766337237315, "params": {"C": 81.08621209013126, "epsilon": 0.39856526165355405, "gamma": 0.08127649023127038, "lamda": 0.2328308452862126}, "datetime": {"datetime": "2021-09-23 17:57:53", "elapsed": 30.506116, "delta": 0.485634}}
{"target": 0.355281801012424, "params": {"C": 87.67028856895857, "epsilon": 0.23373402703511997, "gamma": 0.09272659833841258, "lamda": 0.9026096695618472}, "datetime": {"datetime": "2021-09-23 17:57:53", "elapsed": 30.925478, "delta": 0.419362}}
{"target": 0.40176403250719195, "params": {"C": 59.93263856524794, "epsilon": 0.250479053288422, "gamma": 0.05821520408126025, "lamda": 0.8365986473556736}, "datetime": {"datetime": "2021-09-23 17:57:54", "elapsed": 31.408472, "delta": 0.482994}}
{"target": 0.3829683194075506, "params": {"C": 53.72633808074579, "epsilon": 0.7626931762068215, "gamma": 0.08424358533864049, "lamda": 0.5358735792810686}, "datetime": {"datetime": "2021-09-23 17:57:54", "elapsed": 31.88314, "delta": 0.474668}}
{"target": 0.44229478185676907, "params": {"C": 99.76228453832343, "epsilon": 0.8343685414642696, "gamma": 0.0030524102233028946, "lamda": 0.5607543803887892}, "datetime": {"datetime": "2021-09-23 17:57:55", "elapsed": 32.443423, "delta": 0.560283}}
{"target": 0.41396268667325786, "params": {"C": 33.41806746868279, "epsilon": 0.9521977917578793, "gamma": 0.053202697887374154, "lamda": 0.37001624670043864}, "datetime": {"datetime": "2021-09-23 17:57:55", "elapsed": 33.017262, "delta": 0.573839}}
{"target": 0.4327376900771709, "params": {"C": 99.71622883729327, "epsilon": 0.860005211029438, "gamma": 0.001804193144695048, "lamda": 0.4619477269184473}, "datetime": {"datetime": "2021-09-23 17:57:56", "elapsed": 33.738229, "delta": 0.720967}}
{"target": 0.454375778346945, "params": {"C": 99.9836893188974, "epsilon": 0.9960415161829135, "gamma": 0.014461196376101108, "lamda": 0.5577970301837724}, "datetime": {"datetime": "2021-09-23 17:57:57", "elapsed": 34.266967, "delta": 0.528738}}
{"target": 0.41629318194451626, "params": {"C": 42.382485228215316, "epsilon": 0.5002333360718025, "gamma": 0.0025943667489213154, "lamda": 0.5029575733511658}, "datetime": {"datetime": "2021-09-23 17:57:57", "elapsed": 35.152963, "delta": 0.885996}}
{"target": 0.4229386650309317, "params": {"C": 51.35604243305893, "epsilon": 0.009253851895886064, "gamma": 0.005494458227009835, "lamda": 0.6179366918887795}, "datetime": {"datetime": "2021-09-23 17:57:58", "elapsed": 35.857001, "delta": 0.704038}}
{"target": 0.44479412322000267, "params": {"C": 59.909998265556005, "epsilon": 0.35014651840731453, "gamma": 0.01660590606244036, "lamda": 0.7825124232257195}, "datetime": {"datetime": "2021-09-23 17:57:59", "elapsed": 36.587614, "delta": 0.730613}}
{"target": 0.4463349645259864, "params": {"C": 49.10219348374223, "epsilon": 0.7156549843862755, "gamma": 0.01180397783664993, "lamda": 0.9163377397860643}, "datetime": {"datetime": "2021-09-23 17:57:59", "elapsed": 37.150586, "delta": 0.562972}}
{"target": 0.386254491584333, "params": {"C": 99.96180840027841, "epsilon": 0.9263102626633715, "gamma": 0.06667038032560796, "lamda": 0.4859704188436541}, "datetime": {"datetime": "2021-09-23 17:58:00", "elapsed": 37.861593, "delta": 0.711007}}
{"target": 0.4071892711384194, "params": {"C": 59.829463829480005, "epsilon": 0.333627046640586, "gamma": 0.0533319819612988, "lamda": 0.8159585811018917}, "datetime": {"datetime": "2021-09-23 17:58:01", "elapsed": 38.4661, "delta": 0.604507}}
{"target": 0.44383699799214305, "params": {"C": 94.15826412030923, "epsilon": 0.9522555742455784, "gamma": 0.009560741843880022, "lamda": 0.10239878758536837}, "datetime": {"datetime": "2021-09-23 17:58:02", "elapsed": 39.309987, "delta": 0.843887}}
