{"target": 0.46823884419660555, "params": {"C": 278.2512037310225, "epsilon": 0.9769617126621353, "gamma": 0.009414195735950566, "lamda": 0.7303688175202953}, "datetime": {"datetime": "2021-09-23 20:58:31", "elapsed": 585.40899, "delta": 2.389697}}
{"target": 0.4680850306416876, "params": {"C": 310.64778663898005, "epsilon": 0.7054525769201533, "gamma": 0.01120841969051436, "lamda": 0.5732404545634144}, "datetime": {"datetime": "2021-09-23 20:58:34", "elapsed": 587.723792, "delta": 2.314802}}
{"target": 0.46874162291384946, "params": {"C": 307.62865240915625, "epsilon": 0.8944934771770408, "gamma": 0.007807650980158497, "lamda": 0.6343936726705341}, "datetime": {"datetime": "2021-09-23 20:58:36", "elapsed": 589.923204, "delta": 2.199412}}
{"target": 0.46833922069734246, "params": {"C": 270.3987592837301, "epsilon": 0.9211723585177318, "gamma": 0.00812657420310742, "lamda": 0.6975932041959625}, "datetime": {"datetime": "2021-09-23 20:58:38", "elapsed": 592.470984, "delta": 2.54778}}
{"target": 0.4674991227830787, "params": {"C": 259.93609637809203, "epsilon": 0.7263753510454062, "gamma": 0.00828740955401128, "lamda": 0.5088495861910168}, "datetime": {"datetime": "2021-09-23 20:58:41", "elapsed": 595.190316, "delta": 2.719332}}
{"target": 0.46950100487729396, "params": {"C": 287.23414274135024, "epsilon": 0.7100479289593538, "gamma": 0.008162636468012805, "lamda": 0.6472961619031512}, "datetime": {"datetime": "2021-09-23 20:58:44", "elapsed": 597.723947, "delta": 2.533631}}
{"target": 0.4665424734169309, "params": {"C": 315.9342703587471, "epsilon": 0.7265316245614457, "gamma": 0.005630573865098602, "lamda": 0.7263896853442973}, "datetime": {"datetime": "2021-09-23 20:58:46", "elapsed": 600.083852, "delta": 2.359905}}
{"target": 0.4681790668190108, "params": {"C": 313.08277733856244, "epsilon": 0.8328598585308884, "gamma": 0.006295756316712121, "lamda": 0.5605152945634211}, "datetime": {"datetime": "2021-09-23 20:58:49", "elapsed": 602.644621, "delta": 2.560769}}
{"target": 0.46945067270454455, "params": {"C": 324.5724003888969, "epsilon": 0.7285603465831256, "gamma": 0.008864717434266107, "lamda": 0.6699234687734047}, "datetime": {"datetime": "2021-09-23 20:58:51", "elapsed": 605.118487, "delta": 2.473866}}
{"target": 0.4691183332923613, "params": {"C": 283.98909948675833, "epsilon": 0.9568979228189296, "gamma": 0.008666267778423227, "lamda": 0.5814944169227064}, "datetime": {"datetime": "2021-09-23 20:58:54", "elapsed": 607.546453, "delta": 2.427966}}
{"target": 0.46687550815646894, "params": {"C": 298.7008025092032, "epsilon": 0.7716144236763509, "gamma": 0.012628375846537927, "lamda": 0.5479619797988907}, "datetime": {"datetime": "2021-09-23 20:58:56", "elapsed": 609.862781, "delta": 2.316328}}
{"target": 0.4653007935175576, "params": {"C": 327.07300735187613, "epsilon": 0.7204398467874608, "gamma": 0.014018547158350065, "lamda": 0.5811332192415725}, "datetime": {"datetime": "2021-09-23 20:58:59", "elapsed": 612.549966, "delta": 2.687185}}
{"target": 0.4669629133003006, "params": {"C": 242.6404730292984, "epsilon": 0.7524620778676049, "gamma": 0.010666341831557888, "lamda": 0.5524219516449913}, "datetime": {"datetime": "2021-09-23 20:59:02", "elapsed": 616.014575, "delta": 3.464609}}
{"target": 0.4661473355357748, "params": {"C": 345.1735329588857, "epsilon": 0.8327169101388759, "gamma": 0.013471331042313135, "lamda": 0.5259593206083801}, "datetime": {"datetime": "2021-09-23 20:59:04", "elapsed": 618.263836, "delta": 2.249261}}
{"target": 0.4668613222636142, "params": {"C": 250.70525157293667, "epsilon": 0.9907124900953996, "gamma": 0.013480100741023546, "lamda": 0.5964819427865375}, "datetime": {"datetime": "2021-09-23 20:59:07", "elapsed": 620.95063, "delta": 2.686794}}
{"target": 0.46816320408861123, "params": {"C": 291.6587891906113, "epsilon": 0.9557482684486291, "gamma": 0.009127904921447976, "lamda": 0.7494677793167406}, "datetime": {"datetime": "2021-09-23 20:59:10", "elapsed": 623.540298, "delta": 2.589668}}
{"target": 0.4692329184763053, "params": {"C": 301.8635852155576, "epsilon": 0.7512176664024753, "gamma": 0.008774626916442919, "lamda": 0.7249437363718868}, "datetime": {"datetime": "2021-09-23 20:59:12", "elapsed": 626.289206, "delta": 2.748908}}
{"target": 0.46692524547748815, "params": {"C": 303.61060697788207, "epsilon": 0.977158750660681, "gamma": 0.006965499927940782, "lamda": 0.7013671585572447}, "datetime": {"datetime": "2021-09-23 20:59:16", "elapsed": 629.603893, "delta": 3.314687}}
{"target": 0.4690462750879123, "params": {"C": 309.8528488708723, "epsilon": 0.9538246108572974, "gamma": 0.009862669102092771, "lamda": 0.5893895480094267}, "datetime": {"datetime": "2021-09-23 20:59:18", "elapsed": 632.058487, "delta": 2.454594}}
{"target": 0.467952517799482, "params": {"C": 325.0231622541193, "epsilon": 0.713596644249282, "gamma": 0.011551616736166693, "lamda": 0.5752902302747444}, "datetime": {"datetime": "2021-09-23 20:59:22", "elapsed": 636.000165, "delta": 3.941678}}
{"target": 0.4670392399077705, "params": {"C": 305.88065282831275, "epsilon": 0.8174424926971249, "gamma": 0.005903886261979994, "lamda": 0.6447441173665635}, "datetime": {"datetime": "2021-09-23 20:59:26", "elapsed": 639.622242, "delta": 3.622077}}
{"target": 0.46868769117628584, "params": {"C": 319.2888939909884, "epsilon": 0.7326063676298075, "gamma": 0.011010088482827123, "lamda": 0.7348555890055818}, "datetime": {"datetime": "2021-09-23 20:59:30", "elapsed": 644.178249, "delta": 4.556007}}
{"target": 0.4660980238565696, "params": {"C": 250.46806267635444, "epsilon": 0.8362330909085176, "gamma": 0.014459622061315618, "lamda": 0.7718084802183374}, "datetime": {"datetime": "2021-09-23 20:59:33", "elapsed": 647.399008, "delta": 3.220759}}
{"target": 0.46859169178975946, "params": {"C": 346.2324805298774, "epsilon": 0.7443525383972237, "gamma": 0.010807175863351783, "lamda": 0.5543583735792234}, "datetime": {"datetime": "2021-09-23 20:59:38", "elapsed": 652.102077, "delta": 4.703069}}
{"target": 0.4653503668054846, "params": {"C": 276.89571067392933, "epsilon": 0.8341879488460693, "gamma": 0.014627214321089307, "lamda": 0.5984375611218593}, "datetime": {"datetime": "2021-09-23 20:59:41", "elapsed": 655.494043, "delta": 3.391966}}
{"target": 0.46746937161383173, "params": {"C": 313.9294791532326, "epsilon": 0.751887831169868, "gamma": 0.012779808607738162, "lamda": 0.7675959492146344}, "datetime": {"datetime": "2021-09-23 20:59:44", "elapsed": 658.125339, "delta": 2.631296}}
{"target": 0.4691438388422018, "params": {"C": 331.1125115199951, "epsilon": 0.7368680820731635, "gamma": 0.009421133942565264, "lamda": 0.7687266671005746}, "datetime": {"datetime": "2021-09-23 20:59:47", "elapsed": 660.61534, "delta": 2.490001}}
{"target": 0.4668675635519539, "params": {"C": 310.9928322768159, "epsilon": 0.7996954569611265, "gamma": 0.006160281325954738, "lamda": 0.7292520607590967}, "datetime": {"datetime": "2021-09-23 20:59:49", "elapsed": 663.152925, "delta": 2.537585}}
{"target": 0.46882436586342724, "params": {"C": 320.5820114447456, "epsilon": 0.9975323859028339, "gamma": 0.010713626903090943, "lamda": 0.5145697796619265}, "datetime": {"datetime": "2021-09-23 20:59:52", "elapsed": 665.61463, "delta": 2.461705}}
{"target": 0.4682971216232684, "params": {"C": 323.0049374980147, "epsilon": 0.8649018748213736, "gamma": 0.011540781793893574, "lamda": 0.5719651449916281}, "datetime": {"datetime": "2021-09-23 20:59:54", "elapsed": 668.499629, "delta": 2.884999}}
{"target": 0.4660689678414697, "params": {"C": 328.39642163812664, "epsilon": 0.8179510552411818, "gamma": 0.014397669737483004, "lamda": 0.7299152272286351}, "datetime": {"datetime": "2021-09-23 20:59:57", "elapsed": 671.270026, "delta": 2.770397}}
{"target": 0.4687782195044674, "params": {"C": 266.05397267633475, "epsilon": 0.7146434484077004, "gamma": 0.006999062649517398, "lamda": 0.6445033693553763}, "datetime": {"datetime": "2021-09-23 21:00:01", "elapsed": 675.068088, "delta": 3.798062}}
{"target": 0.4687477245217332, "params": {"C": 240.02847764289575, "epsilon": 0.7995437841154882, "gamma": 0.009205677568269613, "lamda": 0.5786043372242634}, "datetime": {"datetime": "2021-09-23 21:00:04", "elapsed": 677.704567, "delta": 2.636479}}
{"target": 0.46715348243891475, "params": {"C": 291.3379629827646, "epsilon": 0.8725719099128847, "gamma": 0.013145680180483503, "lamda": 0.7586790147279983}, "datetime": {"datetime": "2021-09-23 21:00:06", "elapsed": 680.376101, "delta": 2.671534}}
{"target": 0.4664292195094988, "params": {"C": 330.5201441698538, "epsilon": 0.8334217460806173, "gamma": 0.013681088819120325, "lamda": 0.608558972070603}, "datetime": {"datetime": "2021-09-23 21:00:09", "elapsed": 683.123056, "delta": 2.746955}}
{"target": 0.4675342016857179, "params": {"C": 324.5103783488598, "epsilon": 0.9345752676032902, "gamma": 0.01266063761715837, "lamda": 0.6562862129081464}, "datetime": {"datetime": "2021-09-23 21:00:11", "elapsed": 685.490341, "delta": 2.367285}}
{"target": 0.4672921857308584, "params": {"C": 339.9374124820428, "epsilon": 0.8730141976737806, "gamma": 0.0060458622627626545, "lamda": 0.6006682268370073}, "datetime": {"datetime": "2021-09-23 21:00:14", "elapsed": 688.136344, "delta": 2.646003}}
{"target": 0.46767303694306694, "params": {"C": 311.32150308142496, "epsilon": 0.9114996265397036, "gamma": 0.005939961869358811, "lamda": 0.5122221243743997}, "datetime": {"datetime": "2021-09-23 21:00:17", "elapsed": 690.532747, "delta": 2.396403}}
{"target": 0.4693983404847596, "params": {"C": 277.6764731080832, "epsilon": 0.7343804662643811, "gamma": 0.008140898579600894, "lamda": 0.6145741886230631}, "datetime": {"datetime": "2021-09-23 21:00:19", "elapsed": 693.03287, "delta": 2.500123}}
{"target": 0.46764740857673126, "params": {"C": 267.0244101907752, "epsilon": 0.7955969254334273, "gamma": 0.006951621668266062, "lamda": 0.7712084145066405}, "datetime": {"datetime": "2021-09-23 21:00:23", "elapsed": 696.56467, "delta": 3.5318}}
{"target": 0.468832941402865, "params": {"C": 321.9467886541885, "epsilon": 0.785333206644079, "gamma": 0.009149037714904003, "lamda": 0.7938820290107897}, "datetime": {"datetime": "2021-09-23 21:00:25", "elapsed": 698.953627, "delta": 2.388957}}
{"target": 0.46773334498744046, "params": {"C": 310.9014966074397, "epsilon": 0.8864122205456713, "gamma": 0.006655470927399408, "lamda": 0.639644692642074}, "datetime": {"datetime": "2021-09-23 21:00:28", "elapsed": 702.21083, "delta": 3.257203}}
{"target": 0.4687650289830715, "params": {"C": 327.62452659758367, "epsilon": 0.7225026156587745, "gamma": 0.010880374941602705, "lamda": 0.6762017312169695}, "datetime": {"datetime": "2021-09-23 21:00:31", "elapsed": 704.59464, "delta": 2.38381}}
{"target": 0.4684587990885791, "params": {"C": 242.24117617006436, "epsilon": 0.9732280155001187, "gamma": 0.009582864542877424, "lamda": 0.7020928206510496}, "datetime": {"datetime": "2021-09-23 21:00:33", "elapsed": 707.092132, "delta": 2.497492}}
{"target": 0.4659213825103613, "params": {"C": 311.33059779793524, "epsilon": 0.9993381839607897, "gamma": 0.014433304150658348, "lamda": 0.5732674555423468}, "datetime": {"datetime": "2021-09-23 21:00:35", "elapsed": 709.328803, "delta": 2.236671}}
{"target": 0.46761220585329377, "params": {"C": 246.42448458815073, "epsilon": 0.961533860887851, "gamma": 0.008028428832145083, "lamda": 0.7486061921174346}, "datetime": {"datetime": "2021-09-23 21:00:38", "elapsed": 711.672421, "delta": 2.343618}}
{"target": 0.46562626404781904, "params": {"C": 243.2456098182624, "epsilon": 0.7941041271566054, "gamma": 0.01454578011402708, "lamda": 0.6621887904009945}, "datetime": {"datetime": "2021-09-23 21:00:42", "elapsed": 715.808167, "delta": 4.135746}}
{"target": 0.4668299483792999, "params": {"C": 279.7946226001741, "epsilon": 0.8030860429466767, "gamma": 0.013271752791119341, "lamda": 0.6281120591038758}, "datetime": {"datetime": "2021-09-23 21:00:45", "elapsed": 718.71792, "delta": 2.909753}}
{"target": 0.46847025228962047, "params": {"C": 338.99792434206813, "epsilon": 0.9332355712140914, "gamma": 0.009031643414506244, "lamda": 0.7191237729916096}, "datetime": {"datetime": "2021-09-23 21:00:48", "elapsed": 721.805439, "delta": 3.087519}}
{"target": 0.46823512497713593, "params": {"C": 465.6980964900119, "epsilon": 0.7062255848078204, "gamma": 0.011702834114336478, "lamda": 0.7246411647615836}, "datetime": {"datetime": "2021-09-23 21:07:55", "elapsed": 0.0, "delta": 0.0}}
{"target": 0.46881460468545255, "params": {"C": 424.77605184538857, "epsilon": 0.7674389936592543, "gamma": 0.007782565782836616, "lamda": 0.7281592136596877}, "datetime": {"datetime": "2021-09-23 21:07:56", "elapsed": 0.230001, "delta": 0.230001}}
{"target": 0.46793850020813055, "params": {"C": 375.36662548438034, "epsilon": 0.726501944252203, "gamma": 0.012168238365310176, "lamda": 0.786018003858481}, "datetime": {"datetime": "2021-09-23 21:07:56", "elapsed": 0.461998, "delta": 0.231997}}
{"target": 0.46701611175302193, "params": {"C": 350.59223994918716, "epsilon": 0.853657679015733, "gamma": 0.013313588654869021, "lamda": 0.6837578200488165}, "datetime": {"datetime": "2021-09-23 21:07:56", "elapsed": 0.744997, "delta": 0.282999}}
{"target": 0.46610275319479944, "params": {"C": 458.26329761476995, "epsilon": 0.78756282045119, "gamma": 0.01425996710261649, "lamda": 0.7143727350193072}, "datetime": {"datetime": "2021-09-23 21:07:56", "elapsed": 0.961002, "delta": 0.216005}}
{"target": 0.4690006589867045, "params": {"C": 384.50489464037287, "epsilon": 0.7570165886657998, "gamma": 0.010220001804711519, "lamda": 0.5398042601811711}, "datetime": {"datetime": "2021-09-23 21:07:57", "elapsed": 1.345, "delta": 0.383998}}
{"target": 0.4680906470995, "params": {"C": 389.1230866337047, "epsilon": 0.7591977015971454, "gamma": 0.006797029732471086, "lamda": 0.7221390185938291}, "datetime": {"datetime": "2021-09-23 21:07:57", "elapsed": 1.644007, "delta": 0.299007}}
{"target": 0.4663800652538097, "params": {"C": 381.68384329313716, "epsilon": 0.9575032279587863, "gamma": 0.013965208604344505, "lamda": 0.595282734458708}, "datetime": {"datetime": "2021-09-23 21:07:57", "elapsed": 2.010999, "delta": 0.366992}}
{"target": 0.4642899924024846, "params": {"C": 384.3994678637217, "epsilon": 0.7572681805577276, "gamma": 0.014638229310355322, "lamda": 0.536583977935591}, "datetime": {"datetime": "2021-09-23 21:07:58", "elapsed": 2.299001, "delta": 0.288002}}
{"target": 0.4675413917143115, "params": {"C": 441.50009237573227, "epsilon": 0.9766855652883952, "gamma": 0.012385244809145754, "lamda": 0.7252684851800832}, "datetime": {"datetime": "2021-09-23 21:07:58", "elapsed": 2.686001, "delta": 0.387}}
{"target": 0.46801220817356315, "params": {"C": 473.7949230615262, "epsilon": 0.8598938456423705, "gamma": 0.008080575546103533, "lamda": 0.7909880431628717}, "datetime": {"datetime": "2021-09-23 21:07:58", "elapsed": 3.038998, "delta": 0.352997}}
{"target": 0.4688657825228868, "params": {"C": 464.6445970825205, "epsilon": 0.8225859915112113, "gamma": 0.010674547756244112, "lamda": 0.6290375636450375}, "datetime": {"datetime": "2021-09-23 21:07:59", "elapsed": 3.346999, "delta": 0.308001}}
{"target": 0.46956969112464675, "params": {"C": 356.14459806589366, "epsilon": 0.7679502324279366, "gamma": 0.008930820905792697, "lamda": 0.5564995086515991}, "datetime": {"datetime": "2021-09-23 21:07:59", "elapsed": 3.681, "delta": 0.334001}}
{"target": 0.4691852773824956, "params": {"C": 463.25328742629, "epsilon": 0.829012730854596, "gamma": 0.009977834872568756, "lamda": 0.6019908018012083}, "datetime": {"datetime": "2021-09-23 21:07:59", "elapsed": 4.015, "delta": 0.334}}
{"target": 0.46845209151563116, "params": {"C": 450.4460694921454, "epsilon": 0.7756362731342391, "gamma": 0.007823016130464669, "lamda": 0.7856344723784013}, "datetime": {"datetime": "2021-09-23 21:08:00", "elapsed": 4.352998, "delta": 0.337998}}
{"target": 0.46805448840712705, "params": {"C": 457.38186017947066, "epsilon": 0.7802904539501551, "gamma": 0.006815366235057711, "lamda": 0.7101394167100195}, "datetime": {"datetime": "2021-09-23 21:08:00", "elapsed": 4.684999, "delta": 0.332001}}
{"target": 0.46872534991183035, "params": {"C": 385.189713911876, "epsilon": 0.7390900204962775, "gamma": 0.010898073979714068, "lamda": 0.7489292839443791}, "datetime": {"datetime": "2021-09-23 21:08:00", "elapsed": 5.002006, "delta": 0.317007}}
{"target": 0.4685082249482968, "params": {"C": 410.73858051079753, "epsilon": 0.7131971131330989, "gamma": 0.011313923161565645, "lamda": 0.7162303331492804}, "datetime": {"datetime": "2021-09-23 21:08:01", "elapsed": 5.301001, "delta": 0.298995}}
{"target": 0.46806620199761273, "params": {"C": 421.8393602226199, "epsilon": 0.8280039006296374, "gamma": 0.011753541973213787, "lamda": 0.786973226463813}, "datetime": {"datetime": "2021-09-23 21:08:01", "elapsed": 5.648, "delta": 0.346999}}
{"target": 0.4683954542644707, "params": {"C": 391.84742436983095, "epsilon": 0.8401110031835952, "gamma": 0.007305656058643948, "lamda": 0.6761626384399125}, "datetime": {"datetime": "2021-09-23 21:08:01", "elapsed": 5.989998, "delta": 0.341998}}
{"target": 0.4685595027684085, "params": {"C": 444.1024575005042, "epsilon": 0.9506602547242674, "gamma": 0.010501610139730493, "lamda": 0.6800697164297363}, "datetime": {"datetime": "2021-09-23 21:08:02", "elapsed": 6.337001, "delta": 0.347003}}
{"target": 0.4693890229309633, "params": {"C": 446.00746592193155, "epsilon": 0.7791706830173003, "gamma": 0.007403767720468258, "lamda": 0.5480122651747086}, "datetime": {"datetime": "2021-09-23 21:08:02", "elapsed": 6.668006, "delta": 0.331005}}
{"target": 0.46467523407015543, "params": {"C": 359.5706320174096, "epsilon": 0.8159220174058145, "gamma": 0.014891533251095122, "lamda": 0.5652962823191395}, "datetime": {"datetime": "2021-09-23 21:08:02", "elapsed": 7.015996, "delta": 0.34799}}
{"target": 0.4690607271671319, "params": {"C": 420.4117225799541, "epsilon": 0.9901905985293903, "gamma": 0.010023900022142759, "lamda": 0.5479280176353315}, "datetime": {"datetime": "2021-09-23 21:08:03", "elapsed": 7.389998, "delta": 0.374002}}
{"target": 0.46474552042029205, "params": {"C": 429.703739998575, "epsilon": 0.7590356431103777, "gamma": 0.014499946199995511, "lamda": 0.5595044260868802}, "datetime": {"datetime": "2021-09-23 21:08:03", "elapsed": 7.753837, "delta": 0.363839}}
{"target": 0.4650314414459643, "params": {"C": 396.5796680110484, "epsilon": 0.8006011575607787, "gamma": 0.014971298314468124, "lamda": 0.634345788260958}, "datetime": {"datetime": "2021-09-23 21:08:03", "elapsed": 8.097873, "delta": 0.344036}}
{"target": 0.46802226358991383, "params": {"C": 363.59854005518935, "epsilon": 0.7786688581052671, "gamma": 0.006572552589781814, "lamda": 0.6761094682768288}, "datetime": {"datetime": "2021-09-23 21:08:04", "elapsed": 8.442849, "delta": 0.344976}}
{"target": 0.4663782720413927, "params": {"C": 450.202358830378, "epsilon": 0.9831892585641441, "gamma": 0.014081015129550178, "lamda": 0.7249039263144443}, "datetime": {"datetime": "2021-09-23 21:08:04", "elapsed": 8.823838, "delta": 0.380989}}
{"target": 0.46820516603210693, "params": {"C": 456.4567264027437, "epsilon": 0.7624502884987345, "gamma": 0.011760022666615702, "lamda": 0.6960965866311752}, "datetime": {"datetime": "2021-09-23 21:08:04", "elapsed": 9.145835, "delta": 0.321997}}
{"target": 0.4668631204783257, "params": {"C": 438.8128929984619, "epsilon": 0.9334513377822755, "gamma": 0.013530846573228365, "lamda": 0.6904505073843759}, "datetime": {"datetime": "2021-09-23 21:08:05", "elapsed": 9.50254, "delta": 0.356705}}
{"target": 0.4681901770047101, "params": {"C": 392.93802931198326, "epsilon": 0.8427968758632609, "gamma": 0.006053411787637692, "lamda": 0.5036930310295349}, "datetime": {"datetime": "2021-09-23 21:08:05", "elapsed": 9.879061, "delta": 0.376521}}
{"target": 0.46653945439577116, "params": {"C": 357.8218091800013, "epsilon": 0.8858092006687759, "gamma": 0.006053199561677383, "lamda": 0.6741482408765231}, "datetime": {"datetime": "2021-09-23 21:08:06", "elapsed": 10.276057, "delta": 0.396996}}
{"target": 0.4694993274577388, "params": {"C": 374.3384039989511, "epsilon": 0.7688386936824453, "gamma": 0.009115871494277696, "lamda": 0.5059529910617617}, "datetime": {"datetime": "2021-09-23 21:08:06", "elapsed": 10.609059, "delta": 0.333002}}
{"target": 0.4668357467708846, "params": {"C": 451.71647818163984, "epsilon": 0.8953702541249303, "gamma": 0.013300618405337531, "lamda": 0.5760775830297447}, "datetime": {"datetime": "2021-09-23 21:08:06", "elapsed": 10.991057, "delta": 0.381998}}
{"target": 0.46783348285790216, "params": {"C": 408.63876944234215, "epsilon": 0.9515343445819389, "gamma": 0.008937028275568467, "lamda": 0.7892465930779546}, "datetime": {"datetime": "2021-09-23 21:08:07", "elapsed": 11.46464, "delta": 0.473583}}
{"target": 0.4680743205854798, "params": {"C": 352.91930657148265, "epsilon": 0.9009722818634999, "gamma": 0.008730855178991213, "lamda": 0.7903129553084374}, "datetime": {"datetime": "2021-09-23 21:08:07", "elapsed": 11.938551, "delta": 0.473911}}
{"target": 0.46872645228674903, "params": {"C": 449.54618231925764, "epsilon": 0.7083433311857746, "gamma": 0.010963650407164828, "lamda": 0.7422415353274144}, "datetime": {"datetime": "2021-09-23 21:08:08", "elapsed": 12.375546, "delta": 0.436995}}
{"target": 0.4683220381352966, "params": {"C": 350.46809474792406, "epsilon": 0.8513735019122505, "gamma": 0.011492469865303081, "lamda": 0.5741521296402483}, "datetime": {"datetime": "2021-09-23 21:08:08", "elapsed": 12.84655, "delta": 0.471004}}
{"target": 0.4669778221113755, "params": {"C": 446.10730232660825, "epsilon": 0.719906663217897, "gamma": 0.01332269110428686, "lamda": 0.7694689629000113}, "datetime": {"datetime": "2021-09-23 21:08:09", "elapsed": 13.268546, "delta": 0.421996}}
