{"target": -43.4887778024766, "params": {"C": 24.778766220737307, "epsilon": 0.6848664336885932, "gamma": 0.018179594295351396, "lamda": 0.22466928037986744}, "datetime": {"datetime": "2021-09-24 18:01:43", "elapsed": 20.438188, "delta": 0.885008}}
{"target": -45.35604554794916, "params": {"C": 24.24238626378818, "epsilon": 0.2981471518272413, "gamma": 0.08607114586926055, "lamda": 0.03248920328957075}, "datetime": {"datetime": "2021-09-24 18:01:44", "elapsed": 21.531216, "delta": 1.093028}}
{"target": -48.95070315679131, "params": {"C": 25.58000212247962, "epsilon": 0.44444777096459787, "gamma": 0.001, "lamda": 0.11309739774724112}, "datetime": {"datetime": "2021-09-24 18:01:45", "elapsed": 22.671706, "delta": 1.14049}}
{"target": -49.20233088854958, "params": {"C": 24.54501001592362, "epsilon": 1.0, "gamma": 0.001, "lamda": 0.6723794320973887}, "datetime": {"datetime": "2021-09-24 18:01:46", "elapsed": 23.622764, "delta": 0.951058}}
{"target": -45.745817526567336, "params": {"C": 24.63694641687432, "epsilon": 0.22588802078002945, "gamma": 0.0946069572212648, "lamda": 0.44064077533249135}, "datetime": {"datetime": "2021-09-24 18:01:47", "elapsed": 24.571768, "delta": 0.949004}}
{"target": -48.91001848253332, "params": {"C": 25.693188688000117, "epsilon": 0.001, "gamma": 0.001, "lamda": 1.3390203921601305}, "datetime": {"datetime": "2021-09-24 18:01:48", "elapsed": 26.023763, "delta": 1.451995}}
{"target": -43.40895716529005, "params": {"C": 25.431980468070634, "epsilon": 0.28076313318596036, "gamma": 0.016786676492953803, "lamda": 1.1282223560646822}, "datetime": {"datetime": "2021-09-24 18:01:49", "elapsed": 26.486826, "delta": 0.463063}}
{"target": -45.304813459210344, "params": {"C": 32.3950520933587, "epsilon": 0.06728918851559694, "gamma": 0.08154960214715547, "lamda": 1.3474465846237234}, "datetime": {"datetime": "2021-09-24 18:01:49", "elapsed": 26.949857, "delta": 0.463031}}
{"target": -43.89072185321867, "params": {"C": 25.44426227872944, "epsilon": 0.21265827739156085, "gamma": 0.031538116104834535, "lamda": 0.8234945037015434}, "datetime": {"datetime": "2021-09-24 18:01:50", "elapsed": 27.59568, "delta": 0.645823}}
{"target": -48.36937694396065, "params": {"C": 8.53034526735251, "epsilon": 0.7933931066577246, "gamma": 0.09271520159928501, "lamda": 0.3488340604769027}, "datetime": {"datetime": "2021-09-24 18:01:50", "elapsed": 28.019719, "delta": 0.424039}}
{"target": -44.9609218512108, "params": {"C": 25.071602545605632, "epsilon": 0.2615098245086449, "gamma": 0.07117076404272862, "lamda": 1.1108895417557787}, "datetime": {"datetime": "2021-09-24 18:01:51", "elapsed": 28.744954, "delta": 0.725235}}
{"target": -44.870289168789675, "params": {"C": 24.638191429287396, "epsilon": 0.8625285997200863, "gamma": 0.0721052106693334, "lamda": 0.0018946704109215526}, "datetime": {"datetime": "2021-09-24 18:01:52", "elapsed": 29.649818, "delta": 0.904864}}
{"target": -44.64562934440032, "params": {"C": 23.82034731074475, "epsilon": 0.5895479150752293, "gamma": 0.059386896529528624, "lamda": 0.44085023488574326}, "datetime": {"datetime": "2021-09-24 18:01:53", "elapsed": 30.359144, "delta": 0.709326}}
{"target": -45.135768719440605, "params": {"C": 42.38894288659717, "epsilon": 0.7151348919531788, "gamma": 0.07623080184619944, "lamda": 0.427250838746367}, "datetime": {"datetime": "2021-09-24 18:01:53", "elapsed": 30.809141, "delta": 0.449997}}
{"target": -43.18920469409404, "params": {"C": 48.08020346843599, "epsilon": 0.6675773656867259, "gamma": 0.015388876810208035, "lamda": 0.2691293840963264}, "datetime": {"datetime": "2021-09-24 18:01:54", "elapsed": 31.536807, "delta": 0.727666}}
{"target": -47.104040697863184, "params": {"C": 6.284157840879996, "epsilon": 0.22168132914237512, "gamma": 0.05504902275714166, "lamda": 0.7862800814453808}, "datetime": {"datetime": "2021-09-24 18:01:54", "elapsed": 32.004428, "delta": 0.467621}}
{"target": -43.14802786581431, "params": {"C": 47.78455777643486, "epsilon": 0.8998106115868224, "gamma": 0.007610281900758548, "lamda": 0.19199715893143032}, "datetime": {"datetime": "2021-09-24 18:01:55", "elapsed": 32.912711, "delta": 0.908283}}
{"target": -45.5722769925972, "params": {"C": 48.04412082998895, "epsilon": 1.0, "gamma": 0.1, "lamda": 0.45538132325906105}, "datetime": {"datetime": "2021-09-24 18:01:56", "elapsed": 33.721563, "delta": 0.808852}}
{"target": -46.07575556192887, "params": {"C": 47.860432192292464, "epsilon": 0.6019102962722408, "gamma": 0.001, "lamda": 0.001}, "datetime": {"datetime": "2021-09-24 18:01:57", "elapsed": 34.700497, "delta": 0.978934}}
{"target": -44.1792432359489, "params": {"C": 27.51663115848395, "epsilon": 0.03446542356729625, "gamma": 0.04442368388308188, "lamda": 1.4895440388627788}, "datetime": {"datetime": "2021-09-24 18:01:58", "elapsed": 35.195111, "delta": 0.494614}}
{"target": -43.50619624003413, "params": {"C": 48.38620388894168, "epsilon": 0.775077388816994, "gamma": 0.032393189874283385, "lamda": 0.24827585236401742}, "datetime": {"datetime": "2021-09-24 18:01:58", "elapsed": 35.950661, "delta": 0.75555}}
{"target": -46.13173989571047, "params": {"C": 48.335123760551724, "epsilon": 0.4219662884020621, "gamma": 0.001, "lamda": 0.4325022807691722}, "datetime": {"datetime": "2021-09-24 18:01:59", "elapsed": 36.775327, "delta": 0.824666}}
{"target": -43.731007560028736, "params": {"C": 27.237227750307596, "epsilon": 0.08122611687079091, "gamma": 0.026018702339435953, "lamda": 1.1870706596704232}, "datetime": {"datetime": "2021-09-24 18:02:00", "elapsed": 37.887318, "delta": 1.111991}}
{"target": -44.292514789176344, "params": {"C": 27.338220879199294, "epsilon": 0.3337876013872754, "gamma": 0.051004558362191275, "lamda": 1.478098291131736}, "datetime": {"datetime": "2021-09-24 18:02:01", "elapsed": 38.537325, "delta": 0.650007}}
{"target": -43.7309907656929, "params": {"C": 26.900597599407998, "epsilon": 0.1627182111796374, "gamma": 0.029051204682365578, "lamda": 1.4676019722226101}, "datetime": {"datetime": "2021-09-24 18:02:02", "elapsed": 39.668168, "delta": 1.130843}}
{"target": -44.86282329735849, "params": {"C": 23.843395958886546, "epsilon": 0.11402303066216775, "gamma": 0.06849874981791541, "lamda": 0.8169993245768276}, "datetime": {"datetime": "2021-09-24 18:02:03", "elapsed": 40.51775, "delta": 0.849582}}
{"target": -46.240899659556376, "params": {"C": 47.414266239878174, "epsilon": 1.0, "gamma": 0.001, "lamda": 0.2944864999061029}, "datetime": {"datetime": "2021-09-24 18:02:04", "elapsed": 41.446575, "delta": 0.928825}}
{"target": -44.15947052771514, "params": {"C": 26.839219797777616, "epsilon": 0.23881671677404404, "gamma": 0.046379834822834407, "lamda": 1.067384806179799}, "datetime": {"datetime": "2021-09-24 18:02:05", "elapsed": 42.332796, "delta": 0.886221}}
{"target": -48.90065995767118, "params": {"C": 26.909598153291224, "epsilon": 0.5947846112165647, "gamma": 0.001, "lamda": 1.34656857771918}, "datetime": {"datetime": "2021-09-24 18:02:05", "elapsed": 43.035797, "delta": 0.703001}}
{"target": -44.266729051760564, "params": {"C": 26.71876546231417, "epsilon": 0.036395465015770456, "gamma": 0.0472395207174925, "lamda": 1.2453491007437887}, "datetime": {"datetime": "2021-09-24 18:02:06", "elapsed": 43.956794, "delta": 0.920997}}
{"target": -49.11816703152003, "params": {"C": 24.20448971301167, "epsilon": 0.22492039193194976, "gamma": 0.001, "lamda": 1.1723872204070804}, "datetime": {"datetime": "2021-09-24 18:02:08", "elapsed": 45.198797, "delta": 1.242003}}
{"target": -46.06651712273877, "params": {"C": 48.59218588744895, "epsilon": 0.9815676829550529, "gamma": 0.001, "lamda": 0.001}, "datetime": {"datetime": "2021-09-24 18:02:09", "elapsed": 46.272794, "delta": 1.073997}}
{"target": -43.59019333397327, "params": {"C": 38.69147849788694, "epsilon": 0.1886021907944591, "gamma": 0.029786286127549806, "lamda": 1.0705088406255379}, "datetime": {"datetime": "2021-09-24 18:02:09", "elapsed": 46.796838, "delta": 0.524044}}
{"target": -45.29616431538213, "params": {"C": 38.415304905205396, "epsilon": 0.39856526165355405, "gamma": 0.08127649023127038, "lamda": 0.3488622993834161}, "datetime": {"datetime": "2021-09-24 18:02:10", "elapsed": 47.257796, "delta": 0.460958}}
{"target": -45.588919047944806, "params": {"C": 42.44805174848712, "epsilon": 0.23373402703511997, "gamma": 0.09272659833841258, "lamda": 1.3538657604336426}, "datetime": {"datetime": "2021-09-24 18:02:10", "elapsed": 47.743413, "delta": 0.485617}}
{"target": -45.806893192770346, "params": {"C": 38.81478203964903, "epsilon": 0.4151953501250566, "gamma": 0.1, "lamda": 0.8296237038863709}, "datetime": {"datetime": "2021-09-24 18:02:11", "elapsed": 48.561406, "delta": 0.817993}}
{"target": -45.617123770529695, "params": {"C": 21.657382074456798, "epsilon": 0.7626931762068215, "gamma": 0.08424358533864049, "lamda": 0.8035780734157376}, "datetime": {"datetime": "2021-09-24 18:02:11", "elapsed": 49.013408, "delta": 0.452002}}
{"target": -44.779280738217196, "params": {"C": 27.237923884804445, "epsilon": 0.061167454803716825, "gamma": 0.06639409915423045, "lamda": 1.4870564106711779}, "datetime": {"datetime": "2021-09-24 18:02:12", "elapsed": 49.969409, "delta": 0.956001}}
{"target": -43.72707065493336, "params": {"C": 38.385418694598854, "epsilon": 0.09092341284112733, "gamma": 0.025260295495960622, "lamda": 0.9662686109336172}, "datetime": {"datetime": "2021-09-24 18:02:13", "elapsed": 50.756447, "delta": 0.787038}}
{"target": -47.1347483587802, "params": {"C": 38.436622323144235, "epsilon": 0.2390311029263931, "gamma": 0.001, "lamda": 1.2852007846679343}, "datetime": {"datetime": "2021-09-24 18:02:14", "elapsed": 51.766409, "delta": 1.009962}}
{"target": -47.02644163095662, "params": {"C": 38.61598041622538, "epsilon": 0.02029269354681407, "gamma": 0.001, "lamda": 0.7898910151936447}, "datetime": {"datetime": "2021-09-24 18:02:15", "elapsed": 52.923163, "delta": 1.156754}}
{"target": -44.61686254404941, "params": {"C": 47.955629502722886, "epsilon": 0.8658504431814938, "gamma": 0.06453223698050885, "lamda": 0.13860553079841295}, "datetime": {"datetime": "2021-09-24 18:02:16", "elapsed": 53.619164, "delta": 0.696001}}
{"target": -44.18907670251046, "params": {"C": 20.205575990248597, "epsilon": 0.009253851895886064, "gamma": 0.005494458227009835, "lamda": 0.926713814956237}, "datetime": {"datetime": "2021-09-24 18:02:17", "elapsed": 54.319174, "delta": 0.70001}}
{"target": -45.3784613531954, "params": {"C": 47.75349232528452, "epsilon": 0.745238152679825, "gamma": 0.08450648257193528, "lamda": 0.32848393859526415}, "datetime": {"datetime": "2021-09-24 18:02:18", "elapsed": 55.173163, "delta": 0.853989}}
{"target": -43.59620209762254, "params": {"C": 18.82509350879211, "epsilon": 0.7156549843862755, "gamma": 0.01180397783664993, "lamda": 1.3744647366759863}, "datetime": {"datetime": "2021-09-24 18:02:18", "elapsed": 55.669163, "delta": 0.496}}
{"target": -43.77370437174861, "params": {"C": 25.75826608211769, "epsilon": 0.23167233610609744, "gamma": 0.027576333552204065, "lamda": 0.86820941461367}, "datetime": {"datetime": "2021-09-24 18:02:19", "elapsed": 56.438162, "delta": 0.768999}}
{"target": -43.81637529254501, "params": {"C": 48.21789562254836, "epsilon": 0.658149794038809, "gamma": 0.03804329261702033, "lamda": 0.024185454320724963}, "datetime": {"datetime": "2021-09-24 18:02:20", "elapsed": 57.616181, "delta": 1.178019}}
{"target": -43.18811108330809, "params": {"C": 46.421936773689396, "epsilon": 0.9522555742455784, "gamma": 0.009560741843880022, "lamda": 0.1531489315219892}, "datetime": {"datetime": "2021-09-24 18:02:21", "elapsed": 58.304181, "delta": 0.688}}
{"target": -43.82142410656794, "params": {"C": 22.133040129062696, "epsilon": 0.42993448521450595, "gamma": 0.031979752048734725, "lamda": 1.100409059196101}, "datetime": {"datetime": "2021-09-24 18:02:21", "elapsed": 58.839183, "delta": 0.535002}}
{"target": -50.99997683319181, "params": {"C": 2.525722933348974, "epsilon": 0.5810209895669107, "gamma": 0.009853532179479239, "lamda": 0.3249028808397869}, "datetime": {"datetime": "2021-09-24 18:02:22", "elapsed": 59.501826, "delta": 0.662643}}
{"target": -43.764148306612206, "params": {"C": 46.260705853983765, "epsilon": 0.7466656717314634, "gamma": 0.04000376821023699, "lamda": 0.19921130524349778}, "datetime": {"datetime": "2021-09-24 18:02:23", "elapsed": 60.538866, "delta": 1.03704}}
{"target": -44.163761532939816, "params": {"C": 27.22703732552278, "epsilon": 0.055412413725487414, "gamma": 0.04363799465408098, "lamda": 1.4927205293181625}, "datetime": {"datetime": "2021-09-24 18:02:24", "elapsed": 61.115827, "delta": 0.576961}}
{"target": -44.480620005483644, "params": {"C": 46.43396431595514, "epsilon": 0.8348277740475327, "gamma": 0.05777444938922783, "lamda": 0.4337436344643438}, "datetime": {"datetime": "2021-09-24 18:02:24", "elapsed": 61.886862, "delta": 0.771035}}
{"target": -45.357610570452884, "params": {"C": 46.48744113095933, "epsilon": 0.6528630322747547, "gamma": 0.08603881217237733, "lamda": 0.10145243209050891}, "datetime": {"datetime": "2021-09-24 18:02:25", "elapsed": 62.74889, "delta": 0.862028}}
{"target": -48.67352973932154, "params": {"C": 27.013385584854795, "epsilon": 0.001, "gamma": 0.001, "lamda": 1.3104985363415051}, "datetime": {"datetime": "2021-09-24 18:02:27", "elapsed": 64.152944, "delta": 1.404054}}
{"target": -45.77779135081533, "params": {"C": 33.411849469176595, "epsilon": 0.11646224648361071, "gamma": 0.09725673305844579, "lamda": 1.29761153849477}, "datetime": {"datetime": "2021-09-24 18:02:27", "elapsed": 64.687943, "delta": 0.534999}}
{"target": -43.70024371029686, "params": {"C": 48.243935511076565, "epsilon": 0.9239562930501818, "gamma": 0.03868996692529943, "lamda": 0.18413238522405606}, "datetime": {"datetime": "2021-09-24 18:02:28", "elapsed": 65.685939, "delta": 0.997996}}
{"target": -45.7818376418537, "params": {"C": 48.22333949655639, "epsilon": 0.7109721106447843, "gamma": 0.1, "lamda": 0.21964185443896903}, "datetime": {"datetime": "2021-09-24 18:02:29", "elapsed": 66.557941, "delta": 0.872002}}
{"target": -48.52982326865509, "params": {"C": 27.411914129862115, "epsilon": 0.14195603231755227, "gamma": 0.001, "lamda": 1.2803535975612614}, "datetime": {"datetime": "2021-09-24 18:02:30", "elapsed": 67.442939, "delta": 0.884998}}
{"target": -44.628161841673254, "params": {"C": 25.58785965180081, "epsilon": 0.10930103170382567, "gamma": 0.05854429804736429, "lamda": 0.9668402542551393}, "datetime": {"datetime": "2021-09-24 18:02:31", "elapsed": 68.281942, "delta": 0.839003}}
{"target": -44.732643699348294, "params": {"C": 48.33016645529812, "epsilon": 0.8857464440252016, "gamma": 0.06682273810374, "lamda": 0.044895206542177594}, "datetime": {"datetime": "2021-09-24 18:02:32", "elapsed": 69.229943, "delta": 0.948001}}
{"target": -46.313315003852274, "params": {"C": 46.30812005921394, "epsilon": 0.9144999919712713, "gamma": 0.001, "lamda": 0.26254851787076955}, "datetime": {"datetime": "2021-09-24 18:02:33", "elapsed": 70.179941, "delta": 0.949998}}
{"target": -43.31996589001301, "params": {"C": 38.179263538280246, "epsilon": 0.5096538659936594, "gamma": 0.017652394593784596, "lamda": 0.5004539608627767}, "datetime": {"datetime": "2021-09-24 18:02:33", "elapsed": 70.712984, "delta": 0.533043}}
{"target": -48.86577845126072, "params": {"C": 25.63902968556106, "epsilon": 0.1171400473423094, "gamma": 0.001, "lamda": 0.7891563194381571}, "datetime": {"datetime": "2021-09-24 18:02:34", "elapsed": 71.50494, "delta": 0.791956}}
{"target": -43.97022963155128, "params": {"C": 27.21916143920887, "epsilon": 0.08375174654520136, "gamma": 0.0349317251613926, "lamda": 1.1757399601730274}, "datetime": {"datetime": "2021-09-24 18:02:35", "elapsed": 72.074821, "delta": 0.569881}}
{"target": -45.31609881363175, "params": {"C": 25.364892156245045, "epsilon": 0.25597817997966554, "gamma": 0.08165180662577977, "lamda": 1.0216874082241676}, "datetime": {"datetime": "2021-09-24 18:02:35", "elapsed": 72.894832, "delta": 0.820011}}
{"target": -45.13567226830858, "params": {"C": 43.5526665219944, "epsilon": 0.7898281334210944, "gamma": 0.084317983192882, "lamda": 0.9686164096221856}, "datetime": {"datetime": "2021-09-24 18:02:36", "elapsed": 73.471785, "delta": 0.576953}}
{"target": -44.46153164584131, "params": {"C": 47.97643166008586, "epsilon": 0.7323042472094297, "gamma": 0.0595768768993247, "lamda": 0.2751425614248824}, "datetime": {"datetime": "2021-09-24 18:02:37", "elapsed": 74.152787, "delta": 0.681002}}
{"target": -44.31225634603742, "params": {"C": 46.525749497274234, "epsilon": 0.9607368175078891, "gamma": 0.05671109091605833, "lamda": 0.15889504355129244}, "datetime": {"datetime": "2021-09-24 18:02:38", "elapsed": 75.28279, "delta": 1.130003}}
{"target": -44.17323493629535, "params": {"C": 47.756354848439166, "epsilon": 0.9702755076110069, "gamma": 0.054081715895017334, "lamda": 0.13690199897536545}, "datetime": {"datetime": "2021-09-24 18:02:39", "elapsed": 76.117509, "delta": 0.834719}}
{"target": -50.531744851361644, "params": {"C": 4.691133365222026, "epsilon": 0.5275722114453016, "gamma": 0.09106942366525114, "lamda": 0.42073522282728}, "datetime": {"datetime": "2021-09-24 18:02:39", "elapsed": 76.777809, "delta": 0.6603}}
{"target": -46.11368315169567, "params": {"C": 48.149435461644515, "epsilon": 0.8101053105901566, "gamma": 0.001, "lamda": 0.09251056004859458}, "datetime": {"datetime": "2021-09-24 18:02:40", "elapsed": 77.765447, "delta": 0.987638}}
{"target": -43.91131455653393, "params": {"C": 46.3957494007193, "epsilon": 0.8503609259838046, "gamma": 0.043287723808233376, "lamda": 0.08465710411100626}, "datetime": {"datetime": "2021-09-24 18:02:41", "elapsed": 78.877283, "delta": 1.111836}}
{"target": -46.38161398557786, "params": {"C": 5.651903151079761, "epsilon": 0.604349248164749, "gamma": 0.03223323429213502, "lamda": 0.8659785633366992}, "datetime": {"datetime": "2021-09-24 18:02:42", "elapsed": 79.528836, "delta": 0.651553}}
{"target": -43.70403174342018, "params": {"C": 25.76094196996012, "epsilon": 0.08784436692610784, "gamma": 0.025168518377661576, "lamda": 0.9904678916775413}, "datetime": {"datetime": "2021-09-24 18:02:43", "elapsed": 80.407055, "delta": 0.878219}}
{"target": -46.096472506292905, "params": {"C": 48.39096424834035, "epsilon": 0.6892756349326054, "gamma": 0.001, "lamda": 0.10915123052489141}, "datetime": {"datetime": "2021-09-24 18:02:44", "elapsed": 81.582761, "delta": 1.175706}}
{"target": -46.21125703123444, "params": {"C": 46.42533567940178, "epsilon": 0.9977747562337206, "gamma": 0.001, "lamda": 0.0331816889290588}, "datetime": {"datetime": "2021-09-24 18:02:45", "elapsed": 82.644012, "delta": 1.061251}}
{"target": -43.26840905546876, "params": {"C": 48.0021856075178, "epsilon": 0.6123639476444853, "gamma": 0.015697191880800185, "lamda": 0.18065667626877943}, "datetime": {"datetime": "2021-09-24 18:02:46", "elapsed": 83.784372, "delta": 1.14036}}
{"target": -46.91667924566436, "params": {"C": 12.420407508665669, "epsilon": 0.45179635472423557, "gamma": 0.09674718550932852, "lamda": 0.17767504363300815}, "datetime": {"datetime": "2021-09-24 18:02:47", "elapsed": 84.382026, "delta": 0.597654}}
{"target": -46.28572915597566, "params": {"C": 46.47064653689283, "epsilon": 0.8335195219450712, "gamma": 0.001, "lamda": 0.20201422742134956}, "datetime": {"datetime": "2021-09-24 18:02:48", "elapsed": 85.369143, "delta": 0.987117}}
{"target": -43.32573558211708, "params": {"C": 48.350343203611246, "epsilon": 0.8794075288295121, "gamma": 0.02790751237484948, "lamda": 0.36024610001865714}, "datetime": {"datetime": "2021-09-24 18:02:49", "elapsed": 86.197154, "delta": 0.828011}}
{"target": -45.524094983012986, "params": {"C": 25.412868637277796, "epsilon": 0.6579565969991792, "gamma": 0.08860703737881925, "lamda": 0.2603394874515806}, "datetime": {"datetime": "2021-09-24 18:02:49", "elapsed": 86.848626, "delta": 0.651472}}
{"target": -44.551648522918214, "params": {"C": 43.03146571183061, "epsilon": 0.25047051961318967, "gamma": 0.06182043262804955, "lamda": 0.626498947239828}, "datetime": {"datetime": "2021-09-24 18:02:50", "elapsed": 87.464539, "delta": 0.615913}}
{"target": -44.7820604990237, "params": {"C": 11.487797626451243, "epsilon": 0.32010731230031403, "gamma": 0.00828560113968608, "lamda": 0.6747077012570248}, "datetime": {"datetime": "2021-09-24 18:02:51", "elapsed": 88.132711, "delta": 0.668172}}
{"target": -44.15796671096192, "params": {"C": 47.97339202610493, "epsilon": 0.5843463909663177, "gamma": 0.05307198507801121, "lamda": 0.3155650396681826}, "datetime": {"datetime": "2021-09-24 18:02:51", "elapsed": 88.8755, "delta": 0.742789}}
{"target": -45.52925478767043, "params": {"C": 48.27316078836973, "epsilon": 0.8924902217082191, "gamma": 0.08991833455808632, "lamda": 0.3053789893266122}, "datetime": {"datetime": "2021-09-24 18:02:52", "elapsed": 89.813222, "delta": 0.937722}}
{"target": -43.68401309803487, "params": {"C": 25.540499109005474, "epsilon": 0.26803375461237716, "gamma": 0.02713733857540072, "lamda": 1.0602580366598966}, "datetime": {"datetime": "2021-09-24 18:02:53", "elapsed": 90.589237, "delta": 0.776015}}
{"target": -45.01719652260561, "params": {"C": 48.0816236916572, "epsilon": 0.5624585179332697, "gamma": 0.07640605668632706, "lamda": 0.11014467425872562}, "datetime": {"datetime": "2021-09-24 18:02:54", "elapsed": 91.770103, "delta": 1.180866}}
{"target": -44.46388193922145, "params": {"C": 48.523748792618534, "epsilon": 0.8351506333694791, "gamma": 0.05787908398863314, "lamda": 0.37758911234386555}, "datetime": {"datetime": "2021-09-24 18:02:55", "elapsed": 92.633507, "delta": 0.863404}}
{"target": -42.95941246576686, "params": {"C": 47.85999527482607, "epsilon": 0.9223276740588373, "gamma": 0.007824214267111461, "lamda": 0.2927161069407854}, "datetime": {"datetime": "2021-09-24 18:02:56", "elapsed": 93.658849, "delta": 1.025342}}
