{"target": 0.46825326045507143, "params": {"C": 494.8624734498328, "epsilon": 0.7443525383972237, "gamma": 0.011226458277016606, "lamda": 0.5543583735792234}, "datetime": {"datetime": "2021-09-23 21:18:41", "elapsed": 646.005896, "delta": 2.741735}}
{"target": 0.46943236267573607, "params": {"C": 374.3464106563957, "epsilon": 0.7903410868762971, "gamma": 0.009348146183505861, "lamda": 0.5091124231022661}, "datetime": {"datetime": "2021-09-23 21:18:45", "elapsed": 649.62773, "delta": 3.621834}}
{"target": 0.4672882255354466, "params": {"C": 450.81292611804446, "epsilon": 0.751887831169868, "gamma": 0.013001827746964345, "lamda": 0.7675959492146344}, "datetime": {"datetime": "2021-09-23 21:18:48", "elapsed": 652.304047, "delta": 2.676317}}
{"target": 0.4690403413368952, "params": {"C": 474.24433389090245, "epsilon": 0.7368680820731635, "gamma": 0.009979020548308737, "lamda": 0.7687266671005746}, "datetime": {"datetime": "2021-09-23 21:18:50", "elapsed": 654.962524, "delta": 2.658477}}
{"target": 0.4680320160463334, "params": {"C": 446.8084076502035, "epsilon": 0.7996954569611265, "gamma": 0.007044253193359265, "lamda": 0.7292520607590967}, "datetime": {"datetime": "2021-09-23 21:18:53", "elapsed": 657.573635, "delta": 2.611111}}
{"target": 0.46857588085051627, "params": {"C": 459.88456106101677, "epsilon": 0.9975323859028339, "gamma": 0.01114226421278185, "lamda": 0.5145697796619265}, "datetime": {"datetime": "2021-09-23 21:18:55", "elapsed": 659.934823, "delta": 2.361188}}
{"target": 0.4680284985074271, "params": {"C": 463.18855113365646, "epsilon": 0.8649018748213736, "gamma": 0.011886703614504217, "lamda": 0.5719651449916281}, "datetime": {"datetime": "2021-09-23 21:18:58", "elapsed": 662.845673, "delta": 2.91085}}
{"target": 0.4660107716072799, "params": {"C": 470.5405749610818, "epsilon": 0.8179510552411818, "gamma": 0.014457902763734704, "lamda": 0.7299152272286351}, "datetime": {"datetime": "2021-09-23 21:19:01", "elapsed": 665.429345, "delta": 2.583672}}
{"target": 0.4694920935952107, "params": {"C": 370.2603603852489, "epsilon": 0.7629217235698367, "gamma": 0.00731251420882013, "lamda": 0.5020617873437494}, "datetime": {"datetime": "2021-09-23 21:19:04", "elapsed": 668.743828, "delta": 3.314483}}
{"target": 0.46658663349189466, "params": {"C": 359.865822814454, "epsilon": 0.9056470540952037, "gamma": 0.013877449549219524, "lamda": 0.7154995220322644}, "datetime": {"datetime": "2021-09-23 21:19:07", "elapsed": 671.899247, "delta": 3.155419}}
{"target": 0.4670184570290381, "params": {"C": 420.0063131583154, "epsilon": 0.8725719099128847, "gamma": 0.013331112162435151, "lamda": 0.7586790147279983}, "datetime": {"datetime": "2021-09-23 21:19:10", "elapsed": 674.768403, "delta": 2.869156}}
{"target": 0.46629483106963265, "params": {"C": 473.43656023161884, "epsilon": 0.8334217460806173, "gamma": 0.013812979937208295, "lamda": 0.608558972070603}, "datetime": {"datetime": "2021-09-23 21:19:13", "elapsed": 677.64269, "delta": 2.874287}}
{"target": 0.46736019330340006, "params": {"C": 465.2414250211724, "epsilon": 0.9345752676032902, "gamma": 0.012894573855442534, "lamda": 0.6562862129081464}, "datetime": {"datetime": "2021-09-23 21:19:16", "elapsed": 680.899507, "delta": 3.256817}}
{"target": 0.4684206442145168, "params": {"C": 486.27828974824024, "epsilon": 0.8730141976737806, "gamma": 0.006941276036486389, "lamda": 0.6006682268370073}, "datetime": {"datetime": "2021-09-23 21:19:19", "elapsed": 683.733026, "delta": 2.833519}}
{"target": 0.4687612638259392, "params": {"C": 447.256595111034, "epsilon": 0.9114996265397036, "gamma": 0.00684596568242293, "lamda": 0.5122221243743997}, "datetime": {"datetime": "2021-09-23 21:19:22", "elapsed": 686.524033, "delta": 2.791007}}
{"target": 0.4695532726620425, "params": {"C": 401.37700878374983, "epsilon": 0.7343804662643811, "gamma": 0.008826808721640805, "lamda": 0.6145741886230631}, "datetime": {"datetime": "2021-09-23 21:19:25", "elapsed": 689.355023, "delta": 2.83099}}
{"target": 0.4683700764580415, "params": {"C": 386.85146844196623, "epsilon": 0.7955969254334273, "gamma": 0.007756459501439456, "lamda": 0.7712084145066405}, "datetime": {"datetime": "2021-09-23 21:19:28", "elapsed": 692.294571, "delta": 2.939548}}
{"target": 0.4688392223404906, "params": {"C": 461.74562089207524, "epsilon": 0.785333206644079, "gamma": 0.009734133943413603, "lamda": 0.7938820290107897}, "datetime": {"datetime": "2021-09-23 21:19:30", "elapsed": 695.221092, "delta": 2.926521}}
{"target": 0.4674744939649278, "params": {"C": 444.1010098342971, "epsilon": 0.8155590459029828, "gamma": 0.0063562991381905295, "lamda": 0.6788509672510337}, "datetime": {"datetime": "2021-09-23 21:19:34", "elapsed": 698.757237, "delta": 3.536145}}
{"target": 0.4678395634159338, "params": {"C": 364.2657694488172, "epsilon": 0.8650905639172151, "gamma": 0.012263119624392834, "lamda": 0.6581856955240882}, "datetime": {"datetime": "2021-09-23 21:19:38", "elapsed": 702.381636, "delta": 3.624399}}
{"target": 0.4691118749311275, "params": {"C": 424.7714861329111, "epsilon": 0.789129030900371, "gamma": 0.008831453175326657, "lamda": 0.7196033560448623}, "datetime": {"datetime": "2021-09-23 21:19:43", "elapsed": 707.3063, "delta": 4.924664}}
{"target": 0.4690872368978951, "params": {"C": 350.4752313615345, "epsilon": 0.8587846706290261, "gamma": 0.007407742945721328, "lamda": 0.5621563495868459}, "datetime": {"datetime": "2021-09-23 21:19:48", "elapsed": 712.41512, "delta": 5.10882}}
{"target": 0.46800017307517616, "params": {"C": 358.7606608020237, "epsilon": 0.961533860887851, "gamma": 0.008725585948930576, "lamda": 0.7486061921174346}, "datetime": {"datetime": "2021-09-23 21:19:51", "elapsed": 715.616307, "delta": 3.201187}}
{"target": 0.4696654330296516, "params": {"C": 370.26118212040103, "epsilon": 0.7571049552540952, "gamma": 0.008104398276640326, "lamda": 0.512994371152083}, "datetime": {"datetime": "2021-09-23 21:19:55", "elapsed": 719.463345, "delta": 3.847038}}
{"target": 0.46665994071493055, "params": {"C": 404.2653944547829, "epsilon": 0.8030860429466767, "gamma": 0.013444577512007408, "lamda": 0.6281120591038758}, "datetime": {"datetime": "2021-09-23 21:19:58", "elapsed": 723.047503, "delta": 3.584158}}
{"target": 0.46854477163699537, "params": {"C": 484.9971695573656, "epsilon": 0.9332355712140914, "gamma": 0.009628479073055621, "lamda": 0.7191237729916096}, "datetime": {"datetime": "2021-09-23 21:20:01", "elapsed": 726.0822, "delta": 3.034697}}
{"target": 0.46823512497713593, "params": {"C": 572.5584771920095, "epsilon": 0.7062255848078204, "gamma": 0.011702834114336478, "lamda": 0.7246411647615836}, "datetime": {"datetime": "2021-09-23 21:37:06", "elapsed": 0.0, "delta": 0.0}}
{"target": 0.46881460468545255, "params": {"C": 539.8208414763109, "epsilon": 0.7674389936592543, "gamma": 0.007782565782836616, "lamda": 0.7281592136596877}, "datetime": {"datetime": "2021-09-23 21:37:06", "elapsed": 0.220001, "delta": 0.220001}}
{"target": 0.46793850020813055, "params": {"C": 500.29330038750425, "epsilon": 0.726501944252203, "gamma": 0.012168238365310176, "lamda": 0.786018003858481}, "datetime": {"datetime": "2021-09-23 21:37:07", "elapsed": 0.432703, "delta": 0.212702}}
{"target": 0.46701611175302193, "params": {"C": 480.47379195934974, "epsilon": 0.853657679015733, "gamma": 0.013313588654869021, "lamda": 0.6837578200488165}, "datetime": {"datetime": "2021-09-23 21:37:07", "elapsed": 0.716663, "delta": 0.28396}}
{"target": 0.46610275319479944, "params": {"C": 566.610638091816, "epsilon": 0.78756282045119, "gamma": 0.01425996710261649, "lamda": 0.7143727350193072}, "datetime": {"datetime": "2021-09-23 21:37:07", "elapsed": 0.938665, "delta": 0.222002}}
{"target": 0.4690006589867045, "params": {"C": 507.60391571229826, "epsilon": 0.7570165886657998, "gamma": 0.010220001804711519, "lamda": 0.5398042601811711}, "datetime": {"datetime": "2021-09-23 21:37:08", "elapsed": 1.26067, "delta": 0.322005}}
{"target": 0.4680906470995, "params": {"C": 511.29846930696374, "epsilon": 0.7591977015971454, "gamma": 0.006797029732471086, "lamda": 0.7221390185938291}, "datetime": {"datetime": "2021-09-23 21:37:08", "elapsed": 1.557661, "delta": 0.296991}}
{"target": 0.4663800652538097, "params": {"C": 505.34707463450974, "epsilon": 0.9575032279587863, "gamma": 0.013965208604344505, "lamda": 0.595282734458708}, "datetime": {"datetime": "2021-09-23 21:37:08", "elapsed": 1.897563, "delta": 0.339902}}
{"target": 0.46795066699530474, "params": {"C": 507.61512797169394, "epsilon": 0.8606998109406383, "gamma": 0.011886053352692544, "lamda": 0.5461961562364701}, "datetime": {"datetime": "2021-09-23 21:37:09", "elapsed": 2.377562, "delta": 0.479999}}
{"target": 0.4675413917143115, "params": {"C": 553.2000739005858, "epsilon": 0.9766855652883952, "gamma": 0.012385244809145754, "lamda": 0.7252684851800832}, "datetime": {"datetime": "2021-09-23 21:37:09", "elapsed": 2.797603, "delta": 0.420041}}
{"target": 0.4654154842468289, "params": {"C": 539.9073355299275, "epsilon": 0.7801336774417111, "gamma": 0.014851364807843792, "lamda": 0.6999810803995222}, "datetime": {"datetime": "2021-09-23 21:37:09", "elapsed": 3.086564, "delta": 0.288961}}
{"target": 0.4688657825228868, "params": {"C": 571.7156776660164, "epsilon": 0.8225859915112113, "gamma": 0.010674547756244112, "lamda": 0.6290375636450375}, "datetime": {"datetime": "2021-09-23 21:37:10", "elapsed": 3.445564, "delta": 0.359}}
{"target": 0.46956969112464675, "params": {"C": 484.91567845271493, "epsilon": 0.7679502324279366, "gamma": 0.008930820905792697, "lamda": 0.5564995086515991}, "datetime": {"datetime": "2021-09-23 21:37:10", "elapsed": 3.753029, "delta": 0.307465}}
{"target": 0.4691852773824956, "params": {"C": 570.602629941032, "epsilon": 0.829012730854596, "gamma": 0.009977834872568756, "lamda": 0.6019908018012083}, "datetime": {"datetime": "2021-09-23 21:37:10", "elapsed": 4.083906, "delta": 0.330877}}
{"target": 0.46845209151563116, "params": {"C": 560.3568555937163, "epsilon": 0.7756362731342391, "gamma": 0.007823016130464669, "lamda": 0.7856344723784013}, "datetime": {"datetime": "2021-09-23 21:37:11", "elapsed": 4.468909, "delta": 0.385003}}
{"target": 0.46805448840712705, "params": {"C": 565.9054881435765, "epsilon": 0.7802904539501551, "gamma": 0.006815366235057711, "lamda": 0.7101394167100195}, "datetime": {"datetime": "2021-09-23 21:37:11", "elapsed": 4.788912, "delta": 0.320003}}
{"target": 0.46872534991183035, "params": {"C": 508.15177112950084, "epsilon": 0.7390900204962775, "gamma": 0.010898073979714068, "lamda": 0.7489292839443791}, "datetime": {"datetime": "2021-09-23 21:37:11", "elapsed": 5.077947, "delta": 0.289035}}
{"target": 0.4685082249482968, "params": {"C": 528.590864408638, "epsilon": 0.7131971131330989, "gamma": 0.011313923161565645, "lamda": 0.7162303331492804}, "datetime": {"datetime": "2021-09-23 21:37:12", "elapsed": 5.372507, "delta": 0.29456}}
{"target": 0.46806620199761273, "params": {"C": 537.4714881780959, "epsilon": 0.8280039006296374, "gamma": 0.011753541973213787, "lamda": 0.786973226463813}, "datetime": {"datetime": "2021-09-23 21:37:12", "elapsed": 5.690089, "delta": 0.317582}}
{"target": 0.4683954542644707, "params": {"C": 513.4779394958648, "epsilon": 0.8401110031835952, "gamma": 0.007305656058643948, "lamda": 0.6761626384399125}, "datetime": {"datetime": "2021-09-23 21:37:12", "elapsed": 6.115167, "delta": 0.425078}}
{"target": 0.4685595027684085, "params": {"C": 555.2819660004034, "epsilon": 0.9506602547242674, "gamma": 0.010501610139730493, "lamda": 0.6800697164297363}, "datetime": {"datetime": "2021-09-23 21:37:13", "elapsed": 6.547168, "delta": 0.432001}}
{"target": 0.4693890229309633, "params": {"C": 556.8059727375453, "epsilon": 0.7791706830173003, "gamma": 0.007403767720468258, "lamda": 0.5480122651747086}, "datetime": {"datetime": "2021-09-23 21:37:13", "elapsed": 7.026168, "delta": 0.479}}
{"target": 0.46467523407015543, "params": {"C": 487.6565056139277, "epsilon": 0.8159220174058145, "gamma": 0.014891533251095122, "lamda": 0.5652962823191395}, "datetime": {"datetime": "2021-09-23 21:37:14", "elapsed": 7.384171, "delta": 0.358003}}
{"target": 0.4690607271671319, "params": {"C": 536.3293780639633, "epsilon": 0.9901905985293903, "gamma": 0.010023900022142759, "lamda": 0.5479280176353315}, "datetime": {"datetime": "2021-09-23 21:37:15", "elapsed": 8.301064, "delta": 0.916893}}
{"target": 0.46474552042029205, "params": {"C": 543.76299199886, "epsilon": 0.7590356431103777, "gamma": 0.014499946199995511, "lamda": 0.5595044260868802}, "datetime": {"datetime": "2021-09-23 21:37:15", "elapsed": 8.808187, "delta": 0.507123}}
{"target": 0.4650314414459643, "params": {"C": 517.2637344088387, "epsilon": 0.8006011575607787, "gamma": 0.014971298314468124, "lamda": 0.634345788260958}, "datetime": {"datetime": "2021-09-23 21:37:15", "elapsed": 9.228187, "delta": 0.42}}
{"target": 0.46802226358991383, "params": {"C": 490.87883204415147, "epsilon": 0.7786688581052671, "gamma": 0.006572552589781814, "lamda": 0.6761094682768288}, "datetime": {"datetime": "2021-09-23 21:37:16", "elapsed": 9.697014, "delta": 0.468827}}
{"target": 0.4663782720413927, "params": {"C": 560.1618870643024, "epsilon": 0.9831892585641441, "gamma": 0.014081015129550178, "lamda": 0.7249039263144443}, "datetime": {"datetime": "2021-09-23 21:37:16", "elapsed": 10.14138, "delta": 0.444366}}
{"target": 0.46820516603210693, "params": {"C": 565.165381122195, "epsilon": 0.7624502884987345, "gamma": 0.011760022666615702, "lamda": 0.6960965866311752}, "datetime": {"datetime": "2021-09-23 21:37:17", "elapsed": 10.523071, "delta": 0.381691}}
{"target": 0.4668631204783257, "params": {"C": 551.0503143987695, "epsilon": 0.9334513377822755, "gamma": 0.013530846573228365, "lamda": 0.6904505073843759}, "datetime": {"datetime": "2021-09-23 21:37:17", "elapsed": 11.031068, "delta": 0.507997}}
{"target": 0.4681901770047101, "params": {"C": 514.3504234495866, "epsilon": 0.8427968758632609, "gamma": 0.006053411787637692, "lamda": 0.5036930310295349}, "datetime": {"datetime": "2021-09-23 21:37:18", "elapsed": 11.428069, "delta": 0.397001}}
{"target": 0.46653945439577116, "params": {"C": 486.25744734400104, "epsilon": 0.8858092006687759, "gamma": 0.006053199561677383, "lamda": 0.6741482408765231}, "datetime": {"datetime": "2021-09-23 21:37:18", "elapsed": 11.839602, "delta": 0.411533}}
{"target": 0.4694993274577388, "params": {"C": 499.4707231991609, "epsilon": 0.7688386936824453, "gamma": 0.009115871494277696, "lamda": 0.5059529910617617}, "datetime": {"datetime": "2021-09-23 21:37:19", "elapsed": 12.264826, "delta": 0.425224}}
{"target": 0.4668357467708846, "params": {"C": 561.3731825453119, "epsilon": 0.8953702541249303, "gamma": 0.013300618405337531, "lamda": 0.5760775830297447}, "datetime": {"datetime": "2021-09-23 21:37:19", "elapsed": 12.625824, "delta": 0.360998}}
{"target": 0.46783348285790216, "params": {"C": 526.9110155538738, "epsilon": 0.9515343445819389, "gamma": 0.008937028275568467, "lamda": 0.7892465930779546}, "datetime": {"datetime": "2021-09-23 21:37:19", "elapsed": 13.079827, "delta": 0.454003}}
{"target": 0.4680743205854798, "params": {"C": 482.3354452571861, "epsilon": 0.9009722818634999, "gamma": 0.008730855178991213, "lamda": 0.7903129553084374}, "datetime": {"datetime": "2021-09-23 21:37:20", "elapsed": 13.500827, "delta": 0.421}}
{"target": 0.46872645228674903, "params": {"C": 559.6369458554061, "epsilon": 0.7083433311857746, "gamma": 0.010963650407164828, "lamda": 0.7422415353274144}, "datetime": {"datetime": "2021-09-23 21:37:20", "elapsed": 13.879432, "delta": 0.378605}}
{"target": 0.4683220381352966, "params": {"C": 480.37447579833923, "epsilon": 0.8513735019122505, "gamma": 0.011492469865303081, "lamda": 0.5741521296402483}, "datetime": {"datetime": "2021-09-23 21:37:21", "elapsed": 14.288067, "delta": 0.408635}}
{"target": 0.4669778221113755, "params": {"C": 556.8858418612866, "epsilon": 0.719906663217897, "gamma": 0.01332269110428686, "lamda": 0.7694689629000113}, "datetime": {"datetime": "2021-09-23 21:37:21", "elapsed": 14.630067, "delta": 0.342}}
{"target": 0.46788343231237317, "params": {"C": 503.73614110639477, "epsilon": 0.9712159613070562, "gamma": 0.012103871600835602, "lamda": 0.5285496144682216}, "datetime": {"datetime": "2021-09-23 21:37:21", "elapsed": 15.027067, "delta": 0.397}}
{"target": 0.4658648052134776, "params": {"C": 498.44166187923065, "epsilon": 0.9379558878852026, "gamma": 0.014337745599935, "lamda": 0.5696132209093201}, "datetime": {"datetime": "2021-09-23 21:37:22", "elapsed": 15.425722, "delta": 0.398655}}
{"target": 0.46796833860339515, "params": {"C": 533.698550322635, "epsilon": 0.7933134393305638, "gamma": 0.011772606697489963, "lamda": 0.5666321000337436}, "datetime": {"datetime": "2021-09-23 21:37:22", "elapsed": 15.850462, "delta": 0.42474}}
{"target": 0.4672040524009704, "params": {"C": 543.7552830953398, "epsilon": 0.722851806083514, "gamma": 0.012514309737174701, "lamda": 0.6035646222690285}, "datetime": {"datetime": "2021-09-23 21:37:23", "elapsed": 16.39176, "delta": 0.541298}}
{"target": 0.46862820629761426, "params": {"C": 537.4556624212493, "epsilon": 0.8395168291736965, "gamma": 0.009996712205749207, "lamda": 0.7822516254909764}, "datetime": {"datetime": "2021-09-23 21:37:23", "elapsed": 16.844759, "delta": 0.452999}}
{"target": 0.4673222432380121, "params": {"C": 581.3606764569727, "epsilon": 0.9144549225084622, "gamma": 0.012839163804199949, "lamda": 0.5853070391086792}, "datetime": {"datetime": "2021-09-23 21:37:24", "elapsed": 17.374757, "delta": 0.529998}}
{"target": 0.463616659573457, "params": {"C": 556.8326119394277, "epsilon": 0.782494511413796, "gamma": 0.014973706409016114, "lamda": 0.5045003650165176}, "datetime": {"datetime": "2021-09-23 21:37:24", "elapsed": 18.110565, "delta": 0.735808}}
{"target": 0.4688320005769486, "params": {"C": 503.74234575716224, "epsilon": 0.9861404350100209, "gamma": 0.01068117657670796, "lamda": 0.5340621078878435}, "datetime": {"datetime": "2021-09-23 21:37:25", "elapsed": 18.640481, "delta": 0.529916}}
{"target": 0.46711928987193796, "params": {"C": 500.45410402159854, "epsilon": 0.8901283987909345, "gamma": 0.013196723280104156, "lamda": 0.6671517668328033}, "datetime": {"datetime": "2021-09-23 21:37:25", "elapsed": 19.037469, "delta": 0.396988}}
{"target": 0.4688743249904098, "params": {"C": 571.7344955600156, "epsilon": 0.8354393230325234, "gamma": 0.01058970464121622, "lamda": 0.6458654435846494}, "datetime": {"datetime": "2021-09-23 21:37:26", "elapsed": 19.486469, "delta": 0.449}}
{"target": 0.4692864716656382, "params": {"C": 508.1592846547434, "epsilon": 0.7110257554370056, "gamma": 0.008644255415152879, "lamda": 0.7487288604746656}, "datetime": {"datetime": "2021-09-23 21:37:26", "elapsed": 19.876579, "delta": 0.39011}}
{"target": 0.4686354396508323, "params": {"C": 570.601032156017, "epsilon": 0.8580660312644647, "gamma": 0.007250529454092922, "lamda": 0.6198364695267918}, "datetime": {"datetime": "2021-09-23 21:37:27", "elapsed": 20.30475, "delta": 0.428171}}
{"target": 0.46543506596939377, "params": {"C": 484.943837593644, "epsilon": 0.7976869975060454, "gamma": 0.014008118968686631, "lamda": 0.5400353414501301}, "datetime": {"datetime": "2021-09-23 21:37:27", "elapsed": 20.772467, "delta": 0.467717}}
{"target": 0.46785409547448, "params": {"C": 570.6233815640094, "epsilon": 0.8145128023758191, "gamma": 0.006256575020795786, "lamda": 0.6130271618801798}, "datetime": {"datetime": "2021-09-23 21:37:27", "elapsed": 21.242431, "delta": 0.469964}}
{"target": 0.46909319906843194, "params": {"C": 508.1167424398274, "epsilon": 0.7629077253063739, "gamma": 0.008625384442569549, "lamda": 0.742113319059066}, "datetime": {"datetime": "2021-09-23 21:37:28", "elapsed": 21.686068, "delta": 0.443637}}
{"target": 0.4645616334003244, "params": {"C": 556.8018473483887, "epsilon": 0.7611487060629631, "gamma": 0.014679066981491906, "lamda": 0.5628864962485236}, "datetime": {"datetime": "2021-09-23 21:37:28", "elapsed": 22.161922, "delta": 0.475854}}
{"target": 0.46685952305202627, "params": {"C": 555.2970613432102, "epsilon": 0.9520014200344267, "gamma": 0.013526981854506561, "lamda": 0.6943879980369592}, "datetime": {"datetime": "2021-09-23 21:37:29", "elapsed": 22.627919, "delta": 0.465997}}
{"target": 0.46651640274372685, "params": {"C": 482.3145900846598, "epsilon": 0.9004136294638476, "gamma": 0.006920699823605655, "lamda": 0.7979793222731929}, "datetime": {"datetime": "2021-09-23 21:37:29", "elapsed": 23.142918, "delta": 0.514999}}
{"target": 0.4688977377774014, "params": {"C": 489.1351805463157, "epsilon": 0.8566951620481081, "gamma": 0.010468280031172374, "lamda": 0.6442598928608588}, "datetime": {"datetime": "2021-09-23 21:37:30", "elapsed": 23.558918, "delta": 0.416}}
{"target": 0.4661437722769868, "params": {"C": 523.0788099487896, "epsilon": 0.7017819834045157, "gamma": 0.01358948290260339, "lamda": 0.6365666033630512}, "datetime": {"datetime": "2021-09-23 21:37:30", "elapsed": 24.013023, "delta": 0.454105}}
{"target": 0.46791910624611155, "params": {"C": 507.95026047183393, "epsilon": 0.9195521120003574, "gamma": 0.007586475360225592, "lamda": 0.7055648885011602}, "datetime": {"datetime": "2021-09-23 21:37:31", "elapsed": 24.467025, "delta": 0.454002}}
{"target": 0.4673706198614711, "params": {"C": 570.6336962303442, "epsilon": 0.8178239141003489, "gamma": 0.012670031092126954, "lamda": 0.609359908663633}, "datetime": {"datetime": "2021-09-23 21:37:31", "elapsed": 24.931024, "delta": 0.463999}}
{"target": 0.4671230813454188, "params": {"C": 572.0217197138068, "epsilon": 0.9220674347720759, "gamma": 0.01281193829070423, "lamda": 0.5181101405296871}, "datetime": {"datetime": "2021-09-23 21:37:32", "elapsed": 25.431825, "delta": 0.500801}}
